<?xml version="1.0" encoding="UTF-8"?>
<testsuite xmlns:xsi="http://www.w3.org/2001/XMLSchema-instance" xsi:noNamespaceSchemaLocation="https://maven.apache.org/surefire/maven-surefire-plugin/xsd/surefire-test-report.xsd" name="org.apache.hadoop.ozone.scm.TestSCMInstallSnapshotWithHA" time="156.581" tests="3" errors="0" skipped="0" failures="1">
  <properties>
    <property name="awt.toolkit" value="sun.awt.X11.XToolkit"/>
    <property name="file.encoding.pkg" value="sun.io"/>
    <property name="java.specification.version" value="1.8"/>
    <property name="sun.cpu.isalist" value=""/>
    <property name="sun.jnu.encoding" value="UTF-8"/>
    <property name="java.class.path" value="/home/runner/work/ozone/ozone/mnt/ozone/hadoop-ozone/integration-test/target/test-classes:/home/runner/work/ozone/ozone/mnt/ozone/hadoop-ozone/integration-test/target/classes:/home/runner/.m2/repository/org/apache/ozone/ozone-common/1.2.0-SNAPSHOT/ozone-common-1.2.0-SNAPSHOT.jar:/home/runner/.m2/repository/org/apache/commons/commons-compress/1.20/commons-compress-1.20.jar:/home/runner/.m2/repository/org/apache/ozone/hdds-common/1.2.0-SNAPSHOT/hdds-common-1.2.0-SNAPSHOT.jar:/home/runner/.m2/repository/org/apache/ozone/hdds-client/1.2.0-SNAPSHOT/hdds-client-1.2.0-SNAPSHOT.jar:/home/runner/.m2/repository/org/apache/ozone/ozone-interface-client/1.2.0-SNAPSHOT/ozone-interface-client-1.2.0-SNAPSHOT.jar:/home/runner/.m2/repository/org/apache/ozone/hdds-test-utils/1.2.0-SNAPSHOT/hdds-test-utils-1.2.0-SNAPSHOT.jar:/home/runner/.m2/repository/com/google/guava/guava/30.1.1-jre/guava-30.1.1-jre.jar:/home/runner/.m2/repository/com/google/guava/failureaccess/1.0.1/failureaccess-1.0.1.jar:/home/runner/.m2/repository/com/google/guava/listenablefuture/9999.0-empty-to-avoid-conflict-with-guava/listenablefuture-9999.0-empty-to-avoid-conflict-with-guava.jar:/home/runner/.m2/repository/com/google/code/findbugs/jsr305/3.0.0/jsr305-3.0.0.jar:/home/runner/.m2/repository/org/checkerframework/checker-qual/3.8.0/checker-qual-3.8.0.jar:/home/runner/.m2/repository/com/google/errorprone/error_prone_annotations/2.2.0/error_prone_annotations-2.2.0.jar:/home/runner/.m2/repository/com/google/j2objc/j2objc-annotations/1.3/j2objc-annotations-1.3.jar:/home/runner/.m2/repository/commons-io/commons-io/2.8.0/commons-io-2.8.0.jar:/home/runner/.m2/repository/commons-logging/commons-logging/1.2/commons-logging-1.2.jar:/home/runner/.m2/repository/log4j/log4j/1.2.17/log4j-1.2.17.jar:/home/runner/.m2/repository/org/slf4j/slf4j-api/1.7.30/slf4j-api-1.7.30.jar:/home/runner/.m2/repository/org/apache/ozone/hdds-server-scm/1.2.0-SNAPSHOT/hdds-server-scm-1.2.0-SNAPSHOT.jar:/home/runner/.m2/repository/org/apache/ozone/hdds-container-service/1.2.0-SNAPSHOT/hdds-container-service-1.2.0-SNAPSHOT.jar:/home/runner/.m2/repository/org/apache/ozone/hdds-hadoop-dependency-server/1.2.0-SNAPSHOT/hdds-hadoop-dependency-server-1.2.0-SNAPSHOT.jar:/home/runner/.m2/repository/org/apache/hadoop/hadoop-hdfs/3.2.2/hadoop-hdfs-3.2.2.jar:/home/runner/.m2/repository/org/apache/ozone/hdds-server-framework/1.2.0-SNAPSHOT/hdds-server-framework-1.2.0-SNAPSHOT.jar:/home/runner/.m2/repository/org/apache/ozone/hdds-interface-server/1.2.0-SNAPSHOT/hdds-interface-server-1.2.0-SNAPSHOT.jar:/home/runner/.m2/repository/org/eclipse/jetty/jetty-servlet/9.4.35.v20201120/jetty-servlet-9.4.35.v20201120.jar:/home/runner/.m2/repository/org/eclipse/jetty/jetty-security/9.4.35.v20201120/jetty-security-9.4.35.v20201120.jar:/home/runner/.m2/repository/org/rocksdb/rocksdbjni/6.20.3/rocksdbjni-6.20.3.jar:/home/runner/.m2/repository/io/prometheus/simpleclient_dropwizard/0.7.0/simpleclient_dropwizard-0.7.0.jar:/home/runner/.m2/repository/io/prometheus/simpleclient/0.7.0/simpleclient-0.7.0.jar:/home/runner/.m2/repository/io/prometheus/simpleclient_common/0.7.0/simpleclient_common-0.7.0.jar:/home/runner/.m2/repository/com/fasterxml/jackson/datatype/jackson-datatype-jsr310/2.12.1/jackson-datatype-jsr310-2.12.1.jar:/home/runner/.m2/repository/io/dropwizard/metrics/metrics-core/3.2.4/metrics-core-3.2.4.jar:/home/runner/.m2/repository/org/apache/hadoop/hadoop-hdfs-client/3.2.2/hadoop-hdfs-client-3.2.2.jar:/home/runner/.m2/repository/org/bouncycastle/bcprov-jdk15on/1.67/bcprov-jdk15on-1.67.jar:/home/runner/.m2/repository/com/google/protobuf/protobuf-java/2.5.0/protobuf-java-2.5.0.jar:/home/runner/.m2/repository/org/apache/ozone/ozone-manager/1.2.0-SNAPSHOT/ozone-manager-1.2.0-SNAPSHOT.jar:/home/runner/.m2/repository/org/apache/ozone/hdds-interface-client/1.2.0-SNAPSHOT/hdds-interface-client-1.2.0-SNAPSHOT.jar:/home/runner/.m2/repository/org/apache/ratis/ratis-thirdparty-misc/0.7.0-a398b19-SNAPSHOT/ratis-thirdparty-misc-0.7.0-a398b19-SNAPSHOT.jar:/home/runner/.m2/repository/org/apache/ozone/ozone-interface-storage/1.2.0-SNAPSHOT/ozone-interface-storage-1.2.0-SNAPSHOT.jar:/home/runner/.m2/repository/org/apache/hadoop/hadoop-minikdc/3.2.2/hadoop-minikdc-3.2.2.jar:/home/runner/.m2/repository/org/apache/kerby/kerb-simplekdc/1.0.1/kerb-simplekdc-1.0.1.jar:/home/runner/.m2/repository/org/apache/kerby/kerb-client/1.0.1/kerb-client-1.0.1.jar:/home/runner/.m2/repository/org/apache/kerby/kerby-config/1.0.1/kerby-config-1.0.1.jar:/home/runner/.m2/repository/org/apache/kerby/kerb-core/1.0.1/kerb-core-1.0.1.jar:/home/runner/.m2/repository/org/apache/kerby/kerby-pkix/1.0.1/kerby-pkix-1.0.1.jar:/home/runner/.m2/repository/org/apache/kerby/kerby-asn1/1.0.1/kerby-asn1-1.0.1.jar:/home/runner/.m2/repository/org/apache/kerby/kerby-util/1.0.1/kerby-util-1.0.1.jar:/home/runner/.m2/repository/org/apache/kerby/kerb-common/1.0.1/kerb-common-1.0.1.jar:/home/runner/.m2/repository/org/apache/kerby/kerb-crypto/1.0.1/kerb-crypto-1.0.1.jar:/home/runner/.m2/repository/org/apache/kerby/kerb-util/1.0.1/kerb-util-1.0.1.jar:/home/runner/.m2/repository/org/apache/kerby/token-provider/1.0.1/token-provider-1.0.1.jar:/home/runner/.m2/repository/org/apache/kerby/kerb-admin/1.0.1/kerb-admin-1.0.1.jar:/home/runner/.m2/repository/org/apache/kerby/kerb-server/1.0.1/kerb-server-1.0.1.jar:/home/runner/.m2/repository/org/apache/kerby/kerb-identity/1.0.1/kerb-identity-1.0.1.jar:/home/runner/.m2/repository/org/apache/kerby/kerby-xdr/1.0.1/kerby-xdr-1.0.1.jar:/home/runner/.m2/repository/org/slf4j/slf4j-log4j12/1.7.30/slf4j-log4j12-1.7.30.jar:/home/runner/.m2/repository/org/apache/ozone/ozone-s3gateway/1.2.0-SNAPSHOT/ozone-s3gateway-1.2.0-SNAPSHOT.jar:/home/runner/.m2/repository/org/jboss/weld/servlet/weld-servlet/2.4.7.Final/weld-servlet-2.4.7.Final.jar:/home/runner/.m2/repository/org/glassfish/jersey/containers/jersey-container-servlet-core/2.33/jersey-container-servlet-core-2.33.jar:/home/runner/.m2/repository/org/glassfish/hk2/external/jakarta.inject/2.6.1/jakarta.inject-2.6.1.jar:/home/runner/.m2/repository/org/glassfish/jersey/core/jersey-common/2.33/jersey-common-2.33.jar:/home/runner/.m2/repository/jakarta/ws/rs/jakarta.ws.rs-api/2.1.6/jakarta.ws.rs-api-2.1.6.jar:/home/runner/.m2/repository/org/glassfish/jersey/ext/cdi/jersey-cdi1x/2.33/jersey-cdi1x-2.33.jar:/home/runner/.m2/repository/org/glassfish/jersey/inject/jersey-hk2/2.33/jersey-hk2-2.33.jar:/home/runner/.m2/repository/org/glassfish/hk2/hk2-locator/2.6.1/hk2-locator-2.6.1.jar:/home/runner/.m2/repository/org/javassist/javassist/3.25.0-GA/javassist-3.25.0-GA.jar:/home/runner/.m2/repository/org/glassfish/jersey/media/jersey-media-jaxb/2.33/jersey-media-jaxb-2.33.jar:/home/runner/.m2/repository/org/glassfish/hk2/osgi-resource-locator/1.0.3/osgi-resource-locator-1.0.3.jar:/home/runner/.m2/repository/org/glassfish/hk2/hk2-api/2.5.0/hk2-api-2.5.0.jar:/home/runner/.m2/repository/org/glassfish/hk2/hk2-utils/2.5.0/hk2-utils-2.5.0.jar:/home/runner/.m2/repository/org/glassfish/hk2/external/aopalliance-repackaged/2.5.0/aopalliance-repackaged-2.5.0.jar:/home/runner/.m2/repository/com/fasterxml/jackson/dataformat/jackson-dataformat-xml/2.12.1/jackson-dataformat-xml-2.12.1.jar:/home/runner/.m2/repository/com/fasterxml/jackson/core/jackson-core/2.12.1/jackson-core-2.12.1.jar:/home/runner/.m2/repository/com/fasterxml/jackson/module/jackson-module-jaxb-annotations/2.12.1/jackson-module-jaxb-annotations-2.12.1.jar:/home/runner/.m2/repository/jakarta/xml/bind/jakarta.xml.bind-api/2.3.2/jakarta.xml.bind-api-2.3.2.jar:/home/runner/.m2/repository/jakarta/activation/jakarta.activation-api/1.2.1/jakarta.activation-api-1.2.1.jar:/home/runner/.m2/repository/org/codehaus/woodstox/stax2-api/3.1.4/stax2-api-3.1.4.jar:/home/runner/.m2/repository/com/fasterxml/woodstox/woodstox-core/5.0.3/woodstox-core-5.0.3.jar:/home/runner/.m2/repository/javax/enterprise/cdi-api/1.2/cdi-api-1.2.jar:/home/runner/.m2/repository/javax/el/javax.el-api/3.0.0/javax.el-api-3.0.0.jar:/home/runner/.m2/repository/javax/interceptor/javax.interceptor-api/1.2/javax.interceptor-api-1.2.jar:/home/runner/.m2/repository/javax/inject/javax.inject/1/javax.inject-1.jar:/home/runner/.m2/repository/javax/xml/bind/jaxb-api/2.3.0/jaxb-api-2.3.0.jar:/home/runner/.m2/repository/org/glassfish/jaxb/jaxb-runtime/2.3.0.1/jaxb-runtime-2.3.0.1.jar:/home/runner/.m2/repository/org/glassfish/jaxb/jaxb-core/2.3.0.1/jaxb-core-2.3.0.1.jar:/home/runner/.m2/repository/org/glassfish/jaxb/txw2/2.3.0.1/txw2-2.3.0.1.jar:/home/runner/.m2/repository/com/sun/istack/istack-commons-runtime/3.0.5/istack-commons-runtime-3.0.5.jar:/home/runner/.m2/repository/org/jvnet/staxex/stax-ex/1.7.8/stax-ex-1.7.8.jar:/home/runner/.m2/repository/com/sun/xml/fastinfoset/FastInfoset/1.2.13/FastInfoset-1.2.13.jar:/home/runner/.m2/repository/javax/activation/activation/1.1.1/activation-1.1.1.jar:/home/runner/.m2/repository/org/apache/ozone/ozone-csi/1.2.0-SNAPSHOT/ozone-csi-1.2.0-SNAPSHOT.jar:/home/runner/.m2/repository/com/google/protobuf/protobuf-java-util/3.12.0/protobuf-java-util-3.12.0.jar:/home/runner/.m2/repository/com/google/code/gson/gson/2.2.4/gson-2.2.4.jar:/home/runner/.m2/repository/org/apache/ozone/hdds-config/1.2.0-SNAPSHOT/hdds-config-1.2.0-SNAPSHOT.jar:/home/runner/.m2/repository/io/grpc/grpc-netty/1.33.0/grpc-netty-1.33.0.jar:/home/runner/.m2/repository/io/grpc/grpc-core/1.33.0/grpc-core-1.33.0.jar:/home/runner/.m2/repository/com/google/android/annotations/4.1.1.4/annotations-4.1.1.4.jar:/home/runner/.m2/repository/io/netty/netty-codec-http2/4.1.63.Final/netty-codec-http2-4.1.63.Final.jar:/home/runner/.m2/repository/io/netty/netty-codec-http/4.1.63.Final/netty-codec-http-4.1.63.Final.jar:/home/runner/.m2/repository/io/netty/netty-handler-proxy/4.1.63.Final/netty-handler-proxy-4.1.63.Final.jar:/home/runner/.m2/repository/io/netty/netty-codec-socks/4.1.63.Final/netty-codec-socks-4.1.63.Final.jar:/home/runner/.m2/repository/io/perfmark/perfmark-api/0.19.0/perfmark-api-0.19.0.jar:/home/runner/.m2/repository/org/codehaus/mojo/animal-sniffer-annotations/1.18/animal-sniffer-annotations-1.18.jar:/home/runner/.m2/repository/io/netty/netty-transport-native-epoll/4.1.63.Final/netty-transport-native-epoll-4.1.63.Final.jar:/home/runner/.m2/repository/io/netty/netty-common/4.1.63.Final/netty-common-4.1.63.Final.jar:/home/runner/.m2/repository/io/netty/netty-buffer/4.1.63.Final/netty-buffer-4.1.63.Final.jar:/home/runner/.m2/repository/io/netty/netty-transport-native-unix-common/4.1.63.Final/netty-transport-native-unix-common-4.1.63.Final.jar:/home/runner/.m2/repository/io/grpc/grpc-protobuf/1.33.0/grpc-protobuf-1.33.0.jar:/home/runner/.m2/repository/io/grpc/grpc-api/1.33.0/grpc-api-1.33.0.jar:/home/runner/.m2/repository/io/grpc/grpc-context/1.33.0/grpc-context-1.33.0.jar:/home/runner/.m2/repository/com/google/api/grpc/proto-google-common-protos/1.17.0/proto-google-common-protos-1.17.0.jar:/home/runner/.m2/repository/io/grpc/grpc-protobuf-lite/1.33.0/grpc-protobuf-lite-1.33.0.jar:/home/runner/.m2/repository/io/grpc/grpc-stub/1.33.0/grpc-stub-1.33.0.jar:/home/runner/.m2/repository/org/apache/ozone/ozone-recon/1.2.0-SNAPSHOT/ozone-recon-1.2.0-SNAPSHOT.jar:/home/runner/.m2/repository/org/apache/ozone/ozone-reconcodegen/1.2.0-SNAPSHOT/ozone-reconcodegen-1.2.0-SNAPSHOT.jar:/home/runner/.m2/repository/com/google/inject/extensions/guice-multibindings/4.0/guice-multibindings-4.0.jar:/home/runner/.m2/repository/com/google/inject/guice/4.0/guice-4.0.jar:/home/runner/.m2/repository/aopalliance/aopalliance/1.0/aopalliance-1.0.jar:/home/runner/.m2/repository/com/google/inject/extensions/guice-assistedinject/4.0/guice-assistedinject-4.0.jar:/home/runner/.m2/repository/com/google/inject/extensions/guice-servlet/4.0/guice-servlet-4.0.jar:/home/runner/.m2/repository/org/glassfish/jersey/containers/jersey-container-servlet/2.33/jersey-container-servlet-2.33.jar:/home/runner/.m2/repository/org/glassfish/hk2/guice-bridge/2.5.0/guice-bridge-2.5.0.jar:/home/runner/.m2/repository/org/glassfish/jersey/core/jersey-server/2.33/jersey-server-2.33.jar:/home/runner/.m2/repository/org/glassfish/jersey/core/jersey-client/2.33/jersey-client-2.33.jar:/home/runner/.m2/repository/jakarta/annotation/jakarta.annotation-api/1.3.5/jakarta.annotation-api-1.3.5.jar:/home/runner/.m2/repository/jakarta/validation/jakarta.validation-api/2.0.2/jakarta.validation-api-2.0.2.jar:/home/runner/.m2/repository/org/glassfish/jersey/media/jersey-media-json-jackson/2.33/jersey-media-json-jackson-2.33.jar:/home/runner/.m2/repository/org/glassfish/jersey/ext/jersey-entity-filtering/2.33/jersey-entity-filtering-2.33.jar:/home/runner/.m2/repository/org/jooq/jooq/3.11.10/jooq-3.11.10.jar:/home/runner/.m2/repository/org/jooq/jooq-meta/3.11.10/jooq-meta-3.11.10.jar:/home/runner/.m2/repository/org/jooq/jooq-codegen/3.11.10/jooq-codegen-3.11.10.jar:/home/runner/.m2/repository/com/jolbox/bonecp/0.8.0.RELEASE/bonecp-0.8.0.RELEASE.jar:/home/runner/.m2/repository/org/apache/derby/derby/10.14.2.0/derby-10.14.2.0.jar:/home/runner/.m2/repository/org/xerial/sqlite-jdbc/3.25.2/sqlite-jdbc-3.25.2.jar:/home/runner/.m2/repository/org/springframework/spring-jdbc/5.2.11.RELEASE/spring-jdbc-5.2.11.RELEASE.jar:/home/runner/.m2/repository/org/springframework/spring-beans/5.2.11.RELEASE/spring-beans-5.2.11.RELEASE.jar:/home/runner/.m2/repository/org/springframework/spring-core/5.2.11.RELEASE/spring-core-5.2.11.RELEASE.jar:/home/runner/.m2/repository/org/springframework/spring-jcl/5.2.11.RELEASE/spring-jcl-5.2.11.RELEASE.jar:/home/runner/.m2/repository/org/springframework/spring-tx/5.2.11.RELEASE/spring-tx-5.2.11.RELEASE.jar:/home/runner/.m2/repository/org/apache/ozone/ozone-client/1.2.0-SNAPSHOT/ozone-client-1.2.0-SNAPSHOT.jar:/home/runner/.m2/repository/org/apache/ozone/ozone-filesystem/1.2.0-SNAPSHOT/ozone-filesystem-1.2.0-SNAPSHOT.jar:/home/runner/.m2/repository/org/apache/ozone/ozone-filesystem-common/1.2.0-SNAPSHOT/ozone-filesystem-common-1.2.0-SNAPSHOT.jar:/home/runner/.m2/repository/org/apache/ozone/ozone-tools/1.2.0-SNAPSHOT/ozone-tools-1.2.0-SNAPSHOT.jar:/home/runner/.m2/repository/org/apache/ratis/ratis-tools/2.1.0-ff8aa66-SNAPSHOT/ratis-tools-2.1.0-ff8aa66-SNAPSHOT.jar:/home/runner/.m2/repository/org/apache/ratis/ratis-proto/2.1.0-ff8aa66-SNAPSHOT/ratis-proto-2.1.0-ff8aa66-SNAPSHOT.jar:/home/runner/.m2/repository/org/apache/ratis/ratis-common/2.1.0-ff8aa66-SNAPSHOT/ratis-common-2.1.0-ff8aa66-SNAPSHOT.jar:/home/runner/.m2/repository/com/amazonaws/aws-java-sdk-core/1.11.901/aws-java-sdk-core-1.11.901.jar:/home/runner/.m2/repository/org/apache/httpcomponents/httpclient/4.5.13/httpclient-4.5.13.jar:/home/runner/.m2/repository/org/apache/httpcomponents/httpcore/4.4.13/httpcore-4.4.13.jar:/home/runner/.m2/repository/software/amazon/ion/ion-java/1.0.2/ion-java-1.0.2.jar:/home/runner/.m2/repository/com/fasterxml/jackson/dataformat/jackson-dataformat-cbor/2.12.1/jackson-dataformat-cbor-2.12.1.jar:/home/runner/.m2/repository/joda-time/joda-time/2.8.1/joda-time-2.8.1.jar:/home/runner/.m2/repository/com/amazonaws/aws-java-sdk-s3/1.11.901/aws-java-sdk-s3-1.11.901.jar:/home/runner/.m2/repository/com/amazonaws/aws-java-sdk-kms/1.11.901/aws-java-sdk-kms-1.11.901.jar:/home/runner/.m2/repository/com/amazonaws/jmespath-java/1.11.901/jmespath-java-1.11.901.jar:/home/runner/.m2/repository/org/kohsuke/metainf-services/metainf-services/1.8/metainf-services-1.8.jar:/home/runner/.m2/repository/org/apache/ozone/hdds-tools/1.2.0-SNAPSHOT/hdds-tools-1.2.0-SNAPSHOT.jar:/home/runner/.m2/repository/commons-cli/commons-cli/1.2/commons-cli-1.2.jar:/home/runner/.m2/repository/org/apache/commons/commons-lang3/3.7/commons-lang3-3.7.jar:/home/runner/.m2/repository/org/apache/ozone/ozone-manager/1.2.0-SNAPSHOT/ozone-manager-1.2.0-SNAPSHOT-tests.jar:/home/runner/.m2/repository/org/apache/ozone/hdds-common/1.2.0-SNAPSHOT/hdds-common-1.2.0-SNAPSHOT-tests.jar:/home/runner/.m2/repository/org/apache/ozone/hdds-hadoop-dependency-client/1.2.0-SNAPSHOT/hdds-hadoop-dependency-client-1.2.0-SNAPSHOT.jar:/home/runner/.m2/repository/info/picocli/picocli/4.4.0/picocli-4.4.0.jar:/home/runner/.m2/repository/com/fasterxml/jackson/core/jackson-annotations/2.12.1/jackson-annotations-2.12.1.jar:/home/runner/.m2/repository/javax/annotation/javax.annotation-api/1.2/javax.annotation-api-1.2.jar:/home/runner/.m2/repository/org/apache/ratis/ratis-server/2.1.0-ff8aa66-SNAPSHOT/ratis-server-2.1.0-ff8aa66-SNAPSHOT.jar:/home/runner/.m2/repository/org/apache/ratis/ratis-client/2.1.0-ff8aa66-SNAPSHOT/ratis-client-2.1.0-ff8aa66-SNAPSHOT.jar:/home/runner/.m2/repository/org/apache/ratis/ratis-server-api/2.1.0-ff8aa66-SNAPSHOT/ratis-server-api-2.1.0-ff8aa66-SNAPSHOT.jar:/home/runner/.m2/repository/org/apache/ratis/ratis-metrics/2.1.0-ff8aa66-SNAPSHOT/ratis-metrics-2.1.0-ff8aa66-SNAPSHOT.jar:/home/runner/.m2/repository/org/apache/ratis/ratis-netty/2.1.0-ff8aa66-SNAPSHOT/ratis-netty-2.1.0-ff8aa66-SNAPSHOT.jar:/home/runner/.m2/repository/org/apache/ratis/ratis-grpc/2.1.0-ff8aa66-SNAPSHOT/ratis-grpc-2.1.0-ff8aa66-SNAPSHOT.jar:/home/runner/.m2/repository/org/apache/logging/log4j/log4j-api/2.13.3/log4j-api-2.13.3.jar:/home/runner/.m2/repository/org/apache/logging/log4j/log4j-core/2.13.3/log4j-core-2.13.3.jar:/home/runner/.m2/repository/com/lmax/disruptor/3.4.2/disruptor-3.4.2.jar:/home/runner/.m2/repository/org/apache/commons/commons-pool2/2.6.0/commons-pool2-2.6.0.jar:/home/runner/.m2/repository/org/bouncycastle/bcpkix-jdk15on/1.67/bcpkix-jdk15on-1.67.jar:/home/runner/.m2/repository/commons-validator/commons-validator/1.6/commons-validator-1.6.jar:/home/runner/.m2/repository/commons-beanutils/commons-beanutils/1.9.4/commons-beanutils-1.9.4.jar:/home/runner/.m2/repository/commons-digester/commons-digester/1.8.1/commons-digester-1.8.1.jar:/home/runner/.m2/repository/commons-collections/commons-collections/3.2.2/commons-collections-3.2.2.jar:/home/runner/.m2/repository/io/jaegertracing/jaeger-client/1.6.0/jaeger-client-1.6.0.jar:/home/runner/.m2/repository/io/jaegertracing/jaeger-thrift/1.6.0/jaeger-thrift-1.6.0.jar:/home/runner/.m2/repository/org/apache/thrift/libthrift/0.14.1/libthrift-0.14.1.jar:/home/runner/.m2/repository/com/squareup/okhttp3/okhttp/4.9.0/okhttp-4.9.0.jar:/home/runner/.m2/repository/com/squareup/okio/okio/2.8.0/okio-2.8.0.jar:/home/runner/.m2/repository/io/jaegertracing/jaeger-core/1.6.0/jaeger-core-1.6.0.jar:/home/runner/.m2/repository/io/jaegertracing/jaeger-tracerresolver/1.6.0/jaeger-tracerresolver-1.6.0.jar:/home/runner/.m2/repository/io/opentracing/contrib/opentracing-tracerresolver/0.1.8/opentracing-tracerresolver-0.1.8.jar:/home/runner/.m2/repository/org/jetbrains/kotlin/kotlin-stdlib/1.4.31/kotlin-stdlib-1.4.31.jar:/home/runner/.m2/repository/org/jetbrains/kotlin/kotlin-stdlib-common/1.4.31/kotlin-stdlib-common-1.4.31.jar:/home/runner/.m2/repository/org/jetbrains/annotations/13.0/annotations-13.0.jar:/home/runner/.m2/repository/io/opentracing/opentracing-util/0.33.0/opentracing-util-0.33.0.jar:/home/runner/.m2/repository/io/opentracing/opentracing-api/0.33.0/opentracing-api-0.33.0.jar:/home/runner/.m2/repository/io/opentracing/opentracing-noop/0.33.0/opentracing-noop-0.33.0.jar:/home/runner/.m2/repository/org/yaml/snakeyaml/1.26/snakeyaml-1.26.jar:/home/runner/.m2/repository/org/apache/ozone/hdds-interface-admin/1.2.0-SNAPSHOT/hdds-interface-admin-1.2.0-SNAPSHOT.jar:/home/runner/.m2/repository/junit/junit/4.13.1/junit-4.13.1.jar:/home/runner/.m2/repository/org/hamcrest/hamcrest-core/1.3/hamcrest-core-1.3.jar:/home/runner/.m2/repository/org/junit/jupiter/junit-jupiter-api/5.7.0/junit-jupiter-api-5.7.0.jar:/home/runner/.m2/repository/org/apiguardian/apiguardian-api/1.1.0/apiguardian-api-1.1.0.jar:/home/runner/.m2/repository/org/opentest4j/opentest4j/1.2.0/opentest4j-1.2.0.jar:/home/runner/.m2/repository/org/junit/platform/junit-platform-commons/1.7.0/junit-platform-commons-1.7.0.jar:/home/runner/.m2/repository/org/junit/jupiter/junit-jupiter-engine/5.7.0/junit-jupiter-engine-5.7.0.jar:/home/runner/.m2/repository/org/junit/platform/junit-platform-engine/1.7.0/junit-platform-engine-1.7.0.jar:/home/runner/.m2/repository/org/junit/vintage/junit-vintage-engine/5.7.0/junit-vintage-engine-5.7.0.jar:/home/runner/.m2/repository/org/junit/platform/junit-platform-launcher/1.7.0/junit-platform-launcher-1.7.0.jar:/home/runner/.m2/repository/org/openjdk/jmh/jmh-core/1.19/jmh-core-1.19.jar:/home/runner/.m2/repository/net/sf/jopt-simple/jopt-simple/4.6/jopt-simple-4.6.jar:/home/runner/.m2/repository/org/apache/commons/commons-math3/3.1.1/commons-math3-3.1.1.jar:/home/runner/.m2/repository/org/openjdk/jmh/jmh-generator-annprocess/1.19/jmh-generator-annprocess-1.19.jar:/home/runner/.m2/repository/org/mockito/mockito-all/1.8.5/mockito-all-1.8.5.jar:/home/runner/.m2/repository/org/apache/hadoop/hadoop-kms/3.2.2/hadoop-kms-3.2.2.jar:/home/runner/.m2/repository/org/apache/hadoop/hadoop-auth/3.2.2/hadoop-auth-3.2.2.jar:/home/runner/.m2/repository/com/nimbusds/nimbus-jose-jwt/7.9/nimbus-jose-jwt-7.9.jar:/home/runner/.m2/repository/com/github/stephenc/jcip/jcip-annotations/1.0-1/jcip-annotations-1.0-1.jar:/home/runner/.m2/repository/net/minidev/json-smart/2.3/json-smart-2.3.jar:/home/runner/.m2/repository/net/minidev/accessors-smart/1.2/accessors-smart-1.2.jar:/home/runner/.m2/repository/org/ow2/asm/asm/5.0.4/asm-5.0.4.jar:/home/runner/.m2/repository/org/apache/zookeeper/zookeeper/3.4.13/zookeeper-3.4.13.jar:/home/runner/.m2/repository/org/apache/yetus/audience-annotations/0.5.0/audience-annotations-0.5.0.jar:/home/runner/.m2/repository/org/apache/curator/curator-framework/2.13.0/curator-framework-2.13.0.jar:/home/runner/.m2/repository/com/sun/jersey/jersey-core/1.19/jersey-core-1.19.jar:/home/runner/.m2/repository/javax/ws/rs/jsr311-api/1.1.1/jsr311-api-1.1.1.jar:/home/runner/.m2/repository/com/sun/jersey/jersey-server/1.19/jersey-server-1.19.jar:/home/runner/.m2/repository/javax/servlet/javax.servlet-api/3.1.0/javax.servlet-api-3.1.0.jar:/home/runner/.m2/repository/org/eclipse/jetty/jetty-server/9.4.35.v20201120/jetty-server-9.4.35.v20201120.jar:/home/runner/.m2/repository/org/eclipse/jetty/jetty-http/9.4.35.v20201120/jetty-http-9.4.35.v20201120.jar:/home/runner/.m2/repository/org/eclipse/jetty/jetty-io/9.4.35.v20201120/jetty-io-9.4.35.v20201120.jar:/home/runner/.m2/repository/org/eclipse/jetty/jetty-webapp/9.4.35.v20201120/jetty-webapp-9.4.35.v20201120.jar:/home/runner/.m2/repository/org/eclipse/jetty/jetty-xml/9.4.35.v20201120/jetty-xml-9.4.35.v20201120.jar:/home/runner/.m2/repository/org/apache/hadoop/hadoop-common/3.2.2/hadoop-common-3.2.2.jar:/home/runner/.m2/repository/commons-net/commons-net/3.6/commons-net-3.6.jar:/home/runner/.m2/repository/javax/activation/javax.activation-api/1.2.0/javax.activation-api-1.2.0.jar:/home/runner/.m2/repository/com/sun/jersey/jersey-servlet/1.19/jersey-servlet-1.19.jar:/home/runner/.m2/repository/com/sun/jersey/jersey-json/1.19/jersey-json-1.19.jar:/home/runner/.m2/repository/org/codehaus/jettison/jettison/1.1/jettison-1.1.jar:/home/runner/.m2/repository/com/sun/xml/bind/jaxb-impl/2.2.3-1/jaxb-impl-2.2.3-1.jar:/home/runner/.m2/repository/org/codehaus/jackson/jackson-jaxrs/1.9.2/jackson-jaxrs-1.9.2.jar:/home/runner/.m2/repository/org/codehaus/jackson/jackson-xc/1.9.2/jackson-xc-1.9.2.jar:/home/runner/.m2/repository/org/apache/commons/commons-configuration2/2.1.1/commons-configuration2-2.1.1.jar:/home/runner/.m2/repository/org/apache/commons/commons-text/1.4/commons-text-1.4.jar:/home/runner/.m2/repository/com/google/re2j/re2j/1.1/re2j-1.1.jar:/home/runner/.m2/repository/com/jcraft/jsch/0.1.54/jsch-0.1.54.jar:/home/runner/.m2/repository/org/apache/curator/curator-client/2.13.0/curator-client-2.13.0.jar:/home/runner/.m2/repository/org/apache/curator/curator-recipes/2.13.0/curator-recipes-2.13.0.jar:/home/runner/.m2/repository/dnsjava/dnsjava/2.1.7/dnsjava-2.1.7.jar:/home/runner/.m2/repository/org/slf4j/jul-to-slf4j/1.7.30/jul-to-slf4j-1.7.30.jar:/home/runner/.m2/repository/org/eclipse/jetty/jetty-util/9.4.35.v20201120/jetty-util-9.4.35.v20201120.jar:/home/runner/.m2/repository/com/fasterxml/jackson/core/jackson-databind/2.12.1/jackson-databind-2.12.1.jar:/home/runner/.m2/repository/org/apache/hadoop/hadoop-kms/3.2.2/hadoop-kms-3.2.2-tests.jar:/home/runner/.m2/repository/org/apache/ozone/hdds-server-scm/1.2.0-SNAPSHOT/hdds-server-scm-1.2.0-SNAPSHOT-tests.jar:/home/runner/.m2/repository/org/apache/ozone/hdds-container-service/1.2.0-SNAPSHOT/hdds-container-service-1.2.0-SNAPSHOT-tests.jar:/home/runner/.m2/repository/commons-codec/commons-codec/1.11/commons-codec-1.11.jar:/home/runner/.m2/repository/io/netty/netty-transport/4.1.63.Final/netty-transport-4.1.63.Final.jar:/home/runner/.m2/repository/io/netty/netty-resolver/4.1.63.Final/netty-resolver-4.1.63.Final.jar:/home/runner/.m2/repository/io/netty/netty-codec/4.1.63.Final/netty-codec-4.1.63.Final.jar:/home/runner/.m2/repository/io/netty/netty-handler/4.1.63.Final/netty-handler-4.1.63.Final.jar:/home/runner/.m2/repository/org/apache/ozone/hdds-hadoop-dependency-test/1.2.0-SNAPSHOT/hdds-hadoop-dependency-test-1.2.0-SNAPSHOT.jar:/home/runner/.m2/repository/org/apache/hadoop/hadoop-common/3.2.2/hadoop-common-3.2.2-tests.jar:/home/runner/.m2/repository/org/apache/hadoop/hadoop-hdfs/3.2.2/hadoop-hdfs-3.2.2-tests.jar:/home/runner/.m2/repository/org/eclipse/jetty/jetty-util-ajax/9.4.35.v20201120/jetty-util-ajax-9.4.35.v20201120.jar:/home/runner/.m2/repository/commons-daemon/commons-daemon/1.0.13/commons-daemon-1.0.13.jar:/home/runner/.m2/repository/io/netty/netty/3.10.6.Final/netty-3.10.6.Final.jar:/home/runner/.m2/repository/io/netty/netty-all/4.1.63.Final/netty-all-4.1.63.Final.jar:/home/runner/.m2/repository/org/apache/htrace/htrace-core4/4.1.0-incubating/htrace-core4-4.1.0-incubating.jar:/home/runner/.m2/repository/org/fusesource/leveldbjni/leveldbjni-all/1.8/leveldbjni-all-1.8.jar:/home/runner/.m2/repository/org/apache/hadoop/hadoop-distcp/3.2.2/hadoop-distcp-3.2.2.jar:/home/runner/.m2/repository/org/apache/hadoop/hadoop-mapreduce-client-jobclient/3.2.2/hadoop-mapreduce-client-jobclient-3.2.2.jar:/home/runner/.m2/repository/org/apache/hadoop/hadoop-mapreduce-client-common/3.2.2/hadoop-mapreduce-client-common-3.2.2.jar:/home/runner/.m2/repository/org/apache/hadoop/hadoop-yarn-common/3.2.2/hadoop-yarn-common-3.2.2.jar:/home/runner/.m2/repository/org/apache/hadoop/hadoop-yarn-api/3.2.2/hadoop-yarn-api-3.2.2.jar:/home/runner/.m2/repository/com/sun/jersey/jersey-client/1.19/jersey-client-1.19.jar:/home/runner/.m2/repository/com/sun/jersey/contribs/jersey-guice/1.19/jersey-guice-1.19.jar:/home/runner/.m2/repository/com/fasterxml/jackson/jaxrs/jackson-jaxrs-json-provider/2.12.1/jackson-jaxrs-json-provider-2.12.1.jar:/home/runner/.m2/repository/com/fasterxml/jackson/jaxrs/jackson-jaxrs-base/2.12.1/jackson-jaxrs-base-2.12.1.jar:/home/runner/.m2/repository/org/apache/hadoop/hadoop-yarn-client/3.2.2/hadoop-yarn-client-3.2.2.jar:/home/runner/.m2/repository/org/apache/hadoop/hadoop-mapreduce-client-core/3.2.2/hadoop-mapreduce-client-core-3.2.2.jar:/home/runner/.m2/repository/org/apache/avro/avro/1.7.7/avro-1.7.7.jar:/home/runner/.m2/repository/org/codehaus/jackson/jackson-core-asl/1.9.13/jackson-core-asl-1.9.13.jar:/home/runner/.m2/repository/org/codehaus/jackson/jackson-mapper-asl/1.9.13/jackson-mapper-asl-1.9.13.jar:/home/runner/.m2/repository/com/thoughtworks/paranamer/paranamer/2.3/paranamer-2.3.jar:/home/runner/.m2/repository/org/xerial/snappy/snappy-java/1.0.5/snappy-java-1.0.5.jar:/home/runner/.m2/repository/org/apache/hadoop/hadoop-annotations/3.2.2/hadoop-annotations-3.2.2.jar:/usr/lib/jvm/adoptopenjdk-8-hotspot-amd64/jre/../lib/tools.jar:/home/runner/.m2/repository/org/apache/hadoop/hadoop-distcp/3.2.2/hadoop-distcp-3.2.2-tests.jar:"/>
    <property name="java.vm.vendor" value="AdoptOpenJDK"/>
    <property name="sun.arch.data.model" value="64"/>
    <property name="test.build.dir" value="/home/runner/work/ozone/ozone/mnt/ozone/hadoop-ozone/integration-test/target/test-dir"/>
    <property name="test.cache.data" value=""/>
    <property name="java.vendor.url" value="https://adoptopenjdk.net/"/>
    <property name="user.timezone" value=""/>
    <property name="java.vm.specification.version" value="1.8"/>
    <property name="os.name" value="Linux"/>
    <property name="test.build.data" value="/home/runner/work/ozone/ozone/mnt/ozone/hadoop-ozone/integration-test/target/test-dir"/>
    <property name="sun.java.launcher" value="SUN_STANDARD"/>
    <property name="sun.boot.library.path" value="/usr/lib/jvm/adoptopenjdk-8-hotspot-amd64/jre/lib/amd64"/>
    <property name="sun.java.command" value="/home/runner/work/ozone/ozone/mnt/ozone/hadoop-ozone/integration-test/target/surefire/surefirebooter6412152701868889447.jar /home/runner/work/ozone/ozone/mnt/ozone/hadoop-ozone/integration-test/target/surefire 2021-07-03T00-53-19_653-jvmRun1 surefire2022869735790747027tmp surefire_544854718017704348604tmp"/>
    <property name="surefire.test.class.path" value="/home/runner/work/ozone/ozone/mnt/ozone/hadoop-ozone/integration-test/target/test-classes:/home/runner/work/ozone/ozone/mnt/ozone/hadoop-ozone/integration-test/target/classes:/home/runner/.m2/repository/org/apache/ozone/ozone-common/1.2.0-SNAPSHOT/ozone-common-1.2.0-SNAPSHOT.jar:/home/runner/.m2/repository/org/apache/commons/commons-compress/1.20/commons-compress-1.20.jar:/home/runner/.m2/repository/org/apache/ozone/hdds-common/1.2.0-SNAPSHOT/hdds-common-1.2.0-SNAPSHOT.jar:/home/runner/.m2/repository/org/apache/ozone/hdds-client/1.2.0-SNAPSHOT/hdds-client-1.2.0-SNAPSHOT.jar:/home/runner/.m2/repository/org/apache/ozone/ozone-interface-client/1.2.0-SNAPSHOT/ozone-interface-client-1.2.0-SNAPSHOT.jar:/home/runner/.m2/repository/org/apache/ozone/hdds-test-utils/1.2.0-SNAPSHOT/hdds-test-utils-1.2.0-SNAPSHOT.jar:/home/runner/.m2/repository/com/google/guava/guava/30.1.1-jre/guava-30.1.1-jre.jar:/home/runner/.m2/repository/com/google/guava/failureaccess/1.0.1/failureaccess-1.0.1.jar:/home/runner/.m2/repository/com/google/guava/listenablefuture/9999.0-empty-to-avoid-conflict-with-guava/listenablefuture-9999.0-empty-to-avoid-conflict-with-guava.jar:/home/runner/.m2/repository/com/google/code/findbugs/jsr305/3.0.0/jsr305-3.0.0.jar:/home/runner/.m2/repository/org/checkerframework/checker-qual/3.8.0/checker-qual-3.8.0.jar:/home/runner/.m2/repository/com/google/errorprone/error_prone_annotations/2.2.0/error_prone_annotations-2.2.0.jar:/home/runner/.m2/repository/com/google/j2objc/j2objc-annotations/1.3/j2objc-annotations-1.3.jar:/home/runner/.m2/repository/commons-io/commons-io/2.8.0/commons-io-2.8.0.jar:/home/runner/.m2/repository/commons-logging/commons-logging/1.2/commons-logging-1.2.jar:/home/runner/.m2/repository/log4j/log4j/1.2.17/log4j-1.2.17.jar:/home/runner/.m2/repository/org/slf4j/slf4j-api/1.7.30/slf4j-api-1.7.30.jar:/home/runner/.m2/repository/org/apache/ozone/hdds-server-scm/1.2.0-SNAPSHOT/hdds-server-scm-1.2.0-SNAPSHOT.jar:/home/runner/.m2/repository/org/apache/ozone/hdds-container-service/1.2.0-SNAPSHOT/hdds-container-service-1.2.0-SNAPSHOT.jar:/home/runner/.m2/repository/org/apache/ozone/hdds-hadoop-dependency-server/1.2.0-SNAPSHOT/hdds-hadoop-dependency-server-1.2.0-SNAPSHOT.jar:/home/runner/.m2/repository/org/apache/hadoop/hadoop-hdfs/3.2.2/hadoop-hdfs-3.2.2.jar:/home/runner/.m2/repository/org/apache/ozone/hdds-server-framework/1.2.0-SNAPSHOT/hdds-server-framework-1.2.0-SNAPSHOT.jar:/home/runner/.m2/repository/org/apache/ozone/hdds-interface-server/1.2.0-SNAPSHOT/hdds-interface-server-1.2.0-SNAPSHOT.jar:/home/runner/.m2/repository/org/eclipse/jetty/jetty-servlet/9.4.35.v20201120/jetty-servlet-9.4.35.v20201120.jar:/home/runner/.m2/repository/org/eclipse/jetty/jetty-security/9.4.35.v20201120/jetty-security-9.4.35.v20201120.jar:/home/runner/.m2/repository/org/rocksdb/rocksdbjni/6.20.3/rocksdbjni-6.20.3.jar:/home/runner/.m2/repository/io/prometheus/simpleclient_dropwizard/0.7.0/simpleclient_dropwizard-0.7.0.jar:/home/runner/.m2/repository/io/prometheus/simpleclient/0.7.0/simpleclient-0.7.0.jar:/home/runner/.m2/repository/io/prometheus/simpleclient_common/0.7.0/simpleclient_common-0.7.0.jar:/home/runner/.m2/repository/com/fasterxml/jackson/datatype/jackson-datatype-jsr310/2.12.1/jackson-datatype-jsr310-2.12.1.jar:/home/runner/.m2/repository/io/dropwizard/metrics/metrics-core/3.2.4/metrics-core-3.2.4.jar:/home/runner/.m2/repository/org/apache/hadoop/hadoop-hdfs-client/3.2.2/hadoop-hdfs-client-3.2.2.jar:/home/runner/.m2/repository/org/bouncycastle/bcprov-jdk15on/1.67/bcprov-jdk15on-1.67.jar:/home/runner/.m2/repository/com/google/protobuf/protobuf-java/2.5.0/protobuf-java-2.5.0.jar:/home/runner/.m2/repository/org/apache/ozone/ozone-manager/1.2.0-SNAPSHOT/ozone-manager-1.2.0-SNAPSHOT.jar:/home/runner/.m2/repository/org/apache/ozone/hdds-interface-client/1.2.0-SNAPSHOT/hdds-interface-client-1.2.0-SNAPSHOT.jar:/home/runner/.m2/repository/org/apache/ratis/ratis-thirdparty-misc/0.7.0-a398b19-SNAPSHOT/ratis-thirdparty-misc-0.7.0-a398b19-SNAPSHOT.jar:/home/runner/.m2/repository/org/apache/ozone/ozone-interface-storage/1.2.0-SNAPSHOT/ozone-interface-storage-1.2.0-SNAPSHOT.jar:/home/runner/.m2/repository/org/apache/hadoop/hadoop-minikdc/3.2.2/hadoop-minikdc-3.2.2.jar:/home/runner/.m2/repository/org/apache/kerby/kerb-simplekdc/1.0.1/kerb-simplekdc-1.0.1.jar:/home/runner/.m2/repository/org/apache/kerby/kerb-client/1.0.1/kerb-client-1.0.1.jar:/home/runner/.m2/repository/org/apache/kerby/kerby-config/1.0.1/kerby-config-1.0.1.jar:/home/runner/.m2/repository/org/apache/kerby/kerb-core/1.0.1/kerb-core-1.0.1.jar:/home/runner/.m2/repository/org/apache/kerby/kerby-pkix/1.0.1/kerby-pkix-1.0.1.jar:/home/runner/.m2/repository/org/apache/kerby/kerby-asn1/1.0.1/kerby-asn1-1.0.1.jar:/home/runner/.m2/repository/org/apache/kerby/kerby-util/1.0.1/kerby-util-1.0.1.jar:/home/runner/.m2/repository/org/apache/kerby/kerb-common/1.0.1/kerb-common-1.0.1.jar:/home/runner/.m2/repository/org/apache/kerby/kerb-crypto/1.0.1/kerb-crypto-1.0.1.jar:/home/runner/.m2/repository/org/apache/kerby/kerb-util/1.0.1/kerb-util-1.0.1.jar:/home/runner/.m2/repository/org/apache/kerby/token-provider/1.0.1/token-provider-1.0.1.jar:/home/runner/.m2/repository/org/apache/kerby/kerb-admin/1.0.1/kerb-admin-1.0.1.jar:/home/runner/.m2/repository/org/apache/kerby/kerb-server/1.0.1/kerb-server-1.0.1.jar:/home/runner/.m2/repository/org/apache/kerby/kerb-identity/1.0.1/kerb-identity-1.0.1.jar:/home/runner/.m2/repository/org/apache/kerby/kerby-xdr/1.0.1/kerby-xdr-1.0.1.jar:/home/runner/.m2/repository/org/slf4j/slf4j-log4j12/1.7.30/slf4j-log4j12-1.7.30.jar:/home/runner/.m2/repository/org/apache/ozone/ozone-s3gateway/1.2.0-SNAPSHOT/ozone-s3gateway-1.2.0-SNAPSHOT.jar:/home/runner/.m2/repository/org/jboss/weld/servlet/weld-servlet/2.4.7.Final/weld-servlet-2.4.7.Final.jar:/home/runner/.m2/repository/org/glassfish/jersey/containers/jersey-container-servlet-core/2.33/jersey-container-servlet-core-2.33.jar:/home/runner/.m2/repository/org/glassfish/hk2/external/jakarta.inject/2.6.1/jakarta.inject-2.6.1.jar:/home/runner/.m2/repository/org/glassfish/jersey/core/jersey-common/2.33/jersey-common-2.33.jar:/home/runner/.m2/repository/jakarta/ws/rs/jakarta.ws.rs-api/2.1.6/jakarta.ws.rs-api-2.1.6.jar:/home/runner/.m2/repository/org/glassfish/jersey/ext/cdi/jersey-cdi1x/2.33/jersey-cdi1x-2.33.jar:/home/runner/.m2/repository/org/glassfish/jersey/inject/jersey-hk2/2.33/jersey-hk2-2.33.jar:/home/runner/.m2/repository/org/glassfish/hk2/hk2-locator/2.6.1/hk2-locator-2.6.1.jar:/home/runner/.m2/repository/org/javassist/javassist/3.25.0-GA/javassist-3.25.0-GA.jar:/home/runner/.m2/repository/org/glassfish/jersey/media/jersey-media-jaxb/2.33/jersey-media-jaxb-2.33.jar:/home/runner/.m2/repository/org/glassfish/hk2/osgi-resource-locator/1.0.3/osgi-resource-locator-1.0.3.jar:/home/runner/.m2/repository/org/glassfish/hk2/hk2-api/2.5.0/hk2-api-2.5.0.jar:/home/runner/.m2/repository/org/glassfish/hk2/hk2-utils/2.5.0/hk2-utils-2.5.0.jar:/home/runner/.m2/repository/org/glassfish/hk2/external/aopalliance-repackaged/2.5.0/aopalliance-repackaged-2.5.0.jar:/home/runner/.m2/repository/com/fasterxml/jackson/dataformat/jackson-dataformat-xml/2.12.1/jackson-dataformat-xml-2.12.1.jar:/home/runner/.m2/repository/com/fasterxml/jackson/core/jackson-core/2.12.1/jackson-core-2.12.1.jar:/home/runner/.m2/repository/com/fasterxml/jackson/module/jackson-module-jaxb-annotations/2.12.1/jackson-module-jaxb-annotations-2.12.1.jar:/home/runner/.m2/repository/jakarta/xml/bind/jakarta.xml.bind-api/2.3.2/jakarta.xml.bind-api-2.3.2.jar:/home/runner/.m2/repository/jakarta/activation/jakarta.activation-api/1.2.1/jakarta.activation-api-1.2.1.jar:/home/runner/.m2/repository/org/codehaus/woodstox/stax2-api/3.1.4/stax2-api-3.1.4.jar:/home/runner/.m2/repository/com/fasterxml/woodstox/woodstox-core/5.0.3/woodstox-core-5.0.3.jar:/home/runner/.m2/repository/javax/enterprise/cdi-api/1.2/cdi-api-1.2.jar:/home/runner/.m2/repository/javax/el/javax.el-api/3.0.0/javax.el-api-3.0.0.jar:/home/runner/.m2/repository/javax/interceptor/javax.interceptor-api/1.2/javax.interceptor-api-1.2.jar:/home/runner/.m2/repository/javax/inject/javax.inject/1/javax.inject-1.jar:/home/runner/.m2/repository/javax/xml/bind/jaxb-api/2.3.0/jaxb-api-2.3.0.jar:/home/runner/.m2/repository/org/glassfish/jaxb/jaxb-runtime/2.3.0.1/jaxb-runtime-2.3.0.1.jar:/home/runner/.m2/repository/org/glassfish/jaxb/jaxb-core/2.3.0.1/jaxb-core-2.3.0.1.jar:/home/runner/.m2/repository/org/glassfish/jaxb/txw2/2.3.0.1/txw2-2.3.0.1.jar:/home/runner/.m2/repository/com/sun/istack/istack-commons-runtime/3.0.5/istack-commons-runtime-3.0.5.jar:/home/runner/.m2/repository/org/jvnet/staxex/stax-ex/1.7.8/stax-ex-1.7.8.jar:/home/runner/.m2/repository/com/sun/xml/fastinfoset/FastInfoset/1.2.13/FastInfoset-1.2.13.jar:/home/runner/.m2/repository/javax/activation/activation/1.1.1/activation-1.1.1.jar:/home/runner/.m2/repository/org/apache/ozone/ozone-csi/1.2.0-SNAPSHOT/ozone-csi-1.2.0-SNAPSHOT.jar:/home/runner/.m2/repository/com/google/protobuf/protobuf-java-util/3.12.0/protobuf-java-util-3.12.0.jar:/home/runner/.m2/repository/com/google/code/gson/gson/2.2.4/gson-2.2.4.jar:/home/runner/.m2/repository/org/apache/ozone/hdds-config/1.2.0-SNAPSHOT/hdds-config-1.2.0-SNAPSHOT.jar:/home/runner/.m2/repository/io/grpc/grpc-netty/1.33.0/grpc-netty-1.33.0.jar:/home/runner/.m2/repository/io/grpc/grpc-core/1.33.0/grpc-core-1.33.0.jar:/home/runner/.m2/repository/com/google/android/annotations/4.1.1.4/annotations-4.1.1.4.jar:/home/runner/.m2/repository/io/netty/netty-codec-http2/4.1.63.Final/netty-codec-http2-4.1.63.Final.jar:/home/runner/.m2/repository/io/netty/netty-codec-http/4.1.63.Final/netty-codec-http-4.1.63.Final.jar:/home/runner/.m2/repository/io/netty/netty-handler-proxy/4.1.63.Final/netty-handler-proxy-4.1.63.Final.jar:/home/runner/.m2/repository/io/netty/netty-codec-socks/4.1.63.Final/netty-codec-socks-4.1.63.Final.jar:/home/runner/.m2/repository/io/perfmark/perfmark-api/0.19.0/perfmark-api-0.19.0.jar:/home/runner/.m2/repository/org/codehaus/mojo/animal-sniffer-annotations/1.18/animal-sniffer-annotations-1.18.jar:/home/runner/.m2/repository/io/netty/netty-transport-native-epoll/4.1.63.Final/netty-transport-native-epoll-4.1.63.Final.jar:/home/runner/.m2/repository/io/netty/netty-common/4.1.63.Final/netty-common-4.1.63.Final.jar:/home/runner/.m2/repository/io/netty/netty-buffer/4.1.63.Final/netty-buffer-4.1.63.Final.jar:/home/runner/.m2/repository/io/netty/netty-transport-native-unix-common/4.1.63.Final/netty-transport-native-unix-common-4.1.63.Final.jar:/home/runner/.m2/repository/io/grpc/grpc-protobuf/1.33.0/grpc-protobuf-1.33.0.jar:/home/runner/.m2/repository/io/grpc/grpc-api/1.33.0/grpc-api-1.33.0.jar:/home/runner/.m2/repository/io/grpc/grpc-context/1.33.0/grpc-context-1.33.0.jar:/home/runner/.m2/repository/com/google/api/grpc/proto-google-common-protos/1.17.0/proto-google-common-protos-1.17.0.jar:/home/runner/.m2/repository/io/grpc/grpc-protobuf-lite/1.33.0/grpc-protobuf-lite-1.33.0.jar:/home/runner/.m2/repository/io/grpc/grpc-stub/1.33.0/grpc-stub-1.33.0.jar:/home/runner/.m2/repository/org/apache/ozone/ozone-recon/1.2.0-SNAPSHOT/ozone-recon-1.2.0-SNAPSHOT.jar:/home/runner/.m2/repository/org/apache/ozone/ozone-reconcodegen/1.2.0-SNAPSHOT/ozone-reconcodegen-1.2.0-SNAPSHOT.jar:/home/runner/.m2/repository/com/google/inject/extensions/guice-multibindings/4.0/guice-multibindings-4.0.jar:/home/runner/.m2/repository/com/google/inject/guice/4.0/guice-4.0.jar:/home/runner/.m2/repository/aopalliance/aopalliance/1.0/aopalliance-1.0.jar:/home/runner/.m2/repository/com/google/inject/extensions/guice-assistedinject/4.0/guice-assistedinject-4.0.jar:/home/runner/.m2/repository/com/google/inject/extensions/guice-servlet/4.0/guice-servlet-4.0.jar:/home/runner/.m2/repository/org/glassfish/jersey/containers/jersey-container-servlet/2.33/jersey-container-servlet-2.33.jar:/home/runner/.m2/repository/org/glassfish/hk2/guice-bridge/2.5.0/guice-bridge-2.5.0.jar:/home/runner/.m2/repository/org/glassfish/jersey/core/jersey-server/2.33/jersey-server-2.33.jar:/home/runner/.m2/repository/org/glassfish/jersey/core/jersey-client/2.33/jersey-client-2.33.jar:/home/runner/.m2/repository/jakarta/annotation/jakarta.annotation-api/1.3.5/jakarta.annotation-api-1.3.5.jar:/home/runner/.m2/repository/jakarta/validation/jakarta.validation-api/2.0.2/jakarta.validation-api-2.0.2.jar:/home/runner/.m2/repository/org/glassfish/jersey/media/jersey-media-json-jackson/2.33/jersey-media-json-jackson-2.33.jar:/home/runner/.m2/repository/org/glassfish/jersey/ext/jersey-entity-filtering/2.33/jersey-entity-filtering-2.33.jar:/home/runner/.m2/repository/org/jooq/jooq/3.11.10/jooq-3.11.10.jar:/home/runner/.m2/repository/org/jooq/jooq-meta/3.11.10/jooq-meta-3.11.10.jar:/home/runner/.m2/repository/org/jooq/jooq-codegen/3.11.10/jooq-codegen-3.11.10.jar:/home/runner/.m2/repository/com/jolbox/bonecp/0.8.0.RELEASE/bonecp-0.8.0.RELEASE.jar:/home/runner/.m2/repository/org/apache/derby/derby/10.14.2.0/derby-10.14.2.0.jar:/home/runner/.m2/repository/org/xerial/sqlite-jdbc/3.25.2/sqlite-jdbc-3.25.2.jar:/home/runner/.m2/repository/org/springframework/spring-jdbc/5.2.11.RELEASE/spring-jdbc-5.2.11.RELEASE.jar:/home/runner/.m2/repository/org/springframework/spring-beans/5.2.11.RELEASE/spring-beans-5.2.11.RELEASE.jar:/home/runner/.m2/repository/org/springframework/spring-core/5.2.11.RELEASE/spring-core-5.2.11.RELEASE.jar:/home/runner/.m2/repository/org/springframework/spring-jcl/5.2.11.RELEASE/spring-jcl-5.2.11.RELEASE.jar:/home/runner/.m2/repository/org/springframework/spring-tx/5.2.11.RELEASE/spring-tx-5.2.11.RELEASE.jar:/home/runner/.m2/repository/org/apache/ozone/ozone-client/1.2.0-SNAPSHOT/ozone-client-1.2.0-SNAPSHOT.jar:/home/runner/.m2/repository/org/apache/ozone/ozone-filesystem/1.2.0-SNAPSHOT/ozone-filesystem-1.2.0-SNAPSHOT.jar:/home/runner/.m2/repository/org/apache/ozone/ozone-filesystem-common/1.2.0-SNAPSHOT/ozone-filesystem-common-1.2.0-SNAPSHOT.jar:/home/runner/.m2/repository/org/apache/ozone/ozone-tools/1.2.0-SNAPSHOT/ozone-tools-1.2.0-SNAPSHOT.jar:/home/runner/.m2/repository/org/apache/ratis/ratis-tools/2.1.0-ff8aa66-SNAPSHOT/ratis-tools-2.1.0-ff8aa66-SNAPSHOT.jar:/home/runner/.m2/repository/org/apache/ratis/ratis-proto/2.1.0-ff8aa66-SNAPSHOT/ratis-proto-2.1.0-ff8aa66-SNAPSHOT.jar:/home/runner/.m2/repository/org/apache/ratis/ratis-common/2.1.0-ff8aa66-SNAPSHOT/ratis-common-2.1.0-ff8aa66-SNAPSHOT.jar:/home/runner/.m2/repository/com/amazonaws/aws-java-sdk-core/1.11.901/aws-java-sdk-core-1.11.901.jar:/home/runner/.m2/repository/org/apache/httpcomponents/httpclient/4.5.13/httpclient-4.5.13.jar:/home/runner/.m2/repository/org/apache/httpcomponents/httpcore/4.4.13/httpcore-4.4.13.jar:/home/runner/.m2/repository/software/amazon/ion/ion-java/1.0.2/ion-java-1.0.2.jar:/home/runner/.m2/repository/com/fasterxml/jackson/dataformat/jackson-dataformat-cbor/2.12.1/jackson-dataformat-cbor-2.12.1.jar:/home/runner/.m2/repository/joda-time/joda-time/2.8.1/joda-time-2.8.1.jar:/home/runner/.m2/repository/com/amazonaws/aws-java-sdk-s3/1.11.901/aws-java-sdk-s3-1.11.901.jar:/home/runner/.m2/repository/com/amazonaws/aws-java-sdk-kms/1.11.901/aws-java-sdk-kms-1.11.901.jar:/home/runner/.m2/repository/com/amazonaws/jmespath-java/1.11.901/jmespath-java-1.11.901.jar:/home/runner/.m2/repository/org/kohsuke/metainf-services/metainf-services/1.8/metainf-services-1.8.jar:/home/runner/.m2/repository/org/apache/ozone/hdds-tools/1.2.0-SNAPSHOT/hdds-tools-1.2.0-SNAPSHOT.jar:/home/runner/.m2/repository/commons-cli/commons-cli/1.2/commons-cli-1.2.jar:/home/runner/.m2/repository/org/apache/commons/commons-lang3/3.7/commons-lang3-3.7.jar:/home/runner/.m2/repository/org/apache/ozone/ozone-manager/1.2.0-SNAPSHOT/ozone-manager-1.2.0-SNAPSHOT-tests.jar:/home/runner/.m2/repository/org/apache/ozone/hdds-common/1.2.0-SNAPSHOT/hdds-common-1.2.0-SNAPSHOT-tests.jar:/home/runner/.m2/repository/org/apache/ozone/hdds-hadoop-dependency-client/1.2.0-SNAPSHOT/hdds-hadoop-dependency-client-1.2.0-SNAPSHOT.jar:/home/runner/.m2/repository/info/picocli/picocli/4.4.0/picocli-4.4.0.jar:/home/runner/.m2/repository/com/fasterxml/jackson/core/jackson-annotations/2.12.1/jackson-annotations-2.12.1.jar:/home/runner/.m2/repository/javax/annotation/javax.annotation-api/1.2/javax.annotation-api-1.2.jar:/home/runner/.m2/repository/org/apache/ratis/ratis-server/2.1.0-ff8aa66-SNAPSHOT/ratis-server-2.1.0-ff8aa66-SNAPSHOT.jar:/home/runner/.m2/repository/org/apache/ratis/ratis-client/2.1.0-ff8aa66-SNAPSHOT/ratis-client-2.1.0-ff8aa66-SNAPSHOT.jar:/home/runner/.m2/repository/org/apache/ratis/ratis-server-api/2.1.0-ff8aa66-SNAPSHOT/ratis-server-api-2.1.0-ff8aa66-SNAPSHOT.jar:/home/runner/.m2/repository/org/apache/ratis/ratis-metrics/2.1.0-ff8aa66-SNAPSHOT/ratis-metrics-2.1.0-ff8aa66-SNAPSHOT.jar:/home/runner/.m2/repository/org/apache/ratis/ratis-netty/2.1.0-ff8aa66-SNAPSHOT/ratis-netty-2.1.0-ff8aa66-SNAPSHOT.jar:/home/runner/.m2/repository/org/apache/ratis/ratis-grpc/2.1.0-ff8aa66-SNAPSHOT/ratis-grpc-2.1.0-ff8aa66-SNAPSHOT.jar:/home/runner/.m2/repository/org/apache/logging/log4j/log4j-api/2.13.3/log4j-api-2.13.3.jar:/home/runner/.m2/repository/org/apache/logging/log4j/log4j-core/2.13.3/log4j-core-2.13.3.jar:/home/runner/.m2/repository/com/lmax/disruptor/3.4.2/disruptor-3.4.2.jar:/home/runner/.m2/repository/org/apache/commons/commons-pool2/2.6.0/commons-pool2-2.6.0.jar:/home/runner/.m2/repository/org/bouncycastle/bcpkix-jdk15on/1.67/bcpkix-jdk15on-1.67.jar:/home/runner/.m2/repository/commons-validator/commons-validator/1.6/commons-validator-1.6.jar:/home/runner/.m2/repository/commons-beanutils/commons-beanutils/1.9.4/commons-beanutils-1.9.4.jar:/home/runner/.m2/repository/commons-digester/commons-digester/1.8.1/commons-digester-1.8.1.jar:/home/runner/.m2/repository/commons-collections/commons-collections/3.2.2/commons-collections-3.2.2.jar:/home/runner/.m2/repository/io/jaegertracing/jaeger-client/1.6.0/jaeger-client-1.6.0.jar:/home/runner/.m2/repository/io/jaegertracing/jaeger-thrift/1.6.0/jaeger-thrift-1.6.0.jar:/home/runner/.m2/repository/org/apache/thrift/libthrift/0.14.1/libthrift-0.14.1.jar:/home/runner/.m2/repository/com/squareup/okhttp3/okhttp/4.9.0/okhttp-4.9.0.jar:/home/runner/.m2/repository/com/squareup/okio/okio/2.8.0/okio-2.8.0.jar:/home/runner/.m2/repository/io/jaegertracing/jaeger-core/1.6.0/jaeger-core-1.6.0.jar:/home/runner/.m2/repository/io/jaegertracing/jaeger-tracerresolver/1.6.0/jaeger-tracerresolver-1.6.0.jar:/home/runner/.m2/repository/io/opentracing/contrib/opentracing-tracerresolver/0.1.8/opentracing-tracerresolver-0.1.8.jar:/home/runner/.m2/repository/org/jetbrains/kotlin/kotlin-stdlib/1.4.31/kotlin-stdlib-1.4.31.jar:/home/runner/.m2/repository/org/jetbrains/kotlin/kotlin-stdlib-common/1.4.31/kotlin-stdlib-common-1.4.31.jar:/home/runner/.m2/repository/org/jetbrains/annotations/13.0/annotations-13.0.jar:/home/runner/.m2/repository/io/opentracing/opentracing-util/0.33.0/opentracing-util-0.33.0.jar:/home/runner/.m2/repository/io/opentracing/opentracing-api/0.33.0/opentracing-api-0.33.0.jar:/home/runner/.m2/repository/io/opentracing/opentracing-noop/0.33.0/opentracing-noop-0.33.0.jar:/home/runner/.m2/repository/org/yaml/snakeyaml/1.26/snakeyaml-1.26.jar:/home/runner/.m2/repository/org/apache/ozone/hdds-interface-admin/1.2.0-SNAPSHOT/hdds-interface-admin-1.2.0-SNAPSHOT.jar:/home/runner/.m2/repository/junit/junit/4.13.1/junit-4.13.1.jar:/home/runner/.m2/repository/org/hamcrest/hamcrest-core/1.3/hamcrest-core-1.3.jar:/home/runner/.m2/repository/org/junit/jupiter/junit-jupiter-api/5.7.0/junit-jupiter-api-5.7.0.jar:/home/runner/.m2/repository/org/apiguardian/apiguardian-api/1.1.0/apiguardian-api-1.1.0.jar:/home/runner/.m2/repository/org/opentest4j/opentest4j/1.2.0/opentest4j-1.2.0.jar:/home/runner/.m2/repository/org/junit/platform/junit-platform-commons/1.7.0/junit-platform-commons-1.7.0.jar:/home/runner/.m2/repository/org/junit/jupiter/junit-jupiter-engine/5.7.0/junit-jupiter-engine-5.7.0.jar:/home/runner/.m2/repository/org/junit/platform/junit-platform-engine/1.7.0/junit-platform-engine-1.7.0.jar:/home/runner/.m2/repository/org/junit/vintage/junit-vintage-engine/5.7.0/junit-vintage-engine-5.7.0.jar:/home/runner/.m2/repository/org/junit/platform/junit-platform-launcher/1.7.0/junit-platform-launcher-1.7.0.jar:/home/runner/.m2/repository/org/openjdk/jmh/jmh-core/1.19/jmh-core-1.19.jar:/home/runner/.m2/repository/net/sf/jopt-simple/jopt-simple/4.6/jopt-simple-4.6.jar:/home/runner/.m2/repository/org/apache/commons/commons-math3/3.1.1/commons-math3-3.1.1.jar:/home/runner/.m2/repository/org/openjdk/jmh/jmh-generator-annprocess/1.19/jmh-generator-annprocess-1.19.jar:/home/runner/.m2/repository/org/mockito/mockito-all/1.8.5/mockito-all-1.8.5.jar:/home/runner/.m2/repository/org/apache/hadoop/hadoop-kms/3.2.2/hadoop-kms-3.2.2.jar:/home/runner/.m2/repository/org/apache/hadoop/hadoop-auth/3.2.2/hadoop-auth-3.2.2.jar:/home/runner/.m2/repository/com/nimbusds/nimbus-jose-jwt/7.9/nimbus-jose-jwt-7.9.jar:/home/runner/.m2/repository/com/github/stephenc/jcip/jcip-annotations/1.0-1/jcip-annotations-1.0-1.jar:/home/runner/.m2/repository/net/minidev/json-smart/2.3/json-smart-2.3.jar:/home/runner/.m2/repository/net/minidev/accessors-smart/1.2/accessors-smart-1.2.jar:/home/runner/.m2/repository/org/ow2/asm/asm/5.0.4/asm-5.0.4.jar:/home/runner/.m2/repository/org/apache/zookeeper/zookeeper/3.4.13/zookeeper-3.4.13.jar:/home/runner/.m2/repository/org/apache/yetus/audience-annotations/0.5.0/audience-annotations-0.5.0.jar:/home/runner/.m2/repository/org/apache/curator/curator-framework/2.13.0/curator-framework-2.13.0.jar:/home/runner/.m2/repository/com/sun/jersey/jersey-core/1.19/jersey-core-1.19.jar:/home/runner/.m2/repository/javax/ws/rs/jsr311-api/1.1.1/jsr311-api-1.1.1.jar:/home/runner/.m2/repository/com/sun/jersey/jersey-server/1.19/jersey-server-1.19.jar:/home/runner/.m2/repository/javax/servlet/javax.servlet-api/3.1.0/javax.servlet-api-3.1.0.jar:/home/runner/.m2/repository/org/eclipse/jetty/jetty-server/9.4.35.v20201120/jetty-server-9.4.35.v20201120.jar:/home/runner/.m2/repository/org/eclipse/jetty/jetty-http/9.4.35.v20201120/jetty-http-9.4.35.v20201120.jar:/home/runner/.m2/repository/org/eclipse/jetty/jetty-io/9.4.35.v20201120/jetty-io-9.4.35.v20201120.jar:/home/runner/.m2/repository/org/eclipse/jetty/jetty-webapp/9.4.35.v20201120/jetty-webapp-9.4.35.v20201120.jar:/home/runner/.m2/repository/org/eclipse/jetty/jetty-xml/9.4.35.v20201120/jetty-xml-9.4.35.v20201120.jar:/home/runner/.m2/repository/org/apache/hadoop/hadoop-common/3.2.2/hadoop-common-3.2.2.jar:/home/runner/.m2/repository/commons-net/commons-net/3.6/commons-net-3.6.jar:/home/runner/.m2/repository/javax/activation/javax.activation-api/1.2.0/javax.activation-api-1.2.0.jar:/home/runner/.m2/repository/com/sun/jersey/jersey-servlet/1.19/jersey-servlet-1.19.jar:/home/runner/.m2/repository/com/sun/jersey/jersey-json/1.19/jersey-json-1.19.jar:/home/runner/.m2/repository/org/codehaus/jettison/jettison/1.1/jettison-1.1.jar:/home/runner/.m2/repository/com/sun/xml/bind/jaxb-impl/2.2.3-1/jaxb-impl-2.2.3-1.jar:/home/runner/.m2/repository/org/codehaus/jackson/jackson-jaxrs/1.9.2/jackson-jaxrs-1.9.2.jar:/home/runner/.m2/repository/org/codehaus/jackson/jackson-xc/1.9.2/jackson-xc-1.9.2.jar:/home/runner/.m2/repository/org/apache/commons/commons-configuration2/2.1.1/commons-configuration2-2.1.1.jar:/home/runner/.m2/repository/org/apache/commons/commons-text/1.4/commons-text-1.4.jar:/home/runner/.m2/repository/com/google/re2j/re2j/1.1/re2j-1.1.jar:/home/runner/.m2/repository/com/jcraft/jsch/0.1.54/jsch-0.1.54.jar:/home/runner/.m2/repository/org/apache/curator/curator-client/2.13.0/curator-client-2.13.0.jar:/home/runner/.m2/repository/org/apache/curator/curator-recipes/2.13.0/curator-recipes-2.13.0.jar:/home/runner/.m2/repository/dnsjava/dnsjava/2.1.7/dnsjava-2.1.7.jar:/home/runner/.m2/repository/org/slf4j/jul-to-slf4j/1.7.30/jul-to-slf4j-1.7.30.jar:/home/runner/.m2/repository/org/eclipse/jetty/jetty-util/9.4.35.v20201120/jetty-util-9.4.35.v20201120.jar:/home/runner/.m2/repository/com/fasterxml/jackson/core/jackson-databind/2.12.1/jackson-databind-2.12.1.jar:/home/runner/.m2/repository/org/apache/hadoop/hadoop-kms/3.2.2/hadoop-kms-3.2.2-tests.jar:/home/runner/.m2/repository/org/apache/ozone/hdds-server-scm/1.2.0-SNAPSHOT/hdds-server-scm-1.2.0-SNAPSHOT-tests.jar:/home/runner/.m2/repository/org/apache/ozone/hdds-container-service/1.2.0-SNAPSHOT/hdds-container-service-1.2.0-SNAPSHOT-tests.jar:/home/runner/.m2/repository/commons-codec/commons-codec/1.11/commons-codec-1.11.jar:/home/runner/.m2/repository/io/netty/netty-transport/4.1.63.Final/netty-transport-4.1.63.Final.jar:/home/runner/.m2/repository/io/netty/netty-resolver/4.1.63.Final/netty-resolver-4.1.63.Final.jar:/home/runner/.m2/repository/io/netty/netty-codec/4.1.63.Final/netty-codec-4.1.63.Final.jar:/home/runner/.m2/repository/io/netty/netty-handler/4.1.63.Final/netty-handler-4.1.63.Final.jar:/home/runner/.m2/repository/org/apache/ozone/hdds-hadoop-dependency-test/1.2.0-SNAPSHOT/hdds-hadoop-dependency-test-1.2.0-SNAPSHOT.jar:/home/runner/.m2/repository/org/apache/hadoop/hadoop-common/3.2.2/hadoop-common-3.2.2-tests.jar:/home/runner/.m2/repository/org/apache/hadoop/hadoop-hdfs/3.2.2/hadoop-hdfs-3.2.2-tests.jar:/home/runner/.m2/repository/org/eclipse/jetty/jetty-util-ajax/9.4.35.v20201120/jetty-util-ajax-9.4.35.v20201120.jar:/home/runner/.m2/repository/commons-daemon/commons-daemon/1.0.13/commons-daemon-1.0.13.jar:/home/runner/.m2/repository/io/netty/netty/3.10.6.Final/netty-3.10.6.Final.jar:/home/runner/.m2/repository/io/netty/netty-all/4.1.63.Final/netty-all-4.1.63.Final.jar:/home/runner/.m2/repository/org/apache/htrace/htrace-core4/4.1.0-incubating/htrace-core4-4.1.0-incubating.jar:/home/runner/.m2/repository/org/fusesource/leveldbjni/leveldbjni-all/1.8/leveldbjni-all-1.8.jar:/home/runner/.m2/repository/org/apache/hadoop/hadoop-distcp/3.2.2/hadoop-distcp-3.2.2.jar:/home/runner/.m2/repository/org/apache/hadoop/hadoop-mapreduce-client-jobclient/3.2.2/hadoop-mapreduce-client-jobclient-3.2.2.jar:/home/runner/.m2/repository/org/apache/hadoop/hadoop-mapreduce-client-common/3.2.2/hadoop-mapreduce-client-common-3.2.2.jar:/home/runner/.m2/repository/org/apache/hadoop/hadoop-yarn-common/3.2.2/hadoop-yarn-common-3.2.2.jar:/home/runner/.m2/repository/org/apache/hadoop/hadoop-yarn-api/3.2.2/hadoop-yarn-api-3.2.2.jar:/home/runner/.m2/repository/com/sun/jersey/jersey-client/1.19/jersey-client-1.19.jar:/home/runner/.m2/repository/com/sun/jersey/contribs/jersey-guice/1.19/jersey-guice-1.19.jar:/home/runner/.m2/repository/com/fasterxml/jackson/jaxrs/jackson-jaxrs-json-provider/2.12.1/jackson-jaxrs-json-provider-2.12.1.jar:/home/runner/.m2/repository/com/fasterxml/jackson/jaxrs/jackson-jaxrs-base/2.12.1/jackson-jaxrs-base-2.12.1.jar:/home/runner/.m2/repository/org/apache/hadoop/hadoop-yarn-client/3.2.2/hadoop-yarn-client-3.2.2.jar:/home/runner/.m2/repository/org/apache/hadoop/hadoop-mapreduce-client-core/3.2.2/hadoop-mapreduce-client-core-3.2.2.jar:/home/runner/.m2/repository/org/apache/avro/avro/1.7.7/avro-1.7.7.jar:/home/runner/.m2/repository/org/codehaus/jackson/jackson-core-asl/1.9.13/jackson-core-asl-1.9.13.jar:/home/runner/.m2/repository/org/codehaus/jackson/jackson-mapper-asl/1.9.13/jackson-mapper-asl-1.9.13.jar:/home/runner/.m2/repository/com/thoughtworks/paranamer/paranamer/2.3/paranamer-2.3.jar:/home/runner/.m2/repository/org/xerial/snappy/snappy-java/1.0.5/snappy-java-1.0.5.jar:/home/runner/.m2/repository/org/apache/hadoop/hadoop-annotations/3.2.2/hadoop-annotations-3.2.2.jar:/usr/lib/jvm/adoptopenjdk-8-hotspot-amd64/jre/../lib/tools.jar:/home/runner/.m2/repository/org/apache/hadoop/hadoop-distcp/3.2.2/hadoop-distcp-3.2.2-tests.jar:"/>
    <property name="sun.cpu.endian" value="little"/>
    <property name="user.home" value="/home/runner"/>
    <property name="user.language" value="en"/>
    <property name="java.specification.vendor" value="Oracle Corporation"/>
    <property name="java.home" value="/usr/lib/jvm/adoptopenjdk-8-hotspot-amd64/jre"/>
    <property name="java.security.krb5.conf" value="/home/runner/work/ozone/ozone/mnt/ozone/hadoop-ozone/integration-test/target/test-classes/krb5.conf"/>
    <property name="basedir" value="/home/runner/work/ozone/ozone/mnt/ozone/hadoop-ozone/integration-test"/>
    <property name="file.separator" value="/"/>
    <property name="line.separator" value="&#10;"/>
    <property name="java.vm.specification.vendor" value="Oracle Corporation"/>
    <property name="java.specification.name" value="Java Platform API Specification"/>
    <property name="java.awt.graphicsenv" value="sun.awt.X11GraphicsEnvironment"/>
    <property name="skip.installnpx" value="true"/>
    <property name="surefire.real.class.path" value="/home/runner/work/ozone/ozone/mnt/ozone/hadoop-ozone/integration-test/target/surefire/surefirebooter6412152701868889447.jar:/home/runner/.m2/repository/org/jacoco/org.jacoco.agent/0.8.5/org.jacoco.agent-0.8.5-runtime.jar"/>
    <property name="hadoop.log.dir" value="/home/runner/work/ozone/ozone/mnt/ozone/hadoop-ozone/integration-test/target/log"/>
    <property name="sun.boot.class.path" value="/usr/lib/jvm/adoptopenjdk-8-hotspot-amd64/jre/lib/resources.jar:/usr/lib/jvm/adoptopenjdk-8-hotspot-amd64/jre/lib/rt.jar:/usr/lib/jvm/adoptopenjdk-8-hotspot-amd64/jre/lib/sunrsasign.jar:/usr/lib/jvm/adoptopenjdk-8-hotspot-amd64/jre/lib/jsse.jar:/usr/lib/jvm/adoptopenjdk-8-hotspot-amd64/jre/lib/jce.jar:/usr/lib/jvm/adoptopenjdk-8-hotspot-amd64/jre/lib/charsets.jar:/usr/lib/jvm/adoptopenjdk-8-hotspot-amd64/jre/lib/jfr.jar:/usr/lib/jvm/adoptopenjdk-8-hotspot-amd64/jre/classes"/>
    <property name="sun.management.compiler" value="HotSpot 64-Bit Tiered Compilers"/>
    <property name="skip.npx" value="true"/>
    <property name="java.runtime.version" value="1.8.0_292-b10"/>
    <property name="java.net.preferIPv4Stack" value="true"/>
    <property name="user.name" value="runner"/>
    <property name="path.separator" value=":"/>
    <property name="java.security.egd" value="file:///dev/urandom"/>
    <property name="os.version" value="5.4.0-1051-azure"/>
    <property name="java.endorsed.dirs" value="/usr/lib/jvm/adoptopenjdk-8-hotspot-amd64/jre/lib/endorsed"/>
    <property name="java.runtime.name" value="OpenJDK Runtime Environment"/>
    <property name="file.encoding" value="UTF-8"/>
    <property name="java.vm.name" value="OpenJDK 64-Bit Server VM"/>
    <property name="test.build.webapps" value=""/>
    <property name="localRepository" value="/home/runner/.m2/repository"/>
    <property name="java.vendor.url.bug" value="https://github.com/AdoptOpenJDK/openjdk-support/issues"/>
    <property name="java.io.tmpdir" value="/tmp"/>
    <property name="require.test.libhadoop" value=""/>
    <property name="java.version" value="1.8.0_292"/>
    <property name="user.dir" value="/home/runner/work/ozone/ozone/mnt/ozone/hadoop-ozone/integration-test"/>
    <property name="os.arch" value="amd64"/>
    <property name="java.vm.specification.name" value="Java Virtual Machine Specification"/>
    <property name="test.build.classes" value="/home/runner/work/ozone/ozone/mnt/ozone/hadoop-ozone/integration-test/target/test-classes"/>
    <property name="java.awt.printerjob" value="sun.print.PSPrinterJob"/>
    <property name="sun.os.patch.level" value="unknown"/>
    <property name="hadoop.tmp.dir" value="/home/runner/work/ozone/ozone/mnt/ozone/hadoop-ozone/integration-test/target/tmp"/>
    <property name="java.library.path" value="/usr/java/packages/lib/amd64:/usr/lib64:/lib64:/lib:/usr/lib"/>
    <property name="java.vm.info" value="mixed mode"/>
    <property name="java.vendor" value="AdoptOpenJDK"/>
    <property name="java.vm.version" value="25.292-b10"/>
    <property name="java.ext.dirs" value="/usr/lib/jvm/adoptopenjdk-8-hotspot-amd64/jre/lib/ext:/usr/java/packages/lib/ext"/>
    <property name="sun.io.unicode.encoding" value="UnicodeLittle"/>
    <property name="java.class.version" value="52.0"/>
  </properties>
  <testcase name="testInstallSnapshot" classname="org.apache.hadoop.ozone.scm.TestSCMInstallSnapshotWithHA" time="63.687"/>
  <testcase name="testInstallOldCheckpointFailure" classname="org.apache.hadoop.ozone.scm.TestSCMInstallSnapshotWithHA" time="52.411">
    <failure message="expected:&lt;(t:2, i:128)&gt; but was:&lt;(t:2, i:28)&gt;" type="java.lang.AssertionError"><![CDATA[java.lang.AssertionError: expected:<(t:2, i:128)> but was:<(t:2, i:28)>
	at org.junit.Assert.fail(Assert.java:89)
	at org.junit.Assert.failNotEquals(Assert.java:835)
	at org.junit.Assert.assertEquals(Assert.java:120)
	at org.junit.Assert.assertEquals(Assert.java:146)
	at org.apache.hadoop.ozone.scm.TestSCMInstallSnapshotWithHA.testInstallOldCheckpointFailure(TestSCMInstallSnapshotWithHA.java:202)
	at sun.reflect.NativeMethodAccessorImpl.invoke0(Native Method)
	at sun.reflect.NativeMethodAccessorImpl.invoke(NativeMethodAccessorImpl.java:62)
	at sun.reflect.DelegatingMethodAccessorImpl.invoke(DelegatingMethodAccessorImpl.java:43)
	at java.lang.reflect.Method.invoke(Method.java:498)
	at org.junit.platform.commons.util.ReflectionUtils.invokeMethod(ReflectionUtils.java:688)
	at org.junit.jupiter.engine.execution.MethodInvocation.proceed(MethodInvocation.java:60)
	at org.junit.jupiter.engine.execution.InvocationInterceptorChain$ValidatingInvocation.proceed(InvocationInterceptorChain.java:131)
	at org.junit.jupiter.engine.extension.TimeoutInvocation.proceed(TimeoutInvocation.java:46)
	at org.junit.jupiter.engine.extension.TimeoutExtension.intercept(TimeoutExtension.java:149)
	at org.junit.jupiter.engine.extension.TimeoutExtension.interceptTestableMethod(TimeoutExtension.java:140)
	at org.junit.jupiter.engine.extension.TimeoutExtension.interceptTestMethod(TimeoutExtension.java:84)
	at org.junit.jupiter.engine.execution.ExecutableInvoker$ReflectiveInterceptorCall.lambda$ofVoidMethod$0(ExecutableInvoker.java:115)
	at org.junit.jupiter.engine.execution.ExecutableInvoker.lambda$invoke$0(ExecutableInvoker.java:105)
	at org.junit.jupiter.engine.execution.InvocationInterceptorChain$InterceptedInvocation.proceed(InvocationInterceptorChain.java:106)
	at org.junit.jupiter.engine.execution.InvocationInterceptorChain.proceed(InvocationInterceptorChain.java:64)
	at org.junit.jupiter.engine.execution.InvocationInterceptorChain.chainAndInvoke(InvocationInterceptorChain.java:45)
	at org.junit.jupiter.engine.execution.InvocationInterceptorChain.invoke(InvocationInterceptorChain.java:37)
	at org.junit.jupiter.engine.execution.ExecutableInvoker.invoke(ExecutableInvoker.java:104)
	at org.junit.jupiter.engine.execution.ExecutableInvoker.invoke(ExecutableInvoker.java:98)
	at org.junit.jupiter.engine.descriptor.TestMethodTestDescriptor.lambda$invokeTestMethod$6(TestMethodTestDescriptor.java:210)
	at org.junit.platform.engine.support.hierarchical.ThrowableCollector.execute(ThrowableCollector.java:73)
	at org.junit.jupiter.engine.descriptor.TestMethodTestDescriptor.invokeTestMethod(TestMethodTestDescriptor.java:206)
	at org.junit.jupiter.engine.descriptor.TestMethodTestDescriptor.execute(TestMethodTestDescriptor.java:131)
	at org.junit.jupiter.engine.descriptor.TestMethodTestDescriptor.execute(TestMethodTestDescriptor.java:65)
	at org.junit.platform.engine.support.hierarchical.NodeTestTask.lambda$executeRecursively$5(NodeTestTask.java:139)
	at org.junit.platform.engine.support.hierarchical.ThrowableCollector.execute(ThrowableCollector.java:73)
	at org.junit.platform.engine.support.hierarchical.NodeTestTask.lambda$executeRecursively$7(NodeTestTask.java:129)
	at org.junit.platform.engine.support.hierarchical.Node.around(Node.java:137)
	at org.junit.platform.engine.support.hierarchical.NodeTestTask.lambda$executeRecursively$8(NodeTestTask.java:127)
	at org.junit.platform.engine.support.hierarchical.ThrowableCollector.execute(ThrowableCollector.java:73)
	at org.junit.platform.engine.support.hierarchical.NodeTestTask.executeRecursively(NodeTestTask.java:126)
	at org.junit.platform.engine.support.hierarchical.NodeTestTask.execute(NodeTestTask.java:84)
	at java.util.ArrayList.forEach(ArrayList.java:1259)
	at org.junit.platform.engine.support.hierarchical.SameThreadHierarchicalTestExecutorService.invokeAll(SameThreadHierarchicalTestExecutorService.java:38)
	at org.junit.platform.engine.support.hierarchical.NodeTestTask.lambda$executeRecursively$5(NodeTestTask.java:143)
	at org.junit.platform.engine.support.hierarchical.ThrowableCollector.execute(ThrowableCollector.java:73)
	at org.junit.platform.engine.support.hierarchical.NodeTestTask.lambda$executeRecursively$7(NodeTestTask.java:129)
	at org.junit.platform.engine.support.hierarchical.Node.around(Node.java:137)
	at org.junit.platform.engine.support.hierarchical.NodeTestTask.lambda$executeRecursively$8(NodeTestTask.java:127)
	at org.junit.platform.engine.support.hierarchical.ThrowableCollector.execute(ThrowableCollector.java:73)
	at org.junit.platform.engine.support.hierarchical.NodeTestTask.executeRecursively(NodeTestTask.java:126)
	at org.junit.platform.engine.support.hierarchical.NodeTestTask.execute(NodeTestTask.java:84)
	at java.util.ArrayList.forEach(ArrayList.java:1259)
	at org.junit.platform.engine.support.hierarchical.SameThreadHierarchicalTestExecutorService.invokeAll(SameThreadHierarchicalTestExecutorService.java:38)
	at org.junit.platform.engine.support.hierarchical.NodeTestTask.lambda$executeRecursively$5(NodeTestTask.java:143)
	at org.junit.platform.engine.support.hierarchical.ThrowableCollector.execute(ThrowableCollector.java:73)
	at org.junit.platform.engine.support.hierarchical.NodeTestTask.lambda$executeRecursively$7(NodeTestTask.java:129)
	at org.junit.platform.engine.support.hierarchical.Node.around(Node.java:137)
	at org.junit.platform.engine.support.hierarchical.NodeTestTask.lambda$executeRecursively$8(NodeTestTask.java:127)
	at org.junit.platform.engine.support.hierarchical.ThrowableCollector.execute(ThrowableCollector.java:73)
	at org.junit.platform.engine.support.hierarchical.NodeTestTask.executeRecursively(NodeTestTask.java:126)
	at org.junit.platform.engine.support.hierarchical.NodeTestTask.execute(NodeTestTask.java:84)
	at org.junit.platform.engine.support.hierarchical.SameThreadHierarchicalTestExecutorService.submit(SameThreadHierarchicalTestExecutorService.java:32)
	at org.junit.platform.engine.support.hierarchical.HierarchicalTestExecutor.execute(HierarchicalTestExecutor.java:57)
	at org.junit.platform.engine.support.hierarchical.HierarchicalTestEngine.execute(HierarchicalTestEngine.java:51)
	at org.junit.platform.launcher.core.EngineExecutionOrchestrator.execute(EngineExecutionOrchestrator.java:108)
	at org.junit.platform.launcher.core.EngineExecutionOrchestrator.execute(EngineExecutionOrchestrator.java:88)
	at org.junit.platform.launcher.core.EngineExecutionOrchestrator.lambda$execute$0(EngineExecutionOrchestrator.java:54)
	at org.junit.platform.launcher.core.EngineExecutionOrchestrator.withInterceptedStreams(EngineExecutionOrchestrator.java:67)
	at org.junit.platform.launcher.core.EngineExecutionOrchestrator.execute(EngineExecutionOrchestrator.java:52)
	at org.junit.platform.launcher.core.DefaultLauncher.execute(DefaultLauncher.java:96)
	at org.junit.platform.launcher.core.DefaultLauncher.execute(DefaultLauncher.java:75)
	at org.apache.maven.surefire.junitplatform.JUnitPlatformProvider.invokeAllTests(JUnitPlatformProvider.java:142)
	at org.apache.maven.surefire.junitplatform.JUnitPlatformProvider.invoke(JUnitPlatformProvider.java:113)
	at org.apache.maven.surefire.booter.ForkedBooter.invokeProviderInSameClassLoader(ForkedBooter.java:384)
	at org.apache.maven.surefire.booter.ForkedBooter.runSuitesInProcess(ForkedBooter.java:345)
	at org.apache.maven.surefire.booter.ForkedBooter.execute(ForkedBooter.java:126)
	at org.apache.maven.surefire.booter.ForkedBooter.main(ForkedBooter.java:418)
]]></failure>
    <system-out><![CDATA[2021-07-03 01:52:35,506 [Listener at 127.0.0.1/11004] WARN  server.ServerUtils (ServerUtils.java:getScmDbDir(148)) - ozone.scm.db.dirs is not configured. We recommend adding this setting. Falling back to ozone.metadata.dirs instead.
2021-07-03 01:52:35,506 [Listener at 127.0.0.1/11004] INFO  ha.SCMHANodeDetails (SCMHANodeDetails.java:loadSCMHAConfig(157)) - ServiceID for StorageContainerManager is scm-service-test1
2021-07-03 01:52:35,506 [Listener at 127.0.0.1/11004] INFO  ha.SCMHANodeDetails (SCMHANodeDetails.java:loadSCMHAConfig(168)) - ServiceID for StorageContainerManager is scm-service-test1
2021-07-03 01:52:35,507 [Listener at 127.0.0.1/11004] WARN  scm.ScmUtils (ScmUtils.java:logWarn(179)) - ConfigKey ozone.scm.block.client.address is deprecated, For configuring different ports for each SCM use PortConfigKey ozone.scm.block.client.port appended with serviceId and nodeId. If want to configure same port configure ozone.scm.block.client.port
2021-07-03 01:52:35,507 [Listener at 127.0.0.1/11004] WARN  scm.ScmUtils (ScmUtils.java:logWarn(179)) - ConfigKey ozone.scm.client.address is deprecated, For configuring different ports for each SCM use PortConfigKey ozone.scm.client.port appended with serviceId and nodeId. If want to configure same port configure ozone.scm.client.port
2021-07-03 01:52:35,507 [Listener at 127.0.0.1/11004] WARN  scm.ScmUtils (ScmUtils.java:logWarn(179)) - ConfigKey ozone.scm.datanode.address is deprecated, For configuring different ports for each SCM use PortConfigKey ozone.scm.datanode.port appended with serviceId and nodeId. If want to configure same port configure ozone.scm.datanode.port
2021-07-03 01:52:35,507 [Listener at 127.0.0.1/11004] WARN  scm.ScmUtils (ScmUtils.java:logWarn(179)) - ConfigKey ozone.scm.block.client.address is deprecated, For configuring different ports for each SCM use PortConfigKey ozone.scm.block.client.port appended with serviceId and nodeId. If want to configure same port configure ozone.scm.block.client.port
2021-07-03 01:52:35,507 [Listener at 127.0.0.1/11004] WARN  scm.ScmUtils (ScmUtils.java:logWarn(179)) - ConfigKey ozone.scm.client.address is deprecated, For configuring different ports for each SCM use PortConfigKey ozone.scm.client.port appended with serviceId and nodeId. If want to configure same port configure ozone.scm.client.port
2021-07-03 01:52:35,508 [Listener at 127.0.0.1/11004] WARN  scm.ScmUtils (ScmUtils.java:logWarn(179)) - ConfigKey ozone.scm.datanode.address is deprecated, For configuring different ports for each SCM use PortConfigKey ozone.scm.datanode.port appended with serviceId and nodeId. If want to configure same port configure ozone.scm.datanode.port
2021-07-03 01:52:35,508 [EndpointStateMachine task thread for /127.0.0.1:13945 - 0 ] INFO  ipc.Client (Client.java:handleConnectionFailure(966)) - Retrying connect to server: localhost/127.0.0.1:13945. Already tried 8 time(s); retry policy is RetryUpToMaximumCountWithFixedSleep(maxRetries=15, sleepTime=1000 MILLISECONDS)
2021-07-03 01:52:35,508 [Listener at 127.0.0.1/11004] INFO  ha.SCMHANodeDetails (SCMHANodeDetails.java:loadSCMHAConfig(250)) - Found matching SCM address with SCMServiceId: scm-service-test1, SCMNodeId: scmNode-1, RPC Address: localhost:14496 and Ratis port: 14496
2021-07-03 01:52:35,508 [EndpointStateMachine task thread for /127.0.0.1:13935 - 0 ] INFO  ipc.Client (Client.java:handleConnectionFailure(966)) - Retrying connect to server: localhost/127.0.0.1:13935. Already tried 9 time(s); retry policy is RetryUpToMaximumCountWithFixedSleep(maxRetries=15, sleepTime=1000 MILLISECONDS)
2021-07-03 01:52:35,509 [Listener at 127.0.0.1/11004] INFO  ha.SCMHANodeDetails (ConfUtils.java:setNodeSpecificConfigs(108)) - Setting configuration key ozone.scm.datanode.address with value of key ozone.scm.datanode.address.scm-service-test1.scmNode-1: 127.0.0.1:14497
2021-07-03 01:52:35,509 [Listener at 127.0.0.1/11004] INFO  ha.SCMHANodeDetails (ConfUtils.java:setNodeSpecificConfigs(108)) - Setting configuration key ozone.scm.block.client.address with value of key ozone.scm.block.client.address.scm-service-test1.scmNode-1: 127.0.0.1:14498
2021-07-03 01:52:35,509 [Listener at 127.0.0.1/11004] INFO  ha.SCMHANodeDetails (ConfUtils.java:setNodeSpecificConfigs(108)) - Setting configuration key ozone.scm.client.address with value of key ozone.scm.client.address.scm-service-test1.scmNode-1: 127.0.0.1:14499
2021-07-03 01:52:35,509 [Listener at 127.0.0.1/11004] INFO  ha.SCMHANodeDetails (ConfUtils.java:setNodeSpecificConfigs(108)) - Setting configuration key ozone.scm.ratis.port with value of key ozone.scm.ratis.port.scm-service-test1.scmNode-1: 14496
2021-07-03 01:52:35,510 [Listener at 127.0.0.1/11004] INFO  ha.SCMHANodeDetails (ConfUtils.java:setNodeSpecificConfigs(108)) - Setting configuration key ozone.scm.grpc.port with value of key ozone.scm.grpc.port.scm-service-test1.scmNode-1: 14500
2021-07-03 01:52:35,510 [EndpointStateMachine task thread for /127.0.0.1:13925 - 0 ] INFO  ipc.Client (Client.java:handleConnectionFailure(966)) - Retrying connect to server: localhost/127.0.0.1:13925. Already tried 11 time(s); retry policy is RetryUpToMaximumCountWithFixedSleep(maxRetries=15, sleepTime=1000 MILLISECONDS)
2021-07-03 01:52:35,510 [Listener at 127.0.0.1/11004] INFO  ha.SCMHANodeDetails (ConfUtils.java:setNodeSpecificConfigs(108)) - Setting configuration key ozone.scm.http-address with value of key ozone.scm.http-address.scm-service-test1.scmNode-1: 127.0.0.1:14494
2021-07-03 01:52:35,510 [Listener at 127.0.0.1/11004] INFO  ha.SCMHANodeDetails (ConfUtils.java:setNodeSpecificConfigs(108)) - Setting configuration key ozone.scm.https-address with value of key ozone.scm.https-address.scm-service-test1.scmNode-1: 127.0.0.1:14495
2021-07-03 01:52:35,510 [Listener at 127.0.0.1/11004] INFO  ha.SCMHANodeDetails (ConfUtils.java:setNodeSpecificConfigs(108)) - Setting configuration key ozone.scm.address with value of key ozone.scm.address.scm-service-test1.scmNode-1: 127.0.0.1
2021-07-03 01:52:35,510 [Listener at 127.0.0.1/11004] WARN  scm.ScmUtils (ScmUtils.java:logWarn(179)) - ConfigKey ozone.scm.block.client.address is deprecated, For configuring different ports for each SCM use PortConfigKey ozone.scm.block.client.port appended with serviceId and nodeId. If want to configure same port configure ozone.scm.block.client.port
2021-07-03 01:52:35,511 [Listener at 127.0.0.1/11004] WARN  scm.ScmUtils (ScmUtils.java:logWarn(179)) - ConfigKey ozone.scm.client.address is deprecated, For configuring different ports for each SCM use PortConfigKey ozone.scm.client.port appended with serviceId and nodeId. If want to configure same port configure ozone.scm.client.port
2021-07-03 01:52:35,511 [Listener at 127.0.0.1/11004] WARN  scm.ScmUtils (ScmUtils.java:logWarn(179)) - ConfigKey ozone.scm.datanode.address is deprecated, For configuring different ports for each SCM use PortConfigKey ozone.scm.datanode.port appended with serviceId and nodeId. If want to configure same port configure ozone.scm.datanode.port
2021-07-03 01:52:35,513 [Listener at 127.0.0.1/11004] INFO  server.RaftServer (ConfUtils.java:logGet(44)) - raft.rpc.type = GRPC (default)
2021-07-03 01:52:35,513 [Listener at 127.0.0.1/11004] INFO  grpc.GrpcFactory (GrpcFactory.java:checkPooledByteBufAllocatorUseCacheForAllThreads(48)) - PERFORMANCE WARNING: useCacheForAllThreads is true that may cause Netty to create a lot garbage objects and, as a result, trigger GC.
	It is recommended to disable useCacheForAllThreads by setting -Dorg.apache.ratis.thirdparty.io.netty.allocator.useCacheForAllThreads=false in command line.
2021-07-03 01:52:35,514 [Listener at 127.0.0.1/11004] INFO  grpc.GrpcConfigKeys (ConfUtils.java:logGet(44)) - raft.grpc.admin.port = -1 (default)
2021-07-03 01:52:35,514 [Listener at 127.0.0.1/11004] INFO  grpc.GrpcConfigKeys (ConfUtils.java:logGet(44)) - raft.grpc.server.port = 14496 (custom)
2021-07-03 01:52:35,514 [Listener at 127.0.0.1/11004] INFO  grpc.GrpcConfigKeys (ConfUtils.java:logGet(44)) - raft.grpc.client.port = -1 (default)
2021-07-03 01:52:35,514 [Listener at 127.0.0.1/11004] INFO  grpc.GrpcConfigKeys (ConfUtils.java:logGet(44)) - raft.grpc.server.port = 14496 (custom)
2021-07-03 01:52:35,514 [Listener at 127.0.0.1/11004] INFO  grpc.GrpcConfigKeys (ConfUtils.java:logGet(44)) - raft.grpc.server.port = 14496 (custom)
2021-07-03 01:52:35,515 [Listener at 127.0.0.1/11004] INFO  server.GrpcService (ConfUtils.java:logGet(44)) - raft.grpc.message.size.max = 32m (=33554432) (custom)
2021-07-03 01:52:35,515 [Listener at 127.0.0.1/11004] INFO  server.RaftServerConfigKeys (ConfUtils.java:logGet(44)) - raft.server.log.appender.buffer.byte-limit = 33554432 (custom)
2021-07-03 01:52:35,515 [Listener at 127.0.0.1/11004] INFO  server.GrpcService (ConfUtils.java:logGet(44)) - raft.grpc.flow.control.window = 1MB (=1048576) (default)
2021-07-03 01:52:35,515 [Listener at 127.0.0.1/11004] INFO  server.RaftServerConfigKeys (ConfUtils.java:logGet(44)) - raft.server.rpc.request.timeout = 30000ms (custom)
2021-07-03 01:52:35,516 [Listener at 127.0.0.1/11004] INFO  impl.DataStreamServerImpl (ConfUtils.java:logGet(44)) - raft.datastream.type = DISABLED (default)
2021-07-03 01:52:35,517 [Listener at 127.0.0.1/11004] INFO  server.RaftServerConfigKeys (ConfUtils.java:logGet(44)) - raft.server.rpc.slowness.timeout = 120000ms (custom)
2021-07-03 01:52:35,517 [Listener at 127.0.0.1/11004] INFO  server.RaftServerConfigKeys (ConfUtils.java:logGet(44)) - raft.server.leaderelection.leader.step-down.wait-time = 10s (default)
2021-07-03 01:52:35,517 [Listener at 127.0.0.1/11004] INFO  server.RaftServerConfigKeys (ConfUtils.java:logGet(44)) - raft.server.storage.dir = [/home/runner/work/ozone/ozone/mnt/ozone/hadoop-ozone/integration-test/target/test-dir/MiniOzoneClusterImpl-6d7611b0-ac11-41e1-98f8-97ea473a16a6/scmNode-1/scm-ha] (custom)
2021-07-03 01:52:35,522 [Listener at 127.0.0.1/11004] INFO  server.RaftServer (RaftServerProxy.java:addNew(95)) - bae6930e-8ae4-497b-9eaa-87fb2ec79d16: addNew group-97EA473A16A6:[bae6930e-8ae4-497b-9eaa-87fb2ec79d16|rpc:localhost:14496|priority:0] returns group-97EA473A16A6:java.util.concurrent.CompletableFuture@5e39a9ba[Not completed]
2021-07-03 01:52:35,522 [pool-164-thread-1] INFO  server.RaftServer$Division (RaftServerImpl.java:<init>(180)) - bae6930e-8ae4-497b-9eaa-87fb2ec79d16: new RaftServerImpl for group-97EA473A16A6:[bae6930e-8ae4-497b-9eaa-87fb2ec79d16|rpc:localhost:14496|priority:0] with SCMStateMachine:uninitialized
2021-07-03 01:52:35,523 [pool-164-thread-1] INFO  server.RaftServerConfigKeys (ConfUtils.java:logGet(44)) - raft.server.rpc.timeout.min = 5000ms (custom)
2021-07-03 01:52:35,523 [pool-164-thread-1] INFO  server.RaftServerConfigKeys (ConfUtils.java:logGet(44)) - raft.server.rpc.timeout.max = 5200ms (custom)
2021-07-03 01:52:35,523 [pool-164-thread-1] INFO  server.RaftServerConfigKeys (ConfUtils.java:logGet(44)) - raft.server.rpc.sleep.time = 25ms (default)
2021-07-03 01:52:35,523 [pool-164-thread-1] INFO  server.RaftServerConfigKeys (ConfUtils.java:logGet(44)) - raft.server.rpc.slowness.timeout = 120000ms (custom)
2021-07-03 01:52:35,523 [pool-164-thread-1] INFO  server.RaftServerConfigKeys (ConfUtils.java:logGet(44)) - raft.server.leaderelection.leader.step-down.wait-time = 10s (default)
2021-07-03 01:52:35,523 [pool-164-thread-1] INFO  server.RaftServerConfigKeys (ConfUtils.java:logGet(44)) - raft.server.sleep.deviation.threshold = 300ms (default)
2021-07-03 01:52:35,523 [pool-164-thread-1] INFO  server.RaftServerConfigKeys (ConfUtils.java:logGet(44)) - raft.server.log.appender.install.snapshot.enabled = false (custom)
2021-07-03 01:52:35,523 [pool-164-thread-1] INFO  server.RaftServer$Division (ServerState.java:<init>(105)) - bae6930e-8ae4-497b-9eaa-87fb2ec79d16@group-97EA473A16A6: ConfigurationManager, init=-1: [bae6930e-8ae4-497b-9eaa-87fb2ec79d16|rpc:localhost:14496|priority:0], old=null, confs=<EMPTY_MAP>
2021-07-03 01:52:35,523 [pool-164-thread-1] INFO  server.RaftServerConfigKeys (ConfUtils.java:logGet(44)) - raft.server.storage.dir = [/home/runner/work/ozone/ozone/mnt/ozone/hadoop-ozone/integration-test/target/test-dir/MiniOzoneClusterImpl-6d7611b0-ac11-41e1-98f8-97ea473a16a6/scmNode-1/scm-ha] (custom)
2021-07-03 01:52:35,523 [pool-164-thread-1] INFO  server.RaftServerConfigKeys (ConfUtils.java:logGet(44)) - raft.server.log.corruption.policy = EXCEPTION (default)
2021-07-03 01:52:35,524 [pool-164-thread-1] INFO  storage.RaftStorageDirectory (RaftStorageDirectoryImpl.java:analyzeStorage(132)) - The storage directory /home/runner/work/ozone/ozone/mnt/ozone/hadoop-ozone/integration-test/target/test-dir/MiniOzoneClusterImpl-6d7611b0-ac11-41e1-98f8-97ea473a16a6/scmNode-1/scm-ha/6d7611b0-ac11-41e1-98f8-97ea473a16a6 does not exist. Creating ...
2021-07-03 01:52:35,525 [pool-164-thread-1] INFO  storage.RaftStorageDirectory (RaftStorageDirectoryImpl.java:tryLock(215)) - Lock on /home/runner/work/ozone/ozone/mnt/ozone/hadoop-ozone/integration-test/target/test-dir/MiniOzoneClusterImpl-6d7611b0-ac11-41e1-98f8-97ea473a16a6/scmNode-1/scm-ha/6d7611b0-ac11-41e1-98f8-97ea473a16a6/in_use.lock acquired by nodename 16859@fv-az12-896
2021-07-03 01:52:35,526 [pool-164-thread-1] INFO  storage.RaftStorage (RaftStorageImpl.java:format(87)) - Storage directory /home/runner/work/ozone/ozone/mnt/ozone/hadoop-ozone/integration-test/target/test-dir/MiniOzoneClusterImpl-6d7611b0-ac11-41e1-98f8-97ea473a16a6/scmNode-1/scm-ha/6d7611b0-ac11-41e1-98f8-97ea473a16a6 has been successfully formatted.
2021-07-03 01:52:35,526 [pool-164-thread-1] INFO  server.RaftServerConfigKeys (ConfUtils.java:logGet(44)) - raft.server.notification.no-leader.timeout = 60s (default)
2021-07-03 01:52:35,526 [pool-164-thread-1] INFO  server.RaftServerConfigKeys (ConfUtils.java:logGet(44)) - raft.server.log.use.memory = false (default)
2021-07-03 01:52:35,526 [pool-164-thread-1] INFO  server.RaftServerConfigKeys (ConfUtils.java:logGet(44)) - raft.server.log.purge.gap = 5 (custom)
2021-07-03 01:52:35,527 [pool-164-thread-1] INFO  server.RaftServerConfigKeys (ConfUtils.java:logGet(44)) - raft.server.log.appender.buffer.byte-limit = 33554432 (custom)
2021-07-03 01:52:35,527 [pool-164-thread-1] INFO  metrics.RatisMetrics (RatisMetrics.java:lambda$create$0(36)) - Creating Metrics Registry : ratis.log_worker.bae6930e-8ae4-497b-9eaa-87fb2ec79d16@group-97EA473A16A6
2021-07-03 01:52:35,527 [pool-164-thread-1] INFO  server.RaftServerConfigKeys (ConfUtils.java:logGet(44)) - raft.server.log.segment.size.max = 16384 (custom)
2021-07-03 01:52:35,527 [pool-164-thread-1] INFO  server.RaftServerConfigKeys (ConfUtils.java:logGet(44)) - raft.server.log.segment.cache.num.max = 2 (custom)
2021-07-03 01:52:35,527 [pool-164-thread-1] INFO  server.RaftServerConfigKeys (ConfUtils.java:logGet(44)) - raft.server.log.segment.cache.size.max = 200MB (=209715200) (default)
2021-07-03 01:52:35,527 [pool-164-thread-1] INFO  segmented.SegmentedRaftLogWorker (SegmentedRaftLogWorker.java:<init>(182)) - new bae6930e-8ae4-497b-9eaa-87fb2ec79d16@group-97EA473A16A6-SegmentedRaftLogWorker for RaftStorageImpl:Storage Directory /home/runner/work/ozone/ozone/mnt/ozone/hadoop-ozone/integration-test/target/test-dir/MiniOzoneClusterImpl-6d7611b0-ac11-41e1-98f8-97ea473a16a6/scmNode-1/scm-ha/6d7611b0-ac11-41e1-98f8-97ea473a16a6
2021-07-03 01:52:35,528 [pool-164-thread-1] INFO  server.RaftServerConfigKeys (ConfUtils.java:logGet(44)) - raft.server.log.queue.byte-limit = 64MB (=67108864) (default)
2021-07-03 01:52:35,528 [pool-164-thread-1] INFO  server.RaftServerConfigKeys (ConfUtils.java:logGet(44)) - raft.server.log.queue.element-limit = 4096 (default)
2021-07-03 01:52:35,528 [pool-164-thread-1] INFO  server.RaftServerConfigKeys (ConfUtils.java:logGet(44)) - raft.server.log.segment.size.max = 16384 (custom)
2021-07-03 01:52:35,528 [pool-164-thread-1] INFO  server.RaftServerConfigKeys (ConfUtils.java:logGet(44)) - raft.server.log.preallocated.size = 16384 (custom)
2021-07-03 01:52:35,528 [pool-164-thread-1] INFO  server.RaftServerConfigKeys (ConfUtils.java:logGet(44)) - raft.server.log.force.sync.num = 128 (default)
2021-07-03 01:52:35,528 [pool-164-thread-1] INFO  server.RaftServerConfigKeys (ConfUtils.java:logGet(44)) - raft.server.log.statemachine.data.sync = true (default)
2021-07-03 01:52:35,528 [pool-164-thread-1] INFO  server.RaftServerConfigKeys (ConfUtils.java:logGet(44)) - raft.server.log.statemachine.data.sync.timeout = 10s (default)
2021-07-03 01:52:35,528 [pool-164-thread-1] INFO  server.RaftServerConfigKeys (ConfUtils.java:logGet(44)) - raft.server.log.statemachine.data.sync.timeout.retry = -1 (default)
2021-07-03 01:52:35,529 [pool-164-thread-1] INFO  server.RaftServerConfigKeys (ConfUtils.java:logGet(44)) - raft.server.log.write.buffer.size = 64KB (=65536) (default)
2021-07-03 01:52:35,529 [pool-164-thread-1] INFO  server.RaftServerConfigKeys (ConfUtils.java:logGet(44)) - raft.server.log.statemachine.data.caching.enabled = false (default)
2021-07-03 01:52:35,529 [pool-164-thread-1] INFO  segmented.SegmentedRaftLogWorker (SegmentedRaftLogWorker.java:lambda$new$0(133)) - bae6930e-8ae4-497b-9eaa-87fb2ec79d16@group-97EA473A16A6-SegmentedRaftLogWorker: flushIndex: setUnconditionally 0 -> -1
2021-07-03 01:52:35,529 [pool-164-thread-1] INFO  segmented.SegmentedRaftLogWorker (SegmentedRaftLogWorker.java:lambda$new$0(133)) - bae6930e-8ae4-497b-9eaa-87fb2ec79d16@group-97EA473A16A6-SegmentedRaftLogWorker: safeCacheEvictIndex: setUnconditionally 0 -> -1
2021-07-03 01:52:35,530 [pool-164-thread-1] INFO  server.RaftServerConfigKeys (ConfUtils.java:logGet(44)) - raft.server.snapshot.auto.trigger.enabled = true (custom)
2021-07-03 01:52:35,530 [pool-164-thread-1] INFO  server.RaftServerConfigKeys (ConfUtils.java:logGet(44)) - raft.server.snapshot.auto.trigger.threshold = 5 (custom)
2021-07-03 01:52:35,530 [pool-164-thread-1] INFO  server.RaftServerConfigKeys (ConfUtils.java:logGet(44)) - raft.server.snapshot.retention.file.num = -1 (default)
2021-07-03 01:52:35,530 [pool-164-thread-1] INFO  server.RaftServerConfigKeys (ConfUtils.java:logGet(44)) - raft.server.log.purge.upto.snapshot.index = true (custom)
2021-07-03 01:52:35,530 [pool-164-thread-1] INFO  server.RaftServerConfigKeys (ConfUtils.java:logGet(44)) - raft.server.retrycache.expirytime = 60000ms (default)
2021-07-03 01:52:35,530 [pool-164-thread-1] INFO  server.RaftServerConfigKeys (ConfUtils.java:logGet(44)) - raft.server.retrycache.statistics.expirytime = 100μs (default)
2021-07-03 01:52:35,530 [pool-164-thread-1] INFO  metrics.RatisMetrics (RatisMetrics.java:lambda$create$0(36)) - Creating Metrics Registry : ratis.leader_election.bae6930e-8ae4-497b-9eaa-87fb2ec79d16@group-97EA473A16A6
2021-07-03 01:52:35,531 [pool-164-thread-1] INFO  metrics.RatisMetrics (RatisMetrics.java:lambda$create$0(36)) - Creating Metrics Registry : ratis.server.bae6930e-8ae4-497b-9eaa-87fb2ec79d16@group-97EA473A16A6
2021-07-03 01:52:35,531 [Listener at 127.0.0.1/11004] INFO  server.RaftServer$Division (RaftServerImpl.java:start(295)) - bae6930e-8ae4-497b-9eaa-87fb2ec79d16@group-97EA473A16A6: start as a follower, conf=-1: [bae6930e-8ae4-497b-9eaa-87fb2ec79d16|rpc:localhost:14496|priority:0], old=null
2021-07-03 01:52:35,531 [Listener at 127.0.0.1/11004] INFO  server.RaftServer$Division (RaftServerImpl.java:setRole(284)) - bae6930e-8ae4-497b-9eaa-87fb2ec79d16@group-97EA473A16A6: changes role from      null to FOLLOWER at term 0 for startAsFollower
2021-07-03 01:52:35,531 [Listener at 127.0.0.1/11004] INFO  impl.RoleInfo (RoleInfo.java:updateAndGet(130)) - bae6930e-8ae4-497b-9eaa-87fb2ec79d16: start bae6930e-8ae4-497b-9eaa-87fb2ec79d16@group-97EA473A16A6-FollowerState
2021-07-03 01:52:35,534 [Listener at 127.0.0.1/11004] INFO  util.JmxRegister (JmxRegister.java:tryRegister(44)) - Successfully registered JMX Bean with object name Ratis:service=RaftServer,group=group-97EA473A16A6,id=bae6930e-8ae4-497b-9eaa-87fb2ec79d16
2021-07-03 01:52:35,534 [Listener at 127.0.0.1/11004] INFO  metrics.RatisMetrics (RatisMetrics.java:lambda$create$0(36)) - Creating Metrics Registry : ratis.state_machine.bae6930e-8ae4-497b-9eaa-87fb2ec79d16@group-97EA473A16A6
2021-07-03 01:52:35,538 [Listener at 127.0.0.1/11004] INFO  server.RaftServer (RaftServerProxy.java:lambda$start$5(374)) - bae6930e-8ae4-497b-9eaa-87fb2ec79d16: start RPC server
2021-07-03 01:52:35,539 [Listener at 127.0.0.1/11004] INFO  server.GrpcService (GrpcService.java:startImpl(253)) - bae6930e-8ae4-497b-9eaa-87fb2ec79d16: GrpcService started, listening on 14496
2021-07-03 01:52:35,539 [org.apache.ratis.util.JvmPauseMonitor$$Lambda$493/611739613@2900553d] INFO  util.JvmPauseMonitor (JvmPauseMonitor.java:run(103)) - JvmPauseMonitor-bae6930e-8ae4-497b-9eaa-87fb2ec79d16: Started
2021-07-03 01:52:36,509 [EndpointStateMachine task thread for /127.0.0.1:13945 - 0 ] INFO  ipc.Client (Client.java:handleConnectionFailure(966)) - Retrying connect to server: localhost/127.0.0.1:13945. Already tried 9 time(s); retry policy is RetryUpToMaximumCountWithFixedSleep(maxRetries=15, sleepTime=1000 MILLISECONDS)
2021-07-03 01:52:36,509 [EndpointStateMachine task thread for /127.0.0.1:13935 - 0 ] INFO  ipc.Client (Client.java:handleConnectionFailure(966)) - Retrying connect to server: localhost/127.0.0.1:13935. Already tried 10 time(s); retry policy is RetryUpToMaximumCountWithFixedSleep(maxRetries=15, sleepTime=1000 MILLISECONDS)
2021-07-03 01:52:36,510 [EndpointStateMachine task thread for /127.0.0.1:13925 - 0 ] INFO  ipc.Client (Client.java:handleConnectionFailure(966)) - Retrying connect to server: localhost/127.0.0.1:13925. Already tried 12 time(s); retry policy is RetryUpToMaximumCountWithFixedSleep(maxRetries=15, sleepTime=1000 MILLISECONDS)
2021-07-03 01:52:37,510 [EndpointStateMachine task thread for /127.0.0.1:13945 - 0 ] INFO  ipc.Client (Client.java:handleConnectionFailure(966)) - Retrying connect to server: localhost/127.0.0.1:13945. Already tried 10 time(s); retry policy is RetryUpToMaximumCountWithFixedSleep(maxRetries=15, sleepTime=1000 MILLISECONDS)
2021-07-03 01:52:37,510 [EndpointStateMachine task thread for /127.0.0.1:13935 - 0 ] INFO  ipc.Client (Client.java:handleConnectionFailure(966)) - Retrying connect to server: localhost/127.0.0.1:13935. Already tried 11 time(s); retry policy is RetryUpToMaximumCountWithFixedSleep(maxRetries=15, sleepTime=1000 MILLISECONDS)
2021-07-03 01:52:37,511 [EndpointStateMachine task thread for /127.0.0.1:13925 - 0 ] INFO  ipc.Client (Client.java:handleConnectionFailure(966)) - Retrying connect to server: localhost/127.0.0.1:13925. Already tried 13 time(s); retry policy is RetryUpToMaximumCountWithFixedSleep(maxRetries=15, sleepTime=1000 MILLISECONDS)
2021-07-03 01:52:38,511 [EndpointStateMachine task thread for /127.0.0.1:13945 - 0 ] INFO  ipc.Client (Client.java:handleConnectionFailure(966)) - Retrying connect to server: localhost/127.0.0.1:13945. Already tried 11 time(s); retry policy is RetryUpToMaximumCountWithFixedSleep(maxRetries=15, sleepTime=1000 MILLISECONDS)
2021-07-03 01:52:38,511 [EndpointStateMachine task thread for /127.0.0.1:13935 - 0 ] INFO  ipc.Client (Client.java:handleConnectionFailure(966)) - Retrying connect to server: localhost/127.0.0.1:13935. Already tried 12 time(s); retry policy is RetryUpToMaximumCountWithFixedSleep(maxRetries=15, sleepTime=1000 MILLISECONDS)
2021-07-03 01:52:38,511 [EndpointStateMachine task thread for /127.0.0.1:13925 - 0 ] INFO  ipc.Client (Client.java:handleConnectionFailure(966)) - Retrying connect to server: localhost/127.0.0.1:13925. Already tried 14 time(s); retry policy is RetryUpToMaximumCountWithFixedSleep(maxRetries=15, sleepTime=1000 MILLISECONDS)
2021-07-03 01:52:38,512 [EndpointStateMachine task thread for /127.0.0.1:13925 - 0 ] WARN  statemachine.EndpointStateMachine (EndpointStateMachine.java:logIfNeeded(236)) - Unable to communicate to SCM server at localhost:13925 for past 0 seconds.
java.net.ConnectException: Call From fv-az12-896/10.1.0.32 to localhost:13925 failed on connection exception: java.net.ConnectException: Connection refused; For more details see:  http://wiki.apache.org/hadoop/ConnectionRefused
	at sun.reflect.NativeConstructorAccessorImpl.newInstance0(Native Method)
	at sun.reflect.NativeConstructorAccessorImpl.newInstance(NativeConstructorAccessorImpl.java:62)
	at sun.reflect.DelegatingConstructorAccessorImpl.newInstance(DelegatingConstructorAccessorImpl.java:45)
	at java.lang.reflect.Constructor.newInstance(Constructor.java:423)
	at org.apache.hadoop.net.NetUtils.wrapWithMessage(NetUtils.java:836)
	at org.apache.hadoop.net.NetUtils.wrapException(NetUtils.java:760)
	at org.apache.hadoop.ipc.Client.getRpcResponse(Client.java:1566)
	at org.apache.hadoop.ipc.Client.call(Client.java:1508)
	at org.apache.hadoop.ipc.Client.call(Client.java:1405)
	at org.apache.hadoop.ipc.ProtobufRpcEngine$Invoker.invoke(ProtobufRpcEngine.java:233)
	at org.apache.hadoop.ipc.ProtobufRpcEngine$Invoker.invoke(ProtobufRpcEngine.java:118)
	at com.sun.proxy.$Proxy45.submitRequest(Unknown Source)
	at org.apache.hadoop.ozone.protocolPB.StorageContainerDatanodeProtocolClientSideTranslatorPB.submitRequest(StorageContainerDatanodeProtocolClientSideTranslatorPB.java:117)
	at org.apache.hadoop.ozone.protocolPB.StorageContainerDatanodeProtocolClientSideTranslatorPB.sendHeartbeat(StorageContainerDatanodeProtocolClientSideTranslatorPB.java:149)
	at org.apache.hadoop.ozone.container.common.states.endpoint.HeartbeatEndpointTask.call(HeartbeatEndpointTask.java:146)
	at org.apache.hadoop.ozone.container.common.states.endpoint.HeartbeatEndpointTask.call(HeartbeatEndpointTask.java:77)
	at java.util.concurrent.FutureTask.run(FutureTask.java:266)
	at java.util.concurrent.ThreadPoolExecutor.runWorker(ThreadPoolExecutor.java:1149)
	at java.util.concurrent.ThreadPoolExecutor$Worker.run(ThreadPoolExecutor.java:624)
	at java.lang.Thread.run(Thread.java:748)
Caused by: java.net.ConnectException: Connection refused
	at sun.nio.ch.SocketChannelImpl.checkConnect(Native Method)
	at sun.nio.ch.SocketChannelImpl.finishConnect(SocketChannelImpl.java:716)
	at org.apache.hadoop.net.SocketIOWithTimeout.connect(SocketIOWithTimeout.java:206)
	at org.apache.hadoop.net.NetUtils.connect(NetUtils.java:534)
	at org.apache.hadoop.ipc.Client$Connection.setupConnection(Client.java:699)
	at org.apache.hadoop.ipc.Client$Connection.setupIOstreams(Client.java:812)
	at org.apache.hadoop.ipc.Client$Connection.access$3800(Client.java:413)
	at org.apache.hadoop.ipc.Client.getConnection(Client.java:1636)
	at org.apache.hadoop.ipc.Client.call(Client.java:1452)
	... 12 more
2021-07-03 01:52:39,512 [EndpointStateMachine task thread for /127.0.0.1:13935 - 0 ] INFO  ipc.Client (Client.java:handleConnectionFailure(966)) - Retrying connect to server: localhost/127.0.0.1:13935. Already tried 13 time(s); retry policy is RetryUpToMaximumCountWithFixedSleep(maxRetries=15, sleepTime=1000 MILLISECONDS)
2021-07-03 01:52:39,512 [EndpointStateMachine task thread for /127.0.0.1:13945 - 0 ] INFO  ipc.Client (Client.java:handleConnectionFailure(966)) - Retrying connect to server: localhost/127.0.0.1:13945. Already tried 12 time(s); retry policy is RetryUpToMaximumCountWithFixedSleep(maxRetries=15, sleepTime=1000 MILLISECONDS)
2021-07-03 01:52:39,514 [EndpointStateMachine task thread for /127.0.0.1:13925 - 0 ] INFO  ipc.Client (Client.java:handleConnectionFailure(966)) - Retrying connect to server: localhost/127.0.0.1:13925. Already tried 0 time(s); retry policy is RetryUpToMaximumCountWithFixedSleep(maxRetries=15, sleepTime=1000 MILLISECONDS)
2021-07-03 01:52:40,512 [EndpointStateMachine task thread for /127.0.0.1:13935 - 0 ] INFO  ipc.Client (Client.java:handleConnectionFailure(966)) - Retrying connect to server: localhost/127.0.0.1:13935. Already tried 14 time(s); retry policy is RetryUpToMaximumCountWithFixedSleep(maxRetries=15, sleepTime=1000 MILLISECONDS)
2021-07-03 01:52:40,513 [EndpointStateMachine task thread for /127.0.0.1:13945 - 0 ] INFO  ipc.Client (Client.java:handleConnectionFailure(966)) - Retrying connect to server: localhost/127.0.0.1:13945. Already tried 13 time(s); retry policy is RetryUpToMaximumCountWithFixedSleep(maxRetries=15, sleepTime=1000 MILLISECONDS)
2021-07-03 01:52:40,513 [EndpointStateMachine task thread for /127.0.0.1:13935 - 0 ] WARN  statemachine.EndpointStateMachine (EndpointStateMachine.java:logIfNeeded(236)) - Unable to communicate to SCM server at localhost:13935 for past 0 seconds.
java.net.ConnectException: Call From fv-az12-896/10.1.0.32 to localhost:13935 failed on connection exception: java.net.ConnectException: Connection refused; For more details see:  http://wiki.apache.org/hadoop/ConnectionRefused
	at sun.reflect.NativeConstructorAccessorImpl.newInstance0(Native Method)
	at sun.reflect.NativeConstructorAccessorImpl.newInstance(NativeConstructorAccessorImpl.java:62)
	at sun.reflect.DelegatingConstructorAccessorImpl.newInstance(DelegatingConstructorAccessorImpl.java:45)
	at java.lang.reflect.Constructor.newInstance(Constructor.java:423)
	at org.apache.hadoop.net.NetUtils.wrapWithMessage(NetUtils.java:836)
	at org.apache.hadoop.net.NetUtils.wrapException(NetUtils.java:760)
	at org.apache.hadoop.ipc.Client.getRpcResponse(Client.java:1566)
	at org.apache.hadoop.ipc.Client.call(Client.java:1508)
	at org.apache.hadoop.ipc.Client.call(Client.java:1405)
	at org.apache.hadoop.ipc.ProtobufRpcEngine$Invoker.invoke(ProtobufRpcEngine.java:233)
	at org.apache.hadoop.ipc.ProtobufRpcEngine$Invoker.invoke(ProtobufRpcEngine.java:118)
	at com.sun.proxy.$Proxy45.submitRequest(Unknown Source)
	at org.apache.hadoop.ozone.protocolPB.StorageContainerDatanodeProtocolClientSideTranslatorPB.submitRequest(StorageContainerDatanodeProtocolClientSideTranslatorPB.java:117)
	at org.apache.hadoop.ozone.protocolPB.StorageContainerDatanodeProtocolClientSideTranslatorPB.sendHeartbeat(StorageContainerDatanodeProtocolClientSideTranslatorPB.java:149)
	at org.apache.hadoop.ozone.container.common.states.endpoint.HeartbeatEndpointTask.call(HeartbeatEndpointTask.java:146)
	at org.apache.hadoop.ozone.container.common.states.endpoint.HeartbeatEndpointTask.call(HeartbeatEndpointTask.java:77)
	at java.util.concurrent.FutureTask.run(FutureTask.java:266)
	at java.util.concurrent.ThreadPoolExecutor.runWorker(ThreadPoolExecutor.java:1149)
	at java.util.concurrent.ThreadPoolExecutor$Worker.run(ThreadPoolExecutor.java:624)
	at java.lang.Thread.run(Thread.java:748)
Caused by: java.net.ConnectException: Connection refused
	at sun.nio.ch.SocketChannelImpl.checkConnect(Native Method)
	at sun.nio.ch.SocketChannelImpl.finishConnect(SocketChannelImpl.java:716)
	at org.apache.hadoop.net.SocketIOWithTimeout.connect(SocketIOWithTimeout.java:206)
	at org.apache.hadoop.net.NetUtils.connect(NetUtils.java:534)
	at org.apache.hadoop.ipc.Client$Connection.setupConnection(Client.java:699)
	at org.apache.hadoop.ipc.Client$Connection.setupIOstreams(Client.java:812)
	at org.apache.hadoop.ipc.Client$Connection.access$3800(Client.java:413)
	at org.apache.hadoop.ipc.Client.getConnection(Client.java:1636)
	at org.apache.hadoop.ipc.Client.call(Client.java:1452)
	... 12 more
2021-07-03 01:52:40,514 [EndpointStateMachine task thread for /127.0.0.1:13925 - 0 ] INFO  ipc.Client (Client.java:handleConnectionFailure(966)) - Retrying connect to server: localhost/127.0.0.1:13925. Already tried 1 time(s); retry policy is RetryUpToMaximumCountWithFixedSleep(maxRetries=15, sleepTime=1000 MILLISECONDS)
2021-07-03 01:52:40,641 [bae6930e-8ae4-497b-9eaa-87fb2ec79d16@group-97EA473A16A6-FollowerState] INFO  impl.FollowerState (FollowerState.java:run(134)) - bae6930e-8ae4-497b-9eaa-87fb2ec79d16@group-97EA473A16A6-FollowerState: change to CANDIDATE, lastRpcElapsedTime:5110036571ns, electionTimeout:5103ms
2021-07-03 01:52:40,642 [bae6930e-8ae4-497b-9eaa-87fb2ec79d16@group-97EA473A16A6-FollowerState] INFO  impl.RoleInfo (RoleInfo.java:shutdownFollowerState(108)) - bae6930e-8ae4-497b-9eaa-87fb2ec79d16: shutdown bae6930e-8ae4-497b-9eaa-87fb2ec79d16@group-97EA473A16A6-FollowerState
2021-07-03 01:52:40,642 [bae6930e-8ae4-497b-9eaa-87fb2ec79d16@group-97EA473A16A6-FollowerState] INFO  server.RaftServer$Division (RaftServerImpl.java:setRole(284)) - bae6930e-8ae4-497b-9eaa-87fb2ec79d16@group-97EA473A16A6: changes role from  FOLLOWER to CANDIDATE at term 0 for changeToCandidate
2021-07-03 01:52:40,642 [bae6930e-8ae4-497b-9eaa-87fb2ec79d16@group-97EA473A16A6-FollowerState] INFO  server.RaftServerConfigKeys (ConfUtils.java:logGet(44)) - raft.server.leaderelection.pre-vote = false (custom)
2021-07-03 01:52:40,642 [bae6930e-8ae4-497b-9eaa-87fb2ec79d16@group-97EA473A16A6-FollowerState] INFO  impl.RoleInfo (RoleInfo.java:updateAndGet(130)) - bae6930e-8ae4-497b-9eaa-87fb2ec79d16: start bae6930e-8ae4-497b-9eaa-87fb2ec79d16@group-97EA473A16A6-LeaderElection16
2021-07-03 01:52:40,644 [bae6930e-8ae4-497b-9eaa-87fb2ec79d16@group-97EA473A16A6-LeaderElection16] INFO  impl.LeaderElection (LeaderElection.java:askForVotes(306)) - bae6930e-8ae4-497b-9eaa-87fb2ec79d16@group-97EA473A16A6-LeaderElection16 ELECTION round 0: submit vote requests at term 1 for -1: [bae6930e-8ae4-497b-9eaa-87fb2ec79d16|rpc:localhost:14496|priority:0], old=null
2021-07-03 01:52:40,644 [bae6930e-8ae4-497b-9eaa-87fb2ec79d16@group-97EA473A16A6-LeaderElection16] INFO  impl.LeaderElection (LeaderElection.java:askForVotes(308)) - bae6930e-8ae4-497b-9eaa-87fb2ec79d16@group-97EA473A16A6-LeaderElection16 ELECTION round 0: result PASSED (term=1)
2021-07-03 01:52:40,644 [bae6930e-8ae4-497b-9eaa-87fb2ec79d16@group-97EA473A16A6-LeaderElection16] INFO  impl.RoleInfo (RoleInfo.java:shutdownLeaderElection(121)) - bae6930e-8ae4-497b-9eaa-87fb2ec79d16: shutdown bae6930e-8ae4-497b-9eaa-87fb2ec79d16@group-97EA473A16A6-LeaderElection16
2021-07-03 01:52:40,644 [bae6930e-8ae4-497b-9eaa-87fb2ec79d16@group-97EA473A16A6-LeaderElection16] INFO  server.RaftServer$Division (RaftServerImpl.java:setRole(284)) - bae6930e-8ae4-497b-9eaa-87fb2ec79d16@group-97EA473A16A6: changes role from CANDIDATE to LEADER at term 1 for changeToLeader
2021-07-03 01:52:40,644 [bae6930e-8ae4-497b-9eaa-87fb2ec79d16@group-97EA473A16A6-LeaderElection16] INFO  server.RaftServer$Division (ServerState.java:setLeader(271)) - bae6930e-8ae4-497b-9eaa-87fb2ec79d16@group-97EA473A16A6: change Leader from null to bae6930e-8ae4-497b-9eaa-87fb2ec79d16 at term 1 for becomeLeader, leader elected after 5117ms
2021-07-03 01:52:40,644 [bae6930e-8ae4-497b-9eaa-87fb2ec79d16@group-97EA473A16A6-LeaderElection16] INFO  server.RaftServerConfigKeys (ConfUtils.java:logGet(44)) - raft.server.staging.catchup.gap = 1000 (default)
2021-07-03 01:52:40,644 [bae6930e-8ae4-497b-9eaa-87fb2ec79d16@group-97EA473A16A6-LeaderElection16] INFO  metrics.RatisMetrics (RatisMetrics.java:lambda$create$0(36)) - Creating Metrics Registry : ratis.log_appender.bae6930e-8ae4-497b-9eaa-87fb2ec79d16@group-97EA473A16A6
2021-07-03 01:52:40,644 [bae6930e-8ae4-497b-9eaa-87fb2ec79d16@group-97EA473A16A6-LeaderElection16] INFO  server.RaftServerConfigKeys (ConfUtils.java:logGet(44)) - raft.server.write.element-limit = 4096 (default)
2021-07-03 01:52:40,644 [bae6930e-8ae4-497b-9eaa-87fb2ec79d16@group-97EA473A16A6-LeaderElection16] INFO  server.RaftServerConfigKeys (ConfUtils.java:logGet(44)) - raft.server.write.byte-limit = 64MB (=67108864) (default)
2021-07-03 01:52:40,645 [bae6930e-8ae4-497b-9eaa-87fb2ec79d16@group-97EA473A16A6-LeaderElection16] INFO  server.RaftServerConfigKeys (ConfUtils.java:logGet(44)) - raft.server.watch.timeout = 10s (default)
2021-07-03 01:52:40,645 [bae6930e-8ae4-497b-9eaa-87fb2ec79d16@group-97EA473A16A6-LeaderElection16] INFO  server.RaftServerConfigKeys (ConfUtils.java:logGet(44)) - raft.server.watch.timeout.denomination = 1s (default)
2021-07-03 01:52:40,645 [bae6930e-8ae4-497b-9eaa-87fb2ec79d16@group-97EA473A16A6-LeaderElection16] INFO  server.RaftServerConfigKeys (ConfUtils.java:logGet(44)) - raft.server.watch.element-limit = 65536 (default)
2021-07-03 01:52:40,645 [bae6930e-8ae4-497b-9eaa-87fb2ec79d16@group-97EA473A16A6-LeaderElection16] INFO  impl.RoleInfo (RoleInfo.java:updateAndGet(130)) - bae6930e-8ae4-497b-9eaa-87fb2ec79d16: start bae6930e-8ae4-497b-9eaa-87fb2ec79d16@group-97EA473A16A6-LeaderStateImpl
2021-07-03 01:52:40,646 [bae6930e-8ae4-497b-9eaa-87fb2ec79d16@group-97EA473A16A6-LeaderElection16] INFO  segmented.SegmentedRaftLogWorker (SegmentedRaftLogWorker.java:startLogSegment(394)) - bae6930e-8ae4-497b-9eaa-87fb2ec79d16@group-97EA473A16A6-SegmentedRaftLogWorker: Starting segment from index:0
2021-07-03 01:52:40,650 [bae6930e-8ae4-497b-9eaa-87fb2ec79d16@group-97EA473A16A6-LeaderElection16] INFO  server.RaftServer$Division (ServerState.java:setRaftConf(373)) - bae6930e-8ae4-497b-9eaa-87fb2ec79d16@group-97EA473A16A6: set configuration 0: [bae6930e-8ae4-497b-9eaa-87fb2ec79d16|rpc:localhost:14496|admin:|client:|dataStream:|priority:0], old=null
2021-07-03 01:52:40,651 [bae6930e-8ae4-497b-9eaa-87fb2ec79d16@group-97EA473A16A6-SegmentedRaftLogWorker] INFO  segmented.SegmentedRaftLogWorker (SegmentedRaftLogWorker.java:execute(601)) - bae6930e-8ae4-497b-9eaa-87fb2ec79d16@group-97EA473A16A6-SegmentedRaftLogWorker: created new log segment /home/runner/work/ozone/ozone/mnt/ozone/hadoop-ozone/integration-test/target/test-dir/MiniOzoneClusterImpl-6d7611b0-ac11-41e1-98f8-97ea473a16a6/scmNode-1/scm-ha/6d7611b0-ac11-41e1-98f8-97ea473a16a6/current/log_inprogress_0
2021-07-03 01:52:41,513 [EndpointStateMachine task thread for /127.0.0.1:13945 - 0 ] INFO  ipc.Client (Client.java:handleConnectionFailure(966)) - Retrying connect to server: localhost/127.0.0.1:13945. Already tried 14 time(s); retry policy is RetryUpToMaximumCountWithFixedSleep(maxRetries=15, sleepTime=1000 MILLISECONDS)
2021-07-03 01:52:41,514 [EndpointStateMachine task thread for /127.0.0.1:13935 - 0 ] INFO  ipc.Client (Client.java:handleConnectionFailure(966)) - Retrying connect to server: localhost/127.0.0.1:13935. Already tried 0 time(s); retry policy is RetryUpToMaximumCountWithFixedSleep(maxRetries=15, sleepTime=1000 MILLISECONDS)
2021-07-03 01:52:41,514 [EndpointStateMachine task thread for /127.0.0.1:13925 - 0 ] INFO  ipc.Client (Client.java:handleConnectionFailure(966)) - Retrying connect to server: localhost/127.0.0.1:13925. Already tried 2 time(s); retry policy is RetryUpToMaximumCountWithFixedSleep(maxRetries=15, sleepTime=1000 MILLISECONDS)
2021-07-03 01:52:41,540 [Listener at 127.0.0.1/11004] INFO  server.RaftServer (RaftServerProxy.java:lambda$close$6(391)) - bae6930e-8ae4-497b-9eaa-87fb2ec79d16: close
2021-07-03 01:52:41,540 [Listener at 127.0.0.1/11004] INFO  server.RaftServer$Division (RaftServerImpl.java:lambda$close$4(406)) - bae6930e-8ae4-497b-9eaa-87fb2ec79d16@group-97EA473A16A6: shutdown
2021-07-03 01:52:41,541 [Listener at 127.0.0.1/11004] INFO  util.JmxRegister (JmxRegister.java:unregister(73)) - Successfully un-registered JMX Bean with object name Ratis:service=RaftServer,group=group-97EA473A16A6,id=bae6930e-8ae4-497b-9eaa-87fb2ec79d16
2021-07-03 01:52:41,541 [Listener at 127.0.0.1/11004] INFO  impl.RoleInfo (RoleInfo.java:shutdownLeaderState(91)) - bae6930e-8ae4-497b-9eaa-87fb2ec79d16: shutdown bae6930e-8ae4-497b-9eaa-87fb2ec79d16@group-97EA473A16A6-LeaderStateImpl
2021-07-03 01:52:41,541 [Listener at 127.0.0.1/11004] INFO  impl.PendingRequests (PendingRequests.java:sendNotLeaderResponses(249)) - bae6930e-8ae4-497b-9eaa-87fb2ec79d16@group-97EA473A16A6-PendingRequests: sendNotLeaderResponses
2021-07-03 01:52:41,541 [Listener at 127.0.0.1/11004] INFO  metrics.RatisMetrics (RatisMetrics.java:unregister(43)) - Unregistering Metrics Registry : ratis.log_appender.bae6930e-8ae4-497b-9eaa-87fb2ec79d16@group-97EA473A16A6
2021-07-03 01:52:41,541 [Listener at 127.0.0.1/11004] INFO  metrics.RatisMetrics (RatisMetrics.java:unregister(43)) - Unregistering Metrics Registry : ratis.server.bae6930e-8ae4-497b-9eaa-87fb2ec79d16@group-97EA473A16A6
2021-07-03 01:52:41,542 [bae6930e-8ae4-497b-9eaa-87fb2ec79d16@group-97EA473A16A6-StateMachineUpdater] INFO  impl.StateMachineUpdater (StateMachineUpdater.java:takeSnapshot(281)) - bae6930e-8ae4-497b-9eaa-87fb2ec79d16@group-97EA473A16A6-StateMachineUpdater: Took a snapshot at index 0
2021-07-03 01:52:41,542 [bae6930e-8ae4-497b-9eaa-87fb2ec79d16@group-97EA473A16A6-StateMachineUpdater] INFO  impl.StateMachineUpdater (StateMachineUpdater.java:lambda$new$0(89)) - bae6930e-8ae4-497b-9eaa-87fb2ec79d16@group-97EA473A16A6-StateMachineUpdater: snapshotIndex: updateIncreasingly -1 -> 0
2021-07-03 01:52:41,542 [bae6930e-8ae4-497b-9eaa-87fb2ec79d16@group-97EA473A16A6-StateMachineUpdater] INFO  metrics.RatisMetrics (RatisMetrics.java:unregister(43)) - Unregistering Metrics Registry : ratis.state_machine.bae6930e-8ae4-497b-9eaa-87fb2ec79d16@group-97EA473A16A6
2021-07-03 01:52:41,542 [Listener at 127.0.0.1/11004] INFO  impl.StateMachineUpdater (StateMachineUpdater.java:stopAndJoin(149)) - bae6930e-8ae4-497b-9eaa-87fb2ec79d16@group-97EA473A16A6-StateMachineUpdater: set stopIndex = 0
2021-07-03 01:52:41,543 [Listener at 127.0.0.1/11004] INFO  server.RaftServer$Division (ServerState.java:close(405)) - bae6930e-8ae4-497b-9eaa-87fb2ec79d16@group-97EA473A16A6: closes. applyIndex: 0
2021-07-03 01:52:41,543 [bae6930e-8ae4-497b-9eaa-87fb2ec79d16@group-97EA473A16A6-SegmentedRaftLogWorker] INFO  segmented.SegmentedRaftLogWorker (SegmentedRaftLogWorker.java:run(327)) - bae6930e-8ae4-497b-9eaa-87fb2ec79d16@group-97EA473A16A6-SegmentedRaftLogWorker was interrupted, exiting. There are 0 tasks remaining in the queue.
2021-07-03 01:52:41,544 [Listener at 127.0.0.1/11004] INFO  segmented.SegmentedRaftLogWorker (SegmentedRaftLogWorker.java:close(237)) - bae6930e-8ae4-497b-9eaa-87fb2ec79d16@group-97EA473A16A6-SegmentedRaftLogWorker close()
2021-07-03 01:52:41,544 [Listener at 127.0.0.1/11004] INFO  metrics.RatisMetrics (RatisMetrics.java:unregister(43)) - Unregistering Metrics Registry : ratis.log_worker.bae6930e-8ae4-497b-9eaa-87fb2ec79d16@group-97EA473A16A6
2021-07-03 01:52:41,545 [Listener at 127.0.0.1/11004] INFO  metrics.RatisMetrics (RatisMetrics.java:unregister(43)) - Unregistering Metrics Registry : ratis.leader_election.bae6930e-8ae4-497b-9eaa-87fb2ec79d16@group-97EA473A16A6
2021-07-03 01:52:41,545 [Listener at 127.0.0.1/11004] INFO  metrics.RatisMetrics (RatisMetrics.java:unregister(43)) - Unregistering Metrics Registry : ratis.server.bae6930e-8ae4-497b-9eaa-87fb2ec79d16@group-97EA473A16A6
2021-07-03 01:52:41,545 [Listener at 127.0.0.1/11004] INFO  server.GrpcService (GrpcService.java:closeImpl(262)) - bae6930e-8ae4-497b-9eaa-87fb2ec79d16: shutdown server with port 14496 now
2021-07-03 01:52:41,545 [Listener at 127.0.0.1/11004] INFO  server.GrpcService (GrpcService.java:closeImpl(271)) - bae6930e-8ae4-497b-9eaa-87fb2ec79d16: shutdown server with port 14496 successfully
2021-07-03 01:52:41,546 [org.apache.ratis.util.JvmPauseMonitor$$Lambda$493/611739613@2900553d] INFO  util.JvmPauseMonitor (JvmPauseMonitor.java:run(109)) - JvmPauseMonitor-bae6930e-8ae4-497b-9eaa-87fb2ec79d16: Stopped
2021-07-03 01:52:41,546 [Listener at 127.0.0.1/11004] WARN  server.ServerUtils (ServerUtils.java:getScmDbDir(148)) - ozone.scm.db.dirs is not configured. We recommend adding this setting. Falling back to ozone.metadata.dirs instead.
2021-07-03 01:52:41,554 [Listener at 127.0.0.1/11004] INFO  server.StorageContainerManager (StorageContainerManager.java:scmInit(994)) - SCM initialization succeeded. Current cluster id for sd=/home/runner/work/ozone/ozone/mnt/ozone/hadoop-ozone/integration-test/target/test-dir/MiniOzoneClusterImpl-6d7611b0-ac11-41e1-98f8-97ea473a16a6/scmNode-1/scm; cid=6d7611b0-ac11-41e1-98f8-97ea473a16a6; layoutVersion=0; scmId=bae6930e-8ae4-497b-9eaa-87fb2ec79d16
2021-07-03 01:52:41,554 [Listener at 127.0.0.1/11004] INFO  ha.SCMHANodeDetails (SCMHANodeDetails.java:loadSCMHAConfig(157)) - ServiceID for StorageContainerManager is scm-service-test1
2021-07-03 01:52:41,554 [Listener at 127.0.0.1/11004] INFO  ha.SCMHANodeDetails (SCMHANodeDetails.java:loadSCMHAConfig(168)) - ServiceID for StorageContainerManager is scm-service-test1
2021-07-03 01:52:41,555 [Listener at 127.0.0.1/11004] WARN  scm.ScmUtils (ScmUtils.java:logWarn(179)) - ConfigKey ozone.scm.block.client.address is deprecated, For configuring different ports for each SCM use PortConfigKey ozone.scm.block.client.port appended with serviceId and nodeId. If want to configure same port configure ozone.scm.block.client.port
2021-07-03 01:52:41,555 [Listener at 127.0.0.1/11004] WARN  scm.ScmUtils (ScmUtils.java:logWarn(179)) - ConfigKey ozone.scm.client.address is deprecated, For configuring different ports for each SCM use PortConfigKey ozone.scm.client.port appended with serviceId and nodeId. If want to configure same port configure ozone.scm.client.port
2021-07-03 01:52:41,555 [Listener at 127.0.0.1/11004] WARN  scm.ScmUtils (ScmUtils.java:logWarn(179)) - ConfigKey ozone.scm.datanode.address is deprecated, For configuring different ports for each SCM use PortConfigKey ozone.scm.datanode.port appended with serviceId and nodeId. If want to configure same port configure ozone.scm.datanode.port
2021-07-03 01:52:41,555 [Listener at 127.0.0.1/11004] WARN  scm.ScmUtils (ScmUtils.java:logWarn(179)) - ConfigKey ozone.scm.block.client.address is deprecated, For configuring different ports for each SCM use PortConfigKey ozone.scm.block.client.port appended with serviceId and nodeId. If want to configure same port configure ozone.scm.block.client.port
2021-07-03 01:52:41,556 [Listener at 127.0.0.1/11004] WARN  scm.ScmUtils (ScmUtils.java:logWarn(179)) - ConfigKey ozone.scm.client.address is deprecated, For configuring different ports for each SCM use PortConfigKey ozone.scm.client.port appended with serviceId and nodeId. If want to configure same port configure ozone.scm.client.port
2021-07-03 01:52:41,556 [Listener at 127.0.0.1/11004] WARN  scm.ScmUtils (ScmUtils.java:logWarn(179)) - ConfigKey ozone.scm.datanode.address is deprecated, For configuring different ports for each SCM use PortConfigKey ozone.scm.datanode.port appended with serviceId and nodeId. If want to configure same port configure ozone.scm.datanode.port
2021-07-03 01:52:41,556 [Listener at 127.0.0.1/11004] INFO  ha.SCMHANodeDetails (SCMHANodeDetails.java:loadSCMHAConfig(250)) - Found matching SCM address with SCMServiceId: scm-service-test1, SCMNodeId: scmNode-1, RPC Address: localhost:14496 and Ratis port: 14496
2021-07-03 01:52:41,556 [Listener at 127.0.0.1/11004] INFO  ha.SCMHANodeDetails (ConfUtils.java:setNodeSpecificConfigs(108)) - Setting configuration key ozone.scm.datanode.address with value of key ozone.scm.datanode.address.scm-service-test1.scmNode-1: 127.0.0.1:14497
2021-07-03 01:52:41,556 [Listener at 127.0.0.1/11004] INFO  ha.SCMHANodeDetails (ConfUtils.java:setNodeSpecificConfigs(108)) - Setting configuration key ozone.scm.block.client.address with value of key ozone.scm.block.client.address.scm-service-test1.scmNode-1: 127.0.0.1:14498
2021-07-03 01:52:41,556 [Listener at 127.0.0.1/11004] INFO  ha.SCMHANodeDetails (ConfUtils.java:setNodeSpecificConfigs(108)) - Setting configuration key ozone.scm.client.address with value of key ozone.scm.client.address.scm-service-test1.scmNode-1: 127.0.0.1:14499
2021-07-03 01:52:41,557 [Listener at 127.0.0.1/11004] INFO  ha.SCMHANodeDetails (ConfUtils.java:setNodeSpecificConfigs(108)) - Setting configuration key ozone.scm.ratis.port with value of key ozone.scm.ratis.port.scm-service-test1.scmNode-1: 14496
2021-07-03 01:52:41,557 [Listener at 127.0.0.1/11004] INFO  ha.SCMHANodeDetails (ConfUtils.java:setNodeSpecificConfigs(108)) - Setting configuration key ozone.scm.grpc.port with value of key ozone.scm.grpc.port.scm-service-test1.scmNode-1: 14500
2021-07-03 01:52:41,557 [Listener at 127.0.0.1/11004] INFO  ha.SCMHANodeDetails (ConfUtils.java:setNodeSpecificConfigs(108)) - Setting configuration key ozone.scm.http-address with value of key ozone.scm.http-address.scm-service-test1.scmNode-1: 127.0.0.1:14494
2021-07-03 01:52:41,557 [Listener at 127.0.0.1/11004] INFO  ha.SCMHANodeDetails (ConfUtils.java:setNodeSpecificConfigs(108)) - Setting configuration key ozone.scm.https-address with value of key ozone.scm.https-address.scm-service-test1.scmNode-1: 127.0.0.1:14495
2021-07-03 01:52:41,557 [Listener at 127.0.0.1/11004] INFO  ha.SCMHANodeDetails (ConfUtils.java:setNodeSpecificConfigs(108)) - Setting configuration key ozone.scm.address with value of key ozone.scm.address.scm-service-test1.scmNode-1: 127.0.0.1
2021-07-03 01:52:41,557 [Listener at 127.0.0.1/11004] WARN  scm.ScmUtils (ScmUtils.java:logWarn(179)) - ConfigKey ozone.scm.block.client.address is deprecated, For configuring different ports for each SCM use PortConfigKey ozone.scm.block.client.port appended with serviceId and nodeId. If want to configure same port configure ozone.scm.block.client.port
2021-07-03 01:52:41,558 [Listener at 127.0.0.1/11004] WARN  scm.ScmUtils (ScmUtils.java:logWarn(179)) - ConfigKey ozone.scm.client.address is deprecated, For configuring different ports for each SCM use PortConfigKey ozone.scm.client.port appended with serviceId and nodeId. If want to configure same port configure ozone.scm.client.port
2021-07-03 01:52:41,558 [Listener at 127.0.0.1/11004] WARN  scm.ScmUtils (ScmUtils.java:logWarn(179)) - ConfigKey ozone.scm.datanode.address is deprecated, For configuring different ports for each SCM use PortConfigKey ozone.scm.datanode.port appended with serviceId and nodeId. If want to configure same port configure ozone.scm.datanode.port
2021-07-03 01:52:41,558 [Listener at 127.0.0.1/11004] WARN  server.ServerUtils (ServerUtils.java:getScmDbDir(148)) - ozone.scm.db.dirs is not configured. We recommend adding this setting. Falling back to ozone.metadata.dirs instead.
2021-07-03 01:52:41,559 [Listener at 127.0.0.1/11004] WARN  utils.HAUtils (HAUtils.java:getMetaDir(342)) - ozone.scm.db.dirs is not configured. We recommend adding this setting. Falling back to ozone.metadata.dirs instead.
2021-07-03 01:52:41,560 [Listener at 127.0.0.1/11004] WARN  db.DBStoreBuilder (DBStoreBuilder.java:applyDBDefinition(145)) - ozone.scm.db.dirs is not configured. We recommend adding this setting. Falling back to ozone.metadata.dirs instead.
2021-07-03 01:52:41,633 [Listener at 127.0.0.1/11004] INFO  net.NodeSchemaLoader (NodeSchemaLoader.java:loadSchemaFromFile(129)) - Loading schema from [jar:file:/home/runner/.m2/repository/org/apache/ozone/hdds-common/1.2.0-SNAPSHOT/hdds-common-1.2.0-SNAPSHOT.jar!/network-topology-default.xml]
2021-07-03 01:52:41,633 [Listener at 127.0.0.1/11004] INFO  net.NodeSchemaLoader (NodeSchemaLoader.java:loadSchema(176)) - Loading network topology layer schema file
2021-07-03 01:52:41,638 [Listener at 127.0.0.1/11004] INFO  ha.SCMRatisServerImpl (SCMRatisServerImpl.java:<init>(85)) - starting Raft server for scm:bae6930e-8ae4-497b-9eaa-87fb2ec79d16
2021-07-03 01:52:41,638 [Listener at 127.0.0.1/11004] INFO  server.RaftServer (ConfUtils.java:logGet(44)) - raft.rpc.type = GRPC (default)
2021-07-03 01:52:41,639 [Listener at 127.0.0.1/11004] INFO  grpc.GrpcFactory (GrpcFactory.java:checkPooledByteBufAllocatorUseCacheForAllThreads(48)) - PERFORMANCE WARNING: useCacheForAllThreads is true that may cause Netty to create a lot garbage objects and, as a result, trigger GC.
	It is recommended to disable useCacheForAllThreads by setting -Dorg.apache.ratis.thirdparty.io.netty.allocator.useCacheForAllThreads=false in command line.
2021-07-03 01:52:41,639 [Listener at 127.0.0.1/11004] INFO  grpc.GrpcConfigKeys (ConfUtils.java:logGet(44)) - raft.grpc.admin.port = -1 (default)
2021-07-03 01:52:41,639 [Listener at 127.0.0.1/11004] INFO  grpc.GrpcConfigKeys (ConfUtils.java:logGet(44)) - raft.grpc.server.port = 14496 (custom)
2021-07-03 01:52:41,640 [Listener at 127.0.0.1/11004] INFO  grpc.GrpcConfigKeys (ConfUtils.java:logGet(44)) - raft.grpc.client.port = -1 (default)
2021-07-03 01:52:41,640 [Listener at 127.0.0.1/11004] INFO  grpc.GrpcConfigKeys (ConfUtils.java:logGet(44)) - raft.grpc.server.port = 14496 (custom)
2021-07-03 01:52:41,640 [Listener at 127.0.0.1/11004] INFO  grpc.GrpcConfigKeys (ConfUtils.java:logGet(44)) - raft.grpc.server.port = 14496 (custom)
2021-07-03 01:52:41,640 [Listener at 127.0.0.1/11004] INFO  server.GrpcService (ConfUtils.java:logGet(44)) - raft.grpc.message.size.max = 32m (=33554432) (custom)
2021-07-03 01:52:41,641 [Listener at 127.0.0.1/11004] INFO  server.RaftServerConfigKeys (ConfUtils.java:logGet(44)) - raft.server.log.appender.buffer.byte-limit = 33554432 (custom)
2021-07-03 01:52:41,641 [Listener at 127.0.0.1/11004] INFO  server.GrpcService (ConfUtils.java:logGet(44)) - raft.grpc.flow.control.window = 1MB (=1048576) (default)
2021-07-03 01:52:41,641 [Listener at 127.0.0.1/11004] INFO  server.RaftServerConfigKeys (ConfUtils.java:logGet(44)) - raft.server.rpc.request.timeout = 30000ms (custom)
2021-07-03 01:52:41,642 [Listener at 127.0.0.1/11004] INFO  impl.DataStreamServerImpl (ConfUtils.java:logGet(44)) - raft.datastream.type = DISABLED (default)
2021-07-03 01:52:41,642 [Listener at 127.0.0.1/11004] INFO  server.RaftServerConfigKeys (ConfUtils.java:logGet(44)) - raft.server.rpc.slowness.timeout = 120000ms (custom)
2021-07-03 01:52:41,643 [Listener at 127.0.0.1/11004] INFO  server.RaftServerConfigKeys (ConfUtils.java:logGet(44)) - raft.server.leaderelection.leader.step-down.wait-time = 10s (default)
2021-07-03 01:52:41,643 [Listener at 127.0.0.1/11004] INFO  server.RaftServerConfigKeys (ConfUtils.java:logGet(44)) - raft.server.storage.dir = [/home/runner/work/ozone/ozone/mnt/ozone/hadoop-ozone/integration-test/target/test-dir/MiniOzoneClusterImpl-6d7611b0-ac11-41e1-98f8-97ea473a16a6/scmNode-1/scm-ha] (custom)
2021-07-03 01:52:41,643 [Listener at 127.0.0.1/11004] INFO  server.RaftServer (RaftServerProxy.java:lambda$null$1(235)) - bae6930e-8ae4-497b-9eaa-87fb2ec79d16: found a subdirectory /home/runner/work/ozone/ozone/mnt/ozone/hadoop-ozone/integration-test/target/test-dir/MiniOzoneClusterImpl-6d7611b0-ac11-41e1-98f8-97ea473a16a6/scmNode-1/scm-ha/6d7611b0-ac11-41e1-98f8-97ea473a16a6
2021-07-03 01:52:41,644 [Listener at 127.0.0.1/11004] INFO  server.RaftServer (RaftServerProxy.java:addNew(95)) - bae6930e-8ae4-497b-9eaa-87fb2ec79d16: addNew group-97EA473A16A6:[] returns group-97EA473A16A6:java.util.concurrent.CompletableFuture@63802a5d[Not completed]
2021-07-03 01:52:41,644 [pool-176-thread-1] INFO  server.RaftServer$Division (RaftServerImpl.java:<init>(180)) - bae6930e-8ae4-497b-9eaa-87fb2ec79d16: new RaftServerImpl for group-97EA473A16A6:[] with SCMStateMachine:uninitialized
2021-07-03 01:52:41,644 [pool-176-thread-1] INFO  server.RaftServerConfigKeys (ConfUtils.java:logGet(44)) - raft.server.rpc.timeout.min = 5000ms (custom)
2021-07-03 01:52:41,645 [pool-176-thread-1] INFO  server.RaftServerConfigKeys (ConfUtils.java:logGet(44)) - raft.server.rpc.timeout.max = 5200ms (custom)
2021-07-03 01:52:41,645 [pool-176-thread-1] INFO  server.RaftServerConfigKeys (ConfUtils.java:logGet(44)) - raft.server.rpc.sleep.time = 25ms (default)
2021-07-03 01:52:41,645 [pool-176-thread-1] INFO  server.RaftServerConfigKeys (ConfUtils.java:logGet(44)) - raft.server.rpc.slowness.timeout = 120000ms (custom)
2021-07-03 01:52:41,645 [pool-176-thread-1] INFO  server.RaftServerConfigKeys (ConfUtils.java:logGet(44)) - raft.server.leaderelection.leader.step-down.wait-time = 10s (default)
2021-07-03 01:52:41,645 [pool-176-thread-1] INFO  server.RaftServerConfigKeys (ConfUtils.java:logGet(44)) - raft.server.sleep.deviation.threshold = 300ms (default)
2021-07-03 01:52:41,645 [pool-176-thread-1] INFO  server.RaftServerConfigKeys (ConfUtils.java:logGet(44)) - raft.server.log.appender.install.snapshot.enabled = false (custom)
2021-07-03 01:52:41,645 [pool-176-thread-1] INFO  server.RaftServer$Division (ServerState.java:<init>(105)) - bae6930e-8ae4-497b-9eaa-87fb2ec79d16@group-97EA473A16A6: ConfigurationManager, init=-1: [], old=null, confs=<EMPTY_MAP>
2021-07-03 01:52:41,646 [pool-176-thread-1] INFO  server.RaftServerConfigKeys (ConfUtils.java:logGet(44)) - raft.server.storage.dir = [/home/runner/work/ozone/ozone/mnt/ozone/hadoop-ozone/integration-test/target/test-dir/MiniOzoneClusterImpl-6d7611b0-ac11-41e1-98f8-97ea473a16a6/scmNode-1/scm-ha] (custom)
2021-07-03 01:52:41,646 [pool-176-thread-1] INFO  server.RaftServerConfigKeys (ConfUtils.java:logGet(44)) - raft.server.log.corruption.policy = EXCEPTION (default)
2021-07-03 01:52:41,647 [pool-176-thread-1] INFO  storage.RaftStorageDirectory (RaftStorageDirectoryImpl.java:tryLock(215)) - Lock on /home/runner/work/ozone/ozone/mnt/ozone/hadoop-ozone/integration-test/target/test-dir/MiniOzoneClusterImpl-6d7611b0-ac11-41e1-98f8-97ea473a16a6/scmNode-1/scm-ha/6d7611b0-ac11-41e1-98f8-97ea473a16a6/in_use.lock acquired by nodename 16859@fv-az12-896
2021-07-03 01:52:41,647 [pool-176-thread-1] INFO  storage.RaftStorage (RaftStorageImpl.java:analyzeAndRecoverStorage(108)) - Read RaftStorageMetadata{term=1, votedFor=bae6930e-8ae4-497b-9eaa-87fb2ec79d16} from /home/runner/work/ozone/ozone/mnt/ozone/hadoop-ozone/integration-test/target/test-dir/MiniOzoneClusterImpl-6d7611b0-ac11-41e1-98f8-97ea473a16a6/scmNode-1/scm-ha/6d7611b0-ac11-41e1-98f8-97ea473a16a6/current/raft-meta
2021-07-03 01:52:41,648 [pool-176-thread-1] INFO  server.RaftServer$Division (ServerState.java:setRaftConf(373)) - bae6930e-8ae4-497b-9eaa-87fb2ec79d16@group-97EA473A16A6: set configuration 0: [bae6930e-8ae4-497b-9eaa-87fb2ec79d16|rpc:localhost:14496|admin:|client:|dataStream:|priority:0], old=null
2021-07-03 01:52:41,648 [pool-176-thread-1] INFO  server.RaftServerConfigKeys (ConfUtils.java:logGet(44)) - raft.server.notification.no-leader.timeout = 60s (default)
2021-07-03 01:52:41,648 [pool-176-thread-1] INFO  server.RaftServerConfigKeys (ConfUtils.java:logGet(44)) - raft.server.log.use.memory = false (default)
2021-07-03 01:52:41,648 [pool-176-thread-1] INFO  server.RaftServerConfigKeys (ConfUtils.java:logGet(44)) - raft.server.log.purge.gap = 5 (custom)
2021-07-03 01:52:41,648 [pool-176-thread-1] INFO  server.RaftServerConfigKeys (ConfUtils.java:logGet(44)) - raft.server.log.appender.buffer.byte-limit = 33554432 (custom)
2021-07-03 01:52:41,648 [pool-176-thread-1] INFO  metrics.RatisMetrics (RatisMetrics.java:lambda$create$0(36)) - Creating Metrics Registry : ratis.log_worker.bae6930e-8ae4-497b-9eaa-87fb2ec79d16@group-97EA473A16A6
2021-07-03 01:52:41,648 [pool-176-thread-1] INFO  server.RaftServerConfigKeys (ConfUtils.java:logGet(44)) - raft.server.log.segment.size.max = 16384 (custom)
2021-07-03 01:52:41,649 [pool-176-thread-1] INFO  server.RaftServerConfigKeys (ConfUtils.java:logGet(44)) - raft.server.log.segment.cache.num.max = 2 (custom)
2021-07-03 01:52:41,649 [pool-176-thread-1] INFO  server.RaftServerConfigKeys (ConfUtils.java:logGet(44)) - raft.server.log.segment.cache.size.max = 200MB (=209715200) (default)
2021-07-03 01:52:41,649 [pool-176-thread-1] INFO  segmented.SegmentedRaftLogWorker (SegmentedRaftLogWorker.java:<init>(182)) - new bae6930e-8ae4-497b-9eaa-87fb2ec79d16@group-97EA473A16A6-SegmentedRaftLogWorker for RaftStorageImpl:Storage Directory /home/runner/work/ozone/ozone/mnt/ozone/hadoop-ozone/integration-test/target/test-dir/MiniOzoneClusterImpl-6d7611b0-ac11-41e1-98f8-97ea473a16a6/scmNode-1/scm-ha/6d7611b0-ac11-41e1-98f8-97ea473a16a6
2021-07-03 01:52:41,649 [pool-176-thread-1] INFO  server.RaftServerConfigKeys (ConfUtils.java:logGet(44)) - raft.server.log.queue.byte-limit = 64MB (=67108864) (default)
2021-07-03 01:52:41,649 [pool-176-thread-1] INFO  server.RaftServerConfigKeys (ConfUtils.java:logGet(44)) - raft.server.log.queue.element-limit = 4096 (default)
2021-07-03 01:52:41,649 [pool-176-thread-1] INFO  server.RaftServerConfigKeys (ConfUtils.java:logGet(44)) - raft.server.log.segment.size.max = 16384 (custom)
2021-07-03 01:52:41,650 [pool-176-thread-1] INFO  server.RaftServerConfigKeys (ConfUtils.java:logGet(44)) - raft.server.log.preallocated.size = 16384 (custom)
2021-07-03 01:52:41,650 [pool-176-thread-1] INFO  server.RaftServerConfigKeys (ConfUtils.java:logGet(44)) - raft.server.log.force.sync.num = 128 (default)
2021-07-03 01:52:41,650 [pool-176-thread-1] INFO  server.RaftServerConfigKeys (ConfUtils.java:logGet(44)) - raft.server.log.statemachine.data.sync = true (default)
2021-07-03 01:52:41,650 [pool-176-thread-1] INFO  server.RaftServerConfigKeys (ConfUtils.java:logGet(44)) - raft.server.log.statemachine.data.sync.timeout = 10s (default)
2021-07-03 01:52:41,650 [pool-176-thread-1] INFO  server.RaftServerConfigKeys (ConfUtils.java:logGet(44)) - raft.server.log.statemachine.data.sync.timeout.retry = -1 (default)
2021-07-03 01:52:41,651 [pool-176-thread-1] INFO  server.RaftServerConfigKeys (ConfUtils.java:logGet(44)) - raft.server.log.write.buffer.size = 64KB (=65536) (default)
2021-07-03 01:52:41,651 [pool-176-thread-1] INFO  server.RaftServerConfigKeys (ConfUtils.java:logGet(44)) - raft.server.log.statemachine.data.caching.enabled = false (default)
2021-07-03 01:52:41,651 [pool-176-thread-1] INFO  server.RaftServer$Division (ServerState.java:setRaftConf(373)) - bae6930e-8ae4-497b-9eaa-87fb2ec79d16@group-97EA473A16A6: set configuration 0: [bae6930e-8ae4-497b-9eaa-87fb2ec79d16|rpc:localhost:14496|admin:|client:|dataStream:|priority:0], old=null
2021-07-03 01:52:41,652 [pool-176-thread-1] INFO  segmented.LogSegment (LogSegment.java:loadSegment(173)) - Successfully read 1 entries from segment file /home/runner/work/ozone/ozone/mnt/ozone/hadoop-ozone/integration-test/target/test-dir/MiniOzoneClusterImpl-6d7611b0-ac11-41e1-98f8-97ea473a16a6/scmNode-1/scm-ha/6d7611b0-ac11-41e1-98f8-97ea473a16a6/current/log_inprogress_0
2021-07-03 01:52:41,652 [pool-176-thread-1] INFO  segmented.SegmentedRaftLogWorker (SegmentedRaftLogWorker.java:lambda$new$0(133)) - bae6930e-8ae4-497b-9eaa-87fb2ec79d16@group-97EA473A16A6-SegmentedRaftLogWorker: flushIndex: setUnconditionally 0 -> 0
2021-07-03 01:52:41,652 [pool-176-thread-1] INFO  segmented.SegmentedRaftLogWorker (SegmentedRaftLogWorker.java:lambda$new$0(133)) - bae6930e-8ae4-497b-9eaa-87fb2ec79d16@group-97EA473A16A6-SegmentedRaftLogWorker: safeCacheEvictIndex: setUnconditionally 0 -> -1
2021-07-03 01:52:41,652 [pool-176-thread-1] INFO  server.RaftServerConfigKeys (ConfUtils.java:logGet(44)) - raft.server.snapshot.auto.trigger.enabled = true (custom)
2021-07-03 01:52:41,652 [pool-176-thread-1] INFO  server.RaftServerConfigKeys (ConfUtils.java:logGet(44)) - raft.server.snapshot.auto.trigger.threshold = 5 (custom)
2021-07-03 01:52:41,652 [pool-176-thread-1] INFO  server.RaftServerConfigKeys (ConfUtils.java:logGet(44)) - raft.server.snapshot.retention.file.num = -1 (default)
2021-07-03 01:52:41,652 [pool-176-thread-1] INFO  server.RaftServerConfigKeys (ConfUtils.java:logGet(44)) - raft.server.log.purge.upto.snapshot.index = true (custom)
2021-07-03 01:52:41,652 [pool-176-thread-1] INFO  server.RaftServerConfigKeys (ConfUtils.java:logGet(44)) - raft.server.retrycache.expirytime = 60000ms (default)
2021-07-03 01:52:41,653 [pool-176-thread-1] INFO  server.RaftServerConfigKeys (ConfUtils.java:logGet(44)) - raft.server.retrycache.statistics.expirytime = 100μs (default)
2021-07-03 01:52:41,653 [pool-176-thread-1] INFO  metrics.RatisMetrics (RatisMetrics.java:lambda$create$0(36)) - Creating Metrics Registry : ratis.leader_election.bae6930e-8ae4-497b-9eaa-87fb2ec79d16@group-97EA473A16A6
2021-07-03 01:52:41,653 [pool-176-thread-1] INFO  metrics.RatisMetrics (RatisMetrics.java:lambda$create$0(36)) - Creating Metrics Registry : ratis.server.bae6930e-8ae4-497b-9eaa-87fb2ec79d16@group-97EA473A16A6
2021-07-03 01:52:41,654 [Listener at 127.0.0.1/11004] INFO  ha.SCMSnapshotProvider (SCMSnapshotProvider.java:<init>(66)) - Initializing SCM Snapshot Provider
2021-07-03 01:52:41,654 [Listener at 127.0.0.1/11004] WARN  server.ServerUtils (ServerUtils.java:getDefaultRatisDirectory(237)) - Storage directory for Ratis is not configured. It is a good idea to map this to an SSD disk. Falling back to ozone.metadata.dirs
2021-07-03 01:52:41,654 [Listener at 127.0.0.1/11004] WARN  ha.SCMHAUtils (SCMHAUtils.java:getSCMRatisSnapshotDirectory(142)) - SCM snapshot dir is not configured. Falling back to ozone.metadata.dirs config
2021-07-03 01:52:41,655 [Listener at 127.0.0.1/11004] INFO  ha.SequenceIdGenerator (SequenceIdGenerator.java:upgradeToSequenceId(327)) - upgrade localId to 107544261427200000
2021-07-03 01:52:41,656 [Listener at 127.0.0.1/11004] INFO  ha.SequenceIdGenerator (SequenceIdGenerator.java:upgradeToSequenceId(337)) - upgrade delTxnId to 0
2021-07-03 01:52:41,656 [Listener at 127.0.0.1/11004] INFO  ha.SequenceIdGenerator (SequenceIdGenerator.java:upgradeToSequenceId(351)) - upgrade containerId to 0
2021-07-03 01:52:41,656 [Listener at 127.0.0.1/11004] INFO  ha.SequenceIdGenerator (SequenceIdGenerator.java:<init>(217)) - Init the HA SequenceIdGenerator.
2021-07-03 01:52:41,657 [Listener at 127.0.0.1/11004] INFO  node.SCMNodeManager (SCMNodeManager.java:<init>(125)) - Entering startup safe mode.
2021-07-03 01:52:41,660 [Listener at 127.0.0.1/11004] INFO  algorithms.ContainerPlacementPolicyFactory (ContainerPlacementPolicyFactory.java:getPolicy(60)) - Create container placement policy of type org.apache.hadoop.hdds.scm.container.placement.algorithms.SCMContainerPlacementRandom
2021-07-03 01:52:41,660 [Listener at 127.0.0.1/11004] INFO  pipeline.PipelineStateManager (PipelineStateManagerV2Impl.java:initialize(78)) - No pipeline exists in current db
2021-07-03 01:52:41,660 [Listener at 127.0.0.1/11004] INFO  algorithms.LeaderChoosePolicyFactory (LeaderChoosePolicyFactory.java:getPolicy(57)) - Create leader choose policy of type org.apache.hadoop.hdds.scm.pipeline.leader.choose.algorithms.MinLeaderCountChoosePolicy
2021-07-03 01:52:41,661 [Listener at 127.0.0.1/11004] INFO  ha.SCMServiceManager (SCMServiceManager.java:register(43)) - Registering service BackgroundPipelineCreator.
2021-07-03 01:52:41,661 [Listener at 127.0.0.1/11004] INFO  pipeline.BackgroundPipelineCreator (BackgroundPipelineCreatorV2.java:start(130)) - Starting RatisPipelineUtilsThread.
2021-07-03 01:52:41,662 [Listener at 127.0.0.1/11004] INFO  algorithms.PipelineChoosePolicyFactory (PipelineChoosePolicyFactory.java:createPipelineChoosePolicyFromClass(73)) - Create pipeline choose policy of type org.apache.hadoop.hdds.scm.pipeline.choose.algorithms.RandomPipelineChoosePolicy
2021-07-03 01:52:41,662 [Listener at 127.0.0.1/11004] INFO  ha.SCMServiceManager (SCMServiceManager.java:register(43)) - Registering service SCMBlockDeletingService.
2021-07-03 01:52:41,662 [Listener at 127.0.0.1/11004] INFO  ha.SCMServiceManager (SCMServiceManager.java:register(43)) - Registering service ReplicationManager.
2021-07-03 01:52:41,662 [Listener at 127.0.0.1/11004] INFO  container.ReplicationManager (ReplicationManager.java:start(219)) - Starting Replication Monitor Thread.
2021-07-03 01:52:41,663 [ReplicationMonitor] INFO  container.ReplicationManager (ReplicationManager.java:run(283)) - Replication Monitor Thread took 0 milliseconds for processing 0 containers.
2021-07-03 01:52:41,663 [Listener at 127.0.0.1/11004] INFO  safemode.ContainerSafeModeRule (ContainerSafeModeRule.java:<init>(89)) - containers with one replica threshold count 0
2021-07-03 01:52:41,664 [Listener at 127.0.0.1/11004] INFO  safemode.HealthyPipelineSafeModeRule (HealthyPipelineSafeModeRule.java:initializeRule(156)) - Total pipeline count is 0, healthy pipeline threshold count is 1
2021-07-03 01:52:41,664 [Listener at 127.0.0.1/11004] INFO  safemode.OneReplicaPipelineSafeModeRule (OneReplicaPipelineSafeModeRule.java:initializeRule(180)) - Total pipeline count is 0, pipeline's with at least one datanode reported threshold count is 0
2021-07-03 01:52:41,665 [Listener at 127.0.0.1/11004] INFO  ipc.CallQueueManager (CallQueueManager.java:<init>(85)) - Using callQueue: class java.util.concurrent.LinkedBlockingQueue, queueCapacity: 10000, scheduler: class org.apache.hadoop.ipc.DefaultRpcScheduler, ipcBackoff: false.
2021-07-03 01:52:41,665 [Socket Reader #1 for port 14497] INFO  ipc.Server (Server.java:run(1255)) - Starting Socket Reader #1 for port 14497
2021-07-03 01:52:41,666 [Listener at 0.0.0.0/14497] INFO  ipc.CallQueueManager (CallQueueManager.java:<init>(85)) - Using callQueue: class java.util.concurrent.LinkedBlockingQueue, queueCapacity: 10000, scheduler: class org.apache.hadoop.ipc.DefaultRpcScheduler, ipcBackoff: false.
2021-07-03 01:52:41,673 [Listener at 0.0.0.0/14498] INFO  ipc.CallQueueManager (CallQueueManager.java:<init>(85)) - Using callQueue: class java.util.concurrent.LinkedBlockingQueue, queueCapacity: 10000, scheduler: class org.apache.hadoop.ipc.DefaultRpcScheduler, ipcBackoff: false.
2021-07-03 01:52:41,673 [Socket Reader #1 for port 14499] INFO  ipc.Server (Server.java:run(1255)) - Starting Socket Reader #1 for port 14499
2021-07-03 01:52:41,673 [Socket Reader #1 for port 14498] INFO  ipc.Server (Server.java:run(1255)) - Starting Socket Reader #1 for port 14498
2021-07-03 01:52:41,698 [Listener at 0.0.0.0/14499] INFO  server.StorageContainerManager (StorageContainerManager.java:<init>(363)) - 
Container Balancer status:
Key                            Value
Running                        true
Container Balancer Configuration values:
Key                            Value
Threshold                      0.1
Max Datanodes to Balance       5
Max Size to Move               10737418240B

2021-07-03 01:52:41,699 [Listener at 0.0.0.0/14499] WARN  events.EventQueue (EventQueue.java:fireEvent(194)) - No event handler registered for event TypedEvent{payloadType=SafeModeStatus, name='Safe mode status'}
2021-07-03 01:52:41,699 [Listener at 0.0.0.0/14499] INFO  ha.SCMContext (SCMContext.java:updateSafeModeStatus(208)) - Update SafeModeStatus from SafeModeStatus{safeModeStatus=true, preCheckPassed=false} to SafeModeStatus{safeModeStatus=true, preCheckPassed=false}.
2021-07-03 01:52:41,699 [Listener at 0.0.0.0/14499] INFO  server.StorageContainerManager (StorageContainerManager.java:start(1214)) - StorageContainerLocationProtocol RPC server is listening at /0.0.0.0:14499
2021-07-03 01:52:41,699 [Listener at 0.0.0.0/14499] INFO  ha.SCMRatisServerImpl (SCMRatisServerImpl.java:start(170)) - starting ratis server 0.0.0.0:14496
2021-07-03 01:52:41,699 [Listener at 0.0.0.0/14499] INFO  server.RaftServer$Division (RaftServerImpl.java:start(295)) - bae6930e-8ae4-497b-9eaa-87fb2ec79d16@group-97EA473A16A6: start as a follower, conf=0: [bae6930e-8ae4-497b-9eaa-87fb2ec79d16|rpc:localhost:14496|admin:|client:|dataStream:|priority:0], old=null
2021-07-03 01:52:41,700 [Listener at 0.0.0.0/14499] INFO  server.RaftServer$Division (RaftServerImpl.java:setRole(284)) - bae6930e-8ae4-497b-9eaa-87fb2ec79d16@group-97EA473A16A6: changes role from      null to FOLLOWER at term 1 for startAsFollower
2021-07-03 01:52:41,700 [Listener at 0.0.0.0/14499] INFO  impl.RoleInfo (RoleInfo.java:updateAndGet(130)) - bae6930e-8ae4-497b-9eaa-87fb2ec79d16: start bae6930e-8ae4-497b-9eaa-87fb2ec79d16@group-97EA473A16A6-FollowerState
2021-07-03 01:52:41,702 [Listener at 0.0.0.0/14499] INFO  util.JmxRegister (JmxRegister.java:tryRegister(44)) - Successfully registered JMX Bean with object name Ratis:service=RaftServer,group=group-97EA473A16A6,id=bae6930e-8ae4-497b-9eaa-87fb2ec79d16
2021-07-03 01:52:41,702 [Listener at 0.0.0.0/14499] INFO  metrics.RatisMetrics (RatisMetrics.java:lambda$create$0(36)) - Creating Metrics Registry : ratis.state_machine.bae6930e-8ae4-497b-9eaa-87fb2ec79d16@group-97EA473A16A6
2021-07-03 01:52:41,706 [Listener at 0.0.0.0/14499] INFO  server.RaftServer (RaftServerProxy.java:lambda$start$5(374)) - bae6930e-8ae4-497b-9eaa-87fb2ec79d16: start RPC server
2021-07-03 01:52:41,707 [Listener at 0.0.0.0/14499] INFO  server.GrpcService (GrpcService.java:startImpl(253)) - bae6930e-8ae4-497b-9eaa-87fb2ec79d16: GrpcService started, listening on 14496
2021-07-03 01:52:41,707 [Listener at 0.0.0.0/14499] INFO  ha.SCMHAManagerImpl (SCMHAManagerImpl.java:start(120)) -  scm role is FOLLOWER peers [bae6930e-8ae4-497b-9eaa-87fb2ec79d16|rpc:localhost:14496|admin:|client:|dataStream:|priority:0]
2021-07-03 01:52:41,707 [Listener at 0.0.0.0/14499] INFO  ha.InterSCMGrpcService (InterSCMGrpcProtocolService.java:start(94)) - Starting SCM Grpc Service at port 14500
2021-07-03 01:52:41,707 [org.apache.ratis.util.JvmPauseMonitor$$Lambda$493/611739613@9a38c90] INFO  util.JvmPauseMonitor (JvmPauseMonitor.java:run(103)) - JvmPauseMonitor-bae6930e-8ae4-497b-9eaa-87fb2ec79d16: Started
2021-07-03 01:52:41,709 [Listener at 0.0.0.0/14499] WARN  impl.MetricsConfig (MetricsConfig.java:loadFirst(136)) - Cannot locate configuration: tried hadoop-metrics2-storagecontainermanager.properties,hadoop-metrics2.properties
2021-07-03 01:52:41,713 [Listener at 0.0.0.0/14499] INFO  impl.MetricsSystemImpl (MetricsSystemImpl.java:startTimer(378)) - Scheduled Metric snapshot period at 10 second(s).
2021-07-03 01:52:41,713 [Listener at 0.0.0.0/14499] INFO  impl.MetricsSystemImpl (MetricsSystemImpl.java:start(191)) - StorageContainerManager metrics system started
2021-07-03 01:52:41,742 [Listener at 0.0.0.0/14499] INFO  impl.MetricsSinkAdapter (MetricsSinkAdapter.java:start(204)) - Sink prometheus started
2021-07-03 01:52:41,746 [Listener at 0.0.0.0/14499] INFO  impl.MetricsSystemImpl (MetricsSystemImpl.java:registerSink(305)) - Registered sink prometheus
2021-07-03 01:52:41,749 [Listener at 0.0.0.0/14499] INFO  server.SCMClientProtocolServer (SCMClientProtocolServer.java:start(163)) - RPC server for Client  is listening at /0.0.0.0:14499
2021-07-03 01:52:41,758 [IPC Server Responder] INFO  ipc.Server (Server.java:run(1497)) - IPC Server Responder: starting
2021-07-03 01:52:41,758 [IPC Server listener on 14499] INFO  ipc.Server (Server.java:run(1334)) - IPC Server listener on 14499: starting
2021-07-03 01:52:41,786 [Listener at 0.0.0.0/14499] INFO  server.StorageContainerManager (StorageContainerManager.java:start(1229)) - ScmBlockLocationProtocol RPC server is listening at /0.0.0.0:14498
2021-07-03 01:52:41,786 [Listener at 0.0.0.0/14499] INFO  server.SCMBlockProtocolServer (SCMBlockProtocolServer.java:start(151)) - RPC server for Block Protocol is listening at /0.0.0.0:14498
2021-07-03 01:52:41,787 [IPC Server Responder] INFO  ipc.Server (Server.java:run(1497)) - IPC Server Responder: starting
2021-07-03 01:52:41,790 [IPC Server listener on 14498] INFO  ipc.Server (Server.java:run(1334)) - IPC Server listener on 14498: starting
2021-07-03 01:52:41,803 [Listener at 0.0.0.0/14499] INFO  server.StorageContainerManager (StorageContainerManager.java:start(1235)) - ScmDatanodeProtocl RPC server is listening at /0.0.0.0:14497
2021-07-03 01:52:41,804 [Listener at 0.0.0.0/14499] INFO  http.BaseHttpServer (BaseHttpServer.java:newHttpServer2BuilderForOzone(209)) - Starting Web-server for scm at: http://0.0.0.0:14494
2021-07-03 01:52:41,805 [Listener at 0.0.0.0/14499] INFO  http.BaseHttpServer (BaseHttpServer.java:<init>(107)) - Hadoop Security Enabled: false Ozone Security Enabled: false Ozone HTTP Security Enabled: false 
2021-07-03 01:52:41,806 [Listener at 0.0.0.0/14499] INFO  server.AuthenticationFilter (AuthenticationFilter.java:constructSecretProvider(240)) - Unable to initialize FileSignerSecretProvider, falling back to use random secrets.
2021-07-03 01:52:41,807 [org.apache.hadoop.util.JvmPauseMonitor$Monitor@4acdc330] INFO  util.JvmPauseMonitor (JvmPauseMonitor.java:run(188)) - Starting JVM pause monitor
2021-07-03 01:52:41,807 [Listener at 0.0.0.0/14499] WARN  http.HttpRequestLog (HttpRequestLog.java:getRequestLog(103)) - Jetty request log can only be enabled using Log4j
2021-07-03 01:52:41,808 [Listener at 0.0.0.0/14499] INFO  http.HttpServer2 (HttpServer2.java:addGlobalFilter(1020)) - Added global filter 'safety' (class=org.apache.hadoop.hdds.server.http.HttpServer2$QuotingInputFilter)
2021-07-03 01:52:41,809 [Listener at 0.0.0.0/14499] INFO  http.HttpServer2 (HttpServer2.java:addFilter(996)) - Added filter static_user_filter (class=org.apache.hadoop.http.lib.StaticUserWebFilter$StaticUserFilter) to context scm
2021-07-03 01:52:41,809 [Listener at 0.0.0.0/14499] INFO  http.HttpServer2 (HttpServer2.java:addFilter(1004)) - Added filter static_user_filter (class=org.apache.hadoop.http.lib.StaticUserWebFilter$StaticUserFilter) to context static
2021-07-03 01:52:41,809 [Listener at 0.0.0.0/14499] INFO  http.HttpServer2 (HttpServer2.java:addFilter(1004)) - Added filter static_user_filter (class=org.apache.hadoop.http.lib.StaticUserWebFilter$StaticUserFilter) to context logs
2021-07-03 01:52:41,810 [Listener at 0.0.0.0/14499] INFO  http.HttpServer2 (HttpServer2.java:bindListener(1238)) - Jetty bound to port 14494
2021-07-03 01:52:41,810 [Listener at 0.0.0.0/14499] INFO  server.Server (Server.java:doStart(375)) - jetty-9.4.35.v20201120; built: 2020-11-20T21:17:03.964Z; git: bdc54f03a5e0a7e280fab27f55c3c75ee8da89fb; jvm 1.8.0_292-b10
2021-07-03 01:52:41,812 [Listener at 0.0.0.0/14499] INFO  server.session (DefaultSessionIdManager.java:doStart(334)) - DefaultSessionIdManager workerName=node0
2021-07-03 01:52:41,812 [Listener at 0.0.0.0/14499] INFO  server.session (DefaultSessionIdManager.java:doStart(339)) - No SessionScavenger set, using defaults
2021-07-03 01:52:41,812 [Listener at 0.0.0.0/14499] INFO  server.session (HouseKeeper.java:startScavenging(132)) - node0 Scavenging every 660000ms
2021-07-03 01:52:41,813 [Listener at 0.0.0.0/14499] INFO  handler.ContextHandler (ContextHandler.java:doStart(916)) - Started o.e.j.s.ServletContextHandler@cd68b88{logs,/logs,file:///home/runner/work/ozone/ozone/mnt/ozone/hadoop-ozone/integration-test/target/log,AVAILABLE}
2021-07-03 01:52:41,813 [Listener at 0.0.0.0/14499] INFO  handler.ContextHandler (ContextHandler.java:doStart(916)) - Started o.e.j.s.ServletContextHandler@27b5c8d0{static,/static,file:///home/runner/work/ozone/ozone/mnt/ozone/hadoop-ozone/integration-test/target/test-classes/webapps/static,AVAILABLE}
2021-07-03 01:52:41,817 [Listener at 0.0.0.0/14499] INFO  handler.ContextHandler (ContextHandler.java:doStart(916)) - Started o.e.j.w.WebAppContext@411b4a70{scm,/,file:///home/runner/work/ozone/ozone/mnt/ozone/hadoop-ozone/integration-test/target/test-classes/webapps/scm/,AVAILABLE}{file:/home/runner/work/ozone/ozone/mnt/ozone/hadoop-ozone/integration-test/target/test-classes/webapps/scm}
2021-07-03 01:52:41,818 [Listener at 0.0.0.0/14499] INFO  server.AbstractConnector (AbstractConnector.java:doStart(331)) - Started ServerConnector@48a7902f{HTTP/1.1, (http/1.1)}{0.0.0.0:14494}
2021-07-03 01:52:41,818 [Listener at 0.0.0.0/14499] INFO  server.Server (Server.java:doStart(415)) - Started @71120ms
2021-07-03 01:52:41,818 [Listener at 0.0.0.0/14499] WARN  impl.MetricsSystemImpl (MetricsSystemImpl.java:register(279)) - Sink prometheus already exists!
2021-07-03 01:52:41,819 [Listener at 0.0.0.0/14499] INFO  http.BaseHttpServer (BaseHttpServer.java:updateConnectorAddress(329)) - HTTP server of scm listening at http://0.0.0.0:14494
2021-07-03 01:52:41,819 [Listener at 0.0.0.0/14499] INFO  ozone.MiniOzoneHAClusterImpl (MiniOzoneHAClusterImpl.java:createSCMService(537)) - Started SCM RPC server at org.apache.hadoop.hdds.scm.server.SCMClientProtocolServer@649ded12
2021-07-03 01:52:41,820 [Listener at 0.0.0.0/14499] INFO  ha.SCMHANodeDetails (SCMHANodeDetails.java:loadSCMHAConfig(157)) - ServiceID for StorageContainerManager is scm-service-test1
2021-07-03 01:52:41,820 [Listener at 0.0.0.0/14499] INFO  ha.SCMHANodeDetails (SCMHANodeDetails.java:loadSCMHAConfig(168)) - ServiceID for StorageContainerManager is scm-service-test1
2021-07-03 01:52:41,820 [Listener at 0.0.0.0/14499] WARN  scm.ScmUtils (ScmUtils.java:logWarn(179)) - ConfigKey ozone.scm.block.client.address is deprecated, For configuring different ports for each SCM use PortConfigKey ozone.scm.block.client.port appended with serviceId and nodeId. If want to configure same port configure ozone.scm.block.client.port
2021-07-03 01:52:41,821 [Listener at 0.0.0.0/14499] WARN  scm.ScmUtils (ScmUtils.java:logWarn(179)) - ConfigKey ozone.scm.client.address is deprecated, For configuring different ports for each SCM use PortConfigKey ozone.scm.client.port appended with serviceId and nodeId. If want to configure same port configure ozone.scm.client.port
2021-07-03 01:52:41,821 [Listener at 0.0.0.0/14499] WARN  scm.ScmUtils (ScmUtils.java:logWarn(179)) - ConfigKey ozone.scm.datanode.address is deprecated, For configuring different ports for each SCM use PortConfigKey ozone.scm.datanode.port appended with serviceId and nodeId. If want to configure same port configure ozone.scm.datanode.port
2021-07-03 01:52:41,821 [Listener at 0.0.0.0/14499] WARN  scm.ScmUtils (ScmUtils.java:logWarn(179)) - ConfigKey ozone.scm.block.client.address is deprecated, For configuring different ports for each SCM use PortConfigKey ozone.scm.block.client.port appended with serviceId and nodeId. If want to configure same port configure ozone.scm.block.client.port
2021-07-03 01:52:41,821 [Listener at 0.0.0.0/14499] WARN  scm.ScmUtils (ScmUtils.java:logWarn(179)) - ConfigKey ozone.scm.client.address is deprecated, For configuring different ports for each SCM use PortConfigKey ozone.scm.client.port appended with serviceId and nodeId. If want to configure same port configure ozone.scm.client.port
2021-07-03 01:52:41,822 [Listener at 0.0.0.0/14499] WARN  scm.ScmUtils (ScmUtils.java:logWarn(179)) - ConfigKey ozone.scm.datanode.address is deprecated, For configuring different ports for each SCM use PortConfigKey ozone.scm.datanode.port appended with serviceId and nodeId. If want to configure same port configure ozone.scm.datanode.port
2021-07-03 01:52:41,822 [Listener at 0.0.0.0/14499] INFO  ha.SCMHANodeDetails (SCMHANodeDetails.java:loadSCMHAConfig(250)) - Found matching SCM address with SCMServiceId: scm-service-test1, SCMNodeId: scmNode-2, RPC Address: localhost:14506 and Ratis port: 14506
2021-07-03 01:52:41,822 [Listener at 0.0.0.0/14499] INFO  ha.SCMHANodeDetails (ConfUtils.java:setNodeSpecificConfigs(108)) - Setting configuration key ozone.scm.datanode.address with value of key ozone.scm.datanode.address.scm-service-test1.scmNode-2: 127.0.0.1:14507
2021-07-03 01:52:41,822 [Listener at 0.0.0.0/14499] INFO  ha.SCMHANodeDetails (ConfUtils.java:setNodeSpecificConfigs(108)) - Setting configuration key ozone.scm.block.client.address with value of key ozone.scm.block.client.address.scm-service-test1.scmNode-2: 127.0.0.1:14508
2021-07-03 01:52:41,822 [Listener at 0.0.0.0/14499] INFO  ha.SCMHANodeDetails (ConfUtils.java:setNodeSpecificConfigs(108)) - Setting configuration key ozone.scm.client.address with value of key ozone.scm.client.address.scm-service-test1.scmNode-2: 127.0.0.1:14509
2021-07-03 01:52:41,823 [Listener at 0.0.0.0/14499] INFO  ha.SCMHANodeDetails (ConfUtils.java:setNodeSpecificConfigs(108)) - Setting configuration key ozone.scm.ratis.port with value of key ozone.scm.ratis.port.scm-service-test1.scmNode-2: 14506
2021-07-03 01:52:41,823 [Listener at 0.0.0.0/14499] INFO  ha.SCMHANodeDetails (ConfUtils.java:setNodeSpecificConfigs(108)) - Setting configuration key ozone.scm.grpc.port with value of key ozone.scm.grpc.port.scm-service-test1.scmNode-2: 14510
2021-07-03 01:52:41,823 [Listener at 0.0.0.0/14499] INFO  ha.SCMHANodeDetails (ConfUtils.java:setNodeSpecificConfigs(108)) - Setting configuration key ozone.scm.http-address with value of key ozone.scm.http-address.scm-service-test1.scmNode-2: 127.0.0.1:14504
2021-07-03 01:52:41,823 [Listener at 0.0.0.0/14499] INFO  ha.SCMHANodeDetails (ConfUtils.java:setNodeSpecificConfigs(108)) - Setting configuration key ozone.scm.https-address with value of key ozone.scm.https-address.scm-service-test1.scmNode-2: 127.0.0.1:14505
2021-07-03 01:52:41,823 [Listener at 0.0.0.0/14499] INFO  ha.SCMHANodeDetails (ConfUtils.java:setNodeSpecificConfigs(108)) - Setting configuration key ozone.scm.address with value of key ozone.scm.address.scm-service-test1.scmNode-2: 127.0.0.1
2021-07-03 01:52:41,823 [Listener at 0.0.0.0/14499] WARN  scm.ScmUtils (ScmUtils.java:logWarn(179)) - ConfigKey ozone.scm.block.client.address is deprecated, For configuring different ports for each SCM use PortConfigKey ozone.scm.block.client.port appended with serviceId and nodeId. If want to configure same port configure ozone.scm.block.client.port
2021-07-03 01:52:41,823 [Listener at 0.0.0.0/14499] WARN  scm.ScmUtils (ScmUtils.java:logWarn(179)) - ConfigKey ozone.scm.client.address is deprecated, For configuring different ports for each SCM use PortConfigKey ozone.scm.client.port appended with serviceId and nodeId. If want to configure same port configure ozone.scm.client.port
2021-07-03 01:52:41,824 [Listener at 0.0.0.0/14499] WARN  scm.ScmUtils (ScmUtils.java:logWarn(179)) - ConfigKey ozone.scm.datanode.address is deprecated, For configuring different ports for each SCM use PortConfigKey ozone.scm.datanode.port appended with serviceId and nodeId. If want to configure same port configure ozone.scm.datanode.port
2021-07-03 01:52:41,824 [Listener at 0.0.0.0/14499] WARN  server.ServerUtils (ServerUtils.java:getScmDbDir(148)) - ozone.scm.db.dirs is not configured. We recommend adding this setting. Falling back to ozone.metadata.dirs instead.
2021-07-03 01:52:41,825 [Listener at 0.0.0.0/14499] INFO  ha.SCMNodeInfo (SCMNodeInfo.java:getPort(197)) - ConfigKey ozone.scm.client.address is deprecated, For configuring different ports for each SCM use PortConfigKey ozone.scm.client.port appended with serviceId and nodeId
2021-07-03 01:52:41,825 [Listener at 0.0.0.0/14499] INFO  ha.SCMNodeInfo (SCMNodeInfo.java:getPort(197)) - ConfigKey ozone.scm.block.client.address is deprecated, For configuring different ports for each SCM use PortConfigKey ozone.scm.block.client.port appended with serviceId and nodeId
2021-07-03 01:52:41,825 [Listener at 0.0.0.0/14499] INFO  ha.SCMNodeInfo (SCMNodeInfo.java:getPort(197)) - ConfigKey ozone.scm.datanode.address is deprecated, For configuring different ports for each SCM use PortConfigKey ozone.scm.datanode.port appended with serviceId and nodeId
2021-07-03 01:52:41,826 [Listener at 0.0.0.0/14499] INFO  ha.SCMNodeInfo (SCMNodeInfo.java:getPort(197)) - ConfigKey ozone.scm.client.address is deprecated, For configuring different ports for each SCM use PortConfigKey ozone.scm.client.port appended with serviceId and nodeId
2021-07-03 01:52:41,826 [Listener at 0.0.0.0/14499] INFO  ha.SCMNodeInfo (SCMNodeInfo.java:getPort(197)) - ConfigKey ozone.scm.block.client.address is deprecated, For configuring different ports for each SCM use PortConfigKey ozone.scm.block.client.port appended with serviceId and nodeId
2021-07-03 01:52:41,826 [Listener at 0.0.0.0/14499] INFO  ha.SCMNodeInfo (SCMNodeInfo.java:getPort(197)) - ConfigKey ozone.scm.datanode.address is deprecated, For configuring different ports for each SCM use PortConfigKey ozone.scm.datanode.port appended with serviceId and nodeId
2021-07-03 01:52:41,826 [Listener at 0.0.0.0/14499] INFO  ha.SCMNodeInfo (SCMNodeInfo.java:getPort(197)) - ConfigKey ozone.scm.client.address is deprecated, For configuring different ports for each SCM use PortConfigKey ozone.scm.client.port appended with serviceId and nodeId
2021-07-03 01:52:41,826 [Listener at 0.0.0.0/14499] INFO  ha.SCMNodeInfo (SCMNodeInfo.java:getPort(197)) - ConfigKey ozone.scm.block.client.address is deprecated, For configuring different ports for each SCM use PortConfigKey ozone.scm.block.client.port appended with serviceId and nodeId
2021-07-03 01:52:41,826 [Listener at 0.0.0.0/14499] INFO  ha.SCMNodeInfo (SCMNodeInfo.java:getPort(197)) - ConfigKey ozone.scm.datanode.address is deprecated, For configuring different ports for each SCM use PortConfigKey ozone.scm.datanode.port appended with serviceId and nodeId
2021-07-03 01:52:42,514 [EndpointStateMachine task thread for /127.0.0.1:13935 - 0 ] INFO  ipc.Client (Client.java:handleConnectionFailure(966)) - Retrying connect to server: localhost/127.0.0.1:13935. Already tried 1 time(s); retry policy is RetryUpToMaximumCountWithFixedSleep(maxRetries=15, sleepTime=1000 MILLISECONDS)
2021-07-03 01:52:42,515 [EndpointStateMachine task thread for /127.0.0.1:13945 - 0 ] INFO  ipc.Client (Client.java:handleConnectionFailure(966)) - Retrying connect to server: localhost/127.0.0.1:13945. Already tried 0 time(s); retry policy is RetryUpToMaximumCountWithFixedSleep(maxRetries=15, sleepTime=1000 MILLISECONDS)
2021-07-03 01:52:42,515 [EndpointStateMachine task thread for /127.0.0.1:13925 - 0 ] INFO  ipc.Client (Client.java:handleConnectionFailure(966)) - Retrying connect to server: localhost/127.0.0.1:13925. Already tried 3 time(s); retry policy is RetryUpToMaximumCountWithFixedSleep(maxRetries=15, sleepTime=1000 MILLISECONDS)
2021-07-03 01:52:43,515 [EndpointStateMachine task thread for /127.0.0.1:13935 - 0 ] INFO  ipc.Client (Client.java:handleConnectionFailure(966)) - Retrying connect to server: localhost/127.0.0.1:13935. Already tried 2 time(s); retry policy is RetryUpToMaximumCountWithFixedSleep(maxRetries=15, sleepTime=1000 MILLISECONDS)
2021-07-03 01:52:43,516 [EndpointStateMachine task thread for /127.0.0.1:13925 - 0 ] INFO  ipc.Client (Client.java:handleConnectionFailure(966)) - Retrying connect to server: localhost/127.0.0.1:13925. Already tried 4 time(s); retry policy is RetryUpToMaximumCountWithFixedSleep(maxRetries=15, sleepTime=1000 MILLISECONDS)
2021-07-03 01:52:43,515 [EndpointStateMachine task thread for /127.0.0.1:13945 - 0 ] INFO  ipc.Client (Client.java:handleConnectionFailure(966)) - Retrying connect to server: localhost/127.0.0.1:13945. Already tried 1 time(s); retry policy is RetryUpToMaximumCountWithFixedSleep(maxRetries=15, sleepTime=1000 MILLISECONDS)
2021-07-03 01:52:43,842 [Listener at 0.0.0.0/14499] INFO  retry.RetryInvocationHandler (RetryInvocationHandler.java:log(411)) - com.google.protobuf.ServiceException: java.net.ConnectException: Call From fv-az12-896/10.1.0.32 to localhost:14508 failed on connection exception: java.net.ConnectException: Connection refused; For more details see:  http://wiki.apache.org/hadoop/ConnectionRefused, while invoking $Proxy37.send over nodeId=scmNode-2,nodeAddress=/127.0.0.1:14508 after 1 failover attempts. Trying to failover after sleeping for 2000ms.
2021-07-03 01:52:44,516 [EndpointStateMachine task thread for /127.0.0.1:13935 - 0 ] INFO  ipc.Client (Client.java:handleConnectionFailure(966)) - Retrying connect to server: localhost/127.0.0.1:13935. Already tried 3 time(s); retry policy is RetryUpToMaximumCountWithFixedSleep(maxRetries=15, sleepTime=1000 MILLISECONDS)
2021-07-03 01:52:44,516 [EndpointStateMachine task thread for /127.0.0.1:13945 - 0 ] INFO  ipc.Client (Client.java:handleConnectionFailure(966)) - Retrying connect to server: localhost/127.0.0.1:13945. Already tried 2 time(s); retry policy is RetryUpToMaximumCountWithFixedSleep(maxRetries=15, sleepTime=1000 MILLISECONDS)
2021-07-03 01:52:44,516 [EndpointStateMachine task thread for /127.0.0.1:13925 - 0 ] INFO  ipc.Client (Client.java:handleConnectionFailure(966)) - Retrying connect to server: localhost/127.0.0.1:13925. Already tried 5 time(s); retry policy is RetryUpToMaximumCountWithFixedSleep(maxRetries=15, sleepTime=1000 MILLISECONDS)
2021-07-03 01:52:45,517 [EndpointStateMachine task thread for /127.0.0.1:13935 - 0 ] INFO  ipc.Client (Client.java:handleConnectionFailure(966)) - Retrying connect to server: localhost/127.0.0.1:13935. Already tried 4 time(s); retry policy is RetryUpToMaximumCountWithFixedSleep(maxRetries=15, sleepTime=1000 MILLISECONDS)
2021-07-03 01:52:45,517 [EndpointStateMachine task thread for /127.0.0.1:13925 - 0 ] INFO  ipc.Client (Client.java:handleConnectionFailure(966)) - Retrying connect to server: localhost/127.0.0.1:13925. Already tried 6 time(s); retry policy is RetryUpToMaximumCountWithFixedSleep(maxRetries=15, sleepTime=1000 MILLISECONDS)
2021-07-03 01:52:45,517 [EndpointStateMachine task thread for /127.0.0.1:13945 - 0 ] INFO  ipc.Client (Client.java:handleConnectionFailure(966)) - Retrying connect to server: localhost/127.0.0.1:13945. Already tried 3 time(s); retry policy is RetryUpToMaximumCountWithFixedSleep(maxRetries=15, sleepTime=1000 MILLISECONDS)
2021-07-03 01:52:45,843 [Listener at 0.0.0.0/14499] INFO  retry.RetryInvocationHandler (RetryInvocationHandler.java:log(411)) - com.google.protobuf.ServiceException: java.net.ConnectException: Call From fv-az12-896/10.1.0.32 to localhost:14518 failed on connection exception: java.net.ConnectException: Connection refused; For more details see:  http://wiki.apache.org/hadoop/ConnectionRefused, while invoking $Proxy37.send over nodeId=scmNode-3,nodeAddress=/127.0.0.1:14518 after 2 failover attempts. Trying to failover after sleeping for 2000ms.
2021-07-03 01:52:46,518 [EndpointStateMachine task thread for /127.0.0.1:13935 - 0 ] INFO  ipc.Client (Client.java:handleConnectionFailure(966)) - Retrying connect to server: localhost/127.0.0.1:13935. Already tried 5 time(s); retry policy is RetryUpToMaximumCountWithFixedSleep(maxRetries=15, sleepTime=1000 MILLISECONDS)
2021-07-03 01:52:46,518 [EndpointStateMachine task thread for /127.0.0.1:13945 - 0 ] INFO  ipc.Client (Client.java:handleConnectionFailure(966)) - Retrying connect to server: localhost/127.0.0.1:13945. Already tried 4 time(s); retry policy is RetryUpToMaximumCountWithFixedSleep(maxRetries=15, sleepTime=1000 MILLISECONDS)
2021-07-03 01:52:46,518 [EndpointStateMachine task thread for /127.0.0.1:13925 - 0 ] INFO  ipc.Client (Client.java:handleConnectionFailure(966)) - Retrying connect to server: localhost/127.0.0.1:13925. Already tried 7 time(s); retry policy is RetryUpToMaximumCountWithFixedSleep(maxRetries=15, sleepTime=1000 MILLISECONDS)
2021-07-03 01:52:46,772 [bae6930e-8ae4-497b-9eaa-87fb2ec79d16@group-97EA473A16A6-FollowerState] INFO  impl.FollowerState (FollowerState.java:run(134)) - bae6930e-8ae4-497b-9eaa-87fb2ec79d16@group-97EA473A16A6-FollowerState: change to CANDIDATE, lastRpcElapsedTime:5072085470ns, electionTimeout:5065ms
2021-07-03 01:52:46,772 [bae6930e-8ae4-497b-9eaa-87fb2ec79d16@group-97EA473A16A6-FollowerState] INFO  impl.RoleInfo (RoleInfo.java:shutdownFollowerState(108)) - bae6930e-8ae4-497b-9eaa-87fb2ec79d16: shutdown bae6930e-8ae4-497b-9eaa-87fb2ec79d16@group-97EA473A16A6-FollowerState
2021-07-03 01:52:46,773 [bae6930e-8ae4-497b-9eaa-87fb2ec79d16@group-97EA473A16A6-FollowerState] INFO  server.RaftServer$Division (RaftServerImpl.java:setRole(284)) - bae6930e-8ae4-497b-9eaa-87fb2ec79d16@group-97EA473A16A6: changes role from  FOLLOWER to CANDIDATE at term 1 for changeToCandidate
2021-07-03 01:52:46,773 [bae6930e-8ae4-497b-9eaa-87fb2ec79d16@group-97EA473A16A6-FollowerState] INFO  server.RaftServerConfigKeys (ConfUtils.java:logGet(44)) - raft.server.leaderelection.pre-vote = false (custom)
2021-07-03 01:52:46,773 [bae6930e-8ae4-497b-9eaa-87fb2ec79d16@group-97EA473A16A6-FollowerState] INFO  impl.RoleInfo (RoleInfo.java:updateAndGet(130)) - bae6930e-8ae4-497b-9eaa-87fb2ec79d16: start bae6930e-8ae4-497b-9eaa-87fb2ec79d16@group-97EA473A16A6-LeaderElection17
2021-07-03 01:52:46,776 [bae6930e-8ae4-497b-9eaa-87fb2ec79d16@group-97EA473A16A6-LeaderElection17] INFO  impl.LeaderElection (LeaderElection.java:askForVotes(306)) - bae6930e-8ae4-497b-9eaa-87fb2ec79d16@group-97EA473A16A6-LeaderElection17 ELECTION round 0: submit vote requests at term 2 for 0: [bae6930e-8ae4-497b-9eaa-87fb2ec79d16|rpc:localhost:14496|admin:|client:|dataStream:|priority:0], old=null
2021-07-03 01:52:46,776 [bae6930e-8ae4-497b-9eaa-87fb2ec79d16@group-97EA473A16A6-LeaderElection17] INFO  impl.LeaderElection (LeaderElection.java:askForVotes(308)) - bae6930e-8ae4-497b-9eaa-87fb2ec79d16@group-97EA473A16A6-LeaderElection17 ELECTION round 0: result PASSED (term=2)
2021-07-03 01:52:46,776 [bae6930e-8ae4-497b-9eaa-87fb2ec79d16@group-97EA473A16A6-LeaderElection17] INFO  impl.RoleInfo (RoleInfo.java:shutdownLeaderElection(121)) - bae6930e-8ae4-497b-9eaa-87fb2ec79d16: shutdown bae6930e-8ae4-497b-9eaa-87fb2ec79d16@group-97EA473A16A6-LeaderElection17
2021-07-03 01:52:46,776 [bae6930e-8ae4-497b-9eaa-87fb2ec79d16@group-97EA473A16A6-LeaderElection17] INFO  server.RaftServer$Division (RaftServerImpl.java:setRole(284)) - bae6930e-8ae4-497b-9eaa-87fb2ec79d16@group-97EA473A16A6: changes role from CANDIDATE to LEADER at term 2 for changeToLeader
2021-07-03 01:52:46,776 [bae6930e-8ae4-497b-9eaa-87fb2ec79d16@group-97EA473A16A6-LeaderElection17] INFO  ha.SCMStateMachine (SCMStateMachine.java:notifyLeaderChanged(252)) - current SCM becomes leader of term 2.
2021-07-03 01:52:46,776 [bae6930e-8ae4-497b-9eaa-87fb2ec79d16@group-97EA473A16A6-LeaderElection17] INFO  ha.SCMContext (SCMContext.java:updateLeaderAndTerm(91)) - update <isLeader,term> from <false,0> to <true,2>
2021-07-03 01:52:46,777 [bae6930e-8ae4-497b-9eaa-87fb2ec79d16@group-97EA473A16A6-LeaderElection17] INFO  server.RaftServer$Division (ServerState.java:setLeader(271)) - bae6930e-8ae4-497b-9eaa-87fb2ec79d16@group-97EA473A16A6: change Leader from null to bae6930e-8ae4-497b-9eaa-87fb2ec79d16 at term 2 for becomeLeader, leader elected after 5128ms
2021-07-03 01:52:46,777 [bae6930e-8ae4-497b-9eaa-87fb2ec79d16@group-97EA473A16A6-LeaderElection17] INFO  server.RaftServerConfigKeys (ConfUtils.java:logGet(44)) - raft.server.staging.catchup.gap = 1000 (default)
2021-07-03 01:52:46,777 [bae6930e-8ae4-497b-9eaa-87fb2ec79d16@group-97EA473A16A6-LeaderElection17] INFO  metrics.RatisMetrics (RatisMetrics.java:lambda$create$0(36)) - Creating Metrics Registry : ratis.log_appender.bae6930e-8ae4-497b-9eaa-87fb2ec79d16@group-97EA473A16A6
2021-07-03 01:52:46,777 [bae6930e-8ae4-497b-9eaa-87fb2ec79d16@group-97EA473A16A6-LeaderElection17] INFO  server.RaftServerConfigKeys (ConfUtils.java:logGet(44)) - raft.server.write.element-limit = 4096 (default)
2021-07-03 01:52:46,777 [bae6930e-8ae4-497b-9eaa-87fb2ec79d16@group-97EA473A16A6-LeaderElection17] INFO  server.RaftServerConfigKeys (ConfUtils.java:logGet(44)) - raft.server.write.byte-limit = 64MB (=67108864) (default)
2021-07-03 01:52:46,777 [bae6930e-8ae4-497b-9eaa-87fb2ec79d16@group-97EA473A16A6-LeaderElection17] INFO  server.RaftServerConfigKeys (ConfUtils.java:logGet(44)) - raft.server.watch.timeout = 10s (default)
2021-07-03 01:52:46,777 [bae6930e-8ae4-497b-9eaa-87fb2ec79d16@group-97EA473A16A6-LeaderElection17] INFO  server.RaftServerConfigKeys (ConfUtils.java:logGet(44)) - raft.server.watch.timeout.denomination = 1s (default)
2021-07-03 01:52:46,777 [bae6930e-8ae4-497b-9eaa-87fb2ec79d16@group-97EA473A16A6-LeaderElection17] INFO  server.RaftServerConfigKeys (ConfUtils.java:logGet(44)) - raft.server.watch.element-limit = 65536 (default)
2021-07-03 01:52:46,778 [bae6930e-8ae4-497b-9eaa-87fb2ec79d16@group-97EA473A16A6-LeaderElection17] INFO  impl.RoleInfo (RoleInfo.java:updateAndGet(130)) - bae6930e-8ae4-497b-9eaa-87fb2ec79d16: start bae6930e-8ae4-497b-9eaa-87fb2ec79d16@group-97EA473A16A6-LeaderStateImpl
2021-07-03 01:52:46,778 [bae6930e-8ae4-497b-9eaa-87fb2ec79d16@group-97EA473A16A6-LeaderElection17] INFO  segmented.SegmentedRaftLogWorker (SegmentedRaftLogWorker.java:rollLogSegment(399)) - bae6930e-8ae4-497b-9eaa-87fb2ec79d16@group-97EA473A16A6-SegmentedRaftLogWorker: Rolling segment log-0_0 to index:0
2021-07-03 01:52:46,785 [bae6930e-8ae4-497b-9eaa-87fb2ec79d16@group-97EA473A16A6-SegmentedRaftLogWorker] INFO  segmented.SegmentedRaftLogWorker (SegmentedRaftLogWorker.java:execute(558)) - bae6930e-8ae4-497b-9eaa-87fb2ec79d16@group-97EA473A16A6-SegmentedRaftLogWorker: Rolled log segment from /home/runner/work/ozone/ozone/mnt/ozone/hadoop-ozone/integration-test/target/test-dir/MiniOzoneClusterImpl-6d7611b0-ac11-41e1-98f8-97ea473a16a6/scmNode-1/scm-ha/6d7611b0-ac11-41e1-98f8-97ea473a16a6/current/log_inprogress_0 to /home/runner/work/ozone/ozone/mnt/ozone/hadoop-ozone/integration-test/target/test-dir/MiniOzoneClusterImpl-6d7611b0-ac11-41e1-98f8-97ea473a16a6/scmNode-1/scm-ha/6d7611b0-ac11-41e1-98f8-97ea473a16a6/current/log_0-0
2021-07-03 01:52:46,786 [bae6930e-8ae4-497b-9eaa-87fb2ec79d16@group-97EA473A16A6-SegmentedRaftLogWorker] INFO  segmented.SegmentedRaftLogWorker (SegmentedRaftLogWorker.java:execute(601)) - bae6930e-8ae4-497b-9eaa-87fb2ec79d16@group-97EA473A16A6-SegmentedRaftLogWorker: created new log segment /home/runner/work/ozone/ozone/mnt/ozone/hadoop-ozone/integration-test/target/test-dir/MiniOzoneClusterImpl-6d7611b0-ac11-41e1-98f8-97ea473a16a6/scmNode-1/scm-ha/6d7611b0-ac11-41e1-98f8-97ea473a16a6/current/log_inprogress_1
2021-07-03 01:52:46,789 [bae6930e-8ae4-497b-9eaa-87fb2ec79d16@group-97EA473A16A6-LeaderElection17] INFO  server.RaftServer$Division (ServerState.java:setRaftConf(373)) - bae6930e-8ae4-497b-9eaa-87fb2ec79d16@group-97EA473A16A6: set configuration 1: [bae6930e-8ae4-497b-9eaa-87fb2ec79d16|rpc:localhost:14496|admin:|client:|dataStream:|priority:0], old=null
2021-07-03 01:52:46,789 [bae6930e-8ae4-497b-9eaa-87fb2ec79d16@group-97EA473A16A6-StateMachineUpdater] INFO  ha.SCMContext (SCMContext.java:setLeaderReady(118)) - update <isLeaderReady> from <false> to <true>
2021-07-03 01:52:46,790 [bae6930e-8ae4-497b-9eaa-87fb2ec79d16@group-97EA473A16A6-StateMachineUpdater] INFO  pipeline.BackgroundPipelineCreator (BackgroundPipelineCreatorV2.java:notifyStatusChanged(264)) - Service BackgroundPipelineCreator transitions to RUNNING.
2021-07-03 01:52:46,791 [bae6930e-8ae4-497b-9eaa-87fb2ec79d16@group-97EA473A16A6-StateMachineUpdater] INFO  safemode.HealthyPipelineSafeModeRule (HealthyPipelineSafeModeRule.java:initializeRule(152)) - Refreshed total pipeline count is 0, healthy pipeline threshold count is 1
2021-07-03 01:52:46,791 [bae6930e-8ae4-497b-9eaa-87fb2ec79d16@group-97EA473A16A6-StateMachineUpdater] INFO  safemode.ContainerSafeModeRule (ContainerSafeModeRule.java:reInitializeRule(177)) - Refreshed one replica container threshold 0, currentThreshold 0
2021-07-03 01:52:46,791 [bae6930e-8ae4-497b-9eaa-87fb2ec79d16@group-97EA473A16A6-StateMachineUpdater] INFO  safemode.OneReplicaPipelineSafeModeRule (OneReplicaPipelineSafeModeRule.java:initializeRule(176)) - Refreshed Total pipeline count is 0, pipeline's with at least one datanode reported threshold count is 0
2021-07-03 01:52:46,791 [bae6930e-8ae4-497b-9eaa-87fb2ec79d16@group-97EA473A16A6-StateMachineUpdater] INFO  server.SCMDatanodeProtocolServer (SCMDatanodeProtocolServer.java:start(177)) - RPC server for DataNodes is listening at /0.0.0.0:14497
2021-07-03 01:52:46,793 [IPC Server Responder] INFO  ipc.Server (Server.java:run(1497)) - IPC Server Responder: starting
2021-07-03 01:52:46,793 [IPC Server listener on 14497] INFO  ipc.Server (Server.java:run(1334)) - IPC Server listener on 14497: starting
2021-07-03 01:52:47,519 [EndpointStateMachine task thread for /127.0.0.1:13935 - 0 ] INFO  ipc.Client (Client.java:handleConnectionFailure(966)) - Retrying connect to server: localhost/127.0.0.1:13935. Already tried 6 time(s); retry policy is RetryUpToMaximumCountWithFixedSleep(maxRetries=15, sleepTime=1000 MILLISECONDS)
2021-07-03 01:52:47,519 [EndpointStateMachine task thread for /127.0.0.1:13925 - 0 ] INFO  ipc.Client (Client.java:handleConnectionFailure(966)) - Retrying connect to server: localhost/127.0.0.1:13925. Already tried 8 time(s); retry policy is RetryUpToMaximumCountWithFixedSleep(maxRetries=15, sleepTime=1000 MILLISECONDS)
2021-07-03 01:52:47,519 [EndpointStateMachine task thread for /127.0.0.1:13945 - 0 ] INFO  ipc.Client (Client.java:handleConnectionFailure(966)) - Retrying connect to server: localhost/127.0.0.1:13945. Already tried 5 time(s); retry policy is RetryUpToMaximumCountWithFixedSleep(maxRetries=15, sleepTime=1000 MILLISECONDS)
2021-07-03 01:52:47,846 [Listener at 0.0.0.0/14499] INFO  server.StorageContainerManager (StorageContainerManager.java:scmBootstrap(921)) - SCM BootStrap  is successful for ClusterID 6d7611b0-ac11-41e1-98f8-97ea473a16a6, SCMID 72fc5de2-a3f7-4fa9-972b-1bbfdbde045f
2021-07-03 01:52:47,847 [Listener at 0.0.0.0/14499] INFO  server.StorageContainerManager (StorageContainerManager.java:scmBootstrap(923)) - Primary SCM Node ID bae6930e-8ae4-497b-9eaa-87fb2ec79d16
2021-07-03 01:52:47,847 [Listener at 0.0.0.0/14499] INFO  ha.SCMHANodeDetails (SCMHANodeDetails.java:loadSCMHAConfig(157)) - ServiceID for StorageContainerManager is scm-service-test1
2021-07-03 01:52:47,847 [Listener at 0.0.0.0/14499] INFO  ha.SCMHANodeDetails (SCMHANodeDetails.java:loadSCMHAConfig(168)) - ServiceID for StorageContainerManager is scm-service-test1
2021-07-03 01:52:47,847 [Listener at 0.0.0.0/14499] WARN  scm.ScmUtils (ScmUtils.java:logWarn(179)) - ConfigKey ozone.scm.block.client.address is deprecated, For configuring different ports for each SCM use PortConfigKey ozone.scm.block.client.port appended with serviceId and nodeId. If want to configure same port configure ozone.scm.block.client.port
2021-07-03 01:52:47,847 [Listener at 0.0.0.0/14499] WARN  scm.ScmUtils (ScmUtils.java:logWarn(179)) - ConfigKey ozone.scm.client.address is deprecated, For configuring different ports for each SCM use PortConfigKey ozone.scm.client.port appended with serviceId and nodeId. If want to configure same port configure ozone.scm.client.port
2021-07-03 01:52:47,847 [Listener at 0.0.0.0/14499] WARN  scm.ScmUtils (ScmUtils.java:logWarn(179)) - ConfigKey ozone.scm.datanode.address is deprecated, For configuring different ports for each SCM use PortConfigKey ozone.scm.datanode.port appended with serviceId and nodeId. If want to configure same port configure ozone.scm.datanode.port
2021-07-03 01:52:47,848 [Listener at 0.0.0.0/14499] WARN  scm.ScmUtils (ScmUtils.java:logWarn(179)) - ConfigKey ozone.scm.block.client.address is deprecated, For configuring different ports for each SCM use PortConfigKey ozone.scm.block.client.port appended with serviceId and nodeId. If want to configure same port configure ozone.scm.block.client.port
2021-07-03 01:52:47,848 [Listener at 0.0.0.0/14499] WARN  scm.ScmUtils (ScmUtils.java:logWarn(179)) - ConfigKey ozone.scm.client.address is deprecated, For configuring different ports for each SCM use PortConfigKey ozone.scm.client.port appended with serviceId and nodeId. If want to configure same port configure ozone.scm.client.port
2021-07-03 01:52:47,848 [Listener at 0.0.0.0/14499] WARN  scm.ScmUtils (ScmUtils.java:logWarn(179)) - ConfigKey ozone.scm.datanode.address is deprecated, For configuring different ports for each SCM use PortConfigKey ozone.scm.datanode.port appended with serviceId and nodeId. If want to configure same port configure ozone.scm.datanode.port
2021-07-03 01:52:47,849 [Listener at 0.0.0.0/14499] INFO  ha.SCMHANodeDetails (SCMHANodeDetails.java:loadSCMHAConfig(250)) - Found matching SCM address with SCMServiceId: scm-service-test1, SCMNodeId: scmNode-2, RPC Address: localhost:14506 and Ratis port: 14506
2021-07-03 01:52:47,849 [Listener at 0.0.0.0/14499] INFO  ha.SCMHANodeDetails (ConfUtils.java:setNodeSpecificConfigs(108)) - Setting configuration key ozone.scm.datanode.address with value of key ozone.scm.datanode.address.scm-service-test1.scmNode-2: 127.0.0.1:14507
2021-07-03 01:52:47,849 [Listener at 0.0.0.0/14499] INFO  ha.SCMHANodeDetails (ConfUtils.java:setNodeSpecificConfigs(108)) - Setting configuration key ozone.scm.block.client.address with value of key ozone.scm.block.client.address.scm-service-test1.scmNode-2: 127.0.0.1:14508
2021-07-03 01:52:47,849 [Listener at 0.0.0.0/14499] INFO  ha.SCMHANodeDetails (ConfUtils.java:setNodeSpecificConfigs(108)) - Setting configuration key ozone.scm.client.address with value of key ozone.scm.client.address.scm-service-test1.scmNode-2: 127.0.0.1:14509
2021-07-03 01:52:47,849 [Listener at 0.0.0.0/14499] INFO  ha.SCMHANodeDetails (ConfUtils.java:setNodeSpecificConfigs(108)) - Setting configuration key ozone.scm.ratis.port with value of key ozone.scm.ratis.port.scm-service-test1.scmNode-2: 14506
2021-07-03 01:52:47,850 [Listener at 0.0.0.0/14499] INFO  ha.SCMHANodeDetails (ConfUtils.java:setNodeSpecificConfigs(108)) - Setting configuration key ozone.scm.grpc.port with value of key ozone.scm.grpc.port.scm-service-test1.scmNode-2: 14510
2021-07-03 01:52:47,850 [Listener at 0.0.0.0/14499] INFO  ha.SCMHANodeDetails (ConfUtils.java:setNodeSpecificConfigs(108)) - Setting configuration key ozone.scm.http-address with value of key ozone.scm.http-address.scm-service-test1.scmNode-2: 127.0.0.1:14504
2021-07-03 01:52:47,850 [Listener at 0.0.0.0/14499] INFO  ha.SCMHANodeDetails (ConfUtils.java:setNodeSpecificConfigs(108)) - Setting configuration key ozone.scm.https-address with value of key ozone.scm.https-address.scm-service-test1.scmNode-2: 127.0.0.1:14505
2021-07-03 01:52:47,850 [Listener at 0.0.0.0/14499] INFO  ha.SCMHANodeDetails (ConfUtils.java:setNodeSpecificConfigs(108)) - Setting configuration key ozone.scm.address with value of key ozone.scm.address.scm-service-test1.scmNode-2: 127.0.0.1
2021-07-03 01:52:47,850 [Listener at 0.0.0.0/14499] WARN  scm.ScmUtils (ScmUtils.java:logWarn(179)) - ConfigKey ozone.scm.block.client.address is deprecated, For configuring different ports for each SCM use PortConfigKey ozone.scm.block.client.port appended with serviceId and nodeId. If want to configure same port configure ozone.scm.block.client.port
2021-07-03 01:52:47,851 [Listener at 0.0.0.0/14499] WARN  scm.ScmUtils (ScmUtils.java:logWarn(179)) - ConfigKey ozone.scm.client.address is deprecated, For configuring different ports for each SCM use PortConfigKey ozone.scm.client.port appended with serviceId and nodeId. If want to configure same port configure ozone.scm.client.port
2021-07-03 01:52:47,851 [Listener at 0.0.0.0/14499] WARN  scm.ScmUtils (ScmUtils.java:logWarn(179)) - ConfigKey ozone.scm.datanode.address is deprecated, For configuring different ports for each SCM use PortConfigKey ozone.scm.datanode.port appended with serviceId and nodeId. If want to configure same port configure ozone.scm.datanode.port
2021-07-03 01:52:47,852 [Listener at 0.0.0.0/14499] WARN  server.ServerUtils (ServerUtils.java:getScmDbDir(148)) - ozone.scm.db.dirs is not configured. We recommend adding this setting. Falling back to ozone.metadata.dirs instead.
2021-07-03 01:52:47,853 [Listener at 0.0.0.0/14499] WARN  utils.HAUtils (HAUtils.java:getMetaDir(342)) - ozone.scm.db.dirs is not configured. We recommend adding this setting. Falling back to ozone.metadata.dirs instead.
2021-07-03 01:52:47,853 [Listener at 0.0.0.0/14499] WARN  db.DBStoreBuilder (DBStoreBuilder.java:applyDBDefinition(145)) - ozone.scm.db.dirs is not configured. We recommend adding this setting. Falling back to ozone.metadata.dirs instead.
2021-07-03 01:52:47,921 [Listener at 0.0.0.0/14499] INFO  net.NodeSchemaLoader (NodeSchemaLoader.java:loadSchemaFromFile(129)) - Loading schema from [jar:file:/home/runner/.m2/repository/org/apache/ozone/hdds-common/1.2.0-SNAPSHOT/hdds-common-1.2.0-SNAPSHOT.jar!/network-topology-default.xml]
2021-07-03 01:52:47,921 [Listener at 0.0.0.0/14499] INFO  net.NodeSchemaLoader (NodeSchemaLoader.java:loadSchema(176)) - Loading network topology layer schema file
2021-07-03 01:52:47,924 [Listener at 0.0.0.0/14499] INFO  ha.SCMRatisServerImpl (SCMRatisServerImpl.java:<init>(85)) - starting Raft server for scm:72fc5de2-a3f7-4fa9-972b-1bbfdbde045f
2021-07-03 01:52:47,924 [Listener at 0.0.0.0/14499] INFO  server.RaftServer (ConfUtils.java:logGet(44)) - raft.rpc.type = GRPC (default)
2021-07-03 01:52:47,924 [Listener at 0.0.0.0/14499] INFO  grpc.GrpcFactory (GrpcFactory.java:checkPooledByteBufAllocatorUseCacheForAllThreads(48)) - PERFORMANCE WARNING: useCacheForAllThreads is true that may cause Netty to create a lot garbage objects and, as a result, trigger GC.
	It is recommended to disable useCacheForAllThreads by setting -Dorg.apache.ratis.thirdparty.io.netty.allocator.useCacheForAllThreads=false in command line.
2021-07-03 01:52:47,925 [Listener at 0.0.0.0/14499] INFO  grpc.GrpcConfigKeys (ConfUtils.java:logGet(44)) - raft.grpc.admin.port = -1 (default)
2021-07-03 01:52:47,925 [Listener at 0.0.0.0/14499] INFO  grpc.GrpcConfigKeys (ConfUtils.java:logGet(44)) - raft.grpc.server.port = 14506 (custom)
2021-07-03 01:52:47,925 [Listener at 0.0.0.0/14499] INFO  grpc.GrpcConfigKeys (ConfUtils.java:logGet(44)) - raft.grpc.client.port = -1 (default)
2021-07-03 01:52:47,925 [Listener at 0.0.0.0/14499] INFO  grpc.GrpcConfigKeys (ConfUtils.java:logGet(44)) - raft.grpc.server.port = 14506 (custom)
2021-07-03 01:52:47,925 [Listener at 0.0.0.0/14499] INFO  grpc.GrpcConfigKeys (ConfUtils.java:logGet(44)) - raft.grpc.server.port = 14506 (custom)
2021-07-03 01:52:47,925 [Listener at 0.0.0.0/14499] INFO  server.GrpcService (ConfUtils.java:logGet(44)) - raft.grpc.message.size.max = 32m (=33554432) (custom)
2021-07-03 01:52:47,926 [Listener at 0.0.0.0/14499] INFO  server.RaftServerConfigKeys (ConfUtils.java:logGet(44)) - raft.server.log.appender.buffer.byte-limit = 33554432 (custom)
2021-07-03 01:52:47,926 [Listener at 0.0.0.0/14499] INFO  server.GrpcService (ConfUtils.java:logGet(44)) - raft.grpc.flow.control.window = 1MB (=1048576) (default)
2021-07-03 01:52:47,926 [Listener at 0.0.0.0/14499] INFO  server.RaftServerConfigKeys (ConfUtils.java:logGet(44)) - raft.server.rpc.request.timeout = 30000ms (custom)
2021-07-03 01:52:47,928 [Listener at 0.0.0.0/14499] INFO  impl.DataStreamServerImpl (ConfUtils.java:logGet(44)) - raft.datastream.type = DISABLED (default)
2021-07-03 01:52:47,928 [Listener at 0.0.0.0/14499] INFO  server.RaftServerConfigKeys (ConfUtils.java:logGet(44)) - raft.server.rpc.slowness.timeout = 120000ms (custom)
2021-07-03 01:52:47,928 [Listener at 0.0.0.0/14499] INFO  server.RaftServerConfigKeys (ConfUtils.java:logGet(44)) - raft.server.leaderelection.leader.step-down.wait-time = 10s (default)
2021-07-03 01:52:47,928 [Listener at 0.0.0.0/14499] INFO  server.RaftServerConfigKeys (ConfUtils.java:logGet(44)) - raft.server.storage.dir = [/home/runner/work/ozone/ozone/mnt/ozone/hadoop-ozone/integration-test/target/test-dir/MiniOzoneClusterImpl-6d7611b0-ac11-41e1-98f8-97ea473a16a6/scmNode-2/scm-ha] (custom)
2021-07-03 01:52:47,933 [Listener at 0.0.0.0/14499] INFO  server.RaftServer (RaftServerProxy.java:addNew(95)) - 72fc5de2-a3f7-4fa9-972b-1bbfdbde045f: addNew group-97EA473A16A6:[] returns group-97EA473A16A6:java.util.concurrent.CompletableFuture@73e9d4d0[Not completed]
2021-07-03 01:52:47,934 [pool-194-thread-1] INFO  server.RaftServer$Division (RaftServerImpl.java:<init>(180)) - 72fc5de2-a3f7-4fa9-972b-1bbfdbde045f: new RaftServerImpl for group-97EA473A16A6:[] with SCMStateMachine:uninitialized
2021-07-03 01:52:47,935 [pool-194-thread-1] INFO  server.RaftServerConfigKeys (ConfUtils.java:logGet(44)) - raft.server.rpc.timeout.min = 5000ms (custom)
2021-07-03 01:52:47,935 [pool-194-thread-1] INFO  server.RaftServerConfigKeys (ConfUtils.java:logGet(44)) - raft.server.rpc.timeout.max = 5200ms (custom)
2021-07-03 01:52:47,935 [pool-194-thread-1] INFO  server.RaftServerConfigKeys (ConfUtils.java:logGet(44)) - raft.server.rpc.sleep.time = 25ms (default)
2021-07-03 01:52:47,935 [pool-194-thread-1] INFO  server.RaftServerConfigKeys (ConfUtils.java:logGet(44)) - raft.server.rpc.slowness.timeout = 120000ms (custom)
2021-07-03 01:52:47,935 [pool-194-thread-1] INFO  server.RaftServerConfigKeys (ConfUtils.java:logGet(44)) - raft.server.leaderelection.leader.step-down.wait-time = 10s (default)
2021-07-03 01:52:47,935 [pool-194-thread-1] INFO  server.RaftServerConfigKeys (ConfUtils.java:logGet(44)) - raft.server.sleep.deviation.threshold = 300ms (default)
2021-07-03 01:52:47,935 [pool-194-thread-1] INFO  server.RaftServerConfigKeys (ConfUtils.java:logGet(44)) - raft.server.log.appender.install.snapshot.enabled = false (custom)
2021-07-03 01:52:47,935 [pool-194-thread-1] INFO  server.RaftServer$Division (ServerState.java:<init>(105)) - 72fc5de2-a3f7-4fa9-972b-1bbfdbde045f@group-97EA473A16A6: ConfigurationManager, init=-1: [], old=null, confs=<EMPTY_MAP>
2021-07-03 01:52:47,935 [pool-194-thread-1] INFO  server.RaftServerConfigKeys (ConfUtils.java:logGet(44)) - raft.server.storage.dir = [/home/runner/work/ozone/ozone/mnt/ozone/hadoop-ozone/integration-test/target/test-dir/MiniOzoneClusterImpl-6d7611b0-ac11-41e1-98f8-97ea473a16a6/scmNode-2/scm-ha] (custom)
2021-07-03 01:52:47,936 [pool-194-thread-1] INFO  server.RaftServerConfigKeys (ConfUtils.java:logGet(44)) - raft.server.log.corruption.policy = EXCEPTION (default)
2021-07-03 01:52:47,936 [pool-194-thread-1] INFO  storage.RaftStorageDirectory (RaftStorageDirectoryImpl.java:analyzeStorage(132)) - The storage directory /home/runner/work/ozone/ozone/mnt/ozone/hadoop-ozone/integration-test/target/test-dir/MiniOzoneClusterImpl-6d7611b0-ac11-41e1-98f8-97ea473a16a6/scmNode-2/scm-ha/6d7611b0-ac11-41e1-98f8-97ea473a16a6 does not exist. Creating ...
2021-07-03 01:52:47,937 [pool-194-thread-1] INFO  storage.RaftStorageDirectory (RaftStorageDirectoryImpl.java:tryLock(215)) - Lock on /home/runner/work/ozone/ozone/mnt/ozone/hadoop-ozone/integration-test/target/test-dir/MiniOzoneClusterImpl-6d7611b0-ac11-41e1-98f8-97ea473a16a6/scmNode-2/scm-ha/6d7611b0-ac11-41e1-98f8-97ea473a16a6/in_use.lock acquired by nodename 16859@fv-az12-896
2021-07-03 01:52:47,938 [pool-194-thread-1] INFO  storage.RaftStorage (RaftStorageImpl.java:format(87)) - Storage directory /home/runner/work/ozone/ozone/mnt/ozone/hadoop-ozone/integration-test/target/test-dir/MiniOzoneClusterImpl-6d7611b0-ac11-41e1-98f8-97ea473a16a6/scmNode-2/scm-ha/6d7611b0-ac11-41e1-98f8-97ea473a16a6 has been successfully formatted.
2021-07-03 01:52:47,939 [pool-194-thread-1] INFO  server.RaftServerConfigKeys (ConfUtils.java:logGet(44)) - raft.server.notification.no-leader.timeout = 60s (default)
2021-07-03 01:52:47,939 [pool-194-thread-1] INFO  server.RaftServerConfigKeys (ConfUtils.java:logGet(44)) - raft.server.log.use.memory = false (default)
2021-07-03 01:52:47,939 [pool-194-thread-1] INFO  server.RaftServerConfigKeys (ConfUtils.java:logGet(44)) - raft.server.log.purge.gap = 5 (custom)
2021-07-03 01:52:47,939 [pool-194-thread-1] INFO  server.RaftServerConfigKeys (ConfUtils.java:logGet(44)) - raft.server.log.appender.buffer.byte-limit = 33554432 (custom)
2021-07-03 01:52:47,939 [pool-194-thread-1] INFO  metrics.RatisMetrics (RatisMetrics.java:lambda$create$0(36)) - Creating Metrics Registry : ratis.log_worker.72fc5de2-a3f7-4fa9-972b-1bbfdbde045f@group-97EA473A16A6
2021-07-03 01:52:47,939 [pool-194-thread-1] INFO  server.RaftServerConfigKeys (ConfUtils.java:logGet(44)) - raft.server.log.segment.size.max = 16384 (custom)
2021-07-03 01:52:47,940 [pool-194-thread-1] INFO  server.RaftServerConfigKeys (ConfUtils.java:logGet(44)) - raft.server.log.segment.cache.num.max = 2 (custom)
2021-07-03 01:52:47,940 [pool-194-thread-1] INFO  server.RaftServerConfigKeys (ConfUtils.java:logGet(44)) - raft.server.log.segment.cache.size.max = 200MB (=209715200) (default)
2021-07-03 01:52:47,940 [pool-194-thread-1] INFO  segmented.SegmentedRaftLogWorker (SegmentedRaftLogWorker.java:<init>(182)) - new 72fc5de2-a3f7-4fa9-972b-1bbfdbde045f@group-97EA473A16A6-SegmentedRaftLogWorker for RaftStorageImpl:Storage Directory /home/runner/work/ozone/ozone/mnt/ozone/hadoop-ozone/integration-test/target/test-dir/MiniOzoneClusterImpl-6d7611b0-ac11-41e1-98f8-97ea473a16a6/scmNode-2/scm-ha/6d7611b0-ac11-41e1-98f8-97ea473a16a6
2021-07-03 01:52:47,940 [pool-194-thread-1] INFO  server.RaftServerConfigKeys (ConfUtils.java:logGet(44)) - raft.server.log.queue.byte-limit = 64MB (=67108864) (default)
2021-07-03 01:52:47,940 [pool-194-thread-1] INFO  server.RaftServerConfigKeys (ConfUtils.java:logGet(44)) - raft.server.log.queue.element-limit = 4096 (default)
2021-07-03 01:52:47,940 [pool-194-thread-1] INFO  server.RaftServerConfigKeys (ConfUtils.java:logGet(44)) - raft.server.log.segment.size.max = 16384 (custom)
2021-07-03 01:52:47,940 [pool-194-thread-1] INFO  server.RaftServerConfigKeys (ConfUtils.java:logGet(44)) - raft.server.log.preallocated.size = 16384 (custom)
2021-07-03 01:52:47,940 [pool-194-thread-1] INFO  server.RaftServerConfigKeys (ConfUtils.java:logGet(44)) - raft.server.log.force.sync.num = 128 (default)
2021-07-03 01:52:47,940 [pool-194-thread-1] INFO  server.RaftServerConfigKeys (ConfUtils.java:logGet(44)) - raft.server.log.statemachine.data.sync = true (default)
2021-07-03 01:52:47,940 [pool-194-thread-1] INFO  server.RaftServerConfigKeys (ConfUtils.java:logGet(44)) - raft.server.log.statemachine.data.sync.timeout = 10s (default)
2021-07-03 01:52:47,940 [pool-194-thread-1] INFO  server.RaftServerConfigKeys (ConfUtils.java:logGet(44)) - raft.server.log.statemachine.data.sync.timeout.retry = -1 (default)
2021-07-03 01:52:47,941 [pool-194-thread-1] INFO  server.RaftServerConfigKeys (ConfUtils.java:logGet(44)) - raft.server.log.write.buffer.size = 64KB (=65536) (default)
2021-07-03 01:52:47,941 [pool-194-thread-1] INFO  server.RaftServerConfigKeys (ConfUtils.java:logGet(44)) - raft.server.log.statemachine.data.caching.enabled = false (default)
2021-07-03 01:52:47,941 [pool-194-thread-1] INFO  segmented.SegmentedRaftLogWorker (SegmentedRaftLogWorker.java:lambda$new$0(133)) - 72fc5de2-a3f7-4fa9-972b-1bbfdbde045f@group-97EA473A16A6-SegmentedRaftLogWorker: flushIndex: setUnconditionally 0 -> -1
2021-07-03 01:52:47,941 [pool-194-thread-1] INFO  segmented.SegmentedRaftLogWorker (SegmentedRaftLogWorker.java:lambda$new$0(133)) - 72fc5de2-a3f7-4fa9-972b-1bbfdbde045f@group-97EA473A16A6-SegmentedRaftLogWorker: safeCacheEvictIndex: setUnconditionally 0 -> -1
2021-07-03 01:52:47,946 [pool-194-thread-1] INFO  server.RaftServerConfigKeys (ConfUtils.java:logGet(44)) - raft.server.snapshot.auto.trigger.enabled = true (custom)
2021-07-03 01:52:47,947 [pool-194-thread-1] INFO  server.RaftServerConfigKeys (ConfUtils.java:logGet(44)) - raft.server.snapshot.auto.trigger.threshold = 5 (custom)
2021-07-03 01:52:47,947 [pool-194-thread-1] INFO  server.RaftServerConfigKeys (ConfUtils.java:logGet(44)) - raft.server.snapshot.retention.file.num = -1 (default)
2021-07-03 01:52:47,947 [pool-194-thread-1] INFO  server.RaftServerConfigKeys (ConfUtils.java:logGet(44)) - raft.server.log.purge.upto.snapshot.index = true (custom)
2021-07-03 01:52:47,947 [pool-194-thread-1] INFO  server.RaftServerConfigKeys (ConfUtils.java:logGet(44)) - raft.server.retrycache.expirytime = 60000ms (default)
2021-07-03 01:52:47,947 [pool-194-thread-1] INFO  server.RaftServerConfigKeys (ConfUtils.java:logGet(44)) - raft.server.retrycache.statistics.expirytime = 100μs (default)
2021-07-03 01:52:47,947 [pool-194-thread-1] INFO  metrics.RatisMetrics (RatisMetrics.java:lambda$create$0(36)) - Creating Metrics Registry : ratis.leader_election.72fc5de2-a3f7-4fa9-972b-1bbfdbde045f@group-97EA473A16A6
2021-07-03 01:52:47,947 [pool-194-thread-1] INFO  metrics.RatisMetrics (RatisMetrics.java:lambda$create$0(36)) - Creating Metrics Registry : ratis.server.72fc5de2-a3f7-4fa9-972b-1bbfdbde045f@group-97EA473A16A6
2021-07-03 01:52:47,948 [Listener at 0.0.0.0/14499] INFO  ha.SCMSnapshotProvider (SCMSnapshotProvider.java:<init>(66)) - Initializing SCM Snapshot Provider
2021-07-03 01:52:47,948 [Listener at 0.0.0.0/14499] WARN  server.ServerUtils (ServerUtils.java:getDefaultRatisDirectory(237)) - Storage directory for Ratis is not configured. It is a good idea to map this to an SSD disk. Falling back to ozone.metadata.dirs
2021-07-03 01:52:47,949 [Listener at 0.0.0.0/14499] WARN  ha.SCMHAUtils (SCMHAUtils.java:getSCMRatisSnapshotDirectory(142)) - SCM snapshot dir is not configured. Falling back to ozone.metadata.dirs config
2021-07-03 01:52:47,951 [Listener at 0.0.0.0/14499] INFO  ha.SequenceIdGenerator (SequenceIdGenerator.java:upgradeToSequenceId(327)) - upgrade localId to 107544261427200000
2021-07-03 01:52:47,951 [Listener at 0.0.0.0/14499] INFO  ha.SequenceIdGenerator (SequenceIdGenerator.java:upgradeToSequenceId(337)) - upgrade delTxnId to 0
2021-07-03 01:52:47,951 [Listener at 0.0.0.0/14499] INFO  ha.SequenceIdGenerator (SequenceIdGenerator.java:upgradeToSequenceId(351)) - upgrade containerId to 0
2021-07-03 01:52:47,951 [Listener at 0.0.0.0/14499] INFO  ha.SequenceIdGenerator (SequenceIdGenerator.java:<init>(217)) - Init the HA SequenceIdGenerator.
2021-07-03 01:52:47,951 [Listener at 0.0.0.0/14499] WARN  server.ServerUtils (ServerUtils.java:sanitizeUserArgs(73)) - ozone.scm.stale.node.interval value = 300000 is larger than max = 100000 based on the key value of ozone.scm.heartbeat.thread.interval, reset to the max value 100000.
2021-07-03 01:52:47,952 [Listener at 0.0.0.0/14499] WARN  server.ServerUtils (ServerUtils.java:sanitizeUserArgs(73)) - ozone.scm.stale.node.interval value = 300000 is larger than max = 100000 based on the key value of ozone.scm.heartbeat.thread.interval, reset to the max value 100000.
2021-07-03 01:52:47,952 [Listener at 0.0.0.0/14499] INFO  node.SCMNodeManager (SCMNodeManager.java:<init>(125)) - Entering startup safe mode.
2021-07-03 01:52:47,953 [Listener at 0.0.0.0/14499] INFO  algorithms.ContainerPlacementPolicyFactory (ContainerPlacementPolicyFactory.java:getPolicy(60)) - Create container placement policy of type org.apache.hadoop.hdds.scm.container.placement.algorithms.SCMContainerPlacementRandom
2021-07-03 01:52:47,953 [Listener at 0.0.0.0/14499] INFO  pipeline.PipelineStateManager (PipelineStateManagerV2Impl.java:initialize(78)) - No pipeline exists in current db
2021-07-03 01:52:47,953 [Listener at 0.0.0.0/14499] INFO  algorithms.LeaderChoosePolicyFactory (LeaderChoosePolicyFactory.java:getPolicy(57)) - Create leader choose policy of type org.apache.hadoop.hdds.scm.pipeline.leader.choose.algorithms.MinLeaderCountChoosePolicy
2021-07-03 01:52:47,953 [Listener at 0.0.0.0/14499] INFO  ha.SCMServiceManager (SCMServiceManager.java:register(43)) - Registering service BackgroundPipelineCreator.
2021-07-03 01:52:47,954 [Listener at 0.0.0.0/14499] INFO  pipeline.BackgroundPipelineCreator (BackgroundPipelineCreatorV2.java:start(130)) - Starting RatisPipelineUtilsThread.
2021-07-03 01:52:47,955 [Listener at 0.0.0.0/14499] INFO  algorithms.PipelineChoosePolicyFactory (PipelineChoosePolicyFactory.java:createPipelineChoosePolicyFromClass(73)) - Create pipeline choose policy of type org.apache.hadoop.hdds.scm.pipeline.choose.algorithms.RandomPipelineChoosePolicy
2021-07-03 01:52:47,955 [Listener at 0.0.0.0/14499] INFO  ha.SCMServiceManager (SCMServiceManager.java:register(43)) - Registering service SCMBlockDeletingService.
2021-07-03 01:52:47,955 [Listener at 0.0.0.0/14499] INFO  ha.SCMServiceManager (SCMServiceManager.java:register(43)) - Registering service ReplicationManager.
2021-07-03 01:52:47,956 [Listener at 0.0.0.0/14499] INFO  container.ReplicationManager (ReplicationManager.java:start(219)) - Starting Replication Monitor Thread.
2021-07-03 01:52:47,957 [ReplicationMonitor] INFO  container.ReplicationManager (ReplicationManager.java:run(283)) - Replication Monitor Thread took 0 milliseconds for processing 0 containers.
2021-07-03 01:52:47,957 [Listener at 0.0.0.0/14499] INFO  safemode.ContainerSafeModeRule (ContainerSafeModeRule.java:<init>(89)) - containers with one replica threshold count 0
2021-07-03 01:52:47,958 [Listener at 0.0.0.0/14499] INFO  safemode.HealthyPipelineSafeModeRule (HealthyPipelineSafeModeRule.java:initializeRule(156)) - Total pipeline count is 0, healthy pipeline threshold count is 1
2021-07-03 01:52:47,959 [Listener at 0.0.0.0/14499] INFO  safemode.OneReplicaPipelineSafeModeRule (OneReplicaPipelineSafeModeRule.java:initializeRule(180)) - Total pipeline count is 0, pipeline's with at least one datanode reported threshold count is 0
2021-07-03 01:52:47,959 [Listener at 0.0.0.0/14499] INFO  ipc.CallQueueManager (CallQueueManager.java:<init>(85)) - Using callQueue: class java.util.concurrent.LinkedBlockingQueue, queueCapacity: 2000, scheduler: class org.apache.hadoop.ipc.DefaultRpcScheduler, ipcBackoff: false.
2021-07-03 01:52:47,960 [Socket Reader #1 for port 14507] INFO  ipc.Server (Server.java:run(1255)) - Starting Socket Reader #1 for port 14507
2021-07-03 01:52:47,963 [Listener at 0.0.0.0/14507] INFO  ipc.CallQueueManager (CallQueueManager.java:<init>(85)) - Using callQueue: class java.util.concurrent.LinkedBlockingQueue, queueCapacity: 2000, scheduler: class org.apache.hadoop.ipc.DefaultRpcScheduler, ipcBackoff: false.
2021-07-03 01:52:47,964 [Socket Reader #1 for port 14508] INFO  ipc.Server (Server.java:run(1255)) - Starting Socket Reader #1 for port 14508
2021-07-03 01:52:47,965 [Listener at 0.0.0.0/14508] INFO  ipc.CallQueueManager (CallQueueManager.java:<init>(85)) - Using callQueue: class java.util.concurrent.LinkedBlockingQueue, queueCapacity: 2000, scheduler: class org.apache.hadoop.ipc.DefaultRpcScheduler, ipcBackoff: false.
2021-07-03 01:52:47,966 [Socket Reader #1 for port 14509] INFO  ipc.Server (Server.java:run(1255)) - Starting Socket Reader #1 for port 14509
2021-07-03 01:52:47,992 [Listener at 0.0.0.0/14509] INFO  server.StorageContainerManager (StorageContainerManager.java:<init>(363)) - 
Container Balancer status:
Key                            Value
Running                        true
Container Balancer Configuration values:
Key                            Value
Threshold                      0.1
Max Datanodes to Balance       5
Max Size to Move               10737418240B

2021-07-03 01:52:47,992 [Listener at 0.0.0.0/14509] WARN  events.EventQueue (EventQueue.java:fireEvent(194)) - No event handler registered for event TypedEvent{payloadType=SafeModeStatus, name='Safe mode status'}
2021-07-03 01:52:47,993 [Listener at 0.0.0.0/14509] INFO  ha.SCMContext (SCMContext.java:updateSafeModeStatus(208)) - Update SafeModeStatus from SafeModeStatus{safeModeStatus=true, preCheckPassed=false} to SafeModeStatus{safeModeStatus=true, preCheckPassed=false}.
2021-07-03 01:52:47,993 [Listener at 0.0.0.0/14509] INFO  server.StorageContainerManager (StorageContainerManager.java:start(1214)) - StorageContainerLocationProtocol RPC server is listening at /0.0.0.0:14509
2021-07-03 01:52:47,993 [Listener at 0.0.0.0/14509] INFO  ha.SCMRatisServerImpl (SCMRatisServerImpl.java:start(170)) - starting ratis server 0.0.0.0:14506
2021-07-03 01:52:47,993 [Listener at 0.0.0.0/14509] INFO  server.RaftServer$Division (RaftServerImpl.java:start(298)) - 72fc5de2-a3f7-4fa9-972b-1bbfdbde045f@group-97EA473A16A6: start with initializing state, conf=-1: [], old=null
2021-07-03 01:52:47,994 [Listener at 0.0.0.0/14509] INFO  server.RaftServer$Division (RaftServerImpl.java:setRole(284)) - 72fc5de2-a3f7-4fa9-972b-1bbfdbde045f@group-97EA473A16A6: changes role from      null to FOLLOWER at term 0 for startInitializing
2021-07-03 01:52:47,994 [Listener at 0.0.0.0/14509] INFO  util.JmxRegister (JmxRegister.java:tryRegister(44)) - Successfully registered JMX Bean with object name Ratis:service=RaftServer,group=group-97EA473A16A6,id=72fc5de2-a3f7-4fa9-972b-1bbfdbde045f
2021-07-03 01:52:47,994 [Listener at 0.0.0.0/14509] INFO  metrics.RatisMetrics (RatisMetrics.java:lambda$create$0(36)) - Creating Metrics Registry : ratis.state_machine.72fc5de2-a3f7-4fa9-972b-1bbfdbde045f@group-97EA473A16A6
2021-07-03 01:52:47,996 [Listener at 0.0.0.0/14509] INFO  server.RaftServer (RaftServerProxy.java:lambda$start$5(374)) - 72fc5de2-a3f7-4fa9-972b-1bbfdbde045f: start RPC server
2021-07-03 01:52:47,998 [Listener at 0.0.0.0/14509] INFO  server.GrpcService (GrpcService.java:startImpl(253)) - 72fc5de2-a3f7-4fa9-972b-1bbfdbde045f: GrpcService started, listening on 14506
2021-07-03 01:52:47,999 [Listener at 0.0.0.0/14509] INFO  ha.SCMNodeInfo (SCMNodeInfo.java:getPort(197)) - ConfigKey ozone.scm.client.address is deprecated, For configuring different ports for each SCM use PortConfigKey ozone.scm.client.port appended with serviceId and nodeId
2021-07-03 01:52:48,000 [Listener at 0.0.0.0/14509] INFO  ha.SCMNodeInfo (SCMNodeInfo.java:getPort(197)) - ConfigKey ozone.scm.block.client.address is deprecated, For configuring different ports for each SCM use PortConfigKey ozone.scm.block.client.port appended with serviceId and nodeId
2021-07-03 01:52:48,000 [Listener at 0.0.0.0/14509] INFO  ha.SCMNodeInfo (SCMNodeInfo.java:getPort(197)) - ConfigKey ozone.scm.datanode.address is deprecated, For configuring different ports for each SCM use PortConfigKey ozone.scm.datanode.port appended with serviceId and nodeId
2021-07-03 01:52:48,000 [Listener at 0.0.0.0/14509] INFO  ha.SCMNodeInfo (SCMNodeInfo.java:getPort(197)) - ConfigKey ozone.scm.client.address is deprecated, For configuring different ports for each SCM use PortConfigKey ozone.scm.client.port appended with serviceId and nodeId
2021-07-03 01:52:48,000 [Listener at 0.0.0.0/14509] INFO  ha.SCMNodeInfo (SCMNodeInfo.java:getPort(197)) - ConfigKey ozone.scm.block.client.address is deprecated, For configuring different ports for each SCM use PortConfigKey ozone.scm.block.client.port appended with serviceId and nodeId
2021-07-03 01:52:48,000 [Listener at 0.0.0.0/14509] INFO  ha.SCMNodeInfo (SCMNodeInfo.java:getPort(197)) - ConfigKey ozone.scm.datanode.address is deprecated, For configuring different ports for each SCM use PortConfigKey ozone.scm.datanode.port appended with serviceId and nodeId
2021-07-03 01:52:48,000 [Listener at 0.0.0.0/14509] INFO  ha.SCMNodeInfo (SCMNodeInfo.java:getPort(197)) - ConfigKey ozone.scm.client.address is deprecated, For configuring different ports for each SCM use PortConfigKey ozone.scm.client.port appended with serviceId and nodeId
2021-07-03 01:52:48,001 [Listener at 0.0.0.0/14509] INFO  ha.SCMNodeInfo (SCMNodeInfo.java:getPort(197)) - ConfigKey ozone.scm.block.client.address is deprecated, For configuring different ports for each SCM use PortConfigKey ozone.scm.block.client.port appended with serviceId and nodeId
2021-07-03 01:52:48,001 [Listener at 0.0.0.0/14509] INFO  ha.SCMNodeInfo (SCMNodeInfo.java:getPort(197)) - ConfigKey ozone.scm.datanode.address is deprecated, For configuring different ports for each SCM use PortConfigKey ozone.scm.datanode.port appended with serviceId and nodeId
2021-07-03 01:52:48,001 [org.apache.ratis.util.JvmPauseMonitor$$Lambda$493/611739613@3432a612] INFO  util.JvmPauseMonitor (JvmPauseMonitor.java:run(103)) - JvmPauseMonitor-72fc5de2-a3f7-4fa9-972b-1bbfdbde045f: Started
2021-07-03 01:52:48,008 [IPC Server handler 2 on default port 14498] INFO  ha.SCMRatisServerImpl (SCMRatisServerImpl.java:addSCM(280)) - bae6930e-8ae4-497b-9eaa-87fb2ec79d16: Submitting SetConfiguration request to Ratis server with new SCM peers list: [bae6930e-8ae4-497b-9eaa-87fb2ec79d16|rpc:localhost:14496|admin:|client:|dataStream:|priority:0, 72fc5de2-a3f7-4fa9-972b-1bbfdbde045f|rpc:localhost:14506|priority:0]
2021-07-03 01:52:48,008 [IPC Server handler 2 on default port 14498] INFO  server.RaftServer$Division (RaftServerImpl.java:setConfigurationAsync(970)) - bae6930e-8ae4-497b-9eaa-87fb2ec79d16@group-97EA473A16A6: receive setConfiguration SetConfigurationRequest:client-E636B7D9B0FB->bae6930e-8ae4-497b-9eaa-87fb2ec79d16@group-97EA473A16A6, cid=0, seq=0, RW, null, peers:[bae6930e-8ae4-497b-9eaa-87fb2ec79d16|rpc:localhost:14496|admin:|client:|dataStream:|priority:0, 72fc5de2-a3f7-4fa9-972b-1bbfdbde045f|rpc:localhost:14506|priority:0]
2021-07-03 01:52:48,008 [IPC Server handler 2 on default port 14498] INFO  server.RaftServer$Division (LeaderStateImpl.java:startSetConfiguration(345)) - bae6930e-8ae4-497b-9eaa-87fb2ec79d16@group-97EA473A16A6-LeaderStateImpl: startSetConfiguration SetConfigurationRequest:client-E636B7D9B0FB->bae6930e-8ae4-497b-9eaa-87fb2ec79d16@group-97EA473A16A6, cid=0, seq=0, RW, null, peers:[bae6930e-8ae4-497b-9eaa-87fb2ec79d16|rpc:localhost:14496|admin:|client:|dataStream:|priority:0, 72fc5de2-a3f7-4fa9-972b-1bbfdbde045f|rpc:localhost:14506|priority:0]
2021-07-03 01:52:48,008 [IPC Server handler 2 on default port 14498] INFO  server.RaftServerConfigKeys (ConfUtils.java:logGet(44)) - raft.server.log.appender.snapshot.chunk.size.max = 16MB (=16777216) (default)
2021-07-03 01:52:48,008 [IPC Server handler 2 on default port 14498] INFO  server.RaftServerConfigKeys (ConfUtils.java:logGet(44)) - raft.server.log.appender.buffer.byte-limit = 33554432 (custom)
2021-07-03 01:52:48,008 [IPC Server handler 2 on default port 14498] INFO  server.RaftServerConfigKeys (ConfUtils.java:logGet(44)) - raft.server.log.appender.buffer.element-limit = 33554432 (custom)
2021-07-03 01:52:48,101 [IPC Server handler 2 on default port 14498] INFO  grpc.GrpcConfigKeys (ConfUtils.java:logGet(44)) - raft.grpc.server.leader.outstanding.appends.max = 128 (default)
2021-07-03 01:52:48,102 [IPC Server handler 2 on default port 14498] INFO  server.RaftServerConfigKeys (ConfUtils.java:logGet(44)) - raft.server.rpc.request.timeout = 30000ms (custom)
2021-07-03 01:52:48,102 [IPC Server handler 2 on default port 14498] INFO  server.RaftServerConfigKeys (ConfUtils.java:logGet(44)) - raft.server.log.appender.install.snapshot.enabled = false (custom)
2021-07-03 01:52:48,102 [IPC Server handler 2 on default port 14498] INFO  metrics.RatisMetrics (RatisMetrics.java:lambda$create$0(36)) - Creating Metrics Registry : ratis_grpc.log_appender.bae6930e-8ae4-497b-9eaa-87fb2ec79d16@group-97EA473A16A6
2021-07-03 01:52:48,109 [grpc-default-executor-3] INFO  metrics.RatisMetrics (RatisMetrics.java:lambda$create$0(36)) - Creating Metrics Registry : ratis.server_message_metrics.72fc5de2-a3f7-4fa9-972b-1bbfdbde045f
2021-07-03 01:52:48,111 [grpc-default-executor-3] INFO  ha.SCMStateMachine (SCMStateMachine.java:notifyLeaderChanged(248)) - leader changed, yet current SCM is still follower.
2021-07-03 01:52:48,111 [grpc-default-executor-3] INFO  server.RaftServer$Division (ServerState.java:setLeader(271)) - 72fc5de2-a3f7-4fa9-972b-1bbfdbde045f@group-97EA473A16A6: change Leader from null to bae6930e-8ae4-497b-9eaa-87fb2ec79d16 at term 2 for appendEntries, leader elected after 172ms
2021-07-03 01:52:48,111 [grpc-default-executor-3] INFO  impl.RoleInfo (RoleInfo.java:updateAndGet(130)) - 72fc5de2-a3f7-4fa9-972b-1bbfdbde045f: start 72fc5de2-a3f7-4fa9-972b-1bbfdbde045f@group-97EA473A16A6-FollowerState
2021-07-03 01:52:48,113 [grpc-default-executor-3] INFO  server.RaftServer$Division (ServerState.java:setRaftConf(373)) - 72fc5de2-a3f7-4fa9-972b-1bbfdbde045f@group-97EA473A16A6: set configuration 0: [bae6930e-8ae4-497b-9eaa-87fb2ec79d16|rpc:localhost:14496|admin:|client:|dataStream:|priority:0], old=null
2021-07-03 01:52:48,113 [grpc-default-executor-3] INFO  server.RaftServer$Division (ServerState.java:setRaftConf(373)) - 72fc5de2-a3f7-4fa9-972b-1bbfdbde045f@group-97EA473A16A6: set configuration 1: [bae6930e-8ae4-497b-9eaa-87fb2ec79d16|rpc:localhost:14496|admin:|client:|dataStream:|priority:0], old=null
2021-07-03 01:52:48,113 [grpc-default-executor-3] INFO  segmented.SegmentedRaftLogWorker (SegmentedRaftLogWorker.java:startLogSegment(394)) - 72fc5de2-a3f7-4fa9-972b-1bbfdbde045f@group-97EA473A16A6-SegmentedRaftLogWorker: Starting segment from index:0
2021-07-03 01:52:48,114 [grpc-default-executor-3] INFO  segmented.SegmentedRaftLogWorker (SegmentedRaftLogWorker.java:rollLogSegment(399)) - 72fc5de2-a3f7-4fa9-972b-1bbfdbde045f@group-97EA473A16A6-SegmentedRaftLogWorker: Rolling segment log-0_0 to index:0
2021-07-03 01:52:48,114 [72fc5de2-a3f7-4fa9-972b-1bbfdbde045f@group-97EA473A16A6-SegmentedRaftLogWorker] INFO  segmented.SegmentedRaftLogWorker (SegmentedRaftLogWorker.java:execute(601)) - 72fc5de2-a3f7-4fa9-972b-1bbfdbde045f@group-97EA473A16A6-SegmentedRaftLogWorker: created new log segment /home/runner/work/ozone/ozone/mnt/ozone/hadoop-ozone/integration-test/target/test-dir/MiniOzoneClusterImpl-6d7611b0-ac11-41e1-98f8-97ea473a16a6/scmNode-2/scm-ha/6d7611b0-ac11-41e1-98f8-97ea473a16a6/current/log_inprogress_0
2021-07-03 01:52:48,115 [72fc5de2-a3f7-4fa9-972b-1bbfdbde045f@group-97EA473A16A6-SegmentedRaftLogWorker] INFO  segmented.SegmentedRaftLogWorker (SegmentedRaftLogWorker.java:execute(558)) - 72fc5de2-a3f7-4fa9-972b-1bbfdbde045f@group-97EA473A16A6-SegmentedRaftLogWorker: Rolled log segment from /home/runner/work/ozone/ozone/mnt/ozone/hadoop-ozone/integration-test/target/test-dir/MiniOzoneClusterImpl-6d7611b0-ac11-41e1-98f8-97ea473a16a6/scmNode-2/scm-ha/6d7611b0-ac11-41e1-98f8-97ea473a16a6/current/log_inprogress_0 to /home/runner/work/ozone/ozone/mnt/ozone/hadoop-ozone/integration-test/target/test-dir/MiniOzoneClusterImpl-6d7611b0-ac11-41e1-98f8-97ea473a16a6/scmNode-2/scm-ha/6d7611b0-ac11-41e1-98f8-97ea473a16a6/current/log_0-0
2021-07-03 01:52:48,117 [72fc5de2-a3f7-4fa9-972b-1bbfdbde045f@group-97EA473A16A6-SegmentedRaftLogWorker] INFO  segmented.SegmentedRaftLogWorker (SegmentedRaftLogWorker.java:execute(601)) - 72fc5de2-a3f7-4fa9-972b-1bbfdbde045f@group-97EA473A16A6-SegmentedRaftLogWorker: created new log segment /home/runner/work/ozone/ozone/mnt/ozone/hadoop-ozone/integration-test/target/test-dir/MiniOzoneClusterImpl-6d7611b0-ac11-41e1-98f8-97ea473a16a6/scmNode-2/scm-ha/6d7611b0-ac11-41e1-98f8-97ea473a16a6/current/log_inprogress_1
2021-07-03 01:52:48,119 [72fc5de2-a3f7-4fa9-972b-1bbfdbde045f@group-97EA473A16A6-StateMachineUpdater] INFO  safemode.HealthyPipelineSafeModeRule (HealthyPipelineSafeModeRule.java:initializeRule(152)) - Refreshed total pipeline count is 0, healthy pipeline threshold count is 1
2021-07-03 01:52:48,119 [72fc5de2-a3f7-4fa9-972b-1bbfdbde045f@group-97EA473A16A6-StateMachineUpdater] INFO  safemode.ContainerSafeModeRule (ContainerSafeModeRule.java:reInitializeRule(177)) - Refreshed one replica container threshold 0, currentThreshold 0
2021-07-03 01:52:48,119 [72fc5de2-a3f7-4fa9-972b-1bbfdbde045f@group-97EA473A16A6-StateMachineUpdater] INFO  safemode.OneReplicaPipelineSafeModeRule (OneReplicaPipelineSafeModeRule.java:initializeRule(176)) - Refreshed Total pipeline count is 0, pipeline's with at least one datanode reported threshold count is 0
2021-07-03 01:52:48,119 [72fc5de2-a3f7-4fa9-972b-1bbfdbde045f@group-97EA473A16A6-StateMachineUpdater] INFO  server.SCMDatanodeProtocolServer (SCMDatanodeProtocolServer.java:start(177)) - RPC server for DataNodes is listening at /0.0.0.0:14507
2021-07-03 01:52:48,119 [bae6930e-8ae4-497b-9eaa-87fb2ec79d16@group-97EA473A16A6-LeaderStateImpl] INFO  server.RaftServer$Division (ServerState.java:setRaftConf(373)) - bae6930e-8ae4-497b-9eaa-87fb2ec79d16@group-97EA473A16A6: set configuration 3: [bae6930e-8ae4-497b-9eaa-87fb2ec79d16|rpc:localhost:14496|admin:|client:|dataStream:|priority:0, 72fc5de2-a3f7-4fa9-972b-1bbfdbde045f|rpc:localhost:14506|priority:0], old=[bae6930e-8ae4-497b-9eaa-87fb2ec79d16|rpc:localhost:14496|admin:|client:|dataStream:|priority:0]
2021-07-03 01:52:48,121 [IPC Server Responder] INFO  ipc.Server (Server.java:run(1497)) - IPC Server Responder: starting
2021-07-03 01:52:48,121 [grpc-default-executor-3] INFO  server.RaftServer$Division (ServerState.java:setRaftConf(373)) - 72fc5de2-a3f7-4fa9-972b-1bbfdbde045f@group-97EA473A16A6: set configuration 3: [bae6930e-8ae4-497b-9eaa-87fb2ec79d16|rpc:localhost:14496|admin:|client:|dataStream:|priority:0, 72fc5de2-a3f7-4fa9-972b-1bbfdbde045f|rpc:localhost:14506|admin:|client:|dataStream:|priority:0], old=[bae6930e-8ae4-497b-9eaa-87fb2ec79d16|rpc:localhost:14496|admin:|client:|dataStream:|priority:0]
2021-07-03 01:52:48,122 [IPC Server listener on 14507] INFO  ipc.Server (Server.java:run(1334)) - IPC Server listener on 14507: starting
2021-07-03 01:52:48,129 [bae6930e-8ae4-497b-9eaa-87fb2ec79d16@group-97EA473A16A6-LeaderStateImpl] INFO  server.RaftServer$Division (ServerState.java:setRaftConf(373)) - bae6930e-8ae4-497b-9eaa-87fb2ec79d16@group-97EA473A16A6: set configuration 5: [bae6930e-8ae4-497b-9eaa-87fb2ec79d16|rpc:localhost:14496|admin:|client:|dataStream:|priority:0, 72fc5de2-a3f7-4fa9-972b-1bbfdbde045f|rpc:localhost:14506|priority:0], old=null
2021-07-03 01:52:48,130 [grpc-default-executor-3] INFO  server.RaftServer$Division (ServerState.java:setRaftConf(373)) - 72fc5de2-a3f7-4fa9-972b-1bbfdbde045f@group-97EA473A16A6: set configuration 5: [bae6930e-8ae4-497b-9eaa-87fb2ec79d16|rpc:localhost:14496|admin:|client:|dataStream:|priority:0, 72fc5de2-a3f7-4fa9-972b-1bbfdbde045f|rpc:localhost:14506|admin:|client:|dataStream:|priority:0], old=null
2021-07-03 01:52:48,140 [IPC Server handler 2 on default port 14498] INFO  ha.SCMRatisServerImpl (SCMRatisServerImpl.java:addSCM(291)) - Successfully added new SCM: 72fc5de2-a3f7-4fa9-972b-1bbfdbde045f.
2021-07-03 01:52:48,140 [bae6930e-8ae4-497b-9eaa-87fb2ec79d16@group-97EA473A16A6-StateMachineUpdater] INFO  ha.SCMStateMachine (SCMStateMachine.java:takeSnapshot(290)) - Current Snapshot Index 5, takeSnapshot took 0 ms
2021-07-03 01:52:48,140 [bae6930e-8ae4-497b-9eaa-87fb2ec79d16@group-97EA473A16A6-StateMachineUpdater] INFO  impl.StateMachineUpdater (StateMachineUpdater.java:takeSnapshot(281)) - bae6930e-8ae4-497b-9eaa-87fb2ec79d16@group-97EA473A16A6-StateMachineUpdater: Took a snapshot at index 5
2021-07-03 01:52:48,141 [bae6930e-8ae4-497b-9eaa-87fb2ec79d16@group-97EA473A16A6-StateMachineUpdater] INFO  impl.StateMachineUpdater (StateMachineUpdater.java:lambda$new$0(89)) - bae6930e-8ae4-497b-9eaa-87fb2ec79d16@group-97EA473A16A6-StateMachineUpdater: snapshotIndex: updateIncreasingly -1 -> 5
2021-07-03 01:52:48,141 [bae6930e-8ae4-497b-9eaa-87fb2ec79d16@group-97EA473A16A6-StateMachineUpdater] INFO  raftlog.RaftLog (RaftLogBase.java:purge(306)) - bae6930e-8ae4-497b-9eaa-87fb2ec79d16@group-97EA473A16A6-SegmentedRaftLog: purge 5
2021-07-03 01:52:48,141 [bae6930e-8ae4-497b-9eaa-87fb2ec79d16@group-97EA473A16A6-StateMachineUpdater] INFO  raftlog.RaftLog (RaftLogBase.java:lambda$new$0(53)) - bae6930e-8ae4-497b-9eaa-87fb2ec79d16@group-97EA473A16A6-SegmentedRaftLog: snapshotIndex: updateIncreasingly -1 -> 5
2021-07-03 01:52:48,141 [Listener at 0.0.0.0/14509] INFO  ha.SCMHAManagerImpl (SCMHAManagerImpl.java:start(116)) - Successfully added SCM scmNode-2 to group group-97EA473A16A6:[bae6930e-8ae4-497b-9eaa-87fb2ec79d16|rpc:localhost:14496|admin:|client:|dataStream:|priority:0, 72fc5de2-a3f7-4fa9-972b-1bbfdbde045f|rpc:localhost:14506|admin:|client:|dataStream:|priority:0]
2021-07-03 01:52:48,141 [Listener at 0.0.0.0/14509] INFO  ha.InterSCMGrpcService (InterSCMGrpcProtocolService.java:start(94)) - Starting SCM Grpc Service at port 14510
2021-07-03 01:52:48,141 [bae6930e-8ae4-497b-9eaa-87fb2ec79d16@group-97EA473A16A6-SegmentedRaftLogWorker] INFO  raftlog.RaftLog (RaftLogBase.java:lambda$new$0(53)) - bae6930e-8ae4-497b-9eaa-87fb2ec79d16@group-97EA473A16A6-SegmentedRaftLog: purgeIndex: updateToMax old=-1, new=0, updated? true
2021-07-03 01:52:48,143 [Listener at 0.0.0.0/14509] INFO  impl.MetricsSystemImpl (MetricsSystemImpl.java:init(158)) - StorageContainerManager metrics system started (again)
2021-07-03 01:52:48,146 [72fc5de2-a3f7-4fa9-972b-1bbfdbde045f@group-97EA473A16A6-StateMachineUpdater] INFO  ha.SCMStateMachine (SCMStateMachine.java:takeSnapshot(290)) - Current Snapshot Index 5, takeSnapshot took 0 ms
2021-07-03 01:52:48,146 [72fc5de2-a3f7-4fa9-972b-1bbfdbde045f@group-97EA473A16A6-StateMachineUpdater] INFO  impl.StateMachineUpdater (StateMachineUpdater.java:takeSnapshot(281)) - 72fc5de2-a3f7-4fa9-972b-1bbfdbde045f@group-97EA473A16A6-StateMachineUpdater: Took a snapshot at index 5
2021-07-03 01:52:48,146 [72fc5de2-a3f7-4fa9-972b-1bbfdbde045f@group-97EA473A16A6-StateMachineUpdater] INFO  impl.StateMachineUpdater (StateMachineUpdater.java:lambda$new$0(89)) - 72fc5de2-a3f7-4fa9-972b-1bbfdbde045f@group-97EA473A16A6-StateMachineUpdater: snapshotIndex: updateIncreasingly -1 -> 5
2021-07-03 01:52:48,146 [72fc5de2-a3f7-4fa9-972b-1bbfdbde045f@group-97EA473A16A6-StateMachineUpdater] INFO  raftlog.RaftLog (RaftLogBase.java:purge(306)) - 72fc5de2-a3f7-4fa9-972b-1bbfdbde045f@group-97EA473A16A6-SegmentedRaftLog: purge 5
2021-07-03 01:52:48,146 [Listener at 0.0.0.0/14509] INFO  server.SCMClientProtocolServer (SCMClientProtocolServer.java:start(163)) - RPC server for Client  is listening at /0.0.0.0:14509
2021-07-03 01:52:48,146 [72fc5de2-a3f7-4fa9-972b-1bbfdbde045f@group-97EA473A16A6-StateMachineUpdater] INFO  raftlog.RaftLog (RaftLogBase.java:lambda$new$0(53)) - 72fc5de2-a3f7-4fa9-972b-1bbfdbde045f@group-97EA473A16A6-SegmentedRaftLog: snapshotIndex: updateIncreasingly -1 -> 5
2021-07-03 01:52:48,148 [IPC Server Responder] INFO  ipc.Server (Server.java:run(1497)) - IPC Server Responder: starting
2021-07-03 01:52:48,148 [IPC Server listener on 14509] INFO  ipc.Server (Server.java:run(1334)) - IPC Server listener on 14509: starting
2021-07-03 01:52:48,153 [72fc5de2-a3f7-4fa9-972b-1bbfdbde045f@group-97EA473A16A6-SegmentedRaftLogWorker] INFO  raftlog.RaftLog (RaftLogBase.java:lambda$new$0(53)) - 72fc5de2-a3f7-4fa9-972b-1bbfdbde045f@group-97EA473A16A6-SegmentedRaftLog: purgeIndex: updateToMax old=-1, new=0, updated? true
2021-07-03 01:52:48,153 [Listener at 0.0.0.0/14509] INFO  server.StorageContainerManager (StorageContainerManager.java:start(1229)) - ScmBlockLocationProtocol RPC server is listening at /0.0.0.0:14508
2021-07-03 01:52:48,154 [Listener at 0.0.0.0/14509] INFO  server.SCMBlockProtocolServer (SCMBlockProtocolServer.java:start(151)) - RPC server for Block Protocol is listening at /0.0.0.0:14508
2021-07-03 01:52:48,154 [IPC Server Responder] INFO  ipc.Server (Server.java:run(1497)) - IPC Server Responder: starting
2021-07-03 01:52:48,158 [IPC Server listener on 14508] INFO  ipc.Server (Server.java:run(1334)) - IPC Server listener on 14508: starting
2021-07-03 01:52:48,169 [Listener at 0.0.0.0/14509] INFO  server.StorageContainerManager (StorageContainerManager.java:start(1235)) - ScmDatanodeProtocl RPC server is listening at /0.0.0.0:14507
2021-07-03 01:52:48,170 [org.apache.hadoop.util.JvmPauseMonitor$Monitor@3bf47d1e] INFO  util.JvmPauseMonitor (JvmPauseMonitor.java:run(188)) - Starting JVM pause monitor
2021-07-03 01:52:48,170 [Listener at 0.0.0.0/14509] INFO  http.BaseHttpServer (BaseHttpServer.java:newHttpServer2BuilderForOzone(209)) - Starting Web-server for scm at: http://0.0.0.0:14504
2021-07-03 01:52:48,170 [Listener at 0.0.0.0/14509] INFO  http.BaseHttpServer (BaseHttpServer.java:<init>(107)) - Hadoop Security Enabled: false Ozone Security Enabled: false Ozone HTTP Security Enabled: false 
2021-07-03 01:52:48,172 [Listener at 0.0.0.0/14509] INFO  server.AuthenticationFilter (AuthenticationFilter.java:constructSecretProvider(240)) - Unable to initialize FileSignerSecretProvider, falling back to use random secrets.
2021-07-03 01:52:48,172 [Listener at 0.0.0.0/14509] WARN  http.HttpRequestLog (HttpRequestLog.java:getRequestLog(103)) - Jetty request log can only be enabled using Log4j
2021-07-03 01:52:48,173 [Listener at 0.0.0.0/14509] INFO  http.HttpServer2 (HttpServer2.java:addGlobalFilter(1020)) - Added global filter 'safety' (class=org.apache.hadoop.hdds.server.http.HttpServer2$QuotingInputFilter)
2021-07-03 01:52:48,174 [Listener at 0.0.0.0/14509] INFO  http.HttpServer2 (HttpServer2.java:addFilter(996)) - Added filter static_user_filter (class=org.apache.hadoop.http.lib.StaticUserWebFilter$StaticUserFilter) to context scm
2021-07-03 01:52:48,174 [Listener at 0.0.0.0/14509] INFO  http.HttpServer2 (HttpServer2.java:addFilter(1004)) - Added filter static_user_filter (class=org.apache.hadoop.http.lib.StaticUserWebFilter$StaticUserFilter) to context logs
2021-07-03 01:52:48,174 [Listener at 0.0.0.0/14509] INFO  http.HttpServer2 (HttpServer2.java:addFilter(1004)) - Added filter static_user_filter (class=org.apache.hadoop.http.lib.StaticUserWebFilter$StaticUserFilter) to context static
2021-07-03 01:52:48,175 [Listener at 0.0.0.0/14509] INFO  http.HttpServer2 (HttpServer2.java:bindListener(1238)) - Jetty bound to port 14504
2021-07-03 01:52:48,175 [Listener at 0.0.0.0/14509] INFO  server.Server (Server.java:doStart(375)) - jetty-9.4.35.v20201120; built: 2020-11-20T21:17:03.964Z; git: bdc54f03a5e0a7e280fab27f55c3c75ee8da89fb; jvm 1.8.0_292-b10
2021-07-03 01:52:48,176 [Listener at 0.0.0.0/14509] INFO  server.session (DefaultSessionIdManager.java:doStart(334)) - DefaultSessionIdManager workerName=node0
2021-07-03 01:52:48,177 [Listener at 0.0.0.0/14509] INFO  server.session (DefaultSessionIdManager.java:doStart(339)) - No SessionScavenger set, using defaults
2021-07-03 01:52:48,177 [Listener at 0.0.0.0/14509] INFO  server.session (HouseKeeper.java:startScavenging(132)) - node0 Scavenging every 600000ms
2021-07-03 01:52:48,178 [Listener at 0.0.0.0/14509] INFO  handler.ContextHandler (ContextHandler.java:doStart(916)) - Started o.e.j.s.ServletContextHandler@13866e67{logs,/logs,file:///home/runner/work/ozone/ozone/mnt/ozone/hadoop-ozone/integration-test/target/log,AVAILABLE}
2021-07-03 01:52:48,178 [Listener at 0.0.0.0/14509] INFO  handler.ContextHandler (ContextHandler.java:doStart(916)) - Started o.e.j.s.ServletContextHandler@5547476c{static,/static,file:///home/runner/work/ozone/ozone/mnt/ozone/hadoop-ozone/integration-test/target/test-classes/webapps/static,AVAILABLE}
2021-07-03 01:52:48,181 [Listener at 0.0.0.0/14509] INFO  handler.ContextHandler (ContextHandler.java:doStart(916)) - Started o.e.j.w.WebAppContext@3dfc8814{scm,/,file:///home/runner/work/ozone/ozone/mnt/ozone/hadoop-ozone/integration-test/target/test-classes/webapps/scm/,AVAILABLE}{file:/home/runner/work/ozone/ozone/mnt/ozone/hadoop-ozone/integration-test/target/test-classes/webapps/scm}
2021-07-03 01:52:48,195 [Listener at 0.0.0.0/14509] INFO  server.AbstractConnector (AbstractConnector.java:doStart(331)) - Started ServerConnector@58fb9020{HTTP/1.1, (http/1.1)}{0.0.0.0:14504}
2021-07-03 01:52:48,195 [Listener at 0.0.0.0/14509] INFO  server.Server (Server.java:doStart(415)) - Started @77496ms
2021-07-03 01:52:48,195 [Listener at 0.0.0.0/14509] WARN  impl.MetricsSystemImpl (MetricsSystemImpl.java:register(279)) - Sink prometheus already exists!
2021-07-03 01:52:48,196 [Listener at 0.0.0.0/14509] INFO  http.BaseHttpServer (BaseHttpServer.java:updateConnectorAddress(329)) - HTTP server of scm listening at http://0.0.0.0:14504
2021-07-03 01:52:48,196 [Listener at 0.0.0.0/14509] INFO  ozone.MiniOzoneHAClusterImpl (MiniOzoneHAClusterImpl.java:createSCMService(537)) - Started SCM RPC server at org.apache.hadoop.hdds.scm.server.SCMClientProtocolServer@470dbce9
2021-07-03 01:52:48,197 [Listener at 0.0.0.0/14509] INFO  ha.SCMHANodeDetails (SCMHANodeDetails.java:loadSCMHAConfig(157)) - ServiceID for StorageContainerManager is scm-service-test1
2021-07-03 01:52:48,197 [Listener at 0.0.0.0/14509] INFO  ha.SCMHANodeDetails (SCMHANodeDetails.java:loadSCMHAConfig(168)) - ServiceID for StorageContainerManager is scm-service-test1
2021-07-03 01:52:48,197 [Listener at 0.0.0.0/14509] WARN  scm.ScmUtils (ScmUtils.java:logWarn(179)) - ConfigKey ozone.scm.block.client.address is deprecated, For configuring different ports for each SCM use PortConfigKey ozone.scm.block.client.port appended with serviceId and nodeId. If want to configure same port configure ozone.scm.block.client.port
2021-07-03 01:52:48,197 [Listener at 0.0.0.0/14509] WARN  scm.ScmUtils (ScmUtils.java:logWarn(179)) - ConfigKey ozone.scm.client.address is deprecated, For configuring different ports for each SCM use PortConfigKey ozone.scm.client.port appended with serviceId and nodeId. If want to configure same port configure ozone.scm.client.port
2021-07-03 01:52:48,198 [Listener at 0.0.0.0/14509] WARN  scm.ScmUtils (ScmUtils.java:logWarn(179)) - ConfigKey ozone.scm.datanode.address is deprecated, For configuring different ports for each SCM use PortConfigKey ozone.scm.datanode.port appended with serviceId and nodeId. If want to configure same port configure ozone.scm.datanode.port
2021-07-03 01:52:48,198 [Listener at 0.0.0.0/14509] WARN  scm.ScmUtils (ScmUtils.java:logWarn(179)) - ConfigKey ozone.scm.block.client.address is deprecated, For configuring different ports for each SCM use PortConfigKey ozone.scm.block.client.port appended with serviceId and nodeId. If want to configure same port configure ozone.scm.block.client.port
2021-07-03 01:52:48,198 [Listener at 0.0.0.0/14509] WARN  scm.ScmUtils (ScmUtils.java:logWarn(179)) - ConfigKey ozone.scm.client.address is deprecated, For configuring different ports for each SCM use PortConfigKey ozone.scm.client.port appended with serviceId and nodeId. If want to configure same port configure ozone.scm.client.port
2021-07-03 01:52:48,198 [Listener at 0.0.0.0/14509] WARN  scm.ScmUtils (ScmUtils.java:logWarn(179)) - ConfigKey ozone.scm.datanode.address is deprecated, For configuring different ports for each SCM use PortConfigKey ozone.scm.datanode.port appended with serviceId and nodeId. If want to configure same port configure ozone.scm.datanode.port
2021-07-03 01:52:48,198 [Listener at 0.0.0.0/14509] INFO  ha.SCMHANodeDetails (SCMHANodeDetails.java:loadSCMHAConfig(250)) - Found matching SCM address with SCMServiceId: scm-service-test1, SCMNodeId: scmNode-3, RPC Address: localhost:14516 and Ratis port: 14516
2021-07-03 01:52:48,198 [Listener at 0.0.0.0/14509] INFO  ha.SCMHANodeDetails (ConfUtils.java:setNodeSpecificConfigs(108)) - Setting configuration key ozone.scm.datanode.address with value of key ozone.scm.datanode.address.scm-service-test1.scmNode-3: 127.0.0.1:14517
2021-07-03 01:52:48,198 [Listener at 0.0.0.0/14509] INFO  ha.SCMHANodeDetails (ConfUtils.java:setNodeSpecificConfigs(108)) - Setting configuration key ozone.scm.block.client.address with value of key ozone.scm.block.client.address.scm-service-test1.scmNode-3: 127.0.0.1:14518
2021-07-03 01:52:48,199 [Listener at 0.0.0.0/14509] INFO  ha.SCMHANodeDetails (ConfUtils.java:setNodeSpecificConfigs(108)) - Setting configuration key ozone.scm.client.address with value of key ozone.scm.client.address.scm-service-test1.scmNode-3: 127.0.0.1:14519
2021-07-03 01:52:48,199 [Listener at 0.0.0.0/14509] INFO  ha.SCMHANodeDetails (ConfUtils.java:setNodeSpecificConfigs(108)) - Setting configuration key ozone.scm.ratis.port with value of key ozone.scm.ratis.port.scm-service-test1.scmNode-3: 14516
2021-07-03 01:52:48,199 [Listener at 0.0.0.0/14509] INFO  ha.SCMHANodeDetails (ConfUtils.java:setNodeSpecificConfigs(108)) - Setting configuration key ozone.scm.grpc.port with value of key ozone.scm.grpc.port.scm-service-test1.scmNode-3: 14520
2021-07-03 01:52:48,199 [Listener at 0.0.0.0/14509] INFO  ha.SCMHANodeDetails (ConfUtils.java:setNodeSpecificConfigs(108)) - Setting configuration key ozone.scm.http-address with value of key ozone.scm.http-address.scm-service-test1.scmNode-3: 127.0.0.1:14514
2021-07-03 01:52:48,199 [Listener at 0.0.0.0/14509] INFO  ha.SCMHANodeDetails (ConfUtils.java:setNodeSpecificConfigs(108)) - Setting configuration key ozone.scm.https-address with value of key ozone.scm.https-address.scm-service-test1.scmNode-3: 127.0.0.1:14515
2021-07-03 01:52:48,199 [Listener at 0.0.0.0/14509] INFO  ha.SCMHANodeDetails (ConfUtils.java:setNodeSpecificConfigs(108)) - Setting configuration key ozone.scm.address with value of key ozone.scm.address.scm-service-test1.scmNode-3: 127.0.0.1
2021-07-03 01:52:48,199 [Listener at 0.0.0.0/14509] WARN  scm.ScmUtils (ScmUtils.java:logWarn(179)) - ConfigKey ozone.scm.block.client.address is deprecated, For configuring different ports for each SCM use PortConfigKey ozone.scm.block.client.port appended with serviceId and nodeId. If want to configure same port configure ozone.scm.block.client.port
2021-07-03 01:52:48,199 [Listener at 0.0.0.0/14509] WARN  scm.ScmUtils (ScmUtils.java:logWarn(179)) - ConfigKey ozone.scm.client.address is deprecated, For configuring different ports for each SCM use PortConfigKey ozone.scm.client.port appended with serviceId and nodeId. If want to configure same port configure ozone.scm.client.port
2021-07-03 01:52:48,200 [Listener at 0.0.0.0/14509] WARN  scm.ScmUtils (ScmUtils.java:logWarn(179)) - ConfigKey ozone.scm.datanode.address is deprecated, For configuring different ports for each SCM use PortConfigKey ozone.scm.datanode.port appended with serviceId and nodeId. If want to configure same port configure ozone.scm.datanode.port
2021-07-03 01:52:48,200 [Listener at 0.0.0.0/14509] WARN  server.ServerUtils (ServerUtils.java:getScmDbDir(148)) - ozone.scm.db.dirs is not configured. We recommend adding this setting. Falling back to ozone.metadata.dirs instead.
2021-07-03 01:52:48,203 [Listener at 0.0.0.0/14509] INFO  ha.SCMNodeInfo (SCMNodeInfo.java:getPort(197)) - ConfigKey ozone.scm.client.address is deprecated, For configuring different ports for each SCM use PortConfigKey ozone.scm.client.port appended with serviceId and nodeId
2021-07-03 01:52:48,203 [Listener at 0.0.0.0/14509] INFO  ha.SCMNodeInfo (SCMNodeInfo.java:getPort(197)) - ConfigKey ozone.scm.block.client.address is deprecated, For configuring different ports for each SCM use PortConfigKey ozone.scm.block.client.port appended with serviceId and nodeId
2021-07-03 01:52:48,203 [Listener at 0.0.0.0/14509] INFO  ha.SCMNodeInfo (SCMNodeInfo.java:getPort(197)) - ConfigKey ozone.scm.datanode.address is deprecated, For configuring different ports for each SCM use PortConfigKey ozone.scm.datanode.port appended with serviceId and nodeId
2021-07-03 01:52:48,203 [Listener at 0.0.0.0/14509] INFO  ha.SCMNodeInfo (SCMNodeInfo.java:getPort(197)) - ConfigKey ozone.scm.client.address is deprecated, For configuring different ports for each SCM use PortConfigKey ozone.scm.client.port appended with serviceId and nodeId
2021-07-03 01:52:48,203 [Listener at 0.0.0.0/14509] INFO  ha.SCMNodeInfo (SCMNodeInfo.java:getPort(197)) - ConfigKey ozone.scm.block.client.address is deprecated, For configuring different ports for each SCM use PortConfigKey ozone.scm.block.client.port appended with serviceId and nodeId
2021-07-03 01:52:48,203 [Listener at 0.0.0.0/14509] INFO  ha.SCMNodeInfo (SCMNodeInfo.java:getPort(197)) - ConfigKey ozone.scm.datanode.address is deprecated, For configuring different ports for each SCM use PortConfigKey ozone.scm.datanode.port appended with serviceId and nodeId
2021-07-03 01:52:48,203 [Listener at 0.0.0.0/14509] INFO  ha.SCMNodeInfo (SCMNodeInfo.java:getPort(197)) - ConfigKey ozone.scm.client.address is deprecated, For configuring different ports for each SCM use PortConfigKey ozone.scm.client.port appended with serviceId and nodeId
2021-07-03 01:52:48,204 [Listener at 0.0.0.0/14509] INFO  ha.SCMNodeInfo (SCMNodeInfo.java:getPort(197)) - ConfigKey ozone.scm.block.client.address is deprecated, For configuring different ports for each SCM use PortConfigKey ozone.scm.block.client.port appended with serviceId and nodeId
2021-07-03 01:52:48,204 [Listener at 0.0.0.0/14509] INFO  ha.SCMNodeInfo (SCMNodeInfo.java:getPort(197)) - ConfigKey ozone.scm.datanode.address is deprecated, For configuring different ports for each SCM use PortConfigKey ozone.scm.datanode.port appended with serviceId and nodeId
2021-07-03 01:52:48,218 [Listener at 0.0.0.0/14509] INFO  server.StorageContainerManager (StorageContainerManager.java:scmBootstrap(921)) - SCM BootStrap  is successful for ClusterID 6d7611b0-ac11-41e1-98f8-97ea473a16a6, SCMID 999e0e82-6253-4699-8a10-92babf97f634
2021-07-03 01:52:48,219 [Listener at 0.0.0.0/14509] INFO  server.StorageContainerManager (StorageContainerManager.java:scmBootstrap(923)) - Primary SCM Node ID bae6930e-8ae4-497b-9eaa-87fb2ec79d16
2021-07-03 01:52:48,219 [Listener at 0.0.0.0/14509] INFO  ha.SCMHANodeDetails (SCMHANodeDetails.java:loadSCMHAConfig(157)) - ServiceID for StorageContainerManager is scm-service-test1
2021-07-03 01:52:48,219 [Listener at 0.0.0.0/14509] INFO  ha.SCMHANodeDetails (SCMHANodeDetails.java:loadSCMHAConfig(168)) - ServiceID for StorageContainerManager is scm-service-test1
2021-07-03 01:52:48,219 [Listener at 0.0.0.0/14509] WARN  scm.ScmUtils (ScmUtils.java:logWarn(179)) - ConfigKey ozone.scm.block.client.address is deprecated, For configuring different ports for each SCM use PortConfigKey ozone.scm.block.client.port appended with serviceId and nodeId. If want to configure same port configure ozone.scm.block.client.port
2021-07-03 01:52:48,219 [Listener at 0.0.0.0/14509] WARN  scm.ScmUtils (ScmUtils.java:logWarn(179)) - ConfigKey ozone.scm.client.address is deprecated, For configuring different ports for each SCM use PortConfigKey ozone.scm.client.port appended with serviceId and nodeId. If want to configure same port configure ozone.scm.client.port
2021-07-03 01:52:48,219 [Listener at 0.0.0.0/14509] WARN  scm.ScmUtils (ScmUtils.java:logWarn(179)) - ConfigKey ozone.scm.datanode.address is deprecated, For configuring different ports for each SCM use PortConfigKey ozone.scm.datanode.port appended with serviceId and nodeId. If want to configure same port configure ozone.scm.datanode.port
2021-07-03 01:52:48,219 [Listener at 0.0.0.0/14509] WARN  scm.ScmUtils (ScmUtils.java:logWarn(179)) - ConfigKey ozone.scm.block.client.address is deprecated, For configuring different ports for each SCM use PortConfigKey ozone.scm.block.client.port appended with serviceId and nodeId. If want to configure same port configure ozone.scm.block.client.port
2021-07-03 01:52:48,220 [Listener at 0.0.0.0/14509] WARN  scm.ScmUtils (ScmUtils.java:logWarn(179)) - ConfigKey ozone.scm.client.address is deprecated, For configuring different ports for each SCM use PortConfigKey ozone.scm.client.port appended with serviceId and nodeId. If want to configure same port configure ozone.scm.client.port
2021-07-03 01:52:48,220 [Listener at 0.0.0.0/14509] WARN  scm.ScmUtils (ScmUtils.java:logWarn(179)) - ConfigKey ozone.scm.datanode.address is deprecated, For configuring different ports for each SCM use PortConfigKey ozone.scm.datanode.port appended with serviceId and nodeId. If want to configure same port configure ozone.scm.datanode.port
2021-07-03 01:52:48,220 [Listener at 0.0.0.0/14509] INFO  ha.SCMHANodeDetails (SCMHANodeDetails.java:loadSCMHAConfig(250)) - Found matching SCM address with SCMServiceId: scm-service-test1, SCMNodeId: scmNode-3, RPC Address: localhost:14516 and Ratis port: 14516
2021-07-03 01:52:48,220 [Listener at 0.0.0.0/14509] INFO  ha.SCMHANodeDetails (ConfUtils.java:setNodeSpecificConfigs(108)) - Setting configuration key ozone.scm.datanode.address with value of key ozone.scm.datanode.address.scm-service-test1.scmNode-3: 127.0.0.1:14517
2021-07-03 01:52:48,220 [Listener at 0.0.0.0/14509] INFO  ha.SCMHANodeDetails (ConfUtils.java:setNodeSpecificConfigs(108)) - Setting configuration key ozone.scm.block.client.address with value of key ozone.scm.block.client.address.scm-service-test1.scmNode-3: 127.0.0.1:14518
2021-07-03 01:52:48,220 [Listener at 0.0.0.0/14509] INFO  ha.SCMHANodeDetails (ConfUtils.java:setNodeSpecificConfigs(108)) - Setting configuration key ozone.scm.client.address with value of key ozone.scm.client.address.scm-service-test1.scmNode-3: 127.0.0.1:14519
2021-07-03 01:52:48,220 [Listener at 0.0.0.0/14509] INFO  ha.SCMHANodeDetails (ConfUtils.java:setNodeSpecificConfigs(108)) - Setting configuration key ozone.scm.ratis.port with value of key ozone.scm.ratis.port.scm-service-test1.scmNode-3: 14516
2021-07-03 01:52:48,220 [Listener at 0.0.0.0/14509] INFO  ha.SCMHANodeDetails (ConfUtils.java:setNodeSpecificConfigs(108)) - Setting configuration key ozone.scm.grpc.port with value of key ozone.scm.grpc.port.scm-service-test1.scmNode-3: 14520
2021-07-03 01:52:48,221 [Listener at 0.0.0.0/14509] INFO  ha.SCMHANodeDetails (ConfUtils.java:setNodeSpecificConfigs(108)) - Setting configuration key ozone.scm.http-address with value of key ozone.scm.http-address.scm-service-test1.scmNode-3: 127.0.0.1:14514
2021-07-03 01:52:48,221 [Listener at 0.0.0.0/14509] INFO  ha.SCMHANodeDetails (ConfUtils.java:setNodeSpecificConfigs(108)) - Setting configuration key ozone.scm.https-address with value of key ozone.scm.https-address.scm-service-test1.scmNode-3: 127.0.0.1:14515
2021-07-03 01:52:48,221 [Listener at 0.0.0.0/14509] INFO  ha.SCMHANodeDetails (ConfUtils.java:setNodeSpecificConfigs(108)) - Setting configuration key ozone.scm.address with value of key ozone.scm.address.scm-service-test1.scmNode-3: 127.0.0.1
2021-07-03 01:52:48,221 [Listener at 0.0.0.0/14509] WARN  scm.ScmUtils (ScmUtils.java:logWarn(179)) - ConfigKey ozone.scm.block.client.address is deprecated, For configuring different ports for each SCM use PortConfigKey ozone.scm.block.client.port appended with serviceId and nodeId. If want to configure same port configure ozone.scm.block.client.port
2021-07-03 01:52:48,221 [Listener at 0.0.0.0/14509] WARN  scm.ScmUtils (ScmUtils.java:logWarn(179)) - ConfigKey ozone.scm.client.address is deprecated, For configuring different ports for each SCM use PortConfigKey ozone.scm.client.port appended with serviceId and nodeId. If want to configure same port configure ozone.scm.client.port
2021-07-03 01:52:48,221 [Listener at 0.0.0.0/14509] WARN  scm.ScmUtils (ScmUtils.java:logWarn(179)) - ConfigKey ozone.scm.datanode.address is deprecated, For configuring different ports for each SCM use PortConfigKey ozone.scm.datanode.port appended with serviceId and nodeId. If want to configure same port configure ozone.scm.datanode.port
2021-07-03 01:52:48,222 [Listener at 0.0.0.0/14509] WARN  server.ServerUtils (ServerUtils.java:getScmDbDir(148)) - ozone.scm.db.dirs is not configured. We recommend adding this setting. Falling back to ozone.metadata.dirs instead.
2021-07-03 01:52:48,222 [Listener at 0.0.0.0/14509] WARN  utils.HAUtils (HAUtils.java:getMetaDir(342)) - ozone.scm.db.dirs is not configured. We recommend adding this setting. Falling back to ozone.metadata.dirs instead.
2021-07-03 01:52:48,223 [Listener at 0.0.0.0/14509] WARN  db.DBStoreBuilder (DBStoreBuilder.java:applyDBDefinition(145)) - ozone.scm.db.dirs is not configured. We recommend adding this setting. Falling back to ozone.metadata.dirs instead.
2021-07-03 01:52:48,295 [Listener at 0.0.0.0/14509] INFO  net.NodeSchemaLoader (NodeSchemaLoader.java:loadSchemaFromFile(129)) - Loading schema from [jar:file:/home/runner/.m2/repository/org/apache/ozone/hdds-common/1.2.0-SNAPSHOT/hdds-common-1.2.0-SNAPSHOT.jar!/network-topology-default.xml]
2021-07-03 01:52:48,295 [Listener at 0.0.0.0/14509] INFO  net.NodeSchemaLoader (NodeSchemaLoader.java:loadSchema(176)) - Loading network topology layer schema file
2021-07-03 01:52:48,298 [Listener at 0.0.0.0/14509] INFO  ha.SCMRatisServerImpl (SCMRatisServerImpl.java:<init>(85)) - starting Raft server for scm:999e0e82-6253-4699-8a10-92babf97f634
2021-07-03 01:52:48,298 [Listener at 0.0.0.0/14509] INFO  server.RaftServer (ConfUtils.java:logGet(44)) - raft.rpc.type = GRPC (default)
2021-07-03 01:52:48,299 [Listener at 0.0.0.0/14509] INFO  grpc.GrpcFactory (GrpcFactory.java:checkPooledByteBufAllocatorUseCacheForAllThreads(48)) - PERFORMANCE WARNING: useCacheForAllThreads is true that may cause Netty to create a lot garbage objects and, as a result, trigger GC.
	It is recommended to disable useCacheForAllThreads by setting -Dorg.apache.ratis.thirdparty.io.netty.allocator.useCacheForAllThreads=false in command line.
2021-07-03 01:52:48,299 [Listener at 0.0.0.0/14509] INFO  grpc.GrpcConfigKeys (ConfUtils.java:logGet(44)) - raft.grpc.admin.port = -1 (default)
2021-07-03 01:52:48,299 [Listener at 0.0.0.0/14509] INFO  grpc.GrpcConfigKeys (ConfUtils.java:logGet(44)) - raft.grpc.server.port = 14516 (custom)
2021-07-03 01:52:48,299 [Listener at 0.0.0.0/14509] INFO  grpc.GrpcConfigKeys (ConfUtils.java:logGet(44)) - raft.grpc.client.port = -1 (default)
2021-07-03 01:52:48,300 [Listener at 0.0.0.0/14509] INFO  grpc.GrpcConfigKeys (ConfUtils.java:logGet(44)) - raft.grpc.server.port = 14516 (custom)
2021-07-03 01:52:48,300 [Listener at 0.0.0.0/14509] INFO  grpc.GrpcConfigKeys (ConfUtils.java:logGet(44)) - raft.grpc.server.port = 14516 (custom)
2021-07-03 01:52:48,300 [Listener at 0.0.0.0/14509] INFO  server.GrpcService (ConfUtils.java:logGet(44)) - raft.grpc.message.size.max = 32m (=33554432) (custom)
2021-07-03 01:52:48,300 [Listener at 0.0.0.0/14509] INFO  server.RaftServerConfigKeys (ConfUtils.java:logGet(44)) - raft.server.log.appender.buffer.byte-limit = 33554432 (custom)
2021-07-03 01:52:48,300 [Listener at 0.0.0.0/14509] INFO  server.GrpcService (ConfUtils.java:logGet(44)) - raft.grpc.flow.control.window = 1MB (=1048576) (default)
2021-07-03 01:52:48,301 [Listener at 0.0.0.0/14509] INFO  server.RaftServerConfigKeys (ConfUtils.java:logGet(44)) - raft.server.rpc.request.timeout = 30000ms (custom)
2021-07-03 01:52:48,302 [Listener at 0.0.0.0/14509] INFO  impl.DataStreamServerImpl (ConfUtils.java:logGet(44)) - raft.datastream.type = DISABLED (default)
2021-07-03 01:52:48,302 [Listener at 0.0.0.0/14509] INFO  server.RaftServerConfigKeys (ConfUtils.java:logGet(44)) - raft.server.rpc.slowness.timeout = 120000ms (custom)
2021-07-03 01:52:48,302 [Listener at 0.0.0.0/14509] INFO  server.RaftServerConfigKeys (ConfUtils.java:logGet(44)) - raft.server.leaderelection.leader.step-down.wait-time = 10s (default)
2021-07-03 01:52:48,302 [Listener at 0.0.0.0/14509] INFO  server.RaftServerConfigKeys (ConfUtils.java:logGet(44)) - raft.server.storage.dir = [/home/runner/work/ozone/ozone/mnt/ozone/hadoop-ozone/integration-test/target/test-dir/MiniOzoneClusterImpl-6d7611b0-ac11-41e1-98f8-97ea473a16a6/scmNode-3/scm-ha] (custom)
2021-07-03 01:52:48,303 [Listener at 0.0.0.0/14509] INFO  server.RaftServer (RaftServerProxy.java:addNew(95)) - 999e0e82-6253-4699-8a10-92babf97f634: addNew group-97EA473A16A6:[] returns group-97EA473A16A6:java.util.concurrent.CompletableFuture@5e4168dd[Not completed]
2021-07-03 01:52:48,303 [pool-212-thread-1] INFO  server.RaftServer$Division (RaftServerImpl.java:<init>(180)) - 999e0e82-6253-4699-8a10-92babf97f634: new RaftServerImpl for group-97EA473A16A6:[] with SCMStateMachine:uninitialized
2021-07-03 01:52:48,305 [pool-212-thread-1] INFO  server.RaftServerConfigKeys (ConfUtils.java:logGet(44)) - raft.server.rpc.timeout.min = 5000ms (custom)
2021-07-03 01:52:48,305 [pool-212-thread-1] INFO  server.RaftServerConfigKeys (ConfUtils.java:logGet(44)) - raft.server.rpc.timeout.max = 5200ms (custom)
2021-07-03 01:52:48,305 [pool-212-thread-1] INFO  server.RaftServerConfigKeys (ConfUtils.java:logGet(44)) - raft.server.rpc.sleep.time = 25ms (default)
2021-07-03 01:52:48,305 [pool-212-thread-1] INFO  server.RaftServerConfigKeys (ConfUtils.java:logGet(44)) - raft.server.rpc.slowness.timeout = 120000ms (custom)
2021-07-03 01:52:48,305 [pool-212-thread-1] INFO  server.RaftServerConfigKeys (ConfUtils.java:logGet(44)) - raft.server.leaderelection.leader.step-down.wait-time = 10s (default)
2021-07-03 01:52:48,305 [pool-212-thread-1] INFO  server.RaftServerConfigKeys (ConfUtils.java:logGet(44)) - raft.server.sleep.deviation.threshold = 300ms (default)
2021-07-03 01:52:48,305 [pool-212-thread-1] INFO  server.RaftServerConfigKeys (ConfUtils.java:logGet(44)) - raft.server.log.appender.install.snapshot.enabled = false (custom)
2021-07-03 01:52:48,305 [pool-212-thread-1] INFO  server.RaftServer$Division (ServerState.java:<init>(105)) - 999e0e82-6253-4699-8a10-92babf97f634@group-97EA473A16A6: ConfigurationManager, init=-1: [], old=null, confs=<EMPTY_MAP>
2021-07-03 01:52:48,305 [pool-212-thread-1] INFO  server.RaftServerConfigKeys (ConfUtils.java:logGet(44)) - raft.server.storage.dir = [/home/runner/work/ozone/ozone/mnt/ozone/hadoop-ozone/integration-test/target/test-dir/MiniOzoneClusterImpl-6d7611b0-ac11-41e1-98f8-97ea473a16a6/scmNode-3/scm-ha] (custom)
2021-07-03 01:52:48,305 [pool-212-thread-1] INFO  server.RaftServerConfigKeys (ConfUtils.java:logGet(44)) - raft.server.log.corruption.policy = EXCEPTION (default)
2021-07-03 01:52:48,305 [pool-212-thread-1] INFO  storage.RaftStorageDirectory (RaftStorageDirectoryImpl.java:analyzeStorage(132)) - The storage directory /home/runner/work/ozone/ozone/mnt/ozone/hadoop-ozone/integration-test/target/test-dir/MiniOzoneClusterImpl-6d7611b0-ac11-41e1-98f8-97ea473a16a6/scmNode-3/scm-ha/6d7611b0-ac11-41e1-98f8-97ea473a16a6 does not exist. Creating ...
2021-07-03 01:52:48,307 [pool-212-thread-1] INFO  storage.RaftStorageDirectory (RaftStorageDirectoryImpl.java:tryLock(215)) - Lock on /home/runner/work/ozone/ozone/mnt/ozone/hadoop-ozone/integration-test/target/test-dir/MiniOzoneClusterImpl-6d7611b0-ac11-41e1-98f8-97ea473a16a6/scmNode-3/scm-ha/6d7611b0-ac11-41e1-98f8-97ea473a16a6/in_use.lock acquired by nodename 16859@fv-az12-896
2021-07-03 01:52:48,308 [pool-212-thread-1] INFO  storage.RaftStorage (RaftStorageImpl.java:format(87)) - Storage directory /home/runner/work/ozone/ozone/mnt/ozone/hadoop-ozone/integration-test/target/test-dir/MiniOzoneClusterImpl-6d7611b0-ac11-41e1-98f8-97ea473a16a6/scmNode-3/scm-ha/6d7611b0-ac11-41e1-98f8-97ea473a16a6 has been successfully formatted.
2021-07-03 01:52:48,308 [pool-212-thread-1] INFO  server.RaftServerConfigKeys (ConfUtils.java:logGet(44)) - raft.server.notification.no-leader.timeout = 60s (default)
2021-07-03 01:52:48,309 [pool-212-thread-1] INFO  server.RaftServerConfigKeys (ConfUtils.java:logGet(44)) - raft.server.log.use.memory = false (default)
2021-07-03 01:52:48,309 [pool-212-thread-1] INFO  server.RaftServerConfigKeys (ConfUtils.java:logGet(44)) - raft.server.log.purge.gap = 5 (custom)
2021-07-03 01:52:48,309 [pool-212-thread-1] INFO  server.RaftServerConfigKeys (ConfUtils.java:logGet(44)) - raft.server.log.appender.buffer.byte-limit = 33554432 (custom)
2021-07-03 01:52:48,309 [pool-212-thread-1] INFO  metrics.RatisMetrics (RatisMetrics.java:lambda$create$0(36)) - Creating Metrics Registry : ratis.log_worker.999e0e82-6253-4699-8a10-92babf97f634@group-97EA473A16A6
2021-07-03 01:52:48,309 [pool-212-thread-1] INFO  server.RaftServerConfigKeys (ConfUtils.java:logGet(44)) - raft.server.log.segment.size.max = 16384 (custom)
2021-07-03 01:52:48,309 [pool-212-thread-1] INFO  server.RaftServerConfigKeys (ConfUtils.java:logGet(44)) - raft.server.log.segment.cache.num.max = 2 (custom)
2021-07-03 01:52:48,309 [pool-212-thread-1] INFO  server.RaftServerConfigKeys (ConfUtils.java:logGet(44)) - raft.server.log.segment.cache.size.max = 200MB (=209715200) (default)
2021-07-03 01:52:48,309 [pool-212-thread-1] INFO  segmented.SegmentedRaftLogWorker (SegmentedRaftLogWorker.java:<init>(182)) - new 999e0e82-6253-4699-8a10-92babf97f634@group-97EA473A16A6-SegmentedRaftLogWorker for RaftStorageImpl:Storage Directory /home/runner/work/ozone/ozone/mnt/ozone/hadoop-ozone/integration-test/target/test-dir/MiniOzoneClusterImpl-6d7611b0-ac11-41e1-98f8-97ea473a16a6/scmNode-3/scm-ha/6d7611b0-ac11-41e1-98f8-97ea473a16a6
2021-07-03 01:52:48,309 [pool-212-thread-1] INFO  server.RaftServerConfigKeys (ConfUtils.java:logGet(44)) - raft.server.log.queue.byte-limit = 64MB (=67108864) (default)
2021-07-03 01:52:48,310 [pool-212-thread-1] INFO  server.RaftServerConfigKeys (ConfUtils.java:logGet(44)) - raft.server.log.queue.element-limit = 4096 (default)
2021-07-03 01:52:48,310 [pool-212-thread-1] INFO  server.RaftServerConfigKeys (ConfUtils.java:logGet(44)) - raft.server.log.segment.size.max = 16384 (custom)
2021-07-03 01:52:48,310 [pool-212-thread-1] INFO  server.RaftServerConfigKeys (ConfUtils.java:logGet(44)) - raft.server.log.preallocated.size = 16384 (custom)
2021-07-03 01:52:48,310 [pool-212-thread-1] INFO  server.RaftServerConfigKeys (ConfUtils.java:logGet(44)) - raft.server.log.force.sync.num = 128 (default)
2021-07-03 01:52:48,310 [pool-212-thread-1] INFO  server.RaftServerConfigKeys (ConfUtils.java:logGet(44)) - raft.server.log.statemachine.data.sync = true (default)
2021-07-03 01:52:48,310 [pool-212-thread-1] INFO  server.RaftServerConfigKeys (ConfUtils.java:logGet(44)) - raft.server.log.statemachine.data.sync.timeout = 10s (default)
2021-07-03 01:52:48,310 [pool-212-thread-1] INFO  server.RaftServerConfigKeys (ConfUtils.java:logGet(44)) - raft.server.log.statemachine.data.sync.timeout.retry = -1 (default)
2021-07-03 01:52:48,310 [pool-212-thread-1] INFO  server.RaftServerConfigKeys (ConfUtils.java:logGet(44)) - raft.server.log.write.buffer.size = 64KB (=65536) (default)
2021-07-03 01:52:48,311 [pool-212-thread-1] INFO  server.RaftServerConfigKeys (ConfUtils.java:logGet(44)) - raft.server.log.statemachine.data.caching.enabled = false (default)
2021-07-03 01:52:48,311 [pool-212-thread-1] INFO  segmented.SegmentedRaftLogWorker (SegmentedRaftLogWorker.java:lambda$new$0(133)) - 999e0e82-6253-4699-8a10-92babf97f634@group-97EA473A16A6-SegmentedRaftLogWorker: flushIndex: setUnconditionally 0 -> -1
2021-07-03 01:52:48,311 [pool-212-thread-1] INFO  segmented.SegmentedRaftLogWorker (SegmentedRaftLogWorker.java:lambda$new$0(133)) - 999e0e82-6253-4699-8a10-92babf97f634@group-97EA473A16A6-SegmentedRaftLogWorker: safeCacheEvictIndex: setUnconditionally 0 -> -1
2021-07-03 01:52:48,311 [pool-212-thread-1] INFO  server.RaftServerConfigKeys (ConfUtils.java:logGet(44)) - raft.server.snapshot.auto.trigger.enabled = true (custom)
2021-07-03 01:52:48,311 [pool-212-thread-1] INFO  server.RaftServerConfigKeys (ConfUtils.java:logGet(44)) - raft.server.snapshot.auto.trigger.threshold = 5 (custom)
2021-07-03 01:52:48,311 [pool-212-thread-1] INFO  server.RaftServerConfigKeys (ConfUtils.java:logGet(44)) - raft.server.snapshot.retention.file.num = -1 (default)
2021-07-03 01:52:48,312 [pool-212-thread-1] INFO  server.RaftServerConfigKeys (ConfUtils.java:logGet(44)) - raft.server.log.purge.upto.snapshot.index = true (custom)
2021-07-03 01:52:48,312 [pool-212-thread-1] INFO  server.RaftServerConfigKeys (ConfUtils.java:logGet(44)) - raft.server.retrycache.expirytime = 60000ms (default)
2021-07-03 01:52:48,312 [pool-212-thread-1] INFO  server.RaftServerConfigKeys (ConfUtils.java:logGet(44)) - raft.server.retrycache.statistics.expirytime = 100μs (default)
2021-07-03 01:52:48,312 [pool-212-thread-1] INFO  metrics.RatisMetrics (RatisMetrics.java:lambda$create$0(36)) - Creating Metrics Registry : ratis.leader_election.999e0e82-6253-4699-8a10-92babf97f634@group-97EA473A16A6
2021-07-03 01:52:48,312 [pool-212-thread-1] INFO  metrics.RatisMetrics (RatisMetrics.java:lambda$create$0(36)) - Creating Metrics Registry : ratis.server.999e0e82-6253-4699-8a10-92babf97f634@group-97EA473A16A6
2021-07-03 01:52:48,313 [Listener at 0.0.0.0/14509] INFO  ha.SCMSnapshotProvider (SCMSnapshotProvider.java:<init>(66)) - Initializing SCM Snapshot Provider
2021-07-03 01:52:48,313 [Listener at 0.0.0.0/14509] WARN  server.ServerUtils (ServerUtils.java:getDefaultRatisDirectory(237)) - Storage directory for Ratis is not configured. It is a good idea to map this to an SSD disk. Falling back to ozone.metadata.dirs
2021-07-03 01:52:48,313 [Listener at 0.0.0.0/14509] WARN  ha.SCMHAUtils (SCMHAUtils.java:getSCMRatisSnapshotDirectory(142)) - SCM snapshot dir is not configured. Falling back to ozone.metadata.dirs config
2021-07-03 01:52:48,315 [Listener at 0.0.0.0/14509] INFO  ha.SequenceIdGenerator (SequenceIdGenerator.java:upgradeToSequenceId(327)) - upgrade localId to 107544261427200000
2021-07-03 01:52:48,315 [Listener at 0.0.0.0/14509] INFO  ha.SequenceIdGenerator (SequenceIdGenerator.java:upgradeToSequenceId(337)) - upgrade delTxnId to 0
2021-07-03 01:52:48,315 [Listener at 0.0.0.0/14509] INFO  ha.SequenceIdGenerator (SequenceIdGenerator.java:upgradeToSequenceId(351)) - upgrade containerId to 0
2021-07-03 01:52:48,315 [Listener at 0.0.0.0/14509] INFO  ha.SequenceIdGenerator (SequenceIdGenerator.java:<init>(217)) - Init the HA SequenceIdGenerator.
2021-07-03 01:52:48,316 [Listener at 0.0.0.0/14509] WARN  server.ServerUtils (ServerUtils.java:sanitizeUserArgs(73)) - ozone.scm.stale.node.interval value = 300000 is larger than max = 100000 based on the key value of ozone.scm.heartbeat.thread.interval, reset to the max value 100000.
2021-07-03 01:52:48,316 [Listener at 0.0.0.0/14509] WARN  server.ServerUtils (ServerUtils.java:sanitizeUserArgs(73)) - ozone.scm.stale.node.interval value = 300000 is larger than max = 100000 based on the key value of ozone.scm.heartbeat.thread.interval, reset to the max value 100000.
2021-07-03 01:52:48,317 [Listener at 0.0.0.0/14509] INFO  node.SCMNodeManager (SCMNodeManager.java:<init>(125)) - Entering startup safe mode.
2021-07-03 01:52:48,317 [Listener at 0.0.0.0/14509] INFO  algorithms.ContainerPlacementPolicyFactory (ContainerPlacementPolicyFactory.java:getPolicy(60)) - Create container placement policy of type org.apache.hadoop.hdds.scm.container.placement.algorithms.SCMContainerPlacementRandom
2021-07-03 01:52:48,317 [Listener at 0.0.0.0/14509] INFO  pipeline.PipelineStateManager (PipelineStateManagerV2Impl.java:initialize(78)) - No pipeline exists in current db
2021-07-03 01:52:48,318 [Listener at 0.0.0.0/14509] INFO  algorithms.LeaderChoosePolicyFactory (LeaderChoosePolicyFactory.java:getPolicy(57)) - Create leader choose policy of type org.apache.hadoop.hdds.scm.pipeline.leader.choose.algorithms.MinLeaderCountChoosePolicy
2021-07-03 01:52:48,318 [Listener at 0.0.0.0/14509] INFO  ha.SCMServiceManager (SCMServiceManager.java:register(43)) - Registering service BackgroundPipelineCreator.
2021-07-03 01:52:48,318 [Listener at 0.0.0.0/14509] INFO  pipeline.BackgroundPipelineCreator (BackgroundPipelineCreatorV2.java:start(130)) - Starting RatisPipelineUtilsThread.
2021-07-03 01:52:48,319 [Listener at 0.0.0.0/14509] INFO  algorithms.PipelineChoosePolicyFactory (PipelineChoosePolicyFactory.java:createPipelineChoosePolicyFromClass(73)) - Create pipeline choose policy of type org.apache.hadoop.hdds.scm.pipeline.choose.algorithms.RandomPipelineChoosePolicy
2021-07-03 01:52:48,319 [Listener at 0.0.0.0/14509] INFO  ha.SCMServiceManager (SCMServiceManager.java:register(43)) - Registering service SCMBlockDeletingService.
2021-07-03 01:52:48,320 [Listener at 0.0.0.0/14509] INFO  ha.SCMServiceManager (SCMServiceManager.java:register(43)) - Registering service ReplicationManager.
2021-07-03 01:52:48,320 [Listener at 0.0.0.0/14509] INFO  container.ReplicationManager (ReplicationManager.java:start(219)) - Starting Replication Monitor Thread.
2021-07-03 01:52:48,327 [ReplicationMonitor] INFO  container.ReplicationManager (ReplicationManager.java:run(283)) - Replication Monitor Thread took 1 milliseconds for processing 0 containers.
2021-07-03 01:52:48,327 [Listener at 0.0.0.0/14509] INFO  safemode.ContainerSafeModeRule (ContainerSafeModeRule.java:<init>(89)) - containers with one replica threshold count 0
2021-07-03 01:52:48,328 [Listener at 0.0.0.0/14509] INFO  safemode.HealthyPipelineSafeModeRule (HealthyPipelineSafeModeRule.java:initializeRule(156)) - Total pipeline count is 0, healthy pipeline threshold count is 1
2021-07-03 01:52:48,328 [Listener at 0.0.0.0/14509] INFO  safemode.OneReplicaPipelineSafeModeRule (OneReplicaPipelineSafeModeRule.java:initializeRule(180)) - Total pipeline count is 0, pipeline's with at least one datanode reported threshold count is 0
2021-07-03 01:52:48,329 [Listener at 0.0.0.0/14509] INFO  ipc.CallQueueManager (CallQueueManager.java:<init>(85)) - Using callQueue: class java.util.concurrent.LinkedBlockingQueue, queueCapacity: 2000, scheduler: class org.apache.hadoop.ipc.DefaultRpcScheduler, ipcBackoff: false.
2021-07-03 01:52:48,329 [Socket Reader #1 for port 14517] INFO  ipc.Server (Server.java:run(1255)) - Starting Socket Reader #1 for port 14517
2021-07-03 01:52:48,340 [Listener at 0.0.0.0/14517] INFO  ipc.CallQueueManager (CallQueueManager.java:<init>(85)) - Using callQueue: class java.util.concurrent.LinkedBlockingQueue, queueCapacity: 2000, scheduler: class org.apache.hadoop.ipc.DefaultRpcScheduler, ipcBackoff: false.
2021-07-03 01:52:48,341 [Socket Reader #1 for port 14518] INFO  ipc.Server (Server.java:run(1255)) - Starting Socket Reader #1 for port 14518
2021-07-03 01:52:48,342 [Listener at 0.0.0.0/14518] INFO  ipc.CallQueueManager (CallQueueManager.java:<init>(85)) - Using callQueue: class java.util.concurrent.LinkedBlockingQueue, queueCapacity: 2000, scheduler: class org.apache.hadoop.ipc.DefaultRpcScheduler, ipcBackoff: false.
2021-07-03 01:52:48,343 [Socket Reader #1 for port 14519] INFO  ipc.Server (Server.java:run(1255)) - Starting Socket Reader #1 for port 14519
2021-07-03 01:52:48,363 [Listener at 0.0.0.0/14519] INFO  server.StorageContainerManager (StorageContainerManager.java:<init>(363)) - 
Container Balancer status:
Key                            Value
Running                        true
Container Balancer Configuration values:
Key                            Value
Threshold                      0.1
Max Datanodes to Balance       5
Max Size to Move               10737418240B

2021-07-03 01:52:48,363 [Listener at 0.0.0.0/14519] WARN  events.EventQueue (EventQueue.java:fireEvent(194)) - No event handler registered for event TypedEvent{payloadType=SafeModeStatus, name='Safe mode status'}
2021-07-03 01:52:48,363 [Listener at 0.0.0.0/14519] INFO  ha.SCMContext (SCMContext.java:updateSafeModeStatus(208)) - Update SafeModeStatus from SafeModeStatus{safeModeStatus=true, preCheckPassed=false} to SafeModeStatus{safeModeStatus=true, preCheckPassed=false}.
2021-07-03 01:52:48,364 [Listener at 0.0.0.0/14519] INFO  ozone.MiniOzoneHAClusterImpl (MiniOzoneHAClusterImpl.java:createSCMService(541)) - Intialized SCM at org.apache.hadoop.hdds.scm.server.SCMClientProtocolServer@3b829ef. This SCM is currently inactive (not running).
2021-07-03 01:52:48,365 [Listener at 0.0.0.0/14519] INFO  ha.OMHANodeDetails (OMHANodeDetails.java:loadOMHAConfig(111)) - ServiceID for OzoneManager is om-service-test1
2021-07-03 01:52:48,365 [Listener at 0.0.0.0/14519] INFO  ha.OMHANodeDetails (OMHANodeDetails.java:loadOMHAConfig(187)) - Found matching OM address with OMServiceId: om-service-test1, OMNodeId: omNode-1, RPC Address: localhost:11044 and Ratis port: 11048
2021-07-03 01:52:48,365 [Listener at 0.0.0.0/14519] INFO  ha.OMHANodeDetails (ConfUtils.java:setNodeSpecificConfigs(108)) - Setting configuration key ozone.om.http-address with value of key ozone.om.http-address.om-service-test1.omNode-1: 127.0.0.1:11046
2021-07-03 01:52:48,365 [Listener at 0.0.0.0/14519] INFO  ha.OMHANodeDetails (ConfUtils.java:setNodeSpecificConfigs(108)) - Setting configuration key ozone.om.https-address with value of key ozone.om.https-address.om-service-test1.omNode-1: 127.0.0.1:11047
2021-07-03 01:52:48,365 [Listener at 0.0.0.0/14519] INFO  ha.OMHANodeDetails (ConfUtils.java:setNodeSpecificConfigs(108)) - Setting configuration key ozone.om.address with value of key ozone.om.address.om-service-test1.omNode-1: 127.0.0.1:11044
2021-07-03 01:52:48,366 [Listener at 0.0.0.0/14519] WARN  server.ServerUtils (ServerUtils.java:getDBPath(225)) - ozone.om.db.dirs is not configured. We recommend adding this setting. Falling back to ozone.metadata.dirs instead.
2021-07-03 01:52:48,367 [Listener at 0.0.0.0/14519] INFO  ha.SCMNodeInfo (SCMNodeInfo.java:getPort(197)) - ConfigKey ozone.scm.client.address is deprecated, For configuring different ports for each SCM use PortConfigKey ozone.scm.client.port appended with serviceId and nodeId
2021-07-03 01:52:48,367 [Listener at 0.0.0.0/14519] INFO  ha.SCMNodeInfo (SCMNodeInfo.java:getPort(197)) - ConfigKey ozone.scm.block.client.address is deprecated, For configuring different ports for each SCM use PortConfigKey ozone.scm.block.client.port appended with serviceId and nodeId
2021-07-03 01:52:48,367 [Listener at 0.0.0.0/14519] INFO  ha.SCMNodeInfo (SCMNodeInfo.java:getPort(197)) - ConfigKey ozone.scm.datanode.address is deprecated, For configuring different ports for each SCM use PortConfigKey ozone.scm.datanode.port appended with serviceId and nodeId
2021-07-03 01:52:48,367 [Listener at 0.0.0.0/14519] INFO  ha.SCMNodeInfo (SCMNodeInfo.java:getPort(197)) - ConfigKey ozone.scm.client.address is deprecated, For configuring different ports for each SCM use PortConfigKey ozone.scm.client.port appended with serviceId and nodeId
2021-07-03 01:52:48,367 [Listener at 0.0.0.0/14519] INFO  ha.SCMNodeInfo (SCMNodeInfo.java:getPort(197)) - ConfigKey ozone.scm.block.client.address is deprecated, For configuring different ports for each SCM use PortConfigKey ozone.scm.block.client.port appended with serviceId and nodeId
2021-07-03 01:52:48,367 [Listener at 0.0.0.0/14519] INFO  ha.SCMNodeInfo (SCMNodeInfo.java:getPort(197)) - ConfigKey ozone.scm.datanode.address is deprecated, For configuring different ports for each SCM use PortConfigKey ozone.scm.datanode.port appended with serviceId and nodeId
2021-07-03 01:52:48,367 [Listener at 0.0.0.0/14519] INFO  ha.SCMNodeInfo (SCMNodeInfo.java:getPort(197)) - ConfigKey ozone.scm.client.address is deprecated, For configuring different ports for each SCM use PortConfigKey ozone.scm.client.port appended with serviceId and nodeId
2021-07-03 01:52:48,368 [Listener at 0.0.0.0/14519] INFO  ha.SCMNodeInfo (SCMNodeInfo.java:getPort(197)) - ConfigKey ozone.scm.block.client.address is deprecated, For configuring different ports for each SCM use PortConfigKey ozone.scm.block.client.port appended with serviceId and nodeId
2021-07-03 01:52:48,368 [Listener at 0.0.0.0/14519] INFO  ha.SCMNodeInfo (SCMNodeInfo.java:getPort(197)) - ConfigKey ozone.scm.datanode.address is deprecated, For configuring different ports for each SCM use PortConfigKey ozone.scm.datanode.port appended with serviceId and nodeId
OM initialization succeeded.Current cluster id for sd=/home/runner/work/ozone/ozone/mnt/ozone/hadoop-ozone/integration-test/target/test-dir/MiniOzoneClusterImpl-6d7611b0-ac11-41e1-98f8-97ea473a16a6/omNode-1/om;cid=6d7611b0-ac11-41e1-98f8-97ea473a16a6;layoutVersion=0
2021-07-03 01:52:48,372 [Listener at 0.0.0.0/14519] INFO  ha.OMHANodeDetails (OMHANodeDetails.java:loadOMHAConfig(111)) - ServiceID for OzoneManager is om-service-test1
2021-07-03 01:52:48,372 [Listener at 0.0.0.0/14519] INFO  ha.OMHANodeDetails (OMHANodeDetails.java:loadOMHAConfig(187)) - Found matching OM address with OMServiceId: om-service-test1, OMNodeId: omNode-1, RPC Address: localhost:11044 and Ratis port: 11048
2021-07-03 01:52:48,373 [Listener at 0.0.0.0/14519] INFO  ha.OMHANodeDetails (ConfUtils.java:setNodeSpecificConfigs(108)) - Setting configuration key ozone.om.http-address with value of key ozone.om.http-address.om-service-test1.omNode-1: 127.0.0.1:11046
2021-07-03 01:52:48,373 [Listener at 0.0.0.0/14519] INFO  ha.OMHANodeDetails (ConfUtils.java:setNodeSpecificConfigs(108)) - Setting configuration key ozone.om.https-address with value of key ozone.om.https-address.om-service-test1.omNode-1: 127.0.0.1:11047
2021-07-03 01:52:48,373 [Listener at 0.0.0.0/14519] INFO  ha.OMHANodeDetails (ConfUtils.java:setNodeSpecificConfigs(108)) - Setting configuration key ozone.om.address with value of key ozone.om.address.om-service-test1.omNode-1: 127.0.0.1:11044
2021-07-03 01:52:48,373 [Listener at 0.0.0.0/14519] WARN  server.ServerUtils (ServerUtils.java:getDBPath(225)) - ozone.om.db.dirs is not configured. We recommend adding this setting. Falling back to ozone.metadata.dirs instead.
2021-07-03 01:52:48,373 [Listener at 0.0.0.0/14519] WARN  server.ServerUtils (ServerUtils.java:getDBPath(225)) - ozone.om.db.dirs is not configured. We recommend adding this setting. Falling back to ozone.metadata.dirs instead.
2021-07-03 01:52:48,374 [Listener at 0.0.0.0/14519] INFO  ha.SCMNodeInfo (SCMNodeInfo.java:getPort(197)) - ConfigKey ozone.scm.client.address is deprecated, For configuring different ports for each SCM use PortConfigKey ozone.scm.client.port appended with serviceId and nodeId
2021-07-03 01:52:48,374 [Listener at 0.0.0.0/14519] INFO  ha.SCMNodeInfo (SCMNodeInfo.java:getPort(197)) - ConfigKey ozone.scm.block.client.address is deprecated, For configuring different ports for each SCM use PortConfigKey ozone.scm.block.client.port appended with serviceId and nodeId
2021-07-03 01:52:48,374 [Listener at 0.0.0.0/14519] INFO  ha.SCMNodeInfo (SCMNodeInfo.java:getPort(197)) - ConfigKey ozone.scm.datanode.address is deprecated, For configuring different ports for each SCM use PortConfigKey ozone.scm.datanode.port appended with serviceId and nodeId
2021-07-03 01:52:48,374 [Listener at 0.0.0.0/14519] INFO  ha.SCMNodeInfo (SCMNodeInfo.java:getPort(197)) - ConfigKey ozone.scm.client.address is deprecated, For configuring different ports for each SCM use PortConfigKey ozone.scm.client.port appended with serviceId and nodeId
2021-07-03 01:52:48,374 [Listener at 0.0.0.0/14519] INFO  ha.SCMNodeInfo (SCMNodeInfo.java:getPort(197)) - ConfigKey ozone.scm.block.client.address is deprecated, For configuring different ports for each SCM use PortConfigKey ozone.scm.block.client.port appended with serviceId and nodeId
2021-07-03 01:52:48,375 [Listener at 0.0.0.0/14519] INFO  ha.SCMNodeInfo (SCMNodeInfo.java:getPort(197)) - ConfigKey ozone.scm.datanode.address is deprecated, For configuring different ports for each SCM use PortConfigKey ozone.scm.datanode.port appended with serviceId and nodeId
2021-07-03 01:52:48,375 [Listener at 0.0.0.0/14519] INFO  ha.SCMNodeInfo (SCMNodeInfo.java:getPort(197)) - ConfigKey ozone.scm.client.address is deprecated, For configuring different ports for each SCM use PortConfigKey ozone.scm.client.port appended with serviceId and nodeId
2021-07-03 01:52:48,375 [Listener at 0.0.0.0/14519] INFO  ha.SCMNodeInfo (SCMNodeInfo.java:getPort(197)) - ConfigKey ozone.scm.block.client.address is deprecated, For configuring different ports for each SCM use PortConfigKey ozone.scm.block.client.port appended with serviceId and nodeId
2021-07-03 01:52:48,375 [Listener at 0.0.0.0/14519] INFO  ha.SCMNodeInfo (SCMNodeInfo.java:getPort(197)) - ConfigKey ozone.scm.datanode.address is deprecated, For configuring different ports for each SCM use PortConfigKey ozone.scm.datanode.port appended with serviceId and nodeId
2021-07-03 01:52:48,375 [Listener at 0.0.0.0/14519] INFO  ha.SCMNodeInfo (SCMNodeInfo.java:getPort(197)) - ConfigKey ozone.scm.client.address is deprecated, For configuring different ports for each SCM use PortConfigKey ozone.scm.client.port appended with serviceId and nodeId
2021-07-03 01:52:48,376 [Listener at 0.0.0.0/14519] INFO  ha.SCMNodeInfo (SCMNodeInfo.java:getPort(197)) - ConfigKey ozone.scm.block.client.address is deprecated, For configuring different ports for each SCM use PortConfigKey ozone.scm.block.client.port appended with serviceId and nodeId
2021-07-03 01:52:48,376 [Listener at 0.0.0.0/14519] INFO  ha.SCMNodeInfo (SCMNodeInfo.java:getPort(197)) - ConfigKey ozone.scm.datanode.address is deprecated, For configuring different ports for each SCM use PortConfigKey ozone.scm.datanode.port appended with serviceId and nodeId
2021-07-03 01:52:48,376 [Listener at 0.0.0.0/14519] INFO  ha.SCMNodeInfo (SCMNodeInfo.java:getPort(197)) - ConfigKey ozone.scm.client.address is deprecated, For configuring different ports for each SCM use PortConfigKey ozone.scm.client.port appended with serviceId and nodeId
2021-07-03 01:52:48,376 [Listener at 0.0.0.0/14519] INFO  ha.SCMNodeInfo (SCMNodeInfo.java:getPort(197)) - ConfigKey ozone.scm.block.client.address is deprecated, For configuring different ports for each SCM use PortConfigKey ozone.scm.block.client.port appended with serviceId and nodeId
2021-07-03 01:52:48,376 [Listener at 0.0.0.0/14519] INFO  ha.SCMNodeInfo (SCMNodeInfo.java:getPort(197)) - ConfigKey ozone.scm.datanode.address is deprecated, For configuring different ports for each SCM use PortConfigKey ozone.scm.datanode.port appended with serviceId and nodeId
2021-07-03 01:52:48,376 [Listener at 0.0.0.0/14519] INFO  ha.SCMNodeInfo (SCMNodeInfo.java:getPort(197)) - ConfigKey ozone.scm.client.address is deprecated, For configuring different ports for each SCM use PortConfigKey ozone.scm.client.port appended with serviceId and nodeId
2021-07-03 01:52:48,377 [Listener at 0.0.0.0/14519] INFO  ha.SCMNodeInfo (SCMNodeInfo.java:getPort(197)) - ConfigKey ozone.scm.block.client.address is deprecated, For configuring different ports for each SCM use PortConfigKey ozone.scm.block.client.port appended with serviceId and nodeId
2021-07-03 01:52:48,377 [Listener at 0.0.0.0/14519] INFO  ha.SCMNodeInfo (SCMNodeInfo.java:getPort(197)) - ConfigKey ozone.scm.datanode.address is deprecated, For configuring different ports for each SCM use PortConfigKey ozone.scm.datanode.port appended with serviceId and nodeId
2021-07-03 01:52:48,377 [Listener at 0.0.0.0/14519] INFO  ha.SCMNodeInfo (SCMNodeInfo.java:getPort(197)) - ConfigKey ozone.scm.client.address is deprecated, For configuring different ports for each SCM use PortConfigKey ozone.scm.client.port appended with serviceId and nodeId
2021-07-03 01:52:48,377 [Listener at 0.0.0.0/14519] INFO  ha.SCMNodeInfo (SCMNodeInfo.java:getPort(197)) - ConfigKey ozone.scm.block.client.address is deprecated, For configuring different ports for each SCM use PortConfigKey ozone.scm.block.client.port appended with serviceId and nodeId
2021-07-03 01:52:48,378 [Listener at 0.0.0.0/14519] INFO  ha.SCMNodeInfo (SCMNodeInfo.java:getPort(197)) - ConfigKey ozone.scm.datanode.address is deprecated, For configuring different ports for each SCM use PortConfigKey ozone.scm.datanode.port appended with serviceId and nodeId
2021-07-03 01:52:48,378 [Listener at 0.0.0.0/14519] INFO  ha.SCMNodeInfo (SCMNodeInfo.java:getPort(197)) - ConfigKey ozone.scm.client.address is deprecated, For configuring different ports for each SCM use PortConfigKey ozone.scm.client.port appended with serviceId and nodeId
2021-07-03 01:52:48,378 [Listener at 0.0.0.0/14519] INFO  ha.SCMNodeInfo (SCMNodeInfo.java:getPort(197)) - ConfigKey ozone.scm.block.client.address is deprecated, For configuring different ports for each SCM use PortConfigKey ozone.scm.block.client.port appended with serviceId and nodeId
2021-07-03 01:52:48,378 [Listener at 0.0.0.0/14519] INFO  ha.SCMNodeInfo (SCMNodeInfo.java:getPort(197)) - ConfigKey ozone.scm.datanode.address is deprecated, For configuring different ports for each SCM use PortConfigKey ozone.scm.datanode.port appended with serviceId and nodeId
2021-07-03 01:52:48,378 [Listener at 0.0.0.0/14519] INFO  ha.SCMNodeInfo (SCMNodeInfo.java:getPort(197)) - ConfigKey ozone.scm.client.address is deprecated, For configuring different ports for each SCM use PortConfigKey ozone.scm.client.port appended with serviceId and nodeId
2021-07-03 01:52:48,378 [Listener at 0.0.0.0/14519] INFO  ha.SCMNodeInfo (SCMNodeInfo.java:getPort(197)) - ConfigKey ozone.scm.block.client.address is deprecated, For configuring different ports for each SCM use PortConfigKey ozone.scm.block.client.port appended with serviceId and nodeId
2021-07-03 01:52:48,378 [Listener at 0.0.0.0/14519] INFO  ha.SCMNodeInfo (SCMNodeInfo.java:getPort(197)) - ConfigKey ozone.scm.datanode.address is deprecated, For configuring different ports for each SCM use PortConfigKey ozone.scm.datanode.port appended with serviceId and nodeId
2021-07-03 01:52:48,382 [Listener at 0.0.0.0/14519] WARN  server.ServerUtils (ServerUtils.java:getDBPath(225)) - ozone.om.db.dirs is not configured. We recommend adding this setting. Falling back to ozone.metadata.dirs instead.
2021-07-03 01:52:48,383 [Listener at 0.0.0.0/14519] INFO  codec.OmKeyInfoCodec (OmKeyInfoCodec.java:<init>(51)) - OmKeyInfoCodec ignorePipeline = true
2021-07-03 01:52:48,383 [Listener at 0.0.0.0/14519] INFO  codec.RepeatedOmKeyInfoCodec (RepeatedOmKeyInfoCodec.java:<init>(42)) - RepeatedOmKeyInfoCodec ignorePipeline = true
2021-07-03 01:52:48,482 [Listener at 0.0.0.0/14519] INFO  om.OzoneManager (OzoneManager.java:addS3GVolumeToDB(3804)) - Created Volume s3v With Owner runner required for S3Gateway operations.
2021-07-03 01:52:48,482 [Listener at 0.0.0.0/14519] WARN  server.ServerUtils (ServerUtils.java:getDefaultRatisDirectory(237)) - Storage directory for Ratis is not configured. It is a good idea to map this to an SSD disk. Falling back to ozone.metadata.dirs
2021-07-03 01:52:48,483 [Listener at 0.0.0.0/14519] WARN  ratis.OzoneManagerRatisServer (OzoneManagerRatisServer.java:getOMRatisSnapshotDirectory(634)) - ozone.om.ratis.snapshot.dir is not configured. Falling back to ozone.metadata.dirs config
2021-07-03 01:52:48,483 [Listener at 0.0.0.0/14519] WARN  server.ServerUtils (ServerUtils.java:getDefaultRatisDirectory(237)) - Storage directory for Ratis is not configured. It is a good idea to map this to an SSD disk. Falling back to ozone.metadata.dirs
2021-07-03 01:52:48,484 [Listener at 0.0.0.0/14519] INFO  ratis.OzoneManagerRatisServer (OzoneManagerRatisServer.java:<init>(288)) - Instantiating OM Ratis server with GroupID: om-service-test1 and Raft Peers: localhost:11048
2021-07-03 01:52:48,484 [Listener at 0.0.0.0/14519] INFO  ratis.OzoneManagerStateMachine (OzoneManagerStateMachine.java:loadSnapshotInfoFromDB(520)) - LastAppliedIndex is set from TransactionInfo from OM DB as (t:0, i:~)
2021-07-03 01:52:48,485 [Listener at 0.0.0.0/14519] INFO  server.RaftServer (ConfUtils.java:logGet(44)) - raft.rpc.type = GRPC (default)
2021-07-03 01:52:48,485 [Listener at 0.0.0.0/14519] INFO  grpc.GrpcFactory (GrpcFactory.java:checkPooledByteBufAllocatorUseCacheForAllThreads(48)) - PERFORMANCE WARNING: useCacheForAllThreads is true that may cause Netty to create a lot garbage objects and, as a result, trigger GC.
	It is recommended to disable useCacheForAllThreads by setting -Dorg.apache.ratis.thirdparty.io.netty.allocator.useCacheForAllThreads=false in command line.
2021-07-03 01:52:48,485 [Listener at 0.0.0.0/14519] INFO  grpc.GrpcConfigKeys (ConfUtils.java:logGet(44)) - raft.grpc.admin.port = -1 (default)
2021-07-03 01:52:48,485 [Listener at 0.0.0.0/14519] INFO  grpc.GrpcConfigKeys (ConfUtils.java:logGet(44)) - raft.grpc.server.port = 11048 (custom)
2021-07-03 01:52:48,485 [Listener at 0.0.0.0/14519] INFO  grpc.GrpcConfigKeys (ConfUtils.java:logGet(44)) - raft.grpc.client.port = -1 (default)
2021-07-03 01:52:48,486 [Listener at 0.0.0.0/14519] INFO  grpc.GrpcConfigKeys (ConfUtils.java:logGet(44)) - raft.grpc.server.port = 11048 (custom)
2021-07-03 01:52:48,486 [Listener at 0.0.0.0/14519] INFO  grpc.GrpcConfigKeys (ConfUtils.java:logGet(44)) - raft.grpc.server.port = 11048 (custom)
2021-07-03 01:52:48,486 [Listener at 0.0.0.0/14519] INFO  server.GrpcService (ConfUtils.java:logGet(44)) - raft.grpc.message.size.max = 33554432 (custom)
2021-07-03 01:52:48,486 [Listener at 0.0.0.0/14519] INFO  server.RaftServerConfigKeys (ConfUtils.java:logGet(44)) - raft.server.log.appender.buffer.byte-limit = 33554432 (custom)
2021-07-03 01:52:48,486 [Listener at 0.0.0.0/14519] INFO  server.GrpcService (ConfUtils.java:logGet(44)) - raft.grpc.flow.control.window = 1MB (=1048576) (default)
2021-07-03 01:52:48,487 [Listener at 0.0.0.0/14519] INFO  server.RaftServerConfigKeys (ConfUtils.java:logGet(44)) - raft.server.rpc.request.timeout = 3000ms (default)
2021-07-03 01:52:48,488 [Listener at 0.0.0.0/14519] INFO  impl.DataStreamServerImpl (ConfUtils.java:logGet(44)) - raft.datastream.type = DISABLED (default)
2021-07-03 01:52:48,488 [Listener at 0.0.0.0/14519] INFO  server.RaftServerConfigKeys (ConfUtils.java:logGet(44)) - raft.server.rpc.slowness.timeout = 2s (custom)
2021-07-03 01:52:48,488 [Listener at 0.0.0.0/14519] INFO  server.RaftServerConfigKeys (ConfUtils.java:logGet(44)) - raft.server.leaderelection.leader.step-down.wait-time = 10s (default)
2021-07-03 01:52:48,488 [Listener at 0.0.0.0/14519] INFO  server.RaftServerConfigKeys (ConfUtils.java:logGet(44)) - raft.server.storage.dir = [/home/runner/work/ozone/ozone/mnt/ozone/hadoop-ozone/integration-test/target/test-dir/MiniOzoneClusterImpl-6d7611b0-ac11-41e1-98f8-97ea473a16a6/omNode-1/ratis] (custom)
2021-07-03 01:52:48,489 [Listener at 0.0.0.0/14519] INFO  server.RaftServer (RaftServerProxy.java:addNew(95)) - omNode-1: addNew group-523986131536:[omNode-1|rpc:localhost:11048|priority:0] returns group-523986131536:java.util.concurrent.CompletableFuture@4bc15d49[Not completed]
2021-07-03 01:52:48,489 [Listener at 0.0.0.0/14519] INFO  om.OzoneManager (OzoneManager.java:initializeRatisServer(1311)) - OzoneManager Ratis server initialized at port 11048
2021-07-03 01:52:48,490 [Listener at 0.0.0.0/14519] INFO  ipc.CallQueueManager (CallQueueManager.java:<init>(85)) - Using callQueue: class java.util.concurrent.LinkedBlockingQueue, queueCapacity: 2000, scheduler: class org.apache.hadoop.ipc.DefaultRpcScheduler, ipcBackoff: false.
2021-07-03 01:52:48,490 [pool-234-thread-1] INFO  server.RaftServer$Division (RaftServerImpl.java:<init>(180)) - omNode-1: new RaftServerImpl for group-523986131536:[omNode-1|rpc:localhost:11048|priority:0] with OzoneManagerStateMachine:uninitialized
2021-07-03 01:52:48,491 [Socket Reader #1 for port 11044] INFO  ipc.Server (Server.java:run(1255)) - Starting Socket Reader #1 for port 11044
2021-07-03 01:52:48,503 [pool-234-thread-1] INFO  server.RaftServerConfigKeys (ConfUtils.java:logGet(44)) - raft.server.rpc.timeout.min = 1s (custom)
2021-07-03 01:52:48,503 [pool-234-thread-1] INFO  server.RaftServerConfigKeys (ConfUtils.java:logGet(44)) - raft.server.rpc.timeout.max = 1200ms (custom)
2021-07-03 01:52:48,504 [pool-234-thread-1] INFO  server.RaftServerConfigKeys (ConfUtils.java:logGet(44)) - raft.server.rpc.sleep.time = 25ms (default)
2021-07-03 01:52:48,504 [pool-234-thread-1] INFO  server.RaftServerConfigKeys (ConfUtils.java:logGet(44)) - raft.server.rpc.slowness.timeout = 2s (custom)
2021-07-03 01:52:48,504 [pool-234-thread-1] INFO  server.RaftServerConfigKeys (ConfUtils.java:logGet(44)) - raft.server.leaderelection.leader.step-down.wait-time = 10s (default)
2021-07-03 01:52:48,504 [pool-234-thread-1] INFO  server.RaftServerConfigKeys (ConfUtils.java:logGet(44)) - raft.server.sleep.deviation.threshold = 300ms (default)
2021-07-03 01:52:48,504 [pool-234-thread-1] INFO  server.RaftServerConfigKeys (ConfUtils.java:logGet(44)) - raft.server.log.appender.install.snapshot.enabled = false (custom)
2021-07-03 01:52:48,504 [pool-234-thread-1] INFO  server.RaftServer$Division (ServerState.java:<init>(105)) - omNode-1@group-523986131536: ConfigurationManager, init=-1: [omNode-1|rpc:localhost:11048|priority:0], old=null, confs=<EMPTY_MAP>
2021-07-03 01:52:48,504 [pool-234-thread-1] INFO  server.RaftServerConfigKeys (ConfUtils.java:logGet(44)) - raft.server.storage.dir = [/home/runner/work/ozone/ozone/mnt/ozone/hadoop-ozone/integration-test/target/test-dir/MiniOzoneClusterImpl-6d7611b0-ac11-41e1-98f8-97ea473a16a6/omNode-1/ratis] (custom)
2021-07-03 01:52:48,504 [pool-234-thread-1] INFO  server.RaftServerConfigKeys (ConfUtils.java:logGet(44)) - raft.server.log.corruption.policy = EXCEPTION (default)
2021-07-03 01:52:48,504 [pool-234-thread-1] INFO  storage.RaftStorageDirectory (RaftStorageDirectoryImpl.java:analyzeStorage(132)) - The storage directory /home/runner/work/ozone/ozone/mnt/ozone/hadoop-ozone/integration-test/target/test-dir/MiniOzoneClusterImpl-6d7611b0-ac11-41e1-98f8-97ea473a16a6/omNode-1/ratis/c9bc4cf4-3bc3-3c60-a66b-523986131536 does not exist. Creating ...
2021-07-03 01:52:48,505 [pool-234-thread-1] INFO  storage.RaftStorageDirectory (RaftStorageDirectoryImpl.java:tryLock(215)) - Lock on /home/runner/work/ozone/ozone/mnt/ozone/hadoop-ozone/integration-test/target/test-dir/MiniOzoneClusterImpl-6d7611b0-ac11-41e1-98f8-97ea473a16a6/omNode-1/ratis/c9bc4cf4-3bc3-3c60-a66b-523986131536/in_use.lock acquired by nodename 16859@fv-az12-896
2021-07-03 01:52:48,507 [pool-234-thread-1] INFO  storage.RaftStorage (RaftStorageImpl.java:format(87)) - Storage directory /home/runner/work/ozone/ozone/mnt/ozone/hadoop-ozone/integration-test/target/test-dir/MiniOzoneClusterImpl-6d7611b0-ac11-41e1-98f8-97ea473a16a6/omNode-1/ratis/c9bc4cf4-3bc3-3c60-a66b-523986131536 has been successfully formatted.
2021-07-03 01:52:48,507 [pool-234-thread-1] INFO  server.RaftServerConfigKeys (ConfUtils.java:logGet(44)) - raft.server.notification.no-leader.timeout = 2s (custom)
2021-07-03 01:52:48,507 [pool-234-thread-1] INFO  server.RaftServerConfigKeys (ConfUtils.java:logGet(44)) - raft.server.log.use.memory = false (default)
2021-07-03 01:52:48,507 [pool-234-thread-1] INFO  server.RaftServerConfigKeys (ConfUtils.java:logGet(44)) - raft.server.log.purge.gap = 1000000 (custom)
2021-07-03 01:52:48,507 [pool-234-thread-1] INFO  server.RaftServerConfigKeys (ConfUtils.java:logGet(44)) - raft.server.log.appender.buffer.byte-limit = 33554432 (custom)
2021-07-03 01:52:48,507 [pool-234-thread-1] INFO  metrics.RatisMetrics (RatisMetrics.java:lambda$create$0(36)) - Creating Metrics Registry : ratis.log_worker.omNode-1@group-523986131536
2021-07-03 01:52:48,508 [pool-234-thread-1] INFO  server.RaftServerConfigKeys (ConfUtils.java:logGet(44)) - raft.server.log.segment.size.max = 4194304 (custom)
2021-07-03 01:52:48,508 [pool-234-thread-1] INFO  server.RaftServerConfigKeys (ConfUtils.java:logGet(44)) - raft.server.log.segment.cache.num.max = 2 (custom)
2021-07-03 01:52:48,508 [pool-234-thread-1] INFO  server.RaftServerConfigKeys (ConfUtils.java:logGet(44)) - raft.server.log.segment.cache.size.max = 200MB (=209715200) (default)
2021-07-03 01:52:48,508 [pool-234-thread-1] INFO  segmented.SegmentedRaftLogWorker (SegmentedRaftLogWorker.java:<init>(182)) - new omNode-1@group-523986131536-SegmentedRaftLogWorker for RaftStorageImpl:Storage Directory /home/runner/work/ozone/ozone/mnt/ozone/hadoop-ozone/integration-test/target/test-dir/MiniOzoneClusterImpl-6d7611b0-ac11-41e1-98f8-97ea473a16a6/omNode-1/ratis/c9bc4cf4-3bc3-3c60-a66b-523986131536
2021-07-03 01:52:48,508 [pool-234-thread-1] INFO  server.RaftServerConfigKeys (ConfUtils.java:logGet(44)) - raft.server.log.queue.byte-limit = 64MB (=67108864) (default)
2021-07-03 01:52:48,508 [pool-234-thread-1] INFO  server.RaftServerConfigKeys (ConfUtils.java:logGet(44)) - raft.server.log.queue.element-limit = 4096 (default)
2021-07-03 01:52:48,508 [pool-234-thread-1] INFO  server.RaftServerConfigKeys (ConfUtils.java:logGet(44)) - raft.server.log.segment.size.max = 4194304 (custom)
2021-07-03 01:52:48,508 [pool-234-thread-1] INFO  server.RaftServerConfigKeys (ConfUtils.java:logGet(44)) - raft.server.log.preallocated.size = 4194304 (custom)
2021-07-03 01:52:48,508 [pool-234-thread-1] INFO  server.RaftServerConfigKeys (ConfUtils.java:logGet(44)) - raft.server.log.force.sync.num = 128 (default)
2021-07-03 01:52:48,508 [pool-234-thread-1] INFO  server.RaftServerConfigKeys (ConfUtils.java:logGet(44)) - raft.server.log.statemachine.data.sync = true (default)
2021-07-03 01:52:48,508 [pool-234-thread-1] INFO  server.RaftServerConfigKeys (ConfUtils.java:logGet(44)) - raft.server.log.statemachine.data.sync.timeout = 10s (default)
2021-07-03 01:52:48,508 [pool-234-thread-1] INFO  server.RaftServerConfigKeys (ConfUtils.java:logGet(44)) - raft.server.log.statemachine.data.sync.timeout.retry = -1 (default)
2021-07-03 01:52:48,509 [pool-234-thread-1] INFO  server.RaftServerConfigKeys (ConfUtils.java:logGet(44)) - raft.server.log.write.buffer.size = 64KB (=65536) (default)
2021-07-03 01:52:48,509 [pool-234-thread-1] INFO  server.RaftServerConfigKeys (ConfUtils.java:logGet(44)) - raft.server.log.statemachine.data.caching.enabled = false (default)
2021-07-03 01:52:48,509 [pool-234-thread-1] INFO  segmented.SegmentedRaftLogWorker (SegmentedRaftLogWorker.java:lambda$new$0(133)) - omNode-1@group-523986131536-SegmentedRaftLogWorker: flushIndex: setUnconditionally 0 -> -1
2021-07-03 01:52:48,509 [pool-234-thread-1] INFO  segmented.SegmentedRaftLogWorker (SegmentedRaftLogWorker.java:lambda$new$0(133)) - omNode-1@group-523986131536-SegmentedRaftLogWorker: safeCacheEvictIndex: setUnconditionally 0 -> -1
2021-07-03 01:52:48,509 [pool-234-thread-1] INFO  server.RaftServerConfigKeys (ConfUtils.java:logGet(44)) - raft.server.snapshot.auto.trigger.enabled = true (custom)
2021-07-03 01:52:48,509 [pool-234-thread-1] INFO  server.RaftServerConfigKeys (ConfUtils.java:logGet(44)) - raft.server.snapshot.auto.trigger.threshold = 400000 (default)
2021-07-03 01:52:48,510 [pool-234-thread-1] INFO  server.RaftServerConfigKeys (ConfUtils.java:logGet(44)) - raft.server.snapshot.retention.file.num = -1 (default)
2021-07-03 01:52:48,510 [pool-234-thread-1] INFO  server.RaftServerConfigKeys (ConfUtils.java:logGet(44)) - raft.server.log.purge.upto.snapshot.index = true (custom)
2021-07-03 01:52:48,510 [pool-234-thread-1] INFO  server.RaftServerConfigKeys (ConfUtils.java:logGet(44)) - raft.server.retrycache.expirytime = 300s (custom)
2021-07-03 01:52:48,510 [pool-234-thread-1] INFO  server.RaftServerConfigKeys (ConfUtils.java:logGet(44)) - raft.server.retrycache.statistics.expirytime = 100μs (default)
2021-07-03 01:52:48,510 [pool-234-thread-1] INFO  metrics.RatisMetrics (RatisMetrics.java:lambda$create$0(36)) - Creating Metrics Registry : ratis.leader_election.omNode-1@group-523986131536
2021-07-03 01:52:48,510 [pool-234-thread-1] INFO  metrics.RatisMetrics (RatisMetrics.java:lambda$create$0(36)) - Creating Metrics Registry : ratis.server.omNode-1@group-523986131536
2021-07-03 01:52:48,517 [Listener at 127.0.0.1/11044] INFO  om.OzoneManager (OzoneManager.java:initFSOLayout(3896)) - Configured ozone.om.metadata.layout=SIMPLE and disabled optimized OM FS operations
2021-07-03 01:52:48,517 [Listener at 127.0.0.1/11044] INFO  impl.MetricsSystemImpl (MetricsSystemImpl.java:init(158)) - OzoneManager metrics system started (again)
2021-07-03 01:52:48,519 [EndpointStateMachine task thread for /127.0.0.1:13925 - 0 ] INFO  ipc.Client (Client.java:handleConnectionFailure(966)) - Retrying connect to server: localhost/127.0.0.1:13925. Already tried 9 time(s); retry policy is RetryUpToMaximumCountWithFixedSleep(maxRetries=15, sleepTime=1000 MILLISECONDS)
2021-07-03 01:52:48,519 [EndpointStateMachine task thread for /127.0.0.1:13935 - 0 ] INFO  ipc.Client (Client.java:handleConnectionFailure(966)) - Retrying connect to server: localhost/127.0.0.1:13935. Already tried 7 time(s); retry policy is RetryUpToMaximumCountWithFixedSleep(maxRetries=15, sleepTime=1000 MILLISECONDS)
2021-07-03 01:52:48,520 [EndpointStateMachine task thread for /127.0.0.1:13945 - 0 ] INFO  ipc.Client (Client.java:handleConnectionFailure(966)) - Retrying connect to server: localhost/127.0.0.1:13945. Already tried 6 time(s); retry policy is RetryUpToMaximumCountWithFixedSleep(maxRetries=15, sleepTime=1000 MILLISECONDS)
2021-07-03 01:52:48,522 [Listener at 127.0.0.1/11044] INFO  om.OzoneManager (OzoneManager.java:start(1113)) - OzoneManager RPC server is listening at localhost/127.0.0.1:11044
2021-07-03 01:52:48,522 [Listener at 127.0.0.1/11044] INFO  ratis.OzoneManagerRatisServer (OzoneManagerRatisServer.java:start(388)) - Starting OzoneManagerRatisServer omNode-1 at port 11048
2021-07-03 01:52:48,523 [Listener at 127.0.0.1/11044] INFO  server.RaftServer$Division (RaftServerImpl.java:start(295)) - omNode-1@group-523986131536: start as a follower, conf=-1: [omNode-1|rpc:localhost:11048|priority:0], old=null
2021-07-03 01:52:48,523 [Listener at 127.0.0.1/11044] INFO  server.RaftServer$Division (RaftServerImpl.java:setRole(284)) - omNode-1@group-523986131536: changes role from      null to FOLLOWER at term 0 for startAsFollower
2021-07-03 01:52:48,523 [Listener at 127.0.0.1/11044] INFO  impl.RoleInfo (RoleInfo.java:updateAndGet(130)) - omNode-1: start omNode-1@group-523986131536-FollowerState
2021-07-03 01:52:48,523 [Listener at 127.0.0.1/11044] INFO  util.JmxRegister (JmxRegister.java:tryRegister(44)) - Successfully registered JMX Bean with object name Ratis:service=RaftServer,group=group-523986131536,id=omNode-1
2021-07-03 01:52:48,524 [Listener at 127.0.0.1/11044] INFO  metrics.RatisMetrics (RatisMetrics.java:lambda$create$0(36)) - Creating Metrics Registry : ratis.state_machine.omNode-1@group-523986131536
2021-07-03 01:52:48,525 [Listener at 127.0.0.1/11044] INFO  server.RaftServer (RaftServerProxy.java:lambda$start$5(374)) - omNode-1: start RPC server
2021-07-03 01:52:48,526 [Listener at 127.0.0.1/11044] INFO  server.GrpcService (GrpcService.java:startImpl(253)) - omNode-1: GrpcService started, listening on 11048
2021-07-03 01:52:48,526 [org.apache.ratis.util.JvmPauseMonitor$$Lambda$493/611739613@3228b5a1] INFO  util.JvmPauseMonitor (JvmPauseMonitor.java:run(103)) - JvmPauseMonitor-omNode-1: Started
2021-07-03 01:52:48,527 [Listener at 127.0.0.1/11044] INFO  http.BaseHttpServer (BaseHttpServer.java:newHttpServer2BuilderForOzone(209)) - Starting Web-server for ozoneManager at: http://0.0.0.0:11046
2021-07-03 01:52:48,527 [Listener at 127.0.0.1/11044] INFO  http.BaseHttpServer (BaseHttpServer.java:<init>(107)) - Hadoop Security Enabled: false Ozone Security Enabled: false Ozone HTTP Security Enabled: false 
2021-07-03 01:52:48,528 [Listener at 127.0.0.1/11044] INFO  server.AuthenticationFilter (AuthenticationFilter.java:constructSecretProvider(240)) - Unable to initialize FileSignerSecretProvider, falling back to use random secrets.
2021-07-03 01:52:48,534 [Listener at 127.0.0.1/11044] WARN  http.HttpRequestLog (HttpRequestLog.java:getRequestLog(103)) - Jetty request log can only be enabled using Log4j
2021-07-03 01:52:48,535 [Listener at 127.0.0.1/11044] INFO  http.HttpServer2 (HttpServer2.java:addGlobalFilter(1020)) - Added global filter 'safety' (class=org.apache.hadoop.hdds.server.http.HttpServer2$QuotingInputFilter)
2021-07-03 01:52:48,536 [Listener at 127.0.0.1/11044] INFO  http.HttpServer2 (HttpServer2.java:addFilter(996)) - Added filter static_user_filter (class=org.apache.hadoop.http.lib.StaticUserWebFilter$StaticUserFilter) to context ozoneManager
2021-07-03 01:52:48,537 [Listener at 127.0.0.1/11044] INFO  http.HttpServer2 (HttpServer2.java:addFilter(1004)) - Added filter static_user_filter (class=org.apache.hadoop.http.lib.StaticUserWebFilter$StaticUserFilter) to context logs
2021-07-03 01:52:48,537 [Listener at 127.0.0.1/11044] INFO  http.HttpServer2 (HttpServer2.java:addFilter(1004)) - Added filter static_user_filter (class=org.apache.hadoop.http.lib.StaticUserWebFilter$StaticUserFilter) to context static
2021-07-03 01:52:48,537 [Listener at 127.0.0.1/11044] INFO  http.HttpServer2 (HttpServer2.java:bindListener(1238)) - Jetty bound to port 11046
2021-07-03 01:52:48,537 [Listener at 127.0.0.1/11044] INFO  server.Server (Server.java:doStart(375)) - jetty-9.4.35.v20201120; built: 2020-11-20T21:17:03.964Z; git: bdc54f03a5e0a7e280fab27f55c3c75ee8da89fb; jvm 1.8.0_292-b10
2021-07-03 01:52:48,540 [Listener at 127.0.0.1/11044] INFO  server.session (DefaultSessionIdManager.java:doStart(334)) - DefaultSessionIdManager workerName=node0
2021-07-03 01:52:48,540 [Listener at 127.0.0.1/11044] INFO  server.session (DefaultSessionIdManager.java:doStart(339)) - No SessionScavenger set, using defaults
2021-07-03 01:52:48,540 [Listener at 127.0.0.1/11044] INFO  server.session (HouseKeeper.java:startScavenging(132)) - node0 Scavenging every 660000ms
2021-07-03 01:52:48,541 [Listener at 127.0.0.1/11044] INFO  handler.ContextHandler (ContextHandler.java:doStart(916)) - Started o.e.j.s.ServletContextHandler@698cc99d{logs,/logs,file:///home/runner/work/ozone/ozone/mnt/ozone/hadoop-ozone/integration-test/target/log,AVAILABLE}
2021-07-03 01:52:48,541 [Listener at 127.0.0.1/11044] INFO  handler.ContextHandler (ContextHandler.java:doStart(916)) - Started o.e.j.s.ServletContextHandler@f9769ae{static,/static,file:///home/runner/work/ozone/ozone/mnt/ozone/hadoop-ozone/integration-test/target/test-classes/webapps/static,AVAILABLE}
2021-07-03 01:52:48,544 [Listener at 127.0.0.1/11044] INFO  handler.ContextHandler (ContextHandler.java:doStart(916)) - Started o.e.j.w.WebAppContext@53b52f30{ozoneManager,/,file:///home/runner/work/ozone/ozone/mnt/ozone/hadoop-ozone/integration-test/target/test-classes/webapps/ozoneManager/,AVAILABLE}{file:/home/runner/work/ozone/ozone/mnt/ozone/hadoop-ozone/integration-test/target/test-classes/webapps/ozoneManager}
2021-07-03 01:52:48,545 [Listener at 127.0.0.1/11044] INFO  server.AbstractConnector (AbstractConnector.java:doStart(331)) - Started ServerConnector@54856056{HTTP/1.1, (http/1.1)}{0.0.0.0:11046}
2021-07-03 01:52:48,546 [Listener at 127.0.0.1/11044] INFO  server.Server (Server.java:doStart(415)) - Started @77847ms
2021-07-03 01:52:48,546 [Listener at 127.0.0.1/11044] WARN  impl.MetricsSystemImpl (MetricsSystemImpl.java:register(279)) - Sink prometheus already exists!
2021-07-03 01:52:48,547 [Listener at 127.0.0.1/11044] INFO  http.BaseHttpServer (BaseHttpServer.java:updateConnectorAddress(329)) - HTTP server of ozoneManager listening at http://0.0.0.0:11046
2021-07-03 01:52:48,547 [IPC Server Responder] INFO  ipc.Server (Server.java:run(1497)) - IPC Server Responder: starting
2021-07-03 01:52:48,553 [IPC Server listener on 11044] INFO  ipc.Server (Server.java:run(1334)) - IPC Server listener on 11044: starting
2021-07-03 01:52:48,560 [Listener at 127.0.0.1/11044] INFO  om.OzoneManager (OzoneManager.java:startTrashEmptier(1251)) - Trash Interval set to 0. Files deleted will not move to trash
2021-07-03 01:52:48,561 [Listener at 127.0.0.1/11044] INFO  ozone.MiniOzoneHAClusterImpl (MiniOzoneHAClusterImpl.java:createOMService(462)) - Started OzoneManager RPC server at localhost/127.0.0.1:11044
2021-07-03 01:52:48,561 [org.apache.hadoop.util.JvmPauseMonitor$Monitor@76f65a8b] INFO  util.JvmPauseMonitor (JvmPauseMonitor.java:run(188)) - Starting JVM pause monitor
2021-07-03 01:52:48,570 [Listener at 127.0.0.1/11044] INFO  impl.MetricsSystemImpl (MetricsSystemImpl.java:init(158)) - HddsDatanode metrics system started (again)
2021-07-03 01:52:48,575 [Listener at 127.0.0.1/11044] INFO  ozone.HddsDatanodeService (HddsDatanodeService.java:start(221)) - HddsDatanodeService host:fv-az12-896.exdb2aeach2ezidoxz41lk3bwg.cx.internal.cloudapp.net ip:10.1.0.32
2021-07-03 01:52:48,592 [Listener at 127.0.0.1/11044] INFO  ha.SCMNodeInfo (SCMNodeInfo.java:getPort(197)) - ConfigKey ozone.scm.client.address is deprecated, For configuring different ports for each SCM use PortConfigKey ozone.scm.client.port appended with serviceId and nodeId
2021-07-03 01:52:48,592 [Listener at 127.0.0.1/11044] INFO  ha.SCMNodeInfo (SCMNodeInfo.java:getPort(197)) - ConfigKey ozone.scm.block.client.address is deprecated, For configuring different ports for each SCM use PortConfigKey ozone.scm.block.client.port appended with serviceId and nodeId
2021-07-03 01:52:48,592 [Listener at 127.0.0.1/11044] INFO  ha.SCMNodeInfo (SCMNodeInfo.java:getPort(197)) - ConfigKey ozone.scm.datanode.address is deprecated, For configuring different ports for each SCM use PortConfigKey ozone.scm.datanode.port appended with serviceId and nodeId
2021-07-03 01:52:48,593 [Listener at 127.0.0.1/11044] INFO  ha.SCMNodeInfo (SCMNodeInfo.java:getPort(197)) - ConfigKey ozone.scm.client.address is deprecated, For configuring different ports for each SCM use PortConfigKey ozone.scm.client.port appended with serviceId and nodeId
2021-07-03 01:52:48,593 [Listener at 127.0.0.1/11044] INFO  ha.SCMNodeInfo (SCMNodeInfo.java:getPort(197)) - ConfigKey ozone.scm.block.client.address is deprecated, For configuring different ports for each SCM use PortConfigKey ozone.scm.block.client.port appended with serviceId and nodeId
2021-07-03 01:52:48,593 [Listener at 127.0.0.1/11044] INFO  ha.SCMNodeInfo (SCMNodeInfo.java:getPort(197)) - ConfigKey ozone.scm.datanode.address is deprecated, For configuring different ports for each SCM use PortConfigKey ozone.scm.datanode.port appended with serviceId and nodeId
2021-07-03 01:52:48,594 [Listener at 127.0.0.1/11044] INFO  ha.SCMNodeInfo (SCMNodeInfo.java:getPort(197)) - ConfigKey ozone.scm.client.address is deprecated, For configuring different ports for each SCM use PortConfigKey ozone.scm.client.port appended with serviceId and nodeId
2021-07-03 01:52:48,594 [Listener at 127.0.0.1/11044] INFO  ha.SCMNodeInfo (SCMNodeInfo.java:getPort(197)) - ConfigKey ozone.scm.block.client.address is deprecated, For configuring different ports for each SCM use PortConfigKey ozone.scm.block.client.port appended with serviceId and nodeId
2021-07-03 01:52:48,594 [Listener at 127.0.0.1/11044] INFO  ha.SCMNodeInfo (SCMNodeInfo.java:getPort(197)) - ConfigKey ozone.scm.datanode.address is deprecated, For configuring different ports for each SCM use PortConfigKey ozone.scm.datanode.port appended with serviceId and nodeId
2021-07-03 01:52:48,595 [Listener at 127.0.0.1/11044] INFO  volume.HddsVolume (HddsVolume.java:<init>(119)) - Creating HddsVolume: /home/runner/work/ozone/ozone/mnt/ozone/hadoop-ozone/integration-test/target/test-dir/MiniOzoneClusterImpl-6d7611b0-ac11-41e1-98f8-97ea473a16a6/datanode-0/data-0/containers/hdds of storage type : DISK capacity : 9223372036854775807
2021-07-03 01:52:48,595 [Listener at 127.0.0.1/11044] INFO  volume.MutableVolumeSet (MutableVolumeSet.java:initializeVolumeSet(181)) - Added Volume : /home/runner/work/ozone/ozone/mnt/ozone/hadoop-ozone/integration-test/target/test-dir/MiniOzoneClusterImpl-6d7611b0-ac11-41e1-98f8-97ea473a16a6/datanode-0/data-0/containers/hdds to VolumeSet
2021-07-03 01:52:48,596 [Listener at 127.0.0.1/11044] INFO  volume.ThrottledAsyncChecker (ThrottledAsyncChecker.java:schedule(141)) - Scheduling a check for /home/runner/work/ozone/ozone/mnt/ozone/hadoop-ozone/integration-test/target/test-dir/MiniOzoneClusterImpl-6d7611b0-ac11-41e1-98f8-97ea473a16a6/datanode-0/data-0/containers/hdds
2021-07-03 01:52:48,596 [Listener at 127.0.0.1/11044] INFO  volume.StorageVolumeChecker (StorageVolumeChecker.java:checkAllVolumes(201)) - Scheduled health check for volume /home/runner/work/ozone/ozone/mnt/ozone/hadoop-ozone/integration-test/target/test-dir/MiniOzoneClusterImpl-6d7611b0-ac11-41e1-98f8-97ea473a16a6/datanode-0/data-0/containers/hdds
2021-07-03 01:52:48,608 [Listener at 127.0.0.1/11044] INFO  volume.MutableVolumeSet (MutableVolumeSet.java:initializeVolumeSet(181)) - Added Volume : /home/runner/work/ozone/ozone/mnt/ozone/hadoop-ozone/integration-test/target/test-dir/MiniOzoneClusterImpl-6d7611b0-ac11-41e1-98f8-97ea473a16a6/datanode-0/data/ratis to VolumeSet
2021-07-03 01:52:48,619 [Listener at 127.0.0.1/11044] INFO  ozoneimpl.ContainerReader (ContainerReader.java:<init>(98)) - Running in upgrade mode:true
2021-07-03 01:52:48,620 [Thread-1461] INFO  ozoneimpl.ContainerReader (ContainerReader.java:readVolume(142)) - Start to verify containers on volume /home/runner/work/ozone/ozone/mnt/ozone/hadoop-ozone/integration-test/target/test-dir/MiniOzoneClusterImpl-6d7611b0-ac11-41e1-98f8-97ea473a16a6/datanode-0/data-0/containers/hdds
2021-07-03 01:52:48,620 [Thread-1461] INFO  ozoneimpl.ContainerReader (ContainerReader.java:readVolume(174)) - Finish verifying containers on volume /home/runner/work/ozone/ozone/mnt/ozone/hadoop-ozone/integration-test/target/test-dir/MiniOzoneClusterImpl-6d7611b0-ac11-41e1-98f8-97ea473a16a6/datanode-0/data-0/containers/hdds
2021-07-03 01:52:48,620 [Listener at 127.0.0.1/11044] INFO  ozoneimpl.OzoneContainer (OzoneContainer.java:buildContainerSet(237)) - Build ContainerSet costs 0s
2021-07-03 01:52:48,626 [Listener at 127.0.0.1/11044] INFO  server.RaftServer (ConfUtils.java:logGet(44)) - raft.rpc.type = GRPC (default)
2021-07-03 01:52:48,626 [Listener at 127.0.0.1/11044] INFO  grpc.GrpcFactory (GrpcFactory.java:checkPooledByteBufAllocatorUseCacheForAllThreads(48)) - PERFORMANCE WARNING: useCacheForAllThreads is true that may cause Netty to create a lot garbage objects and, as a result, trigger GC.
	It is recommended to disable useCacheForAllThreads by setting -Dorg.apache.ratis.thirdparty.io.netty.allocator.useCacheForAllThreads=false in command line.
2021-07-03 01:52:48,626 [Listener at 127.0.0.1/11044] INFO  grpc.GrpcConfigKeys (ConfUtils.java:logGet(44)) - raft.grpc.admin.port = 0 (custom)
2021-07-03 01:52:48,627 [Listener at 127.0.0.1/11044] INFO  grpc.GrpcConfigKeys (ConfUtils.java:logGet(44)) - raft.grpc.client.port = 0 (custom)
2021-07-03 01:52:48,627 [Listener at 127.0.0.1/11044] INFO  grpc.GrpcConfigKeys (ConfUtils.java:logGet(44)) - raft.grpc.server.port = 0 (default)
2021-07-03 01:52:48,627 [Listener at 127.0.0.1/11044] INFO  server.GrpcService (ConfUtils.java:logGet(44)) - raft.grpc.message.size.max = 32MB (=33554432) (custom)
2021-07-03 01:52:48,627 [Listener at 127.0.0.1/11044] INFO  server.RaftServerConfigKeys (ConfUtils.java:logGet(44)) - raft.server.log.appender.buffer.byte-limit = 33554432 (custom)
2021-07-03 01:52:48,627 [Listener at 127.0.0.1/11044] INFO  server.GrpcService (ConfUtils.java:logGet(44)) - raft.grpc.flow.control.window = 5MB (=5242880) (custom)
2021-07-03 01:52:48,627 [Listener at 127.0.0.1/11044] INFO  server.RaftServerConfigKeys (ConfUtils.java:logGet(44)) - raft.server.rpc.request.timeout = 60s (custom)
2021-07-03 01:52:48,628 [Listener at 127.0.0.1/11044] INFO  impl.DataStreamServerImpl (ConfUtils.java:logGet(44)) - raft.datastream.type = DISABLED (default)
2021-07-03 01:52:48,628 [Listener at 127.0.0.1/11044] INFO  server.RaftServerConfigKeys (ConfUtils.java:logGet(44)) - raft.server.rpc.slowness.timeout = 300s (custom)
2021-07-03 01:52:48,629 [Listener at 127.0.0.1/11044] INFO  server.RaftServerConfigKeys (ConfUtils.java:logGet(44)) - raft.server.leaderelection.leader.step-down.wait-time = 10s (default)
2021-07-03 01:52:48,629 [Listener at 127.0.0.1/11044] INFO  server.RaftServerConfigKeys (ConfUtils.java:logGet(44)) - raft.server.storage.dir = [/home/runner/work/ozone/ozone/mnt/ozone/hadoop-ozone/integration-test/target/test-dir/MiniOzoneClusterImpl-6d7611b0-ac11-41e1-98f8-97ea473a16a6/datanode-0/data/ratis] (custom)
2021-07-03 01:52:48,631 [Listener at 127.0.0.1/11044] INFO  http.BaseHttpServer (BaseHttpServer.java:newHttpServer2BuilderForOzone(209)) - Starting Web-server for hddsDatanode at: http://0.0.0.0:0
2021-07-03 01:52:48,631 [Listener at 127.0.0.1/11044] INFO  http.BaseHttpServer (BaseHttpServer.java:<init>(107)) - Hadoop Security Enabled: false Ozone Security Enabled: false Ozone HTTP Security Enabled: false 
2021-07-03 01:52:48,632 [Listener at 127.0.0.1/11044] INFO  server.AuthenticationFilter (AuthenticationFilter.java:constructSecretProvider(240)) - Unable to initialize FileSignerSecretProvider, falling back to use random secrets.
2021-07-03 01:52:48,633 [Listener at 127.0.0.1/11044] WARN  http.HttpRequestLog (HttpRequestLog.java:getRequestLog(103)) - Jetty request log can only be enabled using Log4j
2021-07-03 01:52:48,633 [Listener at 127.0.0.1/11044] INFO  http.HttpServer2 (HttpServer2.java:addGlobalFilter(1020)) - Added global filter 'safety' (class=org.apache.hadoop.hdds.server.http.HttpServer2$QuotingInputFilter)
2021-07-03 01:52:48,634 [Listener at 127.0.0.1/11044] INFO  http.HttpServer2 (HttpServer2.java:addFilter(996)) - Added filter static_user_filter (class=org.apache.hadoop.http.lib.StaticUserWebFilter$StaticUserFilter) to context hddsDatanode
2021-07-03 01:52:48,634 [Listener at 127.0.0.1/11044] INFO  http.HttpServer2 (HttpServer2.java:addFilter(1004)) - Added filter static_user_filter (class=org.apache.hadoop.http.lib.StaticUserWebFilter$StaticUserFilter) to context logs
2021-07-03 01:52:48,634 [Listener at 127.0.0.1/11044] INFO  http.HttpServer2 (HttpServer2.java:addFilter(1004)) - Added filter static_user_filter (class=org.apache.hadoop.http.lib.StaticUserWebFilter$StaticUserFilter) to context static
2021-07-03 01:52:48,635 [Listener at 127.0.0.1/11044] INFO  http.HttpServer2 (HttpServer2.java:bindListener(1238)) - Jetty bound to port 46519
2021-07-03 01:52:48,635 [Listener at 127.0.0.1/11044] INFO  server.Server (Server.java:doStart(375)) - jetty-9.4.35.v20201120; built: 2020-11-20T21:17:03.964Z; git: bdc54f03a5e0a7e280fab27f55c3c75ee8da89fb; jvm 1.8.0_292-b10
2021-07-03 01:52:48,637 [Listener at 127.0.0.1/11044] INFO  server.session (DefaultSessionIdManager.java:doStart(334)) - DefaultSessionIdManager workerName=node0
2021-07-03 01:52:48,637 [Listener at 127.0.0.1/11044] INFO  server.session (DefaultSessionIdManager.java:doStart(339)) - No SessionScavenger set, using defaults
2021-07-03 01:52:48,637 [Listener at 127.0.0.1/11044] INFO  server.session (HouseKeeper.java:startScavenging(132)) - node0 Scavenging every 600000ms
2021-07-03 01:52:48,638 [Listener at 127.0.0.1/11044] INFO  handler.ContextHandler (ContextHandler.java:doStart(916)) - Started o.e.j.s.ServletContextHandler@74d56a25{logs,/logs,file:///home/runner/work/ozone/ozone/mnt/ozone/hadoop-ozone/integration-test/target/log,AVAILABLE}
2021-07-03 01:52:48,639 [Listener at 127.0.0.1/11044] INFO  handler.ContextHandler (ContextHandler.java:doStart(916)) - Started o.e.j.s.ServletContextHandler@4ce6f39e{static,/static,jar:file:/home/runner/.m2/repository/org/apache/ozone/hdds-container-service/1.2.0-SNAPSHOT/hdds-container-service-1.2.0-SNAPSHOT.jar!/webapps/static,AVAILABLE}
2021-07-03 01:52:48,680 [Listener at 127.0.0.1/11044] INFO  handler.ContextHandler (ContextHandler.java:doStart(916)) - Started o.e.j.w.WebAppContext@5e1fd72a{hddsDatanode,/,file:///tmp/jetty-0_0_0_0-46519-hdds-container-service-1_2_0-SNAPSHOT_jar-_-any-7338754368177573227/webapp/,AVAILABLE}{jar:file:/home/runner/.m2/repository/org/apache/ozone/hdds-container-service/1.2.0-SNAPSHOT/hdds-container-service-1.2.0-SNAPSHOT.jar!/webapps/hddsDatanode}
2021-07-03 01:52:48,681 [Listener at 127.0.0.1/11044] INFO  server.AbstractConnector (AbstractConnector.java:doStart(331)) - Started ServerConnector@6f78d086{HTTP/1.1, (http/1.1)}{0.0.0.0:46519}
2021-07-03 01:52:48,681 [Listener at 127.0.0.1/11044] INFO  server.Server (Server.java:doStart(415)) - Started @77983ms
2021-07-03 01:52:48,681 [Listener at 127.0.0.1/11044] WARN  impl.MetricsSystemImpl (MetricsSystemImpl.java:register(279)) - Sink prometheus already exists!
2021-07-03 01:52:48,682 [Listener at 127.0.0.1/11044] INFO  http.BaseHttpServer (BaseHttpServer.java:updateConnectorAddress(329)) - HTTP server of hddsDatanode listening at http://0.0.0.0:46519
2021-07-03 01:52:48,683 [Listener at 127.0.0.1/11044] INFO  impl.MetricsSystemImpl (MetricsSystemImpl.java:init(158)) - HddsDatanode metrics system started (again)
2021-07-03 01:52:48,691 [Listener at 127.0.0.1/11044] INFO  ozone.HddsDatanodeService (HddsDatanodeService.java:start(221)) - HddsDatanodeService host:fv-az12-896.exdb2aeach2ezidoxz41lk3bwg.cx.internal.cloudapp.net ip:10.1.0.32
2021-07-03 01:52:48,702 [org.apache.hadoop.util.JvmPauseMonitor$Monitor@283302ac] INFO  util.JvmPauseMonitor (JvmPauseMonitor.java:run(188)) - Starting JVM pause monitor
2021-07-03 01:52:48,706 [Datanode State Machine Task Thread - 0] INFO  ha.SCMNodeInfo (SCMNodeInfo.java:getPort(197)) - ConfigKey ozone.scm.client.address is deprecated, For configuring different ports for each SCM use PortConfigKey ozone.scm.client.port appended with serviceId and nodeId
2021-07-03 01:52:48,706 [Datanode State Machine Task Thread - 0] INFO  ha.SCMNodeInfo (SCMNodeInfo.java:getPort(197)) - ConfigKey ozone.scm.block.client.address is deprecated, For configuring different ports for each SCM use PortConfigKey ozone.scm.block.client.port appended with serviceId and nodeId
2021-07-03 01:52:48,706 [Datanode State Machine Task Thread - 0] INFO  ha.SCMNodeInfo (SCMNodeInfo.java:getPort(197)) - ConfigKey ozone.scm.datanode.address is deprecated, For configuring different ports for each SCM use PortConfigKey ozone.scm.datanode.port appended with serviceId and nodeId
2021-07-03 01:52:48,706 [Datanode State Machine Task Thread - 0] INFO  ha.SCMNodeInfo (SCMNodeInfo.java:getPort(197)) - ConfigKey ozone.scm.client.address is deprecated, For configuring different ports for each SCM use PortConfigKey ozone.scm.client.port appended with serviceId and nodeId
2021-07-03 01:52:48,706 [Datanode State Machine Task Thread - 0] INFO  ha.SCMNodeInfo (SCMNodeInfo.java:getPort(197)) - ConfigKey ozone.scm.block.client.address is deprecated, For configuring different ports for each SCM use PortConfigKey ozone.scm.block.client.port appended with serviceId and nodeId
2021-07-03 01:52:48,706 [Datanode State Machine Task Thread - 0] INFO  ha.SCMNodeInfo (SCMNodeInfo.java:getPort(197)) - ConfigKey ozone.scm.datanode.address is deprecated, For configuring different ports for each SCM use PortConfigKey ozone.scm.datanode.port appended with serviceId and nodeId
2021-07-03 01:52:48,707 [Datanode State Machine Task Thread - 0] INFO  ha.SCMNodeInfo (SCMNodeInfo.java:getPort(197)) - ConfigKey ozone.scm.client.address is deprecated, For configuring different ports for each SCM use PortConfigKey ozone.scm.client.port appended with serviceId and nodeId
2021-07-03 01:52:48,707 [Datanode State Machine Task Thread - 0] INFO  ha.SCMNodeInfo (SCMNodeInfo.java:getPort(197)) - ConfigKey ozone.scm.block.client.address is deprecated, For configuring different ports for each SCM use PortConfigKey ozone.scm.block.client.port appended with serviceId and nodeId
2021-07-03 01:52:48,707 [Datanode State Machine Task Thread - 0] INFO  ha.SCMNodeInfo (SCMNodeInfo.java:getPort(197)) - ConfigKey ozone.scm.datanode.address is deprecated, For configuring different ports for each SCM use PortConfigKey ozone.scm.datanode.port appended with serviceId and nodeId
2021-07-03 01:52:48,708 [Datanode State Machine Task Thread - 0] INFO  datanode.InitDatanodeState (InitDatanodeState.java:persistContainerDatanodeDetails(145)) - DatanodeDetails is persisted to /home/runner/work/ozone/ozone/mnt/ozone/hadoop-ozone/integration-test/target/test-dir/MiniOzoneClusterImpl-6d7611b0-ac11-41e1-98f8-97ea473a16a6/datanode-0/meta/datanode.id
2021-07-03 01:52:48,720 [Listener at 127.0.0.1/11044] INFO  ha.SCMNodeInfo (SCMNodeInfo.java:getPort(197)) - ConfigKey ozone.scm.client.address is deprecated, For configuring different ports for each SCM use PortConfigKey ozone.scm.client.port appended with serviceId and nodeId
2021-07-03 01:52:48,720 [Listener at 127.0.0.1/11044] INFO  ha.SCMNodeInfo (SCMNodeInfo.java:getPort(197)) - ConfigKey ozone.scm.block.client.address is deprecated, For configuring different ports for each SCM use PortConfigKey ozone.scm.block.client.port appended with serviceId and nodeId
2021-07-03 01:52:48,720 [Listener at 127.0.0.1/11044] INFO  ha.SCMNodeInfo (SCMNodeInfo.java:getPort(197)) - ConfigKey ozone.scm.datanode.address is deprecated, For configuring different ports for each SCM use PortConfigKey ozone.scm.datanode.port appended with serviceId and nodeId
2021-07-03 01:52:48,721 [Listener at 127.0.0.1/11044] INFO  ha.SCMNodeInfo (SCMNodeInfo.java:getPort(197)) - ConfigKey ozone.scm.client.address is deprecated, For configuring different ports for each SCM use PortConfigKey ozone.scm.client.port appended with serviceId and nodeId
2021-07-03 01:52:48,721 [Listener at 127.0.0.1/11044] INFO  ha.SCMNodeInfo (SCMNodeInfo.java:getPort(197)) - ConfigKey ozone.scm.block.client.address is deprecated, For configuring different ports for each SCM use PortConfigKey ozone.scm.block.client.port appended with serviceId and nodeId
2021-07-03 01:52:48,721 [Listener at 127.0.0.1/11044] INFO  ha.SCMNodeInfo (SCMNodeInfo.java:getPort(197)) - ConfigKey ozone.scm.datanode.address is deprecated, For configuring different ports for each SCM use PortConfigKey ozone.scm.datanode.port appended with serviceId and nodeId
2021-07-03 01:52:48,721 [Listener at 127.0.0.1/11044] INFO  ha.SCMNodeInfo (SCMNodeInfo.java:getPort(197)) - ConfigKey ozone.scm.client.address is deprecated, For configuring different ports for each SCM use PortConfigKey ozone.scm.client.port appended with serviceId and nodeId
2021-07-03 01:52:48,722 [Listener at 127.0.0.1/11044] INFO  ha.SCMNodeInfo (SCMNodeInfo.java:getPort(197)) - ConfigKey ozone.scm.block.client.address is deprecated, For configuring different ports for each SCM use PortConfigKey ozone.scm.block.client.port appended with serviceId and nodeId
2021-07-03 01:52:48,722 [Listener at 127.0.0.1/11044] INFO  ha.SCMNodeInfo (SCMNodeInfo.java:getPort(197)) - ConfigKey ozone.scm.datanode.address is deprecated, For configuring different ports for each SCM use PortConfigKey ozone.scm.datanode.port appended with serviceId and nodeId
2021-07-03 01:52:48,727 [Listener at 127.0.0.1/11044] INFO  volume.HddsVolume (HddsVolume.java:<init>(119)) - Creating HddsVolume: /home/runner/work/ozone/ozone/mnt/ozone/hadoop-ozone/integration-test/target/test-dir/MiniOzoneClusterImpl-6d7611b0-ac11-41e1-98f8-97ea473a16a6/datanode-1/data-0/containers/hdds of storage type : DISK capacity : 9223372036854775807
2021-07-03 01:52:48,727 [Listener at 127.0.0.1/11044] INFO  volume.MutableVolumeSet (MutableVolumeSet.java:initializeVolumeSet(181)) - Added Volume : /home/runner/work/ozone/ozone/mnt/ozone/hadoop-ozone/integration-test/target/test-dir/MiniOzoneClusterImpl-6d7611b0-ac11-41e1-98f8-97ea473a16a6/datanode-1/data-0/containers/hdds to VolumeSet
2021-07-03 01:52:48,727 [Listener at 127.0.0.1/11044] INFO  volume.ThrottledAsyncChecker (ThrottledAsyncChecker.java:schedule(141)) - Scheduling a check for /home/runner/work/ozone/ozone/mnt/ozone/hadoop-ozone/integration-test/target/test-dir/MiniOzoneClusterImpl-6d7611b0-ac11-41e1-98f8-97ea473a16a6/datanode-1/data-0/containers/hdds
2021-07-03 01:52:48,728 [Listener at 127.0.0.1/11044] INFO  volume.StorageVolumeChecker (StorageVolumeChecker.java:checkAllVolumes(201)) - Scheduled health check for volume /home/runner/work/ozone/ozone/mnt/ozone/hadoop-ozone/integration-test/target/test-dir/MiniOzoneClusterImpl-6d7611b0-ac11-41e1-98f8-97ea473a16a6/datanode-1/data-0/containers/hdds
2021-07-03 01:52:48,740 [Listener at 127.0.0.1/11044] INFO  volume.MutableVolumeSet (MutableVolumeSet.java:initializeVolumeSet(181)) - Added Volume : /home/runner/work/ozone/ozone/mnt/ozone/hadoop-ozone/integration-test/target/test-dir/MiniOzoneClusterImpl-6d7611b0-ac11-41e1-98f8-97ea473a16a6/datanode-1/data/ratis to VolumeSet
2021-07-03 01:52:48,752 [Listener at 127.0.0.1/11044] INFO  ozoneimpl.ContainerReader (ContainerReader.java:<init>(98)) - Running in upgrade mode:true
2021-07-03 01:52:48,753 [Thread-1472] INFO  ozoneimpl.ContainerReader (ContainerReader.java:readVolume(142)) - Start to verify containers on volume /home/runner/work/ozone/ozone/mnt/ozone/hadoop-ozone/integration-test/target/test-dir/MiniOzoneClusterImpl-6d7611b0-ac11-41e1-98f8-97ea473a16a6/datanode-1/data-0/containers/hdds
2021-07-03 01:52:48,753 [Thread-1472] INFO  ozoneimpl.ContainerReader (ContainerReader.java:readVolume(174)) - Finish verifying containers on volume /home/runner/work/ozone/ozone/mnt/ozone/hadoop-ozone/integration-test/target/test-dir/MiniOzoneClusterImpl-6d7611b0-ac11-41e1-98f8-97ea473a16a6/datanode-1/data-0/containers/hdds
2021-07-03 01:52:48,753 [Listener at 127.0.0.1/11044] INFO  ozoneimpl.OzoneContainer (OzoneContainer.java:buildContainerSet(237)) - Build ContainerSet costs 0s
2021-07-03 01:52:48,755 [Listener at 127.0.0.1/11044] INFO  server.RaftServer (ConfUtils.java:logGet(44)) - raft.rpc.type = GRPC (default)
2021-07-03 01:52:48,755 [Listener at 127.0.0.1/11044] INFO  grpc.GrpcFactory (GrpcFactory.java:checkPooledByteBufAllocatorUseCacheForAllThreads(48)) - PERFORMANCE WARNING: useCacheForAllThreads is true that may cause Netty to create a lot garbage objects and, as a result, trigger GC.
	It is recommended to disable useCacheForAllThreads by setting -Dorg.apache.ratis.thirdparty.io.netty.allocator.useCacheForAllThreads=false in command line.
2021-07-03 01:52:48,756 [Listener at 127.0.0.1/11044] INFO  grpc.GrpcConfigKeys (ConfUtils.java:logGet(44)) - raft.grpc.admin.port = 0 (custom)
2021-07-03 01:52:48,756 [Listener at 127.0.0.1/11044] INFO  grpc.GrpcConfigKeys (ConfUtils.java:logGet(44)) - raft.grpc.client.port = 0 (custom)
2021-07-03 01:52:48,756 [Listener at 127.0.0.1/11044] INFO  grpc.GrpcConfigKeys (ConfUtils.java:logGet(44)) - raft.grpc.server.port = 0 (default)
2021-07-03 01:52:48,756 [Listener at 127.0.0.1/11044] INFO  server.GrpcService (ConfUtils.java:logGet(44)) - raft.grpc.message.size.max = 32MB (=33554432) (custom)
2021-07-03 01:52:48,756 [Listener at 127.0.0.1/11044] INFO  server.RaftServerConfigKeys (ConfUtils.java:logGet(44)) - raft.server.log.appender.buffer.byte-limit = 33554432 (custom)
2021-07-03 01:52:48,756 [Listener at 127.0.0.1/11044] INFO  server.GrpcService (ConfUtils.java:logGet(44)) - raft.grpc.flow.control.window = 5MB (=5242880) (custom)
2021-07-03 01:52:48,757 [Listener at 127.0.0.1/11044] INFO  server.RaftServerConfigKeys (ConfUtils.java:logGet(44)) - raft.server.rpc.request.timeout = 60s (custom)
2021-07-03 01:52:48,758 [Listener at 127.0.0.1/11044] INFO  impl.DataStreamServerImpl (ConfUtils.java:logGet(44)) - raft.datastream.type = DISABLED (default)
2021-07-03 01:52:48,758 [Listener at 127.0.0.1/11044] INFO  server.RaftServerConfigKeys (ConfUtils.java:logGet(44)) - raft.server.rpc.slowness.timeout = 300s (custom)
2021-07-03 01:52:48,758 [Listener at 127.0.0.1/11044] INFO  server.RaftServerConfigKeys (ConfUtils.java:logGet(44)) - raft.server.leaderelection.leader.step-down.wait-time = 10s (default)
2021-07-03 01:52:48,758 [Listener at 127.0.0.1/11044] INFO  server.RaftServerConfigKeys (ConfUtils.java:logGet(44)) - raft.server.storage.dir = [/home/runner/work/ozone/ozone/mnt/ozone/hadoop-ozone/integration-test/target/test-dir/MiniOzoneClusterImpl-6d7611b0-ac11-41e1-98f8-97ea473a16a6/datanode-1/data/ratis] (custom)
2021-07-03 01:52:48,761 [Listener at 127.0.0.1/11044] INFO  http.BaseHttpServer (BaseHttpServer.java:newHttpServer2BuilderForOzone(209)) - Starting Web-server for hddsDatanode at: http://0.0.0.0:0
2021-07-03 01:52:48,761 [Listener at 127.0.0.1/11044] INFO  http.BaseHttpServer (BaseHttpServer.java:<init>(107)) - Hadoop Security Enabled: false Ozone Security Enabled: false Ozone HTTP Security Enabled: false 
2021-07-03 01:52:48,762 [Listener at 127.0.0.1/11044] INFO  server.AuthenticationFilter (AuthenticationFilter.java:constructSecretProvider(240)) - Unable to initialize FileSignerSecretProvider, falling back to use random secrets.
2021-07-03 01:52:48,762 [Listener at 127.0.0.1/11044] WARN  http.HttpRequestLog (HttpRequestLog.java:getRequestLog(103)) - Jetty request log can only be enabled using Log4j
2021-07-03 01:52:48,763 [Listener at 127.0.0.1/11044] INFO  http.HttpServer2 (HttpServer2.java:addGlobalFilter(1020)) - Added global filter 'safety' (class=org.apache.hadoop.hdds.server.http.HttpServer2$QuotingInputFilter)
2021-07-03 01:52:48,764 [Listener at 127.0.0.1/11044] INFO  http.HttpServer2 (HttpServer2.java:addFilter(996)) - Added filter static_user_filter (class=org.apache.hadoop.http.lib.StaticUserWebFilter$StaticUserFilter) to context hddsDatanode
2021-07-03 01:52:48,764 [Listener at 127.0.0.1/11044] INFO  http.HttpServer2 (HttpServer2.java:addFilter(1004)) - Added filter static_user_filter (class=org.apache.hadoop.http.lib.StaticUserWebFilter$StaticUserFilter) to context logs
2021-07-03 01:52:48,764 [Listener at 127.0.0.1/11044] INFO  http.HttpServer2 (HttpServer2.java:addFilter(1004)) - Added filter static_user_filter (class=org.apache.hadoop.http.lib.StaticUserWebFilter$StaticUserFilter) to context static
2021-07-03 01:52:48,765 [Listener at 127.0.0.1/11044] INFO  http.HttpServer2 (HttpServer2.java:bindListener(1238)) - Jetty bound to port 43965
2021-07-03 01:52:48,765 [Listener at 127.0.0.1/11044] INFO  server.Server (Server.java:doStart(375)) - jetty-9.4.35.v20201120; built: 2020-11-20T21:17:03.964Z; git: bdc54f03a5e0a7e280fab27f55c3c75ee8da89fb; jvm 1.8.0_292-b10
2021-07-03 01:52:48,770 [Listener at 127.0.0.1/11044] INFO  server.session (DefaultSessionIdManager.java:doStart(334)) - DefaultSessionIdManager workerName=node0
2021-07-03 01:52:48,770 [Listener at 127.0.0.1/11044] INFO  server.session (DefaultSessionIdManager.java:doStart(339)) - No SessionScavenger set, using defaults
2021-07-03 01:52:48,771 [Listener at 127.0.0.1/11044] INFO  server.session (HouseKeeper.java:startScavenging(132)) - node0 Scavenging every 660000ms
2021-07-03 01:52:48,771 [Listener at 127.0.0.1/11044] INFO  handler.ContextHandler (ContextHandler.java:doStart(916)) - Started o.e.j.s.ServletContextHandler@417a5aab{logs,/logs,file:///home/runner/work/ozone/ozone/mnt/ozone/hadoop-ozone/integration-test/target/log,AVAILABLE}
2021-07-03 01:52:48,772 [Listener at 127.0.0.1/11044] INFO  handler.ContextHandler (ContextHandler.java:doStart(916)) - Started o.e.j.s.ServletContextHandler@6dad9f5e{static,/static,jar:file:/home/runner/.m2/repository/org/apache/ozone/hdds-container-service/1.2.0-SNAPSHOT/hdds-container-service-1.2.0-SNAPSHOT.jar!/webapps/static,AVAILABLE}
2021-07-03 01:52:48,821 [Listener at 127.0.0.1/11044] INFO  handler.ContextHandler (ContextHandler.java:doStart(916)) - Started o.e.j.w.WebAppContext@428c9250{hddsDatanode,/,file:///tmp/jetty-0_0_0_0-43965-hdds-container-service-1_2_0-SNAPSHOT_jar-_-any-4402042388031239046/webapp/,AVAILABLE}{jar:file:/home/runner/.m2/repository/org/apache/ozone/hdds-container-service/1.2.0-SNAPSHOT/hdds-container-service-1.2.0-SNAPSHOT.jar!/webapps/hddsDatanode}
2021-07-03 01:52:48,826 [Listener at 127.0.0.1/11044] INFO  server.AbstractConnector (AbstractConnector.java:doStart(331)) - Started ServerConnector@15a1911e{HTTP/1.1, (http/1.1)}{0.0.0.0:43965}
2021-07-03 01:52:48,827 [Listener at 127.0.0.1/11044] INFO  server.Server (Server.java:doStart(415)) - Started @78128ms
2021-07-03 01:52:48,827 [Listener at 127.0.0.1/11044] WARN  impl.MetricsSystemImpl (MetricsSystemImpl.java:register(279)) - Sink prometheus already exists!
2021-07-03 01:52:48,828 [Listener at 127.0.0.1/11044] INFO  http.BaseHttpServer (BaseHttpServer.java:updateConnectorAddress(329)) - HTTP server of hddsDatanode listening at http://0.0.0.0:43965
2021-07-03 01:52:48,828 [Listener at 127.0.0.1/11044] INFO  impl.MetricsSystemImpl (MetricsSystemImpl.java:init(158)) - HddsDatanode metrics system started (again)
2021-07-03 01:52:48,836 [Listener at 127.0.0.1/11044] INFO  ozone.HddsDatanodeService (HddsDatanodeService.java:start(221)) - HddsDatanodeService host:fv-az12-896.exdb2aeach2ezidoxz41lk3bwg.cx.internal.cloudapp.net ip:10.1.0.32
2021-07-03 01:52:48,840 [org.apache.hadoop.util.JvmPauseMonitor$Monitor@1d9cda2d] INFO  util.JvmPauseMonitor (JvmPauseMonitor.java:run(188)) - Starting JVM pause monitor
2021-07-03 01:52:48,840 [Datanode State Machine Task Thread - 0] INFO  ha.SCMNodeInfo (SCMNodeInfo.java:getPort(197)) - ConfigKey ozone.scm.client.address is deprecated, For configuring different ports for each SCM use PortConfigKey ozone.scm.client.port appended with serviceId and nodeId
2021-07-03 01:52:48,841 [Datanode State Machine Task Thread - 0] INFO  ha.SCMNodeInfo (SCMNodeInfo.java:getPort(197)) - ConfigKey ozone.scm.block.client.address is deprecated, For configuring different ports for each SCM use PortConfigKey ozone.scm.block.client.port appended with serviceId and nodeId
2021-07-03 01:52:48,841 [Datanode State Machine Task Thread - 0] INFO  ha.SCMNodeInfo (SCMNodeInfo.java:getPort(197)) - ConfigKey ozone.scm.datanode.address is deprecated, For configuring different ports for each SCM use PortConfigKey ozone.scm.datanode.port appended with serviceId and nodeId
2021-07-03 01:52:48,841 [Datanode State Machine Task Thread - 0] INFO  ha.SCMNodeInfo (SCMNodeInfo.java:getPort(197)) - ConfigKey ozone.scm.client.address is deprecated, For configuring different ports for each SCM use PortConfigKey ozone.scm.client.port appended with serviceId and nodeId
2021-07-03 01:52:48,841 [Datanode State Machine Task Thread - 0] INFO  ha.SCMNodeInfo (SCMNodeInfo.java:getPort(197)) - ConfigKey ozone.scm.block.client.address is deprecated, For configuring different ports for each SCM use PortConfigKey ozone.scm.block.client.port appended with serviceId and nodeId
2021-07-03 01:52:48,841 [Datanode State Machine Task Thread - 0] INFO  ha.SCMNodeInfo (SCMNodeInfo.java:getPort(197)) - ConfigKey ozone.scm.datanode.address is deprecated, For configuring different ports for each SCM use PortConfigKey ozone.scm.datanode.port appended with serviceId and nodeId
2021-07-03 01:52:48,841 [Datanode State Machine Task Thread - 0] INFO  ha.SCMNodeInfo (SCMNodeInfo.java:getPort(197)) - ConfigKey ozone.scm.client.address is deprecated, For configuring different ports for each SCM use PortConfigKey ozone.scm.client.port appended with serviceId and nodeId
2021-07-03 01:52:48,841 [Datanode State Machine Task Thread - 0] INFO  ha.SCMNodeInfo (SCMNodeInfo.java:getPort(197)) - ConfigKey ozone.scm.block.client.address is deprecated, For configuring different ports for each SCM use PortConfigKey ozone.scm.block.client.port appended with serviceId and nodeId
2021-07-03 01:52:48,841 [Datanode State Machine Task Thread - 0] INFO  ha.SCMNodeInfo (SCMNodeInfo.java:getPort(197)) - ConfigKey ozone.scm.datanode.address is deprecated, For configuring different ports for each SCM use PortConfigKey ozone.scm.datanode.port appended with serviceId and nodeId
2021-07-03 01:52:48,843 [Datanode State Machine Task Thread - 0] INFO  datanode.InitDatanodeState (InitDatanodeState.java:persistContainerDatanodeDetails(145)) - DatanodeDetails is persisted to /home/runner/work/ozone/ozone/mnt/ozone/hadoop-ozone/integration-test/target/test-dir/MiniOzoneClusterImpl-6d7611b0-ac11-41e1-98f8-97ea473a16a6/datanode-1/meta/datanode.id
2021-07-03 01:52:48,865 [Listener at 127.0.0.1/11044] INFO  ha.SCMNodeInfo (SCMNodeInfo.java:getPort(197)) - ConfigKey ozone.scm.client.address is deprecated, For configuring different ports for each SCM use PortConfigKey ozone.scm.client.port appended with serviceId and nodeId
2021-07-03 01:52:48,865 [Listener at 127.0.0.1/11044] INFO  ha.SCMNodeInfo (SCMNodeInfo.java:getPort(197)) - ConfigKey ozone.scm.block.client.address is deprecated, For configuring different ports for each SCM use PortConfigKey ozone.scm.block.client.port appended with serviceId and nodeId
2021-07-03 01:52:48,866 [Listener at 127.0.0.1/11044] INFO  ha.SCMNodeInfo (SCMNodeInfo.java:getPort(197)) - ConfigKey ozone.scm.datanode.address is deprecated, For configuring different ports for each SCM use PortConfigKey ozone.scm.datanode.port appended with serviceId and nodeId
2021-07-03 01:52:48,866 [Listener at 127.0.0.1/11044] INFO  ha.SCMNodeInfo (SCMNodeInfo.java:getPort(197)) - ConfigKey ozone.scm.client.address is deprecated, For configuring different ports for each SCM use PortConfigKey ozone.scm.client.port appended with serviceId and nodeId
2021-07-03 01:52:48,866 [Listener at 127.0.0.1/11044] INFO  ha.SCMNodeInfo (SCMNodeInfo.java:getPort(197)) - ConfigKey ozone.scm.block.client.address is deprecated, For configuring different ports for each SCM use PortConfigKey ozone.scm.block.client.port appended with serviceId and nodeId
2021-07-03 01:52:48,866 [Listener at 127.0.0.1/11044] INFO  ha.SCMNodeInfo (SCMNodeInfo.java:getPort(197)) - ConfigKey ozone.scm.datanode.address is deprecated, For configuring different ports for each SCM use PortConfigKey ozone.scm.datanode.port appended with serviceId and nodeId
2021-07-03 01:52:48,866 [Listener at 127.0.0.1/11044] INFO  ha.SCMNodeInfo (SCMNodeInfo.java:getPort(197)) - ConfigKey ozone.scm.client.address is deprecated, For configuring different ports for each SCM use PortConfigKey ozone.scm.client.port appended with serviceId and nodeId
2021-07-03 01:52:48,866 [Listener at 127.0.0.1/11044] INFO  ha.SCMNodeInfo (SCMNodeInfo.java:getPort(197)) - ConfigKey ozone.scm.block.client.address is deprecated, For configuring different ports for each SCM use PortConfigKey ozone.scm.block.client.port appended with serviceId and nodeId
2021-07-03 01:52:48,866 [Listener at 127.0.0.1/11044] INFO  ha.SCMNodeInfo (SCMNodeInfo.java:getPort(197)) - ConfigKey ozone.scm.datanode.address is deprecated, For configuring different ports for each SCM use PortConfigKey ozone.scm.datanode.port appended with serviceId and nodeId
2021-07-03 01:52:48,870 [Listener at 127.0.0.1/11044] INFO  volume.HddsVolume (HddsVolume.java:<init>(119)) - Creating HddsVolume: /home/runner/work/ozone/ozone/mnt/ozone/hadoop-ozone/integration-test/target/test-dir/MiniOzoneClusterImpl-6d7611b0-ac11-41e1-98f8-97ea473a16a6/datanode-2/data-0/containers/hdds of storage type : DISK capacity : 9223372036854775807
2021-07-03 01:52:48,871 [Listener at 127.0.0.1/11044] INFO  volume.MutableVolumeSet (MutableVolumeSet.java:initializeVolumeSet(181)) - Added Volume : /home/runner/work/ozone/ozone/mnt/ozone/hadoop-ozone/integration-test/target/test-dir/MiniOzoneClusterImpl-6d7611b0-ac11-41e1-98f8-97ea473a16a6/datanode-2/data-0/containers/hdds to VolumeSet
2021-07-03 01:52:48,871 [Listener at 127.0.0.1/11044] INFO  volume.ThrottledAsyncChecker (ThrottledAsyncChecker.java:schedule(141)) - Scheduling a check for /home/runner/work/ozone/ozone/mnt/ozone/hadoop-ozone/integration-test/target/test-dir/MiniOzoneClusterImpl-6d7611b0-ac11-41e1-98f8-97ea473a16a6/datanode-2/data-0/containers/hdds
2021-07-03 01:52:48,873 [Listener at 127.0.0.1/11044] INFO  volume.StorageVolumeChecker (StorageVolumeChecker.java:checkAllVolumes(201)) - Scheduled health check for volume /home/runner/work/ozone/ozone/mnt/ozone/hadoop-ozone/integration-test/target/test-dir/MiniOzoneClusterImpl-6d7611b0-ac11-41e1-98f8-97ea473a16a6/datanode-2/data-0/containers/hdds
2021-07-03 01:52:48,886 [Listener at 127.0.0.1/11044] INFO  volume.MutableVolumeSet (MutableVolumeSet.java:initializeVolumeSet(181)) - Added Volume : /home/runner/work/ozone/ozone/mnt/ozone/hadoop-ozone/integration-test/target/test-dir/MiniOzoneClusterImpl-6d7611b0-ac11-41e1-98f8-97ea473a16a6/datanode-2/data/ratis to VolumeSet
2021-07-03 01:52:48,897 [Listener at 127.0.0.1/11044] INFO  ozoneimpl.ContainerReader (ContainerReader.java:<init>(98)) - Running in upgrade mode:true
2021-07-03 01:52:48,898 [Thread-1483] INFO  ozoneimpl.ContainerReader (ContainerReader.java:readVolume(142)) - Start to verify containers on volume /home/runner/work/ozone/ozone/mnt/ozone/hadoop-ozone/integration-test/target/test-dir/MiniOzoneClusterImpl-6d7611b0-ac11-41e1-98f8-97ea473a16a6/datanode-2/data-0/containers/hdds
2021-07-03 01:52:48,898 [Thread-1483] INFO  ozoneimpl.ContainerReader (ContainerReader.java:readVolume(174)) - Finish verifying containers on volume /home/runner/work/ozone/ozone/mnt/ozone/hadoop-ozone/integration-test/target/test-dir/MiniOzoneClusterImpl-6d7611b0-ac11-41e1-98f8-97ea473a16a6/datanode-2/data-0/containers/hdds
2021-07-03 01:52:48,898 [Listener at 127.0.0.1/11044] INFO  ozoneimpl.OzoneContainer (OzoneContainer.java:buildContainerSet(237)) - Build ContainerSet costs 0s
2021-07-03 01:52:48,901 [Listener at 127.0.0.1/11044] INFO  server.RaftServer (ConfUtils.java:logGet(44)) - raft.rpc.type = GRPC (default)
2021-07-03 01:52:48,901 [Listener at 127.0.0.1/11044] INFO  grpc.GrpcFactory (GrpcFactory.java:checkPooledByteBufAllocatorUseCacheForAllThreads(48)) - PERFORMANCE WARNING: useCacheForAllThreads is true that may cause Netty to create a lot garbage objects and, as a result, trigger GC.
	It is recommended to disable useCacheForAllThreads by setting -Dorg.apache.ratis.thirdparty.io.netty.allocator.useCacheForAllThreads=false in command line.
2021-07-03 01:52:48,901 [Listener at 127.0.0.1/11044] INFO  grpc.GrpcConfigKeys (ConfUtils.java:logGet(44)) - raft.grpc.admin.port = 0 (custom)
2021-07-03 01:52:48,901 [Listener at 127.0.0.1/11044] INFO  grpc.GrpcConfigKeys (ConfUtils.java:logGet(44)) - raft.grpc.client.port = 0 (custom)
2021-07-03 01:52:48,901 [Listener at 127.0.0.1/11044] INFO  grpc.GrpcConfigKeys (ConfUtils.java:logGet(44)) - raft.grpc.server.port = 0 (default)
2021-07-03 01:52:48,901 [Listener at 127.0.0.1/11044] INFO  server.GrpcService (ConfUtils.java:logGet(44)) - raft.grpc.message.size.max = 32MB (=33554432) (custom)
2021-07-03 01:52:48,902 [Listener at 127.0.0.1/11044] INFO  server.RaftServerConfigKeys (ConfUtils.java:logGet(44)) - raft.server.log.appender.buffer.byte-limit = 33554432 (custom)
2021-07-03 01:52:48,902 [Listener at 127.0.0.1/11044] INFO  server.GrpcService (ConfUtils.java:logGet(44)) - raft.grpc.flow.control.window = 5MB (=5242880) (custom)
2021-07-03 01:52:48,902 [Listener at 127.0.0.1/11044] INFO  server.RaftServerConfigKeys (ConfUtils.java:logGet(44)) - raft.server.rpc.request.timeout = 60s (custom)
2021-07-03 01:52:48,903 [Listener at 127.0.0.1/11044] INFO  impl.DataStreamServerImpl (ConfUtils.java:logGet(44)) - raft.datastream.type = DISABLED (default)
2021-07-03 01:52:48,903 [Listener at 127.0.0.1/11044] INFO  server.RaftServerConfigKeys (ConfUtils.java:logGet(44)) - raft.server.rpc.slowness.timeout = 300s (custom)
2021-07-03 01:52:48,904 [Listener at 127.0.0.1/11044] INFO  server.RaftServerConfigKeys (ConfUtils.java:logGet(44)) - raft.server.leaderelection.leader.step-down.wait-time = 10s (default)
2021-07-03 01:52:48,904 [Listener at 127.0.0.1/11044] INFO  server.RaftServerConfigKeys (ConfUtils.java:logGet(44)) - raft.server.storage.dir = [/home/runner/work/ozone/ozone/mnt/ozone/hadoop-ozone/integration-test/target/test-dir/MiniOzoneClusterImpl-6d7611b0-ac11-41e1-98f8-97ea473a16a6/datanode-2/data/ratis] (custom)
2021-07-03 01:52:48,907 [Listener at 127.0.0.1/11044] INFO  http.BaseHttpServer (BaseHttpServer.java:newHttpServer2BuilderForOzone(209)) - Starting Web-server for hddsDatanode at: http://0.0.0.0:0
2021-07-03 01:52:48,907 [Listener at 127.0.0.1/11044] INFO  http.BaseHttpServer (BaseHttpServer.java:<init>(107)) - Hadoop Security Enabled: false Ozone Security Enabled: false Ozone HTTP Security Enabled: false 
2021-07-03 01:52:48,908 [Listener at 127.0.0.1/11044] INFO  server.AuthenticationFilter (AuthenticationFilter.java:constructSecretProvider(240)) - Unable to initialize FileSignerSecretProvider, falling back to use random secrets.
2021-07-03 01:52:48,910 [Listener at 127.0.0.1/11044] WARN  http.HttpRequestLog (HttpRequestLog.java:getRequestLog(103)) - Jetty request log can only be enabled using Log4j
2021-07-03 01:52:48,910 [Listener at 127.0.0.1/11044] INFO  http.HttpServer2 (HttpServer2.java:addGlobalFilter(1020)) - Added global filter 'safety' (class=org.apache.hadoop.hdds.server.http.HttpServer2$QuotingInputFilter)
2021-07-03 01:52:48,914 [Listener at 127.0.0.1/11044] INFO  http.HttpServer2 (HttpServer2.java:addFilter(996)) - Added filter static_user_filter (class=org.apache.hadoop.http.lib.StaticUserWebFilter$StaticUserFilter) to context hddsDatanode
2021-07-03 01:52:48,914 [Listener at 127.0.0.1/11044] INFO  http.HttpServer2 (HttpServer2.java:addFilter(1004)) - Added filter static_user_filter (class=org.apache.hadoop.http.lib.StaticUserWebFilter$StaticUserFilter) to context logs
2021-07-03 01:52:48,914 [Listener at 127.0.0.1/11044] INFO  http.HttpServer2 (HttpServer2.java:addFilter(1004)) - Added filter static_user_filter (class=org.apache.hadoop.http.lib.StaticUserWebFilter$StaticUserFilter) to context static
2021-07-03 01:52:48,915 [Listener at 127.0.0.1/11044] INFO  http.HttpServer2 (HttpServer2.java:bindListener(1238)) - Jetty bound to port 46625
2021-07-03 01:52:48,915 [Listener at 127.0.0.1/11044] INFO  server.Server (Server.java:doStart(375)) - jetty-9.4.35.v20201120; built: 2020-11-20T21:17:03.964Z; git: bdc54f03a5e0a7e280fab27f55c3c75ee8da89fb; jvm 1.8.0_292-b10
2021-07-03 01:52:48,919 [Listener at 127.0.0.1/11044] INFO  server.session (DefaultSessionIdManager.java:doStart(334)) - DefaultSessionIdManager workerName=node0
2021-07-03 01:52:48,919 [Listener at 127.0.0.1/11044] INFO  server.session (DefaultSessionIdManager.java:doStart(339)) - No SessionScavenger set, using defaults
2021-07-03 01:52:48,919 [Listener at 127.0.0.1/11044] INFO  server.session (HouseKeeper.java:startScavenging(132)) - node0 Scavenging every 600000ms
2021-07-03 01:52:48,920 [Listener at 127.0.0.1/11044] INFO  handler.ContextHandler (ContextHandler.java:doStart(916)) - Started o.e.j.s.ServletContextHandler@2e3b7b0b{logs,/logs,file:///home/runner/work/ozone/ozone/mnt/ozone/hadoop-ozone/integration-test/target/log,AVAILABLE}
2021-07-03 01:52:48,921 [Listener at 127.0.0.1/11044] INFO  handler.ContextHandler (ContextHandler.java:doStart(916)) - Started o.e.j.s.ServletContextHandler@33650678{static,/static,jar:file:/home/runner/.m2/repository/org/apache/ozone/hdds-container-service/1.2.0-SNAPSHOT/hdds-container-service-1.2.0-SNAPSHOT.jar!/webapps/static,AVAILABLE}
2021-07-03 01:52:48,960 [Listener at 127.0.0.1/11044] INFO  handler.ContextHandler (ContextHandler.java:doStart(916)) - Started o.e.j.w.WebAppContext@76aef382{hddsDatanode,/,file:///tmp/jetty-0_0_0_0-46625-hdds-container-service-1_2_0-SNAPSHOT_jar-_-any-9112080119011373622/webapp/,AVAILABLE}{jar:file:/home/runner/.m2/repository/org/apache/ozone/hdds-container-service/1.2.0-SNAPSHOT/hdds-container-service-1.2.0-SNAPSHOT.jar!/webapps/hddsDatanode}
2021-07-03 01:52:48,963 [Listener at 127.0.0.1/11044] INFO  server.AbstractConnector (AbstractConnector.java:doStart(331)) - Started ServerConnector@10aa4210{HTTP/1.1, (http/1.1)}{0.0.0.0:46625}
2021-07-03 01:52:48,963 [Listener at 127.0.0.1/11044] INFO  server.Server (Server.java:doStart(415)) - Started @78264ms
2021-07-03 01:52:48,963 [Listener at 127.0.0.1/11044] WARN  impl.MetricsSystemImpl (MetricsSystemImpl.java:register(279)) - Sink prometheus already exists!
2021-07-03 01:52:48,964 [Listener at 127.0.0.1/11044] INFO  http.BaseHttpServer (BaseHttpServer.java:updateConnectorAddress(329)) - HTTP server of hddsDatanode listening at http://0.0.0.0:46625
2021-07-03 01:52:48,965 [Listener at 127.0.0.1/11044] INFO  ozone.MiniOzoneClusterImpl (MiniOzoneClusterImpl.java:lambda$waitForClusterToBeReady$0(227)) - Waiting for nodes to be ready. Got 0 of 3 DN Heartbeats.
2021-07-03 01:52:48,965 [Listener at 127.0.0.1/11044] INFO  ozone.MiniOzoneClusterImpl (MiniOzoneClusterImpl.java:lambda$waitForClusterToBeReady$0(230)) - Waiting for cluster to exit safe mode
2021-07-03 01:52:48,965 [Listener at 127.0.0.1/11044] INFO  ozone.MiniOzoneClusterImpl (MiniOzoneClusterImpl.java:lambda$waitForClusterToBeReady$0(232)) - SCM became leader
2021-07-03 01:52:48,970 [org.apache.hadoop.util.JvmPauseMonitor$Monitor@7fae96f] INFO  util.JvmPauseMonitor (JvmPauseMonitor.java:run(188)) - Starting JVM pause monitor
2021-07-03 01:52:48,970 [Datanode State Machine Task Thread - 0] INFO  ha.SCMNodeInfo (SCMNodeInfo.java:getPort(197)) - ConfigKey ozone.scm.client.address is deprecated, For configuring different ports for each SCM use PortConfigKey ozone.scm.client.port appended with serviceId and nodeId
2021-07-03 01:52:48,970 [Datanode State Machine Task Thread - 0] INFO  ha.SCMNodeInfo (SCMNodeInfo.java:getPort(197)) - ConfigKey ozone.scm.block.client.address is deprecated, For configuring different ports for each SCM use PortConfigKey ozone.scm.block.client.port appended with serviceId and nodeId
2021-07-03 01:52:48,970 [Datanode State Machine Task Thread - 0] INFO  ha.SCMNodeInfo (SCMNodeInfo.java:getPort(197)) - ConfigKey ozone.scm.datanode.address is deprecated, For configuring different ports for each SCM use PortConfigKey ozone.scm.datanode.port appended with serviceId and nodeId
2021-07-03 01:52:48,970 [Datanode State Machine Task Thread - 0] INFO  ha.SCMNodeInfo (SCMNodeInfo.java:getPort(197)) - ConfigKey ozone.scm.client.address is deprecated, For configuring different ports for each SCM use PortConfigKey ozone.scm.client.port appended with serviceId and nodeId
2021-07-03 01:52:48,971 [Datanode State Machine Task Thread - 0] INFO  ha.SCMNodeInfo (SCMNodeInfo.java:getPort(197)) - ConfigKey ozone.scm.block.client.address is deprecated, For configuring different ports for each SCM use PortConfigKey ozone.scm.block.client.port appended with serviceId and nodeId
2021-07-03 01:52:48,971 [Datanode State Machine Task Thread - 0] INFO  ha.SCMNodeInfo (SCMNodeInfo.java:getPort(197)) - ConfigKey ozone.scm.datanode.address is deprecated, For configuring different ports for each SCM use PortConfigKey ozone.scm.datanode.port appended with serviceId and nodeId
2021-07-03 01:52:48,971 [Datanode State Machine Task Thread - 0] INFO  ha.SCMNodeInfo (SCMNodeInfo.java:getPort(197)) - ConfigKey ozone.scm.client.address is deprecated, For configuring different ports for each SCM use PortConfigKey ozone.scm.client.port appended with serviceId and nodeId
2021-07-03 01:52:48,971 [Datanode State Machine Task Thread - 0] INFO  ha.SCMNodeInfo (SCMNodeInfo.java:getPort(197)) - ConfigKey ozone.scm.block.client.address is deprecated, For configuring different ports for each SCM use PortConfigKey ozone.scm.block.client.port appended with serviceId and nodeId
2021-07-03 01:52:48,971 [Datanode State Machine Task Thread - 0] INFO  ha.SCMNodeInfo (SCMNodeInfo.java:getPort(197)) - ConfigKey ozone.scm.datanode.address is deprecated, For configuring different ports for each SCM use PortConfigKey ozone.scm.datanode.port appended with serviceId and nodeId
2021-07-03 01:52:48,973 [Datanode State Machine Task Thread - 0] INFO  datanode.InitDatanodeState (InitDatanodeState.java:persistContainerDatanodeDetails(145)) - DatanodeDetails is persisted to /home/runner/work/ozone/ozone/mnt/ozone/hadoop-ozone/integration-test/target/test-dir/MiniOzoneClusterImpl-6d7611b0-ac11-41e1-98f8-97ea473a16a6/datanode-2/meta/datanode.id
2021-07-03 01:52:49,520 [EndpointStateMachine task thread for /127.0.0.1:13925 - 0 ] INFO  ipc.Client (Client.java:handleConnectionFailure(966)) - Retrying connect to server: localhost/127.0.0.1:13925. Already tried 10 time(s); retry policy is RetryUpToMaximumCountWithFixedSleep(maxRetries=15, sleepTime=1000 MILLISECONDS)
2021-07-03 01:52:49,520 [EndpointStateMachine task thread for /127.0.0.1:13945 - 0 ] INFO  ipc.Client (Client.java:handleConnectionFailure(966)) - Retrying connect to server: localhost/127.0.0.1:13945. Already tried 7 time(s); retry policy is RetryUpToMaximumCountWithFixedSleep(maxRetries=15, sleepTime=1000 MILLISECONDS)
2021-07-03 01:52:49,520 [EndpointStateMachine task thread for /127.0.0.1:13935 - 0 ] INFO  ipc.Client (Client.java:handleConnectionFailure(966)) - Retrying connect to server: localhost/127.0.0.1:13935. Already tried 8 time(s); retry policy is RetryUpToMaximumCountWithFixedSleep(maxRetries=15, sleepTime=1000 MILLISECONDS)
2021-07-03 01:52:49,663 [omNode-1@group-523986131536-FollowerState] INFO  impl.FollowerState (FollowerState.java:run(134)) - omNode-1@group-523986131536-FollowerState: change to CANDIDATE, lastRpcElapsedTime:1140482561ns, electionTimeout:1140ms
2021-07-03 01:52:49,664 [omNode-1@group-523986131536-FollowerState] INFO  impl.RoleInfo (RoleInfo.java:shutdownFollowerState(108)) - omNode-1: shutdown omNode-1@group-523986131536-FollowerState
2021-07-03 01:52:49,664 [omNode-1@group-523986131536-FollowerState] INFO  server.RaftServer$Division (RaftServerImpl.java:setRole(284)) - omNode-1@group-523986131536: changes role from  FOLLOWER to CANDIDATE at term 0 for changeToCandidate
2021-07-03 01:52:49,664 [omNode-1@group-523986131536-FollowerState] INFO  server.RaftServerConfigKeys (ConfUtils.java:logGet(44)) - raft.server.leaderelection.pre-vote = false (custom)
2021-07-03 01:52:49,664 [omNode-1@group-523986131536-FollowerState] INFO  impl.RoleInfo (RoleInfo.java:updateAndGet(130)) - omNode-1: start omNode-1@group-523986131536-LeaderElection18
2021-07-03 01:52:49,667 [omNode-1@group-523986131536-LeaderElection18] INFO  impl.LeaderElection (LeaderElection.java:askForVotes(306)) - omNode-1@group-523986131536-LeaderElection18 ELECTION round 0: submit vote requests at term 1 for -1: [omNode-1|rpc:localhost:11048|priority:0], old=null
2021-07-03 01:52:49,667 [omNode-1@group-523986131536-LeaderElection18] INFO  impl.LeaderElection (LeaderElection.java:askForVotes(308)) - omNode-1@group-523986131536-LeaderElection18 ELECTION round 0: result PASSED (term=1)
2021-07-03 01:52:49,668 [omNode-1@group-523986131536-LeaderElection18] INFO  impl.RoleInfo (RoleInfo.java:shutdownLeaderElection(121)) - omNode-1: shutdown omNode-1@group-523986131536-LeaderElection18
2021-07-03 01:52:49,668 [omNode-1@group-523986131536-LeaderElection18] INFO  server.RaftServer$Division (RaftServerImpl.java:setRole(284)) - omNode-1@group-523986131536: changes role from CANDIDATE to LEADER at term 1 for changeToLeader
2021-07-03 01:52:49,668 [omNode-1@group-523986131536-LeaderElection18] INFO  server.RaftServer$Division (ServerState.java:setLeader(271)) - omNode-1@group-523986131536: change Leader from null to omNode-1 at term 1 for becomeLeader, leader elected after 1160ms
2021-07-03 01:52:49,668 [omNode-1@group-523986131536-LeaderElection18] INFO  server.RaftServerConfigKeys (ConfUtils.java:logGet(44)) - raft.server.staging.catchup.gap = 1000 (default)
2021-07-03 01:52:49,668 [omNode-1@group-523986131536-LeaderElection18] INFO  metrics.RatisMetrics (RatisMetrics.java:lambda$create$0(36)) - Creating Metrics Registry : ratis.log_appender.omNode-1@group-523986131536
2021-07-03 01:52:49,668 [omNode-1@group-523986131536-LeaderElection18] INFO  server.RaftServerConfigKeys (ConfUtils.java:logGet(44)) - raft.server.write.element-limit = 4096 (default)
2021-07-03 01:52:49,668 [omNode-1@group-523986131536-LeaderElection18] INFO  server.RaftServerConfigKeys (ConfUtils.java:logGet(44)) - raft.server.write.byte-limit = 64MB (=67108864) (default)
2021-07-03 01:52:49,669 [omNode-1@group-523986131536-LeaderElection18] INFO  server.RaftServerConfigKeys (ConfUtils.java:logGet(44)) - raft.server.watch.timeout = 10s (default)
2021-07-03 01:52:49,669 [omNode-1@group-523986131536-LeaderElection18] INFO  server.RaftServerConfigKeys (ConfUtils.java:logGet(44)) - raft.server.watch.timeout.denomination = 1s (default)
2021-07-03 01:52:49,669 [omNode-1@group-523986131536-LeaderElection18] INFO  server.RaftServerConfigKeys (ConfUtils.java:logGet(44)) - raft.server.watch.element-limit = 65536 (default)
2021-07-03 01:52:49,669 [omNode-1@group-523986131536-LeaderElection18] INFO  impl.RoleInfo (RoleInfo.java:updateAndGet(130)) - omNode-1: start omNode-1@group-523986131536-LeaderStateImpl
2021-07-03 01:52:49,669 [omNode-1@group-523986131536-LeaderElection18] INFO  segmented.SegmentedRaftLogWorker (SegmentedRaftLogWorker.java:startLogSegment(394)) - omNode-1@group-523986131536-SegmentedRaftLogWorker: Starting segment from index:0
2021-07-03 01:52:49,675 [omNode-1@group-523986131536-SegmentedRaftLogWorker] INFO  segmented.SegmentedRaftLogWorker (SegmentedRaftLogWorker.java:execute(601)) - omNode-1@group-523986131536-SegmentedRaftLogWorker: created new log segment /home/runner/work/ozone/ozone/mnt/ozone/hadoop-ozone/integration-test/target/test-dir/MiniOzoneClusterImpl-6d7611b0-ac11-41e1-98f8-97ea473a16a6/omNode-1/ratis/c9bc4cf4-3bc3-3c60-a66b-523986131536/current/log_inprogress_0
2021-07-03 01:52:49,689 [omNode-1@group-523986131536-LeaderElection18] INFO  server.RaftServer$Division (ServerState.java:setRaftConf(373)) - omNode-1@group-523986131536: set configuration 0: [omNode-1|rpc:localhost:11048|admin:|client:|dataStream:|priority:0], old=null
2021-07-03 01:52:49,965 [Listener at 127.0.0.1/11044] INFO  ozone.MiniOzoneClusterImpl (MiniOzoneClusterImpl.java:lambda$waitForClusterToBeReady$0(227)) - Waiting for nodes to be ready. Got 0 of 3 DN Heartbeats.
2021-07-03 01:52:49,966 [Listener at 127.0.0.1/11044] INFO  ozone.MiniOzoneClusterImpl (MiniOzoneClusterImpl.java:lambda$waitForClusterToBeReady$0(230)) - Waiting for cluster to exit safe mode
2021-07-03 01:52:49,966 [Listener at 127.0.0.1/11044] INFO  ozone.MiniOzoneClusterImpl (MiniOzoneClusterImpl.java:lambda$waitForClusterToBeReady$0(232)) - SCM became leader
2021-07-03 01:52:50,521 [EndpointStateMachine task thread for /127.0.0.1:13925 - 0 ] INFO  ipc.Client (Client.java:handleConnectionFailure(966)) - Retrying connect to server: localhost/127.0.0.1:13925. Already tried 11 time(s); retry policy is RetryUpToMaximumCountWithFixedSleep(maxRetries=15, sleepTime=1000 MILLISECONDS)
2021-07-03 01:52:50,521 [EndpointStateMachine task thread for /127.0.0.1:13935 - 0 ] INFO  ipc.Client (Client.java:handleConnectionFailure(966)) - Retrying connect to server: localhost/127.0.0.1:13935. Already tried 9 time(s); retry policy is RetryUpToMaximumCountWithFixedSleep(maxRetries=15, sleepTime=1000 MILLISECONDS)
2021-07-03 01:52:50,522 [EndpointStateMachine task thread for /127.0.0.1:13945 - 0 ] INFO  ipc.Client (Client.java:handleConnectionFailure(966)) - Retrying connect to server: localhost/127.0.0.1:13945. Already tried 8 time(s); retry policy is RetryUpToMaximumCountWithFixedSleep(maxRetries=15, sleepTime=1000 MILLISECONDS)
2021-07-03 01:52:50,715 [EndpointStateMachine task thread for /127.0.0.1:14497 - 0 ] INFO  ozoneimpl.OzoneContainer (OzoneContainer.java:start(305)) - Attempting to start container services.
2021-07-03 01:52:50,715 [EndpointStateMachine task thread for /127.0.0.1:14497 - 0 ] INFO  ozoneimpl.OzoneContainer (OzoneContainer.java:startContainerScrub(250)) - Background container scanner has been disabled.
2021-07-03 01:52:50,716 [EndpointStateMachine task thread for /127.0.0.1:14497 - 0 ] INFO  replication.ReplicationServer (ReplicationServer.java:start(106)) - ReplicationServer is started using port 45207
2021-07-03 01:52:50,716 [EndpointStateMachine task thread for /127.0.0.1:14497 - 0 ] INFO  ratis.XceiverServerRatis (XceiverServerRatis.java:start(478)) - Starting XceiverServerRatis 48a93f24-2ce5-44e8-b9e2-5628d9c2ac97
2021-07-03 01:52:50,717 [EndpointStateMachine task thread for /127.0.0.1:14497 - 0 ] INFO  server.RaftServer (RaftServerProxy.java:lambda$start$5(374)) - 48a93f24-2ce5-44e8-b9e2-5628d9c2ac97: start RPC server
2021-07-03 01:52:50,718 [EndpointStateMachine task thread for /127.0.0.1:14497 - 0 ] INFO  server.GrpcService (GrpcService.java:startImpl(253)) - 48a93f24-2ce5-44e8-b9e2-5628d9c2ac97: GrpcService started, listening on 36777
2021-07-03 01:52:50,719 [EndpointStateMachine task thread for /127.0.0.1:14497 - 0 ] INFO  ratis.XceiverServerRatis (XceiverServerRatis.java:getRealPort(499)) - XceiverServerRatis 48a93f24-2ce5-44e8-b9e2-5628d9c2ac97 is started using port 36777 for RATIS
2021-07-03 01:52:50,719 [EndpointStateMachine task thread for /127.0.0.1:14497 - 0 ] INFO  ratis.XceiverServerRatis (XceiverServerRatis.java:getRealPort(499)) - XceiverServerRatis 48a93f24-2ce5-44e8-b9e2-5628d9c2ac97 is started using port 36777 for RATIS_ADMIN
2021-07-03 01:52:50,719 [EndpointStateMachine task thread for /127.0.0.1:14497 - 0 ] INFO  ratis.XceiverServerRatis (XceiverServerRatis.java:getRealPort(499)) - XceiverServerRatis 48a93f24-2ce5-44e8-b9e2-5628d9c2ac97 is started using port 36777 for RATIS_SERVER
2021-07-03 01:52:50,719 [EndpointStateMachine task thread for /127.0.0.1:14497 - 0 ] INFO  server.XceiverServerGrpc (XceiverServerGrpc.java:start(135)) - XceiverServerGrpc 48a93f24-2ce5-44e8-b9e2-5628d9c2ac97 is started using port 39283
2021-07-03 01:52:50,720 [org.apache.ratis.util.JvmPauseMonitor$$Lambda$493/611739613@5a3e0c64] INFO  util.JvmPauseMonitor (JvmPauseMonitor.java:run(103)) - JvmPauseMonitor-48a93f24-2ce5-44e8-b9e2-5628d9c2ac97: Started
2021-07-03 01:52:50,721 [EndpointStateMachine task thread for /127.0.0.1:14507 - 0 ] INFO  ozoneimpl.OzoneContainer (OzoneContainer.java:start(301)) - Ignore. OzoneContainer already started.
2021-07-03 01:52:50,858 [EndpointStateMachine task thread for /127.0.0.1:14497 - 0 ] INFO  ozoneimpl.OzoneContainer (OzoneContainer.java:start(305)) - Attempting to start container services.
2021-07-03 01:52:50,858 [EndpointStateMachine task thread for /127.0.0.1:14497 - 0 ] INFO  ozoneimpl.OzoneContainer (OzoneContainer.java:startContainerScrub(250)) - Background container scanner has been disabled.
2021-07-03 01:52:50,859 [EndpointStateMachine task thread for /127.0.0.1:14497 - 0 ] INFO  replication.ReplicationServer (ReplicationServer.java:start(106)) - ReplicationServer is started using port 45997
2021-07-03 01:52:50,860 [EndpointStateMachine task thread for /127.0.0.1:14497 - 0 ] INFO  ratis.XceiverServerRatis (XceiverServerRatis.java:start(478)) - Starting XceiverServerRatis ca9dc723-67a1-4a65-9480-66850f9b9d20
2021-07-03 01:52:50,861 [EndpointStateMachine task thread for /127.0.0.1:14497 - 0 ] INFO  server.RaftServer (RaftServerProxy.java:lambda$start$5(374)) - ca9dc723-67a1-4a65-9480-66850f9b9d20: start RPC server
2021-07-03 01:52:50,861 [EndpointStateMachine task thread for /127.0.0.1:14497 - 0 ] INFO  server.GrpcService (GrpcService.java:startImpl(253)) - ca9dc723-67a1-4a65-9480-66850f9b9d20: GrpcService started, listening on 37533
2021-07-03 01:52:50,861 [EndpointStateMachine task thread for /127.0.0.1:14497 - 0 ] INFO  ratis.XceiverServerRatis (XceiverServerRatis.java:getRealPort(499)) - XceiverServerRatis ca9dc723-67a1-4a65-9480-66850f9b9d20 is started using port 37533 for RATIS
2021-07-03 01:52:50,861 [EndpointStateMachine task thread for /127.0.0.1:14497 - 0 ] INFO  ratis.XceiverServerRatis (XceiverServerRatis.java:getRealPort(499)) - XceiverServerRatis ca9dc723-67a1-4a65-9480-66850f9b9d20 is started using port 37533 for RATIS_ADMIN
2021-07-03 01:52:50,861 [EndpointStateMachine task thread for /127.0.0.1:14497 - 0 ] INFO  ratis.XceiverServerRatis (XceiverServerRatis.java:getRealPort(499)) - XceiverServerRatis ca9dc723-67a1-4a65-9480-66850f9b9d20 is started using port 37533 for RATIS_SERVER
2021-07-03 01:52:50,861 [org.apache.ratis.util.JvmPauseMonitor$$Lambda$493/611739613@1e762942] INFO  util.JvmPauseMonitor (JvmPauseMonitor.java:run(103)) - JvmPauseMonitor-ca9dc723-67a1-4a65-9480-66850f9b9d20: Started
2021-07-03 01:52:50,862 [EndpointStateMachine task thread for /127.0.0.1:14497 - 0 ] INFO  server.XceiverServerGrpc (XceiverServerGrpc.java:start(135)) - XceiverServerGrpc ca9dc723-67a1-4a65-9480-66850f9b9d20 is started using port 43411
2021-07-03 01:52:50,864 [EndpointStateMachine task thread for /127.0.0.1:14507 - 0 ] INFO  ozoneimpl.OzoneContainer (OzoneContainer.java:start(301)) - Ignore. OzoneContainer already started.
2021-07-03 01:52:50,966 [Listener at 127.0.0.1/11044] INFO  ozone.MiniOzoneClusterImpl (MiniOzoneClusterImpl.java:lambda$waitForClusterToBeReady$0(227)) - Waiting for nodes to be ready. Got 0 of 3 DN Heartbeats.
2021-07-03 01:52:50,966 [Listener at 127.0.0.1/11044] INFO  ozone.MiniOzoneClusterImpl (MiniOzoneClusterImpl.java:lambda$waitForClusterToBeReady$0(230)) - Waiting for cluster to exit safe mode
2021-07-03 01:52:50,967 [Listener at 127.0.0.1/11044] INFO  ozone.MiniOzoneClusterImpl (MiniOzoneClusterImpl.java:lambda$waitForClusterToBeReady$0(232)) - SCM became leader
2021-07-03 01:52:50,978 [EndpointStateMachine task thread for /127.0.0.1:14497 - 0 ] INFO  ozoneimpl.OzoneContainer (OzoneContainer.java:start(305)) - Attempting to start container services.
2021-07-03 01:52:50,978 [EndpointStateMachine task thread for /127.0.0.1:14497 - 0 ] INFO  ozoneimpl.OzoneContainer (OzoneContainer.java:startContainerScrub(250)) - Background container scanner has been disabled.
2021-07-03 01:52:50,978 [EndpointStateMachine task thread for /127.0.0.1:14497 - 0 ] INFO  replication.ReplicationServer (ReplicationServer.java:start(106)) - ReplicationServer is started using port 38391
2021-07-03 01:52:50,980 [EndpointStateMachine task thread for /127.0.0.1:14497 - 0 ] INFO  ratis.XceiverServerRatis (XceiverServerRatis.java:start(478)) - Starting XceiverServerRatis 8fa4ef72-0e52-420c-b0d5-60420e93c6a9
2021-07-03 01:52:50,983 [EndpointStateMachine task thread for /127.0.0.1:14497 - 0 ] INFO  server.RaftServer (RaftServerProxy.java:lambda$start$5(374)) - 8fa4ef72-0e52-420c-b0d5-60420e93c6a9: start RPC server
2021-07-03 01:52:50,984 [EndpointStateMachine task thread for /127.0.0.1:14497 - 0 ] INFO  server.GrpcService (GrpcService.java:startImpl(253)) - 8fa4ef72-0e52-420c-b0d5-60420e93c6a9: GrpcService started, listening on 35781
2021-07-03 01:52:50,984 [EndpointStateMachine task thread for /127.0.0.1:14497 - 0 ] INFO  ratis.XceiverServerRatis (XceiverServerRatis.java:getRealPort(499)) - XceiverServerRatis 8fa4ef72-0e52-420c-b0d5-60420e93c6a9 is started using port 35781 for RATIS
2021-07-03 01:52:50,984 [EndpointStateMachine task thread for /127.0.0.1:14497 - 0 ] INFO  ratis.XceiverServerRatis (XceiverServerRatis.java:getRealPort(499)) - XceiverServerRatis 8fa4ef72-0e52-420c-b0d5-60420e93c6a9 is started using port 35781 for RATIS_ADMIN
2021-07-03 01:52:50,984 [EndpointStateMachine task thread for /127.0.0.1:14497 - 0 ] INFO  ratis.XceiverServerRatis (XceiverServerRatis.java:getRealPort(499)) - XceiverServerRatis 8fa4ef72-0e52-420c-b0d5-60420e93c6a9 is started using port 35781 for RATIS_SERVER
2021-07-03 01:52:50,985 [EndpointStateMachine task thread for /127.0.0.1:14497 - 0 ] INFO  server.XceiverServerGrpc (XceiverServerGrpc.java:start(135)) - XceiverServerGrpc 8fa4ef72-0e52-420c-b0d5-60420e93c6a9 is started using port 36885
2021-07-03 01:52:50,986 [EndpointStateMachine task thread for /127.0.0.1:14507 - 0 ] INFO  ozoneimpl.OzoneContainer (OzoneContainer.java:start(301)) - Ignore. OzoneContainer already started.
2021-07-03 01:52:50,991 [org.apache.ratis.util.JvmPauseMonitor$$Lambda$493/611739613@76bf6b34] INFO  util.JvmPauseMonitor (JvmPauseMonitor.java:run(103)) - JvmPauseMonitor-8fa4ef72-0e52-420c-b0d5-60420e93c6a9: Started
2021-07-03 01:52:51,521 [EndpointStateMachine task thread for /127.0.0.1:13925 - 0 ] INFO  ipc.Client (Client.java:handleConnectionFailure(966)) - Retrying connect to server: localhost/127.0.0.1:13925. Already tried 12 time(s); retry policy is RetryUpToMaximumCountWithFixedSleep(maxRetries=15, sleepTime=1000 MILLISECONDS)
2021-07-03 01:52:51,522 [EndpointStateMachine task thread for /127.0.0.1:13935 - 0 ] INFO  ipc.Client (Client.java:handleConnectionFailure(966)) - Retrying connect to server: localhost/127.0.0.1:13935. Already tried 10 time(s); retry policy is RetryUpToMaximumCountWithFixedSleep(maxRetries=15, sleepTime=1000 MILLISECONDS)
2021-07-03 01:52:51,522 [EndpointStateMachine task thread for /127.0.0.1:13945 - 0 ] INFO  ipc.Client (Client.java:handleConnectionFailure(966)) - Retrying connect to server: localhost/127.0.0.1:13945. Already tried 9 time(s); retry policy is RetryUpToMaximumCountWithFixedSleep(maxRetries=15, sleepTime=1000 MILLISECONDS)
2021-07-03 01:52:51,967 [Listener at 127.0.0.1/11044] INFO  ozone.MiniOzoneClusterImpl (MiniOzoneClusterImpl.java:lambda$waitForClusterToBeReady$0(227)) - Waiting for nodes to be ready. Got 0 of 3 DN Heartbeats.
2021-07-03 01:52:51,967 [Listener at 127.0.0.1/11044] INFO  ozone.MiniOzoneClusterImpl (MiniOzoneClusterImpl.java:lambda$waitForClusterToBeReady$0(230)) - Waiting for cluster to exit safe mode
2021-07-03 01:52:51,967 [Listener at 127.0.0.1/11044] INFO  ozone.MiniOzoneClusterImpl (MiniOzoneClusterImpl.java:lambda$waitForClusterToBeReady$0(232)) - SCM became leader
2021-07-03 01:52:52,522 [EndpointStateMachine task thread for /127.0.0.1:13935 - 0 ] INFO  ipc.Client (Client.java:handleConnectionFailure(966)) - Retrying connect to server: localhost/127.0.0.1:13935. Already tried 11 time(s); retry policy is RetryUpToMaximumCountWithFixedSleep(maxRetries=15, sleepTime=1000 MILLISECONDS)
2021-07-03 01:52:52,523 [EndpointStateMachine task thread for /127.0.0.1:13925 - 0 ] INFO  ipc.Client (Client.java:handleConnectionFailure(966)) - Retrying connect to server: localhost/127.0.0.1:13925. Already tried 13 time(s); retry policy is RetryUpToMaximumCountWithFixedSleep(maxRetries=15, sleepTime=1000 MILLISECONDS)
2021-07-03 01:52:52,526 [EndpointStateMachine task thread for /127.0.0.1:13945 - 0 ] INFO  ipc.Client (Client.java:handleConnectionFailure(966)) - Retrying connect to server: localhost/127.0.0.1:13945. Already tried 10 time(s); retry policy is RetryUpToMaximumCountWithFixedSleep(maxRetries=15, sleepTime=1000 MILLISECONDS)
2021-07-03 01:52:52,705 [IPC Server handler 2 on default port 14497] INFO  net.NetworkTopologyImpl (NetworkTopologyImpl.java:add(112)) - Added a new node: /default-rack/48a93f24-2ce5-44e8-b9e2-5628d9c2ac97
2021-07-03 01:52:52,707 [IPC Server handler 2 on default port 14497] INFO  node.SCMNodeManager (SCMNodeManager.java:register(348)) - Registered Data node : 48a93f24-2ce5-44e8-b9e2-5628d9c2ac97{ip: 127.0.0.1, host: localhost, ports: [REPLICATION=45207, RATIS=36777, RATIS_ADMIN=36777, RATIS_SERVER=36777, STANDALONE=39283], networkLocation: /default-rack, certSerialId: null, persistedOpState: null, persistedOpStateExpiryEpochSec: 0}
2021-07-03 01:52:52,707 [IPC Server handler 0 on default port 14507] INFO  net.NetworkTopologyImpl (NetworkTopologyImpl.java:add(112)) - Added a new node: /default-rack/48a93f24-2ce5-44e8-b9e2-5628d9c2ac97
2021-07-03 01:52:52,707 [EventQueue-NewNodeForNewNodeHandler] INFO  pipeline.BackgroundPipelineCreator (BackgroundPipelineCreatorV2.java:notifyEventTriggered(285)) - trigger a one-shot run on RatisPipelineUtilsThread.
2021-07-03 01:52:52,709 [EventQueue-NodeRegistrationContainerReportForDataNodeSafeModeRule] INFO  safemode.SCMSafeModeManager (DataNodeSafeModeRule.java:process(71)) - SCM in safe mode. 1 DataNodes registered, 3 required.
2021-07-03 01:52:52,708 [RatisPipelineUtilsThread - 0] INFO  pipeline.RatisPipelineProvider (RatisPipelineProvider.java:lambda$create$0(170)) - Sending CreatePipelineCommand for pipeline:PipelineID=3f5e8b05-0d5c-4f4d-b92e-52771814c307 to datanode:48a93f24-2ce5-44e8-b9e2-5628d9c2ac97
2021-07-03 01:52:52,713 [IPC Server handler 0 on default port 14507] INFO  node.SCMNodeManager (SCMNodeManager.java:register(348)) - Registered Data node : 48a93f24-2ce5-44e8-b9e2-5628d9c2ac97{ip: 127.0.0.1, host: localhost, ports: [REPLICATION=45207, RATIS=36777, RATIS_ADMIN=36777, RATIS_SERVER=36777, STANDALONE=39283], networkLocation: /default-rack, certSerialId: null, persistedOpState: null, persistedOpStateExpiryEpochSec: 0}
2021-07-03 01:52:52,713 [EventQueue-NodeRegistrationContainerReportForContainerSafeModeRule] INFO  safemode.SCMSafeModeManager (SCMSafeModeManager.java:validateSafeModeExitRules(204)) - ContainerSafeModeRule rule is successfully validated
2021-07-03 01:52:52,717 [EventQueue-NewNodeForNewNodeHandler] INFO  pipeline.BackgroundPipelineCreator (BackgroundPipelineCreatorV2.java:notifyEventTriggered(279)) - ignore, not leader SCM.
2021-07-03 01:52:52,722 [EventQueue-PipelineReportForOneReplicaPipelineSafeModeRule] INFO  safemode.SCMSafeModeManager (SCMSafeModeManager.java:validateSafeModeExitRules(204)) - AtleastOneDatanodeReportedRule rule is successfully validated
2021-07-03 01:52:52,722 [EventQueue-NodeRegistrationContainerReportForContainerSafeModeRule] INFO  safemode.SCMSafeModeManager (SCMSafeModeManager.java:validateSafeModeExitRules(204)) - ContainerSafeModeRule rule is successfully validated
2021-07-03 01:52:52,723 [EventQueue-NodeRegistrationContainerReportForDataNodeSafeModeRule] INFO  safemode.SCMSafeModeManager (DataNodeSafeModeRule.java:process(71)) - SCM in safe mode. 1 DataNodes registered, 3 required.
2021-07-03 01:52:52,725 [bae6930e-8ae4-497b-9eaa-87fb2ec79d16@group-97EA473A16A6-StateMachineUpdater] INFO  pipeline.PipelineStateManager (PipelineStateManagerV2Impl.java:addPipeline(101)) - Created pipeline Pipeline[ Id: 3f5e8b05-0d5c-4f4d-b92e-52771814c307, Nodes: 48a93f24-2ce5-44e8-b9e2-5628d9c2ac97{ip: 127.0.0.1, host: localhost, ports: [REPLICATION=45207, RATIS=36777, RATIS_ADMIN=36777, RATIS_SERVER=36777, STANDALONE=39283], networkLocation: /default-rack, certSerialId: null, persistedOpState: IN_SERVICE, persistedOpStateExpiryEpochSec: 0}, ReplicationConfig: RATIS/ONE, State:ALLOCATED, leaderId:, CreationTimestamp2021-07-03T01:52:52.708Z].
2021-07-03 01:52:52,725 [bae6930e-8ae4-497b-9eaa-87fb2ec79d16@group-97EA473A16A6-StateMachineUpdater] INFO  safemode.HealthyPipelineSafeModeRule (HealthyPipelineSafeModeRule.java:initializeRule(152)) - Refreshed total pipeline count is 0, healthy pipeline threshold count is 1
2021-07-03 01:52:52,727 [EventQueue-PipelineReportForOneReplicaPipelineSafeModeRule] INFO  safemode.SCMSafeModeManager (SCMSafeModeManager.java:validateSafeModeExitRules(204)) - AtleastOneDatanodeReportedRule rule is successfully validated
2021-07-03 01:52:52,727 [RatisPipelineUtilsThread - 0] INFO  ha.SCMHAInvocationHandler (SCMHAInvocationHandler.java:invokeRatis(113)) - Invoking method public abstract void org.apache.hadoop.hdds.scm.pipeline.StateManager.addPipeline(org.apache.hadoop.hdds.protocol.proto.HddsProtos$Pipeline) throws java.io.IOException on target org.apache.hadoop.hdds.scm.ha.SCMRatisServerImpl@45a02fd2, cost 13259.801us
2021-07-03 01:52:52,730 [72fc5de2-a3f7-4fa9-972b-1bbfdbde045f@group-97EA473A16A6-StateMachineUpdater] INFO  pipeline.PipelineStateManager (PipelineStateManagerV2Impl.java:addPipeline(101)) - Created pipeline Pipeline[ Id: 3f5e8b05-0d5c-4f4d-b92e-52771814c307, Nodes: 48a93f24-2ce5-44e8-b9e2-5628d9c2ac97{ip: 127.0.0.1, host: localhost, ports: [REPLICATION=45207, RATIS=36777, RATIS_ADMIN=36777, RATIS_SERVER=36777, STANDALONE=39283], networkLocation: /default-rack, certSerialId: null, persistedOpState: IN_SERVICE, persistedOpStateExpiryEpochSec: 0}, ReplicationConfig: RATIS/ONE, State:ALLOCATED, leaderId:, CreationTimestamp2021-07-03T01:52:52.708Z].
2021-07-03 01:52:52,730 [72fc5de2-a3f7-4fa9-972b-1bbfdbde045f@group-97EA473A16A6-StateMachineUpdater] INFO  safemode.HealthyPipelineSafeModeRule (HealthyPipelineSafeModeRule.java:initializeRule(152)) - Refreshed total pipeline count is 0, healthy pipeline threshold count is 1
2021-07-03 01:52:52,845 [IPC Server handler 0 on default port 14497] INFO  net.NetworkTopologyImpl (NetworkTopologyImpl.java:add(112)) - Added a new node: /default-rack/ca9dc723-67a1-4a65-9480-66850f9b9d20
2021-07-03 01:52:52,845 [IPC Server handler 1 on default port 14507] INFO  net.NetworkTopologyImpl (NetworkTopologyImpl.java:add(112)) - Added a new node: /default-rack/ca9dc723-67a1-4a65-9480-66850f9b9d20
2021-07-03 01:52:52,845 [IPC Server handler 0 on default port 14497] INFO  node.SCMNodeManager (SCMNodeManager.java:register(348)) - Registered Data node : ca9dc723-67a1-4a65-9480-66850f9b9d20{ip: 127.0.0.1, host: localhost, ports: [REPLICATION=45997, RATIS=37533, RATIS_ADMIN=37533, RATIS_SERVER=37533, STANDALONE=43411], networkLocation: /default-rack, certSerialId: null, persistedOpState: null, persistedOpStateExpiryEpochSec: 0}
2021-07-03 01:52:52,845 [EventQueue-NewNodeForNewNodeHandler] INFO  pipeline.BackgroundPipelineCreator (BackgroundPipelineCreatorV2.java:notifyEventTriggered(285)) - trigger a one-shot run on RatisPipelineUtilsThread.
2021-07-03 01:52:52,845 [EventQueue-NewNodeForNewNodeHandler] INFO  pipeline.BackgroundPipelineCreator (BackgroundPipelineCreatorV2.java:notifyEventTriggered(279)) - ignore, not leader SCM.
2021-07-03 01:52:52,845 [IPC Server handler 1 on default port 14507] INFO  node.SCMNodeManager (SCMNodeManager.java:register(348)) - Registered Data node : ca9dc723-67a1-4a65-9480-66850f9b9d20{ip: 127.0.0.1, host: localhost, ports: [REPLICATION=45997, RATIS=37533, RATIS_ADMIN=37533, RATIS_SERVER=37533, STANDALONE=43411], networkLocation: /default-rack, certSerialId: null, persistedOpState: null, persistedOpStateExpiryEpochSec: 0}
2021-07-03 01:52:52,846 [EventQueue-NodeRegistrationContainerReportForDataNodeSafeModeRule] INFO  safemode.SCMSafeModeManager (DataNodeSafeModeRule.java:process(71)) - SCM in safe mode. 2 DataNodes registered, 3 required.
2021-07-03 01:52:52,846 [EventQueue-NodeRegistrationContainerReportForDataNodeSafeModeRule] INFO  safemode.SCMSafeModeManager (DataNodeSafeModeRule.java:process(71)) - SCM in safe mode. 2 DataNodes registered, 3 required.
2021-07-03 01:52:52,848 [RatisPipelineUtilsThread - 0] INFO  pipeline.RatisPipelineProvider (RatisPipelineProvider.java:lambda$create$0(170)) - Sending CreatePipelineCommand for pipeline:PipelineID=3d327430-62e9-4baf-82ed-43d4de272781 to datanode:ca9dc723-67a1-4a65-9480-66850f9b9d20
2021-07-03 01:52:52,852 [bae6930e-8ae4-497b-9eaa-87fb2ec79d16@group-97EA473A16A6-StateMachineUpdater] INFO  pipeline.PipelineStateManager (PipelineStateManagerV2Impl.java:addPipeline(101)) - Created pipeline Pipeline[ Id: 3d327430-62e9-4baf-82ed-43d4de272781, Nodes: ca9dc723-67a1-4a65-9480-66850f9b9d20{ip: 127.0.0.1, host: localhost, ports: [REPLICATION=45997, RATIS=37533, RATIS_ADMIN=37533, RATIS_SERVER=37533, STANDALONE=43411], networkLocation: /default-rack, certSerialId: null, persistedOpState: IN_SERVICE, persistedOpStateExpiryEpochSec: 0}, ReplicationConfig: RATIS/ONE, State:ALLOCATED, leaderId:, CreationTimestamp2021-07-03T01:52:52.848Z].
2021-07-03 01:52:52,852 [bae6930e-8ae4-497b-9eaa-87fb2ec79d16@group-97EA473A16A6-StateMachineUpdater] INFO  safemode.HealthyPipelineSafeModeRule (HealthyPipelineSafeModeRule.java:initializeRule(152)) - Refreshed total pipeline count is 0, healthy pipeline threshold count is 1
2021-07-03 01:52:52,852 [RatisPipelineUtilsThread - 0] INFO  ha.SCMHAInvocationHandler (SCMHAInvocationHandler.java:invokeRatis(113)) - Invoking method public abstract void org.apache.hadoop.hdds.scm.pipeline.StateManager.addPipeline(org.apache.hadoop.hdds.protocol.proto.HddsProtos$Pipeline) throws java.io.IOException on target org.apache.hadoop.hdds.scm.ha.SCMRatisServerImpl@45a02fd2, cost 3893.63us
2021-07-03 01:52:52,853 [72fc5de2-a3f7-4fa9-972b-1bbfdbde045f@group-97EA473A16A6-StateMachineUpdater] INFO  pipeline.PipelineStateManager (PipelineStateManagerV2Impl.java:addPipeline(101)) - Created pipeline Pipeline[ Id: 3d327430-62e9-4baf-82ed-43d4de272781, Nodes: ca9dc723-67a1-4a65-9480-66850f9b9d20{ip: 127.0.0.1, host: localhost, ports: [REPLICATION=45997, RATIS=37533, RATIS_ADMIN=37533, RATIS_SERVER=37533, STANDALONE=43411], networkLocation: /default-rack, certSerialId: null, persistedOpState: IN_SERVICE, persistedOpStateExpiryEpochSec: 0}, ReplicationConfig: RATIS/ONE, State:ALLOCATED, leaderId:, CreationTimestamp2021-07-03T01:52:52.848Z].
2021-07-03 01:52:52,853 [72fc5de2-a3f7-4fa9-972b-1bbfdbde045f@group-97EA473A16A6-StateMachineUpdater] INFO  safemode.HealthyPipelineSafeModeRule (HealthyPipelineSafeModeRule.java:initializeRule(152)) - Refreshed total pipeline count is 0, healthy pipeline threshold count is 1
2021-07-03 01:52:52,854 [bae6930e-8ae4-497b-9eaa-87fb2ec79d16@group-97EA473A16A6-StateMachineUpdater] INFO  ha.SCMStateMachine (SCMStateMachine.java:takeSnapshot(290)) - Current Snapshot Index 10, takeSnapshot took 0 ms
2021-07-03 01:52:52,854 [bae6930e-8ae4-497b-9eaa-87fb2ec79d16@group-97EA473A16A6-StateMachineUpdater] INFO  impl.StateMachineUpdater (StateMachineUpdater.java:takeSnapshot(281)) - bae6930e-8ae4-497b-9eaa-87fb2ec79d16@group-97EA473A16A6-StateMachineUpdater: Took a snapshot at index 10
2021-07-03 01:52:52,854 [bae6930e-8ae4-497b-9eaa-87fb2ec79d16@group-97EA473A16A6-StateMachineUpdater] INFO  impl.StateMachineUpdater (StateMachineUpdater.java:lambda$new$0(89)) - bae6930e-8ae4-497b-9eaa-87fb2ec79d16@group-97EA473A16A6-StateMachineUpdater: snapshotIndex: updateIncreasingly 5 -> 10
2021-07-03 01:52:52,854 [bae6930e-8ae4-497b-9eaa-87fb2ec79d16@group-97EA473A16A6-StateMachineUpdater] INFO  raftlog.RaftLog (RaftLogBase.java:purge(306)) - bae6930e-8ae4-497b-9eaa-87fb2ec79d16@group-97EA473A16A6-SegmentedRaftLog: purge 10
2021-07-03 01:52:52,854 [bae6930e-8ae4-497b-9eaa-87fb2ec79d16@group-97EA473A16A6-StateMachineUpdater] INFO  raftlog.RaftLog (RaftLogBase.java:lambda$new$0(53)) - bae6930e-8ae4-497b-9eaa-87fb2ec79d16@group-97EA473A16A6-SegmentedRaftLog: snapshotIndex: updateIncreasingly 5 -> 10
2021-07-03 01:52:52,854 [bae6930e-8ae4-497b-9eaa-87fb2ec79d16@group-97EA473A16A6-StateMachineUpdater] INFO  raftlog.RaftLog (RaftLogBase.java:lambda$new$0(53)) - bae6930e-8ae4-497b-9eaa-87fb2ec79d16@group-97EA473A16A6-SegmentedRaftLog: purgeIndex: updateToMax old=0, new=10, updated? true
2021-07-03 01:52:52,968 [Listener at 127.0.0.1/11044] INFO  ozone.MiniOzoneClusterImpl (MiniOzoneClusterImpl.java:lambda$waitForClusterToBeReady$0(227)) - Waiting for nodes to be ready. Got 2 of 3 DN Heartbeats.
2021-07-03 01:52:52,968 [Listener at 127.0.0.1/11044] INFO  ozone.MiniOzoneClusterImpl (MiniOzoneClusterImpl.java:lambda$waitForClusterToBeReady$0(230)) - Waiting for cluster to exit safe mode
2021-07-03 01:52:52,968 [Listener at 127.0.0.1/11044] INFO  ozone.MiniOzoneClusterImpl (MiniOzoneClusterImpl.java:lambda$waitForClusterToBeReady$0(232)) - SCM became leader
2021-07-03 01:52:52,974 [IPC Server handler 2 on default port 14507] INFO  net.NetworkTopologyImpl (NetworkTopologyImpl.java:add(112)) - Added a new node: /default-rack/8fa4ef72-0e52-420c-b0d5-60420e93c6a9
2021-07-03 01:52:52,974 [IPC Server handler 2 on default port 14507] INFO  node.SCMNodeManager (SCMNodeManager.java:register(348)) - Registered Data node : 8fa4ef72-0e52-420c-b0d5-60420e93c6a9{ip: 127.0.0.1, host: localhost, ports: [REPLICATION=38391, RATIS=35781, RATIS_ADMIN=35781, RATIS_SERVER=35781, STANDALONE=36885], networkLocation: /default-rack, certSerialId: null, persistedOpState: null, persistedOpStateExpiryEpochSec: 0}
2021-07-03 01:52:52,975 [EventQueue-NodeRegistrationContainerReportForDataNodeSafeModeRule] INFO  safemode.SCMSafeModeManager (DataNodeSafeModeRule.java:process(71)) - SCM in safe mode. 3 DataNodes registered, 3 required.
2021-07-03 01:52:52,975 [EventQueue-NodeRegistrationContainerReportForDataNodeSafeModeRule] INFO  safemode.SCMSafeModeManager (SCMSafeModeManager.java:validateSafeModeExitRules(204)) - DataNodeSafeModeRule rule is successfully validated
2021-07-03 01:52:52,975 [EventQueue-NodeRegistrationContainerReportForDataNodeSafeModeRule] INFO  safemode.SCMSafeModeManager (SCMSafeModeManager.java:completePreCheck(233)) - All SCM safe mode pre check rules have passed
2021-07-03 01:52:52,975 [EventQueue-NodeRegistrationContainerReportForDataNodeSafeModeRule] WARN  events.EventQueue (EventQueue.java:fireEvent(194)) - No event handler registered for event TypedEvent{payloadType=SafeModeStatus, name='Safe mode status'}
2021-07-03 01:52:52,975 [EventQueue-NodeRegistrationContainerReportForDataNodeSafeModeRule] INFO  ha.SCMContext (SCMContext.java:updateSafeModeStatus(208)) - Update SafeModeStatus from SafeModeStatus{safeModeStatus=true, preCheckPassed=false} to SafeModeStatus{safeModeStatus=true, preCheckPassed=true}.
2021-07-03 01:52:52,975 [EventQueue-NodeRegistrationContainerReportForDataNodeSafeModeRule] INFO  pipeline.BackgroundPipelineCreator (BackgroundPipelineCreatorV2.java:notifyEventTriggered(279)) - ignore, not leader SCM.
2021-07-03 01:52:52,975 [EventQueue-NewNodeForNewNodeHandler] INFO  pipeline.BackgroundPipelineCreator (BackgroundPipelineCreatorV2.java:notifyEventTriggered(279)) - ignore, not leader SCM.
2021-07-03 01:52:52,974 [IPC Server handler 1 on default port 14497] INFO  net.NetworkTopologyImpl (NetworkTopologyImpl.java:add(112)) - Added a new node: /default-rack/8fa4ef72-0e52-420c-b0d5-60420e93c6a9
2021-07-03 01:52:52,976 [IPC Server handler 1 on default port 14497] INFO  node.SCMNodeManager (SCMNodeManager.java:register(348)) - Registered Data node : 8fa4ef72-0e52-420c-b0d5-60420e93c6a9{ip: 127.0.0.1, host: localhost, ports: [REPLICATION=38391, RATIS=35781, RATIS_ADMIN=35781, RATIS_SERVER=35781, STANDALONE=36885], networkLocation: /default-rack, certSerialId: null, persistedOpState: null, persistedOpStateExpiryEpochSec: 0}
2021-07-03 01:52:52,976 [EventQueue-NewNodeForNewNodeHandler] INFO  pipeline.BackgroundPipelineCreator (BackgroundPipelineCreatorV2.java:notifyEventTriggered(285)) - trigger a one-shot run on RatisPipelineUtilsThread.
2021-07-03 01:52:52,976 [RatisPipelineUtilsThread - 0] INFO  pipeline.RatisPipelineProvider (RatisPipelineProvider.java:lambda$create$0(170)) - Sending CreatePipelineCommand for pipeline:PipelineID=7049b5d2-2423-4944-bd3a-190898be10ed to datanode:8fa4ef72-0e52-420c-b0d5-60420e93c6a9
2021-07-03 01:52:52,984 [EventQueue-NodeRegistrationContainerReportForDataNodeSafeModeRule] INFO  safemode.SCMSafeModeManager (DataNodeSafeModeRule.java:process(71)) - SCM in safe mode. 3 DataNodes registered, 3 required.
2021-07-03 01:52:52,984 [EventQueue-NodeRegistrationContainerReportForDataNodeSafeModeRule] INFO  safemode.SCMSafeModeManager (SCMSafeModeManager.java:validateSafeModeExitRules(204)) - DataNodeSafeModeRule rule is successfully validated
2021-07-03 01:52:52,984 [EventQueue-NodeRegistrationContainerReportForDataNodeSafeModeRule] INFO  safemode.SCMSafeModeManager (SCMSafeModeManager.java:completePreCheck(233)) - All SCM safe mode pre check rules have passed
2021-07-03 01:52:52,984 [EventQueue-NodeRegistrationContainerReportForDataNodeSafeModeRule] WARN  events.EventQueue (EventQueue.java:fireEvent(194)) - No event handler registered for event TypedEvent{payloadType=SafeModeStatus, name='Safe mode status'}
2021-07-03 01:52:52,985 [EventQueue-NodeRegistrationContainerReportForDataNodeSafeModeRule] INFO  ha.SCMContext (SCMContext.java:updateSafeModeStatus(208)) - Update SafeModeStatus from SafeModeStatus{safeModeStatus=true, preCheckPassed=false} to SafeModeStatus{safeModeStatus=true, preCheckPassed=true}.
2021-07-03 01:52:52,985 [EventQueue-NodeRegistrationContainerReportForDataNodeSafeModeRule] INFO  pipeline.BackgroundPipelineCreator (BackgroundPipelineCreatorV2.java:notifyEventTriggered(285)) - trigger a one-shot run on RatisPipelineUtilsThread.
2021-07-03 01:52:52,986 [72fc5de2-a3f7-4fa9-972b-1bbfdbde045f@group-97EA473A16A6-StateMachineUpdater] INFO  ha.SCMStateMachine (SCMStateMachine.java:takeSnapshot(290)) - Current Snapshot Index 10, takeSnapshot took 0 ms
2021-07-03 01:52:52,986 [72fc5de2-a3f7-4fa9-972b-1bbfdbde045f@group-97EA473A16A6-StateMachineUpdater] INFO  impl.StateMachineUpdater (StateMachineUpdater.java:takeSnapshot(281)) - 72fc5de2-a3f7-4fa9-972b-1bbfdbde045f@group-97EA473A16A6-StateMachineUpdater: Took a snapshot at index 10
2021-07-03 01:52:52,986 [72fc5de2-a3f7-4fa9-972b-1bbfdbde045f@group-97EA473A16A6-StateMachineUpdater] INFO  impl.StateMachineUpdater (StateMachineUpdater.java:lambda$new$0(89)) - 72fc5de2-a3f7-4fa9-972b-1bbfdbde045f@group-97EA473A16A6-StateMachineUpdater: snapshotIndex: updateIncreasingly 5 -> 10
2021-07-03 01:52:52,986 [72fc5de2-a3f7-4fa9-972b-1bbfdbde045f@group-97EA473A16A6-StateMachineUpdater] INFO  raftlog.RaftLog (RaftLogBase.java:purge(306)) - 72fc5de2-a3f7-4fa9-972b-1bbfdbde045f@group-97EA473A16A6-SegmentedRaftLog: purge 10
2021-07-03 01:52:52,986 [72fc5de2-a3f7-4fa9-972b-1bbfdbde045f@group-97EA473A16A6-StateMachineUpdater] INFO  raftlog.RaftLog (RaftLogBase.java:lambda$new$0(53)) - 72fc5de2-a3f7-4fa9-972b-1bbfdbde045f@group-97EA473A16A6-SegmentedRaftLog: snapshotIndex: updateIncreasingly 5 -> 10
2021-07-03 01:52:52,986 [72fc5de2-a3f7-4fa9-972b-1bbfdbde045f@group-97EA473A16A6-StateMachineUpdater] INFO  raftlog.RaftLog (RaftLogBase.java:lambda$new$0(53)) - 72fc5de2-a3f7-4fa9-972b-1bbfdbde045f@group-97EA473A16A6-SegmentedRaftLog: purgeIndex: updateToMax old=0, new=10, updated? true
2021-07-03 01:52:52,987 [bae6930e-8ae4-497b-9eaa-87fb2ec79d16@group-97EA473A16A6-StateMachineUpdater] INFO  pipeline.PipelineStateManager (PipelineStateManagerV2Impl.java:addPipeline(101)) - Created pipeline Pipeline[ Id: 7049b5d2-2423-4944-bd3a-190898be10ed, Nodes: 8fa4ef72-0e52-420c-b0d5-60420e93c6a9{ip: 127.0.0.1, host: localhost, ports: [REPLICATION=38391, RATIS=35781, RATIS_ADMIN=35781, RATIS_SERVER=35781, STANDALONE=36885], networkLocation: /default-rack, certSerialId: null, persistedOpState: IN_SERVICE, persistedOpStateExpiryEpochSec: 0}, ReplicationConfig: RATIS/ONE, State:ALLOCATED, leaderId:, CreationTimestamp2021-07-03T01:52:52.976Z].
2021-07-03 01:52:52,987 [bae6930e-8ae4-497b-9eaa-87fb2ec79d16@group-97EA473A16A6-StateMachineUpdater] INFO  safemode.HealthyPipelineSafeModeRule (HealthyPipelineSafeModeRule.java:initializeRule(152)) - Refreshed total pipeline count is 0, healthy pipeline threshold count is 1
2021-07-03 01:52:52,988 [RatisPipelineUtilsThread - 0] INFO  ha.SCMHAInvocationHandler (SCMHAInvocationHandler.java:invokeRatis(113)) - Invoking method public abstract void org.apache.hadoop.hdds.scm.pipeline.StateManager.addPipeline(org.apache.hadoop.hdds.protocol.proto.HddsProtos$Pipeline) throws java.io.IOException on target org.apache.hadoop.hdds.scm.ha.SCMRatisServerImpl@45a02fd2, cost 11380.687us
2021-07-03 01:52:52,988 [RatisPipelineUtilsThread - 0] INFO  pipeline.RatisPipelineProvider (RatisPipelineProvider.java:lambda$create$0(170)) - Sending CreatePipelineCommand for pipeline:PipelineID=dcae577b-b0f7-4d18-86dc-35daf16c14ce to datanode:8fa4ef72-0e52-420c-b0d5-60420e93c6a9
2021-07-03 01:52:52,988 [RatisPipelineUtilsThread - 0] INFO  pipeline.RatisPipelineProvider (RatisPipelineProvider.java:lambda$create$0(170)) - Sending CreatePipelineCommand for pipeline:PipelineID=dcae577b-b0f7-4d18-86dc-35daf16c14ce to datanode:ca9dc723-67a1-4a65-9480-66850f9b9d20
2021-07-03 01:52:52,988 [RatisPipelineUtilsThread - 0] INFO  pipeline.RatisPipelineProvider (RatisPipelineProvider.java:lambda$create$0(170)) - Sending CreatePipelineCommand for pipeline:PipelineID=dcae577b-b0f7-4d18-86dc-35daf16c14ce to datanode:48a93f24-2ce5-44e8-b9e2-5628d9c2ac97
2021-07-03 01:52:52,993 [72fc5de2-a3f7-4fa9-972b-1bbfdbde045f@group-97EA473A16A6-StateMachineUpdater] INFO  pipeline.PipelineStateManager (PipelineStateManagerV2Impl.java:addPipeline(101)) - Created pipeline Pipeline[ Id: 7049b5d2-2423-4944-bd3a-190898be10ed, Nodes: 8fa4ef72-0e52-420c-b0d5-60420e93c6a9{ip: 127.0.0.1, host: localhost, ports: [REPLICATION=38391, RATIS=35781, RATIS_ADMIN=35781, RATIS_SERVER=35781, STANDALONE=36885], networkLocation: /default-rack, certSerialId: null, persistedOpState: IN_SERVICE, persistedOpStateExpiryEpochSec: 0}, ReplicationConfig: RATIS/ONE, State:ALLOCATED, leaderId:, CreationTimestamp2021-07-03T01:52:52.976Z].
2021-07-03 01:52:52,993 [72fc5de2-a3f7-4fa9-972b-1bbfdbde045f@group-97EA473A16A6-StateMachineUpdater] INFO  safemode.HealthyPipelineSafeModeRule (HealthyPipelineSafeModeRule.java:initializeRule(152)) - Refreshed total pipeline count is 0, healthy pipeline threshold count is 1
2021-07-03 01:52:52,997 [bae6930e-8ae4-497b-9eaa-87fb2ec79d16@group-97EA473A16A6-StateMachineUpdater] INFO  pipeline.PipelineStateManager (PipelineStateManagerV2Impl.java:addPipeline(101)) - Created pipeline Pipeline[ Id: dcae577b-b0f7-4d18-86dc-35daf16c14ce, Nodes: 8fa4ef72-0e52-420c-b0d5-60420e93c6a9{ip: 127.0.0.1, host: localhost, ports: [REPLICATION=38391, RATIS=35781, RATIS_ADMIN=35781, RATIS_SERVER=35781, STANDALONE=36885], networkLocation: /default-rack, certSerialId: null, persistedOpState: IN_SERVICE, persistedOpStateExpiryEpochSec: 0}ca9dc723-67a1-4a65-9480-66850f9b9d20{ip: 127.0.0.1, host: localhost, ports: [REPLICATION=45997, RATIS=37533, RATIS_ADMIN=37533, RATIS_SERVER=37533, STANDALONE=43411], networkLocation: /default-rack, certSerialId: null, persistedOpState: IN_SERVICE, persistedOpStateExpiryEpochSec: 0}48a93f24-2ce5-44e8-b9e2-5628d9c2ac97{ip: 127.0.0.1, host: localhost, ports: [REPLICATION=45207, RATIS=36777, RATIS_ADMIN=36777, RATIS_SERVER=36777, STANDALONE=39283], networkLocation: /default-rack, certSerialId: null, persistedOpState: IN_SERVICE, persistedOpStateExpiryEpochSec: 0}, ReplicationConfig: RATIS/THREE, State:ALLOCATED, leaderId:, CreationTimestamp2021-07-03T01:52:52.988Z].
2021-07-03 01:52:52,997 [bae6930e-8ae4-497b-9eaa-87fb2ec79d16@group-97EA473A16A6-StateMachineUpdater] INFO  safemode.HealthyPipelineSafeModeRule (HealthyPipelineSafeModeRule.java:initializeRule(152)) - Refreshed total pipeline count is 0, healthy pipeline threshold count is 1
2021-07-03 01:52:52,998 [RatisPipelineUtilsThread - 0] INFO  ha.SCMHAInvocationHandler (SCMHAInvocationHandler.java:invokeRatis(113)) - Invoking method public abstract void org.apache.hadoop.hdds.scm.pipeline.StateManager.addPipeline(org.apache.hadoop.hdds.protocol.proto.HddsProtos$Pipeline) throws java.io.IOException on target org.apache.hadoop.hdds.scm.ha.SCMRatisServerImpl@45a02fd2, cost 9622.874us
2021-07-03 01:52:52,999 [RatisPipelineUtilsThread - 0] INFO  pipeline.RatisPipelineProvider (RatisPipelineProvider.java:lambda$create$0(170)) - Sending CreatePipelineCommand for pipeline:PipelineID=24d4eb0a-6b75-4498-880f-0abb88d0a2e0 to datanode:ca9dc723-67a1-4a65-9480-66850f9b9d20
2021-07-03 01:52:52,999 [RatisPipelineUtilsThread - 0] INFO  pipeline.RatisPipelineProvider (RatisPipelineProvider.java:lambda$create$0(170)) - Sending CreatePipelineCommand for pipeline:PipelineID=24d4eb0a-6b75-4498-880f-0abb88d0a2e0 to datanode:8fa4ef72-0e52-420c-b0d5-60420e93c6a9
2021-07-03 01:52:52,999 [RatisPipelineUtilsThread - 0] INFO  pipeline.RatisPipelineProvider (RatisPipelineProvider.java:lambda$create$0(170)) - Sending CreatePipelineCommand for pipeline:PipelineID=24d4eb0a-6b75-4498-880f-0abb88d0a2e0 to datanode:48a93f24-2ce5-44e8-b9e2-5628d9c2ac97
2021-07-03 01:52:53,006 [72fc5de2-a3f7-4fa9-972b-1bbfdbde045f@group-97EA473A16A6-StateMachineUpdater] INFO  pipeline.PipelineStateManager (PipelineStateManagerV2Impl.java:addPipeline(101)) - Created pipeline Pipeline[ Id: dcae577b-b0f7-4d18-86dc-35daf16c14ce, Nodes: 8fa4ef72-0e52-420c-b0d5-60420e93c6a9{ip: 127.0.0.1, host: localhost, ports: [REPLICATION=38391, RATIS=35781, RATIS_ADMIN=35781, RATIS_SERVER=35781, STANDALONE=36885], networkLocation: /default-rack, certSerialId: null, persistedOpState: IN_SERVICE, persistedOpStateExpiryEpochSec: 0}ca9dc723-67a1-4a65-9480-66850f9b9d20{ip: 127.0.0.1, host: localhost, ports: [REPLICATION=45997, RATIS=37533, RATIS_ADMIN=37533, RATIS_SERVER=37533, STANDALONE=43411], networkLocation: /default-rack, certSerialId: null, persistedOpState: IN_SERVICE, persistedOpStateExpiryEpochSec: 0}48a93f24-2ce5-44e8-b9e2-5628d9c2ac97{ip: 127.0.0.1, host: localhost, ports: [REPLICATION=45207, RATIS=36777, RATIS_ADMIN=36777, RATIS_SERVER=36777, STANDALONE=39283], networkLocation: /default-rack, certSerialId: null, persistedOpState: IN_SERVICE, persistedOpStateExpiryEpochSec: 0}, ReplicationConfig: RATIS/THREE, State:ALLOCATED, leaderId:, CreationTimestamp2021-07-03T01:52:52.988Z].
2021-07-03 01:52:53,007 [72fc5de2-a3f7-4fa9-972b-1bbfdbde045f@group-97EA473A16A6-StateMachineUpdater] INFO  safemode.HealthyPipelineSafeModeRule (HealthyPipelineSafeModeRule.java:initializeRule(152)) - Refreshed total pipeline count is 0, healthy pipeline threshold count is 1
2021-07-03 01:52:53,009 [bae6930e-8ae4-497b-9eaa-87fb2ec79d16@group-97EA473A16A6-StateMachineUpdater] INFO  pipeline.PipelineStateManager (PipelineStateManagerV2Impl.java:addPipeline(101)) - Created pipeline Pipeline[ Id: 24d4eb0a-6b75-4498-880f-0abb88d0a2e0, Nodes: ca9dc723-67a1-4a65-9480-66850f9b9d20{ip: 127.0.0.1, host: localhost, ports: [REPLICATION=45997, RATIS=37533, RATIS_ADMIN=37533, RATIS_SERVER=37533, STANDALONE=43411], networkLocation: /default-rack, certSerialId: null, persistedOpState: IN_SERVICE, persistedOpStateExpiryEpochSec: 0}8fa4ef72-0e52-420c-b0d5-60420e93c6a9{ip: 127.0.0.1, host: localhost, ports: [REPLICATION=38391, RATIS=35781, RATIS_ADMIN=35781, RATIS_SERVER=35781, STANDALONE=36885], networkLocation: /default-rack, certSerialId: null, persistedOpState: IN_SERVICE, persistedOpStateExpiryEpochSec: 0}48a93f24-2ce5-44e8-b9e2-5628d9c2ac97{ip: 127.0.0.1, host: localhost, ports: [REPLICATION=45207, RATIS=36777, RATIS_ADMIN=36777, RATIS_SERVER=36777, STANDALONE=39283], networkLocation: /default-rack, certSerialId: null, persistedOpState: IN_SERVICE, persistedOpStateExpiryEpochSec: 0}, ReplicationConfig: RATIS/THREE, State:ALLOCATED, leaderId:, CreationTimestamp2021-07-03T01:52:52.999Z].
2021-07-03 01:52:53,010 [bae6930e-8ae4-497b-9eaa-87fb2ec79d16@group-97EA473A16A6-StateMachineUpdater] INFO  safemode.HealthyPipelineSafeModeRule (HealthyPipelineSafeModeRule.java:initializeRule(152)) - Refreshed total pipeline count is 0, healthy pipeline threshold count is 1
2021-07-03 01:52:53,010 [RatisPipelineUtilsThread - 0] INFO  ha.SCMHAInvocationHandler (SCMHAInvocationHandler.java:invokeRatis(113)) - Invoking method public abstract void org.apache.hadoop.hdds.scm.pipeline.StateManager.addPipeline(org.apache.hadoop.hdds.protocol.proto.HddsProtos$Pipeline) throws java.io.IOException on target org.apache.hadoop.hdds.scm.ha.SCMRatisServerImpl@45a02fd2, cost 10855.884us
2021-07-03 01:52:53,010 [RatisPipelineUtilsThread - 0] INFO  pipeline.PipelineManagerV2Impl (PipelineManagerV2Impl.java:recordMetricsForPipeline(589)) - Pipeline: PipelineID=24d4eb0a-6b75-4498-880f-0abb88d0a2e0 contains same datanodes as previous pipelines: PipelineID=dcae577b-b0f7-4d18-86dc-35daf16c14ce nodeIds: ca9dc723-67a1-4a65-9480-66850f9b9d20, 8fa4ef72-0e52-420c-b0d5-60420e93c6a9, 48a93f24-2ce5-44e8-b9e2-5628d9c2ac97
2021-07-03 01:52:53,011 [bae6930e-8ae4-497b-9eaa-87fb2ec79d16@group-97EA473A16A6-StateMachineUpdater] INFO  ha.SCMStateMachine (SCMStateMachine.java:takeSnapshot(290)) - Current Snapshot Index 15, takeSnapshot took 1 ms
2021-07-03 01:52:53,011 [bae6930e-8ae4-497b-9eaa-87fb2ec79d16@group-97EA473A16A6-StateMachineUpdater] INFO  impl.StateMachineUpdater (StateMachineUpdater.java:takeSnapshot(281)) - bae6930e-8ae4-497b-9eaa-87fb2ec79d16@group-97EA473A16A6-StateMachineUpdater: Took a snapshot at index 15
2021-07-03 01:52:53,011 [bae6930e-8ae4-497b-9eaa-87fb2ec79d16@group-97EA473A16A6-StateMachineUpdater] INFO  impl.StateMachineUpdater (StateMachineUpdater.java:lambda$new$0(89)) - bae6930e-8ae4-497b-9eaa-87fb2ec79d16@group-97EA473A16A6-StateMachineUpdater: snapshotIndex: updateIncreasingly 10 -> 15
2021-07-03 01:52:53,011 [bae6930e-8ae4-497b-9eaa-87fb2ec79d16@group-97EA473A16A6-StateMachineUpdater] INFO  raftlog.RaftLog (RaftLogBase.java:purge(306)) - bae6930e-8ae4-497b-9eaa-87fb2ec79d16@group-97EA473A16A6-SegmentedRaftLog: purge 15
2021-07-03 01:52:53,011 [bae6930e-8ae4-497b-9eaa-87fb2ec79d16@group-97EA473A16A6-StateMachineUpdater] INFO  raftlog.RaftLog (RaftLogBase.java:lambda$new$0(53)) - bae6930e-8ae4-497b-9eaa-87fb2ec79d16@group-97EA473A16A6-SegmentedRaftLog: snapshotIndex: updateIncreasingly 10 -> 15
2021-07-03 01:52:53,011 [bae6930e-8ae4-497b-9eaa-87fb2ec79d16@group-97EA473A16A6-StateMachineUpdater] INFO  raftlog.RaftLog (RaftLogBase.java:lambda$new$0(53)) - bae6930e-8ae4-497b-9eaa-87fb2ec79d16@group-97EA473A16A6-SegmentedRaftLog: purgeIndex: updateToMax old=10, new=15, updated? true
2021-07-03 01:52:53,020 [72fc5de2-a3f7-4fa9-972b-1bbfdbde045f@group-97EA473A16A6-StateMachineUpdater] INFO  pipeline.PipelineStateManager (PipelineStateManagerV2Impl.java:addPipeline(101)) - Created pipeline Pipeline[ Id: 24d4eb0a-6b75-4498-880f-0abb88d0a2e0, Nodes: ca9dc723-67a1-4a65-9480-66850f9b9d20{ip: 127.0.0.1, host: localhost, ports: [REPLICATION=45997, RATIS=37533, RATIS_ADMIN=37533, RATIS_SERVER=37533, STANDALONE=43411], networkLocation: /default-rack, certSerialId: null, persistedOpState: IN_SERVICE, persistedOpStateExpiryEpochSec: 0}8fa4ef72-0e52-420c-b0d5-60420e93c6a9{ip: 127.0.0.1, host: localhost, ports: [REPLICATION=38391, RATIS=35781, RATIS_ADMIN=35781, RATIS_SERVER=35781, STANDALONE=36885], networkLocation: /default-rack, certSerialId: null, persistedOpState: IN_SERVICE, persistedOpStateExpiryEpochSec: 0}48a93f24-2ce5-44e8-b9e2-5628d9c2ac97{ip: 127.0.0.1, host: localhost, ports: [REPLICATION=45207, RATIS=36777, RATIS_ADMIN=36777, RATIS_SERVER=36777, STANDALONE=39283], networkLocation: /default-rack, certSerialId: null, persistedOpState: IN_SERVICE, persistedOpStateExpiryEpochSec: 0}, ReplicationConfig: RATIS/THREE, State:ALLOCATED, leaderId:, CreationTimestamp2021-07-03T01:52:52.999Z].
2021-07-03 01:52:53,020 [72fc5de2-a3f7-4fa9-972b-1bbfdbde045f@group-97EA473A16A6-StateMachineUpdater] INFO  safemode.HealthyPipelineSafeModeRule (HealthyPipelineSafeModeRule.java:initializeRule(152)) - Refreshed total pipeline count is 0, healthy pipeline threshold count is 1
2021-07-03 01:52:53,021 [72fc5de2-a3f7-4fa9-972b-1bbfdbde045f@group-97EA473A16A6-StateMachineUpdater] INFO  ha.SCMStateMachine (SCMStateMachine.java:takeSnapshot(290)) - Current Snapshot Index 15, takeSnapshot took 0 ms
2021-07-03 01:52:53,021 [72fc5de2-a3f7-4fa9-972b-1bbfdbde045f@group-97EA473A16A6-StateMachineUpdater] INFO  impl.StateMachineUpdater (StateMachineUpdater.java:takeSnapshot(281)) - 72fc5de2-a3f7-4fa9-972b-1bbfdbde045f@group-97EA473A16A6-StateMachineUpdater: Took a snapshot at index 15
2021-07-03 01:52:53,021 [72fc5de2-a3f7-4fa9-972b-1bbfdbde045f@group-97EA473A16A6-StateMachineUpdater] INFO  impl.StateMachineUpdater (StateMachineUpdater.java:lambda$new$0(89)) - 72fc5de2-a3f7-4fa9-972b-1bbfdbde045f@group-97EA473A16A6-StateMachineUpdater: snapshotIndex: updateIncreasingly 10 -> 15
2021-07-03 01:52:53,021 [72fc5de2-a3f7-4fa9-972b-1bbfdbde045f@group-97EA473A16A6-StateMachineUpdater] INFO  raftlog.RaftLog (RaftLogBase.java:purge(306)) - 72fc5de2-a3f7-4fa9-972b-1bbfdbde045f@group-97EA473A16A6-SegmentedRaftLog: purge 15
2021-07-03 01:52:53,021 [72fc5de2-a3f7-4fa9-972b-1bbfdbde045f@group-97EA473A16A6-StateMachineUpdater] INFO  raftlog.RaftLog (RaftLogBase.java:lambda$new$0(53)) - 72fc5de2-a3f7-4fa9-972b-1bbfdbde045f@group-97EA473A16A6-SegmentedRaftLog: snapshotIndex: updateIncreasingly 10 -> 15
2021-07-03 01:52:53,021 [72fc5de2-a3f7-4fa9-972b-1bbfdbde045f@group-97EA473A16A6-StateMachineUpdater] INFO  raftlog.RaftLog (RaftLogBase.java:lambda$new$0(53)) - 72fc5de2-a3f7-4fa9-972b-1bbfdbde045f@group-97EA473A16A6-SegmentedRaftLog: purgeIndex: updateToMax old=10, new=15, updated? true
2021-07-03 01:52:53,526 [EndpointStateMachine task thread for /127.0.0.1:13935 - 0 ] INFO  ipc.Client (Client.java:handleConnectionFailure(966)) - Retrying connect to server: localhost/127.0.0.1:13935. Already tried 12 time(s); retry policy is RetryUpToMaximumCountWithFixedSleep(maxRetries=15, sleepTime=1000 MILLISECONDS)
2021-07-03 01:52:53,526 [EndpointStateMachine task thread for /127.0.0.1:13925 - 0 ] INFO  ipc.Client (Client.java:handleConnectionFailure(966)) - Retrying connect to server: localhost/127.0.0.1:13925. Already tried 14 time(s); retry policy is RetryUpToMaximumCountWithFixedSleep(maxRetries=15, sleepTime=1000 MILLISECONDS)
2021-07-03 01:52:53,526 [EndpointStateMachine task thread for /127.0.0.1:13945 - 0 ] INFO  ipc.Client (Client.java:handleConnectionFailure(966)) - Retrying connect to server: localhost/127.0.0.1:13945. Already tried 11 time(s); retry policy is RetryUpToMaximumCountWithFixedSleep(maxRetries=15, sleepTime=1000 MILLISECONDS)
2021-07-03 01:52:53,968 [Listener at 127.0.0.1/11044] INFO  ozone.MiniOzoneClusterImpl (MiniOzoneClusterImpl.java:lambda$waitForClusterToBeReady$0(227)) - Nodes are ready. Got 3 of 3 DN Heartbeats.
2021-07-03 01:52:53,969 [Listener at 127.0.0.1/11044] INFO  ozone.MiniOzoneClusterImpl (MiniOzoneClusterImpl.java:lambda$waitForClusterToBeReady$0(230)) - Waiting for cluster to exit safe mode
2021-07-03 01:52:53,969 [Listener at 127.0.0.1/11044] INFO  ozone.MiniOzoneClusterImpl (MiniOzoneClusterImpl.java:lambda$waitForClusterToBeReady$0(232)) - SCM became leader
2021-07-03 01:52:54,527 [EndpointStateMachine task thread for /127.0.0.1:13935 - 0 ] INFO  ipc.Client (Client.java:handleConnectionFailure(966)) - Retrying connect to server: localhost/127.0.0.1:13935. Already tried 13 time(s); retry policy is RetryUpToMaximumCountWithFixedSleep(maxRetries=15, sleepTime=1000 MILLISECONDS)
2021-07-03 01:52:54,528 [EndpointStateMachine task thread for /127.0.0.1:13925 - 0 ] INFO  ipc.Client (Client.java:handleConnectionFailure(966)) - Retrying connect to server: localhost/127.0.0.1:13925. Already tried 0 time(s); retry policy is RetryUpToMaximumCountWithFixedSleep(maxRetries=15, sleepTime=1000 MILLISECONDS)
2021-07-03 01:52:54,528 [EndpointStateMachine task thread for /127.0.0.1:13945 - 0 ] INFO  ipc.Client (Client.java:handleConnectionFailure(966)) - Retrying connect to server: localhost/127.0.0.1:13945. Already tried 12 time(s); retry policy is RetryUpToMaximumCountWithFixedSleep(maxRetries=15, sleepTime=1000 MILLISECONDS)
2021-07-03 01:52:54,703 [Datanode State Machine Thread - 0] ERROR datanode.RunningDatanodeState (RunningDatanodeState.java:computeNextContainerState(199)) - Error in executing end point task.
java.util.concurrent.ExecutionException: java.util.concurrent.TimeoutException
	at java.util.concurrent.FutureTask.report(FutureTask.java:122)
	at java.util.concurrent.FutureTask.get(FutureTask.java:192)
	at org.apache.hadoop.ozone.container.common.states.datanode.RunningDatanodeState.computeNextContainerState(RunningDatanodeState.java:191)
	at org.apache.hadoop.ozone.container.common.states.datanode.RunningDatanodeState.await(RunningDatanodeState.java:231)
	at org.apache.hadoop.ozone.container.common.states.datanode.RunningDatanodeState.await(RunningDatanodeState.java:50)
	at org.apache.hadoop.ozone.container.common.statemachine.StateContext.execute(StateContext.java:629)
	at org.apache.hadoop.ozone.container.common.statemachine.DatanodeStateMachine.start(DatanodeStateMachine.java:244)
	at org.apache.hadoop.ozone.container.common.statemachine.DatanodeStateMachine.lambda$startDaemon$0(DatanodeStateMachine.java:429)
	at java.lang.Thread.run(Thread.java:748)
Caused by: java.util.concurrent.TimeoutException
	at java.util.concurrent.FutureTask.get(FutureTask.java:205)
	at org.apache.hadoop.ozone.container.common.states.datanode.RunningDatanodeState.lambda$execute$0(RunningDatanodeState.java:149)
	at java.util.concurrent.FutureTask.run(FutureTask.java:266)
	at java.util.concurrent.Executors$RunnableAdapter.call(Executors.java:511)
	at java.util.concurrent.FutureTask.run(FutureTask.java:266)
	at java.util.concurrent.ThreadPoolExecutor.runWorker(ThreadPoolExecutor.java:1149)
	at java.util.concurrent.ThreadPoolExecutor$Worker.run(ThreadPoolExecutor.java:624)
	... 1 more
2021-07-03 01:52:54,843 [Datanode State Machine Thread - 0] ERROR datanode.RunningDatanodeState (RunningDatanodeState.java:computeNextContainerState(199)) - Error in executing end point task.
java.util.concurrent.ExecutionException: java.util.concurrent.TimeoutException
	at java.util.concurrent.FutureTask.report(FutureTask.java:122)
	at java.util.concurrent.FutureTask.get(FutureTask.java:192)
	at org.apache.hadoop.ozone.container.common.states.datanode.RunningDatanodeState.computeNextContainerState(RunningDatanodeState.java:191)
	at org.apache.hadoop.ozone.container.common.states.datanode.RunningDatanodeState.await(RunningDatanodeState.java:231)
	at org.apache.hadoop.ozone.container.common.states.datanode.RunningDatanodeState.await(RunningDatanodeState.java:50)
	at org.apache.hadoop.ozone.container.common.statemachine.StateContext.execute(StateContext.java:629)
	at org.apache.hadoop.ozone.container.common.statemachine.DatanodeStateMachine.start(DatanodeStateMachine.java:244)
	at org.apache.hadoop.ozone.container.common.statemachine.DatanodeStateMachine.lambda$startDaemon$0(DatanodeStateMachine.java:429)
	at java.lang.Thread.run(Thread.java:748)
Caused by: java.util.concurrent.TimeoutException
	at java.util.concurrent.FutureTask.get(FutureTask.java:205)
	at org.apache.hadoop.ozone.container.common.states.datanode.RunningDatanodeState.lambda$execute$0(RunningDatanodeState.java:149)
	at java.util.concurrent.FutureTask.run(FutureTask.java:266)
	at java.util.concurrent.Executors$RunnableAdapter.call(Executors.java:511)
	at java.util.concurrent.FutureTask.run(FutureTask.java:266)
	at java.util.concurrent.ThreadPoolExecutor.runWorker(ThreadPoolExecutor.java:1149)
	at java.util.concurrent.ThreadPoolExecutor$Worker.run(ThreadPoolExecutor.java:624)
	... 1 more
2021-07-03 01:52:54,969 [Listener at 127.0.0.1/11044] INFO  ozone.MiniOzoneClusterImpl (MiniOzoneClusterImpl.java:lambda$waitForClusterToBeReady$0(227)) - Nodes are ready. Got 3 of 3 DN Heartbeats.
2021-07-03 01:52:54,969 [Listener at 127.0.0.1/11044] INFO  ozone.MiniOzoneClusterImpl (MiniOzoneClusterImpl.java:lambda$waitForClusterToBeReady$0(230)) - Waiting for cluster to exit safe mode
2021-07-03 01:52:54,970 [Listener at 127.0.0.1/11044] INFO  ozone.MiniOzoneClusterImpl (MiniOzoneClusterImpl.java:lambda$waitForClusterToBeReady$0(232)) - SCM became leader
2021-07-03 01:52:54,972 [Datanode State Machine Thread - 0] ERROR datanode.RunningDatanodeState (RunningDatanodeState.java:computeNextContainerState(199)) - Error in executing end point task.
java.util.concurrent.ExecutionException: java.util.concurrent.TimeoutException
	at java.util.concurrent.FutureTask.report(FutureTask.java:122)
	at java.util.concurrent.FutureTask.get(FutureTask.java:192)
	at org.apache.hadoop.ozone.container.common.states.datanode.RunningDatanodeState.computeNextContainerState(RunningDatanodeState.java:191)
	at org.apache.hadoop.ozone.container.common.states.datanode.RunningDatanodeState.await(RunningDatanodeState.java:231)
	at org.apache.hadoop.ozone.container.common.states.datanode.RunningDatanodeState.await(RunningDatanodeState.java:50)
	at org.apache.hadoop.ozone.container.common.statemachine.StateContext.execute(StateContext.java:629)
	at org.apache.hadoop.ozone.container.common.statemachine.DatanodeStateMachine.start(DatanodeStateMachine.java:244)
	at org.apache.hadoop.ozone.container.common.statemachine.DatanodeStateMachine.lambda$startDaemon$0(DatanodeStateMachine.java:429)
	at java.lang.Thread.run(Thread.java:748)
Caused by: java.util.concurrent.TimeoutException
	at java.util.concurrent.FutureTask.get(FutureTask.java:205)
	at org.apache.hadoop.ozone.container.common.states.datanode.RunningDatanodeState.lambda$execute$0(RunningDatanodeState.java:149)
	at java.util.concurrent.FutureTask.run(FutureTask.java:266)
	at java.util.concurrent.Executors$RunnableAdapter.call(Executors.java:511)
	at java.util.concurrent.FutureTask.run(FutureTask.java:266)
	at java.util.concurrent.ThreadPoolExecutor.runWorker(ThreadPoolExecutor.java:1149)
	at java.util.concurrent.ThreadPoolExecutor$Worker.run(ThreadPoolExecutor.java:624)
	... 1 more
2021-07-03 01:52:55,528 [EndpointStateMachine task thread for /127.0.0.1:13935 - 0 ] INFO  ipc.Client (Client.java:handleConnectionFailure(966)) - Retrying connect to server: localhost/127.0.0.1:13935. Already tried 14 time(s); retry policy is RetryUpToMaximumCountWithFixedSleep(maxRetries=15, sleepTime=1000 MILLISECONDS)
2021-07-03 01:52:55,529 [EndpointStateMachine task thread for /127.0.0.1:13945 - 0 ] INFO  ipc.Client (Client.java:handleConnectionFailure(966)) - Retrying connect to server: localhost/127.0.0.1:13945. Already tried 13 time(s); retry policy is RetryUpToMaximumCountWithFixedSleep(maxRetries=15, sleepTime=1000 MILLISECONDS)
2021-07-03 01:52:55,529 [EndpointStateMachine task thread for /127.0.0.1:13925 - 0 ] INFO  ipc.Client (Client.java:handleConnectionFailure(966)) - Retrying connect to server: localhost/127.0.0.1:13925. Already tried 1 time(s); retry policy is RetryUpToMaximumCountWithFixedSleep(maxRetries=15, sleepTime=1000 MILLISECONDS)
2021-07-03 01:52:55,703 [Command processor thread] INFO  server.RaftServer (RaftServerProxy.java:addNew(95)) - 48a93f24-2ce5-44e8-b9e2-5628d9c2ac97: addNew group-52771814C307:[48a93f24-2ce5-44e8-b9e2-5628d9c2ac97|rpc:127.0.0.1:36777|priority:1] returns group-52771814C307:java.util.concurrent.CompletableFuture@7f4aa2f7[Not completed]
2021-07-03 01:52:55,705 [pool-247-thread-1] INFO  server.RaftServer$Division (RaftServerImpl.java:<init>(180)) - 48a93f24-2ce5-44e8-b9e2-5628d9c2ac97: new RaftServerImpl for group-52771814C307:[48a93f24-2ce5-44e8-b9e2-5628d9c2ac97|rpc:127.0.0.1:36777|priority:1] with ContainerStateMachine:uninitialized
2021-07-03 01:52:55,707 [pool-247-thread-1] INFO  server.RaftServerConfigKeys (ConfUtils.java:logGet(44)) - raft.server.rpc.timeout.min = 5s (custom)
2021-07-03 01:52:55,707 [pool-247-thread-1] INFO  server.RaftServerConfigKeys (ConfUtils.java:logGet(44)) - raft.server.rpc.timeout.max = 5200ms (custom)
2021-07-03 01:52:55,707 [pool-247-thread-1] INFO  server.RaftServerConfigKeys (ConfUtils.java:logGet(44)) - raft.server.rpc.sleep.time = 25ms (default)
2021-07-03 01:52:55,707 [pool-247-thread-1] INFO  server.RaftServerConfigKeys (ConfUtils.java:logGet(44)) - raft.server.rpc.slowness.timeout = 300s (custom)
2021-07-03 01:52:55,707 [pool-247-thread-1] INFO  server.RaftServerConfigKeys (ConfUtils.java:logGet(44)) - raft.server.leaderelection.leader.step-down.wait-time = 10s (default)
2021-07-03 01:52:55,707 [pool-247-thread-1] INFO  server.RaftServerConfigKeys (ConfUtils.java:logGet(44)) - raft.server.sleep.deviation.threshold = 300ms (default)
2021-07-03 01:52:55,707 [pool-247-thread-1] INFO  server.RaftServerConfigKeys (ConfUtils.java:logGet(44)) - raft.server.log.appender.install.snapshot.enabled = false (custom)
2021-07-03 01:52:55,707 [pool-247-thread-1] INFO  server.RaftServer$Division (ServerState.java:<init>(105)) - 48a93f24-2ce5-44e8-b9e2-5628d9c2ac97@group-52771814C307: ConfigurationManager, init=-1: [48a93f24-2ce5-44e8-b9e2-5628d9c2ac97|rpc:127.0.0.1:36777|priority:1], old=null, confs=<EMPTY_MAP>
2021-07-03 01:52:55,707 [pool-247-thread-1] INFO  server.RaftServerConfigKeys (ConfUtils.java:logGet(44)) - raft.server.storage.dir = [/home/runner/work/ozone/ozone/mnt/ozone/hadoop-ozone/integration-test/target/test-dir/MiniOzoneClusterImpl-6d7611b0-ac11-41e1-98f8-97ea473a16a6/datanode-0/data/ratis] (custom)
2021-07-03 01:52:55,707 [pool-247-thread-1] INFO  server.RaftServerConfigKeys (ConfUtils.java:logGet(44)) - raft.server.log.corruption.policy = EXCEPTION (default)
2021-07-03 01:52:55,708 [pool-247-thread-1] INFO  storage.RaftStorageDirectory (RaftStorageDirectoryImpl.java:analyzeStorage(132)) - The storage directory /home/runner/work/ozone/ozone/mnt/ozone/hadoop-ozone/integration-test/target/test-dir/MiniOzoneClusterImpl-6d7611b0-ac11-41e1-98f8-97ea473a16a6/datanode-0/data/ratis/3f5e8b05-0d5c-4f4d-b92e-52771814c307 does not exist. Creating ...
2021-07-03 01:52:55,709 [pool-247-thread-1] INFO  storage.RaftStorageDirectory (RaftStorageDirectoryImpl.java:tryLock(215)) - Lock on /home/runner/work/ozone/ozone/mnt/ozone/hadoop-ozone/integration-test/target/test-dir/MiniOzoneClusterImpl-6d7611b0-ac11-41e1-98f8-97ea473a16a6/datanode-0/data/ratis/3f5e8b05-0d5c-4f4d-b92e-52771814c307/in_use.lock acquired by nodename 16859@fv-az12-896
2021-07-03 01:52:55,710 [pool-247-thread-1] INFO  storage.RaftStorage (RaftStorageImpl.java:format(87)) - Storage directory /home/runner/work/ozone/ozone/mnt/ozone/hadoop-ozone/integration-test/target/test-dir/MiniOzoneClusterImpl-6d7611b0-ac11-41e1-98f8-97ea473a16a6/datanode-0/data/ratis/3f5e8b05-0d5c-4f4d-b92e-52771814c307 has been successfully formatted.
2021-07-03 01:52:55,710 [pool-247-thread-1] INFO  ratis.ContainerStateMachine (ContainerStateMachine.java:loadSnapshot(223)) - group-52771814C307: The snapshot info is null. Setting the last applied indexto:(t:0, i:~)
2021-07-03 01:52:55,711 [pool-247-thread-1] INFO  server.RaftServerConfigKeys (ConfUtils.java:logGet(44)) - raft.server.notification.no-leader.timeout = 300s (custom)
2021-07-03 01:52:55,711 [pool-247-thread-1] INFO  server.RaftServerConfigKeys (ConfUtils.java:logGet(44)) - raft.server.log.use.memory = false (default)
2021-07-03 01:52:55,711 [pool-247-thread-1] INFO  server.RaftServerConfigKeys (ConfUtils.java:logGet(44)) - raft.server.log.purge.gap = 1000000 (custom)
2021-07-03 01:52:55,711 [pool-247-thread-1] INFO  server.RaftServerConfigKeys (ConfUtils.java:logGet(44)) - raft.server.log.appender.buffer.byte-limit = 33554432 (custom)
2021-07-03 01:52:55,711 [pool-247-thread-1] INFO  metrics.RatisMetrics (RatisMetrics.java:lambda$create$0(36)) - Creating Metrics Registry : ratis.log_worker.48a93f24-2ce5-44e8-b9e2-5628d9c2ac97@group-52771814C307
2021-07-03 01:52:55,711 [pool-247-thread-1] INFO  server.RaftServerConfigKeys (ConfUtils.java:logGet(44)) - raft.server.log.segment.size.max = 1048576 (custom)
2021-07-03 01:52:55,712 [EventQueue-PipelineReportForPipelineReportHandler] INFO  pipeline.PipelineManagerV2Impl (PipelineManagerV2Impl.java:openPipeline(270)) - Pipeline Pipeline[ Id: 3f5e8b05-0d5c-4f4d-b92e-52771814c307, Nodes: 48a93f24-2ce5-44e8-b9e2-5628d9c2ac97{ip: 127.0.0.1, host: localhost, ports: [REPLICATION=45207, RATIS=36777, RATIS_ADMIN=36777, RATIS_SERVER=36777, STANDALONE=39283], networkLocation: /default-rack, certSerialId: null, persistedOpState: IN_SERVICE, persistedOpStateExpiryEpochSec: 0}, ReplicationConfig: RATIS/ONE, State:ALLOCATED, leaderId:48a93f24-2ce5-44e8-b9e2-5628d9c2ac97, CreationTimestamp2021-07-03T01:52:52.708Z] moved to OPEN state
2021-07-03 01:52:55,717 [pool-247-thread-1] INFO  server.RaftServerConfigKeys (ConfUtils.java:logGet(44)) - raft.server.log.segment.cache.num.max = 2 (custom)
2021-07-03 01:52:55,717 [pool-247-thread-1] INFO  server.RaftServerConfigKeys (ConfUtils.java:logGet(44)) - raft.server.log.segment.cache.size.max = 200MB (=209715200) (default)
2021-07-03 01:52:55,717 [pool-247-thread-1] INFO  segmented.SegmentedRaftLogWorker (SegmentedRaftLogWorker.java:<init>(182)) - new 48a93f24-2ce5-44e8-b9e2-5628d9c2ac97@group-52771814C307-SegmentedRaftLogWorker for RaftStorageImpl:Storage Directory /home/runner/work/ozone/ozone/mnt/ozone/hadoop-ozone/integration-test/target/test-dir/MiniOzoneClusterImpl-6d7611b0-ac11-41e1-98f8-97ea473a16a6/datanode-0/data/ratis/3f5e8b05-0d5c-4f4d-b92e-52771814c307
2021-07-03 01:52:55,717 [pool-247-thread-1] INFO  server.RaftServerConfigKeys (ConfUtils.java:logGet(44)) - raft.server.log.queue.byte-limit = 2147483647 (custom)
2021-07-03 01:52:55,718 [pool-247-thread-1] INFO  server.RaftServerConfigKeys (ConfUtils.java:logGet(44)) - raft.server.log.queue.element-limit = 1024 (custom)
2021-07-03 01:52:55,718 [pool-247-thread-1] INFO  server.RaftServerConfigKeys (ConfUtils.java:logGet(44)) - raft.server.log.segment.size.max = 1048576 (custom)
2021-07-03 01:52:55,719 [EndpointStateMachine task thread for /127.0.0.1:14517 - 0 ] WARN  statemachine.EndpointStateMachine (EndpointStateMachine.java:logIfNeeded(236)) - Unable to communicate to SCM server at localhost:14517 for past 0 seconds.
java.net.SocketTimeoutException: Call From fv-az12-896/10.1.0.32 to localhost:14517 failed on socket timeout exception: java.net.SocketTimeoutException: 5000 millis timeout while waiting for channel to be ready for read. ch : java.nio.channels.SocketChannel[connected local=/127.0.0.1:42488 remote=/127.0.0.1:14517]; For more details see:  http://wiki.apache.org/hadoop/SocketTimeout
	at sun.reflect.NativeConstructorAccessorImpl.newInstance0(Native Method)
	at sun.reflect.NativeConstructorAccessorImpl.newInstance(NativeConstructorAccessorImpl.java:62)
	at sun.reflect.DelegatingConstructorAccessorImpl.newInstance(DelegatingConstructorAccessorImpl.java:45)
	at java.lang.reflect.Constructor.newInstance(Constructor.java:423)
	at org.apache.hadoop.net.NetUtils.wrapWithMessage(NetUtils.java:836)
	at org.apache.hadoop.net.NetUtils.wrapException(NetUtils.java:780)
	at org.apache.hadoop.ipc.Client.getRpcResponse(Client.java:1566)
	at org.apache.hadoop.ipc.Client.call(Client.java:1508)
	at org.apache.hadoop.ipc.Client.call(Client.java:1405)
	at org.apache.hadoop.ipc.ProtobufRpcEngine$Invoker.invoke(ProtobufRpcEngine.java:233)
	at org.apache.hadoop.ipc.ProtobufRpcEngine$Invoker.invoke(ProtobufRpcEngine.java:118)
	at com.sun.proxy.$Proxy45.submitRequest(Unknown Source)
	at org.apache.hadoop.ozone.protocolPB.StorageContainerDatanodeProtocolClientSideTranslatorPB.submitRequest(StorageContainerDatanodeProtocolClientSideTranslatorPB.java:117)
	at org.apache.hadoop.ozone.protocolPB.StorageContainerDatanodeProtocolClientSideTranslatorPB.getVersion(StorageContainerDatanodeProtocolClientSideTranslatorPB.java:133)
	at org.apache.hadoop.ozone.container.common.states.endpoint.VersionEndpointTask.call(VersionEndpointTask.java:71)
	at org.apache.hadoop.ozone.container.common.states.endpoint.VersionEndpointTask.call(VersionEndpointTask.java:42)
	at java.util.concurrent.FutureTask.run(FutureTask.java:266)
	at java.util.concurrent.ThreadPoolExecutor.runWorker(ThreadPoolExecutor.java:1149)
	at java.util.concurrent.ThreadPoolExecutor$Worker.run(ThreadPoolExecutor.java:624)
	at java.lang.Thread.run(Thread.java:748)
Caused by: java.net.SocketTimeoutException: 5000 millis timeout while waiting for channel to be ready for read. ch : java.nio.channels.SocketChannel[connected local=/127.0.0.1:42488 remote=/127.0.0.1:14517]
	at org.apache.hadoop.net.SocketIOWithTimeout.doIO(SocketIOWithTimeout.java:164)
	at org.apache.hadoop.net.SocketInputStream.read(SocketInputStream.java:161)
	at org.apache.hadoop.net.SocketInputStream.read(SocketInputStream.java:131)
	at java.io.FilterInputStream.read(FilterInputStream.java:133)
	at java.io.BufferedInputStream.fill(BufferedInputStream.java:246)
	at java.io.BufferedInputStream.read(BufferedInputStream.java:265)
	at java.io.FilterInputStream.read(FilterInputStream.java:83)
	at java.io.FilterInputStream.read(FilterInputStream.java:83)
	at org.apache.hadoop.ipc.Client$Connection$PingInputStream.read(Client.java:562)
	at java.io.DataInputStream.readInt(DataInputStream.java:387)
	at org.apache.hadoop.ipc.Client$IpcStreams.readResponse(Client.java:1880)
	at org.apache.hadoop.ipc.Client$Connection.receiveRpcResponse(Client.java:1191)
	at org.apache.hadoop.ipc.Client$Connection.run(Client.java:1087)
2021-07-03 01:52:55,719 [EventQueue-PipelineReportForPipelineReportHandler] INFO  pipeline.PipelineManagerV2Impl (PipelineManagerV2Impl.java:openPipeline(270)) - Pipeline Pipeline[ Id: 3f5e8b05-0d5c-4f4d-b92e-52771814c307, Nodes: 48a93f24-2ce5-44e8-b9e2-5628d9c2ac97{ip: 127.0.0.1, host: localhost, ports: [REPLICATION=45207, RATIS=36777, RATIS_ADMIN=36777, RATIS_SERVER=36777, STANDALONE=39283], networkLocation: /default-rack, certSerialId: null, persistedOpState: IN_SERVICE, persistedOpStateExpiryEpochSec: 0}, ReplicationConfig: RATIS/ONE, State:ALLOCATED, leaderId:48a93f24-2ce5-44e8-b9e2-5628d9c2ac97, CreationTimestamp2021-07-03T01:52:52.708Z] moved to OPEN state
2021-07-03 01:52:55,719 [EndpointStateMachine task thread for /127.0.0.1:14517 - 0 ] WARN  statemachine.EndpointStateMachine (EndpointStateMachine.java:logIfNeeded(236)) - Unable to communicate to SCM server at 127.0.0.1:14517 for past 0 seconds.
java.net.SocketTimeoutException: Call From fv-az12-896/10.1.0.32 to localhost:14517 failed on socket timeout exception: java.net.SocketTimeoutException: 5000 millis timeout while waiting for channel to be ready for read. ch : java.nio.channels.SocketChannel[connected local=/127.0.0.1:42488 remote=/127.0.0.1:14517]; For more details see:  http://wiki.apache.org/hadoop/SocketTimeout
	at sun.reflect.NativeConstructorAccessorImpl.newInstance0(Native Method)
	at sun.reflect.NativeConstructorAccessorImpl.newInstance(NativeConstructorAccessorImpl.java:62)
	at sun.reflect.DelegatingConstructorAccessorImpl.newInstance(DelegatingConstructorAccessorImpl.java:45)
	at java.lang.reflect.Constructor.newInstance(Constructor.java:423)
	at org.apache.hadoop.net.NetUtils.wrapWithMessage(NetUtils.java:836)
	at org.apache.hadoop.net.NetUtils.wrapException(NetUtils.java:780)
	at org.apache.hadoop.ipc.Client.getRpcResponse(Client.java:1566)
	at org.apache.hadoop.ipc.Client.call(Client.java:1508)
	at org.apache.hadoop.ipc.Client.call(Client.java:1405)
	at org.apache.hadoop.ipc.ProtobufRpcEngine$Invoker.invoke(ProtobufRpcEngine.java:233)
	at org.apache.hadoop.ipc.ProtobufRpcEngine$Invoker.invoke(ProtobufRpcEngine.java:118)
	at com.sun.proxy.$Proxy45.submitRequest(Unknown Source)
	at org.apache.hadoop.ozone.protocolPB.StorageContainerDatanodeProtocolClientSideTranslatorPB.submitRequest(StorageContainerDatanodeProtocolClientSideTranslatorPB.java:117)
	at org.apache.hadoop.ozone.protocolPB.StorageContainerDatanodeProtocolClientSideTranslatorPB.getVersion(StorageContainerDatanodeProtocolClientSideTranslatorPB.java:133)
	at org.apache.hadoop.ozone.container.common.states.endpoint.VersionEndpointTask.call(VersionEndpointTask.java:71)
	at org.apache.hadoop.ozone.container.common.states.endpoint.VersionEndpointTask.call(VersionEndpointTask.java:42)
	at java.util.concurrent.FutureTask.run(FutureTask.java:266)
	at java.util.concurrent.ThreadPoolExecutor.runWorker(ThreadPoolExecutor.java:1149)
	at java.util.concurrent.ThreadPoolExecutor$Worker.run(ThreadPoolExecutor.java:624)
	at java.lang.Thread.run(Thread.java:748)
Caused by: java.net.SocketTimeoutException: 5000 millis timeout while waiting for channel to be ready for read. ch : java.nio.channels.SocketChannel[connected local=/127.0.0.1:42488 remote=/127.0.0.1:14517]
	at org.apache.hadoop.net.SocketIOWithTimeout.doIO(SocketIOWithTimeout.java:164)
	at org.apache.hadoop.net.SocketInputStream.read(SocketInputStream.java:161)
	at org.apache.hadoop.net.SocketInputStream.read(SocketInputStream.java:131)
	at java.io.FilterInputStream.read(FilterInputStream.java:133)
	at java.io.BufferedInputStream.fill(BufferedInputStream.java:246)
	at java.io.BufferedInputStream.read(BufferedInputStream.java:265)
	at java.io.FilterInputStream.read(FilterInputStream.java:83)
	at java.io.FilterInputStream.read(FilterInputStream.java:83)
	at org.apache.hadoop.ipc.Client$Connection$PingInputStream.read(Client.java:562)
	at java.io.DataInputStream.readInt(DataInputStream.java:387)
	at org.apache.hadoop.ipc.Client$IpcStreams.readResponse(Client.java:1880)
	at org.apache.hadoop.ipc.Client$Connection.receiveRpcResponse(Client.java:1191)
	at org.apache.hadoop.ipc.Client$Connection.run(Client.java:1087)
2021-07-03 01:52:55,719 [EndpointStateMachine task thread for /127.0.0.1:14517 - 0 ] WARN  statemachine.EndpointStateMachine (EndpointStateMachine.java:logIfNeeded(236)) - Unable to communicate to SCM server at 127.0.0.1:14517 for past 0 seconds.
java.net.SocketTimeoutException: Call From fv-az12-896/10.1.0.32 to localhost:14517 failed on socket timeout exception: java.net.SocketTimeoutException: 5000 millis timeout while waiting for channel to be ready for read. ch : java.nio.channels.SocketChannel[connected local=/127.0.0.1:42488 remote=/127.0.0.1:14517]; For more details see:  http://wiki.apache.org/hadoop/SocketTimeout
	at sun.reflect.NativeConstructorAccessorImpl.newInstance0(Native Method)
	at sun.reflect.NativeConstructorAccessorImpl.newInstance(NativeConstructorAccessorImpl.java:62)
	at sun.reflect.DelegatingConstructorAccessorImpl.newInstance(DelegatingConstructorAccessorImpl.java:45)
	at java.lang.reflect.Constructor.newInstance(Constructor.java:423)
	at org.apache.hadoop.net.NetUtils.wrapWithMessage(NetUtils.java:836)
	at org.apache.hadoop.net.NetUtils.wrapException(NetUtils.java:780)
	at org.apache.hadoop.ipc.Client.getRpcResponse(Client.java:1566)
	at org.apache.hadoop.ipc.Client.call(Client.java:1508)
	at org.apache.hadoop.ipc.Client.call(Client.java:1405)
	at org.apache.hadoop.ipc.ProtobufRpcEngine$Invoker.invoke(ProtobufRpcEngine.java:233)
	at org.apache.hadoop.ipc.ProtobufRpcEngine$Invoker.invoke(ProtobufRpcEngine.java:118)
	at com.sun.proxy.$Proxy45.submitRequest(Unknown Source)
	at org.apache.hadoop.ozone.protocolPB.StorageContainerDatanodeProtocolClientSideTranslatorPB.submitRequest(StorageContainerDatanodeProtocolClientSideTranslatorPB.java:117)
	at org.apache.hadoop.ozone.protocolPB.StorageContainerDatanodeProtocolClientSideTranslatorPB.getVersion(StorageContainerDatanodeProtocolClientSideTranslatorPB.java:133)
	at org.apache.hadoop.ozone.container.common.states.endpoint.VersionEndpointTask.call(VersionEndpointTask.java:71)
	at org.apache.hadoop.ozone.container.common.states.endpoint.VersionEndpointTask.call(VersionEndpointTask.java:42)
	at java.util.concurrent.FutureTask.run(FutureTask.java:266)
	at java.util.concurrent.ThreadPoolExecutor.runWorker(ThreadPoolExecutor.java:1149)
	at java.util.concurrent.ThreadPoolExecutor$Worker.run(ThreadPoolExecutor.java:624)
	at java.lang.Thread.run(Thread.java:748)
Caused by: java.net.SocketTimeoutException: 5000 millis timeout while waiting for channel to be ready for read. ch : java.nio.channels.SocketChannel[connected local=/127.0.0.1:42488 remote=/127.0.0.1:14517]
	at org.apache.hadoop.net.SocketIOWithTimeout.doIO(SocketIOWithTimeout.java:164)
	at org.apache.hadoop.net.SocketInputStream.read(SocketInputStream.java:161)
	at org.apache.hadoop.net.SocketInputStream.read(SocketInputStream.java:131)
	at java.io.FilterInputStream.read(FilterInputStream.java:133)
	at java.io.BufferedInputStream.fill(BufferedInputStream.java:246)
	at java.io.BufferedInputStream.read(BufferedInputStream.java:265)
	at java.io.FilterInputStream.read(FilterInputStream.java:83)
	at java.io.FilterInputStream.read(FilterInputStream.java:83)
	at org.apache.hadoop.ipc.Client$Connection$PingInputStream.read(Client.java:562)
	at java.io.DataInputStream.readInt(DataInputStream.java:387)
	at org.apache.hadoop.ipc.Client$IpcStreams.readResponse(Client.java:1880)
	at org.apache.hadoop.ipc.Client$Connection.receiveRpcResponse(Client.java:1191)
	at org.apache.hadoop.ipc.Client$Connection.run(Client.java:1087)
2021-07-03 01:52:55,731 [pool-247-thread-1] INFO  server.RaftServerConfigKeys (ConfUtils.java:logGet(44)) - raft.server.log.preallocated.size = 16384 (custom)
2021-07-03 01:52:55,731 [pool-247-thread-1] INFO  server.RaftServerConfigKeys (ConfUtils.java:logGet(44)) - raft.server.log.force.sync.num = 128 (default)
2021-07-03 01:52:55,731 [pool-247-thread-1] INFO  server.RaftServerConfigKeys (ConfUtils.java:logGet(44)) - raft.server.log.statemachine.data.sync = true (default)
2021-07-03 01:52:55,731 [pool-247-thread-1] INFO  server.RaftServerConfigKeys (ConfUtils.java:logGet(44)) - raft.server.log.statemachine.data.sync.timeout = 10s (default)
2021-07-03 01:52:55,731 [pool-247-thread-1] INFO  server.RaftServerConfigKeys (ConfUtils.java:logGet(44)) - raft.server.log.statemachine.data.sync.timeout.retry = -1 (default)
2021-07-03 01:52:55,732 [bae6930e-8ae4-497b-9eaa-87fb2ec79d16@group-97EA473A16A6-StateMachineUpdater] INFO  safemode.HealthyPipelineSafeModeRule (HealthyPipelineSafeModeRule.java:initializeRule(152)) - Refreshed total pipeline count is 0, healthy pipeline threshold count is 1
2021-07-03 01:52:55,732 [EventQueue-PipelineReportForPipelineReportHandler] INFO  ha.SCMHAInvocationHandler (SCMHAInvocationHandler.java:invokeRatis(113)) - Invoking method public abstract void org.apache.hadoop.hdds.scm.pipeline.StateManager.updatePipelineState(org.apache.hadoop.hdds.protocol.proto.HddsProtos$PipelineID,org.apache.hadoop.hdds.protocol.proto.HddsProtos$PipelineState) throws java.io.IOException on target org.apache.hadoop.hdds.scm.ha.SCMRatisServerImpl@45a02fd2, cost 20723.259us
2021-07-03 01:52:55,733 [pool-247-thread-1] INFO  server.RaftServerConfigKeys (ConfUtils.java:logGet(44)) - raft.server.log.write.buffer.size = 1048576 (custom)
2021-07-03 01:52:55,734 [pool-247-thread-1] INFO  server.RaftServerConfigKeys (ConfUtils.java:logGet(44)) - raft.server.log.statemachine.data.caching.enabled = true (custom)
2021-07-03 01:52:55,734 [pool-247-thread-1] INFO  segmented.SegmentedRaftLogWorker (SegmentedRaftLogWorker.java:lambda$new$0(133)) - 48a93f24-2ce5-44e8-b9e2-5628d9c2ac97@group-52771814C307-SegmentedRaftLogWorker: flushIndex: setUnconditionally 0 -> -1
2021-07-03 01:52:55,734 [pool-247-thread-1] INFO  segmented.SegmentedRaftLogWorker (SegmentedRaftLogWorker.java:lambda$new$0(133)) - 48a93f24-2ce5-44e8-b9e2-5628d9c2ac97@group-52771814C307-SegmentedRaftLogWorker: safeCacheEvictIndex: setUnconditionally 0 -> -1
2021-07-03 01:52:55,735 [pool-247-thread-1] INFO  server.RaftServerConfigKeys (ConfUtils.java:logGet(44)) - raft.server.snapshot.auto.trigger.enabled = true (custom)
2021-07-03 01:52:55,735 [pool-247-thread-1] INFO  server.RaftServerConfigKeys (ConfUtils.java:logGet(44)) - raft.server.snapshot.auto.trigger.threshold = 10000 (custom)
2021-07-03 01:52:55,735 [pool-247-thread-1] INFO  server.RaftServerConfigKeys (ConfUtils.java:logGet(44)) - raft.server.snapshot.retention.file.num = 5 (custom)
2021-07-03 01:52:55,735 [pool-247-thread-1] INFO  server.RaftServerConfigKeys (ConfUtils.java:logGet(44)) - raft.server.log.purge.upto.snapshot.index = false (default)
2021-07-03 01:52:55,735 [pool-247-thread-1] INFO  server.RaftServerConfigKeys (ConfUtils.java:logGet(44)) - raft.server.retrycache.expirytime = 600000ms (custom)
2021-07-03 01:52:55,735 [pool-247-thread-1] INFO  server.RaftServerConfigKeys (ConfUtils.java:logGet(44)) - raft.server.retrycache.statistics.expirytime = 100μs (default)
2021-07-03 01:52:55,736 [pool-247-thread-1] INFO  metrics.RatisMetrics (RatisMetrics.java:lambda$create$0(36)) - Creating Metrics Registry : ratis.leader_election.48a93f24-2ce5-44e8-b9e2-5628d9c2ac97@group-52771814C307
2021-07-03 01:52:55,741 [pool-247-thread-1] INFO  metrics.RatisMetrics (RatisMetrics.java:lambda$create$0(36)) - Creating Metrics Registry : ratis.server.48a93f24-2ce5-44e8-b9e2-5628d9c2ac97@group-52771814C307
2021-07-03 01:52:55,741 [EventQueue-PipelineReportForPipelineReportHandler] INFO  ha.SCMHAInvocationHandler (SCMHAInvocationHandler.java:invokeRatis(113)) - Invoking method public abstract void org.apache.hadoop.hdds.scm.pipeline.StateManager.updatePipelineState(org.apache.hadoop.hdds.protocol.proto.HddsProtos$PipelineID,org.apache.hadoop.hdds.protocol.proto.HddsProtos$PipelineState) throws java.io.IOException on target org.apache.hadoop.hdds.scm.ha.SCMRatisServerImpl@2ad0d1a6, cost 14934.915us
2021-07-03 01:52:55,742 [EventQueue-OpenPipelineForHealthyPipelineSafeModeRule] INFO  safemode.SCMSafeModeManager (HealthyPipelineSafeModeRule.java:process(124)) - SCM in safe mode. Healthy pipelines reported count is 0, required healthy pipeline reported count is 1
2021-07-03 01:52:55,742 [pool-247-thread-1] INFO  server.RaftServer$Division (RaftServerImpl.java:start(295)) - 48a93f24-2ce5-44e8-b9e2-5628d9c2ac97@group-52771814C307: start as a follower, conf=-1: [48a93f24-2ce5-44e8-b9e2-5628d9c2ac97|rpc:127.0.0.1:36777|priority:1], old=null
2021-07-03 01:52:55,742 [pool-247-thread-1] INFO  server.RaftServer$Division (RaftServerImpl.java:setRole(284)) - 48a93f24-2ce5-44e8-b9e2-5628d9c2ac97@group-52771814C307: changes role from      null to FOLLOWER at term 0 for startAsFollower
2021-07-03 01:52:55,742 [pool-247-thread-1] INFO  impl.RoleInfo (RoleInfo.java:updateAndGet(130)) - 48a93f24-2ce5-44e8-b9e2-5628d9c2ac97: start 48a93f24-2ce5-44e8-b9e2-5628d9c2ac97@group-52771814C307-FollowerState
2021-07-03 01:52:55,743 [pool-247-thread-1] INFO  util.JmxRegister (JmxRegister.java:tryRegister(44)) - Successfully registered JMX Bean with object name Ratis:service=RaftServer,group=group-52771814C307,id=48a93f24-2ce5-44e8-b9e2-5628d9c2ac97
2021-07-03 01:52:55,743 [pool-247-thread-1] INFO  metrics.RatisMetrics (RatisMetrics.java:lambda$create$0(36)) - Creating Metrics Registry : ratis.state_machine.48a93f24-2ce5-44e8-b9e2-5628d9c2ac97@group-52771814C307
2021-07-03 01:52:55,743 [Command processor thread] INFO  ratis.XceiverServerRatis (XceiverServerRatis.java:addGroup(759)) - Created group PipelineID=3f5e8b05-0d5c-4f4d-b92e-52771814c307
2021-07-03 01:52:55,743 [Command processor thread] INFO  commandhandler.CreatePipelineCommandHandler (CreatePipelineCommandHandler.java:handle(106)) - Created Pipeline RATIS ONE PipelineID=3f5e8b05-0d5c-4f4d-b92e-52771814c307.
2021-07-03 01:52:55,744 [Command processor thread] INFO  server.RaftServer (RaftServerProxy.java:addNew(95)) - 48a93f24-2ce5-44e8-b9e2-5628d9c2ac97: addNew group-35DAF16C14CE:[ca9dc723-67a1-4a65-9480-66850f9b9d20|rpc:127.0.0.1:37533|priority:1, 48a93f24-2ce5-44e8-b9e2-5628d9c2ac97|rpc:127.0.0.1:36777|priority:0, 8fa4ef72-0e52-420c-b0d5-60420e93c6a9|rpc:127.0.0.1:35781|priority:0] returns group-35DAF16C14CE:java.util.concurrent.CompletableFuture@7b7529c6[Not completed]
2021-07-03 01:52:55,744 [pool-247-thread-1] INFO  server.RaftServer$Division (RaftServerImpl.java:<init>(180)) - 48a93f24-2ce5-44e8-b9e2-5628d9c2ac97: new RaftServerImpl for group-35DAF16C14CE:[ca9dc723-67a1-4a65-9480-66850f9b9d20|rpc:127.0.0.1:37533|priority:1, 48a93f24-2ce5-44e8-b9e2-5628d9c2ac97|rpc:127.0.0.1:36777|priority:0, 8fa4ef72-0e52-420c-b0d5-60420e93c6a9|rpc:127.0.0.1:35781|priority:0] with ContainerStateMachine:uninitialized
2021-07-03 01:52:55,745 [pool-247-thread-1] INFO  server.RaftServerConfigKeys (ConfUtils.java:logGet(44)) - raft.server.rpc.timeout.min = 5s (custom)
2021-07-03 01:52:55,745 [pool-247-thread-1] INFO  server.RaftServerConfigKeys (ConfUtils.java:logGet(44)) - raft.server.rpc.timeout.max = 5200ms (custom)
2021-07-03 01:52:55,745 [pool-247-thread-1] INFO  server.RaftServerConfigKeys (ConfUtils.java:logGet(44)) - raft.server.rpc.sleep.time = 25ms (default)
2021-07-03 01:52:55,745 [pool-247-thread-1] INFO  server.RaftServerConfigKeys (ConfUtils.java:logGet(44)) - raft.server.rpc.slowness.timeout = 300s (custom)
2021-07-03 01:52:55,745 [pool-247-thread-1] INFO  server.RaftServerConfigKeys (ConfUtils.java:logGet(44)) - raft.server.leaderelection.leader.step-down.wait-time = 10s (default)
2021-07-03 01:52:55,745 [pool-247-thread-1] INFO  server.RaftServerConfigKeys (ConfUtils.java:logGet(44)) - raft.server.sleep.deviation.threshold = 300ms (default)
2021-07-03 01:52:55,745 [pool-247-thread-1] INFO  server.RaftServerConfigKeys (ConfUtils.java:logGet(44)) - raft.server.log.appender.install.snapshot.enabled = false (custom)
2021-07-03 01:52:55,745 [pool-247-thread-1] INFO  server.RaftServer$Division (ServerState.java:<init>(105)) - 48a93f24-2ce5-44e8-b9e2-5628d9c2ac97@group-35DAF16C14CE: ConfigurationManager, init=-1: [ca9dc723-67a1-4a65-9480-66850f9b9d20|rpc:127.0.0.1:37533|priority:1, 48a93f24-2ce5-44e8-b9e2-5628d9c2ac97|rpc:127.0.0.1:36777|priority:0, 8fa4ef72-0e52-420c-b0d5-60420e93c6a9|rpc:127.0.0.1:35781|priority:0], old=null, confs=<EMPTY_MAP>
2021-07-03 01:52:55,745 [pool-247-thread-1] INFO  server.RaftServerConfigKeys (ConfUtils.java:logGet(44)) - raft.server.storage.dir = [/home/runner/work/ozone/ozone/mnt/ozone/hadoop-ozone/integration-test/target/test-dir/MiniOzoneClusterImpl-6d7611b0-ac11-41e1-98f8-97ea473a16a6/datanode-0/data/ratis] (custom)
2021-07-03 01:52:55,746 [pool-247-thread-1] INFO  server.RaftServerConfigKeys (ConfUtils.java:logGet(44)) - raft.server.log.corruption.policy = EXCEPTION (default)
2021-07-03 01:52:55,746 [pool-247-thread-1] INFO  storage.RaftStorageDirectory (RaftStorageDirectoryImpl.java:analyzeStorage(132)) - The storage directory /home/runner/work/ozone/ozone/mnt/ozone/hadoop-ozone/integration-test/target/test-dir/MiniOzoneClusterImpl-6d7611b0-ac11-41e1-98f8-97ea473a16a6/datanode-0/data/ratis/dcae577b-b0f7-4d18-86dc-35daf16c14ce does not exist. Creating ...
2021-07-03 01:52:55,747 [pool-247-thread-1] INFO  storage.RaftStorageDirectory (RaftStorageDirectoryImpl.java:tryLock(215)) - Lock on /home/runner/work/ozone/ozone/mnt/ozone/hadoop-ozone/integration-test/target/test-dir/MiniOzoneClusterImpl-6d7611b0-ac11-41e1-98f8-97ea473a16a6/datanode-0/data/ratis/dcae577b-b0f7-4d18-86dc-35daf16c14ce/in_use.lock acquired by nodename 16859@fv-az12-896
2021-07-03 01:52:55,748 [pool-247-thread-1] INFO  storage.RaftStorage (RaftStorageImpl.java:format(87)) - Storage directory /home/runner/work/ozone/ozone/mnt/ozone/hadoop-ozone/integration-test/target/test-dir/MiniOzoneClusterImpl-6d7611b0-ac11-41e1-98f8-97ea473a16a6/datanode-0/data/ratis/dcae577b-b0f7-4d18-86dc-35daf16c14ce has been successfully formatted.
2021-07-03 01:52:55,748 [pool-247-thread-1] INFO  ratis.ContainerStateMachine (ContainerStateMachine.java:loadSnapshot(223)) - group-35DAF16C14CE: The snapshot info is null. Setting the last applied indexto:(t:0, i:~)
2021-07-03 01:52:55,748 [pool-247-thread-1] INFO  server.RaftServerConfigKeys (ConfUtils.java:logGet(44)) - raft.server.notification.no-leader.timeout = 300s (custom)
2021-07-03 01:52:55,748 [72fc5de2-a3f7-4fa9-972b-1bbfdbde045f@group-97EA473A16A6-StateMachineUpdater] INFO  safemode.HealthyPipelineSafeModeRule (HealthyPipelineSafeModeRule.java:initializeRule(152)) - Refreshed total pipeline count is 0, healthy pipeline threshold count is 1
2021-07-03 01:52:55,748 [pool-247-thread-1] INFO  server.RaftServerConfigKeys (ConfUtils.java:logGet(44)) - raft.server.log.use.memory = false (default)
2021-07-03 01:52:55,748 [pool-247-thread-1] INFO  server.RaftServerConfigKeys (ConfUtils.java:logGet(44)) - raft.server.log.purge.gap = 1000000 (custom)
2021-07-03 01:52:55,748 [pool-247-thread-1] INFO  server.RaftServerConfigKeys (ConfUtils.java:logGet(44)) - raft.server.log.appender.buffer.byte-limit = 33554432 (custom)
2021-07-03 01:52:55,748 [pool-247-thread-1] INFO  metrics.RatisMetrics (RatisMetrics.java:lambda$create$0(36)) - Creating Metrics Registry : ratis.log_worker.48a93f24-2ce5-44e8-b9e2-5628d9c2ac97@group-35DAF16C14CE
2021-07-03 01:52:55,749 [pool-247-thread-1] INFO  server.RaftServerConfigKeys (ConfUtils.java:logGet(44)) - raft.server.log.segment.size.max = 1048576 (custom)
2021-07-03 01:52:55,749 [EventQueue-OpenPipelineForHealthyPipelineSafeModeRule] INFO  safemode.SCMSafeModeManager (HealthyPipelineSafeModeRule.java:process(124)) - SCM in safe mode. Healthy pipelines reported count is 0, required healthy pipeline reported count is 1
2021-07-03 01:52:55,750 [pool-247-thread-1] INFO  server.RaftServerConfigKeys (ConfUtils.java:logGet(44)) - raft.server.log.segment.cache.num.max = 2 (custom)
2021-07-03 01:52:55,750 [pool-247-thread-1] INFO  server.RaftServerConfigKeys (ConfUtils.java:logGet(44)) - raft.server.log.segment.cache.size.max = 200MB (=209715200) (default)
2021-07-03 01:52:55,750 [pool-247-thread-1] INFO  segmented.SegmentedRaftLogWorker (SegmentedRaftLogWorker.java:<init>(182)) - new 48a93f24-2ce5-44e8-b9e2-5628d9c2ac97@group-35DAF16C14CE-SegmentedRaftLogWorker for RaftStorageImpl:Storage Directory /home/runner/work/ozone/ozone/mnt/ozone/hadoop-ozone/integration-test/target/test-dir/MiniOzoneClusterImpl-6d7611b0-ac11-41e1-98f8-97ea473a16a6/datanode-0/data/ratis/dcae577b-b0f7-4d18-86dc-35daf16c14ce
2021-07-03 01:52:55,750 [pool-247-thread-1] INFO  server.RaftServerConfigKeys (ConfUtils.java:logGet(44)) - raft.server.log.queue.byte-limit = 2147483647 (custom)
2021-07-03 01:52:55,750 [pool-247-thread-1] INFO  server.RaftServerConfigKeys (ConfUtils.java:logGet(44)) - raft.server.log.queue.element-limit = 1024 (custom)
2021-07-03 01:52:55,750 [pool-247-thread-1] INFO  server.RaftServerConfigKeys (ConfUtils.java:logGet(44)) - raft.server.log.segment.size.max = 1048576 (custom)
2021-07-03 01:52:55,750 [pool-247-thread-1] INFO  server.RaftServerConfigKeys (ConfUtils.java:logGet(44)) - raft.server.log.preallocated.size = 16384 (custom)
2021-07-03 01:52:55,750 [pool-247-thread-1] INFO  server.RaftServerConfigKeys (ConfUtils.java:logGet(44)) - raft.server.log.force.sync.num = 128 (default)
2021-07-03 01:52:55,750 [pool-247-thread-1] INFO  server.RaftServerConfigKeys (ConfUtils.java:logGet(44)) - raft.server.log.statemachine.data.sync = true (default)
2021-07-03 01:52:55,755 [pool-247-thread-1] INFO  server.RaftServerConfigKeys (ConfUtils.java:logGet(44)) - raft.server.log.statemachine.data.sync.timeout = 10s (default)
2021-07-03 01:52:55,755 [pool-247-thread-1] INFO  server.RaftServerConfigKeys (ConfUtils.java:logGet(44)) - raft.server.log.statemachine.data.sync.timeout.retry = -1 (default)
2021-07-03 01:52:55,759 [EventQueue-OpenPipelineForHealthyPipelineSafeModeRule] INFO  safemode.SCMSafeModeManager (HealthyPipelineSafeModeRule.java:process(124)) - SCM in safe mode. Healthy pipelines reported count is 0, required healthy pipeline reported count is 1
2021-07-03 01:52:55,759 [pool-247-thread-1] INFO  server.RaftServerConfigKeys (ConfUtils.java:logGet(44)) - raft.server.log.write.buffer.size = 1048576 (custom)
2021-07-03 01:52:55,759 [pool-247-thread-1] INFO  server.RaftServerConfigKeys (ConfUtils.java:logGet(44)) - raft.server.log.statemachine.data.caching.enabled = true (custom)
2021-07-03 01:52:55,759 [pool-247-thread-1] INFO  segmented.SegmentedRaftLogWorker (SegmentedRaftLogWorker.java:lambda$new$0(133)) - 48a93f24-2ce5-44e8-b9e2-5628d9c2ac97@group-35DAF16C14CE-SegmentedRaftLogWorker: flushIndex: setUnconditionally 0 -> -1
2021-07-03 01:52:55,759 [pool-247-thread-1] INFO  segmented.SegmentedRaftLogWorker (SegmentedRaftLogWorker.java:lambda$new$0(133)) - 48a93f24-2ce5-44e8-b9e2-5628d9c2ac97@group-35DAF16C14CE-SegmentedRaftLogWorker: safeCacheEvictIndex: setUnconditionally 0 -> -1
2021-07-03 01:52:55,759 [pool-247-thread-1] INFO  server.RaftServerConfigKeys (ConfUtils.java:logGet(44)) - raft.server.snapshot.auto.trigger.enabled = true (custom)
2021-07-03 01:52:55,760 [pool-247-thread-1] INFO  server.RaftServerConfigKeys (ConfUtils.java:logGet(44)) - raft.server.snapshot.auto.trigger.threshold = 10000 (custom)
2021-07-03 01:52:55,760 [pool-247-thread-1] INFO  server.RaftServerConfigKeys (ConfUtils.java:logGet(44)) - raft.server.snapshot.retention.file.num = 5 (custom)
2021-07-03 01:52:55,760 [pool-247-thread-1] INFO  server.RaftServerConfigKeys (ConfUtils.java:logGet(44)) - raft.server.log.purge.upto.snapshot.index = false (default)
2021-07-03 01:52:55,760 [pool-247-thread-1] INFO  server.RaftServerConfigKeys (ConfUtils.java:logGet(44)) - raft.server.retrycache.expirytime = 600000ms (custom)
2021-07-03 01:52:55,760 [pool-247-thread-1] INFO  server.RaftServerConfigKeys (ConfUtils.java:logGet(44)) - raft.server.retrycache.statistics.expirytime = 100μs (default)
2021-07-03 01:52:55,760 [pool-247-thread-1] INFO  metrics.RatisMetrics (RatisMetrics.java:lambda$create$0(36)) - Creating Metrics Registry : ratis.leader_election.48a93f24-2ce5-44e8-b9e2-5628d9c2ac97@group-35DAF16C14CE
2021-07-03 01:52:55,760 [pool-247-thread-1] INFO  metrics.RatisMetrics (RatisMetrics.java:lambda$create$0(36)) - Creating Metrics Registry : ratis.server.48a93f24-2ce5-44e8-b9e2-5628d9c2ac97@group-35DAF16C14CE
2021-07-03 01:52:55,768 [pool-247-thread-1] INFO  server.RaftServer$Division (RaftServerImpl.java:start(295)) - 48a93f24-2ce5-44e8-b9e2-5628d9c2ac97@group-35DAF16C14CE: start as a follower, conf=-1: [ca9dc723-67a1-4a65-9480-66850f9b9d20|rpc:127.0.0.1:37533|priority:1, 48a93f24-2ce5-44e8-b9e2-5628d9c2ac97|rpc:127.0.0.1:36777|priority:0, 8fa4ef72-0e52-420c-b0d5-60420e93c6a9|rpc:127.0.0.1:35781|priority:0], old=null
2021-07-03 01:52:55,768 [pool-247-thread-1] INFO  server.RaftServer$Division (RaftServerImpl.java:setRole(284)) - 48a93f24-2ce5-44e8-b9e2-5628d9c2ac97@group-35DAF16C14CE: changes role from      null to FOLLOWER at term 0 for startAsFollower
2021-07-03 01:52:55,768 [pool-247-thread-1] INFO  impl.RoleInfo (RoleInfo.java:updateAndGet(130)) - 48a93f24-2ce5-44e8-b9e2-5628d9c2ac97: start 48a93f24-2ce5-44e8-b9e2-5628d9c2ac97@group-35DAF16C14CE-FollowerState
2021-07-03 01:52:55,768 [pool-247-thread-1] INFO  util.JmxRegister (JmxRegister.java:tryRegister(44)) - Successfully registered JMX Bean with object name Ratis:service=RaftServer,group=group-35DAF16C14CE,id=48a93f24-2ce5-44e8-b9e2-5628d9c2ac97
2021-07-03 01:52:55,768 [pool-247-thread-1] INFO  metrics.RatisMetrics (RatisMetrics.java:lambda$create$0(36)) - Creating Metrics Registry : ratis.state_machine.48a93f24-2ce5-44e8-b9e2-5628d9c2ac97@group-35DAF16C14CE
2021-07-03 01:52:55,769 [Command processor thread] INFO  ratis.XceiverServerRatis (XceiverServerRatis.java:addGroup(759)) - Created group PipelineID=dcae577b-b0f7-4d18-86dc-35daf16c14ce
2021-07-03 01:52:55,770 [Command processor thread] INFO  metrics.RatisMetrics (RatisMetrics.java:lambda$create$0(36)) - Creating Metrics Registry : ratis.client_message_metrics.client-26DA155C866F->8fa4ef72-0e52-420c-b0d5-60420e93c6a9
2021-07-03 01:52:55,776 [grpc-default-executor-3] INFO  metrics.RatisMetrics (RatisMetrics.java:lambda$create$0(36)) - Creating Metrics Registry : ratis.server_message_metrics.8fa4ef72-0e52-420c-b0d5-60420e93c6a9
2021-07-03 01:52:55,779 [grpc-default-executor-3] INFO  server.RaftServer (RaftServerProxy.java:addNew(95)) - 8fa4ef72-0e52-420c-b0d5-60420e93c6a9: addNew group-35DAF16C14CE:[ca9dc723-67a1-4a65-9480-66850f9b9d20|rpc:127.0.0.1:37533|dataStream:|priority:1, 48a93f24-2ce5-44e8-b9e2-5628d9c2ac97|rpc:127.0.0.1:36777|dataStream:|priority:0, 8fa4ef72-0e52-420c-b0d5-60420e93c6a9|rpc:127.0.0.1:35781|dataStream:|priority:0] returns group-35DAF16C14CE:java.util.concurrent.CompletableFuture@6f2c294c[Not completed]
2021-07-03 01:52:55,780 [pool-287-thread-1] INFO  server.RaftServer$Division (RaftServerImpl.java:<init>(180)) - 8fa4ef72-0e52-420c-b0d5-60420e93c6a9: new RaftServerImpl for group-35DAF16C14CE:[ca9dc723-67a1-4a65-9480-66850f9b9d20|rpc:127.0.0.1:37533|dataStream:|priority:1, 48a93f24-2ce5-44e8-b9e2-5628d9c2ac97|rpc:127.0.0.1:36777|dataStream:|priority:0, 8fa4ef72-0e52-420c-b0d5-60420e93c6a9|rpc:127.0.0.1:35781|dataStream:|priority:0] with ContainerStateMachine:uninitialized
2021-07-03 01:52:55,781 [pool-287-thread-1] INFO  server.RaftServerConfigKeys (ConfUtils.java:logGet(44)) - raft.server.rpc.timeout.min = 5s (custom)
2021-07-03 01:52:55,781 [pool-287-thread-1] INFO  server.RaftServerConfigKeys (ConfUtils.java:logGet(44)) - raft.server.rpc.timeout.max = 5200ms (custom)
2021-07-03 01:52:55,781 [pool-287-thread-1] INFO  server.RaftServerConfigKeys (ConfUtils.java:logGet(44)) - raft.server.rpc.sleep.time = 25ms (default)
2021-07-03 01:52:55,781 [pool-287-thread-1] INFO  server.RaftServerConfigKeys (ConfUtils.java:logGet(44)) - raft.server.rpc.slowness.timeout = 300s (custom)
2021-07-03 01:52:55,781 [pool-287-thread-1] INFO  server.RaftServerConfigKeys (ConfUtils.java:logGet(44)) - raft.server.leaderelection.leader.step-down.wait-time = 10s (default)
2021-07-03 01:52:55,781 [pool-287-thread-1] INFO  server.RaftServerConfigKeys (ConfUtils.java:logGet(44)) - raft.server.sleep.deviation.threshold = 300ms (default)
2021-07-03 01:52:55,781 [pool-287-thread-1] INFO  server.RaftServerConfigKeys (ConfUtils.java:logGet(44)) - raft.server.log.appender.install.snapshot.enabled = false (custom)
2021-07-03 01:52:55,782 [pool-287-thread-1] INFO  server.RaftServer$Division (ServerState.java:<init>(105)) - 8fa4ef72-0e52-420c-b0d5-60420e93c6a9@group-35DAF16C14CE: ConfigurationManager, init=-1: [ca9dc723-67a1-4a65-9480-66850f9b9d20|rpc:127.0.0.1:37533|dataStream:|priority:1, 48a93f24-2ce5-44e8-b9e2-5628d9c2ac97|rpc:127.0.0.1:36777|dataStream:|priority:0, 8fa4ef72-0e52-420c-b0d5-60420e93c6a9|rpc:127.0.0.1:35781|dataStream:|priority:0], old=null, confs=<EMPTY_MAP>
2021-07-03 01:52:55,782 [pool-287-thread-1] INFO  server.RaftServerConfigKeys (ConfUtils.java:logGet(44)) - raft.server.storage.dir = [/home/runner/work/ozone/ozone/mnt/ozone/hadoop-ozone/integration-test/target/test-dir/MiniOzoneClusterImpl-6d7611b0-ac11-41e1-98f8-97ea473a16a6/datanode-2/data/ratis] (custom)
2021-07-03 01:52:55,782 [pool-287-thread-1] INFO  server.RaftServerConfigKeys (ConfUtils.java:logGet(44)) - raft.server.log.corruption.policy = EXCEPTION (default)
2021-07-03 01:52:55,782 [pool-287-thread-1] INFO  storage.RaftStorageDirectory (RaftStorageDirectoryImpl.java:analyzeStorage(132)) - The storage directory /home/runner/work/ozone/ozone/mnt/ozone/hadoop-ozone/integration-test/target/test-dir/MiniOzoneClusterImpl-6d7611b0-ac11-41e1-98f8-97ea473a16a6/datanode-2/data/ratis/dcae577b-b0f7-4d18-86dc-35daf16c14ce does not exist. Creating ...
2021-07-03 01:52:55,783 [pool-287-thread-1] INFO  storage.RaftStorageDirectory (RaftStorageDirectoryImpl.java:tryLock(215)) - Lock on /home/runner/work/ozone/ozone/mnt/ozone/hadoop-ozone/integration-test/target/test-dir/MiniOzoneClusterImpl-6d7611b0-ac11-41e1-98f8-97ea473a16a6/datanode-2/data/ratis/dcae577b-b0f7-4d18-86dc-35daf16c14ce/in_use.lock acquired by nodename 16859@fv-az12-896
2021-07-03 01:52:55,785 [pool-287-thread-1] INFO  storage.RaftStorage (RaftStorageImpl.java:format(87)) - Storage directory /home/runner/work/ozone/ozone/mnt/ozone/hadoop-ozone/integration-test/target/test-dir/MiniOzoneClusterImpl-6d7611b0-ac11-41e1-98f8-97ea473a16a6/datanode-2/data/ratis/dcae577b-b0f7-4d18-86dc-35daf16c14ce has been successfully formatted.
2021-07-03 01:52:55,785 [pool-287-thread-1] INFO  ratis.ContainerStateMachine (ContainerStateMachine.java:loadSnapshot(223)) - group-35DAF16C14CE: The snapshot info is null. Setting the last applied indexto:(t:0, i:~)
2021-07-03 01:52:55,785 [pool-287-thread-1] INFO  server.RaftServerConfigKeys (ConfUtils.java:logGet(44)) - raft.server.notification.no-leader.timeout = 300s (custom)
2021-07-03 01:52:55,785 [pool-287-thread-1] INFO  server.RaftServerConfigKeys (ConfUtils.java:logGet(44)) - raft.server.log.use.memory = false (default)
2021-07-03 01:52:55,785 [pool-287-thread-1] INFO  server.RaftServerConfigKeys (ConfUtils.java:logGet(44)) - raft.server.log.purge.gap = 1000000 (custom)
2021-07-03 01:52:55,786 [pool-287-thread-1] INFO  server.RaftServerConfigKeys (ConfUtils.java:logGet(44)) - raft.server.log.appender.buffer.byte-limit = 33554432 (custom)
2021-07-03 01:52:55,786 [pool-287-thread-1] INFO  metrics.RatisMetrics (RatisMetrics.java:lambda$create$0(36)) - Creating Metrics Registry : ratis.log_worker.8fa4ef72-0e52-420c-b0d5-60420e93c6a9@group-35DAF16C14CE
2021-07-03 01:52:55,786 [pool-287-thread-1] INFO  server.RaftServerConfigKeys (ConfUtils.java:logGet(44)) - raft.server.log.segment.size.max = 1048576 (custom)
2021-07-03 01:52:55,794 [pool-287-thread-1] INFO  server.RaftServerConfigKeys (ConfUtils.java:logGet(44)) - raft.server.log.segment.cache.num.max = 2 (custom)
2021-07-03 01:52:55,794 [pool-287-thread-1] INFO  server.RaftServerConfigKeys (ConfUtils.java:logGet(44)) - raft.server.log.segment.cache.size.max = 200MB (=209715200) (default)
2021-07-03 01:52:55,794 [pool-287-thread-1] INFO  segmented.SegmentedRaftLogWorker (SegmentedRaftLogWorker.java:<init>(182)) - new 8fa4ef72-0e52-420c-b0d5-60420e93c6a9@group-35DAF16C14CE-SegmentedRaftLogWorker for RaftStorageImpl:Storage Directory /home/runner/work/ozone/ozone/mnt/ozone/hadoop-ozone/integration-test/target/test-dir/MiniOzoneClusterImpl-6d7611b0-ac11-41e1-98f8-97ea473a16a6/datanode-2/data/ratis/dcae577b-b0f7-4d18-86dc-35daf16c14ce
2021-07-03 01:52:55,794 [pool-287-thread-1] INFO  server.RaftServerConfigKeys (ConfUtils.java:logGet(44)) - raft.server.log.queue.byte-limit = 2147483647 (custom)
2021-07-03 01:52:55,794 [pool-287-thread-1] INFO  server.RaftServerConfigKeys (ConfUtils.java:logGet(44)) - raft.server.log.queue.element-limit = 1024 (custom)
2021-07-03 01:52:55,794 [pool-287-thread-1] INFO  server.RaftServerConfigKeys (ConfUtils.java:logGet(44)) - raft.server.log.segment.size.max = 1048576 (custom)
2021-07-03 01:52:55,794 [pool-287-thread-1] INFO  server.RaftServerConfigKeys (ConfUtils.java:logGet(44)) - raft.server.log.preallocated.size = 16384 (custom)
2021-07-03 01:52:55,795 [pool-287-thread-1] INFO  server.RaftServerConfigKeys (ConfUtils.java:logGet(44)) - raft.server.log.force.sync.num = 128 (default)
2021-07-03 01:52:55,795 [pool-287-thread-1] INFO  server.RaftServerConfigKeys (ConfUtils.java:logGet(44)) - raft.server.log.statemachine.data.sync = true (default)
2021-07-03 01:52:55,795 [pool-287-thread-1] INFO  server.RaftServerConfigKeys (ConfUtils.java:logGet(44)) - raft.server.log.statemachine.data.sync.timeout = 10s (default)
2021-07-03 01:52:55,795 [pool-287-thread-1] INFO  server.RaftServerConfigKeys (ConfUtils.java:logGet(44)) - raft.server.log.statemachine.data.sync.timeout.retry = -1 (default)
2021-07-03 01:52:55,796 [pool-287-thread-1] INFO  server.RaftServerConfigKeys (ConfUtils.java:logGet(44)) - raft.server.log.write.buffer.size = 1048576 (custom)
2021-07-03 01:52:55,797 [pool-287-thread-1] INFO  server.RaftServerConfigKeys (ConfUtils.java:logGet(44)) - raft.server.log.statemachine.data.caching.enabled = true (custom)
2021-07-03 01:52:55,797 [pool-287-thread-1] INFO  segmented.SegmentedRaftLogWorker (SegmentedRaftLogWorker.java:lambda$new$0(133)) - 8fa4ef72-0e52-420c-b0d5-60420e93c6a9@group-35DAF16C14CE-SegmentedRaftLogWorker: flushIndex: setUnconditionally 0 -> -1
2021-07-03 01:52:55,797 [pool-287-thread-1] INFO  segmented.SegmentedRaftLogWorker (SegmentedRaftLogWorker.java:lambda$new$0(133)) - 8fa4ef72-0e52-420c-b0d5-60420e93c6a9@group-35DAF16C14CE-SegmentedRaftLogWorker: safeCacheEvictIndex: setUnconditionally 0 -> -1
2021-07-03 01:52:55,797 [pool-287-thread-1] INFO  server.RaftServerConfigKeys (ConfUtils.java:logGet(44)) - raft.server.snapshot.auto.trigger.enabled = true (custom)
2021-07-03 01:52:55,798 [pool-287-thread-1] INFO  server.RaftServerConfigKeys (ConfUtils.java:logGet(44)) - raft.server.snapshot.auto.trigger.threshold = 10000 (custom)
2021-07-03 01:52:55,798 [pool-287-thread-1] INFO  server.RaftServerConfigKeys (ConfUtils.java:logGet(44)) - raft.server.snapshot.retention.file.num = 5 (custom)
2021-07-03 01:52:55,798 [pool-287-thread-1] INFO  server.RaftServerConfigKeys (ConfUtils.java:logGet(44)) - raft.server.log.purge.upto.snapshot.index = false (default)
2021-07-03 01:52:55,798 [pool-287-thread-1] INFO  server.RaftServerConfigKeys (ConfUtils.java:logGet(44)) - raft.server.retrycache.expirytime = 600000ms (custom)
2021-07-03 01:52:55,798 [pool-287-thread-1] INFO  server.RaftServerConfigKeys (ConfUtils.java:logGet(44)) - raft.server.retrycache.statistics.expirytime = 100μs (default)
2021-07-03 01:52:55,798 [pool-287-thread-1] INFO  metrics.RatisMetrics (RatisMetrics.java:lambda$create$0(36)) - Creating Metrics Registry : ratis.leader_election.8fa4ef72-0e52-420c-b0d5-60420e93c6a9@group-35DAF16C14CE
2021-07-03 01:52:55,799 [pool-287-thread-1] INFO  metrics.RatisMetrics (RatisMetrics.java:lambda$create$0(36)) - Creating Metrics Registry : ratis.server.8fa4ef72-0e52-420c-b0d5-60420e93c6a9@group-35DAF16C14CE
2021-07-03 01:52:55,799 [pool-287-thread-1] INFO  server.RaftServer$Division (RaftServerImpl.java:start(295)) - 8fa4ef72-0e52-420c-b0d5-60420e93c6a9@group-35DAF16C14CE: start as a follower, conf=-1: [ca9dc723-67a1-4a65-9480-66850f9b9d20|rpc:127.0.0.1:37533|dataStream:|priority:1, 48a93f24-2ce5-44e8-b9e2-5628d9c2ac97|rpc:127.0.0.1:36777|dataStream:|priority:0, 8fa4ef72-0e52-420c-b0d5-60420e93c6a9|rpc:127.0.0.1:35781|dataStream:|priority:0], old=null
2021-07-03 01:52:55,799 [pool-287-thread-1] INFO  server.RaftServer$Division (RaftServerImpl.java:setRole(284)) - 8fa4ef72-0e52-420c-b0d5-60420e93c6a9@group-35DAF16C14CE: changes role from      null to FOLLOWER at term 0 for startAsFollower
2021-07-03 01:52:55,799 [pool-287-thread-1] INFO  impl.RoleInfo (RoleInfo.java:updateAndGet(130)) - 8fa4ef72-0e52-420c-b0d5-60420e93c6a9: start 8fa4ef72-0e52-420c-b0d5-60420e93c6a9@group-35DAF16C14CE-FollowerState
2021-07-03 01:52:55,814 [pool-287-thread-1] INFO  util.JmxRegister (JmxRegister.java:tryRegister(44)) - Successfully registered JMX Bean with object name Ratis:service=RaftServer,group=group-35DAF16C14CE,id=8fa4ef72-0e52-420c-b0d5-60420e93c6a9
2021-07-03 01:52:55,814 [pool-287-thread-1] INFO  metrics.RatisMetrics (RatisMetrics.java:lambda$create$0(36)) - Creating Metrics Registry : ratis.state_machine.8fa4ef72-0e52-420c-b0d5-60420e93c6a9@group-35DAF16C14CE
2021-07-03 01:52:55,826 [Command processor thread] INFO  metrics.RatisMetrics (RatisMetrics.java:lambda$create$0(36)) - Creating Metrics Registry : ratis.client_message_metrics.client-68EE6C55BEDB->ca9dc723-67a1-4a65-9480-66850f9b9d20
2021-07-03 01:52:55,831 [grpc-default-executor-3] INFO  metrics.RatisMetrics (RatisMetrics.java:lambda$create$0(36)) - Creating Metrics Registry : ratis.server_message_metrics.ca9dc723-67a1-4a65-9480-66850f9b9d20
2021-07-03 01:52:55,834 [grpc-default-executor-3] INFO  server.RaftServer (RaftServerProxy.java:addNew(95)) - ca9dc723-67a1-4a65-9480-66850f9b9d20: addNew group-35DAF16C14CE:[ca9dc723-67a1-4a65-9480-66850f9b9d20|rpc:127.0.0.1:37533|dataStream:|priority:1, 48a93f24-2ce5-44e8-b9e2-5628d9c2ac97|rpc:127.0.0.1:36777|dataStream:|priority:0, 8fa4ef72-0e52-420c-b0d5-60420e93c6a9|rpc:127.0.0.1:35781|dataStream:|priority:0] returns group-35DAF16C14CE:java.util.concurrent.CompletableFuture@d493a3b[Not completed]
2021-07-03 01:52:55,835 [pool-267-thread-1] INFO  server.RaftServer$Division (RaftServerImpl.java:<init>(180)) - ca9dc723-67a1-4a65-9480-66850f9b9d20: new RaftServerImpl for group-35DAF16C14CE:[ca9dc723-67a1-4a65-9480-66850f9b9d20|rpc:127.0.0.1:37533|dataStream:|priority:1, 48a93f24-2ce5-44e8-b9e2-5628d9c2ac97|rpc:127.0.0.1:36777|dataStream:|priority:0, 8fa4ef72-0e52-420c-b0d5-60420e93c6a9|rpc:127.0.0.1:35781|dataStream:|priority:0] with ContainerStateMachine:uninitialized
2021-07-03 01:52:55,836 [pool-267-thread-1] INFO  server.RaftServerConfigKeys (ConfUtils.java:logGet(44)) - raft.server.rpc.timeout.min = 5s (custom)
2021-07-03 01:52:55,836 [pool-267-thread-1] INFO  server.RaftServerConfigKeys (ConfUtils.java:logGet(44)) - raft.server.rpc.timeout.max = 5200ms (custom)
2021-07-03 01:52:55,836 [pool-267-thread-1] INFO  server.RaftServerConfigKeys (ConfUtils.java:logGet(44)) - raft.server.rpc.sleep.time = 25ms (default)
2021-07-03 01:52:55,836 [pool-267-thread-1] INFO  server.RaftServerConfigKeys (ConfUtils.java:logGet(44)) - raft.server.rpc.slowness.timeout = 300s (custom)
2021-07-03 01:52:55,836 [pool-267-thread-1] INFO  server.RaftServerConfigKeys (ConfUtils.java:logGet(44)) - raft.server.leaderelection.leader.step-down.wait-time = 10s (default)
2021-07-03 01:52:55,836 [pool-267-thread-1] INFO  server.RaftServerConfigKeys (ConfUtils.java:logGet(44)) - raft.server.sleep.deviation.threshold = 300ms (default)
2021-07-03 01:52:55,836 [pool-267-thread-1] INFO  server.RaftServerConfigKeys (ConfUtils.java:logGet(44)) - raft.server.log.appender.install.snapshot.enabled = false (custom)
2021-07-03 01:52:55,836 [pool-267-thread-1] INFO  server.RaftServer$Division (ServerState.java:<init>(105)) - ca9dc723-67a1-4a65-9480-66850f9b9d20@group-35DAF16C14CE: ConfigurationManager, init=-1: [ca9dc723-67a1-4a65-9480-66850f9b9d20|rpc:127.0.0.1:37533|dataStream:|priority:1, 48a93f24-2ce5-44e8-b9e2-5628d9c2ac97|rpc:127.0.0.1:36777|dataStream:|priority:0, 8fa4ef72-0e52-420c-b0d5-60420e93c6a9|rpc:127.0.0.1:35781|dataStream:|priority:0], old=null, confs=<EMPTY_MAP>
2021-07-03 01:52:55,837 [pool-267-thread-1] INFO  server.RaftServerConfigKeys (ConfUtils.java:logGet(44)) - raft.server.storage.dir = [/home/runner/work/ozone/ozone/mnt/ozone/hadoop-ozone/integration-test/target/test-dir/MiniOzoneClusterImpl-6d7611b0-ac11-41e1-98f8-97ea473a16a6/datanode-1/data/ratis] (custom)
2021-07-03 01:52:55,837 [pool-267-thread-1] INFO  server.RaftServerConfigKeys (ConfUtils.java:logGet(44)) - raft.server.log.corruption.policy = EXCEPTION (default)
2021-07-03 01:52:55,837 [pool-267-thread-1] INFO  storage.RaftStorageDirectory (RaftStorageDirectoryImpl.java:analyzeStorage(132)) - The storage directory /home/runner/work/ozone/ozone/mnt/ozone/hadoop-ozone/integration-test/target/test-dir/MiniOzoneClusterImpl-6d7611b0-ac11-41e1-98f8-97ea473a16a6/datanode-1/data/ratis/dcae577b-b0f7-4d18-86dc-35daf16c14ce does not exist. Creating ...
2021-07-03 01:52:55,838 [pool-267-thread-1] INFO  storage.RaftStorageDirectory (RaftStorageDirectoryImpl.java:tryLock(215)) - Lock on /home/runner/work/ozone/ozone/mnt/ozone/hadoop-ozone/integration-test/target/test-dir/MiniOzoneClusterImpl-6d7611b0-ac11-41e1-98f8-97ea473a16a6/datanode-1/data/ratis/dcae577b-b0f7-4d18-86dc-35daf16c14ce/in_use.lock acquired by nodename 16859@fv-az12-896
2021-07-03 01:52:55,839 [pool-267-thread-1] INFO  storage.RaftStorage (RaftStorageImpl.java:format(87)) - Storage directory /home/runner/work/ozone/ozone/mnt/ozone/hadoop-ozone/integration-test/target/test-dir/MiniOzoneClusterImpl-6d7611b0-ac11-41e1-98f8-97ea473a16a6/datanode-1/data/ratis/dcae577b-b0f7-4d18-86dc-35daf16c14ce has been successfully formatted.
2021-07-03 01:52:55,840 [pool-267-thread-1] INFO  ratis.ContainerStateMachine (ContainerStateMachine.java:loadSnapshot(223)) - group-35DAF16C14CE: The snapshot info is null. Setting the last applied indexto:(t:0, i:~)
2021-07-03 01:52:55,840 [pool-267-thread-1] INFO  server.RaftServerConfigKeys (ConfUtils.java:logGet(44)) - raft.server.notification.no-leader.timeout = 300s (custom)
2021-07-03 01:52:55,841 [pool-267-thread-1] INFO  server.RaftServerConfigKeys (ConfUtils.java:logGet(44)) - raft.server.log.use.memory = false (default)
2021-07-03 01:52:55,841 [pool-267-thread-1] INFO  server.RaftServerConfigKeys (ConfUtils.java:logGet(44)) - raft.server.log.purge.gap = 1000000 (custom)
2021-07-03 01:52:55,841 [pool-267-thread-1] INFO  server.RaftServerConfigKeys (ConfUtils.java:logGet(44)) - raft.server.log.appender.buffer.byte-limit = 33554432 (custom)
2021-07-03 01:52:55,841 [pool-267-thread-1] INFO  metrics.RatisMetrics (RatisMetrics.java:lambda$create$0(36)) - Creating Metrics Registry : ratis.log_worker.ca9dc723-67a1-4a65-9480-66850f9b9d20@group-35DAF16C14CE
2021-07-03 01:52:55,841 [pool-267-thread-1] INFO  server.RaftServerConfigKeys (ConfUtils.java:logGet(44)) - raft.server.log.segment.size.max = 1048576 (custom)
2021-07-03 01:52:55,842 [pool-267-thread-1] INFO  server.RaftServerConfigKeys (ConfUtils.java:logGet(44)) - raft.server.log.segment.cache.num.max = 2 (custom)
2021-07-03 01:52:55,842 [pool-267-thread-1] INFO  server.RaftServerConfigKeys (ConfUtils.java:logGet(44)) - raft.server.log.segment.cache.size.max = 200MB (=209715200) (default)
2021-07-03 01:52:55,842 [pool-267-thread-1] INFO  segmented.SegmentedRaftLogWorker (SegmentedRaftLogWorker.java:<init>(182)) - new ca9dc723-67a1-4a65-9480-66850f9b9d20@group-35DAF16C14CE-SegmentedRaftLogWorker for RaftStorageImpl:Storage Directory /home/runner/work/ozone/ozone/mnt/ozone/hadoop-ozone/integration-test/target/test-dir/MiniOzoneClusterImpl-6d7611b0-ac11-41e1-98f8-97ea473a16a6/datanode-1/data/ratis/dcae577b-b0f7-4d18-86dc-35daf16c14ce
2021-07-03 01:52:55,842 [pool-267-thread-1] INFO  server.RaftServerConfigKeys (ConfUtils.java:logGet(44)) - raft.server.log.queue.byte-limit = 2147483647 (custom)
2021-07-03 01:52:55,842 [pool-267-thread-1] INFO  server.RaftServerConfigKeys (ConfUtils.java:logGet(44)) - raft.server.log.queue.element-limit = 1024 (custom)
2021-07-03 01:52:55,842 [pool-267-thread-1] INFO  server.RaftServerConfigKeys (ConfUtils.java:logGet(44)) - raft.server.log.segment.size.max = 1048576 (custom)
2021-07-03 01:52:55,842 [pool-267-thread-1] INFO  server.RaftServerConfigKeys (ConfUtils.java:logGet(44)) - raft.server.log.preallocated.size = 16384 (custom)
2021-07-03 01:52:55,842 [pool-267-thread-1] INFO  server.RaftServerConfigKeys (ConfUtils.java:logGet(44)) - raft.server.log.force.sync.num = 128 (default)
2021-07-03 01:52:55,842 [pool-267-thread-1] INFO  server.RaftServerConfigKeys (ConfUtils.java:logGet(44)) - raft.server.log.statemachine.data.sync = true (default)
2021-07-03 01:52:55,842 [pool-267-thread-1] INFO  server.RaftServerConfigKeys (ConfUtils.java:logGet(44)) - raft.server.log.statemachine.data.sync.timeout = 10s (default)
2021-07-03 01:52:55,842 [pool-267-thread-1] INFO  server.RaftServerConfigKeys (ConfUtils.java:logGet(44)) - raft.server.log.statemachine.data.sync.timeout.retry = -1 (default)
2021-07-03 01:52:55,843 [Command processor thread] INFO  server.RaftServer (RaftServerProxy.java:addNew(95)) - ca9dc723-67a1-4a65-9480-66850f9b9d20: addNew group-43D4DE272781:[ca9dc723-67a1-4a65-9480-66850f9b9d20|rpc:127.0.0.1:37533|priority:1] returns group-43D4DE272781:java.util.concurrent.CompletableFuture@e7e58b3[Not completed]
2021-07-03 01:52:55,843 [pool-267-thread-1] INFO  server.RaftServerConfigKeys (ConfUtils.java:logGet(44)) - raft.server.log.write.buffer.size = 1048576 (custom)
2021-07-03 01:52:55,844 [pool-267-thread-1] INFO  server.RaftServerConfigKeys (ConfUtils.java:logGet(44)) - raft.server.log.statemachine.data.caching.enabled = true (custom)
2021-07-03 01:52:55,844 [pool-267-thread-1] INFO  segmented.SegmentedRaftLogWorker (SegmentedRaftLogWorker.java:lambda$new$0(133)) - ca9dc723-67a1-4a65-9480-66850f9b9d20@group-35DAF16C14CE-SegmentedRaftLogWorker: flushIndex: setUnconditionally 0 -> -1
2021-07-03 01:52:55,844 [pool-267-thread-1] INFO  segmented.SegmentedRaftLogWorker (SegmentedRaftLogWorker.java:lambda$new$0(133)) - ca9dc723-67a1-4a65-9480-66850f9b9d20@group-35DAF16C14CE-SegmentedRaftLogWorker: safeCacheEvictIndex: setUnconditionally 0 -> -1
2021-07-03 01:52:55,844 [pool-267-thread-1] INFO  server.RaftServerConfigKeys (ConfUtils.java:logGet(44)) - raft.server.snapshot.auto.trigger.enabled = true (custom)
2021-07-03 01:52:55,844 [pool-267-thread-1] INFO  server.RaftServerConfigKeys (ConfUtils.java:logGet(44)) - raft.server.snapshot.auto.trigger.threshold = 10000 (custom)
2021-07-03 01:52:55,844 [pool-267-thread-1] INFO  server.RaftServerConfigKeys (ConfUtils.java:logGet(44)) - raft.server.snapshot.retention.file.num = 5 (custom)
2021-07-03 01:52:55,844 [pool-267-thread-1] INFO  server.RaftServerConfigKeys (ConfUtils.java:logGet(44)) - raft.server.log.purge.upto.snapshot.index = false (default)
2021-07-03 01:52:55,845 [pool-267-thread-1] INFO  server.RaftServerConfigKeys (ConfUtils.java:logGet(44)) - raft.server.retrycache.expirytime = 600000ms (custom)
2021-07-03 01:52:55,845 [pool-267-thread-1] INFO  server.RaftServerConfigKeys (ConfUtils.java:logGet(44)) - raft.server.retrycache.statistics.expirytime = 100μs (default)
2021-07-03 01:52:55,845 [pool-267-thread-1] INFO  metrics.RatisMetrics (RatisMetrics.java:lambda$create$0(36)) - Creating Metrics Registry : ratis.leader_election.ca9dc723-67a1-4a65-9480-66850f9b9d20@group-35DAF16C14CE
2021-07-03 01:52:55,845 [pool-267-thread-1] INFO  metrics.RatisMetrics (RatisMetrics.java:lambda$create$0(36)) - Creating Metrics Registry : ratis.server.ca9dc723-67a1-4a65-9480-66850f9b9d20@group-35DAF16C14CE
2021-07-03 01:52:55,846 [pool-267-thread-1] INFO  server.RaftServer$Division (RaftServerImpl.java:<init>(180)) - ca9dc723-67a1-4a65-9480-66850f9b9d20: new RaftServerImpl for group-43D4DE272781:[ca9dc723-67a1-4a65-9480-66850f9b9d20|rpc:127.0.0.1:37533|priority:1] with ContainerStateMachine:uninitialized
2021-07-03 01:52:55,846 [pool-267-thread-1] INFO  server.RaftServerConfigKeys (ConfUtils.java:logGet(44)) - raft.server.rpc.timeout.min = 5s (custom)
2021-07-03 01:52:55,847 [pool-267-thread-1] INFO  server.RaftServerConfigKeys (ConfUtils.java:logGet(44)) - raft.server.rpc.timeout.max = 5200ms (custom)
2021-07-03 01:52:55,847 [pool-267-thread-1] INFO  server.RaftServerConfigKeys (ConfUtils.java:logGet(44)) - raft.server.rpc.sleep.time = 25ms (default)
2021-07-03 01:52:55,847 [pool-267-thread-1] INFO  server.RaftServerConfigKeys (ConfUtils.java:logGet(44)) - raft.server.rpc.slowness.timeout = 300s (custom)
2021-07-03 01:52:55,847 [pool-267-thread-1] INFO  server.RaftServerConfigKeys (ConfUtils.java:logGet(44)) - raft.server.leaderelection.leader.step-down.wait-time = 10s (default)
2021-07-03 01:52:55,847 [pool-267-thread-1] INFO  server.RaftServerConfigKeys (ConfUtils.java:logGet(44)) - raft.server.sleep.deviation.threshold = 300ms (default)
2021-07-03 01:52:55,847 [pool-267-thread-1] INFO  server.RaftServerConfigKeys (ConfUtils.java:logGet(44)) - raft.server.log.appender.install.snapshot.enabled = false (custom)
2021-07-03 01:52:55,847 [pool-267-thread-1] INFO  server.RaftServer$Division (ServerState.java:<init>(105)) - ca9dc723-67a1-4a65-9480-66850f9b9d20@group-43D4DE272781: ConfigurationManager, init=-1: [ca9dc723-67a1-4a65-9480-66850f9b9d20|rpc:127.0.0.1:37533|priority:1], old=null, confs=<EMPTY_MAP>
2021-07-03 01:52:55,847 [pool-267-thread-1] INFO  server.RaftServerConfigKeys (ConfUtils.java:logGet(44)) - raft.server.storage.dir = [/home/runner/work/ozone/ozone/mnt/ozone/hadoop-ozone/integration-test/target/test-dir/MiniOzoneClusterImpl-6d7611b0-ac11-41e1-98f8-97ea473a16a6/datanode-1/data/ratis] (custom)
2021-07-03 01:52:55,847 [pool-267-thread-1] INFO  server.RaftServerConfigKeys (ConfUtils.java:logGet(44)) - raft.server.log.corruption.policy = EXCEPTION (default)
2021-07-03 01:52:55,847 [pool-267-thread-1] INFO  storage.RaftStorageDirectory (RaftStorageDirectoryImpl.java:analyzeStorage(132)) - The storage directory /home/runner/work/ozone/ozone/mnt/ozone/hadoop-ozone/integration-test/target/test-dir/MiniOzoneClusterImpl-6d7611b0-ac11-41e1-98f8-97ea473a16a6/datanode-1/data/ratis/3d327430-62e9-4baf-82ed-43d4de272781 does not exist. Creating ...
2021-07-03 01:52:55,848 [pool-267-thread-1] INFO  storage.RaftStorageDirectory (RaftStorageDirectoryImpl.java:tryLock(215)) - Lock on /home/runner/work/ozone/ozone/mnt/ozone/hadoop-ozone/integration-test/target/test-dir/MiniOzoneClusterImpl-6d7611b0-ac11-41e1-98f8-97ea473a16a6/datanode-1/data/ratis/3d327430-62e9-4baf-82ed-43d4de272781/in_use.lock acquired by nodename 16859@fv-az12-896
2021-07-03 01:52:55,850 [pool-267-thread-1] INFO  storage.RaftStorage (RaftStorageImpl.java:format(87)) - Storage directory /home/runner/work/ozone/ozone/mnt/ozone/hadoop-ozone/integration-test/target/test-dir/MiniOzoneClusterImpl-6d7611b0-ac11-41e1-98f8-97ea473a16a6/datanode-1/data/ratis/3d327430-62e9-4baf-82ed-43d4de272781 has been successfully formatted.
2021-07-03 01:52:55,851 [EventQueue-PipelineReportForPipelineReportHandler] INFO  pipeline.PipelineManagerV2Impl (PipelineManagerV2Impl.java:openPipeline(270)) - Pipeline Pipeline[ Id: 3d327430-62e9-4baf-82ed-43d4de272781, Nodes: ca9dc723-67a1-4a65-9480-66850f9b9d20{ip: 127.0.0.1, host: localhost, ports: [REPLICATION=45997, RATIS=37533, RATIS_ADMIN=37533, RATIS_SERVER=37533, STANDALONE=43411], networkLocation: /default-rack, certSerialId: null, persistedOpState: IN_SERVICE, persistedOpStateExpiryEpochSec: 0}, ReplicationConfig: RATIS/ONE, State:ALLOCATED, leaderId:ca9dc723-67a1-4a65-9480-66850f9b9d20, CreationTimestamp2021-07-03T01:52:52.848Z] moved to OPEN state
2021-07-03 01:52:55,853 [EventQueue-PipelineReportForPipelineReportHandler] INFO  pipeline.PipelineManagerV2Impl (PipelineManagerV2Impl.java:openPipeline(270)) - Pipeline Pipeline[ Id: 3d327430-62e9-4baf-82ed-43d4de272781, Nodes: ca9dc723-67a1-4a65-9480-66850f9b9d20{ip: 127.0.0.1, host: localhost, ports: [REPLICATION=45997, RATIS=37533, RATIS_ADMIN=37533, RATIS_SERVER=37533, STANDALONE=43411], networkLocation: /default-rack, certSerialId: null, persistedOpState: IN_SERVICE, persistedOpStateExpiryEpochSec: 0}, ReplicationConfig: RATIS/ONE, State:ALLOCATED, leaderId:ca9dc723-67a1-4a65-9480-66850f9b9d20, CreationTimestamp2021-07-03T01:52:52.848Z] moved to OPEN state
2021-07-03 01:52:55,853 [EventQueue-PipelineReportForPipelineReportHandler] INFO  ha.SCMHAInvocationHandler (SCMHAInvocationHandler.java:invokeRatis(113)) - Invoking method public abstract void org.apache.hadoop.hdds.scm.pipeline.StateManager.updatePipelineState(org.apache.hadoop.hdds.protocol.proto.HddsProtos$PipelineID,org.apache.hadoop.hdds.protocol.proto.HddsProtos$PipelineState) throws java.io.IOException on target org.apache.hadoop.hdds.scm.ha.SCMRatisServerImpl@2ad0d1a6, cost 324.202us
2021-07-03 01:52:55,853 [pool-267-thread-1] INFO  ratis.ContainerStateMachine (ContainerStateMachine.java:loadSnapshot(223)) - group-43D4DE272781: The snapshot info is null. Setting the last applied indexto:(t:0, i:~)
2021-07-03 01:52:55,853 [pool-267-thread-1] INFO  server.RaftServerConfigKeys (ConfUtils.java:logGet(44)) - raft.server.notification.no-leader.timeout = 300s (custom)
2021-07-03 01:52:55,853 [pool-267-thread-1] INFO  server.RaftServerConfigKeys (ConfUtils.java:logGet(44)) - raft.server.log.use.memory = false (default)
2021-07-03 01:52:55,854 [pool-267-thread-1] INFO  server.RaftServerConfigKeys (ConfUtils.java:logGet(44)) - raft.server.log.purge.gap = 1000000 (custom)
2021-07-03 01:52:55,854 [pool-267-thread-1] INFO  server.RaftServerConfigKeys (ConfUtils.java:logGet(44)) - raft.server.log.appender.buffer.byte-limit = 33554432 (custom)
2021-07-03 01:52:55,854 [pool-267-thread-1] INFO  metrics.RatisMetrics (RatisMetrics.java:lambda$create$0(36)) - Creating Metrics Registry : ratis.log_worker.ca9dc723-67a1-4a65-9480-66850f9b9d20@group-43D4DE272781
2021-07-03 01:52:55,854 [pool-267-thread-1] INFO  server.RaftServerConfigKeys (ConfUtils.java:logGet(44)) - raft.server.log.segment.size.max = 1048576 (custom)
2021-07-03 01:52:55,855 [pool-267-thread-1] INFO  server.RaftServerConfigKeys (ConfUtils.java:logGet(44)) - raft.server.log.segment.cache.num.max = 2 (custom)
2021-07-03 01:52:55,855 [pool-267-thread-1] INFO  server.RaftServerConfigKeys (ConfUtils.java:logGet(44)) - raft.server.log.segment.cache.size.max = 200MB (=209715200) (default)
2021-07-03 01:52:55,855 [pool-267-thread-1] INFO  segmented.SegmentedRaftLogWorker (SegmentedRaftLogWorker.java:<init>(182)) - new ca9dc723-67a1-4a65-9480-66850f9b9d20@group-43D4DE272781-SegmentedRaftLogWorker for RaftStorageImpl:Storage Directory /home/runner/work/ozone/ozone/mnt/ozone/hadoop-ozone/integration-test/target/test-dir/MiniOzoneClusterImpl-6d7611b0-ac11-41e1-98f8-97ea473a16a6/datanode-1/data/ratis/3d327430-62e9-4baf-82ed-43d4de272781
2021-07-03 01:52:55,855 [pool-267-thread-1] INFO  server.RaftServerConfigKeys (ConfUtils.java:logGet(44)) - raft.server.log.queue.byte-limit = 2147483647 (custom)
2021-07-03 01:52:55,855 [pool-267-thread-1] INFO  server.RaftServerConfigKeys (ConfUtils.java:logGet(44)) - raft.server.log.queue.element-limit = 1024 (custom)
2021-07-03 01:52:55,855 [pool-267-thread-1] INFO  server.RaftServerConfigKeys (ConfUtils.java:logGet(44)) - raft.server.log.segment.size.max = 1048576 (custom)
2021-07-03 01:52:55,856 [pool-267-thread-1] INFO  server.RaftServerConfigKeys (ConfUtils.java:logGet(44)) - raft.server.log.preallocated.size = 16384 (custom)
2021-07-03 01:52:55,856 [pool-267-thread-1] INFO  server.RaftServerConfigKeys (ConfUtils.java:logGet(44)) - raft.server.log.force.sync.num = 128 (default)
2021-07-03 01:52:55,856 [pool-267-thread-1] INFO  server.RaftServerConfigKeys (ConfUtils.java:logGet(44)) - raft.server.log.statemachine.data.sync = true (default)
2021-07-03 01:52:55,856 [pool-267-thread-1] INFO  server.RaftServerConfigKeys (ConfUtils.java:logGet(44)) - raft.server.log.statemachine.data.sync.timeout = 10s (default)
2021-07-03 01:52:55,856 [pool-267-thread-1] INFO  server.RaftServerConfigKeys (ConfUtils.java:logGet(44)) - raft.server.log.statemachine.data.sync.timeout.retry = -1 (default)
2021-07-03 01:52:55,857 [pool-267-thread-1] INFO  server.RaftServerConfigKeys (ConfUtils.java:logGet(44)) - raft.server.log.write.buffer.size = 1048576 (custom)
2021-07-03 01:52:55,857 [pool-267-thread-1] INFO  server.RaftServerConfigKeys (ConfUtils.java:logGet(44)) - raft.server.log.statemachine.data.caching.enabled = true (custom)
2021-07-03 01:52:55,858 [pool-267-thread-1] INFO  segmented.SegmentedRaftLogWorker (SegmentedRaftLogWorker.java:lambda$new$0(133)) - ca9dc723-67a1-4a65-9480-66850f9b9d20@group-43D4DE272781-SegmentedRaftLogWorker: flushIndex: setUnconditionally 0 -> -1
2021-07-03 01:52:55,858 [pool-267-thread-1] INFO  segmented.SegmentedRaftLogWorker (SegmentedRaftLogWorker.java:lambda$new$0(133)) - ca9dc723-67a1-4a65-9480-66850f9b9d20@group-43D4DE272781-SegmentedRaftLogWorker: safeCacheEvictIndex: setUnconditionally 0 -> -1
2021-07-03 01:52:55,859 [bae6930e-8ae4-497b-9eaa-87fb2ec79d16@group-97EA473A16A6-StateMachineUpdater] INFO  safemode.HealthyPipelineSafeModeRule (HealthyPipelineSafeModeRule.java:initializeRule(152)) - Refreshed total pipeline count is 0, healthy pipeline threshold count is 1
2021-07-03 01:52:55,859 [EventQueue-PipelineReportForPipelineReportHandler] INFO  ha.SCMHAInvocationHandler (SCMHAInvocationHandler.java:invokeRatis(113)) - Invoking method public abstract void org.apache.hadoop.hdds.scm.pipeline.StateManager.updatePipelineState(org.apache.hadoop.hdds.protocol.proto.HddsProtos$PipelineID,org.apache.hadoop.hdds.protocol.proto.HddsProtos$PipelineState) throws java.io.IOException on target org.apache.hadoop.hdds.scm.ha.SCMRatisServerImpl@45a02fd2, cost 8433.665us
2021-07-03 01:52:55,859 [EventQueue-OpenPipelineForHealthyPipelineSafeModeRule] INFO  safemode.SCMSafeModeManager (HealthyPipelineSafeModeRule.java:process(124)) - SCM in safe mode. Healthy pipelines reported count is 0, required healthy pipeline reported count is 1
2021-07-03 01:52:55,860 [pool-267-thread-1] INFO  server.RaftServerConfigKeys (ConfUtils.java:logGet(44)) - raft.server.snapshot.auto.trigger.enabled = true (custom)
2021-07-03 01:52:55,860 [pool-267-thread-1] INFO  server.RaftServerConfigKeys (ConfUtils.java:logGet(44)) - raft.server.snapshot.auto.trigger.threshold = 10000 (custom)
2021-07-03 01:52:55,860 [pool-267-thread-1] INFO  server.RaftServerConfigKeys (ConfUtils.java:logGet(44)) - raft.server.snapshot.retention.file.num = 5 (custom)
2021-07-03 01:52:55,860 [pool-267-thread-1] INFO  server.RaftServerConfigKeys (ConfUtils.java:logGet(44)) - raft.server.log.purge.upto.snapshot.index = false (default)
2021-07-03 01:52:55,861 [pool-267-thread-1] INFO  server.RaftServerConfigKeys (ConfUtils.java:logGet(44)) - raft.server.retrycache.expirytime = 600000ms (custom)
2021-07-03 01:52:55,861 [pool-267-thread-1] INFO  server.RaftServerConfigKeys (ConfUtils.java:logGet(44)) - raft.server.retrycache.statistics.expirytime = 100μs (default)
2021-07-03 01:52:55,861 [pool-267-thread-1] INFO  metrics.RatisMetrics (RatisMetrics.java:lambda$create$0(36)) - Creating Metrics Registry : ratis.leader_election.ca9dc723-67a1-4a65-9480-66850f9b9d20@group-43D4DE272781
2021-07-03 01:52:55,861 [pool-267-thread-1] INFO  metrics.RatisMetrics (RatisMetrics.java:lambda$create$0(36)) - Creating Metrics Registry : ratis.server.ca9dc723-67a1-4a65-9480-66850f9b9d20@group-43D4DE272781
2021-07-03 01:52:55,862 [pool-267-thread-1] INFO  server.RaftServer$Division (RaftServerImpl.java:start(295)) - ca9dc723-67a1-4a65-9480-66850f9b9d20@group-35DAF16C14CE: start as a follower, conf=-1: [ca9dc723-67a1-4a65-9480-66850f9b9d20|rpc:127.0.0.1:37533|dataStream:|priority:1, 48a93f24-2ce5-44e8-b9e2-5628d9c2ac97|rpc:127.0.0.1:36777|dataStream:|priority:0, 8fa4ef72-0e52-420c-b0d5-60420e93c6a9|rpc:127.0.0.1:35781|dataStream:|priority:0], old=null
2021-07-03 01:52:55,862 [pool-267-thread-1] INFO  server.RaftServer$Division (RaftServerImpl.java:setRole(284)) - ca9dc723-67a1-4a65-9480-66850f9b9d20@group-35DAF16C14CE: changes role from      null to FOLLOWER at term 0 for startAsFollower
2021-07-03 01:52:55,862 [pool-267-thread-1] INFO  impl.RoleInfo (RoleInfo.java:updateAndGet(130)) - ca9dc723-67a1-4a65-9480-66850f9b9d20: start ca9dc723-67a1-4a65-9480-66850f9b9d20@group-35DAF16C14CE-FollowerState
2021-07-03 01:52:55,863 [72fc5de2-a3f7-4fa9-972b-1bbfdbde045f@group-97EA473A16A6-StateMachineUpdater] INFO  safemode.HealthyPipelineSafeModeRule (HealthyPipelineSafeModeRule.java:initializeRule(152)) - Refreshed total pipeline count is 0, healthy pipeline threshold count is 1
2021-07-03 01:52:55,863 [bae6930e-8ae4-497b-9eaa-87fb2ec79d16@group-97EA473A16A6-StateMachineUpdater] INFO  ha.SCMStateMachine (SCMStateMachine.java:takeSnapshot(290)) - Current Snapshot Index 20, takeSnapshot took 0 ms
2021-07-03 01:52:55,863 [bae6930e-8ae4-497b-9eaa-87fb2ec79d16@group-97EA473A16A6-StateMachineUpdater] INFO  impl.StateMachineUpdater (StateMachineUpdater.java:takeSnapshot(281)) - bae6930e-8ae4-497b-9eaa-87fb2ec79d16@group-97EA473A16A6-StateMachineUpdater: Took a snapshot at index 20
2021-07-03 01:52:55,863 [bae6930e-8ae4-497b-9eaa-87fb2ec79d16@group-97EA473A16A6-StateMachineUpdater] INFO  impl.StateMachineUpdater (StateMachineUpdater.java:lambda$new$0(89)) - bae6930e-8ae4-497b-9eaa-87fb2ec79d16@group-97EA473A16A6-StateMachineUpdater: snapshotIndex: updateIncreasingly 15 -> 20
2021-07-03 01:52:55,864 [bae6930e-8ae4-497b-9eaa-87fb2ec79d16@group-97EA473A16A6-StateMachineUpdater] INFO  raftlog.RaftLog (RaftLogBase.java:purge(306)) - bae6930e-8ae4-497b-9eaa-87fb2ec79d16@group-97EA473A16A6-SegmentedRaftLog: purge 20
2021-07-03 01:52:55,864 [bae6930e-8ae4-497b-9eaa-87fb2ec79d16@group-97EA473A16A6-StateMachineUpdater] INFO  raftlog.RaftLog (RaftLogBase.java:lambda$new$0(53)) - bae6930e-8ae4-497b-9eaa-87fb2ec79d16@group-97EA473A16A6-SegmentedRaftLog: snapshotIndex: updateIncreasingly 15 -> 20
2021-07-03 01:52:55,864 [bae6930e-8ae4-497b-9eaa-87fb2ec79d16@group-97EA473A16A6-StateMachineUpdater] INFO  raftlog.RaftLog (RaftLogBase.java:lambda$new$0(53)) - bae6930e-8ae4-497b-9eaa-87fb2ec79d16@group-97EA473A16A6-SegmentedRaftLog: purgeIndex: updateToMax old=15, new=20, updated? true
2021-07-03 01:52:55,864 [pool-267-thread-1] INFO  util.JmxRegister (JmxRegister.java:tryRegister(44)) - Successfully registered JMX Bean with object name Ratis:service=RaftServer,group=group-35DAF16C14CE,id=ca9dc723-67a1-4a65-9480-66850f9b9d20
2021-07-03 01:52:55,864 [pool-267-thread-1] INFO  metrics.RatisMetrics (RatisMetrics.java:lambda$create$0(36)) - Creating Metrics Registry : ratis.state_machine.ca9dc723-67a1-4a65-9480-66850f9b9d20@group-35DAF16C14CE
2021-07-03 01:52:55,865 [pool-267-thread-1] INFO  server.RaftServer$Division (RaftServerImpl.java:start(295)) - ca9dc723-67a1-4a65-9480-66850f9b9d20@group-43D4DE272781: start as a follower, conf=-1: [ca9dc723-67a1-4a65-9480-66850f9b9d20|rpc:127.0.0.1:37533|priority:1], old=null
2021-07-03 01:52:55,865 [pool-267-thread-1] INFO  server.RaftServer$Division (RaftServerImpl.java:setRole(284)) - ca9dc723-67a1-4a65-9480-66850f9b9d20@group-43D4DE272781: changes role from      null to FOLLOWER at term 0 for startAsFollower
2021-07-03 01:52:55,865 [pool-267-thread-1] INFO  impl.RoleInfo (RoleInfo.java:updateAndGet(130)) - ca9dc723-67a1-4a65-9480-66850f9b9d20: start ca9dc723-67a1-4a65-9480-66850f9b9d20@group-43D4DE272781-FollowerState
2021-07-03 01:52:55,874 [pool-267-thread-1] INFO  util.JmxRegister (JmxRegister.java:tryRegister(44)) - Successfully registered JMX Bean with object name Ratis:service=RaftServer,group=group-43D4DE272781,id=ca9dc723-67a1-4a65-9480-66850f9b9d20
2021-07-03 01:52:55,875 [pool-267-thread-1] INFO  metrics.RatisMetrics (RatisMetrics.java:lambda$create$0(36)) - Creating Metrics Registry : ratis.state_machine.ca9dc723-67a1-4a65-9480-66850f9b9d20@group-43D4DE272781
2021-07-03 01:52:55,877 [Command processor thread] INFO  ratis.XceiverServerRatis (XceiverServerRatis.java:addGroup(759)) - Created group PipelineID=3d327430-62e9-4baf-82ed-43d4de272781
2021-07-03 01:52:55,877 [Command processor thread] INFO  commandhandler.CreatePipelineCommandHandler (CreatePipelineCommandHandler.java:handle(106)) - Created Pipeline RATIS ONE PipelineID=3d327430-62e9-4baf-82ed-43d4de272781.
2021-07-03 01:52:55,878 [Command processor thread] INFO  server.RaftServer (RaftServerProxy.java:addNew(95)) - ca9dc723-67a1-4a65-9480-66850f9b9d20: addNew group-0ABB88D0A2E0:[ca9dc723-67a1-4a65-9480-66850f9b9d20|rpc:127.0.0.1:37533|priority:0, 48a93f24-2ce5-44e8-b9e2-5628d9c2ac97|rpc:127.0.0.1:36777|priority:0, 8fa4ef72-0e52-420c-b0d5-60420e93c6a9|rpc:127.0.0.1:35781|priority:1] returns group-0ABB88D0A2E0:java.util.concurrent.CompletableFuture@b9a70c[Not completed]
2021-07-03 01:52:55,880 [Command processor thread] INFO  commandhandler.CreatePipelineCommandHandler (CreatePipelineCommandHandler.java:handle(106)) - Created Pipeline RATIS THREE PipelineID=dcae577b-b0f7-4d18-86dc-35daf16c14ce.
2021-07-03 01:52:55,880 [Command processor thread] INFO  server.RaftServer (RaftServerProxy.java:addNew(95)) - 48a93f24-2ce5-44e8-b9e2-5628d9c2ac97: addNew group-0ABB88D0A2E0:[ca9dc723-67a1-4a65-9480-66850f9b9d20|rpc:127.0.0.1:37533|priority:0, 48a93f24-2ce5-44e8-b9e2-5628d9c2ac97|rpc:127.0.0.1:36777|priority:0, 8fa4ef72-0e52-420c-b0d5-60420e93c6a9|rpc:127.0.0.1:35781|priority:1] returns group-0ABB88D0A2E0:java.util.concurrent.CompletableFuture@432b05b4[Not completed]
2021-07-03 01:52:55,880 [pool-267-thread-1] INFO  server.RaftServer$Division (RaftServerImpl.java:<init>(180)) - ca9dc723-67a1-4a65-9480-66850f9b9d20: new RaftServerImpl for group-0ABB88D0A2E0:[ca9dc723-67a1-4a65-9480-66850f9b9d20|rpc:127.0.0.1:37533|priority:0, 48a93f24-2ce5-44e8-b9e2-5628d9c2ac97|rpc:127.0.0.1:36777|priority:0, 8fa4ef72-0e52-420c-b0d5-60420e93c6a9|rpc:127.0.0.1:35781|priority:1] with ContainerStateMachine:uninitialized
2021-07-03 01:52:55,880 [pool-267-thread-1] INFO  server.RaftServerConfigKeys (ConfUtils.java:logGet(44)) - raft.server.rpc.timeout.min = 5s (custom)
2021-07-03 01:52:55,880 [pool-267-thread-1] INFO  server.RaftServerConfigKeys (ConfUtils.java:logGet(44)) - raft.server.rpc.timeout.max = 5200ms (custom)
2021-07-03 01:52:55,880 [pool-267-thread-1] INFO  server.RaftServerConfigKeys (ConfUtils.java:logGet(44)) - raft.server.rpc.sleep.time = 25ms (default)
2021-07-03 01:52:55,880 [pool-267-thread-1] INFO  server.RaftServerConfigKeys (ConfUtils.java:logGet(44)) - raft.server.rpc.slowness.timeout = 300s (custom)
2021-07-03 01:52:55,880 [pool-267-thread-1] INFO  server.RaftServerConfigKeys (ConfUtils.java:logGet(44)) - raft.server.leaderelection.leader.step-down.wait-time = 10s (default)
2021-07-03 01:52:55,880 [pool-267-thread-1] INFO  server.RaftServerConfigKeys (ConfUtils.java:logGet(44)) - raft.server.sleep.deviation.threshold = 300ms (default)
2021-07-03 01:52:55,880 [pool-267-thread-1] INFO  server.RaftServerConfigKeys (ConfUtils.java:logGet(44)) - raft.server.log.appender.install.snapshot.enabled = false (custom)
2021-07-03 01:52:55,880 [pool-267-thread-1] INFO  server.RaftServer$Division (ServerState.java:<init>(105)) - ca9dc723-67a1-4a65-9480-66850f9b9d20@group-0ABB88D0A2E0: ConfigurationManager, init=-1: [ca9dc723-67a1-4a65-9480-66850f9b9d20|rpc:127.0.0.1:37533|priority:0, 48a93f24-2ce5-44e8-b9e2-5628d9c2ac97|rpc:127.0.0.1:36777|priority:0, 8fa4ef72-0e52-420c-b0d5-60420e93c6a9|rpc:127.0.0.1:35781|priority:1], old=null, confs=<EMPTY_MAP>
2021-07-03 01:52:55,880 [pool-267-thread-1] INFO  server.RaftServerConfigKeys (ConfUtils.java:logGet(44)) - raft.server.storage.dir = [/home/runner/work/ozone/ozone/mnt/ozone/hadoop-ozone/integration-test/target/test-dir/MiniOzoneClusterImpl-6d7611b0-ac11-41e1-98f8-97ea473a16a6/datanode-1/data/ratis] (custom)
2021-07-03 01:52:55,880 [pool-247-thread-1] INFO  server.RaftServer$Division (RaftServerImpl.java:<init>(180)) - 48a93f24-2ce5-44e8-b9e2-5628d9c2ac97: new RaftServerImpl for group-0ABB88D0A2E0:[ca9dc723-67a1-4a65-9480-66850f9b9d20|rpc:127.0.0.1:37533|priority:0, 48a93f24-2ce5-44e8-b9e2-5628d9c2ac97|rpc:127.0.0.1:36777|priority:0, 8fa4ef72-0e52-420c-b0d5-60420e93c6a9|rpc:127.0.0.1:35781|priority:1] with ContainerStateMachine:uninitialized
2021-07-03 01:52:55,881 [pool-267-thread-1] INFO  server.RaftServerConfigKeys (ConfUtils.java:logGet(44)) - raft.server.log.corruption.policy = EXCEPTION (default)
2021-07-03 01:52:55,881 [pool-247-thread-1] INFO  server.RaftServerConfigKeys (ConfUtils.java:logGet(44)) - raft.server.rpc.timeout.min = 5s (custom)
2021-07-03 01:52:55,881 [pool-247-thread-1] INFO  server.RaftServerConfigKeys (ConfUtils.java:logGet(44)) - raft.server.rpc.timeout.max = 5200ms (custom)
2021-07-03 01:52:55,881 [pool-267-thread-1] INFO  storage.RaftStorageDirectory (RaftStorageDirectoryImpl.java:analyzeStorage(132)) - The storage directory /home/runner/work/ozone/ozone/mnt/ozone/hadoop-ozone/integration-test/target/test-dir/MiniOzoneClusterImpl-6d7611b0-ac11-41e1-98f8-97ea473a16a6/datanode-1/data/ratis/24d4eb0a-6b75-4498-880f-0abb88d0a2e0 does not exist. Creating ...
2021-07-03 01:52:55,881 [pool-247-thread-1] INFO  server.RaftServerConfigKeys (ConfUtils.java:logGet(44)) - raft.server.rpc.sleep.time = 25ms (default)
2021-07-03 01:52:55,881 [pool-247-thread-1] INFO  server.RaftServerConfigKeys (ConfUtils.java:logGet(44)) - raft.server.rpc.slowness.timeout = 300s (custom)
2021-07-03 01:52:55,881 [pool-247-thread-1] INFO  server.RaftServerConfigKeys (ConfUtils.java:logGet(44)) - raft.server.leaderelection.leader.step-down.wait-time = 10s (default)
2021-07-03 01:52:55,881 [pool-247-thread-1] INFO  server.RaftServerConfigKeys (ConfUtils.java:logGet(44)) - raft.server.sleep.deviation.threshold = 300ms (default)
2021-07-03 01:52:55,881 [pool-247-thread-1] INFO  server.RaftServerConfigKeys (ConfUtils.java:logGet(44)) - raft.server.log.appender.install.snapshot.enabled = false (custom)
2021-07-03 01:52:55,881 [pool-247-thread-1] INFO  server.RaftServer$Division (ServerState.java:<init>(105)) - 48a93f24-2ce5-44e8-b9e2-5628d9c2ac97@group-0ABB88D0A2E0: ConfigurationManager, init=-1: [ca9dc723-67a1-4a65-9480-66850f9b9d20|rpc:127.0.0.1:37533|priority:0, 48a93f24-2ce5-44e8-b9e2-5628d9c2ac97|rpc:127.0.0.1:36777|priority:0, 8fa4ef72-0e52-420c-b0d5-60420e93c6a9|rpc:127.0.0.1:35781|priority:1], old=null, confs=<EMPTY_MAP>
2021-07-03 01:52:55,881 [pool-247-thread-1] INFO  server.RaftServerConfigKeys (ConfUtils.java:logGet(44)) - raft.server.storage.dir = [/home/runner/work/ozone/ozone/mnt/ozone/hadoop-ozone/integration-test/target/test-dir/MiniOzoneClusterImpl-6d7611b0-ac11-41e1-98f8-97ea473a16a6/datanode-0/data/ratis] (custom)
2021-07-03 01:52:55,882 [pool-247-thread-1] INFO  server.RaftServerConfigKeys (ConfUtils.java:logGet(44)) - raft.server.log.corruption.policy = EXCEPTION (default)
2021-07-03 01:52:55,882 [pool-247-thread-1] INFO  storage.RaftStorageDirectory (RaftStorageDirectoryImpl.java:analyzeStorage(132)) - The storage directory /home/runner/work/ozone/ozone/mnt/ozone/hadoop-ozone/integration-test/target/test-dir/MiniOzoneClusterImpl-6d7611b0-ac11-41e1-98f8-97ea473a16a6/datanode-0/data/ratis/24d4eb0a-6b75-4498-880f-0abb88d0a2e0 does not exist. Creating ...
2021-07-03 01:52:55,882 [pool-267-thread-1] INFO  storage.RaftStorageDirectory (RaftStorageDirectoryImpl.java:tryLock(215)) - Lock on /home/runner/work/ozone/ozone/mnt/ozone/hadoop-ozone/integration-test/target/test-dir/MiniOzoneClusterImpl-6d7611b0-ac11-41e1-98f8-97ea473a16a6/datanode-1/data/ratis/24d4eb0a-6b75-4498-880f-0abb88d0a2e0/in_use.lock acquired by nodename 16859@fv-az12-896
2021-07-03 01:52:55,882 [pool-247-thread-1] INFO  storage.RaftStorageDirectory (RaftStorageDirectoryImpl.java:tryLock(215)) - Lock on /home/runner/work/ozone/ozone/mnt/ozone/hadoop-ozone/integration-test/target/test-dir/MiniOzoneClusterImpl-6d7611b0-ac11-41e1-98f8-97ea473a16a6/datanode-0/data/ratis/24d4eb0a-6b75-4498-880f-0abb88d0a2e0/in_use.lock acquired by nodename 16859@fv-az12-896
2021-07-03 01:52:55,884 [pool-267-thread-1] INFO  storage.RaftStorage (RaftStorageImpl.java:format(87)) - Storage directory /home/runner/work/ozone/ozone/mnt/ozone/hadoop-ozone/integration-test/target/test-dir/MiniOzoneClusterImpl-6d7611b0-ac11-41e1-98f8-97ea473a16a6/datanode-1/data/ratis/24d4eb0a-6b75-4498-880f-0abb88d0a2e0 has been successfully formatted.
2021-07-03 01:52:55,884 [pool-247-thread-1] INFO  storage.RaftStorage (RaftStorageImpl.java:format(87)) - Storage directory /home/runner/work/ozone/ozone/mnt/ozone/hadoop-ozone/integration-test/target/test-dir/MiniOzoneClusterImpl-6d7611b0-ac11-41e1-98f8-97ea473a16a6/datanode-0/data/ratis/24d4eb0a-6b75-4498-880f-0abb88d0a2e0 has been successfully formatted.
2021-07-03 01:52:55,884 [pool-247-thread-1] INFO  ratis.ContainerStateMachine (ContainerStateMachine.java:loadSnapshot(223)) - group-0ABB88D0A2E0: The snapshot info is null. Setting the last applied indexto:(t:0, i:~)
2021-07-03 01:52:55,885 [pool-247-thread-1] INFO  server.RaftServerConfigKeys (ConfUtils.java:logGet(44)) - raft.server.notification.no-leader.timeout = 300s (custom)
2021-07-03 01:52:55,885 [pool-247-thread-1] INFO  server.RaftServerConfigKeys (ConfUtils.java:logGet(44)) - raft.server.log.use.memory = false (default)
2021-07-03 01:52:55,885 [pool-247-thread-1] INFO  server.RaftServerConfigKeys (ConfUtils.java:logGet(44)) - raft.server.log.purge.gap = 1000000 (custom)
2021-07-03 01:52:55,885 [pool-247-thread-1] INFO  server.RaftServerConfigKeys (ConfUtils.java:logGet(44)) - raft.server.log.appender.buffer.byte-limit = 33554432 (custom)
2021-07-03 01:52:55,885 [pool-247-thread-1] INFO  metrics.RatisMetrics (RatisMetrics.java:lambda$create$0(36)) - Creating Metrics Registry : ratis.log_worker.48a93f24-2ce5-44e8-b9e2-5628d9c2ac97@group-0ABB88D0A2E0
2021-07-03 01:52:55,885 [pool-247-thread-1] INFO  server.RaftServerConfigKeys (ConfUtils.java:logGet(44)) - raft.server.log.segment.size.max = 1048576 (custom)
2021-07-03 01:52:55,886 [EventQueue-OpenPipelineForHealthyPipelineSafeModeRule] INFO  safemode.SCMSafeModeManager (HealthyPipelineSafeModeRule.java:process(124)) - SCM in safe mode. Healthy pipelines reported count is 0, required healthy pipeline reported count is 1
2021-07-03 01:52:55,886 [pool-247-thread-1] INFO  server.RaftServerConfigKeys (ConfUtils.java:logGet(44)) - raft.server.log.segment.cache.num.max = 2 (custom)
2021-07-03 01:52:55,886 [pool-247-thread-1] INFO  server.RaftServerConfigKeys (ConfUtils.java:logGet(44)) - raft.server.log.segment.cache.size.max = 200MB (=209715200) (default)
2021-07-03 01:52:55,886 [pool-247-thread-1] INFO  segmented.SegmentedRaftLogWorker (SegmentedRaftLogWorker.java:<init>(182)) - new 48a93f24-2ce5-44e8-b9e2-5628d9c2ac97@group-0ABB88D0A2E0-SegmentedRaftLogWorker for RaftStorageImpl:Storage Directory /home/runner/work/ozone/ozone/mnt/ozone/hadoop-ozone/integration-test/target/test-dir/MiniOzoneClusterImpl-6d7611b0-ac11-41e1-98f8-97ea473a16a6/datanode-0/data/ratis/24d4eb0a-6b75-4498-880f-0abb88d0a2e0
2021-07-03 01:52:55,887 [pool-247-thread-1] INFO  server.RaftServerConfigKeys (ConfUtils.java:logGet(44)) - raft.server.log.queue.byte-limit = 2147483647 (custom)
2021-07-03 01:52:55,887 [pool-247-thread-1] INFO  server.RaftServerConfigKeys (ConfUtils.java:logGet(44)) - raft.server.log.queue.element-limit = 1024 (custom)
2021-07-03 01:52:55,887 [pool-247-thread-1] INFO  server.RaftServerConfigKeys (ConfUtils.java:logGet(44)) - raft.server.log.segment.size.max = 1048576 (custom)
2021-07-03 01:52:55,887 [pool-247-thread-1] INFO  server.RaftServerConfigKeys (ConfUtils.java:logGet(44)) - raft.server.log.preallocated.size = 16384 (custom)
2021-07-03 01:52:55,887 [pool-247-thread-1] INFO  server.RaftServerConfigKeys (ConfUtils.java:logGet(44)) - raft.server.log.force.sync.num = 128 (default)
2021-07-03 01:52:55,887 [pool-247-thread-1] INFO  server.RaftServerConfigKeys (ConfUtils.java:logGet(44)) - raft.server.log.statemachine.data.sync = true (default)
2021-07-03 01:52:55,887 [pool-247-thread-1] INFO  server.RaftServerConfigKeys (ConfUtils.java:logGet(44)) - raft.server.log.statemachine.data.sync.timeout = 10s (default)
2021-07-03 01:52:55,887 [pool-247-thread-1] INFO  server.RaftServerConfigKeys (ConfUtils.java:logGet(44)) - raft.server.log.statemachine.data.sync.timeout.retry = -1 (default)
2021-07-03 01:52:55,887 [EventQueue-OpenPipelineForHealthyPipelineSafeModeRule] INFO  safemode.SCMSafeModeManager (HealthyPipelineSafeModeRule.java:process(124)) - SCM in safe mode. Healthy pipelines reported count is 0, required healthy pipeline reported count is 1
2021-07-03 01:52:55,888 [EventQueue-OpenPipelineForHealthyPipelineSafeModeRule] INFO  safemode.SCMSafeModeManager (HealthyPipelineSafeModeRule.java:process(124)) - SCM in safe mode. Healthy pipelines reported count is 0, required healthy pipeline reported count is 1
2021-07-03 01:52:55,888 [pool-267-thread-1] INFO  ratis.ContainerStateMachine (ContainerStateMachine.java:loadSnapshot(223)) - group-0ABB88D0A2E0: The snapshot info is null. Setting the last applied indexto:(t:0, i:~)
2021-07-03 01:52:55,889 [pool-267-thread-1] INFO  server.RaftServerConfigKeys (ConfUtils.java:logGet(44)) - raft.server.notification.no-leader.timeout = 300s (custom)
2021-07-03 01:52:55,889 [pool-267-thread-1] INFO  server.RaftServerConfigKeys (ConfUtils.java:logGet(44)) - raft.server.log.use.memory = false (default)
2021-07-03 01:52:55,889 [pool-267-thread-1] INFO  server.RaftServerConfigKeys (ConfUtils.java:logGet(44)) - raft.server.log.purge.gap = 1000000 (custom)
2021-07-03 01:52:55,889 [pool-267-thread-1] INFO  server.RaftServerConfigKeys (ConfUtils.java:logGet(44)) - raft.server.log.appender.buffer.byte-limit = 33554432 (custom)
2021-07-03 01:52:55,889 [pool-267-thread-1] INFO  metrics.RatisMetrics (RatisMetrics.java:lambda$create$0(36)) - Creating Metrics Registry : ratis.log_worker.ca9dc723-67a1-4a65-9480-66850f9b9d20@group-0ABB88D0A2E0
2021-07-03 01:52:55,889 [pool-267-thread-1] INFO  server.RaftServerConfigKeys (ConfUtils.java:logGet(44)) - raft.server.log.segment.size.max = 1048576 (custom)
2021-07-03 01:52:55,891 [pool-267-thread-1] INFO  server.RaftServerConfigKeys (ConfUtils.java:logGet(44)) - raft.server.log.segment.cache.num.max = 2 (custom)
2021-07-03 01:52:55,891 [pool-267-thread-1] INFO  server.RaftServerConfigKeys (ConfUtils.java:logGet(44)) - raft.server.log.segment.cache.size.max = 200MB (=209715200) (default)
2021-07-03 01:52:55,891 [pool-267-thread-1] INFO  segmented.SegmentedRaftLogWorker (SegmentedRaftLogWorker.java:<init>(182)) - new ca9dc723-67a1-4a65-9480-66850f9b9d20@group-0ABB88D0A2E0-SegmentedRaftLogWorker for RaftStorageImpl:Storage Directory /home/runner/work/ozone/ozone/mnt/ozone/hadoop-ozone/integration-test/target/test-dir/MiniOzoneClusterImpl-6d7611b0-ac11-41e1-98f8-97ea473a16a6/datanode-1/data/ratis/24d4eb0a-6b75-4498-880f-0abb88d0a2e0
2021-07-03 01:52:55,891 [pool-267-thread-1] INFO  server.RaftServerConfigKeys (ConfUtils.java:logGet(44)) - raft.server.log.queue.byte-limit = 2147483647 (custom)
2021-07-03 01:52:55,891 [pool-267-thread-1] INFO  server.RaftServerConfigKeys (ConfUtils.java:logGet(44)) - raft.server.log.queue.element-limit = 1024 (custom)
2021-07-03 01:52:55,891 [pool-267-thread-1] INFO  server.RaftServerConfigKeys (ConfUtils.java:logGet(44)) - raft.server.log.segment.size.max = 1048576 (custom)
2021-07-03 01:52:55,891 [pool-267-thread-1] INFO  server.RaftServerConfigKeys (ConfUtils.java:logGet(44)) - raft.server.log.preallocated.size = 16384 (custom)
2021-07-03 01:52:55,891 [pool-267-thread-1] INFO  server.RaftServerConfigKeys (ConfUtils.java:logGet(44)) - raft.server.log.force.sync.num = 128 (default)
2021-07-03 01:52:55,891 [pool-267-thread-1] INFO  server.RaftServerConfigKeys (ConfUtils.java:logGet(44)) - raft.server.log.statemachine.data.sync = true (default)
2021-07-03 01:52:55,891 [pool-267-thread-1] INFO  server.RaftServerConfigKeys (ConfUtils.java:logGet(44)) - raft.server.log.statemachine.data.sync.timeout = 10s (default)
2021-07-03 01:52:55,891 [pool-267-thread-1] INFO  server.RaftServerConfigKeys (ConfUtils.java:logGet(44)) - raft.server.log.statemachine.data.sync.timeout.retry = -1 (default)
2021-07-03 01:52:55,892 [pool-267-thread-1] INFO  server.RaftServerConfigKeys (ConfUtils.java:logGet(44)) - raft.server.log.write.buffer.size = 1048576 (custom)
2021-07-03 01:52:55,893 [pool-267-thread-1] INFO  server.RaftServerConfigKeys (ConfUtils.java:logGet(44)) - raft.server.log.statemachine.data.caching.enabled = true (custom)
2021-07-03 01:52:55,893 [pool-267-thread-1] INFO  segmented.SegmentedRaftLogWorker (SegmentedRaftLogWorker.java:lambda$new$0(133)) - ca9dc723-67a1-4a65-9480-66850f9b9d20@group-0ABB88D0A2E0-SegmentedRaftLogWorker: flushIndex: setUnconditionally 0 -> -1
2021-07-03 01:52:55,893 [pool-267-thread-1] INFO  segmented.SegmentedRaftLogWorker (SegmentedRaftLogWorker.java:lambda$new$0(133)) - ca9dc723-67a1-4a65-9480-66850f9b9d20@group-0ABB88D0A2E0-SegmentedRaftLogWorker: safeCacheEvictIndex: setUnconditionally 0 -> -1
2021-07-03 01:52:55,895 [pool-247-thread-1] INFO  server.RaftServerConfigKeys (ConfUtils.java:logGet(44)) - raft.server.log.write.buffer.size = 1048576 (custom)
2021-07-03 01:52:55,895 [pool-247-thread-1] INFO  server.RaftServerConfigKeys (ConfUtils.java:logGet(44)) - raft.server.log.statemachine.data.caching.enabled = true (custom)
2021-07-03 01:52:55,895 [pool-247-thread-1] INFO  segmented.SegmentedRaftLogWorker (SegmentedRaftLogWorker.java:lambda$new$0(133)) - 48a93f24-2ce5-44e8-b9e2-5628d9c2ac97@group-0ABB88D0A2E0-SegmentedRaftLogWorker: flushIndex: setUnconditionally 0 -> -1
2021-07-03 01:52:55,895 [pool-247-thread-1] INFO  segmented.SegmentedRaftLogWorker (SegmentedRaftLogWorker.java:lambda$new$0(133)) - 48a93f24-2ce5-44e8-b9e2-5628d9c2ac97@group-0ABB88D0A2E0-SegmentedRaftLogWorker: safeCacheEvictIndex: setUnconditionally 0 -> -1
2021-07-03 01:52:55,895 [pool-267-thread-1] INFO  server.RaftServerConfigKeys (ConfUtils.java:logGet(44)) - raft.server.snapshot.auto.trigger.enabled = true (custom)
2021-07-03 01:52:55,895 [pool-267-thread-1] INFO  server.RaftServerConfigKeys (ConfUtils.java:logGet(44)) - raft.server.snapshot.auto.trigger.threshold = 10000 (custom)
2021-07-03 01:52:55,895 [pool-267-thread-1] INFO  server.RaftServerConfigKeys (ConfUtils.java:logGet(44)) - raft.server.snapshot.retention.file.num = 5 (custom)
2021-07-03 01:52:55,895 [pool-267-thread-1] INFO  server.RaftServerConfigKeys (ConfUtils.java:logGet(44)) - raft.server.log.purge.upto.snapshot.index = false (default)
2021-07-03 01:52:55,895 [pool-267-thread-1] INFO  server.RaftServerConfigKeys (ConfUtils.java:logGet(44)) - raft.server.retrycache.expirytime = 600000ms (custom)
2021-07-03 01:52:55,896 [pool-267-thread-1] INFO  server.RaftServerConfigKeys (ConfUtils.java:logGet(44)) - raft.server.retrycache.statistics.expirytime = 100μs (default)
2021-07-03 01:52:55,896 [pool-267-thread-1] INFO  metrics.RatisMetrics (RatisMetrics.java:lambda$create$0(36)) - Creating Metrics Registry : ratis.leader_election.ca9dc723-67a1-4a65-9480-66850f9b9d20@group-0ABB88D0A2E0
2021-07-03 01:52:55,896 [pool-267-thread-1] INFO  metrics.RatisMetrics (RatisMetrics.java:lambda$create$0(36)) - Creating Metrics Registry : ratis.server.ca9dc723-67a1-4a65-9480-66850f9b9d20@group-0ABB88D0A2E0
2021-07-03 01:52:55,897 [pool-267-thread-1] INFO  server.RaftServer$Division (RaftServerImpl.java:start(295)) - ca9dc723-67a1-4a65-9480-66850f9b9d20@group-0ABB88D0A2E0: start as a follower, conf=-1: [ca9dc723-67a1-4a65-9480-66850f9b9d20|rpc:127.0.0.1:37533|priority:0, 48a93f24-2ce5-44e8-b9e2-5628d9c2ac97|rpc:127.0.0.1:36777|priority:0, 8fa4ef72-0e52-420c-b0d5-60420e93c6a9|rpc:127.0.0.1:35781|priority:1], old=null
2021-07-03 01:52:55,897 [pool-267-thread-1] INFO  server.RaftServer$Division (RaftServerImpl.java:setRole(284)) - ca9dc723-67a1-4a65-9480-66850f9b9d20@group-0ABB88D0A2E0: changes role from      null to FOLLOWER at term 0 for startAsFollower
2021-07-03 01:52:55,897 [pool-267-thread-1] INFO  impl.RoleInfo (RoleInfo.java:updateAndGet(130)) - ca9dc723-67a1-4a65-9480-66850f9b9d20: start ca9dc723-67a1-4a65-9480-66850f9b9d20@group-0ABB88D0A2E0-FollowerState
2021-07-03 01:52:55,897 [pool-267-thread-1] INFO  util.JmxRegister (JmxRegister.java:tryRegister(44)) - Successfully registered JMX Bean with object name Ratis:service=RaftServer,group=group-0ABB88D0A2E0,id=ca9dc723-67a1-4a65-9480-66850f9b9d20
2021-07-03 01:52:55,897 [pool-267-thread-1] INFO  metrics.RatisMetrics (RatisMetrics.java:lambda$create$0(36)) - Creating Metrics Registry : ratis.state_machine.ca9dc723-67a1-4a65-9480-66850f9b9d20@group-0ABB88D0A2E0
2021-07-03 01:52:55,898 [Command processor thread] INFO  ratis.XceiverServerRatis (XceiverServerRatis.java:addGroup(759)) - Created group PipelineID=24d4eb0a-6b75-4498-880f-0abb88d0a2e0
2021-07-03 01:52:55,899 [Command processor thread] INFO  metrics.RatisMetrics (RatisMetrics.java:lambda$create$0(36)) - Creating Metrics Registry : ratis.client_message_metrics.client-30D47F3EFF24->8fa4ef72-0e52-420c-b0d5-60420e93c6a9
2021-07-03 01:52:55,908 [pool-247-thread-1] INFO  server.RaftServerConfigKeys (ConfUtils.java:logGet(44)) - raft.server.snapshot.auto.trigger.enabled = true (custom)
2021-07-03 01:52:55,909 [pool-247-thread-1] INFO  server.RaftServerConfigKeys (ConfUtils.java:logGet(44)) - raft.server.snapshot.auto.trigger.threshold = 10000 (custom)
2021-07-03 01:52:55,909 [pool-247-thread-1] INFO  server.RaftServerConfigKeys (ConfUtils.java:logGet(44)) - raft.server.snapshot.retention.file.num = 5 (custom)
2021-07-03 01:52:55,909 [pool-247-thread-1] INFO  server.RaftServerConfigKeys (ConfUtils.java:logGet(44)) - raft.server.log.purge.upto.snapshot.index = false (default)
2021-07-03 01:52:55,909 [grpc-default-executor-3] INFO  server.RaftServer (RaftServerProxy.java:addNew(95)) - 8fa4ef72-0e52-420c-b0d5-60420e93c6a9: addNew group-0ABB88D0A2E0:[ca9dc723-67a1-4a65-9480-66850f9b9d20|rpc:127.0.0.1:37533|dataStream:|priority:0, 48a93f24-2ce5-44e8-b9e2-5628d9c2ac97|rpc:127.0.0.1:36777|dataStream:|priority:0, 8fa4ef72-0e52-420c-b0d5-60420e93c6a9|rpc:127.0.0.1:35781|dataStream:|priority:1] returns group-0ABB88D0A2E0:java.util.concurrent.CompletableFuture@359de974[Not completed]
2021-07-03 01:52:55,909 [pool-247-thread-1] INFO  server.RaftServerConfigKeys (ConfUtils.java:logGet(44)) - raft.server.retrycache.expirytime = 600000ms (custom)
2021-07-03 01:52:55,909 [pool-247-thread-1] INFO  server.RaftServerConfigKeys (ConfUtils.java:logGet(44)) - raft.server.retrycache.statistics.expirytime = 100μs (default)
2021-07-03 01:52:55,909 [pool-247-thread-1] INFO  metrics.RatisMetrics (RatisMetrics.java:lambda$create$0(36)) - Creating Metrics Registry : ratis.leader_election.48a93f24-2ce5-44e8-b9e2-5628d9c2ac97@group-0ABB88D0A2E0
2021-07-03 01:52:55,909 [pool-247-thread-1] INFO  metrics.RatisMetrics (RatisMetrics.java:lambda$create$0(36)) - Creating Metrics Registry : ratis.server.48a93f24-2ce5-44e8-b9e2-5628d9c2ac97@group-0ABB88D0A2E0
2021-07-03 01:52:55,910 [pool-287-thread-1] INFO  server.RaftServer$Division (RaftServerImpl.java:<init>(180)) - 8fa4ef72-0e52-420c-b0d5-60420e93c6a9: new RaftServerImpl for group-0ABB88D0A2E0:[ca9dc723-67a1-4a65-9480-66850f9b9d20|rpc:127.0.0.1:37533|dataStream:|priority:0, 48a93f24-2ce5-44e8-b9e2-5628d9c2ac97|rpc:127.0.0.1:36777|dataStream:|priority:0, 8fa4ef72-0e52-420c-b0d5-60420e93c6a9|rpc:127.0.0.1:35781|dataStream:|priority:1] with ContainerStateMachine:uninitialized
2021-07-03 01:52:55,910 [pool-287-thread-1] INFO  server.RaftServerConfigKeys (ConfUtils.java:logGet(44)) - raft.server.rpc.timeout.min = 5s (custom)
2021-07-03 01:52:55,910 [pool-287-thread-1] INFO  server.RaftServerConfigKeys (ConfUtils.java:logGet(44)) - raft.server.rpc.timeout.max = 5200ms (custom)
2021-07-03 01:52:55,910 [pool-287-thread-1] INFO  server.RaftServerConfigKeys (ConfUtils.java:logGet(44)) - raft.server.rpc.sleep.time = 25ms (default)
2021-07-03 01:52:55,910 [pool-287-thread-1] INFO  server.RaftServerConfigKeys (ConfUtils.java:logGet(44)) - raft.server.rpc.slowness.timeout = 300s (custom)
2021-07-03 01:52:55,910 [pool-287-thread-1] INFO  server.RaftServerConfigKeys (ConfUtils.java:logGet(44)) - raft.server.leaderelection.leader.step-down.wait-time = 10s (default)
2021-07-03 01:52:55,911 [pool-287-thread-1] INFO  server.RaftServerConfigKeys (ConfUtils.java:logGet(44)) - raft.server.sleep.deviation.threshold = 300ms (default)
2021-07-03 01:52:55,911 [pool-247-thread-1] INFO  server.RaftServer$Division (RaftServerImpl.java:start(295)) - 48a93f24-2ce5-44e8-b9e2-5628d9c2ac97@group-0ABB88D0A2E0: start as a follower, conf=-1: [ca9dc723-67a1-4a65-9480-66850f9b9d20|rpc:127.0.0.1:37533|priority:0, 48a93f24-2ce5-44e8-b9e2-5628d9c2ac97|rpc:127.0.0.1:36777|priority:0, 8fa4ef72-0e52-420c-b0d5-60420e93c6a9|rpc:127.0.0.1:35781|priority:1], old=null
2021-07-03 01:52:55,911 [pool-247-thread-1] INFO  server.RaftServer$Division (RaftServerImpl.java:setRole(284)) - 48a93f24-2ce5-44e8-b9e2-5628d9c2ac97@group-0ABB88D0A2E0: changes role from      null to FOLLOWER at term 0 for startAsFollower
2021-07-03 01:52:55,911 [pool-247-thread-1] INFO  impl.RoleInfo (RoleInfo.java:updateAndGet(130)) - 48a93f24-2ce5-44e8-b9e2-5628d9c2ac97: start 48a93f24-2ce5-44e8-b9e2-5628d9c2ac97@group-0ABB88D0A2E0-FollowerState
2021-07-03 01:52:55,911 [pool-287-thread-1] INFO  server.RaftServerConfigKeys (ConfUtils.java:logGet(44)) - raft.server.log.appender.install.snapshot.enabled = false (custom)
2021-07-03 01:52:55,911 [pool-287-thread-1] INFO  server.RaftServer$Division (ServerState.java:<init>(105)) - 8fa4ef72-0e52-420c-b0d5-60420e93c6a9@group-0ABB88D0A2E0: ConfigurationManager, init=-1: [ca9dc723-67a1-4a65-9480-66850f9b9d20|rpc:127.0.0.1:37533|dataStream:|priority:0, 48a93f24-2ce5-44e8-b9e2-5628d9c2ac97|rpc:127.0.0.1:36777|dataStream:|priority:0, 8fa4ef72-0e52-420c-b0d5-60420e93c6a9|rpc:127.0.0.1:35781|dataStream:|priority:1], old=null, confs=<EMPTY_MAP>
2021-07-03 01:52:55,911 [pool-287-thread-1] INFO  server.RaftServerConfigKeys (ConfUtils.java:logGet(44)) - raft.server.storage.dir = [/home/runner/work/ozone/ozone/mnt/ozone/hadoop-ozone/integration-test/target/test-dir/MiniOzoneClusterImpl-6d7611b0-ac11-41e1-98f8-97ea473a16a6/datanode-2/data/ratis] (custom)
2021-07-03 01:52:55,911 [pool-287-thread-1] INFO  server.RaftServerConfigKeys (ConfUtils.java:logGet(44)) - raft.server.log.corruption.policy = EXCEPTION (default)
2021-07-03 01:52:55,911 [pool-247-thread-1] INFO  util.JmxRegister (JmxRegister.java:tryRegister(44)) - Successfully registered JMX Bean with object name Ratis:service=RaftServer,group=group-0ABB88D0A2E0,id=48a93f24-2ce5-44e8-b9e2-5628d9c2ac97
2021-07-03 01:52:55,911 [pool-287-thread-1] INFO  storage.RaftStorageDirectory (RaftStorageDirectoryImpl.java:analyzeStorage(132)) - The storage directory /home/runner/work/ozone/ozone/mnt/ozone/hadoop-ozone/integration-test/target/test-dir/MiniOzoneClusterImpl-6d7611b0-ac11-41e1-98f8-97ea473a16a6/datanode-2/data/ratis/24d4eb0a-6b75-4498-880f-0abb88d0a2e0 does not exist. Creating ...
2021-07-03 01:52:55,911 [pool-247-thread-1] INFO  metrics.RatisMetrics (RatisMetrics.java:lambda$create$0(36)) - Creating Metrics Registry : ratis.state_machine.48a93f24-2ce5-44e8-b9e2-5628d9c2ac97@group-0ABB88D0A2E0
2021-07-03 01:52:55,912 [Command processor thread] INFO  ratis.XceiverServerRatis (XceiverServerRatis.java:addGroup(759)) - Created group PipelineID=24d4eb0a-6b75-4498-880f-0abb88d0a2e0
2021-07-03 01:52:55,913 [Command processor thread] INFO  metrics.RatisMetrics (RatisMetrics.java:lambda$create$0(36)) - Creating Metrics Registry : ratis.client_message_metrics.client-04FE576A00E6->ca9dc723-67a1-4a65-9480-66850f9b9d20
2021-07-03 01:52:55,914 [pool-287-thread-1] INFO  storage.RaftStorageDirectory (RaftStorageDirectoryImpl.java:tryLock(215)) - Lock on /home/runner/work/ozone/ozone/mnt/ozone/hadoop-ozone/integration-test/target/test-dir/MiniOzoneClusterImpl-6d7611b0-ac11-41e1-98f8-97ea473a16a6/datanode-2/data/ratis/24d4eb0a-6b75-4498-880f-0abb88d0a2e0/in_use.lock acquired by nodename 16859@fv-az12-896
2021-07-03 01:52:55,916 [pool-287-thread-1] INFO  storage.RaftStorage (RaftStorageImpl.java:format(87)) - Storage directory /home/runner/work/ozone/ozone/mnt/ozone/hadoop-ozone/integration-test/target/test-dir/MiniOzoneClusterImpl-6d7611b0-ac11-41e1-98f8-97ea473a16a6/datanode-2/data/ratis/24d4eb0a-6b75-4498-880f-0abb88d0a2e0 has been successfully formatted.
2021-07-03 01:52:55,917 [pool-287-thread-1] INFO  ratis.ContainerStateMachine (ContainerStateMachine.java:loadSnapshot(223)) - group-0ABB88D0A2E0: The snapshot info is null. Setting the last applied indexto:(t:0, i:~)
2021-07-03 01:52:55,917 [pool-287-thread-1] INFO  server.RaftServerConfigKeys (ConfUtils.java:logGet(44)) - raft.server.notification.no-leader.timeout = 300s (custom)
2021-07-03 01:52:55,917 [pool-287-thread-1] INFO  server.RaftServerConfigKeys (ConfUtils.java:logGet(44)) - raft.server.log.use.memory = false (default)
2021-07-03 01:52:55,917 [pool-287-thread-1] INFO  server.RaftServerConfigKeys (ConfUtils.java:logGet(44)) - raft.server.log.purge.gap = 1000000 (custom)
2021-07-03 01:52:55,918 [pool-287-thread-1] INFO  server.RaftServerConfigKeys (ConfUtils.java:logGet(44)) - raft.server.log.appender.buffer.byte-limit = 33554432 (custom)
2021-07-03 01:52:55,918 [pool-287-thread-1] INFO  metrics.RatisMetrics (RatisMetrics.java:lambda$create$0(36)) - Creating Metrics Registry : ratis.log_worker.8fa4ef72-0e52-420c-b0d5-60420e93c6a9@group-0ABB88D0A2E0
2021-07-03 01:52:55,929 [pool-287-thread-1] INFO  server.RaftServerConfigKeys (ConfUtils.java:logGet(44)) - raft.server.log.segment.size.max = 1048576 (custom)
2021-07-03 01:52:55,929 [pool-287-thread-1] INFO  server.RaftServerConfigKeys (ConfUtils.java:logGet(44)) - raft.server.log.segment.cache.num.max = 2 (custom)
2021-07-03 01:52:55,929 [pool-287-thread-1] INFO  server.RaftServerConfigKeys (ConfUtils.java:logGet(44)) - raft.server.log.segment.cache.size.max = 200MB (=209715200) (default)
2021-07-03 01:52:55,929 [pool-287-thread-1] INFO  segmented.SegmentedRaftLogWorker (SegmentedRaftLogWorker.java:<init>(182)) - new 8fa4ef72-0e52-420c-b0d5-60420e93c6a9@group-0ABB88D0A2E0-SegmentedRaftLogWorker for RaftStorageImpl:Storage Directory /home/runner/work/ozone/ozone/mnt/ozone/hadoop-ozone/integration-test/target/test-dir/MiniOzoneClusterImpl-6d7611b0-ac11-41e1-98f8-97ea473a16a6/datanode-2/data/ratis/24d4eb0a-6b75-4498-880f-0abb88d0a2e0
2021-07-03 01:52:55,929 [pool-287-thread-1] INFO  server.RaftServerConfigKeys (ConfUtils.java:logGet(44)) - raft.server.log.queue.byte-limit = 2147483647 (custom)
2021-07-03 01:52:55,929 [pool-287-thread-1] INFO  server.RaftServerConfigKeys (ConfUtils.java:logGet(44)) - raft.server.log.queue.element-limit = 1024 (custom)
2021-07-03 01:52:55,929 [pool-287-thread-1] INFO  server.RaftServerConfigKeys (ConfUtils.java:logGet(44)) - raft.server.log.segment.size.max = 1048576 (custom)
2021-07-03 01:52:55,929 [pool-287-thread-1] INFO  server.RaftServerConfigKeys (ConfUtils.java:logGet(44)) - raft.server.log.preallocated.size = 16384 (custom)
2021-07-03 01:52:55,929 [pool-287-thread-1] INFO  server.RaftServerConfigKeys (ConfUtils.java:logGet(44)) - raft.server.log.force.sync.num = 128 (default)
2021-07-03 01:52:55,930 [pool-287-thread-1] INFO  server.RaftServerConfigKeys (ConfUtils.java:logGet(44)) - raft.server.log.statemachine.data.sync = true (default)
2021-07-03 01:52:55,930 [pool-287-thread-1] INFO  server.RaftServerConfigKeys (ConfUtils.java:logGet(44)) - raft.server.log.statemachine.data.sync.timeout = 10s (default)
2021-07-03 01:52:55,930 [pool-287-thread-1] INFO  server.RaftServerConfigKeys (ConfUtils.java:logGet(44)) - raft.server.log.statemachine.data.sync.timeout.retry = -1 (default)
2021-07-03 01:52:55,930 [pool-287-thread-1] INFO  server.RaftServerConfigKeys (ConfUtils.java:logGet(44)) - raft.server.log.write.buffer.size = 1048576 (custom)
2021-07-03 01:52:55,931 [pool-287-thread-1] INFO  server.RaftServerConfigKeys (ConfUtils.java:logGet(44)) - raft.server.log.statemachine.data.caching.enabled = true (custom)
2021-07-03 01:52:55,931 [pool-287-thread-1] INFO  segmented.SegmentedRaftLogWorker (SegmentedRaftLogWorker.java:lambda$new$0(133)) - 8fa4ef72-0e52-420c-b0d5-60420e93c6a9@group-0ABB88D0A2E0-SegmentedRaftLogWorker: flushIndex: setUnconditionally 0 -> -1
2021-07-03 01:52:55,931 [pool-287-thread-1] INFO  segmented.SegmentedRaftLogWorker (SegmentedRaftLogWorker.java:lambda$new$0(133)) - 8fa4ef72-0e52-420c-b0d5-60420e93c6a9@group-0ABB88D0A2E0-SegmentedRaftLogWorker: safeCacheEvictIndex: setUnconditionally 0 -> -1
2021-07-03 01:52:55,933 [pool-287-thread-1] INFO  server.RaftServerConfigKeys (ConfUtils.java:logGet(44)) - raft.server.snapshot.auto.trigger.enabled = true (custom)
2021-07-03 01:52:55,933 [pool-287-thread-1] INFO  server.RaftServerConfigKeys (ConfUtils.java:logGet(44)) - raft.server.snapshot.auto.trigger.threshold = 10000 (custom)
2021-07-03 01:52:55,933 [pool-287-thread-1] INFO  server.RaftServerConfigKeys (ConfUtils.java:logGet(44)) - raft.server.snapshot.retention.file.num = 5 (custom)
2021-07-03 01:52:55,934 [pool-287-thread-1] INFO  server.RaftServerConfigKeys (ConfUtils.java:logGet(44)) - raft.server.log.purge.upto.snapshot.index = false (default)
2021-07-03 01:52:55,934 [pool-287-thread-1] INFO  server.RaftServerConfigKeys (ConfUtils.java:logGet(44)) - raft.server.retrycache.expirytime = 600000ms (custom)
2021-07-03 01:52:55,934 [pool-287-thread-1] INFO  server.RaftServerConfigKeys (ConfUtils.java:logGet(44)) - raft.server.retrycache.statistics.expirytime = 100μs (default)
2021-07-03 01:52:55,934 [pool-287-thread-1] INFO  metrics.RatisMetrics (RatisMetrics.java:lambda$create$0(36)) - Creating Metrics Registry : ratis.leader_election.8fa4ef72-0e52-420c-b0d5-60420e93c6a9@group-0ABB88D0A2E0
2021-07-03 01:52:55,935 [pool-287-thread-1] INFO  metrics.RatisMetrics (RatisMetrics.java:lambda$create$0(36)) - Creating Metrics Registry : ratis.server.8fa4ef72-0e52-420c-b0d5-60420e93c6a9@group-0ABB88D0A2E0
2021-07-03 01:52:55,939 [pool-287-thread-1] INFO  server.RaftServer$Division (RaftServerImpl.java:start(295)) - 8fa4ef72-0e52-420c-b0d5-60420e93c6a9@group-0ABB88D0A2E0: start as a follower, conf=-1: [ca9dc723-67a1-4a65-9480-66850f9b9d20|rpc:127.0.0.1:37533|dataStream:|priority:0, 48a93f24-2ce5-44e8-b9e2-5628d9c2ac97|rpc:127.0.0.1:36777|dataStream:|priority:0, 8fa4ef72-0e52-420c-b0d5-60420e93c6a9|rpc:127.0.0.1:35781|dataStream:|priority:1], old=null
2021-07-03 01:52:55,939 [pool-287-thread-1] INFO  server.RaftServer$Division (RaftServerImpl.java:setRole(284)) - 8fa4ef72-0e52-420c-b0d5-60420e93c6a9@group-0ABB88D0A2E0: changes role from      null to FOLLOWER at term 0 for startAsFollower
2021-07-03 01:52:55,940 [pool-287-thread-1] INFO  impl.RoleInfo (RoleInfo.java:updateAndGet(130)) - 8fa4ef72-0e52-420c-b0d5-60420e93c6a9: start 8fa4ef72-0e52-420c-b0d5-60420e93c6a9@group-0ABB88D0A2E0-FollowerState
2021-07-03 01:52:55,940 [pool-287-thread-1] INFO  util.JmxRegister (JmxRegister.java:tryRegister(44)) - Successfully registered JMX Bean with object name Ratis:service=RaftServer,group=group-0ABB88D0A2E0,id=8fa4ef72-0e52-420c-b0d5-60420e93c6a9
2021-07-03 01:52:55,940 [pool-287-thread-1] INFO  metrics.RatisMetrics (RatisMetrics.java:lambda$create$0(36)) - Creating Metrics Registry : ratis.state_machine.8fa4ef72-0e52-420c-b0d5-60420e93c6a9@group-0ABB88D0A2E0
2021-07-03 01:52:55,963 [Command processor thread] INFO  metrics.RatisMetrics (RatisMetrics.java:lambda$create$0(36)) - Creating Metrics Registry : ratis.client_message_metrics.client-BB7FA36FDADB->48a93f24-2ce5-44e8-b9e2-5628d9c2ac97
2021-07-03 01:52:55,964 [Command processor thread] INFO  metrics.RatisMetrics (RatisMetrics.java:lambda$create$0(36)) - Creating Metrics Registry : ratis.client_message_metrics.client-206DF31F0A70->8fa4ef72-0e52-420c-b0d5-60420e93c6a9
2021-07-03 01:52:55,967 [grpc-default-executor-3] INFO  metrics.RatisMetrics (RatisMetrics.java:lambda$create$0(36)) - Creating Metrics Registry : ratis.server_message_metrics.48a93f24-2ce5-44e8-b9e2-5628d9c2ac97
2021-07-03 01:52:55,970 [Listener at 127.0.0.1/11044] INFO  ozone.MiniOzoneClusterImpl (MiniOzoneClusterImpl.java:lambda$waitForClusterToBeReady$0(227)) - Nodes are ready. Got 3 of 3 DN Heartbeats.
2021-07-03 01:52:55,970 [Listener at 127.0.0.1/11044] INFO  ozone.MiniOzoneClusterImpl (MiniOzoneClusterImpl.java:lambda$waitForClusterToBeReady$0(230)) - Waiting for cluster to exit safe mode
2021-07-03 01:52:55,970 [Listener at 127.0.0.1/11044] INFO  ozone.MiniOzoneClusterImpl (MiniOzoneClusterImpl.java:lambda$waitForClusterToBeReady$0(232)) - SCM became leader
2021-07-03 01:52:55,971 [Command processor thread] INFO  server.RaftServer (RaftServerProxy.java:addNew(95)) - 8fa4ef72-0e52-420c-b0d5-60420e93c6a9: addNew group-190898BE10ED:[8fa4ef72-0e52-420c-b0d5-60420e93c6a9|rpc:127.0.0.1:35781|priority:1] returns group-190898BE10ED:java.util.concurrent.CompletableFuture@528c4cba[Not completed]
2021-07-03 01:52:56,418 [pool-287-thread-1] INFO  server.RaftServer$Division (RaftServerImpl.java:<init>(180)) - 8fa4ef72-0e52-420c-b0d5-60420e93c6a9: new RaftServerImpl for group-190898BE10ED:[8fa4ef72-0e52-420c-b0d5-60420e93c6a9|rpc:127.0.0.1:35781|priority:1] with ContainerStateMachine:uninitialized
2021-07-03 01:52:56,426 [pool-287-thread-1] INFO  server.RaftServerConfigKeys (ConfUtils.java:logGet(44)) - raft.server.rpc.timeout.min = 5s (custom)
2021-07-03 01:52:56,426 [pool-287-thread-1] INFO  server.RaftServerConfigKeys (ConfUtils.java:logGet(44)) - raft.server.rpc.timeout.max = 5200ms (custom)
2021-07-03 01:52:56,426 [pool-287-thread-1] INFO  server.RaftServerConfigKeys (ConfUtils.java:logGet(44)) - raft.server.rpc.sleep.time = 25ms (default)
2021-07-03 01:52:56,426 [pool-287-thread-1] INFO  server.RaftServerConfigKeys (ConfUtils.java:logGet(44)) - raft.server.rpc.slowness.timeout = 300s (custom)
2021-07-03 01:52:56,426 [pool-287-thread-1] INFO  server.RaftServerConfigKeys (ConfUtils.java:logGet(44)) - raft.server.leaderelection.leader.step-down.wait-time = 10s (default)
2021-07-03 01:52:56,426 [pool-287-thread-1] INFO  server.RaftServerConfigKeys (ConfUtils.java:logGet(44)) - raft.server.sleep.deviation.threshold = 300ms (default)
2021-07-03 01:52:56,426 [pool-287-thread-1] INFO  server.RaftServerConfigKeys (ConfUtils.java:logGet(44)) - raft.server.log.appender.install.snapshot.enabled = false (custom)
2021-07-03 01:52:56,427 [pool-287-thread-1] INFO  server.RaftServer$Division (ServerState.java:<init>(105)) - 8fa4ef72-0e52-420c-b0d5-60420e93c6a9@group-190898BE10ED: ConfigurationManager, init=-1: [8fa4ef72-0e52-420c-b0d5-60420e93c6a9|rpc:127.0.0.1:35781|priority:1], old=null, confs=<EMPTY_MAP>
2021-07-03 01:52:56,427 [pool-287-thread-1] INFO  server.RaftServerConfigKeys (ConfUtils.java:logGet(44)) - raft.server.storage.dir = [/home/runner/work/ozone/ozone/mnt/ozone/hadoop-ozone/integration-test/target/test-dir/MiniOzoneClusterImpl-6d7611b0-ac11-41e1-98f8-97ea473a16a6/datanode-2/data/ratis] (custom)
2021-07-03 01:52:56,427 [pool-287-thread-1] INFO  server.RaftServerConfigKeys (ConfUtils.java:logGet(44)) - raft.server.log.corruption.policy = EXCEPTION (default)
2021-07-03 01:52:56,427 [pool-287-thread-1] INFO  storage.RaftStorageDirectory (RaftStorageDirectoryImpl.java:analyzeStorage(132)) - The storage directory /home/runner/work/ozone/ozone/mnt/ozone/hadoop-ozone/integration-test/target/test-dir/MiniOzoneClusterImpl-6d7611b0-ac11-41e1-98f8-97ea473a16a6/datanode-2/data/ratis/7049b5d2-2423-4944-bd3a-190898be10ed does not exist. Creating ...
2021-07-03 01:52:56,420 [org.apache.ratis.util.JvmPauseMonitor$$Lambda$493/611739613@76bf6b34] WARN  util.JvmPauseMonitor (JvmPauseMonitor.java:detectPause(124)) - JvmPauseMonitor-8fa4ef72-0e52-420c-b0d5-60420e93c6a9: Detected pause in JVM or host machine (eg GC): pause of approximately 427325522ns.
GC pool 'PS MarkSweep' had collection(s): count=1 time=295ms
GC pool 'PS Scavenge' had collection(s): count=1 time=149ms
2021-07-03 01:52:56,420 [org.apache.ratis.util.JvmPauseMonitor$$Lambda$493/611739613@3432a612] WARN  util.JvmPauseMonitor (JvmPauseMonitor.java:detectPause(124)) - JvmPauseMonitor-72fc5de2-a3f7-4fa9-972b-1bbfdbde045f: Detected pause in JVM or host machine (eg GC): pause of approximately 414312821ns.
GC pool 'PS MarkSweep' had collection(s): count=1 time=295ms
GC pool 'PS Scavenge' had collection(s): count=1 time=149ms
2021-07-03 01:52:56,419 [org.apache.ratis.util.JvmPauseMonitor$$Lambda$493/611739613@5a3e0c64] WARN  util.JvmPauseMonitor (JvmPauseMonitor.java:detectPause(124)) - JvmPauseMonitor-48a93f24-2ce5-44e8-b9e2-5628d9c2ac97: Detected pause in JVM or host machine (eg GC): pause of approximately 188446687ns.
GC pool 'PS MarkSweep' had collection(s): count=1 time=295ms
GC pool 'PS Scavenge' had collection(s): count=1 time=149ms
2021-07-03 01:52:56,419 [org.apache.ratis.util.JvmPauseMonitor$$Lambda$493/611739613@3228b5a1] WARN  util.JvmPauseMonitor (JvmPauseMonitor.java:detectPause(124)) - JvmPauseMonitor-omNode-1: Detected pause in JVM or host machine (eg GC): pause of approximately 390741641ns.
GC pool 'PS MarkSweep' had collection(s): count=1 time=295ms
GC pool 'PS Scavenge' had collection(s): count=1 time=149ms
2021-07-03 01:52:56,419 [org.apache.ratis.util.JvmPauseMonitor$$Lambda$493/611739613@9a38c90] WARN  util.JvmPauseMonitor (JvmPauseMonitor.java:detectPause(124)) - JvmPauseMonitor-bae6930e-8ae4-497b-9eaa-87fb2ec79d16: Detected pause in JVM or host machine (eg GC): pause of approximately 201263186ns.
GC pool 'PS MarkSweep' had collection(s): count=1 time=295ms
GC pool 'PS Scavenge' had collection(s): count=1 time=149ms
2021-07-03 01:52:56,434 [pool-287-thread-1] INFO  storage.RaftStorageDirectory (RaftStorageDirectoryImpl.java:tryLock(215)) - Lock on /home/runner/work/ozone/ozone/mnt/ozone/hadoop-ozone/integration-test/target/test-dir/MiniOzoneClusterImpl-6d7611b0-ac11-41e1-98f8-97ea473a16a6/datanode-2/data/ratis/7049b5d2-2423-4944-bd3a-190898be10ed/in_use.lock acquired by nodename 16859@fv-az12-896
2021-07-03 01:52:56,435 [pool-287-thread-1] INFO  storage.RaftStorage (RaftStorageImpl.java:format(87)) - Storage directory /home/runner/work/ozone/ozone/mnt/ozone/hadoop-ozone/integration-test/target/test-dir/MiniOzoneClusterImpl-6d7611b0-ac11-41e1-98f8-97ea473a16a6/datanode-2/data/ratis/7049b5d2-2423-4944-bd3a-190898be10ed has been successfully formatted.
2021-07-03 01:52:56,436 [pool-287-thread-1] INFO  ratis.ContainerStateMachine (ContainerStateMachine.java:loadSnapshot(223)) - group-190898BE10ED: The snapshot info is null. Setting the last applied indexto:(t:0, i:~)
2021-07-03 01:52:56,436 [pool-287-thread-1] INFO  server.RaftServerConfigKeys (ConfUtils.java:logGet(44)) - raft.server.notification.no-leader.timeout = 300s (custom)
2021-07-03 01:52:56,436 [pool-287-thread-1] INFO  server.RaftServerConfigKeys (ConfUtils.java:logGet(44)) - raft.server.log.use.memory = false (default)
2021-07-03 01:52:56,436 [pool-287-thread-1] INFO  server.RaftServerConfigKeys (ConfUtils.java:logGet(44)) - raft.server.log.purge.gap = 1000000 (custom)
2021-07-03 01:52:56,436 [pool-287-thread-1] INFO  server.RaftServerConfigKeys (ConfUtils.java:logGet(44)) - raft.server.log.appender.buffer.byte-limit = 33554432 (custom)
2021-07-03 01:52:56,436 [pool-287-thread-1] INFO  metrics.RatisMetrics (RatisMetrics.java:lambda$create$0(36)) - Creating Metrics Registry : ratis.log_worker.8fa4ef72-0e52-420c-b0d5-60420e93c6a9@group-190898BE10ED
2021-07-03 01:52:56,437 [pool-287-thread-1] INFO  server.RaftServerConfigKeys (ConfUtils.java:logGet(44)) - raft.server.log.segment.size.max = 1048576 (custom)
2021-07-03 01:52:56,437 [EventQueue-PipelineReportForPipelineReportHandler] INFO  pipeline.PipelineManagerV2Impl (PipelineManagerV2Impl.java:openPipeline(270)) - Pipeline Pipeline[ Id: 7049b5d2-2423-4944-bd3a-190898be10ed, Nodes: 8fa4ef72-0e52-420c-b0d5-60420e93c6a9{ip: 127.0.0.1, host: localhost, ports: [REPLICATION=38391, RATIS=35781, RATIS_ADMIN=35781, RATIS_SERVER=35781, STANDALONE=36885], networkLocation: /default-rack, certSerialId: null, persistedOpState: IN_SERVICE, persistedOpStateExpiryEpochSec: 0}, ReplicationConfig: RATIS/ONE, State:ALLOCATED, leaderId:8fa4ef72-0e52-420c-b0d5-60420e93c6a9, CreationTimestamp2021-07-03T01:52:52.976Z] moved to OPEN state
2021-07-03 01:52:56,437 [pool-287-thread-1] INFO  server.RaftServerConfigKeys (ConfUtils.java:logGet(44)) - raft.server.log.segment.cache.num.max = 2 (custom)
2021-07-03 01:52:56,437 [pool-287-thread-1] INFO  server.RaftServerConfigKeys (ConfUtils.java:logGet(44)) - raft.server.log.segment.cache.size.max = 200MB (=209715200) (default)
2021-07-03 01:52:56,437 [pool-287-thread-1] INFO  segmented.SegmentedRaftLogWorker (SegmentedRaftLogWorker.java:<init>(182)) - new 8fa4ef72-0e52-420c-b0d5-60420e93c6a9@group-190898BE10ED-SegmentedRaftLogWorker for RaftStorageImpl:Storage Directory /home/runner/work/ozone/ozone/mnt/ozone/hadoop-ozone/integration-test/target/test-dir/MiniOzoneClusterImpl-6d7611b0-ac11-41e1-98f8-97ea473a16a6/datanode-2/data/ratis/7049b5d2-2423-4944-bd3a-190898be10ed
2021-07-03 01:52:56,437 [pool-287-thread-1] INFO  server.RaftServerConfigKeys (ConfUtils.java:logGet(44)) - raft.server.log.queue.byte-limit = 2147483647 (custom)
2021-07-03 01:52:56,437 [pool-287-thread-1] INFO  server.RaftServerConfigKeys (ConfUtils.java:logGet(44)) - raft.server.log.queue.element-limit = 1024 (custom)
2021-07-03 01:52:56,437 [pool-287-thread-1] INFO  server.RaftServerConfigKeys (ConfUtils.java:logGet(44)) - raft.server.log.segment.size.max = 1048576 (custom)
2021-07-03 01:52:56,437 [pool-287-thread-1] INFO  server.RaftServerConfigKeys (ConfUtils.java:logGet(44)) - raft.server.log.preallocated.size = 16384 (custom)
2021-07-03 01:52:56,437 [pool-287-thread-1] INFO  server.RaftServerConfigKeys (ConfUtils.java:logGet(44)) - raft.server.log.force.sync.num = 128 (default)
2021-07-03 01:52:56,438 [pool-287-thread-1] INFO  server.RaftServerConfigKeys (ConfUtils.java:logGet(44)) - raft.server.log.statemachine.data.sync = true (default)
2021-07-03 01:52:56,438 [pool-287-thread-1] INFO  server.RaftServerConfigKeys (ConfUtils.java:logGet(44)) - raft.server.log.statemachine.data.sync.timeout = 10s (default)
2021-07-03 01:52:56,438 [pool-287-thread-1] INFO  server.RaftServerConfigKeys (ConfUtils.java:logGet(44)) - raft.server.log.statemachine.data.sync.timeout.retry = -1 (default)
2021-07-03 01:52:56,438 [pool-287-thread-1] INFO  server.RaftServerConfigKeys (ConfUtils.java:logGet(44)) - raft.server.log.write.buffer.size = 1048576 (custom)
2021-07-03 01:52:56,439 [pool-287-thread-1] INFO  server.RaftServerConfigKeys (ConfUtils.java:logGet(44)) - raft.server.log.statemachine.data.caching.enabled = true (custom)
2021-07-03 01:52:56,439 [pool-287-thread-1] INFO  segmented.SegmentedRaftLogWorker (SegmentedRaftLogWorker.java:lambda$new$0(133)) - 8fa4ef72-0e52-420c-b0d5-60420e93c6a9@group-190898BE10ED-SegmentedRaftLogWorker: flushIndex: setUnconditionally 0 -> -1
2021-07-03 01:52:56,439 [pool-287-thread-1] INFO  segmented.SegmentedRaftLogWorker (SegmentedRaftLogWorker.java:lambda$new$0(133)) - 8fa4ef72-0e52-420c-b0d5-60420e93c6a9@group-190898BE10ED-SegmentedRaftLogWorker: safeCacheEvictIndex: setUnconditionally 0 -> -1
2021-07-03 01:52:56,440 [EventQueue-PipelineReportForPipelineReportHandler] INFO  pipeline.PipelineManagerV2Impl (PipelineManagerV2Impl.java:openPipeline(270)) - Pipeline Pipeline[ Id: 7049b5d2-2423-4944-bd3a-190898be10ed, Nodes: 8fa4ef72-0e52-420c-b0d5-60420e93c6a9{ip: 127.0.0.1, host: localhost, ports: [REPLICATION=38391, RATIS=35781, RATIS_ADMIN=35781, RATIS_SERVER=35781, STANDALONE=36885], networkLocation: /default-rack, certSerialId: null, persistedOpState: IN_SERVICE, persistedOpStateExpiryEpochSec: 0}, ReplicationConfig: RATIS/ONE, State:ALLOCATED, leaderId:8fa4ef72-0e52-420c-b0d5-60420e93c6a9, CreationTimestamp2021-07-03T01:52:52.976Z] moved to OPEN state
2021-07-03 01:52:56,441 [EventQueue-PipelineReportForPipelineReportHandler] INFO  ha.SCMHAInvocationHandler (SCMHAInvocationHandler.java:invokeRatis(113)) - Invoking method public abstract void org.apache.hadoop.hdds.scm.pipeline.StateManager.updatePipelineState(org.apache.hadoop.hdds.protocol.proto.HddsProtos$PipelineID,org.apache.hadoop.hdds.protocol.proto.HddsProtos$PipelineState) throws java.io.IOException on target org.apache.hadoop.hdds.scm.ha.SCMRatisServerImpl@2ad0d1a6, cost 308.702us
2021-07-03 01:52:56,459 [pool-287-thread-1] INFO  server.RaftServerConfigKeys (ConfUtils.java:logGet(44)) - raft.server.snapshot.auto.trigger.enabled = true (custom)
2021-07-03 01:52:56,459 [pool-287-thread-1] INFO  server.RaftServerConfigKeys (ConfUtils.java:logGet(44)) - raft.server.snapshot.auto.trigger.threshold = 10000 (custom)
2021-07-03 01:52:56,459 [pool-287-thread-1] INFO  server.RaftServerConfigKeys (ConfUtils.java:logGet(44)) - raft.server.snapshot.retention.file.num = 5 (custom)
2021-07-03 01:52:56,459 [pool-287-thread-1] INFO  server.RaftServerConfigKeys (ConfUtils.java:logGet(44)) - raft.server.log.purge.upto.snapshot.index = false (default)
2021-07-03 01:52:56,459 [pool-287-thread-1] INFO  server.RaftServerConfigKeys (ConfUtils.java:logGet(44)) - raft.server.retrycache.expirytime = 600000ms (custom)
2021-07-03 01:52:56,460 [pool-287-thread-1] INFO  server.RaftServerConfigKeys (ConfUtils.java:logGet(44)) - raft.server.retrycache.statistics.expirytime = 100μs (default)
2021-07-03 01:52:56,460 [pool-287-thread-1] INFO  metrics.RatisMetrics (RatisMetrics.java:lambda$create$0(36)) - Creating Metrics Registry : ratis.leader_election.8fa4ef72-0e52-420c-b0d5-60420e93c6a9@group-190898BE10ED
2021-07-03 01:52:56,460 [pool-287-thread-1] INFO  metrics.RatisMetrics (RatisMetrics.java:lambda$create$0(36)) - Creating Metrics Registry : ratis.server.8fa4ef72-0e52-420c-b0d5-60420e93c6a9@group-190898BE10ED
2021-07-03 01:52:56,461 [pool-287-thread-1] INFO  server.RaftServer$Division (RaftServerImpl.java:start(295)) - 8fa4ef72-0e52-420c-b0d5-60420e93c6a9@group-190898BE10ED: start as a follower, conf=-1: [8fa4ef72-0e52-420c-b0d5-60420e93c6a9|rpc:127.0.0.1:35781|priority:1], old=null
2021-07-03 01:52:56,461 [pool-287-thread-1] INFO  server.RaftServer$Division (RaftServerImpl.java:setRole(284)) - 8fa4ef72-0e52-420c-b0d5-60420e93c6a9@group-190898BE10ED: changes role from      null to FOLLOWER at term 0 for startAsFollower
2021-07-03 01:52:56,461 [pool-287-thread-1] INFO  impl.RoleInfo (RoleInfo.java:updateAndGet(130)) - 8fa4ef72-0e52-420c-b0d5-60420e93c6a9: start 8fa4ef72-0e52-420c-b0d5-60420e93c6a9@group-190898BE10ED-FollowerState
2021-07-03 01:52:56,461 [pool-287-thread-1] INFO  util.JmxRegister (JmxRegister.java:tryRegister(44)) - Successfully registered JMX Bean with object name Ratis:service=RaftServer,group=group-190898BE10ED,id=8fa4ef72-0e52-420c-b0d5-60420e93c6a9
2021-07-03 01:52:56,461 [pool-287-thread-1] INFO  metrics.RatisMetrics (RatisMetrics.java:lambda$create$0(36)) - Creating Metrics Registry : ratis.state_machine.8fa4ef72-0e52-420c-b0d5-60420e93c6a9@group-190898BE10ED
2021-07-03 01:52:56,463 [Command processor thread] INFO  ratis.XceiverServerRatis (XceiverServerRatis.java:addGroup(759)) - Created group PipelineID=7049b5d2-2423-4944-bd3a-190898be10ed
2021-07-03 01:52:56,463 [Command processor thread] INFO  commandhandler.CreatePipelineCommandHandler (CreatePipelineCommandHandler.java:handle(106)) - Created Pipeline RATIS ONE PipelineID=7049b5d2-2423-4944-bd3a-190898be10ed.
2021-07-03 01:52:56,464 [72fc5de2-a3f7-4fa9-972b-1bbfdbde045f@group-97EA473A16A6-StateMachineUpdater] INFO  ha.SCMStateMachine (SCMStateMachine.java:takeSnapshot(290)) - Current Snapshot Index 20, takeSnapshot took 0 ms
2021-07-03 01:52:56,464 [72fc5de2-a3f7-4fa9-972b-1bbfdbde045f@group-97EA473A16A6-StateMachineUpdater] INFO  impl.StateMachineUpdater (StateMachineUpdater.java:takeSnapshot(281)) - 72fc5de2-a3f7-4fa9-972b-1bbfdbde045f@group-97EA473A16A6-StateMachineUpdater: Took a snapshot at index 20
2021-07-03 01:52:56,464 [72fc5de2-a3f7-4fa9-972b-1bbfdbde045f@group-97EA473A16A6-StateMachineUpdater] INFO  impl.StateMachineUpdater (StateMachineUpdater.java:lambda$new$0(89)) - 72fc5de2-a3f7-4fa9-972b-1bbfdbde045f@group-97EA473A16A6-StateMachineUpdater: snapshotIndex: updateIncreasingly 15 -> 20
2021-07-03 01:52:56,464 [72fc5de2-a3f7-4fa9-972b-1bbfdbde045f@group-97EA473A16A6-StateMachineUpdater] INFO  raftlog.RaftLog (RaftLogBase.java:purge(306)) - 72fc5de2-a3f7-4fa9-972b-1bbfdbde045f@group-97EA473A16A6-SegmentedRaftLog: purge 20
2021-07-03 01:52:56,464 [72fc5de2-a3f7-4fa9-972b-1bbfdbde045f@group-97EA473A16A6-StateMachineUpdater] INFO  raftlog.RaftLog (RaftLogBase.java:lambda$new$0(53)) - 72fc5de2-a3f7-4fa9-972b-1bbfdbde045f@group-97EA473A16A6-SegmentedRaftLog: snapshotIndex: updateIncreasingly 15 -> 20
2021-07-03 01:52:56,464 [72fc5de2-a3f7-4fa9-972b-1bbfdbde045f@group-97EA473A16A6-StateMachineUpdater] INFO  raftlog.RaftLog (RaftLogBase.java:lambda$new$0(53)) - 72fc5de2-a3f7-4fa9-972b-1bbfdbde045f@group-97EA473A16A6-SegmentedRaftLog: purgeIndex: updateToMax old=15, new=20, updated? true
2021-07-03 01:52:56,465 [bae6930e-8ae4-497b-9eaa-87fb2ec79d16@group-97EA473A16A6-StateMachineUpdater] INFO  safemode.HealthyPipelineSafeModeRule (HealthyPipelineSafeModeRule.java:initializeRule(152)) - Refreshed total pipeline count is 0, healthy pipeline threshold count is 1
2021-07-03 01:52:56,466 [EventQueue-PipelineReportForPipelineReportHandler] INFO  ha.SCMHAInvocationHandler (SCMHAInvocationHandler.java:invokeRatis(113)) - Invoking method public abstract void org.apache.hadoop.hdds.scm.pipeline.StateManager.updatePipelineState(org.apache.hadoop.hdds.protocol.proto.HddsProtos$PipelineID,org.apache.hadoop.hdds.protocol.proto.HddsProtos$PipelineState) throws java.io.IOException on target org.apache.hadoop.hdds.scm.ha.SCMRatisServerImpl@45a02fd2, cost 28479.718us
2021-07-03 01:52:56,466 [EventQueue-OpenPipelineForHealthyPipelineSafeModeRule] INFO  safemode.SCMSafeModeManager (HealthyPipelineSafeModeRule.java:process(124)) - SCM in safe mode. Healthy pipelines reported count is 0, required healthy pipeline reported count is 1
2021-07-03 01:52:56,475 [Command processor thread] INFO  commandhandler.CreatePipelineCommandHandler (CreatePipelineCommandHandler.java:handle(106)) - Created Pipeline RATIS THREE PipelineID=24d4eb0a-6b75-4498-880f-0abb88d0a2e0.
2021-07-03 01:52:56,475 [72fc5de2-a3f7-4fa9-972b-1bbfdbde045f@group-97EA473A16A6-StateMachineUpdater] INFO  safemode.HealthyPipelineSafeModeRule (HealthyPipelineSafeModeRule.java:initializeRule(152)) - Refreshed total pipeline count is 0, healthy pipeline threshold count is 1
2021-07-03 01:52:56,476 [Command processor thread] INFO  commandhandler.CreatePipelineCommandHandler (CreatePipelineCommandHandler.java:handle(106)) - Created Pipeline RATIS THREE PipelineID=24d4eb0a-6b75-4498-880f-0abb88d0a2e0.
2021-07-03 01:52:56,529 [EndpointStateMachine task thread for /127.0.0.1:13945 - 0 ] INFO  ipc.Client (Client.java:handleConnectionFailure(966)) - Retrying connect to server: localhost/127.0.0.1:13945. Already tried 14 time(s); retry policy is RetryUpToMaximumCountWithFixedSleep(maxRetries=15, sleepTime=1000 MILLISECONDS)
2021-07-03 01:52:56,529 [EndpointStateMachine task thread for /127.0.0.1:13925 - 0 ] INFO  ipc.Client (Client.java:handleConnectionFailure(966)) - Retrying connect to server: localhost/127.0.0.1:13925. Already tried 2 time(s); retry policy is RetryUpToMaximumCountWithFixedSleep(maxRetries=15, sleepTime=1000 MILLISECONDS)
2021-07-03 01:52:56,530 [EndpointStateMachine task thread for /127.0.0.1:13935 - 0 ] INFO  ipc.Client (Client.java:handleConnectionFailure(966)) - Retrying connect to server: localhost/127.0.0.1:13935. Already tried 0 time(s); retry policy is RetryUpToMaximumCountWithFixedSleep(maxRetries=15, sleepTime=1000 MILLISECONDS)
2021-07-03 01:52:56,708 [EventQueue-OpenPipelineForHealthyPipelineSafeModeRule] INFO  safemode.SCMSafeModeManager (HealthyPipelineSafeModeRule.java:process(124)) - SCM in safe mode. Healthy pipelines reported count is 0, required healthy pipeline reported count is 1
2021-07-03 01:52:56,886 [Datanode State Machine Thread - 0] ERROR datanode.RunningDatanodeState (RunningDatanodeState.java:computeNextContainerState(199)) - Error in executing end point task.
java.util.concurrent.ExecutionException: java.util.concurrent.TimeoutException
	at java.util.concurrent.FutureTask.report(FutureTask.java:122)
	at java.util.concurrent.FutureTask.get(FutureTask.java:192)
	at org.apache.hadoop.ozone.container.common.states.datanode.RunningDatanodeState.computeNextContainerState(RunningDatanodeState.java:191)
	at org.apache.hadoop.ozone.container.common.states.datanode.RunningDatanodeState.await(RunningDatanodeState.java:231)
	at org.apache.hadoop.ozone.container.common.states.datanode.RunningDatanodeState.await(RunningDatanodeState.java:50)
	at org.apache.hadoop.ozone.container.common.statemachine.StateContext.execute(StateContext.java:629)
	at org.apache.hadoop.ozone.container.common.statemachine.DatanodeStateMachine.start(DatanodeStateMachine.java:244)
	at org.apache.hadoop.ozone.container.common.statemachine.DatanodeStateMachine.lambda$startDaemon$0(DatanodeStateMachine.java:429)
	at java.lang.Thread.run(Thread.java:748)
Caused by: java.util.concurrent.TimeoutException
	at java.util.concurrent.FutureTask.get(FutureTask.java:205)
	at org.apache.hadoop.ozone.container.common.states.datanode.RunningDatanodeState.lambda$execute$0(RunningDatanodeState.java:149)
	at java.util.concurrent.FutureTask.run(FutureTask.java:266)
	at java.util.concurrent.Executors$RunnableAdapter.call(Executors.java:511)
	at java.util.concurrent.FutureTask.run(FutureTask.java:266)
	at java.util.concurrent.ThreadPoolExecutor.runWorker(ThreadPoolExecutor.java:1149)
	at java.util.concurrent.ThreadPoolExecutor$Worker.run(ThreadPoolExecutor.java:624)
	... 1 more
2021-07-03 01:52:56,971 [Listener at 127.0.0.1/11044] INFO  ozone.MiniOzoneClusterImpl (MiniOzoneClusterImpl.java:lambda$waitForClusterToBeReady$0(227)) - Nodes are ready. Got 3 of 3 DN Heartbeats.
2021-07-03 01:52:56,971 [Listener at 127.0.0.1/11044] INFO  ozone.MiniOzoneClusterImpl (MiniOzoneClusterImpl.java:lambda$waitForClusterToBeReady$0(230)) - Waiting for cluster to exit safe mode
2021-07-03 01:52:56,971 [Listener at 127.0.0.1/11044] INFO  ozone.MiniOzoneClusterImpl (MiniOzoneClusterImpl.java:lambda$waitForClusterToBeReady$0(232)) - SCM became leader
2021-07-03 01:52:57,530 [EndpointStateMachine task thread for /127.0.0.1:13925 - 0 ] INFO  ipc.Client (Client.java:handleConnectionFailure(966)) - Retrying connect to server: localhost/127.0.0.1:13925. Already tried 3 time(s); retry policy is RetryUpToMaximumCountWithFixedSleep(maxRetries=15, sleepTime=1000 MILLISECONDS)
2021-07-03 01:52:57,530 [EndpointStateMachine task thread for /127.0.0.1:13935 - 0 ] INFO  ipc.Client (Client.java:handleConnectionFailure(966)) - Retrying connect to server: localhost/127.0.0.1:13935. Already tried 1 time(s); retry policy is RetryUpToMaximumCountWithFixedSleep(maxRetries=15, sleepTime=1000 MILLISECONDS)
2021-07-03 01:52:57,531 [EndpointStateMachine task thread for /127.0.0.1:13945 - 0 ] INFO  ipc.Client (Client.java:handleConnectionFailure(966)) - Retrying connect to server: localhost/127.0.0.1:13945. Already tried 0 time(s); retry policy is RetryUpToMaximumCountWithFixedSleep(maxRetries=15, sleepTime=1000 MILLISECONDS)
2021-07-03 01:52:57,972 [Listener at 127.0.0.1/11044] INFO  ozone.MiniOzoneClusterImpl (MiniOzoneClusterImpl.java:lambda$waitForClusterToBeReady$0(227)) - Nodes are ready. Got 3 of 3 DN Heartbeats.
2021-07-03 01:52:57,972 [Listener at 127.0.0.1/11044] INFO  ozone.MiniOzoneClusterImpl (MiniOzoneClusterImpl.java:lambda$waitForClusterToBeReady$0(230)) - Waiting for cluster to exit safe mode
2021-07-03 01:52:57,972 [Listener at 127.0.0.1/11044] INFO  ozone.MiniOzoneClusterImpl (MiniOzoneClusterImpl.java:lambda$waitForClusterToBeReady$0(232)) - SCM became leader
2021-07-03 01:52:58,437 [Datanode State Machine Thread - 0] ERROR datanode.RunningDatanodeState (RunningDatanodeState.java:computeNextContainerState(199)) - Error in executing end point task.
java.util.concurrent.ExecutionException: java.util.concurrent.TimeoutException
	at java.util.concurrent.FutureTask.report(FutureTask.java:122)
	at java.util.concurrent.FutureTask.get(FutureTask.java:192)
	at org.apache.hadoop.ozone.container.common.states.datanode.RunningDatanodeState.computeNextContainerState(RunningDatanodeState.java:191)
	at org.apache.hadoop.ozone.container.common.states.datanode.RunningDatanodeState.await(RunningDatanodeState.java:231)
	at org.apache.hadoop.ozone.container.common.states.datanode.RunningDatanodeState.await(RunningDatanodeState.java:50)
	at org.apache.hadoop.ozone.container.common.statemachine.StateContext.execute(StateContext.java:629)
	at org.apache.hadoop.ozone.container.common.statemachine.DatanodeStateMachine.start(DatanodeStateMachine.java:244)
	at org.apache.hadoop.ozone.container.common.statemachine.DatanodeStateMachine.lambda$startDaemon$0(DatanodeStateMachine.java:429)
	at java.lang.Thread.run(Thread.java:748)
Caused by: java.util.concurrent.TimeoutException
	at java.util.concurrent.FutureTask.get(FutureTask.java:205)
	at org.apache.hadoop.ozone.container.common.states.datanode.RunningDatanodeState.lambda$execute$0(RunningDatanodeState.java:149)
	at java.util.concurrent.FutureTask.run(FutureTask.java:266)
	at java.util.concurrent.Executors$RunnableAdapter.call(Executors.java:511)
	at java.util.concurrent.FutureTask.run(FutureTask.java:266)
	at java.util.concurrent.ThreadPoolExecutor.runWorker(ThreadPoolExecutor.java:1149)
	at java.util.concurrent.ThreadPoolExecutor$Worker.run(ThreadPoolExecutor.java:624)
	... 1 more
2021-07-03 01:52:58,531 [EndpointStateMachine task thread for /127.0.0.1:13925 - 0 ] INFO  ipc.Client (Client.java:handleConnectionFailure(966)) - Retrying connect to server: localhost/127.0.0.1:13925. Already tried 4 time(s); retry policy is RetryUpToMaximumCountWithFixedSleep(maxRetries=15, sleepTime=1000 MILLISECONDS)
2021-07-03 01:52:58,531 [EndpointStateMachine task thread for /127.0.0.1:13935 - 0 ] INFO  ipc.Client (Client.java:handleConnectionFailure(966)) - Retrying connect to server: localhost/127.0.0.1:13935. Already tried 2 time(s); retry policy is RetryUpToMaximumCountWithFixedSleep(maxRetries=15, sleepTime=1000 MILLISECONDS)
2021-07-03 01:52:58,531 [EndpointStateMachine task thread for /127.0.0.1:13945 - 0 ] INFO  ipc.Client (Client.java:handleConnectionFailure(966)) - Retrying connect to server: localhost/127.0.0.1:13945. Already tried 1 time(s); retry policy is RetryUpToMaximumCountWithFixedSleep(maxRetries=15, sleepTime=1000 MILLISECONDS)
2021-07-03 01:52:58,885 [Datanode State Machine Thread - 0] ERROR datanode.RunningDatanodeState (RunningDatanodeState.java:computeNextContainerState(199)) - Error in executing end point task.
java.util.concurrent.ExecutionException: java.util.concurrent.TimeoutException
	at java.util.concurrent.FutureTask.report(FutureTask.java:122)
	at java.util.concurrent.FutureTask.get(FutureTask.java:192)
	at org.apache.hadoop.ozone.container.common.states.datanode.RunningDatanodeState.computeNextContainerState(RunningDatanodeState.java:191)
	at org.apache.hadoop.ozone.container.common.states.datanode.RunningDatanodeState.await(RunningDatanodeState.java:231)
	at org.apache.hadoop.ozone.container.common.states.datanode.RunningDatanodeState.await(RunningDatanodeState.java:50)
	at org.apache.hadoop.ozone.container.common.statemachine.StateContext.execute(StateContext.java:629)
	at org.apache.hadoop.ozone.container.common.statemachine.DatanodeStateMachine.start(DatanodeStateMachine.java:244)
	at org.apache.hadoop.ozone.container.common.statemachine.DatanodeStateMachine.lambda$startDaemon$0(DatanodeStateMachine.java:429)
	at java.lang.Thread.run(Thread.java:748)
Caused by: java.util.concurrent.TimeoutException
	at java.util.concurrent.FutureTask.get(FutureTask.java:205)
	at org.apache.hadoop.ozone.container.common.states.datanode.RunningDatanodeState.lambda$execute$0(RunningDatanodeState.java:149)
	at java.util.concurrent.FutureTask.run(FutureTask.java:266)
	at java.util.concurrent.Executors$RunnableAdapter.call(Executors.java:511)
	at java.util.concurrent.FutureTask.run(FutureTask.java:266)
	at java.util.concurrent.ThreadPoolExecutor.runWorker(ThreadPoolExecutor.java:1149)
	at java.util.concurrent.ThreadPoolExecutor$Worker.run(ThreadPoolExecutor.java:624)
	... 1 more
2021-07-03 01:52:58,972 [Listener at 127.0.0.1/11044] INFO  ozone.MiniOzoneClusterImpl (MiniOzoneClusterImpl.java:lambda$waitForClusterToBeReady$0(227)) - Nodes are ready. Got 3 of 3 DN Heartbeats.
2021-07-03 01:52:58,973 [Listener at 127.0.0.1/11044] INFO  ozone.MiniOzoneClusterImpl (MiniOzoneClusterImpl.java:lambda$waitForClusterToBeReady$0(230)) - Waiting for cluster to exit safe mode
2021-07-03 01:52:58,973 [Listener at 127.0.0.1/11044] INFO  ozone.MiniOzoneClusterImpl (MiniOzoneClusterImpl.java:lambda$waitForClusterToBeReady$0(232)) - SCM became leader
2021-07-03 01:52:59,531 [EndpointStateMachine task thread for /127.0.0.1:13925 - 0 ] INFO  ipc.Client (Client.java:handleConnectionFailure(966)) - Retrying connect to server: localhost/127.0.0.1:13925. Already tried 5 time(s); retry policy is RetryUpToMaximumCountWithFixedSleep(maxRetries=15, sleepTime=1000 MILLISECONDS)
2021-07-03 01:52:59,531 [EndpointStateMachine task thread for /127.0.0.1:13945 - 0 ] INFO  ipc.Client (Client.java:handleConnectionFailure(966)) - Retrying connect to server: localhost/127.0.0.1:13945. Already tried 2 time(s); retry policy is RetryUpToMaximumCountWithFixedSleep(maxRetries=15, sleepTime=1000 MILLISECONDS)
2021-07-03 01:52:59,531 [EndpointStateMachine task thread for /127.0.0.1:13935 - 0 ] INFO  ipc.Client (Client.java:handleConnectionFailure(966)) - Retrying connect to server: localhost/127.0.0.1:13935. Already tried 3 time(s); retry policy is RetryUpToMaximumCountWithFixedSleep(maxRetries=15, sleepTime=1000 MILLISECONDS)
2021-07-03 01:52:59,890 [Datanode State Machine Thread - 0] ERROR datanode.RunningDatanodeState (RunningDatanodeState.java:computeNextContainerState(199)) - Error in executing end point task.
java.util.concurrent.ExecutionException: java.util.concurrent.TimeoutException
	at java.util.concurrent.FutureTask.report(FutureTask.java:122)
	at java.util.concurrent.FutureTask.get(FutureTask.java:192)
	at org.apache.hadoop.ozone.container.common.states.datanode.RunningDatanodeState.computeNextContainerState(RunningDatanodeState.java:191)
	at org.apache.hadoop.ozone.container.common.states.datanode.RunningDatanodeState.await(RunningDatanodeState.java:231)
	at org.apache.hadoop.ozone.container.common.states.datanode.RunningDatanodeState.await(RunningDatanodeState.java:50)
	at org.apache.hadoop.ozone.container.common.statemachine.StateContext.execute(StateContext.java:629)
	at org.apache.hadoop.ozone.container.common.statemachine.DatanodeStateMachine.start(DatanodeStateMachine.java:244)
	at org.apache.hadoop.ozone.container.common.statemachine.DatanodeStateMachine.lambda$startDaemon$0(DatanodeStateMachine.java:429)
	at java.lang.Thread.run(Thread.java:748)
Caused by: java.util.concurrent.TimeoutException
	at java.util.concurrent.FutureTask.get(FutureTask.java:205)
	at org.apache.hadoop.ozone.container.common.states.datanode.RunningDatanodeState.lambda$execute$0(RunningDatanodeState.java:149)
	at java.util.concurrent.FutureTask.run(FutureTask.java:266)
	at java.util.concurrent.Executors$RunnableAdapter.call(Executors.java:511)
	at java.util.concurrent.FutureTask.run(FutureTask.java:266)
	at java.util.concurrent.ThreadPoolExecutor.runWorker(ThreadPoolExecutor.java:1149)
	at java.util.concurrent.ThreadPoolExecutor$Worker.run(ThreadPoolExecutor.java:624)
	... 1 more
2021-07-03 01:52:59,973 [Listener at 127.0.0.1/11044] INFO  ozone.MiniOzoneClusterImpl (MiniOzoneClusterImpl.java:lambda$waitForClusterToBeReady$0(227)) - Nodes are ready. Got 3 of 3 DN Heartbeats.
2021-07-03 01:52:59,973 [Listener at 127.0.0.1/11044] INFO  ozone.MiniOzoneClusterImpl (MiniOzoneClusterImpl.java:lambda$waitForClusterToBeReady$0(230)) - Waiting for cluster to exit safe mode
2021-07-03 01:52:59,973 [Listener at 127.0.0.1/11044] INFO  ozone.MiniOzoneClusterImpl (MiniOzoneClusterImpl.java:lambda$waitForClusterToBeReady$0(232)) - SCM became leader
2021-07-03 01:53:00,443 [Datanode State Machine Thread - 0] ERROR datanode.RunningDatanodeState (RunningDatanodeState.java:computeNextContainerState(199)) - Error in executing end point task.
java.util.concurrent.ExecutionException: java.util.concurrent.TimeoutException
	at java.util.concurrent.FutureTask.report(FutureTask.java:122)
	at java.util.concurrent.FutureTask.get(FutureTask.java:192)
	at org.apache.hadoop.ozone.container.common.states.datanode.RunningDatanodeState.computeNextContainerState(RunningDatanodeState.java:191)
	at org.apache.hadoop.ozone.container.common.states.datanode.RunningDatanodeState.await(RunningDatanodeState.java:231)
	at org.apache.hadoop.ozone.container.common.states.datanode.RunningDatanodeState.await(RunningDatanodeState.java:50)
	at org.apache.hadoop.ozone.container.common.statemachine.StateContext.execute(StateContext.java:629)
	at org.apache.hadoop.ozone.container.common.statemachine.DatanodeStateMachine.start(DatanodeStateMachine.java:244)
	at org.apache.hadoop.ozone.container.common.statemachine.DatanodeStateMachine.lambda$startDaemon$0(DatanodeStateMachine.java:429)
	at java.lang.Thread.run(Thread.java:748)
Caused by: java.util.concurrent.TimeoutException
	at java.util.concurrent.FutureTask.get(FutureTask.java:205)
	at org.apache.hadoop.ozone.container.common.states.datanode.RunningDatanodeState.lambda$execute$0(RunningDatanodeState.java:149)
	at java.util.concurrent.FutureTask.run(FutureTask.java:266)
	at java.util.concurrent.Executors$RunnableAdapter.call(Executors.java:511)
	at java.util.concurrent.FutureTask.run(FutureTask.java:266)
	at java.util.concurrent.ThreadPoolExecutor.runWorker(ThreadPoolExecutor.java:1149)
	at java.util.concurrent.ThreadPoolExecutor$Worker.run(ThreadPoolExecutor.java:624)
	... 1 more
2021-07-03 01:53:00,532 [EndpointStateMachine task thread for /127.0.0.1:13925 - 0 ] INFO  ipc.Client (Client.java:handleConnectionFailure(966)) - Retrying connect to server: localhost/127.0.0.1:13925. Already tried 6 time(s); retry policy is RetryUpToMaximumCountWithFixedSleep(maxRetries=15, sleepTime=1000 MILLISECONDS)
2021-07-03 01:53:00,532 [EndpointStateMachine task thread for /127.0.0.1:13945 - 0 ] INFO  ipc.Client (Client.java:handleConnectionFailure(966)) - Retrying connect to server: localhost/127.0.0.1:13945. Already tried 3 time(s); retry policy is RetryUpToMaximumCountWithFixedSleep(maxRetries=15, sleepTime=1000 MILLISECONDS)
2021-07-03 01:53:00,532 [EndpointStateMachine task thread for /127.0.0.1:13935 - 0 ] INFO  ipc.Client (Client.java:handleConnectionFailure(966)) - Retrying connect to server: localhost/127.0.0.1:13935. Already tried 4 time(s); retry policy is RetryUpToMaximumCountWithFixedSleep(maxRetries=15, sleepTime=1000 MILLISECONDS)
2021-07-03 01:53:00,810 [48a93f24-2ce5-44e8-b9e2-5628d9c2ac97@group-52771814C307-FollowerState] INFO  impl.FollowerState (FollowerState.java:run(134)) - 48a93f24-2ce5-44e8-b9e2-5628d9c2ac97@group-52771814C307-FollowerState: change to CANDIDATE, lastRpcElapsedTime:5067650314ns, electionTimeout:5067ms
2021-07-03 01:53:00,810 [48a93f24-2ce5-44e8-b9e2-5628d9c2ac97@group-52771814C307-FollowerState] INFO  impl.RoleInfo (RoleInfo.java:shutdownFollowerState(108)) - 48a93f24-2ce5-44e8-b9e2-5628d9c2ac97: shutdown 48a93f24-2ce5-44e8-b9e2-5628d9c2ac97@group-52771814C307-FollowerState
2021-07-03 01:53:00,811 [48a93f24-2ce5-44e8-b9e2-5628d9c2ac97@group-52771814C307-FollowerState] INFO  server.RaftServer$Division (RaftServerImpl.java:setRole(284)) - 48a93f24-2ce5-44e8-b9e2-5628d9c2ac97@group-52771814C307: changes role from  FOLLOWER to CANDIDATE at term 0 for changeToCandidate
2021-07-03 01:53:00,811 [48a93f24-2ce5-44e8-b9e2-5628d9c2ac97@group-52771814C307-FollowerState] INFO  server.RaftServerConfigKeys (ConfUtils.java:logGet(44)) - raft.server.leaderelection.pre-vote = false (custom)
2021-07-03 01:53:00,811 [48a93f24-2ce5-44e8-b9e2-5628d9c2ac97@group-52771814C307-FollowerState] INFO  impl.RoleInfo (RoleInfo.java:updateAndGet(130)) - 48a93f24-2ce5-44e8-b9e2-5628d9c2ac97: start 48a93f24-2ce5-44e8-b9e2-5628d9c2ac97@group-52771814C307-LeaderElection19
2021-07-03 01:53:00,817 [48a93f24-2ce5-44e8-b9e2-5628d9c2ac97@group-52771814C307-LeaderElection19] INFO  impl.LeaderElection (LeaderElection.java:askForVotes(306)) - 48a93f24-2ce5-44e8-b9e2-5628d9c2ac97@group-52771814C307-LeaderElection19 ELECTION round 0: submit vote requests at term 1 for -1: [48a93f24-2ce5-44e8-b9e2-5628d9c2ac97|rpc:127.0.0.1:36777|priority:1], old=null
2021-07-03 01:53:00,817 [48a93f24-2ce5-44e8-b9e2-5628d9c2ac97@group-52771814C307-LeaderElection19] INFO  impl.LeaderElection (LeaderElection.java:askForVotes(308)) - 48a93f24-2ce5-44e8-b9e2-5628d9c2ac97@group-52771814C307-LeaderElection19 ELECTION round 0: result PASSED (term=1)
2021-07-03 01:53:00,817 [48a93f24-2ce5-44e8-b9e2-5628d9c2ac97@group-52771814C307-LeaderElection19] INFO  impl.RoleInfo (RoleInfo.java:shutdownLeaderElection(121)) - 48a93f24-2ce5-44e8-b9e2-5628d9c2ac97: shutdown 48a93f24-2ce5-44e8-b9e2-5628d9c2ac97@group-52771814C307-LeaderElection19
2021-07-03 01:53:00,817 [48a93f24-2ce5-44e8-b9e2-5628d9c2ac97@group-52771814C307-LeaderElection19] INFO  server.RaftServer$Division (RaftServerImpl.java:setRole(284)) - 48a93f24-2ce5-44e8-b9e2-5628d9c2ac97@group-52771814C307: changes role from CANDIDATE to LEADER at term 1 for changeToLeader
2021-07-03 01:53:00,817 [48a93f24-2ce5-44e8-b9e2-5628d9c2ac97@group-52771814C307-LeaderElection19] INFO  ratis.XceiverServerRatis (XceiverServerRatis.java:handleLeaderChangedNotification(857)) - Leader change notification received for group: group-52771814C307 with new leaderId: 48a93f24-2ce5-44e8-b9e2-5628d9c2ac97
2021-07-03 01:53:00,817 [48a93f24-2ce5-44e8-b9e2-5628d9c2ac97@group-52771814C307-LeaderElection19] INFO  server.RaftServer$Division (ServerState.java:setLeader(271)) - 48a93f24-2ce5-44e8-b9e2-5628d9c2ac97@group-52771814C307: change Leader from null to 48a93f24-2ce5-44e8-b9e2-5628d9c2ac97 at term 1 for becomeLeader, leader elected after 5106ms
2021-07-03 01:53:00,817 [48a93f24-2ce5-44e8-b9e2-5628d9c2ac97@group-52771814C307-LeaderElection19] INFO  server.RaftServerConfigKeys (ConfUtils.java:logGet(44)) - raft.server.staging.catchup.gap = 1000 (default)
2021-07-03 01:53:00,818 [48a93f24-2ce5-44e8-b9e2-5628d9c2ac97@group-52771814C307-LeaderElection19] INFO  metrics.RatisMetrics (RatisMetrics.java:lambda$create$0(36)) - Creating Metrics Registry : ratis.log_appender.48a93f24-2ce5-44e8-b9e2-5628d9c2ac97@group-52771814C307
2021-07-03 01:53:00,818 [48a93f24-2ce5-44e8-b9e2-5628d9c2ac97@group-52771814C307-LeaderElection19] INFO  server.RaftServerConfigKeys (ConfUtils.java:logGet(44)) - raft.server.write.element-limit = 1024 (custom)
2021-07-03 01:53:00,818 [48a93f24-2ce5-44e8-b9e2-5628d9c2ac97@group-52771814C307-LeaderElection19] INFO  server.RaftServerConfigKeys (ConfUtils.java:logGet(44)) - raft.server.write.byte-limit = 1073741824 (custom)
2021-07-03 01:53:00,818 [48a93f24-2ce5-44e8-b9e2-5628d9c2ac97@group-52771814C307-LeaderElection19] INFO  server.RaftServerConfigKeys (ConfUtils.java:logGet(44)) - raft.server.watch.timeout = 180s (custom)
2021-07-03 01:53:00,818 [48a93f24-2ce5-44e8-b9e2-5628d9c2ac97@group-52771814C307-LeaderElection19] INFO  server.RaftServerConfigKeys (ConfUtils.java:logGet(44)) - raft.server.watch.timeout.denomination = 1s (default)
2021-07-03 01:53:00,818 [48a93f24-2ce5-44e8-b9e2-5628d9c2ac97@group-52771814C307-LeaderElection19] INFO  server.RaftServerConfigKeys (ConfUtils.java:logGet(44)) - raft.server.watch.element-limit = 65536 (default)
2021-07-03 01:53:00,818 [48a93f24-2ce5-44e8-b9e2-5628d9c2ac97@group-52771814C307-LeaderElection19] INFO  impl.RoleInfo (RoleInfo.java:updateAndGet(130)) - 48a93f24-2ce5-44e8-b9e2-5628d9c2ac97: start 48a93f24-2ce5-44e8-b9e2-5628d9c2ac97@group-52771814C307-LeaderStateImpl
2021-07-03 01:53:00,819 [48a93f24-2ce5-44e8-b9e2-5628d9c2ac97@group-52771814C307-LeaderElection19] INFO  segmented.SegmentedRaftLogWorker (SegmentedRaftLogWorker.java:startLogSegment(394)) - 48a93f24-2ce5-44e8-b9e2-5628d9c2ac97@group-52771814C307-SegmentedRaftLogWorker: Starting segment from index:0
2021-07-03 01:53:00,820 [48a93f24-2ce5-44e8-b9e2-5628d9c2ac97@group-52771814C307-SegmentedRaftLogWorker] INFO  segmented.SegmentedRaftLogWorker (SegmentedRaftLogWorker.java:execute(601)) - 48a93f24-2ce5-44e8-b9e2-5628d9c2ac97@group-52771814C307-SegmentedRaftLogWorker: created new log segment /home/runner/work/ozone/ozone/mnt/ozone/hadoop-ozone/integration-test/target/test-dir/MiniOzoneClusterImpl-6d7611b0-ac11-41e1-98f8-97ea473a16a6/datanode-0/data/ratis/3f5e8b05-0d5c-4f4d-b92e-52771814c307/current/log_inprogress_0
2021-07-03 01:53:00,821 [EventQueue-OpenPipelineForHealthyPipelineSafeModeRule] INFO  safemode.SCMSafeModeManager (HealthyPipelineSafeModeRule.java:process(124)) - SCM in safe mode. Healthy pipelines reported count is 0, required healthy pipeline reported count is 1
2021-07-03 01:53:00,821 [EventQueue-OpenPipelineForHealthyPipelineSafeModeRule] INFO  safemode.SCMSafeModeManager (HealthyPipelineSafeModeRule.java:process(124)) - SCM in safe mode. Healthy pipelines reported count is 0, required healthy pipeline reported count is 1
2021-07-03 01:53:00,827 [48a93f24-2ce5-44e8-b9e2-5628d9c2ac97@group-52771814C307-LeaderElection19] INFO  server.RaftServer$Division (ServerState.java:setRaftConf(373)) - 48a93f24-2ce5-44e8-b9e2-5628d9c2ac97@group-52771814C307: set configuration 0: [48a93f24-2ce5-44e8-b9e2-5628d9c2ac97|rpc:127.0.0.1:36777|dataStream:|priority:1], old=null
2021-07-03 01:53:00,874 [48a93f24-2ce5-44e8-b9e2-5628d9c2ac97@group-35DAF16C14CE-FollowerState] INFO  impl.FollowerState (FollowerState.java:run(134)) - 48a93f24-2ce5-44e8-b9e2-5628d9c2ac97@group-35DAF16C14CE-FollowerState: change to CANDIDATE, lastRpcElapsedTime:5106211210ns, electionTimeout:5105ms
2021-07-03 01:53:00,874 [48a93f24-2ce5-44e8-b9e2-5628d9c2ac97@group-35DAF16C14CE-FollowerState] INFO  impl.RoleInfo (RoleInfo.java:shutdownFollowerState(108)) - 48a93f24-2ce5-44e8-b9e2-5628d9c2ac97: shutdown 48a93f24-2ce5-44e8-b9e2-5628d9c2ac97@group-35DAF16C14CE-FollowerState
2021-07-03 01:53:00,874 [48a93f24-2ce5-44e8-b9e2-5628d9c2ac97@group-35DAF16C14CE-FollowerState] INFO  server.RaftServer$Division (RaftServerImpl.java:setRole(284)) - 48a93f24-2ce5-44e8-b9e2-5628d9c2ac97@group-35DAF16C14CE: changes role from  FOLLOWER to CANDIDATE at term 0 for changeToCandidate
2021-07-03 01:53:00,874 [48a93f24-2ce5-44e8-b9e2-5628d9c2ac97@group-35DAF16C14CE-FollowerState] INFO  server.RaftServerConfigKeys (ConfUtils.java:logGet(44)) - raft.server.leaderelection.pre-vote = false (custom)
2021-07-03 01:53:00,874 [48a93f24-2ce5-44e8-b9e2-5628d9c2ac97@group-35DAF16C14CE-FollowerState] INFO  impl.RoleInfo (RoleInfo.java:updateAndGet(130)) - 48a93f24-2ce5-44e8-b9e2-5628d9c2ac97: start 48a93f24-2ce5-44e8-b9e2-5628d9c2ac97@group-35DAF16C14CE-LeaderElection20
2021-07-03 01:53:00,878 [48a93f24-2ce5-44e8-b9e2-5628d9c2ac97@group-35DAF16C14CE-LeaderElection20] INFO  impl.LeaderElection (LeaderElection.java:askForVotes(306)) - 48a93f24-2ce5-44e8-b9e2-5628d9c2ac97@group-35DAF16C14CE-LeaderElection20 ELECTION round 0: submit vote requests at term 1 for -1: [ca9dc723-67a1-4a65-9480-66850f9b9d20|rpc:127.0.0.1:37533|priority:1, 48a93f24-2ce5-44e8-b9e2-5628d9c2ac97|rpc:127.0.0.1:36777|priority:0, 8fa4ef72-0e52-420c-b0d5-60420e93c6a9|rpc:127.0.0.1:35781|priority:0], old=null
2021-07-03 01:53:00,885 [grpc-default-executor-3] INFO  server.RaftServer$Division (RaftServerImpl.java:requestVote(1042)) - ca9dc723-67a1-4a65-9480-66850f9b9d20@group-35DAF16C14CE: receive requestVote(ELECTION, 48a93f24-2ce5-44e8-b9e2-5628d9c2ac97, group-35DAF16C14CE, 1, (t:0, i:0))
2021-07-03 01:53:00,885 [grpc-default-executor-3] INFO  impl.VoteContext (VoteContext.java:log(48)) - ca9dc723-67a1-4a65-9480-66850f9b9d20@group-35DAF16C14CE-FOLLOWER: reject ELECTION from 48a93f24-2ce5-44e8-b9e2-5628d9c2ac97: our priority 1 > candidate's priority 0
2021-07-03 01:53:00,885 [grpc-default-executor-3] INFO  server.RaftServer$Division (RaftServerImpl.java:setRole(284)) - ca9dc723-67a1-4a65-9480-66850f9b9d20@group-35DAF16C14CE: changes role from  FOLLOWER to FOLLOWER at term 1 for candidate:48a93f24-2ce5-44e8-b9e2-5628d9c2ac97
2021-07-03 01:53:00,885 [grpc-default-executor-3] INFO  impl.RoleInfo (RoleInfo.java:shutdownFollowerState(108)) - ca9dc723-67a1-4a65-9480-66850f9b9d20: shutdown ca9dc723-67a1-4a65-9480-66850f9b9d20@group-35DAF16C14CE-FollowerState
2021-07-03 01:53:00,885 [grpc-default-executor-3] INFO  impl.RoleInfo (RoleInfo.java:updateAndGet(130)) - ca9dc723-67a1-4a65-9480-66850f9b9d20: start ca9dc723-67a1-4a65-9480-66850f9b9d20@group-35DAF16C14CE-FollowerState
2021-07-03 01:53:00,886 [ca9dc723-67a1-4a65-9480-66850f9b9d20@group-35DAF16C14CE-FollowerState] INFO  impl.FollowerState (FollowerState.java:run(143)) - ca9dc723-67a1-4a65-9480-66850f9b9d20@group-35DAF16C14CE-FollowerState was interrupted: {}
java.lang.InterruptedException: sleep interrupted
	at java.lang.Thread.sleep(Native Method)
	at java.lang.Thread.sleep(Thread.java:340)
	at java.util.concurrent.TimeUnit.sleep(TimeUnit.java:386)
	at org.apache.ratis.util.TimeDuration.sleep(TimeDuration.java:324)
	at org.apache.ratis.util.TimeDuration.sleep(TimeDuration.java:309)
	at org.apache.ratis.server.impl.FollowerState.run(FollowerState.java:118)
2021-07-03 01:53:00,888 [grpc-default-executor-1] INFO  server.RaftServer$Division (RaftServerImpl.java:requestVote(1042)) - 8fa4ef72-0e52-420c-b0d5-60420e93c6a9@group-35DAF16C14CE: receive requestVote(ELECTION, 48a93f24-2ce5-44e8-b9e2-5628d9c2ac97, group-35DAF16C14CE, 1, (t:0, i:0))
2021-07-03 01:53:00,888 [grpc-default-executor-1] INFO  impl.VoteContext (VoteContext.java:log(48)) - 8fa4ef72-0e52-420c-b0d5-60420e93c6a9@group-35DAF16C14CE-FOLLOWER: accept ELECTION from 48a93f24-2ce5-44e8-b9e2-5628d9c2ac97: our priority 0 <= candidate's priority 0
2021-07-03 01:53:00,888 [grpc-default-executor-1] INFO  server.RaftServer$Division (RaftServerImpl.java:setRole(284)) - 8fa4ef72-0e52-420c-b0d5-60420e93c6a9@group-35DAF16C14CE: changes role from  FOLLOWER to FOLLOWER at term 1 for candidate:48a93f24-2ce5-44e8-b9e2-5628d9c2ac97
2021-07-03 01:53:00,888 [grpc-default-executor-1] INFO  impl.RoleInfo (RoleInfo.java:shutdownFollowerState(108)) - 8fa4ef72-0e52-420c-b0d5-60420e93c6a9: shutdown 8fa4ef72-0e52-420c-b0d5-60420e93c6a9@group-35DAF16C14CE-FollowerState
2021-07-03 01:53:00,888 [grpc-default-executor-1] INFO  impl.RoleInfo (RoleInfo.java:updateAndGet(130)) - 8fa4ef72-0e52-420c-b0d5-60420e93c6a9: start 8fa4ef72-0e52-420c-b0d5-60420e93c6a9@group-35DAF16C14CE-FollowerState
2021-07-03 01:53:00,888 [8fa4ef72-0e52-420c-b0d5-60420e93c6a9@group-35DAF16C14CE-FollowerState] INFO  impl.FollowerState (FollowerState.java:run(143)) - 8fa4ef72-0e52-420c-b0d5-60420e93c6a9@group-35DAF16C14CE-FollowerState was interrupted: {}
java.lang.InterruptedException: sleep interrupted
	at java.lang.Thread.sleep(Native Method)
	at java.lang.Thread.sleep(Thread.java:340)
	at java.util.concurrent.TimeUnit.sleep(TimeUnit.java:386)
	at org.apache.ratis.util.TimeDuration.sleep(TimeDuration.java:324)
	at org.apache.ratis.util.TimeDuration.sleep(TimeDuration.java:309)
	at org.apache.ratis.server.impl.FollowerState.run(FollowerState.java:118)
2021-07-03 01:53:00,895 [Datanode State Machine Thread - 0] ERROR datanode.RunningDatanodeState (RunningDatanodeState.java:computeNextContainerState(199)) - Error in executing end point task.
java.util.concurrent.ExecutionException: java.util.concurrent.TimeoutException
	at java.util.concurrent.FutureTask.report(FutureTask.java:122)
	at java.util.concurrent.FutureTask.get(FutureTask.java:192)
	at org.apache.hadoop.ozone.container.common.states.datanode.RunningDatanodeState.computeNextContainerState(RunningDatanodeState.java:191)
	at org.apache.hadoop.ozone.container.common.states.datanode.RunningDatanodeState.await(RunningDatanodeState.java:231)
	at org.apache.hadoop.ozone.container.common.states.datanode.RunningDatanodeState.await(RunningDatanodeState.java:50)
	at org.apache.hadoop.ozone.container.common.statemachine.StateContext.execute(StateContext.java:629)
	at org.apache.hadoop.ozone.container.common.statemachine.DatanodeStateMachine.start(DatanodeStateMachine.java:244)
	at org.apache.hadoop.ozone.container.common.statemachine.DatanodeStateMachine.lambda$startDaemon$0(DatanodeStateMachine.java:429)
	at java.lang.Thread.run(Thread.java:748)
Caused by: java.util.concurrent.TimeoutException
	at java.util.concurrent.FutureTask.get(FutureTask.java:205)
	at org.apache.hadoop.ozone.container.common.states.datanode.RunningDatanodeState.lambda$execute$0(RunningDatanodeState.java:149)
	at java.util.concurrent.FutureTask.run(FutureTask.java:266)
	at java.util.concurrent.Executors$RunnableAdapter.call(Executors.java:511)
	at java.util.concurrent.FutureTask.run(FutureTask.java:266)
	at java.util.concurrent.ThreadPoolExecutor.runWorker(ThreadPoolExecutor.java:1149)
	at java.util.concurrent.ThreadPoolExecutor$Worker.run(ThreadPoolExecutor.java:624)
	... 1 more
2021-07-03 01:53:00,895 [grpc-default-executor-3] INFO  server.RaftServer$Division (RaftServerImpl.java:requestVote(1074)) - ca9dc723-67a1-4a65-9480-66850f9b9d20@group-35DAF16C14CE replies to ELECTION vote request: 48a93f24-2ce5-44e8-b9e2-5628d9c2ac97<-ca9dc723-67a1-4a65-9480-66850f9b9d20#0:FAIL-t1. Peer's state: ca9dc723-67a1-4a65-9480-66850f9b9d20@group-35DAF16C14CE:t1, leader=null, voted=null, raftlog=ca9dc723-67a1-4a65-9480-66850f9b9d20@group-35DAF16C14CE-SegmentedRaftLog:OPENED:c-1,f-1,i0, conf=-1: [ca9dc723-67a1-4a65-9480-66850f9b9d20|rpc:127.0.0.1:37533|dataStream:|priority:1, 48a93f24-2ce5-44e8-b9e2-5628d9c2ac97|rpc:127.0.0.1:36777|dataStream:|priority:0, 8fa4ef72-0e52-420c-b0d5-60420e93c6a9|rpc:127.0.0.1:35781|dataStream:|priority:0], old=null
2021-07-03 01:53:00,895 [grpc-default-executor-1] INFO  server.RaftServer$Division (RaftServerImpl.java:requestVote(1074)) - 8fa4ef72-0e52-420c-b0d5-60420e93c6a9@group-35DAF16C14CE replies to ELECTION vote request: 48a93f24-2ce5-44e8-b9e2-5628d9c2ac97<-8fa4ef72-0e52-420c-b0d5-60420e93c6a9#0:OK-t1. Peer's state: 8fa4ef72-0e52-420c-b0d5-60420e93c6a9@group-35DAF16C14CE:t1, leader=null, voted=48a93f24-2ce5-44e8-b9e2-5628d9c2ac97, raftlog=8fa4ef72-0e52-420c-b0d5-60420e93c6a9@group-35DAF16C14CE-SegmentedRaftLog:OPENED:c-1,f-1,i0, conf=-1: [ca9dc723-67a1-4a65-9480-66850f9b9d20|rpc:127.0.0.1:37533|dataStream:|priority:1, 48a93f24-2ce5-44e8-b9e2-5628d9c2ac97|rpc:127.0.0.1:36777|dataStream:|priority:0, 8fa4ef72-0e52-420c-b0d5-60420e93c6a9|rpc:127.0.0.1:35781|dataStream:|priority:0], old=null
2021-07-03 01:53:00,906 [48a93f24-2ce5-44e8-b9e2-5628d9c2ac97@group-35DAF16C14CE-LeaderElection20] INFO  impl.LeaderElection (LeaderElection.java:logAndReturn(89)) - 48a93f24-2ce5-44e8-b9e2-5628d9c2ac97@group-35DAF16C14CE-LeaderElection20: ELECTION REJECTED received 2 response(s) and 0 exception(s):
2021-07-03 01:53:00,906 [48a93f24-2ce5-44e8-b9e2-5628d9c2ac97@group-35DAF16C14CE-LeaderElection20] INFO  impl.LeaderElection (LeaderElection.java:logAndReturn(93)) -   Response 0: 48a93f24-2ce5-44e8-b9e2-5628d9c2ac97<-ca9dc723-67a1-4a65-9480-66850f9b9d20#0:FAIL-t1
2021-07-03 01:53:00,906 [48a93f24-2ce5-44e8-b9e2-5628d9c2ac97@group-35DAF16C14CE-LeaderElection20] INFO  impl.LeaderElection (LeaderElection.java:logAndReturn(93)) -   Response 1: 48a93f24-2ce5-44e8-b9e2-5628d9c2ac97<-8fa4ef72-0e52-420c-b0d5-60420e93c6a9#0:OK-t1
2021-07-03 01:53:00,906 [48a93f24-2ce5-44e8-b9e2-5628d9c2ac97@group-35DAF16C14CE-LeaderElection20] INFO  impl.LeaderElection (LeaderElection.java:askForVotes(308)) - 48a93f24-2ce5-44e8-b9e2-5628d9c2ac97@group-35DAF16C14CE-LeaderElection20 ELECTION round 0: result REJECTED
2021-07-03 01:53:00,906 [48a93f24-2ce5-44e8-b9e2-5628d9c2ac97@group-35DAF16C14CE-LeaderElection20] INFO  server.RaftServer$Division (RaftServerImpl.java:setRole(284)) - 48a93f24-2ce5-44e8-b9e2-5628d9c2ac97@group-35DAF16C14CE: changes role from CANDIDATE to FOLLOWER at term 1 for REJECTED
2021-07-03 01:53:00,906 [48a93f24-2ce5-44e8-b9e2-5628d9c2ac97@group-35DAF16C14CE-LeaderElection20] INFO  impl.RoleInfo (RoleInfo.java:shutdownLeaderElection(121)) - 48a93f24-2ce5-44e8-b9e2-5628d9c2ac97: shutdown 48a93f24-2ce5-44e8-b9e2-5628d9c2ac97@group-35DAF16C14CE-LeaderElection20
2021-07-03 01:53:00,906 [48a93f24-2ce5-44e8-b9e2-5628d9c2ac97@group-35DAF16C14CE-LeaderElection20] INFO  impl.RoleInfo (RoleInfo.java:updateAndGet(130)) - 48a93f24-2ce5-44e8-b9e2-5628d9c2ac97: start 48a93f24-2ce5-44e8-b9e2-5628d9c2ac97@group-35DAF16C14CE-FollowerState
2021-07-03 01:53:00,973 [48a93f24-2ce5-44e8-b9e2-5628d9c2ac97@group-0ABB88D0A2E0-FollowerState] INFO  impl.FollowerState (FollowerState.java:run(134)) - 48a93f24-2ce5-44e8-b9e2-5628d9c2ac97@group-0ABB88D0A2E0-FollowerState: change to CANDIDATE, lastRpcElapsedTime:5062240872ns, electionTimeout:5061ms
2021-07-03 01:53:00,973 [48a93f24-2ce5-44e8-b9e2-5628d9c2ac97@group-0ABB88D0A2E0-FollowerState] INFO  impl.RoleInfo (RoleInfo.java:shutdownFollowerState(108)) - 48a93f24-2ce5-44e8-b9e2-5628d9c2ac97: shutdown 48a93f24-2ce5-44e8-b9e2-5628d9c2ac97@group-0ABB88D0A2E0-FollowerState
2021-07-03 01:53:00,973 [48a93f24-2ce5-44e8-b9e2-5628d9c2ac97@group-0ABB88D0A2E0-FollowerState] INFO  server.RaftServer$Division (RaftServerImpl.java:setRole(284)) - 48a93f24-2ce5-44e8-b9e2-5628d9c2ac97@group-0ABB88D0A2E0: changes role from  FOLLOWER to CANDIDATE at term 0 for changeToCandidate
2021-07-03 01:53:00,973 [48a93f24-2ce5-44e8-b9e2-5628d9c2ac97@group-0ABB88D0A2E0-FollowerState] INFO  server.RaftServerConfigKeys (ConfUtils.java:logGet(44)) - raft.server.leaderelection.pre-vote = false (custom)
2021-07-03 01:53:00,973 [48a93f24-2ce5-44e8-b9e2-5628d9c2ac97@group-0ABB88D0A2E0-FollowerState] INFO  impl.RoleInfo (RoleInfo.java:updateAndGet(130)) - 48a93f24-2ce5-44e8-b9e2-5628d9c2ac97: start 48a93f24-2ce5-44e8-b9e2-5628d9c2ac97@group-0ABB88D0A2E0-LeaderElection21
2021-07-03 01:53:00,978 [Listener at 127.0.0.1/11044] INFO  ozone.MiniOzoneClusterImpl (MiniOzoneClusterImpl.java:lambda$waitForClusterToBeReady$0(227)) - Nodes are ready. Got 3 of 3 DN Heartbeats.
2021-07-03 01:53:00,981 [Listener at 127.0.0.1/11044] INFO  ozone.MiniOzoneClusterImpl (MiniOzoneClusterImpl.java:lambda$waitForClusterToBeReady$0(230)) - Waiting for cluster to exit safe mode
2021-07-03 01:53:00,981 [Listener at 127.0.0.1/11044] INFO  ozone.MiniOzoneClusterImpl (MiniOzoneClusterImpl.java:lambda$waitForClusterToBeReady$0(232)) - SCM became leader
2021-07-03 01:53:00,983 [48a93f24-2ce5-44e8-b9e2-5628d9c2ac97@group-0ABB88D0A2E0-LeaderElection21] INFO  impl.LeaderElection (LeaderElection.java:askForVotes(306)) - 48a93f24-2ce5-44e8-b9e2-5628d9c2ac97@group-0ABB88D0A2E0-LeaderElection21 ELECTION round 0: submit vote requests at term 1 for -1: [ca9dc723-67a1-4a65-9480-66850f9b9d20|rpc:127.0.0.1:37533|priority:0, 48a93f24-2ce5-44e8-b9e2-5628d9c2ac97|rpc:127.0.0.1:36777|priority:0, 8fa4ef72-0e52-420c-b0d5-60420e93c6a9|rpc:127.0.0.1:35781|priority:1], old=null
2021-07-03 01:53:00,986 [grpc-default-executor-1] INFO  server.RaftServer$Division (RaftServerImpl.java:requestVote(1042)) - ca9dc723-67a1-4a65-9480-66850f9b9d20@group-0ABB88D0A2E0: receive requestVote(ELECTION, 48a93f24-2ce5-44e8-b9e2-5628d9c2ac97, group-0ABB88D0A2E0, 1, (t:0, i:0))
2021-07-03 01:53:00,986 [grpc-default-executor-1] INFO  impl.VoteContext (VoteContext.java:log(48)) - ca9dc723-67a1-4a65-9480-66850f9b9d20@group-0ABB88D0A2E0-FOLLOWER: accept ELECTION from 48a93f24-2ce5-44e8-b9e2-5628d9c2ac97: our priority 0 <= candidate's priority 0
2021-07-03 01:53:00,986 [grpc-default-executor-1] INFO  server.RaftServer$Division (RaftServerImpl.java:setRole(284)) - ca9dc723-67a1-4a65-9480-66850f9b9d20@group-0ABB88D0A2E0: changes role from  FOLLOWER to FOLLOWER at term 1 for candidate:48a93f24-2ce5-44e8-b9e2-5628d9c2ac97
2021-07-03 01:53:00,986 [grpc-default-executor-1] INFO  impl.RoleInfo (RoleInfo.java:shutdownFollowerState(108)) - ca9dc723-67a1-4a65-9480-66850f9b9d20: shutdown ca9dc723-67a1-4a65-9480-66850f9b9d20@group-0ABB88D0A2E0-FollowerState
2021-07-03 01:53:00,987 [grpc-default-executor-1] INFO  impl.RoleInfo (RoleInfo.java:updateAndGet(130)) - ca9dc723-67a1-4a65-9480-66850f9b9d20: start ca9dc723-67a1-4a65-9480-66850f9b9d20@group-0ABB88D0A2E0-FollowerState
2021-07-03 01:53:00,987 [ca9dc723-67a1-4a65-9480-66850f9b9d20@group-0ABB88D0A2E0-FollowerState] INFO  impl.FollowerState (FollowerState.java:run(143)) - ca9dc723-67a1-4a65-9480-66850f9b9d20@group-0ABB88D0A2E0-FollowerState was interrupted: {}
java.lang.InterruptedException: sleep interrupted
	at java.lang.Thread.sleep(Native Method)
	at java.lang.Thread.sleep(Thread.java:340)
	at java.util.concurrent.TimeUnit.sleep(TimeUnit.java:386)
	at org.apache.ratis.util.TimeDuration.sleep(TimeDuration.java:324)
	at org.apache.ratis.util.TimeDuration.sleep(TimeDuration.java:309)
	at org.apache.ratis.server.impl.FollowerState.run(FollowerState.java:118)
2021-07-03 01:53:00,988 [grpc-default-executor-3] INFO  server.RaftServer$Division (RaftServerImpl.java:requestVote(1042)) - 8fa4ef72-0e52-420c-b0d5-60420e93c6a9@group-0ABB88D0A2E0: receive requestVote(ELECTION, 48a93f24-2ce5-44e8-b9e2-5628d9c2ac97, group-0ABB88D0A2E0, 1, (t:0, i:0))
2021-07-03 01:53:00,988 [grpc-default-executor-3] INFO  impl.VoteContext (VoteContext.java:log(48)) - 8fa4ef72-0e52-420c-b0d5-60420e93c6a9@group-0ABB88D0A2E0-FOLLOWER: reject ELECTION from 48a93f24-2ce5-44e8-b9e2-5628d9c2ac97: our priority 1 > candidate's priority 0
2021-07-03 01:53:00,988 [grpc-default-executor-3] INFO  server.RaftServer$Division (RaftServerImpl.java:setRole(284)) - 8fa4ef72-0e52-420c-b0d5-60420e93c6a9@group-0ABB88D0A2E0: changes role from  FOLLOWER to FOLLOWER at term 1 for candidate:48a93f24-2ce5-44e8-b9e2-5628d9c2ac97
2021-07-03 01:53:00,988 [grpc-default-executor-3] INFO  impl.RoleInfo (RoleInfo.java:shutdownFollowerState(108)) - 8fa4ef72-0e52-420c-b0d5-60420e93c6a9: shutdown 8fa4ef72-0e52-420c-b0d5-60420e93c6a9@group-0ABB88D0A2E0-FollowerState
2021-07-03 01:53:00,989 [grpc-default-executor-3] INFO  impl.RoleInfo (RoleInfo.java:updateAndGet(130)) - 8fa4ef72-0e52-420c-b0d5-60420e93c6a9: start 8fa4ef72-0e52-420c-b0d5-60420e93c6a9@group-0ABB88D0A2E0-FollowerState
2021-07-03 01:53:00,989 [8fa4ef72-0e52-420c-b0d5-60420e93c6a9@group-0ABB88D0A2E0-FollowerState] INFO  impl.FollowerState (FollowerState.java:run(143)) - 8fa4ef72-0e52-420c-b0d5-60420e93c6a9@group-0ABB88D0A2E0-FollowerState was interrupted: {}
java.lang.InterruptedException: sleep interrupted
	at java.lang.Thread.sleep(Native Method)
	at java.lang.Thread.sleep(Thread.java:340)
	at java.util.concurrent.TimeUnit.sleep(TimeUnit.java:386)
	at org.apache.ratis.util.TimeDuration.sleep(TimeDuration.java:324)
	at org.apache.ratis.util.TimeDuration.sleep(TimeDuration.java:309)
	at org.apache.ratis.server.impl.FollowerState.run(FollowerState.java:118)
2021-07-03 01:53:00,991 [grpc-default-executor-1] INFO  server.RaftServer$Division (RaftServerImpl.java:requestVote(1074)) - ca9dc723-67a1-4a65-9480-66850f9b9d20@group-0ABB88D0A2E0 replies to ELECTION vote request: 48a93f24-2ce5-44e8-b9e2-5628d9c2ac97<-ca9dc723-67a1-4a65-9480-66850f9b9d20#0:OK-t1. Peer's state: ca9dc723-67a1-4a65-9480-66850f9b9d20@group-0ABB88D0A2E0:t1, leader=null, voted=48a93f24-2ce5-44e8-b9e2-5628d9c2ac97, raftlog=ca9dc723-67a1-4a65-9480-66850f9b9d20@group-0ABB88D0A2E0-SegmentedRaftLog:OPENED:c-1,f-1,i0, conf=-1: [ca9dc723-67a1-4a65-9480-66850f9b9d20|rpc:127.0.0.1:37533|priority:0, 48a93f24-2ce5-44e8-b9e2-5628d9c2ac97|rpc:127.0.0.1:36777|priority:0, 8fa4ef72-0e52-420c-b0d5-60420e93c6a9|rpc:127.0.0.1:35781|priority:1], old=null
2021-07-03 01:53:00,995 [grpc-default-executor-3] INFO  server.RaftServer$Division (RaftServerImpl.java:requestVote(1074)) - 8fa4ef72-0e52-420c-b0d5-60420e93c6a9@group-0ABB88D0A2E0 replies to ELECTION vote request: 48a93f24-2ce5-44e8-b9e2-5628d9c2ac97<-8fa4ef72-0e52-420c-b0d5-60420e93c6a9#0:FAIL-t1. Peer's state: 8fa4ef72-0e52-420c-b0d5-60420e93c6a9@group-0ABB88D0A2E0:t1, leader=null, voted=null, raftlog=8fa4ef72-0e52-420c-b0d5-60420e93c6a9@group-0ABB88D0A2E0-SegmentedRaftLog:OPENED:c-1,f-1,i0, conf=-1: [ca9dc723-67a1-4a65-9480-66850f9b9d20|rpc:127.0.0.1:37533|dataStream:|priority:0, 48a93f24-2ce5-44e8-b9e2-5628d9c2ac97|rpc:127.0.0.1:36777|dataStream:|priority:0, 8fa4ef72-0e52-420c-b0d5-60420e93c6a9|rpc:127.0.0.1:35781|dataStream:|priority:1], old=null
2021-07-03 01:53:01,001 [48a93f24-2ce5-44e8-b9e2-5628d9c2ac97@group-0ABB88D0A2E0-LeaderElection21] INFO  impl.LeaderElection (LeaderElection.java:logAndReturn(89)) - 48a93f24-2ce5-44e8-b9e2-5628d9c2ac97@group-0ABB88D0A2E0-LeaderElection21: ELECTION REJECTED received 1 response(s) and 0 exception(s):
2021-07-03 01:53:01,001 [48a93f24-2ce5-44e8-b9e2-5628d9c2ac97@group-0ABB88D0A2E0-LeaderElection21] INFO  impl.LeaderElection (LeaderElection.java:logAndReturn(93)) -   Response 0: 48a93f24-2ce5-44e8-b9e2-5628d9c2ac97<-8fa4ef72-0e52-420c-b0d5-60420e93c6a9#0:FAIL-t1
2021-07-03 01:53:01,001 [48a93f24-2ce5-44e8-b9e2-5628d9c2ac97@group-0ABB88D0A2E0-LeaderElection21] INFO  impl.LeaderElection (LeaderElection.java:askForVotes(308)) - 48a93f24-2ce5-44e8-b9e2-5628d9c2ac97@group-0ABB88D0A2E0-LeaderElection21 ELECTION round 0: result REJECTED
2021-07-03 01:53:01,001 [48a93f24-2ce5-44e8-b9e2-5628d9c2ac97@group-0ABB88D0A2E0-LeaderElection21] INFO  server.RaftServer$Division (RaftServerImpl.java:setRole(284)) - 48a93f24-2ce5-44e8-b9e2-5628d9c2ac97@group-0ABB88D0A2E0: changes role from CANDIDATE to FOLLOWER at term 1 for REJECTED
2021-07-03 01:53:01,001 [48a93f24-2ce5-44e8-b9e2-5628d9c2ac97@group-0ABB88D0A2E0-LeaderElection21] INFO  impl.RoleInfo (RoleInfo.java:shutdownLeaderElection(121)) - 48a93f24-2ce5-44e8-b9e2-5628d9c2ac97: shutdown 48a93f24-2ce5-44e8-b9e2-5628d9c2ac97@group-0ABB88D0A2E0-LeaderElection21
2021-07-03 01:53:01,001 [48a93f24-2ce5-44e8-b9e2-5628d9c2ac97@group-0ABB88D0A2E0-LeaderElection21] INFO  impl.RoleInfo (RoleInfo.java:updateAndGet(130)) - 48a93f24-2ce5-44e8-b9e2-5628d9c2ac97: start 48a93f24-2ce5-44e8-b9e2-5628d9c2ac97@group-0ABB88D0A2E0-FollowerState
2021-07-03 01:53:01,075 [ca9dc723-67a1-4a65-9480-66850f9b9d20@group-43D4DE272781-FollowerState] INFO  impl.FollowerState (FollowerState.java:run(134)) - ca9dc723-67a1-4a65-9480-66850f9b9d20@group-43D4DE272781-FollowerState: change to CANDIDATE, lastRpcElapsedTime:5209766606ns, electionTimeout:5200ms
2021-07-03 01:53:01,075 [ca9dc723-67a1-4a65-9480-66850f9b9d20@group-43D4DE272781-FollowerState] INFO  impl.RoleInfo (RoleInfo.java:shutdownFollowerState(108)) - ca9dc723-67a1-4a65-9480-66850f9b9d20: shutdown ca9dc723-67a1-4a65-9480-66850f9b9d20@group-43D4DE272781-FollowerState
2021-07-03 01:53:01,075 [ca9dc723-67a1-4a65-9480-66850f9b9d20@group-43D4DE272781-FollowerState] INFO  server.RaftServer$Division (RaftServerImpl.java:setRole(284)) - ca9dc723-67a1-4a65-9480-66850f9b9d20@group-43D4DE272781: changes role from  FOLLOWER to CANDIDATE at term 0 for changeToCandidate
2021-07-03 01:53:01,075 [ca9dc723-67a1-4a65-9480-66850f9b9d20@group-43D4DE272781-FollowerState] INFO  server.RaftServerConfigKeys (ConfUtils.java:logGet(44)) - raft.server.leaderelection.pre-vote = false (custom)
2021-07-03 01:53:01,075 [ca9dc723-67a1-4a65-9480-66850f9b9d20@group-43D4DE272781-FollowerState] INFO  impl.RoleInfo (RoleInfo.java:updateAndGet(130)) - ca9dc723-67a1-4a65-9480-66850f9b9d20: start ca9dc723-67a1-4a65-9480-66850f9b9d20@group-43D4DE272781-LeaderElection22
2021-07-03 01:53:01,080 [ca9dc723-67a1-4a65-9480-66850f9b9d20@group-43D4DE272781-LeaderElection22] INFO  impl.LeaderElection (LeaderElection.java:askForVotes(306)) - ca9dc723-67a1-4a65-9480-66850f9b9d20@group-43D4DE272781-LeaderElection22 ELECTION round 0: submit vote requests at term 1 for -1: [ca9dc723-67a1-4a65-9480-66850f9b9d20|rpc:127.0.0.1:37533|priority:1], old=null
2021-07-03 01:53:01,080 [ca9dc723-67a1-4a65-9480-66850f9b9d20@group-43D4DE272781-LeaderElection22] INFO  impl.LeaderElection (LeaderElection.java:askForVotes(308)) - ca9dc723-67a1-4a65-9480-66850f9b9d20@group-43D4DE272781-LeaderElection22 ELECTION round 0: result PASSED (term=1)
2021-07-03 01:53:01,080 [ca9dc723-67a1-4a65-9480-66850f9b9d20@group-43D4DE272781-LeaderElection22] INFO  impl.RoleInfo (RoleInfo.java:shutdownLeaderElection(121)) - ca9dc723-67a1-4a65-9480-66850f9b9d20: shutdown ca9dc723-67a1-4a65-9480-66850f9b9d20@group-43D4DE272781-LeaderElection22
2021-07-03 01:53:01,080 [ca9dc723-67a1-4a65-9480-66850f9b9d20@group-43D4DE272781-LeaderElection22] INFO  server.RaftServer$Division (RaftServerImpl.java:setRole(284)) - ca9dc723-67a1-4a65-9480-66850f9b9d20@group-43D4DE272781: changes role from CANDIDATE to LEADER at term 1 for changeToLeader
2021-07-03 01:53:01,081 [ca9dc723-67a1-4a65-9480-66850f9b9d20@group-43D4DE272781-LeaderElection22] INFO  ratis.XceiverServerRatis (XceiverServerRatis.java:handleLeaderChangedNotification(857)) - Leader change notification received for group: group-43D4DE272781 with new leaderId: ca9dc723-67a1-4a65-9480-66850f9b9d20
2021-07-03 01:53:01,081 [ca9dc723-67a1-4a65-9480-66850f9b9d20@group-43D4DE272781-LeaderElection22] INFO  server.RaftServer$Division (ServerState.java:setLeader(271)) - ca9dc723-67a1-4a65-9480-66850f9b9d20@group-43D4DE272781: change Leader from null to ca9dc723-67a1-4a65-9480-66850f9b9d20 at term 1 for becomeLeader, leader elected after 5227ms
2021-07-03 01:53:01,081 [ca9dc723-67a1-4a65-9480-66850f9b9d20@group-43D4DE272781-LeaderElection22] INFO  server.RaftServerConfigKeys (ConfUtils.java:logGet(44)) - raft.server.staging.catchup.gap = 1000 (default)
2021-07-03 01:53:01,081 [ca9dc723-67a1-4a65-9480-66850f9b9d20@group-43D4DE272781-LeaderElection22] INFO  metrics.RatisMetrics (RatisMetrics.java:lambda$create$0(36)) - Creating Metrics Registry : ratis.log_appender.ca9dc723-67a1-4a65-9480-66850f9b9d20@group-43D4DE272781
2021-07-03 01:53:01,081 [ca9dc723-67a1-4a65-9480-66850f9b9d20@group-43D4DE272781-LeaderElection22] INFO  server.RaftServerConfigKeys (ConfUtils.java:logGet(44)) - raft.server.write.element-limit = 1024 (custom)
2021-07-03 01:53:01,081 [ca9dc723-67a1-4a65-9480-66850f9b9d20@group-43D4DE272781-LeaderElection22] INFO  server.RaftServerConfigKeys (ConfUtils.java:logGet(44)) - raft.server.write.byte-limit = 1073741824 (custom)
2021-07-03 01:53:01,082 [ca9dc723-67a1-4a65-9480-66850f9b9d20@group-43D4DE272781-LeaderElection22] INFO  server.RaftServerConfigKeys (ConfUtils.java:logGet(44)) - raft.server.watch.timeout = 180s (custom)
2021-07-03 01:53:01,082 [ca9dc723-67a1-4a65-9480-66850f9b9d20@group-43D4DE272781-LeaderElection22] INFO  server.RaftServerConfigKeys (ConfUtils.java:logGet(44)) - raft.server.watch.timeout.denomination = 1s (default)
2021-07-03 01:53:01,082 [ca9dc723-67a1-4a65-9480-66850f9b9d20@group-43D4DE272781-LeaderElection22] INFO  server.RaftServerConfigKeys (ConfUtils.java:logGet(44)) - raft.server.watch.element-limit = 65536 (default)
2021-07-03 01:53:01,082 [EventQueue-OpenPipelineForHealthyPipelineSafeModeRule] INFO  safemode.SCMSafeModeManager (HealthyPipelineSafeModeRule.java:process(124)) - SCM in safe mode. Healthy pipelines reported count is 0, required healthy pipeline reported count is 1
2021-07-03 01:53:01,082 [ca9dc723-67a1-4a65-9480-66850f9b9d20@group-43D4DE272781-LeaderElection22] INFO  impl.RoleInfo (RoleInfo.java:updateAndGet(130)) - ca9dc723-67a1-4a65-9480-66850f9b9d20: start ca9dc723-67a1-4a65-9480-66850f9b9d20@group-43D4DE272781-LeaderStateImpl
2021-07-03 01:53:01,083 [EventQueue-OpenPipelineForHealthyPipelineSafeModeRule] INFO  safemode.SCMSafeModeManager (HealthyPipelineSafeModeRule.java:process(124)) - SCM in safe mode. Healthy pipelines reported count is 0, required healthy pipeline reported count is 1
2021-07-03 01:53:01,084 [ca9dc723-67a1-4a65-9480-66850f9b9d20@group-43D4DE272781-LeaderElection22] INFO  segmented.SegmentedRaftLogWorker (SegmentedRaftLogWorker.java:startLogSegment(394)) - ca9dc723-67a1-4a65-9480-66850f9b9d20@group-43D4DE272781-SegmentedRaftLogWorker: Starting segment from index:0
2021-07-03 01:53:01,086 [ca9dc723-67a1-4a65-9480-66850f9b9d20@group-43D4DE272781-SegmentedRaftLogWorker] INFO  segmented.SegmentedRaftLogWorker (SegmentedRaftLogWorker.java:execute(601)) - ca9dc723-67a1-4a65-9480-66850f9b9d20@group-43D4DE272781-SegmentedRaftLogWorker: created new log segment /home/runner/work/ozone/ozone/mnt/ozone/hadoop-ozone/integration-test/target/test-dir/MiniOzoneClusterImpl-6d7611b0-ac11-41e1-98f8-97ea473a16a6/datanode-1/data/ratis/3d327430-62e9-4baf-82ed-43d4de272781/current/log_inprogress_0
2021-07-03 01:53:01,087 [ca9dc723-67a1-4a65-9480-66850f9b9d20@group-43D4DE272781-LeaderElection22] INFO  server.RaftServer$Division (ServerState.java:setRaftConf(373)) - ca9dc723-67a1-4a65-9480-66850f9b9d20@group-43D4DE272781: set configuration 0: [ca9dc723-67a1-4a65-9480-66850f9b9d20|rpc:127.0.0.1:37533|dataStream:|priority:1], old=null
2021-07-03 01:53:01,510 [8fa4ef72-0e52-420c-b0d5-60420e93c6a9@group-190898BE10ED-FollowerState] INFO  impl.FollowerState (FollowerState.java:run(134)) - 8fa4ef72-0e52-420c-b0d5-60420e93c6a9@group-190898BE10ED-FollowerState: change to CANDIDATE, lastRpcElapsedTime:5049329073ns, electionTimeout:5048ms
2021-07-03 01:53:01,510 [8fa4ef72-0e52-420c-b0d5-60420e93c6a9@group-190898BE10ED-FollowerState] INFO  impl.RoleInfo (RoleInfo.java:shutdownFollowerState(108)) - 8fa4ef72-0e52-420c-b0d5-60420e93c6a9: shutdown 8fa4ef72-0e52-420c-b0d5-60420e93c6a9@group-190898BE10ED-FollowerState
2021-07-03 01:53:01,511 [8fa4ef72-0e52-420c-b0d5-60420e93c6a9@group-190898BE10ED-FollowerState] INFO  server.RaftServer$Division (RaftServerImpl.java:setRole(284)) - 8fa4ef72-0e52-420c-b0d5-60420e93c6a9@group-190898BE10ED: changes role from  FOLLOWER to CANDIDATE at term 0 for changeToCandidate
2021-07-03 01:53:01,511 [8fa4ef72-0e52-420c-b0d5-60420e93c6a9@group-190898BE10ED-FollowerState] INFO  server.RaftServerConfigKeys (ConfUtils.java:logGet(44)) - raft.server.leaderelection.pre-vote = false (custom)
2021-07-03 01:53:01,511 [8fa4ef72-0e52-420c-b0d5-60420e93c6a9@group-190898BE10ED-FollowerState] INFO  impl.RoleInfo (RoleInfo.java:updateAndGet(130)) - 8fa4ef72-0e52-420c-b0d5-60420e93c6a9: start 8fa4ef72-0e52-420c-b0d5-60420e93c6a9@group-190898BE10ED-LeaderElection23
2021-07-03 01:53:01,514 [8fa4ef72-0e52-420c-b0d5-60420e93c6a9@group-190898BE10ED-LeaderElection23] INFO  impl.LeaderElection (LeaderElection.java:askForVotes(306)) - 8fa4ef72-0e52-420c-b0d5-60420e93c6a9@group-190898BE10ED-LeaderElection23 ELECTION round 0: submit vote requests at term 1 for -1: [8fa4ef72-0e52-420c-b0d5-60420e93c6a9|rpc:127.0.0.1:35781|priority:1], old=null
2021-07-03 01:53:01,514 [8fa4ef72-0e52-420c-b0d5-60420e93c6a9@group-190898BE10ED-LeaderElection23] INFO  impl.LeaderElection (LeaderElection.java:askForVotes(308)) - 8fa4ef72-0e52-420c-b0d5-60420e93c6a9@group-190898BE10ED-LeaderElection23 ELECTION round 0: result PASSED (term=1)
2021-07-03 01:53:01,514 [8fa4ef72-0e52-420c-b0d5-60420e93c6a9@group-190898BE10ED-LeaderElection23] INFO  impl.RoleInfo (RoleInfo.java:shutdownLeaderElection(121)) - 8fa4ef72-0e52-420c-b0d5-60420e93c6a9: shutdown 8fa4ef72-0e52-420c-b0d5-60420e93c6a9@group-190898BE10ED-LeaderElection23
2021-07-03 01:53:01,514 [8fa4ef72-0e52-420c-b0d5-60420e93c6a9@group-190898BE10ED-LeaderElection23] INFO  server.RaftServer$Division (RaftServerImpl.java:setRole(284)) - 8fa4ef72-0e52-420c-b0d5-60420e93c6a9@group-190898BE10ED: changes role from CANDIDATE to LEADER at term 1 for changeToLeader
2021-07-03 01:53:01,514 [8fa4ef72-0e52-420c-b0d5-60420e93c6a9@group-190898BE10ED-LeaderElection23] INFO  ratis.XceiverServerRatis (XceiverServerRatis.java:handleLeaderChangedNotification(857)) - Leader change notification received for group: group-190898BE10ED with new leaderId: 8fa4ef72-0e52-420c-b0d5-60420e93c6a9
2021-07-03 01:53:01,515 [8fa4ef72-0e52-420c-b0d5-60420e93c6a9@group-190898BE10ED-LeaderElection23] INFO  server.RaftServer$Division (ServerState.java:setLeader(271)) - 8fa4ef72-0e52-420c-b0d5-60420e93c6a9@group-190898BE10ED: change Leader from null to 8fa4ef72-0e52-420c-b0d5-60420e93c6a9 at term 1 for becomeLeader, leader elected after 5078ms
2021-07-03 01:53:01,515 [8fa4ef72-0e52-420c-b0d5-60420e93c6a9@group-190898BE10ED-LeaderElection23] INFO  server.RaftServerConfigKeys (ConfUtils.java:logGet(44)) - raft.server.staging.catchup.gap = 1000 (default)
2021-07-03 01:53:01,515 [8fa4ef72-0e52-420c-b0d5-60420e93c6a9@group-190898BE10ED-LeaderElection23] INFO  metrics.RatisMetrics (RatisMetrics.java:lambda$create$0(36)) - Creating Metrics Registry : ratis.log_appender.8fa4ef72-0e52-420c-b0d5-60420e93c6a9@group-190898BE10ED
2021-07-03 01:53:01,516 [8fa4ef72-0e52-420c-b0d5-60420e93c6a9@group-190898BE10ED-LeaderElection23] INFO  server.RaftServerConfigKeys (ConfUtils.java:logGet(44)) - raft.server.write.element-limit = 1024 (custom)
2021-07-03 01:53:01,516 [8fa4ef72-0e52-420c-b0d5-60420e93c6a9@group-190898BE10ED-LeaderElection23] INFO  server.RaftServerConfigKeys (ConfUtils.java:logGet(44)) - raft.server.write.byte-limit = 1073741824 (custom)
2021-07-03 01:53:01,516 [8fa4ef72-0e52-420c-b0d5-60420e93c6a9@group-190898BE10ED-LeaderElection23] INFO  server.RaftServerConfigKeys (ConfUtils.java:logGet(44)) - raft.server.watch.timeout = 180s (custom)
2021-07-03 01:53:01,516 [8fa4ef72-0e52-420c-b0d5-60420e93c6a9@group-190898BE10ED-LeaderElection23] INFO  server.RaftServerConfigKeys (ConfUtils.java:logGet(44)) - raft.server.watch.timeout.denomination = 1s (default)
2021-07-03 01:53:01,516 [8fa4ef72-0e52-420c-b0d5-60420e93c6a9@group-190898BE10ED-LeaderElection23] INFO  server.RaftServerConfigKeys (ConfUtils.java:logGet(44)) - raft.server.watch.element-limit = 65536 (default)
2021-07-03 01:53:01,516 [8fa4ef72-0e52-420c-b0d5-60420e93c6a9@group-190898BE10ED-LeaderElection23] INFO  impl.RoleInfo (RoleInfo.java:updateAndGet(130)) - 8fa4ef72-0e52-420c-b0d5-60420e93c6a9: start 8fa4ef72-0e52-420c-b0d5-60420e93c6a9@group-190898BE10ED-LeaderStateImpl
2021-07-03 01:53:01,517 [EventQueue-OpenPipelineForHealthyPipelineSafeModeRule] INFO  safemode.SCMSafeModeManager (HealthyPipelineSafeModeRule.java:process(124)) - SCM in safe mode. Healthy pipelines reported count is 0, required healthy pipeline reported count is 1
2021-07-03 01:53:01,517 [EventQueue-OpenPipelineForHealthyPipelineSafeModeRule] INFO  safemode.SCMSafeModeManager (HealthyPipelineSafeModeRule.java:process(124)) - SCM in safe mode. Healthy pipelines reported count is 0, required healthy pipeline reported count is 1
2021-07-03 01:53:01,517 [8fa4ef72-0e52-420c-b0d5-60420e93c6a9@group-190898BE10ED-LeaderElection23] INFO  segmented.SegmentedRaftLogWorker (SegmentedRaftLogWorker.java:startLogSegment(394)) - 8fa4ef72-0e52-420c-b0d5-60420e93c6a9@group-190898BE10ED-SegmentedRaftLogWorker: Starting segment from index:0
2021-07-03 01:53:01,518 [8fa4ef72-0e52-420c-b0d5-60420e93c6a9@group-190898BE10ED-SegmentedRaftLogWorker] INFO  segmented.SegmentedRaftLogWorker (SegmentedRaftLogWorker.java:execute(601)) - 8fa4ef72-0e52-420c-b0d5-60420e93c6a9@group-190898BE10ED-SegmentedRaftLogWorker: created new log segment /home/runner/work/ozone/ozone/mnt/ozone/hadoop-ozone/integration-test/target/test-dir/MiniOzoneClusterImpl-6d7611b0-ac11-41e1-98f8-97ea473a16a6/datanode-2/data/ratis/7049b5d2-2423-4944-bd3a-190898be10ed/current/log_inprogress_0
2021-07-03 01:53:01,524 [8fa4ef72-0e52-420c-b0d5-60420e93c6a9@group-190898BE10ED-LeaderElection23] INFO  server.RaftServer$Division (ServerState.java:setRaftConf(373)) - 8fa4ef72-0e52-420c-b0d5-60420e93c6a9@group-190898BE10ED: set configuration 0: [8fa4ef72-0e52-420c-b0d5-60420e93c6a9|rpc:127.0.0.1:35781|dataStream:|priority:1], old=null
2021-07-03 01:53:01,532 [EndpointStateMachine task thread for /127.0.0.1:13925 - 0 ] INFO  ipc.Client (Client.java:handleConnectionFailure(966)) - Retrying connect to server: localhost/127.0.0.1:13925. Already tried 7 time(s); retry policy is RetryUpToMaximumCountWithFixedSleep(maxRetries=15, sleepTime=1000 MILLISECONDS)
2021-07-03 01:53:01,533 [EndpointStateMachine task thread for /127.0.0.1:13945 - 0 ] INFO  ipc.Client (Client.java:handleConnectionFailure(966)) - Retrying connect to server: localhost/127.0.0.1:13945. Already tried 4 time(s); retry policy is RetryUpToMaximumCountWithFixedSleep(maxRetries=15, sleepTime=1000 MILLISECONDS)
2021-07-03 01:53:01,533 [EndpointStateMachine task thread for /127.0.0.1:13935 - 0 ] INFO  ipc.Client (Client.java:handleConnectionFailure(966)) - Retrying connect to server: localhost/127.0.0.1:13935. Already tried 5 time(s); retry policy is RetryUpToMaximumCountWithFixedSleep(maxRetries=15, sleepTime=1000 MILLISECONDS)
2021-07-03 01:53:01,818 [Datanode State Machine Thread - 0] ERROR datanode.RunningDatanodeState (RunningDatanodeState.java:computeNextContainerState(199)) - Error in executing end point task.
java.util.concurrent.ExecutionException: java.util.concurrent.TimeoutException
	at java.util.concurrent.FutureTask.report(FutureTask.java:122)
	at java.util.concurrent.FutureTask.get(FutureTask.java:192)
	at org.apache.hadoop.ozone.container.common.states.datanode.RunningDatanodeState.computeNextContainerState(RunningDatanodeState.java:191)
	at org.apache.hadoop.ozone.container.common.states.datanode.RunningDatanodeState.await(RunningDatanodeState.java:231)
	at org.apache.hadoop.ozone.container.common.states.datanode.RunningDatanodeState.await(RunningDatanodeState.java:50)
	at org.apache.hadoop.ozone.container.common.statemachine.StateContext.execute(StateContext.java:629)
	at org.apache.hadoop.ozone.container.common.statemachine.DatanodeStateMachine.start(DatanodeStateMachine.java:244)
	at org.apache.hadoop.ozone.container.common.statemachine.DatanodeStateMachine.lambda$startDaemon$0(DatanodeStateMachine.java:429)
	at java.lang.Thread.run(Thread.java:748)
Caused by: java.util.concurrent.TimeoutException
	at java.util.concurrent.FutureTask.get(FutureTask.java:205)
	at org.apache.hadoop.ozone.container.common.states.datanode.RunningDatanodeState.lambda$execute$0(RunningDatanodeState.java:149)
	at java.util.concurrent.FutureTask.run(FutureTask.java:266)
	at java.util.concurrent.Executors$RunnableAdapter.call(Executors.java:511)
	at java.util.concurrent.FutureTask.run(FutureTask.java:266)
	at java.util.concurrent.ThreadPoolExecutor.runWorker(ThreadPoolExecutor.java:1149)
	at java.util.concurrent.ThreadPoolExecutor$Worker.run(ThreadPoolExecutor.java:624)
	... 1 more
2021-07-03 01:53:01,982 [Listener at 127.0.0.1/11044] INFO  ozone.MiniOzoneClusterImpl (MiniOzoneClusterImpl.java:lambda$waitForClusterToBeReady$0(227)) - Nodes are ready. Got 3 of 3 DN Heartbeats.
2021-07-03 01:53:01,982 [Listener at 127.0.0.1/11044] INFO  ozone.MiniOzoneClusterImpl (MiniOzoneClusterImpl.java:lambda$waitForClusterToBeReady$0(230)) - Waiting for cluster to exit safe mode
2021-07-03 01:53:01,982 [Listener at 127.0.0.1/11044] INFO  ozone.MiniOzoneClusterImpl (MiniOzoneClusterImpl.java:lambda$waitForClusterToBeReady$0(232)) - SCM became leader
2021-07-03 01:53:02,081 [Datanode State Machine Thread - 0] ERROR datanode.RunningDatanodeState (RunningDatanodeState.java:computeNextContainerState(199)) - Error in executing end point task.
java.util.concurrent.ExecutionException: java.util.concurrent.TimeoutException
	at java.util.concurrent.FutureTask.report(FutureTask.java:122)
	at java.util.concurrent.FutureTask.get(FutureTask.java:192)
	at org.apache.hadoop.ozone.container.common.states.datanode.RunningDatanodeState.computeNextContainerState(RunningDatanodeState.java:191)
	at org.apache.hadoop.ozone.container.common.states.datanode.RunningDatanodeState.await(RunningDatanodeState.java:231)
	at org.apache.hadoop.ozone.container.common.states.datanode.RunningDatanodeState.await(RunningDatanodeState.java:50)
	at org.apache.hadoop.ozone.container.common.statemachine.StateContext.execute(StateContext.java:629)
	at org.apache.hadoop.ozone.container.common.statemachine.DatanodeStateMachine.start(DatanodeStateMachine.java:244)
	at org.apache.hadoop.ozone.container.common.statemachine.DatanodeStateMachine.lambda$startDaemon$0(DatanodeStateMachine.java:429)
	at java.lang.Thread.run(Thread.java:748)
Caused by: java.util.concurrent.TimeoutException
	at java.util.concurrent.FutureTask.get(FutureTask.java:205)
	at org.apache.hadoop.ozone.container.common.states.datanode.RunningDatanodeState.lambda$execute$0(RunningDatanodeState.java:149)
	at java.util.concurrent.FutureTask.run(FutureTask.java:266)
	at java.util.concurrent.Executors$RunnableAdapter.call(Executors.java:511)
	at java.util.concurrent.FutureTask.run(FutureTask.java:266)
	at java.util.concurrent.ThreadPoolExecutor.runWorker(ThreadPoolExecutor.java:1149)
	at java.util.concurrent.ThreadPoolExecutor$Worker.run(ThreadPoolExecutor.java:624)
	... 1 more
2021-07-03 01:53:02,533 [EndpointStateMachine task thread for /127.0.0.1:13925 - 0 ] INFO  ipc.Client (Client.java:handleConnectionFailure(966)) - Retrying connect to server: localhost/127.0.0.1:13925. Already tried 8 time(s); retry policy is RetryUpToMaximumCountWithFixedSleep(maxRetries=15, sleepTime=1000 MILLISECONDS)
2021-07-03 01:53:02,533 [EndpointStateMachine task thread for /127.0.0.1:13945 - 0 ] INFO  ipc.Client (Client.java:handleConnectionFailure(966)) - Retrying connect to server: localhost/127.0.0.1:13945. Already tried 5 time(s); retry policy is RetryUpToMaximumCountWithFixedSleep(maxRetries=15, sleepTime=1000 MILLISECONDS)
2021-07-03 01:53:02,533 [EndpointStateMachine task thread for /127.0.0.1:13935 - 0 ] INFO  ipc.Client (Client.java:handleConnectionFailure(966)) - Retrying connect to server: localhost/127.0.0.1:13935. Already tried 6 time(s); retry policy is RetryUpToMaximumCountWithFixedSleep(maxRetries=15, sleepTime=1000 MILLISECONDS)
2021-07-03 01:53:02,820 [Datanode State Machine Thread - 0] ERROR datanode.RunningDatanodeState (RunningDatanodeState.java:computeNextContainerState(199)) - Error in executing end point task.
java.util.concurrent.ExecutionException: java.util.concurrent.TimeoutException
	at java.util.concurrent.FutureTask.report(FutureTask.java:122)
	at java.util.concurrent.FutureTask.get(FutureTask.java:192)
	at org.apache.hadoop.ozone.container.common.states.datanode.RunningDatanodeState.computeNextContainerState(RunningDatanodeState.java:191)
	at org.apache.hadoop.ozone.container.common.states.datanode.RunningDatanodeState.await(RunningDatanodeState.java:231)
	at org.apache.hadoop.ozone.container.common.states.datanode.RunningDatanodeState.await(RunningDatanodeState.java:50)
	at org.apache.hadoop.ozone.container.common.statemachine.StateContext.execute(StateContext.java:629)
	at org.apache.hadoop.ozone.container.common.statemachine.DatanodeStateMachine.start(DatanodeStateMachine.java:244)
	at org.apache.hadoop.ozone.container.common.statemachine.DatanodeStateMachine.lambda$startDaemon$0(DatanodeStateMachine.java:429)
	at java.lang.Thread.run(Thread.java:748)
Caused by: java.util.concurrent.TimeoutException
	at java.util.concurrent.FutureTask.get(FutureTask.java:205)
	at org.apache.hadoop.ozone.container.common.states.datanode.RunningDatanodeState.lambda$execute$0(RunningDatanodeState.java:149)
	at java.util.concurrent.FutureTask.run(FutureTask.java:266)
	at java.util.concurrent.Executors$RunnableAdapter.call(Executors.java:511)
	at java.util.concurrent.FutureTask.run(FutureTask.java:266)
	at java.util.concurrent.ThreadPoolExecutor.runWorker(ThreadPoolExecutor.java:1149)
	at java.util.concurrent.ThreadPoolExecutor$Worker.run(ThreadPoolExecutor.java:624)
	... 1 more
2021-07-03 01:53:02,982 [Listener at 127.0.0.1/11044] INFO  ozone.MiniOzoneClusterImpl (MiniOzoneClusterImpl.java:lambda$waitForClusterToBeReady$0(227)) - Nodes are ready. Got 3 of 3 DN Heartbeats.
2021-07-03 01:53:02,983 [Listener at 127.0.0.1/11044] INFO  ozone.MiniOzoneClusterImpl (MiniOzoneClusterImpl.java:lambda$waitForClusterToBeReady$0(230)) - Waiting for cluster to exit safe mode
2021-07-03 01:53:02,983 [Listener at 127.0.0.1/11044] INFO  ozone.MiniOzoneClusterImpl (MiniOzoneClusterImpl.java:lambda$waitForClusterToBeReady$0(232)) - SCM became leader
2021-07-03 01:53:03,515 [Datanode State Machine Thread - 0] ERROR datanode.RunningDatanodeState (RunningDatanodeState.java:computeNextContainerState(199)) - Error in executing end point task.
java.util.concurrent.ExecutionException: java.util.concurrent.TimeoutException
	at java.util.concurrent.FutureTask.report(FutureTask.java:122)
	at java.util.concurrent.FutureTask.get(FutureTask.java:192)
	at org.apache.hadoop.ozone.container.common.states.datanode.RunningDatanodeState.computeNextContainerState(RunningDatanodeState.java:191)
	at org.apache.hadoop.ozone.container.common.states.datanode.RunningDatanodeState.await(RunningDatanodeState.java:231)
	at org.apache.hadoop.ozone.container.common.states.datanode.RunningDatanodeState.await(RunningDatanodeState.java:50)
	at org.apache.hadoop.ozone.container.common.statemachine.StateContext.execute(StateContext.java:629)
	at org.apache.hadoop.ozone.container.common.statemachine.DatanodeStateMachine.start(DatanodeStateMachine.java:244)
	at org.apache.hadoop.ozone.container.common.statemachine.DatanodeStateMachine.lambda$startDaemon$0(DatanodeStateMachine.java:429)
	at java.lang.Thread.run(Thread.java:748)
Caused by: java.util.concurrent.TimeoutException
	at java.util.concurrent.FutureTask.get(FutureTask.java:205)
	at org.apache.hadoop.ozone.container.common.states.datanode.RunningDatanodeState.lambda$execute$0(RunningDatanodeState.java:149)
	at java.util.concurrent.FutureTask.run(FutureTask.java:266)
	at java.util.concurrent.Executors$RunnableAdapter.call(Executors.java:511)
	at java.util.concurrent.FutureTask.run(FutureTask.java:266)
	at java.util.concurrent.ThreadPoolExecutor.runWorker(ThreadPoolExecutor.java:1149)
	at java.util.concurrent.ThreadPoolExecutor$Worker.run(ThreadPoolExecutor.java:624)
	... 1 more
2021-07-03 01:53:03,533 [EndpointStateMachine task thread for /127.0.0.1:13925 - 0 ] INFO  ipc.Client (Client.java:handleConnectionFailure(966)) - Retrying connect to server: localhost/127.0.0.1:13925. Already tried 9 time(s); retry policy is RetryUpToMaximumCountWithFixedSleep(maxRetries=15, sleepTime=1000 MILLISECONDS)
2021-07-03 01:53:03,534 [EndpointStateMachine task thread for /127.0.0.1:13945 - 0 ] INFO  ipc.Client (Client.java:handleConnectionFailure(966)) - Retrying connect to server: localhost/127.0.0.1:13945. Already tried 6 time(s); retry policy is RetryUpToMaximumCountWithFixedSleep(maxRetries=15, sleepTime=1000 MILLISECONDS)
2021-07-03 01:53:03,534 [EndpointStateMachine task thread for /127.0.0.1:13935 - 0 ] INFO  ipc.Client (Client.java:handleConnectionFailure(966)) - Retrying connect to server: localhost/127.0.0.1:13935. Already tried 7 time(s); retry policy is RetryUpToMaximumCountWithFixedSleep(maxRetries=15, sleepTime=1000 MILLISECONDS)
2021-07-03 01:53:03,983 [Listener at 127.0.0.1/11044] INFO  ozone.MiniOzoneClusterImpl (MiniOzoneClusterImpl.java:lambda$waitForClusterToBeReady$0(227)) - Nodes are ready. Got 3 of 3 DN Heartbeats.
2021-07-03 01:53:03,983 [Listener at 127.0.0.1/11044] INFO  ozone.MiniOzoneClusterImpl (MiniOzoneClusterImpl.java:lambda$waitForClusterToBeReady$0(230)) - Waiting for cluster to exit safe mode
2021-07-03 01:53:03,983 [Listener at 127.0.0.1/11044] INFO  ozone.MiniOzoneClusterImpl (MiniOzoneClusterImpl.java:lambda$waitForClusterToBeReady$0(232)) - SCM became leader
2021-07-03 01:53:04,083 [Datanode State Machine Thread - 0] ERROR datanode.RunningDatanodeState (RunningDatanodeState.java:computeNextContainerState(199)) - Error in executing end point task.
java.util.concurrent.ExecutionException: java.util.concurrent.TimeoutException
	at java.util.concurrent.FutureTask.report(FutureTask.java:122)
	at java.util.concurrent.FutureTask.get(FutureTask.java:192)
	at org.apache.hadoop.ozone.container.common.states.datanode.RunningDatanodeState.computeNextContainerState(RunningDatanodeState.java:191)
	at org.apache.hadoop.ozone.container.common.states.datanode.RunningDatanodeState.await(RunningDatanodeState.java:231)
	at org.apache.hadoop.ozone.container.common.states.datanode.RunningDatanodeState.await(RunningDatanodeState.java:50)
	at org.apache.hadoop.ozone.container.common.statemachine.StateContext.execute(StateContext.java:629)
	at org.apache.hadoop.ozone.container.common.statemachine.DatanodeStateMachine.start(DatanodeStateMachine.java:244)
	at org.apache.hadoop.ozone.container.common.statemachine.DatanodeStateMachine.lambda$startDaemon$0(DatanodeStateMachine.java:429)
	at java.lang.Thread.run(Thread.java:748)
Caused by: java.util.concurrent.TimeoutException
	at java.util.concurrent.FutureTask.get(FutureTask.java:205)
	at org.apache.hadoop.ozone.container.common.states.datanode.RunningDatanodeState.lambda$execute$0(RunningDatanodeState.java:149)
	at java.util.concurrent.FutureTask.run(FutureTask.java:266)
	at java.util.concurrent.Executors$RunnableAdapter.call(Executors.java:511)
	at java.util.concurrent.FutureTask.run(FutureTask.java:266)
	at java.util.concurrent.ThreadPoolExecutor.runWorker(ThreadPoolExecutor.java:1149)
	at java.util.concurrent.ThreadPoolExecutor$Worker.run(ThreadPoolExecutor.java:624)
	... 1 more
2021-07-03 01:53:04,534 [EndpointStateMachine task thread for /127.0.0.1:13925 - 0 ] INFO  ipc.Client (Client.java:handleConnectionFailure(966)) - Retrying connect to server: localhost/127.0.0.1:13925. Already tried 10 time(s); retry policy is RetryUpToMaximumCountWithFixedSleep(maxRetries=15, sleepTime=1000 MILLISECONDS)
2021-07-03 01:53:04,535 [EndpointStateMachine task thread for /127.0.0.1:13935 - 0 ] INFO  ipc.Client (Client.java:handleConnectionFailure(966)) - Retrying connect to server: localhost/127.0.0.1:13935. Already tried 8 time(s); retry policy is RetryUpToMaximumCountWithFixedSleep(maxRetries=15, sleepTime=1000 MILLISECONDS)
2021-07-03 01:53:04,535 [EndpointStateMachine task thread for /127.0.0.1:13945 - 0 ] INFO  ipc.Client (Client.java:handleConnectionFailure(966)) - Retrying connect to server: localhost/127.0.0.1:13945. Already tried 7 time(s); retry policy is RetryUpToMaximumCountWithFixedSleep(maxRetries=15, sleepTime=1000 MILLISECONDS)
2021-07-03 01:53:04,984 [Listener at 127.0.0.1/11044] INFO  ozone.MiniOzoneClusterImpl (MiniOzoneClusterImpl.java:lambda$waitForClusterToBeReady$0(227)) - Nodes are ready. Got 3 of 3 DN Heartbeats.
2021-07-03 01:53:04,985 [Listener at 127.0.0.1/11044] INFO  ozone.MiniOzoneClusterImpl (MiniOzoneClusterImpl.java:lambda$waitForClusterToBeReady$0(230)) - Waiting for cluster to exit safe mode
2021-07-03 01:53:04,985 [Listener at 127.0.0.1/11044] INFO  ozone.MiniOzoneClusterImpl (MiniOzoneClusterImpl.java:lambda$waitForClusterToBeReady$0(232)) - SCM became leader
2021-07-03 01:53:05,518 [Datanode State Machine Thread - 0] ERROR datanode.RunningDatanodeState (RunningDatanodeState.java:computeNextContainerState(199)) - Error in executing end point task.
java.util.concurrent.ExecutionException: java.util.concurrent.TimeoutException
	at java.util.concurrent.FutureTask.report(FutureTask.java:122)
	at java.util.concurrent.FutureTask.get(FutureTask.java:192)
	at org.apache.hadoop.ozone.container.common.states.datanode.RunningDatanodeState.computeNextContainerState(RunningDatanodeState.java:191)
	at org.apache.hadoop.ozone.container.common.states.datanode.RunningDatanodeState.await(RunningDatanodeState.java:231)
	at org.apache.hadoop.ozone.container.common.states.datanode.RunningDatanodeState.await(RunningDatanodeState.java:50)
	at org.apache.hadoop.ozone.container.common.statemachine.StateContext.execute(StateContext.java:629)
	at org.apache.hadoop.ozone.container.common.statemachine.DatanodeStateMachine.start(DatanodeStateMachine.java:244)
	at org.apache.hadoop.ozone.container.common.statemachine.DatanodeStateMachine.lambda$startDaemon$0(DatanodeStateMachine.java:429)
	at java.lang.Thread.run(Thread.java:748)
Caused by: java.util.concurrent.TimeoutException
	at java.util.concurrent.FutureTask.get(FutureTask.java:205)
	at org.apache.hadoop.ozone.container.common.states.datanode.RunningDatanodeState.lambda$execute$0(RunningDatanodeState.java:149)
	at java.util.concurrent.FutureTask.run(FutureTask.java:266)
	at java.util.concurrent.Executors$RunnableAdapter.call(Executors.java:511)
	at java.util.concurrent.FutureTask.run(FutureTask.java:266)
	at java.util.concurrent.ThreadPoolExecutor.runWorker(ThreadPoolExecutor.java:1149)
	at java.util.concurrent.ThreadPoolExecutor$Worker.run(ThreadPoolExecutor.java:624)
	... 1 more
2021-07-03 01:53:05,535 [EndpointStateMachine task thread for /127.0.0.1:13925 - 0 ] INFO  ipc.Client (Client.java:handleConnectionFailure(966)) - Retrying connect to server: localhost/127.0.0.1:13925. Already tried 11 time(s); retry policy is RetryUpToMaximumCountWithFixedSleep(maxRetries=15, sleepTime=1000 MILLISECONDS)
2021-07-03 01:53:05,535 [EndpointStateMachine task thread for /127.0.0.1:13935 - 0 ] INFO  ipc.Client (Client.java:handleConnectionFailure(966)) - Retrying connect to server: localhost/127.0.0.1:13935. Already tried 9 time(s); retry policy is RetryUpToMaximumCountWithFixedSleep(maxRetries=15, sleepTime=1000 MILLISECONDS)
2021-07-03 01:53:05,535 [EndpointStateMachine task thread for /127.0.0.1:13945 - 0 ] INFO  ipc.Client (Client.java:handleConnectionFailure(966)) - Retrying connect to server: localhost/127.0.0.1:13945. Already tried 8 time(s); retry policy is RetryUpToMaximumCountWithFixedSleep(maxRetries=15, sleepTime=1000 MILLISECONDS)
2021-07-03 01:53:05,916 [48a93f24-2ce5-44e8-b9e2-5628d9c2ac97@group-35DAF16C14CE-FollowerState] INFO  impl.FollowerState (FollowerState.java:run(134)) - 48a93f24-2ce5-44e8-b9e2-5628d9c2ac97@group-35DAF16C14CE-FollowerState: change to CANDIDATE, lastRpcElapsedTime:5009965764ns, electionTimeout:5009ms
2021-07-03 01:53:05,916 [48a93f24-2ce5-44e8-b9e2-5628d9c2ac97@group-35DAF16C14CE-FollowerState] INFO  impl.RoleInfo (RoleInfo.java:shutdownFollowerState(108)) - 48a93f24-2ce5-44e8-b9e2-5628d9c2ac97: shutdown 48a93f24-2ce5-44e8-b9e2-5628d9c2ac97@group-35DAF16C14CE-FollowerState
2021-07-03 01:53:05,916 [48a93f24-2ce5-44e8-b9e2-5628d9c2ac97@group-35DAF16C14CE-FollowerState] INFO  server.RaftServer$Division (RaftServerImpl.java:setRole(284)) - 48a93f24-2ce5-44e8-b9e2-5628d9c2ac97@group-35DAF16C14CE: changes role from  FOLLOWER to CANDIDATE at term 1 for changeToCandidate
2021-07-03 01:53:05,916 [48a93f24-2ce5-44e8-b9e2-5628d9c2ac97@group-35DAF16C14CE-FollowerState] INFO  server.RaftServerConfigKeys (ConfUtils.java:logGet(44)) - raft.server.leaderelection.pre-vote = false (custom)
2021-07-03 01:53:05,917 [48a93f24-2ce5-44e8-b9e2-5628d9c2ac97@group-35DAF16C14CE-FollowerState] INFO  impl.RoleInfo (RoleInfo.java:updateAndGet(130)) - 48a93f24-2ce5-44e8-b9e2-5628d9c2ac97: start 48a93f24-2ce5-44e8-b9e2-5628d9c2ac97@group-35DAF16C14CE-LeaderElection24
2021-07-03 01:53:05,919 [48a93f24-2ce5-44e8-b9e2-5628d9c2ac97@group-35DAF16C14CE-LeaderElection24] INFO  impl.LeaderElection (LeaderElection.java:askForVotes(306)) - 48a93f24-2ce5-44e8-b9e2-5628d9c2ac97@group-35DAF16C14CE-LeaderElection24 ELECTION round 0: submit vote requests at term 2 for -1: [ca9dc723-67a1-4a65-9480-66850f9b9d20|rpc:127.0.0.1:37533|priority:1, 48a93f24-2ce5-44e8-b9e2-5628d9c2ac97|rpc:127.0.0.1:36777|priority:0, 8fa4ef72-0e52-420c-b0d5-60420e93c6a9|rpc:127.0.0.1:35781|priority:0], old=null
2021-07-03 01:53:05,922 [grpc-default-executor-1] INFO  server.RaftServer$Division (RaftServerImpl.java:requestVote(1042)) - ca9dc723-67a1-4a65-9480-66850f9b9d20@group-35DAF16C14CE: receive requestVote(ELECTION, 48a93f24-2ce5-44e8-b9e2-5628d9c2ac97, group-35DAF16C14CE, 2, (t:0, i:0))
2021-07-03 01:53:05,922 [grpc-default-executor-1] INFO  impl.VoteContext (VoteContext.java:log(48)) - ca9dc723-67a1-4a65-9480-66850f9b9d20@group-35DAF16C14CE-FOLLOWER: reject ELECTION from 48a93f24-2ce5-44e8-b9e2-5628d9c2ac97: our priority 1 > candidate's priority 0
2021-07-03 01:53:05,922 [grpc-default-executor-1] INFO  server.RaftServer$Division (RaftServerImpl.java:setRole(284)) - ca9dc723-67a1-4a65-9480-66850f9b9d20@group-35DAF16C14CE: changes role from  FOLLOWER to FOLLOWER at term 2 for candidate:48a93f24-2ce5-44e8-b9e2-5628d9c2ac97
2021-07-03 01:53:05,922 [grpc-default-executor-1] INFO  impl.RoleInfo (RoleInfo.java:shutdownFollowerState(108)) - ca9dc723-67a1-4a65-9480-66850f9b9d20: shutdown ca9dc723-67a1-4a65-9480-66850f9b9d20@group-35DAF16C14CE-FollowerState
2021-07-03 01:53:05,922 [grpc-default-executor-1] INFO  impl.RoleInfo (RoleInfo.java:updateAndGet(130)) - ca9dc723-67a1-4a65-9480-66850f9b9d20: start ca9dc723-67a1-4a65-9480-66850f9b9d20@group-35DAF16C14CE-FollowerState
2021-07-03 01:53:05,923 [ca9dc723-67a1-4a65-9480-66850f9b9d20@group-35DAF16C14CE-FollowerState] INFO  impl.FollowerState (FollowerState.java:run(143)) - ca9dc723-67a1-4a65-9480-66850f9b9d20@group-35DAF16C14CE-FollowerState was interrupted: {}
java.lang.InterruptedException: sleep interrupted
	at java.lang.Thread.sleep(Native Method)
	at java.lang.Thread.sleep(Thread.java:340)
	at java.util.concurrent.TimeUnit.sleep(TimeUnit.java:386)
	at org.apache.ratis.util.TimeDuration.sleep(TimeDuration.java:324)
	at org.apache.ratis.util.TimeDuration.sleep(TimeDuration.java:309)
	at org.apache.ratis.server.impl.FollowerState.run(FollowerState.java:118)
2021-07-03 01:53:05,924 [grpc-default-executor-1] INFO  server.RaftServer$Division (RaftServerImpl.java:requestVote(1074)) - ca9dc723-67a1-4a65-9480-66850f9b9d20@group-35DAF16C14CE replies to ELECTION vote request: 48a93f24-2ce5-44e8-b9e2-5628d9c2ac97<-ca9dc723-67a1-4a65-9480-66850f9b9d20#0:FAIL-t2. Peer's state: ca9dc723-67a1-4a65-9480-66850f9b9d20@group-35DAF16C14CE:t2, leader=null, voted=null, raftlog=ca9dc723-67a1-4a65-9480-66850f9b9d20@group-35DAF16C14CE-SegmentedRaftLog:OPENED:c-1,f-1,i0, conf=-1: [ca9dc723-67a1-4a65-9480-66850f9b9d20|rpc:127.0.0.1:37533|dataStream:|priority:1, 48a93f24-2ce5-44e8-b9e2-5628d9c2ac97|rpc:127.0.0.1:36777|dataStream:|priority:0, 8fa4ef72-0e52-420c-b0d5-60420e93c6a9|rpc:127.0.0.1:35781|dataStream:|priority:0], old=null
2021-07-03 01:53:05,927 [grpc-default-executor-3] INFO  server.RaftServer$Division (RaftServerImpl.java:requestVote(1042)) - 8fa4ef72-0e52-420c-b0d5-60420e93c6a9@group-35DAF16C14CE: receive requestVote(ELECTION, 48a93f24-2ce5-44e8-b9e2-5628d9c2ac97, group-35DAF16C14CE, 2, (t:0, i:0))
2021-07-03 01:53:05,927 [grpc-default-executor-3] INFO  impl.VoteContext (VoteContext.java:log(48)) - 8fa4ef72-0e52-420c-b0d5-60420e93c6a9@group-35DAF16C14CE-FOLLOWER: accept ELECTION from 48a93f24-2ce5-44e8-b9e2-5628d9c2ac97: our priority 0 <= candidate's priority 0
2021-07-03 01:53:05,927 [grpc-default-executor-3] INFO  server.RaftServer$Division (RaftServerImpl.java:setRole(284)) - 8fa4ef72-0e52-420c-b0d5-60420e93c6a9@group-35DAF16C14CE: changes role from  FOLLOWER to FOLLOWER at term 2 for candidate:48a93f24-2ce5-44e8-b9e2-5628d9c2ac97
2021-07-03 01:53:05,927 [grpc-default-executor-3] INFO  impl.RoleInfo (RoleInfo.java:shutdownFollowerState(108)) - 8fa4ef72-0e52-420c-b0d5-60420e93c6a9: shutdown 8fa4ef72-0e52-420c-b0d5-60420e93c6a9@group-35DAF16C14CE-FollowerState
2021-07-03 01:53:05,927 [grpc-default-executor-3] INFO  impl.RoleInfo (RoleInfo.java:updateAndGet(130)) - 8fa4ef72-0e52-420c-b0d5-60420e93c6a9: start 8fa4ef72-0e52-420c-b0d5-60420e93c6a9@group-35DAF16C14CE-FollowerState
2021-07-03 01:53:05,927 [8fa4ef72-0e52-420c-b0d5-60420e93c6a9@group-35DAF16C14CE-FollowerState] INFO  impl.FollowerState (FollowerState.java:run(143)) - 8fa4ef72-0e52-420c-b0d5-60420e93c6a9@group-35DAF16C14CE-FollowerState was interrupted: {}
java.lang.InterruptedException: sleep interrupted
	at java.lang.Thread.sleep(Native Method)
	at java.lang.Thread.sleep(Thread.java:340)
	at java.util.concurrent.TimeUnit.sleep(TimeUnit.java:386)
	at org.apache.ratis.util.TimeDuration.sleep(TimeDuration.java:324)
	at org.apache.ratis.util.TimeDuration.sleep(TimeDuration.java:309)
	at org.apache.ratis.server.impl.FollowerState.run(FollowerState.java:118)
2021-07-03 01:53:05,935 [grpc-default-executor-3] INFO  server.RaftServer$Division (RaftServerImpl.java:requestVote(1074)) - 8fa4ef72-0e52-420c-b0d5-60420e93c6a9@group-35DAF16C14CE replies to ELECTION vote request: 48a93f24-2ce5-44e8-b9e2-5628d9c2ac97<-8fa4ef72-0e52-420c-b0d5-60420e93c6a9#0:OK-t2. Peer's state: 8fa4ef72-0e52-420c-b0d5-60420e93c6a9@group-35DAF16C14CE:t2, leader=null, voted=48a93f24-2ce5-44e8-b9e2-5628d9c2ac97, raftlog=8fa4ef72-0e52-420c-b0d5-60420e93c6a9@group-35DAF16C14CE-SegmentedRaftLog:OPENED:c-1,f-1,i0, conf=-1: [ca9dc723-67a1-4a65-9480-66850f9b9d20|rpc:127.0.0.1:37533|dataStream:|priority:1, 48a93f24-2ce5-44e8-b9e2-5628d9c2ac97|rpc:127.0.0.1:36777|dataStream:|priority:0, 8fa4ef72-0e52-420c-b0d5-60420e93c6a9|rpc:127.0.0.1:35781|dataStream:|priority:0], old=null
2021-07-03 01:53:05,938 [48a93f24-2ce5-44e8-b9e2-5628d9c2ac97@group-35DAF16C14CE-LeaderElection24] INFO  impl.LeaderElection (LeaderElection.java:logAndReturn(89)) - 48a93f24-2ce5-44e8-b9e2-5628d9c2ac97@group-35DAF16C14CE-LeaderElection24: ELECTION REJECTED received 2 response(s) and 0 exception(s):
2021-07-03 01:53:05,938 [48a93f24-2ce5-44e8-b9e2-5628d9c2ac97@group-35DAF16C14CE-LeaderElection24] INFO  impl.LeaderElection (LeaderElection.java:logAndReturn(93)) -   Response 0: 48a93f24-2ce5-44e8-b9e2-5628d9c2ac97<-ca9dc723-67a1-4a65-9480-66850f9b9d20#0:FAIL-t2
2021-07-03 01:53:05,938 [48a93f24-2ce5-44e8-b9e2-5628d9c2ac97@group-35DAF16C14CE-LeaderElection24] INFO  impl.LeaderElection (LeaderElection.java:logAndReturn(93)) -   Response 1: 48a93f24-2ce5-44e8-b9e2-5628d9c2ac97<-8fa4ef72-0e52-420c-b0d5-60420e93c6a9#0:OK-t2
2021-07-03 01:53:05,938 [48a93f24-2ce5-44e8-b9e2-5628d9c2ac97@group-35DAF16C14CE-LeaderElection24] INFO  impl.LeaderElection (LeaderElection.java:askForVotes(308)) - 48a93f24-2ce5-44e8-b9e2-5628d9c2ac97@group-35DAF16C14CE-LeaderElection24 ELECTION round 0: result REJECTED
2021-07-03 01:53:05,939 [48a93f24-2ce5-44e8-b9e2-5628d9c2ac97@group-35DAF16C14CE-LeaderElection24] INFO  server.RaftServer$Division (RaftServerImpl.java:setRole(284)) - 48a93f24-2ce5-44e8-b9e2-5628d9c2ac97@group-35DAF16C14CE: changes role from CANDIDATE to FOLLOWER at term 2 for REJECTED
2021-07-03 01:53:05,939 [48a93f24-2ce5-44e8-b9e2-5628d9c2ac97@group-35DAF16C14CE-LeaderElection24] INFO  impl.RoleInfo (RoleInfo.java:shutdownLeaderElection(121)) - 48a93f24-2ce5-44e8-b9e2-5628d9c2ac97: shutdown 48a93f24-2ce5-44e8-b9e2-5628d9c2ac97@group-35DAF16C14CE-LeaderElection24
2021-07-03 01:53:05,939 [48a93f24-2ce5-44e8-b9e2-5628d9c2ac97@group-35DAF16C14CE-LeaderElection24] INFO  impl.RoleInfo (RoleInfo.java:updateAndGet(130)) - 48a93f24-2ce5-44e8-b9e2-5628d9c2ac97: start 48a93f24-2ce5-44e8-b9e2-5628d9c2ac97@group-35DAF16C14CE-FollowerState
2021-07-03 01:53:05,985 [Listener at 127.0.0.1/11044] INFO  ozone.MiniOzoneClusterImpl (MiniOzoneClusterImpl.java:lambda$waitForClusterToBeReady$0(227)) - Nodes are ready. Got 3 of 3 DN Heartbeats.
2021-07-03 01:53:05,985 [Listener at 127.0.0.1/11044] INFO  ozone.MiniOzoneClusterImpl (MiniOzoneClusterImpl.java:lambda$waitForClusterToBeReady$0(230)) - Waiting for cluster to exit safe mode
2021-07-03 01:53:05,985 [Listener at 127.0.0.1/11044] INFO  ozone.MiniOzoneClusterImpl (MiniOzoneClusterImpl.java:lambda$waitForClusterToBeReady$0(232)) - SCM became leader
2021-07-03 01:53:06,062 [ca9dc723-67a1-4a65-9480-66850f9b9d20@group-0ABB88D0A2E0-FollowerState] INFO  impl.FollowerState (FollowerState.java:run(134)) - ca9dc723-67a1-4a65-9480-66850f9b9d20@group-0ABB88D0A2E0-FollowerState: change to CANDIDATE, lastRpcElapsedTime:5070529228ns, electionTimeout:5066ms
2021-07-03 01:53:06,062 [ca9dc723-67a1-4a65-9480-66850f9b9d20@group-0ABB88D0A2E0-FollowerState] INFO  impl.RoleInfo (RoleInfo.java:shutdownFollowerState(108)) - ca9dc723-67a1-4a65-9480-66850f9b9d20: shutdown ca9dc723-67a1-4a65-9480-66850f9b9d20@group-0ABB88D0A2E0-FollowerState
2021-07-03 01:53:06,062 [ca9dc723-67a1-4a65-9480-66850f9b9d20@group-0ABB88D0A2E0-FollowerState] INFO  server.RaftServer$Division (RaftServerImpl.java:setRole(284)) - ca9dc723-67a1-4a65-9480-66850f9b9d20@group-0ABB88D0A2E0: changes role from  FOLLOWER to CANDIDATE at term 1 for changeToCandidate
2021-07-03 01:53:06,062 [ca9dc723-67a1-4a65-9480-66850f9b9d20@group-0ABB88D0A2E0-FollowerState] INFO  server.RaftServerConfigKeys (ConfUtils.java:logGet(44)) - raft.server.leaderelection.pre-vote = false (custom)
2021-07-03 01:53:06,062 [ca9dc723-67a1-4a65-9480-66850f9b9d20@group-0ABB88D0A2E0-FollowerState] INFO  impl.RoleInfo (RoleInfo.java:updateAndGet(130)) - ca9dc723-67a1-4a65-9480-66850f9b9d20: start ca9dc723-67a1-4a65-9480-66850f9b9d20@group-0ABB88D0A2E0-LeaderElection25
2021-07-03 01:53:06,065 [ca9dc723-67a1-4a65-9480-66850f9b9d20@group-0ABB88D0A2E0-LeaderElection25] INFO  impl.LeaderElection (LeaderElection.java:askForVotes(306)) - ca9dc723-67a1-4a65-9480-66850f9b9d20@group-0ABB88D0A2E0-LeaderElection25 ELECTION round 0: submit vote requests at term 2 for -1: [ca9dc723-67a1-4a65-9480-66850f9b9d20|rpc:127.0.0.1:37533|priority:0, 48a93f24-2ce5-44e8-b9e2-5628d9c2ac97|rpc:127.0.0.1:36777|priority:0, 8fa4ef72-0e52-420c-b0d5-60420e93c6a9|rpc:127.0.0.1:35781|priority:1], old=null
2021-07-03 01:53:06,072 [48a93f24-2ce5-44e8-b9e2-5628d9c2ac97@group-0ABB88D0A2E0-FollowerState] INFO  impl.FollowerState (FollowerState.java:run(134)) - 48a93f24-2ce5-44e8-b9e2-5628d9c2ac97@group-0ABB88D0A2E0-FollowerState: change to CANDIDATE, lastRpcElapsedTime:5070113125ns, electionTimeout:5063ms
2021-07-03 01:53:06,072 [48a93f24-2ce5-44e8-b9e2-5628d9c2ac97@group-0ABB88D0A2E0-FollowerState] INFO  impl.RoleInfo (RoleInfo.java:shutdownFollowerState(108)) - 48a93f24-2ce5-44e8-b9e2-5628d9c2ac97: shutdown 48a93f24-2ce5-44e8-b9e2-5628d9c2ac97@group-0ABB88D0A2E0-FollowerState
2021-07-03 01:53:06,072 [48a93f24-2ce5-44e8-b9e2-5628d9c2ac97@group-0ABB88D0A2E0-FollowerState] INFO  server.RaftServer$Division (RaftServerImpl.java:setRole(284)) - 48a93f24-2ce5-44e8-b9e2-5628d9c2ac97@group-0ABB88D0A2E0: changes role from  FOLLOWER to CANDIDATE at term 1 for changeToCandidate
2021-07-03 01:53:06,072 [48a93f24-2ce5-44e8-b9e2-5628d9c2ac97@group-0ABB88D0A2E0-FollowerState] INFO  server.RaftServerConfigKeys (ConfUtils.java:logGet(44)) - raft.server.leaderelection.pre-vote = false (custom)
2021-07-03 01:53:06,072 [48a93f24-2ce5-44e8-b9e2-5628d9c2ac97@group-0ABB88D0A2E0-FollowerState] INFO  impl.RoleInfo (RoleInfo.java:updateAndGet(130)) - 48a93f24-2ce5-44e8-b9e2-5628d9c2ac97: start 48a93f24-2ce5-44e8-b9e2-5628d9c2ac97@group-0ABB88D0A2E0-LeaderElection26
2021-07-03 01:53:06,078 [48a93f24-2ce5-44e8-b9e2-5628d9c2ac97@group-0ABB88D0A2E0-LeaderElection26] INFO  impl.LeaderElection (LeaderElection.java:askForVotes(306)) - 48a93f24-2ce5-44e8-b9e2-5628d9c2ac97@group-0ABB88D0A2E0-LeaderElection26 ELECTION round 0: submit vote requests at term 2 for -1: [ca9dc723-67a1-4a65-9480-66850f9b9d20|rpc:127.0.0.1:37533|priority:0, 48a93f24-2ce5-44e8-b9e2-5628d9c2ac97|rpc:127.0.0.1:36777|priority:0, 8fa4ef72-0e52-420c-b0d5-60420e93c6a9|rpc:127.0.0.1:35781|priority:1], old=null
2021-07-03 01:53:06,088 [grpc-default-executor-3] INFO  server.RaftServer$Division (RaftServerImpl.java:requestVote(1042)) - 48a93f24-2ce5-44e8-b9e2-5628d9c2ac97@group-0ABB88D0A2E0: receive requestVote(ELECTION, ca9dc723-67a1-4a65-9480-66850f9b9d20, group-0ABB88D0A2E0, 2, (t:0, i:0))
2021-07-03 01:53:06,088 [grpc-default-executor-3] INFO  impl.VoteContext (VoteContext.java:log(48)) - 48a93f24-2ce5-44e8-b9e2-5628d9c2ac97@group-0ABB88D0A2E0-CANDIDATE: reject ELECTION from ca9dc723-67a1-4a65-9480-66850f9b9d20: already has voted for 48a93f24-2ce5-44e8-b9e2-5628d9c2ac97 at current term 2
2021-07-03 01:53:06,088 [grpc-default-executor-1] INFO  server.RaftServer$Division (RaftServerImpl.java:requestVote(1042)) - 8fa4ef72-0e52-420c-b0d5-60420e93c6a9@group-0ABB88D0A2E0: receive requestVote(ELECTION, ca9dc723-67a1-4a65-9480-66850f9b9d20, group-0ABB88D0A2E0, 2, (t:0, i:0))
2021-07-03 01:53:06,088 [grpc-default-executor-3] INFO  server.RaftServer$Division (RaftServerImpl.java:requestVote(1074)) - 48a93f24-2ce5-44e8-b9e2-5628d9c2ac97@group-0ABB88D0A2E0 replies to ELECTION vote request: ca9dc723-67a1-4a65-9480-66850f9b9d20<-48a93f24-2ce5-44e8-b9e2-5628d9c2ac97#0:FAIL-t2. Peer's state: 48a93f24-2ce5-44e8-b9e2-5628d9c2ac97@group-0ABB88D0A2E0:t2, leader=null, voted=48a93f24-2ce5-44e8-b9e2-5628d9c2ac97, raftlog=48a93f24-2ce5-44e8-b9e2-5628d9c2ac97@group-0ABB88D0A2E0-SegmentedRaftLog:OPENED:c-1,f-1,i0, conf=-1: [ca9dc723-67a1-4a65-9480-66850f9b9d20|rpc:127.0.0.1:37533|priority:0, 48a93f24-2ce5-44e8-b9e2-5628d9c2ac97|rpc:127.0.0.1:36777|priority:0, 8fa4ef72-0e52-420c-b0d5-60420e93c6a9|rpc:127.0.0.1:35781|priority:1], old=null
2021-07-03 01:53:06,088 [grpc-default-executor-0] INFO  server.RaftServer$Division (RaftServerImpl.java:requestVote(1042)) - ca9dc723-67a1-4a65-9480-66850f9b9d20@group-0ABB88D0A2E0: receive requestVote(ELECTION, 48a93f24-2ce5-44e8-b9e2-5628d9c2ac97, group-0ABB88D0A2E0, 2, (t:0, i:0))
2021-07-03 01:53:06,089 [grpc-default-executor-0] INFO  impl.VoteContext (VoteContext.java:log(48)) - ca9dc723-67a1-4a65-9480-66850f9b9d20@group-0ABB88D0A2E0-CANDIDATE: reject ELECTION from 48a93f24-2ce5-44e8-b9e2-5628d9c2ac97: already has voted for ca9dc723-67a1-4a65-9480-66850f9b9d20 at current term 2
2021-07-03 01:53:06,089 [grpc-default-executor-0] INFO  server.RaftServer$Division (RaftServerImpl.java:requestVote(1074)) - ca9dc723-67a1-4a65-9480-66850f9b9d20@group-0ABB88D0A2E0 replies to ELECTION vote request: 48a93f24-2ce5-44e8-b9e2-5628d9c2ac97<-ca9dc723-67a1-4a65-9480-66850f9b9d20#0:FAIL-t2. Peer's state: ca9dc723-67a1-4a65-9480-66850f9b9d20@group-0ABB88D0A2E0:t2, leader=null, voted=ca9dc723-67a1-4a65-9480-66850f9b9d20, raftlog=ca9dc723-67a1-4a65-9480-66850f9b9d20@group-0ABB88D0A2E0-SegmentedRaftLog:OPENED:c-1,f-1,i0, conf=-1: [ca9dc723-67a1-4a65-9480-66850f9b9d20|rpc:127.0.0.1:37533|priority:0, 48a93f24-2ce5-44e8-b9e2-5628d9c2ac97|rpc:127.0.0.1:36777|priority:0, 8fa4ef72-0e52-420c-b0d5-60420e93c6a9|rpc:127.0.0.1:35781|priority:1], old=null
2021-07-03 01:53:06,090 [grpc-default-executor-1] INFO  impl.VoteContext (VoteContext.java:log(48)) - 8fa4ef72-0e52-420c-b0d5-60420e93c6a9@group-0ABB88D0A2E0-FOLLOWER: reject ELECTION from ca9dc723-67a1-4a65-9480-66850f9b9d20: our priority 1 > candidate's priority 0
2021-07-03 01:53:06,090 [grpc-default-executor-1] INFO  server.RaftServer$Division (RaftServerImpl.java:setRole(284)) - 8fa4ef72-0e52-420c-b0d5-60420e93c6a9@group-0ABB88D0A2E0: changes role from  FOLLOWER to FOLLOWER at term 2 for candidate:ca9dc723-67a1-4a65-9480-66850f9b9d20
2021-07-03 01:53:06,090 [grpc-default-executor-1] INFO  impl.RoleInfo (RoleInfo.java:shutdownFollowerState(108)) - 8fa4ef72-0e52-420c-b0d5-60420e93c6a9: shutdown 8fa4ef72-0e52-420c-b0d5-60420e93c6a9@group-0ABB88D0A2E0-FollowerState
2021-07-03 01:53:06,091 [grpc-default-executor-1] INFO  impl.RoleInfo (RoleInfo.java:updateAndGet(130)) - 8fa4ef72-0e52-420c-b0d5-60420e93c6a9: start 8fa4ef72-0e52-420c-b0d5-60420e93c6a9@group-0ABB88D0A2E0-FollowerState
2021-07-03 01:53:06,091 [8fa4ef72-0e52-420c-b0d5-60420e93c6a9@group-0ABB88D0A2E0-FollowerState] INFO  impl.FollowerState (FollowerState.java:run(143)) - 8fa4ef72-0e52-420c-b0d5-60420e93c6a9@group-0ABB88D0A2E0-FollowerState was interrupted: {}
java.lang.InterruptedException: sleep interrupted
	at java.lang.Thread.sleep(Native Method)
	at java.lang.Thread.sleep(Thread.java:340)
	at java.util.concurrent.TimeUnit.sleep(TimeUnit.java:386)
	at org.apache.ratis.util.TimeDuration.sleep(TimeDuration.java:324)
	at org.apache.ratis.util.TimeDuration.sleep(TimeDuration.java:309)
	at org.apache.ratis.server.impl.FollowerState.run(FollowerState.java:118)
2021-07-03 01:53:06,100 [grpc-default-executor-1] INFO  server.RaftServer$Division (RaftServerImpl.java:requestVote(1074)) - 8fa4ef72-0e52-420c-b0d5-60420e93c6a9@group-0ABB88D0A2E0 replies to ELECTION vote request: ca9dc723-67a1-4a65-9480-66850f9b9d20<-8fa4ef72-0e52-420c-b0d5-60420e93c6a9#0:FAIL-t2. Peer's state: 8fa4ef72-0e52-420c-b0d5-60420e93c6a9@group-0ABB88D0A2E0:t2, leader=null, voted=null, raftlog=8fa4ef72-0e52-420c-b0d5-60420e93c6a9@group-0ABB88D0A2E0-SegmentedRaftLog:OPENED:c-1,f-1,i0, conf=-1: [ca9dc723-67a1-4a65-9480-66850f9b9d20|rpc:127.0.0.1:37533|dataStream:|priority:0, 48a93f24-2ce5-44e8-b9e2-5628d9c2ac97|rpc:127.0.0.1:36777|dataStream:|priority:0, 8fa4ef72-0e52-420c-b0d5-60420e93c6a9|rpc:127.0.0.1:35781|dataStream:|priority:1], old=null
2021-07-03 01:53:06,101 [ca9dc723-67a1-4a65-9480-66850f9b9d20@group-0ABB88D0A2E0-LeaderElection25] INFO  impl.LeaderElection (LeaderElection.java:logAndReturn(89)) - ca9dc723-67a1-4a65-9480-66850f9b9d20@group-0ABB88D0A2E0-LeaderElection25: ELECTION REJECTED received 2 response(s) and 0 exception(s):
2021-07-03 01:53:06,101 [ca9dc723-67a1-4a65-9480-66850f9b9d20@group-0ABB88D0A2E0-LeaderElection25] INFO  impl.LeaderElection (LeaderElection.java:logAndReturn(93)) -   Response 0: ca9dc723-67a1-4a65-9480-66850f9b9d20<-48a93f24-2ce5-44e8-b9e2-5628d9c2ac97#0:FAIL-t2
2021-07-03 01:53:06,101 [ca9dc723-67a1-4a65-9480-66850f9b9d20@group-0ABB88D0A2E0-LeaderElection25] INFO  impl.LeaderElection (LeaderElection.java:logAndReturn(93)) -   Response 1: ca9dc723-67a1-4a65-9480-66850f9b9d20<-8fa4ef72-0e52-420c-b0d5-60420e93c6a9#0:FAIL-t2
2021-07-03 01:53:06,101 [ca9dc723-67a1-4a65-9480-66850f9b9d20@group-0ABB88D0A2E0-LeaderElection25] INFO  impl.LeaderElection (LeaderElection.java:askForVotes(308)) - ca9dc723-67a1-4a65-9480-66850f9b9d20@group-0ABB88D0A2E0-LeaderElection25 ELECTION round 0: result REJECTED
2021-07-03 01:53:06,101 [ca9dc723-67a1-4a65-9480-66850f9b9d20@group-0ABB88D0A2E0-LeaderElection25] INFO  server.RaftServer$Division (RaftServerImpl.java:setRole(284)) - ca9dc723-67a1-4a65-9480-66850f9b9d20@group-0ABB88D0A2E0: changes role from CANDIDATE to FOLLOWER at term 2 for REJECTED
2021-07-03 01:53:06,101 [ca9dc723-67a1-4a65-9480-66850f9b9d20@group-0ABB88D0A2E0-LeaderElection25] INFO  impl.RoleInfo (RoleInfo.java:shutdownLeaderElection(121)) - ca9dc723-67a1-4a65-9480-66850f9b9d20: shutdown ca9dc723-67a1-4a65-9480-66850f9b9d20@group-0ABB88D0A2E0-LeaderElection25
2021-07-03 01:53:06,101 [ca9dc723-67a1-4a65-9480-66850f9b9d20@group-0ABB88D0A2E0-LeaderElection25] INFO  impl.RoleInfo (RoleInfo.java:updateAndGet(130)) - ca9dc723-67a1-4a65-9480-66850f9b9d20: start ca9dc723-67a1-4a65-9480-66850f9b9d20@group-0ABB88D0A2E0-FollowerState
2021-07-03 01:53:06,106 [grpc-default-executor-0] INFO  server.RaftServer$Division (RaftServerImpl.java:requestVote(1042)) - 8fa4ef72-0e52-420c-b0d5-60420e93c6a9@group-0ABB88D0A2E0: receive requestVote(ELECTION, 48a93f24-2ce5-44e8-b9e2-5628d9c2ac97, group-0ABB88D0A2E0, 2, (t:0, i:0))
2021-07-03 01:53:06,107 [grpc-default-executor-0] INFO  impl.VoteContext (VoteContext.java:log(48)) - 8fa4ef72-0e52-420c-b0d5-60420e93c6a9@group-0ABB88D0A2E0-FOLLOWER: reject ELECTION from 48a93f24-2ce5-44e8-b9e2-5628d9c2ac97: our priority 1 > candidate's priority 0
2021-07-03 01:53:06,107 [grpc-default-executor-0] INFO  server.RaftServer$Division (RaftServerImpl.java:setRole(284)) - 8fa4ef72-0e52-420c-b0d5-60420e93c6a9@group-0ABB88D0A2E0: changes role from  FOLLOWER to FOLLOWER at term 2 for candidate:48a93f24-2ce5-44e8-b9e2-5628d9c2ac97
2021-07-03 01:53:06,107 [grpc-default-executor-0] INFO  impl.RoleInfo (RoleInfo.java:shutdownFollowerState(108)) - 8fa4ef72-0e52-420c-b0d5-60420e93c6a9: shutdown 8fa4ef72-0e52-420c-b0d5-60420e93c6a9@group-0ABB88D0A2E0-FollowerState
2021-07-03 01:53:06,107 [grpc-default-executor-0] INFO  impl.RoleInfo (RoleInfo.java:updateAndGet(130)) - 8fa4ef72-0e52-420c-b0d5-60420e93c6a9: start 8fa4ef72-0e52-420c-b0d5-60420e93c6a9@group-0ABB88D0A2E0-FollowerState
2021-07-03 01:53:06,107 [8fa4ef72-0e52-420c-b0d5-60420e93c6a9@group-0ABB88D0A2E0-FollowerState] INFO  impl.FollowerState (FollowerState.java:run(143)) - 8fa4ef72-0e52-420c-b0d5-60420e93c6a9@group-0ABB88D0A2E0-FollowerState was interrupted: {}
java.lang.InterruptedException: sleep interrupted
	at java.lang.Thread.sleep(Native Method)
	at java.lang.Thread.sleep(Thread.java:340)
	at java.util.concurrent.TimeUnit.sleep(TimeUnit.java:386)
	at org.apache.ratis.util.TimeDuration.sleep(TimeDuration.java:324)
	at org.apache.ratis.util.TimeDuration.sleep(TimeDuration.java:309)
	at org.apache.ratis.server.impl.FollowerState.run(FollowerState.java:118)
2021-07-03 01:53:06,107 [grpc-default-executor-0] INFO  server.RaftServer$Division (RaftServerImpl.java:requestVote(1074)) - 8fa4ef72-0e52-420c-b0d5-60420e93c6a9@group-0ABB88D0A2E0 replies to ELECTION vote request: 48a93f24-2ce5-44e8-b9e2-5628d9c2ac97<-8fa4ef72-0e52-420c-b0d5-60420e93c6a9#0:FAIL-t2. Peer's state: 8fa4ef72-0e52-420c-b0d5-60420e93c6a9@group-0ABB88D0A2E0:t2, leader=null, voted=null, raftlog=8fa4ef72-0e52-420c-b0d5-60420e93c6a9@group-0ABB88D0A2E0-SegmentedRaftLog:OPENED:c-1,f-1,i0, conf=-1: [ca9dc723-67a1-4a65-9480-66850f9b9d20|rpc:127.0.0.1:37533|dataStream:|priority:0, 48a93f24-2ce5-44e8-b9e2-5628d9c2ac97|rpc:127.0.0.1:36777|dataStream:|priority:0, 8fa4ef72-0e52-420c-b0d5-60420e93c6a9|rpc:127.0.0.1:35781|dataStream:|priority:1], old=null
2021-07-03 01:53:06,108 [48a93f24-2ce5-44e8-b9e2-5628d9c2ac97@group-0ABB88D0A2E0-LeaderElection26] INFO  impl.LeaderElection (LeaderElection.java:logAndReturn(89)) - 48a93f24-2ce5-44e8-b9e2-5628d9c2ac97@group-0ABB88D0A2E0-LeaderElection26: ELECTION REJECTED received 2 response(s) and 0 exception(s):
2021-07-03 01:53:06,108 [48a93f24-2ce5-44e8-b9e2-5628d9c2ac97@group-0ABB88D0A2E0-LeaderElection26] INFO  impl.LeaderElection (LeaderElection.java:logAndReturn(93)) -   Response 0: 48a93f24-2ce5-44e8-b9e2-5628d9c2ac97<-ca9dc723-67a1-4a65-9480-66850f9b9d20#0:FAIL-t2
2021-07-03 01:53:06,108 [48a93f24-2ce5-44e8-b9e2-5628d9c2ac97@group-0ABB88D0A2E0-LeaderElection26] INFO  impl.LeaderElection (LeaderElection.java:logAndReturn(93)) -   Response 1: 48a93f24-2ce5-44e8-b9e2-5628d9c2ac97<-8fa4ef72-0e52-420c-b0d5-60420e93c6a9#0:FAIL-t2
2021-07-03 01:53:06,108 [48a93f24-2ce5-44e8-b9e2-5628d9c2ac97@group-0ABB88D0A2E0-LeaderElection26] INFO  impl.LeaderElection (LeaderElection.java:askForVotes(308)) - 48a93f24-2ce5-44e8-b9e2-5628d9c2ac97@group-0ABB88D0A2E0-LeaderElection26 ELECTION round 0: result REJECTED
2021-07-03 01:53:06,108 [48a93f24-2ce5-44e8-b9e2-5628d9c2ac97@group-0ABB88D0A2E0-LeaderElection26] INFO  server.RaftServer$Division (RaftServerImpl.java:setRole(284)) - 48a93f24-2ce5-44e8-b9e2-5628d9c2ac97@group-0ABB88D0A2E0: changes role from CANDIDATE to FOLLOWER at term 2 for REJECTED
2021-07-03 01:53:06,108 [48a93f24-2ce5-44e8-b9e2-5628d9c2ac97@group-0ABB88D0A2E0-LeaderElection26] INFO  impl.RoleInfo (RoleInfo.java:shutdownLeaderElection(121)) - 48a93f24-2ce5-44e8-b9e2-5628d9c2ac97: shutdown 48a93f24-2ce5-44e8-b9e2-5628d9c2ac97@group-0ABB88D0A2E0-LeaderElection26
2021-07-03 01:53:06,108 [48a93f24-2ce5-44e8-b9e2-5628d9c2ac97@group-0ABB88D0A2E0-LeaderElection26] INFO  impl.RoleInfo (RoleInfo.java:updateAndGet(130)) - 48a93f24-2ce5-44e8-b9e2-5628d9c2ac97: start 48a93f24-2ce5-44e8-b9e2-5628d9c2ac97@group-0ABB88D0A2E0-FollowerState
2021-07-03 01:53:06,535 [EndpointStateMachine task thread for /127.0.0.1:13925 - 0 ] INFO  ipc.Client (Client.java:handleConnectionFailure(966)) - Retrying connect to server: localhost/127.0.0.1:13925. Already tried 12 time(s); retry policy is RetryUpToMaximumCountWithFixedSleep(maxRetries=15, sleepTime=1000 MILLISECONDS)
2021-07-03 01:53:06,535 [EndpointStateMachine task thread for /127.0.0.1:13935 - 0 ] INFO  ipc.Client (Client.java:handleConnectionFailure(966)) - Retrying connect to server: localhost/127.0.0.1:13935. Already tried 10 time(s); retry policy is RetryUpToMaximumCountWithFixedSleep(maxRetries=15, sleepTime=1000 MILLISECONDS)
2021-07-03 01:53:06,536 [EndpointStateMachine task thread for /127.0.0.1:13945 - 0 ] INFO  ipc.Client (Client.java:handleConnectionFailure(966)) - Retrying connect to server: localhost/127.0.0.1:13945. Already tried 9 time(s); retry policy is RetryUpToMaximumCountWithFixedSleep(maxRetries=15, sleepTime=1000 MILLISECONDS)
2021-07-03 01:53:06,821 [Datanode State Machine Thread - 0] ERROR datanode.RunningDatanodeState (RunningDatanodeState.java:computeNextContainerState(199)) - Error in executing end point task.
java.util.concurrent.ExecutionException: java.util.concurrent.TimeoutException
	at java.util.concurrent.FutureTask.report(FutureTask.java:122)
	at java.util.concurrent.FutureTask.get(FutureTask.java:192)
	at org.apache.hadoop.ozone.container.common.states.datanode.RunningDatanodeState.computeNextContainerState(RunningDatanodeState.java:191)
	at org.apache.hadoop.ozone.container.common.states.datanode.RunningDatanodeState.await(RunningDatanodeState.java:231)
	at org.apache.hadoop.ozone.container.common.states.datanode.RunningDatanodeState.await(RunningDatanodeState.java:50)
	at org.apache.hadoop.ozone.container.common.statemachine.StateContext.execute(StateContext.java:629)
	at org.apache.hadoop.ozone.container.common.statemachine.DatanodeStateMachine.start(DatanodeStateMachine.java:244)
	at org.apache.hadoop.ozone.container.common.statemachine.DatanodeStateMachine.lambda$startDaemon$0(DatanodeStateMachine.java:429)
	at java.lang.Thread.run(Thread.java:748)
Caused by: java.util.concurrent.TimeoutException
	at java.util.concurrent.FutureTask.get(FutureTask.java:205)
	at org.apache.hadoop.ozone.container.common.states.datanode.RunningDatanodeState.lambda$execute$0(RunningDatanodeState.java:149)
	at java.util.concurrent.FutureTask.run(FutureTask.java:266)
	at java.util.concurrent.Executors$RunnableAdapter.call(Executors.java:511)
	at java.util.concurrent.FutureTask.run(FutureTask.java:266)
	at java.util.concurrent.ThreadPoolExecutor.runWorker(ThreadPoolExecutor.java:1149)
	at java.util.concurrent.ThreadPoolExecutor$Worker.run(ThreadPoolExecutor.java:624)
	... 1 more
2021-07-03 01:53:06,986 [Listener at 127.0.0.1/11044] INFO  ozone.MiniOzoneClusterImpl (MiniOzoneClusterImpl.java:lambda$waitForClusterToBeReady$0(227)) - Nodes are ready. Got 3 of 3 DN Heartbeats.
2021-07-03 01:53:06,986 [Listener at 127.0.0.1/11044] INFO  ozone.MiniOzoneClusterImpl (MiniOzoneClusterImpl.java:lambda$waitForClusterToBeReady$0(230)) - Waiting for cluster to exit safe mode
2021-07-03 01:53:06,986 [Listener at 127.0.0.1/11044] INFO  ozone.MiniOzoneClusterImpl (MiniOzoneClusterImpl.java:lambda$waitForClusterToBeReady$0(232)) - SCM became leader
2021-07-03 01:53:07,086 [Datanode State Machine Thread - 0] ERROR datanode.RunningDatanodeState (RunningDatanodeState.java:computeNextContainerState(199)) - Error in executing end point task.
java.util.concurrent.ExecutionException: java.util.concurrent.TimeoutException
	at java.util.concurrent.FutureTask.report(FutureTask.java:122)
	at java.util.concurrent.FutureTask.get(FutureTask.java:192)
	at org.apache.hadoop.ozone.container.common.states.datanode.RunningDatanodeState.computeNextContainerState(RunningDatanodeState.java:191)
	at org.apache.hadoop.ozone.container.common.states.datanode.RunningDatanodeState.await(RunningDatanodeState.java:231)
	at org.apache.hadoop.ozone.container.common.states.datanode.RunningDatanodeState.await(RunningDatanodeState.java:50)
	at org.apache.hadoop.ozone.container.common.statemachine.StateContext.execute(StateContext.java:629)
	at org.apache.hadoop.ozone.container.common.statemachine.DatanodeStateMachine.start(DatanodeStateMachine.java:244)
	at org.apache.hadoop.ozone.container.common.statemachine.DatanodeStateMachine.lambda$startDaemon$0(DatanodeStateMachine.java:429)
	at java.lang.Thread.run(Thread.java:748)
Caused by: java.util.concurrent.TimeoutException
	at java.util.concurrent.FutureTask.get(FutureTask.java:205)
	at org.apache.hadoop.ozone.container.common.states.datanode.RunningDatanodeState.lambda$execute$0(RunningDatanodeState.java:149)
	at java.util.concurrent.FutureTask.run(FutureTask.java:266)
	at java.util.concurrent.Executors$RunnableAdapter.call(Executors.java:511)
	at java.util.concurrent.FutureTask.run(FutureTask.java:266)
	at java.util.concurrent.ThreadPoolExecutor.runWorker(ThreadPoolExecutor.java:1149)
	at java.util.concurrent.ThreadPoolExecutor$Worker.run(ThreadPoolExecutor.java:624)
	... 1 more
2021-07-03 01:53:07,536 [EndpointStateMachine task thread for /127.0.0.1:13925 - 0 ] INFO  ipc.Client (Client.java:handleConnectionFailure(966)) - Retrying connect to server: localhost/127.0.0.1:13925. Already tried 13 time(s); retry policy is RetryUpToMaximumCountWithFixedSleep(maxRetries=15, sleepTime=1000 MILLISECONDS)
2021-07-03 01:53:07,536 [EndpointStateMachine task thread for /127.0.0.1:13945 - 0 ] INFO  ipc.Client (Client.java:handleConnectionFailure(966)) - Retrying connect to server: localhost/127.0.0.1:13945. Already tried 10 time(s); retry policy is RetryUpToMaximumCountWithFixedSleep(maxRetries=15, sleepTime=1000 MILLISECONDS)
2021-07-03 01:53:07,536 [EndpointStateMachine task thread for /127.0.0.1:13935 - 0 ] INFO  ipc.Client (Client.java:handleConnectionFailure(966)) - Retrying connect to server: localhost/127.0.0.1:13935. Already tried 11 time(s); retry policy is RetryUpToMaximumCountWithFixedSleep(maxRetries=15, sleepTime=1000 MILLISECONDS)
2021-07-03 01:53:07,824 [Datanode State Machine Thread - 0] ERROR datanode.RunningDatanodeState (RunningDatanodeState.java:computeNextContainerState(199)) - Error in executing end point task.
java.util.concurrent.ExecutionException: java.util.concurrent.TimeoutException
	at java.util.concurrent.FutureTask.report(FutureTask.java:122)
	at java.util.concurrent.FutureTask.get(FutureTask.java:192)
	at org.apache.hadoop.ozone.container.common.states.datanode.RunningDatanodeState.computeNextContainerState(RunningDatanodeState.java:191)
	at org.apache.hadoop.ozone.container.common.states.datanode.RunningDatanodeState.await(RunningDatanodeState.java:231)
	at org.apache.hadoop.ozone.container.common.states.datanode.RunningDatanodeState.await(RunningDatanodeState.java:50)
	at org.apache.hadoop.ozone.container.common.statemachine.StateContext.execute(StateContext.java:629)
	at org.apache.hadoop.ozone.container.common.statemachine.DatanodeStateMachine.start(DatanodeStateMachine.java:244)
	at org.apache.hadoop.ozone.container.common.statemachine.DatanodeStateMachine.lambda$startDaemon$0(DatanodeStateMachine.java:429)
	at java.lang.Thread.run(Thread.java:748)
Caused by: java.util.concurrent.TimeoutException
	at java.util.concurrent.FutureTask.get(FutureTask.java:205)
	at org.apache.hadoop.ozone.container.common.states.datanode.RunningDatanodeState.lambda$execute$0(RunningDatanodeState.java:149)
	at java.util.concurrent.FutureTask.run(FutureTask.java:266)
	at java.util.concurrent.Executors$RunnableAdapter.call(Executors.java:511)
	at java.util.concurrent.FutureTask.run(FutureTask.java:266)
	at java.util.concurrent.ThreadPoolExecutor.runWorker(ThreadPoolExecutor.java:1149)
	at java.util.concurrent.ThreadPoolExecutor$Worker.run(ThreadPoolExecutor.java:624)
	... 1 more
2021-07-03 01:53:07,987 [Listener at 127.0.0.1/11044] INFO  ozone.MiniOzoneClusterImpl (MiniOzoneClusterImpl.java:lambda$waitForClusterToBeReady$0(227)) - Nodes are ready. Got 3 of 3 DN Heartbeats.
2021-07-03 01:53:07,987 [Listener at 127.0.0.1/11044] INFO  ozone.MiniOzoneClusterImpl (MiniOzoneClusterImpl.java:lambda$waitForClusterToBeReady$0(230)) - Waiting for cluster to exit safe mode
2021-07-03 01:53:07,987 [Listener at 127.0.0.1/11044] INFO  ozone.MiniOzoneClusterImpl (MiniOzoneClusterImpl.java:lambda$waitForClusterToBeReady$0(232)) - SCM became leader
2021-07-03 01:53:08,524 [Datanode State Machine Thread - 0] ERROR datanode.RunningDatanodeState (RunningDatanodeState.java:computeNextContainerState(199)) - Error in executing end point task.
java.util.concurrent.ExecutionException: java.util.concurrent.TimeoutException
	at java.util.concurrent.FutureTask.report(FutureTask.java:122)
	at java.util.concurrent.FutureTask.get(FutureTask.java:192)
	at org.apache.hadoop.ozone.container.common.states.datanode.RunningDatanodeState.computeNextContainerState(RunningDatanodeState.java:191)
	at org.apache.hadoop.ozone.container.common.states.datanode.RunningDatanodeState.await(RunningDatanodeState.java:231)
	at org.apache.hadoop.ozone.container.common.states.datanode.RunningDatanodeState.await(RunningDatanodeState.java:50)
	at org.apache.hadoop.ozone.container.common.statemachine.StateContext.execute(StateContext.java:629)
	at org.apache.hadoop.ozone.container.common.statemachine.DatanodeStateMachine.start(DatanodeStateMachine.java:244)
	at org.apache.hadoop.ozone.container.common.statemachine.DatanodeStateMachine.lambda$startDaemon$0(DatanodeStateMachine.java:429)
	at java.lang.Thread.run(Thread.java:748)
Caused by: java.util.concurrent.TimeoutException
	at java.util.concurrent.FutureTask.get(FutureTask.java:205)
	at org.apache.hadoop.ozone.container.common.states.datanode.RunningDatanodeState.lambda$execute$0(RunningDatanodeState.java:149)
	at java.util.concurrent.FutureTask.run(FutureTask.java:266)
	at java.util.concurrent.Executors$RunnableAdapter.call(Executors.java:511)
	at java.util.concurrent.FutureTask.run(FutureTask.java:266)
	at java.util.concurrent.ThreadPoolExecutor.runWorker(ThreadPoolExecutor.java:1149)
	at java.util.concurrent.ThreadPoolExecutor$Worker.run(ThreadPoolExecutor.java:624)
	... 1 more
2021-07-03 01:53:08,536 [EndpointStateMachine task thread for /127.0.0.1:13925 - 0 ] INFO  ipc.Client (Client.java:handleConnectionFailure(966)) - Retrying connect to server: localhost/127.0.0.1:13925. Already tried 14 time(s); retry policy is RetryUpToMaximumCountWithFixedSleep(maxRetries=15, sleepTime=1000 MILLISECONDS)
2021-07-03 01:53:08,536 [EndpointStateMachine task thread for /127.0.0.1:13945 - 0 ] INFO  ipc.Client (Client.java:handleConnectionFailure(966)) - Retrying connect to server: localhost/127.0.0.1:13945. Already tried 11 time(s); retry policy is RetryUpToMaximumCountWithFixedSleep(maxRetries=15, sleepTime=1000 MILLISECONDS)
2021-07-03 01:53:08,537 [EndpointStateMachine task thread for /127.0.0.1:13925 - 0 ] WARN  statemachine.EndpointStateMachine (EndpointStateMachine.java:logIfNeeded(236)) - Unable to communicate to SCM server at localhost:13925 for past 0 seconds.
java.net.ConnectException: Call From fv-az12-896/10.1.0.32 to localhost:13925 failed on connection exception: java.net.ConnectException: Connection refused; For more details see:  http://wiki.apache.org/hadoop/ConnectionRefused
	at sun.reflect.NativeConstructorAccessorImpl.newInstance0(Native Method)
	at sun.reflect.NativeConstructorAccessorImpl.newInstance(NativeConstructorAccessorImpl.java:62)
	at sun.reflect.DelegatingConstructorAccessorImpl.newInstance(DelegatingConstructorAccessorImpl.java:45)
	at java.lang.reflect.Constructor.newInstance(Constructor.java:423)
	at org.apache.hadoop.net.NetUtils.wrapWithMessage(NetUtils.java:836)
	at org.apache.hadoop.net.NetUtils.wrapException(NetUtils.java:760)
	at org.apache.hadoop.ipc.Client.getRpcResponse(Client.java:1566)
	at org.apache.hadoop.ipc.Client.call(Client.java:1508)
	at org.apache.hadoop.ipc.Client.call(Client.java:1405)
	at org.apache.hadoop.ipc.ProtobufRpcEngine$Invoker.invoke(ProtobufRpcEngine.java:233)
	at org.apache.hadoop.ipc.ProtobufRpcEngine$Invoker.invoke(ProtobufRpcEngine.java:118)
	at com.sun.proxy.$Proxy45.submitRequest(Unknown Source)
	at org.apache.hadoop.ozone.protocolPB.StorageContainerDatanodeProtocolClientSideTranslatorPB.submitRequest(StorageContainerDatanodeProtocolClientSideTranslatorPB.java:117)
	at org.apache.hadoop.ozone.protocolPB.StorageContainerDatanodeProtocolClientSideTranslatorPB.sendHeartbeat(StorageContainerDatanodeProtocolClientSideTranslatorPB.java:149)
	at org.apache.hadoop.ozone.container.common.states.endpoint.HeartbeatEndpointTask.call(HeartbeatEndpointTask.java:146)
	at org.apache.hadoop.ozone.container.common.states.endpoint.HeartbeatEndpointTask.call(HeartbeatEndpointTask.java:77)
	at java.util.concurrent.FutureTask.run(FutureTask.java:266)
	at java.util.concurrent.ThreadPoolExecutor.runWorker(ThreadPoolExecutor.java:1149)
	at java.util.concurrent.ThreadPoolExecutor$Worker.run(ThreadPoolExecutor.java:624)
	at java.lang.Thread.run(Thread.java:748)
Caused by: java.net.ConnectException: Connection refused
	at sun.nio.ch.SocketChannelImpl.checkConnect(Native Method)
	at sun.nio.ch.SocketChannelImpl.finishConnect(SocketChannelImpl.java:716)
	at org.apache.hadoop.net.SocketIOWithTimeout.connect(SocketIOWithTimeout.java:206)
	at org.apache.hadoop.net.NetUtils.connect(NetUtils.java:534)
	at org.apache.hadoop.ipc.Client$Connection.setupConnection(Client.java:699)
	at org.apache.hadoop.ipc.Client$Connection.setupIOstreams(Client.java:812)
	at org.apache.hadoop.ipc.Client$Connection.access$3800(Client.java:413)
	at org.apache.hadoop.ipc.Client.getConnection(Client.java:1636)
	at org.apache.hadoop.ipc.Client.call(Client.java:1452)
	... 12 more
2021-07-03 01:53:08,537 [EndpointStateMachine task thread for /127.0.0.1:13935 - 0 ] INFO  ipc.Client (Client.java:handleConnectionFailure(966)) - Retrying connect to server: localhost/127.0.0.1:13935. Already tried 12 time(s); retry policy is RetryUpToMaximumCountWithFixedSleep(maxRetries=15, sleepTime=1000 MILLISECONDS)
2021-07-03 01:53:08,987 [Listener at 127.0.0.1/11044] INFO  ozone.MiniOzoneClusterImpl (MiniOzoneClusterImpl.java:lambda$waitForClusterToBeReady$0(227)) - Nodes are ready. Got 3 of 3 DN Heartbeats.
2021-07-03 01:53:08,987 [Listener at 127.0.0.1/11044] INFO  ozone.MiniOzoneClusterImpl (MiniOzoneClusterImpl.java:lambda$waitForClusterToBeReady$0(230)) - Waiting for cluster to exit safe mode
2021-07-03 01:53:08,988 [Listener at 127.0.0.1/11044] INFO  ozone.MiniOzoneClusterImpl (MiniOzoneClusterImpl.java:lambda$waitForClusterToBeReady$0(232)) - SCM became leader
2021-07-03 01:53:09,087 [Datanode State Machine Thread - 0] ERROR datanode.RunningDatanodeState (RunningDatanodeState.java:computeNextContainerState(199)) - Error in executing end point task.
java.util.concurrent.ExecutionException: java.util.concurrent.TimeoutException
	at java.util.concurrent.FutureTask.report(FutureTask.java:122)
	at java.util.concurrent.FutureTask.get(FutureTask.java:192)
	at org.apache.hadoop.ozone.container.common.states.datanode.RunningDatanodeState.computeNextContainerState(RunningDatanodeState.java:191)
	at org.apache.hadoop.ozone.container.common.states.datanode.RunningDatanodeState.await(RunningDatanodeState.java:231)
	at org.apache.hadoop.ozone.container.common.states.datanode.RunningDatanodeState.await(RunningDatanodeState.java:50)
	at org.apache.hadoop.ozone.container.common.statemachine.StateContext.execute(StateContext.java:629)
	at org.apache.hadoop.ozone.container.common.statemachine.DatanodeStateMachine.start(DatanodeStateMachine.java:244)
	at org.apache.hadoop.ozone.container.common.statemachine.DatanodeStateMachine.lambda$startDaemon$0(DatanodeStateMachine.java:429)
	at java.lang.Thread.run(Thread.java:748)
Caused by: java.util.concurrent.TimeoutException
	at java.util.concurrent.FutureTask.get(FutureTask.java:205)
	at org.apache.hadoop.ozone.container.common.states.datanode.RunningDatanodeState.lambda$execute$0(RunningDatanodeState.java:149)
	at java.util.concurrent.FutureTask.run(FutureTask.java:266)
	at java.util.concurrent.Executors$RunnableAdapter.call(Executors.java:511)
	at java.util.concurrent.FutureTask.run(FutureTask.java:266)
	at java.util.concurrent.ThreadPoolExecutor.runWorker(ThreadPoolExecutor.java:1149)
	at java.util.concurrent.ThreadPoolExecutor$Worker.run(ThreadPoolExecutor.java:624)
	... 1 more
2021-07-03 01:53:09,537 [EndpointStateMachine task thread for /127.0.0.1:13945 - 0 ] INFO  ipc.Client (Client.java:handleConnectionFailure(966)) - Retrying connect to server: localhost/127.0.0.1:13945. Already tried 12 time(s); retry policy is RetryUpToMaximumCountWithFixedSleep(maxRetries=15, sleepTime=1000 MILLISECONDS)
2021-07-03 01:53:09,537 [EndpointStateMachine task thread for /127.0.0.1:13925 - 0 ] INFO  ipc.Client (Client.java:handleConnectionFailure(966)) - Retrying connect to server: localhost/127.0.0.1:13925. Already tried 0 time(s); retry policy is RetryUpToMaximumCountWithFixedSleep(maxRetries=15, sleepTime=1000 MILLISECONDS)
2021-07-03 01:53:09,538 [EndpointStateMachine task thread for /127.0.0.1:13935 - 0 ] INFO  ipc.Client (Client.java:handleConnectionFailure(966)) - Retrying connect to server: localhost/127.0.0.1:13935. Already tried 13 time(s); retry policy is RetryUpToMaximumCountWithFixedSleep(maxRetries=15, sleepTime=1000 MILLISECONDS)
2021-07-03 01:53:09,988 [Listener at 127.0.0.1/11044] INFO  ozone.MiniOzoneClusterImpl (MiniOzoneClusterImpl.java:lambda$waitForClusterToBeReady$0(227)) - Nodes are ready. Got 3 of 3 DN Heartbeats.
2021-07-03 01:53:09,988 [Listener at 127.0.0.1/11044] INFO  ozone.MiniOzoneClusterImpl (MiniOzoneClusterImpl.java:lambda$waitForClusterToBeReady$0(230)) - Waiting for cluster to exit safe mode
2021-07-03 01:53:09,988 [Listener at 127.0.0.1/11044] INFO  ozone.MiniOzoneClusterImpl (MiniOzoneClusterImpl.java:lambda$waitForClusterToBeReady$0(232)) - SCM became leader
2021-07-03 01:53:10,094 [Datanode State Machine Thread - 0] ERROR datanode.RunningDatanodeState (RunningDatanodeState.java:computeNextContainerState(199)) - Error in executing end point task.
java.util.concurrent.ExecutionException: java.util.concurrent.TimeoutException
	at java.util.concurrent.FutureTask.report(FutureTask.java:122)
	at java.util.concurrent.FutureTask.get(FutureTask.java:192)
	at org.apache.hadoop.ozone.container.common.states.datanode.RunningDatanodeState.computeNextContainerState(RunningDatanodeState.java:191)
	at org.apache.hadoop.ozone.container.common.states.datanode.RunningDatanodeState.await(RunningDatanodeState.java:231)
	at org.apache.hadoop.ozone.container.common.states.datanode.RunningDatanodeState.await(RunningDatanodeState.java:50)
	at org.apache.hadoop.ozone.container.common.statemachine.StateContext.execute(StateContext.java:629)
	at org.apache.hadoop.ozone.container.common.statemachine.DatanodeStateMachine.start(DatanodeStateMachine.java:244)
	at org.apache.hadoop.ozone.container.common.statemachine.DatanodeStateMachine.lambda$startDaemon$0(DatanodeStateMachine.java:429)
	at java.lang.Thread.run(Thread.java:748)
Caused by: java.util.concurrent.TimeoutException
	at java.util.concurrent.FutureTask.get(FutureTask.java:205)
	at org.apache.hadoop.ozone.container.common.states.datanode.RunningDatanodeState.lambda$execute$0(RunningDatanodeState.java:149)
	at java.util.concurrent.FutureTask.run(FutureTask.java:266)
	at java.util.concurrent.Executors$RunnableAdapter.call(Executors.java:511)
	at java.util.concurrent.FutureTask.run(FutureTask.java:266)
	at java.util.concurrent.ThreadPoolExecutor.runWorker(ThreadPoolExecutor.java:1149)
	at java.util.concurrent.ThreadPoolExecutor$Worker.run(ThreadPoolExecutor.java:624)
	... 1 more
2021-07-03 01:53:10,537 [EndpointStateMachine task thread for /127.0.0.1:13945 - 0 ] INFO  ipc.Client (Client.java:handleConnectionFailure(966)) - Retrying connect to server: localhost/127.0.0.1:13945. Already tried 13 time(s); retry policy is RetryUpToMaximumCountWithFixedSleep(maxRetries=15, sleepTime=1000 MILLISECONDS)
2021-07-03 01:53:10,538 [EndpointStateMachine task thread for /127.0.0.1:13925 - 0 ] INFO  ipc.Client (Client.java:handleConnectionFailure(966)) - Retrying connect to server: localhost/127.0.0.1:13925. Already tried 1 time(s); retry policy is RetryUpToMaximumCountWithFixedSleep(maxRetries=15, sleepTime=1000 MILLISECONDS)
2021-07-03 01:53:10,538 [EndpointStateMachine task thread for /127.0.0.1:13935 - 0 ] INFO  ipc.Client (Client.java:handleConnectionFailure(966)) - Retrying connect to server: localhost/127.0.0.1:13935. Already tried 14 time(s); retry policy is RetryUpToMaximumCountWithFixedSleep(maxRetries=15, sleepTime=1000 MILLISECONDS)
2021-07-03 01:53:10,989 [Listener at 127.0.0.1/11044] INFO  ozone.MiniOzoneClusterImpl (MiniOzoneClusterImpl.java:lambda$waitForClusterToBeReady$0(227)) - Nodes are ready. Got 3 of 3 DN Heartbeats.
2021-07-03 01:53:10,989 [Listener at 127.0.0.1/11044] INFO  ozone.MiniOzoneClusterImpl (MiniOzoneClusterImpl.java:lambda$waitForClusterToBeReady$0(230)) - Waiting for cluster to exit safe mode
2021-07-03 01:53:10,989 [Listener at 127.0.0.1/11044] INFO  ozone.MiniOzoneClusterImpl (MiniOzoneClusterImpl.java:lambda$waitForClusterToBeReady$0(232)) - SCM became leader
2021-07-03 01:53:11,048 [ca9dc723-67a1-4a65-9480-66850f9b9d20@group-35DAF16C14CE-FollowerState] INFO  impl.FollowerState (FollowerState.java:run(134)) - ca9dc723-67a1-4a65-9480-66850f9b9d20@group-35DAF16C14CE-FollowerState: change to CANDIDATE, lastRpcElapsedTime:5125326842ns, electionTimeout:5123ms
2021-07-03 01:53:11,048 [ca9dc723-67a1-4a65-9480-66850f9b9d20@group-35DAF16C14CE-FollowerState] INFO  impl.RoleInfo (RoleInfo.java:shutdownFollowerState(108)) - ca9dc723-67a1-4a65-9480-66850f9b9d20: shutdown ca9dc723-67a1-4a65-9480-66850f9b9d20@group-35DAF16C14CE-FollowerState
2021-07-03 01:53:11,048 [ca9dc723-67a1-4a65-9480-66850f9b9d20@group-35DAF16C14CE-FollowerState] INFO  server.RaftServer$Division (RaftServerImpl.java:setRole(284)) - ca9dc723-67a1-4a65-9480-66850f9b9d20@group-35DAF16C14CE: changes role from  FOLLOWER to CANDIDATE at term 2 for changeToCandidate
2021-07-03 01:53:11,048 [ca9dc723-67a1-4a65-9480-66850f9b9d20@group-35DAF16C14CE-FollowerState] INFO  server.RaftServerConfigKeys (ConfUtils.java:logGet(44)) - raft.server.leaderelection.pre-vote = false (custom)
2021-07-03 01:53:11,048 [ca9dc723-67a1-4a65-9480-66850f9b9d20@group-35DAF16C14CE-FollowerState] INFO  impl.RoleInfo (RoleInfo.java:updateAndGet(130)) - ca9dc723-67a1-4a65-9480-66850f9b9d20: start ca9dc723-67a1-4a65-9480-66850f9b9d20@group-35DAF16C14CE-LeaderElection27
2021-07-03 01:53:11,051 [ca9dc723-67a1-4a65-9480-66850f9b9d20@group-35DAF16C14CE-LeaderElection27] INFO  impl.LeaderElection (LeaderElection.java:askForVotes(306)) - ca9dc723-67a1-4a65-9480-66850f9b9d20@group-35DAF16C14CE-LeaderElection27 ELECTION round 0: submit vote requests at term 3 for -1: [ca9dc723-67a1-4a65-9480-66850f9b9d20|rpc:127.0.0.1:37533|dataStream:|priority:1, 48a93f24-2ce5-44e8-b9e2-5628d9c2ac97|rpc:127.0.0.1:36777|dataStream:|priority:0, 8fa4ef72-0e52-420c-b0d5-60420e93c6a9|rpc:127.0.0.1:35781|dataStream:|priority:0], old=null
2021-07-03 01:53:11,054 [grpc-default-executor-0] INFO  server.RaftServer$Division (RaftServerImpl.java:requestVote(1042)) - 48a93f24-2ce5-44e8-b9e2-5628d9c2ac97@group-35DAF16C14CE: receive requestVote(ELECTION, ca9dc723-67a1-4a65-9480-66850f9b9d20, group-35DAF16C14CE, 3, (t:0, i:0))
2021-07-03 01:53:11,054 [grpc-default-executor-0] INFO  impl.VoteContext (VoteContext.java:log(48)) - 48a93f24-2ce5-44e8-b9e2-5628d9c2ac97@group-35DAF16C14CE-FOLLOWER: accept ELECTION from ca9dc723-67a1-4a65-9480-66850f9b9d20: our priority 0 <= candidate's priority 1
2021-07-03 01:53:11,054 [grpc-default-executor-0] INFO  server.RaftServer$Division (RaftServerImpl.java:setRole(284)) - 48a93f24-2ce5-44e8-b9e2-5628d9c2ac97@group-35DAF16C14CE: changes role from  FOLLOWER to FOLLOWER at term 3 for candidate:ca9dc723-67a1-4a65-9480-66850f9b9d20
2021-07-03 01:53:11,054 [grpc-default-executor-0] INFO  impl.RoleInfo (RoleInfo.java:shutdownFollowerState(108)) - 48a93f24-2ce5-44e8-b9e2-5628d9c2ac97: shutdown 48a93f24-2ce5-44e8-b9e2-5628d9c2ac97@group-35DAF16C14CE-FollowerState
2021-07-03 01:53:11,054 [grpc-default-executor-0] INFO  impl.RoleInfo (RoleInfo.java:updateAndGet(130)) - 48a93f24-2ce5-44e8-b9e2-5628d9c2ac97: start 48a93f24-2ce5-44e8-b9e2-5628d9c2ac97@group-35DAF16C14CE-FollowerState
2021-07-03 01:53:11,054 [48a93f24-2ce5-44e8-b9e2-5628d9c2ac97@group-35DAF16C14CE-FollowerState] INFO  impl.FollowerState (FollowerState.java:run(143)) - 48a93f24-2ce5-44e8-b9e2-5628d9c2ac97@group-35DAF16C14CE-FollowerState was interrupted: {}
java.lang.InterruptedException: sleep interrupted
	at java.lang.Thread.sleep(Native Method)
	at java.lang.Thread.sleep(Thread.java:340)
	at java.util.concurrent.TimeUnit.sleep(TimeUnit.java:386)
	at org.apache.ratis.util.TimeDuration.sleep(TimeDuration.java:324)
	at org.apache.ratis.util.TimeDuration.sleep(TimeDuration.java:309)
	at org.apache.ratis.server.impl.FollowerState.run(FollowerState.java:118)
2021-07-03 01:53:11,061 [grpc-default-executor-1] INFO  server.RaftServer$Division (RaftServerImpl.java:requestVote(1042)) - 8fa4ef72-0e52-420c-b0d5-60420e93c6a9@group-35DAF16C14CE: receive requestVote(ELECTION, ca9dc723-67a1-4a65-9480-66850f9b9d20, group-35DAF16C14CE, 3, (t:0, i:0))
2021-07-03 01:53:11,062 [grpc-default-executor-0] INFO  server.RaftServer$Division (RaftServerImpl.java:requestVote(1074)) - 48a93f24-2ce5-44e8-b9e2-5628d9c2ac97@group-35DAF16C14CE replies to ELECTION vote request: ca9dc723-67a1-4a65-9480-66850f9b9d20<-48a93f24-2ce5-44e8-b9e2-5628d9c2ac97#0:OK-t3. Peer's state: 48a93f24-2ce5-44e8-b9e2-5628d9c2ac97@group-35DAF16C14CE:t3, leader=null, voted=ca9dc723-67a1-4a65-9480-66850f9b9d20, raftlog=48a93f24-2ce5-44e8-b9e2-5628d9c2ac97@group-35DAF16C14CE-SegmentedRaftLog:OPENED:c-1,f-1,i0, conf=-1: [ca9dc723-67a1-4a65-9480-66850f9b9d20|rpc:127.0.0.1:37533|priority:1, 48a93f24-2ce5-44e8-b9e2-5628d9c2ac97|rpc:127.0.0.1:36777|priority:0, 8fa4ef72-0e52-420c-b0d5-60420e93c6a9|rpc:127.0.0.1:35781|priority:0], old=null
2021-07-03 01:53:11,064 [ca9dc723-67a1-4a65-9480-66850f9b9d20@group-35DAF16C14CE-LeaderElection27] INFO  impl.LeaderElection (LeaderElection.java:logAndReturn(89)) - ca9dc723-67a1-4a65-9480-66850f9b9d20@group-35DAF16C14CE-LeaderElection27: ELECTION PASSED received 1 response(s) and 0 exception(s):
2021-07-03 01:53:11,064 [ca9dc723-67a1-4a65-9480-66850f9b9d20@group-35DAF16C14CE-LeaderElection27] INFO  impl.LeaderElection (LeaderElection.java:logAndReturn(93)) -   Response 0: ca9dc723-67a1-4a65-9480-66850f9b9d20<-48a93f24-2ce5-44e8-b9e2-5628d9c2ac97#0:OK-t3
2021-07-03 01:53:11,064 [ca9dc723-67a1-4a65-9480-66850f9b9d20@group-35DAF16C14CE-LeaderElection27] INFO  impl.LeaderElection (LeaderElection.java:askForVotes(308)) - ca9dc723-67a1-4a65-9480-66850f9b9d20@group-35DAF16C14CE-LeaderElection27 ELECTION round 0: result PASSED
2021-07-03 01:53:11,064 [ca9dc723-67a1-4a65-9480-66850f9b9d20@group-35DAF16C14CE-LeaderElection27] INFO  impl.RoleInfo (RoleInfo.java:shutdownLeaderElection(121)) - ca9dc723-67a1-4a65-9480-66850f9b9d20: shutdown ca9dc723-67a1-4a65-9480-66850f9b9d20@group-35DAF16C14CE-LeaderElection27
2021-07-03 01:53:11,065 [ca9dc723-67a1-4a65-9480-66850f9b9d20@group-35DAF16C14CE-LeaderElection27] INFO  server.RaftServer$Division (RaftServerImpl.java:setRole(284)) - ca9dc723-67a1-4a65-9480-66850f9b9d20@group-35DAF16C14CE: changes role from CANDIDATE to LEADER at term 3 for changeToLeader
2021-07-03 01:53:11,065 [ca9dc723-67a1-4a65-9480-66850f9b9d20@group-35DAF16C14CE-LeaderElection27] INFO  ratis.XceiverServerRatis (XceiverServerRatis.java:handleLeaderChangedNotification(857)) - Leader change notification received for group: group-35DAF16C14CE with new leaderId: ca9dc723-67a1-4a65-9480-66850f9b9d20
2021-07-03 01:53:11,065 [grpc-default-executor-1] INFO  impl.VoteContext (VoteContext.java:log(48)) - 8fa4ef72-0e52-420c-b0d5-60420e93c6a9@group-35DAF16C14CE-FOLLOWER: accept ELECTION from ca9dc723-67a1-4a65-9480-66850f9b9d20: our priority 0 <= candidate's priority 1
2021-07-03 01:53:11,065 [grpc-default-executor-1] INFO  server.RaftServer$Division (RaftServerImpl.java:setRole(284)) - 8fa4ef72-0e52-420c-b0d5-60420e93c6a9@group-35DAF16C14CE: changes role from  FOLLOWER to FOLLOWER at term 3 for candidate:ca9dc723-67a1-4a65-9480-66850f9b9d20
2021-07-03 01:53:11,065 [grpc-default-executor-1] INFO  impl.RoleInfo (RoleInfo.java:shutdownFollowerState(108)) - 8fa4ef72-0e52-420c-b0d5-60420e93c6a9: shutdown 8fa4ef72-0e52-420c-b0d5-60420e93c6a9@group-35DAF16C14CE-FollowerState
2021-07-03 01:53:11,066 [EventQueue-PipelineReportForPipelineReportHandler] INFO  pipeline.PipelineManagerV2Impl (PipelineManagerV2Impl.java:openPipeline(270)) - Pipeline Pipeline[ Id: dcae577b-b0f7-4d18-86dc-35daf16c14ce, Nodes: 8fa4ef72-0e52-420c-b0d5-60420e93c6a9{ip: 127.0.0.1, host: localhost, ports: [REPLICATION=38391, RATIS=35781, RATIS_ADMIN=35781, RATIS_SERVER=35781, STANDALONE=36885], networkLocation: /default-rack, certSerialId: null, persistedOpState: IN_SERVICE, persistedOpStateExpiryEpochSec: 0}ca9dc723-67a1-4a65-9480-66850f9b9d20{ip: 127.0.0.1, host: localhost, ports: [REPLICATION=45997, RATIS=37533, RATIS_ADMIN=37533, RATIS_SERVER=37533, STANDALONE=43411], networkLocation: /default-rack, certSerialId: null, persistedOpState: IN_SERVICE, persistedOpStateExpiryEpochSec: 0}48a93f24-2ce5-44e8-b9e2-5628d9c2ac97{ip: 127.0.0.1, host: localhost, ports: [REPLICATION=45207, RATIS=36777, RATIS_ADMIN=36777, RATIS_SERVER=36777, STANDALONE=39283], networkLocation: /default-rack, certSerialId: null, persistedOpState: IN_SERVICE, persistedOpStateExpiryEpochSec: 0}, ReplicationConfig: RATIS/THREE, State:ALLOCATED, leaderId:ca9dc723-67a1-4a65-9480-66850f9b9d20, CreationTimestamp2021-07-03T01:52:52.988Z] moved to OPEN state
2021-07-03 01:53:11,067 [EventQueue-OpenPipelineForHealthyPipelineSafeModeRule] INFO  safemode.SCMSafeModeManager (HealthyPipelineSafeModeRule.java:process(124)) - SCM in safe mode. Healthy pipelines reported count is 0, required healthy pipeline reported count is 1
2021-07-03 01:53:11,067 [EventQueue-PipelineReportForPipelineReportHandler] INFO  pipeline.PipelineManagerV2Impl (PipelineManagerV2Impl.java:openPipeline(270)) - Pipeline Pipeline[ Id: dcae577b-b0f7-4d18-86dc-35daf16c14ce, Nodes: 8fa4ef72-0e52-420c-b0d5-60420e93c6a9{ip: 127.0.0.1, host: localhost, ports: [REPLICATION=38391, RATIS=35781, RATIS_ADMIN=35781, RATIS_SERVER=35781, STANDALONE=36885], networkLocation: /default-rack, certSerialId: null, persistedOpState: IN_SERVICE, persistedOpStateExpiryEpochSec: 0}ca9dc723-67a1-4a65-9480-66850f9b9d20{ip: 127.0.0.1, host: localhost, ports: [REPLICATION=45997, RATIS=37533, RATIS_ADMIN=37533, RATIS_SERVER=37533, STANDALONE=43411], networkLocation: /default-rack, certSerialId: null, persistedOpState: IN_SERVICE, persistedOpStateExpiryEpochSec: 0}48a93f24-2ce5-44e8-b9e2-5628d9c2ac97{ip: 127.0.0.1, host: localhost, ports: [REPLICATION=45207, RATIS=36777, RATIS_ADMIN=36777, RATIS_SERVER=36777, STANDALONE=39283], networkLocation: /default-rack, certSerialId: null, persistedOpState: IN_SERVICE, persistedOpStateExpiryEpochSec: 0}, ReplicationConfig: RATIS/THREE, State:ALLOCATED, leaderId:ca9dc723-67a1-4a65-9480-66850f9b9d20, CreationTimestamp2021-07-03T01:52:52.988Z] moved to OPEN state
2021-07-03 01:53:11,068 [EventQueue-PipelineReportForPipelineReportHandler] INFO  ha.SCMHAInvocationHandler (SCMHAInvocationHandler.java:invokeRatis(113)) - Invoking method public abstract void org.apache.hadoop.hdds.scm.pipeline.StateManager.updatePipelineState(org.apache.hadoop.hdds.protocol.proto.HddsProtos$PipelineID,org.apache.hadoop.hdds.protocol.proto.HddsProtos$PipelineState) throws java.io.IOException on target org.apache.hadoop.hdds.scm.ha.SCMRatisServerImpl@2ad0d1a6, cost 308.202us
2021-07-03 01:53:11,068 [EventQueue-OpenPipelineForHealthyPipelineSafeModeRule] INFO  safemode.SCMSafeModeManager (HealthyPipelineSafeModeRule.java:process(124)) - SCM in safe mode. Healthy pipelines reported count is 0, required healthy pipeline reported count is 1
2021-07-03 01:53:11,070 [ca9dc723-67a1-4a65-9480-66850f9b9d20@group-35DAF16C14CE-LeaderElection27] INFO  server.RaftServer$Division (ServerState.java:setLeader(271)) - ca9dc723-67a1-4a65-9480-66850f9b9d20@group-35DAF16C14CE: change Leader from null to ca9dc723-67a1-4a65-9480-66850f9b9d20 at term 3 for becomeLeader, leader elected after 15224ms
2021-07-03 01:53:11,070 [ca9dc723-67a1-4a65-9480-66850f9b9d20@group-35DAF16C14CE-LeaderElection27] INFO  server.RaftServerConfigKeys (ConfUtils.java:logGet(44)) - raft.server.staging.catchup.gap = 1000 (default)
2021-07-03 01:53:11,071 [ca9dc723-67a1-4a65-9480-66850f9b9d20@group-35DAF16C14CE-LeaderElection27] INFO  metrics.RatisMetrics (RatisMetrics.java:lambda$create$0(36)) - Creating Metrics Registry : ratis.log_appender.ca9dc723-67a1-4a65-9480-66850f9b9d20@group-35DAF16C14CE
2021-07-03 01:53:11,071 [ca9dc723-67a1-4a65-9480-66850f9b9d20@group-35DAF16C14CE-LeaderElection27] INFO  server.RaftServerConfigKeys (ConfUtils.java:logGet(44)) - raft.server.write.element-limit = 1024 (custom)
2021-07-03 01:53:11,071 [ca9dc723-67a1-4a65-9480-66850f9b9d20@group-35DAF16C14CE-LeaderElection27] INFO  server.RaftServerConfigKeys (ConfUtils.java:logGet(44)) - raft.server.write.byte-limit = 1073741824 (custom)
2021-07-03 01:53:11,071 [ca9dc723-67a1-4a65-9480-66850f9b9d20@group-35DAF16C14CE-LeaderElection27] INFO  server.RaftServerConfigKeys (ConfUtils.java:logGet(44)) - raft.server.watch.timeout = 180s (custom)
2021-07-03 01:53:11,071 [ca9dc723-67a1-4a65-9480-66850f9b9d20@group-35DAF16C14CE-LeaderElection27] INFO  server.RaftServerConfigKeys (ConfUtils.java:logGet(44)) - raft.server.watch.timeout.denomination = 1s (default)
2021-07-03 01:53:11,071 [ca9dc723-67a1-4a65-9480-66850f9b9d20@group-35DAF16C14CE-LeaderElection27] INFO  server.RaftServerConfigKeys (ConfUtils.java:logGet(44)) - raft.server.watch.element-limit = 65536 (default)
2021-07-03 01:53:11,072 [ca9dc723-67a1-4a65-9480-66850f9b9d20@group-35DAF16C14CE-LeaderElection27] INFO  server.RaftServerConfigKeys (ConfUtils.java:logGet(44)) - raft.server.log.appender.snapshot.chunk.size.max = 16MB (=16777216) (default)
2021-07-03 01:53:11,072 [ca9dc723-67a1-4a65-9480-66850f9b9d20@group-35DAF16C14CE-LeaderElection27] INFO  server.RaftServerConfigKeys (ConfUtils.java:logGet(44)) - raft.server.log.appender.buffer.byte-limit = 33554432 (custom)
2021-07-03 01:53:11,072 [ca9dc723-67a1-4a65-9480-66850f9b9d20@group-35DAF16C14CE-LeaderElection27] INFO  server.RaftServerConfigKeys (ConfUtils.java:logGet(44)) - raft.server.log.appender.buffer.element-limit = 1 (custom)
2021-07-03 01:53:11,072 [ca9dc723-67a1-4a65-9480-66850f9b9d20@group-35DAF16C14CE-LeaderElection27] INFO  grpc.GrpcConfigKeys (ConfUtils.java:logGet(44)) - raft.grpc.server.leader.outstanding.appends.max = 128 (default)
2021-07-03 01:53:11,072 [ca9dc723-67a1-4a65-9480-66850f9b9d20@group-35DAF16C14CE-LeaderElection27] INFO  server.RaftServerConfigKeys (ConfUtils.java:logGet(44)) - raft.server.rpc.request.timeout = 60s (custom)
2021-07-03 01:53:11,072 [ca9dc723-67a1-4a65-9480-66850f9b9d20@group-35DAF16C14CE-LeaderElection27] INFO  server.RaftServerConfigKeys (ConfUtils.java:logGet(44)) - raft.server.log.appender.install.snapshot.enabled = false (custom)
2021-07-03 01:53:11,072 [ca9dc723-67a1-4a65-9480-66850f9b9d20@group-35DAF16C14CE-LeaderElection27] INFO  metrics.RatisMetrics (RatisMetrics.java:lambda$create$0(36)) - Creating Metrics Registry : ratis_grpc.log_appender.ca9dc723-67a1-4a65-9480-66850f9b9d20@group-35DAF16C14CE
2021-07-03 01:53:11,072 [grpc-default-executor-1] INFO  impl.RoleInfo (RoleInfo.java:updateAndGet(130)) - 8fa4ef72-0e52-420c-b0d5-60420e93c6a9: start 8fa4ef72-0e52-420c-b0d5-60420e93c6a9@group-35DAF16C14CE-FollowerState
2021-07-03 01:53:11,075 [bae6930e-8ae4-497b-9eaa-87fb2ec79d16@group-97EA473A16A6-StateMachineUpdater] INFO  safemode.HealthyPipelineSafeModeRule (HealthyPipelineSafeModeRule.java:initializeRule(152)) - Refreshed total pipeline count is 1, healthy pipeline threshold count is 1
2021-07-03 01:53:11,075 [grpc-default-executor-1] INFO  server.RaftServer$Division (RaftServerImpl.java:requestVote(1074)) - 8fa4ef72-0e52-420c-b0d5-60420e93c6a9@group-35DAF16C14CE replies to ELECTION vote request: ca9dc723-67a1-4a65-9480-66850f9b9d20<-8fa4ef72-0e52-420c-b0d5-60420e93c6a9#0:OK-t3. Peer's state: 8fa4ef72-0e52-420c-b0d5-60420e93c6a9@group-35DAF16C14CE:t3, leader=null, voted=ca9dc723-67a1-4a65-9480-66850f9b9d20, raftlog=8fa4ef72-0e52-420c-b0d5-60420e93c6a9@group-35DAF16C14CE-SegmentedRaftLog:OPENED:c-1,f-1,i0, conf=-1: [ca9dc723-67a1-4a65-9480-66850f9b9d20|rpc:127.0.0.1:37533|dataStream:|priority:1, 48a93f24-2ce5-44e8-b9e2-5628d9c2ac97|rpc:127.0.0.1:36777|dataStream:|priority:0, 8fa4ef72-0e52-420c-b0d5-60420e93c6a9|rpc:127.0.0.1:35781|dataStream:|priority:0], old=null
2021-07-03 01:53:11,075 [8fa4ef72-0e52-420c-b0d5-60420e93c6a9@group-35DAF16C14CE-FollowerState] INFO  impl.FollowerState (FollowerState.java:run(134)) - 8fa4ef72-0e52-420c-b0d5-60420e93c6a9@group-35DAF16C14CE-FollowerState: change to CANDIDATE, lastRpcElapsedTime:5140390657ns, electionTimeout:5129ms
2021-07-03 01:53:11,075 [8fa4ef72-0e52-420c-b0d5-60420e93c6a9@group-35DAF16C14CE-FollowerState] INFO  impl.RoleInfo (RoleInfo.java:shutdownFollowerState(108)) - 8fa4ef72-0e52-420c-b0d5-60420e93c6a9: shutdown 8fa4ef72-0e52-420c-b0d5-60420e93c6a9@group-35DAF16C14CE-FollowerState
2021-07-03 01:53:11,075 [8fa4ef72-0e52-420c-b0d5-60420e93c6a9@group-35DAF16C14CE-FollowerState] INFO  server.RaftServer$Division (RaftServerImpl.java:setRole(284)) - 8fa4ef72-0e52-420c-b0d5-60420e93c6a9@group-35DAF16C14CE: changes role from  FOLLOWER to CANDIDATE at term 3 for changeToCandidate
2021-07-03 01:53:11,076 [8fa4ef72-0e52-420c-b0d5-60420e93c6a9@group-35DAF16C14CE-FollowerState] INFO  server.RaftServerConfigKeys (ConfUtils.java:logGet(44)) - raft.server.leaderelection.pre-vote = false (custom)
2021-07-03 01:53:11,076 [8fa4ef72-0e52-420c-b0d5-60420e93c6a9@group-35DAF16C14CE-FollowerState] INFO  impl.RoleInfo (RoleInfo.java:updateAndGet(130)) - 8fa4ef72-0e52-420c-b0d5-60420e93c6a9: start 8fa4ef72-0e52-420c-b0d5-60420e93c6a9@group-35DAF16C14CE-LeaderElection28
2021-07-03 01:53:11,076 [EventQueue-PipelineReportForPipelineReportHandler] INFO  ha.SCMHAInvocationHandler (SCMHAInvocationHandler.java:invokeRatis(113)) - Invoking method public abstract void org.apache.hadoop.hdds.scm.pipeline.StateManager.updatePipelineState(org.apache.hadoop.hdds.protocol.proto.HddsProtos$PipelineID,org.apache.hadoop.hdds.protocol.proto.HddsProtos$PipelineState) throws java.io.IOException on target org.apache.hadoop.hdds.scm.ha.SCMRatisServerImpl@45a02fd2, cost 9124.47us
2021-07-03 01:53:11,076 [EventQueue-OpenPipelineForHealthyPipelineSafeModeRule] INFO  safemode.SCMSafeModeManager (HealthyPipelineSafeModeRule.java:process(124)) - SCM in safe mode. Healthy pipelines reported count is 1, required healthy pipeline reported count is 1
2021-07-03 01:53:11,076 [EventQueue-OpenPipelineForHealthyPipelineSafeModeRule] INFO  safemode.SCMSafeModeManager (SCMSafeModeManager.java:validateSafeModeExitRules(204)) - HealthyPipelineSafeModeRule rule is successfully validated
2021-07-03 01:53:11,076 [EventQueue-OpenPipelineForHealthyPipelineSafeModeRule] INFO  safemode.SCMSafeModeManager (SCMSafeModeManager.java:validateSafeModeExitRules(219)) - ScmSafeModeManager, all rules are successfully validated
2021-07-03 01:53:11,076 [EventQueue-OpenPipelineForHealthyPipelineSafeModeRule] INFO  safemode.SCMSafeModeManager (SCMSafeModeManager.java:exitSafeMode(248)) - SCM exiting safe mode.
2021-07-03 01:53:11,076 [EventQueue-OpenPipelineForHealthyPipelineSafeModeRule] WARN  events.EventQueue (EventQueue.java:fireEvent(194)) - No event handler registered for event TypedEvent{payloadType=SafeModeStatus, name='Safe mode status'}
2021-07-03 01:53:11,076 [EventQueue-OpenPipelineForHealthyPipelineSafeModeRule] INFO  ha.SCMContext (SCMContext.java:updateSafeModeStatus(208)) - Update SafeModeStatus from SafeModeStatus{safeModeStatus=true, preCheckPassed=true} to SafeModeStatus{safeModeStatus=false, preCheckPassed=true}.
2021-07-03 01:53:11,076 [EventQueue-OpenPipelineForHealthyPipelineSafeModeRule] INFO  container.ReplicationManager (ReplicationManager.java:notifyStatusChanged(1279)) - Service ReplicationManager transitions to RUNNING.
2021-07-03 01:53:11,076 [ca9dc723-67a1-4a65-9480-66850f9b9d20@group-35DAF16C14CE-LeaderElection27] INFO  server.RaftServerConfigKeys (ConfUtils.java:logGet(44)) - raft.server.log.appender.snapshot.chunk.size.max = 16MB (=16777216) (default)
2021-07-03 01:53:11,076 [ca9dc723-67a1-4a65-9480-66850f9b9d20@group-35DAF16C14CE-LeaderElection27] INFO  server.RaftServerConfigKeys (ConfUtils.java:logGet(44)) - raft.server.log.appender.buffer.byte-limit = 33554432 (custom)
2021-07-03 01:53:11,077 [ca9dc723-67a1-4a65-9480-66850f9b9d20@group-35DAF16C14CE-LeaderElection27] INFO  server.RaftServerConfigKeys (ConfUtils.java:logGet(44)) - raft.server.log.appender.buffer.element-limit = 1 (custom)
2021-07-03 01:53:11,088 [8fa4ef72-0e52-420c-b0d5-60420e93c6a9@group-35DAF16C14CE-FollowerState] INFO  impl.FollowerState (FollowerState.java:run(143)) - 8fa4ef72-0e52-420c-b0d5-60420e93c6a9@group-35DAF16C14CE-FollowerState was interrupted: {}
java.lang.InterruptedException: sleep interrupted
	at java.lang.Thread.sleep(Native Method)
	at java.lang.Thread.sleep(Thread.java:340)
	at java.util.concurrent.TimeUnit.sleep(TimeUnit.java:386)
	at org.apache.ratis.util.TimeDuration.sleep(TimeDuration.java:324)
	at org.apache.ratis.util.TimeDuration.sleep(TimeDuration.java:309)
	at org.apache.ratis.server.impl.FollowerState.run(FollowerState.java:118)
2021-07-03 01:53:11,088 [ca9dc723-67a1-4a65-9480-66850f9b9d20@group-35DAF16C14CE-LeaderElection27] INFO  grpc.GrpcConfigKeys (ConfUtils.java:logGet(44)) - raft.grpc.server.leader.outstanding.appends.max = 128 (default)
2021-07-03 01:53:11,088 [ca9dc723-67a1-4a65-9480-66850f9b9d20@group-35DAF16C14CE-LeaderElection27] INFO  server.RaftServerConfigKeys (ConfUtils.java:logGet(44)) - raft.server.rpc.request.timeout = 60s (custom)
2021-07-03 01:53:11,088 [ca9dc723-67a1-4a65-9480-66850f9b9d20@group-35DAF16C14CE-LeaderElection27] INFO  server.RaftServerConfigKeys (ConfUtils.java:logGet(44)) - raft.server.log.appender.install.snapshot.enabled = false (custom)
2021-07-03 01:53:11,089 [72fc5de2-a3f7-4fa9-972b-1bbfdbde045f@group-97EA473A16A6-StateMachineUpdater] INFO  safemode.HealthyPipelineSafeModeRule (HealthyPipelineSafeModeRule.java:initializeRule(152)) - Refreshed total pipeline count is 1, healthy pipeline threshold count is 1
2021-07-03 01:53:11,091 [8fa4ef72-0e52-420c-b0d5-60420e93c6a9@group-35DAF16C14CE-LeaderElection28] INFO  impl.LeaderElection (LeaderElection.java:askForVotes(306)) - 8fa4ef72-0e52-420c-b0d5-60420e93c6a9@group-35DAF16C14CE-LeaderElection28 ELECTION round 0: submit vote requests at term 4 for -1: [ca9dc723-67a1-4a65-9480-66850f9b9d20|rpc:127.0.0.1:37533|dataStream:|priority:1, 48a93f24-2ce5-44e8-b9e2-5628d9c2ac97|rpc:127.0.0.1:36777|dataStream:|priority:0, 8fa4ef72-0e52-420c-b0d5-60420e93c6a9|rpc:127.0.0.1:35781|dataStream:|priority:0], old=null
2021-07-03 01:53:11,092 [ca9dc723-67a1-4a65-9480-66850f9b9d20@group-35DAF16C14CE-LeaderElection27] INFO  impl.RoleInfo (RoleInfo.java:updateAndGet(130)) - ca9dc723-67a1-4a65-9480-66850f9b9d20: start ca9dc723-67a1-4a65-9480-66850f9b9d20@group-35DAF16C14CE-LeaderStateImpl
2021-07-03 01:53:11,092 [ca9dc723-67a1-4a65-9480-66850f9b9d20@group-35DAF16C14CE-LeaderElection27] INFO  segmented.SegmentedRaftLogWorker (SegmentedRaftLogWorker.java:startLogSegment(394)) - ca9dc723-67a1-4a65-9480-66850f9b9d20@group-35DAF16C14CE-SegmentedRaftLogWorker: Starting segment from index:0
2021-07-03 01:53:11,099 [ca9dc723-67a1-4a65-9480-66850f9b9d20@group-35DAF16C14CE-SegmentedRaftLogWorker] INFO  segmented.SegmentedRaftLogWorker (SegmentedRaftLogWorker.java:execute(601)) - ca9dc723-67a1-4a65-9480-66850f9b9d20@group-35DAF16C14CE-SegmentedRaftLogWorker: created new log segment /home/runner/work/ozone/ozone/mnt/ozone/hadoop-ozone/integration-test/target/test-dir/MiniOzoneClusterImpl-6d7611b0-ac11-41e1-98f8-97ea473a16a6/datanode-1/data/ratis/dcae577b-b0f7-4d18-86dc-35daf16c14ce/current/log_inprogress_0
2021-07-03 01:53:11,105 [ca9dc723-67a1-4a65-9480-66850f9b9d20@group-35DAF16C14CE-LeaderElection27] INFO  server.RaftServer$Division (ServerState.java:setRaftConf(373)) - ca9dc723-67a1-4a65-9480-66850f9b9d20@group-35DAF16C14CE: set configuration 0: [ca9dc723-67a1-4a65-9480-66850f9b9d20|rpc:127.0.0.1:37533|dataStream:|priority:1, 48a93f24-2ce5-44e8-b9e2-5628d9c2ac97|rpc:127.0.0.1:36777|dataStream:|priority:0, 8fa4ef72-0e52-420c-b0d5-60420e93c6a9|rpc:127.0.0.1:35781|dataStream:|priority:0], old=null
2021-07-03 01:53:11,108 [grpc-default-executor-0] INFO  server.RaftServer$Division (RaftServerImpl.java:requestVote(1042)) - ca9dc723-67a1-4a65-9480-66850f9b9d20@group-35DAF16C14CE: receive requestVote(ELECTION, 8fa4ef72-0e52-420c-b0d5-60420e93c6a9, group-35DAF16C14CE, 4, (t:0, i:0))
2021-07-03 01:53:11,108 [grpc-default-executor-1] INFO  server.RaftServer$Division (RaftServerImpl.java:requestVote(1042)) - 48a93f24-2ce5-44e8-b9e2-5628d9c2ac97@group-35DAF16C14CE: receive requestVote(ELECTION, 8fa4ef72-0e52-420c-b0d5-60420e93c6a9, group-35DAF16C14CE, 4, (t:0, i:0))
2021-07-03 01:53:11,108 [grpc-default-executor-1] INFO  impl.VoteContext (VoteContext.java:log(48)) - 48a93f24-2ce5-44e8-b9e2-5628d9c2ac97@group-35DAF16C14CE-FOLLOWER: accept ELECTION from 8fa4ef72-0e52-420c-b0d5-60420e93c6a9: our priority 0 <= candidate's priority 0
2021-07-03 01:53:11,108 [grpc-default-executor-1] INFO  server.RaftServer$Division (RaftServerImpl.java:setRole(284)) - 48a93f24-2ce5-44e8-b9e2-5628d9c2ac97@group-35DAF16C14CE: changes role from  FOLLOWER to FOLLOWER at term 4 for candidate:8fa4ef72-0e52-420c-b0d5-60420e93c6a9
2021-07-03 01:53:11,108 [grpc-default-executor-1] INFO  impl.RoleInfo (RoleInfo.java:shutdownFollowerState(108)) - 48a93f24-2ce5-44e8-b9e2-5628d9c2ac97: shutdown 48a93f24-2ce5-44e8-b9e2-5628d9c2ac97@group-35DAF16C14CE-FollowerState
2021-07-03 01:53:11,108 [48a93f24-2ce5-44e8-b9e2-5628d9c2ac97@group-35DAF16C14CE-FollowerState] INFO  impl.FollowerState (FollowerState.java:run(143)) - 48a93f24-2ce5-44e8-b9e2-5628d9c2ac97@group-35DAF16C14CE-FollowerState was interrupted: {}
java.lang.InterruptedException: sleep interrupted
	at java.lang.Thread.sleep(Native Method)
	at java.lang.Thread.sleep(Thread.java:340)
	at java.util.concurrent.TimeUnit.sleep(TimeUnit.java:386)
	at org.apache.ratis.util.TimeDuration.sleep(TimeDuration.java:324)
	at org.apache.ratis.util.TimeDuration.sleep(TimeDuration.java:309)
	at org.apache.ratis.server.impl.FollowerState.run(FollowerState.java:118)
2021-07-03 01:53:11,108 [ca9dc723-67a1-4a65-9480-66850f9b9d20@group-0ABB88D0A2E0-FollowerState] INFO  impl.FollowerState (FollowerState.java:run(134)) - ca9dc723-67a1-4a65-9480-66850f9b9d20@group-0ABB88D0A2E0-FollowerState: change to CANDIDATE, lastRpcElapsedTime:5006873733ns, electionTimeout:5000ms
2021-07-03 01:53:11,108 [ca9dc723-67a1-4a65-9480-66850f9b9d20@group-0ABB88D0A2E0-FollowerState] INFO  impl.RoleInfo (RoleInfo.java:shutdownFollowerState(108)) - ca9dc723-67a1-4a65-9480-66850f9b9d20: shutdown ca9dc723-67a1-4a65-9480-66850f9b9d20@group-0ABB88D0A2E0-FollowerState
2021-07-03 01:53:11,108 [ca9dc723-67a1-4a65-9480-66850f9b9d20@group-0ABB88D0A2E0-FollowerState] INFO  server.RaftServer$Division (RaftServerImpl.java:setRole(284)) - ca9dc723-67a1-4a65-9480-66850f9b9d20@group-0ABB88D0A2E0: changes role from  FOLLOWER to CANDIDATE at term 2 for changeToCandidate
2021-07-03 01:53:11,108 [ca9dc723-67a1-4a65-9480-66850f9b9d20@group-0ABB88D0A2E0-FollowerState] INFO  server.RaftServerConfigKeys (ConfUtils.java:logGet(44)) - raft.server.leaderelection.pre-vote = false (custom)
2021-07-03 01:53:11,108 [ca9dc723-67a1-4a65-9480-66850f9b9d20@group-0ABB88D0A2E0-FollowerState] INFO  impl.RoleInfo (RoleInfo.java:updateAndGet(130)) - ca9dc723-67a1-4a65-9480-66850f9b9d20: start ca9dc723-67a1-4a65-9480-66850f9b9d20@group-0ABB88D0A2E0-LeaderElection29
2021-07-03 01:53:11,108 [grpc-default-executor-1] INFO  impl.RoleInfo (RoleInfo.java:updateAndGet(130)) - 48a93f24-2ce5-44e8-b9e2-5628d9c2ac97: start 48a93f24-2ce5-44e8-b9e2-5628d9c2ac97@group-35DAF16C14CE-FollowerState
2021-07-03 01:53:11,111 [grpc-default-executor-1] INFO  server.RaftServer$Division (RaftServerImpl.java:requestVote(1074)) - 48a93f24-2ce5-44e8-b9e2-5628d9c2ac97@group-35DAF16C14CE replies to ELECTION vote request: 8fa4ef72-0e52-420c-b0d5-60420e93c6a9<-48a93f24-2ce5-44e8-b9e2-5628d9c2ac97#0:OK-t4. Peer's state: 48a93f24-2ce5-44e8-b9e2-5628d9c2ac97@group-35DAF16C14CE:t4, leader=null, voted=8fa4ef72-0e52-420c-b0d5-60420e93c6a9, raftlog=48a93f24-2ce5-44e8-b9e2-5628d9c2ac97@group-35DAF16C14CE-SegmentedRaftLog:OPENED:c-1,f-1,i0, conf=-1: [ca9dc723-67a1-4a65-9480-66850f9b9d20|rpc:127.0.0.1:37533|priority:1, 48a93f24-2ce5-44e8-b9e2-5628d9c2ac97|rpc:127.0.0.1:36777|priority:0, 8fa4ef72-0e52-420c-b0d5-60420e93c6a9|rpc:127.0.0.1:35781|priority:0], old=null
2021-07-03 01:53:11,111 [grpc-default-executor-0] INFO  impl.VoteContext (VoteContext.java:log(48)) - ca9dc723-67a1-4a65-9480-66850f9b9d20@group-35DAF16C14CE-LEADER: reject ELECTION from 8fa4ef72-0e52-420c-b0d5-60420e93c6a9: our last entry (t:3, i:0) > candidate's last entry (t:0, i:0)
2021-07-03 01:53:11,111 [grpc-default-executor-0] INFO  server.RaftServer$Division (ServerState.java:setLeader(271)) - ca9dc723-67a1-4a65-9480-66850f9b9d20@group-35DAF16C14CE: change Leader from ca9dc723-67a1-4a65-9480-66850f9b9d20 to null at term 4 for updateCurrentTerm
2021-07-03 01:53:11,111 [grpc-default-executor-0] INFO  server.RaftServer$Division (RaftServerImpl.java:setRole(284)) - ca9dc723-67a1-4a65-9480-66850f9b9d20@group-35DAF16C14CE: changes role from    LEADER to FOLLOWER at term 4 for candidate:8fa4ef72-0e52-420c-b0d5-60420e93c6a9
2021-07-03 01:53:11,111 [grpc-default-executor-0] INFO  impl.RoleInfo (RoleInfo.java:shutdownLeaderState(91)) - ca9dc723-67a1-4a65-9480-66850f9b9d20: shutdown ca9dc723-67a1-4a65-9480-66850f9b9d20@group-35DAF16C14CE-LeaderStateImpl
2021-07-03 01:53:11,111 [grpc-default-executor-0] INFO  metrics.RatisMetrics (RatisMetrics.java:unregister(43)) - Unregistering Metrics Registry : ratis_grpc.log_appender.ca9dc723-67a1-4a65-9480-66850f9b9d20@group-35DAF16C14CE
2021-07-03 01:53:11,111 [grpc-default-executor-0] INFO  metrics.RatisMetrics (RatisMetrics.java:unregister(43)) - Unregistering Metrics Registry : ratis_grpc.log_appender.ca9dc723-67a1-4a65-9480-66850f9b9d20@group-35DAF16C14CE
2021-07-03 01:53:11,112 [grpc-default-executor-0] INFO  impl.PendingRequests (PendingRequests.java:sendNotLeaderResponses(249)) - ca9dc723-67a1-4a65-9480-66850f9b9d20@group-35DAF16C14CE-PendingRequests: sendNotLeaderResponses
2021-07-03 01:53:11,112 [grpc-default-executor-0] INFO  metrics.RatisMetrics (RatisMetrics.java:unregister(43)) - Unregistering Metrics Registry : ratis.log_appender.ca9dc723-67a1-4a65-9480-66850f9b9d20@group-35DAF16C14CE
2021-07-03 01:53:11,112 [grpc-default-executor-0] INFO  metrics.RatisMetrics (RatisMetrics.java:unregister(43)) - Unregistering Metrics Registry : ratis.server.ca9dc723-67a1-4a65-9480-66850f9b9d20@group-35DAF16C14CE
2021-07-03 01:53:11,112 [grpc-default-executor-0] INFO  impl.RoleInfo (RoleInfo.java:updateAndGet(130)) - ca9dc723-67a1-4a65-9480-66850f9b9d20: start ca9dc723-67a1-4a65-9480-66850f9b9d20@group-35DAF16C14CE-FollowerState
2021-07-03 01:53:11,113 [grpc-default-executor-3] INFO  server.GrpcServerProtocolService (GrpcServerProtocolService.java:onCompleted(140)) - 8fa4ef72-0e52-420c-b0d5-60420e93c6a9: Completed APPEND_ENTRIES, lastRequest: null
2021-07-03 01:53:11,115 [grpc-default-executor-0] INFO  server.RaftServer$Division (RaftServerImpl.java:requestVote(1074)) - ca9dc723-67a1-4a65-9480-66850f9b9d20@group-35DAF16C14CE replies to ELECTION vote request: 8fa4ef72-0e52-420c-b0d5-60420e93c6a9<-ca9dc723-67a1-4a65-9480-66850f9b9d20#0:FAIL-t4. Peer's state: ca9dc723-67a1-4a65-9480-66850f9b9d20@group-35DAF16C14CE:t4, leader=null, voted=null, raftlog=ca9dc723-67a1-4a65-9480-66850f9b9d20@group-35DAF16C14CE-SegmentedRaftLog:OPENED:c0,f0,i0, conf=0: [ca9dc723-67a1-4a65-9480-66850f9b9d20|rpc:127.0.0.1:37533|dataStream:|priority:1, 48a93f24-2ce5-44e8-b9e2-5628d9c2ac97|rpc:127.0.0.1:36777|dataStream:|priority:0, 8fa4ef72-0e52-420c-b0d5-60420e93c6a9|rpc:127.0.0.1:35781|dataStream:|priority:0], old=null
2021-07-03 01:53:11,115 [grpc-default-executor-3] INFO  server.GrpcLogAppender (GrpcLogAppender.java:onCompleted(344)) - ca9dc723-67a1-4a65-9480-66850f9b9d20@group-35DAF16C14CE->8fa4ef72-0e52-420c-b0d5-60420e93c6a9-AppendLogResponseHandler: follower responses appendEntries COMPLETED
2021-07-03 01:53:11,115 [grpc-default-executor-3] INFO  leader.FollowerInfo (FollowerInfoImpl.java:lambda$new$0(46)) - ca9dc723-67a1-4a65-9480-66850f9b9d20@group-35DAF16C14CE->8fa4ef72-0e52-420c-b0d5-60420e93c6a9: nextIndex: updateUnconditionally 0 -> 0
2021-07-03 01:53:11,115 [8fa4ef72-0e52-420c-b0d5-60420e93c6a9@group-35DAF16C14CE-LeaderElection28] INFO  impl.LeaderElection (LeaderElection.java:logAndReturn(89)) - 8fa4ef72-0e52-420c-b0d5-60420e93c6a9@group-35DAF16C14CE-LeaderElection28: ELECTION REJECTED received 2 response(s) and 0 exception(s):
2021-07-03 01:53:11,115 [8fa4ef72-0e52-420c-b0d5-60420e93c6a9@group-35DAF16C14CE-LeaderElection28] INFO  impl.LeaderElection (LeaderElection.java:logAndReturn(93)) -   Response 0: 8fa4ef72-0e52-420c-b0d5-60420e93c6a9<-ca9dc723-67a1-4a65-9480-66850f9b9d20#0:FAIL-t4
2021-07-03 01:53:11,115 [8fa4ef72-0e52-420c-b0d5-60420e93c6a9@group-35DAF16C14CE-LeaderElection28] INFO  impl.LeaderElection (LeaderElection.java:logAndReturn(93)) -   Response 1: 8fa4ef72-0e52-420c-b0d5-60420e93c6a9<-48a93f24-2ce5-44e8-b9e2-5628d9c2ac97#0:OK-t4
2021-07-03 01:53:11,115 [8fa4ef72-0e52-420c-b0d5-60420e93c6a9@group-35DAF16C14CE-LeaderElection28] INFO  impl.LeaderElection (LeaderElection.java:askForVotes(308)) - 8fa4ef72-0e52-420c-b0d5-60420e93c6a9@group-35DAF16C14CE-LeaderElection28 ELECTION round 0: result REJECTED
2021-07-03 01:53:11,115 [8fa4ef72-0e52-420c-b0d5-60420e93c6a9@group-35DAF16C14CE-LeaderElection28] INFO  server.RaftServer$Division (RaftServerImpl.java:setRole(284)) - 8fa4ef72-0e52-420c-b0d5-60420e93c6a9@group-35DAF16C14CE: changes role from CANDIDATE to FOLLOWER at term 4 for REJECTED
2021-07-03 01:53:11,115 [8fa4ef72-0e52-420c-b0d5-60420e93c6a9@group-35DAF16C14CE-LeaderElection28] INFO  impl.RoleInfo (RoleInfo.java:shutdownLeaderElection(121)) - 8fa4ef72-0e52-420c-b0d5-60420e93c6a9: shutdown 8fa4ef72-0e52-420c-b0d5-60420e93c6a9@group-35DAF16C14CE-LeaderElection28
2021-07-03 01:53:11,116 [8fa4ef72-0e52-420c-b0d5-60420e93c6a9@group-35DAF16C14CE-LeaderElection28] INFO  impl.RoleInfo (RoleInfo.java:updateAndGet(130)) - 8fa4ef72-0e52-420c-b0d5-60420e93c6a9: start 8fa4ef72-0e52-420c-b0d5-60420e93c6a9@group-35DAF16C14CE-FollowerState
2021-07-03 01:53:11,130 [grpc-default-executor-0] INFO  server.GrpcServerProtocolService (GrpcServerProtocolService.java:onCompleted(140)) - 48a93f24-2ce5-44e8-b9e2-5628d9c2ac97: Completed APPEND_ENTRIES, lastRequest: ca9dc723-67a1-4a65-9480-66850f9b9d20->48a93f24-2ce5-44e8-b9e2-5628d9c2ac97#1-t3,previous=(t:0, i:0),leaderCommit=0,initializing? true,entries: size=1, first=(t:3, i:0), CONFIGURATIONENTRY
2021-07-03 01:53:11,130 [grpc-default-executor-4] INFO  server.GrpcLogAppender (GrpcLogAppender.java:onCompleted(344)) - ca9dc723-67a1-4a65-9480-66850f9b9d20@group-35DAF16C14CE->48a93f24-2ce5-44e8-b9e2-5628d9c2ac97-AppendLogResponseHandler: follower responses appendEntries COMPLETED
2021-07-03 01:53:11,130 [grpc-default-executor-4] INFO  leader.FollowerInfo (FollowerInfoImpl.java:lambda$new$0(46)) - ca9dc723-67a1-4a65-9480-66850f9b9d20@group-35DAF16C14CE->48a93f24-2ce5-44e8-b9e2-5628d9c2ac97: nextIndex: updateUnconditionally 1 -> 0
2021-07-03 01:53:11,131 [ca9dc723-67a1-4a65-9480-66850f9b9d20@group-0ABB88D0A2E0-LeaderElection29] INFO  impl.LeaderElection (LeaderElection.java:askForVotes(306)) - ca9dc723-67a1-4a65-9480-66850f9b9d20@group-0ABB88D0A2E0-LeaderElection29 ELECTION round 0: submit vote requests at term 3 for -1: [ca9dc723-67a1-4a65-9480-66850f9b9d20|rpc:127.0.0.1:37533|priority:0, 48a93f24-2ce5-44e8-b9e2-5628d9c2ac97|rpc:127.0.0.1:36777|priority:0, 8fa4ef72-0e52-420c-b0d5-60420e93c6a9|rpc:127.0.0.1:35781|priority:1], old=null
2021-07-03 01:53:11,134 [grpc-default-executor-0] INFO  server.RaftServer$Division (RaftServerImpl.java:requestVote(1042)) - 48a93f24-2ce5-44e8-b9e2-5628d9c2ac97@group-0ABB88D0A2E0: receive requestVote(ELECTION, ca9dc723-67a1-4a65-9480-66850f9b9d20, group-0ABB88D0A2E0, 3, (t:0, i:0))
2021-07-03 01:53:11,134 [grpc-default-executor-0] INFO  impl.VoteContext (VoteContext.java:log(48)) - 48a93f24-2ce5-44e8-b9e2-5628d9c2ac97@group-0ABB88D0A2E0-FOLLOWER: accept ELECTION from ca9dc723-67a1-4a65-9480-66850f9b9d20: our priority 0 <= candidate's priority 0
2021-07-03 01:53:11,134 [grpc-default-executor-0] INFO  server.RaftServer$Division (RaftServerImpl.java:setRole(284)) - 48a93f24-2ce5-44e8-b9e2-5628d9c2ac97@group-0ABB88D0A2E0: changes role from  FOLLOWER to FOLLOWER at term 3 for candidate:ca9dc723-67a1-4a65-9480-66850f9b9d20
2021-07-03 01:53:11,134 [grpc-default-executor-0] INFO  impl.RoleInfo (RoleInfo.java:shutdownFollowerState(108)) - 48a93f24-2ce5-44e8-b9e2-5628d9c2ac97: shutdown 48a93f24-2ce5-44e8-b9e2-5628d9c2ac97@group-0ABB88D0A2E0-FollowerState
2021-07-03 01:53:11,134 [grpc-default-executor-0] INFO  impl.RoleInfo (RoleInfo.java:updateAndGet(130)) - 48a93f24-2ce5-44e8-b9e2-5628d9c2ac97: start 48a93f24-2ce5-44e8-b9e2-5628d9c2ac97@group-0ABB88D0A2E0-FollowerState
2021-07-03 01:53:11,134 [48a93f24-2ce5-44e8-b9e2-5628d9c2ac97@group-0ABB88D0A2E0-FollowerState] INFO  impl.FollowerState (FollowerState.java:run(143)) - 48a93f24-2ce5-44e8-b9e2-5628d9c2ac97@group-0ABB88D0A2E0-FollowerState was interrupted: {}
java.lang.InterruptedException: sleep interrupted
	at java.lang.Thread.sleep(Native Method)
	at java.lang.Thread.sleep(Thread.java:340)
	at java.util.concurrent.TimeUnit.sleep(TimeUnit.java:386)
	at org.apache.ratis.util.TimeDuration.sleep(TimeDuration.java:324)
	at org.apache.ratis.util.TimeDuration.sleep(TimeDuration.java:309)
	at org.apache.ratis.server.impl.FollowerState.run(FollowerState.java:118)
2021-07-03 01:53:11,137 [grpc-default-executor-0] INFO  server.RaftServer$Division (RaftServerImpl.java:requestVote(1074)) - 48a93f24-2ce5-44e8-b9e2-5628d9c2ac97@group-0ABB88D0A2E0 replies to ELECTION vote request: ca9dc723-67a1-4a65-9480-66850f9b9d20<-48a93f24-2ce5-44e8-b9e2-5628d9c2ac97#0:OK-t3. Peer's state: 48a93f24-2ce5-44e8-b9e2-5628d9c2ac97@group-0ABB88D0A2E0:t3, leader=null, voted=ca9dc723-67a1-4a65-9480-66850f9b9d20, raftlog=48a93f24-2ce5-44e8-b9e2-5628d9c2ac97@group-0ABB88D0A2E0-SegmentedRaftLog:OPENED:c-1,f-1,i0, conf=-1: [ca9dc723-67a1-4a65-9480-66850f9b9d20|rpc:127.0.0.1:37533|priority:0, 48a93f24-2ce5-44e8-b9e2-5628d9c2ac97|rpc:127.0.0.1:36777|priority:0, 8fa4ef72-0e52-420c-b0d5-60420e93c6a9|rpc:127.0.0.1:35781|priority:1], old=null
2021-07-03 01:53:11,137 [grpc-default-executor-4] INFO  server.RaftServer$Division (RaftServerImpl.java:requestVote(1042)) - 8fa4ef72-0e52-420c-b0d5-60420e93c6a9@group-0ABB88D0A2E0: receive requestVote(ELECTION, ca9dc723-67a1-4a65-9480-66850f9b9d20, group-0ABB88D0A2E0, 3, (t:0, i:0))
2021-07-03 01:53:11,137 [grpc-default-executor-4] INFO  impl.VoteContext (VoteContext.java:log(48)) - 8fa4ef72-0e52-420c-b0d5-60420e93c6a9@group-0ABB88D0A2E0-FOLLOWER: reject ELECTION from ca9dc723-67a1-4a65-9480-66850f9b9d20: our priority 1 > candidate's priority 0
2021-07-03 01:53:11,137 [grpc-default-executor-4] INFO  server.RaftServer$Division (RaftServerImpl.java:setRole(284)) - 8fa4ef72-0e52-420c-b0d5-60420e93c6a9@group-0ABB88D0A2E0: changes role from  FOLLOWER to FOLLOWER at term 3 for candidate:ca9dc723-67a1-4a65-9480-66850f9b9d20
2021-07-03 01:53:11,137 [grpc-default-executor-4] INFO  impl.RoleInfo (RoleInfo.java:shutdownFollowerState(108)) - 8fa4ef72-0e52-420c-b0d5-60420e93c6a9: shutdown 8fa4ef72-0e52-420c-b0d5-60420e93c6a9@group-0ABB88D0A2E0-FollowerState
2021-07-03 01:53:11,138 [grpc-default-executor-4] INFO  impl.RoleInfo (RoleInfo.java:updateAndGet(130)) - 8fa4ef72-0e52-420c-b0d5-60420e93c6a9: start 8fa4ef72-0e52-420c-b0d5-60420e93c6a9@group-0ABB88D0A2E0-FollowerState
2021-07-03 01:53:11,138 [8fa4ef72-0e52-420c-b0d5-60420e93c6a9@group-0ABB88D0A2E0-FollowerState] INFO  impl.FollowerState (FollowerState.java:run(143)) - 8fa4ef72-0e52-420c-b0d5-60420e93c6a9@group-0ABB88D0A2E0-FollowerState was interrupted: {}
java.lang.InterruptedException: sleep interrupted
	at java.lang.Thread.sleep(Native Method)
	at java.lang.Thread.sleep(Thread.java:340)
	at java.util.concurrent.TimeUnit.sleep(TimeUnit.java:386)
	at org.apache.ratis.util.TimeDuration.sleep(TimeDuration.java:324)
	at org.apache.ratis.util.TimeDuration.sleep(TimeDuration.java:309)
	at org.apache.ratis.server.impl.FollowerState.run(FollowerState.java:118)
2021-07-03 01:53:11,140 [grpc-default-executor-4] INFO  server.RaftServer$Division (RaftServerImpl.java:requestVote(1074)) - 8fa4ef72-0e52-420c-b0d5-60420e93c6a9@group-0ABB88D0A2E0 replies to ELECTION vote request: ca9dc723-67a1-4a65-9480-66850f9b9d20<-8fa4ef72-0e52-420c-b0d5-60420e93c6a9#0:FAIL-t3. Peer's state: 8fa4ef72-0e52-420c-b0d5-60420e93c6a9@group-0ABB88D0A2E0:t3, leader=null, voted=null, raftlog=8fa4ef72-0e52-420c-b0d5-60420e93c6a9@group-0ABB88D0A2E0-SegmentedRaftLog:OPENED:c-1,f-1,i0, conf=-1: [ca9dc723-67a1-4a65-9480-66850f9b9d20|rpc:127.0.0.1:37533|dataStream:|priority:0, 48a93f24-2ce5-44e8-b9e2-5628d9c2ac97|rpc:127.0.0.1:36777|dataStream:|priority:0, 8fa4ef72-0e52-420c-b0d5-60420e93c6a9|rpc:127.0.0.1:35781|dataStream:|priority:1], old=null
2021-07-03 01:53:11,140 [ca9dc723-67a1-4a65-9480-66850f9b9d20@group-0ABB88D0A2E0-LeaderElection29] INFO  impl.LeaderElection (LeaderElection.java:logAndReturn(89)) - ca9dc723-67a1-4a65-9480-66850f9b9d20@group-0ABB88D0A2E0-LeaderElection29: ELECTION REJECTED received 2 response(s) and 0 exception(s):
2021-07-03 01:53:11,140 [ca9dc723-67a1-4a65-9480-66850f9b9d20@group-0ABB88D0A2E0-LeaderElection29] INFO  impl.LeaderElection (LeaderElection.java:logAndReturn(93)) -   Response 0: ca9dc723-67a1-4a65-9480-66850f9b9d20<-48a93f24-2ce5-44e8-b9e2-5628d9c2ac97#0:OK-t3
2021-07-03 01:53:11,140 [ca9dc723-67a1-4a65-9480-66850f9b9d20@group-0ABB88D0A2E0-LeaderElection29] INFO  impl.LeaderElection (LeaderElection.java:logAndReturn(93)) -   Response 1: ca9dc723-67a1-4a65-9480-66850f9b9d20<-8fa4ef72-0e52-420c-b0d5-60420e93c6a9#0:FAIL-t3
2021-07-03 01:53:11,140 [ca9dc723-67a1-4a65-9480-66850f9b9d20@group-0ABB88D0A2E0-LeaderElection29] INFO  impl.LeaderElection (LeaderElection.java:askForVotes(308)) - ca9dc723-67a1-4a65-9480-66850f9b9d20@group-0ABB88D0A2E0-LeaderElection29 ELECTION round 0: result REJECTED
2021-07-03 01:53:11,141 [ca9dc723-67a1-4a65-9480-66850f9b9d20@group-0ABB88D0A2E0-LeaderElection29] INFO  server.RaftServer$Division (RaftServerImpl.java:setRole(284)) - ca9dc723-67a1-4a65-9480-66850f9b9d20@group-0ABB88D0A2E0: changes role from CANDIDATE to FOLLOWER at term 3 for REJECTED
2021-07-03 01:53:11,141 [ca9dc723-67a1-4a65-9480-66850f9b9d20@group-0ABB88D0A2E0-LeaderElection29] INFO  impl.RoleInfo (RoleInfo.java:shutdownLeaderElection(121)) - ca9dc723-67a1-4a65-9480-66850f9b9d20: shutdown ca9dc723-67a1-4a65-9480-66850f9b9d20@group-0ABB88D0A2E0-LeaderElection29
2021-07-03 01:53:11,141 [ca9dc723-67a1-4a65-9480-66850f9b9d20@group-0ABB88D0A2E0-LeaderElection29] INFO  impl.RoleInfo (RoleInfo.java:updateAndGet(130)) - ca9dc723-67a1-4a65-9480-66850f9b9d20: start ca9dc723-67a1-4a65-9480-66850f9b9d20@group-0ABB88D0A2E0-FollowerState
2021-07-03 01:53:11,526 [Datanode State Machine Thread - 0] ERROR datanode.RunningDatanodeState (RunningDatanodeState.java:computeNextContainerState(199)) - Error in executing end point task.
java.util.concurrent.ExecutionException: java.util.concurrent.TimeoutException
	at java.util.concurrent.FutureTask.report(FutureTask.java:122)
	at java.util.concurrent.FutureTask.get(FutureTask.java:192)
	at org.apache.hadoop.ozone.container.common.states.datanode.RunningDatanodeState.computeNextContainerState(RunningDatanodeState.java:191)
	at org.apache.hadoop.ozone.container.common.states.datanode.RunningDatanodeState.await(RunningDatanodeState.java:231)
	at org.apache.hadoop.ozone.container.common.states.datanode.RunningDatanodeState.await(RunningDatanodeState.java:50)
	at org.apache.hadoop.ozone.container.common.statemachine.StateContext.execute(StateContext.java:629)
	at org.apache.hadoop.ozone.container.common.statemachine.DatanodeStateMachine.start(DatanodeStateMachine.java:244)
	at org.apache.hadoop.ozone.container.common.statemachine.DatanodeStateMachine.lambda$startDaemon$0(DatanodeStateMachine.java:429)
	at java.lang.Thread.run(Thread.java:748)
Caused by: java.util.concurrent.TimeoutException
	at java.util.concurrent.FutureTask.get(FutureTask.java:205)
	at org.apache.hadoop.ozone.container.common.states.datanode.RunningDatanodeState.lambda$execute$0(RunningDatanodeState.java:149)
	at java.util.concurrent.FutureTask.run(FutureTask.java:266)
	at java.util.concurrent.Executors$RunnableAdapter.call(Executors.java:511)
	at java.util.concurrent.FutureTask.run(FutureTask.java:266)
	at java.util.concurrent.ThreadPoolExecutor.runWorker(ThreadPoolExecutor.java:1149)
	at java.util.concurrent.ThreadPoolExecutor$Worker.run(ThreadPoolExecutor.java:624)
	... 1 more
2021-07-03 01:53:11,538 [EndpointStateMachine task thread for /127.0.0.1:13945 - 0 ] INFO  ipc.Client (Client.java:handleConnectionFailure(966)) - Retrying connect to server: localhost/127.0.0.1:13945. Already tried 14 time(s); retry policy is RetryUpToMaximumCountWithFixedSleep(maxRetries=15, sleepTime=1000 MILLISECONDS)
2021-07-03 01:53:11,538 [EndpointStateMachine task thread for /127.0.0.1:13925 - 0 ] INFO  ipc.Client (Client.java:handleConnectionFailure(966)) - Retrying connect to server: localhost/127.0.0.1:13925. Already tried 2 time(s); retry policy is RetryUpToMaximumCountWithFixedSleep(maxRetries=15, sleepTime=1000 MILLISECONDS)
2021-07-03 01:53:11,539 [EndpointStateMachine task thread for /127.0.0.1:13935 - 0 ] INFO  ipc.Client (Client.java:handleConnectionFailure(966)) - Retrying connect to server: localhost/127.0.0.1:13935. Already tried 0 time(s); retry policy is RetryUpToMaximumCountWithFixedSleep(maxRetries=15, sleepTime=1000 MILLISECONDS)
2021-07-03 01:53:11,989 [Listener at 127.0.0.1/11044] INFO  ozone.MiniOzoneClusterImpl (MiniOzoneClusterImpl.java:lambda$waitForClusterToBeReady$0(227)) - Nodes are ready. Got 3 of 3 DN Heartbeats.
2021-07-03 01:53:11,990 [Listener at 127.0.0.1/11044] INFO  ozone.MiniOzoneClusterImpl (MiniOzoneClusterImpl.java:lambda$waitForClusterToBeReady$0(230)) - Cluster exits safe mode
2021-07-03 01:53:11,990 [Listener at 127.0.0.1/11044] INFO  ozone.MiniOzoneClusterImpl (MiniOzoneClusterImpl.java:lambda$waitForClusterToBeReady$0(232)) - SCM became leader
2021-07-03 01:53:11,990 [Listener at 127.0.0.1/11044] INFO  server.StorageContainerManager (StorageContainerManager.java:start(1214)) - StorageContainerLocationProtocol RPC server is listening at /0.0.0.0:14519
2021-07-03 01:53:11,991 [Listener at 127.0.0.1/11044] INFO  ha.SCMRatisServerImpl (SCMRatisServerImpl.java:start(170)) - starting ratis server 0.0.0.0:14516
2021-07-03 01:53:11,991 [Listener at 127.0.0.1/11044] INFO  server.RaftServer$Division (RaftServerImpl.java:start(298)) - 999e0e82-6253-4699-8a10-92babf97f634@group-97EA473A16A6: start with initializing state, conf=-1: [], old=null
2021-07-03 01:53:11,991 [Listener at 127.0.0.1/11044] INFO  server.RaftServer$Division (RaftServerImpl.java:setRole(284)) - 999e0e82-6253-4699-8a10-92babf97f634@group-97EA473A16A6: changes role from      null to FOLLOWER at term 0 for startInitializing
2021-07-03 01:53:11,991 [Listener at 127.0.0.1/11044] INFO  util.JmxRegister (JmxRegister.java:tryRegister(44)) - Successfully registered JMX Bean with object name Ratis:service=RaftServer,group=group-97EA473A16A6,id=999e0e82-6253-4699-8a10-92babf97f634
2021-07-03 01:53:11,992 [Listener at 127.0.0.1/11044] INFO  metrics.RatisMetrics (RatisMetrics.java:lambda$create$0(36)) - Creating Metrics Registry : ratis.state_machine.999e0e82-6253-4699-8a10-92babf97f634@group-97EA473A16A6
2021-07-03 01:53:11,992 [Listener at 127.0.0.1/11044] INFO  server.RaftServer (RaftServerProxy.java:lambda$start$5(374)) - 999e0e82-6253-4699-8a10-92babf97f634: start RPC server
2021-07-03 01:53:11,993 [Listener at 127.0.0.1/11044] INFO  server.GrpcService (GrpcService.java:startImpl(253)) - 999e0e82-6253-4699-8a10-92babf97f634: GrpcService started, listening on 14516
2021-07-03 01:53:11,993 [org.apache.ratis.util.JvmPauseMonitor$$Lambda$493/611739613@7e9ffdff] INFO  util.JvmPauseMonitor (JvmPauseMonitor.java:run(103)) - JvmPauseMonitor-999e0e82-6253-4699-8a10-92babf97f634: Started
2021-07-03 01:53:11,994 [Listener at 127.0.0.1/11044] INFO  ha.SCMNodeInfo (SCMNodeInfo.java:getPort(197)) - ConfigKey ozone.scm.client.address is deprecated, For configuring different ports for each SCM use PortConfigKey ozone.scm.client.port appended with serviceId and nodeId
2021-07-03 01:53:11,994 [Listener at 127.0.0.1/11044] INFO  ha.SCMNodeInfo (SCMNodeInfo.java:getPort(197)) - ConfigKey ozone.scm.block.client.address is deprecated, For configuring different ports for each SCM use PortConfigKey ozone.scm.block.client.port appended with serviceId and nodeId
2021-07-03 01:53:11,994 [Listener at 127.0.0.1/11044] INFO  ha.SCMNodeInfo (SCMNodeInfo.java:getPort(197)) - ConfigKey ozone.scm.datanode.address is deprecated, For configuring different ports for each SCM use PortConfigKey ozone.scm.datanode.port appended with serviceId and nodeId
2021-07-03 01:53:11,994 [Listener at 127.0.0.1/11044] INFO  ha.SCMNodeInfo (SCMNodeInfo.java:getPort(197)) - ConfigKey ozone.scm.client.address is deprecated, For configuring different ports for each SCM use PortConfigKey ozone.scm.client.port appended with serviceId and nodeId
2021-07-03 01:53:11,994 [Listener at 127.0.0.1/11044] INFO  ha.SCMNodeInfo (SCMNodeInfo.java:getPort(197)) - ConfigKey ozone.scm.block.client.address is deprecated, For configuring different ports for each SCM use PortConfigKey ozone.scm.block.client.port appended with serviceId and nodeId
2021-07-03 01:53:11,995 [Listener at 127.0.0.1/11044] INFO  ha.SCMNodeInfo (SCMNodeInfo.java:getPort(197)) - ConfigKey ozone.scm.datanode.address is deprecated, For configuring different ports for each SCM use PortConfigKey ozone.scm.datanode.port appended with serviceId and nodeId
2021-07-03 01:53:11,995 [Listener at 127.0.0.1/11044] INFO  ha.SCMNodeInfo (SCMNodeInfo.java:getPort(197)) - ConfigKey ozone.scm.client.address is deprecated, For configuring different ports for each SCM use PortConfigKey ozone.scm.client.port appended with serviceId and nodeId
2021-07-03 01:53:11,995 [Listener at 127.0.0.1/11044] INFO  ha.SCMNodeInfo (SCMNodeInfo.java:getPort(197)) - ConfigKey ozone.scm.block.client.address is deprecated, For configuring different ports for each SCM use PortConfigKey ozone.scm.block.client.port appended with serviceId and nodeId
2021-07-03 01:53:11,995 [Listener at 127.0.0.1/11044] INFO  ha.SCMNodeInfo (SCMNodeInfo.java:getPort(197)) - ConfigKey ozone.scm.datanode.address is deprecated, For configuring different ports for each SCM use PortConfigKey ozone.scm.datanode.port appended with serviceId and nodeId
2021-07-03 01:53:12,003 [IPC Server handler 5 on default port 14498] INFO  ha.SCMRatisServerImpl (SCMRatisServerImpl.java:addSCM(280)) - bae6930e-8ae4-497b-9eaa-87fb2ec79d16: Submitting SetConfiguration request to Ratis server with new SCM peers list: [bae6930e-8ae4-497b-9eaa-87fb2ec79d16|rpc:localhost:14496|admin:|client:|dataStream:|priority:0, 72fc5de2-a3f7-4fa9-972b-1bbfdbde045f|rpc:localhost:14506|priority:0, 999e0e82-6253-4699-8a10-92babf97f634|rpc:localhost:14516|priority:0]
2021-07-03 01:53:12,003 [IPC Server handler 5 on default port 14498] INFO  server.RaftServer$Division (RaftServerImpl.java:setConfigurationAsync(970)) - bae6930e-8ae4-497b-9eaa-87fb2ec79d16@group-97EA473A16A6: receive setConfiguration SetConfigurationRequest:client-E636B7D9B0FB->bae6930e-8ae4-497b-9eaa-87fb2ec79d16@group-97EA473A16A6, cid=10, seq=0, RW, null, peers:[bae6930e-8ae4-497b-9eaa-87fb2ec79d16|rpc:localhost:14496|admin:|client:|dataStream:|priority:0, 72fc5de2-a3f7-4fa9-972b-1bbfdbde045f|rpc:localhost:14506|priority:0, 999e0e82-6253-4699-8a10-92babf97f634|rpc:localhost:14516|priority:0]
2021-07-03 01:53:12,003 [IPC Server handler 5 on default port 14498] INFO  server.RaftServer$Division (LeaderStateImpl.java:startSetConfiguration(345)) - bae6930e-8ae4-497b-9eaa-87fb2ec79d16@group-97EA473A16A6-LeaderStateImpl: startSetConfiguration SetConfigurationRequest:client-E636B7D9B0FB->bae6930e-8ae4-497b-9eaa-87fb2ec79d16@group-97EA473A16A6, cid=10, seq=0, RW, null, peers:[bae6930e-8ae4-497b-9eaa-87fb2ec79d16|rpc:localhost:14496|admin:|client:|dataStream:|priority:0, 72fc5de2-a3f7-4fa9-972b-1bbfdbde045f|rpc:localhost:14506|priority:0, 999e0e82-6253-4699-8a10-92babf97f634|rpc:localhost:14516|priority:0]
2021-07-03 01:53:12,004 [IPC Server handler 5 on default port 14498] INFO  server.RaftServerConfigKeys (ConfUtils.java:logGet(44)) - raft.server.log.appender.snapshot.chunk.size.max = 16MB (=16777216) (default)
2021-07-03 01:53:12,004 [IPC Server handler 5 on default port 14498] INFO  server.RaftServerConfigKeys (ConfUtils.java:logGet(44)) - raft.server.log.appender.buffer.byte-limit = 33554432 (custom)
2021-07-03 01:53:12,004 [IPC Server handler 5 on default port 14498] INFO  server.RaftServerConfigKeys (ConfUtils.java:logGet(44)) - raft.server.log.appender.buffer.element-limit = 33554432 (custom)
2021-07-03 01:53:12,057 [IPC Server handler 5 on default port 14498] INFO  grpc.GrpcConfigKeys (ConfUtils.java:logGet(44)) - raft.grpc.server.leader.outstanding.appends.max = 128 (default)
2021-07-03 01:53:12,057 [IPC Server handler 5 on default port 14498] INFO  server.RaftServerConfigKeys (ConfUtils.java:logGet(44)) - raft.server.rpc.request.timeout = 30000ms (custom)
2021-07-03 01:53:12,057 [IPC Server handler 5 on default port 14498] INFO  server.RaftServerConfigKeys (ConfUtils.java:logGet(44)) - raft.server.log.appender.install.snapshot.enabled = false (custom)
2021-07-03 01:53:12,058 [bae6930e-8ae4-497b-9eaa-87fb2ec79d16@group-97EA473A16A6->999e0e82-6253-4699-8a10-92babf97f634-GrpcLogAppender-LogAppenderDaemon] INFO  server.GrpcLogAppender (GrpcLogAppender.java:installSnapshot(524)) - bae6930e-8ae4-497b-9eaa-87fb2ec79d16@group-97EA473A16A6->999e0e82-6253-4699-8a10-92babf97f634-GrpcLogAppender: followerNextIndex = 0 but logStartIndex = 1, notify follower to install snapshot-(t:2, i:1)
2021-07-03 01:53:12,058 [bae6930e-8ae4-497b-9eaa-87fb2ec79d16@group-97EA473A16A6->999e0e82-6253-4699-8a10-92babf97f634-GrpcLogAppender-LogAppenderDaemon] INFO  server.GrpcLogAppender (GrpcLogAppender.java:installSnapshot(532)) - bae6930e-8ae4-497b-9eaa-87fb2ec79d16@group-97EA473A16A6->999e0e82-6253-4699-8a10-92babf97f634-GrpcLogAppender: send bae6930e-8ae4-497b-9eaa-87fb2ec79d16->999e0e82-6253-4699-8a10-92babf97f634#0-t2,notify:(t:2, i:1)
2021-07-03 01:53:12,063 [grpc-default-executor-4] INFO  metrics.RatisMetrics (RatisMetrics.java:lambda$create$0(36)) - Creating Metrics Registry : ratis.server_message_metrics.999e0e82-6253-4699-8a10-92babf97f634
2021-07-03 01:53:12,064 [grpc-default-executor-4] INFO  server.RaftServer$Division (RaftServerImpl.java:installSnapshot(1328)) - 999e0e82-6253-4699-8a10-92babf97f634@group-97EA473A16A6: receive installSnapshot: bae6930e-8ae4-497b-9eaa-87fb2ec79d16->999e0e82-6253-4699-8a10-92babf97f634#0-t2,notify:(t:2, i:1)
2021-07-03 01:53:12,067 [grpc-default-executor-4] INFO  ha.SCMStateMachine (SCMStateMachine.java:notifyLeaderChanged(248)) - leader changed, yet current SCM is still follower.
2021-07-03 01:53:12,067 [grpc-default-executor-4] INFO  server.RaftServer$Division (ServerState.java:setLeader(271)) - 999e0e82-6253-4699-8a10-92babf97f634@group-97EA473A16A6: change Leader from null to bae6930e-8ae4-497b-9eaa-87fb2ec79d16 at term 2 for installSnapshot, leader elected after 23758ms
2021-07-03 01:53:12,067 [grpc-default-executor-4] INFO  server.RaftServer$Division (RaftServerImpl.java:notifyStateMachineToInstallSnapshot(1580)) - 999e0e82-6253-4699-8a10-92babf97f634@group-97EA473A16A6: notifyInstallSnapshot: nextIndex is 0 but the leader's first available index is 1.
2021-07-03 01:53:12,068 [grpc-default-executor-4] INFO  ha.SCMStateMachine (SCMStateMachine.java:notifyInstallSnapshotFromLeader(212)) - Received install snapshot notification from SCM leader: localhost:14496 with term index: (t:2, i:1)
2021-07-03 01:53:12,069 [grpc-default-executor-4] INFO  server.RaftServer$Division (RaftServerImpl.java:installSnapshotImpl(1458)) - 999e0e82-6253-4699-8a10-92babf97f634@group-97EA473A16A6: set new configuration index: 5
configurationEntry {
  peers {
    id: "bae6930e-8ae4-497b-9eaa-87fb2ec79d16"
    address: "localhost:14496"
  }
  peers {
    id: "72fc5de2-a3f7-4fa9-972b-1bbfdbde045f"
    address: "localhost:14506"
  }
}
 from snapshot
2021-07-03 01:53:12,069 [grpc-default-executor-4] INFO  server.RaftServer$Division (ServerState.java:setRaftConf(373)) - 999e0e82-6253-4699-8a10-92babf97f634@group-97EA473A16A6: set configuration 5: [bae6930e-8ae4-497b-9eaa-87fb2ec79d16|rpc:localhost:14496|admin:|client:|dataStream:|priority:0, 72fc5de2-a3f7-4fa9-972b-1bbfdbde045f|rpc:localhost:14506|admin:|client:|dataStream:|priority:0], old=null
2021-07-03 01:53:12,070 [grpc-default-executor-4] INFO  server.RaftServer$Division (RaftServerImpl.java:installSnapshot(1339)) - 999e0e82-6253-4699-8a10-92babf97f634@group-97EA473A16A6: reply installSnapshot: bae6930e-8ae4-497b-9eaa-87fb2ec79d16<-999e0e82-6253-4699-8a10-92babf97f634#0:FAIL-t0,IN_PROGRESS
2021-07-03 01:53:12,071 [grpc-default-executor-4] INFO  server.GrpcServerProtocolService (GrpcServerProtocolService.java:onCompleted(140)) - 999e0e82-6253-4699-8a10-92babf97f634: Completed INSTALL_SNAPSHOT, lastRequest: bae6930e-8ae4-497b-9eaa-87fb2ec79d16->999e0e82-6253-4699-8a10-92babf97f634#0-t2,notify:(t:2, i:1)
2021-07-03 01:53:12,075 [grpc-default-executor-4] INFO  server.GrpcLogAppender (GrpcLogAppender.java:onNext(400)) - bae6930e-8ae4-497b-9eaa-87fb2ec79d16@group-97EA473A16A6->999e0e82-6253-4699-8a10-92babf97f634-InstallSnapshotResponseHandler: received the first reply bae6930e-8ae4-497b-9eaa-87fb2ec79d16<-999e0e82-6253-4699-8a10-92babf97f634#0:FAIL-t0,IN_PROGRESS
2021-07-03 01:53:12,075 [grpc-default-executor-4] INFO  server.GrpcLogAppender (GrpcLogAppender.java:onNext(417)) - bae6930e-8ae4-497b-9eaa-87fb2ec79d16@group-97EA473A16A6->999e0e82-6253-4699-8a10-92babf97f634-InstallSnapshotResponseHandler: InstallSnapshot in progress.
2021-07-03 01:53:12,076 [pool-213-thread-1] INFO  ha.SCMHAManagerImpl (SCMHAManagerImpl.java:getDBCheckpointFromLeader(206)) - Downloading checkpoint from leader SCM scmNode-1 and reloading state from the checkpoint.
2021-07-03 01:53:12,077 [bae6930e-8ae4-497b-9eaa-87fb2ec79d16@group-97EA473A16A6->999e0e82-6253-4699-8a10-92babf97f634-GrpcLogAppender-LogAppenderDaemon] INFO  server.GrpcLogAppender (GrpcLogAppender.java:installSnapshot(524)) - bae6930e-8ae4-497b-9eaa-87fb2ec79d16@group-97EA473A16A6->999e0e82-6253-4699-8a10-92babf97f634-GrpcLogAppender: followerNextIndex = 0 but logStartIndex = 1, notify follower to install snapshot-(t:2, i:1)
2021-07-03 01:53:12,077 [bae6930e-8ae4-497b-9eaa-87fb2ec79d16@group-97EA473A16A6->999e0e82-6253-4699-8a10-92babf97f634-GrpcLogAppender-LogAppenderDaemon] INFO  server.GrpcLogAppender (GrpcLogAppender.java:installSnapshot(532)) - bae6930e-8ae4-497b-9eaa-87fb2ec79d16@group-97EA473A16A6->999e0e82-6253-4699-8a10-92babf97f634-GrpcLogAppender: send bae6930e-8ae4-497b-9eaa-87fb2ec79d16->999e0e82-6253-4699-8a10-92babf97f634#0-t2,notify:(t:2, i:1)
2021-07-03 01:53:12,078 [grpc-default-executor-4] INFO  impl.RoleInfo (RoleInfo.java:updateAndGet(130)) - 999e0e82-6253-4699-8a10-92babf97f634: start 999e0e82-6253-4699-8a10-92babf97f634@group-97EA473A16A6-FollowerState
2021-07-03 01:53:12,079 [grpc-default-executor-4] INFO  server.RaftServer$Division (RaftServerImpl.java:checkInconsistentAppendEntries(1292)) - 999e0e82-6253-4699-8a10-92babf97f634@group-97EA473A16A6: Failed appendEntries as snapshot ((t:2, i:1)) installation is in progress
2021-07-03 01:53:12,079 [grpc-default-executor-4] INFO  server.RaftServer$Division (RaftServerImpl.java:checkInconsistentAppendEntries(1284)) - 999e0e82-6253-4699-8a10-92babf97f634@group-97EA473A16A6: inconsistency entries. Reply:bae6930e-8ae4-497b-9eaa-87fb2ec79d16<-999e0e82-6253-4699-8a10-92babf97f634#0:FAIL-t2,INCONSISTENCY,nextIndex=0,followerCommit=-1
2021-07-03 01:53:12,083 [grpc-default-executor-0] INFO  server.RaftServer$Division (RaftServerImpl.java:installSnapshot(1328)) - 999e0e82-6253-4699-8a10-92babf97f634@group-97EA473A16A6: receive installSnapshot: bae6930e-8ae4-497b-9eaa-87fb2ec79d16->999e0e82-6253-4699-8a10-92babf97f634#0-t2,notify:(t:2, i:1)
2021-07-03 01:53:12,083 [grpc-default-executor-0] INFO  server.RaftServer$Division (RaftServerImpl.java:notifyStateMachineToInstallSnapshot(1610)) - 999e0e82-6253-4699-8a10-92babf97f634@group-97EA473A16A6: Snapshot Installation by StateMachine is in progress.
2021-07-03 01:53:12,086 [grpc-default-executor-0] INFO  server.RaftServer$Division (RaftServerImpl.java:installSnapshotImpl(1458)) - 999e0e82-6253-4699-8a10-92babf97f634@group-97EA473A16A6: set new configuration index: 5
configurationEntry {
  peers {
    id: "bae6930e-8ae4-497b-9eaa-87fb2ec79d16"
    address: "localhost:14496"
  }
  peers {
    id: "72fc5de2-a3f7-4fa9-972b-1bbfdbde045f"
    address: "localhost:14506"
  }
}
 from snapshot
2021-07-03 01:53:12,086 [grpc-default-executor-4] INFO  leader.FollowerInfo (FollowerInfoImpl.java:lambda$new$0(46)) - bae6930e-8ae4-497b-9eaa-87fb2ec79d16@group-97EA473A16A6->999e0e82-6253-4699-8a10-92babf97f634: nextIndex: updateUnconditionally 0 -> 0
2021-07-03 01:53:12,087 [grpc-default-executor-0] INFO  server.RaftServer$Division (ServerState.java:setRaftConf(373)) - 999e0e82-6253-4699-8a10-92babf97f634@group-97EA473A16A6: set configuration 5: [bae6930e-8ae4-497b-9eaa-87fb2ec79d16|rpc:localhost:14496|admin:|client:|dataStream:|priority:0, 72fc5de2-a3f7-4fa9-972b-1bbfdbde045f|rpc:localhost:14506|admin:|client:|dataStream:|priority:0], old=null
2021-07-03 01:53:12,087 [grpc-default-executor-0] INFO  server.RaftServer$Division (RaftServerImpl.java:installSnapshot(1339)) - 999e0e82-6253-4699-8a10-92babf97f634@group-97EA473A16A6: reply installSnapshot: bae6930e-8ae4-497b-9eaa-87fb2ec79d16<-999e0e82-6253-4699-8a10-92babf97f634#0:FAIL-t2,IN_PROGRESS
2021-07-03 01:53:12,088 [grpc-default-executor-0] INFO  server.GrpcServerProtocolService (GrpcServerProtocolService.java:onCompleted(140)) - 999e0e82-6253-4699-8a10-92babf97f634: Completed INSTALL_SNAPSHOT, lastRequest: bae6930e-8ae4-497b-9eaa-87fb2ec79d16->999e0e82-6253-4699-8a10-92babf97f634#0-t2,notify:(t:2, i:1)
2021-07-03 01:53:12,091 [grpc-default-executor-0] INFO  server.GrpcLogAppender (GrpcLogAppender.java:onNext(400)) - bae6930e-8ae4-497b-9eaa-87fb2ec79d16@group-97EA473A16A6->999e0e82-6253-4699-8a10-92babf97f634-InstallSnapshotResponseHandler: received a reply bae6930e-8ae4-497b-9eaa-87fb2ec79d16<-999e0e82-6253-4699-8a10-92babf97f634#0:FAIL-t2,IN_PROGRESS
2021-07-03 01:53:12,091 [grpc-default-executor-0] INFO  server.GrpcLogAppender (GrpcLogAppender.java:onNext(417)) - bae6930e-8ae4-497b-9eaa-87fb2ec79d16@group-97EA473A16A6->999e0e82-6253-4699-8a10-92babf97f634-InstallSnapshotResponseHandler: InstallSnapshot in progress.
2021-07-03 01:53:12,093 [bae6930e-8ae4-497b-9eaa-87fb2ec79d16@group-97EA473A16A6->999e0e82-6253-4699-8a10-92babf97f634-GrpcLogAppender-LogAppenderDaemon] INFO  server.GrpcLogAppender (GrpcLogAppender.java:installSnapshot(524)) - bae6930e-8ae4-497b-9eaa-87fb2ec79d16@group-97EA473A16A6->999e0e82-6253-4699-8a10-92babf97f634-GrpcLogAppender: followerNextIndex = 0 but logStartIndex = 1, notify follower to install snapshot-(t:2, i:1)
2021-07-03 01:53:12,093 [bae6930e-8ae4-497b-9eaa-87fb2ec79d16@group-97EA473A16A6->999e0e82-6253-4699-8a10-92babf97f634-GrpcLogAppender-LogAppenderDaemon] INFO  server.GrpcLogAppender (GrpcLogAppender.java:installSnapshot(532)) - bae6930e-8ae4-497b-9eaa-87fb2ec79d16@group-97EA473A16A6->999e0e82-6253-4699-8a10-92babf97f634-GrpcLogAppender: send bae6930e-8ae4-497b-9eaa-87fb2ec79d16->999e0e82-6253-4699-8a10-92babf97f634#0-t2,notify:(t:2, i:1)
2021-07-03 01:53:12,094 [grpc-default-executor-4] INFO  server.RaftServer$Division (RaftServerImpl.java:checkInconsistentAppendEntries(1292)) - 999e0e82-6253-4699-8a10-92babf97f634@group-97EA473A16A6: Failed appendEntries as snapshot ((t:2, i:1)) installation is in progress
2021-07-03 01:53:12,094 [grpc-default-executor-4] INFO  server.RaftServer$Division (RaftServerImpl.java:checkInconsistentAppendEntries(1284)) - 999e0e82-6253-4699-8a10-92babf97f634@group-97EA473A16A6: inconsistency entries. Reply:bae6930e-8ae4-497b-9eaa-87fb2ec79d16<-999e0e82-6253-4699-8a10-92babf97f634#1:FAIL-t2,INCONSISTENCY,nextIndex=0,followerCommit=-1
2021-07-03 01:53:12,095 [grpc-default-executor-2] INFO  leader.FollowerInfo (FollowerInfoImpl.java:lambda$new$0(46)) - bae6930e-8ae4-497b-9eaa-87fb2ec79d16@group-97EA473A16A6->999e0e82-6253-4699-8a10-92babf97f634: nextIndex: updateUnconditionally 0 -> 0
2021-07-03 01:53:12,096 [grpc-default-executor-4] INFO  server.RaftServer$Division (RaftServerImpl.java:installSnapshot(1328)) - 999e0e82-6253-4699-8a10-92babf97f634@group-97EA473A16A6: receive installSnapshot: bae6930e-8ae4-497b-9eaa-87fb2ec79d16->999e0e82-6253-4699-8a10-92babf97f634#0-t2,notify:(t:2, i:1)
2021-07-03 01:53:12,096 [grpc-default-executor-4] INFO  server.RaftServer$Division (RaftServerImpl.java:notifyStateMachineToInstallSnapshot(1610)) - 999e0e82-6253-4699-8a10-92babf97f634@group-97EA473A16A6: Snapshot Installation by StateMachine is in progress.
2021-07-03 01:53:12,096 [grpc-default-executor-4] INFO  server.RaftServer$Division (RaftServerImpl.java:installSnapshotImpl(1458)) - 999e0e82-6253-4699-8a10-92babf97f634@group-97EA473A16A6: set new configuration index: 5
configurationEntry {
  peers {
    id: "bae6930e-8ae4-497b-9eaa-87fb2ec79d16"
    address: "localhost:14496"
  }
  peers {
    id: "72fc5de2-a3f7-4fa9-972b-1bbfdbde045f"
    address: "localhost:14506"
  }
}
 from snapshot
2021-07-03 01:53:12,096 [grpc-default-executor-4] INFO  server.RaftServer$Division (ServerState.java:setRaftConf(373)) - 999e0e82-6253-4699-8a10-92babf97f634@group-97EA473A16A6: set configuration 5: [bae6930e-8ae4-497b-9eaa-87fb2ec79d16|rpc:localhost:14496|admin:|client:|dataStream:|priority:0, 72fc5de2-a3f7-4fa9-972b-1bbfdbde045f|rpc:localhost:14506|admin:|client:|dataStream:|priority:0], old=null
2021-07-03 01:53:12,096 [grpc-default-executor-4] INFO  server.RaftServer$Division (RaftServerImpl.java:installSnapshot(1339)) - 999e0e82-6253-4699-8a10-92babf97f634@group-97EA473A16A6: reply installSnapshot: bae6930e-8ae4-497b-9eaa-87fb2ec79d16<-999e0e82-6253-4699-8a10-92babf97f634#0:FAIL-t2,IN_PROGRESS
2021-07-03 01:53:12,097 [grpc-default-executor-4] INFO  server.GrpcServerProtocolService (GrpcServerProtocolService.java:onCompleted(140)) - 999e0e82-6253-4699-8a10-92babf97f634: Completed INSTALL_SNAPSHOT, lastRequest: bae6930e-8ae4-497b-9eaa-87fb2ec79d16->999e0e82-6253-4699-8a10-92babf97f634#0-t2,notify:(t:2, i:1)
2021-07-03 01:53:12,097 [grpc-default-executor-2] INFO  server.GrpcLogAppender (GrpcLogAppender.java:onNext(400)) - bae6930e-8ae4-497b-9eaa-87fb2ec79d16@group-97EA473A16A6->999e0e82-6253-4699-8a10-92babf97f634-InstallSnapshotResponseHandler: received a reply bae6930e-8ae4-497b-9eaa-87fb2ec79d16<-999e0e82-6253-4699-8a10-92babf97f634#0:FAIL-t2,IN_PROGRESS
2021-07-03 01:53:12,097 [grpc-default-executor-2] INFO  server.GrpcLogAppender (GrpcLogAppender.java:onNext(417)) - bae6930e-8ae4-497b-9eaa-87fb2ec79d16@group-97EA473A16A6->999e0e82-6253-4699-8a10-92babf97f634-InstallSnapshotResponseHandler: InstallSnapshot in progress.
2021-07-03 01:53:12,096 [grpc-default-executor-0] INFO  ha.SCMDBCheckpointProvider (SCMDBCheckpointProvider.java:writeDBCheckPointToSream(48)) - Received request to obtain SCM DB checkpoint snapshot
2021-07-03 01:53:12,099 [bae6930e-8ae4-497b-9eaa-87fb2ec79d16@group-97EA473A16A6->999e0e82-6253-4699-8a10-92babf97f634-GrpcLogAppender-LogAppenderDaemon] INFO  server.GrpcLogAppender (GrpcLogAppender.java:installSnapshot(524)) - bae6930e-8ae4-497b-9eaa-87fb2ec79d16@group-97EA473A16A6->999e0e82-6253-4699-8a10-92babf97f634-GrpcLogAppender: followerNextIndex = 0 but logStartIndex = 1, notify follower to install snapshot-(t:2, i:1)
2021-07-03 01:53:12,100 [bae6930e-8ae4-497b-9eaa-87fb2ec79d16@group-97EA473A16A6->999e0e82-6253-4699-8a10-92babf97f634-GrpcLogAppender-LogAppenderDaemon] INFO  server.GrpcLogAppender (GrpcLogAppender.java:installSnapshot(532)) - bae6930e-8ae4-497b-9eaa-87fb2ec79d16@group-97EA473A16A6->999e0e82-6253-4699-8a10-92babf97f634-GrpcLogAppender: send bae6930e-8ae4-497b-9eaa-87fb2ec79d16->999e0e82-6253-4699-8a10-92babf97f634#0-t2,notify:(t:2, i:1)
2021-07-03 01:53:12,100 [grpc-default-executor-2] INFO  server.RaftServer$Division (RaftServerImpl.java:checkInconsistentAppendEntries(1292)) - 999e0e82-6253-4699-8a10-92babf97f634@group-97EA473A16A6: Failed appendEntries as snapshot ((t:2, i:1)) installation is in progress
2021-07-03 01:53:12,100 [grpc-default-executor-2] INFO  server.RaftServer$Division (RaftServerImpl.java:checkInconsistentAppendEntries(1284)) - 999e0e82-6253-4699-8a10-92babf97f634@group-97EA473A16A6: inconsistency entries. Reply:bae6930e-8ae4-497b-9eaa-87fb2ec79d16<-999e0e82-6253-4699-8a10-92babf97f634#2:FAIL-t2,INCONSISTENCY,nextIndex=0,followerCommit=-1
2021-07-03 01:53:12,102 [grpc-default-executor-4] INFO  leader.FollowerInfo (FollowerInfoImpl.java:lambda$new$0(46)) - bae6930e-8ae4-497b-9eaa-87fb2ec79d16@group-97EA473A16A6->999e0e82-6253-4699-8a10-92babf97f634: nextIndex: updateUnconditionally 0 -> 0
2021-07-03 01:53:12,103 [grpc-default-executor-2] INFO  server.RaftServer$Division (RaftServerImpl.java:installSnapshot(1328)) - 999e0e82-6253-4699-8a10-92babf97f634@group-97EA473A16A6: receive installSnapshot: bae6930e-8ae4-497b-9eaa-87fb2ec79d16->999e0e82-6253-4699-8a10-92babf97f634#0-t2,notify:(t:2, i:1)
2021-07-03 01:53:12,103 [grpc-default-executor-2] INFO  server.RaftServer$Division (RaftServerImpl.java:notifyStateMachineToInstallSnapshot(1610)) - 999e0e82-6253-4699-8a10-92babf97f634@group-97EA473A16A6: Snapshot Installation by StateMachine is in progress.
2021-07-03 01:53:12,103 [grpc-default-executor-2] INFO  server.RaftServer$Division (RaftServerImpl.java:installSnapshotImpl(1458)) - 999e0e82-6253-4699-8a10-92babf97f634@group-97EA473A16A6: set new configuration index: 5
configurationEntry {
  peers {
    id: "bae6930e-8ae4-497b-9eaa-87fb2ec79d16"
    address: "localhost:14496"
  }
  peers {
    id: "72fc5de2-a3f7-4fa9-972b-1bbfdbde045f"
    address: "localhost:14506"
  }
}
 from snapshot
2021-07-03 01:53:12,103 [grpc-default-executor-2] INFO  server.RaftServer$Division (ServerState.java:setRaftConf(373)) - 999e0e82-6253-4699-8a10-92babf97f634@group-97EA473A16A6: set configuration 5: [bae6930e-8ae4-497b-9eaa-87fb2ec79d16|rpc:localhost:14496|admin:|client:|dataStream:|priority:0, 72fc5de2-a3f7-4fa9-972b-1bbfdbde045f|rpc:localhost:14506|admin:|client:|dataStream:|priority:0], old=null
2021-07-03 01:53:12,103 [grpc-default-executor-2] INFO  server.RaftServer$Division (RaftServerImpl.java:installSnapshot(1339)) - 999e0e82-6253-4699-8a10-92babf97f634@group-97EA473A16A6: reply installSnapshot: bae6930e-8ae4-497b-9eaa-87fb2ec79d16<-999e0e82-6253-4699-8a10-92babf97f634#0:FAIL-t2,IN_PROGRESS
2021-07-03 01:53:12,104 [grpc-default-executor-2] INFO  server.GrpcServerProtocolService (GrpcServerProtocolService.java:onCompleted(140)) - 999e0e82-6253-4699-8a10-92babf97f634: Completed INSTALL_SNAPSHOT, lastRequest: bae6930e-8ae4-497b-9eaa-87fb2ec79d16->999e0e82-6253-4699-8a10-92babf97f634#0-t2,notify:(t:2, i:1)
2021-07-03 01:53:12,104 [grpc-default-executor-2] INFO  server.GrpcLogAppender (GrpcLogAppender.java:onNext(400)) - bae6930e-8ae4-497b-9eaa-87fb2ec79d16@group-97EA473A16A6->999e0e82-6253-4699-8a10-92babf97f634-InstallSnapshotResponseHandler: received a reply bae6930e-8ae4-497b-9eaa-87fb2ec79d16<-999e0e82-6253-4699-8a10-92babf97f634#0:FAIL-t2,IN_PROGRESS
2021-07-03 01:53:12,104 [grpc-default-executor-2] INFO  server.GrpcLogAppender (GrpcLogAppender.java:onNext(417)) - bae6930e-8ae4-497b-9eaa-87fb2ec79d16@group-97EA473A16A6->999e0e82-6253-4699-8a10-92babf97f634-InstallSnapshotResponseHandler: InstallSnapshot in progress.
2021-07-03 01:53:12,106 [bae6930e-8ae4-497b-9eaa-87fb2ec79d16@group-97EA473A16A6->999e0e82-6253-4699-8a10-92babf97f634-GrpcLogAppender-LogAppenderDaemon] INFO  server.GrpcLogAppender (GrpcLogAppender.java:installSnapshot(524)) - bae6930e-8ae4-497b-9eaa-87fb2ec79d16@group-97EA473A16A6->999e0e82-6253-4699-8a10-92babf97f634-GrpcLogAppender: followerNextIndex = 0 but logStartIndex = 1, notify follower to install snapshot-(t:2, i:1)
2021-07-03 01:53:12,106 [bae6930e-8ae4-497b-9eaa-87fb2ec79d16@group-97EA473A16A6->999e0e82-6253-4699-8a10-92babf97f634-GrpcLogAppender-LogAppenderDaemon] INFO  server.GrpcLogAppender (GrpcLogAppender.java:installSnapshot(532)) - bae6930e-8ae4-497b-9eaa-87fb2ec79d16@group-97EA473A16A6->999e0e82-6253-4699-8a10-92babf97f634-GrpcLogAppender: send bae6930e-8ae4-497b-9eaa-87fb2ec79d16->999e0e82-6253-4699-8a10-92babf97f634#0-t2,notify:(t:2, i:1)
2021-07-03 01:53:12,107 [grpc-default-executor-2] INFO  server.RaftServer$Division (RaftServerImpl.java:checkInconsistentAppendEntries(1292)) - 999e0e82-6253-4699-8a10-92babf97f634@group-97EA473A16A6: Failed appendEntries as snapshot ((t:2, i:1)) installation is in progress
2021-07-03 01:53:12,107 [grpc-default-executor-2] INFO  server.RaftServer$Division (RaftServerImpl.java:checkInconsistentAppendEntries(1284)) - 999e0e82-6253-4699-8a10-92babf97f634@group-97EA473A16A6: inconsistency entries. Reply:bae6930e-8ae4-497b-9eaa-87fb2ec79d16<-999e0e82-6253-4699-8a10-92babf97f634#3:FAIL-t2,INCONSISTENCY,nextIndex=0,followerCommit=-1
2021-07-03 01:53:12,109 [grpc-default-executor-4] INFO  server.RaftServer$Division (RaftServerImpl.java:installSnapshot(1328)) - 999e0e82-6253-4699-8a10-92babf97f634@group-97EA473A16A6: receive installSnapshot: bae6930e-8ae4-497b-9eaa-87fb2ec79d16->999e0e82-6253-4699-8a10-92babf97f634#0-t2,notify:(t:2, i:1)
2021-07-03 01:53:12,109 [grpc-default-executor-4] INFO  server.RaftServer$Division (RaftServerImpl.java:notifyStateMachineToInstallSnapshot(1610)) - 999e0e82-6253-4699-8a10-92babf97f634@group-97EA473A16A6: Snapshot Installation by StateMachine is in progress.
2021-07-03 01:53:12,109 [grpc-default-executor-4] INFO  server.RaftServer$Division (RaftServerImpl.java:installSnapshotImpl(1458)) - 999e0e82-6253-4699-8a10-92babf97f634@group-97EA473A16A6: set new configuration index: 5
configurationEntry {
  peers {
    id: "bae6930e-8ae4-497b-9eaa-87fb2ec79d16"
    address: "localhost:14496"
  }
  peers {
    id: "72fc5de2-a3f7-4fa9-972b-1bbfdbde045f"
    address: "localhost:14506"
  }
}
 from snapshot
2021-07-03 01:53:12,110 [grpc-default-executor-4] INFO  server.RaftServer$Division (ServerState.java:setRaftConf(373)) - 999e0e82-6253-4699-8a10-92babf97f634@group-97EA473A16A6: set configuration 5: [bae6930e-8ae4-497b-9eaa-87fb2ec79d16|rpc:localhost:14496|admin:|client:|dataStream:|priority:0, 72fc5de2-a3f7-4fa9-972b-1bbfdbde045f|rpc:localhost:14506|admin:|client:|dataStream:|priority:0], old=null
2021-07-03 01:53:12,110 [grpc-default-executor-4] INFO  server.RaftServer$Division (RaftServerImpl.java:installSnapshot(1339)) - 999e0e82-6253-4699-8a10-92babf97f634@group-97EA473A16A6: reply installSnapshot: bae6930e-8ae4-497b-9eaa-87fb2ec79d16<-999e0e82-6253-4699-8a10-92babf97f634#0:FAIL-t2,IN_PROGRESS
2021-07-03 01:53:12,110 [grpc-default-executor-1] INFO  leader.FollowerInfo (FollowerInfoImpl.java:lambda$new$0(46)) - bae6930e-8ae4-497b-9eaa-87fb2ec79d16@group-97EA473A16A6->999e0e82-6253-4699-8a10-92babf97f634: nextIndex: updateUnconditionally 0 -> 0
2021-07-03 01:53:12,110 [grpc-default-executor-4] INFO  server.GrpcServerProtocolService (GrpcServerProtocolService.java:onCompleted(140)) - 999e0e82-6253-4699-8a10-92babf97f634: Completed INSTALL_SNAPSHOT, lastRequest: bae6930e-8ae4-497b-9eaa-87fb2ec79d16->999e0e82-6253-4699-8a10-92babf97f634#0-t2,notify:(t:2, i:1)
2021-07-03 01:53:12,112 [grpc-default-executor-4] INFO  server.GrpcLogAppender (GrpcLogAppender.java:onNext(400)) - bae6930e-8ae4-497b-9eaa-87fb2ec79d16@group-97EA473A16A6->999e0e82-6253-4699-8a10-92babf97f634-InstallSnapshotResponseHandler: received a reply bae6930e-8ae4-497b-9eaa-87fb2ec79d16<-999e0e82-6253-4699-8a10-92babf97f634#0:FAIL-t2,IN_PROGRESS
2021-07-03 01:53:12,112 [grpc-default-executor-4] INFO  server.GrpcLogAppender (GrpcLogAppender.java:onNext(417)) - bae6930e-8ae4-497b-9eaa-87fb2ec79d16@group-97EA473A16A6->999e0e82-6253-4699-8a10-92babf97f634-InstallSnapshotResponseHandler: InstallSnapshot in progress.
2021-07-03 01:53:12,113 [bae6930e-8ae4-497b-9eaa-87fb2ec79d16@group-97EA473A16A6->999e0e82-6253-4699-8a10-92babf97f634-GrpcLogAppender-LogAppenderDaemon] INFO  server.GrpcLogAppender (GrpcLogAppender.java:installSnapshot(524)) - bae6930e-8ae4-497b-9eaa-87fb2ec79d16@group-97EA473A16A6->999e0e82-6253-4699-8a10-92babf97f634-GrpcLogAppender: followerNextIndex = 0 but logStartIndex = 1, notify follower to install snapshot-(t:2, i:1)
2021-07-03 01:53:12,113 [bae6930e-8ae4-497b-9eaa-87fb2ec79d16@group-97EA473A16A6->999e0e82-6253-4699-8a10-92babf97f634-GrpcLogAppender-LogAppenderDaemon] INFO  server.GrpcLogAppender (GrpcLogAppender.java:installSnapshot(532)) - bae6930e-8ae4-497b-9eaa-87fb2ec79d16@group-97EA473A16A6->999e0e82-6253-4699-8a10-92babf97f634-GrpcLogAppender: send bae6930e-8ae4-497b-9eaa-87fb2ec79d16->999e0e82-6253-4699-8a10-92babf97f634#0-t2,notify:(t:2, i:1)
2021-07-03 01:53:12,117 [grpc-default-executor-1] INFO  server.RaftServer$Division (RaftServerImpl.java:checkInconsistentAppendEntries(1292)) - 999e0e82-6253-4699-8a10-92babf97f634@group-97EA473A16A6: Failed appendEntries as snapshot ((t:2, i:1)) installation is in progress
2021-07-03 01:53:12,117 [grpc-default-executor-1] INFO  server.RaftServer$Division (RaftServerImpl.java:checkInconsistentAppendEntries(1284)) - 999e0e82-6253-4699-8a10-92babf97f634@group-97EA473A16A6: inconsistency entries. Reply:bae6930e-8ae4-497b-9eaa-87fb2ec79d16<-999e0e82-6253-4699-8a10-92babf97f634#4:FAIL-t2,INCONSISTENCY,nextIndex=0,followerCommit=-1
2021-07-03 01:53:12,117 [grpc-default-executor-4] INFO  server.RaftServer$Division (RaftServerImpl.java:installSnapshot(1328)) - 999e0e82-6253-4699-8a10-92babf97f634@group-97EA473A16A6: receive installSnapshot: bae6930e-8ae4-497b-9eaa-87fb2ec79d16->999e0e82-6253-4699-8a10-92babf97f634#0-t2,notify:(t:2, i:1)
2021-07-03 01:53:12,117 [grpc-default-executor-4] INFO  server.RaftServer$Division (RaftServerImpl.java:notifyStateMachineToInstallSnapshot(1610)) - 999e0e82-6253-4699-8a10-92babf97f634@group-97EA473A16A6: Snapshot Installation by StateMachine is in progress.
2021-07-03 01:53:12,117 [grpc-default-executor-4] INFO  server.RaftServer$Division (RaftServerImpl.java:installSnapshotImpl(1458)) - 999e0e82-6253-4699-8a10-92babf97f634@group-97EA473A16A6: set new configuration index: 5
configurationEntry {
  peers {
    id: "bae6930e-8ae4-497b-9eaa-87fb2ec79d16"
    address: "localhost:14496"
  }
  peers {
    id: "72fc5de2-a3f7-4fa9-972b-1bbfdbde045f"
    address: "localhost:14506"
  }
}
 from snapshot
2021-07-03 01:53:12,117 [grpc-default-executor-4] INFO  server.RaftServer$Division (ServerState.java:setRaftConf(373)) - 999e0e82-6253-4699-8a10-92babf97f634@group-97EA473A16A6: set configuration 5: [bae6930e-8ae4-497b-9eaa-87fb2ec79d16|rpc:localhost:14496|admin:|client:|dataStream:|priority:0, 72fc5de2-a3f7-4fa9-972b-1bbfdbde045f|rpc:localhost:14506|admin:|client:|dataStream:|priority:0], old=null
2021-07-03 01:53:12,118 [grpc-default-executor-1] INFO  leader.FollowerInfo (FollowerInfoImpl.java:lambda$new$0(46)) - bae6930e-8ae4-497b-9eaa-87fb2ec79d16@group-97EA473A16A6->999e0e82-6253-4699-8a10-92babf97f634: nextIndex: updateUnconditionally 0 -> 0
2021-07-03 01:53:12,118 [grpc-default-executor-4] INFO  server.RaftServer$Division (RaftServerImpl.java:installSnapshot(1339)) - 999e0e82-6253-4699-8a10-92babf97f634@group-97EA473A16A6: reply installSnapshot: bae6930e-8ae4-497b-9eaa-87fb2ec79d16<-999e0e82-6253-4699-8a10-92babf97f634#0:FAIL-t2,IN_PROGRESS
2021-07-03 01:53:12,118 [grpc-default-executor-4] INFO  server.GrpcServerProtocolService (GrpcServerProtocolService.java:onCompleted(140)) - 999e0e82-6253-4699-8a10-92babf97f634: Completed INSTALL_SNAPSHOT, lastRequest: bae6930e-8ae4-497b-9eaa-87fb2ec79d16->999e0e82-6253-4699-8a10-92babf97f634#0-t2,notify:(t:2, i:1)
2021-07-03 01:53:12,119 [grpc-default-executor-4] INFO  server.GrpcLogAppender (GrpcLogAppender.java:onNext(400)) - bae6930e-8ae4-497b-9eaa-87fb2ec79d16@group-97EA473A16A6->999e0e82-6253-4699-8a10-92babf97f634-InstallSnapshotResponseHandler: received a reply bae6930e-8ae4-497b-9eaa-87fb2ec79d16<-999e0e82-6253-4699-8a10-92babf97f634#0:FAIL-t2,IN_PROGRESS
2021-07-03 01:53:12,119 [grpc-default-executor-4] INFO  server.GrpcLogAppender (GrpcLogAppender.java:onNext(417)) - bae6930e-8ae4-497b-9eaa-87fb2ec79d16@group-97EA473A16A6->999e0e82-6253-4699-8a10-92babf97f634-InstallSnapshotResponseHandler: InstallSnapshot in progress.
2021-07-03 01:53:12,118 [grpc-default-executor-0] INFO  db.RDBCheckpointManager (RDBCheckpointManager.java:createCheckpoint(86)) - Created checkpoint at /home/runner/work/ozone/ozone/mnt/ozone/hadoop-ozone/integration-test/target/test-dir/MiniOzoneClusterImpl-6d7611b0-ac11-41e1-98f8-97ea473a16a6/scmNode-1/db.checkpoints/scm.db_checkpoint_1625277192098 in 20 milliseconds
2021-07-03 01:53:12,125 [bae6930e-8ae4-497b-9eaa-87fb2ec79d16@group-97EA473A16A6->999e0e82-6253-4699-8a10-92babf97f634-GrpcLogAppender-LogAppenderDaemon] INFO  server.GrpcLogAppender (GrpcLogAppender.java:installSnapshot(524)) - bae6930e-8ae4-497b-9eaa-87fb2ec79d16@group-97EA473A16A6->999e0e82-6253-4699-8a10-92babf97f634-GrpcLogAppender: followerNextIndex = 0 but logStartIndex = 1, notify follower to install snapshot-(t:2, i:1)
2021-07-03 01:53:12,125 [bae6930e-8ae4-497b-9eaa-87fb2ec79d16@group-97EA473A16A6->999e0e82-6253-4699-8a10-92babf97f634-GrpcLogAppender-LogAppenderDaemon] INFO  server.GrpcLogAppender (GrpcLogAppender.java:installSnapshot(532)) - bae6930e-8ae4-497b-9eaa-87fb2ec79d16@group-97EA473A16A6->999e0e82-6253-4699-8a10-92babf97f634-GrpcLogAppender: send bae6930e-8ae4-497b-9eaa-87fb2ec79d16->999e0e82-6253-4699-8a10-92babf97f634#0-t2,notify:(t:2, i:1)
2021-07-03 01:53:12,125 [grpc-default-executor-0] INFO  ha.SCMGrpcOutputStream (SCMGrpcOutputStream.java:close(111)) - Sent 5519 bytes for cluster 6d7611b0-ac11-41e1-98f8-97ea473a16a6
2021-07-03 01:53:12,131 [grpc-default-executor-0] INFO  ha.SCMDBCheckpointProvider (SCMDBCheckpointProvider.java:writeDBCheckPointToSream(73)) - Time taken to write the checkpoint to response output stream: 8 milliseconds
2021-07-03 01:53:12,135 [grpc-default-executor-1] INFO  server.RaftServer$Division (RaftServerImpl.java:checkInconsistentAppendEntries(1292)) - 999e0e82-6253-4699-8a10-92babf97f634@group-97EA473A16A6: Failed appendEntries as snapshot ((t:2, i:1)) installation is in progress
2021-07-03 01:53:12,135 [grpc-default-executor-1] INFO  server.RaftServer$Division (RaftServerImpl.java:checkInconsistentAppendEntries(1284)) - 999e0e82-6253-4699-8a10-92babf97f634@group-97EA473A16A6: inconsistency entries. Reply:bae6930e-8ae4-497b-9eaa-87fb2ec79d16<-999e0e82-6253-4699-8a10-92babf97f634#5:FAIL-t2,INCONSISTENCY,nextIndex=0,followerCommit=-1
2021-07-03 01:53:12,136 [grpc-default-executor-2] INFO  ha.InterSCMGrpcClient (InterSCMGrpcClient.java:onCompleted(169)) - Checkpoint is downloaded to /home/runner/work/ozone/ozone/mnt/ozone/hadoop-ozone/integration-test/target/test-dir/MiniOzoneClusterImpl-6d7611b0-ac11-41e1-98f8-97ea473a16a6/scmNode-3/snapshot/scm.db-scmNode-1-1625277192077.tar.gz
2021-07-03 01:53:12,131 [grpc-default-executor-0] INFO  db.RocksDBCheckpoint (RocksDBCheckpoint.java:cleanupCheckpoint(78)) - Cleaning up RocksDB checkpoint at /home/runner/work/ozone/ozone/mnt/ozone/hadoop-ozone/integration-test/target/test-dir/MiniOzoneClusterImpl-6d7611b0-ac11-41e1-98f8-97ea473a16a6/scmNode-1/db.checkpoints/scm.db_checkpoint_1625277192098
2021-07-03 01:53:12,136 [grpc-default-executor-4] INFO  server.RaftServer$Division (RaftServerImpl.java:installSnapshot(1328)) - 999e0e82-6253-4699-8a10-92babf97f634@group-97EA473A16A6: receive installSnapshot: bae6930e-8ae4-497b-9eaa-87fb2ec79d16->999e0e82-6253-4699-8a10-92babf97f634#0-t2,notify:(t:2, i:1)
2021-07-03 01:53:12,137 [grpc-default-executor-4] INFO  server.RaftServer$Division (RaftServerImpl.java:notifyStateMachineToInstallSnapshot(1610)) - 999e0e82-6253-4699-8a10-92babf97f634@group-97EA473A16A6: Snapshot Installation by StateMachine is in progress.
2021-07-03 01:53:12,137 [grpc-default-executor-4] INFO  server.RaftServer$Division (RaftServerImpl.java:installSnapshotImpl(1458)) - 999e0e82-6253-4699-8a10-92babf97f634@group-97EA473A16A6: set new configuration index: 5
configurationEntry {
  peers {
    id: "bae6930e-8ae4-497b-9eaa-87fb2ec79d16"
    address: "localhost:14496"
  }
  peers {
    id: "72fc5de2-a3f7-4fa9-972b-1bbfdbde045f"
    address: "localhost:14506"
  }
}
 from snapshot
2021-07-03 01:53:12,137 [grpc-default-executor-4] INFO  server.RaftServer$Division (ServerState.java:setRaftConf(373)) - 999e0e82-6253-4699-8a10-92babf97f634@group-97EA473A16A6: set configuration 5: [bae6930e-8ae4-497b-9eaa-87fb2ec79d16|rpc:localhost:14496|admin:|client:|dataStream:|priority:0, 72fc5de2-a3f7-4fa9-972b-1bbfdbde045f|rpc:localhost:14506|admin:|client:|dataStream:|priority:0], old=null
2021-07-03 01:53:12,138 [grpc-default-executor-4] INFO  server.RaftServer$Division (RaftServerImpl.java:installSnapshot(1339)) - 999e0e82-6253-4699-8a10-92babf97f634@group-97EA473A16A6: reply installSnapshot: bae6930e-8ae4-497b-9eaa-87fb2ec79d16<-999e0e82-6253-4699-8a10-92babf97f634#0:FAIL-t2,IN_PROGRESS
2021-07-03 01:53:12,138 [grpc-default-executor-4] INFO  server.GrpcServerProtocolService (GrpcServerProtocolService.java:onCompleted(140)) - 999e0e82-6253-4699-8a10-92babf97f634: Completed INSTALL_SNAPSHOT, lastRequest: bae6930e-8ae4-497b-9eaa-87fb2ec79d16->999e0e82-6253-4699-8a10-92babf97f634#0-t2,notify:(t:2, i:1)
2021-07-03 01:53:12,139 [grpc-default-executor-2] INFO  leader.FollowerInfo (FollowerInfoImpl.java:lambda$new$0(46)) - bae6930e-8ae4-497b-9eaa-87fb2ec79d16@group-97EA473A16A6->999e0e82-6253-4699-8a10-92babf97f634: nextIndex: updateUnconditionally 0 -> 0
2021-07-03 01:53:12,139 [grpc-default-executor-2] INFO  server.GrpcLogAppender (GrpcLogAppender.java:onNext(400)) - bae6930e-8ae4-497b-9eaa-87fb2ec79d16@group-97EA473A16A6->999e0e82-6253-4699-8a10-92babf97f634-InstallSnapshotResponseHandler: received a reply bae6930e-8ae4-497b-9eaa-87fb2ec79d16<-999e0e82-6253-4699-8a10-92babf97f634#0:FAIL-t2,IN_PROGRESS
2021-07-03 01:53:12,139 [grpc-default-executor-2] INFO  server.GrpcLogAppender (GrpcLogAppender.java:onNext(417)) - bae6930e-8ae4-497b-9eaa-87fb2ec79d16@group-97EA473A16A6->999e0e82-6253-4699-8a10-92babf97f634-InstallSnapshotResponseHandler: InstallSnapshot in progress.
2021-07-03 01:53:12,140 [bae6930e-8ae4-497b-9eaa-87fb2ec79d16@group-97EA473A16A6->999e0e82-6253-4699-8a10-92babf97f634-GrpcLogAppender-LogAppenderDaemon] INFO  server.GrpcLogAppender (GrpcLogAppender.java:installSnapshot(524)) - bae6930e-8ae4-497b-9eaa-87fb2ec79d16@group-97EA473A16A6->999e0e82-6253-4699-8a10-92babf97f634-GrpcLogAppender: followerNextIndex = 0 but logStartIndex = 1, notify follower to install snapshot-(t:2, i:1)
2021-07-03 01:53:12,140 [bae6930e-8ae4-497b-9eaa-87fb2ec79d16@group-97EA473A16A6->999e0e82-6253-4699-8a10-92babf97f634-GrpcLogAppender-LogAppenderDaemon] INFO  server.GrpcLogAppender (GrpcLogAppender.java:installSnapshot(532)) - bae6930e-8ae4-497b-9eaa-87fb2ec79d16@group-97EA473A16A6->999e0e82-6253-4699-8a10-92babf97f634-GrpcLogAppender: send bae6930e-8ae4-497b-9eaa-87fb2ec79d16->999e0e82-6253-4699-8a10-92babf97f634#0-t2,notify:(t:2, i:1)
2021-07-03 01:53:12,140 [grpc-default-executor-2] INFO  server.RaftServer$Division (RaftServerImpl.java:checkInconsistentAppendEntries(1292)) - 999e0e82-6253-4699-8a10-92babf97f634@group-97EA473A16A6: Failed appendEntries as snapshot ((t:2, i:1)) installation is in progress
2021-07-03 01:53:12,141 [grpc-default-executor-2] INFO  server.RaftServer$Division (RaftServerImpl.java:checkInconsistentAppendEntries(1284)) - 999e0e82-6253-4699-8a10-92babf97f634@group-97EA473A16A6: inconsistency entries. Reply:bae6930e-8ae4-497b-9eaa-87fb2ec79d16<-999e0e82-6253-4699-8a10-92babf97f634#6:FAIL-t2,INCONSISTENCY,nextIndex=0,followerCommit=-1
2021-07-03 01:53:12,141 [grpc-default-executor-0] INFO  leader.FollowerInfo (FollowerInfoImpl.java:lambda$new$0(46)) - bae6930e-8ae4-497b-9eaa-87fb2ec79d16@group-97EA473A16A6->999e0e82-6253-4699-8a10-92babf97f634: nextIndex: updateUnconditionally 0 -> 0
2021-07-03 01:53:12,142 [grpc-default-executor-4] INFO  server.RaftServer$Division (RaftServerImpl.java:installSnapshot(1328)) - 999e0e82-6253-4699-8a10-92babf97f634@group-97EA473A16A6: receive installSnapshot: bae6930e-8ae4-497b-9eaa-87fb2ec79d16->999e0e82-6253-4699-8a10-92babf97f634#0-t2,notify:(t:2, i:1)
2021-07-03 01:53:12,142 [grpc-default-executor-4] INFO  server.RaftServer$Division (RaftServerImpl.java:notifyStateMachineToInstallSnapshot(1610)) - 999e0e82-6253-4699-8a10-92babf97f634@group-97EA473A16A6: Snapshot Installation by StateMachine is in progress.
2021-07-03 01:53:12,143 [grpc-default-executor-4] INFO  server.RaftServer$Division (RaftServerImpl.java:installSnapshotImpl(1458)) - 999e0e82-6253-4699-8a10-92babf97f634@group-97EA473A16A6: set new configuration index: 5
configurationEntry {
  peers {
    id: "bae6930e-8ae4-497b-9eaa-87fb2ec79d16"
    address: "localhost:14496"
  }
  peers {
    id: "72fc5de2-a3f7-4fa9-972b-1bbfdbde045f"
    address: "localhost:14506"
  }
}
 from snapshot
2021-07-03 01:53:12,143 [grpc-default-executor-4] INFO  server.RaftServer$Division (ServerState.java:setRaftConf(373)) - 999e0e82-6253-4699-8a10-92babf97f634@group-97EA473A16A6: set configuration 5: [bae6930e-8ae4-497b-9eaa-87fb2ec79d16|rpc:localhost:14496|admin:|client:|dataStream:|priority:0, 72fc5de2-a3f7-4fa9-972b-1bbfdbde045f|rpc:localhost:14506|admin:|client:|dataStream:|priority:0], old=null
2021-07-03 01:53:12,143 [grpc-default-executor-4] INFO  server.RaftServer$Division (RaftServerImpl.java:installSnapshot(1339)) - 999e0e82-6253-4699-8a10-92babf97f634@group-97EA473A16A6: reply installSnapshot: bae6930e-8ae4-497b-9eaa-87fb2ec79d16<-999e0e82-6253-4699-8a10-92babf97f634#0:FAIL-t2,IN_PROGRESS
2021-07-03 01:53:12,143 [grpc-default-executor-4] INFO  server.GrpcServerProtocolService (GrpcServerProtocolService.java:onCompleted(140)) - 999e0e82-6253-4699-8a10-92babf97f634: Completed INSTALL_SNAPSHOT, lastRequest: bae6930e-8ae4-497b-9eaa-87fb2ec79d16->999e0e82-6253-4699-8a10-92babf97f634#0-t2,notify:(t:2, i:1)
2021-07-03 01:53:12,144 [grpc-default-executor-4] INFO  server.GrpcLogAppender (GrpcLogAppender.java:onNext(400)) - bae6930e-8ae4-497b-9eaa-87fb2ec79d16@group-97EA473A16A6->999e0e82-6253-4699-8a10-92babf97f634-InstallSnapshotResponseHandler: received a reply bae6930e-8ae4-497b-9eaa-87fb2ec79d16<-999e0e82-6253-4699-8a10-92babf97f634#0:FAIL-t2,IN_PROGRESS
2021-07-03 01:53:12,144 [grpc-default-executor-4] INFO  server.GrpcLogAppender (GrpcLogAppender.java:onNext(417)) - bae6930e-8ae4-497b-9eaa-87fb2ec79d16@group-97EA473A16A6->999e0e82-6253-4699-8a10-92babf97f634-InstallSnapshotResponseHandler: InstallSnapshot in progress.
2021-07-03 01:53:12,145 [bae6930e-8ae4-497b-9eaa-87fb2ec79d16@group-97EA473A16A6->999e0e82-6253-4699-8a10-92babf97f634-GrpcLogAppender-LogAppenderDaemon] INFO  server.GrpcLogAppender (GrpcLogAppender.java:installSnapshot(524)) - bae6930e-8ae4-497b-9eaa-87fb2ec79d16@group-97EA473A16A6->999e0e82-6253-4699-8a10-92babf97f634-GrpcLogAppender: followerNextIndex = 0 but logStartIndex = 1, notify follower to install snapshot-(t:2, i:1)
2021-07-03 01:53:12,145 [bae6930e-8ae4-497b-9eaa-87fb2ec79d16@group-97EA473A16A6->999e0e82-6253-4699-8a10-92babf97f634-GrpcLogAppender-LogAppenderDaemon] INFO  server.GrpcLogAppender (GrpcLogAppender.java:installSnapshot(532)) - bae6930e-8ae4-497b-9eaa-87fb2ec79d16@group-97EA473A16A6->999e0e82-6253-4699-8a10-92babf97f634-GrpcLogAppender: send bae6930e-8ae4-497b-9eaa-87fb2ec79d16->999e0e82-6253-4699-8a10-92babf97f634#0-t2,notify:(t:2, i:1)
2021-07-03 01:53:12,147 [grpc-default-executor-4] INFO  server.RaftServer$Division (RaftServerImpl.java:checkInconsistentAppendEntries(1292)) - 999e0e82-6253-4699-8a10-92babf97f634@group-97EA473A16A6: Failed appendEntries as snapshot ((t:2, i:1)) installation is in progress
2021-07-03 01:53:12,147 [grpc-default-executor-4] INFO  server.RaftServer$Division (RaftServerImpl.java:checkInconsistentAppendEntries(1284)) - 999e0e82-6253-4699-8a10-92babf97f634@group-97EA473A16A6: inconsistency entries. Reply:bae6930e-8ae4-497b-9eaa-87fb2ec79d16<-999e0e82-6253-4699-8a10-92babf97f634#7:FAIL-t2,INCONSISTENCY,nextIndex=0,followerCommit=-1
2021-07-03 01:53:12,147 [grpc-default-executor-2] INFO  server.RaftServer$Division (RaftServerImpl.java:installSnapshot(1328)) - 999e0e82-6253-4699-8a10-92babf97f634@group-97EA473A16A6: receive installSnapshot: bae6930e-8ae4-497b-9eaa-87fb2ec79d16->999e0e82-6253-4699-8a10-92babf97f634#0-t2,notify:(t:2, i:1)
2021-07-03 01:53:12,147 [grpc-default-executor-2] INFO  server.RaftServer$Division (RaftServerImpl.java:notifyStateMachineToInstallSnapshot(1610)) - 999e0e82-6253-4699-8a10-92babf97f634@group-97EA473A16A6: Snapshot Installation by StateMachine is in progress.
2021-07-03 01:53:12,147 [grpc-default-executor-4] INFO  leader.FollowerInfo (FollowerInfoImpl.java:lambda$new$0(46)) - bae6930e-8ae4-497b-9eaa-87fb2ec79d16@group-97EA473A16A6->999e0e82-6253-4699-8a10-92babf97f634: nextIndex: updateUnconditionally 0 -> 0
2021-07-03 01:53:12,148 [grpc-default-executor-2] INFO  server.RaftServer$Division (RaftServerImpl.java:installSnapshotImpl(1458)) - 999e0e82-6253-4699-8a10-92babf97f634@group-97EA473A16A6: set new configuration index: 5
configurationEntry {
  peers {
    id: "bae6930e-8ae4-497b-9eaa-87fb2ec79d16"
    address: "localhost:14496"
  }
  peers {
    id: "72fc5de2-a3f7-4fa9-972b-1bbfdbde045f"
    address: "localhost:14506"
  }
}
 from snapshot
2021-07-03 01:53:12,149 [grpc-default-executor-2] INFO  server.RaftServer$Division (ServerState.java:setRaftConf(373)) - 999e0e82-6253-4699-8a10-92babf97f634@group-97EA473A16A6: set configuration 5: [bae6930e-8ae4-497b-9eaa-87fb2ec79d16|rpc:localhost:14496|admin:|client:|dataStream:|priority:0, 72fc5de2-a3f7-4fa9-972b-1bbfdbde045f|rpc:localhost:14506|admin:|client:|dataStream:|priority:0], old=null
2021-07-03 01:53:12,149 [grpc-default-executor-2] INFO  server.RaftServer$Division (RaftServerImpl.java:installSnapshot(1339)) - 999e0e82-6253-4699-8a10-92babf97f634@group-97EA473A16A6: reply installSnapshot: bae6930e-8ae4-497b-9eaa-87fb2ec79d16<-999e0e82-6253-4699-8a10-92babf97f634#0:FAIL-t2,IN_PROGRESS
2021-07-03 01:53:12,149 [grpc-default-executor-2] INFO  server.GrpcServerProtocolService (GrpcServerProtocolService.java:onCompleted(140)) - 999e0e82-6253-4699-8a10-92babf97f634: Completed INSTALL_SNAPSHOT, lastRequest: bae6930e-8ae4-497b-9eaa-87fb2ec79d16->999e0e82-6253-4699-8a10-92babf97f634#0-t2,notify:(t:2, i:1)
2021-07-03 01:53:12,149 [grpc-default-executor-2] INFO  server.GrpcLogAppender (GrpcLogAppender.java:onNext(400)) - bae6930e-8ae4-497b-9eaa-87fb2ec79d16@group-97EA473A16A6->999e0e82-6253-4699-8a10-92babf97f634-InstallSnapshotResponseHandler: received a reply bae6930e-8ae4-497b-9eaa-87fb2ec79d16<-999e0e82-6253-4699-8a10-92babf97f634#0:FAIL-t2,IN_PROGRESS
2021-07-03 01:53:12,149 [grpc-default-executor-2] INFO  server.GrpcLogAppender (GrpcLogAppender.java:onNext(417)) - bae6930e-8ae4-497b-9eaa-87fb2ec79d16@group-97EA473A16A6->999e0e82-6253-4699-8a10-92babf97f634-InstallSnapshotResponseHandler: InstallSnapshot in progress.
2021-07-03 01:53:12,154 [bae6930e-8ae4-497b-9eaa-87fb2ec79d16@group-97EA473A16A6->999e0e82-6253-4699-8a10-92babf97f634-GrpcLogAppender-LogAppenderDaemon] INFO  server.GrpcLogAppender (GrpcLogAppender.java:installSnapshot(524)) - bae6930e-8ae4-497b-9eaa-87fb2ec79d16@group-97EA473A16A6->999e0e82-6253-4699-8a10-92babf97f634-GrpcLogAppender: followerNextIndex = 0 but logStartIndex = 1, notify follower to install snapshot-(t:2, i:1)
2021-07-03 01:53:12,155 [bae6930e-8ae4-497b-9eaa-87fb2ec79d16@group-97EA473A16A6->999e0e82-6253-4699-8a10-92babf97f634-GrpcLogAppender-LogAppenderDaemon] INFO  server.GrpcLogAppender (GrpcLogAppender.java:installSnapshot(532)) - bae6930e-8ae4-497b-9eaa-87fb2ec79d16@group-97EA473A16A6->999e0e82-6253-4699-8a10-92babf97f634-GrpcLogAppender: send bae6930e-8ae4-497b-9eaa-87fb2ec79d16->999e0e82-6253-4699-8a10-92babf97f634#0-t2,notify:(t:2, i:1)
2021-07-03 01:53:12,156 [grpc-default-executor-2] INFO  server.RaftServer$Division (RaftServerImpl.java:installSnapshot(1328)) - 999e0e82-6253-4699-8a10-92babf97f634@group-97EA473A16A6: receive installSnapshot: bae6930e-8ae4-497b-9eaa-87fb2ec79d16->999e0e82-6253-4699-8a10-92babf97f634#0-t2,notify:(t:2, i:1)
2021-07-03 01:53:12,156 [grpc-default-executor-4] INFO  server.RaftServer$Division (RaftServerImpl.java:checkInconsistentAppendEntries(1292)) - 999e0e82-6253-4699-8a10-92babf97f634@group-97EA473A16A6: Failed appendEntries as snapshot ((t:2, i:1)) installation is in progress
2021-07-03 01:53:12,156 [grpc-default-executor-4] INFO  server.RaftServer$Division (RaftServerImpl.java:checkInconsistentAppendEntries(1284)) - 999e0e82-6253-4699-8a10-92babf97f634@group-97EA473A16A6: inconsistency entries. Reply:bae6930e-8ae4-497b-9eaa-87fb2ec79d16<-999e0e82-6253-4699-8a10-92babf97f634#8:FAIL-t2,INCONSISTENCY,nextIndex=0,followerCommit=-1
2021-07-03 01:53:12,156 [grpc-default-executor-2] INFO  server.RaftServer$Division (RaftServerImpl.java:notifyStateMachineToInstallSnapshot(1610)) - 999e0e82-6253-4699-8a10-92babf97f634@group-97EA473A16A6: Snapshot Installation by StateMachine is in progress.
2021-07-03 01:53:12,157 [grpc-default-executor-2] INFO  server.RaftServer$Division (RaftServerImpl.java:installSnapshotImpl(1458)) - 999e0e82-6253-4699-8a10-92babf97f634@group-97EA473A16A6: set new configuration index: 5
configurationEntry {
  peers {
    id: "bae6930e-8ae4-497b-9eaa-87fb2ec79d16"
    address: "localhost:14496"
  }
  peers {
    id: "72fc5de2-a3f7-4fa9-972b-1bbfdbde045f"
    address: "localhost:14506"
  }
}
 from snapshot
2021-07-03 01:53:12,157 [grpc-default-executor-2] INFO  server.RaftServer$Division (ServerState.java:setRaftConf(373)) - 999e0e82-6253-4699-8a10-92babf97f634@group-97EA473A16A6: set configuration 5: [bae6930e-8ae4-497b-9eaa-87fb2ec79d16|rpc:localhost:14496|admin:|client:|dataStream:|priority:0, 72fc5de2-a3f7-4fa9-972b-1bbfdbde045f|rpc:localhost:14506|admin:|client:|dataStream:|priority:0], old=null
2021-07-03 01:53:12,157 [grpc-default-executor-2] INFO  server.RaftServer$Division (RaftServerImpl.java:installSnapshot(1339)) - 999e0e82-6253-4699-8a10-92babf97f634@group-97EA473A16A6: reply installSnapshot: bae6930e-8ae4-497b-9eaa-87fb2ec79d16<-999e0e82-6253-4699-8a10-92babf97f634#0:FAIL-t2,IN_PROGRESS
2021-07-03 01:53:12,157 [grpc-default-executor-2] INFO  server.GrpcServerProtocolService (GrpcServerProtocolService.java:onCompleted(140)) - 999e0e82-6253-4699-8a10-92babf97f634: Completed INSTALL_SNAPSHOT, lastRequest: bae6930e-8ae4-497b-9eaa-87fb2ec79d16->999e0e82-6253-4699-8a10-92babf97f634#0-t2,notify:(t:2, i:1)
2021-07-03 01:53:12,162 [grpc-default-executor-4] INFO  leader.FollowerInfo (FollowerInfoImpl.java:lambda$new$0(46)) - bae6930e-8ae4-497b-9eaa-87fb2ec79d16@group-97EA473A16A6->999e0e82-6253-4699-8a10-92babf97f634: nextIndex: updateUnconditionally 0 -> 0
2021-07-03 01:53:12,163 [grpc-default-executor-2] INFO  server.GrpcLogAppender (GrpcLogAppender.java:onNext(400)) - bae6930e-8ae4-497b-9eaa-87fb2ec79d16@group-97EA473A16A6->999e0e82-6253-4699-8a10-92babf97f634-InstallSnapshotResponseHandler: received a reply bae6930e-8ae4-497b-9eaa-87fb2ec79d16<-999e0e82-6253-4699-8a10-92babf97f634#0:FAIL-t2,IN_PROGRESS
2021-07-03 01:53:12,163 [grpc-default-executor-2] INFO  server.GrpcLogAppender (GrpcLogAppender.java:onNext(417)) - bae6930e-8ae4-497b-9eaa-87fb2ec79d16@group-97EA473A16A6->999e0e82-6253-4699-8a10-92babf97f634-InstallSnapshotResponseHandler: InstallSnapshot in progress.
2021-07-03 01:53:12,165 [pool-213-thread-1] INFO  ha.SCMSnapshotProvider (SCMSnapshotProvider.java:getSCMDBSnapshot(130)) - Successfully downloaded latest checkpoint from leader SCM: scmNode-1 path /home/runner/work/ozone/ozone/mnt/ozone/hadoop-ozone/integration-test/target/test-dir/MiniOzoneClusterImpl-6d7611b0-ac11-41e1-98f8-97ea473a16a6/scmNode-3/snapshot/scm.db-scmNode-1-1625277192077
2021-07-03 01:53:12,165 [pool-213-thread-1] INFO  ha.SCMHAManagerImpl (SCMHAManagerImpl.java:downloadCheckpointFromLeader(158)) - Downloaded checkpoint from Leader scmNode-1 to the location /home/runner/work/ozone/ozone/mnt/ozone/hadoop-ozone/integration-test/target/test-dir/MiniOzoneClusterImpl-6d7611b0-ac11-41e1-98f8-97ea473a16a6/scmNode-3/snapshot/scm.db-scmNode-1-1625277192077
2021-07-03 01:53:12,168 [bae6930e-8ae4-497b-9eaa-87fb2ec79d16@group-97EA473A16A6->999e0e82-6253-4699-8a10-92babf97f634-GrpcLogAppender-LogAppenderDaemon] INFO  server.GrpcLogAppender (GrpcLogAppender.java:installSnapshot(524)) - bae6930e-8ae4-497b-9eaa-87fb2ec79d16@group-97EA473A16A6->999e0e82-6253-4699-8a10-92babf97f634-GrpcLogAppender: followerNextIndex = 0 but logStartIndex = 1, notify follower to install snapshot-(t:2, i:1)
2021-07-03 01:53:12,168 [bae6930e-8ae4-497b-9eaa-87fb2ec79d16@group-97EA473A16A6->999e0e82-6253-4699-8a10-92babf97f634-GrpcLogAppender-LogAppenderDaemon] INFO  server.GrpcLogAppender (GrpcLogAppender.java:installSnapshot(532)) - bae6930e-8ae4-497b-9eaa-87fb2ec79d16@group-97EA473A16A6->999e0e82-6253-4699-8a10-92babf97f634-GrpcLogAppender: send bae6930e-8ae4-497b-9eaa-87fb2ec79d16->999e0e82-6253-4699-8a10-92babf97f634#0-t2,notify:(t:2, i:1)
2021-07-03 01:53:12,169 [grpc-default-executor-0] INFO  server.RaftServer$Division (RaftServerImpl.java:checkInconsistentAppendEntries(1292)) - 999e0e82-6253-4699-8a10-92babf97f634@group-97EA473A16A6: Failed appendEntries as snapshot ((t:2, i:1)) installation is in progress
2021-07-03 01:53:12,169 [grpc-default-executor-0] INFO  server.RaftServer$Division (RaftServerImpl.java:checkInconsistentAppendEntries(1284)) - 999e0e82-6253-4699-8a10-92babf97f634@group-97EA473A16A6: inconsistency entries. Reply:bae6930e-8ae4-497b-9eaa-87fb2ec79d16<-999e0e82-6253-4699-8a10-92babf97f634#9:FAIL-t2,INCONSISTENCY,nextIndex=0,followerCommit=-1
2021-07-03 01:53:12,170 [grpc-default-executor-4] INFO  server.RaftServer$Division (RaftServerImpl.java:installSnapshot(1328)) - 999e0e82-6253-4699-8a10-92babf97f634@group-97EA473A16A6: receive installSnapshot: bae6930e-8ae4-497b-9eaa-87fb2ec79d16->999e0e82-6253-4699-8a10-92babf97f634#0-t2,notify:(t:2, i:1)
2021-07-03 01:53:12,170 [grpc-default-executor-4] INFO  server.RaftServer$Division (RaftServerImpl.java:notifyStateMachineToInstallSnapshot(1610)) - 999e0e82-6253-4699-8a10-92babf97f634@group-97EA473A16A6: Snapshot Installation by StateMachine is in progress.
2021-07-03 01:53:12,171 [grpc-default-executor-4] INFO  server.RaftServer$Division (RaftServerImpl.java:installSnapshotImpl(1458)) - 999e0e82-6253-4699-8a10-92babf97f634@group-97EA473A16A6: set new configuration index: 5
configurationEntry {
  peers {
    id: "bae6930e-8ae4-497b-9eaa-87fb2ec79d16"
    address: "localhost:14496"
  }
  peers {
    id: "72fc5de2-a3f7-4fa9-972b-1bbfdbde045f"
    address: "localhost:14506"
  }
}
 from snapshot
2021-07-03 01:53:12,171 [grpc-default-executor-4] INFO  server.RaftServer$Division (ServerState.java:setRaftConf(373)) - 999e0e82-6253-4699-8a10-92babf97f634@group-97EA473A16A6: set configuration 5: [bae6930e-8ae4-497b-9eaa-87fb2ec79d16|rpc:localhost:14496|admin:|client:|dataStream:|priority:0, 72fc5de2-a3f7-4fa9-972b-1bbfdbde045f|rpc:localhost:14506|admin:|client:|dataStream:|priority:0], old=null
2021-07-03 01:53:12,171 [grpc-default-executor-4] INFO  server.RaftServer$Division (RaftServerImpl.java:installSnapshot(1339)) - 999e0e82-6253-4699-8a10-92babf97f634@group-97EA473A16A6: reply installSnapshot: bae6930e-8ae4-497b-9eaa-87fb2ec79d16<-999e0e82-6253-4699-8a10-92babf97f634#0:FAIL-t2,IN_PROGRESS
2021-07-03 01:53:12,171 [grpc-default-executor-4] INFO  server.GrpcServerProtocolService (GrpcServerProtocolService.java:onCompleted(140)) - 999e0e82-6253-4699-8a10-92babf97f634: Completed INSTALL_SNAPSHOT, lastRequest: bae6930e-8ae4-497b-9eaa-87fb2ec79d16->999e0e82-6253-4699-8a10-92babf97f634#0-t2,notify:(t:2, i:1)
2021-07-03 01:53:12,172 [grpc-default-executor-0] INFO  leader.FollowerInfo (FollowerInfoImpl.java:lambda$new$0(46)) - bae6930e-8ae4-497b-9eaa-87fb2ec79d16@group-97EA473A16A6->999e0e82-6253-4699-8a10-92babf97f634: nextIndex: updateUnconditionally 0 -> 0
2021-07-03 01:53:12,172 [grpc-default-executor-2] INFO  server.GrpcLogAppender (GrpcLogAppender.java:onNext(400)) - bae6930e-8ae4-497b-9eaa-87fb2ec79d16@group-97EA473A16A6->999e0e82-6253-4699-8a10-92babf97f634-InstallSnapshotResponseHandler: received a reply bae6930e-8ae4-497b-9eaa-87fb2ec79d16<-999e0e82-6253-4699-8a10-92babf97f634#0:FAIL-t2,IN_PROGRESS
2021-07-03 01:53:12,172 [grpc-default-executor-2] INFO  server.GrpcLogAppender (GrpcLogAppender.java:onNext(417)) - bae6930e-8ae4-497b-9eaa-87fb2ec79d16@group-97EA473A16A6->999e0e82-6253-4699-8a10-92babf97f634-InstallSnapshotResponseHandler: InstallSnapshot in progress.
2021-07-03 01:53:12,173 [bae6930e-8ae4-497b-9eaa-87fb2ec79d16@group-97EA473A16A6->999e0e82-6253-4699-8a10-92babf97f634-GrpcLogAppender-LogAppenderDaemon] INFO  server.GrpcLogAppender (GrpcLogAppender.java:installSnapshot(524)) - bae6930e-8ae4-497b-9eaa-87fb2ec79d16@group-97EA473A16A6->999e0e82-6253-4699-8a10-92babf97f634-GrpcLogAppender: followerNextIndex = 0 but logStartIndex = 1, notify follower to install snapshot-(t:2, i:1)
2021-07-03 01:53:12,173 [bae6930e-8ae4-497b-9eaa-87fb2ec79d16@group-97EA473A16A6->999e0e82-6253-4699-8a10-92babf97f634-GrpcLogAppender-LogAppenderDaemon] INFO  server.GrpcLogAppender (GrpcLogAppender.java:installSnapshot(532)) - bae6930e-8ae4-497b-9eaa-87fb2ec79d16@group-97EA473A16A6->999e0e82-6253-4699-8a10-92babf97f634-GrpcLogAppender: send bae6930e-8ae4-497b-9eaa-87fb2ec79d16->999e0e82-6253-4699-8a10-92babf97f634#0-t2,notify:(t:2, i:1)
2021-07-03 01:53:12,174 [grpc-default-executor-0] INFO  server.RaftServer$Division (RaftServerImpl.java:checkInconsistentAppendEntries(1292)) - 999e0e82-6253-4699-8a10-92babf97f634@group-97EA473A16A6: Failed appendEntries as snapshot ((t:2, i:1)) installation is in progress
2021-07-03 01:53:12,178 [grpc-default-executor-0] INFO  server.RaftServer$Division (RaftServerImpl.java:checkInconsistentAppendEntries(1284)) - 999e0e82-6253-4699-8a10-92babf97f634@group-97EA473A16A6: inconsistency entries. Reply:bae6930e-8ae4-497b-9eaa-87fb2ec79d16<-999e0e82-6253-4699-8a10-92babf97f634#10:FAIL-t2,INCONSISTENCY,nextIndex=0,followerCommit=-1
2021-07-03 01:53:12,178 [grpc-default-executor-0] INFO  leader.FollowerInfo (FollowerInfoImpl.java:lambda$new$0(46)) - bae6930e-8ae4-497b-9eaa-87fb2ec79d16@group-97EA473A16A6->999e0e82-6253-4699-8a10-92babf97f634: nextIndex: updateUnconditionally 0 -> 0
2021-07-03 01:53:12,179 [grpc-default-executor-2] INFO  server.RaftServer$Division (RaftServerImpl.java:installSnapshot(1328)) - 999e0e82-6253-4699-8a10-92babf97f634@group-97EA473A16A6: receive installSnapshot: bae6930e-8ae4-497b-9eaa-87fb2ec79d16->999e0e82-6253-4699-8a10-92babf97f634#0-t2,notify:(t:2, i:1)
2021-07-03 01:53:12,179 [grpc-default-executor-2] INFO  server.RaftServer$Division (RaftServerImpl.java:notifyStateMachineToInstallSnapshot(1610)) - 999e0e82-6253-4699-8a10-92babf97f634@group-97EA473A16A6: Snapshot Installation by StateMachine is in progress.
2021-07-03 01:53:12,179 [grpc-default-executor-2] INFO  server.RaftServer$Division (RaftServerImpl.java:installSnapshotImpl(1458)) - 999e0e82-6253-4699-8a10-92babf97f634@group-97EA473A16A6: set new configuration index: 5
configurationEntry {
  peers {
    id: "bae6930e-8ae4-497b-9eaa-87fb2ec79d16"
    address: "localhost:14496"
  }
  peers {
    id: "72fc5de2-a3f7-4fa9-972b-1bbfdbde045f"
    address: "localhost:14506"
  }
}
 from snapshot
2021-07-03 01:53:12,179 [grpc-default-executor-2] INFO  server.RaftServer$Division (ServerState.java:setRaftConf(373)) - 999e0e82-6253-4699-8a10-92babf97f634@group-97EA473A16A6: set configuration 5: [bae6930e-8ae4-497b-9eaa-87fb2ec79d16|rpc:localhost:14496|admin:|client:|dataStream:|priority:0, 72fc5de2-a3f7-4fa9-972b-1bbfdbde045f|rpc:localhost:14506|admin:|client:|dataStream:|priority:0], old=null
2021-07-03 01:53:12,179 [grpc-default-executor-2] INFO  server.RaftServer$Division (RaftServerImpl.java:installSnapshot(1339)) - 999e0e82-6253-4699-8a10-92babf97f634@group-97EA473A16A6: reply installSnapshot: bae6930e-8ae4-497b-9eaa-87fb2ec79d16<-999e0e82-6253-4699-8a10-92babf97f634#0:FAIL-t2,IN_PROGRESS
2021-07-03 01:53:12,179 [grpc-default-executor-2] INFO  server.GrpcServerProtocolService (GrpcServerProtocolService.java:onCompleted(140)) - 999e0e82-6253-4699-8a10-92babf97f634: Completed INSTALL_SNAPSHOT, lastRequest: bae6930e-8ae4-497b-9eaa-87fb2ec79d16->999e0e82-6253-4699-8a10-92babf97f634#0-t2,notify:(t:2, i:1)
2021-07-03 01:53:12,180 [grpc-default-executor-0] INFO  server.GrpcLogAppender (GrpcLogAppender.java:onNext(400)) - bae6930e-8ae4-497b-9eaa-87fb2ec79d16@group-97EA473A16A6->999e0e82-6253-4699-8a10-92babf97f634-InstallSnapshotResponseHandler: received a reply bae6930e-8ae4-497b-9eaa-87fb2ec79d16<-999e0e82-6253-4699-8a10-92babf97f634#0:FAIL-t2,IN_PROGRESS
2021-07-03 01:53:12,180 [grpc-default-executor-0] INFO  server.GrpcLogAppender (GrpcLogAppender.java:onNext(417)) - bae6930e-8ae4-497b-9eaa-87fb2ec79d16@group-97EA473A16A6->999e0e82-6253-4699-8a10-92babf97f634-InstallSnapshotResponseHandler: InstallSnapshot in progress.
2021-07-03 01:53:12,182 [bae6930e-8ae4-497b-9eaa-87fb2ec79d16@group-97EA473A16A6->999e0e82-6253-4699-8a10-92babf97f634-GrpcLogAppender-LogAppenderDaemon] INFO  server.GrpcLogAppender (GrpcLogAppender.java:installSnapshot(524)) - bae6930e-8ae4-497b-9eaa-87fb2ec79d16@group-97EA473A16A6->999e0e82-6253-4699-8a10-92babf97f634-GrpcLogAppender: followerNextIndex = 0 but logStartIndex = 1, notify follower to install snapshot-(t:2, i:1)
2021-07-03 01:53:12,182 [bae6930e-8ae4-497b-9eaa-87fb2ec79d16@group-97EA473A16A6->999e0e82-6253-4699-8a10-92babf97f634-GrpcLogAppender-LogAppenderDaemon] INFO  server.GrpcLogAppender (GrpcLogAppender.java:installSnapshot(532)) - bae6930e-8ae4-497b-9eaa-87fb2ec79d16@group-97EA473A16A6->999e0e82-6253-4699-8a10-92babf97f634-GrpcLogAppender: send bae6930e-8ae4-497b-9eaa-87fb2ec79d16->999e0e82-6253-4699-8a10-92babf97f634#0-t2,notify:(t:2, i:1)
2021-07-03 01:53:12,183 [grpc-default-executor-4] INFO  server.RaftServer$Division (RaftServerImpl.java:checkInconsistentAppendEntries(1292)) - 999e0e82-6253-4699-8a10-92babf97f634@group-97EA473A16A6: Failed appendEntries as snapshot ((t:2, i:1)) installation is in progress
2021-07-03 01:53:12,183 [grpc-default-executor-4] INFO  server.RaftServer$Division (RaftServerImpl.java:checkInconsistentAppendEntries(1284)) - 999e0e82-6253-4699-8a10-92babf97f634@group-97EA473A16A6: inconsistency entries. Reply:bae6930e-8ae4-497b-9eaa-87fb2ec79d16<-999e0e82-6253-4699-8a10-92babf97f634#11:FAIL-t2,INCONSISTENCY,nextIndex=0,followerCommit=-1
2021-07-03 01:53:12,183 [grpc-default-executor-0] INFO  leader.FollowerInfo (FollowerInfoImpl.java:lambda$new$0(46)) - bae6930e-8ae4-497b-9eaa-87fb2ec79d16@group-97EA473A16A6->999e0e82-6253-4699-8a10-92babf97f634: nextIndex: updateUnconditionally 0 -> 0
2021-07-03 01:53:12,184 [grpc-default-executor-2] INFO  server.RaftServer$Division (RaftServerImpl.java:installSnapshot(1328)) - 999e0e82-6253-4699-8a10-92babf97f634@group-97EA473A16A6: receive installSnapshot: bae6930e-8ae4-497b-9eaa-87fb2ec79d16->999e0e82-6253-4699-8a10-92babf97f634#0-t2,notify:(t:2, i:1)
2021-07-03 01:53:12,184 [grpc-default-executor-2] INFO  server.RaftServer$Division (RaftServerImpl.java:notifyStateMachineToInstallSnapshot(1610)) - 999e0e82-6253-4699-8a10-92babf97f634@group-97EA473A16A6: Snapshot Installation by StateMachine is in progress.
2021-07-03 01:53:12,185 [grpc-default-executor-2] INFO  server.RaftServer$Division (RaftServerImpl.java:installSnapshotImpl(1458)) - 999e0e82-6253-4699-8a10-92babf97f634@group-97EA473A16A6: set new configuration index: 5
configurationEntry {
  peers {
    id: "bae6930e-8ae4-497b-9eaa-87fb2ec79d16"
    address: "localhost:14496"
  }
  peers {
    id: "72fc5de2-a3f7-4fa9-972b-1bbfdbde045f"
    address: "localhost:14506"
  }
}
 from snapshot
2021-07-03 01:53:12,185 [grpc-default-executor-2] INFO  server.RaftServer$Division (ServerState.java:setRaftConf(373)) - 999e0e82-6253-4699-8a10-92babf97f634@group-97EA473A16A6: set configuration 5: [bae6930e-8ae4-497b-9eaa-87fb2ec79d16|rpc:localhost:14496|admin:|client:|dataStream:|priority:0, 72fc5de2-a3f7-4fa9-972b-1bbfdbde045f|rpc:localhost:14506|admin:|client:|dataStream:|priority:0], old=null
2021-07-03 01:53:12,185 [grpc-default-executor-2] INFO  server.RaftServer$Division (RaftServerImpl.java:installSnapshot(1339)) - 999e0e82-6253-4699-8a10-92babf97f634@group-97EA473A16A6: reply installSnapshot: bae6930e-8ae4-497b-9eaa-87fb2ec79d16<-999e0e82-6253-4699-8a10-92babf97f634#0:FAIL-t2,IN_PROGRESS
2021-07-03 01:53:12,185 [grpc-default-executor-2] INFO  server.GrpcServerProtocolService (GrpcServerProtocolService.java:onCompleted(140)) - 999e0e82-6253-4699-8a10-92babf97f634: Completed INSTALL_SNAPSHOT, lastRequest: bae6930e-8ae4-497b-9eaa-87fb2ec79d16->999e0e82-6253-4699-8a10-92babf97f634#0-t2,notify:(t:2, i:1)
2021-07-03 01:53:12,186 [grpc-default-executor-2] INFO  server.GrpcLogAppender (GrpcLogAppender.java:onNext(400)) - bae6930e-8ae4-497b-9eaa-87fb2ec79d16@group-97EA473A16A6->999e0e82-6253-4699-8a10-92babf97f634-InstallSnapshotResponseHandler: received a reply bae6930e-8ae4-497b-9eaa-87fb2ec79d16<-999e0e82-6253-4699-8a10-92babf97f634#0:FAIL-t2,IN_PROGRESS
2021-07-03 01:53:12,186 [grpc-default-executor-2] INFO  server.GrpcLogAppender (GrpcLogAppender.java:onNext(417)) - bae6930e-8ae4-497b-9eaa-87fb2ec79d16@group-97EA473A16A6->999e0e82-6253-4699-8a10-92babf97f634-InstallSnapshotResponseHandler: InstallSnapshot in progress.
2021-07-03 01:53:12,190 [bae6930e-8ae4-497b-9eaa-87fb2ec79d16@group-97EA473A16A6->999e0e82-6253-4699-8a10-92babf97f634-GrpcLogAppender-LogAppenderDaemon] INFO  server.GrpcLogAppender (GrpcLogAppender.java:installSnapshot(524)) - bae6930e-8ae4-497b-9eaa-87fb2ec79d16@group-97EA473A16A6->999e0e82-6253-4699-8a10-92babf97f634-GrpcLogAppender: followerNextIndex = 0 but logStartIndex = 1, notify follower to install snapshot-(t:2, i:1)
2021-07-03 01:53:12,190 [bae6930e-8ae4-497b-9eaa-87fb2ec79d16@group-97EA473A16A6->999e0e82-6253-4699-8a10-92babf97f634-GrpcLogAppender-LogAppenderDaemon] INFO  server.GrpcLogAppender (GrpcLogAppender.java:installSnapshot(532)) - bae6930e-8ae4-497b-9eaa-87fb2ec79d16@group-97EA473A16A6->999e0e82-6253-4699-8a10-92babf97f634-GrpcLogAppender: send bae6930e-8ae4-497b-9eaa-87fb2ec79d16->999e0e82-6253-4699-8a10-92babf97f634#0-t2,notify:(t:2, i:1)
2021-07-03 01:53:12,190 [grpc-default-executor-4] INFO  server.RaftServer$Division (RaftServerImpl.java:checkInconsistentAppendEntries(1292)) - 999e0e82-6253-4699-8a10-92babf97f634@group-97EA473A16A6: Failed appendEntries as snapshot ((t:2, i:1)) installation is in progress
2021-07-03 01:53:12,191 [grpc-default-executor-4] INFO  server.RaftServer$Division (RaftServerImpl.java:checkInconsistentAppendEntries(1284)) - 999e0e82-6253-4699-8a10-92babf97f634@group-97EA473A16A6: inconsistency entries. Reply:bae6930e-8ae4-497b-9eaa-87fb2ec79d16<-999e0e82-6253-4699-8a10-92babf97f634#12:FAIL-t2,INCONSISTENCY,nextIndex=0,followerCommit=-1
2021-07-03 01:53:12,193 [grpc-default-executor-2] INFO  leader.FollowerInfo (FollowerInfoImpl.java:lambda$new$0(46)) - bae6930e-8ae4-497b-9eaa-87fb2ec79d16@group-97EA473A16A6->999e0e82-6253-4699-8a10-92babf97f634: nextIndex: updateUnconditionally 0 -> 0
2021-07-03 01:53:12,193 [grpc-default-executor-0] INFO  server.RaftServer$Division (RaftServerImpl.java:installSnapshot(1328)) - 999e0e82-6253-4699-8a10-92babf97f634@group-97EA473A16A6: receive installSnapshot: bae6930e-8ae4-497b-9eaa-87fb2ec79d16->999e0e82-6253-4699-8a10-92babf97f634#0-t2,notify:(t:2, i:1)
2021-07-03 01:53:12,193 [grpc-default-executor-0] INFO  server.RaftServer$Division (RaftServerImpl.java:notifyStateMachineToInstallSnapshot(1610)) - 999e0e82-6253-4699-8a10-92babf97f634@group-97EA473A16A6: Snapshot Installation by StateMachine is in progress.
2021-07-03 01:53:12,193 [grpc-default-executor-0] INFO  server.RaftServer$Division (RaftServerImpl.java:installSnapshotImpl(1458)) - 999e0e82-6253-4699-8a10-92babf97f634@group-97EA473A16A6: set new configuration index: 5
configurationEntry {
  peers {
    id: "bae6930e-8ae4-497b-9eaa-87fb2ec79d16"
    address: "localhost:14496"
  }
  peers {
    id: "72fc5de2-a3f7-4fa9-972b-1bbfdbde045f"
    address: "localhost:14506"
  }
}
 from snapshot
2021-07-03 01:53:12,193 [grpc-default-executor-0] INFO  server.RaftServer$Division (ServerState.java:setRaftConf(373)) - 999e0e82-6253-4699-8a10-92babf97f634@group-97EA473A16A6: set configuration 5: [bae6930e-8ae4-497b-9eaa-87fb2ec79d16|rpc:localhost:14496|admin:|client:|dataStream:|priority:0, 72fc5de2-a3f7-4fa9-972b-1bbfdbde045f|rpc:localhost:14506|admin:|client:|dataStream:|priority:0], old=null
2021-07-03 01:53:12,194 [grpc-default-executor-0] INFO  server.RaftServer$Division (RaftServerImpl.java:installSnapshot(1339)) - 999e0e82-6253-4699-8a10-92babf97f634@group-97EA473A16A6: reply installSnapshot: bae6930e-8ae4-497b-9eaa-87fb2ec79d16<-999e0e82-6253-4699-8a10-92babf97f634#0:FAIL-t2,IN_PROGRESS
2021-07-03 01:53:12,194 [grpc-default-executor-0] INFO  server.GrpcServerProtocolService (GrpcServerProtocolService.java:onCompleted(140)) - 999e0e82-6253-4699-8a10-92babf97f634: Completed INSTALL_SNAPSHOT, lastRequest: bae6930e-8ae4-497b-9eaa-87fb2ec79d16->999e0e82-6253-4699-8a10-92babf97f634#0-t2,notify:(t:2, i:1)
2021-07-03 01:53:12,194 [grpc-default-executor-0] INFO  server.GrpcLogAppender (GrpcLogAppender.java:onNext(400)) - bae6930e-8ae4-497b-9eaa-87fb2ec79d16@group-97EA473A16A6->999e0e82-6253-4699-8a10-92babf97f634-InstallSnapshotResponseHandler: received a reply bae6930e-8ae4-497b-9eaa-87fb2ec79d16<-999e0e82-6253-4699-8a10-92babf97f634#0:FAIL-t2,IN_PROGRESS
2021-07-03 01:53:12,194 [grpc-default-executor-0] INFO  server.GrpcLogAppender (GrpcLogAppender.java:onNext(417)) - bae6930e-8ae4-497b-9eaa-87fb2ec79d16@group-97EA473A16A6->999e0e82-6253-4699-8a10-92babf97f634-InstallSnapshotResponseHandler: InstallSnapshot in progress.
2021-07-03 01:53:12,196 [bae6930e-8ae4-497b-9eaa-87fb2ec79d16@group-97EA473A16A6->999e0e82-6253-4699-8a10-92babf97f634-GrpcLogAppender-LogAppenderDaemon] INFO  server.GrpcLogAppender (GrpcLogAppender.java:installSnapshot(524)) - bae6930e-8ae4-497b-9eaa-87fb2ec79d16@group-97EA473A16A6->999e0e82-6253-4699-8a10-92babf97f634-GrpcLogAppender: followerNextIndex = 0 but logStartIndex = 1, notify follower to install snapshot-(t:2, i:1)
2021-07-03 01:53:12,196 [bae6930e-8ae4-497b-9eaa-87fb2ec79d16@group-97EA473A16A6->999e0e82-6253-4699-8a10-92babf97f634-GrpcLogAppender-LogAppenderDaemon] INFO  server.GrpcLogAppender (GrpcLogAppender.java:installSnapshot(532)) - bae6930e-8ae4-497b-9eaa-87fb2ec79d16@group-97EA473A16A6->999e0e82-6253-4699-8a10-92babf97f634-GrpcLogAppender: send bae6930e-8ae4-497b-9eaa-87fb2ec79d16->999e0e82-6253-4699-8a10-92babf97f634#0-t2,notify:(t:2, i:1)
2021-07-03 01:53:12,197 [grpc-default-executor-0] INFO  server.RaftServer$Division (RaftServerImpl.java:checkInconsistentAppendEntries(1292)) - 999e0e82-6253-4699-8a10-92babf97f634@group-97EA473A16A6: Failed appendEntries as snapshot ((t:2, i:1)) installation is in progress
2021-07-03 01:53:12,197 [grpc-default-executor-0] INFO  server.RaftServer$Division (RaftServerImpl.java:checkInconsistentAppendEntries(1284)) - 999e0e82-6253-4699-8a10-92babf97f634@group-97EA473A16A6: inconsistency entries. Reply:bae6930e-8ae4-497b-9eaa-87fb2ec79d16<-999e0e82-6253-4699-8a10-92babf97f634#13:FAIL-t2,INCONSISTENCY,nextIndex=0,followerCommit=-1
2021-07-03 01:53:12,198 [grpc-default-executor-2] INFO  leader.FollowerInfo (FollowerInfoImpl.java:lambda$new$0(46)) - bae6930e-8ae4-497b-9eaa-87fb2ec79d16@group-97EA473A16A6->999e0e82-6253-4699-8a10-92babf97f634: nextIndex: updateUnconditionally 0 -> 0
2021-07-03 01:53:12,202 [grpc-default-executor-0] INFO  server.RaftServer$Division (RaftServerImpl.java:installSnapshot(1328)) - 999e0e82-6253-4699-8a10-92babf97f634@group-97EA473A16A6: receive installSnapshot: bae6930e-8ae4-497b-9eaa-87fb2ec79d16->999e0e82-6253-4699-8a10-92babf97f634#0-t2,notify:(t:2, i:1)
2021-07-03 01:53:12,202 [grpc-default-executor-0] INFO  server.RaftServer$Division (RaftServerImpl.java:notifyStateMachineToInstallSnapshot(1610)) - 999e0e82-6253-4699-8a10-92babf97f634@group-97EA473A16A6: Snapshot Installation by StateMachine is in progress.
2021-07-03 01:53:12,202 [grpc-default-executor-0] INFO  server.RaftServer$Division (RaftServerImpl.java:installSnapshotImpl(1458)) - 999e0e82-6253-4699-8a10-92babf97f634@group-97EA473A16A6: set new configuration index: 5
configurationEntry {
  peers {
    id: "bae6930e-8ae4-497b-9eaa-87fb2ec79d16"
    address: "localhost:14496"
  }
  peers {
    id: "72fc5de2-a3f7-4fa9-972b-1bbfdbde045f"
    address: "localhost:14506"
  }
}
 from snapshot
2021-07-03 01:53:12,202 [grpc-default-executor-0] INFO  server.RaftServer$Division (ServerState.java:setRaftConf(373)) - 999e0e82-6253-4699-8a10-92babf97f634@group-97EA473A16A6: set configuration 5: [bae6930e-8ae4-497b-9eaa-87fb2ec79d16|rpc:localhost:14496|admin:|client:|dataStream:|priority:0, 72fc5de2-a3f7-4fa9-972b-1bbfdbde045f|rpc:localhost:14506|admin:|client:|dataStream:|priority:0], old=null
2021-07-03 01:53:12,203 [grpc-default-executor-0] INFO  server.RaftServer$Division (RaftServerImpl.java:installSnapshot(1339)) - 999e0e82-6253-4699-8a10-92babf97f634@group-97EA473A16A6: reply installSnapshot: bae6930e-8ae4-497b-9eaa-87fb2ec79d16<-999e0e82-6253-4699-8a10-92babf97f634#0:FAIL-t2,IN_PROGRESS
2021-07-03 01:53:12,203 [grpc-default-executor-0] INFO  server.GrpcServerProtocolService (GrpcServerProtocolService.java:onCompleted(140)) - 999e0e82-6253-4699-8a10-92babf97f634: Completed INSTALL_SNAPSHOT, lastRequest: bae6930e-8ae4-497b-9eaa-87fb2ec79d16->999e0e82-6253-4699-8a10-92babf97f634#0-t2,notify:(t:2, i:1)
2021-07-03 01:53:12,203 [grpc-default-executor-2] INFO  server.GrpcLogAppender (GrpcLogAppender.java:onNext(400)) - bae6930e-8ae4-497b-9eaa-87fb2ec79d16@group-97EA473A16A6->999e0e82-6253-4699-8a10-92babf97f634-InstallSnapshotResponseHandler: received a reply bae6930e-8ae4-497b-9eaa-87fb2ec79d16<-999e0e82-6253-4699-8a10-92babf97f634#0:FAIL-t2,IN_PROGRESS
2021-07-03 01:53:12,203 [grpc-default-executor-2] INFO  server.GrpcLogAppender (GrpcLogAppender.java:onNext(417)) - bae6930e-8ae4-497b-9eaa-87fb2ec79d16@group-97EA473A16A6->999e0e82-6253-4699-8a10-92babf97f634-InstallSnapshotResponseHandler: InstallSnapshot in progress.
2021-07-03 01:53:12,207 [bae6930e-8ae4-497b-9eaa-87fb2ec79d16@group-97EA473A16A6->999e0e82-6253-4699-8a10-92babf97f634-GrpcLogAppender-LogAppenderDaemon] INFO  server.GrpcLogAppender (GrpcLogAppender.java:installSnapshot(524)) - bae6930e-8ae4-497b-9eaa-87fb2ec79d16@group-97EA473A16A6->999e0e82-6253-4699-8a10-92babf97f634-GrpcLogAppender: followerNextIndex = 0 but logStartIndex = 1, notify follower to install snapshot-(t:2, i:1)
2021-07-03 01:53:12,207 [bae6930e-8ae4-497b-9eaa-87fb2ec79d16@group-97EA473A16A6->999e0e82-6253-4699-8a10-92babf97f634-GrpcLogAppender-LogAppenderDaemon] INFO  server.GrpcLogAppender (GrpcLogAppender.java:installSnapshot(532)) - bae6930e-8ae4-497b-9eaa-87fb2ec79d16@group-97EA473A16A6->999e0e82-6253-4699-8a10-92babf97f634-GrpcLogAppender: send bae6930e-8ae4-497b-9eaa-87fb2ec79d16->999e0e82-6253-4699-8a10-92babf97f634#0-t2,notify:(t:2, i:1)
2021-07-03 01:53:12,210 [grpc-default-executor-2] INFO  server.RaftServer$Division (RaftServerImpl.java:checkInconsistentAppendEntries(1292)) - 999e0e82-6253-4699-8a10-92babf97f634@group-97EA473A16A6: Failed appendEntries as snapshot ((t:2, i:1)) installation is in progress
2021-07-03 01:53:12,210 [grpc-default-executor-2] INFO  server.RaftServer$Division (RaftServerImpl.java:checkInconsistentAppendEntries(1284)) - 999e0e82-6253-4699-8a10-92babf97f634@group-97EA473A16A6: inconsistency entries. Reply:bae6930e-8ae4-497b-9eaa-87fb2ec79d16<-999e0e82-6253-4699-8a10-92babf97f634#14:FAIL-t2,INCONSISTENCY,nextIndex=0,followerCommit=-1
2021-07-03 01:53:12,210 [grpc-default-executor-2] INFO  server.RaftServer$Division (RaftServerImpl.java:installSnapshot(1328)) - 999e0e82-6253-4699-8a10-92babf97f634@group-97EA473A16A6: receive installSnapshot: bae6930e-8ae4-497b-9eaa-87fb2ec79d16->999e0e82-6253-4699-8a10-92babf97f634#0-t2,notify:(t:2, i:1)
2021-07-03 01:53:12,210 [grpc-default-executor-2] INFO  server.RaftServer$Division (RaftServerImpl.java:notifyStateMachineToInstallSnapshot(1610)) - 999e0e82-6253-4699-8a10-92babf97f634@group-97EA473A16A6: Snapshot Installation by StateMachine is in progress.
2021-07-03 01:53:12,210 [grpc-default-executor-2] INFO  server.RaftServer$Division (RaftServerImpl.java:installSnapshotImpl(1458)) - 999e0e82-6253-4699-8a10-92babf97f634@group-97EA473A16A6: set new configuration index: 5
configurationEntry {
  peers {
    id: "bae6930e-8ae4-497b-9eaa-87fb2ec79d16"
    address: "localhost:14496"
  }
  peers {
    id: "72fc5de2-a3f7-4fa9-972b-1bbfdbde045f"
    address: "localhost:14506"
  }
}
 from snapshot
2021-07-03 01:53:12,210 [grpc-default-executor-2] INFO  server.RaftServer$Division (ServerState.java:setRaftConf(373)) - 999e0e82-6253-4699-8a10-92babf97f634@group-97EA473A16A6: set configuration 5: [bae6930e-8ae4-497b-9eaa-87fb2ec79d16|rpc:localhost:14496|admin:|client:|dataStream:|priority:0, 72fc5de2-a3f7-4fa9-972b-1bbfdbde045f|rpc:localhost:14506|admin:|client:|dataStream:|priority:0], old=null
2021-07-03 01:53:12,211 [grpc-default-executor-2] INFO  server.RaftServer$Division (RaftServerImpl.java:installSnapshot(1339)) - 999e0e82-6253-4699-8a10-92babf97f634@group-97EA473A16A6: reply installSnapshot: bae6930e-8ae4-497b-9eaa-87fb2ec79d16<-999e0e82-6253-4699-8a10-92babf97f634#0:FAIL-t2,IN_PROGRESS
2021-07-03 01:53:12,211 [grpc-default-executor-2] INFO  server.GrpcServerProtocolService (GrpcServerProtocolService.java:onCompleted(140)) - 999e0e82-6253-4699-8a10-92babf97f634: Completed INSTALL_SNAPSHOT, lastRequest: bae6930e-8ae4-497b-9eaa-87fb2ec79d16->999e0e82-6253-4699-8a10-92babf97f634#0-t2,notify:(t:2, i:1)
2021-07-03 01:53:12,211 [grpc-default-executor-4] INFO  leader.FollowerInfo (FollowerInfoImpl.java:lambda$new$0(46)) - bae6930e-8ae4-497b-9eaa-87fb2ec79d16@group-97EA473A16A6->999e0e82-6253-4699-8a10-92babf97f634: nextIndex: updateUnconditionally 0 -> 0
2021-07-03 01:53:12,211 [grpc-default-executor-0] INFO  server.GrpcLogAppender (GrpcLogAppender.java:onNext(400)) - bae6930e-8ae4-497b-9eaa-87fb2ec79d16@group-97EA473A16A6->999e0e82-6253-4699-8a10-92babf97f634-InstallSnapshotResponseHandler: received a reply bae6930e-8ae4-497b-9eaa-87fb2ec79d16<-999e0e82-6253-4699-8a10-92babf97f634#0:FAIL-t2,IN_PROGRESS
2021-07-03 01:53:12,212 [grpc-default-executor-0] INFO  server.GrpcLogAppender (GrpcLogAppender.java:onNext(417)) - bae6930e-8ae4-497b-9eaa-87fb2ec79d16@group-97EA473A16A6->999e0e82-6253-4699-8a10-92babf97f634-InstallSnapshotResponseHandler: InstallSnapshot in progress.
2021-07-03 01:53:12,214 [bae6930e-8ae4-497b-9eaa-87fb2ec79d16@group-97EA473A16A6->999e0e82-6253-4699-8a10-92babf97f634-GrpcLogAppender-LogAppenderDaemon] INFO  server.GrpcLogAppender (GrpcLogAppender.java:installSnapshot(524)) - bae6930e-8ae4-497b-9eaa-87fb2ec79d16@group-97EA473A16A6->999e0e82-6253-4699-8a10-92babf97f634-GrpcLogAppender: followerNextIndex = 0 but logStartIndex = 1, notify follower to install snapshot-(t:2, i:1)
2021-07-03 01:53:12,214 [bae6930e-8ae4-497b-9eaa-87fb2ec79d16@group-97EA473A16A6->999e0e82-6253-4699-8a10-92babf97f634-GrpcLogAppender-LogAppenderDaemon] INFO  server.GrpcLogAppender (GrpcLogAppender.java:installSnapshot(532)) - bae6930e-8ae4-497b-9eaa-87fb2ec79d16@group-97EA473A16A6->999e0e82-6253-4699-8a10-92babf97f634-GrpcLogAppender: send bae6930e-8ae4-497b-9eaa-87fb2ec79d16->999e0e82-6253-4699-8a10-92babf97f634#0-t2,notify:(t:2, i:1)
2021-07-03 01:53:12,215 [grpc-default-executor-4] INFO  server.RaftServer$Division (RaftServerImpl.java:checkInconsistentAppendEntries(1292)) - 999e0e82-6253-4699-8a10-92babf97f634@group-97EA473A16A6: Failed appendEntries as snapshot ((t:2, i:1)) installation is in progress
2021-07-03 01:53:12,215 [grpc-default-executor-4] INFO  server.RaftServer$Division (RaftServerImpl.java:checkInconsistentAppendEntries(1284)) - 999e0e82-6253-4699-8a10-92babf97f634@group-97EA473A16A6: inconsistency entries. Reply:bae6930e-8ae4-497b-9eaa-87fb2ec79d16<-999e0e82-6253-4699-8a10-92babf97f634#15:FAIL-t2,INCONSISTENCY,nextIndex=0,followerCommit=-1
2021-07-03 01:53:12,215 [grpc-default-executor-4] INFO  server.RaftServer$Division (RaftServerImpl.java:installSnapshot(1328)) - 999e0e82-6253-4699-8a10-92babf97f634@group-97EA473A16A6: receive installSnapshot: bae6930e-8ae4-497b-9eaa-87fb2ec79d16->999e0e82-6253-4699-8a10-92babf97f634#0-t2,notify:(t:2, i:1)
2021-07-03 01:53:12,215 [grpc-default-executor-4] INFO  server.RaftServer$Division (RaftServerImpl.java:notifyStateMachineToInstallSnapshot(1610)) - 999e0e82-6253-4699-8a10-92babf97f634@group-97EA473A16A6: Snapshot Installation by StateMachine is in progress.
2021-07-03 01:53:12,215 [grpc-default-executor-4] INFO  server.RaftServer$Division (RaftServerImpl.java:installSnapshotImpl(1458)) - 999e0e82-6253-4699-8a10-92babf97f634@group-97EA473A16A6: set new configuration index: 5
configurationEntry {
  peers {
    id: "bae6930e-8ae4-497b-9eaa-87fb2ec79d16"
    address: "localhost:14496"
  }
  peers {
    id: "72fc5de2-a3f7-4fa9-972b-1bbfdbde045f"
    address: "localhost:14506"
  }
}
 from snapshot
2021-07-03 01:53:12,215 [grpc-default-executor-4] INFO  server.RaftServer$Division (ServerState.java:setRaftConf(373)) - 999e0e82-6253-4699-8a10-92babf97f634@group-97EA473A16A6: set configuration 5: [bae6930e-8ae4-497b-9eaa-87fb2ec79d16|rpc:localhost:14496|admin:|client:|dataStream:|priority:0, 72fc5de2-a3f7-4fa9-972b-1bbfdbde045f|rpc:localhost:14506|admin:|client:|dataStream:|priority:0], old=null
2021-07-03 01:53:12,216 [grpc-default-executor-4] INFO  server.RaftServer$Division (RaftServerImpl.java:installSnapshot(1339)) - 999e0e82-6253-4699-8a10-92babf97f634@group-97EA473A16A6: reply installSnapshot: bae6930e-8ae4-497b-9eaa-87fb2ec79d16<-999e0e82-6253-4699-8a10-92babf97f634#0:FAIL-t2,IN_PROGRESS
2021-07-03 01:53:12,216 [grpc-default-executor-4] INFO  server.GrpcServerProtocolService (GrpcServerProtocolService.java:onCompleted(140)) - 999e0e82-6253-4699-8a10-92babf97f634: Completed INSTALL_SNAPSHOT, lastRequest: bae6930e-8ae4-497b-9eaa-87fb2ec79d16->999e0e82-6253-4699-8a10-92babf97f634#0-t2,notify:(t:2, i:1)
2021-07-03 01:53:12,216 [grpc-default-executor-4] INFO  leader.FollowerInfo (FollowerInfoImpl.java:lambda$new$0(46)) - bae6930e-8ae4-497b-9eaa-87fb2ec79d16@group-97EA473A16A6->999e0e82-6253-4699-8a10-92babf97f634: nextIndex: updateUnconditionally 0 -> 0
2021-07-03 01:53:12,217 [grpc-default-executor-4] INFO  server.GrpcLogAppender (GrpcLogAppender.java:onNext(400)) - bae6930e-8ae4-497b-9eaa-87fb2ec79d16@group-97EA473A16A6->999e0e82-6253-4699-8a10-92babf97f634-InstallSnapshotResponseHandler: received a reply bae6930e-8ae4-497b-9eaa-87fb2ec79d16<-999e0e82-6253-4699-8a10-92babf97f634#0:FAIL-t2,IN_PROGRESS
2021-07-03 01:53:12,217 [grpc-default-executor-4] INFO  server.GrpcLogAppender (GrpcLogAppender.java:onNext(417)) - bae6930e-8ae4-497b-9eaa-87fb2ec79d16@group-97EA473A16A6->999e0e82-6253-4699-8a10-92babf97f634-InstallSnapshotResponseHandler: InstallSnapshot in progress.
2021-07-03 01:53:12,218 [bae6930e-8ae4-497b-9eaa-87fb2ec79d16@group-97EA473A16A6->999e0e82-6253-4699-8a10-92babf97f634-GrpcLogAppender-LogAppenderDaemon] INFO  server.GrpcLogAppender (GrpcLogAppender.java:installSnapshot(524)) - bae6930e-8ae4-497b-9eaa-87fb2ec79d16@group-97EA473A16A6->999e0e82-6253-4699-8a10-92babf97f634-GrpcLogAppender: followerNextIndex = 0 but logStartIndex = 1, notify follower to install snapshot-(t:2, i:1)
2021-07-03 01:53:12,218 [bae6930e-8ae4-497b-9eaa-87fb2ec79d16@group-97EA473A16A6->999e0e82-6253-4699-8a10-92babf97f634-GrpcLogAppender-LogAppenderDaemon] INFO  server.GrpcLogAppender (GrpcLogAppender.java:installSnapshot(532)) - bae6930e-8ae4-497b-9eaa-87fb2ec79d16@group-97EA473A16A6->999e0e82-6253-4699-8a10-92babf97f634-GrpcLogAppender: send bae6930e-8ae4-497b-9eaa-87fb2ec79d16->999e0e82-6253-4699-8a10-92babf97f634#0-t2,notify:(t:2, i:1)
2021-07-03 01:53:12,222 [grpc-default-executor-4] INFO  server.RaftServer$Division (RaftServerImpl.java:checkInconsistentAppendEntries(1292)) - 999e0e82-6253-4699-8a10-92babf97f634@group-97EA473A16A6: Failed appendEntries as snapshot ((t:2, i:1)) installation is in progress
2021-07-03 01:53:12,223 [grpc-default-executor-4] INFO  server.RaftServer$Division (RaftServerImpl.java:checkInconsistentAppendEntries(1284)) - 999e0e82-6253-4699-8a10-92babf97f634@group-97EA473A16A6: inconsistency entries. Reply:bae6930e-8ae4-497b-9eaa-87fb2ec79d16<-999e0e82-6253-4699-8a10-92babf97f634#16:FAIL-t2,INCONSISTENCY,nextIndex=0,followerCommit=-1
2021-07-03 01:53:12,223 [grpc-default-executor-4] INFO  server.RaftServer$Division (RaftServerImpl.java:installSnapshot(1328)) - 999e0e82-6253-4699-8a10-92babf97f634@group-97EA473A16A6: receive installSnapshot: bae6930e-8ae4-497b-9eaa-87fb2ec79d16->999e0e82-6253-4699-8a10-92babf97f634#0-t2,notify:(t:2, i:1)
2021-07-03 01:53:12,223 [grpc-default-executor-4] INFO  server.RaftServer$Division (RaftServerImpl.java:notifyStateMachineToInstallSnapshot(1610)) - 999e0e82-6253-4699-8a10-92babf97f634@group-97EA473A16A6: Snapshot Installation by StateMachine is in progress.
2021-07-03 01:53:12,223 [grpc-default-executor-4] INFO  server.RaftServer$Division (RaftServerImpl.java:installSnapshotImpl(1458)) - 999e0e82-6253-4699-8a10-92babf97f634@group-97EA473A16A6: set new configuration index: 5
configurationEntry {
  peers {
    id: "bae6930e-8ae4-497b-9eaa-87fb2ec79d16"
    address: "localhost:14496"
  }
  peers {
    id: "72fc5de2-a3f7-4fa9-972b-1bbfdbde045f"
    address: "localhost:14506"
  }
}
 from snapshot
2021-07-03 01:53:12,223 [grpc-default-executor-4] INFO  server.RaftServer$Division (ServerState.java:setRaftConf(373)) - 999e0e82-6253-4699-8a10-92babf97f634@group-97EA473A16A6: set configuration 5: [bae6930e-8ae4-497b-9eaa-87fb2ec79d16|rpc:localhost:14496|admin:|client:|dataStream:|priority:0, 72fc5de2-a3f7-4fa9-972b-1bbfdbde045f|rpc:localhost:14506|admin:|client:|dataStream:|priority:0], old=null
2021-07-03 01:53:12,223 [grpc-default-executor-4] INFO  server.RaftServer$Division (RaftServerImpl.java:installSnapshot(1339)) - 999e0e82-6253-4699-8a10-92babf97f634@group-97EA473A16A6: reply installSnapshot: bae6930e-8ae4-497b-9eaa-87fb2ec79d16<-999e0e82-6253-4699-8a10-92babf97f634#0:FAIL-t2,IN_PROGRESS
2021-07-03 01:53:12,224 [grpc-default-executor-4] INFO  server.GrpcServerProtocolService (GrpcServerProtocolService.java:onCompleted(140)) - 999e0e82-6253-4699-8a10-92babf97f634: Completed INSTALL_SNAPSHOT, lastRequest: bae6930e-8ae4-497b-9eaa-87fb2ec79d16->999e0e82-6253-4699-8a10-92babf97f634#0-t2,notify:(t:2, i:1)
2021-07-03 01:53:12,224 [grpc-default-executor-4] INFO  leader.FollowerInfo (FollowerInfoImpl.java:lambda$new$0(46)) - bae6930e-8ae4-497b-9eaa-87fb2ec79d16@group-97EA473A16A6->999e0e82-6253-4699-8a10-92babf97f634: nextIndex: updateUnconditionally 0 -> 0
2021-07-03 01:53:12,224 [grpc-default-executor-4] INFO  server.GrpcLogAppender (GrpcLogAppender.java:onNext(400)) - bae6930e-8ae4-497b-9eaa-87fb2ec79d16@group-97EA473A16A6->999e0e82-6253-4699-8a10-92babf97f634-InstallSnapshotResponseHandler: received a reply bae6930e-8ae4-497b-9eaa-87fb2ec79d16<-999e0e82-6253-4699-8a10-92babf97f634#0:FAIL-t2,IN_PROGRESS
2021-07-03 01:53:12,224 [grpc-default-executor-4] INFO  server.GrpcLogAppender (GrpcLogAppender.java:onNext(417)) - bae6930e-8ae4-497b-9eaa-87fb2ec79d16@group-97EA473A16A6->999e0e82-6253-4699-8a10-92babf97f634-InstallSnapshotResponseHandler: InstallSnapshot in progress.
2021-07-03 01:53:12,226 [bae6930e-8ae4-497b-9eaa-87fb2ec79d16@group-97EA473A16A6->999e0e82-6253-4699-8a10-92babf97f634-GrpcLogAppender-LogAppenderDaemon] INFO  server.GrpcLogAppender (GrpcLogAppender.java:installSnapshot(524)) - bae6930e-8ae4-497b-9eaa-87fb2ec79d16@group-97EA473A16A6->999e0e82-6253-4699-8a10-92babf97f634-GrpcLogAppender: followerNextIndex = 0 but logStartIndex = 1, notify follower to install snapshot-(t:2, i:1)
2021-07-03 01:53:12,226 [bae6930e-8ae4-497b-9eaa-87fb2ec79d16@group-97EA473A16A6->999e0e82-6253-4699-8a10-92babf97f634-GrpcLogAppender-LogAppenderDaemon] INFO  server.GrpcLogAppender (GrpcLogAppender.java:installSnapshot(532)) - bae6930e-8ae4-497b-9eaa-87fb2ec79d16@group-97EA473A16A6->999e0e82-6253-4699-8a10-92babf97f634-GrpcLogAppender: send bae6930e-8ae4-497b-9eaa-87fb2ec79d16->999e0e82-6253-4699-8a10-92babf97f634#0-t2,notify:(t:2, i:1)
2021-07-03 01:53:12,232 [grpc-default-executor-4] INFO  server.RaftServer$Division (RaftServerImpl.java:checkInconsistentAppendEntries(1292)) - 999e0e82-6253-4699-8a10-92babf97f634@group-97EA473A16A6: Failed appendEntries as snapshot ((t:2, i:1)) installation is in progress
2021-07-03 01:53:12,232 [grpc-default-executor-4] INFO  server.RaftServer$Division (RaftServerImpl.java:checkInconsistentAppendEntries(1284)) - 999e0e82-6253-4699-8a10-92babf97f634@group-97EA473A16A6: inconsistency entries. Reply:bae6930e-8ae4-497b-9eaa-87fb2ec79d16<-999e0e82-6253-4699-8a10-92babf97f634#17:FAIL-t2,INCONSISTENCY,nextIndex=0,followerCommit=-1
2021-07-03 01:53:12,232 [grpc-default-executor-4] INFO  server.RaftServer$Division (RaftServerImpl.java:installSnapshot(1328)) - 999e0e82-6253-4699-8a10-92babf97f634@group-97EA473A16A6: receive installSnapshot: bae6930e-8ae4-497b-9eaa-87fb2ec79d16->999e0e82-6253-4699-8a10-92babf97f634#0-t2,notify:(t:2, i:1)
2021-07-03 01:53:12,232 [grpc-default-executor-4] INFO  server.RaftServer$Division (RaftServerImpl.java:notifyStateMachineToInstallSnapshot(1610)) - 999e0e82-6253-4699-8a10-92babf97f634@group-97EA473A16A6: Snapshot Installation by StateMachine is in progress.
2021-07-03 01:53:12,232 [pool-213-thread-1] INFO  ha.SCMHAManagerImpl (SCMHAManagerImpl.java:verifyCheckpointFromLeader(172)) - Installing checkpoint with SCMTransactionInfo 2#24
2021-07-03 01:53:12,233 [pool-213-thread-1] INFO  server.RaftServer$Division (RaftServerImpl.java:lambda$notifyStateMachineToInstallSnapshot$30(1593)) - 999e0e82-6253-4699-8a10-92babf97f634@group-97EA473A16A6: StateMachine successfully installed snapshot index 24. Reloading the StateMachine.
2021-07-03 01:53:12,233 [pool-213-thread-1] INFO  segmented.SegmentedRaftLogWorker (SegmentedRaftLogWorker.java:lambda$new$0(133)) - 999e0e82-6253-4699-8a10-92babf97f634@group-97EA473A16A6-SegmentedRaftLogWorker: flushIndex: setUnconditionally -1 -> 24
2021-07-03 01:53:12,233 [pool-213-thread-1] INFO  segmented.SegmentedRaftLogWorker (SegmentedRaftLogWorker.java:lambda$new$0(133)) - 999e0e82-6253-4699-8a10-92babf97f634@group-97EA473A16A6-SegmentedRaftLogWorker: safeCacheEvictIndex: setUnconditionally -1 -> 24
2021-07-03 01:53:12,233 [pool-213-thread-1] INFO  raftlog.RaftLog (RaftLogBase.java:lambda$new$0(53)) - 999e0e82-6253-4699-8a10-92babf97f634@group-97EA473A16A6-SegmentedRaftLog: snapshotIndex: updateIncreasingly -1 -> 24
2021-07-03 01:53:12,233 [grpc-default-executor-4] INFO  server.RaftServer$Division (RaftServerImpl.java:installSnapshotImpl(1458)) - 999e0e82-6253-4699-8a10-92babf97f634@group-97EA473A16A6: set new configuration index: 5
configurationEntry {
  peers {
    id: "bae6930e-8ae4-497b-9eaa-87fb2ec79d16"
    address: "localhost:14496"
  }
  peers {
    id: "72fc5de2-a3f7-4fa9-972b-1bbfdbde045f"
    address: "localhost:14506"
  }
}
 from snapshot
2021-07-03 01:53:12,233 [grpc-default-executor-4] INFO  server.RaftServer$Division (ServerState.java:setRaftConf(373)) - 999e0e82-6253-4699-8a10-92babf97f634@group-97EA473A16A6: set configuration 5: [bae6930e-8ae4-497b-9eaa-87fb2ec79d16|rpc:localhost:14496|admin:|client:|dataStream:|priority:0, 72fc5de2-a3f7-4fa9-972b-1bbfdbde045f|rpc:localhost:14506|admin:|client:|dataStream:|priority:0], old=null
2021-07-03 01:53:12,233 [grpc-default-executor-4] INFO  server.RaftServer$Division (RaftServerImpl.java:installSnapshot(1339)) - 999e0e82-6253-4699-8a10-92babf97f634@group-97EA473A16A6: reply installSnapshot: bae6930e-8ae4-497b-9eaa-87fb2ec79d16<-999e0e82-6253-4699-8a10-92babf97f634#0:FAIL-t2,IN_PROGRESS
2021-07-03 01:53:12,233 [grpc-default-executor-4] INFO  server.GrpcServerProtocolService (GrpcServerProtocolService.java:onCompleted(140)) - 999e0e82-6253-4699-8a10-92babf97f634: Completed INSTALL_SNAPSHOT, lastRequest: bae6930e-8ae4-497b-9eaa-87fb2ec79d16->999e0e82-6253-4699-8a10-92babf97f634#0-t2,notify:(t:2, i:1)
2021-07-03 01:53:12,234 [grpc-default-executor-0] INFO  leader.FollowerInfo (FollowerInfoImpl.java:lambda$new$0(46)) - bae6930e-8ae4-497b-9eaa-87fb2ec79d16@group-97EA473A16A6->999e0e82-6253-4699-8a10-92babf97f634: nextIndex: updateUnconditionally 0 -> 0
2021-07-03 01:53:12,236 [grpc-default-executor-0] INFO  server.GrpcLogAppender (GrpcLogAppender.java:onNext(400)) - bae6930e-8ae4-497b-9eaa-87fb2ec79d16@group-97EA473A16A6->999e0e82-6253-4699-8a10-92babf97f634-InstallSnapshotResponseHandler: received a reply bae6930e-8ae4-497b-9eaa-87fb2ec79d16<-999e0e82-6253-4699-8a10-92babf97f634#0:FAIL-t2,IN_PROGRESS
2021-07-03 01:53:12,236 [grpc-default-executor-0] INFO  server.GrpcLogAppender (GrpcLogAppender.java:onNext(417)) - bae6930e-8ae4-497b-9eaa-87fb2ec79d16@group-97EA473A16A6->999e0e82-6253-4699-8a10-92babf97f634-InstallSnapshotResponseHandler: InstallSnapshot in progress.
2021-07-03 01:53:12,239 [bae6930e-8ae4-497b-9eaa-87fb2ec79d16@group-97EA473A16A6->999e0e82-6253-4699-8a10-92babf97f634-GrpcLogAppender-LogAppenderDaemon] INFO  server.GrpcLogAppender (GrpcLogAppender.java:installSnapshot(524)) - bae6930e-8ae4-497b-9eaa-87fb2ec79d16@group-97EA473A16A6->999e0e82-6253-4699-8a10-92babf97f634-GrpcLogAppender: followerNextIndex = 0 but logStartIndex = 1, notify follower to install snapshot-(t:2, i:1)
2021-07-03 01:53:12,239 [bae6930e-8ae4-497b-9eaa-87fb2ec79d16@group-97EA473A16A6->999e0e82-6253-4699-8a10-92babf97f634-GrpcLogAppender-LogAppenderDaemon] INFO  server.GrpcLogAppender (GrpcLogAppender.java:installSnapshot(532)) - bae6930e-8ae4-497b-9eaa-87fb2ec79d16@group-97EA473A16A6->999e0e82-6253-4699-8a10-92babf97f634-GrpcLogAppender: send bae6930e-8ae4-497b-9eaa-87fb2ec79d16->999e0e82-6253-4699-8a10-92babf97f634#0-t2,notify:(t:2, i:1)
2021-07-03 01:53:12,240 [grpc-default-executor-4] INFO  server.RaftServer$Division (RaftServerImpl.java:installSnapshot(1328)) - 999e0e82-6253-4699-8a10-92babf97f634@group-97EA473A16A6: receive installSnapshot: bae6930e-8ae4-497b-9eaa-87fb2ec79d16->999e0e82-6253-4699-8a10-92babf97f634#0-t2,notify:(t:2, i:1)
2021-07-03 01:53:12,240 [grpc-default-executor-4] INFO  server.RaftServer$Division (RaftServerImpl.java:notifyStateMachineToInstallSnapshot(1559)) - 999e0e82-6253-4699-8a10-92babf97f634@group-97EA473A16A6: StateMachine snapshotIndex is 24
2021-07-03 01:53:12,241 [grpc-default-executor-4] INFO  server.RaftServer$Division (RaftServerImpl.java:installSnapshotImpl(1458)) - 999e0e82-6253-4699-8a10-92babf97f634@group-97EA473A16A6: set new configuration index: 5
configurationEntry {
  peers {
    id: "bae6930e-8ae4-497b-9eaa-87fb2ec79d16"
    address: "localhost:14496"
  }
  peers {
    id: "72fc5de2-a3f7-4fa9-972b-1bbfdbde045f"
    address: "localhost:14506"
  }
}
 from snapshot
2021-07-03 01:53:12,241 [grpc-default-executor-4] INFO  server.RaftServer$Division (ServerState.java:setRaftConf(373)) - 999e0e82-6253-4699-8a10-92babf97f634@group-97EA473A16A6: set configuration 5: [bae6930e-8ae4-497b-9eaa-87fb2ec79d16|rpc:localhost:14496|admin:|client:|dataStream:|priority:0, 72fc5de2-a3f7-4fa9-972b-1bbfdbde045f|rpc:localhost:14506|admin:|client:|dataStream:|priority:0], old=null
2021-07-03 01:53:12,241 [grpc-default-executor-4] INFO  server.RaftServer$Division (RaftServerImpl.java:installSnapshot(1339)) - 999e0e82-6253-4699-8a10-92babf97f634@group-97EA473A16A6: reply installSnapshot: bae6930e-8ae4-497b-9eaa-87fb2ec79d16<-999e0e82-6253-4699-8a10-92babf97f634#0:FAIL-t2,ALREADY_INSTALLED,snapshotIndex=24
2021-07-03 01:53:12,242 [grpc-default-executor-4] INFO  server.GrpcServerProtocolService (GrpcServerProtocolService.java:onCompleted(140)) - 999e0e82-6253-4699-8a10-92babf97f634: Completed INSTALL_SNAPSHOT, lastRequest: bae6930e-8ae4-497b-9eaa-87fb2ec79d16->999e0e82-6253-4699-8a10-92babf97f634#0-t2,notify:(t:2, i:1)
2021-07-03 01:53:12,242 [grpc-default-executor-2] INFO  server.GrpcLogAppender (GrpcLogAppender.java:onNext(400)) - bae6930e-8ae4-497b-9eaa-87fb2ec79d16@group-97EA473A16A6->999e0e82-6253-4699-8a10-92babf97f634-InstallSnapshotResponseHandler: received a reply bae6930e-8ae4-497b-9eaa-87fb2ec79d16<-999e0e82-6253-4699-8a10-92babf97f634#0:FAIL-t2,ALREADY_INSTALLED,snapshotIndex=24
2021-07-03 01:53:12,242 [grpc-default-executor-2] INFO  server.GrpcLogAppender (GrpcLogAppender.java:onNext(422)) - bae6930e-8ae4-497b-9eaa-87fb2ec79d16@group-97EA473A16A6->999e0e82-6253-4699-8a10-92babf97f634-InstallSnapshotResponseHandler: Already Installed Snapshot Index 24.
2021-07-03 01:53:12,242 [grpc-default-executor-2] INFO  leader.FollowerInfo (FollowerInfoImpl.java:lambda$new$0(46)) - bae6930e-8ae4-497b-9eaa-87fb2ec79d16@group-97EA473A16A6->999e0e82-6253-4699-8a10-92babf97f634: snapshotIndex: setUnconditionally 0 -> 24
2021-07-03 01:53:12,242 [grpc-default-executor-2] INFO  leader.FollowerInfo (FollowerInfoImpl.java:lambda$new$0(46)) - bae6930e-8ae4-497b-9eaa-87fb2ec79d16@group-97EA473A16A6->999e0e82-6253-4699-8a10-92babf97f634: matchIndex: setUnconditionally 0 -> 24
2021-07-03 01:53:12,242 [grpc-default-executor-2] INFO  leader.FollowerInfo (FollowerInfoImpl.java:lambda$new$0(46)) - bae6930e-8ae4-497b-9eaa-87fb2ec79d16@group-97EA473A16A6->999e0e82-6253-4699-8a10-92babf97f634: nextIndex: setUnconditionally 0 -> 25
2021-07-03 01:53:12,242 [grpc-default-executor-2] INFO  leader.FollowerInfo (FollowerInfoImpl.java:lambda$new$0(46)) - bae6930e-8ae4-497b-9eaa-87fb2ec79d16@group-97EA473A16A6->999e0e82-6253-4699-8a10-92babf97f634: nextIndex: updateToMax old=25, new=25, updated? false
2021-07-03 01:53:12,276 [999e0e82-6253-4699-8a10-92babf97f634@group-97EA473A16A6-StateMachineUpdater] INFO  ha.SCMHAManagerImpl (SCMHAManagerImpl.java:installCheckpoint(227)) - Installing checkpoint with SCMTransactionInfo 2#24
2021-07-03 01:53:12,276 [999e0e82-6253-4699-8a10-92babf97f634@group-97EA473A16A6-StateMachineUpdater] INFO  ha.SCMHAManagerImpl (SCMHAManagerImpl.java:installCheckpoint(266)) - Replaced DB with checkpoint, term: 2, index: 24
2021-07-03 01:53:12,276 [999e0e82-6253-4699-8a10-92babf97f634@group-97EA473A16A6-StateMachineUpdater] WARN  utils.HAUtils (HAUtils.java:getMetaDir(342)) - ozone.scm.db.dirs is not configured. We recommend adding this setting. Falling back to ozone.metadata.dirs instead.
2021-07-03 01:53:12,277 [999e0e82-6253-4699-8a10-92babf97f634@group-97EA473A16A6-StateMachineUpdater] WARN  db.DBStoreBuilder (DBStoreBuilder.java:applyDBDefinition(145)) - ozone.scm.db.dirs is not configured. We recommend adding this setting. Falling back to ozone.metadata.dirs instead.
2021-07-03 01:53:12,310 [999e0e82-6253-4699-8a10-92babf97f634@group-97EA473A16A6-StateMachineUpdater] INFO  ha.SequenceIdGenerator (SequenceIdGenerator.java:reinitialize(165)) - reinitialize SequenceIdGenerator.
2021-07-03 01:53:12,311 [999e0e82-6253-4699-8a10-92babf97f634@group-97EA473A16A6-StateMachineUpdater] INFO  ha.SCMHAManagerImpl (SCMHAManagerImpl.java:installCheckpoint(277)) - Reloaded SCM state with Term: 2 and Index: 24
2021-07-03 01:53:12,313 [999e0e82-6253-4699-8a10-92babf97f634@group-97EA473A16A6-StateMachineUpdater] INFO  impl.StateMachineUpdater (StateMachineUpdater.java:lambda$new$0(89)) - 999e0e82-6253-4699-8a10-92babf97f634@group-97EA473A16A6-StateMachineUpdater: snapshotIndex: setUnconditionally -1 -> 24
2021-07-03 01:53:12,313 [999e0e82-6253-4699-8a10-92babf97f634@group-97EA473A16A6-StateMachineUpdater] INFO  impl.StateMachineUpdater (StateMachineUpdater.java:lambda$new$0(89)) - 999e0e82-6253-4699-8a10-92babf97f634@group-97EA473A16A6-StateMachineUpdater: appliedIndex: setUnconditionally -1 -> 24
2021-07-03 01:53:12,539 [EndpointStateMachine task thread for /127.0.0.1:13925 - 0 ] INFO  ipc.Client (Client.java:handleConnectionFailure(966)) - Retrying connect to server: localhost/127.0.0.1:13925. Already tried 3 time(s); retry policy is RetryUpToMaximumCountWithFixedSleep(maxRetries=15, sleepTime=1000 MILLISECONDS)
2021-07-03 01:53:12,539 [EndpointStateMachine task thread for /127.0.0.1:13945 - 0 ] INFO  ipc.Client (Client.java:handleConnectionFailure(966)) - Retrying connect to server: localhost/127.0.0.1:13945. Already tried 0 time(s); retry policy is RetryUpToMaximumCountWithFixedSleep(maxRetries=15, sleepTime=1000 MILLISECONDS)
2021-07-03 01:53:12,539 [EndpointStateMachine task thread for /127.0.0.1:13935 - 0 ] INFO  ipc.Client (Client.java:handleConnectionFailure(966)) - Retrying connect to server: localhost/127.0.0.1:13935. Already tried 1 time(s); retry policy is RetryUpToMaximumCountWithFixedSleep(maxRetries=15, sleepTime=1000 MILLISECONDS)
2021-07-03 01:53:13,539 [EndpointStateMachine task thread for /127.0.0.1:13945 - 0 ] INFO  ipc.Client (Client.java:handleConnectionFailure(966)) - Retrying connect to server: localhost/127.0.0.1:13945. Already tried 1 time(s); retry policy is RetryUpToMaximumCountWithFixedSleep(maxRetries=15, sleepTime=1000 MILLISECONDS)
2021-07-03 01:53:13,539 [EndpointStateMachine task thread for /127.0.0.1:13925 - 0 ] INFO  ipc.Client (Client.java:handleConnectionFailure(966)) - Retrying connect to server: localhost/127.0.0.1:13925. Already tried 4 time(s); retry policy is RetryUpToMaximumCountWithFixedSleep(maxRetries=15, sleepTime=1000 MILLISECONDS)
2021-07-03 01:53:13,544 [EndpointStateMachine task thread for /127.0.0.1:13935 - 0 ] INFO  ipc.Client (Client.java:handleConnectionFailure(966)) - Retrying connect to server: localhost/127.0.0.1:13935. Already tried 2 time(s); retry policy is RetryUpToMaximumCountWithFixedSleep(maxRetries=15, sleepTime=1000 MILLISECONDS)
2021-07-03 01:53:14,544 [EndpointStateMachine task thread for /127.0.0.1:13945 - 0 ] INFO  ipc.Client (Client.java:handleConnectionFailure(966)) - Retrying connect to server: localhost/127.0.0.1:13945. Already tried 2 time(s); retry policy is RetryUpToMaximumCountWithFixedSleep(maxRetries=15, sleepTime=1000 MILLISECONDS)
2021-07-03 01:53:14,545 [EndpointStateMachine task thread for /127.0.0.1:13935 - 0 ] INFO  ipc.Client (Client.java:handleConnectionFailure(966)) - Retrying connect to server: localhost/127.0.0.1:13935. Already tried 3 time(s); retry policy is RetryUpToMaximumCountWithFixedSleep(maxRetries=15, sleepTime=1000 MILLISECONDS)
2021-07-03 01:53:14,545 [EndpointStateMachine task thread for /127.0.0.1:13925 - 0 ] INFO  ipc.Client (Client.java:handleConnectionFailure(966)) - Retrying connect to server: localhost/127.0.0.1:13925. Already tried 5 time(s); retry policy is RetryUpToMaximumCountWithFixedSleep(maxRetries=15, sleepTime=1000 MILLISECONDS)
2021-07-03 01:53:14,826 [Datanode State Machine Thread - 0] ERROR datanode.RunningDatanodeState (RunningDatanodeState.java:computeNextContainerState(199)) - Error in executing end point task.
java.util.concurrent.ExecutionException: java.util.concurrent.TimeoutException
	at java.util.concurrent.FutureTask.report(FutureTask.java:122)
	at java.util.concurrent.FutureTask.get(FutureTask.java:192)
	at org.apache.hadoop.ozone.container.common.states.datanode.RunningDatanodeState.computeNextContainerState(RunningDatanodeState.java:191)
	at org.apache.hadoop.ozone.container.common.states.datanode.RunningDatanodeState.await(RunningDatanodeState.java:231)
	at org.apache.hadoop.ozone.container.common.states.datanode.RunningDatanodeState.await(RunningDatanodeState.java:50)
	at org.apache.hadoop.ozone.container.common.statemachine.StateContext.execute(StateContext.java:629)
	at org.apache.hadoop.ozone.container.common.statemachine.DatanodeStateMachine.start(DatanodeStateMachine.java:244)
	at org.apache.hadoop.ozone.container.common.statemachine.DatanodeStateMachine.lambda$startDaemon$0(DatanodeStateMachine.java:429)
	at java.lang.Thread.run(Thread.java:748)
Caused by: java.util.concurrent.TimeoutException
	at java.util.concurrent.FutureTask.get(FutureTask.java:205)
	at org.apache.hadoop.ozone.container.common.states.datanode.RunningDatanodeState.lambda$execute$0(RunningDatanodeState.java:149)
	at java.util.concurrent.FutureTask.run(FutureTask.java:266)
	at java.util.concurrent.Executors$RunnableAdapter.call(Executors.java:511)
	at java.util.concurrent.FutureTask.run(FutureTask.java:266)
	at java.util.concurrent.ThreadPoolExecutor.runWorker(ThreadPoolExecutor.java:1149)
	at java.util.concurrent.ThreadPoolExecutor$Worker.run(ThreadPoolExecutor.java:624)
	... 1 more
2021-07-03 01:53:15,066 [Datanode State Machine Thread - 0] ERROR datanode.RunningDatanodeState (RunningDatanodeState.java:computeNextContainerState(199)) - Error in executing end point task.
java.util.concurrent.ExecutionException: java.util.concurrent.TimeoutException
	at java.util.concurrent.FutureTask.report(FutureTask.java:122)
	at java.util.concurrent.FutureTask.get(FutureTask.java:192)
	at org.apache.hadoop.ozone.container.common.states.datanode.RunningDatanodeState.computeNextContainerState(RunningDatanodeState.java:191)
	at org.apache.hadoop.ozone.container.common.states.datanode.RunningDatanodeState.await(RunningDatanodeState.java:231)
	at org.apache.hadoop.ozone.container.common.states.datanode.RunningDatanodeState.await(RunningDatanodeState.java:50)
	at org.apache.hadoop.ozone.container.common.statemachine.StateContext.execute(StateContext.java:629)
	at org.apache.hadoop.ozone.container.common.statemachine.DatanodeStateMachine.start(DatanodeStateMachine.java:244)
	at org.apache.hadoop.ozone.container.common.statemachine.DatanodeStateMachine.lambda$startDaemon$0(DatanodeStateMachine.java:429)
	at java.lang.Thread.run(Thread.java:748)
Caused by: java.util.concurrent.TimeoutException
	at java.util.concurrent.FutureTask.get(FutureTask.java:205)
	at org.apache.hadoop.ozone.container.common.states.datanode.RunningDatanodeState.lambda$execute$0(RunningDatanodeState.java:149)
	at java.util.concurrent.FutureTask.run(FutureTask.java:266)
	at java.util.concurrent.Executors$RunnableAdapter.call(Executors.java:511)
	at java.util.concurrent.FutureTask.run(FutureTask.java:266)
	at java.util.concurrent.ThreadPoolExecutor.runWorker(ThreadPoolExecutor.java:1149)
	at java.util.concurrent.ThreadPoolExecutor$Worker.run(ThreadPoolExecutor.java:624)
	... 1 more
2021-07-03 01:53:15,528 [Datanode State Machine Thread - 0] ERROR datanode.RunningDatanodeState (RunningDatanodeState.java:computeNextContainerState(199)) - Error in executing end point task.
java.util.concurrent.ExecutionException: java.util.concurrent.TimeoutException
	at java.util.concurrent.FutureTask.report(FutureTask.java:122)
	at java.util.concurrent.FutureTask.get(FutureTask.java:192)
	at org.apache.hadoop.ozone.container.common.states.datanode.RunningDatanodeState.computeNextContainerState(RunningDatanodeState.java:191)
	at org.apache.hadoop.ozone.container.common.states.datanode.RunningDatanodeState.await(RunningDatanodeState.java:231)
	at org.apache.hadoop.ozone.container.common.states.datanode.RunningDatanodeState.await(RunningDatanodeState.java:50)
	at org.apache.hadoop.ozone.container.common.statemachine.StateContext.execute(StateContext.java:629)
	at org.apache.hadoop.ozone.container.common.statemachine.DatanodeStateMachine.start(DatanodeStateMachine.java:244)
	at org.apache.hadoop.ozone.container.common.statemachine.DatanodeStateMachine.lambda$startDaemon$0(DatanodeStateMachine.java:429)
	at java.lang.Thread.run(Thread.java:748)
Caused by: java.util.concurrent.TimeoutException
	at java.util.concurrent.FutureTask.get(FutureTask.java:205)
	at org.apache.hadoop.ozone.container.common.states.datanode.RunningDatanodeState.lambda$execute$0(RunningDatanodeState.java:149)
	at java.util.concurrent.FutureTask.run(FutureTask.java:266)
	at java.util.concurrent.Executors$RunnableAdapter.call(Executors.java:511)
	at java.util.concurrent.FutureTask.run(FutureTask.java:266)
	at java.util.concurrent.ThreadPoolExecutor.runWorker(ThreadPoolExecutor.java:1149)
	at java.util.concurrent.ThreadPoolExecutor$Worker.run(ThreadPoolExecutor.java:624)
	... 1 more
2021-07-03 01:53:15,546 [EndpointStateMachine task thread for /127.0.0.1:13935 - 0 ] INFO  ipc.Client (Client.java:handleConnectionFailure(966)) - Retrying connect to server: localhost/127.0.0.1:13935. Already tried 4 time(s); retry policy is RetryUpToMaximumCountWithFixedSleep(maxRetries=15, sleepTime=1000 MILLISECONDS)
2021-07-03 01:53:15,546 [EndpointStateMachine task thread for /127.0.0.1:13925 - 0 ] INFO  ipc.Client (Client.java:handleConnectionFailure(966)) - Retrying connect to server: localhost/127.0.0.1:13925. Already tried 6 time(s); retry policy is RetryUpToMaximumCountWithFixedSleep(maxRetries=15, sleepTime=1000 MILLISECONDS)
2021-07-03 01:53:15,546 [EndpointStateMachine task thread for /127.0.0.1:13945 - 0 ] INFO  ipc.Client (Client.java:handleConnectionFailure(966)) - Retrying connect to server: localhost/127.0.0.1:13945. Already tried 3 time(s); retry policy is RetryUpToMaximumCountWithFixedSleep(maxRetries=15, sleepTime=1000 MILLISECONDS)
2021-07-03 01:53:15,828 [Datanode State Machine Thread - 0] ERROR datanode.RunningDatanodeState (RunningDatanodeState.java:computeNextContainerState(199)) - Error in executing end point task.
java.util.concurrent.ExecutionException: java.util.concurrent.TimeoutException
	at java.util.concurrent.FutureTask.report(FutureTask.java:122)
	at java.util.concurrent.FutureTask.get(FutureTask.java:192)
	at org.apache.hadoop.ozone.container.common.states.datanode.RunningDatanodeState.computeNextContainerState(RunningDatanodeState.java:191)
	at org.apache.hadoop.ozone.container.common.states.datanode.RunningDatanodeState.await(RunningDatanodeState.java:231)
	at org.apache.hadoop.ozone.container.common.states.datanode.RunningDatanodeState.await(RunningDatanodeState.java:50)
	at org.apache.hadoop.ozone.container.common.statemachine.StateContext.execute(StateContext.java:629)
	at org.apache.hadoop.ozone.container.common.statemachine.DatanodeStateMachine.start(DatanodeStateMachine.java:244)
	at org.apache.hadoop.ozone.container.common.statemachine.DatanodeStateMachine.lambda$startDaemon$0(DatanodeStateMachine.java:429)
	at java.lang.Thread.run(Thread.java:748)
Caused by: java.util.concurrent.TimeoutException
	at java.util.concurrent.FutureTask.get(FutureTask.java:205)
	at org.apache.hadoop.ozone.container.common.states.datanode.RunningDatanodeState.lambda$execute$0(RunningDatanodeState.java:149)
	at java.util.concurrent.FutureTask.run(FutureTask.java:266)
	at java.util.concurrent.Executors$RunnableAdapter.call(Executors.java:511)
	at java.util.concurrent.FutureTask.run(FutureTask.java:266)
	at java.util.concurrent.ThreadPoolExecutor.runWorker(ThreadPoolExecutor.java:1149)
	at java.util.concurrent.ThreadPoolExecutor$Worker.run(ThreadPoolExecutor.java:624)
	... 1 more
2021-07-03 01:53:16,068 [Datanode State Machine Thread - 0] ERROR datanode.RunningDatanodeState (RunningDatanodeState.java:computeNextContainerState(199)) - Error in executing end point task.
java.util.concurrent.ExecutionException: java.util.concurrent.TimeoutException
	at java.util.concurrent.FutureTask.report(FutureTask.java:122)
	at java.util.concurrent.FutureTask.get(FutureTask.java:192)
	at org.apache.hadoop.ozone.container.common.states.datanode.RunningDatanodeState.computeNextContainerState(RunningDatanodeState.java:191)
	at org.apache.hadoop.ozone.container.common.states.datanode.RunningDatanodeState.await(RunningDatanodeState.java:231)
	at org.apache.hadoop.ozone.container.common.states.datanode.RunningDatanodeState.await(RunningDatanodeState.java:50)
	at org.apache.hadoop.ozone.container.common.statemachine.StateContext.execute(StateContext.java:629)
	at org.apache.hadoop.ozone.container.common.statemachine.DatanodeStateMachine.start(DatanodeStateMachine.java:244)
	at org.apache.hadoop.ozone.container.common.statemachine.DatanodeStateMachine.lambda$startDaemon$0(DatanodeStateMachine.java:429)
	at java.lang.Thread.run(Thread.java:748)
Caused by: java.util.concurrent.TimeoutException
	at java.util.concurrent.FutureTask.get(FutureTask.java:205)
	at org.apache.hadoop.ozone.container.common.states.datanode.RunningDatanodeState.lambda$execute$0(RunningDatanodeState.java:149)
	at java.util.concurrent.FutureTask.run(FutureTask.java:266)
	at java.util.concurrent.Executors$RunnableAdapter.call(Executors.java:511)
	at java.util.concurrent.FutureTask.run(FutureTask.java:266)
	at java.util.concurrent.ThreadPoolExecutor.runWorker(ThreadPoolExecutor.java:1149)
	at java.util.concurrent.ThreadPoolExecutor$Worker.run(ThreadPoolExecutor.java:624)
	... 1 more
2021-07-03 01:53:16,120 [ca9dc723-67a1-4a65-9480-66850f9b9d20@group-35DAF16C14CE-FollowerState] INFO  impl.FollowerState (FollowerState.java:run(134)) - ca9dc723-67a1-4a65-9480-66850f9b9d20@group-35DAF16C14CE-FollowerState: change to CANDIDATE, lastRpcElapsedTime:5008157535ns, electionTimeout:5006ms
2021-07-03 01:53:16,120 [ca9dc723-67a1-4a65-9480-66850f9b9d20@group-35DAF16C14CE-FollowerState] INFO  impl.RoleInfo (RoleInfo.java:shutdownFollowerState(108)) - ca9dc723-67a1-4a65-9480-66850f9b9d20: shutdown ca9dc723-67a1-4a65-9480-66850f9b9d20@group-35DAF16C14CE-FollowerState
2021-07-03 01:53:16,120 [ca9dc723-67a1-4a65-9480-66850f9b9d20@group-35DAF16C14CE-FollowerState] INFO  server.RaftServer$Division (RaftServerImpl.java:setRole(284)) - ca9dc723-67a1-4a65-9480-66850f9b9d20@group-35DAF16C14CE: changes role from  FOLLOWER to CANDIDATE at term 4 for changeToCandidate
2021-07-03 01:53:16,120 [ca9dc723-67a1-4a65-9480-66850f9b9d20@group-35DAF16C14CE-FollowerState] INFO  server.RaftServerConfigKeys (ConfUtils.java:logGet(44)) - raft.server.leaderelection.pre-vote = false (custom)
2021-07-03 01:53:16,120 [ca9dc723-67a1-4a65-9480-66850f9b9d20@group-35DAF16C14CE-FollowerState] INFO  impl.RoleInfo (RoleInfo.java:updateAndGet(130)) - ca9dc723-67a1-4a65-9480-66850f9b9d20: start ca9dc723-67a1-4a65-9480-66850f9b9d20@group-35DAF16C14CE-LeaderElection30
2021-07-03 01:53:16,123 [ca9dc723-67a1-4a65-9480-66850f9b9d20@group-35DAF16C14CE-LeaderElection30] INFO  impl.LeaderElection (LeaderElection.java:askForVotes(306)) - ca9dc723-67a1-4a65-9480-66850f9b9d20@group-35DAF16C14CE-LeaderElection30 ELECTION round 0: submit vote requests at term 5 for 0: [ca9dc723-67a1-4a65-9480-66850f9b9d20|rpc:127.0.0.1:37533|dataStream:|priority:1, 48a93f24-2ce5-44e8-b9e2-5628d9c2ac97|rpc:127.0.0.1:36777|dataStream:|priority:0, 8fa4ef72-0e52-420c-b0d5-60420e93c6a9|rpc:127.0.0.1:35781|dataStream:|priority:0], old=null
2021-07-03 01:53:16,125 [grpc-default-executor-2] INFO  server.RaftServer$Division (RaftServerImpl.java:requestVote(1042)) - 48a93f24-2ce5-44e8-b9e2-5628d9c2ac97@group-35DAF16C14CE: receive requestVote(ELECTION, ca9dc723-67a1-4a65-9480-66850f9b9d20, group-35DAF16C14CE, 5, (t:3, i:0))
2021-07-03 01:53:16,125 [grpc-default-executor-2] INFO  impl.VoteContext (VoteContext.java:log(48)) - 48a93f24-2ce5-44e8-b9e2-5628d9c2ac97@group-35DAF16C14CE-FOLLOWER: accept ELECTION from ca9dc723-67a1-4a65-9480-66850f9b9d20: our last entry null < candidate's last entry (t:3, i:0)
2021-07-03 01:53:16,125 [grpc-default-executor-2] INFO  server.RaftServer$Division (RaftServerImpl.java:setRole(284)) - 48a93f24-2ce5-44e8-b9e2-5628d9c2ac97@group-35DAF16C14CE: changes role from  FOLLOWER to FOLLOWER at term 5 for candidate:ca9dc723-67a1-4a65-9480-66850f9b9d20
2021-07-03 01:53:16,125 [grpc-default-executor-2] INFO  impl.RoleInfo (RoleInfo.java:shutdownFollowerState(108)) - 48a93f24-2ce5-44e8-b9e2-5628d9c2ac97: shutdown 48a93f24-2ce5-44e8-b9e2-5628d9c2ac97@group-35DAF16C14CE-FollowerState
2021-07-03 01:53:16,125 [grpc-default-executor-2] INFO  impl.RoleInfo (RoleInfo.java:updateAndGet(130)) - 48a93f24-2ce5-44e8-b9e2-5628d9c2ac97: start 48a93f24-2ce5-44e8-b9e2-5628d9c2ac97@group-35DAF16C14CE-FollowerState
2021-07-03 01:53:16,125 [48a93f24-2ce5-44e8-b9e2-5628d9c2ac97@group-35DAF16C14CE-FollowerState] INFO  impl.FollowerState (FollowerState.java:run(143)) - 48a93f24-2ce5-44e8-b9e2-5628d9c2ac97@group-35DAF16C14CE-FollowerState was interrupted: {}
java.lang.InterruptedException: sleep interrupted
	at java.lang.Thread.sleep(Native Method)
	at java.lang.Thread.sleep(Thread.java:340)
	at java.util.concurrent.TimeUnit.sleep(TimeUnit.java:386)
	at org.apache.ratis.util.TimeDuration.sleep(TimeDuration.java:324)
	at org.apache.ratis.util.TimeDuration.sleep(TimeDuration.java:309)
	at org.apache.ratis.server.impl.FollowerState.run(FollowerState.java:118)
2021-07-03 01:53:16,129 [grpc-default-executor-2] INFO  server.RaftServer$Division (RaftServerImpl.java:requestVote(1074)) - 48a93f24-2ce5-44e8-b9e2-5628d9c2ac97@group-35DAF16C14CE replies to ELECTION vote request: ca9dc723-67a1-4a65-9480-66850f9b9d20<-48a93f24-2ce5-44e8-b9e2-5628d9c2ac97#0:OK-t5. Peer's state: 48a93f24-2ce5-44e8-b9e2-5628d9c2ac97@group-35DAF16C14CE:t5, leader=null, voted=ca9dc723-67a1-4a65-9480-66850f9b9d20, raftlog=48a93f24-2ce5-44e8-b9e2-5628d9c2ac97@group-35DAF16C14CE-SegmentedRaftLog:OPENED:c-1,f-1,i0, conf=-1: [ca9dc723-67a1-4a65-9480-66850f9b9d20|rpc:127.0.0.1:37533|priority:1, 48a93f24-2ce5-44e8-b9e2-5628d9c2ac97|rpc:127.0.0.1:36777|priority:0, 8fa4ef72-0e52-420c-b0d5-60420e93c6a9|rpc:127.0.0.1:35781|priority:0], old=null
2021-07-03 01:53:16,130 [ca9dc723-67a1-4a65-9480-66850f9b9d20@group-35DAF16C14CE-LeaderElection30] INFO  impl.LeaderElection (LeaderElection.java:logAndReturn(89)) - ca9dc723-67a1-4a65-9480-66850f9b9d20@group-35DAF16C14CE-LeaderElection30: ELECTION PASSED received 1 response(s) and 0 exception(s):
2021-07-03 01:53:16,130 [grpc-default-executor-0] INFO  server.RaftServer$Division (RaftServerImpl.java:requestVote(1042)) - 8fa4ef72-0e52-420c-b0d5-60420e93c6a9@group-35DAF16C14CE: receive requestVote(ELECTION, ca9dc723-67a1-4a65-9480-66850f9b9d20, group-35DAF16C14CE, 5, (t:3, i:0))
2021-07-03 01:53:16,130 [ca9dc723-67a1-4a65-9480-66850f9b9d20@group-35DAF16C14CE-LeaderElection30] INFO  impl.LeaderElection (LeaderElection.java:logAndReturn(93)) -   Response 0: ca9dc723-67a1-4a65-9480-66850f9b9d20<-48a93f24-2ce5-44e8-b9e2-5628d9c2ac97#0:OK-t5
2021-07-03 01:53:16,130 [grpc-default-executor-0] INFO  impl.VoteContext (VoteContext.java:log(48)) - 8fa4ef72-0e52-420c-b0d5-60420e93c6a9@group-35DAF16C14CE-FOLLOWER: accept ELECTION from ca9dc723-67a1-4a65-9480-66850f9b9d20: our last entry null < candidate's last entry (t:3, i:0)
2021-07-03 01:53:16,131 [grpc-default-executor-0] INFO  server.RaftServer$Division (RaftServerImpl.java:setRole(284)) - 8fa4ef72-0e52-420c-b0d5-60420e93c6a9@group-35DAF16C14CE: changes role from  FOLLOWER to FOLLOWER at term 5 for candidate:ca9dc723-67a1-4a65-9480-66850f9b9d20
2021-07-03 01:53:16,131 [grpc-default-executor-0] INFO  impl.RoleInfo (RoleInfo.java:shutdownFollowerState(108)) - 8fa4ef72-0e52-420c-b0d5-60420e93c6a9: shutdown 8fa4ef72-0e52-420c-b0d5-60420e93c6a9@group-35DAF16C14CE-FollowerState
2021-07-03 01:53:16,131 [8fa4ef72-0e52-420c-b0d5-60420e93c6a9@group-35DAF16C14CE-FollowerState] INFO  impl.FollowerState (FollowerState.java:run(143)) - 8fa4ef72-0e52-420c-b0d5-60420e93c6a9@group-35DAF16C14CE-FollowerState was interrupted: {}
java.lang.InterruptedException: sleep interrupted
	at java.lang.Thread.sleep(Native Method)
	at java.lang.Thread.sleep(Thread.java:340)
	at java.util.concurrent.TimeUnit.sleep(TimeUnit.java:386)
	at org.apache.ratis.util.TimeDuration.sleep(TimeDuration.java:324)
	at org.apache.ratis.util.TimeDuration.sleep(TimeDuration.java:309)
	at org.apache.ratis.server.impl.FollowerState.run(FollowerState.java:118)
2021-07-03 01:53:16,131 [ca9dc723-67a1-4a65-9480-66850f9b9d20@group-35DAF16C14CE-LeaderElection30] INFO  impl.LeaderElection (LeaderElection.java:askForVotes(308)) - ca9dc723-67a1-4a65-9480-66850f9b9d20@group-35DAF16C14CE-LeaderElection30 ELECTION round 0: result PASSED
2021-07-03 01:53:16,131 [grpc-default-executor-0] INFO  impl.RoleInfo (RoleInfo.java:updateAndGet(130)) - 8fa4ef72-0e52-420c-b0d5-60420e93c6a9: start 8fa4ef72-0e52-420c-b0d5-60420e93c6a9@group-35DAF16C14CE-FollowerState
2021-07-03 01:53:16,132 [ca9dc723-67a1-4a65-9480-66850f9b9d20@group-35DAF16C14CE-LeaderElection30] INFO  impl.RoleInfo (RoleInfo.java:shutdownLeaderElection(121)) - ca9dc723-67a1-4a65-9480-66850f9b9d20: shutdown ca9dc723-67a1-4a65-9480-66850f9b9d20@group-35DAF16C14CE-LeaderElection30
2021-07-03 01:53:16,132 [ca9dc723-67a1-4a65-9480-66850f9b9d20@group-35DAF16C14CE-LeaderElection30] INFO  server.RaftServer$Division (RaftServerImpl.java:setRole(284)) - ca9dc723-67a1-4a65-9480-66850f9b9d20@group-35DAF16C14CE: changes role from CANDIDATE to LEADER at term 5 for changeToLeader
2021-07-03 01:53:16,132 [ca9dc723-67a1-4a65-9480-66850f9b9d20@group-35DAF16C14CE-LeaderElection30] INFO  ratis.XceiverServerRatis (XceiverServerRatis.java:handleLeaderChangedNotification(857)) - Leader change notification received for group: group-35DAF16C14CE with new leaderId: ca9dc723-67a1-4a65-9480-66850f9b9d20
2021-07-03 01:53:16,132 [ca9dc723-67a1-4a65-9480-66850f9b9d20@group-35DAF16C14CE-LeaderElection30] INFO  server.RaftServer$Division (ServerState.java:setLeader(271)) - ca9dc723-67a1-4a65-9480-66850f9b9d20@group-35DAF16C14CE: change Leader from null to ca9dc723-67a1-4a65-9480-66850f9b9d20 at term 5 for becomeLeader, leader elected after 5020ms
2021-07-03 01:53:16,132 [ca9dc723-67a1-4a65-9480-66850f9b9d20@group-35DAF16C14CE-LeaderElection30] INFO  server.RaftServerConfigKeys (ConfUtils.java:logGet(44)) - raft.server.staging.catchup.gap = 1000 (default)
2021-07-03 01:53:16,132 [ca9dc723-67a1-4a65-9480-66850f9b9d20@group-35DAF16C14CE-LeaderElection30] INFO  metrics.RatisMetrics (RatisMetrics.java:lambda$create$0(36)) - Creating Metrics Registry : ratis.log_appender.ca9dc723-67a1-4a65-9480-66850f9b9d20@group-35DAF16C14CE
2021-07-03 01:53:16,133 [ca9dc723-67a1-4a65-9480-66850f9b9d20@group-35DAF16C14CE-LeaderElection30] INFO  server.RaftServerConfigKeys (ConfUtils.java:logGet(44)) - raft.server.write.element-limit = 1024 (custom)
2021-07-03 01:53:16,133 [ca9dc723-67a1-4a65-9480-66850f9b9d20@group-35DAF16C14CE-LeaderElection30] INFO  server.RaftServerConfigKeys (ConfUtils.java:logGet(44)) - raft.server.write.byte-limit = 1073741824 (custom)
2021-07-03 01:53:16,133 [ca9dc723-67a1-4a65-9480-66850f9b9d20@group-35DAF16C14CE-LeaderElection30] INFO  server.RaftServerConfigKeys (ConfUtils.java:logGet(44)) - raft.server.watch.timeout = 180s (custom)
2021-07-03 01:53:16,133 [ca9dc723-67a1-4a65-9480-66850f9b9d20@group-35DAF16C14CE-LeaderElection30] INFO  server.RaftServerConfigKeys (ConfUtils.java:logGet(44)) - raft.server.watch.timeout.denomination = 1s (default)
2021-07-03 01:53:16,133 [ca9dc723-67a1-4a65-9480-66850f9b9d20@group-35DAF16C14CE-LeaderElection30] INFO  server.RaftServerConfigKeys (ConfUtils.java:logGet(44)) - raft.server.watch.element-limit = 65536 (default)
2021-07-03 01:53:16,133 [ca9dc723-67a1-4a65-9480-66850f9b9d20@group-35DAF16C14CE-LeaderElection30] INFO  server.RaftServerConfigKeys (ConfUtils.java:logGet(44)) - raft.server.log.appender.snapshot.chunk.size.max = 16MB (=16777216) (default)
2021-07-03 01:53:16,133 [ca9dc723-67a1-4a65-9480-66850f9b9d20@group-35DAF16C14CE-LeaderElection30] INFO  server.RaftServerConfigKeys (ConfUtils.java:logGet(44)) - raft.server.log.appender.buffer.byte-limit = 33554432 (custom)
2021-07-03 01:53:16,133 [ca9dc723-67a1-4a65-9480-66850f9b9d20@group-35DAF16C14CE-LeaderElection30] INFO  server.RaftServerConfigKeys (ConfUtils.java:logGet(44)) - raft.server.log.appender.buffer.element-limit = 1 (custom)
2021-07-03 01:53:16,133 [ca9dc723-67a1-4a65-9480-66850f9b9d20@group-35DAF16C14CE-LeaderElection30] INFO  grpc.GrpcConfigKeys (ConfUtils.java:logGet(44)) - raft.grpc.server.leader.outstanding.appends.max = 128 (default)
2021-07-03 01:53:16,133 [ca9dc723-67a1-4a65-9480-66850f9b9d20@group-35DAF16C14CE-LeaderElection30] INFO  server.RaftServerConfigKeys (ConfUtils.java:logGet(44)) - raft.server.rpc.request.timeout = 60s (custom)
2021-07-03 01:53:16,133 [ca9dc723-67a1-4a65-9480-66850f9b9d20@group-35DAF16C14CE-LeaderElection30] INFO  server.RaftServerConfigKeys (ConfUtils.java:logGet(44)) - raft.server.log.appender.install.snapshot.enabled = false (custom)
2021-07-03 01:53:16,133 [ca9dc723-67a1-4a65-9480-66850f9b9d20@group-35DAF16C14CE-LeaderElection30] INFO  metrics.RatisMetrics (RatisMetrics.java:lambda$create$0(36)) - Creating Metrics Registry : ratis_grpc.log_appender.ca9dc723-67a1-4a65-9480-66850f9b9d20@group-35DAF16C14CE
2021-07-03 01:53:16,134 [ca9dc723-67a1-4a65-9480-66850f9b9d20@group-35DAF16C14CE-LeaderElection30] INFO  server.RaftServerConfigKeys (ConfUtils.java:logGet(44)) - raft.server.log.appender.snapshot.chunk.size.max = 16MB (=16777216) (default)
2021-07-03 01:53:16,134 [ca9dc723-67a1-4a65-9480-66850f9b9d20@group-35DAF16C14CE-LeaderElection30] INFO  server.RaftServerConfigKeys (ConfUtils.java:logGet(44)) - raft.server.log.appender.buffer.byte-limit = 33554432 (custom)
2021-07-03 01:53:16,134 [ca9dc723-67a1-4a65-9480-66850f9b9d20@group-35DAF16C14CE-LeaderElection30] INFO  server.RaftServerConfigKeys (ConfUtils.java:logGet(44)) - raft.server.log.appender.buffer.element-limit = 1 (custom)
2021-07-03 01:53:16,134 [ca9dc723-67a1-4a65-9480-66850f9b9d20@group-35DAF16C14CE-LeaderElection30] INFO  grpc.GrpcConfigKeys (ConfUtils.java:logGet(44)) - raft.grpc.server.leader.outstanding.appends.max = 128 (default)
2021-07-03 01:53:16,135 [ca9dc723-67a1-4a65-9480-66850f9b9d20@group-35DAF16C14CE-LeaderElection30] INFO  server.RaftServerConfigKeys (ConfUtils.java:logGet(44)) - raft.server.rpc.request.timeout = 60s (custom)
2021-07-03 01:53:16,135 [ca9dc723-67a1-4a65-9480-66850f9b9d20@group-35DAF16C14CE-LeaderElection30] INFO  server.RaftServerConfigKeys (ConfUtils.java:logGet(44)) - raft.server.log.appender.install.snapshot.enabled = false (custom)
2021-07-03 01:53:16,135 [EventQueue-OpenPipelineForHealthyPipelineSafeModeRule] INFO  safemode.SCMSafeModeManager (HealthyPipelineSafeModeRule.java:process(124)) - SCM in safe mode. Healthy pipelines reported count is 0, required healthy pipeline reported count is 1
2021-07-03 01:53:16,135 [EventQueue-OpenPipelineForHealthyPipelineSafeModeRule] INFO  safemode.SCMSafeModeManager (HealthyPipelineSafeModeRule.java:process(124)) - SCM in safe mode. Healthy pipelines reported count is 1, required healthy pipeline reported count is 1
2021-07-03 01:53:16,135 [EventQueue-OpenPipelineForHealthyPipelineSafeModeRule] INFO  safemode.SCMSafeModeManager (SCMSafeModeManager.java:validateSafeModeExitRules(204)) - HealthyPipelineSafeModeRule rule is successfully validated
2021-07-03 01:53:16,135 [EventQueue-OpenPipelineForHealthyPipelineSafeModeRule] INFO  safemode.SCMSafeModeManager (SCMSafeModeManager.java:validateSafeModeExitRules(219)) - ScmSafeModeManager, all rules are successfully validated
2021-07-03 01:53:16,135 [EventQueue-OpenPipelineForHealthyPipelineSafeModeRule] INFO  safemode.SCMSafeModeManager (SCMSafeModeManager.java:exitSafeMode(248)) - SCM exiting safe mode.
2021-07-03 01:53:16,135 [EventQueue-OpenPipelineForHealthyPipelineSafeModeRule] WARN  events.EventQueue (EventQueue.java:fireEvent(194)) - No event handler registered for event TypedEvent{payloadType=SafeModeStatus, name='Safe mode status'}
2021-07-03 01:53:16,135 [EventQueue-OpenPipelineForHealthyPipelineSafeModeRule] INFO  ha.SCMContext (SCMContext.java:updateSafeModeStatus(208)) - Update SafeModeStatus from SafeModeStatus{safeModeStatus=true, preCheckPassed=true} to SafeModeStatus{safeModeStatus=false, preCheckPassed=true}.
2021-07-03 01:53:16,135 [ca9dc723-67a1-4a65-9480-66850f9b9d20@group-35DAF16C14CE-LeaderElection30] INFO  impl.RoleInfo (RoleInfo.java:updateAndGet(130)) - ca9dc723-67a1-4a65-9480-66850f9b9d20: start ca9dc723-67a1-4a65-9480-66850f9b9d20@group-35DAF16C14CE-LeaderStateImpl
2021-07-03 01:53:16,136 [ca9dc723-67a1-4a65-9480-66850f9b9d20@group-35DAF16C14CE-LeaderElection30] INFO  segmented.SegmentedRaftLogWorker (SegmentedRaftLogWorker.java:rollLogSegment(399)) - ca9dc723-67a1-4a65-9480-66850f9b9d20@group-35DAF16C14CE-SegmentedRaftLogWorker: Rolling segment log-0_0 to index:0
2021-07-03 01:53:16,138 [ca9dc723-67a1-4a65-9480-66850f9b9d20@group-35DAF16C14CE-SegmentedRaftLogWorker] INFO  segmented.SegmentedRaftLogWorker (SegmentedRaftLogWorker.java:execute(558)) - ca9dc723-67a1-4a65-9480-66850f9b9d20@group-35DAF16C14CE-SegmentedRaftLogWorker: Rolled log segment from /home/runner/work/ozone/ozone/mnt/ozone/hadoop-ozone/integration-test/target/test-dir/MiniOzoneClusterImpl-6d7611b0-ac11-41e1-98f8-97ea473a16a6/datanode-1/data/ratis/dcae577b-b0f7-4d18-86dc-35daf16c14ce/current/log_inprogress_0 to /home/runner/work/ozone/ozone/mnt/ozone/hadoop-ozone/integration-test/target/test-dir/MiniOzoneClusterImpl-6d7611b0-ac11-41e1-98f8-97ea473a16a6/datanode-1/data/ratis/dcae577b-b0f7-4d18-86dc-35daf16c14ce/current/log_0-0
2021-07-03 01:53:16,139 [ca9dc723-67a1-4a65-9480-66850f9b9d20@group-35DAF16C14CE-SegmentedRaftLogWorker] INFO  segmented.SegmentedRaftLogWorker (SegmentedRaftLogWorker.java:execute(601)) - ca9dc723-67a1-4a65-9480-66850f9b9d20@group-35DAF16C14CE-SegmentedRaftLogWorker: created new log segment /home/runner/work/ozone/ozone/mnt/ozone/hadoop-ozone/integration-test/target/test-dir/MiniOzoneClusterImpl-6d7611b0-ac11-41e1-98f8-97ea473a16a6/datanode-1/data/ratis/dcae577b-b0f7-4d18-86dc-35daf16c14ce/current/log_inprogress_1
2021-07-03 01:53:16,142 [grpc-default-executor-0] INFO  server.RaftServer$Division (RaftServerImpl.java:requestVote(1074)) - 8fa4ef72-0e52-420c-b0d5-60420e93c6a9@group-35DAF16C14CE replies to ELECTION vote request: ca9dc723-67a1-4a65-9480-66850f9b9d20<-8fa4ef72-0e52-420c-b0d5-60420e93c6a9#0:OK-t5. Peer's state: 8fa4ef72-0e52-420c-b0d5-60420e93c6a9@group-35DAF16C14CE:t5, leader=null, voted=ca9dc723-67a1-4a65-9480-66850f9b9d20, raftlog=8fa4ef72-0e52-420c-b0d5-60420e93c6a9@group-35DAF16C14CE-SegmentedRaftLog:OPENED:c-1,f-1,i0, conf=-1: [ca9dc723-67a1-4a65-9480-66850f9b9d20|rpc:127.0.0.1:37533|dataStream:|priority:1, 48a93f24-2ce5-44e8-b9e2-5628d9c2ac97|rpc:127.0.0.1:36777|dataStream:|priority:0, 8fa4ef72-0e52-420c-b0d5-60420e93c6a9|rpc:127.0.0.1:35781|dataStream:|priority:0], old=null
2021-07-03 01:53:16,159 [ca9dc723-67a1-4a65-9480-66850f9b9d20@group-35DAF16C14CE-LeaderElection30] INFO  server.RaftServer$Division (ServerState.java:setRaftConf(373)) - ca9dc723-67a1-4a65-9480-66850f9b9d20@group-35DAF16C14CE: set configuration 1: [ca9dc723-67a1-4a65-9480-66850f9b9d20|rpc:127.0.0.1:37533|dataStream:|priority:1, 48a93f24-2ce5-44e8-b9e2-5628d9c2ac97|rpc:127.0.0.1:36777|dataStream:|priority:0, 8fa4ef72-0e52-420c-b0d5-60420e93c6a9|rpc:127.0.0.1:35781|dataStream:|priority:0], old=null
2021-07-03 01:53:16,162 [grpc-default-executor-2] INFO  ratis.XceiverServerRatis (XceiverServerRatis.java:handleLeaderChangedNotification(857)) - Leader change notification received for group: group-35DAF16C14CE with new leaderId: ca9dc723-67a1-4a65-9480-66850f9b9d20
2021-07-03 01:53:16,162 [grpc-default-executor-2] INFO  server.RaftServer$Division (ServerState.java:setLeader(271)) - 48a93f24-2ce5-44e8-b9e2-5628d9c2ac97@group-35DAF16C14CE: change Leader from null to ca9dc723-67a1-4a65-9480-66850f9b9d20 at term 5 for appendEntries, leader elected after 20414ms
2021-07-03 01:53:16,162 [grpc-default-executor-2] INFO  server.RaftServer$Division (RaftServerImpl.java:checkInconsistentAppendEntries(1318)) - 48a93f24-2ce5-44e8-b9e2-5628d9c2ac97@group-35DAF16C14CE: Failed appendEntries as previous log entry ((t:3, i:0)) is not found
2021-07-03 01:53:16,162 [grpc-default-executor-2] INFO  server.RaftServer$Division (RaftServerImpl.java:checkInconsistentAppendEntries(1284)) - 48a93f24-2ce5-44e8-b9e2-5628d9c2ac97@group-35DAF16C14CE: inconsistency entries. Reply:ca9dc723-67a1-4a65-9480-66850f9b9d20<-48a93f24-2ce5-44e8-b9e2-5628d9c2ac97#0:FAIL-t5,INCONSISTENCY,nextIndex=0,followerCommit=-1
2021-07-03 01:53:16,163 [grpc-default-executor-2] INFO  server.RaftServer$Division (RaftServerImpl.java:checkInconsistentAppendEntries(1318)) - 48a93f24-2ce5-44e8-b9e2-5628d9c2ac97@group-35DAF16C14CE: Failed appendEntries as previous log entry ((t:3, i:0)) is not found
2021-07-03 01:53:16,163 [grpc-default-executor-2] INFO  server.RaftServer$Division (RaftServerImpl.java:checkInconsistentAppendEntries(1284)) - 48a93f24-2ce5-44e8-b9e2-5628d9c2ac97@group-35DAF16C14CE: inconsistency entries. Reply:ca9dc723-67a1-4a65-9480-66850f9b9d20<-48a93f24-2ce5-44e8-b9e2-5628d9c2ac97#1:FAIL-t5,INCONSISTENCY,nextIndex=0,followerCommit=-1
2021-07-03 01:53:16,163 [grpc-default-executor-0] INFO  leader.FollowerInfo (FollowerInfoImpl.java:lambda$new$0(46)) - ca9dc723-67a1-4a65-9480-66850f9b9d20@group-35DAF16C14CE->48a93f24-2ce5-44e8-b9e2-5628d9c2ac97: nextIndex: updateUnconditionally 2 -> 0
2021-07-03 01:53:16,164 [grpc-default-executor-0] INFO  leader.FollowerInfo (FollowerInfoImpl.java:lambda$new$0(46)) - ca9dc723-67a1-4a65-9480-66850f9b9d20@group-35DAF16C14CE->48a93f24-2ce5-44e8-b9e2-5628d9c2ac97: nextIndex: updateUnconditionally 2 -> 0
2021-07-03 01:53:16,164 [grpc-default-executor-0] INFO  server.RaftServer$Division (ServerState.java:setRaftConf(373)) - 48a93f24-2ce5-44e8-b9e2-5628d9c2ac97@group-35DAF16C14CE: set configuration 0: [ca9dc723-67a1-4a65-9480-66850f9b9d20|rpc:127.0.0.1:37533|dataStream:|priority:1, 48a93f24-2ce5-44e8-b9e2-5628d9c2ac97|rpc:127.0.0.1:36777|dataStream:|priority:0, 8fa4ef72-0e52-420c-b0d5-60420e93c6a9|rpc:127.0.0.1:35781|dataStream:|priority:0], old=null
2021-07-03 01:53:16,165 [grpc-default-executor-0] INFO  segmented.SegmentedRaftLogWorker (SegmentedRaftLogWorker.java:startLogSegment(394)) - 48a93f24-2ce5-44e8-b9e2-5628d9c2ac97@group-35DAF16C14CE-SegmentedRaftLogWorker: Starting segment from index:0
2021-07-03 01:53:16,166 [grpc-default-executor-2] INFO  ratis.XceiverServerRatis (XceiverServerRatis.java:handleLeaderChangedNotification(857)) - Leader change notification received for group: group-35DAF16C14CE with new leaderId: ca9dc723-67a1-4a65-9480-66850f9b9d20
2021-07-03 01:53:16,166 [grpc-default-executor-2] INFO  server.RaftServer$Division (ServerState.java:setLeader(271)) - 8fa4ef72-0e52-420c-b0d5-60420e93c6a9@group-35DAF16C14CE: change Leader from null to ca9dc723-67a1-4a65-9480-66850f9b9d20 at term 5 for appendEntries, leader elected after 20380ms
2021-07-03 01:53:16,166 [grpc-default-executor-2] INFO  server.RaftServer$Division (RaftServerImpl.java:checkInconsistentAppendEntries(1318)) - 8fa4ef72-0e52-420c-b0d5-60420e93c6a9@group-35DAF16C14CE: Failed appendEntries as previous log entry ((t:3, i:0)) is not found
2021-07-03 01:53:16,166 [grpc-default-executor-2] INFO  server.RaftServer$Division (RaftServerImpl.java:checkInconsistentAppendEntries(1284)) - 8fa4ef72-0e52-420c-b0d5-60420e93c6a9@group-35DAF16C14CE: inconsistency entries. Reply:ca9dc723-67a1-4a65-9480-66850f9b9d20<-8fa4ef72-0e52-420c-b0d5-60420e93c6a9#0:FAIL-t5,INCONSISTENCY,nextIndex=0,followerCommit=-1
2021-07-03 01:53:16,166 [48a93f24-2ce5-44e8-b9e2-5628d9c2ac97@group-35DAF16C14CE-SegmentedRaftLogWorker] INFO  segmented.SegmentedRaftLogWorker (SegmentedRaftLogWorker.java:execute(601)) - 48a93f24-2ce5-44e8-b9e2-5628d9c2ac97@group-35DAF16C14CE-SegmentedRaftLogWorker: created new log segment /home/runner/work/ozone/ozone/mnt/ozone/hadoop-ozone/integration-test/target/test-dir/MiniOzoneClusterImpl-6d7611b0-ac11-41e1-98f8-97ea473a16a6/datanode-0/data/ratis/dcae577b-b0f7-4d18-86dc-35daf16c14ce/current/log_inprogress_0
2021-07-03 01:53:16,168 [grpc-default-executor-0] INFO  server.RaftServer$Division (RaftServerImpl.java:checkInconsistentAppendEntries(1318)) - 8fa4ef72-0e52-420c-b0d5-60420e93c6a9@group-35DAF16C14CE: Failed appendEntries as previous log entry ((t:3, i:0)) is not found
2021-07-03 01:53:16,168 [grpc-default-executor-0] INFO  server.RaftServer$Division (RaftServerImpl.java:checkInconsistentAppendEntries(1284)) - 8fa4ef72-0e52-420c-b0d5-60420e93c6a9@group-35DAF16C14CE: inconsistency entries. Reply:ca9dc723-67a1-4a65-9480-66850f9b9d20<-8fa4ef72-0e52-420c-b0d5-60420e93c6a9#1:FAIL-t5,INCONSISTENCY,nextIndex=0,followerCommit=-1
2021-07-03 01:53:16,172 [grpc-default-executor-4] INFO  server.RaftServer$Division (ServerState.java:setRaftConf(373)) - 48a93f24-2ce5-44e8-b9e2-5628d9c2ac97@group-35DAF16C14CE: set configuration 1: [ca9dc723-67a1-4a65-9480-66850f9b9d20|rpc:127.0.0.1:37533|dataStream:|priority:1, 48a93f24-2ce5-44e8-b9e2-5628d9c2ac97|rpc:127.0.0.1:36777|dataStream:|priority:0, 8fa4ef72-0e52-420c-b0d5-60420e93c6a9|rpc:127.0.0.1:35781|dataStream:|priority:0], old=null
2021-07-03 01:53:16,172 [grpc-default-executor-4] INFO  segmented.SegmentedRaftLogWorker (SegmentedRaftLogWorker.java:rollLogSegment(399)) - 48a93f24-2ce5-44e8-b9e2-5628d9c2ac97@group-35DAF16C14CE-SegmentedRaftLogWorker: Rolling segment log-0_0 to index:0
2021-07-03 01:53:16,172 [grpc-default-executor-2] INFO  leader.FollowerInfo (FollowerInfoImpl.java:lambda$new$0(46)) - ca9dc723-67a1-4a65-9480-66850f9b9d20@group-35DAF16C14CE->8fa4ef72-0e52-420c-b0d5-60420e93c6a9: nextIndex: updateUnconditionally 2 -> 0
2021-07-03 01:53:16,173 [48a93f24-2ce5-44e8-b9e2-5628d9c2ac97@group-35DAF16C14CE-SegmentedRaftLogWorker] INFO  segmented.SegmentedRaftLogWorker (SegmentedRaftLogWorker.java:execute(558)) - 48a93f24-2ce5-44e8-b9e2-5628d9c2ac97@group-35DAF16C14CE-SegmentedRaftLogWorker: Rolled log segment from /home/runner/work/ozone/ozone/mnt/ozone/hadoop-ozone/integration-test/target/test-dir/MiniOzoneClusterImpl-6d7611b0-ac11-41e1-98f8-97ea473a16a6/datanode-0/data/ratis/dcae577b-b0f7-4d18-86dc-35daf16c14ce/current/log_inprogress_0 to /home/runner/work/ozone/ozone/mnt/ozone/hadoop-ozone/integration-test/target/test-dir/MiniOzoneClusterImpl-6d7611b0-ac11-41e1-98f8-97ea473a16a6/datanode-0/data/ratis/dcae577b-b0f7-4d18-86dc-35daf16c14ce/current/log_0-0
2021-07-03 01:53:16,173 [grpc-default-executor-0] INFO  leader.FollowerInfo (FollowerInfoImpl.java:lambda$new$0(46)) - ca9dc723-67a1-4a65-9480-66850f9b9d20@group-35DAF16C14CE->8fa4ef72-0e52-420c-b0d5-60420e93c6a9: nextIndex: updateUnconditionally 0 -> 0
2021-07-03 01:53:16,174 [grpc-default-executor-2] INFO  server.RaftServer$Division (ServerState.java:setRaftConf(373)) - 48a93f24-2ce5-44e8-b9e2-5628d9c2ac97@group-35DAF16C14CE: set configuration 0: [ca9dc723-67a1-4a65-9480-66850f9b9d20|rpc:127.0.0.1:37533|dataStream:|priority:1, 48a93f24-2ce5-44e8-b9e2-5628d9c2ac97|rpc:127.0.0.1:36777|dataStream:|priority:0, 8fa4ef72-0e52-420c-b0d5-60420e93c6a9|rpc:127.0.0.1:35781|dataStream:|priority:0], old=null
2021-07-03 01:53:16,174 [48a93f24-2ce5-44e8-b9e2-5628d9c2ac97@group-35DAF16C14CE-SegmentedRaftLogWorker] INFO  segmented.SegmentedRaftLogWorker (SegmentedRaftLogWorker.java:execute(601)) - 48a93f24-2ce5-44e8-b9e2-5628d9c2ac97@group-35DAF16C14CE-SegmentedRaftLogWorker: created new log segment /home/runner/work/ozone/ozone/mnt/ozone/hadoop-ozone/integration-test/target/test-dir/MiniOzoneClusterImpl-6d7611b0-ac11-41e1-98f8-97ea473a16a6/datanode-0/data/ratis/dcae577b-b0f7-4d18-86dc-35daf16c14ce/current/log_inprogress_1
2021-07-03 01:53:16,175 [grpc-default-executor-0] INFO  server.RaftServer$Division (ServerState.java:setRaftConf(373)) - 8fa4ef72-0e52-420c-b0d5-60420e93c6a9@group-35DAF16C14CE: set configuration 0: [ca9dc723-67a1-4a65-9480-66850f9b9d20|rpc:127.0.0.1:37533|dataStream:|priority:1, 48a93f24-2ce5-44e8-b9e2-5628d9c2ac97|rpc:127.0.0.1:36777|dataStream:|priority:0, 8fa4ef72-0e52-420c-b0d5-60420e93c6a9|rpc:127.0.0.1:35781|dataStream:|priority:0], old=null
2021-07-03 01:53:16,175 [grpc-default-executor-0] INFO  segmented.SegmentedRaftLogWorker (SegmentedRaftLogWorker.java:startLogSegment(394)) - 8fa4ef72-0e52-420c-b0d5-60420e93c6a9@group-35DAF16C14CE-SegmentedRaftLogWorker: Starting segment from index:0
2021-07-03 01:53:16,179 [grpc-default-executor-0] INFO  server.RaftServer$Division (ServerState.java:setRaftConf(373)) - 8fa4ef72-0e52-420c-b0d5-60420e93c6a9@group-35DAF16C14CE: set configuration 1: [ca9dc723-67a1-4a65-9480-66850f9b9d20|rpc:127.0.0.1:37533|dataStream:|priority:1, 48a93f24-2ce5-44e8-b9e2-5628d9c2ac97|rpc:127.0.0.1:36777|dataStream:|priority:0, 8fa4ef72-0e52-420c-b0d5-60420e93c6a9|rpc:127.0.0.1:35781|dataStream:|priority:0], old=null
2021-07-03 01:53:16,179 [grpc-default-executor-0] INFO  segmented.SegmentedRaftLogWorker (SegmentedRaftLogWorker.java:rollLogSegment(399)) - 8fa4ef72-0e52-420c-b0d5-60420e93c6a9@group-35DAF16C14CE-SegmentedRaftLogWorker: Rolling segment log-0_0 to index:0
2021-07-03 01:53:16,180 [grpc-default-executor-0] INFO  server.RaftServer$Division (ServerState.java:setRaftConf(373)) - 48a93f24-2ce5-44e8-b9e2-5628d9c2ac97@group-35DAF16C14CE: set configuration 1: [ca9dc723-67a1-4a65-9480-66850f9b9d20|rpc:127.0.0.1:37533|dataStream:|priority:1, 48a93f24-2ce5-44e8-b9e2-5628d9c2ac97|rpc:127.0.0.1:36777|dataStream:|priority:0, 8fa4ef72-0e52-420c-b0d5-60420e93c6a9|rpc:127.0.0.1:35781|dataStream:|priority:0], old=null
2021-07-03 01:53:16,181 [8fa4ef72-0e52-420c-b0d5-60420e93c6a9@group-35DAF16C14CE-SegmentedRaftLogWorker] INFO  segmented.SegmentedRaftLogWorker (SegmentedRaftLogWorker.java:execute(601)) - 8fa4ef72-0e52-420c-b0d5-60420e93c6a9@group-35DAF16C14CE-SegmentedRaftLogWorker: created new log segment /home/runner/work/ozone/ozone/mnt/ozone/hadoop-ozone/integration-test/target/test-dir/MiniOzoneClusterImpl-6d7611b0-ac11-41e1-98f8-97ea473a16a6/datanode-2/data/ratis/dcae577b-b0f7-4d18-86dc-35daf16c14ce/current/log_inprogress_0
2021-07-03 01:53:16,192 [8fa4ef72-0e52-420c-b0d5-60420e93c6a9@group-35DAF16C14CE-SegmentedRaftLogWorker] INFO  segmented.SegmentedRaftLogWorker (SegmentedRaftLogWorker.java:execute(558)) - 8fa4ef72-0e52-420c-b0d5-60420e93c6a9@group-35DAF16C14CE-SegmentedRaftLogWorker: Rolled log segment from /home/runner/work/ozone/ozone/mnt/ozone/hadoop-ozone/integration-test/target/test-dir/MiniOzoneClusterImpl-6d7611b0-ac11-41e1-98f8-97ea473a16a6/datanode-2/data/ratis/dcae577b-b0f7-4d18-86dc-35daf16c14ce/current/log_inprogress_0 to /home/runner/work/ozone/ozone/mnt/ozone/hadoop-ozone/integration-test/target/test-dir/MiniOzoneClusterImpl-6d7611b0-ac11-41e1-98f8-97ea473a16a6/datanode-2/data/ratis/dcae577b-b0f7-4d18-86dc-35daf16c14ce/current/log_0-0
2021-07-03 01:53:16,193 [8fa4ef72-0e52-420c-b0d5-60420e93c6a9@group-35DAF16C14CE-SegmentedRaftLogWorker] INFO  segmented.SegmentedRaftLogWorker (SegmentedRaftLogWorker.java:execute(601)) - 8fa4ef72-0e52-420c-b0d5-60420e93c6a9@group-35DAF16C14CE-SegmentedRaftLogWorker: created new log segment /home/runner/work/ozone/ozone/mnt/ozone/hadoop-ozone/integration-test/target/test-dir/MiniOzoneClusterImpl-6d7611b0-ac11-41e1-98f8-97ea473a16a6/datanode-2/data/ratis/dcae577b-b0f7-4d18-86dc-35daf16c14ce/current/log_inprogress_1
2021-07-03 01:53:16,292 [bae6930e-8ae4-497b-9eaa-87fb2ec79d16@group-97EA473A16A6-LeaderStateImpl] INFO  server.RaftServer$Division (ServerState.java:setRaftConf(373)) - bae6930e-8ae4-497b-9eaa-87fb2ec79d16@group-97EA473A16A6: set configuration 25: [999e0e82-6253-4699-8a10-92babf97f634|rpc:localhost:14516|priority:0, bae6930e-8ae4-497b-9eaa-87fb2ec79d16|rpc:localhost:14496|admin:|client:|dataStream:|priority:0, 72fc5de2-a3f7-4fa9-972b-1bbfdbde045f|rpc:localhost:14506|priority:0], old=[bae6930e-8ae4-497b-9eaa-87fb2ec79d16|rpc:localhost:14496|admin:|client:|dataStream:|priority:0, 72fc5de2-a3f7-4fa9-972b-1bbfdbde045f|rpc:localhost:14506|priority:0]
2021-07-03 01:53:16,293 [grpc-default-executor-2] INFO  server.RaftServer$Division (ServerState.java:setRaftConf(373)) - 999e0e82-6253-4699-8a10-92babf97f634@group-97EA473A16A6: set configuration 25: [999e0e82-6253-4699-8a10-92babf97f634|rpc:localhost:14516|admin:|client:|dataStream:|priority:0, bae6930e-8ae4-497b-9eaa-87fb2ec79d16|rpc:localhost:14496|admin:|client:|dataStream:|priority:0, 72fc5de2-a3f7-4fa9-972b-1bbfdbde045f|rpc:localhost:14506|admin:|client:|dataStream:|priority:0], old=[bae6930e-8ae4-497b-9eaa-87fb2ec79d16|rpc:localhost:14496|admin:|client:|dataStream:|priority:0, 72fc5de2-a3f7-4fa9-972b-1bbfdbde045f|rpc:localhost:14506|admin:|client:|dataStream:|priority:0]
2021-07-03 01:53:16,293 [grpc-default-executor-2] INFO  segmented.SegmentedRaftLogWorker (SegmentedRaftLogWorker.java:startLogSegment(394)) - 999e0e82-6253-4699-8a10-92babf97f634@group-97EA473A16A6-SegmentedRaftLogWorker: Starting segment from index:25
2021-07-03 01:53:16,294 [grpc-default-executor-2] INFO  server.RaftServer$Division (ServerState.java:setRaftConf(373)) - 72fc5de2-a3f7-4fa9-972b-1bbfdbde045f@group-97EA473A16A6: set configuration 25: [999e0e82-6253-4699-8a10-92babf97f634|rpc:localhost:14516|admin:|client:|dataStream:|priority:0, bae6930e-8ae4-497b-9eaa-87fb2ec79d16|rpc:localhost:14496|admin:|client:|dataStream:|priority:0, 72fc5de2-a3f7-4fa9-972b-1bbfdbde045f|rpc:localhost:14506|admin:|client:|dataStream:|priority:0], old=[bae6930e-8ae4-497b-9eaa-87fb2ec79d16|rpc:localhost:14496|admin:|client:|dataStream:|priority:0, 72fc5de2-a3f7-4fa9-972b-1bbfdbde045f|rpc:localhost:14506|admin:|client:|dataStream:|priority:0]
2021-07-03 01:53:16,295 [999e0e82-6253-4699-8a10-92babf97f634@group-97EA473A16A6-SegmentedRaftLogWorker] INFO  segmented.SegmentedRaftLogWorker (SegmentedRaftLogWorker.java:execute(601)) - 999e0e82-6253-4699-8a10-92babf97f634@group-97EA473A16A6-SegmentedRaftLogWorker: created new log segment /home/runner/work/ozone/ozone/mnt/ozone/hadoop-ozone/integration-test/target/test-dir/MiniOzoneClusterImpl-6d7611b0-ac11-41e1-98f8-97ea473a16a6/scmNode-3/scm-ha/6d7611b0-ac11-41e1-98f8-97ea473a16a6/current/log_inprogress_25
2021-07-03 01:53:16,296 [bae6930e-8ae4-497b-9eaa-87fb2ec79d16@group-97EA473A16A6-LeaderStateImpl] INFO  server.RaftServer$Division (ServerState.java:setRaftConf(373)) - bae6930e-8ae4-497b-9eaa-87fb2ec79d16@group-97EA473A16A6: set configuration 27: [999e0e82-6253-4699-8a10-92babf97f634|rpc:localhost:14516|priority:0, bae6930e-8ae4-497b-9eaa-87fb2ec79d16|rpc:localhost:14496|admin:|client:|dataStream:|priority:0, 72fc5de2-a3f7-4fa9-972b-1bbfdbde045f|rpc:localhost:14506|priority:0], old=null
2021-07-03 01:53:16,297 [bae6930e-8ae4-497b-9eaa-87fb2ec79d16@group-97EA473A16A6-StateMachineUpdater] INFO  ha.SCMStateMachine (SCMStateMachine.java:takeSnapshot(290)) - Current Snapshot Index 25, takeSnapshot took 1 ms
2021-07-03 01:53:16,297 [bae6930e-8ae4-497b-9eaa-87fb2ec79d16@group-97EA473A16A6-StateMachineUpdater] INFO  impl.StateMachineUpdater (StateMachineUpdater.java:takeSnapshot(281)) - bae6930e-8ae4-497b-9eaa-87fb2ec79d16@group-97EA473A16A6-StateMachineUpdater: Took a snapshot at index 25
2021-07-03 01:53:16,297 [bae6930e-8ae4-497b-9eaa-87fb2ec79d16@group-97EA473A16A6-StateMachineUpdater] INFO  impl.StateMachineUpdater (StateMachineUpdater.java:lambda$new$0(89)) - bae6930e-8ae4-497b-9eaa-87fb2ec79d16@group-97EA473A16A6-StateMachineUpdater: snapshotIndex: updateIncreasingly 20 -> 25
2021-07-03 01:53:16,297 [bae6930e-8ae4-497b-9eaa-87fb2ec79d16@group-97EA473A16A6-StateMachineUpdater] INFO  raftlog.RaftLog (RaftLogBase.java:purge(306)) - bae6930e-8ae4-497b-9eaa-87fb2ec79d16@group-97EA473A16A6-SegmentedRaftLog: purge 25
2021-07-03 01:53:16,297 [bae6930e-8ae4-497b-9eaa-87fb2ec79d16@group-97EA473A16A6-StateMachineUpdater] INFO  raftlog.RaftLog (RaftLogBase.java:lambda$new$0(53)) - bae6930e-8ae4-497b-9eaa-87fb2ec79d16@group-97EA473A16A6-SegmentedRaftLog: snapshotIndex: updateIncreasingly 20 -> 25
2021-07-03 01:53:16,297 [bae6930e-8ae4-497b-9eaa-87fb2ec79d16@group-97EA473A16A6-StateMachineUpdater] INFO  raftlog.RaftLog (RaftLogBase.java:lambda$new$0(53)) - bae6930e-8ae4-497b-9eaa-87fb2ec79d16@group-97EA473A16A6-SegmentedRaftLog: purgeIndex: updateToMax old=20, new=25, updated? true
2021-07-03 01:53:16,298 [grpc-default-executor-2] INFO  server.RaftServer$Division (ServerState.java:setRaftConf(373)) - 72fc5de2-a3f7-4fa9-972b-1bbfdbde045f@group-97EA473A16A6: set configuration 27: [999e0e82-6253-4699-8a10-92babf97f634|rpc:localhost:14516|admin:|client:|dataStream:|priority:0, bae6930e-8ae4-497b-9eaa-87fb2ec79d16|rpc:localhost:14496|admin:|client:|dataStream:|priority:0, 72fc5de2-a3f7-4fa9-972b-1bbfdbde045f|rpc:localhost:14506|admin:|client:|dataStream:|priority:0], old=null
2021-07-03 01:53:16,298 [grpc-default-executor-0] INFO  server.RaftServer$Division (ServerState.java:setRaftConf(373)) - 999e0e82-6253-4699-8a10-92babf97f634@group-97EA473A16A6: set configuration 27: [999e0e82-6253-4699-8a10-92babf97f634|rpc:localhost:14516|admin:|client:|dataStream:|priority:0, bae6930e-8ae4-497b-9eaa-87fb2ec79d16|rpc:localhost:14496|admin:|client:|dataStream:|priority:0, 72fc5de2-a3f7-4fa9-972b-1bbfdbde045f|rpc:localhost:14506|admin:|client:|dataStream:|priority:0], old=null
2021-07-03 01:53:16,299 [72fc5de2-a3f7-4fa9-972b-1bbfdbde045f@group-97EA473A16A6-StateMachineUpdater] INFO  ha.SCMStateMachine (SCMStateMachine.java:takeSnapshot(290)) - Current Snapshot Index 25, takeSnapshot took 0 ms
2021-07-03 01:53:16,299 [72fc5de2-a3f7-4fa9-972b-1bbfdbde045f@group-97EA473A16A6-StateMachineUpdater] INFO  impl.StateMachineUpdater (StateMachineUpdater.java:takeSnapshot(281)) - 72fc5de2-a3f7-4fa9-972b-1bbfdbde045f@group-97EA473A16A6-StateMachineUpdater: Took a snapshot at index 25
2021-07-03 01:53:16,299 [72fc5de2-a3f7-4fa9-972b-1bbfdbde045f@group-97EA473A16A6-StateMachineUpdater] INFO  impl.StateMachineUpdater (StateMachineUpdater.java:lambda$new$0(89)) - 72fc5de2-a3f7-4fa9-972b-1bbfdbde045f@group-97EA473A16A6-StateMachineUpdater: snapshotIndex: updateIncreasingly 20 -> 25
2021-07-03 01:53:16,299 [72fc5de2-a3f7-4fa9-972b-1bbfdbde045f@group-97EA473A16A6-StateMachineUpdater] INFO  raftlog.RaftLog (RaftLogBase.java:purge(306)) - 72fc5de2-a3f7-4fa9-972b-1bbfdbde045f@group-97EA473A16A6-SegmentedRaftLog: purge 25
2021-07-03 01:53:16,299 [72fc5de2-a3f7-4fa9-972b-1bbfdbde045f@group-97EA473A16A6-StateMachineUpdater] INFO  raftlog.RaftLog (RaftLogBase.java:lambda$new$0(53)) - 72fc5de2-a3f7-4fa9-972b-1bbfdbde045f@group-97EA473A16A6-SegmentedRaftLog: snapshotIndex: updateIncreasingly 20 -> 25
2021-07-03 01:53:16,299 [72fc5de2-a3f7-4fa9-972b-1bbfdbde045f@group-97EA473A16A6-StateMachineUpdater] INFO  raftlog.RaftLog (RaftLogBase.java:lambda$new$0(53)) - 72fc5de2-a3f7-4fa9-972b-1bbfdbde045f@group-97EA473A16A6-SegmentedRaftLog: purgeIndex: updateToMax old=20, new=25, updated? true
2021-07-03 01:53:16,300 [IPC Server handler 5 on default port 14498] INFO  ha.SCMRatisServerImpl (SCMRatisServerImpl.java:addSCM(291)) - Successfully added new SCM: 999e0e82-6253-4699-8a10-92babf97f634.
2021-07-03 01:53:16,301 [Listener at 127.0.0.1/11044] INFO  ha.SCMHAManagerImpl (SCMHAManagerImpl.java:start(116)) - Successfully added SCM scmNode-3 to group group-97EA473A16A6:[999e0e82-6253-4699-8a10-92babf97f634|rpc:localhost:14516|admin:|client:|dataStream:|priority:0, bae6930e-8ae4-497b-9eaa-87fb2ec79d16|rpc:localhost:14496|admin:|client:|dataStream:|priority:0, 72fc5de2-a3f7-4fa9-972b-1bbfdbde045f|rpc:localhost:14506|admin:|client:|dataStream:|priority:0]
2021-07-03 01:53:16,301 [Listener at 127.0.0.1/11044] INFO  ha.InterSCMGrpcService (InterSCMGrpcProtocolService.java:start(94)) - Starting SCM Grpc Service at port 14520
2021-07-03 01:53:16,301 [Listener at 127.0.0.1/11044] INFO  impl.MetricsSystemImpl (MetricsSystemImpl.java:init(158)) - StorageContainerManager metrics system started (again)
2021-07-03 01:53:16,305 [8fa4ef72-0e52-420c-b0d5-60420e93c6a9@group-0ABB88D0A2E0-FollowerState] INFO  impl.FollowerState (FollowerState.java:run(134)) - 8fa4ef72-0e52-420c-b0d5-60420e93c6a9@group-0ABB88D0A2E0-FollowerState: change to CANDIDATE, lastRpcElapsedTime:5167326757ns, electionTimeout:5166ms
2021-07-03 01:53:16,305 [8fa4ef72-0e52-420c-b0d5-60420e93c6a9@group-0ABB88D0A2E0-FollowerState] INFO  impl.RoleInfo (RoleInfo.java:shutdownFollowerState(108)) - 8fa4ef72-0e52-420c-b0d5-60420e93c6a9: shutdown 8fa4ef72-0e52-420c-b0d5-60420e93c6a9@group-0ABB88D0A2E0-FollowerState
2021-07-03 01:53:16,305 [8fa4ef72-0e52-420c-b0d5-60420e93c6a9@group-0ABB88D0A2E0-FollowerState] INFO  server.RaftServer$Division (RaftServerImpl.java:setRole(284)) - 8fa4ef72-0e52-420c-b0d5-60420e93c6a9@group-0ABB88D0A2E0: changes role from  FOLLOWER to CANDIDATE at term 3 for changeToCandidate
2021-07-03 01:53:16,311 [Listener at 127.0.0.1/11044] INFO  server.SCMClientProtocolServer (SCMClientProtocolServer.java:start(163)) - RPC server for Client  is listening at /0.0.0.0:14519
2021-07-03 01:53:16,312 [IPC Server Responder] INFO  ipc.Server (Server.java:run(1497)) - IPC Server Responder: starting
2021-07-03 01:53:16,312 [IPC Server listener on 14519] INFO  ipc.Server (Server.java:run(1334)) - IPC Server listener on 14519: starting
2021-07-03 01:53:16,314 [999e0e82-6253-4699-8a10-92babf97f634@group-97EA473A16A6-StateMachineUpdater] INFO  safemode.HealthyPipelineSafeModeRule (HealthyPipelineSafeModeRule.java:initializeRule(152)) - Refreshed total pipeline count is 1, healthy pipeline threshold count is 1
2021-07-03 01:53:16,314 [999e0e82-6253-4699-8a10-92babf97f634@group-97EA473A16A6-StateMachineUpdater] INFO  safemode.ContainerSafeModeRule (ContainerSafeModeRule.java:reInitializeRule(177)) - Refreshed one replica container threshold 0, currentThreshold 0
2021-07-03 01:53:16,314 [999e0e82-6253-4699-8a10-92babf97f634@group-97EA473A16A6-StateMachineUpdater] INFO  safemode.OneReplicaPipelineSafeModeRule (OneReplicaPipelineSafeModeRule.java:initializeRule(176)) - Refreshed Total pipeline count is 1, pipeline's with at least one datanode reported threshold count is 1
2021-07-03 01:53:16,314 [999e0e82-6253-4699-8a10-92babf97f634@group-97EA473A16A6-StateMachineUpdater] INFO  server.SCMDatanodeProtocolServer (SCMDatanodeProtocolServer.java:start(177)) - RPC server for DataNodes is listening at /0.0.0.0:14517
2021-07-03 01:53:16,315 [8fa4ef72-0e52-420c-b0d5-60420e93c6a9@group-0ABB88D0A2E0-FollowerState] INFO  server.RaftServerConfigKeys (ConfUtils.java:logGet(44)) - raft.server.leaderelection.pre-vote = false (custom)
2021-07-03 01:53:16,318 [8fa4ef72-0e52-420c-b0d5-60420e93c6a9@group-0ABB88D0A2E0-FollowerState] INFO  impl.RoleInfo (RoleInfo.java:updateAndGet(130)) - 8fa4ef72-0e52-420c-b0d5-60420e93c6a9: start 8fa4ef72-0e52-420c-b0d5-60420e93c6a9@group-0ABB88D0A2E0-LeaderElection31
2021-07-03 01:53:16,318 [IPC Server Responder] INFO  ipc.Server (Server.java:run(1497)) - IPC Server Responder: starting
2021-07-03 01:53:16,318 [IPC Server listener on 14517] INFO  ipc.Server (Server.java:run(1334)) - IPC Server listener on 14517: starting
2021-07-03 01:53:16,327 [Listener at 127.0.0.1/11044] INFO  server.StorageContainerManager (StorageContainerManager.java:start(1229)) - ScmBlockLocationProtocol RPC server is listening at /0.0.0.0:14518
2021-07-03 01:53:16,327 [Listener at 127.0.0.1/11044] INFO  server.SCMBlockProtocolServer (SCMBlockProtocolServer.java:start(151)) - RPC server for Block Protocol is listening at /0.0.0.0:14518
2021-07-03 01:53:16,328 [IPC Server Responder] INFO  ipc.Server (Server.java:run(1497)) - IPC Server Responder: starting
2021-07-03 01:53:16,328 [IPC Server listener on 14518] INFO  ipc.Server (Server.java:run(1334)) - IPC Server listener on 14518: starting
2021-07-03 01:53:16,329 [8fa4ef72-0e52-420c-b0d5-60420e93c6a9@group-0ABB88D0A2E0-LeaderElection31] INFO  impl.LeaderElection (LeaderElection.java:askForVotes(306)) - 8fa4ef72-0e52-420c-b0d5-60420e93c6a9@group-0ABB88D0A2E0-LeaderElection31 ELECTION round 0: submit vote requests at term 4 for -1: [ca9dc723-67a1-4a65-9480-66850f9b9d20|rpc:127.0.0.1:37533|dataStream:|priority:0, 48a93f24-2ce5-44e8-b9e2-5628d9c2ac97|rpc:127.0.0.1:36777|dataStream:|priority:0, 8fa4ef72-0e52-420c-b0d5-60420e93c6a9|rpc:127.0.0.1:35781|dataStream:|priority:1], old=null
2021-07-03 01:53:16,332 [grpc-default-executor-2] INFO  server.RaftServer$Division (RaftServerImpl.java:requestVote(1042)) - ca9dc723-67a1-4a65-9480-66850f9b9d20@group-0ABB88D0A2E0: receive requestVote(ELECTION, 8fa4ef72-0e52-420c-b0d5-60420e93c6a9, group-0ABB88D0A2E0, 4, (t:0, i:0))
2021-07-03 01:53:16,332 [grpc-default-executor-2] INFO  impl.VoteContext (VoteContext.java:log(48)) - ca9dc723-67a1-4a65-9480-66850f9b9d20@group-0ABB88D0A2E0-FOLLOWER: accept ELECTION from 8fa4ef72-0e52-420c-b0d5-60420e93c6a9: our priority 0 <= candidate's priority 1
2021-07-03 01:53:16,332 [grpc-default-executor-2] INFO  server.RaftServer$Division (RaftServerImpl.java:setRole(284)) - ca9dc723-67a1-4a65-9480-66850f9b9d20@group-0ABB88D0A2E0: changes role from  FOLLOWER to FOLLOWER at term 4 for candidate:8fa4ef72-0e52-420c-b0d5-60420e93c6a9
2021-07-03 01:53:16,332 [grpc-default-executor-2] INFO  impl.RoleInfo (RoleInfo.java:shutdownFollowerState(108)) - ca9dc723-67a1-4a65-9480-66850f9b9d20: shutdown ca9dc723-67a1-4a65-9480-66850f9b9d20@group-0ABB88D0A2E0-FollowerState
2021-07-03 01:53:16,332 [grpc-default-executor-2] INFO  impl.RoleInfo (RoleInfo.java:updateAndGet(130)) - ca9dc723-67a1-4a65-9480-66850f9b9d20: start ca9dc723-67a1-4a65-9480-66850f9b9d20@group-0ABB88D0A2E0-FollowerState
2021-07-03 01:53:16,332 [ca9dc723-67a1-4a65-9480-66850f9b9d20@group-0ABB88D0A2E0-FollowerState] INFO  impl.FollowerState (FollowerState.java:run(143)) - ca9dc723-67a1-4a65-9480-66850f9b9d20@group-0ABB88D0A2E0-FollowerState was interrupted: {}
java.lang.InterruptedException: sleep interrupted
	at java.lang.Thread.sleep(Native Method)
	at java.lang.Thread.sleep(Thread.java:340)
	at java.util.concurrent.TimeUnit.sleep(TimeUnit.java:386)
	at org.apache.ratis.util.TimeDuration.sleep(TimeDuration.java:324)
	at org.apache.ratis.util.TimeDuration.sleep(TimeDuration.java:309)
	at org.apache.ratis.server.impl.FollowerState.run(FollowerState.java:118)
2021-07-03 01:53:16,334 [grpc-default-executor-0] INFO  server.RaftServer$Division (RaftServerImpl.java:requestVote(1042)) - 48a93f24-2ce5-44e8-b9e2-5628d9c2ac97@group-0ABB88D0A2E0: receive requestVote(ELECTION, 8fa4ef72-0e52-420c-b0d5-60420e93c6a9, group-0ABB88D0A2E0, 4, (t:0, i:0))
2021-07-03 01:53:16,334 [grpc-default-executor-0] INFO  impl.VoteContext (VoteContext.java:log(48)) - 48a93f24-2ce5-44e8-b9e2-5628d9c2ac97@group-0ABB88D0A2E0-FOLLOWER: accept ELECTION from 8fa4ef72-0e52-420c-b0d5-60420e93c6a9: our priority 0 <= candidate's priority 1
2021-07-03 01:53:16,334 [IPC Server handler 6 on default port 14517] INFO  ipc.Server (Server.java:run(1020)) - IPC Server handler 6 on default port 14517: skipped Call#384 Retry#0 org.apache.hadoop.ozone.protocol.StorageContainerDatanodeProtocol.submitRequest from 127.0.0.1:42678
2021-07-03 01:53:16,334 [grpc-default-executor-0] INFO  server.RaftServer$Division (RaftServerImpl.java:setRole(284)) - 48a93f24-2ce5-44e8-b9e2-5628d9c2ac97@group-0ABB88D0A2E0: changes role from  FOLLOWER to FOLLOWER at term 4 for candidate:8fa4ef72-0e52-420c-b0d5-60420e93c6a9
2021-07-03 01:53:16,334 [grpc-default-executor-0] INFO  impl.RoleInfo (RoleInfo.java:shutdownFollowerState(108)) - 48a93f24-2ce5-44e8-b9e2-5628d9c2ac97: shutdown 48a93f24-2ce5-44e8-b9e2-5628d9c2ac97@group-0ABB88D0A2E0-FollowerState
2021-07-03 01:53:16,334 [grpc-default-executor-2] INFO  server.RaftServer$Division (RaftServerImpl.java:requestVote(1074)) - ca9dc723-67a1-4a65-9480-66850f9b9d20@group-0ABB88D0A2E0 replies to ELECTION vote request: 8fa4ef72-0e52-420c-b0d5-60420e93c6a9<-ca9dc723-67a1-4a65-9480-66850f9b9d20#0:OK-t4. Peer's state: ca9dc723-67a1-4a65-9480-66850f9b9d20@group-0ABB88D0A2E0:t4, leader=null, voted=8fa4ef72-0e52-420c-b0d5-60420e93c6a9, raftlog=ca9dc723-67a1-4a65-9480-66850f9b9d20@group-0ABB88D0A2E0-SegmentedRaftLog:OPENED:c-1,f-1,i0, conf=-1: [ca9dc723-67a1-4a65-9480-66850f9b9d20|rpc:127.0.0.1:37533|priority:0, 48a93f24-2ce5-44e8-b9e2-5628d9c2ac97|rpc:127.0.0.1:36777|priority:0, 8fa4ef72-0e52-420c-b0d5-60420e93c6a9|rpc:127.0.0.1:35781|priority:1], old=null
2021-07-03 01:53:16,334 [IPC Server handler 6 on default port 14517] INFO  ipc.Server (Server.java:run(1020)) - IPC Server handler 6 on default port 14517: skipped Call#246 Retry#0 org.apache.hadoop.ozone.protocol.StorageContainerDatanodeProtocol.submitRequest from 127.0.0.1:42488
2021-07-03 01:53:16,335 [IPC Server handler 7 on default port 14517] INFO  ipc.Server (Server.java:run(1020)) - IPC Server handler 7 on default port 14517: skipped Call#349 Retry#0 org.apache.hadoop.ozone.protocol.StorageContainerDatanodeProtocol.submitRequest from 127.0.0.1:42630
2021-07-03 01:53:16,335 [IPC Server handler 7 on default port 14517] INFO  ipc.Server (Server.java:run(1020)) - IPC Server handler 7 on default port 14517: skipped Call#269 Retry#0 org.apache.hadoop.ozone.protocol.StorageContainerDatanodeProtocol.submitRequest from 127.0.0.1:42532
2021-07-03 01:53:16,335 [IPC Server handler 7 on default port 14517] INFO  ipc.Server (Server.java:run(1020)) - IPC Server handler 7 on default port 14517: skipped Call#313 Retry#0 org.apache.hadoop.ozone.protocol.StorageContainerDatanodeProtocol.submitRequest from 127.0.0.1:42586
2021-07-03 01:53:16,335 [IPC Server handler 7 on default port 14517] INFO  ipc.Server (Server.java:run(1020)) - IPC Server handler 7 on default port 14517: skipped Call#385 Retry#0 org.apache.hadoop.ozone.protocol.StorageContainerDatanodeProtocol.submitRequest from 127.0.0.1:42678
2021-07-03 01:53:16,335 [IPC Server handler 7 on default port 14517] INFO  ipc.Server (Server.java:run(1020)) - IPC Server handler 7 on default port 14517: skipped Call#247 Retry#0 org.apache.hadoop.ozone.protocol.StorageContainerDatanodeProtocol.submitRequest from 127.0.0.1:42488
2021-07-03 01:53:16,335 [IPC Server handler 8 on default port 14517] INFO  ipc.Server (Server.java:run(1020)) - IPC Server handler 8 on default port 14517: skipped Call#350 Retry#0 org.apache.hadoop.ozone.protocol.StorageContainerDatanodeProtocol.submitRequest from 127.0.0.1:42630
2021-07-03 01:53:16,335 [IPC Server handler 8 on default port 14517] INFO  ipc.Server (Server.java:run(1020)) - IPC Server handler 8 on default port 14517: skipped Call#270 Retry#0 org.apache.hadoop.ozone.protocol.StorageContainerDatanodeProtocol.submitRequest from 127.0.0.1:42532
2021-07-03 01:53:16,335 [IPC Server handler 8 on default port 14517] INFO  ipc.Server (Server.java:run(1020)) - IPC Server handler 8 on default port 14517: skipped Call#314 Retry#0 org.apache.hadoop.ozone.protocol.StorageContainerDatanodeProtocol.submitRequest from 127.0.0.1:42586
2021-07-03 01:53:16,335 [IPC Server handler 8 on default port 14517] INFO  ipc.Server (Server.java:run(1020)) - IPC Server handler 8 on default port 14517: skipped Call#386 Retry#0 org.apache.hadoop.ozone.protocol.StorageContainerDatanodeProtocol.submitRequest from 127.0.0.1:42678
2021-07-03 01:53:16,344 [IPC Server handler 0 on default port 14517] WARN  ipc.Server (Server.java:processResponse(1707)) - IPC Server handler 0 on default port 14517, call Call#243 Retry#0 org.apache.hadoop.ozone.protocol.StorageContainerDatanodeProtocol.submitRequest from 127.0.0.1:42488: output error
2021-07-03 01:53:16,344 [IPC Server handler 10 on default port 14517] INFO  ipc.Server (Server.java:run(1020)) - IPC Server handler 10 on default port 14517: skipped Call#351 Retry#0 org.apache.hadoop.ozone.protocol.StorageContainerDatanodeProtocol.submitRequest from 127.0.0.1:42630
2021-07-03 01:53:16,344 [IPC Server handler 0 on default port 14517] INFO  ipc.Server (Server.java:run(2970)) - IPC Server handler 0 on default port 14517 caught an exception
java.nio.channels.ClosedChannelException
	at sun.nio.ch.SocketChannelImpl.ensureWriteOpen(SocketChannelImpl.java:269)
	at sun.nio.ch.SocketChannelImpl.write(SocketChannelImpl.java:460)
	at org.apache.hadoop.ipc.Server.channelWrite(Server.java:3594)
	at org.apache.hadoop.ipc.Server.access$1700(Server.java:139)
	at org.apache.hadoop.ipc.Server$Responder.processResponse(Server.java:1657)
	at org.apache.hadoop.ipc.Server$Responder.doRespond(Server.java:1727)
	at org.apache.hadoop.ipc.Server$Connection.sendResponse(Server.java:2828)
	at org.apache.hadoop.ipc.Server$Connection.access$300(Server.java:1799)
	at org.apache.hadoop.ipc.Server$RpcCall.doResponse(Server.java:1111)
	at org.apache.hadoop.ipc.Server$Call.doResponse(Server.java:903)
	at org.apache.hadoop.ipc.Server$Call.sendResponse(Server.java:889)
	at org.apache.hadoop.ipc.Server$RpcCall.run(Server.java:1046)
	at org.apache.hadoop.ipc.Server$RpcCall.run(Server.java:957)
	at java.security.AccessController.doPrivileged(Native Method)
	at javax.security.auth.Subject.doAs(Subject.java:422)
	at org.apache.hadoop.security.UserGroupInformation.doAs(UserGroupInformation.java:1762)
	at org.apache.hadoop.ipc.Server$Handler.run(Server.java:2957)
2021-07-03 01:53:16,345 [IPC Server handler 5 on default port 14517] WARN  ipc.Server (Server.java:processResponse(1707)) - IPC Server handler 5 on default port 14517, call Call#268 Retry#0 org.apache.hadoop.ozone.protocol.StorageContainerDatanodeProtocol.submitRequest from 127.0.0.1:42532: output error
2021-07-03 01:53:16,345 [IPC Server handler 5 on default port 14517] INFO  ipc.Server (Server.java:run(2970)) - IPC Server handler 5 on default port 14517 caught an exception
java.nio.channels.ClosedChannelException
	at sun.nio.ch.SocketChannelImpl.ensureWriteOpen(SocketChannelImpl.java:269)
	at sun.nio.ch.SocketChannelImpl.write(SocketChannelImpl.java:460)
	at org.apache.hadoop.ipc.Server.channelWrite(Server.java:3594)
	at org.apache.hadoop.ipc.Server.access$1700(Server.java:139)
	at org.apache.hadoop.ipc.Server$Responder.processResponse(Server.java:1657)
	at org.apache.hadoop.ipc.Server$Responder.doRespond(Server.java:1727)
	at org.apache.hadoop.ipc.Server$Connection.sendResponse(Server.java:2828)
	at org.apache.hadoop.ipc.Server$Connection.access$300(Server.java:1799)
	at org.apache.hadoop.ipc.Server$RpcCall.doResponse(Server.java:1111)
	at org.apache.hadoop.ipc.Server$Call.doResponse(Server.java:903)
	at org.apache.hadoop.ipc.Server$Call.sendResponse(Server.java:889)
	at org.apache.hadoop.ipc.Server$RpcCall.run(Server.java:1046)
	at org.apache.hadoop.ipc.Server$RpcCall.run(Server.java:957)
	at java.security.AccessController.doPrivileged(Native Method)
	at javax.security.auth.Subject.doAs(Subject.java:422)
	at org.apache.hadoop.security.UserGroupInformation.doAs(UserGroupInformation.java:1762)
	at org.apache.hadoop.ipc.Server$Handler.run(Server.java:2957)
2021-07-03 01:53:16,346 [8fa4ef72-0e52-420c-b0d5-60420e93c6a9@group-0ABB88D0A2E0-LeaderElection31] INFO  impl.LeaderElection (LeaderElection.java:logAndReturn(89)) - 8fa4ef72-0e52-420c-b0d5-60420e93c6a9@group-0ABB88D0A2E0-LeaderElection31: ELECTION PASSED received 1 response(s) and 0 exception(s):
2021-07-03 01:53:16,346 [8fa4ef72-0e52-420c-b0d5-60420e93c6a9@group-0ABB88D0A2E0-LeaderElection31] INFO  impl.LeaderElection (LeaderElection.java:logAndReturn(93)) -   Response 0: 8fa4ef72-0e52-420c-b0d5-60420e93c6a9<-ca9dc723-67a1-4a65-9480-66850f9b9d20#0:OK-t4
2021-07-03 01:53:16,346 [8fa4ef72-0e52-420c-b0d5-60420e93c6a9@group-0ABB88D0A2E0-LeaderElection31] INFO  impl.LeaderElection (LeaderElection.java:askForVotes(308)) - 8fa4ef72-0e52-420c-b0d5-60420e93c6a9@group-0ABB88D0A2E0-LeaderElection31 ELECTION round 0: result PASSED
2021-07-03 01:53:16,346 [8fa4ef72-0e52-420c-b0d5-60420e93c6a9@group-0ABB88D0A2E0-LeaderElection31] INFO  impl.RoleInfo (RoleInfo.java:shutdownLeaderElection(121)) - 8fa4ef72-0e52-420c-b0d5-60420e93c6a9: shutdown 8fa4ef72-0e52-420c-b0d5-60420e93c6a9@group-0ABB88D0A2E0-LeaderElection31
2021-07-03 01:53:16,346 [8fa4ef72-0e52-420c-b0d5-60420e93c6a9@group-0ABB88D0A2E0-LeaderElection31] INFO  server.RaftServer$Division (RaftServerImpl.java:setRole(284)) - 8fa4ef72-0e52-420c-b0d5-60420e93c6a9@group-0ABB88D0A2E0: changes role from CANDIDATE to LEADER at term 4 for changeToLeader
2021-07-03 01:53:16,346 [8fa4ef72-0e52-420c-b0d5-60420e93c6a9@group-0ABB88D0A2E0-LeaderElection31] INFO  ratis.XceiverServerRatis (XceiverServerRatis.java:handleLeaderChangedNotification(857)) - Leader change notification received for group: group-0ABB88D0A2E0 with new leaderId: 8fa4ef72-0e52-420c-b0d5-60420e93c6a9
2021-07-03 01:53:16,346 [grpc-default-executor-0] INFO  impl.RoleInfo (RoleInfo.java:updateAndGet(130)) - 48a93f24-2ce5-44e8-b9e2-5628d9c2ac97: start 48a93f24-2ce5-44e8-b9e2-5628d9c2ac97@group-0ABB88D0A2E0-FollowerState
2021-07-03 01:53:16,346 [48a93f24-2ce5-44e8-b9e2-5628d9c2ac97@group-0ABB88D0A2E0-FollowerState] INFO  impl.FollowerState (FollowerState.java:run(143)) - 48a93f24-2ce5-44e8-b9e2-5628d9c2ac97@group-0ABB88D0A2E0-FollowerState was interrupted: {}
java.lang.InterruptedException: sleep interrupted
	at java.lang.Thread.sleep(Native Method)
	at java.lang.Thread.sleep(Thread.java:340)
	at java.util.concurrent.TimeUnit.sleep(TimeUnit.java:386)
	at org.apache.ratis.util.TimeDuration.sleep(TimeDuration.java:324)
	at org.apache.ratis.util.TimeDuration.sleep(TimeDuration.java:309)
	at org.apache.ratis.server.impl.FollowerState.run(FollowerState.java:118)
2021-07-03 01:53:16,347 [EndpointStateMachine task thread for /127.0.0.1:14517 - 0 ] INFO  ozoneimpl.OzoneContainer (OzoneContainer.java:start(301)) - Ignore. OzoneContainer already started.
2021-07-03 01:53:16,348 [IPC Server handler 1 on default port 14517] INFO  ipc.Server (Server.java:run(1020)) - IPC Server handler 1 on default port 14517: skipped Call#312 Retry#0 org.apache.hadoop.ozone.protocol.StorageContainerDatanodeProtocol.submitRequest from 127.0.0.1:42586
2021-07-03 01:53:16,349 [grpc-default-executor-0] INFO  server.RaftServer$Division (RaftServerImpl.java:requestVote(1074)) - 48a93f24-2ce5-44e8-b9e2-5628d9c2ac97@group-0ABB88D0A2E0 replies to ELECTION vote request: 8fa4ef72-0e52-420c-b0d5-60420e93c6a9<-48a93f24-2ce5-44e8-b9e2-5628d9c2ac97#0:OK-t4. Peer's state: 48a93f24-2ce5-44e8-b9e2-5628d9c2ac97@group-0ABB88D0A2E0:t4, leader=null, voted=8fa4ef72-0e52-420c-b0d5-60420e93c6a9, raftlog=48a93f24-2ce5-44e8-b9e2-5628d9c2ac97@group-0ABB88D0A2E0-SegmentedRaftLog:OPENED:c-1,f-1,i0, conf=-1: [ca9dc723-67a1-4a65-9480-66850f9b9d20|rpc:127.0.0.1:37533|priority:0, 48a93f24-2ce5-44e8-b9e2-5628d9c2ac97|rpc:127.0.0.1:36777|priority:0, 8fa4ef72-0e52-420c-b0d5-60420e93c6a9|rpc:127.0.0.1:35781|priority:1], old=null
2021-07-03 01:53:16,351 [Listener at 127.0.0.1/11044] INFO  server.StorageContainerManager (StorageContainerManager.java:start(1235)) - ScmDatanodeProtocl RPC server is listening at /0.0.0.0:14517
2021-07-03 01:53:16,352 [Listener at 127.0.0.1/11044] INFO  http.BaseHttpServer (BaseHttpServer.java:newHttpServer2BuilderForOzone(209)) - Starting Web-server for scm at: http://0.0.0.0:14514
2021-07-03 01:53:16,352 [Listener at 127.0.0.1/11044] INFO  http.BaseHttpServer (BaseHttpServer.java:<init>(107)) - Hadoop Security Enabled: false Ozone Security Enabled: false Ozone HTTP Security Enabled: false 
2021-07-03 01:53:16,353 [Listener at 127.0.0.1/11044] INFO  server.AuthenticationFilter (AuthenticationFilter.java:constructSecretProvider(240)) - Unable to initialize FileSignerSecretProvider, falling back to use random secrets.
2021-07-03 01:53:16,354 [org.apache.hadoop.util.JvmPauseMonitor$Monitor@374ba9a8] INFO  util.JvmPauseMonitor (JvmPauseMonitor.java:run(188)) - Starting JVM pause monitor
2021-07-03 01:53:16,354 [Listener at 127.0.0.1/11044] WARN  http.HttpRequestLog (HttpRequestLog.java:getRequestLog(103)) - Jetty request log can only be enabled using Log4j
2021-07-03 01:53:16,355 [Listener at 127.0.0.1/11044] INFO  http.HttpServer2 (HttpServer2.java:addGlobalFilter(1020)) - Added global filter 'safety' (class=org.apache.hadoop.hdds.server.http.HttpServer2$QuotingInputFilter)
2021-07-03 01:53:16,355 [Listener at 127.0.0.1/11044] INFO  http.HttpServer2 (HttpServer2.java:addFilter(996)) - Added filter static_user_filter (class=org.apache.hadoop.http.lib.StaticUserWebFilter$StaticUserFilter) to context scm
2021-07-03 01:53:16,355 [Listener at 127.0.0.1/11044] INFO  http.HttpServer2 (HttpServer2.java:addFilter(1004)) - Added filter static_user_filter (class=org.apache.hadoop.http.lib.StaticUserWebFilter$StaticUserFilter) to context static
2021-07-03 01:53:16,356 [Listener at 127.0.0.1/11044] INFO  http.HttpServer2 (HttpServer2.java:addFilter(1004)) - Added filter static_user_filter (class=org.apache.hadoop.http.lib.StaticUserWebFilter$StaticUserFilter) to context logs
2021-07-03 01:53:16,356 [Listener at 127.0.0.1/11044] INFO  http.HttpServer2 (HttpServer2.java:bindListener(1238)) - Jetty bound to port 14514
2021-07-03 01:53:16,356 [Listener at 127.0.0.1/11044] INFO  server.Server (Server.java:doStart(375)) - jetty-9.4.35.v20201120; built: 2020-11-20T21:17:03.964Z; git: bdc54f03a5e0a7e280fab27f55c3c75ee8da89fb; jvm 1.8.0_292-b10
2021-07-03 01:53:16,359 [8fa4ef72-0e52-420c-b0d5-60420e93c6a9@group-0ABB88D0A2E0-LeaderElection31] INFO  server.RaftServer$Division (ServerState.java:setLeader(271)) - 8fa4ef72-0e52-420c-b0d5-60420e93c6a9@group-0ABB88D0A2E0: change Leader from null to 8fa4ef72-0e52-420c-b0d5-60420e93c6a9 at term 4 for becomeLeader, leader elected after 20428ms
2021-07-03 01:53:16,359 [8fa4ef72-0e52-420c-b0d5-60420e93c6a9@group-0ABB88D0A2E0-LeaderElection31] INFO  server.RaftServerConfigKeys (ConfUtils.java:logGet(44)) - raft.server.staging.catchup.gap = 1000 (default)
2021-07-03 01:53:16,359 [8fa4ef72-0e52-420c-b0d5-60420e93c6a9@group-0ABB88D0A2E0-LeaderElection31] INFO  metrics.RatisMetrics (RatisMetrics.java:lambda$create$0(36)) - Creating Metrics Registry : ratis.log_appender.8fa4ef72-0e52-420c-b0d5-60420e93c6a9@group-0ABB88D0A2E0
2021-07-03 01:53:16,359 [EndpointStateMachine task thread for /127.0.0.1:14517 - 0 ] INFO  ozoneimpl.OzoneContainer (OzoneContainer.java:start(301)) - Ignore. OzoneContainer already started.
2021-07-03 01:53:16,359 [8fa4ef72-0e52-420c-b0d5-60420e93c6a9@group-0ABB88D0A2E0-LeaderElection31] INFO  server.RaftServerConfigKeys (ConfUtils.java:logGet(44)) - raft.server.write.element-limit = 1024 (custom)
2021-07-03 01:53:16,359 [8fa4ef72-0e52-420c-b0d5-60420e93c6a9@group-0ABB88D0A2E0-LeaderElection31] INFO  server.RaftServerConfigKeys (ConfUtils.java:logGet(44)) - raft.server.write.byte-limit = 1073741824 (custom)
2021-07-03 01:53:16,360 [8fa4ef72-0e52-420c-b0d5-60420e93c6a9@group-0ABB88D0A2E0-LeaderElection31] INFO  server.RaftServerConfigKeys (ConfUtils.java:logGet(44)) - raft.server.watch.timeout = 180s (custom)
2021-07-03 01:53:16,360 [8fa4ef72-0e52-420c-b0d5-60420e93c6a9@group-0ABB88D0A2E0-LeaderElection31] INFO  server.RaftServerConfigKeys (ConfUtils.java:logGet(44)) - raft.server.watch.timeout.denomination = 1s (default)
2021-07-03 01:53:16,360 [8fa4ef72-0e52-420c-b0d5-60420e93c6a9@group-0ABB88D0A2E0-LeaderElection31] INFO  server.RaftServerConfigKeys (ConfUtils.java:logGet(44)) - raft.server.watch.element-limit = 65536 (default)
2021-07-03 01:53:16,360 [8fa4ef72-0e52-420c-b0d5-60420e93c6a9@group-0ABB88D0A2E0-LeaderElection31] INFO  server.RaftServerConfigKeys (ConfUtils.java:logGet(44)) - raft.server.log.appender.snapshot.chunk.size.max = 16MB (=16777216) (default)
2021-07-03 01:53:16,360 [8fa4ef72-0e52-420c-b0d5-60420e93c6a9@group-0ABB88D0A2E0-LeaderElection31] INFO  server.RaftServerConfigKeys (ConfUtils.java:logGet(44)) - raft.server.log.appender.buffer.byte-limit = 33554432 (custom)
2021-07-03 01:53:16,360 [8fa4ef72-0e52-420c-b0d5-60420e93c6a9@group-0ABB88D0A2E0-LeaderElection31] INFO  server.RaftServerConfigKeys (ConfUtils.java:logGet(44)) - raft.server.log.appender.buffer.element-limit = 1 (custom)
2021-07-03 01:53:16,360 [8fa4ef72-0e52-420c-b0d5-60420e93c6a9@group-0ABB88D0A2E0-LeaderElection31] INFO  grpc.GrpcConfigKeys (ConfUtils.java:logGet(44)) - raft.grpc.server.leader.outstanding.appends.max = 128 (default)
2021-07-03 01:53:16,360 [8fa4ef72-0e52-420c-b0d5-60420e93c6a9@group-0ABB88D0A2E0-LeaderElection31] INFO  server.RaftServerConfigKeys (ConfUtils.java:logGet(44)) - raft.server.rpc.request.timeout = 60s (custom)
2021-07-03 01:53:16,360 [8fa4ef72-0e52-420c-b0d5-60420e93c6a9@group-0ABB88D0A2E0-LeaderElection31] INFO  server.RaftServerConfigKeys (ConfUtils.java:logGet(44)) - raft.server.log.appender.install.snapshot.enabled = false (custom)
2021-07-03 01:53:16,360 [8fa4ef72-0e52-420c-b0d5-60420e93c6a9@group-0ABB88D0A2E0-LeaderElection31] INFO  metrics.RatisMetrics (RatisMetrics.java:lambda$create$0(36)) - Creating Metrics Registry : ratis_grpc.log_appender.8fa4ef72-0e52-420c-b0d5-60420e93c6a9@group-0ABB88D0A2E0
2021-07-03 01:53:16,360 [EndpointStateMachine task thread for /127.0.0.1:14517 - 0 ] INFO  ozoneimpl.OzoneContainer (OzoneContainer.java:start(301)) - Ignore. OzoneContainer already started.
2021-07-03 01:53:16,371 [8fa4ef72-0e52-420c-b0d5-60420e93c6a9@group-0ABB88D0A2E0-LeaderElection31] INFO  server.RaftServerConfigKeys (ConfUtils.java:logGet(44)) - raft.server.log.appender.snapshot.chunk.size.max = 16MB (=16777216) (default)
2021-07-03 01:53:16,371 [8fa4ef72-0e52-420c-b0d5-60420e93c6a9@group-0ABB88D0A2E0-LeaderElection31] INFO  server.RaftServerConfigKeys (ConfUtils.java:logGet(44)) - raft.server.log.appender.buffer.byte-limit = 33554432 (custom)
2021-07-03 01:53:16,371 [8fa4ef72-0e52-420c-b0d5-60420e93c6a9@group-0ABB88D0A2E0-LeaderElection31] INFO  server.RaftServerConfigKeys (ConfUtils.java:logGet(44)) - raft.server.log.appender.buffer.element-limit = 1 (custom)
2021-07-03 01:53:16,373 [Listener at 127.0.0.1/11044] INFO  server.session (DefaultSessionIdManager.java:doStart(334)) - DefaultSessionIdManager workerName=node0
2021-07-03 01:53:16,373 [Listener at 127.0.0.1/11044] INFO  server.session (DefaultSessionIdManager.java:doStart(339)) - No SessionScavenger set, using defaults
2021-07-03 01:53:16,373 [Listener at 127.0.0.1/11044] INFO  server.session (HouseKeeper.java:startScavenging(132)) - node0 Scavenging every 600000ms
2021-07-03 01:53:16,374 [EventQueue-PipelineReportForPipelineReportHandler] INFO  pipeline.PipelineManagerV2Impl (PipelineManagerV2Impl.java:openPipeline(270)) - Pipeline Pipeline[ Id: 24d4eb0a-6b75-4498-880f-0abb88d0a2e0, Nodes: ca9dc723-67a1-4a65-9480-66850f9b9d20{ip: 127.0.0.1, host: localhost, ports: [REPLICATION=45997, RATIS=37533, RATIS_ADMIN=37533, RATIS_SERVER=37533, STANDALONE=43411], networkLocation: /default-rack, certSerialId: null, persistedOpState: IN_SERVICE, persistedOpStateExpiryEpochSec: 0}8fa4ef72-0e52-420c-b0d5-60420e93c6a9{ip: 127.0.0.1, host: localhost, ports: [REPLICATION=38391, RATIS=35781, RATIS_ADMIN=35781, RATIS_SERVER=35781, STANDALONE=36885], networkLocation: /default-rack, certSerialId: null, persistedOpState: IN_SERVICE, persistedOpStateExpiryEpochSec: 0}48a93f24-2ce5-44e8-b9e2-5628d9c2ac97{ip: 127.0.0.1, host: localhost, ports: [REPLICATION=45207, RATIS=36777, RATIS_ADMIN=36777, RATIS_SERVER=36777, STANDALONE=39283], networkLocation: /default-rack, certSerialId: null, persistedOpState: IN_SERVICE, persistedOpStateExpiryEpochSec: 0}, ReplicationConfig: RATIS/THREE, State:ALLOCATED, leaderId:8fa4ef72-0e52-420c-b0d5-60420e93c6a9, CreationTimestamp2021-07-03T01:52:52.999Z] moved to OPEN state
2021-07-03 01:53:16,374 [Listener at 127.0.0.1/11044] INFO  handler.ContextHandler (ContextHandler.java:doStart(916)) - Started o.e.j.s.ServletContextHandler@4840e7{logs,/logs,file:///home/runner/work/ozone/ozone/mnt/ozone/hadoop-ozone/integration-test/target/log,AVAILABLE}
2021-07-03 01:53:16,374 [Listener at 127.0.0.1/11044] INFO  handler.ContextHandler (ContextHandler.java:doStart(916)) - Started o.e.j.s.ServletContextHandler@7df7b502{static,/static,file:///home/runner/work/ozone/ozone/mnt/ozone/hadoop-ozone/integration-test/target/test-classes/webapps/static,AVAILABLE}
2021-07-03 01:53:16,374 [EventQueue-PipelineReportForPipelineReportHandler] INFO  pipeline.PipelineManagerV2Impl (PipelineManagerV2Impl.java:openPipeline(270)) - Pipeline Pipeline[ Id: 24d4eb0a-6b75-4498-880f-0abb88d0a2e0, Nodes: ca9dc723-67a1-4a65-9480-66850f9b9d20{ip: 127.0.0.1, host: localhost, ports: [REPLICATION=45997, RATIS=37533, RATIS_ADMIN=37533, RATIS_SERVER=37533, STANDALONE=43411], networkLocation: /default-rack, certSerialId: null, persistedOpState: IN_SERVICE, persistedOpStateExpiryEpochSec: 0}8fa4ef72-0e52-420c-b0d5-60420e93c6a9{ip: 127.0.0.1, host: localhost, ports: [REPLICATION=38391, RATIS=35781, RATIS_ADMIN=35781, RATIS_SERVER=35781, STANDALONE=36885], networkLocation: /default-rack, certSerialId: null, persistedOpState: IN_SERVICE, persistedOpStateExpiryEpochSec: 0}48a93f24-2ce5-44e8-b9e2-5628d9c2ac97{ip: 127.0.0.1, host: localhost, ports: [REPLICATION=45207, RATIS=36777, RATIS_ADMIN=36777, RATIS_SERVER=36777, STANDALONE=39283], networkLocation: /default-rack, certSerialId: null, persistedOpState: IN_SERVICE, persistedOpStateExpiryEpochSec: 0}, ReplicationConfig: RATIS/THREE, State:ALLOCATED, leaderId:8fa4ef72-0e52-420c-b0d5-60420e93c6a9, CreationTimestamp2021-07-03T01:52:52.999Z] moved to OPEN state
2021-07-03 01:53:16,375 [EventQueue-PipelineReportForPipelineReportHandler] INFO  ha.SCMHAInvocationHandler (SCMHAInvocationHandler.java:invokeRatis(113)) - Invoking method public abstract void org.apache.hadoop.hdds.scm.pipeline.StateManager.updatePipelineState(org.apache.hadoop.hdds.protocol.proto.HddsProtos$PipelineID,org.apache.hadoop.hdds.protocol.proto.HddsProtos$PipelineState) throws java.io.IOException on target org.apache.hadoop.hdds.scm.ha.SCMRatisServerImpl@2ad0d1a6, cost 204.802us
2021-07-03 01:53:16,376 [IPC Server handler 10 on default port 14517] INFO  net.NetworkTopologyImpl (NetworkTopologyImpl.java:add(112)) - Added a new node: /default-rack/8fa4ef72-0e52-420c-b0d5-60420e93c6a9
2021-07-03 01:53:16,378 [8fa4ef72-0e52-420c-b0d5-60420e93c6a9@group-0ABB88D0A2E0-LeaderElection31] INFO  grpc.GrpcConfigKeys (ConfUtils.java:logGet(44)) - raft.grpc.server.leader.outstanding.appends.max = 128 (default)
2021-07-03 01:53:16,378 [8fa4ef72-0e52-420c-b0d5-60420e93c6a9@group-0ABB88D0A2E0-LeaderElection31] INFO  server.RaftServerConfigKeys (ConfUtils.java:logGet(44)) - raft.server.rpc.request.timeout = 60s (custom)
2021-07-03 01:53:16,378 [8fa4ef72-0e52-420c-b0d5-60420e93c6a9@group-0ABB88D0A2E0-LeaderElection31] INFO  server.RaftServerConfigKeys (ConfUtils.java:logGet(44)) - raft.server.log.appender.install.snapshot.enabled = false (custom)
2021-07-03 01:53:16,379 [Listener at 127.0.0.1/11044] INFO  handler.ContextHandler (ContextHandler.java:doStart(916)) - Started o.e.j.w.WebAppContext@118bace5{scm,/,file:///home/runner/work/ozone/ozone/mnt/ozone/hadoop-ozone/integration-test/target/test-classes/webapps/scm/,AVAILABLE}{file:/home/runner/work/ozone/ozone/mnt/ozone/hadoop-ozone/integration-test/target/test-classes/webapps/scm}
2021-07-03 01:53:16,379 [8fa4ef72-0e52-420c-b0d5-60420e93c6a9@group-0ABB88D0A2E0-LeaderElection31] INFO  impl.RoleInfo (RoleInfo.java:updateAndGet(130)) - 8fa4ef72-0e52-420c-b0d5-60420e93c6a9: start 8fa4ef72-0e52-420c-b0d5-60420e93c6a9@group-0ABB88D0A2E0-LeaderStateImpl
2021-07-03 01:53:16,380 [IPC Server handler 10 on default port 14517] INFO  node.SCMNodeManager (SCMNodeManager.java:register(348)) - Registered Data node : 8fa4ef72-0e52-420c-b0d5-60420e93c6a9{ip: 127.0.0.1, host: localhost, ports: [REPLICATION=38391, RATIS=35781, RATIS_ADMIN=35781, RATIS_SERVER=35781, STANDALONE=36885], networkLocation: /default-rack, certSerialId: null, persistedOpState: null, persistedOpStateExpiryEpochSec: 0}
2021-07-03 01:53:16,381 [8fa4ef72-0e52-420c-b0d5-60420e93c6a9@group-0ABB88D0A2E0-LeaderElection31] INFO  segmented.SegmentedRaftLogWorker (SegmentedRaftLogWorker.java:startLogSegment(394)) - 8fa4ef72-0e52-420c-b0d5-60420e93c6a9@group-0ABB88D0A2E0-SegmentedRaftLogWorker: Starting segment from index:0
2021-07-03 01:53:16,382 [EventQueue-NodeRegistrationContainerReportForDataNodeSafeModeRule] INFO  safemode.SCMSafeModeManager (DataNodeSafeModeRule.java:process(71)) - SCM in safe mode. 1 DataNodes registered, 3 required.
2021-07-03 01:53:16,385 [8fa4ef72-0e52-420c-b0d5-60420e93c6a9@group-0ABB88D0A2E0-SegmentedRaftLogWorker] INFO  segmented.SegmentedRaftLogWorker (SegmentedRaftLogWorker.java:execute(601)) - 8fa4ef72-0e52-420c-b0d5-60420e93c6a9@group-0ABB88D0A2E0-SegmentedRaftLogWorker: created new log segment /home/runner/work/ozone/ozone/mnt/ozone/hadoop-ozone/integration-test/target/test-dir/MiniOzoneClusterImpl-6d7611b0-ac11-41e1-98f8-97ea473a16a6/datanode-2/data/ratis/24d4eb0a-6b75-4498-880f-0abb88d0a2e0/current/log_inprogress_0
2021-07-03 01:53:16,386 [EventQueue-PipelineReportForPipelineReportHandler] INFO  ha.SCMHAInvocationHandler (SCMHAInvocationHandler.java:invokeRatis(113)) - Invoking method public abstract void org.apache.hadoop.hdds.scm.pipeline.StateManager.updatePipelineState(org.apache.hadoop.hdds.protocol.proto.HddsProtos$PipelineID,org.apache.hadoop.hdds.protocol.proto.HddsProtos$PipelineState) throws java.io.IOException on target org.apache.hadoop.hdds.scm.ha.SCMRatisServerImpl@45a02fd2, cost 11859.291us
2021-07-03 01:53:16,386 [grpc-default-executor-4] INFO  ratis.XceiverServerRatis (XceiverServerRatis.java:handleLeaderChangedNotification(857)) - Leader change notification received for group: group-0ABB88D0A2E0 with new leaderId: 8fa4ef72-0e52-420c-b0d5-60420e93c6a9
2021-07-03 01:53:16,386 [grpc-default-executor-4] INFO  server.RaftServer$Division (ServerState.java:setLeader(271)) - ca9dc723-67a1-4a65-9480-66850f9b9d20@group-0ABB88D0A2E0: change Leader from null to 8fa4ef72-0e52-420c-b0d5-60420e93c6a9 at term 4 for appendEntries, leader elected after 20497ms
2021-07-03 01:53:16,387 [8fa4ef72-0e52-420c-b0d5-60420e93c6a9@group-0ABB88D0A2E0-LeaderElection31] INFO  server.RaftServer$Division (ServerState.java:setRaftConf(373)) - 8fa4ef72-0e52-420c-b0d5-60420e93c6a9@group-0ABB88D0A2E0: set configuration 0: [ca9dc723-67a1-4a65-9480-66850f9b9d20|rpc:127.0.0.1:37533|dataStream:|priority:0, 48a93f24-2ce5-44e8-b9e2-5628d9c2ac97|rpc:127.0.0.1:36777|dataStream:|priority:0, 8fa4ef72-0e52-420c-b0d5-60420e93c6a9|rpc:127.0.0.1:35781|dataStream:|priority:1], old=null
2021-07-03 01:53:16,389 [EventQueue-NewNodeForNewNodeHandler] INFO  pipeline.BackgroundPipelineCreator (BackgroundPipelineCreatorV2.java:notifyEventTriggered(279)) - ignore, not leader SCM.
2021-07-03 01:53:16,389 [EventQueue-NodeRegistrationContainerReportForContainerSafeModeRule] INFO  safemode.SCMSafeModeManager (SCMSafeModeManager.java:validateSafeModeExitRules(204)) - ContainerSafeModeRule rule is successfully validated
2021-07-03 01:53:16,389 [EventQueue-PipelineReportForOneReplicaPipelineSafeModeRule] INFO  safemode.SCMSafeModeManager (OneReplicaPipelineSafeModeRule.java:process(120)) - SCM in safe mode. Pipelines with at least one datanode reported count is 1, required at least one datanode reported per pipeline count is 1
2021-07-03 01:53:16,389 [Listener at 127.0.0.1/11044] INFO  server.AbstractConnector (AbstractConnector.java:doStart(331)) - Started ServerConnector@f5d20d8{HTTP/1.1, (http/1.1)}{0.0.0.0:14514}
2021-07-03 01:53:16,389 [Listener at 127.0.0.1/11044] INFO  server.Server (Server.java:doStart(415)) - Started @105691ms
2021-07-03 01:53:16,389 [Listener at 127.0.0.1/11044] WARN  impl.MetricsSystemImpl (MetricsSystemImpl.java:register(279)) - Sink prometheus already exists!
2021-07-03 01:53:16,391 [EventQueue-PipelineReportForOneReplicaPipelineSafeModeRule] INFO  safemode.SCMSafeModeManager (SCMSafeModeManager.java:validateSafeModeExitRules(204)) - AtleastOneDatanodeReportedRule rule is successfully validated
2021-07-03 01:53:16,391 [Listener at 127.0.0.1/11044] INFO  http.BaseHttpServer (BaseHttpServer.java:updateConnectorAddress(329)) - HTTP server of scm listening at http://0.0.0.0:14514
2021-07-03 01:53:16,391 [Listener at 127.0.0.1/11044] INFO  safemode.SCMSafeModeManager (SCMSafeModeManager.java:exitSafeMode(248)) - SCM exiting safe mode.
2021-07-03 01:53:16,391 [Listener at 127.0.0.1/11044] WARN  events.EventQueue (EventQueue.java:fireEvent(194)) - No event handler registered for event TypedEvent{payloadType=SafeModeStatus, name='Safe mode status'}
2021-07-03 01:53:16,391 [Listener at 127.0.0.1/11044] INFO  ha.SCMContext (SCMContext.java:updateSafeModeStatus(208)) - Update SafeModeStatus from SafeModeStatus{safeModeStatus=true, preCheckPassed=false} to SafeModeStatus{safeModeStatus=false, preCheckPassed=true}.
2021-07-03 01:53:16,397 [grpc-default-executor-2] INFO  ratis.XceiverServerRatis (XceiverServerRatis.java:handleLeaderChangedNotification(857)) - Leader change notification received for group: group-0ABB88D0A2E0 with new leaderId: 8fa4ef72-0e52-420c-b0d5-60420e93c6a9
2021-07-03 01:53:16,398 [grpc-default-executor-2] INFO  server.RaftServer$Division (ServerState.java:setLeader(271)) - 48a93f24-2ce5-44e8-b9e2-5628d9c2ac97@group-0ABB88D0A2E0: change Leader from null to 8fa4ef72-0e52-420c-b0d5-60420e93c6a9 at term 4 for appendEntries, leader elected after 20512ms
2021-07-03 01:53:16,401 [Listener at 127.0.0.1/11044] INFO  db.RDBCheckpointManager (RDBCheckpointManager.java:createCheckpoint(86)) - Created checkpoint at /home/runner/work/ozone/ozone/mnt/ozone/hadoop-ozone/integration-test/target/test-dir/MiniOzoneClusterImpl-6d7611b0-ac11-41e1-98f8-97ea473a16a6/scmNode-1/db.checkpoints/scm.db_checkpoint_1625277196391 in 10 milliseconds
2021-07-03 01:53:16,402 [grpc-default-executor-4] INFO  server.RaftServer$Division (ServerState.java:setRaftConf(373)) - ca9dc723-67a1-4a65-9480-66850f9b9d20@group-0ABB88D0A2E0: set configuration 0: [ca9dc723-67a1-4a65-9480-66850f9b9d20|rpc:127.0.0.1:37533|dataStream:|priority:0, 48a93f24-2ce5-44e8-b9e2-5628d9c2ac97|rpc:127.0.0.1:36777|dataStream:|priority:0, 8fa4ef72-0e52-420c-b0d5-60420e93c6a9|rpc:127.0.0.1:35781|dataStream:|priority:1], old=null
2021-07-03 01:53:16,402 [grpc-default-executor-4] INFO  segmented.SegmentedRaftLogWorker (SegmentedRaftLogWorker.java:startLogSegment(394)) - ca9dc723-67a1-4a65-9480-66850f9b9d20@group-0ABB88D0A2E0-SegmentedRaftLogWorker: Starting segment from index:0
2021-07-03 01:53:16,412 [bae6930e-8ae4-497b-9eaa-87fb2ec79d16@group-97EA473A16A6-StateMachineUpdater] INFO  ha.SCMStateMachine (SCMStateMachine.java:takeSnapshot(290)) - Current Snapshot Index 30, takeSnapshot took 0 ms
2021-07-03 01:53:16,412 [bae6930e-8ae4-497b-9eaa-87fb2ec79d16@group-97EA473A16A6-StateMachineUpdater] INFO  impl.StateMachineUpdater (StateMachineUpdater.java:takeSnapshot(281)) - bae6930e-8ae4-497b-9eaa-87fb2ec79d16@group-97EA473A16A6-StateMachineUpdater: Took a snapshot at index 30
2021-07-03 01:53:16,412 [bae6930e-8ae4-497b-9eaa-87fb2ec79d16@group-97EA473A16A6-StateMachineUpdater] INFO  impl.StateMachineUpdater (StateMachineUpdater.java:lambda$new$0(89)) - bae6930e-8ae4-497b-9eaa-87fb2ec79d16@group-97EA473A16A6-StateMachineUpdater: snapshotIndex: updateIncreasingly 25 -> 30
2021-07-03 01:53:16,413 [bae6930e-8ae4-497b-9eaa-87fb2ec79d16@group-97EA473A16A6-StateMachineUpdater] INFO  raftlog.RaftLog (RaftLogBase.java:purge(306)) - bae6930e-8ae4-497b-9eaa-87fb2ec79d16@group-97EA473A16A6-SegmentedRaftLog: purge 30
2021-07-03 01:53:16,413 [bae6930e-8ae4-497b-9eaa-87fb2ec79d16@group-97EA473A16A6-StateMachineUpdater] INFO  raftlog.RaftLog (RaftLogBase.java:lambda$new$0(53)) - bae6930e-8ae4-497b-9eaa-87fb2ec79d16@group-97EA473A16A6-SegmentedRaftLog: snapshotIndex: updateIncreasingly 25 -> 30
2021-07-03 01:53:16,413 [bae6930e-8ae4-497b-9eaa-87fb2ec79d16@group-97EA473A16A6-StateMachineUpdater] INFO  raftlog.RaftLog (RaftLogBase.java:lambda$new$0(53)) - bae6930e-8ae4-497b-9eaa-87fb2ec79d16@group-97EA473A16A6-SegmentedRaftLog: purgeIndex: updateToMax old=25, new=30, updated? true
2021-07-03 01:53:16,414 [ca9dc723-67a1-4a65-9480-66850f9b9d20@group-0ABB88D0A2E0-SegmentedRaftLogWorker] INFO  segmented.SegmentedRaftLogWorker (SegmentedRaftLogWorker.java:execute(601)) - ca9dc723-67a1-4a65-9480-66850f9b9d20@group-0ABB88D0A2E0-SegmentedRaftLogWorker: created new log segment /home/runner/work/ozone/ozone/mnt/ozone/hadoop-ozone/integration-test/target/test-dir/MiniOzoneClusterImpl-6d7611b0-ac11-41e1-98f8-97ea473a16a6/datanode-1/data/ratis/24d4eb0a-6b75-4498-880f-0abb88d0a2e0/current/log_inprogress_0
2021-07-03 01:53:16,415 [grpc-default-executor-2] INFO  server.RaftServer$Division (ServerState.java:setRaftConf(373)) - 48a93f24-2ce5-44e8-b9e2-5628d9c2ac97@group-0ABB88D0A2E0: set configuration 0: [ca9dc723-67a1-4a65-9480-66850f9b9d20|rpc:127.0.0.1:37533|dataStream:|priority:0, 48a93f24-2ce5-44e8-b9e2-5628d9c2ac97|rpc:127.0.0.1:36777|dataStream:|priority:0, 8fa4ef72-0e52-420c-b0d5-60420e93c6a9|rpc:127.0.0.1:35781|dataStream:|priority:1], old=null
2021-07-03 01:53:16,415 [grpc-default-executor-2] INFO  segmented.SegmentedRaftLogWorker (SegmentedRaftLogWorker.java:startLogSegment(394)) - 48a93f24-2ce5-44e8-b9e2-5628d9c2ac97@group-0ABB88D0A2E0-SegmentedRaftLogWorker: Starting segment from index:0
2021-07-03 01:53:16,424 [48a93f24-2ce5-44e8-b9e2-5628d9c2ac97@group-0ABB88D0A2E0-SegmentedRaftLogWorker] INFO  segmented.SegmentedRaftLogWorker (SegmentedRaftLogWorker.java:execute(601)) - 48a93f24-2ce5-44e8-b9e2-5628d9c2ac97@group-0ABB88D0A2E0-SegmentedRaftLogWorker: created new log segment /home/runner/work/ozone/ozone/mnt/ozone/hadoop-ozone/integration-test/target/test-dir/MiniOzoneClusterImpl-6d7611b0-ac11-41e1-98f8-97ea473a16a6/datanode-0/data/ratis/24d4eb0a-6b75-4498-880f-0abb88d0a2e0/current/log_inprogress_0
2021-07-03 01:53:16,425 [999e0e82-6253-4699-8a10-92babf97f634@group-97EA473A16A6-StateMachineUpdater] ERROR impl.StateMachineUpdater (StateMachineUpdater.java:run(191)) - 999e0e82-6253-4699-8a10-92babf97f634@group-97EA473A16A6-StateMachineUpdater caught a Throwable.
java.lang.IllegalStateException: 999e0e82-6253-4699-8a10-92babf97f634: Failed updateLastAppliedTermIndex: newTI = (t:2, i:28) < oldTI = (t:2, i:128)
	at org.apache.ratis.util.Preconditions.assertTrue(Preconditions.java:72)
	at org.apache.ratis.statemachine.impl.BaseStateMachine.updateLastAppliedTermIndex(BaseStateMachine.java:141)
	at org.apache.hadoop.hdds.scm.ha.SCMStateMachine.notifyTermIndexUpdated(SCMStateMachine.java:303)
	at org.apache.ratis.server.impl.RaftServerImpl.applyLogToStateMachine(RaftServerImpl.java:1668)
	at org.apache.ratis.server.impl.StateMachineUpdater.applyLog(StateMachineUpdater.java:234)
	at org.apache.ratis.server.impl.StateMachineUpdater.run(StateMachineUpdater.java:179)
	at java.lang.Thread.run(Thread.java:748)
2021-07-03 01:53:16,425 [999e0e82-6253-4699-8a10-92babf97f634@group-97EA473A16A6-StateMachineUpdater] INFO  server.RaftServer$Division (RaftServerImpl.java:lambda$close$4(406)) - 999e0e82-6253-4699-8a10-92babf97f634@group-97EA473A16A6: shutdown
2021-07-03 01:53:16,425 [999e0e82-6253-4699-8a10-92babf97f634@group-97EA473A16A6-StateMachineUpdater] INFO  util.JmxRegister (JmxRegister.java:unregister(73)) - Successfully un-registered JMX Bean with object name Ratis:service=RaftServer,group=group-97EA473A16A6,id=999e0e82-6253-4699-8a10-92babf97f634
2021-07-03 01:53:16,425 [999e0e82-6253-4699-8a10-92babf97f634@group-97EA473A16A6-StateMachineUpdater] INFO  impl.RoleInfo (RoleInfo.java:shutdownFollowerState(108)) - 999e0e82-6253-4699-8a10-92babf97f634: shutdown 999e0e82-6253-4699-8a10-92babf97f634@group-97EA473A16A6-FollowerState
2021-07-03 01:53:16,443 [999e0e82-6253-4699-8a10-92babf97f634@group-97EA473A16A6-StateMachineUpdater] INFO  ha.SCMStateMachine (HadoopExecutors.java:shutdown(118)) - Gracefully shutting down executor service. Waiting max 5 SECONDS
2021-07-03 01:53:16,443 [999e0e82-6253-4699-8a10-92babf97f634@group-97EA473A16A6-FollowerState] INFO  impl.FollowerState (FollowerState.java:run(143)) - 999e0e82-6253-4699-8a10-92babf97f634@group-97EA473A16A6-FollowerState was interrupted: {}
java.lang.InterruptedException: sleep interrupted
	at java.lang.Thread.sleep(Native Method)
	at java.lang.Thread.sleep(Thread.java:340)
	at java.util.concurrent.TimeUnit.sleep(TimeUnit.java:386)
	at org.apache.ratis.util.TimeDuration.sleep(TimeDuration.java:324)
	at org.apache.ratis.util.TimeDuration.sleep(TimeDuration.java:309)
	at org.apache.ratis.server.impl.FollowerState.run(FollowerState.java:118)
2021-07-03 01:53:16,443 [999e0e82-6253-4699-8a10-92babf97f634@group-97EA473A16A6-StateMachineUpdater] INFO  ha.SCMStateMachine (HadoopExecutors.java:shutdown(129)) - Succesfully shutdown executor service
2021-07-03 01:53:16,443 [999e0e82-6253-4699-8a10-92babf97f634@group-97EA473A16A6-StateMachineUpdater] INFO  metrics.RatisMetrics (RatisMetrics.java:unregister(43)) - Unregistering Metrics Registry : ratis.state_machine.999e0e82-6253-4699-8a10-92babf97f634@group-97EA473A16A6
2021-07-03 01:53:16,443 [999e0e82-6253-4699-8a10-92babf97f634@group-97EA473A16A6-StateMachineUpdater] INFO  server.RaftServer$Division (ServerState.java:close(405)) - 999e0e82-6253-4699-8a10-92babf97f634@group-97EA473A16A6: closes. applyIndex: 28
2021-07-03 01:53:16,443 [999e0e82-6253-4699-8a10-92babf97f634@group-97EA473A16A6-SegmentedRaftLogWorker] INFO  segmented.SegmentedRaftLogWorker (SegmentedRaftLogWorker.java:run(327)) - 999e0e82-6253-4699-8a10-92babf97f634@group-97EA473A16A6-SegmentedRaftLogWorker was interrupted, exiting. There are 0 tasks remaining in the queue.
2021-07-03 01:53:16,446 [999e0e82-6253-4699-8a10-92babf97f634@group-97EA473A16A6-StateMachineUpdater] INFO  segmented.SegmentedRaftLogWorker (SegmentedRaftLogWorker.java:close(237)) - 999e0e82-6253-4699-8a10-92babf97f634@group-97EA473A16A6-SegmentedRaftLogWorker close()
2021-07-03 01:53:16,448 [999e0e82-6253-4699-8a10-92babf97f634@group-97EA473A16A6-StateMachineUpdater] INFO  metrics.RatisMetrics (RatisMetrics.java:unregister(43)) - Unregistering Metrics Registry : ratis.log_worker.999e0e82-6253-4699-8a10-92babf97f634@group-97EA473A16A6
2021-07-03 01:53:16,448 [999e0e82-6253-4699-8a10-92babf97f634@group-97EA473A16A6-StateMachineUpdater] INFO  metrics.RatisMetrics (RatisMetrics.java:unregister(43)) - Unregistering Metrics Registry : ratis.leader_election.999e0e82-6253-4699-8a10-92babf97f634@group-97EA473A16A6
2021-07-03 01:53:16,449 [999e0e82-6253-4699-8a10-92babf97f634@group-97EA473A16A6-StateMachineUpdater] INFO  metrics.RatisMetrics (RatisMetrics.java:unregister(43)) - Unregistering Metrics Registry : ratis.server.999e0e82-6253-4699-8a10-92babf97f634@group-97EA473A16A6
2021-07-03 01:53:16,466 [Listener at 127.0.0.1/11044] INFO  ha.SCMHAManagerImpl (SCMHAManagerImpl.java:installCheckpoint(227)) - Installing checkpoint with SCMTransactionInfo 2#25
2021-07-03 01:53:16,466 [Listener at 127.0.0.1/11044] WARN  ha.SCMHAManagerImpl (SCMHAManagerImpl.java:installCheckpoint(240)) - Cannot proceed with InstallSnapshot as SCM is at TermIndex (t:2, i:28) and checkpoint has lower TermIndex (t:2, i:25). Reloading old state of SCM.
2021-07-03 01:53:16,470 [Listener at 127.0.0.1/11044] INFO  ozone.MiniOzoneClusterImpl (MiniOzoneClusterImpl.java:shutdown(445)) - Shutting down the Mini Ozone Cluster
2021-07-03 01:53:16,470 [Listener at 127.0.0.1/11044] INFO  ozone.MiniOzoneHAClusterImpl (MiniOzoneHAClusterImpl.java:stop(288)) - Stopping the OzoneManager omNode-1
2021-07-03 01:53:16,470 [Listener at 127.0.0.1/11044] INFO  ipc.Server (Server.java:stop(3403)) - Stopping server on 11044
2021-07-03 01:53:16,481 [IPC Server listener on 11044] INFO  ipc.Server (Server.java:run(1366)) - Stopping IPC Server listener on 11044
2021-07-03 01:53:16,481 [IPC Server Responder] INFO  ipc.Server (Server.java:run(1502)) - Stopping IPC Server Responder
2021-07-03 01:53:16,481 [Listener at 127.0.0.1/11044] INFO  server.RaftServer (RaftServerProxy.java:lambda$close$6(391)) - omNode-1: close
2021-07-03 01:53:16,482 [Listener at 127.0.0.1/11044] INFO  server.RaftServer$Division (RaftServerImpl.java:lambda$close$4(406)) - omNode-1@group-523986131536: shutdown
2021-07-03 01:53:16,482 [Listener at 127.0.0.1/11044] INFO  util.JmxRegister (JmxRegister.java:unregister(73)) - Successfully un-registered JMX Bean with object name Ratis:service=RaftServer,group=group-523986131536,id=omNode-1
2021-07-03 01:53:16,482 [Listener at 127.0.0.1/11044] INFO  impl.RoleInfo (RoleInfo.java:shutdownLeaderState(91)) - omNode-1: shutdown omNode-1@group-523986131536-LeaderStateImpl
2021-07-03 01:53:16,482 [Listener at 127.0.0.1/11044] INFO  impl.PendingRequests (PendingRequests.java:sendNotLeaderResponses(249)) - omNode-1@group-523986131536-PendingRequests: sendNotLeaderResponses
2021-07-03 01:53:16,482 [Listener at 127.0.0.1/11044] INFO  metrics.RatisMetrics (RatisMetrics.java:unregister(43)) - Unregistering Metrics Registry : ratis.log_appender.omNode-1@group-523986131536
2021-07-03 01:53:16,483 [Listener at 127.0.0.1/11044] INFO  metrics.RatisMetrics (RatisMetrics.java:unregister(43)) - Unregistering Metrics Registry : ratis.server.omNode-1@group-523986131536
2021-07-03 01:53:16,483 [Listener at 127.0.0.1/11044] INFO  impl.StateMachineUpdater (StateMachineUpdater.java:stopAndJoin(149)) - omNode-1@group-523986131536-StateMachineUpdater: set stopIndex = 0
2021-07-03 01:53:16,485 [omNode-1@group-523986131536-StateMachineUpdater] INFO  ratis.OzoneManagerStateMachine (OzoneManagerStateMachine.java:takeSnapshot(347)) - Current Snapshot Index (t:1, i:0)
2021-07-03 01:53:16,485 [omNode-1@group-523986131536-StateMachineUpdater] INFO  impl.StateMachineUpdater (StateMachineUpdater.java:takeSnapshot(281)) - omNode-1@group-523986131536-StateMachineUpdater: Took a snapshot at index 0
2021-07-03 01:53:16,485 [omNode-1@group-523986131536-StateMachineUpdater] INFO  impl.StateMachineUpdater (StateMachineUpdater.java:lambda$new$0(89)) - omNode-1@group-523986131536-StateMachineUpdater: snapshotIndex: updateIncreasingly -1 -> 0
2021-07-03 01:53:16,485 [omNode-1@group-523986131536-StateMachineUpdater] INFO  metrics.RatisMetrics (RatisMetrics.java:unregister(43)) - Unregistering Metrics Registry : ratis.state_machine.omNode-1@group-523986131536
2021-07-03 01:53:16,486 [Listener at 127.0.0.1/11044] INFO  server.RaftServer$Division (ServerState.java:close(405)) - omNode-1@group-523986131536: closes. applyIndex: 0
2021-07-03 01:53:16,486 [omNode-1@group-523986131536-SegmentedRaftLogWorker] INFO  segmented.SegmentedRaftLogWorker (SegmentedRaftLogWorker.java:run(327)) - omNode-1@group-523986131536-SegmentedRaftLogWorker was interrupted, exiting. There are 0 tasks remaining in the queue.
2021-07-03 01:53:16,487 [Listener at 127.0.0.1/11044] INFO  segmented.SegmentedRaftLogWorker (SegmentedRaftLogWorker.java:close(237)) - omNode-1@group-523986131536-SegmentedRaftLogWorker close()
2021-07-03 01:53:16,490 [Listener at 127.0.0.1/11044] INFO  metrics.RatisMetrics (RatisMetrics.java:unregister(43)) - Unregistering Metrics Registry : ratis.log_worker.omNode-1@group-523986131536
2021-07-03 01:53:16,491 [Listener at 127.0.0.1/11044] INFO  metrics.RatisMetrics (RatisMetrics.java:unregister(43)) - Unregistering Metrics Registry : ratis.leader_election.omNode-1@group-523986131536
2021-07-03 01:53:16,491 [Listener at 127.0.0.1/11044] INFO  metrics.RatisMetrics (RatisMetrics.java:unregister(43)) - Unregistering Metrics Registry : ratis.server.omNode-1@group-523986131536
2021-07-03 01:53:16,491 [Listener at 127.0.0.1/11044] INFO  server.GrpcService (GrpcService.java:closeImpl(262)) - omNode-1: shutdown server with port 11048 now
2021-07-03 01:53:16,493 [Listener at 127.0.0.1/11044] INFO  server.GrpcService (GrpcService.java:closeImpl(271)) - omNode-1: shutdown server with port 11048 successfully
2021-07-03 01:53:16,494 [org.apache.ratis.util.JvmPauseMonitor$$Lambda$493/611739613@3228b5a1] INFO  util.JvmPauseMonitor (JvmPauseMonitor.java:run(109)) - JvmPauseMonitor-omNode-1: Stopped
2021-07-03 01:53:16,494 [Listener at 127.0.0.1/11044] INFO  ratis.OzoneManagerDoubleBuffer (OzoneManagerDoubleBuffer.java:stop(426)) - Stopping OMDoubleBuffer flush thread
2021-07-03 01:53:16,494 [OMDoubleBufferFlushThread] INFO  ratis.OzoneManagerDoubleBuffer (OzoneManagerDoubleBuffer.java:flushTransactions(353)) - OMDoubleBuffer flush thread OMDoubleBufferFlushThread is interrupted and will exit. OMDoubleBufferFlushThread
2021-07-03 01:53:16,495 [Listener at 127.0.0.1/11044] INFO  ratis.OzoneManagerStateMachine (HadoopExecutors.java:shutdown(118)) - Gracefully shutting down executor service. Waiting max 5 SECONDS
2021-07-03 01:53:16,495 [Listener at 127.0.0.1/11044] INFO  ratis.OzoneManagerStateMachine (HadoopExecutors.java:shutdown(129)) - Succesfully shutdown executor service
2021-07-03 01:53:16,495 [Listener at 127.0.0.1/11044] INFO  ratis.OzoneManagerStateMachine (HadoopExecutors.java:shutdown(118)) - Gracefully shutting down executor service. Waiting max 5 SECONDS
2021-07-03 01:53:16,495 [Listener at 127.0.0.1/11044] INFO  ratis.OzoneManagerStateMachine (HadoopExecutors.java:shutdown(129)) - Succesfully shutdown executor service
2021-07-03 01:53:16,496 [Listener at 127.0.0.1/11044] INFO  utils.BackgroundService (BackgroundService.java:shutdown(132)) - Shutting down service KeyDeletingService
2021-07-03 01:53:16,497 [Listener at 127.0.0.1/11044] INFO  handler.ContextHandler (ContextHandler.java:doStop(1154)) - Stopped o.e.j.w.WebAppContext@53b52f30{ozoneManager,/,null,STOPPED}{file:/home/runner/work/ozone/ozone/mnt/ozone/hadoop-ozone/integration-test/target/test-classes/webapps/ozoneManager}
2021-07-03 01:53:16,502 [Listener at 127.0.0.1/11044] INFO  server.AbstractConnector (AbstractConnector.java:doStop(381)) - Stopped ServerConnector@54856056{HTTP/1.1, (http/1.1)}{0.0.0.0:11046}
2021-07-03 01:53:16,503 [Listener at 127.0.0.1/11044] INFO  server.session (HouseKeeper.java:stopScavenging(149)) - node0 Stopped scavenging
2021-07-03 01:53:16,506 [Listener at 127.0.0.1/11044] INFO  handler.ContextHandler (ContextHandler.java:doStop(1154)) - Stopped o.e.j.s.ServletContextHandler@f9769ae{static,/static,file:///home/runner/work/ozone/ozone/mnt/ozone/hadoop-ozone/integration-test/target/test-classes/webapps/static,STOPPED}
2021-07-03 01:53:16,506 [Listener at 127.0.0.1/11044] INFO  handler.ContextHandler (ContextHandler.java:doStop(1154)) - Stopped o.e.j.s.ServletContextHandler@698cc99d{logs,/logs,file:///home/runner/work/ozone/ozone/mnt/ozone/hadoop-ozone/integration-test/target/log,STOPPED}
2021-07-03 01:53:16,509 [Listener at 127.0.0.1/11044] INFO  ozone.MiniOzoneHAClusterImpl (MiniOzoneHAClusterImpl.java:stop(296)) - Stopping the StorageContainerManager 999e0e82-6253-4699-8a10-92babf97f634
2021-07-03 01:53:16,509 [Listener at 127.0.0.1/11044] INFO  server.StorageContainerManager (StorageContainerManager.java:stop(1306)) - Stopping Replication Manager Service.
2021-07-03 01:53:16,510 [Listener at 127.0.0.1/11044] INFO  container.ReplicationManager (ReplicationManager.java:stop(260)) - Stopping Replication Monitor Thread.
2021-07-03 01:53:16,510 [Listener at 127.0.0.1/11044] INFO  server.StorageContainerManager (StorageContainerManager.java:stop(1313)) - Stopping the Datanode Admin Monitor.
2021-07-03 01:53:16,511 [Listener at 127.0.0.1/11044] INFO  server.StorageContainerManager (StorageContainerManager.java:stop(1320)) - Stopping Lease Manager of the command watchers
2021-07-03 01:53:16,511 [Listener at 127.0.0.1/11044] INFO  server.StorageContainerManager (StorageContainerManager.java:stop(1327)) - Stopping datanode service RPC server
2021-07-03 01:53:16,511 [Listener at 127.0.0.1/11044] INFO  server.SCMDatanodeProtocolServer (SCMDatanodeProtocolServer.java:stop(377)) - Stopping the RPC server for DataNodes
2021-07-03 01:53:16,511 [Listener at 127.0.0.1/11044] INFO  ipc.Server (Server.java:stop(3403)) - Stopping server on 14517
2021-07-03 01:53:16,512 [IPC Server listener on 14517] INFO  ipc.Server (Server.java:run(1366)) - Stopping IPC Server listener on 14517
2021-07-03 01:53:16,521 [IPC Server Responder] INFO  ipc.Server (Server.java:run(1502)) - Stopping IPC Server Responder
2021-07-03 01:53:16,546 [EndpointStateMachine task thread for /127.0.0.1:13935 - 0 ] INFO  ipc.Client (Client.java:handleConnectionFailure(966)) - Retrying connect to server: localhost/127.0.0.1:13935. Already tried 5 time(s); retry policy is RetryUpToMaximumCountWithFixedSleep(maxRetries=15, sleepTime=1000 MILLISECONDS)
2021-07-03 01:53:16,546 [EndpointStateMachine task thread for /127.0.0.1:13925 - 0 ] INFO  ipc.Client (Client.java:handleConnectionFailure(966)) - Retrying connect to server: localhost/127.0.0.1:13925. Already tried 7 time(s); retry policy is RetryUpToMaximumCountWithFixedSleep(maxRetries=15, sleepTime=1000 MILLISECONDS)
2021-07-03 01:53:16,547 [EndpointStateMachine task thread for /127.0.0.1:13945 - 0 ] INFO  ipc.Client (Client.java:handleConnectionFailure(966)) - Retrying connect to server: localhost/127.0.0.1:13945. Already tried 4 time(s); retry policy is RetryUpToMaximumCountWithFixedSleep(maxRetries=15, sleepTime=1000 MILLISECONDS)
2021-07-03 01:53:16,550 [SCM Heartbeat Processing Thread - 0] WARN  node.NodeStateManager (NodeStateManager.java:scheduleNextHealthCheck(688)) - Current Thread is interrupted, shutting down HB processing thread for Node Manager.
2021-07-03 01:53:16,553 [Listener at 127.0.0.1/11044] INFO  server.StorageContainerManager (StorageContainerManager.java:stop(1335)) - Stopping block service RPC server
2021-07-03 01:53:16,553 [Listener at 127.0.0.1/11044] INFO  server.SCMBlockProtocolServer (SCMBlockProtocolServer.java:stop(160)) - Stopping the RPC server for Block Protocol
2021-07-03 01:53:16,553 [Listener at 127.0.0.1/11044] INFO  ipc.Server (Server.java:stop(3403)) - Stopping server on 14518
2021-07-03 01:53:16,555 [IPC Server listener on 14518] INFO  ipc.Server (Server.java:run(1366)) - Stopping IPC Server listener on 14518
2021-07-03 01:53:16,556 [Listener at 127.0.0.1/11044] INFO  server.StorageContainerManager (StorageContainerManager.java:stop(1342)) - Stopping the StorageContainerLocationProtocol RPC server
2021-07-03 01:53:16,556 [Listener at 127.0.0.1/11044] INFO  server.SCMClientProtocolServer (SCMClientProtocolServer.java:stop(172)) - Stopping the RPC server for Client Protocol
2021-07-03 01:53:16,556 [Listener at 127.0.0.1/11044] INFO  ipc.Server (Server.java:stop(3403)) - Stopping server on 14519
2021-07-03 01:53:16,557 [IPC Server Responder] INFO  ipc.Server (Server.java:run(1502)) - Stopping IPC Server Responder
2021-07-03 01:53:16,559 [IPC Server Responder] INFO  ipc.Server (Server.java:run(1502)) - Stopping IPC Server Responder
2021-07-03 01:53:16,559 [Listener at 127.0.0.1/11044] INFO  server.StorageContainerManager (StorageContainerManager.java:stop(1349)) - Stopping Storage Container Manager HTTP server.
2021-07-03 01:53:16,559 [IPC Server listener on 14519] INFO  ipc.Server (Server.java:run(1366)) - Stopping IPC Server listener on 14519
2021-07-03 01:53:16,560 [Listener at 127.0.0.1/11044] INFO  handler.ContextHandler (ContextHandler.java:doStop(1154)) - Stopped o.e.j.w.WebAppContext@118bace5{scm,/,null,STOPPED}{file:/home/runner/work/ozone/ozone/mnt/ozone/hadoop-ozone/integration-test/target/test-classes/webapps/scm}
2021-07-03 01:53:16,561 [Listener at 127.0.0.1/11044] INFO  server.AbstractConnector (AbstractConnector.java:doStop(381)) - Stopped ServerConnector@f5d20d8{HTTP/1.1, (http/1.1)}{0.0.0.0:14514}
2021-07-03 01:53:16,562 [Listener at 127.0.0.1/11044] INFO  server.session (HouseKeeper.java:stopScavenging(149)) - node0 Stopped scavenging
2021-07-03 01:53:16,562 [Listener at 127.0.0.1/11044] INFO  handler.ContextHandler (ContextHandler.java:doStop(1154)) - Stopped o.e.j.s.ServletContextHandler@7df7b502{static,/static,file:///home/runner/work/ozone/ozone/mnt/ozone/hadoop-ozone/integration-test/target/test-classes/webapps/static,STOPPED}
2021-07-03 01:53:16,562 [Listener at 127.0.0.1/11044] INFO  handler.ContextHandler (ContextHandler.java:doStop(1154)) - Stopped o.e.j.s.ServletContextHandler@4840e7{logs,/logs,file:///home/runner/work/ozone/ozone/mnt/ozone/hadoop-ozone/integration-test/target/log,STOPPED}
2021-07-03 01:53:16,563 [Listener at 127.0.0.1/11044] INFO  server.StorageContainerManager (StorageContainerManager.java:stop(1360)) - Stopping Block Manager Service.
2021-07-03 01:53:16,563 [Listener at 127.0.0.1/11044] INFO  utils.BackgroundService (BackgroundService.java:shutdown(132)) - Shutting down service SCMBlockDeletingService
2021-07-03 01:53:16,564 [Listener at 127.0.0.1/11044] INFO  utils.BackgroundService (BackgroundService.java:shutdown(132)) - Shutting down service SCMBlockDeletingService
2021-07-03 01:53:16,564 [Listener at 127.0.0.1/11044] INFO  server.StorageContainerManager (StorageContainerManager.java:stop(1387)) - Stopping SCM Event Queue.
2021-07-03 01:53:16,565 [Listener at 127.0.0.1/11044] INFO  ha.SCMRatisServerImpl (SCMRatisServerImpl.java:stop(226)) - stopping ratis server 0.0.0.0:14516
2021-07-03 01:53:16,565 [Listener at 127.0.0.1/11044] INFO  server.RaftServer (RaftServerProxy.java:lambda$close$6(391)) - 999e0e82-6253-4699-8a10-92babf97f634: close
2021-07-03 01:53:16,566 [Listener at 127.0.0.1/11044] INFO  server.GrpcService (GrpcService.java:closeImpl(262)) - 999e0e82-6253-4699-8a10-92babf97f634: shutdown server with port 14516 now
2021-07-03 01:53:16,573 [Listener at 127.0.0.1/11044] INFO  server.GrpcService (GrpcService.java:closeImpl(271)) - 999e0e82-6253-4699-8a10-92babf97f634: shutdown server with port 14516 successfully
2021-07-03 01:53:16,573 [org.apache.ratis.util.JvmPauseMonitor$$Lambda$493/611739613@7e9ffdff] INFO  util.JvmPauseMonitor (JvmPauseMonitor.java:run(109)) - JvmPauseMonitor-999e0e82-6253-4699-8a10-92babf97f634: Stopped
2021-07-03 01:53:16,574 [Listener at 127.0.0.1/11044] INFO  ha.SCMStateMachine (HadoopExecutors.java:shutdown(118)) - Gracefully shutting down executor service. Waiting max 5 SECONDS
2021-07-03 01:53:16,574 [Listener at 127.0.0.1/11044] INFO  ha.SCMStateMachine (HadoopExecutors.java:shutdown(129)) - Succesfully shutdown executor service
2021-07-03 01:53:16,574 [grpc-default-executor-4] WARN  server.GrpcServerProtocolService (LogUtils.java:warn(122)) - 999e0e82-6253-4699-8a10-92babf97f634: installSnapshot onError, lastRequest: bae6930e-8ae4-497b-9eaa-87fb2ec79d16->999e0e82-6253-4699-8a10-92babf97f634#34-t2,previous=(t:2, i:29),leaderCommit=29,initializing? true,entries: size=1, first=(t:2, i:30), METADATAENTRY(c:29): org.apache.ratis.thirdparty.io.grpc.StatusRuntimeException: CANCELLED: client cancelled
2021-07-03 01:53:16,574 [Listener at 127.0.0.1/11044] INFO  pipeline.BackgroundPipelineCreator (BackgroundPipelineCreatorV2.java:stop(158)) - Stopping RatisPipelineUtilsThread.
2021-07-03 01:53:16,575 [Listener at 127.0.0.1/11044] INFO  impl.MetricsSystemImpl (MetricsSystemImpl.java:stop(210)) - Stopping StorageContainerManager metrics system...
2021-07-03 01:53:16,577 [prometheus] INFO  impl.MetricsSinkAdapter (MetricsSinkAdapter.java:publishMetricsFromQueue(141)) - prometheus thread interrupted.
2021-07-03 01:53:16,578 [Listener at 127.0.0.1/11044] INFO  impl.MetricsSystemImpl (MetricsSystemImpl.java:stop(216)) - StorageContainerManager metrics system stopped.
2021-07-03 01:53:16,579 [Listener at 127.0.0.1/11044] INFO  ozone.MiniOzoneHAClusterImpl (MiniOzoneHAClusterImpl.java:stop(296)) - Stopping the StorageContainerManager bae6930e-8ae4-497b-9eaa-87fb2ec79d16
2021-07-03 01:53:16,579 [Listener at 127.0.0.1/11044] INFO  server.StorageContainerManager (StorageContainerManager.java:stop(1306)) - Stopping Replication Manager Service.
2021-07-03 01:53:16,579 [Listener at 127.0.0.1/11044] INFO  container.ReplicationManager (ReplicationManager.java:stop(260)) - Stopping Replication Monitor Thread.
2021-07-03 01:53:16,579 [Listener at 127.0.0.1/11044] INFO  server.StorageContainerManager (StorageContainerManager.java:stop(1313)) - Stopping the Datanode Admin Monitor.
2021-07-03 01:53:16,579 [grpc-default-executor-4] WARN  server.GrpcLogAppender (LogUtils.java:warn(122)) - bae6930e-8ae4-497b-9eaa-87fb2ec79d16@group-97EA473A16A6->999e0e82-6253-4699-8a10-92babf97f634-AppendLogResponseHandler: Failed appendEntries: org.apache.ratis.thirdparty.io.grpc.StatusRuntimeException: CANCELLED: HTTP/2 error code: CANCEL
Received Rst Stream
2021-07-03 01:53:16,579 [Listener at 127.0.0.1/11044] INFO  server.StorageContainerManager (StorageContainerManager.java:stop(1320)) - Stopping Lease Manager of the command watchers
2021-07-03 01:53:16,579 [grpc-default-executor-4] INFO  leader.FollowerInfo (FollowerInfoImpl.java:lambda$new$0(46)) - bae6930e-8ae4-497b-9eaa-87fb2ec79d16@group-97EA473A16A6->999e0e82-6253-4699-8a10-92babf97f634: nextIndex: updateUnconditionally 31 -> 30
2021-07-03 01:53:16,580 [Listener at 127.0.0.1/11044] INFO  server.StorageContainerManager (StorageContainerManager.java:stop(1327)) - Stopping datanode service RPC server
2021-07-03 01:53:16,580 [Listener at 127.0.0.1/11044] INFO  server.SCMDatanodeProtocolServer (SCMDatanodeProtocolServer.java:stop(377)) - Stopping the RPC server for DataNodes
2021-07-03 01:53:16,580 [Listener at 127.0.0.1/11044] INFO  ipc.Server (Server.java:stop(3403)) - Stopping server on 14497
2021-07-03 01:53:16,585 [IPC Server Responder] INFO  ipc.Server (Server.java:run(1502)) - Stopping IPC Server Responder
2021-07-03 01:53:16,585 [IPC Server listener on 14497] INFO  ipc.Server (Server.java:run(1366)) - Stopping IPC Server listener on 14497
2021-07-03 01:53:16,589 [grpc-default-executor-2] WARN  server.GrpcLogAppender (LogUtils.java:warn(122)) - bae6930e-8ae4-497b-9eaa-87fb2ec79d16@group-97EA473A16A6->999e0e82-6253-4699-8a10-92babf97f634-AppendLogResponseHandler: Failed appendEntries: org.apache.ratis.thirdparty.io.grpc.StatusRuntimeException: UNAVAILABLE: io exception
2021-07-03 01:53:16,590 [grpc-default-executor-2] INFO  leader.FollowerInfo (FollowerInfoImpl.java:lambda$new$0(46)) - bae6930e-8ae4-497b-9eaa-87fb2ec79d16@group-97EA473A16A6->999e0e82-6253-4699-8a10-92babf97f634: nextIndex: updateUnconditionally 31 -> 30
2021-07-03 01:53:16,831 [EndpointStateMachine task thread for /127.0.0.1:14497 - 0 ] WARN  statemachine.EndpointStateMachine (EndpointStateMachine.java:logIfNeeded(236)) - Unable to communicate to SCM server at localhost:14497 for past 0 seconds.
java.io.EOFException: End of File Exception between local host is: "fv-az12-896/10.1.0.32"; destination host is: "localhost":14497; : java.io.EOFException; For more details see:  http://wiki.apache.org/hadoop/EOFException
	at sun.reflect.NativeConstructorAccessorImpl.newInstance0(Native Method)
	at sun.reflect.NativeConstructorAccessorImpl.newInstance(NativeConstructorAccessorImpl.java:62)
	at sun.reflect.DelegatingConstructorAccessorImpl.newInstance(DelegatingConstructorAccessorImpl.java:45)
	at java.lang.reflect.Constructor.newInstance(Constructor.java:423)
	at org.apache.hadoop.net.NetUtils.wrapWithMessage(NetUtils.java:836)
	at org.apache.hadoop.net.NetUtils.wrapException(NetUtils.java:794)
	at org.apache.hadoop.ipc.Client.getRpcResponse(Client.java:1566)
	at org.apache.hadoop.ipc.Client.call(Client.java:1508)
	at org.apache.hadoop.ipc.Client.call(Client.java:1405)
	at org.apache.hadoop.ipc.ProtobufRpcEngine$Invoker.invoke(ProtobufRpcEngine.java:233)
	at org.apache.hadoop.ipc.ProtobufRpcEngine$Invoker.invoke(ProtobufRpcEngine.java:118)
	at com.sun.proxy.$Proxy45.submitRequest(Unknown Source)
	at org.apache.hadoop.ozone.protocolPB.StorageContainerDatanodeProtocolClientSideTranslatorPB.submitRequest(StorageContainerDatanodeProtocolClientSideTranslatorPB.java:117)
	at org.apache.hadoop.ozone.protocolPB.StorageContainerDatanodeProtocolClientSideTranslatorPB.sendHeartbeat(StorageContainerDatanodeProtocolClientSideTranslatorPB.java:149)
	at org.apache.hadoop.ozone.container.common.states.endpoint.HeartbeatEndpointTask.call(HeartbeatEndpointTask.java:146)
	at org.apache.hadoop.ozone.container.common.states.endpoint.HeartbeatEndpointTask.call(HeartbeatEndpointTask.java:77)
	at java.util.concurrent.FutureTask.run(FutureTask.java:266)
	at java.util.concurrent.ThreadPoolExecutor.runWorker(ThreadPoolExecutor.java:1149)
	at java.util.concurrent.ThreadPoolExecutor$Worker.run(ThreadPoolExecutor.java:624)
	at java.lang.Thread.run(Thread.java:748)
Caused by: java.io.EOFException
	at java.io.DataInputStream.readInt(DataInputStream.java:392)
	at org.apache.hadoop.ipc.Client$IpcStreams.readResponse(Client.java:1880)
	at org.apache.hadoop.ipc.Client$Connection.receiveRpcResponse(Client.java:1191)
	at org.apache.hadoop.ipc.Client$Connection.run(Client.java:1087)
2021-07-03 01:53:16,833 [EndpointStateMachine task thread for /127.0.0.1:14517 - 0 ] WARN  statemachine.EndpointStateMachine (EndpointStateMachine.java:logIfNeeded(236)) - Unable to communicate to SCM server at localhost:14517 for past 0 seconds.
java.io.EOFException: End of File Exception between local host is: "fv-az12-896/10.1.0.32"; destination host is: "localhost":14517; : java.io.EOFException; For more details see:  http://wiki.apache.org/hadoop/EOFException
	at sun.reflect.NativeConstructorAccessorImpl.newInstance0(Native Method)
	at sun.reflect.NativeConstructorAccessorImpl.newInstance(NativeConstructorAccessorImpl.java:62)
	at sun.reflect.DelegatingConstructorAccessorImpl.newInstance(DelegatingConstructorAccessorImpl.java:45)
	at java.lang.reflect.Constructor.newInstance(Constructor.java:423)
	at org.apache.hadoop.net.NetUtils.wrapWithMessage(NetUtils.java:836)
	at org.apache.hadoop.net.NetUtils.wrapException(NetUtils.java:794)
	at org.apache.hadoop.ipc.Client.getRpcResponse(Client.java:1566)
	at org.apache.hadoop.ipc.Client.call(Client.java:1508)
	at org.apache.hadoop.ipc.Client.call(Client.java:1405)
	at org.apache.hadoop.ipc.ProtobufRpcEngine$Invoker.invoke(ProtobufRpcEngine.java:233)
	at org.apache.hadoop.ipc.ProtobufRpcEngine$Invoker.invoke(ProtobufRpcEngine.java:118)
	at com.sun.proxy.$Proxy45.submitRequest(Unknown Source)
	at org.apache.hadoop.ozone.protocolPB.StorageContainerDatanodeProtocolClientSideTranslatorPB.submitRequest(StorageContainerDatanodeProtocolClientSideTranslatorPB.java:117)
	at org.apache.hadoop.ozone.protocolPB.StorageContainerDatanodeProtocolClientSideTranslatorPB.register(StorageContainerDatanodeProtocolClientSideTranslatorPB.java:175)
	at org.apache.hadoop.ozone.container.common.states.endpoint.RegisterEndpointTask.call(RegisterEndpointTask.java:122)
	at org.apache.hadoop.ozone.container.common.states.endpoint.RegisterEndpointTask.call(RegisterEndpointTask.java:47)
	at java.util.concurrent.FutureTask.run(FutureTask.java:266)
	at java.util.concurrent.ThreadPoolExecutor.runWorker(ThreadPoolExecutor.java:1149)
	at java.util.concurrent.ThreadPoolExecutor$Worker.run(ThreadPoolExecutor.java:624)
	at java.lang.Thread.run(Thread.java:748)
Caused by: java.io.EOFException
	at java.io.DataInputStream.readInt(DataInputStream.java:392)
	at org.apache.hadoop.ipc.Client$IpcStreams.readResponse(Client.java:1880)
	at org.apache.hadoop.ipc.Client$Connection.receiveRpcResponse(Client.java:1191)
	at org.apache.hadoop.ipc.Client$Connection.run(Client.java:1087)
2021-07-03 01:53:17,547 [EndpointStateMachine task thread for /127.0.0.1:13935 - 0 ] INFO  ipc.Client (Client.java:handleConnectionFailure(966)) - Retrying connect to server: localhost/127.0.0.1:13935. Already tried 6 time(s); retry policy is RetryUpToMaximumCountWithFixedSleep(maxRetries=15, sleepTime=1000 MILLISECONDS)
2021-07-03 01:53:17,547 [EndpointStateMachine task thread for /127.0.0.1:13945 - 0 ] INFO  ipc.Client (Client.java:handleConnectionFailure(966)) - Retrying connect to server: localhost/127.0.0.1:13945. Already tried 5 time(s); retry policy is RetryUpToMaximumCountWithFixedSleep(maxRetries=15, sleepTime=1000 MILLISECONDS)
2021-07-03 01:53:17,547 [EndpointStateMachine task thread for /127.0.0.1:13925 - 0 ] INFO  ipc.Client (Client.java:handleConnectionFailure(966)) - Retrying connect to server: localhost/127.0.0.1:13925. Already tried 8 time(s); retry policy is RetryUpToMaximumCountWithFixedSleep(maxRetries=15, sleepTime=1000 MILLISECONDS)
2021-07-03 01:53:17,658 [SCM Heartbeat Processing Thread - 0] WARN  node.NodeStateManager (NodeStateManager.java:scheduleNextHealthCheck(688)) - Current Thread is interrupted, shutting down HB processing thread for Node Manager.
2021-07-03 01:53:17,658 [Listener at 127.0.0.1/11044] INFO  server.StorageContainerManager (StorageContainerManager.java:stop(1335)) - Stopping block service RPC server
2021-07-03 01:53:17,659 [Listener at 127.0.0.1/11044] INFO  server.SCMBlockProtocolServer (SCMBlockProtocolServer.java:stop(160)) - Stopping the RPC server for Block Protocol
2021-07-03 01:53:17,659 [Listener at 127.0.0.1/11044] INFO  ipc.Server (Server.java:stop(3403)) - Stopping server on 14498
2021-07-03 01:53:17,662 [Listener at 127.0.0.1/11044] INFO  server.StorageContainerManager (StorageContainerManager.java:stop(1342)) - Stopping the StorageContainerLocationProtocol RPC server
2021-07-03 01:53:17,662 [IPC Server listener on 14498] INFO  ipc.Server (Server.java:run(1366)) - Stopping IPC Server listener on 14498
2021-07-03 01:53:17,663 [IPC Server Responder] INFO  ipc.Server (Server.java:run(1502)) - Stopping IPC Server Responder
2021-07-03 01:53:17,662 [Listener at 127.0.0.1/11044] INFO  server.SCMClientProtocolServer (SCMClientProtocolServer.java:stop(172)) - Stopping the RPC server for Client Protocol
2021-07-03 01:53:17,663 [Listener at 127.0.0.1/11044] INFO  ipc.Server (Server.java:stop(3403)) - Stopping server on 14499
2021-07-03 01:53:17,675 [IPC Server Responder] INFO  ipc.Server (Server.java:run(1502)) - Stopping IPC Server Responder
2021-07-03 01:53:17,675 [Listener at 127.0.0.1/11044] INFO  server.StorageContainerManager (StorageContainerManager.java:stop(1349)) - Stopping Storage Container Manager HTTP server.
2021-07-03 01:53:17,676 [Listener at 127.0.0.1/11044] INFO  handler.ContextHandler (ContextHandler.java:doStop(1154)) - Stopped o.e.j.w.WebAppContext@411b4a70{scm,/,null,STOPPED}{file:/home/runner/work/ozone/ozone/mnt/ozone/hadoop-ozone/integration-test/target/test-classes/webapps/scm}
2021-07-03 01:53:17,677 [IPC Server listener on 14499] INFO  ipc.Server (Server.java:run(1366)) - Stopping IPC Server listener on 14499
2021-07-03 01:53:17,679 [Listener at 127.0.0.1/11044] INFO  server.AbstractConnector (AbstractConnector.java:doStop(381)) - Stopped ServerConnector@48a7902f{HTTP/1.1, (http/1.1)}{0.0.0.0:14494}
2021-07-03 01:53:17,680 [Listener at 127.0.0.1/11044] INFO  server.session (HouseKeeper.java:stopScavenging(149)) - node0 Stopped scavenging
2021-07-03 01:53:17,680 [Listener at 127.0.0.1/11044] INFO  handler.ContextHandler (ContextHandler.java:doStop(1154)) - Stopped o.e.j.s.ServletContextHandler@27b5c8d0{static,/static,file:///home/runner/work/ozone/ozone/mnt/ozone/hadoop-ozone/integration-test/target/test-classes/webapps/static,STOPPED}
2021-07-03 01:53:17,681 [Listener at 127.0.0.1/11044] INFO  handler.ContextHandler (ContextHandler.java:doStop(1154)) - Stopped o.e.j.s.ServletContextHandler@cd68b88{logs,/logs,file:///home/runner/work/ozone/ozone/mnt/ozone/hadoop-ozone/integration-test/target/log,STOPPED}
2021-07-03 01:53:17,682 [Listener at 127.0.0.1/11044] INFO  server.StorageContainerManager (StorageContainerManager.java:stop(1360)) - Stopping Block Manager Service.
2021-07-03 01:53:17,682 [Listener at 127.0.0.1/11044] INFO  utils.BackgroundService (BackgroundService.java:shutdown(132)) - Shutting down service SCMBlockDeletingService
2021-07-03 01:53:17,682 [Listener at 127.0.0.1/11044] INFO  utils.BackgroundService (BackgroundService.java:shutdown(132)) - Shutting down service SCMBlockDeletingService
2021-07-03 01:53:17,683 [Listener at 127.0.0.1/11044] INFO  server.StorageContainerManager (StorageContainerManager.java:stop(1387)) - Stopping SCM Event Queue.
2021-07-03 01:53:17,684 [Listener at 127.0.0.1/11044] INFO  ha.SCMRatisServerImpl (SCMRatisServerImpl.java:stop(226)) - stopping ratis server 0.0.0.0:14496
2021-07-03 01:53:17,684 [Listener at 127.0.0.1/11044] INFO  server.RaftServer (RaftServerProxy.java:lambda$close$6(391)) - bae6930e-8ae4-497b-9eaa-87fb2ec79d16: close
2021-07-03 01:53:17,685 [Listener at 127.0.0.1/11044] INFO  server.RaftServer$Division (RaftServerImpl.java:lambda$close$4(406)) - bae6930e-8ae4-497b-9eaa-87fb2ec79d16@group-97EA473A16A6: shutdown
2021-07-03 01:53:17,685 [Listener at 127.0.0.1/11044] INFO  util.JmxRegister (JmxRegister.java:unregister(73)) - Successfully un-registered JMX Bean with object name Ratis:service=RaftServer,group=group-97EA473A16A6,id=bae6930e-8ae4-497b-9eaa-87fb2ec79d16
2021-07-03 01:53:17,685 [Listener at 127.0.0.1/11044] INFO  impl.RoleInfo (RoleInfo.java:shutdownLeaderState(91)) - bae6930e-8ae4-497b-9eaa-87fb2ec79d16: shutdown bae6930e-8ae4-497b-9eaa-87fb2ec79d16@group-97EA473A16A6-LeaderStateImpl
2021-07-03 01:53:17,685 [Listener at 127.0.0.1/11044] INFO  metrics.RatisMetrics (RatisMetrics.java:unregister(43)) - Unregistering Metrics Registry : ratis_grpc.log_appender.bae6930e-8ae4-497b-9eaa-87fb2ec79d16@group-97EA473A16A6
2021-07-03 01:53:17,686 [bae6930e-8ae4-497b-9eaa-87fb2ec79d16@group-97EA473A16A6->72fc5de2-a3f7-4fa9-972b-1bbfdbde045f-GrpcLogAppender-LogAppenderDaemon] WARN  server.GrpcLogAppender (GrpcLogAppender.java:mayWait(175)) - bae6930e-8ae4-497b-9eaa-87fb2ec79d16@group-97EA473A16A6->72fc5de2-a3f7-4fa9-972b-1bbfdbde045f-GrpcLogAppender: Wait interrupted by java.lang.InterruptedException
2021-07-03 01:53:17,686 [Listener at 127.0.0.1/11044] INFO  metrics.RatisMetrics (RatisMetrics.java:unregister(43)) - Unregistering Metrics Registry : ratis_grpc.log_appender.bae6930e-8ae4-497b-9eaa-87fb2ec79d16@group-97EA473A16A6
2021-07-03 01:53:17,686 [bae6930e-8ae4-497b-9eaa-87fb2ec79d16@group-97EA473A16A6->999e0e82-6253-4699-8a10-92babf97f634-GrpcLogAppender-LogAppenderDaemon] WARN  server.GrpcLogAppender (GrpcLogAppender.java:mayWait(175)) - bae6930e-8ae4-497b-9eaa-87fb2ec79d16@group-97EA473A16A6->999e0e82-6253-4699-8a10-92babf97f634-GrpcLogAppender: Wait interrupted by java.lang.InterruptedException
2021-07-03 01:53:17,686 [grpc-default-executor-2] INFO  server.GrpcServerProtocolService (GrpcServerProtocolService.java:onCompleted(140)) - 72fc5de2-a3f7-4fa9-972b-1bbfdbde045f: Completed APPEND_ENTRIES, lastRequest: bae6930e-8ae4-497b-9eaa-87fb2ec79d16->72fc5de2-a3f7-4fa9-972b-1bbfdbde045f#1083-t2,previous=(t:2, i:29),leaderCommit=29,initializing? true,entries: size=1, first=(t:2, i:30), METADATAENTRY(c:29)
2021-07-03 01:53:17,686 [Listener at 127.0.0.1/11044] INFO  impl.PendingRequests (PendingRequests.java:sendNotLeaderResponses(249)) - bae6930e-8ae4-497b-9eaa-87fb2ec79d16@group-97EA473A16A6-PendingRequests: sendNotLeaderResponses
2021-07-03 01:53:17,687 [Listener at 127.0.0.1/11044] INFO  ha.SCMStateMachine (SCMStateMachine.java:notifyNotLeader(183)) - current leader SCM steps down.
2021-07-03 01:53:17,687 [Listener at 127.0.0.1/11044] INFO  ha.SCMContext (SCMContext.java:updateLeaderAndTerm(91)) - update <isLeader,term> from <true,2> to <false,0>
2021-07-03 01:53:17,687 [Listener at 127.0.0.1/11044] INFO  ha.SCMContext (SCMContext.java:updateLeaderAndTerm(98)) - update <isLeaderReady> from <false> to <false>
2021-07-03 01:53:17,687 [grpc-default-executor-4] INFO  server.GrpcLogAppender (GrpcLogAppender.java:onCompleted(344)) - bae6930e-8ae4-497b-9eaa-87fb2ec79d16@group-97EA473A16A6->72fc5de2-a3f7-4fa9-972b-1bbfdbde045f-AppendLogResponseHandler: follower responses appendEntries COMPLETED
2021-07-03 01:53:17,688 [grpc-default-executor-4] INFO  leader.FollowerInfo (FollowerInfoImpl.java:lambda$new$0(46)) - bae6930e-8ae4-497b-9eaa-87fb2ec79d16@group-97EA473A16A6->72fc5de2-a3f7-4fa9-972b-1bbfdbde045f: nextIndex: updateUnconditionally 31 -> 30
2021-07-03 01:53:17,689 [Listener at 127.0.0.1/11044] INFO  metrics.RatisMetrics (RatisMetrics.java:unregister(43)) - Unregistering Metrics Registry : ratis.log_appender.bae6930e-8ae4-497b-9eaa-87fb2ec79d16@group-97EA473A16A6
2021-07-03 01:53:17,689 [Listener at 127.0.0.1/11044] INFO  metrics.RatisMetrics (RatisMetrics.java:unregister(43)) - Unregistering Metrics Registry : ratis.server.bae6930e-8ae4-497b-9eaa-87fb2ec79d16@group-97EA473A16A6
2021-07-03 01:53:17,690 [Listener at 127.0.0.1/11044] INFO  impl.StateMachineUpdater (StateMachineUpdater.java:stopAndJoin(149)) - bae6930e-8ae4-497b-9eaa-87fb2ec79d16@group-97EA473A16A6-StateMachineUpdater: set stopIndex = 30
2021-07-03 01:53:17,690 [bae6930e-8ae4-497b-9eaa-87fb2ec79d16@group-97EA473A16A6-StateMachineUpdater] INFO  ha.SCMStateMachine (HadoopExecutors.java:shutdown(118)) - Gracefully shutting down executor service. Waiting max 5 SECONDS
2021-07-03 01:53:17,690 [bae6930e-8ae4-497b-9eaa-87fb2ec79d16@group-97EA473A16A6-StateMachineUpdater] INFO  ha.SCMStateMachine (HadoopExecutors.java:shutdown(129)) - Succesfully shutdown executor service
2021-07-03 01:53:17,690 [bae6930e-8ae4-497b-9eaa-87fb2ec79d16@group-97EA473A16A6-StateMachineUpdater] INFO  metrics.RatisMetrics (RatisMetrics.java:unregister(43)) - Unregistering Metrics Registry : ratis.state_machine.bae6930e-8ae4-497b-9eaa-87fb2ec79d16@group-97EA473A16A6
2021-07-03 01:53:17,690 [Listener at 127.0.0.1/11044] INFO  server.RaftServer$Division (ServerState.java:close(405)) - bae6930e-8ae4-497b-9eaa-87fb2ec79d16@group-97EA473A16A6: closes. applyIndex: 30
2021-07-03 01:53:17,690 [bae6930e-8ae4-497b-9eaa-87fb2ec79d16@group-97EA473A16A6-SegmentedRaftLogWorker] INFO  segmented.SegmentedRaftLogWorker (SegmentedRaftLogWorker.java:run(327)) - bae6930e-8ae4-497b-9eaa-87fb2ec79d16@group-97EA473A16A6-SegmentedRaftLogWorker was interrupted, exiting. There are 0 tasks remaining in the queue.
2021-07-03 01:53:17,691 [Listener at 127.0.0.1/11044] INFO  segmented.SegmentedRaftLogWorker (SegmentedRaftLogWorker.java:close(237)) - bae6930e-8ae4-497b-9eaa-87fb2ec79d16@group-97EA473A16A6-SegmentedRaftLogWorker close()
2021-07-03 01:53:17,695 [Listener at 127.0.0.1/11044] INFO  metrics.RatisMetrics (RatisMetrics.java:unregister(43)) - Unregistering Metrics Registry : ratis.log_worker.bae6930e-8ae4-497b-9eaa-87fb2ec79d16@group-97EA473A16A6
2021-07-03 01:53:17,695 [Listener at 127.0.0.1/11044] INFO  metrics.RatisMetrics (RatisMetrics.java:unregister(43)) - Unregistering Metrics Registry : ratis.leader_election.bae6930e-8ae4-497b-9eaa-87fb2ec79d16@group-97EA473A16A6
2021-07-03 01:53:17,695 [Listener at 127.0.0.1/11044] INFO  metrics.RatisMetrics (RatisMetrics.java:unregister(43)) - Unregistering Metrics Registry : ratis.server.bae6930e-8ae4-497b-9eaa-87fb2ec79d16@group-97EA473A16A6
2021-07-03 01:53:17,696 [Listener at 127.0.0.1/11044] INFO  server.GrpcService (GrpcService.java:closeImpl(262)) - bae6930e-8ae4-497b-9eaa-87fb2ec79d16: shutdown server with port 14496 now
2021-07-03 01:53:17,698 [Listener at 127.0.0.1/11044] INFO  server.GrpcService (GrpcService.java:closeImpl(271)) - bae6930e-8ae4-497b-9eaa-87fb2ec79d16: shutdown server with port 14496 successfully
2021-07-03 01:53:17,698 [org.apache.ratis.util.JvmPauseMonitor$$Lambda$493/611739613@9a38c90] INFO  util.JvmPauseMonitor (JvmPauseMonitor.java:run(109)) - JvmPauseMonitor-bae6930e-8ae4-497b-9eaa-87fb2ec79d16: Stopped
2021-07-03 01:53:17,698 [Listener at 127.0.0.1/11044] INFO  ha.SCMStateMachine (HadoopExecutors.java:shutdown(118)) - Gracefully shutting down executor service. Waiting max 5 SECONDS
2021-07-03 01:53:17,698 [Listener at 127.0.0.1/11044] INFO  ha.SCMStateMachine (HadoopExecutors.java:shutdown(129)) - Succesfully shutdown executor service
2021-07-03 01:53:17,701 [Listener at 127.0.0.1/11044] INFO  pipeline.BackgroundPipelineCreator (BackgroundPipelineCreatorV2.java:stop(158)) - Stopping RatisPipelineUtilsThread.
2021-07-03 01:53:17,702 [Listener at 127.0.0.1/11044] INFO  impl.MetricsSystemImpl (MetricsSystemImpl.java:stop(205)) - StorageContainerManager metrics system stopped (again)
2021-07-03 01:53:17,702 [Listener at 127.0.0.1/11044] INFO  ozone.MiniOzoneHAClusterImpl (MiniOzoneHAClusterImpl.java:stop(296)) - Stopping the StorageContainerManager 72fc5de2-a3f7-4fa9-972b-1bbfdbde045f
2021-07-03 01:53:17,702 [Listener at 127.0.0.1/11044] INFO  server.StorageContainerManager (StorageContainerManager.java:stop(1306)) - Stopping Replication Manager Service.
2021-07-03 01:53:17,702 [Listener at 127.0.0.1/11044] INFO  container.ReplicationManager (ReplicationManager.java:stop(260)) - Stopping Replication Monitor Thread.
2021-07-03 01:53:17,702 [Listener at 127.0.0.1/11044] INFO  server.StorageContainerManager (StorageContainerManager.java:stop(1313)) - Stopping the Datanode Admin Monitor.
2021-07-03 01:53:17,702 [Listener at 127.0.0.1/11044] INFO  server.StorageContainerManager (StorageContainerManager.java:stop(1320)) - Stopping Lease Manager of the command watchers
2021-07-03 01:53:17,703 [Listener at 127.0.0.1/11044] INFO  server.StorageContainerManager (StorageContainerManager.java:stop(1327)) - Stopping datanode service RPC server
2021-07-03 01:53:17,703 [Listener at 127.0.0.1/11044] INFO  server.SCMDatanodeProtocolServer (SCMDatanodeProtocolServer.java:stop(377)) - Stopping the RPC server for DataNodes
2021-07-03 01:53:17,703 [Listener at 127.0.0.1/11044] INFO  ipc.Server (Server.java:stop(3403)) - Stopping server on 14507
2021-07-03 01:53:17,704 [IPC Server listener on 14507] INFO  ipc.Server (Server.java:run(1366)) - Stopping IPC Server listener on 14507
2021-07-03 01:53:17,709 [IPC Server Responder] INFO  ipc.Server (Server.java:run(1502)) - Stopping IPC Server Responder
2021-07-03 01:53:17,751 [SCM Heartbeat Processing Thread - 0] WARN  node.NodeStateManager (NodeStateManager.java:scheduleNextHealthCheck(688)) - Current Thread is interrupted, shutting down HB processing thread for Node Manager.
2021-07-03 01:53:17,751 [Listener at 127.0.0.1/11044] INFO  server.StorageContainerManager (StorageContainerManager.java:stop(1335)) - Stopping block service RPC server
2021-07-03 01:53:17,752 [Listener at 127.0.0.1/11044] INFO  server.SCMBlockProtocolServer (SCMBlockProtocolServer.java:stop(160)) - Stopping the RPC server for Block Protocol
2021-07-03 01:53:17,752 [Listener at 127.0.0.1/11044] INFO  ipc.Server (Server.java:stop(3403)) - Stopping server on 14508
2021-07-03 01:53:17,753 [IPC Server listener on 14508] INFO  ipc.Server (Server.java:run(1366)) - Stopping IPC Server listener on 14508
2021-07-03 01:53:17,754 [IPC Server Responder] INFO  ipc.Server (Server.java:run(1502)) - Stopping IPC Server Responder
2021-07-03 01:53:17,754 [Listener at 127.0.0.1/11044] INFO  server.StorageContainerManager (StorageContainerManager.java:stop(1342)) - Stopping the StorageContainerLocationProtocol RPC server
2021-07-03 01:53:17,754 [Listener at 127.0.0.1/11044] INFO  server.SCMClientProtocolServer (SCMClientProtocolServer.java:stop(172)) - Stopping the RPC server for Client Protocol
2021-07-03 01:53:17,754 [Listener at 127.0.0.1/11044] INFO  ipc.Server (Server.java:stop(3403)) - Stopping server on 14509
2021-07-03 01:53:17,755 [IPC Server listener on 14509] INFO  ipc.Server (Server.java:run(1366)) - Stopping IPC Server listener on 14509
2021-07-03 01:53:17,757 [Listener at 127.0.0.1/11044] INFO  server.StorageContainerManager (StorageContainerManager.java:stop(1349)) - Stopping Storage Container Manager HTTP server.
2021-07-03 01:53:17,757 [IPC Server Responder] INFO  ipc.Server (Server.java:run(1502)) - Stopping IPC Server Responder
2021-07-03 01:53:17,758 [Listener at 127.0.0.1/11044] INFO  handler.ContextHandler (ContextHandler.java:doStop(1154)) - Stopped o.e.j.w.WebAppContext@3dfc8814{scm,/,null,STOPPED}{file:/home/runner/work/ozone/ozone/mnt/ozone/hadoop-ozone/integration-test/target/test-classes/webapps/scm}
2021-07-03 01:53:17,758 [Listener at 127.0.0.1/11044] INFO  server.AbstractConnector (AbstractConnector.java:doStop(381)) - Stopped ServerConnector@58fb9020{HTTP/1.1, (http/1.1)}{0.0.0.0:14504}
2021-07-03 01:53:17,758 [Listener at 127.0.0.1/11044] INFO  server.session (HouseKeeper.java:stopScavenging(149)) - node0 Stopped scavenging
2021-07-03 01:53:17,759 [Listener at 127.0.0.1/11044] INFO  handler.ContextHandler (ContextHandler.java:doStop(1154)) - Stopped o.e.j.s.ServletContextHandler@5547476c{static,/static,file:///home/runner/work/ozone/ozone/mnt/ozone/hadoop-ozone/integration-test/target/test-classes/webapps/static,STOPPED}
2021-07-03 01:53:17,759 [Listener at 127.0.0.1/11044] INFO  handler.ContextHandler (ContextHandler.java:doStop(1154)) - Stopped o.e.j.s.ServletContextHandler@13866e67{logs,/logs,file:///home/runner/work/ozone/ozone/mnt/ozone/hadoop-ozone/integration-test/target/log,STOPPED}
2021-07-03 01:53:17,760 [Listener at 127.0.0.1/11044] INFO  server.StorageContainerManager (StorageContainerManager.java:stop(1360)) - Stopping Block Manager Service.
2021-07-03 01:53:17,760 [Listener at 127.0.0.1/11044] INFO  utils.BackgroundService (BackgroundService.java:shutdown(132)) - Shutting down service SCMBlockDeletingService
2021-07-03 01:53:17,760 [Listener at 127.0.0.1/11044] INFO  utils.BackgroundService (BackgroundService.java:shutdown(132)) - Shutting down service SCMBlockDeletingService
2021-07-03 01:53:17,761 [Listener at 127.0.0.1/11044] INFO  server.StorageContainerManager (StorageContainerManager.java:stop(1387)) - Stopping SCM Event Queue.
2021-07-03 01:53:17,762 [Listener at 127.0.0.1/11044] INFO  ha.SCMRatisServerImpl (SCMRatisServerImpl.java:stop(226)) - stopping ratis server 0.0.0.0:14506
2021-07-03 01:53:17,762 [Listener at 127.0.0.1/11044] INFO  server.RaftServer (RaftServerProxy.java:lambda$close$6(391)) - 72fc5de2-a3f7-4fa9-972b-1bbfdbde045f: close
2021-07-03 01:53:17,763 [Listener at 127.0.0.1/11044] INFO  server.RaftServer$Division (RaftServerImpl.java:lambda$close$4(406)) - 72fc5de2-a3f7-4fa9-972b-1bbfdbde045f@group-97EA473A16A6: shutdown
2021-07-03 01:53:17,763 [Listener at 127.0.0.1/11044] INFO  util.JmxRegister (JmxRegister.java:unregister(73)) - Successfully un-registered JMX Bean with object name Ratis:service=RaftServer,group=group-97EA473A16A6,id=72fc5de2-a3f7-4fa9-972b-1bbfdbde045f
2021-07-03 01:53:17,763 [Listener at 127.0.0.1/11044] INFO  impl.RoleInfo (RoleInfo.java:shutdownFollowerState(108)) - 72fc5de2-a3f7-4fa9-972b-1bbfdbde045f: shutdown 72fc5de2-a3f7-4fa9-972b-1bbfdbde045f@group-97EA473A16A6-FollowerState
2021-07-03 01:53:17,763 [72fc5de2-a3f7-4fa9-972b-1bbfdbde045f@group-97EA473A16A6-FollowerState] INFO  impl.FollowerState (FollowerState.java:run(143)) - 72fc5de2-a3f7-4fa9-972b-1bbfdbde045f@group-97EA473A16A6-FollowerState was interrupted: {}
java.lang.InterruptedException: sleep interrupted
	at java.lang.Thread.sleep(Native Method)
	at java.lang.Thread.sleep(Thread.java:340)
	at java.util.concurrent.TimeUnit.sleep(TimeUnit.java:386)
	at org.apache.ratis.util.TimeDuration.sleep(TimeDuration.java:324)
	at org.apache.ratis.util.TimeDuration.sleep(TimeDuration.java:309)
	at org.apache.ratis.server.impl.FollowerState.run(FollowerState.java:118)
2021-07-03 01:53:17,764 [72fc5de2-a3f7-4fa9-972b-1bbfdbde045f@group-97EA473A16A6-StateMachineUpdater] INFO  ha.SCMStateMachine (SCMStateMachine.java:takeSnapshot(290)) - Current Snapshot Index 29, takeSnapshot took 0 ms
2021-07-03 01:53:17,764 [72fc5de2-a3f7-4fa9-972b-1bbfdbde045f@group-97EA473A16A6-StateMachineUpdater] INFO  impl.StateMachineUpdater (StateMachineUpdater.java:takeSnapshot(281)) - 72fc5de2-a3f7-4fa9-972b-1bbfdbde045f@group-97EA473A16A6-StateMachineUpdater: Took a snapshot at index 29
2021-07-03 01:53:17,764 [72fc5de2-a3f7-4fa9-972b-1bbfdbde045f@group-97EA473A16A6-StateMachineUpdater] INFO  impl.StateMachineUpdater (StateMachineUpdater.java:lambda$new$0(89)) - 72fc5de2-a3f7-4fa9-972b-1bbfdbde045f@group-97EA473A16A6-StateMachineUpdater: snapshotIndex: updateIncreasingly 25 -> 29
2021-07-03 01:53:17,764 [72fc5de2-a3f7-4fa9-972b-1bbfdbde045f@group-97EA473A16A6-StateMachineUpdater] INFO  ha.SCMStateMachine (HadoopExecutors.java:shutdown(118)) - Gracefully shutting down executor service. Waiting max 5 SECONDS
2021-07-03 01:53:17,764 [72fc5de2-a3f7-4fa9-972b-1bbfdbde045f@group-97EA473A16A6-StateMachineUpdater] INFO  ha.SCMStateMachine (HadoopExecutors.java:shutdown(129)) - Succesfully shutdown executor service
2021-07-03 01:53:17,764 [72fc5de2-a3f7-4fa9-972b-1bbfdbde045f@group-97EA473A16A6-StateMachineUpdater] INFO  metrics.RatisMetrics (RatisMetrics.java:unregister(43)) - Unregistering Metrics Registry : ratis.state_machine.72fc5de2-a3f7-4fa9-972b-1bbfdbde045f@group-97EA473A16A6
2021-07-03 01:53:17,764 [Listener at 127.0.0.1/11044] INFO  impl.StateMachineUpdater (StateMachineUpdater.java:stopAndJoin(149)) - 72fc5de2-a3f7-4fa9-972b-1bbfdbde045f@group-97EA473A16A6-StateMachineUpdater: set stopIndex = 29
2021-07-03 01:53:17,764 [Listener at 127.0.0.1/11044] INFO  server.RaftServer$Division (ServerState.java:close(405)) - 72fc5de2-a3f7-4fa9-972b-1bbfdbde045f@group-97EA473A16A6: closes. applyIndex: 28
2021-07-03 01:53:17,764 [72fc5de2-a3f7-4fa9-972b-1bbfdbde045f@group-97EA473A16A6-SegmentedRaftLogWorker] INFO  segmented.SegmentedRaftLogWorker (SegmentedRaftLogWorker.java:run(327)) - 72fc5de2-a3f7-4fa9-972b-1bbfdbde045f@group-97EA473A16A6-SegmentedRaftLogWorker was interrupted, exiting. There are 0 tasks remaining in the queue.
2021-07-03 01:53:17,765 [Listener at 127.0.0.1/11044] INFO  segmented.SegmentedRaftLogWorker (SegmentedRaftLogWorker.java:close(237)) - 72fc5de2-a3f7-4fa9-972b-1bbfdbde045f@group-97EA473A16A6-SegmentedRaftLogWorker close()
2021-07-03 01:53:17,766 [Listener at 127.0.0.1/11044] INFO  metrics.RatisMetrics (RatisMetrics.java:unregister(43)) - Unregistering Metrics Registry : ratis.log_worker.72fc5de2-a3f7-4fa9-972b-1bbfdbde045f@group-97EA473A16A6
2021-07-03 01:53:17,766 [Listener at 127.0.0.1/11044] INFO  metrics.RatisMetrics (RatisMetrics.java:unregister(43)) - Unregistering Metrics Registry : ratis.leader_election.72fc5de2-a3f7-4fa9-972b-1bbfdbde045f@group-97EA473A16A6
2021-07-03 01:53:17,766 [Listener at 127.0.0.1/11044] INFO  metrics.RatisMetrics (RatisMetrics.java:unregister(43)) - Unregistering Metrics Registry : ratis.server.72fc5de2-a3f7-4fa9-972b-1bbfdbde045f@group-97EA473A16A6
2021-07-03 01:53:17,767 [Listener at 127.0.0.1/11044] INFO  server.GrpcService (GrpcService.java:closeImpl(262)) - 72fc5de2-a3f7-4fa9-972b-1bbfdbde045f: shutdown server with port 14506 now
2021-07-03 01:53:17,767 [Listener at 127.0.0.1/11044] INFO  server.GrpcService (GrpcService.java:closeImpl(271)) - 72fc5de2-a3f7-4fa9-972b-1bbfdbde045f: shutdown server with port 14506 successfully
2021-07-03 01:53:17,768 [org.apache.ratis.util.JvmPauseMonitor$$Lambda$493/611739613@3432a612] INFO  util.JvmPauseMonitor (JvmPauseMonitor.java:run(109)) - JvmPauseMonitor-72fc5de2-a3f7-4fa9-972b-1bbfdbde045f: Stopped
2021-07-03 01:53:17,768 [Listener at 127.0.0.1/11044] INFO  ha.SCMStateMachine (HadoopExecutors.java:shutdown(118)) - Gracefully shutting down executor service. Waiting max 5 SECONDS
2021-07-03 01:53:17,768 [Listener at 127.0.0.1/11044] INFO  ha.SCMStateMachine (HadoopExecutors.java:shutdown(129)) - Succesfully shutdown executor service
2021-07-03 01:53:17,768 [Listener at 127.0.0.1/11044] INFO  pipeline.BackgroundPipelineCreator (BackgroundPipelineCreatorV2.java:stop(158)) - Stopping RatisPipelineUtilsThread.
2021-07-03 01:53:17,769 [Listener at 127.0.0.1/11044] INFO  impl.MetricsSystemImpl (MetricsSystemImpl.java:stop(205)) - StorageContainerManager metrics system stopped (again)
2021-07-03 01:53:17,769 [Listener at 127.0.0.1/11044] INFO  ozone.MiniOzoneClusterImpl (MiniOzoneClusterImpl.java:stop(460)) - Stopping the Mini Ozone Cluster
2021-07-03 01:53:17,770 [Listener at 127.0.0.1/11044] INFO  ozone.MiniOzoneClusterImpl (MiniOzoneClusterImpl.java:stopDatanodes(519)) - Stopping the HddsDatanodes
2021-07-03 01:53:17,831 [Datanode State Machine Thread - 0] INFO  statemachine.DatanodeStateMachine (DatanodeStateMachine.java:lambda$startDaemon$0(430)) - Ozone container server started.
2021-07-03 01:53:18,133 [Datanode State Machine Thread - 0] WARN  statemachine.StateContext (StateContext.java:setState(246)) - Ignore disallowed transition from SHUTDOWN to RUNNING
2021-07-03 01:53:18,133 [Datanode State Machine Thread - 0] INFO  statemachine.DatanodeStateMachine (DatanodeStateMachine.java:lambda$startDaemon$0(430)) - Ozone container server started.
2021-07-03 01:53:18,133 [EndpointStateMachine task thread for /127.0.0.1:14517 - 0 ] INFO  ipc.Client (Client.java:handleConnectionFailure(966)) - Retrying connect to server: localhost/127.0.0.1:14517. Already tried 0 time(s); retry policy is RetryUpToMaximumCountWithFixedSleep(maxRetries=15, sleepTime=1000 MILLISECONDS)
2021-07-03 01:53:18,133 [EndpointStateMachine task thread for /127.0.0.1:14497 - 0 ] INFO  ipc.Client (Client.java:handleConnectionFailure(966)) - Retrying connect to server: localhost/127.0.0.1:14497. Already tried 0 time(s); retry policy is RetryUpToMaximumCountWithFixedSleep(maxRetries=15, sleepTime=1000 MILLISECONDS)
2021-07-03 01:53:18,372 [EndpointStateMachine task thread for /127.0.0.1:14507 - 0 ] WARN  statemachine.EndpointStateMachine (EndpointStateMachine.java:logIfNeeded(236)) - Unable to communicate to SCM server at 127.0.0.1:14507 for past 0 seconds.
java.io.EOFException: End of File Exception between local host is: "fv-az12-896/10.1.0.32"; destination host is: "localhost":14507; : java.io.EOFException; For more details see:  http://wiki.apache.org/hadoop/EOFException
	at sun.reflect.NativeConstructorAccessorImpl.newInstance0(Native Method)
	at sun.reflect.NativeConstructorAccessorImpl.newInstance(NativeConstructorAccessorImpl.java:62)
	at sun.reflect.DelegatingConstructorAccessorImpl.newInstance(DelegatingConstructorAccessorImpl.java:45)
	at java.lang.reflect.Constructor.newInstance(Constructor.java:423)
	at org.apache.hadoop.net.NetUtils.wrapWithMessage(NetUtils.java:836)
	at org.apache.hadoop.net.NetUtils.wrapException(NetUtils.java:794)
	at org.apache.hadoop.ipc.Client.getRpcResponse(Client.java:1566)
	at org.apache.hadoop.ipc.Client.call(Client.java:1508)
	at org.apache.hadoop.ipc.Client.call(Client.java:1405)
	at org.apache.hadoop.ipc.ProtobufRpcEngine$Invoker.invoke(ProtobufRpcEngine.java:233)
	at org.apache.hadoop.ipc.ProtobufRpcEngine$Invoker.invoke(ProtobufRpcEngine.java:118)
	at com.sun.proxy.$Proxy45.submitRequest(Unknown Source)
	at org.apache.hadoop.ozone.protocolPB.StorageContainerDatanodeProtocolClientSideTranslatorPB.submitRequest(StorageContainerDatanodeProtocolClientSideTranslatorPB.java:117)
	at org.apache.hadoop.ozone.protocolPB.StorageContainerDatanodeProtocolClientSideTranslatorPB.sendHeartbeat(StorageContainerDatanodeProtocolClientSideTranslatorPB.java:149)
	at org.apache.hadoop.ozone.container.common.states.endpoint.HeartbeatEndpointTask.call(HeartbeatEndpointTask.java:146)
	at org.apache.hadoop.ozone.container.common.states.endpoint.HeartbeatEndpointTask.call(HeartbeatEndpointTask.java:77)
	at java.util.concurrent.FutureTask.run(FutureTask.java:266)
	at java.util.concurrent.ThreadPoolExecutor.runWorker(ThreadPoolExecutor.java:1149)
	at java.util.concurrent.ThreadPoolExecutor$Worker.run(ThreadPoolExecutor.java:624)
	at java.lang.Thread.run(Thread.java:748)
Caused by: java.io.EOFException
	at java.io.DataInputStream.readInt(DataInputStream.java:392)
	at org.apache.hadoop.ipc.Client$IpcStreams.readResponse(Client.java:1880)
	at org.apache.hadoop.ipc.Client$Connection.receiveRpcResponse(Client.java:1191)
	at org.apache.hadoop.ipc.Client$Connection.run(Client.java:1087)
2021-07-03 01:53:18,548 [EndpointStateMachine task thread for /127.0.0.1:13935 - 0 ] INFO  ipc.Client (Client.java:handleConnectionFailure(966)) - Retrying connect to server: localhost/127.0.0.1:13935. Already tried 7 time(s); retry policy is RetryUpToMaximumCountWithFixedSleep(maxRetries=15, sleepTime=1000 MILLISECONDS)
2021-07-03 01:53:18,548 [EndpointStateMachine task thread for /127.0.0.1:13945 - 0 ] INFO  ipc.Client (Client.java:handleConnectionFailure(966)) - Retrying connect to server: localhost/127.0.0.1:13945. Already tried 6 time(s); retry policy is RetryUpToMaximumCountWithFixedSleep(maxRetries=15, sleepTime=1000 MILLISECONDS)
2021-07-03 01:53:18,548 [EndpointStateMachine task thread for /127.0.0.1:13925 - 0 ] INFO  ipc.Client (Client.java:handleConnectionFailure(966)) - Retrying connect to server: localhost/127.0.0.1:13925. Already tried 9 time(s); retry policy is RetryUpToMaximumCountWithFixedSleep(maxRetries=15, sleepTime=1000 MILLISECONDS)
2021-07-03 01:53:19,134 [EndpointStateMachine task thread for /127.0.0.1:14517 - 0 ] INFO  ipc.Client (Client.java:handleConnectionFailure(966)) - Retrying connect to server: localhost/127.0.0.1:14517. Already tried 1 time(s); retry policy is RetryUpToMaximumCountWithFixedSleep(maxRetries=15, sleepTime=1000 MILLISECONDS)
2021-07-03 01:53:19,134 [EndpointStateMachine task thread for /127.0.0.1:14497 - 0 ] INFO  ipc.Client (Client.java:handleConnectionFailure(966)) - Retrying connect to server: localhost/127.0.0.1:14497. Already tried 1 time(s); retry policy is RetryUpToMaximumCountWithFixedSleep(maxRetries=15, sleepTime=1000 MILLISECONDS)
2021-07-03 01:53:19,371 [Datanode State Machine Thread - 0] ERROR datanode.RunningDatanodeState (RunningDatanodeState.java:computeNextContainerState(199)) - Error in executing end point task.
java.util.concurrent.ExecutionException: java.util.concurrent.TimeoutException
	at java.util.concurrent.FutureTask.report(FutureTask.java:122)
	at java.util.concurrent.FutureTask.get(FutureTask.java:192)
	at org.apache.hadoop.ozone.container.common.states.datanode.RunningDatanodeState.computeNextContainerState(RunningDatanodeState.java:191)
	at org.apache.hadoop.ozone.container.common.states.datanode.RunningDatanodeState.await(RunningDatanodeState.java:231)
	at org.apache.hadoop.ozone.container.common.states.datanode.RunningDatanodeState.await(RunningDatanodeState.java:50)
	at org.apache.hadoop.ozone.container.common.statemachine.StateContext.execute(StateContext.java:629)
	at org.apache.hadoop.ozone.container.common.statemachine.DatanodeStateMachine.start(DatanodeStateMachine.java:244)
	at org.apache.hadoop.ozone.container.common.statemachine.DatanodeStateMachine.lambda$startDaemon$0(DatanodeStateMachine.java:429)
	at java.lang.Thread.run(Thread.java:748)
Caused by: java.util.concurrent.TimeoutException
	at java.util.concurrent.FutureTask.get(FutureTask.java:205)
	at org.apache.hadoop.ozone.container.common.states.datanode.RunningDatanodeState.lambda$execute$0(RunningDatanodeState.java:149)
	at java.util.concurrent.FutureTask.run(FutureTask.java:266)
	at java.util.concurrent.Executors$RunnableAdapter.call(Executors.java:511)
	at java.util.concurrent.FutureTask.run(FutureTask.java:266)
	at java.util.concurrent.ThreadPoolExecutor.runWorker(ThreadPoolExecutor.java:1149)
	at java.util.concurrent.ThreadPoolExecutor$Worker.run(ThreadPoolExecutor.java:624)
	... 1 more
2021-07-03 01:53:19,548 [EndpointStateMachine task thread for /127.0.0.1:13935 - 0 ] INFO  ipc.Client (Client.java:handleConnectionFailure(966)) - Retrying connect to server: localhost/127.0.0.1:13935. Already tried 8 time(s); retry policy is RetryUpToMaximumCountWithFixedSleep(maxRetries=15, sleepTime=1000 MILLISECONDS)
2021-07-03 01:53:19,548 [EndpointStateMachine task thread for /127.0.0.1:13945 - 0 ] INFO  ipc.Client (Client.java:handleConnectionFailure(966)) - Retrying connect to server: localhost/127.0.0.1:13945. Already tried 7 time(s); retry policy is RetryUpToMaximumCountWithFixedSleep(maxRetries=15, sleepTime=1000 MILLISECONDS)
2021-07-03 01:53:19,549 [EndpointStateMachine task thread for /127.0.0.1:13925 - 0 ] INFO  ipc.Client (Client.java:handleConnectionFailure(966)) - Retrying connect to server: localhost/127.0.0.1:13925. Already tried 10 time(s); retry policy is RetryUpToMaximumCountWithFixedSleep(maxRetries=15, sleepTime=1000 MILLISECONDS)
2021-07-03 01:53:20,134 [EndpointStateMachine task thread for /127.0.0.1:14517 - 0 ] INFO  ipc.Client (Client.java:handleConnectionFailure(966)) - Retrying connect to server: localhost/127.0.0.1:14517. Already tried 2 time(s); retry policy is RetryUpToMaximumCountWithFixedSleep(maxRetries=15, sleepTime=1000 MILLISECONDS)
2021-07-03 01:53:20,134 [EndpointStateMachine task thread for /127.0.0.1:14497 - 0 ] INFO  ipc.Client (Client.java:handleConnectionFailure(966)) - Retrying connect to server: localhost/127.0.0.1:14497. Already tried 2 time(s); retry policy is RetryUpToMaximumCountWithFixedSleep(maxRetries=15, sleepTime=1000 MILLISECONDS)
2021-07-03 01:53:20,373 [EndpointStateMachine task thread for /127.0.0.1:14507 - 0 ] INFO  ipc.Client (Client.java:handleConnectionFailure(966)) - Retrying connect to server: localhost/127.0.0.1:14507. Already tried 0 time(s); retry policy is RetryUpToMaximumCountWithFixedSleep(maxRetries=15, sleepTime=1000 MILLISECONDS)
2021-07-03 01:53:20,549 [EndpointStateMachine task thread for /127.0.0.1:13935 - 0 ] INFO  ipc.Client (Client.java:handleConnectionFailure(966)) - Retrying connect to server: localhost/127.0.0.1:13935. Already tried 9 time(s); retry policy is RetryUpToMaximumCountWithFixedSleep(maxRetries=15, sleepTime=1000 MILLISECONDS)
2021-07-03 01:53:20,549 [EndpointStateMachine task thread for /127.0.0.1:13925 - 0 ] INFO  ipc.Client (Client.java:handleConnectionFailure(966)) - Retrying connect to server: localhost/127.0.0.1:13925. Already tried 11 time(s); retry policy is RetryUpToMaximumCountWithFixedSleep(maxRetries=15, sleepTime=1000 MILLISECONDS)
2021-07-03 01:53:20,549 [EndpointStateMachine task thread for /127.0.0.1:13945 - 0 ] INFO  ipc.Client (Client.java:handleConnectionFailure(966)) - Retrying connect to server: localhost/127.0.0.1:13945. Already tried 8 time(s); retry policy is RetryUpToMaximumCountWithFixedSleep(maxRetries=15, sleepTime=1000 MILLISECONDS)
2021-07-03 01:53:21,135 [EndpointStateMachine task thread for /127.0.0.1:14517 - 0 ] INFO  ipc.Client (Client.java:handleConnectionFailure(966)) - Retrying connect to server: localhost/127.0.0.1:14517. Already tried 3 time(s); retry policy is RetryUpToMaximumCountWithFixedSleep(maxRetries=15, sleepTime=1000 MILLISECONDS)
2021-07-03 01:53:21,135 [EndpointStateMachine task thread for /127.0.0.1:14497 - 0 ] INFO  ipc.Client (Client.java:handleConnectionFailure(966)) - Retrying connect to server: localhost/127.0.0.1:14497. Already tried 3 time(s); retry policy is RetryUpToMaximumCountWithFixedSleep(maxRetries=15, sleepTime=1000 MILLISECONDS)
2021-07-03 01:53:21,374 [EndpointStateMachine task thread for /127.0.0.1:14507 - 0 ] INFO  ipc.Client (Client.java:handleConnectionFailure(966)) - Retrying connect to server: localhost/127.0.0.1:14507. Already tried 1 time(s); retry policy is RetryUpToMaximumCountWithFixedSleep(maxRetries=15, sleepTime=1000 MILLISECONDS)
2021-07-03 01:53:21,549 [EndpointStateMachine task thread for /127.0.0.1:13935 - 0 ] INFO  ipc.Client (Client.java:handleConnectionFailure(966)) - Retrying connect to server: localhost/127.0.0.1:13935. Already tried 10 time(s); retry policy is RetryUpToMaximumCountWithFixedSleep(maxRetries=15, sleepTime=1000 MILLISECONDS)
2021-07-03 01:53:21,549 [EndpointStateMachine task thread for /127.0.0.1:13945 - 0 ] INFO  ipc.Client (Client.java:handleConnectionFailure(966)) - Retrying connect to server: localhost/127.0.0.1:13945. Already tried 9 time(s); retry policy is RetryUpToMaximumCountWithFixedSleep(maxRetries=15, sleepTime=1000 MILLISECONDS)
2021-07-03 01:53:21,549 [EndpointStateMachine task thread for /127.0.0.1:13925 - 0 ] INFO  ipc.Client (Client.java:handleConnectionFailure(966)) - Retrying connect to server: localhost/127.0.0.1:13925. Already tried 12 time(s); retry policy is RetryUpToMaximumCountWithFixedSleep(maxRetries=15, sleepTime=1000 MILLISECONDS)
2021-07-03 01:53:22,136 [EndpointStateMachine task thread for /127.0.0.1:14517 - 0 ] INFO  ipc.Client (Client.java:handleConnectionFailure(966)) - Retrying connect to server: localhost/127.0.0.1:14517. Already tried 4 time(s); retry policy is RetryUpToMaximumCountWithFixedSleep(maxRetries=15, sleepTime=1000 MILLISECONDS)
2021-07-03 01:53:22,136 [EndpointStateMachine task thread for /127.0.0.1:14497 - 0 ] INFO  ipc.Client (Client.java:handleConnectionFailure(966)) - Retrying connect to server: localhost/127.0.0.1:14497. Already tried 4 time(s); retry policy is RetryUpToMaximumCountWithFixedSleep(maxRetries=15, sleepTime=1000 MILLISECONDS)
2021-07-03 01:53:22,373 [Datanode State Machine Thread - 0] ERROR datanode.RunningDatanodeState (RunningDatanodeState.java:computeNextContainerState(199)) - Error in executing end point task.
java.util.concurrent.ExecutionException: java.util.concurrent.TimeoutException
	at java.util.concurrent.FutureTask.report(FutureTask.java:122)
	at java.util.concurrent.FutureTask.get(FutureTask.java:192)
	at org.apache.hadoop.ozone.container.common.states.datanode.RunningDatanodeState.computeNextContainerState(RunningDatanodeState.java:191)
	at org.apache.hadoop.ozone.container.common.states.datanode.RunningDatanodeState.await(RunningDatanodeState.java:231)
	at org.apache.hadoop.ozone.container.common.states.datanode.RunningDatanodeState.await(RunningDatanodeState.java:50)
	at org.apache.hadoop.ozone.container.common.statemachine.StateContext.execute(StateContext.java:629)
	at org.apache.hadoop.ozone.container.common.statemachine.DatanodeStateMachine.start(DatanodeStateMachine.java:244)
	at org.apache.hadoop.ozone.container.common.statemachine.DatanodeStateMachine.lambda$startDaemon$0(DatanodeStateMachine.java:429)
	at java.lang.Thread.run(Thread.java:748)
Caused by: java.util.concurrent.TimeoutException
	at java.util.concurrent.FutureTask.get(FutureTask.java:205)
	at org.apache.hadoop.ozone.container.common.states.datanode.RunningDatanodeState.lambda$execute$0(RunningDatanodeState.java:149)
	at java.util.concurrent.FutureTask.run(FutureTask.java:266)
	at java.util.concurrent.Executors$RunnableAdapter.call(Executors.java:511)
	at java.util.concurrent.FutureTask.run(FutureTask.java:266)
	at java.util.concurrent.ThreadPoolExecutor.runWorker(ThreadPoolExecutor.java:1149)
	at java.util.concurrent.ThreadPoolExecutor$Worker.run(ThreadPoolExecutor.java:624)
	... 1 more
2021-07-03 01:53:22,374 [EndpointStateMachine task thread for /127.0.0.1:14507 - 0 ] INFO  ipc.Client (Client.java:handleConnectionFailure(966)) - Retrying connect to server: localhost/127.0.0.1:14507. Already tried 2 time(s); retry policy is RetryUpToMaximumCountWithFixedSleep(maxRetries=15, sleepTime=1000 MILLISECONDS)
2021-07-03 01:53:22,550 [EndpointStateMachine task thread for /127.0.0.1:13935 - 0 ] INFO  ipc.Client (Client.java:handleConnectionFailure(966)) - Retrying connect to server: localhost/127.0.0.1:13935. Already tried 11 time(s); retry policy is RetryUpToMaximumCountWithFixedSleep(maxRetries=15, sleepTime=1000 MILLISECONDS)
2021-07-03 01:53:22,550 [EndpointStateMachine task thread for /127.0.0.1:13945 - 0 ] INFO  ipc.Client (Client.java:handleConnectionFailure(966)) - Retrying connect to server: localhost/127.0.0.1:13945. Already tried 10 time(s); retry policy is RetryUpToMaximumCountWithFixedSleep(maxRetries=15, sleepTime=1000 MILLISECONDS)
2021-07-03 01:53:22,550 [EndpointStateMachine task thread for /127.0.0.1:13925 - 0 ] INFO  ipc.Client (Client.java:handleConnectionFailure(966)) - Retrying connect to server: localhost/127.0.0.1:13925. Already tried 13 time(s); retry policy is RetryUpToMaximumCountWithFixedSleep(maxRetries=15, sleepTime=1000 MILLISECONDS)
2021-07-03 01:53:22,771 [ForkJoinPool.commonPool-worker-0] INFO  ozoneimpl.OzoneContainer (OzoneContainer.java:stop(326)) - Attempting to stop container services.
2021-07-03 01:53:22,771 [Listener at 127.0.0.1/11044] INFO  ozoneimpl.OzoneContainer (OzoneContainer.java:stop(326)) - Attempting to stop container services.
2021-07-03 01:53:22,773 [Listener at 127.0.0.1/11044] INFO  server.RaftServer (RaftServerProxy.java:lambda$close$6(391)) - ca9dc723-67a1-4a65-9480-66850f9b9d20: close
2021-07-03 01:53:22,773 [Listener at 127.0.0.1/11044] INFO  server.RaftServer$Division (RaftServerImpl.java:lambda$close$4(406)) - ca9dc723-67a1-4a65-9480-66850f9b9d20@group-0ABB88D0A2E0: shutdown
2021-07-03 01:53:22,773 [Listener at 127.0.0.1/11044] INFO  util.JmxRegister (JmxRegister.java:unregister(73)) - Successfully un-registered JMX Bean with object name Ratis:service=RaftServer,group=group-0ABB88D0A2E0,id=ca9dc723-67a1-4a65-9480-66850f9b9d20
2021-07-03 01:53:22,774 [Listener at 127.0.0.1/11044] INFO  impl.RoleInfo (RoleInfo.java:shutdownFollowerState(108)) - ca9dc723-67a1-4a65-9480-66850f9b9d20: shutdown ca9dc723-67a1-4a65-9480-66850f9b9d20@group-0ABB88D0A2E0-FollowerState
2021-07-03 01:53:22,774 [Listener at 127.0.0.1/11044] INFO  impl.StateMachineUpdater (StateMachineUpdater.java:stopAndJoin(149)) - ca9dc723-67a1-4a65-9480-66850f9b9d20@group-0ABB88D0A2E0-StateMachineUpdater: set stopIndex = 0
2021-07-03 01:53:22,774 [ca9dc723-67a1-4a65-9480-66850f9b9d20@group-0ABB88D0A2E0-StateMachineUpdater] INFO  ratis.ContainerStateMachine (ContainerStateMachine.java:takeSnapshot(291)) - group-0ABB88D0A2E0: Taking a snapshot at:(t:4, i:0) file /home/runner/work/ozone/ozone/mnt/ozone/hadoop-ozone/integration-test/target/test-dir/MiniOzoneClusterImpl-6d7611b0-ac11-41e1-98f8-97ea473a16a6/datanode-1/data/ratis/24d4eb0a-6b75-4498-880f-0abb88d0a2e0/sm/snapshot.4_0
2021-07-03 01:53:22,773 [ForkJoinPool.commonPool-worker-0] INFO  server.RaftServer (RaftServerProxy.java:lambda$close$6(391)) - 48a93f24-2ce5-44e8-b9e2-5628d9c2ac97: close
2021-07-03 01:53:22,775 [ForkJoinPool.commonPool-worker-0] INFO  server.RaftServer$Division (RaftServerImpl.java:lambda$close$4(406)) - 48a93f24-2ce5-44e8-b9e2-5628d9c2ac97@group-52771814C307: shutdown
2021-07-03 01:53:22,775 [ForkJoinPool.commonPool-worker-0] INFO  util.JmxRegister (JmxRegister.java:unregister(73)) - Successfully un-registered JMX Bean with object name Ratis:service=RaftServer,group=group-52771814C307,id=48a93f24-2ce5-44e8-b9e2-5628d9c2ac97
2021-07-03 01:53:22,775 [ForkJoinPool.commonPool-worker-0] INFO  impl.RoleInfo (RoleInfo.java:shutdownLeaderState(91)) - 48a93f24-2ce5-44e8-b9e2-5628d9c2ac97: shutdown 48a93f24-2ce5-44e8-b9e2-5628d9c2ac97@group-52771814C307-LeaderStateImpl
2021-07-03 01:53:22,775 [ForkJoinPool.commonPool-worker-0] INFO  impl.PendingRequests (PendingRequests.java:sendNotLeaderResponses(249)) - 48a93f24-2ce5-44e8-b9e2-5628d9c2ac97@group-52771814C307-PendingRequests: sendNotLeaderResponses
2021-07-03 01:53:22,775 [ForkJoinPool.commonPool-worker-0] INFO  metrics.RatisMetrics (RatisMetrics.java:unregister(43)) - Unregistering Metrics Registry : ratis.log_appender.48a93f24-2ce5-44e8-b9e2-5628d9c2ac97@group-52771814C307
2021-07-03 01:53:22,776 [ForkJoinPool.commonPool-worker-0] INFO  metrics.RatisMetrics (RatisMetrics.java:unregister(43)) - Unregistering Metrics Registry : ratis.server.48a93f24-2ce5-44e8-b9e2-5628d9c2ac97@group-52771814C307
2021-07-03 01:53:22,776 [ForkJoinPool.commonPool-worker-0] INFO  impl.StateMachineUpdater (StateMachineUpdater.java:stopAndJoin(149)) - 48a93f24-2ce5-44e8-b9e2-5628d9c2ac97@group-52771814C307-StateMachineUpdater: set stopIndex = 0
2021-07-03 01:53:22,776 [ca9dc723-67a1-4a65-9480-66850f9b9d20@group-0ABB88D0A2E0-StateMachineUpdater] INFO  ratis.ContainerStateMachine (ContainerStateMachine.java:takeSnapshot(302)) - group-0ABB88D0A2E0: Finished taking a snapshot at:(t:4, i:0) file:/home/runner/work/ozone/ozone/mnt/ozone/hadoop-ozone/integration-test/target/test-dir/MiniOzoneClusterImpl-6d7611b0-ac11-41e1-98f8-97ea473a16a6/datanode-1/data/ratis/24d4eb0a-6b75-4498-880f-0abb88d0a2e0/sm/snapshot.4_0 took: 2 ms
2021-07-03 01:53:22,776 [ca9dc723-67a1-4a65-9480-66850f9b9d20@group-0ABB88D0A2E0-StateMachineUpdater] INFO  impl.StateMachineUpdater (StateMachineUpdater.java:takeSnapshot(281)) - ca9dc723-67a1-4a65-9480-66850f9b9d20@group-0ABB88D0A2E0-StateMachineUpdater: Took a snapshot at index 0
2021-07-03 01:53:22,776 [ca9dc723-67a1-4a65-9480-66850f9b9d20@group-0ABB88D0A2E0-StateMachineUpdater] INFO  impl.StateMachineUpdater (StateMachineUpdater.java:lambda$new$0(89)) - ca9dc723-67a1-4a65-9480-66850f9b9d20@group-0ABB88D0A2E0-StateMachineUpdater: snapshotIndex: updateIncreasingly -1 -> 0
2021-07-03 01:53:22,777 [ca9dc723-67a1-4a65-9480-66850f9b9d20@group-0ABB88D0A2E0-StateMachineUpdater] INFO  metrics.RatisMetrics (RatisMetrics.java:unregister(43)) - Unregistering Metrics Registry : ratis.state_machine.ca9dc723-67a1-4a65-9480-66850f9b9d20@group-0ABB88D0A2E0
2021-07-03 01:53:22,777 [48a93f24-2ce5-44e8-b9e2-5628d9c2ac97@group-52771814C307-StateMachineUpdater] INFO  ratis.ContainerStateMachine (ContainerStateMachine.java:takeSnapshot(291)) - group-52771814C307: Taking a snapshot at:(t:1, i:0) file /home/runner/work/ozone/ozone/mnt/ozone/hadoop-ozone/integration-test/target/test-dir/MiniOzoneClusterImpl-6d7611b0-ac11-41e1-98f8-97ea473a16a6/datanode-0/data/ratis/3f5e8b05-0d5c-4f4d-b92e-52771814c307/sm/snapshot.1_0
2021-07-03 01:53:22,774 [ca9dc723-67a1-4a65-9480-66850f9b9d20@group-0ABB88D0A2E0-FollowerState] INFO  impl.FollowerState (FollowerState.java:run(143)) - ca9dc723-67a1-4a65-9480-66850f9b9d20@group-0ABB88D0A2E0-FollowerState was interrupted: {}
java.lang.InterruptedException: sleep interrupted
	at java.lang.Thread.sleep(Native Method)
	at java.lang.Thread.sleep(Thread.java:340)
	at java.util.concurrent.TimeUnit.sleep(TimeUnit.java:386)
	at org.apache.ratis.util.TimeDuration.sleep(TimeDuration.java:324)
	at org.apache.ratis.util.TimeDuration.sleep(TimeDuration.java:309)
	at org.apache.ratis.server.impl.FollowerState.run(FollowerState.java:118)
2021-07-03 01:53:22,778 [Listener at 127.0.0.1/11044] INFO  server.RaftServer$Division (ServerState.java:close(405)) - ca9dc723-67a1-4a65-9480-66850f9b9d20@group-0ABB88D0A2E0: closes. applyIndex: 0
2021-07-03 01:53:22,778 [48a93f24-2ce5-44e8-b9e2-5628d9c2ac97@group-52771814C307-StateMachineUpdater] INFO  ratis.ContainerStateMachine (ContainerStateMachine.java:takeSnapshot(302)) - group-52771814C307: Finished taking a snapshot at:(t:1, i:0) file:/home/runner/work/ozone/ozone/mnt/ozone/hadoop-ozone/integration-test/target/test-dir/MiniOzoneClusterImpl-6d7611b0-ac11-41e1-98f8-97ea473a16a6/datanode-0/data/ratis/3f5e8b05-0d5c-4f4d-b92e-52771814c307/sm/snapshot.1_0 took: 1 ms
2021-07-03 01:53:22,778 [48a93f24-2ce5-44e8-b9e2-5628d9c2ac97@group-52771814C307-StateMachineUpdater] INFO  impl.StateMachineUpdater (StateMachineUpdater.java:takeSnapshot(281)) - 48a93f24-2ce5-44e8-b9e2-5628d9c2ac97@group-52771814C307-StateMachineUpdater: Took a snapshot at index 0
2021-07-03 01:53:22,778 [48a93f24-2ce5-44e8-b9e2-5628d9c2ac97@group-52771814C307-StateMachineUpdater] INFO  impl.StateMachineUpdater (StateMachineUpdater.java:lambda$new$0(89)) - 48a93f24-2ce5-44e8-b9e2-5628d9c2ac97@group-52771814C307-StateMachineUpdater: snapshotIndex: updateIncreasingly -1 -> 0
2021-07-03 01:53:22,778 [48a93f24-2ce5-44e8-b9e2-5628d9c2ac97@group-52771814C307-StateMachineUpdater] INFO  metrics.RatisMetrics (RatisMetrics.java:unregister(43)) - Unregistering Metrics Registry : ratis.state_machine.48a93f24-2ce5-44e8-b9e2-5628d9c2ac97@group-52771814C307
2021-07-03 01:53:22,778 [ForkJoinPool.commonPool-worker-0] INFO  server.RaftServer$Division (ServerState.java:close(405)) - 48a93f24-2ce5-44e8-b9e2-5628d9c2ac97@group-52771814C307: closes. applyIndex: 0
2021-07-03 01:53:22,779 [ca9dc723-67a1-4a65-9480-66850f9b9d20@group-0ABB88D0A2E0-SegmentedRaftLogWorker] INFO  segmented.SegmentedRaftLogWorker (SegmentedRaftLogWorker.java:run(327)) - ca9dc723-67a1-4a65-9480-66850f9b9d20@group-0ABB88D0A2E0-SegmentedRaftLogWorker was interrupted, exiting. There are 0 tasks remaining in the queue.
2021-07-03 01:53:22,779 [48a93f24-2ce5-44e8-b9e2-5628d9c2ac97@group-52771814C307-SegmentedRaftLogWorker] INFO  segmented.SegmentedRaftLogWorker (SegmentedRaftLogWorker.java:run(327)) - 48a93f24-2ce5-44e8-b9e2-5628d9c2ac97@group-52771814C307-SegmentedRaftLogWorker was interrupted, exiting. There are 0 tasks remaining in the queue.
2021-07-03 01:53:22,782 [Listener at 127.0.0.1/11044] INFO  segmented.SegmentedRaftLogWorker (SegmentedRaftLogWorker.java:close(237)) - ca9dc723-67a1-4a65-9480-66850f9b9d20@group-0ABB88D0A2E0-SegmentedRaftLogWorker close()
2021-07-03 01:53:22,783 [ForkJoinPool.commonPool-worker-0] INFO  segmented.SegmentedRaftLogWorker (SegmentedRaftLogWorker.java:close(237)) - 48a93f24-2ce5-44e8-b9e2-5628d9c2ac97@group-52771814C307-SegmentedRaftLogWorker close()
2021-07-03 01:53:22,783 [Listener at 127.0.0.1/11044] INFO  metrics.RatisMetrics (RatisMetrics.java:unregister(43)) - Unregistering Metrics Registry : ratis.log_worker.ca9dc723-67a1-4a65-9480-66850f9b9d20@group-0ABB88D0A2E0
2021-07-03 01:53:22,784 [Listener at 127.0.0.1/11044] INFO  metrics.RatisMetrics (RatisMetrics.java:unregister(43)) - Unregistering Metrics Registry : ratis.leader_election.ca9dc723-67a1-4a65-9480-66850f9b9d20@group-0ABB88D0A2E0
2021-07-03 01:53:22,784 [Listener at 127.0.0.1/11044] INFO  metrics.RatisMetrics (RatisMetrics.java:unregister(43)) - Unregistering Metrics Registry : ratis.server.ca9dc723-67a1-4a65-9480-66850f9b9d20@group-0ABB88D0A2E0
2021-07-03 01:53:22,784 [Listener at 127.0.0.1/11044] INFO  server.RaftServer$Division (RaftServerImpl.java:lambda$close$4(406)) - ca9dc723-67a1-4a65-9480-66850f9b9d20@group-43D4DE272781: shutdown
2021-07-03 01:53:22,784 [Listener at 127.0.0.1/11044] INFO  util.JmxRegister (JmxRegister.java:unregister(73)) - Successfully un-registered JMX Bean with object name Ratis:service=RaftServer,group=group-43D4DE272781,id=ca9dc723-67a1-4a65-9480-66850f9b9d20
2021-07-03 01:53:22,785 [Listener at 127.0.0.1/11044] INFO  impl.RoleInfo (RoleInfo.java:shutdownLeaderState(91)) - ca9dc723-67a1-4a65-9480-66850f9b9d20: shutdown ca9dc723-67a1-4a65-9480-66850f9b9d20@group-43D4DE272781-LeaderStateImpl
2021-07-03 01:53:22,785 [Listener at 127.0.0.1/11044] INFO  impl.PendingRequests (PendingRequests.java:sendNotLeaderResponses(249)) - ca9dc723-67a1-4a65-9480-66850f9b9d20@group-43D4DE272781-PendingRequests: sendNotLeaderResponses
2021-07-03 01:53:22,785 [Listener at 127.0.0.1/11044] INFO  metrics.RatisMetrics (RatisMetrics.java:unregister(43)) - Unregistering Metrics Registry : ratis.log_appender.ca9dc723-67a1-4a65-9480-66850f9b9d20@group-43D4DE272781
2021-07-03 01:53:22,785 [Listener at 127.0.0.1/11044] INFO  metrics.RatisMetrics (RatisMetrics.java:unregister(43)) - Unregistering Metrics Registry : ratis.server.ca9dc723-67a1-4a65-9480-66850f9b9d20@group-43D4DE272781
2021-07-03 01:53:22,786 [Listener at 127.0.0.1/11044] INFO  impl.StateMachineUpdater (StateMachineUpdater.java:stopAndJoin(149)) - ca9dc723-67a1-4a65-9480-66850f9b9d20@group-43D4DE272781-StateMachineUpdater: set stopIndex = 0
2021-07-03 01:53:22,788 [ForkJoinPool.commonPool-worker-0] INFO  metrics.RatisMetrics (RatisMetrics.java:unregister(43)) - Unregistering Metrics Registry : ratis.log_worker.48a93f24-2ce5-44e8-b9e2-5628d9c2ac97@group-52771814C307
2021-07-03 01:53:22,786 [ca9dc723-67a1-4a65-9480-66850f9b9d20@group-43D4DE272781-StateMachineUpdater] INFO  ratis.ContainerStateMachine (ContainerStateMachine.java:takeSnapshot(291)) - group-43D4DE272781: Taking a snapshot at:(t:1, i:0) file /home/runner/work/ozone/ozone/mnt/ozone/hadoop-ozone/integration-test/target/test-dir/MiniOzoneClusterImpl-6d7611b0-ac11-41e1-98f8-97ea473a16a6/datanode-1/data/ratis/3d327430-62e9-4baf-82ed-43d4de272781/sm/snapshot.1_0
2021-07-03 01:53:22,788 [ForkJoinPool.commonPool-worker-0] INFO  metrics.RatisMetrics (RatisMetrics.java:unregister(43)) - Unregistering Metrics Registry : ratis.leader_election.48a93f24-2ce5-44e8-b9e2-5628d9c2ac97@group-52771814C307
2021-07-03 01:53:22,789 [ForkJoinPool.commonPool-worker-0] INFO  metrics.RatisMetrics (RatisMetrics.java:unregister(43)) - Unregistering Metrics Registry : ratis.server.48a93f24-2ce5-44e8-b9e2-5628d9c2ac97@group-52771814C307
2021-07-03 01:53:22,789 [ForkJoinPool.commonPool-worker-0] INFO  server.RaftServer$Division (RaftServerImpl.java:lambda$close$4(406)) - 48a93f24-2ce5-44e8-b9e2-5628d9c2ac97@group-0ABB88D0A2E0: shutdown
2021-07-03 01:53:22,789 [ca9dc723-67a1-4a65-9480-66850f9b9d20@group-43D4DE272781-StateMachineUpdater] INFO  ratis.ContainerStateMachine (ContainerStateMachine.java:takeSnapshot(302)) - group-43D4DE272781: Finished taking a snapshot at:(t:1, i:0) file:/home/runner/work/ozone/ozone/mnt/ozone/hadoop-ozone/integration-test/target/test-dir/MiniOzoneClusterImpl-6d7611b0-ac11-41e1-98f8-97ea473a16a6/datanode-1/data/ratis/3d327430-62e9-4baf-82ed-43d4de272781/sm/snapshot.1_0 took: 3 ms
2021-07-03 01:53:22,789 [ca9dc723-67a1-4a65-9480-66850f9b9d20@group-43D4DE272781-StateMachineUpdater] INFO  impl.StateMachineUpdater (StateMachineUpdater.java:takeSnapshot(281)) - ca9dc723-67a1-4a65-9480-66850f9b9d20@group-43D4DE272781-StateMachineUpdater: Took a snapshot at index 0
2021-07-03 01:53:22,789 [ca9dc723-67a1-4a65-9480-66850f9b9d20@group-43D4DE272781-StateMachineUpdater] INFO  impl.StateMachineUpdater (StateMachineUpdater.java:lambda$new$0(89)) - ca9dc723-67a1-4a65-9480-66850f9b9d20@group-43D4DE272781-StateMachineUpdater: snapshotIndex: updateIncreasingly -1 -> 0
2021-07-03 01:53:22,789 [ca9dc723-67a1-4a65-9480-66850f9b9d20@group-43D4DE272781-StateMachineUpdater] INFO  metrics.RatisMetrics (RatisMetrics.java:unregister(43)) - Unregistering Metrics Registry : ratis.state_machine.ca9dc723-67a1-4a65-9480-66850f9b9d20@group-43D4DE272781
2021-07-03 01:53:22,789 [ForkJoinPool.commonPool-worker-0] INFO  util.JmxRegister (JmxRegister.java:unregister(73)) - Successfully un-registered JMX Bean with object name Ratis:service=RaftServer,group=group-0ABB88D0A2E0,id=48a93f24-2ce5-44e8-b9e2-5628d9c2ac97
2021-07-03 01:53:22,789 [ForkJoinPool.commonPool-worker-0] INFO  impl.RoleInfo (RoleInfo.java:shutdownFollowerState(108)) - 48a93f24-2ce5-44e8-b9e2-5628d9c2ac97: shutdown 48a93f24-2ce5-44e8-b9e2-5628d9c2ac97@group-0ABB88D0A2E0-FollowerState
2021-07-03 01:53:22,789 [48a93f24-2ce5-44e8-b9e2-5628d9c2ac97@group-0ABB88D0A2E0-FollowerState] INFO  impl.FollowerState (FollowerState.java:run(143)) - 48a93f24-2ce5-44e8-b9e2-5628d9c2ac97@group-0ABB88D0A2E0-FollowerState was interrupted: {}
java.lang.InterruptedException: sleep interrupted
	at java.lang.Thread.sleep(Native Method)
	at java.lang.Thread.sleep(Thread.java:340)
	at java.util.concurrent.TimeUnit.sleep(TimeUnit.java:386)
	at org.apache.ratis.util.TimeDuration.sleep(TimeDuration.java:324)
	at org.apache.ratis.util.TimeDuration.sleep(TimeDuration.java:309)
	at org.apache.ratis.server.impl.FollowerState.run(FollowerState.java:118)
2021-07-03 01:53:22,790 [ForkJoinPool.commonPool-worker-0] INFO  impl.StateMachineUpdater (StateMachineUpdater.java:stopAndJoin(149)) - 48a93f24-2ce5-44e8-b9e2-5628d9c2ac97@group-0ABB88D0A2E0-StateMachineUpdater: set stopIndex = 0
2021-07-03 01:53:22,790 [48a93f24-2ce5-44e8-b9e2-5628d9c2ac97@group-0ABB88D0A2E0-StateMachineUpdater] INFO  ratis.ContainerStateMachine (ContainerStateMachine.java:takeSnapshot(291)) - group-0ABB88D0A2E0: Taking a snapshot at:(t:4, i:0) file /home/runner/work/ozone/ozone/mnt/ozone/hadoop-ozone/integration-test/target/test-dir/MiniOzoneClusterImpl-6d7611b0-ac11-41e1-98f8-97ea473a16a6/datanode-0/data/ratis/24d4eb0a-6b75-4498-880f-0abb88d0a2e0/sm/snapshot.4_0
2021-07-03 01:53:22,791 [48a93f24-2ce5-44e8-b9e2-5628d9c2ac97@group-0ABB88D0A2E0-StateMachineUpdater] INFO  ratis.ContainerStateMachine (ContainerStateMachine.java:takeSnapshot(302)) - group-0ABB88D0A2E0: Finished taking a snapshot at:(t:4, i:0) file:/home/runner/work/ozone/ozone/mnt/ozone/hadoop-ozone/integration-test/target/test-dir/MiniOzoneClusterImpl-6d7611b0-ac11-41e1-98f8-97ea473a16a6/datanode-0/data/ratis/24d4eb0a-6b75-4498-880f-0abb88d0a2e0/sm/snapshot.4_0 took: 1 ms
2021-07-03 01:53:22,791 [48a93f24-2ce5-44e8-b9e2-5628d9c2ac97@group-0ABB88D0A2E0-StateMachineUpdater] INFO  impl.StateMachineUpdater (StateMachineUpdater.java:takeSnapshot(281)) - 48a93f24-2ce5-44e8-b9e2-5628d9c2ac97@group-0ABB88D0A2E0-StateMachineUpdater: Took a snapshot at index 0
2021-07-03 01:53:22,791 [48a93f24-2ce5-44e8-b9e2-5628d9c2ac97@group-0ABB88D0A2E0-StateMachineUpdater] INFO  impl.StateMachineUpdater (StateMachineUpdater.java:lambda$new$0(89)) - 48a93f24-2ce5-44e8-b9e2-5628d9c2ac97@group-0ABB88D0A2E0-StateMachineUpdater: snapshotIndex: updateIncreasingly -1 -> 0
2021-07-03 01:53:22,791 [48a93f24-2ce5-44e8-b9e2-5628d9c2ac97@group-0ABB88D0A2E0-StateMachineUpdater] INFO  metrics.RatisMetrics (RatisMetrics.java:unregister(43)) - Unregistering Metrics Registry : ratis.state_machine.48a93f24-2ce5-44e8-b9e2-5628d9c2ac97@group-0ABB88D0A2E0
2021-07-03 01:53:22,791 [ForkJoinPool.commonPool-worker-0] INFO  server.RaftServer$Division (ServerState.java:close(405)) - 48a93f24-2ce5-44e8-b9e2-5628d9c2ac97@group-0ABB88D0A2E0: closes. applyIndex: 0
2021-07-03 01:53:22,792 [48a93f24-2ce5-44e8-b9e2-5628d9c2ac97@group-0ABB88D0A2E0-SegmentedRaftLogWorker] INFO  segmented.SegmentedRaftLogWorker (SegmentedRaftLogWorker.java:run(327)) - 48a93f24-2ce5-44e8-b9e2-5628d9c2ac97@group-0ABB88D0A2E0-SegmentedRaftLogWorker was interrupted, exiting. There are 0 tasks remaining in the queue.
2021-07-03 01:53:22,792 [Listener at 127.0.0.1/11044] INFO  server.RaftServer$Division (ServerState.java:close(405)) - ca9dc723-67a1-4a65-9480-66850f9b9d20@group-43D4DE272781: closes. applyIndex: 0
2021-07-03 01:53:22,792 [ForkJoinPool.commonPool-worker-0] INFO  segmented.SegmentedRaftLogWorker (SegmentedRaftLogWorker.java:close(237)) - 48a93f24-2ce5-44e8-b9e2-5628d9c2ac97@group-0ABB88D0A2E0-SegmentedRaftLogWorker close()
2021-07-03 01:53:22,793 [ForkJoinPool.commonPool-worker-0] INFO  metrics.RatisMetrics (RatisMetrics.java:unregister(43)) - Unregistering Metrics Registry : ratis.log_worker.48a93f24-2ce5-44e8-b9e2-5628d9c2ac97@group-0ABB88D0A2E0
2021-07-03 01:53:22,793 [ForkJoinPool.commonPool-worker-0] INFO  metrics.RatisMetrics (RatisMetrics.java:unregister(43)) - Unregistering Metrics Registry : ratis.leader_election.48a93f24-2ce5-44e8-b9e2-5628d9c2ac97@group-0ABB88D0A2E0
2021-07-03 01:53:22,793 [ForkJoinPool.commonPool-worker-0] INFO  metrics.RatisMetrics (RatisMetrics.java:unregister(43)) - Unregistering Metrics Registry : ratis.server.48a93f24-2ce5-44e8-b9e2-5628d9c2ac97@group-0ABB88D0A2E0
2021-07-03 01:53:22,793 [ForkJoinPool.commonPool-worker-0] INFO  server.RaftServer$Division (RaftServerImpl.java:lambda$close$4(406)) - 48a93f24-2ce5-44e8-b9e2-5628d9c2ac97@group-35DAF16C14CE: shutdown
2021-07-03 01:53:22,793 [ForkJoinPool.commonPool-worker-0] INFO  util.JmxRegister (JmxRegister.java:unregister(73)) - Successfully un-registered JMX Bean with object name Ratis:service=RaftServer,group=group-35DAF16C14CE,id=48a93f24-2ce5-44e8-b9e2-5628d9c2ac97
2021-07-03 01:53:22,793 [ForkJoinPool.commonPool-worker-0] INFO  impl.RoleInfo (RoleInfo.java:shutdownFollowerState(108)) - 48a93f24-2ce5-44e8-b9e2-5628d9c2ac97: shutdown 48a93f24-2ce5-44e8-b9e2-5628d9c2ac97@group-35DAF16C14CE-FollowerState
2021-07-03 01:53:22,793 [ForkJoinPool.commonPool-worker-0] INFO  impl.StateMachineUpdater (StateMachineUpdater.java:stopAndJoin(149)) - 48a93f24-2ce5-44e8-b9e2-5628d9c2ac97@group-35DAF16C14CE-StateMachineUpdater: set stopIndex = 2
2021-07-03 01:53:22,793 [ca9dc723-67a1-4a65-9480-66850f9b9d20@group-43D4DE272781-SegmentedRaftLogWorker] INFO  segmented.SegmentedRaftLogWorker (SegmentedRaftLogWorker.java:run(327)) - ca9dc723-67a1-4a65-9480-66850f9b9d20@group-43D4DE272781-SegmentedRaftLogWorker was interrupted, exiting. There are 0 tasks remaining in the queue.
2021-07-03 01:53:22,793 [48a93f24-2ce5-44e8-b9e2-5628d9c2ac97@group-35DAF16C14CE-StateMachineUpdater] INFO  ratis.ContainerStateMachine (ContainerStateMachine.java:takeSnapshot(291)) - group-35DAF16C14CE: Taking a snapshot at:(t:5, i:2) file /home/runner/work/ozone/ozone/mnt/ozone/hadoop-ozone/integration-test/target/test-dir/MiniOzoneClusterImpl-6d7611b0-ac11-41e1-98f8-97ea473a16a6/datanode-0/data/ratis/dcae577b-b0f7-4d18-86dc-35daf16c14ce/sm/snapshot.5_2
2021-07-03 01:53:22,793 [48a93f24-2ce5-44e8-b9e2-5628d9c2ac97@group-35DAF16C14CE-FollowerState] INFO  impl.FollowerState (FollowerState.java:run(143)) - 48a93f24-2ce5-44e8-b9e2-5628d9c2ac97@group-35DAF16C14CE-FollowerState was interrupted: {}
java.lang.InterruptedException: sleep interrupted
	at java.lang.Thread.sleep(Native Method)
	at java.lang.Thread.sleep(Thread.java:340)
	at java.util.concurrent.TimeUnit.sleep(TimeUnit.java:386)
	at org.apache.ratis.util.TimeDuration.sleep(TimeDuration.java:324)
	at org.apache.ratis.util.TimeDuration.sleep(TimeDuration.java:309)
	at org.apache.ratis.server.impl.FollowerState.run(FollowerState.java:118)
2021-07-03 01:53:22,794 [48a93f24-2ce5-44e8-b9e2-5628d9c2ac97@group-35DAF16C14CE-StateMachineUpdater] INFO  ratis.ContainerStateMachine (ContainerStateMachine.java:takeSnapshot(302)) - group-35DAF16C14CE: Finished taking a snapshot at:(t:5, i:2) file:/home/runner/work/ozone/ozone/mnt/ozone/hadoop-ozone/integration-test/target/test-dir/MiniOzoneClusterImpl-6d7611b0-ac11-41e1-98f8-97ea473a16a6/datanode-0/data/ratis/dcae577b-b0f7-4d18-86dc-35daf16c14ce/sm/snapshot.5_2 took: 1 ms
2021-07-03 01:53:22,794 [Listener at 127.0.0.1/11044] INFO  segmented.SegmentedRaftLogWorker (SegmentedRaftLogWorker.java:close(237)) - ca9dc723-67a1-4a65-9480-66850f9b9d20@group-43D4DE272781-SegmentedRaftLogWorker close()
2021-07-03 01:53:22,794 [48a93f24-2ce5-44e8-b9e2-5628d9c2ac97@group-35DAF16C14CE-StateMachineUpdater] INFO  impl.StateMachineUpdater (StateMachineUpdater.java:takeSnapshot(281)) - 48a93f24-2ce5-44e8-b9e2-5628d9c2ac97@group-35DAF16C14CE-StateMachineUpdater: Took a snapshot at index 2
2021-07-03 01:53:22,794 [48a93f24-2ce5-44e8-b9e2-5628d9c2ac97@group-35DAF16C14CE-StateMachineUpdater] INFO  impl.StateMachineUpdater (StateMachineUpdater.java:lambda$new$0(89)) - 48a93f24-2ce5-44e8-b9e2-5628d9c2ac97@group-35DAF16C14CE-StateMachineUpdater: snapshotIndex: updateIncreasingly -1 -> 2
2021-07-03 01:53:22,795 [48a93f24-2ce5-44e8-b9e2-5628d9c2ac97@group-35DAF16C14CE-StateMachineUpdater] INFO  metrics.RatisMetrics (RatisMetrics.java:unregister(43)) - Unregistering Metrics Registry : ratis.state_machine.48a93f24-2ce5-44e8-b9e2-5628d9c2ac97@group-35DAF16C14CE
2021-07-03 01:53:22,795 [ForkJoinPool.commonPool-worker-0] INFO  server.RaftServer$Division (ServerState.java:close(405)) - 48a93f24-2ce5-44e8-b9e2-5628d9c2ac97@group-35DAF16C14CE: closes. applyIndex: 2
2021-07-03 01:53:22,795 [48a93f24-2ce5-44e8-b9e2-5628d9c2ac97@group-35DAF16C14CE-SegmentedRaftLogWorker] INFO  segmented.SegmentedRaftLogWorker (SegmentedRaftLogWorker.java:run(327)) - 48a93f24-2ce5-44e8-b9e2-5628d9c2ac97@group-35DAF16C14CE-SegmentedRaftLogWorker was interrupted, exiting. There are 0 tasks remaining in the queue.
2021-07-03 01:53:22,795 [Listener at 127.0.0.1/11044] INFO  metrics.RatisMetrics (RatisMetrics.java:unregister(43)) - Unregistering Metrics Registry : ratis.log_worker.ca9dc723-67a1-4a65-9480-66850f9b9d20@group-43D4DE272781
2021-07-03 01:53:22,795 [ForkJoinPool.commonPool-worker-0] INFO  segmented.SegmentedRaftLogWorker (SegmentedRaftLogWorker.java:close(237)) - 48a93f24-2ce5-44e8-b9e2-5628d9c2ac97@group-35DAF16C14CE-SegmentedRaftLogWorker close()
2021-07-03 01:53:22,796 [Listener at 127.0.0.1/11044] INFO  metrics.RatisMetrics (RatisMetrics.java:unregister(43)) - Unregistering Metrics Registry : ratis.leader_election.ca9dc723-67a1-4a65-9480-66850f9b9d20@group-43D4DE272781
2021-07-03 01:53:22,796 [ForkJoinPool.commonPool-worker-0] INFO  metrics.RatisMetrics (RatisMetrics.java:unregister(43)) - Unregistering Metrics Registry : ratis.log_worker.48a93f24-2ce5-44e8-b9e2-5628d9c2ac97@group-35DAF16C14CE
2021-07-03 01:53:22,796 [Listener at 127.0.0.1/11044] INFO  metrics.RatisMetrics (RatisMetrics.java:unregister(43)) - Unregistering Metrics Registry : ratis.server.ca9dc723-67a1-4a65-9480-66850f9b9d20@group-43D4DE272781
2021-07-03 01:53:22,796 [ForkJoinPool.commonPool-worker-0] INFO  metrics.RatisMetrics (RatisMetrics.java:unregister(43)) - Unregistering Metrics Registry : ratis.leader_election.48a93f24-2ce5-44e8-b9e2-5628d9c2ac97@group-35DAF16C14CE
2021-07-03 01:53:22,797 [ForkJoinPool.commonPool-worker-0] INFO  metrics.RatisMetrics (RatisMetrics.java:unregister(43)) - Unregistering Metrics Registry : ratis.server.48a93f24-2ce5-44e8-b9e2-5628d9c2ac97@group-35DAF16C14CE
2021-07-03 01:53:22,796 [Listener at 127.0.0.1/11044] INFO  server.RaftServer$Division (RaftServerImpl.java:lambda$close$4(406)) - ca9dc723-67a1-4a65-9480-66850f9b9d20@group-35DAF16C14CE: shutdown
2021-07-03 01:53:22,797 [ForkJoinPool.commonPool-worker-0] INFO  server.GrpcService (GrpcService.java:closeImpl(262)) - 48a93f24-2ce5-44e8-b9e2-5628d9c2ac97: shutdown server with port 36777 now
2021-07-03 01:53:22,797 [Listener at 127.0.0.1/11044] INFO  util.JmxRegister (JmxRegister.java:unregister(73)) - Successfully un-registered JMX Bean with object name Ratis:service=RaftServer,group=group-35DAF16C14CE,id=ca9dc723-67a1-4a65-9480-66850f9b9d20
2021-07-03 01:53:22,802 [ForkJoinPool.commonPool-worker-0] INFO  server.GrpcService (GrpcService.java:closeImpl(271)) - 48a93f24-2ce5-44e8-b9e2-5628d9c2ac97: shutdown server with port 36777 successfully
2021-07-03 01:53:22,800 [grpc-default-executor-1] WARN  server.GrpcServerProtocolService (LogUtils.java:warn(122)) - 48a93f24-2ce5-44e8-b9e2-5628d9c2ac97: installSnapshot onError, lastRequest: ca9dc723-67a1-4a65-9480-66850f9b9d20->48a93f24-2ce5-44e8-b9e2-5628d9c2ac97#7-t5,previous=(t:5, i:1),leaderCommit=1,initializing? true,entries: size=1, first=(t:5, i:2), METADATAENTRY(c:1): org.apache.ratis.thirdparty.io.grpc.StatusRuntimeException: CANCELLED: client cancelled
2021-07-03 01:53:22,799 [grpc-default-executor-0] WARN  server.GrpcLogAppender (LogUtils.java:warn(122)) - ca9dc723-67a1-4a65-9480-66850f9b9d20@group-35DAF16C14CE->48a93f24-2ce5-44e8-b9e2-5628d9c2ac97-AppendLogResponseHandler: Failed appendEntries: org.apache.ratis.thirdparty.io.grpc.StatusRuntimeException: CANCELLED: HTTP/2 error code: CANCEL
Received Rst Stream
2021-07-03 01:53:22,803 [grpc-default-executor-0] INFO  leader.FollowerInfo (FollowerInfoImpl.java:lambda$new$0(46)) - ca9dc723-67a1-4a65-9480-66850f9b9d20@group-35DAF16C14CE->48a93f24-2ce5-44e8-b9e2-5628d9c2ac97: nextIndex: updateUnconditionally 3 -> 2
2021-07-03 01:53:22,798 [grpc-default-executor-3] WARN  server.GrpcLogAppender (LogUtils.java:warn(122)) - 8fa4ef72-0e52-420c-b0d5-60420e93c6a9@group-0ABB88D0A2E0->48a93f24-2ce5-44e8-b9e2-5628d9c2ac97-AppendLogResponseHandler: Failed appendEntries: org.apache.ratis.thirdparty.io.grpc.StatusRuntimeException: CANCELLED: HTTP/2 error code: CANCEL
Received Rst Stream
2021-07-03 01:53:22,803 [grpc-default-executor-3] WARN  server.GrpcLogAppender (GrpcLogAppender.java:resetClient(111)) - 8fa4ef72-0e52-420c-b0d5-60420e93c6a9@group-0ABB88D0A2E0->48a93f24-2ce5-44e8-b9e2-5628d9c2ac97-GrpcLogAppender: Leader has not got in touch with Follower 8fa4ef72-0e52-420c-b0d5-60420e93c6a9@group-0ABB88D0A2E0->48a93f24-2ce5-44e8-b9e2-5628d9c2ac97(c0,m0,n1, attendVote=true, lastRpcSendTime=1353, lastRpcResponseTime=1352) yet, just keep nextIndex unchanged and retry.
2021-07-03 01:53:22,798 [grpc-default-executor-2] WARN  server.GrpcServerProtocolService (LogUtils.java:warn(122)) - 48a93f24-2ce5-44e8-b9e2-5628d9c2ac97: installSnapshot onError, lastRequest: 8fa4ef72-0e52-420c-b0d5-60420e93c6a9->48a93f24-2ce5-44e8-b9e2-5628d9c2ac97#1-t4,previous=(t:0, i:0),leaderCommit=0,initializing? true,entries: size=1, first=(t:4, i:0), CONFIGURATIONENTRY: org.apache.ratis.thirdparty.io.grpc.StatusRuntimeException: CANCELLED: client cancelled
2021-07-03 01:53:22,803 [org.apache.ratis.util.JvmPauseMonitor$$Lambda$493/611739613@5a3e0c64] INFO  util.JvmPauseMonitor (JvmPauseMonitor.java:run(109)) - JvmPauseMonitor-48a93f24-2ce5-44e8-b9e2-5628d9c2ac97: Stopped
2021-07-03 01:53:22,803 [Listener at 127.0.0.1/11044] INFO  impl.RoleInfo (RoleInfo.java:shutdownLeaderState(91)) - ca9dc723-67a1-4a65-9480-66850f9b9d20: shutdown ca9dc723-67a1-4a65-9480-66850f9b9d20@group-35DAF16C14CE-LeaderStateImpl
2021-07-03 01:53:22,805 [ForkJoinPool.commonPool-worker-0] INFO  utils.BackgroundService (BackgroundService.java:shutdown(132)) - Shutting down service BlockDeletingService
2021-07-03 01:53:22,806 [Listener at 127.0.0.1/11044] INFO  metrics.RatisMetrics (RatisMetrics.java:unregister(43)) - Unregistering Metrics Registry : ratis_grpc.log_appender.ca9dc723-67a1-4a65-9480-66850f9b9d20@group-35DAF16C14CE
2021-07-03 01:53:22,806 [ca9dc723-67a1-4a65-9480-66850f9b9d20@group-35DAF16C14CE->48a93f24-2ce5-44e8-b9e2-5628d9c2ac97-GrpcLogAppender-LogAppenderDaemon] WARN  server.GrpcLogAppender (GrpcLogAppender.java:mayWait(175)) - ca9dc723-67a1-4a65-9480-66850f9b9d20@group-35DAF16C14CE->48a93f24-2ce5-44e8-b9e2-5628d9c2ac97-GrpcLogAppender: Wait interrupted by java.lang.InterruptedException
2021-07-03 01:53:22,806 [Listener at 127.0.0.1/11044] INFO  metrics.RatisMetrics (RatisMetrics.java:unregister(43)) - Unregistering Metrics Registry : ratis_grpc.log_appender.ca9dc723-67a1-4a65-9480-66850f9b9d20@group-35DAF16C14CE
2021-07-03 01:53:22,807 [ca9dc723-67a1-4a65-9480-66850f9b9d20@group-35DAF16C14CE->8fa4ef72-0e52-420c-b0d5-60420e93c6a9-GrpcLogAppender-LogAppenderDaemon] WARN  server.GrpcLogAppender (GrpcLogAppender.java:mayWait(175)) - ca9dc723-67a1-4a65-9480-66850f9b9d20@group-35DAF16C14CE->8fa4ef72-0e52-420c-b0d5-60420e93c6a9-GrpcLogAppender: Wait interrupted by java.lang.InterruptedException
2021-07-03 01:53:22,807 [Listener at 127.0.0.1/11044] INFO  impl.PendingRequests (PendingRequests.java:sendNotLeaderResponses(249)) - ca9dc723-67a1-4a65-9480-66850f9b9d20@group-35DAF16C14CE-PendingRequests: sendNotLeaderResponses
2021-07-03 01:53:22,808 [grpc-default-executor-2] INFO  server.GrpcServerProtocolService (GrpcServerProtocolService.java:onCompleted(140)) - 8fa4ef72-0e52-420c-b0d5-60420e93c6a9: Completed APPEND_ENTRIES, lastRequest: ca9dc723-67a1-4a65-9480-66850f9b9d20->8fa4ef72-0e52-420c-b0d5-60420e93c6a9#5-t5,previous=(t:5, i:1),leaderCommit=1,initializing? true,entries: size=1, first=(t:5, i:2), METADATAENTRY(c:1)
2021-07-03 01:53:22,814 [grpc-default-executor-3] INFO  server.GrpcLogAppender (GrpcLogAppender.java:onCompleted(344)) - ca9dc723-67a1-4a65-9480-66850f9b9d20@group-35DAF16C14CE->8fa4ef72-0e52-420c-b0d5-60420e93c6a9-AppendLogResponseHandler: follower responses appendEntries COMPLETED
2021-07-03 01:53:22,814 [grpc-default-executor-3] INFO  leader.FollowerInfo (FollowerInfoImpl.java:lambda$new$0(46)) - ca9dc723-67a1-4a65-9480-66850f9b9d20@group-35DAF16C14CE->8fa4ef72-0e52-420c-b0d5-60420e93c6a9: nextIndex: updateUnconditionally 3 -> 2
2021-07-03 01:53:22,822 [ForkJoinPool.commonPool-worker-0] INFO  statemachine.DatanodeStateMachine (DatanodeStateMachine.java:stopDaemon(488)) - Ozone container server stopped.
2021-07-03 01:53:22,822 [Listener at 127.0.0.1/11044] INFO  metrics.RatisMetrics (RatisMetrics.java:unregister(43)) - Unregistering Metrics Registry : ratis.log_appender.ca9dc723-67a1-4a65-9480-66850f9b9d20@group-35DAF16C14CE
2021-07-03 01:53:22,824 [Listener at 127.0.0.1/11044] INFO  metrics.RatisMetrics (RatisMetrics.java:unregister(43)) - Unregistering Metrics Registry : ratis.server.ca9dc723-67a1-4a65-9480-66850f9b9d20@group-35DAF16C14CE
2021-07-03 01:53:22,825 [ForkJoinPool.commonPool-worker-0] INFO  handler.ContextHandler (ContextHandler.java:doStop(1154)) - Stopped o.e.j.w.WebAppContext@5e1fd72a{hddsDatanode,/,null,STOPPED}{jar:file:/home/runner/.m2/repository/org/apache/ozone/hdds-container-service/1.2.0-SNAPSHOT/hdds-container-service-1.2.0-SNAPSHOT.jar!/webapps/hddsDatanode}
2021-07-03 01:53:22,826 [Listener at 127.0.0.1/11044] INFO  impl.StateMachineUpdater (StateMachineUpdater.java:stopAndJoin(149)) - ca9dc723-67a1-4a65-9480-66850f9b9d20@group-35DAF16C14CE-StateMachineUpdater: set stopIndex = 2
2021-07-03 01:53:22,826 [ca9dc723-67a1-4a65-9480-66850f9b9d20@group-35DAF16C14CE-StateMachineUpdater] INFO  ratis.ContainerStateMachine (ContainerStateMachine.java:takeSnapshot(291)) - group-35DAF16C14CE: Taking a snapshot at:(t:5, i:2) file /home/runner/work/ozone/ozone/mnt/ozone/hadoop-ozone/integration-test/target/test-dir/MiniOzoneClusterImpl-6d7611b0-ac11-41e1-98f8-97ea473a16a6/datanode-1/data/ratis/dcae577b-b0f7-4d18-86dc-35daf16c14ce/sm/snapshot.5_2
2021-07-03 01:53:22,827 [ca9dc723-67a1-4a65-9480-66850f9b9d20@group-35DAF16C14CE-StateMachineUpdater] INFO  ratis.ContainerStateMachine (ContainerStateMachine.java:takeSnapshot(302)) - group-35DAF16C14CE: Finished taking a snapshot at:(t:5, i:2) file:/home/runner/work/ozone/ozone/mnt/ozone/hadoop-ozone/integration-test/target/test-dir/MiniOzoneClusterImpl-6d7611b0-ac11-41e1-98f8-97ea473a16a6/datanode-1/data/ratis/dcae577b-b0f7-4d18-86dc-35daf16c14ce/sm/snapshot.5_2 took: 0 ms
2021-07-03 01:53:22,827 [ca9dc723-67a1-4a65-9480-66850f9b9d20@group-35DAF16C14CE-StateMachineUpdater] INFO  impl.StateMachineUpdater (StateMachineUpdater.java:takeSnapshot(281)) - ca9dc723-67a1-4a65-9480-66850f9b9d20@group-35DAF16C14CE-StateMachineUpdater: Took a snapshot at index 2
2021-07-03 01:53:22,827 [ca9dc723-67a1-4a65-9480-66850f9b9d20@group-35DAF16C14CE-StateMachineUpdater] INFO  impl.StateMachineUpdater (StateMachineUpdater.java:lambda$new$0(89)) - ca9dc723-67a1-4a65-9480-66850f9b9d20@group-35DAF16C14CE-StateMachineUpdater: snapshotIndex: updateIncreasingly -1 -> 2
2021-07-03 01:53:22,827 [ca9dc723-67a1-4a65-9480-66850f9b9d20@group-35DAF16C14CE-StateMachineUpdater] INFO  metrics.RatisMetrics (RatisMetrics.java:unregister(43)) - Unregistering Metrics Registry : ratis.state_machine.ca9dc723-67a1-4a65-9480-66850f9b9d20@group-35DAF16C14CE
2021-07-03 01:53:22,827 [ForkJoinPool.commonPool-worker-0] INFO  server.AbstractConnector (AbstractConnector.java:doStop(381)) - Stopped ServerConnector@6f78d086{HTTP/1.1, (http/1.1)}{0.0.0.0:0}
2021-07-03 01:53:22,827 [ForkJoinPool.commonPool-worker-0] INFO  server.session (HouseKeeper.java:stopScavenging(149)) - node0 Stopped scavenging
2021-07-03 01:53:22,827 [Listener at 127.0.0.1/11044] INFO  server.RaftServer$Division (ServerState.java:close(405)) - ca9dc723-67a1-4a65-9480-66850f9b9d20@group-35DAF16C14CE: closes. applyIndex: 2
2021-07-03 01:53:22,828 [ForkJoinPool.commonPool-worker-0] INFO  handler.ContextHandler (ContextHandler.java:doStop(1154)) - Stopped o.e.j.s.ServletContextHandler@4ce6f39e{static,/static,jar:file:/home/runner/.m2/repository/org/apache/ozone/hdds-container-service/1.2.0-SNAPSHOT/hdds-container-service-1.2.0-SNAPSHOT.jar!/webapps/static,STOPPED}
2021-07-03 01:53:22,828 [ca9dc723-67a1-4a65-9480-66850f9b9d20@group-35DAF16C14CE-SegmentedRaftLogWorker] INFO  segmented.SegmentedRaftLogWorker (SegmentedRaftLogWorker.java:run(327)) - ca9dc723-67a1-4a65-9480-66850f9b9d20@group-35DAF16C14CE-SegmentedRaftLogWorker was interrupted, exiting. There are 0 tasks remaining in the queue.
2021-07-03 01:53:22,834 [ForkJoinPool.commonPool-worker-0] INFO  handler.ContextHandler (ContextHandler.java:doStop(1154)) - Stopped o.e.j.s.ServletContextHandler@74d56a25{logs,/logs,file:///home/runner/work/ozone/ozone/mnt/ozone/hadoop-ozone/integration-test/target/log,STOPPED}
2021-07-03 01:53:22,843 [Listener at 127.0.0.1/11044] INFO  segmented.SegmentedRaftLogWorker (SegmentedRaftLogWorker.java:close(237)) - ca9dc723-67a1-4a65-9480-66850f9b9d20@group-35DAF16C14CE-SegmentedRaftLogWorker close()
2021-07-03 01:53:22,844 [Listener at 127.0.0.1/11044] INFO  metrics.RatisMetrics (RatisMetrics.java:unregister(43)) - Unregistering Metrics Registry : ratis.log_worker.ca9dc723-67a1-4a65-9480-66850f9b9d20@group-35DAF16C14CE
2021-07-03 01:53:22,844 [Listener at 127.0.0.1/11044] INFO  metrics.RatisMetrics (RatisMetrics.java:unregister(43)) - Unregistering Metrics Registry : ratis.leader_election.ca9dc723-67a1-4a65-9480-66850f9b9d20@group-35DAF16C14CE
2021-07-03 01:53:22,844 [Listener at 127.0.0.1/11044] INFO  metrics.RatisMetrics (RatisMetrics.java:unregister(43)) - Unregistering Metrics Registry : ratis.server.ca9dc723-67a1-4a65-9480-66850f9b9d20@group-35DAF16C14CE
2021-07-03 01:53:22,844 [Listener at 127.0.0.1/11044] INFO  server.GrpcService (GrpcService.java:closeImpl(262)) - ca9dc723-67a1-4a65-9480-66850f9b9d20: shutdown server with port 37533 now
2021-07-03 01:53:22,847 [grpc-default-executor-2] WARN  server.GrpcServerProtocolService (LogUtils.java:warn(122)) - ca9dc723-67a1-4a65-9480-66850f9b9d20: installSnapshot onError, lastRequest: 8fa4ef72-0e52-420c-b0d5-60420e93c6a9->ca9dc723-67a1-4a65-9480-66850f9b9d20#1-t4,previous=(t:0, i:0),leaderCommit=-1,initializing? true,entries: size=1, first=(t:4, i:0), CONFIGURATIONENTRY: org.apache.ratis.thirdparty.io.grpc.StatusRuntimeException: CANCELLED: client cancelled
2021-07-03 01:53:22,847 [grpc-default-executor-0] WARN  server.GrpcLogAppender (LogUtils.java:warn(122)) - 8fa4ef72-0e52-420c-b0d5-60420e93c6a9@group-0ABB88D0A2E0->ca9dc723-67a1-4a65-9480-66850f9b9d20-AppendLogResponseHandler: Failed appendEntries: org.apache.ratis.thirdparty.io.grpc.StatusRuntimeException: CANCELLED: HTTP/2 error code: CANCEL
Received Rst Stream
2021-07-03 01:53:22,847 [grpc-default-executor-0] WARN  server.GrpcLogAppender (GrpcLogAppender.java:resetClient(111)) - 8fa4ef72-0e52-420c-b0d5-60420e93c6a9@group-0ABB88D0A2E0->ca9dc723-67a1-4a65-9480-66850f9b9d20-GrpcLogAppender: Leader has not got in touch with Follower 8fa4ef72-0e52-420c-b0d5-60420e93c6a9@group-0ABB88D0A2E0->ca9dc723-67a1-4a65-9480-66850f9b9d20(c0,m0,n1, attendVote=true, lastRpcSendTime=1401, lastRpcResponseTime=1399) yet, just keep nextIndex unchanged and retry.
2021-07-03 01:53:22,858 [Listener at 127.0.0.1/11044] INFO  server.GrpcService (GrpcService.java:closeImpl(271)) - ca9dc723-67a1-4a65-9480-66850f9b9d20: shutdown server with port 37533 successfully
2021-07-03 01:53:22,859 [org.apache.ratis.util.JvmPauseMonitor$$Lambda$493/611739613@1e762942] INFO  util.JvmPauseMonitor (JvmPauseMonitor.java:run(109)) - JvmPauseMonitor-ca9dc723-67a1-4a65-9480-66850f9b9d20: Stopped
2021-07-03 01:53:22,860 [Listener at 127.0.0.1/11044] INFO  utils.BackgroundService (BackgroundService.java:shutdown(132)) - Shutting down service BlockDeletingService
2021-07-03 01:53:22,884 [Listener at 127.0.0.1/11044] INFO  statemachine.DatanodeStateMachine (DatanodeStateMachine.java:stopDaemon(488)) - Ozone container server stopped.
2021-07-03 01:53:22,885 [Listener at 127.0.0.1/11044] INFO  handler.ContextHandler (ContextHandler.java:doStop(1154)) - Stopped o.e.j.w.WebAppContext@428c9250{hddsDatanode,/,null,STOPPED}{jar:file:/home/runner/.m2/repository/org/apache/ozone/hdds-container-service/1.2.0-SNAPSHOT/hdds-container-service-1.2.0-SNAPSHOT.jar!/webapps/hddsDatanode}
2021-07-03 01:53:22,885 [Listener at 127.0.0.1/11044] INFO  server.AbstractConnector (AbstractConnector.java:doStop(381)) - Stopped ServerConnector@15a1911e{HTTP/1.1, (http/1.1)}{0.0.0.0:0}
2021-07-03 01:53:22,885 [Listener at 127.0.0.1/11044] INFO  server.session (HouseKeeper.java:stopScavenging(149)) - node0 Stopped scavenging
2021-07-03 01:53:22,886 [Listener at 127.0.0.1/11044] INFO  handler.ContextHandler (ContextHandler.java:doStop(1154)) - Stopped o.e.j.s.ServletContextHandler@6dad9f5e{static,/static,jar:file:/home/runner/.m2/repository/org/apache/ozone/hdds-container-service/1.2.0-SNAPSHOT/hdds-container-service-1.2.0-SNAPSHOT.jar!/webapps/static,STOPPED}
2021-07-03 01:53:22,886 [Listener at 127.0.0.1/11044] INFO  handler.ContextHandler (ContextHandler.java:doStop(1154)) - Stopped o.e.j.s.ServletContextHandler@417a5aab{logs,/logs,file:///home/runner/work/ozone/ozone/mnt/ozone/hadoop-ozone/integration-test/target/log,STOPPED}
2021-07-03 01:53:23,430 [EndpointStateMachine task thread for /127.0.0.1:14507 - 0 ] INFO  ipc.Client (Client.java:handleConnectionFailure(966)) - Retrying connect to server: localhost/127.0.0.1:14507. Already tried 3 time(s); retry policy is RetryUpToMaximumCountWithFixedSleep(maxRetries=15, sleepTime=1000 MILLISECONDS)
2021-07-03 01:53:23,430 [Datanode State Machine Thread - 0] ERROR datanode.RunningDatanodeState (RunningDatanodeState.java:computeNextContainerState(199)) - Error in executing end point task.
java.util.concurrent.ExecutionException: java.util.concurrent.TimeoutException
	at java.util.concurrent.FutureTask.report(FutureTask.java:122)
	at java.util.concurrent.FutureTask.get(FutureTask.java:192)
	at org.apache.hadoop.ozone.container.common.states.datanode.RunningDatanodeState.computeNextContainerState(RunningDatanodeState.java:191)
	at org.apache.hadoop.ozone.container.common.states.datanode.RunningDatanodeState.await(RunningDatanodeState.java:231)
	at org.apache.hadoop.ozone.container.common.states.datanode.RunningDatanodeState.await(RunningDatanodeState.java:50)
	at org.apache.hadoop.ozone.container.common.statemachine.StateContext.execute(StateContext.java:629)
	at org.apache.hadoop.ozone.container.common.statemachine.DatanodeStateMachine.start(DatanodeStateMachine.java:244)
	at org.apache.hadoop.ozone.container.common.statemachine.DatanodeStateMachine.lambda$startDaemon$0(DatanodeStateMachine.java:429)
	at java.lang.Thread.run(Thread.java:748)
Caused by: java.util.concurrent.TimeoutException
	at java.util.concurrent.FutureTask.get(FutureTask.java:205)
	at org.apache.hadoop.ozone.container.common.states.datanode.RunningDatanodeState.lambda$execute$0(RunningDatanodeState.java:149)
	at java.util.concurrent.FutureTask.run(FutureTask.java:266)
	at java.util.concurrent.Executors$RunnableAdapter.call(Executors.java:511)
	at java.util.concurrent.FutureTask.run(FutureTask.java:266)
	at java.util.concurrent.ThreadPoolExecutor.runWorker(ThreadPoolExecutor.java:1149)
	at java.util.concurrent.ThreadPoolExecutor$Worker.run(ThreadPoolExecutor.java:624)
	... 1 more
2021-07-03 01:53:23,460 [Datanode State Machine Thread - 0] WARN  statemachine.StateContext (StateContext.java:setState(246)) - Ignore disallowed transition from SHUTDOWN to RUNNING
2021-07-03 01:53:23,460 [Datanode State Machine Thread - 0] INFO  statemachine.DatanodeStateMachine (DatanodeStateMachine.java:lambda$startDaemon$0(430)) - Ozone container server started.
2021-07-03 01:53:23,430 [EndpointStateMachine task thread for /127.0.0.1:14517 - 0 ] INFO  ipc.Client (Client.java:handleConnectionFailure(966)) - Retrying connect to server: localhost/127.0.0.1:14517. Already tried 5 time(s); retry policy is RetryUpToMaximumCountWithFixedSleep(maxRetries=15, sleepTime=1000 MILLISECONDS)
2021-07-03 01:53:23,430 [EndpointStateMachine task thread for /127.0.0.1:14497 - 0 ] INFO  ipc.Client (Client.java:handleConnectionFailure(966)) - Retrying connect to server: localhost/127.0.0.1:14497. Already tried 5 time(s); retry policy is RetryUpToMaximumCountWithFixedSleep(maxRetries=15, sleepTime=1000 MILLISECONDS)
2021-07-03 01:53:23,550 [EndpointStateMachine task thread for /127.0.0.1:13935 - 0 ] INFO  ipc.Client (Client.java:handleConnectionFailure(966)) - Retrying connect to server: localhost/127.0.0.1:13935. Already tried 12 time(s); retry policy is RetryUpToMaximumCountWithFixedSleep(maxRetries=15, sleepTime=1000 MILLISECONDS)
2021-07-03 01:53:23,550 [EndpointStateMachine task thread for /127.0.0.1:13945 - 0 ] INFO  ipc.Client (Client.java:handleConnectionFailure(966)) - Retrying connect to server: localhost/127.0.0.1:13945. Already tried 11 time(s); retry policy is RetryUpToMaximumCountWithFixedSleep(maxRetries=15, sleepTime=1000 MILLISECONDS)
2021-07-03 01:53:23,551 [EndpointStateMachine task thread for /127.0.0.1:13925 - 0 ] INFO  ipc.Client (Client.java:handleConnectionFailure(966)) - Retrying connect to server: localhost/127.0.0.1:13925. Already tried 14 time(s); retry policy is RetryUpToMaximumCountWithFixedSleep(maxRetries=15, sleepTime=1000 MILLISECONDS)
2021-07-03 01:53:23,950 [grpc-default-executor-0] WARN  server.GrpcLogAppender (LogUtils.java:warn(122)) - 8fa4ef72-0e52-420c-b0d5-60420e93c6a9@group-0ABB88D0A2E0->ca9dc723-67a1-4a65-9480-66850f9b9d20-AppendLogResponseHandler: Failed appendEntries: org.apache.ratis.thirdparty.io.grpc.StatusRuntimeException: UNAVAILABLE: io exception
2021-07-03 01:53:23,950 [grpc-default-executor-0] WARN  server.GrpcLogAppender (GrpcLogAppender.java:resetClient(111)) - 8fa4ef72-0e52-420c-b0d5-60420e93c6a9@group-0ABB88D0A2E0->ca9dc723-67a1-4a65-9480-66850f9b9d20-GrpcLogAppender: Leader has not got in touch with Follower 8fa4ef72-0e52-420c-b0d5-60420e93c6a9@group-0ABB88D0A2E0->ca9dc723-67a1-4a65-9480-66850f9b9d20(c0,m0,n1, attendVote=true, lastRpcSendTime=0, lastRpcResponseTime=2503) yet, just keep nextIndex unchanged and retry.
2021-07-03 01:53:23,953 [grpc-default-executor-0] WARN  server.GrpcLogAppender (LogUtils.java:warn(122)) - 8fa4ef72-0e52-420c-b0d5-60420e93c6a9@group-0ABB88D0A2E0->48a93f24-2ce5-44e8-b9e2-5628d9c2ac97-AppendLogResponseHandler: Failed appendEntries: org.apache.ratis.thirdparty.io.grpc.StatusRuntimeException: UNAVAILABLE: io exception
2021-07-03 01:53:23,954 [grpc-default-executor-0] WARN  server.GrpcLogAppender (GrpcLogAppender.java:resetClient(111)) - 8fa4ef72-0e52-420c-b0d5-60420e93c6a9@group-0ABB88D0A2E0->48a93f24-2ce5-44e8-b9e2-5628d9c2ac97-GrpcLogAppender: Leader has not got in touch with Follower 8fa4ef72-0e52-420c-b0d5-60420e93c6a9@group-0ABB88D0A2E0->48a93f24-2ce5-44e8-b9e2-5628d9c2ac97(c0,m0,n1, attendVote=true, lastRpcSendTime=0, lastRpcResponseTime=2502) yet, just keep nextIndex unchanged and retry.
2021-07-03 01:53:24,430 [EndpointStateMachine task thread for /127.0.0.1:14507 - 0 ] INFO  ipc.Client (Client.java:handleConnectionFailure(966)) - Retrying connect to server: localhost/127.0.0.1:14507. Already tried 4 time(s); retry policy is RetryUpToMaximumCountWithFixedSleep(maxRetries=15, sleepTime=1000 MILLISECONDS)
2021-07-03 01:53:24,460 [EndpointStateMachine task thread for /127.0.0.1:14517 - 0 ] INFO  ipc.Client (Client.java:handleConnectionFailure(966)) - Retrying connect to server: localhost/127.0.0.1:14517. Already tried 6 time(s); retry policy is RetryUpToMaximumCountWithFixedSleep(maxRetries=15, sleepTime=1000 MILLISECONDS)
2021-07-03 01:53:24,461 [EndpointStateMachine task thread for /127.0.0.1:14497 - 0 ] INFO  ipc.Client (Client.java:handleConnectionFailure(966)) - Retrying connect to server: localhost/127.0.0.1:14497. Already tried 6 time(s); retry policy is RetryUpToMaximumCountWithFixedSleep(maxRetries=15, sleepTime=1000 MILLISECONDS)
2021-07-03 01:53:24,551 [EndpointStateMachine task thread for /127.0.0.1:13945 - 0 ] INFO  ipc.Client (Client.java:handleConnectionFailure(966)) - Retrying connect to server: localhost/127.0.0.1:13945. Already tried 12 time(s); retry policy is RetryUpToMaximumCountWithFixedSleep(maxRetries=15, sleepTime=1000 MILLISECONDS)
2021-07-03 01:53:24,551 [EndpointStateMachine task thread for /127.0.0.1:13935 - 0 ] INFO  ipc.Client (Client.java:handleConnectionFailure(966)) - Retrying connect to server: localhost/127.0.0.1:13935. Already tried 13 time(s); retry policy is RetryUpToMaximumCountWithFixedSleep(maxRetries=15, sleepTime=1000 MILLISECONDS)
2021-07-03 01:53:24,552 [EndpointStateMachine task thread for /127.0.0.1:13925 - 0 ] INFO  ipc.Client (Client.java:handleConnectionFailure(966)) - Retrying connect to server: localhost/127.0.0.1:13925. Already tried 0 time(s); retry policy is RetryUpToMaximumCountWithFixedSleep(maxRetries=15, sleepTime=1000 MILLISECONDS)
2021-07-03 01:53:25,431 [EndpointStateMachine task thread for /127.0.0.1:14507 - 0 ] INFO  ipc.Client (Client.java:handleConnectionFailure(966)) - Retrying connect to server: localhost/127.0.0.1:14507. Already tried 5 time(s); retry policy is RetryUpToMaximumCountWithFixedSleep(maxRetries=15, sleepTime=1000 MILLISECONDS)
2021-07-03 01:53:25,461 [EndpointStateMachine task thread for /127.0.0.1:14517 - 0 ] INFO  ipc.Client (Client.java:handleConnectionFailure(966)) - Retrying connect to server: localhost/127.0.0.1:14517. Already tried 7 time(s); retry policy is RetryUpToMaximumCountWithFixedSleep(maxRetries=15, sleepTime=1000 MILLISECONDS)
2021-07-03 01:53:25,461 [EndpointStateMachine task thread for /127.0.0.1:14497 - 0 ] INFO  ipc.Client (Client.java:handleConnectionFailure(966)) - Retrying connect to server: localhost/127.0.0.1:14497. Already tried 7 time(s); retry policy is RetryUpToMaximumCountWithFixedSleep(maxRetries=15, sleepTime=1000 MILLISECONDS)
2021-07-03 01:53:25,551 [EndpointStateMachine task thread for /127.0.0.1:13945 - 0 ] INFO  ipc.Client (Client.java:handleConnectionFailure(966)) - Retrying connect to server: localhost/127.0.0.1:13945. Already tried 13 time(s); retry policy is RetryUpToMaximumCountWithFixedSleep(maxRetries=15, sleepTime=1000 MILLISECONDS)
2021-07-03 01:53:25,551 [EndpointStateMachine task thread for /127.0.0.1:13935 - 0 ] INFO  ipc.Client (Client.java:handleConnectionFailure(966)) - Retrying connect to server: localhost/127.0.0.1:13935. Already tried 14 time(s); retry policy is RetryUpToMaximumCountWithFixedSleep(maxRetries=15, sleepTime=1000 MILLISECONDS)
2021-07-03 01:53:25,553 [EndpointStateMachine task thread for /127.0.0.1:13925 - 0 ] INFO  ipc.Client (Client.java:handleConnectionFailure(966)) - Retrying connect to server: localhost/127.0.0.1:13925. Already tried 1 time(s); retry policy is RetryUpToMaximumCountWithFixedSleep(maxRetries=15, sleepTime=1000 MILLISECONDS)
2021-07-03 01:53:26,432 [EndpointStateMachine task thread for /127.0.0.1:14507 - 0 ] INFO  ipc.Client (Client.java:handleConnectionFailure(966)) - Retrying connect to server: localhost/127.0.0.1:14507. Already tried 6 time(s); retry policy is RetryUpToMaximumCountWithFixedSleep(maxRetries=15, sleepTime=1000 MILLISECONDS)
2021-07-03 01:53:26,450 [grpc-default-executor-0] WARN  server.GrpcLogAppender (LogUtils.java:warn(122)) - 8fa4ef72-0e52-420c-b0d5-60420e93c6a9@group-0ABB88D0A2E0->ca9dc723-67a1-4a65-9480-66850f9b9d20-AppendLogResponseHandler: Failed appendEntries: org.apache.ratis.thirdparty.io.grpc.StatusRuntimeException: UNAVAILABLE: io exception
2021-07-03 01:53:26,451 [grpc-default-executor-0] WARN  server.GrpcLogAppender (GrpcLogAppender.java:resetClient(111)) - 8fa4ef72-0e52-420c-b0d5-60420e93c6a9@group-0ABB88D0A2E0->ca9dc723-67a1-4a65-9480-66850f9b9d20-GrpcLogAppender: Leader has not got in touch with Follower 8fa4ef72-0e52-420c-b0d5-60420e93c6a9@group-0ABB88D0A2E0->ca9dc723-67a1-4a65-9480-66850f9b9d20(c0,m0,n1, attendVote=true, lastRpcSendTime=0, lastRpcResponseTime=5003) yet, just keep nextIndex unchanged and retry.
2021-07-03 01:53:26,453 [grpc-default-executor-0] WARN  server.GrpcLogAppender (LogUtils.java:warn(122)) - 8fa4ef72-0e52-420c-b0d5-60420e93c6a9@group-0ABB88D0A2E0->48a93f24-2ce5-44e8-b9e2-5628d9c2ac97-AppendLogResponseHandler: Failed appendEntries: org.apache.ratis.thirdparty.io.grpc.StatusRuntimeException: UNAVAILABLE: io exception
2021-07-03 01:53:26,454 [grpc-default-executor-0] WARN  server.GrpcLogAppender (GrpcLogAppender.java:resetClient(111)) - 8fa4ef72-0e52-420c-b0d5-60420e93c6a9@group-0ABB88D0A2E0->48a93f24-2ce5-44e8-b9e2-5628d9c2ac97-GrpcLogAppender: Leader has not got in touch with Follower 8fa4ef72-0e52-420c-b0d5-60420e93c6a9@group-0ABB88D0A2E0->48a93f24-2ce5-44e8-b9e2-5628d9c2ac97(c0,m0,n1, attendVote=true, lastRpcSendTime=2500, lastRpcResponseTime=5002) yet, just keep nextIndex unchanged and retry.
2021-07-03 01:53:26,461 [EndpointStateMachine task thread for /127.0.0.1:14517 - 0 ] INFO  ipc.Client (Client.java:handleConnectionFailure(966)) - Retrying connect to server: localhost/127.0.0.1:14517. Already tried 8 time(s); retry policy is RetryUpToMaximumCountWithFixedSleep(maxRetries=15, sleepTime=1000 MILLISECONDS)
2021-07-03 01:53:26,461 [EndpointStateMachine task thread for /127.0.0.1:14497 - 0 ] INFO  ipc.Client (Client.java:handleConnectionFailure(966)) - Retrying connect to server: localhost/127.0.0.1:14497. Already tried 8 time(s); retry policy is RetryUpToMaximumCountWithFixedSleep(maxRetries=15, sleepTime=1000 MILLISECONDS)
2021-07-03 01:53:26,470 [8fa4ef72-0e52-420c-b0d5-60420e93c6a9@group-35DAF16C14CE-FollowerState] INFO  impl.FollowerState (FollowerState.java:run(134)) - 8fa4ef72-0e52-420c-b0d5-60420e93c6a9@group-35DAF16C14CE-FollowerState: change to CANDIDATE, lastRpcElapsedTime:5268492918ns, electionTimeout:5159ms
2021-07-03 01:53:26,470 [8fa4ef72-0e52-420c-b0d5-60420e93c6a9@group-35DAF16C14CE-FollowerState] INFO  impl.RoleInfo (RoleInfo.java:shutdownFollowerState(108)) - 8fa4ef72-0e52-420c-b0d5-60420e93c6a9: shutdown 8fa4ef72-0e52-420c-b0d5-60420e93c6a9@group-35DAF16C14CE-FollowerState
2021-07-03 01:53:26,470 [8fa4ef72-0e52-420c-b0d5-60420e93c6a9@group-35DAF16C14CE-FollowerState] INFO  server.RaftServer$Division (RaftServerImpl.java:setRole(284)) - 8fa4ef72-0e52-420c-b0d5-60420e93c6a9@group-35DAF16C14CE: changes role from  FOLLOWER to CANDIDATE at term 5 for changeToCandidate
2021-07-03 01:53:26,470 [8fa4ef72-0e52-420c-b0d5-60420e93c6a9@group-35DAF16C14CE-FollowerState] INFO  server.RaftServerConfigKeys (ConfUtils.java:logGet(44)) - raft.server.leaderelection.pre-vote = false (custom)
2021-07-03 01:53:26,471 [8fa4ef72-0e52-420c-b0d5-60420e93c6a9@group-35DAF16C14CE-FollowerState] INFO  impl.RoleInfo (RoleInfo.java:updateAndGet(130)) - 8fa4ef72-0e52-420c-b0d5-60420e93c6a9: start 8fa4ef72-0e52-420c-b0d5-60420e93c6a9@group-35DAF16C14CE-LeaderElection32
2021-07-03 01:53:26,502 [8fa4ef72-0e52-420c-b0d5-60420e93c6a9@group-35DAF16C14CE-LeaderElection32] INFO  server.RaftServer$Division (ServerState.java:setLeader(271)) - 8fa4ef72-0e52-420c-b0d5-60420e93c6a9@group-35DAF16C14CE: change Leader from ca9dc723-67a1-4a65-9480-66850f9b9d20 to null at term 5 for ELECTION
2021-07-03 01:53:26,503 [8fa4ef72-0e52-420c-b0d5-60420e93c6a9@group-35DAF16C14CE-LeaderElection32] INFO  impl.LeaderElection (LeaderElection.java:askForVotes(306)) - 8fa4ef72-0e52-420c-b0d5-60420e93c6a9@group-35DAF16C14CE-LeaderElection32 ELECTION round 0: submit vote requests at term 6 for 1: [ca9dc723-67a1-4a65-9480-66850f9b9d20|rpc:127.0.0.1:37533|dataStream:|priority:1, 48a93f24-2ce5-44e8-b9e2-5628d9c2ac97|rpc:127.0.0.1:36777|dataStream:|priority:0, 8fa4ef72-0e52-420c-b0d5-60420e93c6a9|rpc:127.0.0.1:35781|dataStream:|priority:0], old=null
2021-07-03 01:53:26,516 [8fa4ef72-0e52-420c-b0d5-60420e93c6a9@group-35DAF16C14CE-LeaderElection32] INFO  impl.LeaderElection (LogUtils.java:infoOrTrace(137)) - 8fa4ef72-0e52-420c-b0d5-60420e93c6a9@group-35DAF16C14CE-LeaderElection32 got exception when requesting votes: java.util.concurrent.ExecutionException: org.apache.ratis.thirdparty.io.grpc.StatusRuntimeException: UNAVAILABLE: io exception
2021-07-03 01:53:26,517 [8fa4ef72-0e52-420c-b0d5-60420e93c6a9@group-35DAF16C14CE-LeaderElection32] INFO  impl.LeaderElection (LogUtils.java:infoOrTrace(137)) - 8fa4ef72-0e52-420c-b0d5-60420e93c6a9@group-35DAF16C14CE-LeaderElection32 got exception when requesting votes: java.util.concurrent.ExecutionException: org.apache.ratis.thirdparty.io.grpc.StatusRuntimeException: UNAVAILABLE: io exception
2021-07-03 01:53:26,517 [8fa4ef72-0e52-420c-b0d5-60420e93c6a9@group-35DAF16C14CE-LeaderElection32] INFO  impl.LeaderElection (LeaderElection.java:logAndReturn(89)) - 8fa4ef72-0e52-420c-b0d5-60420e93c6a9@group-35DAF16C14CE-LeaderElection32: ELECTION REJECTED received 0 response(s) and 2 exception(s):
2021-07-03 01:53:26,517 [8fa4ef72-0e52-420c-b0d5-60420e93c6a9@group-35DAF16C14CE-LeaderElection32] INFO  impl.LeaderElection (LogUtils.java:infoOrTrace(137)) -   Exception 0: java.util.concurrent.ExecutionException: org.apache.ratis.thirdparty.io.grpc.StatusRuntimeException: UNAVAILABLE: io exception
2021-07-03 01:53:26,517 [8fa4ef72-0e52-420c-b0d5-60420e93c6a9@group-35DAF16C14CE-LeaderElection32] INFO  impl.LeaderElection (LogUtils.java:infoOrTrace(137)) -   Exception 1: java.util.concurrent.ExecutionException: org.apache.ratis.thirdparty.io.grpc.StatusRuntimeException: UNAVAILABLE: io exception
2021-07-03 01:53:26,517 [8fa4ef72-0e52-420c-b0d5-60420e93c6a9@group-35DAF16C14CE-LeaderElection32] INFO  impl.LeaderElection (LeaderElection.java:askForVotes(308)) - 8fa4ef72-0e52-420c-b0d5-60420e93c6a9@group-35DAF16C14CE-LeaderElection32 ELECTION round 0: result REJECTED
2021-07-03 01:53:26,517 [8fa4ef72-0e52-420c-b0d5-60420e93c6a9@group-35DAF16C14CE-LeaderElection32] INFO  server.RaftServer$Division (RaftServerImpl.java:setRole(284)) - 8fa4ef72-0e52-420c-b0d5-60420e93c6a9@group-35DAF16C14CE: changes role from CANDIDATE to FOLLOWER at term 6 for REJECTED
2021-07-03 01:53:26,517 [8fa4ef72-0e52-420c-b0d5-60420e93c6a9@group-35DAF16C14CE-LeaderElection32] INFO  impl.RoleInfo (RoleInfo.java:shutdownLeaderElection(121)) - 8fa4ef72-0e52-420c-b0d5-60420e93c6a9: shutdown 8fa4ef72-0e52-420c-b0d5-60420e93c6a9@group-35DAF16C14CE-LeaderElection32
2021-07-03 01:53:26,517 [8fa4ef72-0e52-420c-b0d5-60420e93c6a9@group-35DAF16C14CE-LeaderElection32] INFO  impl.RoleInfo (RoleInfo.java:updateAndGet(130)) - 8fa4ef72-0e52-420c-b0d5-60420e93c6a9: start 8fa4ef72-0e52-420c-b0d5-60420e93c6a9@group-35DAF16C14CE-FollowerState
2021-07-03 01:53:26,552 [EndpointStateMachine task thread for /127.0.0.1:13945 - 0 ] INFO  ipc.Client (Client.java:handleConnectionFailure(966)) - Retrying connect to server: localhost/127.0.0.1:13945. Already tried 14 time(s); retry policy is RetryUpToMaximumCountWithFixedSleep(maxRetries=15, sleepTime=1000 MILLISECONDS)
2021-07-03 01:53:26,553 [EndpointStateMachine task thread for /127.0.0.1:13935 - 0 ] INFO  ipc.Client (Client.java:handleConnectionFailure(966)) - Retrying connect to server: localhost/127.0.0.1:13935. Already tried 0 time(s); retry policy is RetryUpToMaximumCountWithFixedSleep(maxRetries=15, sleepTime=1000 MILLISECONDS)
2021-07-03 01:53:26,554 [EndpointStateMachine task thread for /127.0.0.1:13925 - 0 ] INFO  ipc.Client (Client.java:handleConnectionFailure(966)) - Retrying connect to server: localhost/127.0.0.1:13925. Already tried 2 time(s); retry policy is RetryUpToMaximumCountWithFixedSleep(maxRetries=15, sleepTime=1000 MILLISECONDS)
2021-07-03 01:53:26,788 [8fa4ef72-0e52-420c-b0d5-60420e93c6a9@group-0ABB88D0A2E0-LeaderStateImpl] WARN  server.RaftServer$Division (LeaderStateImpl.java:checkLeadership(944)) - 8fa4ef72-0e52-420c-b0d5-60420e93c6a9@group-0ABB88D0A2E0-LeaderStateImpl: Lost leadership on term: 4. Election timeout: 5200ms. In charge for: 10442ms. Conf: 0: [ca9dc723-67a1-4a65-9480-66850f9b9d20|rpc:127.0.0.1:37533|dataStream:|priority:0, 48a93f24-2ce5-44e8-b9e2-5628d9c2ac97|rpc:127.0.0.1:36777|dataStream:|priority:0, 8fa4ef72-0e52-420c-b0d5-60420e93c6a9|rpc:127.0.0.1:35781|dataStream:|priority:1], old=null
2021-07-03 01:53:26,789 [8fa4ef72-0e52-420c-b0d5-60420e93c6a9@group-0ABB88D0A2E0-LeaderStateImpl] WARN  server.RaftServer$Division (LeaderStateImpl.java:lambda$checkLeadership$15(948)) - Follower 8fa4ef72-0e52-420c-b0d5-60420e93c6a9@group-0ABB88D0A2E0->ca9dc723-67a1-4a65-9480-66850f9b9d20(c0,m0,n1, attendVote=true, lastRpcSendTime=338, lastRpcResponseTime=5341)
2021-07-03 01:53:26,789 [8fa4ef72-0e52-420c-b0d5-60420e93c6a9@group-0ABB88D0A2E0-LeaderStateImpl] WARN  server.RaftServer$Division (LeaderStateImpl.java:lambda$checkLeadership$15(948)) - Follower 8fa4ef72-0e52-420c-b0d5-60420e93c6a9@group-0ABB88D0A2E0->48a93f24-2ce5-44e8-b9e2-5628d9c2ac97(c0,m0,n1, attendVote=true, lastRpcSendTime=335, lastRpcResponseTime=5337)
2021-07-03 01:53:26,789 [8fa4ef72-0e52-420c-b0d5-60420e93c6a9@group-0ABB88D0A2E0-LeaderStateImpl] INFO  server.RaftServer$Division (RaftServerImpl.java:setRole(284)) - 8fa4ef72-0e52-420c-b0d5-60420e93c6a9@group-0ABB88D0A2E0: changes role from    LEADER to FOLLOWER at term 4 for StepDownReason:LOST_MAJORITY_HEARTBEATS
2021-07-03 01:53:26,789 [8fa4ef72-0e52-420c-b0d5-60420e93c6a9@group-0ABB88D0A2E0-LeaderStateImpl] INFO  impl.RoleInfo (RoleInfo.java:shutdownLeaderState(91)) - 8fa4ef72-0e52-420c-b0d5-60420e93c6a9: shutdown 8fa4ef72-0e52-420c-b0d5-60420e93c6a9@group-0ABB88D0A2E0-LeaderStateImpl
2021-07-03 01:53:26,789 [8fa4ef72-0e52-420c-b0d5-60420e93c6a9@group-0ABB88D0A2E0-LeaderStateImpl] INFO  metrics.RatisMetrics (RatisMetrics.java:unregister(43)) - Unregistering Metrics Registry : ratis_grpc.log_appender.8fa4ef72-0e52-420c-b0d5-60420e93c6a9@group-0ABB88D0A2E0
2021-07-03 01:53:26,789 [8fa4ef72-0e52-420c-b0d5-60420e93c6a9@group-0ABB88D0A2E0-LeaderStateImpl] INFO  metrics.RatisMetrics (RatisMetrics.java:unregister(43)) - Unregistering Metrics Registry : ratis_grpc.log_appender.8fa4ef72-0e52-420c-b0d5-60420e93c6a9@group-0ABB88D0A2E0
2021-07-03 01:53:26,789 [8fa4ef72-0e52-420c-b0d5-60420e93c6a9@group-0ABB88D0A2E0-LeaderStateImpl] INFO  impl.PendingRequests (PendingRequests.java:sendNotLeaderResponses(249)) - 8fa4ef72-0e52-420c-b0d5-60420e93c6a9@group-0ABB88D0A2E0-PendingRequests: sendNotLeaderResponses
2021-07-03 01:53:26,789 [8fa4ef72-0e52-420c-b0d5-60420e93c6a9@group-0ABB88D0A2E0-LeaderStateImpl] INFO  metrics.RatisMetrics (RatisMetrics.java:unregister(43)) - Unregistering Metrics Registry : ratis.log_appender.8fa4ef72-0e52-420c-b0d5-60420e93c6a9@group-0ABB88D0A2E0
2021-07-03 01:53:26,789 [8fa4ef72-0e52-420c-b0d5-60420e93c6a9@group-0ABB88D0A2E0-LeaderStateImpl] INFO  metrics.RatisMetrics (RatisMetrics.java:unregister(43)) - Unregistering Metrics Registry : ratis.server.8fa4ef72-0e52-420c-b0d5-60420e93c6a9@group-0ABB88D0A2E0
2021-07-03 01:53:26,790 [8fa4ef72-0e52-420c-b0d5-60420e93c6a9@group-0ABB88D0A2E0-LeaderStateImpl] INFO  impl.RoleInfo (RoleInfo.java:updateAndGet(130)) - 8fa4ef72-0e52-420c-b0d5-60420e93c6a9: start 8fa4ef72-0e52-420c-b0d5-60420e93c6a9@group-0ABB88D0A2E0-FollowerState
2021-07-03 01:53:27,432 [EndpointStateMachine task thread for /127.0.0.1:14507 - 0 ] INFO  ipc.Client (Client.java:handleConnectionFailure(966)) - Retrying connect to server: localhost/127.0.0.1:14507. Already tried 7 time(s); retry policy is RetryUpToMaximumCountWithFixedSleep(maxRetries=15, sleepTime=1000 MILLISECONDS)
2021-07-03 01:53:27,461 [EndpointStateMachine task thread for /127.0.0.1:14517 - 0 ] INFO  ipc.Client (Client.java:handleConnectionFailure(966)) - Retrying connect to server: localhost/127.0.0.1:14517. Already tried 9 time(s); retry policy is RetryUpToMaximumCountWithFixedSleep(maxRetries=15, sleepTime=1000 MILLISECONDS)
2021-07-03 01:53:27,462 [EndpointStateMachine task thread for /127.0.0.1:14497 - 0 ] INFO  ipc.Client (Client.java:handleConnectionFailure(966)) - Retrying connect to server: localhost/127.0.0.1:14497. Already tried 9 time(s); retry policy is RetryUpToMaximumCountWithFixedSleep(maxRetries=15, sleepTime=1000 MILLISECONDS)
2021-07-03 01:53:27,554 [EndpointStateMachine task thread for /127.0.0.1:13925 - 0 ] INFO  ipc.Client (Client.java:handleConnectionFailure(966)) - Retrying connect to server: localhost/127.0.0.1:13925. Already tried 3 time(s); retry policy is RetryUpToMaximumCountWithFixedSleep(maxRetries=15, sleepTime=1000 MILLISECONDS)
2021-07-03 01:53:27,555 [EndpointStateMachine task thread for /127.0.0.1:13935 - 0 ] INFO  ipc.Client (Client.java:handleConnectionFailure(966)) - Retrying connect to server: localhost/127.0.0.1:13935. Already tried 1 time(s); retry policy is RetryUpToMaximumCountWithFixedSleep(maxRetries=15, sleepTime=1000 MILLISECONDS)
2021-07-03 01:53:27,837 [ForkJoinPool.commonPool-worker-0] INFO  ozoneimpl.OzoneContainer (OzoneContainer.java:stop(326)) - Attempting to stop container services.
2021-07-03 01:53:27,839 [ForkJoinPool.commonPool-worker-0] INFO  server.RaftServer (RaftServerProxy.java:lambda$close$6(391)) - 8fa4ef72-0e52-420c-b0d5-60420e93c6a9: close
2021-07-03 01:53:27,839 [ForkJoinPool.commonPool-worker-0] INFO  server.RaftServer$Division (RaftServerImpl.java:lambda$close$4(406)) - 8fa4ef72-0e52-420c-b0d5-60420e93c6a9@group-0ABB88D0A2E0: shutdown
2021-07-03 01:53:27,839 [ForkJoinPool.commonPool-worker-0] INFO  util.JmxRegister (JmxRegister.java:unregister(73)) - Successfully un-registered JMX Bean with object name Ratis:service=RaftServer,group=group-0ABB88D0A2E0,id=8fa4ef72-0e52-420c-b0d5-60420e93c6a9
2021-07-03 01:53:27,839 [ForkJoinPool.commonPool-worker-0] INFO  impl.RoleInfo (RoleInfo.java:shutdownFollowerState(108)) - 8fa4ef72-0e52-420c-b0d5-60420e93c6a9: shutdown 8fa4ef72-0e52-420c-b0d5-60420e93c6a9@group-0ABB88D0A2E0-FollowerState
2021-07-03 01:53:27,839 [ForkJoinPool.commonPool-worker-0] INFO  impl.StateMachineUpdater (StateMachineUpdater.java:stopAndJoin(149)) - 8fa4ef72-0e52-420c-b0d5-60420e93c6a9@group-0ABB88D0A2E0-StateMachineUpdater: set stopIndex = 0
2021-07-03 01:53:27,840 [8fa4ef72-0e52-420c-b0d5-60420e93c6a9@group-0ABB88D0A2E0-StateMachineUpdater] INFO  ratis.ContainerStateMachine (ContainerStateMachine.java:takeSnapshot(291)) - group-0ABB88D0A2E0: Taking a snapshot at:(t:4, i:0) file /home/runner/work/ozone/ozone/mnt/ozone/hadoop-ozone/integration-test/target/test-dir/MiniOzoneClusterImpl-6d7611b0-ac11-41e1-98f8-97ea473a16a6/datanode-2/data/ratis/24d4eb0a-6b75-4498-880f-0abb88d0a2e0/sm/snapshot.4_0
2021-07-03 01:53:27,839 [8fa4ef72-0e52-420c-b0d5-60420e93c6a9@group-0ABB88D0A2E0-FollowerState] INFO  impl.FollowerState (FollowerState.java:run(143)) - 8fa4ef72-0e52-420c-b0d5-60420e93c6a9@group-0ABB88D0A2E0-FollowerState was interrupted: {}
java.lang.InterruptedException: sleep interrupted
	at java.lang.Thread.sleep(Native Method)
	at java.lang.Thread.sleep(Thread.java:340)
	at java.util.concurrent.TimeUnit.sleep(TimeUnit.java:386)
	at org.apache.ratis.util.TimeDuration.sleep(TimeDuration.java:324)
	at org.apache.ratis.util.TimeDuration.sleep(TimeDuration.java:309)
	at org.apache.ratis.server.impl.FollowerState.run(FollowerState.java:118)
2021-07-03 01:53:27,841 [8fa4ef72-0e52-420c-b0d5-60420e93c6a9@group-0ABB88D0A2E0-StateMachineUpdater] INFO  ratis.ContainerStateMachine (ContainerStateMachine.java:takeSnapshot(302)) - group-0ABB88D0A2E0: Finished taking a snapshot at:(t:4, i:0) file:/home/runner/work/ozone/ozone/mnt/ozone/hadoop-ozone/integration-test/target/test-dir/MiniOzoneClusterImpl-6d7611b0-ac11-41e1-98f8-97ea473a16a6/datanode-2/data/ratis/24d4eb0a-6b75-4498-880f-0abb88d0a2e0/sm/snapshot.4_0 took: 1 ms
2021-07-03 01:53:27,841 [8fa4ef72-0e52-420c-b0d5-60420e93c6a9@group-0ABB88D0A2E0-StateMachineUpdater] INFO  impl.StateMachineUpdater (StateMachineUpdater.java:takeSnapshot(281)) - 8fa4ef72-0e52-420c-b0d5-60420e93c6a9@group-0ABB88D0A2E0-StateMachineUpdater: Took a snapshot at index 0
2021-07-03 01:53:27,841 [8fa4ef72-0e52-420c-b0d5-60420e93c6a9@group-0ABB88D0A2E0-StateMachineUpdater] INFO  impl.StateMachineUpdater (StateMachineUpdater.java:lambda$new$0(89)) - 8fa4ef72-0e52-420c-b0d5-60420e93c6a9@group-0ABB88D0A2E0-StateMachineUpdater: snapshotIndex: updateIncreasingly -1 -> 0
2021-07-03 01:53:27,841 [8fa4ef72-0e52-420c-b0d5-60420e93c6a9@group-0ABB88D0A2E0-StateMachineUpdater] INFO  metrics.RatisMetrics (RatisMetrics.java:unregister(43)) - Unregistering Metrics Registry : ratis.state_machine.8fa4ef72-0e52-420c-b0d5-60420e93c6a9@group-0ABB88D0A2E0
2021-07-03 01:53:27,841 [ForkJoinPool.commonPool-worker-0] INFO  server.RaftServer$Division (ServerState.java:close(405)) - 8fa4ef72-0e52-420c-b0d5-60420e93c6a9@group-0ABB88D0A2E0: closes. applyIndex: 0
2021-07-03 01:53:27,841 [8fa4ef72-0e52-420c-b0d5-60420e93c6a9@group-0ABB88D0A2E0-SegmentedRaftLogWorker] INFO  segmented.SegmentedRaftLogWorker (SegmentedRaftLogWorker.java:run(327)) - 8fa4ef72-0e52-420c-b0d5-60420e93c6a9@group-0ABB88D0A2E0-SegmentedRaftLogWorker was interrupted, exiting. There are 0 tasks remaining in the queue.
2021-07-03 01:53:27,842 [ForkJoinPool.commonPool-worker-0] INFO  segmented.SegmentedRaftLogWorker (SegmentedRaftLogWorker.java:close(237)) - 8fa4ef72-0e52-420c-b0d5-60420e93c6a9@group-0ABB88D0A2E0-SegmentedRaftLogWorker close()
2021-07-03 01:53:27,842 [ForkJoinPool.commonPool-worker-0] INFO  metrics.RatisMetrics (RatisMetrics.java:unregister(43)) - Unregistering Metrics Registry : ratis.log_worker.8fa4ef72-0e52-420c-b0d5-60420e93c6a9@group-0ABB88D0A2E0
2021-07-03 01:53:27,842 [ForkJoinPool.commonPool-worker-0] INFO  metrics.RatisMetrics (RatisMetrics.java:unregister(43)) - Unregistering Metrics Registry : ratis.leader_election.8fa4ef72-0e52-420c-b0d5-60420e93c6a9@group-0ABB88D0A2E0
2021-07-03 01:53:27,842 [ForkJoinPool.commonPool-worker-0] INFO  metrics.RatisMetrics (RatisMetrics.java:unregister(43)) - Unregistering Metrics Registry : ratis.server.8fa4ef72-0e52-420c-b0d5-60420e93c6a9@group-0ABB88D0A2E0
2021-07-03 01:53:27,842 [ForkJoinPool.commonPool-worker-0] INFO  server.RaftServer$Division (RaftServerImpl.java:lambda$close$4(406)) - 8fa4ef72-0e52-420c-b0d5-60420e93c6a9@group-190898BE10ED: shutdown
2021-07-03 01:53:27,842 [ForkJoinPool.commonPool-worker-0] INFO  util.JmxRegister (JmxRegister.java:unregister(73)) - Successfully un-registered JMX Bean with object name Ratis:service=RaftServer,group=group-190898BE10ED,id=8fa4ef72-0e52-420c-b0d5-60420e93c6a9
2021-07-03 01:53:27,842 [ForkJoinPool.commonPool-worker-0] INFO  impl.RoleInfo (RoleInfo.java:shutdownLeaderState(91)) - 8fa4ef72-0e52-420c-b0d5-60420e93c6a9: shutdown 8fa4ef72-0e52-420c-b0d5-60420e93c6a9@group-190898BE10ED-LeaderStateImpl
2021-07-03 01:53:27,843 [ForkJoinPool.commonPool-worker-0] INFO  impl.PendingRequests (PendingRequests.java:sendNotLeaderResponses(249)) - 8fa4ef72-0e52-420c-b0d5-60420e93c6a9@group-190898BE10ED-PendingRequests: sendNotLeaderResponses
2021-07-03 01:53:27,843 [ForkJoinPool.commonPool-worker-0] INFO  metrics.RatisMetrics (RatisMetrics.java:unregister(43)) - Unregistering Metrics Registry : ratis.log_appender.8fa4ef72-0e52-420c-b0d5-60420e93c6a9@group-190898BE10ED
2021-07-03 01:53:27,843 [ForkJoinPool.commonPool-worker-0] INFO  metrics.RatisMetrics (RatisMetrics.java:unregister(43)) - Unregistering Metrics Registry : ratis.server.8fa4ef72-0e52-420c-b0d5-60420e93c6a9@group-190898BE10ED
2021-07-03 01:53:27,843 [ForkJoinPool.commonPool-worker-0] INFO  impl.StateMachineUpdater (StateMachineUpdater.java:stopAndJoin(149)) - 8fa4ef72-0e52-420c-b0d5-60420e93c6a9@group-190898BE10ED-StateMachineUpdater: set stopIndex = 0
2021-07-03 01:53:27,843 [8fa4ef72-0e52-420c-b0d5-60420e93c6a9@group-190898BE10ED-StateMachineUpdater] INFO  ratis.ContainerStateMachine (ContainerStateMachine.java:takeSnapshot(291)) - group-190898BE10ED: Taking a snapshot at:(t:1, i:0) file /home/runner/work/ozone/ozone/mnt/ozone/hadoop-ozone/integration-test/target/test-dir/MiniOzoneClusterImpl-6d7611b0-ac11-41e1-98f8-97ea473a16a6/datanode-2/data/ratis/7049b5d2-2423-4944-bd3a-190898be10ed/sm/snapshot.1_0
2021-07-03 01:53:27,844 [8fa4ef72-0e52-420c-b0d5-60420e93c6a9@group-190898BE10ED-StateMachineUpdater] INFO  ratis.ContainerStateMachine (ContainerStateMachine.java:takeSnapshot(302)) - group-190898BE10ED: Finished taking a snapshot at:(t:1, i:0) file:/home/runner/work/ozone/ozone/mnt/ozone/hadoop-ozone/integration-test/target/test-dir/MiniOzoneClusterImpl-6d7611b0-ac11-41e1-98f8-97ea473a16a6/datanode-2/data/ratis/7049b5d2-2423-4944-bd3a-190898be10ed/sm/snapshot.1_0 took: 1 ms
2021-07-03 01:53:27,844 [8fa4ef72-0e52-420c-b0d5-60420e93c6a9@group-190898BE10ED-StateMachineUpdater] INFO  impl.StateMachineUpdater (StateMachineUpdater.java:takeSnapshot(281)) - 8fa4ef72-0e52-420c-b0d5-60420e93c6a9@group-190898BE10ED-StateMachineUpdater: Took a snapshot at index 0
2021-07-03 01:53:27,844 [8fa4ef72-0e52-420c-b0d5-60420e93c6a9@group-190898BE10ED-StateMachineUpdater] INFO  impl.StateMachineUpdater (StateMachineUpdater.java:lambda$new$0(89)) - 8fa4ef72-0e52-420c-b0d5-60420e93c6a9@group-190898BE10ED-StateMachineUpdater: snapshotIndex: updateIncreasingly -1 -> 0
2021-07-03 01:53:27,844 [8fa4ef72-0e52-420c-b0d5-60420e93c6a9@group-190898BE10ED-StateMachineUpdater] INFO  metrics.RatisMetrics (RatisMetrics.java:unregister(43)) - Unregistering Metrics Registry : ratis.state_machine.8fa4ef72-0e52-420c-b0d5-60420e93c6a9@group-190898BE10ED
2021-07-03 01:53:27,850 [ForkJoinPool.commonPool-worker-0] INFO  server.RaftServer$Division (ServerState.java:close(405)) - 8fa4ef72-0e52-420c-b0d5-60420e93c6a9@group-190898BE10ED: closes. applyIndex: 0
2021-07-03 01:53:27,850 [8fa4ef72-0e52-420c-b0d5-60420e93c6a9@group-190898BE10ED-SegmentedRaftLogWorker] INFO  segmented.SegmentedRaftLogWorker (SegmentedRaftLogWorker.java:run(327)) - 8fa4ef72-0e52-420c-b0d5-60420e93c6a9@group-190898BE10ED-SegmentedRaftLogWorker was interrupted, exiting. There are 0 tasks remaining in the queue.
2021-07-03 01:53:27,850 [ForkJoinPool.commonPool-worker-0] INFO  segmented.SegmentedRaftLogWorker (SegmentedRaftLogWorker.java:close(237)) - 8fa4ef72-0e52-420c-b0d5-60420e93c6a9@group-190898BE10ED-SegmentedRaftLogWorker close()
2021-07-03 01:53:27,850 [ForkJoinPool.commonPool-worker-0] INFO  metrics.RatisMetrics (RatisMetrics.java:unregister(43)) - Unregistering Metrics Registry : ratis.log_worker.8fa4ef72-0e52-420c-b0d5-60420e93c6a9@group-190898BE10ED
2021-07-03 01:53:27,850 [ForkJoinPool.commonPool-worker-0] INFO  metrics.RatisMetrics (RatisMetrics.java:unregister(43)) - Unregistering Metrics Registry : ratis.leader_election.8fa4ef72-0e52-420c-b0d5-60420e93c6a9@group-190898BE10ED
2021-07-03 01:53:27,851 [ForkJoinPool.commonPool-worker-0] INFO  metrics.RatisMetrics (RatisMetrics.java:unregister(43)) - Unregistering Metrics Registry : ratis.server.8fa4ef72-0e52-420c-b0d5-60420e93c6a9@group-190898BE10ED
2021-07-03 01:53:27,851 [ForkJoinPool.commonPool-worker-0] INFO  server.RaftServer$Division (RaftServerImpl.java:lambda$close$4(406)) - 8fa4ef72-0e52-420c-b0d5-60420e93c6a9@group-35DAF16C14CE: shutdown
2021-07-03 01:53:27,851 [ForkJoinPool.commonPool-worker-0] INFO  util.JmxRegister (JmxRegister.java:unregister(73)) - Successfully un-registered JMX Bean with object name Ratis:service=RaftServer,group=group-35DAF16C14CE,id=8fa4ef72-0e52-420c-b0d5-60420e93c6a9
2021-07-03 01:53:27,851 [ForkJoinPool.commonPool-worker-0] INFO  impl.RoleInfo (RoleInfo.java:shutdownFollowerState(108)) - 8fa4ef72-0e52-420c-b0d5-60420e93c6a9: shutdown 8fa4ef72-0e52-420c-b0d5-60420e93c6a9@group-35DAF16C14CE-FollowerState
2021-07-03 01:53:27,851 [8fa4ef72-0e52-420c-b0d5-60420e93c6a9@group-35DAF16C14CE-FollowerState] INFO  impl.FollowerState (FollowerState.java:run(143)) - 8fa4ef72-0e52-420c-b0d5-60420e93c6a9@group-35DAF16C14CE-FollowerState was interrupted: {}
java.lang.InterruptedException: sleep interrupted
	at java.lang.Thread.sleep(Native Method)
	at java.lang.Thread.sleep(Thread.java:340)
	at java.util.concurrent.TimeUnit.sleep(TimeUnit.java:386)
	at org.apache.ratis.util.TimeDuration.sleep(TimeDuration.java:324)
	at org.apache.ratis.util.TimeDuration.sleep(TimeDuration.java:309)
	at org.apache.ratis.server.impl.FollowerState.run(FollowerState.java:118)
2021-07-03 01:53:27,851 [8fa4ef72-0e52-420c-b0d5-60420e93c6a9@group-35DAF16C14CE-StateMachineUpdater] INFO  ratis.ContainerStateMachine (ContainerStateMachine.java:takeSnapshot(291)) - group-35DAF16C14CE: Taking a snapshot at:(t:5, i:2) file /home/runner/work/ozone/ozone/mnt/ozone/hadoop-ozone/integration-test/target/test-dir/MiniOzoneClusterImpl-6d7611b0-ac11-41e1-98f8-97ea473a16a6/datanode-2/data/ratis/dcae577b-b0f7-4d18-86dc-35daf16c14ce/sm/snapshot.5_2
2021-07-03 01:53:27,852 [ForkJoinPool.commonPool-worker-0] INFO  impl.StateMachineUpdater (StateMachineUpdater.java:stopAndJoin(149)) - 8fa4ef72-0e52-420c-b0d5-60420e93c6a9@group-35DAF16C14CE-StateMachineUpdater: set stopIndex = 2
2021-07-03 01:53:27,852 [8fa4ef72-0e52-420c-b0d5-60420e93c6a9@group-35DAF16C14CE-StateMachineUpdater] INFO  ratis.ContainerStateMachine (ContainerStateMachine.java:takeSnapshot(302)) - group-35DAF16C14CE: Finished taking a snapshot at:(t:5, i:2) file:/home/runner/work/ozone/ozone/mnt/ozone/hadoop-ozone/integration-test/target/test-dir/MiniOzoneClusterImpl-6d7611b0-ac11-41e1-98f8-97ea473a16a6/datanode-2/data/ratis/dcae577b-b0f7-4d18-86dc-35daf16c14ce/sm/snapshot.5_2 took: 1 ms
2021-07-03 01:53:27,852 [8fa4ef72-0e52-420c-b0d5-60420e93c6a9@group-35DAF16C14CE-StateMachineUpdater] INFO  impl.StateMachineUpdater (StateMachineUpdater.java:takeSnapshot(281)) - 8fa4ef72-0e52-420c-b0d5-60420e93c6a9@group-35DAF16C14CE-StateMachineUpdater: Took a snapshot at index 2
2021-07-03 01:53:27,852 [8fa4ef72-0e52-420c-b0d5-60420e93c6a9@group-35DAF16C14CE-StateMachineUpdater] INFO  impl.StateMachineUpdater (StateMachineUpdater.java:lambda$new$0(89)) - 8fa4ef72-0e52-420c-b0d5-60420e93c6a9@group-35DAF16C14CE-StateMachineUpdater: snapshotIndex: updateIncreasingly -1 -> 2
2021-07-03 01:53:27,852 [8fa4ef72-0e52-420c-b0d5-60420e93c6a9@group-35DAF16C14CE-StateMachineUpdater] INFO  metrics.RatisMetrics (RatisMetrics.java:unregister(43)) - Unregistering Metrics Registry : ratis.state_machine.8fa4ef72-0e52-420c-b0d5-60420e93c6a9@group-35DAF16C14CE
2021-07-03 01:53:27,852 [ForkJoinPool.commonPool-worker-0] INFO  server.RaftServer$Division (ServerState.java:close(405)) - 8fa4ef72-0e52-420c-b0d5-60420e93c6a9@group-35DAF16C14CE: closes. applyIndex: 2
2021-07-03 01:53:27,853 [8fa4ef72-0e52-420c-b0d5-60420e93c6a9@group-35DAF16C14CE-SegmentedRaftLogWorker] INFO  segmented.SegmentedRaftLogWorker (SegmentedRaftLogWorker.java:run(327)) - 8fa4ef72-0e52-420c-b0d5-60420e93c6a9@group-35DAF16C14CE-SegmentedRaftLogWorker was interrupted, exiting. There are 0 tasks remaining in the queue.
2021-07-03 01:53:27,853 [ForkJoinPool.commonPool-worker-0] INFO  segmented.SegmentedRaftLogWorker (SegmentedRaftLogWorker.java:close(237)) - 8fa4ef72-0e52-420c-b0d5-60420e93c6a9@group-35DAF16C14CE-SegmentedRaftLogWorker close()
2021-07-03 01:53:27,853 [ForkJoinPool.commonPool-worker-0] INFO  metrics.RatisMetrics (RatisMetrics.java:unregister(43)) - Unregistering Metrics Registry : ratis.log_worker.8fa4ef72-0e52-420c-b0d5-60420e93c6a9@group-35DAF16C14CE
2021-07-03 01:53:27,853 [ForkJoinPool.commonPool-worker-0] INFO  metrics.RatisMetrics (RatisMetrics.java:unregister(43)) - Unregistering Metrics Registry : ratis.leader_election.8fa4ef72-0e52-420c-b0d5-60420e93c6a9@group-35DAF16C14CE
2021-07-03 01:53:27,853 [ForkJoinPool.commonPool-worker-0] INFO  metrics.RatisMetrics (RatisMetrics.java:unregister(43)) - Unregistering Metrics Registry : ratis.server.8fa4ef72-0e52-420c-b0d5-60420e93c6a9@group-35DAF16C14CE
2021-07-03 01:53:27,853 [ForkJoinPool.commonPool-worker-0] INFO  server.GrpcService (GrpcService.java:closeImpl(262)) - 8fa4ef72-0e52-420c-b0d5-60420e93c6a9: shutdown server with port 35781 now
2021-07-03 01:53:27,855 [ForkJoinPool.commonPool-worker-0] INFO  server.GrpcService (GrpcService.java:closeImpl(271)) - 8fa4ef72-0e52-420c-b0d5-60420e93c6a9: shutdown server with port 35781 successfully
2021-07-03 01:53:27,855 [org.apache.ratis.util.JvmPauseMonitor$$Lambda$493/611739613@76bf6b34] INFO  util.JvmPauseMonitor (JvmPauseMonitor.java:run(109)) - JvmPauseMonitor-8fa4ef72-0e52-420c-b0d5-60420e93c6a9: Stopped
2021-07-03 01:53:27,856 [ForkJoinPool.commonPool-worker-0] INFO  utils.BackgroundService (BackgroundService.java:shutdown(132)) - Shutting down service BlockDeletingService
2021-07-03 01:53:27,857 [ForkJoinPool.commonPool-worker-0] INFO  statemachine.DatanodeStateMachine (DatanodeStateMachine.java:stopDaemon(488)) - Ozone container server stopped.
2021-07-03 01:53:27,859 [ForkJoinPool.commonPool-worker-0] INFO  handler.ContextHandler (ContextHandler.java:doStop(1154)) - Stopped o.e.j.w.WebAppContext@76aef382{hddsDatanode,/,null,STOPPED}{jar:file:/home/runner/.m2/repository/org/apache/ozone/hdds-container-service/1.2.0-SNAPSHOT/hdds-container-service-1.2.0-SNAPSHOT.jar!/webapps/hddsDatanode}
2021-07-03 01:53:27,860 [ForkJoinPool.commonPool-worker-0] INFO  server.AbstractConnector (AbstractConnector.java:doStop(381)) - Stopped ServerConnector@10aa4210{HTTP/1.1, (http/1.1)}{0.0.0.0:0}
2021-07-03 01:53:27,860 [ForkJoinPool.commonPool-worker-0] INFO  server.session (HouseKeeper.java:stopScavenging(149)) - node0 Stopped scavenging
2021-07-03 01:53:27,861 [ForkJoinPool.commonPool-worker-0] INFO  handler.ContextHandler (ContextHandler.java:doStop(1154)) - Stopped o.e.j.s.ServletContextHandler@33650678{static,/static,jar:file:/home/runner/.m2/repository/org/apache/ozone/hdds-container-service/1.2.0-SNAPSHOT/hdds-container-service-1.2.0-SNAPSHOT.jar!/webapps/static,STOPPED}
2021-07-03 01:53:27,862 [ForkJoinPool.commonPool-worker-0] INFO  handler.ContextHandler (ContextHandler.java:doStop(1154)) - Stopped o.e.j.s.ServletContextHandler@2e3b7b0b{logs,/logs,file:///home/runner/work/ozone/ozone/mnt/ozone/hadoop-ozone/integration-test/target/log,STOPPED}
]]></system-out>
  </testcase>
  <testcase name="testInstallCorruptedCheckpointFailure" classname="org.apache.hadoop.ozone.scm.TestSCMInstallSnapshotWithHA" time="40.463"/>
</testsuite>