<?xml version="1.0" encoding="UTF-8"?>
<testsuite xmlns:xsi="http://www.w3.org/2001/XMLSchema-instance" xsi:noNamespaceSchemaLocation="https://maven.apache.org/surefire/maven-surefire-plugin/xsd/surefire-test-report.xsd" name="org.apache.hadoop.hdds.scm.pipeline.TestPipelineClose" time="149.661" tests="4" errors="0" skipped="0" failures="1">
  <properties>
    <property name="awt.toolkit" value="sun.awt.X11.XToolkit"/>
    <property name="file.encoding.pkg" value="sun.io"/>
    <property name="java.specification.version" value="1.8"/>
    <property name="sun.cpu.isalist" value=""/>
    <property name="sun.jnu.encoding" value="UTF-8"/>
    <property name="java.class.path" value="/home/runner/work/ozone/ozone/hadoop-ozone/integration-test/target/test-classes:/home/runner/work/ozone/ozone/hadoop-ozone/integration-test/target/classes:/home/runner/.m2/repository/org/apache/ozone/ozone-common/1.2.0-SNAPSHOT/ozone-common-1.2.0-SNAPSHOT.jar:/home/runner/.m2/repository/org/apache/commons/commons-compress/1.20/commons-compress-1.20.jar:/home/runner/.m2/repository/org/apache/ozone/hdds-common/1.2.0-SNAPSHOT/hdds-common-1.2.0-SNAPSHOT.jar:/home/runner/.m2/repository/org/apache/ozone/hdds-client/1.2.0-SNAPSHOT/hdds-client-1.2.0-SNAPSHOT.jar:/home/runner/.m2/repository/org/apache/ozone/ozone-interface-client/1.2.0-SNAPSHOT/ozone-interface-client-1.2.0-SNAPSHOT.jar:/home/runner/.m2/repository/org/apache/ozone/hdds-server-framework/1.2.0-SNAPSHOT/hdds-server-framework-1.2.0-SNAPSHOT.jar:/home/runner/.m2/repository/org/apache/ozone/hdds-interface-server/1.2.0-SNAPSHOT/hdds-interface-server-1.2.0-SNAPSHOT.jar:/home/runner/.m2/repository/org/eclipse/jetty/jetty-servlet/9.4.43.v20210629/jetty-servlet-9.4.43.v20210629.jar:/home/runner/.m2/repository/org/eclipse/jetty/jetty-security/9.4.43.v20210629/jetty-security-9.4.43.v20210629.jar:/home/runner/.m2/repository/org/rocksdb/rocksdbjni/6.20.3/rocksdbjni-6.20.3.jar:/home/runner/.m2/repository/io/prometheus/simpleclient_dropwizard/0.7.0/simpleclient_dropwizard-0.7.0.jar:/home/runner/.m2/repository/io/prometheus/simpleclient/0.7.0/simpleclient-0.7.0.jar:/home/runner/.m2/repository/io/prometheus/simpleclient_common/0.7.0/simpleclient_common-0.7.0.jar:/home/runner/.m2/repository/com/fasterxml/jackson/datatype/jackson-datatype-jsr310/2.12.1/jackson-datatype-jsr310-2.12.1.jar:/home/runner/.m2/repository/org/apache/ozone/hdds-test-utils/1.2.0-SNAPSHOT/hdds-test-utils-1.2.0-SNAPSHOT.jar:/home/runner/.m2/repository/com/google/guava/guava/30.1.1-jre/guava-30.1.1-jre.jar:/home/runner/.m2/repository/com/google/guava/failureaccess/1.0.1/failureaccess-1.0.1.jar:/home/runner/.m2/repository/com/google/guava/listenablefuture/9999.0-empty-to-avoid-conflict-with-guava/listenablefuture-9999.0-empty-to-avoid-conflict-with-guava.jar:/home/runner/.m2/repository/com/google/code/findbugs/jsr305/3.0.0/jsr305-3.0.0.jar:/home/runner/.m2/repository/org/checkerframework/checker-qual/3.8.0/checker-qual-3.8.0.jar:/home/runner/.m2/repository/com/google/errorprone/error_prone_annotations/2.2.0/error_prone_annotations-2.2.0.jar:/home/runner/.m2/repository/com/google/j2objc/j2objc-annotations/1.3/j2objc-annotations-1.3.jar:/home/runner/.m2/repository/commons-io/commons-io/2.8.0/commons-io-2.8.0.jar:/home/runner/.m2/repository/commons-logging/commons-logging/1.2/commons-logging-1.2.jar:/home/runner/.m2/repository/log4j/log4j/1.2.17/log4j-1.2.17.jar:/home/runner/.m2/repository/org/slf4j/slf4j-api/1.7.30/slf4j-api-1.7.30.jar:/home/runner/.m2/repository/org/apache/ozone/hdds-server-scm/1.2.0-SNAPSHOT/hdds-server-scm-1.2.0-SNAPSHOT.jar:/home/runner/.m2/repository/org/apache/ozone/hdds-container-service/1.2.0-SNAPSHOT/hdds-container-service-1.2.0-SNAPSHOT.jar:/home/runner/.m2/repository/org/apache/ozone/hdds-hadoop-dependency-server/1.2.0-SNAPSHOT/hdds-hadoop-dependency-server-1.2.0-SNAPSHOT.jar:/home/runner/.m2/repository/org/apache/hadoop/hadoop-hdfs/3.3.1/hadoop-hdfs-3.3.1.jar:/home/runner/.m2/repository/io/dropwizard/metrics/metrics-core/3.2.4/metrics-core-3.2.4.jar:/home/runner/.m2/repository/org/apache/hadoop/hadoop-hdfs-client/3.3.1/hadoop-hdfs-client-3.3.1.jar:/home/runner/.m2/repository/org/bouncycastle/bcprov-jdk15on/1.67/bcprov-jdk15on-1.67.jar:/home/runner/.m2/repository/com/google/protobuf/protobuf-java/2.5.0/protobuf-java-2.5.0.jar:/home/runner/.m2/repository/org/apache/ozone/ozone-manager/1.2.0-SNAPSHOT/ozone-manager-1.2.0-SNAPSHOT.jar:/home/runner/.m2/repository/org/aspectj/aspectjrt/1.8.9/aspectjrt-1.8.9.jar:/home/runner/.m2/repository/org/aspectj/aspectjweaver/1.8.9/aspectjweaver-1.8.9.jar:/home/runner/.m2/repository/org/apache/ozone/hdds-interface-client/1.2.0-SNAPSHOT/hdds-interface-client-1.2.0-SNAPSHOT.jar:/home/runner/.m2/repository/org/apache/hadoop/thirdparty/hadoop-shaded-protobuf_3_7/1.1.1/hadoop-shaded-protobuf_3_7-1.1.1.jar:/home/runner/.m2/repository/org/apache/ratis/ratis-thirdparty-misc/0.7.0/ratis-thirdparty-misc-0.7.0.jar:/home/runner/.m2/repository/org/apache/ozone/ozone-interface-storage/1.2.0-SNAPSHOT/ozone-interface-storage-1.2.0-SNAPSHOT.jar:/home/runner/.m2/repository/org/reflections/reflections/0.9.11/reflections-0.9.11.jar:/home/runner/.m2/repository/org/apache/hadoop/hadoop-minikdc/3.3.1/hadoop-minikdc-3.3.1.jar:/home/runner/.m2/repository/org/apache/kerby/kerb-simplekdc/1.0.1/kerb-simplekdc-1.0.1.jar:/home/runner/.m2/repository/org/apache/kerby/kerb-client/1.0.1/kerb-client-1.0.1.jar:/home/runner/.m2/repository/org/apache/kerby/kerby-config/1.0.1/kerby-config-1.0.1.jar:/home/runner/.m2/repository/org/apache/kerby/kerb-common/1.0.1/kerb-common-1.0.1.jar:/home/runner/.m2/repository/org/apache/kerby/kerb-crypto/1.0.1/kerb-crypto-1.0.1.jar:/home/runner/.m2/repository/org/apache/kerby/kerb-util/1.0.1/kerb-util-1.0.1.jar:/home/runner/.m2/repository/org/apache/kerby/token-provider/1.0.1/token-provider-1.0.1.jar:/home/runner/.m2/repository/org/apache/kerby/kerb-admin/1.0.1/kerb-admin-1.0.1.jar:/home/runner/.m2/repository/org/apache/kerby/kerb-server/1.0.1/kerb-server-1.0.1.jar:/home/runner/.m2/repository/org/apache/kerby/kerb-identity/1.0.1/kerb-identity-1.0.1.jar:/home/runner/.m2/repository/org/apache/kerby/kerby-xdr/1.0.1/kerby-xdr-1.0.1.jar:/home/runner/.m2/repository/org/slf4j/slf4j-log4j12/1.7.30/slf4j-log4j12-1.7.30.jar:/home/runner/.m2/repository/org/apache/ozone/ozone-s3gateway/1.2.0-SNAPSHOT/ozone-s3gateway-1.2.0-SNAPSHOT.jar:/home/runner/.m2/repository/org/javassist/javassist/3.21.0-GA/javassist-3.21.0-GA.jar:/home/runner/.m2/repository/org/jboss/weld/servlet/weld-servlet/2.4.7.Final/weld-servlet-2.4.7.Final.jar:/home/runner/.m2/repository/org/glassfish/jersey/containers/jersey-container-servlet-core/2.33/jersey-container-servlet-core-2.33.jar:/home/runner/.m2/repository/org/glassfish/hk2/external/jakarta.inject/2.6.1/jakarta.inject-2.6.1.jar:/home/runner/.m2/repository/org/glassfish/jersey/core/jersey-common/2.33/jersey-common-2.33.jar:/home/runner/.m2/repository/jakarta/ws/rs/jakarta.ws.rs-api/2.1.6/jakarta.ws.rs-api-2.1.6.jar:/home/runner/.m2/repository/org/glassfish/jersey/ext/cdi/jersey-cdi1x/2.33/jersey-cdi1x-2.33.jar:/home/runner/.m2/repository/org/glassfish/jersey/inject/jersey-hk2/2.33/jersey-hk2-2.33.jar:/home/runner/.m2/repository/org/glassfish/hk2/hk2-locator/2.6.1/hk2-locator-2.6.1.jar:/home/runner/.m2/repository/org/glassfish/jersey/media/jersey-media-jaxb/2.33/jersey-media-jaxb-2.33.jar:/home/runner/.m2/repository/org/glassfish/hk2/osgi-resource-locator/1.0.3/osgi-resource-locator-1.0.3.jar:/home/runner/.m2/repository/org/glassfish/hk2/hk2-api/2.5.0/hk2-api-2.5.0.jar:/home/runner/.m2/repository/org/glassfish/hk2/hk2-utils/2.5.0/hk2-utils-2.5.0.jar:/home/runner/.m2/repository/org/glassfish/hk2/external/aopalliance-repackaged/2.5.0/aopalliance-repackaged-2.5.0.jar:/home/runner/.m2/repository/com/fasterxml/jackson/dataformat/jackson-dataformat-xml/2.12.1/jackson-dataformat-xml-2.12.1.jar:/home/runner/.m2/repository/com/fasterxml/jackson/core/jackson-core/2.12.1/jackson-core-2.12.1.jar:/home/runner/.m2/repository/com/fasterxml/jackson/module/jackson-module-jaxb-annotations/2.12.1/jackson-module-jaxb-annotations-2.12.1.jar:/home/runner/.m2/repository/jakarta/xml/bind/jakarta.xml.bind-api/2.3.2/jakarta.xml.bind-api-2.3.2.jar:/home/runner/.m2/repository/org/codehaus/woodstox/stax2-api/3.1.4/stax2-api-3.1.4.jar:/home/runner/.m2/repository/com/fasterxml/woodstox/woodstox-core/5.0.3/woodstox-core-5.0.3.jar:/home/runner/.m2/repository/javax/enterprise/cdi-api/1.2/cdi-api-1.2.jar:/home/runner/.m2/repository/javax/el/javax.el-api/3.0.0/javax.el-api-3.0.0.jar:/home/runner/.m2/repository/javax/interceptor/javax.interceptor-api/1.2/javax.interceptor-api-1.2.jar:/home/runner/.m2/repository/javax/inject/javax.inject/1/javax.inject-1.jar:/home/runner/.m2/repository/javax/xml/bind/jaxb-api/2.3.0/jaxb-api-2.3.0.jar:/home/runner/.m2/repository/org/glassfish/jaxb/jaxb-runtime/2.3.0.1/jaxb-runtime-2.3.0.1.jar:/home/runner/.m2/repository/org/glassfish/jaxb/jaxb-core/2.3.0.1/jaxb-core-2.3.0.1.jar:/home/runner/.m2/repository/org/glassfish/jaxb/txw2/2.3.0.1/txw2-2.3.0.1.jar:/home/runner/.m2/repository/com/sun/istack/istack-commons-runtime/3.0.5/istack-commons-runtime-3.0.5.jar:/home/runner/.m2/repository/org/jvnet/staxex/stax-ex/1.7.8/stax-ex-1.7.8.jar:/home/runner/.m2/repository/com/sun/xml/fastinfoset/FastInfoset/1.2.13/FastInfoset-1.2.13.jar:/home/runner/.m2/repository/javax/activation/activation/1.1.1/activation-1.1.1.jar:/home/runner/.m2/repository/org/apache/ozone/ozone-csi/1.2.0-SNAPSHOT/ozone-csi-1.2.0-SNAPSHOT.jar:/home/runner/.m2/repository/com/google/protobuf/protobuf-java-util/3.12.0/protobuf-java-util-3.12.0.jar:/home/runner/.m2/repository/com/google/code/gson/gson/2.2.4/gson-2.2.4.jar:/home/runner/.m2/repository/org/apache/ozone/hdds-config/1.2.0-SNAPSHOT/hdds-config-1.2.0-SNAPSHOT.jar:/home/runner/.m2/repository/io/grpc/grpc-netty/1.33.0/grpc-netty-1.33.0.jar:/home/runner/.m2/repository/io/grpc/grpc-core/1.33.0/grpc-core-1.33.0.jar:/home/runner/.m2/repository/com/google/android/annotations/4.1.1.4/annotations-4.1.1.4.jar:/home/runner/.m2/repository/io/netty/netty-codec-http2/4.1.63.Final/netty-codec-http2-4.1.63.Final.jar:/home/runner/.m2/repository/io/netty/netty-codec-http/4.1.63.Final/netty-codec-http-4.1.63.Final.jar:/home/runner/.m2/repository/io/netty/netty-handler-proxy/4.1.63.Final/netty-handler-proxy-4.1.63.Final.jar:/home/runner/.m2/repository/io/netty/netty-codec-socks/4.1.63.Final/netty-codec-socks-4.1.63.Final.jar:/home/runner/.m2/repository/io/perfmark/perfmark-api/0.19.0/perfmark-api-0.19.0.jar:/home/runner/.m2/repository/org/codehaus/mojo/animal-sniffer-annotations/1.18/animal-sniffer-annotations-1.18.jar:/home/runner/.m2/repository/io/netty/netty-transport-native-epoll/4.1.63.Final/netty-transport-native-epoll-4.1.63.Final.jar:/home/runner/.m2/repository/io/netty/netty-common/4.1.63.Final/netty-common-4.1.63.Final.jar:/home/runner/.m2/repository/io/netty/netty-buffer/4.1.63.Final/netty-buffer-4.1.63.Final.jar:/home/runner/.m2/repository/io/netty/netty-transport-native-unix-common/4.1.63.Final/netty-transport-native-unix-common-4.1.63.Final.jar:/home/runner/.m2/repository/io/grpc/grpc-protobuf/1.33.0/grpc-protobuf-1.33.0.jar:/home/runner/.m2/repository/io/grpc/grpc-api/1.33.0/grpc-api-1.33.0.jar:/home/runner/.m2/repository/io/grpc/grpc-context/1.33.0/grpc-context-1.33.0.jar:/home/runner/.m2/repository/com/google/api/grpc/proto-google-common-protos/1.17.0/proto-google-common-protos-1.17.0.jar:/home/runner/.m2/repository/io/grpc/grpc-protobuf-lite/1.33.0/grpc-protobuf-lite-1.33.0.jar:/home/runner/.m2/repository/io/grpc/grpc-stub/1.33.0/grpc-stub-1.33.0.jar:/home/runner/.m2/repository/org/apache/ozone/ozone-recon/1.2.0-SNAPSHOT/ozone-recon-1.2.0-SNAPSHOT.jar:/home/runner/.m2/repository/org/apache/ozone/ozone-reconcodegen/1.2.0-SNAPSHOT/ozone-reconcodegen-1.2.0-SNAPSHOT.jar:/home/runner/.m2/repository/com/google/inject/extensions/guice-multibindings/4.0/guice-multibindings-4.0.jar:/home/runner/.m2/repository/com/google/inject/guice/4.0/guice-4.0.jar:/home/runner/.m2/repository/aopalliance/aopalliance/1.0/aopalliance-1.0.jar:/home/runner/.m2/repository/com/google/inject/extensions/guice-assistedinject/4.0/guice-assistedinject-4.0.jar:/home/runner/.m2/repository/com/google/inject/extensions/guice-servlet/4.0/guice-servlet-4.0.jar:/home/runner/.m2/repository/org/glassfish/jersey/containers/jersey-container-servlet/2.33/jersey-container-servlet-2.33.jar:/home/runner/.m2/repository/org/glassfish/hk2/guice-bridge/2.5.0/guice-bridge-2.5.0.jar:/home/runner/.m2/repository/org/glassfish/jersey/core/jersey-server/2.33/jersey-server-2.33.jar:/home/runner/.m2/repository/org/glassfish/jersey/core/jersey-client/2.33/jersey-client-2.33.jar:/home/runner/.m2/repository/jakarta/annotation/jakarta.annotation-api/1.3.5/jakarta.annotation-api-1.3.5.jar:/home/runner/.m2/repository/jakarta/validation/jakarta.validation-api/2.0.2/jakarta.validation-api-2.0.2.jar:/home/runner/.m2/repository/org/glassfish/jersey/media/jersey-media-json-jackson/2.33/jersey-media-json-jackson-2.33.jar:/home/runner/.m2/repository/org/glassfish/jersey/ext/jersey-entity-filtering/2.33/jersey-entity-filtering-2.33.jar:/home/runner/.m2/repository/org/jooq/jooq/3.11.10/jooq-3.11.10.jar:/home/runner/.m2/repository/org/jooq/jooq-meta/3.11.10/jooq-meta-3.11.10.jar:/home/runner/.m2/repository/org/jooq/jooq-codegen/3.11.10/jooq-codegen-3.11.10.jar:/home/runner/.m2/repository/com/jolbox/bonecp/0.8.0.RELEASE/bonecp-0.8.0.RELEASE.jar:/home/runner/.m2/repository/org/apache/derby/derby/10.14.2.0/derby-10.14.2.0.jar:/home/runner/.m2/repository/org/xerial/sqlite-jdbc/3.25.2/sqlite-jdbc-3.25.2.jar:/home/runner/.m2/repository/org/springframework/spring-jdbc/5.2.11.RELEASE/spring-jdbc-5.2.11.RELEASE.jar:/home/runner/.m2/repository/org/springframework/spring-beans/5.2.11.RELEASE/spring-beans-5.2.11.RELEASE.jar:/home/runner/.m2/repository/org/springframework/spring-core/5.2.11.RELEASE/spring-core-5.2.11.RELEASE.jar:/home/runner/.m2/repository/org/springframework/spring-jcl/5.2.11.RELEASE/spring-jcl-5.2.11.RELEASE.jar:/home/runner/.m2/repository/org/springframework/spring-tx/5.2.11.RELEASE/spring-tx-5.2.11.RELEASE.jar:/home/runner/.m2/repository/org/apache/ozone/ozone-client/1.2.0-SNAPSHOT/ozone-client-1.2.0-SNAPSHOT.jar:/home/runner/.m2/repository/org/apache/ozone/ozone-filesystem/1.2.0-SNAPSHOT/ozone-filesystem-1.2.0-SNAPSHOT.jar:/home/runner/.m2/repository/org/apache/ozone/ozone-filesystem-common/1.2.0-SNAPSHOT/ozone-filesystem-common-1.2.0-SNAPSHOT.jar:/home/runner/.m2/repository/org/apache/ozone/ozone-tools/1.2.0-SNAPSHOT/ozone-tools-1.2.0-SNAPSHOT.jar:/home/runner/.m2/repository/org/apache/ratis/ratis-tools/2.1.0-03f3b68-SNAPSHOT/ratis-tools-2.1.0-03f3b68-SNAPSHOT.jar:/home/runner/.m2/repository/org/apache/ratis/ratis-proto/2.1.0-03f3b68-SNAPSHOT/ratis-proto-2.1.0-03f3b68-SNAPSHOT.jar:/home/runner/.m2/repository/org/apache/ratis/ratis-common/2.1.0-03f3b68-SNAPSHOT/ratis-common-2.1.0-03f3b68-SNAPSHOT.jar:/home/runner/.m2/repository/com/amazonaws/aws-java-sdk-core/1.11.901/aws-java-sdk-core-1.11.901.jar:/home/runner/.m2/repository/org/apache/httpcomponents/httpclient/4.5.13/httpclient-4.5.13.jar:/home/runner/.m2/repository/org/apache/httpcomponents/httpcore/4.4.13/httpcore-4.4.13.jar:/home/runner/.m2/repository/software/amazon/ion/ion-java/1.0.2/ion-java-1.0.2.jar:/home/runner/.m2/repository/com/fasterxml/jackson/dataformat/jackson-dataformat-cbor/2.12.1/jackson-dataformat-cbor-2.12.1.jar:/home/runner/.m2/repository/joda-time/joda-time/2.8.1/joda-time-2.8.1.jar:/home/runner/.m2/repository/com/amazonaws/aws-java-sdk-s3/1.11.901/aws-java-sdk-s3-1.11.901.jar:/home/runner/.m2/repository/com/amazonaws/aws-java-sdk-kms/1.11.901/aws-java-sdk-kms-1.11.901.jar:/home/runner/.m2/repository/com/amazonaws/jmespath-java/1.11.901/jmespath-java-1.11.901.jar:/home/runner/.m2/repository/org/kohsuke/metainf-services/metainf-services/1.8/metainf-services-1.8.jar:/home/runner/.m2/repository/org/apache/ozone/hdds-tools/1.2.0-SNAPSHOT/hdds-tools-1.2.0-SNAPSHOT.jar:/home/runner/.m2/repository/commons-cli/commons-cli/1.2/commons-cli-1.2.jar:/home/runner/.m2/repository/org/apache/commons/commons-lang3/3.7/commons-lang3-3.7.jar:/home/runner/.m2/repository/org/apache/ozone/ozone-manager/1.2.0-SNAPSHOT/ozone-manager-1.2.0-SNAPSHOT-tests.jar:/home/runner/.m2/repository/org/apache/ozone/hdds-common/1.2.0-SNAPSHOT/hdds-common-1.2.0-SNAPSHOT-tests.jar:/home/runner/.m2/repository/org/apache/ozone/hdds-hadoop-dependency-client/1.2.0-SNAPSHOT/hdds-hadoop-dependency-client-1.2.0-SNAPSHOT.jar:/home/runner/.m2/repository/info/picocli/picocli/4.4.0/picocli-4.4.0.jar:/home/runner/.m2/repository/com/fasterxml/jackson/core/jackson-annotations/2.12.1/jackson-annotations-2.12.1.jar:/home/runner/.m2/repository/javax/annotation/javax.annotation-api/1.2/javax.annotation-api-1.2.jar:/home/runner/.m2/repository/org/apache/ratis/ratis-server/2.1.0-03f3b68-SNAPSHOT/ratis-server-2.1.0-03f3b68-SNAPSHOT.jar:/home/runner/.m2/repository/org/apache/ratis/ratis-client/2.1.0-03f3b68-SNAPSHOT/ratis-client-2.1.0-03f3b68-SNAPSHOT.jar:/home/runner/.m2/repository/org/apache/ratis/ratis-server-api/2.1.0-03f3b68-SNAPSHOT/ratis-server-api-2.1.0-03f3b68-SNAPSHOT.jar:/home/runner/.m2/repository/org/apache/ratis/ratis-metrics/2.1.0-03f3b68-SNAPSHOT/ratis-metrics-2.1.0-03f3b68-SNAPSHOT.jar:/home/runner/.m2/repository/org/apache/ratis/ratis-netty/2.1.0-03f3b68-SNAPSHOT/ratis-netty-2.1.0-03f3b68-SNAPSHOT.jar:/home/runner/.m2/repository/org/apache/ratis/ratis-grpc/2.1.0-03f3b68-SNAPSHOT/ratis-grpc-2.1.0-03f3b68-SNAPSHOT.jar:/home/runner/.m2/repository/org/apache/logging/log4j/log4j-api/2.13.3/log4j-api-2.13.3.jar:/home/runner/.m2/repository/org/apache/logging/log4j/log4j-core/2.13.3/log4j-core-2.13.3.jar:/home/runner/.m2/repository/com/lmax/disruptor/3.4.2/disruptor-3.4.2.jar:/home/runner/.m2/repository/org/apache/commons/commons-pool2/2.6.0/commons-pool2-2.6.0.jar:/home/runner/.m2/repository/org/bouncycastle/bcpkix-jdk15on/1.67/bcpkix-jdk15on-1.67.jar:/home/runner/.m2/repository/commons-validator/commons-validator/1.6/commons-validator-1.6.jar:/home/runner/.m2/repository/commons-beanutils/commons-beanutils/1.9.4/commons-beanutils-1.9.4.jar:/home/runner/.m2/repository/commons-digester/commons-digester/1.8.1/commons-digester-1.8.1.jar:/home/runner/.m2/repository/commons-collections/commons-collections/3.2.2/commons-collections-3.2.2.jar:/home/runner/.m2/repository/io/jaegertracing/jaeger-client/1.6.0/jaeger-client-1.6.0.jar:/home/runner/.m2/repository/io/jaegertracing/jaeger-thrift/1.6.0/jaeger-thrift-1.6.0.jar:/home/runner/.m2/repository/org/apache/thrift/libthrift/0.14.1/libthrift-0.14.1.jar:/home/runner/.m2/repository/com/squareup/okhttp3/okhttp/4.9.0/okhttp-4.9.0.jar:/home/runner/.m2/repository/com/squareup/okio/okio/2.8.0/okio-2.8.0.jar:/home/runner/.m2/repository/io/jaegertracing/jaeger-core/1.6.0/jaeger-core-1.6.0.jar:/home/runner/.m2/repository/io/jaegertracing/jaeger-tracerresolver/1.6.0/jaeger-tracerresolver-1.6.0.jar:/home/runner/.m2/repository/io/opentracing/contrib/opentracing-tracerresolver/0.1.8/opentracing-tracerresolver-0.1.8.jar:/home/runner/.m2/repository/org/jetbrains/kotlin/kotlin-stdlib/1.4.31/kotlin-stdlib-1.4.31.jar:/home/runner/.m2/repository/org/jetbrains/kotlin/kotlin-stdlib-common/1.4.31/kotlin-stdlib-common-1.4.31.jar:/home/runner/.m2/repository/org/jetbrains/annotations/13.0/annotations-13.0.jar:/home/runner/.m2/repository/io/opentracing/opentracing-util/0.33.0/opentracing-util-0.33.0.jar:/home/runner/.m2/repository/io/opentracing/opentracing-api/0.33.0/opentracing-api-0.33.0.jar:/home/runner/.m2/repository/io/opentracing/opentracing-noop/0.33.0/opentracing-noop-0.33.0.jar:/home/runner/.m2/repository/org/yaml/snakeyaml/1.26/snakeyaml-1.26.jar:/home/runner/.m2/repository/org/apache/ozone/hdds-interface-admin/1.2.0-SNAPSHOT/hdds-interface-admin-1.2.0-SNAPSHOT.jar:/home/runner/.m2/repository/junit/junit/4.13.1/junit-4.13.1.jar:/home/runner/.m2/repository/org/hamcrest/hamcrest-core/1.3/hamcrest-core-1.3.jar:/home/runner/.m2/repository/org/junit/jupiter/junit-jupiter-api/5.7.0/junit-jupiter-api-5.7.0.jar:/home/runner/.m2/repository/org/apiguardian/apiguardian-api/1.1.0/apiguardian-api-1.1.0.jar:/home/runner/.m2/repository/org/opentest4j/opentest4j/1.2.0/opentest4j-1.2.0.jar:/home/runner/.m2/repository/org/junit/platform/junit-platform-commons/1.7.0/junit-platform-commons-1.7.0.jar:/home/runner/.m2/repository/org/junit/jupiter/junit-jupiter-engine/5.7.0/junit-jupiter-engine-5.7.0.jar:/home/runner/.m2/repository/org/junit/platform/junit-platform-engine/1.7.0/junit-platform-engine-1.7.0.jar:/home/runner/.m2/repository/org/junit/vintage/junit-vintage-engine/5.7.0/junit-vintage-engine-5.7.0.jar:/home/runner/.m2/repository/org/junit/platform/junit-platform-launcher/1.7.0/junit-platform-launcher-1.7.0.jar:/home/runner/.m2/repository/org/openjdk/jmh/jmh-core/1.19/jmh-core-1.19.jar:/home/runner/.m2/repository/net/sf/jopt-simple/jopt-simple/4.6/jopt-simple-4.6.jar:/home/runner/.m2/repository/org/apache/commons/commons-math3/3.1.1/commons-math3-3.1.1.jar:/home/runner/.m2/repository/org/openjdk/jmh/jmh-generator-annprocess/1.19/jmh-generator-annprocess-1.19.jar:/home/runner/.m2/repository/org/mockito/mockito-core/2.28.2/mockito-core-2.28.2.jar:/home/runner/.m2/repository/net/bytebuddy/byte-buddy/1.9.10/byte-buddy-1.9.10.jar:/home/runner/.m2/repository/net/bytebuddy/byte-buddy-agent/1.9.10/byte-buddy-agent-1.9.10.jar:/home/runner/.m2/repository/org/objenesis/objenesis/1.0/objenesis-1.0.jar:/home/runner/.m2/repository/org/apache/hadoop/hadoop-kms/3.3.1/hadoop-kms-3.3.1.jar:/home/runner/.m2/repository/org/apache/hadoop/hadoop-auth/3.3.1/hadoop-auth-3.3.1.jar:/home/runner/.m2/repository/com/nimbusds/nimbus-jose-jwt/7.9/nimbus-jose-jwt-7.9.jar:/home/runner/.m2/repository/com/github/stephenc/jcip/jcip-annotations/1.0-1/jcip-annotations-1.0-1.jar:/home/runner/.m2/repository/net/minidev/json-smart/2.3/json-smart-2.3.jar:/home/runner/.m2/repository/net/minidev/accessors-smart/1.2/accessors-smart-1.2.jar:/home/runner/.m2/repository/org/ow2/asm/asm/5.0.4/asm-5.0.4.jar:/home/runner/.m2/repository/org/apache/zookeeper/zookeeper/3.5.6/zookeeper-3.5.6.jar:/home/runner/.m2/repository/org/apache/zookeeper/zookeeper-jute/3.5.6/zookeeper-jute-3.5.6.jar:/home/runner/.m2/repository/org/apache/yetus/audience-annotations/0.5.0/audience-annotations-0.5.0.jar:/home/runner/.m2/repository/org/apache/curator/curator-framework/4.2.0/curator-framework-4.2.0.jar:/home/runner/.m2/repository/org/apache/hadoop/thirdparty/hadoop-shaded-guava/1.1.1/hadoop-shaded-guava-1.1.1.jar:/home/runner/.m2/repository/com/sun/jersey/jersey-core/1.19/jersey-core-1.19.jar:/home/runner/.m2/repository/javax/ws/rs/jsr311-api/1.1.1/jsr311-api-1.1.1.jar:/home/runner/.m2/repository/com/sun/jersey/jersey-server/1.19/jersey-server-1.19.jar:/home/runner/.m2/repository/javax/servlet/javax.servlet-api/3.1.0/javax.servlet-api-3.1.0.jar:/home/runner/.m2/repository/org/eclipse/jetty/jetty-server/9.4.43.v20210629/jetty-server-9.4.43.v20210629.jar:/home/runner/.m2/repository/org/eclipse/jetty/jetty-http/9.4.43.v20210629/jetty-http-9.4.43.v20210629.jar:/home/runner/.m2/repository/org/eclipse/jetty/jetty-io/9.4.43.v20210629/jetty-io-9.4.43.v20210629.jar:/home/runner/.m2/repository/org/eclipse/jetty/jetty-webapp/9.4.43.v20210629/jetty-webapp-9.4.43.v20210629.jar:/home/runner/.m2/repository/org/eclipse/jetty/jetty-xml/9.4.43.v20210629/jetty-xml-9.4.43.v20210629.jar:/home/runner/.m2/repository/org/apache/hadoop/hadoop-common/3.3.1/hadoop-common-3.3.1.jar:/home/runner/.m2/repository/commons-net/commons-net/3.6/commons-net-3.6.jar:/home/runner/.m2/repository/jakarta/activation/jakarta.activation-api/1.2.1/jakarta.activation-api-1.2.1.jar:/home/runner/.m2/repository/com/sun/jersey/jersey-servlet/1.19/jersey-servlet-1.19.jar:/home/runner/.m2/repository/com/sun/jersey/jersey-json/1.19/jersey-json-1.19.jar:/home/runner/.m2/repository/org/codehaus/jettison/jettison/1.1/jettison-1.1.jar:/home/runner/.m2/repository/com/sun/xml/bind/jaxb-impl/2.2.3-1/jaxb-impl-2.2.3-1.jar:/home/runner/.m2/repository/org/codehaus/jackson/jackson-jaxrs/1.9.2/jackson-jaxrs-1.9.2.jar:/home/runner/.m2/repository/org/codehaus/jackson/jackson-xc/1.9.2/jackson-xc-1.9.2.jar:/home/runner/.m2/repository/org/apache/commons/commons-configuration2/2.1.1/commons-configuration2-2.1.1.jar:/home/runner/.m2/repository/org/apache/commons/commons-text/1.4/commons-text-1.4.jar:/home/runner/.m2/repository/com/google/re2j/re2j/1.1/re2j-1.1.jar:/home/runner/.m2/repository/com/jcraft/jsch/0.1.54/jsch-0.1.54.jar:/home/runner/.m2/repository/org/apache/curator/curator-client/4.2.0/curator-client-4.2.0.jar:/home/runner/.m2/repository/org/apache/curator/curator-recipes/4.2.0/curator-recipes-4.2.0.jar:/home/runner/.m2/repository/org/apache/kerby/kerb-core/1.0.1/kerb-core-1.0.1.jar:/home/runner/.m2/repository/org/apache/kerby/kerby-pkix/1.0.1/kerby-pkix-1.0.1.jar:/home/runner/.m2/repository/org/apache/kerby/kerby-asn1/1.0.1/kerby-asn1-1.0.1.jar:/home/runner/.m2/repository/org/apache/kerby/kerby-util/1.0.1/kerby-util-1.0.1.jar:/home/runner/.m2/repository/dnsjava/dnsjava/2.1.7/dnsjava-2.1.7.jar:/home/runner/.m2/repository/org/xerial/snappy/snappy-java/1.1.8.2/snappy-java-1.1.8.2.jar:/home/runner/.m2/repository/org/slf4j/jul-to-slf4j/1.7.30/jul-to-slf4j-1.7.30.jar:/home/runner/.m2/repository/org/eclipse/jetty/jetty-util/9.4.43.v20210629/jetty-util-9.4.43.v20210629.jar:/home/runner/.m2/repository/com/fasterxml/jackson/core/jackson-databind/2.12.1/jackson-databind-2.12.1.jar:/home/runner/.m2/repository/org/apache/hadoop/hadoop-kms/3.3.1/hadoop-kms-3.3.1-tests.jar:/home/runner/.m2/repository/org/apache/ozone/hdds-server-scm/1.2.0-SNAPSHOT/hdds-server-scm-1.2.0-SNAPSHOT-tests.jar:/home/runner/.m2/repository/org/apache/ozone/hdds-container-service/1.2.0-SNAPSHOT/hdds-container-service-1.2.0-SNAPSHOT-tests.jar:/home/runner/.m2/repository/commons-codec/commons-codec/1.11/commons-codec-1.11.jar:/home/runner/.m2/repository/io/netty/netty-transport/4.1.63.Final/netty-transport-4.1.63.Final.jar:/home/runner/.m2/repository/io/netty/netty-resolver/4.1.63.Final/netty-resolver-4.1.63.Final.jar:/home/runner/.m2/repository/io/netty/netty-codec/4.1.63.Final/netty-codec-4.1.63.Final.jar:/home/runner/.m2/repository/io/netty/netty-handler/4.1.63.Final/netty-handler-4.1.63.Final.jar:/home/runner/.m2/repository/org/apache/ozone/hdds-hadoop-dependency-test/1.2.0-SNAPSHOT/hdds-hadoop-dependency-test-1.2.0-SNAPSHOT.jar:/home/runner/.m2/repository/org/apache/hadoop/hadoop-common/3.3.1/hadoop-common-3.3.1-tests.jar:/home/runner/.m2/repository/org/assertj/assertj-core/3.12.2/assertj-core-3.12.2.jar:/home/runner/.m2/repository/org/apache/hadoop/hadoop-hdfs/3.3.1/hadoop-hdfs-3.3.1-tests.jar:/home/runner/.m2/repository/org/eclipse/jetty/jetty-util-ajax/9.4.43.v20210629/jetty-util-ajax-9.4.43.v20210629.jar:/home/runner/.m2/repository/commons-daemon/commons-daemon/1.0.13/commons-daemon-1.0.13.jar:/home/runner/.m2/repository/io/netty/netty/3.10.6.Final/netty-3.10.6.Final.jar:/home/runner/.m2/repository/io/netty/netty-all/4.1.63.Final/netty-all-4.1.63.Final.jar:/home/runner/.m2/repository/org/apache/htrace/htrace-core4/4.1.0-incubating/htrace-core4-4.1.0-incubating.jar:/home/runner/.m2/repository/org/fusesource/leveldbjni/leveldbjni-all/1.8/leveldbjni-all-1.8.jar:/home/runner/.m2/repository/org/apache/hadoop/hadoop-distcp/3.3.1/hadoop-distcp-3.3.1.jar:/home/runner/.m2/repository/org/apache/hadoop/hadoop-mapreduce-client-jobclient/3.3.1/hadoop-mapreduce-client-jobclient-3.3.1.jar:/home/runner/.m2/repository/org/apache/hadoop/hadoop-mapreduce-client-common/3.3.1/hadoop-mapreduce-client-common-3.3.1.jar:/home/runner/.m2/repository/org/apache/hadoop/hadoop-yarn-common/3.3.1/hadoop-yarn-common-3.3.1.jar:/home/runner/.m2/repository/org/apache/hadoop/hadoop-yarn-api/3.3.1/hadoop-yarn-api-3.3.1.jar:/home/runner/.m2/repository/com/sun/jersey/jersey-client/1.19/jersey-client-1.19.jar:/home/runner/.m2/repository/com/sun/jersey/contribs/jersey-guice/1.19/jersey-guice-1.19.jar:/home/runner/.m2/repository/com/fasterxml/jackson/jaxrs/jackson-jaxrs-json-provider/2.12.1/jackson-jaxrs-json-provider-2.12.1.jar:/home/runner/.m2/repository/com/fasterxml/jackson/jaxrs/jackson-jaxrs-base/2.12.1/jackson-jaxrs-base-2.12.1.jar:/home/runner/.m2/repository/org/apache/hadoop/hadoop-yarn-client/3.3.1/hadoop-yarn-client-3.3.1.jar:/home/runner/.m2/repository/org/eclipse/jetty/websocket/websocket-client/9.4.40.v20210413/websocket-client-9.4.40.v20210413.jar:/home/runner/.m2/repository/org/eclipse/jetty/jetty-client/9.4.40.v20210413/jetty-client-9.4.40.v20210413.jar:/home/runner/.m2/repository/org/eclipse/jetty/websocket/websocket-common/9.4.40.v20210413/websocket-common-9.4.40.v20210413.jar:/home/runner/.m2/repository/org/eclipse/jetty/websocket/websocket-api/9.4.40.v20210413/websocket-api-9.4.40.v20210413.jar:/home/runner/.m2/repository/org/jline/jline/3.9.0/jline-3.9.0.jar:/home/runner/.m2/repository/org/apache/hadoop/hadoop-mapreduce-client-core/3.3.1/hadoop-mapreduce-client-core-3.3.1.jar:/home/runner/.m2/repository/org/apache/avro/avro/1.7.7/avro-1.7.7.jar:/home/runner/.m2/repository/org/codehaus/jackson/jackson-core-asl/1.9.13/jackson-core-asl-1.9.13.jar:/home/runner/.m2/repository/org/codehaus/jackson/jackson-mapper-asl/1.9.13/jackson-mapper-asl-1.9.13.jar:/home/runner/.m2/repository/com/thoughtworks/paranamer/paranamer/2.3/paranamer-2.3.jar:/home/runner/.m2/repository/org/apache/hadoop/hadoop-annotations/3.3.1/hadoop-annotations-3.3.1.jar:/usr/lib/jvm/adoptopenjdk-8-hotspot-amd64/jre/../lib/tools.jar:/home/runner/.m2/repository/org/apache/hadoop/hadoop-distcp/3.3.1/hadoop-distcp-3.3.1-tests.jar:"/>
    <property name="java.vm.vendor" value="AdoptOpenJDK"/>
    <property name="sun.arch.data.model" value="64"/>
    <property name="test.build.dir" value="/home/runner/work/ozone/ozone/hadoop-ozone/integration-test/target/test-dir"/>
    <property name="test.cache.data" value=""/>
    <property name="java.vendor.url" value="https://adoptopenjdk.net/"/>
    <property name="user.timezone" value=""/>
    <property name="java.vm.specification.version" value="1.8"/>
    <property name="os.name" value="Linux"/>
    <property name="test.build.data" value="/home/runner/work/ozone/ozone/hadoop-ozone/integration-test/target/test-dir"/>
    <property name="sun.java.launcher" value="SUN_STANDARD"/>
    <property name="sun.boot.library.path" value="/usr/lib/jvm/adoptopenjdk-8-hotspot-amd64/jre/lib/amd64"/>
    <property name="sun.java.command" value="/home/runner/work/ozone/ozone/hadoop-ozone/integration-test/target/surefire/surefirebooter361359528858616726.jar /home/runner/work/ozone/ozone/hadoop-ozone/integration-test/target/surefire 2021-08-17T23-41-16_182-jvmRun1 surefire7634154907798130416tmp surefire_147127933763755129814tmp"/>
    <property name="surefire.test.class.path" value="/home/runner/work/ozone/ozone/hadoop-ozone/integration-test/target/test-classes:/home/runner/work/ozone/ozone/hadoop-ozone/integration-test/target/classes:/home/runner/.m2/repository/org/apache/ozone/ozone-common/1.2.0-SNAPSHOT/ozone-common-1.2.0-SNAPSHOT.jar:/home/runner/.m2/repository/org/apache/commons/commons-compress/1.20/commons-compress-1.20.jar:/home/runner/.m2/repository/org/apache/ozone/hdds-common/1.2.0-SNAPSHOT/hdds-common-1.2.0-SNAPSHOT.jar:/home/runner/.m2/repository/org/apache/ozone/hdds-client/1.2.0-SNAPSHOT/hdds-client-1.2.0-SNAPSHOT.jar:/home/runner/.m2/repository/org/apache/ozone/ozone-interface-client/1.2.0-SNAPSHOT/ozone-interface-client-1.2.0-SNAPSHOT.jar:/home/runner/.m2/repository/org/apache/ozone/hdds-server-framework/1.2.0-SNAPSHOT/hdds-server-framework-1.2.0-SNAPSHOT.jar:/home/runner/.m2/repository/org/apache/ozone/hdds-interface-server/1.2.0-SNAPSHOT/hdds-interface-server-1.2.0-SNAPSHOT.jar:/home/runner/.m2/repository/org/eclipse/jetty/jetty-servlet/9.4.43.v20210629/jetty-servlet-9.4.43.v20210629.jar:/home/runner/.m2/repository/org/eclipse/jetty/jetty-security/9.4.43.v20210629/jetty-security-9.4.43.v20210629.jar:/home/runner/.m2/repository/org/rocksdb/rocksdbjni/6.20.3/rocksdbjni-6.20.3.jar:/home/runner/.m2/repository/io/prometheus/simpleclient_dropwizard/0.7.0/simpleclient_dropwizard-0.7.0.jar:/home/runner/.m2/repository/io/prometheus/simpleclient/0.7.0/simpleclient-0.7.0.jar:/home/runner/.m2/repository/io/prometheus/simpleclient_common/0.7.0/simpleclient_common-0.7.0.jar:/home/runner/.m2/repository/com/fasterxml/jackson/datatype/jackson-datatype-jsr310/2.12.1/jackson-datatype-jsr310-2.12.1.jar:/home/runner/.m2/repository/org/apache/ozone/hdds-test-utils/1.2.0-SNAPSHOT/hdds-test-utils-1.2.0-SNAPSHOT.jar:/home/runner/.m2/repository/com/google/guava/guava/30.1.1-jre/guava-30.1.1-jre.jar:/home/runner/.m2/repository/com/google/guava/failureaccess/1.0.1/failureaccess-1.0.1.jar:/home/runner/.m2/repository/com/google/guava/listenablefuture/9999.0-empty-to-avoid-conflict-with-guava/listenablefuture-9999.0-empty-to-avoid-conflict-with-guava.jar:/home/runner/.m2/repository/com/google/code/findbugs/jsr305/3.0.0/jsr305-3.0.0.jar:/home/runner/.m2/repository/org/checkerframework/checker-qual/3.8.0/checker-qual-3.8.0.jar:/home/runner/.m2/repository/com/google/errorprone/error_prone_annotations/2.2.0/error_prone_annotations-2.2.0.jar:/home/runner/.m2/repository/com/google/j2objc/j2objc-annotations/1.3/j2objc-annotations-1.3.jar:/home/runner/.m2/repository/commons-io/commons-io/2.8.0/commons-io-2.8.0.jar:/home/runner/.m2/repository/commons-logging/commons-logging/1.2/commons-logging-1.2.jar:/home/runner/.m2/repository/log4j/log4j/1.2.17/log4j-1.2.17.jar:/home/runner/.m2/repository/org/slf4j/slf4j-api/1.7.30/slf4j-api-1.7.30.jar:/home/runner/.m2/repository/org/apache/ozone/hdds-server-scm/1.2.0-SNAPSHOT/hdds-server-scm-1.2.0-SNAPSHOT.jar:/home/runner/.m2/repository/org/apache/ozone/hdds-container-service/1.2.0-SNAPSHOT/hdds-container-service-1.2.0-SNAPSHOT.jar:/home/runner/.m2/repository/org/apache/ozone/hdds-hadoop-dependency-server/1.2.0-SNAPSHOT/hdds-hadoop-dependency-server-1.2.0-SNAPSHOT.jar:/home/runner/.m2/repository/org/apache/hadoop/hadoop-hdfs/3.3.1/hadoop-hdfs-3.3.1.jar:/home/runner/.m2/repository/io/dropwizard/metrics/metrics-core/3.2.4/metrics-core-3.2.4.jar:/home/runner/.m2/repository/org/apache/hadoop/hadoop-hdfs-client/3.3.1/hadoop-hdfs-client-3.3.1.jar:/home/runner/.m2/repository/org/bouncycastle/bcprov-jdk15on/1.67/bcprov-jdk15on-1.67.jar:/home/runner/.m2/repository/com/google/protobuf/protobuf-java/2.5.0/protobuf-java-2.5.0.jar:/home/runner/.m2/repository/org/apache/ozone/ozone-manager/1.2.0-SNAPSHOT/ozone-manager-1.2.0-SNAPSHOT.jar:/home/runner/.m2/repository/org/aspectj/aspectjrt/1.8.9/aspectjrt-1.8.9.jar:/home/runner/.m2/repository/org/aspectj/aspectjweaver/1.8.9/aspectjweaver-1.8.9.jar:/home/runner/.m2/repository/org/apache/ozone/hdds-interface-client/1.2.0-SNAPSHOT/hdds-interface-client-1.2.0-SNAPSHOT.jar:/home/runner/.m2/repository/org/apache/hadoop/thirdparty/hadoop-shaded-protobuf_3_7/1.1.1/hadoop-shaded-protobuf_3_7-1.1.1.jar:/home/runner/.m2/repository/org/apache/ratis/ratis-thirdparty-misc/0.7.0/ratis-thirdparty-misc-0.7.0.jar:/home/runner/.m2/repository/org/apache/ozone/ozone-interface-storage/1.2.0-SNAPSHOT/ozone-interface-storage-1.2.0-SNAPSHOT.jar:/home/runner/.m2/repository/org/reflections/reflections/0.9.11/reflections-0.9.11.jar:/home/runner/.m2/repository/org/apache/hadoop/hadoop-minikdc/3.3.1/hadoop-minikdc-3.3.1.jar:/home/runner/.m2/repository/org/apache/kerby/kerb-simplekdc/1.0.1/kerb-simplekdc-1.0.1.jar:/home/runner/.m2/repository/org/apache/kerby/kerb-client/1.0.1/kerb-client-1.0.1.jar:/home/runner/.m2/repository/org/apache/kerby/kerby-config/1.0.1/kerby-config-1.0.1.jar:/home/runner/.m2/repository/org/apache/kerby/kerb-common/1.0.1/kerb-common-1.0.1.jar:/home/runner/.m2/repository/org/apache/kerby/kerb-crypto/1.0.1/kerb-crypto-1.0.1.jar:/home/runner/.m2/repository/org/apache/kerby/kerb-util/1.0.1/kerb-util-1.0.1.jar:/home/runner/.m2/repository/org/apache/kerby/token-provider/1.0.1/token-provider-1.0.1.jar:/home/runner/.m2/repository/org/apache/kerby/kerb-admin/1.0.1/kerb-admin-1.0.1.jar:/home/runner/.m2/repository/org/apache/kerby/kerb-server/1.0.1/kerb-server-1.0.1.jar:/home/runner/.m2/repository/org/apache/kerby/kerb-identity/1.0.1/kerb-identity-1.0.1.jar:/home/runner/.m2/repository/org/apache/kerby/kerby-xdr/1.0.1/kerby-xdr-1.0.1.jar:/home/runner/.m2/repository/org/slf4j/slf4j-log4j12/1.7.30/slf4j-log4j12-1.7.30.jar:/home/runner/.m2/repository/org/apache/ozone/ozone-s3gateway/1.2.0-SNAPSHOT/ozone-s3gateway-1.2.0-SNAPSHOT.jar:/home/runner/.m2/repository/org/javassist/javassist/3.21.0-GA/javassist-3.21.0-GA.jar:/home/runner/.m2/repository/org/jboss/weld/servlet/weld-servlet/2.4.7.Final/weld-servlet-2.4.7.Final.jar:/home/runner/.m2/repository/org/glassfish/jersey/containers/jersey-container-servlet-core/2.33/jersey-container-servlet-core-2.33.jar:/home/runner/.m2/repository/org/glassfish/hk2/external/jakarta.inject/2.6.1/jakarta.inject-2.6.1.jar:/home/runner/.m2/repository/org/glassfish/jersey/core/jersey-common/2.33/jersey-common-2.33.jar:/home/runner/.m2/repository/jakarta/ws/rs/jakarta.ws.rs-api/2.1.6/jakarta.ws.rs-api-2.1.6.jar:/home/runner/.m2/repository/org/glassfish/jersey/ext/cdi/jersey-cdi1x/2.33/jersey-cdi1x-2.33.jar:/home/runner/.m2/repository/org/glassfish/jersey/inject/jersey-hk2/2.33/jersey-hk2-2.33.jar:/home/runner/.m2/repository/org/glassfish/hk2/hk2-locator/2.6.1/hk2-locator-2.6.1.jar:/home/runner/.m2/repository/org/glassfish/jersey/media/jersey-media-jaxb/2.33/jersey-media-jaxb-2.33.jar:/home/runner/.m2/repository/org/glassfish/hk2/osgi-resource-locator/1.0.3/osgi-resource-locator-1.0.3.jar:/home/runner/.m2/repository/org/glassfish/hk2/hk2-api/2.5.0/hk2-api-2.5.0.jar:/home/runner/.m2/repository/org/glassfish/hk2/hk2-utils/2.5.0/hk2-utils-2.5.0.jar:/home/runner/.m2/repository/org/glassfish/hk2/external/aopalliance-repackaged/2.5.0/aopalliance-repackaged-2.5.0.jar:/home/runner/.m2/repository/com/fasterxml/jackson/dataformat/jackson-dataformat-xml/2.12.1/jackson-dataformat-xml-2.12.1.jar:/home/runner/.m2/repository/com/fasterxml/jackson/core/jackson-core/2.12.1/jackson-core-2.12.1.jar:/home/runner/.m2/repository/com/fasterxml/jackson/module/jackson-module-jaxb-annotations/2.12.1/jackson-module-jaxb-annotations-2.12.1.jar:/home/runner/.m2/repository/jakarta/xml/bind/jakarta.xml.bind-api/2.3.2/jakarta.xml.bind-api-2.3.2.jar:/home/runner/.m2/repository/org/codehaus/woodstox/stax2-api/3.1.4/stax2-api-3.1.4.jar:/home/runner/.m2/repository/com/fasterxml/woodstox/woodstox-core/5.0.3/woodstox-core-5.0.3.jar:/home/runner/.m2/repository/javax/enterprise/cdi-api/1.2/cdi-api-1.2.jar:/home/runner/.m2/repository/javax/el/javax.el-api/3.0.0/javax.el-api-3.0.0.jar:/home/runner/.m2/repository/javax/interceptor/javax.interceptor-api/1.2/javax.interceptor-api-1.2.jar:/home/runner/.m2/repository/javax/inject/javax.inject/1/javax.inject-1.jar:/home/runner/.m2/repository/javax/xml/bind/jaxb-api/2.3.0/jaxb-api-2.3.0.jar:/home/runner/.m2/repository/org/glassfish/jaxb/jaxb-runtime/2.3.0.1/jaxb-runtime-2.3.0.1.jar:/home/runner/.m2/repository/org/glassfish/jaxb/jaxb-core/2.3.0.1/jaxb-core-2.3.0.1.jar:/home/runner/.m2/repository/org/glassfish/jaxb/txw2/2.3.0.1/txw2-2.3.0.1.jar:/home/runner/.m2/repository/com/sun/istack/istack-commons-runtime/3.0.5/istack-commons-runtime-3.0.5.jar:/home/runner/.m2/repository/org/jvnet/staxex/stax-ex/1.7.8/stax-ex-1.7.8.jar:/home/runner/.m2/repository/com/sun/xml/fastinfoset/FastInfoset/1.2.13/FastInfoset-1.2.13.jar:/home/runner/.m2/repository/javax/activation/activation/1.1.1/activation-1.1.1.jar:/home/runner/.m2/repository/org/apache/ozone/ozone-csi/1.2.0-SNAPSHOT/ozone-csi-1.2.0-SNAPSHOT.jar:/home/runner/.m2/repository/com/google/protobuf/protobuf-java-util/3.12.0/protobuf-java-util-3.12.0.jar:/home/runner/.m2/repository/com/google/code/gson/gson/2.2.4/gson-2.2.4.jar:/home/runner/.m2/repository/org/apache/ozone/hdds-config/1.2.0-SNAPSHOT/hdds-config-1.2.0-SNAPSHOT.jar:/home/runner/.m2/repository/io/grpc/grpc-netty/1.33.0/grpc-netty-1.33.0.jar:/home/runner/.m2/repository/io/grpc/grpc-core/1.33.0/grpc-core-1.33.0.jar:/home/runner/.m2/repository/com/google/android/annotations/4.1.1.4/annotations-4.1.1.4.jar:/home/runner/.m2/repository/io/netty/netty-codec-http2/4.1.63.Final/netty-codec-http2-4.1.63.Final.jar:/home/runner/.m2/repository/io/netty/netty-codec-http/4.1.63.Final/netty-codec-http-4.1.63.Final.jar:/home/runner/.m2/repository/io/netty/netty-handler-proxy/4.1.63.Final/netty-handler-proxy-4.1.63.Final.jar:/home/runner/.m2/repository/io/netty/netty-codec-socks/4.1.63.Final/netty-codec-socks-4.1.63.Final.jar:/home/runner/.m2/repository/io/perfmark/perfmark-api/0.19.0/perfmark-api-0.19.0.jar:/home/runner/.m2/repository/org/codehaus/mojo/animal-sniffer-annotations/1.18/animal-sniffer-annotations-1.18.jar:/home/runner/.m2/repository/io/netty/netty-transport-native-epoll/4.1.63.Final/netty-transport-native-epoll-4.1.63.Final.jar:/home/runner/.m2/repository/io/netty/netty-common/4.1.63.Final/netty-common-4.1.63.Final.jar:/home/runner/.m2/repository/io/netty/netty-buffer/4.1.63.Final/netty-buffer-4.1.63.Final.jar:/home/runner/.m2/repository/io/netty/netty-transport-native-unix-common/4.1.63.Final/netty-transport-native-unix-common-4.1.63.Final.jar:/home/runner/.m2/repository/io/grpc/grpc-protobuf/1.33.0/grpc-protobuf-1.33.0.jar:/home/runner/.m2/repository/io/grpc/grpc-api/1.33.0/grpc-api-1.33.0.jar:/home/runner/.m2/repository/io/grpc/grpc-context/1.33.0/grpc-context-1.33.0.jar:/home/runner/.m2/repository/com/google/api/grpc/proto-google-common-protos/1.17.0/proto-google-common-protos-1.17.0.jar:/home/runner/.m2/repository/io/grpc/grpc-protobuf-lite/1.33.0/grpc-protobuf-lite-1.33.0.jar:/home/runner/.m2/repository/io/grpc/grpc-stub/1.33.0/grpc-stub-1.33.0.jar:/home/runner/.m2/repository/org/apache/ozone/ozone-recon/1.2.0-SNAPSHOT/ozone-recon-1.2.0-SNAPSHOT.jar:/home/runner/.m2/repository/org/apache/ozone/ozone-reconcodegen/1.2.0-SNAPSHOT/ozone-reconcodegen-1.2.0-SNAPSHOT.jar:/home/runner/.m2/repository/com/google/inject/extensions/guice-multibindings/4.0/guice-multibindings-4.0.jar:/home/runner/.m2/repository/com/google/inject/guice/4.0/guice-4.0.jar:/home/runner/.m2/repository/aopalliance/aopalliance/1.0/aopalliance-1.0.jar:/home/runner/.m2/repository/com/google/inject/extensions/guice-assistedinject/4.0/guice-assistedinject-4.0.jar:/home/runner/.m2/repository/com/google/inject/extensions/guice-servlet/4.0/guice-servlet-4.0.jar:/home/runner/.m2/repository/org/glassfish/jersey/containers/jersey-container-servlet/2.33/jersey-container-servlet-2.33.jar:/home/runner/.m2/repository/org/glassfish/hk2/guice-bridge/2.5.0/guice-bridge-2.5.0.jar:/home/runner/.m2/repository/org/glassfish/jersey/core/jersey-server/2.33/jersey-server-2.33.jar:/home/runner/.m2/repository/org/glassfish/jersey/core/jersey-client/2.33/jersey-client-2.33.jar:/home/runner/.m2/repository/jakarta/annotation/jakarta.annotation-api/1.3.5/jakarta.annotation-api-1.3.5.jar:/home/runner/.m2/repository/jakarta/validation/jakarta.validation-api/2.0.2/jakarta.validation-api-2.0.2.jar:/home/runner/.m2/repository/org/glassfish/jersey/media/jersey-media-json-jackson/2.33/jersey-media-json-jackson-2.33.jar:/home/runner/.m2/repository/org/glassfish/jersey/ext/jersey-entity-filtering/2.33/jersey-entity-filtering-2.33.jar:/home/runner/.m2/repository/org/jooq/jooq/3.11.10/jooq-3.11.10.jar:/home/runner/.m2/repository/org/jooq/jooq-meta/3.11.10/jooq-meta-3.11.10.jar:/home/runner/.m2/repository/org/jooq/jooq-codegen/3.11.10/jooq-codegen-3.11.10.jar:/home/runner/.m2/repository/com/jolbox/bonecp/0.8.0.RELEASE/bonecp-0.8.0.RELEASE.jar:/home/runner/.m2/repository/org/apache/derby/derby/10.14.2.0/derby-10.14.2.0.jar:/home/runner/.m2/repository/org/xerial/sqlite-jdbc/3.25.2/sqlite-jdbc-3.25.2.jar:/home/runner/.m2/repository/org/springframework/spring-jdbc/5.2.11.RELEASE/spring-jdbc-5.2.11.RELEASE.jar:/home/runner/.m2/repository/org/springframework/spring-beans/5.2.11.RELEASE/spring-beans-5.2.11.RELEASE.jar:/home/runner/.m2/repository/org/springframework/spring-core/5.2.11.RELEASE/spring-core-5.2.11.RELEASE.jar:/home/runner/.m2/repository/org/springframework/spring-jcl/5.2.11.RELEASE/spring-jcl-5.2.11.RELEASE.jar:/home/runner/.m2/repository/org/springframework/spring-tx/5.2.11.RELEASE/spring-tx-5.2.11.RELEASE.jar:/home/runner/.m2/repository/org/apache/ozone/ozone-client/1.2.0-SNAPSHOT/ozone-client-1.2.0-SNAPSHOT.jar:/home/runner/.m2/repository/org/apache/ozone/ozone-filesystem/1.2.0-SNAPSHOT/ozone-filesystem-1.2.0-SNAPSHOT.jar:/home/runner/.m2/repository/org/apache/ozone/ozone-filesystem-common/1.2.0-SNAPSHOT/ozone-filesystem-common-1.2.0-SNAPSHOT.jar:/home/runner/.m2/repository/org/apache/ozone/ozone-tools/1.2.0-SNAPSHOT/ozone-tools-1.2.0-SNAPSHOT.jar:/home/runner/.m2/repository/org/apache/ratis/ratis-tools/2.1.0-03f3b68-SNAPSHOT/ratis-tools-2.1.0-03f3b68-SNAPSHOT.jar:/home/runner/.m2/repository/org/apache/ratis/ratis-proto/2.1.0-03f3b68-SNAPSHOT/ratis-proto-2.1.0-03f3b68-SNAPSHOT.jar:/home/runner/.m2/repository/org/apache/ratis/ratis-common/2.1.0-03f3b68-SNAPSHOT/ratis-common-2.1.0-03f3b68-SNAPSHOT.jar:/home/runner/.m2/repository/com/amazonaws/aws-java-sdk-core/1.11.901/aws-java-sdk-core-1.11.901.jar:/home/runner/.m2/repository/org/apache/httpcomponents/httpclient/4.5.13/httpclient-4.5.13.jar:/home/runner/.m2/repository/org/apache/httpcomponents/httpcore/4.4.13/httpcore-4.4.13.jar:/home/runner/.m2/repository/software/amazon/ion/ion-java/1.0.2/ion-java-1.0.2.jar:/home/runner/.m2/repository/com/fasterxml/jackson/dataformat/jackson-dataformat-cbor/2.12.1/jackson-dataformat-cbor-2.12.1.jar:/home/runner/.m2/repository/joda-time/joda-time/2.8.1/joda-time-2.8.1.jar:/home/runner/.m2/repository/com/amazonaws/aws-java-sdk-s3/1.11.901/aws-java-sdk-s3-1.11.901.jar:/home/runner/.m2/repository/com/amazonaws/aws-java-sdk-kms/1.11.901/aws-java-sdk-kms-1.11.901.jar:/home/runner/.m2/repository/com/amazonaws/jmespath-java/1.11.901/jmespath-java-1.11.901.jar:/home/runner/.m2/repository/org/kohsuke/metainf-services/metainf-services/1.8/metainf-services-1.8.jar:/home/runner/.m2/repository/org/apache/ozone/hdds-tools/1.2.0-SNAPSHOT/hdds-tools-1.2.0-SNAPSHOT.jar:/home/runner/.m2/repository/commons-cli/commons-cli/1.2/commons-cli-1.2.jar:/home/runner/.m2/repository/org/apache/commons/commons-lang3/3.7/commons-lang3-3.7.jar:/home/runner/.m2/repository/org/apache/ozone/ozone-manager/1.2.0-SNAPSHOT/ozone-manager-1.2.0-SNAPSHOT-tests.jar:/home/runner/.m2/repository/org/apache/ozone/hdds-common/1.2.0-SNAPSHOT/hdds-common-1.2.0-SNAPSHOT-tests.jar:/home/runner/.m2/repository/org/apache/ozone/hdds-hadoop-dependency-client/1.2.0-SNAPSHOT/hdds-hadoop-dependency-client-1.2.0-SNAPSHOT.jar:/home/runner/.m2/repository/info/picocli/picocli/4.4.0/picocli-4.4.0.jar:/home/runner/.m2/repository/com/fasterxml/jackson/core/jackson-annotations/2.12.1/jackson-annotations-2.12.1.jar:/home/runner/.m2/repository/javax/annotation/javax.annotation-api/1.2/javax.annotation-api-1.2.jar:/home/runner/.m2/repository/org/apache/ratis/ratis-server/2.1.0-03f3b68-SNAPSHOT/ratis-server-2.1.0-03f3b68-SNAPSHOT.jar:/home/runner/.m2/repository/org/apache/ratis/ratis-client/2.1.0-03f3b68-SNAPSHOT/ratis-client-2.1.0-03f3b68-SNAPSHOT.jar:/home/runner/.m2/repository/org/apache/ratis/ratis-server-api/2.1.0-03f3b68-SNAPSHOT/ratis-server-api-2.1.0-03f3b68-SNAPSHOT.jar:/home/runner/.m2/repository/org/apache/ratis/ratis-metrics/2.1.0-03f3b68-SNAPSHOT/ratis-metrics-2.1.0-03f3b68-SNAPSHOT.jar:/home/runner/.m2/repository/org/apache/ratis/ratis-netty/2.1.0-03f3b68-SNAPSHOT/ratis-netty-2.1.0-03f3b68-SNAPSHOT.jar:/home/runner/.m2/repository/org/apache/ratis/ratis-grpc/2.1.0-03f3b68-SNAPSHOT/ratis-grpc-2.1.0-03f3b68-SNAPSHOT.jar:/home/runner/.m2/repository/org/apache/logging/log4j/log4j-api/2.13.3/log4j-api-2.13.3.jar:/home/runner/.m2/repository/org/apache/logging/log4j/log4j-core/2.13.3/log4j-core-2.13.3.jar:/home/runner/.m2/repository/com/lmax/disruptor/3.4.2/disruptor-3.4.2.jar:/home/runner/.m2/repository/org/apache/commons/commons-pool2/2.6.0/commons-pool2-2.6.0.jar:/home/runner/.m2/repository/org/bouncycastle/bcpkix-jdk15on/1.67/bcpkix-jdk15on-1.67.jar:/home/runner/.m2/repository/commons-validator/commons-validator/1.6/commons-validator-1.6.jar:/home/runner/.m2/repository/commons-beanutils/commons-beanutils/1.9.4/commons-beanutils-1.9.4.jar:/home/runner/.m2/repository/commons-digester/commons-digester/1.8.1/commons-digester-1.8.1.jar:/home/runner/.m2/repository/commons-collections/commons-collections/3.2.2/commons-collections-3.2.2.jar:/home/runner/.m2/repository/io/jaegertracing/jaeger-client/1.6.0/jaeger-client-1.6.0.jar:/home/runner/.m2/repository/io/jaegertracing/jaeger-thrift/1.6.0/jaeger-thrift-1.6.0.jar:/home/runner/.m2/repository/org/apache/thrift/libthrift/0.14.1/libthrift-0.14.1.jar:/home/runner/.m2/repository/com/squareup/okhttp3/okhttp/4.9.0/okhttp-4.9.0.jar:/home/runner/.m2/repository/com/squareup/okio/okio/2.8.0/okio-2.8.0.jar:/home/runner/.m2/repository/io/jaegertracing/jaeger-core/1.6.0/jaeger-core-1.6.0.jar:/home/runner/.m2/repository/io/jaegertracing/jaeger-tracerresolver/1.6.0/jaeger-tracerresolver-1.6.0.jar:/home/runner/.m2/repository/io/opentracing/contrib/opentracing-tracerresolver/0.1.8/opentracing-tracerresolver-0.1.8.jar:/home/runner/.m2/repository/org/jetbrains/kotlin/kotlin-stdlib/1.4.31/kotlin-stdlib-1.4.31.jar:/home/runner/.m2/repository/org/jetbrains/kotlin/kotlin-stdlib-common/1.4.31/kotlin-stdlib-common-1.4.31.jar:/home/runner/.m2/repository/org/jetbrains/annotations/13.0/annotations-13.0.jar:/home/runner/.m2/repository/io/opentracing/opentracing-util/0.33.0/opentracing-util-0.33.0.jar:/home/runner/.m2/repository/io/opentracing/opentracing-api/0.33.0/opentracing-api-0.33.0.jar:/home/runner/.m2/repository/io/opentracing/opentracing-noop/0.33.0/opentracing-noop-0.33.0.jar:/home/runner/.m2/repository/org/yaml/snakeyaml/1.26/snakeyaml-1.26.jar:/home/runner/.m2/repository/org/apache/ozone/hdds-interface-admin/1.2.0-SNAPSHOT/hdds-interface-admin-1.2.0-SNAPSHOT.jar:/home/runner/.m2/repository/junit/junit/4.13.1/junit-4.13.1.jar:/home/runner/.m2/repository/org/hamcrest/hamcrest-core/1.3/hamcrest-core-1.3.jar:/home/runner/.m2/repository/org/junit/jupiter/junit-jupiter-api/5.7.0/junit-jupiter-api-5.7.0.jar:/home/runner/.m2/repository/org/apiguardian/apiguardian-api/1.1.0/apiguardian-api-1.1.0.jar:/home/runner/.m2/repository/org/opentest4j/opentest4j/1.2.0/opentest4j-1.2.0.jar:/home/runner/.m2/repository/org/junit/platform/junit-platform-commons/1.7.0/junit-platform-commons-1.7.0.jar:/home/runner/.m2/repository/org/junit/jupiter/junit-jupiter-engine/5.7.0/junit-jupiter-engine-5.7.0.jar:/home/runner/.m2/repository/org/junit/platform/junit-platform-engine/1.7.0/junit-platform-engine-1.7.0.jar:/home/runner/.m2/repository/org/junit/vintage/junit-vintage-engine/5.7.0/junit-vintage-engine-5.7.0.jar:/home/runner/.m2/repository/org/junit/platform/junit-platform-launcher/1.7.0/junit-platform-launcher-1.7.0.jar:/home/runner/.m2/repository/org/openjdk/jmh/jmh-core/1.19/jmh-core-1.19.jar:/home/runner/.m2/repository/net/sf/jopt-simple/jopt-simple/4.6/jopt-simple-4.6.jar:/home/runner/.m2/repository/org/apache/commons/commons-math3/3.1.1/commons-math3-3.1.1.jar:/home/runner/.m2/repository/org/openjdk/jmh/jmh-generator-annprocess/1.19/jmh-generator-annprocess-1.19.jar:/home/runner/.m2/repository/org/mockito/mockito-core/2.28.2/mockito-core-2.28.2.jar:/home/runner/.m2/repository/net/bytebuddy/byte-buddy/1.9.10/byte-buddy-1.9.10.jar:/home/runner/.m2/repository/net/bytebuddy/byte-buddy-agent/1.9.10/byte-buddy-agent-1.9.10.jar:/home/runner/.m2/repository/org/objenesis/objenesis/1.0/objenesis-1.0.jar:/home/runner/.m2/repository/org/apache/hadoop/hadoop-kms/3.3.1/hadoop-kms-3.3.1.jar:/home/runner/.m2/repository/org/apache/hadoop/hadoop-auth/3.3.1/hadoop-auth-3.3.1.jar:/home/runner/.m2/repository/com/nimbusds/nimbus-jose-jwt/7.9/nimbus-jose-jwt-7.9.jar:/home/runner/.m2/repository/com/github/stephenc/jcip/jcip-annotations/1.0-1/jcip-annotations-1.0-1.jar:/home/runner/.m2/repository/net/minidev/json-smart/2.3/json-smart-2.3.jar:/home/runner/.m2/repository/net/minidev/accessors-smart/1.2/accessors-smart-1.2.jar:/home/runner/.m2/repository/org/ow2/asm/asm/5.0.4/asm-5.0.4.jar:/home/runner/.m2/repository/org/apache/zookeeper/zookeeper/3.5.6/zookeeper-3.5.6.jar:/home/runner/.m2/repository/org/apache/zookeeper/zookeeper-jute/3.5.6/zookeeper-jute-3.5.6.jar:/home/runner/.m2/repository/org/apache/yetus/audience-annotations/0.5.0/audience-annotations-0.5.0.jar:/home/runner/.m2/repository/org/apache/curator/curator-framework/4.2.0/curator-framework-4.2.0.jar:/home/runner/.m2/repository/org/apache/hadoop/thirdparty/hadoop-shaded-guava/1.1.1/hadoop-shaded-guava-1.1.1.jar:/home/runner/.m2/repository/com/sun/jersey/jersey-core/1.19/jersey-core-1.19.jar:/home/runner/.m2/repository/javax/ws/rs/jsr311-api/1.1.1/jsr311-api-1.1.1.jar:/home/runner/.m2/repository/com/sun/jersey/jersey-server/1.19/jersey-server-1.19.jar:/home/runner/.m2/repository/javax/servlet/javax.servlet-api/3.1.0/javax.servlet-api-3.1.0.jar:/home/runner/.m2/repository/org/eclipse/jetty/jetty-server/9.4.43.v20210629/jetty-server-9.4.43.v20210629.jar:/home/runner/.m2/repository/org/eclipse/jetty/jetty-http/9.4.43.v20210629/jetty-http-9.4.43.v20210629.jar:/home/runner/.m2/repository/org/eclipse/jetty/jetty-io/9.4.43.v20210629/jetty-io-9.4.43.v20210629.jar:/home/runner/.m2/repository/org/eclipse/jetty/jetty-webapp/9.4.43.v20210629/jetty-webapp-9.4.43.v20210629.jar:/home/runner/.m2/repository/org/eclipse/jetty/jetty-xml/9.4.43.v20210629/jetty-xml-9.4.43.v20210629.jar:/home/runner/.m2/repository/org/apache/hadoop/hadoop-common/3.3.1/hadoop-common-3.3.1.jar:/home/runner/.m2/repository/commons-net/commons-net/3.6/commons-net-3.6.jar:/home/runner/.m2/repository/jakarta/activation/jakarta.activation-api/1.2.1/jakarta.activation-api-1.2.1.jar:/home/runner/.m2/repository/com/sun/jersey/jersey-servlet/1.19/jersey-servlet-1.19.jar:/home/runner/.m2/repository/com/sun/jersey/jersey-json/1.19/jersey-json-1.19.jar:/home/runner/.m2/repository/org/codehaus/jettison/jettison/1.1/jettison-1.1.jar:/home/runner/.m2/repository/com/sun/xml/bind/jaxb-impl/2.2.3-1/jaxb-impl-2.2.3-1.jar:/home/runner/.m2/repository/org/codehaus/jackson/jackson-jaxrs/1.9.2/jackson-jaxrs-1.9.2.jar:/home/runner/.m2/repository/org/codehaus/jackson/jackson-xc/1.9.2/jackson-xc-1.9.2.jar:/home/runner/.m2/repository/org/apache/commons/commons-configuration2/2.1.1/commons-configuration2-2.1.1.jar:/home/runner/.m2/repository/org/apache/commons/commons-text/1.4/commons-text-1.4.jar:/home/runner/.m2/repository/com/google/re2j/re2j/1.1/re2j-1.1.jar:/home/runner/.m2/repository/com/jcraft/jsch/0.1.54/jsch-0.1.54.jar:/home/runner/.m2/repository/org/apache/curator/curator-client/4.2.0/curator-client-4.2.0.jar:/home/runner/.m2/repository/org/apache/curator/curator-recipes/4.2.0/curator-recipes-4.2.0.jar:/home/runner/.m2/repository/org/apache/kerby/kerb-core/1.0.1/kerb-core-1.0.1.jar:/home/runner/.m2/repository/org/apache/kerby/kerby-pkix/1.0.1/kerby-pkix-1.0.1.jar:/home/runner/.m2/repository/org/apache/kerby/kerby-asn1/1.0.1/kerby-asn1-1.0.1.jar:/home/runner/.m2/repository/org/apache/kerby/kerby-util/1.0.1/kerby-util-1.0.1.jar:/home/runner/.m2/repository/dnsjava/dnsjava/2.1.7/dnsjava-2.1.7.jar:/home/runner/.m2/repository/org/xerial/snappy/snappy-java/1.1.8.2/snappy-java-1.1.8.2.jar:/home/runner/.m2/repository/org/slf4j/jul-to-slf4j/1.7.30/jul-to-slf4j-1.7.30.jar:/home/runner/.m2/repository/org/eclipse/jetty/jetty-util/9.4.43.v20210629/jetty-util-9.4.43.v20210629.jar:/home/runner/.m2/repository/com/fasterxml/jackson/core/jackson-databind/2.12.1/jackson-databind-2.12.1.jar:/home/runner/.m2/repository/org/apache/hadoop/hadoop-kms/3.3.1/hadoop-kms-3.3.1-tests.jar:/home/runner/.m2/repository/org/apache/ozone/hdds-server-scm/1.2.0-SNAPSHOT/hdds-server-scm-1.2.0-SNAPSHOT-tests.jar:/home/runner/.m2/repository/org/apache/ozone/hdds-container-service/1.2.0-SNAPSHOT/hdds-container-service-1.2.0-SNAPSHOT-tests.jar:/home/runner/.m2/repository/commons-codec/commons-codec/1.11/commons-codec-1.11.jar:/home/runner/.m2/repository/io/netty/netty-transport/4.1.63.Final/netty-transport-4.1.63.Final.jar:/home/runner/.m2/repository/io/netty/netty-resolver/4.1.63.Final/netty-resolver-4.1.63.Final.jar:/home/runner/.m2/repository/io/netty/netty-codec/4.1.63.Final/netty-codec-4.1.63.Final.jar:/home/runner/.m2/repository/io/netty/netty-handler/4.1.63.Final/netty-handler-4.1.63.Final.jar:/home/runner/.m2/repository/org/apache/ozone/hdds-hadoop-dependency-test/1.2.0-SNAPSHOT/hdds-hadoop-dependency-test-1.2.0-SNAPSHOT.jar:/home/runner/.m2/repository/org/apache/hadoop/hadoop-common/3.3.1/hadoop-common-3.3.1-tests.jar:/home/runner/.m2/repository/org/assertj/assertj-core/3.12.2/assertj-core-3.12.2.jar:/home/runner/.m2/repository/org/apache/hadoop/hadoop-hdfs/3.3.1/hadoop-hdfs-3.3.1-tests.jar:/home/runner/.m2/repository/org/eclipse/jetty/jetty-util-ajax/9.4.43.v20210629/jetty-util-ajax-9.4.43.v20210629.jar:/home/runner/.m2/repository/commons-daemon/commons-daemon/1.0.13/commons-daemon-1.0.13.jar:/home/runner/.m2/repository/io/netty/netty/3.10.6.Final/netty-3.10.6.Final.jar:/home/runner/.m2/repository/io/netty/netty-all/4.1.63.Final/netty-all-4.1.63.Final.jar:/home/runner/.m2/repository/org/apache/htrace/htrace-core4/4.1.0-incubating/htrace-core4-4.1.0-incubating.jar:/home/runner/.m2/repository/org/fusesource/leveldbjni/leveldbjni-all/1.8/leveldbjni-all-1.8.jar:/home/runner/.m2/repository/org/apache/hadoop/hadoop-distcp/3.3.1/hadoop-distcp-3.3.1.jar:/home/runner/.m2/repository/org/apache/hadoop/hadoop-mapreduce-client-jobclient/3.3.1/hadoop-mapreduce-client-jobclient-3.3.1.jar:/home/runner/.m2/repository/org/apache/hadoop/hadoop-mapreduce-client-common/3.3.1/hadoop-mapreduce-client-common-3.3.1.jar:/home/runner/.m2/repository/org/apache/hadoop/hadoop-yarn-common/3.3.1/hadoop-yarn-common-3.3.1.jar:/home/runner/.m2/repository/org/apache/hadoop/hadoop-yarn-api/3.3.1/hadoop-yarn-api-3.3.1.jar:/home/runner/.m2/repository/com/sun/jersey/jersey-client/1.19/jersey-client-1.19.jar:/home/runner/.m2/repository/com/sun/jersey/contribs/jersey-guice/1.19/jersey-guice-1.19.jar:/home/runner/.m2/repository/com/fasterxml/jackson/jaxrs/jackson-jaxrs-json-provider/2.12.1/jackson-jaxrs-json-provider-2.12.1.jar:/home/runner/.m2/repository/com/fasterxml/jackson/jaxrs/jackson-jaxrs-base/2.12.1/jackson-jaxrs-base-2.12.1.jar:/home/runner/.m2/repository/org/apache/hadoop/hadoop-yarn-client/3.3.1/hadoop-yarn-client-3.3.1.jar:/home/runner/.m2/repository/org/eclipse/jetty/websocket/websocket-client/9.4.40.v20210413/websocket-client-9.4.40.v20210413.jar:/home/runner/.m2/repository/org/eclipse/jetty/jetty-client/9.4.40.v20210413/jetty-client-9.4.40.v20210413.jar:/home/runner/.m2/repository/org/eclipse/jetty/websocket/websocket-common/9.4.40.v20210413/websocket-common-9.4.40.v20210413.jar:/home/runner/.m2/repository/org/eclipse/jetty/websocket/websocket-api/9.4.40.v20210413/websocket-api-9.4.40.v20210413.jar:/home/runner/.m2/repository/org/jline/jline/3.9.0/jline-3.9.0.jar:/home/runner/.m2/repository/org/apache/hadoop/hadoop-mapreduce-client-core/3.3.1/hadoop-mapreduce-client-core-3.3.1.jar:/home/runner/.m2/repository/org/apache/avro/avro/1.7.7/avro-1.7.7.jar:/home/runner/.m2/repository/org/codehaus/jackson/jackson-core-asl/1.9.13/jackson-core-asl-1.9.13.jar:/home/runner/.m2/repository/org/codehaus/jackson/jackson-mapper-asl/1.9.13/jackson-mapper-asl-1.9.13.jar:/home/runner/.m2/repository/com/thoughtworks/paranamer/paranamer/2.3/paranamer-2.3.jar:/home/runner/.m2/repository/org/apache/hadoop/hadoop-annotations/3.3.1/hadoop-annotations-3.3.1.jar:/usr/lib/jvm/adoptopenjdk-8-hotspot-amd64/jre/../lib/tools.jar:/home/runner/.m2/repository/org/apache/hadoop/hadoop-distcp/3.3.1/hadoop-distcp-3.3.1-tests.jar:"/>
    <property name="sun.cpu.endian" value="little"/>
    <property name="user.home" value="/home/runner"/>
    <property name="user.language" value="en"/>
    <property name="java.specification.vendor" value="Oracle Corporation"/>
    <property name="java.home" value="/usr/lib/jvm/adoptopenjdk-8-hotspot-amd64/jre"/>
    <property name="java.security.krb5.conf" value="/home/runner/work/ozone/ozone/hadoop-ozone/integration-test/target/test-classes/krb5.conf"/>
    <property name="basedir" value="/home/runner/work/ozone/ozone/hadoop-ozone/integration-test"/>
    <property name="file.separator" value="/"/>
    <property name="line.separator" value="&#10;"/>
    <property name="java.vm.specification.vendor" value="Oracle Corporation"/>
    <property name="java.specification.name" value="Java Platform API Specification"/>
    <property name="java.awt.graphicsenv" value="sun.awt.X11GraphicsEnvironment"/>
    <property name="skip.installnpx" value="true"/>
    <property name="surefire.real.class.path" value="/home/runner/work/ozone/ozone/hadoop-ozone/integration-test/target/surefire/surefirebooter361359528858616726.jar:/home/runner/.m2/repository/org/jacoco/org.jacoco.agent/0.8.5/org.jacoco.agent-0.8.5-runtime.jar"/>
    <property name="hadoop.log.dir" value="/home/runner/work/ozone/ozone/hadoop-ozone/integration-test/target/log"/>
    <property name="sun.boot.class.path" value="/usr/lib/jvm/adoptopenjdk-8-hotspot-amd64/jre/lib/resources.jar:/usr/lib/jvm/adoptopenjdk-8-hotspot-amd64/jre/lib/rt.jar:/usr/lib/jvm/adoptopenjdk-8-hotspot-amd64/jre/lib/sunrsasign.jar:/usr/lib/jvm/adoptopenjdk-8-hotspot-amd64/jre/lib/jsse.jar:/usr/lib/jvm/adoptopenjdk-8-hotspot-amd64/jre/lib/jce.jar:/usr/lib/jvm/adoptopenjdk-8-hotspot-amd64/jre/lib/charsets.jar:/usr/lib/jvm/adoptopenjdk-8-hotspot-amd64/jre/lib/jfr.jar:/usr/lib/jvm/adoptopenjdk-8-hotspot-amd64/jre/classes"/>
    <property name="sun.management.compiler" value="HotSpot 64-Bit Tiered Compilers"/>
    <property name="skip.npx" value="true"/>
    <property name="java.runtime.version" value="1.8.0_292-b10"/>
    <property name="java.net.preferIPv4Stack" value="true"/>
    <property name="user.name" value="runner"/>
    <property name="path.separator" value=":"/>
    <property name="java.security.egd" value="file:///dev/urandom"/>
    <property name="os.version" value="5.4.0-1055-azure"/>
    <property name="java.endorsed.dirs" value="/usr/lib/jvm/adoptopenjdk-8-hotspot-amd64/jre/lib/endorsed"/>
    <property name="java.runtime.name" value="OpenJDK Runtime Environment"/>
    <property name="file.encoding" value="UTF-8"/>
    <property name="java.vm.name" value="OpenJDK 64-Bit Server VM"/>
    <property name="test.build.webapps" value=""/>
    <property name="localRepository" value="/home/runner/.m2/repository"/>
    <property name="java.vendor.url.bug" value="https://github.com/AdoptOpenJDK/openjdk-support/issues"/>
    <property name="java.io.tmpdir" value="/tmp"/>
    <property name="require.test.libhadoop" value=""/>
    <property name="java.version" value="1.8.0_292"/>
    <property name="user.dir" value="/home/runner/work/ozone/ozone/hadoop-ozone/integration-test"/>
    <property name="os.arch" value="amd64"/>
    <property name="java.vm.specification.name" value="Java Virtual Machine Specification"/>
    <property name="test.build.classes" value="/home/runner/work/ozone/ozone/hadoop-ozone/integration-test/target/test-classes"/>
    <property name="java.awt.printerjob" value="sun.print.PSPrinterJob"/>
    <property name="sun.os.patch.level" value="unknown"/>
    <property name="hadoop.tmp.dir" value="/home/runner/work/ozone/ozone/hadoop-ozone/integration-test/target/tmp"/>
    <property name="java.library.path" value="/usr/java/packages/lib/amd64:/usr/lib64:/lib64:/lib:/usr/lib"/>
    <property name="java.vm.info" value="mixed mode"/>
    <property name="java.vendor" value="AdoptOpenJDK"/>
    <property name="java.vm.version" value="25.292-b10"/>
    <property name="java.ext.dirs" value="/usr/lib/jvm/adoptopenjdk-8-hotspot-amd64/jre/lib/ext:/usr/java/packages/lib/ext"/>
    <property name="sun.io.unicode.encoding" value="UnicodeLittle"/>
    <property name="java.class.version" value="52.0"/>
  </properties>
  <testcase name="testPipelineCloseWithPipelineAction" classname="org.apache.hadoop.hdds.scm.pipeline.TestPipelineClose" time="40.104"/>
  <testcase name="testPipelineCloseWithOpenContainer" classname="org.apache.hadoop.hdds.scm.pipeline.TestPipelineClose" time="36.291"/>
  <testcase name="testPipelineCloseWithClosedContainer" classname="org.apache.hadoop.hdds.scm.pipeline.TestPipelineClose" time="32.291"/>
  <testcase name="testPipelineCloseWithLogFailure" classname="org.apache.hadoop.hdds.scm.pipeline.TestPipelineClose" time="40.957">
    <failure message="&#10;Wanted but not invoked:&#10;pipelineActionHandler.onMessage(&#10;    &lt;Capturing argument&gt;,&#10;    &lt;any org.apache.hadoop.hdds.server.events.EventPublisher&gt;&#10;);&#10;-&gt; at org.apache.hadoop.hdds.scm.pipeline.PipelineActionHandler.onMessage(PipelineActionHandler.java:64)&#10;Actually, there were zero interactions with this mock.&#10;" type="Wanted but not invoked"><![CDATA[Wanted but not invoked:
pipelineActionHandler.onMessage(
    <Capturing argument>,
    <any org.apache.hadoop.hdds.server.events.EventPublisher>
);
-> at org.apache.hadoop.hdds.scm.pipeline.PipelineActionHandler.onMessage(PipelineActionHandler.java:64)
Actually, there were zero interactions with this mock.

	at org.apache.hadoop.hdds.scm.pipeline.PipelineActionHandler.onMessage(PipelineActionHandler.java:64)
	at org.apache.hadoop.hdds.scm.pipeline.TestPipelineClose.testPipelineCloseWithLogFailure(TestPipelineClose.java:246)
	at sun.reflect.NativeMethodAccessorImpl.invoke0(Native Method)
	at sun.reflect.NativeMethodAccessorImpl.invoke(NativeMethodAccessorImpl.java:62)
	at sun.reflect.DelegatingMethodAccessorImpl.invoke(DelegatingMethodAccessorImpl.java:43)
	at java.lang.reflect.Method.invoke(Method.java:498)
	at org.junit.runners.model.FrameworkMethod$1.runReflectiveCall(FrameworkMethod.java:59)
	at org.junit.internal.runners.model.ReflectiveCallable.run(ReflectiveCallable.java:12)
	at org.junit.runners.model.FrameworkMethod.invokeExplosively(FrameworkMethod.java:56)
	at org.junit.internal.runners.statements.InvokeMethod.evaluate(InvokeMethod.java:17)
	at org.junit.internal.runners.statements.RunBefores.evaluate(RunBefores.java:26)
	at org.junit.internal.runners.statements.RunAfters.evaluate(RunAfters.java:27)
	at org.junit.internal.runners.statements.FailOnTimeout$CallableStatement.call(FailOnTimeout.java:288)
	at org.junit.internal.runners.statements.FailOnTimeout$CallableStatement.call(FailOnTimeout.java:282)
	at java.util.concurrent.FutureTask.run(FutureTask.java:266)
	at java.lang.Thread.run(Thread.java:748)
]]></failure>
    <system-out><![CDATA[2021-08-18 00:05:15,889 [Time-limited test] WARN  server.ServerUtils (ServerUtils.java:getScmDbDir(148)) - ozone.scm.db.dirs is not configured. We recommend adding this setting. Falling back to ozone.metadata.dirs instead.
2021-08-18 00:05:15,911 [Time-limited test] INFO  ha.SCMHANodeDetails (SCMHANodeDetails.java:loadSCMHAConfig(157)) - ServiceID for StorageContainerManager is null
2021-08-18 00:05:15,911 [Time-limited test] INFO  ha.SCMHANodeDetails (SCMHANodeDetails.java:loadSCMHAConfig(162)) - ozone.scm.default.service.id is not defined, falling back to ozone.scm.service.ids to find serviceID for StorageContainerManager if it is HA enabled cluster
2021-08-18 00:05:15,912 [Time-limited test] WARN  server.ServerUtils (ServerUtils.java:getScmDbDir(148)) - ozone.scm.db.dirs is not configured. We recommend adding this setting. Falling back to ozone.metadata.dirs instead.
2021-08-18 00:05:15,912 [Time-limited test] INFO  upgrade.AbstractLayoutVersionManager (AbstractLayoutVersionManager.java:init(70)) - Initializing Layout version manager with metadata layout = SCM_HA (version = 2), software layout = SCM_HA (version = 2)
2021-08-18 00:05:16,007 [Time-limited test] INFO  reflections.Reflections (Reflections.java:scan(232)) - Reflections took 94 ms to scan 7 urls, producing 120 keys and 275 values 
2021-08-18 00:05:16,009 [Time-limited test] WARN  utils.HAUtils (HAUtils.java:getMetaDir(342)) - ozone.scm.db.dirs is not configured. We recommend adding this setting. Falling back to ozone.metadata.dirs instead.
2021-08-18 00:05:16,012 [Time-limited test] WARN  db.DBStoreBuilder (DBStoreBuilder.java:applyDBDefinition(145)) - ozone.scm.db.dirs is not configured. We recommend adding this setting. Falling back to ozone.metadata.dirs instead.
2021-08-18 00:05:16,319 [Time-limited test] INFO  net.NodeSchemaLoader (NodeSchemaLoader.java:loadSchemaFromFile(129)) - Loading schema from [jar:file:/home/runner/.m2/repository/org/apache/ozone/hdds-common/1.2.0-SNAPSHOT/hdds-common-1.2.0-SNAPSHOT.jar!/network-topology-default.xml]
2021-08-18 00:05:16,319 [Time-limited test] INFO  net.NodeSchemaLoader (NodeSchemaLoader.java:loadSchema(176)) - Loading network topology layer schema file
2021-08-18 00:05:16,325 [Time-limited test] INFO  ha.SequenceIdGenerator (SequenceIdGenerator.java:upgradeToSequenceId(327)) - upgrade localId to 107544261427200000
2021-08-18 00:05:16,325 [Time-limited test] INFO  ha.SequenceIdGenerator (SequenceIdGenerator.java:upgradeToSequenceId(337)) - upgrade delTxnId to 0
2021-08-18 00:05:16,325 [Time-limited test] INFO  ha.SequenceIdGenerator (SequenceIdGenerator.java:upgradeToSequenceId(351)) - upgrade containerId to 0
2021-08-18 00:05:16,325 [Time-limited test] INFO  ha.SequenceIdGenerator (SequenceIdGenerator.java:<init>(217)) - Init the HA SequenceIdGenerator.
2021-08-18 00:05:16,326 [Time-limited test] WARN  server.ServerUtils (ServerUtils.java:sanitizeUserArgs(73)) - ozone.scm.stale.node.interval value = 300000 is larger than max = 100000 based on the key value of ozone.scm.heartbeat.thread.interval, reset to the max value 100000.
2021-08-18 00:05:16,326 [Time-limited test] WARN  server.ServerUtils (ServerUtils.java:sanitizeUserArgs(73)) - ozone.scm.stale.node.interval value = 300000 is larger than max = 100000 based on the key value of ozone.scm.heartbeat.thread.interval, reset to the max value 100000.
2021-08-18 00:05:16,333 [Time-limited test] INFO  node.SCMNodeManager (SCMNodeManager.java:<init>(145)) - Entering startup safe mode.
2021-08-18 00:05:16,333 [Time-limited test] INFO  algorithms.ContainerPlacementPolicyFactory (ContainerPlacementPolicyFactory.java:getPolicy(60)) - Create container placement policy of type org.apache.hadoop.hdds.scm.container.placement.algorithms.SCMContainerPlacementRandom
2021-08-18 00:05:16,333 [Time-limited test] INFO  pipeline.PipelineStateManager (PipelineStateManagerV2Impl.java:initialize(78)) - No pipeline exists in current db
2021-08-18 00:05:16,333 [Time-limited test] INFO  algorithms.LeaderChoosePolicyFactory (LeaderChoosePolicyFactory.java:getPolicy(57)) - Create leader choose policy of type org.apache.hadoop.hdds.scm.pipeline.leader.choose.algorithms.MinLeaderCountChoosePolicy
2021-08-18 00:05:16,333 [Time-limited test] INFO  ha.SCMServiceManager (SCMServiceManager.java:register(43)) - Registering service BackgroundPipelineCreator.
2021-08-18 00:05:16,333 [Time-limited test] INFO  pipeline.BackgroundPipelineCreator (BackgroundPipelineCreatorV2.java:start(130)) - Starting RatisPipelineUtilsThread.
2021-08-18 00:05:16,337 [Time-limited test] INFO  algorithms.PipelineChoosePolicyFactory (PipelineChoosePolicyFactory.java:createPipelineChoosePolicyFromClass(73)) - Create pipeline choose policy of type org.apache.hadoop.hdds.scm.pipeline.choose.algorithms.RandomPipelineChoosePolicy
2021-08-18 00:05:16,337 [Time-limited test] INFO  ha.SCMServiceManager (SCMServiceManager.java:register(43)) - Registering service SCMBlockDeletingService.
2021-08-18 00:05:16,337 [Time-limited test] INFO  ha.SCMServiceManager (SCMServiceManager.java:register(43)) - Registering service ReplicationManager.
2021-08-18 00:05:16,337 [Time-limited test] INFO  container.ReplicationManager (ReplicationManager.java:start(307)) - Starting Replication Monitor Thread.
2021-08-18 00:05:16,338 [Time-limited test] INFO  safemode.ContainerSafeModeRule (ContainerSafeModeRule.java:<init>(89)) - containers with one replica threshold count 0
2021-08-18 00:05:16,338 [Time-limited test] INFO  safemode.HealthyPipelineSafeModeRule (HealthyPipelineSafeModeRule.java:initializeRule(156)) - Total pipeline count is 0, healthy pipeline threshold count is 1
2021-08-18 00:05:16,338 [Time-limited test] INFO  safemode.OneReplicaPipelineSafeModeRule (OneReplicaPipelineSafeModeRule.java:initializeRule(180)) - Total pipeline count is 0, pipeline's with at least one datanode reported threshold count is 0
2021-08-18 00:05:16,339 [Time-limited test] INFO  ipc.CallQueueManager (CallQueueManager.java:<init>(90)) - Using callQueue: class java.util.concurrent.LinkedBlockingQueue, queueCapacity: 2000, scheduler: class org.apache.hadoop.ipc.DefaultRpcScheduler, ipcBackoff: false.
2021-08-18 00:05:16,339 [Socket Reader #1 for port 0] INFO  ipc.Server (Server.java:run(1265)) - Starting Socket Reader #1 for port 0
2021-08-18 00:05:16,340 [Listener at 0.0.0.0/37163] INFO  ipc.CallQueueManager (CallQueueManager.java:<init>(90)) - Using callQueue: class java.util.concurrent.LinkedBlockingQueue, queueCapacity: 2000, scheduler: class org.apache.hadoop.ipc.DefaultRpcScheduler, ipcBackoff: false.
2021-08-18 00:05:16,340 [Socket Reader #1 for port 0] INFO  ipc.Server (Server.java:run(1265)) - Starting Socket Reader #1 for port 0
2021-08-18 00:05:16,341 [Listener at 0.0.0.0/45343] INFO  ipc.CallQueueManager (CallQueueManager.java:<init>(90)) - Using callQueue: class java.util.concurrent.LinkedBlockingQueue, queueCapacity: 2000, scheduler: class org.apache.hadoop.ipc.DefaultRpcScheduler, ipcBackoff: false.
2021-08-18 00:05:16,341 [Socket Reader #1 for port 0] INFO  ipc.Server (Server.java:run(1265)) - Starting Socket Reader #1 for port 0
2021-08-18 00:05:16,350 [ReplicationMonitor] INFO  container.ReplicationManager (ReplicationManager.java:processAll(359)) - Replication Monitor Thread took 0 milliseconds for processing 0 containers.
2021-08-18 00:05:16,396 [Listener at 0.0.0.0/40915] INFO  algorithms.ContainerPlacementPolicyFactory (ContainerPlacementPolicyFactory.java:getPolicy(60)) - Create container placement policy of type org.apache.hadoop.hdds.scm.container.placement.algorithms.SCMContainerPlacementRandom
2021-08-18 00:05:16,397 [Listener at 0.0.0.0/40915] INFO  server.StorageContainerManager (StorageContainerManager.java:<init>(383)) - 
Container Balancer status:
Key                            Value
Running                        false
Container Balancer Configuration values:
Key                                                Value
Threshold                                          0.1
Max Datanodes to Involve per Iteration(ratio)      0.5
Max Size to Move per Iteration                     10737418240B

2021-08-18 00:05:16,397 [Listener at 0.0.0.0/40915] WARN  events.EventQueue (EventQueue.java:fireEvent(194)) - No event handler registered for event TypedEvent{payloadType=SafeModeStatus, name='Safe mode status'}
2021-08-18 00:05:16,397 [Listener at 0.0.0.0/40915] INFO  ha.SCMContext (SCMContext.java:updateSafeModeStatus(205)) - Update SafeModeStatus from SafeModeStatus{safeModeStatus=true, preCheckPassed=false} to SafeModeStatus{safeModeStatus=true, preCheckPassed=false}.
2021-08-18 00:05:16,398 [Listener at 0.0.0.0/40915] INFO  server.StorageContainerManager (StorageContainerManager.java:start(1251)) - StorageContainerLocationProtocol RPC server is listening at /0.0.0.0:40915
2021-08-18 00:05:16,399 [Listener at 0.0.0.0/40915] WARN  impl.MetricsConfig (MetricsConfig.java:loadFirst(136)) - Cannot locate configuration: tried hadoop-metrics2-storagecontainermanager.properties,hadoop-metrics2.properties
2021-08-18 00:05:16,438 [Listener at 0.0.0.0/40915] INFO  impl.MetricsSystemImpl (MetricsSystemImpl.java:startTimer(378)) - Scheduled Metric snapshot period at 10 second(s).
2021-08-18 00:05:16,438 [Listener at 0.0.0.0/40915] INFO  impl.MetricsSystemImpl (MetricsSystemImpl.java:start(191)) - StorageContainerManager metrics system started
2021-08-18 00:05:16,522 [Listener at 0.0.0.0/40915] INFO  impl.MetricsSinkAdapter (MetricsSinkAdapter.java:start(204)) - Sink prometheus started
2021-08-18 00:05:16,522 [Listener at 0.0.0.0/40915] INFO  impl.MetricsSystemImpl (MetricsSystemImpl.java:registerSink(305)) - Registered sink prometheus
2021-08-18 00:05:16,636 [Listener at 0.0.0.0/40915] INFO  server.SCMClientProtocolServer (SCMClientProtocolServer.java:start(164)) - RPC server for Client  is listening at /0.0.0.0:40915
2021-08-18 00:05:16,638 [IPC Server Responder] INFO  ipc.Server (Server.java:run(1507)) - IPC Server Responder: starting
2021-08-18 00:05:16,671 [IPC Server listener on 0] INFO  ipc.Server (Server.java:run(1344)) - IPC Server listener on 0: starting
2021-08-18 00:05:16,760 [Listener at 0.0.0.0/40915] INFO  server.StorageContainerManager (StorageContainerManager.java:start(1266)) - ScmBlockLocationProtocol RPC server is listening at /0.0.0.0:45343
2021-08-18 00:05:16,760 [Listener at 0.0.0.0/40915] INFO  server.SCMBlockProtocolServer (SCMBlockProtocolServer.java:start(151)) - RPC server for Block Protocol is listening at /0.0.0.0:45343
2021-08-18 00:05:16,804 [IPC Server Responder] INFO  ipc.Server (Server.java:run(1507)) - IPC Server Responder: starting
2021-08-18 00:05:16,824 [IPC Server listener on 0] INFO  ipc.Server (Server.java:run(1344)) - IPC Server listener on 0: starting
2021-08-18 00:05:16,846 [Listener at 0.0.0.0/40915] INFO  server.StorageContainerManager (StorageContainerManager.java:start(1272)) - ScmDatanodeProtocl RPC server is listening at /0.0.0.0:37163
2021-08-18 00:05:16,846 [Listener at 0.0.0.0/40915] INFO  server.SCMDatanodeProtocolServer (SCMDatanodeProtocolServer.java:start(181)) - RPC server for DataNodes is listening at /0.0.0.0:37163
2021-08-18 00:05:16,847 [IPC Server Responder] INFO  ipc.Server (Server.java:run(1507)) - IPC Server Responder: starting
2021-08-18 00:05:16,847 [IPC Server listener on 0] INFO  ipc.Server (Server.java:run(1344)) - IPC Server listener on 0: starting
2021-08-18 00:05:16,892 [Listener at 0.0.0.0/40915] INFO  http.BaseHttpServer (BaseHttpServer.java:newHttpServer2BuilderForOzone(209)) - Starting Web-server for scm at: http://0.0.0.0:0
2021-08-18 00:05:16,893 [Listener at 0.0.0.0/40915] INFO  http.BaseHttpServer (BaseHttpServer.java:<init>(107)) - Hadoop Security Enabled: false Ozone Security Enabled: false Ozone HTTP Security Enabled: false 
2021-08-18 00:05:16,894 [Listener at 0.0.0.0/40915] INFO  server.AuthenticationFilter (AuthenticationFilter.java:constructSecretProvider(240)) - Unable to initialize FileSignerSecretProvider, falling back to use random secrets.
2021-08-18 00:05:16,892 [org.apache.hadoop.util.JvmPauseMonitor$Monitor@47538565] INFO  util.JvmPauseMonitor (JvmPauseMonitor.java:run(188)) - Starting JVM pause monitor
2021-08-18 00:05:16,908 [Listener at 0.0.0.0/40915] WARN  http.HttpRequestLog (HttpRequestLog.java:getRequestLog(103)) - Jetty request log can only be enabled using Log4j
2021-08-18 00:05:16,909 [Listener at 0.0.0.0/40915] INFO  http.HttpServer2 (HttpServer2.java:addGlobalFilter(1020)) - Added global filter 'safety' (class=org.apache.hadoop.hdds.server.http.HttpServer2$QuotingInputFilter)
2021-08-18 00:05:16,910 [Listener at 0.0.0.0/40915] INFO  http.HttpServer2 (HttpServer2.java:addFilter(996)) - Added filter static_user_filter (class=org.apache.hadoop.http.lib.StaticUserWebFilter$StaticUserFilter) to context scm
2021-08-18 00:05:16,910 [Listener at 0.0.0.0/40915] INFO  http.HttpServer2 (HttpServer2.java:addFilter(1004)) - Added filter static_user_filter (class=org.apache.hadoop.http.lib.StaticUserWebFilter$StaticUserFilter) to context logs
2021-08-18 00:05:16,910 [Listener at 0.0.0.0/40915] INFO  http.HttpServer2 (HttpServer2.java:addFilter(1004)) - Added filter static_user_filter (class=org.apache.hadoop.http.lib.StaticUserWebFilter$StaticUserFilter) to context static
2021-08-18 00:05:16,911 [Listener at 0.0.0.0/40915] INFO  http.HttpServer2 (HttpServer2.java:bindListener(1239)) - Jetty bound to port 41443
2021-08-18 00:05:16,911 [Listener at 0.0.0.0/40915] INFO  server.Server (Server.java:doStart(375)) - jetty-9.4.43.v20210629; built: 2021-06-30T11:07:22.254Z; git: 526006ecfa3af7f1a27ef3a288e2bef7ea9dd7e8; jvm 1.8.0_292-b10
2021-08-18 00:05:16,930 [Listener at 0.0.0.0/40915] INFO  server.session (DefaultSessionIdManager.java:doStart(334)) - DefaultSessionIdManager workerName=node0
2021-08-18 00:05:16,930 [Listener at 0.0.0.0/40915] INFO  server.session (DefaultSessionIdManager.java:doStart(339)) - No SessionScavenger set, using defaults
2021-08-18 00:05:16,930 [Listener at 0.0.0.0/40915] INFO  server.session (HouseKeeper.java:startScavenging(132)) - node0 Scavenging every 660000ms
2021-08-18 00:05:16,931 [Listener at 0.0.0.0/40915] INFO  handler.ContextHandler (ContextHandler.java:doStart(915)) - Started o.e.j.s.ServletContextHandler@6170e8d9{logs,/logs,file:///home/runner/work/ozone/ozone/hadoop-ozone/integration-test/target/log,AVAILABLE}
2021-08-18 00:05:16,932 [Listener at 0.0.0.0/40915] INFO  handler.ContextHandler (ContextHandler.java:doStart(915)) - Started o.e.j.s.ServletContextHandler@24d29a39{static,/static,file:///home/runner/work/ozone/ozone/hadoop-ozone/integration-test/target/test-classes/webapps/static,AVAILABLE}
2021-08-18 00:05:16,935 [Listener at 0.0.0.0/40915] INFO  handler.ContextHandler (ContextHandler.java:doStart(915)) - Started o.e.j.w.WebAppContext@3d132bc2{scm,/,file:///home/runner/work/ozone/ozone/hadoop-ozone/integration-test/target/test-classes/webapps/scm/,AVAILABLE}{file:/home/runner/work/ozone/ozone/hadoop-ozone/integration-test/target/test-classes/webapps/scm}
2021-08-18 00:05:16,946 [Listener at 0.0.0.0/40915] INFO  server.AbstractConnector (AbstractConnector.java:doStart(331)) - Started ServerConnector@18959e71{HTTP/1.1, (http/1.1)}{0.0.0.0:41443}
2021-08-18 00:05:16,946 [Listener at 0.0.0.0/40915] INFO  server.Server (Server.java:doStart(415)) - Started @110821ms
2021-08-18 00:05:16,946 [Listener at 0.0.0.0/40915] WARN  impl.MetricsSystemImpl (MetricsSystemImpl.java:register(279)) - Sink prometheus already exists!
2021-08-18 00:05:16,949 [Listener at 0.0.0.0/40915] INFO  http.BaseHttpServer (BaseHttpServer.java:updateConnectorAddress(329)) - HTTP server of scm listening at http://0.0.0.0:41443
2021-08-18 00:05:16,949 [Listener at 0.0.0.0/40915] WARN  server.ServerUtils (ServerUtils.java:getDBPath(225)) - ozone.om.db.dirs is not configured. We recommend adding this setting. Falling back to ozone.metadata.dirs instead.
2021-08-18 00:05:16,960 [Listener at 0.0.0.0/40915] INFO  ha.OMHANodeDetails (OMHANodeDetails.java:loadOMHAConfig(112)) - ozone.om.internal.service.id is not defined, falling back to ozone.om.service.ids to find serviceID for OzoneManager if it is HA enabled cluster
2021-08-18 00:05:16,961 [Listener at 0.0.0.0/40915] INFO  ha.OMHANodeDetails (OMHANodeDetails.java:loadOMHAConfig(219)) - Configuration does not have ozone.om.address set. Falling back to the default OM address /127.0.0.1:0
2021-08-18 00:05:16,961 [Listener at 0.0.0.0/40915] INFO  ha.OMHANodeDetails (OMHANodeDetails.java:getOMNodeDetails(247)) - OM Service ID is not set. Setting it to the default ID: omServiceIdDefault
2021-08-18 00:05:16,961 [Listener at 0.0.0.0/40915] INFO  ha.OMHANodeDetails (OMHANodeDetails.java:getOMNodeDetails(254)) - OM Node ID is not set. Setting it to the default ID: om1
2021-08-18 00:05:16,961 [Listener at 0.0.0.0/40915] WARN  server.ServerUtils (ServerUtils.java:getDBPath(225)) - ozone.om.db.dirs is not configured. We recommend adding this setting. Falling back to ozone.metadata.dirs instead.
2021-08-18 00:05:16,961 [Listener at 0.0.0.0/40915] INFO  upgrade.AbstractLayoutVersionManager (AbstractLayoutVersionManager.java:init(70)) - Initializing Layout version manager with metadata layout = INITIAL_VERSION (version = 0), software layout = INITIAL_VERSION (version = 0)
2021-08-18 00:05:17,160 [Listener at 0.0.0.0/40915] INFO  reflections.Reflections (Reflections.java:scan(232)) - Reflections took 198 ms to scan 2 urls, producing 131 keys and 342 values [using 2 cores]
2021-08-18 00:05:17,160 [Listener at 0.0.0.0/40915] INFO  upgrade.OMLayoutVersionManager (OMLayoutVersionManager.java:lambda$0(116)) - Skipping Upgrade Action MockOmUpgradeAction since it has been finalized.
2021-08-18 00:05:17,160 [Listener at 0.0.0.0/40915] WARN  server.ServerUtils (ServerUtils.java:getDBPath(225)) - ozone.om.db.dirs is not configured. We recommend adding this setting. Falling back to ozone.metadata.dirs instead.
2021-08-18 00:05:17,223 [Listener at 0.0.0.0/40915] WARN  server.ServerUtils (ServerUtils.java:getDBPath(225)) - ozone.om.db.dirs is not configured. We recommend adding this setting. Falling back to ozone.metadata.dirs instead.
2021-08-18 00:05:17,223 [Listener at 0.0.0.0/40915] INFO  codec.OmKeyInfoCodec (OmKeyInfoCodec.java:<init>(51)) - OmKeyInfoCodec ignorePipeline = true
2021-08-18 00:05:17,227 [Listener at 0.0.0.0/40915] INFO  codec.RepeatedOmKeyInfoCodec (RepeatedOmKeyInfoCodec.java:<init>(42)) - RepeatedOmKeyInfoCodec ignorePipeline = true
2021-08-18 00:05:17,579 [Listener at 0.0.0.0/40915] INFO  om.OzoneManager (OzoneManager.java:addS3GVolumeToDB(4115)) - Created Volume s3v With Owner runner required for S3Gateway operations.
2021-08-18 00:05:17,579 [Listener at 0.0.0.0/40915] WARN  server.ServerUtils (ServerUtils.java:getDefaultRatisDirectory(237)) - Storage directory for Ratis is not configured. It is a good idea to map this to an SSD disk. Falling back to ozone.metadata.dirs
2021-08-18 00:05:17,580 [Listener at 0.0.0.0/40915] WARN  utils.OzoneManagerRatisUtils (OzoneManagerRatisUtils.java:getOMRatisSnapshotDirectory(391)) - ozone.om.ratis.snapshot.dir is not configured. Falling back to ozone.metadata.dirs config
2021-08-18 00:05:17,613 [Listener at 0.0.0.0/40915] WARN  server.ServerUtils (ServerUtils.java:getDefaultRatisDirectory(237)) - Storage directory for Ratis is not configured. It is a good idea to map this to an SSD disk. Falling back to ozone.metadata.dirs
2021-08-18 00:05:17,618 [Listener at 0.0.0.0/40915] INFO  ratis.OzoneManagerRatisServer (OzoneManagerRatisServer.java:<init>(158)) - Instantiating OM Ratis server with groupID: omServiceIdDefault and peers: localhost:9872
2021-08-18 00:05:17,621 [Listener at 0.0.0.0/40915] INFO  ratis.OzoneManagerStateMachine (OzoneManagerStateMachine.java:loadSnapshotInfoFromDB(605)) - LastAppliedIndex is set from TransactionInfo from OM DB as (t:0, i:~)
2021-08-18 00:05:17,624 [Listener at 0.0.0.0/40915] INFO  server.RaftServer (ConfUtils.java:logGet(44)) - raft.rpc.type = GRPC (default)
2021-08-18 00:05:17,625 [Listener at 0.0.0.0/40915] INFO  grpc.GrpcFactory (GrpcFactory.java:checkPooledByteBufAllocatorUseCacheForAllThreads(48)) - PERFORMANCE WARNING: useCacheForAllThreads is true that may cause Netty to create a lot garbage objects and, as a result, trigger GC.
	It is recommended to disable useCacheForAllThreads by setting -Dorg.apache.ratis.thirdparty.io.netty.allocator.useCacheForAllThreads=false in command line.
2021-08-18 00:05:17,625 [Listener at 0.0.0.0/40915] INFO  grpc.GrpcConfigKeys (ConfUtils.java:logGet(44)) - raft.grpc.admin.port = -1 (default)
2021-08-18 00:05:17,625 [Listener at 0.0.0.0/40915] INFO  grpc.GrpcConfigKeys (ConfUtils.java:logGet(44)) - raft.grpc.server.port = 9872 (custom)
2021-08-18 00:05:17,625 [Listener at 0.0.0.0/40915] INFO  grpc.GrpcConfigKeys (ConfUtils.java:logGet(44)) - raft.grpc.client.port = -1 (default)
2021-08-18 00:05:17,625 [Listener at 0.0.0.0/40915] INFO  grpc.GrpcConfigKeys (ConfUtils.java:logGet(44)) - raft.grpc.server.port = 9872 (custom)
2021-08-18 00:05:17,625 [Listener at 0.0.0.0/40915] INFO  grpc.GrpcConfigKeys (ConfUtils.java:logGet(44)) - raft.grpc.server.port = 9872 (custom)
2021-08-18 00:05:17,625 [Listener at 0.0.0.0/40915] INFO  server.GrpcService (ConfUtils.java:logGet(44)) - raft.grpc.message.size.max = 33554432 (custom)
2021-08-18 00:05:17,625 [Listener at 0.0.0.0/40915] INFO  server.RaftServerConfigKeys (ConfUtils.java:logGet(44)) - raft.server.log.appender.buffer.byte-limit = 33554432 (custom)
2021-08-18 00:05:17,625 [Listener at 0.0.0.0/40915] INFO  server.GrpcService (ConfUtils.java:logGet(44)) - raft.grpc.flow.control.window = 1MB (=1048576) (default)
2021-08-18 00:05:17,625 [Listener at 0.0.0.0/40915] INFO  server.RaftServerConfigKeys (ConfUtils.java:logGet(44)) - raft.server.rpc.request.timeout = 3000ms (default)
2021-08-18 00:05:17,627 [Listener at 0.0.0.0/40915] INFO  impl.DataStreamServerImpl (ConfUtils.java:logGet(44)) - raft.datastream.type = DISABLED (default)
2021-08-18 00:05:17,632 [Listener at 0.0.0.0/40915] INFO  server.RaftServerConfigKeys (ConfUtils.java:logGet(44)) - raft.server.rpc.slowness.timeout = 120s (custom)
2021-08-18 00:05:17,633 [Listener at 0.0.0.0/40915] INFO  server.RaftServerConfigKeys (ConfUtils.java:logGet(44)) - raft.server.leaderelection.leader.step-down.wait-time = 10s (default)
2021-08-18 00:05:17,633 [Listener at 0.0.0.0/40915] INFO  server.RaftServerConfigKeys (ConfUtils.java:logGet(44)) - raft.server.storage.dir = [/home/runner/work/ozone/ozone/hadoop-ozone/integration-test/target/test-dir/MiniOzoneClusterImpl-b4dd0c3d-6691-419c-bf37-cebc6a2c258c/ozone-meta/ratis] (custom)
2021-08-18 00:05:17,644 [Listener at 0.0.0.0/40915] INFO  server.RaftServer (RaftServerProxy.java:addNew(95)) - om1: addNew group-C5BA1605619E:[om1|rpc:localhost:9872|priority:0] returns group-C5BA1605619E:java.util.concurrent.CompletableFuture@467893a9[Not completed]
2021-08-18 00:05:17,645 [Listener at 0.0.0.0/40915] INFO  om.OzoneManager (OzoneManager.java:initializeRatisServer(1573)) - OzoneManager Ratis server initialized at port 9872
2021-08-18 00:05:17,646 [Listener at 0.0.0.0/40915] INFO  ipc.CallQueueManager (CallQueueManager.java:<init>(90)) - Using callQueue: class java.util.concurrent.LinkedBlockingQueue, queueCapacity: 2000, scheduler: class org.apache.hadoop.ipc.DefaultRpcScheduler, ipcBackoff: false.
2021-08-18 00:05:17,647 [pool-359-thread-1] INFO  server.RaftServer$Division (RaftServerImpl.java:<init>(181)) - om1: new RaftServerImpl for group-C5BA1605619E:[om1|rpc:localhost:9872|priority:0] with OzoneManagerStateMachine:uninitialized
2021-08-18 00:05:17,650 [Socket Reader #1 for port 0] INFO  ipc.Server (Server.java:run(1265)) - Starting Socket Reader #1 for port 0
2021-08-18 00:05:17,657 [pool-359-thread-1] INFO  server.RaftServerConfigKeys (ConfUtils.java:logGet(44)) - raft.server.rpc.timeout.min = 1s (custom)
2021-08-18 00:05:17,657 [pool-359-thread-1] INFO  server.RaftServerConfigKeys (ConfUtils.java:logGet(44)) - raft.server.rpc.timeout.max = 1200ms (custom)
2021-08-18 00:05:17,657 [pool-359-thread-1] INFO  server.RaftServerConfigKeys (ConfUtils.java:logGet(44)) - raft.server.rpc.sleep.time = 25ms (default)
2021-08-18 00:05:17,657 [pool-359-thread-1] INFO  server.RaftServerConfigKeys (ConfUtils.java:logGet(44)) - raft.server.rpc.slowness.timeout = 120s (custom)
2021-08-18 00:05:17,657 [pool-359-thread-1] INFO  server.RaftServerConfigKeys (ConfUtils.java:logGet(44)) - raft.server.leaderelection.leader.step-down.wait-time = 10s (default)
2021-08-18 00:05:17,657 [pool-359-thread-1] INFO  server.RaftServerConfigKeys (ConfUtils.java:logGet(44)) - raft.server.sleep.deviation.threshold = 300ms (default)
2021-08-18 00:05:17,657 [pool-359-thread-1] INFO  server.RaftServerConfigKeys (ConfUtils.java:logGet(44)) - raft.server.log.appender.install.snapshot.enabled = false (custom)
2021-08-18 00:05:17,657 [pool-359-thread-1] INFO  server.RaftServer$Division (ServerState.java:<init>(105)) - om1@group-C5BA1605619E: ConfigurationManager, init=-1: [om1|rpc:localhost:9872|priority:0], old=null, confs=<EMPTY_MAP>
2021-08-18 00:05:17,657 [pool-359-thread-1] INFO  server.RaftServerConfigKeys (ConfUtils.java:logGet(44)) - raft.server.storage.dir = [/home/runner/work/ozone/ozone/hadoop-ozone/integration-test/target/test-dir/MiniOzoneClusterImpl-b4dd0c3d-6691-419c-bf37-cebc6a2c258c/ozone-meta/ratis] (custom)
2021-08-18 00:05:17,677 [pool-359-thread-1] INFO  server.RaftServerConfigKeys (ConfUtils.java:logGet(44)) - raft.server.log.corruption.policy = EXCEPTION (default)
2021-08-18 00:05:17,677 [pool-359-thread-1] INFO  server.RaftServerConfigKeys (ConfUtils.java:logGet(44)) - raft.server.storage.free-space.min = 0MB (=0) (default)
2021-08-18 00:05:17,677 [pool-359-thread-1] INFO  storage.RaftStorageDirectory (RaftStorageDirectoryImpl.java:analyzeStorage(135)) - The storage directory /home/runner/work/ozone/ozone/hadoop-ozone/integration-test/target/test-dir/MiniOzoneClusterImpl-b4dd0c3d-6691-419c-bf37-cebc6a2c258c/ozone-meta/ratis/bf265839-605b-3f16-9796-c5ba1605619e does not exist. Creating ...
2021-08-18 00:05:17,679 [pool-359-thread-1] INFO  storage.RaftStorageDirectory (RaftStorageDirectoryImpl.java:tryLock(230)) - Lock on /home/runner/work/ozone/ozone/hadoop-ozone/integration-test/target/test-dir/MiniOzoneClusterImpl-b4dd0c3d-6691-419c-bf37-cebc6a2c258c/ozone-meta/ratis/bf265839-605b-3f16-9796-c5ba1605619e/in_use.lock acquired by nodename 22303@fv-az122-443
2021-08-18 00:05:17,685 [pool-359-thread-1] INFO  storage.RaftStorage (RaftStorageImpl.java:format(89)) - Storage directory /home/runner/work/ozone/ozone/hadoop-ozone/integration-test/target/test-dir/MiniOzoneClusterImpl-b4dd0c3d-6691-419c-bf37-cebc6a2c258c/ozone-meta/ratis/bf265839-605b-3f16-9796-c5ba1605619e has been successfully formatted.
2021-08-18 00:05:17,697 [pool-359-thread-1] INFO  server.RaftServerConfigKeys (ConfUtils.java:logGet(44)) - raft.server.notification.no-leader.timeout = 120s (custom)
2021-08-18 00:05:17,697 [pool-359-thread-1] INFO  server.RaftServerConfigKeys (ConfUtils.java:logGet(44)) - raft.server.log.use.memory = false (default)
2021-08-18 00:05:17,697 [pool-359-thread-1] INFO  server.RaftServerConfigKeys (ConfUtils.java:logGet(44)) - raft.server.log.purge.gap = 1000000 (custom)
2021-08-18 00:05:17,697 [pool-359-thread-1] INFO  server.RaftServerConfigKeys (ConfUtils.java:logGet(44)) - raft.server.log.appender.buffer.byte-limit = 33554432 (custom)
2021-08-18 00:05:17,697 [pool-359-thread-1] INFO  server.RaftServerConfigKeys (ConfUtils.java:logGet(44)) - raft.server.log.segment.size.max = 4194304 (custom)
2021-08-18 00:05:17,698 [pool-359-thread-1] INFO  server.RaftServerConfigKeys (ConfUtils.java:logGet(44)) - raft.server.log.segment.cache.num.max = 2 (custom)
2021-08-18 00:05:17,698 [pool-359-thread-1] INFO  server.RaftServerConfigKeys (ConfUtils.java:logGet(44)) - raft.server.log.segment.cache.size.max = 200MB (=209715200) (default)
2021-08-18 00:05:17,698 [pool-359-thread-1] INFO  segmented.SegmentedRaftLogWorker (SegmentedRaftLogWorker.java:<init>(182)) - new om1@group-C5BA1605619E-SegmentedRaftLogWorker for RaftStorageImpl:Storage Directory /home/runner/work/ozone/ozone/hadoop-ozone/integration-test/target/test-dir/MiniOzoneClusterImpl-b4dd0c3d-6691-419c-bf37-cebc6a2c258c/ozone-meta/ratis/bf265839-605b-3f16-9796-c5ba1605619e
2021-08-18 00:05:17,698 [pool-359-thread-1] INFO  server.RaftServerConfigKeys (ConfUtils.java:logGet(44)) - raft.server.log.queue.byte-limit = 64MB (=67108864) (default)
2021-08-18 00:05:17,698 [pool-359-thread-1] INFO  server.RaftServerConfigKeys (ConfUtils.java:logGet(44)) - raft.server.log.queue.element-limit = 4096 (default)
2021-08-18 00:05:17,698 [pool-359-thread-1] INFO  server.RaftServerConfigKeys (ConfUtils.java:logGet(44)) - raft.server.log.segment.size.max = 4194304 (custom)
2021-08-18 00:05:17,698 [pool-359-thread-1] INFO  server.RaftServerConfigKeys (ConfUtils.java:logGet(44)) - raft.server.log.preallocated.size = 4194304 (custom)
2021-08-18 00:05:17,698 [pool-359-thread-1] INFO  server.RaftServerConfigKeys (ConfUtils.java:logGet(44)) - raft.server.log.force.sync.num = 128 (default)
2021-08-18 00:05:17,698 [pool-359-thread-1] INFO  server.RaftServerConfigKeys (ConfUtils.java:logGet(44)) - raft.server.log.statemachine.data.sync = true (default)
2021-08-18 00:05:17,698 [pool-359-thread-1] INFO  server.RaftServerConfigKeys (ConfUtils.java:logGet(44)) - raft.server.log.statemachine.data.sync.timeout = 10s (default)
2021-08-18 00:05:17,698 [pool-359-thread-1] INFO  server.RaftServerConfigKeys (ConfUtils.java:logGet(44)) - raft.server.log.statemachine.data.sync.timeout.retry = -1 (default)
2021-08-18 00:05:17,699 [pool-359-thread-1] INFO  server.RaftServerConfigKeys (ConfUtils.java:logGet(44)) - raft.server.log.write.buffer.size = 64KB (=65536) (default)
2021-08-18 00:05:17,699 [pool-359-thread-1] INFO  server.RaftServerConfigKeys (ConfUtils.java:logGet(44)) - raft.server.log.statemachine.data.caching.enabled = false (default)
2021-08-18 00:05:17,699 [pool-359-thread-1] INFO  segmented.SegmentedRaftLogWorker (SegmentedRaftLogWorker.java:lambda$new$0(133)) - om1@group-C5BA1605619E-SegmentedRaftLogWorker: flushIndex: setUnconditionally 0 -> -1
2021-08-18 00:05:17,699 [pool-359-thread-1] INFO  segmented.SegmentedRaftLogWorker (SegmentedRaftLogWorker.java:lambda$new$0(133)) - om1@group-C5BA1605619E-SegmentedRaftLogWorker: safeCacheEvictIndex: setUnconditionally 0 -> -1
2021-08-18 00:05:17,720 [pool-359-thread-1] INFO  server.RaftServerConfigKeys (ConfUtils.java:logGet(44)) - raft.server.snapshot.auto.trigger.enabled = true (custom)
2021-08-18 00:05:17,720 [pool-359-thread-1] INFO  server.RaftServerConfigKeys (ConfUtils.java:logGet(44)) - raft.server.snapshot.auto.trigger.threshold = 400000 (default)
2021-08-18 00:05:17,721 [pool-359-thread-1] INFO  server.RaftServerConfigKeys (ConfUtils.java:logGet(44)) - raft.server.snapshot.retention.file.num = -1 (default)
2021-08-18 00:05:17,721 [pool-359-thread-1] INFO  server.RaftServerConfigKeys (ConfUtils.java:logGet(44)) - raft.server.log.purge.upto.snapshot.index = true (custom)
2021-08-18 00:05:17,721 [pool-359-thread-1] INFO  server.RaftServerConfigKeys (ConfUtils.java:logGet(44)) - raft.server.retrycache.expirytime = 300s (custom)
2021-08-18 00:05:17,721 [pool-359-thread-1] INFO  server.RaftServerConfigKeys (ConfUtils.java:logGet(44)) - raft.server.retrycache.statistics.expirytime = 100μs (default)
2021-08-18 00:05:17,768 [Listener at 127.0.0.1/46821] INFO  om.OzoneManager (OzoneManager.java:initFSOLayout(4321)) - Configured ozone.om.metadata.layout=SIMPLE and disabled optimized OM FS operations
2021-08-18 00:05:17,785 [Listener at 127.0.0.1/46821] INFO  impl.MetricsSystemImpl (MetricsSystemImpl.java:init(158)) - OzoneManager metrics system started (again)
2021-08-18 00:05:17,827 [Listener at 127.0.0.1/46821] INFO  om.OzoneManager (OzoneManager.java:start(1270)) - OzoneManager RPC server is listening at localhost/127.0.0.1:46821
2021-08-18 00:05:17,827 [Listener at 127.0.0.1/46821] INFO  ratis.OzoneManagerRatisServer (OzoneManagerRatisServer.java:start(516)) - Starting OzoneManagerRatisServer om1 at port 9872
2021-08-18 00:05:17,828 [Listener at 127.0.0.1/46821] INFO  server.RaftServer$Division (RaftServerImpl.java:start(296)) - om1@group-C5BA1605619E: start as a follower, conf=-1: [om1|rpc:localhost:9872|priority:0], old=null
2021-08-18 00:05:17,835 [Listener at 127.0.0.1/46821] INFO  server.RaftServer$Division (RaftServerImpl.java:setRole(285)) - om1@group-C5BA1605619E: changes role from      null to FOLLOWER at term 0 for startAsFollower
2021-08-18 00:05:17,836 [Listener at 127.0.0.1/46821] INFO  impl.RoleInfo (RoleInfo.java:updateAndGet(130)) - om1: start om1@group-C5BA1605619E-FollowerState
2021-08-18 00:05:17,837 [Listener at 127.0.0.1/46821] INFO  util.JmxRegister (JmxRegister.java:tryRegister(44)) - Successfully registered JMX Bean with object name Ratis:service=RaftServer,group=group-C5BA1605619E,id=om1
2021-08-18 00:05:17,837 [Listener at 127.0.0.1/46821] INFO  server.RaftServer (RaftServerProxy.java:lambda$start$5(374)) - om1: start RPC server
2021-08-18 00:05:17,838 [Listener at 127.0.0.1/46821] INFO  server.GrpcService (GrpcService.java:startImpl(253)) - om1: GrpcService started, listening on 9872
2021-08-18 00:05:17,839 [Listener at 127.0.0.1/46821] INFO  om.OzoneManager (OzoneManager.java:start(1288)) - Version File has different layout version (0) than OM DB (null). That is expected if this OM has never been finalized to a newer layout version.
2021-08-18 00:05:17,840 [org.apache.ratis.util.JvmPauseMonitor$$Lambda$531/199673773@42d00f1b] INFO  util.JvmPauseMonitor (JvmPauseMonitor.java:run(103)) - JvmPauseMonitor-om1: Started
2021-08-18 00:05:17,860 [Listener at 127.0.0.1/46821] INFO  http.BaseHttpServer (BaseHttpServer.java:newHttpServer2BuilderForOzone(209)) - Starting Web-server for ozoneManager at: http://0.0.0.0:0
2021-08-18 00:05:17,860 [Listener at 127.0.0.1/46821] INFO  http.BaseHttpServer (BaseHttpServer.java:<init>(107)) - Hadoop Security Enabled: false Ozone Security Enabled: false Ozone HTTP Security Enabled: false 
2021-08-18 00:05:17,862 [Listener at 127.0.0.1/46821] INFO  server.AuthenticationFilter (AuthenticationFilter.java:constructSecretProvider(240)) - Unable to initialize FileSignerSecretProvider, falling back to use random secrets.
2021-08-18 00:05:17,877 [Listener at 127.0.0.1/46821] WARN  http.HttpRequestLog (HttpRequestLog.java:getRequestLog(103)) - Jetty request log can only be enabled using Log4j
2021-08-18 00:05:17,878 [Listener at 127.0.0.1/46821] INFO  http.HttpServer2 (HttpServer2.java:addGlobalFilter(1020)) - Added global filter 'safety' (class=org.apache.hadoop.hdds.server.http.HttpServer2$QuotingInputFilter)
2021-08-18 00:05:17,879 [Listener at 127.0.0.1/46821] INFO  http.HttpServer2 (HttpServer2.java:addFilter(996)) - Added filter static_user_filter (class=org.apache.hadoop.http.lib.StaticUserWebFilter$StaticUserFilter) to context ozoneManager
2021-08-18 00:05:17,879 [Listener at 127.0.0.1/46821] INFO  http.HttpServer2 (HttpServer2.java:addFilter(1004)) - Added filter static_user_filter (class=org.apache.hadoop.http.lib.StaticUserWebFilter$StaticUserFilter) to context static
2021-08-18 00:05:17,879 [Listener at 127.0.0.1/46821] INFO  http.HttpServer2 (HttpServer2.java:addFilter(1004)) - Added filter static_user_filter (class=org.apache.hadoop.http.lib.StaticUserWebFilter$StaticUserFilter) to context logs
2021-08-18 00:05:17,880 [Listener at 127.0.0.1/46821] INFO  http.HttpServer2 (HttpServer2.java:bindListener(1239)) - Jetty bound to port 46297
2021-08-18 00:05:17,880 [Listener at 127.0.0.1/46821] INFO  server.Server (Server.java:doStart(375)) - jetty-9.4.43.v20210629; built: 2021-06-30T11:07:22.254Z; git: 526006ecfa3af7f1a27ef3a288e2bef7ea9dd7e8; jvm 1.8.0_292-b10
2021-08-18 00:05:17,976 [Listener at 127.0.0.1/46821] INFO  server.session (DefaultSessionIdManager.java:doStart(334)) - DefaultSessionIdManager workerName=node0
2021-08-18 00:05:17,976 [Listener at 127.0.0.1/46821] INFO  server.session (DefaultSessionIdManager.java:doStart(339)) - No SessionScavenger set, using defaults
2021-08-18 00:05:17,976 [Listener at 127.0.0.1/46821] INFO  server.session (HouseKeeper.java:startScavenging(132)) - node0 Scavenging every 660000ms
2021-08-18 00:05:17,985 [Listener at 127.0.0.1/46821] INFO  handler.ContextHandler (ContextHandler.java:doStart(915)) - Started o.e.j.s.ServletContextHandler@4fcd41f0{logs,/logs,file:///home/runner/work/ozone/ozone/hadoop-ozone/integration-test/target/log,AVAILABLE}
2021-08-18 00:05:17,985 [Listener at 127.0.0.1/46821] INFO  handler.ContextHandler (ContextHandler.java:doStart(915)) - Started o.e.j.s.ServletContextHandler@5e4a0a43{static,/static,file:///home/runner/work/ozone/ozone/hadoop-ozone/integration-test/target/test-classes/webapps/static,AVAILABLE}
2021-08-18 00:05:17,988 [Listener at 127.0.0.1/46821] INFO  handler.ContextHandler (ContextHandler.java:doStart(915)) - Started o.e.j.w.WebAppContext@4aa48930{ozoneManager,/,file:///home/runner/work/ozone/ozone/hadoop-ozone/integration-test/target/test-classes/webapps/ozoneManager/,AVAILABLE}{file:/home/runner/work/ozone/ozone/hadoop-ozone/integration-test/target/test-classes/webapps/ozoneManager}
2021-08-18 00:05:18,004 [Listener at 127.0.0.1/46821] INFO  server.AbstractConnector (AbstractConnector.java:doStart(331)) - Started ServerConnector@2072c741{HTTP/1.1, (http/1.1)}{0.0.0.0:46297}
2021-08-18 00:05:18,005 [Listener at 127.0.0.1/46821] INFO  server.Server (Server.java:doStart(415)) - Started @111879ms
2021-08-18 00:05:18,005 [Listener at 127.0.0.1/46821] WARN  impl.MetricsSystemImpl (MetricsSystemImpl.java:register(279)) - Sink prometheus already exists!
2021-08-18 00:05:18,006 [Listener at 127.0.0.1/46821] INFO  http.BaseHttpServer (BaseHttpServer.java:updateConnectorAddress(329)) - HTTP server of ozoneManager listening at http://0.0.0.0:46297
2021-08-18 00:05:18,024 [IPC Server Responder] INFO  ipc.Server (Server.java:run(1507)) - IPC Server Responder: starting
2021-08-18 00:05:18,027 [IPC Server listener on 0] INFO  ipc.Server (Server.java:run(1344)) - IPC Server listener on 0: starting
2021-08-18 00:05:18,091 [Listener at 127.0.0.1/46821] INFO  om.OzoneManager (OzoneManager.java:startTrashEmptier(1531)) - Trash Interval set to 0. Files deleted will not move to trash
2021-08-18 00:05:18,135 [org.apache.hadoop.util.JvmPauseMonitor$Monitor@613e8134] INFO  util.JvmPauseMonitor (JvmPauseMonitor.java:run(188)) - Starting JVM pause monitor
2021-08-18 00:05:18,128 [Listener at 127.0.0.1/46821] WARN  impl.MetricRegistriesImpl (MetricRegistriesImpl.java:addReporterRegistration(111)) - New reporters are added after registries were created. Some metrics will be missing from the reporter. Please add reporter before adding any new registry.
2021-08-18 00:05:18,153 [Listener at 127.0.0.1/46821] WARN  impl.MetricRegistriesImpl (MetricRegistriesImpl.java:addReporterRegistration(111)) - New reporters are added after registries were created. Some metrics will be missing from the reporter. Please add reporter before adding any new registry.
2021-08-18 00:05:18,153 [Listener at 127.0.0.1/46821] INFO  impl.MetricsSystemImpl (MetricsSystemImpl.java:init(158)) - HddsDatanode metrics system started (again)
2021-08-18 00:05:18,179 [Listener at 127.0.0.1/46821] INFO  ozone.HddsDatanodeService (HddsDatanodeService.java:start(234)) - HddsDatanodeService host:fv-az122-443.zf1tlrj3kn4expqppa1j4mpycf.xx.internal.cloudapp.net ip:10.1.0.4
2021-08-18 00:05:18,291 [Listener at 127.0.0.1/46821] INFO  upgrade.AbstractLayoutVersionManager (AbstractLayoutVersionManager.java:init(70)) - Initializing Layout version manager with metadata layout = SCM_HA (version = 2), software layout = SCM_HA (version = 2)
2021-08-18 00:05:18,419 [Listener at 127.0.0.1/46821] INFO  reflections.Reflections (Reflections.java:scan(232)) - Reflections took 126 ms to scan 7 urls, producing 120 keys and 275 values 
2021-08-18 00:05:18,482 [Listener at 127.0.0.1/46821] INFO  volume.HddsVolume (HddsVolume.java:<init>(120)) - Creating HddsVolume: /home/runner/work/ozone/ozone/hadoop-ozone/integration-test/target/test-dir/MiniOzoneClusterImpl-b4dd0c3d-6691-419c-bf37-cebc6a2c258c/datanode-0/data-0/containers/hdds of storage type : DISK capacity : 9223372036854775807
2021-08-18 00:05:18,489 [Listener at 127.0.0.1/46821] INFO  volume.MutableVolumeSet (MutableVolumeSet.java:initializeVolumeSet(181)) - Added Volume : /home/runner/work/ozone/ozone/hadoop-ozone/integration-test/target/test-dir/MiniOzoneClusterImpl-b4dd0c3d-6691-419c-bf37-cebc6a2c258c/datanode-0/data-0/containers/hdds to VolumeSet
2021-08-18 00:05:18,493 [Listener at 127.0.0.1/46821] INFO  volume.ThrottledAsyncChecker (ThrottledAsyncChecker.java:schedule(141)) - Scheduling a check for /home/runner/work/ozone/ozone/hadoop-ozone/integration-test/target/test-dir/MiniOzoneClusterImpl-b4dd0c3d-6691-419c-bf37-cebc6a2c258c/datanode-0/data-0/containers/hdds
2021-08-18 00:05:18,494 [Listener at 127.0.0.1/46821] INFO  volume.StorageVolumeChecker (StorageVolumeChecker.java:checkAllVolumes(202)) - Scheduled health check for volume /home/runner/work/ozone/ozone/hadoop-ozone/integration-test/target/test-dir/MiniOzoneClusterImpl-b4dd0c3d-6691-419c-bf37-cebc6a2c258c/datanode-0/data-0/containers/hdds
2021-08-18 00:05:18,577 [Listener at 127.0.0.1/46821] INFO  volume.MutableVolumeSet (MutableVolumeSet.java:initializeVolumeSet(181)) - Added Volume : /home/runner/work/ozone/ozone/hadoop-ozone/integration-test/target/test-dir/MiniOzoneClusterImpl-b4dd0c3d-6691-419c-bf37-cebc6a2c258c/datanode-0/data/ratis to VolumeSet
2021-08-18 00:05:18,577 [Listener at 127.0.0.1/46821] INFO  volume.ThrottledAsyncChecker (ThrottledAsyncChecker.java:schedule(141)) - Scheduling a check for /home/runner/work/ozone/ozone/hadoop-ozone/integration-test/target/test-dir/MiniOzoneClusterImpl-b4dd0c3d-6691-419c-bf37-cebc6a2c258c/datanode-0/data/ratis
2021-08-18 00:05:18,577 [Listener at 127.0.0.1/46821] INFO  volume.StorageVolumeChecker (StorageVolumeChecker.java:checkAllVolumes(202)) - Scheduled health check for volume /home/runner/work/ozone/ozone/hadoop-ozone/integration-test/target/test-dir/MiniOzoneClusterImpl-b4dd0c3d-6691-419c-bf37-cebc6a2c258c/datanode-0/data/ratis
2021-08-18 00:05:18,624 [Listener at 127.0.0.1/46821] INFO  ozoneimpl.ContainerReader (ContainerReader.java:<init>(98)) - Running in upgrade mode:true
2021-08-18 00:05:18,644 [Thread-890] INFO  ozoneimpl.ContainerReader (ContainerReader.java:readVolume(142)) - Start to verify containers on volume /home/runner/work/ozone/ozone/hadoop-ozone/integration-test/target/test-dir/MiniOzoneClusterImpl-b4dd0c3d-6691-419c-bf37-cebc6a2c258c/datanode-0/data-0/containers/hdds
2021-08-18 00:05:18,645 [Thread-890] INFO  ozoneimpl.ContainerReader (ContainerReader.java:readVolume(174)) - Finish verifying containers on volume /home/runner/work/ozone/ozone/hadoop-ozone/integration-test/target/test-dir/MiniOzoneClusterImpl-b4dd0c3d-6691-419c-bf37-cebc6a2c258c/datanode-0/data-0/containers/hdds
2021-08-18 00:05:18,645 [Listener at 127.0.0.1/46821] INFO  ozoneimpl.OzoneContainer (OzoneContainer.java:buildContainerSet(237)) - Build ContainerSet costs 0s
2021-08-18 00:05:18,647 [Listener at 127.0.0.1/46821] INFO  server.RaftServer (ConfUtils.java:logGet(44)) - raft.rpc.type = GRPC (default)
2021-08-18 00:05:18,647 [Listener at 127.0.0.1/46821] INFO  grpc.GrpcFactory (GrpcFactory.java:checkPooledByteBufAllocatorUseCacheForAllThreads(48)) - PERFORMANCE WARNING: useCacheForAllThreads is true that may cause Netty to create a lot garbage objects and, as a result, trigger GC.
	It is recommended to disable useCacheForAllThreads by setting -Dorg.apache.ratis.thirdparty.io.netty.allocator.useCacheForAllThreads=false in command line.
2021-08-18 00:05:18,647 [Listener at 127.0.0.1/46821] INFO  grpc.GrpcConfigKeys (ConfUtils.java:logGet(44)) - raft.grpc.admin.port = 0 (custom)
2021-08-18 00:05:18,647 [Listener at 127.0.0.1/46821] INFO  grpc.GrpcConfigKeys (ConfUtils.java:logGet(44)) - raft.grpc.client.port = 0 (custom)
2021-08-18 00:05:18,647 [Listener at 127.0.0.1/46821] INFO  grpc.GrpcConfigKeys (ConfUtils.java:logGet(44)) - raft.grpc.server.port = 0 (default)
2021-08-18 00:05:18,648 [Listener at 127.0.0.1/46821] INFO  server.GrpcService (ConfUtils.java:logGet(44)) - raft.grpc.message.size.max = 32MB (=33554432) (custom)
2021-08-18 00:05:18,648 [Listener at 127.0.0.1/46821] INFO  server.RaftServerConfigKeys (ConfUtils.java:logGet(44)) - raft.server.log.appender.buffer.byte-limit = 33554432 (custom)
2021-08-18 00:05:18,648 [Listener at 127.0.0.1/46821] INFO  server.GrpcService (ConfUtils.java:logGet(44)) - raft.grpc.flow.control.window = 5MB (=5242880) (custom)
2021-08-18 00:05:18,648 [Listener at 127.0.0.1/46821] INFO  server.RaftServerConfigKeys (ConfUtils.java:logGet(44)) - raft.server.rpc.request.timeout = 60s (custom)
2021-08-18 00:05:18,649 [Listener at 127.0.0.1/46821] INFO  impl.DataStreamServerImpl (ConfUtils.java:logGet(44)) - raft.datastream.type = DISABLED (default)
2021-08-18 00:05:18,656 [Listener at 127.0.0.1/46821] INFO  server.RaftServerConfigKeys (ConfUtils.java:logGet(44)) - raft.server.rpc.slowness.timeout = 300s (custom)
2021-08-18 00:05:18,657 [Listener at 127.0.0.1/46821] INFO  server.RaftServerConfigKeys (ConfUtils.java:logGet(44)) - raft.server.leaderelection.leader.step-down.wait-time = 10s (default)
2021-08-18 00:05:18,657 [Listener at 127.0.0.1/46821] INFO  server.RaftServerConfigKeys (ConfUtils.java:logGet(44)) - raft.server.storage.dir = [/home/runner/work/ozone/ozone/hadoop-ozone/integration-test/target/test-dir/MiniOzoneClusterImpl-b4dd0c3d-6691-419c-bf37-cebc6a2c258c/datanode-0/data/ratis] (custom)
2021-08-18 00:05:18,674 [Listener at 127.0.0.1/46821] INFO  http.BaseHttpServer (BaseHttpServer.java:newHttpServer2BuilderForOzone(209)) - Starting Web-server for hddsDatanode at: http://0.0.0.0:0
2021-08-18 00:05:18,674 [Listener at 127.0.0.1/46821] INFO  http.BaseHttpServer (BaseHttpServer.java:<init>(107)) - Hadoop Security Enabled: false Ozone Security Enabled: false Ozone HTTP Security Enabled: false 
2021-08-18 00:05:18,675 [Listener at 127.0.0.1/46821] INFO  server.AuthenticationFilter (AuthenticationFilter.java:constructSecretProvider(240)) - Unable to initialize FileSignerSecretProvider, falling back to use random secrets.
2021-08-18 00:05:18,692 [Listener at 127.0.0.1/46821] WARN  http.HttpRequestLog (HttpRequestLog.java:getRequestLog(103)) - Jetty request log can only be enabled using Log4j
2021-08-18 00:05:18,693 [Listener at 127.0.0.1/46821] INFO  http.HttpServer2 (HttpServer2.java:addGlobalFilter(1020)) - Added global filter 'safety' (class=org.apache.hadoop.hdds.server.http.HttpServer2$QuotingInputFilter)
2021-08-18 00:05:18,721 [Listener at 127.0.0.1/46821] INFO  http.HttpServer2 (HttpServer2.java:addFilter(996)) - Added filter static_user_filter (class=org.apache.hadoop.http.lib.StaticUserWebFilter$StaticUserFilter) to context hddsDatanode
2021-08-18 00:05:18,721 [Listener at 127.0.0.1/46821] INFO  http.HttpServer2 (HttpServer2.java:addFilter(1004)) - Added filter static_user_filter (class=org.apache.hadoop.http.lib.StaticUserWebFilter$StaticUserFilter) to context logs
2021-08-18 00:05:18,721 [Listener at 127.0.0.1/46821] INFO  http.HttpServer2 (HttpServer2.java:addFilter(1004)) - Added filter static_user_filter (class=org.apache.hadoop.http.lib.StaticUserWebFilter$StaticUserFilter) to context static
2021-08-18 00:05:18,722 [Listener at 127.0.0.1/46821] INFO  http.HttpServer2 (HttpServer2.java:bindListener(1239)) - Jetty bound to port 37359
2021-08-18 00:05:18,722 [Listener at 127.0.0.1/46821] INFO  server.Server (Server.java:doStart(375)) - jetty-9.4.43.v20210629; built: 2021-06-30T11:07:22.254Z; git: 526006ecfa3af7f1a27ef3a288e2bef7ea9dd7e8; jvm 1.8.0_292-b10
2021-08-18 00:05:18,752 [Listener at 127.0.0.1/46821] INFO  server.session (DefaultSessionIdManager.java:doStart(334)) - DefaultSessionIdManager workerName=node0
2021-08-18 00:05:18,752 [Listener at 127.0.0.1/46821] INFO  server.session (DefaultSessionIdManager.java:doStart(339)) - No SessionScavenger set, using defaults
2021-08-18 00:05:18,752 [Listener at 127.0.0.1/46821] INFO  server.session (HouseKeeper.java:startScavenging(132)) - node0 Scavenging every 660000ms
2021-08-18 00:05:18,753 [Listener at 127.0.0.1/46821] INFO  handler.ContextHandler (ContextHandler.java:doStart(915)) - Started o.e.j.s.ServletContextHandler@54055763{logs,/logs,file:///home/runner/work/ozone/ozone/hadoop-ozone/integration-test/target/log,AVAILABLE}
2021-08-18 00:05:18,753 [Listener at 127.0.0.1/46821] INFO  handler.ContextHandler (ContextHandler.java:doStart(915)) - Started o.e.j.s.ServletContextHandler@183bc8e{static,/static,jar:file:/home/runner/.m2/repository/org/apache/ozone/hdds-container-service/1.2.0-SNAPSHOT/hdds-container-service-1.2.0-SNAPSHOT.jar!/webapps/static,AVAILABLE}
2021-08-18 00:05:18,846 [om1@group-C5BA1605619E-FollowerState] INFO  impl.FollowerState (FollowerState.java:run(134)) - om1@group-C5BA1605619E-FollowerState: change to CANDIDATE, lastRpcElapsedTime:1010014001ns, electionTimeout:1008ms
2021-08-18 00:05:18,846 [om1@group-C5BA1605619E-FollowerState] INFO  impl.RoleInfo (RoleInfo.java:shutdownFollowerState(108)) - om1: shutdown om1@group-C5BA1605619E-FollowerState
2021-08-18 00:05:18,846 [om1@group-C5BA1605619E-FollowerState] INFO  server.RaftServer$Division (RaftServerImpl.java:setRole(285)) - om1@group-C5BA1605619E: changes role from  FOLLOWER to CANDIDATE at term 0 for changeToCandidate
2021-08-18 00:05:18,846 [om1@group-C5BA1605619E-FollowerState] INFO  server.RaftServerConfigKeys (ConfUtils.java:logGet(44)) - raft.server.leaderelection.pre-vote = false (custom)
2021-08-18 00:05:18,846 [om1@group-C5BA1605619E-FollowerState] INFO  impl.RoleInfo (RoleInfo.java:updateAndGet(130)) - om1: start om1@group-C5BA1605619E-LeaderElection30
2021-08-18 00:05:18,911 [om1@group-C5BA1605619E-LeaderElection30] INFO  impl.LeaderElection (LeaderElection.java:askForVotes(306)) - om1@group-C5BA1605619E-LeaderElection30 ELECTION round 0: submit vote requests at term 1 for -1: [om1|rpc:localhost:9872|priority:0], old=null
2021-08-18 00:05:18,912 [om1@group-C5BA1605619E-LeaderElection30] INFO  impl.LeaderElection (LeaderElection.java:askForVotes(308)) - om1@group-C5BA1605619E-LeaderElection30 ELECTION round 0: result PASSED (term=1)
2021-08-18 00:05:18,912 [om1@group-C5BA1605619E-LeaderElection30] INFO  impl.RoleInfo (RoleInfo.java:shutdownLeaderElection(121)) - om1: shutdown om1@group-C5BA1605619E-LeaderElection30
2021-08-18 00:05:18,912 [om1@group-C5BA1605619E-LeaderElection30] INFO  server.RaftServer$Division (RaftServerImpl.java:setRole(285)) - om1@group-C5BA1605619E: changes role from CANDIDATE to LEADER at term 1 for changeToLeader
2021-08-18 00:05:18,912 [om1@group-C5BA1605619E-LeaderElection30] INFO  server.RaftServer$Division (ServerState.java:setLeader(285)) - om1@group-C5BA1605619E: change Leader from null to om1 at term 1 for becomeLeader, leader elected after 1215ms
2021-08-18 00:05:18,912 [om1@group-C5BA1605619E-LeaderElection30] INFO  server.RaftServerConfigKeys (ConfUtils.java:logGet(44)) - raft.server.staging.catchup.gap = 1000 (default)
2021-08-18 00:05:18,913 [om1@group-C5BA1605619E-LeaderElection30] INFO  server.RaftServerConfigKeys (ConfUtils.java:logGet(44)) - raft.server.write.element-limit = 4096 (default)
2021-08-18 00:05:18,914 [om1@group-C5BA1605619E-LeaderElection30] INFO  server.RaftServerConfigKeys (ConfUtils.java:logGet(44)) - raft.server.write.byte-limit = 64MB (=67108864) (default)
2021-08-18 00:05:18,914 [om1@group-C5BA1605619E-LeaderElection30] INFO  server.RaftServerConfigKeys (ConfUtils.java:logGet(44)) - raft.server.watch.timeout = 10s (default)
2021-08-18 00:05:18,915 [Listener at 127.0.0.1/46821] INFO  handler.ContextHandler (ContextHandler.java:doStart(915)) - Started o.e.j.w.WebAppContext@37af3371{hddsDatanode,/,file:///tmp/jetty-0_0_0_0-37359-hdds-container-service-1_2_0-SNAPSHOT_jar-_-any-2561963204010012708/webapp/,AVAILABLE}{jar:file:/home/runner/.m2/repository/org/apache/ozone/hdds-container-service/1.2.0-SNAPSHOT/hdds-container-service-1.2.0-SNAPSHOT.jar!/webapps/hddsDatanode}
2021-08-18 00:05:18,918 [om1@group-C5BA1605619E-LeaderElection30] INFO  server.RaftServerConfigKeys (ConfUtils.java:logGet(44)) - raft.server.watch.timeout.denomination = 1s (default)
2021-08-18 00:05:18,920 [Listener at 127.0.0.1/46821] INFO  server.AbstractConnector (AbstractConnector.java:doStart(331)) - Started ServerConnector@77750454{HTTP/1.1, (http/1.1)}{0.0.0.0:37359}
2021-08-18 00:05:18,937 [Listener at 127.0.0.1/46821] INFO  server.Server (Server.java:doStart(415)) - Started @112811ms
2021-08-18 00:05:18,937 [Listener at 127.0.0.1/46821] WARN  impl.MetricsSystemImpl (MetricsSystemImpl.java:register(279)) - Sink prometheus already exists!
2021-08-18 00:05:18,936 [om1@group-C5BA1605619E-LeaderElection30] INFO  server.RaftServerConfigKeys (ConfUtils.java:logGet(44)) - raft.server.watch.element-limit = 65536 (default)
2021-08-18 00:05:18,937 [om1@group-C5BA1605619E-LeaderElection30] INFO  impl.RoleInfo (RoleInfo.java:updateAndGet(130)) - om1: start om1@group-C5BA1605619E-LeaderStateImpl
2021-08-18 00:05:18,937 [om1@group-C5BA1605619E-LeaderElection30] INFO  segmented.SegmentedRaftLogWorker (SegmentedRaftLogWorker.java:startLogSegment(394)) - om1@group-C5BA1605619E-SegmentedRaftLogWorker: Starting segment from index:0
2021-08-18 00:05:18,937 [Listener at 127.0.0.1/46821] INFO  http.BaseHttpServer (BaseHttpServer.java:updateConnectorAddress(329)) - HTTP server of hddsDatanode listening at http://0.0.0.0:37359
2021-08-18 00:05:18,950 [om1@group-C5BA1605619E-SegmentedRaftLogWorker] INFO  segmented.SegmentedRaftLogWorker (SegmentedRaftLogWorker.java:execute(601)) - om1@group-C5BA1605619E-SegmentedRaftLogWorker: created new log segment /home/runner/work/ozone/ozone/hadoop-ozone/integration-test/target/test-dir/MiniOzoneClusterImpl-b4dd0c3d-6691-419c-bf37-cebc6a2c258c/ozone-meta/ratis/bf265839-605b-3f16-9796-c5ba1605619e/current/log_inprogress_0
2021-08-18 00:05:18,961 [om1@group-C5BA1605619E-LeaderElection30] INFO  server.RaftServer$Division (ServerState.java:setRaftConf(387)) - om1@group-C5BA1605619E: set configuration 0: [om1|rpc:localhost:9872|admin:|client:|dataStream:|priority:0], old=null
2021-08-18 00:05:18,961 [Listener at 127.0.0.1/46821] WARN  impl.MetricRegistriesImpl (MetricRegistriesImpl.java:addReporterRegistration(111)) - New reporters are added after registries were created. Some metrics will be missing from the reporter. Please add reporter before adding any new registry.
2021-08-18 00:05:18,961 [Listener at 127.0.0.1/46821] WARN  impl.MetricRegistriesImpl (MetricRegistriesImpl.java:addReporterRegistration(111)) - New reporters are added after registries were created. Some metrics will be missing from the reporter. Please add reporter before adding any new registry.
2021-08-18 00:05:18,962 [Listener at 127.0.0.1/46821] INFO  impl.MetricsSystemImpl (MetricsSystemImpl.java:init(158)) - HddsDatanode metrics system started (again)
2021-08-18 00:05:18,962 [om1@group-C5BA1605619E-StateMachineUpdater] INFO  ratis.OzoneManagerStateMachine (OzoneManagerStateMachine.java:notifyConfigurationChanged(188)) - Received Configuration change notification from Ratis. New Peer list:
[id: "om1"
address: "localhost:9872"
]
2021-08-18 00:05:18,993 [org.apache.hadoop.util.JvmPauseMonitor$Monitor@2fb01003] INFO  util.JvmPauseMonitor (JvmPauseMonitor.java:run(188)) - Starting JVM pause monitor
2021-08-18 00:05:19,010 [Datanode State Machine Task Thread - 0] INFO  datanode.InitDatanodeState (InitDatanodeState.java:persistContainerDatanodeDetails(145)) - DatanodeDetails is persisted to /home/runner/work/ozone/ozone/hadoop-ozone/integration-test/target/test-dir/MiniOzoneClusterImpl-b4dd0c3d-6691-419c-bf37-cebc6a2c258c/datanode-0/meta/datanode.id
2021-08-18 00:05:19,018 [Listener at 127.0.0.1/46821] INFO  ozone.HddsDatanodeService (HddsDatanodeService.java:start(234)) - HddsDatanodeService host:fv-az122-443.zf1tlrj3kn4expqppa1j4mpycf.xx.internal.cloudapp.net ip:10.1.0.4
2021-08-18 00:05:19,086 [Listener at 127.0.0.1/46821] INFO  upgrade.AbstractLayoutVersionManager (AbstractLayoutVersionManager.java:init(70)) - Initializing Layout version manager with metadata layout = SCM_HA (version = 2), software layout = SCM_HA (version = 2)
2021-08-18 00:05:19,220 [Listener at 127.0.0.1/46821] INFO  reflections.Reflections (Reflections.java:scan(232)) - Reflections took 133 ms to scan 7 urls, producing 120 keys and 275 values 
2021-08-18 00:05:19,251 [Listener at 127.0.0.1/46821] INFO  volume.HddsVolume (HddsVolume.java:<init>(120)) - Creating HddsVolume: /home/runner/work/ozone/ozone/hadoop-ozone/integration-test/target/test-dir/MiniOzoneClusterImpl-b4dd0c3d-6691-419c-bf37-cebc6a2c258c/datanode-1/data-0/containers/hdds of storage type : DISK capacity : 9223372036854775807
2021-08-18 00:05:19,251 [Listener at 127.0.0.1/46821] INFO  volume.MutableVolumeSet (MutableVolumeSet.java:initializeVolumeSet(181)) - Added Volume : /home/runner/work/ozone/ozone/hadoop-ozone/integration-test/target/test-dir/MiniOzoneClusterImpl-b4dd0c3d-6691-419c-bf37-cebc6a2c258c/datanode-1/data-0/containers/hdds to VolumeSet
2021-08-18 00:05:19,252 [Listener at 127.0.0.1/46821] INFO  volume.ThrottledAsyncChecker (ThrottledAsyncChecker.java:schedule(141)) - Scheduling a check for /home/runner/work/ozone/ozone/hadoop-ozone/integration-test/target/test-dir/MiniOzoneClusterImpl-b4dd0c3d-6691-419c-bf37-cebc6a2c258c/datanode-1/data-0/containers/hdds
2021-08-18 00:05:19,257 [Listener at 127.0.0.1/46821] INFO  volume.StorageVolumeChecker (StorageVolumeChecker.java:checkAllVolumes(202)) - Scheduled health check for volume /home/runner/work/ozone/ozone/hadoop-ozone/integration-test/target/test-dir/MiniOzoneClusterImpl-b4dd0c3d-6691-419c-bf37-cebc6a2c258c/datanode-1/data-0/containers/hdds
2021-08-18 00:05:19,317 [Listener at 127.0.0.1/46821] INFO  volume.MutableVolumeSet (MutableVolumeSet.java:initializeVolumeSet(181)) - Added Volume : /home/runner/work/ozone/ozone/hadoop-ozone/integration-test/target/test-dir/MiniOzoneClusterImpl-b4dd0c3d-6691-419c-bf37-cebc6a2c258c/datanode-1/data/ratis to VolumeSet
2021-08-18 00:05:19,317 [Listener at 127.0.0.1/46821] INFO  volume.ThrottledAsyncChecker (ThrottledAsyncChecker.java:schedule(141)) - Scheduling a check for /home/runner/work/ozone/ozone/hadoop-ozone/integration-test/target/test-dir/MiniOzoneClusterImpl-b4dd0c3d-6691-419c-bf37-cebc6a2c258c/datanode-1/data/ratis
2021-08-18 00:05:19,317 [Listener at 127.0.0.1/46821] INFO  volume.StorageVolumeChecker (StorageVolumeChecker.java:checkAllVolumes(202)) - Scheduled health check for volume /home/runner/work/ozone/ozone/hadoop-ozone/integration-test/target/test-dir/MiniOzoneClusterImpl-b4dd0c3d-6691-419c-bf37-cebc6a2c258c/datanode-1/data/ratis
2021-08-18 00:05:19,364 [Listener at 127.0.0.1/46821] INFO  ozoneimpl.ContainerReader (ContainerReader.java:<init>(98)) - Running in upgrade mode:true
2021-08-18 00:05:19,387 [Thread-904] INFO  ozoneimpl.ContainerReader (ContainerReader.java:readVolume(142)) - Start to verify containers on volume /home/runner/work/ozone/ozone/hadoop-ozone/integration-test/target/test-dir/MiniOzoneClusterImpl-b4dd0c3d-6691-419c-bf37-cebc6a2c258c/datanode-1/data-0/containers/hdds
2021-08-18 00:05:19,404 [Thread-904] INFO  ozoneimpl.ContainerReader (ContainerReader.java:readVolume(174)) - Finish verifying containers on volume /home/runner/work/ozone/ozone/hadoop-ozone/integration-test/target/test-dir/MiniOzoneClusterImpl-b4dd0c3d-6691-419c-bf37-cebc6a2c258c/datanode-1/data-0/containers/hdds
2021-08-18 00:05:19,404 [Listener at 127.0.0.1/46821] INFO  ozoneimpl.OzoneContainer (OzoneContainer.java:buildContainerSet(237)) - Build ContainerSet costs 0s
2021-08-18 00:05:19,406 [Listener at 127.0.0.1/46821] INFO  server.RaftServer (ConfUtils.java:logGet(44)) - raft.rpc.type = GRPC (default)
2021-08-18 00:05:19,406 [Listener at 127.0.0.1/46821] INFO  grpc.GrpcFactory (GrpcFactory.java:checkPooledByteBufAllocatorUseCacheForAllThreads(48)) - PERFORMANCE WARNING: useCacheForAllThreads is true that may cause Netty to create a lot garbage objects and, as a result, trigger GC.
	It is recommended to disable useCacheForAllThreads by setting -Dorg.apache.ratis.thirdparty.io.netty.allocator.useCacheForAllThreads=false in command line.
2021-08-18 00:05:19,407 [Listener at 127.0.0.1/46821] INFO  grpc.GrpcConfigKeys (ConfUtils.java:logGet(44)) - raft.grpc.admin.port = 0 (custom)
2021-08-18 00:05:19,407 [Listener at 127.0.0.1/46821] INFO  grpc.GrpcConfigKeys (ConfUtils.java:logGet(44)) - raft.grpc.client.port = 0 (custom)
2021-08-18 00:05:19,407 [Listener at 127.0.0.1/46821] INFO  grpc.GrpcConfigKeys (ConfUtils.java:logGet(44)) - raft.grpc.server.port = 0 (default)
2021-08-18 00:05:19,407 [Listener at 127.0.0.1/46821] INFO  server.GrpcService (ConfUtils.java:logGet(44)) - raft.grpc.message.size.max = 32MB (=33554432) (custom)
2021-08-18 00:05:19,407 [Listener at 127.0.0.1/46821] INFO  server.RaftServerConfigKeys (ConfUtils.java:logGet(44)) - raft.server.log.appender.buffer.byte-limit = 33554432 (custom)
2021-08-18 00:05:19,407 [Listener at 127.0.0.1/46821] INFO  server.GrpcService (ConfUtils.java:logGet(44)) - raft.grpc.flow.control.window = 5MB (=5242880) (custom)
2021-08-18 00:05:19,407 [Listener at 127.0.0.1/46821] INFO  server.RaftServerConfigKeys (ConfUtils.java:logGet(44)) - raft.server.rpc.request.timeout = 60s (custom)
2021-08-18 00:05:19,408 [Listener at 127.0.0.1/46821] INFO  impl.DataStreamServerImpl (ConfUtils.java:logGet(44)) - raft.datastream.type = DISABLED (default)
2021-08-18 00:05:19,408 [Listener at 127.0.0.1/46821] INFO  server.RaftServerConfigKeys (ConfUtils.java:logGet(44)) - raft.server.rpc.slowness.timeout = 300s (custom)
2021-08-18 00:05:19,408 [Listener at 127.0.0.1/46821] INFO  server.RaftServerConfigKeys (ConfUtils.java:logGet(44)) - raft.server.leaderelection.leader.step-down.wait-time = 10s (default)
2021-08-18 00:05:19,409 [Listener at 127.0.0.1/46821] INFO  server.RaftServerConfigKeys (ConfUtils.java:logGet(44)) - raft.server.storage.dir = [/home/runner/work/ozone/ozone/hadoop-ozone/integration-test/target/test-dir/MiniOzoneClusterImpl-b4dd0c3d-6691-419c-bf37-cebc6a2c258c/datanode-1/data/ratis] (custom)
2021-08-18 00:05:19,413 [Listener at 127.0.0.1/46821] INFO  http.BaseHttpServer (BaseHttpServer.java:newHttpServer2BuilderForOzone(209)) - Starting Web-server for hddsDatanode at: http://0.0.0.0:0
2021-08-18 00:05:19,413 [Listener at 127.0.0.1/46821] INFO  http.BaseHttpServer (BaseHttpServer.java:<init>(107)) - Hadoop Security Enabled: false Ozone Security Enabled: false Ozone HTTP Security Enabled: false 
2021-08-18 00:05:19,414 [Listener at 127.0.0.1/46821] INFO  server.AuthenticationFilter (AuthenticationFilter.java:constructSecretProvider(240)) - Unable to initialize FileSignerSecretProvider, falling back to use random secrets.
2021-08-18 00:05:19,419 [Listener at 127.0.0.1/46821] WARN  http.HttpRequestLog (HttpRequestLog.java:getRequestLog(103)) - Jetty request log can only be enabled using Log4j
2021-08-18 00:05:19,420 [Listener at 127.0.0.1/46821] INFO  http.HttpServer2 (HttpServer2.java:addGlobalFilter(1020)) - Added global filter 'safety' (class=org.apache.hadoop.hdds.server.http.HttpServer2$QuotingInputFilter)
2021-08-18 00:05:19,421 [Listener at 127.0.0.1/46821] INFO  http.HttpServer2 (HttpServer2.java:addFilter(996)) - Added filter static_user_filter (class=org.apache.hadoop.http.lib.StaticUserWebFilter$StaticUserFilter) to context hddsDatanode
2021-08-18 00:05:19,421 [Listener at 127.0.0.1/46821] INFO  http.HttpServer2 (HttpServer2.java:addFilter(1004)) - Added filter static_user_filter (class=org.apache.hadoop.http.lib.StaticUserWebFilter$StaticUserFilter) to context logs
2021-08-18 00:05:19,421 [Listener at 127.0.0.1/46821] INFO  http.HttpServer2 (HttpServer2.java:addFilter(1004)) - Added filter static_user_filter (class=org.apache.hadoop.http.lib.StaticUserWebFilter$StaticUserFilter) to context static
2021-08-18 00:05:19,421 [Listener at 127.0.0.1/46821] INFO  http.HttpServer2 (HttpServer2.java:bindListener(1239)) - Jetty bound to port 35153
2021-08-18 00:05:19,421 [Listener at 127.0.0.1/46821] INFO  server.Server (Server.java:doStart(375)) - jetty-9.4.43.v20210629; built: 2021-06-30T11:07:22.254Z; git: 526006ecfa3af7f1a27ef3a288e2bef7ea9dd7e8; jvm 1.8.0_292-b10
2021-08-18 00:05:19,428 [Listener at 127.0.0.1/46821] INFO  server.session (DefaultSessionIdManager.java:doStart(334)) - DefaultSessionIdManager workerName=node0
2021-08-18 00:05:19,428 [Listener at 127.0.0.1/46821] INFO  server.session (DefaultSessionIdManager.java:doStart(339)) - No SessionScavenger set, using defaults
2021-08-18 00:05:19,428 [Listener at 127.0.0.1/46821] INFO  server.session (HouseKeeper.java:startScavenging(132)) - node0 Scavenging every 660000ms
2021-08-18 00:05:19,429 [Listener at 127.0.0.1/46821] INFO  handler.ContextHandler (ContextHandler.java:doStart(915)) - Started o.e.j.s.ServletContextHandler@650a910c{logs,/logs,file:///home/runner/work/ozone/ozone/hadoop-ozone/integration-test/target/log,AVAILABLE}
2021-08-18 00:05:19,429 [Listener at 127.0.0.1/46821] INFO  handler.ContextHandler (ContextHandler.java:doStart(915)) - Started o.e.j.s.ServletContextHandler@2643c5ee{static,/static,jar:file:/home/runner/.m2/repository/org/apache/ozone/hdds-container-service/1.2.0-SNAPSHOT/hdds-container-service-1.2.0-SNAPSHOT.jar!/webapps/static,AVAILABLE}
2021-08-18 00:05:19,587 [Listener at 127.0.0.1/46821] INFO  handler.ContextHandler (ContextHandler.java:doStart(915)) - Started o.e.j.w.WebAppContext@6d5d4710{hddsDatanode,/,file:///tmp/jetty-0_0_0_0-35153-hdds-container-service-1_2_0-SNAPSHOT_jar-_-any-7969598711204674556/webapp/,AVAILABLE}{jar:file:/home/runner/.m2/repository/org/apache/ozone/hdds-container-service/1.2.0-SNAPSHOT/hdds-container-service-1.2.0-SNAPSHOT.jar!/webapps/hddsDatanode}
2021-08-18 00:05:19,609 [Listener at 127.0.0.1/46821] INFO  server.AbstractConnector (AbstractConnector.java:doStart(331)) - Started ServerConnector@5bb68cd7{HTTP/1.1, (http/1.1)}{0.0.0.0:35153}
2021-08-18 00:05:19,609 [Listener at 127.0.0.1/46821] INFO  server.Server (Server.java:doStart(415)) - Started @113484ms
2021-08-18 00:05:19,609 [Listener at 127.0.0.1/46821] WARN  impl.MetricsSystemImpl (MetricsSystemImpl.java:register(279)) - Sink prometheus already exists!
2021-08-18 00:05:19,610 [Listener at 127.0.0.1/46821] INFO  http.BaseHttpServer (BaseHttpServer.java:updateConnectorAddress(329)) - HTTP server of hddsDatanode listening at http://0.0.0.0:35153
2021-08-18 00:05:19,613 [Listener at 127.0.0.1/46821] WARN  impl.MetricRegistriesImpl (MetricRegistriesImpl.java:addReporterRegistration(111)) - New reporters are added after registries were created. Some metrics will be missing from the reporter. Please add reporter before adding any new registry.
2021-08-18 00:05:19,613 [Listener at 127.0.0.1/46821] WARN  impl.MetricRegistriesImpl (MetricRegistriesImpl.java:addReporterRegistration(111)) - New reporters are added after registries were created. Some metrics will be missing from the reporter. Please add reporter before adding any new registry.
2021-08-18 00:05:19,613 [Listener at 127.0.0.1/46821] INFO  impl.MetricsSystemImpl (MetricsSystemImpl.java:init(158)) - HddsDatanode metrics system started (again)
2021-08-18 00:05:19,676 [org.apache.hadoop.util.JvmPauseMonitor$Monitor@781e9976] INFO  util.JvmPauseMonitor (JvmPauseMonitor.java:run(188)) - Starting JVM pause monitor
2021-08-18 00:05:19,696 [Listener at 127.0.0.1/46821] INFO  ozone.HddsDatanodeService (HddsDatanodeService.java:start(234)) - HddsDatanodeService host:fv-az122-443.zf1tlrj3kn4expqppa1j4mpycf.xx.internal.cloudapp.net ip:10.1.0.4
2021-08-18 00:05:19,769 [Datanode State Machine Task Thread - 0] INFO  datanode.InitDatanodeState (InitDatanodeState.java:persistContainerDatanodeDetails(145)) - DatanodeDetails is persisted to /home/runner/work/ozone/ozone/hadoop-ozone/integration-test/target/test-dir/MiniOzoneClusterImpl-b4dd0c3d-6691-419c-bf37-cebc6a2c258c/datanode-1/meta/datanode.id
2021-08-18 00:05:19,772 [Listener at 127.0.0.1/46821] INFO  upgrade.AbstractLayoutVersionManager (AbstractLayoutVersionManager.java:init(70)) - Initializing Layout version manager with metadata layout = SCM_HA (version = 2), software layout = SCM_HA (version = 2)
2021-08-18 00:05:19,889 [Listener at 127.0.0.1/46821] INFO  reflections.Reflections (Reflections.java:scan(232)) - Reflections took 116 ms to scan 7 urls, producing 120 keys and 275 values 
2021-08-18 00:05:19,949 [Listener at 127.0.0.1/46821] INFO  volume.HddsVolume (HddsVolume.java:<init>(120)) - Creating HddsVolume: /home/runner/work/ozone/ozone/hadoop-ozone/integration-test/target/test-dir/MiniOzoneClusterImpl-b4dd0c3d-6691-419c-bf37-cebc6a2c258c/datanode-2/data-0/containers/hdds of storage type : DISK capacity : 9223372036854775807
2021-08-18 00:05:19,949 [Listener at 127.0.0.1/46821] INFO  volume.MutableVolumeSet (MutableVolumeSet.java:initializeVolumeSet(181)) - Added Volume : /home/runner/work/ozone/ozone/hadoop-ozone/integration-test/target/test-dir/MiniOzoneClusterImpl-b4dd0c3d-6691-419c-bf37-cebc6a2c258c/datanode-2/data-0/containers/hdds to VolumeSet
2021-08-18 00:05:19,949 [Listener at 127.0.0.1/46821] INFO  volume.ThrottledAsyncChecker (ThrottledAsyncChecker.java:schedule(141)) - Scheduling a check for /home/runner/work/ozone/ozone/hadoop-ozone/integration-test/target/test-dir/MiniOzoneClusterImpl-b4dd0c3d-6691-419c-bf37-cebc6a2c258c/datanode-2/data-0/containers/hdds
2021-08-18 00:05:19,960 [Listener at 127.0.0.1/46821] INFO  volume.StorageVolumeChecker (StorageVolumeChecker.java:checkAllVolumes(202)) - Scheduled health check for volume /home/runner/work/ozone/ozone/hadoop-ozone/integration-test/target/test-dir/MiniOzoneClusterImpl-b4dd0c3d-6691-419c-bf37-cebc6a2c258c/datanode-2/data-0/containers/hdds
2021-08-18 00:05:20,010 [Listener at 127.0.0.1/46821] INFO  volume.MutableVolumeSet (MutableVolumeSet.java:initializeVolumeSet(181)) - Added Volume : /home/runner/work/ozone/ozone/hadoop-ozone/integration-test/target/test-dir/MiniOzoneClusterImpl-b4dd0c3d-6691-419c-bf37-cebc6a2c258c/datanode-2/data/ratis to VolumeSet
2021-08-18 00:05:20,016 [Listener at 127.0.0.1/46821] INFO  volume.ThrottledAsyncChecker (ThrottledAsyncChecker.java:schedule(141)) - Scheduling a check for /home/runner/work/ozone/ozone/hadoop-ozone/integration-test/target/test-dir/MiniOzoneClusterImpl-b4dd0c3d-6691-419c-bf37-cebc6a2c258c/datanode-2/data/ratis
2021-08-18 00:05:20,017 [Listener at 127.0.0.1/46821] INFO  volume.StorageVolumeChecker (StorageVolumeChecker.java:checkAllVolumes(202)) - Scheduled health check for volume /home/runner/work/ozone/ozone/hadoop-ozone/integration-test/target/test-dir/MiniOzoneClusterImpl-b4dd0c3d-6691-419c-bf37-cebc6a2c258c/datanode-2/data/ratis
2021-08-18 00:05:20,061 [Listener at 127.0.0.1/46821] INFO  ozoneimpl.ContainerReader (ContainerReader.java:<init>(98)) - Running in upgrade mode:true
2021-08-18 00:05:20,063 [Thread-916] INFO  ozoneimpl.ContainerReader (ContainerReader.java:readVolume(142)) - Start to verify containers on volume /home/runner/work/ozone/ozone/hadoop-ozone/integration-test/target/test-dir/MiniOzoneClusterImpl-b4dd0c3d-6691-419c-bf37-cebc6a2c258c/datanode-2/data-0/containers/hdds
2021-08-18 00:05:20,063 [Thread-916] INFO  ozoneimpl.ContainerReader (ContainerReader.java:readVolume(174)) - Finish verifying containers on volume /home/runner/work/ozone/ozone/hadoop-ozone/integration-test/target/test-dir/MiniOzoneClusterImpl-b4dd0c3d-6691-419c-bf37-cebc6a2c258c/datanode-2/data-0/containers/hdds
2021-08-18 00:05:20,063 [Listener at 127.0.0.1/46821] INFO  ozoneimpl.OzoneContainer (OzoneContainer.java:buildContainerSet(237)) - Build ContainerSet costs 0s
2021-08-18 00:05:20,081 [Listener at 127.0.0.1/46821] INFO  server.RaftServer (ConfUtils.java:logGet(44)) - raft.rpc.type = GRPC (default)
2021-08-18 00:05:20,081 [Listener at 127.0.0.1/46821] INFO  grpc.GrpcFactory (GrpcFactory.java:checkPooledByteBufAllocatorUseCacheForAllThreads(48)) - PERFORMANCE WARNING: useCacheForAllThreads is true that may cause Netty to create a lot garbage objects and, as a result, trigger GC.
	It is recommended to disable useCacheForAllThreads by setting -Dorg.apache.ratis.thirdparty.io.netty.allocator.useCacheForAllThreads=false in command line.
2021-08-18 00:05:20,081 [Listener at 127.0.0.1/46821] INFO  grpc.GrpcConfigKeys (ConfUtils.java:logGet(44)) - raft.grpc.admin.port = 0 (custom)
2021-08-18 00:05:20,082 [Listener at 127.0.0.1/46821] INFO  grpc.GrpcConfigKeys (ConfUtils.java:logGet(44)) - raft.grpc.client.port = 0 (custom)
2021-08-18 00:05:20,082 [Listener at 127.0.0.1/46821] INFO  grpc.GrpcConfigKeys (ConfUtils.java:logGet(44)) - raft.grpc.server.port = 0 (default)
2021-08-18 00:05:20,082 [Listener at 127.0.0.1/46821] INFO  server.GrpcService (ConfUtils.java:logGet(44)) - raft.grpc.message.size.max = 32MB (=33554432) (custom)
2021-08-18 00:05:20,082 [Listener at 127.0.0.1/46821] INFO  server.RaftServerConfigKeys (ConfUtils.java:logGet(44)) - raft.server.log.appender.buffer.byte-limit = 33554432 (custom)
2021-08-18 00:05:20,085 [Listener at 127.0.0.1/46821] INFO  server.GrpcService (ConfUtils.java:logGet(44)) - raft.grpc.flow.control.window = 5MB (=5242880) (custom)
2021-08-18 00:05:20,085 [Listener at 127.0.0.1/46821] INFO  server.RaftServerConfigKeys (ConfUtils.java:logGet(44)) - raft.server.rpc.request.timeout = 60s (custom)
2021-08-18 00:05:20,087 [Listener at 127.0.0.1/46821] INFO  impl.DataStreamServerImpl (ConfUtils.java:logGet(44)) - raft.datastream.type = DISABLED (default)
2021-08-18 00:05:20,087 [Listener at 127.0.0.1/46821] INFO  server.RaftServerConfigKeys (ConfUtils.java:logGet(44)) - raft.server.rpc.slowness.timeout = 300s (custom)
2021-08-18 00:05:20,087 [Listener at 127.0.0.1/46821] INFO  server.RaftServerConfigKeys (ConfUtils.java:logGet(44)) - raft.server.leaderelection.leader.step-down.wait-time = 10s (default)
2021-08-18 00:05:20,087 [Listener at 127.0.0.1/46821] INFO  server.RaftServerConfigKeys (ConfUtils.java:logGet(44)) - raft.server.storage.dir = [/home/runner/work/ozone/ozone/hadoop-ozone/integration-test/target/test-dir/MiniOzoneClusterImpl-b4dd0c3d-6691-419c-bf37-cebc6a2c258c/datanode-2/data/ratis] (custom)
2021-08-18 00:05:20,091 [Listener at 127.0.0.1/46821] INFO  http.BaseHttpServer (BaseHttpServer.java:newHttpServer2BuilderForOzone(209)) - Starting Web-server for hddsDatanode at: http://0.0.0.0:0
2021-08-18 00:05:20,091 [Listener at 127.0.0.1/46821] INFO  http.BaseHttpServer (BaseHttpServer.java:<init>(107)) - Hadoop Security Enabled: false Ozone Security Enabled: false Ozone HTTP Security Enabled: false 
2021-08-18 00:05:20,092 [Listener at 127.0.0.1/46821] INFO  server.AuthenticationFilter (AuthenticationFilter.java:constructSecretProvider(240)) - Unable to initialize FileSignerSecretProvider, falling back to use random secrets.
2021-08-18 00:05:20,123 [Listener at 127.0.0.1/46821] WARN  http.HttpRequestLog (HttpRequestLog.java:getRequestLog(103)) - Jetty request log can only be enabled using Log4j
2021-08-18 00:05:20,124 [Listener at 127.0.0.1/46821] INFO  http.HttpServer2 (HttpServer2.java:addGlobalFilter(1020)) - Added global filter 'safety' (class=org.apache.hadoop.hdds.server.http.HttpServer2$QuotingInputFilter)
2021-08-18 00:05:20,124 [Listener at 127.0.0.1/46821] INFO  http.HttpServer2 (HttpServer2.java:addFilter(996)) - Added filter static_user_filter (class=org.apache.hadoop.http.lib.StaticUserWebFilter$StaticUserFilter) to context hddsDatanode
2021-08-18 00:05:20,124 [Listener at 127.0.0.1/46821] INFO  http.HttpServer2 (HttpServer2.java:addFilter(1004)) - Added filter static_user_filter (class=org.apache.hadoop.http.lib.StaticUserWebFilter$StaticUserFilter) to context static
2021-08-18 00:05:20,124 [Listener at 127.0.0.1/46821] INFO  http.HttpServer2 (HttpServer2.java:addFilter(1004)) - Added filter static_user_filter (class=org.apache.hadoop.http.lib.StaticUserWebFilter$StaticUserFilter) to context logs
2021-08-18 00:05:20,126 [Listener at 127.0.0.1/46821] INFO  http.HttpServer2 (HttpServer2.java:bindListener(1239)) - Jetty bound to port 38211
2021-08-18 00:05:20,126 [Listener at 127.0.0.1/46821] INFO  server.Server (Server.java:doStart(375)) - jetty-9.4.43.v20210629; built: 2021-06-30T11:07:22.254Z; git: 526006ecfa3af7f1a27ef3a288e2bef7ea9dd7e8; jvm 1.8.0_292-b10
2021-08-18 00:05:20,141 [Listener at 127.0.0.1/46821] INFO  server.session (DefaultSessionIdManager.java:doStart(334)) - DefaultSessionIdManager workerName=node0
2021-08-18 00:05:20,141 [Listener at 127.0.0.1/46821] INFO  server.session (DefaultSessionIdManager.java:doStart(339)) - No SessionScavenger set, using defaults
2021-08-18 00:05:20,141 [Listener at 127.0.0.1/46821] INFO  server.session (HouseKeeper.java:startScavenging(132)) - node0 Scavenging every 600000ms
2021-08-18 00:05:20,142 [Listener at 127.0.0.1/46821] INFO  handler.ContextHandler (ContextHandler.java:doStart(915)) - Started o.e.j.s.ServletContextHandler@65bf6c66{logs,/logs,file:///home/runner/work/ozone/ozone/hadoop-ozone/integration-test/target/log,AVAILABLE}
2021-08-18 00:05:20,142 [Listener at 127.0.0.1/46821] INFO  handler.ContextHandler (ContextHandler.java:doStart(915)) - Started o.e.j.s.ServletContextHandler@4be5de3d{static,/static,jar:file:/home/runner/.m2/repository/org/apache/ozone/hdds-container-service/1.2.0-SNAPSHOT/hdds-container-service-1.2.0-SNAPSHOT.jar!/webapps/static,AVAILABLE}
2021-08-18 00:05:20,270 [Listener at 127.0.0.1/46821] INFO  handler.ContextHandler (ContextHandler.java:doStart(915)) - Started o.e.j.w.WebAppContext@80599c1{hddsDatanode,/,file:///tmp/jetty-0_0_0_0-38211-hdds-container-service-1_2_0-SNAPSHOT_jar-_-any-967757730460592508/webapp/,AVAILABLE}{jar:file:/home/runner/.m2/repository/org/apache/ozone/hdds-container-service/1.2.0-SNAPSHOT/hdds-container-service-1.2.0-SNAPSHOT.jar!/webapps/hddsDatanode}
2021-08-18 00:05:20,286 [Listener at 127.0.0.1/46821] INFO  server.AbstractConnector (AbstractConnector.java:doStart(331)) - Started ServerConnector@1a7da7c{HTTP/1.1, (http/1.1)}{0.0.0.0:38211}
2021-08-18 00:05:20,293 [Listener at 127.0.0.1/46821] INFO  server.Server (Server.java:doStart(415)) - Started @114167ms
2021-08-18 00:05:20,293 [Listener at 127.0.0.1/46821] WARN  impl.MetricsSystemImpl (MetricsSystemImpl.java:register(279)) - Sink prometheus already exists!
2021-08-18 00:05:20,294 [Listener at 127.0.0.1/46821] INFO  http.BaseHttpServer (BaseHttpServer.java:updateConnectorAddress(329)) - HTTP server of hddsDatanode listening at http://0.0.0.0:38211
2021-08-18 00:05:20,305 [Listener at 127.0.0.1/46821] INFO  ozone.MiniOzoneClusterImpl (MiniOzoneClusterImpl.java:lambda$waitForClusterToBeReady$0(235)) - Waiting for nodes to be ready. Got 0 of 3 DN Heartbeats.
2021-08-18 00:05:20,309 [Listener at 127.0.0.1/46821] INFO  ozone.MiniOzoneClusterImpl (MiniOzoneClusterImpl.java:lambda$waitForClusterToBeReady$0(238)) - Waiting for cluster to exit safe mode
2021-08-18 00:05:20,309 [Listener at 127.0.0.1/46821] INFO  ozone.MiniOzoneClusterImpl (MiniOzoneClusterImpl.java:lambda$waitForClusterToBeReady$0(240)) - SCM became leader
2021-08-18 00:05:20,361 [org.apache.hadoop.util.JvmPauseMonitor$Monitor@37a10b80] INFO  util.JvmPauseMonitor (JvmPauseMonitor.java:run(188)) - Starting JVM pause monitor
2021-08-18 00:05:20,394 [Datanode State Machine Task Thread - 0] INFO  datanode.InitDatanodeState (InitDatanodeState.java:persistContainerDatanodeDetails(145)) - DatanodeDetails is persisted to /home/runner/work/ozone/ozone/hadoop-ozone/integration-test/target/test-dir/MiniOzoneClusterImpl-b4dd0c3d-6691-419c-bf37-cebc6a2c258c/datanode-2/meta/datanode.id
2021-08-18 00:05:21,034 [EndpointStateMachine task thread for /0.0.0.0:37163 - 0 ] INFO  ozoneimpl.OzoneContainer (OzoneContainer.java:start(305)) - Attempting to start container services.
2021-08-18 00:05:21,034 [EndpointStateMachine task thread for /0.0.0.0:37163 - 0 ] INFO  ozoneimpl.OzoneContainer (OzoneContainer.java:startContainerScrub(250)) - Background container scanner has been disabled.
2021-08-18 00:05:21,036 [EndpointStateMachine task thread for /0.0.0.0:37163 - 0 ] INFO  replication.ReplicationServer (ReplicationServer.java:start(106)) - ReplicationServer is started using port 38511
2021-08-18 00:05:21,041 [EndpointStateMachine task thread for /0.0.0.0:37163 - 0 ] INFO  ratis.XceiverServerRatis (XceiverServerRatis.java:start(482)) - Starting XceiverServerRatis d7f544bc-16cd-4de5-96c9-37820cb3981a
2021-08-18 00:05:21,042 [EndpointStateMachine task thread for /0.0.0.0:37163 - 0 ] INFO  server.RaftServer (RaftServerProxy.java:lambda$start$5(374)) - d7f544bc-16cd-4de5-96c9-37820cb3981a: start RPC server
2021-08-18 00:05:21,042 [EndpointStateMachine task thread for /0.0.0.0:37163 - 0 ] INFO  server.GrpcService (GrpcService.java:startImpl(253)) - d7f544bc-16cd-4de5-96c9-37820cb3981a: GrpcService started, listening on 36017
2021-08-18 00:05:21,052 [EndpointStateMachine task thread for /0.0.0.0:37163 - 0 ] INFO  ratis.XceiverServerRatis (XceiverServerRatis.java:getRealPort(503)) - XceiverServerRatis d7f544bc-16cd-4de5-96c9-37820cb3981a is started using port 36017 for RATIS
2021-08-18 00:05:21,052 [EndpointStateMachine task thread for /0.0.0.0:37163 - 0 ] INFO  ratis.XceiverServerRatis (XceiverServerRatis.java:getRealPort(503)) - XceiverServerRatis d7f544bc-16cd-4de5-96c9-37820cb3981a is started using port 36017 for RATIS_ADMIN
2021-08-18 00:05:21,053 [EndpointStateMachine task thread for /0.0.0.0:37163 - 0 ] INFO  ratis.XceiverServerRatis (XceiverServerRatis.java:getRealPort(503)) - XceiverServerRatis d7f544bc-16cd-4de5-96c9-37820cb3981a is started using port 36017 for RATIS_SERVER
2021-08-18 00:05:21,053 [EndpointStateMachine task thread for /0.0.0.0:37163 - 0 ] INFO  server.XceiverServerGrpc (XceiverServerGrpc.java:start(135)) - XceiverServerGrpc d7f544bc-16cd-4de5-96c9-37820cb3981a is started using port 39931
2021-08-18 00:05:21,064 [org.apache.ratis.util.JvmPauseMonitor$$Lambda$531/199673773@78f09b30] INFO  util.JvmPauseMonitor (JvmPauseMonitor.java:run(103)) - JvmPauseMonitor-d7f544bc-16cd-4de5-96c9-37820cb3981a: Started
2021-08-18 00:05:21,310 [Listener at 127.0.0.1/46821] INFO  ozone.MiniOzoneClusterImpl (MiniOzoneClusterImpl.java:lambda$waitForClusterToBeReady$0(235)) - Waiting for nodes to be ready. Got 0 of 3 DN Heartbeats.
2021-08-18 00:05:21,310 [Listener at 127.0.0.1/46821] INFO  ozone.MiniOzoneClusterImpl (MiniOzoneClusterImpl.java:lambda$waitForClusterToBeReady$0(238)) - Waiting for cluster to exit safe mode
2021-08-18 00:05:21,310 [Listener at 127.0.0.1/46821] INFO  ozone.MiniOzoneClusterImpl (MiniOzoneClusterImpl.java:lambda$waitForClusterToBeReady$0(240)) - SCM became leader
2021-08-18 00:05:21,703 [EndpointStateMachine task thread for /0.0.0.0:37163 - 0 ] INFO  ozoneimpl.OzoneContainer (OzoneContainer.java:start(305)) - Attempting to start container services.
2021-08-18 00:05:21,703 [EndpointStateMachine task thread for /0.0.0.0:37163 - 0 ] INFO  ozoneimpl.OzoneContainer (OzoneContainer.java:startContainerScrub(250)) - Background container scanner has been disabled.
2021-08-18 00:05:21,712 [EndpointStateMachine task thread for /0.0.0.0:37163 - 0 ] INFO  replication.ReplicationServer (ReplicationServer.java:start(106)) - ReplicationServer is started using port 42953
2021-08-18 00:05:21,731 [EndpointStateMachine task thread for /0.0.0.0:37163 - 0 ] INFO  ratis.XceiverServerRatis (XceiverServerRatis.java:start(482)) - Starting XceiverServerRatis e968ceb0-4b48-4455-969d-c37705d4e7f8
2021-08-18 00:05:21,741 [EndpointStateMachine task thread for /0.0.0.0:37163 - 0 ] INFO  server.RaftServer (RaftServerProxy.java:lambda$start$5(374)) - e968ceb0-4b48-4455-969d-c37705d4e7f8: start RPC server
2021-08-18 00:05:21,741 [EndpointStateMachine task thread for /0.0.0.0:37163 - 0 ] INFO  server.GrpcService (GrpcService.java:startImpl(253)) - e968ceb0-4b48-4455-969d-c37705d4e7f8: GrpcService started, listening on 45809
2021-08-18 00:05:21,741 [EndpointStateMachine task thread for /0.0.0.0:37163 - 0 ] INFO  ratis.XceiverServerRatis (XceiverServerRatis.java:getRealPort(503)) - XceiverServerRatis e968ceb0-4b48-4455-969d-c37705d4e7f8 is started using port 45809 for RATIS
2021-08-18 00:05:21,741 [EndpointStateMachine task thread for /0.0.0.0:37163 - 0 ] INFO  ratis.XceiverServerRatis (XceiverServerRatis.java:getRealPort(503)) - XceiverServerRatis e968ceb0-4b48-4455-969d-c37705d4e7f8 is started using port 45809 for RATIS_ADMIN
2021-08-18 00:05:21,741 [EndpointStateMachine task thread for /0.0.0.0:37163 - 0 ] INFO  ratis.XceiverServerRatis (XceiverServerRatis.java:getRealPort(503)) - XceiverServerRatis e968ceb0-4b48-4455-969d-c37705d4e7f8 is started using port 45809 for RATIS_SERVER
2021-08-18 00:05:21,743 [EndpointStateMachine task thread for /0.0.0.0:37163 - 0 ] INFO  server.XceiverServerGrpc (XceiverServerGrpc.java:start(135)) - XceiverServerGrpc e968ceb0-4b48-4455-969d-c37705d4e7f8 is started using port 38793
2021-08-18 00:05:21,755 [org.apache.ratis.util.JvmPauseMonitor$$Lambda$531/199673773@2bc98416] INFO  util.JvmPauseMonitor (JvmPauseMonitor.java:run(103)) - JvmPauseMonitor-e968ceb0-4b48-4455-969d-c37705d4e7f8: Started
2021-08-18 00:05:22,310 [Listener at 127.0.0.1/46821] INFO  ozone.MiniOzoneClusterImpl (MiniOzoneClusterImpl.java:lambda$waitForClusterToBeReady$0(235)) - Waiting for nodes to be ready. Got 0 of 3 DN Heartbeats.
2021-08-18 00:05:22,310 [Listener at 127.0.0.1/46821] INFO  ozone.MiniOzoneClusterImpl (MiniOzoneClusterImpl.java:lambda$waitForClusterToBeReady$0(238)) - Waiting for cluster to exit safe mode
2021-08-18 00:05:22,310 [Listener at 127.0.0.1/46821] INFO  ozone.MiniOzoneClusterImpl (MiniOzoneClusterImpl.java:lambda$waitForClusterToBeReady$0(240)) - SCM became leader
2021-08-18 00:05:22,368 [EndpointStateMachine task thread for /0.0.0.0:37163 - 0 ] INFO  ozoneimpl.OzoneContainer (OzoneContainer.java:start(305)) - Attempting to start container services.
2021-08-18 00:05:22,368 [EndpointStateMachine task thread for /0.0.0.0:37163 - 0 ] INFO  ozoneimpl.OzoneContainer (OzoneContainer.java:startContainerScrub(250)) - Background container scanner has been disabled.
2021-08-18 00:05:22,369 [EndpointStateMachine task thread for /0.0.0.0:37163 - 0 ] INFO  replication.ReplicationServer (ReplicationServer.java:start(106)) - ReplicationServer is started using port 42937
2021-08-18 00:05:22,381 [EndpointStateMachine task thread for /0.0.0.0:37163 - 0 ] INFO  ratis.XceiverServerRatis (XceiverServerRatis.java:start(482)) - Starting XceiverServerRatis 3f5fdcdb-3920-48dc-9b27-ab3e73a64fa3
2021-08-18 00:05:22,427 [EndpointStateMachine task thread for /0.0.0.0:37163 - 0 ] INFO  server.RaftServer (RaftServerProxy.java:lambda$start$5(374)) - 3f5fdcdb-3920-48dc-9b27-ab3e73a64fa3: start RPC server
2021-08-18 00:05:22,431 [EndpointStateMachine task thread for /0.0.0.0:37163 - 0 ] INFO  server.GrpcService (GrpcService.java:startImpl(253)) - 3f5fdcdb-3920-48dc-9b27-ab3e73a64fa3: GrpcService started, listening on 45579
2021-08-18 00:05:22,436 [EndpointStateMachine task thread for /0.0.0.0:37163 - 0 ] INFO  ratis.XceiverServerRatis (XceiverServerRatis.java:getRealPort(503)) - XceiverServerRatis 3f5fdcdb-3920-48dc-9b27-ab3e73a64fa3 is started using port 45579 for RATIS
2021-08-18 00:05:22,437 [EndpointStateMachine task thread for /0.0.0.0:37163 - 0 ] INFO  ratis.XceiverServerRatis (XceiverServerRatis.java:getRealPort(503)) - XceiverServerRatis 3f5fdcdb-3920-48dc-9b27-ab3e73a64fa3 is started using port 45579 for RATIS_ADMIN
2021-08-18 00:05:22,437 [EndpointStateMachine task thread for /0.0.0.0:37163 - 0 ] INFO  ratis.XceiverServerRatis (XceiverServerRatis.java:getRealPort(503)) - XceiverServerRatis 3f5fdcdb-3920-48dc-9b27-ab3e73a64fa3 is started using port 45579 for RATIS_SERVER
2021-08-18 00:05:22,437 [EndpointStateMachine task thread for /0.0.0.0:37163 - 0 ] INFO  server.XceiverServerGrpc (XceiverServerGrpc.java:start(135)) - XceiverServerGrpc 3f5fdcdb-3920-48dc-9b27-ab3e73a64fa3 is started using port 44533
2021-08-18 00:05:22,438 [org.apache.ratis.util.JvmPauseMonitor$$Lambda$531/199673773@7c1a7cc0] INFO  util.JvmPauseMonitor (JvmPauseMonitor.java:run(103)) - JvmPauseMonitor-3f5fdcdb-3920-48dc-9b27-ab3e73a64fa3: Started
2021-08-18 00:05:22,994 [IPC Server handler 0 on default port 37163] INFO  net.NetworkTopologyImpl (NetworkTopologyImpl.java:add(112)) - Added a new node: /default-rack/d7f544bc-16cd-4de5-96c9-37820cb3981a
2021-08-18 00:05:22,994 [IPC Server handler 0 on default port 37163] INFO  node.SCMNodeManager (SCMNodeManager.java:register(390)) - Registered Data node : d7f544bc-16cd-4de5-96c9-37820cb3981a{ip: 10.1.0.4, host: fv-az122-443.zf1tlrj3kn4expqppa1j4mpycf.xx.internal.cloudapp.net, ports: [REPLICATION=38511, RATIS=36017, RATIS_ADMIN=36017, RATIS_SERVER=36017, STANDALONE=39931], networkLocation: /default-rack, certSerialId: null, persistedOpState: null, persistedOpStateExpiryEpochSec: 0}
2021-08-18 00:05:22,995 [EventQueue-NodeRegistrationContainerReportForDataNodeSafeModeRule] INFO  safemode.SCMSafeModeManager (DataNodeSafeModeRule.java:process(71)) - SCM in safe mode. 1 DataNodes registered, 3 required.
2021-08-18 00:05:22,996 [EventQueue-NodeRegistrationContainerReportForContainerSafeModeRule] INFO  safemode.SCMSafeModeManager (SCMSafeModeManager.java:validateSafeModeExitRules(204)) - ContainerSafeModeRule rule is successfully validated
2021-08-18 00:05:23,021 [EventQueue-NewNodeForNewNodeHandler] INFO  pipeline.BackgroundPipelineCreator (BackgroundPipelineCreatorV2.java:notifyEventTriggered(285)) - trigger a one-shot run on RatisPipelineUtilsThread.
2021-08-18 00:05:23,021 [EventQueue-PipelineReportForOneReplicaPipelineSafeModeRule] INFO  safemode.SCMSafeModeManager (SCMSafeModeManager.java:validateSafeModeExitRules(204)) - AtleastOneDatanodeReportedRule rule is successfully validated
2021-08-18 00:05:23,021 [RatisPipelineUtilsThread - 0] INFO  pipeline.RatisPipelineProvider (RatisPipelineProvider.java:lambda$create$0(183)) - Sending CreatePipelineCommand for pipeline:PipelineID=43b8d1e9-b81b-4ec0-8059-f603789c2231 to datanode:d7f544bc-16cd-4de5-96c9-37820cb3981a
2021-08-18 00:05:23,023 [RatisPipelineUtilsThread - 0] INFO  pipeline.PipelineStateManager (PipelineStateManagerV2Impl.java:addPipeline(101)) - Created pipeline Pipeline[ Id: 43b8d1e9-b81b-4ec0-8059-f603789c2231, Nodes: d7f544bc-16cd-4de5-96c9-37820cb3981a{ip: 10.1.0.4, host: fv-az122-443.zf1tlrj3kn4expqppa1j4mpycf.xx.internal.cloudapp.net, ports: [REPLICATION=38511, RATIS=36017, RATIS_ADMIN=36017, RATIS_SERVER=36017, STANDALONE=39931], networkLocation: /default-rack, certSerialId: null, persistedOpState: IN_SERVICE, persistedOpStateExpiryEpochSec: 0}, ReplicationConfig: RATIS/ONE, State:ALLOCATED, leaderId:, CreationTimestamp2021-08-18T00:05:23.021Z[Etc/UTC]].
2021-08-18 00:05:23,310 [Listener at 127.0.0.1/46821] INFO  ozone.MiniOzoneClusterImpl (MiniOzoneClusterImpl.java:lambda$waitForClusterToBeReady$0(235)) - Waiting for nodes to be ready. Got 1 of 3 DN Heartbeats.
2021-08-18 00:05:23,310 [Listener at 127.0.0.1/46821] INFO  ozone.MiniOzoneClusterImpl (MiniOzoneClusterImpl.java:lambda$waitForClusterToBeReady$0(238)) - Waiting for cluster to exit safe mode
2021-08-18 00:05:23,310 [Listener at 127.0.0.1/46821] INFO  ozone.MiniOzoneClusterImpl (MiniOzoneClusterImpl.java:lambda$waitForClusterToBeReady$0(240)) - SCM became leader
2021-08-18 00:05:23,663 [IPC Server handler 11 on default port 37163] INFO  net.NetworkTopologyImpl (NetworkTopologyImpl.java:add(112)) - Added a new node: /default-rack/e968ceb0-4b48-4455-969d-c37705d4e7f8
2021-08-18 00:05:23,669 [IPC Server handler 11 on default port 37163] INFO  node.SCMNodeManager (SCMNodeManager.java:register(390)) - Registered Data node : e968ceb0-4b48-4455-969d-c37705d4e7f8{ip: 10.1.0.4, host: fv-az122-443.zf1tlrj3kn4expqppa1j4mpycf.xx.internal.cloudapp.net, ports: [REPLICATION=42953, RATIS=45809, RATIS_ADMIN=45809, RATIS_SERVER=45809, STANDALONE=38793], networkLocation: /default-rack, certSerialId: null, persistedOpState: null, persistedOpStateExpiryEpochSec: 0}
2021-08-18 00:05:23,672 [EventQueue-NewNodeForNewNodeHandler] INFO  pipeline.BackgroundPipelineCreator (BackgroundPipelineCreatorV2.java:notifyEventTriggered(285)) - trigger a one-shot run on RatisPipelineUtilsThread.
2021-08-18 00:05:23,672 [EventQueue-NodeRegistrationContainerReportForDataNodeSafeModeRule] INFO  safemode.SCMSafeModeManager (DataNodeSafeModeRule.java:process(71)) - SCM in safe mode. 2 DataNodes registered, 3 required.
2021-08-18 00:05:23,674 [RatisPipelineUtilsThread - 0] INFO  pipeline.RatisPipelineProvider (RatisPipelineProvider.java:lambda$create$0(183)) - Sending CreatePipelineCommand for pipeline:PipelineID=a19828b8-0903-42e7-8d30-7b91cf591a3b to datanode:e968ceb0-4b48-4455-969d-c37705d4e7f8
2021-08-18 00:05:23,674 [RatisPipelineUtilsThread - 0] INFO  pipeline.PipelineStateManager (PipelineStateManagerV2Impl.java:addPipeline(101)) - Created pipeline Pipeline[ Id: a19828b8-0903-42e7-8d30-7b91cf591a3b, Nodes: e968ceb0-4b48-4455-969d-c37705d4e7f8{ip: 10.1.0.4, host: fv-az122-443.zf1tlrj3kn4expqppa1j4mpycf.xx.internal.cloudapp.net, ports: [REPLICATION=42953, RATIS=45809, RATIS_ADMIN=45809, RATIS_SERVER=45809, STANDALONE=38793], networkLocation: /default-rack, certSerialId: null, persistedOpState: IN_SERVICE, persistedOpStateExpiryEpochSec: 0}, ReplicationConfig: RATIS/ONE, State:ALLOCATED, leaderId:, CreationTimestamp2021-08-18T00:05:23.674Z[Etc/UTC]].
2021-08-18 00:05:24,311 [Listener at 127.0.0.1/46821] INFO  ozone.MiniOzoneClusterImpl (MiniOzoneClusterImpl.java:lambda$waitForClusterToBeReady$0(235)) - Waiting for nodes to be ready. Got 2 of 3 DN Heartbeats.
2021-08-18 00:05:24,311 [Listener at 127.0.0.1/46821] INFO  ozone.MiniOzoneClusterImpl (MiniOzoneClusterImpl.java:lambda$waitForClusterToBeReady$0(238)) - Waiting for cluster to exit safe mode
2021-08-18 00:05:24,311 [Listener at 127.0.0.1/46821] INFO  ozone.MiniOzoneClusterImpl (MiniOzoneClusterImpl.java:lambda$waitForClusterToBeReady$0(240)) - SCM became leader
2021-08-18 00:05:24,363 [IPC Server handler 10 on default port 37163] INFO  net.NetworkTopologyImpl (NetworkTopologyImpl.java:add(112)) - Added a new node: /default-rack/3f5fdcdb-3920-48dc-9b27-ab3e73a64fa3
2021-08-18 00:05:24,364 [IPC Server handler 10 on default port 37163] INFO  node.SCMNodeManager (SCMNodeManager.java:register(390)) - Registered Data node : 3f5fdcdb-3920-48dc-9b27-ab3e73a64fa3{ip: 10.1.0.4, host: fv-az122-443.zf1tlrj3kn4expqppa1j4mpycf.xx.internal.cloudapp.net, ports: [REPLICATION=42937, RATIS=45579, RATIS_ADMIN=45579, RATIS_SERVER=45579, STANDALONE=44533], networkLocation: /default-rack, certSerialId: null, persistedOpState: null, persistedOpStateExpiryEpochSec: 0}
2021-08-18 00:05:24,364 [EventQueue-NewNodeForNewNodeHandler] INFO  pipeline.BackgroundPipelineCreator (BackgroundPipelineCreatorV2.java:notifyEventTriggered(285)) - trigger a one-shot run on RatisPipelineUtilsThread.
2021-08-18 00:05:24,368 [EventQueue-NodeRegistrationContainerReportForDataNodeSafeModeRule] INFO  safemode.SCMSafeModeManager (DataNodeSafeModeRule.java:process(71)) - SCM in safe mode. 3 DataNodes registered, 3 required.
2021-08-18 00:05:24,368 [EventQueue-NodeRegistrationContainerReportForDataNodeSafeModeRule] INFO  safemode.SCMSafeModeManager (SCMSafeModeManager.java:validateSafeModeExitRules(204)) - DataNodeSafeModeRule rule is successfully validated
2021-08-18 00:05:24,369 [EventQueue-NodeRegistrationContainerReportForDataNodeSafeModeRule] INFO  safemode.SCMSafeModeManager (SCMSafeModeManager.java:completePreCheck(233)) - All SCM safe mode pre check rules have passed
2021-08-18 00:05:24,369 [EventQueue-NodeRegistrationContainerReportForDataNodeSafeModeRule] WARN  events.EventQueue (EventQueue.java:fireEvent(194)) - No event handler registered for event TypedEvent{payloadType=SafeModeStatus, name='Safe mode status'}
2021-08-18 00:05:24,369 [EventQueue-NodeRegistrationContainerReportForDataNodeSafeModeRule] INFO  ha.SCMContext (SCMContext.java:updateSafeModeStatus(205)) - Update SafeModeStatus from SafeModeStatus{safeModeStatus=true, preCheckPassed=false} to SafeModeStatus{safeModeStatus=true, preCheckPassed=true}.
2021-08-18 00:05:24,369 [EventQueue-NodeRegistrationContainerReportForDataNodeSafeModeRule] INFO  pipeline.BackgroundPipelineCreator (BackgroundPipelineCreatorV2.java:notifyEventTriggered(285)) - trigger a one-shot run on RatisPipelineUtilsThread.
2021-08-18 00:05:24,385 [RatisPipelineUtilsThread - 0] INFO  pipeline.RatisPipelineProvider (RatisPipelineProvider.java:lambda$create$0(183)) - Sending CreatePipelineCommand for pipeline:PipelineID=4132d2a3-9a4f-462e-a8d5-fdab78068694 to datanode:3f5fdcdb-3920-48dc-9b27-ab3e73a64fa3
2021-08-18 00:05:24,386 [RatisPipelineUtilsThread - 0] INFO  pipeline.PipelineStateManager (PipelineStateManagerV2Impl.java:addPipeline(101)) - Created pipeline Pipeline[ Id: 4132d2a3-9a4f-462e-a8d5-fdab78068694, Nodes: 3f5fdcdb-3920-48dc-9b27-ab3e73a64fa3{ip: 10.1.0.4, host: fv-az122-443.zf1tlrj3kn4expqppa1j4mpycf.xx.internal.cloudapp.net, ports: [REPLICATION=42937, RATIS=45579, RATIS_ADMIN=45579, RATIS_SERVER=45579, STANDALONE=44533], networkLocation: /default-rack, certSerialId: null, persistedOpState: IN_SERVICE, persistedOpStateExpiryEpochSec: 0}, ReplicationConfig: RATIS/ONE, State:ALLOCATED, leaderId:, CreationTimestamp2021-08-18T00:05:24.385Z[Etc/UTC]].
2021-08-18 00:05:24,386 [RatisPipelineUtilsThread - 0] INFO  pipeline.RatisPipelineProvider (RatisPipelineProvider.java:lambda$create$0(183)) - Sending CreatePipelineCommand for pipeline:PipelineID=5218c443-b508-4997-b694-3e735bbbd292 to datanode:d7f544bc-16cd-4de5-96c9-37820cb3981a
2021-08-18 00:05:24,386 [RatisPipelineUtilsThread - 0] INFO  pipeline.RatisPipelineProvider (RatisPipelineProvider.java:lambda$create$0(183)) - Sending CreatePipelineCommand for pipeline:PipelineID=5218c443-b508-4997-b694-3e735bbbd292 to datanode:e968ceb0-4b48-4455-969d-c37705d4e7f8
2021-08-18 00:05:24,386 [RatisPipelineUtilsThread - 0] INFO  pipeline.RatisPipelineProvider (RatisPipelineProvider.java:lambda$create$0(183)) - Sending CreatePipelineCommand for pipeline:PipelineID=5218c443-b508-4997-b694-3e735bbbd292 to datanode:3f5fdcdb-3920-48dc-9b27-ab3e73a64fa3
2021-08-18 00:05:24,387 [RatisPipelineUtilsThread - 0] INFO  pipeline.PipelineStateManager (PipelineStateManagerV2Impl.java:addPipeline(101)) - Created pipeline Pipeline[ Id: 5218c443-b508-4997-b694-3e735bbbd292, Nodes: d7f544bc-16cd-4de5-96c9-37820cb3981a{ip: 10.1.0.4, host: fv-az122-443.zf1tlrj3kn4expqppa1j4mpycf.xx.internal.cloudapp.net, ports: [REPLICATION=38511, RATIS=36017, RATIS_ADMIN=36017, RATIS_SERVER=36017, STANDALONE=39931], networkLocation: /default-rack, certSerialId: null, persistedOpState: IN_SERVICE, persistedOpStateExpiryEpochSec: 0}e968ceb0-4b48-4455-969d-c37705d4e7f8{ip: 10.1.0.4, host: fv-az122-443.zf1tlrj3kn4expqppa1j4mpycf.xx.internal.cloudapp.net, ports: [REPLICATION=42953, RATIS=45809, RATIS_ADMIN=45809, RATIS_SERVER=45809, STANDALONE=38793], networkLocation: /default-rack, certSerialId: null, persistedOpState: IN_SERVICE, persistedOpStateExpiryEpochSec: 0}3f5fdcdb-3920-48dc-9b27-ab3e73a64fa3{ip: 10.1.0.4, host: fv-az122-443.zf1tlrj3kn4expqppa1j4mpycf.xx.internal.cloudapp.net, ports: [REPLICATION=42937, RATIS=45579, RATIS_ADMIN=45579, RATIS_SERVER=45579, STANDALONE=44533], networkLocation: /default-rack, certSerialId: null, persistedOpState: IN_SERVICE, persistedOpStateExpiryEpochSec: 0}, ReplicationConfig: RATIS/THREE, State:ALLOCATED, leaderId:, CreationTimestamp2021-08-18T00:05:24.386Z[Etc/UTC]].
2021-08-18 00:05:24,387 [RatisPipelineUtilsThread - 0] INFO  pipeline.RatisPipelineProvider (RatisPipelineProvider.java:lambda$create$0(183)) - Sending CreatePipelineCommand for pipeline:PipelineID=2f7aaf04-0f0e-48f7-954c-bdd2e274c814 to datanode:3f5fdcdb-3920-48dc-9b27-ab3e73a64fa3
2021-08-18 00:05:24,387 [RatisPipelineUtilsThread - 0] INFO  pipeline.RatisPipelineProvider (RatisPipelineProvider.java:lambda$create$0(183)) - Sending CreatePipelineCommand for pipeline:PipelineID=2f7aaf04-0f0e-48f7-954c-bdd2e274c814 to datanode:d7f544bc-16cd-4de5-96c9-37820cb3981a
2021-08-18 00:05:24,387 [RatisPipelineUtilsThread - 0] INFO  pipeline.RatisPipelineProvider (RatisPipelineProvider.java:lambda$create$0(183)) - Sending CreatePipelineCommand for pipeline:PipelineID=2f7aaf04-0f0e-48f7-954c-bdd2e274c814 to datanode:e968ceb0-4b48-4455-969d-c37705d4e7f8
2021-08-18 00:05:24,388 [RatisPipelineUtilsThread - 0] INFO  pipeline.PipelineStateManager (PipelineStateManagerV2Impl.java:addPipeline(101)) - Created pipeline Pipeline[ Id: 2f7aaf04-0f0e-48f7-954c-bdd2e274c814, Nodes: 3f5fdcdb-3920-48dc-9b27-ab3e73a64fa3{ip: 10.1.0.4, host: fv-az122-443.zf1tlrj3kn4expqppa1j4mpycf.xx.internal.cloudapp.net, ports: [REPLICATION=42937, RATIS=45579, RATIS_ADMIN=45579, RATIS_SERVER=45579, STANDALONE=44533], networkLocation: /default-rack, certSerialId: null, persistedOpState: IN_SERVICE, persistedOpStateExpiryEpochSec: 0}d7f544bc-16cd-4de5-96c9-37820cb3981a{ip: 10.1.0.4, host: fv-az122-443.zf1tlrj3kn4expqppa1j4mpycf.xx.internal.cloudapp.net, ports: [REPLICATION=38511, RATIS=36017, RATIS_ADMIN=36017, RATIS_SERVER=36017, STANDALONE=39931], networkLocation: /default-rack, certSerialId: null, persistedOpState: IN_SERVICE, persistedOpStateExpiryEpochSec: 0}e968ceb0-4b48-4455-969d-c37705d4e7f8{ip: 10.1.0.4, host: fv-az122-443.zf1tlrj3kn4expqppa1j4mpycf.xx.internal.cloudapp.net, ports: [REPLICATION=42953, RATIS=45809, RATIS_ADMIN=45809, RATIS_SERVER=45809, STANDALONE=38793], networkLocation: /default-rack, certSerialId: null, persistedOpState: IN_SERVICE, persistedOpStateExpiryEpochSec: 0}, ReplicationConfig: RATIS/THREE, State:ALLOCATED, leaderId:, CreationTimestamp2021-08-18T00:05:24.387Z[Etc/UTC]].
2021-08-18 00:05:24,388 [RatisPipelineUtilsThread - 0] INFO  pipeline.PipelineManagerImpl (PipelineManagerImpl.java:recordMetricsForPipeline(614)) - Pipeline: PipelineID=2f7aaf04-0f0e-48f7-954c-bdd2e274c814 contains same datanodes as previous pipelines: PipelineID=5218c443-b508-4997-b694-3e735bbbd292 nodeIds: 3f5fdcdb-3920-48dc-9b27-ab3e73a64fa3, d7f544bc-16cd-4de5-96c9-37820cb3981a, e968ceb0-4b48-4455-969d-c37705d4e7f8
2021-08-18 00:05:25,311 [Listener at 127.0.0.1/46821] INFO  ozone.MiniOzoneClusterImpl (MiniOzoneClusterImpl.java:lambda$waitForClusterToBeReady$0(235)) - Nodes are ready. Got 3 of 3 DN Heartbeats.
2021-08-18 00:05:25,312 [Listener at 127.0.0.1/46821] INFO  ozone.MiniOzoneClusterImpl (MiniOzoneClusterImpl.java:lambda$waitForClusterToBeReady$0(238)) - Waiting for cluster to exit safe mode
2021-08-18 00:05:25,312 [Listener at 127.0.0.1/46821] INFO  ozone.MiniOzoneClusterImpl (MiniOzoneClusterImpl.java:lambda$waitForClusterToBeReady$0(240)) - SCM became leader
2021-08-18 00:05:25,996 [Command processor thread] INFO  server.RaftServer (RaftServerProxy.java:addNew(95)) - d7f544bc-16cd-4de5-96c9-37820cb3981a: addNew group-F603789C2231:[d7f544bc-16cd-4de5-96c9-37820cb3981a|rpc:10.1.0.4:36017|priority:1] returns group-F603789C2231:java.util.concurrent.CompletableFuture@6bb4a3b6[Not completed]
2021-08-18 00:05:26,025 [pool-373-thread-1] INFO  server.RaftServer$Division (RaftServerImpl.java:<init>(181)) - d7f544bc-16cd-4de5-96c9-37820cb3981a: new RaftServerImpl for group-F603789C2231:[d7f544bc-16cd-4de5-96c9-37820cb3981a|rpc:10.1.0.4:36017|priority:1] with ContainerStateMachine:uninitialized
2021-08-18 00:05:26,025 [pool-373-thread-1] INFO  server.RaftServerConfigKeys (ConfUtils.java:logGet(44)) - raft.server.rpc.timeout.min = 5s (custom)
2021-08-18 00:05:26,025 [pool-373-thread-1] INFO  server.RaftServerConfigKeys (ConfUtils.java:logGet(44)) - raft.server.rpc.timeout.max = 5200ms (custom)
2021-08-18 00:05:26,025 [pool-373-thread-1] INFO  server.RaftServerConfigKeys (ConfUtils.java:logGet(44)) - raft.server.rpc.sleep.time = 25ms (default)
2021-08-18 00:05:26,025 [pool-373-thread-1] INFO  server.RaftServerConfigKeys (ConfUtils.java:logGet(44)) - raft.server.rpc.slowness.timeout = 300s (custom)
2021-08-18 00:05:26,025 [pool-373-thread-1] INFO  server.RaftServerConfigKeys (ConfUtils.java:logGet(44)) - raft.server.leaderelection.leader.step-down.wait-time = 10s (default)
2021-08-18 00:05:26,026 [pool-373-thread-1] INFO  server.RaftServerConfigKeys (ConfUtils.java:logGet(44)) - raft.server.sleep.deviation.threshold = 300ms (default)
2021-08-18 00:05:26,026 [pool-373-thread-1] INFO  server.RaftServerConfigKeys (ConfUtils.java:logGet(44)) - raft.server.log.appender.install.snapshot.enabled = false (custom)
2021-08-18 00:05:26,026 [pool-373-thread-1] INFO  server.RaftServer$Division (ServerState.java:<init>(105)) - d7f544bc-16cd-4de5-96c9-37820cb3981a@group-F603789C2231: ConfigurationManager, init=-1: [d7f544bc-16cd-4de5-96c9-37820cb3981a|rpc:10.1.0.4:36017|priority:1], old=null, confs=<EMPTY_MAP>
2021-08-18 00:05:26,026 [pool-373-thread-1] INFO  server.RaftServerConfigKeys (ConfUtils.java:logGet(44)) - raft.server.storage.dir = [/home/runner/work/ozone/ozone/hadoop-ozone/integration-test/target/test-dir/MiniOzoneClusterImpl-b4dd0c3d-6691-419c-bf37-cebc6a2c258c/datanode-0/data/ratis] (custom)
2021-08-18 00:05:26,026 [pool-373-thread-1] INFO  server.RaftServerConfigKeys (ConfUtils.java:logGet(44)) - raft.server.log.corruption.policy = EXCEPTION (default)
2021-08-18 00:05:26,026 [pool-373-thread-1] INFO  server.RaftServerConfigKeys (ConfUtils.java:logGet(44)) - raft.server.storage.free-space.min = 0MB (=0) (default)
2021-08-18 00:05:26,026 [pool-373-thread-1] INFO  storage.RaftStorageDirectory (RaftStorageDirectoryImpl.java:analyzeStorage(135)) - The storage directory /home/runner/work/ozone/ozone/hadoop-ozone/integration-test/target/test-dir/MiniOzoneClusterImpl-b4dd0c3d-6691-419c-bf37-cebc6a2c258c/datanode-0/data/ratis/43b8d1e9-b81b-4ec0-8059-f603789c2231 does not exist. Creating ...
2021-08-18 00:05:26,046 [pool-373-thread-1] INFO  storage.RaftStorageDirectory (RaftStorageDirectoryImpl.java:tryLock(230)) - Lock on /home/runner/work/ozone/ozone/hadoop-ozone/integration-test/target/test-dir/MiniOzoneClusterImpl-b4dd0c3d-6691-419c-bf37-cebc6a2c258c/datanode-0/data/ratis/43b8d1e9-b81b-4ec0-8059-f603789c2231/in_use.lock acquired by nodename 22303@fv-az122-443
2021-08-18 00:05:26,048 [pool-373-thread-1] INFO  storage.RaftStorage (RaftStorageImpl.java:format(89)) - Storage directory /home/runner/work/ozone/ozone/hadoop-ozone/integration-test/target/test-dir/MiniOzoneClusterImpl-b4dd0c3d-6691-419c-bf37-cebc6a2c258c/datanode-0/data/ratis/43b8d1e9-b81b-4ec0-8059-f603789c2231 has been successfully formatted.
2021-08-18 00:05:26,049 [pool-373-thread-1] INFO  ratis.ContainerStateMachine (ContainerStateMachine.java:loadSnapshot(225)) - group-F603789C2231: The snapshot info is null. Setting the last applied indexto:(t:0, i:~)
2021-08-18 00:05:26,049 [pool-373-thread-1] INFO  server.RaftServerConfigKeys (ConfUtils.java:logGet(44)) - raft.server.notification.no-leader.timeout = 300s (custom)
2021-08-18 00:05:26,050 [EventQueue-PipelineReportForPipelineReportHandler] INFO  pipeline.PipelineManagerImpl (PipelineManagerImpl.java:openPipeline(283)) - Pipeline Pipeline[ Id: 43b8d1e9-b81b-4ec0-8059-f603789c2231, Nodes: d7f544bc-16cd-4de5-96c9-37820cb3981a{ip: 10.1.0.4, host: fv-az122-443.zf1tlrj3kn4expqppa1j4mpycf.xx.internal.cloudapp.net, ports: [REPLICATION=38511, RATIS=36017, RATIS_ADMIN=36017, RATIS_SERVER=36017, STANDALONE=39931], networkLocation: /default-rack, certSerialId: null, persistedOpState: IN_SERVICE, persistedOpStateExpiryEpochSec: 0}, ReplicationConfig: RATIS/ONE, State:ALLOCATED, leaderId:d7f544bc-16cd-4de5-96c9-37820cb3981a, CreationTimestamp2021-08-18T00:05:23.021Z[Etc/UTC]] moved to OPEN state
2021-08-18 00:05:26,051 [pool-373-thread-1] INFO  server.RaftServerConfigKeys (ConfUtils.java:logGet(44)) - raft.server.log.use.memory = false (default)
2021-08-18 00:05:26,067 [pool-373-thread-1] INFO  server.RaftServerConfigKeys (ConfUtils.java:logGet(44)) - raft.server.log.purge.gap = 1000000 (custom)
2021-08-18 00:05:26,067 [pool-373-thread-1] INFO  server.RaftServerConfigKeys (ConfUtils.java:logGet(44)) - raft.server.log.appender.buffer.byte-limit = 33554432 (custom)
2021-08-18 00:05:26,067 [pool-373-thread-1] INFO  server.RaftServerConfigKeys (ConfUtils.java:logGet(44)) - raft.server.log.segment.size.max = 1048576 (custom)
2021-08-18 00:05:26,067 [pool-373-thread-1] INFO  server.RaftServerConfigKeys (ConfUtils.java:logGet(44)) - raft.server.log.segment.cache.num.max = 2 (custom)
2021-08-18 00:05:26,067 [pool-373-thread-1] INFO  server.RaftServerConfigKeys (ConfUtils.java:logGet(44)) - raft.server.log.segment.cache.size.max = 200MB (=209715200) (default)
2021-08-18 00:05:26,067 [pool-373-thread-1] INFO  segmented.SegmentedRaftLogWorker (SegmentedRaftLogWorker.java:<init>(182)) - new d7f544bc-16cd-4de5-96c9-37820cb3981a@group-F603789C2231-SegmentedRaftLogWorker for RaftStorageImpl:Storage Directory /home/runner/work/ozone/ozone/hadoop-ozone/integration-test/target/test-dir/MiniOzoneClusterImpl-b4dd0c3d-6691-419c-bf37-cebc6a2c258c/datanode-0/data/ratis/43b8d1e9-b81b-4ec0-8059-f603789c2231
2021-08-18 00:05:26,068 [pool-373-thread-1] INFO  server.RaftServerConfigKeys (ConfUtils.java:logGet(44)) - raft.server.log.queue.byte-limit = 2147483647 (custom)
2021-08-18 00:05:26,068 [pool-373-thread-1] INFO  server.RaftServerConfigKeys (ConfUtils.java:logGet(44)) - raft.server.log.queue.element-limit = 1024 (custom)
2021-08-18 00:05:26,068 [pool-373-thread-1] INFO  server.RaftServerConfigKeys (ConfUtils.java:logGet(44)) - raft.server.log.segment.size.max = 1048576 (custom)
2021-08-18 00:05:26,068 [pool-373-thread-1] INFO  server.RaftServerConfigKeys (ConfUtils.java:logGet(44)) - raft.server.log.preallocated.size = 16384 (custom)
2021-08-18 00:05:26,068 [pool-373-thread-1] INFO  server.RaftServerConfigKeys (ConfUtils.java:logGet(44)) - raft.server.log.force.sync.num = 128 (default)
2021-08-18 00:05:26,068 [pool-373-thread-1] INFO  server.RaftServerConfigKeys (ConfUtils.java:logGet(44)) - raft.server.log.statemachine.data.sync = true (default)
2021-08-18 00:05:26,068 [pool-373-thread-1] INFO  server.RaftServerConfigKeys (ConfUtils.java:logGet(44)) - raft.server.log.statemachine.data.sync.timeout = 10s (default)
2021-08-18 00:05:26,068 [pool-373-thread-1] INFO  server.RaftServerConfigKeys (ConfUtils.java:logGet(44)) - raft.server.log.statemachine.data.sync.timeout.retry = -1 (default)
2021-08-18 00:05:26,068 [pool-373-thread-1] INFO  server.RaftServerConfigKeys (ConfUtils.java:logGet(44)) - raft.server.log.write.buffer.size = 1048576 (custom)
2021-08-18 00:05:26,069 [pool-373-thread-1] INFO  server.RaftServerConfigKeys (ConfUtils.java:logGet(44)) - raft.server.log.statemachine.data.caching.enabled = true (custom)
2021-08-18 00:05:26,069 [pool-373-thread-1] INFO  segmented.SegmentedRaftLogWorker (SegmentedRaftLogWorker.java:lambda$new$0(133)) - d7f544bc-16cd-4de5-96c9-37820cb3981a@group-F603789C2231-SegmentedRaftLogWorker: flushIndex: setUnconditionally 0 -> -1
2021-08-18 00:05:26,070 [pool-373-thread-1] INFO  segmented.SegmentedRaftLogWorker (SegmentedRaftLogWorker.java:lambda$new$0(133)) - d7f544bc-16cd-4de5-96c9-37820cb3981a@group-F603789C2231-SegmentedRaftLogWorker: safeCacheEvictIndex: setUnconditionally 0 -> -1
2021-08-18 00:05:26,070 [pool-373-thread-1] INFO  server.RaftServerConfigKeys (ConfUtils.java:logGet(44)) - raft.server.snapshot.auto.trigger.enabled = true (custom)
2021-08-18 00:05:26,070 [pool-373-thread-1] INFO  server.RaftServerConfigKeys (ConfUtils.java:logGet(44)) - raft.server.snapshot.auto.trigger.threshold = 10000 (custom)
2021-08-18 00:05:26,070 [pool-373-thread-1] INFO  server.RaftServerConfigKeys (ConfUtils.java:logGet(44)) - raft.server.snapshot.retention.file.num = 5 (custom)
2021-08-18 00:05:26,070 [pool-373-thread-1] INFO  server.RaftServerConfigKeys (ConfUtils.java:logGet(44)) - raft.server.log.purge.upto.snapshot.index = false (default)
2021-08-18 00:05:26,070 [pool-373-thread-1] INFO  server.RaftServerConfigKeys (ConfUtils.java:logGet(44)) - raft.server.retrycache.expirytime = 600000ms (custom)
2021-08-18 00:05:26,070 [pool-373-thread-1] INFO  server.RaftServerConfigKeys (ConfUtils.java:logGet(44)) - raft.server.retrycache.statistics.expirytime = 100μs (default)
2021-08-18 00:05:26,071 [pool-373-thread-1] INFO  server.RaftServer$Division (RaftServerImpl.java:start(296)) - d7f544bc-16cd-4de5-96c9-37820cb3981a@group-F603789C2231: start as a follower, conf=-1: [d7f544bc-16cd-4de5-96c9-37820cb3981a|rpc:10.1.0.4:36017|priority:1], old=null
2021-08-18 00:05:26,071 [pool-373-thread-1] INFO  server.RaftServer$Division (RaftServerImpl.java:setRole(285)) - d7f544bc-16cd-4de5-96c9-37820cb3981a@group-F603789C2231: changes role from      null to FOLLOWER at term 0 for startAsFollower
2021-08-18 00:05:26,071 [pool-373-thread-1] INFO  impl.RoleInfo (RoleInfo.java:updateAndGet(130)) - d7f544bc-16cd-4de5-96c9-37820cb3981a: start d7f544bc-16cd-4de5-96c9-37820cb3981a@group-F603789C2231-FollowerState
2021-08-18 00:05:26,073 [pool-373-thread-1] INFO  util.JmxRegister (JmxRegister.java:tryRegister(44)) - Successfully registered JMX Bean with object name Ratis:service=RaftServer,group=group-F603789C2231,id=d7f544bc-16cd-4de5-96c9-37820cb3981a
2021-08-18 00:05:26,074 [Command processor thread] INFO  ratis.XceiverServerRatis (XceiverServerRatis.java:addGroup(763)) - Created group PipelineID=43b8d1e9-b81b-4ec0-8059-f603789c2231
2021-08-18 00:05:26,100 [Command processor thread] INFO  commandhandler.CreatePipelineCommandHandler (CreatePipelineCommandHandler.java:handle(106)) - Created Pipeline RATIS ONE PipelineID=43b8d1e9-b81b-4ec0-8059-f603789c2231.
2021-08-18 00:05:26,101 [Command processor thread] INFO  server.RaftServer (RaftServerProxy.java:addNew(95)) - d7f544bc-16cd-4de5-96c9-37820cb3981a: addNew group-3E735BBBD292:[d7f544bc-16cd-4de5-96c9-37820cb3981a|rpc:10.1.0.4:36017|priority:1, e968ceb0-4b48-4455-969d-c37705d4e7f8|rpc:10.1.0.4:45809|priority:0, 3f5fdcdb-3920-48dc-9b27-ab3e73a64fa3|rpc:10.1.0.4:45579|priority:0] returns group-3E735BBBD292:java.util.concurrent.CompletableFuture@6f8b2a18[Not completed]
2021-08-18 00:05:26,103 [pool-373-thread-1] INFO  server.RaftServer$Division (RaftServerImpl.java:<init>(181)) - d7f544bc-16cd-4de5-96c9-37820cb3981a: new RaftServerImpl for group-3E735BBBD292:[d7f544bc-16cd-4de5-96c9-37820cb3981a|rpc:10.1.0.4:36017|priority:1, e968ceb0-4b48-4455-969d-c37705d4e7f8|rpc:10.1.0.4:45809|priority:0, 3f5fdcdb-3920-48dc-9b27-ab3e73a64fa3|rpc:10.1.0.4:45579|priority:0] with ContainerStateMachine:uninitialized
2021-08-18 00:05:26,103 [pool-373-thread-1] INFO  server.RaftServerConfigKeys (ConfUtils.java:logGet(44)) - raft.server.rpc.timeout.min = 5s (custom)
2021-08-18 00:05:26,103 [pool-373-thread-1] INFO  server.RaftServerConfigKeys (ConfUtils.java:logGet(44)) - raft.server.rpc.timeout.max = 5200ms (custom)
2021-08-18 00:05:26,103 [pool-373-thread-1] INFO  server.RaftServerConfigKeys (ConfUtils.java:logGet(44)) - raft.server.rpc.sleep.time = 25ms (default)
2021-08-18 00:05:26,103 [pool-373-thread-1] INFO  server.RaftServerConfigKeys (ConfUtils.java:logGet(44)) - raft.server.rpc.slowness.timeout = 300s (custom)
2021-08-18 00:05:26,103 [pool-373-thread-1] INFO  server.RaftServerConfigKeys (ConfUtils.java:logGet(44)) - raft.server.leaderelection.leader.step-down.wait-time = 10s (default)
2021-08-18 00:05:26,103 [pool-373-thread-1] INFO  server.RaftServerConfigKeys (ConfUtils.java:logGet(44)) - raft.server.sleep.deviation.threshold = 300ms (default)
2021-08-18 00:05:26,103 [pool-373-thread-1] INFO  server.RaftServerConfigKeys (ConfUtils.java:logGet(44)) - raft.server.log.appender.install.snapshot.enabled = false (custom)
2021-08-18 00:05:26,103 [pool-373-thread-1] INFO  server.RaftServer$Division (ServerState.java:<init>(105)) - d7f544bc-16cd-4de5-96c9-37820cb3981a@group-3E735BBBD292: ConfigurationManager, init=-1: [d7f544bc-16cd-4de5-96c9-37820cb3981a|rpc:10.1.0.4:36017|priority:1, e968ceb0-4b48-4455-969d-c37705d4e7f8|rpc:10.1.0.4:45809|priority:0, 3f5fdcdb-3920-48dc-9b27-ab3e73a64fa3|rpc:10.1.0.4:45579|priority:0], old=null, confs=<EMPTY_MAP>
2021-08-18 00:05:26,103 [pool-373-thread-1] INFO  server.RaftServerConfigKeys (ConfUtils.java:logGet(44)) - raft.server.storage.dir = [/home/runner/work/ozone/ozone/hadoop-ozone/integration-test/target/test-dir/MiniOzoneClusterImpl-b4dd0c3d-6691-419c-bf37-cebc6a2c258c/datanode-0/data/ratis] (custom)
2021-08-18 00:05:26,104 [pool-373-thread-1] INFO  server.RaftServerConfigKeys (ConfUtils.java:logGet(44)) - raft.server.log.corruption.policy = EXCEPTION (default)
2021-08-18 00:05:26,104 [pool-373-thread-1] INFO  server.RaftServerConfigKeys (ConfUtils.java:logGet(44)) - raft.server.storage.free-space.min = 0MB (=0) (default)
2021-08-18 00:05:26,104 [pool-373-thread-1] INFO  storage.RaftStorageDirectory (RaftStorageDirectoryImpl.java:analyzeStorage(135)) - The storage directory /home/runner/work/ozone/ozone/hadoop-ozone/integration-test/target/test-dir/MiniOzoneClusterImpl-b4dd0c3d-6691-419c-bf37-cebc6a2c258c/datanode-0/data/ratis/5218c443-b508-4997-b694-3e735bbbd292 does not exist. Creating ...
2021-08-18 00:05:26,100 [EventQueue-OpenPipelineForHealthyPipelineSafeModeRule] INFO  safemode.SCMSafeModeManager (HealthyPipelineSafeModeRule.java:process(124)) - SCM in safe mode. Healthy pipelines reported count is 0, required healthy pipeline reported count is 1
2021-08-18 00:05:26,105 [pool-373-thread-1] INFO  storage.RaftStorageDirectory (RaftStorageDirectoryImpl.java:tryLock(230)) - Lock on /home/runner/work/ozone/ozone/hadoop-ozone/integration-test/target/test-dir/MiniOzoneClusterImpl-b4dd0c3d-6691-419c-bf37-cebc6a2c258c/datanode-0/data/ratis/5218c443-b508-4997-b694-3e735bbbd292/in_use.lock acquired by nodename 22303@fv-az122-443
2021-08-18 00:05:26,107 [pool-373-thread-1] INFO  storage.RaftStorage (RaftStorageImpl.java:format(89)) - Storage directory /home/runner/work/ozone/ozone/hadoop-ozone/integration-test/target/test-dir/MiniOzoneClusterImpl-b4dd0c3d-6691-419c-bf37-cebc6a2c258c/datanode-0/data/ratis/5218c443-b508-4997-b694-3e735bbbd292 has been successfully formatted.
2021-08-18 00:05:26,107 [Datanode State Machine Thread - 0] WARN  statemachine.StateContext (StateContext.java:execute(621)) - No available thread in pool for past 1 seconds.
2021-08-18 00:05:26,109 [EventQueue-OpenPipelineForHealthyPipelineSafeModeRule] INFO  safemode.SCMSafeModeManager (HealthyPipelineSafeModeRule.java:process(124)) - SCM in safe mode. Healthy pipelines reported count is 0, required healthy pipeline reported count is 1
2021-08-18 00:05:26,110 [pool-373-thread-1] INFO  ratis.ContainerStateMachine (ContainerStateMachine.java:loadSnapshot(225)) - group-3E735BBBD292: The snapshot info is null. Setting the last applied indexto:(t:0, i:~)
2021-08-18 00:05:26,110 [pool-373-thread-1] INFO  server.RaftServerConfigKeys (ConfUtils.java:logGet(44)) - raft.server.notification.no-leader.timeout = 300s (custom)
2021-08-18 00:05:26,110 [pool-373-thread-1] INFO  server.RaftServerConfigKeys (ConfUtils.java:logGet(44)) - raft.server.log.use.memory = false (default)
2021-08-18 00:05:26,110 [pool-373-thread-1] INFO  server.RaftServerConfigKeys (ConfUtils.java:logGet(44)) - raft.server.log.purge.gap = 1000000 (custom)
2021-08-18 00:05:26,110 [pool-373-thread-1] INFO  server.RaftServerConfigKeys (ConfUtils.java:logGet(44)) - raft.server.log.appender.buffer.byte-limit = 33554432 (custom)
2021-08-18 00:05:26,110 [pool-373-thread-1] INFO  server.RaftServerConfigKeys (ConfUtils.java:logGet(44)) - raft.server.log.segment.size.max = 1048576 (custom)
2021-08-18 00:05:26,130 [pool-373-thread-1] INFO  server.RaftServerConfigKeys (ConfUtils.java:logGet(44)) - raft.server.log.segment.cache.num.max = 2 (custom)
2021-08-18 00:05:26,130 [pool-373-thread-1] INFO  server.RaftServerConfigKeys (ConfUtils.java:logGet(44)) - raft.server.log.segment.cache.size.max = 200MB (=209715200) (default)
2021-08-18 00:05:26,130 [pool-373-thread-1] INFO  segmented.SegmentedRaftLogWorker (SegmentedRaftLogWorker.java:<init>(182)) - new d7f544bc-16cd-4de5-96c9-37820cb3981a@group-3E735BBBD292-SegmentedRaftLogWorker for RaftStorageImpl:Storage Directory /home/runner/work/ozone/ozone/hadoop-ozone/integration-test/target/test-dir/MiniOzoneClusterImpl-b4dd0c3d-6691-419c-bf37-cebc6a2c258c/datanode-0/data/ratis/5218c443-b508-4997-b694-3e735bbbd292
2021-08-18 00:05:26,130 [pool-373-thread-1] INFO  server.RaftServerConfigKeys (ConfUtils.java:logGet(44)) - raft.server.log.queue.byte-limit = 2147483647 (custom)
2021-08-18 00:05:26,130 [pool-373-thread-1] INFO  server.RaftServerConfigKeys (ConfUtils.java:logGet(44)) - raft.server.log.queue.element-limit = 1024 (custom)
2021-08-18 00:05:26,130 [pool-373-thread-1] INFO  server.RaftServerConfigKeys (ConfUtils.java:logGet(44)) - raft.server.log.segment.size.max = 1048576 (custom)
2021-08-18 00:05:26,130 [pool-373-thread-1] INFO  server.RaftServerConfigKeys (ConfUtils.java:logGet(44)) - raft.server.log.preallocated.size = 16384 (custom)
2021-08-18 00:05:26,130 [pool-373-thread-1] INFO  server.RaftServerConfigKeys (ConfUtils.java:logGet(44)) - raft.server.log.force.sync.num = 128 (default)
2021-08-18 00:05:26,130 [pool-373-thread-1] INFO  server.RaftServerConfigKeys (ConfUtils.java:logGet(44)) - raft.server.log.statemachine.data.sync = true (default)
2021-08-18 00:05:26,130 [pool-373-thread-1] INFO  server.RaftServerConfigKeys (ConfUtils.java:logGet(44)) - raft.server.log.statemachine.data.sync.timeout = 10s (default)
2021-08-18 00:05:26,130 [pool-373-thread-1] INFO  server.RaftServerConfigKeys (ConfUtils.java:logGet(44)) - raft.server.log.statemachine.data.sync.timeout.retry = -1 (default)
2021-08-18 00:05:26,131 [pool-373-thread-1] INFO  server.RaftServerConfigKeys (ConfUtils.java:logGet(44)) - raft.server.log.write.buffer.size = 1048576 (custom)
2021-08-18 00:05:26,131 [pool-373-thread-1] INFO  server.RaftServerConfigKeys (ConfUtils.java:logGet(44)) - raft.server.log.statemachine.data.caching.enabled = true (custom)
2021-08-18 00:05:26,131 [pool-373-thread-1] INFO  segmented.SegmentedRaftLogWorker (SegmentedRaftLogWorker.java:lambda$new$0(133)) - d7f544bc-16cd-4de5-96c9-37820cb3981a@group-3E735BBBD292-SegmentedRaftLogWorker: flushIndex: setUnconditionally 0 -> -1
2021-08-18 00:05:26,132 [pool-373-thread-1] INFO  segmented.SegmentedRaftLogWorker (SegmentedRaftLogWorker.java:lambda$new$0(133)) - d7f544bc-16cd-4de5-96c9-37820cb3981a@group-3E735BBBD292-SegmentedRaftLogWorker: safeCacheEvictIndex: setUnconditionally 0 -> -1
2021-08-18 00:05:26,144 [pool-373-thread-1] INFO  server.RaftServerConfigKeys (ConfUtils.java:logGet(44)) - raft.server.snapshot.auto.trigger.enabled = true (custom)
2021-08-18 00:05:26,144 [pool-373-thread-1] INFO  server.RaftServerConfigKeys (ConfUtils.java:logGet(44)) - raft.server.snapshot.auto.trigger.threshold = 10000 (custom)
2021-08-18 00:05:26,144 [pool-373-thread-1] INFO  server.RaftServerConfigKeys (ConfUtils.java:logGet(44)) - raft.server.snapshot.retention.file.num = 5 (custom)
2021-08-18 00:05:26,144 [pool-373-thread-1] INFO  server.RaftServerConfigKeys (ConfUtils.java:logGet(44)) - raft.server.log.purge.upto.snapshot.index = false (default)
2021-08-18 00:05:26,144 [pool-373-thread-1] INFO  server.RaftServerConfigKeys (ConfUtils.java:logGet(44)) - raft.server.retrycache.expirytime = 600000ms (custom)
2021-08-18 00:05:26,144 [pool-373-thread-1] INFO  server.RaftServerConfigKeys (ConfUtils.java:logGet(44)) - raft.server.retrycache.statistics.expirytime = 100μs (default)
2021-08-18 00:05:26,145 [pool-373-thread-1] INFO  server.RaftServer$Division (RaftServerImpl.java:start(296)) - d7f544bc-16cd-4de5-96c9-37820cb3981a@group-3E735BBBD292: start as a follower, conf=-1: [d7f544bc-16cd-4de5-96c9-37820cb3981a|rpc:10.1.0.4:36017|priority:1, e968ceb0-4b48-4455-969d-c37705d4e7f8|rpc:10.1.0.4:45809|priority:0, 3f5fdcdb-3920-48dc-9b27-ab3e73a64fa3|rpc:10.1.0.4:45579|priority:0], old=null
2021-08-18 00:05:26,145 [pool-373-thread-1] INFO  server.RaftServer$Division (RaftServerImpl.java:setRole(285)) - d7f544bc-16cd-4de5-96c9-37820cb3981a@group-3E735BBBD292: changes role from      null to FOLLOWER at term 0 for startAsFollower
2021-08-18 00:05:26,145 [pool-373-thread-1] INFO  impl.RoleInfo (RoleInfo.java:updateAndGet(130)) - d7f544bc-16cd-4de5-96c9-37820cb3981a: start d7f544bc-16cd-4de5-96c9-37820cb3981a@group-3E735BBBD292-FollowerState
2021-08-18 00:05:26,145 [pool-373-thread-1] INFO  util.JmxRegister (JmxRegister.java:tryRegister(44)) - Successfully registered JMX Bean with object name Ratis:service=RaftServer,group=group-3E735BBBD292,id=d7f544bc-16cd-4de5-96c9-37820cb3981a
2021-08-18 00:05:26,146 [Command processor thread] INFO  ratis.XceiverServerRatis (XceiverServerRatis.java:addGroup(763)) - Created group PipelineID=5218c443-b508-4997-b694-3e735bbbd292
2021-08-18 00:05:26,203 [grpc-default-executor-0] INFO  server.RaftServer (RaftServerProxy.java:addNew(95)) - e968ceb0-4b48-4455-969d-c37705d4e7f8: addNew group-3E735BBBD292:[d7f544bc-16cd-4de5-96c9-37820cb3981a|rpc:10.1.0.4:36017|dataStream:|priority:1, e968ceb0-4b48-4455-969d-c37705d4e7f8|rpc:10.1.0.4:45809|dataStream:|priority:0, 3f5fdcdb-3920-48dc-9b27-ab3e73a64fa3|rpc:10.1.0.4:45579|dataStream:|priority:0] returns group-3E735BBBD292:java.util.concurrent.CompletableFuture@48678b90[Not completed]
2021-08-18 00:05:26,209 [pool-392-thread-1] INFO  server.RaftServer$Division (RaftServerImpl.java:<init>(181)) - e968ceb0-4b48-4455-969d-c37705d4e7f8: new RaftServerImpl for group-3E735BBBD292:[d7f544bc-16cd-4de5-96c9-37820cb3981a|rpc:10.1.0.4:36017|dataStream:|priority:1, e968ceb0-4b48-4455-969d-c37705d4e7f8|rpc:10.1.0.4:45809|dataStream:|priority:0, 3f5fdcdb-3920-48dc-9b27-ab3e73a64fa3|rpc:10.1.0.4:45579|dataStream:|priority:0] with ContainerStateMachine:uninitialized
2021-08-18 00:05:26,212 [pool-392-thread-1] INFO  server.RaftServerConfigKeys (ConfUtils.java:logGet(44)) - raft.server.rpc.timeout.min = 5s (custom)
2021-08-18 00:05:26,213 [pool-392-thread-1] INFO  server.RaftServerConfigKeys (ConfUtils.java:logGet(44)) - raft.server.rpc.timeout.max = 5200ms (custom)
2021-08-18 00:05:26,213 [pool-392-thread-1] INFO  server.RaftServerConfigKeys (ConfUtils.java:logGet(44)) - raft.server.rpc.sleep.time = 25ms (default)
2021-08-18 00:05:26,213 [pool-392-thread-1] INFO  server.RaftServerConfigKeys (ConfUtils.java:logGet(44)) - raft.server.rpc.slowness.timeout = 300s (custom)
2021-08-18 00:05:26,223 [pool-392-thread-1] INFO  server.RaftServerConfigKeys (ConfUtils.java:logGet(44)) - raft.server.leaderelection.leader.step-down.wait-time = 10s (default)
2021-08-18 00:05:26,223 [pool-392-thread-1] INFO  server.RaftServerConfigKeys (ConfUtils.java:logGet(44)) - raft.server.sleep.deviation.threshold = 300ms (default)
2021-08-18 00:05:26,223 [pool-392-thread-1] INFO  server.RaftServerConfigKeys (ConfUtils.java:logGet(44)) - raft.server.log.appender.install.snapshot.enabled = false (custom)
2021-08-18 00:05:26,223 [pool-392-thread-1] INFO  server.RaftServer$Division (ServerState.java:<init>(105)) - e968ceb0-4b48-4455-969d-c37705d4e7f8@group-3E735BBBD292: ConfigurationManager, init=-1: [d7f544bc-16cd-4de5-96c9-37820cb3981a|rpc:10.1.0.4:36017|dataStream:|priority:1, e968ceb0-4b48-4455-969d-c37705d4e7f8|rpc:10.1.0.4:45809|dataStream:|priority:0, 3f5fdcdb-3920-48dc-9b27-ab3e73a64fa3|rpc:10.1.0.4:45579|dataStream:|priority:0], old=null, confs=<EMPTY_MAP>
2021-08-18 00:05:26,223 [pool-392-thread-1] INFO  server.RaftServerConfigKeys (ConfUtils.java:logGet(44)) - raft.server.storage.dir = [/home/runner/work/ozone/ozone/hadoop-ozone/integration-test/target/test-dir/MiniOzoneClusterImpl-b4dd0c3d-6691-419c-bf37-cebc6a2c258c/datanode-1/data/ratis] (custom)
2021-08-18 00:05:26,223 [pool-392-thread-1] INFO  server.RaftServerConfigKeys (ConfUtils.java:logGet(44)) - raft.server.log.corruption.policy = EXCEPTION (default)
2021-08-18 00:05:26,223 [pool-392-thread-1] INFO  server.RaftServerConfigKeys (ConfUtils.java:logGet(44)) - raft.server.storage.free-space.min = 0MB (=0) (default)
2021-08-18 00:05:26,224 [pool-392-thread-1] INFO  storage.RaftStorageDirectory (RaftStorageDirectoryImpl.java:analyzeStorage(135)) - The storage directory /home/runner/work/ozone/ozone/hadoop-ozone/integration-test/target/test-dir/MiniOzoneClusterImpl-b4dd0c3d-6691-419c-bf37-cebc6a2c258c/datanode-1/data/ratis/5218c443-b508-4997-b694-3e735bbbd292 does not exist. Creating ...
2021-08-18 00:05:26,225 [pool-392-thread-1] INFO  storage.RaftStorageDirectory (RaftStorageDirectoryImpl.java:tryLock(230)) - Lock on /home/runner/work/ozone/ozone/hadoop-ozone/integration-test/target/test-dir/MiniOzoneClusterImpl-b4dd0c3d-6691-419c-bf37-cebc6a2c258c/datanode-1/data/ratis/5218c443-b508-4997-b694-3e735bbbd292/in_use.lock acquired by nodename 22303@fv-az122-443
2021-08-18 00:05:26,226 [pool-392-thread-1] INFO  storage.RaftStorage (RaftStorageImpl.java:format(89)) - Storage directory /home/runner/work/ozone/ozone/hadoop-ozone/integration-test/target/test-dir/MiniOzoneClusterImpl-b4dd0c3d-6691-419c-bf37-cebc6a2c258c/datanode-1/data/ratis/5218c443-b508-4997-b694-3e735bbbd292 has been successfully formatted.
2021-08-18 00:05:26,248 [pool-392-thread-1] INFO  ratis.ContainerStateMachine (ContainerStateMachine.java:loadSnapshot(225)) - group-3E735BBBD292: The snapshot info is null. Setting the last applied indexto:(t:0, i:~)
2021-08-18 00:05:26,249 [Datanode State Machine Thread - 0] WARN  statemachine.StateContext (StateContext.java:execute(621)) - No available thread in pool for past 1 seconds.
2021-08-18 00:05:26,249 [pool-392-thread-1] INFO  server.RaftServerConfigKeys (ConfUtils.java:logGet(44)) - raft.server.notification.no-leader.timeout = 300s (custom)
2021-08-18 00:05:26,249 [pool-392-thread-1] INFO  server.RaftServerConfigKeys (ConfUtils.java:logGet(44)) - raft.server.log.use.memory = false (default)
2021-08-18 00:05:26,249 [pool-392-thread-1] INFO  server.RaftServerConfigKeys (ConfUtils.java:logGet(44)) - raft.server.log.purge.gap = 1000000 (custom)
2021-08-18 00:05:26,249 [pool-392-thread-1] INFO  server.RaftServerConfigKeys (ConfUtils.java:logGet(44)) - raft.server.log.appender.buffer.byte-limit = 33554432 (custom)
2021-08-18 00:05:26,249 [pool-392-thread-1] INFO  server.RaftServerConfigKeys (ConfUtils.java:logGet(44)) - raft.server.log.segment.size.max = 1048576 (custom)
2021-08-18 00:05:26,249 [pool-392-thread-1] INFO  server.RaftServerConfigKeys (ConfUtils.java:logGet(44)) - raft.server.log.segment.cache.num.max = 2 (custom)
2021-08-18 00:05:26,249 [pool-392-thread-1] INFO  server.RaftServerConfigKeys (ConfUtils.java:logGet(44)) - raft.server.log.segment.cache.size.max = 200MB (=209715200) (default)
2021-08-18 00:05:26,250 [pool-392-thread-1] INFO  segmented.SegmentedRaftLogWorker (SegmentedRaftLogWorker.java:<init>(182)) - new e968ceb0-4b48-4455-969d-c37705d4e7f8@group-3E735BBBD292-SegmentedRaftLogWorker for RaftStorageImpl:Storage Directory /home/runner/work/ozone/ozone/hadoop-ozone/integration-test/target/test-dir/MiniOzoneClusterImpl-b4dd0c3d-6691-419c-bf37-cebc6a2c258c/datanode-1/data/ratis/5218c443-b508-4997-b694-3e735bbbd292
2021-08-18 00:05:26,250 [pool-392-thread-1] INFO  server.RaftServerConfigKeys (ConfUtils.java:logGet(44)) - raft.server.log.queue.byte-limit = 2147483647 (custom)
2021-08-18 00:05:26,250 [pool-392-thread-1] INFO  server.RaftServerConfigKeys (ConfUtils.java:logGet(44)) - raft.server.log.queue.element-limit = 1024 (custom)
2021-08-18 00:05:26,250 [pool-392-thread-1] INFO  server.RaftServerConfigKeys (ConfUtils.java:logGet(44)) - raft.server.log.segment.size.max = 1048576 (custom)
2021-08-18 00:05:26,250 [pool-392-thread-1] INFO  server.RaftServerConfigKeys (ConfUtils.java:logGet(44)) - raft.server.log.preallocated.size = 16384 (custom)
2021-08-18 00:05:26,250 [pool-392-thread-1] INFO  server.RaftServerConfigKeys (ConfUtils.java:logGet(44)) - raft.server.log.force.sync.num = 128 (default)
2021-08-18 00:05:26,250 [pool-392-thread-1] INFO  server.RaftServerConfigKeys (ConfUtils.java:logGet(44)) - raft.server.log.statemachine.data.sync = true (default)
2021-08-18 00:05:26,250 [pool-392-thread-1] INFO  server.RaftServerConfigKeys (ConfUtils.java:logGet(44)) - raft.server.log.statemachine.data.sync.timeout = 10s (default)
2021-08-18 00:05:26,250 [pool-392-thread-1] INFO  server.RaftServerConfigKeys (ConfUtils.java:logGet(44)) - raft.server.log.statemachine.data.sync.timeout.retry = -1 (default)
2021-08-18 00:05:26,251 [pool-392-thread-1] INFO  server.RaftServerConfigKeys (ConfUtils.java:logGet(44)) - raft.server.log.write.buffer.size = 1048576 (custom)
2021-08-18 00:05:26,251 [pool-392-thread-1] INFO  server.RaftServerConfigKeys (ConfUtils.java:logGet(44)) - raft.server.log.statemachine.data.caching.enabled = true (custom)
2021-08-18 00:05:26,251 [pool-392-thread-1] INFO  segmented.SegmentedRaftLogWorker (SegmentedRaftLogWorker.java:lambda$new$0(133)) - e968ceb0-4b48-4455-969d-c37705d4e7f8@group-3E735BBBD292-SegmentedRaftLogWorker: flushIndex: setUnconditionally 0 -> -1
2021-08-18 00:05:26,252 [pool-392-thread-1] INFO  segmented.SegmentedRaftLogWorker (SegmentedRaftLogWorker.java:lambda$new$0(133)) - e968ceb0-4b48-4455-969d-c37705d4e7f8@group-3E735BBBD292-SegmentedRaftLogWorker: safeCacheEvictIndex: setUnconditionally 0 -> -1
2021-08-18 00:05:26,268 [pool-392-thread-1] INFO  server.RaftServerConfigKeys (ConfUtils.java:logGet(44)) - raft.server.snapshot.auto.trigger.enabled = true (custom)
2021-08-18 00:05:26,269 [pool-392-thread-1] INFO  server.RaftServerConfigKeys (ConfUtils.java:logGet(44)) - raft.server.snapshot.auto.trigger.threshold = 10000 (custom)
2021-08-18 00:05:26,269 [pool-392-thread-1] INFO  server.RaftServerConfigKeys (ConfUtils.java:logGet(44)) - raft.server.snapshot.retention.file.num = 5 (custom)
2021-08-18 00:05:26,269 [pool-392-thread-1] INFO  server.RaftServerConfigKeys (ConfUtils.java:logGet(44)) - raft.server.log.purge.upto.snapshot.index = false (default)
2021-08-18 00:05:26,269 [pool-392-thread-1] INFO  server.RaftServerConfigKeys (ConfUtils.java:logGet(44)) - raft.server.retrycache.expirytime = 600000ms (custom)
2021-08-18 00:05:26,269 [pool-392-thread-1] INFO  server.RaftServerConfigKeys (ConfUtils.java:logGet(44)) - raft.server.retrycache.statistics.expirytime = 100μs (default)
2021-08-18 00:05:26,270 [pool-392-thread-1] INFO  server.RaftServer$Division (RaftServerImpl.java:start(296)) - e968ceb0-4b48-4455-969d-c37705d4e7f8@group-3E735BBBD292: start as a follower, conf=-1: [d7f544bc-16cd-4de5-96c9-37820cb3981a|rpc:10.1.0.4:36017|dataStream:|priority:1, e968ceb0-4b48-4455-969d-c37705d4e7f8|rpc:10.1.0.4:45809|dataStream:|priority:0, 3f5fdcdb-3920-48dc-9b27-ab3e73a64fa3|rpc:10.1.0.4:45579|dataStream:|priority:0], old=null
2021-08-18 00:05:26,273 [pool-392-thread-1] INFO  server.RaftServer$Division (RaftServerImpl.java:setRole(285)) - e968ceb0-4b48-4455-969d-c37705d4e7f8@group-3E735BBBD292: changes role from      null to FOLLOWER at term 0 for startAsFollower
2021-08-18 00:05:26,273 [pool-392-thread-1] INFO  impl.RoleInfo (RoleInfo.java:updateAndGet(130)) - e968ceb0-4b48-4455-969d-c37705d4e7f8: start e968ceb0-4b48-4455-969d-c37705d4e7f8@group-3E735BBBD292-FollowerState
2021-08-18 00:05:26,292 [pool-392-thread-1] INFO  util.JmxRegister (JmxRegister.java:tryRegister(44)) - Successfully registered JMX Bean with object name Ratis:service=RaftServer,group=group-3E735BBBD292,id=e968ceb0-4b48-4455-969d-c37705d4e7f8
2021-08-18 00:05:26,313 [Listener at 127.0.0.1/46821] INFO  ozone.MiniOzoneClusterImpl (MiniOzoneClusterImpl.java:lambda$waitForClusterToBeReady$0(235)) - Nodes are ready. Got 3 of 3 DN Heartbeats.
2021-08-18 00:05:26,314 [Listener at 127.0.0.1/46821] INFO  ozone.MiniOzoneClusterImpl (MiniOzoneClusterImpl.java:lambda$waitForClusterToBeReady$0(238)) - Waiting for cluster to exit safe mode
2021-08-18 00:05:26,314 [Listener at 127.0.0.1/46821] INFO  ozone.MiniOzoneClusterImpl (MiniOzoneClusterImpl.java:lambda$waitForClusterToBeReady$0(240)) - SCM became leader
2021-08-18 00:05:26,400 [grpc-default-executor-0] INFO  server.RaftServer (RaftServerProxy.java:addNew(95)) - 3f5fdcdb-3920-48dc-9b27-ab3e73a64fa3: addNew group-3E735BBBD292:[d7f544bc-16cd-4de5-96c9-37820cb3981a|rpc:10.1.0.4:36017|dataStream:|priority:1, e968ceb0-4b48-4455-969d-c37705d4e7f8|rpc:10.1.0.4:45809|dataStream:|priority:0, 3f5fdcdb-3920-48dc-9b27-ab3e73a64fa3|rpc:10.1.0.4:45579|dataStream:|priority:0] returns group-3E735BBBD292:java.util.concurrent.CompletableFuture@441b18e2[Not completed]
2021-08-18 00:05:26,401 [pool-411-thread-1] INFO  server.RaftServer$Division (RaftServerImpl.java:<init>(181)) - 3f5fdcdb-3920-48dc-9b27-ab3e73a64fa3: new RaftServerImpl for group-3E735BBBD292:[d7f544bc-16cd-4de5-96c9-37820cb3981a|rpc:10.1.0.4:36017|dataStream:|priority:1, e968ceb0-4b48-4455-969d-c37705d4e7f8|rpc:10.1.0.4:45809|dataStream:|priority:0, 3f5fdcdb-3920-48dc-9b27-ab3e73a64fa3|rpc:10.1.0.4:45579|dataStream:|priority:0] with ContainerStateMachine:uninitialized
2021-08-18 00:05:26,480 [pool-411-thread-1] INFO  server.RaftServerConfigKeys (ConfUtils.java:logGet(44)) - raft.server.rpc.timeout.min = 5s (custom)
2021-08-18 00:05:26,480 [pool-411-thread-1] INFO  server.RaftServerConfigKeys (ConfUtils.java:logGet(44)) - raft.server.rpc.timeout.max = 5200ms (custom)
2021-08-18 00:05:26,480 [pool-411-thread-1] INFO  server.RaftServerConfigKeys (ConfUtils.java:logGet(44)) - raft.server.rpc.sleep.time = 25ms (default)
2021-08-18 00:05:26,480 [pool-411-thread-1] INFO  server.RaftServerConfigKeys (ConfUtils.java:logGet(44)) - raft.server.rpc.slowness.timeout = 300s (custom)
2021-08-18 00:05:26,480 [pool-411-thread-1] INFO  server.RaftServerConfigKeys (ConfUtils.java:logGet(44)) - raft.server.leaderelection.leader.step-down.wait-time = 10s (default)
2021-08-18 00:05:26,480 [pool-411-thread-1] INFO  server.RaftServerConfigKeys (ConfUtils.java:logGet(44)) - raft.server.sleep.deviation.threshold = 300ms (default)
2021-08-18 00:05:26,480 [pool-411-thread-1] INFO  server.RaftServerConfigKeys (ConfUtils.java:logGet(44)) - raft.server.log.appender.install.snapshot.enabled = false (custom)
2021-08-18 00:05:26,480 [pool-411-thread-1] INFO  server.RaftServer$Division (ServerState.java:<init>(105)) - 3f5fdcdb-3920-48dc-9b27-ab3e73a64fa3@group-3E735BBBD292: ConfigurationManager, init=-1: [d7f544bc-16cd-4de5-96c9-37820cb3981a|rpc:10.1.0.4:36017|dataStream:|priority:1, e968ceb0-4b48-4455-969d-c37705d4e7f8|rpc:10.1.0.4:45809|dataStream:|priority:0, 3f5fdcdb-3920-48dc-9b27-ab3e73a64fa3|rpc:10.1.0.4:45579|dataStream:|priority:0], old=null, confs=<EMPTY_MAP>
2021-08-18 00:05:26,480 [pool-411-thread-1] INFO  server.RaftServerConfigKeys (ConfUtils.java:logGet(44)) - raft.server.storage.dir = [/home/runner/work/ozone/ozone/hadoop-ozone/integration-test/target/test-dir/MiniOzoneClusterImpl-b4dd0c3d-6691-419c-bf37-cebc6a2c258c/datanode-2/data/ratis] (custom)
2021-08-18 00:05:26,480 [pool-411-thread-1] INFO  server.RaftServerConfigKeys (ConfUtils.java:logGet(44)) - raft.server.log.corruption.policy = EXCEPTION (default)
2021-08-18 00:05:26,480 [pool-411-thread-1] INFO  server.RaftServerConfigKeys (ConfUtils.java:logGet(44)) - raft.server.storage.free-space.min = 0MB (=0) (default)
2021-08-18 00:05:26,516 [pool-411-thread-1] INFO  storage.RaftStorageDirectory (RaftStorageDirectoryImpl.java:analyzeStorage(135)) - The storage directory /home/runner/work/ozone/ozone/hadoop-ozone/integration-test/target/test-dir/MiniOzoneClusterImpl-b4dd0c3d-6691-419c-bf37-cebc6a2c258c/datanode-2/data/ratis/5218c443-b508-4997-b694-3e735bbbd292 does not exist. Creating ...
2021-08-18 00:05:26,522 [pool-411-thread-1] INFO  storage.RaftStorageDirectory (RaftStorageDirectoryImpl.java:tryLock(230)) - Lock on /home/runner/work/ozone/ozone/hadoop-ozone/integration-test/target/test-dir/MiniOzoneClusterImpl-b4dd0c3d-6691-419c-bf37-cebc6a2c258c/datanode-2/data/ratis/5218c443-b508-4997-b694-3e735bbbd292/in_use.lock acquired by nodename 22303@fv-az122-443
2021-08-18 00:05:26,540 [pool-411-thread-1] INFO  storage.RaftStorage (RaftStorageImpl.java:format(89)) - Storage directory /home/runner/work/ozone/ozone/hadoop-ozone/integration-test/target/test-dir/MiniOzoneClusterImpl-b4dd0c3d-6691-419c-bf37-cebc6a2c258c/datanode-2/data/ratis/5218c443-b508-4997-b694-3e735bbbd292 has been successfully formatted.
2021-08-18 00:05:26,557 [pool-411-thread-1] INFO  ratis.ContainerStateMachine (ContainerStateMachine.java:loadSnapshot(225)) - group-3E735BBBD292: The snapshot info is null. Setting the last applied indexto:(t:0, i:~)
2021-08-18 00:05:26,557 [Datanode State Machine Thread - 0] WARN  statemachine.StateContext (StateContext.java:execute(621)) - No available thread in pool for past 1 seconds.
2021-08-18 00:05:26,557 [pool-411-thread-1] INFO  server.RaftServerConfigKeys (ConfUtils.java:logGet(44)) - raft.server.notification.no-leader.timeout = 300s (custom)
2021-08-18 00:05:26,557 [pool-411-thread-1] INFO  server.RaftServerConfigKeys (ConfUtils.java:logGet(44)) - raft.server.log.use.memory = false (default)
2021-08-18 00:05:26,558 [pool-411-thread-1] INFO  server.RaftServerConfigKeys (ConfUtils.java:logGet(44)) - raft.server.log.purge.gap = 1000000 (custom)
2021-08-18 00:05:26,558 [pool-411-thread-1] INFO  server.RaftServerConfigKeys (ConfUtils.java:logGet(44)) - raft.server.log.appender.buffer.byte-limit = 33554432 (custom)
2021-08-18 00:05:26,558 [pool-411-thread-1] INFO  server.RaftServerConfigKeys (ConfUtils.java:logGet(44)) - raft.server.log.segment.size.max = 1048576 (custom)
2021-08-18 00:05:26,559 [pool-411-thread-1] INFO  server.RaftServerConfigKeys (ConfUtils.java:logGet(44)) - raft.server.log.segment.cache.num.max = 2 (custom)
2021-08-18 00:05:26,559 [pool-411-thread-1] INFO  server.RaftServerConfigKeys (ConfUtils.java:logGet(44)) - raft.server.log.segment.cache.size.max = 200MB (=209715200) (default)
2021-08-18 00:05:26,559 [pool-411-thread-1] INFO  segmented.SegmentedRaftLogWorker (SegmentedRaftLogWorker.java:<init>(182)) - new 3f5fdcdb-3920-48dc-9b27-ab3e73a64fa3@group-3E735BBBD292-SegmentedRaftLogWorker for RaftStorageImpl:Storage Directory /home/runner/work/ozone/ozone/hadoop-ozone/integration-test/target/test-dir/MiniOzoneClusterImpl-b4dd0c3d-6691-419c-bf37-cebc6a2c258c/datanode-2/data/ratis/5218c443-b508-4997-b694-3e735bbbd292
2021-08-18 00:05:26,559 [pool-411-thread-1] INFO  server.RaftServerConfigKeys (ConfUtils.java:logGet(44)) - raft.server.log.queue.byte-limit = 2147483647 (custom)
2021-08-18 00:05:26,559 [pool-411-thread-1] INFO  server.RaftServerConfigKeys (ConfUtils.java:logGet(44)) - raft.server.log.queue.element-limit = 1024 (custom)
2021-08-18 00:05:26,559 [pool-411-thread-1] INFO  server.RaftServerConfigKeys (ConfUtils.java:logGet(44)) - raft.server.log.segment.size.max = 1048576 (custom)
2021-08-18 00:05:26,559 [pool-411-thread-1] INFO  server.RaftServerConfigKeys (ConfUtils.java:logGet(44)) - raft.server.log.preallocated.size = 16384 (custom)
2021-08-18 00:05:26,559 [pool-411-thread-1] INFO  server.RaftServerConfigKeys (ConfUtils.java:logGet(44)) - raft.server.log.force.sync.num = 128 (default)
2021-08-18 00:05:26,559 [pool-411-thread-1] INFO  server.RaftServerConfigKeys (ConfUtils.java:logGet(44)) - raft.server.log.statemachine.data.sync = true (default)
2021-08-18 00:05:26,559 [pool-411-thread-1] INFO  server.RaftServerConfigKeys (ConfUtils.java:logGet(44)) - raft.server.log.statemachine.data.sync.timeout = 10s (default)
2021-08-18 00:05:26,559 [pool-411-thread-1] INFO  server.RaftServerConfigKeys (ConfUtils.java:logGet(44)) - raft.server.log.statemachine.data.sync.timeout.retry = -1 (default)
2021-08-18 00:05:26,560 [pool-411-thread-1] INFO  server.RaftServerConfigKeys (ConfUtils.java:logGet(44)) - raft.server.log.write.buffer.size = 1048576 (custom)
2021-08-18 00:05:26,560 [pool-411-thread-1] INFO  server.RaftServerConfigKeys (ConfUtils.java:logGet(44)) - raft.server.log.statemachine.data.caching.enabled = true (custom)
2021-08-18 00:05:26,588 [pool-411-thread-1] INFO  segmented.SegmentedRaftLogWorker (SegmentedRaftLogWorker.java:lambda$new$0(133)) - 3f5fdcdb-3920-48dc-9b27-ab3e73a64fa3@group-3E735BBBD292-SegmentedRaftLogWorker: flushIndex: setUnconditionally 0 -> -1
2021-08-18 00:05:26,588 [pool-411-thread-1] INFO  segmented.SegmentedRaftLogWorker (SegmentedRaftLogWorker.java:lambda$new$0(133)) - 3f5fdcdb-3920-48dc-9b27-ab3e73a64fa3@group-3E735BBBD292-SegmentedRaftLogWorker: safeCacheEvictIndex: setUnconditionally 0 -> -1
2021-08-18 00:05:26,592 [pool-411-thread-1] INFO  server.RaftServerConfigKeys (ConfUtils.java:logGet(44)) - raft.server.snapshot.auto.trigger.enabled = true (custom)
2021-08-18 00:05:26,592 [pool-411-thread-1] INFO  server.RaftServerConfigKeys (ConfUtils.java:logGet(44)) - raft.server.snapshot.auto.trigger.threshold = 10000 (custom)
2021-08-18 00:05:26,593 [pool-411-thread-1] INFO  server.RaftServerConfigKeys (ConfUtils.java:logGet(44)) - raft.server.snapshot.retention.file.num = 5 (custom)
2021-08-18 00:05:26,593 [pool-411-thread-1] INFO  server.RaftServerConfigKeys (ConfUtils.java:logGet(44)) - raft.server.log.purge.upto.snapshot.index = false (default)
2021-08-18 00:05:26,593 [pool-411-thread-1] INFO  server.RaftServerConfigKeys (ConfUtils.java:logGet(44)) - raft.server.retrycache.expirytime = 600000ms (custom)
2021-08-18 00:05:26,593 [pool-411-thread-1] INFO  server.RaftServerConfigKeys (ConfUtils.java:logGet(44)) - raft.server.retrycache.statistics.expirytime = 100μs (default)
2021-08-18 00:05:26,594 [pool-411-thread-1] INFO  server.RaftServer$Division (RaftServerImpl.java:start(296)) - 3f5fdcdb-3920-48dc-9b27-ab3e73a64fa3@group-3E735BBBD292: start as a follower, conf=-1: [d7f544bc-16cd-4de5-96c9-37820cb3981a|rpc:10.1.0.4:36017|dataStream:|priority:1, e968ceb0-4b48-4455-969d-c37705d4e7f8|rpc:10.1.0.4:45809|dataStream:|priority:0, 3f5fdcdb-3920-48dc-9b27-ab3e73a64fa3|rpc:10.1.0.4:45579|dataStream:|priority:0], old=null
2021-08-18 00:05:26,594 [pool-411-thread-1] INFO  server.RaftServer$Division (RaftServerImpl.java:setRole(285)) - 3f5fdcdb-3920-48dc-9b27-ab3e73a64fa3@group-3E735BBBD292: changes role from      null to FOLLOWER at term 0 for startAsFollower
2021-08-18 00:05:26,594 [pool-411-thread-1] INFO  impl.RoleInfo (RoleInfo.java:updateAndGet(130)) - 3f5fdcdb-3920-48dc-9b27-ab3e73a64fa3: start 3f5fdcdb-3920-48dc-9b27-ab3e73a64fa3@group-3E735BBBD292-FollowerState
2021-08-18 00:05:26,608 [pool-411-thread-1] INFO  util.JmxRegister (JmxRegister.java:tryRegister(44)) - Successfully registered JMX Bean with object name Ratis:service=RaftServer,group=group-3E735BBBD292,id=3f5fdcdb-3920-48dc-9b27-ab3e73a64fa3
2021-08-18 00:05:26,661 [Command processor thread] INFO  server.RaftServer (RaftServerProxy.java:addNew(95)) - e968ceb0-4b48-4455-969d-c37705d4e7f8: addNew group-7B91CF591A3B:[e968ceb0-4b48-4455-969d-c37705d4e7f8|rpc:10.1.0.4:45809|priority:1] returns group-7B91CF591A3B:java.util.concurrent.CompletableFuture@2366998d[Not completed]
2021-08-18 00:05:26,668 [pool-392-thread-1] INFO  server.RaftServer$Division (RaftServerImpl.java:<init>(181)) - e968ceb0-4b48-4455-969d-c37705d4e7f8: new RaftServerImpl for group-7B91CF591A3B:[e968ceb0-4b48-4455-969d-c37705d4e7f8|rpc:10.1.0.4:45809|priority:1] with ContainerStateMachine:uninitialized
2021-08-18 00:05:26,669 [pool-392-thread-1] INFO  server.RaftServerConfigKeys (ConfUtils.java:logGet(44)) - raft.server.rpc.timeout.min = 5s (custom)
2021-08-18 00:05:26,669 [pool-392-thread-1] INFO  server.RaftServerConfigKeys (ConfUtils.java:logGet(44)) - raft.server.rpc.timeout.max = 5200ms (custom)
2021-08-18 00:05:26,669 [pool-392-thread-1] INFO  server.RaftServerConfigKeys (ConfUtils.java:logGet(44)) - raft.server.rpc.sleep.time = 25ms (default)
2021-08-18 00:05:26,669 [pool-392-thread-1] INFO  server.RaftServerConfigKeys (ConfUtils.java:logGet(44)) - raft.server.rpc.slowness.timeout = 300s (custom)
2021-08-18 00:05:26,669 [pool-392-thread-1] INFO  server.RaftServerConfigKeys (ConfUtils.java:logGet(44)) - raft.server.leaderelection.leader.step-down.wait-time = 10s (default)
2021-08-18 00:05:26,669 [pool-392-thread-1] INFO  server.RaftServerConfigKeys (ConfUtils.java:logGet(44)) - raft.server.sleep.deviation.threshold = 300ms (default)
2021-08-18 00:05:26,669 [pool-392-thread-1] INFO  server.RaftServerConfigKeys (ConfUtils.java:logGet(44)) - raft.server.log.appender.install.snapshot.enabled = false (custom)
2021-08-18 00:05:26,669 [pool-392-thread-1] INFO  server.RaftServer$Division (ServerState.java:<init>(105)) - e968ceb0-4b48-4455-969d-c37705d4e7f8@group-7B91CF591A3B: ConfigurationManager, init=-1: [e968ceb0-4b48-4455-969d-c37705d4e7f8|rpc:10.1.0.4:45809|priority:1], old=null, confs=<EMPTY_MAP>
2021-08-18 00:05:26,669 [pool-392-thread-1] INFO  server.RaftServerConfigKeys (ConfUtils.java:logGet(44)) - raft.server.storage.dir = [/home/runner/work/ozone/ozone/hadoop-ozone/integration-test/target/test-dir/MiniOzoneClusterImpl-b4dd0c3d-6691-419c-bf37-cebc6a2c258c/datanode-1/data/ratis] (custom)
2021-08-18 00:05:26,669 [pool-392-thread-1] INFO  server.RaftServerConfigKeys (ConfUtils.java:logGet(44)) - raft.server.log.corruption.policy = EXCEPTION (default)
2021-08-18 00:05:26,669 [pool-392-thread-1] INFO  server.RaftServerConfigKeys (ConfUtils.java:logGet(44)) - raft.server.storage.free-space.min = 0MB (=0) (default)
2021-08-18 00:05:26,669 [pool-392-thread-1] INFO  storage.RaftStorageDirectory (RaftStorageDirectoryImpl.java:analyzeStorage(135)) - The storage directory /home/runner/work/ozone/ozone/hadoop-ozone/integration-test/target/test-dir/MiniOzoneClusterImpl-b4dd0c3d-6691-419c-bf37-cebc6a2c258c/datanode-1/data/ratis/a19828b8-0903-42e7-8d30-7b91cf591a3b does not exist. Creating ...
2021-08-18 00:05:26,676 [pool-392-thread-1] INFO  storage.RaftStorageDirectory (RaftStorageDirectoryImpl.java:tryLock(230)) - Lock on /home/runner/work/ozone/ozone/hadoop-ozone/integration-test/target/test-dir/MiniOzoneClusterImpl-b4dd0c3d-6691-419c-bf37-cebc6a2c258c/datanode-1/data/ratis/a19828b8-0903-42e7-8d30-7b91cf591a3b/in_use.lock acquired by nodename 22303@fv-az122-443
2021-08-18 00:05:26,686 [Command processor thread] INFO  commandhandler.CreatePipelineCommandHandler (CreatePipelineCommandHandler.java:handle(106)) - Created Pipeline RATIS THREE PipelineID=5218c443-b508-4997-b694-3e735bbbd292.
2021-08-18 00:05:26,686 [Command processor thread] INFO  server.RaftServer (RaftServerProxy.java:addNew(95)) - d7f544bc-16cd-4de5-96c9-37820cb3981a: addNew group-BDD2E274C814:[d7f544bc-16cd-4de5-96c9-37820cb3981a|rpc:10.1.0.4:36017|priority:0, e968ceb0-4b48-4455-969d-c37705d4e7f8|rpc:10.1.0.4:45809|priority:1, 3f5fdcdb-3920-48dc-9b27-ab3e73a64fa3|rpc:10.1.0.4:45579|priority:0] returns group-BDD2E274C814:java.util.concurrent.CompletableFuture@70fe13f9[Not completed]
2021-08-18 00:05:26,732 [pool-392-thread-1] INFO  storage.RaftStorage (RaftStorageImpl.java:format(89)) - Storage directory /home/runner/work/ozone/ozone/hadoop-ozone/integration-test/target/test-dir/MiniOzoneClusterImpl-b4dd0c3d-6691-419c-bf37-cebc6a2c258c/datanode-1/data/ratis/a19828b8-0903-42e7-8d30-7b91cf591a3b has been successfully formatted.
2021-08-18 00:05:26,733 [pool-392-thread-1] INFO  ratis.ContainerStateMachine (ContainerStateMachine.java:loadSnapshot(225)) - group-7B91CF591A3B: The snapshot info is null. Setting the last applied indexto:(t:0, i:~)
2021-08-18 00:05:26,733 [Datanode State Machine Thread - 0] WARN  statemachine.StateContext (StateContext.java:execute(621)) - No available thread in pool for past 1 seconds.
2021-08-18 00:05:26,733 [pool-392-thread-1] INFO  server.RaftServerConfigKeys (ConfUtils.java:logGet(44)) - raft.server.notification.no-leader.timeout = 300s (custom)
2021-08-18 00:05:26,733 [pool-392-thread-1] INFO  server.RaftServerConfigKeys (ConfUtils.java:logGet(44)) - raft.server.log.use.memory = false (default)
2021-08-18 00:05:26,733 [pool-392-thread-1] INFO  server.RaftServerConfigKeys (ConfUtils.java:logGet(44)) - raft.server.log.purge.gap = 1000000 (custom)
2021-08-18 00:05:26,733 [pool-392-thread-1] INFO  server.RaftServerConfigKeys (ConfUtils.java:logGet(44)) - raft.server.log.appender.buffer.byte-limit = 33554432 (custom)
2021-08-18 00:05:26,733 [pool-392-thread-1] INFO  server.RaftServerConfigKeys (ConfUtils.java:logGet(44)) - raft.server.log.segment.size.max = 1048576 (custom)
2021-08-18 00:05:26,733 [pool-392-thread-1] INFO  server.RaftServerConfigKeys (ConfUtils.java:logGet(44)) - raft.server.log.segment.cache.num.max = 2 (custom)
2021-08-18 00:05:26,733 [pool-392-thread-1] INFO  server.RaftServerConfigKeys (ConfUtils.java:logGet(44)) - raft.server.log.segment.cache.size.max = 200MB (=209715200) (default)
2021-08-18 00:05:26,734 [pool-392-thread-1] INFO  segmented.SegmentedRaftLogWorker (SegmentedRaftLogWorker.java:<init>(182)) - new e968ceb0-4b48-4455-969d-c37705d4e7f8@group-7B91CF591A3B-SegmentedRaftLogWorker for RaftStorageImpl:Storage Directory /home/runner/work/ozone/ozone/hadoop-ozone/integration-test/target/test-dir/MiniOzoneClusterImpl-b4dd0c3d-6691-419c-bf37-cebc6a2c258c/datanode-1/data/ratis/a19828b8-0903-42e7-8d30-7b91cf591a3b
2021-08-18 00:05:26,734 [pool-392-thread-1] INFO  server.RaftServerConfigKeys (ConfUtils.java:logGet(44)) - raft.server.log.queue.byte-limit = 2147483647 (custom)
2021-08-18 00:05:26,734 [pool-392-thread-1] INFO  server.RaftServerConfigKeys (ConfUtils.java:logGet(44)) - raft.server.log.queue.element-limit = 1024 (custom)
2021-08-18 00:05:26,734 [pool-392-thread-1] INFO  server.RaftServerConfigKeys (ConfUtils.java:logGet(44)) - raft.server.log.segment.size.max = 1048576 (custom)
2021-08-18 00:05:26,734 [pool-392-thread-1] INFO  server.RaftServerConfigKeys (ConfUtils.java:logGet(44)) - raft.server.log.preallocated.size = 16384 (custom)
2021-08-18 00:05:26,734 [pool-392-thread-1] INFO  server.RaftServerConfigKeys (ConfUtils.java:logGet(44)) - raft.server.log.force.sync.num = 128 (default)
2021-08-18 00:05:26,734 [pool-392-thread-1] INFO  server.RaftServerConfigKeys (ConfUtils.java:logGet(44)) - raft.server.log.statemachine.data.sync = true (default)
2021-08-18 00:05:26,734 [pool-392-thread-1] INFO  server.RaftServerConfigKeys (ConfUtils.java:logGet(44)) - raft.server.log.statemachine.data.sync.timeout = 10s (default)
2021-08-18 00:05:26,734 [pool-392-thread-1] INFO  server.RaftServerConfigKeys (ConfUtils.java:logGet(44)) - raft.server.log.statemachine.data.sync.timeout.retry = -1 (default)
2021-08-18 00:05:26,734 [pool-392-thread-1] INFO  server.RaftServerConfigKeys (ConfUtils.java:logGet(44)) - raft.server.log.write.buffer.size = 1048576 (custom)
2021-08-18 00:05:26,737 [pool-392-thread-1] INFO  server.RaftServerConfigKeys (ConfUtils.java:logGet(44)) - raft.server.log.statemachine.data.caching.enabled = true (custom)
2021-08-18 00:05:26,739 [pool-392-thread-1] INFO  segmented.SegmentedRaftLogWorker (SegmentedRaftLogWorker.java:lambda$new$0(133)) - e968ceb0-4b48-4455-969d-c37705d4e7f8@group-7B91CF591A3B-SegmentedRaftLogWorker: flushIndex: setUnconditionally 0 -> -1
2021-08-18 00:05:26,739 [pool-392-thread-1] INFO  segmented.SegmentedRaftLogWorker (SegmentedRaftLogWorker.java:lambda$new$0(133)) - e968ceb0-4b48-4455-969d-c37705d4e7f8@group-7B91CF591A3B-SegmentedRaftLogWorker: safeCacheEvictIndex: setUnconditionally 0 -> -1
2021-08-18 00:05:26,740 [pool-392-thread-1] INFO  server.RaftServerConfigKeys (ConfUtils.java:logGet(44)) - raft.server.snapshot.auto.trigger.enabled = true (custom)
2021-08-18 00:05:26,740 [pool-392-thread-1] INFO  server.RaftServerConfigKeys (ConfUtils.java:logGet(44)) - raft.server.snapshot.auto.trigger.threshold = 10000 (custom)
2021-08-18 00:05:26,741 [pool-392-thread-1] INFO  server.RaftServerConfigKeys (ConfUtils.java:logGet(44)) - raft.server.snapshot.retention.file.num = 5 (custom)
2021-08-18 00:05:26,741 [pool-392-thread-1] INFO  server.RaftServerConfigKeys (ConfUtils.java:logGet(44)) - raft.server.log.purge.upto.snapshot.index = false (default)
2021-08-18 00:05:26,741 [pool-392-thread-1] INFO  server.RaftServerConfigKeys (ConfUtils.java:logGet(44)) - raft.server.retrycache.expirytime = 600000ms (custom)
2021-08-18 00:05:26,741 [pool-392-thread-1] INFO  server.RaftServerConfigKeys (ConfUtils.java:logGet(44)) - raft.server.retrycache.statistics.expirytime = 100μs (default)
2021-08-18 00:05:26,747 [pool-373-thread-1] INFO  server.RaftServer$Division (RaftServerImpl.java:<init>(181)) - d7f544bc-16cd-4de5-96c9-37820cb3981a: new RaftServerImpl for group-BDD2E274C814:[d7f544bc-16cd-4de5-96c9-37820cb3981a|rpc:10.1.0.4:36017|priority:0, e968ceb0-4b48-4455-969d-c37705d4e7f8|rpc:10.1.0.4:45809|priority:1, 3f5fdcdb-3920-48dc-9b27-ab3e73a64fa3|rpc:10.1.0.4:45579|priority:0] with ContainerStateMachine:uninitialized
2021-08-18 00:05:26,747 [pool-373-thread-1] INFO  server.RaftServerConfigKeys (ConfUtils.java:logGet(44)) - raft.server.rpc.timeout.min = 5s (custom)
2021-08-18 00:05:26,747 [pool-373-thread-1] INFO  server.RaftServerConfigKeys (ConfUtils.java:logGet(44)) - raft.server.rpc.timeout.max = 5200ms (custom)
2021-08-18 00:05:26,747 [pool-373-thread-1] INFO  server.RaftServerConfigKeys (ConfUtils.java:logGet(44)) - raft.server.rpc.sleep.time = 25ms (default)
2021-08-18 00:05:26,748 [pool-373-thread-1] INFO  server.RaftServerConfigKeys (ConfUtils.java:logGet(44)) - raft.server.rpc.slowness.timeout = 300s (custom)
2021-08-18 00:05:26,748 [pool-373-thread-1] INFO  server.RaftServerConfigKeys (ConfUtils.java:logGet(44)) - raft.server.leaderelection.leader.step-down.wait-time = 10s (default)
2021-08-18 00:05:26,748 [pool-373-thread-1] INFO  server.RaftServerConfigKeys (ConfUtils.java:logGet(44)) - raft.server.sleep.deviation.threshold = 300ms (default)
2021-08-18 00:05:26,748 [pool-373-thread-1] INFO  server.RaftServerConfigKeys (ConfUtils.java:logGet(44)) - raft.server.log.appender.install.snapshot.enabled = false (custom)
2021-08-18 00:05:26,748 [pool-373-thread-1] INFO  server.RaftServer$Division (ServerState.java:<init>(105)) - d7f544bc-16cd-4de5-96c9-37820cb3981a@group-BDD2E274C814: ConfigurationManager, init=-1: [d7f544bc-16cd-4de5-96c9-37820cb3981a|rpc:10.1.0.4:36017|priority:0, e968ceb0-4b48-4455-969d-c37705d4e7f8|rpc:10.1.0.4:45809|priority:1, 3f5fdcdb-3920-48dc-9b27-ab3e73a64fa3|rpc:10.1.0.4:45579|priority:0], old=null, confs=<EMPTY_MAP>
2021-08-18 00:05:26,748 [pool-373-thread-1] INFO  server.RaftServerConfigKeys (ConfUtils.java:logGet(44)) - raft.server.storage.dir = [/home/runner/work/ozone/ozone/hadoop-ozone/integration-test/target/test-dir/MiniOzoneClusterImpl-b4dd0c3d-6691-419c-bf37-cebc6a2c258c/datanode-0/data/ratis] (custom)
2021-08-18 00:05:26,748 [pool-373-thread-1] INFO  server.RaftServerConfigKeys (ConfUtils.java:logGet(44)) - raft.server.log.corruption.policy = EXCEPTION (default)
2021-08-18 00:05:26,748 [pool-373-thread-1] INFO  server.RaftServerConfigKeys (ConfUtils.java:logGet(44)) - raft.server.storage.free-space.min = 0MB (=0) (default)
2021-08-18 00:05:26,748 [pool-373-thread-1] INFO  storage.RaftStorageDirectory (RaftStorageDirectoryImpl.java:analyzeStorage(135)) - The storage directory /home/runner/work/ozone/ozone/hadoop-ozone/integration-test/target/test-dir/MiniOzoneClusterImpl-b4dd0c3d-6691-419c-bf37-cebc6a2c258c/datanode-0/data/ratis/2f7aaf04-0f0e-48f7-954c-bdd2e274c814 does not exist. Creating ...
2021-08-18 00:05:26,750 [pool-392-thread-1] INFO  server.RaftServer$Division (RaftServerImpl.java:start(296)) - e968ceb0-4b48-4455-969d-c37705d4e7f8@group-7B91CF591A3B: start as a follower, conf=-1: [e968ceb0-4b48-4455-969d-c37705d4e7f8|rpc:10.1.0.4:45809|priority:1], old=null
2021-08-18 00:05:26,750 [pool-392-thread-1] INFO  server.RaftServer$Division (RaftServerImpl.java:setRole(285)) - e968ceb0-4b48-4455-969d-c37705d4e7f8@group-7B91CF591A3B: changes role from      null to FOLLOWER at term 0 for startAsFollower
2021-08-18 00:05:26,750 [pool-392-thread-1] INFO  impl.RoleInfo (RoleInfo.java:updateAndGet(130)) - e968ceb0-4b48-4455-969d-c37705d4e7f8: start e968ceb0-4b48-4455-969d-c37705d4e7f8@group-7B91CF591A3B-FollowerState
2021-08-18 00:05:26,754 [pool-373-thread-1] INFO  storage.RaftStorageDirectory (RaftStorageDirectoryImpl.java:tryLock(230)) - Lock on /home/runner/work/ozone/ozone/hadoop-ozone/integration-test/target/test-dir/MiniOzoneClusterImpl-b4dd0c3d-6691-419c-bf37-cebc6a2c258c/datanode-0/data/ratis/2f7aaf04-0f0e-48f7-954c-bdd2e274c814/in_use.lock acquired by nodename 22303@fv-az122-443
2021-08-18 00:05:26,757 [pool-373-thread-1] INFO  storage.RaftStorage (RaftStorageImpl.java:format(89)) - Storage directory /home/runner/work/ozone/ozone/hadoop-ozone/integration-test/target/test-dir/MiniOzoneClusterImpl-b4dd0c3d-6691-419c-bf37-cebc6a2c258c/datanode-0/data/ratis/2f7aaf04-0f0e-48f7-954c-bdd2e274c814 has been successfully formatted.
2021-08-18 00:05:26,776 [pool-373-thread-1] INFO  ratis.ContainerStateMachine (ContainerStateMachine.java:loadSnapshot(225)) - group-BDD2E274C814: The snapshot info is null. Setting the last applied indexto:(t:0, i:~)
2021-08-18 00:05:26,777 [pool-392-thread-1] INFO  util.JmxRegister (JmxRegister.java:tryRegister(44)) - Successfully registered JMX Bean with object name Ratis:service=RaftServer,group=group-7B91CF591A3B,id=e968ceb0-4b48-4455-969d-c37705d4e7f8
2021-08-18 00:05:26,778 [EventQueue-PipelineReportForPipelineReportHandler] INFO  pipeline.PipelineManagerImpl (PipelineManagerImpl.java:openPipeline(283)) - Pipeline Pipeline[ Id: a19828b8-0903-42e7-8d30-7b91cf591a3b, Nodes: e968ceb0-4b48-4455-969d-c37705d4e7f8{ip: 10.1.0.4, host: fv-az122-443.zf1tlrj3kn4expqppa1j4mpycf.xx.internal.cloudapp.net, ports: [REPLICATION=42953, RATIS=45809, RATIS_ADMIN=45809, RATIS_SERVER=45809, STANDALONE=38793], networkLocation: /default-rack, certSerialId: null, persistedOpState: IN_SERVICE, persistedOpStateExpiryEpochSec: 0}, ReplicationConfig: RATIS/ONE, State:ALLOCATED, leaderId:e968ceb0-4b48-4455-969d-c37705d4e7f8, CreationTimestamp2021-08-18T00:05:23.674Z[Etc/UTC]] moved to OPEN state
2021-08-18 00:05:26,778 [EventQueue-OpenPipelineForHealthyPipelineSafeModeRule] INFO  safemode.SCMSafeModeManager (HealthyPipelineSafeModeRule.java:process(124)) - SCM in safe mode. Healthy pipelines reported count is 0, required healthy pipeline reported count is 1
2021-08-18 00:05:26,785 [Command processor thread] INFO  ratis.XceiverServerRatis (XceiverServerRatis.java:addGroup(763)) - Created group PipelineID=a19828b8-0903-42e7-8d30-7b91cf591a3b
2021-08-18 00:05:26,786 [Command processor thread] INFO  commandhandler.CreatePipelineCommandHandler (CreatePipelineCommandHandler.java:handle(106)) - Created Pipeline RATIS ONE PipelineID=a19828b8-0903-42e7-8d30-7b91cf591a3b.
2021-08-18 00:05:26,786 [Command processor thread] INFO  server.RaftServer (RaftServerProxy.java:addNew(95)) - e968ceb0-4b48-4455-969d-c37705d4e7f8: addNew group-BDD2E274C814:[d7f544bc-16cd-4de5-96c9-37820cb3981a|rpc:10.1.0.4:36017|priority:0, e968ceb0-4b48-4455-969d-c37705d4e7f8|rpc:10.1.0.4:45809|priority:1, 3f5fdcdb-3920-48dc-9b27-ab3e73a64fa3|rpc:10.1.0.4:45579|priority:0] returns group-BDD2E274C814:java.util.concurrent.CompletableFuture@2da17391[Not completed]
2021-08-18 00:05:26,788 [pool-392-thread-1] INFO  server.RaftServer$Division (RaftServerImpl.java:<init>(181)) - e968ceb0-4b48-4455-969d-c37705d4e7f8: new RaftServerImpl for group-BDD2E274C814:[d7f544bc-16cd-4de5-96c9-37820cb3981a|rpc:10.1.0.4:36017|priority:0, e968ceb0-4b48-4455-969d-c37705d4e7f8|rpc:10.1.0.4:45809|priority:1, 3f5fdcdb-3920-48dc-9b27-ab3e73a64fa3|rpc:10.1.0.4:45579|priority:0] with ContainerStateMachine:uninitialized
2021-08-18 00:05:26,788 [pool-392-thread-1] INFO  server.RaftServerConfigKeys (ConfUtils.java:logGet(44)) - raft.server.rpc.timeout.min = 5s (custom)
2021-08-18 00:05:26,788 [pool-392-thread-1] INFO  server.RaftServerConfigKeys (ConfUtils.java:logGet(44)) - raft.server.rpc.timeout.max = 5200ms (custom)
2021-08-18 00:05:26,788 [pool-392-thread-1] INFO  server.RaftServerConfigKeys (ConfUtils.java:logGet(44)) - raft.server.rpc.sleep.time = 25ms (default)
2021-08-18 00:05:26,788 [pool-392-thread-1] INFO  server.RaftServerConfigKeys (ConfUtils.java:logGet(44)) - raft.server.rpc.slowness.timeout = 300s (custom)
2021-08-18 00:05:26,788 [pool-392-thread-1] INFO  server.RaftServerConfigKeys (ConfUtils.java:logGet(44)) - raft.server.leaderelection.leader.step-down.wait-time = 10s (default)
2021-08-18 00:05:26,788 [pool-392-thread-1] INFO  server.RaftServerConfigKeys (ConfUtils.java:logGet(44)) - raft.server.sleep.deviation.threshold = 300ms (default)
2021-08-18 00:05:26,788 [pool-392-thread-1] INFO  server.RaftServerConfigKeys (ConfUtils.java:logGet(44)) - raft.server.log.appender.install.snapshot.enabled = false (custom)
2021-08-18 00:05:26,788 [pool-392-thread-1] INFO  server.RaftServer$Division (ServerState.java:<init>(105)) - e968ceb0-4b48-4455-969d-c37705d4e7f8@group-BDD2E274C814: ConfigurationManager, init=-1: [d7f544bc-16cd-4de5-96c9-37820cb3981a|rpc:10.1.0.4:36017|priority:0, e968ceb0-4b48-4455-969d-c37705d4e7f8|rpc:10.1.0.4:45809|priority:1, 3f5fdcdb-3920-48dc-9b27-ab3e73a64fa3|rpc:10.1.0.4:45579|priority:0], old=null, confs=<EMPTY_MAP>
2021-08-18 00:05:26,788 [pool-392-thread-1] INFO  server.RaftServerConfigKeys (ConfUtils.java:logGet(44)) - raft.server.storage.dir = [/home/runner/work/ozone/ozone/hadoop-ozone/integration-test/target/test-dir/MiniOzoneClusterImpl-b4dd0c3d-6691-419c-bf37-cebc6a2c258c/datanode-1/data/ratis] (custom)
2021-08-18 00:05:26,789 [pool-392-thread-1] INFO  server.RaftServerConfigKeys (ConfUtils.java:logGet(44)) - raft.server.log.corruption.policy = EXCEPTION (default)
2021-08-18 00:05:26,789 [pool-392-thread-1] INFO  server.RaftServerConfigKeys (ConfUtils.java:logGet(44)) - raft.server.storage.free-space.min = 0MB (=0) (default)
2021-08-18 00:05:26,789 [pool-392-thread-1] INFO  storage.RaftStorageDirectory (RaftStorageDirectoryImpl.java:analyzeStorage(135)) - The storage directory /home/runner/work/ozone/ozone/hadoop-ozone/integration-test/target/test-dir/MiniOzoneClusterImpl-b4dd0c3d-6691-419c-bf37-cebc6a2c258c/datanode-1/data/ratis/2f7aaf04-0f0e-48f7-954c-bdd2e274c814 does not exist. Creating ...
2021-08-18 00:05:26,790 [pool-392-thread-1] INFO  storage.RaftStorageDirectory (RaftStorageDirectoryImpl.java:tryLock(230)) - Lock on /home/runner/work/ozone/ozone/hadoop-ozone/integration-test/target/test-dir/MiniOzoneClusterImpl-b4dd0c3d-6691-419c-bf37-cebc6a2c258c/datanode-1/data/ratis/2f7aaf04-0f0e-48f7-954c-bdd2e274c814/in_use.lock acquired by nodename 22303@fv-az122-443
2021-08-18 00:05:26,791 [pool-392-thread-1] INFO  storage.RaftStorage (RaftStorageImpl.java:format(89)) - Storage directory /home/runner/work/ozone/ozone/hadoop-ozone/integration-test/target/test-dir/MiniOzoneClusterImpl-b4dd0c3d-6691-419c-bf37-cebc6a2c258c/datanode-1/data/ratis/2f7aaf04-0f0e-48f7-954c-bdd2e274c814 has been successfully formatted.
2021-08-18 00:05:26,791 [pool-392-thread-1] INFO  ratis.ContainerStateMachine (ContainerStateMachine.java:loadSnapshot(225)) - group-BDD2E274C814: The snapshot info is null. Setting the last applied indexto:(t:0, i:~)
2021-08-18 00:05:26,791 [Datanode State Machine Thread - 0] WARN  statemachine.StateContext (StateContext.java:execute(621)) - No available thread in pool for past 1 seconds.
2021-08-18 00:05:26,791 [pool-392-thread-1] INFO  server.RaftServerConfigKeys (ConfUtils.java:logGet(44)) - raft.server.notification.no-leader.timeout = 300s (custom)
2021-08-18 00:05:26,791 [pool-392-thread-1] INFO  server.RaftServerConfigKeys (ConfUtils.java:logGet(44)) - raft.server.log.use.memory = false (default)
2021-08-18 00:05:26,791 [pool-392-thread-1] INFO  server.RaftServerConfigKeys (ConfUtils.java:logGet(44)) - raft.server.log.purge.gap = 1000000 (custom)
2021-08-18 00:05:26,791 [pool-392-thread-1] INFO  server.RaftServerConfigKeys (ConfUtils.java:logGet(44)) - raft.server.log.appender.buffer.byte-limit = 33554432 (custom)
2021-08-18 00:05:26,791 [pool-392-thread-1] INFO  server.RaftServerConfigKeys (ConfUtils.java:logGet(44)) - raft.server.log.segment.size.max = 1048576 (custom)
2021-08-18 00:05:26,792 [pool-392-thread-1] INFO  server.RaftServerConfigKeys (ConfUtils.java:logGet(44)) - raft.server.log.segment.cache.num.max = 2 (custom)
2021-08-18 00:05:26,792 [pool-392-thread-1] INFO  server.RaftServerConfigKeys (ConfUtils.java:logGet(44)) - raft.server.log.segment.cache.size.max = 200MB (=209715200) (default)
2021-08-18 00:05:26,792 [pool-392-thread-1] INFO  segmented.SegmentedRaftLogWorker (SegmentedRaftLogWorker.java:<init>(182)) - new e968ceb0-4b48-4455-969d-c37705d4e7f8@group-BDD2E274C814-SegmentedRaftLogWorker for RaftStorageImpl:Storage Directory /home/runner/work/ozone/ozone/hadoop-ozone/integration-test/target/test-dir/MiniOzoneClusterImpl-b4dd0c3d-6691-419c-bf37-cebc6a2c258c/datanode-1/data/ratis/2f7aaf04-0f0e-48f7-954c-bdd2e274c814
2021-08-18 00:05:26,792 [pool-392-thread-1] INFO  server.RaftServerConfigKeys (ConfUtils.java:logGet(44)) - raft.server.log.queue.byte-limit = 2147483647 (custom)
2021-08-18 00:05:26,792 [pool-392-thread-1] INFO  server.RaftServerConfigKeys (ConfUtils.java:logGet(44)) - raft.server.log.queue.element-limit = 1024 (custom)
2021-08-18 00:05:26,792 [pool-392-thread-1] INFO  server.RaftServerConfigKeys (ConfUtils.java:logGet(44)) - raft.server.log.segment.size.max = 1048576 (custom)
2021-08-18 00:05:26,792 [EventQueue-OpenPipelineForHealthyPipelineSafeModeRule] INFO  safemode.SCMSafeModeManager (HealthyPipelineSafeModeRule.java:process(124)) - SCM in safe mode. Healthy pipelines reported count is 0, required healthy pipeline reported count is 1
2021-08-18 00:05:26,792 [pool-392-thread-1] INFO  server.RaftServerConfigKeys (ConfUtils.java:logGet(44)) - raft.server.log.preallocated.size = 16384 (custom)
2021-08-18 00:05:26,792 [pool-392-thread-1] INFO  server.RaftServerConfigKeys (ConfUtils.java:logGet(44)) - raft.server.log.force.sync.num = 128 (default)
2021-08-18 00:05:26,792 [pool-392-thread-1] INFO  server.RaftServerConfigKeys (ConfUtils.java:logGet(44)) - raft.server.log.statemachine.data.sync = true (default)
2021-08-18 00:05:26,793 [pool-392-thread-1] INFO  server.RaftServerConfigKeys (ConfUtils.java:logGet(44)) - raft.server.log.statemachine.data.sync.timeout = 10s (default)
2021-08-18 00:05:26,793 [pool-392-thread-1] INFO  server.RaftServerConfigKeys (ConfUtils.java:logGet(44)) - raft.server.log.statemachine.data.sync.timeout.retry = -1 (default)
2021-08-18 00:05:26,793 [pool-392-thread-1] INFO  server.RaftServerConfigKeys (ConfUtils.java:logGet(44)) - raft.server.log.write.buffer.size = 1048576 (custom)
2021-08-18 00:05:26,794 [pool-392-thread-1] INFO  server.RaftServerConfigKeys (ConfUtils.java:logGet(44)) - raft.server.log.statemachine.data.caching.enabled = true (custom)
2021-08-18 00:05:26,794 [pool-392-thread-1] INFO  segmented.SegmentedRaftLogWorker (SegmentedRaftLogWorker.java:lambda$new$0(133)) - e968ceb0-4b48-4455-969d-c37705d4e7f8@group-BDD2E274C814-SegmentedRaftLogWorker: flushIndex: setUnconditionally 0 -> -1
2021-08-18 00:05:26,794 [pool-392-thread-1] INFO  segmented.SegmentedRaftLogWorker (SegmentedRaftLogWorker.java:lambda$new$0(133)) - e968ceb0-4b48-4455-969d-c37705d4e7f8@group-BDD2E274C814-SegmentedRaftLogWorker: safeCacheEvictIndex: setUnconditionally 0 -> -1
2021-08-18 00:05:26,796 [pool-392-thread-1] INFO  server.RaftServerConfigKeys (ConfUtils.java:logGet(44)) - raft.server.snapshot.auto.trigger.enabled = true (custom)
2021-08-18 00:05:26,796 [pool-392-thread-1] INFO  server.RaftServerConfigKeys (ConfUtils.java:logGet(44)) - raft.server.snapshot.auto.trigger.threshold = 10000 (custom)
2021-08-18 00:05:26,796 [pool-392-thread-1] INFO  server.RaftServerConfigKeys (ConfUtils.java:logGet(44)) - raft.server.snapshot.retention.file.num = 5 (custom)
2021-08-18 00:05:26,797 [pool-392-thread-1] INFO  server.RaftServerConfigKeys (ConfUtils.java:logGet(44)) - raft.server.log.purge.upto.snapshot.index = false (default)
2021-08-18 00:05:26,797 [pool-392-thread-1] INFO  server.RaftServerConfigKeys (ConfUtils.java:logGet(44)) - raft.server.retrycache.expirytime = 600000ms (custom)
2021-08-18 00:05:26,797 [pool-392-thread-1] INFO  server.RaftServerConfigKeys (ConfUtils.java:logGet(44)) - raft.server.retrycache.statistics.expirytime = 100μs (default)
2021-08-18 00:05:26,798 [pool-392-thread-1] INFO  server.RaftServer$Division (RaftServerImpl.java:start(296)) - e968ceb0-4b48-4455-969d-c37705d4e7f8@group-BDD2E274C814: start as a follower, conf=-1: [d7f544bc-16cd-4de5-96c9-37820cb3981a|rpc:10.1.0.4:36017|priority:0, e968ceb0-4b48-4455-969d-c37705d4e7f8|rpc:10.1.0.4:45809|priority:1, 3f5fdcdb-3920-48dc-9b27-ab3e73a64fa3|rpc:10.1.0.4:45579|priority:0], old=null
2021-08-18 00:05:26,798 [pool-392-thread-1] INFO  server.RaftServer$Division (RaftServerImpl.java:setRole(285)) - e968ceb0-4b48-4455-969d-c37705d4e7f8@group-BDD2E274C814: changes role from      null to FOLLOWER at term 0 for startAsFollower
2021-08-18 00:05:26,798 [pool-392-thread-1] INFO  impl.RoleInfo (RoleInfo.java:updateAndGet(130)) - e968ceb0-4b48-4455-969d-c37705d4e7f8: start e968ceb0-4b48-4455-969d-c37705d4e7f8@group-BDD2E274C814-FollowerState
2021-08-18 00:05:26,804 [pool-392-thread-1] INFO  util.JmxRegister (JmxRegister.java:tryRegister(44)) - Successfully registered JMX Bean with object name Ratis:service=RaftServer,group=group-BDD2E274C814,id=e968ceb0-4b48-4455-969d-c37705d4e7f8
2021-08-18 00:05:26,808 [Command processor thread] INFO  ratis.XceiverServerRatis (XceiverServerRatis.java:addGroup(763)) - Created group PipelineID=2f7aaf04-0f0e-48f7-954c-bdd2e274c814
2021-08-18 00:05:26,811 [Datanode State Machine Thread - 0] WARN  statemachine.StateContext (StateContext.java:execute(621)) - No available thread in pool for past 1 seconds.
2021-08-18 00:05:26,817 [pool-373-thread-1] INFO  server.RaftServerConfigKeys (ConfUtils.java:logGet(44)) - raft.server.notification.no-leader.timeout = 300s (custom)
2021-08-18 00:05:26,817 [pool-373-thread-1] INFO  server.RaftServerConfigKeys (ConfUtils.java:logGet(44)) - raft.server.log.use.memory = false (default)
2021-08-18 00:05:26,817 [pool-373-thread-1] INFO  server.RaftServerConfigKeys (ConfUtils.java:logGet(44)) - raft.server.log.purge.gap = 1000000 (custom)
2021-08-18 00:05:26,817 [pool-373-thread-1] INFO  server.RaftServerConfigKeys (ConfUtils.java:logGet(44)) - raft.server.log.appender.buffer.byte-limit = 33554432 (custom)
2021-08-18 00:05:26,817 [pool-373-thread-1] INFO  server.RaftServerConfigKeys (ConfUtils.java:logGet(44)) - raft.server.log.segment.size.max = 1048576 (custom)
2021-08-18 00:05:26,818 [pool-373-thread-1] INFO  server.RaftServerConfigKeys (ConfUtils.java:logGet(44)) - raft.server.log.segment.cache.num.max = 2 (custom)
2021-08-18 00:05:26,818 [pool-373-thread-1] INFO  server.RaftServerConfigKeys (ConfUtils.java:logGet(44)) - raft.server.log.segment.cache.size.max = 200MB (=209715200) (default)
2021-08-18 00:05:26,818 [pool-373-thread-1] INFO  segmented.SegmentedRaftLogWorker (SegmentedRaftLogWorker.java:<init>(182)) - new d7f544bc-16cd-4de5-96c9-37820cb3981a@group-BDD2E274C814-SegmentedRaftLogWorker for RaftStorageImpl:Storage Directory /home/runner/work/ozone/ozone/hadoop-ozone/integration-test/target/test-dir/MiniOzoneClusterImpl-b4dd0c3d-6691-419c-bf37-cebc6a2c258c/datanode-0/data/ratis/2f7aaf04-0f0e-48f7-954c-bdd2e274c814
2021-08-18 00:05:26,818 [pool-373-thread-1] INFO  server.RaftServerConfigKeys (ConfUtils.java:logGet(44)) - raft.server.log.queue.byte-limit = 2147483647 (custom)
2021-08-18 00:05:26,818 [pool-373-thread-1] INFO  server.RaftServerConfigKeys (ConfUtils.java:logGet(44)) - raft.server.log.queue.element-limit = 1024 (custom)
2021-08-18 00:05:26,818 [pool-373-thread-1] INFO  server.RaftServerConfigKeys (ConfUtils.java:logGet(44)) - raft.server.log.segment.size.max = 1048576 (custom)
2021-08-18 00:05:26,818 [pool-373-thread-1] INFO  server.RaftServerConfigKeys (ConfUtils.java:logGet(44)) - raft.server.log.preallocated.size = 16384 (custom)
2021-08-18 00:05:26,818 [pool-373-thread-1] INFO  server.RaftServerConfigKeys (ConfUtils.java:logGet(44)) - raft.server.log.force.sync.num = 128 (default)
2021-08-18 00:05:26,818 [pool-373-thread-1] INFO  server.RaftServerConfigKeys (ConfUtils.java:logGet(44)) - raft.server.log.statemachine.data.sync = true (default)
2021-08-18 00:05:26,818 [pool-373-thread-1] INFO  server.RaftServerConfigKeys (ConfUtils.java:logGet(44)) - raft.server.log.statemachine.data.sync.timeout = 10s (default)
2021-08-18 00:05:26,818 [pool-373-thread-1] INFO  server.RaftServerConfigKeys (ConfUtils.java:logGet(44)) - raft.server.log.statemachine.data.sync.timeout.retry = -1 (default)
2021-08-18 00:05:26,851 [pool-373-thread-1] INFO  server.RaftServerConfigKeys (ConfUtils.java:logGet(44)) - raft.server.log.write.buffer.size = 1048576 (custom)
2021-08-18 00:05:26,851 [pool-373-thread-1] INFO  server.RaftServerConfigKeys (ConfUtils.java:logGet(44)) - raft.server.log.statemachine.data.caching.enabled = true (custom)
2021-08-18 00:05:26,852 [pool-373-thread-1] INFO  segmented.SegmentedRaftLogWorker (SegmentedRaftLogWorker.java:lambda$new$0(133)) - d7f544bc-16cd-4de5-96c9-37820cb3981a@group-BDD2E274C814-SegmentedRaftLogWorker: flushIndex: setUnconditionally 0 -> -1
2021-08-18 00:05:26,852 [pool-373-thread-1] INFO  segmented.SegmentedRaftLogWorker (SegmentedRaftLogWorker.java:lambda$new$0(133)) - d7f544bc-16cd-4de5-96c9-37820cb3981a@group-BDD2E274C814-SegmentedRaftLogWorker: safeCacheEvictIndex: setUnconditionally 0 -> -1
2021-08-18 00:05:26,853 [EventQueue-OpenPipelineForHealthyPipelineSafeModeRule] INFO  safemode.SCMSafeModeManager (HealthyPipelineSafeModeRule.java:process(124)) - SCM in safe mode. Healthy pipelines reported count is 0, required healthy pipeline reported count is 1
2021-08-18 00:05:26,876 [pool-373-thread-1] INFO  server.RaftServerConfigKeys (ConfUtils.java:logGet(44)) - raft.server.snapshot.auto.trigger.enabled = true (custom)
2021-08-18 00:05:26,877 [pool-373-thread-1] INFO  server.RaftServerConfigKeys (ConfUtils.java:logGet(44)) - raft.server.snapshot.auto.trigger.threshold = 10000 (custom)
2021-08-18 00:05:26,877 [pool-373-thread-1] INFO  server.RaftServerConfigKeys (ConfUtils.java:logGet(44)) - raft.server.snapshot.retention.file.num = 5 (custom)
2021-08-18 00:05:26,877 [pool-373-thread-1] INFO  server.RaftServerConfigKeys (ConfUtils.java:logGet(44)) - raft.server.log.purge.upto.snapshot.index = false (default)
2021-08-18 00:05:26,877 [pool-373-thread-1] INFO  server.RaftServerConfigKeys (ConfUtils.java:logGet(44)) - raft.server.retrycache.expirytime = 600000ms (custom)
2021-08-18 00:05:26,877 [pool-373-thread-1] INFO  server.RaftServerConfigKeys (ConfUtils.java:logGet(44)) - raft.server.retrycache.statistics.expirytime = 100μs (default)
2021-08-18 00:05:26,878 [pool-373-thread-1] INFO  server.RaftServer$Division (RaftServerImpl.java:start(296)) - d7f544bc-16cd-4de5-96c9-37820cb3981a@group-BDD2E274C814: start as a follower, conf=-1: [d7f544bc-16cd-4de5-96c9-37820cb3981a|rpc:10.1.0.4:36017|priority:0, e968ceb0-4b48-4455-969d-c37705d4e7f8|rpc:10.1.0.4:45809|priority:1, 3f5fdcdb-3920-48dc-9b27-ab3e73a64fa3|rpc:10.1.0.4:45579|priority:0], old=null
2021-08-18 00:05:26,878 [pool-373-thread-1] INFO  server.RaftServer$Division (RaftServerImpl.java:setRole(285)) - d7f544bc-16cd-4de5-96c9-37820cb3981a@group-BDD2E274C814: changes role from      null to FOLLOWER at term 0 for startAsFollower
2021-08-18 00:05:26,878 [pool-373-thread-1] INFO  impl.RoleInfo (RoleInfo.java:updateAndGet(130)) - d7f544bc-16cd-4de5-96c9-37820cb3981a: start d7f544bc-16cd-4de5-96c9-37820cb3981a@group-BDD2E274C814-FollowerState
2021-08-18 00:05:26,880 [pool-373-thread-1] INFO  util.JmxRegister (JmxRegister.java:tryRegister(44)) - Successfully registered JMX Bean with object name Ratis:service=RaftServer,group=group-BDD2E274C814,id=d7f544bc-16cd-4de5-96c9-37820cb3981a
2021-08-18 00:05:26,885 [Command processor thread] INFO  ratis.XceiverServerRatis (XceiverServerRatis.java:addGroup(763)) - Created group PipelineID=2f7aaf04-0f0e-48f7-954c-bdd2e274c814
2021-08-18 00:05:26,903 [grpc-default-executor-0] INFO  server.RaftServer (RaftServerProxy.java:addNew(95)) - 3f5fdcdb-3920-48dc-9b27-ab3e73a64fa3: addNew group-BDD2E274C814:[d7f544bc-16cd-4de5-96c9-37820cb3981a|rpc:10.1.0.4:36017|dataStream:|priority:0, e968ceb0-4b48-4455-969d-c37705d4e7f8|rpc:10.1.0.4:45809|dataStream:|priority:1, 3f5fdcdb-3920-48dc-9b27-ab3e73a64fa3|rpc:10.1.0.4:45579|dataStream:|priority:0] returns group-BDD2E274C814:java.util.concurrent.CompletableFuture@683c2f4d[Not completed]
2021-08-18 00:05:26,903 [pool-411-thread-1] INFO  server.RaftServer$Division (RaftServerImpl.java:<init>(181)) - 3f5fdcdb-3920-48dc-9b27-ab3e73a64fa3: new RaftServerImpl for group-BDD2E274C814:[d7f544bc-16cd-4de5-96c9-37820cb3981a|rpc:10.1.0.4:36017|dataStream:|priority:0, e968ceb0-4b48-4455-969d-c37705d4e7f8|rpc:10.1.0.4:45809|dataStream:|priority:1, 3f5fdcdb-3920-48dc-9b27-ab3e73a64fa3|rpc:10.1.0.4:45579|dataStream:|priority:0] with ContainerStateMachine:uninitialized
2021-08-18 00:05:26,903 [pool-411-thread-1] INFO  server.RaftServerConfigKeys (ConfUtils.java:logGet(44)) - raft.server.rpc.timeout.min = 5s (custom)
2021-08-18 00:05:26,903 [pool-411-thread-1] INFO  server.RaftServerConfigKeys (ConfUtils.java:logGet(44)) - raft.server.rpc.timeout.max = 5200ms (custom)
2021-08-18 00:05:26,903 [pool-411-thread-1] INFO  server.RaftServerConfigKeys (ConfUtils.java:logGet(44)) - raft.server.rpc.sleep.time = 25ms (default)
2021-08-18 00:05:26,903 [pool-411-thread-1] INFO  server.RaftServerConfigKeys (ConfUtils.java:logGet(44)) - raft.server.rpc.slowness.timeout = 300s (custom)
2021-08-18 00:05:26,904 [pool-411-thread-1] INFO  server.RaftServerConfigKeys (ConfUtils.java:logGet(44)) - raft.server.leaderelection.leader.step-down.wait-time = 10s (default)
2021-08-18 00:05:26,904 [pool-411-thread-1] INFO  server.RaftServerConfigKeys (ConfUtils.java:logGet(44)) - raft.server.sleep.deviation.threshold = 300ms (default)
2021-08-18 00:05:26,904 [pool-411-thread-1] INFO  server.RaftServerConfigKeys (ConfUtils.java:logGet(44)) - raft.server.log.appender.install.snapshot.enabled = false (custom)
2021-08-18 00:05:26,904 [pool-411-thread-1] INFO  server.RaftServer$Division (ServerState.java:<init>(105)) - 3f5fdcdb-3920-48dc-9b27-ab3e73a64fa3@group-BDD2E274C814: ConfigurationManager, init=-1: [d7f544bc-16cd-4de5-96c9-37820cb3981a|rpc:10.1.0.4:36017|dataStream:|priority:0, e968ceb0-4b48-4455-969d-c37705d4e7f8|rpc:10.1.0.4:45809|dataStream:|priority:1, 3f5fdcdb-3920-48dc-9b27-ab3e73a64fa3|rpc:10.1.0.4:45579|dataStream:|priority:0], old=null, confs=<EMPTY_MAP>
2021-08-18 00:05:26,904 [pool-411-thread-1] INFO  server.RaftServerConfigKeys (ConfUtils.java:logGet(44)) - raft.server.storage.dir = [/home/runner/work/ozone/ozone/hadoop-ozone/integration-test/target/test-dir/MiniOzoneClusterImpl-b4dd0c3d-6691-419c-bf37-cebc6a2c258c/datanode-2/data/ratis] (custom)
2021-08-18 00:05:26,904 [pool-411-thread-1] INFO  server.RaftServerConfigKeys (ConfUtils.java:logGet(44)) - raft.server.log.corruption.policy = EXCEPTION (default)
2021-08-18 00:05:26,904 [pool-411-thread-1] INFO  server.RaftServerConfigKeys (ConfUtils.java:logGet(44)) - raft.server.storage.free-space.min = 0MB (=0) (default)
2021-08-18 00:05:26,904 [pool-411-thread-1] INFO  storage.RaftStorageDirectory (RaftStorageDirectoryImpl.java:analyzeStorage(135)) - The storage directory /home/runner/work/ozone/ozone/hadoop-ozone/integration-test/target/test-dir/MiniOzoneClusterImpl-b4dd0c3d-6691-419c-bf37-cebc6a2c258c/datanode-2/data/ratis/2f7aaf04-0f0e-48f7-954c-bdd2e274c814 does not exist. Creating ...
2021-08-18 00:05:26,908 [pool-411-thread-1] INFO  storage.RaftStorageDirectory (RaftStorageDirectoryImpl.java:tryLock(230)) - Lock on /home/runner/work/ozone/ozone/hadoop-ozone/integration-test/target/test-dir/MiniOzoneClusterImpl-b4dd0c3d-6691-419c-bf37-cebc6a2c258c/datanode-2/data/ratis/2f7aaf04-0f0e-48f7-954c-bdd2e274c814/in_use.lock acquired by nodename 22303@fv-az122-443
2021-08-18 00:05:26,912 [pool-411-thread-1] INFO  storage.RaftStorage (RaftStorageImpl.java:format(89)) - Storage directory /home/runner/work/ozone/ozone/hadoop-ozone/integration-test/target/test-dir/MiniOzoneClusterImpl-b4dd0c3d-6691-419c-bf37-cebc6a2c258c/datanode-2/data/ratis/2f7aaf04-0f0e-48f7-954c-bdd2e274c814 has been successfully formatted.
2021-08-18 00:05:26,912 [pool-411-thread-1] INFO  ratis.ContainerStateMachine (ContainerStateMachine.java:loadSnapshot(225)) - group-BDD2E274C814: The snapshot info is null. Setting the last applied indexto:(t:0, i:~)
2021-08-18 00:05:26,912 [Datanode State Machine Thread - 0] WARN  statemachine.StateContext (StateContext.java:execute(621)) - No available thread in pool for past 1 seconds.
2021-08-18 00:05:26,912 [pool-411-thread-1] INFO  server.RaftServerConfigKeys (ConfUtils.java:logGet(44)) - raft.server.notification.no-leader.timeout = 300s (custom)
2021-08-18 00:05:26,913 [pool-411-thread-1] INFO  server.RaftServerConfigKeys (ConfUtils.java:logGet(44)) - raft.server.log.use.memory = false (default)
2021-08-18 00:05:26,913 [pool-411-thread-1] INFO  server.RaftServerConfigKeys (ConfUtils.java:logGet(44)) - raft.server.log.purge.gap = 1000000 (custom)
2021-08-18 00:05:26,913 [pool-411-thread-1] INFO  server.RaftServerConfigKeys (ConfUtils.java:logGet(44)) - raft.server.log.appender.buffer.byte-limit = 33554432 (custom)
2021-08-18 00:05:26,913 [pool-411-thread-1] INFO  server.RaftServerConfigKeys (ConfUtils.java:logGet(44)) - raft.server.log.segment.size.max = 1048576 (custom)
2021-08-18 00:05:26,913 [pool-411-thread-1] INFO  server.RaftServerConfigKeys (ConfUtils.java:logGet(44)) - raft.server.log.segment.cache.num.max = 2 (custom)
2021-08-18 00:05:26,914 [pool-411-thread-1] INFO  server.RaftServerConfigKeys (ConfUtils.java:logGet(44)) - raft.server.log.segment.cache.size.max = 200MB (=209715200) (default)
2021-08-18 00:05:26,914 [pool-411-thread-1] INFO  segmented.SegmentedRaftLogWorker (SegmentedRaftLogWorker.java:<init>(182)) - new 3f5fdcdb-3920-48dc-9b27-ab3e73a64fa3@group-BDD2E274C814-SegmentedRaftLogWorker for RaftStorageImpl:Storage Directory /home/runner/work/ozone/ozone/hadoop-ozone/integration-test/target/test-dir/MiniOzoneClusterImpl-b4dd0c3d-6691-419c-bf37-cebc6a2c258c/datanode-2/data/ratis/2f7aaf04-0f0e-48f7-954c-bdd2e274c814
2021-08-18 00:05:26,914 [pool-411-thread-1] INFO  server.RaftServerConfigKeys (ConfUtils.java:logGet(44)) - raft.server.log.queue.byte-limit = 2147483647 (custom)
2021-08-18 00:05:26,914 [pool-411-thread-1] INFO  server.RaftServerConfigKeys (ConfUtils.java:logGet(44)) - raft.server.log.queue.element-limit = 1024 (custom)
2021-08-18 00:05:26,914 [pool-411-thread-1] INFO  server.RaftServerConfigKeys (ConfUtils.java:logGet(44)) - raft.server.log.segment.size.max = 1048576 (custom)
2021-08-18 00:05:26,914 [pool-411-thread-1] INFO  server.RaftServerConfigKeys (ConfUtils.java:logGet(44)) - raft.server.log.preallocated.size = 16384 (custom)
2021-08-18 00:05:26,914 [pool-411-thread-1] INFO  server.RaftServerConfigKeys (ConfUtils.java:logGet(44)) - raft.server.log.force.sync.num = 128 (default)
2021-08-18 00:05:26,914 [pool-411-thread-1] INFO  server.RaftServerConfigKeys (ConfUtils.java:logGet(44)) - raft.server.log.statemachine.data.sync = true (default)
2021-08-18 00:05:26,914 [pool-411-thread-1] INFO  server.RaftServerConfigKeys (ConfUtils.java:logGet(44)) - raft.server.log.statemachine.data.sync.timeout = 10s (default)
2021-08-18 00:05:26,914 [pool-411-thread-1] INFO  server.RaftServerConfigKeys (ConfUtils.java:logGet(44)) - raft.server.log.statemachine.data.sync.timeout.retry = -1 (default)
2021-08-18 00:05:26,915 [pool-411-thread-1] INFO  server.RaftServerConfigKeys (ConfUtils.java:logGet(44)) - raft.server.log.write.buffer.size = 1048576 (custom)
2021-08-18 00:05:26,916 [pool-411-thread-1] INFO  server.RaftServerConfigKeys (ConfUtils.java:logGet(44)) - raft.server.log.statemachine.data.caching.enabled = true (custom)
2021-08-18 00:05:26,916 [pool-411-thread-1] INFO  segmented.SegmentedRaftLogWorker (SegmentedRaftLogWorker.java:lambda$new$0(133)) - 3f5fdcdb-3920-48dc-9b27-ab3e73a64fa3@group-BDD2E274C814-SegmentedRaftLogWorker: flushIndex: setUnconditionally 0 -> -1
2021-08-18 00:05:26,916 [pool-411-thread-1] INFO  segmented.SegmentedRaftLogWorker (SegmentedRaftLogWorker.java:lambda$new$0(133)) - 3f5fdcdb-3920-48dc-9b27-ab3e73a64fa3@group-BDD2E274C814-SegmentedRaftLogWorker: safeCacheEvictIndex: setUnconditionally 0 -> -1
2021-08-18 00:05:26,917 [pool-411-thread-1] INFO  server.RaftServerConfigKeys (ConfUtils.java:logGet(44)) - raft.server.snapshot.auto.trigger.enabled = true (custom)
2021-08-18 00:05:26,917 [pool-411-thread-1] INFO  server.RaftServerConfigKeys (ConfUtils.java:logGet(44)) - raft.server.snapshot.auto.trigger.threshold = 10000 (custom)
2021-08-18 00:05:26,917 [pool-411-thread-1] INFO  server.RaftServerConfigKeys (ConfUtils.java:logGet(44)) - raft.server.snapshot.retention.file.num = 5 (custom)
2021-08-18 00:05:26,917 [pool-411-thread-1] INFO  server.RaftServerConfigKeys (ConfUtils.java:logGet(44)) - raft.server.log.purge.upto.snapshot.index = false (default)
2021-08-18 00:05:26,917 [pool-411-thread-1] INFO  server.RaftServerConfigKeys (ConfUtils.java:logGet(44)) - raft.server.retrycache.expirytime = 600000ms (custom)
2021-08-18 00:05:26,917 [pool-411-thread-1] INFO  server.RaftServerConfigKeys (ConfUtils.java:logGet(44)) - raft.server.retrycache.statistics.expirytime = 100μs (default)
2021-08-18 00:05:26,918 [pool-411-thread-1] INFO  server.RaftServer$Division (RaftServerImpl.java:start(296)) - 3f5fdcdb-3920-48dc-9b27-ab3e73a64fa3@group-BDD2E274C814: start as a follower, conf=-1: [d7f544bc-16cd-4de5-96c9-37820cb3981a|rpc:10.1.0.4:36017|dataStream:|priority:0, e968ceb0-4b48-4455-969d-c37705d4e7f8|rpc:10.1.0.4:45809|dataStream:|priority:1, 3f5fdcdb-3920-48dc-9b27-ab3e73a64fa3|rpc:10.1.0.4:45579|dataStream:|priority:0], old=null
2021-08-18 00:05:26,918 [pool-411-thread-1] INFO  server.RaftServer$Division (RaftServerImpl.java:setRole(285)) - 3f5fdcdb-3920-48dc-9b27-ab3e73a64fa3@group-BDD2E274C814: changes role from      null to FOLLOWER at term 0 for startAsFollower
2021-08-18 00:05:26,918 [pool-411-thread-1] INFO  impl.RoleInfo (RoleInfo.java:updateAndGet(130)) - 3f5fdcdb-3920-48dc-9b27-ab3e73a64fa3: start 3f5fdcdb-3920-48dc-9b27-ab3e73a64fa3@group-BDD2E274C814-FollowerState
2021-08-18 00:05:26,944 [pool-411-thread-1] INFO  util.JmxRegister (JmxRegister.java:tryRegister(44)) - Successfully registered JMX Bean with object name Ratis:service=RaftServer,group=group-BDD2E274C814,id=3f5fdcdb-3920-48dc-9b27-ab3e73a64fa3
2021-08-18 00:05:27,158 [Command processor thread] INFO  commandhandler.CreatePipelineCommandHandler (CreatePipelineCommandHandler.java:handle(106)) - Created Pipeline RATIS THREE PipelineID=2f7aaf04-0f0e-48f7-954c-bdd2e274c814.
2021-08-18 00:05:27,233 [Command processor thread] INFO  commandhandler.CreatePipelineCommandHandler (CreatePipelineCommandHandler.java:handle(106)) - Created Pipeline RATIS THREE PipelineID=2f7aaf04-0f0e-48f7-954c-bdd2e274c814.
2021-08-18 00:05:27,314 [Listener at 127.0.0.1/46821] INFO  ozone.MiniOzoneClusterImpl (MiniOzoneClusterImpl.java:lambda$waitForClusterToBeReady$0(235)) - Nodes are ready. Got 3 of 3 DN Heartbeats.
2021-08-18 00:05:27,314 [Listener at 127.0.0.1/46821] INFO  ozone.MiniOzoneClusterImpl (MiniOzoneClusterImpl.java:lambda$waitForClusterToBeReady$0(238)) - Waiting for cluster to exit safe mode
2021-08-18 00:05:27,314 [Listener at 127.0.0.1/46821] INFO  ozone.MiniOzoneClusterImpl (MiniOzoneClusterImpl.java:lambda$waitForClusterToBeReady$0(240)) - SCM became leader
2021-08-18 00:05:27,361 [Command processor thread] INFO  server.RaftServer (RaftServerProxy.java:addNew(95)) - 3f5fdcdb-3920-48dc-9b27-ab3e73a64fa3: addNew group-FDAB78068694:[3f5fdcdb-3920-48dc-9b27-ab3e73a64fa3|rpc:10.1.0.4:45579|priority:1] returns group-FDAB78068694:java.util.concurrent.CompletableFuture@15ab49a4[Not completed]
2021-08-18 00:05:27,362 [pool-411-thread-1] INFO  server.RaftServer$Division (RaftServerImpl.java:<init>(181)) - 3f5fdcdb-3920-48dc-9b27-ab3e73a64fa3: new RaftServerImpl for group-FDAB78068694:[3f5fdcdb-3920-48dc-9b27-ab3e73a64fa3|rpc:10.1.0.4:45579|priority:1] with ContainerStateMachine:uninitialized
2021-08-18 00:05:27,362 [pool-411-thread-1] INFO  server.RaftServerConfigKeys (ConfUtils.java:logGet(44)) - raft.server.rpc.timeout.min = 5s (custom)
2021-08-18 00:05:27,362 [pool-411-thread-1] INFO  server.RaftServerConfigKeys (ConfUtils.java:logGet(44)) - raft.server.rpc.timeout.max = 5200ms (custom)
2021-08-18 00:05:27,362 [pool-411-thread-1] INFO  server.RaftServerConfigKeys (ConfUtils.java:logGet(44)) - raft.server.rpc.sleep.time = 25ms (default)
2021-08-18 00:05:27,362 [pool-411-thread-1] INFO  server.RaftServerConfigKeys (ConfUtils.java:logGet(44)) - raft.server.rpc.slowness.timeout = 300s (custom)
2021-08-18 00:05:27,362 [pool-411-thread-1] INFO  server.RaftServerConfigKeys (ConfUtils.java:logGet(44)) - raft.server.leaderelection.leader.step-down.wait-time = 10s (default)
2021-08-18 00:05:27,362 [pool-411-thread-1] INFO  server.RaftServerConfigKeys (ConfUtils.java:logGet(44)) - raft.server.sleep.deviation.threshold = 300ms (default)
2021-08-18 00:05:27,362 [pool-411-thread-1] INFO  server.RaftServerConfigKeys (ConfUtils.java:logGet(44)) - raft.server.log.appender.install.snapshot.enabled = false (custom)
2021-08-18 00:05:27,362 [pool-411-thread-1] INFO  server.RaftServer$Division (ServerState.java:<init>(105)) - 3f5fdcdb-3920-48dc-9b27-ab3e73a64fa3@group-FDAB78068694: ConfigurationManager, init=-1: [3f5fdcdb-3920-48dc-9b27-ab3e73a64fa3|rpc:10.1.0.4:45579|priority:1], old=null, confs=<EMPTY_MAP>
2021-08-18 00:05:27,362 [pool-411-thread-1] INFO  server.RaftServerConfigKeys (ConfUtils.java:logGet(44)) - raft.server.storage.dir = [/home/runner/work/ozone/ozone/hadoop-ozone/integration-test/target/test-dir/MiniOzoneClusterImpl-b4dd0c3d-6691-419c-bf37-cebc6a2c258c/datanode-2/data/ratis] (custom)
2021-08-18 00:05:27,363 [pool-411-thread-1] INFO  server.RaftServerConfigKeys (ConfUtils.java:logGet(44)) - raft.server.log.corruption.policy = EXCEPTION (default)
2021-08-18 00:05:27,363 [pool-411-thread-1] INFO  server.RaftServerConfigKeys (ConfUtils.java:logGet(44)) - raft.server.storage.free-space.min = 0MB (=0) (default)
2021-08-18 00:05:27,363 [pool-411-thread-1] INFO  storage.RaftStorageDirectory (RaftStorageDirectoryImpl.java:analyzeStorage(135)) - The storage directory /home/runner/work/ozone/ozone/hadoop-ozone/integration-test/target/test-dir/MiniOzoneClusterImpl-b4dd0c3d-6691-419c-bf37-cebc6a2c258c/datanode-2/data/ratis/4132d2a3-9a4f-462e-a8d5-fdab78068694 does not exist. Creating ...
2021-08-18 00:05:27,364 [pool-411-thread-1] INFO  storage.RaftStorageDirectory (RaftStorageDirectoryImpl.java:tryLock(230)) - Lock on /home/runner/work/ozone/ozone/hadoop-ozone/integration-test/target/test-dir/MiniOzoneClusterImpl-b4dd0c3d-6691-419c-bf37-cebc6a2c258c/datanode-2/data/ratis/4132d2a3-9a4f-462e-a8d5-fdab78068694/in_use.lock acquired by nodename 22303@fv-az122-443
2021-08-18 00:05:27,365 [pool-411-thread-1] INFO  storage.RaftStorage (RaftStorageImpl.java:format(89)) - Storage directory /home/runner/work/ozone/ozone/hadoop-ozone/integration-test/target/test-dir/MiniOzoneClusterImpl-b4dd0c3d-6691-419c-bf37-cebc6a2c258c/datanode-2/data/ratis/4132d2a3-9a4f-462e-a8d5-fdab78068694 has been successfully formatted.
2021-08-18 00:05:27,366 [pool-411-thread-1] INFO  ratis.ContainerStateMachine (ContainerStateMachine.java:loadSnapshot(225)) - group-FDAB78068694: The snapshot info is null. Setting the last applied indexto:(t:0, i:~)
2021-08-18 00:05:27,366 [pool-411-thread-1] INFO  server.RaftServerConfigKeys (ConfUtils.java:logGet(44)) - raft.server.notification.no-leader.timeout = 300s (custom)
2021-08-18 00:05:27,366 [pool-411-thread-1] INFO  server.RaftServerConfigKeys (ConfUtils.java:logGet(44)) - raft.server.log.use.memory = false (default)
2021-08-18 00:05:27,366 [pool-411-thread-1] INFO  server.RaftServerConfigKeys (ConfUtils.java:logGet(44)) - raft.server.log.purge.gap = 1000000 (custom)
2021-08-18 00:05:27,366 [pool-411-thread-1] INFO  server.RaftServerConfigKeys (ConfUtils.java:logGet(44)) - raft.server.log.appender.buffer.byte-limit = 33554432 (custom)
2021-08-18 00:05:27,366 [pool-411-thread-1] INFO  server.RaftServerConfigKeys (ConfUtils.java:logGet(44)) - raft.server.log.segment.size.max = 1048576 (custom)
2021-08-18 00:05:27,367 [pool-411-thread-1] INFO  server.RaftServerConfigKeys (ConfUtils.java:logGet(44)) - raft.server.log.segment.cache.num.max = 2 (custom)
2021-08-18 00:05:27,367 [pool-411-thread-1] INFO  server.RaftServerConfigKeys (ConfUtils.java:logGet(44)) - raft.server.log.segment.cache.size.max = 200MB (=209715200) (default)
2021-08-18 00:05:27,367 [pool-411-thread-1] INFO  segmented.SegmentedRaftLogWorker (SegmentedRaftLogWorker.java:<init>(182)) - new 3f5fdcdb-3920-48dc-9b27-ab3e73a64fa3@group-FDAB78068694-SegmentedRaftLogWorker for RaftStorageImpl:Storage Directory /home/runner/work/ozone/ozone/hadoop-ozone/integration-test/target/test-dir/MiniOzoneClusterImpl-b4dd0c3d-6691-419c-bf37-cebc6a2c258c/datanode-2/data/ratis/4132d2a3-9a4f-462e-a8d5-fdab78068694
2021-08-18 00:05:27,367 [pool-411-thread-1] INFO  server.RaftServerConfigKeys (ConfUtils.java:logGet(44)) - raft.server.log.queue.byte-limit = 2147483647 (custom)
2021-08-18 00:05:27,367 [pool-411-thread-1] INFO  server.RaftServerConfigKeys (ConfUtils.java:logGet(44)) - raft.server.log.queue.element-limit = 1024 (custom)
2021-08-18 00:05:27,367 [pool-411-thread-1] INFO  server.RaftServerConfigKeys (ConfUtils.java:logGet(44)) - raft.server.log.segment.size.max = 1048576 (custom)
2021-08-18 00:05:27,367 [pool-411-thread-1] INFO  server.RaftServerConfigKeys (ConfUtils.java:logGet(44)) - raft.server.log.preallocated.size = 16384 (custom)
2021-08-18 00:05:27,367 [pool-411-thread-1] INFO  server.RaftServerConfigKeys (ConfUtils.java:logGet(44)) - raft.server.log.force.sync.num = 128 (default)
2021-08-18 00:05:27,367 [pool-411-thread-1] INFO  server.RaftServerConfigKeys (ConfUtils.java:logGet(44)) - raft.server.log.statemachine.data.sync = true (default)
2021-08-18 00:05:27,367 [pool-411-thread-1] INFO  server.RaftServerConfigKeys (ConfUtils.java:logGet(44)) - raft.server.log.statemachine.data.sync.timeout = 10s (default)
2021-08-18 00:05:27,367 [pool-411-thread-1] INFO  server.RaftServerConfigKeys (ConfUtils.java:logGet(44)) - raft.server.log.statemachine.data.sync.timeout.retry = -1 (default)
2021-08-18 00:05:27,368 [pool-411-thread-1] INFO  server.RaftServerConfigKeys (ConfUtils.java:logGet(44)) - raft.server.log.write.buffer.size = 1048576 (custom)
2021-08-18 00:05:27,368 [pool-411-thread-1] INFO  server.RaftServerConfigKeys (ConfUtils.java:logGet(44)) - raft.server.log.statemachine.data.caching.enabled = true (custom)
2021-08-18 00:05:27,368 [Datanode State Machine Thread - 0] WARN  statemachine.StateContext (StateContext.java:execute(621)) - No available thread in pool for past 1 seconds.
2021-08-18 00:05:27,370 [EventQueue-PipelineReportForPipelineReportHandler] INFO  pipeline.PipelineManagerImpl (PipelineManagerImpl.java:openPipeline(283)) - Pipeline Pipeline[ Id: 4132d2a3-9a4f-462e-a8d5-fdab78068694, Nodes: 3f5fdcdb-3920-48dc-9b27-ab3e73a64fa3{ip: 10.1.0.4, host: fv-az122-443.zf1tlrj3kn4expqppa1j4mpycf.xx.internal.cloudapp.net, ports: [REPLICATION=42937, RATIS=45579, RATIS_ADMIN=45579, RATIS_SERVER=45579, STANDALONE=44533], networkLocation: /default-rack, certSerialId: null, persistedOpState: IN_SERVICE, persistedOpStateExpiryEpochSec: 0}, ReplicationConfig: RATIS/ONE, State:ALLOCATED, leaderId:3f5fdcdb-3920-48dc-9b27-ab3e73a64fa3, CreationTimestamp2021-08-18T00:05:24.385Z[Etc/UTC]] moved to OPEN state
2021-08-18 00:05:27,370 [EventQueue-OpenPipelineForHealthyPipelineSafeModeRule] INFO  safemode.SCMSafeModeManager (HealthyPipelineSafeModeRule.java:process(124)) - SCM in safe mode. Healthy pipelines reported count is 0, required healthy pipeline reported count is 1
2021-08-18 00:05:27,370 [pool-411-thread-1] INFO  segmented.SegmentedRaftLogWorker (SegmentedRaftLogWorker.java:lambda$new$0(133)) - 3f5fdcdb-3920-48dc-9b27-ab3e73a64fa3@group-FDAB78068694-SegmentedRaftLogWorker: flushIndex: setUnconditionally 0 -> -1
2021-08-18 00:05:27,376 [pool-411-thread-1] INFO  segmented.SegmentedRaftLogWorker (SegmentedRaftLogWorker.java:lambda$new$0(133)) - 3f5fdcdb-3920-48dc-9b27-ab3e73a64fa3@group-FDAB78068694-SegmentedRaftLogWorker: safeCacheEvictIndex: setUnconditionally 0 -> -1
2021-08-18 00:05:27,381 [pool-411-thread-1] INFO  server.RaftServerConfigKeys (ConfUtils.java:logGet(44)) - raft.server.snapshot.auto.trigger.enabled = true (custom)
2021-08-18 00:05:27,381 [pool-411-thread-1] INFO  server.RaftServerConfigKeys (ConfUtils.java:logGet(44)) - raft.server.snapshot.auto.trigger.threshold = 10000 (custom)
2021-08-18 00:05:27,381 [pool-411-thread-1] INFO  server.RaftServerConfigKeys (ConfUtils.java:logGet(44)) - raft.server.snapshot.retention.file.num = 5 (custom)
2021-08-18 00:05:27,381 [pool-411-thread-1] INFO  server.RaftServerConfigKeys (ConfUtils.java:logGet(44)) - raft.server.log.purge.upto.snapshot.index = false (default)
2021-08-18 00:05:27,382 [pool-411-thread-1] INFO  server.RaftServerConfigKeys (ConfUtils.java:logGet(44)) - raft.server.retrycache.expirytime = 600000ms (custom)
2021-08-18 00:05:27,382 [pool-411-thread-1] INFO  server.RaftServerConfigKeys (ConfUtils.java:logGet(44)) - raft.server.retrycache.statistics.expirytime = 100μs (default)
2021-08-18 00:05:27,382 [pool-411-thread-1] INFO  server.RaftServer$Division (RaftServerImpl.java:start(296)) - 3f5fdcdb-3920-48dc-9b27-ab3e73a64fa3@group-FDAB78068694: start as a follower, conf=-1: [3f5fdcdb-3920-48dc-9b27-ab3e73a64fa3|rpc:10.1.0.4:45579|priority:1], old=null
2021-08-18 00:05:27,383 [pool-411-thread-1] INFO  server.RaftServer$Division (RaftServerImpl.java:setRole(285)) - 3f5fdcdb-3920-48dc-9b27-ab3e73a64fa3@group-FDAB78068694: changes role from      null to FOLLOWER at term 0 for startAsFollower
2021-08-18 00:05:27,383 [pool-411-thread-1] INFO  impl.RoleInfo (RoleInfo.java:updateAndGet(130)) - 3f5fdcdb-3920-48dc-9b27-ab3e73a64fa3: start 3f5fdcdb-3920-48dc-9b27-ab3e73a64fa3@group-FDAB78068694-FollowerState
2021-08-18 00:05:27,386 [pool-411-thread-1] INFO  util.JmxRegister (JmxRegister.java:tryRegister(44)) - Successfully registered JMX Bean with object name Ratis:service=RaftServer,group=group-FDAB78068694,id=3f5fdcdb-3920-48dc-9b27-ab3e73a64fa3
2021-08-18 00:05:27,387 [Command processor thread] INFO  ratis.XceiverServerRatis (XceiverServerRatis.java:addGroup(763)) - Created group PipelineID=4132d2a3-9a4f-462e-a8d5-fdab78068694
2021-08-18 00:05:27,387 [Command processor thread] INFO  commandhandler.CreatePipelineCommandHandler (CreatePipelineCommandHandler.java:handle(106)) - Created Pipeline RATIS ONE PipelineID=4132d2a3-9a4f-462e-a8d5-fdab78068694.
2021-08-18 00:05:28,314 [Listener at 127.0.0.1/46821] INFO  ozone.MiniOzoneClusterImpl (MiniOzoneClusterImpl.java:lambda$waitForClusterToBeReady$0(235)) - Nodes are ready. Got 3 of 3 DN Heartbeats.
2021-08-18 00:05:28,314 [Listener at 127.0.0.1/46821] INFO  ozone.MiniOzoneClusterImpl (MiniOzoneClusterImpl.java:lambda$waitForClusterToBeReady$0(238)) - Waiting for cluster to exit safe mode
2021-08-18 00:05:28,314 [Listener at 127.0.0.1/46821] INFO  ozone.MiniOzoneClusterImpl (MiniOzoneClusterImpl.java:lambda$waitForClusterToBeReady$0(240)) - SCM became leader
2021-08-18 00:05:29,315 [Listener at 127.0.0.1/46821] INFO  ozone.MiniOzoneClusterImpl (MiniOzoneClusterImpl.java:lambda$waitForClusterToBeReady$0(235)) - Nodes are ready. Got 3 of 3 DN Heartbeats.
2021-08-18 00:05:29,315 [Listener at 127.0.0.1/46821] INFO  ozone.MiniOzoneClusterImpl (MiniOzoneClusterImpl.java:lambda$waitForClusterToBeReady$0(238)) - Waiting for cluster to exit safe mode
2021-08-18 00:05:29,315 [Listener at 127.0.0.1/46821] INFO  ozone.MiniOzoneClusterImpl (MiniOzoneClusterImpl.java:lambda$waitForClusterToBeReady$0(240)) - SCM became leader
2021-08-18 00:05:30,315 [Listener at 127.0.0.1/46821] INFO  ozone.MiniOzoneClusterImpl (MiniOzoneClusterImpl.java:lambda$waitForClusterToBeReady$0(235)) - Nodes are ready. Got 3 of 3 DN Heartbeats.
2021-08-18 00:05:30,315 [Listener at 127.0.0.1/46821] INFO  ozone.MiniOzoneClusterImpl (MiniOzoneClusterImpl.java:lambda$waitForClusterToBeReady$0(238)) - Waiting for cluster to exit safe mode
2021-08-18 00:05:30,315 [Listener at 127.0.0.1/46821] INFO  ozone.MiniOzoneClusterImpl (MiniOzoneClusterImpl.java:lambda$waitForClusterToBeReady$0(240)) - SCM became leader
2021-08-18 00:05:31,084 [d7f544bc-16cd-4de5-96c9-37820cb3981a@group-F603789C2231-FollowerState] INFO  impl.FollowerState (FollowerState.java:run(134)) - d7f544bc-16cd-4de5-96c9-37820cb3981a@group-F603789C2231-FollowerState: change to CANDIDATE, lastRpcElapsedTime:5012647180ns, electionTimeout:5010ms
2021-08-18 00:05:31,084 [d7f544bc-16cd-4de5-96c9-37820cb3981a@group-F603789C2231-FollowerState] INFO  impl.RoleInfo (RoleInfo.java:shutdownFollowerState(108)) - d7f544bc-16cd-4de5-96c9-37820cb3981a: shutdown d7f544bc-16cd-4de5-96c9-37820cb3981a@group-F603789C2231-FollowerState
2021-08-18 00:05:31,084 [d7f544bc-16cd-4de5-96c9-37820cb3981a@group-F603789C2231-FollowerState] INFO  server.RaftServer$Division (RaftServerImpl.java:setRole(285)) - d7f544bc-16cd-4de5-96c9-37820cb3981a@group-F603789C2231: changes role from  FOLLOWER to CANDIDATE at term 0 for changeToCandidate
2021-08-18 00:05:31,085 [d7f544bc-16cd-4de5-96c9-37820cb3981a@group-F603789C2231-FollowerState] INFO  server.RaftServerConfigKeys (ConfUtils.java:logGet(44)) - raft.server.leaderelection.pre-vote = false (custom)
2021-08-18 00:05:31,085 [d7f544bc-16cd-4de5-96c9-37820cb3981a@group-F603789C2231-FollowerState] INFO  impl.RoleInfo (RoleInfo.java:updateAndGet(130)) - d7f544bc-16cd-4de5-96c9-37820cb3981a: start d7f544bc-16cd-4de5-96c9-37820cb3981a@group-F603789C2231-LeaderElection31
2021-08-18 00:05:31,127 [d7f544bc-16cd-4de5-96c9-37820cb3981a@group-F603789C2231-LeaderElection31] INFO  impl.LeaderElection (LeaderElection.java:askForVotes(306)) - d7f544bc-16cd-4de5-96c9-37820cb3981a@group-F603789C2231-LeaderElection31 ELECTION round 0: submit vote requests at term 1 for -1: [d7f544bc-16cd-4de5-96c9-37820cb3981a|rpc:10.1.0.4:36017|priority:1], old=null
2021-08-18 00:05:31,127 [d7f544bc-16cd-4de5-96c9-37820cb3981a@group-F603789C2231-LeaderElection31] INFO  impl.LeaderElection (LeaderElection.java:askForVotes(308)) - d7f544bc-16cd-4de5-96c9-37820cb3981a@group-F603789C2231-LeaderElection31 ELECTION round 0: result PASSED (term=1)
2021-08-18 00:05:31,127 [d7f544bc-16cd-4de5-96c9-37820cb3981a@group-F603789C2231-LeaderElection31] INFO  impl.RoleInfo (RoleInfo.java:shutdownLeaderElection(121)) - d7f544bc-16cd-4de5-96c9-37820cb3981a: shutdown d7f544bc-16cd-4de5-96c9-37820cb3981a@group-F603789C2231-LeaderElection31
2021-08-18 00:05:31,127 [d7f544bc-16cd-4de5-96c9-37820cb3981a@group-F603789C2231-LeaderElection31] INFO  server.RaftServer$Division (RaftServerImpl.java:setRole(285)) - d7f544bc-16cd-4de5-96c9-37820cb3981a@group-F603789C2231: changes role from CANDIDATE to LEADER at term 1 for changeToLeader
2021-08-18 00:05:31,127 [d7f544bc-16cd-4de5-96c9-37820cb3981a@group-F603789C2231-LeaderElection31] INFO  ratis.XceiverServerRatis (XceiverServerRatis.java:handleLeaderChangedNotification(861)) - Leader change notification received for group: group-F603789C2231 with new leaderId: d7f544bc-16cd-4de5-96c9-37820cb3981a
2021-08-18 00:05:31,127 [d7f544bc-16cd-4de5-96c9-37820cb3981a@group-F603789C2231-LeaderElection31] INFO  server.RaftServer$Division (ServerState.java:setLeader(285)) - d7f544bc-16cd-4de5-96c9-37820cb3981a@group-F603789C2231: change Leader from null to d7f544bc-16cd-4de5-96c9-37820cb3981a at term 1 for becomeLeader, leader elected after 5077ms
2021-08-18 00:05:31,128 [d7f544bc-16cd-4de5-96c9-37820cb3981a@group-F603789C2231-LeaderElection31] INFO  server.RaftServerConfigKeys (ConfUtils.java:logGet(44)) - raft.server.staging.catchup.gap = 1000 (default)
2021-08-18 00:05:31,128 [d7f544bc-16cd-4de5-96c9-37820cb3981a@group-F603789C2231-LeaderElection31] INFO  server.RaftServerConfigKeys (ConfUtils.java:logGet(44)) - raft.server.write.element-limit = 1024 (custom)
2021-08-18 00:05:31,128 [d7f544bc-16cd-4de5-96c9-37820cb3981a@group-F603789C2231-LeaderElection31] INFO  server.RaftServerConfigKeys (ConfUtils.java:logGet(44)) - raft.server.write.byte-limit = 1024 M (=1073741824) (custom)
2021-08-18 00:05:31,128 [d7f544bc-16cd-4de5-96c9-37820cb3981a@group-F603789C2231-LeaderElection31] INFO  server.RaftServerConfigKeys (ConfUtils.java:logGet(44)) - raft.server.watch.timeout = 180s (custom)
2021-08-18 00:05:31,128 [d7f544bc-16cd-4de5-96c9-37820cb3981a@group-F603789C2231-LeaderElection31] INFO  server.RaftServerConfigKeys (ConfUtils.java:logGet(44)) - raft.server.watch.timeout.denomination = 1s (default)
2021-08-18 00:05:31,128 [d7f544bc-16cd-4de5-96c9-37820cb3981a@group-F603789C2231-LeaderElection31] INFO  server.RaftServerConfigKeys (ConfUtils.java:logGet(44)) - raft.server.watch.element-limit = 65536 (default)
2021-08-18 00:05:31,129 [d7f544bc-16cd-4de5-96c9-37820cb3981a@group-F603789C2231-LeaderElection31] INFO  impl.RoleInfo (RoleInfo.java:updateAndGet(130)) - d7f544bc-16cd-4de5-96c9-37820cb3981a: start d7f544bc-16cd-4de5-96c9-37820cb3981a@group-F603789C2231-LeaderStateImpl
2021-08-18 00:05:31,129 [Datanode State Machine Thread - 0] WARN  statemachine.StateContext (StateContext.java:execute(621)) - No available thread in pool for past 1 seconds.
2021-08-18 00:05:31,129 [d7f544bc-16cd-4de5-96c9-37820cb3981a@group-F603789C2231-LeaderElection31] INFO  segmented.SegmentedRaftLogWorker (SegmentedRaftLogWorker.java:startLogSegment(394)) - d7f544bc-16cd-4de5-96c9-37820cb3981a@group-F603789C2231-SegmentedRaftLogWorker: Starting segment from index:0
2021-08-18 00:05:31,131 [d7f544bc-16cd-4de5-96c9-37820cb3981a@group-F603789C2231-SegmentedRaftLogWorker] INFO  segmented.SegmentedRaftLogWorker (SegmentedRaftLogWorker.java:execute(601)) - d7f544bc-16cd-4de5-96c9-37820cb3981a@group-F603789C2231-SegmentedRaftLogWorker: created new log segment /home/runner/work/ozone/ozone/hadoop-ozone/integration-test/target/test-dir/MiniOzoneClusterImpl-b4dd0c3d-6691-419c-bf37-cebc6a2c258c/datanode-0/data/ratis/43b8d1e9-b81b-4ec0-8059-f603789c2231/current/log_inprogress_0
2021-08-18 00:05:31,131 [EventQueue-OpenPipelineForHealthyPipelineSafeModeRule] INFO  safemode.SCMSafeModeManager (HealthyPipelineSafeModeRule.java:process(124)) - SCM in safe mode. Healthy pipelines reported count is 0, required healthy pipeline reported count is 1
2021-08-18 00:05:31,131 [d7f544bc-16cd-4de5-96c9-37820cb3981a@group-F603789C2231-LeaderElection31] INFO  server.RaftServer$Division (ServerState.java:setRaftConf(387)) - d7f544bc-16cd-4de5-96c9-37820cb3981a@group-F603789C2231: set configuration 0: [d7f544bc-16cd-4de5-96c9-37820cb3981a|rpc:10.1.0.4:36017|dataStream:|priority:1], old=null
2021-08-18 00:05:31,295 [e968ceb0-4b48-4455-969d-c37705d4e7f8@group-3E735BBBD292-FollowerState] INFO  impl.FollowerState (FollowerState.java:run(134)) - e968ceb0-4b48-4455-969d-c37705d4e7f8@group-3E735BBBD292-FollowerState: change to CANDIDATE, lastRpcElapsedTime:5021859631ns, electionTimeout:5001ms
2021-08-18 00:05:31,295 [e968ceb0-4b48-4455-969d-c37705d4e7f8@group-3E735BBBD292-FollowerState] INFO  impl.RoleInfo (RoleInfo.java:shutdownFollowerState(108)) - e968ceb0-4b48-4455-969d-c37705d4e7f8: shutdown e968ceb0-4b48-4455-969d-c37705d4e7f8@group-3E735BBBD292-FollowerState
2021-08-18 00:05:31,295 [e968ceb0-4b48-4455-969d-c37705d4e7f8@group-3E735BBBD292-FollowerState] INFO  server.RaftServer$Division (RaftServerImpl.java:setRole(285)) - e968ceb0-4b48-4455-969d-c37705d4e7f8@group-3E735BBBD292: changes role from  FOLLOWER to CANDIDATE at term 0 for changeToCandidate
2021-08-18 00:05:31,296 [e968ceb0-4b48-4455-969d-c37705d4e7f8@group-3E735BBBD292-FollowerState] INFO  server.RaftServerConfigKeys (ConfUtils.java:logGet(44)) - raft.server.leaderelection.pre-vote = false (custom)
2021-08-18 00:05:31,296 [e968ceb0-4b48-4455-969d-c37705d4e7f8@group-3E735BBBD292-FollowerState] INFO  impl.RoleInfo (RoleInfo.java:updateAndGet(130)) - e968ceb0-4b48-4455-969d-c37705d4e7f8: start e968ceb0-4b48-4455-969d-c37705d4e7f8@group-3E735BBBD292-LeaderElection32
2021-08-18 00:05:31,315 [Listener at 127.0.0.1/46821] INFO  ozone.MiniOzoneClusterImpl (MiniOzoneClusterImpl.java:lambda$waitForClusterToBeReady$0(235)) - Nodes are ready. Got 3 of 3 DN Heartbeats.
2021-08-18 00:05:31,315 [Listener at 127.0.0.1/46821] INFO  ozone.MiniOzoneClusterImpl (MiniOzoneClusterImpl.java:lambda$waitForClusterToBeReady$0(238)) - Waiting for cluster to exit safe mode
2021-08-18 00:05:31,315 [Listener at 127.0.0.1/46821] INFO  ozone.MiniOzoneClusterImpl (MiniOzoneClusterImpl.java:lambda$waitForClusterToBeReady$0(240)) - SCM became leader
2021-08-18 00:05:31,318 [e968ceb0-4b48-4455-969d-c37705d4e7f8@group-3E735BBBD292-LeaderElection32] INFO  impl.LeaderElection (LeaderElection.java:askForVotes(306)) - e968ceb0-4b48-4455-969d-c37705d4e7f8@group-3E735BBBD292-LeaderElection32 ELECTION round 0: submit vote requests at term 1 for -1: [d7f544bc-16cd-4de5-96c9-37820cb3981a|rpc:10.1.0.4:36017|dataStream:|priority:1, e968ceb0-4b48-4455-969d-c37705d4e7f8|rpc:10.1.0.4:45809|dataStream:|priority:0, 3f5fdcdb-3920-48dc-9b27-ab3e73a64fa3|rpc:10.1.0.4:45579|dataStream:|priority:0], old=null
2021-08-18 00:05:31,324 [d7f544bc-16cd-4de5-96c9-37820cb3981a@group-3E735BBBD292-FollowerState] INFO  impl.FollowerState (FollowerState.java:run(134)) - d7f544bc-16cd-4de5-96c9-37820cb3981a@group-3E735BBBD292-FollowerState: change to CANDIDATE, lastRpcElapsedTime:5178724665ns, electionTimeout:5178ms
2021-08-18 00:05:31,324 [d7f544bc-16cd-4de5-96c9-37820cb3981a@group-3E735BBBD292-FollowerState] INFO  impl.RoleInfo (RoleInfo.java:shutdownFollowerState(108)) - d7f544bc-16cd-4de5-96c9-37820cb3981a: shutdown d7f544bc-16cd-4de5-96c9-37820cb3981a@group-3E735BBBD292-FollowerState
2021-08-18 00:05:31,324 [d7f544bc-16cd-4de5-96c9-37820cb3981a@group-3E735BBBD292-FollowerState] INFO  server.RaftServer$Division (RaftServerImpl.java:setRole(285)) - d7f544bc-16cd-4de5-96c9-37820cb3981a@group-3E735BBBD292: changes role from  FOLLOWER to CANDIDATE at term 0 for changeToCandidate
2021-08-18 00:05:31,353 [d7f544bc-16cd-4de5-96c9-37820cb3981a@group-3E735BBBD292-FollowerState] INFO  server.RaftServerConfigKeys (ConfUtils.java:logGet(44)) - raft.server.leaderelection.pre-vote = false (custom)
2021-08-18 00:05:31,353 [d7f544bc-16cd-4de5-96c9-37820cb3981a@group-3E735BBBD292-FollowerState] INFO  impl.RoleInfo (RoleInfo.java:updateAndGet(130)) - d7f544bc-16cd-4de5-96c9-37820cb3981a: start d7f544bc-16cd-4de5-96c9-37820cb3981a@group-3E735BBBD292-LeaderElection33
2021-08-18 00:05:31,360 [grpc-default-executor-1] INFO  server.RaftServer$Division (RaftServerImpl.java:requestVote(1043)) - d7f544bc-16cd-4de5-96c9-37820cb3981a@group-3E735BBBD292: receive requestVote(ELECTION, e968ceb0-4b48-4455-969d-c37705d4e7f8, group-3E735BBBD292, 1, (t:0, i:0))
2021-08-18 00:05:31,401 [grpc-default-executor-1] INFO  impl.VoteContext (VoteContext.java:log(48)) - d7f544bc-16cd-4de5-96c9-37820cb3981a@group-3E735BBBD292-CANDIDATE: reject ELECTION from e968ceb0-4b48-4455-969d-c37705d4e7f8: our priority 1 > candidate's priority 0
2021-08-18 00:05:31,401 [grpc-default-executor-1] INFO  server.RaftServer$Division (RaftServerImpl.java:setRole(285)) - d7f544bc-16cd-4de5-96c9-37820cb3981a@group-3E735BBBD292: changes role from CANDIDATE to FOLLOWER at term 1 for candidate:e968ceb0-4b48-4455-969d-c37705d4e7f8
2021-08-18 00:05:31,401 [grpc-default-executor-1] INFO  impl.RoleInfo (RoleInfo.java:shutdownLeaderElection(121)) - d7f544bc-16cd-4de5-96c9-37820cb3981a: shutdown d7f544bc-16cd-4de5-96c9-37820cb3981a@group-3E735BBBD292-LeaderElection33
2021-08-18 00:05:31,401 [grpc-default-executor-1] INFO  impl.RoleInfo (RoleInfo.java:updateAndGet(130)) - d7f544bc-16cd-4de5-96c9-37820cb3981a: start d7f544bc-16cd-4de5-96c9-37820cb3981a@group-3E735BBBD292-FollowerState
2021-08-18 00:05:31,416 [grpc-default-executor-0] INFO  server.RaftServer$Division (RaftServerImpl.java:requestVote(1043)) - 3f5fdcdb-3920-48dc-9b27-ab3e73a64fa3@group-3E735BBBD292: receive requestVote(ELECTION, e968ceb0-4b48-4455-969d-c37705d4e7f8, group-3E735BBBD292, 1, (t:0, i:0))
2021-08-18 00:05:31,417 [grpc-default-executor-0] INFO  impl.VoteContext (VoteContext.java:log(48)) - 3f5fdcdb-3920-48dc-9b27-ab3e73a64fa3@group-3E735BBBD292-FOLLOWER: accept ELECTION from e968ceb0-4b48-4455-969d-c37705d4e7f8: our priority 0 <= candidate's priority 0
2021-08-18 00:05:31,417 [grpc-default-executor-0] INFO  server.RaftServer$Division (RaftServerImpl.java:setRole(285)) - 3f5fdcdb-3920-48dc-9b27-ab3e73a64fa3@group-3E735BBBD292: changes role from  FOLLOWER to FOLLOWER at term 1 for candidate:e968ceb0-4b48-4455-969d-c37705d4e7f8
2021-08-18 00:05:31,417 [grpc-default-executor-0] INFO  impl.RoleInfo (RoleInfo.java:shutdownFollowerState(108)) - 3f5fdcdb-3920-48dc-9b27-ab3e73a64fa3: shutdown 3f5fdcdb-3920-48dc-9b27-ab3e73a64fa3@group-3E735BBBD292-FollowerState
2021-08-18 00:05:31,417 [grpc-default-executor-0] INFO  impl.RoleInfo (RoleInfo.java:updateAndGet(130)) - 3f5fdcdb-3920-48dc-9b27-ab3e73a64fa3: start 3f5fdcdb-3920-48dc-9b27-ab3e73a64fa3@group-3E735BBBD292-FollowerState
2021-08-18 00:05:31,417 [3f5fdcdb-3920-48dc-9b27-ab3e73a64fa3@group-3E735BBBD292-FollowerState] INFO  impl.FollowerState (FollowerState.java:run(143)) - 3f5fdcdb-3920-48dc-9b27-ab3e73a64fa3@group-3E735BBBD292-FollowerState was interrupted: {}
java.lang.InterruptedException: sleep interrupted
	at java.lang.Thread.sleep(Native Method)
	at java.lang.Thread.sleep(Thread.java:340)
	at java.util.concurrent.TimeUnit.sleep(TimeUnit.java:386)
	at org.apache.ratis.util.TimeDuration.sleep(TimeDuration.java:324)
	at org.apache.ratis.util.TimeDuration.sleep(TimeDuration.java:309)
	at org.apache.ratis.server.impl.FollowerState.run(FollowerState.java:118)
2021-08-18 00:05:31,416 [grpc-default-executor-1] INFO  server.RaftServer$Division (RaftServerImpl.java:requestVote(1075)) - d7f544bc-16cd-4de5-96c9-37820cb3981a@group-3E735BBBD292 replies to ELECTION vote request: e968ceb0-4b48-4455-969d-c37705d4e7f8<-d7f544bc-16cd-4de5-96c9-37820cb3981a#0:FAIL-t1. Peer's state: d7f544bc-16cd-4de5-96c9-37820cb3981a@group-3E735BBBD292:t1, leader=null, voted=null, raftlog=d7f544bc-16cd-4de5-96c9-37820cb3981a@group-3E735BBBD292-SegmentedRaftLog:OPENED:c-1,f-1,i0, conf=-1: [d7f544bc-16cd-4de5-96c9-37820cb3981a|rpc:10.1.0.4:36017|priority:1, e968ceb0-4b48-4455-969d-c37705d4e7f8|rpc:10.1.0.4:45809|priority:0, 3f5fdcdb-3920-48dc-9b27-ab3e73a64fa3|rpc:10.1.0.4:45579|priority:0], old=null
2021-08-18 00:05:31,449 [grpc-default-executor-0] INFO  server.RaftServer$Division (RaftServerImpl.java:requestVote(1075)) - 3f5fdcdb-3920-48dc-9b27-ab3e73a64fa3@group-3E735BBBD292 replies to ELECTION vote request: e968ceb0-4b48-4455-969d-c37705d4e7f8<-3f5fdcdb-3920-48dc-9b27-ab3e73a64fa3#0:OK-t1. Peer's state: 3f5fdcdb-3920-48dc-9b27-ab3e73a64fa3@group-3E735BBBD292:t1, leader=null, voted=e968ceb0-4b48-4455-969d-c37705d4e7f8, raftlog=3f5fdcdb-3920-48dc-9b27-ab3e73a64fa3@group-3E735BBBD292-SegmentedRaftLog:OPENED:c-1,f-1,i0, conf=-1: [d7f544bc-16cd-4de5-96c9-37820cb3981a|rpc:10.1.0.4:36017|dataStream:|priority:1, e968ceb0-4b48-4455-969d-c37705d4e7f8|rpc:10.1.0.4:45809|dataStream:|priority:0, 3f5fdcdb-3920-48dc-9b27-ab3e73a64fa3|rpc:10.1.0.4:45579|dataStream:|priority:0], old=null
2021-08-18 00:05:31,453 [e968ceb0-4b48-4455-969d-c37705d4e7f8@group-3E735BBBD292-LeaderElection32] INFO  impl.LeaderElection (LeaderElection.java:logAndReturn(89)) - e968ceb0-4b48-4455-969d-c37705d4e7f8@group-3E735BBBD292-LeaderElection32: ELECTION REJECTED received 1 response(s) and 0 exception(s):
2021-08-18 00:05:31,455 [e968ceb0-4b48-4455-969d-c37705d4e7f8@group-3E735BBBD292-LeaderElection32] INFO  impl.LeaderElection (LeaderElection.java:logAndReturn(93)) -   Response 0: e968ceb0-4b48-4455-969d-c37705d4e7f8<-d7f544bc-16cd-4de5-96c9-37820cb3981a#0:FAIL-t1
2021-08-18 00:05:31,456 [e968ceb0-4b48-4455-969d-c37705d4e7f8@group-3E735BBBD292-LeaderElection32] INFO  impl.LeaderElection (LeaderElection.java:askForVotes(308)) - e968ceb0-4b48-4455-969d-c37705d4e7f8@group-3E735BBBD292-LeaderElection32 ELECTION round 0: result REJECTED
2021-08-18 00:05:31,456 [e968ceb0-4b48-4455-969d-c37705d4e7f8@group-3E735BBBD292-LeaderElection32] INFO  server.RaftServer$Division (RaftServerImpl.java:setRole(285)) - e968ceb0-4b48-4455-969d-c37705d4e7f8@group-3E735BBBD292: changes role from CANDIDATE to FOLLOWER at term 1 for REJECTED
2021-08-18 00:05:31,456 [e968ceb0-4b48-4455-969d-c37705d4e7f8@group-3E735BBBD292-LeaderElection32] INFO  impl.RoleInfo (RoleInfo.java:shutdownLeaderElection(121)) - e968ceb0-4b48-4455-969d-c37705d4e7f8: shutdown e968ceb0-4b48-4455-969d-c37705d4e7f8@group-3E735BBBD292-LeaderElection32
2021-08-18 00:05:31,456 [e968ceb0-4b48-4455-969d-c37705d4e7f8@group-3E735BBBD292-LeaderElection32] INFO  impl.RoleInfo (RoleInfo.java:updateAndGet(130)) - e968ceb0-4b48-4455-969d-c37705d4e7f8: start e968ceb0-4b48-4455-969d-c37705d4e7f8@group-3E735BBBD292-FollowerState
2021-08-18 00:05:31,846 [e968ceb0-4b48-4455-969d-c37705d4e7f8@group-7B91CF591A3B-FollowerState] INFO  impl.FollowerState (FollowerState.java:run(134)) - e968ceb0-4b48-4455-969d-c37705d4e7f8@group-7B91CF591A3B-FollowerState: change to CANDIDATE, lastRpcElapsedTime:5095183935ns, electionTimeout:5068ms
2021-08-18 00:05:31,847 [e968ceb0-4b48-4455-969d-c37705d4e7f8@group-7B91CF591A3B-FollowerState] INFO  impl.RoleInfo (RoleInfo.java:shutdownFollowerState(108)) - e968ceb0-4b48-4455-969d-c37705d4e7f8: shutdown e968ceb0-4b48-4455-969d-c37705d4e7f8@group-7B91CF591A3B-FollowerState
2021-08-18 00:05:31,847 [e968ceb0-4b48-4455-969d-c37705d4e7f8@group-7B91CF591A3B-FollowerState] INFO  server.RaftServer$Division (RaftServerImpl.java:setRole(285)) - e968ceb0-4b48-4455-969d-c37705d4e7f8@group-7B91CF591A3B: changes role from  FOLLOWER to CANDIDATE at term 0 for changeToCandidate
2021-08-18 00:05:31,847 [e968ceb0-4b48-4455-969d-c37705d4e7f8@group-7B91CF591A3B-FollowerState] INFO  server.RaftServerConfigKeys (ConfUtils.java:logGet(44)) - raft.server.leaderelection.pre-vote = false (custom)
2021-08-18 00:05:31,847 [e968ceb0-4b48-4455-969d-c37705d4e7f8@group-7B91CF591A3B-FollowerState] INFO  impl.RoleInfo (RoleInfo.java:updateAndGet(130)) - e968ceb0-4b48-4455-969d-c37705d4e7f8: start e968ceb0-4b48-4455-969d-c37705d4e7f8@group-7B91CF591A3B-LeaderElection34
2021-08-18 00:05:31,876 [e968ceb0-4b48-4455-969d-c37705d4e7f8@group-7B91CF591A3B-LeaderElection34] INFO  impl.LeaderElection (LeaderElection.java:askForVotes(306)) - e968ceb0-4b48-4455-969d-c37705d4e7f8@group-7B91CF591A3B-LeaderElection34 ELECTION round 0: submit vote requests at term 1 for -1: [e968ceb0-4b48-4455-969d-c37705d4e7f8|rpc:10.1.0.4:45809|priority:1], old=null
2021-08-18 00:05:31,877 [e968ceb0-4b48-4455-969d-c37705d4e7f8@group-7B91CF591A3B-LeaderElection34] INFO  impl.LeaderElection (LeaderElection.java:askForVotes(308)) - e968ceb0-4b48-4455-969d-c37705d4e7f8@group-7B91CF591A3B-LeaderElection34 ELECTION round 0: result PASSED (term=1)
2021-08-18 00:05:31,877 [e968ceb0-4b48-4455-969d-c37705d4e7f8@group-7B91CF591A3B-LeaderElection34] INFO  impl.RoleInfo (RoleInfo.java:shutdownLeaderElection(121)) - e968ceb0-4b48-4455-969d-c37705d4e7f8: shutdown e968ceb0-4b48-4455-969d-c37705d4e7f8@group-7B91CF591A3B-LeaderElection34
2021-08-18 00:05:31,877 [e968ceb0-4b48-4455-969d-c37705d4e7f8@group-7B91CF591A3B-LeaderElection34] INFO  server.RaftServer$Division (RaftServerImpl.java:setRole(285)) - e968ceb0-4b48-4455-969d-c37705d4e7f8@group-7B91CF591A3B: changes role from CANDIDATE to LEADER at term 1 for changeToLeader
2021-08-18 00:05:31,877 [e968ceb0-4b48-4455-969d-c37705d4e7f8@group-7B91CF591A3B-LeaderElection34] INFO  ratis.XceiverServerRatis (XceiverServerRatis.java:handleLeaderChangedNotification(861)) - Leader change notification received for group: group-7B91CF591A3B with new leaderId: e968ceb0-4b48-4455-969d-c37705d4e7f8
2021-08-18 00:05:31,877 [e968ceb0-4b48-4455-969d-c37705d4e7f8@group-7B91CF591A3B-LeaderElection34] INFO  server.RaftServer$Division (ServerState.java:setLeader(285)) - e968ceb0-4b48-4455-969d-c37705d4e7f8@group-7B91CF591A3B: change Leader from null to e968ceb0-4b48-4455-969d-c37705d4e7f8 at term 1 for becomeLeader, leader elected after 5143ms
2021-08-18 00:05:31,877 [e968ceb0-4b48-4455-969d-c37705d4e7f8@group-7B91CF591A3B-LeaderElection34] INFO  server.RaftServerConfigKeys (ConfUtils.java:logGet(44)) - raft.server.staging.catchup.gap = 1000 (default)
2021-08-18 00:05:31,877 [e968ceb0-4b48-4455-969d-c37705d4e7f8@group-7B91CF591A3B-LeaderElection34] INFO  server.RaftServerConfigKeys (ConfUtils.java:logGet(44)) - raft.server.write.element-limit = 1024 (custom)
2021-08-18 00:05:31,877 [e968ceb0-4b48-4455-969d-c37705d4e7f8@group-7B91CF591A3B-LeaderElection34] INFO  server.RaftServerConfigKeys (ConfUtils.java:logGet(44)) - raft.server.write.byte-limit = 1024 M (=1073741824) (custom)
2021-08-18 00:05:31,877 [e968ceb0-4b48-4455-969d-c37705d4e7f8@group-7B91CF591A3B-LeaderElection34] INFO  server.RaftServerConfigKeys (ConfUtils.java:logGet(44)) - raft.server.watch.timeout = 180s (custom)
2021-08-18 00:05:31,878 [e968ceb0-4b48-4455-969d-c37705d4e7f8@group-7B91CF591A3B-LeaderElection34] INFO  server.RaftServerConfigKeys (ConfUtils.java:logGet(44)) - raft.server.watch.timeout.denomination = 1s (default)
2021-08-18 00:05:31,878 [e968ceb0-4b48-4455-969d-c37705d4e7f8@group-7B91CF591A3B-LeaderElection34] INFO  server.RaftServerConfigKeys (ConfUtils.java:logGet(44)) - raft.server.watch.element-limit = 65536 (default)
2021-08-18 00:05:31,878 [e968ceb0-4b48-4455-969d-c37705d4e7f8@group-7B91CF591A3B-LeaderElection34] INFO  impl.RoleInfo (RoleInfo.java:updateAndGet(130)) - e968ceb0-4b48-4455-969d-c37705d4e7f8: start e968ceb0-4b48-4455-969d-c37705d4e7f8@group-7B91CF591A3B-LeaderStateImpl
2021-08-18 00:05:31,878 [e968ceb0-4b48-4455-969d-c37705d4e7f8@group-7B91CF591A3B-LeaderElection34] INFO  segmented.SegmentedRaftLogWorker (SegmentedRaftLogWorker.java:startLogSegment(394)) - e968ceb0-4b48-4455-969d-c37705d4e7f8@group-7B91CF591A3B-SegmentedRaftLogWorker: Starting segment from index:0
2021-08-18 00:05:31,891 [Datanode State Machine Thread - 0] WARN  statemachine.StateContext (StateContext.java:execute(621)) - No available thread in pool for past 1 seconds.
2021-08-18 00:05:31,893 [e968ceb0-4b48-4455-969d-c37705d4e7f8@group-7B91CF591A3B-LeaderElection34] INFO  server.RaftServer$Division (ServerState.java:setRaftConf(387)) - e968ceb0-4b48-4455-969d-c37705d4e7f8@group-7B91CF591A3B: set configuration 0: [e968ceb0-4b48-4455-969d-c37705d4e7f8|rpc:10.1.0.4:45809|dataStream:|priority:1], old=null
2021-08-18 00:05:31,893 [e968ceb0-4b48-4455-969d-c37705d4e7f8@group-7B91CF591A3B-SegmentedRaftLogWorker] INFO  segmented.SegmentedRaftLogWorker (SegmentedRaftLogWorker.java:execute(601)) - e968ceb0-4b48-4455-969d-c37705d4e7f8@group-7B91CF591A3B-SegmentedRaftLogWorker: created new log segment /home/runner/work/ozone/ozone/hadoop-ozone/integration-test/target/test-dir/MiniOzoneClusterImpl-b4dd0c3d-6691-419c-bf37-cebc6a2c258c/datanode-1/data/ratis/a19828b8-0903-42e7-8d30-7b91cf591a3b/current/log_inprogress_0
2021-08-18 00:05:31,895 [EventQueue-OpenPipelineForHealthyPipelineSafeModeRule] INFO  safemode.SCMSafeModeManager (HealthyPipelineSafeModeRule.java:process(124)) - SCM in safe mode. Healthy pipelines reported count is 0, required healthy pipeline reported count is 1
2021-08-18 00:05:31,980 [d7f544bc-16cd-4de5-96c9-37820cb3981a@group-BDD2E274C814-FollowerState] INFO  impl.FollowerState (FollowerState.java:run(134)) - d7f544bc-16cd-4de5-96c9-37820cb3981a@group-BDD2E274C814-FollowerState: change to CANDIDATE, lastRpcElapsedTime:5102632603ns, electionTimeout:5100ms
2021-08-18 00:05:31,981 [d7f544bc-16cd-4de5-96c9-37820cb3981a@group-BDD2E274C814-FollowerState] INFO  impl.RoleInfo (RoleInfo.java:shutdownFollowerState(108)) - d7f544bc-16cd-4de5-96c9-37820cb3981a: shutdown d7f544bc-16cd-4de5-96c9-37820cb3981a@group-BDD2E274C814-FollowerState
2021-08-18 00:05:31,981 [d7f544bc-16cd-4de5-96c9-37820cb3981a@group-BDD2E274C814-FollowerState] INFO  server.RaftServer$Division (RaftServerImpl.java:setRole(285)) - d7f544bc-16cd-4de5-96c9-37820cb3981a@group-BDD2E274C814: changes role from  FOLLOWER to CANDIDATE at term 0 for changeToCandidate
2021-08-18 00:05:31,981 [d7f544bc-16cd-4de5-96c9-37820cb3981a@group-BDD2E274C814-FollowerState] INFO  server.RaftServerConfigKeys (ConfUtils.java:logGet(44)) - raft.server.leaderelection.pre-vote = false (custom)
2021-08-18 00:05:31,981 [d7f544bc-16cd-4de5-96c9-37820cb3981a@group-BDD2E274C814-FollowerState] INFO  impl.RoleInfo (RoleInfo.java:updateAndGet(130)) - d7f544bc-16cd-4de5-96c9-37820cb3981a: start d7f544bc-16cd-4de5-96c9-37820cb3981a@group-BDD2E274C814-LeaderElection35
2021-08-18 00:05:31,990 [3f5fdcdb-3920-48dc-9b27-ab3e73a64fa3@group-BDD2E274C814-FollowerState] INFO  impl.FollowerState (FollowerState.java:run(134)) - 3f5fdcdb-3920-48dc-9b27-ab3e73a64fa3@group-BDD2E274C814-FollowerState: change to CANDIDATE, lastRpcElapsedTime:5072283047ns, electionTimeout:5042ms
2021-08-18 00:05:31,991 [3f5fdcdb-3920-48dc-9b27-ab3e73a64fa3@group-BDD2E274C814-FollowerState] INFO  impl.RoleInfo (RoleInfo.java:shutdownFollowerState(108)) - 3f5fdcdb-3920-48dc-9b27-ab3e73a64fa3: shutdown 3f5fdcdb-3920-48dc-9b27-ab3e73a64fa3@group-BDD2E274C814-FollowerState
2021-08-18 00:05:31,991 [3f5fdcdb-3920-48dc-9b27-ab3e73a64fa3@group-BDD2E274C814-FollowerState] INFO  server.RaftServer$Division (RaftServerImpl.java:setRole(285)) - 3f5fdcdb-3920-48dc-9b27-ab3e73a64fa3@group-BDD2E274C814: changes role from  FOLLOWER to CANDIDATE at term 0 for changeToCandidate
2021-08-18 00:05:31,991 [3f5fdcdb-3920-48dc-9b27-ab3e73a64fa3@group-BDD2E274C814-FollowerState] INFO  server.RaftServerConfigKeys (ConfUtils.java:logGet(44)) - raft.server.leaderelection.pre-vote = false (custom)
2021-08-18 00:05:31,991 [3f5fdcdb-3920-48dc-9b27-ab3e73a64fa3@group-BDD2E274C814-FollowerState] INFO  impl.RoleInfo (RoleInfo.java:updateAndGet(130)) - 3f5fdcdb-3920-48dc-9b27-ab3e73a64fa3: start 3f5fdcdb-3920-48dc-9b27-ab3e73a64fa3@group-BDD2E274C814-LeaderElection36
2021-08-18 00:05:31,998 [e968ceb0-4b48-4455-969d-c37705d4e7f8@group-BDD2E274C814-FollowerState] INFO  impl.FollowerState (FollowerState.java:run(134)) - e968ceb0-4b48-4455-969d-c37705d4e7f8@group-BDD2E274C814-FollowerState: change to CANDIDATE, lastRpcElapsedTime:5199826180ns, electionTimeout:5193ms
2021-08-18 00:05:31,998 [e968ceb0-4b48-4455-969d-c37705d4e7f8@group-BDD2E274C814-FollowerState] INFO  impl.RoleInfo (RoleInfo.java:shutdownFollowerState(108)) - e968ceb0-4b48-4455-969d-c37705d4e7f8: shutdown e968ceb0-4b48-4455-969d-c37705d4e7f8@group-BDD2E274C814-FollowerState
2021-08-18 00:05:31,998 [e968ceb0-4b48-4455-969d-c37705d4e7f8@group-BDD2E274C814-FollowerState] INFO  server.RaftServer$Division (RaftServerImpl.java:setRole(285)) - e968ceb0-4b48-4455-969d-c37705d4e7f8@group-BDD2E274C814: changes role from  FOLLOWER to CANDIDATE at term 0 for changeToCandidate
2021-08-18 00:05:32,014 [d7f544bc-16cd-4de5-96c9-37820cb3981a@group-BDD2E274C814-LeaderElection35] INFO  impl.LeaderElection (LeaderElection.java:askForVotes(306)) - d7f544bc-16cd-4de5-96c9-37820cb3981a@group-BDD2E274C814-LeaderElection35 ELECTION round 0: submit vote requests at term 1 for -1: [d7f544bc-16cd-4de5-96c9-37820cb3981a|rpc:10.1.0.4:36017|priority:0, e968ceb0-4b48-4455-969d-c37705d4e7f8|rpc:10.1.0.4:45809|priority:1, 3f5fdcdb-3920-48dc-9b27-ab3e73a64fa3|rpc:10.1.0.4:45579|priority:0], old=null
2021-08-18 00:05:32,033 [e968ceb0-4b48-4455-969d-c37705d4e7f8@group-BDD2E274C814-FollowerState] INFO  server.RaftServerConfigKeys (ConfUtils.java:logGet(44)) - raft.server.leaderelection.pre-vote = false (custom)
2021-08-18 00:05:32,033 [e968ceb0-4b48-4455-969d-c37705d4e7f8@group-BDD2E274C814-FollowerState] INFO  impl.RoleInfo (RoleInfo.java:updateAndGet(130)) - e968ceb0-4b48-4455-969d-c37705d4e7f8: start e968ceb0-4b48-4455-969d-c37705d4e7f8@group-BDD2E274C814-LeaderElection37
2021-08-18 00:05:32,041 [grpc-default-executor-1] INFO  server.RaftServer$Division (RaftServerImpl.java:requestVote(1043)) - e968ceb0-4b48-4455-969d-c37705d4e7f8@group-BDD2E274C814: receive requestVote(ELECTION, d7f544bc-16cd-4de5-96c9-37820cb3981a, group-BDD2E274C814, 1, (t:0, i:0))
2021-08-18 00:05:32,041 [grpc-default-executor-1] INFO  impl.VoteContext (VoteContext.java:log(48)) - e968ceb0-4b48-4455-969d-c37705d4e7f8@group-BDD2E274C814-CANDIDATE: reject ELECTION from d7f544bc-16cd-4de5-96c9-37820cb3981a: our priority 1 > candidate's priority 0
2021-08-18 00:05:32,041 [grpc-default-executor-1] INFO  server.RaftServer$Division (RaftServerImpl.java:setRole(285)) - e968ceb0-4b48-4455-969d-c37705d4e7f8@group-BDD2E274C814: changes role from CANDIDATE to FOLLOWER at term 1 for candidate:d7f544bc-16cd-4de5-96c9-37820cb3981a
2021-08-18 00:05:32,042 [grpc-default-executor-1] INFO  impl.RoleInfo (RoleInfo.java:shutdownLeaderElection(121)) - e968ceb0-4b48-4455-969d-c37705d4e7f8: shutdown e968ceb0-4b48-4455-969d-c37705d4e7f8@group-BDD2E274C814-LeaderElection37
2021-08-18 00:05:32,042 [grpc-default-executor-1] INFO  impl.RoleInfo (RoleInfo.java:updateAndGet(130)) - e968ceb0-4b48-4455-969d-c37705d4e7f8: start e968ceb0-4b48-4455-969d-c37705d4e7f8@group-BDD2E274C814-FollowerState
2021-08-18 00:05:32,044 [grpc-default-executor-1] INFO  server.RaftServer$Division (RaftServerImpl.java:requestVote(1075)) - e968ceb0-4b48-4455-969d-c37705d4e7f8@group-BDD2E274C814 replies to ELECTION vote request: d7f544bc-16cd-4de5-96c9-37820cb3981a<-e968ceb0-4b48-4455-969d-c37705d4e7f8#0:FAIL-t1. Peer's state: e968ceb0-4b48-4455-969d-c37705d4e7f8@group-BDD2E274C814:t1, leader=null, voted=null, raftlog=e968ceb0-4b48-4455-969d-c37705d4e7f8@group-BDD2E274C814-SegmentedRaftLog:OPENED:c-1,f-1,i0, conf=-1: [d7f544bc-16cd-4de5-96c9-37820cb3981a|rpc:10.1.0.4:36017|priority:0, e968ceb0-4b48-4455-969d-c37705d4e7f8|rpc:10.1.0.4:45809|priority:1, 3f5fdcdb-3920-48dc-9b27-ab3e73a64fa3|rpc:10.1.0.4:45579|priority:0], old=null
2021-08-18 00:05:32,070 [3f5fdcdb-3920-48dc-9b27-ab3e73a64fa3@group-BDD2E274C814-LeaderElection36] INFO  impl.LeaderElection (LeaderElection.java:askForVotes(306)) - 3f5fdcdb-3920-48dc-9b27-ab3e73a64fa3@group-BDD2E274C814-LeaderElection36 ELECTION round 0: submit vote requests at term 1 for -1: [d7f544bc-16cd-4de5-96c9-37820cb3981a|rpc:10.1.0.4:36017|dataStream:|priority:0, e968ceb0-4b48-4455-969d-c37705d4e7f8|rpc:10.1.0.4:45809|dataStream:|priority:1, 3f5fdcdb-3920-48dc-9b27-ab3e73a64fa3|rpc:10.1.0.4:45579|dataStream:|priority:0], old=null
2021-08-18 00:05:32,105 [grpc-default-executor-1] INFO  server.RaftServer$Division (RaftServerImpl.java:requestVote(1043)) - 3f5fdcdb-3920-48dc-9b27-ab3e73a64fa3@group-BDD2E274C814: receive requestVote(ELECTION, d7f544bc-16cd-4de5-96c9-37820cb3981a, group-BDD2E274C814, 1, (t:0, i:0))
2021-08-18 00:05:32,126 [grpc-default-executor-1] INFO  impl.VoteContext (VoteContext.java:log(48)) - 3f5fdcdb-3920-48dc-9b27-ab3e73a64fa3@group-BDD2E274C814-CANDIDATE: reject ELECTION from d7f544bc-16cd-4de5-96c9-37820cb3981a: already has voted for 3f5fdcdb-3920-48dc-9b27-ab3e73a64fa3 at current term 1
2021-08-18 00:05:32,127 [grpc-default-executor-1] INFO  server.RaftServer$Division (RaftServerImpl.java:requestVote(1075)) - 3f5fdcdb-3920-48dc-9b27-ab3e73a64fa3@group-BDD2E274C814 replies to ELECTION vote request: d7f544bc-16cd-4de5-96c9-37820cb3981a<-3f5fdcdb-3920-48dc-9b27-ab3e73a64fa3#0:FAIL-t1. Peer's state: 3f5fdcdb-3920-48dc-9b27-ab3e73a64fa3@group-BDD2E274C814:t1, leader=null, voted=3f5fdcdb-3920-48dc-9b27-ab3e73a64fa3, raftlog=3f5fdcdb-3920-48dc-9b27-ab3e73a64fa3@group-BDD2E274C814-SegmentedRaftLog:OPENED:c-1,f-1,i0, conf=-1: [d7f544bc-16cd-4de5-96c9-37820cb3981a|rpc:10.1.0.4:36017|dataStream:|priority:0, e968ceb0-4b48-4455-969d-c37705d4e7f8|rpc:10.1.0.4:45809|dataStream:|priority:1, 3f5fdcdb-3920-48dc-9b27-ab3e73a64fa3|rpc:10.1.0.4:45579|dataStream:|priority:0], old=null
2021-08-18 00:05:32,126 [grpc-default-executor-0] INFO  server.RaftServer$Division (RaftServerImpl.java:requestVote(1043)) - d7f544bc-16cd-4de5-96c9-37820cb3981a@group-BDD2E274C814: receive requestVote(ELECTION, 3f5fdcdb-3920-48dc-9b27-ab3e73a64fa3, group-BDD2E274C814, 1, (t:0, i:0))
2021-08-18 00:05:32,129 [grpc-default-executor-0] INFO  impl.VoteContext (VoteContext.java:log(48)) - d7f544bc-16cd-4de5-96c9-37820cb3981a@group-BDD2E274C814-CANDIDATE: reject ELECTION from 3f5fdcdb-3920-48dc-9b27-ab3e73a64fa3: already has voted for d7f544bc-16cd-4de5-96c9-37820cb3981a at current term 1
2021-08-18 00:05:32,130 [grpc-default-executor-0] INFO  server.RaftServer$Division (RaftServerImpl.java:requestVote(1075)) - d7f544bc-16cd-4de5-96c9-37820cb3981a@group-BDD2E274C814 replies to ELECTION vote request: 3f5fdcdb-3920-48dc-9b27-ab3e73a64fa3<-d7f544bc-16cd-4de5-96c9-37820cb3981a#0:FAIL-t1. Peer's state: d7f544bc-16cd-4de5-96c9-37820cb3981a@group-BDD2E274C814:t1, leader=null, voted=d7f544bc-16cd-4de5-96c9-37820cb3981a, raftlog=d7f544bc-16cd-4de5-96c9-37820cb3981a@group-BDD2E274C814-SegmentedRaftLog:OPENED:c-1,f-1,i0, conf=-1: [d7f544bc-16cd-4de5-96c9-37820cb3981a|rpc:10.1.0.4:36017|priority:0, e968ceb0-4b48-4455-969d-c37705d4e7f8|rpc:10.1.0.4:45809|priority:1, 3f5fdcdb-3920-48dc-9b27-ab3e73a64fa3|rpc:10.1.0.4:45579|priority:0], old=null
2021-08-18 00:05:32,124 [d7f544bc-16cd-4de5-96c9-37820cb3981a@group-BDD2E274C814-LeaderElection35] INFO  impl.LeaderElection (LeaderElection.java:logAndReturn(89)) - d7f544bc-16cd-4de5-96c9-37820cb3981a@group-BDD2E274C814-LeaderElection35: ELECTION REJECTED received 1 response(s) and 0 exception(s):
2021-08-18 00:05:32,131 [d7f544bc-16cd-4de5-96c9-37820cb3981a@group-BDD2E274C814-LeaderElection35] INFO  impl.LeaderElection (LeaderElection.java:logAndReturn(93)) -   Response 0: d7f544bc-16cd-4de5-96c9-37820cb3981a<-e968ceb0-4b48-4455-969d-c37705d4e7f8#0:FAIL-t1
2021-08-18 00:05:32,131 [d7f544bc-16cd-4de5-96c9-37820cb3981a@group-BDD2E274C814-LeaderElection35] INFO  impl.LeaderElection (LeaderElection.java:askForVotes(308)) - d7f544bc-16cd-4de5-96c9-37820cb3981a@group-BDD2E274C814-LeaderElection35 ELECTION round 0: result REJECTED
2021-08-18 00:05:32,131 [d7f544bc-16cd-4de5-96c9-37820cb3981a@group-BDD2E274C814-LeaderElection35] INFO  server.RaftServer$Division (RaftServerImpl.java:setRole(285)) - d7f544bc-16cd-4de5-96c9-37820cb3981a@group-BDD2E274C814: changes role from CANDIDATE to FOLLOWER at term 1 for REJECTED
2021-08-18 00:05:32,131 [d7f544bc-16cd-4de5-96c9-37820cb3981a@group-BDD2E274C814-LeaderElection35] INFO  impl.RoleInfo (RoleInfo.java:shutdownLeaderElection(121)) - d7f544bc-16cd-4de5-96c9-37820cb3981a: shutdown d7f544bc-16cd-4de5-96c9-37820cb3981a@group-BDD2E274C814-LeaderElection35
2021-08-18 00:05:32,131 [d7f544bc-16cd-4de5-96c9-37820cb3981a@group-BDD2E274C814-LeaderElection35] INFO  impl.RoleInfo (RoleInfo.java:updateAndGet(130)) - d7f544bc-16cd-4de5-96c9-37820cb3981a: start d7f544bc-16cd-4de5-96c9-37820cb3981a@group-BDD2E274C814-FollowerState
2021-08-18 00:05:32,181 [grpc-default-executor-1] INFO  server.RaftServer$Division (RaftServerImpl.java:requestVote(1043)) - e968ceb0-4b48-4455-969d-c37705d4e7f8@group-BDD2E274C814: receive requestVote(ELECTION, 3f5fdcdb-3920-48dc-9b27-ab3e73a64fa3, group-BDD2E274C814, 1, (t:0, i:0))
2021-08-18 00:05:32,187 [grpc-default-executor-1] INFO  impl.VoteContext (VoteContext.java:log(48)) - e968ceb0-4b48-4455-969d-c37705d4e7f8@group-BDD2E274C814-FOLLOWER: reject ELECTION from 3f5fdcdb-3920-48dc-9b27-ab3e73a64fa3: our priority 1 > candidate's priority 0
2021-08-18 00:05:32,187 [grpc-default-executor-1] INFO  server.RaftServer$Division (RaftServerImpl.java:setRole(285)) - e968ceb0-4b48-4455-969d-c37705d4e7f8@group-BDD2E274C814: changes role from  FOLLOWER to FOLLOWER at term 1 for candidate:3f5fdcdb-3920-48dc-9b27-ab3e73a64fa3
2021-08-18 00:05:32,187 [grpc-default-executor-1] INFO  impl.RoleInfo (RoleInfo.java:shutdownFollowerState(108)) - e968ceb0-4b48-4455-969d-c37705d4e7f8: shutdown e968ceb0-4b48-4455-969d-c37705d4e7f8@group-BDD2E274C814-FollowerState
2021-08-18 00:05:32,187 [grpc-default-executor-1] INFO  impl.RoleInfo (RoleInfo.java:updateAndGet(130)) - e968ceb0-4b48-4455-969d-c37705d4e7f8: start e968ceb0-4b48-4455-969d-c37705d4e7f8@group-BDD2E274C814-FollowerState
2021-08-18 00:05:32,187 [e968ceb0-4b48-4455-969d-c37705d4e7f8@group-BDD2E274C814-FollowerState] INFO  impl.FollowerState (FollowerState.java:run(143)) - e968ceb0-4b48-4455-969d-c37705d4e7f8@group-BDD2E274C814-FollowerState was interrupted: {}
java.lang.InterruptedException: sleep interrupted
	at java.lang.Thread.sleep(Native Method)
	at java.lang.Thread.sleep(Thread.java:340)
	at java.util.concurrent.TimeUnit.sleep(TimeUnit.java:386)
	at org.apache.ratis.util.TimeDuration.sleep(TimeDuration.java:324)
	at org.apache.ratis.util.TimeDuration.sleep(TimeDuration.java:309)
	at org.apache.ratis.server.impl.FollowerState.run(FollowerState.java:118)
2021-08-18 00:05:32,196 [grpc-default-executor-1] INFO  server.RaftServer$Division (RaftServerImpl.java:requestVote(1075)) - e968ceb0-4b48-4455-969d-c37705d4e7f8@group-BDD2E274C814 replies to ELECTION vote request: 3f5fdcdb-3920-48dc-9b27-ab3e73a64fa3<-e968ceb0-4b48-4455-969d-c37705d4e7f8#0:FAIL-t1. Peer's state: e968ceb0-4b48-4455-969d-c37705d4e7f8@group-BDD2E274C814:t1, leader=null, voted=null, raftlog=e968ceb0-4b48-4455-969d-c37705d4e7f8@group-BDD2E274C814-SegmentedRaftLog:OPENED:c-1,f-1,i0, conf=-1: [d7f544bc-16cd-4de5-96c9-37820cb3981a|rpc:10.1.0.4:36017|priority:0, e968ceb0-4b48-4455-969d-c37705d4e7f8|rpc:10.1.0.4:45809|priority:1, 3f5fdcdb-3920-48dc-9b27-ab3e73a64fa3|rpc:10.1.0.4:45579|priority:0], old=null
2021-08-18 00:05:32,209 [3f5fdcdb-3920-48dc-9b27-ab3e73a64fa3@group-BDD2E274C814-LeaderElection36] INFO  impl.LeaderElection (LeaderElection.java:logAndReturn(89)) - 3f5fdcdb-3920-48dc-9b27-ab3e73a64fa3@group-BDD2E274C814-LeaderElection36: ELECTION REJECTED received 2 response(s) and 0 exception(s):
2021-08-18 00:05:32,209 [3f5fdcdb-3920-48dc-9b27-ab3e73a64fa3@group-BDD2E274C814-LeaderElection36] INFO  impl.LeaderElection (LeaderElection.java:logAndReturn(93)) -   Response 0: 3f5fdcdb-3920-48dc-9b27-ab3e73a64fa3<-d7f544bc-16cd-4de5-96c9-37820cb3981a#0:FAIL-t1
2021-08-18 00:05:32,209 [3f5fdcdb-3920-48dc-9b27-ab3e73a64fa3@group-BDD2E274C814-LeaderElection36] INFO  impl.LeaderElection (LeaderElection.java:logAndReturn(93)) -   Response 1: 3f5fdcdb-3920-48dc-9b27-ab3e73a64fa3<-e968ceb0-4b48-4455-969d-c37705d4e7f8#0:FAIL-t1
2021-08-18 00:05:32,209 [3f5fdcdb-3920-48dc-9b27-ab3e73a64fa3@group-BDD2E274C814-LeaderElection36] INFO  impl.LeaderElection (LeaderElection.java:askForVotes(308)) - 3f5fdcdb-3920-48dc-9b27-ab3e73a64fa3@group-BDD2E274C814-LeaderElection36 ELECTION round 0: result REJECTED
2021-08-18 00:05:32,209 [3f5fdcdb-3920-48dc-9b27-ab3e73a64fa3@group-BDD2E274C814-LeaderElection36] INFO  server.RaftServer$Division (RaftServerImpl.java:setRole(285)) - 3f5fdcdb-3920-48dc-9b27-ab3e73a64fa3@group-BDD2E274C814: changes role from CANDIDATE to FOLLOWER at term 1 for REJECTED
2021-08-18 00:05:32,210 [3f5fdcdb-3920-48dc-9b27-ab3e73a64fa3@group-BDD2E274C814-LeaderElection36] INFO  impl.RoleInfo (RoleInfo.java:shutdownLeaderElection(121)) - 3f5fdcdb-3920-48dc-9b27-ab3e73a64fa3: shutdown 3f5fdcdb-3920-48dc-9b27-ab3e73a64fa3@group-BDD2E274C814-LeaderElection36
2021-08-18 00:05:32,210 [3f5fdcdb-3920-48dc-9b27-ab3e73a64fa3@group-BDD2E274C814-LeaderElection36] INFO  impl.RoleInfo (RoleInfo.java:updateAndGet(130)) - 3f5fdcdb-3920-48dc-9b27-ab3e73a64fa3: start 3f5fdcdb-3920-48dc-9b27-ab3e73a64fa3@group-BDD2E274C814-FollowerState
2021-08-18 00:05:32,316 [Listener at 127.0.0.1/46821] INFO  ozone.MiniOzoneClusterImpl (MiniOzoneClusterImpl.java:lambda$waitForClusterToBeReady$0(235)) - Nodes are ready. Got 3 of 3 DN Heartbeats.
2021-08-18 00:05:32,316 [Listener at 127.0.0.1/46821] INFO  ozone.MiniOzoneClusterImpl (MiniOzoneClusterImpl.java:lambda$waitForClusterToBeReady$0(238)) - Waiting for cluster to exit safe mode
2021-08-18 00:05:32,316 [Listener at 127.0.0.1/46821] INFO  ozone.MiniOzoneClusterImpl (MiniOzoneClusterImpl.java:lambda$waitForClusterToBeReady$0(240)) - SCM became leader
2021-08-18 00:05:32,508 [3f5fdcdb-3920-48dc-9b27-ab3e73a64fa3@group-FDAB78068694-FollowerState] INFO  impl.FollowerState (FollowerState.java:run(134)) - 3f5fdcdb-3920-48dc-9b27-ab3e73a64fa3@group-FDAB78068694-FollowerState: change to CANDIDATE, lastRpcElapsedTime:5125744433ns, electionTimeout:5103ms
2021-08-18 00:05:32,509 [3f5fdcdb-3920-48dc-9b27-ab3e73a64fa3@group-FDAB78068694-FollowerState] INFO  impl.RoleInfo (RoleInfo.java:shutdownFollowerState(108)) - 3f5fdcdb-3920-48dc-9b27-ab3e73a64fa3: shutdown 3f5fdcdb-3920-48dc-9b27-ab3e73a64fa3@group-FDAB78068694-FollowerState
2021-08-18 00:05:32,509 [3f5fdcdb-3920-48dc-9b27-ab3e73a64fa3@group-FDAB78068694-FollowerState] INFO  server.RaftServer$Division (RaftServerImpl.java:setRole(285)) - 3f5fdcdb-3920-48dc-9b27-ab3e73a64fa3@group-FDAB78068694: changes role from  FOLLOWER to CANDIDATE at term 0 for changeToCandidate
2021-08-18 00:05:32,509 [3f5fdcdb-3920-48dc-9b27-ab3e73a64fa3@group-FDAB78068694-FollowerState] INFO  server.RaftServerConfigKeys (ConfUtils.java:logGet(44)) - raft.server.leaderelection.pre-vote = false (custom)
2021-08-18 00:05:32,509 [3f5fdcdb-3920-48dc-9b27-ab3e73a64fa3@group-FDAB78068694-FollowerState] INFO  impl.RoleInfo (RoleInfo.java:updateAndGet(130)) - 3f5fdcdb-3920-48dc-9b27-ab3e73a64fa3: start 3f5fdcdb-3920-48dc-9b27-ab3e73a64fa3@group-FDAB78068694-LeaderElection38
2021-08-18 00:05:32,544 [3f5fdcdb-3920-48dc-9b27-ab3e73a64fa3@group-FDAB78068694-LeaderElection38] INFO  impl.LeaderElection (LeaderElection.java:askForVotes(306)) - 3f5fdcdb-3920-48dc-9b27-ab3e73a64fa3@group-FDAB78068694-LeaderElection38 ELECTION round 0: submit vote requests at term 1 for -1: [3f5fdcdb-3920-48dc-9b27-ab3e73a64fa3|rpc:10.1.0.4:45579|priority:1], old=null
2021-08-18 00:05:32,544 [3f5fdcdb-3920-48dc-9b27-ab3e73a64fa3@group-FDAB78068694-LeaderElection38] INFO  impl.LeaderElection (LeaderElection.java:askForVotes(308)) - 3f5fdcdb-3920-48dc-9b27-ab3e73a64fa3@group-FDAB78068694-LeaderElection38 ELECTION round 0: result PASSED (term=1)
2021-08-18 00:05:32,544 [3f5fdcdb-3920-48dc-9b27-ab3e73a64fa3@group-FDAB78068694-LeaderElection38] INFO  impl.RoleInfo (RoleInfo.java:shutdownLeaderElection(121)) - 3f5fdcdb-3920-48dc-9b27-ab3e73a64fa3: shutdown 3f5fdcdb-3920-48dc-9b27-ab3e73a64fa3@group-FDAB78068694-LeaderElection38
2021-08-18 00:05:32,545 [3f5fdcdb-3920-48dc-9b27-ab3e73a64fa3@group-FDAB78068694-LeaderElection38] INFO  server.RaftServer$Division (RaftServerImpl.java:setRole(285)) - 3f5fdcdb-3920-48dc-9b27-ab3e73a64fa3@group-FDAB78068694: changes role from CANDIDATE to LEADER at term 1 for changeToLeader
2021-08-18 00:05:32,545 [3f5fdcdb-3920-48dc-9b27-ab3e73a64fa3@group-FDAB78068694-LeaderElection38] INFO  ratis.XceiverServerRatis (XceiverServerRatis.java:handleLeaderChangedNotification(861)) - Leader change notification received for group: group-FDAB78068694 with new leaderId: 3f5fdcdb-3920-48dc-9b27-ab3e73a64fa3
2021-08-18 00:05:32,545 [3f5fdcdb-3920-48dc-9b27-ab3e73a64fa3@group-FDAB78068694-LeaderElection38] INFO  server.RaftServer$Division (ServerState.java:setLeader(285)) - 3f5fdcdb-3920-48dc-9b27-ab3e73a64fa3@group-FDAB78068694: change Leader from null to 3f5fdcdb-3920-48dc-9b27-ab3e73a64fa3 at term 1 for becomeLeader, leader elected after 5178ms
2021-08-18 00:05:32,545 [3f5fdcdb-3920-48dc-9b27-ab3e73a64fa3@group-FDAB78068694-LeaderElection38] INFO  server.RaftServerConfigKeys (ConfUtils.java:logGet(44)) - raft.server.staging.catchup.gap = 1000 (default)
2021-08-18 00:05:32,546 [3f5fdcdb-3920-48dc-9b27-ab3e73a64fa3@group-FDAB78068694-LeaderElection38] INFO  server.RaftServerConfigKeys (ConfUtils.java:logGet(44)) - raft.server.write.element-limit = 1024 (custom)
2021-08-18 00:05:32,546 [3f5fdcdb-3920-48dc-9b27-ab3e73a64fa3@group-FDAB78068694-LeaderElection38] INFO  server.RaftServerConfigKeys (ConfUtils.java:logGet(44)) - raft.server.write.byte-limit = 1024 M (=1073741824) (custom)
2021-08-18 00:05:32,546 [3f5fdcdb-3920-48dc-9b27-ab3e73a64fa3@group-FDAB78068694-LeaderElection38] INFO  server.RaftServerConfigKeys (ConfUtils.java:logGet(44)) - raft.server.watch.timeout = 180s (custom)
2021-08-18 00:05:32,546 [3f5fdcdb-3920-48dc-9b27-ab3e73a64fa3@group-FDAB78068694-LeaderElection38] INFO  server.RaftServerConfigKeys (ConfUtils.java:logGet(44)) - raft.server.watch.timeout.denomination = 1s (default)
2021-08-18 00:05:32,546 [3f5fdcdb-3920-48dc-9b27-ab3e73a64fa3@group-FDAB78068694-LeaderElection38] INFO  server.RaftServerConfigKeys (ConfUtils.java:logGet(44)) - raft.server.watch.element-limit = 65536 (default)
2021-08-18 00:05:32,547 [3f5fdcdb-3920-48dc-9b27-ab3e73a64fa3@group-FDAB78068694-LeaderElection38] INFO  impl.RoleInfo (RoleInfo.java:updateAndGet(130)) - 3f5fdcdb-3920-48dc-9b27-ab3e73a64fa3: start 3f5fdcdb-3920-48dc-9b27-ab3e73a64fa3@group-FDAB78068694-LeaderStateImpl
2021-08-18 00:05:32,547 [3f5fdcdb-3920-48dc-9b27-ab3e73a64fa3@group-FDAB78068694-LeaderElection38] INFO  segmented.SegmentedRaftLogWorker (SegmentedRaftLogWorker.java:startLogSegment(394)) - 3f5fdcdb-3920-48dc-9b27-ab3e73a64fa3@group-FDAB78068694-SegmentedRaftLogWorker: Starting segment from index:0
2021-08-18 00:05:32,549 [Datanode State Machine Thread - 0] WARN  statemachine.StateContext (StateContext.java:execute(621)) - No available thread in pool for past 1 seconds.
2021-08-18 00:05:32,550 [EventQueue-OpenPipelineForHealthyPipelineSafeModeRule] INFO  safemode.SCMSafeModeManager (HealthyPipelineSafeModeRule.java:process(124)) - SCM in safe mode. Healthy pipelines reported count is 0, required healthy pipeline reported count is 1
2021-08-18 00:05:32,552 [3f5fdcdb-3920-48dc-9b27-ab3e73a64fa3@group-FDAB78068694-SegmentedRaftLogWorker] INFO  segmented.SegmentedRaftLogWorker (SegmentedRaftLogWorker.java:execute(601)) - 3f5fdcdb-3920-48dc-9b27-ab3e73a64fa3@group-FDAB78068694-SegmentedRaftLogWorker: created new log segment /home/runner/work/ozone/ozone/hadoop-ozone/integration-test/target/test-dir/MiniOzoneClusterImpl-b4dd0c3d-6691-419c-bf37-cebc6a2c258c/datanode-2/data/ratis/4132d2a3-9a4f-462e-a8d5-fdab78068694/current/log_inprogress_0
2021-08-18 00:05:32,564 [3f5fdcdb-3920-48dc-9b27-ab3e73a64fa3@group-FDAB78068694-LeaderElection38] INFO  server.RaftServer$Division (ServerState.java:setRaftConf(387)) - 3f5fdcdb-3920-48dc-9b27-ab3e73a64fa3@group-FDAB78068694: set configuration 0: [3f5fdcdb-3920-48dc-9b27-ab3e73a64fa3|rpc:10.1.0.4:45579|dataStream:|priority:1], old=null
2021-08-18 00:05:33,318 [Listener at 127.0.0.1/46821] INFO  ozone.MiniOzoneClusterImpl (MiniOzoneClusterImpl.java:lambda$waitForClusterToBeReady$0(235)) - Nodes are ready. Got 3 of 3 DN Heartbeats.
2021-08-18 00:05:33,318 [Listener at 127.0.0.1/46821] INFO  ozone.MiniOzoneClusterImpl (MiniOzoneClusterImpl.java:lambda$waitForClusterToBeReady$0(238)) - Waiting for cluster to exit safe mode
2021-08-18 00:05:33,318 [Listener at 127.0.0.1/46821] INFO  ozone.MiniOzoneClusterImpl (MiniOzoneClusterImpl.java:lambda$waitForClusterToBeReady$0(240)) - SCM became leader
2021-08-18 00:05:34,318 [Listener at 127.0.0.1/46821] INFO  ozone.MiniOzoneClusterImpl (MiniOzoneClusterImpl.java:lambda$waitForClusterToBeReady$0(235)) - Nodes are ready. Got 3 of 3 DN Heartbeats.
2021-08-18 00:05:34,318 [Listener at 127.0.0.1/46821] INFO  ozone.MiniOzoneClusterImpl (MiniOzoneClusterImpl.java:lambda$waitForClusterToBeReady$0(238)) - Waiting for cluster to exit safe mode
2021-08-18 00:05:34,318 [Listener at 127.0.0.1/46821] INFO  ozone.MiniOzoneClusterImpl (MiniOzoneClusterImpl.java:lambda$waitForClusterToBeReady$0(240)) - SCM became leader
2021-08-18 00:05:35,318 [Listener at 127.0.0.1/46821] INFO  ozone.MiniOzoneClusterImpl (MiniOzoneClusterImpl.java:lambda$waitForClusterToBeReady$0(235)) - Nodes are ready. Got 3 of 3 DN Heartbeats.
2021-08-18 00:05:35,319 [Listener at 127.0.0.1/46821] INFO  ozone.MiniOzoneClusterImpl (MiniOzoneClusterImpl.java:lambda$waitForClusterToBeReady$0(238)) - Waiting for cluster to exit safe mode
2021-08-18 00:05:35,319 [Listener at 127.0.0.1/46821] INFO  ozone.MiniOzoneClusterImpl (MiniOzoneClusterImpl.java:lambda$waitForClusterToBeReady$0(240)) - SCM became leader
2021-08-18 00:05:36,320 [Listener at 127.0.0.1/46821] INFO  ozone.MiniOzoneClusterImpl (MiniOzoneClusterImpl.java:lambda$waitForClusterToBeReady$0(235)) - Nodes are ready. Got 3 of 3 DN Heartbeats.
2021-08-18 00:05:36,321 [Listener at 127.0.0.1/46821] INFO  ozone.MiniOzoneClusterImpl (MiniOzoneClusterImpl.java:lambda$waitForClusterToBeReady$0(238)) - Waiting for cluster to exit safe mode
2021-08-18 00:05:36,321 [Listener at 127.0.0.1/46821] INFO  ozone.MiniOzoneClusterImpl (MiniOzoneClusterImpl.java:lambda$waitForClusterToBeReady$0(240)) - SCM became leader
2021-08-18 00:05:36,486 [d7f544bc-16cd-4de5-96c9-37820cb3981a@group-3E735BBBD292-FollowerState] INFO  impl.FollowerState (FollowerState.java:run(134)) - d7f544bc-16cd-4de5-96c9-37820cb3981a@group-3E735BBBD292-FollowerState: change to CANDIDATE, lastRpcElapsedTime:5085283372ns, electionTimeout:5038ms
2021-08-18 00:05:36,487 [d7f544bc-16cd-4de5-96c9-37820cb3981a@group-3E735BBBD292-FollowerState] INFO  impl.RoleInfo (RoleInfo.java:shutdownFollowerState(108)) - d7f544bc-16cd-4de5-96c9-37820cb3981a: shutdown d7f544bc-16cd-4de5-96c9-37820cb3981a@group-3E735BBBD292-FollowerState
2021-08-18 00:05:36,487 [d7f544bc-16cd-4de5-96c9-37820cb3981a@group-3E735BBBD292-FollowerState] INFO  server.RaftServer$Division (RaftServerImpl.java:setRole(285)) - d7f544bc-16cd-4de5-96c9-37820cb3981a@group-3E735BBBD292: changes role from  FOLLOWER to CANDIDATE at term 1 for changeToCandidate
2021-08-18 00:05:36,487 [d7f544bc-16cd-4de5-96c9-37820cb3981a@group-3E735BBBD292-FollowerState] INFO  server.RaftServerConfigKeys (ConfUtils.java:logGet(44)) - raft.server.leaderelection.pre-vote = false (custom)
2021-08-18 00:05:36,487 [d7f544bc-16cd-4de5-96c9-37820cb3981a@group-3E735BBBD292-FollowerState] INFO  impl.RoleInfo (RoleInfo.java:updateAndGet(130)) - d7f544bc-16cd-4de5-96c9-37820cb3981a: start d7f544bc-16cd-4de5-96c9-37820cb3981a@group-3E735BBBD292-LeaderElection39
2021-08-18 00:05:36,512 [e968ceb0-4b48-4455-969d-c37705d4e7f8@group-3E735BBBD292-FollowerState] INFO  impl.FollowerState (FollowerState.java:run(134)) - e968ceb0-4b48-4455-969d-c37705d4e7f8@group-3E735BBBD292-FollowerState: change to CANDIDATE, lastRpcElapsedTime:5055924169ns, electionTimeout:5045ms
2021-08-18 00:05:36,512 [e968ceb0-4b48-4455-969d-c37705d4e7f8@group-3E735BBBD292-FollowerState] INFO  impl.RoleInfo (RoleInfo.java:shutdownFollowerState(108)) - e968ceb0-4b48-4455-969d-c37705d4e7f8: shutdown e968ceb0-4b48-4455-969d-c37705d4e7f8@group-3E735BBBD292-FollowerState
2021-08-18 00:05:36,512 [e968ceb0-4b48-4455-969d-c37705d4e7f8@group-3E735BBBD292-FollowerState] INFO  server.RaftServer$Division (RaftServerImpl.java:setRole(285)) - e968ceb0-4b48-4455-969d-c37705d4e7f8@group-3E735BBBD292: changes role from  FOLLOWER to CANDIDATE at term 1 for changeToCandidate
2021-08-18 00:05:36,512 [e968ceb0-4b48-4455-969d-c37705d4e7f8@group-3E735BBBD292-FollowerState] INFO  server.RaftServerConfigKeys (ConfUtils.java:logGet(44)) - raft.server.leaderelection.pre-vote = false (custom)
2021-08-18 00:05:36,512 [e968ceb0-4b48-4455-969d-c37705d4e7f8@group-3E735BBBD292-FollowerState] INFO  impl.RoleInfo (RoleInfo.java:updateAndGet(130)) - e968ceb0-4b48-4455-969d-c37705d4e7f8: start e968ceb0-4b48-4455-969d-c37705d4e7f8@group-3E735BBBD292-LeaderElection40
2021-08-18 00:05:36,523 [d7f544bc-16cd-4de5-96c9-37820cb3981a@group-3E735BBBD292-LeaderElection39] INFO  impl.LeaderElection (LeaderElection.java:askForVotes(306)) - d7f544bc-16cd-4de5-96c9-37820cb3981a@group-3E735BBBD292-LeaderElection39 ELECTION round 0: submit vote requests at term 2 for -1: [d7f544bc-16cd-4de5-96c9-37820cb3981a|rpc:10.1.0.4:36017|priority:1, e968ceb0-4b48-4455-969d-c37705d4e7f8|rpc:10.1.0.4:45809|priority:0, 3f5fdcdb-3920-48dc-9b27-ab3e73a64fa3|rpc:10.1.0.4:45579|priority:0], old=null
2021-08-18 00:05:36,543 [e968ceb0-4b48-4455-969d-c37705d4e7f8@group-3E735BBBD292-LeaderElection40] INFO  impl.LeaderElection (LeaderElection.java:askForVotes(306)) - e968ceb0-4b48-4455-969d-c37705d4e7f8@group-3E735BBBD292-LeaderElection40 ELECTION round 0: submit vote requests at term 2 for -1: [d7f544bc-16cd-4de5-96c9-37820cb3981a|rpc:10.1.0.4:36017|dataStream:|priority:1, e968ceb0-4b48-4455-969d-c37705d4e7f8|rpc:10.1.0.4:45809|dataStream:|priority:0, 3f5fdcdb-3920-48dc-9b27-ab3e73a64fa3|rpc:10.1.0.4:45579|dataStream:|priority:0], old=null
2021-08-18 00:05:36,583 [3f5fdcdb-3920-48dc-9b27-ab3e73a64fa3@group-3E735BBBD292-FollowerState] INFO  impl.FollowerState (FollowerState.java:run(134)) - 3f5fdcdb-3920-48dc-9b27-ab3e73a64fa3@group-3E735BBBD292-FollowerState: change to CANDIDATE, lastRpcElapsedTime:5134766993ns, electionTimeout:5106ms
2021-08-18 00:05:36,584 [3f5fdcdb-3920-48dc-9b27-ab3e73a64fa3@group-3E735BBBD292-FollowerState] INFO  impl.RoleInfo (RoleInfo.java:shutdownFollowerState(108)) - 3f5fdcdb-3920-48dc-9b27-ab3e73a64fa3: shutdown 3f5fdcdb-3920-48dc-9b27-ab3e73a64fa3@group-3E735BBBD292-FollowerState
2021-08-18 00:05:36,584 [3f5fdcdb-3920-48dc-9b27-ab3e73a64fa3@group-3E735BBBD292-FollowerState] INFO  server.RaftServer$Division (RaftServerImpl.java:setRole(285)) - 3f5fdcdb-3920-48dc-9b27-ab3e73a64fa3@group-3E735BBBD292: changes role from  FOLLOWER to CANDIDATE at term 1 for changeToCandidate
2021-08-18 00:05:36,584 [3f5fdcdb-3920-48dc-9b27-ab3e73a64fa3@group-3E735BBBD292-FollowerState] INFO  server.RaftServerConfigKeys (ConfUtils.java:logGet(44)) - raft.server.leaderelection.pre-vote = false (custom)
2021-08-18 00:05:36,584 [grpc-default-executor-1] INFO  server.RaftServer$Division (RaftServerImpl.java:requestVote(1043)) - e968ceb0-4b48-4455-969d-c37705d4e7f8@group-3E735BBBD292: receive requestVote(ELECTION, d7f544bc-16cd-4de5-96c9-37820cb3981a, group-3E735BBBD292, 2, (t:0, i:0))
2021-08-18 00:05:36,585 [grpc-default-executor-1] INFO  impl.VoteContext (VoteContext.java:log(48)) - e968ceb0-4b48-4455-969d-c37705d4e7f8@group-3E735BBBD292-CANDIDATE: reject ELECTION from d7f544bc-16cd-4de5-96c9-37820cb3981a: already has voted for e968ceb0-4b48-4455-969d-c37705d4e7f8 at current term 2
2021-08-18 00:05:36,585 [grpc-default-executor-1] INFO  server.RaftServer$Division (RaftServerImpl.java:requestVote(1075)) - e968ceb0-4b48-4455-969d-c37705d4e7f8@group-3E735BBBD292 replies to ELECTION vote request: d7f544bc-16cd-4de5-96c9-37820cb3981a<-e968ceb0-4b48-4455-969d-c37705d4e7f8#0:FAIL-t2. Peer's state: e968ceb0-4b48-4455-969d-c37705d4e7f8@group-3E735BBBD292:t2, leader=null, voted=e968ceb0-4b48-4455-969d-c37705d4e7f8, raftlog=e968ceb0-4b48-4455-969d-c37705d4e7f8@group-3E735BBBD292-SegmentedRaftLog:OPENED:c-1,f-1,i0, conf=-1: [d7f544bc-16cd-4de5-96c9-37820cb3981a|rpc:10.1.0.4:36017|dataStream:|priority:1, e968ceb0-4b48-4455-969d-c37705d4e7f8|rpc:10.1.0.4:45809|dataStream:|priority:0, 3f5fdcdb-3920-48dc-9b27-ab3e73a64fa3|rpc:10.1.0.4:45579|dataStream:|priority:0], old=null
2021-08-18 00:05:36,584 [grpc-default-executor-0] INFO  server.RaftServer$Division (RaftServerImpl.java:requestVote(1043)) - 3f5fdcdb-3920-48dc-9b27-ab3e73a64fa3@group-3E735BBBD292: receive requestVote(ELECTION, d7f544bc-16cd-4de5-96c9-37820cb3981a, group-3E735BBBD292, 2, (t:0, i:0))
2021-08-18 00:05:36,584 [3f5fdcdb-3920-48dc-9b27-ab3e73a64fa3@group-3E735BBBD292-FollowerState] INFO  impl.RoleInfo (RoleInfo.java:updateAndGet(130)) - 3f5fdcdb-3920-48dc-9b27-ab3e73a64fa3: start 3f5fdcdb-3920-48dc-9b27-ab3e73a64fa3@group-3E735BBBD292-LeaderElection41
2021-08-18 00:05:36,590 [grpc-default-executor-0] INFO  impl.VoteContext (VoteContext.java:log(48)) - 3f5fdcdb-3920-48dc-9b27-ab3e73a64fa3@group-3E735BBBD292-CANDIDATE: accept ELECTION from d7f544bc-16cd-4de5-96c9-37820cb3981a: our priority 0 <= candidate's priority 1
2021-08-18 00:05:36,590 [grpc-default-executor-0] INFO  server.RaftServer$Division (RaftServerImpl.java:setRole(285)) - 3f5fdcdb-3920-48dc-9b27-ab3e73a64fa3@group-3E735BBBD292: changes role from CANDIDATE to FOLLOWER at term 2 for candidate:d7f544bc-16cd-4de5-96c9-37820cb3981a
2021-08-18 00:05:36,590 [grpc-default-executor-0] INFO  impl.RoleInfo (RoleInfo.java:shutdownLeaderElection(121)) - 3f5fdcdb-3920-48dc-9b27-ab3e73a64fa3: shutdown 3f5fdcdb-3920-48dc-9b27-ab3e73a64fa3@group-3E735BBBD292-LeaderElection41
2021-08-18 00:05:36,590 [grpc-default-executor-0] INFO  impl.RoleInfo (RoleInfo.java:updateAndGet(130)) - 3f5fdcdb-3920-48dc-9b27-ab3e73a64fa3: start 3f5fdcdb-3920-48dc-9b27-ab3e73a64fa3@group-3E735BBBD292-FollowerState
2021-08-18 00:05:36,590 [3f5fdcdb-3920-48dc-9b27-ab3e73a64fa3@group-3E735BBBD292-LeaderElection41] INFO  impl.LeaderElection (LeaderElection.java:run(230)) - 3f5fdcdb-3920-48dc-9b27-ab3e73a64fa3@group-3E735BBBD292-LeaderElection41: skip running since this is already CLOSING
2021-08-18 00:05:36,596 [grpc-default-executor-0] INFO  server.RaftServer$Division (RaftServerImpl.java:requestVote(1075)) - 3f5fdcdb-3920-48dc-9b27-ab3e73a64fa3@group-3E735BBBD292 replies to ELECTION vote request: d7f544bc-16cd-4de5-96c9-37820cb3981a<-3f5fdcdb-3920-48dc-9b27-ab3e73a64fa3#0:OK-t2. Peer's state: 3f5fdcdb-3920-48dc-9b27-ab3e73a64fa3@group-3E735BBBD292:t2, leader=null, voted=d7f544bc-16cd-4de5-96c9-37820cb3981a, raftlog=3f5fdcdb-3920-48dc-9b27-ab3e73a64fa3@group-3E735BBBD292-SegmentedRaftLog:OPENED:c-1,f-1,i0, conf=-1: [d7f544bc-16cd-4de5-96c9-37820cb3981a|rpc:10.1.0.4:36017|dataStream:|priority:1, e968ceb0-4b48-4455-969d-c37705d4e7f8|rpc:10.1.0.4:45809|dataStream:|priority:0, 3f5fdcdb-3920-48dc-9b27-ab3e73a64fa3|rpc:10.1.0.4:45579|dataStream:|priority:0], old=null
2021-08-18 00:05:36,624 [grpc-default-executor-1] INFO  server.RaftServer$Division (RaftServerImpl.java:requestVote(1043)) - d7f544bc-16cd-4de5-96c9-37820cb3981a@group-3E735BBBD292: receive requestVote(ELECTION, e968ceb0-4b48-4455-969d-c37705d4e7f8, group-3E735BBBD292, 2, (t:0, i:0))
2021-08-18 00:05:36,624 [grpc-default-executor-1] INFO  impl.VoteContext (VoteContext.java:log(48)) - d7f544bc-16cd-4de5-96c9-37820cb3981a@group-3E735BBBD292-CANDIDATE: reject ELECTION from e968ceb0-4b48-4455-969d-c37705d4e7f8: already has voted for d7f544bc-16cd-4de5-96c9-37820cb3981a at current term 2
2021-08-18 00:05:36,624 [grpc-default-executor-1] INFO  server.RaftServer$Division (RaftServerImpl.java:requestVote(1075)) - d7f544bc-16cd-4de5-96c9-37820cb3981a@group-3E735BBBD292 replies to ELECTION vote request: e968ceb0-4b48-4455-969d-c37705d4e7f8<-d7f544bc-16cd-4de5-96c9-37820cb3981a#0:FAIL-t2. Peer's state: d7f544bc-16cd-4de5-96c9-37820cb3981a@group-3E735BBBD292:t2, leader=null, voted=d7f544bc-16cd-4de5-96c9-37820cb3981a, raftlog=d7f544bc-16cd-4de5-96c9-37820cb3981a@group-3E735BBBD292-SegmentedRaftLog:OPENED:c-1,f-1,i0, conf=-1: [d7f544bc-16cd-4de5-96c9-37820cb3981a|rpc:10.1.0.4:36017|priority:1, e968ceb0-4b48-4455-969d-c37705d4e7f8|rpc:10.1.0.4:45809|priority:0, 3f5fdcdb-3920-48dc-9b27-ab3e73a64fa3|rpc:10.1.0.4:45579|priority:0], old=null
2021-08-18 00:05:36,625 [e968ceb0-4b48-4455-969d-c37705d4e7f8@group-3E735BBBD292-LeaderElection40] INFO  impl.LeaderElection (LeaderElection.java:logAndReturn(89)) - e968ceb0-4b48-4455-969d-c37705d4e7f8@group-3E735BBBD292-LeaderElection40: ELECTION REJECTED received 1 response(s) and 0 exception(s):
2021-08-18 00:05:36,626 [e968ceb0-4b48-4455-969d-c37705d4e7f8@group-3E735BBBD292-LeaderElection40] INFO  impl.LeaderElection (LeaderElection.java:logAndReturn(93)) -   Response 0: e968ceb0-4b48-4455-969d-c37705d4e7f8<-d7f544bc-16cd-4de5-96c9-37820cb3981a#0:FAIL-t2
2021-08-18 00:05:36,626 [e968ceb0-4b48-4455-969d-c37705d4e7f8@group-3E735BBBD292-LeaderElection40] INFO  impl.LeaderElection (LeaderElection.java:askForVotes(308)) - e968ceb0-4b48-4455-969d-c37705d4e7f8@group-3E735BBBD292-LeaderElection40 ELECTION round 0: result REJECTED
2021-08-18 00:05:36,626 [e968ceb0-4b48-4455-969d-c37705d4e7f8@group-3E735BBBD292-LeaderElection40] INFO  server.RaftServer$Division (RaftServerImpl.java:setRole(285)) - e968ceb0-4b48-4455-969d-c37705d4e7f8@group-3E735BBBD292: changes role from CANDIDATE to FOLLOWER at term 2 for REJECTED
2021-08-18 00:05:36,626 [e968ceb0-4b48-4455-969d-c37705d4e7f8@group-3E735BBBD292-LeaderElection40] INFO  impl.RoleInfo (RoleInfo.java:shutdownLeaderElection(121)) - e968ceb0-4b48-4455-969d-c37705d4e7f8: shutdown e968ceb0-4b48-4455-969d-c37705d4e7f8@group-3E735BBBD292-LeaderElection40
2021-08-18 00:05:36,626 [e968ceb0-4b48-4455-969d-c37705d4e7f8@group-3E735BBBD292-LeaderElection40] INFO  impl.RoleInfo (RoleInfo.java:updateAndGet(130)) - e968ceb0-4b48-4455-969d-c37705d4e7f8: start e968ceb0-4b48-4455-969d-c37705d4e7f8@group-3E735BBBD292-FollowerState
2021-08-18 00:05:36,634 [d7f544bc-16cd-4de5-96c9-37820cb3981a@group-3E735BBBD292-LeaderElection39] INFO  impl.LeaderElection (LeaderElection.java:logAndReturn(89)) - d7f544bc-16cd-4de5-96c9-37820cb3981a@group-3E735BBBD292-LeaderElection39: ELECTION PASSED received 2 response(s) and 0 exception(s):
2021-08-18 00:05:36,636 [d7f544bc-16cd-4de5-96c9-37820cb3981a@group-3E735BBBD292-LeaderElection39] INFO  impl.LeaderElection (LeaderElection.java:logAndReturn(93)) -   Response 0: d7f544bc-16cd-4de5-96c9-37820cb3981a<-e968ceb0-4b48-4455-969d-c37705d4e7f8#0:FAIL-t2
2021-08-18 00:05:36,636 [d7f544bc-16cd-4de5-96c9-37820cb3981a@group-3E735BBBD292-LeaderElection39] INFO  impl.LeaderElection (LeaderElection.java:logAndReturn(93)) -   Response 1: d7f544bc-16cd-4de5-96c9-37820cb3981a<-3f5fdcdb-3920-48dc-9b27-ab3e73a64fa3#0:OK-t2
2021-08-18 00:05:36,636 [d7f544bc-16cd-4de5-96c9-37820cb3981a@group-3E735BBBD292-LeaderElection39] INFO  impl.LeaderElection (LeaderElection.java:askForVotes(308)) - d7f544bc-16cd-4de5-96c9-37820cb3981a@group-3E735BBBD292-LeaderElection39 ELECTION round 0: result PASSED
2021-08-18 00:05:36,636 [d7f544bc-16cd-4de5-96c9-37820cb3981a@group-3E735BBBD292-LeaderElection39] INFO  impl.RoleInfo (RoleInfo.java:shutdownLeaderElection(121)) - d7f544bc-16cd-4de5-96c9-37820cb3981a: shutdown d7f544bc-16cd-4de5-96c9-37820cb3981a@group-3E735BBBD292-LeaderElection39
2021-08-18 00:05:36,636 [d7f544bc-16cd-4de5-96c9-37820cb3981a@group-3E735BBBD292-LeaderElection39] INFO  server.RaftServer$Division (RaftServerImpl.java:setRole(285)) - d7f544bc-16cd-4de5-96c9-37820cb3981a@group-3E735BBBD292: changes role from CANDIDATE to LEADER at term 2 for changeToLeader
2021-08-18 00:05:36,636 [d7f544bc-16cd-4de5-96c9-37820cb3981a@group-3E735BBBD292-LeaderElection39] INFO  ratis.XceiverServerRatis (XceiverServerRatis.java:handleLeaderChangedNotification(861)) - Leader change notification received for group: group-3E735BBBD292 with new leaderId: d7f544bc-16cd-4de5-96c9-37820cb3981a
2021-08-18 00:05:36,636 [d7f544bc-16cd-4de5-96c9-37820cb3981a@group-3E735BBBD292-LeaderElection39] INFO  server.RaftServer$Division (ServerState.java:setLeader(285)) - d7f544bc-16cd-4de5-96c9-37820cb3981a@group-3E735BBBD292: change Leader from null to d7f544bc-16cd-4de5-96c9-37820cb3981a at term 2 for becomeLeader, leader elected after 10526ms
2021-08-18 00:05:36,636 [d7f544bc-16cd-4de5-96c9-37820cb3981a@group-3E735BBBD292-LeaderElection39] INFO  server.RaftServerConfigKeys (ConfUtils.java:logGet(44)) - raft.server.staging.catchup.gap = 1000 (default)
2021-08-18 00:05:36,636 [Datanode State Machine Thread - 0] WARN  statemachine.StateContext (StateContext.java:execute(621)) - No available thread in pool for past 1 seconds.
2021-08-18 00:05:36,636 [d7f544bc-16cd-4de5-96c9-37820cb3981a@group-3E735BBBD292-LeaderElection39] INFO  server.RaftServerConfigKeys (ConfUtils.java:logGet(44)) - raft.server.write.element-limit = 1024 (custom)
2021-08-18 00:05:36,636 [d7f544bc-16cd-4de5-96c9-37820cb3981a@group-3E735BBBD292-LeaderElection39] INFO  server.RaftServerConfigKeys (ConfUtils.java:logGet(44)) - raft.server.write.byte-limit = 1024 M (=1073741824) (custom)
2021-08-18 00:05:36,636 [d7f544bc-16cd-4de5-96c9-37820cb3981a@group-3E735BBBD292-LeaderElection39] INFO  server.RaftServerConfigKeys (ConfUtils.java:logGet(44)) - raft.server.watch.timeout = 180s (custom)
2021-08-18 00:05:36,636 [d7f544bc-16cd-4de5-96c9-37820cb3981a@group-3E735BBBD292-LeaderElection39] INFO  server.RaftServerConfigKeys (ConfUtils.java:logGet(44)) - raft.server.watch.timeout.denomination = 1s (default)
2021-08-18 00:05:36,637 [d7f544bc-16cd-4de5-96c9-37820cb3981a@group-3E735BBBD292-LeaderElection39] INFO  server.RaftServerConfigKeys (ConfUtils.java:logGet(44)) - raft.server.watch.element-limit = 65536 (default)
2021-08-18 00:05:36,637 [d7f544bc-16cd-4de5-96c9-37820cb3981a@group-3E735BBBD292-LeaderElection39] INFO  server.RaftServerConfigKeys (ConfUtils.java:logGet(44)) - raft.server.log.appender.snapshot.chunk.size.max = 16MB (=16777216) (default)
2021-08-18 00:05:36,637 [d7f544bc-16cd-4de5-96c9-37820cb3981a@group-3E735BBBD292-LeaderElection39] INFO  server.RaftServerConfigKeys (ConfUtils.java:logGet(44)) - raft.server.log.appender.buffer.byte-limit = 33554432 (custom)
2021-08-18 00:05:36,637 [d7f544bc-16cd-4de5-96c9-37820cb3981a@group-3E735BBBD292-LeaderElection39] INFO  server.RaftServerConfigKeys (ConfUtils.java:logGet(44)) - raft.server.log.appender.buffer.element-limit = 1 (custom)
2021-08-18 00:05:36,637 [d7f544bc-16cd-4de5-96c9-37820cb3981a@group-3E735BBBD292-LeaderElection39] INFO  grpc.GrpcConfigKeys (ConfUtils.java:logGet(44)) - raft.grpc.server.leader.outstanding.appends.max = 128 (default)
2021-08-18 00:05:36,637 [d7f544bc-16cd-4de5-96c9-37820cb3981a@group-3E735BBBD292-LeaderElection39] INFO  server.RaftServerConfigKeys (ConfUtils.java:logGet(44)) - raft.server.rpc.request.timeout = 60s (custom)
2021-08-18 00:05:36,637 [d7f544bc-16cd-4de5-96c9-37820cb3981a@group-3E735BBBD292-LeaderElection39] INFO  server.RaftServerConfigKeys (ConfUtils.java:logGet(44)) - raft.server.log.appender.install.snapshot.enabled = false (custom)
2021-08-18 00:05:36,638 [d7f544bc-16cd-4de5-96c9-37820cb3981a@group-3E735BBBD292-LeaderElection39] INFO  server.RaftServerConfigKeys (ConfUtils.java:logGet(44)) - raft.server.log.appender.snapshot.chunk.size.max = 16MB (=16777216) (default)
2021-08-18 00:05:36,638 [d7f544bc-16cd-4de5-96c9-37820cb3981a@group-3E735BBBD292-LeaderElection39] INFO  server.RaftServerConfigKeys (ConfUtils.java:logGet(44)) - raft.server.log.appender.buffer.byte-limit = 33554432 (custom)
2021-08-18 00:05:36,638 [d7f544bc-16cd-4de5-96c9-37820cb3981a@group-3E735BBBD292-LeaderElection39] INFO  server.RaftServerConfigKeys (ConfUtils.java:logGet(44)) - raft.server.log.appender.buffer.element-limit = 1 (custom)
2021-08-18 00:05:36,638 [d7f544bc-16cd-4de5-96c9-37820cb3981a@group-3E735BBBD292-LeaderElection39] INFO  grpc.GrpcConfigKeys (ConfUtils.java:logGet(44)) - raft.grpc.server.leader.outstanding.appends.max = 128 (default)
2021-08-18 00:05:36,638 [d7f544bc-16cd-4de5-96c9-37820cb3981a@group-3E735BBBD292-LeaderElection39] INFO  server.RaftServerConfigKeys (ConfUtils.java:logGet(44)) - raft.server.rpc.request.timeout = 60s (custom)
2021-08-18 00:05:36,638 [d7f544bc-16cd-4de5-96c9-37820cb3981a@group-3E735BBBD292-LeaderElection39] INFO  server.RaftServerConfigKeys (ConfUtils.java:logGet(44)) - raft.server.log.appender.install.snapshot.enabled = false (custom)
2021-08-18 00:05:36,638 [d7f544bc-16cd-4de5-96c9-37820cb3981a@group-3E735BBBD292-LeaderElection39] INFO  impl.RoleInfo (RoleInfo.java:updateAndGet(130)) - d7f544bc-16cd-4de5-96c9-37820cb3981a: start d7f544bc-16cd-4de5-96c9-37820cb3981a@group-3E735BBBD292-LeaderStateImpl
2021-08-18 00:05:36,639 [d7f544bc-16cd-4de5-96c9-37820cb3981a@group-3E735BBBD292-LeaderElection39] INFO  segmented.SegmentedRaftLogWorker (SegmentedRaftLogWorker.java:startLogSegment(394)) - d7f544bc-16cd-4de5-96c9-37820cb3981a@group-3E735BBBD292-SegmentedRaftLogWorker: Starting segment from index:0
2021-08-18 00:05:36,639 [EventQueue-PipelineReportForPipelineReportHandler] INFO  pipeline.PipelineManagerImpl (PipelineManagerImpl.java:openPipeline(283)) - Pipeline Pipeline[ Id: 5218c443-b508-4997-b694-3e735bbbd292, Nodes: d7f544bc-16cd-4de5-96c9-37820cb3981a{ip: 10.1.0.4, host: fv-az122-443.zf1tlrj3kn4expqppa1j4mpycf.xx.internal.cloudapp.net, ports: [REPLICATION=38511, RATIS=36017, RATIS_ADMIN=36017, RATIS_SERVER=36017, STANDALONE=39931], networkLocation: /default-rack, certSerialId: null, persistedOpState: IN_SERVICE, persistedOpStateExpiryEpochSec: 0}e968ceb0-4b48-4455-969d-c37705d4e7f8{ip: 10.1.0.4, host: fv-az122-443.zf1tlrj3kn4expqppa1j4mpycf.xx.internal.cloudapp.net, ports: [REPLICATION=42953, RATIS=45809, RATIS_ADMIN=45809, RATIS_SERVER=45809, STANDALONE=38793], networkLocation: /default-rack, certSerialId: null, persistedOpState: IN_SERVICE, persistedOpStateExpiryEpochSec: 0}3f5fdcdb-3920-48dc-9b27-ab3e73a64fa3{ip: 10.1.0.4, host: fv-az122-443.zf1tlrj3kn4expqppa1j4mpycf.xx.internal.cloudapp.net, ports: [REPLICATION=42937, RATIS=45579, RATIS_ADMIN=45579, RATIS_SERVER=45579, STANDALONE=44533], networkLocation: /default-rack, certSerialId: null, persistedOpState: IN_SERVICE, persistedOpStateExpiryEpochSec: 0}, ReplicationConfig: RATIS/THREE, State:ALLOCATED, leaderId:d7f544bc-16cd-4de5-96c9-37820cb3981a, CreationTimestamp2021-08-18T00:05:24.386Z[Etc/UTC]] moved to OPEN state
2021-08-18 00:05:36,640 [EventQueue-OpenPipelineForHealthyPipelineSafeModeRule] INFO  safemode.SCMSafeModeManager (HealthyPipelineSafeModeRule.java:process(124)) - SCM in safe mode. Healthy pipelines reported count is 1, required healthy pipeline reported count is 1
2021-08-18 00:05:36,640 [EventQueue-OpenPipelineForHealthyPipelineSafeModeRule] INFO  safemode.SCMSafeModeManager (SCMSafeModeManager.java:validateSafeModeExitRules(204)) - HealthyPipelineSafeModeRule rule is successfully validated
2021-08-18 00:05:36,640 [EventQueue-OpenPipelineForHealthyPipelineSafeModeRule] INFO  safemode.SCMSafeModeManager (SCMSafeModeManager.java:validateSafeModeExitRules(219)) - ScmSafeModeManager, all rules are successfully validated
2021-08-18 00:05:36,640 [EventQueue-OpenPipelineForHealthyPipelineSafeModeRule] INFO  safemode.SCMSafeModeManager (SCMSafeModeManager.java:exitSafeMode(248)) - SCM exiting safe mode.
2021-08-18 00:05:36,640 [EventQueue-OpenPipelineForHealthyPipelineSafeModeRule] WARN  events.EventQueue (EventQueue.java:fireEvent(194)) - No event handler registered for event TypedEvent{payloadType=SafeModeStatus, name='Safe mode status'}
2021-08-18 00:05:36,640 [EventQueue-OpenPipelineForHealthyPipelineSafeModeRule] INFO  ha.SCMContext (SCMContext.java:updateSafeModeStatus(205)) - Update SafeModeStatus from SafeModeStatus{safeModeStatus=true, preCheckPassed=true} to SafeModeStatus{safeModeStatus=false, preCheckPassed=true}.
2021-08-18 00:05:36,640 [EventQueue-OpenPipelineForHealthyPipelineSafeModeRule] INFO  pipeline.BackgroundPipelineCreator (BackgroundPipelineCreatorV2.java:notifyStatusChanged(264)) - Service BackgroundPipelineCreator transitions to RUNNING.
2021-08-18 00:05:36,640 [EventQueue-OpenPipelineForHealthyPipelineSafeModeRule] INFO  container.ReplicationManager (ReplicationManager.java:notifyStatusChanged(1722)) - Service ReplicationManager transitions to RUNNING.
2021-08-18 00:05:36,644 [grpc-default-executor-0] INFO  ratis.XceiverServerRatis (XceiverServerRatis.java:handleLeaderChangedNotification(861)) - Leader change notification received for group: group-3E735BBBD292 with new leaderId: d7f544bc-16cd-4de5-96c9-37820cb3981a
2021-08-18 00:05:36,657 [grpc-default-executor-0] INFO  server.RaftServer$Division (ServerState.java:setLeader(285)) - e968ceb0-4b48-4455-969d-c37705d4e7f8@group-3E735BBBD292: change Leader from null to d7f544bc-16cd-4de5-96c9-37820cb3981a at term 2 for appendEntries, leader elected after 10394ms
2021-08-18 00:05:36,657 [d7f544bc-16cd-4de5-96c9-37820cb3981a@group-3E735BBBD292-LeaderElection39] INFO  server.RaftServer$Division (ServerState.java:setRaftConf(387)) - d7f544bc-16cd-4de5-96c9-37820cb3981a@group-3E735BBBD292: set configuration 0: [d7f544bc-16cd-4de5-96c9-37820cb3981a|rpc:10.1.0.4:36017|dataStream:|priority:1, e968ceb0-4b48-4455-969d-c37705d4e7f8|rpc:10.1.0.4:45809|dataStream:|priority:0, 3f5fdcdb-3920-48dc-9b27-ab3e73a64fa3|rpc:10.1.0.4:45579|dataStream:|priority:0], old=null
2021-08-18 00:05:36,647 [d7f544bc-16cd-4de5-96c9-37820cb3981a@group-3E735BBBD292-SegmentedRaftLogWorker] INFO  segmented.SegmentedRaftLogWorker (SegmentedRaftLogWorker.java:execute(601)) - d7f544bc-16cd-4de5-96c9-37820cb3981a@group-3E735BBBD292-SegmentedRaftLogWorker: created new log segment /home/runner/work/ozone/ozone/hadoop-ozone/integration-test/target/test-dir/MiniOzoneClusterImpl-b4dd0c3d-6691-419c-bf37-cebc6a2c258c/datanode-0/data/ratis/5218c443-b508-4997-b694-3e735bbbd292/current/log_inprogress_0
2021-08-18 00:05:36,658 [grpc-default-executor-3] INFO  server.RaftServer$Division (RaftServerImpl.java:requestVote(1043)) - 3f5fdcdb-3920-48dc-9b27-ab3e73a64fa3@group-3E735BBBD292: receive requestVote(ELECTION, e968ceb0-4b48-4455-969d-c37705d4e7f8, group-3E735BBBD292, 2, (t:0, i:0))
2021-08-18 00:05:36,647 [grpc-default-executor-2] INFO  ratis.XceiverServerRatis (XceiverServerRatis.java:handleLeaderChangedNotification(861)) - Leader change notification received for group: group-3E735BBBD292 with new leaderId: d7f544bc-16cd-4de5-96c9-37820cb3981a
2021-08-18 00:05:36,658 [grpc-default-executor-2] INFO  server.RaftServer$Division (ServerState.java:setLeader(285)) - 3f5fdcdb-3920-48dc-9b27-ab3e73a64fa3@group-3E735BBBD292: change Leader from null to d7f544bc-16cd-4de5-96c9-37820cb3981a at term 2 for appendEntries, leader elected after 10089ms
2021-08-18 00:05:36,658 [grpc-default-executor-3] INFO  impl.VoteContext (VoteContext.java:log(48)) - 3f5fdcdb-3920-48dc-9b27-ab3e73a64fa3@group-3E735BBBD292-FOLLOWER: reject ELECTION from e968ceb0-4b48-4455-969d-c37705d4e7f8: already has voted for d7f544bc-16cd-4de5-96c9-37820cb3981a at current term 2
2021-08-18 00:05:36,658 [grpc-default-executor-3] INFO  server.RaftServer$Division (RaftServerImpl.java:requestVote(1075)) - 3f5fdcdb-3920-48dc-9b27-ab3e73a64fa3@group-3E735BBBD292 replies to ELECTION vote request: e968ceb0-4b48-4455-969d-c37705d4e7f8<-3f5fdcdb-3920-48dc-9b27-ab3e73a64fa3#0:FAIL-t2. Peer's state: 3f5fdcdb-3920-48dc-9b27-ab3e73a64fa3@group-3E735BBBD292:t2, leader=d7f544bc-16cd-4de5-96c9-37820cb3981a, voted=d7f544bc-16cd-4de5-96c9-37820cb3981a, raftlog=3f5fdcdb-3920-48dc-9b27-ab3e73a64fa3@group-3E735BBBD292-SegmentedRaftLog:OPENED:c-1,f-1,i0, conf=-1: [d7f544bc-16cd-4de5-96c9-37820cb3981a|rpc:10.1.0.4:36017|dataStream:|priority:1, e968ceb0-4b48-4455-969d-c37705d4e7f8|rpc:10.1.0.4:45809|dataStream:|priority:0, 3f5fdcdb-3920-48dc-9b27-ab3e73a64fa3|rpc:10.1.0.4:45579|dataStream:|priority:0], old=null
2021-08-18 00:05:36,745 [grpc-default-executor-2] INFO  server.RaftServer$Division (ServerState.java:setRaftConf(387)) - e968ceb0-4b48-4455-969d-c37705d4e7f8@group-3E735BBBD292: set configuration 0: [d7f544bc-16cd-4de5-96c9-37820cb3981a|rpc:10.1.0.4:36017|dataStream:|priority:1, e968ceb0-4b48-4455-969d-c37705d4e7f8|rpc:10.1.0.4:45809|dataStream:|priority:0, 3f5fdcdb-3920-48dc-9b27-ab3e73a64fa3|rpc:10.1.0.4:45579|dataStream:|priority:0], old=null
2021-08-18 00:05:36,745 [grpc-default-executor-2] INFO  segmented.SegmentedRaftLogWorker (SegmentedRaftLogWorker.java:startLogSegment(394)) - e968ceb0-4b48-4455-969d-c37705d4e7f8@group-3E735BBBD292-SegmentedRaftLogWorker: Starting segment from index:0
2021-08-18 00:05:36,745 [grpc-default-executor-1] INFO  server.RaftServer$Division (ServerState.java:setRaftConf(387)) - 3f5fdcdb-3920-48dc-9b27-ab3e73a64fa3@group-3E735BBBD292: set configuration 0: [d7f544bc-16cd-4de5-96c9-37820cb3981a|rpc:10.1.0.4:36017|dataStream:|priority:1, e968ceb0-4b48-4455-969d-c37705d4e7f8|rpc:10.1.0.4:45809|dataStream:|priority:0, 3f5fdcdb-3920-48dc-9b27-ab3e73a64fa3|rpc:10.1.0.4:45579|dataStream:|priority:0], old=null
2021-08-18 00:05:36,746 [grpc-default-executor-1] INFO  segmented.SegmentedRaftLogWorker (SegmentedRaftLogWorker.java:startLogSegment(394)) - 3f5fdcdb-3920-48dc-9b27-ab3e73a64fa3@group-3E735BBBD292-SegmentedRaftLogWorker: Starting segment from index:0
2021-08-18 00:05:36,750 [e968ceb0-4b48-4455-969d-c37705d4e7f8@group-3E735BBBD292-SegmentedRaftLogWorker] INFO  segmented.SegmentedRaftLogWorker (SegmentedRaftLogWorker.java:execute(601)) - e968ceb0-4b48-4455-969d-c37705d4e7f8@group-3E735BBBD292-SegmentedRaftLogWorker: created new log segment /home/runner/work/ozone/ozone/hadoop-ozone/integration-test/target/test-dir/MiniOzoneClusterImpl-b4dd0c3d-6691-419c-bf37-cebc6a2c258c/datanode-1/data/ratis/5218c443-b508-4997-b694-3e735bbbd292/current/log_inprogress_0
2021-08-18 00:05:36,757 [3f5fdcdb-3920-48dc-9b27-ab3e73a64fa3@group-3E735BBBD292-SegmentedRaftLogWorker] INFO  segmented.SegmentedRaftLogWorker (SegmentedRaftLogWorker.java:execute(601)) - 3f5fdcdb-3920-48dc-9b27-ab3e73a64fa3@group-3E735BBBD292-SegmentedRaftLogWorker: created new log segment /home/runner/work/ozone/ozone/hadoop-ozone/integration-test/target/test-dir/MiniOzoneClusterImpl-b4dd0c3d-6691-419c-bf37-cebc6a2c258c/datanode-2/data/ratis/5218c443-b508-4997-b694-3e735bbbd292/current/log_inprogress_0
2021-08-18 00:05:37,322 [Listener at 127.0.0.1/46821] INFO  ozone.MiniOzoneClusterImpl (MiniOzoneClusterImpl.java:lambda$waitForClusterToBeReady$0(235)) - Nodes are ready. Got 3 of 3 DN Heartbeats.
2021-08-18 00:05:37,322 [Listener at 127.0.0.1/46821] INFO  ozone.MiniOzoneClusterImpl (MiniOzoneClusterImpl.java:lambda$waitForClusterToBeReady$0(238)) - Cluster exits safe mode
2021-08-18 00:05:37,322 [Listener at 127.0.0.1/46821] INFO  ozone.MiniOzoneClusterImpl (MiniOzoneClusterImpl.java:lambda$waitForClusterToBeReady$0(240)) - SCM became leader
2021-08-18 00:05:37,322 [Listener at 127.0.0.1/46821] INFO  ha.SequenceIdGenerator (SequenceIdGenerator.java:getNextId(127)) - Allocate a batch for containerId, change lastId from 0 to 1000.
2021-08-18 00:05:37,326 [d7f544bc-16cd-4de5-96c9-37820cb3981a@group-BDD2E274C814-FollowerState] INFO  impl.FollowerState (FollowerState.java:run(134)) - d7f544bc-16cd-4de5-96c9-37820cb3981a@group-BDD2E274C814-FollowerState: change to CANDIDATE, lastRpcElapsedTime:5194693583ns, electionTimeout:5145ms
2021-08-18 00:05:37,326 [d7f544bc-16cd-4de5-96c9-37820cb3981a@group-BDD2E274C814-FollowerState] INFO  impl.RoleInfo (RoleInfo.java:shutdownFollowerState(108)) - d7f544bc-16cd-4de5-96c9-37820cb3981a: shutdown d7f544bc-16cd-4de5-96c9-37820cb3981a@group-BDD2E274C814-FollowerState
2021-08-18 00:05:37,326 [d7f544bc-16cd-4de5-96c9-37820cb3981a@group-BDD2E274C814-FollowerState] INFO  server.RaftServer$Division (RaftServerImpl.java:setRole(285)) - d7f544bc-16cd-4de5-96c9-37820cb3981a@group-BDD2E274C814: changes role from  FOLLOWER to CANDIDATE at term 1 for changeToCandidate
2021-08-18 00:05:37,326 [d7f544bc-16cd-4de5-96c9-37820cb3981a@group-BDD2E274C814-FollowerState] INFO  server.RaftServerConfigKeys (ConfUtils.java:logGet(44)) - raft.server.leaderelection.pre-vote = false (custom)
2021-08-18 00:05:37,326 [d7f544bc-16cd-4de5-96c9-37820cb3981a@group-BDD2E274C814-FollowerState] INFO  impl.RoleInfo (RoleInfo.java:updateAndGet(130)) - d7f544bc-16cd-4de5-96c9-37820cb3981a: start d7f544bc-16cd-4de5-96c9-37820cb3981a@group-BDD2E274C814-LeaderElection42
2021-08-18 00:05:37,376 [e968ceb0-4b48-4455-969d-c37705d4e7f8@group-BDD2E274C814-FollowerState] INFO  impl.FollowerState (FollowerState.java:run(134)) - e968ceb0-4b48-4455-969d-c37705d4e7f8@group-BDD2E274C814-FollowerState: change to CANDIDATE, lastRpcElapsedTime:5189023988ns, electionTimeout:5140ms
2021-08-18 00:05:37,376 [e968ceb0-4b48-4455-969d-c37705d4e7f8@group-BDD2E274C814-FollowerState] INFO  impl.RoleInfo (RoleInfo.java:shutdownFollowerState(108)) - e968ceb0-4b48-4455-969d-c37705d4e7f8: shutdown e968ceb0-4b48-4455-969d-c37705d4e7f8@group-BDD2E274C814-FollowerState
2021-08-18 00:05:37,377 [e968ceb0-4b48-4455-969d-c37705d4e7f8@group-BDD2E274C814-FollowerState] INFO  server.RaftServer$Division (RaftServerImpl.java:setRole(285)) - e968ceb0-4b48-4455-969d-c37705d4e7f8@group-BDD2E274C814: changes role from  FOLLOWER to CANDIDATE at term 1 for changeToCandidate
2021-08-18 00:05:37,377 [e968ceb0-4b48-4455-969d-c37705d4e7f8@group-BDD2E274C814-FollowerState] INFO  server.RaftServerConfigKeys (ConfUtils.java:logGet(44)) - raft.server.leaderelection.pre-vote = false (custom)
2021-08-18 00:05:37,377 [e968ceb0-4b48-4455-969d-c37705d4e7f8@group-BDD2E274C814-FollowerState] INFO  impl.RoleInfo (RoleInfo.java:updateAndGet(130)) - e968ceb0-4b48-4455-969d-c37705d4e7f8: start e968ceb0-4b48-4455-969d-c37705d4e7f8@group-BDD2E274C814-LeaderElection43
2021-08-18 00:05:37,379 [3f5fdcdb-3920-48dc-9b27-ab3e73a64fa3@group-BDD2E274C814-FollowerState] INFO  impl.FollowerState (FollowerState.java:run(134)) - 3f5fdcdb-3920-48dc-9b27-ab3e73a64fa3@group-BDD2E274C814-FollowerState: change to CANDIDATE, lastRpcElapsedTime:5169220675ns, electionTimeout:5161ms
2021-08-18 00:05:37,379 [3f5fdcdb-3920-48dc-9b27-ab3e73a64fa3@group-BDD2E274C814-FollowerState] INFO  impl.RoleInfo (RoleInfo.java:shutdownFollowerState(108)) - 3f5fdcdb-3920-48dc-9b27-ab3e73a64fa3: shutdown 3f5fdcdb-3920-48dc-9b27-ab3e73a64fa3@group-BDD2E274C814-FollowerState
2021-08-18 00:05:37,379 [3f5fdcdb-3920-48dc-9b27-ab3e73a64fa3@group-BDD2E274C814-FollowerState] INFO  server.RaftServer$Division (RaftServerImpl.java:setRole(285)) - 3f5fdcdb-3920-48dc-9b27-ab3e73a64fa3@group-BDD2E274C814: changes role from  FOLLOWER to CANDIDATE at term 1 for changeToCandidate
2021-08-18 00:05:37,380 [3f5fdcdb-3920-48dc-9b27-ab3e73a64fa3@group-BDD2E274C814-FollowerState] INFO  server.RaftServerConfigKeys (ConfUtils.java:logGet(44)) - raft.server.leaderelection.pre-vote = false (custom)
2021-08-18 00:05:37,380 [3f5fdcdb-3920-48dc-9b27-ab3e73a64fa3@group-BDD2E274C814-FollowerState] INFO  impl.RoleInfo (RoleInfo.java:updateAndGet(130)) - 3f5fdcdb-3920-48dc-9b27-ab3e73a64fa3: start 3f5fdcdb-3920-48dc-9b27-ab3e73a64fa3@group-BDD2E274C814-LeaderElection44
2021-08-18 00:05:37,381 [d7f544bc-16cd-4de5-96c9-37820cb3981a@group-BDD2E274C814-LeaderElection42] INFO  impl.LeaderElection (LeaderElection.java:askForVotes(306)) - d7f544bc-16cd-4de5-96c9-37820cb3981a@group-BDD2E274C814-LeaderElection42 ELECTION round 0: submit vote requests at term 2 for -1: [d7f544bc-16cd-4de5-96c9-37820cb3981a|rpc:10.1.0.4:36017|priority:0, e968ceb0-4b48-4455-969d-c37705d4e7f8|rpc:10.1.0.4:45809|priority:1, 3f5fdcdb-3920-48dc-9b27-ab3e73a64fa3|rpc:10.1.0.4:45579|priority:0], old=null
2021-08-18 00:05:37,417 [e968ceb0-4b48-4455-969d-c37705d4e7f8@group-BDD2E274C814-LeaderElection43] INFO  impl.LeaderElection (LeaderElection.java:askForVotes(306)) - e968ceb0-4b48-4455-969d-c37705d4e7f8@group-BDD2E274C814-LeaderElection43 ELECTION round 0: submit vote requests at term 2 for -1: [d7f544bc-16cd-4de5-96c9-37820cb3981a|rpc:10.1.0.4:36017|priority:0, e968ceb0-4b48-4455-969d-c37705d4e7f8|rpc:10.1.0.4:45809|priority:1, 3f5fdcdb-3920-48dc-9b27-ab3e73a64fa3|rpc:10.1.0.4:45579|priority:0], old=null
2021-08-18 00:05:37,421 [3f5fdcdb-3920-48dc-9b27-ab3e73a64fa3@group-BDD2E274C814-LeaderElection44] INFO  impl.LeaderElection (LeaderElection.java:askForVotes(306)) - 3f5fdcdb-3920-48dc-9b27-ab3e73a64fa3@group-BDD2E274C814-LeaderElection44 ELECTION round 0: submit vote requests at term 2 for -1: [d7f544bc-16cd-4de5-96c9-37820cb3981a|rpc:10.1.0.4:36017|dataStream:|priority:0, e968ceb0-4b48-4455-969d-c37705d4e7f8|rpc:10.1.0.4:45809|dataStream:|priority:1, 3f5fdcdb-3920-48dc-9b27-ab3e73a64fa3|rpc:10.1.0.4:45579|dataStream:|priority:0], old=null
2021-08-18 00:05:37,467 [grpc-default-executor-1] INFO  server.RaftServer$Division (RaftServerImpl.java:requestVote(1043)) - d7f544bc-16cd-4de5-96c9-37820cb3981a@group-BDD2E274C814: receive requestVote(ELECTION, e968ceb0-4b48-4455-969d-c37705d4e7f8, group-BDD2E274C814, 2, (t:0, i:0))
2021-08-18 00:05:37,467 [grpc-default-executor-1] INFO  impl.VoteContext (VoteContext.java:log(48)) - d7f544bc-16cd-4de5-96c9-37820cb3981a@group-BDD2E274C814-CANDIDATE: reject ELECTION from e968ceb0-4b48-4455-969d-c37705d4e7f8: already has voted for d7f544bc-16cd-4de5-96c9-37820cb3981a at current term 2
2021-08-18 00:05:37,468 [grpc-default-executor-1] INFO  server.RaftServer$Division (RaftServerImpl.java:requestVote(1075)) - d7f544bc-16cd-4de5-96c9-37820cb3981a@group-BDD2E274C814 replies to ELECTION vote request: e968ceb0-4b48-4455-969d-c37705d4e7f8<-d7f544bc-16cd-4de5-96c9-37820cb3981a#0:FAIL-t2. Peer's state: d7f544bc-16cd-4de5-96c9-37820cb3981a@group-BDD2E274C814:t2, leader=null, voted=d7f544bc-16cd-4de5-96c9-37820cb3981a, raftlog=d7f544bc-16cd-4de5-96c9-37820cb3981a@group-BDD2E274C814-SegmentedRaftLog:OPENED:c-1,f-1,i0, conf=-1: [d7f544bc-16cd-4de5-96c9-37820cb3981a|rpc:10.1.0.4:36017|priority:0, e968ceb0-4b48-4455-969d-c37705d4e7f8|rpc:10.1.0.4:45809|priority:1, 3f5fdcdb-3920-48dc-9b27-ab3e73a64fa3|rpc:10.1.0.4:45579|priority:0], old=null
2021-08-18 00:05:37,468 [grpc-default-executor-2] INFO  server.RaftServer$Division (RaftServerImpl.java:requestVote(1043)) - 3f5fdcdb-3920-48dc-9b27-ab3e73a64fa3@group-BDD2E274C814: receive requestVote(ELECTION, e968ceb0-4b48-4455-969d-c37705d4e7f8, group-BDD2E274C814, 2, (t:0, i:0))
2021-08-18 00:05:37,470 [grpc-default-executor-2] INFO  impl.VoteContext (VoteContext.java:log(48)) - 3f5fdcdb-3920-48dc-9b27-ab3e73a64fa3@group-BDD2E274C814-CANDIDATE: reject ELECTION from e968ceb0-4b48-4455-969d-c37705d4e7f8: already has voted for 3f5fdcdb-3920-48dc-9b27-ab3e73a64fa3 at current term 2
2021-08-18 00:05:37,470 [grpc-default-executor-2] INFO  server.RaftServer$Division (RaftServerImpl.java:requestVote(1075)) - 3f5fdcdb-3920-48dc-9b27-ab3e73a64fa3@group-BDD2E274C814 replies to ELECTION vote request: e968ceb0-4b48-4455-969d-c37705d4e7f8<-3f5fdcdb-3920-48dc-9b27-ab3e73a64fa3#0:FAIL-t2. Peer's state: 3f5fdcdb-3920-48dc-9b27-ab3e73a64fa3@group-BDD2E274C814:t2, leader=null, voted=3f5fdcdb-3920-48dc-9b27-ab3e73a64fa3, raftlog=3f5fdcdb-3920-48dc-9b27-ab3e73a64fa3@group-BDD2E274C814-SegmentedRaftLog:OPENED:c-1,f-1,i0, conf=-1: [d7f544bc-16cd-4de5-96c9-37820cb3981a|rpc:10.1.0.4:36017|dataStream:|priority:0, e968ceb0-4b48-4455-969d-c37705d4e7f8|rpc:10.1.0.4:45809|dataStream:|priority:1, 3f5fdcdb-3920-48dc-9b27-ab3e73a64fa3|rpc:10.1.0.4:45579|dataStream:|priority:0], old=null
2021-08-18 00:05:37,468 [grpc-default-executor-3] INFO  server.RaftServer$Division (RaftServerImpl.java:requestVote(1043)) - e968ceb0-4b48-4455-969d-c37705d4e7f8@group-BDD2E274C814: receive requestVote(ELECTION, d7f544bc-16cd-4de5-96c9-37820cb3981a, group-BDD2E274C814, 2, (t:0, i:0))
2021-08-18 00:05:37,470 [grpc-default-executor-3] INFO  impl.VoteContext (VoteContext.java:log(48)) - e968ceb0-4b48-4455-969d-c37705d4e7f8@group-BDD2E274C814-CANDIDATE: reject ELECTION from d7f544bc-16cd-4de5-96c9-37820cb3981a: already has voted for e968ceb0-4b48-4455-969d-c37705d4e7f8 at current term 2
2021-08-18 00:05:37,471 [grpc-default-executor-3] INFO  server.RaftServer$Division (RaftServerImpl.java:requestVote(1075)) - e968ceb0-4b48-4455-969d-c37705d4e7f8@group-BDD2E274C814 replies to ELECTION vote request: d7f544bc-16cd-4de5-96c9-37820cb3981a<-e968ceb0-4b48-4455-969d-c37705d4e7f8#0:FAIL-t2. Peer's state: e968ceb0-4b48-4455-969d-c37705d4e7f8@group-BDD2E274C814:t2, leader=null, voted=e968ceb0-4b48-4455-969d-c37705d4e7f8, raftlog=e968ceb0-4b48-4455-969d-c37705d4e7f8@group-BDD2E274C814-SegmentedRaftLog:OPENED:c-1,f-1,i0, conf=-1: [d7f544bc-16cd-4de5-96c9-37820cb3981a|rpc:10.1.0.4:36017|priority:0, e968ceb0-4b48-4455-969d-c37705d4e7f8|rpc:10.1.0.4:45809|priority:1, 3f5fdcdb-3920-48dc-9b27-ab3e73a64fa3|rpc:10.1.0.4:45579|priority:0], old=null
2021-08-18 00:05:37,553 [d7f544bc-16cd-4de5-96c9-37820cb3981a@group-BDD2E274C814-LeaderElection42] INFO  impl.LeaderElection (LeaderElection.java:logAndReturn(89)) - d7f544bc-16cd-4de5-96c9-37820cb3981a@group-BDD2E274C814-LeaderElection42: ELECTION REJECTED received 1 response(s) and 0 exception(s):
2021-08-18 00:05:37,553 [e968ceb0-4b48-4455-969d-c37705d4e7f8@group-BDD2E274C814-LeaderElection43] INFO  impl.LeaderElection (LeaderElection.java:logAndReturn(89)) - e968ceb0-4b48-4455-969d-c37705d4e7f8@group-BDD2E274C814-LeaderElection43: ELECTION REJECTED received 2 response(s) and 0 exception(s):
2021-08-18 00:05:37,557 [d7f544bc-16cd-4de5-96c9-37820cb3981a@group-BDD2E274C814-LeaderElection42] INFO  impl.LeaderElection (LeaderElection.java:logAndReturn(93)) -   Response 0: d7f544bc-16cd-4de5-96c9-37820cb3981a<-e968ceb0-4b48-4455-969d-c37705d4e7f8#0:FAIL-t2
2021-08-18 00:05:37,558 [d7f544bc-16cd-4de5-96c9-37820cb3981a@group-BDD2E274C814-LeaderElection42] INFO  impl.LeaderElection (LeaderElection.java:askForVotes(308)) - d7f544bc-16cd-4de5-96c9-37820cb3981a@group-BDD2E274C814-LeaderElection42 ELECTION round 0: result REJECTED
2021-08-18 00:05:37,569 [d7f544bc-16cd-4de5-96c9-37820cb3981a@group-BDD2E274C814-LeaderElection42] INFO  server.RaftServer$Division (RaftServerImpl.java:setRole(285)) - d7f544bc-16cd-4de5-96c9-37820cb3981a@group-BDD2E274C814: changes role from CANDIDATE to FOLLOWER at term 2 for REJECTED
2021-08-18 00:05:37,569 [d7f544bc-16cd-4de5-96c9-37820cb3981a@group-BDD2E274C814-LeaderElection42] INFO  impl.RoleInfo (RoleInfo.java:shutdownLeaderElection(121)) - d7f544bc-16cd-4de5-96c9-37820cb3981a: shutdown d7f544bc-16cd-4de5-96c9-37820cb3981a@group-BDD2E274C814-LeaderElection42
2021-08-18 00:05:37,569 [d7f544bc-16cd-4de5-96c9-37820cb3981a@group-BDD2E274C814-LeaderElection42] INFO  impl.RoleInfo (RoleInfo.java:updateAndGet(130)) - d7f544bc-16cd-4de5-96c9-37820cb3981a: start d7f544bc-16cd-4de5-96c9-37820cb3981a@group-BDD2E274C814-FollowerState
2021-08-18 00:05:37,569 [e968ceb0-4b48-4455-969d-c37705d4e7f8@group-BDD2E274C814-LeaderElection43] INFO  impl.LeaderElection (LeaderElection.java:logAndReturn(93)) -   Response 0: e968ceb0-4b48-4455-969d-c37705d4e7f8<-d7f544bc-16cd-4de5-96c9-37820cb3981a#0:FAIL-t2
2021-08-18 00:05:37,569 [e968ceb0-4b48-4455-969d-c37705d4e7f8@group-BDD2E274C814-LeaderElection43] INFO  impl.LeaderElection (LeaderElection.java:logAndReturn(93)) -   Response 1: e968ceb0-4b48-4455-969d-c37705d4e7f8<-3f5fdcdb-3920-48dc-9b27-ab3e73a64fa3#0:FAIL-t2
2021-08-18 00:05:37,569 [grpc-default-executor-0] INFO  server.RaftServer$Division (RaftServerImpl.java:requestVote(1043)) - d7f544bc-16cd-4de5-96c9-37820cb3981a@group-BDD2E274C814: receive requestVote(ELECTION, 3f5fdcdb-3920-48dc-9b27-ab3e73a64fa3, group-BDD2E274C814, 2, (t:0, i:0))
2021-08-18 00:05:37,572 [grpc-default-executor-1] INFO  server.RaftServer$Division (RaftServerImpl.java:requestVote(1043)) - e968ceb0-4b48-4455-969d-c37705d4e7f8@group-BDD2E274C814: receive requestVote(ELECTION, 3f5fdcdb-3920-48dc-9b27-ab3e73a64fa3, group-BDD2E274C814, 2, (t:0, i:0))
2021-08-18 00:05:37,573 [grpc-default-executor-1] INFO  impl.VoteContext (VoteContext.java:log(48)) - e968ceb0-4b48-4455-969d-c37705d4e7f8@group-BDD2E274C814-CANDIDATE: reject ELECTION from 3f5fdcdb-3920-48dc-9b27-ab3e73a64fa3: already has voted for e968ceb0-4b48-4455-969d-c37705d4e7f8 at current term 2
2021-08-18 00:05:37,573 [grpc-default-executor-1] INFO  server.RaftServer$Division (RaftServerImpl.java:requestVote(1075)) - e968ceb0-4b48-4455-969d-c37705d4e7f8@group-BDD2E274C814 replies to ELECTION vote request: 3f5fdcdb-3920-48dc-9b27-ab3e73a64fa3<-e968ceb0-4b48-4455-969d-c37705d4e7f8#0:FAIL-t2. Peer's state: e968ceb0-4b48-4455-969d-c37705d4e7f8@group-BDD2E274C814:t2, leader=null, voted=e968ceb0-4b48-4455-969d-c37705d4e7f8, raftlog=e968ceb0-4b48-4455-969d-c37705d4e7f8@group-BDD2E274C814-SegmentedRaftLog:OPENED:c-1,f-1,i0, conf=-1: [d7f544bc-16cd-4de5-96c9-37820cb3981a|rpc:10.1.0.4:36017|priority:0, e968ceb0-4b48-4455-969d-c37705d4e7f8|rpc:10.1.0.4:45809|priority:1, 3f5fdcdb-3920-48dc-9b27-ab3e73a64fa3|rpc:10.1.0.4:45579|priority:0], old=null
2021-08-18 00:05:37,583 [grpc-default-executor-4] INFO  server.RaftServer$Division (RaftServerImpl.java:requestVote(1043)) - 3f5fdcdb-3920-48dc-9b27-ab3e73a64fa3@group-BDD2E274C814: receive requestVote(ELECTION, d7f544bc-16cd-4de5-96c9-37820cb3981a, group-BDD2E274C814, 2, (t:0, i:0))
2021-08-18 00:05:37,583 [grpc-default-executor-4] INFO  impl.VoteContext (VoteContext.java:log(48)) - 3f5fdcdb-3920-48dc-9b27-ab3e73a64fa3@group-BDD2E274C814-CANDIDATE: reject ELECTION from d7f544bc-16cd-4de5-96c9-37820cb3981a: already has voted for 3f5fdcdb-3920-48dc-9b27-ab3e73a64fa3 at current term 2
2021-08-18 00:05:37,583 [grpc-default-executor-4] INFO  server.RaftServer$Division (RaftServerImpl.java:requestVote(1075)) - 3f5fdcdb-3920-48dc-9b27-ab3e73a64fa3@group-BDD2E274C814 replies to ELECTION vote request: d7f544bc-16cd-4de5-96c9-37820cb3981a<-3f5fdcdb-3920-48dc-9b27-ab3e73a64fa3#0:FAIL-t2. Peer's state: 3f5fdcdb-3920-48dc-9b27-ab3e73a64fa3@group-BDD2E274C814:t2, leader=null, voted=3f5fdcdb-3920-48dc-9b27-ab3e73a64fa3, raftlog=3f5fdcdb-3920-48dc-9b27-ab3e73a64fa3@group-BDD2E274C814-SegmentedRaftLog:OPENED:c-1,f-1,i0, conf=-1: [d7f544bc-16cd-4de5-96c9-37820cb3981a|rpc:10.1.0.4:36017|dataStream:|priority:0, e968ceb0-4b48-4455-969d-c37705d4e7f8|rpc:10.1.0.4:45809|dataStream:|priority:1, 3f5fdcdb-3920-48dc-9b27-ab3e73a64fa3|rpc:10.1.0.4:45579|dataStream:|priority:0], old=null
2021-08-18 00:05:37,592 [grpc-default-executor-0] INFO  impl.VoteContext (VoteContext.java:log(48)) - d7f544bc-16cd-4de5-96c9-37820cb3981a@group-BDD2E274C814-FOLLOWER: reject ELECTION from 3f5fdcdb-3920-48dc-9b27-ab3e73a64fa3: already has voted for d7f544bc-16cd-4de5-96c9-37820cb3981a at current term 2
2021-08-18 00:05:37,593 [3f5fdcdb-3920-48dc-9b27-ab3e73a64fa3@group-BDD2E274C814-LeaderElection44] INFO  impl.LeaderElection (LeaderElection.java:logAndReturn(89)) - 3f5fdcdb-3920-48dc-9b27-ab3e73a64fa3@group-BDD2E274C814-LeaderElection44: ELECTION REJECTED received 1 response(s) and 0 exception(s):
2021-08-18 00:05:37,614 [3f5fdcdb-3920-48dc-9b27-ab3e73a64fa3@group-BDD2E274C814-LeaderElection44] INFO  impl.LeaderElection (LeaderElection.java:logAndReturn(93)) -   Response 0: 3f5fdcdb-3920-48dc-9b27-ab3e73a64fa3<-e968ceb0-4b48-4455-969d-c37705d4e7f8#0:FAIL-t2
2021-08-18 00:05:37,593 [e968ceb0-4b48-4455-969d-c37705d4e7f8@group-BDD2E274C814-LeaderElection43] INFO  impl.LeaderElection (LeaderElection.java:askForVotes(308)) - e968ceb0-4b48-4455-969d-c37705d4e7f8@group-BDD2E274C814-LeaderElection43 ELECTION round 0: result REJECTED
2021-08-18 00:05:37,614 [e968ceb0-4b48-4455-969d-c37705d4e7f8@group-BDD2E274C814-LeaderElection43] INFO  server.RaftServer$Division (RaftServerImpl.java:setRole(285)) - e968ceb0-4b48-4455-969d-c37705d4e7f8@group-BDD2E274C814: changes role from CANDIDATE to FOLLOWER at term 2 for REJECTED
2021-08-18 00:05:37,614 [e968ceb0-4b48-4455-969d-c37705d4e7f8@group-BDD2E274C814-LeaderElection43] INFO  impl.RoleInfo (RoleInfo.java:shutdownLeaderElection(121)) - e968ceb0-4b48-4455-969d-c37705d4e7f8: shutdown e968ceb0-4b48-4455-969d-c37705d4e7f8@group-BDD2E274C814-LeaderElection43
2021-08-18 00:05:37,614 [e968ceb0-4b48-4455-969d-c37705d4e7f8@group-BDD2E274C814-LeaderElection43] INFO  impl.RoleInfo (RoleInfo.java:updateAndGet(130)) - e968ceb0-4b48-4455-969d-c37705d4e7f8: start e968ceb0-4b48-4455-969d-c37705d4e7f8@group-BDD2E274C814-FollowerState
2021-08-18 00:05:37,614 [3f5fdcdb-3920-48dc-9b27-ab3e73a64fa3@group-BDD2E274C814-LeaderElection44] INFO  impl.LeaderElection (LeaderElection.java:askForVotes(308)) - 3f5fdcdb-3920-48dc-9b27-ab3e73a64fa3@group-BDD2E274C814-LeaderElection44 ELECTION round 0: result REJECTED
2021-08-18 00:05:37,620 [3f5fdcdb-3920-48dc-9b27-ab3e73a64fa3@group-BDD2E274C814-LeaderElection44] INFO  server.RaftServer$Division (RaftServerImpl.java:setRole(285)) - 3f5fdcdb-3920-48dc-9b27-ab3e73a64fa3@group-BDD2E274C814: changes role from CANDIDATE to FOLLOWER at term 2 for REJECTED
2021-08-18 00:05:37,620 [3f5fdcdb-3920-48dc-9b27-ab3e73a64fa3@group-BDD2E274C814-LeaderElection44] INFO  impl.RoleInfo (RoleInfo.java:shutdownLeaderElection(121)) - 3f5fdcdb-3920-48dc-9b27-ab3e73a64fa3: shutdown 3f5fdcdb-3920-48dc-9b27-ab3e73a64fa3@group-BDD2E274C814-LeaderElection44
2021-08-18 00:05:37,620 [3f5fdcdb-3920-48dc-9b27-ab3e73a64fa3@group-BDD2E274C814-LeaderElection44] INFO  impl.RoleInfo (RoleInfo.java:updateAndGet(130)) - 3f5fdcdb-3920-48dc-9b27-ab3e73a64fa3: start 3f5fdcdb-3920-48dc-9b27-ab3e73a64fa3@group-BDD2E274C814-FollowerState
2021-08-18 00:05:37,632 [grpc-default-executor-0] INFO  server.RaftServer$Division (RaftServerImpl.java:requestVote(1075)) - d7f544bc-16cd-4de5-96c9-37820cb3981a@group-BDD2E274C814 replies to ELECTION vote request: 3f5fdcdb-3920-48dc-9b27-ab3e73a64fa3<-d7f544bc-16cd-4de5-96c9-37820cb3981a#0:FAIL-t2. Peer's state: d7f544bc-16cd-4de5-96c9-37820cb3981a@group-BDD2E274C814:t2, leader=null, voted=d7f544bc-16cd-4de5-96c9-37820cb3981a, raftlog=d7f544bc-16cd-4de5-96c9-37820cb3981a@group-BDD2E274C814-SegmentedRaftLog:OPENED:c-1,f-1,i0, conf=-1: [d7f544bc-16cd-4de5-96c9-37820cb3981a|rpc:10.1.0.4:36017|priority:0, e968ceb0-4b48-4455-969d-c37705d4e7f8|rpc:10.1.0.4:45809|priority:1, 3f5fdcdb-3920-48dc-9b27-ab3e73a64fa3|rpc:10.1.0.4:45579|priority:0], old=null
2021-08-18 00:05:39,322 [Datanode State Machine Thread - 0] WARN  statemachine.StateContext (StateContext.java:execute(621)) - No available thread in pool for past 1 seconds.
2021-08-18 00:05:39,332 [Listener at 127.0.0.1/46821] ERROR ratis.XceiverServerRatis (XceiverServerRatis.java:triggerPipelineClose(676)) - pipeline Action CLOSE on pipeline PipelineID=5218c443-b508-4997-b694-3e735bbbd292.Reason : Unspecified failure reported in Ratis log
2021-08-18 00:05:39,385 [EventQueue-PipelineActionsForPipelineActionHandler] INFO  pipeline.PipelineActionHandler (PipelineActionHandler.java:processPipelineAction(82)) - Received pipeline action CLOSE for PipelineID=5218c443-b508-4997-b694-3e735bbbd292 from datanode d7f544bc-16cd-4de5-96c9-37820cb3981a. Reason : Unspecified failure reported in Ratis log
2021-08-18 00:05:39,387 [EventQueue-PipelineActionsForPipelineActionHandler] INFO  pipeline.PipelineManagerImpl (PipelineManagerImpl.java:closePipeline(343)) - Pipeline Pipeline[ Id: 5218c443-b508-4997-b694-3e735bbbd292, Nodes: d7f544bc-16cd-4de5-96c9-37820cb3981a{ip: 10.1.0.4, host: fv-az122-443.zf1tlrj3kn4expqppa1j4mpycf.xx.internal.cloudapp.net, ports: [REPLICATION=38511, RATIS=36017, RATIS_ADMIN=36017, RATIS_SERVER=36017, STANDALONE=39931], networkLocation: /default-rack, certSerialId: null, persistedOpState: IN_SERVICE, persistedOpStateExpiryEpochSec: 0}e968ceb0-4b48-4455-969d-c37705d4e7f8{ip: 10.1.0.4, host: fv-az122-443.zf1tlrj3kn4expqppa1j4mpycf.xx.internal.cloudapp.net, ports: [REPLICATION=42953, RATIS=45809, RATIS_ADMIN=45809, RATIS_SERVER=45809, STANDALONE=38793], networkLocation: /default-rack, certSerialId: null, persistedOpState: IN_SERVICE, persistedOpStateExpiryEpochSec: 0}3f5fdcdb-3920-48dc-9b27-ab3e73a64fa3{ip: 10.1.0.4, host: fv-az122-443.zf1tlrj3kn4expqppa1j4mpycf.xx.internal.cloudapp.net, ports: [REPLICATION=42937, RATIS=45579, RATIS_ADMIN=45579, RATIS_SERVER=45579, STANDALONE=44533], networkLocation: /default-rack, certSerialId: null, persistedOpState: IN_SERVICE, persistedOpStateExpiryEpochSec: 0}, ReplicationConfig: RATIS/THREE, State:OPEN, leaderId:d7f544bc-16cd-4de5-96c9-37820cb3981a, CreationTimestamp2021-08-18T00:05:24.386Z[Etc/UTC]] moved to CLOSED state
2021-08-18 00:05:39,422 [EventQueue-PipelineActionsForPipelineActionHandler] INFO  pipeline.RatisPipelineProvider (RatisPipelineProvider.java:lambda$close$1(222)) - Send pipeline:PipelineID=5218c443-b508-4997-b694-3e735bbbd292 close command to datanode d7f544bc-16cd-4de5-96c9-37820cb3981a
2021-08-18 00:05:39,422 [EventQueue-PipelineActionsForPipelineActionHandler] INFO  pipeline.RatisPipelineProvider (RatisPipelineProvider.java:lambda$close$1(222)) - Send pipeline:PipelineID=5218c443-b508-4997-b694-3e735bbbd292 close command to datanode e968ceb0-4b48-4455-969d-c37705d4e7f8
2021-08-18 00:05:39,422 [EventQueue-PipelineActionsForPipelineActionHandler] INFO  pipeline.RatisPipelineProvider (RatisPipelineProvider.java:lambda$close$1(222)) - Send pipeline:PipelineID=5218c443-b508-4997-b694-3e735bbbd292 close command to datanode 3f5fdcdb-3920-48dc-9b27-ab3e73a64fa3
2021-08-18 00:05:39,456 [EventQueue-CloseContainerForCloseContainerEventHandler] INFO  container.CloseContainerEventHandler (CloseContainerEventHandler.java:onMessage(69)) - Close container Event triggered for container : #1
2021-08-18 00:05:39,471 [EventQueue-PipelineActionsForPipelineActionHandler] INFO  pipeline.PipelineStateManager (PipelineStateManagerV2Impl.java:removePipeline(211)) - Pipeline Pipeline[ Id: 5218c443-b508-4997-b694-3e735bbbd292, Nodes: d7f544bc-16cd-4de5-96c9-37820cb3981a{ip: 10.1.0.4, host: fv-az122-443.zf1tlrj3kn4expqppa1j4mpycf.xx.internal.cloudapp.net, ports: [REPLICATION=38511, RATIS=36017, RATIS_ADMIN=36017, RATIS_SERVER=36017, STANDALONE=39931], networkLocation: /default-rack, certSerialId: null, persistedOpState: IN_SERVICE, persistedOpStateExpiryEpochSec: 0}e968ceb0-4b48-4455-969d-c37705d4e7f8{ip: 10.1.0.4, host: fv-az122-443.zf1tlrj3kn4expqppa1j4mpycf.xx.internal.cloudapp.net, ports: [REPLICATION=42953, RATIS=45809, RATIS_ADMIN=45809, RATIS_SERVER=45809, STANDALONE=38793], networkLocation: /default-rack, certSerialId: null, persistedOpState: IN_SERVICE, persistedOpStateExpiryEpochSec: 0}3f5fdcdb-3920-48dc-9b27-ab3e73a64fa3{ip: 10.1.0.4, host: fv-az122-443.zf1tlrj3kn4expqppa1j4mpycf.xx.internal.cloudapp.net, ports: [REPLICATION=42937, RATIS=45579, RATIS_ADMIN=45579, RATIS_SERVER=45579, STANDALONE=44533], networkLocation: /default-rack, certSerialId: null, persistedOpState: IN_SERVICE, persistedOpStateExpiryEpochSec: 0}, ReplicationConfig: RATIS/THREE, State:CLOSED, leaderId:d7f544bc-16cd-4de5-96c9-37820cb3981a, CreationTimestamp2021-08-18T00:05:24.386Z[Etc/UTC]] removed.
2021-08-18 00:05:39,477 [EventQueue-CloseContainerForCloseContainerEventHandler] INFO  pipeline.PipelineStateManager (PipelineStateManagerV2Impl.java:removeContainerFromPipeline(237)) - Pipeline PipelineID=5218c443-b508-4997-b694-3e735bbbd292 is not found in the pipeline2ContainerMap. Pipeline may have been closed already.
2021-08-18 00:05:39,477 [EventQueue-CloseContainerForCloseContainerEventHandler] INFO  container.CloseContainerEventHandler (CloseContainerEventHandler.java:onMessage(69)) - Close container Event triggered for container : #2
2021-08-18 00:05:39,478 [EventQueue-CloseContainerForCloseContainerEventHandler] INFO  pipeline.PipelineStateManager (PipelineStateManagerV2Impl.java:removeContainerFromPipeline(237)) - Pipeline PipelineID=5218c443-b508-4997-b694-3e735bbbd292 is not found in the pipeline2ContainerMap. Pipeline may have been closed already.
2021-08-18 00:05:39,775 [Listener at 127.0.0.1/46821] INFO  ozone.MiniOzoneClusterImpl (MiniOzoneClusterImpl.java:shutdown(453)) - Shutting down the Mini Ozone Cluster
2021-08-18 00:05:39,776 [Listener at 127.0.0.1/46821] INFO  ozone.MiniOzoneClusterImpl (MiniOzoneClusterImpl.java:stop(468)) - Stopping the Mini Ozone Cluster
2021-08-18 00:05:39,776 [Listener at 127.0.0.1/46821] INFO  ozone.MiniOzoneClusterImpl (MiniOzoneClusterImpl.java:stopOM(550)) - Stopping the OzoneManager
2021-08-18 00:05:39,776 [Listener at 127.0.0.1/46821] INFO  om.OzoneManager (OzoneManager.java:stop(1632)) - Stopping Ozone Manager
2021-08-18 00:05:39,776 [Listener at 127.0.0.1/46821] INFO  ipc.Server (Server.java:stop(3414)) - Stopping server on 46821
2021-08-18 00:05:39,797 [IPC Server Responder] INFO  ipc.Server (Server.java:run(1512)) - Stopping IPC Server Responder
2021-08-18 00:05:39,797 [Listener at 127.0.0.1/46821] INFO  server.RaftServer (RaftServerProxy.java:lambda$close$6(391)) - om1: close
2021-08-18 00:05:39,798 [Listener at 127.0.0.1/46821] INFO  server.RaftServer$Division (RaftServerImpl.java:lambda$close$4(407)) - om1@group-C5BA1605619E: shutdown
2021-08-18 00:05:39,798 [Listener at 127.0.0.1/46821] INFO  util.JmxRegister (JmxRegister.java:unregister(73)) - Successfully un-registered JMX Bean with object name Ratis:service=RaftServer,group=group-C5BA1605619E,id=om1
2021-08-18 00:05:39,798 [Listener at 127.0.0.1/46821] INFO  impl.RoleInfo (RoleInfo.java:shutdownLeaderState(91)) - om1: shutdown om1@group-C5BA1605619E-LeaderStateImpl
2021-08-18 00:05:39,798 [Listener at 127.0.0.1/46821] INFO  impl.PendingRequests (PendingRequests.java:sendNotLeaderResponses(282)) - om1@group-C5BA1605619E-PendingRequests: sendNotLeaderResponses
2021-08-18 00:05:39,797 [IPC Server listener on 0] INFO  ipc.Server (Server.java:run(1376)) - Stopping IPC Server listener on 0
2021-08-18 00:05:39,803 [om1@group-C5BA1605619E-StateMachineUpdater] INFO  ratis.OzoneManagerStateMachine (OzoneManagerStateMachine.java:takeSnapshot(417)) - Current Snapshot Index (t:1, i:0)
2021-08-18 00:05:39,803 [om1@group-C5BA1605619E-StateMachineUpdater] INFO  impl.StateMachineUpdater (StateMachineUpdater.java:takeSnapshot(281)) - om1@group-C5BA1605619E-StateMachineUpdater: Took a snapshot at index 0
2021-08-18 00:05:39,804 [om1@group-C5BA1605619E-StateMachineUpdater] INFO  impl.StateMachineUpdater (StateMachineUpdater.java:lambda$new$0(89)) - om1@group-C5BA1605619E-StateMachineUpdater: snapshotIndex: updateIncreasingly -1 -> 0
2021-08-18 00:05:39,804 [om1@group-C5BA1605619E-StateMachineUpdater] INFO  ratis.OzoneManagerStateMachine (OzoneManagerStateMachine.java:close(471)) - StateMachine has shutdown. Shutdown OzoneManager if not already shutdown.
2021-08-18 00:05:39,844 [Listener at 127.0.0.1/46821] INFO  impl.StateMachineUpdater (StateMachineUpdater.java:stopAndJoin(149)) - om1@group-C5BA1605619E-StateMachineUpdater: set stopIndex = 0
2021-08-18 00:05:39,845 [Listener at 127.0.0.1/46821] INFO  server.RaftServer$Division (ServerState.java:close(419)) - om1@group-C5BA1605619E: closes. applyIndex: 0
2021-08-18 00:05:39,845 [om1@group-C5BA1605619E-SegmentedRaftLogWorker] INFO  segmented.SegmentedRaftLogWorker (SegmentedRaftLogWorker.java:run(327)) - om1@group-C5BA1605619E-SegmentedRaftLogWorker was interrupted, exiting. There are 0 tasks remaining in the queue.
2021-08-18 00:05:39,868 [Listener at 127.0.0.1/46821] INFO  segmented.SegmentedRaftLogWorker (SegmentedRaftLogWorker.java:close(237)) - om1@group-C5BA1605619E-SegmentedRaftLogWorker close()
2021-08-18 00:05:39,896 [Listener at 127.0.0.1/46821] INFO  server.GrpcService (GrpcService.java:closeImpl(262)) - om1: shutdown server with port 9872 now
2021-08-18 00:05:39,897 [Listener at 127.0.0.1/46821] INFO  server.GrpcService (GrpcService.java:closeImpl(271)) - om1: shutdown server with port 9872 successfully
2021-08-18 00:05:39,899 [org.apache.ratis.util.JvmPauseMonitor$$Lambda$531/199673773@42d00f1b] INFO  util.JvmPauseMonitor (JvmPauseMonitor.java:run(109)) - JvmPauseMonitor-om1: Stopped
2021-08-18 00:05:39,900 [Listener at 127.0.0.1/46821] INFO  ratis.OzoneManagerDoubleBuffer (OzoneManagerDoubleBuffer.java:stop(437)) - Stopping OMDoubleBuffer flush thread
2021-08-18 00:05:39,900 [OMDoubleBufferFlushThread] INFO  ratis.OzoneManagerDoubleBuffer (OzoneManagerDoubleBuffer.java:flushTransactions(356)) - OMDoubleBuffer flush thread OMDoubleBufferFlushThread is interrupted and will exit. OMDoubleBufferFlushThread
2021-08-18 00:05:39,900 [Listener at 127.0.0.1/46821] INFO  utils.BackgroundService (BackgroundService.java:shutdown(132)) - Shutting down service KeyDeletingService
2021-08-18 00:05:39,917 [Listener at 127.0.0.1/46821] INFO  handler.ContextHandler (ContextHandler.java:doStop(1153)) - Stopped o.e.j.w.WebAppContext@4aa48930{ozoneManager,/,null,STOPPED}{file:/home/runner/work/ozone/ozone/hadoop-ozone/integration-test/target/test-classes/webapps/ozoneManager}
2021-08-18 00:05:39,926 [Listener at 127.0.0.1/46821] INFO  server.AbstractConnector (AbstractConnector.java:doStop(381)) - Stopped ServerConnector@2072c741{HTTP/1.1, (http/1.1)}{0.0.0.0:0}
2021-08-18 00:05:39,926 [Listener at 127.0.0.1/46821] INFO  server.session (HouseKeeper.java:stopScavenging(149)) - node0 Stopped scavenging
2021-08-18 00:05:39,927 [Listener at 127.0.0.1/46821] INFO  handler.ContextHandler (ContextHandler.java:doStop(1153)) - Stopped o.e.j.s.ServletContextHandler@5e4a0a43{static,/static,file:///home/runner/work/ozone/ozone/hadoop-ozone/integration-test/target/test-classes/webapps/static,STOPPED}
2021-08-18 00:05:39,927 [Listener at 127.0.0.1/46821] INFO  handler.ContextHandler (ContextHandler.java:doStop(1153)) - Stopped o.e.j.s.ServletContextHandler@4fcd41f0{logs,/logs,file:///home/runner/work/ozone/ozone/hadoop-ozone/integration-test/target/log,STOPPED}
2021-08-18 00:05:39,929 [Listener at 127.0.0.1/46821] INFO  ozone.MiniOzoneClusterImpl (MiniOzoneClusterImpl.java:stopDatanodes(527)) - Stopping the HddsDatanodes
2021-08-18 00:05:40,322 [Datanode State Machine Thread - 0] INFO  statemachine.DatanodeStateMachine (DatanodeStateMachine.java:lambda$startDaemon$0(457)) - Ozone container server started.
2021-08-18 00:05:40,898 [Datanode State Machine Thread - 0] INFO  statemachine.DatanodeStateMachine (DatanodeStateMachine.java:lambda$startDaemon$0(457)) - Ozone container server started.
2021-08-18 00:05:41,552 [Command processor thread] INFO  server.RaftServer (RaftServerProxy.java:remove(106)) - 3f5fdcdb-3920-48dc-9b27-ab3e73a64fa3: remove  FOLLOWER 3f5fdcdb-3920-48dc-9b27-ab3e73a64fa3@group-3E735BBBD292:t2, leader=d7f544bc-16cd-4de5-96c9-37820cb3981a, voted=d7f544bc-16cd-4de5-96c9-37820cb3981a, raftlog=3f5fdcdb-3920-48dc-9b27-ab3e73a64fa3@group-3E735BBBD292-SegmentedRaftLog:OPENED:c0,f0,i0, conf=0: [d7f544bc-16cd-4de5-96c9-37820cb3981a|rpc:10.1.0.4:36017|dataStream:|priority:1, e968ceb0-4b48-4455-969d-c37705d4e7f8|rpc:10.1.0.4:45809|dataStream:|priority:0, 3f5fdcdb-3920-48dc-9b27-ab3e73a64fa3|rpc:10.1.0.4:45579|dataStream:|priority:0], old=null RUNNING
2021-08-18 00:05:41,556 [Command processor thread] INFO  server.RaftServer$Division (RaftServerImpl.java:lambda$close$4(407)) - 3f5fdcdb-3920-48dc-9b27-ab3e73a64fa3@group-3E735BBBD292: shutdown
2021-08-18 00:05:41,556 [Command processor thread] INFO  util.JmxRegister (JmxRegister.java:unregister(73)) - Successfully un-registered JMX Bean with object name Ratis:service=RaftServer,group=group-3E735BBBD292,id=3f5fdcdb-3920-48dc-9b27-ab3e73a64fa3
2021-08-18 00:05:41,556 [Command processor thread] INFO  impl.RoleInfo (RoleInfo.java:shutdownFollowerState(108)) - 3f5fdcdb-3920-48dc-9b27-ab3e73a64fa3: shutdown 3f5fdcdb-3920-48dc-9b27-ab3e73a64fa3@group-3E735BBBD292-FollowerState
2021-08-18 00:05:41,556 [Command processor thread] INFO  impl.StateMachineUpdater (StateMachineUpdater.java:stopAndJoin(149)) - 3f5fdcdb-3920-48dc-9b27-ab3e73a64fa3@group-3E735BBBD292-StateMachineUpdater: set stopIndex = 0
2021-08-18 00:05:41,556 [3f5fdcdb-3920-48dc-9b27-ab3e73a64fa3@group-3E735BBBD292-FollowerState] INFO  impl.FollowerState (FollowerState.java:run(143)) - 3f5fdcdb-3920-48dc-9b27-ab3e73a64fa3@group-3E735BBBD292-FollowerState was interrupted: {}
java.lang.InterruptedException: sleep interrupted
	at java.lang.Thread.sleep(Native Method)
	at java.lang.Thread.sleep(Thread.java:340)
	at java.util.concurrent.TimeUnit.sleep(TimeUnit.java:386)
	at org.apache.ratis.util.TimeDuration.sleep(TimeDuration.java:324)
	at org.apache.ratis.util.TimeDuration.sleep(TimeDuration.java:309)
	at org.apache.ratis.server.impl.FollowerState.run(FollowerState.java:118)
2021-08-18 00:05:41,561 [3f5fdcdb-3920-48dc-9b27-ab3e73a64fa3@group-3E735BBBD292-StateMachineUpdater] INFO  ratis.ContainerStateMachine (ContainerStateMachine.java:takeSnapshot(293)) - group-3E735BBBD292: Taking a snapshot at:(t:2, i:0) file /home/runner/work/ozone/ozone/hadoop-ozone/integration-test/target/test-dir/MiniOzoneClusterImpl-b4dd0c3d-6691-419c-bf37-cebc6a2c258c/datanode-2/data/ratis/5218c443-b508-4997-b694-3e735bbbd292/sm/snapshot.2_0
2021-08-18 00:05:41,567 [3f5fdcdb-3920-48dc-9b27-ab3e73a64fa3@group-3E735BBBD292-StateMachineUpdater] INFO  ratis.ContainerStateMachine (ContainerStateMachine.java:takeSnapshot(304)) - group-3E735BBBD292: Finished taking a snapshot at:(t:2, i:0) file:/home/runner/work/ozone/ozone/hadoop-ozone/integration-test/target/test-dir/MiniOzoneClusterImpl-b4dd0c3d-6691-419c-bf37-cebc6a2c258c/datanode-2/data/ratis/5218c443-b508-4997-b694-3e735bbbd292/sm/snapshot.2_0 took: 5 ms
2021-08-18 00:05:41,569 [3f5fdcdb-3920-48dc-9b27-ab3e73a64fa3@group-3E735BBBD292-StateMachineUpdater] INFO  impl.StateMachineUpdater (StateMachineUpdater.java:takeSnapshot(281)) - 3f5fdcdb-3920-48dc-9b27-ab3e73a64fa3@group-3E735BBBD292-StateMachineUpdater: Took a snapshot at index 0
2021-08-18 00:05:41,569 [3f5fdcdb-3920-48dc-9b27-ab3e73a64fa3@group-3E735BBBD292-StateMachineUpdater] INFO  impl.StateMachineUpdater (StateMachineUpdater.java:lambda$new$0(89)) - 3f5fdcdb-3920-48dc-9b27-ab3e73a64fa3@group-3E735BBBD292-StateMachineUpdater: snapshotIndex: updateIncreasingly -1 -> 0
2021-08-18 00:05:41,570 [Command processor thread] INFO  server.RaftServer$Division (ServerState.java:close(419)) - 3f5fdcdb-3920-48dc-9b27-ab3e73a64fa3@group-3E735BBBD292: closes. applyIndex: 0
2021-08-18 00:05:41,570 [3f5fdcdb-3920-48dc-9b27-ab3e73a64fa3@group-3E735BBBD292-SegmentedRaftLogWorker] INFO  segmented.SegmentedRaftLogWorker (SegmentedRaftLogWorker.java:run(327)) - 3f5fdcdb-3920-48dc-9b27-ab3e73a64fa3@group-3E735BBBD292-SegmentedRaftLogWorker was interrupted, exiting. There are 0 tasks remaining in the queue.
2021-08-18 00:05:41,571 [Command processor thread] INFO  segmented.SegmentedRaftLogWorker (SegmentedRaftLogWorker.java:close(237)) - 3f5fdcdb-3920-48dc-9b27-ab3e73a64fa3@group-3E735BBBD292-SegmentedRaftLogWorker close()
2021-08-18 00:05:41,572 [Command processor thread] INFO  server.RaftServer$Division (RaftServerImpl.java:groupRemove(377)) - 3f5fdcdb-3920-48dc-9b27-ab3e73a64fa3@group-3E735BBBD292: Succeed to remove RaftStorageDirectory Storage Directory /home/runner/work/ozone/ozone/hadoop-ozone/integration-test/target/test-dir/MiniOzoneClusterImpl-b4dd0c3d-6691-419c-bf37-cebc6a2c258c/datanode-2/data/ratis/5218c443-b508-4997-b694-3e735bbbd292
2021-08-18 00:05:41,573 [Command processor thread] INFO  commandhandler.ClosePipelineCommandHandler (ClosePipelineCommandHandler.java:handle(75)) - Close Pipeline PipelineID=5218c443-b508-4997-b694-3e735bbbd292 command on datanode 3f5fdcdb-3920-48dc-9b27-ab3e73a64fa3.
2021-08-18 00:05:42,652 [d7f544bc-16cd-4de5-96c9-37820cb3981a@group-BDD2E274C814-FollowerState] INFO  impl.FollowerState (FollowerState.java:run(134)) - d7f544bc-16cd-4de5-96c9-37820cb3981a@group-BDD2E274C814-FollowerState: change to CANDIDATE, lastRpcElapsedTime:5082415930ns, electionTimeout:5023ms
2021-08-18 00:05:42,652 [d7f544bc-16cd-4de5-96c9-37820cb3981a@group-BDD2E274C814-FollowerState] INFO  impl.RoleInfo (RoleInfo.java:shutdownFollowerState(108)) - d7f544bc-16cd-4de5-96c9-37820cb3981a: shutdown d7f544bc-16cd-4de5-96c9-37820cb3981a@group-BDD2E274C814-FollowerState
2021-08-18 00:05:42,652 [d7f544bc-16cd-4de5-96c9-37820cb3981a@group-BDD2E274C814-FollowerState] INFO  server.RaftServer$Division (RaftServerImpl.java:setRole(285)) - d7f544bc-16cd-4de5-96c9-37820cb3981a@group-BDD2E274C814: changes role from  FOLLOWER to CANDIDATE at term 2 for changeToCandidate
2021-08-18 00:05:42,652 [d7f544bc-16cd-4de5-96c9-37820cb3981a@group-BDD2E274C814-FollowerState] INFO  server.RaftServerConfigKeys (ConfUtils.java:logGet(44)) - raft.server.leaderelection.pre-vote = false (custom)
2021-08-18 00:05:42,656 [d7f544bc-16cd-4de5-96c9-37820cb3981a@group-BDD2E274C814-FollowerState] INFO  impl.RoleInfo (RoleInfo.java:updateAndGet(130)) - d7f544bc-16cd-4de5-96c9-37820cb3981a: start d7f544bc-16cd-4de5-96c9-37820cb3981a@group-BDD2E274C814-LeaderElection45
2021-08-18 00:05:42,697 [d7f544bc-16cd-4de5-96c9-37820cb3981a@group-BDD2E274C814-LeaderElection45] INFO  impl.LeaderElection (LeaderElection.java:askForVotes(306)) - d7f544bc-16cd-4de5-96c9-37820cb3981a@group-BDD2E274C814-LeaderElection45 ELECTION round 0: submit vote requests at term 3 for -1: [d7f544bc-16cd-4de5-96c9-37820cb3981a|rpc:10.1.0.4:36017|priority:0, e968ceb0-4b48-4455-969d-c37705d4e7f8|rpc:10.1.0.4:45809|priority:1, 3f5fdcdb-3920-48dc-9b27-ab3e73a64fa3|rpc:10.1.0.4:45579|priority:0], old=null
2021-08-18 00:05:42,700 [e968ceb0-4b48-4455-969d-c37705d4e7f8@group-BDD2E274C814-FollowerState] INFO  impl.FollowerState (FollowerState.java:run(134)) - e968ceb0-4b48-4455-969d-c37705d4e7f8@group-BDD2E274C814-FollowerState: change to CANDIDATE, lastRpcElapsedTime:5086197118ns, electionTimeout:5083ms
2021-08-18 00:05:42,701 [e968ceb0-4b48-4455-969d-c37705d4e7f8@group-BDD2E274C814-FollowerState] INFO  impl.RoleInfo (RoleInfo.java:shutdownFollowerState(108)) - e968ceb0-4b48-4455-969d-c37705d4e7f8: shutdown e968ceb0-4b48-4455-969d-c37705d4e7f8@group-BDD2E274C814-FollowerState
2021-08-18 00:05:42,701 [e968ceb0-4b48-4455-969d-c37705d4e7f8@group-BDD2E274C814-FollowerState] INFO  server.RaftServer$Division (RaftServerImpl.java:setRole(285)) - e968ceb0-4b48-4455-969d-c37705d4e7f8@group-BDD2E274C814: changes role from  FOLLOWER to CANDIDATE at term 2 for changeToCandidate
2021-08-18 00:05:42,725 [e968ceb0-4b48-4455-969d-c37705d4e7f8@group-BDD2E274C814-FollowerState] INFO  server.RaftServerConfigKeys (ConfUtils.java:logGet(44)) - raft.server.leaderelection.pre-vote = false (custom)
2021-08-18 00:05:42,725 [e968ceb0-4b48-4455-969d-c37705d4e7f8@group-BDD2E274C814-FollowerState] INFO  impl.RoleInfo (RoleInfo.java:updateAndGet(130)) - e968ceb0-4b48-4455-969d-c37705d4e7f8: start e968ceb0-4b48-4455-969d-c37705d4e7f8@group-BDD2E274C814-LeaderElection46
2021-08-18 00:05:42,740 [grpc-default-executor-0] INFO  server.RaftServer$Division (RaftServerImpl.java:requestVote(1043)) - 3f5fdcdb-3920-48dc-9b27-ab3e73a64fa3@group-BDD2E274C814: receive requestVote(ELECTION, d7f544bc-16cd-4de5-96c9-37820cb3981a, group-BDD2E274C814, 3, (t:0, i:0))
2021-08-18 00:05:42,740 [grpc-default-executor-0] INFO  impl.VoteContext (VoteContext.java:log(48)) - 3f5fdcdb-3920-48dc-9b27-ab3e73a64fa3@group-BDD2E274C814-FOLLOWER: accept ELECTION from d7f544bc-16cd-4de5-96c9-37820cb3981a: our priority 0 <= candidate's priority 0
2021-08-18 00:05:42,741 [grpc-default-executor-0] INFO  server.RaftServer$Division (RaftServerImpl.java:setRole(285)) - 3f5fdcdb-3920-48dc-9b27-ab3e73a64fa3@group-BDD2E274C814: changes role from  FOLLOWER to FOLLOWER at term 3 for candidate:d7f544bc-16cd-4de5-96c9-37820cb3981a
2021-08-18 00:05:42,741 [grpc-default-executor-0] INFO  impl.RoleInfo (RoleInfo.java:shutdownFollowerState(108)) - 3f5fdcdb-3920-48dc-9b27-ab3e73a64fa3: shutdown 3f5fdcdb-3920-48dc-9b27-ab3e73a64fa3@group-BDD2E274C814-FollowerState
2021-08-18 00:05:42,741 [grpc-default-executor-0] INFO  impl.RoleInfo (RoleInfo.java:updateAndGet(130)) - 3f5fdcdb-3920-48dc-9b27-ab3e73a64fa3: start 3f5fdcdb-3920-48dc-9b27-ab3e73a64fa3@group-BDD2E274C814-FollowerState
2021-08-18 00:05:42,741 [3f5fdcdb-3920-48dc-9b27-ab3e73a64fa3@group-BDD2E274C814-FollowerState] INFO  impl.FollowerState (FollowerState.java:run(143)) - 3f5fdcdb-3920-48dc-9b27-ab3e73a64fa3@group-BDD2E274C814-FollowerState was interrupted: {}
java.lang.InterruptedException: sleep interrupted
	at java.lang.Thread.sleep(Native Method)
	at java.lang.Thread.sleep(Thread.java:340)
	at java.util.concurrent.TimeUnit.sleep(TimeUnit.java:386)
	at org.apache.ratis.util.TimeDuration.sleep(TimeDuration.java:324)
	at org.apache.ratis.util.TimeDuration.sleep(TimeDuration.java:309)
	at org.apache.ratis.server.impl.FollowerState.run(FollowerState.java:118)
2021-08-18 00:05:42,746 [grpc-default-executor-0] INFO  server.RaftServer$Division (RaftServerImpl.java:requestVote(1075)) - 3f5fdcdb-3920-48dc-9b27-ab3e73a64fa3@group-BDD2E274C814 replies to ELECTION vote request: d7f544bc-16cd-4de5-96c9-37820cb3981a<-3f5fdcdb-3920-48dc-9b27-ab3e73a64fa3#0:OK-t3. Peer's state: 3f5fdcdb-3920-48dc-9b27-ab3e73a64fa3@group-BDD2E274C814:t3, leader=null, voted=d7f544bc-16cd-4de5-96c9-37820cb3981a, raftlog=3f5fdcdb-3920-48dc-9b27-ab3e73a64fa3@group-BDD2E274C814-SegmentedRaftLog:OPENED:c-1,f-1,i0, conf=-1: [d7f544bc-16cd-4de5-96c9-37820cb3981a|rpc:10.1.0.4:36017|dataStream:|priority:0, e968ceb0-4b48-4455-969d-c37705d4e7f8|rpc:10.1.0.4:45809|dataStream:|priority:1, 3f5fdcdb-3920-48dc-9b27-ab3e73a64fa3|rpc:10.1.0.4:45579|dataStream:|priority:0], old=null
2021-08-18 00:05:42,756 [e968ceb0-4b48-4455-969d-c37705d4e7f8@group-BDD2E274C814-LeaderElection46] INFO  impl.LeaderElection (LeaderElection.java:askForVotes(306)) - e968ceb0-4b48-4455-969d-c37705d4e7f8@group-BDD2E274C814-LeaderElection46 ELECTION round 0: submit vote requests at term 3 for -1: [d7f544bc-16cd-4de5-96c9-37820cb3981a|rpc:10.1.0.4:36017|priority:0, e968ceb0-4b48-4455-969d-c37705d4e7f8|rpc:10.1.0.4:45809|priority:1, 3f5fdcdb-3920-48dc-9b27-ab3e73a64fa3|rpc:10.1.0.4:45579|priority:0], old=null
2021-08-18 00:05:42,765 [grpc-default-executor-0] INFO  server.RaftServer$Division (RaftServerImpl.java:requestVote(1043)) - d7f544bc-16cd-4de5-96c9-37820cb3981a@group-BDD2E274C814: receive requestVote(ELECTION, e968ceb0-4b48-4455-969d-c37705d4e7f8, group-BDD2E274C814, 3, (t:0, i:0))
2021-08-18 00:05:42,765 [grpc-default-executor-0] INFO  impl.VoteContext (VoteContext.java:log(48)) - d7f544bc-16cd-4de5-96c9-37820cb3981a@group-BDD2E274C814-CANDIDATE: reject ELECTION from e968ceb0-4b48-4455-969d-c37705d4e7f8: already has voted for d7f544bc-16cd-4de5-96c9-37820cb3981a at current term 3
2021-08-18 00:05:42,766 [grpc-default-executor-0] INFO  server.RaftServer$Division (RaftServerImpl.java:requestVote(1075)) - d7f544bc-16cd-4de5-96c9-37820cb3981a@group-BDD2E274C814 replies to ELECTION vote request: e968ceb0-4b48-4455-969d-c37705d4e7f8<-d7f544bc-16cd-4de5-96c9-37820cb3981a#0:FAIL-t3. Peer's state: d7f544bc-16cd-4de5-96c9-37820cb3981a@group-BDD2E274C814:t3, leader=null, voted=d7f544bc-16cd-4de5-96c9-37820cb3981a, raftlog=d7f544bc-16cd-4de5-96c9-37820cb3981a@group-BDD2E274C814-SegmentedRaftLog:OPENED:c-1,f-1,i0, conf=-1: [d7f544bc-16cd-4de5-96c9-37820cb3981a|rpc:10.1.0.4:36017|priority:0, e968ceb0-4b48-4455-969d-c37705d4e7f8|rpc:10.1.0.4:45809|priority:1, 3f5fdcdb-3920-48dc-9b27-ab3e73a64fa3|rpc:10.1.0.4:45579|priority:0], old=null
2021-08-18 00:05:42,766 [grpc-default-executor-4] INFO  server.RaftServer$Division (RaftServerImpl.java:requestVote(1043)) - e968ceb0-4b48-4455-969d-c37705d4e7f8@group-BDD2E274C814: receive requestVote(ELECTION, d7f544bc-16cd-4de5-96c9-37820cb3981a, group-BDD2E274C814, 3, (t:0, i:0))
2021-08-18 00:05:42,766 [grpc-default-executor-4] INFO  impl.VoteContext (VoteContext.java:log(48)) - e968ceb0-4b48-4455-969d-c37705d4e7f8@group-BDD2E274C814-CANDIDATE: reject ELECTION from d7f544bc-16cd-4de5-96c9-37820cb3981a: already has voted for e968ceb0-4b48-4455-969d-c37705d4e7f8 at current term 3
2021-08-18 00:05:42,766 [grpc-default-executor-4] INFO  server.RaftServer$Division (RaftServerImpl.java:requestVote(1075)) - e968ceb0-4b48-4455-969d-c37705d4e7f8@group-BDD2E274C814 replies to ELECTION vote request: d7f544bc-16cd-4de5-96c9-37820cb3981a<-e968ceb0-4b48-4455-969d-c37705d4e7f8#0:FAIL-t3. Peer's state: e968ceb0-4b48-4455-969d-c37705d4e7f8@group-BDD2E274C814:t3, leader=null, voted=e968ceb0-4b48-4455-969d-c37705d4e7f8, raftlog=e968ceb0-4b48-4455-969d-c37705d4e7f8@group-BDD2E274C814-SegmentedRaftLog:OPENED:c-1,f-1,i0, conf=-1: [d7f544bc-16cd-4de5-96c9-37820cb3981a|rpc:10.1.0.4:36017|priority:0, e968ceb0-4b48-4455-969d-c37705d4e7f8|rpc:10.1.0.4:45809|priority:1, 3f5fdcdb-3920-48dc-9b27-ab3e73a64fa3|rpc:10.1.0.4:45579|priority:0], old=null
2021-08-18 00:05:42,769 [d7f544bc-16cd-4de5-96c9-37820cb3981a@group-BDD2E274C814-LeaderElection45] INFO  impl.LeaderElection (LeaderElection.java:logAndReturn(89)) - d7f544bc-16cd-4de5-96c9-37820cb3981a@group-BDD2E274C814-LeaderElection45: ELECTION REJECTED received 2 response(s) and 0 exception(s):
2021-08-18 00:05:42,769 [d7f544bc-16cd-4de5-96c9-37820cb3981a@group-BDD2E274C814-LeaderElection45] INFO  impl.LeaderElection (LeaderElection.java:logAndReturn(93)) -   Response 0: d7f544bc-16cd-4de5-96c9-37820cb3981a<-e968ceb0-4b48-4455-969d-c37705d4e7f8#0:FAIL-t3
2021-08-18 00:05:42,769 [d7f544bc-16cd-4de5-96c9-37820cb3981a@group-BDD2E274C814-LeaderElection45] INFO  impl.LeaderElection (LeaderElection.java:logAndReturn(93)) -   Response 1: d7f544bc-16cd-4de5-96c9-37820cb3981a<-3f5fdcdb-3920-48dc-9b27-ab3e73a64fa3#0:OK-t3
2021-08-18 00:05:42,769 [d7f544bc-16cd-4de5-96c9-37820cb3981a@group-BDD2E274C814-LeaderElection45] INFO  impl.LeaderElection (LeaderElection.java:askForVotes(308)) - d7f544bc-16cd-4de5-96c9-37820cb3981a@group-BDD2E274C814-LeaderElection45 ELECTION round 0: result REJECTED
2021-08-18 00:05:42,769 [d7f544bc-16cd-4de5-96c9-37820cb3981a@group-BDD2E274C814-LeaderElection45] INFO  server.RaftServer$Division (RaftServerImpl.java:setRole(285)) - d7f544bc-16cd-4de5-96c9-37820cb3981a@group-BDD2E274C814: changes role from CANDIDATE to FOLLOWER at term 3 for REJECTED
2021-08-18 00:05:42,769 [d7f544bc-16cd-4de5-96c9-37820cb3981a@group-BDD2E274C814-LeaderElection45] INFO  impl.RoleInfo (RoleInfo.java:shutdownLeaderElection(121)) - d7f544bc-16cd-4de5-96c9-37820cb3981a: shutdown d7f544bc-16cd-4de5-96c9-37820cb3981a@group-BDD2E274C814-LeaderElection45
2021-08-18 00:05:42,769 [d7f544bc-16cd-4de5-96c9-37820cb3981a@group-BDD2E274C814-LeaderElection45] INFO  impl.RoleInfo (RoleInfo.java:updateAndGet(130)) - d7f544bc-16cd-4de5-96c9-37820cb3981a: start d7f544bc-16cd-4de5-96c9-37820cb3981a@group-BDD2E274C814-FollowerState
2021-08-18 00:05:42,808 [grpc-default-executor-0] INFO  server.RaftServer$Division (RaftServerImpl.java:requestVote(1043)) - 3f5fdcdb-3920-48dc-9b27-ab3e73a64fa3@group-BDD2E274C814: receive requestVote(ELECTION, e968ceb0-4b48-4455-969d-c37705d4e7f8, group-BDD2E274C814, 3, (t:0, i:0))
2021-08-18 00:05:42,808 [grpc-default-executor-0] INFO  impl.VoteContext (VoteContext.java:log(48)) - 3f5fdcdb-3920-48dc-9b27-ab3e73a64fa3@group-BDD2E274C814-FOLLOWER: reject ELECTION from e968ceb0-4b48-4455-969d-c37705d4e7f8: already has voted for d7f544bc-16cd-4de5-96c9-37820cb3981a at current term 3
2021-08-18 00:05:42,808 [grpc-default-executor-0] INFO  server.RaftServer$Division (RaftServerImpl.java:requestVote(1075)) - 3f5fdcdb-3920-48dc-9b27-ab3e73a64fa3@group-BDD2E274C814 replies to ELECTION vote request: e968ceb0-4b48-4455-969d-c37705d4e7f8<-3f5fdcdb-3920-48dc-9b27-ab3e73a64fa3#0:FAIL-t3. Peer's state: 3f5fdcdb-3920-48dc-9b27-ab3e73a64fa3@group-BDD2E274C814:t3, leader=null, voted=d7f544bc-16cd-4de5-96c9-37820cb3981a, raftlog=3f5fdcdb-3920-48dc-9b27-ab3e73a64fa3@group-BDD2E274C814-SegmentedRaftLog:OPENED:c-1,f-1,i0, conf=-1: [d7f544bc-16cd-4de5-96c9-37820cb3981a|rpc:10.1.0.4:36017|dataStream:|priority:0, e968ceb0-4b48-4455-969d-c37705d4e7f8|rpc:10.1.0.4:45809|dataStream:|priority:1, 3f5fdcdb-3920-48dc-9b27-ab3e73a64fa3|rpc:10.1.0.4:45579|dataStream:|priority:0], old=null
2021-08-18 00:05:42,810 [e968ceb0-4b48-4455-969d-c37705d4e7f8@group-BDD2E274C814-LeaderElection46] INFO  impl.LeaderElection (LeaderElection.java:logAndReturn(89)) - e968ceb0-4b48-4455-969d-c37705d4e7f8@group-BDD2E274C814-LeaderElection46: ELECTION REJECTED received 2 response(s) and 0 exception(s):
2021-08-18 00:05:42,810 [e968ceb0-4b48-4455-969d-c37705d4e7f8@group-BDD2E274C814-LeaderElection46] INFO  impl.LeaderElection (LeaderElection.java:logAndReturn(93)) -   Response 0: e968ceb0-4b48-4455-969d-c37705d4e7f8<-d7f544bc-16cd-4de5-96c9-37820cb3981a#0:FAIL-t3
2021-08-18 00:05:42,810 [e968ceb0-4b48-4455-969d-c37705d4e7f8@group-BDD2E274C814-LeaderElection46] INFO  impl.LeaderElection (LeaderElection.java:logAndReturn(93)) -   Response 1: e968ceb0-4b48-4455-969d-c37705d4e7f8<-3f5fdcdb-3920-48dc-9b27-ab3e73a64fa3#0:FAIL-t3
2021-08-18 00:05:42,810 [e968ceb0-4b48-4455-969d-c37705d4e7f8@group-BDD2E274C814-LeaderElection46] INFO  impl.LeaderElection (LeaderElection.java:askForVotes(308)) - e968ceb0-4b48-4455-969d-c37705d4e7f8@group-BDD2E274C814-LeaderElection46 ELECTION round 0: result REJECTED
2021-08-18 00:05:42,810 [e968ceb0-4b48-4455-969d-c37705d4e7f8@group-BDD2E274C814-LeaderElection46] INFO  server.RaftServer$Division (RaftServerImpl.java:setRole(285)) - e968ceb0-4b48-4455-969d-c37705d4e7f8@group-BDD2E274C814: changes role from CANDIDATE to FOLLOWER at term 3 for REJECTED
2021-08-18 00:05:42,810 [e968ceb0-4b48-4455-969d-c37705d4e7f8@group-BDD2E274C814-LeaderElection46] INFO  impl.RoleInfo (RoleInfo.java:shutdownLeaderElection(121)) - e968ceb0-4b48-4455-969d-c37705d4e7f8: shutdown e968ceb0-4b48-4455-969d-c37705d4e7f8@group-BDD2E274C814-LeaderElection46
2021-08-18 00:05:42,810 [e968ceb0-4b48-4455-969d-c37705d4e7f8@group-BDD2E274C814-LeaderElection46] INFO  impl.RoleInfo (RoleInfo.java:updateAndGet(130)) - e968ceb0-4b48-4455-969d-c37705d4e7f8: start e968ceb0-4b48-4455-969d-c37705d4e7f8@group-BDD2E274C814-FollowerState
2021-08-18 00:05:44,945 [ForkJoinPool.commonPool-worker-1] INFO  ozoneimpl.OzoneContainer (OzoneContainer.java:stop(326)) - Attempting to stop container services.
2021-08-18 00:05:44,946 [Listener at 127.0.0.1/46821] INFO  ozoneimpl.OzoneContainer (OzoneContainer.java:stop(326)) - Attempting to stop container services.
2021-08-18 00:05:44,952 [Listener at 127.0.0.1/46821] INFO  server.RaftServer (RaftServerProxy.java:lambda$close$6(391)) - e968ceb0-4b48-4455-969d-c37705d4e7f8: close
2021-08-18 00:05:44,952 [Listener at 127.0.0.1/46821] INFO  server.RaftServer$Division (RaftServerImpl.java:lambda$close$4(407)) - e968ceb0-4b48-4455-969d-c37705d4e7f8@group-7B91CF591A3B: shutdown
2021-08-18 00:05:44,952 [Listener at 127.0.0.1/46821] INFO  util.JmxRegister (JmxRegister.java:unregister(73)) - Successfully un-registered JMX Bean with object name Ratis:service=RaftServer,group=group-7B91CF591A3B,id=e968ceb0-4b48-4455-969d-c37705d4e7f8
2021-08-18 00:05:44,953 [Listener at 127.0.0.1/46821] INFO  impl.RoleInfo (RoleInfo.java:shutdownLeaderState(91)) - e968ceb0-4b48-4455-969d-c37705d4e7f8: shutdown e968ceb0-4b48-4455-969d-c37705d4e7f8@group-7B91CF591A3B-LeaderStateImpl
2021-08-18 00:05:44,953 [Listener at 127.0.0.1/46821] INFO  impl.PendingRequests (PendingRequests.java:sendNotLeaderResponses(282)) - e968ceb0-4b48-4455-969d-c37705d4e7f8@group-7B91CF591A3B-PendingRequests: sendNotLeaderResponses
2021-08-18 00:05:44,955 [e968ceb0-4b48-4455-969d-c37705d4e7f8@group-7B91CF591A3B-StateMachineUpdater] INFO  ratis.ContainerStateMachine (ContainerStateMachine.java:takeSnapshot(293)) - group-7B91CF591A3B: Taking a snapshot at:(t:1, i:0) file /home/runner/work/ozone/ozone/hadoop-ozone/integration-test/target/test-dir/MiniOzoneClusterImpl-b4dd0c3d-6691-419c-bf37-cebc6a2c258c/datanode-1/data/ratis/a19828b8-0903-42e7-8d30-7b91cf591a3b/sm/snapshot.1_0
2021-08-18 00:05:44,955 [ForkJoinPool.commonPool-worker-1] INFO  server.RaftServer (RaftServerProxy.java:lambda$close$6(391)) - d7f544bc-16cd-4de5-96c9-37820cb3981a: close
2021-08-18 00:05:44,955 [ForkJoinPool.commonPool-worker-1] INFO  server.RaftServer$Division (RaftServerImpl.java:lambda$close$4(407)) - d7f544bc-16cd-4de5-96c9-37820cb3981a@group-BDD2E274C814: shutdown
2021-08-18 00:05:44,955 [ForkJoinPool.commonPool-worker-1] INFO  util.JmxRegister (JmxRegister.java:unregister(73)) - Successfully un-registered JMX Bean with object name Ratis:service=RaftServer,group=group-BDD2E274C814,id=d7f544bc-16cd-4de5-96c9-37820cb3981a
2021-08-18 00:05:44,955 [ForkJoinPool.commonPool-worker-1] INFO  impl.RoleInfo (RoleInfo.java:shutdownFollowerState(108)) - d7f544bc-16cd-4de5-96c9-37820cb3981a: shutdown d7f544bc-16cd-4de5-96c9-37820cb3981a@group-BDD2E274C814-FollowerState
2021-08-18 00:05:44,955 [ForkJoinPool.commonPool-worker-1] INFO  impl.StateMachineUpdater (StateMachineUpdater.java:stopAndJoin(149)) - d7f544bc-16cd-4de5-96c9-37820cb3981a@group-BDD2E274C814-StateMachineUpdater: set stopIndex = -1
2021-08-18 00:05:44,956 [Listener at 127.0.0.1/46821] INFO  impl.StateMachineUpdater (StateMachineUpdater.java:stopAndJoin(149)) - e968ceb0-4b48-4455-969d-c37705d4e7f8@group-7B91CF591A3B-StateMachineUpdater: set stopIndex = 0
2021-08-18 00:05:44,956 [d7f544bc-16cd-4de5-96c9-37820cb3981a@group-BDD2E274C814-FollowerState] INFO  impl.FollowerState (FollowerState.java:run(143)) - d7f544bc-16cd-4de5-96c9-37820cb3981a@group-BDD2E274C814-FollowerState was interrupted: {}
java.lang.InterruptedException: sleep interrupted
	at java.lang.Thread.sleep(Native Method)
	at java.lang.Thread.sleep(Thread.java:340)
	at java.util.concurrent.TimeUnit.sleep(TimeUnit.java:386)
	at org.apache.ratis.util.TimeDuration.sleep(TimeDuration.java:324)
	at org.apache.ratis.util.TimeDuration.sleep(TimeDuration.java:309)
	at org.apache.ratis.server.impl.FollowerState.run(FollowerState.java:118)
2021-08-18 00:05:44,956 [e968ceb0-4b48-4455-969d-c37705d4e7f8@group-7B91CF591A3B-StateMachineUpdater] INFO  ratis.ContainerStateMachine (ContainerStateMachine.java:takeSnapshot(304)) - group-7B91CF591A3B: Finished taking a snapshot at:(t:1, i:0) file:/home/runner/work/ozone/ozone/hadoop-ozone/integration-test/target/test-dir/MiniOzoneClusterImpl-b4dd0c3d-6691-419c-bf37-cebc6a2c258c/datanode-1/data/ratis/a19828b8-0903-42e7-8d30-7b91cf591a3b/sm/snapshot.1_0 took: 2 ms
2021-08-18 00:05:45,025 [e968ceb0-4b48-4455-969d-c37705d4e7f8@group-7B91CF591A3B-StateMachineUpdater] INFO  impl.StateMachineUpdater (StateMachineUpdater.java:takeSnapshot(281)) - e968ceb0-4b48-4455-969d-c37705d4e7f8@group-7B91CF591A3B-StateMachineUpdater: Took a snapshot at index 0
2021-08-18 00:05:45,026 [e968ceb0-4b48-4455-969d-c37705d4e7f8@group-7B91CF591A3B-StateMachineUpdater] INFO  impl.StateMachineUpdater (StateMachineUpdater.java:lambda$new$0(89)) - e968ceb0-4b48-4455-969d-c37705d4e7f8@group-7B91CF591A3B-StateMachineUpdater: snapshotIndex: updateIncreasingly -1 -> 0
2021-08-18 00:05:44,956 [ForkJoinPool.commonPool-worker-1] INFO  server.RaftServer$Division (ServerState.java:close(419)) - d7f544bc-16cd-4de5-96c9-37820cb3981a@group-BDD2E274C814: closes. applyIndex: -1
2021-08-18 00:05:45,026 [Listener at 127.0.0.1/46821] INFO  server.RaftServer$Division (ServerState.java:close(419)) - e968ceb0-4b48-4455-969d-c37705d4e7f8@group-7B91CF591A3B: closes. applyIndex: 0
2021-08-18 00:05:45,026 [d7f544bc-16cd-4de5-96c9-37820cb3981a@group-BDD2E274C814-SegmentedRaftLogWorker] INFO  segmented.SegmentedRaftLogWorker (SegmentedRaftLogWorker.java:run(327)) - d7f544bc-16cd-4de5-96c9-37820cb3981a@group-BDD2E274C814-SegmentedRaftLogWorker was interrupted, exiting. There are 0 tasks remaining in the queue.
2021-08-18 00:05:45,027 [e968ceb0-4b48-4455-969d-c37705d4e7f8@group-7B91CF591A3B-SegmentedRaftLogWorker] INFO  segmented.SegmentedRaftLogWorker (SegmentedRaftLogWorker.java:run(327)) - e968ceb0-4b48-4455-969d-c37705d4e7f8@group-7B91CF591A3B-SegmentedRaftLogWorker was interrupted, exiting. There are 0 tasks remaining in the queue.
2021-08-18 00:05:45,027 [ForkJoinPool.commonPool-worker-1] INFO  segmented.SegmentedRaftLogWorker (SegmentedRaftLogWorker.java:close(237)) - d7f544bc-16cd-4de5-96c9-37820cb3981a@group-BDD2E274C814-SegmentedRaftLogWorker close()
2021-08-18 00:05:45,027 [Listener at 127.0.0.1/46821] INFO  segmented.SegmentedRaftLogWorker (SegmentedRaftLogWorker.java:close(237)) - e968ceb0-4b48-4455-969d-c37705d4e7f8@group-7B91CF591A3B-SegmentedRaftLogWorker close()
2021-08-18 00:05:45,057 [Listener at 127.0.0.1/46821] INFO  server.RaftServer$Division (RaftServerImpl.java:lambda$close$4(407)) - e968ceb0-4b48-4455-969d-c37705d4e7f8@group-BDD2E274C814: shutdown
2021-08-18 00:05:45,057 [Listener at 127.0.0.1/46821] INFO  util.JmxRegister (JmxRegister.java:unregister(73)) - Successfully un-registered JMX Bean with object name Ratis:service=RaftServer,group=group-BDD2E274C814,id=e968ceb0-4b48-4455-969d-c37705d4e7f8
2021-08-18 00:05:45,057 [Listener at 127.0.0.1/46821] INFO  impl.RoleInfo (RoleInfo.java:shutdownFollowerState(108)) - e968ceb0-4b48-4455-969d-c37705d4e7f8: shutdown e968ceb0-4b48-4455-969d-c37705d4e7f8@group-BDD2E274C814-FollowerState
2021-08-18 00:05:45,057 [Listener at 127.0.0.1/46821] INFO  impl.StateMachineUpdater (StateMachineUpdater.java:stopAndJoin(149)) - e968ceb0-4b48-4455-969d-c37705d4e7f8@group-BDD2E274C814-StateMachineUpdater: set stopIndex = -1
2021-08-18 00:05:45,057 [e968ceb0-4b48-4455-969d-c37705d4e7f8@group-BDD2E274C814-FollowerState] INFO  impl.FollowerState (FollowerState.java:run(143)) - e968ceb0-4b48-4455-969d-c37705d4e7f8@group-BDD2E274C814-FollowerState was interrupted: {}
java.lang.InterruptedException: sleep interrupted
	at java.lang.Thread.sleep(Native Method)
	at java.lang.Thread.sleep(Thread.java:340)
	at java.util.concurrent.TimeUnit.sleep(TimeUnit.java:386)
	at org.apache.ratis.util.TimeDuration.sleep(TimeDuration.java:324)
	at org.apache.ratis.util.TimeDuration.sleep(TimeDuration.java:309)
	at org.apache.ratis.server.impl.FollowerState.run(FollowerState.java:118)
2021-08-18 00:05:45,073 [Listener at 127.0.0.1/46821] INFO  server.RaftServer$Division (ServerState.java:close(419)) - e968ceb0-4b48-4455-969d-c37705d4e7f8@group-BDD2E274C814: closes. applyIndex: -1
2021-08-18 00:05:45,057 [ForkJoinPool.commonPool-worker-1] INFO  server.RaftServer$Division (RaftServerImpl.java:lambda$close$4(407)) - d7f544bc-16cd-4de5-96c9-37820cb3981a@group-3E735BBBD292: shutdown
2021-08-18 00:05:45,080 [ForkJoinPool.commonPool-worker-1] INFO  util.JmxRegister (JmxRegister.java:unregister(73)) - Successfully un-registered JMX Bean with object name Ratis:service=RaftServer,group=group-3E735BBBD292,id=d7f544bc-16cd-4de5-96c9-37820cb3981a
2021-08-18 00:05:45,081 [ForkJoinPool.commonPool-worker-1] INFO  impl.RoleInfo (RoleInfo.java:shutdownLeaderState(91)) - d7f544bc-16cd-4de5-96c9-37820cb3981a: shutdown d7f544bc-16cd-4de5-96c9-37820cb3981a@group-3E735BBBD292-LeaderStateImpl
2021-08-18 00:05:45,081 [d7f544bc-16cd-4de5-96c9-37820cb3981a@group-3E735BBBD292->e968ceb0-4b48-4455-969d-c37705d4e7f8-GrpcLogAppender-LogAppenderDaemon] WARN  server.GrpcLogAppender (GrpcLogAppender.java:mayWait(175)) - d7f544bc-16cd-4de5-96c9-37820cb3981a@group-3E735BBBD292->e968ceb0-4b48-4455-969d-c37705d4e7f8-GrpcLogAppender: Wait interrupted by java.lang.InterruptedException
2021-08-18 00:05:45,081 [d7f544bc-16cd-4de5-96c9-37820cb3981a@group-3E735BBBD292->3f5fdcdb-3920-48dc-9b27-ab3e73a64fa3-GrpcLogAppender-LogAppenderDaemon] WARN  server.GrpcLogAppender (GrpcLogAppender.java:mayWait(175)) - d7f544bc-16cd-4de5-96c9-37820cb3981a@group-3E735BBBD292->3f5fdcdb-3920-48dc-9b27-ab3e73a64fa3-GrpcLogAppender: Wait interrupted by java.lang.InterruptedException
2021-08-18 00:05:45,082 [grpc-default-executor-0] INFO  server.GrpcServerProtocolService (GrpcServerProtocolService.java:onCompleted(140)) - e968ceb0-4b48-4455-969d-c37705d4e7f8: Completed APPEND_ENTRIES, lastRequest: d7f544bc-16cd-4de5-96c9-37820cb3981a->e968ceb0-4b48-4455-969d-c37705d4e7f8#1-t2,previous=(t:0, i:0),leaderCommit=-1,initializing? true,entries: size=1, first=(t:2, i:0), CONFIGURATIONENTRY
2021-08-18 00:05:45,081 [ForkJoinPool.commonPool-worker-1] INFO  impl.PendingRequests (PendingRequests.java:sendNotLeaderResponses(282)) - d7f544bc-16cd-4de5-96c9-37820cb3981a@group-3E735BBBD292-PendingRequests: sendNotLeaderResponses
2021-08-18 00:05:45,085 [ForkJoinPool.commonPool-worker-1] INFO  impl.StateMachineUpdater (StateMachineUpdater.java:stopAndJoin(149)) - d7f544bc-16cd-4de5-96c9-37820cb3981a@group-3E735BBBD292-StateMachineUpdater: set stopIndex = 0
2021-08-18 00:05:45,086 [d7f544bc-16cd-4de5-96c9-37820cb3981a@group-3E735BBBD292-StateMachineUpdater] INFO  ratis.ContainerStateMachine (ContainerStateMachine.java:takeSnapshot(293)) - group-3E735BBBD292: Taking a snapshot at:(t:2, i:0) file /home/runner/work/ozone/ozone/hadoop-ozone/integration-test/target/test-dir/MiniOzoneClusterImpl-b4dd0c3d-6691-419c-bf37-cebc6a2c258c/datanode-0/data/ratis/5218c443-b508-4997-b694-3e735bbbd292/sm/snapshot.2_0
2021-08-18 00:05:45,087 [d7f544bc-16cd-4de5-96c9-37820cb3981a@group-3E735BBBD292-StateMachineUpdater] INFO  ratis.ContainerStateMachine (ContainerStateMachine.java:takeSnapshot(304)) - group-3E735BBBD292: Finished taking a snapshot at:(t:2, i:0) file:/home/runner/work/ozone/ozone/hadoop-ozone/integration-test/target/test-dir/MiniOzoneClusterImpl-b4dd0c3d-6691-419c-bf37-cebc6a2c258c/datanode-0/data/ratis/5218c443-b508-4997-b694-3e735bbbd292/sm/snapshot.2_0 took: 2 ms
2021-08-18 00:05:45,087 [d7f544bc-16cd-4de5-96c9-37820cb3981a@group-3E735BBBD292-StateMachineUpdater] INFO  impl.StateMachineUpdater (StateMachineUpdater.java:takeSnapshot(281)) - d7f544bc-16cd-4de5-96c9-37820cb3981a@group-3E735BBBD292-StateMachineUpdater: Took a snapshot at index 0
2021-08-18 00:05:45,087 [d7f544bc-16cd-4de5-96c9-37820cb3981a@group-3E735BBBD292-StateMachineUpdater] INFO  impl.StateMachineUpdater (StateMachineUpdater.java:lambda$new$0(89)) - d7f544bc-16cd-4de5-96c9-37820cb3981a@group-3E735BBBD292-StateMachineUpdater: snapshotIndex: updateIncreasingly -1 -> 0
2021-08-18 00:05:45,088 [ForkJoinPool.commonPool-worker-1] INFO  server.RaftServer$Division (ServerState.java:close(419)) - d7f544bc-16cd-4de5-96c9-37820cb3981a@group-3E735BBBD292: closes. applyIndex: 0
2021-08-18 00:05:45,088 [d7f544bc-16cd-4de5-96c9-37820cb3981a@group-3E735BBBD292-SegmentedRaftLogWorker] INFO  segmented.SegmentedRaftLogWorker (SegmentedRaftLogWorker.java:run(327)) - d7f544bc-16cd-4de5-96c9-37820cb3981a@group-3E735BBBD292-SegmentedRaftLogWorker was interrupted, exiting. There are 0 tasks remaining in the queue.
2021-08-18 00:05:45,090 [ForkJoinPool.commonPool-worker-1] INFO  segmented.SegmentedRaftLogWorker (SegmentedRaftLogWorker.java:close(237)) - d7f544bc-16cd-4de5-96c9-37820cb3981a@group-3E735BBBD292-SegmentedRaftLogWorker close()
2021-08-18 00:05:45,092 [e968ceb0-4b48-4455-969d-c37705d4e7f8@group-BDD2E274C814-SegmentedRaftLogWorker] INFO  segmented.SegmentedRaftLogWorker (SegmentedRaftLogWorker.java:run(327)) - e968ceb0-4b48-4455-969d-c37705d4e7f8@group-BDD2E274C814-SegmentedRaftLogWorker was interrupted, exiting. There are 0 tasks remaining in the queue.
2021-08-18 00:05:45,093 [Listener at 127.0.0.1/46821] INFO  segmented.SegmentedRaftLogWorker (SegmentedRaftLogWorker.java:close(237)) - e968ceb0-4b48-4455-969d-c37705d4e7f8@group-BDD2E274C814-SegmentedRaftLogWorker close()
2021-08-18 00:05:45,117 [grpc-default-executor-0] INFO  server.GrpcServerProtocolService (GrpcServerProtocolService.java:onCompleted(140)) - 3f5fdcdb-3920-48dc-9b27-ab3e73a64fa3: Completed APPEND_ENTRIES, lastRequest: d7f544bc-16cd-4de5-96c9-37820cb3981a->3f5fdcdb-3920-48dc-9b27-ab3e73a64fa3#1-t2,previous=(t:0, i:0),leaderCommit=-1,initializing? true,entries: size=1, first=(t:2, i:0), CONFIGURATIONENTRY
2021-08-18 00:05:45,118 [grpc-default-executor-1] INFO  server.GrpcLogAppender (GrpcLogAppender.java:onCompleted(344)) - d7f544bc-16cd-4de5-96c9-37820cb3981a@group-3E735BBBD292->e968ceb0-4b48-4455-969d-c37705d4e7f8-AppendLogResponseHandler: follower responses appendEntries COMPLETED
2021-08-18 00:05:45,118 [grpc-default-executor-1] INFO  leader.FollowerInfo (FollowerInfoImpl.java:lambda$new$0(46)) - d7f544bc-16cd-4de5-96c9-37820cb3981a@group-3E735BBBD292->e968ceb0-4b48-4455-969d-c37705d4e7f8: nextIndex: updateUnconditionally 1 -> 0
2021-08-18 00:05:45,121 [grpc-default-executor-1] INFO  server.GrpcLogAppender (GrpcLogAppender.java:onCompleted(344)) - d7f544bc-16cd-4de5-96c9-37820cb3981a@group-3E735BBBD292->3f5fdcdb-3920-48dc-9b27-ab3e73a64fa3-AppendLogResponseHandler: follower responses appendEntries COMPLETED
2021-08-18 00:05:45,121 [grpc-default-executor-1] INFO  leader.FollowerInfo (FollowerInfoImpl.java:lambda$new$0(46)) - d7f544bc-16cd-4de5-96c9-37820cb3981a@group-3E735BBBD292->3f5fdcdb-3920-48dc-9b27-ab3e73a64fa3: nextIndex: updateUnconditionally 1 -> 0
2021-08-18 00:05:45,125 [ForkJoinPool.commonPool-worker-1] INFO  server.RaftServer$Division (RaftServerImpl.java:lambda$close$4(407)) - d7f544bc-16cd-4de5-96c9-37820cb3981a@group-F603789C2231: shutdown
2021-08-18 00:05:45,125 [ForkJoinPool.commonPool-worker-1] INFO  util.JmxRegister (JmxRegister.java:unregister(73)) - Successfully un-registered JMX Bean with object name Ratis:service=RaftServer,group=group-F603789C2231,id=d7f544bc-16cd-4de5-96c9-37820cb3981a
2021-08-18 00:05:45,125 [ForkJoinPool.commonPool-worker-1] INFO  impl.RoleInfo (RoleInfo.java:shutdownLeaderState(91)) - d7f544bc-16cd-4de5-96c9-37820cb3981a: shutdown d7f544bc-16cd-4de5-96c9-37820cb3981a@group-F603789C2231-LeaderStateImpl
2021-08-18 00:05:45,125 [ForkJoinPool.commonPool-worker-1] INFO  impl.PendingRequests (PendingRequests.java:sendNotLeaderResponses(282)) - d7f544bc-16cd-4de5-96c9-37820cb3981a@group-F603789C2231-PendingRequests: sendNotLeaderResponses
2021-08-18 00:05:45,126 [ForkJoinPool.commonPool-worker-1] INFO  impl.StateMachineUpdater (StateMachineUpdater.java:stopAndJoin(149)) - d7f544bc-16cd-4de5-96c9-37820cb3981a@group-F603789C2231-StateMachineUpdater: set stopIndex = 0
2021-08-18 00:05:45,126 [d7f544bc-16cd-4de5-96c9-37820cb3981a@group-F603789C2231-StateMachineUpdater] INFO  ratis.ContainerStateMachine (ContainerStateMachine.java:takeSnapshot(293)) - group-F603789C2231: Taking a snapshot at:(t:1, i:0) file /home/runner/work/ozone/ozone/hadoop-ozone/integration-test/target/test-dir/MiniOzoneClusterImpl-b4dd0c3d-6691-419c-bf37-cebc6a2c258c/datanode-0/data/ratis/43b8d1e9-b81b-4ec0-8059-f603789c2231/sm/snapshot.1_0
2021-08-18 00:05:45,126 [Listener at 127.0.0.1/46821] INFO  server.RaftServer$Division (RaftServerImpl.java:lambda$close$4(407)) - e968ceb0-4b48-4455-969d-c37705d4e7f8@group-3E735BBBD292: shutdown
2021-08-18 00:05:45,127 [Listener at 127.0.0.1/46821] INFO  util.JmxRegister (JmxRegister.java:unregister(73)) - Successfully un-registered JMX Bean with object name Ratis:service=RaftServer,group=group-3E735BBBD292,id=e968ceb0-4b48-4455-969d-c37705d4e7f8
2021-08-18 00:05:45,127 [Listener at 127.0.0.1/46821] INFO  impl.RoleInfo (RoleInfo.java:shutdownFollowerState(108)) - e968ceb0-4b48-4455-969d-c37705d4e7f8: shutdown e968ceb0-4b48-4455-969d-c37705d4e7f8@group-3E735BBBD292-FollowerState
2021-08-18 00:05:45,127 [Listener at 127.0.0.1/46821] INFO  impl.StateMachineUpdater (StateMachineUpdater.java:stopAndJoin(149)) - e968ceb0-4b48-4455-969d-c37705d4e7f8@group-3E735BBBD292-StateMachineUpdater: set stopIndex = 0
2021-08-18 00:05:45,127 [e968ceb0-4b48-4455-969d-c37705d4e7f8@group-3E735BBBD292-FollowerState] INFO  impl.FollowerState (FollowerState.java:run(143)) - e968ceb0-4b48-4455-969d-c37705d4e7f8@group-3E735BBBD292-FollowerState was interrupted: {}
java.lang.InterruptedException: sleep interrupted
	at java.lang.Thread.sleep(Native Method)
	at java.lang.Thread.sleep(Thread.java:340)
	at java.util.concurrent.TimeUnit.sleep(TimeUnit.java:386)
	at org.apache.ratis.util.TimeDuration.sleep(TimeDuration.java:324)
	at org.apache.ratis.util.TimeDuration.sleep(TimeDuration.java:309)
	at org.apache.ratis.server.impl.FollowerState.run(FollowerState.java:118)
2021-08-18 00:05:45,127 [e968ceb0-4b48-4455-969d-c37705d4e7f8@group-3E735BBBD292-StateMachineUpdater] INFO  ratis.ContainerStateMachine (ContainerStateMachine.java:takeSnapshot(293)) - group-3E735BBBD292: Taking a snapshot at:(t:2, i:0) file /home/runner/work/ozone/ozone/hadoop-ozone/integration-test/target/test-dir/MiniOzoneClusterImpl-b4dd0c3d-6691-419c-bf37-cebc6a2c258c/datanode-1/data/ratis/5218c443-b508-4997-b694-3e735bbbd292/sm/snapshot.2_0
2021-08-18 00:05:45,135 [d7f544bc-16cd-4de5-96c9-37820cb3981a@group-F603789C2231-StateMachineUpdater] INFO  ratis.ContainerStateMachine (ContainerStateMachine.java:takeSnapshot(304)) - group-F603789C2231: Finished taking a snapshot at:(t:1, i:0) file:/home/runner/work/ozone/ozone/hadoop-ozone/integration-test/target/test-dir/MiniOzoneClusterImpl-b4dd0c3d-6691-419c-bf37-cebc6a2c258c/datanode-0/data/ratis/43b8d1e9-b81b-4ec0-8059-f603789c2231/sm/snapshot.1_0 took: 9 ms
2021-08-18 00:05:45,135 [d7f544bc-16cd-4de5-96c9-37820cb3981a@group-F603789C2231-StateMachineUpdater] INFO  impl.StateMachineUpdater (StateMachineUpdater.java:takeSnapshot(281)) - d7f544bc-16cd-4de5-96c9-37820cb3981a@group-F603789C2231-StateMachineUpdater: Took a snapshot at index 0
2021-08-18 00:05:45,135 [d7f544bc-16cd-4de5-96c9-37820cb3981a@group-F603789C2231-StateMachineUpdater] INFO  impl.StateMachineUpdater (StateMachineUpdater.java:lambda$new$0(89)) - d7f544bc-16cd-4de5-96c9-37820cb3981a@group-F603789C2231-StateMachineUpdater: snapshotIndex: updateIncreasingly -1 -> 0
2021-08-18 00:05:45,135 [ForkJoinPool.commonPool-worker-1] INFO  server.RaftServer$Division (ServerState.java:close(419)) - d7f544bc-16cd-4de5-96c9-37820cb3981a@group-F603789C2231: closes. applyIndex: 0
2021-08-18 00:05:45,135 [d7f544bc-16cd-4de5-96c9-37820cb3981a@group-F603789C2231-SegmentedRaftLogWorker] INFO  segmented.SegmentedRaftLogWorker (SegmentedRaftLogWorker.java:run(327)) - d7f544bc-16cd-4de5-96c9-37820cb3981a@group-F603789C2231-SegmentedRaftLogWorker was interrupted, exiting. There are 0 tasks remaining in the queue.
2021-08-18 00:05:45,138 [e968ceb0-4b48-4455-969d-c37705d4e7f8@group-3E735BBBD292-StateMachineUpdater] INFO  ratis.ContainerStateMachine (ContainerStateMachine.java:takeSnapshot(304)) - group-3E735BBBD292: Finished taking a snapshot at:(t:2, i:0) file:/home/runner/work/ozone/ozone/hadoop-ozone/integration-test/target/test-dir/MiniOzoneClusterImpl-b4dd0c3d-6691-419c-bf37-cebc6a2c258c/datanode-1/data/ratis/5218c443-b508-4997-b694-3e735bbbd292/sm/snapshot.2_0 took: 11 ms
2021-08-18 00:05:45,138 [e968ceb0-4b48-4455-969d-c37705d4e7f8@group-3E735BBBD292-StateMachineUpdater] INFO  impl.StateMachineUpdater (StateMachineUpdater.java:takeSnapshot(281)) - e968ceb0-4b48-4455-969d-c37705d4e7f8@group-3E735BBBD292-StateMachineUpdater: Took a snapshot at index 0
2021-08-18 00:05:45,138 [e968ceb0-4b48-4455-969d-c37705d4e7f8@group-3E735BBBD292-StateMachineUpdater] INFO  impl.StateMachineUpdater (StateMachineUpdater.java:lambda$new$0(89)) - e968ceb0-4b48-4455-969d-c37705d4e7f8@group-3E735BBBD292-StateMachineUpdater: snapshotIndex: updateIncreasingly -1 -> 0
2021-08-18 00:05:45,139 [Listener at 127.0.0.1/46821] INFO  server.RaftServer$Division (ServerState.java:close(419)) - e968ceb0-4b48-4455-969d-c37705d4e7f8@group-3E735BBBD292: closes. applyIndex: 0
2021-08-18 00:05:45,139 [e968ceb0-4b48-4455-969d-c37705d4e7f8@group-3E735BBBD292-SegmentedRaftLogWorker] INFO  segmented.SegmentedRaftLogWorker (SegmentedRaftLogWorker.java:run(327)) - e968ceb0-4b48-4455-969d-c37705d4e7f8@group-3E735BBBD292-SegmentedRaftLogWorker was interrupted, exiting. There are 0 tasks remaining in the queue.
2021-08-18 00:05:45,140 [ForkJoinPool.commonPool-worker-1] INFO  segmented.SegmentedRaftLogWorker (SegmentedRaftLogWorker.java:close(237)) - d7f544bc-16cd-4de5-96c9-37820cb3981a@group-F603789C2231-SegmentedRaftLogWorker close()
2021-08-18 00:05:45,140 [Listener at 127.0.0.1/46821] INFO  segmented.SegmentedRaftLogWorker (SegmentedRaftLogWorker.java:close(237)) - e968ceb0-4b48-4455-969d-c37705d4e7f8@group-3E735BBBD292-SegmentedRaftLogWorker close()
2021-08-18 00:05:45,149 [ForkJoinPool.commonPool-worker-1] INFO  server.GrpcService (GrpcService.java:closeImpl(262)) - d7f544bc-16cd-4de5-96c9-37820cb3981a: shutdown server with port 36017 now
2021-08-18 00:05:45,150 [Listener at 127.0.0.1/46821] INFO  server.GrpcService (GrpcService.java:closeImpl(262)) - e968ceb0-4b48-4455-969d-c37705d4e7f8: shutdown server with port 45809 now
2021-08-18 00:05:45,180 [ForkJoinPool.commonPool-worker-1] INFO  server.GrpcService (GrpcService.java:closeImpl(271)) - d7f544bc-16cd-4de5-96c9-37820cb3981a: shutdown server with port 36017 successfully
2021-08-18 00:05:45,181 [org.apache.ratis.util.JvmPauseMonitor$$Lambda$531/199673773@78f09b30] INFO  util.JvmPauseMonitor (JvmPauseMonitor.java:run(109)) - JvmPauseMonitor-d7f544bc-16cd-4de5-96c9-37820cb3981a: Stopped
2021-08-18 00:05:45,185 [Listener at 127.0.0.1/46821] INFO  server.GrpcService (GrpcService.java:closeImpl(271)) - e968ceb0-4b48-4455-969d-c37705d4e7f8: shutdown server with port 45809 successfully
2021-08-18 00:05:45,185 [org.apache.ratis.util.JvmPauseMonitor$$Lambda$531/199673773@2bc98416] INFO  util.JvmPauseMonitor (JvmPauseMonitor.java:run(109)) - JvmPauseMonitor-e968ceb0-4b48-4455-969d-c37705d4e7f8: Stopped
2021-08-18 00:05:45,186 [Listener at 127.0.0.1/46821] INFO  utils.BackgroundService (BackgroundService.java:shutdown(132)) - Shutting down service BlockDeletingService
2021-08-18 00:05:45,191 [ForkJoinPool.commonPool-worker-1] INFO  utils.BackgroundService (BackgroundService.java:shutdown(132)) - Shutting down service BlockDeletingService
2021-08-18 00:05:47,924 [3f5fdcdb-3920-48dc-9b27-ab3e73a64fa3@group-BDD2E274C814-FollowerState] INFO  impl.FollowerState (FollowerState.java:run(134)) - 3f5fdcdb-3920-48dc-9b27-ab3e73a64fa3@group-BDD2E274C814-FollowerState: change to CANDIDATE, lastRpcElapsedTime:5178196403ns, electionTimeout:5178ms
2021-08-18 00:05:47,925 [3f5fdcdb-3920-48dc-9b27-ab3e73a64fa3@group-BDD2E274C814-FollowerState] INFO  impl.RoleInfo (RoleInfo.java:shutdownFollowerState(108)) - 3f5fdcdb-3920-48dc-9b27-ab3e73a64fa3: shutdown 3f5fdcdb-3920-48dc-9b27-ab3e73a64fa3@group-BDD2E274C814-FollowerState
2021-08-18 00:05:47,925 [3f5fdcdb-3920-48dc-9b27-ab3e73a64fa3@group-BDD2E274C814-FollowerState] INFO  server.RaftServer$Division (RaftServerImpl.java:setRole(285)) - 3f5fdcdb-3920-48dc-9b27-ab3e73a64fa3@group-BDD2E274C814: changes role from  FOLLOWER to CANDIDATE at term 3 for changeToCandidate
2021-08-18 00:05:47,925 [3f5fdcdb-3920-48dc-9b27-ab3e73a64fa3@group-BDD2E274C814-FollowerState] INFO  server.RaftServerConfigKeys (ConfUtils.java:logGet(44)) - raft.server.leaderelection.pre-vote = false (custom)
2021-08-18 00:05:47,925 [3f5fdcdb-3920-48dc-9b27-ab3e73a64fa3@group-BDD2E274C814-FollowerState] INFO  impl.RoleInfo (RoleInfo.java:updateAndGet(130)) - 3f5fdcdb-3920-48dc-9b27-ab3e73a64fa3: start 3f5fdcdb-3920-48dc-9b27-ab3e73a64fa3@group-BDD2E274C814-LeaderElection47
2021-08-18 00:05:47,963 [3f5fdcdb-3920-48dc-9b27-ab3e73a64fa3@group-BDD2E274C814-LeaderElection47] INFO  impl.LeaderElection (LeaderElection.java:askForVotes(306)) - 3f5fdcdb-3920-48dc-9b27-ab3e73a64fa3@group-BDD2E274C814-LeaderElection47 ELECTION round 0: submit vote requests at term 4 for -1: [d7f544bc-16cd-4de5-96c9-37820cb3981a|rpc:10.1.0.4:36017|dataStream:|priority:0, e968ceb0-4b48-4455-969d-c37705d4e7f8|rpc:10.1.0.4:45809|dataStream:|priority:1, 3f5fdcdb-3920-48dc-9b27-ab3e73a64fa3|rpc:10.1.0.4:45579|dataStream:|priority:0], old=null
2021-08-18 00:05:48,047 [3f5fdcdb-3920-48dc-9b27-ab3e73a64fa3@group-BDD2E274C814-LeaderElection47] INFO  impl.LeaderElection (LogUtils.java:infoOrTrace(137)) - 3f5fdcdb-3920-48dc-9b27-ab3e73a64fa3@group-BDD2E274C814-LeaderElection47 got exception when requesting votes: java.util.concurrent.ExecutionException: org.apache.ratis.thirdparty.io.grpc.StatusRuntimeException: UNAVAILABLE: io exception
2021-08-18 00:05:48,059 [3f5fdcdb-3920-48dc-9b27-ab3e73a64fa3@group-BDD2E274C814-LeaderElection47] INFO  impl.LeaderElection (LogUtils.java:infoOrTrace(137)) - 3f5fdcdb-3920-48dc-9b27-ab3e73a64fa3@group-BDD2E274C814-LeaderElection47 got exception when requesting votes: java.util.concurrent.ExecutionException: org.apache.ratis.thirdparty.io.grpc.StatusRuntimeException: UNAVAILABLE: io exception
2021-08-18 00:05:48,060 [3f5fdcdb-3920-48dc-9b27-ab3e73a64fa3@group-BDD2E274C814-LeaderElection47] INFO  impl.LeaderElection (LeaderElection.java:logAndReturn(89)) - 3f5fdcdb-3920-48dc-9b27-ab3e73a64fa3@group-BDD2E274C814-LeaderElection47: ELECTION REJECTED received 0 response(s) and 2 exception(s):
2021-08-18 00:05:48,060 [3f5fdcdb-3920-48dc-9b27-ab3e73a64fa3@group-BDD2E274C814-LeaderElection47] INFO  impl.LeaderElection (LogUtils.java:infoOrTrace(137)) -   Exception 0: java.util.concurrent.ExecutionException: org.apache.ratis.thirdparty.io.grpc.StatusRuntimeException: UNAVAILABLE: io exception
2021-08-18 00:05:48,060 [3f5fdcdb-3920-48dc-9b27-ab3e73a64fa3@group-BDD2E274C814-LeaderElection47] INFO  impl.LeaderElection (LogUtils.java:infoOrTrace(137)) -   Exception 1: java.util.concurrent.ExecutionException: org.apache.ratis.thirdparty.io.grpc.StatusRuntimeException: UNAVAILABLE: io exception
2021-08-18 00:05:48,060 [3f5fdcdb-3920-48dc-9b27-ab3e73a64fa3@group-BDD2E274C814-LeaderElection47] INFO  impl.LeaderElection (LeaderElection.java:askForVotes(308)) - 3f5fdcdb-3920-48dc-9b27-ab3e73a64fa3@group-BDD2E274C814-LeaderElection47 ELECTION round 0: result REJECTED
2021-08-18 00:05:48,060 [3f5fdcdb-3920-48dc-9b27-ab3e73a64fa3@group-BDD2E274C814-LeaderElection47] INFO  server.RaftServer$Division (RaftServerImpl.java:setRole(285)) - 3f5fdcdb-3920-48dc-9b27-ab3e73a64fa3@group-BDD2E274C814: changes role from CANDIDATE to FOLLOWER at term 4 for REJECTED
2021-08-18 00:05:48,060 [3f5fdcdb-3920-48dc-9b27-ab3e73a64fa3@group-BDD2E274C814-LeaderElection47] INFO  impl.RoleInfo (RoleInfo.java:shutdownLeaderElection(121)) - 3f5fdcdb-3920-48dc-9b27-ab3e73a64fa3: shutdown 3f5fdcdb-3920-48dc-9b27-ab3e73a64fa3@group-BDD2E274C814-LeaderElection47
2021-08-18 00:05:48,060 [3f5fdcdb-3920-48dc-9b27-ab3e73a64fa3@group-BDD2E274C814-LeaderElection47] INFO  impl.RoleInfo (RoleInfo.java:updateAndGet(130)) - 3f5fdcdb-3920-48dc-9b27-ab3e73a64fa3: start 3f5fdcdb-3920-48dc-9b27-ab3e73a64fa3@group-BDD2E274C814-FollowerState
2021-08-18 00:05:48,191 [Listener at 127.0.0.1/46821] INFO  statemachine.DatanodeStateMachine (DatanodeStateMachine.java:stopDaemon(515)) - Ozone container server stopped.
2021-08-18 00:05:48,192 [Listener at 127.0.0.1/46821] INFO  handler.ContextHandler (ContextHandler.java:doStop(1153)) - Stopped o.e.j.w.WebAppContext@6d5d4710{hddsDatanode,/,null,STOPPED}{jar:file:/home/runner/.m2/repository/org/apache/ozone/hdds-container-service/1.2.0-SNAPSHOT/hdds-container-service-1.2.0-SNAPSHOT.jar!/webapps/hddsDatanode}
2021-08-18 00:05:48,193 [Listener at 127.0.0.1/46821] INFO  server.AbstractConnector (AbstractConnector.java:doStop(381)) - Stopped ServerConnector@5bb68cd7{HTTP/1.1, (http/1.1)}{0.0.0.0:0}
2021-08-18 00:05:48,193 [Listener at 127.0.0.1/46821] INFO  server.session (HouseKeeper.java:stopScavenging(149)) - node0 Stopped scavenging
2021-08-18 00:05:48,196 [Listener at 127.0.0.1/46821] INFO  handler.ContextHandler (ContextHandler.java:doStop(1153)) - Stopped o.e.j.s.ServletContextHandler@2643c5ee{static,/static,jar:file:/home/runner/.m2/repository/org/apache/ozone/hdds-container-service/1.2.0-SNAPSHOT/hdds-container-service-1.2.0-SNAPSHOT.jar!/webapps/static,STOPPED}
2021-08-18 00:05:48,196 [Listener at 127.0.0.1/46821] INFO  handler.ContextHandler (ContextHandler.java:doStop(1153)) - Stopped o.e.j.s.ServletContextHandler@650a910c{logs,/logs,file:///home/runner/work/ozone/ozone/hadoop-ozone/integration-test/target/log,STOPPED}
2021-08-18 00:05:48,200 [ForkJoinPool.commonPool-worker-1] INFO  statemachine.DatanodeStateMachine (DatanodeStateMachine.java:stopDaemon(515)) - Ozone container server stopped.
2021-08-18 00:05:48,232 [ForkJoinPool.commonPool-worker-1] INFO  handler.ContextHandler (ContextHandler.java:doStop(1153)) - Stopped o.e.j.w.WebAppContext@37af3371{hddsDatanode,/,null,STOPPED}{jar:file:/home/runner/.m2/repository/org/apache/ozone/hdds-container-service/1.2.0-SNAPSHOT/hdds-container-service-1.2.0-SNAPSHOT.jar!/webapps/hddsDatanode}
2021-08-18 00:05:48,247 [ForkJoinPool.commonPool-worker-1] INFO  server.AbstractConnector (AbstractConnector.java:doStop(381)) - Stopped ServerConnector@77750454{HTTP/1.1, (http/1.1)}{0.0.0.0:0}
2021-08-18 00:05:48,248 [ForkJoinPool.commonPool-worker-1] INFO  server.session (HouseKeeper.java:stopScavenging(149)) - node0 Stopped scavenging
2021-08-18 00:05:48,268 [ForkJoinPool.commonPool-worker-1] INFO  handler.ContextHandler (ContextHandler.java:doStop(1153)) - Stopped o.e.j.s.ServletContextHandler@183bc8e{static,/static,jar:file:/home/runner/.m2/repository/org/apache/ozone/hdds-container-service/1.2.0-SNAPSHOT/hdds-container-service-1.2.0-SNAPSHOT.jar!/webapps/static,STOPPED}
2021-08-18 00:05:48,298 [ForkJoinPool.commonPool-worker-1] INFO  handler.ContextHandler (ContextHandler.java:doStop(1153)) - Stopped o.e.j.s.ServletContextHandler@54055763{logs,/logs,file:///home/runner/work/ozone/ozone/hadoop-ozone/integration-test/target/log,STOPPED}
2021-08-18 00:05:48,554 [Datanode State Machine Thread - 0] INFO  statemachine.DatanodeStateMachine (DatanodeStateMachine.java:lambda$startDaemon$0(457)) - Ozone container server started.
2021-08-18 00:05:53,199 [Listener at 127.0.0.1/46821] INFO  ozoneimpl.OzoneContainer (OzoneContainer.java:stop(326)) - Attempting to stop container services.
2021-08-18 00:05:53,201 [Listener at 127.0.0.1/46821] INFO  server.RaftServer (RaftServerProxy.java:lambda$close$6(391)) - 3f5fdcdb-3920-48dc-9b27-ab3e73a64fa3: close
2021-08-18 00:05:53,205 [Listener at 127.0.0.1/46821] INFO  server.RaftServer$Division (RaftServerImpl.java:lambda$close$4(407)) - 3f5fdcdb-3920-48dc-9b27-ab3e73a64fa3@group-BDD2E274C814: shutdown
2021-08-18 00:05:53,205 [Listener at 127.0.0.1/46821] INFO  util.JmxRegister (JmxRegister.java:unregister(73)) - Successfully un-registered JMX Bean with object name Ratis:service=RaftServer,group=group-BDD2E274C814,id=3f5fdcdb-3920-48dc-9b27-ab3e73a64fa3
2021-08-18 00:05:53,205 [Listener at 127.0.0.1/46821] INFO  impl.RoleInfo (RoleInfo.java:shutdownFollowerState(108)) - 3f5fdcdb-3920-48dc-9b27-ab3e73a64fa3: shutdown 3f5fdcdb-3920-48dc-9b27-ab3e73a64fa3@group-BDD2E274C814-FollowerState
2021-08-18 00:05:53,205 [Listener at 127.0.0.1/46821] INFO  impl.StateMachineUpdater (StateMachineUpdater.java:stopAndJoin(149)) - 3f5fdcdb-3920-48dc-9b27-ab3e73a64fa3@group-BDD2E274C814-StateMachineUpdater: set stopIndex = -1
2021-08-18 00:05:53,206 [Listener at 127.0.0.1/46821] INFO  server.RaftServer$Division (ServerState.java:close(419)) - 3f5fdcdb-3920-48dc-9b27-ab3e73a64fa3@group-BDD2E274C814: closes. applyIndex: -1
2021-08-18 00:05:53,206 [3f5fdcdb-3920-48dc-9b27-ab3e73a64fa3@group-BDD2E274C814-SegmentedRaftLogWorker] INFO  segmented.SegmentedRaftLogWorker (SegmentedRaftLogWorker.java:run(327)) - 3f5fdcdb-3920-48dc-9b27-ab3e73a64fa3@group-BDD2E274C814-SegmentedRaftLogWorker was interrupted, exiting. There are 0 tasks remaining in the queue.
2021-08-18 00:05:53,206 [Listener at 127.0.0.1/46821] INFO  segmented.SegmentedRaftLogWorker (SegmentedRaftLogWorker.java:close(237)) - 3f5fdcdb-3920-48dc-9b27-ab3e73a64fa3@group-BDD2E274C814-SegmentedRaftLogWorker close()
2021-08-18 00:05:53,207 [Listener at 127.0.0.1/46821] INFO  server.RaftServer$Division (RaftServerImpl.java:lambda$close$4(407)) - 3f5fdcdb-3920-48dc-9b27-ab3e73a64fa3@group-FDAB78068694: shutdown
2021-08-18 00:05:53,207 [Listener at 127.0.0.1/46821] INFO  util.JmxRegister (JmxRegister.java:unregister(73)) - Successfully un-registered JMX Bean with object name Ratis:service=RaftServer,group=group-FDAB78068694,id=3f5fdcdb-3920-48dc-9b27-ab3e73a64fa3
2021-08-18 00:05:53,207 [Listener at 127.0.0.1/46821] INFO  impl.RoleInfo (RoleInfo.java:shutdownLeaderState(91)) - 3f5fdcdb-3920-48dc-9b27-ab3e73a64fa3: shutdown 3f5fdcdb-3920-48dc-9b27-ab3e73a64fa3@group-FDAB78068694-LeaderStateImpl
2021-08-18 00:05:53,207 [Listener at 127.0.0.1/46821] INFO  impl.PendingRequests (PendingRequests.java:sendNotLeaderResponses(282)) - 3f5fdcdb-3920-48dc-9b27-ab3e73a64fa3@group-FDAB78068694-PendingRequests: sendNotLeaderResponses
2021-08-18 00:05:53,208 [Listener at 127.0.0.1/46821] INFO  impl.StateMachineUpdater (StateMachineUpdater.java:stopAndJoin(149)) - 3f5fdcdb-3920-48dc-9b27-ab3e73a64fa3@group-FDAB78068694-StateMachineUpdater: set stopIndex = 0
2021-08-18 00:05:53,209 [3f5fdcdb-3920-48dc-9b27-ab3e73a64fa3@group-FDAB78068694-StateMachineUpdater] INFO  ratis.ContainerStateMachine (ContainerStateMachine.java:takeSnapshot(293)) - group-FDAB78068694: Taking a snapshot at:(t:1, i:0) file /home/runner/work/ozone/ozone/hadoop-ozone/integration-test/target/test-dir/MiniOzoneClusterImpl-b4dd0c3d-6691-419c-bf37-cebc6a2c258c/datanode-2/data/ratis/4132d2a3-9a4f-462e-a8d5-fdab78068694/sm/snapshot.1_0
2021-08-18 00:05:53,212 [3f5fdcdb-3920-48dc-9b27-ab3e73a64fa3@group-FDAB78068694-StateMachineUpdater] INFO  ratis.ContainerStateMachine (ContainerStateMachine.java:takeSnapshot(304)) - group-FDAB78068694: Finished taking a snapshot at:(t:1, i:0) file:/home/runner/work/ozone/ozone/hadoop-ozone/integration-test/target/test-dir/MiniOzoneClusterImpl-b4dd0c3d-6691-419c-bf37-cebc6a2c258c/datanode-2/data/ratis/4132d2a3-9a4f-462e-a8d5-fdab78068694/sm/snapshot.1_0 took: 4 ms
2021-08-18 00:05:53,212 [3f5fdcdb-3920-48dc-9b27-ab3e73a64fa3@group-FDAB78068694-StateMachineUpdater] INFO  impl.StateMachineUpdater (StateMachineUpdater.java:takeSnapshot(281)) - 3f5fdcdb-3920-48dc-9b27-ab3e73a64fa3@group-FDAB78068694-StateMachineUpdater: Took a snapshot at index 0
2021-08-18 00:05:53,212 [3f5fdcdb-3920-48dc-9b27-ab3e73a64fa3@group-FDAB78068694-StateMachineUpdater] INFO  impl.StateMachineUpdater (StateMachineUpdater.java:lambda$new$0(89)) - 3f5fdcdb-3920-48dc-9b27-ab3e73a64fa3@group-FDAB78068694-StateMachineUpdater: snapshotIndex: updateIncreasingly -1 -> 0
2021-08-18 00:05:53,213 [Listener at 127.0.0.1/46821] INFO  server.RaftServer$Division (ServerState.java:close(419)) - 3f5fdcdb-3920-48dc-9b27-ab3e73a64fa3@group-FDAB78068694: closes. applyIndex: 0
2021-08-18 00:05:53,213 [3f5fdcdb-3920-48dc-9b27-ab3e73a64fa3@group-FDAB78068694-SegmentedRaftLogWorker] INFO  segmented.SegmentedRaftLogWorker (SegmentedRaftLogWorker.java:run(327)) - 3f5fdcdb-3920-48dc-9b27-ab3e73a64fa3@group-FDAB78068694-SegmentedRaftLogWorker was interrupted, exiting. There are 0 tasks remaining in the queue.
2021-08-18 00:05:53,215 [Listener at 127.0.0.1/46821] INFO  segmented.SegmentedRaftLogWorker (SegmentedRaftLogWorker.java:close(237)) - 3f5fdcdb-3920-48dc-9b27-ab3e73a64fa3@group-FDAB78068694-SegmentedRaftLogWorker close()
2021-08-18 00:05:53,223 [Listener at 127.0.0.1/46821] INFO  server.GrpcService (GrpcService.java:closeImpl(262)) - 3f5fdcdb-3920-48dc-9b27-ab3e73a64fa3: shutdown server with port 45579 now
2021-08-18 00:05:53,223 [3f5fdcdb-3920-48dc-9b27-ab3e73a64fa3@group-BDD2E274C814-FollowerState] INFO  impl.FollowerState (FollowerState.java:run(143)) - 3f5fdcdb-3920-48dc-9b27-ab3e73a64fa3@group-BDD2E274C814-FollowerState was interrupted: {}
java.lang.InterruptedException: sleep interrupted
	at java.lang.Thread.sleep(Native Method)
	at java.lang.Thread.sleep(Thread.java:340)
	at java.util.concurrent.TimeUnit.sleep(TimeUnit.java:386)
	at org.apache.ratis.util.TimeDuration.sleep(TimeDuration.java:324)
	at org.apache.ratis.util.TimeDuration.sleep(TimeDuration.java:309)
	at org.apache.ratis.server.impl.FollowerState.run(FollowerState.java:118)
2021-08-18 00:05:53,256 [Listener at 127.0.0.1/46821] INFO  server.GrpcService (GrpcService.java:closeImpl(271)) - 3f5fdcdb-3920-48dc-9b27-ab3e73a64fa3: shutdown server with port 45579 successfully
2021-08-18 00:05:53,261 [org.apache.ratis.util.JvmPauseMonitor$$Lambda$531/199673773@7c1a7cc0] INFO  util.JvmPauseMonitor (JvmPauseMonitor.java:run(109)) - JvmPauseMonitor-3f5fdcdb-3920-48dc-9b27-ab3e73a64fa3: Stopped
2021-08-18 00:05:53,273 [Listener at 127.0.0.1/46821] INFO  utils.BackgroundService (BackgroundService.java:shutdown(132)) - Shutting down service BlockDeletingService
2021-08-18 00:05:56,285 [Listener at 127.0.0.1/46821] INFO  statemachine.DatanodeStateMachine (DatanodeStateMachine.java:stopDaemon(515)) - Ozone container server stopped.
2021-08-18 00:05:56,286 [Listener at 127.0.0.1/46821] INFO  handler.ContextHandler (ContextHandler.java:doStop(1153)) - Stopped o.e.j.w.WebAppContext@80599c1{hddsDatanode,/,null,STOPPED}{jar:file:/home/runner/.m2/repository/org/apache/ozone/hdds-container-service/1.2.0-SNAPSHOT/hdds-container-service-1.2.0-SNAPSHOT.jar!/webapps/hddsDatanode}
2021-08-18 00:05:56,288 [Listener at 127.0.0.1/46821] INFO  server.AbstractConnector (AbstractConnector.java:doStop(381)) - Stopped ServerConnector@1a7da7c{HTTP/1.1, (http/1.1)}{0.0.0.0:0}
2021-08-18 00:05:56,292 [Listener at 127.0.0.1/46821] INFO  server.session (HouseKeeper.java:stopScavenging(149)) - node0 Stopped scavenging
2021-08-18 00:05:56,293 [Listener at 127.0.0.1/46821] INFO  handler.ContextHandler (ContextHandler.java:doStop(1153)) - Stopped o.e.j.s.ServletContextHandler@4be5de3d{static,/static,jar:file:/home/runner/.m2/repository/org/apache/ozone/hdds-container-service/1.2.0-SNAPSHOT/hdds-container-service-1.2.0-SNAPSHOT.jar!/webapps/static,STOPPED}
2021-08-18 00:05:56,293 [Listener at 127.0.0.1/46821] INFO  handler.ContextHandler (ContextHandler.java:doStop(1153)) - Stopped o.e.j.s.ServletContextHandler@65bf6c66{logs,/logs,file:///home/runner/work/ozone/ozone/hadoop-ozone/integration-test/target/log,STOPPED}
2021-08-18 00:05:56,294 [Listener at 127.0.0.1/46821] INFO  ozone.MiniOzoneClusterImpl (MiniOzoneClusterImpl.java:stopSCM(542)) - Stopping the StorageContainerManager
2021-08-18 00:05:56,294 [Listener at 127.0.0.1/46821] INFO  server.StorageContainerManager (StorageContainerManager.java:stop(1343)) - Stopping Container Balancer service.
2021-08-18 00:05:56,294 [Listener at 127.0.0.1/46821] INFO  balancer.ContainerBalancer (ContainerBalancer.java:stop(720)) - Container Balancer is not running.
2021-08-18 00:05:56,294 [Listener at 127.0.0.1/46821] INFO  server.StorageContainerManager (StorageContainerManager.java:stop(1350)) - Stopping Replication Manager Service.
2021-08-18 00:05:56,294 [Listener at 127.0.0.1/46821] INFO  container.ReplicationManager (ReplicationManager.java:stop(338)) - Stopping Replication Monitor Thread.
2021-08-18 00:05:56,295 [Listener at 127.0.0.1/46821] INFO  server.StorageContainerManager (StorageContainerManager.java:stop(1357)) - Stopping the Datanode Admin Monitor.
2021-08-18 00:05:56,295 [Listener at 127.0.0.1/46821] INFO  server.StorageContainerManager (StorageContainerManager.java:stop(1364)) - Stopping Lease Manager of the command watchers
2021-08-18 00:05:56,295 [Listener at 127.0.0.1/46821] INFO  server.StorageContainerManager (StorageContainerManager.java:stop(1371)) - Stopping datanode service RPC server
2021-08-18 00:05:56,295 [Listener at 127.0.0.1/46821] INFO  server.SCMDatanodeProtocolServer (SCMDatanodeProtocolServer.java:stop(389)) - Stopping the RPC server for DataNodes
2021-08-18 00:05:56,295 [Listener at 127.0.0.1/46821] INFO  ipc.Server (Server.java:stop(3414)) - Stopping server on 37163
2021-08-18 00:05:56,297 [IPC Server listener on 0] INFO  ipc.Server (Server.java:run(1376)) - Stopping IPC Server listener on 0
2021-08-18 00:05:56,326 [IPC Server Responder] INFO  ipc.Server (Server.java:run(1512)) - Stopping IPC Server Responder
2021-08-18 00:05:56,413 [SCM Heartbeat Processing Thread - 0] WARN  node.NodeStateManager (NodeStateManager.java:scheduleNextHealthCheck(799)) - Current Thread is interrupted, shutting down HB processing thread for Node Manager.
2021-08-18 00:05:56,413 [Listener at 127.0.0.1/46821] INFO  server.StorageContainerManager (StorageContainerManager.java:stop(1379)) - Stopping block service RPC server
2021-08-18 00:05:56,413 [Listener at 127.0.0.1/46821] INFO  server.SCMBlockProtocolServer (SCMBlockProtocolServer.java:stop(160)) - Stopping the RPC server for Block Protocol
2021-08-18 00:05:56,413 [Listener at 127.0.0.1/46821] INFO  ipc.Server (Server.java:stop(3414)) - Stopping server on 45343
2021-08-18 00:05:56,418 [Listener at 127.0.0.1/46821] INFO  server.StorageContainerManager (StorageContainerManager.java:stop(1386)) - Stopping the StorageContainerLocationProtocol RPC server
2021-08-18 00:05:56,419 [Listener at 127.0.0.1/46821] INFO  server.SCMClientProtocolServer (SCMClientProtocolServer.java:stop(173)) - Stopping the RPC server for Client Protocol
2021-08-18 00:05:56,419 [Listener at 127.0.0.1/46821] INFO  ipc.Server (Server.java:stop(3414)) - Stopping server on 40915
2021-08-18 00:05:56,419 [IPC Server Responder] INFO  ipc.Server (Server.java:run(1512)) - Stopping IPC Server Responder
2021-08-18 00:05:56,420 [IPC Server listener on 0] INFO  ipc.Server (Server.java:run(1376)) - Stopping IPC Server listener on 0
2021-08-18 00:05:56,421 [Listener at 127.0.0.1/46821] INFO  server.StorageContainerManager (StorageContainerManager.java:stop(1393)) - Stopping Storage Container Manager HTTP server.
2021-08-18 00:05:56,421 [Listener at 127.0.0.1/46821] INFO  handler.ContextHandler (ContextHandler.java:doStop(1153)) - Stopped o.e.j.w.WebAppContext@3d132bc2{scm,/,null,STOPPED}{file:/home/runner/work/ozone/ozone/hadoop-ozone/integration-test/target/test-classes/webapps/scm}
2021-08-18 00:05:56,421 [IPC Server listener on 0] INFO  ipc.Server (Server.java:run(1376)) - Stopping IPC Server listener on 0
2021-08-18 00:05:56,422 [IPC Server Responder] INFO  ipc.Server (Server.java:run(1512)) - Stopping IPC Server Responder
2021-08-18 00:05:56,425 [Listener at 127.0.0.1/46821] INFO  server.AbstractConnector (AbstractConnector.java:doStop(381)) - Stopped ServerConnector@18959e71{HTTP/1.1, (http/1.1)}{0.0.0.0:0}
2021-08-18 00:05:56,444 [Listener at 127.0.0.1/46821] INFO  server.session (HouseKeeper.java:stopScavenging(149)) - node0 Stopped scavenging
2021-08-18 00:05:56,444 [Listener at 127.0.0.1/46821] INFO  handler.ContextHandler (ContextHandler.java:doStop(1153)) - Stopped o.e.j.s.ServletContextHandler@24d29a39{static,/static,file:///home/runner/work/ozone/ozone/hadoop-ozone/integration-test/target/test-classes/webapps/static,STOPPED}
2021-08-18 00:05:56,444 [Listener at 127.0.0.1/46821] INFO  handler.ContextHandler (ContextHandler.java:doStop(1153)) - Stopped o.e.j.s.ServletContextHandler@6170e8d9{logs,/logs,file:///home/runner/work/ozone/ozone/hadoop-ozone/integration-test/target/log,STOPPED}
2021-08-18 00:05:56,449 [Listener at 127.0.0.1/46821] INFO  server.StorageContainerManager (StorageContainerManager.java:stop(1404)) - Stopping Block Manager Service.
2021-08-18 00:05:56,449 [Listener at 127.0.0.1/46821] INFO  utils.BackgroundService (BackgroundService.java:shutdown(132)) - Shutting down service SCMBlockDeletingService
2021-08-18 00:05:56,464 [Listener at 127.0.0.1/46821] INFO  utils.BackgroundService (BackgroundService.java:shutdown(132)) - Shutting down service SCMBlockDeletingService
2021-08-18 00:05:56,465 [Listener at 127.0.0.1/46821] INFO  server.StorageContainerManager (StorageContainerManager.java:stop(1431)) - Stopping SCM Event Queue.
2021-08-18 00:05:56,469 [Listener at 127.0.0.1/46821] INFO  server.StorageContainerManager (StorageContainerManager.java:stop(1442)) - Stopping SCM HA services.
2021-08-18 00:05:56,469 [Listener at 127.0.0.1/46821] INFO  pipeline.BackgroundPipelineCreator (BackgroundPipelineCreatorV2.java:stop(158)) - Stopping RatisPipelineUtilsThread.
2021-08-18 00:05:56,469 [Listener at 127.0.0.1/46821] INFO  server.StorageContainerManager (StorageContainerManager.java:stop(1452)) - Stopping SCM MetadataStore.
2021-08-18 00:05:56,470 [Listener at 127.0.0.1/46821] INFO  impl.MetricsSystemImpl (MetricsSystemImpl.java:stop(210)) - Stopping HddsDatanode metrics system...
2021-08-18 00:05:56,607 [Listener at 127.0.0.1/46821] INFO  impl.MetricsSystemImpl (MetricsSystemImpl.java:stop(216)) - HddsDatanode metrics system stopped.
]]></system-out>
  </testcase>
</testsuite>