<?xml version="1.0" encoding="UTF-8"?>
<testsuite xmlns:xsi="http://www.w3.org/2001/XMLSchema-instance" xsi:noNamespaceSchemaLocation="https://maven.apache.org/surefire/maven-surefire-plugin/xsd/surefire-test-report.xsd" name="org.apache.hadoop.ozone.scm.TestSCMInstallSnapshotWithHA" time="163.519" tests="3" errors="0" skipped="0" failures="1">
  <properties>
    <property name="awt.toolkit" value="sun.awt.X11.XToolkit"/>
    <property name="file.encoding.pkg" value="sun.io"/>
    <property name="java.specification.version" value="1.8"/>
    <property name="sun.cpu.isalist" value=""/>
    <property name="sun.jnu.encoding" value="UTF-8"/>
    <property name="java.class.path" value="/home/runner/work/ozone/ozone/mnt/ozone/hadoop-ozone/integration-test/target/test-classes:/home/runner/work/ozone/ozone/mnt/ozone/hadoop-ozone/integration-test/target/classes:/home/runner/.m2/repository/org/apache/ozone/ozone-common/1.2.0-SNAPSHOT/ozone-common-1.2.0-SNAPSHOT.jar:/home/runner/.m2/repository/org/apache/commons/commons-compress/1.20/commons-compress-1.20.jar:/home/runner/.m2/repository/org/apache/ozone/hdds-common/1.2.0-SNAPSHOT/hdds-common-1.2.0-SNAPSHOT.jar:/home/runner/.m2/repository/org/apache/ozone/hdds-client/1.2.0-SNAPSHOT/hdds-client-1.2.0-SNAPSHOT.jar:/home/runner/.m2/repository/org/apache/ozone/ozone-interface-client/1.2.0-SNAPSHOT/ozone-interface-client-1.2.0-SNAPSHOT.jar:/home/runner/.m2/repository/org/apache/ozone/hdds-test-utils/1.2.0-SNAPSHOT/hdds-test-utils-1.2.0-SNAPSHOT.jar:/home/runner/.m2/repository/com/google/guava/guava/30.1.1-jre/guava-30.1.1-jre.jar:/home/runner/.m2/repository/com/google/guava/failureaccess/1.0.1/failureaccess-1.0.1.jar:/home/runner/.m2/repository/com/google/guava/listenablefuture/9999.0-empty-to-avoid-conflict-with-guava/listenablefuture-9999.0-empty-to-avoid-conflict-with-guava.jar:/home/runner/.m2/repository/com/google/code/findbugs/jsr305/3.0.0/jsr305-3.0.0.jar:/home/runner/.m2/repository/org/checkerframework/checker-qual/3.8.0/checker-qual-3.8.0.jar:/home/runner/.m2/repository/com/google/errorprone/error_prone_annotations/2.2.0/error_prone_annotations-2.2.0.jar:/home/runner/.m2/repository/com/google/j2objc/j2objc-annotations/1.3/j2objc-annotations-1.3.jar:/home/runner/.m2/repository/commons-io/commons-io/2.8.0/commons-io-2.8.0.jar:/home/runner/.m2/repository/commons-logging/commons-logging/1.2/commons-logging-1.2.jar:/home/runner/.m2/repository/log4j/log4j/1.2.17/log4j-1.2.17.jar:/home/runner/.m2/repository/org/slf4j/slf4j-api/1.7.30/slf4j-api-1.7.30.jar:/home/runner/.m2/repository/org/apache/ozone/hdds-server-scm/1.2.0-SNAPSHOT/hdds-server-scm-1.2.0-SNAPSHOT.jar:/home/runner/.m2/repository/org/apache/ozone/hdds-container-service/1.2.0-SNAPSHOT/hdds-container-service-1.2.0-SNAPSHOT.jar:/home/runner/.m2/repository/org/apache/ozone/hdds-hadoop-dependency-server/1.2.0-SNAPSHOT/hdds-hadoop-dependency-server-1.2.0-SNAPSHOT.jar:/home/runner/.m2/repository/org/apache/hadoop/hadoop-hdfs/3.3.1/hadoop-hdfs-3.3.1.jar:/home/runner/.m2/repository/org/apache/ozone/hdds-server-framework/1.2.0-SNAPSHOT/hdds-server-framework-1.2.0-SNAPSHOT.jar:/home/runner/.m2/repository/org/apache/ozone/hdds-interface-server/1.2.0-SNAPSHOT/hdds-interface-server-1.2.0-SNAPSHOT.jar:/home/runner/.m2/repository/org/eclipse/jetty/jetty-servlet/9.4.35.v20201120/jetty-servlet-9.4.35.v20201120.jar:/home/runner/.m2/repository/org/eclipse/jetty/jetty-security/9.4.35.v20201120/jetty-security-9.4.35.v20201120.jar:/home/runner/.m2/repository/org/rocksdb/rocksdbjni/6.20.3/rocksdbjni-6.20.3.jar:/home/runner/.m2/repository/io/prometheus/simpleclient_dropwizard/0.7.0/simpleclient_dropwizard-0.7.0.jar:/home/runner/.m2/repository/io/prometheus/simpleclient/0.7.0/simpleclient-0.7.0.jar:/home/runner/.m2/repository/io/prometheus/simpleclient_common/0.7.0/simpleclient_common-0.7.0.jar:/home/runner/.m2/repository/com/fasterxml/jackson/datatype/jackson-datatype-jsr310/2.12.1/jackson-datatype-jsr310-2.12.1.jar:/home/runner/.m2/repository/io/dropwizard/metrics/metrics-core/3.2.4/metrics-core-3.2.4.jar:/home/runner/.m2/repository/org/apache/hadoop/hadoop-hdfs-client/3.3.1/hadoop-hdfs-client-3.3.1.jar:/home/runner/.m2/repository/org/bouncycastle/bcprov-jdk15on/1.67/bcprov-jdk15on-1.67.jar:/home/runner/.m2/repository/com/google/protobuf/protobuf-java/2.5.0/protobuf-java-2.5.0.jar:/home/runner/.m2/repository/org/apache/ozone/ozone-manager/1.2.0-SNAPSHOT/ozone-manager-1.2.0-SNAPSHOT.jar:/home/runner/.m2/repository/org/aspectj/aspectjrt/1.8.9/aspectjrt-1.8.9.jar:/home/runner/.m2/repository/org/aspectj/aspectjweaver/1.8.9/aspectjweaver-1.8.9.jar:/home/runner/.m2/repository/org/apache/ozone/hdds-interface-client/1.2.0-SNAPSHOT/hdds-interface-client-1.2.0-SNAPSHOT.jar:/home/runner/.m2/repository/org/apache/hadoop/thirdparty/hadoop-shaded-protobuf_3_7/1.1.1/hadoop-shaded-protobuf_3_7-1.1.1.jar:/home/runner/.m2/repository/org/apache/ratis/ratis-thirdparty-misc/0.7.0-a398b19-SNAPSHOT/ratis-thirdparty-misc-0.7.0-a398b19-SNAPSHOT.jar:/home/runner/.m2/repository/org/apache/ozone/ozone-interface-storage/1.2.0-SNAPSHOT/ozone-interface-storage-1.2.0-SNAPSHOT.jar:/home/runner/.m2/repository/org/reflections/reflections/0.9.11/reflections-0.9.11.jar:/home/runner/.m2/repository/org/apache/hadoop/hadoop-minikdc/3.3.1/hadoop-minikdc-3.3.1.jar:/home/runner/.m2/repository/org/apache/kerby/kerb-simplekdc/1.0.1/kerb-simplekdc-1.0.1.jar:/home/runner/.m2/repository/org/apache/kerby/kerb-client/1.0.1/kerb-client-1.0.1.jar:/home/runner/.m2/repository/org/apache/kerby/kerby-config/1.0.1/kerby-config-1.0.1.jar:/home/runner/.m2/repository/org/apache/kerby/kerb-common/1.0.1/kerb-common-1.0.1.jar:/home/runner/.m2/repository/org/apache/kerby/kerb-crypto/1.0.1/kerb-crypto-1.0.1.jar:/home/runner/.m2/repository/org/apache/kerby/kerb-util/1.0.1/kerb-util-1.0.1.jar:/home/runner/.m2/repository/org/apache/kerby/token-provider/1.0.1/token-provider-1.0.1.jar:/home/runner/.m2/repository/org/apache/kerby/kerb-admin/1.0.1/kerb-admin-1.0.1.jar:/home/runner/.m2/repository/org/apache/kerby/kerb-server/1.0.1/kerb-server-1.0.1.jar:/home/runner/.m2/repository/org/apache/kerby/kerb-identity/1.0.1/kerb-identity-1.0.1.jar:/home/runner/.m2/repository/org/apache/kerby/kerby-xdr/1.0.1/kerby-xdr-1.0.1.jar:/home/runner/.m2/repository/org/slf4j/slf4j-log4j12/1.7.30/slf4j-log4j12-1.7.30.jar:/home/runner/.m2/repository/org/apache/ozone/ozone-s3gateway/1.2.0-SNAPSHOT/ozone-s3gateway-1.2.0-SNAPSHOT.jar:/home/runner/.m2/repository/org/javassist/javassist/3.21.0-GA/javassist-3.21.0-GA.jar:/home/runner/.m2/repository/org/jboss/weld/servlet/weld-servlet/2.4.7.Final/weld-servlet-2.4.7.Final.jar:/home/runner/.m2/repository/org/glassfish/jersey/containers/jersey-container-servlet-core/2.33/jersey-container-servlet-core-2.33.jar:/home/runner/.m2/repository/org/glassfish/hk2/external/jakarta.inject/2.6.1/jakarta.inject-2.6.1.jar:/home/runner/.m2/repository/org/glassfish/jersey/core/jersey-common/2.33/jersey-common-2.33.jar:/home/runner/.m2/repository/jakarta/ws/rs/jakarta.ws.rs-api/2.1.6/jakarta.ws.rs-api-2.1.6.jar:/home/runner/.m2/repository/org/glassfish/jersey/ext/cdi/jersey-cdi1x/2.33/jersey-cdi1x-2.33.jar:/home/runner/.m2/repository/org/glassfish/jersey/inject/jersey-hk2/2.33/jersey-hk2-2.33.jar:/home/runner/.m2/repository/org/glassfish/hk2/hk2-locator/2.6.1/hk2-locator-2.6.1.jar:/home/runner/.m2/repository/org/glassfish/jersey/media/jersey-media-jaxb/2.33/jersey-media-jaxb-2.33.jar:/home/runner/.m2/repository/org/glassfish/hk2/osgi-resource-locator/1.0.3/osgi-resource-locator-1.0.3.jar:/home/runner/.m2/repository/org/glassfish/hk2/hk2-api/2.5.0/hk2-api-2.5.0.jar:/home/runner/.m2/repository/org/glassfish/hk2/hk2-utils/2.5.0/hk2-utils-2.5.0.jar:/home/runner/.m2/repository/org/glassfish/hk2/external/aopalliance-repackaged/2.5.0/aopalliance-repackaged-2.5.0.jar:/home/runner/.m2/repository/com/fasterxml/jackson/dataformat/jackson-dataformat-xml/2.12.1/jackson-dataformat-xml-2.12.1.jar:/home/runner/.m2/repository/com/fasterxml/jackson/core/jackson-core/2.12.1/jackson-core-2.12.1.jar:/home/runner/.m2/repository/com/fasterxml/jackson/module/jackson-module-jaxb-annotations/2.12.1/jackson-module-jaxb-annotations-2.12.1.jar:/home/runner/.m2/repository/jakarta/xml/bind/jakarta.xml.bind-api/2.3.2/jakarta.xml.bind-api-2.3.2.jar:/home/runner/.m2/repository/org/codehaus/woodstox/stax2-api/3.1.4/stax2-api-3.1.4.jar:/home/runner/.m2/repository/com/fasterxml/woodstox/woodstox-core/5.0.3/woodstox-core-5.0.3.jar:/home/runner/.m2/repository/javax/enterprise/cdi-api/1.2/cdi-api-1.2.jar:/home/runner/.m2/repository/javax/el/javax.el-api/3.0.0/javax.el-api-3.0.0.jar:/home/runner/.m2/repository/javax/interceptor/javax.interceptor-api/1.2/javax.interceptor-api-1.2.jar:/home/runner/.m2/repository/javax/inject/javax.inject/1/javax.inject-1.jar:/home/runner/.m2/repository/javax/xml/bind/jaxb-api/2.3.0/jaxb-api-2.3.0.jar:/home/runner/.m2/repository/org/glassfish/jaxb/jaxb-runtime/2.3.0.1/jaxb-runtime-2.3.0.1.jar:/home/runner/.m2/repository/org/glassfish/jaxb/jaxb-core/2.3.0.1/jaxb-core-2.3.0.1.jar:/home/runner/.m2/repository/org/glassfish/jaxb/txw2/2.3.0.1/txw2-2.3.0.1.jar:/home/runner/.m2/repository/com/sun/istack/istack-commons-runtime/3.0.5/istack-commons-runtime-3.0.5.jar:/home/runner/.m2/repository/org/jvnet/staxex/stax-ex/1.7.8/stax-ex-1.7.8.jar:/home/runner/.m2/repository/com/sun/xml/fastinfoset/FastInfoset/1.2.13/FastInfoset-1.2.13.jar:/home/runner/.m2/repository/javax/activation/activation/1.1.1/activation-1.1.1.jar:/home/runner/.m2/repository/org/apache/ozone/ozone-csi/1.2.0-SNAPSHOT/ozone-csi-1.2.0-SNAPSHOT.jar:/home/runner/.m2/repository/com/google/protobuf/protobuf-java-util/3.12.0/protobuf-java-util-3.12.0.jar:/home/runner/.m2/repository/com/google/code/gson/gson/2.2.4/gson-2.2.4.jar:/home/runner/.m2/repository/org/apache/ozone/hdds-config/1.2.0-SNAPSHOT/hdds-config-1.2.0-SNAPSHOT.jar:/home/runner/.m2/repository/io/grpc/grpc-netty/1.33.0/grpc-netty-1.33.0.jar:/home/runner/.m2/repository/io/grpc/grpc-core/1.33.0/grpc-core-1.33.0.jar:/home/runner/.m2/repository/com/google/android/annotations/4.1.1.4/annotations-4.1.1.4.jar:/home/runner/.m2/repository/io/netty/netty-codec-http2/4.1.63.Final/netty-codec-http2-4.1.63.Final.jar:/home/runner/.m2/repository/io/netty/netty-codec-http/4.1.63.Final/netty-codec-http-4.1.63.Final.jar:/home/runner/.m2/repository/io/netty/netty-handler-proxy/4.1.63.Final/netty-handler-proxy-4.1.63.Final.jar:/home/runner/.m2/repository/io/netty/netty-codec-socks/4.1.63.Final/netty-codec-socks-4.1.63.Final.jar:/home/runner/.m2/repository/io/perfmark/perfmark-api/0.19.0/perfmark-api-0.19.0.jar:/home/runner/.m2/repository/org/codehaus/mojo/animal-sniffer-annotations/1.18/animal-sniffer-annotations-1.18.jar:/home/runner/.m2/repository/io/netty/netty-transport-native-epoll/4.1.63.Final/netty-transport-native-epoll-4.1.63.Final.jar:/home/runner/.m2/repository/io/netty/netty-common/4.1.63.Final/netty-common-4.1.63.Final.jar:/home/runner/.m2/repository/io/netty/netty-buffer/4.1.63.Final/netty-buffer-4.1.63.Final.jar:/home/runner/.m2/repository/io/netty/netty-transport-native-unix-common/4.1.63.Final/netty-transport-native-unix-common-4.1.63.Final.jar:/home/runner/.m2/repository/io/grpc/grpc-protobuf/1.33.0/grpc-protobuf-1.33.0.jar:/home/runner/.m2/repository/io/grpc/grpc-api/1.33.0/grpc-api-1.33.0.jar:/home/runner/.m2/repository/io/grpc/grpc-context/1.33.0/grpc-context-1.33.0.jar:/home/runner/.m2/repository/com/google/api/grpc/proto-google-common-protos/1.17.0/proto-google-common-protos-1.17.0.jar:/home/runner/.m2/repository/io/grpc/grpc-protobuf-lite/1.33.0/grpc-protobuf-lite-1.33.0.jar:/home/runner/.m2/repository/io/grpc/grpc-stub/1.33.0/grpc-stub-1.33.0.jar:/home/runner/.m2/repository/org/apache/ozone/ozone-recon/1.2.0-SNAPSHOT/ozone-recon-1.2.0-SNAPSHOT.jar:/home/runner/.m2/repository/org/apache/ozone/ozone-reconcodegen/1.2.0-SNAPSHOT/ozone-reconcodegen-1.2.0-SNAPSHOT.jar:/home/runner/.m2/repository/com/google/inject/extensions/guice-multibindings/4.0/guice-multibindings-4.0.jar:/home/runner/.m2/repository/com/google/inject/guice/4.0/guice-4.0.jar:/home/runner/.m2/repository/aopalliance/aopalliance/1.0/aopalliance-1.0.jar:/home/runner/.m2/repository/com/google/inject/extensions/guice-assistedinject/4.0/guice-assistedinject-4.0.jar:/home/runner/.m2/repository/com/google/inject/extensions/guice-servlet/4.0/guice-servlet-4.0.jar:/home/runner/.m2/repository/org/glassfish/jersey/containers/jersey-container-servlet/2.33/jersey-container-servlet-2.33.jar:/home/runner/.m2/repository/org/glassfish/hk2/guice-bridge/2.5.0/guice-bridge-2.5.0.jar:/home/runner/.m2/repository/org/glassfish/jersey/core/jersey-server/2.33/jersey-server-2.33.jar:/home/runner/.m2/repository/org/glassfish/jersey/core/jersey-client/2.33/jersey-client-2.33.jar:/home/runner/.m2/repository/jakarta/annotation/jakarta.annotation-api/1.3.5/jakarta.annotation-api-1.3.5.jar:/home/runner/.m2/repository/jakarta/validation/jakarta.validation-api/2.0.2/jakarta.validation-api-2.0.2.jar:/home/runner/.m2/repository/org/glassfish/jersey/media/jersey-media-json-jackson/2.33/jersey-media-json-jackson-2.33.jar:/home/runner/.m2/repository/org/glassfish/jersey/ext/jersey-entity-filtering/2.33/jersey-entity-filtering-2.33.jar:/home/runner/.m2/repository/org/jooq/jooq/3.11.10/jooq-3.11.10.jar:/home/runner/.m2/repository/org/jooq/jooq-meta/3.11.10/jooq-meta-3.11.10.jar:/home/runner/.m2/repository/org/jooq/jooq-codegen/3.11.10/jooq-codegen-3.11.10.jar:/home/runner/.m2/repository/com/jolbox/bonecp/0.8.0.RELEASE/bonecp-0.8.0.RELEASE.jar:/home/runner/.m2/repository/org/apache/derby/derby/10.14.2.0/derby-10.14.2.0.jar:/home/runner/.m2/repository/org/xerial/sqlite-jdbc/3.25.2/sqlite-jdbc-3.25.2.jar:/home/runner/.m2/repository/org/springframework/spring-jdbc/5.2.11.RELEASE/spring-jdbc-5.2.11.RELEASE.jar:/home/runner/.m2/repository/org/springframework/spring-beans/5.2.11.RELEASE/spring-beans-5.2.11.RELEASE.jar:/home/runner/.m2/repository/org/springframework/spring-core/5.2.11.RELEASE/spring-core-5.2.11.RELEASE.jar:/home/runner/.m2/repository/org/springframework/spring-jcl/5.2.11.RELEASE/spring-jcl-5.2.11.RELEASE.jar:/home/runner/.m2/repository/org/springframework/spring-tx/5.2.11.RELEASE/spring-tx-5.2.11.RELEASE.jar:/home/runner/.m2/repository/org/apache/ozone/ozone-client/1.2.0-SNAPSHOT/ozone-client-1.2.0-SNAPSHOT.jar:/home/runner/.m2/repository/org/apache/ozone/ozone-filesystem/1.2.0-SNAPSHOT/ozone-filesystem-1.2.0-SNAPSHOT.jar:/home/runner/.m2/repository/org/apache/ozone/ozone-filesystem-common/1.2.0-SNAPSHOT/ozone-filesystem-common-1.2.0-SNAPSHOT.jar:/home/runner/.m2/repository/org/apache/ozone/ozone-tools/1.2.0-SNAPSHOT/ozone-tools-1.2.0-SNAPSHOT.jar:/home/runner/.m2/repository/org/apache/ratis/ratis-tools/2.1.0-ff8aa66-SNAPSHOT/ratis-tools-2.1.0-ff8aa66-SNAPSHOT.jar:/home/runner/.m2/repository/org/apache/ratis/ratis-proto/2.1.0-ff8aa66-SNAPSHOT/ratis-proto-2.1.0-ff8aa66-SNAPSHOT.jar:/home/runner/.m2/repository/org/apache/ratis/ratis-common/2.1.0-ff8aa66-SNAPSHOT/ratis-common-2.1.0-ff8aa66-SNAPSHOT.jar:/home/runner/.m2/repository/com/amazonaws/aws-java-sdk-core/1.11.901/aws-java-sdk-core-1.11.901.jar:/home/runner/.m2/repository/org/apache/httpcomponents/httpclient/4.5.13/httpclient-4.5.13.jar:/home/runner/.m2/repository/org/apache/httpcomponents/httpcore/4.4.13/httpcore-4.4.13.jar:/home/runner/.m2/repository/software/amazon/ion/ion-java/1.0.2/ion-java-1.0.2.jar:/home/runner/.m2/repository/com/fasterxml/jackson/dataformat/jackson-dataformat-cbor/2.12.1/jackson-dataformat-cbor-2.12.1.jar:/home/runner/.m2/repository/joda-time/joda-time/2.8.1/joda-time-2.8.1.jar:/home/runner/.m2/repository/com/amazonaws/aws-java-sdk-s3/1.11.901/aws-java-sdk-s3-1.11.901.jar:/home/runner/.m2/repository/com/amazonaws/aws-java-sdk-kms/1.11.901/aws-java-sdk-kms-1.11.901.jar:/home/runner/.m2/repository/com/amazonaws/jmespath-java/1.11.901/jmespath-java-1.11.901.jar:/home/runner/.m2/repository/org/kohsuke/metainf-services/metainf-services/1.8/metainf-services-1.8.jar:/home/runner/.m2/repository/org/apache/ozone/hdds-tools/1.2.0-SNAPSHOT/hdds-tools-1.2.0-SNAPSHOT.jar:/home/runner/.m2/repository/commons-cli/commons-cli/1.2/commons-cli-1.2.jar:/home/runner/.m2/repository/org/apache/commons/commons-lang3/3.7/commons-lang3-3.7.jar:/home/runner/.m2/repository/org/apache/ozone/ozone-manager/1.2.0-SNAPSHOT/ozone-manager-1.2.0-SNAPSHOT-tests.jar:/home/runner/.m2/repository/org/apache/ozone/hdds-common/1.2.0-SNAPSHOT/hdds-common-1.2.0-SNAPSHOT-tests.jar:/home/runner/.m2/repository/org/apache/ozone/hdds-hadoop-dependency-client/1.2.0-SNAPSHOT/hdds-hadoop-dependency-client-1.2.0-SNAPSHOT.jar:/home/runner/.m2/repository/info/picocli/picocli/4.4.0/picocli-4.4.0.jar:/home/runner/.m2/repository/com/fasterxml/jackson/core/jackson-annotations/2.12.1/jackson-annotations-2.12.1.jar:/home/runner/.m2/repository/javax/annotation/javax.annotation-api/1.2/javax.annotation-api-1.2.jar:/home/runner/.m2/repository/org/apache/ratis/ratis-server/2.1.0-ff8aa66-SNAPSHOT/ratis-server-2.1.0-ff8aa66-SNAPSHOT.jar:/home/runner/.m2/repository/org/apache/ratis/ratis-client/2.1.0-ff8aa66-SNAPSHOT/ratis-client-2.1.0-ff8aa66-SNAPSHOT.jar:/home/runner/.m2/repository/org/apache/ratis/ratis-server-api/2.1.0-ff8aa66-SNAPSHOT/ratis-server-api-2.1.0-ff8aa66-SNAPSHOT.jar:/home/runner/.m2/repository/org/apache/ratis/ratis-metrics/2.1.0-ff8aa66-SNAPSHOT/ratis-metrics-2.1.0-ff8aa66-SNAPSHOT.jar:/home/runner/.m2/repository/org/apache/ratis/ratis-netty/2.1.0-ff8aa66-SNAPSHOT/ratis-netty-2.1.0-ff8aa66-SNAPSHOT.jar:/home/runner/.m2/repository/org/apache/ratis/ratis-grpc/2.1.0-ff8aa66-SNAPSHOT/ratis-grpc-2.1.0-ff8aa66-SNAPSHOT.jar:/home/runner/.m2/repository/org/apache/logging/log4j/log4j-api/2.13.3/log4j-api-2.13.3.jar:/home/runner/.m2/repository/org/apache/logging/log4j/log4j-core/2.13.3/log4j-core-2.13.3.jar:/home/runner/.m2/repository/com/lmax/disruptor/3.4.2/disruptor-3.4.2.jar:/home/runner/.m2/repository/org/apache/commons/commons-pool2/2.6.0/commons-pool2-2.6.0.jar:/home/runner/.m2/repository/org/bouncycastle/bcpkix-jdk15on/1.67/bcpkix-jdk15on-1.67.jar:/home/runner/.m2/repository/commons-validator/commons-validator/1.6/commons-validator-1.6.jar:/home/runner/.m2/repository/commons-beanutils/commons-beanutils/1.9.4/commons-beanutils-1.9.4.jar:/home/runner/.m2/repository/commons-digester/commons-digester/1.8.1/commons-digester-1.8.1.jar:/home/runner/.m2/repository/commons-collections/commons-collections/3.2.2/commons-collections-3.2.2.jar:/home/runner/.m2/repository/io/jaegertracing/jaeger-client/1.6.0/jaeger-client-1.6.0.jar:/home/runner/.m2/repository/io/jaegertracing/jaeger-thrift/1.6.0/jaeger-thrift-1.6.0.jar:/home/runner/.m2/repository/org/apache/thrift/libthrift/0.14.1/libthrift-0.14.1.jar:/home/runner/.m2/repository/com/squareup/okhttp3/okhttp/4.9.0/okhttp-4.9.0.jar:/home/runner/.m2/repository/com/squareup/okio/okio/2.8.0/okio-2.8.0.jar:/home/runner/.m2/repository/io/jaegertracing/jaeger-core/1.6.0/jaeger-core-1.6.0.jar:/home/runner/.m2/repository/io/jaegertracing/jaeger-tracerresolver/1.6.0/jaeger-tracerresolver-1.6.0.jar:/home/runner/.m2/repository/io/opentracing/contrib/opentracing-tracerresolver/0.1.8/opentracing-tracerresolver-0.1.8.jar:/home/runner/.m2/repository/org/jetbrains/kotlin/kotlin-stdlib/1.4.31/kotlin-stdlib-1.4.31.jar:/home/runner/.m2/repository/org/jetbrains/kotlin/kotlin-stdlib-common/1.4.31/kotlin-stdlib-common-1.4.31.jar:/home/runner/.m2/repository/org/jetbrains/annotations/13.0/annotations-13.0.jar:/home/runner/.m2/repository/io/opentracing/opentracing-util/0.33.0/opentracing-util-0.33.0.jar:/home/runner/.m2/repository/io/opentracing/opentracing-api/0.33.0/opentracing-api-0.33.0.jar:/home/runner/.m2/repository/io/opentracing/opentracing-noop/0.33.0/opentracing-noop-0.33.0.jar:/home/runner/.m2/repository/org/yaml/snakeyaml/1.26/snakeyaml-1.26.jar:/home/runner/.m2/repository/org/apache/ozone/hdds-interface-admin/1.2.0-SNAPSHOT/hdds-interface-admin-1.2.0-SNAPSHOT.jar:/home/runner/.m2/repository/junit/junit/4.13.1/junit-4.13.1.jar:/home/runner/.m2/repository/org/hamcrest/hamcrest-core/1.3/hamcrest-core-1.3.jar:/home/runner/.m2/repository/org/junit/jupiter/junit-jupiter-api/5.7.0/junit-jupiter-api-5.7.0.jar:/home/runner/.m2/repository/org/apiguardian/apiguardian-api/1.1.0/apiguardian-api-1.1.0.jar:/home/runner/.m2/repository/org/opentest4j/opentest4j/1.2.0/opentest4j-1.2.0.jar:/home/runner/.m2/repository/org/junit/platform/junit-platform-commons/1.7.0/junit-platform-commons-1.7.0.jar:/home/runner/.m2/repository/org/junit/jupiter/junit-jupiter-engine/5.7.0/junit-jupiter-engine-5.7.0.jar:/home/runner/.m2/repository/org/junit/platform/junit-platform-engine/1.7.0/junit-platform-engine-1.7.0.jar:/home/runner/.m2/repository/org/junit/vintage/junit-vintage-engine/5.7.0/junit-vintage-engine-5.7.0.jar:/home/runner/.m2/repository/org/junit/platform/junit-platform-launcher/1.7.0/junit-platform-launcher-1.7.0.jar:/home/runner/.m2/repository/org/openjdk/jmh/jmh-core/1.19/jmh-core-1.19.jar:/home/runner/.m2/repository/net/sf/jopt-simple/jopt-simple/4.6/jopt-simple-4.6.jar:/home/runner/.m2/repository/org/apache/commons/commons-math3/3.1.1/commons-math3-3.1.1.jar:/home/runner/.m2/repository/org/openjdk/jmh/jmh-generator-annprocess/1.19/jmh-generator-annprocess-1.19.jar:/home/runner/.m2/repository/org/mockito/mockito-core/2.28.2/mockito-core-2.28.2.jar:/home/runner/.m2/repository/net/bytebuddy/byte-buddy/1.9.10/byte-buddy-1.9.10.jar:/home/runner/.m2/repository/net/bytebuddy/byte-buddy-agent/1.9.10/byte-buddy-agent-1.9.10.jar:/home/runner/.m2/repository/org/objenesis/objenesis/1.0/objenesis-1.0.jar:/home/runner/.m2/repository/org/apache/hadoop/hadoop-kms/3.3.1/hadoop-kms-3.3.1.jar:/home/runner/.m2/repository/org/apache/hadoop/hadoop-auth/3.3.1/hadoop-auth-3.3.1.jar:/home/runner/.m2/repository/com/nimbusds/nimbus-jose-jwt/7.9/nimbus-jose-jwt-7.9.jar:/home/runner/.m2/repository/com/github/stephenc/jcip/jcip-annotations/1.0-1/jcip-annotations-1.0-1.jar:/home/runner/.m2/repository/net/minidev/json-smart/2.3/json-smart-2.3.jar:/home/runner/.m2/repository/net/minidev/accessors-smart/1.2/accessors-smart-1.2.jar:/home/runner/.m2/repository/org/ow2/asm/asm/5.0.4/asm-5.0.4.jar:/home/runner/.m2/repository/org/apache/zookeeper/zookeeper/3.5.6/zookeeper-3.5.6.jar:/home/runner/.m2/repository/org/apache/zookeeper/zookeeper-jute/3.5.6/zookeeper-jute-3.5.6.jar:/home/runner/.m2/repository/org/apache/yetus/audience-annotations/0.5.0/audience-annotations-0.5.0.jar:/home/runner/.m2/repository/org/apache/curator/curator-framework/4.2.0/curator-framework-4.2.0.jar:/home/runner/.m2/repository/org/apache/hadoop/thirdparty/hadoop-shaded-guava/1.1.1/hadoop-shaded-guava-1.1.1.jar:/home/runner/.m2/repository/com/sun/jersey/jersey-core/1.19/jersey-core-1.19.jar:/home/runner/.m2/repository/javax/ws/rs/jsr311-api/1.1.1/jsr311-api-1.1.1.jar:/home/runner/.m2/repository/com/sun/jersey/jersey-server/1.19/jersey-server-1.19.jar:/home/runner/.m2/repository/javax/servlet/javax.servlet-api/3.1.0/javax.servlet-api-3.1.0.jar:/home/runner/.m2/repository/org/eclipse/jetty/jetty-server/9.4.35.v20201120/jetty-server-9.4.35.v20201120.jar:/home/runner/.m2/repository/org/eclipse/jetty/jetty-http/9.4.35.v20201120/jetty-http-9.4.35.v20201120.jar:/home/runner/.m2/repository/org/eclipse/jetty/jetty-io/9.4.35.v20201120/jetty-io-9.4.35.v20201120.jar:/home/runner/.m2/repository/org/eclipse/jetty/jetty-webapp/9.4.35.v20201120/jetty-webapp-9.4.35.v20201120.jar:/home/runner/.m2/repository/org/eclipse/jetty/jetty-xml/9.4.35.v20201120/jetty-xml-9.4.35.v20201120.jar:/home/runner/.m2/repository/org/apache/hadoop/hadoop-common/3.3.1/hadoop-common-3.3.1.jar:/home/runner/.m2/repository/commons-net/commons-net/3.6/commons-net-3.6.jar:/home/runner/.m2/repository/jakarta/activation/jakarta.activation-api/1.2.1/jakarta.activation-api-1.2.1.jar:/home/runner/.m2/repository/com/sun/jersey/jersey-servlet/1.19/jersey-servlet-1.19.jar:/home/runner/.m2/repository/com/sun/jersey/jersey-json/1.19/jersey-json-1.19.jar:/home/runner/.m2/repository/org/codehaus/jettison/jettison/1.1/jettison-1.1.jar:/home/runner/.m2/repository/com/sun/xml/bind/jaxb-impl/2.2.3-1/jaxb-impl-2.2.3-1.jar:/home/runner/.m2/repository/org/codehaus/jackson/jackson-jaxrs/1.9.2/jackson-jaxrs-1.9.2.jar:/home/runner/.m2/repository/org/codehaus/jackson/jackson-xc/1.9.2/jackson-xc-1.9.2.jar:/home/runner/.m2/repository/org/apache/commons/commons-configuration2/2.1.1/commons-configuration2-2.1.1.jar:/home/runner/.m2/repository/org/apache/commons/commons-text/1.4/commons-text-1.4.jar:/home/runner/.m2/repository/com/google/re2j/re2j/1.1/re2j-1.1.jar:/home/runner/.m2/repository/com/jcraft/jsch/0.1.54/jsch-0.1.54.jar:/home/runner/.m2/repository/org/apache/curator/curator-client/4.2.0/curator-client-4.2.0.jar:/home/runner/.m2/repository/org/apache/curator/curator-recipes/4.2.0/curator-recipes-4.2.0.jar:/home/runner/.m2/repository/org/apache/kerby/kerb-core/1.0.1/kerb-core-1.0.1.jar:/home/runner/.m2/repository/org/apache/kerby/kerby-pkix/1.0.1/kerby-pkix-1.0.1.jar:/home/runner/.m2/repository/org/apache/kerby/kerby-asn1/1.0.1/kerby-asn1-1.0.1.jar:/home/runner/.m2/repository/org/apache/kerby/kerby-util/1.0.1/kerby-util-1.0.1.jar:/home/runner/.m2/repository/dnsjava/dnsjava/2.1.7/dnsjava-2.1.7.jar:/home/runner/.m2/repository/org/xerial/snappy/snappy-java/1.1.8.2/snappy-java-1.1.8.2.jar:/home/runner/.m2/repository/org/slf4j/jul-to-slf4j/1.7.30/jul-to-slf4j-1.7.30.jar:/home/runner/.m2/repository/org/eclipse/jetty/jetty-util/9.4.35.v20201120/jetty-util-9.4.35.v20201120.jar:/home/runner/.m2/repository/com/fasterxml/jackson/core/jackson-databind/2.12.1/jackson-databind-2.12.1.jar:/home/runner/.m2/repository/org/apache/hadoop/hadoop-kms/3.3.1/hadoop-kms-3.3.1-tests.jar:/home/runner/.m2/repository/org/apache/ozone/hdds-server-scm/1.2.0-SNAPSHOT/hdds-server-scm-1.2.0-SNAPSHOT-tests.jar:/home/runner/.m2/repository/org/apache/ozone/hdds-container-service/1.2.0-SNAPSHOT/hdds-container-service-1.2.0-SNAPSHOT-tests.jar:/home/runner/.m2/repository/commons-codec/commons-codec/1.11/commons-codec-1.11.jar:/home/runner/.m2/repository/io/netty/netty-transport/4.1.63.Final/netty-transport-4.1.63.Final.jar:/home/runner/.m2/repository/io/netty/netty-resolver/4.1.63.Final/netty-resolver-4.1.63.Final.jar:/home/runner/.m2/repository/io/netty/netty-codec/4.1.63.Final/netty-codec-4.1.63.Final.jar:/home/runner/.m2/repository/io/netty/netty-handler/4.1.63.Final/netty-handler-4.1.63.Final.jar:/home/runner/.m2/repository/org/apache/ozone/hdds-hadoop-dependency-test/1.2.0-SNAPSHOT/hdds-hadoop-dependency-test-1.2.0-SNAPSHOT.jar:/home/runner/.m2/repository/org/apache/hadoop/hadoop-common/3.3.1/hadoop-common-3.3.1-tests.jar:/home/runner/.m2/repository/org/assertj/assertj-core/3.12.2/assertj-core-3.12.2.jar:/home/runner/.m2/repository/org/apache/hadoop/hadoop-hdfs/3.3.1/hadoop-hdfs-3.3.1-tests.jar:/home/runner/.m2/repository/org/eclipse/jetty/jetty-util-ajax/9.4.35.v20201120/jetty-util-ajax-9.4.35.v20201120.jar:/home/runner/.m2/repository/commons-daemon/commons-daemon/1.0.13/commons-daemon-1.0.13.jar:/home/runner/.m2/repository/io/netty/netty/3.10.6.Final/netty-3.10.6.Final.jar:/home/runner/.m2/repository/io/netty/netty-all/4.1.63.Final/netty-all-4.1.63.Final.jar:/home/runner/.m2/repository/org/apache/htrace/htrace-core4/4.1.0-incubating/htrace-core4-4.1.0-incubating.jar:/home/runner/.m2/repository/org/fusesource/leveldbjni/leveldbjni-all/1.8/leveldbjni-all-1.8.jar:/home/runner/.m2/repository/org/apache/hadoop/hadoop-distcp/3.3.1/hadoop-distcp-3.3.1.jar:/home/runner/.m2/repository/org/apache/hadoop/hadoop-mapreduce-client-jobclient/3.3.1/hadoop-mapreduce-client-jobclient-3.3.1.jar:/home/runner/.m2/repository/org/apache/hadoop/hadoop-mapreduce-client-common/3.3.1/hadoop-mapreduce-client-common-3.3.1.jar:/home/runner/.m2/repository/org/apache/hadoop/hadoop-yarn-common/3.3.1/hadoop-yarn-common-3.3.1.jar:/home/runner/.m2/repository/org/apache/hadoop/hadoop-yarn-api/3.3.1/hadoop-yarn-api-3.3.1.jar:/home/runner/.m2/repository/com/sun/jersey/jersey-client/1.19/jersey-client-1.19.jar:/home/runner/.m2/repository/com/sun/jersey/contribs/jersey-guice/1.19/jersey-guice-1.19.jar:/home/runner/.m2/repository/com/fasterxml/jackson/jaxrs/jackson-jaxrs-json-provider/2.12.1/jackson-jaxrs-json-provider-2.12.1.jar:/home/runner/.m2/repository/com/fasterxml/jackson/jaxrs/jackson-jaxrs-base/2.12.1/jackson-jaxrs-base-2.12.1.jar:/home/runner/.m2/repository/org/apache/hadoop/hadoop-yarn-client/3.3.1/hadoop-yarn-client-3.3.1.jar:/home/runner/.m2/repository/org/eclipse/jetty/websocket/websocket-client/9.4.40.v20210413/websocket-client-9.4.40.v20210413.jar:/home/runner/.m2/repository/org/eclipse/jetty/jetty-client/9.4.40.v20210413/jetty-client-9.4.40.v20210413.jar:/home/runner/.m2/repository/org/eclipse/jetty/websocket/websocket-common/9.4.40.v20210413/websocket-common-9.4.40.v20210413.jar:/home/runner/.m2/repository/org/eclipse/jetty/websocket/websocket-api/9.4.40.v20210413/websocket-api-9.4.40.v20210413.jar:/home/runner/.m2/repository/org/jline/jline/3.9.0/jline-3.9.0.jar:/home/runner/.m2/repository/org/apache/hadoop/hadoop-mapreduce-client-core/3.3.1/hadoop-mapreduce-client-core-3.3.1.jar:/home/runner/.m2/repository/org/apache/avro/avro/1.7.7/avro-1.7.7.jar:/home/runner/.m2/repository/org/codehaus/jackson/jackson-core-asl/1.9.13/jackson-core-asl-1.9.13.jar:/home/runner/.m2/repository/org/codehaus/jackson/jackson-mapper-asl/1.9.13/jackson-mapper-asl-1.9.13.jar:/home/runner/.m2/repository/com/thoughtworks/paranamer/paranamer/2.3/paranamer-2.3.jar:/home/runner/.m2/repository/org/apache/hadoop/hadoop-annotations/3.3.1/hadoop-annotations-3.3.1.jar:/usr/lib/jvm/adoptopenjdk-8-hotspot-amd64/jre/../lib/tools.jar:/home/runner/.m2/repository/org/apache/hadoop/hadoop-distcp/3.3.1/hadoop-distcp-3.3.1-tests.jar:"/>
    <property name="java.vm.vendor" value="AdoptOpenJDK"/>
    <property name="sun.arch.data.model" value="64"/>
    <property name="test.build.dir" value="/home/runner/work/ozone/ozone/mnt/ozone/hadoop-ozone/integration-test/target/test-dir"/>
    <property name="test.cache.data" value=""/>
    <property name="java.vendor.url" value="https://adoptopenjdk.net/"/>
    <property name="user.timezone" value=""/>
    <property name="java.vm.specification.version" value="1.8"/>
    <property name="os.name" value="Linux"/>
    <property name="test.build.data" value="/home/runner/work/ozone/ozone/mnt/ozone/hadoop-ozone/integration-test/target/test-dir"/>
    <property name="sun.java.launcher" value="SUN_STANDARD"/>
    <property name="sun.boot.library.path" value="/usr/lib/jvm/adoptopenjdk-8-hotspot-amd64/jre/lib/amd64"/>
    <property name="sun.java.command" value="/home/runner/work/ozone/ozone/mnt/ozone/hadoop-ozone/integration-test/target/surefire/surefirebooter8675193528923826642.jar /home/runner/work/ozone/ozone/mnt/ozone/hadoop-ozone/integration-test/target/surefire 2021-07-15T15-23-37_037-jvmRun1 surefire8171538763996728141tmp surefire_627459880475704688283tmp"/>
    <property name="surefire.test.class.path" value="/home/runner/work/ozone/ozone/mnt/ozone/hadoop-ozone/integration-test/target/test-classes:/home/runner/work/ozone/ozone/mnt/ozone/hadoop-ozone/integration-test/target/classes:/home/runner/.m2/repository/org/apache/ozone/ozone-common/1.2.0-SNAPSHOT/ozone-common-1.2.0-SNAPSHOT.jar:/home/runner/.m2/repository/org/apache/commons/commons-compress/1.20/commons-compress-1.20.jar:/home/runner/.m2/repository/org/apache/ozone/hdds-common/1.2.0-SNAPSHOT/hdds-common-1.2.0-SNAPSHOT.jar:/home/runner/.m2/repository/org/apache/ozone/hdds-client/1.2.0-SNAPSHOT/hdds-client-1.2.0-SNAPSHOT.jar:/home/runner/.m2/repository/org/apache/ozone/ozone-interface-client/1.2.0-SNAPSHOT/ozone-interface-client-1.2.0-SNAPSHOT.jar:/home/runner/.m2/repository/org/apache/ozone/hdds-test-utils/1.2.0-SNAPSHOT/hdds-test-utils-1.2.0-SNAPSHOT.jar:/home/runner/.m2/repository/com/google/guava/guava/30.1.1-jre/guava-30.1.1-jre.jar:/home/runner/.m2/repository/com/google/guava/failureaccess/1.0.1/failureaccess-1.0.1.jar:/home/runner/.m2/repository/com/google/guava/listenablefuture/9999.0-empty-to-avoid-conflict-with-guava/listenablefuture-9999.0-empty-to-avoid-conflict-with-guava.jar:/home/runner/.m2/repository/com/google/code/findbugs/jsr305/3.0.0/jsr305-3.0.0.jar:/home/runner/.m2/repository/org/checkerframework/checker-qual/3.8.0/checker-qual-3.8.0.jar:/home/runner/.m2/repository/com/google/errorprone/error_prone_annotations/2.2.0/error_prone_annotations-2.2.0.jar:/home/runner/.m2/repository/com/google/j2objc/j2objc-annotations/1.3/j2objc-annotations-1.3.jar:/home/runner/.m2/repository/commons-io/commons-io/2.8.0/commons-io-2.8.0.jar:/home/runner/.m2/repository/commons-logging/commons-logging/1.2/commons-logging-1.2.jar:/home/runner/.m2/repository/log4j/log4j/1.2.17/log4j-1.2.17.jar:/home/runner/.m2/repository/org/slf4j/slf4j-api/1.7.30/slf4j-api-1.7.30.jar:/home/runner/.m2/repository/org/apache/ozone/hdds-server-scm/1.2.0-SNAPSHOT/hdds-server-scm-1.2.0-SNAPSHOT.jar:/home/runner/.m2/repository/org/apache/ozone/hdds-container-service/1.2.0-SNAPSHOT/hdds-container-service-1.2.0-SNAPSHOT.jar:/home/runner/.m2/repository/org/apache/ozone/hdds-hadoop-dependency-server/1.2.0-SNAPSHOT/hdds-hadoop-dependency-server-1.2.0-SNAPSHOT.jar:/home/runner/.m2/repository/org/apache/hadoop/hadoop-hdfs/3.3.1/hadoop-hdfs-3.3.1.jar:/home/runner/.m2/repository/org/apache/ozone/hdds-server-framework/1.2.0-SNAPSHOT/hdds-server-framework-1.2.0-SNAPSHOT.jar:/home/runner/.m2/repository/org/apache/ozone/hdds-interface-server/1.2.0-SNAPSHOT/hdds-interface-server-1.2.0-SNAPSHOT.jar:/home/runner/.m2/repository/org/eclipse/jetty/jetty-servlet/9.4.35.v20201120/jetty-servlet-9.4.35.v20201120.jar:/home/runner/.m2/repository/org/eclipse/jetty/jetty-security/9.4.35.v20201120/jetty-security-9.4.35.v20201120.jar:/home/runner/.m2/repository/org/rocksdb/rocksdbjni/6.20.3/rocksdbjni-6.20.3.jar:/home/runner/.m2/repository/io/prometheus/simpleclient_dropwizard/0.7.0/simpleclient_dropwizard-0.7.0.jar:/home/runner/.m2/repository/io/prometheus/simpleclient/0.7.0/simpleclient-0.7.0.jar:/home/runner/.m2/repository/io/prometheus/simpleclient_common/0.7.0/simpleclient_common-0.7.0.jar:/home/runner/.m2/repository/com/fasterxml/jackson/datatype/jackson-datatype-jsr310/2.12.1/jackson-datatype-jsr310-2.12.1.jar:/home/runner/.m2/repository/io/dropwizard/metrics/metrics-core/3.2.4/metrics-core-3.2.4.jar:/home/runner/.m2/repository/org/apache/hadoop/hadoop-hdfs-client/3.3.1/hadoop-hdfs-client-3.3.1.jar:/home/runner/.m2/repository/org/bouncycastle/bcprov-jdk15on/1.67/bcprov-jdk15on-1.67.jar:/home/runner/.m2/repository/com/google/protobuf/protobuf-java/2.5.0/protobuf-java-2.5.0.jar:/home/runner/.m2/repository/org/apache/ozone/ozone-manager/1.2.0-SNAPSHOT/ozone-manager-1.2.0-SNAPSHOT.jar:/home/runner/.m2/repository/org/aspectj/aspectjrt/1.8.9/aspectjrt-1.8.9.jar:/home/runner/.m2/repository/org/aspectj/aspectjweaver/1.8.9/aspectjweaver-1.8.9.jar:/home/runner/.m2/repository/org/apache/ozone/hdds-interface-client/1.2.0-SNAPSHOT/hdds-interface-client-1.2.0-SNAPSHOT.jar:/home/runner/.m2/repository/org/apache/hadoop/thirdparty/hadoop-shaded-protobuf_3_7/1.1.1/hadoop-shaded-protobuf_3_7-1.1.1.jar:/home/runner/.m2/repository/org/apache/ratis/ratis-thirdparty-misc/0.7.0-a398b19-SNAPSHOT/ratis-thirdparty-misc-0.7.0-a398b19-SNAPSHOT.jar:/home/runner/.m2/repository/org/apache/ozone/ozone-interface-storage/1.2.0-SNAPSHOT/ozone-interface-storage-1.2.0-SNAPSHOT.jar:/home/runner/.m2/repository/org/reflections/reflections/0.9.11/reflections-0.9.11.jar:/home/runner/.m2/repository/org/apache/hadoop/hadoop-minikdc/3.3.1/hadoop-minikdc-3.3.1.jar:/home/runner/.m2/repository/org/apache/kerby/kerb-simplekdc/1.0.1/kerb-simplekdc-1.0.1.jar:/home/runner/.m2/repository/org/apache/kerby/kerb-client/1.0.1/kerb-client-1.0.1.jar:/home/runner/.m2/repository/org/apache/kerby/kerby-config/1.0.1/kerby-config-1.0.1.jar:/home/runner/.m2/repository/org/apache/kerby/kerb-common/1.0.1/kerb-common-1.0.1.jar:/home/runner/.m2/repository/org/apache/kerby/kerb-crypto/1.0.1/kerb-crypto-1.0.1.jar:/home/runner/.m2/repository/org/apache/kerby/kerb-util/1.0.1/kerb-util-1.0.1.jar:/home/runner/.m2/repository/org/apache/kerby/token-provider/1.0.1/token-provider-1.0.1.jar:/home/runner/.m2/repository/org/apache/kerby/kerb-admin/1.0.1/kerb-admin-1.0.1.jar:/home/runner/.m2/repository/org/apache/kerby/kerb-server/1.0.1/kerb-server-1.0.1.jar:/home/runner/.m2/repository/org/apache/kerby/kerb-identity/1.0.1/kerb-identity-1.0.1.jar:/home/runner/.m2/repository/org/apache/kerby/kerby-xdr/1.0.1/kerby-xdr-1.0.1.jar:/home/runner/.m2/repository/org/slf4j/slf4j-log4j12/1.7.30/slf4j-log4j12-1.7.30.jar:/home/runner/.m2/repository/org/apache/ozone/ozone-s3gateway/1.2.0-SNAPSHOT/ozone-s3gateway-1.2.0-SNAPSHOT.jar:/home/runner/.m2/repository/org/javassist/javassist/3.21.0-GA/javassist-3.21.0-GA.jar:/home/runner/.m2/repository/org/jboss/weld/servlet/weld-servlet/2.4.7.Final/weld-servlet-2.4.7.Final.jar:/home/runner/.m2/repository/org/glassfish/jersey/containers/jersey-container-servlet-core/2.33/jersey-container-servlet-core-2.33.jar:/home/runner/.m2/repository/org/glassfish/hk2/external/jakarta.inject/2.6.1/jakarta.inject-2.6.1.jar:/home/runner/.m2/repository/org/glassfish/jersey/core/jersey-common/2.33/jersey-common-2.33.jar:/home/runner/.m2/repository/jakarta/ws/rs/jakarta.ws.rs-api/2.1.6/jakarta.ws.rs-api-2.1.6.jar:/home/runner/.m2/repository/org/glassfish/jersey/ext/cdi/jersey-cdi1x/2.33/jersey-cdi1x-2.33.jar:/home/runner/.m2/repository/org/glassfish/jersey/inject/jersey-hk2/2.33/jersey-hk2-2.33.jar:/home/runner/.m2/repository/org/glassfish/hk2/hk2-locator/2.6.1/hk2-locator-2.6.1.jar:/home/runner/.m2/repository/org/glassfish/jersey/media/jersey-media-jaxb/2.33/jersey-media-jaxb-2.33.jar:/home/runner/.m2/repository/org/glassfish/hk2/osgi-resource-locator/1.0.3/osgi-resource-locator-1.0.3.jar:/home/runner/.m2/repository/org/glassfish/hk2/hk2-api/2.5.0/hk2-api-2.5.0.jar:/home/runner/.m2/repository/org/glassfish/hk2/hk2-utils/2.5.0/hk2-utils-2.5.0.jar:/home/runner/.m2/repository/org/glassfish/hk2/external/aopalliance-repackaged/2.5.0/aopalliance-repackaged-2.5.0.jar:/home/runner/.m2/repository/com/fasterxml/jackson/dataformat/jackson-dataformat-xml/2.12.1/jackson-dataformat-xml-2.12.1.jar:/home/runner/.m2/repository/com/fasterxml/jackson/core/jackson-core/2.12.1/jackson-core-2.12.1.jar:/home/runner/.m2/repository/com/fasterxml/jackson/module/jackson-module-jaxb-annotations/2.12.1/jackson-module-jaxb-annotations-2.12.1.jar:/home/runner/.m2/repository/jakarta/xml/bind/jakarta.xml.bind-api/2.3.2/jakarta.xml.bind-api-2.3.2.jar:/home/runner/.m2/repository/org/codehaus/woodstox/stax2-api/3.1.4/stax2-api-3.1.4.jar:/home/runner/.m2/repository/com/fasterxml/woodstox/woodstox-core/5.0.3/woodstox-core-5.0.3.jar:/home/runner/.m2/repository/javax/enterprise/cdi-api/1.2/cdi-api-1.2.jar:/home/runner/.m2/repository/javax/el/javax.el-api/3.0.0/javax.el-api-3.0.0.jar:/home/runner/.m2/repository/javax/interceptor/javax.interceptor-api/1.2/javax.interceptor-api-1.2.jar:/home/runner/.m2/repository/javax/inject/javax.inject/1/javax.inject-1.jar:/home/runner/.m2/repository/javax/xml/bind/jaxb-api/2.3.0/jaxb-api-2.3.0.jar:/home/runner/.m2/repository/org/glassfish/jaxb/jaxb-runtime/2.3.0.1/jaxb-runtime-2.3.0.1.jar:/home/runner/.m2/repository/org/glassfish/jaxb/jaxb-core/2.3.0.1/jaxb-core-2.3.0.1.jar:/home/runner/.m2/repository/org/glassfish/jaxb/txw2/2.3.0.1/txw2-2.3.0.1.jar:/home/runner/.m2/repository/com/sun/istack/istack-commons-runtime/3.0.5/istack-commons-runtime-3.0.5.jar:/home/runner/.m2/repository/org/jvnet/staxex/stax-ex/1.7.8/stax-ex-1.7.8.jar:/home/runner/.m2/repository/com/sun/xml/fastinfoset/FastInfoset/1.2.13/FastInfoset-1.2.13.jar:/home/runner/.m2/repository/javax/activation/activation/1.1.1/activation-1.1.1.jar:/home/runner/.m2/repository/org/apache/ozone/ozone-csi/1.2.0-SNAPSHOT/ozone-csi-1.2.0-SNAPSHOT.jar:/home/runner/.m2/repository/com/google/protobuf/protobuf-java-util/3.12.0/protobuf-java-util-3.12.0.jar:/home/runner/.m2/repository/com/google/code/gson/gson/2.2.4/gson-2.2.4.jar:/home/runner/.m2/repository/org/apache/ozone/hdds-config/1.2.0-SNAPSHOT/hdds-config-1.2.0-SNAPSHOT.jar:/home/runner/.m2/repository/io/grpc/grpc-netty/1.33.0/grpc-netty-1.33.0.jar:/home/runner/.m2/repository/io/grpc/grpc-core/1.33.0/grpc-core-1.33.0.jar:/home/runner/.m2/repository/com/google/android/annotations/4.1.1.4/annotations-4.1.1.4.jar:/home/runner/.m2/repository/io/netty/netty-codec-http2/4.1.63.Final/netty-codec-http2-4.1.63.Final.jar:/home/runner/.m2/repository/io/netty/netty-codec-http/4.1.63.Final/netty-codec-http-4.1.63.Final.jar:/home/runner/.m2/repository/io/netty/netty-handler-proxy/4.1.63.Final/netty-handler-proxy-4.1.63.Final.jar:/home/runner/.m2/repository/io/netty/netty-codec-socks/4.1.63.Final/netty-codec-socks-4.1.63.Final.jar:/home/runner/.m2/repository/io/perfmark/perfmark-api/0.19.0/perfmark-api-0.19.0.jar:/home/runner/.m2/repository/org/codehaus/mojo/animal-sniffer-annotations/1.18/animal-sniffer-annotations-1.18.jar:/home/runner/.m2/repository/io/netty/netty-transport-native-epoll/4.1.63.Final/netty-transport-native-epoll-4.1.63.Final.jar:/home/runner/.m2/repository/io/netty/netty-common/4.1.63.Final/netty-common-4.1.63.Final.jar:/home/runner/.m2/repository/io/netty/netty-buffer/4.1.63.Final/netty-buffer-4.1.63.Final.jar:/home/runner/.m2/repository/io/netty/netty-transport-native-unix-common/4.1.63.Final/netty-transport-native-unix-common-4.1.63.Final.jar:/home/runner/.m2/repository/io/grpc/grpc-protobuf/1.33.0/grpc-protobuf-1.33.0.jar:/home/runner/.m2/repository/io/grpc/grpc-api/1.33.0/grpc-api-1.33.0.jar:/home/runner/.m2/repository/io/grpc/grpc-context/1.33.0/grpc-context-1.33.0.jar:/home/runner/.m2/repository/com/google/api/grpc/proto-google-common-protos/1.17.0/proto-google-common-protos-1.17.0.jar:/home/runner/.m2/repository/io/grpc/grpc-protobuf-lite/1.33.0/grpc-protobuf-lite-1.33.0.jar:/home/runner/.m2/repository/io/grpc/grpc-stub/1.33.0/grpc-stub-1.33.0.jar:/home/runner/.m2/repository/org/apache/ozone/ozone-recon/1.2.0-SNAPSHOT/ozone-recon-1.2.0-SNAPSHOT.jar:/home/runner/.m2/repository/org/apache/ozone/ozone-reconcodegen/1.2.0-SNAPSHOT/ozone-reconcodegen-1.2.0-SNAPSHOT.jar:/home/runner/.m2/repository/com/google/inject/extensions/guice-multibindings/4.0/guice-multibindings-4.0.jar:/home/runner/.m2/repository/com/google/inject/guice/4.0/guice-4.0.jar:/home/runner/.m2/repository/aopalliance/aopalliance/1.0/aopalliance-1.0.jar:/home/runner/.m2/repository/com/google/inject/extensions/guice-assistedinject/4.0/guice-assistedinject-4.0.jar:/home/runner/.m2/repository/com/google/inject/extensions/guice-servlet/4.0/guice-servlet-4.0.jar:/home/runner/.m2/repository/org/glassfish/jersey/containers/jersey-container-servlet/2.33/jersey-container-servlet-2.33.jar:/home/runner/.m2/repository/org/glassfish/hk2/guice-bridge/2.5.0/guice-bridge-2.5.0.jar:/home/runner/.m2/repository/org/glassfish/jersey/core/jersey-server/2.33/jersey-server-2.33.jar:/home/runner/.m2/repository/org/glassfish/jersey/core/jersey-client/2.33/jersey-client-2.33.jar:/home/runner/.m2/repository/jakarta/annotation/jakarta.annotation-api/1.3.5/jakarta.annotation-api-1.3.5.jar:/home/runner/.m2/repository/jakarta/validation/jakarta.validation-api/2.0.2/jakarta.validation-api-2.0.2.jar:/home/runner/.m2/repository/org/glassfish/jersey/media/jersey-media-json-jackson/2.33/jersey-media-json-jackson-2.33.jar:/home/runner/.m2/repository/org/glassfish/jersey/ext/jersey-entity-filtering/2.33/jersey-entity-filtering-2.33.jar:/home/runner/.m2/repository/org/jooq/jooq/3.11.10/jooq-3.11.10.jar:/home/runner/.m2/repository/org/jooq/jooq-meta/3.11.10/jooq-meta-3.11.10.jar:/home/runner/.m2/repository/org/jooq/jooq-codegen/3.11.10/jooq-codegen-3.11.10.jar:/home/runner/.m2/repository/com/jolbox/bonecp/0.8.0.RELEASE/bonecp-0.8.0.RELEASE.jar:/home/runner/.m2/repository/org/apache/derby/derby/10.14.2.0/derby-10.14.2.0.jar:/home/runner/.m2/repository/org/xerial/sqlite-jdbc/3.25.2/sqlite-jdbc-3.25.2.jar:/home/runner/.m2/repository/org/springframework/spring-jdbc/5.2.11.RELEASE/spring-jdbc-5.2.11.RELEASE.jar:/home/runner/.m2/repository/org/springframework/spring-beans/5.2.11.RELEASE/spring-beans-5.2.11.RELEASE.jar:/home/runner/.m2/repository/org/springframework/spring-core/5.2.11.RELEASE/spring-core-5.2.11.RELEASE.jar:/home/runner/.m2/repository/org/springframework/spring-jcl/5.2.11.RELEASE/spring-jcl-5.2.11.RELEASE.jar:/home/runner/.m2/repository/org/springframework/spring-tx/5.2.11.RELEASE/spring-tx-5.2.11.RELEASE.jar:/home/runner/.m2/repository/org/apache/ozone/ozone-client/1.2.0-SNAPSHOT/ozone-client-1.2.0-SNAPSHOT.jar:/home/runner/.m2/repository/org/apache/ozone/ozone-filesystem/1.2.0-SNAPSHOT/ozone-filesystem-1.2.0-SNAPSHOT.jar:/home/runner/.m2/repository/org/apache/ozone/ozone-filesystem-common/1.2.0-SNAPSHOT/ozone-filesystem-common-1.2.0-SNAPSHOT.jar:/home/runner/.m2/repository/org/apache/ozone/ozone-tools/1.2.0-SNAPSHOT/ozone-tools-1.2.0-SNAPSHOT.jar:/home/runner/.m2/repository/org/apache/ratis/ratis-tools/2.1.0-ff8aa66-SNAPSHOT/ratis-tools-2.1.0-ff8aa66-SNAPSHOT.jar:/home/runner/.m2/repository/org/apache/ratis/ratis-proto/2.1.0-ff8aa66-SNAPSHOT/ratis-proto-2.1.0-ff8aa66-SNAPSHOT.jar:/home/runner/.m2/repository/org/apache/ratis/ratis-common/2.1.0-ff8aa66-SNAPSHOT/ratis-common-2.1.0-ff8aa66-SNAPSHOT.jar:/home/runner/.m2/repository/com/amazonaws/aws-java-sdk-core/1.11.901/aws-java-sdk-core-1.11.901.jar:/home/runner/.m2/repository/org/apache/httpcomponents/httpclient/4.5.13/httpclient-4.5.13.jar:/home/runner/.m2/repository/org/apache/httpcomponents/httpcore/4.4.13/httpcore-4.4.13.jar:/home/runner/.m2/repository/software/amazon/ion/ion-java/1.0.2/ion-java-1.0.2.jar:/home/runner/.m2/repository/com/fasterxml/jackson/dataformat/jackson-dataformat-cbor/2.12.1/jackson-dataformat-cbor-2.12.1.jar:/home/runner/.m2/repository/joda-time/joda-time/2.8.1/joda-time-2.8.1.jar:/home/runner/.m2/repository/com/amazonaws/aws-java-sdk-s3/1.11.901/aws-java-sdk-s3-1.11.901.jar:/home/runner/.m2/repository/com/amazonaws/aws-java-sdk-kms/1.11.901/aws-java-sdk-kms-1.11.901.jar:/home/runner/.m2/repository/com/amazonaws/jmespath-java/1.11.901/jmespath-java-1.11.901.jar:/home/runner/.m2/repository/org/kohsuke/metainf-services/metainf-services/1.8/metainf-services-1.8.jar:/home/runner/.m2/repository/org/apache/ozone/hdds-tools/1.2.0-SNAPSHOT/hdds-tools-1.2.0-SNAPSHOT.jar:/home/runner/.m2/repository/commons-cli/commons-cli/1.2/commons-cli-1.2.jar:/home/runner/.m2/repository/org/apache/commons/commons-lang3/3.7/commons-lang3-3.7.jar:/home/runner/.m2/repository/org/apache/ozone/ozone-manager/1.2.0-SNAPSHOT/ozone-manager-1.2.0-SNAPSHOT-tests.jar:/home/runner/.m2/repository/org/apache/ozone/hdds-common/1.2.0-SNAPSHOT/hdds-common-1.2.0-SNAPSHOT-tests.jar:/home/runner/.m2/repository/org/apache/ozone/hdds-hadoop-dependency-client/1.2.0-SNAPSHOT/hdds-hadoop-dependency-client-1.2.0-SNAPSHOT.jar:/home/runner/.m2/repository/info/picocli/picocli/4.4.0/picocli-4.4.0.jar:/home/runner/.m2/repository/com/fasterxml/jackson/core/jackson-annotations/2.12.1/jackson-annotations-2.12.1.jar:/home/runner/.m2/repository/javax/annotation/javax.annotation-api/1.2/javax.annotation-api-1.2.jar:/home/runner/.m2/repository/org/apache/ratis/ratis-server/2.1.0-ff8aa66-SNAPSHOT/ratis-server-2.1.0-ff8aa66-SNAPSHOT.jar:/home/runner/.m2/repository/org/apache/ratis/ratis-client/2.1.0-ff8aa66-SNAPSHOT/ratis-client-2.1.0-ff8aa66-SNAPSHOT.jar:/home/runner/.m2/repository/org/apache/ratis/ratis-server-api/2.1.0-ff8aa66-SNAPSHOT/ratis-server-api-2.1.0-ff8aa66-SNAPSHOT.jar:/home/runner/.m2/repository/org/apache/ratis/ratis-metrics/2.1.0-ff8aa66-SNAPSHOT/ratis-metrics-2.1.0-ff8aa66-SNAPSHOT.jar:/home/runner/.m2/repository/org/apache/ratis/ratis-netty/2.1.0-ff8aa66-SNAPSHOT/ratis-netty-2.1.0-ff8aa66-SNAPSHOT.jar:/home/runner/.m2/repository/org/apache/ratis/ratis-grpc/2.1.0-ff8aa66-SNAPSHOT/ratis-grpc-2.1.0-ff8aa66-SNAPSHOT.jar:/home/runner/.m2/repository/org/apache/logging/log4j/log4j-api/2.13.3/log4j-api-2.13.3.jar:/home/runner/.m2/repository/org/apache/logging/log4j/log4j-core/2.13.3/log4j-core-2.13.3.jar:/home/runner/.m2/repository/com/lmax/disruptor/3.4.2/disruptor-3.4.2.jar:/home/runner/.m2/repository/org/apache/commons/commons-pool2/2.6.0/commons-pool2-2.6.0.jar:/home/runner/.m2/repository/org/bouncycastle/bcpkix-jdk15on/1.67/bcpkix-jdk15on-1.67.jar:/home/runner/.m2/repository/commons-validator/commons-validator/1.6/commons-validator-1.6.jar:/home/runner/.m2/repository/commons-beanutils/commons-beanutils/1.9.4/commons-beanutils-1.9.4.jar:/home/runner/.m2/repository/commons-digester/commons-digester/1.8.1/commons-digester-1.8.1.jar:/home/runner/.m2/repository/commons-collections/commons-collections/3.2.2/commons-collections-3.2.2.jar:/home/runner/.m2/repository/io/jaegertracing/jaeger-client/1.6.0/jaeger-client-1.6.0.jar:/home/runner/.m2/repository/io/jaegertracing/jaeger-thrift/1.6.0/jaeger-thrift-1.6.0.jar:/home/runner/.m2/repository/org/apache/thrift/libthrift/0.14.1/libthrift-0.14.1.jar:/home/runner/.m2/repository/com/squareup/okhttp3/okhttp/4.9.0/okhttp-4.9.0.jar:/home/runner/.m2/repository/com/squareup/okio/okio/2.8.0/okio-2.8.0.jar:/home/runner/.m2/repository/io/jaegertracing/jaeger-core/1.6.0/jaeger-core-1.6.0.jar:/home/runner/.m2/repository/io/jaegertracing/jaeger-tracerresolver/1.6.0/jaeger-tracerresolver-1.6.0.jar:/home/runner/.m2/repository/io/opentracing/contrib/opentracing-tracerresolver/0.1.8/opentracing-tracerresolver-0.1.8.jar:/home/runner/.m2/repository/org/jetbrains/kotlin/kotlin-stdlib/1.4.31/kotlin-stdlib-1.4.31.jar:/home/runner/.m2/repository/org/jetbrains/kotlin/kotlin-stdlib-common/1.4.31/kotlin-stdlib-common-1.4.31.jar:/home/runner/.m2/repository/org/jetbrains/annotations/13.0/annotations-13.0.jar:/home/runner/.m2/repository/io/opentracing/opentracing-util/0.33.0/opentracing-util-0.33.0.jar:/home/runner/.m2/repository/io/opentracing/opentracing-api/0.33.0/opentracing-api-0.33.0.jar:/home/runner/.m2/repository/io/opentracing/opentracing-noop/0.33.0/opentracing-noop-0.33.0.jar:/home/runner/.m2/repository/org/yaml/snakeyaml/1.26/snakeyaml-1.26.jar:/home/runner/.m2/repository/org/apache/ozone/hdds-interface-admin/1.2.0-SNAPSHOT/hdds-interface-admin-1.2.0-SNAPSHOT.jar:/home/runner/.m2/repository/junit/junit/4.13.1/junit-4.13.1.jar:/home/runner/.m2/repository/org/hamcrest/hamcrest-core/1.3/hamcrest-core-1.3.jar:/home/runner/.m2/repository/org/junit/jupiter/junit-jupiter-api/5.7.0/junit-jupiter-api-5.7.0.jar:/home/runner/.m2/repository/org/apiguardian/apiguardian-api/1.1.0/apiguardian-api-1.1.0.jar:/home/runner/.m2/repository/org/opentest4j/opentest4j/1.2.0/opentest4j-1.2.0.jar:/home/runner/.m2/repository/org/junit/platform/junit-platform-commons/1.7.0/junit-platform-commons-1.7.0.jar:/home/runner/.m2/repository/org/junit/jupiter/junit-jupiter-engine/5.7.0/junit-jupiter-engine-5.7.0.jar:/home/runner/.m2/repository/org/junit/platform/junit-platform-engine/1.7.0/junit-platform-engine-1.7.0.jar:/home/runner/.m2/repository/org/junit/vintage/junit-vintage-engine/5.7.0/junit-vintage-engine-5.7.0.jar:/home/runner/.m2/repository/org/junit/platform/junit-platform-launcher/1.7.0/junit-platform-launcher-1.7.0.jar:/home/runner/.m2/repository/org/openjdk/jmh/jmh-core/1.19/jmh-core-1.19.jar:/home/runner/.m2/repository/net/sf/jopt-simple/jopt-simple/4.6/jopt-simple-4.6.jar:/home/runner/.m2/repository/org/apache/commons/commons-math3/3.1.1/commons-math3-3.1.1.jar:/home/runner/.m2/repository/org/openjdk/jmh/jmh-generator-annprocess/1.19/jmh-generator-annprocess-1.19.jar:/home/runner/.m2/repository/org/mockito/mockito-core/2.28.2/mockito-core-2.28.2.jar:/home/runner/.m2/repository/net/bytebuddy/byte-buddy/1.9.10/byte-buddy-1.9.10.jar:/home/runner/.m2/repository/net/bytebuddy/byte-buddy-agent/1.9.10/byte-buddy-agent-1.9.10.jar:/home/runner/.m2/repository/org/objenesis/objenesis/1.0/objenesis-1.0.jar:/home/runner/.m2/repository/org/apache/hadoop/hadoop-kms/3.3.1/hadoop-kms-3.3.1.jar:/home/runner/.m2/repository/org/apache/hadoop/hadoop-auth/3.3.1/hadoop-auth-3.3.1.jar:/home/runner/.m2/repository/com/nimbusds/nimbus-jose-jwt/7.9/nimbus-jose-jwt-7.9.jar:/home/runner/.m2/repository/com/github/stephenc/jcip/jcip-annotations/1.0-1/jcip-annotations-1.0-1.jar:/home/runner/.m2/repository/net/minidev/json-smart/2.3/json-smart-2.3.jar:/home/runner/.m2/repository/net/minidev/accessors-smart/1.2/accessors-smart-1.2.jar:/home/runner/.m2/repository/org/ow2/asm/asm/5.0.4/asm-5.0.4.jar:/home/runner/.m2/repository/org/apache/zookeeper/zookeeper/3.5.6/zookeeper-3.5.6.jar:/home/runner/.m2/repository/org/apache/zookeeper/zookeeper-jute/3.5.6/zookeeper-jute-3.5.6.jar:/home/runner/.m2/repository/org/apache/yetus/audience-annotations/0.5.0/audience-annotations-0.5.0.jar:/home/runner/.m2/repository/org/apache/curator/curator-framework/4.2.0/curator-framework-4.2.0.jar:/home/runner/.m2/repository/org/apache/hadoop/thirdparty/hadoop-shaded-guava/1.1.1/hadoop-shaded-guava-1.1.1.jar:/home/runner/.m2/repository/com/sun/jersey/jersey-core/1.19/jersey-core-1.19.jar:/home/runner/.m2/repository/javax/ws/rs/jsr311-api/1.1.1/jsr311-api-1.1.1.jar:/home/runner/.m2/repository/com/sun/jersey/jersey-server/1.19/jersey-server-1.19.jar:/home/runner/.m2/repository/javax/servlet/javax.servlet-api/3.1.0/javax.servlet-api-3.1.0.jar:/home/runner/.m2/repository/org/eclipse/jetty/jetty-server/9.4.35.v20201120/jetty-server-9.4.35.v20201120.jar:/home/runner/.m2/repository/org/eclipse/jetty/jetty-http/9.4.35.v20201120/jetty-http-9.4.35.v20201120.jar:/home/runner/.m2/repository/org/eclipse/jetty/jetty-io/9.4.35.v20201120/jetty-io-9.4.35.v20201120.jar:/home/runner/.m2/repository/org/eclipse/jetty/jetty-webapp/9.4.35.v20201120/jetty-webapp-9.4.35.v20201120.jar:/home/runner/.m2/repository/org/eclipse/jetty/jetty-xml/9.4.35.v20201120/jetty-xml-9.4.35.v20201120.jar:/home/runner/.m2/repository/org/apache/hadoop/hadoop-common/3.3.1/hadoop-common-3.3.1.jar:/home/runner/.m2/repository/commons-net/commons-net/3.6/commons-net-3.6.jar:/home/runner/.m2/repository/jakarta/activation/jakarta.activation-api/1.2.1/jakarta.activation-api-1.2.1.jar:/home/runner/.m2/repository/com/sun/jersey/jersey-servlet/1.19/jersey-servlet-1.19.jar:/home/runner/.m2/repository/com/sun/jersey/jersey-json/1.19/jersey-json-1.19.jar:/home/runner/.m2/repository/org/codehaus/jettison/jettison/1.1/jettison-1.1.jar:/home/runner/.m2/repository/com/sun/xml/bind/jaxb-impl/2.2.3-1/jaxb-impl-2.2.3-1.jar:/home/runner/.m2/repository/org/codehaus/jackson/jackson-jaxrs/1.9.2/jackson-jaxrs-1.9.2.jar:/home/runner/.m2/repository/org/codehaus/jackson/jackson-xc/1.9.2/jackson-xc-1.9.2.jar:/home/runner/.m2/repository/org/apache/commons/commons-configuration2/2.1.1/commons-configuration2-2.1.1.jar:/home/runner/.m2/repository/org/apache/commons/commons-text/1.4/commons-text-1.4.jar:/home/runner/.m2/repository/com/google/re2j/re2j/1.1/re2j-1.1.jar:/home/runner/.m2/repository/com/jcraft/jsch/0.1.54/jsch-0.1.54.jar:/home/runner/.m2/repository/org/apache/curator/curator-client/4.2.0/curator-client-4.2.0.jar:/home/runner/.m2/repository/org/apache/curator/curator-recipes/4.2.0/curator-recipes-4.2.0.jar:/home/runner/.m2/repository/org/apache/kerby/kerb-core/1.0.1/kerb-core-1.0.1.jar:/home/runner/.m2/repository/org/apache/kerby/kerby-pkix/1.0.1/kerby-pkix-1.0.1.jar:/home/runner/.m2/repository/org/apache/kerby/kerby-asn1/1.0.1/kerby-asn1-1.0.1.jar:/home/runner/.m2/repository/org/apache/kerby/kerby-util/1.0.1/kerby-util-1.0.1.jar:/home/runner/.m2/repository/dnsjava/dnsjava/2.1.7/dnsjava-2.1.7.jar:/home/runner/.m2/repository/org/xerial/snappy/snappy-java/1.1.8.2/snappy-java-1.1.8.2.jar:/home/runner/.m2/repository/org/slf4j/jul-to-slf4j/1.7.30/jul-to-slf4j-1.7.30.jar:/home/runner/.m2/repository/org/eclipse/jetty/jetty-util/9.4.35.v20201120/jetty-util-9.4.35.v20201120.jar:/home/runner/.m2/repository/com/fasterxml/jackson/core/jackson-databind/2.12.1/jackson-databind-2.12.1.jar:/home/runner/.m2/repository/org/apache/hadoop/hadoop-kms/3.3.1/hadoop-kms-3.3.1-tests.jar:/home/runner/.m2/repository/org/apache/ozone/hdds-server-scm/1.2.0-SNAPSHOT/hdds-server-scm-1.2.0-SNAPSHOT-tests.jar:/home/runner/.m2/repository/org/apache/ozone/hdds-container-service/1.2.0-SNAPSHOT/hdds-container-service-1.2.0-SNAPSHOT-tests.jar:/home/runner/.m2/repository/commons-codec/commons-codec/1.11/commons-codec-1.11.jar:/home/runner/.m2/repository/io/netty/netty-transport/4.1.63.Final/netty-transport-4.1.63.Final.jar:/home/runner/.m2/repository/io/netty/netty-resolver/4.1.63.Final/netty-resolver-4.1.63.Final.jar:/home/runner/.m2/repository/io/netty/netty-codec/4.1.63.Final/netty-codec-4.1.63.Final.jar:/home/runner/.m2/repository/io/netty/netty-handler/4.1.63.Final/netty-handler-4.1.63.Final.jar:/home/runner/.m2/repository/org/apache/ozone/hdds-hadoop-dependency-test/1.2.0-SNAPSHOT/hdds-hadoop-dependency-test-1.2.0-SNAPSHOT.jar:/home/runner/.m2/repository/org/apache/hadoop/hadoop-common/3.3.1/hadoop-common-3.3.1-tests.jar:/home/runner/.m2/repository/org/assertj/assertj-core/3.12.2/assertj-core-3.12.2.jar:/home/runner/.m2/repository/org/apache/hadoop/hadoop-hdfs/3.3.1/hadoop-hdfs-3.3.1-tests.jar:/home/runner/.m2/repository/org/eclipse/jetty/jetty-util-ajax/9.4.35.v20201120/jetty-util-ajax-9.4.35.v20201120.jar:/home/runner/.m2/repository/commons-daemon/commons-daemon/1.0.13/commons-daemon-1.0.13.jar:/home/runner/.m2/repository/io/netty/netty/3.10.6.Final/netty-3.10.6.Final.jar:/home/runner/.m2/repository/io/netty/netty-all/4.1.63.Final/netty-all-4.1.63.Final.jar:/home/runner/.m2/repository/org/apache/htrace/htrace-core4/4.1.0-incubating/htrace-core4-4.1.0-incubating.jar:/home/runner/.m2/repository/org/fusesource/leveldbjni/leveldbjni-all/1.8/leveldbjni-all-1.8.jar:/home/runner/.m2/repository/org/apache/hadoop/hadoop-distcp/3.3.1/hadoop-distcp-3.3.1.jar:/home/runner/.m2/repository/org/apache/hadoop/hadoop-mapreduce-client-jobclient/3.3.1/hadoop-mapreduce-client-jobclient-3.3.1.jar:/home/runner/.m2/repository/org/apache/hadoop/hadoop-mapreduce-client-common/3.3.1/hadoop-mapreduce-client-common-3.3.1.jar:/home/runner/.m2/repository/org/apache/hadoop/hadoop-yarn-common/3.3.1/hadoop-yarn-common-3.3.1.jar:/home/runner/.m2/repository/org/apache/hadoop/hadoop-yarn-api/3.3.1/hadoop-yarn-api-3.3.1.jar:/home/runner/.m2/repository/com/sun/jersey/jersey-client/1.19/jersey-client-1.19.jar:/home/runner/.m2/repository/com/sun/jersey/contribs/jersey-guice/1.19/jersey-guice-1.19.jar:/home/runner/.m2/repository/com/fasterxml/jackson/jaxrs/jackson-jaxrs-json-provider/2.12.1/jackson-jaxrs-json-provider-2.12.1.jar:/home/runner/.m2/repository/com/fasterxml/jackson/jaxrs/jackson-jaxrs-base/2.12.1/jackson-jaxrs-base-2.12.1.jar:/home/runner/.m2/repository/org/apache/hadoop/hadoop-yarn-client/3.3.1/hadoop-yarn-client-3.3.1.jar:/home/runner/.m2/repository/org/eclipse/jetty/websocket/websocket-client/9.4.40.v20210413/websocket-client-9.4.40.v20210413.jar:/home/runner/.m2/repository/org/eclipse/jetty/jetty-client/9.4.40.v20210413/jetty-client-9.4.40.v20210413.jar:/home/runner/.m2/repository/org/eclipse/jetty/websocket/websocket-common/9.4.40.v20210413/websocket-common-9.4.40.v20210413.jar:/home/runner/.m2/repository/org/eclipse/jetty/websocket/websocket-api/9.4.40.v20210413/websocket-api-9.4.40.v20210413.jar:/home/runner/.m2/repository/org/jline/jline/3.9.0/jline-3.9.0.jar:/home/runner/.m2/repository/org/apache/hadoop/hadoop-mapreduce-client-core/3.3.1/hadoop-mapreduce-client-core-3.3.1.jar:/home/runner/.m2/repository/org/apache/avro/avro/1.7.7/avro-1.7.7.jar:/home/runner/.m2/repository/org/codehaus/jackson/jackson-core-asl/1.9.13/jackson-core-asl-1.9.13.jar:/home/runner/.m2/repository/org/codehaus/jackson/jackson-mapper-asl/1.9.13/jackson-mapper-asl-1.9.13.jar:/home/runner/.m2/repository/com/thoughtworks/paranamer/paranamer/2.3/paranamer-2.3.jar:/home/runner/.m2/repository/org/apache/hadoop/hadoop-annotations/3.3.1/hadoop-annotations-3.3.1.jar:/usr/lib/jvm/adoptopenjdk-8-hotspot-amd64/jre/../lib/tools.jar:/home/runner/.m2/repository/org/apache/hadoop/hadoop-distcp/3.3.1/hadoop-distcp-3.3.1-tests.jar:"/>
    <property name="sun.cpu.endian" value="little"/>
    <property name="user.home" value="/home/runner"/>
    <property name="user.language" value="en"/>
    <property name="java.specification.vendor" value="Oracle Corporation"/>
    <property name="java.home" value="/usr/lib/jvm/adoptopenjdk-8-hotspot-amd64/jre"/>
    <property name="java.security.krb5.conf" value="/home/runner/work/ozone/ozone/mnt/ozone/hadoop-ozone/integration-test/target/test-classes/krb5.conf"/>
    <property name="basedir" value="/home/runner/work/ozone/ozone/mnt/ozone/hadoop-ozone/integration-test"/>
    <property name="file.separator" value="/"/>
    <property name="line.separator" value="&#10;"/>
    <property name="java.vm.specification.vendor" value="Oracle Corporation"/>
    <property name="java.specification.name" value="Java Platform API Specification"/>
    <property name="java.awt.graphicsenv" value="sun.awt.X11GraphicsEnvironment"/>
    <property name="skip.installnpx" value="true"/>
    <property name="surefire.real.class.path" value="/home/runner/work/ozone/ozone/mnt/ozone/hadoop-ozone/integration-test/target/surefire/surefirebooter8675193528923826642.jar:/home/runner/.m2/repository/org/jacoco/org.jacoco.agent/0.8.5/org.jacoco.agent-0.8.5-runtime.jar"/>
    <property name="hadoop.log.dir" value="/home/runner/work/ozone/ozone/mnt/ozone/hadoop-ozone/integration-test/target/log"/>
    <property name="sun.boot.class.path" value="/usr/lib/jvm/adoptopenjdk-8-hotspot-amd64/jre/lib/resources.jar:/usr/lib/jvm/adoptopenjdk-8-hotspot-amd64/jre/lib/rt.jar:/usr/lib/jvm/adoptopenjdk-8-hotspot-amd64/jre/lib/sunrsasign.jar:/usr/lib/jvm/adoptopenjdk-8-hotspot-amd64/jre/lib/jsse.jar:/usr/lib/jvm/adoptopenjdk-8-hotspot-amd64/jre/lib/jce.jar:/usr/lib/jvm/adoptopenjdk-8-hotspot-amd64/jre/lib/charsets.jar:/usr/lib/jvm/adoptopenjdk-8-hotspot-amd64/jre/lib/jfr.jar:/usr/lib/jvm/adoptopenjdk-8-hotspot-amd64/jre/classes"/>
    <property name="sun.management.compiler" value="HotSpot 64-Bit Tiered Compilers"/>
    <property name="skip.npx" value="true"/>
    <property name="java.runtime.version" value="1.8.0_292-b10"/>
    <property name="java.net.preferIPv4Stack" value="true"/>
    <property name="user.name" value="runner"/>
    <property name="path.separator" value=":"/>
    <property name="java.security.egd" value="file:///dev/urandom"/>
    <property name="os.version" value="5.4.0-1051-azure"/>
    <property name="java.endorsed.dirs" value="/usr/lib/jvm/adoptopenjdk-8-hotspot-amd64/jre/lib/endorsed"/>
    <property name="java.runtime.name" value="OpenJDK Runtime Environment"/>
    <property name="file.encoding" value="UTF-8"/>
    <property name="java.vm.name" value="OpenJDK 64-Bit Server VM"/>
    <property name="test.build.webapps" value=""/>
    <property name="localRepository" value="/home/runner/.m2/repository"/>
    <property name="java.vendor.url.bug" value="https://github.com/AdoptOpenJDK/openjdk-support/issues"/>
    <property name="java.io.tmpdir" value="/tmp"/>
    <property name="require.test.libhadoop" value=""/>
    <property name="java.version" value="1.8.0_292"/>
    <property name="user.dir" value="/home/runner/work/ozone/ozone/mnt/ozone/hadoop-ozone/integration-test"/>
    <property name="os.arch" value="amd64"/>
    <property name="java.vm.specification.name" value="Java Virtual Machine Specification"/>
    <property name="test.build.classes" value="/home/runner/work/ozone/ozone/mnt/ozone/hadoop-ozone/integration-test/target/test-classes"/>
    <property name="java.awt.printerjob" value="sun.print.PSPrinterJob"/>
    <property name="sun.os.patch.level" value="unknown"/>
    <property name="hadoop.tmp.dir" value="/home/runner/work/ozone/ozone/mnt/ozone/hadoop-ozone/integration-test/target/tmp"/>
    <property name="java.library.path" value="/usr/java/packages/lib/amd64:/usr/lib64:/lib64:/lib:/usr/lib"/>
    <property name="java.vm.info" value="mixed mode"/>
    <property name="java.vendor" value="AdoptOpenJDK"/>
    <property name="java.vm.version" value="25.292-b10"/>
    <property name="java.ext.dirs" value="/usr/lib/jvm/adoptopenjdk-8-hotspot-amd64/jre/lib/ext:/usr/java/packages/lib/ext"/>
    <property name="sun.io.unicode.encoding" value="UnicodeLittle"/>
    <property name="java.class.version" value="52.0"/>
  </properties>
  <testcase name="testInstallSnapshot" classname="org.apache.hadoop.ozone.scm.TestSCMInstallSnapshotWithHA" time="61.38"/>
  <testcase name="testInstallOldCheckpointFailure" classname="org.apache.hadoop.ozone.scm.TestSCMInstallSnapshotWithHA" time="49.472">
    <failure message="expected:&lt;(t:2, i:128)&gt; but was:&lt;(t:2, i:28)&gt;" type="java.lang.AssertionError"><![CDATA[java.lang.AssertionError: expected:<(t:2, i:128)> but was:<(t:2, i:28)>
	at org.junit.Assert.fail(Assert.java:89)
	at org.junit.Assert.failNotEquals(Assert.java:835)
	at org.junit.Assert.assertEquals(Assert.java:120)
	at org.junit.Assert.assertEquals(Assert.java:146)
	at org.apache.hadoop.ozone.scm.TestSCMInstallSnapshotWithHA.testInstallOldCheckpointFailure(TestSCMInstallSnapshotWithHA.java:202)
	at sun.reflect.NativeMethodAccessorImpl.invoke0(Native Method)
	at sun.reflect.NativeMethodAccessorImpl.invoke(NativeMethodAccessorImpl.java:62)
	at sun.reflect.DelegatingMethodAccessorImpl.invoke(DelegatingMethodAccessorImpl.java:43)
	at java.lang.reflect.Method.invoke(Method.java:498)
	at org.junit.platform.commons.util.ReflectionUtils.invokeMethod(ReflectionUtils.java:688)
	at org.junit.jupiter.engine.execution.MethodInvocation.proceed(MethodInvocation.java:60)
	at org.junit.jupiter.engine.execution.InvocationInterceptorChain$ValidatingInvocation.proceed(InvocationInterceptorChain.java:131)
	at org.junit.jupiter.engine.extension.TimeoutInvocation.proceed(TimeoutInvocation.java:46)
	at org.junit.jupiter.engine.extension.TimeoutExtension.intercept(TimeoutExtension.java:149)
	at org.junit.jupiter.engine.extension.TimeoutExtension.interceptTestableMethod(TimeoutExtension.java:140)
	at org.junit.jupiter.engine.extension.TimeoutExtension.interceptTestMethod(TimeoutExtension.java:84)
	at org.junit.jupiter.engine.execution.ExecutableInvoker$ReflectiveInterceptorCall.lambda$ofVoidMethod$0(ExecutableInvoker.java:115)
	at org.junit.jupiter.engine.execution.ExecutableInvoker.lambda$invoke$0(ExecutableInvoker.java:105)
	at org.junit.jupiter.engine.execution.InvocationInterceptorChain$InterceptedInvocation.proceed(InvocationInterceptorChain.java:106)
	at org.junit.jupiter.engine.execution.InvocationInterceptorChain.proceed(InvocationInterceptorChain.java:64)
	at org.junit.jupiter.engine.execution.InvocationInterceptorChain.chainAndInvoke(InvocationInterceptorChain.java:45)
	at org.junit.jupiter.engine.execution.InvocationInterceptorChain.invoke(InvocationInterceptorChain.java:37)
	at org.junit.jupiter.engine.execution.ExecutableInvoker.invoke(ExecutableInvoker.java:104)
	at org.junit.jupiter.engine.execution.ExecutableInvoker.invoke(ExecutableInvoker.java:98)
	at org.junit.jupiter.engine.descriptor.TestMethodTestDescriptor.lambda$invokeTestMethod$6(TestMethodTestDescriptor.java:210)
	at org.junit.platform.engine.support.hierarchical.ThrowableCollector.execute(ThrowableCollector.java:73)
	at org.junit.jupiter.engine.descriptor.TestMethodTestDescriptor.invokeTestMethod(TestMethodTestDescriptor.java:206)
	at org.junit.jupiter.engine.descriptor.TestMethodTestDescriptor.execute(TestMethodTestDescriptor.java:131)
	at org.junit.jupiter.engine.descriptor.TestMethodTestDescriptor.execute(TestMethodTestDescriptor.java:65)
	at org.junit.platform.engine.support.hierarchical.NodeTestTask.lambda$executeRecursively$5(NodeTestTask.java:139)
	at org.junit.platform.engine.support.hierarchical.ThrowableCollector.execute(ThrowableCollector.java:73)
	at org.junit.platform.engine.support.hierarchical.NodeTestTask.lambda$executeRecursively$7(NodeTestTask.java:129)
	at org.junit.platform.engine.support.hierarchical.Node.around(Node.java:137)
	at org.junit.platform.engine.support.hierarchical.NodeTestTask.lambda$executeRecursively$8(NodeTestTask.java:127)
	at org.junit.platform.engine.support.hierarchical.ThrowableCollector.execute(ThrowableCollector.java:73)
	at org.junit.platform.engine.support.hierarchical.NodeTestTask.executeRecursively(NodeTestTask.java:126)
	at org.junit.platform.engine.support.hierarchical.NodeTestTask.execute(NodeTestTask.java:84)
	at java.util.ArrayList.forEach(ArrayList.java:1259)
	at org.junit.platform.engine.support.hierarchical.SameThreadHierarchicalTestExecutorService.invokeAll(SameThreadHierarchicalTestExecutorService.java:38)
	at org.junit.platform.engine.support.hierarchical.NodeTestTask.lambda$executeRecursively$5(NodeTestTask.java:143)
	at org.junit.platform.engine.support.hierarchical.ThrowableCollector.execute(ThrowableCollector.java:73)
	at org.junit.platform.engine.support.hierarchical.NodeTestTask.lambda$executeRecursively$7(NodeTestTask.java:129)
	at org.junit.platform.engine.support.hierarchical.Node.around(Node.java:137)
	at org.junit.platform.engine.support.hierarchical.NodeTestTask.lambda$executeRecursively$8(NodeTestTask.java:127)
	at org.junit.platform.engine.support.hierarchical.ThrowableCollector.execute(ThrowableCollector.java:73)
	at org.junit.platform.engine.support.hierarchical.NodeTestTask.executeRecursively(NodeTestTask.java:126)
	at org.junit.platform.engine.support.hierarchical.NodeTestTask.execute(NodeTestTask.java:84)
	at java.util.ArrayList.forEach(ArrayList.java:1259)
	at org.junit.platform.engine.support.hierarchical.SameThreadHierarchicalTestExecutorService.invokeAll(SameThreadHierarchicalTestExecutorService.java:38)
	at org.junit.platform.engine.support.hierarchical.NodeTestTask.lambda$executeRecursively$5(NodeTestTask.java:143)
	at org.junit.platform.engine.support.hierarchical.ThrowableCollector.execute(ThrowableCollector.java:73)
	at org.junit.platform.engine.support.hierarchical.NodeTestTask.lambda$executeRecursively$7(NodeTestTask.java:129)
	at org.junit.platform.engine.support.hierarchical.Node.around(Node.java:137)
	at org.junit.platform.engine.support.hierarchical.NodeTestTask.lambda$executeRecursively$8(NodeTestTask.java:127)
	at org.junit.platform.engine.support.hierarchical.ThrowableCollector.execute(ThrowableCollector.java:73)
	at org.junit.platform.engine.support.hierarchical.NodeTestTask.executeRecursively(NodeTestTask.java:126)
	at org.junit.platform.engine.support.hierarchical.NodeTestTask.execute(NodeTestTask.java:84)
	at org.junit.platform.engine.support.hierarchical.SameThreadHierarchicalTestExecutorService.submit(SameThreadHierarchicalTestExecutorService.java:32)
	at org.junit.platform.engine.support.hierarchical.HierarchicalTestExecutor.execute(HierarchicalTestExecutor.java:57)
	at org.junit.platform.engine.support.hierarchical.HierarchicalTestEngine.execute(HierarchicalTestEngine.java:51)
	at org.junit.platform.launcher.core.EngineExecutionOrchestrator.execute(EngineExecutionOrchestrator.java:108)
	at org.junit.platform.launcher.core.EngineExecutionOrchestrator.execute(EngineExecutionOrchestrator.java:88)
	at org.junit.platform.launcher.core.EngineExecutionOrchestrator.lambda$execute$0(EngineExecutionOrchestrator.java:54)
	at org.junit.platform.launcher.core.EngineExecutionOrchestrator.withInterceptedStreams(EngineExecutionOrchestrator.java:67)
	at org.junit.platform.launcher.core.EngineExecutionOrchestrator.execute(EngineExecutionOrchestrator.java:52)
	at org.junit.platform.launcher.core.DefaultLauncher.execute(DefaultLauncher.java:96)
	at org.junit.platform.launcher.core.DefaultLauncher.execute(DefaultLauncher.java:75)
	at org.apache.maven.surefire.junitplatform.JUnitPlatformProvider.invokeAllTests(JUnitPlatformProvider.java:142)
	at org.apache.maven.surefire.junitplatform.JUnitPlatformProvider.invoke(JUnitPlatformProvider.java:113)
	at org.apache.maven.surefire.booter.ForkedBooter.invokeProviderInSameClassLoader(ForkedBooter.java:384)
	at org.apache.maven.surefire.booter.ForkedBooter.runSuitesInProcess(ForkedBooter.java:345)
	at org.apache.maven.surefire.booter.ForkedBooter.execute(ForkedBooter.java:126)
	at org.apache.maven.surefire.booter.ForkedBooter.main(ForkedBooter.java:418)
]]></failure>
    <system-out><![CDATA[2021-07-15 16:36:42,830 [Listener at 127.0.0.1/10420] WARN  server.ServerUtils (ServerUtils.java:getScmDbDir(148)) - ozone.scm.db.dirs is not configured. We recommend adding this setting. Falling back to ozone.metadata.dirs instead.
2021-07-15 16:36:42,831 [Listener at 127.0.0.1/10420] INFO  ha.SCMHANodeDetails (SCMHANodeDetails.java:loadSCMHAConfig(157)) - ServiceID for StorageContainerManager is scm-service-test1
2021-07-15 16:36:42,831 [Listener at 127.0.0.1/10420] INFO  ha.SCMHANodeDetails (SCMHANodeDetails.java:loadSCMHAConfig(168)) - ServiceID for StorageContainerManager is scm-service-test1
2021-07-15 16:36:42,831 [Listener at 127.0.0.1/10420] WARN  scm.ScmUtils (ScmUtils.java:logWarn(179)) - ConfigKey ozone.scm.block.client.address is deprecated, For configuring different ports for each SCM use PortConfigKey ozone.scm.block.client.port appended with serviceId and nodeId. If want to configure same port configure ozone.scm.block.client.port
2021-07-15 16:36:42,831 [Listener at 127.0.0.1/10420] WARN  scm.ScmUtils (ScmUtils.java:logWarn(179)) - ConfigKey ozone.scm.client.address is deprecated, For configuring different ports for each SCM use PortConfigKey ozone.scm.client.port appended with serviceId and nodeId. If want to configure same port configure ozone.scm.client.port
2021-07-15 16:36:42,832 [Listener at 127.0.0.1/10420] WARN  scm.ScmUtils (ScmUtils.java:logWarn(179)) - ConfigKey ozone.scm.datanode.address is deprecated, For configuring different ports for each SCM use PortConfigKey ozone.scm.datanode.port appended with serviceId and nodeId. If want to configure same port configure ozone.scm.datanode.port
2021-07-15 16:36:42,832 [Listener at 127.0.0.1/10420] WARN  scm.ScmUtils (ScmUtils.java:logWarn(179)) - ConfigKey ozone.scm.block.client.address is deprecated, For configuring different ports for each SCM use PortConfigKey ozone.scm.block.client.port appended with serviceId and nodeId. If want to configure same port configure ozone.scm.block.client.port
2021-07-15 16:36:42,832 [Listener at 127.0.0.1/10420] WARN  scm.ScmUtils (ScmUtils.java:logWarn(179)) - ConfigKey ozone.scm.client.address is deprecated, For configuring different ports for each SCM use PortConfigKey ozone.scm.client.port appended with serviceId and nodeId. If want to configure same port configure ozone.scm.client.port
2021-07-15 16:36:42,832 [Listener at 127.0.0.1/10420] WARN  scm.ScmUtils (ScmUtils.java:logWarn(179)) - ConfigKey ozone.scm.datanode.address is deprecated, For configuring different ports for each SCM use PortConfigKey ozone.scm.datanode.port appended with serviceId and nodeId. If want to configure same port configure ozone.scm.datanode.port
2021-07-15 16:36:42,832 [Listener at 127.0.0.1/10420] INFO  ha.SCMHANodeDetails (SCMHANodeDetails.java:loadSCMHAConfig(250)) - Found matching SCM address with SCMServiceId: scm-service-test1, SCMNodeId: scmNode-1, RPC Address: localhost:14048 and Ratis port: 14048
2021-07-15 16:36:42,832 [Listener at 127.0.0.1/10420] INFO  ha.SCMHANodeDetails (ConfUtils.java:setNodeSpecificConfigs(108)) - Setting configuration key ozone.scm.datanode.address with value of key ozone.scm.datanode.address.scm-service-test1.scmNode-1: 127.0.0.1:14049
2021-07-15 16:36:42,833 [Listener at 127.0.0.1/10420] INFO  ha.SCMHANodeDetails (ConfUtils.java:setNodeSpecificConfigs(108)) - Setting configuration key ozone.scm.block.client.address with value of key ozone.scm.block.client.address.scm-service-test1.scmNode-1: 127.0.0.1:14050
2021-07-15 16:36:42,833 [Listener at 127.0.0.1/10420] INFO  ha.SCMHANodeDetails (ConfUtils.java:setNodeSpecificConfigs(108)) - Setting configuration key ozone.scm.client.address with value of key ozone.scm.client.address.scm-service-test1.scmNode-1: 127.0.0.1:14051
2021-07-15 16:36:42,833 [Listener at 127.0.0.1/10420] INFO  ha.SCMHANodeDetails (ConfUtils.java:setNodeSpecificConfigs(108)) - Setting configuration key ozone.scm.ratis.port with value of key ozone.scm.ratis.port.scm-service-test1.scmNode-1: 14048
2021-07-15 16:36:42,833 [Listener at 127.0.0.1/10420] INFO  ha.SCMHANodeDetails (ConfUtils.java:setNodeSpecificConfigs(108)) - Setting configuration key ozone.scm.grpc.port with value of key ozone.scm.grpc.port.scm-service-test1.scmNode-1: 14052
2021-07-15 16:36:42,833 [Listener at 127.0.0.1/10420] INFO  ha.SCMHANodeDetails (ConfUtils.java:setNodeSpecificConfigs(108)) - Setting configuration key ozone.scm.http-address with value of key ozone.scm.http-address.scm-service-test1.scmNode-1: 127.0.0.1:14046
2021-07-15 16:36:42,833 [Listener at 127.0.0.1/10420] INFO  ha.SCMHANodeDetails (ConfUtils.java:setNodeSpecificConfigs(108)) - Setting configuration key ozone.scm.https-address with value of key ozone.scm.https-address.scm-service-test1.scmNode-1: 127.0.0.1:14047
2021-07-15 16:36:42,833 [Listener at 127.0.0.1/10420] INFO  ha.SCMHANodeDetails (ConfUtils.java:setNodeSpecificConfigs(108)) - Setting configuration key ozone.scm.address with value of key ozone.scm.address.scm-service-test1.scmNode-1: 127.0.0.1
2021-07-15 16:36:42,833 [Listener at 127.0.0.1/10420] WARN  scm.ScmUtils (ScmUtils.java:logWarn(179)) - ConfigKey ozone.scm.block.client.address is deprecated, For configuring different ports for each SCM use PortConfigKey ozone.scm.block.client.port appended with serviceId and nodeId. If want to configure same port configure ozone.scm.block.client.port
2021-07-15 16:36:42,834 [Listener at 127.0.0.1/10420] WARN  scm.ScmUtils (ScmUtils.java:logWarn(179)) - ConfigKey ozone.scm.client.address is deprecated, For configuring different ports for each SCM use PortConfigKey ozone.scm.client.port appended with serviceId and nodeId. If want to configure same port configure ozone.scm.client.port
2021-07-15 16:36:42,834 [Listener at 127.0.0.1/10420] WARN  scm.ScmUtils (ScmUtils.java:logWarn(179)) - ConfigKey ozone.scm.datanode.address is deprecated, For configuring different ports for each SCM use PortConfigKey ozone.scm.datanode.port appended with serviceId and nodeId. If want to configure same port configure ozone.scm.datanode.port
2021-07-15 16:36:42,836 [Listener at 127.0.0.1/10420] INFO  server.RaftServer (ConfUtils.java:logGet(44)) - raft.rpc.type = GRPC (default)
2021-07-15 16:36:42,836 [Listener at 127.0.0.1/10420] INFO  grpc.GrpcFactory (GrpcFactory.java:checkPooledByteBufAllocatorUseCacheForAllThreads(48)) - PERFORMANCE WARNING: useCacheForAllThreads is true that may cause Netty to create a lot garbage objects and, as a result, trigger GC.
	It is recommended to disable useCacheForAllThreads by setting -Dorg.apache.ratis.thirdparty.io.netty.allocator.useCacheForAllThreads=false in command line.
2021-07-15 16:36:42,837 [Listener at 127.0.0.1/10420] INFO  grpc.GrpcConfigKeys (ConfUtils.java:logGet(44)) - raft.grpc.admin.port = -1 (default)
2021-07-15 16:36:42,837 [Listener at 127.0.0.1/10420] INFO  grpc.GrpcConfigKeys (ConfUtils.java:logGet(44)) - raft.grpc.server.port = 14048 (custom)
2021-07-15 16:36:42,837 [Listener at 127.0.0.1/10420] INFO  grpc.GrpcConfigKeys (ConfUtils.java:logGet(44)) - raft.grpc.client.port = -1 (default)
2021-07-15 16:36:42,837 [Listener at 127.0.0.1/10420] INFO  grpc.GrpcConfigKeys (ConfUtils.java:logGet(44)) - raft.grpc.server.port = 14048 (custom)
2021-07-15 16:36:42,837 [Listener at 127.0.0.1/10420] INFO  grpc.GrpcConfigKeys (ConfUtils.java:logGet(44)) - raft.grpc.server.port = 14048 (custom)
2021-07-15 16:36:42,837 [Listener at 127.0.0.1/10420] INFO  server.GrpcService (ConfUtils.java:logGet(44)) - raft.grpc.message.size.max = 32m (=33554432) (custom)
2021-07-15 16:36:42,838 [Listener at 127.0.0.1/10420] INFO  server.RaftServerConfigKeys (ConfUtils.java:logGet(44)) - raft.server.log.appender.buffer.byte-limit = 33554432 (custom)
2021-07-15 16:36:42,838 [Listener at 127.0.0.1/10420] INFO  server.GrpcService (ConfUtils.java:logGet(44)) - raft.grpc.flow.control.window = 1MB (=1048576) (default)
2021-07-15 16:36:42,838 [Listener at 127.0.0.1/10420] INFO  server.RaftServerConfigKeys (ConfUtils.java:logGet(44)) - raft.server.rpc.request.timeout = 30000ms (custom)
2021-07-15 16:36:42,839 [Listener at 127.0.0.1/10420] INFO  impl.DataStreamServerImpl (ConfUtils.java:logGet(44)) - raft.datastream.type = DISABLED (default)
2021-07-15 16:36:42,840 [Listener at 127.0.0.1/10420] INFO  server.RaftServerConfigKeys (ConfUtils.java:logGet(44)) - raft.server.rpc.slowness.timeout = 120000ms (custom)
2021-07-15 16:36:42,840 [Listener at 127.0.0.1/10420] INFO  server.RaftServerConfigKeys (ConfUtils.java:logGet(44)) - raft.server.leaderelection.leader.step-down.wait-time = 10s (default)
2021-07-15 16:36:42,840 [Listener at 127.0.0.1/10420] INFO  server.RaftServerConfigKeys (ConfUtils.java:logGet(44)) - raft.server.storage.dir = [/home/runner/work/ozone/ozone/mnt/ozone/hadoop-ozone/integration-test/target/test-dir/MiniOzoneClusterImpl-8ef06965-d5c9-44f0-9cd1-4cafb8afe6ac/scmNode-1/scm-ha] (custom)
2021-07-15 16:36:42,842 [Listener at 127.0.0.1/10420] INFO  server.RaftServer (RaftServerProxy.java:addNew(95)) - 6394c69b-367f-4a62-9595-acf3eb8c80db: addNew group-4CAFB8AFE6AC:[6394c69b-367f-4a62-9595-acf3eb8c80db|rpc:localhost:14048|priority:0] returns group-4CAFB8AFE6AC:java.util.concurrent.CompletableFuture@44e49229[Not completed]
2021-07-15 16:36:42,842 [pool-167-thread-1] INFO  server.RaftServer$Division (RaftServerImpl.java:<init>(180)) - 6394c69b-367f-4a62-9595-acf3eb8c80db: new RaftServerImpl for group-4CAFB8AFE6AC:[6394c69b-367f-4a62-9595-acf3eb8c80db|rpc:localhost:14048|priority:0] with SCMStateMachine:uninitialized
2021-07-15 16:36:42,843 [pool-167-thread-1] INFO  server.RaftServerConfigKeys (ConfUtils.java:logGet(44)) - raft.server.rpc.timeout.min = 5000ms (custom)
2021-07-15 16:36:42,843 [pool-167-thread-1] INFO  server.RaftServerConfigKeys (ConfUtils.java:logGet(44)) - raft.server.rpc.timeout.max = 5200ms (custom)
2021-07-15 16:36:42,843 [pool-167-thread-1] INFO  server.RaftServerConfigKeys (ConfUtils.java:logGet(44)) - raft.server.rpc.sleep.time = 25ms (default)
2021-07-15 16:36:42,843 [pool-167-thread-1] INFO  server.RaftServerConfigKeys (ConfUtils.java:logGet(44)) - raft.server.rpc.slowness.timeout = 120000ms (custom)
2021-07-15 16:36:42,843 [pool-167-thread-1] INFO  server.RaftServerConfigKeys (ConfUtils.java:logGet(44)) - raft.server.leaderelection.leader.step-down.wait-time = 10s (default)
2021-07-15 16:36:42,843 [pool-167-thread-1] INFO  server.RaftServerConfigKeys (ConfUtils.java:logGet(44)) - raft.server.sleep.deviation.threshold = 300ms (default)
2021-07-15 16:36:42,843 [pool-167-thread-1] INFO  server.RaftServerConfigKeys (ConfUtils.java:logGet(44)) - raft.server.log.appender.install.snapshot.enabled = false (custom)
2021-07-15 16:36:42,843 [pool-167-thread-1] INFO  server.RaftServer$Division (ServerState.java:<init>(105)) - 6394c69b-367f-4a62-9595-acf3eb8c80db@group-4CAFB8AFE6AC: ConfigurationManager, init=-1: [6394c69b-367f-4a62-9595-acf3eb8c80db|rpc:localhost:14048|priority:0], old=null, confs=<EMPTY_MAP>
2021-07-15 16:36:42,843 [pool-167-thread-1] INFO  server.RaftServerConfigKeys (ConfUtils.java:logGet(44)) - raft.server.storage.dir = [/home/runner/work/ozone/ozone/mnt/ozone/hadoop-ozone/integration-test/target/test-dir/MiniOzoneClusterImpl-8ef06965-d5c9-44f0-9cd1-4cafb8afe6ac/scmNode-1/scm-ha] (custom)
2021-07-15 16:36:42,843 [pool-167-thread-1] INFO  server.RaftServerConfigKeys (ConfUtils.java:logGet(44)) - raft.server.log.corruption.policy = EXCEPTION (default)
2021-07-15 16:36:42,844 [pool-167-thread-1] INFO  storage.RaftStorageDirectory (RaftStorageDirectoryImpl.java:analyzeStorage(132)) - The storage directory /home/runner/work/ozone/ozone/mnt/ozone/hadoop-ozone/integration-test/target/test-dir/MiniOzoneClusterImpl-8ef06965-d5c9-44f0-9cd1-4cafb8afe6ac/scmNode-1/scm-ha/8ef06965-d5c9-44f0-9cd1-4cafb8afe6ac does not exist. Creating ...
2021-07-15 16:36:42,845 [pool-167-thread-1] INFO  storage.RaftStorageDirectory (RaftStorageDirectoryImpl.java:tryLock(215)) - Lock on /home/runner/work/ozone/ozone/mnt/ozone/hadoop-ozone/integration-test/target/test-dir/MiniOzoneClusterImpl-8ef06965-d5c9-44f0-9cd1-4cafb8afe6ac/scmNode-1/scm-ha/8ef06965-d5c9-44f0-9cd1-4cafb8afe6ac/in_use.lock acquired by nodename 5190@fv-az151-474
2021-07-15 16:36:42,847 [pool-167-thread-1] INFO  storage.RaftStorage (RaftStorageImpl.java:format(87)) - Storage directory /home/runner/work/ozone/ozone/mnt/ozone/hadoop-ozone/integration-test/target/test-dir/MiniOzoneClusterImpl-8ef06965-d5c9-44f0-9cd1-4cafb8afe6ac/scmNode-1/scm-ha/8ef06965-d5c9-44f0-9cd1-4cafb8afe6ac has been successfully formatted.
2021-07-15 16:36:42,847 [pool-167-thread-1] INFO  server.RaftServerConfigKeys (ConfUtils.java:logGet(44)) - raft.server.notification.no-leader.timeout = 60s (default)
2021-07-15 16:36:42,847 [pool-167-thread-1] INFO  server.RaftServerConfigKeys (ConfUtils.java:logGet(44)) - raft.server.log.use.memory = false (default)
2021-07-15 16:36:42,847 [pool-167-thread-1] INFO  server.RaftServerConfigKeys (ConfUtils.java:logGet(44)) - raft.server.log.purge.gap = 5 (custom)
2021-07-15 16:36:42,847 [pool-167-thread-1] INFO  server.RaftServerConfigKeys (ConfUtils.java:logGet(44)) - raft.server.log.appender.buffer.byte-limit = 33554432 (custom)
2021-07-15 16:36:42,847 [pool-167-thread-1] INFO  metrics.RatisMetrics (RatisMetrics.java:lambda$create$0(36)) - Creating Metrics Registry : ratis.log_worker.6394c69b-367f-4a62-9595-acf3eb8c80db@group-4CAFB8AFE6AC
2021-07-15 16:36:42,847 [pool-167-thread-1] INFO  server.RaftServerConfigKeys (ConfUtils.java:logGet(44)) - raft.server.log.segment.size.max = 16384 (custom)
2021-07-15 16:36:42,848 [pool-167-thread-1] INFO  server.RaftServerConfigKeys (ConfUtils.java:logGet(44)) - raft.server.log.segment.cache.num.max = 2 (custom)
2021-07-15 16:36:42,848 [pool-167-thread-1] INFO  server.RaftServerConfigKeys (ConfUtils.java:logGet(44)) - raft.server.log.segment.cache.size.max = 200MB (=209715200) (default)
2021-07-15 16:36:42,848 [pool-167-thread-1] INFO  segmented.SegmentedRaftLogWorker (SegmentedRaftLogWorker.java:<init>(182)) - new 6394c69b-367f-4a62-9595-acf3eb8c80db@group-4CAFB8AFE6AC-SegmentedRaftLogWorker for RaftStorageImpl:Storage Directory /home/runner/work/ozone/ozone/mnt/ozone/hadoop-ozone/integration-test/target/test-dir/MiniOzoneClusterImpl-8ef06965-d5c9-44f0-9cd1-4cafb8afe6ac/scmNode-1/scm-ha/8ef06965-d5c9-44f0-9cd1-4cafb8afe6ac
2021-07-15 16:36:42,848 [pool-167-thread-1] INFO  server.RaftServerConfigKeys (ConfUtils.java:logGet(44)) - raft.server.log.queue.byte-limit = 64MB (=67108864) (default)
2021-07-15 16:36:42,848 [pool-167-thread-1] INFO  server.RaftServerConfigKeys (ConfUtils.java:logGet(44)) - raft.server.log.queue.element-limit = 4096 (default)
2021-07-15 16:36:42,848 [pool-167-thread-1] INFO  server.RaftServerConfigKeys (ConfUtils.java:logGet(44)) - raft.server.log.segment.size.max = 16384 (custom)
2021-07-15 16:36:42,848 [pool-167-thread-1] INFO  server.RaftServerConfigKeys (ConfUtils.java:logGet(44)) - raft.server.log.preallocated.size = 16384 (custom)
2021-07-15 16:36:42,848 [pool-167-thread-1] INFO  server.RaftServerConfigKeys (ConfUtils.java:logGet(44)) - raft.server.log.force.sync.num = 128 (default)
2021-07-15 16:36:42,848 [pool-167-thread-1] INFO  server.RaftServerConfigKeys (ConfUtils.java:logGet(44)) - raft.server.log.statemachine.data.sync = true (default)
2021-07-15 16:36:42,848 [pool-167-thread-1] INFO  server.RaftServerConfigKeys (ConfUtils.java:logGet(44)) - raft.server.log.statemachine.data.sync.timeout = 10s (default)
2021-07-15 16:36:42,848 [pool-167-thread-1] INFO  server.RaftServerConfigKeys (ConfUtils.java:logGet(44)) - raft.server.log.statemachine.data.sync.timeout.retry = -1 (default)
2021-07-15 16:36:42,849 [pool-167-thread-1] INFO  server.RaftServerConfigKeys (ConfUtils.java:logGet(44)) - raft.server.log.write.buffer.size = 64KB (=65536) (default)
2021-07-15 16:36:42,849 [pool-167-thread-1] INFO  server.RaftServerConfigKeys (ConfUtils.java:logGet(44)) - raft.server.log.statemachine.data.caching.enabled = false (default)
2021-07-15 16:36:42,849 [pool-167-thread-1] INFO  segmented.SegmentedRaftLogWorker (SegmentedRaftLogWorker.java:lambda$new$0(133)) - 6394c69b-367f-4a62-9595-acf3eb8c80db@group-4CAFB8AFE6AC-SegmentedRaftLogWorker: flushIndex: setUnconditionally 0 -> -1
2021-07-15 16:36:42,849 [pool-167-thread-1] INFO  segmented.SegmentedRaftLogWorker (SegmentedRaftLogWorker.java:lambda$new$0(133)) - 6394c69b-367f-4a62-9595-acf3eb8c80db@group-4CAFB8AFE6AC-SegmentedRaftLogWorker: safeCacheEvictIndex: setUnconditionally 0 -> -1
2021-07-15 16:36:42,849 [pool-167-thread-1] INFO  server.RaftServerConfigKeys (ConfUtils.java:logGet(44)) - raft.server.snapshot.auto.trigger.enabled = true (custom)
2021-07-15 16:36:42,849 [pool-167-thread-1] INFO  server.RaftServerConfigKeys (ConfUtils.java:logGet(44)) - raft.server.snapshot.auto.trigger.threshold = 5 (custom)
2021-07-15 16:36:42,849 [pool-167-thread-1] INFO  server.RaftServerConfigKeys (ConfUtils.java:logGet(44)) - raft.server.snapshot.retention.file.num = -1 (default)
2021-07-15 16:36:42,850 [pool-167-thread-1] INFO  server.RaftServerConfigKeys (ConfUtils.java:logGet(44)) - raft.server.log.purge.upto.snapshot.index = true (custom)
2021-07-15 16:36:42,850 [pool-167-thread-1] INFO  server.RaftServerConfigKeys (ConfUtils.java:logGet(44)) - raft.server.retrycache.expirytime = 60000ms (default)
2021-07-15 16:36:42,850 [pool-167-thread-1] INFO  server.RaftServerConfigKeys (ConfUtils.java:logGet(44)) - raft.server.retrycache.statistics.expirytime = 100μs (default)
2021-07-15 16:36:42,850 [pool-167-thread-1] INFO  metrics.RatisMetrics (RatisMetrics.java:lambda$create$0(36)) - Creating Metrics Registry : ratis.leader_election.6394c69b-367f-4a62-9595-acf3eb8c80db@group-4CAFB8AFE6AC
2021-07-15 16:36:42,850 [pool-167-thread-1] INFO  metrics.RatisMetrics (RatisMetrics.java:lambda$create$0(36)) - Creating Metrics Registry : ratis.server.6394c69b-367f-4a62-9595-acf3eb8c80db@group-4CAFB8AFE6AC
2021-07-15 16:36:42,851 [Listener at 127.0.0.1/10420] INFO  server.RaftServer$Division (RaftServerImpl.java:start(295)) - 6394c69b-367f-4a62-9595-acf3eb8c80db@group-4CAFB8AFE6AC: start as a follower, conf=-1: [6394c69b-367f-4a62-9595-acf3eb8c80db|rpc:localhost:14048|priority:0], old=null
2021-07-15 16:36:42,851 [Listener at 127.0.0.1/10420] INFO  server.RaftServer$Division (RaftServerImpl.java:setRole(284)) - 6394c69b-367f-4a62-9595-acf3eb8c80db@group-4CAFB8AFE6AC: changes role from      null to FOLLOWER at term 0 for startAsFollower
2021-07-15 16:36:42,851 [Listener at 127.0.0.1/10420] INFO  impl.RoleInfo (RoleInfo.java:updateAndGet(130)) - 6394c69b-367f-4a62-9595-acf3eb8c80db: start 6394c69b-367f-4a62-9595-acf3eb8c80db@group-4CAFB8AFE6AC-FollowerState
2021-07-15 16:36:42,851 [Listener at 127.0.0.1/10420] INFO  util.JmxRegister (JmxRegister.java:tryRegister(44)) - Successfully registered JMX Bean with object name Ratis:service=RaftServer,group=group-4CAFB8AFE6AC,id=6394c69b-367f-4a62-9595-acf3eb8c80db
2021-07-15 16:36:42,852 [Listener at 127.0.0.1/10420] INFO  metrics.RatisMetrics (RatisMetrics.java:lambda$create$0(36)) - Creating Metrics Registry : ratis.state_machine.6394c69b-367f-4a62-9595-acf3eb8c80db@group-4CAFB8AFE6AC
2021-07-15 16:36:42,853 [Listener at 127.0.0.1/10420] INFO  server.RaftServer (RaftServerProxy.java:lambda$start$5(374)) - 6394c69b-367f-4a62-9595-acf3eb8c80db: start RPC server
2021-07-15 16:36:42,853 [Listener at 127.0.0.1/10420] INFO  server.GrpcService (GrpcService.java:startImpl(253)) - 6394c69b-367f-4a62-9595-acf3eb8c80db: GrpcService started, listening on 14048
2021-07-15 16:36:42,854 [org.apache.ratis.util.JvmPauseMonitor$$Lambda$496/1286580650@17c45a57] INFO  util.JvmPauseMonitor (JvmPauseMonitor.java:run(103)) - JvmPauseMonitor-6394c69b-367f-4a62-9595-acf3eb8c80db: Started
2021-07-15 16:36:43,795 [EndpointStateMachine task thread for /127.0.0.1:12801 - 0 ] INFO  ipc.Client (Client.java:handleConnectionFailure(977)) - Retrying connect to server: localhost/127.0.0.1:12801. Already tried 13 time(s); retry policy is RetryUpToMaximumCountWithFixedSleep(maxRetries=15, sleepTime=1000 MILLISECONDS)
2021-07-15 16:36:43,796 [EndpointStateMachine task thread for /127.0.0.1:12821 - 0 ] INFO  ipc.Client (Client.java:handleConnectionFailure(977)) - Retrying connect to server: localhost/127.0.0.1:12821. Already tried 9 time(s); retry policy is RetryUpToMaximumCountWithFixedSleep(maxRetries=15, sleepTime=1000 MILLISECONDS)
2021-07-15 16:36:43,796 [EndpointStateMachine task thread for /127.0.0.1:12811 - 0 ] INFO  ipc.Client (Client.java:handleConnectionFailure(977)) - Retrying connect to server: localhost/127.0.0.1:12811. Already tried 9 time(s); retry policy is RetryUpToMaximumCountWithFixedSleep(maxRetries=15, sleepTime=1000 MILLISECONDS)
2021-07-15 16:36:44,796 [EndpointStateMachine task thread for /127.0.0.1:12801 - 0 ] INFO  ipc.Client (Client.java:handleConnectionFailure(977)) - Retrying connect to server: localhost/127.0.0.1:12801. Already tried 14 time(s); retry policy is RetryUpToMaximumCountWithFixedSleep(maxRetries=15, sleepTime=1000 MILLISECONDS)
2021-07-15 16:36:44,796 [EndpointStateMachine task thread for /127.0.0.1:12821 - 0 ] INFO  ipc.Client (Client.java:handleConnectionFailure(977)) - Retrying connect to server: localhost/127.0.0.1:12821. Already tried 10 time(s); retry policy is RetryUpToMaximumCountWithFixedSleep(maxRetries=15, sleepTime=1000 MILLISECONDS)
2021-07-15 16:36:44,796 [EndpointStateMachine task thread for /127.0.0.1:12811 - 0 ] INFO  ipc.Client (Client.java:handleConnectionFailure(977)) - Retrying connect to server: localhost/127.0.0.1:12811. Already tried 10 time(s); retry policy is RetryUpToMaximumCountWithFixedSleep(maxRetries=15, sleepTime=1000 MILLISECONDS)
2021-07-15 16:36:44,797 [EndpointStateMachine task thread for /127.0.0.1:12801 - 0 ] WARN  statemachine.EndpointStateMachine (EndpointStateMachine.java:logIfNeeded(236)) - Unable to communicate to SCM server at localhost:12801 for past 0 seconds.
java.net.ConnectException: Call From fv-az151-474/10.1.0.52 to localhost:12801 failed on connection exception: java.net.ConnectException: Connection refused; For more details see:  http://wiki.apache.org/hadoop/ConnectionRefused
	at sun.reflect.NativeConstructorAccessorImpl.newInstance0(Native Method)
	at sun.reflect.NativeConstructorAccessorImpl.newInstance(NativeConstructorAccessorImpl.java:62)
	at sun.reflect.DelegatingConstructorAccessorImpl.newInstance(DelegatingConstructorAccessorImpl.java:45)
	at java.lang.reflect.Constructor.newInstance(Constructor.java:423)
	at org.apache.hadoop.net.NetUtils.wrapWithMessage(NetUtils.java:913)
	at org.apache.hadoop.net.NetUtils.wrapException(NetUtils.java:828)
	at org.apache.hadoop.ipc.Client.getRpcResponse(Client.java:1577)
	at org.apache.hadoop.ipc.Client.call(Client.java:1519)
	at org.apache.hadoop.ipc.Client.call(Client.java:1416)
	at org.apache.hadoop.ipc.ProtobufRpcEngine$Invoker.invoke(ProtobufRpcEngine.java:236)
	at org.apache.hadoop.ipc.ProtobufRpcEngine$Invoker.invoke(ProtobufRpcEngine.java:123)
	at com.sun.proxy.$Proxy47.submitRequest(Unknown Source)
	at org.apache.hadoop.ozone.protocolPB.StorageContainerDatanodeProtocolClientSideTranslatorPB.submitRequest(StorageContainerDatanodeProtocolClientSideTranslatorPB.java:117)
	at org.apache.hadoop.ozone.protocolPB.StorageContainerDatanodeProtocolClientSideTranslatorPB.sendHeartbeat(StorageContainerDatanodeProtocolClientSideTranslatorPB.java:149)
	at org.apache.hadoop.ozone.container.common.states.endpoint.HeartbeatEndpointTask.call(HeartbeatEndpointTask.java:179)
	at org.apache.hadoop.ozone.container.common.states.endpoint.HeartbeatEndpointTask.call(HeartbeatEndpointTask.java:82)
	at java.util.concurrent.FutureTask.run(FutureTask.java:266)
	at java.util.concurrent.ThreadPoolExecutor.runWorker(ThreadPoolExecutor.java:1149)
	at java.util.concurrent.ThreadPoolExecutor$Worker.run(ThreadPoolExecutor.java:624)
	at java.lang.Thread.run(Thread.java:748)
Caused by: java.net.ConnectException: Connection refused
	at sun.nio.ch.SocketChannelImpl.checkConnect(Native Method)
	at sun.nio.ch.SocketChannelImpl.finishConnect(SocketChannelImpl.java:716)
	at org.apache.hadoop.net.SocketIOWithTimeout.connect(SocketIOWithTimeout.java:206)
	at org.apache.hadoop.net.NetUtils.connect(NetUtils.java:586)
	at org.apache.hadoop.ipc.Client$Connection.setupConnection(Client.java:701)
	at org.apache.hadoop.ipc.Client$Connection.setupIOstreams(Client.java:822)
	at org.apache.hadoop.ipc.Client$Connection.access$3800(Client.java:414)
	at org.apache.hadoop.ipc.Client.getConnection(Client.java:1647)
	at org.apache.hadoop.ipc.Client.call(Client.java:1463)
	... 12 more
2021-07-15 16:36:45,797 [EndpointStateMachine task thread for /127.0.0.1:12811 - 0 ] INFO  ipc.Client (Client.java:handleConnectionFailure(977)) - Retrying connect to server: localhost/127.0.0.1:12811. Already tried 11 time(s); retry policy is RetryUpToMaximumCountWithFixedSleep(maxRetries=15, sleepTime=1000 MILLISECONDS)
2021-07-15 16:36:45,798 [EndpointStateMachine task thread for /127.0.0.1:12801 - 0 ] INFO  ipc.Client (Client.java:handleConnectionFailure(977)) - Retrying connect to server: localhost/127.0.0.1:12801. Already tried 0 time(s); retry policy is RetryUpToMaximumCountWithFixedSleep(maxRetries=15, sleepTime=1000 MILLISECONDS)
2021-07-15 16:36:45,798 [EndpointStateMachine task thread for /127.0.0.1:12821 - 0 ] INFO  ipc.Client (Client.java:handleConnectionFailure(977)) - Retrying connect to server: localhost/127.0.0.1:12821. Already tried 11 time(s); retry policy is RetryUpToMaximumCountWithFixedSleep(maxRetries=15, sleepTime=1000 MILLISECONDS)
2021-07-15 16:36:46,798 [EndpointStateMachine task thread for /127.0.0.1:12811 - 0 ] INFO  ipc.Client (Client.java:handleConnectionFailure(977)) - Retrying connect to server: localhost/127.0.0.1:12811. Already tried 12 time(s); retry policy is RetryUpToMaximumCountWithFixedSleep(maxRetries=15, sleepTime=1000 MILLISECONDS)
2021-07-15 16:36:46,798 [EndpointStateMachine task thread for /127.0.0.1:12801 - 0 ] INFO  ipc.Client (Client.java:handleConnectionFailure(977)) - Retrying connect to server: localhost/127.0.0.1:12801. Already tried 1 time(s); retry policy is RetryUpToMaximumCountWithFixedSleep(maxRetries=15, sleepTime=1000 MILLISECONDS)
2021-07-15 16:36:46,798 [EndpointStateMachine task thread for /127.0.0.1:12821 - 0 ] INFO  ipc.Client (Client.java:handleConnectionFailure(977)) - Retrying connect to server: localhost/127.0.0.1:12821. Already tried 12 time(s); retry policy is RetryUpToMaximumCountWithFixedSleep(maxRetries=15, sleepTime=1000 MILLISECONDS)
2021-07-15 16:36:47,799 [EndpointStateMachine task thread for /127.0.0.1:12811 - 0 ] INFO  ipc.Client (Client.java:handleConnectionFailure(977)) - Retrying connect to server: localhost/127.0.0.1:12811. Already tried 13 time(s); retry policy is RetryUpToMaximumCountWithFixedSleep(maxRetries=15, sleepTime=1000 MILLISECONDS)
2021-07-15 16:36:47,799 [EndpointStateMachine task thread for /127.0.0.1:12821 - 0 ] INFO  ipc.Client (Client.java:handleConnectionFailure(977)) - Retrying connect to server: localhost/127.0.0.1:12821. Already tried 13 time(s); retry policy is RetryUpToMaximumCountWithFixedSleep(maxRetries=15, sleepTime=1000 MILLISECONDS)
2021-07-15 16:36:47,799 [EndpointStateMachine task thread for /127.0.0.1:12801 - 0 ] INFO  ipc.Client (Client.java:handleConnectionFailure(977)) - Retrying connect to server: localhost/127.0.0.1:12801. Already tried 2 time(s); retry policy is RetryUpToMaximumCountWithFixedSleep(maxRetries=15, sleepTime=1000 MILLISECONDS)
2021-07-15 16:36:47,925 [6394c69b-367f-4a62-9595-acf3eb8c80db@group-4CAFB8AFE6AC-FollowerState] INFO  impl.FollowerState (FollowerState.java:run(134)) - 6394c69b-367f-4a62-9595-acf3eb8c80db@group-4CAFB8AFE6AC-FollowerState: change to CANDIDATE, lastRpcElapsedTime:5073495682ns, electionTimeout:5073ms
2021-07-15 16:36:47,925 [6394c69b-367f-4a62-9595-acf3eb8c80db@group-4CAFB8AFE6AC-FollowerState] INFO  impl.RoleInfo (RoleInfo.java:shutdownFollowerState(108)) - 6394c69b-367f-4a62-9595-acf3eb8c80db: shutdown 6394c69b-367f-4a62-9595-acf3eb8c80db@group-4CAFB8AFE6AC-FollowerState
2021-07-15 16:36:47,925 [6394c69b-367f-4a62-9595-acf3eb8c80db@group-4CAFB8AFE6AC-FollowerState] INFO  server.RaftServer$Division (RaftServerImpl.java:setRole(284)) - 6394c69b-367f-4a62-9595-acf3eb8c80db@group-4CAFB8AFE6AC: changes role from  FOLLOWER to CANDIDATE at term 0 for changeToCandidate
2021-07-15 16:36:47,925 [6394c69b-367f-4a62-9595-acf3eb8c80db@group-4CAFB8AFE6AC-FollowerState] INFO  server.RaftServerConfigKeys (ConfUtils.java:logGet(44)) - raft.server.leaderelection.pre-vote = false (custom)
2021-07-15 16:36:47,925 [6394c69b-367f-4a62-9595-acf3eb8c80db@group-4CAFB8AFE6AC-FollowerState] INFO  impl.RoleInfo (RoleInfo.java:updateAndGet(130)) - 6394c69b-367f-4a62-9595-acf3eb8c80db: start 6394c69b-367f-4a62-9595-acf3eb8c80db@group-4CAFB8AFE6AC-LeaderElection11
2021-07-15 16:36:47,928 [6394c69b-367f-4a62-9595-acf3eb8c80db@group-4CAFB8AFE6AC-LeaderElection11] INFO  impl.LeaderElection (LeaderElection.java:askForVotes(306)) - 6394c69b-367f-4a62-9595-acf3eb8c80db@group-4CAFB8AFE6AC-LeaderElection11 ELECTION round 0: submit vote requests at term 1 for -1: [6394c69b-367f-4a62-9595-acf3eb8c80db|rpc:localhost:14048|priority:0], old=null
2021-07-15 16:36:47,928 [6394c69b-367f-4a62-9595-acf3eb8c80db@group-4CAFB8AFE6AC-LeaderElection11] INFO  impl.LeaderElection (LeaderElection.java:askForVotes(308)) - 6394c69b-367f-4a62-9595-acf3eb8c80db@group-4CAFB8AFE6AC-LeaderElection11 ELECTION round 0: result PASSED (term=1)
2021-07-15 16:36:47,928 [6394c69b-367f-4a62-9595-acf3eb8c80db@group-4CAFB8AFE6AC-LeaderElection11] INFO  impl.RoleInfo (RoleInfo.java:shutdownLeaderElection(121)) - 6394c69b-367f-4a62-9595-acf3eb8c80db: shutdown 6394c69b-367f-4a62-9595-acf3eb8c80db@group-4CAFB8AFE6AC-LeaderElection11
2021-07-15 16:36:47,928 [6394c69b-367f-4a62-9595-acf3eb8c80db@group-4CAFB8AFE6AC-LeaderElection11] INFO  server.RaftServer$Division (RaftServerImpl.java:setRole(284)) - 6394c69b-367f-4a62-9595-acf3eb8c80db@group-4CAFB8AFE6AC: changes role from CANDIDATE to LEADER at term 1 for changeToLeader
2021-07-15 16:36:47,928 [6394c69b-367f-4a62-9595-acf3eb8c80db@group-4CAFB8AFE6AC-LeaderElection11] INFO  server.RaftServer$Division (ServerState.java:setLeader(271)) - 6394c69b-367f-4a62-9595-acf3eb8c80db@group-4CAFB8AFE6AC: change Leader from null to 6394c69b-367f-4a62-9595-acf3eb8c80db at term 1 for becomeLeader, leader elected after 5081ms
2021-07-15 16:36:47,928 [6394c69b-367f-4a62-9595-acf3eb8c80db@group-4CAFB8AFE6AC-LeaderElection11] INFO  server.RaftServerConfigKeys (ConfUtils.java:logGet(44)) - raft.server.staging.catchup.gap = 1000 (default)
2021-07-15 16:36:47,928 [6394c69b-367f-4a62-9595-acf3eb8c80db@group-4CAFB8AFE6AC-LeaderElection11] INFO  metrics.RatisMetrics (RatisMetrics.java:lambda$create$0(36)) - Creating Metrics Registry : ratis.log_appender.6394c69b-367f-4a62-9595-acf3eb8c80db@group-4CAFB8AFE6AC
2021-07-15 16:36:47,928 [6394c69b-367f-4a62-9595-acf3eb8c80db@group-4CAFB8AFE6AC-LeaderElection11] INFO  server.RaftServerConfigKeys (ConfUtils.java:logGet(44)) - raft.server.write.element-limit = 4096 (default)
2021-07-15 16:36:47,928 [6394c69b-367f-4a62-9595-acf3eb8c80db@group-4CAFB8AFE6AC-LeaderElection11] INFO  server.RaftServerConfigKeys (ConfUtils.java:logGet(44)) - raft.server.write.byte-limit = 64MB (=67108864) (default)
2021-07-15 16:36:47,929 [6394c69b-367f-4a62-9595-acf3eb8c80db@group-4CAFB8AFE6AC-LeaderElection11] INFO  server.RaftServerConfigKeys (ConfUtils.java:logGet(44)) - raft.server.watch.timeout = 10s (default)
2021-07-15 16:36:47,929 [6394c69b-367f-4a62-9595-acf3eb8c80db@group-4CAFB8AFE6AC-LeaderElection11] INFO  server.RaftServerConfigKeys (ConfUtils.java:logGet(44)) - raft.server.watch.timeout.denomination = 1s (default)
2021-07-15 16:36:47,929 [6394c69b-367f-4a62-9595-acf3eb8c80db@group-4CAFB8AFE6AC-LeaderElection11] INFO  server.RaftServerConfigKeys (ConfUtils.java:logGet(44)) - raft.server.watch.element-limit = 65536 (default)
2021-07-15 16:36:47,929 [6394c69b-367f-4a62-9595-acf3eb8c80db@group-4CAFB8AFE6AC-LeaderElection11] INFO  impl.RoleInfo (RoleInfo.java:updateAndGet(130)) - 6394c69b-367f-4a62-9595-acf3eb8c80db: start 6394c69b-367f-4a62-9595-acf3eb8c80db@group-4CAFB8AFE6AC-LeaderStateImpl
2021-07-15 16:36:47,929 [6394c69b-367f-4a62-9595-acf3eb8c80db@group-4CAFB8AFE6AC-LeaderElection11] INFO  segmented.SegmentedRaftLogWorker (SegmentedRaftLogWorker.java:startLogSegment(394)) - 6394c69b-367f-4a62-9595-acf3eb8c80db@group-4CAFB8AFE6AC-SegmentedRaftLogWorker: Starting segment from index:0
2021-07-15 16:36:47,930 [6394c69b-367f-4a62-9595-acf3eb8c80db@group-4CAFB8AFE6AC-LeaderElection11] INFO  server.RaftServer$Division (ServerState.java:setRaftConf(373)) - 6394c69b-367f-4a62-9595-acf3eb8c80db@group-4CAFB8AFE6AC: set configuration 0: [6394c69b-367f-4a62-9595-acf3eb8c80db|rpc:localhost:14048|admin:|client:|dataStream:|priority:0], old=null
2021-07-15 16:36:47,931 [6394c69b-367f-4a62-9595-acf3eb8c80db@group-4CAFB8AFE6AC-SegmentedRaftLogWorker] INFO  segmented.SegmentedRaftLogWorker (SegmentedRaftLogWorker.java:execute(601)) - 6394c69b-367f-4a62-9595-acf3eb8c80db@group-4CAFB8AFE6AC-SegmentedRaftLogWorker: created new log segment /home/runner/work/ozone/ozone/mnt/ozone/hadoop-ozone/integration-test/target/test-dir/MiniOzoneClusterImpl-8ef06965-d5c9-44f0-9cd1-4cafb8afe6ac/scmNode-1/scm-ha/8ef06965-d5c9-44f0-9cd1-4cafb8afe6ac/current/log_inprogress_0
2021-07-15 16:36:48,799 [EndpointStateMachine task thread for /127.0.0.1:12821 - 0 ] INFO  ipc.Client (Client.java:handleConnectionFailure(977)) - Retrying connect to server: localhost/127.0.0.1:12821. Already tried 14 time(s); retry policy is RetryUpToMaximumCountWithFixedSleep(maxRetries=15, sleepTime=1000 MILLISECONDS)
2021-07-15 16:36:48,800 [EndpointStateMachine task thread for /127.0.0.1:12801 - 0 ] INFO  ipc.Client (Client.java:handleConnectionFailure(977)) - Retrying connect to server: localhost/127.0.0.1:12801. Already tried 3 time(s); retry policy is RetryUpToMaximumCountWithFixedSleep(maxRetries=15, sleepTime=1000 MILLISECONDS)
2021-07-15 16:36:48,801 [EndpointStateMachine task thread for /127.0.0.1:12811 - 0 ] INFO  ipc.Client (Client.java:handleConnectionFailure(977)) - Retrying connect to server: localhost/127.0.0.1:12811. Already tried 14 time(s); retry policy is RetryUpToMaximumCountWithFixedSleep(maxRetries=15, sleepTime=1000 MILLISECONDS)
2021-07-15 16:36:48,854 [Listener at 127.0.0.1/10420] INFO  server.RaftServer (RaftServerProxy.java:lambda$close$6(391)) - 6394c69b-367f-4a62-9595-acf3eb8c80db: close
2021-07-15 16:36:48,855 [Listener at 127.0.0.1/10420] INFO  server.RaftServer$Division (RaftServerImpl.java:lambda$close$4(406)) - 6394c69b-367f-4a62-9595-acf3eb8c80db@group-4CAFB8AFE6AC: shutdown
2021-07-15 16:36:48,855 [Listener at 127.0.0.1/10420] INFO  util.JmxRegister (JmxRegister.java:unregister(73)) - Successfully un-registered JMX Bean with object name Ratis:service=RaftServer,group=group-4CAFB8AFE6AC,id=6394c69b-367f-4a62-9595-acf3eb8c80db
2021-07-15 16:36:48,855 [Listener at 127.0.0.1/10420] INFO  impl.RoleInfo (RoleInfo.java:shutdownLeaderState(91)) - 6394c69b-367f-4a62-9595-acf3eb8c80db: shutdown 6394c69b-367f-4a62-9595-acf3eb8c80db@group-4CAFB8AFE6AC-LeaderStateImpl
2021-07-15 16:36:48,855 [Listener at 127.0.0.1/10420] INFO  impl.PendingRequests (PendingRequests.java:sendNotLeaderResponses(249)) - 6394c69b-367f-4a62-9595-acf3eb8c80db@group-4CAFB8AFE6AC-PendingRequests: sendNotLeaderResponses
2021-07-15 16:36:48,856 [Listener at 127.0.0.1/10420] INFO  metrics.RatisMetrics (RatisMetrics.java:unregister(43)) - Unregistering Metrics Registry : ratis.log_appender.6394c69b-367f-4a62-9595-acf3eb8c80db@group-4CAFB8AFE6AC
2021-07-15 16:36:48,856 [Listener at 127.0.0.1/10420] INFO  metrics.RatisMetrics (RatisMetrics.java:unregister(43)) - Unregistering Metrics Registry : ratis.server.6394c69b-367f-4a62-9595-acf3eb8c80db@group-4CAFB8AFE6AC
2021-07-15 16:36:48,856 [Listener at 127.0.0.1/10420] INFO  impl.StateMachineUpdater (StateMachineUpdater.java:stopAndJoin(149)) - 6394c69b-367f-4a62-9595-acf3eb8c80db@group-4CAFB8AFE6AC-StateMachineUpdater: set stopIndex = 0
2021-07-15 16:36:48,856 [6394c69b-367f-4a62-9595-acf3eb8c80db@group-4CAFB8AFE6AC-StateMachineUpdater] INFO  impl.StateMachineUpdater (StateMachineUpdater.java:takeSnapshot(281)) - 6394c69b-367f-4a62-9595-acf3eb8c80db@group-4CAFB8AFE6AC-StateMachineUpdater: Took a snapshot at index 0
2021-07-15 16:36:48,857 [6394c69b-367f-4a62-9595-acf3eb8c80db@group-4CAFB8AFE6AC-StateMachineUpdater] INFO  impl.StateMachineUpdater (StateMachineUpdater.java:lambda$new$0(89)) - 6394c69b-367f-4a62-9595-acf3eb8c80db@group-4CAFB8AFE6AC-StateMachineUpdater: snapshotIndex: updateIncreasingly -1 -> 0
2021-07-15 16:36:48,857 [6394c69b-367f-4a62-9595-acf3eb8c80db@group-4CAFB8AFE6AC-StateMachineUpdater] INFO  metrics.RatisMetrics (RatisMetrics.java:unregister(43)) - Unregistering Metrics Registry : ratis.state_machine.6394c69b-367f-4a62-9595-acf3eb8c80db@group-4CAFB8AFE6AC
2021-07-15 16:36:48,857 [Listener at 127.0.0.1/10420] INFO  server.RaftServer$Division (ServerState.java:close(405)) - 6394c69b-367f-4a62-9595-acf3eb8c80db@group-4CAFB8AFE6AC: closes. applyIndex: 0
2021-07-15 16:36:48,857 [6394c69b-367f-4a62-9595-acf3eb8c80db@group-4CAFB8AFE6AC-SegmentedRaftLogWorker] INFO  segmented.SegmentedRaftLogWorker (SegmentedRaftLogWorker.java:run(327)) - 6394c69b-367f-4a62-9595-acf3eb8c80db@group-4CAFB8AFE6AC-SegmentedRaftLogWorker was interrupted, exiting. There are 0 tasks remaining in the queue.
2021-07-15 16:36:48,858 [Listener at 127.0.0.1/10420] INFO  segmented.SegmentedRaftLogWorker (SegmentedRaftLogWorker.java:close(237)) - 6394c69b-367f-4a62-9595-acf3eb8c80db@group-4CAFB8AFE6AC-SegmentedRaftLogWorker close()
2021-07-15 16:36:48,858 [Listener at 127.0.0.1/10420] INFO  metrics.RatisMetrics (RatisMetrics.java:unregister(43)) - Unregistering Metrics Registry : ratis.log_worker.6394c69b-367f-4a62-9595-acf3eb8c80db@group-4CAFB8AFE6AC
2021-07-15 16:36:48,859 [Listener at 127.0.0.1/10420] INFO  metrics.RatisMetrics (RatisMetrics.java:unregister(43)) - Unregistering Metrics Registry : ratis.leader_election.6394c69b-367f-4a62-9595-acf3eb8c80db@group-4CAFB8AFE6AC
2021-07-15 16:36:48,859 [Listener at 127.0.0.1/10420] INFO  metrics.RatisMetrics (RatisMetrics.java:unregister(43)) - Unregistering Metrics Registry : ratis.server.6394c69b-367f-4a62-9595-acf3eb8c80db@group-4CAFB8AFE6AC
2021-07-15 16:36:48,860 [Listener at 127.0.0.1/10420] INFO  server.GrpcService (GrpcService.java:closeImpl(262)) - 6394c69b-367f-4a62-9595-acf3eb8c80db: shutdown server with port 14048 now
2021-07-15 16:36:48,860 [Listener at 127.0.0.1/10420] INFO  server.GrpcService (GrpcService.java:closeImpl(271)) - 6394c69b-367f-4a62-9595-acf3eb8c80db: shutdown server with port 14048 successfully
2021-07-15 16:36:48,860 [org.apache.ratis.util.JvmPauseMonitor$$Lambda$496/1286580650@17c45a57] INFO  util.JvmPauseMonitor (JvmPauseMonitor.java:run(109)) - JvmPauseMonitor-6394c69b-367f-4a62-9595-acf3eb8c80db: Stopped
2021-07-15 16:36:48,861 [Listener at 127.0.0.1/10420] WARN  server.ServerUtils (ServerUtils.java:getScmDbDir(148)) - ozone.scm.db.dirs is not configured. We recommend adding this setting. Falling back to ozone.metadata.dirs instead.
2021-07-15 16:36:48,862 [Listener at 127.0.0.1/10420] INFO  server.StorageContainerManager (StorageContainerManager.java:scmInit(1015)) - SCM initialization succeeded. Current cluster id for sd=/home/runner/work/ozone/ozone/mnt/ozone/hadoop-ozone/integration-test/target/test-dir/MiniOzoneClusterImpl-8ef06965-d5c9-44f0-9cd1-4cafb8afe6ac/scmNode-1/scm; cid=8ef06965-d5c9-44f0-9cd1-4cafb8afe6ac; layoutVersion=2; scmId=6394c69b-367f-4a62-9595-acf3eb8c80db
2021-07-15 16:36:48,862 [Listener at 127.0.0.1/10420] INFO  ha.SCMHANodeDetails (SCMHANodeDetails.java:loadSCMHAConfig(157)) - ServiceID for StorageContainerManager is scm-service-test1
2021-07-15 16:36:48,863 [Listener at 127.0.0.1/10420] INFO  ha.SCMHANodeDetails (SCMHANodeDetails.java:loadSCMHAConfig(168)) - ServiceID for StorageContainerManager is scm-service-test1
2021-07-15 16:36:48,863 [Listener at 127.0.0.1/10420] WARN  scm.ScmUtils (ScmUtils.java:logWarn(179)) - ConfigKey ozone.scm.block.client.address is deprecated, For configuring different ports for each SCM use PortConfigKey ozone.scm.block.client.port appended with serviceId and nodeId. If want to configure same port configure ozone.scm.block.client.port
2021-07-15 16:36:48,863 [Listener at 127.0.0.1/10420] WARN  scm.ScmUtils (ScmUtils.java:logWarn(179)) - ConfigKey ozone.scm.client.address is deprecated, For configuring different ports for each SCM use PortConfigKey ozone.scm.client.port appended with serviceId and nodeId. If want to configure same port configure ozone.scm.client.port
2021-07-15 16:36:48,863 [Listener at 127.0.0.1/10420] WARN  scm.ScmUtils (ScmUtils.java:logWarn(179)) - ConfigKey ozone.scm.datanode.address is deprecated, For configuring different ports for each SCM use PortConfigKey ozone.scm.datanode.port appended with serviceId and nodeId. If want to configure same port configure ozone.scm.datanode.port
2021-07-15 16:36:48,863 [Listener at 127.0.0.1/10420] WARN  scm.ScmUtils (ScmUtils.java:logWarn(179)) - ConfigKey ozone.scm.block.client.address is deprecated, For configuring different ports for each SCM use PortConfigKey ozone.scm.block.client.port appended with serviceId and nodeId. If want to configure same port configure ozone.scm.block.client.port
2021-07-15 16:36:48,864 [Listener at 127.0.0.1/10420] WARN  scm.ScmUtils (ScmUtils.java:logWarn(179)) - ConfigKey ozone.scm.client.address is deprecated, For configuring different ports for each SCM use PortConfigKey ozone.scm.client.port appended with serviceId and nodeId. If want to configure same port configure ozone.scm.client.port
2021-07-15 16:36:48,864 [Listener at 127.0.0.1/10420] WARN  scm.ScmUtils (ScmUtils.java:logWarn(179)) - ConfigKey ozone.scm.datanode.address is deprecated, For configuring different ports for each SCM use PortConfigKey ozone.scm.datanode.port appended with serviceId and nodeId. If want to configure same port configure ozone.scm.datanode.port
2021-07-15 16:36:48,864 [Listener at 127.0.0.1/10420] INFO  ha.SCMHANodeDetails (SCMHANodeDetails.java:loadSCMHAConfig(250)) - Found matching SCM address with SCMServiceId: scm-service-test1, SCMNodeId: scmNode-1, RPC Address: localhost:14048 and Ratis port: 14048
2021-07-15 16:36:48,865 [Listener at 127.0.0.1/10420] INFO  ha.SCMHANodeDetails (ConfUtils.java:setNodeSpecificConfigs(108)) - Setting configuration key ozone.scm.datanode.address with value of key ozone.scm.datanode.address.scm-service-test1.scmNode-1: 127.0.0.1:14049
2021-07-15 16:36:48,865 [Listener at 127.0.0.1/10420] INFO  ha.SCMHANodeDetails (ConfUtils.java:setNodeSpecificConfigs(108)) - Setting configuration key ozone.scm.block.client.address with value of key ozone.scm.block.client.address.scm-service-test1.scmNode-1: 127.0.0.1:14050
2021-07-15 16:36:48,865 [Listener at 127.0.0.1/10420] INFO  ha.SCMHANodeDetails (ConfUtils.java:setNodeSpecificConfigs(108)) - Setting configuration key ozone.scm.client.address with value of key ozone.scm.client.address.scm-service-test1.scmNode-1: 127.0.0.1:14051
2021-07-15 16:36:48,865 [Listener at 127.0.0.1/10420] INFO  ha.SCMHANodeDetails (ConfUtils.java:setNodeSpecificConfigs(108)) - Setting configuration key ozone.scm.ratis.port with value of key ozone.scm.ratis.port.scm-service-test1.scmNode-1: 14048
2021-07-15 16:36:48,865 [Listener at 127.0.0.1/10420] INFO  ha.SCMHANodeDetails (ConfUtils.java:setNodeSpecificConfigs(108)) - Setting configuration key ozone.scm.grpc.port with value of key ozone.scm.grpc.port.scm-service-test1.scmNode-1: 14052
2021-07-15 16:36:48,865 [Listener at 127.0.0.1/10420] INFO  ha.SCMHANodeDetails (ConfUtils.java:setNodeSpecificConfigs(108)) - Setting configuration key ozone.scm.http-address with value of key ozone.scm.http-address.scm-service-test1.scmNode-1: 127.0.0.1:14046
2021-07-15 16:36:48,866 [Listener at 127.0.0.1/10420] INFO  ha.SCMHANodeDetails (ConfUtils.java:setNodeSpecificConfigs(108)) - Setting configuration key ozone.scm.https-address with value of key ozone.scm.https-address.scm-service-test1.scmNode-1: 127.0.0.1:14047
2021-07-15 16:36:48,866 [Listener at 127.0.0.1/10420] INFO  ha.SCMHANodeDetails (ConfUtils.java:setNodeSpecificConfigs(108)) - Setting configuration key ozone.scm.address with value of key ozone.scm.address.scm-service-test1.scmNode-1: 127.0.0.1
2021-07-15 16:36:48,866 [Listener at 127.0.0.1/10420] WARN  scm.ScmUtils (ScmUtils.java:logWarn(179)) - ConfigKey ozone.scm.block.client.address is deprecated, For configuring different ports for each SCM use PortConfigKey ozone.scm.block.client.port appended with serviceId and nodeId. If want to configure same port configure ozone.scm.block.client.port
2021-07-15 16:36:48,866 [Listener at 127.0.0.1/10420] WARN  scm.ScmUtils (ScmUtils.java:logWarn(179)) - ConfigKey ozone.scm.client.address is deprecated, For configuring different ports for each SCM use PortConfigKey ozone.scm.client.port appended with serviceId and nodeId. If want to configure same port configure ozone.scm.client.port
2021-07-15 16:36:48,866 [Listener at 127.0.0.1/10420] WARN  scm.ScmUtils (ScmUtils.java:logWarn(179)) - ConfigKey ozone.scm.datanode.address is deprecated, For configuring different ports for each SCM use PortConfigKey ozone.scm.datanode.port appended with serviceId and nodeId. If want to configure same port configure ozone.scm.datanode.port
2021-07-15 16:36:48,867 [Listener at 127.0.0.1/10420] WARN  server.ServerUtils (ServerUtils.java:getScmDbDir(148)) - ozone.scm.db.dirs is not configured. We recommend adding this setting. Falling back to ozone.metadata.dirs instead.
2021-07-15 16:36:48,867 [Listener at 127.0.0.1/10420] INFO  upgrade.AbstractLayoutVersionManager (AbstractLayoutVersionManager.java:init(70)) - Initializing Layout version manager with metadata layout = SCM_HA (version = 2), software layout = SCM_HA (version = 2)
2021-07-15 16:36:48,914 [Listener at 127.0.0.1/10420] INFO  reflections.Reflections (Reflections.java:scan(232)) - Reflections took 44 ms to scan 7 urls, producing 119 keys and 271 values 
2021-07-15 16:36:48,915 [Listener at 127.0.0.1/10420] WARN  utils.HAUtils (HAUtils.java:getMetaDir(342)) - ozone.scm.db.dirs is not configured. We recommend adding this setting. Falling back to ozone.metadata.dirs instead.
2021-07-15 16:36:48,917 [Listener at 127.0.0.1/10420] WARN  db.DBStoreBuilder (DBStoreBuilder.java:applyDBDefinition(145)) - ozone.scm.db.dirs is not configured. We recommend adding this setting. Falling back to ozone.metadata.dirs instead.
2021-07-15 16:36:49,006 [Listener at 127.0.0.1/10420] INFO  net.NodeSchemaLoader (NodeSchemaLoader.java:loadSchemaFromFile(129)) - Loading schema from [jar:file:/home/runner/.m2/repository/org/apache/ozone/hdds-common/1.2.0-SNAPSHOT/hdds-common-1.2.0-SNAPSHOT.jar!/network-topology-default.xml]
2021-07-15 16:36:49,007 [Listener at 127.0.0.1/10420] INFO  net.NodeSchemaLoader (NodeSchemaLoader.java:loadSchema(176)) - Loading network topology layer schema file
2021-07-15 16:36:49,010 [Listener at 127.0.0.1/10420] INFO  ha.SCMRatisServerImpl (SCMRatisServerImpl.java:<init>(85)) - starting Raft server for scm:6394c69b-367f-4a62-9595-acf3eb8c80db
2021-07-15 16:36:49,011 [Listener at 127.0.0.1/10420] INFO  server.RaftServer (ConfUtils.java:logGet(44)) - raft.rpc.type = GRPC (default)
2021-07-15 16:36:49,012 [Listener at 127.0.0.1/10420] INFO  grpc.GrpcFactory (GrpcFactory.java:checkPooledByteBufAllocatorUseCacheForAllThreads(48)) - PERFORMANCE WARNING: useCacheForAllThreads is true that may cause Netty to create a lot garbage objects and, as a result, trigger GC.
	It is recommended to disable useCacheForAllThreads by setting -Dorg.apache.ratis.thirdparty.io.netty.allocator.useCacheForAllThreads=false in command line.
2021-07-15 16:36:49,012 [Listener at 127.0.0.1/10420] INFO  grpc.GrpcConfigKeys (ConfUtils.java:logGet(44)) - raft.grpc.admin.port = -1 (default)
2021-07-15 16:36:49,013 [Listener at 127.0.0.1/10420] INFO  grpc.GrpcConfigKeys (ConfUtils.java:logGet(44)) - raft.grpc.server.port = 14048 (custom)
2021-07-15 16:36:49,013 [Listener at 127.0.0.1/10420] INFO  grpc.GrpcConfigKeys (ConfUtils.java:logGet(44)) - raft.grpc.client.port = -1 (default)
2021-07-15 16:36:49,013 [Listener at 127.0.0.1/10420] INFO  grpc.GrpcConfigKeys (ConfUtils.java:logGet(44)) - raft.grpc.server.port = 14048 (custom)
2021-07-15 16:36:49,014 [Listener at 127.0.0.1/10420] INFO  grpc.GrpcConfigKeys (ConfUtils.java:logGet(44)) - raft.grpc.server.port = 14048 (custom)
2021-07-15 16:36:49,014 [Listener at 127.0.0.1/10420] INFO  server.GrpcService (ConfUtils.java:logGet(44)) - raft.grpc.message.size.max = 32m (=33554432) (custom)
2021-07-15 16:36:49,014 [Listener at 127.0.0.1/10420] INFO  server.RaftServerConfigKeys (ConfUtils.java:logGet(44)) - raft.server.log.appender.buffer.byte-limit = 33554432 (custom)
2021-07-15 16:36:49,014 [Listener at 127.0.0.1/10420] INFO  server.GrpcService (ConfUtils.java:logGet(44)) - raft.grpc.flow.control.window = 1MB (=1048576) (default)
2021-07-15 16:36:49,014 [Listener at 127.0.0.1/10420] INFO  server.RaftServerConfigKeys (ConfUtils.java:logGet(44)) - raft.server.rpc.request.timeout = 30000ms (custom)
2021-07-15 16:36:49,015 [Listener at 127.0.0.1/10420] INFO  impl.DataStreamServerImpl (ConfUtils.java:logGet(44)) - raft.datastream.type = DISABLED (default)
2021-07-15 16:36:49,016 [Listener at 127.0.0.1/10420] INFO  server.RaftServerConfigKeys (ConfUtils.java:logGet(44)) - raft.server.rpc.slowness.timeout = 120000ms (custom)
2021-07-15 16:36:49,016 [Listener at 127.0.0.1/10420] INFO  server.RaftServerConfigKeys (ConfUtils.java:logGet(44)) - raft.server.leaderelection.leader.step-down.wait-time = 10s (default)
2021-07-15 16:36:49,016 [Listener at 127.0.0.1/10420] INFO  server.RaftServerConfigKeys (ConfUtils.java:logGet(44)) - raft.server.storage.dir = [/home/runner/work/ozone/ozone/mnt/ozone/hadoop-ozone/integration-test/target/test-dir/MiniOzoneClusterImpl-8ef06965-d5c9-44f0-9cd1-4cafb8afe6ac/scmNode-1/scm-ha] (custom)
2021-07-15 16:36:49,016 [Listener at 127.0.0.1/10420] INFO  server.RaftServer (RaftServerProxy.java:lambda$null$1(235)) - 6394c69b-367f-4a62-9595-acf3eb8c80db: found a subdirectory /home/runner/work/ozone/ozone/mnt/ozone/hadoop-ozone/integration-test/target/test-dir/MiniOzoneClusterImpl-8ef06965-d5c9-44f0-9cd1-4cafb8afe6ac/scmNode-1/scm-ha/8ef06965-d5c9-44f0-9cd1-4cafb8afe6ac
2021-07-15 16:36:49,017 [Listener at 127.0.0.1/10420] INFO  server.RaftServer (RaftServerProxy.java:addNew(95)) - 6394c69b-367f-4a62-9595-acf3eb8c80db: addNew group-4CAFB8AFE6AC:[] returns group-4CAFB8AFE6AC:java.util.concurrent.CompletableFuture@28c7ae7f[Not completed]
2021-07-15 16:36:49,017 [pool-179-thread-1] INFO  server.RaftServer$Division (RaftServerImpl.java:<init>(180)) - 6394c69b-367f-4a62-9595-acf3eb8c80db: new RaftServerImpl for group-4CAFB8AFE6AC:[] with SCMStateMachine:uninitialized
2021-07-15 16:36:49,018 [pool-179-thread-1] INFO  server.RaftServerConfigKeys (ConfUtils.java:logGet(44)) - raft.server.rpc.timeout.min = 5000ms (custom)
2021-07-15 16:36:49,018 [pool-179-thread-1] INFO  server.RaftServerConfigKeys (ConfUtils.java:logGet(44)) - raft.server.rpc.timeout.max = 5200ms (custom)
2021-07-15 16:36:49,018 [pool-179-thread-1] INFO  server.RaftServerConfigKeys (ConfUtils.java:logGet(44)) - raft.server.rpc.sleep.time = 25ms (default)
2021-07-15 16:36:49,018 [pool-179-thread-1] INFO  server.RaftServerConfigKeys (ConfUtils.java:logGet(44)) - raft.server.rpc.slowness.timeout = 120000ms (custom)
2021-07-15 16:36:49,018 [pool-179-thread-1] INFO  server.RaftServerConfigKeys (ConfUtils.java:logGet(44)) - raft.server.leaderelection.leader.step-down.wait-time = 10s (default)
2021-07-15 16:36:49,018 [pool-179-thread-1] INFO  server.RaftServerConfigKeys (ConfUtils.java:logGet(44)) - raft.server.sleep.deviation.threshold = 300ms (default)
2021-07-15 16:36:49,018 [pool-179-thread-1] INFO  server.RaftServerConfigKeys (ConfUtils.java:logGet(44)) - raft.server.log.appender.install.snapshot.enabled = false (custom)
2021-07-15 16:36:49,018 [pool-179-thread-1] INFO  server.RaftServer$Division (ServerState.java:<init>(105)) - 6394c69b-367f-4a62-9595-acf3eb8c80db@group-4CAFB8AFE6AC: ConfigurationManager, init=-1: [], old=null, confs=<EMPTY_MAP>
2021-07-15 16:36:49,018 [pool-179-thread-1] INFO  server.RaftServerConfigKeys (ConfUtils.java:logGet(44)) - raft.server.storage.dir = [/home/runner/work/ozone/ozone/mnt/ozone/hadoop-ozone/integration-test/target/test-dir/MiniOzoneClusterImpl-8ef06965-d5c9-44f0-9cd1-4cafb8afe6ac/scmNode-1/scm-ha] (custom)
2021-07-15 16:36:49,019 [pool-179-thread-1] INFO  server.RaftServerConfigKeys (ConfUtils.java:logGet(44)) - raft.server.log.corruption.policy = EXCEPTION (default)
2021-07-15 16:36:49,020 [pool-179-thread-1] INFO  storage.RaftStorageDirectory (RaftStorageDirectoryImpl.java:tryLock(215)) - Lock on /home/runner/work/ozone/ozone/mnt/ozone/hadoop-ozone/integration-test/target/test-dir/MiniOzoneClusterImpl-8ef06965-d5c9-44f0-9cd1-4cafb8afe6ac/scmNode-1/scm-ha/8ef06965-d5c9-44f0-9cd1-4cafb8afe6ac/in_use.lock acquired by nodename 5190@fv-az151-474
2021-07-15 16:36:49,020 [pool-179-thread-1] INFO  storage.RaftStorage (RaftStorageImpl.java:analyzeAndRecoverStorage(108)) - Read RaftStorageMetadata{term=1, votedFor=6394c69b-367f-4a62-9595-acf3eb8c80db} from /home/runner/work/ozone/ozone/mnt/ozone/hadoop-ozone/integration-test/target/test-dir/MiniOzoneClusterImpl-8ef06965-d5c9-44f0-9cd1-4cafb8afe6ac/scmNode-1/scm-ha/8ef06965-d5c9-44f0-9cd1-4cafb8afe6ac/current/raft-meta
2021-07-15 16:36:49,020 [pool-179-thread-1] INFO  server.RaftServer$Division (ServerState.java:setRaftConf(373)) - 6394c69b-367f-4a62-9595-acf3eb8c80db@group-4CAFB8AFE6AC: set configuration 0: [6394c69b-367f-4a62-9595-acf3eb8c80db|rpc:localhost:14048|admin:|client:|dataStream:|priority:0], old=null
2021-07-15 16:36:49,021 [pool-179-thread-1] INFO  server.RaftServerConfigKeys (ConfUtils.java:logGet(44)) - raft.server.notification.no-leader.timeout = 60s (default)
2021-07-15 16:36:49,021 [pool-179-thread-1] INFO  server.RaftServerConfigKeys (ConfUtils.java:logGet(44)) - raft.server.log.use.memory = false (default)
2021-07-15 16:36:49,021 [pool-179-thread-1] INFO  server.RaftServerConfigKeys (ConfUtils.java:logGet(44)) - raft.server.log.purge.gap = 5 (custom)
2021-07-15 16:36:49,021 [pool-179-thread-1] INFO  server.RaftServerConfigKeys (ConfUtils.java:logGet(44)) - raft.server.log.appender.buffer.byte-limit = 33554432 (custom)
2021-07-15 16:36:49,021 [pool-179-thread-1] INFO  metrics.RatisMetrics (RatisMetrics.java:lambda$create$0(36)) - Creating Metrics Registry : ratis.log_worker.6394c69b-367f-4a62-9595-acf3eb8c80db@group-4CAFB8AFE6AC
2021-07-15 16:36:49,021 [pool-179-thread-1] INFO  server.RaftServerConfigKeys (ConfUtils.java:logGet(44)) - raft.server.log.segment.size.max = 16384 (custom)
2021-07-15 16:36:49,021 [pool-179-thread-1] INFO  server.RaftServerConfigKeys (ConfUtils.java:logGet(44)) - raft.server.log.segment.cache.num.max = 2 (custom)
2021-07-15 16:36:49,022 [pool-179-thread-1] INFO  server.RaftServerConfigKeys (ConfUtils.java:logGet(44)) - raft.server.log.segment.cache.size.max = 200MB (=209715200) (default)
2021-07-15 16:36:49,022 [pool-179-thread-1] INFO  segmented.SegmentedRaftLogWorker (SegmentedRaftLogWorker.java:<init>(182)) - new 6394c69b-367f-4a62-9595-acf3eb8c80db@group-4CAFB8AFE6AC-SegmentedRaftLogWorker for RaftStorageImpl:Storage Directory /home/runner/work/ozone/ozone/mnt/ozone/hadoop-ozone/integration-test/target/test-dir/MiniOzoneClusterImpl-8ef06965-d5c9-44f0-9cd1-4cafb8afe6ac/scmNode-1/scm-ha/8ef06965-d5c9-44f0-9cd1-4cafb8afe6ac
2021-07-15 16:36:49,022 [pool-179-thread-1] INFO  server.RaftServerConfigKeys (ConfUtils.java:logGet(44)) - raft.server.log.queue.byte-limit = 64MB (=67108864) (default)
2021-07-15 16:36:49,022 [pool-179-thread-1] INFO  server.RaftServerConfigKeys (ConfUtils.java:logGet(44)) - raft.server.log.queue.element-limit = 4096 (default)
2021-07-15 16:36:49,022 [pool-179-thread-1] INFO  server.RaftServerConfigKeys (ConfUtils.java:logGet(44)) - raft.server.log.segment.size.max = 16384 (custom)
2021-07-15 16:36:49,022 [pool-179-thread-1] INFO  server.RaftServerConfigKeys (ConfUtils.java:logGet(44)) - raft.server.log.preallocated.size = 16384 (custom)
2021-07-15 16:36:49,022 [pool-179-thread-1] INFO  server.RaftServerConfigKeys (ConfUtils.java:logGet(44)) - raft.server.log.force.sync.num = 128 (default)
2021-07-15 16:36:49,022 [pool-179-thread-1] INFO  server.RaftServerConfigKeys (ConfUtils.java:logGet(44)) - raft.server.log.statemachine.data.sync = true (default)
2021-07-15 16:36:49,022 [pool-179-thread-1] INFO  server.RaftServerConfigKeys (ConfUtils.java:logGet(44)) - raft.server.log.statemachine.data.sync.timeout = 10s (default)
2021-07-15 16:36:49,022 [pool-179-thread-1] INFO  server.RaftServerConfigKeys (ConfUtils.java:logGet(44)) - raft.server.log.statemachine.data.sync.timeout.retry = -1 (default)
2021-07-15 16:36:49,023 [pool-179-thread-1] INFO  server.RaftServerConfigKeys (ConfUtils.java:logGet(44)) - raft.server.log.write.buffer.size = 64KB (=65536) (default)
2021-07-15 16:36:49,023 [pool-179-thread-1] INFO  server.RaftServerConfigKeys (ConfUtils.java:logGet(44)) - raft.server.log.statemachine.data.caching.enabled = false (default)
2021-07-15 16:36:49,024 [pool-179-thread-1] INFO  server.RaftServer$Division (ServerState.java:setRaftConf(373)) - 6394c69b-367f-4a62-9595-acf3eb8c80db@group-4CAFB8AFE6AC: set configuration 0: [6394c69b-367f-4a62-9595-acf3eb8c80db|rpc:localhost:14048|admin:|client:|dataStream:|priority:0], old=null
2021-07-15 16:36:49,024 [pool-179-thread-1] INFO  segmented.LogSegment (LogSegment.java:loadSegment(173)) - Successfully read 1 entries from segment file /home/runner/work/ozone/ozone/mnt/ozone/hadoop-ozone/integration-test/target/test-dir/MiniOzoneClusterImpl-8ef06965-d5c9-44f0-9cd1-4cafb8afe6ac/scmNode-1/scm-ha/8ef06965-d5c9-44f0-9cd1-4cafb8afe6ac/current/log_inprogress_0
2021-07-15 16:36:49,024 [pool-179-thread-1] INFO  segmented.SegmentedRaftLogWorker (SegmentedRaftLogWorker.java:lambda$new$0(133)) - 6394c69b-367f-4a62-9595-acf3eb8c80db@group-4CAFB8AFE6AC-SegmentedRaftLogWorker: flushIndex: setUnconditionally 0 -> 0
2021-07-15 16:36:49,024 [pool-179-thread-1] INFO  segmented.SegmentedRaftLogWorker (SegmentedRaftLogWorker.java:lambda$new$0(133)) - 6394c69b-367f-4a62-9595-acf3eb8c80db@group-4CAFB8AFE6AC-SegmentedRaftLogWorker: safeCacheEvictIndex: setUnconditionally 0 -> -1
2021-07-15 16:36:49,024 [pool-179-thread-1] INFO  server.RaftServerConfigKeys (ConfUtils.java:logGet(44)) - raft.server.snapshot.auto.trigger.enabled = true (custom)
2021-07-15 16:36:49,024 [pool-179-thread-1] INFO  server.RaftServerConfigKeys (ConfUtils.java:logGet(44)) - raft.server.snapshot.auto.trigger.threshold = 5 (custom)
2021-07-15 16:36:49,025 [pool-179-thread-1] INFO  server.RaftServerConfigKeys (ConfUtils.java:logGet(44)) - raft.server.snapshot.retention.file.num = -1 (default)
2021-07-15 16:36:49,025 [pool-179-thread-1] INFO  server.RaftServerConfigKeys (ConfUtils.java:logGet(44)) - raft.server.log.purge.upto.snapshot.index = true (custom)
2021-07-15 16:36:49,025 [pool-179-thread-1] INFO  server.RaftServerConfigKeys (ConfUtils.java:logGet(44)) - raft.server.retrycache.expirytime = 60000ms (default)
2021-07-15 16:36:49,025 [pool-179-thread-1] INFO  server.RaftServerConfigKeys (ConfUtils.java:logGet(44)) - raft.server.retrycache.statistics.expirytime = 100μs (default)
2021-07-15 16:36:49,025 [pool-179-thread-1] INFO  metrics.RatisMetrics (RatisMetrics.java:lambda$create$0(36)) - Creating Metrics Registry : ratis.leader_election.6394c69b-367f-4a62-9595-acf3eb8c80db@group-4CAFB8AFE6AC
2021-07-15 16:36:49,025 [pool-179-thread-1] INFO  metrics.RatisMetrics (RatisMetrics.java:lambda$create$0(36)) - Creating Metrics Registry : ratis.server.6394c69b-367f-4a62-9595-acf3eb8c80db@group-4CAFB8AFE6AC
2021-07-15 16:36:49,026 [Listener at 127.0.0.1/10420] INFO  ha.SCMSnapshotProvider (SCMSnapshotProvider.java:<init>(66)) - Initializing SCM Snapshot Provider
2021-07-15 16:36:49,027 [Listener at 127.0.0.1/10420] WARN  server.ServerUtils (ServerUtils.java:getDefaultRatisDirectory(237)) - Storage directory for Ratis is not configured. It is a good idea to map this to an SSD disk. Falling back to ozone.metadata.dirs
2021-07-15 16:36:49,027 [Listener at 127.0.0.1/10420] WARN  ha.SCMHAUtils (SCMHAUtils.java:getSCMRatisSnapshotDirectory(142)) - SCM snapshot dir is not configured. Falling back to ozone.metadata.dirs config
2021-07-15 16:36:49,029 [Listener at 127.0.0.1/10420] INFO  ha.SequenceIdGenerator (SequenceIdGenerator.java:upgradeToSequenceId(327)) - upgrade localId to 107544261427200000
2021-07-15 16:36:49,029 [Listener at 127.0.0.1/10420] INFO  ha.SequenceIdGenerator (SequenceIdGenerator.java:upgradeToSequenceId(337)) - upgrade delTxnId to 0
2021-07-15 16:36:49,029 [Listener at 127.0.0.1/10420] INFO  ha.SequenceIdGenerator (SequenceIdGenerator.java:upgradeToSequenceId(351)) - upgrade containerId to 0
2021-07-15 16:36:49,029 [Listener at 127.0.0.1/10420] INFO  ha.SequenceIdGenerator (SequenceIdGenerator.java:<init>(217)) - Init the HA SequenceIdGenerator.
2021-07-15 16:36:49,033 [Listener at 127.0.0.1/10420] INFO  node.SCMNodeManager (SCMNodeManager.java:<init>(141)) - Entering startup safe mode.
2021-07-15 16:36:49,035 [Listener at 127.0.0.1/10420] INFO  algorithms.ContainerPlacementPolicyFactory (ContainerPlacementPolicyFactory.java:getPolicy(60)) - Create container placement policy of type org.apache.hadoop.hdds.scm.container.placement.algorithms.SCMContainerPlacementRandom
2021-07-15 16:36:49,035 [Listener at 127.0.0.1/10420] INFO  pipeline.PipelineStateManager (PipelineStateManagerV2Impl.java:initialize(78)) - No pipeline exists in current db
2021-07-15 16:36:49,035 [Listener at 127.0.0.1/10420] INFO  algorithms.LeaderChoosePolicyFactory (LeaderChoosePolicyFactory.java:getPolicy(57)) - Create leader choose policy of type org.apache.hadoop.hdds.scm.pipeline.leader.choose.algorithms.MinLeaderCountChoosePolicy
2021-07-15 16:36:49,036 [Listener at 127.0.0.1/10420] INFO  ha.SCMServiceManager (SCMServiceManager.java:register(43)) - Registering service BackgroundPipelineCreator.
2021-07-15 16:36:49,036 [Listener at 127.0.0.1/10420] INFO  pipeline.BackgroundPipelineCreator (BackgroundPipelineCreatorV2.java:start(130)) - Starting RatisPipelineUtilsThread.
2021-07-15 16:36:49,037 [Listener at 127.0.0.1/10420] INFO  algorithms.PipelineChoosePolicyFactory (PipelineChoosePolicyFactory.java:createPipelineChoosePolicyFromClass(73)) - Create pipeline choose policy of type org.apache.hadoop.hdds.scm.pipeline.choose.algorithms.RandomPipelineChoosePolicy
2021-07-15 16:36:49,037 [Listener at 127.0.0.1/10420] INFO  ha.SCMServiceManager (SCMServiceManager.java:register(43)) - Registering service SCMBlockDeletingService.
2021-07-15 16:36:49,037 [Listener at 127.0.0.1/10420] INFO  ha.SCMServiceManager (SCMServiceManager.java:register(43)) - Registering service ReplicationManager.
2021-07-15 16:36:49,038 [Listener at 127.0.0.1/10420] INFO  container.ReplicationManager (ReplicationManager.java:start(220)) - Starting Replication Monitor Thread.
2021-07-15 16:36:49,040 [ReplicationMonitor] INFO  container.ReplicationManager (ReplicationManager.java:run(284)) - Replication Monitor Thread took 0 milliseconds for processing 0 containers.
2021-07-15 16:36:49,040 [Listener at 127.0.0.1/10420] INFO  safemode.ContainerSafeModeRule (ContainerSafeModeRule.java:<init>(89)) - containers with one replica threshold count 0
2021-07-15 16:36:49,041 [Listener at 127.0.0.1/10420] INFO  safemode.HealthyPipelineSafeModeRule (HealthyPipelineSafeModeRule.java:initializeRule(156)) - Total pipeline count is 0, healthy pipeline threshold count is 1
2021-07-15 16:36:49,041 [Listener at 127.0.0.1/10420] INFO  safemode.OneReplicaPipelineSafeModeRule (OneReplicaPipelineSafeModeRule.java:initializeRule(180)) - Total pipeline count is 0, pipeline's with at least one datanode reported threshold count is 0
2021-07-15 16:36:49,046 [Listener at 127.0.0.1/10420] INFO  ipc.CallQueueManager (CallQueueManager.java:<init>(90)) - Using callQueue: class java.util.concurrent.LinkedBlockingQueue, queueCapacity: 10000, scheduler: class org.apache.hadoop.ipc.DefaultRpcScheduler, ipcBackoff: false.
2021-07-15 16:36:49,047 [Socket Reader #1 for port 14049] INFO  ipc.Server (Server.java:run(1265)) - Starting Socket Reader #1 for port 14049
2021-07-15 16:36:49,051 [Listener at 0.0.0.0/14049] INFO  ipc.CallQueueManager (CallQueueManager.java:<init>(90)) - Using callQueue: class java.util.concurrent.LinkedBlockingQueue, queueCapacity: 10000, scheduler: class org.apache.hadoop.ipc.DefaultRpcScheduler, ipcBackoff: false.
2021-07-15 16:36:49,053 [Socket Reader #1 for port 14050] INFO  ipc.Server (Server.java:run(1265)) - Starting Socket Reader #1 for port 14050
2021-07-15 16:36:49,055 [Listener at 0.0.0.0/14050] INFO  ipc.CallQueueManager (CallQueueManager.java:<init>(90)) - Using callQueue: class java.util.concurrent.LinkedBlockingQueue, queueCapacity: 10000, scheduler: class org.apache.hadoop.ipc.DefaultRpcScheduler, ipcBackoff: false.
2021-07-15 16:36:49,056 [Socket Reader #1 for port 14051] INFO  ipc.Server (Server.java:run(1265)) - Starting Socket Reader #1 for port 14051
2021-07-15 16:36:49,078 [Listener at 0.0.0.0/14051] INFO  server.StorageContainerManager (StorageContainerManager.java:<init>(378)) - 
Container Balancer status:
Key                            Value
Running                        true
Container Balancer Configuration values:
Key                            Value
Threshold                      0.1
Max Datanodes to Balance       5
Max Size to Move               10737418240B

2021-07-15 16:36:49,078 [Listener at 0.0.0.0/14051] WARN  events.EventQueue (EventQueue.java:fireEvent(194)) - No event handler registered for event TypedEvent{payloadType=SafeModeStatus, name='Safe mode status'}
2021-07-15 16:36:49,078 [Listener at 0.0.0.0/14051] INFO  ha.SCMContext (SCMContext.java:updateSafeModeStatus(205)) - Update SafeModeStatus from SafeModeStatus{safeModeStatus=true, preCheckPassed=false} to SafeModeStatus{safeModeStatus=true, preCheckPassed=false}.
2021-07-15 16:36:49,079 [Listener at 0.0.0.0/14051] INFO  server.StorageContainerManager (StorageContainerManager.java:start(1242)) - StorageContainerLocationProtocol RPC server is listening at /0.0.0.0:14051
2021-07-15 16:36:49,080 [Listener at 0.0.0.0/14051] INFO  ha.SCMRatisServerImpl (SCMRatisServerImpl.java:start(170)) - starting ratis server 0.0.0.0:14048
2021-07-15 16:36:49,080 [Listener at 0.0.0.0/14051] INFO  server.RaftServer$Division (RaftServerImpl.java:start(295)) - 6394c69b-367f-4a62-9595-acf3eb8c80db@group-4CAFB8AFE6AC: start as a follower, conf=0: [6394c69b-367f-4a62-9595-acf3eb8c80db|rpc:localhost:14048|admin:|client:|dataStream:|priority:0], old=null
2021-07-15 16:36:49,080 [Listener at 0.0.0.0/14051] INFO  server.RaftServer$Division (RaftServerImpl.java:setRole(284)) - 6394c69b-367f-4a62-9595-acf3eb8c80db@group-4CAFB8AFE6AC: changes role from      null to FOLLOWER at term 1 for startAsFollower
2021-07-15 16:36:49,080 [Listener at 0.0.0.0/14051] INFO  impl.RoleInfo (RoleInfo.java:updateAndGet(130)) - 6394c69b-367f-4a62-9595-acf3eb8c80db: start 6394c69b-367f-4a62-9595-acf3eb8c80db@group-4CAFB8AFE6AC-FollowerState
2021-07-15 16:36:49,082 [Listener at 0.0.0.0/14051] INFO  util.JmxRegister (JmxRegister.java:tryRegister(44)) - Successfully registered JMX Bean with object name Ratis:service=RaftServer,group=group-4CAFB8AFE6AC,id=6394c69b-367f-4a62-9595-acf3eb8c80db
2021-07-15 16:36:49,082 [Listener at 0.0.0.0/14051] INFO  metrics.RatisMetrics (RatisMetrics.java:lambda$create$0(36)) - Creating Metrics Registry : ratis.state_machine.6394c69b-367f-4a62-9595-acf3eb8c80db@group-4CAFB8AFE6AC
2021-07-15 16:36:49,086 [Listener at 0.0.0.0/14051] INFO  server.RaftServer (RaftServerProxy.java:lambda$start$5(374)) - 6394c69b-367f-4a62-9595-acf3eb8c80db: start RPC server
2021-07-15 16:36:49,086 [Listener at 0.0.0.0/14051] INFO  server.GrpcService (GrpcService.java:startImpl(253)) - 6394c69b-367f-4a62-9595-acf3eb8c80db: GrpcService started, listening on 14048
2021-07-15 16:36:49,087 [Listener at 0.0.0.0/14051] INFO  ha.SCMHAManagerImpl (SCMHAManagerImpl.java:start(120)) -  scm role is FOLLOWER peers [6394c69b-367f-4a62-9595-acf3eb8c80db|rpc:localhost:14048|admin:|client:|dataStream:|priority:0]
2021-07-15 16:36:49,087 [Listener at 0.0.0.0/14051] INFO  ha.InterSCMGrpcService (InterSCMGrpcProtocolService.java:start(94)) - Starting SCM Grpc Service at port 14052
2021-07-15 16:36:49,087 [org.apache.ratis.util.JvmPauseMonitor$$Lambda$496/1286580650@2c56d4ab] INFO  util.JvmPauseMonitor (JvmPauseMonitor.java:run(103)) - JvmPauseMonitor-6394c69b-367f-4a62-9595-acf3eb8c80db: Started
2021-07-15 16:36:49,089 [Listener at 0.0.0.0/14051] WARN  impl.MetricsConfig (MetricsConfig.java:loadFirst(136)) - Cannot locate configuration: tried hadoop-metrics2-storagecontainermanager.properties,hadoop-metrics2.properties
2021-07-15 16:36:49,090 [Listener at 0.0.0.0/14051] INFO  impl.MetricsSystemImpl (MetricsSystemImpl.java:startTimer(378)) - Scheduled Metric snapshot period at 10 second(s).
2021-07-15 16:36:49,090 [Listener at 0.0.0.0/14051] INFO  impl.MetricsSystemImpl (MetricsSystemImpl.java:start(191)) - StorageContainerManager metrics system started
2021-07-15 16:36:49,117 [Listener at 0.0.0.0/14051] INFO  impl.MetricsSinkAdapter (MetricsSinkAdapter.java:start(204)) - Sink prometheus started
2021-07-15 16:36:49,122 [Listener at 0.0.0.0/14051] INFO  impl.MetricsSystemImpl (MetricsSystemImpl.java:registerSink(305)) - Registered sink prometheus
2021-07-15 16:36:49,139 [Listener at 0.0.0.0/14051] INFO  server.SCMClientProtocolServer (SCMClientProtocolServer.java:start(165)) - RPC server for Client  is listening at /0.0.0.0:14051
2021-07-15 16:36:49,140 [IPC Server Responder] INFO  ipc.Server (Server.java:run(1507)) - IPC Server Responder: starting
2021-07-15 16:36:49,140 [IPC Server listener on 14051] INFO  ipc.Server (Server.java:run(1344)) - IPC Server listener on 14051: starting
2021-07-15 16:36:49,160 [Listener at 0.0.0.0/14051] INFO  server.StorageContainerManager (StorageContainerManager.java:start(1257)) - ScmBlockLocationProtocol RPC server is listening at /0.0.0.0:14050
2021-07-15 16:36:49,161 [Listener at 0.0.0.0/14051] INFO  server.SCMBlockProtocolServer (SCMBlockProtocolServer.java:start(151)) - RPC server for Block Protocol is listening at /0.0.0.0:14050
2021-07-15 16:36:49,161 [IPC Server Responder] INFO  ipc.Server (Server.java:run(1507)) - IPC Server Responder: starting
2021-07-15 16:36:49,162 [IPC Server listener on 14050] INFO  ipc.Server (Server.java:run(1344)) - IPC Server listener on 14050: starting
2021-07-15 16:36:49,183 [Listener at 0.0.0.0/14051] INFO  server.StorageContainerManager (StorageContainerManager.java:start(1263)) - ScmDatanodeProtocl RPC server is listening at /0.0.0.0:14049
2021-07-15 16:36:49,184 [org.apache.hadoop.util.JvmPauseMonitor$Monitor@4f62767c] INFO  util.JvmPauseMonitor (JvmPauseMonitor.java:run(188)) - Starting JVM pause monitor
2021-07-15 16:36:49,185 [Listener at 0.0.0.0/14051] INFO  http.BaseHttpServer (BaseHttpServer.java:newHttpServer2BuilderForOzone(209)) - Starting Web-server for scm at: http://0.0.0.0:14046
2021-07-15 16:36:49,185 [Listener at 0.0.0.0/14051] INFO  http.BaseHttpServer (BaseHttpServer.java:<init>(107)) - Hadoop Security Enabled: false Ozone Security Enabled: false Ozone HTTP Security Enabled: false 
2021-07-15 16:36:49,187 [Listener at 0.0.0.0/14051] INFO  server.AuthenticationFilter (AuthenticationFilter.java:constructSecretProvider(240)) - Unable to initialize FileSignerSecretProvider, falling back to use random secrets.
2021-07-15 16:36:49,187 [Listener at 0.0.0.0/14051] WARN  http.HttpRequestLog (HttpRequestLog.java:getRequestLog(103)) - Jetty request log can only be enabled using Log4j
2021-07-15 16:36:49,189 [Listener at 0.0.0.0/14051] INFO  http.HttpServer2 (HttpServer2.java:addGlobalFilter(1020)) - Added global filter 'safety' (class=org.apache.hadoop.hdds.server.http.HttpServer2$QuotingInputFilter)
2021-07-15 16:36:49,190 [Listener at 0.0.0.0/14051] INFO  http.HttpServer2 (HttpServer2.java:addFilter(996)) - Added filter static_user_filter (class=org.apache.hadoop.http.lib.StaticUserWebFilter$StaticUserFilter) to context scm
2021-07-15 16:36:49,190 [Listener at 0.0.0.0/14051] INFO  http.HttpServer2 (HttpServer2.java:addFilter(1004)) - Added filter static_user_filter (class=org.apache.hadoop.http.lib.StaticUserWebFilter$StaticUserFilter) to context logs
2021-07-15 16:36:49,190 [Listener at 0.0.0.0/14051] INFO  http.HttpServer2 (HttpServer2.java:addFilter(1004)) - Added filter static_user_filter (class=org.apache.hadoop.http.lib.StaticUserWebFilter$StaticUserFilter) to context static
2021-07-15 16:36:49,191 [Listener at 0.0.0.0/14051] INFO  http.HttpServer2 (HttpServer2.java:bindListener(1238)) - Jetty bound to port 14046
2021-07-15 16:36:49,191 [Listener at 0.0.0.0/14051] INFO  server.Server (Server.java:doStart(375)) - jetty-9.4.35.v20201120; built: 2020-11-20T21:17:03.964Z; git: bdc54f03a5e0a7e280fab27f55c3c75ee8da89fb; jvm 1.8.0_292-b10
2021-07-15 16:36:49,195 [Listener at 0.0.0.0/14051] INFO  server.session (DefaultSessionIdManager.java:doStart(334)) - DefaultSessionIdManager workerName=node0
2021-07-15 16:36:49,196 [Listener at 0.0.0.0/14051] INFO  server.session (DefaultSessionIdManager.java:doStart(339)) - No SessionScavenger set, using defaults
2021-07-15 16:36:49,196 [Listener at 0.0.0.0/14051] INFO  server.session (HouseKeeper.java:startScavenging(132)) - node0 Scavenging every 660000ms
2021-07-15 16:36:49,197 [Listener at 0.0.0.0/14051] INFO  handler.ContextHandler (ContextHandler.java:doStart(916)) - Started o.e.j.s.ServletContextHandler@3369fe5c{logs,/logs,file:///home/runner/work/ozone/ozone/mnt/ozone/hadoop-ozone/integration-test/target/log,AVAILABLE}
2021-07-15 16:36:49,197 [Listener at 0.0.0.0/14051] INFO  handler.ContextHandler (ContextHandler.java:doStart(916)) - Started o.e.j.s.ServletContextHandler@20652a8b{static,/static,file:///home/runner/work/ozone/ozone/mnt/ozone/hadoop-ozone/integration-test/target/test-classes/webapps/static,AVAILABLE}
2021-07-15 16:36:49,202 [Listener at 0.0.0.0/14051] INFO  handler.ContextHandler (ContextHandler.java:doStart(916)) - Started o.e.j.w.WebAppContext@40151a6b{scm,/,file:///home/runner/work/ozone/ozone/mnt/ozone/hadoop-ozone/integration-test/target/test-classes/webapps/scm/,AVAILABLE}{file:/home/runner/work/ozone/ozone/mnt/ozone/hadoop-ozone/integration-test/target/test-classes/webapps/scm}
2021-07-15 16:36:49,211 [Listener at 0.0.0.0/14051] INFO  server.AbstractConnector (AbstractConnector.java:doStart(331)) - Started ServerConnector@70dbde75{HTTP/1.1, (http/1.1)}{0.0.0.0:14046}
2021-07-15 16:36:49,212 [Listener at 0.0.0.0/14051] INFO  server.Server (Server.java:doStart(415)) - Started @68946ms
2021-07-15 16:36:49,212 [Listener at 0.0.0.0/14051] WARN  impl.MetricsSystemImpl (MetricsSystemImpl.java:register(279)) - Sink prometheus already exists!
2021-07-15 16:36:49,213 [Listener at 0.0.0.0/14051] INFO  http.BaseHttpServer (BaseHttpServer.java:updateConnectorAddress(329)) - HTTP server of scm listening at http://0.0.0.0:14046
2021-07-15 16:36:49,213 [Listener at 0.0.0.0/14051] INFO  ozone.MiniOzoneHAClusterImpl (MiniOzoneHAClusterImpl.java:createSCMService(548)) - Started SCM RPC server at org.apache.hadoop.hdds.scm.server.SCMClientProtocolServer@747fa2b5
2021-07-15 16:36:49,214 [Listener at 0.0.0.0/14051] INFO  ha.SCMHANodeDetails (SCMHANodeDetails.java:loadSCMHAConfig(157)) - ServiceID for StorageContainerManager is scm-service-test1
2021-07-15 16:36:49,214 [Listener at 0.0.0.0/14051] INFO  ha.SCMHANodeDetails (SCMHANodeDetails.java:loadSCMHAConfig(168)) - ServiceID for StorageContainerManager is scm-service-test1
2021-07-15 16:36:49,214 [Listener at 0.0.0.0/14051] WARN  scm.ScmUtils (ScmUtils.java:logWarn(179)) - ConfigKey ozone.scm.block.client.address is deprecated, For configuring different ports for each SCM use PortConfigKey ozone.scm.block.client.port appended with serviceId and nodeId. If want to configure same port configure ozone.scm.block.client.port
2021-07-15 16:36:49,214 [Listener at 0.0.0.0/14051] WARN  scm.ScmUtils (ScmUtils.java:logWarn(179)) - ConfigKey ozone.scm.client.address is deprecated, For configuring different ports for each SCM use PortConfigKey ozone.scm.client.port appended with serviceId and nodeId. If want to configure same port configure ozone.scm.client.port
2021-07-15 16:36:49,215 [Listener at 0.0.0.0/14051] WARN  scm.ScmUtils (ScmUtils.java:logWarn(179)) - ConfigKey ozone.scm.datanode.address is deprecated, For configuring different ports for each SCM use PortConfigKey ozone.scm.datanode.port appended with serviceId and nodeId. If want to configure same port configure ozone.scm.datanode.port
2021-07-15 16:36:49,215 [Listener at 0.0.0.0/14051] WARN  scm.ScmUtils (ScmUtils.java:logWarn(179)) - ConfigKey ozone.scm.block.client.address is deprecated, For configuring different ports for each SCM use PortConfigKey ozone.scm.block.client.port appended with serviceId and nodeId. If want to configure same port configure ozone.scm.block.client.port
2021-07-15 16:36:49,215 [Listener at 0.0.0.0/14051] WARN  scm.ScmUtils (ScmUtils.java:logWarn(179)) - ConfigKey ozone.scm.client.address is deprecated, For configuring different ports for each SCM use PortConfigKey ozone.scm.client.port appended with serviceId and nodeId. If want to configure same port configure ozone.scm.client.port
2021-07-15 16:36:49,215 [Listener at 0.0.0.0/14051] WARN  scm.ScmUtils (ScmUtils.java:logWarn(179)) - ConfigKey ozone.scm.datanode.address is deprecated, For configuring different ports for each SCM use PortConfigKey ozone.scm.datanode.port appended with serviceId and nodeId. If want to configure same port configure ozone.scm.datanode.port
2021-07-15 16:36:49,216 [Listener at 0.0.0.0/14051] INFO  ha.SCMHANodeDetails (SCMHANodeDetails.java:loadSCMHAConfig(250)) - Found matching SCM address with SCMServiceId: scm-service-test1, SCMNodeId: scmNode-2, RPC Address: localhost:14058 and Ratis port: 14058
2021-07-15 16:36:49,216 [Listener at 0.0.0.0/14051] INFO  ha.SCMHANodeDetails (ConfUtils.java:setNodeSpecificConfigs(108)) - Setting configuration key ozone.scm.datanode.address with value of key ozone.scm.datanode.address.scm-service-test1.scmNode-2: 127.0.0.1:14059
2021-07-15 16:36:49,216 [Listener at 0.0.0.0/14051] INFO  ha.SCMHANodeDetails (ConfUtils.java:setNodeSpecificConfigs(108)) - Setting configuration key ozone.scm.block.client.address with value of key ozone.scm.block.client.address.scm-service-test1.scmNode-2: 127.0.0.1:14060
2021-07-15 16:36:49,216 [Listener at 0.0.0.0/14051] INFO  ha.SCMHANodeDetails (ConfUtils.java:setNodeSpecificConfigs(108)) - Setting configuration key ozone.scm.client.address with value of key ozone.scm.client.address.scm-service-test1.scmNode-2: 127.0.0.1:14061
2021-07-15 16:36:49,216 [Listener at 0.0.0.0/14051] INFO  ha.SCMHANodeDetails (ConfUtils.java:setNodeSpecificConfigs(108)) - Setting configuration key ozone.scm.ratis.port with value of key ozone.scm.ratis.port.scm-service-test1.scmNode-2: 14058
2021-07-15 16:36:49,216 [Listener at 0.0.0.0/14051] INFO  ha.SCMHANodeDetails (ConfUtils.java:setNodeSpecificConfigs(108)) - Setting configuration key ozone.scm.grpc.port with value of key ozone.scm.grpc.port.scm-service-test1.scmNode-2: 14062
2021-07-15 16:36:49,217 [Listener at 0.0.0.0/14051] INFO  ha.SCMHANodeDetails (ConfUtils.java:setNodeSpecificConfigs(108)) - Setting configuration key ozone.scm.http-address with value of key ozone.scm.http-address.scm-service-test1.scmNode-2: 127.0.0.1:14056
2021-07-15 16:36:49,217 [Listener at 0.0.0.0/14051] INFO  ha.SCMHANodeDetails (ConfUtils.java:setNodeSpecificConfigs(108)) - Setting configuration key ozone.scm.https-address with value of key ozone.scm.https-address.scm-service-test1.scmNode-2: 127.0.0.1:14057
2021-07-15 16:36:49,217 [Listener at 0.0.0.0/14051] INFO  ha.SCMHANodeDetails (ConfUtils.java:setNodeSpecificConfigs(108)) - Setting configuration key ozone.scm.address with value of key ozone.scm.address.scm-service-test1.scmNode-2: 127.0.0.1
2021-07-15 16:36:49,217 [Listener at 0.0.0.0/14051] WARN  scm.ScmUtils (ScmUtils.java:logWarn(179)) - ConfigKey ozone.scm.block.client.address is deprecated, For configuring different ports for each SCM use PortConfigKey ozone.scm.block.client.port appended with serviceId and nodeId. If want to configure same port configure ozone.scm.block.client.port
2021-07-15 16:36:49,217 [Listener at 0.0.0.0/14051] WARN  scm.ScmUtils (ScmUtils.java:logWarn(179)) - ConfigKey ozone.scm.client.address is deprecated, For configuring different ports for each SCM use PortConfigKey ozone.scm.client.port appended with serviceId and nodeId. If want to configure same port configure ozone.scm.client.port
2021-07-15 16:36:49,218 [Listener at 0.0.0.0/14051] WARN  scm.ScmUtils (ScmUtils.java:logWarn(179)) - ConfigKey ozone.scm.datanode.address is deprecated, For configuring different ports for each SCM use PortConfigKey ozone.scm.datanode.port appended with serviceId and nodeId. If want to configure same port configure ozone.scm.datanode.port
2021-07-15 16:36:49,218 [Listener at 0.0.0.0/14051] WARN  server.ServerUtils (ServerUtils.java:getScmDbDir(148)) - ozone.scm.db.dirs is not configured. We recommend adding this setting. Falling back to ozone.metadata.dirs instead.
2021-07-15 16:36:49,219 [Listener at 0.0.0.0/14051] INFO  ha.SCMNodeInfo (SCMNodeInfo.java:getPort(197)) - ConfigKey ozone.scm.client.address is deprecated, For configuring different ports for each SCM use PortConfigKey ozone.scm.client.port appended with serviceId and nodeId
2021-07-15 16:36:49,220 [Listener at 0.0.0.0/14051] INFO  ha.SCMNodeInfo (SCMNodeInfo.java:getPort(197)) - ConfigKey ozone.scm.block.client.address is deprecated, For configuring different ports for each SCM use PortConfigKey ozone.scm.block.client.port appended with serviceId and nodeId
2021-07-15 16:36:49,220 [Listener at 0.0.0.0/14051] INFO  ha.SCMNodeInfo (SCMNodeInfo.java:getPort(197)) - ConfigKey ozone.scm.datanode.address is deprecated, For configuring different ports for each SCM use PortConfigKey ozone.scm.datanode.port appended with serviceId and nodeId
2021-07-15 16:36:49,220 [Listener at 0.0.0.0/14051] INFO  ha.SCMNodeInfo (SCMNodeInfo.java:getPort(197)) - ConfigKey ozone.scm.client.address is deprecated, For configuring different ports for each SCM use PortConfigKey ozone.scm.client.port appended with serviceId and nodeId
2021-07-15 16:36:49,220 [Listener at 0.0.0.0/14051] INFO  ha.SCMNodeInfo (SCMNodeInfo.java:getPort(197)) - ConfigKey ozone.scm.block.client.address is deprecated, For configuring different ports for each SCM use PortConfigKey ozone.scm.block.client.port appended with serviceId and nodeId
2021-07-15 16:36:49,221 [Listener at 0.0.0.0/14051] INFO  ha.SCMNodeInfo (SCMNodeInfo.java:getPort(197)) - ConfigKey ozone.scm.datanode.address is deprecated, For configuring different ports for each SCM use PortConfigKey ozone.scm.datanode.port appended with serviceId and nodeId
2021-07-15 16:36:49,221 [Listener at 0.0.0.0/14051] INFO  ha.SCMNodeInfo (SCMNodeInfo.java:getPort(197)) - ConfigKey ozone.scm.client.address is deprecated, For configuring different ports for each SCM use PortConfigKey ozone.scm.client.port appended with serviceId and nodeId
2021-07-15 16:36:49,221 [Listener at 0.0.0.0/14051] INFO  ha.SCMNodeInfo (SCMNodeInfo.java:getPort(197)) - ConfigKey ozone.scm.block.client.address is deprecated, For configuring different ports for each SCM use PortConfigKey ozone.scm.block.client.port appended with serviceId and nodeId
2021-07-15 16:36:49,221 [Listener at 0.0.0.0/14051] INFO  ha.SCMNodeInfo (SCMNodeInfo.java:getPort(197)) - ConfigKey ozone.scm.datanode.address is deprecated, For configuring different ports for each SCM use PortConfigKey ozone.scm.datanode.port appended with serviceId and nodeId
2021-07-15 16:36:49,800 [EndpointStateMachine task thread for /127.0.0.1:12801 - 0 ] INFO  ipc.Client (Client.java:handleConnectionFailure(977)) - Retrying connect to server: localhost/127.0.0.1:12801. Already tried 4 time(s); retry policy is RetryUpToMaximumCountWithFixedSleep(maxRetries=15, sleepTime=1000 MILLISECONDS)
2021-07-15 16:36:49,801 [EndpointStateMachine task thread for /127.0.0.1:12821 - 0 ] INFO  ipc.Client (Client.java:handleConnectionFailure(977)) - Retrying connect to server: localhost/127.0.0.1:12821. Already tried 0 time(s); retry policy is RetryUpToMaximumCountWithFixedSleep(maxRetries=15, sleepTime=1000 MILLISECONDS)
2021-07-15 16:36:49,802 [EndpointStateMachine task thread for /127.0.0.1:12811 - 0 ] INFO  ipc.Client (Client.java:handleConnectionFailure(977)) - Retrying connect to server: localhost/127.0.0.1:12811. Already tried 0 time(s); retry policy is RetryUpToMaximumCountWithFixedSleep(maxRetries=15, sleepTime=1000 MILLISECONDS)
2021-07-15 16:36:50,801 [EndpointStateMachine task thread for /127.0.0.1:12801 - 0 ] INFO  ipc.Client (Client.java:handleConnectionFailure(977)) - Retrying connect to server: localhost/127.0.0.1:12801. Already tried 5 time(s); retry policy is RetryUpToMaximumCountWithFixedSleep(maxRetries=15, sleepTime=1000 MILLISECONDS)
2021-07-15 16:36:50,801 [EndpointStateMachine task thread for /127.0.0.1:12821 - 0 ] INFO  ipc.Client (Client.java:handleConnectionFailure(977)) - Retrying connect to server: localhost/127.0.0.1:12821. Already tried 1 time(s); retry policy is RetryUpToMaximumCountWithFixedSleep(maxRetries=15, sleepTime=1000 MILLISECONDS)
2021-07-15 16:36:50,802 [EndpointStateMachine task thread for /127.0.0.1:12811 - 0 ] INFO  ipc.Client (Client.java:handleConnectionFailure(977)) - Retrying connect to server: localhost/127.0.0.1:12811. Already tried 1 time(s); retry policy is RetryUpToMaximumCountWithFixedSleep(maxRetries=15, sleepTime=1000 MILLISECONDS)
2021-07-15 16:36:51,237 [Listener at 0.0.0.0/14051] INFO  retry.RetryInvocationHandler (RetryInvocationHandler.java:log(411)) - com.google.protobuf.ServiceException: java.net.ConnectException: Call From fv-az151-474/10.1.0.52 to localhost:14060 failed on connection exception: java.net.ConnectException: Connection refused; For more details see:  http://wiki.apache.org/hadoop/ConnectionRefused, while invoking $Proxy38.send over nodeId=scmNode-2,nodeAddress=/127.0.0.1:14060 after 1 failover attempts. Trying to failover after sleeping for 2000ms.
2021-07-15 16:36:51,802 [EndpointStateMachine task thread for /127.0.0.1:12801 - 0 ] INFO  ipc.Client (Client.java:handleConnectionFailure(977)) - Retrying connect to server: localhost/127.0.0.1:12801. Already tried 6 time(s); retry policy is RetryUpToMaximumCountWithFixedSleep(maxRetries=15, sleepTime=1000 MILLISECONDS)
2021-07-15 16:36:51,802 [EndpointStateMachine task thread for /127.0.0.1:12821 - 0 ] INFO  ipc.Client (Client.java:handleConnectionFailure(977)) - Retrying connect to server: localhost/127.0.0.1:12821. Already tried 2 time(s); retry policy is RetryUpToMaximumCountWithFixedSleep(maxRetries=15, sleepTime=1000 MILLISECONDS)
2021-07-15 16:36:51,802 [EndpointStateMachine task thread for /127.0.0.1:12811 - 0 ] INFO  ipc.Client (Client.java:handleConnectionFailure(977)) - Retrying connect to server: localhost/127.0.0.1:12811. Already tried 2 time(s); retry policy is RetryUpToMaximumCountWithFixedSleep(maxRetries=15, sleepTime=1000 MILLISECONDS)
2021-07-15 16:36:52,802 [EndpointStateMachine task thread for /127.0.0.1:12801 - 0 ] INFO  ipc.Client (Client.java:handleConnectionFailure(977)) - Retrying connect to server: localhost/127.0.0.1:12801. Already tried 7 time(s); retry policy is RetryUpToMaximumCountWithFixedSleep(maxRetries=15, sleepTime=1000 MILLISECONDS)
2021-07-15 16:36:52,803 [EndpointStateMachine task thread for /127.0.0.1:12811 - 0 ] INFO  ipc.Client (Client.java:handleConnectionFailure(977)) - Retrying connect to server: localhost/127.0.0.1:12811. Already tried 3 time(s); retry policy is RetryUpToMaximumCountWithFixedSleep(maxRetries=15, sleepTime=1000 MILLISECONDS)
2021-07-15 16:36:52,802 [EndpointStateMachine task thread for /127.0.0.1:12821 - 0 ] INFO  ipc.Client (Client.java:handleConnectionFailure(977)) - Retrying connect to server: localhost/127.0.0.1:12821. Already tried 3 time(s); retry policy is RetryUpToMaximumCountWithFixedSleep(maxRetries=15, sleepTime=1000 MILLISECONDS)
2021-07-15 16:36:53,238 [Listener at 0.0.0.0/14051] INFO  retry.RetryInvocationHandler (RetryInvocationHandler.java:log(411)) - com.google.protobuf.ServiceException: java.net.ConnectException: Call From fv-az151-474/10.1.0.52 to localhost:14070 failed on connection exception: java.net.ConnectException: Connection refused; For more details see:  http://wiki.apache.org/hadoop/ConnectionRefused, while invoking $Proxy38.send over nodeId=scmNode-3,nodeAddress=/127.0.0.1:14070 after 2 failover attempts. Trying to failover after sleeping for 2000ms.
2021-07-15 16:36:53,803 [EndpointStateMachine task thread for /127.0.0.1:12801 - 0 ] INFO  ipc.Client (Client.java:handleConnectionFailure(977)) - Retrying connect to server: localhost/127.0.0.1:12801. Already tried 8 time(s); retry policy is RetryUpToMaximumCountWithFixedSleep(maxRetries=15, sleepTime=1000 MILLISECONDS)
2021-07-15 16:36:53,803 [EndpointStateMachine task thread for /127.0.0.1:12811 - 0 ] INFO  ipc.Client (Client.java:handleConnectionFailure(977)) - Retrying connect to server: localhost/127.0.0.1:12811. Already tried 4 time(s); retry policy is RetryUpToMaximumCountWithFixedSleep(maxRetries=15, sleepTime=1000 MILLISECONDS)
2021-07-15 16:36:53,804 [EndpointStateMachine task thread for /127.0.0.1:12821 - 0 ] INFO  ipc.Client (Client.java:handleConnectionFailure(977)) - Retrying connect to server: localhost/127.0.0.1:12821. Already tried 4 time(s); retry policy is RetryUpToMaximumCountWithFixedSleep(maxRetries=15, sleepTime=1000 MILLISECONDS)
2021-07-15 16:36:54,275 [6394c69b-367f-4a62-9595-acf3eb8c80db@group-4CAFB8AFE6AC-FollowerState] INFO  impl.FollowerState (FollowerState.java:run(134)) - 6394c69b-367f-4a62-9595-acf3eb8c80db@group-4CAFB8AFE6AC-FollowerState: change to CANDIDATE, lastRpcElapsedTime:5194515549ns, electionTimeout:5189ms
2021-07-15 16:36:54,275 [6394c69b-367f-4a62-9595-acf3eb8c80db@group-4CAFB8AFE6AC-FollowerState] INFO  impl.RoleInfo (RoleInfo.java:shutdownFollowerState(108)) - 6394c69b-367f-4a62-9595-acf3eb8c80db: shutdown 6394c69b-367f-4a62-9595-acf3eb8c80db@group-4CAFB8AFE6AC-FollowerState
2021-07-15 16:36:54,275 [6394c69b-367f-4a62-9595-acf3eb8c80db@group-4CAFB8AFE6AC-FollowerState] INFO  server.RaftServer$Division (RaftServerImpl.java:setRole(284)) - 6394c69b-367f-4a62-9595-acf3eb8c80db@group-4CAFB8AFE6AC: changes role from  FOLLOWER to CANDIDATE at term 1 for changeToCandidate
2021-07-15 16:36:54,275 [6394c69b-367f-4a62-9595-acf3eb8c80db@group-4CAFB8AFE6AC-FollowerState] INFO  server.RaftServerConfigKeys (ConfUtils.java:logGet(44)) - raft.server.leaderelection.pre-vote = false (custom)
2021-07-15 16:36:54,276 [6394c69b-367f-4a62-9595-acf3eb8c80db@group-4CAFB8AFE6AC-FollowerState] INFO  impl.RoleInfo (RoleInfo.java:updateAndGet(130)) - 6394c69b-367f-4a62-9595-acf3eb8c80db: start 6394c69b-367f-4a62-9595-acf3eb8c80db@group-4CAFB8AFE6AC-LeaderElection12
2021-07-15 16:36:54,279 [6394c69b-367f-4a62-9595-acf3eb8c80db@group-4CAFB8AFE6AC-LeaderElection12] INFO  impl.LeaderElection (LeaderElection.java:askForVotes(306)) - 6394c69b-367f-4a62-9595-acf3eb8c80db@group-4CAFB8AFE6AC-LeaderElection12 ELECTION round 0: submit vote requests at term 2 for 0: [6394c69b-367f-4a62-9595-acf3eb8c80db|rpc:localhost:14048|admin:|client:|dataStream:|priority:0], old=null
2021-07-15 16:36:54,280 [6394c69b-367f-4a62-9595-acf3eb8c80db@group-4CAFB8AFE6AC-LeaderElection12] INFO  impl.LeaderElection (LeaderElection.java:askForVotes(308)) - 6394c69b-367f-4a62-9595-acf3eb8c80db@group-4CAFB8AFE6AC-LeaderElection12 ELECTION round 0: result PASSED (term=2)
2021-07-15 16:36:54,280 [6394c69b-367f-4a62-9595-acf3eb8c80db@group-4CAFB8AFE6AC-LeaderElection12] INFO  impl.RoleInfo (RoleInfo.java:shutdownLeaderElection(121)) - 6394c69b-367f-4a62-9595-acf3eb8c80db: shutdown 6394c69b-367f-4a62-9595-acf3eb8c80db@group-4CAFB8AFE6AC-LeaderElection12
2021-07-15 16:36:54,280 [6394c69b-367f-4a62-9595-acf3eb8c80db@group-4CAFB8AFE6AC-LeaderElection12] INFO  server.RaftServer$Division (RaftServerImpl.java:setRole(284)) - 6394c69b-367f-4a62-9595-acf3eb8c80db@group-4CAFB8AFE6AC: changes role from CANDIDATE to LEADER at term 2 for changeToLeader
2021-07-15 16:36:54,280 [6394c69b-367f-4a62-9595-acf3eb8c80db@group-4CAFB8AFE6AC-LeaderElection12] INFO  ha.SCMStateMachine (SCMStateMachine.java:notifyLeaderChanged(252)) - current SCM becomes leader of term 2.
2021-07-15 16:36:54,280 [6394c69b-367f-4a62-9595-acf3eb8c80db@group-4CAFB8AFE6AC-LeaderElection12] INFO  ha.SCMContext (SCMContext.java:updateLeaderAndTerm(88)) - update <isLeader,term> from <false,0> to <true,2>
2021-07-15 16:36:54,280 [6394c69b-367f-4a62-9595-acf3eb8c80db@group-4CAFB8AFE6AC-LeaderElection12] INFO  server.RaftServer$Division (ServerState.java:setLeader(271)) - 6394c69b-367f-4a62-9595-acf3eb8c80db@group-4CAFB8AFE6AC: change Leader from null to 6394c69b-367f-4a62-9595-acf3eb8c80db at term 2 for becomeLeader, leader elected after 5259ms
2021-07-15 16:36:54,280 [6394c69b-367f-4a62-9595-acf3eb8c80db@group-4CAFB8AFE6AC-LeaderElection12] INFO  server.RaftServerConfigKeys (ConfUtils.java:logGet(44)) - raft.server.staging.catchup.gap = 1000 (default)
2021-07-15 16:36:54,280 [6394c69b-367f-4a62-9595-acf3eb8c80db@group-4CAFB8AFE6AC-LeaderElection12] INFO  metrics.RatisMetrics (RatisMetrics.java:lambda$create$0(36)) - Creating Metrics Registry : ratis.log_appender.6394c69b-367f-4a62-9595-acf3eb8c80db@group-4CAFB8AFE6AC
2021-07-15 16:36:54,280 [6394c69b-367f-4a62-9595-acf3eb8c80db@group-4CAFB8AFE6AC-LeaderElection12] INFO  server.RaftServerConfigKeys (ConfUtils.java:logGet(44)) - raft.server.write.element-limit = 4096 (default)
2021-07-15 16:36:54,280 [6394c69b-367f-4a62-9595-acf3eb8c80db@group-4CAFB8AFE6AC-LeaderElection12] INFO  server.RaftServerConfigKeys (ConfUtils.java:logGet(44)) - raft.server.write.byte-limit = 64MB (=67108864) (default)
2021-07-15 16:36:54,281 [6394c69b-367f-4a62-9595-acf3eb8c80db@group-4CAFB8AFE6AC-LeaderElection12] INFO  server.RaftServerConfigKeys (ConfUtils.java:logGet(44)) - raft.server.watch.timeout = 10s (default)
2021-07-15 16:36:54,281 [6394c69b-367f-4a62-9595-acf3eb8c80db@group-4CAFB8AFE6AC-LeaderElection12] INFO  server.RaftServerConfigKeys (ConfUtils.java:logGet(44)) - raft.server.watch.timeout.denomination = 1s (default)
2021-07-15 16:36:54,281 [6394c69b-367f-4a62-9595-acf3eb8c80db@group-4CAFB8AFE6AC-LeaderElection12] INFO  server.RaftServerConfigKeys (ConfUtils.java:logGet(44)) - raft.server.watch.element-limit = 65536 (default)
2021-07-15 16:36:54,281 [6394c69b-367f-4a62-9595-acf3eb8c80db@group-4CAFB8AFE6AC-LeaderElection12] INFO  impl.RoleInfo (RoleInfo.java:updateAndGet(130)) - 6394c69b-367f-4a62-9595-acf3eb8c80db: start 6394c69b-367f-4a62-9595-acf3eb8c80db@group-4CAFB8AFE6AC-LeaderStateImpl
2021-07-15 16:36:54,281 [6394c69b-367f-4a62-9595-acf3eb8c80db@group-4CAFB8AFE6AC-LeaderElection12] INFO  segmented.SegmentedRaftLogWorker (SegmentedRaftLogWorker.java:rollLogSegment(399)) - 6394c69b-367f-4a62-9595-acf3eb8c80db@group-4CAFB8AFE6AC-SegmentedRaftLogWorker: Rolling segment log-0_0 to index:0
2021-07-15 16:36:54,282 [6394c69b-367f-4a62-9595-acf3eb8c80db@group-4CAFB8AFE6AC-SegmentedRaftLogWorker] INFO  segmented.SegmentedRaftLogWorker (SegmentedRaftLogWorker.java:execute(558)) - 6394c69b-367f-4a62-9595-acf3eb8c80db@group-4CAFB8AFE6AC-SegmentedRaftLogWorker: Rolled log segment from /home/runner/work/ozone/ozone/mnt/ozone/hadoop-ozone/integration-test/target/test-dir/MiniOzoneClusterImpl-8ef06965-d5c9-44f0-9cd1-4cafb8afe6ac/scmNode-1/scm-ha/8ef06965-d5c9-44f0-9cd1-4cafb8afe6ac/current/log_inprogress_0 to /home/runner/work/ozone/ozone/mnt/ozone/hadoop-ozone/integration-test/target/test-dir/MiniOzoneClusterImpl-8ef06965-d5c9-44f0-9cd1-4cafb8afe6ac/scmNode-1/scm-ha/8ef06965-d5c9-44f0-9cd1-4cafb8afe6ac/current/log_0-0
2021-07-15 16:36:54,284 [6394c69b-367f-4a62-9595-acf3eb8c80db@group-4CAFB8AFE6AC-LeaderElection12] INFO  server.RaftServer$Division (ServerState.java:setRaftConf(373)) - 6394c69b-367f-4a62-9595-acf3eb8c80db@group-4CAFB8AFE6AC: set configuration 1: [6394c69b-367f-4a62-9595-acf3eb8c80db|rpc:localhost:14048|admin:|client:|dataStream:|priority:0], old=null
2021-07-15 16:36:54,286 [6394c69b-367f-4a62-9595-acf3eb8c80db@group-4CAFB8AFE6AC-SegmentedRaftLogWorker] INFO  segmented.SegmentedRaftLogWorker (SegmentedRaftLogWorker.java:execute(601)) - 6394c69b-367f-4a62-9595-acf3eb8c80db@group-4CAFB8AFE6AC-SegmentedRaftLogWorker: created new log segment /home/runner/work/ozone/ozone/mnt/ozone/hadoop-ozone/integration-test/target/test-dir/MiniOzoneClusterImpl-8ef06965-d5c9-44f0-9cd1-4cafb8afe6ac/scmNode-1/scm-ha/8ef06965-d5c9-44f0-9cd1-4cafb8afe6ac/current/log_inprogress_1
2021-07-15 16:36:54,287 [6394c69b-367f-4a62-9595-acf3eb8c80db@group-4CAFB8AFE6AC-StateMachineUpdater] INFO  ha.SCMContext (SCMContext.java:setLeaderReady(115)) - update <isLeaderReady> from <false> to <true>
2021-07-15 16:36:54,287 [6394c69b-367f-4a62-9595-acf3eb8c80db@group-4CAFB8AFE6AC-StateMachineUpdater] INFO  pipeline.BackgroundPipelineCreator (BackgroundPipelineCreatorV2.java:notifyStatusChanged(264)) - Service BackgroundPipelineCreator transitions to RUNNING.
2021-07-15 16:36:54,288 [6394c69b-367f-4a62-9595-acf3eb8c80db@group-4CAFB8AFE6AC-StateMachineUpdater] INFO  safemode.HealthyPipelineSafeModeRule (HealthyPipelineSafeModeRule.java:initializeRule(152)) - Refreshed total pipeline count is 0, healthy pipeline threshold count is 1
2021-07-15 16:36:54,288 [6394c69b-367f-4a62-9595-acf3eb8c80db@group-4CAFB8AFE6AC-StateMachineUpdater] INFO  safemode.ContainerSafeModeRule (ContainerSafeModeRule.java:reInitializeRule(177)) - Refreshed one replica container threshold 0, currentThreshold 0
2021-07-15 16:36:54,288 [6394c69b-367f-4a62-9595-acf3eb8c80db@group-4CAFB8AFE6AC-StateMachineUpdater] INFO  safemode.OneReplicaPipelineSafeModeRule (OneReplicaPipelineSafeModeRule.java:initializeRule(176)) - Refreshed Total pipeline count is 0, pipeline's with at least one datanode reported threshold count is 0
2021-07-15 16:36:54,288 [6394c69b-367f-4a62-9595-acf3eb8c80db@group-4CAFB8AFE6AC-StateMachineUpdater] INFO  server.SCMDatanodeProtocolServer (SCMDatanodeProtocolServer.java:start(181)) - RPC server for DataNodes is listening at /0.0.0.0:14049
2021-07-15 16:36:54,291 [IPC Server listener on 14049] INFO  ipc.Server (Server.java:run(1344)) - IPC Server listener on 14049: starting
2021-07-15 16:36:54,292 [IPC Server Responder] INFO  ipc.Server (Server.java:run(1507)) - IPC Server Responder: starting
2021-07-15 16:36:54,804 [EndpointStateMachine task thread for /127.0.0.1:12801 - 0 ] INFO  ipc.Client (Client.java:handleConnectionFailure(977)) - Retrying connect to server: localhost/127.0.0.1:12801. Already tried 9 time(s); retry policy is RetryUpToMaximumCountWithFixedSleep(maxRetries=15, sleepTime=1000 MILLISECONDS)
2021-07-15 16:36:54,804 [EndpointStateMachine task thread for /127.0.0.1:12821 - 0 ] INFO  ipc.Client (Client.java:handleConnectionFailure(977)) - Retrying connect to server: localhost/127.0.0.1:12821. Already tried 5 time(s); retry policy is RetryUpToMaximumCountWithFixedSleep(maxRetries=15, sleepTime=1000 MILLISECONDS)
2021-07-15 16:36:54,804 [EndpointStateMachine task thread for /127.0.0.1:12811 - 0 ] INFO  ipc.Client (Client.java:handleConnectionFailure(977)) - Retrying connect to server: localhost/127.0.0.1:12811. Already tried 5 time(s); retry policy is RetryUpToMaximumCountWithFixedSleep(maxRetries=15, sleepTime=1000 MILLISECONDS)
2021-07-15 16:36:55,245 [Listener at 0.0.0.0/14051] INFO  server.StorageContainerManager (StorageContainerManager.java:scmBootstrap(942)) - SCM BootStrap  is successful for ClusterID 8ef06965-d5c9-44f0-9cd1-4cafb8afe6ac, SCMID 3f02e2f7-a9fe-43aa-a16a-2bf2030dc8fd
2021-07-15 16:36:55,245 [Listener at 0.0.0.0/14051] INFO  server.StorageContainerManager (StorageContainerManager.java:scmBootstrap(944)) - Primary SCM Node ID 6394c69b-367f-4a62-9595-acf3eb8c80db
2021-07-15 16:36:55,245 [Listener at 0.0.0.0/14051] INFO  ha.SCMHANodeDetails (SCMHANodeDetails.java:loadSCMHAConfig(157)) - ServiceID for StorageContainerManager is scm-service-test1
2021-07-15 16:36:55,246 [Listener at 0.0.0.0/14051] INFO  ha.SCMHANodeDetails (SCMHANodeDetails.java:loadSCMHAConfig(168)) - ServiceID for StorageContainerManager is scm-service-test1
2021-07-15 16:36:55,246 [Listener at 0.0.0.0/14051] WARN  scm.ScmUtils (ScmUtils.java:logWarn(179)) - ConfigKey ozone.scm.block.client.address is deprecated, For configuring different ports for each SCM use PortConfigKey ozone.scm.block.client.port appended with serviceId and nodeId. If want to configure same port configure ozone.scm.block.client.port
2021-07-15 16:36:55,246 [Listener at 0.0.0.0/14051] WARN  scm.ScmUtils (ScmUtils.java:logWarn(179)) - ConfigKey ozone.scm.client.address is deprecated, For configuring different ports for each SCM use PortConfigKey ozone.scm.client.port appended with serviceId and nodeId. If want to configure same port configure ozone.scm.client.port
2021-07-15 16:36:55,247 [Listener at 0.0.0.0/14051] WARN  scm.ScmUtils (ScmUtils.java:logWarn(179)) - ConfigKey ozone.scm.datanode.address is deprecated, For configuring different ports for each SCM use PortConfigKey ozone.scm.datanode.port appended with serviceId and nodeId. If want to configure same port configure ozone.scm.datanode.port
2021-07-15 16:36:55,247 [Listener at 0.0.0.0/14051] WARN  scm.ScmUtils (ScmUtils.java:logWarn(179)) - ConfigKey ozone.scm.block.client.address is deprecated, For configuring different ports for each SCM use PortConfigKey ozone.scm.block.client.port appended with serviceId and nodeId. If want to configure same port configure ozone.scm.block.client.port
2021-07-15 16:36:55,247 [Listener at 0.0.0.0/14051] WARN  scm.ScmUtils (ScmUtils.java:logWarn(179)) - ConfigKey ozone.scm.client.address is deprecated, For configuring different ports for each SCM use PortConfigKey ozone.scm.client.port appended with serviceId and nodeId. If want to configure same port configure ozone.scm.client.port
2021-07-15 16:36:55,249 [Listener at 0.0.0.0/14051] WARN  scm.ScmUtils (ScmUtils.java:logWarn(179)) - ConfigKey ozone.scm.datanode.address is deprecated, For configuring different ports for each SCM use PortConfigKey ozone.scm.datanode.port appended with serviceId and nodeId. If want to configure same port configure ozone.scm.datanode.port
2021-07-15 16:36:55,250 [Listener at 0.0.0.0/14051] INFO  ha.SCMHANodeDetails (SCMHANodeDetails.java:loadSCMHAConfig(250)) - Found matching SCM address with SCMServiceId: scm-service-test1, SCMNodeId: scmNode-2, RPC Address: localhost:14058 and Ratis port: 14058
2021-07-15 16:36:55,250 [Listener at 0.0.0.0/14051] INFO  ha.SCMHANodeDetails (ConfUtils.java:setNodeSpecificConfigs(108)) - Setting configuration key ozone.scm.datanode.address with value of key ozone.scm.datanode.address.scm-service-test1.scmNode-2: 127.0.0.1:14059
2021-07-15 16:36:55,250 [Listener at 0.0.0.0/14051] INFO  ha.SCMHANodeDetails (ConfUtils.java:setNodeSpecificConfigs(108)) - Setting configuration key ozone.scm.block.client.address with value of key ozone.scm.block.client.address.scm-service-test1.scmNode-2: 127.0.0.1:14060
2021-07-15 16:36:55,250 [Listener at 0.0.0.0/14051] INFO  ha.SCMHANodeDetails (ConfUtils.java:setNodeSpecificConfigs(108)) - Setting configuration key ozone.scm.client.address with value of key ozone.scm.client.address.scm-service-test1.scmNode-2: 127.0.0.1:14061
2021-07-15 16:36:55,250 [Listener at 0.0.0.0/14051] INFO  ha.SCMHANodeDetails (ConfUtils.java:setNodeSpecificConfigs(108)) - Setting configuration key ozone.scm.ratis.port with value of key ozone.scm.ratis.port.scm-service-test1.scmNode-2: 14058
2021-07-15 16:36:55,250 [Listener at 0.0.0.0/14051] INFO  ha.SCMHANodeDetails (ConfUtils.java:setNodeSpecificConfigs(108)) - Setting configuration key ozone.scm.grpc.port with value of key ozone.scm.grpc.port.scm-service-test1.scmNode-2: 14062
2021-07-15 16:36:55,251 [Listener at 0.0.0.0/14051] INFO  ha.SCMHANodeDetails (ConfUtils.java:setNodeSpecificConfigs(108)) - Setting configuration key ozone.scm.http-address with value of key ozone.scm.http-address.scm-service-test1.scmNode-2: 127.0.0.1:14056
2021-07-15 16:36:55,251 [Listener at 0.0.0.0/14051] INFO  ha.SCMHANodeDetails (ConfUtils.java:setNodeSpecificConfigs(108)) - Setting configuration key ozone.scm.https-address with value of key ozone.scm.https-address.scm-service-test1.scmNode-2: 127.0.0.1:14057
2021-07-15 16:36:55,251 [Listener at 0.0.0.0/14051] INFO  ha.SCMHANodeDetails (ConfUtils.java:setNodeSpecificConfigs(108)) - Setting configuration key ozone.scm.address with value of key ozone.scm.address.scm-service-test1.scmNode-2: 127.0.0.1
2021-07-15 16:36:55,251 [Listener at 0.0.0.0/14051] WARN  scm.ScmUtils (ScmUtils.java:logWarn(179)) - ConfigKey ozone.scm.block.client.address is deprecated, For configuring different ports for each SCM use PortConfigKey ozone.scm.block.client.port appended with serviceId and nodeId. If want to configure same port configure ozone.scm.block.client.port
2021-07-15 16:36:55,251 [Listener at 0.0.0.0/14051] WARN  scm.ScmUtils (ScmUtils.java:logWarn(179)) - ConfigKey ozone.scm.client.address is deprecated, For configuring different ports for each SCM use PortConfigKey ozone.scm.client.port appended with serviceId and nodeId. If want to configure same port configure ozone.scm.client.port
2021-07-15 16:36:55,251 [Listener at 0.0.0.0/14051] WARN  scm.ScmUtils (ScmUtils.java:logWarn(179)) - ConfigKey ozone.scm.datanode.address is deprecated, For configuring different ports for each SCM use PortConfigKey ozone.scm.datanode.port appended with serviceId and nodeId. If want to configure same port configure ozone.scm.datanode.port
2021-07-15 16:36:55,252 [Listener at 0.0.0.0/14051] WARN  server.ServerUtils (ServerUtils.java:getScmDbDir(148)) - ozone.scm.db.dirs is not configured. We recommend adding this setting. Falling back to ozone.metadata.dirs instead.
2021-07-15 16:36:55,253 [Listener at 0.0.0.0/14051] INFO  upgrade.AbstractLayoutVersionManager (AbstractLayoutVersionManager.java:init(70)) - Initializing Layout version manager with metadata layout = SCM_HA (version = 2), software layout = SCM_HA (version = 2)
2021-07-15 16:36:55,295 [Listener at 0.0.0.0/14051] INFO  reflections.Reflections (Reflections.java:scan(232)) - Reflections took 41 ms to scan 7 urls, producing 119 keys and 271 values 
2021-07-15 16:36:55,297 [Listener at 0.0.0.0/14051] WARN  utils.HAUtils (HAUtils.java:getMetaDir(342)) - ozone.scm.db.dirs is not configured. We recommend adding this setting. Falling back to ozone.metadata.dirs instead.
2021-07-15 16:36:55,298 [Listener at 0.0.0.0/14051] WARN  db.DBStoreBuilder (DBStoreBuilder.java:applyDBDefinition(145)) - ozone.scm.db.dirs is not configured. We recommend adding this setting. Falling back to ozone.metadata.dirs instead.
2021-07-15 16:36:55,382 [Listener at 0.0.0.0/14051] INFO  net.NodeSchemaLoader (NodeSchemaLoader.java:loadSchemaFromFile(129)) - Loading schema from [jar:file:/home/runner/.m2/repository/org/apache/ozone/hdds-common/1.2.0-SNAPSHOT/hdds-common-1.2.0-SNAPSHOT.jar!/network-topology-default.xml]
2021-07-15 16:36:55,382 [Listener at 0.0.0.0/14051] INFO  net.NodeSchemaLoader (NodeSchemaLoader.java:loadSchema(176)) - Loading network topology layer schema file
2021-07-15 16:36:55,385 [Listener at 0.0.0.0/14051] INFO  ha.SCMRatisServerImpl (SCMRatisServerImpl.java:<init>(85)) - starting Raft server for scm:3f02e2f7-a9fe-43aa-a16a-2bf2030dc8fd
2021-07-15 16:36:55,385 [Listener at 0.0.0.0/14051] INFO  server.RaftServer (ConfUtils.java:logGet(44)) - raft.rpc.type = GRPC (default)
2021-07-15 16:36:55,386 [Listener at 0.0.0.0/14051] INFO  grpc.GrpcFactory (GrpcFactory.java:checkPooledByteBufAllocatorUseCacheForAllThreads(48)) - PERFORMANCE WARNING: useCacheForAllThreads is true that may cause Netty to create a lot garbage objects and, as a result, trigger GC.
	It is recommended to disable useCacheForAllThreads by setting -Dorg.apache.ratis.thirdparty.io.netty.allocator.useCacheForAllThreads=false in command line.
2021-07-15 16:36:55,386 [Listener at 0.0.0.0/14051] INFO  grpc.GrpcConfigKeys (ConfUtils.java:logGet(44)) - raft.grpc.admin.port = -1 (default)
2021-07-15 16:36:55,386 [Listener at 0.0.0.0/14051] INFO  grpc.GrpcConfigKeys (ConfUtils.java:logGet(44)) - raft.grpc.server.port = 14058 (custom)
2021-07-15 16:36:55,386 [Listener at 0.0.0.0/14051] INFO  grpc.GrpcConfigKeys (ConfUtils.java:logGet(44)) - raft.grpc.client.port = -1 (default)
2021-07-15 16:36:55,386 [Listener at 0.0.0.0/14051] INFO  grpc.GrpcConfigKeys (ConfUtils.java:logGet(44)) - raft.grpc.server.port = 14058 (custom)
2021-07-15 16:36:55,387 [Listener at 0.0.0.0/14051] INFO  grpc.GrpcConfigKeys (ConfUtils.java:logGet(44)) - raft.grpc.server.port = 14058 (custom)
2021-07-15 16:36:55,387 [Listener at 0.0.0.0/14051] INFO  server.GrpcService (ConfUtils.java:logGet(44)) - raft.grpc.message.size.max = 32m (=33554432) (custom)
2021-07-15 16:36:55,387 [Listener at 0.0.0.0/14051] INFO  server.RaftServerConfigKeys (ConfUtils.java:logGet(44)) - raft.server.log.appender.buffer.byte-limit = 33554432 (custom)
2021-07-15 16:36:55,387 [Listener at 0.0.0.0/14051] INFO  server.GrpcService (ConfUtils.java:logGet(44)) - raft.grpc.flow.control.window = 1MB (=1048576) (default)
2021-07-15 16:36:55,388 [Listener at 0.0.0.0/14051] INFO  server.RaftServerConfigKeys (ConfUtils.java:logGet(44)) - raft.server.rpc.request.timeout = 30000ms (custom)
2021-07-15 16:36:55,389 [Listener at 0.0.0.0/14051] INFO  impl.DataStreamServerImpl (ConfUtils.java:logGet(44)) - raft.datastream.type = DISABLED (default)
2021-07-15 16:36:55,389 [Listener at 0.0.0.0/14051] INFO  server.RaftServerConfigKeys (ConfUtils.java:logGet(44)) - raft.server.rpc.slowness.timeout = 120000ms (custom)
2021-07-15 16:36:55,389 [Listener at 0.0.0.0/14051] INFO  server.RaftServerConfigKeys (ConfUtils.java:logGet(44)) - raft.server.leaderelection.leader.step-down.wait-time = 10s (default)
2021-07-15 16:36:55,389 [Listener at 0.0.0.0/14051] INFO  server.RaftServerConfigKeys (ConfUtils.java:logGet(44)) - raft.server.storage.dir = [/home/runner/work/ozone/ozone/mnt/ozone/hadoop-ozone/integration-test/target/test-dir/MiniOzoneClusterImpl-8ef06965-d5c9-44f0-9cd1-4cafb8afe6ac/scmNode-2/scm-ha] (custom)
2021-07-15 16:36:55,390 [Listener at 0.0.0.0/14051] INFO  server.RaftServer (RaftServerProxy.java:addNew(95)) - 3f02e2f7-a9fe-43aa-a16a-2bf2030dc8fd: addNew group-4CAFB8AFE6AC:[] returns group-4CAFB8AFE6AC:java.util.concurrent.CompletableFuture@57e8e8d6[Not completed]
2021-07-15 16:36:55,390 [pool-197-thread-1] INFO  server.RaftServer$Division (RaftServerImpl.java:<init>(180)) - 3f02e2f7-a9fe-43aa-a16a-2bf2030dc8fd: new RaftServerImpl for group-4CAFB8AFE6AC:[] with SCMStateMachine:uninitialized
2021-07-15 16:36:55,391 [pool-197-thread-1] INFO  server.RaftServerConfigKeys (ConfUtils.java:logGet(44)) - raft.server.rpc.timeout.min = 5000ms (custom)
2021-07-15 16:36:55,391 [pool-197-thread-1] INFO  server.RaftServerConfigKeys (ConfUtils.java:logGet(44)) - raft.server.rpc.timeout.max = 5200ms (custom)
2021-07-15 16:36:55,391 [pool-197-thread-1] INFO  server.RaftServerConfigKeys (ConfUtils.java:logGet(44)) - raft.server.rpc.sleep.time = 25ms (default)
2021-07-15 16:36:55,391 [pool-197-thread-1] INFO  server.RaftServerConfigKeys (ConfUtils.java:logGet(44)) - raft.server.rpc.slowness.timeout = 120000ms (custom)
2021-07-15 16:36:55,392 [pool-197-thread-1] INFO  server.RaftServerConfigKeys (ConfUtils.java:logGet(44)) - raft.server.leaderelection.leader.step-down.wait-time = 10s (default)
2021-07-15 16:36:55,392 [pool-197-thread-1] INFO  server.RaftServerConfigKeys (ConfUtils.java:logGet(44)) - raft.server.sleep.deviation.threshold = 300ms (default)
2021-07-15 16:36:55,392 [pool-197-thread-1] INFO  server.RaftServerConfigKeys (ConfUtils.java:logGet(44)) - raft.server.log.appender.install.snapshot.enabled = false (custom)
2021-07-15 16:36:55,392 [pool-197-thread-1] INFO  server.RaftServer$Division (ServerState.java:<init>(105)) - 3f02e2f7-a9fe-43aa-a16a-2bf2030dc8fd@group-4CAFB8AFE6AC: ConfigurationManager, init=-1: [], old=null, confs=<EMPTY_MAP>
2021-07-15 16:36:55,392 [pool-197-thread-1] INFO  server.RaftServerConfigKeys (ConfUtils.java:logGet(44)) - raft.server.storage.dir = [/home/runner/work/ozone/ozone/mnt/ozone/hadoop-ozone/integration-test/target/test-dir/MiniOzoneClusterImpl-8ef06965-d5c9-44f0-9cd1-4cafb8afe6ac/scmNode-2/scm-ha] (custom)
2021-07-15 16:36:55,392 [pool-197-thread-1] INFO  server.RaftServerConfigKeys (ConfUtils.java:logGet(44)) - raft.server.log.corruption.policy = EXCEPTION (default)
2021-07-15 16:36:55,392 [pool-197-thread-1] INFO  storage.RaftStorageDirectory (RaftStorageDirectoryImpl.java:analyzeStorage(132)) - The storage directory /home/runner/work/ozone/ozone/mnt/ozone/hadoop-ozone/integration-test/target/test-dir/MiniOzoneClusterImpl-8ef06965-d5c9-44f0-9cd1-4cafb8afe6ac/scmNode-2/scm-ha/8ef06965-d5c9-44f0-9cd1-4cafb8afe6ac does not exist. Creating ...
2021-07-15 16:36:55,394 [pool-197-thread-1] INFO  storage.RaftStorageDirectory (RaftStorageDirectoryImpl.java:tryLock(215)) - Lock on /home/runner/work/ozone/ozone/mnt/ozone/hadoop-ozone/integration-test/target/test-dir/MiniOzoneClusterImpl-8ef06965-d5c9-44f0-9cd1-4cafb8afe6ac/scmNode-2/scm-ha/8ef06965-d5c9-44f0-9cd1-4cafb8afe6ac/in_use.lock acquired by nodename 5190@fv-az151-474
2021-07-15 16:36:55,395 [pool-197-thread-1] INFO  storage.RaftStorage (RaftStorageImpl.java:format(87)) - Storage directory /home/runner/work/ozone/ozone/mnt/ozone/hadoop-ozone/integration-test/target/test-dir/MiniOzoneClusterImpl-8ef06965-d5c9-44f0-9cd1-4cafb8afe6ac/scmNode-2/scm-ha/8ef06965-d5c9-44f0-9cd1-4cafb8afe6ac has been successfully formatted.
2021-07-15 16:36:55,395 [pool-197-thread-1] INFO  server.RaftServerConfigKeys (ConfUtils.java:logGet(44)) - raft.server.notification.no-leader.timeout = 60s (default)
2021-07-15 16:36:55,395 [pool-197-thread-1] INFO  server.RaftServerConfigKeys (ConfUtils.java:logGet(44)) - raft.server.log.use.memory = false (default)
2021-07-15 16:36:55,395 [pool-197-thread-1] INFO  server.RaftServerConfigKeys (ConfUtils.java:logGet(44)) - raft.server.log.purge.gap = 5 (custom)
2021-07-15 16:36:55,395 [pool-197-thread-1] INFO  server.RaftServerConfigKeys (ConfUtils.java:logGet(44)) - raft.server.log.appender.buffer.byte-limit = 33554432 (custom)
2021-07-15 16:36:55,395 [pool-197-thread-1] INFO  metrics.RatisMetrics (RatisMetrics.java:lambda$create$0(36)) - Creating Metrics Registry : ratis.log_worker.3f02e2f7-a9fe-43aa-a16a-2bf2030dc8fd@group-4CAFB8AFE6AC
2021-07-15 16:36:55,396 [pool-197-thread-1] INFO  server.RaftServerConfigKeys (ConfUtils.java:logGet(44)) - raft.server.log.segment.size.max = 16384 (custom)
2021-07-15 16:36:55,396 [pool-197-thread-1] INFO  server.RaftServerConfigKeys (ConfUtils.java:logGet(44)) - raft.server.log.segment.cache.num.max = 2 (custom)
2021-07-15 16:36:55,396 [pool-197-thread-1] INFO  server.RaftServerConfigKeys (ConfUtils.java:logGet(44)) - raft.server.log.segment.cache.size.max = 200MB (=209715200) (default)
2021-07-15 16:36:55,396 [pool-197-thread-1] INFO  segmented.SegmentedRaftLogWorker (SegmentedRaftLogWorker.java:<init>(182)) - new 3f02e2f7-a9fe-43aa-a16a-2bf2030dc8fd@group-4CAFB8AFE6AC-SegmentedRaftLogWorker for RaftStorageImpl:Storage Directory /home/runner/work/ozone/ozone/mnt/ozone/hadoop-ozone/integration-test/target/test-dir/MiniOzoneClusterImpl-8ef06965-d5c9-44f0-9cd1-4cafb8afe6ac/scmNode-2/scm-ha/8ef06965-d5c9-44f0-9cd1-4cafb8afe6ac
2021-07-15 16:36:55,396 [pool-197-thread-1] INFO  server.RaftServerConfigKeys (ConfUtils.java:logGet(44)) - raft.server.log.queue.byte-limit = 64MB (=67108864) (default)
2021-07-15 16:36:55,396 [pool-197-thread-1] INFO  server.RaftServerConfigKeys (ConfUtils.java:logGet(44)) - raft.server.log.queue.element-limit = 4096 (default)
2021-07-15 16:36:55,397 [pool-197-thread-1] INFO  server.RaftServerConfigKeys (ConfUtils.java:logGet(44)) - raft.server.log.segment.size.max = 16384 (custom)
2021-07-15 16:36:55,397 [pool-197-thread-1] INFO  server.RaftServerConfigKeys (ConfUtils.java:logGet(44)) - raft.server.log.preallocated.size = 16384 (custom)
2021-07-15 16:36:55,397 [pool-197-thread-1] INFO  server.RaftServerConfigKeys (ConfUtils.java:logGet(44)) - raft.server.log.force.sync.num = 128 (default)
2021-07-15 16:36:55,397 [pool-197-thread-1] INFO  server.RaftServerConfigKeys (ConfUtils.java:logGet(44)) - raft.server.log.statemachine.data.sync = true (default)
2021-07-15 16:36:55,397 [pool-197-thread-1] INFO  server.RaftServerConfigKeys (ConfUtils.java:logGet(44)) - raft.server.log.statemachine.data.sync.timeout = 10s (default)
2021-07-15 16:36:55,397 [pool-197-thread-1] INFO  server.RaftServerConfigKeys (ConfUtils.java:logGet(44)) - raft.server.log.statemachine.data.sync.timeout.retry = -1 (default)
2021-07-15 16:36:55,398 [pool-197-thread-1] INFO  server.RaftServerConfigKeys (ConfUtils.java:logGet(44)) - raft.server.log.write.buffer.size = 64KB (=65536) (default)
2021-07-15 16:36:55,398 [pool-197-thread-1] INFO  server.RaftServerConfigKeys (ConfUtils.java:logGet(44)) - raft.server.log.statemachine.data.caching.enabled = false (default)
2021-07-15 16:36:55,398 [pool-197-thread-1] INFO  segmented.SegmentedRaftLogWorker (SegmentedRaftLogWorker.java:lambda$new$0(133)) - 3f02e2f7-a9fe-43aa-a16a-2bf2030dc8fd@group-4CAFB8AFE6AC-SegmentedRaftLogWorker: flushIndex: setUnconditionally 0 -> -1
2021-07-15 16:36:55,398 [pool-197-thread-1] INFO  segmented.SegmentedRaftLogWorker (SegmentedRaftLogWorker.java:lambda$new$0(133)) - 3f02e2f7-a9fe-43aa-a16a-2bf2030dc8fd@group-4CAFB8AFE6AC-SegmentedRaftLogWorker: safeCacheEvictIndex: setUnconditionally 0 -> -1
2021-07-15 16:36:55,398 [pool-197-thread-1] INFO  server.RaftServerConfigKeys (ConfUtils.java:logGet(44)) - raft.server.snapshot.auto.trigger.enabled = true (custom)
2021-07-15 16:36:55,398 [pool-197-thread-1] INFO  server.RaftServerConfigKeys (ConfUtils.java:logGet(44)) - raft.server.snapshot.auto.trigger.threshold = 5 (custom)
2021-07-15 16:36:55,398 [pool-197-thread-1] INFO  server.RaftServerConfigKeys (ConfUtils.java:logGet(44)) - raft.server.snapshot.retention.file.num = -1 (default)
2021-07-15 16:36:55,398 [pool-197-thread-1] INFO  server.RaftServerConfigKeys (ConfUtils.java:logGet(44)) - raft.server.log.purge.upto.snapshot.index = true (custom)
2021-07-15 16:36:55,399 [pool-197-thread-1] INFO  server.RaftServerConfigKeys (ConfUtils.java:logGet(44)) - raft.server.retrycache.expirytime = 60000ms (default)
2021-07-15 16:36:55,399 [pool-197-thread-1] INFO  server.RaftServerConfigKeys (ConfUtils.java:logGet(44)) - raft.server.retrycache.statistics.expirytime = 100μs (default)
2021-07-15 16:36:55,399 [pool-197-thread-1] INFO  metrics.RatisMetrics (RatisMetrics.java:lambda$create$0(36)) - Creating Metrics Registry : ratis.leader_election.3f02e2f7-a9fe-43aa-a16a-2bf2030dc8fd@group-4CAFB8AFE6AC
2021-07-15 16:36:55,399 [pool-197-thread-1] INFO  metrics.RatisMetrics (RatisMetrics.java:lambda$create$0(36)) - Creating Metrics Registry : ratis.server.3f02e2f7-a9fe-43aa-a16a-2bf2030dc8fd@group-4CAFB8AFE6AC
2021-07-15 16:36:55,400 [Listener at 0.0.0.0/14051] INFO  ha.SCMSnapshotProvider (SCMSnapshotProvider.java:<init>(66)) - Initializing SCM Snapshot Provider
2021-07-15 16:36:55,400 [Listener at 0.0.0.0/14051] WARN  server.ServerUtils (ServerUtils.java:getDefaultRatisDirectory(237)) - Storage directory for Ratis is not configured. It is a good idea to map this to an SSD disk. Falling back to ozone.metadata.dirs
2021-07-15 16:36:55,401 [Listener at 0.0.0.0/14051] WARN  ha.SCMHAUtils (SCMHAUtils.java:getSCMRatisSnapshotDirectory(142)) - SCM snapshot dir is not configured. Falling back to ozone.metadata.dirs config
2021-07-15 16:36:55,402 [Listener at 0.0.0.0/14051] INFO  ha.SequenceIdGenerator (SequenceIdGenerator.java:upgradeToSequenceId(327)) - upgrade localId to 107544261427200000
2021-07-15 16:36:55,403 [Listener at 0.0.0.0/14051] INFO  ha.SequenceIdGenerator (SequenceIdGenerator.java:upgradeToSequenceId(337)) - upgrade delTxnId to 0
2021-07-15 16:36:55,403 [Listener at 0.0.0.0/14051] INFO  ha.SequenceIdGenerator (SequenceIdGenerator.java:upgradeToSequenceId(351)) - upgrade containerId to 0
2021-07-15 16:36:55,403 [Listener at 0.0.0.0/14051] INFO  ha.SequenceIdGenerator (SequenceIdGenerator.java:<init>(217)) - Init the HA SequenceIdGenerator.
2021-07-15 16:36:55,404 [Listener at 0.0.0.0/14051] WARN  server.ServerUtils (ServerUtils.java:sanitizeUserArgs(73)) - ozone.scm.stale.node.interval value = 300000 is larger than max = 100000 based on the key value of ozone.scm.heartbeat.thread.interval, reset to the max value 100000.
2021-07-15 16:36:55,404 [Listener at 0.0.0.0/14051] WARN  server.ServerUtils (ServerUtils.java:sanitizeUserArgs(73)) - ozone.scm.stale.node.interval value = 300000 is larger than max = 100000 based on the key value of ozone.scm.heartbeat.thread.interval, reset to the max value 100000.
2021-07-15 16:36:55,405 [Listener at 0.0.0.0/14051] INFO  node.SCMNodeManager (SCMNodeManager.java:<init>(141)) - Entering startup safe mode.
2021-07-15 16:36:55,406 [Listener at 0.0.0.0/14051] INFO  algorithms.ContainerPlacementPolicyFactory (ContainerPlacementPolicyFactory.java:getPolicy(60)) - Create container placement policy of type org.apache.hadoop.hdds.scm.container.placement.algorithms.SCMContainerPlacementRandom
2021-07-15 16:36:55,407 [Listener at 0.0.0.0/14051] INFO  pipeline.PipelineStateManager (PipelineStateManagerV2Impl.java:initialize(78)) - No pipeline exists in current db
2021-07-15 16:36:55,407 [Listener at 0.0.0.0/14051] INFO  algorithms.LeaderChoosePolicyFactory (LeaderChoosePolicyFactory.java:getPolicy(57)) - Create leader choose policy of type org.apache.hadoop.hdds.scm.pipeline.leader.choose.algorithms.MinLeaderCountChoosePolicy
2021-07-15 16:36:55,407 [Listener at 0.0.0.0/14051] INFO  ha.SCMServiceManager (SCMServiceManager.java:register(43)) - Registering service BackgroundPipelineCreator.
2021-07-15 16:36:55,407 [Listener at 0.0.0.0/14051] INFO  pipeline.BackgroundPipelineCreator (BackgroundPipelineCreatorV2.java:start(130)) - Starting RatisPipelineUtilsThread.
2021-07-15 16:36:55,408 [Listener at 0.0.0.0/14051] INFO  algorithms.PipelineChoosePolicyFactory (PipelineChoosePolicyFactory.java:createPipelineChoosePolicyFromClass(73)) - Create pipeline choose policy of type org.apache.hadoop.hdds.scm.pipeline.choose.algorithms.RandomPipelineChoosePolicy
2021-07-15 16:36:55,409 [Listener at 0.0.0.0/14051] INFO  ha.SCMServiceManager (SCMServiceManager.java:register(43)) - Registering service SCMBlockDeletingService.
2021-07-15 16:36:55,409 [Listener at 0.0.0.0/14051] INFO  ha.SCMServiceManager (SCMServiceManager.java:register(43)) - Registering service ReplicationManager.
2021-07-15 16:36:55,409 [Listener at 0.0.0.0/14051] INFO  container.ReplicationManager (ReplicationManager.java:start(220)) - Starting Replication Monitor Thread.
2021-07-15 16:36:55,410 [Listener at 0.0.0.0/14051] INFO  safemode.ContainerSafeModeRule (ContainerSafeModeRule.java:<init>(89)) - containers with one replica threshold count 0
2021-07-15 16:36:55,411 [Listener at 0.0.0.0/14051] INFO  safemode.HealthyPipelineSafeModeRule (HealthyPipelineSafeModeRule.java:initializeRule(156)) - Total pipeline count is 0, healthy pipeline threshold count is 1
2021-07-15 16:36:55,411 [Listener at 0.0.0.0/14051] INFO  safemode.OneReplicaPipelineSafeModeRule (OneReplicaPipelineSafeModeRule.java:initializeRule(180)) - Total pipeline count is 0, pipeline's with at least one datanode reported threshold count is 0
2021-07-15 16:36:55,419 [ReplicationMonitor] INFO  container.ReplicationManager (ReplicationManager.java:run(284)) - Replication Monitor Thread took 0 milliseconds for processing 0 containers.
2021-07-15 16:36:55,419 [Listener at 0.0.0.0/14051] INFO  ipc.CallQueueManager (CallQueueManager.java:<init>(90)) - Using callQueue: class java.util.concurrent.LinkedBlockingQueue, queueCapacity: 2000, scheduler: class org.apache.hadoop.ipc.DefaultRpcScheduler, ipcBackoff: false.
2021-07-15 16:36:55,419 [Socket Reader #1 for port 14059] INFO  ipc.Server (Server.java:run(1265)) - Starting Socket Reader #1 for port 14059
2021-07-15 16:36:55,424 [Listener at 0.0.0.0/14059] INFO  ipc.CallQueueManager (CallQueueManager.java:<init>(90)) - Using callQueue: class java.util.concurrent.LinkedBlockingQueue, queueCapacity: 2000, scheduler: class org.apache.hadoop.ipc.DefaultRpcScheduler, ipcBackoff: false.
2021-07-15 16:36:55,425 [Socket Reader #1 for port 14060] INFO  ipc.Server (Server.java:run(1265)) - Starting Socket Reader #1 for port 14060
2021-07-15 16:36:55,426 [Listener at 0.0.0.0/14060] INFO  ipc.CallQueueManager (CallQueueManager.java:<init>(90)) - Using callQueue: class java.util.concurrent.LinkedBlockingQueue, queueCapacity: 2000, scheduler: class org.apache.hadoop.ipc.DefaultRpcScheduler, ipcBackoff: false.
2021-07-15 16:36:55,430 [Socket Reader #1 for port 14061] INFO  ipc.Server (Server.java:run(1265)) - Starting Socket Reader #1 for port 14061
2021-07-15 16:36:55,460 [Listener at 0.0.0.0/14061] INFO  server.StorageContainerManager (StorageContainerManager.java:<init>(378)) - 
Container Balancer status:
Key                            Value
Running                        true
Container Balancer Configuration values:
Key                            Value
Threshold                      0.1
Max Datanodes to Balance       5
Max Size to Move               10737418240B

2021-07-15 16:36:55,460 [Listener at 0.0.0.0/14061] WARN  events.EventQueue (EventQueue.java:fireEvent(194)) - No event handler registered for event TypedEvent{payloadType=SafeModeStatus, name='Safe mode status'}
2021-07-15 16:36:55,460 [Listener at 0.0.0.0/14061] INFO  ha.SCMContext (SCMContext.java:updateSafeModeStatus(205)) - Update SafeModeStatus from SafeModeStatus{safeModeStatus=true, preCheckPassed=false} to SafeModeStatus{safeModeStatus=true, preCheckPassed=false}.
2021-07-15 16:36:55,461 [Listener at 0.0.0.0/14061] INFO  server.StorageContainerManager (StorageContainerManager.java:start(1242)) - StorageContainerLocationProtocol RPC server is listening at /0.0.0.0:14061
2021-07-15 16:36:55,461 [Listener at 0.0.0.0/14061] INFO  ha.SCMRatisServerImpl (SCMRatisServerImpl.java:start(170)) - starting ratis server 0.0.0.0:14058
2021-07-15 16:36:55,461 [Listener at 0.0.0.0/14061] INFO  server.RaftServer$Division (RaftServerImpl.java:start(298)) - 3f02e2f7-a9fe-43aa-a16a-2bf2030dc8fd@group-4CAFB8AFE6AC: start with initializing state, conf=-1: [], old=null
2021-07-15 16:36:55,462 [Listener at 0.0.0.0/14061] INFO  server.RaftServer$Division (RaftServerImpl.java:setRole(284)) - 3f02e2f7-a9fe-43aa-a16a-2bf2030dc8fd@group-4CAFB8AFE6AC: changes role from      null to FOLLOWER at term 0 for startInitializing
2021-07-15 16:36:55,462 [Listener at 0.0.0.0/14061] INFO  util.JmxRegister (JmxRegister.java:tryRegister(44)) - Successfully registered JMX Bean with object name Ratis:service=RaftServer,group=group-4CAFB8AFE6AC,id=3f02e2f7-a9fe-43aa-a16a-2bf2030dc8fd
2021-07-15 16:36:55,462 [Listener at 0.0.0.0/14061] INFO  metrics.RatisMetrics (RatisMetrics.java:lambda$create$0(36)) - Creating Metrics Registry : ratis.state_machine.3f02e2f7-a9fe-43aa-a16a-2bf2030dc8fd@group-4CAFB8AFE6AC
2021-07-15 16:36:55,464 [Listener at 0.0.0.0/14061] INFO  server.RaftServer (RaftServerProxy.java:lambda$start$5(374)) - 3f02e2f7-a9fe-43aa-a16a-2bf2030dc8fd: start RPC server
2021-07-15 16:36:55,466 [Listener at 0.0.0.0/14061] INFO  server.GrpcService (GrpcService.java:startImpl(253)) - 3f02e2f7-a9fe-43aa-a16a-2bf2030dc8fd: GrpcService started, listening on 14058
2021-07-15 16:36:55,475 [org.apache.ratis.util.JvmPauseMonitor$$Lambda$496/1286580650@661fb92c] INFO  util.JvmPauseMonitor (JvmPauseMonitor.java:run(103)) - JvmPauseMonitor-3f02e2f7-a9fe-43aa-a16a-2bf2030dc8fd: Started
2021-07-15 16:36:55,476 [Listener at 0.0.0.0/14061] INFO  ha.SCMNodeInfo (SCMNodeInfo.java:getPort(197)) - ConfigKey ozone.scm.client.address is deprecated, For configuring different ports for each SCM use PortConfigKey ozone.scm.client.port appended with serviceId and nodeId
2021-07-15 16:36:55,476 [Listener at 0.0.0.0/14061] INFO  ha.SCMNodeInfo (SCMNodeInfo.java:getPort(197)) - ConfigKey ozone.scm.block.client.address is deprecated, For configuring different ports for each SCM use PortConfigKey ozone.scm.block.client.port appended with serviceId and nodeId
2021-07-15 16:36:55,476 [Listener at 0.0.0.0/14061] INFO  ha.SCMNodeInfo (SCMNodeInfo.java:getPort(197)) - ConfigKey ozone.scm.datanode.address is deprecated, For configuring different ports for each SCM use PortConfigKey ozone.scm.datanode.port appended with serviceId and nodeId
2021-07-15 16:36:55,476 [Listener at 0.0.0.0/14061] INFO  ha.SCMNodeInfo (SCMNodeInfo.java:getPort(197)) - ConfigKey ozone.scm.client.address is deprecated, For configuring different ports for each SCM use PortConfigKey ozone.scm.client.port appended with serviceId and nodeId
2021-07-15 16:36:55,476 [Listener at 0.0.0.0/14061] INFO  ha.SCMNodeInfo (SCMNodeInfo.java:getPort(197)) - ConfigKey ozone.scm.block.client.address is deprecated, For configuring different ports for each SCM use PortConfigKey ozone.scm.block.client.port appended with serviceId and nodeId
2021-07-15 16:36:55,477 [Listener at 0.0.0.0/14061] INFO  ha.SCMNodeInfo (SCMNodeInfo.java:getPort(197)) - ConfigKey ozone.scm.datanode.address is deprecated, For configuring different ports for each SCM use PortConfigKey ozone.scm.datanode.port appended with serviceId and nodeId
2021-07-15 16:36:55,477 [Listener at 0.0.0.0/14061] INFO  ha.SCMNodeInfo (SCMNodeInfo.java:getPort(197)) - ConfigKey ozone.scm.client.address is deprecated, For configuring different ports for each SCM use PortConfigKey ozone.scm.client.port appended with serviceId and nodeId
2021-07-15 16:36:55,477 [Listener at 0.0.0.0/14061] INFO  ha.SCMNodeInfo (SCMNodeInfo.java:getPort(197)) - ConfigKey ozone.scm.block.client.address is deprecated, For configuring different ports for each SCM use PortConfigKey ozone.scm.block.client.port appended with serviceId and nodeId
2021-07-15 16:36:55,477 [Listener at 0.0.0.0/14061] INFO  ha.SCMNodeInfo (SCMNodeInfo.java:getPort(197)) - ConfigKey ozone.scm.datanode.address is deprecated, For configuring different ports for each SCM use PortConfigKey ozone.scm.datanode.port appended with serviceId and nodeId
2021-07-15 16:36:55,483 [IPC Server handler 3 on default port 14050] INFO  ha.SCMRatisServerImpl (SCMRatisServerImpl.java:addSCM(280)) - 6394c69b-367f-4a62-9595-acf3eb8c80db: Submitting SetConfiguration request to Ratis server with new SCM peers list: [6394c69b-367f-4a62-9595-acf3eb8c80db|rpc:localhost:14048|admin:|client:|dataStream:|priority:0, 3f02e2f7-a9fe-43aa-a16a-2bf2030dc8fd|rpc:localhost:14058|priority:0]
2021-07-15 16:36:55,483 [IPC Server handler 3 on default port 14050] INFO  server.RaftServer$Division (RaftServerImpl.java:setConfigurationAsync(970)) - 6394c69b-367f-4a62-9595-acf3eb8c80db@group-4CAFB8AFE6AC: receive setConfiguration SetConfigurationRequest:client-ADCB5921AF14->6394c69b-367f-4a62-9595-acf3eb8c80db@group-4CAFB8AFE6AC, cid=0, seq=0, RW, null, peers:[6394c69b-367f-4a62-9595-acf3eb8c80db|rpc:localhost:14048|admin:|client:|dataStream:|priority:0, 3f02e2f7-a9fe-43aa-a16a-2bf2030dc8fd|rpc:localhost:14058|priority:0]
2021-07-15 16:36:55,483 [IPC Server handler 3 on default port 14050] INFO  server.RaftServer$Division (LeaderStateImpl.java:startSetConfiguration(345)) - 6394c69b-367f-4a62-9595-acf3eb8c80db@group-4CAFB8AFE6AC-LeaderStateImpl: startSetConfiguration SetConfigurationRequest:client-ADCB5921AF14->6394c69b-367f-4a62-9595-acf3eb8c80db@group-4CAFB8AFE6AC, cid=0, seq=0, RW, null, peers:[6394c69b-367f-4a62-9595-acf3eb8c80db|rpc:localhost:14048|admin:|client:|dataStream:|priority:0, 3f02e2f7-a9fe-43aa-a16a-2bf2030dc8fd|rpc:localhost:14058|priority:0]
2021-07-15 16:36:55,483 [IPC Server handler 3 on default port 14050] INFO  server.RaftServerConfigKeys (ConfUtils.java:logGet(44)) - raft.server.log.appender.snapshot.chunk.size.max = 16MB (=16777216) (default)
2021-07-15 16:36:55,483 [IPC Server handler 3 on default port 14050] INFO  server.RaftServerConfigKeys (ConfUtils.java:logGet(44)) - raft.server.log.appender.buffer.byte-limit = 33554432 (custom)
2021-07-15 16:36:55,483 [IPC Server handler 3 on default port 14050] INFO  server.RaftServerConfigKeys (ConfUtils.java:logGet(44)) - raft.server.log.appender.buffer.element-limit = 33554432 (custom)
2021-07-15 16:36:55,535 [IPC Server handler 3 on default port 14050] INFO  grpc.GrpcConfigKeys (ConfUtils.java:logGet(44)) - raft.grpc.server.leader.outstanding.appends.max = 128 (default)
2021-07-15 16:36:55,535 [IPC Server handler 3 on default port 14050] INFO  server.RaftServerConfigKeys (ConfUtils.java:logGet(44)) - raft.server.rpc.request.timeout = 30000ms (custom)
2021-07-15 16:36:55,535 [IPC Server handler 3 on default port 14050] INFO  server.RaftServerConfigKeys (ConfUtils.java:logGet(44)) - raft.server.log.appender.install.snapshot.enabled = false (custom)
2021-07-15 16:36:55,535 [IPC Server handler 3 on default port 14050] INFO  metrics.RatisMetrics (RatisMetrics.java:lambda$create$0(36)) - Creating Metrics Registry : ratis_grpc.log_appender.6394c69b-367f-4a62-9595-acf3eb8c80db@group-4CAFB8AFE6AC
2021-07-15 16:36:55,544 [grpc-default-executor-3] INFO  metrics.RatisMetrics (RatisMetrics.java:lambda$create$0(36)) - Creating Metrics Registry : ratis.server_message_metrics.3f02e2f7-a9fe-43aa-a16a-2bf2030dc8fd
2021-07-15 16:36:55,546 [grpc-default-executor-3] INFO  ha.SCMStateMachine (SCMStateMachine.java:notifyLeaderChanged(248)) - leader changed, yet current SCM is still follower.
2021-07-15 16:36:55,546 [grpc-default-executor-3] INFO  server.RaftServer$Division (ServerState.java:setLeader(271)) - 3f02e2f7-a9fe-43aa-a16a-2bf2030dc8fd@group-4CAFB8AFE6AC: change Leader from null to 6394c69b-367f-4a62-9595-acf3eb8c80db at term 2 for appendEntries, leader elected after 150ms
2021-07-15 16:36:55,546 [grpc-default-executor-3] INFO  impl.RoleInfo (RoleInfo.java:updateAndGet(130)) - 3f02e2f7-a9fe-43aa-a16a-2bf2030dc8fd: start 3f02e2f7-a9fe-43aa-a16a-2bf2030dc8fd@group-4CAFB8AFE6AC-FollowerState
2021-07-15 16:36:55,548 [grpc-default-executor-3] INFO  server.RaftServer$Division (ServerState.java:setRaftConf(373)) - 3f02e2f7-a9fe-43aa-a16a-2bf2030dc8fd@group-4CAFB8AFE6AC: set configuration 0: [6394c69b-367f-4a62-9595-acf3eb8c80db|rpc:localhost:14048|admin:|client:|dataStream:|priority:0], old=null
2021-07-15 16:36:55,549 [grpc-default-executor-3] INFO  server.RaftServer$Division (ServerState.java:setRaftConf(373)) - 3f02e2f7-a9fe-43aa-a16a-2bf2030dc8fd@group-4CAFB8AFE6AC: set configuration 1: [6394c69b-367f-4a62-9595-acf3eb8c80db|rpc:localhost:14048|admin:|client:|dataStream:|priority:0], old=null
2021-07-15 16:36:55,549 [grpc-default-executor-3] INFO  segmented.SegmentedRaftLogWorker (SegmentedRaftLogWorker.java:startLogSegment(394)) - 3f02e2f7-a9fe-43aa-a16a-2bf2030dc8fd@group-4CAFB8AFE6AC-SegmentedRaftLogWorker: Starting segment from index:0
2021-07-15 16:36:55,549 [grpc-default-executor-3] INFO  segmented.SegmentedRaftLogWorker (SegmentedRaftLogWorker.java:rollLogSegment(399)) - 3f02e2f7-a9fe-43aa-a16a-2bf2030dc8fd@group-4CAFB8AFE6AC-SegmentedRaftLogWorker: Rolling segment log-0_0 to index:0
2021-07-15 16:36:55,550 [3f02e2f7-a9fe-43aa-a16a-2bf2030dc8fd@group-4CAFB8AFE6AC-SegmentedRaftLogWorker] INFO  segmented.SegmentedRaftLogWorker (SegmentedRaftLogWorker.java:execute(601)) - 3f02e2f7-a9fe-43aa-a16a-2bf2030dc8fd@group-4CAFB8AFE6AC-SegmentedRaftLogWorker: created new log segment /home/runner/work/ozone/ozone/mnt/ozone/hadoop-ozone/integration-test/target/test-dir/MiniOzoneClusterImpl-8ef06965-d5c9-44f0-9cd1-4cafb8afe6ac/scmNode-2/scm-ha/8ef06965-d5c9-44f0-9cd1-4cafb8afe6ac/current/log_inprogress_0
2021-07-15 16:36:55,551 [3f02e2f7-a9fe-43aa-a16a-2bf2030dc8fd@group-4CAFB8AFE6AC-SegmentedRaftLogWorker] INFO  segmented.SegmentedRaftLogWorker (SegmentedRaftLogWorker.java:execute(558)) - 3f02e2f7-a9fe-43aa-a16a-2bf2030dc8fd@group-4CAFB8AFE6AC-SegmentedRaftLogWorker: Rolled log segment from /home/runner/work/ozone/ozone/mnt/ozone/hadoop-ozone/integration-test/target/test-dir/MiniOzoneClusterImpl-8ef06965-d5c9-44f0-9cd1-4cafb8afe6ac/scmNode-2/scm-ha/8ef06965-d5c9-44f0-9cd1-4cafb8afe6ac/current/log_inprogress_0 to /home/runner/work/ozone/ozone/mnt/ozone/hadoop-ozone/integration-test/target/test-dir/MiniOzoneClusterImpl-8ef06965-d5c9-44f0-9cd1-4cafb8afe6ac/scmNode-2/scm-ha/8ef06965-d5c9-44f0-9cd1-4cafb8afe6ac/current/log_0-0
2021-07-15 16:36:55,552 [3f02e2f7-a9fe-43aa-a16a-2bf2030dc8fd@group-4CAFB8AFE6AC-SegmentedRaftLogWorker] INFO  segmented.SegmentedRaftLogWorker (SegmentedRaftLogWorker.java:execute(601)) - 3f02e2f7-a9fe-43aa-a16a-2bf2030dc8fd@group-4CAFB8AFE6AC-SegmentedRaftLogWorker: created new log segment /home/runner/work/ozone/ozone/mnt/ozone/hadoop-ozone/integration-test/target/test-dir/MiniOzoneClusterImpl-8ef06965-d5c9-44f0-9cd1-4cafb8afe6ac/scmNode-2/scm-ha/8ef06965-d5c9-44f0-9cd1-4cafb8afe6ac/current/log_inprogress_1
2021-07-15 16:36:55,556 [6394c69b-367f-4a62-9595-acf3eb8c80db@group-4CAFB8AFE6AC-LeaderStateImpl] INFO  server.RaftServer$Division (ServerState.java:setRaftConf(373)) - 6394c69b-367f-4a62-9595-acf3eb8c80db@group-4CAFB8AFE6AC: set configuration 3: [6394c69b-367f-4a62-9595-acf3eb8c80db|rpc:localhost:14048|admin:|client:|dataStream:|priority:0, 3f02e2f7-a9fe-43aa-a16a-2bf2030dc8fd|rpc:localhost:14058|priority:0], old=[6394c69b-367f-4a62-9595-acf3eb8c80db|rpc:localhost:14048|admin:|client:|dataStream:|priority:0]
2021-07-15 16:36:55,556 [3f02e2f7-a9fe-43aa-a16a-2bf2030dc8fd@group-4CAFB8AFE6AC-StateMachineUpdater] INFO  safemode.HealthyPipelineSafeModeRule (HealthyPipelineSafeModeRule.java:initializeRule(152)) - Refreshed total pipeline count is 0, healthy pipeline threshold count is 1
2021-07-15 16:36:55,556 [3f02e2f7-a9fe-43aa-a16a-2bf2030dc8fd@group-4CAFB8AFE6AC-StateMachineUpdater] INFO  safemode.ContainerSafeModeRule (ContainerSafeModeRule.java:reInitializeRule(177)) - Refreshed one replica container threshold 0, currentThreshold 0
2021-07-15 16:36:55,556 [3f02e2f7-a9fe-43aa-a16a-2bf2030dc8fd@group-4CAFB8AFE6AC-StateMachineUpdater] INFO  safemode.OneReplicaPipelineSafeModeRule (OneReplicaPipelineSafeModeRule.java:initializeRule(176)) - Refreshed Total pipeline count is 0, pipeline's with at least one datanode reported threshold count is 0
2021-07-15 16:36:55,556 [3f02e2f7-a9fe-43aa-a16a-2bf2030dc8fd@group-4CAFB8AFE6AC-StateMachineUpdater] INFO  server.SCMDatanodeProtocolServer (SCMDatanodeProtocolServer.java:start(181)) - RPC server for DataNodes is listening at /0.0.0.0:14059
2021-07-15 16:36:55,562 [IPC Server Responder] INFO  ipc.Server (Server.java:run(1507)) - IPC Server Responder: starting
2021-07-15 16:36:55,562 [IPC Server listener on 14059] INFO  ipc.Server (Server.java:run(1344)) - IPC Server listener on 14059: starting
2021-07-15 16:36:55,563 [grpc-default-executor-3] INFO  server.RaftServer$Division (ServerState.java:setRaftConf(373)) - 3f02e2f7-a9fe-43aa-a16a-2bf2030dc8fd@group-4CAFB8AFE6AC: set configuration 3: [6394c69b-367f-4a62-9595-acf3eb8c80db|rpc:localhost:14048|admin:|client:|dataStream:|priority:0, 3f02e2f7-a9fe-43aa-a16a-2bf2030dc8fd|rpc:localhost:14058|admin:|client:|dataStream:|priority:0], old=[6394c69b-367f-4a62-9595-acf3eb8c80db|rpc:localhost:14048|admin:|client:|dataStream:|priority:0]
2021-07-15 16:36:55,573 [6394c69b-367f-4a62-9595-acf3eb8c80db@group-4CAFB8AFE6AC-LeaderStateImpl] INFO  server.RaftServer$Division (ServerState.java:setRaftConf(373)) - 6394c69b-367f-4a62-9595-acf3eb8c80db@group-4CAFB8AFE6AC: set configuration 5: [6394c69b-367f-4a62-9595-acf3eb8c80db|rpc:localhost:14048|admin:|client:|dataStream:|priority:0, 3f02e2f7-a9fe-43aa-a16a-2bf2030dc8fd|rpc:localhost:14058|priority:0], old=null
2021-07-15 16:36:55,574 [grpc-default-executor-3] INFO  server.RaftServer$Division (ServerState.java:setRaftConf(373)) - 3f02e2f7-a9fe-43aa-a16a-2bf2030dc8fd@group-4CAFB8AFE6AC: set configuration 5: [6394c69b-367f-4a62-9595-acf3eb8c80db|rpc:localhost:14048|admin:|client:|dataStream:|priority:0, 3f02e2f7-a9fe-43aa-a16a-2bf2030dc8fd|rpc:localhost:14058|admin:|client:|dataStream:|priority:0], old=null
2021-07-15 16:36:55,580 [IPC Server handler 3 on default port 14050] INFO  ha.SCMRatisServerImpl (SCMRatisServerImpl.java:addSCM(291)) - Successfully added new SCM: 3f02e2f7-a9fe-43aa-a16a-2bf2030dc8fd.
2021-07-15 16:36:55,580 [Listener at 0.0.0.0/14061] INFO  ha.SCMHAManagerImpl (SCMHAManagerImpl.java:start(116)) - Successfully added SCM scmNode-2 to group group-4CAFB8AFE6AC:[6394c69b-367f-4a62-9595-acf3eb8c80db|rpc:localhost:14048|admin:|client:|dataStream:|priority:0, 3f02e2f7-a9fe-43aa-a16a-2bf2030dc8fd|rpc:localhost:14058|admin:|client:|dataStream:|priority:0]
2021-07-15 16:36:55,580 [Listener at 0.0.0.0/14061] INFO  ha.InterSCMGrpcService (InterSCMGrpcProtocolService.java:start(94)) - Starting SCM Grpc Service at port 14062
2021-07-15 16:36:55,580 [6394c69b-367f-4a62-9595-acf3eb8c80db@group-4CAFB8AFE6AC-StateMachineUpdater] INFO  ha.SCMStateMachine (SCMStateMachine.java:takeSnapshot(290)) - Current Snapshot Index 5, takeSnapshot took 0 ms
2021-07-15 16:36:55,581 [6394c69b-367f-4a62-9595-acf3eb8c80db@group-4CAFB8AFE6AC-StateMachineUpdater] INFO  impl.StateMachineUpdater (StateMachineUpdater.java:takeSnapshot(281)) - 6394c69b-367f-4a62-9595-acf3eb8c80db@group-4CAFB8AFE6AC-StateMachineUpdater: Took a snapshot at index 5
2021-07-15 16:36:55,581 [6394c69b-367f-4a62-9595-acf3eb8c80db@group-4CAFB8AFE6AC-StateMachineUpdater] INFO  impl.StateMachineUpdater (StateMachineUpdater.java:lambda$new$0(89)) - 6394c69b-367f-4a62-9595-acf3eb8c80db@group-4CAFB8AFE6AC-StateMachineUpdater: snapshotIndex: updateIncreasingly -1 -> 5
2021-07-15 16:36:55,581 [6394c69b-367f-4a62-9595-acf3eb8c80db@group-4CAFB8AFE6AC-StateMachineUpdater] INFO  raftlog.RaftLog (RaftLogBase.java:purge(306)) - 6394c69b-367f-4a62-9595-acf3eb8c80db@group-4CAFB8AFE6AC-SegmentedRaftLog: purge 5
2021-07-15 16:36:55,581 [6394c69b-367f-4a62-9595-acf3eb8c80db@group-4CAFB8AFE6AC-StateMachineUpdater] INFO  raftlog.RaftLog (RaftLogBase.java:lambda$new$0(53)) - 6394c69b-367f-4a62-9595-acf3eb8c80db@group-4CAFB8AFE6AC-SegmentedRaftLog: snapshotIndex: updateIncreasingly -1 -> 5
2021-07-15 16:36:55,581 [6394c69b-367f-4a62-9595-acf3eb8c80db@group-4CAFB8AFE6AC-SegmentedRaftLogWorker] INFO  raftlog.RaftLog (RaftLogBase.java:lambda$new$0(53)) - 6394c69b-367f-4a62-9595-acf3eb8c80db@group-4CAFB8AFE6AC-SegmentedRaftLog: purgeIndex: updateToMax old=-1, new=0, updated? true
2021-07-15 16:36:55,581 [Listener at 0.0.0.0/14061] INFO  impl.MetricsSystemImpl (MetricsSystemImpl.java:init(158)) - StorageContainerManager metrics system started (again)
2021-07-15 16:36:55,589 [3f02e2f7-a9fe-43aa-a16a-2bf2030dc8fd@group-4CAFB8AFE6AC-StateMachineUpdater] INFO  ha.SCMStateMachine (SCMStateMachine.java:takeSnapshot(290)) - Current Snapshot Index 5, takeSnapshot took 0 ms
2021-07-15 16:36:55,589 [3f02e2f7-a9fe-43aa-a16a-2bf2030dc8fd@group-4CAFB8AFE6AC-StateMachineUpdater] INFO  impl.StateMachineUpdater (StateMachineUpdater.java:takeSnapshot(281)) - 3f02e2f7-a9fe-43aa-a16a-2bf2030dc8fd@group-4CAFB8AFE6AC-StateMachineUpdater: Took a snapshot at index 5
2021-07-15 16:36:55,589 [3f02e2f7-a9fe-43aa-a16a-2bf2030dc8fd@group-4CAFB8AFE6AC-StateMachineUpdater] INFO  impl.StateMachineUpdater (StateMachineUpdater.java:lambda$new$0(89)) - 3f02e2f7-a9fe-43aa-a16a-2bf2030dc8fd@group-4CAFB8AFE6AC-StateMachineUpdater: snapshotIndex: updateIncreasingly -1 -> 5
2021-07-15 16:36:55,589 [3f02e2f7-a9fe-43aa-a16a-2bf2030dc8fd@group-4CAFB8AFE6AC-StateMachineUpdater] INFO  raftlog.RaftLog (RaftLogBase.java:purge(306)) - 3f02e2f7-a9fe-43aa-a16a-2bf2030dc8fd@group-4CAFB8AFE6AC-SegmentedRaftLog: purge 5
2021-07-15 16:36:55,589 [3f02e2f7-a9fe-43aa-a16a-2bf2030dc8fd@group-4CAFB8AFE6AC-StateMachineUpdater] INFO  raftlog.RaftLog (RaftLogBase.java:lambda$new$0(53)) - 3f02e2f7-a9fe-43aa-a16a-2bf2030dc8fd@group-4CAFB8AFE6AC-SegmentedRaftLog: snapshotIndex: updateIncreasingly -1 -> 5
2021-07-15 16:36:55,590 [3f02e2f7-a9fe-43aa-a16a-2bf2030dc8fd@group-4CAFB8AFE6AC-SegmentedRaftLogWorker] INFO  raftlog.RaftLog (RaftLogBase.java:lambda$new$0(53)) - 3f02e2f7-a9fe-43aa-a16a-2bf2030dc8fd@group-4CAFB8AFE6AC-SegmentedRaftLog: purgeIndex: updateToMax old=-1, new=0, updated? true
2021-07-15 16:36:55,596 [Listener at 0.0.0.0/14061] INFO  server.SCMClientProtocolServer (SCMClientProtocolServer.java:start(165)) - RPC server for Client  is listening at /0.0.0.0:14061
2021-07-15 16:36:55,597 [IPC Server Responder] INFO  ipc.Server (Server.java:run(1507)) - IPC Server Responder: starting
2021-07-15 16:36:55,597 [IPC Server listener on 14061] INFO  ipc.Server (Server.java:run(1344)) - IPC Server listener on 14061: starting
2021-07-15 16:36:55,602 [Listener at 0.0.0.0/14061] INFO  server.StorageContainerManager (StorageContainerManager.java:start(1257)) - ScmBlockLocationProtocol RPC server is listening at /0.0.0.0:14060
2021-07-15 16:36:55,602 [Listener at 0.0.0.0/14061] INFO  server.SCMBlockProtocolServer (SCMBlockProtocolServer.java:start(151)) - RPC server for Block Protocol is listening at /0.0.0.0:14060
2021-07-15 16:36:55,602 [IPC Server Responder] INFO  ipc.Server (Server.java:run(1507)) - IPC Server Responder: starting
2021-07-15 16:36:55,603 [IPC Server listener on 14060] INFO  ipc.Server (Server.java:run(1344)) - IPC Server listener on 14060: starting
2021-07-15 16:36:55,606 [Listener at 0.0.0.0/14061] INFO  server.StorageContainerManager (StorageContainerManager.java:start(1263)) - ScmDatanodeProtocl RPC server is listening at /0.0.0.0:14059
2021-07-15 16:36:55,623 [Listener at 0.0.0.0/14061] INFO  http.BaseHttpServer (BaseHttpServer.java:newHttpServer2BuilderForOzone(209)) - Starting Web-server for scm at: http://0.0.0.0:14056
2021-07-15 16:36:55,623 [Listener at 0.0.0.0/14061] INFO  http.BaseHttpServer (BaseHttpServer.java:<init>(107)) - Hadoop Security Enabled: false Ozone Security Enabled: false Ozone HTTP Security Enabled: false 
2021-07-15 16:36:55,624 [Listener at 0.0.0.0/14061] INFO  server.AuthenticationFilter (AuthenticationFilter.java:constructSecretProvider(240)) - Unable to initialize FileSignerSecretProvider, falling back to use random secrets.
2021-07-15 16:36:55,625 [Listener at 0.0.0.0/14061] WARN  http.HttpRequestLog (HttpRequestLog.java:getRequestLog(103)) - Jetty request log can only be enabled using Log4j
2021-07-15 16:36:55,626 [org.apache.hadoop.util.JvmPauseMonitor$Monitor@462d4f3c] INFO  util.JvmPauseMonitor (JvmPauseMonitor.java:run(188)) - Starting JVM pause monitor
2021-07-15 16:36:55,627 [Listener at 0.0.0.0/14061] INFO  http.HttpServer2 (HttpServer2.java:addGlobalFilter(1020)) - Added global filter 'safety' (class=org.apache.hadoop.hdds.server.http.HttpServer2$QuotingInputFilter)
2021-07-15 16:36:55,628 [Listener at 0.0.0.0/14061] INFO  http.HttpServer2 (HttpServer2.java:addFilter(996)) - Added filter static_user_filter (class=org.apache.hadoop.http.lib.StaticUserWebFilter$StaticUserFilter) to context scm
2021-07-15 16:36:55,628 [Listener at 0.0.0.0/14061] INFO  http.HttpServer2 (HttpServer2.java:addFilter(1004)) - Added filter static_user_filter (class=org.apache.hadoop.http.lib.StaticUserWebFilter$StaticUserFilter) to context static
2021-07-15 16:36:55,628 [Listener at 0.0.0.0/14061] INFO  http.HttpServer2 (HttpServer2.java:addFilter(1004)) - Added filter static_user_filter (class=org.apache.hadoop.http.lib.StaticUserWebFilter$StaticUserFilter) to context logs
2021-07-15 16:36:55,630 [Listener at 0.0.0.0/14061] INFO  http.HttpServer2 (HttpServer2.java:bindListener(1238)) - Jetty bound to port 14056
2021-07-15 16:36:55,630 [Listener at 0.0.0.0/14061] INFO  server.Server (Server.java:doStart(375)) - jetty-9.4.35.v20201120; built: 2020-11-20T21:17:03.964Z; git: bdc54f03a5e0a7e280fab27f55c3c75ee8da89fb; jvm 1.8.0_292-b10
2021-07-15 16:36:55,632 [Listener at 0.0.0.0/14061] INFO  server.session (DefaultSessionIdManager.java:doStart(334)) - DefaultSessionIdManager workerName=node0
2021-07-15 16:36:55,632 [Listener at 0.0.0.0/14061] INFO  server.session (DefaultSessionIdManager.java:doStart(339)) - No SessionScavenger set, using defaults
2021-07-15 16:36:55,632 [Listener at 0.0.0.0/14061] INFO  server.session (HouseKeeper.java:startScavenging(132)) - node0 Scavenging every 660000ms
2021-07-15 16:36:55,633 [Listener at 0.0.0.0/14061] INFO  handler.ContextHandler (ContextHandler.java:doStart(916)) - Started o.e.j.s.ServletContextHandler@4347c7b2{logs,/logs,file:///home/runner/work/ozone/ozone/mnt/ozone/hadoop-ozone/integration-test/target/log,AVAILABLE}
2021-07-15 16:36:55,633 [Listener at 0.0.0.0/14061] INFO  handler.ContextHandler (ContextHandler.java:doStart(916)) - Started o.e.j.s.ServletContextHandler@1e10203{static,/static,file:///home/runner/work/ozone/ozone/mnt/ozone/hadoop-ozone/integration-test/target/test-classes/webapps/static,AVAILABLE}
2021-07-15 16:36:55,637 [Listener at 0.0.0.0/14061] INFO  handler.ContextHandler (ContextHandler.java:doStart(916)) - Started o.e.j.w.WebAppContext@75723fe1{scm,/,file:///home/runner/work/ozone/ozone/mnt/ozone/hadoop-ozone/integration-test/target/test-classes/webapps/scm/,AVAILABLE}{file:/home/runner/work/ozone/ozone/mnt/ozone/hadoop-ozone/integration-test/target/test-classes/webapps/scm}
2021-07-15 16:36:55,642 [Listener at 0.0.0.0/14061] INFO  server.AbstractConnector (AbstractConnector.java:doStart(331)) - Started ServerConnector@310e1ebb{HTTP/1.1, (http/1.1)}{0.0.0.0:14056}
2021-07-15 16:36:55,642 [Listener at 0.0.0.0/14061] INFO  server.Server (Server.java:doStart(415)) - Started @75377ms
2021-07-15 16:36:55,642 [Listener at 0.0.0.0/14061] WARN  impl.MetricsSystemImpl (MetricsSystemImpl.java:register(279)) - Sink prometheus already exists!
2021-07-15 16:36:55,643 [Listener at 0.0.0.0/14061] INFO  http.BaseHttpServer (BaseHttpServer.java:updateConnectorAddress(329)) - HTTP server of scm listening at http://0.0.0.0:14056
2021-07-15 16:36:55,643 [Listener at 0.0.0.0/14061] INFO  ozone.MiniOzoneHAClusterImpl (MiniOzoneHAClusterImpl.java:createSCMService(548)) - Started SCM RPC server at org.apache.hadoop.hdds.scm.server.SCMClientProtocolServer@1aa8386a
2021-07-15 16:36:55,644 [Listener at 0.0.0.0/14061] INFO  ha.SCMHANodeDetails (SCMHANodeDetails.java:loadSCMHAConfig(157)) - ServiceID for StorageContainerManager is scm-service-test1
2021-07-15 16:36:55,644 [Listener at 0.0.0.0/14061] INFO  ha.SCMHANodeDetails (SCMHANodeDetails.java:loadSCMHAConfig(168)) - ServiceID for StorageContainerManager is scm-service-test1
2021-07-15 16:36:55,644 [Listener at 0.0.0.0/14061] WARN  scm.ScmUtils (ScmUtils.java:logWarn(179)) - ConfigKey ozone.scm.block.client.address is deprecated, For configuring different ports for each SCM use PortConfigKey ozone.scm.block.client.port appended with serviceId and nodeId. If want to configure same port configure ozone.scm.block.client.port
2021-07-15 16:36:55,644 [Listener at 0.0.0.0/14061] WARN  scm.ScmUtils (ScmUtils.java:logWarn(179)) - ConfigKey ozone.scm.client.address is deprecated, For configuring different ports for each SCM use PortConfigKey ozone.scm.client.port appended with serviceId and nodeId. If want to configure same port configure ozone.scm.client.port
2021-07-15 16:36:55,645 [Listener at 0.0.0.0/14061] WARN  scm.ScmUtils (ScmUtils.java:logWarn(179)) - ConfigKey ozone.scm.datanode.address is deprecated, For configuring different ports for each SCM use PortConfigKey ozone.scm.datanode.port appended with serviceId and nodeId. If want to configure same port configure ozone.scm.datanode.port
2021-07-15 16:36:55,645 [Listener at 0.0.0.0/14061] WARN  scm.ScmUtils (ScmUtils.java:logWarn(179)) - ConfigKey ozone.scm.block.client.address is deprecated, For configuring different ports for each SCM use PortConfigKey ozone.scm.block.client.port appended with serviceId and nodeId. If want to configure same port configure ozone.scm.block.client.port
2021-07-15 16:36:55,645 [Listener at 0.0.0.0/14061] WARN  scm.ScmUtils (ScmUtils.java:logWarn(179)) - ConfigKey ozone.scm.client.address is deprecated, For configuring different ports for each SCM use PortConfigKey ozone.scm.client.port appended with serviceId and nodeId. If want to configure same port configure ozone.scm.client.port
2021-07-15 16:36:55,645 [Listener at 0.0.0.0/14061] WARN  scm.ScmUtils (ScmUtils.java:logWarn(179)) - ConfigKey ozone.scm.datanode.address is deprecated, For configuring different ports for each SCM use PortConfigKey ozone.scm.datanode.port appended with serviceId and nodeId. If want to configure same port configure ozone.scm.datanode.port
2021-07-15 16:36:55,645 [Listener at 0.0.0.0/14061] INFO  ha.SCMHANodeDetails (SCMHANodeDetails.java:loadSCMHAConfig(250)) - Found matching SCM address with SCMServiceId: scm-service-test1, SCMNodeId: scmNode-3, RPC Address: localhost:14068 and Ratis port: 14068
2021-07-15 16:36:55,646 [Listener at 0.0.0.0/14061] INFO  ha.SCMHANodeDetails (ConfUtils.java:setNodeSpecificConfigs(108)) - Setting configuration key ozone.scm.datanode.address with value of key ozone.scm.datanode.address.scm-service-test1.scmNode-3: 127.0.0.1:14069
2021-07-15 16:36:55,646 [Listener at 0.0.0.0/14061] INFO  ha.SCMHANodeDetails (ConfUtils.java:setNodeSpecificConfigs(108)) - Setting configuration key ozone.scm.block.client.address with value of key ozone.scm.block.client.address.scm-service-test1.scmNode-3: 127.0.0.1:14070
2021-07-15 16:36:55,646 [Listener at 0.0.0.0/14061] INFO  ha.SCMHANodeDetails (ConfUtils.java:setNodeSpecificConfigs(108)) - Setting configuration key ozone.scm.client.address with value of key ozone.scm.client.address.scm-service-test1.scmNode-3: 127.0.0.1:14071
2021-07-15 16:36:55,646 [Listener at 0.0.0.0/14061] INFO  ha.SCMHANodeDetails (ConfUtils.java:setNodeSpecificConfigs(108)) - Setting configuration key ozone.scm.ratis.port with value of key ozone.scm.ratis.port.scm-service-test1.scmNode-3: 14068
2021-07-15 16:36:55,646 [Listener at 0.0.0.0/14061] INFO  ha.SCMHANodeDetails (ConfUtils.java:setNodeSpecificConfigs(108)) - Setting configuration key ozone.scm.grpc.port with value of key ozone.scm.grpc.port.scm-service-test1.scmNode-3: 14072
2021-07-15 16:36:55,646 [Listener at 0.0.0.0/14061] INFO  ha.SCMHANodeDetails (ConfUtils.java:setNodeSpecificConfigs(108)) - Setting configuration key ozone.scm.http-address with value of key ozone.scm.http-address.scm-service-test1.scmNode-3: 127.0.0.1:14066
2021-07-15 16:36:55,647 [Listener at 0.0.0.0/14061] INFO  ha.SCMHANodeDetails (ConfUtils.java:setNodeSpecificConfigs(108)) - Setting configuration key ozone.scm.https-address with value of key ozone.scm.https-address.scm-service-test1.scmNode-3: 127.0.0.1:14067
2021-07-15 16:36:55,647 [Listener at 0.0.0.0/14061] INFO  ha.SCMHANodeDetails (ConfUtils.java:setNodeSpecificConfigs(108)) - Setting configuration key ozone.scm.address with value of key ozone.scm.address.scm-service-test1.scmNode-3: 127.0.0.1
2021-07-15 16:36:55,647 [Listener at 0.0.0.0/14061] WARN  scm.ScmUtils (ScmUtils.java:logWarn(179)) - ConfigKey ozone.scm.block.client.address is deprecated, For configuring different ports for each SCM use PortConfigKey ozone.scm.block.client.port appended with serviceId and nodeId. If want to configure same port configure ozone.scm.block.client.port
2021-07-15 16:36:55,647 [Listener at 0.0.0.0/14061] WARN  scm.ScmUtils (ScmUtils.java:logWarn(179)) - ConfigKey ozone.scm.client.address is deprecated, For configuring different ports for each SCM use PortConfigKey ozone.scm.client.port appended with serviceId and nodeId. If want to configure same port configure ozone.scm.client.port
2021-07-15 16:36:55,647 [Listener at 0.0.0.0/14061] WARN  scm.ScmUtils (ScmUtils.java:logWarn(179)) - ConfigKey ozone.scm.datanode.address is deprecated, For configuring different ports for each SCM use PortConfigKey ozone.scm.datanode.port appended with serviceId and nodeId. If want to configure same port configure ozone.scm.datanode.port
2021-07-15 16:36:55,647 [Listener at 0.0.0.0/14061] WARN  server.ServerUtils (ServerUtils.java:getScmDbDir(148)) - ozone.scm.db.dirs is not configured. We recommend adding this setting. Falling back to ozone.metadata.dirs instead.
2021-07-15 16:36:55,649 [Listener at 0.0.0.0/14061] INFO  ha.SCMNodeInfo (SCMNodeInfo.java:getPort(197)) - ConfigKey ozone.scm.client.address is deprecated, For configuring different ports for each SCM use PortConfigKey ozone.scm.client.port appended with serviceId and nodeId
2021-07-15 16:36:55,649 [Listener at 0.0.0.0/14061] INFO  ha.SCMNodeInfo (SCMNodeInfo.java:getPort(197)) - ConfigKey ozone.scm.block.client.address is deprecated, For configuring different ports for each SCM use PortConfigKey ozone.scm.block.client.port appended with serviceId and nodeId
2021-07-15 16:36:55,649 [Listener at 0.0.0.0/14061] INFO  ha.SCMNodeInfo (SCMNodeInfo.java:getPort(197)) - ConfigKey ozone.scm.datanode.address is deprecated, For configuring different ports for each SCM use PortConfigKey ozone.scm.datanode.port appended with serviceId and nodeId
2021-07-15 16:36:55,649 [Listener at 0.0.0.0/14061] INFO  ha.SCMNodeInfo (SCMNodeInfo.java:getPort(197)) - ConfigKey ozone.scm.client.address is deprecated, For configuring different ports for each SCM use PortConfigKey ozone.scm.client.port appended with serviceId and nodeId
2021-07-15 16:36:55,649 [Listener at 0.0.0.0/14061] INFO  ha.SCMNodeInfo (SCMNodeInfo.java:getPort(197)) - ConfigKey ozone.scm.block.client.address is deprecated, For configuring different ports for each SCM use PortConfigKey ozone.scm.block.client.port appended with serviceId and nodeId
2021-07-15 16:36:55,650 [Listener at 0.0.0.0/14061] INFO  ha.SCMNodeInfo (SCMNodeInfo.java:getPort(197)) - ConfigKey ozone.scm.datanode.address is deprecated, For configuring different ports for each SCM use PortConfigKey ozone.scm.datanode.port appended with serviceId and nodeId
2021-07-15 16:36:55,650 [Listener at 0.0.0.0/14061] INFO  ha.SCMNodeInfo (SCMNodeInfo.java:getPort(197)) - ConfigKey ozone.scm.client.address is deprecated, For configuring different ports for each SCM use PortConfigKey ozone.scm.client.port appended with serviceId and nodeId
2021-07-15 16:36:55,650 [Listener at 0.0.0.0/14061] INFO  ha.SCMNodeInfo (SCMNodeInfo.java:getPort(197)) - ConfigKey ozone.scm.block.client.address is deprecated, For configuring different ports for each SCM use PortConfigKey ozone.scm.block.client.port appended with serviceId and nodeId
2021-07-15 16:36:55,650 [Listener at 0.0.0.0/14061] INFO  ha.SCMNodeInfo (SCMNodeInfo.java:getPort(197)) - ConfigKey ozone.scm.datanode.address is deprecated, For configuring different ports for each SCM use PortConfigKey ozone.scm.datanode.port appended with serviceId and nodeId
2021-07-15 16:36:55,664 [Listener at 0.0.0.0/14061] INFO  server.StorageContainerManager (StorageContainerManager.java:scmBootstrap(942)) - SCM BootStrap  is successful for ClusterID 8ef06965-d5c9-44f0-9cd1-4cafb8afe6ac, SCMID cf7cc385-5ca0-45b1-ac1d-dc278b2e7386
2021-07-15 16:36:55,665 [Listener at 0.0.0.0/14061] INFO  server.StorageContainerManager (StorageContainerManager.java:scmBootstrap(944)) - Primary SCM Node ID 6394c69b-367f-4a62-9595-acf3eb8c80db
2021-07-15 16:36:55,665 [Listener at 0.0.0.0/14061] INFO  ha.SCMHANodeDetails (SCMHANodeDetails.java:loadSCMHAConfig(157)) - ServiceID for StorageContainerManager is scm-service-test1
2021-07-15 16:36:55,665 [Listener at 0.0.0.0/14061] INFO  ha.SCMHANodeDetails (SCMHANodeDetails.java:loadSCMHAConfig(168)) - ServiceID for StorageContainerManager is scm-service-test1
2021-07-15 16:36:55,665 [Listener at 0.0.0.0/14061] WARN  scm.ScmUtils (ScmUtils.java:logWarn(179)) - ConfigKey ozone.scm.block.client.address is deprecated, For configuring different ports for each SCM use PortConfigKey ozone.scm.block.client.port appended with serviceId and nodeId. If want to configure same port configure ozone.scm.block.client.port
2021-07-15 16:36:55,665 [Listener at 0.0.0.0/14061] WARN  scm.ScmUtils (ScmUtils.java:logWarn(179)) - ConfigKey ozone.scm.client.address is deprecated, For configuring different ports for each SCM use PortConfigKey ozone.scm.client.port appended with serviceId and nodeId. If want to configure same port configure ozone.scm.client.port
2021-07-15 16:36:55,665 [Listener at 0.0.0.0/14061] WARN  scm.ScmUtils (ScmUtils.java:logWarn(179)) - ConfigKey ozone.scm.datanode.address is deprecated, For configuring different ports for each SCM use PortConfigKey ozone.scm.datanode.port appended with serviceId and nodeId. If want to configure same port configure ozone.scm.datanode.port
2021-07-15 16:36:55,666 [Listener at 0.0.0.0/14061] WARN  scm.ScmUtils (ScmUtils.java:logWarn(179)) - ConfigKey ozone.scm.block.client.address is deprecated, For configuring different ports for each SCM use PortConfigKey ozone.scm.block.client.port appended with serviceId and nodeId. If want to configure same port configure ozone.scm.block.client.port
2021-07-15 16:36:55,666 [Listener at 0.0.0.0/14061] WARN  scm.ScmUtils (ScmUtils.java:logWarn(179)) - ConfigKey ozone.scm.client.address is deprecated, For configuring different ports for each SCM use PortConfigKey ozone.scm.client.port appended with serviceId and nodeId. If want to configure same port configure ozone.scm.client.port
2021-07-15 16:36:55,666 [Listener at 0.0.0.0/14061] WARN  scm.ScmUtils (ScmUtils.java:logWarn(179)) - ConfigKey ozone.scm.datanode.address is deprecated, For configuring different ports for each SCM use PortConfigKey ozone.scm.datanode.port appended with serviceId and nodeId. If want to configure same port configure ozone.scm.datanode.port
2021-07-15 16:36:55,666 [Listener at 0.0.0.0/14061] INFO  ha.SCMHANodeDetails (SCMHANodeDetails.java:loadSCMHAConfig(250)) - Found matching SCM address with SCMServiceId: scm-service-test1, SCMNodeId: scmNode-3, RPC Address: localhost:14068 and Ratis port: 14068
2021-07-15 16:36:55,666 [Listener at 0.0.0.0/14061] INFO  ha.SCMHANodeDetails (ConfUtils.java:setNodeSpecificConfigs(108)) - Setting configuration key ozone.scm.datanode.address with value of key ozone.scm.datanode.address.scm-service-test1.scmNode-3: 127.0.0.1:14069
2021-07-15 16:36:55,666 [Listener at 0.0.0.0/14061] INFO  ha.SCMHANodeDetails (ConfUtils.java:setNodeSpecificConfigs(108)) - Setting configuration key ozone.scm.block.client.address with value of key ozone.scm.block.client.address.scm-service-test1.scmNode-3: 127.0.0.1:14070
2021-07-15 16:36:55,666 [Listener at 0.0.0.0/14061] INFO  ha.SCMHANodeDetails (ConfUtils.java:setNodeSpecificConfigs(108)) - Setting configuration key ozone.scm.client.address with value of key ozone.scm.client.address.scm-service-test1.scmNode-3: 127.0.0.1:14071
2021-07-15 16:36:55,667 [Listener at 0.0.0.0/14061] INFO  ha.SCMHANodeDetails (ConfUtils.java:setNodeSpecificConfigs(108)) - Setting configuration key ozone.scm.ratis.port with value of key ozone.scm.ratis.port.scm-service-test1.scmNode-3: 14068
2021-07-15 16:36:55,667 [Listener at 0.0.0.0/14061] INFO  ha.SCMHANodeDetails (ConfUtils.java:setNodeSpecificConfigs(108)) - Setting configuration key ozone.scm.grpc.port with value of key ozone.scm.grpc.port.scm-service-test1.scmNode-3: 14072
2021-07-15 16:36:55,667 [Listener at 0.0.0.0/14061] INFO  ha.SCMHANodeDetails (ConfUtils.java:setNodeSpecificConfigs(108)) - Setting configuration key ozone.scm.http-address with value of key ozone.scm.http-address.scm-service-test1.scmNode-3: 127.0.0.1:14066
2021-07-15 16:36:55,667 [Listener at 0.0.0.0/14061] INFO  ha.SCMHANodeDetails (ConfUtils.java:setNodeSpecificConfigs(108)) - Setting configuration key ozone.scm.https-address with value of key ozone.scm.https-address.scm-service-test1.scmNode-3: 127.0.0.1:14067
2021-07-15 16:36:55,667 [Listener at 0.0.0.0/14061] INFO  ha.SCMHANodeDetails (ConfUtils.java:setNodeSpecificConfigs(108)) - Setting configuration key ozone.scm.address with value of key ozone.scm.address.scm-service-test1.scmNode-3: 127.0.0.1
2021-07-15 16:36:55,667 [Listener at 0.0.0.0/14061] WARN  scm.ScmUtils (ScmUtils.java:logWarn(179)) - ConfigKey ozone.scm.block.client.address is deprecated, For configuring different ports for each SCM use PortConfigKey ozone.scm.block.client.port appended with serviceId and nodeId. If want to configure same port configure ozone.scm.block.client.port
2021-07-15 16:36:55,667 [Listener at 0.0.0.0/14061] WARN  scm.ScmUtils (ScmUtils.java:logWarn(179)) - ConfigKey ozone.scm.client.address is deprecated, For configuring different ports for each SCM use PortConfigKey ozone.scm.client.port appended with serviceId and nodeId. If want to configure same port configure ozone.scm.client.port
2021-07-15 16:36:55,668 [Listener at 0.0.0.0/14061] WARN  scm.ScmUtils (ScmUtils.java:logWarn(179)) - ConfigKey ozone.scm.datanode.address is deprecated, For configuring different ports for each SCM use PortConfigKey ozone.scm.datanode.port appended with serviceId and nodeId. If want to configure same port configure ozone.scm.datanode.port
2021-07-15 16:36:55,668 [Listener at 0.0.0.0/14061] WARN  server.ServerUtils (ServerUtils.java:getScmDbDir(148)) - ozone.scm.db.dirs is not configured. We recommend adding this setting. Falling back to ozone.metadata.dirs instead.
2021-07-15 16:36:55,669 [Listener at 0.0.0.0/14061] INFO  upgrade.AbstractLayoutVersionManager (AbstractLayoutVersionManager.java:init(70)) - Initializing Layout version manager with metadata layout = SCM_HA (version = 2), software layout = SCM_HA (version = 2)
2021-07-15 16:36:55,709 [Listener at 0.0.0.0/14061] INFO  reflections.Reflections (Reflections.java:scan(232)) - Reflections took 39 ms to scan 7 urls, producing 119 keys and 271 values 
2021-07-15 16:36:55,710 [Listener at 0.0.0.0/14061] WARN  utils.HAUtils (HAUtils.java:getMetaDir(342)) - ozone.scm.db.dirs is not configured. We recommend adding this setting. Falling back to ozone.metadata.dirs instead.
2021-07-15 16:36:55,712 [Listener at 0.0.0.0/14061] WARN  db.DBStoreBuilder (DBStoreBuilder.java:applyDBDefinition(145)) - ozone.scm.db.dirs is not configured. We recommend adding this setting. Falling back to ozone.metadata.dirs instead.
2021-07-15 16:36:55,788 [Listener at 0.0.0.0/14061] INFO  net.NodeSchemaLoader (NodeSchemaLoader.java:loadSchemaFromFile(129)) - Loading schema from [jar:file:/home/runner/.m2/repository/org/apache/ozone/hdds-common/1.2.0-SNAPSHOT/hdds-common-1.2.0-SNAPSHOT.jar!/network-topology-default.xml]
2021-07-15 16:36:55,789 [Listener at 0.0.0.0/14061] INFO  net.NodeSchemaLoader (NodeSchemaLoader.java:loadSchema(176)) - Loading network topology layer schema file
2021-07-15 16:36:55,792 [Listener at 0.0.0.0/14061] INFO  ha.SCMRatisServerImpl (SCMRatisServerImpl.java:<init>(85)) - starting Raft server for scm:cf7cc385-5ca0-45b1-ac1d-dc278b2e7386
2021-07-15 16:36:55,793 [Listener at 0.0.0.0/14061] INFO  server.RaftServer (ConfUtils.java:logGet(44)) - raft.rpc.type = GRPC (default)
2021-07-15 16:36:55,793 [Listener at 0.0.0.0/14061] INFO  grpc.GrpcFactory (GrpcFactory.java:checkPooledByteBufAllocatorUseCacheForAllThreads(48)) - PERFORMANCE WARNING: useCacheForAllThreads is true that may cause Netty to create a lot garbage objects and, as a result, trigger GC.
	It is recommended to disable useCacheForAllThreads by setting -Dorg.apache.ratis.thirdparty.io.netty.allocator.useCacheForAllThreads=false in command line.
2021-07-15 16:36:55,793 [Listener at 0.0.0.0/14061] INFO  grpc.GrpcConfigKeys (ConfUtils.java:logGet(44)) - raft.grpc.admin.port = -1 (default)
2021-07-15 16:36:55,793 [Listener at 0.0.0.0/14061] INFO  grpc.GrpcConfigKeys (ConfUtils.java:logGet(44)) - raft.grpc.server.port = 14068 (custom)
2021-07-15 16:36:55,793 [Listener at 0.0.0.0/14061] INFO  grpc.GrpcConfigKeys (ConfUtils.java:logGet(44)) - raft.grpc.client.port = -1 (default)
2021-07-15 16:36:55,794 [Listener at 0.0.0.0/14061] INFO  grpc.GrpcConfigKeys (ConfUtils.java:logGet(44)) - raft.grpc.server.port = 14068 (custom)
2021-07-15 16:36:55,794 [Listener at 0.0.0.0/14061] INFO  grpc.GrpcConfigKeys (ConfUtils.java:logGet(44)) - raft.grpc.server.port = 14068 (custom)
2021-07-15 16:36:55,794 [Listener at 0.0.0.0/14061] INFO  server.GrpcService (ConfUtils.java:logGet(44)) - raft.grpc.message.size.max = 32m (=33554432) (custom)
2021-07-15 16:36:55,794 [Listener at 0.0.0.0/14061] INFO  server.RaftServerConfigKeys (ConfUtils.java:logGet(44)) - raft.server.log.appender.buffer.byte-limit = 33554432 (custom)
2021-07-15 16:36:55,794 [Listener at 0.0.0.0/14061] INFO  server.GrpcService (ConfUtils.java:logGet(44)) - raft.grpc.flow.control.window = 1MB (=1048576) (default)
2021-07-15 16:36:55,795 [Listener at 0.0.0.0/14061] INFO  server.RaftServerConfigKeys (ConfUtils.java:logGet(44)) - raft.server.rpc.request.timeout = 30000ms (custom)
2021-07-15 16:36:55,796 [Listener at 0.0.0.0/14061] INFO  impl.DataStreamServerImpl (ConfUtils.java:logGet(44)) - raft.datastream.type = DISABLED (default)
2021-07-15 16:36:55,796 [Listener at 0.0.0.0/14061] INFO  server.RaftServerConfigKeys (ConfUtils.java:logGet(44)) - raft.server.rpc.slowness.timeout = 120000ms (custom)
2021-07-15 16:36:55,796 [Listener at 0.0.0.0/14061] INFO  server.RaftServerConfigKeys (ConfUtils.java:logGet(44)) - raft.server.leaderelection.leader.step-down.wait-time = 10s (default)
2021-07-15 16:36:55,796 [Listener at 0.0.0.0/14061] INFO  server.RaftServerConfigKeys (ConfUtils.java:logGet(44)) - raft.server.storage.dir = [/home/runner/work/ozone/ozone/mnt/ozone/hadoop-ozone/integration-test/target/test-dir/MiniOzoneClusterImpl-8ef06965-d5c9-44f0-9cd1-4cafb8afe6ac/scmNode-3/scm-ha] (custom)
2021-07-15 16:36:55,797 [Listener at 0.0.0.0/14061] INFO  server.RaftServer (RaftServerProxy.java:addNew(95)) - cf7cc385-5ca0-45b1-ac1d-dc278b2e7386: addNew group-4CAFB8AFE6AC:[] returns group-4CAFB8AFE6AC:java.util.concurrent.CompletableFuture@7524241d[Not completed]
2021-07-15 16:36:55,797 [pool-215-thread-1] INFO  server.RaftServer$Division (RaftServerImpl.java:<init>(180)) - cf7cc385-5ca0-45b1-ac1d-dc278b2e7386: new RaftServerImpl for group-4CAFB8AFE6AC:[] with SCMStateMachine:uninitialized
2021-07-15 16:36:55,798 [pool-215-thread-1] INFO  server.RaftServerConfigKeys (ConfUtils.java:logGet(44)) - raft.server.rpc.timeout.min = 5000ms (custom)
2021-07-15 16:36:55,798 [pool-215-thread-1] INFO  server.RaftServerConfigKeys (ConfUtils.java:logGet(44)) - raft.server.rpc.timeout.max = 5200ms (custom)
2021-07-15 16:36:55,798 [pool-215-thread-1] INFO  server.RaftServerConfigKeys (ConfUtils.java:logGet(44)) - raft.server.rpc.sleep.time = 25ms (default)
2021-07-15 16:36:55,798 [pool-215-thread-1] INFO  server.RaftServerConfigKeys (ConfUtils.java:logGet(44)) - raft.server.rpc.slowness.timeout = 120000ms (custom)
2021-07-15 16:36:55,798 [pool-215-thread-1] INFO  server.RaftServerConfigKeys (ConfUtils.java:logGet(44)) - raft.server.leaderelection.leader.step-down.wait-time = 10s (default)
2021-07-15 16:36:55,798 [pool-215-thread-1] INFO  server.RaftServerConfigKeys (ConfUtils.java:logGet(44)) - raft.server.sleep.deviation.threshold = 300ms (default)
2021-07-15 16:36:55,798 [pool-215-thread-1] INFO  server.RaftServerConfigKeys (ConfUtils.java:logGet(44)) - raft.server.log.appender.install.snapshot.enabled = false (custom)
2021-07-15 16:36:55,798 [pool-215-thread-1] INFO  server.RaftServer$Division (ServerState.java:<init>(105)) - cf7cc385-5ca0-45b1-ac1d-dc278b2e7386@group-4CAFB8AFE6AC: ConfigurationManager, init=-1: [], old=null, confs=<EMPTY_MAP>
2021-07-15 16:36:55,799 [pool-215-thread-1] INFO  server.RaftServerConfigKeys (ConfUtils.java:logGet(44)) - raft.server.storage.dir = [/home/runner/work/ozone/ozone/mnt/ozone/hadoop-ozone/integration-test/target/test-dir/MiniOzoneClusterImpl-8ef06965-d5c9-44f0-9cd1-4cafb8afe6ac/scmNode-3/scm-ha] (custom)
2021-07-15 16:36:55,799 [pool-215-thread-1] INFO  server.RaftServerConfigKeys (ConfUtils.java:logGet(44)) - raft.server.log.corruption.policy = EXCEPTION (default)
2021-07-15 16:36:55,799 [pool-215-thread-1] INFO  storage.RaftStorageDirectory (RaftStorageDirectoryImpl.java:analyzeStorage(132)) - The storage directory /home/runner/work/ozone/ozone/mnt/ozone/hadoop-ozone/integration-test/target/test-dir/MiniOzoneClusterImpl-8ef06965-d5c9-44f0-9cd1-4cafb8afe6ac/scmNode-3/scm-ha/8ef06965-d5c9-44f0-9cd1-4cafb8afe6ac does not exist. Creating ...
2021-07-15 16:36:55,800 [pool-215-thread-1] INFO  storage.RaftStorageDirectory (RaftStorageDirectoryImpl.java:tryLock(215)) - Lock on /home/runner/work/ozone/ozone/mnt/ozone/hadoop-ozone/integration-test/target/test-dir/MiniOzoneClusterImpl-8ef06965-d5c9-44f0-9cd1-4cafb8afe6ac/scmNode-3/scm-ha/8ef06965-d5c9-44f0-9cd1-4cafb8afe6ac/in_use.lock acquired by nodename 5190@fv-az151-474
2021-07-15 16:36:55,801 [pool-215-thread-1] INFO  storage.RaftStorage (RaftStorageImpl.java:format(87)) - Storage directory /home/runner/work/ozone/ozone/mnt/ozone/hadoop-ozone/integration-test/target/test-dir/MiniOzoneClusterImpl-8ef06965-d5c9-44f0-9cd1-4cafb8afe6ac/scmNode-3/scm-ha/8ef06965-d5c9-44f0-9cd1-4cafb8afe6ac has been successfully formatted.
2021-07-15 16:36:55,802 [pool-215-thread-1] INFO  server.RaftServerConfigKeys (ConfUtils.java:logGet(44)) - raft.server.notification.no-leader.timeout = 60s (default)
2021-07-15 16:36:55,802 [pool-215-thread-1] INFO  server.RaftServerConfigKeys (ConfUtils.java:logGet(44)) - raft.server.log.use.memory = false (default)
2021-07-15 16:36:55,802 [pool-215-thread-1] INFO  server.RaftServerConfigKeys (ConfUtils.java:logGet(44)) - raft.server.log.purge.gap = 5 (custom)
2021-07-15 16:36:55,802 [pool-215-thread-1] INFO  server.RaftServerConfigKeys (ConfUtils.java:logGet(44)) - raft.server.log.appender.buffer.byte-limit = 33554432 (custom)
2021-07-15 16:36:55,802 [pool-215-thread-1] INFO  metrics.RatisMetrics (RatisMetrics.java:lambda$create$0(36)) - Creating Metrics Registry : ratis.log_worker.cf7cc385-5ca0-45b1-ac1d-dc278b2e7386@group-4CAFB8AFE6AC
2021-07-15 16:36:55,802 [pool-215-thread-1] INFO  server.RaftServerConfigKeys (ConfUtils.java:logGet(44)) - raft.server.log.segment.size.max = 16384 (custom)
2021-07-15 16:36:55,802 [pool-215-thread-1] INFO  server.RaftServerConfigKeys (ConfUtils.java:logGet(44)) - raft.server.log.segment.cache.num.max = 2 (custom)
2021-07-15 16:36:55,803 [pool-215-thread-1] INFO  server.RaftServerConfigKeys (ConfUtils.java:logGet(44)) - raft.server.log.segment.cache.size.max = 200MB (=209715200) (default)
2021-07-15 16:36:55,803 [pool-215-thread-1] INFO  segmented.SegmentedRaftLogWorker (SegmentedRaftLogWorker.java:<init>(182)) - new cf7cc385-5ca0-45b1-ac1d-dc278b2e7386@group-4CAFB8AFE6AC-SegmentedRaftLogWorker for RaftStorageImpl:Storage Directory /home/runner/work/ozone/ozone/mnt/ozone/hadoop-ozone/integration-test/target/test-dir/MiniOzoneClusterImpl-8ef06965-d5c9-44f0-9cd1-4cafb8afe6ac/scmNode-3/scm-ha/8ef06965-d5c9-44f0-9cd1-4cafb8afe6ac
2021-07-15 16:36:55,803 [pool-215-thread-1] INFO  server.RaftServerConfigKeys (ConfUtils.java:logGet(44)) - raft.server.log.queue.byte-limit = 64MB (=67108864) (default)
2021-07-15 16:36:55,803 [pool-215-thread-1] INFO  server.RaftServerConfigKeys (ConfUtils.java:logGet(44)) - raft.server.log.queue.element-limit = 4096 (default)
2021-07-15 16:36:55,803 [pool-215-thread-1] INFO  server.RaftServerConfigKeys (ConfUtils.java:logGet(44)) - raft.server.log.segment.size.max = 16384 (custom)
2021-07-15 16:36:55,803 [pool-215-thread-1] INFO  server.RaftServerConfigKeys (ConfUtils.java:logGet(44)) - raft.server.log.preallocated.size = 16384 (custom)
2021-07-15 16:36:55,804 [pool-215-thread-1] INFO  server.RaftServerConfigKeys (ConfUtils.java:logGet(44)) - raft.server.log.force.sync.num = 128 (default)
2021-07-15 16:36:55,804 [pool-215-thread-1] INFO  server.RaftServerConfigKeys (ConfUtils.java:logGet(44)) - raft.server.log.statemachine.data.sync = true (default)
2021-07-15 16:36:55,804 [pool-215-thread-1] INFO  server.RaftServerConfigKeys (ConfUtils.java:logGet(44)) - raft.server.log.statemachine.data.sync.timeout = 10s (default)
2021-07-15 16:36:55,804 [pool-215-thread-1] INFO  server.RaftServerConfigKeys (ConfUtils.java:logGet(44)) - raft.server.log.statemachine.data.sync.timeout.retry = -1 (default)
2021-07-15 16:36:55,804 [pool-215-thread-1] INFO  server.RaftServerConfigKeys (ConfUtils.java:logGet(44)) - raft.server.log.write.buffer.size = 64KB (=65536) (default)
2021-07-15 16:36:55,804 [pool-215-thread-1] INFO  server.RaftServerConfigKeys (ConfUtils.java:logGet(44)) - raft.server.log.statemachine.data.caching.enabled = false (default)
2021-07-15 16:36:55,805 [EndpointStateMachine task thread for /127.0.0.1:12821 - 0 ] INFO  ipc.Client (Client.java:handleConnectionFailure(977)) - Retrying connect to server: localhost/127.0.0.1:12821. Already tried 6 time(s); retry policy is RetryUpToMaximumCountWithFixedSleep(maxRetries=15, sleepTime=1000 MILLISECONDS)
2021-07-15 16:36:55,805 [EndpointStateMachine task thread for /127.0.0.1:12801 - 0 ] INFO  ipc.Client (Client.java:handleConnectionFailure(977)) - Retrying connect to server: localhost/127.0.0.1:12801. Already tried 10 time(s); retry policy is RetryUpToMaximumCountWithFixedSleep(maxRetries=15, sleepTime=1000 MILLISECONDS)
2021-07-15 16:36:55,805 [pool-215-thread-1] INFO  segmented.SegmentedRaftLogWorker (SegmentedRaftLogWorker.java:lambda$new$0(133)) - cf7cc385-5ca0-45b1-ac1d-dc278b2e7386@group-4CAFB8AFE6AC-SegmentedRaftLogWorker: flushIndex: setUnconditionally 0 -> -1
2021-07-15 16:36:55,805 [EndpointStateMachine task thread for /127.0.0.1:12811 - 0 ] INFO  ipc.Client (Client.java:handleConnectionFailure(977)) - Retrying connect to server: localhost/127.0.0.1:12811. Already tried 6 time(s); retry policy is RetryUpToMaximumCountWithFixedSleep(maxRetries=15, sleepTime=1000 MILLISECONDS)
2021-07-15 16:36:55,805 [pool-215-thread-1] INFO  segmented.SegmentedRaftLogWorker (SegmentedRaftLogWorker.java:lambda$new$0(133)) - cf7cc385-5ca0-45b1-ac1d-dc278b2e7386@group-4CAFB8AFE6AC-SegmentedRaftLogWorker: safeCacheEvictIndex: setUnconditionally 0 -> -1
2021-07-15 16:36:55,806 [pool-215-thread-1] INFO  server.RaftServerConfigKeys (ConfUtils.java:logGet(44)) - raft.server.snapshot.auto.trigger.enabled = true (custom)
2021-07-15 16:36:55,806 [pool-215-thread-1] INFO  server.RaftServerConfigKeys (ConfUtils.java:logGet(44)) - raft.server.snapshot.auto.trigger.threshold = 5 (custom)
2021-07-15 16:36:55,806 [pool-215-thread-1] INFO  server.RaftServerConfigKeys (ConfUtils.java:logGet(44)) - raft.server.snapshot.retention.file.num = -1 (default)
2021-07-15 16:36:55,806 [pool-215-thread-1] INFO  server.RaftServerConfigKeys (ConfUtils.java:logGet(44)) - raft.server.log.purge.upto.snapshot.index = true (custom)
2021-07-15 16:36:55,806 [pool-215-thread-1] INFO  server.RaftServerConfigKeys (ConfUtils.java:logGet(44)) - raft.server.retrycache.expirytime = 60000ms (default)
2021-07-15 16:36:55,806 [pool-215-thread-1] INFO  server.RaftServerConfigKeys (ConfUtils.java:logGet(44)) - raft.server.retrycache.statistics.expirytime = 100μs (default)
2021-07-15 16:36:55,806 [pool-215-thread-1] INFO  metrics.RatisMetrics (RatisMetrics.java:lambda$create$0(36)) - Creating Metrics Registry : ratis.leader_election.cf7cc385-5ca0-45b1-ac1d-dc278b2e7386@group-4CAFB8AFE6AC
2021-07-15 16:36:55,807 [pool-215-thread-1] INFO  metrics.RatisMetrics (RatisMetrics.java:lambda$create$0(36)) - Creating Metrics Registry : ratis.server.cf7cc385-5ca0-45b1-ac1d-dc278b2e7386@group-4CAFB8AFE6AC
2021-07-15 16:36:55,807 [Listener at 0.0.0.0/14061] INFO  ha.SCMSnapshotProvider (SCMSnapshotProvider.java:<init>(66)) - Initializing SCM Snapshot Provider
2021-07-15 16:36:55,808 [Listener at 0.0.0.0/14061] WARN  server.ServerUtils (ServerUtils.java:getDefaultRatisDirectory(237)) - Storage directory for Ratis is not configured. It is a good idea to map this to an SSD disk. Falling back to ozone.metadata.dirs
2021-07-15 16:36:55,808 [Listener at 0.0.0.0/14061] WARN  ha.SCMHAUtils (SCMHAUtils.java:getSCMRatisSnapshotDirectory(142)) - SCM snapshot dir is not configured. Falling back to ozone.metadata.dirs config
2021-07-15 16:36:55,809 [Listener at 0.0.0.0/14061] INFO  ha.SequenceIdGenerator (SequenceIdGenerator.java:upgradeToSequenceId(327)) - upgrade localId to 107544261427200000
2021-07-15 16:36:55,810 [Listener at 0.0.0.0/14061] INFO  ha.SequenceIdGenerator (SequenceIdGenerator.java:upgradeToSequenceId(337)) - upgrade delTxnId to 0
2021-07-15 16:36:55,810 [Listener at 0.0.0.0/14061] INFO  ha.SequenceIdGenerator (SequenceIdGenerator.java:upgradeToSequenceId(351)) - upgrade containerId to 0
2021-07-15 16:36:55,810 [Listener at 0.0.0.0/14061] INFO  ha.SequenceIdGenerator (SequenceIdGenerator.java:<init>(217)) - Init the HA SequenceIdGenerator.
2021-07-15 16:36:55,810 [Listener at 0.0.0.0/14061] WARN  server.ServerUtils (ServerUtils.java:sanitizeUserArgs(73)) - ozone.scm.stale.node.interval value = 300000 is larger than max = 100000 based on the key value of ozone.scm.heartbeat.thread.interval, reset to the max value 100000.
2021-07-15 16:36:55,811 [Listener at 0.0.0.0/14061] WARN  server.ServerUtils (ServerUtils.java:sanitizeUserArgs(73)) - ozone.scm.stale.node.interval value = 300000 is larger than max = 100000 based on the key value of ozone.scm.heartbeat.thread.interval, reset to the max value 100000.
2021-07-15 16:36:55,811 [Listener at 0.0.0.0/14061] INFO  node.SCMNodeManager (SCMNodeManager.java:<init>(141)) - Entering startup safe mode.
2021-07-15 16:36:55,812 [Listener at 0.0.0.0/14061] INFO  algorithms.ContainerPlacementPolicyFactory (ContainerPlacementPolicyFactory.java:getPolicy(60)) - Create container placement policy of type org.apache.hadoop.hdds.scm.container.placement.algorithms.SCMContainerPlacementRandom
2021-07-15 16:36:55,812 [Listener at 0.0.0.0/14061] INFO  pipeline.PipelineStateManager (PipelineStateManagerV2Impl.java:initialize(78)) - No pipeline exists in current db
2021-07-15 16:36:55,812 [Listener at 0.0.0.0/14061] INFO  algorithms.LeaderChoosePolicyFactory (LeaderChoosePolicyFactory.java:getPolicy(57)) - Create leader choose policy of type org.apache.hadoop.hdds.scm.pipeline.leader.choose.algorithms.MinLeaderCountChoosePolicy
2021-07-15 16:36:55,813 [Listener at 0.0.0.0/14061] INFO  ha.SCMServiceManager (SCMServiceManager.java:register(43)) - Registering service BackgroundPipelineCreator.
2021-07-15 16:36:55,813 [Listener at 0.0.0.0/14061] INFO  pipeline.BackgroundPipelineCreator (BackgroundPipelineCreatorV2.java:start(130)) - Starting RatisPipelineUtilsThread.
2021-07-15 16:36:55,814 [Listener at 0.0.0.0/14061] INFO  algorithms.PipelineChoosePolicyFactory (PipelineChoosePolicyFactory.java:createPipelineChoosePolicyFromClass(73)) - Create pipeline choose policy of type org.apache.hadoop.hdds.scm.pipeline.choose.algorithms.RandomPipelineChoosePolicy
2021-07-15 16:36:55,815 [Listener at 0.0.0.0/14061] INFO  ha.SCMServiceManager (SCMServiceManager.java:register(43)) - Registering service SCMBlockDeletingService.
2021-07-15 16:36:55,815 [Listener at 0.0.0.0/14061] INFO  ha.SCMServiceManager (SCMServiceManager.java:register(43)) - Registering service ReplicationManager.
2021-07-15 16:36:55,815 [Listener at 0.0.0.0/14061] INFO  container.ReplicationManager (ReplicationManager.java:start(220)) - Starting Replication Monitor Thread.
2021-07-15 16:36:55,817 [ReplicationMonitor] INFO  container.ReplicationManager (ReplicationManager.java:run(284)) - Replication Monitor Thread took 0 milliseconds for processing 0 containers.
2021-07-15 16:36:55,817 [Listener at 0.0.0.0/14061] INFO  safemode.ContainerSafeModeRule (ContainerSafeModeRule.java:<init>(89)) - containers with one replica threshold count 0
2021-07-15 16:36:55,818 [Listener at 0.0.0.0/14061] INFO  safemode.HealthyPipelineSafeModeRule (HealthyPipelineSafeModeRule.java:initializeRule(156)) - Total pipeline count is 0, healthy pipeline threshold count is 1
2021-07-15 16:36:55,818 [Listener at 0.0.0.0/14061] INFO  safemode.OneReplicaPipelineSafeModeRule (OneReplicaPipelineSafeModeRule.java:initializeRule(180)) - Total pipeline count is 0, pipeline's with at least one datanode reported threshold count is 0
2021-07-15 16:36:55,818 [Listener at 0.0.0.0/14061] INFO  ipc.CallQueueManager (CallQueueManager.java:<init>(90)) - Using callQueue: class java.util.concurrent.LinkedBlockingQueue, queueCapacity: 2000, scheduler: class org.apache.hadoop.ipc.DefaultRpcScheduler, ipcBackoff: false.
2021-07-15 16:36:55,819 [Socket Reader #1 for port 14069] INFO  ipc.Server (Server.java:run(1265)) - Starting Socket Reader #1 for port 14069
2021-07-15 16:36:55,823 [Listener at 0.0.0.0/14069] INFO  ipc.CallQueueManager (CallQueueManager.java:<init>(90)) - Using callQueue: class java.util.concurrent.LinkedBlockingQueue, queueCapacity: 2000, scheduler: class org.apache.hadoop.ipc.DefaultRpcScheduler, ipcBackoff: false.
2021-07-15 16:36:55,824 [Socket Reader #1 for port 14070] INFO  ipc.Server (Server.java:run(1265)) - Starting Socket Reader #1 for port 14070
2021-07-15 16:36:55,825 [Listener at 0.0.0.0/14070] INFO  ipc.CallQueueManager (CallQueueManager.java:<init>(90)) - Using callQueue: class java.util.concurrent.LinkedBlockingQueue, queueCapacity: 2000, scheduler: class org.apache.hadoop.ipc.DefaultRpcScheduler, ipcBackoff: false.
2021-07-15 16:36:55,830 [Socket Reader #1 for port 14071] INFO  ipc.Server (Server.java:run(1265)) - Starting Socket Reader #1 for port 14071
2021-07-15 16:36:55,859 [Listener at 0.0.0.0/14071] INFO  server.StorageContainerManager (StorageContainerManager.java:<init>(378)) - 
Container Balancer status:
Key                            Value
Running                        true
Container Balancer Configuration values:
Key                            Value
Threshold                      0.1
Max Datanodes to Balance       5
Max Size to Move               10737418240B

2021-07-15 16:36:55,860 [Listener at 0.0.0.0/14071] WARN  events.EventQueue (EventQueue.java:fireEvent(194)) - No event handler registered for event TypedEvent{payloadType=SafeModeStatus, name='Safe mode status'}
2021-07-15 16:36:55,860 [Listener at 0.0.0.0/14071] INFO  ha.SCMContext (SCMContext.java:updateSafeModeStatus(205)) - Update SafeModeStatus from SafeModeStatus{safeModeStatus=true, preCheckPassed=false} to SafeModeStatus{safeModeStatus=true, preCheckPassed=false}.
2021-07-15 16:36:55,860 [Listener at 0.0.0.0/14071] INFO  ozone.MiniOzoneHAClusterImpl (MiniOzoneHAClusterImpl.java:createSCMService(552)) - Intialized SCM at org.apache.hadoop.hdds.scm.server.SCMClientProtocolServer@2957c30c. This SCM is currently inactive (not running).
2021-07-15 16:36:55,861 [Listener at 0.0.0.0/14071] INFO  ha.OMHANodeDetails (OMHANodeDetails.java:loadOMHAConfig(111)) - ServiceID for OzoneManager is om-service-test1
2021-07-15 16:36:55,862 [Listener at 0.0.0.0/14071] INFO  ha.OMHANodeDetails (OMHANodeDetails.java:loadOMHAConfig(187)) - Found matching OM address with OMServiceId: om-service-test1, OMNodeId: omNode-1, RPC Address: localhost:10248 and Ratis port: 10252
2021-07-15 16:36:55,862 [Listener at 0.0.0.0/14071] INFO  ha.OMHANodeDetails (ConfUtils.java:setNodeSpecificConfigs(108)) - Setting configuration key ozone.om.http-address with value of key ozone.om.http-address.om-service-test1.omNode-1: 127.0.0.1:10250
2021-07-15 16:36:55,862 [Listener at 0.0.0.0/14071] INFO  ha.OMHANodeDetails (ConfUtils.java:setNodeSpecificConfigs(108)) - Setting configuration key ozone.om.https-address with value of key ozone.om.https-address.om-service-test1.omNode-1: 127.0.0.1:10251
2021-07-15 16:36:55,862 [Listener at 0.0.0.0/14071] INFO  ha.OMHANodeDetails (ConfUtils.java:setNodeSpecificConfigs(108)) - Setting configuration key ozone.om.address with value of key ozone.om.address.om-service-test1.omNode-1: 127.0.0.1:10248
2021-07-15 16:36:55,862 [Listener at 0.0.0.0/14071] WARN  server.ServerUtils (ServerUtils.java:getDBPath(225)) - ozone.om.db.dirs is not configured. We recommend adding this setting. Falling back to ozone.metadata.dirs instead.
2021-07-15 16:36:55,863 [Listener at 0.0.0.0/14071] INFO  ha.SCMNodeInfo (SCMNodeInfo.java:getPort(197)) - ConfigKey ozone.scm.client.address is deprecated, For configuring different ports for each SCM use PortConfigKey ozone.scm.client.port appended with serviceId and nodeId
2021-07-15 16:36:55,863 [Listener at 0.0.0.0/14071] INFO  ha.SCMNodeInfo (SCMNodeInfo.java:getPort(197)) - ConfigKey ozone.scm.block.client.address is deprecated, For configuring different ports for each SCM use PortConfigKey ozone.scm.block.client.port appended with serviceId and nodeId
2021-07-15 16:36:55,864 [Listener at 0.0.0.0/14071] INFO  ha.SCMNodeInfo (SCMNodeInfo.java:getPort(197)) - ConfigKey ozone.scm.datanode.address is deprecated, For configuring different ports for each SCM use PortConfigKey ozone.scm.datanode.port appended with serviceId and nodeId
2021-07-15 16:36:55,864 [Listener at 0.0.0.0/14071] INFO  ha.SCMNodeInfo (SCMNodeInfo.java:getPort(197)) - ConfigKey ozone.scm.client.address is deprecated, For configuring different ports for each SCM use PortConfigKey ozone.scm.client.port appended with serviceId and nodeId
2021-07-15 16:36:55,864 [Listener at 0.0.0.0/14071] INFO  ha.SCMNodeInfo (SCMNodeInfo.java:getPort(197)) - ConfigKey ozone.scm.block.client.address is deprecated, For configuring different ports for each SCM use PortConfigKey ozone.scm.block.client.port appended with serviceId and nodeId
2021-07-15 16:36:55,864 [Listener at 0.0.0.0/14071] INFO  ha.SCMNodeInfo (SCMNodeInfo.java:getPort(197)) - ConfigKey ozone.scm.datanode.address is deprecated, For configuring different ports for each SCM use PortConfigKey ozone.scm.datanode.port appended with serviceId and nodeId
2021-07-15 16:36:55,864 [Listener at 0.0.0.0/14071] INFO  ha.SCMNodeInfo (SCMNodeInfo.java:getPort(197)) - ConfigKey ozone.scm.client.address is deprecated, For configuring different ports for each SCM use PortConfigKey ozone.scm.client.port appended with serviceId and nodeId
2021-07-15 16:36:55,864 [Listener at 0.0.0.0/14071] INFO  ha.SCMNodeInfo (SCMNodeInfo.java:getPort(197)) - ConfigKey ozone.scm.block.client.address is deprecated, For configuring different ports for each SCM use PortConfigKey ozone.scm.block.client.port appended with serviceId and nodeId
2021-07-15 16:36:55,865 [Listener at 0.0.0.0/14071] INFO  ha.SCMNodeInfo (SCMNodeInfo.java:getPort(197)) - ConfigKey ozone.scm.datanode.address is deprecated, For configuring different ports for each SCM use PortConfigKey ozone.scm.datanode.port appended with serviceId and nodeId
OM initialization succeeded.Current cluster id for sd=/home/runner/work/ozone/ozone/mnt/ozone/hadoop-ozone/integration-test/target/test-dir/MiniOzoneClusterImpl-8ef06965-d5c9-44f0-9cd1-4cafb8afe6ac/omNode-1/om;cid=8ef06965-d5c9-44f0-9cd1-4cafb8afe6ac;layoutVersion=0
2021-07-15 16:36:55,874 [Listener at 0.0.0.0/14071] INFO  ha.OMHANodeDetails (OMHANodeDetails.java:loadOMHAConfig(111)) - ServiceID for OzoneManager is om-service-test1
2021-07-15 16:36:55,874 [Listener at 0.0.0.0/14071] INFO  ha.OMHANodeDetails (OMHANodeDetails.java:loadOMHAConfig(187)) - Found matching OM address with OMServiceId: om-service-test1, OMNodeId: omNode-1, RPC Address: localhost:10248 and Ratis port: 10252
2021-07-15 16:36:55,875 [Listener at 0.0.0.0/14071] INFO  ha.OMHANodeDetails (ConfUtils.java:setNodeSpecificConfigs(108)) - Setting configuration key ozone.om.http-address with value of key ozone.om.http-address.om-service-test1.omNode-1: 127.0.0.1:10250
2021-07-15 16:36:55,875 [Listener at 0.0.0.0/14071] INFO  ha.OMHANodeDetails (ConfUtils.java:setNodeSpecificConfigs(108)) - Setting configuration key ozone.om.https-address with value of key ozone.om.https-address.om-service-test1.omNode-1: 127.0.0.1:10251
2021-07-15 16:36:55,875 [Listener at 0.0.0.0/14071] INFO  ha.OMHANodeDetails (ConfUtils.java:setNodeSpecificConfigs(108)) - Setting configuration key ozone.om.address with value of key ozone.om.address.om-service-test1.omNode-1: 127.0.0.1:10248
2021-07-15 16:36:55,875 [Listener at 0.0.0.0/14071] WARN  server.ServerUtils (ServerUtils.java:getDBPath(225)) - ozone.om.db.dirs is not configured. We recommend adding this setting. Falling back to ozone.metadata.dirs instead.
2021-07-15 16:36:55,875 [Listener at 0.0.0.0/14071] INFO  upgrade.AbstractLayoutVersionManager (AbstractLayoutVersionManager.java:init(70)) - Initializing Layout version manager with metadata layout = INITIAL_VERSION (version = 0), software layout = INITIAL_VERSION (version = 0)
2021-07-15 16:36:56,561 [org.apache.ratis.util.JvmPauseMonitor$$Lambda$496/1286580650@2c56d4ab] WARN  util.JvmPauseMonitor (JvmPauseMonitor.java:detectPause(124)) - JvmPauseMonitor-6394c69b-367f-4a62-9595-acf3eb8c80db: Detected pause in JVM or host machine (eg GC): pause of approximately 471666418ns.
GC pool 'PS MarkSweep' had collection(s): count=1 time=320ms
GC pool 'PS Scavenge' had collection(s): count=1 time=342ms
2021-07-15 16:36:56,561 [org.apache.ratis.util.JvmPauseMonitor$$Lambda$496/1286580650@661fb92c] WARN  util.JvmPauseMonitor (JvmPauseMonitor.java:detectPause(124)) - JvmPauseMonitor-3f02e2f7-a9fe-43aa-a16a-2bf2030dc8fd: Detected pause in JVM or host machine (eg GC): pause of approximately 582829990ns.
GC pool 'PS MarkSweep' had collection(s): count=1 time=320ms
GC pool 'PS Scavenge' had collection(s): count=1 time=342ms
2021-07-15 16:36:56,608 [Listener at 0.0.0.0/14071] INFO  reflections.Reflections (Reflections.java:scan(232)) - Reflections took 732 ms to scan 2 urls, producing 130 keys and 340 values [using 2 cores]
2021-07-15 16:36:56,609 [Listener at 0.0.0.0/14071] INFO  upgrade.OMLayoutVersionManager (OMLayoutVersionManager.java:lambda$0(116)) - Skipping Upgrade Action MockOmUpgradeAction since it has been finalized.
2021-07-15 16:36:56,609 [Listener at 0.0.0.0/14071] WARN  server.ServerUtils (ServerUtils.java:getDBPath(225)) - ozone.om.db.dirs is not configured. We recommend adding this setting. Falling back to ozone.metadata.dirs instead.
2021-07-15 16:36:56,610 [Listener at 0.0.0.0/14071] INFO  ha.SCMNodeInfo (SCMNodeInfo.java:getPort(197)) - ConfigKey ozone.scm.client.address is deprecated, For configuring different ports for each SCM use PortConfigKey ozone.scm.client.port appended with serviceId and nodeId
2021-07-15 16:36:56,610 [Listener at 0.0.0.0/14071] INFO  ha.SCMNodeInfo (SCMNodeInfo.java:getPort(197)) - ConfigKey ozone.scm.block.client.address is deprecated, For configuring different ports for each SCM use PortConfigKey ozone.scm.block.client.port appended with serviceId and nodeId
2021-07-15 16:36:56,610 [Listener at 0.0.0.0/14071] INFO  ha.SCMNodeInfo (SCMNodeInfo.java:getPort(197)) - ConfigKey ozone.scm.datanode.address is deprecated, For configuring different ports for each SCM use PortConfigKey ozone.scm.datanode.port appended with serviceId and nodeId
2021-07-15 16:36:56,610 [Listener at 0.0.0.0/14071] INFO  ha.SCMNodeInfo (SCMNodeInfo.java:getPort(197)) - ConfigKey ozone.scm.client.address is deprecated, For configuring different ports for each SCM use PortConfigKey ozone.scm.client.port appended with serviceId and nodeId
2021-07-15 16:36:56,610 [Listener at 0.0.0.0/14071] INFO  ha.SCMNodeInfo (SCMNodeInfo.java:getPort(197)) - ConfigKey ozone.scm.block.client.address is deprecated, For configuring different ports for each SCM use PortConfigKey ozone.scm.block.client.port appended with serviceId and nodeId
2021-07-15 16:36:56,610 [Listener at 0.0.0.0/14071] INFO  ha.SCMNodeInfo (SCMNodeInfo.java:getPort(197)) - ConfigKey ozone.scm.datanode.address is deprecated, For configuring different ports for each SCM use PortConfigKey ozone.scm.datanode.port appended with serviceId and nodeId
2021-07-15 16:36:56,611 [Listener at 0.0.0.0/14071] INFO  ha.SCMNodeInfo (SCMNodeInfo.java:getPort(197)) - ConfigKey ozone.scm.client.address is deprecated, For configuring different ports for each SCM use PortConfigKey ozone.scm.client.port appended with serviceId and nodeId
2021-07-15 16:36:56,611 [Listener at 0.0.0.0/14071] INFO  ha.SCMNodeInfo (SCMNodeInfo.java:getPort(197)) - ConfigKey ozone.scm.block.client.address is deprecated, For configuring different ports for each SCM use PortConfigKey ozone.scm.block.client.port appended with serviceId and nodeId
2021-07-15 16:36:56,611 [Listener at 0.0.0.0/14071] INFO  ha.SCMNodeInfo (SCMNodeInfo.java:getPort(197)) - ConfigKey ozone.scm.datanode.address is deprecated, For configuring different ports for each SCM use PortConfigKey ozone.scm.datanode.port appended with serviceId and nodeId
2021-07-15 16:36:56,611 [Listener at 0.0.0.0/14071] INFO  ha.SCMNodeInfo (SCMNodeInfo.java:getPort(197)) - ConfigKey ozone.scm.client.address is deprecated, For configuring different ports for each SCM use PortConfigKey ozone.scm.client.port appended with serviceId and nodeId
2021-07-15 16:36:56,612 [Listener at 0.0.0.0/14071] INFO  ha.SCMNodeInfo (SCMNodeInfo.java:getPort(197)) - ConfigKey ozone.scm.block.client.address is deprecated, For configuring different ports for each SCM use PortConfigKey ozone.scm.block.client.port appended with serviceId and nodeId
2021-07-15 16:36:56,612 [Listener at 0.0.0.0/14071] INFO  ha.SCMNodeInfo (SCMNodeInfo.java:getPort(197)) - ConfigKey ozone.scm.datanode.address is deprecated, For configuring different ports for each SCM use PortConfigKey ozone.scm.datanode.port appended with serviceId and nodeId
2021-07-15 16:36:56,612 [Listener at 0.0.0.0/14071] INFO  ha.SCMNodeInfo (SCMNodeInfo.java:getPort(197)) - ConfigKey ozone.scm.client.address is deprecated, For configuring different ports for each SCM use PortConfigKey ozone.scm.client.port appended with serviceId and nodeId
2021-07-15 16:36:56,612 [Listener at 0.0.0.0/14071] INFO  ha.SCMNodeInfo (SCMNodeInfo.java:getPort(197)) - ConfigKey ozone.scm.block.client.address is deprecated, For configuring different ports for each SCM use PortConfigKey ozone.scm.block.client.port appended with serviceId and nodeId
2021-07-15 16:36:56,612 [Listener at 0.0.0.0/14071] INFO  ha.SCMNodeInfo (SCMNodeInfo.java:getPort(197)) - ConfigKey ozone.scm.datanode.address is deprecated, For configuring different ports for each SCM use PortConfigKey ozone.scm.datanode.port appended with serviceId and nodeId
2021-07-15 16:36:56,612 [Listener at 0.0.0.0/14071] INFO  ha.SCMNodeInfo (SCMNodeInfo.java:getPort(197)) - ConfigKey ozone.scm.client.address is deprecated, For configuring different ports for each SCM use PortConfigKey ozone.scm.client.port appended with serviceId and nodeId
2021-07-15 16:36:56,613 [Listener at 0.0.0.0/14071] INFO  ha.SCMNodeInfo (SCMNodeInfo.java:getPort(197)) - ConfigKey ozone.scm.block.client.address is deprecated, For configuring different ports for each SCM use PortConfigKey ozone.scm.block.client.port appended with serviceId and nodeId
2021-07-15 16:36:56,613 [Listener at 0.0.0.0/14071] INFO  ha.SCMNodeInfo (SCMNodeInfo.java:getPort(197)) - ConfigKey ozone.scm.datanode.address is deprecated, For configuring different ports for each SCM use PortConfigKey ozone.scm.datanode.port appended with serviceId and nodeId
2021-07-15 16:36:56,614 [Listener at 0.0.0.0/14071] INFO  ha.SCMNodeInfo (SCMNodeInfo.java:getPort(197)) - ConfigKey ozone.scm.client.address is deprecated, For configuring different ports for each SCM use PortConfigKey ozone.scm.client.port appended with serviceId and nodeId
2021-07-15 16:36:56,614 [Listener at 0.0.0.0/14071] INFO  ha.SCMNodeInfo (SCMNodeInfo.java:getPort(197)) - ConfigKey ozone.scm.block.client.address is deprecated, For configuring different ports for each SCM use PortConfigKey ozone.scm.block.client.port appended with serviceId and nodeId
2021-07-15 16:36:56,615 [Listener at 0.0.0.0/14071] INFO  ha.SCMNodeInfo (SCMNodeInfo.java:getPort(197)) - ConfigKey ozone.scm.datanode.address is deprecated, For configuring different ports for each SCM use PortConfigKey ozone.scm.datanode.port appended with serviceId and nodeId
2021-07-15 16:36:56,615 [Listener at 0.0.0.0/14071] INFO  ha.SCMNodeInfo (SCMNodeInfo.java:getPort(197)) - ConfigKey ozone.scm.client.address is deprecated, For configuring different ports for each SCM use PortConfigKey ozone.scm.client.port appended with serviceId and nodeId
2021-07-15 16:36:56,615 [Listener at 0.0.0.0/14071] INFO  ha.SCMNodeInfo (SCMNodeInfo.java:getPort(197)) - ConfigKey ozone.scm.block.client.address is deprecated, For configuring different ports for each SCM use PortConfigKey ozone.scm.block.client.port appended with serviceId and nodeId
2021-07-15 16:36:56,615 [Listener at 0.0.0.0/14071] INFO  ha.SCMNodeInfo (SCMNodeInfo.java:getPort(197)) - ConfigKey ozone.scm.datanode.address is deprecated, For configuring different ports for each SCM use PortConfigKey ozone.scm.datanode.port appended with serviceId and nodeId
2021-07-15 16:36:56,616 [Listener at 0.0.0.0/14071] INFO  ha.SCMNodeInfo (SCMNodeInfo.java:getPort(197)) - ConfigKey ozone.scm.client.address is deprecated, For configuring different ports for each SCM use PortConfigKey ozone.scm.client.port appended with serviceId and nodeId
2021-07-15 16:36:56,616 [Listener at 0.0.0.0/14071] INFO  ha.SCMNodeInfo (SCMNodeInfo.java:getPort(197)) - ConfigKey ozone.scm.block.client.address is deprecated, For configuring different ports for each SCM use PortConfigKey ozone.scm.block.client.port appended with serviceId and nodeId
2021-07-15 16:36:56,616 [Listener at 0.0.0.0/14071] INFO  ha.SCMNodeInfo (SCMNodeInfo.java:getPort(197)) - ConfigKey ozone.scm.datanode.address is deprecated, For configuring different ports for each SCM use PortConfigKey ozone.scm.datanode.port appended with serviceId and nodeId
2021-07-15 16:36:56,629 [Listener at 0.0.0.0/14071] WARN  server.ServerUtils (ServerUtils.java:getDBPath(225)) - ozone.om.db.dirs is not configured. We recommend adding this setting. Falling back to ozone.metadata.dirs instead.
2021-07-15 16:36:56,630 [Listener at 0.0.0.0/14071] INFO  codec.OmKeyInfoCodec (OmKeyInfoCodec.java:<init>(51)) - OmKeyInfoCodec ignorePipeline = true
2021-07-15 16:36:56,630 [Listener at 0.0.0.0/14071] INFO  codec.RepeatedOmKeyInfoCodec (RepeatedOmKeyInfoCodec.java:<init>(42)) - RepeatedOmKeyInfoCodec ignorePipeline = true
2021-07-15 16:36:56,764 [Listener at 0.0.0.0/14071] INFO  om.OzoneManager (OzoneManager.java:addS3GVolumeToDB(3899)) - Created Volume s3v With Owner runner required for S3Gateway operations.
2021-07-15 16:36:56,764 [Listener at 0.0.0.0/14071] WARN  server.ServerUtils (ServerUtils.java:getDefaultRatisDirectory(237)) - Storage directory for Ratis is not configured. It is a good idea to map this to an SSD disk. Falling back to ozone.metadata.dirs
2021-07-15 16:36:56,764 [Listener at 0.0.0.0/14071] WARN  ratis.OzoneManagerRatisServer (OzoneManagerRatisServer.java:getOMRatisSnapshotDirectory(654)) - ozone.om.ratis.snapshot.dir is not configured. Falling back to ozone.metadata.dirs config
2021-07-15 16:36:56,765 [Listener at 0.0.0.0/14071] WARN  server.ServerUtils (ServerUtils.java:getDefaultRatisDirectory(237)) - Storage directory for Ratis is not configured. It is a good idea to map this to an SSD disk. Falling back to ozone.metadata.dirs
2021-07-15 16:36:56,766 [Listener at 0.0.0.0/14071] INFO  ratis.OzoneManagerRatisServer (OzoneManagerRatisServer.java:<init>(308)) - Instantiating OM Ratis server with GroupID: om-service-test1 and Raft Peers: localhost:10252
2021-07-15 16:36:56,766 [Listener at 0.0.0.0/14071] INFO  ratis.OzoneManagerStateMachine (OzoneManagerStateMachine.java:loadSnapshotInfoFromDB(575)) - LastAppliedIndex is set from TransactionInfo from OM DB as (t:0, i:~)
2021-07-15 16:36:56,768 [Listener at 0.0.0.0/14071] INFO  server.RaftServer (ConfUtils.java:logGet(44)) - raft.rpc.type = GRPC (default)
2021-07-15 16:36:56,768 [Listener at 0.0.0.0/14071] INFO  grpc.GrpcFactory (GrpcFactory.java:checkPooledByteBufAllocatorUseCacheForAllThreads(48)) - PERFORMANCE WARNING: useCacheForAllThreads is true that may cause Netty to create a lot garbage objects and, as a result, trigger GC.
	It is recommended to disable useCacheForAllThreads by setting -Dorg.apache.ratis.thirdparty.io.netty.allocator.useCacheForAllThreads=false in command line.
2021-07-15 16:36:56,768 [Listener at 0.0.0.0/14071] INFO  grpc.GrpcConfigKeys (ConfUtils.java:logGet(44)) - raft.grpc.admin.port = -1 (default)
2021-07-15 16:36:56,768 [Listener at 0.0.0.0/14071] INFO  grpc.GrpcConfigKeys (ConfUtils.java:logGet(44)) - raft.grpc.server.port = 10252 (custom)
2021-07-15 16:36:56,769 [Listener at 0.0.0.0/14071] INFO  grpc.GrpcConfigKeys (ConfUtils.java:logGet(44)) - raft.grpc.client.port = -1 (default)
2021-07-15 16:36:56,769 [Listener at 0.0.0.0/14071] INFO  grpc.GrpcConfigKeys (ConfUtils.java:logGet(44)) - raft.grpc.server.port = 10252 (custom)
2021-07-15 16:36:56,769 [Listener at 0.0.0.0/14071] INFO  grpc.GrpcConfigKeys (ConfUtils.java:logGet(44)) - raft.grpc.server.port = 10252 (custom)
2021-07-15 16:36:56,769 [Listener at 0.0.0.0/14071] INFO  server.GrpcService (ConfUtils.java:logGet(44)) - raft.grpc.message.size.max = 33554432 (custom)
2021-07-15 16:36:56,769 [Listener at 0.0.0.0/14071] INFO  server.RaftServerConfigKeys (ConfUtils.java:logGet(44)) - raft.server.log.appender.buffer.byte-limit = 33554432 (custom)
2021-07-15 16:36:56,770 [Listener at 0.0.0.0/14071] INFO  server.GrpcService (ConfUtils.java:logGet(44)) - raft.grpc.flow.control.window = 1MB (=1048576) (default)
2021-07-15 16:36:56,770 [Listener at 0.0.0.0/14071] INFO  server.RaftServerConfigKeys (ConfUtils.java:logGet(44)) - raft.server.rpc.request.timeout = 3000ms (default)
2021-07-15 16:36:56,771 [Listener at 0.0.0.0/14071] INFO  impl.DataStreamServerImpl (ConfUtils.java:logGet(44)) - raft.datastream.type = DISABLED (default)
2021-07-15 16:36:56,771 [Listener at 0.0.0.0/14071] INFO  server.RaftServerConfigKeys (ConfUtils.java:logGet(44)) - raft.server.rpc.slowness.timeout = 2s (custom)
2021-07-15 16:36:56,771 [Listener at 0.0.0.0/14071] INFO  server.RaftServerConfigKeys (ConfUtils.java:logGet(44)) - raft.server.leaderelection.leader.step-down.wait-time = 10s (default)
2021-07-15 16:36:56,772 [Listener at 0.0.0.0/14071] INFO  server.RaftServerConfigKeys (ConfUtils.java:logGet(44)) - raft.server.storage.dir = [/home/runner/work/ozone/ozone/mnt/ozone/hadoop-ozone/integration-test/target/test-dir/MiniOzoneClusterImpl-8ef06965-d5c9-44f0-9cd1-4cafb8afe6ac/omNode-1/ratis] (custom)
2021-07-15 16:36:56,772 [Listener at 0.0.0.0/14071] INFO  server.RaftServer (RaftServerProxy.java:addNew(95)) - omNode-1: addNew group-523986131536:[omNode-1|rpc:localhost:10252|priority:0] returns group-523986131536:java.util.concurrent.CompletableFuture@2f832f81[Not completed]
2021-07-15 16:36:56,772 [Listener at 0.0.0.0/14071] INFO  om.OzoneManager (OzoneManager.java:initializeRatisServer(1364)) - OzoneManager Ratis server initialized at port 10252
2021-07-15 16:36:56,774 [Listener at 0.0.0.0/14071] INFO  ipc.CallQueueManager (CallQueueManager.java:<init>(90)) - Using callQueue: class java.util.concurrent.LinkedBlockingQueue, queueCapacity: 2000, scheduler: class org.apache.hadoop.ipc.DefaultRpcScheduler, ipcBackoff: false.
2021-07-15 16:36:56,775 [pool-239-thread-1] INFO  server.RaftServer$Division (RaftServerImpl.java:<init>(180)) - omNode-1: new RaftServerImpl for group-523986131536:[omNode-1|rpc:localhost:10252|priority:0] with OzoneManagerStateMachine:uninitialized
2021-07-15 16:36:56,778 [pool-239-thread-1] INFO  server.RaftServerConfigKeys (ConfUtils.java:logGet(44)) - raft.server.rpc.timeout.min = 1s (custom)
2021-07-15 16:36:56,778 [pool-239-thread-1] INFO  server.RaftServerConfigKeys (ConfUtils.java:logGet(44)) - raft.server.rpc.timeout.max = 1200ms (custom)
2021-07-15 16:36:56,779 [pool-239-thread-1] INFO  server.RaftServerConfigKeys (ConfUtils.java:logGet(44)) - raft.server.rpc.sleep.time = 25ms (default)
2021-07-15 16:36:56,779 [pool-239-thread-1] INFO  server.RaftServerConfigKeys (ConfUtils.java:logGet(44)) - raft.server.rpc.slowness.timeout = 2s (custom)
2021-07-15 16:36:56,779 [pool-239-thread-1] INFO  server.RaftServerConfigKeys (ConfUtils.java:logGet(44)) - raft.server.leaderelection.leader.step-down.wait-time = 10s (default)
2021-07-15 16:36:56,779 [pool-239-thread-1] INFO  server.RaftServerConfigKeys (ConfUtils.java:logGet(44)) - raft.server.sleep.deviation.threshold = 300ms (default)
2021-07-15 16:36:56,779 [pool-239-thread-1] INFO  server.RaftServerConfigKeys (ConfUtils.java:logGet(44)) - raft.server.log.appender.install.snapshot.enabled = false (custom)
2021-07-15 16:36:56,779 [pool-239-thread-1] INFO  server.RaftServer$Division (ServerState.java:<init>(105)) - omNode-1@group-523986131536: ConfigurationManager, init=-1: [omNode-1|rpc:localhost:10252|priority:0], old=null, confs=<EMPTY_MAP>
2021-07-15 16:36:56,779 [pool-239-thread-1] INFO  server.RaftServerConfigKeys (ConfUtils.java:logGet(44)) - raft.server.storage.dir = [/home/runner/work/ozone/ozone/mnt/ozone/hadoop-ozone/integration-test/target/test-dir/MiniOzoneClusterImpl-8ef06965-d5c9-44f0-9cd1-4cafb8afe6ac/omNode-1/ratis] (custom)
2021-07-15 16:36:56,779 [pool-239-thread-1] INFO  server.RaftServerConfigKeys (ConfUtils.java:logGet(44)) - raft.server.log.corruption.policy = EXCEPTION (default)
2021-07-15 16:36:56,779 [pool-239-thread-1] INFO  storage.RaftStorageDirectory (RaftStorageDirectoryImpl.java:analyzeStorage(132)) - The storage directory /home/runner/work/ozone/ozone/mnt/ozone/hadoop-ozone/integration-test/target/test-dir/MiniOzoneClusterImpl-8ef06965-d5c9-44f0-9cd1-4cafb8afe6ac/omNode-1/ratis/c9bc4cf4-3bc3-3c60-a66b-523986131536 does not exist. Creating ...
2021-07-15 16:36:56,782 [Socket Reader #1 for port 10248] INFO  ipc.Server (Server.java:run(1265)) - Starting Socket Reader #1 for port 10248
2021-07-15 16:36:56,784 [pool-239-thread-1] INFO  storage.RaftStorageDirectory (RaftStorageDirectoryImpl.java:tryLock(215)) - Lock on /home/runner/work/ozone/ozone/mnt/ozone/hadoop-ozone/integration-test/target/test-dir/MiniOzoneClusterImpl-8ef06965-d5c9-44f0-9cd1-4cafb8afe6ac/omNode-1/ratis/c9bc4cf4-3bc3-3c60-a66b-523986131536/in_use.lock acquired by nodename 5190@fv-az151-474
2021-07-15 16:36:56,786 [pool-239-thread-1] INFO  storage.RaftStorage (RaftStorageImpl.java:format(87)) - Storage directory /home/runner/work/ozone/ozone/mnt/ozone/hadoop-ozone/integration-test/target/test-dir/MiniOzoneClusterImpl-8ef06965-d5c9-44f0-9cd1-4cafb8afe6ac/omNode-1/ratis/c9bc4cf4-3bc3-3c60-a66b-523986131536 has been successfully formatted.
2021-07-15 16:36:56,786 [pool-239-thread-1] INFO  server.RaftServerConfigKeys (ConfUtils.java:logGet(44)) - raft.server.notification.no-leader.timeout = 2s (custom)
2021-07-15 16:36:56,786 [pool-239-thread-1] INFO  server.RaftServerConfigKeys (ConfUtils.java:logGet(44)) - raft.server.log.use.memory = false (default)
2021-07-15 16:36:56,786 [pool-239-thread-1] INFO  server.RaftServerConfigKeys (ConfUtils.java:logGet(44)) - raft.server.log.purge.gap = 1000000 (custom)
2021-07-15 16:36:56,786 [pool-239-thread-1] INFO  server.RaftServerConfigKeys (ConfUtils.java:logGet(44)) - raft.server.log.appender.buffer.byte-limit = 33554432 (custom)
2021-07-15 16:36:56,786 [pool-239-thread-1] INFO  metrics.RatisMetrics (RatisMetrics.java:lambda$create$0(36)) - Creating Metrics Registry : ratis.log_worker.omNode-1@group-523986131536
2021-07-15 16:36:56,786 [pool-239-thread-1] INFO  server.RaftServerConfigKeys (ConfUtils.java:logGet(44)) - raft.server.log.segment.size.max = 4194304 (custom)
2021-07-15 16:36:56,787 [pool-239-thread-1] INFO  server.RaftServerConfigKeys (ConfUtils.java:logGet(44)) - raft.server.log.segment.cache.num.max = 2 (custom)
2021-07-15 16:36:56,787 [pool-239-thread-1] INFO  server.RaftServerConfigKeys (ConfUtils.java:logGet(44)) - raft.server.log.segment.cache.size.max = 200MB (=209715200) (default)
2021-07-15 16:36:56,787 [pool-239-thread-1] INFO  segmented.SegmentedRaftLogWorker (SegmentedRaftLogWorker.java:<init>(182)) - new omNode-1@group-523986131536-SegmentedRaftLogWorker for RaftStorageImpl:Storage Directory /home/runner/work/ozone/ozone/mnt/ozone/hadoop-ozone/integration-test/target/test-dir/MiniOzoneClusterImpl-8ef06965-d5c9-44f0-9cd1-4cafb8afe6ac/omNode-1/ratis/c9bc4cf4-3bc3-3c60-a66b-523986131536
2021-07-15 16:36:56,787 [pool-239-thread-1] INFO  server.RaftServerConfigKeys (ConfUtils.java:logGet(44)) - raft.server.log.queue.byte-limit = 64MB (=67108864) (default)
2021-07-15 16:36:56,787 [pool-239-thread-1] INFO  server.RaftServerConfigKeys (ConfUtils.java:logGet(44)) - raft.server.log.queue.element-limit = 4096 (default)
2021-07-15 16:36:56,787 [pool-239-thread-1] INFO  server.RaftServerConfigKeys (ConfUtils.java:logGet(44)) - raft.server.log.segment.size.max = 4194304 (custom)
2021-07-15 16:36:56,787 [pool-239-thread-1] INFO  server.RaftServerConfigKeys (ConfUtils.java:logGet(44)) - raft.server.log.preallocated.size = 4194304 (custom)
2021-07-15 16:36:56,787 [pool-239-thread-1] INFO  server.RaftServerConfigKeys (ConfUtils.java:logGet(44)) - raft.server.log.force.sync.num = 128 (default)
2021-07-15 16:36:56,787 [pool-239-thread-1] INFO  server.RaftServerConfigKeys (ConfUtils.java:logGet(44)) - raft.server.log.statemachine.data.sync = true (default)
2021-07-15 16:36:56,788 [pool-239-thread-1] INFO  server.RaftServerConfigKeys (ConfUtils.java:logGet(44)) - raft.server.log.statemachine.data.sync.timeout = 10s (default)
2021-07-15 16:36:56,788 [pool-239-thread-1] INFO  server.RaftServerConfigKeys (ConfUtils.java:logGet(44)) - raft.server.log.statemachine.data.sync.timeout.retry = -1 (default)
2021-07-15 16:36:56,788 [pool-239-thread-1] INFO  server.RaftServerConfigKeys (ConfUtils.java:logGet(44)) - raft.server.log.write.buffer.size = 64KB (=65536) (default)
2021-07-15 16:36:56,788 [pool-239-thread-1] INFO  server.RaftServerConfigKeys (ConfUtils.java:logGet(44)) - raft.server.log.statemachine.data.caching.enabled = false (default)
2021-07-15 16:36:56,788 [pool-239-thread-1] INFO  segmented.SegmentedRaftLogWorker (SegmentedRaftLogWorker.java:lambda$new$0(133)) - omNode-1@group-523986131536-SegmentedRaftLogWorker: flushIndex: setUnconditionally 0 -> -1
2021-07-15 16:36:56,789 [pool-239-thread-1] INFO  segmented.SegmentedRaftLogWorker (SegmentedRaftLogWorker.java:lambda$new$0(133)) - omNode-1@group-523986131536-SegmentedRaftLogWorker: safeCacheEvictIndex: setUnconditionally 0 -> -1
2021-07-15 16:36:56,790 [pool-239-thread-1] INFO  server.RaftServerConfigKeys (ConfUtils.java:logGet(44)) - raft.server.snapshot.auto.trigger.enabled = true (custom)
2021-07-15 16:36:56,790 [pool-239-thread-1] INFO  server.RaftServerConfigKeys (ConfUtils.java:logGet(44)) - raft.server.snapshot.auto.trigger.threshold = 400000 (default)
2021-07-15 16:36:56,790 [pool-239-thread-1] INFO  server.RaftServerConfigKeys (ConfUtils.java:logGet(44)) - raft.server.snapshot.retention.file.num = -1 (default)
2021-07-15 16:36:56,790 [pool-239-thread-1] INFO  server.RaftServerConfigKeys (ConfUtils.java:logGet(44)) - raft.server.log.purge.upto.snapshot.index = true (custom)
2021-07-15 16:36:56,790 [pool-239-thread-1] INFO  server.RaftServerConfigKeys (ConfUtils.java:logGet(44)) - raft.server.retrycache.expirytime = 300s (custom)
2021-07-15 16:36:56,790 [pool-239-thread-1] INFO  server.RaftServerConfigKeys (ConfUtils.java:logGet(44)) - raft.server.retrycache.statistics.expirytime = 100μs (default)
2021-07-15 16:36:56,790 [pool-239-thread-1] INFO  metrics.RatisMetrics (RatisMetrics.java:lambda$create$0(36)) - Creating Metrics Registry : ratis.leader_election.omNode-1@group-523986131536
2021-07-15 16:36:56,790 [pool-239-thread-1] INFO  metrics.RatisMetrics (RatisMetrics.java:lambda$create$0(36)) - Creating Metrics Registry : ratis.server.omNode-1@group-523986131536
2021-07-15 16:36:56,797 [Listener at 127.0.0.1/10248] INFO  om.OzoneManager (OzoneManager.java:initFSOLayout(4105)) - Configured ozone.om.metadata.layout=SIMPLE and disabled optimized OM FS operations
2021-07-15 16:36:56,798 [Listener at 127.0.0.1/10248] INFO  impl.MetricsSystemImpl (MetricsSystemImpl.java:init(158)) - OzoneManager metrics system started (again)
2021-07-15 16:36:56,805 [EndpointStateMachine task thread for /127.0.0.1:12821 - 0 ] INFO  ipc.Client (Client.java:handleConnectionFailure(977)) - Retrying connect to server: localhost/127.0.0.1:12821. Already tried 7 time(s); retry policy is RetryUpToMaximumCountWithFixedSleep(maxRetries=15, sleepTime=1000 MILLISECONDS)
2021-07-15 16:36:56,805 [EndpointStateMachine task thread for /127.0.0.1:12801 - 0 ] INFO  ipc.Client (Client.java:handleConnectionFailure(977)) - Retrying connect to server: localhost/127.0.0.1:12801. Already tried 11 time(s); retry policy is RetryUpToMaximumCountWithFixedSleep(maxRetries=15, sleepTime=1000 MILLISECONDS)
2021-07-15 16:36:56,806 [EndpointStateMachine task thread for /127.0.0.1:12811 - 0 ] INFO  ipc.Client (Client.java:handleConnectionFailure(977)) - Retrying connect to server: localhost/127.0.0.1:12811. Already tried 7 time(s); retry policy is RetryUpToMaximumCountWithFixedSleep(maxRetries=15, sleepTime=1000 MILLISECONDS)
2021-07-15 16:36:56,811 [Listener at 127.0.0.1/10248] INFO  om.OzoneManager (OzoneManager.java:start(1155)) - OzoneManager RPC server is listening at localhost/127.0.0.1:10248
2021-07-15 16:36:56,811 [Listener at 127.0.0.1/10248] INFO  ratis.OzoneManagerRatisServer (OzoneManagerRatisServer.java:start(408)) - Starting OzoneManagerRatisServer omNode-1 at port 10252
2021-07-15 16:36:56,811 [Listener at 127.0.0.1/10248] INFO  server.RaftServer$Division (RaftServerImpl.java:start(295)) - omNode-1@group-523986131536: start as a follower, conf=-1: [omNode-1|rpc:localhost:10252|priority:0], old=null
2021-07-15 16:36:56,812 [Listener at 127.0.0.1/10248] INFO  server.RaftServer$Division (RaftServerImpl.java:setRole(284)) - omNode-1@group-523986131536: changes role from      null to FOLLOWER at term 0 for startAsFollower
2021-07-15 16:36:56,812 [Listener at 127.0.0.1/10248] INFO  impl.RoleInfo (RoleInfo.java:updateAndGet(130)) - omNode-1: start omNode-1@group-523986131536-FollowerState
2021-07-15 16:36:56,812 [Listener at 127.0.0.1/10248] INFO  util.JmxRegister (JmxRegister.java:tryRegister(44)) - Successfully registered JMX Bean with object name Ratis:service=RaftServer,group=group-523986131536,id=omNode-1
2021-07-15 16:36:56,813 [Listener at 127.0.0.1/10248] INFO  metrics.RatisMetrics (RatisMetrics.java:lambda$create$0(36)) - Creating Metrics Registry : ratis.state_machine.omNode-1@group-523986131536
2021-07-15 16:36:56,814 [Listener at 127.0.0.1/10248] INFO  server.RaftServer (RaftServerProxy.java:lambda$start$5(374)) - omNode-1: start RPC server
2021-07-15 16:36:56,815 [Listener at 127.0.0.1/10248] INFO  server.GrpcService (GrpcService.java:startImpl(253)) - omNode-1: GrpcService started, listening on 10252
2021-07-15 16:36:56,815 [Listener at 127.0.0.1/10248] INFO  om.OzoneManager (OzoneManager.java:start(1173)) - Version File has different layout version (0) than OM DB (null). That is expected if this OM has never been finalized to a newer layout version.
2021-07-15 16:36:56,815 [org.apache.ratis.util.JvmPauseMonitor$$Lambda$496/1286580650@4bcaa38c] INFO  util.JvmPauseMonitor (JvmPauseMonitor.java:run(103)) - JvmPauseMonitor-omNode-1: Started
2021-07-15 16:36:56,819 [Listener at 127.0.0.1/10248] INFO  http.BaseHttpServer (BaseHttpServer.java:newHttpServer2BuilderForOzone(209)) - Starting Web-server for ozoneManager at: http://0.0.0.0:10250
2021-07-15 16:36:56,819 [Listener at 127.0.0.1/10248] INFO  http.BaseHttpServer (BaseHttpServer.java:<init>(107)) - Hadoop Security Enabled: false Ozone Security Enabled: false Ozone HTTP Security Enabled: false 
2021-07-15 16:36:56,821 [Listener at 127.0.0.1/10248] INFO  server.AuthenticationFilter (AuthenticationFilter.java:constructSecretProvider(240)) - Unable to initialize FileSignerSecretProvider, falling back to use random secrets.
2021-07-15 16:36:56,822 [Listener at 127.0.0.1/10248] WARN  http.HttpRequestLog (HttpRequestLog.java:getRequestLog(103)) - Jetty request log can only be enabled using Log4j
2021-07-15 16:36:56,823 [Listener at 127.0.0.1/10248] INFO  http.HttpServer2 (HttpServer2.java:addGlobalFilter(1020)) - Added global filter 'safety' (class=org.apache.hadoop.hdds.server.http.HttpServer2$QuotingInputFilter)
2021-07-15 16:36:56,824 [Listener at 127.0.0.1/10248] INFO  http.HttpServer2 (HttpServer2.java:addFilter(996)) - Added filter static_user_filter (class=org.apache.hadoop.http.lib.StaticUserWebFilter$StaticUserFilter) to context ozoneManager
2021-07-15 16:36:56,824 [Listener at 127.0.0.1/10248] INFO  http.HttpServer2 (HttpServer2.java:addFilter(1004)) - Added filter static_user_filter (class=org.apache.hadoop.http.lib.StaticUserWebFilter$StaticUserFilter) to context static
2021-07-15 16:36:56,824 [Listener at 127.0.0.1/10248] INFO  http.HttpServer2 (HttpServer2.java:addFilter(1004)) - Added filter static_user_filter (class=org.apache.hadoop.http.lib.StaticUserWebFilter$StaticUserFilter) to context logs
2021-07-15 16:36:56,825 [Listener at 127.0.0.1/10248] INFO  http.HttpServer2 (HttpServer2.java:bindListener(1238)) - Jetty bound to port 10250
2021-07-15 16:36:56,825 [Listener at 127.0.0.1/10248] INFO  server.Server (Server.java:doStart(375)) - jetty-9.4.35.v20201120; built: 2020-11-20T21:17:03.964Z; git: bdc54f03a5e0a7e280fab27f55c3c75ee8da89fb; jvm 1.8.0_292-b10
2021-07-15 16:36:56,827 [Listener at 127.0.0.1/10248] INFO  server.session (DefaultSessionIdManager.java:doStart(334)) - DefaultSessionIdManager workerName=node0
2021-07-15 16:36:56,827 [Listener at 127.0.0.1/10248] INFO  server.session (DefaultSessionIdManager.java:doStart(339)) - No SessionScavenger set, using defaults
2021-07-15 16:36:56,827 [Listener at 127.0.0.1/10248] INFO  server.session (HouseKeeper.java:startScavenging(132)) - node0 Scavenging every 600000ms
2021-07-15 16:36:56,828 [Listener at 127.0.0.1/10248] INFO  handler.ContextHandler (ContextHandler.java:doStart(916)) - Started o.e.j.s.ServletContextHandler@4704ad3f{logs,/logs,file:///home/runner/work/ozone/ozone/mnt/ozone/hadoop-ozone/integration-test/target/log,AVAILABLE}
2021-07-15 16:36:56,828 [Listener at 127.0.0.1/10248] INFO  handler.ContextHandler (ContextHandler.java:doStart(916)) - Started o.e.j.s.ServletContextHandler@190f522a{static,/static,file:///home/runner/work/ozone/ozone/mnt/ozone/hadoop-ozone/integration-test/target/test-classes/webapps/static,AVAILABLE}
2021-07-15 16:36:56,832 [Listener at 127.0.0.1/10248] INFO  handler.ContextHandler (ContextHandler.java:doStart(916)) - Started o.e.j.w.WebAppContext@4ac8bbef{ozoneManager,/,file:///home/runner/work/ozone/ozone/mnt/ozone/hadoop-ozone/integration-test/target/test-classes/webapps/ozoneManager/,AVAILABLE}{file:/home/runner/work/ozone/ozone/mnt/ozone/hadoop-ozone/integration-test/target/test-classes/webapps/ozoneManager}
2021-07-15 16:36:56,835 [Listener at 127.0.0.1/10248] INFO  server.AbstractConnector (AbstractConnector.java:doStart(331)) - Started ServerConnector@7a2fd9de{HTTP/1.1, (http/1.1)}{0.0.0.0:10250}
2021-07-15 16:36:56,836 [Listener at 127.0.0.1/10248] INFO  server.Server (Server.java:doStart(415)) - Started @76570ms
2021-07-15 16:36:56,836 [Listener at 127.0.0.1/10248] WARN  impl.MetricsSystemImpl (MetricsSystemImpl.java:register(279)) - Sink prometheus already exists!
2021-07-15 16:36:56,836 [Listener at 127.0.0.1/10248] INFO  http.BaseHttpServer (BaseHttpServer.java:updateConnectorAddress(329)) - HTTP server of ozoneManager listening at http://0.0.0.0:10250
2021-07-15 16:36:56,837 [IPC Server Responder] INFO  ipc.Server (Server.java:run(1507)) - IPC Server Responder: starting
2021-07-15 16:36:56,838 [IPC Server listener on 10248] INFO  ipc.Server (Server.java:run(1344)) - IPC Server listener on 10248: starting
2021-07-15 16:36:56,848 [Listener at 127.0.0.1/10248] INFO  om.OzoneManager (OzoneManager.java:startTrashEmptier(1304)) - Trash Interval set to 0. Files deleted will not move to trash
2021-07-15 16:36:56,848 [Listener at 127.0.0.1/10248] INFO  ozone.MiniOzoneHAClusterImpl (MiniOzoneHAClusterImpl.java:createOMService(469)) - Started OzoneManager RPC server at localhost/127.0.0.1:10248
2021-07-15 16:36:56,849 [org.apache.hadoop.util.JvmPauseMonitor$Monitor@48214788] INFO  util.JvmPauseMonitor (JvmPauseMonitor.java:run(188)) - Starting JVM pause monitor
2021-07-15 16:36:56,861 [Listener at 127.0.0.1/10248] INFO  impl.MetricsSystemImpl (MetricsSystemImpl.java:init(158)) - HddsDatanode metrics system started (again)
2021-07-15 16:36:56,879 [Listener at 127.0.0.1/10248] INFO  ozone.HddsDatanodeService (HddsDatanodeService.java:start(223)) - HddsDatanodeService host:fv-az151-474.yf2hydr00wburbhx3j5hxtcipe.bx.internal.cloudapp.net ip:10.1.0.52
2021-07-15 16:36:56,901 [Listener at 127.0.0.1/10248] INFO  upgrade.AbstractLayoutVersionManager (AbstractLayoutVersionManager.java:init(70)) - Initializing Layout version manager with metadata layout = SCM_HA (version = 2), software layout = SCM_HA (version = 2)
2021-07-15 16:36:56,942 [Listener at 127.0.0.1/10248] INFO  reflections.Reflections (Reflections.java:scan(232)) - Reflections took 40 ms to scan 7 urls, producing 119 keys and 271 values 
2021-07-15 16:36:56,943 [Listener at 127.0.0.1/10248] INFO  ha.SCMNodeInfo (SCMNodeInfo.java:getPort(197)) - ConfigKey ozone.scm.client.address is deprecated, For configuring different ports for each SCM use PortConfigKey ozone.scm.client.port appended with serviceId and nodeId
2021-07-15 16:36:56,943 [Listener at 127.0.0.1/10248] INFO  ha.SCMNodeInfo (SCMNodeInfo.java:getPort(197)) - ConfigKey ozone.scm.block.client.address is deprecated, For configuring different ports for each SCM use PortConfigKey ozone.scm.block.client.port appended with serviceId and nodeId
2021-07-15 16:36:56,944 [Listener at 127.0.0.1/10248] INFO  ha.SCMNodeInfo (SCMNodeInfo.java:getPort(197)) - ConfigKey ozone.scm.datanode.address is deprecated, For configuring different ports for each SCM use PortConfigKey ozone.scm.datanode.port appended with serviceId and nodeId
2021-07-15 16:36:56,944 [Listener at 127.0.0.1/10248] INFO  ha.SCMNodeInfo (SCMNodeInfo.java:getPort(197)) - ConfigKey ozone.scm.client.address is deprecated, For configuring different ports for each SCM use PortConfigKey ozone.scm.client.port appended with serviceId and nodeId
2021-07-15 16:36:56,944 [Listener at 127.0.0.1/10248] INFO  ha.SCMNodeInfo (SCMNodeInfo.java:getPort(197)) - ConfigKey ozone.scm.block.client.address is deprecated, For configuring different ports for each SCM use PortConfigKey ozone.scm.block.client.port appended with serviceId and nodeId
2021-07-15 16:36:56,944 [Listener at 127.0.0.1/10248] INFO  ha.SCMNodeInfo (SCMNodeInfo.java:getPort(197)) - ConfigKey ozone.scm.datanode.address is deprecated, For configuring different ports for each SCM use PortConfigKey ozone.scm.datanode.port appended with serviceId and nodeId
2021-07-15 16:36:56,945 [Listener at 127.0.0.1/10248] INFO  ha.SCMNodeInfo (SCMNodeInfo.java:getPort(197)) - ConfigKey ozone.scm.client.address is deprecated, For configuring different ports for each SCM use PortConfigKey ozone.scm.client.port appended with serviceId and nodeId
2021-07-15 16:36:56,945 [Listener at 127.0.0.1/10248] INFO  ha.SCMNodeInfo (SCMNodeInfo.java:getPort(197)) - ConfigKey ozone.scm.block.client.address is deprecated, For configuring different ports for each SCM use PortConfigKey ozone.scm.block.client.port appended with serviceId and nodeId
2021-07-15 16:36:56,945 [Listener at 127.0.0.1/10248] INFO  ha.SCMNodeInfo (SCMNodeInfo.java:getPort(197)) - ConfigKey ozone.scm.datanode.address is deprecated, For configuring different ports for each SCM use PortConfigKey ozone.scm.datanode.port appended with serviceId and nodeId
2021-07-15 16:36:56,948 [Listener at 127.0.0.1/10248] INFO  volume.HddsVolume (HddsVolume.java:<init>(120)) - Creating HddsVolume: /home/runner/work/ozone/ozone/mnt/ozone/hadoop-ozone/integration-test/target/test-dir/MiniOzoneClusterImpl-8ef06965-d5c9-44f0-9cd1-4cafb8afe6ac/datanode-0/data-0/containers/hdds of storage type : DISK capacity : 9223372036854775807
2021-07-15 16:36:56,948 [Listener at 127.0.0.1/10248] INFO  volume.MutableVolumeSet (MutableVolumeSet.java:initializeVolumeSet(181)) - Added Volume : /home/runner/work/ozone/ozone/mnt/ozone/hadoop-ozone/integration-test/target/test-dir/MiniOzoneClusterImpl-8ef06965-d5c9-44f0-9cd1-4cafb8afe6ac/datanode-0/data-0/containers/hdds to VolumeSet
2021-07-15 16:36:56,948 [Listener at 127.0.0.1/10248] INFO  volume.ThrottledAsyncChecker (ThrottledAsyncChecker.java:schedule(141)) - Scheduling a check for /home/runner/work/ozone/ozone/mnt/ozone/hadoop-ozone/integration-test/target/test-dir/MiniOzoneClusterImpl-8ef06965-d5c9-44f0-9cd1-4cafb8afe6ac/datanode-0/data-0/containers/hdds
2021-07-15 16:36:56,949 [Listener at 127.0.0.1/10248] INFO  volume.StorageVolumeChecker (StorageVolumeChecker.java:checkAllVolumes(203)) - Scheduled health check for volume /home/runner/work/ozone/ozone/mnt/ozone/hadoop-ozone/integration-test/target/test-dir/MiniOzoneClusterImpl-8ef06965-d5c9-44f0-9cd1-4cafb8afe6ac/datanode-0/data-0/containers/hdds
2021-07-15 16:36:56,964 [Listener at 127.0.0.1/10248] INFO  volume.MutableVolumeSet (MutableVolumeSet.java:initializeVolumeSet(181)) - Added Volume : /home/runner/work/ozone/ozone/mnt/ozone/hadoop-ozone/integration-test/target/test-dir/MiniOzoneClusterImpl-8ef06965-d5c9-44f0-9cd1-4cafb8afe6ac/datanode-0/data/ratis to VolumeSet
2021-07-15 16:36:56,964 [Listener at 127.0.0.1/10248] INFO  volume.ThrottledAsyncChecker (ThrottledAsyncChecker.java:schedule(141)) - Scheduling a check for /home/runner/work/ozone/ozone/mnt/ozone/hadoop-ozone/integration-test/target/test-dir/MiniOzoneClusterImpl-8ef06965-d5c9-44f0-9cd1-4cafb8afe6ac/datanode-0/data/ratis
2021-07-15 16:36:56,964 [Listener at 127.0.0.1/10248] INFO  volume.StorageVolumeChecker (StorageVolumeChecker.java:checkAllVolumes(203)) - Scheduled health check for volume /home/runner/work/ozone/ozone/mnt/ozone/hadoop-ozone/integration-test/target/test-dir/MiniOzoneClusterImpl-8ef06965-d5c9-44f0-9cd1-4cafb8afe6ac/datanode-0/data/ratis
2021-07-15 16:36:56,977 [Listener at 127.0.0.1/10248] INFO  ozoneimpl.ContainerReader (ContainerReader.java:<init>(98)) - Running in upgrade mode:true
2021-07-15 16:36:56,977 [Thread-1441] INFO  ozoneimpl.ContainerReader (ContainerReader.java:readVolume(142)) - Start to verify containers on volume /home/runner/work/ozone/ozone/mnt/ozone/hadoop-ozone/integration-test/target/test-dir/MiniOzoneClusterImpl-8ef06965-d5c9-44f0-9cd1-4cafb8afe6ac/datanode-0/data-0/containers/hdds
2021-07-15 16:36:56,977 [Thread-1441] INFO  ozoneimpl.ContainerReader (ContainerReader.java:readVolume(174)) - Finish verifying containers on volume /home/runner/work/ozone/ozone/mnt/ozone/hadoop-ozone/integration-test/target/test-dir/MiniOzoneClusterImpl-8ef06965-d5c9-44f0-9cd1-4cafb8afe6ac/datanode-0/data-0/containers/hdds
2021-07-15 16:36:56,977 [Listener at 127.0.0.1/10248] INFO  ozoneimpl.OzoneContainer (OzoneContainer.java:buildContainerSet(237)) - Build ContainerSet costs 0s
2021-07-15 16:36:56,980 [Listener at 127.0.0.1/10248] INFO  server.RaftServer (ConfUtils.java:logGet(44)) - raft.rpc.type = GRPC (default)
2021-07-15 16:36:56,980 [Listener at 127.0.0.1/10248] INFO  grpc.GrpcFactory (GrpcFactory.java:checkPooledByteBufAllocatorUseCacheForAllThreads(48)) - PERFORMANCE WARNING: useCacheForAllThreads is true that may cause Netty to create a lot garbage objects and, as a result, trigger GC.
	It is recommended to disable useCacheForAllThreads by setting -Dorg.apache.ratis.thirdparty.io.netty.allocator.useCacheForAllThreads=false in command line.
2021-07-15 16:36:56,981 [Listener at 127.0.0.1/10248] INFO  grpc.GrpcConfigKeys (ConfUtils.java:logGet(44)) - raft.grpc.admin.port = 0 (custom)
2021-07-15 16:36:56,981 [Listener at 127.0.0.1/10248] INFO  grpc.GrpcConfigKeys (ConfUtils.java:logGet(44)) - raft.grpc.client.port = 0 (custom)
2021-07-15 16:36:56,981 [Listener at 127.0.0.1/10248] INFO  grpc.GrpcConfigKeys (ConfUtils.java:logGet(44)) - raft.grpc.server.port = 0 (default)
2021-07-15 16:36:56,981 [Listener at 127.0.0.1/10248] INFO  server.GrpcService (ConfUtils.java:logGet(44)) - raft.grpc.message.size.max = 32MB (=33554432) (custom)
2021-07-15 16:36:56,981 [Listener at 127.0.0.1/10248] INFO  server.RaftServerConfigKeys (ConfUtils.java:logGet(44)) - raft.server.log.appender.buffer.byte-limit = 33554432 (custom)
2021-07-15 16:36:56,982 [Listener at 127.0.0.1/10248] INFO  server.GrpcService (ConfUtils.java:logGet(44)) - raft.grpc.flow.control.window = 5MB (=5242880) (custom)
2021-07-15 16:36:56,982 [Listener at 127.0.0.1/10248] INFO  server.RaftServerConfigKeys (ConfUtils.java:logGet(44)) - raft.server.rpc.request.timeout = 60s (custom)
2021-07-15 16:36:56,983 [Listener at 127.0.0.1/10248] INFO  impl.DataStreamServerImpl (ConfUtils.java:logGet(44)) - raft.datastream.type = DISABLED (default)
2021-07-15 16:36:56,983 [Listener at 127.0.0.1/10248] INFO  server.RaftServerConfigKeys (ConfUtils.java:logGet(44)) - raft.server.rpc.slowness.timeout = 300s (custom)
2021-07-15 16:36:56,983 [Listener at 127.0.0.1/10248] INFO  server.RaftServerConfigKeys (ConfUtils.java:logGet(44)) - raft.server.leaderelection.leader.step-down.wait-time = 10s (default)
2021-07-15 16:36:56,983 [Listener at 127.0.0.1/10248] INFO  server.RaftServerConfigKeys (ConfUtils.java:logGet(44)) - raft.server.storage.dir = [/home/runner/work/ozone/ozone/mnt/ozone/hadoop-ozone/integration-test/target/test-dir/MiniOzoneClusterImpl-8ef06965-d5c9-44f0-9cd1-4cafb8afe6ac/datanode-0/data/ratis] (custom)
2021-07-15 16:36:56,986 [Listener at 127.0.0.1/10248] INFO  http.BaseHttpServer (BaseHttpServer.java:newHttpServer2BuilderForOzone(209)) - Starting Web-server for hddsDatanode at: http://0.0.0.0:0
2021-07-15 16:36:56,986 [Listener at 127.0.0.1/10248] INFO  http.BaseHttpServer (BaseHttpServer.java:<init>(107)) - Hadoop Security Enabled: false Ozone Security Enabled: false Ozone HTTP Security Enabled: false 
2021-07-15 16:36:56,988 [Listener at 127.0.0.1/10248] INFO  server.AuthenticationFilter (AuthenticationFilter.java:constructSecretProvider(240)) - Unable to initialize FileSignerSecretProvider, falling back to use random secrets.
2021-07-15 16:36:56,990 [Listener at 127.0.0.1/10248] WARN  http.HttpRequestLog (HttpRequestLog.java:getRequestLog(103)) - Jetty request log can only be enabled using Log4j
2021-07-15 16:36:56,991 [Listener at 127.0.0.1/10248] INFO  http.HttpServer2 (HttpServer2.java:addGlobalFilter(1020)) - Added global filter 'safety' (class=org.apache.hadoop.hdds.server.http.HttpServer2$QuotingInputFilter)
2021-07-15 16:36:56,993 [Listener at 127.0.0.1/10248] INFO  http.HttpServer2 (HttpServer2.java:addFilter(996)) - Added filter static_user_filter (class=org.apache.hadoop.http.lib.StaticUserWebFilter$StaticUserFilter) to context hddsDatanode
2021-07-15 16:36:56,993 [Listener at 127.0.0.1/10248] INFO  http.HttpServer2 (HttpServer2.java:addFilter(1004)) - Added filter static_user_filter (class=org.apache.hadoop.http.lib.StaticUserWebFilter$StaticUserFilter) to context logs
2021-07-15 16:36:56,993 [Listener at 127.0.0.1/10248] INFO  http.HttpServer2 (HttpServer2.java:addFilter(1004)) - Added filter static_user_filter (class=org.apache.hadoop.http.lib.StaticUserWebFilter$StaticUserFilter) to context static
2021-07-15 16:36:56,994 [Listener at 127.0.0.1/10248] INFO  http.HttpServer2 (HttpServer2.java:bindListener(1238)) - Jetty bound to port 35079
2021-07-15 16:36:56,994 [Listener at 127.0.0.1/10248] INFO  server.Server (Server.java:doStart(375)) - jetty-9.4.35.v20201120; built: 2020-11-20T21:17:03.964Z; git: bdc54f03a5e0a7e280fab27f55c3c75ee8da89fb; jvm 1.8.0_292-b10
2021-07-15 16:36:56,995 [Listener at 127.0.0.1/10248] INFO  server.session (DefaultSessionIdManager.java:doStart(334)) - DefaultSessionIdManager workerName=node0
2021-07-15 16:36:56,995 [Listener at 127.0.0.1/10248] INFO  server.session (DefaultSessionIdManager.java:doStart(339)) - No SessionScavenger set, using defaults
2021-07-15 16:36:56,996 [Listener at 127.0.0.1/10248] INFO  server.session (HouseKeeper.java:startScavenging(132)) - node0 Scavenging every 660000ms
2021-07-15 16:36:56,997 [Listener at 127.0.0.1/10248] INFO  handler.ContextHandler (ContextHandler.java:doStart(916)) - Started o.e.j.s.ServletContextHandler@5c89c27b{logs,/logs,file:///home/runner/work/ozone/ozone/mnt/ozone/hadoop-ozone/integration-test/target/log,AVAILABLE}
2021-07-15 16:36:56,997 [Listener at 127.0.0.1/10248] INFO  handler.ContextHandler (ContextHandler.java:doStart(916)) - Started o.e.j.s.ServletContextHandler@5d1b7a57{static,/static,jar:file:/home/runner/.m2/repository/org/apache/ozone/hdds-container-service/1.2.0-SNAPSHOT/hdds-container-service-1.2.0-SNAPSHOT.jar!/webapps/static,AVAILABLE}
2021-07-15 16:36:57,042 [Listener at 127.0.0.1/10248] INFO  handler.ContextHandler (ContextHandler.java:doStart(916)) - Started o.e.j.w.WebAppContext@68a08d18{hddsDatanode,/,file:///tmp/jetty-0_0_0_0-35079-hdds-container-service-1_2_0-SNAPSHOT_jar-_-any-4979707859707287282/webapp/,AVAILABLE}{jar:file:/home/runner/.m2/repository/org/apache/ozone/hdds-container-service/1.2.0-SNAPSHOT/hdds-container-service-1.2.0-SNAPSHOT.jar!/webapps/hddsDatanode}
2021-07-15 16:36:57,044 [Listener at 127.0.0.1/10248] INFO  server.AbstractConnector (AbstractConnector.java:doStart(331)) - Started ServerConnector@5d16fc4b{HTTP/1.1, (http/1.1)}{0.0.0.0:35079}
2021-07-15 16:36:57,044 [Listener at 127.0.0.1/10248] INFO  server.Server (Server.java:doStart(415)) - Started @76779ms
2021-07-15 16:36:57,044 [Listener at 127.0.0.1/10248] WARN  impl.MetricsSystemImpl (MetricsSystemImpl.java:register(279)) - Sink prometheus already exists!
2021-07-15 16:36:57,045 [Listener at 127.0.0.1/10248] INFO  http.BaseHttpServer (BaseHttpServer.java:updateConnectorAddress(329)) - HTTP server of hddsDatanode listening at http://0.0.0.0:35079
2021-07-15 16:36:57,046 [Listener at 127.0.0.1/10248] INFO  impl.MetricsSystemImpl (MetricsSystemImpl.java:init(158)) - HddsDatanode metrics system started (again)
2021-07-15 16:36:57,058 [org.apache.hadoop.util.JvmPauseMonitor$Monitor@33a04639] INFO  util.JvmPauseMonitor (JvmPauseMonitor.java:run(188)) - Starting JVM pause monitor
2021-07-15 16:36:57,059 [Datanode State Machine Task Thread - 0] INFO  ha.SCMNodeInfo (SCMNodeInfo.java:getPort(197)) - ConfigKey ozone.scm.client.address is deprecated, For configuring different ports for each SCM use PortConfigKey ozone.scm.client.port appended with serviceId and nodeId
2021-07-15 16:36:57,060 [Datanode State Machine Task Thread - 0] INFO  ha.SCMNodeInfo (SCMNodeInfo.java:getPort(197)) - ConfigKey ozone.scm.block.client.address is deprecated, For configuring different ports for each SCM use PortConfigKey ozone.scm.block.client.port appended with serviceId and nodeId
2021-07-15 16:36:57,060 [Datanode State Machine Task Thread - 0] INFO  ha.SCMNodeInfo (SCMNodeInfo.java:getPort(197)) - ConfigKey ozone.scm.datanode.address is deprecated, For configuring different ports for each SCM use PortConfigKey ozone.scm.datanode.port appended with serviceId and nodeId
2021-07-15 16:36:57,061 [Datanode State Machine Task Thread - 0] INFO  ha.SCMNodeInfo (SCMNodeInfo.java:getPort(197)) - ConfigKey ozone.scm.client.address is deprecated, For configuring different ports for each SCM use PortConfigKey ozone.scm.client.port appended with serviceId and nodeId
2021-07-15 16:36:57,061 [Datanode State Machine Task Thread - 0] INFO  ha.SCMNodeInfo (SCMNodeInfo.java:getPort(197)) - ConfigKey ozone.scm.block.client.address is deprecated, For configuring different ports for each SCM use PortConfigKey ozone.scm.block.client.port appended with serviceId and nodeId
2021-07-15 16:36:57,061 [Datanode State Machine Task Thread - 0] INFO  ha.SCMNodeInfo (SCMNodeInfo.java:getPort(197)) - ConfigKey ozone.scm.datanode.address is deprecated, For configuring different ports for each SCM use PortConfigKey ozone.scm.datanode.port appended with serviceId and nodeId
2021-07-15 16:36:57,061 [Listener at 127.0.0.1/10248] INFO  ozone.HddsDatanodeService (HddsDatanodeService.java:start(223)) - HddsDatanodeService host:fv-az151-474.yf2hydr00wburbhx3j5hxtcipe.bx.internal.cloudapp.net ip:10.1.0.52
2021-07-15 16:36:57,062 [Datanode State Machine Task Thread - 0] INFO  ha.SCMNodeInfo (SCMNodeInfo.java:getPort(197)) - ConfigKey ozone.scm.client.address is deprecated, For configuring different ports for each SCM use PortConfigKey ozone.scm.client.port appended with serviceId and nodeId
2021-07-15 16:36:57,062 [Datanode State Machine Task Thread - 0] INFO  ha.SCMNodeInfo (SCMNodeInfo.java:getPort(197)) - ConfigKey ozone.scm.block.client.address is deprecated, For configuring different ports for each SCM use PortConfigKey ozone.scm.block.client.port appended with serviceId and nodeId
2021-07-15 16:36:57,062 [Datanode State Machine Task Thread - 0] INFO  ha.SCMNodeInfo (SCMNodeInfo.java:getPort(197)) - ConfigKey ozone.scm.datanode.address is deprecated, For configuring different ports for each SCM use PortConfigKey ozone.scm.datanode.port appended with serviceId and nodeId
2021-07-15 16:36:57,066 [Datanode State Machine Task Thread - 0] INFO  datanode.InitDatanodeState (InitDatanodeState.java:persistContainerDatanodeDetails(145)) - DatanodeDetails is persisted to /home/runner/work/ozone/ozone/mnt/ozone/hadoop-ozone/integration-test/target/test-dir/MiniOzoneClusterImpl-8ef06965-d5c9-44f0-9cd1-4cafb8afe6ac/datanode-0/meta/datanode.id
2021-07-15 16:36:57,080 [Listener at 127.0.0.1/10248] INFO  upgrade.AbstractLayoutVersionManager (AbstractLayoutVersionManager.java:init(70)) - Initializing Layout version manager with metadata layout = SCM_HA (version = 2), software layout = SCM_HA (version = 2)
2021-07-15 16:36:57,125 [Listener at 127.0.0.1/10248] INFO  reflections.Reflections (Reflections.java:scan(232)) - Reflections took 43 ms to scan 7 urls, producing 119 keys and 271 values 
2021-07-15 16:36:57,126 [Listener at 127.0.0.1/10248] INFO  ha.SCMNodeInfo (SCMNodeInfo.java:getPort(197)) - ConfigKey ozone.scm.client.address is deprecated, For configuring different ports for each SCM use PortConfigKey ozone.scm.client.port appended with serviceId and nodeId
2021-07-15 16:36:57,126 [Listener at 127.0.0.1/10248] INFO  ha.SCMNodeInfo (SCMNodeInfo.java:getPort(197)) - ConfigKey ozone.scm.block.client.address is deprecated, For configuring different ports for each SCM use PortConfigKey ozone.scm.block.client.port appended with serviceId and nodeId
2021-07-15 16:36:57,126 [Listener at 127.0.0.1/10248] INFO  ha.SCMNodeInfo (SCMNodeInfo.java:getPort(197)) - ConfigKey ozone.scm.datanode.address is deprecated, For configuring different ports for each SCM use PortConfigKey ozone.scm.datanode.port appended with serviceId and nodeId
2021-07-15 16:36:57,127 [Listener at 127.0.0.1/10248] INFO  ha.SCMNodeInfo (SCMNodeInfo.java:getPort(197)) - ConfigKey ozone.scm.client.address is deprecated, For configuring different ports for each SCM use PortConfigKey ozone.scm.client.port appended with serviceId and nodeId
2021-07-15 16:36:57,127 [Listener at 127.0.0.1/10248] INFO  ha.SCMNodeInfo (SCMNodeInfo.java:getPort(197)) - ConfigKey ozone.scm.block.client.address is deprecated, For configuring different ports for each SCM use PortConfigKey ozone.scm.block.client.port appended with serviceId and nodeId
2021-07-15 16:36:57,127 [Listener at 127.0.0.1/10248] INFO  ha.SCMNodeInfo (SCMNodeInfo.java:getPort(197)) - ConfigKey ozone.scm.datanode.address is deprecated, For configuring different ports for each SCM use PortConfigKey ozone.scm.datanode.port appended with serviceId and nodeId
2021-07-15 16:36:57,127 [Listener at 127.0.0.1/10248] INFO  ha.SCMNodeInfo (SCMNodeInfo.java:getPort(197)) - ConfigKey ozone.scm.client.address is deprecated, For configuring different ports for each SCM use PortConfigKey ozone.scm.client.port appended with serviceId and nodeId
2021-07-15 16:36:57,127 [Listener at 127.0.0.1/10248] INFO  ha.SCMNodeInfo (SCMNodeInfo.java:getPort(197)) - ConfigKey ozone.scm.block.client.address is deprecated, For configuring different ports for each SCM use PortConfigKey ozone.scm.block.client.port appended with serviceId and nodeId
2021-07-15 16:36:57,127 [Listener at 127.0.0.1/10248] INFO  ha.SCMNodeInfo (SCMNodeInfo.java:getPort(197)) - ConfigKey ozone.scm.datanode.address is deprecated, For configuring different ports for each SCM use PortConfigKey ozone.scm.datanode.port appended with serviceId and nodeId
2021-07-15 16:36:57,139 [Listener at 127.0.0.1/10248] INFO  volume.HddsVolume (HddsVolume.java:<init>(120)) - Creating HddsVolume: /home/runner/work/ozone/ozone/mnt/ozone/hadoop-ozone/integration-test/target/test-dir/MiniOzoneClusterImpl-8ef06965-d5c9-44f0-9cd1-4cafb8afe6ac/datanode-1/data-0/containers/hdds of storage type : DISK capacity : 9223372036854775807
2021-07-15 16:36:57,139 [Listener at 127.0.0.1/10248] INFO  volume.MutableVolumeSet (MutableVolumeSet.java:initializeVolumeSet(181)) - Added Volume : /home/runner/work/ozone/ozone/mnt/ozone/hadoop-ozone/integration-test/target/test-dir/MiniOzoneClusterImpl-8ef06965-d5c9-44f0-9cd1-4cafb8afe6ac/datanode-1/data-0/containers/hdds to VolumeSet
2021-07-15 16:36:57,139 [Listener at 127.0.0.1/10248] INFO  volume.ThrottledAsyncChecker (ThrottledAsyncChecker.java:schedule(141)) - Scheduling a check for /home/runner/work/ozone/ozone/mnt/ozone/hadoop-ozone/integration-test/target/test-dir/MiniOzoneClusterImpl-8ef06965-d5c9-44f0-9cd1-4cafb8afe6ac/datanode-1/data-0/containers/hdds
2021-07-15 16:36:57,140 [Listener at 127.0.0.1/10248] INFO  volume.StorageVolumeChecker (StorageVolumeChecker.java:checkAllVolumes(203)) - Scheduled health check for volume /home/runner/work/ozone/ozone/mnt/ozone/hadoop-ozone/integration-test/target/test-dir/MiniOzoneClusterImpl-8ef06965-d5c9-44f0-9cd1-4cafb8afe6ac/datanode-1/data-0/containers/hdds
2021-07-15 16:36:57,154 [Listener at 127.0.0.1/10248] INFO  volume.MutableVolumeSet (MutableVolumeSet.java:initializeVolumeSet(181)) - Added Volume : /home/runner/work/ozone/ozone/mnt/ozone/hadoop-ozone/integration-test/target/test-dir/MiniOzoneClusterImpl-8ef06965-d5c9-44f0-9cd1-4cafb8afe6ac/datanode-1/data/ratis to VolumeSet
2021-07-15 16:36:57,154 [Listener at 127.0.0.1/10248] INFO  volume.ThrottledAsyncChecker (ThrottledAsyncChecker.java:schedule(141)) - Scheduling a check for /home/runner/work/ozone/ozone/mnt/ozone/hadoop-ozone/integration-test/target/test-dir/MiniOzoneClusterImpl-8ef06965-d5c9-44f0-9cd1-4cafb8afe6ac/datanode-1/data/ratis
2021-07-15 16:36:57,155 [Listener at 127.0.0.1/10248] INFO  volume.StorageVolumeChecker (StorageVolumeChecker.java:checkAllVolumes(203)) - Scheduled health check for volume /home/runner/work/ozone/ozone/mnt/ozone/hadoop-ozone/integration-test/target/test-dir/MiniOzoneClusterImpl-8ef06965-d5c9-44f0-9cd1-4cafb8afe6ac/datanode-1/data/ratis
2021-07-15 16:36:57,168 [Listener at 127.0.0.1/10248] INFO  ozoneimpl.ContainerReader (ContainerReader.java:<init>(98)) - Running in upgrade mode:true
2021-07-15 16:36:57,169 [Thread-1452] INFO  ozoneimpl.ContainerReader (ContainerReader.java:readVolume(142)) - Start to verify containers on volume /home/runner/work/ozone/ozone/mnt/ozone/hadoop-ozone/integration-test/target/test-dir/MiniOzoneClusterImpl-8ef06965-d5c9-44f0-9cd1-4cafb8afe6ac/datanode-1/data-0/containers/hdds
2021-07-15 16:36:57,169 [Thread-1452] INFO  ozoneimpl.ContainerReader (ContainerReader.java:readVolume(174)) - Finish verifying containers on volume /home/runner/work/ozone/ozone/mnt/ozone/hadoop-ozone/integration-test/target/test-dir/MiniOzoneClusterImpl-8ef06965-d5c9-44f0-9cd1-4cafb8afe6ac/datanode-1/data-0/containers/hdds
2021-07-15 16:36:57,169 [Listener at 127.0.0.1/10248] INFO  ozoneimpl.OzoneContainer (OzoneContainer.java:buildContainerSet(237)) - Build ContainerSet costs 0s
2021-07-15 16:36:57,173 [Listener at 127.0.0.1/10248] INFO  server.RaftServer (ConfUtils.java:logGet(44)) - raft.rpc.type = GRPC (default)
2021-07-15 16:36:57,173 [Listener at 127.0.0.1/10248] INFO  grpc.GrpcFactory (GrpcFactory.java:checkPooledByteBufAllocatorUseCacheForAllThreads(48)) - PERFORMANCE WARNING: useCacheForAllThreads is true that may cause Netty to create a lot garbage objects and, as a result, trigger GC.
	It is recommended to disable useCacheForAllThreads by setting -Dorg.apache.ratis.thirdparty.io.netty.allocator.useCacheForAllThreads=false in command line.
2021-07-15 16:36:57,173 [Listener at 127.0.0.1/10248] INFO  grpc.GrpcConfigKeys (ConfUtils.java:logGet(44)) - raft.grpc.admin.port = 0 (custom)
2021-07-15 16:36:57,173 [Listener at 127.0.0.1/10248] INFO  grpc.GrpcConfigKeys (ConfUtils.java:logGet(44)) - raft.grpc.client.port = 0 (custom)
2021-07-15 16:36:57,174 [Listener at 127.0.0.1/10248] INFO  grpc.GrpcConfigKeys (ConfUtils.java:logGet(44)) - raft.grpc.server.port = 0 (default)
2021-07-15 16:36:57,174 [Listener at 127.0.0.1/10248] INFO  server.GrpcService (ConfUtils.java:logGet(44)) - raft.grpc.message.size.max = 32MB (=33554432) (custom)
2021-07-15 16:36:57,174 [Listener at 127.0.0.1/10248] INFO  server.RaftServerConfigKeys (ConfUtils.java:logGet(44)) - raft.server.log.appender.buffer.byte-limit = 33554432 (custom)
2021-07-15 16:36:57,174 [Listener at 127.0.0.1/10248] INFO  server.GrpcService (ConfUtils.java:logGet(44)) - raft.grpc.flow.control.window = 5MB (=5242880) (custom)
2021-07-15 16:36:57,174 [Listener at 127.0.0.1/10248] INFO  server.RaftServerConfigKeys (ConfUtils.java:logGet(44)) - raft.server.rpc.request.timeout = 60s (custom)
2021-07-15 16:36:57,176 [Listener at 127.0.0.1/10248] INFO  impl.DataStreamServerImpl (ConfUtils.java:logGet(44)) - raft.datastream.type = DISABLED (default)
2021-07-15 16:36:57,176 [Listener at 127.0.0.1/10248] INFO  server.RaftServerConfigKeys (ConfUtils.java:logGet(44)) - raft.server.rpc.slowness.timeout = 300s (custom)
2021-07-15 16:36:57,176 [Listener at 127.0.0.1/10248] INFO  server.RaftServerConfigKeys (ConfUtils.java:logGet(44)) - raft.server.leaderelection.leader.step-down.wait-time = 10s (default)
2021-07-15 16:36:57,176 [Listener at 127.0.0.1/10248] INFO  server.RaftServerConfigKeys (ConfUtils.java:logGet(44)) - raft.server.storage.dir = [/home/runner/work/ozone/ozone/mnt/ozone/hadoop-ozone/integration-test/target/test-dir/MiniOzoneClusterImpl-8ef06965-d5c9-44f0-9cd1-4cafb8afe6ac/datanode-1/data/ratis] (custom)
2021-07-15 16:36:57,179 [Listener at 127.0.0.1/10248] INFO  http.BaseHttpServer (BaseHttpServer.java:newHttpServer2BuilderForOzone(209)) - Starting Web-server for hddsDatanode at: http://0.0.0.0:0
2021-07-15 16:36:57,179 [Listener at 127.0.0.1/10248] INFO  http.BaseHttpServer (BaseHttpServer.java:<init>(107)) - Hadoop Security Enabled: false Ozone Security Enabled: false Ozone HTTP Security Enabled: false 
2021-07-15 16:36:57,180 [Listener at 127.0.0.1/10248] INFO  server.AuthenticationFilter (AuthenticationFilter.java:constructSecretProvider(240)) - Unable to initialize FileSignerSecretProvider, falling back to use random secrets.
2021-07-15 16:36:57,181 [Listener at 127.0.0.1/10248] WARN  http.HttpRequestLog (HttpRequestLog.java:getRequestLog(103)) - Jetty request log can only be enabled using Log4j
2021-07-15 16:36:57,182 [Listener at 127.0.0.1/10248] INFO  http.HttpServer2 (HttpServer2.java:addGlobalFilter(1020)) - Added global filter 'safety' (class=org.apache.hadoop.hdds.server.http.HttpServer2$QuotingInputFilter)
2021-07-15 16:36:57,182 [Listener at 127.0.0.1/10248] INFO  http.HttpServer2 (HttpServer2.java:addFilter(996)) - Added filter static_user_filter (class=org.apache.hadoop.http.lib.StaticUserWebFilter$StaticUserFilter) to context hddsDatanode
2021-07-15 16:36:57,183 [Listener at 127.0.0.1/10248] INFO  http.HttpServer2 (HttpServer2.java:addFilter(1004)) - Added filter static_user_filter (class=org.apache.hadoop.http.lib.StaticUserWebFilter$StaticUserFilter) to context logs
2021-07-15 16:36:57,183 [Listener at 127.0.0.1/10248] INFO  http.HttpServer2 (HttpServer2.java:addFilter(1004)) - Added filter static_user_filter (class=org.apache.hadoop.http.lib.StaticUserWebFilter$StaticUserFilter) to context static
2021-07-15 16:36:57,183 [Listener at 127.0.0.1/10248] INFO  http.HttpServer2 (HttpServer2.java:bindListener(1238)) - Jetty bound to port 41113
2021-07-15 16:36:57,183 [Listener at 127.0.0.1/10248] INFO  server.Server (Server.java:doStart(375)) - jetty-9.4.35.v20201120; built: 2020-11-20T21:17:03.964Z; git: bdc54f03a5e0a7e280fab27f55c3c75ee8da89fb; jvm 1.8.0_292-b10
2021-07-15 16:36:57,186 [Listener at 127.0.0.1/10248] INFO  server.session (DefaultSessionIdManager.java:doStart(334)) - DefaultSessionIdManager workerName=node0
2021-07-15 16:36:57,186 [Listener at 127.0.0.1/10248] INFO  server.session (DefaultSessionIdManager.java:doStart(339)) - No SessionScavenger set, using defaults
2021-07-15 16:36:57,187 [Listener at 127.0.0.1/10248] INFO  server.session (HouseKeeper.java:startScavenging(132)) - node0 Scavenging every 660000ms
2021-07-15 16:36:57,187 [Listener at 127.0.0.1/10248] INFO  handler.ContextHandler (ContextHandler.java:doStart(916)) - Started o.e.j.s.ServletContextHandler@2faab150{logs,/logs,file:///home/runner/work/ozone/ozone/mnt/ozone/hadoop-ozone/integration-test/target/log,AVAILABLE}
2021-07-15 16:36:57,188 [Listener at 127.0.0.1/10248] INFO  handler.ContextHandler (ContextHandler.java:doStart(916)) - Started o.e.j.s.ServletContextHandler@2478b0e6{static,/static,jar:file:/home/runner/.m2/repository/org/apache/ozone/hdds-container-service/1.2.0-SNAPSHOT/hdds-container-service-1.2.0-SNAPSHOT.jar!/webapps/static,AVAILABLE}
2021-07-15 16:36:57,231 [Listener at 127.0.0.1/10248] INFO  handler.ContextHandler (ContextHandler.java:doStart(916)) - Started o.e.j.w.WebAppContext@7d98e410{hddsDatanode,/,file:///tmp/jetty-0_0_0_0-41113-hdds-container-service-1_2_0-SNAPSHOT_jar-_-any-1431317435835305078/webapp/,AVAILABLE}{jar:file:/home/runner/.m2/repository/org/apache/ozone/hdds-container-service/1.2.0-SNAPSHOT/hdds-container-service-1.2.0-SNAPSHOT.jar!/webapps/hddsDatanode}
2021-07-15 16:36:57,234 [Listener at 127.0.0.1/10248] INFO  server.AbstractConnector (AbstractConnector.java:doStart(331)) - Started ServerConnector@209a490a{HTTP/1.1, (http/1.1)}{0.0.0.0:41113}
2021-07-15 16:36:57,234 [Listener at 127.0.0.1/10248] INFO  server.Server (Server.java:doStart(415)) - Started @76969ms
2021-07-15 16:36:57,234 [Listener at 127.0.0.1/10248] WARN  impl.MetricsSystemImpl (MetricsSystemImpl.java:register(279)) - Sink prometheus already exists!
2021-07-15 16:36:57,235 [Listener at 127.0.0.1/10248] INFO  http.BaseHttpServer (BaseHttpServer.java:updateConnectorAddress(329)) - HTTP server of hddsDatanode listening at http://0.0.0.0:41113
2021-07-15 16:36:57,235 [Listener at 127.0.0.1/10248] INFO  impl.MetricsSystemImpl (MetricsSystemImpl.java:init(158)) - HddsDatanode metrics system started (again)
2021-07-15 16:36:57,248 [org.apache.hadoop.util.JvmPauseMonitor$Monitor@76a806e5] INFO  util.JvmPauseMonitor (JvmPauseMonitor.java:run(188)) - Starting JVM pause monitor
2021-07-15 16:36:57,248 [Datanode State Machine Task Thread - 0] INFO  ha.SCMNodeInfo (SCMNodeInfo.java:getPort(197)) - ConfigKey ozone.scm.client.address is deprecated, For configuring different ports for each SCM use PortConfigKey ozone.scm.client.port appended with serviceId and nodeId
2021-07-15 16:36:57,248 [Datanode State Machine Task Thread - 0] INFO  ha.SCMNodeInfo (SCMNodeInfo.java:getPort(197)) - ConfigKey ozone.scm.block.client.address is deprecated, For configuring different ports for each SCM use PortConfigKey ozone.scm.block.client.port appended with serviceId and nodeId
2021-07-15 16:36:57,248 [Datanode State Machine Task Thread - 0] INFO  ha.SCMNodeInfo (SCMNodeInfo.java:getPort(197)) - ConfigKey ozone.scm.datanode.address is deprecated, For configuring different ports for each SCM use PortConfigKey ozone.scm.datanode.port appended with serviceId and nodeId
2021-07-15 16:36:57,248 [Datanode State Machine Task Thread - 0] INFO  ha.SCMNodeInfo (SCMNodeInfo.java:getPort(197)) - ConfigKey ozone.scm.client.address is deprecated, For configuring different ports for each SCM use PortConfigKey ozone.scm.client.port appended with serviceId and nodeId
2021-07-15 16:36:57,248 [Datanode State Machine Task Thread - 0] INFO  ha.SCMNodeInfo (SCMNodeInfo.java:getPort(197)) - ConfigKey ozone.scm.block.client.address is deprecated, For configuring different ports for each SCM use PortConfigKey ozone.scm.block.client.port appended with serviceId and nodeId
2021-07-15 16:36:57,248 [Datanode State Machine Task Thread - 0] INFO  ha.SCMNodeInfo (SCMNodeInfo.java:getPort(197)) - ConfigKey ozone.scm.datanode.address is deprecated, For configuring different ports for each SCM use PortConfigKey ozone.scm.datanode.port appended with serviceId and nodeId
2021-07-15 16:36:57,249 [Datanode State Machine Task Thread - 0] INFO  ha.SCMNodeInfo (SCMNodeInfo.java:getPort(197)) - ConfigKey ozone.scm.client.address is deprecated, For configuring different ports for each SCM use PortConfigKey ozone.scm.client.port appended with serviceId and nodeId
2021-07-15 16:36:57,249 [Datanode State Machine Task Thread - 0] INFO  ha.SCMNodeInfo (SCMNodeInfo.java:getPort(197)) - ConfigKey ozone.scm.block.client.address is deprecated, For configuring different ports for each SCM use PortConfigKey ozone.scm.block.client.port appended with serviceId and nodeId
2021-07-15 16:36:57,249 [Datanode State Machine Task Thread - 0] INFO  ha.SCMNodeInfo (SCMNodeInfo.java:getPort(197)) - ConfigKey ozone.scm.datanode.address is deprecated, For configuring different ports for each SCM use PortConfigKey ozone.scm.datanode.port appended with serviceId and nodeId
2021-07-15 16:36:57,257 [Datanode State Machine Task Thread - 0] INFO  datanode.InitDatanodeState (InitDatanodeState.java:persistContainerDatanodeDetails(145)) - DatanodeDetails is persisted to /home/runner/work/ozone/ozone/mnt/ozone/hadoop-ozone/integration-test/target/test-dir/MiniOzoneClusterImpl-8ef06965-d5c9-44f0-9cd1-4cafb8afe6ac/datanode-1/meta/datanode.id
2021-07-15 16:36:57,257 [Listener at 127.0.0.1/10248] INFO  ozone.HddsDatanodeService (HddsDatanodeService.java:start(223)) - HddsDatanodeService host:fv-az151-474.yf2hydr00wburbhx3j5hxtcipe.bx.internal.cloudapp.net ip:10.1.0.52
2021-07-15 16:36:57,286 [Listener at 127.0.0.1/10248] INFO  upgrade.AbstractLayoutVersionManager (AbstractLayoutVersionManager.java:init(70)) - Initializing Layout version manager with metadata layout = SCM_HA (version = 2), software layout = SCM_HA (version = 2)
2021-07-15 16:36:57,329 [Listener at 127.0.0.1/10248] INFO  reflections.Reflections (Reflections.java:scan(232)) - Reflections took 41 ms to scan 7 urls, producing 119 keys and 271 values 
2021-07-15 16:36:57,330 [Listener at 127.0.0.1/10248] INFO  ha.SCMNodeInfo (SCMNodeInfo.java:getPort(197)) - ConfigKey ozone.scm.client.address is deprecated, For configuring different ports for each SCM use PortConfigKey ozone.scm.client.port appended with serviceId and nodeId
2021-07-15 16:36:57,331 [Listener at 127.0.0.1/10248] INFO  ha.SCMNodeInfo (SCMNodeInfo.java:getPort(197)) - ConfigKey ozone.scm.block.client.address is deprecated, For configuring different ports for each SCM use PortConfigKey ozone.scm.block.client.port appended with serviceId and nodeId
2021-07-15 16:36:57,331 [Listener at 127.0.0.1/10248] INFO  ha.SCMNodeInfo (SCMNodeInfo.java:getPort(197)) - ConfigKey ozone.scm.datanode.address is deprecated, For configuring different ports for each SCM use PortConfigKey ozone.scm.datanode.port appended with serviceId and nodeId
2021-07-15 16:36:57,331 [Listener at 127.0.0.1/10248] INFO  ha.SCMNodeInfo (SCMNodeInfo.java:getPort(197)) - ConfigKey ozone.scm.client.address is deprecated, For configuring different ports for each SCM use PortConfigKey ozone.scm.client.port appended with serviceId and nodeId
2021-07-15 16:36:57,331 [Listener at 127.0.0.1/10248] INFO  ha.SCMNodeInfo (SCMNodeInfo.java:getPort(197)) - ConfigKey ozone.scm.block.client.address is deprecated, For configuring different ports for each SCM use PortConfigKey ozone.scm.block.client.port appended with serviceId and nodeId
2021-07-15 16:36:57,331 [Listener at 127.0.0.1/10248] INFO  ha.SCMNodeInfo (SCMNodeInfo.java:getPort(197)) - ConfigKey ozone.scm.datanode.address is deprecated, For configuring different ports for each SCM use PortConfigKey ozone.scm.datanode.port appended with serviceId and nodeId
2021-07-15 16:36:57,331 [Listener at 127.0.0.1/10248] INFO  ha.SCMNodeInfo (SCMNodeInfo.java:getPort(197)) - ConfigKey ozone.scm.client.address is deprecated, For configuring different ports for each SCM use PortConfigKey ozone.scm.client.port appended with serviceId and nodeId
2021-07-15 16:36:57,332 [Listener at 127.0.0.1/10248] INFO  ha.SCMNodeInfo (SCMNodeInfo.java:getPort(197)) - ConfigKey ozone.scm.block.client.address is deprecated, For configuring different ports for each SCM use PortConfigKey ozone.scm.block.client.port appended with serviceId and nodeId
2021-07-15 16:36:57,332 [Listener at 127.0.0.1/10248] INFO  ha.SCMNodeInfo (SCMNodeInfo.java:getPort(197)) - ConfigKey ozone.scm.datanode.address is deprecated, For configuring different ports for each SCM use PortConfigKey ozone.scm.datanode.port appended with serviceId and nodeId
2021-07-15 16:36:57,333 [Listener at 127.0.0.1/10248] INFO  volume.HddsVolume (HddsVolume.java:<init>(120)) - Creating HddsVolume: /home/runner/work/ozone/ozone/mnt/ozone/hadoop-ozone/integration-test/target/test-dir/MiniOzoneClusterImpl-8ef06965-d5c9-44f0-9cd1-4cafb8afe6ac/datanode-2/data-0/containers/hdds of storage type : DISK capacity : 9223372036854775807
2021-07-15 16:36:57,334 [Listener at 127.0.0.1/10248] INFO  volume.MutableVolumeSet (MutableVolumeSet.java:initializeVolumeSet(181)) - Added Volume : /home/runner/work/ozone/ozone/mnt/ozone/hadoop-ozone/integration-test/target/test-dir/MiniOzoneClusterImpl-8ef06965-d5c9-44f0-9cd1-4cafb8afe6ac/datanode-2/data-0/containers/hdds to VolumeSet
2021-07-15 16:36:57,334 [Listener at 127.0.0.1/10248] INFO  volume.ThrottledAsyncChecker (ThrottledAsyncChecker.java:schedule(141)) - Scheduling a check for /home/runner/work/ozone/ozone/mnt/ozone/hadoop-ozone/integration-test/target/test-dir/MiniOzoneClusterImpl-8ef06965-d5c9-44f0-9cd1-4cafb8afe6ac/datanode-2/data-0/containers/hdds
2021-07-15 16:36:57,334 [Listener at 127.0.0.1/10248] INFO  volume.StorageVolumeChecker (StorageVolumeChecker.java:checkAllVolumes(203)) - Scheduled health check for volume /home/runner/work/ozone/ozone/mnt/ozone/hadoop-ozone/integration-test/target/test-dir/MiniOzoneClusterImpl-8ef06965-d5c9-44f0-9cd1-4cafb8afe6ac/datanode-2/data-0/containers/hdds
2021-07-15 16:36:57,348 [Listener at 127.0.0.1/10248] INFO  volume.MutableVolumeSet (MutableVolumeSet.java:initializeVolumeSet(181)) - Added Volume : /home/runner/work/ozone/ozone/mnt/ozone/hadoop-ozone/integration-test/target/test-dir/MiniOzoneClusterImpl-8ef06965-d5c9-44f0-9cd1-4cafb8afe6ac/datanode-2/data/ratis to VolumeSet
2021-07-15 16:36:57,348 [Listener at 127.0.0.1/10248] INFO  volume.ThrottledAsyncChecker (ThrottledAsyncChecker.java:schedule(141)) - Scheduling a check for /home/runner/work/ozone/ozone/mnt/ozone/hadoop-ozone/integration-test/target/test-dir/MiniOzoneClusterImpl-8ef06965-d5c9-44f0-9cd1-4cafb8afe6ac/datanode-2/data/ratis
2021-07-15 16:36:57,349 [Listener at 127.0.0.1/10248] INFO  volume.StorageVolumeChecker (StorageVolumeChecker.java:checkAllVolumes(203)) - Scheduled health check for volume /home/runner/work/ozone/ozone/mnt/ozone/hadoop-ozone/integration-test/target/test-dir/MiniOzoneClusterImpl-8ef06965-d5c9-44f0-9cd1-4cafb8afe6ac/datanode-2/data/ratis
2021-07-15 16:36:57,364 [Listener at 127.0.0.1/10248] INFO  ozoneimpl.ContainerReader (ContainerReader.java:<init>(98)) - Running in upgrade mode:true
2021-07-15 16:36:57,364 [Thread-1463] INFO  ozoneimpl.ContainerReader (ContainerReader.java:readVolume(142)) - Start to verify containers on volume /home/runner/work/ozone/ozone/mnt/ozone/hadoop-ozone/integration-test/target/test-dir/MiniOzoneClusterImpl-8ef06965-d5c9-44f0-9cd1-4cafb8afe6ac/datanode-2/data-0/containers/hdds
2021-07-15 16:36:57,364 [Thread-1463] INFO  ozoneimpl.ContainerReader (ContainerReader.java:readVolume(174)) - Finish verifying containers on volume /home/runner/work/ozone/ozone/mnt/ozone/hadoop-ozone/integration-test/target/test-dir/MiniOzoneClusterImpl-8ef06965-d5c9-44f0-9cd1-4cafb8afe6ac/datanode-2/data-0/containers/hdds
2021-07-15 16:36:57,365 [Listener at 127.0.0.1/10248] INFO  ozoneimpl.OzoneContainer (OzoneContainer.java:buildContainerSet(237)) - Build ContainerSet costs 0s
2021-07-15 16:36:57,367 [Listener at 127.0.0.1/10248] INFO  server.RaftServer (ConfUtils.java:logGet(44)) - raft.rpc.type = GRPC (default)
2021-07-15 16:36:57,367 [Listener at 127.0.0.1/10248] INFO  grpc.GrpcFactory (GrpcFactory.java:checkPooledByteBufAllocatorUseCacheForAllThreads(48)) - PERFORMANCE WARNING: useCacheForAllThreads is true that may cause Netty to create a lot garbage objects and, as a result, trigger GC.
	It is recommended to disable useCacheForAllThreads by setting -Dorg.apache.ratis.thirdparty.io.netty.allocator.useCacheForAllThreads=false in command line.
2021-07-15 16:36:57,368 [Listener at 127.0.0.1/10248] INFO  grpc.GrpcConfigKeys (ConfUtils.java:logGet(44)) - raft.grpc.admin.port = 0 (custom)
2021-07-15 16:36:57,368 [Listener at 127.0.0.1/10248] INFO  grpc.GrpcConfigKeys (ConfUtils.java:logGet(44)) - raft.grpc.client.port = 0 (custom)
2021-07-15 16:36:57,368 [Listener at 127.0.0.1/10248] INFO  grpc.GrpcConfigKeys (ConfUtils.java:logGet(44)) - raft.grpc.server.port = 0 (default)
2021-07-15 16:36:57,368 [Listener at 127.0.0.1/10248] INFO  server.GrpcService (ConfUtils.java:logGet(44)) - raft.grpc.message.size.max = 32MB (=33554432) (custom)
2021-07-15 16:36:57,368 [Listener at 127.0.0.1/10248] INFO  server.RaftServerConfigKeys (ConfUtils.java:logGet(44)) - raft.server.log.appender.buffer.byte-limit = 33554432 (custom)
2021-07-15 16:36:57,369 [Listener at 127.0.0.1/10248] INFO  server.GrpcService (ConfUtils.java:logGet(44)) - raft.grpc.flow.control.window = 5MB (=5242880) (custom)
2021-07-15 16:36:57,369 [Listener at 127.0.0.1/10248] INFO  server.RaftServerConfigKeys (ConfUtils.java:logGet(44)) - raft.server.rpc.request.timeout = 60s (custom)
2021-07-15 16:36:57,370 [Listener at 127.0.0.1/10248] INFO  impl.DataStreamServerImpl (ConfUtils.java:logGet(44)) - raft.datastream.type = DISABLED (default)
2021-07-15 16:36:57,371 [Listener at 127.0.0.1/10248] INFO  server.RaftServerConfigKeys (ConfUtils.java:logGet(44)) - raft.server.rpc.slowness.timeout = 300s (custom)
2021-07-15 16:36:57,371 [Listener at 127.0.0.1/10248] INFO  server.RaftServerConfigKeys (ConfUtils.java:logGet(44)) - raft.server.leaderelection.leader.step-down.wait-time = 10s (default)
2021-07-15 16:36:57,371 [Listener at 127.0.0.1/10248] INFO  server.RaftServerConfigKeys (ConfUtils.java:logGet(44)) - raft.server.storage.dir = [/home/runner/work/ozone/ozone/mnt/ozone/hadoop-ozone/integration-test/target/test-dir/MiniOzoneClusterImpl-8ef06965-d5c9-44f0-9cd1-4cafb8afe6ac/datanode-2/data/ratis] (custom)
2021-07-15 16:36:57,374 [Listener at 127.0.0.1/10248] INFO  http.BaseHttpServer (BaseHttpServer.java:newHttpServer2BuilderForOzone(209)) - Starting Web-server for hddsDatanode at: http://0.0.0.0:0
2021-07-15 16:36:57,374 [Listener at 127.0.0.1/10248] INFO  http.BaseHttpServer (BaseHttpServer.java:<init>(107)) - Hadoop Security Enabled: false Ozone Security Enabled: false Ozone HTTP Security Enabled: false 
2021-07-15 16:36:57,375 [Listener at 127.0.0.1/10248] INFO  server.AuthenticationFilter (AuthenticationFilter.java:constructSecretProvider(240)) - Unable to initialize FileSignerSecretProvider, falling back to use random secrets.
2021-07-15 16:36:57,376 [Listener at 127.0.0.1/10248] WARN  http.HttpRequestLog (HttpRequestLog.java:getRequestLog(103)) - Jetty request log can only be enabled using Log4j
2021-07-15 16:36:57,377 [Listener at 127.0.0.1/10248] INFO  http.HttpServer2 (HttpServer2.java:addGlobalFilter(1020)) - Added global filter 'safety' (class=org.apache.hadoop.hdds.server.http.HttpServer2$QuotingInputFilter)
2021-07-15 16:36:57,378 [Listener at 127.0.0.1/10248] INFO  http.HttpServer2 (HttpServer2.java:addFilter(996)) - Added filter static_user_filter (class=org.apache.hadoop.http.lib.StaticUserWebFilter$StaticUserFilter) to context hddsDatanode
2021-07-15 16:36:57,378 [Listener at 127.0.0.1/10248] INFO  http.HttpServer2 (HttpServer2.java:addFilter(1004)) - Added filter static_user_filter (class=org.apache.hadoop.http.lib.StaticUserWebFilter$StaticUserFilter) to context static
2021-07-15 16:36:57,378 [Listener at 127.0.0.1/10248] INFO  http.HttpServer2 (HttpServer2.java:addFilter(1004)) - Added filter static_user_filter (class=org.apache.hadoop.http.lib.StaticUserWebFilter$StaticUserFilter) to context logs
2021-07-15 16:36:57,379 [Listener at 127.0.0.1/10248] INFO  http.HttpServer2 (HttpServer2.java:bindListener(1238)) - Jetty bound to port 41659
2021-07-15 16:36:57,379 [Listener at 127.0.0.1/10248] INFO  server.Server (Server.java:doStart(375)) - jetty-9.4.35.v20201120; built: 2020-11-20T21:17:03.964Z; git: bdc54f03a5e0a7e280fab27f55c3c75ee8da89fb; jvm 1.8.0_292-b10
2021-07-15 16:36:57,380 [Listener at 127.0.0.1/10248] INFO  server.session (DefaultSessionIdManager.java:doStart(334)) - DefaultSessionIdManager workerName=node0
2021-07-15 16:36:57,380 [Listener at 127.0.0.1/10248] INFO  server.session (DefaultSessionIdManager.java:doStart(339)) - No SessionScavenger set, using defaults
2021-07-15 16:36:57,381 [Listener at 127.0.0.1/10248] INFO  server.session (HouseKeeper.java:startScavenging(132)) - node0 Scavenging every 600000ms
2021-07-15 16:36:57,381 [Listener at 127.0.0.1/10248] INFO  handler.ContextHandler (ContextHandler.java:doStart(916)) - Started o.e.j.s.ServletContextHandler@3534fbe8{logs,/logs,file:///home/runner/work/ozone/ozone/mnt/ozone/hadoop-ozone/integration-test/target/log,AVAILABLE}
2021-07-15 16:36:57,382 [Listener at 127.0.0.1/10248] INFO  handler.ContextHandler (ContextHandler.java:doStart(916)) - Started o.e.j.s.ServletContextHandler@4bb27275{static,/static,jar:file:/home/runner/.m2/repository/org/apache/ozone/hdds-container-service/1.2.0-SNAPSHOT/hdds-container-service-1.2.0-SNAPSHOT.jar!/webapps/static,AVAILABLE}
2021-07-15 16:36:57,426 [Listener at 127.0.0.1/10248] INFO  handler.ContextHandler (ContextHandler.java:doStart(916)) - Started o.e.j.w.WebAppContext@7dbafe9d{hddsDatanode,/,file:///tmp/jetty-0_0_0_0-41659-hdds-container-service-1_2_0-SNAPSHOT_jar-_-any-4185601675373010887/webapp/,AVAILABLE}{jar:file:/home/runner/.m2/repository/org/apache/ozone/hdds-container-service/1.2.0-SNAPSHOT/hdds-container-service-1.2.0-SNAPSHOT.jar!/webapps/hddsDatanode}
2021-07-15 16:36:57,428 [Listener at 127.0.0.1/10248] INFO  server.AbstractConnector (AbstractConnector.java:doStart(331)) - Started ServerConnector@65eb3095{HTTP/1.1, (http/1.1)}{0.0.0.0:41659}
2021-07-15 16:36:57,428 [Listener at 127.0.0.1/10248] INFO  server.Server (Server.java:doStart(415)) - Started @77163ms
2021-07-15 16:36:57,428 [Listener at 127.0.0.1/10248] WARN  impl.MetricsSystemImpl (MetricsSystemImpl.java:register(279)) - Sink prometheus already exists!
2021-07-15 16:36:57,429 [Listener at 127.0.0.1/10248] INFO  http.BaseHttpServer (BaseHttpServer.java:updateConnectorAddress(329)) - HTTP server of hddsDatanode listening at http://0.0.0.0:41659
2021-07-15 16:36:57,431 [Listener at 127.0.0.1/10248] INFO  ozone.MiniOzoneClusterImpl (MiniOzoneClusterImpl.java:lambda$waitForClusterToBeReady$0(230)) - Waiting for nodes to be ready. Got 0 of 3 DN Heartbeats.
2021-07-15 16:36:57,431 [Listener at 127.0.0.1/10248] INFO  ozone.MiniOzoneClusterImpl (MiniOzoneClusterImpl.java:lambda$waitForClusterToBeReady$0(233)) - Waiting for cluster to exit safe mode
2021-07-15 16:36:57,431 [Listener at 127.0.0.1/10248] INFO  ozone.MiniOzoneClusterImpl (MiniOzoneClusterImpl.java:lambda$waitForClusterToBeReady$0(235)) - SCM became leader
2021-07-15 16:36:57,442 [org.apache.hadoop.util.JvmPauseMonitor$Monitor@7a78a684] INFO  util.JvmPauseMonitor (JvmPauseMonitor.java:run(188)) - Starting JVM pause monitor
2021-07-15 16:36:57,442 [Datanode State Machine Task Thread - 0] INFO  ha.SCMNodeInfo (SCMNodeInfo.java:getPort(197)) - ConfigKey ozone.scm.client.address is deprecated, For configuring different ports for each SCM use PortConfigKey ozone.scm.client.port appended with serviceId and nodeId
2021-07-15 16:36:57,442 [Datanode State Machine Task Thread - 0] INFO  ha.SCMNodeInfo (SCMNodeInfo.java:getPort(197)) - ConfigKey ozone.scm.block.client.address is deprecated, For configuring different ports for each SCM use PortConfigKey ozone.scm.block.client.port appended with serviceId and nodeId
2021-07-15 16:36:57,442 [Datanode State Machine Task Thread - 0] INFO  ha.SCMNodeInfo (SCMNodeInfo.java:getPort(197)) - ConfigKey ozone.scm.datanode.address is deprecated, For configuring different ports for each SCM use PortConfigKey ozone.scm.datanode.port appended with serviceId and nodeId
2021-07-15 16:36:57,442 [Datanode State Machine Task Thread - 0] INFO  ha.SCMNodeInfo (SCMNodeInfo.java:getPort(197)) - ConfigKey ozone.scm.client.address is deprecated, For configuring different ports for each SCM use PortConfigKey ozone.scm.client.port appended with serviceId and nodeId
2021-07-15 16:36:57,442 [Datanode State Machine Task Thread - 0] INFO  ha.SCMNodeInfo (SCMNodeInfo.java:getPort(197)) - ConfigKey ozone.scm.block.client.address is deprecated, For configuring different ports for each SCM use PortConfigKey ozone.scm.block.client.port appended with serviceId and nodeId
2021-07-15 16:36:57,442 [Datanode State Machine Task Thread - 0] INFO  ha.SCMNodeInfo (SCMNodeInfo.java:getPort(197)) - ConfigKey ozone.scm.datanode.address is deprecated, For configuring different ports for each SCM use PortConfigKey ozone.scm.datanode.port appended with serviceId and nodeId
2021-07-15 16:36:57,443 [Datanode State Machine Task Thread - 0] INFO  ha.SCMNodeInfo (SCMNodeInfo.java:getPort(197)) - ConfigKey ozone.scm.client.address is deprecated, For configuring different ports for each SCM use PortConfigKey ozone.scm.client.port appended with serviceId and nodeId
2021-07-15 16:36:57,443 [Datanode State Machine Task Thread - 0] INFO  ha.SCMNodeInfo (SCMNodeInfo.java:getPort(197)) - ConfigKey ozone.scm.block.client.address is deprecated, For configuring different ports for each SCM use PortConfigKey ozone.scm.block.client.port appended with serviceId and nodeId
2021-07-15 16:36:57,443 [Datanode State Machine Task Thread - 0] INFO  ha.SCMNodeInfo (SCMNodeInfo.java:getPort(197)) - ConfigKey ozone.scm.datanode.address is deprecated, For configuring different ports for each SCM use PortConfigKey ozone.scm.datanode.port appended with serviceId and nodeId
2021-07-15 16:36:57,445 [Datanode State Machine Task Thread - 0] INFO  datanode.InitDatanodeState (InitDatanodeState.java:persistContainerDatanodeDetails(145)) - DatanodeDetails is persisted to /home/runner/work/ozone/ozone/mnt/ozone/hadoop-ozone/integration-test/target/test-dir/MiniOzoneClusterImpl-8ef06965-d5c9-44f0-9cd1-4cafb8afe6ac/datanode-2/meta/datanode.id
2021-07-15 16:36:57,806 [EndpointStateMachine task thread for /127.0.0.1:12801 - 0 ] INFO  ipc.Client (Client.java:handleConnectionFailure(977)) - Retrying connect to server: localhost/127.0.0.1:12801. Already tried 12 time(s); retry policy is RetryUpToMaximumCountWithFixedSleep(maxRetries=15, sleepTime=1000 MILLISECONDS)
2021-07-15 16:36:57,806 [EndpointStateMachine task thread for /127.0.0.1:12821 - 0 ] INFO  ipc.Client (Client.java:handleConnectionFailure(977)) - Retrying connect to server: localhost/127.0.0.1:12821. Already tried 8 time(s); retry policy is RetryUpToMaximumCountWithFixedSleep(maxRetries=15, sleepTime=1000 MILLISECONDS)
2021-07-15 16:36:57,806 [EndpointStateMachine task thread for /127.0.0.1:12811 - 0 ] INFO  ipc.Client (Client.java:handleConnectionFailure(977)) - Retrying connect to server: localhost/127.0.0.1:12811. Already tried 8 time(s); retry policy is RetryUpToMaximumCountWithFixedSleep(maxRetries=15, sleepTime=1000 MILLISECONDS)
2021-07-15 16:36:57,872 [omNode-1@group-523986131536-FollowerState] INFO  impl.FollowerState (FollowerState.java:run(134)) - omNode-1@group-523986131536-FollowerState: change to CANDIDATE, lastRpcElapsedTime:1059552789ns, electionTimeout:1059ms
2021-07-15 16:36:57,872 [omNode-1@group-523986131536-FollowerState] INFO  impl.RoleInfo (RoleInfo.java:shutdownFollowerState(108)) - omNode-1: shutdown omNode-1@group-523986131536-FollowerState
2021-07-15 16:36:57,872 [omNode-1@group-523986131536-FollowerState] INFO  server.RaftServer$Division (RaftServerImpl.java:setRole(284)) - omNode-1@group-523986131536: changes role from  FOLLOWER to CANDIDATE at term 0 for changeToCandidate
2021-07-15 16:36:57,872 [omNode-1@group-523986131536-FollowerState] INFO  server.RaftServerConfigKeys (ConfUtils.java:logGet(44)) - raft.server.leaderelection.pre-vote = false (custom)
2021-07-15 16:36:57,872 [omNode-1@group-523986131536-FollowerState] INFO  impl.RoleInfo (RoleInfo.java:updateAndGet(130)) - omNode-1: start omNode-1@group-523986131536-LeaderElection13
2021-07-15 16:36:57,876 [omNode-1@group-523986131536-LeaderElection13] INFO  impl.LeaderElection (LeaderElection.java:askForVotes(306)) - omNode-1@group-523986131536-LeaderElection13 ELECTION round 0: submit vote requests at term 1 for -1: [omNode-1|rpc:localhost:10252|priority:0], old=null
2021-07-15 16:36:57,876 [omNode-1@group-523986131536-LeaderElection13] INFO  impl.LeaderElection (LeaderElection.java:askForVotes(308)) - omNode-1@group-523986131536-LeaderElection13 ELECTION round 0: result PASSED (term=1)
2021-07-15 16:36:57,876 [omNode-1@group-523986131536-LeaderElection13] INFO  impl.RoleInfo (RoleInfo.java:shutdownLeaderElection(121)) - omNode-1: shutdown omNode-1@group-523986131536-LeaderElection13
2021-07-15 16:36:57,876 [omNode-1@group-523986131536-LeaderElection13] INFO  server.RaftServer$Division (RaftServerImpl.java:setRole(284)) - omNode-1@group-523986131536: changes role from CANDIDATE to LEADER at term 1 for changeToLeader
2021-07-15 16:36:57,876 [omNode-1@group-523986131536-LeaderElection13] INFO  server.RaftServer$Division (ServerState.java:setLeader(271)) - omNode-1@group-523986131536: change Leader from null to omNode-1 at term 1 for becomeLeader, leader elected after 1090ms
2021-07-15 16:36:57,876 [omNode-1@group-523986131536-LeaderElection13] INFO  server.RaftServerConfigKeys (ConfUtils.java:logGet(44)) - raft.server.staging.catchup.gap = 1000 (default)
2021-07-15 16:36:57,876 [omNode-1@group-523986131536-LeaderElection13] INFO  metrics.RatisMetrics (RatisMetrics.java:lambda$create$0(36)) - Creating Metrics Registry : ratis.log_appender.omNode-1@group-523986131536
2021-07-15 16:36:57,876 [omNode-1@group-523986131536-LeaderElection13] INFO  server.RaftServerConfigKeys (ConfUtils.java:logGet(44)) - raft.server.write.element-limit = 4096 (default)
2021-07-15 16:36:57,877 [omNode-1@group-523986131536-LeaderElection13] INFO  server.RaftServerConfigKeys (ConfUtils.java:logGet(44)) - raft.server.write.byte-limit = 64MB (=67108864) (default)
2021-07-15 16:36:57,877 [omNode-1@group-523986131536-LeaderElection13] INFO  server.RaftServerConfigKeys (ConfUtils.java:logGet(44)) - raft.server.watch.timeout = 10s (default)
2021-07-15 16:36:57,877 [omNode-1@group-523986131536-LeaderElection13] INFO  server.RaftServerConfigKeys (ConfUtils.java:logGet(44)) - raft.server.watch.timeout.denomination = 1s (default)
2021-07-15 16:36:57,877 [omNode-1@group-523986131536-LeaderElection13] INFO  server.RaftServerConfigKeys (ConfUtils.java:logGet(44)) - raft.server.watch.element-limit = 65536 (default)
2021-07-15 16:36:57,877 [omNode-1@group-523986131536-LeaderElection13] INFO  impl.RoleInfo (RoleInfo.java:updateAndGet(130)) - omNode-1: start omNode-1@group-523986131536-LeaderStateImpl
2021-07-15 16:36:57,877 [omNode-1@group-523986131536-LeaderElection13] INFO  segmented.SegmentedRaftLogWorker (SegmentedRaftLogWorker.java:startLogSegment(394)) - omNode-1@group-523986131536-SegmentedRaftLogWorker: Starting segment from index:0
2021-07-15 16:36:57,883 [omNode-1@group-523986131536-LeaderElection13] INFO  server.RaftServer$Division (ServerState.java:setRaftConf(373)) - omNode-1@group-523986131536: set configuration 0: [omNode-1|rpc:localhost:10252|admin:|client:|dataStream:|priority:0], old=null
2021-07-15 16:36:57,889 [omNode-1@group-523986131536-SegmentedRaftLogWorker] INFO  segmented.SegmentedRaftLogWorker (SegmentedRaftLogWorker.java:execute(601)) - omNode-1@group-523986131536-SegmentedRaftLogWorker: created new log segment /home/runner/work/ozone/ozone/mnt/ozone/hadoop-ozone/integration-test/target/test-dir/MiniOzoneClusterImpl-8ef06965-d5c9-44f0-9cd1-4cafb8afe6ac/omNode-1/ratis/c9bc4cf4-3bc3-3c60-a66b-523986131536/current/log_inprogress_0
2021-07-15 16:36:58,432 [Listener at 127.0.0.1/10248] INFO  ozone.MiniOzoneClusterImpl (MiniOzoneClusterImpl.java:lambda$waitForClusterToBeReady$0(230)) - Waiting for nodes to be ready. Got 0 of 3 DN Heartbeats.
2021-07-15 16:36:58,432 [Listener at 127.0.0.1/10248] INFO  ozone.MiniOzoneClusterImpl (MiniOzoneClusterImpl.java:lambda$waitForClusterToBeReady$0(233)) - Waiting for cluster to exit safe mode
2021-07-15 16:36:58,432 [Listener at 127.0.0.1/10248] INFO  ozone.MiniOzoneClusterImpl (MiniOzoneClusterImpl.java:lambda$waitForClusterToBeReady$0(235)) - SCM became leader
2021-07-15 16:36:58,806 [EndpointStateMachine task thread for /127.0.0.1:12821 - 0 ] INFO  ipc.Client (Client.java:handleConnectionFailure(977)) - Retrying connect to server: localhost/127.0.0.1:12821. Already tried 9 time(s); retry policy is RetryUpToMaximumCountWithFixedSleep(maxRetries=15, sleepTime=1000 MILLISECONDS)
2021-07-15 16:36:58,806 [EndpointStateMachine task thread for /127.0.0.1:12801 - 0 ] INFO  ipc.Client (Client.java:handleConnectionFailure(977)) - Retrying connect to server: localhost/127.0.0.1:12801. Already tried 13 time(s); retry policy is RetryUpToMaximumCountWithFixedSleep(maxRetries=15, sleepTime=1000 MILLISECONDS)
2021-07-15 16:36:58,807 [EndpointStateMachine task thread for /127.0.0.1:12811 - 0 ] INFO  ipc.Client (Client.java:handleConnectionFailure(977)) - Retrying connect to server: localhost/127.0.0.1:12811. Already tried 9 time(s); retry policy is RetryUpToMaximumCountWithFixedSleep(maxRetries=15, sleepTime=1000 MILLISECONDS)
2021-07-15 16:36:59,072 [EndpointStateMachine task thread for /127.0.0.1:14059 - 0 ] INFO  ozoneimpl.OzoneContainer (OzoneContainer.java:start(305)) - Attempting to start container services.
2021-07-15 16:36:59,072 [EndpointStateMachine task thread for /127.0.0.1:14059 - 0 ] INFO  ozoneimpl.OzoneContainer (OzoneContainer.java:startContainerScrub(250)) - Background container scanner has been disabled.
2021-07-15 16:36:59,073 [EndpointStateMachine task thread for /127.0.0.1:14059 - 0 ] INFO  replication.ReplicationServer (ReplicationServer.java:start(106)) - ReplicationServer is started using port 37895
2021-07-15 16:36:59,075 [EndpointStateMachine task thread for /127.0.0.1:14059 - 0 ] INFO  ratis.XceiverServerRatis (XceiverServerRatis.java:start(478)) - Starting XceiverServerRatis 7bb90881-70ee-4b59-9518-5a5d97bf3fe4
2021-07-15 16:36:59,076 [EndpointStateMachine task thread for /127.0.0.1:14059 - 0 ] INFO  server.RaftServer (RaftServerProxy.java:lambda$start$5(374)) - 7bb90881-70ee-4b59-9518-5a5d97bf3fe4: start RPC server
2021-07-15 16:36:59,076 [EndpointStateMachine task thread for /127.0.0.1:14059 - 0 ] INFO  server.GrpcService (GrpcService.java:startImpl(253)) - 7bb90881-70ee-4b59-9518-5a5d97bf3fe4: GrpcService started, listening on 37335
2021-07-15 16:36:59,077 [EndpointStateMachine task thread for /127.0.0.1:14059 - 0 ] INFO  ratis.XceiverServerRatis (XceiverServerRatis.java:getRealPort(499)) - XceiverServerRatis 7bb90881-70ee-4b59-9518-5a5d97bf3fe4 is started using port 37335 for RATIS
2021-07-15 16:36:59,077 [EndpointStateMachine task thread for /127.0.0.1:14059 - 0 ] INFO  ratis.XceiverServerRatis (XceiverServerRatis.java:getRealPort(499)) - XceiverServerRatis 7bb90881-70ee-4b59-9518-5a5d97bf3fe4 is started using port 37335 for RATIS_ADMIN
2021-07-15 16:36:59,077 [org.apache.ratis.util.JvmPauseMonitor$$Lambda$496/1286580650@17b8ada3] INFO  util.JvmPauseMonitor (JvmPauseMonitor.java:run(103)) - JvmPauseMonitor-7bb90881-70ee-4b59-9518-5a5d97bf3fe4: Started
2021-07-15 16:36:59,077 [EndpointStateMachine task thread for /127.0.0.1:14059 - 0 ] INFO  ratis.XceiverServerRatis (XceiverServerRatis.java:getRealPort(499)) - XceiverServerRatis 7bb90881-70ee-4b59-9518-5a5d97bf3fe4 is started using port 37335 for RATIS_SERVER
2021-07-15 16:36:59,078 [EndpointStateMachine task thread for /127.0.0.1:14059 - 0 ] INFO  server.XceiverServerGrpc (XceiverServerGrpc.java:start(135)) - XceiverServerGrpc 7bb90881-70ee-4b59-9518-5a5d97bf3fe4 is started using port 37495
2021-07-15 16:36:59,081 [EndpointStateMachine task thread for /127.0.0.1:14049 - 0 ] INFO  ozoneimpl.OzoneContainer (OzoneContainer.java:start(301)) - Ignore. OzoneContainer already started.
2021-07-15 16:36:59,263 [EndpointStateMachine task thread for /127.0.0.1:14049 - 0 ] INFO  ozoneimpl.OzoneContainer (OzoneContainer.java:start(305)) - Attempting to start container services.
2021-07-15 16:36:59,264 [EndpointStateMachine task thread for /127.0.0.1:14049 - 0 ] INFO  ozoneimpl.OzoneContainer (OzoneContainer.java:startContainerScrub(250)) - Background container scanner has been disabled.
2021-07-15 16:36:59,264 [EndpointStateMachine task thread for /127.0.0.1:14049 - 0 ] INFO  replication.ReplicationServer (ReplicationServer.java:start(106)) - ReplicationServer is started using port 32871
2021-07-15 16:36:59,265 [EndpointStateMachine task thread for /127.0.0.1:14049 - 0 ] INFO  ratis.XceiverServerRatis (XceiverServerRatis.java:start(478)) - Starting XceiverServerRatis 9009ae8a-6e34-4da8-a214-6d662c69877c
2021-07-15 16:36:59,267 [EndpointStateMachine task thread for /127.0.0.1:14049 - 0 ] INFO  server.RaftServer (RaftServerProxy.java:lambda$start$5(374)) - 9009ae8a-6e34-4da8-a214-6d662c69877c: start RPC server
2021-07-15 16:36:59,267 [EndpointStateMachine task thread for /127.0.0.1:14049 - 0 ] INFO  server.GrpcService (GrpcService.java:startImpl(253)) - 9009ae8a-6e34-4da8-a214-6d662c69877c: GrpcService started, listening on 35469
2021-07-15 16:36:59,268 [EndpointStateMachine task thread for /127.0.0.1:14049 - 0 ] INFO  ratis.XceiverServerRatis (XceiverServerRatis.java:getRealPort(499)) - XceiverServerRatis 9009ae8a-6e34-4da8-a214-6d662c69877c is started using port 35469 for RATIS
2021-07-15 16:36:59,268 [EndpointStateMachine task thread for /127.0.0.1:14049 - 0 ] INFO  ratis.XceiverServerRatis (XceiverServerRatis.java:getRealPort(499)) - XceiverServerRatis 9009ae8a-6e34-4da8-a214-6d662c69877c is started using port 35469 for RATIS_ADMIN
2021-07-15 16:36:59,268 [EndpointStateMachine task thread for /127.0.0.1:14049 - 0 ] INFO  ratis.XceiverServerRatis (XceiverServerRatis.java:getRealPort(499)) - XceiverServerRatis 9009ae8a-6e34-4da8-a214-6d662c69877c is started using port 35469 for RATIS_SERVER
2021-07-15 16:36:59,268 [EndpointStateMachine task thread for /127.0.0.1:14049 - 0 ] INFO  server.XceiverServerGrpc (XceiverServerGrpc.java:start(135)) - XceiverServerGrpc 9009ae8a-6e34-4da8-a214-6d662c69877c is started using port 38347
2021-07-15 16:36:59,270 [org.apache.ratis.util.JvmPauseMonitor$$Lambda$496/1286580650@53c05c2] INFO  util.JvmPauseMonitor (JvmPauseMonitor.java:run(103)) - JvmPauseMonitor-9009ae8a-6e34-4da8-a214-6d662c69877c: Started
2021-07-15 16:36:59,271 [EndpointStateMachine task thread for /127.0.0.1:14059 - 0 ] INFO  ozoneimpl.OzoneContainer (OzoneContainer.java:start(301)) - Ignore. OzoneContainer already started.
2021-07-15 16:36:59,432 [Listener at 127.0.0.1/10248] INFO  ozone.MiniOzoneClusterImpl (MiniOzoneClusterImpl.java:lambda$waitForClusterToBeReady$0(230)) - Waiting for nodes to be ready. Got 0 of 3 DN Heartbeats.
2021-07-15 16:36:59,433 [Listener at 127.0.0.1/10248] INFO  ozone.MiniOzoneClusterImpl (MiniOzoneClusterImpl.java:lambda$waitForClusterToBeReady$0(233)) - Waiting for cluster to exit safe mode
2021-07-15 16:36:59,433 [Listener at 127.0.0.1/10248] INFO  ozone.MiniOzoneClusterImpl (MiniOzoneClusterImpl.java:lambda$waitForClusterToBeReady$0(235)) - SCM became leader
2021-07-15 16:36:59,447 [EndpointStateMachine task thread for /127.0.0.1:14049 - 0 ] INFO  ozoneimpl.OzoneContainer (OzoneContainer.java:start(305)) - Attempting to start container services.
2021-07-15 16:36:59,447 [EndpointStateMachine task thread for /127.0.0.1:14049 - 0 ] INFO  ozoneimpl.OzoneContainer (OzoneContainer.java:startContainerScrub(250)) - Background container scanner has been disabled.
2021-07-15 16:36:59,448 [EndpointStateMachine task thread for /127.0.0.1:14049 - 0 ] INFO  replication.ReplicationServer (ReplicationServer.java:start(106)) - ReplicationServer is started using port 34577
2021-07-15 16:36:59,449 [EndpointStateMachine task thread for /127.0.0.1:14049 - 0 ] INFO  ratis.XceiverServerRatis (XceiverServerRatis.java:start(478)) - Starting XceiverServerRatis 7fea9b52-1b88-4603-b6bb-6748911f11bf
2021-07-15 16:36:59,450 [EndpointStateMachine task thread for /127.0.0.1:14049 - 0 ] INFO  server.RaftServer (RaftServerProxy.java:lambda$start$5(374)) - 7fea9b52-1b88-4603-b6bb-6748911f11bf: start RPC server
2021-07-15 16:36:59,450 [EndpointStateMachine task thread for /127.0.0.1:14049 - 0 ] INFO  server.GrpcService (GrpcService.java:startImpl(253)) - 7fea9b52-1b88-4603-b6bb-6748911f11bf: GrpcService started, listening on 43849
2021-07-15 16:36:59,450 [EndpointStateMachine task thread for /127.0.0.1:14049 - 0 ] INFO  ratis.XceiverServerRatis (XceiverServerRatis.java:getRealPort(499)) - XceiverServerRatis 7fea9b52-1b88-4603-b6bb-6748911f11bf is started using port 43849 for RATIS
2021-07-15 16:36:59,450 [EndpointStateMachine task thread for /127.0.0.1:14049 - 0 ] INFO  ratis.XceiverServerRatis (XceiverServerRatis.java:getRealPort(499)) - XceiverServerRatis 7fea9b52-1b88-4603-b6bb-6748911f11bf is started using port 43849 for RATIS_ADMIN
2021-07-15 16:36:59,450 [EndpointStateMachine task thread for /127.0.0.1:14049 - 0 ] INFO  ratis.XceiverServerRatis (XceiverServerRatis.java:getRealPort(499)) - XceiverServerRatis 7fea9b52-1b88-4603-b6bb-6748911f11bf is started using port 43849 for RATIS_SERVER
2021-07-15 16:36:59,451 [EndpointStateMachine task thread for /127.0.0.1:14049 - 0 ] INFO  server.XceiverServerGrpc (XceiverServerGrpc.java:start(135)) - XceiverServerGrpc 7fea9b52-1b88-4603-b6bb-6748911f11bf is started using port 41401
2021-07-15 16:36:59,450 [org.apache.ratis.util.JvmPauseMonitor$$Lambda$496/1286580650@7fab4758] INFO  util.JvmPauseMonitor (JvmPauseMonitor.java:run(103)) - JvmPauseMonitor-7fea9b52-1b88-4603-b6bb-6748911f11bf: Started
2021-07-15 16:36:59,453 [EndpointStateMachine task thread for /127.0.0.1:14059 - 0 ] INFO  ozoneimpl.OzoneContainer (OzoneContainer.java:start(301)) - Ignore. OzoneContainer already started.
2021-07-15 16:36:59,807 [EndpointStateMachine task thread for /127.0.0.1:12821 - 0 ] INFO  ipc.Client (Client.java:handleConnectionFailure(977)) - Retrying connect to server: localhost/127.0.0.1:12821. Already tried 10 time(s); retry policy is RetryUpToMaximumCountWithFixedSleep(maxRetries=15, sleepTime=1000 MILLISECONDS)
2021-07-15 16:36:59,807 [EndpointStateMachine task thread for /127.0.0.1:12801 - 0 ] INFO  ipc.Client (Client.java:handleConnectionFailure(977)) - Retrying connect to server: localhost/127.0.0.1:12801. Already tried 14 time(s); retry policy is RetryUpToMaximumCountWithFixedSleep(maxRetries=15, sleepTime=1000 MILLISECONDS)
2021-07-15 16:36:59,808 [EndpointStateMachine task thread for /127.0.0.1:12811 - 0 ] INFO  ipc.Client (Client.java:handleConnectionFailure(977)) - Retrying connect to server: localhost/127.0.0.1:12811. Already tried 10 time(s); retry policy is RetryUpToMaximumCountWithFixedSleep(maxRetries=15, sleepTime=1000 MILLISECONDS)
2021-07-15 16:37:00,433 [Listener at 127.0.0.1/10248] INFO  ozone.MiniOzoneClusterImpl (MiniOzoneClusterImpl.java:lambda$waitForClusterToBeReady$0(230)) - Waiting for nodes to be ready. Got 0 of 3 DN Heartbeats.
2021-07-15 16:37:00,434 [Listener at 127.0.0.1/10248] INFO  ozone.MiniOzoneClusterImpl (MiniOzoneClusterImpl.java:lambda$waitForClusterToBeReady$0(233)) - Waiting for cluster to exit safe mode
2021-07-15 16:37:00,434 [Listener at 127.0.0.1/10248] INFO  ozone.MiniOzoneClusterImpl (MiniOzoneClusterImpl.java:lambda$waitForClusterToBeReady$0(235)) - SCM became leader
2021-07-15 16:37:00,808 [EndpointStateMachine task thread for /127.0.0.1:12821 - 0 ] INFO  ipc.Client (Client.java:handleConnectionFailure(977)) - Retrying connect to server: localhost/127.0.0.1:12821. Already tried 11 time(s); retry policy is RetryUpToMaximumCountWithFixedSleep(maxRetries=15, sleepTime=1000 MILLISECONDS)
2021-07-15 16:37:00,808 [EndpointStateMachine task thread for /127.0.0.1:12811 - 0 ] INFO  ipc.Client (Client.java:handleConnectionFailure(977)) - Retrying connect to server: localhost/127.0.0.1:12811. Already tried 11 time(s); retry policy is RetryUpToMaximumCountWithFixedSleep(maxRetries=15, sleepTime=1000 MILLISECONDS)
2021-07-15 16:37:00,808 [EndpointStateMachine task thread for /127.0.0.1:12801 - 0 ] INFO  ipc.Client (Client.java:handleConnectionFailure(977)) - Retrying connect to server: localhost/127.0.0.1:12801. Already tried 0 time(s); retry policy is RetryUpToMaximumCountWithFixedSleep(maxRetries=15, sleepTime=1000 MILLISECONDS)
2021-07-15 16:37:01,062 [IPC Server handler 0 on default port 14059] INFO  net.NetworkTopologyImpl (NetworkTopologyImpl.java:add(112)) - Added a new node: /default-rack/7bb90881-70ee-4b59-9518-5a5d97bf3fe4
2021-07-15 16:37:01,063 [IPC Server handler 0 on default port 14059] INFO  node.SCMNodeManager (SCMNodeManager.java:register(386)) - Registered Data node : 7bb90881-70ee-4b59-9518-5a5d97bf3fe4{ip: 127.0.0.1, host: localhost, ports: [REPLICATION=37895, RATIS=37335, RATIS_ADMIN=37335, RATIS_SERVER=37335, STANDALONE=37495], networkLocation: /default-rack, certSerialId: null, persistedOpState: null, persistedOpStateExpiryEpochSec: 0}
2021-07-15 16:37:01,064 [IPC Server handler 99 on default port 14049] INFO  net.NetworkTopologyImpl (NetworkTopologyImpl.java:add(112)) - Added a new node: /default-rack/7bb90881-70ee-4b59-9518-5a5d97bf3fe4
2021-07-15 16:37:01,065 [IPC Server handler 99 on default port 14049] INFO  node.SCMNodeManager (SCMNodeManager.java:register(386)) - Registered Data node : 7bb90881-70ee-4b59-9518-5a5d97bf3fe4{ip: 127.0.0.1, host: localhost, ports: [REPLICATION=37895, RATIS=37335, RATIS_ADMIN=37335, RATIS_SERVER=37335, STANDALONE=37495], networkLocation: /default-rack, certSerialId: null, persistedOpState: null, persistedOpStateExpiryEpochSec: 0}
2021-07-15 16:37:01,065 [EventQueue-NodeRegistrationContainerReportForDataNodeSafeModeRule] INFO  safemode.SCMSafeModeManager (DataNodeSafeModeRule.java:process(71)) - SCM in safe mode. 1 DataNodes registered, 3 required.
2021-07-15 16:37:01,070 [EventQueue-NewNodeForNewNodeHandler] INFO  pipeline.BackgroundPipelineCreator (BackgroundPipelineCreatorV2.java:notifyEventTriggered(279)) - ignore, not leader SCM.
2021-07-15 16:37:01,071 [EventQueue-NodeRegistrationContainerReportForContainerSafeModeRule] INFO  safemode.SCMSafeModeManager (SCMSafeModeManager.java:validateSafeModeExitRules(204)) - ContainerSafeModeRule rule is successfully validated
2021-07-15 16:37:01,071 [EventQueue-NewNodeForNewNodeHandler] INFO  pipeline.BackgroundPipelineCreator (BackgroundPipelineCreatorV2.java:notifyEventTriggered(285)) - trigger a one-shot run on RatisPipelineUtilsThread.
2021-07-15 16:37:01,072 [EventQueue-NodeRegistrationContainerReportForDataNodeSafeModeRule] INFO  safemode.SCMSafeModeManager (DataNodeSafeModeRule.java:process(71)) - SCM in safe mode. 1 DataNodes registered, 3 required.
2021-07-15 16:37:01,074 [EventQueue-PipelineReportForOneReplicaPipelineSafeModeRule] INFO  safemode.SCMSafeModeManager (SCMSafeModeManager.java:validateSafeModeExitRules(204)) - AtleastOneDatanodeReportedRule rule is successfully validated
2021-07-15 16:37:01,071 [RatisPipelineUtilsThread - 0] INFO  pipeline.RatisPipelineProvider (RatisPipelineProvider.java:lambda$create$0(170)) - Sending CreatePipelineCommand for pipeline:PipelineID=a448490d-3f94-46b8-9ace-72fead52dde1 to datanode:7bb90881-70ee-4b59-9518-5a5d97bf3fe4
2021-07-15 16:37:01,074 [EventQueue-NodeRegistrationContainerReportForContainerSafeModeRule] INFO  safemode.SCMSafeModeManager (SCMSafeModeManager.java:validateSafeModeExitRules(204)) - ContainerSafeModeRule rule is successfully validated
2021-07-15 16:37:01,076 [EventQueue-PipelineReportForOneReplicaPipelineSafeModeRule] INFO  safemode.SCMSafeModeManager (SCMSafeModeManager.java:validateSafeModeExitRules(204)) - AtleastOneDatanodeReportedRule rule is successfully validated
2021-07-15 16:37:01,086 [6394c69b-367f-4a62-9595-acf3eb8c80db@group-4CAFB8AFE6AC-StateMachineUpdater] INFO  pipeline.PipelineStateManager (PipelineStateManagerV2Impl.java:addPipeline(101)) - Created pipeline Pipeline[ Id: a448490d-3f94-46b8-9ace-72fead52dde1, Nodes: 7bb90881-70ee-4b59-9518-5a5d97bf3fe4{ip: 127.0.0.1, host: localhost, ports: [REPLICATION=37895, RATIS=37335, RATIS_ADMIN=37335, RATIS_SERVER=37335, STANDALONE=37495], networkLocation: /default-rack, certSerialId: null, persistedOpState: IN_SERVICE, persistedOpStateExpiryEpochSec: 0}, ReplicationConfig: RATIS/ONE, State:ALLOCATED, leaderId:, CreationTimestamp2021-07-15T16:37:01.071Z[Etc/UTC]].
2021-07-15 16:37:01,086 [6394c69b-367f-4a62-9595-acf3eb8c80db@group-4CAFB8AFE6AC-StateMachineUpdater] INFO  safemode.HealthyPipelineSafeModeRule (HealthyPipelineSafeModeRule.java:initializeRule(152)) - Refreshed total pipeline count is 0, healthy pipeline threshold count is 1
2021-07-15 16:37:01,086 [RatisPipelineUtilsThread - 0] INFO  ha.SCMHAInvocationHandler (SCMHAInvocationHandler.java:invokeRatis(113)) - Invoking method public abstract void org.apache.hadoop.hdds.scm.pipeline.StateManager.addPipeline(org.apache.hadoop.hdds.protocol.proto.HddsProtos$Pipeline) throws java.io.IOException on target org.apache.hadoop.hdds.scm.ha.SCMRatisServerImpl@5baff918, cost 9927.042us
2021-07-15 16:37:01,087 [3f02e2f7-a9fe-43aa-a16a-2bf2030dc8fd@group-4CAFB8AFE6AC-StateMachineUpdater] INFO  pipeline.PipelineStateManager (PipelineStateManagerV2Impl.java:addPipeline(101)) - Created pipeline Pipeline[ Id: a448490d-3f94-46b8-9ace-72fead52dde1, Nodes: 7bb90881-70ee-4b59-9518-5a5d97bf3fe4{ip: 127.0.0.1, host: localhost, ports: [REPLICATION=37895, RATIS=37335, RATIS_ADMIN=37335, RATIS_SERVER=37335, STANDALONE=37495], networkLocation: /default-rack, certSerialId: null, persistedOpState: IN_SERVICE, persistedOpStateExpiryEpochSec: 0}, ReplicationConfig: RATIS/ONE, State:ALLOCATED, leaderId:, CreationTimestamp2021-07-15T16:37:01.071Z[Etc/UTC]].
2021-07-15 16:37:01,088 [3f02e2f7-a9fe-43aa-a16a-2bf2030dc8fd@group-4CAFB8AFE6AC-StateMachineUpdater] INFO  safemode.HealthyPipelineSafeModeRule (HealthyPipelineSafeModeRule.java:initializeRule(152)) - Refreshed total pipeline count is 0, healthy pipeline threshold count is 1
2021-07-15 16:37:01,252 [IPC Server handler 1 on default port 14059] INFO  net.NetworkTopologyImpl (NetworkTopologyImpl.java:add(112)) - Added a new node: /default-rack/9009ae8a-6e34-4da8-a214-6d662c69877c
2021-07-15 16:37:01,253 [IPC Server handler 1 on default port 14059] INFO  node.SCMNodeManager (SCMNodeManager.java:register(386)) - Registered Data node : 9009ae8a-6e34-4da8-a214-6d662c69877c{ip: 127.0.0.1, host: localhost, ports: [REPLICATION=32871, RATIS=35469, RATIS_ADMIN=35469, RATIS_SERVER=35469, STANDALONE=38347], networkLocation: /default-rack, certSerialId: null, persistedOpState: null, persistedOpStateExpiryEpochSec: 0}
2021-07-15 16:37:01,252 [IPC Server handler 97 on default port 14049] INFO  net.NetworkTopologyImpl (NetworkTopologyImpl.java:add(112)) - Added a new node: /default-rack/9009ae8a-6e34-4da8-a214-6d662c69877c
2021-07-15 16:37:01,253 [IPC Server handler 97 on default port 14049] INFO  node.SCMNodeManager (SCMNodeManager.java:register(386)) - Registered Data node : 9009ae8a-6e34-4da8-a214-6d662c69877c{ip: 127.0.0.1, host: localhost, ports: [REPLICATION=32871, RATIS=35469, RATIS_ADMIN=35469, RATIS_SERVER=35469, STANDALONE=38347], networkLocation: /default-rack, certSerialId: null, persistedOpState: null, persistedOpStateExpiryEpochSec: 0}
2021-07-15 16:37:01,254 [EventQueue-NodeRegistrationContainerReportForDataNodeSafeModeRule] INFO  safemode.SCMSafeModeManager (DataNodeSafeModeRule.java:process(71)) - SCM in safe mode. 2 DataNodes registered, 3 required.
2021-07-15 16:37:01,254 [EventQueue-NewNodeForNewNodeHandler] INFO  pipeline.BackgroundPipelineCreator (BackgroundPipelineCreatorV2.java:notifyEventTriggered(279)) - ignore, not leader SCM.
2021-07-15 16:37:01,254 [EventQueue-NewNodeForNewNodeHandler] INFO  pipeline.BackgroundPipelineCreator (BackgroundPipelineCreatorV2.java:notifyEventTriggered(285)) - trigger a one-shot run on RatisPipelineUtilsThread.
2021-07-15 16:37:01,254 [EventQueue-NodeRegistrationContainerReportForDataNodeSafeModeRule] INFO  safemode.SCMSafeModeManager (DataNodeSafeModeRule.java:process(71)) - SCM in safe mode. 2 DataNodes registered, 3 required.
2021-07-15 16:37:01,255 [RatisPipelineUtilsThread - 0] INFO  pipeline.RatisPipelineProvider (RatisPipelineProvider.java:lambda$create$0(170)) - Sending CreatePipelineCommand for pipeline:PipelineID=1612808e-69c7-4564-8595-446952105ca5 to datanode:9009ae8a-6e34-4da8-a214-6d662c69877c
2021-07-15 16:37:01,259 [6394c69b-367f-4a62-9595-acf3eb8c80db@group-4CAFB8AFE6AC-StateMachineUpdater] INFO  pipeline.PipelineStateManager (PipelineStateManagerV2Impl.java:addPipeline(101)) - Created pipeline Pipeline[ Id: 1612808e-69c7-4564-8595-446952105ca5, Nodes: 9009ae8a-6e34-4da8-a214-6d662c69877c{ip: 127.0.0.1, host: localhost, ports: [REPLICATION=32871, RATIS=35469, RATIS_ADMIN=35469, RATIS_SERVER=35469, STANDALONE=38347], networkLocation: /default-rack, certSerialId: null, persistedOpState: IN_SERVICE, persistedOpStateExpiryEpochSec: 0}, ReplicationConfig: RATIS/ONE, State:ALLOCATED, leaderId:, CreationTimestamp2021-07-15T16:37:01.255Z[Etc/UTC]].
2021-07-15 16:37:01,259 [6394c69b-367f-4a62-9595-acf3eb8c80db@group-4CAFB8AFE6AC-StateMachineUpdater] INFO  safemode.HealthyPipelineSafeModeRule (HealthyPipelineSafeModeRule.java:initializeRule(152)) - Refreshed total pipeline count is 0, healthy pipeline threshold count is 1
2021-07-15 16:37:01,260 [RatisPipelineUtilsThread - 0] INFO  ha.SCMHAInvocationHandler (SCMHAInvocationHandler.java:invokeRatis(113)) - Invoking method public abstract void org.apache.hadoop.hdds.scm.pipeline.StateManager.addPipeline(org.apache.hadoop.hdds.protocol.proto.HddsProtos$Pipeline) throws java.io.IOException on target org.apache.hadoop.hdds.scm.ha.SCMRatisServerImpl@5baff918, cost 4840.021us
2021-07-15 16:37:01,261 [3f02e2f7-a9fe-43aa-a16a-2bf2030dc8fd@group-4CAFB8AFE6AC-StateMachineUpdater] INFO  pipeline.PipelineStateManager (PipelineStateManagerV2Impl.java:addPipeline(101)) - Created pipeline Pipeline[ Id: 1612808e-69c7-4564-8595-446952105ca5, Nodes: 9009ae8a-6e34-4da8-a214-6d662c69877c{ip: 127.0.0.1, host: localhost, ports: [REPLICATION=32871, RATIS=35469, RATIS_ADMIN=35469, RATIS_SERVER=35469, STANDALONE=38347], networkLocation: /default-rack, certSerialId: null, persistedOpState: IN_SERVICE, persistedOpStateExpiryEpochSec: 0}, ReplicationConfig: RATIS/ONE, State:ALLOCATED, leaderId:, CreationTimestamp2021-07-15T16:37:01.255Z[Etc/UTC]].
2021-07-15 16:37:01,261 [3f02e2f7-a9fe-43aa-a16a-2bf2030dc8fd@group-4CAFB8AFE6AC-StateMachineUpdater] INFO  safemode.HealthyPipelineSafeModeRule (HealthyPipelineSafeModeRule.java:initializeRule(152)) - Refreshed total pipeline count is 0, healthy pipeline threshold count is 1
2021-07-15 16:37:01,262 [6394c69b-367f-4a62-9595-acf3eb8c80db@group-4CAFB8AFE6AC-StateMachineUpdater] INFO  ha.SCMStateMachine (SCMStateMachine.java:takeSnapshot(290)) - Current Snapshot Index 10, takeSnapshot took 0 ms
2021-07-15 16:37:01,262 [6394c69b-367f-4a62-9595-acf3eb8c80db@group-4CAFB8AFE6AC-StateMachineUpdater] INFO  impl.StateMachineUpdater (StateMachineUpdater.java:takeSnapshot(281)) - 6394c69b-367f-4a62-9595-acf3eb8c80db@group-4CAFB8AFE6AC-StateMachineUpdater: Took a snapshot at index 10
2021-07-15 16:37:01,262 [6394c69b-367f-4a62-9595-acf3eb8c80db@group-4CAFB8AFE6AC-StateMachineUpdater] INFO  impl.StateMachineUpdater (StateMachineUpdater.java:lambda$new$0(89)) - 6394c69b-367f-4a62-9595-acf3eb8c80db@group-4CAFB8AFE6AC-StateMachineUpdater: snapshotIndex: updateIncreasingly 5 -> 10
2021-07-15 16:37:01,262 [6394c69b-367f-4a62-9595-acf3eb8c80db@group-4CAFB8AFE6AC-StateMachineUpdater] INFO  raftlog.RaftLog (RaftLogBase.java:purge(306)) - 6394c69b-367f-4a62-9595-acf3eb8c80db@group-4CAFB8AFE6AC-SegmentedRaftLog: purge 10
2021-07-15 16:37:01,262 [6394c69b-367f-4a62-9595-acf3eb8c80db@group-4CAFB8AFE6AC-StateMachineUpdater] INFO  raftlog.RaftLog (RaftLogBase.java:lambda$new$0(53)) - 6394c69b-367f-4a62-9595-acf3eb8c80db@group-4CAFB8AFE6AC-SegmentedRaftLog: snapshotIndex: updateIncreasingly 5 -> 10
2021-07-15 16:37:01,262 [6394c69b-367f-4a62-9595-acf3eb8c80db@group-4CAFB8AFE6AC-StateMachineUpdater] INFO  raftlog.RaftLog (RaftLogBase.java:lambda$new$0(53)) - 6394c69b-367f-4a62-9595-acf3eb8c80db@group-4CAFB8AFE6AC-SegmentedRaftLog: purgeIndex: updateToMax old=0, new=10, updated? true
2021-07-15 16:37:01,434 [Listener at 127.0.0.1/10248] INFO  ozone.MiniOzoneClusterImpl (MiniOzoneClusterImpl.java:lambda$waitForClusterToBeReady$0(230)) - Waiting for nodes to be ready. Got 2 of 3 DN Heartbeats.
2021-07-15 16:37:01,434 [Listener at 127.0.0.1/10248] INFO  ozone.MiniOzoneClusterImpl (MiniOzoneClusterImpl.java:lambda$waitForClusterToBeReady$0(233)) - Waiting for cluster to exit safe mode
2021-07-15 16:37:01,435 [Listener at 127.0.0.1/10248] INFO  ozone.MiniOzoneClusterImpl (MiniOzoneClusterImpl.java:lambda$waitForClusterToBeReady$0(235)) - SCM became leader
2021-07-15 16:37:01,446 [IPC Server handler 2 on default port 14059] INFO  net.NetworkTopologyImpl (NetworkTopologyImpl.java:add(112)) - Added a new node: /default-rack/7fea9b52-1b88-4603-b6bb-6748911f11bf
2021-07-15 16:37:01,446 [IPC Server handler 2 on default port 14059] INFO  node.SCMNodeManager (SCMNodeManager.java:register(386)) - Registered Data node : 7fea9b52-1b88-4603-b6bb-6748911f11bf{ip: 127.0.0.1, host: localhost, ports: [REPLICATION=34577, RATIS=43849, RATIS_ADMIN=43849, RATIS_SERVER=43849, STANDALONE=41401], networkLocation: /default-rack, certSerialId: null, persistedOpState: null, persistedOpStateExpiryEpochSec: 0}
2021-07-15 16:37:01,446 [EventQueue-NewNodeForNewNodeHandler] INFO  pipeline.BackgroundPipelineCreator (BackgroundPipelineCreatorV2.java:notifyEventTriggered(279)) - ignore, not leader SCM.
2021-07-15 16:37:01,446 [IPC Server handler 94 on default port 14049] INFO  net.NetworkTopologyImpl (NetworkTopologyImpl.java:add(112)) - Added a new node: /default-rack/7fea9b52-1b88-4603-b6bb-6748911f11bf
2021-07-15 16:37:01,446 [IPC Server handler 94 on default port 14049] INFO  node.SCMNodeManager (SCMNodeManager.java:register(386)) - Registered Data node : 7fea9b52-1b88-4603-b6bb-6748911f11bf{ip: 127.0.0.1, host: localhost, ports: [REPLICATION=34577, RATIS=43849, RATIS_ADMIN=43849, RATIS_SERVER=43849, STANDALONE=41401], networkLocation: /default-rack, certSerialId: null, persistedOpState: null, persistedOpStateExpiryEpochSec: 0}
2021-07-15 16:37:01,447 [EventQueue-NewNodeForNewNodeHandler] INFO  pipeline.BackgroundPipelineCreator (BackgroundPipelineCreatorV2.java:notifyEventTriggered(285)) - trigger a one-shot run on RatisPipelineUtilsThread.
2021-07-15 16:37:01,447 [RatisPipelineUtilsThread - 0] INFO  pipeline.RatisPipelineProvider (RatisPipelineProvider.java:lambda$create$0(170)) - Sending CreatePipelineCommand for pipeline:PipelineID=cc2bd70a-581f-4adc-87fe-82bb49b31c0b to datanode:7fea9b52-1b88-4603-b6bb-6748911f11bf
2021-07-15 16:37:01,452 [EventQueue-NodeRegistrationContainerReportForDataNodeSafeModeRule] INFO  safemode.SCMSafeModeManager (DataNodeSafeModeRule.java:process(71)) - SCM in safe mode. 3 DataNodes registered, 3 required.
2021-07-15 16:37:01,452 [EventQueue-NodeRegistrationContainerReportForDataNodeSafeModeRule] INFO  safemode.SCMSafeModeManager (SCMSafeModeManager.java:validateSafeModeExitRules(204)) - DataNodeSafeModeRule rule is successfully validated
2021-07-15 16:37:01,452 [EventQueue-NodeRegistrationContainerReportForDataNodeSafeModeRule] INFO  safemode.SCMSafeModeManager (SCMSafeModeManager.java:completePreCheck(233)) - All SCM safe mode pre check rules have passed
2021-07-15 16:37:01,452 [EventQueue-NodeRegistrationContainerReportForDataNodeSafeModeRule] WARN  events.EventQueue (EventQueue.java:fireEvent(194)) - No event handler registered for event TypedEvent{payloadType=SafeModeStatus, name='Safe mode status'}
2021-07-15 16:37:01,452 [EventQueue-NodeRegistrationContainerReportForDataNodeSafeModeRule] INFO  ha.SCMContext (SCMContext.java:updateSafeModeStatus(205)) - Update SafeModeStatus from SafeModeStatus{safeModeStatus=true, preCheckPassed=false} to SafeModeStatus{safeModeStatus=true, preCheckPassed=true}.
2021-07-15 16:37:01,452 [EventQueue-NodeRegistrationContainerReportForDataNodeSafeModeRule] INFO  pipeline.BackgroundPipelineCreator (BackgroundPipelineCreatorV2.java:notifyEventTriggered(279)) - ignore, not leader SCM.
2021-07-15 16:37:01,454 [3f02e2f7-a9fe-43aa-a16a-2bf2030dc8fd@group-4CAFB8AFE6AC-StateMachineUpdater] INFO  ha.SCMStateMachine (SCMStateMachine.java:takeSnapshot(290)) - Current Snapshot Index 10, takeSnapshot took 0 ms
2021-07-15 16:37:01,454 [3f02e2f7-a9fe-43aa-a16a-2bf2030dc8fd@group-4CAFB8AFE6AC-StateMachineUpdater] INFO  impl.StateMachineUpdater (StateMachineUpdater.java:takeSnapshot(281)) - 3f02e2f7-a9fe-43aa-a16a-2bf2030dc8fd@group-4CAFB8AFE6AC-StateMachineUpdater: Took a snapshot at index 10
2021-07-15 16:37:01,454 [3f02e2f7-a9fe-43aa-a16a-2bf2030dc8fd@group-4CAFB8AFE6AC-StateMachineUpdater] INFO  impl.StateMachineUpdater (StateMachineUpdater.java:lambda$new$0(89)) - 3f02e2f7-a9fe-43aa-a16a-2bf2030dc8fd@group-4CAFB8AFE6AC-StateMachineUpdater: snapshotIndex: updateIncreasingly 5 -> 10
2021-07-15 16:37:01,454 [3f02e2f7-a9fe-43aa-a16a-2bf2030dc8fd@group-4CAFB8AFE6AC-StateMachineUpdater] INFO  raftlog.RaftLog (RaftLogBase.java:purge(306)) - 3f02e2f7-a9fe-43aa-a16a-2bf2030dc8fd@group-4CAFB8AFE6AC-SegmentedRaftLog: purge 10
2021-07-15 16:37:01,454 [3f02e2f7-a9fe-43aa-a16a-2bf2030dc8fd@group-4CAFB8AFE6AC-StateMachineUpdater] INFO  raftlog.RaftLog (RaftLogBase.java:lambda$new$0(53)) - 3f02e2f7-a9fe-43aa-a16a-2bf2030dc8fd@group-4CAFB8AFE6AC-SegmentedRaftLog: snapshotIndex: updateIncreasingly 5 -> 10
2021-07-15 16:37:01,454 [3f02e2f7-a9fe-43aa-a16a-2bf2030dc8fd@group-4CAFB8AFE6AC-StateMachineUpdater] INFO  raftlog.RaftLog (RaftLogBase.java:lambda$new$0(53)) - 3f02e2f7-a9fe-43aa-a16a-2bf2030dc8fd@group-4CAFB8AFE6AC-SegmentedRaftLog: purgeIndex: updateToMax old=0, new=10, updated? true
2021-07-15 16:37:01,454 [EventQueue-NodeRegistrationContainerReportForDataNodeSafeModeRule] INFO  safemode.SCMSafeModeManager (DataNodeSafeModeRule.java:process(71)) - SCM in safe mode. 3 DataNodes registered, 3 required.
2021-07-15 16:37:01,454 [EventQueue-NodeRegistrationContainerReportForDataNodeSafeModeRule] INFO  safemode.SCMSafeModeManager (SCMSafeModeManager.java:validateSafeModeExitRules(204)) - DataNodeSafeModeRule rule is successfully validated
2021-07-15 16:37:01,454 [EventQueue-NodeRegistrationContainerReportForDataNodeSafeModeRule] INFO  safemode.SCMSafeModeManager (SCMSafeModeManager.java:completePreCheck(233)) - All SCM safe mode pre check rules have passed
2021-07-15 16:37:01,454 [EventQueue-NodeRegistrationContainerReportForDataNodeSafeModeRule] WARN  events.EventQueue (EventQueue.java:fireEvent(194)) - No event handler registered for event TypedEvent{payloadType=SafeModeStatus, name='Safe mode status'}
2021-07-15 16:37:01,454 [EventQueue-NodeRegistrationContainerReportForDataNodeSafeModeRule] INFO  ha.SCMContext (SCMContext.java:updateSafeModeStatus(205)) - Update SafeModeStatus from SafeModeStatus{safeModeStatus=true, preCheckPassed=false} to SafeModeStatus{safeModeStatus=true, preCheckPassed=true}.
2021-07-15 16:37:01,455 [EventQueue-NodeRegistrationContainerReportForDataNodeSafeModeRule] INFO  pipeline.BackgroundPipelineCreator (BackgroundPipelineCreatorV2.java:notifyEventTriggered(285)) - trigger a one-shot run on RatisPipelineUtilsThread.
2021-07-15 16:37:01,457 [6394c69b-367f-4a62-9595-acf3eb8c80db@group-4CAFB8AFE6AC-StateMachineUpdater] INFO  pipeline.PipelineStateManager (PipelineStateManagerV2Impl.java:addPipeline(101)) - Created pipeline Pipeline[ Id: cc2bd70a-581f-4adc-87fe-82bb49b31c0b, Nodes: 7fea9b52-1b88-4603-b6bb-6748911f11bf{ip: 127.0.0.1, host: localhost, ports: [REPLICATION=34577, RATIS=43849, RATIS_ADMIN=43849, RATIS_SERVER=43849, STANDALONE=41401], networkLocation: /default-rack, certSerialId: null, persistedOpState: IN_SERVICE, persistedOpStateExpiryEpochSec: 0}, ReplicationConfig: RATIS/ONE, State:ALLOCATED, leaderId:, CreationTimestamp2021-07-15T16:37:01.447Z[Etc/UTC]].
2021-07-15 16:37:01,458 [6394c69b-367f-4a62-9595-acf3eb8c80db@group-4CAFB8AFE6AC-StateMachineUpdater] INFO  safemode.HealthyPipelineSafeModeRule (HealthyPipelineSafeModeRule.java:initializeRule(152)) - Refreshed total pipeline count is 0, healthy pipeline threshold count is 1
2021-07-15 16:37:01,458 [RatisPipelineUtilsThread - 0] INFO  ha.SCMHAInvocationHandler (SCMHAInvocationHandler.java:invokeRatis(113)) - Invoking method public abstract void org.apache.hadoop.hdds.scm.pipeline.StateManager.addPipeline(org.apache.hadoop.hdds.protocol.proto.HddsProtos$Pipeline) throws java.io.IOException on target org.apache.hadoop.hdds.scm.ha.SCMRatisServerImpl@5baff918, cost 10761.045us
2021-07-15 16:37:01,458 [RatisPipelineUtilsThread - 0] INFO  pipeline.RatisPipelineProvider (RatisPipelineProvider.java:lambda$create$0(170)) - Sending CreatePipelineCommand for pipeline:PipelineID=aa58249d-d224-43b5-bfe6-2fce177c61f1 to datanode:9009ae8a-6e34-4da8-a214-6d662c69877c
2021-07-15 16:37:01,458 [RatisPipelineUtilsThread - 0] INFO  pipeline.RatisPipelineProvider (RatisPipelineProvider.java:lambda$create$0(170)) - Sending CreatePipelineCommand for pipeline:PipelineID=aa58249d-d224-43b5-bfe6-2fce177c61f1 to datanode:7bb90881-70ee-4b59-9518-5a5d97bf3fe4
2021-07-15 16:37:01,458 [RatisPipelineUtilsThread - 0] INFO  pipeline.RatisPipelineProvider (RatisPipelineProvider.java:lambda$create$0(170)) - Sending CreatePipelineCommand for pipeline:PipelineID=aa58249d-d224-43b5-bfe6-2fce177c61f1 to datanode:7fea9b52-1b88-4603-b6bb-6748911f11bf
2021-07-15 16:37:01,462 [3f02e2f7-a9fe-43aa-a16a-2bf2030dc8fd@group-4CAFB8AFE6AC-StateMachineUpdater] INFO  pipeline.PipelineStateManager (PipelineStateManagerV2Impl.java:addPipeline(101)) - Created pipeline Pipeline[ Id: cc2bd70a-581f-4adc-87fe-82bb49b31c0b, Nodes: 7fea9b52-1b88-4603-b6bb-6748911f11bf{ip: 127.0.0.1, host: localhost, ports: [REPLICATION=34577, RATIS=43849, RATIS_ADMIN=43849, RATIS_SERVER=43849, STANDALONE=41401], networkLocation: /default-rack, certSerialId: null, persistedOpState: IN_SERVICE, persistedOpStateExpiryEpochSec: 0}, ReplicationConfig: RATIS/ONE, State:ALLOCATED, leaderId:, CreationTimestamp2021-07-15T16:37:01.447Z[Etc/UTC]].
2021-07-15 16:37:01,463 [3f02e2f7-a9fe-43aa-a16a-2bf2030dc8fd@group-4CAFB8AFE6AC-StateMachineUpdater] INFO  safemode.HealthyPipelineSafeModeRule (HealthyPipelineSafeModeRule.java:initializeRule(152)) - Refreshed total pipeline count is 0, healthy pipeline threshold count is 1
2021-07-15 16:37:01,466 [6394c69b-367f-4a62-9595-acf3eb8c80db@group-4CAFB8AFE6AC-StateMachineUpdater] INFO  pipeline.PipelineStateManager (PipelineStateManagerV2Impl.java:addPipeline(101)) - Created pipeline Pipeline[ Id: aa58249d-d224-43b5-bfe6-2fce177c61f1, Nodes: 9009ae8a-6e34-4da8-a214-6d662c69877c{ip: 127.0.0.1, host: localhost, ports: [REPLICATION=32871, RATIS=35469, RATIS_ADMIN=35469, RATIS_SERVER=35469, STANDALONE=38347], networkLocation: /default-rack, certSerialId: null, persistedOpState: IN_SERVICE, persistedOpStateExpiryEpochSec: 0}7bb90881-70ee-4b59-9518-5a5d97bf3fe4{ip: 127.0.0.1, host: localhost, ports: [REPLICATION=37895, RATIS=37335, RATIS_ADMIN=37335, RATIS_SERVER=37335, STANDALONE=37495], networkLocation: /default-rack, certSerialId: null, persistedOpState: IN_SERVICE, persistedOpStateExpiryEpochSec: 0}7fea9b52-1b88-4603-b6bb-6748911f11bf{ip: 127.0.0.1, host: localhost, ports: [REPLICATION=34577, RATIS=43849, RATIS_ADMIN=43849, RATIS_SERVER=43849, STANDALONE=41401], networkLocation: /default-rack, certSerialId: null, persistedOpState: IN_SERVICE, persistedOpStateExpiryEpochSec: 0}, ReplicationConfig: RATIS/THREE, State:ALLOCATED, leaderId:, CreationTimestamp2021-07-15T16:37:01.458Z[Etc/UTC]].
2021-07-15 16:37:01,466 [6394c69b-367f-4a62-9595-acf3eb8c80db@group-4CAFB8AFE6AC-StateMachineUpdater] INFO  safemode.HealthyPipelineSafeModeRule (HealthyPipelineSafeModeRule.java:initializeRule(152)) - Refreshed total pipeline count is 0, healthy pipeline threshold count is 1
2021-07-15 16:37:01,467 [RatisPipelineUtilsThread - 0] INFO  ha.SCMHAInvocationHandler (SCMHAInvocationHandler.java:invokeRatis(113)) - Invoking method public abstract void org.apache.hadoop.hdds.scm.pipeline.StateManager.addPipeline(org.apache.hadoop.hdds.protocol.proto.HddsProtos$Pipeline) throws java.io.IOException on target org.apache.hadoop.hdds.scm.ha.SCMRatisServerImpl@5baff918, cost 8119.235us
2021-07-15 16:37:01,467 [RatisPipelineUtilsThread - 0] INFO  pipeline.RatisPipelineProvider (RatisPipelineProvider.java:lambda$create$0(170)) - Sending CreatePipelineCommand for pipeline:PipelineID=fe2f9ccf-ac21-4967-b1a7-324ec8e43cb0 to datanode:9009ae8a-6e34-4da8-a214-6d662c69877c
2021-07-15 16:37:01,467 [RatisPipelineUtilsThread - 0] INFO  pipeline.RatisPipelineProvider (RatisPipelineProvider.java:lambda$create$0(170)) - Sending CreatePipelineCommand for pipeline:PipelineID=fe2f9ccf-ac21-4967-b1a7-324ec8e43cb0 to datanode:7bb90881-70ee-4b59-9518-5a5d97bf3fe4
2021-07-15 16:37:01,467 [3f02e2f7-a9fe-43aa-a16a-2bf2030dc8fd@group-4CAFB8AFE6AC-StateMachineUpdater] INFO  pipeline.PipelineStateManager (PipelineStateManagerV2Impl.java:addPipeline(101)) - Created pipeline Pipeline[ Id: aa58249d-d224-43b5-bfe6-2fce177c61f1, Nodes: 9009ae8a-6e34-4da8-a214-6d662c69877c{ip: 127.0.0.1, host: localhost, ports: [REPLICATION=32871, RATIS=35469, RATIS_ADMIN=35469, RATIS_SERVER=35469, STANDALONE=38347], networkLocation: /default-rack, certSerialId: null, persistedOpState: IN_SERVICE, persistedOpStateExpiryEpochSec: 0}7bb90881-70ee-4b59-9518-5a5d97bf3fe4{ip: 127.0.0.1, host: localhost, ports: [REPLICATION=37895, RATIS=37335, RATIS_ADMIN=37335, RATIS_SERVER=37335, STANDALONE=37495], networkLocation: /default-rack, certSerialId: null, persistedOpState: IN_SERVICE, persistedOpStateExpiryEpochSec: 0}7fea9b52-1b88-4603-b6bb-6748911f11bf{ip: 127.0.0.1, host: localhost, ports: [REPLICATION=34577, RATIS=43849, RATIS_ADMIN=43849, RATIS_SERVER=43849, STANDALONE=41401], networkLocation: /default-rack, certSerialId: null, persistedOpState: IN_SERVICE, persistedOpStateExpiryEpochSec: 0}, ReplicationConfig: RATIS/THREE, State:ALLOCATED, leaderId:, CreationTimestamp2021-07-15T16:37:01.458Z[Etc/UTC]].
2021-07-15 16:37:01,468 [3f02e2f7-a9fe-43aa-a16a-2bf2030dc8fd@group-4CAFB8AFE6AC-StateMachineUpdater] INFO  safemode.HealthyPipelineSafeModeRule (HealthyPipelineSafeModeRule.java:initializeRule(152)) - Refreshed total pipeline count is 0, healthy pipeline threshold count is 1
2021-07-15 16:37:01,467 [RatisPipelineUtilsThread - 0] INFO  pipeline.RatisPipelineProvider (RatisPipelineProvider.java:lambda$create$0(170)) - Sending CreatePipelineCommand for pipeline:PipelineID=fe2f9ccf-ac21-4967-b1a7-324ec8e43cb0 to datanode:7fea9b52-1b88-4603-b6bb-6748911f11bf
2021-07-15 16:37:01,480 [6394c69b-367f-4a62-9595-acf3eb8c80db@group-4CAFB8AFE6AC-StateMachineUpdater] INFO  pipeline.PipelineStateManager (PipelineStateManagerV2Impl.java:addPipeline(101)) - Created pipeline Pipeline[ Id: fe2f9ccf-ac21-4967-b1a7-324ec8e43cb0, Nodes: 9009ae8a-6e34-4da8-a214-6d662c69877c{ip: 127.0.0.1, host: localhost, ports: [REPLICATION=32871, RATIS=35469, RATIS_ADMIN=35469, RATIS_SERVER=35469, STANDALONE=38347], networkLocation: /default-rack, certSerialId: null, persistedOpState: IN_SERVICE, persistedOpStateExpiryEpochSec: 0}7bb90881-70ee-4b59-9518-5a5d97bf3fe4{ip: 127.0.0.1, host: localhost, ports: [REPLICATION=37895, RATIS=37335, RATIS_ADMIN=37335, RATIS_SERVER=37335, STANDALONE=37495], networkLocation: /default-rack, certSerialId: null, persistedOpState: IN_SERVICE, persistedOpStateExpiryEpochSec: 0}7fea9b52-1b88-4603-b6bb-6748911f11bf{ip: 127.0.0.1, host: localhost, ports: [REPLICATION=34577, RATIS=43849, RATIS_ADMIN=43849, RATIS_SERVER=43849, STANDALONE=41401], networkLocation: /default-rack, certSerialId: null, persistedOpState: IN_SERVICE, persistedOpStateExpiryEpochSec: 0}, ReplicationConfig: RATIS/THREE, State:ALLOCATED, leaderId:, CreationTimestamp2021-07-15T16:37:01.467Z[Etc/UTC]].
2021-07-15 16:37:01,480 [6394c69b-367f-4a62-9595-acf3eb8c80db@group-4CAFB8AFE6AC-StateMachineUpdater] INFO  safemode.HealthyPipelineSafeModeRule (HealthyPipelineSafeModeRule.java:initializeRule(152)) - Refreshed total pipeline count is 0, healthy pipeline threshold count is 1
2021-07-15 16:37:01,481 [RatisPipelineUtilsThread - 0] INFO  ha.SCMHAInvocationHandler (SCMHAInvocationHandler.java:invokeRatis(113)) - Invoking method public abstract void org.apache.hadoop.hdds.scm.pipeline.StateManager.addPipeline(org.apache.hadoop.hdds.protocol.proto.HddsProtos$Pipeline) throws java.io.IOException on target org.apache.hadoop.hdds.scm.ha.SCMRatisServerImpl@5baff918, cost 7751.333us
2021-07-15 16:37:01,481 [6394c69b-367f-4a62-9595-acf3eb8c80db@group-4CAFB8AFE6AC-StateMachineUpdater] INFO  ha.SCMStateMachine (SCMStateMachine.java:takeSnapshot(290)) - Current Snapshot Index 15, takeSnapshot took 0 ms
2021-07-15 16:37:01,481 [6394c69b-367f-4a62-9595-acf3eb8c80db@group-4CAFB8AFE6AC-StateMachineUpdater] INFO  impl.StateMachineUpdater (StateMachineUpdater.java:takeSnapshot(281)) - 6394c69b-367f-4a62-9595-acf3eb8c80db@group-4CAFB8AFE6AC-StateMachineUpdater: Took a snapshot at index 15
2021-07-15 16:37:01,481 [6394c69b-367f-4a62-9595-acf3eb8c80db@group-4CAFB8AFE6AC-StateMachineUpdater] INFO  impl.StateMachineUpdater (StateMachineUpdater.java:lambda$new$0(89)) - 6394c69b-367f-4a62-9595-acf3eb8c80db@group-4CAFB8AFE6AC-StateMachineUpdater: snapshotIndex: updateIncreasingly 10 -> 15
2021-07-15 16:37:01,481 [RatisPipelineUtilsThread - 0] INFO  pipeline.PipelineManagerV2Impl (PipelineManagerV2Impl.java:recordMetricsForPipeline(614)) - Pipeline: PipelineID=fe2f9ccf-ac21-4967-b1a7-324ec8e43cb0 contains same datanodes as previous pipelines: PipelineID=aa58249d-d224-43b5-bfe6-2fce177c61f1 nodeIds: 9009ae8a-6e34-4da8-a214-6d662c69877c, 7bb90881-70ee-4b59-9518-5a5d97bf3fe4, 7fea9b52-1b88-4603-b6bb-6748911f11bf
2021-07-15 16:37:01,481 [6394c69b-367f-4a62-9595-acf3eb8c80db@group-4CAFB8AFE6AC-StateMachineUpdater] INFO  raftlog.RaftLog (RaftLogBase.java:purge(306)) - 6394c69b-367f-4a62-9595-acf3eb8c80db@group-4CAFB8AFE6AC-SegmentedRaftLog: purge 15
2021-07-15 16:37:01,481 [6394c69b-367f-4a62-9595-acf3eb8c80db@group-4CAFB8AFE6AC-StateMachineUpdater] INFO  raftlog.RaftLog (RaftLogBase.java:lambda$new$0(53)) - 6394c69b-367f-4a62-9595-acf3eb8c80db@group-4CAFB8AFE6AC-SegmentedRaftLog: snapshotIndex: updateIncreasingly 10 -> 15
2021-07-15 16:37:01,481 [6394c69b-367f-4a62-9595-acf3eb8c80db@group-4CAFB8AFE6AC-StateMachineUpdater] INFO  raftlog.RaftLog (RaftLogBase.java:lambda$new$0(53)) - 6394c69b-367f-4a62-9595-acf3eb8c80db@group-4CAFB8AFE6AC-SegmentedRaftLog: purgeIndex: updateToMax old=10, new=15, updated? true
2021-07-15 16:37:01,484 [3f02e2f7-a9fe-43aa-a16a-2bf2030dc8fd@group-4CAFB8AFE6AC-StateMachineUpdater] INFO  pipeline.PipelineStateManager (PipelineStateManagerV2Impl.java:addPipeline(101)) - Created pipeline Pipeline[ Id: fe2f9ccf-ac21-4967-b1a7-324ec8e43cb0, Nodes: 9009ae8a-6e34-4da8-a214-6d662c69877c{ip: 127.0.0.1, host: localhost, ports: [REPLICATION=32871, RATIS=35469, RATIS_ADMIN=35469, RATIS_SERVER=35469, STANDALONE=38347], networkLocation: /default-rack, certSerialId: null, persistedOpState: IN_SERVICE, persistedOpStateExpiryEpochSec: 0}7bb90881-70ee-4b59-9518-5a5d97bf3fe4{ip: 127.0.0.1, host: localhost, ports: [REPLICATION=37895, RATIS=37335, RATIS_ADMIN=37335, RATIS_SERVER=37335, STANDALONE=37495], networkLocation: /default-rack, certSerialId: null, persistedOpState: IN_SERVICE, persistedOpStateExpiryEpochSec: 0}7fea9b52-1b88-4603-b6bb-6748911f11bf{ip: 127.0.0.1, host: localhost, ports: [REPLICATION=34577, RATIS=43849, RATIS_ADMIN=43849, RATIS_SERVER=43849, STANDALONE=41401], networkLocation: /default-rack, certSerialId: null, persistedOpState: IN_SERVICE, persistedOpStateExpiryEpochSec: 0}, ReplicationConfig: RATIS/THREE, State:ALLOCATED, leaderId:, CreationTimestamp2021-07-15T16:37:01.467Z[Etc/UTC]].
2021-07-15 16:37:01,484 [3f02e2f7-a9fe-43aa-a16a-2bf2030dc8fd@group-4CAFB8AFE6AC-StateMachineUpdater] INFO  safemode.HealthyPipelineSafeModeRule (HealthyPipelineSafeModeRule.java:initializeRule(152)) - Refreshed total pipeline count is 0, healthy pipeline threshold count is 1
2021-07-15 16:37:01,484 [3f02e2f7-a9fe-43aa-a16a-2bf2030dc8fd@group-4CAFB8AFE6AC-StateMachineUpdater] INFO  ha.SCMStateMachine (SCMStateMachine.java:takeSnapshot(290)) - Current Snapshot Index 15, takeSnapshot took 0 ms
2021-07-15 16:37:01,484 [3f02e2f7-a9fe-43aa-a16a-2bf2030dc8fd@group-4CAFB8AFE6AC-StateMachineUpdater] INFO  impl.StateMachineUpdater (StateMachineUpdater.java:takeSnapshot(281)) - 3f02e2f7-a9fe-43aa-a16a-2bf2030dc8fd@group-4CAFB8AFE6AC-StateMachineUpdater: Took a snapshot at index 15
2021-07-15 16:37:01,484 [3f02e2f7-a9fe-43aa-a16a-2bf2030dc8fd@group-4CAFB8AFE6AC-StateMachineUpdater] INFO  impl.StateMachineUpdater (StateMachineUpdater.java:lambda$new$0(89)) - 3f02e2f7-a9fe-43aa-a16a-2bf2030dc8fd@group-4CAFB8AFE6AC-StateMachineUpdater: snapshotIndex: updateIncreasingly 10 -> 15
2021-07-15 16:37:01,484 [3f02e2f7-a9fe-43aa-a16a-2bf2030dc8fd@group-4CAFB8AFE6AC-StateMachineUpdater] INFO  raftlog.RaftLog (RaftLogBase.java:purge(306)) - 3f02e2f7-a9fe-43aa-a16a-2bf2030dc8fd@group-4CAFB8AFE6AC-SegmentedRaftLog: purge 15
2021-07-15 16:37:01,484 [3f02e2f7-a9fe-43aa-a16a-2bf2030dc8fd@group-4CAFB8AFE6AC-StateMachineUpdater] INFO  raftlog.RaftLog (RaftLogBase.java:lambda$new$0(53)) - 3f02e2f7-a9fe-43aa-a16a-2bf2030dc8fd@group-4CAFB8AFE6AC-SegmentedRaftLog: snapshotIndex: updateIncreasingly 10 -> 15
2021-07-15 16:37:01,484 [3f02e2f7-a9fe-43aa-a16a-2bf2030dc8fd@group-4CAFB8AFE6AC-StateMachineUpdater] INFO  raftlog.RaftLog (RaftLogBase.java:lambda$new$0(53)) - 3f02e2f7-a9fe-43aa-a16a-2bf2030dc8fd@group-4CAFB8AFE6AC-SegmentedRaftLog: purgeIndex: updateToMax old=10, new=15, updated? true
2021-07-15 16:37:01,809 [EndpointStateMachine task thread for /127.0.0.1:12821 - 0 ] INFO  ipc.Client (Client.java:handleConnectionFailure(977)) - Retrying connect to server: localhost/127.0.0.1:12821. Already tried 12 time(s); retry policy is RetryUpToMaximumCountWithFixedSleep(maxRetries=15, sleepTime=1000 MILLISECONDS)
2021-07-15 16:37:01,809 [EndpointStateMachine task thread for /127.0.0.1:12811 - 0 ] INFO  ipc.Client (Client.java:handleConnectionFailure(977)) - Retrying connect to server: localhost/127.0.0.1:12811. Already tried 12 time(s); retry policy is RetryUpToMaximumCountWithFixedSleep(maxRetries=15, sleepTime=1000 MILLISECONDS)
2021-07-15 16:37:01,809 [EndpointStateMachine task thread for /127.0.0.1:12801 - 0 ] INFO  ipc.Client (Client.java:handleConnectionFailure(977)) - Retrying connect to server: localhost/127.0.0.1:12801. Already tried 1 time(s); retry policy is RetryUpToMaximumCountWithFixedSleep(maxRetries=15, sleepTime=1000 MILLISECONDS)
2021-07-15 16:37:02,435 [Listener at 127.0.0.1/10248] INFO  ozone.MiniOzoneClusterImpl (MiniOzoneClusterImpl.java:lambda$waitForClusterToBeReady$0(230)) - Nodes are ready. Got 3 of 3 DN Heartbeats.
2021-07-15 16:37:02,435 [Listener at 127.0.0.1/10248] INFO  ozone.MiniOzoneClusterImpl (MiniOzoneClusterImpl.java:lambda$waitForClusterToBeReady$0(233)) - Waiting for cluster to exit safe mode
2021-07-15 16:37:02,435 [Listener at 127.0.0.1/10248] INFO  ozone.MiniOzoneClusterImpl (MiniOzoneClusterImpl.java:lambda$waitForClusterToBeReady$0(235)) - SCM became leader
2021-07-15 16:37:02,809 [EndpointStateMachine task thread for /127.0.0.1:12811 - 0 ] INFO  ipc.Client (Client.java:handleConnectionFailure(977)) - Retrying connect to server: localhost/127.0.0.1:12811. Already tried 13 time(s); retry policy is RetryUpToMaximumCountWithFixedSleep(maxRetries=15, sleepTime=1000 MILLISECONDS)
2021-07-15 16:37:02,813 [EndpointStateMachine task thread for /127.0.0.1:12801 - 0 ] INFO  ipc.Client (Client.java:handleConnectionFailure(977)) - Retrying connect to server: localhost/127.0.0.1:12801. Already tried 2 time(s); retry policy is RetryUpToMaximumCountWithFixedSleep(maxRetries=15, sleepTime=1000 MILLISECONDS)
2021-07-15 16:37:02,813 [EndpointStateMachine task thread for /127.0.0.1:12821 - 0 ] INFO  ipc.Client (Client.java:handleConnectionFailure(977)) - Retrying connect to server: localhost/127.0.0.1:12821. Already tried 13 time(s); retry policy is RetryUpToMaximumCountWithFixedSleep(maxRetries=15, sleepTime=1000 MILLISECONDS)
2021-07-15 16:37:03,436 [Listener at 127.0.0.1/10248] INFO  ozone.MiniOzoneClusterImpl (MiniOzoneClusterImpl.java:lambda$waitForClusterToBeReady$0(230)) - Nodes are ready. Got 3 of 3 DN Heartbeats.
2021-07-15 16:37:03,436 [Listener at 127.0.0.1/10248] INFO  ozone.MiniOzoneClusterImpl (MiniOzoneClusterImpl.java:lambda$waitForClusterToBeReady$0(233)) - Waiting for cluster to exit safe mode
2021-07-15 16:37:03,436 [Listener at 127.0.0.1/10248] INFO  ozone.MiniOzoneClusterImpl (MiniOzoneClusterImpl.java:lambda$waitForClusterToBeReady$0(235)) - SCM became leader
2021-07-15 16:37:03,810 [EndpointStateMachine task thread for /127.0.0.1:12811 - 0 ] INFO  ipc.Client (Client.java:handleConnectionFailure(977)) - Retrying connect to server: localhost/127.0.0.1:12811. Already tried 14 time(s); retry policy is RetryUpToMaximumCountWithFixedSleep(maxRetries=15, sleepTime=1000 MILLISECONDS)
2021-07-15 16:37:03,813 [EndpointStateMachine task thread for /127.0.0.1:12801 - 0 ] INFO  ipc.Client (Client.java:handleConnectionFailure(977)) - Retrying connect to server: localhost/127.0.0.1:12801. Already tried 3 time(s); retry policy is RetryUpToMaximumCountWithFixedSleep(maxRetries=15, sleepTime=1000 MILLISECONDS)
2021-07-15 16:37:03,814 [EndpointStateMachine task thread for /127.0.0.1:12821 - 0 ] INFO  ipc.Client (Client.java:handleConnectionFailure(977)) - Retrying connect to server: localhost/127.0.0.1:12821. Already tried 14 time(s); retry policy is RetryUpToMaximumCountWithFixedSleep(maxRetries=15, sleepTime=1000 MILLISECONDS)
2021-07-15 16:37:04,059 [Command processor thread] INFO  server.RaftServer (RaftServerProxy.java:addNew(95)) - 7bb90881-70ee-4b59-9518-5a5d97bf3fe4: addNew group-72FEAD52DDE1:[7bb90881-70ee-4b59-9518-5a5d97bf3fe4|rpc:127.0.0.1:37335|priority:1] returns group-72FEAD52DDE1:java.util.concurrent.CompletableFuture@5200f8e[Not completed]
2021-07-15 16:37:04,061 [pool-252-thread-1] INFO  server.RaftServer$Division (RaftServerImpl.java:<init>(180)) - 7bb90881-70ee-4b59-9518-5a5d97bf3fe4: new RaftServerImpl for group-72FEAD52DDE1:[7bb90881-70ee-4b59-9518-5a5d97bf3fe4|rpc:127.0.0.1:37335|priority:1] with ContainerStateMachine:uninitialized
2021-07-15 16:37:04,063 [pool-252-thread-1] INFO  server.RaftServerConfigKeys (ConfUtils.java:logGet(44)) - raft.server.rpc.timeout.min = 5s (custom)
2021-07-15 16:37:04,063 [pool-252-thread-1] INFO  server.RaftServerConfigKeys (ConfUtils.java:logGet(44)) - raft.server.rpc.timeout.max = 5200ms (custom)
2021-07-15 16:37:04,063 [pool-252-thread-1] INFO  server.RaftServerConfigKeys (ConfUtils.java:logGet(44)) - raft.server.rpc.sleep.time = 25ms (default)
2021-07-15 16:37:04,063 [pool-252-thread-1] INFO  server.RaftServerConfigKeys (ConfUtils.java:logGet(44)) - raft.server.rpc.slowness.timeout = 300s (custom)
2021-07-15 16:37:04,063 [pool-252-thread-1] INFO  server.RaftServerConfigKeys (ConfUtils.java:logGet(44)) - raft.server.leaderelection.leader.step-down.wait-time = 10s (default)
2021-07-15 16:37:04,064 [pool-252-thread-1] INFO  server.RaftServerConfigKeys (ConfUtils.java:logGet(44)) - raft.server.sleep.deviation.threshold = 300ms (default)
2021-07-15 16:37:04,064 [pool-252-thread-1] INFO  server.RaftServerConfigKeys (ConfUtils.java:logGet(44)) - raft.server.log.appender.install.snapshot.enabled = false (custom)
2021-07-15 16:37:04,064 [pool-252-thread-1] INFO  server.RaftServer$Division (ServerState.java:<init>(105)) - 7bb90881-70ee-4b59-9518-5a5d97bf3fe4@group-72FEAD52DDE1: ConfigurationManager, init=-1: [7bb90881-70ee-4b59-9518-5a5d97bf3fe4|rpc:127.0.0.1:37335|priority:1], old=null, confs=<EMPTY_MAP>
2021-07-15 16:37:04,064 [pool-252-thread-1] INFO  server.RaftServerConfigKeys (ConfUtils.java:logGet(44)) - raft.server.storage.dir = [/home/runner/work/ozone/ozone/mnt/ozone/hadoop-ozone/integration-test/target/test-dir/MiniOzoneClusterImpl-8ef06965-d5c9-44f0-9cd1-4cafb8afe6ac/datanode-0/data/ratis] (custom)
2021-07-15 16:37:04,064 [pool-252-thread-1] INFO  server.RaftServerConfigKeys (ConfUtils.java:logGet(44)) - raft.server.log.corruption.policy = EXCEPTION (default)
2021-07-15 16:37:04,064 [pool-252-thread-1] INFO  storage.RaftStorageDirectory (RaftStorageDirectoryImpl.java:analyzeStorage(132)) - The storage directory /home/runner/work/ozone/ozone/mnt/ozone/hadoop-ozone/integration-test/target/test-dir/MiniOzoneClusterImpl-8ef06965-d5c9-44f0-9cd1-4cafb8afe6ac/datanode-0/data/ratis/a448490d-3f94-46b8-9ace-72fead52dde1 does not exist. Creating ...
2021-07-15 16:37:04,066 [pool-252-thread-1] INFO  storage.RaftStorageDirectory (RaftStorageDirectoryImpl.java:tryLock(215)) - Lock on /home/runner/work/ozone/ozone/mnt/ozone/hadoop-ozone/integration-test/target/test-dir/MiniOzoneClusterImpl-8ef06965-d5c9-44f0-9cd1-4cafb8afe6ac/datanode-0/data/ratis/a448490d-3f94-46b8-9ace-72fead52dde1/in_use.lock acquired by nodename 5190@fv-az151-474
2021-07-15 16:37:04,067 [pool-252-thread-1] INFO  storage.RaftStorage (RaftStorageImpl.java:format(87)) - Storage directory /home/runner/work/ozone/ozone/mnt/ozone/hadoop-ozone/integration-test/target/test-dir/MiniOzoneClusterImpl-8ef06965-d5c9-44f0-9cd1-4cafb8afe6ac/datanode-0/data/ratis/a448490d-3f94-46b8-9ace-72fead52dde1 has been successfully formatted.
2021-07-15 16:37:04,068 [pool-252-thread-1] INFO  ratis.ContainerStateMachine (ContainerStateMachine.java:loadSnapshot(223)) - group-72FEAD52DDE1: The snapshot info is null. Setting the last applied indexto:(t:0, i:~)
2021-07-15 16:37:04,069 [pool-252-thread-1] INFO  server.RaftServerConfigKeys (ConfUtils.java:logGet(44)) - raft.server.notification.no-leader.timeout = 300s (custom)
2021-07-15 16:37:04,069 [pool-252-thread-1] INFO  server.RaftServerConfigKeys (ConfUtils.java:logGet(44)) - raft.server.log.use.memory = false (default)
2021-07-15 16:37:04,069 [pool-252-thread-1] INFO  server.RaftServerConfigKeys (ConfUtils.java:logGet(44)) - raft.server.log.purge.gap = 1000000 (custom)
2021-07-15 16:37:04,069 [pool-252-thread-1] INFO  server.RaftServerConfigKeys (ConfUtils.java:logGet(44)) - raft.server.log.appender.buffer.byte-limit = 33554432 (custom)
2021-07-15 16:37:04,069 [pool-252-thread-1] INFO  metrics.RatisMetrics (RatisMetrics.java:lambda$create$0(36)) - Creating Metrics Registry : ratis.log_worker.7bb90881-70ee-4b59-9518-5a5d97bf3fe4@group-72FEAD52DDE1
2021-07-15 16:37:04,070 [EventQueue-PipelineReportForPipelineReportHandler] INFO  pipeline.PipelineManagerV2Impl (PipelineManagerV2Impl.java:openPipeline(283)) - Pipeline Pipeline[ Id: a448490d-3f94-46b8-9ace-72fead52dde1, Nodes: 7bb90881-70ee-4b59-9518-5a5d97bf3fe4{ip: 127.0.0.1, host: localhost, ports: [REPLICATION=37895, RATIS=37335, RATIS_ADMIN=37335, RATIS_SERVER=37335, STANDALONE=37495], networkLocation: /default-rack, certSerialId: null, persistedOpState: IN_SERVICE, persistedOpStateExpiryEpochSec: 0}, ReplicationConfig: RATIS/ONE, State:ALLOCATED, leaderId:7bb90881-70ee-4b59-9518-5a5d97bf3fe4, CreationTimestamp2021-07-15T16:37:01.071Z[Etc/UTC]] moved to OPEN state
2021-07-15 16:37:04,073 [EventQueue-PipelineReportForPipelineReportHandler] INFO  ha.SCMHAInvocationHandler (SCMHAInvocationHandler.java:invokeRatis(113)) - Invoking method public abstract void org.apache.hadoop.hdds.scm.pipeline.StateManager.updatePipelineState(org.apache.hadoop.hdds.protocol.proto.HddsProtos$PipelineID,org.apache.hadoop.hdds.protocol.proto.HddsProtos$PipelineState) throws java.io.IOException on target org.apache.hadoop.hdds.scm.ha.SCMRatisServerImpl@5cdc53e2, cost 2214.51us
2021-07-15 16:37:04,073 [EndpointStateMachine task thread for /127.0.0.1:14069 - 0 ] WARN  statemachine.EndpointStateMachine (EndpointStateMachine.java:logIfNeeded(236)) - Unable to communicate to SCM server at 127.0.0.1:14069 for past 0 seconds.
java.net.SocketTimeoutException: Call From fv-az151-474/10.1.0.52 to localhost:14069 failed on socket timeout exception: java.net.SocketTimeoutException: 5000 millis timeout while waiting for channel to be ready for read. ch : java.nio.channels.SocketChannel[connected local=/127.0.0.1:38364 remote=/127.0.0.1:14069]; For more details see:  http://wiki.apache.org/hadoop/SocketTimeout
	at sun.reflect.NativeConstructorAccessorImpl.newInstance0(Native Method)
	at sun.reflect.NativeConstructorAccessorImpl.newInstance(NativeConstructorAccessorImpl.java:62)
	at sun.reflect.DelegatingConstructorAccessorImpl.newInstance(DelegatingConstructorAccessorImpl.java:45)
	at java.lang.reflect.Constructor.newInstance(Constructor.java:423)
	at org.apache.hadoop.net.NetUtils.wrapWithMessage(NetUtils.java:913)
	at org.apache.hadoop.net.NetUtils.wrapException(NetUtils.java:848)
	at org.apache.hadoop.ipc.Client.getRpcResponse(Client.java:1577)
	at org.apache.hadoop.ipc.Client.call(Client.java:1519)
	at org.apache.hadoop.ipc.Client.call(Client.java:1416)
	at org.apache.hadoop.ipc.ProtobufRpcEngine$Invoker.invoke(ProtobufRpcEngine.java:236)
	at org.apache.hadoop.ipc.ProtobufRpcEngine$Invoker.invoke(ProtobufRpcEngine.java:123)
	at com.sun.proxy.$Proxy47.submitRequest(Unknown Source)
	at org.apache.hadoop.ozone.protocolPB.StorageContainerDatanodeProtocolClientSideTranslatorPB.submitRequest(StorageContainerDatanodeProtocolClientSideTranslatorPB.java:117)
	at org.apache.hadoop.ozone.protocolPB.StorageContainerDatanodeProtocolClientSideTranslatorPB.getVersion(StorageContainerDatanodeProtocolClientSideTranslatorPB.java:133)
	at org.apache.hadoop.ozone.container.common.states.endpoint.VersionEndpointTask.call(VersionEndpointTask.java:71)
	at org.apache.hadoop.ozone.container.common.states.endpoint.VersionEndpointTask.call(VersionEndpointTask.java:42)
	at java.util.concurrent.FutureTask.run(FutureTask.java:266)
	at java.util.concurrent.ThreadPoolExecutor.runWorker(ThreadPoolExecutor.java:1149)
	at java.util.concurrent.ThreadPoolExecutor$Worker.run(ThreadPoolExecutor.java:624)
	at java.lang.Thread.run(Thread.java:748)
Caused by: java.net.SocketTimeoutException: 5000 millis timeout while waiting for channel to be ready for read. ch : java.nio.channels.SocketChannel[connected local=/127.0.0.1:38364 remote=/127.0.0.1:14069]
	at org.apache.hadoop.net.SocketIOWithTimeout.doIO(SocketIOWithTimeout.java:164)
	at org.apache.hadoop.net.SocketInputStream.read(SocketInputStream.java:161)
	at org.apache.hadoop.net.SocketInputStream.read(SocketInputStream.java:131)
	at java.io.FilterInputStream.read(FilterInputStream.java:133)
	at java.io.BufferedInputStream.fill(BufferedInputStream.java:246)
	at java.io.BufferedInputStream.read(BufferedInputStream.java:265)
	at java.io.FilterInputStream.read(FilterInputStream.java:83)
	at java.io.FilterInputStream.read(FilterInputStream.java:83)
	at org.apache.hadoop.ipc.Client$Connection$PingInputStream.read(Client.java:563)
	at java.io.DataInputStream.readInt(DataInputStream.java:387)
	at org.apache.hadoop.ipc.Client$IpcStreams.readResponse(Client.java:1892)
	at org.apache.hadoop.ipc.Client$Connection.receiveRpcResponse(Client.java:1202)
	at org.apache.hadoop.ipc.Client$Connection.run(Client.java:1098)
2021-07-15 16:37:04,073 [EventQueue-PipelineReportForPipelineReportHandler] INFO  pipeline.PipelineManagerV2Impl (PipelineManagerV2Impl.java:openPipeline(283)) - Pipeline Pipeline[ Id: a448490d-3f94-46b8-9ace-72fead52dde1, Nodes: 7bb90881-70ee-4b59-9518-5a5d97bf3fe4{ip: 127.0.0.1, host: localhost, ports: [REPLICATION=37895, RATIS=37335, RATIS_ADMIN=37335, RATIS_SERVER=37335, STANDALONE=37495], networkLocation: /default-rack, certSerialId: null, persistedOpState: IN_SERVICE, persistedOpStateExpiryEpochSec: 0}, ReplicationConfig: RATIS/ONE, State:ALLOCATED, leaderId:7bb90881-70ee-4b59-9518-5a5d97bf3fe4, CreationTimestamp2021-07-15T16:37:01.071Z[Etc/UTC]] moved to OPEN state
2021-07-15 16:37:04,080 [EndpointStateMachine task thread for /127.0.0.1:14069 - 0 ] WARN  statemachine.EndpointStateMachine (EndpointStateMachine.java:logIfNeeded(236)) - Unable to communicate to SCM server at localhost:14069 for past 0 seconds.
java.net.SocketTimeoutException: Call From fv-az151-474/10.1.0.52 to localhost:14069 failed on socket timeout exception: java.net.SocketTimeoutException: 5000 millis timeout while waiting for channel to be ready for read. ch : java.nio.channels.SocketChannel[connected local=/127.0.0.1:38364 remote=/127.0.0.1:14069]; For more details see:  http://wiki.apache.org/hadoop/SocketTimeout
	at sun.reflect.NativeConstructorAccessorImpl.newInstance0(Native Method)
	at sun.reflect.NativeConstructorAccessorImpl.newInstance(NativeConstructorAccessorImpl.java:62)
	at sun.reflect.DelegatingConstructorAccessorImpl.newInstance(DelegatingConstructorAccessorImpl.java:45)
	at java.lang.reflect.Constructor.newInstance(Constructor.java:423)
	at org.apache.hadoop.net.NetUtils.wrapWithMessage(NetUtils.java:913)
	at org.apache.hadoop.net.NetUtils.wrapException(NetUtils.java:848)
	at org.apache.hadoop.ipc.Client.getRpcResponse(Client.java:1577)
	at org.apache.hadoop.ipc.Client.call(Client.java:1519)
	at org.apache.hadoop.ipc.Client.call(Client.java:1416)
	at org.apache.hadoop.ipc.ProtobufRpcEngine$Invoker.invoke(ProtobufRpcEngine.java:236)
	at org.apache.hadoop.ipc.ProtobufRpcEngine$Invoker.invoke(ProtobufRpcEngine.java:123)
	at com.sun.proxy.$Proxy47.submitRequest(Unknown Source)
	at org.apache.hadoop.ozone.protocolPB.StorageContainerDatanodeProtocolClientSideTranslatorPB.submitRequest(StorageContainerDatanodeProtocolClientSideTranslatorPB.java:117)
	at org.apache.hadoop.ozone.protocolPB.StorageContainerDatanodeProtocolClientSideTranslatorPB.getVersion(StorageContainerDatanodeProtocolClientSideTranslatorPB.java:133)
	at org.apache.hadoop.ozone.container.common.states.endpoint.VersionEndpointTask.call(VersionEndpointTask.java:71)
	at org.apache.hadoop.ozone.container.common.states.endpoint.VersionEndpointTask.call(VersionEndpointTask.java:42)
	at java.util.concurrent.FutureTask.run(FutureTask.java:266)
	at java.util.concurrent.ThreadPoolExecutor.runWorker(ThreadPoolExecutor.java:1149)
	at java.util.concurrent.ThreadPoolExecutor$Worker.run(ThreadPoolExecutor.java:624)
	at java.lang.Thread.run(Thread.java:748)
Caused by: java.net.SocketTimeoutException: 5000 millis timeout while waiting for channel to be ready for read. ch : java.nio.channels.SocketChannel[connected local=/127.0.0.1:38364 remote=/127.0.0.1:14069]
	at org.apache.hadoop.net.SocketIOWithTimeout.doIO(SocketIOWithTimeout.java:164)
	at org.apache.hadoop.net.SocketInputStream.read(SocketInputStream.java:161)
	at org.apache.hadoop.net.SocketInputStream.read(SocketInputStream.java:131)
	at java.io.FilterInputStream.read(FilterInputStream.java:133)
	at java.io.BufferedInputStream.fill(BufferedInputStream.java:246)
	at java.io.BufferedInputStream.read(BufferedInputStream.java:265)
	at java.io.FilterInputStream.read(FilterInputStream.java:83)
	at java.io.FilterInputStream.read(FilterInputStream.java:83)
	at org.apache.hadoop.ipc.Client$Connection$PingInputStream.read(Client.java:563)
	at java.io.DataInputStream.readInt(DataInputStream.java:387)
	at org.apache.hadoop.ipc.Client$IpcStreams.readResponse(Client.java:1892)
	at org.apache.hadoop.ipc.Client$Connection.receiveRpcResponse(Client.java:1202)
	at org.apache.hadoop.ipc.Client$Connection.run(Client.java:1098)
2021-07-15 16:37:04,080 [pool-252-thread-1] INFO  server.RaftServerConfigKeys (ConfUtils.java:logGet(44)) - raft.server.log.segment.size.max = 1048576 (custom)
2021-07-15 16:37:04,080 [EndpointStateMachine task thread for /127.0.0.1:14069 - 0 ] WARN  statemachine.EndpointStateMachine (EndpointStateMachine.java:logIfNeeded(236)) - Unable to communicate to SCM server at 127.0.0.1:14069 for past 0 seconds.
java.net.SocketTimeoutException: Call From fv-az151-474/10.1.0.52 to localhost:14069 failed on socket timeout exception: java.net.SocketTimeoutException: 5000 millis timeout while waiting for channel to be ready for read. ch : java.nio.channels.SocketChannel[connected local=/127.0.0.1:38364 remote=/127.0.0.1:14069]; For more details see:  http://wiki.apache.org/hadoop/SocketTimeout
	at sun.reflect.NativeConstructorAccessorImpl.newInstance0(Native Method)
	at sun.reflect.NativeConstructorAccessorImpl.newInstance(NativeConstructorAccessorImpl.java:62)
	at sun.reflect.DelegatingConstructorAccessorImpl.newInstance(DelegatingConstructorAccessorImpl.java:45)
	at java.lang.reflect.Constructor.newInstance(Constructor.java:423)
	at org.apache.hadoop.net.NetUtils.wrapWithMessage(NetUtils.java:913)
	at org.apache.hadoop.net.NetUtils.wrapException(NetUtils.java:848)
	at org.apache.hadoop.ipc.Client.getRpcResponse(Client.java:1577)
	at org.apache.hadoop.ipc.Client.call(Client.java:1519)
	at org.apache.hadoop.ipc.Client.call(Client.java:1416)
	at org.apache.hadoop.ipc.ProtobufRpcEngine$Invoker.invoke(ProtobufRpcEngine.java:236)
	at org.apache.hadoop.ipc.ProtobufRpcEngine$Invoker.invoke(ProtobufRpcEngine.java:123)
	at com.sun.proxy.$Proxy47.submitRequest(Unknown Source)
	at org.apache.hadoop.ozone.protocolPB.StorageContainerDatanodeProtocolClientSideTranslatorPB.submitRequest(StorageContainerDatanodeProtocolClientSideTranslatorPB.java:117)
	at org.apache.hadoop.ozone.protocolPB.StorageContainerDatanodeProtocolClientSideTranslatorPB.getVersion(StorageContainerDatanodeProtocolClientSideTranslatorPB.java:133)
	at org.apache.hadoop.ozone.container.common.states.endpoint.VersionEndpointTask.call(VersionEndpointTask.java:71)
	at org.apache.hadoop.ozone.container.common.states.endpoint.VersionEndpointTask.call(VersionEndpointTask.java:42)
	at java.util.concurrent.FutureTask.run(FutureTask.java:266)
	at java.util.concurrent.ThreadPoolExecutor.runWorker(ThreadPoolExecutor.java:1149)
	at java.util.concurrent.ThreadPoolExecutor$Worker.run(ThreadPoolExecutor.java:624)
	at java.lang.Thread.run(Thread.java:748)
Caused by: java.net.SocketTimeoutException: 5000 millis timeout while waiting for channel to be ready for read. ch : java.nio.channels.SocketChannel[connected local=/127.0.0.1:38364 remote=/127.0.0.1:14069]
	at org.apache.hadoop.net.SocketIOWithTimeout.doIO(SocketIOWithTimeout.java:164)
	at org.apache.hadoop.net.SocketInputStream.read(SocketInputStream.java:161)
	at org.apache.hadoop.net.SocketInputStream.read(SocketInputStream.java:131)
	at java.io.FilterInputStream.read(FilterInputStream.java:133)
	at java.io.BufferedInputStream.fill(BufferedInputStream.java:246)
	at java.io.BufferedInputStream.read(BufferedInputStream.java:265)
	at java.io.FilterInputStream.read(FilterInputStream.java:83)
	at java.io.FilterInputStream.read(FilterInputStream.java:83)
	at org.apache.hadoop.ipc.Client$Connection$PingInputStream.read(Client.java:563)
	at java.io.DataInputStream.readInt(DataInputStream.java:387)
	at org.apache.hadoop.ipc.Client$IpcStreams.readResponse(Client.java:1892)
	at org.apache.hadoop.ipc.Client$Connection.receiveRpcResponse(Client.java:1202)
	at org.apache.hadoop.ipc.Client$Connection.run(Client.java:1098)
2021-07-15 16:37:04,091 [pool-252-thread-1] INFO  server.RaftServerConfigKeys (ConfUtils.java:logGet(44)) - raft.server.log.segment.cache.num.max = 2 (custom)
2021-07-15 16:37:04,091 [pool-252-thread-1] INFO  server.RaftServerConfigKeys (ConfUtils.java:logGet(44)) - raft.server.log.segment.cache.size.max = 200MB (=209715200) (default)
2021-07-15 16:37:04,092 [pool-252-thread-1] INFO  segmented.SegmentedRaftLogWorker (SegmentedRaftLogWorker.java:<init>(182)) - new 7bb90881-70ee-4b59-9518-5a5d97bf3fe4@group-72FEAD52DDE1-SegmentedRaftLogWorker for RaftStorageImpl:Storage Directory /home/runner/work/ozone/ozone/mnt/ozone/hadoop-ozone/integration-test/target/test-dir/MiniOzoneClusterImpl-8ef06965-d5c9-44f0-9cd1-4cafb8afe6ac/datanode-0/data/ratis/a448490d-3f94-46b8-9ace-72fead52dde1
2021-07-15 16:37:04,092 [6394c69b-367f-4a62-9595-acf3eb8c80db@group-4CAFB8AFE6AC-StateMachineUpdater] INFO  safemode.HealthyPipelineSafeModeRule (HealthyPipelineSafeModeRule.java:initializeRule(152)) - Refreshed total pipeline count is 0, healthy pipeline threshold count is 1
2021-07-15 16:37:04,093 [pool-252-thread-1] INFO  server.RaftServerConfigKeys (ConfUtils.java:logGet(44)) - raft.server.log.queue.byte-limit = 2147483647 (custom)
2021-07-15 16:37:04,093 [pool-252-thread-1] INFO  server.RaftServerConfigKeys (ConfUtils.java:logGet(44)) - raft.server.log.queue.element-limit = 1024 (custom)
2021-07-15 16:37:04,093 [pool-252-thread-1] INFO  server.RaftServerConfigKeys (ConfUtils.java:logGet(44)) - raft.server.log.segment.size.max = 1048576 (custom)
2021-07-15 16:37:04,094 [pool-252-thread-1] INFO  server.RaftServerConfigKeys (ConfUtils.java:logGet(44)) - raft.server.log.preallocated.size = 16384 (custom)
2021-07-15 16:37:04,094 [pool-252-thread-1] INFO  server.RaftServerConfigKeys (ConfUtils.java:logGet(44)) - raft.server.log.force.sync.num = 128 (default)
2021-07-15 16:37:04,094 [EventQueue-PipelineReportForPipelineReportHandler] INFO  ha.SCMHAInvocationHandler (SCMHAInvocationHandler.java:invokeRatis(113)) - Invoking method public abstract void org.apache.hadoop.hdds.scm.pipeline.StateManager.updatePipelineState(org.apache.hadoop.hdds.protocol.proto.HddsProtos$PipelineID,org.apache.hadoop.hdds.protocol.proto.HddsProtos$PipelineState) throws java.io.IOException on target org.apache.hadoop.hdds.scm.ha.SCMRatisServerImpl@5baff918, cost 12985.254us
2021-07-15 16:37:04,094 [pool-252-thread-1] INFO  server.RaftServerConfigKeys (ConfUtils.java:logGet(44)) - raft.server.log.statemachine.data.sync = true (default)
2021-07-15 16:37:04,094 [pool-252-thread-1] INFO  server.RaftServerConfigKeys (ConfUtils.java:logGet(44)) - raft.server.log.statemachine.data.sync.timeout = 10s (default)
2021-07-15 16:37:04,095 [3f02e2f7-a9fe-43aa-a16a-2bf2030dc8fd@group-4CAFB8AFE6AC-StateMachineUpdater] INFO  safemode.HealthyPipelineSafeModeRule (HealthyPipelineSafeModeRule.java:initializeRule(152)) - Refreshed total pipeline count is 0, healthy pipeline threshold count is 1
2021-07-15 16:37:04,095 [EventQueue-OpenPipelineForHealthyPipelineSafeModeRule] INFO  safemode.SCMSafeModeManager (HealthyPipelineSafeModeRule.java:process(124)) - SCM in safe mode. Healthy pipelines reported count is 0, required healthy pipeline reported count is 1
2021-07-15 16:37:04,096 [pool-252-thread-1] INFO  server.RaftServerConfigKeys (ConfUtils.java:logGet(44)) - raft.server.log.statemachine.data.sync.timeout.retry = -1 (default)
2021-07-15 16:37:04,097 [pool-252-thread-1] INFO  server.RaftServerConfigKeys (ConfUtils.java:logGet(44)) - raft.server.log.write.buffer.size = 1048576 (custom)
2021-07-15 16:37:04,098 [pool-252-thread-1] INFO  server.RaftServerConfigKeys (ConfUtils.java:logGet(44)) - raft.server.log.statemachine.data.caching.enabled = true (custom)
2021-07-15 16:37:04,098 [pool-252-thread-1] INFO  segmented.SegmentedRaftLogWorker (SegmentedRaftLogWorker.java:lambda$new$0(133)) - 7bb90881-70ee-4b59-9518-5a5d97bf3fe4@group-72FEAD52DDE1-SegmentedRaftLogWorker: flushIndex: setUnconditionally 0 -> -1
2021-07-15 16:37:04,098 [pool-252-thread-1] INFO  segmented.SegmentedRaftLogWorker (SegmentedRaftLogWorker.java:lambda$new$0(133)) - 7bb90881-70ee-4b59-9518-5a5d97bf3fe4@group-72FEAD52DDE1-SegmentedRaftLogWorker: safeCacheEvictIndex: setUnconditionally 0 -> -1
2021-07-15 16:37:04,099 [pool-252-thread-1] INFO  server.RaftServerConfigKeys (ConfUtils.java:logGet(44)) - raft.server.snapshot.auto.trigger.enabled = true (custom)
2021-07-15 16:37:04,099 [pool-252-thread-1] INFO  server.RaftServerConfigKeys (ConfUtils.java:logGet(44)) - raft.server.snapshot.auto.trigger.threshold = 10000 (custom)
2021-07-15 16:37:04,099 [pool-252-thread-1] INFO  server.RaftServerConfigKeys (ConfUtils.java:logGet(44)) - raft.server.snapshot.retention.file.num = 5 (custom)
2021-07-15 16:37:04,099 [pool-252-thread-1] INFO  server.RaftServerConfigKeys (ConfUtils.java:logGet(44)) - raft.server.log.purge.upto.snapshot.index = false (default)
2021-07-15 16:37:04,099 [pool-252-thread-1] INFO  server.RaftServerConfigKeys (ConfUtils.java:logGet(44)) - raft.server.retrycache.expirytime = 600000ms (custom)
2021-07-15 16:37:04,099 [pool-252-thread-1] INFO  server.RaftServerConfigKeys (ConfUtils.java:logGet(44)) - raft.server.retrycache.statistics.expirytime = 100μs (default)
2021-07-15 16:37:04,099 [pool-252-thread-1] INFO  metrics.RatisMetrics (RatisMetrics.java:lambda$create$0(36)) - Creating Metrics Registry : ratis.leader_election.7bb90881-70ee-4b59-9518-5a5d97bf3fe4@group-72FEAD52DDE1
2021-07-15 16:37:04,100 [pool-252-thread-1] INFO  metrics.RatisMetrics (RatisMetrics.java:lambda$create$0(36)) - Creating Metrics Registry : ratis.server.7bb90881-70ee-4b59-9518-5a5d97bf3fe4@group-72FEAD52DDE1
2021-07-15 16:37:04,101 [pool-252-thread-1] INFO  server.RaftServer$Division (RaftServerImpl.java:start(295)) - 7bb90881-70ee-4b59-9518-5a5d97bf3fe4@group-72FEAD52DDE1: start as a follower, conf=-1: [7bb90881-70ee-4b59-9518-5a5d97bf3fe4|rpc:127.0.0.1:37335|priority:1], old=null
2021-07-15 16:37:04,101 [pool-252-thread-1] INFO  server.RaftServer$Division (RaftServerImpl.java:setRole(284)) - 7bb90881-70ee-4b59-9518-5a5d97bf3fe4@group-72FEAD52DDE1: changes role from      null to FOLLOWER at term 0 for startAsFollower
2021-07-15 16:37:04,101 [pool-252-thread-1] INFO  impl.RoleInfo (RoleInfo.java:updateAndGet(130)) - 7bb90881-70ee-4b59-9518-5a5d97bf3fe4: start 7bb90881-70ee-4b59-9518-5a5d97bf3fe4@group-72FEAD52DDE1-FollowerState
2021-07-15 16:37:04,101 [pool-252-thread-1] INFO  util.JmxRegister (JmxRegister.java:tryRegister(44)) - Successfully registered JMX Bean with object name Ratis:service=RaftServer,group=group-72FEAD52DDE1,id=7bb90881-70ee-4b59-9518-5a5d97bf3fe4
2021-07-15 16:37:04,102 [pool-252-thread-1] INFO  metrics.RatisMetrics (RatisMetrics.java:lambda$create$0(36)) - Creating Metrics Registry : ratis.state_machine.7bb90881-70ee-4b59-9518-5a5d97bf3fe4@group-72FEAD52DDE1
2021-07-15 16:37:04,103 [Command processor thread] INFO  ratis.XceiverServerRatis (XceiverServerRatis.java:addGroup(759)) - Created group PipelineID=a448490d-3f94-46b8-9ace-72fead52dde1
2021-07-15 16:37:04,103 [Command processor thread] INFO  commandhandler.CreatePipelineCommandHandler (CreatePipelineCommandHandler.java:handle(106)) - Created Pipeline RATIS ONE PipelineID=a448490d-3f94-46b8-9ace-72fead52dde1.
2021-07-15 16:37:04,103 [Command processor thread] INFO  server.RaftServer (RaftServerProxy.java:addNew(95)) - 7bb90881-70ee-4b59-9518-5a5d97bf3fe4: addNew group-2FCE177C61F1:[7bb90881-70ee-4b59-9518-5a5d97bf3fe4|rpc:127.0.0.1:37335|priority:0, 9009ae8a-6e34-4da8-a214-6d662c69877c|rpc:127.0.0.1:35469|priority:0, 7fea9b52-1b88-4603-b6bb-6748911f11bf|rpc:127.0.0.1:43849|priority:1] returns group-2FCE177C61F1:java.util.concurrent.CompletableFuture@11f8bf2[Not completed]
2021-07-15 16:37:04,104 [pool-252-thread-1] INFO  server.RaftServer$Division (RaftServerImpl.java:<init>(180)) - 7bb90881-70ee-4b59-9518-5a5d97bf3fe4: new RaftServerImpl for group-2FCE177C61F1:[7bb90881-70ee-4b59-9518-5a5d97bf3fe4|rpc:127.0.0.1:37335|priority:0, 9009ae8a-6e34-4da8-a214-6d662c69877c|rpc:127.0.0.1:35469|priority:0, 7fea9b52-1b88-4603-b6bb-6748911f11bf|rpc:127.0.0.1:43849|priority:1] with ContainerStateMachine:uninitialized
2021-07-15 16:37:04,104 [pool-252-thread-1] INFO  server.RaftServerConfigKeys (ConfUtils.java:logGet(44)) - raft.server.rpc.timeout.min = 5s (custom)
2021-07-15 16:37:04,104 [pool-252-thread-1] INFO  server.RaftServerConfigKeys (ConfUtils.java:logGet(44)) - raft.server.rpc.timeout.max = 5200ms (custom)
2021-07-15 16:37:04,104 [pool-252-thread-1] INFO  server.RaftServerConfigKeys (ConfUtils.java:logGet(44)) - raft.server.rpc.sleep.time = 25ms (default)
2021-07-15 16:37:04,104 [pool-252-thread-1] INFO  server.RaftServerConfigKeys (ConfUtils.java:logGet(44)) - raft.server.rpc.slowness.timeout = 300s (custom)
2021-07-15 16:37:04,104 [pool-252-thread-1] INFO  server.RaftServerConfigKeys (ConfUtils.java:logGet(44)) - raft.server.leaderelection.leader.step-down.wait-time = 10s (default)
2021-07-15 16:37:04,104 [pool-252-thread-1] INFO  server.RaftServerConfigKeys (ConfUtils.java:logGet(44)) - raft.server.sleep.deviation.threshold = 300ms (default)
2021-07-15 16:37:04,104 [pool-252-thread-1] INFO  server.RaftServerConfigKeys (ConfUtils.java:logGet(44)) - raft.server.log.appender.install.snapshot.enabled = false (custom)
2021-07-15 16:37:04,104 [pool-252-thread-1] INFO  server.RaftServer$Division (ServerState.java:<init>(105)) - 7bb90881-70ee-4b59-9518-5a5d97bf3fe4@group-2FCE177C61F1: ConfigurationManager, init=-1: [7bb90881-70ee-4b59-9518-5a5d97bf3fe4|rpc:127.0.0.1:37335|priority:0, 9009ae8a-6e34-4da8-a214-6d662c69877c|rpc:127.0.0.1:35469|priority:0, 7fea9b52-1b88-4603-b6bb-6748911f11bf|rpc:127.0.0.1:43849|priority:1], old=null, confs=<EMPTY_MAP>
2021-07-15 16:37:04,104 [pool-252-thread-1] INFO  server.RaftServerConfigKeys (ConfUtils.java:logGet(44)) - raft.server.storage.dir = [/home/runner/work/ozone/ozone/mnt/ozone/hadoop-ozone/integration-test/target/test-dir/MiniOzoneClusterImpl-8ef06965-d5c9-44f0-9cd1-4cafb8afe6ac/datanode-0/data/ratis] (custom)
2021-07-15 16:37:04,105 [pool-252-thread-1] INFO  server.RaftServerConfigKeys (ConfUtils.java:logGet(44)) - raft.server.log.corruption.policy = EXCEPTION (default)
2021-07-15 16:37:04,105 [pool-252-thread-1] INFO  storage.RaftStorageDirectory (RaftStorageDirectoryImpl.java:analyzeStorage(132)) - The storage directory /home/runner/work/ozone/ozone/mnt/ozone/hadoop-ozone/integration-test/target/test-dir/MiniOzoneClusterImpl-8ef06965-d5c9-44f0-9cd1-4cafb8afe6ac/datanode-0/data/ratis/aa58249d-d224-43b5-bfe6-2fce177c61f1 does not exist. Creating ...
2021-07-15 16:37:04,106 [pool-252-thread-1] INFO  storage.RaftStorageDirectory (RaftStorageDirectoryImpl.java:tryLock(215)) - Lock on /home/runner/work/ozone/ozone/mnt/ozone/hadoop-ozone/integration-test/target/test-dir/MiniOzoneClusterImpl-8ef06965-d5c9-44f0-9cd1-4cafb8afe6ac/datanode-0/data/ratis/aa58249d-d224-43b5-bfe6-2fce177c61f1/in_use.lock acquired by nodename 5190@fv-az151-474
2021-07-15 16:37:04,107 [pool-252-thread-1] INFO  storage.RaftStorage (RaftStorageImpl.java:format(87)) - Storage directory /home/runner/work/ozone/ozone/mnt/ozone/hadoop-ozone/integration-test/target/test-dir/MiniOzoneClusterImpl-8ef06965-d5c9-44f0-9cd1-4cafb8afe6ac/datanode-0/data/ratis/aa58249d-d224-43b5-bfe6-2fce177c61f1 has been successfully formatted.
2021-07-15 16:37:04,107 [pool-252-thread-1] INFO  ratis.ContainerStateMachine (ContainerStateMachine.java:loadSnapshot(223)) - group-2FCE177C61F1: The snapshot info is null. Setting the last applied indexto:(t:0, i:~)
2021-07-15 16:37:04,107 [pool-252-thread-1] INFO  server.RaftServerConfigKeys (ConfUtils.java:logGet(44)) - raft.server.notification.no-leader.timeout = 300s (custom)
2021-07-15 16:37:04,107 [pool-252-thread-1] INFO  server.RaftServerConfigKeys (ConfUtils.java:logGet(44)) - raft.server.log.use.memory = false (default)
2021-07-15 16:37:04,108 [pool-252-thread-1] INFO  server.RaftServerConfigKeys (ConfUtils.java:logGet(44)) - raft.server.log.purge.gap = 1000000 (custom)
2021-07-15 16:37:04,108 [pool-252-thread-1] INFO  server.RaftServerConfigKeys (ConfUtils.java:logGet(44)) - raft.server.log.appender.buffer.byte-limit = 33554432 (custom)
2021-07-15 16:37:04,108 [pool-252-thread-1] INFO  metrics.RatisMetrics (RatisMetrics.java:lambda$create$0(36)) - Creating Metrics Registry : ratis.log_worker.7bb90881-70ee-4b59-9518-5a5d97bf3fe4@group-2FCE177C61F1
2021-07-15 16:37:04,108 [pool-252-thread-1] INFO  server.RaftServerConfigKeys (ConfUtils.java:logGet(44)) - raft.server.log.segment.size.max = 1048576 (custom)
2021-07-15 16:37:04,109 [EventQueue-OpenPipelineForHealthyPipelineSafeModeRule] INFO  safemode.SCMSafeModeManager (HealthyPipelineSafeModeRule.java:process(124)) - SCM in safe mode. Healthy pipelines reported count is 0, required healthy pipeline reported count is 1
2021-07-15 16:37:04,116 [pool-252-thread-1] INFO  server.RaftServerConfigKeys (ConfUtils.java:logGet(44)) - raft.server.log.segment.cache.num.max = 2 (custom)
2021-07-15 16:37:04,116 [pool-252-thread-1] INFO  server.RaftServerConfigKeys (ConfUtils.java:logGet(44)) - raft.server.log.segment.cache.size.max = 200MB (=209715200) (default)
2021-07-15 16:37:04,116 [pool-252-thread-1] INFO  segmented.SegmentedRaftLogWorker (SegmentedRaftLogWorker.java:<init>(182)) - new 7bb90881-70ee-4b59-9518-5a5d97bf3fe4@group-2FCE177C61F1-SegmentedRaftLogWorker for RaftStorageImpl:Storage Directory /home/runner/work/ozone/ozone/mnt/ozone/hadoop-ozone/integration-test/target/test-dir/MiniOzoneClusterImpl-8ef06965-d5c9-44f0-9cd1-4cafb8afe6ac/datanode-0/data/ratis/aa58249d-d224-43b5-bfe6-2fce177c61f1
2021-07-15 16:37:04,116 [pool-252-thread-1] INFO  server.RaftServerConfigKeys (ConfUtils.java:logGet(44)) - raft.server.log.queue.byte-limit = 2147483647 (custom)
2021-07-15 16:37:04,116 [pool-252-thread-1] INFO  server.RaftServerConfigKeys (ConfUtils.java:logGet(44)) - raft.server.log.queue.element-limit = 1024 (custom)
2021-07-15 16:37:04,117 [pool-252-thread-1] INFO  server.RaftServerConfigKeys (ConfUtils.java:logGet(44)) - raft.server.log.segment.size.max = 1048576 (custom)
2021-07-15 16:37:04,117 [pool-252-thread-1] INFO  server.RaftServerConfigKeys (ConfUtils.java:logGet(44)) - raft.server.log.preallocated.size = 16384 (custom)
2021-07-15 16:37:04,117 [pool-252-thread-1] INFO  server.RaftServerConfigKeys (ConfUtils.java:logGet(44)) - raft.server.log.force.sync.num = 128 (default)
2021-07-15 16:37:04,117 [pool-252-thread-1] INFO  server.RaftServerConfigKeys (ConfUtils.java:logGet(44)) - raft.server.log.statemachine.data.sync = true (default)
2021-07-15 16:37:04,117 [pool-252-thread-1] INFO  server.RaftServerConfigKeys (ConfUtils.java:logGet(44)) - raft.server.log.statemachine.data.sync.timeout = 10s (default)
2021-07-15 16:37:04,117 [pool-252-thread-1] INFO  server.RaftServerConfigKeys (ConfUtils.java:logGet(44)) - raft.server.log.statemachine.data.sync.timeout.retry = -1 (default)
2021-07-15 16:37:04,118 [EventQueue-OpenPipelineForHealthyPipelineSafeModeRule] INFO  safemode.SCMSafeModeManager (HealthyPipelineSafeModeRule.java:process(124)) - SCM in safe mode. Healthy pipelines reported count is 0, required healthy pipeline reported count is 1
2021-07-15 16:37:04,118 [pool-252-thread-1] INFO  server.RaftServerConfigKeys (ConfUtils.java:logGet(44)) - raft.server.log.write.buffer.size = 1048576 (custom)
2021-07-15 16:37:04,119 [pool-252-thread-1] INFO  server.RaftServerConfigKeys (ConfUtils.java:logGet(44)) - raft.server.log.statemachine.data.caching.enabled = true (custom)
2021-07-15 16:37:04,119 [pool-252-thread-1] INFO  segmented.SegmentedRaftLogWorker (SegmentedRaftLogWorker.java:lambda$new$0(133)) - 7bb90881-70ee-4b59-9518-5a5d97bf3fe4@group-2FCE177C61F1-SegmentedRaftLogWorker: flushIndex: setUnconditionally 0 -> -1
2021-07-15 16:37:04,119 [pool-252-thread-1] INFO  segmented.SegmentedRaftLogWorker (SegmentedRaftLogWorker.java:lambda$new$0(133)) - 7bb90881-70ee-4b59-9518-5a5d97bf3fe4@group-2FCE177C61F1-SegmentedRaftLogWorker: safeCacheEvictIndex: setUnconditionally 0 -> -1
2021-07-15 16:37:04,119 [pool-252-thread-1] INFO  server.RaftServerConfigKeys (ConfUtils.java:logGet(44)) - raft.server.snapshot.auto.trigger.enabled = true (custom)
2021-07-15 16:37:04,119 [pool-252-thread-1] INFO  server.RaftServerConfigKeys (ConfUtils.java:logGet(44)) - raft.server.snapshot.auto.trigger.threshold = 10000 (custom)
2021-07-15 16:37:04,119 [pool-252-thread-1] INFO  server.RaftServerConfigKeys (ConfUtils.java:logGet(44)) - raft.server.snapshot.retention.file.num = 5 (custom)
2021-07-15 16:37:04,119 [pool-252-thread-1] INFO  server.RaftServerConfigKeys (ConfUtils.java:logGet(44)) - raft.server.log.purge.upto.snapshot.index = false (default)
2021-07-15 16:37:04,120 [pool-252-thread-1] INFO  server.RaftServerConfigKeys (ConfUtils.java:logGet(44)) - raft.server.retrycache.expirytime = 600000ms (custom)
2021-07-15 16:37:04,120 [pool-252-thread-1] INFO  server.RaftServerConfigKeys (ConfUtils.java:logGet(44)) - raft.server.retrycache.statistics.expirytime = 100μs (default)
2021-07-15 16:37:04,120 [pool-252-thread-1] INFO  metrics.RatisMetrics (RatisMetrics.java:lambda$create$0(36)) - Creating Metrics Registry : ratis.leader_election.7bb90881-70ee-4b59-9518-5a5d97bf3fe4@group-2FCE177C61F1
2021-07-15 16:37:04,120 [pool-252-thread-1] INFO  metrics.RatisMetrics (RatisMetrics.java:lambda$create$0(36)) - Creating Metrics Registry : ratis.server.7bb90881-70ee-4b59-9518-5a5d97bf3fe4@group-2FCE177C61F1
2021-07-15 16:37:04,121 [pool-252-thread-1] INFO  server.RaftServer$Division (RaftServerImpl.java:start(295)) - 7bb90881-70ee-4b59-9518-5a5d97bf3fe4@group-2FCE177C61F1: start as a follower, conf=-1: [7bb90881-70ee-4b59-9518-5a5d97bf3fe4|rpc:127.0.0.1:37335|priority:0, 9009ae8a-6e34-4da8-a214-6d662c69877c|rpc:127.0.0.1:35469|priority:0, 7fea9b52-1b88-4603-b6bb-6748911f11bf|rpc:127.0.0.1:43849|priority:1], old=null
2021-07-15 16:37:04,121 [pool-252-thread-1] INFO  server.RaftServer$Division (RaftServerImpl.java:setRole(284)) - 7bb90881-70ee-4b59-9518-5a5d97bf3fe4@group-2FCE177C61F1: changes role from      null to FOLLOWER at term 0 for startAsFollower
2021-07-15 16:37:04,121 [pool-252-thread-1] INFO  impl.RoleInfo (RoleInfo.java:updateAndGet(130)) - 7bb90881-70ee-4b59-9518-5a5d97bf3fe4: start 7bb90881-70ee-4b59-9518-5a5d97bf3fe4@group-2FCE177C61F1-FollowerState
2021-07-15 16:37:04,121 [pool-252-thread-1] INFO  util.JmxRegister (JmxRegister.java:tryRegister(44)) - Successfully registered JMX Bean with object name Ratis:service=RaftServer,group=group-2FCE177C61F1,id=7bb90881-70ee-4b59-9518-5a5d97bf3fe4
2021-07-15 16:37:04,121 [pool-252-thread-1] INFO  metrics.RatisMetrics (RatisMetrics.java:lambda$create$0(36)) - Creating Metrics Registry : ratis.state_machine.7bb90881-70ee-4b59-9518-5a5d97bf3fe4@group-2FCE177C61F1
2021-07-15 16:37:04,126 [Command processor thread] INFO  ratis.XceiverServerRatis (XceiverServerRatis.java:addGroup(759)) - Created group PipelineID=aa58249d-d224-43b5-bfe6-2fce177c61f1
2021-07-15 16:37:04,127 [Command processor thread] INFO  metrics.RatisMetrics (RatisMetrics.java:lambda$create$0(36)) - Creating Metrics Registry : ratis.client_message_metrics.client-B14AE0AC33F1->9009ae8a-6e34-4da8-a214-6d662c69877c
2021-07-15 16:37:04,136 [grpc-default-executor-3] INFO  metrics.RatisMetrics (RatisMetrics.java:lambda$create$0(36)) - Creating Metrics Registry : ratis.server_message_metrics.9009ae8a-6e34-4da8-a214-6d662c69877c
2021-07-15 16:37:04,142 [grpc-default-executor-3] INFO  server.RaftServer (RaftServerProxy.java:addNew(95)) - 9009ae8a-6e34-4da8-a214-6d662c69877c: addNew group-2FCE177C61F1:[7bb90881-70ee-4b59-9518-5a5d97bf3fe4|rpc:127.0.0.1:37335|dataStream:|priority:0, 9009ae8a-6e34-4da8-a214-6d662c69877c|rpc:127.0.0.1:35469|dataStream:|priority:0, 7fea9b52-1b88-4603-b6bb-6748911f11bf|rpc:127.0.0.1:43849|dataStream:|priority:1] returns group-2FCE177C61F1:java.util.concurrent.CompletableFuture@3a3d91da[Not completed]
2021-07-15 16:37:04,145 [pool-272-thread-1] INFO  server.RaftServer$Division (RaftServerImpl.java:<init>(180)) - 9009ae8a-6e34-4da8-a214-6d662c69877c: new RaftServerImpl for group-2FCE177C61F1:[7bb90881-70ee-4b59-9518-5a5d97bf3fe4|rpc:127.0.0.1:37335|dataStream:|priority:0, 9009ae8a-6e34-4da8-a214-6d662c69877c|rpc:127.0.0.1:35469|dataStream:|priority:0, 7fea9b52-1b88-4603-b6bb-6748911f11bf|rpc:127.0.0.1:43849|dataStream:|priority:1] with ContainerStateMachine:uninitialized
2021-07-15 16:37:04,146 [pool-272-thread-1] INFO  server.RaftServerConfigKeys (ConfUtils.java:logGet(44)) - raft.server.rpc.timeout.min = 5s (custom)
2021-07-15 16:37:04,146 [pool-272-thread-1] INFO  server.RaftServerConfigKeys (ConfUtils.java:logGet(44)) - raft.server.rpc.timeout.max = 5200ms (custom)
2021-07-15 16:37:04,146 [pool-272-thread-1] INFO  server.RaftServerConfigKeys (ConfUtils.java:logGet(44)) - raft.server.rpc.sleep.time = 25ms (default)
2021-07-15 16:37:04,146 [pool-272-thread-1] INFO  server.RaftServerConfigKeys (ConfUtils.java:logGet(44)) - raft.server.rpc.slowness.timeout = 300s (custom)
2021-07-15 16:37:04,146 [pool-272-thread-1] INFO  server.RaftServerConfigKeys (ConfUtils.java:logGet(44)) - raft.server.leaderelection.leader.step-down.wait-time = 10s (default)
2021-07-15 16:37:04,146 [pool-272-thread-1] INFO  server.RaftServerConfigKeys (ConfUtils.java:logGet(44)) - raft.server.sleep.deviation.threshold = 300ms (default)
2021-07-15 16:37:04,146 [pool-272-thread-1] INFO  server.RaftServerConfigKeys (ConfUtils.java:logGet(44)) - raft.server.log.appender.install.snapshot.enabled = false (custom)
2021-07-15 16:37:04,146 [pool-272-thread-1] INFO  server.RaftServer$Division (ServerState.java:<init>(105)) - 9009ae8a-6e34-4da8-a214-6d662c69877c@group-2FCE177C61F1: ConfigurationManager, init=-1: [7bb90881-70ee-4b59-9518-5a5d97bf3fe4|rpc:127.0.0.1:37335|dataStream:|priority:0, 9009ae8a-6e34-4da8-a214-6d662c69877c|rpc:127.0.0.1:35469|dataStream:|priority:0, 7fea9b52-1b88-4603-b6bb-6748911f11bf|rpc:127.0.0.1:43849|dataStream:|priority:1], old=null, confs=<EMPTY_MAP>
2021-07-15 16:37:04,146 [pool-272-thread-1] INFO  server.RaftServerConfigKeys (ConfUtils.java:logGet(44)) - raft.server.storage.dir = [/home/runner/work/ozone/ozone/mnt/ozone/hadoop-ozone/integration-test/target/test-dir/MiniOzoneClusterImpl-8ef06965-d5c9-44f0-9cd1-4cafb8afe6ac/datanode-1/data/ratis] (custom)
2021-07-15 16:37:04,147 [pool-272-thread-1] INFO  server.RaftServerConfigKeys (ConfUtils.java:logGet(44)) - raft.server.log.corruption.policy = EXCEPTION (default)
2021-07-15 16:37:04,147 [pool-272-thread-1] INFO  storage.RaftStorageDirectory (RaftStorageDirectoryImpl.java:analyzeStorage(132)) - The storage directory /home/runner/work/ozone/ozone/mnt/ozone/hadoop-ozone/integration-test/target/test-dir/MiniOzoneClusterImpl-8ef06965-d5c9-44f0-9cd1-4cafb8afe6ac/datanode-1/data/ratis/aa58249d-d224-43b5-bfe6-2fce177c61f1 does not exist. Creating ...
2021-07-15 16:37:04,148 [pool-272-thread-1] INFO  storage.RaftStorageDirectory (RaftStorageDirectoryImpl.java:tryLock(215)) - Lock on /home/runner/work/ozone/ozone/mnt/ozone/hadoop-ozone/integration-test/target/test-dir/MiniOzoneClusterImpl-8ef06965-d5c9-44f0-9cd1-4cafb8afe6ac/datanode-1/data/ratis/aa58249d-d224-43b5-bfe6-2fce177c61f1/in_use.lock acquired by nodename 5190@fv-az151-474
2021-07-15 16:37:04,149 [pool-272-thread-1] INFO  storage.RaftStorage (RaftStorageImpl.java:format(87)) - Storage directory /home/runner/work/ozone/ozone/mnt/ozone/hadoop-ozone/integration-test/target/test-dir/MiniOzoneClusterImpl-8ef06965-d5c9-44f0-9cd1-4cafb8afe6ac/datanode-1/data/ratis/aa58249d-d224-43b5-bfe6-2fce177c61f1 has been successfully formatted.
2021-07-15 16:37:04,149 [pool-272-thread-1] INFO  ratis.ContainerStateMachine (ContainerStateMachine.java:loadSnapshot(223)) - group-2FCE177C61F1: The snapshot info is null. Setting the last applied indexto:(t:0, i:~)
2021-07-15 16:37:04,150 [pool-272-thread-1] INFO  server.RaftServerConfigKeys (ConfUtils.java:logGet(44)) - raft.server.notification.no-leader.timeout = 300s (custom)
2021-07-15 16:37:04,153 [pool-272-thread-1] INFO  server.RaftServerConfigKeys (ConfUtils.java:logGet(44)) - raft.server.log.use.memory = false (default)
2021-07-15 16:37:04,153 [pool-272-thread-1] INFO  server.RaftServerConfigKeys (ConfUtils.java:logGet(44)) - raft.server.log.purge.gap = 1000000 (custom)
2021-07-15 16:37:04,153 [pool-272-thread-1] INFO  server.RaftServerConfigKeys (ConfUtils.java:logGet(44)) - raft.server.log.appender.buffer.byte-limit = 33554432 (custom)
2021-07-15 16:37:04,153 [pool-272-thread-1] INFO  metrics.RatisMetrics (RatisMetrics.java:lambda$create$0(36)) - Creating Metrics Registry : ratis.log_worker.9009ae8a-6e34-4da8-a214-6d662c69877c@group-2FCE177C61F1
2021-07-15 16:37:04,153 [pool-272-thread-1] INFO  server.RaftServerConfigKeys (ConfUtils.java:logGet(44)) - raft.server.log.segment.size.max = 1048576 (custom)
2021-07-15 16:37:04,154 [pool-272-thread-1] INFO  server.RaftServerConfigKeys (ConfUtils.java:logGet(44)) - raft.server.log.segment.cache.num.max = 2 (custom)
2021-07-15 16:37:04,154 [pool-272-thread-1] INFO  server.RaftServerConfigKeys (ConfUtils.java:logGet(44)) - raft.server.log.segment.cache.size.max = 200MB (=209715200) (default)
2021-07-15 16:37:04,154 [pool-272-thread-1] INFO  segmented.SegmentedRaftLogWorker (SegmentedRaftLogWorker.java:<init>(182)) - new 9009ae8a-6e34-4da8-a214-6d662c69877c@group-2FCE177C61F1-SegmentedRaftLogWorker for RaftStorageImpl:Storage Directory /home/runner/work/ozone/ozone/mnt/ozone/hadoop-ozone/integration-test/target/test-dir/MiniOzoneClusterImpl-8ef06965-d5c9-44f0-9cd1-4cafb8afe6ac/datanode-1/data/ratis/aa58249d-d224-43b5-bfe6-2fce177c61f1
2021-07-15 16:37:04,154 [pool-272-thread-1] INFO  server.RaftServerConfigKeys (ConfUtils.java:logGet(44)) - raft.server.log.queue.byte-limit = 2147483647 (custom)
2021-07-15 16:37:04,154 [pool-272-thread-1] INFO  server.RaftServerConfigKeys (ConfUtils.java:logGet(44)) - raft.server.log.queue.element-limit = 1024 (custom)
2021-07-15 16:37:04,154 [pool-272-thread-1] INFO  server.RaftServerConfigKeys (ConfUtils.java:logGet(44)) - raft.server.log.segment.size.max = 1048576 (custom)
2021-07-15 16:37:04,154 [pool-272-thread-1] INFO  server.RaftServerConfigKeys (ConfUtils.java:logGet(44)) - raft.server.log.preallocated.size = 16384 (custom)
2021-07-15 16:37:04,154 [pool-272-thread-1] INFO  server.RaftServerConfigKeys (ConfUtils.java:logGet(44)) - raft.server.log.force.sync.num = 128 (default)
2021-07-15 16:37:04,155 [pool-272-thread-1] INFO  server.RaftServerConfigKeys (ConfUtils.java:logGet(44)) - raft.server.log.statemachine.data.sync = true (default)
2021-07-15 16:37:04,155 [pool-272-thread-1] INFO  server.RaftServerConfigKeys (ConfUtils.java:logGet(44)) - raft.server.log.statemachine.data.sync.timeout = 10s (default)
2021-07-15 16:37:04,155 [pool-272-thread-1] INFO  server.RaftServerConfigKeys (ConfUtils.java:logGet(44)) - raft.server.log.statemachine.data.sync.timeout.retry = -1 (default)
2021-07-15 16:37:04,155 [pool-272-thread-1] INFO  server.RaftServerConfigKeys (ConfUtils.java:logGet(44)) - raft.server.log.write.buffer.size = 1048576 (custom)
2021-07-15 16:37:04,156 [pool-272-thread-1] INFO  server.RaftServerConfigKeys (ConfUtils.java:logGet(44)) - raft.server.log.statemachine.data.caching.enabled = true (custom)
2021-07-15 16:37:04,156 [pool-272-thread-1] INFO  segmented.SegmentedRaftLogWorker (SegmentedRaftLogWorker.java:lambda$new$0(133)) - 9009ae8a-6e34-4da8-a214-6d662c69877c@group-2FCE177C61F1-SegmentedRaftLogWorker: flushIndex: setUnconditionally 0 -> -1
2021-07-15 16:37:04,156 [pool-272-thread-1] INFO  segmented.SegmentedRaftLogWorker (SegmentedRaftLogWorker.java:lambda$new$0(133)) - 9009ae8a-6e34-4da8-a214-6d662c69877c@group-2FCE177C61F1-SegmentedRaftLogWorker: safeCacheEvictIndex: setUnconditionally 0 -> -1
2021-07-15 16:37:04,158 [pool-272-thread-1] INFO  server.RaftServerConfigKeys (ConfUtils.java:logGet(44)) - raft.server.snapshot.auto.trigger.enabled = true (custom)
2021-07-15 16:37:04,158 [pool-272-thread-1] INFO  server.RaftServerConfigKeys (ConfUtils.java:logGet(44)) - raft.server.snapshot.auto.trigger.threshold = 10000 (custom)
2021-07-15 16:37:04,158 [pool-272-thread-1] INFO  server.RaftServerConfigKeys (ConfUtils.java:logGet(44)) - raft.server.snapshot.retention.file.num = 5 (custom)
2021-07-15 16:37:04,158 [pool-272-thread-1] INFO  server.RaftServerConfigKeys (ConfUtils.java:logGet(44)) - raft.server.log.purge.upto.snapshot.index = false (default)
2021-07-15 16:37:04,158 [pool-272-thread-1] INFO  server.RaftServerConfigKeys (ConfUtils.java:logGet(44)) - raft.server.retrycache.expirytime = 600000ms (custom)
2021-07-15 16:37:04,158 [pool-272-thread-1] INFO  server.RaftServerConfigKeys (ConfUtils.java:logGet(44)) - raft.server.retrycache.statistics.expirytime = 100μs (default)
2021-07-15 16:37:04,158 [pool-272-thread-1] INFO  metrics.RatisMetrics (RatisMetrics.java:lambda$create$0(36)) - Creating Metrics Registry : ratis.leader_election.9009ae8a-6e34-4da8-a214-6d662c69877c@group-2FCE177C61F1
2021-07-15 16:37:04,158 [pool-272-thread-1] INFO  metrics.RatisMetrics (RatisMetrics.java:lambda$create$0(36)) - Creating Metrics Registry : ratis.server.9009ae8a-6e34-4da8-a214-6d662c69877c@group-2FCE177C61F1
2021-07-15 16:37:04,159 [pool-272-thread-1] INFO  server.RaftServer$Division (RaftServerImpl.java:start(295)) - 9009ae8a-6e34-4da8-a214-6d662c69877c@group-2FCE177C61F1: start as a follower, conf=-1: [7bb90881-70ee-4b59-9518-5a5d97bf3fe4|rpc:127.0.0.1:37335|dataStream:|priority:0, 9009ae8a-6e34-4da8-a214-6d662c69877c|rpc:127.0.0.1:35469|dataStream:|priority:0, 7fea9b52-1b88-4603-b6bb-6748911f11bf|rpc:127.0.0.1:43849|dataStream:|priority:1], old=null
2021-07-15 16:37:04,159 [pool-272-thread-1] INFO  server.RaftServer$Division (RaftServerImpl.java:setRole(284)) - 9009ae8a-6e34-4da8-a214-6d662c69877c@group-2FCE177C61F1: changes role from      null to FOLLOWER at term 0 for startAsFollower
2021-07-15 16:37:04,159 [pool-272-thread-1] INFO  impl.RoleInfo (RoleInfo.java:updateAndGet(130)) - 9009ae8a-6e34-4da8-a214-6d662c69877c: start 9009ae8a-6e34-4da8-a214-6d662c69877c@group-2FCE177C61F1-FollowerState
2021-07-15 16:37:04,165 [pool-272-thread-1] INFO  util.JmxRegister (JmxRegister.java:tryRegister(44)) - Successfully registered JMX Bean with object name Ratis:service=RaftServer,group=group-2FCE177C61F1,id=9009ae8a-6e34-4da8-a214-6d662c69877c
2021-07-15 16:37:04,165 [pool-272-thread-1] INFO  metrics.RatisMetrics (RatisMetrics.java:lambda$create$0(36)) - Creating Metrics Registry : ratis.state_machine.9009ae8a-6e34-4da8-a214-6d662c69877c@group-2FCE177C61F1
2021-07-15 16:37:04,178 [Command processor thread] INFO  metrics.RatisMetrics (RatisMetrics.java:lambda$create$0(36)) - Creating Metrics Registry : ratis.client_message_metrics.client-78AAD84F2C89->7fea9b52-1b88-4603-b6bb-6748911f11bf
2021-07-15 16:37:04,183 [grpc-default-executor-3] INFO  metrics.RatisMetrics (RatisMetrics.java:lambda$create$0(36)) - Creating Metrics Registry : ratis.server_message_metrics.7fea9b52-1b88-4603-b6bb-6748911f11bf
2021-07-15 16:37:04,185 [grpc-default-executor-3] INFO  server.RaftServer (RaftServerProxy.java:addNew(95)) - 7fea9b52-1b88-4603-b6bb-6748911f11bf: addNew group-2FCE177C61F1:[7bb90881-70ee-4b59-9518-5a5d97bf3fe4|rpc:127.0.0.1:37335|dataStream:|priority:0, 9009ae8a-6e34-4da8-a214-6d662c69877c|rpc:127.0.0.1:35469|dataStream:|priority:0, 7fea9b52-1b88-4603-b6bb-6748911f11bf|rpc:127.0.0.1:43849|dataStream:|priority:1] returns group-2FCE177C61F1:java.util.concurrent.CompletableFuture@1de4e97[Not completed]
2021-07-15 16:37:04,186 [pool-292-thread-1] INFO  server.RaftServer$Division (RaftServerImpl.java:<init>(180)) - 7fea9b52-1b88-4603-b6bb-6748911f11bf: new RaftServerImpl for group-2FCE177C61F1:[7bb90881-70ee-4b59-9518-5a5d97bf3fe4|rpc:127.0.0.1:37335|dataStream:|priority:0, 9009ae8a-6e34-4da8-a214-6d662c69877c|rpc:127.0.0.1:35469|dataStream:|priority:0, 7fea9b52-1b88-4603-b6bb-6748911f11bf|rpc:127.0.0.1:43849|dataStream:|priority:1] with ContainerStateMachine:uninitialized
2021-07-15 16:37:04,188 [pool-292-thread-1] INFO  server.RaftServerConfigKeys (ConfUtils.java:logGet(44)) - raft.server.rpc.timeout.min = 5s (custom)
2021-07-15 16:37:04,188 [pool-292-thread-1] INFO  server.RaftServerConfigKeys (ConfUtils.java:logGet(44)) - raft.server.rpc.timeout.max = 5200ms (custom)
2021-07-15 16:37:04,189 [pool-292-thread-1] INFO  server.RaftServerConfigKeys (ConfUtils.java:logGet(44)) - raft.server.rpc.sleep.time = 25ms (default)
2021-07-15 16:37:04,189 [pool-292-thread-1] INFO  server.RaftServerConfigKeys (ConfUtils.java:logGet(44)) - raft.server.rpc.slowness.timeout = 300s (custom)
2021-07-15 16:37:04,189 [pool-292-thread-1] INFO  server.RaftServerConfigKeys (ConfUtils.java:logGet(44)) - raft.server.leaderelection.leader.step-down.wait-time = 10s (default)
2021-07-15 16:37:04,189 [pool-292-thread-1] INFO  server.RaftServerConfigKeys (ConfUtils.java:logGet(44)) - raft.server.sleep.deviation.threshold = 300ms (default)
2021-07-15 16:37:04,189 [pool-292-thread-1] INFO  server.RaftServerConfigKeys (ConfUtils.java:logGet(44)) - raft.server.log.appender.install.snapshot.enabled = false (custom)
2021-07-15 16:37:04,189 [pool-292-thread-1] INFO  server.RaftServer$Division (ServerState.java:<init>(105)) - 7fea9b52-1b88-4603-b6bb-6748911f11bf@group-2FCE177C61F1: ConfigurationManager, init=-1: [7bb90881-70ee-4b59-9518-5a5d97bf3fe4|rpc:127.0.0.1:37335|dataStream:|priority:0, 9009ae8a-6e34-4da8-a214-6d662c69877c|rpc:127.0.0.1:35469|dataStream:|priority:0, 7fea9b52-1b88-4603-b6bb-6748911f11bf|rpc:127.0.0.1:43849|dataStream:|priority:1], old=null, confs=<EMPTY_MAP>
2021-07-15 16:37:04,189 [pool-292-thread-1] INFO  server.RaftServerConfigKeys (ConfUtils.java:logGet(44)) - raft.server.storage.dir = [/home/runner/work/ozone/ozone/mnt/ozone/hadoop-ozone/integration-test/target/test-dir/MiniOzoneClusterImpl-8ef06965-d5c9-44f0-9cd1-4cafb8afe6ac/datanode-2/data/ratis] (custom)
2021-07-15 16:37:04,190 [pool-292-thread-1] INFO  server.RaftServerConfigKeys (ConfUtils.java:logGet(44)) - raft.server.log.corruption.policy = EXCEPTION (default)
2021-07-15 16:37:04,190 [pool-292-thread-1] INFO  storage.RaftStorageDirectory (RaftStorageDirectoryImpl.java:analyzeStorage(132)) - The storage directory /home/runner/work/ozone/ozone/mnt/ozone/hadoop-ozone/integration-test/target/test-dir/MiniOzoneClusterImpl-8ef06965-d5c9-44f0-9cd1-4cafb8afe6ac/datanode-2/data/ratis/aa58249d-d224-43b5-bfe6-2fce177c61f1 does not exist. Creating ...
2021-07-15 16:37:04,191 [pool-292-thread-1] INFO  storage.RaftStorageDirectory (RaftStorageDirectoryImpl.java:tryLock(215)) - Lock on /home/runner/work/ozone/ozone/mnt/ozone/hadoop-ozone/integration-test/target/test-dir/MiniOzoneClusterImpl-8ef06965-d5c9-44f0-9cd1-4cafb8afe6ac/datanode-2/data/ratis/aa58249d-d224-43b5-bfe6-2fce177c61f1/in_use.lock acquired by nodename 5190@fv-az151-474
2021-07-15 16:37:04,192 [pool-292-thread-1] INFO  storage.RaftStorage (RaftStorageImpl.java:format(87)) - Storage directory /home/runner/work/ozone/ozone/mnt/ozone/hadoop-ozone/integration-test/target/test-dir/MiniOzoneClusterImpl-8ef06965-d5c9-44f0-9cd1-4cafb8afe6ac/datanode-2/data/ratis/aa58249d-d224-43b5-bfe6-2fce177c61f1 has been successfully formatted.
2021-07-15 16:37:04,193 [pool-292-thread-1] INFO  ratis.ContainerStateMachine (ContainerStateMachine.java:loadSnapshot(223)) - group-2FCE177C61F1: The snapshot info is null. Setting the last applied indexto:(t:0, i:~)
2021-07-15 16:37:04,195 [pool-292-thread-1] INFO  server.RaftServerConfigKeys (ConfUtils.java:logGet(44)) - raft.server.notification.no-leader.timeout = 300s (custom)
2021-07-15 16:37:04,195 [pool-292-thread-1] INFO  server.RaftServerConfigKeys (ConfUtils.java:logGet(44)) - raft.server.log.use.memory = false (default)
2021-07-15 16:37:04,195 [pool-292-thread-1] INFO  server.RaftServerConfigKeys (ConfUtils.java:logGet(44)) - raft.server.log.purge.gap = 1000000 (custom)
2021-07-15 16:37:04,195 [pool-292-thread-1] INFO  server.RaftServerConfigKeys (ConfUtils.java:logGet(44)) - raft.server.log.appender.buffer.byte-limit = 33554432 (custom)
2021-07-15 16:37:04,197 [pool-292-thread-1] INFO  metrics.RatisMetrics (RatisMetrics.java:lambda$create$0(36)) - Creating Metrics Registry : ratis.log_worker.7fea9b52-1b88-4603-b6bb-6748911f11bf@group-2FCE177C61F1
2021-07-15 16:37:04,198 [pool-292-thread-1] INFO  server.RaftServerConfigKeys (ConfUtils.java:logGet(44)) - raft.server.log.segment.size.max = 1048576 (custom)
2021-07-15 16:37:04,198 [pool-292-thread-1] INFO  server.RaftServerConfigKeys (ConfUtils.java:logGet(44)) - raft.server.log.segment.cache.num.max = 2 (custom)
2021-07-15 16:37:04,198 [pool-292-thread-1] INFO  server.RaftServerConfigKeys (ConfUtils.java:logGet(44)) - raft.server.log.segment.cache.size.max = 200MB (=209715200) (default)
2021-07-15 16:37:04,198 [pool-292-thread-1] INFO  segmented.SegmentedRaftLogWorker (SegmentedRaftLogWorker.java:<init>(182)) - new 7fea9b52-1b88-4603-b6bb-6748911f11bf@group-2FCE177C61F1-SegmentedRaftLogWorker for RaftStorageImpl:Storage Directory /home/runner/work/ozone/ozone/mnt/ozone/hadoop-ozone/integration-test/target/test-dir/MiniOzoneClusterImpl-8ef06965-d5c9-44f0-9cd1-4cafb8afe6ac/datanode-2/data/ratis/aa58249d-d224-43b5-bfe6-2fce177c61f1
2021-07-15 16:37:04,198 [pool-292-thread-1] INFO  server.RaftServerConfigKeys (ConfUtils.java:logGet(44)) - raft.server.log.queue.byte-limit = 2147483647 (custom)
2021-07-15 16:37:04,198 [pool-292-thread-1] INFO  server.RaftServerConfigKeys (ConfUtils.java:logGet(44)) - raft.server.log.queue.element-limit = 1024 (custom)
2021-07-15 16:37:04,199 [pool-292-thread-1] INFO  server.RaftServerConfigKeys (ConfUtils.java:logGet(44)) - raft.server.log.segment.size.max = 1048576 (custom)
2021-07-15 16:37:04,199 [pool-292-thread-1] INFO  server.RaftServerConfigKeys (ConfUtils.java:logGet(44)) - raft.server.log.preallocated.size = 16384 (custom)
2021-07-15 16:37:04,199 [pool-292-thread-1] INFO  server.RaftServerConfigKeys (ConfUtils.java:logGet(44)) - raft.server.log.force.sync.num = 128 (default)
2021-07-15 16:37:04,199 [pool-292-thread-1] INFO  server.RaftServerConfigKeys (ConfUtils.java:logGet(44)) - raft.server.log.statemachine.data.sync = true (default)
2021-07-15 16:37:04,199 [pool-292-thread-1] INFO  server.RaftServerConfigKeys (ConfUtils.java:logGet(44)) - raft.server.log.statemachine.data.sync.timeout = 10s (default)
2021-07-15 16:37:04,199 [pool-292-thread-1] INFO  server.RaftServerConfigKeys (ConfUtils.java:logGet(44)) - raft.server.log.statemachine.data.sync.timeout.retry = -1 (default)
2021-07-15 16:37:04,200 [pool-292-thread-1] INFO  server.RaftServerConfigKeys (ConfUtils.java:logGet(44)) - raft.server.log.write.buffer.size = 1048576 (custom)
2021-07-15 16:37:04,200 [pool-292-thread-1] INFO  server.RaftServerConfigKeys (ConfUtils.java:logGet(44)) - raft.server.log.statemachine.data.caching.enabled = true (custom)
2021-07-15 16:37:04,200 [pool-292-thread-1] INFO  segmented.SegmentedRaftLogWorker (SegmentedRaftLogWorker.java:lambda$new$0(133)) - 7fea9b52-1b88-4603-b6bb-6748911f11bf@group-2FCE177C61F1-SegmentedRaftLogWorker: flushIndex: setUnconditionally 0 -> -1
2021-07-15 16:37:04,200 [pool-292-thread-1] INFO  segmented.SegmentedRaftLogWorker (SegmentedRaftLogWorker.java:lambda$new$0(133)) - 7fea9b52-1b88-4603-b6bb-6748911f11bf@group-2FCE177C61F1-SegmentedRaftLogWorker: safeCacheEvictIndex: setUnconditionally 0 -> -1
2021-07-15 16:37:04,202 [pool-292-thread-1] INFO  server.RaftServerConfigKeys (ConfUtils.java:logGet(44)) - raft.server.snapshot.auto.trigger.enabled = true (custom)
2021-07-15 16:37:04,202 [pool-292-thread-1] INFO  server.RaftServerConfigKeys (ConfUtils.java:logGet(44)) - raft.server.snapshot.auto.trigger.threshold = 10000 (custom)
2021-07-15 16:37:04,202 [pool-292-thread-1] INFO  server.RaftServerConfigKeys (ConfUtils.java:logGet(44)) - raft.server.snapshot.retention.file.num = 5 (custom)
2021-07-15 16:37:04,202 [pool-292-thread-1] INFO  server.RaftServerConfigKeys (ConfUtils.java:logGet(44)) - raft.server.log.purge.upto.snapshot.index = false (default)
2021-07-15 16:37:04,202 [pool-292-thread-1] INFO  server.RaftServerConfigKeys (ConfUtils.java:logGet(44)) - raft.server.retrycache.expirytime = 600000ms (custom)
2021-07-15 16:37:04,202 [pool-292-thread-1] INFO  server.RaftServerConfigKeys (ConfUtils.java:logGet(44)) - raft.server.retrycache.statistics.expirytime = 100μs (default)
2021-07-15 16:37:04,203 [pool-292-thread-1] INFO  metrics.RatisMetrics (RatisMetrics.java:lambda$create$0(36)) - Creating Metrics Registry : ratis.leader_election.7fea9b52-1b88-4603-b6bb-6748911f11bf@group-2FCE177C61F1
2021-07-15 16:37:04,207 [pool-292-thread-1] INFO  metrics.RatisMetrics (RatisMetrics.java:lambda$create$0(36)) - Creating Metrics Registry : ratis.server.7fea9b52-1b88-4603-b6bb-6748911f11bf@group-2FCE177C61F1
2021-07-15 16:37:04,208 [pool-292-thread-1] INFO  server.RaftServer$Division (RaftServerImpl.java:start(295)) - 7fea9b52-1b88-4603-b6bb-6748911f11bf@group-2FCE177C61F1: start as a follower, conf=-1: [7bb90881-70ee-4b59-9518-5a5d97bf3fe4|rpc:127.0.0.1:37335|dataStream:|priority:0, 9009ae8a-6e34-4da8-a214-6d662c69877c|rpc:127.0.0.1:35469|dataStream:|priority:0, 7fea9b52-1b88-4603-b6bb-6748911f11bf|rpc:127.0.0.1:43849|dataStream:|priority:1], old=null
2021-07-15 16:37:04,208 [pool-292-thread-1] INFO  server.RaftServer$Division (RaftServerImpl.java:setRole(284)) - 7fea9b52-1b88-4603-b6bb-6748911f11bf@group-2FCE177C61F1: changes role from      null to FOLLOWER at term 0 for startAsFollower
2021-07-15 16:37:04,208 [pool-292-thread-1] INFO  impl.RoleInfo (RoleInfo.java:updateAndGet(130)) - 7fea9b52-1b88-4603-b6bb-6748911f11bf: start 7fea9b52-1b88-4603-b6bb-6748911f11bf@group-2FCE177C61F1-FollowerState
2021-07-15 16:37:04,210 [pool-292-thread-1] INFO  util.JmxRegister (JmxRegister.java:tryRegister(44)) - Successfully registered JMX Bean with object name Ratis:service=RaftServer,group=group-2FCE177C61F1,id=7fea9b52-1b88-4603-b6bb-6748911f11bf
2021-07-15 16:37:04,210 [pool-292-thread-1] INFO  metrics.RatisMetrics (RatisMetrics.java:lambda$create$0(36)) - Creating Metrics Registry : ratis.state_machine.7fea9b52-1b88-4603-b6bb-6748911f11bf@group-2FCE177C61F1
2021-07-15 16:37:04,220 [Command processor thread] INFO  commandhandler.CreatePipelineCommandHandler (CreatePipelineCommandHandler.java:handle(106)) - Created Pipeline RATIS THREE PipelineID=aa58249d-d224-43b5-bfe6-2fce177c61f1.
2021-07-15 16:37:04,220 [Command processor thread] INFO  server.RaftServer (RaftServerProxy.java:addNew(95)) - 7bb90881-70ee-4b59-9518-5a5d97bf3fe4: addNew group-324EC8E43CB0:[7bb90881-70ee-4b59-9518-5a5d97bf3fe4|rpc:127.0.0.1:37335|priority:1, 9009ae8a-6e34-4da8-a214-6d662c69877c|rpc:127.0.0.1:35469|priority:0, 7fea9b52-1b88-4603-b6bb-6748911f11bf|rpc:127.0.0.1:43849|priority:0] returns group-324EC8E43CB0:java.util.concurrent.CompletableFuture@66f79c8[Not completed]
2021-07-15 16:37:04,221 [pool-252-thread-1] INFO  server.RaftServer$Division (RaftServerImpl.java:<init>(180)) - 7bb90881-70ee-4b59-9518-5a5d97bf3fe4: new RaftServerImpl for group-324EC8E43CB0:[7bb90881-70ee-4b59-9518-5a5d97bf3fe4|rpc:127.0.0.1:37335|priority:1, 9009ae8a-6e34-4da8-a214-6d662c69877c|rpc:127.0.0.1:35469|priority:0, 7fea9b52-1b88-4603-b6bb-6748911f11bf|rpc:127.0.0.1:43849|priority:0] with ContainerStateMachine:uninitialized
2021-07-15 16:37:04,221 [pool-252-thread-1] INFO  server.RaftServerConfigKeys (ConfUtils.java:logGet(44)) - raft.server.rpc.timeout.min = 5s (custom)
2021-07-15 16:37:04,221 [pool-252-thread-1] INFO  server.RaftServerConfigKeys (ConfUtils.java:logGet(44)) - raft.server.rpc.timeout.max = 5200ms (custom)
2021-07-15 16:37:04,221 [pool-252-thread-1] INFO  server.RaftServerConfigKeys (ConfUtils.java:logGet(44)) - raft.server.rpc.sleep.time = 25ms (default)
2021-07-15 16:37:04,221 [pool-252-thread-1] INFO  server.RaftServerConfigKeys (ConfUtils.java:logGet(44)) - raft.server.rpc.slowness.timeout = 300s (custom)
2021-07-15 16:37:04,221 [pool-252-thread-1] INFO  server.RaftServerConfigKeys (ConfUtils.java:logGet(44)) - raft.server.leaderelection.leader.step-down.wait-time = 10s (default)
2021-07-15 16:37:04,221 [pool-252-thread-1] INFO  server.RaftServerConfigKeys (ConfUtils.java:logGet(44)) - raft.server.sleep.deviation.threshold = 300ms (default)
2021-07-15 16:37:04,221 [pool-252-thread-1] INFO  server.RaftServerConfigKeys (ConfUtils.java:logGet(44)) - raft.server.log.appender.install.snapshot.enabled = false (custom)
2021-07-15 16:37:04,222 [pool-252-thread-1] INFO  server.RaftServer$Division (ServerState.java:<init>(105)) - 7bb90881-70ee-4b59-9518-5a5d97bf3fe4@group-324EC8E43CB0: ConfigurationManager, init=-1: [7bb90881-70ee-4b59-9518-5a5d97bf3fe4|rpc:127.0.0.1:37335|priority:1, 9009ae8a-6e34-4da8-a214-6d662c69877c|rpc:127.0.0.1:35469|priority:0, 7fea9b52-1b88-4603-b6bb-6748911f11bf|rpc:127.0.0.1:43849|priority:0], old=null, confs=<EMPTY_MAP>
2021-07-15 16:37:04,222 [pool-252-thread-1] INFO  server.RaftServerConfigKeys (ConfUtils.java:logGet(44)) - raft.server.storage.dir = [/home/runner/work/ozone/ozone/mnt/ozone/hadoop-ozone/integration-test/target/test-dir/MiniOzoneClusterImpl-8ef06965-d5c9-44f0-9cd1-4cafb8afe6ac/datanode-0/data/ratis] (custom)
2021-07-15 16:37:04,222 [pool-252-thread-1] INFO  server.RaftServerConfigKeys (ConfUtils.java:logGet(44)) - raft.server.log.corruption.policy = EXCEPTION (default)
2021-07-15 16:37:04,222 [pool-252-thread-1] INFO  storage.RaftStorageDirectory (RaftStorageDirectoryImpl.java:analyzeStorage(132)) - The storage directory /home/runner/work/ozone/ozone/mnt/ozone/hadoop-ozone/integration-test/target/test-dir/MiniOzoneClusterImpl-8ef06965-d5c9-44f0-9cd1-4cafb8afe6ac/datanode-0/data/ratis/fe2f9ccf-ac21-4967-b1a7-324ec8e43cb0 does not exist. Creating ...
2021-07-15 16:37:04,223 [pool-252-thread-1] INFO  storage.RaftStorageDirectory (RaftStorageDirectoryImpl.java:tryLock(215)) - Lock on /home/runner/work/ozone/ozone/mnt/ozone/hadoop-ozone/integration-test/target/test-dir/MiniOzoneClusterImpl-8ef06965-d5c9-44f0-9cd1-4cafb8afe6ac/datanode-0/data/ratis/fe2f9ccf-ac21-4967-b1a7-324ec8e43cb0/in_use.lock acquired by nodename 5190@fv-az151-474
2021-07-15 16:37:04,225 [pool-252-thread-1] INFO  storage.RaftStorage (RaftStorageImpl.java:format(87)) - Storage directory /home/runner/work/ozone/ozone/mnt/ozone/hadoop-ozone/integration-test/target/test-dir/MiniOzoneClusterImpl-8ef06965-d5c9-44f0-9cd1-4cafb8afe6ac/datanode-0/data/ratis/fe2f9ccf-ac21-4967-b1a7-324ec8e43cb0 has been successfully formatted.
2021-07-15 16:37:04,225 [pool-252-thread-1] INFO  ratis.ContainerStateMachine (ContainerStateMachine.java:loadSnapshot(223)) - group-324EC8E43CB0: The snapshot info is null. Setting the last applied indexto:(t:0, i:~)
2021-07-15 16:37:04,226 [EventQueue-OpenPipelineForHealthyPipelineSafeModeRule] INFO  safemode.SCMSafeModeManager (HealthyPipelineSafeModeRule.java:process(124)) - SCM in safe mode. Healthy pipelines reported count is 0, required healthy pipeline reported count is 1
2021-07-15 16:37:04,228 [pool-252-thread-1] INFO  server.RaftServerConfigKeys (ConfUtils.java:logGet(44)) - raft.server.notification.no-leader.timeout = 300s (custom)
2021-07-15 16:37:04,228 [pool-252-thread-1] INFO  server.RaftServerConfigKeys (ConfUtils.java:logGet(44)) - raft.server.log.use.memory = false (default)
2021-07-15 16:37:04,228 [pool-252-thread-1] INFO  server.RaftServerConfigKeys (ConfUtils.java:logGet(44)) - raft.server.log.purge.gap = 1000000 (custom)
2021-07-15 16:37:04,228 [pool-252-thread-1] INFO  server.RaftServerConfigKeys (ConfUtils.java:logGet(44)) - raft.server.log.appender.buffer.byte-limit = 33554432 (custom)
2021-07-15 16:37:04,228 [pool-252-thread-1] INFO  metrics.RatisMetrics (RatisMetrics.java:lambda$create$0(36)) - Creating Metrics Registry : ratis.log_worker.7bb90881-70ee-4b59-9518-5a5d97bf3fe4@group-324EC8E43CB0
2021-07-15 16:37:04,229 [pool-252-thread-1] INFO  server.RaftServerConfigKeys (ConfUtils.java:logGet(44)) - raft.server.log.segment.size.max = 1048576 (custom)
2021-07-15 16:37:04,229 [pool-252-thread-1] INFO  server.RaftServerConfigKeys (ConfUtils.java:logGet(44)) - raft.server.log.segment.cache.num.max = 2 (custom)
2021-07-15 16:37:04,229 [pool-252-thread-1] INFO  server.RaftServerConfigKeys (ConfUtils.java:logGet(44)) - raft.server.log.segment.cache.size.max = 200MB (=209715200) (default)
2021-07-15 16:37:04,229 [pool-252-thread-1] INFO  segmented.SegmentedRaftLogWorker (SegmentedRaftLogWorker.java:<init>(182)) - new 7bb90881-70ee-4b59-9518-5a5d97bf3fe4@group-324EC8E43CB0-SegmentedRaftLogWorker for RaftStorageImpl:Storage Directory /home/runner/work/ozone/ozone/mnt/ozone/hadoop-ozone/integration-test/target/test-dir/MiniOzoneClusterImpl-8ef06965-d5c9-44f0-9cd1-4cafb8afe6ac/datanode-0/data/ratis/fe2f9ccf-ac21-4967-b1a7-324ec8e43cb0
2021-07-15 16:37:04,229 [pool-252-thread-1] INFO  server.RaftServerConfigKeys (ConfUtils.java:logGet(44)) - raft.server.log.queue.byte-limit = 2147483647 (custom)
2021-07-15 16:37:04,229 [pool-252-thread-1] INFO  server.RaftServerConfigKeys (ConfUtils.java:logGet(44)) - raft.server.log.queue.element-limit = 1024 (custom)
2021-07-15 16:37:04,231 [pool-252-thread-1] INFO  server.RaftServerConfigKeys (ConfUtils.java:logGet(44)) - raft.server.log.segment.size.max = 1048576 (custom)
2021-07-15 16:37:04,231 [pool-252-thread-1] INFO  server.RaftServerConfigKeys (ConfUtils.java:logGet(44)) - raft.server.log.preallocated.size = 16384 (custom)
2021-07-15 16:37:04,231 [pool-252-thread-1] INFO  server.RaftServerConfigKeys (ConfUtils.java:logGet(44)) - raft.server.log.force.sync.num = 128 (default)
2021-07-15 16:37:04,231 [pool-252-thread-1] INFO  server.RaftServerConfigKeys (ConfUtils.java:logGet(44)) - raft.server.log.statemachine.data.sync = true (default)
2021-07-15 16:37:04,231 [pool-252-thread-1] INFO  server.RaftServerConfigKeys (ConfUtils.java:logGet(44)) - raft.server.log.statemachine.data.sync.timeout = 10s (default)
2021-07-15 16:37:04,231 [pool-252-thread-1] INFO  server.RaftServerConfigKeys (ConfUtils.java:logGet(44)) - raft.server.log.statemachine.data.sync.timeout.retry = -1 (default)
2021-07-15 16:37:04,232 [pool-252-thread-1] INFO  server.RaftServerConfigKeys (ConfUtils.java:logGet(44)) - raft.server.log.write.buffer.size = 1048576 (custom)
2021-07-15 16:37:04,233 [pool-252-thread-1] INFO  server.RaftServerConfigKeys (ConfUtils.java:logGet(44)) - raft.server.log.statemachine.data.caching.enabled = true (custom)
2021-07-15 16:37:04,233 [pool-252-thread-1] INFO  segmented.SegmentedRaftLogWorker (SegmentedRaftLogWorker.java:lambda$new$0(133)) - 7bb90881-70ee-4b59-9518-5a5d97bf3fe4@group-324EC8E43CB0-SegmentedRaftLogWorker: flushIndex: setUnconditionally 0 -> -1
2021-07-15 16:37:04,233 [pool-252-thread-1] INFO  segmented.SegmentedRaftLogWorker (SegmentedRaftLogWorker.java:lambda$new$0(133)) - 7bb90881-70ee-4b59-9518-5a5d97bf3fe4@group-324EC8E43CB0-SegmentedRaftLogWorker: safeCacheEvictIndex: setUnconditionally 0 -> -1
2021-07-15 16:37:04,234 [pool-252-thread-1] INFO  server.RaftServerConfigKeys (ConfUtils.java:logGet(44)) - raft.server.snapshot.auto.trigger.enabled = true (custom)
2021-07-15 16:37:04,234 [pool-252-thread-1] INFO  server.RaftServerConfigKeys (ConfUtils.java:logGet(44)) - raft.server.snapshot.auto.trigger.threshold = 10000 (custom)
2021-07-15 16:37:04,234 [pool-252-thread-1] INFO  server.RaftServerConfigKeys (ConfUtils.java:logGet(44)) - raft.server.snapshot.retention.file.num = 5 (custom)
2021-07-15 16:37:04,234 [pool-252-thread-1] INFO  server.RaftServerConfigKeys (ConfUtils.java:logGet(44)) - raft.server.log.purge.upto.snapshot.index = false (default)
2021-07-15 16:37:04,234 [pool-252-thread-1] INFO  server.RaftServerConfigKeys (ConfUtils.java:logGet(44)) - raft.server.retrycache.expirytime = 600000ms (custom)
2021-07-15 16:37:04,234 [pool-252-thread-1] INFO  server.RaftServerConfigKeys (ConfUtils.java:logGet(44)) - raft.server.retrycache.statistics.expirytime = 100μs (default)
2021-07-15 16:37:04,234 [pool-252-thread-1] INFO  metrics.RatisMetrics (RatisMetrics.java:lambda$create$0(36)) - Creating Metrics Registry : ratis.leader_election.7bb90881-70ee-4b59-9518-5a5d97bf3fe4@group-324EC8E43CB0
2021-07-15 16:37:04,235 [pool-252-thread-1] INFO  metrics.RatisMetrics (RatisMetrics.java:lambda$create$0(36)) - Creating Metrics Registry : ratis.server.7bb90881-70ee-4b59-9518-5a5d97bf3fe4@group-324EC8E43CB0
2021-07-15 16:37:04,235 [pool-252-thread-1] INFO  server.RaftServer$Division (RaftServerImpl.java:start(295)) - 7bb90881-70ee-4b59-9518-5a5d97bf3fe4@group-324EC8E43CB0: start as a follower, conf=-1: [7bb90881-70ee-4b59-9518-5a5d97bf3fe4|rpc:127.0.0.1:37335|priority:1, 9009ae8a-6e34-4da8-a214-6d662c69877c|rpc:127.0.0.1:35469|priority:0, 7fea9b52-1b88-4603-b6bb-6748911f11bf|rpc:127.0.0.1:43849|priority:0], old=null
2021-07-15 16:37:04,235 [pool-252-thread-1] INFO  server.RaftServer$Division (RaftServerImpl.java:setRole(284)) - 7bb90881-70ee-4b59-9518-5a5d97bf3fe4@group-324EC8E43CB0: changes role from      null to FOLLOWER at term 0 for startAsFollower
2021-07-15 16:37:04,235 [pool-252-thread-1] INFO  impl.RoleInfo (RoleInfo.java:updateAndGet(130)) - 7bb90881-70ee-4b59-9518-5a5d97bf3fe4: start 7bb90881-70ee-4b59-9518-5a5d97bf3fe4@group-324EC8E43CB0-FollowerState
2021-07-15 16:37:04,238 [pool-252-thread-1] INFO  util.JmxRegister (JmxRegister.java:tryRegister(44)) - Successfully registered JMX Bean with object name Ratis:service=RaftServer,group=group-324EC8E43CB0,id=7bb90881-70ee-4b59-9518-5a5d97bf3fe4
2021-07-15 16:37:04,238 [pool-252-thread-1] INFO  metrics.RatisMetrics (RatisMetrics.java:lambda$create$0(36)) - Creating Metrics Registry : ratis.state_machine.7bb90881-70ee-4b59-9518-5a5d97bf3fe4@group-324EC8E43CB0
2021-07-15 16:37:04,244 [Command processor thread] INFO  ratis.XceiverServerRatis (XceiverServerRatis.java:addGroup(759)) - Created group PipelineID=fe2f9ccf-ac21-4967-b1a7-324ec8e43cb0
2021-07-15 16:37:04,245 [Command processor thread] INFO  metrics.RatisMetrics (RatisMetrics.java:lambda$create$0(36)) - Creating Metrics Registry : ratis.client_message_metrics.client-929AD2F35914->9009ae8a-6e34-4da8-a214-6d662c69877c
2021-07-15 16:37:04,250 [Command processor thread] INFO  server.RaftServer (RaftServerProxy.java:addNew(95)) - 9009ae8a-6e34-4da8-a214-6d662c69877c: addNew group-446952105CA5:[9009ae8a-6e34-4da8-a214-6d662c69877c|rpc:127.0.0.1:35469|priority:1] returns group-446952105CA5:java.util.concurrent.CompletableFuture@7bb1ee8d[Not completed]
2021-07-15 16:37:04,251 [pool-272-thread-1] INFO  server.RaftServer$Division (RaftServerImpl.java:<init>(180)) - 9009ae8a-6e34-4da8-a214-6d662c69877c: new RaftServerImpl for group-446952105CA5:[9009ae8a-6e34-4da8-a214-6d662c69877c|rpc:127.0.0.1:35469|priority:1] with ContainerStateMachine:uninitialized
2021-07-15 16:37:04,251 [pool-272-thread-1] INFO  server.RaftServerConfigKeys (ConfUtils.java:logGet(44)) - raft.server.rpc.timeout.min = 5s (custom)
2021-07-15 16:37:04,251 [pool-272-thread-1] INFO  server.RaftServerConfigKeys (ConfUtils.java:logGet(44)) - raft.server.rpc.timeout.max = 5200ms (custom)
2021-07-15 16:37:04,251 [pool-272-thread-1] INFO  server.RaftServerConfigKeys (ConfUtils.java:logGet(44)) - raft.server.rpc.sleep.time = 25ms (default)
2021-07-15 16:37:04,251 [pool-272-thread-1] INFO  server.RaftServerConfigKeys (ConfUtils.java:logGet(44)) - raft.server.rpc.slowness.timeout = 300s (custom)
2021-07-15 16:37:04,251 [pool-272-thread-1] INFO  server.RaftServerConfigKeys (ConfUtils.java:logGet(44)) - raft.server.leaderelection.leader.step-down.wait-time = 10s (default)
2021-07-15 16:37:04,251 [pool-272-thread-1] INFO  server.RaftServerConfigKeys (ConfUtils.java:logGet(44)) - raft.server.sleep.deviation.threshold = 300ms (default)
2021-07-15 16:37:04,251 [pool-272-thread-1] INFO  server.RaftServerConfigKeys (ConfUtils.java:logGet(44)) - raft.server.log.appender.install.snapshot.enabled = false (custom)
2021-07-15 16:37:04,251 [pool-272-thread-1] INFO  server.RaftServer$Division (ServerState.java:<init>(105)) - 9009ae8a-6e34-4da8-a214-6d662c69877c@group-446952105CA5: ConfigurationManager, init=-1: [9009ae8a-6e34-4da8-a214-6d662c69877c|rpc:127.0.0.1:35469|priority:1], old=null, confs=<EMPTY_MAP>
2021-07-15 16:37:04,251 [pool-272-thread-1] INFO  server.RaftServerConfigKeys (ConfUtils.java:logGet(44)) - raft.server.storage.dir = [/home/runner/work/ozone/ozone/mnt/ozone/hadoop-ozone/integration-test/target/test-dir/MiniOzoneClusterImpl-8ef06965-d5c9-44f0-9cd1-4cafb8afe6ac/datanode-1/data/ratis] (custom)
2021-07-15 16:37:04,252 [pool-272-thread-1] INFO  server.RaftServerConfigKeys (ConfUtils.java:logGet(44)) - raft.server.log.corruption.policy = EXCEPTION (default)
2021-07-15 16:37:04,252 [pool-272-thread-1] INFO  storage.RaftStorageDirectory (RaftStorageDirectoryImpl.java:analyzeStorage(132)) - The storage directory /home/runner/work/ozone/ozone/mnt/ozone/hadoop-ozone/integration-test/target/test-dir/MiniOzoneClusterImpl-8ef06965-d5c9-44f0-9cd1-4cafb8afe6ac/datanode-1/data/ratis/1612808e-69c7-4564-8595-446952105ca5 does not exist. Creating ...
2021-07-15 16:37:04,254 [pool-272-thread-1] INFO  storage.RaftStorageDirectory (RaftStorageDirectoryImpl.java:tryLock(215)) - Lock on /home/runner/work/ozone/ozone/mnt/ozone/hadoop-ozone/integration-test/target/test-dir/MiniOzoneClusterImpl-8ef06965-d5c9-44f0-9cd1-4cafb8afe6ac/datanode-1/data/ratis/1612808e-69c7-4564-8595-446952105ca5/in_use.lock acquired by nodename 5190@fv-az151-474
2021-07-15 16:37:04,254 [grpc-default-executor-3] INFO  server.RaftServer (RaftServerProxy.java:addNew(95)) - 9009ae8a-6e34-4da8-a214-6d662c69877c: addNew group-324EC8E43CB0:[7bb90881-70ee-4b59-9518-5a5d97bf3fe4|rpc:127.0.0.1:37335|dataStream:|priority:1, 9009ae8a-6e34-4da8-a214-6d662c69877c|rpc:127.0.0.1:35469|dataStream:|priority:0, 7fea9b52-1b88-4603-b6bb-6748911f11bf|rpc:127.0.0.1:43849|dataStream:|priority:0] returns group-324EC8E43CB0:java.util.concurrent.CompletableFuture@3d532276[Not completed]
2021-07-15 16:37:04,256 [pool-272-thread-1] INFO  storage.RaftStorage (RaftStorageImpl.java:format(87)) - Storage directory /home/runner/work/ozone/ozone/mnt/ozone/hadoop-ozone/integration-test/target/test-dir/MiniOzoneClusterImpl-8ef06965-d5c9-44f0-9cd1-4cafb8afe6ac/datanode-1/data/ratis/1612808e-69c7-4564-8595-446952105ca5 has been successfully formatted.
2021-07-15 16:37:04,257 [EventQueue-PipelineReportForPipelineReportHandler] INFO  pipeline.PipelineManagerV2Impl (PipelineManagerV2Impl.java:openPipeline(283)) - Pipeline Pipeline[ Id: 1612808e-69c7-4564-8595-446952105ca5, Nodes: 9009ae8a-6e34-4da8-a214-6d662c69877c{ip: 127.0.0.1, host: localhost, ports: [REPLICATION=32871, RATIS=35469, RATIS_ADMIN=35469, RATIS_SERVER=35469, STANDALONE=38347], networkLocation: /default-rack, certSerialId: null, persistedOpState: IN_SERVICE, persistedOpStateExpiryEpochSec: 0}, ReplicationConfig: RATIS/ONE, State:ALLOCATED, leaderId:9009ae8a-6e34-4da8-a214-6d662c69877c, CreationTimestamp2021-07-15T16:37:01.255Z[Etc/UTC]] moved to OPEN state
2021-07-15 16:37:04,259 [EventQueue-PipelineReportForPipelineReportHandler] INFO  pipeline.PipelineManagerV2Impl (PipelineManagerV2Impl.java:openPipeline(283)) - Pipeline Pipeline[ Id: 1612808e-69c7-4564-8595-446952105ca5, Nodes: 9009ae8a-6e34-4da8-a214-6d662c69877c{ip: 127.0.0.1, host: localhost, ports: [REPLICATION=32871, RATIS=35469, RATIS_ADMIN=35469, RATIS_SERVER=35469, STANDALONE=38347], networkLocation: /default-rack, certSerialId: null, persistedOpState: IN_SERVICE, persistedOpStateExpiryEpochSec: 0}, ReplicationConfig: RATIS/ONE, State:ALLOCATED, leaderId:9009ae8a-6e34-4da8-a214-6d662c69877c, CreationTimestamp2021-07-15T16:37:01.255Z[Etc/UTC]] moved to OPEN state
2021-07-15 16:37:04,259 [EventQueue-PipelineReportForPipelineReportHandler] INFO  ha.SCMHAInvocationHandler (SCMHAInvocationHandler.java:invokeRatis(113)) - Invoking method public abstract void org.apache.hadoop.hdds.scm.pipeline.StateManager.updatePipelineState(org.apache.hadoop.hdds.protocol.proto.HddsProtos$PipelineID,org.apache.hadoop.hdds.protocol.proto.HddsProtos$PipelineState) throws java.io.IOException on target org.apache.hadoop.hdds.scm.ha.SCMRatisServerImpl@5cdc53e2, cost 297.601us
2021-07-15 16:37:04,261 [pool-272-thread-1] INFO  ratis.ContainerStateMachine (ContainerStateMachine.java:loadSnapshot(223)) - group-446952105CA5: The snapshot info is null. Setting the last applied indexto:(t:0, i:~)
2021-07-15 16:37:04,261 [pool-272-thread-1] INFO  server.RaftServerConfigKeys (ConfUtils.java:logGet(44)) - raft.server.notification.no-leader.timeout = 300s (custom)
2021-07-15 16:37:04,261 [pool-272-thread-1] INFO  server.RaftServerConfigKeys (ConfUtils.java:logGet(44)) - raft.server.log.use.memory = false (default)
2021-07-15 16:37:04,261 [pool-272-thread-1] INFO  server.RaftServerConfigKeys (ConfUtils.java:logGet(44)) - raft.server.log.purge.gap = 1000000 (custom)
2021-07-15 16:37:04,261 [pool-272-thread-1] INFO  server.RaftServerConfigKeys (ConfUtils.java:logGet(44)) - raft.server.log.appender.buffer.byte-limit = 33554432 (custom)
2021-07-15 16:37:04,261 [pool-272-thread-1] INFO  metrics.RatisMetrics (RatisMetrics.java:lambda$create$0(36)) - Creating Metrics Registry : ratis.log_worker.9009ae8a-6e34-4da8-a214-6d662c69877c@group-446952105CA5
2021-07-15 16:37:04,262 [pool-272-thread-1] INFO  server.RaftServerConfigKeys (ConfUtils.java:logGet(44)) - raft.server.log.segment.size.max = 1048576 (custom)
2021-07-15 16:37:04,264 [pool-272-thread-1] INFO  server.RaftServerConfigKeys (ConfUtils.java:logGet(44)) - raft.server.log.segment.cache.num.max = 2 (custom)
2021-07-15 16:37:04,264 [pool-272-thread-1] INFO  server.RaftServerConfigKeys (ConfUtils.java:logGet(44)) - raft.server.log.segment.cache.size.max = 200MB (=209715200) (default)
2021-07-15 16:37:04,264 [pool-272-thread-1] INFO  segmented.SegmentedRaftLogWorker (SegmentedRaftLogWorker.java:<init>(182)) - new 9009ae8a-6e34-4da8-a214-6d662c69877c@group-446952105CA5-SegmentedRaftLogWorker for RaftStorageImpl:Storage Directory /home/runner/work/ozone/ozone/mnt/ozone/hadoop-ozone/integration-test/target/test-dir/MiniOzoneClusterImpl-8ef06965-d5c9-44f0-9cd1-4cafb8afe6ac/datanode-1/data/ratis/1612808e-69c7-4564-8595-446952105ca5
2021-07-15 16:37:04,264 [pool-272-thread-1] INFO  server.RaftServerConfigKeys (ConfUtils.java:logGet(44)) - raft.server.log.queue.byte-limit = 2147483647 (custom)
2021-07-15 16:37:04,265 [pool-272-thread-1] INFO  server.RaftServerConfigKeys (ConfUtils.java:logGet(44)) - raft.server.log.queue.element-limit = 1024 (custom)
2021-07-15 16:37:04,265 [pool-272-thread-1] INFO  server.RaftServerConfigKeys (ConfUtils.java:logGet(44)) - raft.server.log.segment.size.max = 1048576 (custom)
2021-07-15 16:37:04,265 [pool-272-thread-1] INFO  server.RaftServerConfigKeys (ConfUtils.java:logGet(44)) - raft.server.log.preallocated.size = 16384 (custom)
2021-07-15 16:37:04,265 [pool-272-thread-1] INFO  server.RaftServerConfigKeys (ConfUtils.java:logGet(44)) - raft.server.log.force.sync.num = 128 (default)
2021-07-15 16:37:04,265 [pool-272-thread-1] INFO  server.RaftServerConfigKeys (ConfUtils.java:logGet(44)) - raft.server.log.statemachine.data.sync = true (default)
2021-07-15 16:37:04,265 [pool-272-thread-1] INFO  server.RaftServerConfigKeys (ConfUtils.java:logGet(44)) - raft.server.log.statemachine.data.sync.timeout = 10s (default)
2021-07-15 16:37:04,265 [pool-272-thread-1] INFO  server.RaftServerConfigKeys (ConfUtils.java:logGet(44)) - raft.server.log.statemachine.data.sync.timeout.retry = -1 (default)
2021-07-15 16:37:04,266 [pool-272-thread-1] INFO  server.RaftServerConfigKeys (ConfUtils.java:logGet(44)) - raft.server.log.write.buffer.size = 1048576 (custom)
2021-07-15 16:37:04,267 [pool-272-thread-1] INFO  server.RaftServerConfigKeys (ConfUtils.java:logGet(44)) - raft.server.log.statemachine.data.caching.enabled = true (custom)
2021-07-15 16:37:04,267 [pool-272-thread-1] INFO  segmented.SegmentedRaftLogWorker (SegmentedRaftLogWorker.java:lambda$new$0(133)) - 9009ae8a-6e34-4da8-a214-6d662c69877c@group-446952105CA5-SegmentedRaftLogWorker: flushIndex: setUnconditionally 0 -> -1
2021-07-15 16:37:04,267 [pool-272-thread-1] INFO  segmented.SegmentedRaftLogWorker (SegmentedRaftLogWorker.java:lambda$new$0(133)) - 9009ae8a-6e34-4da8-a214-6d662c69877c@group-446952105CA5-SegmentedRaftLogWorker: safeCacheEvictIndex: setUnconditionally 0 -> -1
2021-07-15 16:37:04,268 [6394c69b-367f-4a62-9595-acf3eb8c80db@group-4CAFB8AFE6AC-StateMachineUpdater] INFO  safemode.HealthyPipelineSafeModeRule (HealthyPipelineSafeModeRule.java:initializeRule(152)) - Refreshed total pipeline count is 0, healthy pipeline threshold count is 1
2021-07-15 16:37:04,268 [EventQueue-PipelineReportForPipelineReportHandler] INFO  ha.SCMHAInvocationHandler (SCMHAInvocationHandler.java:invokeRatis(113)) - Invoking method public abstract void org.apache.hadoop.hdds.scm.pipeline.StateManager.updatePipelineState(org.apache.hadoop.hdds.protocol.proto.HddsProtos$PipelineID,org.apache.hadoop.hdds.protocol.proto.HddsProtos$PipelineState) throws java.io.IOException on target org.apache.hadoop.hdds.scm.ha.SCMRatisServerImpl@5baff918, cost 10717.545us
2021-07-15 16:37:04,269 [EventQueue-OpenPipelineForHealthyPipelineSafeModeRule] INFO  safemode.SCMSafeModeManager (HealthyPipelineSafeModeRule.java:process(124)) - SCM in safe mode. Healthy pipelines reported count is 0, required healthy pipeline reported count is 1
2021-07-15 16:37:04,270 [pool-272-thread-1] INFO  server.RaftServerConfigKeys (ConfUtils.java:logGet(44)) - raft.server.snapshot.auto.trigger.enabled = true (custom)
2021-07-15 16:37:04,270 [pool-272-thread-1] INFO  server.RaftServerConfigKeys (ConfUtils.java:logGet(44)) - raft.server.snapshot.auto.trigger.threshold = 10000 (custom)
2021-07-15 16:37:04,270 [pool-272-thread-1] INFO  server.RaftServerConfigKeys (ConfUtils.java:logGet(44)) - raft.server.snapshot.retention.file.num = 5 (custom)
2021-07-15 16:37:04,270 [pool-272-thread-1] INFO  server.RaftServerConfigKeys (ConfUtils.java:logGet(44)) - raft.server.log.purge.upto.snapshot.index = false (default)
2021-07-15 16:37:04,270 [pool-272-thread-1] INFO  server.RaftServerConfigKeys (ConfUtils.java:logGet(44)) - raft.server.retrycache.expirytime = 600000ms (custom)
2021-07-15 16:37:04,270 [pool-272-thread-1] INFO  server.RaftServerConfigKeys (ConfUtils.java:logGet(44)) - raft.server.retrycache.statistics.expirytime = 100μs (default)
2021-07-15 16:37:04,270 [pool-272-thread-1] INFO  metrics.RatisMetrics (RatisMetrics.java:lambda$create$0(36)) - Creating Metrics Registry : ratis.leader_election.9009ae8a-6e34-4da8-a214-6d662c69877c@group-446952105CA5
2021-07-15 16:37:04,271 [pool-272-thread-1] INFO  metrics.RatisMetrics (RatisMetrics.java:lambda$create$0(36)) - Creating Metrics Registry : ratis.server.9009ae8a-6e34-4da8-a214-6d662c69877c@group-446952105CA5
2021-07-15 16:37:04,272 [pool-272-thread-1] INFO  server.RaftServer$Division (RaftServerImpl.java:<init>(180)) - 9009ae8a-6e34-4da8-a214-6d662c69877c: new RaftServerImpl for group-324EC8E43CB0:[7bb90881-70ee-4b59-9518-5a5d97bf3fe4|rpc:127.0.0.1:37335|dataStream:|priority:1, 9009ae8a-6e34-4da8-a214-6d662c69877c|rpc:127.0.0.1:35469|dataStream:|priority:0, 7fea9b52-1b88-4603-b6bb-6748911f11bf|rpc:127.0.0.1:43849|dataStream:|priority:0] with ContainerStateMachine:uninitialized
2021-07-15 16:37:04,272 [pool-272-thread-1] INFO  server.RaftServerConfigKeys (ConfUtils.java:logGet(44)) - raft.server.rpc.timeout.min = 5s (custom)
2021-07-15 16:37:04,272 [pool-272-thread-1] INFO  server.RaftServerConfigKeys (ConfUtils.java:logGet(44)) - raft.server.rpc.timeout.max = 5200ms (custom)
2021-07-15 16:37:04,272 [pool-272-thread-1] INFO  server.RaftServerConfigKeys (ConfUtils.java:logGet(44)) - raft.server.rpc.sleep.time = 25ms (default)
2021-07-15 16:37:04,272 [pool-272-thread-1] INFO  server.RaftServerConfigKeys (ConfUtils.java:logGet(44)) - raft.server.rpc.slowness.timeout = 300s (custom)
2021-07-15 16:37:04,272 [pool-272-thread-1] INFO  server.RaftServerConfigKeys (ConfUtils.java:logGet(44)) - raft.server.leaderelection.leader.step-down.wait-time = 10s (default)
2021-07-15 16:37:04,272 [pool-272-thread-1] INFO  server.RaftServerConfigKeys (ConfUtils.java:logGet(44)) - raft.server.sleep.deviation.threshold = 300ms (default)
2021-07-15 16:37:04,273 [pool-272-thread-1] INFO  server.RaftServerConfigKeys (ConfUtils.java:logGet(44)) - raft.server.log.appender.install.snapshot.enabled = false (custom)
2021-07-15 16:37:04,273 [pool-272-thread-1] INFO  server.RaftServer$Division (ServerState.java:<init>(105)) - 9009ae8a-6e34-4da8-a214-6d662c69877c@group-324EC8E43CB0: ConfigurationManager, init=-1: [7bb90881-70ee-4b59-9518-5a5d97bf3fe4|rpc:127.0.0.1:37335|dataStream:|priority:1, 9009ae8a-6e34-4da8-a214-6d662c69877c|rpc:127.0.0.1:35469|dataStream:|priority:0, 7fea9b52-1b88-4603-b6bb-6748911f11bf|rpc:127.0.0.1:43849|dataStream:|priority:0], old=null, confs=<EMPTY_MAP>
2021-07-15 16:37:04,273 [pool-272-thread-1] INFO  server.RaftServerConfigKeys (ConfUtils.java:logGet(44)) - raft.server.storage.dir = [/home/runner/work/ozone/ozone/mnt/ozone/hadoop-ozone/integration-test/target/test-dir/MiniOzoneClusterImpl-8ef06965-d5c9-44f0-9cd1-4cafb8afe6ac/datanode-1/data/ratis] (custom)
2021-07-15 16:37:04,273 [pool-272-thread-1] INFO  server.RaftServerConfigKeys (ConfUtils.java:logGet(44)) - raft.server.log.corruption.policy = EXCEPTION (default)
2021-07-15 16:37:04,273 [pool-272-thread-1] INFO  storage.RaftStorageDirectory (RaftStorageDirectoryImpl.java:analyzeStorage(132)) - The storage directory /home/runner/work/ozone/ozone/mnt/ozone/hadoop-ozone/integration-test/target/test-dir/MiniOzoneClusterImpl-8ef06965-d5c9-44f0-9cd1-4cafb8afe6ac/datanode-1/data/ratis/fe2f9ccf-ac21-4967-b1a7-324ec8e43cb0 does not exist. Creating ...
2021-07-15 16:37:04,274 [3f02e2f7-a9fe-43aa-a16a-2bf2030dc8fd@group-4CAFB8AFE6AC-StateMachineUpdater] INFO  safemode.HealthyPipelineSafeModeRule (HealthyPipelineSafeModeRule.java:initializeRule(152)) - Refreshed total pipeline count is 0, healthy pipeline threshold count is 1
2021-07-15 16:37:04,274 [pool-272-thread-1] INFO  storage.RaftStorageDirectory (RaftStorageDirectoryImpl.java:tryLock(215)) - Lock on /home/runner/work/ozone/ozone/mnt/ozone/hadoop-ozone/integration-test/target/test-dir/MiniOzoneClusterImpl-8ef06965-d5c9-44f0-9cd1-4cafb8afe6ac/datanode-1/data/ratis/fe2f9ccf-ac21-4967-b1a7-324ec8e43cb0/in_use.lock acquired by nodename 5190@fv-az151-474
2021-07-15 16:37:04,275 [6394c69b-367f-4a62-9595-acf3eb8c80db@group-4CAFB8AFE6AC-StateMachineUpdater] INFO  ha.SCMStateMachine (SCMStateMachine.java:takeSnapshot(290)) - Current Snapshot Index 20, takeSnapshot took 0 ms
2021-07-15 16:37:04,275 [6394c69b-367f-4a62-9595-acf3eb8c80db@group-4CAFB8AFE6AC-StateMachineUpdater] INFO  impl.StateMachineUpdater (StateMachineUpdater.java:takeSnapshot(281)) - 6394c69b-367f-4a62-9595-acf3eb8c80db@group-4CAFB8AFE6AC-StateMachineUpdater: Took a snapshot at index 20
2021-07-15 16:37:04,275 [6394c69b-367f-4a62-9595-acf3eb8c80db@group-4CAFB8AFE6AC-StateMachineUpdater] INFO  impl.StateMachineUpdater (StateMachineUpdater.java:lambda$new$0(89)) - 6394c69b-367f-4a62-9595-acf3eb8c80db@group-4CAFB8AFE6AC-StateMachineUpdater: snapshotIndex: updateIncreasingly 15 -> 20
2021-07-15 16:37:04,275 [6394c69b-367f-4a62-9595-acf3eb8c80db@group-4CAFB8AFE6AC-StateMachineUpdater] INFO  raftlog.RaftLog (RaftLogBase.java:purge(306)) - 6394c69b-367f-4a62-9595-acf3eb8c80db@group-4CAFB8AFE6AC-SegmentedRaftLog: purge 20
2021-07-15 16:37:04,275 [6394c69b-367f-4a62-9595-acf3eb8c80db@group-4CAFB8AFE6AC-StateMachineUpdater] INFO  raftlog.RaftLog (RaftLogBase.java:lambda$new$0(53)) - 6394c69b-367f-4a62-9595-acf3eb8c80db@group-4CAFB8AFE6AC-SegmentedRaftLog: snapshotIndex: updateIncreasingly 15 -> 20
2021-07-15 16:37:04,275 [6394c69b-367f-4a62-9595-acf3eb8c80db@group-4CAFB8AFE6AC-StateMachineUpdater] INFO  raftlog.RaftLog (RaftLogBase.java:lambda$new$0(53)) - 6394c69b-367f-4a62-9595-acf3eb8c80db@group-4CAFB8AFE6AC-SegmentedRaftLog: purgeIndex: updateToMax old=15, new=20, updated? true
2021-07-15 16:37:04,276 [pool-272-thread-1] INFO  storage.RaftStorage (RaftStorageImpl.java:format(87)) - Storage directory /home/runner/work/ozone/ozone/mnt/ozone/hadoop-ozone/integration-test/target/test-dir/MiniOzoneClusterImpl-8ef06965-d5c9-44f0-9cd1-4cafb8afe6ac/datanode-1/data/ratis/fe2f9ccf-ac21-4967-b1a7-324ec8e43cb0 has been successfully formatted.
2021-07-15 16:37:04,276 [pool-272-thread-1] INFO  ratis.ContainerStateMachine (ContainerStateMachine.java:loadSnapshot(223)) - group-324EC8E43CB0: The snapshot info is null. Setting the last applied indexto:(t:0, i:~)
2021-07-15 16:37:04,276 [pool-272-thread-1] INFO  server.RaftServerConfigKeys (ConfUtils.java:logGet(44)) - raft.server.notification.no-leader.timeout = 300s (custom)
2021-07-15 16:37:04,276 [pool-272-thread-1] INFO  server.RaftServerConfigKeys (ConfUtils.java:logGet(44)) - raft.server.log.use.memory = false (default)
2021-07-15 16:37:04,276 [pool-272-thread-1] INFO  server.RaftServerConfigKeys (ConfUtils.java:logGet(44)) - raft.server.log.purge.gap = 1000000 (custom)
2021-07-15 16:37:04,276 [pool-272-thread-1] INFO  server.RaftServerConfigKeys (ConfUtils.java:logGet(44)) - raft.server.log.appender.buffer.byte-limit = 33554432 (custom)
2021-07-15 16:37:04,276 [pool-272-thread-1] INFO  metrics.RatisMetrics (RatisMetrics.java:lambda$create$0(36)) - Creating Metrics Registry : ratis.log_worker.9009ae8a-6e34-4da8-a214-6d662c69877c@group-324EC8E43CB0
2021-07-15 16:37:04,276 [pool-272-thread-1] INFO  server.RaftServerConfigKeys (ConfUtils.java:logGet(44)) - raft.server.log.segment.size.max = 1048576 (custom)
2021-07-15 16:37:04,277 [pool-272-thread-1] INFO  server.RaftServerConfigKeys (ConfUtils.java:logGet(44)) - raft.server.log.segment.cache.num.max = 2 (custom)
2021-07-15 16:37:04,277 [pool-272-thread-1] INFO  server.RaftServerConfigKeys (ConfUtils.java:logGet(44)) - raft.server.log.segment.cache.size.max = 200MB (=209715200) (default)
2021-07-15 16:37:04,277 [pool-272-thread-1] INFO  segmented.SegmentedRaftLogWorker (SegmentedRaftLogWorker.java:<init>(182)) - new 9009ae8a-6e34-4da8-a214-6d662c69877c@group-324EC8E43CB0-SegmentedRaftLogWorker for RaftStorageImpl:Storage Directory /home/runner/work/ozone/ozone/mnt/ozone/hadoop-ozone/integration-test/target/test-dir/MiniOzoneClusterImpl-8ef06965-d5c9-44f0-9cd1-4cafb8afe6ac/datanode-1/data/ratis/fe2f9ccf-ac21-4967-b1a7-324ec8e43cb0
2021-07-15 16:37:04,277 [pool-272-thread-1] INFO  server.RaftServerConfigKeys (ConfUtils.java:logGet(44)) - raft.server.log.queue.byte-limit = 2147483647 (custom)
2021-07-15 16:37:04,277 [pool-272-thread-1] INFO  server.RaftServerConfigKeys (ConfUtils.java:logGet(44)) - raft.server.log.queue.element-limit = 1024 (custom)
2021-07-15 16:37:04,277 [pool-272-thread-1] INFO  server.RaftServerConfigKeys (ConfUtils.java:logGet(44)) - raft.server.log.segment.size.max = 1048576 (custom)
2021-07-15 16:37:04,277 [pool-272-thread-1] INFO  server.RaftServerConfigKeys (ConfUtils.java:logGet(44)) - raft.server.log.preallocated.size = 16384 (custom)
2021-07-15 16:37:04,277 [pool-272-thread-1] INFO  server.RaftServerConfigKeys (ConfUtils.java:logGet(44)) - raft.server.log.force.sync.num = 128 (default)
2021-07-15 16:37:04,277 [EventQueue-OpenPipelineForHealthyPipelineSafeModeRule] INFO  safemode.SCMSafeModeManager (HealthyPipelineSafeModeRule.java:process(124)) - SCM in safe mode. Healthy pipelines reported count is 0, required healthy pipeline reported count is 1
2021-07-15 16:37:04,277 [pool-272-thread-1] INFO  server.RaftServerConfigKeys (ConfUtils.java:logGet(44)) - raft.server.log.statemachine.data.sync = true (default)
2021-07-15 16:37:04,277 [pool-272-thread-1] INFO  server.RaftServerConfigKeys (ConfUtils.java:logGet(44)) - raft.server.log.statemachine.data.sync.timeout = 10s (default)
2021-07-15 16:37:04,277 [pool-272-thread-1] INFO  server.RaftServerConfigKeys (ConfUtils.java:logGet(44)) - raft.server.log.statemachine.data.sync.timeout.retry = -1 (default)
2021-07-15 16:37:04,278 [EventQueue-OpenPipelineForHealthyPipelineSafeModeRule] INFO  safemode.SCMSafeModeManager (HealthyPipelineSafeModeRule.java:process(124)) - SCM in safe mode. Healthy pipelines reported count is 0, required healthy pipeline reported count is 1
2021-07-15 16:37:04,279 [pool-272-thread-1] INFO  server.RaftServerConfigKeys (ConfUtils.java:logGet(44)) - raft.server.log.write.buffer.size = 1048576 (custom)
2021-07-15 16:37:04,280 [pool-272-thread-1] INFO  server.RaftServerConfigKeys (ConfUtils.java:logGet(44)) - raft.server.log.statemachine.data.caching.enabled = true (custom)
2021-07-15 16:37:04,280 [pool-272-thread-1] INFO  segmented.SegmentedRaftLogWorker (SegmentedRaftLogWorker.java:lambda$new$0(133)) - 9009ae8a-6e34-4da8-a214-6d662c69877c@group-324EC8E43CB0-SegmentedRaftLogWorker: flushIndex: setUnconditionally 0 -> -1
2021-07-15 16:37:04,280 [pool-272-thread-1] INFO  segmented.SegmentedRaftLogWorker (SegmentedRaftLogWorker.java:lambda$new$0(133)) - 9009ae8a-6e34-4da8-a214-6d662c69877c@group-324EC8E43CB0-SegmentedRaftLogWorker: safeCacheEvictIndex: setUnconditionally 0 -> -1
2021-07-15 16:37:04,280 [pool-272-thread-1] INFO  server.RaftServerConfigKeys (ConfUtils.java:logGet(44)) - raft.server.snapshot.auto.trigger.enabled = true (custom)
2021-07-15 16:37:04,280 [pool-272-thread-1] INFO  server.RaftServerConfigKeys (ConfUtils.java:logGet(44)) - raft.server.snapshot.auto.trigger.threshold = 10000 (custom)
2021-07-15 16:37:04,280 [pool-272-thread-1] INFO  server.RaftServerConfigKeys (ConfUtils.java:logGet(44)) - raft.server.snapshot.retention.file.num = 5 (custom)
2021-07-15 16:37:04,280 [pool-272-thread-1] INFO  server.RaftServerConfigKeys (ConfUtils.java:logGet(44)) - raft.server.log.purge.upto.snapshot.index = false (default)
2021-07-15 16:37:04,281 [pool-272-thread-1] INFO  server.RaftServerConfigKeys (ConfUtils.java:logGet(44)) - raft.server.retrycache.expirytime = 600000ms (custom)
2021-07-15 16:37:04,281 [pool-272-thread-1] INFO  server.RaftServerConfigKeys (ConfUtils.java:logGet(44)) - raft.server.retrycache.statistics.expirytime = 100μs (default)
2021-07-15 16:37:04,281 [pool-272-thread-1] INFO  metrics.RatisMetrics (RatisMetrics.java:lambda$create$0(36)) - Creating Metrics Registry : ratis.leader_election.9009ae8a-6e34-4da8-a214-6d662c69877c@group-324EC8E43CB0
2021-07-15 16:37:04,281 [pool-272-thread-1] INFO  metrics.RatisMetrics (RatisMetrics.java:lambda$create$0(36)) - Creating Metrics Registry : ratis.server.9009ae8a-6e34-4da8-a214-6d662c69877c@group-324EC8E43CB0
2021-07-15 16:37:04,282 [pool-272-thread-1] INFO  server.RaftServer$Division (RaftServerImpl.java:start(295)) - 9009ae8a-6e34-4da8-a214-6d662c69877c@group-446952105CA5: start as a follower, conf=-1: [9009ae8a-6e34-4da8-a214-6d662c69877c|rpc:127.0.0.1:35469|priority:1], old=null
2021-07-15 16:37:04,282 [pool-272-thread-1] INFO  server.RaftServer$Division (RaftServerImpl.java:setRole(284)) - 9009ae8a-6e34-4da8-a214-6d662c69877c@group-446952105CA5: changes role from      null to FOLLOWER at term 0 for startAsFollower
2021-07-15 16:37:04,282 [pool-272-thread-1] INFO  impl.RoleInfo (RoleInfo.java:updateAndGet(130)) - 9009ae8a-6e34-4da8-a214-6d662c69877c: start 9009ae8a-6e34-4da8-a214-6d662c69877c@group-446952105CA5-FollowerState
2021-07-15 16:37:04,282 [pool-272-thread-1] INFO  util.JmxRegister (JmxRegister.java:tryRegister(44)) - Successfully registered JMX Bean with object name Ratis:service=RaftServer,group=group-446952105CA5,id=9009ae8a-6e34-4da8-a214-6d662c69877c
2021-07-15 16:37:04,283 [pool-272-thread-1] INFO  metrics.RatisMetrics (RatisMetrics.java:lambda$create$0(36)) - Creating Metrics Registry : ratis.state_machine.9009ae8a-6e34-4da8-a214-6d662c69877c@group-446952105CA5
2021-07-15 16:37:04,283 [pool-272-thread-1] INFO  server.RaftServer$Division (RaftServerImpl.java:start(295)) - 9009ae8a-6e34-4da8-a214-6d662c69877c@group-324EC8E43CB0: start as a follower, conf=-1: [7bb90881-70ee-4b59-9518-5a5d97bf3fe4|rpc:127.0.0.1:37335|dataStream:|priority:1, 9009ae8a-6e34-4da8-a214-6d662c69877c|rpc:127.0.0.1:35469|dataStream:|priority:0, 7fea9b52-1b88-4603-b6bb-6748911f11bf|rpc:127.0.0.1:43849|dataStream:|priority:0], old=null
2021-07-15 16:37:04,283 [pool-272-thread-1] INFO  server.RaftServer$Division (RaftServerImpl.java:setRole(284)) - 9009ae8a-6e34-4da8-a214-6d662c69877c@group-324EC8E43CB0: changes role from      null to FOLLOWER at term 0 for startAsFollower
2021-07-15 16:37:04,283 [pool-272-thread-1] INFO  impl.RoleInfo (RoleInfo.java:updateAndGet(130)) - 9009ae8a-6e34-4da8-a214-6d662c69877c: start 9009ae8a-6e34-4da8-a214-6d662c69877c@group-324EC8E43CB0-FollowerState
2021-07-15 16:37:04,283 [Command processor thread] INFO  ratis.XceiverServerRatis (XceiverServerRatis.java:addGroup(759)) - Created group PipelineID=1612808e-69c7-4564-8595-446952105ca5
2021-07-15 16:37:04,283 [Command processor thread] INFO  commandhandler.CreatePipelineCommandHandler (CreatePipelineCommandHandler.java:handle(106)) - Created Pipeline RATIS ONE PipelineID=1612808e-69c7-4564-8595-446952105ca5.
2021-07-15 16:37:04,284 [pool-272-thread-1] INFO  util.JmxRegister (JmxRegister.java:tryRegister(44)) - Successfully registered JMX Bean with object name Ratis:service=RaftServer,group=group-324EC8E43CB0,id=9009ae8a-6e34-4da8-a214-6d662c69877c
2021-07-15 16:37:04,284 [pool-272-thread-1] INFO  metrics.RatisMetrics (RatisMetrics.java:lambda$create$0(36)) - Creating Metrics Registry : ratis.state_machine.9009ae8a-6e34-4da8-a214-6d662c69877c@group-324EC8E43CB0
2021-07-15 16:37:04,290 [Command processor thread] INFO  metrics.RatisMetrics (RatisMetrics.java:lambda$create$0(36)) - Creating Metrics Registry : ratis.client_message_metrics.client-ADE97743CC16->7fea9b52-1b88-4603-b6bb-6748911f11bf
2021-07-15 16:37:04,296 [grpc-default-executor-3] INFO  server.RaftServer (RaftServerProxy.java:addNew(95)) - 7fea9b52-1b88-4603-b6bb-6748911f11bf: addNew group-324EC8E43CB0:[7bb90881-70ee-4b59-9518-5a5d97bf3fe4|rpc:127.0.0.1:37335|dataStream:|priority:1, 9009ae8a-6e34-4da8-a214-6d662c69877c|rpc:127.0.0.1:35469|dataStream:|priority:0, 7fea9b52-1b88-4603-b6bb-6748911f11bf|rpc:127.0.0.1:43849|dataStream:|priority:0] returns group-324EC8E43CB0:java.util.concurrent.CompletableFuture@3beb8f2f[Not completed]
2021-07-15 16:37:04,296 [pool-292-thread-1] INFO  server.RaftServer$Division (RaftServerImpl.java:<init>(180)) - 7fea9b52-1b88-4603-b6bb-6748911f11bf: new RaftServerImpl for group-324EC8E43CB0:[7bb90881-70ee-4b59-9518-5a5d97bf3fe4|rpc:127.0.0.1:37335|dataStream:|priority:1, 9009ae8a-6e34-4da8-a214-6d662c69877c|rpc:127.0.0.1:35469|dataStream:|priority:0, 7fea9b52-1b88-4603-b6bb-6748911f11bf|rpc:127.0.0.1:43849|dataStream:|priority:0] with ContainerStateMachine:uninitialized
2021-07-15 16:37:04,297 [pool-292-thread-1] INFO  server.RaftServerConfigKeys (ConfUtils.java:logGet(44)) - raft.server.rpc.timeout.min = 5s (custom)
2021-07-15 16:37:04,297 [pool-292-thread-1] INFO  server.RaftServerConfigKeys (ConfUtils.java:logGet(44)) - raft.server.rpc.timeout.max = 5200ms (custom)
2021-07-15 16:37:04,297 [pool-292-thread-1] INFO  server.RaftServerConfigKeys (ConfUtils.java:logGet(44)) - raft.server.rpc.sleep.time = 25ms (default)
2021-07-15 16:37:04,297 [pool-292-thread-1] INFO  server.RaftServerConfigKeys (ConfUtils.java:logGet(44)) - raft.server.rpc.slowness.timeout = 300s (custom)
2021-07-15 16:37:04,297 [pool-292-thread-1] INFO  server.RaftServerConfigKeys (ConfUtils.java:logGet(44)) - raft.server.leaderelection.leader.step-down.wait-time = 10s (default)
2021-07-15 16:37:04,297 [pool-292-thread-1] INFO  server.RaftServerConfigKeys (ConfUtils.java:logGet(44)) - raft.server.sleep.deviation.threshold = 300ms (default)
2021-07-15 16:37:04,297 [pool-292-thread-1] INFO  server.RaftServerConfigKeys (ConfUtils.java:logGet(44)) - raft.server.log.appender.install.snapshot.enabled = false (custom)
2021-07-15 16:37:04,297 [pool-292-thread-1] INFO  server.RaftServer$Division (ServerState.java:<init>(105)) - 7fea9b52-1b88-4603-b6bb-6748911f11bf@group-324EC8E43CB0: ConfigurationManager, init=-1: [7bb90881-70ee-4b59-9518-5a5d97bf3fe4|rpc:127.0.0.1:37335|dataStream:|priority:1, 9009ae8a-6e34-4da8-a214-6d662c69877c|rpc:127.0.0.1:35469|dataStream:|priority:0, 7fea9b52-1b88-4603-b6bb-6748911f11bf|rpc:127.0.0.1:43849|dataStream:|priority:0], old=null, confs=<EMPTY_MAP>
2021-07-15 16:37:04,297 [pool-292-thread-1] INFO  server.RaftServerConfigKeys (ConfUtils.java:logGet(44)) - raft.server.storage.dir = [/home/runner/work/ozone/ozone/mnt/ozone/hadoop-ozone/integration-test/target/test-dir/MiniOzoneClusterImpl-8ef06965-d5c9-44f0-9cd1-4cafb8afe6ac/datanode-2/data/ratis] (custom)
2021-07-15 16:37:04,297 [pool-292-thread-1] INFO  server.RaftServerConfigKeys (ConfUtils.java:logGet(44)) - raft.server.log.corruption.policy = EXCEPTION (default)
2021-07-15 16:37:04,297 [pool-292-thread-1] INFO  storage.RaftStorageDirectory (RaftStorageDirectoryImpl.java:analyzeStorage(132)) - The storage directory /home/runner/work/ozone/ozone/mnt/ozone/hadoop-ozone/integration-test/target/test-dir/MiniOzoneClusterImpl-8ef06965-d5c9-44f0-9cd1-4cafb8afe6ac/datanode-2/data/ratis/fe2f9ccf-ac21-4967-b1a7-324ec8e43cb0 does not exist. Creating ...
2021-07-15 16:37:04,298 [pool-292-thread-1] INFO  storage.RaftStorageDirectory (RaftStorageDirectoryImpl.java:tryLock(215)) - Lock on /home/runner/work/ozone/ozone/mnt/ozone/hadoop-ozone/integration-test/target/test-dir/MiniOzoneClusterImpl-8ef06965-d5c9-44f0-9cd1-4cafb8afe6ac/datanode-2/data/ratis/fe2f9ccf-ac21-4967-b1a7-324ec8e43cb0/in_use.lock acquired by nodename 5190@fv-az151-474
2021-07-15 16:37:04,300 [pool-292-thread-1] INFO  storage.RaftStorage (RaftStorageImpl.java:format(87)) - Storage directory /home/runner/work/ozone/ozone/mnt/ozone/hadoop-ozone/integration-test/target/test-dir/MiniOzoneClusterImpl-8ef06965-d5c9-44f0-9cd1-4cafb8afe6ac/datanode-2/data/ratis/fe2f9ccf-ac21-4967-b1a7-324ec8e43cb0 has been successfully formatted.
2021-07-15 16:37:04,300 [pool-292-thread-1] INFO  ratis.ContainerStateMachine (ContainerStateMachine.java:loadSnapshot(223)) - group-324EC8E43CB0: The snapshot info is null. Setting the last applied indexto:(t:0, i:~)
2021-07-15 16:37:04,301 [pool-292-thread-1] INFO  server.RaftServerConfigKeys (ConfUtils.java:logGet(44)) - raft.server.notification.no-leader.timeout = 300s (custom)
2021-07-15 16:37:04,301 [pool-292-thread-1] INFO  server.RaftServerConfigKeys (ConfUtils.java:logGet(44)) - raft.server.log.use.memory = false (default)
2021-07-15 16:37:04,301 [pool-292-thread-1] INFO  server.RaftServerConfigKeys (ConfUtils.java:logGet(44)) - raft.server.log.purge.gap = 1000000 (custom)
2021-07-15 16:37:04,302 [pool-292-thread-1] INFO  server.RaftServerConfigKeys (ConfUtils.java:logGet(44)) - raft.server.log.appender.buffer.byte-limit = 33554432 (custom)
2021-07-15 16:37:04,303 [pool-292-thread-1] INFO  metrics.RatisMetrics (RatisMetrics.java:lambda$create$0(36)) - Creating Metrics Registry : ratis.log_worker.7fea9b52-1b88-4603-b6bb-6748911f11bf@group-324EC8E43CB0
2021-07-15 16:37:04,303 [pool-292-thread-1] INFO  server.RaftServerConfigKeys (ConfUtils.java:logGet(44)) - raft.server.log.segment.size.max = 1048576 (custom)
2021-07-15 16:37:04,303 [pool-292-thread-1] INFO  server.RaftServerConfigKeys (ConfUtils.java:logGet(44)) - raft.server.log.segment.cache.num.max = 2 (custom)
2021-07-15 16:37:04,303 [pool-292-thread-1] INFO  server.RaftServerConfigKeys (ConfUtils.java:logGet(44)) - raft.server.log.segment.cache.size.max = 200MB (=209715200) (default)
2021-07-15 16:37:04,303 [pool-292-thread-1] INFO  segmented.SegmentedRaftLogWorker (SegmentedRaftLogWorker.java:<init>(182)) - new 7fea9b52-1b88-4603-b6bb-6748911f11bf@group-324EC8E43CB0-SegmentedRaftLogWorker for RaftStorageImpl:Storage Directory /home/runner/work/ozone/ozone/mnt/ozone/hadoop-ozone/integration-test/target/test-dir/MiniOzoneClusterImpl-8ef06965-d5c9-44f0-9cd1-4cafb8afe6ac/datanode-2/data/ratis/fe2f9ccf-ac21-4967-b1a7-324ec8e43cb0
2021-07-15 16:37:04,304 [pool-292-thread-1] INFO  server.RaftServerConfigKeys (ConfUtils.java:logGet(44)) - raft.server.log.queue.byte-limit = 2147483647 (custom)
2021-07-15 16:37:04,304 [pool-292-thread-1] INFO  server.RaftServerConfigKeys (ConfUtils.java:logGet(44)) - raft.server.log.queue.element-limit = 1024 (custom)
2021-07-15 16:37:04,304 [pool-292-thread-1] INFO  server.RaftServerConfigKeys (ConfUtils.java:logGet(44)) - raft.server.log.segment.size.max = 1048576 (custom)
2021-07-15 16:37:04,304 [pool-292-thread-1] INFO  server.RaftServerConfigKeys (ConfUtils.java:logGet(44)) - raft.server.log.preallocated.size = 16384 (custom)
2021-07-15 16:37:04,304 [pool-292-thread-1] INFO  server.RaftServerConfigKeys (ConfUtils.java:logGet(44)) - raft.server.log.force.sync.num = 128 (default)
2021-07-15 16:37:04,304 [pool-292-thread-1] INFO  server.RaftServerConfigKeys (ConfUtils.java:logGet(44)) - raft.server.log.statemachine.data.sync = true (default)
2021-07-15 16:37:04,304 [pool-292-thread-1] INFO  server.RaftServerConfigKeys (ConfUtils.java:logGet(44)) - raft.server.log.statemachine.data.sync.timeout = 10s (default)
2021-07-15 16:37:04,304 [pool-292-thread-1] INFO  server.RaftServerConfigKeys (ConfUtils.java:logGet(44)) - raft.server.log.statemachine.data.sync.timeout.retry = -1 (default)
2021-07-15 16:37:04,305 [pool-292-thread-1] INFO  server.RaftServerConfigKeys (ConfUtils.java:logGet(44)) - raft.server.log.write.buffer.size = 1048576 (custom)
2021-07-15 16:37:04,305 [pool-292-thread-1] INFO  server.RaftServerConfigKeys (ConfUtils.java:logGet(44)) - raft.server.log.statemachine.data.caching.enabled = true (custom)
2021-07-15 16:37:04,305 [pool-292-thread-1] INFO  segmented.SegmentedRaftLogWorker (SegmentedRaftLogWorker.java:lambda$new$0(133)) - 7fea9b52-1b88-4603-b6bb-6748911f11bf@group-324EC8E43CB0-SegmentedRaftLogWorker: flushIndex: setUnconditionally 0 -> -1
2021-07-15 16:37:04,305 [pool-292-thread-1] INFO  segmented.SegmentedRaftLogWorker (SegmentedRaftLogWorker.java:lambda$new$0(133)) - 7fea9b52-1b88-4603-b6bb-6748911f11bf@group-324EC8E43CB0-SegmentedRaftLogWorker: safeCacheEvictIndex: setUnconditionally 0 -> -1
2021-07-15 16:37:04,305 [pool-292-thread-1] INFO  server.RaftServerConfigKeys (ConfUtils.java:logGet(44)) - raft.server.snapshot.auto.trigger.enabled = true (custom)
2021-07-15 16:37:04,305 [pool-292-thread-1] INFO  server.RaftServerConfigKeys (ConfUtils.java:logGet(44)) - raft.server.snapshot.auto.trigger.threshold = 10000 (custom)
2021-07-15 16:37:04,305 [pool-292-thread-1] INFO  server.RaftServerConfigKeys (ConfUtils.java:logGet(44)) - raft.server.snapshot.retention.file.num = 5 (custom)
2021-07-15 16:37:04,306 [pool-292-thread-1] INFO  server.RaftServerConfigKeys (ConfUtils.java:logGet(44)) - raft.server.log.purge.upto.snapshot.index = false (default)
2021-07-15 16:37:04,306 [pool-292-thread-1] INFO  server.RaftServerConfigKeys (ConfUtils.java:logGet(44)) - raft.server.retrycache.expirytime = 600000ms (custom)
2021-07-15 16:37:04,306 [pool-292-thread-1] INFO  server.RaftServerConfigKeys (ConfUtils.java:logGet(44)) - raft.server.retrycache.statistics.expirytime = 100μs (default)
2021-07-15 16:37:04,306 [pool-292-thread-1] INFO  metrics.RatisMetrics (RatisMetrics.java:lambda$create$0(36)) - Creating Metrics Registry : ratis.leader_election.7fea9b52-1b88-4603-b6bb-6748911f11bf@group-324EC8E43CB0
2021-07-15 16:37:04,306 [pool-292-thread-1] INFO  metrics.RatisMetrics (RatisMetrics.java:lambda$create$0(36)) - Creating Metrics Registry : ratis.server.7fea9b52-1b88-4603-b6bb-6748911f11bf@group-324EC8E43CB0
2021-07-15 16:37:04,307 [pool-292-thread-1] INFO  server.RaftServer$Division (RaftServerImpl.java:start(295)) - 7fea9b52-1b88-4603-b6bb-6748911f11bf@group-324EC8E43CB0: start as a follower, conf=-1: [7bb90881-70ee-4b59-9518-5a5d97bf3fe4|rpc:127.0.0.1:37335|dataStream:|priority:1, 9009ae8a-6e34-4da8-a214-6d662c69877c|rpc:127.0.0.1:35469|dataStream:|priority:0, 7fea9b52-1b88-4603-b6bb-6748911f11bf|rpc:127.0.0.1:43849|dataStream:|priority:0], old=null
2021-07-15 16:37:04,307 [pool-292-thread-1] INFO  server.RaftServer$Division (RaftServerImpl.java:setRole(284)) - 7fea9b52-1b88-4603-b6bb-6748911f11bf@group-324EC8E43CB0: changes role from      null to FOLLOWER at term 0 for startAsFollower
2021-07-15 16:37:04,307 [pool-292-thread-1] INFO  impl.RoleInfo (RoleInfo.java:updateAndGet(130)) - 7fea9b52-1b88-4603-b6bb-6748911f11bf: start 7fea9b52-1b88-4603-b6bb-6748911f11bf@group-324EC8E43CB0-FollowerState
2021-07-15 16:37:04,307 [pool-292-thread-1] INFO  util.JmxRegister (JmxRegister.java:tryRegister(44)) - Successfully registered JMX Bean with object name Ratis:service=RaftServer,group=group-324EC8E43CB0,id=7fea9b52-1b88-4603-b6bb-6748911f11bf
2021-07-15 16:37:04,307 [pool-292-thread-1] INFO  metrics.RatisMetrics (RatisMetrics.java:lambda$create$0(36)) - Creating Metrics Registry : ratis.state_machine.7fea9b52-1b88-4603-b6bb-6748911f11bf@group-324EC8E43CB0
2021-07-15 16:37:04,312 [Command processor thread] INFO  commandhandler.CreatePipelineCommandHandler (CreatePipelineCommandHandler.java:handle(106)) - Created Pipeline RATIS THREE PipelineID=fe2f9ccf-ac21-4967-b1a7-324ec8e43cb0.
2021-07-15 16:37:04,437 [Listener at 127.0.0.1/10248] INFO  ozone.MiniOzoneClusterImpl (MiniOzoneClusterImpl.java:lambda$waitForClusterToBeReady$0(230)) - Nodes are ready. Got 3 of 3 DN Heartbeats.
2021-07-15 16:37:04,437 [Listener at 127.0.0.1/10248] INFO  ozone.MiniOzoneClusterImpl (MiniOzoneClusterImpl.java:lambda$waitForClusterToBeReady$0(233)) - Waiting for cluster to exit safe mode
2021-07-15 16:37:04,437 [Listener at 127.0.0.1/10248] INFO  ozone.MiniOzoneClusterImpl (MiniOzoneClusterImpl.java:lambda$waitForClusterToBeReady$0(235)) - SCM became leader
2021-07-15 16:37:04,444 [Command processor thread] INFO  server.RaftServer (RaftServerProxy.java:addNew(95)) - 7fea9b52-1b88-4603-b6bb-6748911f11bf: addNew group-82BB49B31C0B:[7fea9b52-1b88-4603-b6bb-6748911f11bf|rpc:127.0.0.1:43849|priority:1] returns group-82BB49B31C0B:java.util.concurrent.CompletableFuture@45ffd8dc[Not completed]
2021-07-15 16:37:04,444 [pool-292-thread-1] INFO  server.RaftServer$Division (RaftServerImpl.java:<init>(180)) - 7fea9b52-1b88-4603-b6bb-6748911f11bf: new RaftServerImpl for group-82BB49B31C0B:[7fea9b52-1b88-4603-b6bb-6748911f11bf|rpc:127.0.0.1:43849|priority:1] with ContainerStateMachine:uninitialized
2021-07-15 16:37:04,445 [pool-292-thread-1] INFO  server.RaftServerConfigKeys (ConfUtils.java:logGet(44)) - raft.server.rpc.timeout.min = 5s (custom)
2021-07-15 16:37:04,445 [pool-292-thread-1] INFO  server.RaftServerConfigKeys (ConfUtils.java:logGet(44)) - raft.server.rpc.timeout.max = 5200ms (custom)
2021-07-15 16:37:04,445 [pool-292-thread-1] INFO  server.RaftServerConfigKeys (ConfUtils.java:logGet(44)) - raft.server.rpc.sleep.time = 25ms (default)
2021-07-15 16:37:04,445 [pool-292-thread-1] INFO  server.RaftServerConfigKeys (ConfUtils.java:logGet(44)) - raft.server.rpc.slowness.timeout = 300s (custom)
2021-07-15 16:37:04,445 [pool-292-thread-1] INFO  server.RaftServerConfigKeys (ConfUtils.java:logGet(44)) - raft.server.leaderelection.leader.step-down.wait-time = 10s (default)
2021-07-15 16:37:04,445 [pool-292-thread-1] INFO  server.RaftServerConfigKeys (ConfUtils.java:logGet(44)) - raft.server.sleep.deviation.threshold = 300ms (default)
2021-07-15 16:37:04,445 [pool-292-thread-1] INFO  server.RaftServerConfigKeys (ConfUtils.java:logGet(44)) - raft.server.log.appender.install.snapshot.enabled = false (custom)
2021-07-15 16:37:04,445 [pool-292-thread-1] INFO  server.RaftServer$Division (ServerState.java:<init>(105)) - 7fea9b52-1b88-4603-b6bb-6748911f11bf@group-82BB49B31C0B: ConfigurationManager, init=-1: [7fea9b52-1b88-4603-b6bb-6748911f11bf|rpc:127.0.0.1:43849|priority:1], old=null, confs=<EMPTY_MAP>
2021-07-15 16:37:04,445 [pool-292-thread-1] INFO  server.RaftServerConfigKeys (ConfUtils.java:logGet(44)) - raft.server.storage.dir = [/home/runner/work/ozone/ozone/mnt/ozone/hadoop-ozone/integration-test/target/test-dir/MiniOzoneClusterImpl-8ef06965-d5c9-44f0-9cd1-4cafb8afe6ac/datanode-2/data/ratis] (custom)
2021-07-15 16:37:04,445 [pool-292-thread-1] INFO  server.RaftServerConfigKeys (ConfUtils.java:logGet(44)) - raft.server.log.corruption.policy = EXCEPTION (default)
2021-07-15 16:37:04,446 [pool-292-thread-1] INFO  storage.RaftStorageDirectory (RaftStorageDirectoryImpl.java:analyzeStorage(132)) - The storage directory /home/runner/work/ozone/ozone/mnt/ozone/hadoop-ozone/integration-test/target/test-dir/MiniOzoneClusterImpl-8ef06965-d5c9-44f0-9cd1-4cafb8afe6ac/datanode-2/data/ratis/cc2bd70a-581f-4adc-87fe-82bb49b31c0b does not exist. Creating ...
2021-07-15 16:37:04,447 [pool-292-thread-1] INFO  storage.RaftStorageDirectory (RaftStorageDirectoryImpl.java:tryLock(215)) - Lock on /home/runner/work/ozone/ozone/mnt/ozone/hadoop-ozone/integration-test/target/test-dir/MiniOzoneClusterImpl-8ef06965-d5c9-44f0-9cd1-4cafb8afe6ac/datanode-2/data/ratis/cc2bd70a-581f-4adc-87fe-82bb49b31c0b/in_use.lock acquired by nodename 5190@fv-az151-474
2021-07-15 16:37:04,448 [pool-292-thread-1] INFO  storage.RaftStorage (RaftStorageImpl.java:format(87)) - Storage directory /home/runner/work/ozone/ozone/mnt/ozone/hadoop-ozone/integration-test/target/test-dir/MiniOzoneClusterImpl-8ef06965-d5c9-44f0-9cd1-4cafb8afe6ac/datanode-2/data/ratis/cc2bd70a-581f-4adc-87fe-82bb49b31c0b has been successfully formatted.
2021-07-15 16:37:04,449 [pool-292-thread-1] INFO  ratis.ContainerStateMachine (ContainerStateMachine.java:loadSnapshot(223)) - group-82BB49B31C0B: The snapshot info is null. Setting the last applied indexto:(t:0, i:~)
2021-07-15 16:37:04,449 [pool-292-thread-1] INFO  server.RaftServerConfigKeys (ConfUtils.java:logGet(44)) - raft.server.notification.no-leader.timeout = 300s (custom)
2021-07-15 16:37:04,449 [pool-292-thread-1] INFO  server.RaftServerConfigKeys (ConfUtils.java:logGet(44)) - raft.server.log.use.memory = false (default)
2021-07-15 16:37:04,449 [pool-292-thread-1] INFO  server.RaftServerConfigKeys (ConfUtils.java:logGet(44)) - raft.server.log.purge.gap = 1000000 (custom)
2021-07-15 16:37:04,449 [pool-292-thread-1] INFO  server.RaftServerConfigKeys (ConfUtils.java:logGet(44)) - raft.server.log.appender.buffer.byte-limit = 33554432 (custom)
2021-07-15 16:37:04,449 [pool-292-thread-1] INFO  metrics.RatisMetrics (RatisMetrics.java:lambda$create$0(36)) - Creating Metrics Registry : ratis.log_worker.7fea9b52-1b88-4603-b6bb-6748911f11bf@group-82BB49B31C0B
2021-07-15 16:37:04,450 [pool-292-thread-1] INFO  server.RaftServerConfigKeys (ConfUtils.java:logGet(44)) - raft.server.log.segment.size.max = 1048576 (custom)
2021-07-15 16:37:04,450 [pool-292-thread-1] INFO  server.RaftServerConfigKeys (ConfUtils.java:logGet(44)) - raft.server.log.segment.cache.num.max = 2 (custom)
2021-07-15 16:37:04,450 [pool-292-thread-1] INFO  server.RaftServerConfigKeys (ConfUtils.java:logGet(44)) - raft.server.log.segment.cache.size.max = 200MB (=209715200) (default)
2021-07-15 16:37:04,450 [pool-292-thread-1] INFO  segmented.SegmentedRaftLogWorker (SegmentedRaftLogWorker.java:<init>(182)) - new 7fea9b52-1b88-4603-b6bb-6748911f11bf@group-82BB49B31C0B-SegmentedRaftLogWorker for RaftStorageImpl:Storage Directory /home/runner/work/ozone/ozone/mnt/ozone/hadoop-ozone/integration-test/target/test-dir/MiniOzoneClusterImpl-8ef06965-d5c9-44f0-9cd1-4cafb8afe6ac/datanode-2/data/ratis/cc2bd70a-581f-4adc-87fe-82bb49b31c0b
2021-07-15 16:37:04,450 [EventQueue-PipelineReportForPipelineReportHandler] INFO  pipeline.PipelineManagerV2Impl (PipelineManagerV2Impl.java:openPipeline(283)) - Pipeline Pipeline[ Id: cc2bd70a-581f-4adc-87fe-82bb49b31c0b, Nodes: 7fea9b52-1b88-4603-b6bb-6748911f11bf{ip: 127.0.0.1, host: localhost, ports: [REPLICATION=34577, RATIS=43849, RATIS_ADMIN=43849, RATIS_SERVER=43849, STANDALONE=41401], networkLocation: /default-rack, certSerialId: null, persistedOpState: IN_SERVICE, persistedOpStateExpiryEpochSec: 0}, ReplicationConfig: RATIS/ONE, State:ALLOCATED, leaderId:7fea9b52-1b88-4603-b6bb-6748911f11bf, CreationTimestamp2021-07-15T16:37:01.447Z[Etc/UTC]] moved to OPEN state
2021-07-15 16:37:04,453 [EventQueue-PipelineReportForPipelineReportHandler] INFO  pipeline.PipelineManagerV2Impl (PipelineManagerV2Impl.java:openPipeline(283)) - Pipeline Pipeline[ Id: cc2bd70a-581f-4adc-87fe-82bb49b31c0b, Nodes: 7fea9b52-1b88-4603-b6bb-6748911f11bf{ip: 127.0.0.1, host: localhost, ports: [REPLICATION=34577, RATIS=43849, RATIS_ADMIN=43849, RATIS_SERVER=43849, STANDALONE=41401], networkLocation: /default-rack, certSerialId: null, persistedOpState: IN_SERVICE, persistedOpStateExpiryEpochSec: 0}, ReplicationConfig: RATIS/ONE, State:ALLOCATED, leaderId:7fea9b52-1b88-4603-b6bb-6748911f11bf, CreationTimestamp2021-07-15T16:37:01.447Z[Etc/UTC]] moved to OPEN state
2021-07-15 16:37:04,450 [pool-292-thread-1] INFO  server.RaftServerConfigKeys (ConfUtils.java:logGet(44)) - raft.server.log.queue.byte-limit = 2147483647 (custom)
2021-07-15 16:37:04,453 [pool-292-thread-1] INFO  server.RaftServerConfigKeys (ConfUtils.java:logGet(44)) - raft.server.log.queue.element-limit = 1024 (custom)
2021-07-15 16:37:04,453 [pool-292-thread-1] INFO  server.RaftServerConfigKeys (ConfUtils.java:logGet(44)) - raft.server.log.segment.size.max = 1048576 (custom)
2021-07-15 16:37:04,453 [EventQueue-PipelineReportForPipelineReportHandler] INFO  ha.SCMHAInvocationHandler (SCMHAInvocationHandler.java:invokeRatis(113)) - Invoking method public abstract void org.apache.hadoop.hdds.scm.pipeline.StateManager.updatePipelineState(org.apache.hadoop.hdds.protocol.proto.HddsProtos$PipelineID,org.apache.hadoop.hdds.protocol.proto.HddsProtos$PipelineState) throws java.io.IOException on target org.apache.hadoop.hdds.scm.ha.SCMRatisServerImpl@5cdc53e2, cost 273.501us
2021-07-15 16:37:04,453 [pool-292-thread-1] INFO  server.RaftServerConfigKeys (ConfUtils.java:logGet(44)) - raft.server.log.preallocated.size = 16384 (custom)
2021-07-15 16:37:04,453 [pool-292-thread-1] INFO  server.RaftServerConfigKeys (ConfUtils.java:logGet(44)) - raft.server.log.force.sync.num = 128 (default)
2021-07-15 16:37:04,453 [pool-292-thread-1] INFO  server.RaftServerConfigKeys (ConfUtils.java:logGet(44)) - raft.server.log.statemachine.data.sync = true (default)
2021-07-15 16:37:04,453 [pool-292-thread-1] INFO  server.RaftServerConfigKeys (ConfUtils.java:logGet(44)) - raft.server.log.statemachine.data.sync.timeout = 10s (default)
2021-07-15 16:37:04,453 [pool-292-thread-1] INFO  server.RaftServerConfigKeys (ConfUtils.java:logGet(44)) - raft.server.log.statemachine.data.sync.timeout.retry = -1 (default)
2021-07-15 16:37:04,454 [pool-292-thread-1] INFO  server.RaftServerConfigKeys (ConfUtils.java:logGet(44)) - raft.server.log.write.buffer.size = 1048576 (custom)
2021-07-15 16:37:04,455 [pool-292-thread-1] INFO  server.RaftServerConfigKeys (ConfUtils.java:logGet(44)) - raft.server.log.statemachine.data.caching.enabled = true (custom)
2021-07-15 16:37:04,455 [pool-292-thread-1] INFO  segmented.SegmentedRaftLogWorker (SegmentedRaftLogWorker.java:lambda$new$0(133)) - 7fea9b52-1b88-4603-b6bb-6748911f11bf@group-82BB49B31C0B-SegmentedRaftLogWorker: flushIndex: setUnconditionally 0 -> -1
2021-07-15 16:37:04,455 [pool-292-thread-1] INFO  segmented.SegmentedRaftLogWorker (SegmentedRaftLogWorker.java:lambda$new$0(133)) - 7fea9b52-1b88-4603-b6bb-6748911f11bf@group-82BB49B31C0B-SegmentedRaftLogWorker: safeCacheEvictIndex: setUnconditionally 0 -> -1
2021-07-15 16:37:04,459 [pool-292-thread-1] INFO  server.RaftServerConfigKeys (ConfUtils.java:logGet(44)) - raft.server.snapshot.auto.trigger.enabled = true (custom)
2021-07-15 16:37:04,459 [pool-292-thread-1] INFO  server.RaftServerConfigKeys (ConfUtils.java:logGet(44)) - raft.server.snapshot.auto.trigger.threshold = 10000 (custom)
2021-07-15 16:37:04,459 [pool-292-thread-1] INFO  server.RaftServerConfigKeys (ConfUtils.java:logGet(44)) - raft.server.snapshot.retention.file.num = 5 (custom)
2021-07-15 16:37:04,459 [pool-292-thread-1] INFO  server.RaftServerConfigKeys (ConfUtils.java:logGet(44)) - raft.server.log.purge.upto.snapshot.index = false (default)
2021-07-15 16:37:04,460 [3f02e2f7-a9fe-43aa-a16a-2bf2030dc8fd@group-4CAFB8AFE6AC-StateMachineUpdater] INFO  ha.SCMStateMachine (SCMStateMachine.java:takeSnapshot(290)) - Current Snapshot Index 20, takeSnapshot took 0 ms
2021-07-15 16:37:04,460 [3f02e2f7-a9fe-43aa-a16a-2bf2030dc8fd@group-4CAFB8AFE6AC-StateMachineUpdater] INFO  impl.StateMachineUpdater (StateMachineUpdater.java:takeSnapshot(281)) - 3f02e2f7-a9fe-43aa-a16a-2bf2030dc8fd@group-4CAFB8AFE6AC-StateMachineUpdater: Took a snapshot at index 20
2021-07-15 16:37:04,460 [3f02e2f7-a9fe-43aa-a16a-2bf2030dc8fd@group-4CAFB8AFE6AC-StateMachineUpdater] INFO  impl.StateMachineUpdater (StateMachineUpdater.java:lambda$new$0(89)) - 3f02e2f7-a9fe-43aa-a16a-2bf2030dc8fd@group-4CAFB8AFE6AC-StateMachineUpdater: snapshotIndex: updateIncreasingly 15 -> 20
2021-07-15 16:37:04,460 [3f02e2f7-a9fe-43aa-a16a-2bf2030dc8fd@group-4CAFB8AFE6AC-StateMachineUpdater] INFO  raftlog.RaftLog (RaftLogBase.java:purge(306)) - 3f02e2f7-a9fe-43aa-a16a-2bf2030dc8fd@group-4CAFB8AFE6AC-SegmentedRaftLog: purge 20
2021-07-15 16:37:04,460 [3f02e2f7-a9fe-43aa-a16a-2bf2030dc8fd@group-4CAFB8AFE6AC-StateMachineUpdater] INFO  raftlog.RaftLog (RaftLogBase.java:lambda$new$0(53)) - 3f02e2f7-a9fe-43aa-a16a-2bf2030dc8fd@group-4CAFB8AFE6AC-SegmentedRaftLog: snapshotIndex: updateIncreasingly 15 -> 20
2021-07-15 16:37:04,460 [3f02e2f7-a9fe-43aa-a16a-2bf2030dc8fd@group-4CAFB8AFE6AC-StateMachineUpdater] INFO  raftlog.RaftLog (RaftLogBase.java:lambda$new$0(53)) - 3f02e2f7-a9fe-43aa-a16a-2bf2030dc8fd@group-4CAFB8AFE6AC-SegmentedRaftLog: purgeIndex: updateToMax old=15, new=20, updated? true
2021-07-15 16:37:04,461 [6394c69b-367f-4a62-9595-acf3eb8c80db@group-4CAFB8AFE6AC-StateMachineUpdater] INFO  safemode.HealthyPipelineSafeModeRule (HealthyPipelineSafeModeRule.java:initializeRule(152)) - Refreshed total pipeline count is 0, healthy pipeline threshold count is 1
2021-07-15 16:37:04,462 [EventQueue-PipelineReportForPipelineReportHandler] INFO  ha.SCMHAInvocationHandler (SCMHAInvocationHandler.java:invokeRatis(113)) - Invoking method public abstract void org.apache.hadoop.hdds.scm.pipeline.StateManager.updatePipelineState(org.apache.hadoop.hdds.protocol.proto.HddsProtos$PipelineID,org.apache.hadoop.hdds.protocol.proto.HddsProtos$PipelineState) throws java.io.IOException on target org.apache.hadoop.hdds.scm.ha.SCMRatisServerImpl@5baff918, cost 11053.947us
2021-07-15 16:37:04,462 [EventQueue-OpenPipelineForHealthyPipelineSafeModeRule] INFO  safemode.SCMSafeModeManager (HealthyPipelineSafeModeRule.java:process(124)) - SCM in safe mode. Healthy pipelines reported count is 0, required healthy pipeline reported count is 1
2021-07-15 16:37:04,462 [pool-292-thread-1] INFO  server.RaftServerConfigKeys (ConfUtils.java:logGet(44)) - raft.server.retrycache.expirytime = 600000ms (custom)
2021-07-15 16:37:04,462 [pool-292-thread-1] INFO  server.RaftServerConfigKeys (ConfUtils.java:logGet(44)) - raft.server.retrycache.statistics.expirytime = 100μs (default)
2021-07-15 16:37:04,462 [pool-292-thread-1] INFO  metrics.RatisMetrics (RatisMetrics.java:lambda$create$0(36)) - Creating Metrics Registry : ratis.leader_election.7fea9b52-1b88-4603-b6bb-6748911f11bf@group-82BB49B31C0B
2021-07-15 16:37:04,463 [pool-292-thread-1] INFO  metrics.RatisMetrics (RatisMetrics.java:lambda$create$0(36)) - Creating Metrics Registry : ratis.server.7fea9b52-1b88-4603-b6bb-6748911f11bf@group-82BB49B31C0B
2021-07-15 16:37:04,463 [pool-292-thread-1] INFO  server.RaftServer$Division (RaftServerImpl.java:start(295)) - 7fea9b52-1b88-4603-b6bb-6748911f11bf@group-82BB49B31C0B: start as a follower, conf=-1: [7fea9b52-1b88-4603-b6bb-6748911f11bf|rpc:127.0.0.1:43849|priority:1], old=null
2021-07-15 16:37:04,464 [pool-292-thread-1] INFO  server.RaftServer$Division (RaftServerImpl.java:setRole(284)) - 7fea9b52-1b88-4603-b6bb-6748911f11bf@group-82BB49B31C0B: changes role from      null to FOLLOWER at term 0 for startAsFollower
2021-07-15 16:37:04,464 [pool-292-thread-1] INFO  impl.RoleInfo (RoleInfo.java:updateAndGet(130)) - 7fea9b52-1b88-4603-b6bb-6748911f11bf: start 7fea9b52-1b88-4603-b6bb-6748911f11bf@group-82BB49B31C0B-FollowerState
2021-07-15 16:37:04,466 [pool-292-thread-1] INFO  util.JmxRegister (JmxRegister.java:tryRegister(44)) - Successfully registered JMX Bean with object name Ratis:service=RaftServer,group=group-82BB49B31C0B,id=7fea9b52-1b88-4603-b6bb-6748911f11bf
2021-07-15 16:37:04,466 [pool-292-thread-1] INFO  metrics.RatisMetrics (RatisMetrics.java:lambda$create$0(36)) - Creating Metrics Registry : ratis.state_machine.7fea9b52-1b88-4603-b6bb-6748911f11bf@group-82BB49B31C0B
2021-07-15 16:37:04,470 [Command processor thread] INFO  ratis.XceiverServerRatis (XceiverServerRatis.java:addGroup(759)) - Created group PipelineID=cc2bd70a-581f-4adc-87fe-82bb49b31c0b
2021-07-15 16:37:04,470 [Command processor thread] INFO  commandhandler.CreatePipelineCommandHandler (CreatePipelineCommandHandler.java:handle(106)) - Created Pipeline RATIS ONE PipelineID=cc2bd70a-581f-4adc-87fe-82bb49b31c0b.
2021-07-15 16:37:04,475 [3f02e2f7-a9fe-43aa-a16a-2bf2030dc8fd@group-4CAFB8AFE6AC-StateMachineUpdater] INFO  safemode.HealthyPipelineSafeModeRule (HealthyPipelineSafeModeRule.java:initializeRule(152)) - Refreshed total pipeline count is 0, healthy pipeline threshold count is 1
2021-07-15 16:37:04,812 [EndpointStateMachine task thread for /127.0.0.1:12811 - 0 ] INFO  ipc.Client (Client.java:handleConnectionFailure(977)) - Retrying connect to server: localhost/127.0.0.1:12811. Already tried 0 time(s); retry policy is RetryUpToMaximumCountWithFixedSleep(maxRetries=15, sleepTime=1000 MILLISECONDS)
2021-07-15 16:37:04,814 [EndpointStateMachine task thread for /127.0.0.1:12801 - 0 ] INFO  ipc.Client (Client.java:handleConnectionFailure(977)) - Retrying connect to server: localhost/127.0.0.1:12801. Already tried 4 time(s); retry policy is RetryUpToMaximumCountWithFixedSleep(maxRetries=15, sleepTime=1000 MILLISECONDS)
2021-07-15 16:37:04,818 [EndpointStateMachine task thread for /127.0.0.1:12821 - 0 ] INFO  ipc.Client (Client.java:handleConnectionFailure(977)) - Retrying connect to server: localhost/127.0.0.1:12821. Already tried 0 time(s); retry policy is RetryUpToMaximumCountWithFixedSleep(maxRetries=15, sleepTime=1000 MILLISECONDS)
2021-07-15 16:37:05,061 [EventQueue-OpenPipelineForHealthyPipelineSafeModeRule] INFO  safemode.SCMSafeModeManager (HealthyPipelineSafeModeRule.java:process(124)) - SCM in safe mode. Healthy pipelines reported count is 0, required healthy pipeline reported count is 1
2021-07-15 16:37:05,437 [Listener at 127.0.0.1/10248] INFO  ozone.MiniOzoneClusterImpl (MiniOzoneClusterImpl.java:lambda$waitForClusterToBeReady$0(230)) - Nodes are ready. Got 3 of 3 DN Heartbeats.
2021-07-15 16:37:05,438 [Listener at 127.0.0.1/10248] INFO  ozone.MiniOzoneClusterImpl (MiniOzoneClusterImpl.java:lambda$waitForClusterToBeReady$0(233)) - Waiting for cluster to exit safe mode
2021-07-15 16:37:05,438 [Listener at 127.0.0.1/10248] INFO  ozone.MiniOzoneClusterImpl (MiniOzoneClusterImpl.java:lambda$waitForClusterToBeReady$0(235)) - SCM became leader
2021-07-15 16:37:05,449 [Datanode State Machine Thread - 0] ERROR datanode.RunningDatanodeState (RunningDatanodeState.java:computeNextContainerState(199)) - Error in executing end point task.
java.util.concurrent.ExecutionException: java.util.concurrent.TimeoutException
	at java.util.concurrent.FutureTask.report(FutureTask.java:122)
	at java.util.concurrent.FutureTask.get(FutureTask.java:192)
	at org.apache.hadoop.ozone.container.common.states.datanode.RunningDatanodeState.computeNextContainerState(RunningDatanodeState.java:191)
	at org.apache.hadoop.ozone.container.common.states.datanode.RunningDatanodeState.await(RunningDatanodeState.java:231)
	at org.apache.hadoop.ozone.container.common.states.datanode.RunningDatanodeState.await(RunningDatanodeState.java:50)
	at org.apache.hadoop.ozone.container.common.statemachine.StateContext.execute(StateContext.java:629)
	at org.apache.hadoop.ozone.container.common.statemachine.DatanodeStateMachine.start(DatanodeStateMachine.java:269)
	at org.apache.hadoop.ozone.container.common.statemachine.DatanodeStateMachine.lambda$startDaemon$0(DatanodeStateMachine.java:455)
	at java.lang.Thread.run(Thread.java:748)
Caused by: java.util.concurrent.TimeoutException
	at java.util.concurrent.FutureTask.get(FutureTask.java:205)
	at org.apache.hadoop.ozone.container.common.states.datanode.RunningDatanodeState.lambda$execute$0(RunningDatanodeState.java:149)
	at java.util.concurrent.FutureTask.run(FutureTask.java:266)
	at java.util.concurrent.Executors$RunnableAdapter.call(Executors.java:511)
	at java.util.concurrent.FutureTask.run(FutureTask.java:266)
	at java.util.concurrent.ThreadPoolExecutor.runWorker(ThreadPoolExecutor.java:1149)
	at java.util.concurrent.ThreadPoolExecutor$Worker.run(ThreadPoolExecutor.java:624)
	... 1 more
2021-07-15 16:37:05,812 [EndpointStateMachine task thread for /127.0.0.1:12811 - 0 ] INFO  ipc.Client (Client.java:handleConnectionFailure(977)) - Retrying connect to server: localhost/127.0.0.1:12811. Already tried 1 time(s); retry policy is RetryUpToMaximumCountWithFixedSleep(maxRetries=15, sleepTime=1000 MILLISECONDS)
2021-07-15 16:37:05,814 [EndpointStateMachine task thread for /127.0.0.1:12801 - 0 ] INFO  ipc.Client (Client.java:handleConnectionFailure(977)) - Retrying connect to server: localhost/127.0.0.1:12801. Already tried 5 time(s); retry policy is RetryUpToMaximumCountWithFixedSleep(maxRetries=15, sleepTime=1000 MILLISECONDS)
2021-07-15 16:37:05,819 [EndpointStateMachine task thread for /127.0.0.1:12821 - 0 ] INFO  ipc.Client (Client.java:handleConnectionFailure(977)) - Retrying connect to server: localhost/127.0.0.1:12821. Already tried 1 time(s); retry policy is RetryUpToMaximumCountWithFixedSleep(maxRetries=15, sleepTime=1000 MILLISECONDS)
2021-07-15 16:37:06,225 [Datanode State Machine Thread - 0] ERROR datanode.RunningDatanodeState (RunningDatanodeState.java:computeNextContainerState(199)) - Error in executing end point task.
java.util.concurrent.ExecutionException: java.util.concurrent.TimeoutException
	at java.util.concurrent.FutureTask.report(FutureTask.java:122)
	at java.util.concurrent.FutureTask.get(FutureTask.java:192)
	at org.apache.hadoop.ozone.container.common.states.datanode.RunningDatanodeState.computeNextContainerState(RunningDatanodeState.java:191)
	at org.apache.hadoop.ozone.container.common.states.datanode.RunningDatanodeState.await(RunningDatanodeState.java:231)
	at org.apache.hadoop.ozone.container.common.states.datanode.RunningDatanodeState.await(RunningDatanodeState.java:50)
	at org.apache.hadoop.ozone.container.common.statemachine.StateContext.execute(StateContext.java:629)
	at org.apache.hadoop.ozone.container.common.statemachine.DatanodeStateMachine.start(DatanodeStateMachine.java:269)
	at org.apache.hadoop.ozone.container.common.statemachine.DatanodeStateMachine.lambda$startDaemon$0(DatanodeStateMachine.java:455)
	at java.lang.Thread.run(Thread.java:748)
Caused by: java.util.concurrent.TimeoutException
	at java.util.concurrent.FutureTask.get(FutureTask.java:205)
	at org.apache.hadoop.ozone.container.common.states.datanode.RunningDatanodeState.lambda$execute$0(RunningDatanodeState.java:149)
	at java.util.concurrent.FutureTask.run(FutureTask.java:266)
	at java.util.concurrent.Executors$RunnableAdapter.call(Executors.java:511)
	at java.util.concurrent.FutureTask.run(FutureTask.java:266)
	at java.util.concurrent.ThreadPoolExecutor.runWorker(ThreadPoolExecutor.java:1149)
	at java.util.concurrent.ThreadPoolExecutor$Worker.run(ThreadPoolExecutor.java:624)
	... 1 more
2021-07-15 16:37:06,438 [Listener at 127.0.0.1/10248] INFO  ozone.MiniOzoneClusterImpl (MiniOzoneClusterImpl.java:lambda$waitForClusterToBeReady$0(230)) - Nodes are ready. Got 3 of 3 DN Heartbeats.
2021-07-15 16:37:06,439 [Listener at 127.0.0.1/10248] INFO  ozone.MiniOzoneClusterImpl (MiniOzoneClusterImpl.java:lambda$waitForClusterToBeReady$0(233)) - Waiting for cluster to exit safe mode
2021-07-15 16:37:06,439 [Listener at 127.0.0.1/10248] INFO  ozone.MiniOzoneClusterImpl (MiniOzoneClusterImpl.java:lambda$waitForClusterToBeReady$0(235)) - SCM became leader
2021-07-15 16:37:06,451 [Datanode State Machine Thread - 0] ERROR datanode.RunningDatanodeState (RunningDatanodeState.java:computeNextContainerState(199)) - Error in executing end point task.
java.util.concurrent.ExecutionException: java.util.concurrent.TimeoutException
	at java.util.concurrent.FutureTask.report(FutureTask.java:122)
	at java.util.concurrent.FutureTask.get(FutureTask.java:192)
	at org.apache.hadoop.ozone.container.common.states.datanode.RunningDatanodeState.computeNextContainerState(RunningDatanodeState.java:191)
	at org.apache.hadoop.ozone.container.common.states.datanode.RunningDatanodeState.await(RunningDatanodeState.java:231)
	at org.apache.hadoop.ozone.container.common.states.datanode.RunningDatanodeState.await(RunningDatanodeState.java:50)
	at org.apache.hadoop.ozone.container.common.statemachine.StateContext.execute(StateContext.java:629)
	at org.apache.hadoop.ozone.container.common.statemachine.DatanodeStateMachine.start(DatanodeStateMachine.java:269)
	at org.apache.hadoop.ozone.container.common.statemachine.DatanodeStateMachine.lambda$startDaemon$0(DatanodeStateMachine.java:455)
	at java.lang.Thread.run(Thread.java:748)
Caused by: java.util.concurrent.TimeoutException
	at java.util.concurrent.FutureTask.get(FutureTask.java:205)
	at org.apache.hadoop.ozone.container.common.states.datanode.RunningDatanodeState.lambda$execute$0(RunningDatanodeState.java:149)
	at java.util.concurrent.FutureTask.run(FutureTask.java:266)
	at java.util.concurrent.Executors$RunnableAdapter.call(Executors.java:511)
	at java.util.concurrent.FutureTask.run(FutureTask.java:266)
	at java.util.concurrent.ThreadPoolExecutor.runWorker(ThreadPoolExecutor.java:1149)
	at java.util.concurrent.ThreadPoolExecutor$Worker.run(ThreadPoolExecutor.java:624)
	... 1 more
2021-07-15 16:37:06,815 [EndpointStateMachine task thread for /127.0.0.1:12801 - 0 ] INFO  ipc.Client (Client.java:handleConnectionFailure(977)) - Retrying connect to server: localhost/127.0.0.1:12801. Already tried 6 time(s); retry policy is RetryUpToMaximumCountWithFixedSleep(maxRetries=15, sleepTime=1000 MILLISECONDS)
2021-07-15 16:37:06,815 [EndpointStateMachine task thread for /127.0.0.1:12811 - 0 ] INFO  ipc.Client (Client.java:handleConnectionFailure(977)) - Retrying connect to server: localhost/127.0.0.1:12811. Already tried 2 time(s); retry policy is RetryUpToMaximumCountWithFixedSleep(maxRetries=15, sleepTime=1000 MILLISECONDS)
2021-07-15 16:37:06,819 [EndpointStateMachine task thread for /127.0.0.1:12821 - 0 ] INFO  ipc.Client (Client.java:handleConnectionFailure(977)) - Retrying connect to server: localhost/127.0.0.1:12821. Already tried 2 time(s); retry policy is RetryUpToMaximumCountWithFixedSleep(maxRetries=15, sleepTime=1000 MILLISECONDS)
2021-07-15 16:37:07,439 [Listener at 127.0.0.1/10248] INFO  ozone.MiniOzoneClusterImpl (MiniOzoneClusterImpl.java:lambda$waitForClusterToBeReady$0(230)) - Nodes are ready. Got 3 of 3 DN Heartbeats.
2021-07-15 16:37:07,439 [Listener at 127.0.0.1/10248] INFO  ozone.MiniOzoneClusterImpl (MiniOzoneClusterImpl.java:lambda$waitForClusterToBeReady$0(233)) - Waiting for cluster to exit safe mode
2021-07-15 16:37:07,439 [Listener at 127.0.0.1/10248] INFO  ozone.MiniOzoneClusterImpl (MiniOzoneClusterImpl.java:lambda$waitForClusterToBeReady$0(235)) - SCM became leader
2021-07-15 16:37:07,815 [EndpointStateMachine task thread for /127.0.0.1:12801 - 0 ] INFO  ipc.Client (Client.java:handleConnectionFailure(977)) - Retrying connect to server: localhost/127.0.0.1:12801. Already tried 7 time(s); retry policy is RetryUpToMaximumCountWithFixedSleep(maxRetries=15, sleepTime=1000 MILLISECONDS)
2021-07-15 16:37:07,815 [EndpointStateMachine task thread for /127.0.0.1:12811 - 0 ] INFO  ipc.Client (Client.java:handleConnectionFailure(977)) - Retrying connect to server: localhost/127.0.0.1:12811. Already tried 3 time(s); retry policy is RetryUpToMaximumCountWithFixedSleep(maxRetries=15, sleepTime=1000 MILLISECONDS)
2021-07-15 16:37:07,819 [EndpointStateMachine task thread for /127.0.0.1:12821 - 0 ] INFO  ipc.Client (Client.java:handleConnectionFailure(977)) - Retrying connect to server: localhost/127.0.0.1:12821. Already tried 3 time(s); retry policy is RetryUpToMaximumCountWithFixedSleep(maxRetries=15, sleepTime=1000 MILLISECONDS)
2021-07-15 16:37:08,440 [Listener at 127.0.0.1/10248] INFO  ozone.MiniOzoneClusterImpl (MiniOzoneClusterImpl.java:lambda$waitForClusterToBeReady$0(230)) - Nodes are ready. Got 3 of 3 DN Heartbeats.
2021-07-15 16:37:08,440 [Listener at 127.0.0.1/10248] INFO  ozone.MiniOzoneClusterImpl (MiniOzoneClusterImpl.java:lambda$waitForClusterToBeReady$0(233)) - Waiting for cluster to exit safe mode
2021-07-15 16:37:08,440 [Listener at 127.0.0.1/10248] INFO  ozone.MiniOzoneClusterImpl (MiniOzoneClusterImpl.java:lambda$waitForClusterToBeReady$0(235)) - SCM became leader
2021-07-15 16:37:08,816 [EndpointStateMachine task thread for /127.0.0.1:12811 - 0 ] INFO  ipc.Client (Client.java:handleConnectionFailure(977)) - Retrying connect to server: localhost/127.0.0.1:12811. Already tried 4 time(s); retry policy is RetryUpToMaximumCountWithFixedSleep(maxRetries=15, sleepTime=1000 MILLISECONDS)
2021-07-15 16:37:08,816 [EndpointStateMachine task thread for /127.0.0.1:12801 - 0 ] INFO  ipc.Client (Client.java:handleConnectionFailure(977)) - Retrying connect to server: localhost/127.0.0.1:12801. Already tried 8 time(s); retry policy is RetryUpToMaximumCountWithFixedSleep(maxRetries=15, sleepTime=1000 MILLISECONDS)
2021-07-15 16:37:08,820 [EndpointStateMachine task thread for /127.0.0.1:12821 - 0 ] INFO  ipc.Client (Client.java:handleConnectionFailure(977)) - Retrying connect to server: localhost/127.0.0.1:12821. Already tried 4 time(s); retry policy is RetryUpToMaximumCountWithFixedSleep(maxRetries=15, sleepTime=1000 MILLISECONDS)
2021-07-15 16:37:09,113 [7bb90881-70ee-4b59-9518-5a5d97bf3fe4@group-72FEAD52DDE1-FollowerState] INFO  impl.FollowerState (FollowerState.java:run(134)) - 7bb90881-70ee-4b59-9518-5a5d97bf3fe4@group-72FEAD52DDE1-FollowerState: change to CANDIDATE, lastRpcElapsedTime:5012069567ns, electionTimeout:5011ms
2021-07-15 16:37:09,113 [7bb90881-70ee-4b59-9518-5a5d97bf3fe4@group-72FEAD52DDE1-FollowerState] INFO  impl.RoleInfo (RoleInfo.java:shutdownFollowerState(108)) - 7bb90881-70ee-4b59-9518-5a5d97bf3fe4: shutdown 7bb90881-70ee-4b59-9518-5a5d97bf3fe4@group-72FEAD52DDE1-FollowerState
2021-07-15 16:37:09,113 [7bb90881-70ee-4b59-9518-5a5d97bf3fe4@group-72FEAD52DDE1-FollowerState] INFO  server.RaftServer$Division (RaftServerImpl.java:setRole(284)) - 7bb90881-70ee-4b59-9518-5a5d97bf3fe4@group-72FEAD52DDE1: changes role from  FOLLOWER to CANDIDATE at term 0 for changeToCandidate
2021-07-15 16:37:09,113 [7bb90881-70ee-4b59-9518-5a5d97bf3fe4@group-72FEAD52DDE1-FollowerState] INFO  server.RaftServerConfigKeys (ConfUtils.java:logGet(44)) - raft.server.leaderelection.pre-vote = false (custom)
2021-07-15 16:37:09,113 [7bb90881-70ee-4b59-9518-5a5d97bf3fe4@group-72FEAD52DDE1-FollowerState] INFO  impl.RoleInfo (RoleInfo.java:updateAndGet(130)) - 7bb90881-70ee-4b59-9518-5a5d97bf3fe4: start 7bb90881-70ee-4b59-9518-5a5d97bf3fe4@group-72FEAD52DDE1-LeaderElection14
2021-07-15 16:37:09,128 [7bb90881-70ee-4b59-9518-5a5d97bf3fe4@group-72FEAD52DDE1-LeaderElection14] INFO  impl.LeaderElection (LeaderElection.java:askForVotes(306)) - 7bb90881-70ee-4b59-9518-5a5d97bf3fe4@group-72FEAD52DDE1-LeaderElection14 ELECTION round 0: submit vote requests at term 1 for -1: [7bb90881-70ee-4b59-9518-5a5d97bf3fe4|rpc:127.0.0.1:37335|priority:1], old=null
2021-07-15 16:37:09,128 [7bb90881-70ee-4b59-9518-5a5d97bf3fe4@group-72FEAD52DDE1-LeaderElection14] INFO  impl.LeaderElection (LeaderElection.java:askForVotes(308)) - 7bb90881-70ee-4b59-9518-5a5d97bf3fe4@group-72FEAD52DDE1-LeaderElection14 ELECTION round 0: result PASSED (term=1)
2021-07-15 16:37:09,128 [7bb90881-70ee-4b59-9518-5a5d97bf3fe4@group-72FEAD52DDE1-LeaderElection14] INFO  impl.RoleInfo (RoleInfo.java:shutdownLeaderElection(121)) - 7bb90881-70ee-4b59-9518-5a5d97bf3fe4: shutdown 7bb90881-70ee-4b59-9518-5a5d97bf3fe4@group-72FEAD52DDE1-LeaderElection14
2021-07-15 16:37:09,129 [7bb90881-70ee-4b59-9518-5a5d97bf3fe4@group-72FEAD52DDE1-LeaderElection14] INFO  server.RaftServer$Division (RaftServerImpl.java:setRole(284)) - 7bb90881-70ee-4b59-9518-5a5d97bf3fe4@group-72FEAD52DDE1: changes role from CANDIDATE to LEADER at term 1 for changeToLeader
2021-07-15 16:37:09,129 [7bb90881-70ee-4b59-9518-5a5d97bf3fe4@group-72FEAD52DDE1-LeaderElection14] INFO  ratis.XceiverServerRatis (XceiverServerRatis.java:handleLeaderChangedNotification(857)) - Leader change notification received for group: group-72FEAD52DDE1 with new leaderId: 7bb90881-70ee-4b59-9518-5a5d97bf3fe4
2021-07-15 16:37:09,129 [7bb90881-70ee-4b59-9518-5a5d97bf3fe4@group-72FEAD52DDE1-LeaderElection14] INFO  server.RaftServer$Division (ServerState.java:setLeader(271)) - 7bb90881-70ee-4b59-9518-5a5d97bf3fe4@group-72FEAD52DDE1: change Leader from null to 7bb90881-70ee-4b59-9518-5a5d97bf3fe4 at term 1 for becomeLeader, leader elected after 5060ms
2021-07-15 16:37:09,129 [7bb90881-70ee-4b59-9518-5a5d97bf3fe4@group-72FEAD52DDE1-LeaderElection14] INFO  server.RaftServerConfigKeys (ConfUtils.java:logGet(44)) - raft.server.staging.catchup.gap = 1000 (default)
2021-07-15 16:37:09,129 [7bb90881-70ee-4b59-9518-5a5d97bf3fe4@group-72FEAD52DDE1-LeaderElection14] INFO  metrics.RatisMetrics (RatisMetrics.java:lambda$create$0(36)) - Creating Metrics Registry : ratis.log_appender.7bb90881-70ee-4b59-9518-5a5d97bf3fe4@group-72FEAD52DDE1
2021-07-15 16:37:09,129 [7bb90881-70ee-4b59-9518-5a5d97bf3fe4@group-72FEAD52DDE1-LeaderElection14] INFO  server.RaftServerConfigKeys (ConfUtils.java:logGet(44)) - raft.server.write.element-limit = 1024 (custom)
2021-07-15 16:37:09,129 [7bb90881-70ee-4b59-9518-5a5d97bf3fe4@group-72FEAD52DDE1-LeaderElection14] INFO  server.RaftServerConfigKeys (ConfUtils.java:logGet(44)) - raft.server.write.byte-limit = 1073741824 (custom)
2021-07-15 16:37:09,130 [7bb90881-70ee-4b59-9518-5a5d97bf3fe4@group-72FEAD52DDE1-LeaderElection14] INFO  server.RaftServerConfigKeys (ConfUtils.java:logGet(44)) - raft.server.watch.timeout = 180s (custom)
2021-07-15 16:37:09,130 [7bb90881-70ee-4b59-9518-5a5d97bf3fe4@group-72FEAD52DDE1-LeaderElection14] INFO  server.RaftServerConfigKeys (ConfUtils.java:logGet(44)) - raft.server.watch.timeout.denomination = 1s (default)
2021-07-15 16:37:09,130 [7bb90881-70ee-4b59-9518-5a5d97bf3fe4@group-72FEAD52DDE1-LeaderElection14] INFO  server.RaftServerConfigKeys (ConfUtils.java:logGet(44)) - raft.server.watch.element-limit = 65536 (default)
2021-07-15 16:37:09,130 [7bb90881-70ee-4b59-9518-5a5d97bf3fe4@group-72FEAD52DDE1-LeaderElection14] INFO  impl.RoleInfo (RoleInfo.java:updateAndGet(130)) - 7bb90881-70ee-4b59-9518-5a5d97bf3fe4: start 7bb90881-70ee-4b59-9518-5a5d97bf3fe4@group-72FEAD52DDE1-LeaderStateImpl
2021-07-15 16:37:09,130 [7bb90881-70ee-4b59-9518-5a5d97bf3fe4@group-72FEAD52DDE1-LeaderElection14] INFO  segmented.SegmentedRaftLogWorker (SegmentedRaftLogWorker.java:startLogSegment(394)) - 7bb90881-70ee-4b59-9518-5a5d97bf3fe4@group-72FEAD52DDE1-SegmentedRaftLogWorker: Starting segment from index:0
2021-07-15 16:37:09,131 [7bb90881-70ee-4b59-9518-5a5d97bf3fe4@group-72FEAD52DDE1-SegmentedRaftLogWorker] INFO  segmented.SegmentedRaftLogWorker (SegmentedRaftLogWorker.java:execute(601)) - 7bb90881-70ee-4b59-9518-5a5d97bf3fe4@group-72FEAD52DDE1-SegmentedRaftLogWorker: created new log segment /home/runner/work/ozone/ozone/mnt/ozone/hadoop-ozone/integration-test/target/test-dir/MiniOzoneClusterImpl-8ef06965-d5c9-44f0-9cd1-4cafb8afe6ac/datanode-0/data/ratis/a448490d-3f94-46b8-9ace-72fead52dde1/current/log_inprogress_0
2021-07-15 16:37:09,134 [EventQueue-OpenPipelineForHealthyPipelineSafeModeRule] INFO  safemode.SCMSafeModeManager (HealthyPipelineSafeModeRule.java:process(124)) - SCM in safe mode. Healthy pipelines reported count is 0, required healthy pipeline reported count is 1
2021-07-15 16:37:09,141 [EventQueue-OpenPipelineForHealthyPipelineSafeModeRule] INFO  safemode.SCMSafeModeManager (HealthyPipelineSafeModeRule.java:process(124)) - SCM in safe mode. Healthy pipelines reported count is 0, required healthy pipeline reported count is 1
2021-07-15 16:37:09,147 [7bb90881-70ee-4b59-9518-5a5d97bf3fe4@group-72FEAD52DDE1-LeaderElection14] INFO  server.RaftServer$Division (ServerState.java:setRaftConf(373)) - 7bb90881-70ee-4b59-9518-5a5d97bf3fe4@group-72FEAD52DDE1: set configuration 0: [7bb90881-70ee-4b59-9518-5a5d97bf3fe4|rpc:127.0.0.1:37335|dataStream:|priority:1], old=null
2021-07-15 16:37:09,181 [9009ae8a-6e34-4da8-a214-6d662c69877c@group-2FCE177C61F1-FollowerState] INFO  impl.FollowerState (FollowerState.java:run(134)) - 9009ae8a-6e34-4da8-a214-6d662c69877c@group-2FCE177C61F1-FollowerState: change to CANDIDATE, lastRpcElapsedTime:5021710608ns, electionTimeout:5016ms
2021-07-15 16:37:09,181 [9009ae8a-6e34-4da8-a214-6d662c69877c@group-2FCE177C61F1-FollowerState] INFO  impl.RoleInfo (RoleInfo.java:shutdownFollowerState(108)) - 9009ae8a-6e34-4da8-a214-6d662c69877c: shutdown 9009ae8a-6e34-4da8-a214-6d662c69877c@group-2FCE177C61F1-FollowerState
2021-07-15 16:37:09,182 [9009ae8a-6e34-4da8-a214-6d662c69877c@group-2FCE177C61F1-FollowerState] INFO  server.RaftServer$Division (RaftServerImpl.java:setRole(284)) - 9009ae8a-6e34-4da8-a214-6d662c69877c@group-2FCE177C61F1: changes role from  FOLLOWER to CANDIDATE at term 0 for changeToCandidate
2021-07-15 16:37:09,182 [9009ae8a-6e34-4da8-a214-6d662c69877c@group-2FCE177C61F1-FollowerState] INFO  server.RaftServerConfigKeys (ConfUtils.java:logGet(44)) - raft.server.leaderelection.pre-vote = false (custom)
2021-07-15 16:37:09,182 [9009ae8a-6e34-4da8-a214-6d662c69877c@group-2FCE177C61F1-FollowerState] INFO  impl.RoleInfo (RoleInfo.java:updateAndGet(130)) - 9009ae8a-6e34-4da8-a214-6d662c69877c: start 9009ae8a-6e34-4da8-a214-6d662c69877c@group-2FCE177C61F1-LeaderElection15
2021-07-15 16:37:09,186 [7bb90881-70ee-4b59-9518-5a5d97bf3fe4@group-2FCE177C61F1-FollowerState] INFO  impl.FollowerState (FollowerState.java:run(134)) - 7bb90881-70ee-4b59-9518-5a5d97bf3fe4@group-2FCE177C61F1-FollowerState: change to CANDIDATE, lastRpcElapsedTime:5064606688ns, electionTimeout:5064ms
2021-07-15 16:37:09,186 [7bb90881-70ee-4b59-9518-5a5d97bf3fe4@group-2FCE177C61F1-FollowerState] INFO  impl.RoleInfo (RoleInfo.java:shutdownFollowerState(108)) - 7bb90881-70ee-4b59-9518-5a5d97bf3fe4: shutdown 7bb90881-70ee-4b59-9518-5a5d97bf3fe4@group-2FCE177C61F1-FollowerState
2021-07-15 16:37:09,186 [7bb90881-70ee-4b59-9518-5a5d97bf3fe4@group-2FCE177C61F1-FollowerState] INFO  server.RaftServer$Division (RaftServerImpl.java:setRole(284)) - 7bb90881-70ee-4b59-9518-5a5d97bf3fe4@group-2FCE177C61F1: changes role from  FOLLOWER to CANDIDATE at term 0 for changeToCandidate
2021-07-15 16:37:09,186 [7bb90881-70ee-4b59-9518-5a5d97bf3fe4@group-2FCE177C61F1-FollowerState] INFO  server.RaftServerConfigKeys (ConfUtils.java:logGet(44)) - raft.server.leaderelection.pre-vote = false (custom)
2021-07-15 16:37:09,186 [7bb90881-70ee-4b59-9518-5a5d97bf3fe4@group-2FCE177C61F1-FollowerState] INFO  impl.RoleInfo (RoleInfo.java:updateAndGet(130)) - 7bb90881-70ee-4b59-9518-5a5d97bf3fe4: start 7bb90881-70ee-4b59-9518-5a5d97bf3fe4@group-2FCE177C61F1-LeaderElection16
2021-07-15 16:37:09,197 [9009ae8a-6e34-4da8-a214-6d662c69877c@group-2FCE177C61F1-LeaderElection15] INFO  impl.LeaderElection (LeaderElection.java:askForVotes(306)) - 9009ae8a-6e34-4da8-a214-6d662c69877c@group-2FCE177C61F1-LeaderElection15 ELECTION round 0: submit vote requests at term 1 for -1: [7bb90881-70ee-4b59-9518-5a5d97bf3fe4|rpc:127.0.0.1:37335|dataStream:|priority:0, 9009ae8a-6e34-4da8-a214-6d662c69877c|rpc:127.0.0.1:35469|dataStream:|priority:0, 7fea9b52-1b88-4603-b6bb-6748911f11bf|rpc:127.0.0.1:43849|dataStream:|priority:1], old=null
2021-07-15 16:37:09,198 [7bb90881-70ee-4b59-9518-5a5d97bf3fe4@group-2FCE177C61F1-LeaderElection16] INFO  impl.LeaderElection (LeaderElection.java:askForVotes(306)) - 7bb90881-70ee-4b59-9518-5a5d97bf3fe4@group-2FCE177C61F1-LeaderElection16 ELECTION round 0: submit vote requests at term 1 for -1: [7bb90881-70ee-4b59-9518-5a5d97bf3fe4|rpc:127.0.0.1:37335|priority:0, 9009ae8a-6e34-4da8-a214-6d662c69877c|rpc:127.0.0.1:35469|priority:0, 7fea9b52-1b88-4603-b6bb-6748911f11bf|rpc:127.0.0.1:43849|priority:1], old=null
2021-07-15 16:37:09,206 [grpc-default-executor-3] INFO  metrics.RatisMetrics (RatisMetrics.java:lambda$create$0(36)) - Creating Metrics Registry : ratis.server_message_metrics.7bb90881-70ee-4b59-9518-5a5d97bf3fe4
2021-07-15 16:37:09,221 [grpc-default-executor-3] INFO  server.RaftServer$Division (RaftServerImpl.java:requestVote(1042)) - 7bb90881-70ee-4b59-9518-5a5d97bf3fe4@group-2FCE177C61F1: receive requestVote(ELECTION, 9009ae8a-6e34-4da8-a214-6d662c69877c, group-2FCE177C61F1, 1, (t:0, i:0))
2021-07-15 16:37:09,222 [grpc-default-executor-3] INFO  impl.VoteContext (VoteContext.java:log(48)) - 7bb90881-70ee-4b59-9518-5a5d97bf3fe4@group-2FCE177C61F1-CANDIDATE: reject ELECTION from 9009ae8a-6e34-4da8-a214-6d662c69877c: already has voted for 7bb90881-70ee-4b59-9518-5a5d97bf3fe4 at current term 1
2021-07-15 16:37:09,222 [grpc-default-executor-3] INFO  server.RaftServer$Division (RaftServerImpl.java:requestVote(1074)) - 7bb90881-70ee-4b59-9518-5a5d97bf3fe4@group-2FCE177C61F1 replies to ELECTION vote request: 9009ae8a-6e34-4da8-a214-6d662c69877c<-7bb90881-70ee-4b59-9518-5a5d97bf3fe4#0:FAIL-t1. Peer's state: 7bb90881-70ee-4b59-9518-5a5d97bf3fe4@group-2FCE177C61F1:t1, leader=null, voted=7bb90881-70ee-4b59-9518-5a5d97bf3fe4, raftlog=7bb90881-70ee-4b59-9518-5a5d97bf3fe4@group-2FCE177C61F1-SegmentedRaftLog:OPENED:c-1,f-1,i0, conf=-1: [7bb90881-70ee-4b59-9518-5a5d97bf3fe4|rpc:127.0.0.1:37335|priority:0, 9009ae8a-6e34-4da8-a214-6d662c69877c|rpc:127.0.0.1:35469|priority:0, 7fea9b52-1b88-4603-b6bb-6748911f11bf|rpc:127.0.0.1:43849|priority:1], old=null
2021-07-15 16:37:09,225 [grpc-default-executor-3] INFO  server.RaftServer$Division (RaftServerImpl.java:requestVote(1042)) - 7fea9b52-1b88-4603-b6bb-6748911f11bf@group-2FCE177C61F1: receive requestVote(ELECTION, 9009ae8a-6e34-4da8-a214-6d662c69877c, group-2FCE177C61F1, 1, (t:0, i:0))
2021-07-15 16:37:09,225 [grpc-default-executor-3] INFO  impl.VoteContext (VoteContext.java:log(48)) - 7fea9b52-1b88-4603-b6bb-6748911f11bf@group-2FCE177C61F1-FOLLOWER: reject ELECTION from 9009ae8a-6e34-4da8-a214-6d662c69877c: our priority 1 > candidate's priority 0
2021-07-15 16:37:09,225 [grpc-default-executor-3] INFO  server.RaftServer$Division (RaftServerImpl.java:setRole(284)) - 7fea9b52-1b88-4603-b6bb-6748911f11bf@group-2FCE177C61F1: changes role from  FOLLOWER to FOLLOWER at term 1 for candidate:9009ae8a-6e34-4da8-a214-6d662c69877c
2021-07-15 16:37:09,225 [grpc-default-executor-3] INFO  impl.RoleInfo (RoleInfo.java:shutdownFollowerState(108)) - 7fea9b52-1b88-4603-b6bb-6748911f11bf: shutdown 7fea9b52-1b88-4603-b6bb-6748911f11bf@group-2FCE177C61F1-FollowerState
2021-07-15 16:37:09,225 [7fea9b52-1b88-4603-b6bb-6748911f11bf@group-2FCE177C61F1-FollowerState] INFO  impl.FollowerState (FollowerState.java:run(143)) - 7fea9b52-1b88-4603-b6bb-6748911f11bf@group-2FCE177C61F1-FollowerState was interrupted: {}
java.lang.InterruptedException: sleep interrupted
	at java.lang.Thread.sleep(Native Method)
	at java.lang.Thread.sleep(Thread.java:340)
	at java.util.concurrent.TimeUnit.sleep(TimeUnit.java:386)
	at org.apache.ratis.util.TimeDuration.sleep(TimeDuration.java:324)
	at org.apache.ratis.util.TimeDuration.sleep(TimeDuration.java:309)
	at org.apache.ratis.server.impl.FollowerState.run(FollowerState.java:118)
2021-07-15 16:37:09,225 [grpc-default-executor-3] INFO  impl.RoleInfo (RoleInfo.java:updateAndGet(130)) - 7fea9b52-1b88-4603-b6bb-6748911f11bf: start 7fea9b52-1b88-4603-b6bb-6748911f11bf@group-2FCE177C61F1-FollowerState
2021-07-15 16:37:09,233 [grpc-default-executor-3] INFO  server.RaftServer$Division (RaftServerImpl.java:requestVote(1074)) - 7fea9b52-1b88-4603-b6bb-6748911f11bf@group-2FCE177C61F1 replies to ELECTION vote request: 9009ae8a-6e34-4da8-a214-6d662c69877c<-7fea9b52-1b88-4603-b6bb-6748911f11bf#0:FAIL-t1. Peer's state: 7fea9b52-1b88-4603-b6bb-6748911f11bf@group-2FCE177C61F1:t1, leader=null, voted=null, raftlog=7fea9b52-1b88-4603-b6bb-6748911f11bf@group-2FCE177C61F1-SegmentedRaftLog:OPENED:c-1,f-1,i0, conf=-1: [7bb90881-70ee-4b59-9518-5a5d97bf3fe4|rpc:127.0.0.1:37335|dataStream:|priority:0, 9009ae8a-6e34-4da8-a214-6d662c69877c|rpc:127.0.0.1:35469|dataStream:|priority:0, 7fea9b52-1b88-4603-b6bb-6748911f11bf|rpc:127.0.0.1:43849|dataStream:|priority:1], old=null
2021-07-15 16:37:09,234 [grpc-default-executor-0] INFO  server.RaftServer$Division (RaftServerImpl.java:requestVote(1042)) - 9009ae8a-6e34-4da8-a214-6d662c69877c@group-2FCE177C61F1: receive requestVote(ELECTION, 7bb90881-70ee-4b59-9518-5a5d97bf3fe4, group-2FCE177C61F1, 1, (t:0, i:0))
2021-07-15 16:37:09,236 [grpc-default-executor-0] INFO  impl.VoteContext (VoteContext.java:log(48)) - 9009ae8a-6e34-4da8-a214-6d662c69877c@group-2FCE177C61F1-CANDIDATE: reject ELECTION from 7bb90881-70ee-4b59-9518-5a5d97bf3fe4: already has voted for 9009ae8a-6e34-4da8-a214-6d662c69877c at current term 1
2021-07-15 16:37:09,236 [grpc-default-executor-0] INFO  server.RaftServer$Division (RaftServerImpl.java:requestVote(1074)) - 9009ae8a-6e34-4da8-a214-6d662c69877c@group-2FCE177C61F1 replies to ELECTION vote request: 7bb90881-70ee-4b59-9518-5a5d97bf3fe4<-9009ae8a-6e34-4da8-a214-6d662c69877c#0:FAIL-t1. Peer's state: 9009ae8a-6e34-4da8-a214-6d662c69877c@group-2FCE177C61F1:t1, leader=null, voted=9009ae8a-6e34-4da8-a214-6d662c69877c, raftlog=9009ae8a-6e34-4da8-a214-6d662c69877c@group-2FCE177C61F1-SegmentedRaftLog:OPENED:c-1,f-1,i0, conf=-1: [7bb90881-70ee-4b59-9518-5a5d97bf3fe4|rpc:127.0.0.1:37335|dataStream:|priority:0, 9009ae8a-6e34-4da8-a214-6d662c69877c|rpc:127.0.0.1:35469|dataStream:|priority:0, 7fea9b52-1b88-4603-b6bb-6748911f11bf|rpc:127.0.0.1:43849|dataStream:|priority:1], old=null
2021-07-15 16:37:09,237 [9009ae8a-6e34-4da8-a214-6d662c69877c@group-2FCE177C61F1-LeaderElection15] INFO  impl.LeaderElection (LeaderElection.java:logAndReturn(89)) - 9009ae8a-6e34-4da8-a214-6d662c69877c@group-2FCE177C61F1-LeaderElection15: ELECTION REJECTED received 2 response(s) and 0 exception(s):
2021-07-15 16:37:09,237 [grpc-default-executor-2] INFO  server.RaftServer$Division (RaftServerImpl.java:requestVote(1042)) - 7fea9b52-1b88-4603-b6bb-6748911f11bf@group-2FCE177C61F1: receive requestVote(ELECTION, 7bb90881-70ee-4b59-9518-5a5d97bf3fe4, group-2FCE177C61F1, 1, (t:0, i:0))
2021-07-15 16:37:09,237 [9009ae8a-6e34-4da8-a214-6d662c69877c@group-2FCE177C61F1-LeaderElection15] INFO  impl.LeaderElection (LeaderElection.java:logAndReturn(93)) -   Response 0: 9009ae8a-6e34-4da8-a214-6d662c69877c<-7bb90881-70ee-4b59-9518-5a5d97bf3fe4#0:FAIL-t1
2021-07-15 16:37:09,240 [9009ae8a-6e34-4da8-a214-6d662c69877c@group-2FCE177C61F1-LeaderElection15] INFO  impl.LeaderElection (LeaderElection.java:logAndReturn(93)) -   Response 1: 9009ae8a-6e34-4da8-a214-6d662c69877c<-7fea9b52-1b88-4603-b6bb-6748911f11bf#0:FAIL-t1
2021-07-15 16:37:09,241 [9009ae8a-6e34-4da8-a214-6d662c69877c@group-2FCE177C61F1-LeaderElection15] INFO  impl.LeaderElection (LeaderElection.java:askForVotes(308)) - 9009ae8a-6e34-4da8-a214-6d662c69877c@group-2FCE177C61F1-LeaderElection15 ELECTION round 0: result REJECTED
2021-07-15 16:37:09,241 [9009ae8a-6e34-4da8-a214-6d662c69877c@group-2FCE177C61F1-LeaderElection15] INFO  server.RaftServer$Division (RaftServerImpl.java:setRole(284)) - 9009ae8a-6e34-4da8-a214-6d662c69877c@group-2FCE177C61F1: changes role from CANDIDATE to FOLLOWER at term 1 for REJECTED
2021-07-15 16:37:09,241 [9009ae8a-6e34-4da8-a214-6d662c69877c@group-2FCE177C61F1-LeaderElection15] INFO  impl.RoleInfo (RoleInfo.java:shutdownLeaderElection(121)) - 9009ae8a-6e34-4da8-a214-6d662c69877c: shutdown 9009ae8a-6e34-4da8-a214-6d662c69877c@group-2FCE177C61F1-LeaderElection15
2021-07-15 16:37:09,241 [9009ae8a-6e34-4da8-a214-6d662c69877c@group-2FCE177C61F1-LeaderElection15] INFO  impl.RoleInfo (RoleInfo.java:updateAndGet(130)) - 9009ae8a-6e34-4da8-a214-6d662c69877c: start 9009ae8a-6e34-4da8-a214-6d662c69877c@group-2FCE177C61F1-FollowerState
2021-07-15 16:37:09,241 [grpc-default-executor-2] INFO  impl.VoteContext (VoteContext.java:log(48)) - 7fea9b52-1b88-4603-b6bb-6748911f11bf@group-2FCE177C61F1-FOLLOWER: reject ELECTION from 7bb90881-70ee-4b59-9518-5a5d97bf3fe4: our priority 1 > candidate's priority 0
2021-07-15 16:37:09,241 [grpc-default-executor-2] INFO  server.RaftServer$Division (RaftServerImpl.java:setRole(284)) - 7fea9b52-1b88-4603-b6bb-6748911f11bf@group-2FCE177C61F1: changes role from  FOLLOWER to FOLLOWER at term 1 for candidate:7bb90881-70ee-4b59-9518-5a5d97bf3fe4
2021-07-15 16:37:09,241 [grpc-default-executor-2] INFO  impl.RoleInfo (RoleInfo.java:shutdownFollowerState(108)) - 7fea9b52-1b88-4603-b6bb-6748911f11bf: shutdown 7fea9b52-1b88-4603-b6bb-6748911f11bf@group-2FCE177C61F1-FollowerState
2021-07-15 16:37:09,241 [grpc-default-executor-2] INFO  impl.RoleInfo (RoleInfo.java:updateAndGet(130)) - 7fea9b52-1b88-4603-b6bb-6748911f11bf: start 7fea9b52-1b88-4603-b6bb-6748911f11bf@group-2FCE177C61F1-FollowerState
2021-07-15 16:37:09,241 [7fea9b52-1b88-4603-b6bb-6748911f11bf@group-2FCE177C61F1-FollowerState] INFO  impl.FollowerState (FollowerState.java:run(143)) - 7fea9b52-1b88-4603-b6bb-6748911f11bf@group-2FCE177C61F1-FollowerState was interrupted: {}
java.lang.InterruptedException: sleep interrupted
	at java.lang.Thread.sleep(Native Method)
	at java.lang.Thread.sleep(Thread.java:340)
	at java.util.concurrent.TimeUnit.sleep(TimeUnit.java:386)
	at org.apache.ratis.util.TimeDuration.sleep(TimeDuration.java:324)
	at org.apache.ratis.util.TimeDuration.sleep(TimeDuration.java:309)
	at org.apache.ratis.server.impl.FollowerState.run(FollowerState.java:118)
2021-07-15 16:37:09,242 [grpc-default-executor-2] INFO  server.RaftServer$Division (RaftServerImpl.java:requestVote(1074)) - 7fea9b52-1b88-4603-b6bb-6748911f11bf@group-2FCE177C61F1 replies to ELECTION vote request: 7bb90881-70ee-4b59-9518-5a5d97bf3fe4<-7fea9b52-1b88-4603-b6bb-6748911f11bf#0:FAIL-t1. Peer's state: 7fea9b52-1b88-4603-b6bb-6748911f11bf@group-2FCE177C61F1:t1, leader=null, voted=null, raftlog=7fea9b52-1b88-4603-b6bb-6748911f11bf@group-2FCE177C61F1-SegmentedRaftLog:OPENED:c-1,f-1,i0, conf=-1: [7bb90881-70ee-4b59-9518-5a5d97bf3fe4|rpc:127.0.0.1:37335|dataStream:|priority:0, 9009ae8a-6e34-4da8-a214-6d662c69877c|rpc:127.0.0.1:35469|dataStream:|priority:0, 7fea9b52-1b88-4603-b6bb-6748911f11bf|rpc:127.0.0.1:43849|dataStream:|priority:1], old=null
2021-07-15 16:37:09,243 [7bb90881-70ee-4b59-9518-5a5d97bf3fe4@group-2FCE177C61F1-LeaderElection16] INFO  impl.LeaderElection (LeaderElection.java:logAndReturn(89)) - 7bb90881-70ee-4b59-9518-5a5d97bf3fe4@group-2FCE177C61F1-LeaderElection16: ELECTION REJECTED received 2 response(s) and 0 exception(s):
2021-07-15 16:37:09,251 [7bb90881-70ee-4b59-9518-5a5d97bf3fe4@group-2FCE177C61F1-LeaderElection16] INFO  impl.LeaderElection (LeaderElection.java:logAndReturn(93)) -   Response 0: 7bb90881-70ee-4b59-9518-5a5d97bf3fe4<-9009ae8a-6e34-4da8-a214-6d662c69877c#0:FAIL-t1
2021-07-15 16:37:09,251 [7bb90881-70ee-4b59-9518-5a5d97bf3fe4@group-2FCE177C61F1-LeaderElection16] INFO  impl.LeaderElection (LeaderElection.java:logAndReturn(93)) -   Response 1: 7bb90881-70ee-4b59-9518-5a5d97bf3fe4<-7fea9b52-1b88-4603-b6bb-6748911f11bf#0:FAIL-t1
2021-07-15 16:37:09,251 [7bb90881-70ee-4b59-9518-5a5d97bf3fe4@group-2FCE177C61F1-LeaderElection16] INFO  impl.LeaderElection (LeaderElection.java:askForVotes(308)) - 7bb90881-70ee-4b59-9518-5a5d97bf3fe4@group-2FCE177C61F1-LeaderElection16 ELECTION round 0: result REJECTED
2021-07-15 16:37:09,251 [7bb90881-70ee-4b59-9518-5a5d97bf3fe4@group-2FCE177C61F1-LeaderElection16] INFO  server.RaftServer$Division (RaftServerImpl.java:setRole(284)) - 7bb90881-70ee-4b59-9518-5a5d97bf3fe4@group-2FCE177C61F1: changes role from CANDIDATE to FOLLOWER at term 1 for REJECTED
2021-07-15 16:37:09,251 [7bb90881-70ee-4b59-9518-5a5d97bf3fe4@group-2FCE177C61F1-LeaderElection16] INFO  impl.RoleInfo (RoleInfo.java:shutdownLeaderElection(121)) - 7bb90881-70ee-4b59-9518-5a5d97bf3fe4: shutdown 7bb90881-70ee-4b59-9518-5a5d97bf3fe4@group-2FCE177C61F1-LeaderElection16
2021-07-15 16:37:09,251 [7bb90881-70ee-4b59-9518-5a5d97bf3fe4@group-2FCE177C61F1-LeaderElection16] INFO  impl.RoleInfo (RoleInfo.java:updateAndGet(130)) - 7bb90881-70ee-4b59-9518-5a5d97bf3fe4: start 7bb90881-70ee-4b59-9518-5a5d97bf3fe4@group-2FCE177C61F1-FollowerState
2021-07-15 16:37:09,277 [Datanode State Machine Thread - 0] ERROR datanode.RunningDatanodeState (RunningDatanodeState.java:computeNextContainerState(199)) - Error in executing end point task.
java.util.concurrent.ExecutionException: java.util.concurrent.TimeoutException
	at java.util.concurrent.FutureTask.report(FutureTask.java:122)
	at java.util.concurrent.FutureTask.get(FutureTask.java:192)
	at org.apache.hadoop.ozone.container.common.states.datanode.RunningDatanodeState.computeNextContainerState(RunningDatanodeState.java:191)
	at org.apache.hadoop.ozone.container.common.states.datanode.RunningDatanodeState.await(RunningDatanodeState.java:231)
	at org.apache.hadoop.ozone.container.common.states.datanode.RunningDatanodeState.await(RunningDatanodeState.java:50)
	at org.apache.hadoop.ozone.container.common.statemachine.StateContext.execute(StateContext.java:629)
	at org.apache.hadoop.ozone.container.common.statemachine.DatanodeStateMachine.start(DatanodeStateMachine.java:269)
	at org.apache.hadoop.ozone.container.common.statemachine.DatanodeStateMachine.lambda$startDaemon$0(DatanodeStateMachine.java:455)
	at java.lang.Thread.run(Thread.java:748)
Caused by: java.util.concurrent.TimeoutException
	at java.util.concurrent.FutureTask.get(FutureTask.java:205)
	at org.apache.hadoop.ozone.container.common.states.datanode.RunningDatanodeState.lambda$execute$0(RunningDatanodeState.java:149)
	at java.util.concurrent.FutureTask.run(FutureTask.java:266)
	at java.util.concurrent.Executors$RunnableAdapter.call(Executors.java:511)
	at java.util.concurrent.FutureTask.run(FutureTask.java:266)
	at java.util.concurrent.ThreadPoolExecutor.runWorker(ThreadPoolExecutor.java:1149)
	at java.util.concurrent.ThreadPoolExecutor$Worker.run(ThreadPoolExecutor.java:624)
	... 1 more
2021-07-15 16:37:09,427 [7fea9b52-1b88-4603-b6bb-6748911f11bf@group-324EC8E43CB0-FollowerState] INFO  impl.FollowerState (FollowerState.java:run(134)) - 7fea9b52-1b88-4603-b6bb-6748911f11bf@group-324EC8E43CB0-FollowerState: change to CANDIDATE, lastRpcElapsedTime:5120457223ns, electionTimeout:5120ms
2021-07-15 16:37:09,428 [7fea9b52-1b88-4603-b6bb-6748911f11bf@group-324EC8E43CB0-FollowerState] INFO  impl.RoleInfo (RoleInfo.java:shutdownFollowerState(108)) - 7fea9b52-1b88-4603-b6bb-6748911f11bf: shutdown 7fea9b52-1b88-4603-b6bb-6748911f11bf@group-324EC8E43CB0-FollowerState
2021-07-15 16:37:09,428 [7fea9b52-1b88-4603-b6bb-6748911f11bf@group-324EC8E43CB0-FollowerState] INFO  server.RaftServer$Division (RaftServerImpl.java:setRole(284)) - 7fea9b52-1b88-4603-b6bb-6748911f11bf@group-324EC8E43CB0: changes role from  FOLLOWER to CANDIDATE at term 0 for changeToCandidate
2021-07-15 16:37:09,428 [7fea9b52-1b88-4603-b6bb-6748911f11bf@group-324EC8E43CB0-FollowerState] INFO  server.RaftServerConfigKeys (ConfUtils.java:logGet(44)) - raft.server.leaderelection.pre-vote = false (custom)
2021-07-15 16:37:09,428 [7fea9b52-1b88-4603-b6bb-6748911f11bf@group-324EC8E43CB0-FollowerState] INFO  impl.RoleInfo (RoleInfo.java:updateAndGet(130)) - 7fea9b52-1b88-4603-b6bb-6748911f11bf: start 7fea9b52-1b88-4603-b6bb-6748911f11bf@group-324EC8E43CB0-LeaderElection17
2021-07-15 16:37:09,432 [7fea9b52-1b88-4603-b6bb-6748911f11bf@group-324EC8E43CB0-LeaderElection17] INFO  impl.LeaderElection (LeaderElection.java:askForVotes(306)) - 7fea9b52-1b88-4603-b6bb-6748911f11bf@group-324EC8E43CB0-LeaderElection17 ELECTION round 0: submit vote requests at term 1 for -1: [7bb90881-70ee-4b59-9518-5a5d97bf3fe4|rpc:127.0.0.1:37335|dataStream:|priority:1, 9009ae8a-6e34-4da8-a214-6d662c69877c|rpc:127.0.0.1:35469|dataStream:|priority:0, 7fea9b52-1b88-4603-b6bb-6748911f11bf|rpc:127.0.0.1:43849|dataStream:|priority:0], old=null
2021-07-15 16:37:09,434 [7bb90881-70ee-4b59-9518-5a5d97bf3fe4@group-324EC8E43CB0-FollowerState] INFO  impl.FollowerState (FollowerState.java:run(134)) - 7bb90881-70ee-4b59-9518-5a5d97bf3fe4@group-324EC8E43CB0-FollowerState: change to CANDIDATE, lastRpcElapsedTime:5199092155ns, electionTimeout:5191ms
2021-07-15 16:37:09,435 [7bb90881-70ee-4b59-9518-5a5d97bf3fe4@group-324EC8E43CB0-FollowerState] INFO  impl.RoleInfo (RoleInfo.java:shutdownFollowerState(108)) - 7bb90881-70ee-4b59-9518-5a5d97bf3fe4: shutdown 7bb90881-70ee-4b59-9518-5a5d97bf3fe4@group-324EC8E43CB0-FollowerState
2021-07-15 16:37:09,435 [7bb90881-70ee-4b59-9518-5a5d97bf3fe4@group-324EC8E43CB0-FollowerState] INFO  server.RaftServer$Division (RaftServerImpl.java:setRole(284)) - 7bb90881-70ee-4b59-9518-5a5d97bf3fe4@group-324EC8E43CB0: changes role from  FOLLOWER to CANDIDATE at term 0 for changeToCandidate
2021-07-15 16:37:09,435 [7bb90881-70ee-4b59-9518-5a5d97bf3fe4@group-324EC8E43CB0-FollowerState] INFO  server.RaftServerConfigKeys (ConfUtils.java:logGet(44)) - raft.server.leaderelection.pre-vote = false (custom)
2021-07-15 16:37:09,435 [7bb90881-70ee-4b59-9518-5a5d97bf3fe4@group-324EC8E43CB0-FollowerState] INFO  impl.RoleInfo (RoleInfo.java:updateAndGet(130)) - 7bb90881-70ee-4b59-9518-5a5d97bf3fe4: start 7bb90881-70ee-4b59-9518-5a5d97bf3fe4@group-324EC8E43CB0-LeaderElection18
2021-07-15 16:37:09,445 [Listener at 127.0.0.1/10248] INFO  ozone.MiniOzoneClusterImpl (MiniOzoneClusterImpl.java:lambda$waitForClusterToBeReady$0(230)) - Nodes are ready. Got 3 of 3 DN Heartbeats.
2021-07-15 16:37:09,445 [Listener at 127.0.0.1/10248] INFO  ozone.MiniOzoneClusterImpl (MiniOzoneClusterImpl.java:lambda$waitForClusterToBeReady$0(233)) - Waiting for cluster to exit safe mode
2021-07-15 16:37:09,445 [Listener at 127.0.0.1/10248] INFO  ozone.MiniOzoneClusterImpl (MiniOzoneClusterImpl.java:lambda$waitForClusterToBeReady$0(235)) - SCM became leader
2021-07-15 16:37:09,451 [grpc-default-executor-2] INFO  server.RaftServer$Division (RaftServerImpl.java:requestVote(1042)) - 9009ae8a-6e34-4da8-a214-6d662c69877c@group-324EC8E43CB0: receive requestVote(ELECTION, 7fea9b52-1b88-4603-b6bb-6748911f11bf, group-324EC8E43CB0, 1, (t:0, i:0))
2021-07-15 16:37:09,451 [grpc-default-executor-2] INFO  impl.VoteContext (VoteContext.java:log(48)) - 9009ae8a-6e34-4da8-a214-6d662c69877c@group-324EC8E43CB0-FOLLOWER: accept ELECTION from 7fea9b52-1b88-4603-b6bb-6748911f11bf: our priority 0 <= candidate's priority 0
2021-07-15 16:37:09,451 [grpc-default-executor-2] INFO  server.RaftServer$Division (RaftServerImpl.java:setRole(284)) - 9009ae8a-6e34-4da8-a214-6d662c69877c@group-324EC8E43CB0: changes role from  FOLLOWER to FOLLOWER at term 1 for candidate:7fea9b52-1b88-4603-b6bb-6748911f11bf
2021-07-15 16:37:09,451 [grpc-default-executor-2] INFO  impl.RoleInfo (RoleInfo.java:shutdownFollowerState(108)) - 9009ae8a-6e34-4da8-a214-6d662c69877c: shutdown 9009ae8a-6e34-4da8-a214-6d662c69877c@group-324EC8E43CB0-FollowerState
2021-07-15 16:37:09,451 [9009ae8a-6e34-4da8-a214-6d662c69877c@group-324EC8E43CB0-FollowerState] INFO  impl.FollowerState (FollowerState.java:run(143)) - 9009ae8a-6e34-4da8-a214-6d662c69877c@group-324EC8E43CB0-FollowerState was interrupted: {}
java.lang.InterruptedException: sleep interrupted
	at java.lang.Thread.sleep(Native Method)
	at java.lang.Thread.sleep(Thread.java:340)
	at java.util.concurrent.TimeUnit.sleep(TimeUnit.java:386)
	at org.apache.ratis.util.TimeDuration.sleep(TimeDuration.java:324)
	at org.apache.ratis.util.TimeDuration.sleep(TimeDuration.java:309)
	at org.apache.ratis.server.impl.FollowerState.run(FollowerState.java:118)
2021-07-15 16:37:09,451 [grpc-default-executor-2] INFO  impl.RoleInfo (RoleInfo.java:updateAndGet(130)) - 9009ae8a-6e34-4da8-a214-6d662c69877c: start 9009ae8a-6e34-4da8-a214-6d662c69877c@group-324EC8E43CB0-FollowerState
2021-07-15 16:37:09,452 [grpc-default-executor-0] INFO  server.RaftServer$Division (RaftServerImpl.java:requestVote(1042)) - 7bb90881-70ee-4b59-9518-5a5d97bf3fe4@group-324EC8E43CB0: receive requestVote(ELECTION, 7fea9b52-1b88-4603-b6bb-6748911f11bf, group-324EC8E43CB0, 1, (t:0, i:0))
2021-07-15 16:37:09,455 [grpc-default-executor-0] INFO  impl.VoteContext (VoteContext.java:log(48)) - 7bb90881-70ee-4b59-9518-5a5d97bf3fe4@group-324EC8E43CB0-CANDIDATE: reject ELECTION from 7fea9b52-1b88-4603-b6bb-6748911f11bf: already has voted for 7bb90881-70ee-4b59-9518-5a5d97bf3fe4 at current term 1
2021-07-15 16:37:09,456 [grpc-default-executor-0] INFO  server.RaftServer$Division (RaftServerImpl.java:requestVote(1074)) - 7bb90881-70ee-4b59-9518-5a5d97bf3fe4@group-324EC8E43CB0 replies to ELECTION vote request: 7fea9b52-1b88-4603-b6bb-6748911f11bf<-7bb90881-70ee-4b59-9518-5a5d97bf3fe4#0:FAIL-t1. Peer's state: 7bb90881-70ee-4b59-9518-5a5d97bf3fe4@group-324EC8E43CB0:t1, leader=null, voted=7bb90881-70ee-4b59-9518-5a5d97bf3fe4, raftlog=7bb90881-70ee-4b59-9518-5a5d97bf3fe4@group-324EC8E43CB0-SegmentedRaftLog:OPENED:c-1,f-1,i0, conf=-1: [7bb90881-70ee-4b59-9518-5a5d97bf3fe4|rpc:127.0.0.1:37335|priority:1, 9009ae8a-6e34-4da8-a214-6d662c69877c|rpc:127.0.0.1:35469|priority:0, 7fea9b52-1b88-4603-b6bb-6748911f11bf|rpc:127.0.0.1:43849|priority:0], old=null
2021-07-15 16:37:09,456 [7bb90881-70ee-4b59-9518-5a5d97bf3fe4@group-324EC8E43CB0-LeaderElection18] INFO  impl.LeaderElection (LeaderElection.java:askForVotes(306)) - 7bb90881-70ee-4b59-9518-5a5d97bf3fe4@group-324EC8E43CB0-LeaderElection18 ELECTION round 0: submit vote requests at term 1 for -1: [7bb90881-70ee-4b59-9518-5a5d97bf3fe4|rpc:127.0.0.1:37335|priority:1, 9009ae8a-6e34-4da8-a214-6d662c69877c|rpc:127.0.0.1:35469|priority:0, 7fea9b52-1b88-4603-b6bb-6748911f11bf|rpc:127.0.0.1:43849|priority:0], old=null
2021-07-15 16:37:09,460 [7fea9b52-1b88-4603-b6bb-6748911f11bf@group-324EC8E43CB0-LeaderElection17] INFO  impl.LeaderElection (LeaderElection.java:logAndReturn(89)) - 7fea9b52-1b88-4603-b6bb-6748911f11bf@group-324EC8E43CB0-LeaderElection17: ELECTION REJECTED received 1 response(s) and 0 exception(s):
2021-07-15 16:37:09,460 [7fea9b52-1b88-4603-b6bb-6748911f11bf@group-324EC8E43CB0-LeaderElection17] INFO  impl.LeaderElection (LeaderElection.java:logAndReturn(93)) -   Response 0: 7fea9b52-1b88-4603-b6bb-6748911f11bf<-7bb90881-70ee-4b59-9518-5a5d97bf3fe4#0:FAIL-t1
2021-07-15 16:37:09,460 [7fea9b52-1b88-4603-b6bb-6748911f11bf@group-324EC8E43CB0-LeaderElection17] INFO  impl.LeaderElection (LeaderElection.java:askForVotes(308)) - 7fea9b52-1b88-4603-b6bb-6748911f11bf@group-324EC8E43CB0-LeaderElection17 ELECTION round 0: result REJECTED
2021-07-15 16:37:09,460 [7fea9b52-1b88-4603-b6bb-6748911f11bf@group-324EC8E43CB0-LeaderElection17] INFO  server.RaftServer$Division (RaftServerImpl.java:setRole(284)) - 7fea9b52-1b88-4603-b6bb-6748911f11bf@group-324EC8E43CB0: changes role from CANDIDATE to FOLLOWER at term 1 for REJECTED
2021-07-15 16:37:09,461 [7fea9b52-1b88-4603-b6bb-6748911f11bf@group-324EC8E43CB0-LeaderElection17] INFO  impl.RoleInfo (RoleInfo.java:shutdownLeaderElection(121)) - 7fea9b52-1b88-4603-b6bb-6748911f11bf: shutdown 7fea9b52-1b88-4603-b6bb-6748911f11bf@group-324EC8E43CB0-LeaderElection17
2021-07-15 16:37:09,461 [7fea9b52-1b88-4603-b6bb-6748911f11bf@group-324EC8E43CB0-LeaderElection17] INFO  impl.RoleInfo (RoleInfo.java:updateAndGet(130)) - 7fea9b52-1b88-4603-b6bb-6748911f11bf: start 7fea9b52-1b88-4603-b6bb-6748911f11bf@group-324EC8E43CB0-FollowerState
2021-07-15 16:37:09,461 [grpc-default-executor-2] INFO  server.RaftServer$Division (RaftServerImpl.java:requestVote(1074)) - 9009ae8a-6e34-4da8-a214-6d662c69877c@group-324EC8E43CB0 replies to ELECTION vote request: 7fea9b52-1b88-4603-b6bb-6748911f11bf<-9009ae8a-6e34-4da8-a214-6d662c69877c#0:OK-t1. Peer's state: 9009ae8a-6e34-4da8-a214-6d662c69877c@group-324EC8E43CB0:t1, leader=null, voted=7fea9b52-1b88-4603-b6bb-6748911f11bf, raftlog=9009ae8a-6e34-4da8-a214-6d662c69877c@group-324EC8E43CB0-SegmentedRaftLog:OPENED:c-1,f-1,i0, conf=-1: [7bb90881-70ee-4b59-9518-5a5d97bf3fe4|rpc:127.0.0.1:37335|dataStream:|priority:1, 9009ae8a-6e34-4da8-a214-6d662c69877c|rpc:127.0.0.1:35469|dataStream:|priority:0, 7fea9b52-1b88-4603-b6bb-6748911f11bf|rpc:127.0.0.1:43849|dataStream:|priority:0], old=null
2021-07-15 16:37:09,470 [grpc-default-executor-0] INFO  server.RaftServer$Division (RaftServerImpl.java:requestVote(1042)) - 9009ae8a-6e34-4da8-a214-6d662c69877c@group-324EC8E43CB0: receive requestVote(ELECTION, 7bb90881-70ee-4b59-9518-5a5d97bf3fe4, group-324EC8E43CB0, 1, (t:0, i:0))
2021-07-15 16:37:09,470 [grpc-default-executor-0] INFO  impl.VoteContext (VoteContext.java:log(48)) - 9009ae8a-6e34-4da8-a214-6d662c69877c@group-324EC8E43CB0-FOLLOWER: reject ELECTION from 7bb90881-70ee-4b59-9518-5a5d97bf3fe4: already has voted for 7fea9b52-1b88-4603-b6bb-6748911f11bf at current term 1
2021-07-15 16:37:09,470 [grpc-default-executor-0] INFO  server.RaftServer$Division (RaftServerImpl.java:requestVote(1074)) - 9009ae8a-6e34-4da8-a214-6d662c69877c@group-324EC8E43CB0 replies to ELECTION vote request: 7bb90881-70ee-4b59-9518-5a5d97bf3fe4<-9009ae8a-6e34-4da8-a214-6d662c69877c#0:FAIL-t1. Peer's state: 9009ae8a-6e34-4da8-a214-6d662c69877c@group-324EC8E43CB0:t1, leader=null, voted=7fea9b52-1b88-4603-b6bb-6748911f11bf, raftlog=9009ae8a-6e34-4da8-a214-6d662c69877c@group-324EC8E43CB0-SegmentedRaftLog:OPENED:c-1,f-1,i0, conf=-1: [7bb90881-70ee-4b59-9518-5a5d97bf3fe4|rpc:127.0.0.1:37335|dataStream:|priority:1, 9009ae8a-6e34-4da8-a214-6d662c69877c|rpc:127.0.0.1:35469|dataStream:|priority:0, 7fea9b52-1b88-4603-b6bb-6748911f11bf|rpc:127.0.0.1:43849|dataStream:|priority:0], old=null
2021-07-15 16:37:09,471 [grpc-default-executor-2] INFO  server.RaftServer$Division (RaftServerImpl.java:requestVote(1042)) - 7fea9b52-1b88-4603-b6bb-6748911f11bf@group-324EC8E43CB0: receive requestVote(ELECTION, 7bb90881-70ee-4b59-9518-5a5d97bf3fe4, group-324EC8E43CB0, 1, (t:0, i:0))
2021-07-15 16:37:09,471 [grpc-default-executor-2] INFO  impl.VoteContext (VoteContext.java:log(48)) - 7fea9b52-1b88-4603-b6bb-6748911f11bf@group-324EC8E43CB0-FOLLOWER: reject ELECTION from 7bb90881-70ee-4b59-9518-5a5d97bf3fe4: already has voted for 7fea9b52-1b88-4603-b6bb-6748911f11bf at current term 1
2021-07-15 16:37:09,471 [grpc-default-executor-2] INFO  server.RaftServer$Division (RaftServerImpl.java:requestVote(1074)) - 7fea9b52-1b88-4603-b6bb-6748911f11bf@group-324EC8E43CB0 replies to ELECTION vote request: 7bb90881-70ee-4b59-9518-5a5d97bf3fe4<-7fea9b52-1b88-4603-b6bb-6748911f11bf#0:FAIL-t1. Peer's state: 7fea9b52-1b88-4603-b6bb-6748911f11bf@group-324EC8E43CB0:t1, leader=null, voted=7fea9b52-1b88-4603-b6bb-6748911f11bf, raftlog=7fea9b52-1b88-4603-b6bb-6748911f11bf@group-324EC8E43CB0-SegmentedRaftLog:OPENED:c-1,f-1,i0, conf=-1: [7bb90881-70ee-4b59-9518-5a5d97bf3fe4|rpc:127.0.0.1:37335|dataStream:|priority:1, 9009ae8a-6e34-4da8-a214-6d662c69877c|rpc:127.0.0.1:35469|dataStream:|priority:0, 7fea9b52-1b88-4603-b6bb-6748911f11bf|rpc:127.0.0.1:43849|dataStream:|priority:0], old=null
2021-07-15 16:37:09,480 [7bb90881-70ee-4b59-9518-5a5d97bf3fe4@group-324EC8E43CB0-LeaderElection18] INFO  impl.LeaderElection (LeaderElection.java:logAndReturn(89)) - 7bb90881-70ee-4b59-9518-5a5d97bf3fe4@group-324EC8E43CB0-LeaderElection18: ELECTION REJECTED received 2 response(s) and 0 exception(s):
2021-07-15 16:37:09,480 [7bb90881-70ee-4b59-9518-5a5d97bf3fe4@group-324EC8E43CB0-LeaderElection18] INFO  impl.LeaderElection (LeaderElection.java:logAndReturn(93)) -   Response 0: 7bb90881-70ee-4b59-9518-5a5d97bf3fe4<-9009ae8a-6e34-4da8-a214-6d662c69877c#0:FAIL-t1
2021-07-15 16:37:09,481 [7bb90881-70ee-4b59-9518-5a5d97bf3fe4@group-324EC8E43CB0-LeaderElection18] INFO  impl.LeaderElection (LeaderElection.java:logAndReturn(93)) -   Response 1: 7bb90881-70ee-4b59-9518-5a5d97bf3fe4<-7fea9b52-1b88-4603-b6bb-6748911f11bf#0:FAIL-t1
2021-07-15 16:37:09,481 [7bb90881-70ee-4b59-9518-5a5d97bf3fe4@group-324EC8E43CB0-LeaderElection18] INFO  impl.LeaderElection (LeaderElection.java:askForVotes(308)) - 7bb90881-70ee-4b59-9518-5a5d97bf3fe4@group-324EC8E43CB0-LeaderElection18 ELECTION round 0: result REJECTED
2021-07-15 16:37:09,481 [7bb90881-70ee-4b59-9518-5a5d97bf3fe4@group-324EC8E43CB0-LeaderElection18] INFO  server.RaftServer$Division (RaftServerImpl.java:setRole(284)) - 7bb90881-70ee-4b59-9518-5a5d97bf3fe4@group-324EC8E43CB0: changes role from CANDIDATE to FOLLOWER at term 1 for REJECTED
2021-07-15 16:37:09,481 [7bb90881-70ee-4b59-9518-5a5d97bf3fe4@group-324EC8E43CB0-LeaderElection18] INFO  impl.RoleInfo (RoleInfo.java:shutdownLeaderElection(121)) - 7bb90881-70ee-4b59-9518-5a5d97bf3fe4: shutdown 7bb90881-70ee-4b59-9518-5a5d97bf3fe4@group-324EC8E43CB0-LeaderElection18
2021-07-15 16:37:09,481 [7bb90881-70ee-4b59-9518-5a5d97bf3fe4@group-324EC8E43CB0-LeaderElection18] INFO  impl.RoleInfo (RoleInfo.java:updateAndGet(130)) - 7bb90881-70ee-4b59-9518-5a5d97bf3fe4: start 7bb90881-70ee-4b59-9518-5a5d97bf3fe4@group-324EC8E43CB0-FollowerState
2021-07-15 16:37:09,484 [9009ae8a-6e34-4da8-a214-6d662c69877c@group-446952105CA5-FollowerState] INFO  impl.FollowerState (FollowerState.java:run(134)) - 9009ae8a-6e34-4da8-a214-6d662c69877c@group-446952105CA5-FollowerState: change to CANDIDATE, lastRpcElapsedTime:5201882467ns, electionTimeout:5200ms
2021-07-15 16:37:09,484 [9009ae8a-6e34-4da8-a214-6d662c69877c@group-446952105CA5-FollowerState] INFO  impl.RoleInfo (RoleInfo.java:shutdownFollowerState(108)) - 9009ae8a-6e34-4da8-a214-6d662c69877c: shutdown 9009ae8a-6e34-4da8-a214-6d662c69877c@group-446952105CA5-FollowerState
2021-07-15 16:37:09,484 [9009ae8a-6e34-4da8-a214-6d662c69877c@group-446952105CA5-FollowerState] INFO  server.RaftServer$Division (RaftServerImpl.java:setRole(284)) - 9009ae8a-6e34-4da8-a214-6d662c69877c@group-446952105CA5: changes role from  FOLLOWER to CANDIDATE at term 0 for changeToCandidate
2021-07-15 16:37:09,484 [9009ae8a-6e34-4da8-a214-6d662c69877c@group-446952105CA5-FollowerState] INFO  server.RaftServerConfigKeys (ConfUtils.java:logGet(44)) - raft.server.leaderelection.pre-vote = false (custom)
2021-07-15 16:37:09,484 [9009ae8a-6e34-4da8-a214-6d662c69877c@group-446952105CA5-FollowerState] INFO  impl.RoleInfo (RoleInfo.java:updateAndGet(130)) - 9009ae8a-6e34-4da8-a214-6d662c69877c: start 9009ae8a-6e34-4da8-a214-6d662c69877c@group-446952105CA5-LeaderElection19
2021-07-15 16:37:09,490 [7fea9b52-1b88-4603-b6bb-6748911f11bf@group-82BB49B31C0B-FollowerState] INFO  impl.FollowerState (FollowerState.java:run(134)) - 7fea9b52-1b88-4603-b6bb-6748911f11bf@group-82BB49B31C0B-FollowerState: change to CANDIDATE, lastRpcElapsedTime:5026007823ns, electionTimeout:5023ms
2021-07-15 16:37:09,490 [7fea9b52-1b88-4603-b6bb-6748911f11bf@group-82BB49B31C0B-FollowerState] INFO  impl.RoleInfo (RoleInfo.java:shutdownFollowerState(108)) - 7fea9b52-1b88-4603-b6bb-6748911f11bf: shutdown 7fea9b52-1b88-4603-b6bb-6748911f11bf@group-82BB49B31C0B-FollowerState
2021-07-15 16:37:09,490 [7fea9b52-1b88-4603-b6bb-6748911f11bf@group-82BB49B31C0B-FollowerState] INFO  server.RaftServer$Division (RaftServerImpl.java:setRole(284)) - 7fea9b52-1b88-4603-b6bb-6748911f11bf@group-82BB49B31C0B: changes role from  FOLLOWER to CANDIDATE at term 0 for changeToCandidate
2021-07-15 16:37:09,490 [7fea9b52-1b88-4603-b6bb-6748911f11bf@group-82BB49B31C0B-FollowerState] INFO  server.RaftServerConfigKeys (ConfUtils.java:logGet(44)) - raft.server.leaderelection.pre-vote = false (custom)
2021-07-15 16:37:09,490 [7fea9b52-1b88-4603-b6bb-6748911f11bf@group-82BB49B31C0B-FollowerState] INFO  impl.RoleInfo (RoleInfo.java:updateAndGet(130)) - 7fea9b52-1b88-4603-b6bb-6748911f11bf: start 7fea9b52-1b88-4603-b6bb-6748911f11bf@group-82BB49B31C0B-LeaderElection20
2021-07-15 16:37:09,496 [9009ae8a-6e34-4da8-a214-6d662c69877c@group-446952105CA5-LeaderElection19] INFO  impl.LeaderElection (LeaderElection.java:askForVotes(306)) - 9009ae8a-6e34-4da8-a214-6d662c69877c@group-446952105CA5-LeaderElection19 ELECTION round 0: submit vote requests at term 1 for -1: [9009ae8a-6e34-4da8-a214-6d662c69877c|rpc:127.0.0.1:35469|priority:1], old=null
2021-07-15 16:37:09,496 [9009ae8a-6e34-4da8-a214-6d662c69877c@group-446952105CA5-LeaderElection19] INFO  impl.LeaderElection (LeaderElection.java:askForVotes(308)) - 9009ae8a-6e34-4da8-a214-6d662c69877c@group-446952105CA5-LeaderElection19 ELECTION round 0: result PASSED (term=1)
2021-07-15 16:37:09,496 [9009ae8a-6e34-4da8-a214-6d662c69877c@group-446952105CA5-LeaderElection19] INFO  impl.RoleInfo (RoleInfo.java:shutdownLeaderElection(121)) - 9009ae8a-6e34-4da8-a214-6d662c69877c: shutdown 9009ae8a-6e34-4da8-a214-6d662c69877c@group-446952105CA5-LeaderElection19
2021-07-15 16:37:09,496 [9009ae8a-6e34-4da8-a214-6d662c69877c@group-446952105CA5-LeaderElection19] INFO  server.RaftServer$Division (RaftServerImpl.java:setRole(284)) - 9009ae8a-6e34-4da8-a214-6d662c69877c@group-446952105CA5: changes role from CANDIDATE to LEADER at term 1 for changeToLeader
2021-07-15 16:37:09,496 [9009ae8a-6e34-4da8-a214-6d662c69877c@group-446952105CA5-LeaderElection19] INFO  ratis.XceiverServerRatis (XceiverServerRatis.java:handleLeaderChangedNotification(857)) - Leader change notification received for group: group-446952105CA5 with new leaderId: 9009ae8a-6e34-4da8-a214-6d662c69877c
2021-07-15 16:37:09,498 [EventQueue-OpenPipelineForHealthyPipelineSafeModeRule] INFO  safemode.SCMSafeModeManager (HealthyPipelineSafeModeRule.java:process(124)) - SCM in safe mode. Healthy pipelines reported count is 0, required healthy pipeline reported count is 1
2021-07-15 16:37:09,498 [9009ae8a-6e34-4da8-a214-6d662c69877c@group-446952105CA5-LeaderElection19] INFO  server.RaftServer$Division (ServerState.java:setLeader(271)) - 9009ae8a-6e34-4da8-a214-6d662c69877c@group-446952105CA5: change Leader from null to 9009ae8a-6e34-4da8-a214-6d662c69877c at term 1 for becomeLeader, leader elected after 5235ms
2021-07-15 16:37:09,498 [9009ae8a-6e34-4da8-a214-6d662c69877c@group-446952105CA5-LeaderElection19] INFO  server.RaftServerConfigKeys (ConfUtils.java:logGet(44)) - raft.server.staging.catchup.gap = 1000 (default)
2021-07-15 16:37:09,499 [EventQueue-OpenPipelineForHealthyPipelineSafeModeRule] INFO  safemode.SCMSafeModeManager (HealthyPipelineSafeModeRule.java:process(124)) - SCM in safe mode. Healthy pipelines reported count is 0, required healthy pipeline reported count is 1
2021-07-15 16:37:09,499 [9009ae8a-6e34-4da8-a214-6d662c69877c@group-446952105CA5-LeaderElection19] INFO  metrics.RatisMetrics (RatisMetrics.java:lambda$create$0(36)) - Creating Metrics Registry : ratis.log_appender.9009ae8a-6e34-4da8-a214-6d662c69877c@group-446952105CA5
2021-07-15 16:37:09,499 [9009ae8a-6e34-4da8-a214-6d662c69877c@group-446952105CA5-LeaderElection19] INFO  server.RaftServerConfigKeys (ConfUtils.java:logGet(44)) - raft.server.write.element-limit = 1024 (custom)
2021-07-15 16:37:09,499 [9009ae8a-6e34-4da8-a214-6d662c69877c@group-446952105CA5-LeaderElection19] INFO  server.RaftServerConfigKeys (ConfUtils.java:logGet(44)) - raft.server.write.byte-limit = 1073741824 (custom)
2021-07-15 16:37:09,500 [9009ae8a-6e34-4da8-a214-6d662c69877c@group-446952105CA5-LeaderElection19] INFO  server.RaftServerConfigKeys (ConfUtils.java:logGet(44)) - raft.server.watch.timeout = 180s (custom)
2021-07-15 16:37:09,500 [9009ae8a-6e34-4da8-a214-6d662c69877c@group-446952105CA5-LeaderElection19] INFO  server.RaftServerConfigKeys (ConfUtils.java:logGet(44)) - raft.server.watch.timeout.denomination = 1s (default)
2021-07-15 16:37:09,500 [9009ae8a-6e34-4da8-a214-6d662c69877c@group-446952105CA5-LeaderElection19] INFO  server.RaftServerConfigKeys (ConfUtils.java:logGet(44)) - raft.server.watch.element-limit = 65536 (default)
2021-07-15 16:37:09,500 [9009ae8a-6e34-4da8-a214-6d662c69877c@group-446952105CA5-LeaderElection19] INFO  impl.RoleInfo (RoleInfo.java:updateAndGet(130)) - 9009ae8a-6e34-4da8-a214-6d662c69877c: start 9009ae8a-6e34-4da8-a214-6d662c69877c@group-446952105CA5-LeaderStateImpl
2021-07-15 16:37:09,500 [9009ae8a-6e34-4da8-a214-6d662c69877c@group-446952105CA5-LeaderElection19] INFO  segmented.SegmentedRaftLogWorker (SegmentedRaftLogWorker.java:startLogSegment(394)) - 9009ae8a-6e34-4da8-a214-6d662c69877c@group-446952105CA5-SegmentedRaftLogWorker: Starting segment from index:0
2021-07-15 16:37:09,507 [9009ae8a-6e34-4da8-a214-6d662c69877c@group-446952105CA5-LeaderElection19] INFO  server.RaftServer$Division (ServerState.java:setRaftConf(373)) - 9009ae8a-6e34-4da8-a214-6d662c69877c@group-446952105CA5: set configuration 0: [9009ae8a-6e34-4da8-a214-6d662c69877c|rpc:127.0.0.1:35469|dataStream:|priority:1], old=null
2021-07-15 16:37:09,507 [9009ae8a-6e34-4da8-a214-6d662c69877c@group-446952105CA5-SegmentedRaftLogWorker] INFO  segmented.SegmentedRaftLogWorker (SegmentedRaftLogWorker.java:execute(601)) - 9009ae8a-6e34-4da8-a214-6d662c69877c@group-446952105CA5-SegmentedRaftLogWorker: created new log segment /home/runner/work/ozone/ozone/mnt/ozone/hadoop-ozone/integration-test/target/test-dir/MiniOzoneClusterImpl-8ef06965-d5c9-44f0-9cd1-4cafb8afe6ac/datanode-1/data/ratis/1612808e-69c7-4564-8595-446952105ca5/current/log_inprogress_0
2021-07-15 16:37:09,507 [7fea9b52-1b88-4603-b6bb-6748911f11bf@group-82BB49B31C0B-LeaderElection20] INFO  impl.LeaderElection (LeaderElection.java:askForVotes(306)) - 7fea9b52-1b88-4603-b6bb-6748911f11bf@group-82BB49B31C0B-LeaderElection20 ELECTION round 0: submit vote requests at term 1 for -1: [7fea9b52-1b88-4603-b6bb-6748911f11bf|rpc:127.0.0.1:43849|priority:1], old=null
2021-07-15 16:37:09,509 [7fea9b52-1b88-4603-b6bb-6748911f11bf@group-82BB49B31C0B-LeaderElection20] INFO  impl.LeaderElection (LeaderElection.java:askForVotes(308)) - 7fea9b52-1b88-4603-b6bb-6748911f11bf@group-82BB49B31C0B-LeaderElection20 ELECTION round 0: result PASSED (term=1)
2021-07-15 16:37:09,509 [7fea9b52-1b88-4603-b6bb-6748911f11bf@group-82BB49B31C0B-LeaderElection20] INFO  impl.RoleInfo (RoleInfo.java:shutdownLeaderElection(121)) - 7fea9b52-1b88-4603-b6bb-6748911f11bf: shutdown 7fea9b52-1b88-4603-b6bb-6748911f11bf@group-82BB49B31C0B-LeaderElection20
2021-07-15 16:37:09,510 [7fea9b52-1b88-4603-b6bb-6748911f11bf@group-82BB49B31C0B-LeaderElection20] INFO  server.RaftServer$Division (RaftServerImpl.java:setRole(284)) - 7fea9b52-1b88-4603-b6bb-6748911f11bf@group-82BB49B31C0B: changes role from CANDIDATE to LEADER at term 1 for changeToLeader
2021-07-15 16:37:09,510 [7fea9b52-1b88-4603-b6bb-6748911f11bf@group-82BB49B31C0B-LeaderElection20] INFO  ratis.XceiverServerRatis (XceiverServerRatis.java:handleLeaderChangedNotification(857)) - Leader change notification received for group: group-82BB49B31C0B with new leaderId: 7fea9b52-1b88-4603-b6bb-6748911f11bf
2021-07-15 16:37:09,510 [7fea9b52-1b88-4603-b6bb-6748911f11bf@group-82BB49B31C0B-LeaderElection20] INFO  server.RaftServer$Division (ServerState.java:setLeader(271)) - 7fea9b52-1b88-4603-b6bb-6748911f11bf@group-82BB49B31C0B: change Leader from null to 7fea9b52-1b88-4603-b6bb-6748911f11bf at term 1 for becomeLeader, leader elected after 5060ms
2021-07-15 16:37:09,510 [7fea9b52-1b88-4603-b6bb-6748911f11bf@group-82BB49B31C0B-LeaderElection20] INFO  server.RaftServerConfigKeys (ConfUtils.java:logGet(44)) - raft.server.staging.catchup.gap = 1000 (default)
2021-07-15 16:37:09,510 [7fea9b52-1b88-4603-b6bb-6748911f11bf@group-82BB49B31C0B-LeaderElection20] INFO  metrics.RatisMetrics (RatisMetrics.java:lambda$create$0(36)) - Creating Metrics Registry : ratis.log_appender.7fea9b52-1b88-4603-b6bb-6748911f11bf@group-82BB49B31C0B
2021-07-15 16:37:09,510 [7fea9b52-1b88-4603-b6bb-6748911f11bf@group-82BB49B31C0B-LeaderElection20] INFO  server.RaftServerConfigKeys (ConfUtils.java:logGet(44)) - raft.server.write.element-limit = 1024 (custom)
2021-07-15 16:37:09,510 [7fea9b52-1b88-4603-b6bb-6748911f11bf@group-82BB49B31C0B-LeaderElection20] INFO  server.RaftServerConfigKeys (ConfUtils.java:logGet(44)) - raft.server.write.byte-limit = 1073741824 (custom)
2021-07-15 16:37:09,510 [7fea9b52-1b88-4603-b6bb-6748911f11bf@group-82BB49B31C0B-LeaderElection20] INFO  server.RaftServerConfigKeys (ConfUtils.java:logGet(44)) - raft.server.watch.timeout = 180s (custom)
2021-07-15 16:37:09,511 [7fea9b52-1b88-4603-b6bb-6748911f11bf@group-82BB49B31C0B-LeaderElection20] INFO  server.RaftServerConfigKeys (ConfUtils.java:logGet(44)) - raft.server.watch.timeout.denomination = 1s (default)
2021-07-15 16:37:09,511 [7fea9b52-1b88-4603-b6bb-6748911f11bf@group-82BB49B31C0B-LeaderElection20] INFO  server.RaftServerConfigKeys (ConfUtils.java:logGet(44)) - raft.server.watch.element-limit = 65536 (default)
2021-07-15 16:37:09,511 [7fea9b52-1b88-4603-b6bb-6748911f11bf@group-82BB49B31C0B-LeaderElection20] INFO  impl.RoleInfo (RoleInfo.java:updateAndGet(130)) - 7fea9b52-1b88-4603-b6bb-6748911f11bf: start 7fea9b52-1b88-4603-b6bb-6748911f11bf@group-82BB49B31C0B-LeaderStateImpl
2021-07-15 16:37:09,511 [7fea9b52-1b88-4603-b6bb-6748911f11bf@group-82BB49B31C0B-LeaderElection20] INFO  segmented.SegmentedRaftLogWorker (SegmentedRaftLogWorker.java:startLogSegment(394)) - 7fea9b52-1b88-4603-b6bb-6748911f11bf@group-82BB49B31C0B-SegmentedRaftLogWorker: Starting segment from index:0
2021-07-15 16:37:09,512 [EventQueue-OpenPipelineForHealthyPipelineSafeModeRule] INFO  safemode.SCMSafeModeManager (HealthyPipelineSafeModeRule.java:process(124)) - SCM in safe mode. Healthy pipelines reported count is 0, required healthy pipeline reported count is 1
2021-07-15 16:37:09,512 [EventQueue-OpenPipelineForHealthyPipelineSafeModeRule] INFO  safemode.SCMSafeModeManager (HealthyPipelineSafeModeRule.java:process(124)) - SCM in safe mode. Healthy pipelines reported count is 0, required healthy pipeline reported count is 1
2021-07-15 16:37:09,513 [7fea9b52-1b88-4603-b6bb-6748911f11bf@group-82BB49B31C0B-SegmentedRaftLogWorker] INFO  segmented.SegmentedRaftLogWorker (SegmentedRaftLogWorker.java:execute(601)) - 7fea9b52-1b88-4603-b6bb-6748911f11bf@group-82BB49B31C0B-SegmentedRaftLogWorker: created new log segment /home/runner/work/ozone/ozone/mnt/ozone/hadoop-ozone/integration-test/target/test-dir/MiniOzoneClusterImpl-8ef06965-d5c9-44f0-9cd1-4cafb8afe6ac/datanode-2/data/ratis/cc2bd70a-581f-4adc-87fe-82bb49b31c0b/current/log_inprogress_0
2021-07-15 16:37:09,522 [7fea9b52-1b88-4603-b6bb-6748911f11bf@group-82BB49B31C0B-LeaderElection20] INFO  server.RaftServer$Division (ServerState.java:setRaftConf(373)) - 7fea9b52-1b88-4603-b6bb-6748911f11bf@group-82BB49B31C0B: set configuration 0: [7fea9b52-1b88-4603-b6bb-6748911f11bf|rpc:127.0.0.1:43849|dataStream:|priority:1], old=null
2021-07-15 16:37:09,817 [EndpointStateMachine task thread for /127.0.0.1:12811 - 0 ] INFO  ipc.Client (Client.java:handleConnectionFailure(977)) - Retrying connect to server: localhost/127.0.0.1:12811. Already tried 5 time(s); retry policy is RetryUpToMaximumCountWithFixedSleep(maxRetries=15, sleepTime=1000 MILLISECONDS)
2021-07-15 16:37:09,817 [EndpointStateMachine task thread for /127.0.0.1:12801 - 0 ] INFO  ipc.Client (Client.java:handleConnectionFailure(977)) - Retrying connect to server: localhost/127.0.0.1:12801. Already tried 9 time(s); retry policy is RetryUpToMaximumCountWithFixedSleep(maxRetries=15, sleepTime=1000 MILLISECONDS)
2021-07-15 16:37:09,820 [EndpointStateMachine task thread for /127.0.0.1:12821 - 0 ] INFO  ipc.Client (Client.java:handleConnectionFailure(977)) - Retrying connect to server: localhost/127.0.0.1:12821. Already tried 5 time(s); retry policy is RetryUpToMaximumCountWithFixedSleep(maxRetries=15, sleepTime=1000 MILLISECONDS)
2021-07-15 16:37:10,446 [Listener at 127.0.0.1/10248] INFO  ozone.MiniOzoneClusterImpl (MiniOzoneClusterImpl.java:lambda$waitForClusterToBeReady$0(230)) - Nodes are ready. Got 3 of 3 DN Heartbeats.
2021-07-15 16:37:10,446 [Listener at 127.0.0.1/10248] INFO  ozone.MiniOzoneClusterImpl (MiniOzoneClusterImpl.java:lambda$waitForClusterToBeReady$0(233)) - Waiting for cluster to exit safe mode
2021-07-15 16:37:10,446 [Listener at 127.0.0.1/10248] INFO  ozone.MiniOzoneClusterImpl (MiniOzoneClusterImpl.java:lambda$waitForClusterToBeReady$0(235)) - SCM became leader
2021-07-15 16:37:10,497 [Datanode State Machine Thread - 0] ERROR datanode.RunningDatanodeState (RunningDatanodeState.java:computeNextContainerState(199)) - Error in executing end point task.
java.util.concurrent.ExecutionException: java.util.concurrent.TimeoutException
	at java.util.concurrent.FutureTask.report(FutureTask.java:122)
	at java.util.concurrent.FutureTask.get(FutureTask.java:192)
	at org.apache.hadoop.ozone.container.common.states.datanode.RunningDatanodeState.computeNextContainerState(RunningDatanodeState.java:191)
	at org.apache.hadoop.ozone.container.common.states.datanode.RunningDatanodeState.await(RunningDatanodeState.java:231)
	at org.apache.hadoop.ozone.container.common.states.datanode.RunningDatanodeState.await(RunningDatanodeState.java:50)
	at org.apache.hadoop.ozone.container.common.statemachine.StateContext.execute(StateContext.java:629)
	at org.apache.hadoop.ozone.container.common.statemachine.DatanodeStateMachine.start(DatanodeStateMachine.java:269)
	at org.apache.hadoop.ozone.container.common.statemachine.DatanodeStateMachine.lambda$startDaemon$0(DatanodeStateMachine.java:455)
	at java.lang.Thread.run(Thread.java:748)
Caused by: java.util.concurrent.TimeoutException
	at java.util.concurrent.FutureTask.get(FutureTask.java:205)
	at org.apache.hadoop.ozone.container.common.states.datanode.RunningDatanodeState.lambda$execute$0(RunningDatanodeState.java:149)
	at java.util.concurrent.FutureTask.run(FutureTask.java:266)
	at java.util.concurrent.Executors$RunnableAdapter.call(Executors.java:511)
	at java.util.concurrent.FutureTask.run(FutureTask.java:266)
	at java.util.concurrent.ThreadPoolExecutor.runWorker(ThreadPoolExecutor.java:1149)
	at java.util.concurrent.ThreadPoolExecutor$Worker.run(ThreadPoolExecutor.java:624)
	... 1 more
2021-07-15 16:37:10,510 [Datanode State Machine Thread - 0] ERROR datanode.RunningDatanodeState (RunningDatanodeState.java:computeNextContainerState(199)) - Error in executing end point task.
java.util.concurrent.ExecutionException: java.util.concurrent.TimeoutException
	at java.util.concurrent.FutureTask.report(FutureTask.java:122)
	at java.util.concurrent.FutureTask.get(FutureTask.java:192)
	at org.apache.hadoop.ozone.container.common.states.datanode.RunningDatanodeState.computeNextContainerState(RunningDatanodeState.java:191)
	at org.apache.hadoop.ozone.container.common.states.datanode.RunningDatanodeState.await(RunningDatanodeState.java:231)
	at org.apache.hadoop.ozone.container.common.states.datanode.RunningDatanodeState.await(RunningDatanodeState.java:50)
	at org.apache.hadoop.ozone.container.common.statemachine.StateContext.execute(StateContext.java:629)
	at org.apache.hadoop.ozone.container.common.statemachine.DatanodeStateMachine.start(DatanodeStateMachine.java:269)
	at org.apache.hadoop.ozone.container.common.statemachine.DatanodeStateMachine.lambda$startDaemon$0(DatanodeStateMachine.java:455)
	at java.lang.Thread.run(Thread.java:748)
Caused by: java.util.concurrent.TimeoutException
	at java.util.concurrent.FutureTask.get(FutureTask.java:205)
	at org.apache.hadoop.ozone.container.common.states.datanode.RunningDatanodeState.lambda$execute$0(RunningDatanodeState.java:149)
	at java.util.concurrent.FutureTask.run(FutureTask.java:266)
	at java.util.concurrent.Executors$RunnableAdapter.call(Executors.java:511)
	at java.util.concurrent.FutureTask.run(FutureTask.java:266)
	at java.util.concurrent.ThreadPoolExecutor.runWorker(ThreadPoolExecutor.java:1149)
	at java.util.concurrent.ThreadPoolExecutor$Worker.run(ThreadPoolExecutor.java:624)
	... 1 more
2021-07-15 16:37:10,817 [EndpointStateMachine task thread for /127.0.0.1:12811 - 0 ] INFO  ipc.Client (Client.java:handleConnectionFailure(977)) - Retrying connect to server: localhost/127.0.0.1:12811. Already tried 6 time(s); retry policy is RetryUpToMaximumCountWithFixedSleep(maxRetries=15, sleepTime=1000 MILLISECONDS)
2021-07-15 16:37:10,818 [EndpointStateMachine task thread for /127.0.0.1:12801 - 0 ] INFO  ipc.Client (Client.java:handleConnectionFailure(977)) - Retrying connect to server: localhost/127.0.0.1:12801. Already tried 10 time(s); retry policy is RetryUpToMaximumCountWithFixedSleep(maxRetries=15, sleepTime=1000 MILLISECONDS)
2021-07-15 16:37:10,821 [EndpointStateMachine task thread for /127.0.0.1:12821 - 0 ] INFO  ipc.Client (Client.java:handleConnectionFailure(977)) - Retrying connect to server: localhost/127.0.0.1:12821. Already tried 6 time(s); retry policy is RetryUpToMaximumCountWithFixedSleep(maxRetries=15, sleepTime=1000 MILLISECONDS)
2021-07-15 16:37:11,130 [Datanode State Machine Thread - 0] ERROR datanode.RunningDatanodeState (RunningDatanodeState.java:computeNextContainerState(199)) - Error in executing end point task.
java.util.concurrent.ExecutionException: java.util.concurrent.TimeoutException
	at java.util.concurrent.FutureTask.report(FutureTask.java:122)
	at java.util.concurrent.FutureTask.get(FutureTask.java:192)
	at org.apache.hadoop.ozone.container.common.states.datanode.RunningDatanodeState.computeNextContainerState(RunningDatanodeState.java:191)
	at org.apache.hadoop.ozone.container.common.states.datanode.RunningDatanodeState.await(RunningDatanodeState.java:231)
	at org.apache.hadoop.ozone.container.common.states.datanode.RunningDatanodeState.await(RunningDatanodeState.java:50)
	at org.apache.hadoop.ozone.container.common.statemachine.StateContext.execute(StateContext.java:629)
	at org.apache.hadoop.ozone.container.common.statemachine.DatanodeStateMachine.start(DatanodeStateMachine.java:269)
	at org.apache.hadoop.ozone.container.common.statemachine.DatanodeStateMachine.lambda$startDaemon$0(DatanodeStateMachine.java:455)
	at java.lang.Thread.run(Thread.java:748)
Caused by: java.util.concurrent.TimeoutException
	at java.util.concurrent.FutureTask.get(FutureTask.java:205)
	at org.apache.hadoop.ozone.container.common.states.datanode.RunningDatanodeState.lambda$execute$0(RunningDatanodeState.java:149)
	at java.util.concurrent.FutureTask.run(FutureTask.java:266)
	at java.util.concurrent.Executors$RunnableAdapter.call(Executors.java:511)
	at java.util.concurrent.FutureTask.run(FutureTask.java:266)
	at java.util.concurrent.ThreadPoolExecutor.runWorker(ThreadPoolExecutor.java:1149)
	at java.util.concurrent.ThreadPoolExecutor$Worker.run(ThreadPoolExecutor.java:624)
	... 1 more
2021-07-15 16:37:11,447 [Listener at 127.0.0.1/10248] INFO  ozone.MiniOzoneClusterImpl (MiniOzoneClusterImpl.java:lambda$waitForClusterToBeReady$0(230)) - Nodes are ready. Got 3 of 3 DN Heartbeats.
2021-07-15 16:37:11,447 [Listener at 127.0.0.1/10248] INFO  ozone.MiniOzoneClusterImpl (MiniOzoneClusterImpl.java:lambda$waitForClusterToBeReady$0(233)) - Waiting for cluster to exit safe mode
2021-07-15 16:37:11,447 [Listener at 127.0.0.1/10248] INFO  ozone.MiniOzoneClusterImpl (MiniOzoneClusterImpl.java:lambda$waitForClusterToBeReady$0(235)) - SCM became leader
2021-07-15 16:37:11,499 [Datanode State Machine Thread - 0] ERROR datanode.RunningDatanodeState (RunningDatanodeState.java:computeNextContainerState(199)) - Error in executing end point task.
java.util.concurrent.ExecutionException: java.util.concurrent.TimeoutException
	at java.util.concurrent.FutureTask.report(FutureTask.java:122)
	at java.util.concurrent.FutureTask.get(FutureTask.java:192)
	at org.apache.hadoop.ozone.container.common.states.datanode.RunningDatanodeState.computeNextContainerState(RunningDatanodeState.java:191)
	at org.apache.hadoop.ozone.container.common.states.datanode.RunningDatanodeState.await(RunningDatanodeState.java:231)
	at org.apache.hadoop.ozone.container.common.states.datanode.RunningDatanodeState.await(RunningDatanodeState.java:50)
	at org.apache.hadoop.ozone.container.common.statemachine.StateContext.execute(StateContext.java:629)
	at org.apache.hadoop.ozone.container.common.statemachine.DatanodeStateMachine.start(DatanodeStateMachine.java:269)
	at org.apache.hadoop.ozone.container.common.statemachine.DatanodeStateMachine.lambda$startDaemon$0(DatanodeStateMachine.java:455)
	at java.lang.Thread.run(Thread.java:748)
Caused by: java.util.concurrent.TimeoutException
	at java.util.concurrent.FutureTask.get(FutureTask.java:205)
	at org.apache.hadoop.ozone.container.common.states.datanode.RunningDatanodeState.lambda$execute$0(RunningDatanodeState.java:149)
	at java.util.concurrent.FutureTask.run(FutureTask.java:266)
	at java.util.concurrent.Executors$RunnableAdapter.call(Executors.java:511)
	at java.util.concurrent.FutureTask.run(FutureTask.java:266)
	at java.util.concurrent.ThreadPoolExecutor.runWorker(ThreadPoolExecutor.java:1149)
	at java.util.concurrent.ThreadPoolExecutor$Worker.run(ThreadPoolExecutor.java:624)
	... 1 more
2021-07-15 16:37:11,512 [Datanode State Machine Thread - 0] ERROR datanode.RunningDatanodeState (RunningDatanodeState.java:computeNextContainerState(199)) - Error in executing end point task.
java.util.concurrent.ExecutionException: java.util.concurrent.TimeoutException
	at java.util.concurrent.FutureTask.report(FutureTask.java:122)
	at java.util.concurrent.FutureTask.get(FutureTask.java:192)
	at org.apache.hadoop.ozone.container.common.states.datanode.RunningDatanodeState.computeNextContainerState(RunningDatanodeState.java:191)
	at org.apache.hadoop.ozone.container.common.states.datanode.RunningDatanodeState.await(RunningDatanodeState.java:231)
	at org.apache.hadoop.ozone.container.common.states.datanode.RunningDatanodeState.await(RunningDatanodeState.java:50)
	at org.apache.hadoop.ozone.container.common.statemachine.StateContext.execute(StateContext.java:629)
	at org.apache.hadoop.ozone.container.common.statemachine.DatanodeStateMachine.start(DatanodeStateMachine.java:269)
	at org.apache.hadoop.ozone.container.common.statemachine.DatanodeStateMachine.lambda$startDaemon$0(DatanodeStateMachine.java:455)
	at java.lang.Thread.run(Thread.java:748)
Caused by: java.util.concurrent.TimeoutException
	at java.util.concurrent.FutureTask.get(FutureTask.java:205)
	at org.apache.hadoop.ozone.container.common.states.datanode.RunningDatanodeState.lambda$execute$0(RunningDatanodeState.java:149)
	at java.util.concurrent.FutureTask.run(FutureTask.java:266)
	at java.util.concurrent.Executors$RunnableAdapter.call(Executors.java:511)
	at java.util.concurrent.FutureTask.run(FutureTask.java:266)
	at java.util.concurrent.ThreadPoolExecutor.runWorker(ThreadPoolExecutor.java:1149)
	at java.util.concurrent.ThreadPoolExecutor$Worker.run(ThreadPoolExecutor.java:624)
	... 1 more
2021-07-15 16:37:11,818 [EndpointStateMachine task thread for /127.0.0.1:12811 - 0 ] INFO  ipc.Client (Client.java:handleConnectionFailure(977)) - Retrying connect to server: localhost/127.0.0.1:12811. Already tried 7 time(s); retry policy is RetryUpToMaximumCountWithFixedSleep(maxRetries=15, sleepTime=1000 MILLISECONDS)
2021-07-15 16:37:11,818 [EndpointStateMachine task thread for /127.0.0.1:12801 - 0 ] INFO  ipc.Client (Client.java:handleConnectionFailure(977)) - Retrying connect to server: localhost/127.0.0.1:12801. Already tried 11 time(s); retry policy is RetryUpToMaximumCountWithFixedSleep(maxRetries=15, sleepTime=1000 MILLISECONDS)
2021-07-15 16:37:11,821 [EndpointStateMachine task thread for /127.0.0.1:12821 - 0 ] INFO  ipc.Client (Client.java:handleConnectionFailure(977)) - Retrying connect to server: localhost/127.0.0.1:12821. Already tried 7 time(s); retry policy is RetryUpToMaximumCountWithFixedSleep(maxRetries=15, sleepTime=1000 MILLISECONDS)
2021-07-15 16:37:12,132 [Datanode State Machine Thread - 0] ERROR datanode.RunningDatanodeState (RunningDatanodeState.java:computeNextContainerState(199)) - Error in executing end point task.
java.util.concurrent.ExecutionException: java.util.concurrent.TimeoutException
	at java.util.concurrent.FutureTask.report(FutureTask.java:122)
	at java.util.concurrent.FutureTask.get(FutureTask.java:192)
	at org.apache.hadoop.ozone.container.common.states.datanode.RunningDatanodeState.computeNextContainerState(RunningDatanodeState.java:191)
	at org.apache.hadoop.ozone.container.common.states.datanode.RunningDatanodeState.await(RunningDatanodeState.java:231)
	at org.apache.hadoop.ozone.container.common.states.datanode.RunningDatanodeState.await(RunningDatanodeState.java:50)
	at org.apache.hadoop.ozone.container.common.statemachine.StateContext.execute(StateContext.java:629)
	at org.apache.hadoop.ozone.container.common.statemachine.DatanodeStateMachine.start(DatanodeStateMachine.java:269)
	at org.apache.hadoop.ozone.container.common.statemachine.DatanodeStateMachine.lambda$startDaemon$0(DatanodeStateMachine.java:455)
	at java.lang.Thread.run(Thread.java:748)
Caused by: java.util.concurrent.TimeoutException
	at java.util.concurrent.FutureTask.get(FutureTask.java:205)
	at org.apache.hadoop.ozone.container.common.states.datanode.RunningDatanodeState.lambda$execute$0(RunningDatanodeState.java:149)
	at java.util.concurrent.FutureTask.run(FutureTask.java:266)
	at java.util.concurrent.Executors$RunnableAdapter.call(Executors.java:511)
	at java.util.concurrent.FutureTask.run(FutureTask.java:266)
	at java.util.concurrent.ThreadPoolExecutor.runWorker(ThreadPoolExecutor.java:1149)
	at java.util.concurrent.ThreadPoolExecutor$Worker.run(ThreadPoolExecutor.java:624)
	... 1 more
2021-07-15 16:37:12,447 [Listener at 127.0.0.1/10248] INFO  ozone.MiniOzoneClusterImpl (MiniOzoneClusterImpl.java:lambda$waitForClusterToBeReady$0(230)) - Nodes are ready. Got 3 of 3 DN Heartbeats.
2021-07-15 16:37:12,448 [Listener at 127.0.0.1/10248] INFO  ozone.MiniOzoneClusterImpl (MiniOzoneClusterImpl.java:lambda$waitForClusterToBeReady$0(233)) - Waiting for cluster to exit safe mode
2021-07-15 16:37:12,448 [Listener at 127.0.0.1/10248] INFO  ozone.MiniOzoneClusterImpl (MiniOzoneClusterImpl.java:lambda$waitForClusterToBeReady$0(235)) - SCM became leader
2021-07-15 16:37:12,514 [Datanode State Machine Thread - 0] ERROR datanode.RunningDatanodeState (RunningDatanodeState.java:computeNextContainerState(199)) - Error in executing end point task.
java.util.concurrent.ExecutionException: java.util.concurrent.TimeoutException
	at java.util.concurrent.FutureTask.report(FutureTask.java:122)
	at java.util.concurrent.FutureTask.get(FutureTask.java:192)
	at org.apache.hadoop.ozone.container.common.states.datanode.RunningDatanodeState.computeNextContainerState(RunningDatanodeState.java:191)
	at org.apache.hadoop.ozone.container.common.states.datanode.RunningDatanodeState.await(RunningDatanodeState.java:231)
	at org.apache.hadoop.ozone.container.common.states.datanode.RunningDatanodeState.await(RunningDatanodeState.java:50)
	at org.apache.hadoop.ozone.container.common.statemachine.StateContext.execute(StateContext.java:629)
	at org.apache.hadoop.ozone.container.common.statemachine.DatanodeStateMachine.start(DatanodeStateMachine.java:269)
	at org.apache.hadoop.ozone.container.common.statemachine.DatanodeStateMachine.lambda$startDaemon$0(DatanodeStateMachine.java:455)
	at java.lang.Thread.run(Thread.java:748)
Caused by: java.util.concurrent.TimeoutException
	at java.util.concurrent.FutureTask.get(FutureTask.java:205)
	at org.apache.hadoop.ozone.container.common.states.datanode.RunningDatanodeState.lambda$execute$0(RunningDatanodeState.java:149)
	at java.util.concurrent.FutureTask.run(FutureTask.java:266)
	at java.util.concurrent.Executors$RunnableAdapter.call(Executors.java:511)
	at java.util.concurrent.FutureTask.run(FutureTask.java:266)
	at java.util.concurrent.ThreadPoolExecutor.runWorker(ThreadPoolExecutor.java:1149)
	at java.util.concurrent.ThreadPoolExecutor$Worker.run(ThreadPoolExecutor.java:624)
	... 1 more
2021-07-15 16:37:12,819 [EndpointStateMachine task thread for /127.0.0.1:12811 - 0 ] INFO  ipc.Client (Client.java:handleConnectionFailure(977)) - Retrying connect to server: localhost/127.0.0.1:12811. Already tried 8 time(s); retry policy is RetryUpToMaximumCountWithFixedSleep(maxRetries=15, sleepTime=1000 MILLISECONDS)
2021-07-15 16:37:12,819 [EndpointStateMachine task thread for /127.0.0.1:12801 - 0 ] INFO  ipc.Client (Client.java:handleConnectionFailure(977)) - Retrying connect to server: localhost/127.0.0.1:12801. Already tried 12 time(s); retry policy is RetryUpToMaximumCountWithFixedSleep(maxRetries=15, sleepTime=1000 MILLISECONDS)
2021-07-15 16:37:12,822 [EndpointStateMachine task thread for /127.0.0.1:12821 - 0 ] INFO  ipc.Client (Client.java:handleConnectionFailure(977)) - Retrying connect to server: localhost/127.0.0.1:12821. Already tried 8 time(s); retry policy is RetryUpToMaximumCountWithFixedSleep(maxRetries=15, sleepTime=1000 MILLISECONDS)
2021-07-15 16:37:13,449 [Listener at 127.0.0.1/10248] INFO  ozone.MiniOzoneClusterImpl (MiniOzoneClusterImpl.java:lambda$waitForClusterToBeReady$0(230)) - Nodes are ready. Got 3 of 3 DN Heartbeats.
2021-07-15 16:37:13,449 [Listener at 127.0.0.1/10248] INFO  ozone.MiniOzoneClusterImpl (MiniOzoneClusterImpl.java:lambda$waitForClusterToBeReady$0(233)) - Waiting for cluster to exit safe mode
2021-07-15 16:37:13,449 [Listener at 127.0.0.1/10248] INFO  ozone.MiniOzoneClusterImpl (MiniOzoneClusterImpl.java:lambda$waitForClusterToBeReady$0(235)) - SCM became leader
2021-07-15 16:37:13,501 [Datanode State Machine Thread - 0] ERROR datanode.RunningDatanodeState (RunningDatanodeState.java:computeNextContainerState(199)) - Error in executing end point task.
java.util.concurrent.ExecutionException: java.util.concurrent.TimeoutException
	at java.util.concurrent.FutureTask.report(FutureTask.java:122)
	at java.util.concurrent.FutureTask.get(FutureTask.java:192)
	at org.apache.hadoop.ozone.container.common.states.datanode.RunningDatanodeState.computeNextContainerState(RunningDatanodeState.java:191)
	at org.apache.hadoop.ozone.container.common.states.datanode.RunningDatanodeState.await(RunningDatanodeState.java:231)
	at org.apache.hadoop.ozone.container.common.states.datanode.RunningDatanodeState.await(RunningDatanodeState.java:50)
	at org.apache.hadoop.ozone.container.common.statemachine.StateContext.execute(StateContext.java:629)
	at org.apache.hadoop.ozone.container.common.statemachine.DatanodeStateMachine.start(DatanodeStateMachine.java:269)
	at org.apache.hadoop.ozone.container.common.statemachine.DatanodeStateMachine.lambda$startDaemon$0(DatanodeStateMachine.java:455)
	at java.lang.Thread.run(Thread.java:748)
Caused by: java.util.concurrent.TimeoutException
	at java.util.concurrent.FutureTask.get(FutureTask.java:205)
	at org.apache.hadoop.ozone.container.common.states.datanode.RunningDatanodeState.lambda$execute$0(RunningDatanodeState.java:149)
	at java.util.concurrent.FutureTask.run(FutureTask.java:266)
	at java.util.concurrent.Executors$RunnableAdapter.call(Executors.java:511)
	at java.util.concurrent.FutureTask.run(FutureTask.java:266)
	at java.util.concurrent.ThreadPoolExecutor.runWorker(ThreadPoolExecutor.java:1149)
	at java.util.concurrent.ThreadPoolExecutor$Worker.run(ThreadPoolExecutor.java:624)
	... 1 more
2021-07-15 16:37:13,820 [EndpointStateMachine task thread for /127.0.0.1:12801 - 0 ] INFO  ipc.Client (Client.java:handleConnectionFailure(977)) - Retrying connect to server: localhost/127.0.0.1:12801. Already tried 13 time(s); retry policy is RetryUpToMaximumCountWithFixedSleep(maxRetries=15, sleepTime=1000 MILLISECONDS)
2021-07-15 16:37:13,820 [EndpointStateMachine task thread for /127.0.0.1:12811 - 0 ] INFO  ipc.Client (Client.java:handleConnectionFailure(977)) - Retrying connect to server: localhost/127.0.0.1:12811. Already tried 9 time(s); retry policy is RetryUpToMaximumCountWithFixedSleep(maxRetries=15, sleepTime=1000 MILLISECONDS)
2021-07-15 16:37:13,822 [EndpointStateMachine task thread for /127.0.0.1:12821 - 0 ] INFO  ipc.Client (Client.java:handleConnectionFailure(977)) - Retrying connect to server: localhost/127.0.0.1:12821. Already tried 9 time(s); retry policy is RetryUpToMaximumCountWithFixedSleep(maxRetries=15, sleepTime=1000 MILLISECONDS)
2021-07-15 16:37:14,269 [7fea9b52-1b88-4603-b6bb-6748911f11bf@group-2FCE177C61F1-FollowerState] INFO  impl.FollowerState (FollowerState.java:run(134)) - 7fea9b52-1b88-4603-b6bb-6748911f11bf@group-2FCE177C61F1-FollowerState: change to CANDIDATE, lastRpcElapsedTime:5027582596ns, electionTimeout:5018ms
2021-07-15 16:37:14,269 [7fea9b52-1b88-4603-b6bb-6748911f11bf@group-2FCE177C61F1-FollowerState] INFO  impl.RoleInfo (RoleInfo.java:shutdownFollowerState(108)) - 7fea9b52-1b88-4603-b6bb-6748911f11bf: shutdown 7fea9b52-1b88-4603-b6bb-6748911f11bf@group-2FCE177C61F1-FollowerState
2021-07-15 16:37:14,269 [7fea9b52-1b88-4603-b6bb-6748911f11bf@group-2FCE177C61F1-FollowerState] INFO  server.RaftServer$Division (RaftServerImpl.java:setRole(284)) - 7fea9b52-1b88-4603-b6bb-6748911f11bf@group-2FCE177C61F1: changes role from  FOLLOWER to CANDIDATE at term 1 for changeToCandidate
2021-07-15 16:37:14,269 [7fea9b52-1b88-4603-b6bb-6748911f11bf@group-2FCE177C61F1-FollowerState] INFO  server.RaftServerConfigKeys (ConfUtils.java:logGet(44)) - raft.server.leaderelection.pre-vote = false (custom)
2021-07-15 16:37:14,269 [7fea9b52-1b88-4603-b6bb-6748911f11bf@group-2FCE177C61F1-FollowerState] INFO  impl.RoleInfo (RoleInfo.java:updateAndGet(130)) - 7fea9b52-1b88-4603-b6bb-6748911f11bf: start 7fea9b52-1b88-4603-b6bb-6748911f11bf@group-2FCE177C61F1-LeaderElection21
2021-07-15 16:37:14,273 [7fea9b52-1b88-4603-b6bb-6748911f11bf@group-2FCE177C61F1-LeaderElection21] INFO  impl.LeaderElection (LeaderElection.java:askForVotes(306)) - 7fea9b52-1b88-4603-b6bb-6748911f11bf@group-2FCE177C61F1-LeaderElection21 ELECTION round 0: submit vote requests at term 2 for -1: [7bb90881-70ee-4b59-9518-5a5d97bf3fe4|rpc:127.0.0.1:37335|dataStream:|priority:0, 9009ae8a-6e34-4da8-a214-6d662c69877c|rpc:127.0.0.1:35469|dataStream:|priority:0, 7fea9b52-1b88-4603-b6bb-6748911f11bf|rpc:127.0.0.1:43849|dataStream:|priority:1], old=null
2021-07-15 16:37:14,276 [grpc-default-executor-0] INFO  server.RaftServer$Division (RaftServerImpl.java:requestVote(1042)) - 7bb90881-70ee-4b59-9518-5a5d97bf3fe4@group-2FCE177C61F1: receive requestVote(ELECTION, 7fea9b52-1b88-4603-b6bb-6748911f11bf, group-2FCE177C61F1, 2, (t:0, i:0))
2021-07-15 16:37:14,276 [grpc-default-executor-0] INFO  impl.VoteContext (VoteContext.java:log(48)) - 7bb90881-70ee-4b59-9518-5a5d97bf3fe4@group-2FCE177C61F1-FOLLOWER: accept ELECTION from 7fea9b52-1b88-4603-b6bb-6748911f11bf: our priority 0 <= candidate's priority 1
2021-07-15 16:37:14,276 [grpc-default-executor-0] INFO  server.RaftServer$Division (RaftServerImpl.java:setRole(284)) - 7bb90881-70ee-4b59-9518-5a5d97bf3fe4@group-2FCE177C61F1: changes role from  FOLLOWER to FOLLOWER at term 2 for candidate:7fea9b52-1b88-4603-b6bb-6748911f11bf
2021-07-15 16:37:14,277 [grpc-default-executor-0] INFO  impl.RoleInfo (RoleInfo.java:shutdownFollowerState(108)) - 7bb90881-70ee-4b59-9518-5a5d97bf3fe4: shutdown 7bb90881-70ee-4b59-9518-5a5d97bf3fe4@group-2FCE177C61F1-FollowerState
2021-07-15 16:37:14,277 [grpc-default-executor-0] INFO  impl.RoleInfo (RoleInfo.java:updateAndGet(130)) - 7bb90881-70ee-4b59-9518-5a5d97bf3fe4: start 7bb90881-70ee-4b59-9518-5a5d97bf3fe4@group-2FCE177C61F1-FollowerState
2021-07-15 16:37:14,277 [7bb90881-70ee-4b59-9518-5a5d97bf3fe4@group-2FCE177C61F1-FollowerState] INFO  impl.FollowerState (FollowerState.java:run(143)) - 7bb90881-70ee-4b59-9518-5a5d97bf3fe4@group-2FCE177C61F1-FollowerState was interrupted: {}
java.lang.InterruptedException: sleep interrupted
	at java.lang.Thread.sleep(Native Method)
	at java.lang.Thread.sleep(Thread.java:340)
	at java.util.concurrent.TimeUnit.sleep(TimeUnit.java:386)
	at org.apache.ratis.util.TimeDuration.sleep(TimeDuration.java:324)
	at org.apache.ratis.util.TimeDuration.sleep(TimeDuration.java:309)
	at org.apache.ratis.server.impl.FollowerState.run(FollowerState.java:118)
2021-07-15 16:37:14,279 [grpc-default-executor-2] INFO  server.RaftServer$Division (RaftServerImpl.java:requestVote(1042)) - 9009ae8a-6e34-4da8-a214-6d662c69877c@group-2FCE177C61F1: receive requestVote(ELECTION, 7fea9b52-1b88-4603-b6bb-6748911f11bf, group-2FCE177C61F1, 2, (t:0, i:0))
2021-07-15 16:37:14,279 [grpc-default-executor-2] INFO  impl.VoteContext (VoteContext.java:log(48)) - 9009ae8a-6e34-4da8-a214-6d662c69877c@group-2FCE177C61F1-FOLLOWER: accept ELECTION from 7fea9b52-1b88-4603-b6bb-6748911f11bf: our priority 0 <= candidate's priority 1
2021-07-15 16:37:14,279 [grpc-default-executor-2] INFO  server.RaftServer$Division (RaftServerImpl.java:setRole(284)) - 9009ae8a-6e34-4da8-a214-6d662c69877c@group-2FCE177C61F1: changes role from  FOLLOWER to FOLLOWER at term 2 for candidate:7fea9b52-1b88-4603-b6bb-6748911f11bf
2021-07-15 16:37:14,279 [grpc-default-executor-2] INFO  impl.RoleInfo (RoleInfo.java:shutdownFollowerState(108)) - 9009ae8a-6e34-4da8-a214-6d662c69877c: shutdown 9009ae8a-6e34-4da8-a214-6d662c69877c@group-2FCE177C61F1-FollowerState
2021-07-15 16:37:14,279 [grpc-default-executor-2] INFO  impl.RoleInfo (RoleInfo.java:updateAndGet(130)) - 9009ae8a-6e34-4da8-a214-6d662c69877c: start 9009ae8a-6e34-4da8-a214-6d662c69877c@group-2FCE177C61F1-FollowerState
2021-07-15 16:37:14,280 [9009ae8a-6e34-4da8-a214-6d662c69877c@group-2FCE177C61F1-FollowerState] INFO  impl.FollowerState (FollowerState.java:run(143)) - 9009ae8a-6e34-4da8-a214-6d662c69877c@group-2FCE177C61F1-FollowerState was interrupted: {}
java.lang.InterruptedException: sleep interrupted
	at java.lang.Thread.sleep(Native Method)
	at java.lang.Thread.sleep(Thread.java:340)
	at java.util.concurrent.TimeUnit.sleep(TimeUnit.java:386)
	at org.apache.ratis.util.TimeDuration.sleep(TimeDuration.java:324)
	at org.apache.ratis.util.TimeDuration.sleep(TimeDuration.java:309)
	at org.apache.ratis.server.impl.FollowerState.run(FollowerState.java:118)
2021-07-15 16:37:14,280 [grpc-default-executor-0] INFO  server.RaftServer$Division (RaftServerImpl.java:requestVote(1074)) - 7bb90881-70ee-4b59-9518-5a5d97bf3fe4@group-2FCE177C61F1 replies to ELECTION vote request: 7fea9b52-1b88-4603-b6bb-6748911f11bf<-7bb90881-70ee-4b59-9518-5a5d97bf3fe4#0:OK-t2. Peer's state: 7bb90881-70ee-4b59-9518-5a5d97bf3fe4@group-2FCE177C61F1:t2, leader=null, voted=7fea9b52-1b88-4603-b6bb-6748911f11bf, raftlog=7bb90881-70ee-4b59-9518-5a5d97bf3fe4@group-2FCE177C61F1-SegmentedRaftLog:OPENED:c-1,f-1,i0, conf=-1: [7bb90881-70ee-4b59-9518-5a5d97bf3fe4|rpc:127.0.0.1:37335|priority:0, 9009ae8a-6e34-4da8-a214-6d662c69877c|rpc:127.0.0.1:35469|priority:0, 7fea9b52-1b88-4603-b6bb-6748911f11bf|rpc:127.0.0.1:43849|priority:1], old=null
2021-07-15 16:37:14,287 [grpc-default-executor-2] INFO  server.RaftServer$Division (RaftServerImpl.java:requestVote(1074)) - 9009ae8a-6e34-4da8-a214-6d662c69877c@group-2FCE177C61F1 replies to ELECTION vote request: 7fea9b52-1b88-4603-b6bb-6748911f11bf<-9009ae8a-6e34-4da8-a214-6d662c69877c#0:OK-t2. Peer's state: 9009ae8a-6e34-4da8-a214-6d662c69877c@group-2FCE177C61F1:t2, leader=null, voted=7fea9b52-1b88-4603-b6bb-6748911f11bf, raftlog=9009ae8a-6e34-4da8-a214-6d662c69877c@group-2FCE177C61F1-SegmentedRaftLog:OPENED:c-1,f-1,i0, conf=-1: [7bb90881-70ee-4b59-9518-5a5d97bf3fe4|rpc:127.0.0.1:37335|dataStream:|priority:0, 9009ae8a-6e34-4da8-a214-6d662c69877c|rpc:127.0.0.1:35469|dataStream:|priority:0, 7fea9b52-1b88-4603-b6bb-6748911f11bf|rpc:127.0.0.1:43849|dataStream:|priority:1], old=null
2021-07-15 16:37:14,287 [7fea9b52-1b88-4603-b6bb-6748911f11bf@group-2FCE177C61F1-LeaderElection21] INFO  impl.LeaderElection (LeaderElection.java:logAndReturn(89)) - 7fea9b52-1b88-4603-b6bb-6748911f11bf@group-2FCE177C61F1-LeaderElection21: ELECTION PASSED received 1 response(s) and 0 exception(s):
2021-07-15 16:37:14,287 [7fea9b52-1b88-4603-b6bb-6748911f11bf@group-2FCE177C61F1-LeaderElection21] INFO  impl.LeaderElection (LeaderElection.java:logAndReturn(93)) -   Response 0: 7fea9b52-1b88-4603-b6bb-6748911f11bf<-7bb90881-70ee-4b59-9518-5a5d97bf3fe4#0:OK-t2
2021-07-15 16:37:14,288 [7fea9b52-1b88-4603-b6bb-6748911f11bf@group-2FCE177C61F1-LeaderElection21] INFO  impl.LeaderElection (LeaderElection.java:askForVotes(308)) - 7fea9b52-1b88-4603-b6bb-6748911f11bf@group-2FCE177C61F1-LeaderElection21 ELECTION round 0: result PASSED
2021-07-15 16:37:14,288 [7fea9b52-1b88-4603-b6bb-6748911f11bf@group-2FCE177C61F1-LeaderElection21] INFO  impl.RoleInfo (RoleInfo.java:shutdownLeaderElection(121)) - 7fea9b52-1b88-4603-b6bb-6748911f11bf: shutdown 7fea9b52-1b88-4603-b6bb-6748911f11bf@group-2FCE177C61F1-LeaderElection21
2021-07-15 16:37:14,288 [7fea9b52-1b88-4603-b6bb-6748911f11bf@group-2FCE177C61F1-LeaderElection21] INFO  server.RaftServer$Division (RaftServerImpl.java:setRole(284)) - 7fea9b52-1b88-4603-b6bb-6748911f11bf@group-2FCE177C61F1: changes role from CANDIDATE to LEADER at term 2 for changeToLeader
2021-07-15 16:37:14,288 [7fea9b52-1b88-4603-b6bb-6748911f11bf@group-2FCE177C61F1-LeaderElection21] INFO  ratis.XceiverServerRatis (XceiverServerRatis.java:handleLeaderChangedNotification(857)) - Leader change notification received for group: group-2FCE177C61F1 with new leaderId: 7fea9b52-1b88-4603-b6bb-6748911f11bf
2021-07-15 16:37:14,288 [7fea9b52-1b88-4603-b6bb-6748911f11bf@group-2FCE177C61F1-LeaderElection21] INFO  server.RaftServer$Division (ServerState.java:setLeader(271)) - 7fea9b52-1b88-4603-b6bb-6748911f11bf@group-2FCE177C61F1: change Leader from null to 7fea9b52-1b88-4603-b6bb-6748911f11bf at term 2 for becomeLeader, leader elected after 10094ms
2021-07-15 16:37:14,288 [7fea9b52-1b88-4603-b6bb-6748911f11bf@group-2FCE177C61F1-LeaderElection21] INFO  server.RaftServerConfigKeys (ConfUtils.java:logGet(44)) - raft.server.staging.catchup.gap = 1000 (default)
2021-07-15 16:37:14,288 [7fea9b52-1b88-4603-b6bb-6748911f11bf@group-2FCE177C61F1-LeaderElection21] INFO  metrics.RatisMetrics (RatisMetrics.java:lambda$create$0(36)) - Creating Metrics Registry : ratis.log_appender.7fea9b52-1b88-4603-b6bb-6748911f11bf@group-2FCE177C61F1
2021-07-15 16:37:14,288 [7fea9b52-1b88-4603-b6bb-6748911f11bf@group-2FCE177C61F1-LeaderElection21] INFO  server.RaftServerConfigKeys (ConfUtils.java:logGet(44)) - raft.server.write.element-limit = 1024 (custom)
2021-07-15 16:37:14,288 [7fea9b52-1b88-4603-b6bb-6748911f11bf@group-2FCE177C61F1-LeaderElection21] INFO  server.RaftServerConfigKeys (ConfUtils.java:logGet(44)) - raft.server.write.byte-limit = 1073741824 (custom)
2021-07-15 16:37:14,289 [7fea9b52-1b88-4603-b6bb-6748911f11bf@group-2FCE177C61F1-LeaderElection21] INFO  server.RaftServerConfigKeys (ConfUtils.java:logGet(44)) - raft.server.watch.timeout = 180s (custom)
2021-07-15 16:37:14,289 [7fea9b52-1b88-4603-b6bb-6748911f11bf@group-2FCE177C61F1-LeaderElection21] INFO  server.RaftServerConfigKeys (ConfUtils.java:logGet(44)) - raft.server.watch.timeout.denomination = 1s (default)
2021-07-15 16:37:14,289 [7fea9b52-1b88-4603-b6bb-6748911f11bf@group-2FCE177C61F1-LeaderElection21] INFO  server.RaftServerConfigKeys (ConfUtils.java:logGet(44)) - raft.server.watch.element-limit = 65536 (default)
2021-07-15 16:37:14,289 [7fea9b52-1b88-4603-b6bb-6748911f11bf@group-2FCE177C61F1-LeaderElection21] INFO  server.RaftServerConfigKeys (ConfUtils.java:logGet(44)) - raft.server.log.appender.snapshot.chunk.size.max = 16MB (=16777216) (default)
2021-07-15 16:37:14,289 [7fea9b52-1b88-4603-b6bb-6748911f11bf@group-2FCE177C61F1-LeaderElection21] INFO  server.RaftServerConfigKeys (ConfUtils.java:logGet(44)) - raft.server.log.appender.buffer.byte-limit = 33554432 (custom)
2021-07-15 16:37:14,289 [7fea9b52-1b88-4603-b6bb-6748911f11bf@group-2FCE177C61F1-LeaderElection21] INFO  server.RaftServerConfigKeys (ConfUtils.java:logGet(44)) - raft.server.log.appender.buffer.element-limit = 1 (custom)
2021-07-15 16:37:14,289 [7fea9b52-1b88-4603-b6bb-6748911f11bf@group-2FCE177C61F1-LeaderElection21] INFO  grpc.GrpcConfigKeys (ConfUtils.java:logGet(44)) - raft.grpc.server.leader.outstanding.appends.max = 128 (default)
2021-07-15 16:37:14,289 [7fea9b52-1b88-4603-b6bb-6748911f11bf@group-2FCE177C61F1-LeaderElection21] INFO  server.RaftServerConfigKeys (ConfUtils.java:logGet(44)) - raft.server.rpc.request.timeout = 60s (custom)
2021-07-15 16:37:14,289 [7fea9b52-1b88-4603-b6bb-6748911f11bf@group-2FCE177C61F1-LeaderElection21] INFO  server.RaftServerConfigKeys (ConfUtils.java:logGet(44)) - raft.server.log.appender.install.snapshot.enabled = false (custom)
2021-07-15 16:37:14,289 [7fea9b52-1b88-4603-b6bb-6748911f11bf@group-2FCE177C61F1-LeaderElection21] INFO  metrics.RatisMetrics (RatisMetrics.java:lambda$create$0(36)) - Creating Metrics Registry : ratis_grpc.log_appender.7fea9b52-1b88-4603-b6bb-6748911f11bf@group-2FCE177C61F1
2021-07-15 16:37:14,292 [EventQueue-PipelineReportForPipelineReportHandler] INFO  pipeline.PipelineManagerV2Impl (PipelineManagerV2Impl.java:openPipeline(283)) - Pipeline Pipeline[ Id: aa58249d-d224-43b5-bfe6-2fce177c61f1, Nodes: 9009ae8a-6e34-4da8-a214-6d662c69877c{ip: 127.0.0.1, host: localhost, ports: [REPLICATION=32871, RATIS=35469, RATIS_ADMIN=35469, RATIS_SERVER=35469, STANDALONE=38347], networkLocation: /default-rack, certSerialId: null, persistedOpState: IN_SERVICE, persistedOpStateExpiryEpochSec: 0}7bb90881-70ee-4b59-9518-5a5d97bf3fe4{ip: 127.0.0.1, host: localhost, ports: [REPLICATION=37895, RATIS=37335, RATIS_ADMIN=37335, RATIS_SERVER=37335, STANDALONE=37495], networkLocation: /default-rack, certSerialId: null, persistedOpState: IN_SERVICE, persistedOpStateExpiryEpochSec: 0}7fea9b52-1b88-4603-b6bb-6748911f11bf{ip: 127.0.0.1, host: localhost, ports: [REPLICATION=34577, RATIS=43849, RATIS_ADMIN=43849, RATIS_SERVER=43849, STANDALONE=41401], networkLocation: /default-rack, certSerialId: null, persistedOpState: IN_SERVICE, persistedOpStateExpiryEpochSec: 0}, ReplicationConfig: RATIS/THREE, State:ALLOCATED, leaderId:7fea9b52-1b88-4603-b6bb-6748911f11bf, CreationTimestamp2021-07-15T16:37:01.458Z[Etc/UTC]] moved to OPEN state
2021-07-15 16:37:14,292 [EventQueue-PipelineReportForPipelineReportHandler] INFO  pipeline.PipelineManagerV2Impl (PipelineManagerV2Impl.java:openPipeline(283)) - Pipeline Pipeline[ Id: aa58249d-d224-43b5-bfe6-2fce177c61f1, Nodes: 9009ae8a-6e34-4da8-a214-6d662c69877c{ip: 127.0.0.1, host: localhost, ports: [REPLICATION=32871, RATIS=35469, RATIS_ADMIN=35469, RATIS_SERVER=35469, STANDALONE=38347], networkLocation: /default-rack, certSerialId: null, persistedOpState: IN_SERVICE, persistedOpStateExpiryEpochSec: 0}7bb90881-70ee-4b59-9518-5a5d97bf3fe4{ip: 127.0.0.1, host: localhost, ports: [REPLICATION=37895, RATIS=37335, RATIS_ADMIN=37335, RATIS_SERVER=37335, STANDALONE=37495], networkLocation: /default-rack, certSerialId: null, persistedOpState: IN_SERVICE, persistedOpStateExpiryEpochSec: 0}7fea9b52-1b88-4603-b6bb-6748911f11bf{ip: 127.0.0.1, host: localhost, ports: [REPLICATION=34577, RATIS=43849, RATIS_ADMIN=43849, RATIS_SERVER=43849, STANDALONE=41401], networkLocation: /default-rack, certSerialId: null, persistedOpState: IN_SERVICE, persistedOpStateExpiryEpochSec: 0}, ReplicationConfig: RATIS/THREE, State:ALLOCATED, leaderId:7fea9b52-1b88-4603-b6bb-6748911f11bf, CreationTimestamp2021-07-15T16:37:01.458Z[Etc/UTC]] moved to OPEN state
2021-07-15 16:37:14,293 [EventQueue-PipelineReportForPipelineReportHandler] INFO  ha.SCMHAInvocationHandler (SCMHAInvocationHandler.java:invokeRatis(113)) - Invoking method public abstract void org.apache.hadoop.hdds.scm.pipeline.StateManager.updatePipelineState(org.apache.hadoop.hdds.protocol.proto.HddsProtos$PipelineID,org.apache.hadoop.hdds.protocol.proto.HddsProtos$PipelineState) throws java.io.IOException on target org.apache.hadoop.hdds.scm.ha.SCMRatisServerImpl@5cdc53e2, cost 267.101us
2021-07-15 16:37:14,294 [EventQueue-OpenPipelineForHealthyPipelineSafeModeRule] INFO  safemode.SCMSafeModeManager (HealthyPipelineSafeModeRule.java:process(124)) - SCM in safe mode. Healthy pipelines reported count is 0, required healthy pipeline reported count is 1
2021-07-15 16:37:14,295 [7fea9b52-1b88-4603-b6bb-6748911f11bf@group-2FCE177C61F1-LeaderElection21] INFO  server.RaftServerConfigKeys (ConfUtils.java:logGet(44)) - raft.server.log.appender.snapshot.chunk.size.max = 16MB (=16777216) (default)
2021-07-15 16:37:14,295 [7fea9b52-1b88-4603-b6bb-6748911f11bf@group-2FCE177C61F1-LeaderElection21] INFO  server.RaftServerConfigKeys (ConfUtils.java:logGet(44)) - raft.server.log.appender.buffer.byte-limit = 33554432 (custom)
2021-07-15 16:37:14,295 [7fea9b52-1b88-4603-b6bb-6748911f11bf@group-2FCE177C61F1-LeaderElection21] INFO  server.RaftServerConfigKeys (ConfUtils.java:logGet(44)) - raft.server.log.appender.buffer.element-limit = 1 (custom)
2021-07-15 16:37:14,295 [7fea9b52-1b88-4603-b6bb-6748911f11bf@group-2FCE177C61F1-LeaderElection21] INFO  grpc.GrpcConfigKeys (ConfUtils.java:logGet(44)) - raft.grpc.server.leader.outstanding.appends.max = 128 (default)
2021-07-15 16:37:14,295 [7fea9b52-1b88-4603-b6bb-6748911f11bf@group-2FCE177C61F1-LeaderElection21] INFO  server.RaftServerConfigKeys (ConfUtils.java:logGet(44)) - raft.server.rpc.request.timeout = 60s (custom)
2021-07-15 16:37:14,296 [7fea9b52-1b88-4603-b6bb-6748911f11bf@group-2FCE177C61F1-LeaderElection21] INFO  server.RaftServerConfigKeys (ConfUtils.java:logGet(44)) - raft.server.log.appender.install.snapshot.enabled = false (custom)
2021-07-15 16:37:14,301 [7fea9b52-1b88-4603-b6bb-6748911f11bf@group-2FCE177C61F1-LeaderElection21] INFO  impl.RoleInfo (RoleInfo.java:updateAndGet(130)) - 7fea9b52-1b88-4603-b6bb-6748911f11bf: start 7fea9b52-1b88-4603-b6bb-6748911f11bf@group-2FCE177C61F1-LeaderStateImpl
2021-07-15 16:37:14,302 [7fea9b52-1b88-4603-b6bb-6748911f11bf@group-2FCE177C61F1-LeaderElection21] INFO  segmented.SegmentedRaftLogWorker (SegmentedRaftLogWorker.java:startLogSegment(394)) - 7fea9b52-1b88-4603-b6bb-6748911f11bf@group-2FCE177C61F1-SegmentedRaftLogWorker: Starting segment from index:0
2021-07-15 16:37:14,302 [6394c69b-367f-4a62-9595-acf3eb8c80db@group-4CAFB8AFE6AC-StateMachineUpdater] INFO  safemode.HealthyPipelineSafeModeRule (HealthyPipelineSafeModeRule.java:initializeRule(152)) - Refreshed total pipeline count is 1, healthy pipeline threshold count is 1
2021-07-15 16:37:14,304 [EventQueue-PipelineReportForPipelineReportHandler] INFO  ha.SCMHAInvocationHandler (SCMHAInvocationHandler.java:invokeRatis(113)) - Invoking method public abstract void org.apache.hadoop.hdds.scm.pipeline.StateManager.updatePipelineState(org.apache.hadoop.hdds.protocol.proto.HddsProtos$PipelineID,org.apache.hadoop.hdds.protocol.proto.HddsProtos$PipelineState) throws java.io.IOException on target org.apache.hadoop.hdds.scm.ha.SCMRatisServerImpl@5baff918, cost 11807.849us
2021-07-15 16:37:14,304 [EventQueue-OpenPipelineForHealthyPipelineSafeModeRule] INFO  safemode.SCMSafeModeManager (HealthyPipelineSafeModeRule.java:process(124)) - SCM in safe mode. Healthy pipelines reported count is 1, required healthy pipeline reported count is 1
2021-07-15 16:37:14,304 [EventQueue-OpenPipelineForHealthyPipelineSafeModeRule] INFO  safemode.SCMSafeModeManager (SCMSafeModeManager.java:validateSafeModeExitRules(204)) - HealthyPipelineSafeModeRule rule is successfully validated
2021-07-15 16:37:14,304 [EventQueue-OpenPipelineForHealthyPipelineSafeModeRule] INFO  safemode.SCMSafeModeManager (SCMSafeModeManager.java:validateSafeModeExitRules(219)) - ScmSafeModeManager, all rules are successfully validated
2021-07-15 16:37:14,304 [EventQueue-OpenPipelineForHealthyPipelineSafeModeRule] INFO  safemode.SCMSafeModeManager (SCMSafeModeManager.java:exitSafeMode(248)) - SCM exiting safe mode.
2021-07-15 16:37:14,304 [EventQueue-OpenPipelineForHealthyPipelineSafeModeRule] WARN  events.EventQueue (EventQueue.java:fireEvent(194)) - No event handler registered for event TypedEvent{payloadType=SafeModeStatus, name='Safe mode status'}
2021-07-15 16:37:14,304 [EventQueue-OpenPipelineForHealthyPipelineSafeModeRule] INFO  ha.SCMContext (SCMContext.java:updateSafeModeStatus(205)) - Update SafeModeStatus from SafeModeStatus{safeModeStatus=true, preCheckPassed=true} to SafeModeStatus{safeModeStatus=false, preCheckPassed=true}.
2021-07-15 16:37:14,304 [EventQueue-OpenPipelineForHealthyPipelineSafeModeRule] INFO  container.ReplicationManager (ReplicationManager.java:notifyStatusChanged(1281)) - Service ReplicationManager transitions to RUNNING.
2021-07-15 16:37:14,305 [7fea9b52-1b88-4603-b6bb-6748911f11bf@group-2FCE177C61F1-SegmentedRaftLogWorker] INFO  segmented.SegmentedRaftLogWorker (SegmentedRaftLogWorker.java:execute(601)) - 7fea9b52-1b88-4603-b6bb-6748911f11bf@group-2FCE177C61F1-SegmentedRaftLogWorker: created new log segment /home/runner/work/ozone/ozone/mnt/ozone/hadoop-ozone/integration-test/target/test-dir/MiniOzoneClusterImpl-8ef06965-d5c9-44f0-9cd1-4cafb8afe6ac/datanode-2/data/ratis/aa58249d-d224-43b5-bfe6-2fce177c61f1/current/log_inprogress_0
2021-07-15 16:37:14,307 [grpc-default-executor-2] INFO  ratis.XceiverServerRatis (XceiverServerRatis.java:handleLeaderChangedNotification(857)) - Leader change notification received for group: group-2FCE177C61F1 with new leaderId: 7fea9b52-1b88-4603-b6bb-6748911f11bf
2021-07-15 16:37:14,307 [grpc-default-executor-2] INFO  server.RaftServer$Division (ServerState.java:setLeader(271)) - 7bb90881-70ee-4b59-9518-5a5d97bf3fe4@group-2FCE177C61F1: change Leader from null to 7fea9b52-1b88-4603-b6bb-6748911f11bf at term 2 for appendEntries, leader elected after 10199ms
2021-07-15 16:37:14,308 [7fea9b52-1b88-4603-b6bb-6748911f11bf@group-2FCE177C61F1-LeaderElection21] INFO  server.RaftServer$Division (ServerState.java:setRaftConf(373)) - 7fea9b52-1b88-4603-b6bb-6748911f11bf@group-2FCE177C61F1: set configuration 0: [7bb90881-70ee-4b59-9518-5a5d97bf3fe4|rpc:127.0.0.1:37335|dataStream:|priority:0, 9009ae8a-6e34-4da8-a214-6d662c69877c|rpc:127.0.0.1:35469|dataStream:|priority:0, 7fea9b52-1b88-4603-b6bb-6748911f11bf|rpc:127.0.0.1:43849|dataStream:|priority:1], old=null
2021-07-15 16:37:14,311 [3f02e2f7-a9fe-43aa-a16a-2bf2030dc8fd@group-4CAFB8AFE6AC-StateMachineUpdater] INFO  safemode.HealthyPipelineSafeModeRule (HealthyPipelineSafeModeRule.java:initializeRule(152)) - Refreshed total pipeline count is 1, healthy pipeline threshold count is 1
2021-07-15 16:37:14,314 [grpc-default-executor-0] INFO  ratis.XceiverServerRatis (XceiverServerRatis.java:handleLeaderChangedNotification(857)) - Leader change notification received for group: group-2FCE177C61F1 with new leaderId: 7fea9b52-1b88-4603-b6bb-6748911f11bf
2021-07-15 16:37:14,314 [grpc-default-executor-0] INFO  server.RaftServer$Division (ServerState.java:setLeader(271)) - 9009ae8a-6e34-4da8-a214-6d662c69877c@group-2FCE177C61F1: change Leader from null to 7fea9b52-1b88-4603-b6bb-6748911f11bf at term 2 for appendEntries, leader elected after 10164ms
2021-07-15 16:37:14,315 [grpc-default-executor-2] INFO  server.RaftServer$Division (ServerState.java:setRaftConf(373)) - 7bb90881-70ee-4b59-9518-5a5d97bf3fe4@group-2FCE177C61F1: set configuration 0: [7bb90881-70ee-4b59-9518-5a5d97bf3fe4|rpc:127.0.0.1:37335|dataStream:|priority:0, 9009ae8a-6e34-4da8-a214-6d662c69877c|rpc:127.0.0.1:35469|dataStream:|priority:0, 7fea9b52-1b88-4603-b6bb-6748911f11bf|rpc:127.0.0.1:43849|dataStream:|priority:1], old=null
2021-07-15 16:37:14,315 [grpc-default-executor-2] INFO  segmented.SegmentedRaftLogWorker (SegmentedRaftLogWorker.java:startLogSegment(394)) - 7bb90881-70ee-4b59-9518-5a5d97bf3fe4@group-2FCE177C61F1-SegmentedRaftLogWorker: Starting segment from index:0
2021-07-15 16:37:14,316 [grpc-default-executor-0] INFO  server.RaftServer$Division (ServerState.java:setRaftConf(373)) - 9009ae8a-6e34-4da8-a214-6d662c69877c@group-2FCE177C61F1: set configuration 0: [7bb90881-70ee-4b59-9518-5a5d97bf3fe4|rpc:127.0.0.1:37335|dataStream:|priority:0, 9009ae8a-6e34-4da8-a214-6d662c69877c|rpc:127.0.0.1:35469|dataStream:|priority:0, 7fea9b52-1b88-4603-b6bb-6748911f11bf|rpc:127.0.0.1:43849|dataStream:|priority:1], old=null
2021-07-15 16:37:14,316 [grpc-default-executor-0] INFO  segmented.SegmentedRaftLogWorker (SegmentedRaftLogWorker.java:startLogSegment(394)) - 9009ae8a-6e34-4da8-a214-6d662c69877c@group-2FCE177C61F1-SegmentedRaftLogWorker: Starting segment from index:0
2021-07-15 16:37:14,318 [7bb90881-70ee-4b59-9518-5a5d97bf3fe4@group-2FCE177C61F1-SegmentedRaftLogWorker] INFO  segmented.SegmentedRaftLogWorker (SegmentedRaftLogWorker.java:execute(601)) - 7bb90881-70ee-4b59-9518-5a5d97bf3fe4@group-2FCE177C61F1-SegmentedRaftLogWorker: created new log segment /home/runner/work/ozone/ozone/mnt/ozone/hadoop-ozone/integration-test/target/test-dir/MiniOzoneClusterImpl-8ef06965-d5c9-44f0-9cd1-4cafb8afe6ac/datanode-0/data/ratis/aa58249d-d224-43b5-bfe6-2fce177c61f1/current/log_inprogress_0
2021-07-15 16:37:14,318 [9009ae8a-6e34-4da8-a214-6d662c69877c@group-2FCE177C61F1-SegmentedRaftLogWorker] INFO  segmented.SegmentedRaftLogWorker (SegmentedRaftLogWorker.java:execute(601)) - 9009ae8a-6e34-4da8-a214-6d662c69877c@group-2FCE177C61F1-SegmentedRaftLogWorker: created new log segment /home/runner/work/ozone/ozone/mnt/ozone/hadoop-ozone/integration-test/target/test-dir/MiniOzoneClusterImpl-8ef06965-d5c9-44f0-9cd1-4cafb8afe6ac/datanode-1/data/ratis/aa58249d-d224-43b5-bfe6-2fce177c61f1/current/log_inprogress_0
2021-07-15 16:37:14,450 [Listener at 127.0.0.1/10248] INFO  ozone.MiniOzoneClusterImpl (MiniOzoneClusterImpl.java:lambda$waitForClusterToBeReady$0(230)) - Nodes are ready. Got 3 of 3 DN Heartbeats.
2021-07-15 16:37:14,450 [Listener at 127.0.0.1/10248] INFO  ozone.MiniOzoneClusterImpl (MiniOzoneClusterImpl.java:lambda$waitForClusterToBeReady$0(233)) - Cluster exits safe mode
2021-07-15 16:37:14,450 [Listener at 127.0.0.1/10248] INFO  ozone.MiniOzoneClusterImpl (MiniOzoneClusterImpl.java:lambda$waitForClusterToBeReady$0(235)) - SCM became leader
2021-07-15 16:37:14,451 [Listener at 127.0.0.1/10248] INFO  server.StorageContainerManager (StorageContainerManager.java:start(1242)) - StorageContainerLocationProtocol RPC server is listening at /0.0.0.0:14071
2021-07-15 16:37:14,451 [Listener at 127.0.0.1/10248] INFO  ha.SCMRatisServerImpl (SCMRatisServerImpl.java:start(170)) - starting ratis server 0.0.0.0:14068
2021-07-15 16:37:14,451 [Listener at 127.0.0.1/10248] INFO  server.RaftServer$Division (RaftServerImpl.java:start(298)) - cf7cc385-5ca0-45b1-ac1d-dc278b2e7386@group-4CAFB8AFE6AC: start with initializing state, conf=-1: [], old=null
2021-07-15 16:37:14,451 [Listener at 127.0.0.1/10248] INFO  server.RaftServer$Division (RaftServerImpl.java:setRole(284)) - cf7cc385-5ca0-45b1-ac1d-dc278b2e7386@group-4CAFB8AFE6AC: changes role from      null to FOLLOWER at term 0 for startInitializing
2021-07-15 16:37:14,452 [Listener at 127.0.0.1/10248] INFO  util.JmxRegister (JmxRegister.java:tryRegister(44)) - Successfully registered JMX Bean with object name Ratis:service=RaftServer,group=group-4CAFB8AFE6AC,id=cf7cc385-5ca0-45b1-ac1d-dc278b2e7386
2021-07-15 16:37:14,452 [Listener at 127.0.0.1/10248] INFO  metrics.RatisMetrics (RatisMetrics.java:lambda$create$0(36)) - Creating Metrics Registry : ratis.state_machine.cf7cc385-5ca0-45b1-ac1d-dc278b2e7386@group-4CAFB8AFE6AC
2021-07-15 16:37:14,453 [Listener at 127.0.0.1/10248] INFO  server.RaftServer (RaftServerProxy.java:lambda$start$5(374)) - cf7cc385-5ca0-45b1-ac1d-dc278b2e7386: start RPC server
2021-07-15 16:37:14,454 [Listener at 127.0.0.1/10248] INFO  server.GrpcService (GrpcService.java:startImpl(253)) - cf7cc385-5ca0-45b1-ac1d-dc278b2e7386: GrpcService started, listening on 14068
2021-07-15 16:37:14,455 [Listener at 127.0.0.1/10248] INFO  ha.SCMNodeInfo (SCMNodeInfo.java:getPort(197)) - ConfigKey ozone.scm.client.address is deprecated, For configuring different ports for each SCM use PortConfigKey ozone.scm.client.port appended with serviceId and nodeId
2021-07-15 16:37:14,455 [Listener at 127.0.0.1/10248] INFO  ha.SCMNodeInfo (SCMNodeInfo.java:getPort(197)) - ConfigKey ozone.scm.block.client.address is deprecated, For configuring different ports for each SCM use PortConfigKey ozone.scm.block.client.port appended with serviceId and nodeId
2021-07-15 16:37:14,455 [Listener at 127.0.0.1/10248] INFO  ha.SCMNodeInfo (SCMNodeInfo.java:getPort(197)) - ConfigKey ozone.scm.datanode.address is deprecated, For configuring different ports for each SCM use PortConfigKey ozone.scm.datanode.port appended with serviceId and nodeId
2021-07-15 16:37:14,455 [Listener at 127.0.0.1/10248] INFO  ha.SCMNodeInfo (SCMNodeInfo.java:getPort(197)) - ConfigKey ozone.scm.client.address is deprecated, For configuring different ports for each SCM use PortConfigKey ozone.scm.client.port appended with serviceId and nodeId
2021-07-15 16:37:14,455 [Listener at 127.0.0.1/10248] INFO  ha.SCMNodeInfo (SCMNodeInfo.java:getPort(197)) - ConfigKey ozone.scm.block.client.address is deprecated, For configuring different ports for each SCM use PortConfigKey ozone.scm.block.client.port appended with serviceId and nodeId
2021-07-15 16:37:14,456 [Listener at 127.0.0.1/10248] INFO  ha.SCMNodeInfo (SCMNodeInfo.java:getPort(197)) - ConfigKey ozone.scm.datanode.address is deprecated, For configuring different ports for each SCM use PortConfigKey ozone.scm.datanode.port appended with serviceId and nodeId
2021-07-15 16:37:14,456 [Listener at 127.0.0.1/10248] INFO  ha.SCMNodeInfo (SCMNodeInfo.java:getPort(197)) - ConfigKey ozone.scm.client.address is deprecated, For configuring different ports for each SCM use PortConfigKey ozone.scm.client.port appended with serviceId and nodeId
2021-07-15 16:37:14,456 [Listener at 127.0.0.1/10248] INFO  ha.SCMNodeInfo (SCMNodeInfo.java:getPort(197)) - ConfigKey ozone.scm.block.client.address is deprecated, For configuring different ports for each SCM use PortConfigKey ozone.scm.block.client.port appended with serviceId and nodeId
2021-07-15 16:37:14,456 [Listener at 127.0.0.1/10248] INFO  ha.SCMNodeInfo (SCMNodeInfo.java:getPort(197)) - ConfigKey ozone.scm.datanode.address is deprecated, For configuring different ports for each SCM use PortConfigKey ozone.scm.datanode.port appended with serviceId and nodeId
2021-07-15 16:37:14,457 [org.apache.ratis.util.JvmPauseMonitor$$Lambda$496/1286580650@4086b547] INFO  util.JvmPauseMonitor (JvmPauseMonitor.java:run(103)) - JvmPauseMonitor-cf7cc385-5ca0-45b1-ac1d-dc278b2e7386: Started
2021-07-15 16:37:14,460 [IPC Server handler 99 on default port 14050] INFO  ha.SCMRatisServerImpl (SCMRatisServerImpl.java:addSCM(280)) - 6394c69b-367f-4a62-9595-acf3eb8c80db: Submitting SetConfiguration request to Ratis server with new SCM peers list: [6394c69b-367f-4a62-9595-acf3eb8c80db|rpc:localhost:14048|admin:|client:|dataStream:|priority:0, 3f02e2f7-a9fe-43aa-a16a-2bf2030dc8fd|rpc:localhost:14058|priority:0, cf7cc385-5ca0-45b1-ac1d-dc278b2e7386|rpc:localhost:14068|priority:0]
2021-07-15 16:37:14,461 [IPC Server handler 99 on default port 14050] INFO  server.RaftServer$Division (RaftServerImpl.java:setConfigurationAsync(970)) - 6394c69b-367f-4a62-9595-acf3eb8c80db@group-4CAFB8AFE6AC: receive setConfiguration SetConfigurationRequest:client-ADCB5921AF14->6394c69b-367f-4a62-9595-acf3eb8c80db@group-4CAFB8AFE6AC, cid=10, seq=0, RW, null, peers:[6394c69b-367f-4a62-9595-acf3eb8c80db|rpc:localhost:14048|admin:|client:|dataStream:|priority:0, 3f02e2f7-a9fe-43aa-a16a-2bf2030dc8fd|rpc:localhost:14058|priority:0, cf7cc385-5ca0-45b1-ac1d-dc278b2e7386|rpc:localhost:14068|priority:0]
2021-07-15 16:37:14,461 [IPC Server handler 99 on default port 14050] INFO  server.RaftServer$Division (LeaderStateImpl.java:startSetConfiguration(345)) - 6394c69b-367f-4a62-9595-acf3eb8c80db@group-4CAFB8AFE6AC-LeaderStateImpl: startSetConfiguration SetConfigurationRequest:client-ADCB5921AF14->6394c69b-367f-4a62-9595-acf3eb8c80db@group-4CAFB8AFE6AC, cid=10, seq=0, RW, null, peers:[6394c69b-367f-4a62-9595-acf3eb8c80db|rpc:localhost:14048|admin:|client:|dataStream:|priority:0, 3f02e2f7-a9fe-43aa-a16a-2bf2030dc8fd|rpc:localhost:14058|priority:0, cf7cc385-5ca0-45b1-ac1d-dc278b2e7386|rpc:localhost:14068|priority:0]
2021-07-15 16:37:14,461 [IPC Server handler 99 on default port 14050] INFO  server.RaftServerConfigKeys (ConfUtils.java:logGet(44)) - raft.server.log.appender.snapshot.chunk.size.max = 16MB (=16777216) (default)
2021-07-15 16:37:14,461 [IPC Server handler 99 on default port 14050] INFO  server.RaftServerConfigKeys (ConfUtils.java:logGet(44)) - raft.server.log.appender.buffer.byte-limit = 33554432 (custom)
2021-07-15 16:37:14,461 [IPC Server handler 99 on default port 14050] INFO  server.RaftServerConfigKeys (ConfUtils.java:logGet(44)) - raft.server.log.appender.buffer.element-limit = 33554432 (custom)
2021-07-15 16:37:14,472 [7fea9b52-1b88-4603-b6bb-6748911f11bf@group-324EC8E43CB0-FollowerState] INFO  impl.FollowerState (FollowerState.java:run(134)) - 7fea9b52-1b88-4603-b6bb-6748911f11bf@group-324EC8E43CB0-FollowerState: change to CANDIDATE, lastRpcElapsedTime:5011677127ns, electionTimeout:5006ms
2021-07-15 16:37:14,472 [7fea9b52-1b88-4603-b6bb-6748911f11bf@group-324EC8E43CB0-FollowerState] INFO  impl.RoleInfo (RoleInfo.java:shutdownFollowerState(108)) - 7fea9b52-1b88-4603-b6bb-6748911f11bf: shutdown 7fea9b52-1b88-4603-b6bb-6748911f11bf@group-324EC8E43CB0-FollowerState
2021-07-15 16:37:14,472 [7fea9b52-1b88-4603-b6bb-6748911f11bf@group-324EC8E43CB0-FollowerState] INFO  server.RaftServer$Division (RaftServerImpl.java:setRole(284)) - 7fea9b52-1b88-4603-b6bb-6748911f11bf@group-324EC8E43CB0: changes role from  FOLLOWER to CANDIDATE at term 1 for changeToCandidate
2021-07-15 16:37:14,473 [7fea9b52-1b88-4603-b6bb-6748911f11bf@group-324EC8E43CB0-FollowerState] INFO  server.RaftServerConfigKeys (ConfUtils.java:logGet(44)) - raft.server.leaderelection.pre-vote = false (custom)
2021-07-15 16:37:14,473 [7fea9b52-1b88-4603-b6bb-6748911f11bf@group-324EC8E43CB0-FollowerState] INFO  impl.RoleInfo (RoleInfo.java:updateAndGet(130)) - 7fea9b52-1b88-4603-b6bb-6748911f11bf: start 7fea9b52-1b88-4603-b6bb-6748911f11bf@group-324EC8E43CB0-LeaderElection22
2021-07-15 16:37:14,515 [IPC Server handler 99 on default port 14050] INFO  grpc.GrpcConfigKeys (ConfUtils.java:logGet(44)) - raft.grpc.server.leader.outstanding.appends.max = 128 (default)
2021-07-15 16:37:14,515 [IPC Server handler 99 on default port 14050] INFO  server.RaftServerConfigKeys (ConfUtils.java:logGet(44)) - raft.server.rpc.request.timeout = 30000ms (custom)
2021-07-15 16:37:14,515 [IPC Server handler 99 on default port 14050] INFO  server.RaftServerConfigKeys (ConfUtils.java:logGet(44)) - raft.server.log.appender.install.snapshot.enabled = false (custom)
2021-07-15 16:37:14,517 [7fea9b52-1b88-4603-b6bb-6748911f11bf@group-324EC8E43CB0-LeaderElection22] INFO  impl.LeaderElection (LeaderElection.java:askForVotes(306)) - 7fea9b52-1b88-4603-b6bb-6748911f11bf@group-324EC8E43CB0-LeaderElection22 ELECTION round 0: submit vote requests at term 2 for -1: [7bb90881-70ee-4b59-9518-5a5d97bf3fe4|rpc:127.0.0.1:37335|dataStream:|priority:1, 9009ae8a-6e34-4da8-a214-6d662c69877c|rpc:127.0.0.1:35469|dataStream:|priority:0, 7fea9b52-1b88-4603-b6bb-6748911f11bf|rpc:127.0.0.1:43849|dataStream:|priority:0], old=null
2021-07-15 16:37:14,518 [6394c69b-367f-4a62-9595-acf3eb8c80db@group-4CAFB8AFE6AC->cf7cc385-5ca0-45b1-ac1d-dc278b2e7386-GrpcLogAppender-LogAppenderDaemon] INFO  server.GrpcLogAppender (GrpcLogAppender.java:installSnapshot(524)) - 6394c69b-367f-4a62-9595-acf3eb8c80db@group-4CAFB8AFE6AC->cf7cc385-5ca0-45b1-ac1d-dc278b2e7386-GrpcLogAppender: followerNextIndex = 0 but logStartIndex = 1, notify follower to install snapshot-(t:2, i:1)
2021-07-15 16:37:14,518 [6394c69b-367f-4a62-9595-acf3eb8c80db@group-4CAFB8AFE6AC->cf7cc385-5ca0-45b1-ac1d-dc278b2e7386-GrpcLogAppender-LogAppenderDaemon] INFO  server.GrpcLogAppender (GrpcLogAppender.java:installSnapshot(532)) - 6394c69b-367f-4a62-9595-acf3eb8c80db@group-4CAFB8AFE6AC->cf7cc385-5ca0-45b1-ac1d-dc278b2e7386-GrpcLogAppender: send 6394c69b-367f-4a62-9595-acf3eb8c80db->cf7cc385-5ca0-45b1-ac1d-dc278b2e7386#0-t2,notify:(t:2, i:1)
2021-07-15 16:37:14,529 [grpc-default-executor-2] INFO  metrics.RatisMetrics (RatisMetrics.java:lambda$create$0(36)) - Creating Metrics Registry : ratis.server_message_metrics.cf7cc385-5ca0-45b1-ac1d-dc278b2e7386
2021-07-15 16:37:14,531 [grpc-default-executor-0] INFO  server.RaftServer$Division (RaftServerImpl.java:requestVote(1042)) - 7bb90881-70ee-4b59-9518-5a5d97bf3fe4@group-324EC8E43CB0: receive requestVote(ELECTION, 7fea9b52-1b88-4603-b6bb-6748911f11bf, group-324EC8E43CB0, 2, (t:0, i:0))
2021-07-15 16:37:14,531 [grpc-default-executor-0] INFO  impl.VoteContext (VoteContext.java:log(48)) - 7bb90881-70ee-4b59-9518-5a5d97bf3fe4@group-324EC8E43CB0-FOLLOWER: reject ELECTION from 7fea9b52-1b88-4603-b6bb-6748911f11bf: our priority 1 > candidate's priority 0
2021-07-15 16:37:14,531 [grpc-default-executor-0] INFO  server.RaftServer$Division (RaftServerImpl.java:setRole(284)) - 7bb90881-70ee-4b59-9518-5a5d97bf3fe4@group-324EC8E43CB0: changes role from  FOLLOWER to FOLLOWER at term 2 for candidate:7fea9b52-1b88-4603-b6bb-6748911f11bf
2021-07-15 16:37:14,531 [grpc-default-executor-0] INFO  impl.RoleInfo (RoleInfo.java:shutdownFollowerState(108)) - 7bb90881-70ee-4b59-9518-5a5d97bf3fe4: shutdown 7bb90881-70ee-4b59-9518-5a5d97bf3fe4@group-324EC8E43CB0-FollowerState
2021-07-15 16:37:14,532 [7bb90881-70ee-4b59-9518-5a5d97bf3fe4@group-324EC8E43CB0-FollowerState] INFO  impl.FollowerState (FollowerState.java:run(143)) - 7bb90881-70ee-4b59-9518-5a5d97bf3fe4@group-324EC8E43CB0-FollowerState was interrupted: {}
java.lang.InterruptedException: sleep interrupted
	at java.lang.Thread.sleep(Native Method)
	at java.lang.Thread.sleep(Thread.java:340)
	at java.util.concurrent.TimeUnit.sleep(TimeUnit.java:386)
	at org.apache.ratis.util.TimeDuration.sleep(TimeDuration.java:324)
	at org.apache.ratis.util.TimeDuration.sleep(TimeDuration.java:309)
	at org.apache.ratis.server.impl.FollowerState.run(FollowerState.java:118)
2021-07-15 16:37:14,532 [grpc-default-executor-2] INFO  server.RaftServer$Division (RaftServerImpl.java:installSnapshot(1328)) - cf7cc385-5ca0-45b1-ac1d-dc278b2e7386@group-4CAFB8AFE6AC: receive installSnapshot: 6394c69b-367f-4a62-9595-acf3eb8c80db->cf7cc385-5ca0-45b1-ac1d-dc278b2e7386#0-t2,notify:(t:2, i:1)
2021-07-15 16:37:14,532 [grpc-default-executor-3] INFO  server.RaftServer$Division (RaftServerImpl.java:requestVote(1042)) - 9009ae8a-6e34-4da8-a214-6d662c69877c@group-324EC8E43CB0: receive requestVote(ELECTION, 7fea9b52-1b88-4603-b6bb-6748911f11bf, group-324EC8E43CB0, 2, (t:0, i:0))
2021-07-15 16:37:14,532 [grpc-default-executor-3] INFO  impl.VoteContext (VoteContext.java:log(48)) - 9009ae8a-6e34-4da8-a214-6d662c69877c@group-324EC8E43CB0-FOLLOWER: accept ELECTION from 7fea9b52-1b88-4603-b6bb-6748911f11bf: our priority 0 <= candidate's priority 0
2021-07-15 16:37:14,533 [grpc-default-executor-3] INFO  server.RaftServer$Division (RaftServerImpl.java:setRole(284)) - 9009ae8a-6e34-4da8-a214-6d662c69877c@group-324EC8E43CB0: changes role from  FOLLOWER to FOLLOWER at term 2 for candidate:7fea9b52-1b88-4603-b6bb-6748911f11bf
2021-07-15 16:37:14,533 [grpc-default-executor-3] INFO  impl.RoleInfo (RoleInfo.java:shutdownFollowerState(108)) - 9009ae8a-6e34-4da8-a214-6d662c69877c: shutdown 9009ae8a-6e34-4da8-a214-6d662c69877c@group-324EC8E43CB0-FollowerState
2021-07-15 16:37:14,533 [grpc-default-executor-3] INFO  impl.RoleInfo (RoleInfo.java:updateAndGet(130)) - 9009ae8a-6e34-4da8-a214-6d662c69877c: start 9009ae8a-6e34-4da8-a214-6d662c69877c@group-324EC8E43CB0-FollowerState
2021-07-15 16:37:14,533 [9009ae8a-6e34-4da8-a214-6d662c69877c@group-324EC8E43CB0-FollowerState] INFO  impl.FollowerState (FollowerState.java:run(143)) - 9009ae8a-6e34-4da8-a214-6d662c69877c@group-324EC8E43CB0-FollowerState was interrupted: {}
java.lang.InterruptedException: sleep interrupted
	at java.lang.Thread.sleep(Native Method)
	at java.lang.Thread.sleep(Thread.java:340)
	at java.util.concurrent.TimeUnit.sleep(TimeUnit.java:386)
	at org.apache.ratis.util.TimeDuration.sleep(TimeDuration.java:324)
	at org.apache.ratis.util.TimeDuration.sleep(TimeDuration.java:309)
	at org.apache.ratis.server.impl.FollowerState.run(FollowerState.java:118)
2021-07-15 16:37:14,532 [grpc-default-executor-0] INFO  impl.RoleInfo (RoleInfo.java:updateAndGet(130)) - 7bb90881-70ee-4b59-9518-5a5d97bf3fe4: start 7bb90881-70ee-4b59-9518-5a5d97bf3fe4@group-324EC8E43CB0-FollowerState
2021-07-15 16:37:14,538 [grpc-default-executor-2] INFO  ha.SCMStateMachine (SCMStateMachine.java:notifyLeaderChanged(248)) - leader changed, yet current SCM is still follower.
2021-07-15 16:37:14,538 [grpc-default-executor-2] INFO  server.RaftServer$Division (ServerState.java:setLeader(271)) - cf7cc385-5ca0-45b1-ac1d-dc278b2e7386@group-4CAFB8AFE6AC: change Leader from null to 6394c69b-367f-4a62-9595-acf3eb8c80db at term 2 for installSnapshot, leader elected after 18736ms
2021-07-15 16:37:14,538 [grpc-default-executor-2] INFO  server.RaftServer$Division (RaftServerImpl.java:notifyStateMachineToInstallSnapshot(1580)) - cf7cc385-5ca0-45b1-ac1d-dc278b2e7386@group-4CAFB8AFE6AC: notifyInstallSnapshot: nextIndex is 0 but the leader's first available index is 1.
2021-07-15 16:37:14,538 [grpc-default-executor-2] INFO  ha.SCMStateMachine (SCMStateMachine.java:notifyInstallSnapshotFromLeader(212)) - Received install snapshot notification from SCM leader: localhost:14048 with term index: (t:2, i:1)
2021-07-15 16:37:14,539 [grpc-default-executor-2] INFO  server.RaftServer$Division (RaftServerImpl.java:installSnapshotImpl(1458)) - cf7cc385-5ca0-45b1-ac1d-dc278b2e7386@group-4CAFB8AFE6AC: set new configuration index: 5
configurationEntry {
  peers {
    id: "6394c69b-367f-4a62-9595-acf3eb8c80db"
    address: "localhost:14048"
  }
  peers {
    id: "3f02e2f7-a9fe-43aa-a16a-2bf2030dc8fd"
    address: "localhost:14058"
  }
}
 from snapshot
2021-07-15 16:37:14,539 [grpc-default-executor-2] INFO  server.RaftServer$Division (ServerState.java:setRaftConf(373)) - cf7cc385-5ca0-45b1-ac1d-dc278b2e7386@group-4CAFB8AFE6AC: set configuration 5: [6394c69b-367f-4a62-9595-acf3eb8c80db|rpc:localhost:14048|admin:|client:|dataStream:|priority:0, 3f02e2f7-a9fe-43aa-a16a-2bf2030dc8fd|rpc:localhost:14058|admin:|client:|dataStream:|priority:0], old=null
2021-07-15 16:37:14,539 [grpc-default-executor-2] INFO  server.RaftServer$Division (RaftServerImpl.java:installSnapshot(1339)) - cf7cc385-5ca0-45b1-ac1d-dc278b2e7386@group-4CAFB8AFE6AC: reply installSnapshot: 6394c69b-367f-4a62-9595-acf3eb8c80db<-cf7cc385-5ca0-45b1-ac1d-dc278b2e7386#0:FAIL-t0,IN_PROGRESS
2021-07-15 16:37:14,539 [grpc-default-executor-2] INFO  server.GrpcServerProtocolService (GrpcServerProtocolService.java:onCompleted(140)) - cf7cc385-5ca0-45b1-ac1d-dc278b2e7386: Completed INSTALL_SNAPSHOT, lastRequest: 6394c69b-367f-4a62-9595-acf3eb8c80db->cf7cc385-5ca0-45b1-ac1d-dc278b2e7386#0-t2,notify:(t:2, i:1)
2021-07-15 16:37:14,542 [grpc-default-executor-0] INFO  server.RaftServer$Division (RaftServerImpl.java:requestVote(1074)) - 7bb90881-70ee-4b59-9518-5a5d97bf3fe4@group-324EC8E43CB0 replies to ELECTION vote request: 7fea9b52-1b88-4603-b6bb-6748911f11bf<-7bb90881-70ee-4b59-9518-5a5d97bf3fe4#0:FAIL-t2. Peer's state: 7bb90881-70ee-4b59-9518-5a5d97bf3fe4@group-324EC8E43CB0:t2, leader=null, voted=null, raftlog=7bb90881-70ee-4b59-9518-5a5d97bf3fe4@group-324EC8E43CB0-SegmentedRaftLog:OPENED:c-1,f-1,i0, conf=-1: [7bb90881-70ee-4b59-9518-5a5d97bf3fe4|rpc:127.0.0.1:37335|priority:1, 9009ae8a-6e34-4da8-a214-6d662c69877c|rpc:127.0.0.1:35469|priority:0, 7fea9b52-1b88-4603-b6bb-6748911f11bf|rpc:127.0.0.1:43849|priority:0], old=null
2021-07-15 16:37:14,542 [grpc-default-executor-2] INFO  server.GrpcLogAppender (GrpcLogAppender.java:onNext(400)) - 6394c69b-367f-4a62-9595-acf3eb8c80db@group-4CAFB8AFE6AC->cf7cc385-5ca0-45b1-ac1d-dc278b2e7386-InstallSnapshotResponseHandler: received the first reply 6394c69b-367f-4a62-9595-acf3eb8c80db<-cf7cc385-5ca0-45b1-ac1d-dc278b2e7386#0:FAIL-t0,IN_PROGRESS
2021-07-15 16:37:14,542 [grpc-default-executor-2] INFO  server.GrpcLogAppender (GrpcLogAppender.java:onNext(417)) - 6394c69b-367f-4a62-9595-acf3eb8c80db@group-4CAFB8AFE6AC->cf7cc385-5ca0-45b1-ac1d-dc278b2e7386-InstallSnapshotResponseHandler: InstallSnapshot in progress.
2021-07-15 16:37:14,542 [grpc-default-executor-3] INFO  server.RaftServer$Division (RaftServerImpl.java:requestVote(1074)) - 9009ae8a-6e34-4da8-a214-6d662c69877c@group-324EC8E43CB0 replies to ELECTION vote request: 7fea9b52-1b88-4603-b6bb-6748911f11bf<-9009ae8a-6e34-4da8-a214-6d662c69877c#0:OK-t2. Peer's state: 9009ae8a-6e34-4da8-a214-6d662c69877c@group-324EC8E43CB0:t2, leader=null, voted=7fea9b52-1b88-4603-b6bb-6748911f11bf, raftlog=9009ae8a-6e34-4da8-a214-6d662c69877c@group-324EC8E43CB0-SegmentedRaftLog:OPENED:c-1,f-1,i0, conf=-1: [7bb90881-70ee-4b59-9518-5a5d97bf3fe4|rpc:127.0.0.1:37335|dataStream:|priority:1, 9009ae8a-6e34-4da8-a214-6d662c69877c|rpc:127.0.0.1:35469|dataStream:|priority:0, 7fea9b52-1b88-4603-b6bb-6748911f11bf|rpc:127.0.0.1:43849|dataStream:|priority:0], old=null
2021-07-15 16:37:14,543 [pool-216-thread-1] INFO  ha.SCMHAManagerImpl (SCMHAManagerImpl.java:getDBCheckpointFromLeader(206)) - Downloading checkpoint from leader SCM scmNode-1 and reloading state from the checkpoint.
2021-07-15 16:37:14,543 [7fea9b52-1b88-4603-b6bb-6748911f11bf@group-324EC8E43CB0-LeaderElection22] INFO  impl.LeaderElection (LeaderElection.java:logAndReturn(89)) - 7fea9b52-1b88-4603-b6bb-6748911f11bf@group-324EC8E43CB0-LeaderElection22: ELECTION REJECTED received 1 response(s) and 0 exception(s):
2021-07-15 16:37:14,543 [7fea9b52-1b88-4603-b6bb-6748911f11bf@group-324EC8E43CB0-LeaderElection22] INFO  impl.LeaderElection (LeaderElection.java:logAndReturn(93)) -   Response 0: 7fea9b52-1b88-4603-b6bb-6748911f11bf<-7bb90881-70ee-4b59-9518-5a5d97bf3fe4#0:FAIL-t2
2021-07-15 16:37:14,543 [7fea9b52-1b88-4603-b6bb-6748911f11bf@group-324EC8E43CB0-LeaderElection22] INFO  impl.LeaderElection (LeaderElection.java:askForVotes(308)) - 7fea9b52-1b88-4603-b6bb-6748911f11bf@group-324EC8E43CB0-LeaderElection22 ELECTION round 0: result REJECTED
2021-07-15 16:37:14,543 [7fea9b52-1b88-4603-b6bb-6748911f11bf@group-324EC8E43CB0-LeaderElection22] INFO  server.RaftServer$Division (RaftServerImpl.java:setRole(284)) - 7fea9b52-1b88-4603-b6bb-6748911f11bf@group-324EC8E43CB0: changes role from CANDIDATE to FOLLOWER at term 2 for REJECTED
2021-07-15 16:37:14,543 [7fea9b52-1b88-4603-b6bb-6748911f11bf@group-324EC8E43CB0-LeaderElection22] INFO  impl.RoleInfo (RoleInfo.java:shutdownLeaderElection(121)) - 7fea9b52-1b88-4603-b6bb-6748911f11bf: shutdown 7fea9b52-1b88-4603-b6bb-6748911f11bf@group-324EC8E43CB0-LeaderElection22
2021-07-15 16:37:14,544 [7fea9b52-1b88-4603-b6bb-6748911f11bf@group-324EC8E43CB0-LeaderElection22] INFO  impl.RoleInfo (RoleInfo.java:updateAndGet(130)) - 7fea9b52-1b88-4603-b6bb-6748911f11bf: start 7fea9b52-1b88-4603-b6bb-6748911f11bf@group-324EC8E43CB0-FollowerState
2021-07-15 16:37:14,559 [6394c69b-367f-4a62-9595-acf3eb8c80db@group-4CAFB8AFE6AC->cf7cc385-5ca0-45b1-ac1d-dc278b2e7386-GrpcLogAppender-LogAppenderDaemon] INFO  server.GrpcLogAppender (GrpcLogAppender.java:installSnapshot(524)) - 6394c69b-367f-4a62-9595-acf3eb8c80db@group-4CAFB8AFE6AC->cf7cc385-5ca0-45b1-ac1d-dc278b2e7386-GrpcLogAppender: followerNextIndex = 0 but logStartIndex = 1, notify follower to install snapshot-(t:2, i:1)
2021-07-15 16:37:14,559 [6394c69b-367f-4a62-9595-acf3eb8c80db@group-4CAFB8AFE6AC->cf7cc385-5ca0-45b1-ac1d-dc278b2e7386-GrpcLogAppender-LogAppenderDaemon] INFO  server.GrpcLogAppender (GrpcLogAppender.java:installSnapshot(532)) - 6394c69b-367f-4a62-9595-acf3eb8c80db@group-4CAFB8AFE6AC->cf7cc385-5ca0-45b1-ac1d-dc278b2e7386-GrpcLogAppender: send 6394c69b-367f-4a62-9595-acf3eb8c80db->cf7cc385-5ca0-45b1-ac1d-dc278b2e7386#0-t2,notify:(t:2, i:1)
2021-07-15 16:37:14,567 [grpc-default-executor-1] INFO  server.RaftServer$Division (RaftServerImpl.java:installSnapshot(1328)) - cf7cc385-5ca0-45b1-ac1d-dc278b2e7386@group-4CAFB8AFE6AC: receive installSnapshot: 6394c69b-367f-4a62-9595-acf3eb8c80db->cf7cc385-5ca0-45b1-ac1d-dc278b2e7386#0-t2,notify:(t:2, i:1)
2021-07-15 16:37:14,568 [grpc-default-executor-1] INFO  server.RaftServer$Division (RaftServerImpl.java:notifyStateMachineToInstallSnapshot(1610)) - cf7cc385-5ca0-45b1-ac1d-dc278b2e7386@group-4CAFB8AFE6AC: Snapshot Installation by StateMachine is in progress.
2021-07-15 16:37:14,568 [grpc-default-executor-1] INFO  server.RaftServer$Division (RaftServerImpl.java:installSnapshotImpl(1458)) - cf7cc385-5ca0-45b1-ac1d-dc278b2e7386@group-4CAFB8AFE6AC: set new configuration index: 5
configurationEntry {
  peers {
    id: "6394c69b-367f-4a62-9595-acf3eb8c80db"
    address: "localhost:14048"
  }
  peers {
    id: "3f02e2f7-a9fe-43aa-a16a-2bf2030dc8fd"
    address: "localhost:14058"
  }
}
 from snapshot
2021-07-15 16:37:14,570 [grpc-default-executor-1] INFO  server.RaftServer$Division (ServerState.java:setRaftConf(373)) - cf7cc385-5ca0-45b1-ac1d-dc278b2e7386@group-4CAFB8AFE6AC: set configuration 5: [6394c69b-367f-4a62-9595-acf3eb8c80db|rpc:localhost:14048|admin:|client:|dataStream:|priority:0, 3f02e2f7-a9fe-43aa-a16a-2bf2030dc8fd|rpc:localhost:14058|admin:|client:|dataStream:|priority:0], old=null
2021-07-15 16:37:14,571 [grpc-default-executor-1] INFO  server.RaftServer$Division (RaftServerImpl.java:installSnapshot(1339)) - cf7cc385-5ca0-45b1-ac1d-dc278b2e7386@group-4CAFB8AFE6AC: reply installSnapshot: 6394c69b-367f-4a62-9595-acf3eb8c80db<-cf7cc385-5ca0-45b1-ac1d-dc278b2e7386#0:FAIL-t2,IN_PROGRESS
2021-07-15 16:37:14,575 [grpc-default-executor-1] INFO  server.GrpcServerProtocolService (GrpcServerProtocolService.java:onCompleted(140)) - cf7cc385-5ca0-45b1-ac1d-dc278b2e7386: Completed INSTALL_SNAPSHOT, lastRequest: 6394c69b-367f-4a62-9595-acf3eb8c80db->cf7cc385-5ca0-45b1-ac1d-dc278b2e7386#0-t2,notify:(t:2, i:1)
2021-07-15 16:37:14,578 [grpc-default-executor-1] INFO  server.GrpcLogAppender (GrpcLogAppender.java:onNext(400)) - 6394c69b-367f-4a62-9595-acf3eb8c80db@group-4CAFB8AFE6AC->cf7cc385-5ca0-45b1-ac1d-dc278b2e7386-InstallSnapshotResponseHandler: received a reply 6394c69b-367f-4a62-9595-acf3eb8c80db<-cf7cc385-5ca0-45b1-ac1d-dc278b2e7386#0:FAIL-t2,IN_PROGRESS
2021-07-15 16:37:14,578 [grpc-default-executor-1] INFO  server.GrpcLogAppender (GrpcLogAppender.java:onNext(417)) - 6394c69b-367f-4a62-9595-acf3eb8c80db@group-4CAFB8AFE6AC->cf7cc385-5ca0-45b1-ac1d-dc278b2e7386-InstallSnapshotResponseHandler: InstallSnapshot in progress.
2021-07-15 16:37:14,579 [grpc-default-executor-4] INFO  impl.RoleInfo (RoleInfo.java:updateAndGet(130)) - cf7cc385-5ca0-45b1-ac1d-dc278b2e7386: start cf7cc385-5ca0-45b1-ac1d-dc278b2e7386@group-4CAFB8AFE6AC-FollowerState
2021-07-15 16:37:14,579 [grpc-default-executor-4] INFO  server.RaftServer$Division (RaftServerImpl.java:checkInconsistentAppendEntries(1292)) - cf7cc385-5ca0-45b1-ac1d-dc278b2e7386@group-4CAFB8AFE6AC: Failed appendEntries as snapshot ((t:2, i:1)) installation is in progress
2021-07-15 16:37:14,579 [grpc-default-executor-4] INFO  server.RaftServer$Division (RaftServerImpl.java:checkInconsistentAppendEntries(1284)) - cf7cc385-5ca0-45b1-ac1d-dc278b2e7386@group-4CAFB8AFE6AC: inconsistency entries. Reply:6394c69b-367f-4a62-9595-acf3eb8c80db<-cf7cc385-5ca0-45b1-ac1d-dc278b2e7386#0:FAIL-t2,INCONSISTENCY,nextIndex=0,followerCommit=-1
2021-07-15 16:37:14,583 [6394c69b-367f-4a62-9595-acf3eb8c80db@group-4CAFB8AFE6AC->cf7cc385-5ca0-45b1-ac1d-dc278b2e7386-GrpcLogAppender-LogAppenderDaemon] INFO  server.GrpcLogAppender (GrpcLogAppender.java:installSnapshot(524)) - 6394c69b-367f-4a62-9595-acf3eb8c80db@group-4CAFB8AFE6AC->cf7cc385-5ca0-45b1-ac1d-dc278b2e7386-GrpcLogAppender: followerNextIndex = 0 but logStartIndex = 1, notify follower to install snapshot-(t:2, i:1)
2021-07-15 16:37:14,584 [6394c69b-367f-4a62-9595-acf3eb8c80db@group-4CAFB8AFE6AC->cf7cc385-5ca0-45b1-ac1d-dc278b2e7386-GrpcLogAppender-LogAppenderDaemon] INFO  server.GrpcLogAppender (GrpcLogAppender.java:installSnapshot(532)) - 6394c69b-367f-4a62-9595-acf3eb8c80db@group-4CAFB8AFE6AC->cf7cc385-5ca0-45b1-ac1d-dc278b2e7386-GrpcLogAppender: send 6394c69b-367f-4a62-9595-acf3eb8c80db->cf7cc385-5ca0-45b1-ac1d-dc278b2e7386#0-t2,notify:(t:2, i:1)
2021-07-15 16:37:14,584 [grpc-default-executor-4] INFO  leader.FollowerInfo (FollowerInfoImpl.java:lambda$new$0(46)) - 6394c69b-367f-4a62-9595-acf3eb8c80db@group-4CAFB8AFE6AC->cf7cc385-5ca0-45b1-ac1d-dc278b2e7386: nextIndex: updateUnconditionally 0 -> 0
2021-07-15 16:37:14,586 [grpc-default-executor-4] INFO  server.RaftServer$Division (RaftServerImpl.java:checkInconsistentAppendEntries(1292)) - cf7cc385-5ca0-45b1-ac1d-dc278b2e7386@group-4CAFB8AFE6AC: Failed appendEntries as snapshot ((t:2, i:1)) installation is in progress
2021-07-15 16:37:14,586 [grpc-default-executor-4] INFO  server.RaftServer$Division (RaftServerImpl.java:checkInconsistentAppendEntries(1284)) - cf7cc385-5ca0-45b1-ac1d-dc278b2e7386@group-4CAFB8AFE6AC: inconsistency entries. Reply:6394c69b-367f-4a62-9595-acf3eb8c80db<-cf7cc385-5ca0-45b1-ac1d-dc278b2e7386#1:FAIL-t2,INCONSISTENCY,nextIndex=0,followerCommit=-1
2021-07-15 16:37:14,586 [grpc-default-executor-4] INFO  leader.FollowerInfo (FollowerInfoImpl.java:lambda$new$0(46)) - 6394c69b-367f-4a62-9595-acf3eb8c80db@group-4CAFB8AFE6AC->cf7cc385-5ca0-45b1-ac1d-dc278b2e7386: nextIndex: updateUnconditionally 0 -> 0
2021-07-15 16:37:14,589 [grpc-default-executor-1] INFO  ha.SCMDBCheckpointProvider (SCMDBCheckpointProvider.java:writeDBCheckPointToSream(48)) - Received request to obtain SCM DB checkpoint snapshot
2021-07-15 16:37:14,594 [grpc-default-executor-0] INFO  server.RaftServer$Division (RaftServerImpl.java:installSnapshot(1328)) - cf7cc385-5ca0-45b1-ac1d-dc278b2e7386@group-4CAFB8AFE6AC: receive installSnapshot: 6394c69b-367f-4a62-9595-acf3eb8c80db->cf7cc385-5ca0-45b1-ac1d-dc278b2e7386#0-t2,notify:(t:2, i:1)
2021-07-15 16:37:14,594 [grpc-default-executor-0] INFO  server.RaftServer$Division (RaftServerImpl.java:notifyStateMachineToInstallSnapshot(1610)) - cf7cc385-5ca0-45b1-ac1d-dc278b2e7386@group-4CAFB8AFE6AC: Snapshot Installation by StateMachine is in progress.
2021-07-15 16:37:14,594 [grpc-default-executor-0] INFO  server.RaftServer$Division (RaftServerImpl.java:installSnapshotImpl(1458)) - cf7cc385-5ca0-45b1-ac1d-dc278b2e7386@group-4CAFB8AFE6AC: set new configuration index: 5
configurationEntry {
  peers {
    id: "6394c69b-367f-4a62-9595-acf3eb8c80db"
    address: "localhost:14048"
  }
  peers {
    id: "3f02e2f7-a9fe-43aa-a16a-2bf2030dc8fd"
    address: "localhost:14058"
  }
}
 from snapshot
2021-07-15 16:37:14,594 [grpc-default-executor-0] INFO  server.RaftServer$Division (ServerState.java:setRaftConf(373)) - cf7cc385-5ca0-45b1-ac1d-dc278b2e7386@group-4CAFB8AFE6AC: set configuration 5: [6394c69b-367f-4a62-9595-acf3eb8c80db|rpc:localhost:14048|admin:|client:|dataStream:|priority:0, 3f02e2f7-a9fe-43aa-a16a-2bf2030dc8fd|rpc:localhost:14058|admin:|client:|dataStream:|priority:0], old=null
2021-07-15 16:37:14,595 [grpc-default-executor-0] INFO  server.RaftServer$Division (RaftServerImpl.java:installSnapshot(1339)) - cf7cc385-5ca0-45b1-ac1d-dc278b2e7386@group-4CAFB8AFE6AC: reply installSnapshot: 6394c69b-367f-4a62-9595-acf3eb8c80db<-cf7cc385-5ca0-45b1-ac1d-dc278b2e7386#0:FAIL-t2,IN_PROGRESS
2021-07-15 16:37:14,595 [grpc-default-executor-0] INFO  server.GrpcServerProtocolService (GrpcServerProtocolService.java:onCompleted(140)) - cf7cc385-5ca0-45b1-ac1d-dc278b2e7386: Completed INSTALL_SNAPSHOT, lastRequest: 6394c69b-367f-4a62-9595-acf3eb8c80db->cf7cc385-5ca0-45b1-ac1d-dc278b2e7386#0-t2,notify:(t:2, i:1)
2021-07-15 16:37:14,601 [grpc-default-executor-0] INFO  server.GrpcLogAppender (GrpcLogAppender.java:onNext(400)) - 6394c69b-367f-4a62-9595-acf3eb8c80db@group-4CAFB8AFE6AC->cf7cc385-5ca0-45b1-ac1d-dc278b2e7386-InstallSnapshotResponseHandler: received a reply 6394c69b-367f-4a62-9595-acf3eb8c80db<-cf7cc385-5ca0-45b1-ac1d-dc278b2e7386#0:FAIL-t2,IN_PROGRESS
2021-07-15 16:37:14,601 [grpc-default-executor-0] INFO  server.GrpcLogAppender (GrpcLogAppender.java:onNext(417)) - 6394c69b-367f-4a62-9595-acf3eb8c80db@group-4CAFB8AFE6AC->cf7cc385-5ca0-45b1-ac1d-dc278b2e7386-InstallSnapshotResponseHandler: InstallSnapshot in progress.
2021-07-15 16:37:14,606 [6394c69b-367f-4a62-9595-acf3eb8c80db@group-4CAFB8AFE6AC->cf7cc385-5ca0-45b1-ac1d-dc278b2e7386-GrpcLogAppender-LogAppenderDaemon] INFO  server.GrpcLogAppender (GrpcLogAppender.java:installSnapshot(524)) - 6394c69b-367f-4a62-9595-acf3eb8c80db@group-4CAFB8AFE6AC->cf7cc385-5ca0-45b1-ac1d-dc278b2e7386-GrpcLogAppender: followerNextIndex = 0 but logStartIndex = 1, notify follower to install snapshot-(t:2, i:1)
2021-07-15 16:37:14,606 [6394c69b-367f-4a62-9595-acf3eb8c80db@group-4CAFB8AFE6AC->cf7cc385-5ca0-45b1-ac1d-dc278b2e7386-GrpcLogAppender-LogAppenderDaemon] INFO  server.GrpcLogAppender (GrpcLogAppender.java:installSnapshot(532)) - 6394c69b-367f-4a62-9595-acf3eb8c80db@group-4CAFB8AFE6AC->cf7cc385-5ca0-45b1-ac1d-dc278b2e7386-GrpcLogAppender: send 6394c69b-367f-4a62-9595-acf3eb8c80db->cf7cc385-5ca0-45b1-ac1d-dc278b2e7386#0-t2,notify:(t:2, i:1)
2021-07-15 16:37:14,606 [grpc-default-executor-4] INFO  server.RaftServer$Division (RaftServerImpl.java:checkInconsistentAppendEntries(1292)) - cf7cc385-5ca0-45b1-ac1d-dc278b2e7386@group-4CAFB8AFE6AC: Failed appendEntries as snapshot ((t:2, i:1)) installation is in progress
2021-07-15 16:37:14,606 [grpc-default-executor-4] INFO  server.RaftServer$Division (RaftServerImpl.java:checkInconsistentAppendEntries(1284)) - cf7cc385-5ca0-45b1-ac1d-dc278b2e7386@group-4CAFB8AFE6AC: inconsistency entries. Reply:6394c69b-367f-4a62-9595-acf3eb8c80db<-cf7cc385-5ca0-45b1-ac1d-dc278b2e7386#2:FAIL-t2,INCONSISTENCY,nextIndex=0,followerCommit=-1
2021-07-15 16:37:14,607 [grpc-default-executor-4] INFO  leader.FollowerInfo (FollowerInfoImpl.java:lambda$new$0(46)) - 6394c69b-367f-4a62-9595-acf3eb8c80db@group-4CAFB8AFE6AC->cf7cc385-5ca0-45b1-ac1d-dc278b2e7386: nextIndex: updateUnconditionally 0 -> 0
2021-07-15 16:37:14,610 [grpc-default-executor-4] INFO  server.RaftServer$Division (RaftServerImpl.java:installSnapshot(1328)) - cf7cc385-5ca0-45b1-ac1d-dc278b2e7386@group-4CAFB8AFE6AC: receive installSnapshot: 6394c69b-367f-4a62-9595-acf3eb8c80db->cf7cc385-5ca0-45b1-ac1d-dc278b2e7386#0-t2,notify:(t:2, i:1)
2021-07-15 16:37:14,610 [grpc-default-executor-4] INFO  server.RaftServer$Division (RaftServerImpl.java:notifyStateMachineToInstallSnapshot(1610)) - cf7cc385-5ca0-45b1-ac1d-dc278b2e7386@group-4CAFB8AFE6AC: Snapshot Installation by StateMachine is in progress.
2021-07-15 16:37:14,610 [grpc-default-executor-4] INFO  server.RaftServer$Division (RaftServerImpl.java:installSnapshotImpl(1458)) - cf7cc385-5ca0-45b1-ac1d-dc278b2e7386@group-4CAFB8AFE6AC: set new configuration index: 5
configurationEntry {
  peers {
    id: "6394c69b-367f-4a62-9595-acf3eb8c80db"
    address: "localhost:14048"
  }
  peers {
    id: "3f02e2f7-a9fe-43aa-a16a-2bf2030dc8fd"
    address: "localhost:14058"
  }
}
 from snapshot
2021-07-15 16:37:14,610 [grpc-default-executor-4] INFO  server.RaftServer$Division (ServerState.java:setRaftConf(373)) - cf7cc385-5ca0-45b1-ac1d-dc278b2e7386@group-4CAFB8AFE6AC: set configuration 5: [6394c69b-367f-4a62-9595-acf3eb8c80db|rpc:localhost:14048|admin:|client:|dataStream:|priority:0, 3f02e2f7-a9fe-43aa-a16a-2bf2030dc8fd|rpc:localhost:14058|admin:|client:|dataStream:|priority:0], old=null
2021-07-15 16:37:14,610 [grpc-default-executor-4] INFO  server.RaftServer$Division (RaftServerImpl.java:installSnapshot(1339)) - cf7cc385-5ca0-45b1-ac1d-dc278b2e7386@group-4CAFB8AFE6AC: reply installSnapshot: 6394c69b-367f-4a62-9595-acf3eb8c80db<-cf7cc385-5ca0-45b1-ac1d-dc278b2e7386#0:FAIL-t2,IN_PROGRESS
2021-07-15 16:37:14,611 [grpc-default-executor-4] INFO  server.GrpcServerProtocolService (GrpcServerProtocolService.java:onCompleted(140)) - cf7cc385-5ca0-45b1-ac1d-dc278b2e7386: Completed INSTALL_SNAPSHOT, lastRequest: 6394c69b-367f-4a62-9595-acf3eb8c80db->cf7cc385-5ca0-45b1-ac1d-dc278b2e7386#0-t2,notify:(t:2, i:1)
2021-07-15 16:37:14,611 [grpc-default-executor-0] INFO  server.GrpcLogAppender (GrpcLogAppender.java:onNext(400)) - 6394c69b-367f-4a62-9595-acf3eb8c80db@group-4CAFB8AFE6AC->cf7cc385-5ca0-45b1-ac1d-dc278b2e7386-InstallSnapshotResponseHandler: received a reply 6394c69b-367f-4a62-9595-acf3eb8c80db<-cf7cc385-5ca0-45b1-ac1d-dc278b2e7386#0:FAIL-t2,IN_PROGRESS
2021-07-15 16:37:14,611 [grpc-default-executor-0] INFO  server.GrpcLogAppender (GrpcLogAppender.java:onNext(417)) - 6394c69b-367f-4a62-9595-acf3eb8c80db@group-4CAFB8AFE6AC->cf7cc385-5ca0-45b1-ac1d-dc278b2e7386-InstallSnapshotResponseHandler: InstallSnapshot in progress.
2021-07-15 16:37:14,609 [grpc-default-executor-1] INFO  db.RDBCheckpointManager (RDBCheckpointManager.java:createCheckpoint(86)) - Created checkpoint at /home/runner/work/ozone/ozone/mnt/ozone/hadoop-ozone/integration-test/target/test-dir/MiniOzoneClusterImpl-8ef06965-d5c9-44f0-9cd1-4cafb8afe6ac/scmNode-1/db.checkpoints/scm.db_checkpoint_1626367034594 in 15 milliseconds
2021-07-15 16:37:14,613 [6394c69b-367f-4a62-9595-acf3eb8c80db@group-4CAFB8AFE6AC->cf7cc385-5ca0-45b1-ac1d-dc278b2e7386-GrpcLogAppender-LogAppenderDaemon] INFO  server.GrpcLogAppender (GrpcLogAppender.java:installSnapshot(524)) - 6394c69b-367f-4a62-9595-acf3eb8c80db@group-4CAFB8AFE6AC->cf7cc385-5ca0-45b1-ac1d-dc278b2e7386-GrpcLogAppender: followerNextIndex = 0 but logStartIndex = 1, notify follower to install snapshot-(t:2, i:1)
2021-07-15 16:37:14,613 [6394c69b-367f-4a62-9595-acf3eb8c80db@group-4CAFB8AFE6AC->cf7cc385-5ca0-45b1-ac1d-dc278b2e7386-GrpcLogAppender-LogAppenderDaemon] INFO  server.GrpcLogAppender (GrpcLogAppender.java:installSnapshot(532)) - 6394c69b-367f-4a62-9595-acf3eb8c80db@group-4CAFB8AFE6AC->cf7cc385-5ca0-45b1-ac1d-dc278b2e7386-GrpcLogAppender: send 6394c69b-367f-4a62-9595-acf3eb8c80db->cf7cc385-5ca0-45b1-ac1d-dc278b2e7386#0-t2,notify:(t:2, i:1)
2021-07-15 16:37:14,614 [grpc-default-executor-4] INFO  server.RaftServer$Division (RaftServerImpl.java:checkInconsistentAppendEntries(1292)) - cf7cc385-5ca0-45b1-ac1d-dc278b2e7386@group-4CAFB8AFE6AC: Failed appendEntries as snapshot ((t:2, i:1)) installation is in progress
2021-07-15 16:37:14,614 [grpc-default-executor-4] INFO  server.RaftServer$Division (RaftServerImpl.java:checkInconsistentAppendEntries(1284)) - cf7cc385-5ca0-45b1-ac1d-dc278b2e7386@group-4CAFB8AFE6AC: inconsistency entries. Reply:6394c69b-367f-4a62-9595-acf3eb8c80db<-cf7cc385-5ca0-45b1-ac1d-dc278b2e7386#3:FAIL-t2,INCONSISTENCY,nextIndex=0,followerCommit=-1
2021-07-15 16:37:14,615 [grpc-default-executor-4] INFO  leader.FollowerInfo (FollowerInfoImpl.java:lambda$new$0(46)) - 6394c69b-367f-4a62-9595-acf3eb8c80db@group-4CAFB8AFE6AC->cf7cc385-5ca0-45b1-ac1d-dc278b2e7386: nextIndex: updateUnconditionally 0 -> 0
2021-07-15 16:37:14,615 [grpc-default-executor-1] INFO  ha.SCMGrpcOutputStream (SCMGrpcOutputStream.java:close(111)) - Sent 5546 bytes for cluster 8ef06965-d5c9-44f0-9cd1-4cafb8afe6ac
2021-07-15 16:37:14,617 [grpc-default-executor-0] INFO  server.RaftServer$Division (RaftServerImpl.java:installSnapshot(1328)) - cf7cc385-5ca0-45b1-ac1d-dc278b2e7386@group-4CAFB8AFE6AC: receive installSnapshot: 6394c69b-367f-4a62-9595-acf3eb8c80db->cf7cc385-5ca0-45b1-ac1d-dc278b2e7386#0-t2,notify:(t:2, i:1)
2021-07-15 16:37:14,617 [grpc-default-executor-1] INFO  ha.SCMDBCheckpointProvider (SCMDBCheckpointProvider.java:writeDBCheckPointToSream(73)) - Time taken to write the checkpoint to response output stream: 4 milliseconds
2021-07-15 16:37:14,617 [grpc-default-executor-0] INFO  server.RaftServer$Division (RaftServerImpl.java:notifyStateMachineToInstallSnapshot(1610)) - cf7cc385-5ca0-45b1-ac1d-dc278b2e7386@group-4CAFB8AFE6AC: Snapshot Installation by StateMachine is in progress.
2021-07-15 16:37:14,617 [grpc-default-executor-0] INFO  server.RaftServer$Division (RaftServerImpl.java:installSnapshotImpl(1458)) - cf7cc385-5ca0-45b1-ac1d-dc278b2e7386@group-4CAFB8AFE6AC: set new configuration index: 5
configurationEntry {
  peers {
    id: "6394c69b-367f-4a62-9595-acf3eb8c80db"
    address: "localhost:14048"
  }
  peers {
    id: "3f02e2f7-a9fe-43aa-a16a-2bf2030dc8fd"
    address: "localhost:14058"
  }
}
 from snapshot
2021-07-15 16:37:14,617 [grpc-default-executor-0] INFO  server.RaftServer$Division (ServerState.java:setRaftConf(373)) - cf7cc385-5ca0-45b1-ac1d-dc278b2e7386@group-4CAFB8AFE6AC: set configuration 5: [6394c69b-367f-4a62-9595-acf3eb8c80db|rpc:localhost:14048|admin:|client:|dataStream:|priority:0, 3f02e2f7-a9fe-43aa-a16a-2bf2030dc8fd|rpc:localhost:14058|admin:|client:|dataStream:|priority:0], old=null
2021-07-15 16:37:14,618 [grpc-default-executor-0] INFO  server.RaftServer$Division (RaftServerImpl.java:installSnapshot(1339)) - cf7cc385-5ca0-45b1-ac1d-dc278b2e7386@group-4CAFB8AFE6AC: reply installSnapshot: 6394c69b-367f-4a62-9595-acf3eb8c80db<-cf7cc385-5ca0-45b1-ac1d-dc278b2e7386#0:FAIL-t2,IN_PROGRESS
2021-07-15 16:37:14,618 [grpc-default-executor-0] INFO  server.GrpcServerProtocolService (GrpcServerProtocolService.java:onCompleted(140)) - cf7cc385-5ca0-45b1-ac1d-dc278b2e7386: Completed INSTALL_SNAPSHOT, lastRequest: 6394c69b-367f-4a62-9595-acf3eb8c80db->cf7cc385-5ca0-45b1-ac1d-dc278b2e7386#0-t2,notify:(t:2, i:1)
2021-07-15 16:37:14,617 [grpc-default-executor-1] INFO  db.RocksDBCheckpoint (RocksDBCheckpoint.java:cleanupCheckpoint(78)) - Cleaning up RocksDB checkpoint at /home/runner/work/ozone/ozone/mnt/ozone/hadoop-ozone/integration-test/target/test-dir/MiniOzoneClusterImpl-8ef06965-d5c9-44f0-9cd1-4cafb8afe6ac/scmNode-1/db.checkpoints/scm.db_checkpoint_1626367034594
2021-07-15 16:37:14,623 [grpc-default-executor-4] INFO  ha.InterSCMGrpcClient (InterSCMGrpcClient.java:onCompleted(170)) - Checkpoint is downloaded to /home/runner/work/ozone/ozone/mnt/ozone/hadoop-ozone/integration-test/target/test-dir/MiniOzoneClusterImpl-8ef06965-d5c9-44f0-9cd1-4cafb8afe6ac/scmNode-3/snapshot/scm.db-scmNode-1-1626367034543.tar.gz
2021-07-15 16:37:14,624 [grpc-default-executor-4] INFO  server.GrpcLogAppender (GrpcLogAppender.java:onNext(400)) - 6394c69b-367f-4a62-9595-acf3eb8c80db@group-4CAFB8AFE6AC->cf7cc385-5ca0-45b1-ac1d-dc278b2e7386-InstallSnapshotResponseHandler: received a reply 6394c69b-367f-4a62-9595-acf3eb8c80db<-cf7cc385-5ca0-45b1-ac1d-dc278b2e7386#0:FAIL-t2,IN_PROGRESS
2021-07-15 16:37:14,624 [grpc-default-executor-4] INFO  server.GrpcLogAppender (GrpcLogAppender.java:onNext(417)) - 6394c69b-367f-4a62-9595-acf3eb8c80db@group-4CAFB8AFE6AC->cf7cc385-5ca0-45b1-ac1d-dc278b2e7386-InstallSnapshotResponseHandler: InstallSnapshot in progress.
2021-07-15 16:37:14,627 [6394c69b-367f-4a62-9595-acf3eb8c80db@group-4CAFB8AFE6AC->cf7cc385-5ca0-45b1-ac1d-dc278b2e7386-GrpcLogAppender-LogAppenderDaemon] INFO  server.GrpcLogAppender (GrpcLogAppender.java:installSnapshot(524)) - 6394c69b-367f-4a62-9595-acf3eb8c80db@group-4CAFB8AFE6AC->cf7cc385-5ca0-45b1-ac1d-dc278b2e7386-GrpcLogAppender: followerNextIndex = 0 but logStartIndex = 1, notify follower to install snapshot-(t:2, i:1)
2021-07-15 16:37:14,627 [6394c69b-367f-4a62-9595-acf3eb8c80db@group-4CAFB8AFE6AC->cf7cc385-5ca0-45b1-ac1d-dc278b2e7386-GrpcLogAppender-LogAppenderDaemon] INFO  server.GrpcLogAppender (GrpcLogAppender.java:installSnapshot(532)) - 6394c69b-367f-4a62-9595-acf3eb8c80db@group-4CAFB8AFE6AC->cf7cc385-5ca0-45b1-ac1d-dc278b2e7386-GrpcLogAppender: send 6394c69b-367f-4a62-9595-acf3eb8c80db->cf7cc385-5ca0-45b1-ac1d-dc278b2e7386#0-t2,notify:(t:2, i:1)
2021-07-15 16:37:14,628 [grpc-default-executor-4] INFO  server.RaftServer$Division (RaftServerImpl.java:checkInconsistentAppendEntries(1292)) - cf7cc385-5ca0-45b1-ac1d-dc278b2e7386@group-4CAFB8AFE6AC: Failed appendEntries as snapshot ((t:2, i:1)) installation is in progress
2021-07-15 16:37:14,628 [grpc-default-executor-4] INFO  server.RaftServer$Division (RaftServerImpl.java:checkInconsistentAppendEntries(1284)) - cf7cc385-5ca0-45b1-ac1d-dc278b2e7386@group-4CAFB8AFE6AC: inconsistency entries. Reply:6394c69b-367f-4a62-9595-acf3eb8c80db<-cf7cc385-5ca0-45b1-ac1d-dc278b2e7386#4:FAIL-t2,INCONSISTENCY,nextIndex=0,followerCommit=-1
2021-07-15 16:37:14,630 [grpc-default-executor-0] INFO  leader.FollowerInfo (FollowerInfoImpl.java:lambda$new$0(46)) - 6394c69b-367f-4a62-9595-acf3eb8c80db@group-4CAFB8AFE6AC->cf7cc385-5ca0-45b1-ac1d-dc278b2e7386: nextIndex: updateUnconditionally 0 -> 0
2021-07-15 16:37:14,630 [grpc-default-executor-4] INFO  server.RaftServer$Division (RaftServerImpl.java:installSnapshot(1328)) - cf7cc385-5ca0-45b1-ac1d-dc278b2e7386@group-4CAFB8AFE6AC: receive installSnapshot: 6394c69b-367f-4a62-9595-acf3eb8c80db->cf7cc385-5ca0-45b1-ac1d-dc278b2e7386#0-t2,notify:(t:2, i:1)
2021-07-15 16:37:14,630 [grpc-default-executor-4] INFO  server.RaftServer$Division (RaftServerImpl.java:notifyStateMachineToInstallSnapshot(1610)) - cf7cc385-5ca0-45b1-ac1d-dc278b2e7386@group-4CAFB8AFE6AC: Snapshot Installation by StateMachine is in progress.
2021-07-15 16:37:14,630 [grpc-default-executor-4] INFO  server.RaftServer$Division (RaftServerImpl.java:installSnapshotImpl(1458)) - cf7cc385-5ca0-45b1-ac1d-dc278b2e7386@group-4CAFB8AFE6AC: set new configuration index: 5
configurationEntry {
  peers {
    id: "6394c69b-367f-4a62-9595-acf3eb8c80db"
    address: "localhost:14048"
  }
  peers {
    id: "3f02e2f7-a9fe-43aa-a16a-2bf2030dc8fd"
    address: "localhost:14058"
  }
}
 from snapshot
2021-07-15 16:37:14,631 [grpc-default-executor-4] INFO  server.RaftServer$Division (ServerState.java:setRaftConf(373)) - cf7cc385-5ca0-45b1-ac1d-dc278b2e7386@group-4CAFB8AFE6AC: set configuration 5: [6394c69b-367f-4a62-9595-acf3eb8c80db|rpc:localhost:14048|admin:|client:|dataStream:|priority:0, 3f02e2f7-a9fe-43aa-a16a-2bf2030dc8fd|rpc:localhost:14058|admin:|client:|dataStream:|priority:0], old=null
2021-07-15 16:37:14,631 [grpc-default-executor-4] INFO  server.RaftServer$Division (RaftServerImpl.java:installSnapshot(1339)) - cf7cc385-5ca0-45b1-ac1d-dc278b2e7386@group-4CAFB8AFE6AC: reply installSnapshot: 6394c69b-367f-4a62-9595-acf3eb8c80db<-cf7cc385-5ca0-45b1-ac1d-dc278b2e7386#0:FAIL-t2,IN_PROGRESS
2021-07-15 16:37:14,631 [grpc-default-executor-4] INFO  server.GrpcServerProtocolService (GrpcServerProtocolService.java:onCompleted(140)) - cf7cc385-5ca0-45b1-ac1d-dc278b2e7386: Completed INSTALL_SNAPSHOT, lastRequest: 6394c69b-367f-4a62-9595-acf3eb8c80db->cf7cc385-5ca0-45b1-ac1d-dc278b2e7386#0-t2,notify:(t:2, i:1)
2021-07-15 16:37:14,632 [grpc-default-executor-0] INFO  server.GrpcLogAppender (GrpcLogAppender.java:onNext(400)) - 6394c69b-367f-4a62-9595-acf3eb8c80db@group-4CAFB8AFE6AC->cf7cc385-5ca0-45b1-ac1d-dc278b2e7386-InstallSnapshotResponseHandler: received a reply 6394c69b-367f-4a62-9595-acf3eb8c80db<-cf7cc385-5ca0-45b1-ac1d-dc278b2e7386#0:FAIL-t2,IN_PROGRESS
2021-07-15 16:37:14,632 [grpc-default-executor-0] INFO  server.GrpcLogAppender (GrpcLogAppender.java:onNext(417)) - 6394c69b-367f-4a62-9595-acf3eb8c80db@group-4CAFB8AFE6AC->cf7cc385-5ca0-45b1-ac1d-dc278b2e7386-InstallSnapshotResponseHandler: InstallSnapshot in progress.
2021-07-15 16:37:14,634 [6394c69b-367f-4a62-9595-acf3eb8c80db@group-4CAFB8AFE6AC->cf7cc385-5ca0-45b1-ac1d-dc278b2e7386-GrpcLogAppender-LogAppenderDaemon] INFO  server.GrpcLogAppender (GrpcLogAppender.java:installSnapshot(524)) - 6394c69b-367f-4a62-9595-acf3eb8c80db@group-4CAFB8AFE6AC->cf7cc385-5ca0-45b1-ac1d-dc278b2e7386-GrpcLogAppender: followerNextIndex = 0 but logStartIndex = 1, notify follower to install snapshot-(t:2, i:1)
2021-07-15 16:37:14,634 [6394c69b-367f-4a62-9595-acf3eb8c80db@group-4CAFB8AFE6AC->cf7cc385-5ca0-45b1-ac1d-dc278b2e7386-GrpcLogAppender-LogAppenderDaemon] INFO  server.GrpcLogAppender (GrpcLogAppender.java:installSnapshot(532)) - 6394c69b-367f-4a62-9595-acf3eb8c80db@group-4CAFB8AFE6AC->cf7cc385-5ca0-45b1-ac1d-dc278b2e7386-GrpcLogAppender: send 6394c69b-367f-4a62-9595-acf3eb8c80db->cf7cc385-5ca0-45b1-ac1d-dc278b2e7386#0-t2,notify:(t:2, i:1)
2021-07-15 16:37:14,643 [pool-216-thread-1] INFO  ha.SCMSnapshotProvider (SCMSnapshotProvider.java:getSCMDBSnapshot(130)) - Successfully downloaded latest checkpoint from leader SCM: scmNode-1 path /home/runner/work/ozone/ozone/mnt/ozone/hadoop-ozone/integration-test/target/test-dir/MiniOzoneClusterImpl-8ef06965-d5c9-44f0-9cd1-4cafb8afe6ac/scmNode-3/snapshot/scm.db-scmNode-1-1626367034543
2021-07-15 16:37:14,643 [pool-216-thread-1] INFO  ha.SCMHAManagerImpl (SCMHAManagerImpl.java:downloadCheckpointFromLeader(158)) - Downloaded checkpoint from Leader scmNode-1 to the location /home/runner/work/ozone/ozone/mnt/ozone/hadoop-ozone/integration-test/target/test-dir/MiniOzoneClusterImpl-8ef06965-d5c9-44f0-9cd1-4cafb8afe6ac/scmNode-3/snapshot/scm.db-scmNode-1-1626367034543
2021-07-15 16:37:14,644 [grpc-default-executor-1] INFO  server.RaftServer$Division (RaftServerImpl.java:checkInconsistentAppendEntries(1292)) - cf7cc385-5ca0-45b1-ac1d-dc278b2e7386@group-4CAFB8AFE6AC: Failed appendEntries as snapshot ((t:2, i:1)) installation is in progress
2021-07-15 16:37:14,644 [grpc-default-executor-1] INFO  server.RaftServer$Division (RaftServerImpl.java:checkInconsistentAppendEntries(1284)) - cf7cc385-5ca0-45b1-ac1d-dc278b2e7386@group-4CAFB8AFE6AC: inconsistency entries. Reply:6394c69b-367f-4a62-9595-acf3eb8c80db<-cf7cc385-5ca0-45b1-ac1d-dc278b2e7386#5:FAIL-t2,INCONSISTENCY,nextIndex=0,followerCommit=-1
2021-07-15 16:37:14,653 [grpc-default-executor-0] INFO  server.RaftServer$Division (RaftServerImpl.java:installSnapshot(1328)) - cf7cc385-5ca0-45b1-ac1d-dc278b2e7386@group-4CAFB8AFE6AC: receive installSnapshot: 6394c69b-367f-4a62-9595-acf3eb8c80db->cf7cc385-5ca0-45b1-ac1d-dc278b2e7386#0-t2,notify:(t:2, i:1)
2021-07-15 16:37:14,654 [grpc-default-executor-0] INFO  server.RaftServer$Division (RaftServerImpl.java:notifyStateMachineToInstallSnapshot(1610)) - cf7cc385-5ca0-45b1-ac1d-dc278b2e7386@group-4CAFB8AFE6AC: Snapshot Installation by StateMachine is in progress.
2021-07-15 16:37:14,654 [grpc-default-executor-1] INFO  leader.FollowerInfo (FollowerInfoImpl.java:lambda$new$0(46)) - 6394c69b-367f-4a62-9595-acf3eb8c80db@group-4CAFB8AFE6AC->cf7cc385-5ca0-45b1-ac1d-dc278b2e7386: nextIndex: updateUnconditionally 0 -> 0
2021-07-15 16:37:14,655 [grpc-default-executor-0] INFO  server.RaftServer$Division (RaftServerImpl.java:installSnapshotImpl(1458)) - cf7cc385-5ca0-45b1-ac1d-dc278b2e7386@group-4CAFB8AFE6AC: set new configuration index: 5
configurationEntry {
  peers {
    id: "6394c69b-367f-4a62-9595-acf3eb8c80db"
    address: "localhost:14048"
  }
  peers {
    id: "3f02e2f7-a9fe-43aa-a16a-2bf2030dc8fd"
    address: "localhost:14058"
  }
}
 from snapshot
2021-07-15 16:37:14,655 [grpc-default-executor-0] INFO  server.RaftServer$Division (ServerState.java:setRaftConf(373)) - cf7cc385-5ca0-45b1-ac1d-dc278b2e7386@group-4CAFB8AFE6AC: set configuration 5: [6394c69b-367f-4a62-9595-acf3eb8c80db|rpc:localhost:14048|admin:|client:|dataStream:|priority:0, 3f02e2f7-a9fe-43aa-a16a-2bf2030dc8fd|rpc:localhost:14058|admin:|client:|dataStream:|priority:0], old=null
2021-07-15 16:37:14,656 [grpc-default-executor-0] INFO  server.RaftServer$Division (RaftServerImpl.java:installSnapshot(1339)) - cf7cc385-5ca0-45b1-ac1d-dc278b2e7386@group-4CAFB8AFE6AC: reply installSnapshot: 6394c69b-367f-4a62-9595-acf3eb8c80db<-cf7cc385-5ca0-45b1-ac1d-dc278b2e7386#0:FAIL-t2,IN_PROGRESS
2021-07-15 16:37:14,656 [grpc-default-executor-0] INFO  server.GrpcServerProtocolService (GrpcServerProtocolService.java:onCompleted(140)) - cf7cc385-5ca0-45b1-ac1d-dc278b2e7386: Completed INSTALL_SNAPSHOT, lastRequest: 6394c69b-367f-4a62-9595-acf3eb8c80db->cf7cc385-5ca0-45b1-ac1d-dc278b2e7386#0-t2,notify:(t:2, i:1)
2021-07-15 16:37:14,657 [grpc-default-executor-1] INFO  server.GrpcLogAppender (GrpcLogAppender.java:onNext(400)) - 6394c69b-367f-4a62-9595-acf3eb8c80db@group-4CAFB8AFE6AC->cf7cc385-5ca0-45b1-ac1d-dc278b2e7386-InstallSnapshotResponseHandler: received a reply 6394c69b-367f-4a62-9595-acf3eb8c80db<-cf7cc385-5ca0-45b1-ac1d-dc278b2e7386#0:FAIL-t2,IN_PROGRESS
2021-07-15 16:37:14,657 [grpc-default-executor-1] INFO  server.GrpcLogAppender (GrpcLogAppender.java:onNext(417)) - 6394c69b-367f-4a62-9595-acf3eb8c80db@group-4CAFB8AFE6AC->cf7cc385-5ca0-45b1-ac1d-dc278b2e7386-InstallSnapshotResponseHandler: InstallSnapshot in progress.
2021-07-15 16:37:14,658 [6394c69b-367f-4a62-9595-acf3eb8c80db@group-4CAFB8AFE6AC->cf7cc385-5ca0-45b1-ac1d-dc278b2e7386-GrpcLogAppender-LogAppenderDaemon] INFO  server.GrpcLogAppender (GrpcLogAppender.java:installSnapshot(524)) - 6394c69b-367f-4a62-9595-acf3eb8c80db@group-4CAFB8AFE6AC->cf7cc385-5ca0-45b1-ac1d-dc278b2e7386-GrpcLogAppender: followerNextIndex = 0 but logStartIndex = 1, notify follower to install snapshot-(t:2, i:1)
2021-07-15 16:37:14,658 [6394c69b-367f-4a62-9595-acf3eb8c80db@group-4CAFB8AFE6AC->cf7cc385-5ca0-45b1-ac1d-dc278b2e7386-GrpcLogAppender-LogAppenderDaemon] INFO  server.GrpcLogAppender (GrpcLogAppender.java:installSnapshot(532)) - 6394c69b-367f-4a62-9595-acf3eb8c80db@group-4CAFB8AFE6AC->cf7cc385-5ca0-45b1-ac1d-dc278b2e7386-GrpcLogAppender: send 6394c69b-367f-4a62-9595-acf3eb8c80db->cf7cc385-5ca0-45b1-ac1d-dc278b2e7386#0-t2,notify:(t:2, i:1)
2021-07-15 16:37:14,660 [grpc-default-executor-4] INFO  server.RaftServer$Division (RaftServerImpl.java:checkInconsistentAppendEntries(1292)) - cf7cc385-5ca0-45b1-ac1d-dc278b2e7386@group-4CAFB8AFE6AC: Failed appendEntries as snapshot ((t:2, i:1)) installation is in progress
2021-07-15 16:37:14,660 [grpc-default-executor-4] INFO  server.RaftServer$Division (RaftServerImpl.java:checkInconsistentAppendEntries(1284)) - cf7cc385-5ca0-45b1-ac1d-dc278b2e7386@group-4CAFB8AFE6AC: inconsistency entries. Reply:6394c69b-367f-4a62-9595-acf3eb8c80db<-cf7cc385-5ca0-45b1-ac1d-dc278b2e7386#6:FAIL-t2,INCONSISTENCY,nextIndex=0,followerCommit=-1
2021-07-15 16:37:14,660 [grpc-default-executor-4] INFO  leader.FollowerInfo (FollowerInfoImpl.java:lambda$new$0(46)) - 6394c69b-367f-4a62-9595-acf3eb8c80db@group-4CAFB8AFE6AC->cf7cc385-5ca0-45b1-ac1d-dc278b2e7386: nextIndex: updateUnconditionally 0 -> 0
2021-07-15 16:37:14,662 [grpc-default-executor-0] INFO  server.RaftServer$Division (RaftServerImpl.java:installSnapshot(1328)) - cf7cc385-5ca0-45b1-ac1d-dc278b2e7386@group-4CAFB8AFE6AC: receive installSnapshot: 6394c69b-367f-4a62-9595-acf3eb8c80db->cf7cc385-5ca0-45b1-ac1d-dc278b2e7386#0-t2,notify:(t:2, i:1)
2021-07-15 16:37:14,662 [grpc-default-executor-0] INFO  server.RaftServer$Division (RaftServerImpl.java:notifyStateMachineToInstallSnapshot(1610)) - cf7cc385-5ca0-45b1-ac1d-dc278b2e7386@group-4CAFB8AFE6AC: Snapshot Installation by StateMachine is in progress.
2021-07-15 16:37:14,662 [grpc-default-executor-0] INFO  server.RaftServer$Division (RaftServerImpl.java:installSnapshotImpl(1458)) - cf7cc385-5ca0-45b1-ac1d-dc278b2e7386@group-4CAFB8AFE6AC: set new configuration index: 5
configurationEntry {
  peers {
    id: "6394c69b-367f-4a62-9595-acf3eb8c80db"
    address: "localhost:14048"
  }
  peers {
    id: "3f02e2f7-a9fe-43aa-a16a-2bf2030dc8fd"
    address: "localhost:14058"
  }
}
 from snapshot
2021-07-15 16:37:14,662 [grpc-default-executor-0] INFO  server.RaftServer$Division (ServerState.java:setRaftConf(373)) - cf7cc385-5ca0-45b1-ac1d-dc278b2e7386@group-4CAFB8AFE6AC: set configuration 5: [6394c69b-367f-4a62-9595-acf3eb8c80db|rpc:localhost:14048|admin:|client:|dataStream:|priority:0, 3f02e2f7-a9fe-43aa-a16a-2bf2030dc8fd|rpc:localhost:14058|admin:|client:|dataStream:|priority:0], old=null
2021-07-15 16:37:14,662 [grpc-default-executor-0] INFO  server.RaftServer$Division (RaftServerImpl.java:installSnapshot(1339)) - cf7cc385-5ca0-45b1-ac1d-dc278b2e7386@group-4CAFB8AFE6AC: reply installSnapshot: 6394c69b-367f-4a62-9595-acf3eb8c80db<-cf7cc385-5ca0-45b1-ac1d-dc278b2e7386#0:FAIL-t2,IN_PROGRESS
2021-07-15 16:37:14,663 [grpc-default-executor-0] INFO  server.GrpcServerProtocolService (GrpcServerProtocolService.java:onCompleted(140)) - cf7cc385-5ca0-45b1-ac1d-dc278b2e7386: Completed INSTALL_SNAPSHOT, lastRequest: 6394c69b-367f-4a62-9595-acf3eb8c80db->cf7cc385-5ca0-45b1-ac1d-dc278b2e7386#0-t2,notify:(t:2, i:1)
2021-07-15 16:37:14,663 [grpc-default-executor-0] INFO  server.GrpcLogAppender (GrpcLogAppender.java:onNext(400)) - 6394c69b-367f-4a62-9595-acf3eb8c80db@group-4CAFB8AFE6AC->cf7cc385-5ca0-45b1-ac1d-dc278b2e7386-InstallSnapshotResponseHandler: received a reply 6394c69b-367f-4a62-9595-acf3eb8c80db<-cf7cc385-5ca0-45b1-ac1d-dc278b2e7386#0:FAIL-t2,IN_PROGRESS
2021-07-15 16:37:14,663 [grpc-default-executor-0] INFO  server.GrpcLogAppender (GrpcLogAppender.java:onNext(417)) - 6394c69b-367f-4a62-9595-acf3eb8c80db@group-4CAFB8AFE6AC->cf7cc385-5ca0-45b1-ac1d-dc278b2e7386-InstallSnapshotResponseHandler: InstallSnapshot in progress.
2021-07-15 16:37:14,667 [6394c69b-367f-4a62-9595-acf3eb8c80db@group-4CAFB8AFE6AC->cf7cc385-5ca0-45b1-ac1d-dc278b2e7386-GrpcLogAppender-LogAppenderDaemon] INFO  server.GrpcLogAppender (GrpcLogAppender.java:installSnapshot(524)) - 6394c69b-367f-4a62-9595-acf3eb8c80db@group-4CAFB8AFE6AC->cf7cc385-5ca0-45b1-ac1d-dc278b2e7386-GrpcLogAppender: followerNextIndex = 0 but logStartIndex = 1, notify follower to install snapshot-(t:2, i:1)
2021-07-15 16:37:14,667 [6394c69b-367f-4a62-9595-acf3eb8c80db@group-4CAFB8AFE6AC->cf7cc385-5ca0-45b1-ac1d-dc278b2e7386-GrpcLogAppender-LogAppenderDaemon] INFO  server.GrpcLogAppender (GrpcLogAppender.java:installSnapshot(532)) - 6394c69b-367f-4a62-9595-acf3eb8c80db@group-4CAFB8AFE6AC->cf7cc385-5ca0-45b1-ac1d-dc278b2e7386-GrpcLogAppender: send 6394c69b-367f-4a62-9595-acf3eb8c80db->cf7cc385-5ca0-45b1-ac1d-dc278b2e7386#0-t2,notify:(t:2, i:1)
2021-07-15 16:37:14,668 [grpc-default-executor-1] INFO  server.RaftServer$Division (RaftServerImpl.java:checkInconsistentAppendEntries(1292)) - cf7cc385-5ca0-45b1-ac1d-dc278b2e7386@group-4CAFB8AFE6AC: Failed appendEntries as snapshot ((t:2, i:1)) installation is in progress
2021-07-15 16:37:14,668 [grpc-default-executor-1] INFO  server.RaftServer$Division (RaftServerImpl.java:checkInconsistentAppendEntries(1284)) - cf7cc385-5ca0-45b1-ac1d-dc278b2e7386@group-4CAFB8AFE6AC: inconsistency entries. Reply:6394c69b-367f-4a62-9595-acf3eb8c80db<-cf7cc385-5ca0-45b1-ac1d-dc278b2e7386#7:FAIL-t2,INCONSISTENCY,nextIndex=0,followerCommit=-1
2021-07-15 16:37:14,668 [grpc-default-executor-1] INFO  leader.FollowerInfo (FollowerInfoImpl.java:lambda$new$0(46)) - 6394c69b-367f-4a62-9595-acf3eb8c80db@group-4CAFB8AFE6AC->cf7cc385-5ca0-45b1-ac1d-dc278b2e7386: nextIndex: updateUnconditionally 0 -> 0
2021-07-15 16:37:14,676 [grpc-default-executor-4] INFO  server.RaftServer$Division (RaftServerImpl.java:installSnapshot(1328)) - cf7cc385-5ca0-45b1-ac1d-dc278b2e7386@group-4CAFB8AFE6AC: receive installSnapshot: 6394c69b-367f-4a62-9595-acf3eb8c80db->cf7cc385-5ca0-45b1-ac1d-dc278b2e7386#0-t2,notify:(t:2, i:1)
2021-07-15 16:37:14,676 [grpc-default-executor-4] INFO  server.RaftServer$Division (RaftServerImpl.java:notifyStateMachineToInstallSnapshot(1610)) - cf7cc385-5ca0-45b1-ac1d-dc278b2e7386@group-4CAFB8AFE6AC: Snapshot Installation by StateMachine is in progress.
2021-07-15 16:37:14,676 [grpc-default-executor-4] INFO  server.RaftServer$Division (RaftServerImpl.java:installSnapshotImpl(1458)) - cf7cc385-5ca0-45b1-ac1d-dc278b2e7386@group-4CAFB8AFE6AC: set new configuration index: 5
configurationEntry {
  peers {
    id: "6394c69b-367f-4a62-9595-acf3eb8c80db"
    address: "localhost:14048"
  }
  peers {
    id: "3f02e2f7-a9fe-43aa-a16a-2bf2030dc8fd"
    address: "localhost:14058"
  }
}
 from snapshot
2021-07-15 16:37:14,676 [grpc-default-executor-4] INFO  server.RaftServer$Division (ServerState.java:setRaftConf(373)) - cf7cc385-5ca0-45b1-ac1d-dc278b2e7386@group-4CAFB8AFE6AC: set configuration 5: [6394c69b-367f-4a62-9595-acf3eb8c80db|rpc:localhost:14048|admin:|client:|dataStream:|priority:0, 3f02e2f7-a9fe-43aa-a16a-2bf2030dc8fd|rpc:localhost:14058|admin:|client:|dataStream:|priority:0], old=null
2021-07-15 16:37:14,676 [grpc-default-executor-4] INFO  server.RaftServer$Division (RaftServerImpl.java:installSnapshot(1339)) - cf7cc385-5ca0-45b1-ac1d-dc278b2e7386@group-4CAFB8AFE6AC: reply installSnapshot: 6394c69b-367f-4a62-9595-acf3eb8c80db<-cf7cc385-5ca0-45b1-ac1d-dc278b2e7386#0:FAIL-t2,IN_PROGRESS
2021-07-15 16:37:14,677 [grpc-default-executor-4] INFO  server.GrpcServerProtocolService (GrpcServerProtocolService.java:onCompleted(140)) - cf7cc385-5ca0-45b1-ac1d-dc278b2e7386: Completed INSTALL_SNAPSHOT, lastRequest: 6394c69b-367f-4a62-9595-acf3eb8c80db->cf7cc385-5ca0-45b1-ac1d-dc278b2e7386#0-t2,notify:(t:2, i:1)
2021-07-15 16:37:14,677 [grpc-default-executor-0] INFO  server.GrpcLogAppender (GrpcLogAppender.java:onNext(400)) - 6394c69b-367f-4a62-9595-acf3eb8c80db@group-4CAFB8AFE6AC->cf7cc385-5ca0-45b1-ac1d-dc278b2e7386-InstallSnapshotResponseHandler: received a reply 6394c69b-367f-4a62-9595-acf3eb8c80db<-cf7cc385-5ca0-45b1-ac1d-dc278b2e7386#0:FAIL-t2,IN_PROGRESS
2021-07-15 16:37:14,677 [grpc-default-executor-0] INFO  server.GrpcLogAppender (GrpcLogAppender.java:onNext(417)) - 6394c69b-367f-4a62-9595-acf3eb8c80db@group-4CAFB8AFE6AC->cf7cc385-5ca0-45b1-ac1d-dc278b2e7386-InstallSnapshotResponseHandler: InstallSnapshot in progress.
2021-07-15 16:37:14,681 [6394c69b-367f-4a62-9595-acf3eb8c80db@group-4CAFB8AFE6AC->cf7cc385-5ca0-45b1-ac1d-dc278b2e7386-GrpcLogAppender-LogAppenderDaemon] INFO  server.GrpcLogAppender (GrpcLogAppender.java:installSnapshot(524)) - 6394c69b-367f-4a62-9595-acf3eb8c80db@group-4CAFB8AFE6AC->cf7cc385-5ca0-45b1-ac1d-dc278b2e7386-GrpcLogAppender: followerNextIndex = 0 but logStartIndex = 1, notify follower to install snapshot-(t:2, i:1)
2021-07-15 16:37:14,681 [6394c69b-367f-4a62-9595-acf3eb8c80db@group-4CAFB8AFE6AC->cf7cc385-5ca0-45b1-ac1d-dc278b2e7386-GrpcLogAppender-LogAppenderDaemon] INFO  server.GrpcLogAppender (GrpcLogAppender.java:installSnapshot(532)) - 6394c69b-367f-4a62-9595-acf3eb8c80db@group-4CAFB8AFE6AC->cf7cc385-5ca0-45b1-ac1d-dc278b2e7386-GrpcLogAppender: send 6394c69b-367f-4a62-9595-acf3eb8c80db->cf7cc385-5ca0-45b1-ac1d-dc278b2e7386#0-t2,notify:(t:2, i:1)
2021-07-15 16:37:14,683 [grpc-default-executor-4] INFO  server.RaftServer$Division (RaftServerImpl.java:checkInconsistentAppendEntries(1292)) - cf7cc385-5ca0-45b1-ac1d-dc278b2e7386@group-4CAFB8AFE6AC: Failed appendEntries as snapshot ((t:2, i:1)) installation is in progress
2021-07-15 16:37:14,684 [grpc-default-executor-4] INFO  server.RaftServer$Division (RaftServerImpl.java:checkInconsistentAppendEntries(1284)) - cf7cc385-5ca0-45b1-ac1d-dc278b2e7386@group-4CAFB8AFE6AC: inconsistency entries. Reply:6394c69b-367f-4a62-9595-acf3eb8c80db<-cf7cc385-5ca0-45b1-ac1d-dc278b2e7386#8:FAIL-t2,INCONSISTENCY,nextIndex=0,followerCommit=-1
2021-07-15 16:37:14,684 [grpc-default-executor-4] INFO  leader.FollowerInfo (FollowerInfoImpl.java:lambda$new$0(46)) - 6394c69b-367f-4a62-9595-acf3eb8c80db@group-4CAFB8AFE6AC->cf7cc385-5ca0-45b1-ac1d-dc278b2e7386: nextIndex: updateUnconditionally 0 -> 0
2021-07-15 16:37:14,684 [grpc-default-executor-0] INFO  server.RaftServer$Division (RaftServerImpl.java:installSnapshot(1328)) - cf7cc385-5ca0-45b1-ac1d-dc278b2e7386@group-4CAFB8AFE6AC: receive installSnapshot: 6394c69b-367f-4a62-9595-acf3eb8c80db->cf7cc385-5ca0-45b1-ac1d-dc278b2e7386#0-t2,notify:(t:2, i:1)
2021-07-15 16:37:14,685 [grpc-default-executor-0] INFO  server.RaftServer$Division (RaftServerImpl.java:notifyStateMachineToInstallSnapshot(1610)) - cf7cc385-5ca0-45b1-ac1d-dc278b2e7386@group-4CAFB8AFE6AC: Snapshot Installation by StateMachine is in progress.
2021-07-15 16:37:14,685 [grpc-default-executor-0] INFO  server.RaftServer$Division (RaftServerImpl.java:installSnapshotImpl(1458)) - cf7cc385-5ca0-45b1-ac1d-dc278b2e7386@group-4CAFB8AFE6AC: set new configuration index: 5
configurationEntry {
  peers {
    id: "6394c69b-367f-4a62-9595-acf3eb8c80db"
    address: "localhost:14048"
  }
  peers {
    id: "3f02e2f7-a9fe-43aa-a16a-2bf2030dc8fd"
    address: "localhost:14058"
  }
}
 from snapshot
2021-07-15 16:37:14,685 [grpc-default-executor-0] INFO  server.RaftServer$Division (ServerState.java:setRaftConf(373)) - cf7cc385-5ca0-45b1-ac1d-dc278b2e7386@group-4CAFB8AFE6AC: set configuration 5: [6394c69b-367f-4a62-9595-acf3eb8c80db|rpc:localhost:14048|admin:|client:|dataStream:|priority:0, 3f02e2f7-a9fe-43aa-a16a-2bf2030dc8fd|rpc:localhost:14058|admin:|client:|dataStream:|priority:0], old=null
2021-07-15 16:37:14,685 [grpc-default-executor-0] INFO  server.RaftServer$Division (RaftServerImpl.java:installSnapshot(1339)) - cf7cc385-5ca0-45b1-ac1d-dc278b2e7386@group-4CAFB8AFE6AC: reply installSnapshot: 6394c69b-367f-4a62-9595-acf3eb8c80db<-cf7cc385-5ca0-45b1-ac1d-dc278b2e7386#0:FAIL-t2,IN_PROGRESS
2021-07-15 16:37:14,686 [grpc-default-executor-0] INFO  server.GrpcServerProtocolService (GrpcServerProtocolService.java:onCompleted(140)) - cf7cc385-5ca0-45b1-ac1d-dc278b2e7386: Completed INSTALL_SNAPSHOT, lastRequest: 6394c69b-367f-4a62-9595-acf3eb8c80db->cf7cc385-5ca0-45b1-ac1d-dc278b2e7386#0-t2,notify:(t:2, i:1)
2021-07-15 16:37:14,687 [grpc-default-executor-4] INFO  server.GrpcLogAppender (GrpcLogAppender.java:onNext(400)) - 6394c69b-367f-4a62-9595-acf3eb8c80db@group-4CAFB8AFE6AC->cf7cc385-5ca0-45b1-ac1d-dc278b2e7386-InstallSnapshotResponseHandler: received a reply 6394c69b-367f-4a62-9595-acf3eb8c80db<-cf7cc385-5ca0-45b1-ac1d-dc278b2e7386#0:FAIL-t2,IN_PROGRESS
2021-07-15 16:37:14,687 [grpc-default-executor-4] INFO  server.GrpcLogAppender (GrpcLogAppender.java:onNext(417)) - 6394c69b-367f-4a62-9595-acf3eb8c80db@group-4CAFB8AFE6AC->cf7cc385-5ca0-45b1-ac1d-dc278b2e7386-InstallSnapshotResponseHandler: InstallSnapshot in progress.
2021-07-15 16:37:14,688 [6394c69b-367f-4a62-9595-acf3eb8c80db@group-4CAFB8AFE6AC->cf7cc385-5ca0-45b1-ac1d-dc278b2e7386-GrpcLogAppender-LogAppenderDaemon] INFO  server.GrpcLogAppender (GrpcLogAppender.java:installSnapshot(524)) - 6394c69b-367f-4a62-9595-acf3eb8c80db@group-4CAFB8AFE6AC->cf7cc385-5ca0-45b1-ac1d-dc278b2e7386-GrpcLogAppender: followerNextIndex = 0 but logStartIndex = 1, notify follower to install snapshot-(t:2, i:1)
2021-07-15 16:37:14,688 [6394c69b-367f-4a62-9595-acf3eb8c80db@group-4CAFB8AFE6AC->cf7cc385-5ca0-45b1-ac1d-dc278b2e7386-GrpcLogAppender-LogAppenderDaemon] INFO  server.GrpcLogAppender (GrpcLogAppender.java:installSnapshot(532)) - 6394c69b-367f-4a62-9595-acf3eb8c80db@group-4CAFB8AFE6AC->cf7cc385-5ca0-45b1-ac1d-dc278b2e7386-GrpcLogAppender: send 6394c69b-367f-4a62-9595-acf3eb8c80db->cf7cc385-5ca0-45b1-ac1d-dc278b2e7386#0-t2,notify:(t:2, i:1)
2021-07-15 16:37:14,689 [grpc-default-executor-4] INFO  server.RaftServer$Division (RaftServerImpl.java:checkInconsistentAppendEntries(1292)) - cf7cc385-5ca0-45b1-ac1d-dc278b2e7386@group-4CAFB8AFE6AC: Failed appendEntries as snapshot ((t:2, i:1)) installation is in progress
2021-07-15 16:37:14,689 [grpc-default-executor-4] INFO  server.RaftServer$Division (RaftServerImpl.java:checkInconsistentAppendEntries(1284)) - cf7cc385-5ca0-45b1-ac1d-dc278b2e7386@group-4CAFB8AFE6AC: inconsistency entries. Reply:6394c69b-367f-4a62-9595-acf3eb8c80db<-cf7cc385-5ca0-45b1-ac1d-dc278b2e7386#9:FAIL-t2,INCONSISTENCY,nextIndex=0,followerCommit=-1
2021-07-15 16:37:14,690 [grpc-default-executor-1] INFO  leader.FollowerInfo (FollowerInfoImpl.java:lambda$new$0(46)) - 6394c69b-367f-4a62-9595-acf3eb8c80db@group-4CAFB8AFE6AC->cf7cc385-5ca0-45b1-ac1d-dc278b2e7386: nextIndex: updateUnconditionally 0 -> 0
2021-07-15 16:37:14,691 [grpc-default-executor-0] INFO  server.RaftServer$Division (RaftServerImpl.java:installSnapshot(1328)) - cf7cc385-5ca0-45b1-ac1d-dc278b2e7386@group-4CAFB8AFE6AC: receive installSnapshot: 6394c69b-367f-4a62-9595-acf3eb8c80db->cf7cc385-5ca0-45b1-ac1d-dc278b2e7386#0-t2,notify:(t:2, i:1)
2021-07-15 16:37:14,691 [grpc-default-executor-0] INFO  server.RaftServer$Division (RaftServerImpl.java:notifyStateMachineToInstallSnapshot(1610)) - cf7cc385-5ca0-45b1-ac1d-dc278b2e7386@group-4CAFB8AFE6AC: Snapshot Installation by StateMachine is in progress.
2021-07-15 16:37:14,691 [grpc-default-executor-0] INFO  server.RaftServer$Division (RaftServerImpl.java:installSnapshotImpl(1458)) - cf7cc385-5ca0-45b1-ac1d-dc278b2e7386@group-4CAFB8AFE6AC: set new configuration index: 5
configurationEntry {
  peers {
    id: "6394c69b-367f-4a62-9595-acf3eb8c80db"
    address: "localhost:14048"
  }
  peers {
    id: "3f02e2f7-a9fe-43aa-a16a-2bf2030dc8fd"
    address: "localhost:14058"
  }
}
 from snapshot
2021-07-15 16:37:14,691 [grpc-default-executor-0] INFO  server.RaftServer$Division (ServerState.java:setRaftConf(373)) - cf7cc385-5ca0-45b1-ac1d-dc278b2e7386@group-4CAFB8AFE6AC: set configuration 5: [6394c69b-367f-4a62-9595-acf3eb8c80db|rpc:localhost:14048|admin:|client:|dataStream:|priority:0, 3f02e2f7-a9fe-43aa-a16a-2bf2030dc8fd|rpc:localhost:14058|admin:|client:|dataStream:|priority:0], old=null
2021-07-15 16:37:14,691 [grpc-default-executor-0] INFO  server.RaftServer$Division (RaftServerImpl.java:installSnapshot(1339)) - cf7cc385-5ca0-45b1-ac1d-dc278b2e7386@group-4CAFB8AFE6AC: reply installSnapshot: 6394c69b-367f-4a62-9595-acf3eb8c80db<-cf7cc385-5ca0-45b1-ac1d-dc278b2e7386#0:FAIL-t2,IN_PROGRESS
2021-07-15 16:37:14,692 [grpc-default-executor-0] INFO  server.GrpcServerProtocolService (GrpcServerProtocolService.java:onCompleted(140)) - cf7cc385-5ca0-45b1-ac1d-dc278b2e7386: Completed INSTALL_SNAPSHOT, lastRequest: 6394c69b-367f-4a62-9595-acf3eb8c80db->cf7cc385-5ca0-45b1-ac1d-dc278b2e7386#0-t2,notify:(t:2, i:1)
2021-07-15 16:37:14,692 [grpc-default-executor-4] INFO  server.GrpcLogAppender (GrpcLogAppender.java:onNext(400)) - 6394c69b-367f-4a62-9595-acf3eb8c80db@group-4CAFB8AFE6AC->cf7cc385-5ca0-45b1-ac1d-dc278b2e7386-InstallSnapshotResponseHandler: received a reply 6394c69b-367f-4a62-9595-acf3eb8c80db<-cf7cc385-5ca0-45b1-ac1d-dc278b2e7386#0:FAIL-t2,IN_PROGRESS
2021-07-15 16:37:14,692 [grpc-default-executor-4] INFO  server.GrpcLogAppender (GrpcLogAppender.java:onNext(417)) - 6394c69b-367f-4a62-9595-acf3eb8c80db@group-4CAFB8AFE6AC->cf7cc385-5ca0-45b1-ac1d-dc278b2e7386-InstallSnapshotResponseHandler: InstallSnapshot in progress.
2021-07-15 16:37:14,698 [6394c69b-367f-4a62-9595-acf3eb8c80db@group-4CAFB8AFE6AC->cf7cc385-5ca0-45b1-ac1d-dc278b2e7386-GrpcLogAppender-LogAppenderDaemon] INFO  server.GrpcLogAppender (GrpcLogAppender.java:installSnapshot(524)) - 6394c69b-367f-4a62-9595-acf3eb8c80db@group-4CAFB8AFE6AC->cf7cc385-5ca0-45b1-ac1d-dc278b2e7386-GrpcLogAppender: followerNextIndex = 0 but logStartIndex = 1, notify follower to install snapshot-(t:2, i:1)
2021-07-15 16:37:14,698 [6394c69b-367f-4a62-9595-acf3eb8c80db@group-4CAFB8AFE6AC->cf7cc385-5ca0-45b1-ac1d-dc278b2e7386-GrpcLogAppender-LogAppenderDaemon] INFO  server.GrpcLogAppender (GrpcLogAppender.java:installSnapshot(532)) - 6394c69b-367f-4a62-9595-acf3eb8c80db@group-4CAFB8AFE6AC->cf7cc385-5ca0-45b1-ac1d-dc278b2e7386-GrpcLogAppender: send 6394c69b-367f-4a62-9595-acf3eb8c80db->cf7cc385-5ca0-45b1-ac1d-dc278b2e7386#0-t2,notify:(t:2, i:1)
2021-07-15 16:37:14,699 [grpc-default-executor-1] INFO  server.RaftServer$Division (RaftServerImpl.java:checkInconsistentAppendEntries(1292)) - cf7cc385-5ca0-45b1-ac1d-dc278b2e7386@group-4CAFB8AFE6AC: Failed appendEntries as snapshot ((t:2, i:1)) installation is in progress
2021-07-15 16:37:14,699 [grpc-default-executor-1] INFO  server.RaftServer$Division (RaftServerImpl.java:checkInconsistentAppendEntries(1284)) - cf7cc385-5ca0-45b1-ac1d-dc278b2e7386@group-4CAFB8AFE6AC: inconsistency entries. Reply:6394c69b-367f-4a62-9595-acf3eb8c80db<-cf7cc385-5ca0-45b1-ac1d-dc278b2e7386#10:FAIL-t2,INCONSISTENCY,nextIndex=0,followerCommit=-1
2021-07-15 16:37:14,699 [grpc-default-executor-1] INFO  leader.FollowerInfo (FollowerInfoImpl.java:lambda$new$0(46)) - 6394c69b-367f-4a62-9595-acf3eb8c80db@group-4CAFB8AFE6AC->cf7cc385-5ca0-45b1-ac1d-dc278b2e7386: nextIndex: updateUnconditionally 0 -> 0
2021-07-15 16:37:14,703 [grpc-default-executor-0] INFO  server.RaftServer$Division (RaftServerImpl.java:installSnapshot(1328)) - cf7cc385-5ca0-45b1-ac1d-dc278b2e7386@group-4CAFB8AFE6AC: receive installSnapshot: 6394c69b-367f-4a62-9595-acf3eb8c80db->cf7cc385-5ca0-45b1-ac1d-dc278b2e7386#0-t2,notify:(t:2, i:1)
2021-07-15 16:37:14,703 [grpc-default-executor-0] INFO  server.RaftServer$Division (RaftServerImpl.java:notifyStateMachineToInstallSnapshot(1610)) - cf7cc385-5ca0-45b1-ac1d-dc278b2e7386@group-4CAFB8AFE6AC: Snapshot Installation by StateMachine is in progress.
2021-07-15 16:37:14,704 [grpc-default-executor-0] INFO  server.RaftServer$Division (RaftServerImpl.java:installSnapshotImpl(1458)) - cf7cc385-5ca0-45b1-ac1d-dc278b2e7386@group-4CAFB8AFE6AC: set new configuration index: 5
configurationEntry {
  peers {
    id: "6394c69b-367f-4a62-9595-acf3eb8c80db"
    address: "localhost:14048"
  }
  peers {
    id: "3f02e2f7-a9fe-43aa-a16a-2bf2030dc8fd"
    address: "localhost:14058"
  }
}
 from snapshot
2021-07-15 16:37:14,704 [grpc-default-executor-0] INFO  server.RaftServer$Division (ServerState.java:setRaftConf(373)) - cf7cc385-5ca0-45b1-ac1d-dc278b2e7386@group-4CAFB8AFE6AC: set configuration 5: [6394c69b-367f-4a62-9595-acf3eb8c80db|rpc:localhost:14048|admin:|client:|dataStream:|priority:0, 3f02e2f7-a9fe-43aa-a16a-2bf2030dc8fd|rpc:localhost:14058|admin:|client:|dataStream:|priority:0], old=null
2021-07-15 16:37:14,704 [grpc-default-executor-0] INFO  server.RaftServer$Division (RaftServerImpl.java:installSnapshot(1339)) - cf7cc385-5ca0-45b1-ac1d-dc278b2e7386@group-4CAFB8AFE6AC: reply installSnapshot: 6394c69b-367f-4a62-9595-acf3eb8c80db<-cf7cc385-5ca0-45b1-ac1d-dc278b2e7386#0:FAIL-t2,IN_PROGRESS
2021-07-15 16:37:14,705 [grpc-default-executor-0] INFO  server.GrpcServerProtocolService (GrpcServerProtocolService.java:onCompleted(140)) - cf7cc385-5ca0-45b1-ac1d-dc278b2e7386: Completed INSTALL_SNAPSHOT, lastRequest: 6394c69b-367f-4a62-9595-acf3eb8c80db->cf7cc385-5ca0-45b1-ac1d-dc278b2e7386#0-t2,notify:(t:2, i:1)
2021-07-15 16:37:14,705 [grpc-default-executor-0] INFO  server.GrpcLogAppender (GrpcLogAppender.java:onNext(400)) - 6394c69b-367f-4a62-9595-acf3eb8c80db@group-4CAFB8AFE6AC->cf7cc385-5ca0-45b1-ac1d-dc278b2e7386-InstallSnapshotResponseHandler: received a reply 6394c69b-367f-4a62-9595-acf3eb8c80db<-cf7cc385-5ca0-45b1-ac1d-dc278b2e7386#0:FAIL-t2,IN_PROGRESS
2021-07-15 16:37:14,705 [grpc-default-executor-0] INFO  server.GrpcLogAppender (GrpcLogAppender.java:onNext(417)) - 6394c69b-367f-4a62-9595-acf3eb8c80db@group-4CAFB8AFE6AC->cf7cc385-5ca0-45b1-ac1d-dc278b2e7386-InstallSnapshotResponseHandler: InstallSnapshot in progress.
2021-07-15 16:37:14,707 [6394c69b-367f-4a62-9595-acf3eb8c80db@group-4CAFB8AFE6AC->cf7cc385-5ca0-45b1-ac1d-dc278b2e7386-GrpcLogAppender-LogAppenderDaemon] INFO  server.GrpcLogAppender (GrpcLogAppender.java:installSnapshot(524)) - 6394c69b-367f-4a62-9595-acf3eb8c80db@group-4CAFB8AFE6AC->cf7cc385-5ca0-45b1-ac1d-dc278b2e7386-GrpcLogAppender: followerNextIndex = 0 but logStartIndex = 1, notify follower to install snapshot-(t:2, i:1)
2021-07-15 16:37:14,707 [6394c69b-367f-4a62-9595-acf3eb8c80db@group-4CAFB8AFE6AC->cf7cc385-5ca0-45b1-ac1d-dc278b2e7386-GrpcLogAppender-LogAppenderDaemon] INFO  server.GrpcLogAppender (GrpcLogAppender.java:installSnapshot(532)) - 6394c69b-367f-4a62-9595-acf3eb8c80db@group-4CAFB8AFE6AC->cf7cc385-5ca0-45b1-ac1d-dc278b2e7386-GrpcLogAppender: send 6394c69b-367f-4a62-9595-acf3eb8c80db->cf7cc385-5ca0-45b1-ac1d-dc278b2e7386#0-t2,notify:(t:2, i:1)
2021-07-15 16:37:14,707 [grpc-default-executor-0] INFO  server.RaftServer$Division (RaftServerImpl.java:checkInconsistentAppendEntries(1292)) - cf7cc385-5ca0-45b1-ac1d-dc278b2e7386@group-4CAFB8AFE6AC: Failed appendEntries as snapshot ((t:2, i:1)) installation is in progress
2021-07-15 16:37:14,707 [grpc-default-executor-0] INFO  server.RaftServer$Division (RaftServerImpl.java:checkInconsistentAppendEntries(1284)) - cf7cc385-5ca0-45b1-ac1d-dc278b2e7386@group-4CAFB8AFE6AC: inconsistency entries. Reply:6394c69b-367f-4a62-9595-acf3eb8c80db<-cf7cc385-5ca0-45b1-ac1d-dc278b2e7386#11:FAIL-t2,INCONSISTENCY,nextIndex=0,followerCommit=-1
2021-07-15 16:37:14,709 [grpc-default-executor-1] INFO  server.RaftServer$Division (RaftServerImpl.java:installSnapshot(1328)) - cf7cc385-5ca0-45b1-ac1d-dc278b2e7386@group-4CAFB8AFE6AC: receive installSnapshot: 6394c69b-367f-4a62-9595-acf3eb8c80db->cf7cc385-5ca0-45b1-ac1d-dc278b2e7386#0-t2,notify:(t:2, i:1)
2021-07-15 16:37:14,709 [grpc-default-executor-1] INFO  server.RaftServer$Division (RaftServerImpl.java:notifyStateMachineToInstallSnapshot(1610)) - cf7cc385-5ca0-45b1-ac1d-dc278b2e7386@group-4CAFB8AFE6AC: Snapshot Installation by StateMachine is in progress.
2021-07-15 16:37:14,709 [grpc-default-executor-1] INFO  server.RaftServer$Division (RaftServerImpl.java:installSnapshotImpl(1458)) - cf7cc385-5ca0-45b1-ac1d-dc278b2e7386@group-4CAFB8AFE6AC: set new configuration index: 5
configurationEntry {
  peers {
    id: "6394c69b-367f-4a62-9595-acf3eb8c80db"
    address: "localhost:14048"
  }
  peers {
    id: "3f02e2f7-a9fe-43aa-a16a-2bf2030dc8fd"
    address: "localhost:14058"
  }
}
 from snapshot
2021-07-15 16:37:14,709 [grpc-default-executor-1] INFO  server.RaftServer$Division (ServerState.java:setRaftConf(373)) - cf7cc385-5ca0-45b1-ac1d-dc278b2e7386@group-4CAFB8AFE6AC: set configuration 5: [6394c69b-367f-4a62-9595-acf3eb8c80db|rpc:localhost:14048|admin:|client:|dataStream:|priority:0, 3f02e2f7-a9fe-43aa-a16a-2bf2030dc8fd|rpc:localhost:14058|admin:|client:|dataStream:|priority:0], old=null
2021-07-15 16:37:14,709 [grpc-default-executor-1] INFO  server.RaftServer$Division (RaftServerImpl.java:installSnapshot(1339)) - cf7cc385-5ca0-45b1-ac1d-dc278b2e7386@group-4CAFB8AFE6AC: reply installSnapshot: 6394c69b-367f-4a62-9595-acf3eb8c80db<-cf7cc385-5ca0-45b1-ac1d-dc278b2e7386#0:FAIL-t2,IN_PROGRESS
2021-07-15 16:37:14,709 [grpc-default-executor-1] INFO  server.GrpcServerProtocolService (GrpcServerProtocolService.java:onCompleted(140)) - cf7cc385-5ca0-45b1-ac1d-dc278b2e7386: Completed INSTALL_SNAPSHOT, lastRequest: 6394c69b-367f-4a62-9595-acf3eb8c80db->cf7cc385-5ca0-45b1-ac1d-dc278b2e7386#0-t2,notify:(t:2, i:1)
2021-07-15 16:37:14,710 [grpc-default-executor-0] INFO  leader.FollowerInfo (FollowerInfoImpl.java:lambda$new$0(46)) - 6394c69b-367f-4a62-9595-acf3eb8c80db@group-4CAFB8AFE6AC->cf7cc385-5ca0-45b1-ac1d-dc278b2e7386: nextIndex: updateUnconditionally 0 -> 0
2021-07-15 16:37:14,710 [grpc-default-executor-4] INFO  server.GrpcLogAppender (GrpcLogAppender.java:onNext(400)) - 6394c69b-367f-4a62-9595-acf3eb8c80db@group-4CAFB8AFE6AC->cf7cc385-5ca0-45b1-ac1d-dc278b2e7386-InstallSnapshotResponseHandler: received a reply 6394c69b-367f-4a62-9595-acf3eb8c80db<-cf7cc385-5ca0-45b1-ac1d-dc278b2e7386#0:FAIL-t2,IN_PROGRESS
2021-07-15 16:37:14,710 [grpc-default-executor-4] INFO  server.GrpcLogAppender (GrpcLogAppender.java:onNext(417)) - 6394c69b-367f-4a62-9595-acf3eb8c80db@group-4CAFB8AFE6AC->cf7cc385-5ca0-45b1-ac1d-dc278b2e7386-InstallSnapshotResponseHandler: InstallSnapshot in progress.
2021-07-15 16:37:14,711 [6394c69b-367f-4a62-9595-acf3eb8c80db@group-4CAFB8AFE6AC->cf7cc385-5ca0-45b1-ac1d-dc278b2e7386-GrpcLogAppender-LogAppenderDaemon] INFO  server.GrpcLogAppender (GrpcLogAppender.java:installSnapshot(524)) - 6394c69b-367f-4a62-9595-acf3eb8c80db@group-4CAFB8AFE6AC->cf7cc385-5ca0-45b1-ac1d-dc278b2e7386-GrpcLogAppender: followerNextIndex = 0 but logStartIndex = 1, notify follower to install snapshot-(t:2, i:1)
2021-07-15 16:37:14,711 [6394c69b-367f-4a62-9595-acf3eb8c80db@group-4CAFB8AFE6AC->cf7cc385-5ca0-45b1-ac1d-dc278b2e7386-GrpcLogAppender-LogAppenderDaemon] INFO  server.GrpcLogAppender (GrpcLogAppender.java:installSnapshot(532)) - 6394c69b-367f-4a62-9595-acf3eb8c80db@group-4CAFB8AFE6AC->cf7cc385-5ca0-45b1-ac1d-dc278b2e7386-GrpcLogAppender: send 6394c69b-367f-4a62-9595-acf3eb8c80db->cf7cc385-5ca0-45b1-ac1d-dc278b2e7386#0-t2,notify:(t:2, i:1)
2021-07-15 16:37:14,712 [grpc-default-executor-0] INFO  server.RaftServer$Division (RaftServerImpl.java:checkInconsistentAppendEntries(1292)) - cf7cc385-5ca0-45b1-ac1d-dc278b2e7386@group-4CAFB8AFE6AC: Failed appendEntries as snapshot ((t:2, i:1)) installation is in progress
2021-07-15 16:37:14,712 [grpc-default-executor-0] INFO  server.RaftServer$Division (RaftServerImpl.java:checkInconsistentAppendEntries(1284)) - cf7cc385-5ca0-45b1-ac1d-dc278b2e7386@group-4CAFB8AFE6AC: inconsistency entries. Reply:6394c69b-367f-4a62-9595-acf3eb8c80db<-cf7cc385-5ca0-45b1-ac1d-dc278b2e7386#12:FAIL-t2,INCONSISTENCY,nextIndex=0,followerCommit=-1
2021-07-15 16:37:14,713 [grpc-default-executor-0] INFO  leader.FollowerInfo (FollowerInfoImpl.java:lambda$new$0(46)) - 6394c69b-367f-4a62-9595-acf3eb8c80db@group-4CAFB8AFE6AC->cf7cc385-5ca0-45b1-ac1d-dc278b2e7386: nextIndex: updateUnconditionally 0 -> 0
2021-07-15 16:37:14,714 [grpc-default-executor-4] INFO  server.RaftServer$Division (RaftServerImpl.java:installSnapshot(1328)) - cf7cc385-5ca0-45b1-ac1d-dc278b2e7386@group-4CAFB8AFE6AC: receive installSnapshot: 6394c69b-367f-4a62-9595-acf3eb8c80db->cf7cc385-5ca0-45b1-ac1d-dc278b2e7386#0-t2,notify:(t:2, i:1)
2021-07-15 16:37:14,714 [grpc-default-executor-4] INFO  server.RaftServer$Division (RaftServerImpl.java:notifyStateMachineToInstallSnapshot(1610)) - cf7cc385-5ca0-45b1-ac1d-dc278b2e7386@group-4CAFB8AFE6AC: Snapshot Installation by StateMachine is in progress.
2021-07-15 16:37:14,714 [grpc-default-executor-4] INFO  server.RaftServer$Division (RaftServerImpl.java:installSnapshotImpl(1458)) - cf7cc385-5ca0-45b1-ac1d-dc278b2e7386@group-4CAFB8AFE6AC: set new configuration index: 5
configurationEntry {
  peers {
    id: "6394c69b-367f-4a62-9595-acf3eb8c80db"
    address: "localhost:14048"
  }
  peers {
    id: "3f02e2f7-a9fe-43aa-a16a-2bf2030dc8fd"
    address: "localhost:14058"
  }
}
 from snapshot
2021-07-15 16:37:14,714 [grpc-default-executor-4] INFO  server.RaftServer$Division (ServerState.java:setRaftConf(373)) - cf7cc385-5ca0-45b1-ac1d-dc278b2e7386@group-4CAFB8AFE6AC: set configuration 5: [6394c69b-367f-4a62-9595-acf3eb8c80db|rpc:localhost:14048|admin:|client:|dataStream:|priority:0, 3f02e2f7-a9fe-43aa-a16a-2bf2030dc8fd|rpc:localhost:14058|admin:|client:|dataStream:|priority:0], old=null
2021-07-15 16:37:14,715 [grpc-default-executor-4] INFO  server.RaftServer$Division (RaftServerImpl.java:installSnapshot(1339)) - cf7cc385-5ca0-45b1-ac1d-dc278b2e7386@group-4CAFB8AFE6AC: reply installSnapshot: 6394c69b-367f-4a62-9595-acf3eb8c80db<-cf7cc385-5ca0-45b1-ac1d-dc278b2e7386#0:FAIL-t2,IN_PROGRESS
2021-07-15 16:37:14,715 [grpc-default-executor-4] INFO  server.GrpcServerProtocolService (GrpcServerProtocolService.java:onCompleted(140)) - cf7cc385-5ca0-45b1-ac1d-dc278b2e7386: Completed INSTALL_SNAPSHOT, lastRequest: 6394c69b-367f-4a62-9595-acf3eb8c80db->cf7cc385-5ca0-45b1-ac1d-dc278b2e7386#0-t2,notify:(t:2, i:1)
2021-07-15 16:37:14,715 [grpc-default-executor-0] INFO  server.GrpcLogAppender (GrpcLogAppender.java:onNext(400)) - 6394c69b-367f-4a62-9595-acf3eb8c80db@group-4CAFB8AFE6AC->cf7cc385-5ca0-45b1-ac1d-dc278b2e7386-InstallSnapshotResponseHandler: received a reply 6394c69b-367f-4a62-9595-acf3eb8c80db<-cf7cc385-5ca0-45b1-ac1d-dc278b2e7386#0:FAIL-t2,IN_PROGRESS
2021-07-15 16:37:14,715 [grpc-default-executor-0] INFO  server.GrpcLogAppender (GrpcLogAppender.java:onNext(417)) - 6394c69b-367f-4a62-9595-acf3eb8c80db@group-4CAFB8AFE6AC->cf7cc385-5ca0-45b1-ac1d-dc278b2e7386-InstallSnapshotResponseHandler: InstallSnapshot in progress.
2021-07-15 16:37:14,716 [6394c69b-367f-4a62-9595-acf3eb8c80db@group-4CAFB8AFE6AC->cf7cc385-5ca0-45b1-ac1d-dc278b2e7386-GrpcLogAppender-LogAppenderDaemon] INFO  server.GrpcLogAppender (GrpcLogAppender.java:installSnapshot(524)) - 6394c69b-367f-4a62-9595-acf3eb8c80db@group-4CAFB8AFE6AC->cf7cc385-5ca0-45b1-ac1d-dc278b2e7386-GrpcLogAppender: followerNextIndex = 0 but logStartIndex = 1, notify follower to install snapshot-(t:2, i:1)
2021-07-15 16:37:14,717 [6394c69b-367f-4a62-9595-acf3eb8c80db@group-4CAFB8AFE6AC->cf7cc385-5ca0-45b1-ac1d-dc278b2e7386-GrpcLogAppender-LogAppenderDaemon] INFO  server.GrpcLogAppender (GrpcLogAppender.java:installSnapshot(532)) - 6394c69b-367f-4a62-9595-acf3eb8c80db@group-4CAFB8AFE6AC->cf7cc385-5ca0-45b1-ac1d-dc278b2e7386-GrpcLogAppender: send 6394c69b-367f-4a62-9595-acf3eb8c80db->cf7cc385-5ca0-45b1-ac1d-dc278b2e7386#0-t2,notify:(t:2, i:1)
2021-07-15 16:37:14,718 [grpc-default-executor-4] INFO  server.RaftServer$Division (RaftServerImpl.java:checkInconsistentAppendEntries(1292)) - cf7cc385-5ca0-45b1-ac1d-dc278b2e7386@group-4CAFB8AFE6AC: Failed appendEntries as snapshot ((t:2, i:1)) installation is in progress
2021-07-15 16:37:14,718 [grpc-default-executor-4] INFO  server.RaftServer$Division (RaftServerImpl.java:checkInconsistentAppendEntries(1284)) - cf7cc385-5ca0-45b1-ac1d-dc278b2e7386@group-4CAFB8AFE6AC: inconsistency entries. Reply:6394c69b-367f-4a62-9595-acf3eb8c80db<-cf7cc385-5ca0-45b1-ac1d-dc278b2e7386#13:FAIL-t2,INCONSISTENCY,nextIndex=0,followerCommit=-1
2021-07-15 16:37:14,718 [grpc-default-executor-4] INFO  leader.FollowerInfo (FollowerInfoImpl.java:lambda$new$0(46)) - 6394c69b-367f-4a62-9595-acf3eb8c80db@group-4CAFB8AFE6AC->cf7cc385-5ca0-45b1-ac1d-dc278b2e7386: nextIndex: updateUnconditionally 0 -> 0
2021-07-15 16:37:14,720 [grpc-default-executor-0] INFO  server.RaftServer$Division (RaftServerImpl.java:installSnapshot(1328)) - cf7cc385-5ca0-45b1-ac1d-dc278b2e7386@group-4CAFB8AFE6AC: receive installSnapshot: 6394c69b-367f-4a62-9595-acf3eb8c80db->cf7cc385-5ca0-45b1-ac1d-dc278b2e7386#0-t2,notify:(t:2, i:1)
2021-07-15 16:37:14,720 [grpc-default-executor-0] INFO  server.RaftServer$Division (RaftServerImpl.java:notifyStateMachineToInstallSnapshot(1610)) - cf7cc385-5ca0-45b1-ac1d-dc278b2e7386@group-4CAFB8AFE6AC: Snapshot Installation by StateMachine is in progress.
2021-07-15 16:37:14,720 [grpc-default-executor-0] INFO  server.RaftServer$Division (RaftServerImpl.java:installSnapshotImpl(1458)) - cf7cc385-5ca0-45b1-ac1d-dc278b2e7386@group-4CAFB8AFE6AC: set new configuration index: 5
configurationEntry {
  peers {
    id: "6394c69b-367f-4a62-9595-acf3eb8c80db"
    address: "localhost:14048"
  }
  peers {
    id: "3f02e2f7-a9fe-43aa-a16a-2bf2030dc8fd"
    address: "localhost:14058"
  }
}
 from snapshot
2021-07-15 16:37:14,721 [grpc-default-executor-0] INFO  server.RaftServer$Division (ServerState.java:setRaftConf(373)) - cf7cc385-5ca0-45b1-ac1d-dc278b2e7386@group-4CAFB8AFE6AC: set configuration 5: [6394c69b-367f-4a62-9595-acf3eb8c80db|rpc:localhost:14048|admin:|client:|dataStream:|priority:0, 3f02e2f7-a9fe-43aa-a16a-2bf2030dc8fd|rpc:localhost:14058|admin:|client:|dataStream:|priority:0], old=null
2021-07-15 16:37:14,721 [grpc-default-executor-0] INFO  server.RaftServer$Division (RaftServerImpl.java:installSnapshot(1339)) - cf7cc385-5ca0-45b1-ac1d-dc278b2e7386@group-4CAFB8AFE6AC: reply installSnapshot: 6394c69b-367f-4a62-9595-acf3eb8c80db<-cf7cc385-5ca0-45b1-ac1d-dc278b2e7386#0:FAIL-t2,IN_PROGRESS
2021-07-15 16:37:14,721 [grpc-default-executor-0] INFO  server.GrpcServerProtocolService (GrpcServerProtocolService.java:onCompleted(140)) - cf7cc385-5ca0-45b1-ac1d-dc278b2e7386: Completed INSTALL_SNAPSHOT, lastRequest: 6394c69b-367f-4a62-9595-acf3eb8c80db->cf7cc385-5ca0-45b1-ac1d-dc278b2e7386#0-t2,notify:(t:2, i:1)
2021-07-15 16:37:14,722 [grpc-default-executor-4] INFO  server.GrpcLogAppender (GrpcLogAppender.java:onNext(400)) - 6394c69b-367f-4a62-9595-acf3eb8c80db@group-4CAFB8AFE6AC->cf7cc385-5ca0-45b1-ac1d-dc278b2e7386-InstallSnapshotResponseHandler: received a reply 6394c69b-367f-4a62-9595-acf3eb8c80db<-cf7cc385-5ca0-45b1-ac1d-dc278b2e7386#0:FAIL-t2,IN_PROGRESS
2021-07-15 16:37:14,722 [grpc-default-executor-4] INFO  server.GrpcLogAppender (GrpcLogAppender.java:onNext(417)) - 6394c69b-367f-4a62-9595-acf3eb8c80db@group-4CAFB8AFE6AC->cf7cc385-5ca0-45b1-ac1d-dc278b2e7386-InstallSnapshotResponseHandler: InstallSnapshot in progress.
2021-07-15 16:37:14,723 [6394c69b-367f-4a62-9595-acf3eb8c80db@group-4CAFB8AFE6AC->cf7cc385-5ca0-45b1-ac1d-dc278b2e7386-GrpcLogAppender-LogAppenderDaemon] INFO  server.GrpcLogAppender (GrpcLogAppender.java:installSnapshot(524)) - 6394c69b-367f-4a62-9595-acf3eb8c80db@group-4CAFB8AFE6AC->cf7cc385-5ca0-45b1-ac1d-dc278b2e7386-GrpcLogAppender: followerNextIndex = 0 but logStartIndex = 1, notify follower to install snapshot-(t:2, i:1)
2021-07-15 16:37:14,723 [6394c69b-367f-4a62-9595-acf3eb8c80db@group-4CAFB8AFE6AC->cf7cc385-5ca0-45b1-ac1d-dc278b2e7386-GrpcLogAppender-LogAppenderDaemon] INFO  server.GrpcLogAppender (GrpcLogAppender.java:installSnapshot(532)) - 6394c69b-367f-4a62-9595-acf3eb8c80db@group-4CAFB8AFE6AC->cf7cc385-5ca0-45b1-ac1d-dc278b2e7386-GrpcLogAppender: send 6394c69b-367f-4a62-9595-acf3eb8c80db->cf7cc385-5ca0-45b1-ac1d-dc278b2e7386#0-t2,notify:(t:2, i:1)
2021-07-15 16:37:14,724 [grpc-default-executor-0] INFO  server.RaftServer$Division (RaftServerImpl.java:checkInconsistentAppendEntries(1292)) - cf7cc385-5ca0-45b1-ac1d-dc278b2e7386@group-4CAFB8AFE6AC: Failed appendEntries as snapshot ((t:2, i:1)) installation is in progress
2021-07-15 16:37:14,724 [grpc-default-executor-0] INFO  server.RaftServer$Division (RaftServerImpl.java:checkInconsistentAppendEntries(1284)) - cf7cc385-5ca0-45b1-ac1d-dc278b2e7386@group-4CAFB8AFE6AC: inconsistency entries. Reply:6394c69b-367f-4a62-9595-acf3eb8c80db<-cf7cc385-5ca0-45b1-ac1d-dc278b2e7386#14:FAIL-t2,INCONSISTENCY,nextIndex=0,followerCommit=-1
2021-07-15 16:37:14,724 [grpc-default-executor-0] INFO  leader.FollowerInfo (FollowerInfoImpl.java:lambda$new$0(46)) - 6394c69b-367f-4a62-9595-acf3eb8c80db@group-4CAFB8AFE6AC->cf7cc385-5ca0-45b1-ac1d-dc278b2e7386: nextIndex: updateUnconditionally 0 -> 0
2021-07-15 16:37:14,725 [grpc-default-executor-4] INFO  server.RaftServer$Division (RaftServerImpl.java:installSnapshot(1328)) - cf7cc385-5ca0-45b1-ac1d-dc278b2e7386@group-4CAFB8AFE6AC: receive installSnapshot: 6394c69b-367f-4a62-9595-acf3eb8c80db->cf7cc385-5ca0-45b1-ac1d-dc278b2e7386#0-t2,notify:(t:2, i:1)
2021-07-15 16:37:14,725 [grpc-default-executor-4] INFO  server.RaftServer$Division (RaftServerImpl.java:notifyStateMachineToInstallSnapshot(1610)) - cf7cc385-5ca0-45b1-ac1d-dc278b2e7386@group-4CAFB8AFE6AC: Snapshot Installation by StateMachine is in progress.
2021-07-15 16:37:14,726 [grpc-default-executor-4] INFO  server.RaftServer$Division (RaftServerImpl.java:installSnapshotImpl(1458)) - cf7cc385-5ca0-45b1-ac1d-dc278b2e7386@group-4CAFB8AFE6AC: set new configuration index: 5
configurationEntry {
  peers {
    id: "6394c69b-367f-4a62-9595-acf3eb8c80db"
    address: "localhost:14048"
  }
  peers {
    id: "3f02e2f7-a9fe-43aa-a16a-2bf2030dc8fd"
    address: "localhost:14058"
  }
}
 from snapshot
2021-07-15 16:37:14,726 [grpc-default-executor-4] INFO  server.RaftServer$Division (ServerState.java:setRaftConf(373)) - cf7cc385-5ca0-45b1-ac1d-dc278b2e7386@group-4CAFB8AFE6AC: set configuration 5: [6394c69b-367f-4a62-9595-acf3eb8c80db|rpc:localhost:14048|admin:|client:|dataStream:|priority:0, 3f02e2f7-a9fe-43aa-a16a-2bf2030dc8fd|rpc:localhost:14058|admin:|client:|dataStream:|priority:0], old=null
2021-07-15 16:37:14,726 [grpc-default-executor-4] INFO  server.RaftServer$Division (RaftServerImpl.java:installSnapshot(1339)) - cf7cc385-5ca0-45b1-ac1d-dc278b2e7386@group-4CAFB8AFE6AC: reply installSnapshot: 6394c69b-367f-4a62-9595-acf3eb8c80db<-cf7cc385-5ca0-45b1-ac1d-dc278b2e7386#0:FAIL-t2,IN_PROGRESS
2021-07-15 16:37:14,726 [grpc-default-executor-4] INFO  server.GrpcServerProtocolService (GrpcServerProtocolService.java:onCompleted(140)) - cf7cc385-5ca0-45b1-ac1d-dc278b2e7386: Completed INSTALL_SNAPSHOT, lastRequest: 6394c69b-367f-4a62-9595-acf3eb8c80db->cf7cc385-5ca0-45b1-ac1d-dc278b2e7386#0-t2,notify:(t:2, i:1)
2021-07-15 16:37:14,727 [grpc-default-executor-4] INFO  server.GrpcLogAppender (GrpcLogAppender.java:onNext(400)) - 6394c69b-367f-4a62-9595-acf3eb8c80db@group-4CAFB8AFE6AC->cf7cc385-5ca0-45b1-ac1d-dc278b2e7386-InstallSnapshotResponseHandler: received a reply 6394c69b-367f-4a62-9595-acf3eb8c80db<-cf7cc385-5ca0-45b1-ac1d-dc278b2e7386#0:FAIL-t2,IN_PROGRESS
2021-07-15 16:37:14,727 [grpc-default-executor-4] INFO  server.GrpcLogAppender (GrpcLogAppender.java:onNext(417)) - 6394c69b-367f-4a62-9595-acf3eb8c80db@group-4CAFB8AFE6AC->cf7cc385-5ca0-45b1-ac1d-dc278b2e7386-InstallSnapshotResponseHandler: InstallSnapshot in progress.
2021-07-15 16:37:14,728 [6394c69b-367f-4a62-9595-acf3eb8c80db@group-4CAFB8AFE6AC->cf7cc385-5ca0-45b1-ac1d-dc278b2e7386-GrpcLogAppender-LogAppenderDaemon] INFO  server.GrpcLogAppender (GrpcLogAppender.java:installSnapshot(524)) - 6394c69b-367f-4a62-9595-acf3eb8c80db@group-4CAFB8AFE6AC->cf7cc385-5ca0-45b1-ac1d-dc278b2e7386-GrpcLogAppender: followerNextIndex = 0 but logStartIndex = 1, notify follower to install snapshot-(t:2, i:1)
2021-07-15 16:37:14,728 [6394c69b-367f-4a62-9595-acf3eb8c80db@group-4CAFB8AFE6AC->cf7cc385-5ca0-45b1-ac1d-dc278b2e7386-GrpcLogAppender-LogAppenderDaemon] INFO  server.GrpcLogAppender (GrpcLogAppender.java:installSnapshot(532)) - 6394c69b-367f-4a62-9595-acf3eb8c80db@group-4CAFB8AFE6AC->cf7cc385-5ca0-45b1-ac1d-dc278b2e7386-GrpcLogAppender: send 6394c69b-367f-4a62-9595-acf3eb8c80db->cf7cc385-5ca0-45b1-ac1d-dc278b2e7386#0-t2,notify:(t:2, i:1)
2021-07-15 16:37:14,729 [grpc-default-executor-4] INFO  server.RaftServer$Division (RaftServerImpl.java:checkInconsistentAppendEntries(1292)) - cf7cc385-5ca0-45b1-ac1d-dc278b2e7386@group-4CAFB8AFE6AC: Failed appendEntries as snapshot ((t:2, i:1)) installation is in progress
2021-07-15 16:37:14,729 [grpc-default-executor-4] INFO  server.RaftServer$Division (RaftServerImpl.java:checkInconsistentAppendEntries(1284)) - cf7cc385-5ca0-45b1-ac1d-dc278b2e7386@group-4CAFB8AFE6AC: inconsistency entries. Reply:6394c69b-367f-4a62-9595-acf3eb8c80db<-cf7cc385-5ca0-45b1-ac1d-dc278b2e7386#15:FAIL-t2,INCONSISTENCY,nextIndex=0,followerCommit=-1
2021-07-15 16:37:14,730 [grpc-default-executor-4] INFO  leader.FollowerInfo (FollowerInfoImpl.java:lambda$new$0(46)) - 6394c69b-367f-4a62-9595-acf3eb8c80db@group-4CAFB8AFE6AC->cf7cc385-5ca0-45b1-ac1d-dc278b2e7386: nextIndex: updateUnconditionally 0 -> 0
2021-07-15 16:37:14,730 [grpc-default-executor-0] INFO  server.RaftServer$Division (RaftServerImpl.java:installSnapshot(1328)) - cf7cc385-5ca0-45b1-ac1d-dc278b2e7386@group-4CAFB8AFE6AC: receive installSnapshot: 6394c69b-367f-4a62-9595-acf3eb8c80db->cf7cc385-5ca0-45b1-ac1d-dc278b2e7386#0-t2,notify:(t:2, i:1)
2021-07-15 16:37:14,730 [grpc-default-executor-0] INFO  server.RaftServer$Division (RaftServerImpl.java:notifyStateMachineToInstallSnapshot(1610)) - cf7cc385-5ca0-45b1-ac1d-dc278b2e7386@group-4CAFB8AFE6AC: Snapshot Installation by StateMachine is in progress.
2021-07-15 16:37:14,731 [grpc-default-executor-0] INFO  server.RaftServer$Division (RaftServerImpl.java:installSnapshotImpl(1458)) - cf7cc385-5ca0-45b1-ac1d-dc278b2e7386@group-4CAFB8AFE6AC: set new configuration index: 5
configurationEntry {
  peers {
    id: "6394c69b-367f-4a62-9595-acf3eb8c80db"
    address: "localhost:14048"
  }
  peers {
    id: "3f02e2f7-a9fe-43aa-a16a-2bf2030dc8fd"
    address: "localhost:14058"
  }
}
 from snapshot
2021-07-15 16:37:14,731 [grpc-default-executor-0] INFO  server.RaftServer$Division (ServerState.java:setRaftConf(373)) - cf7cc385-5ca0-45b1-ac1d-dc278b2e7386@group-4CAFB8AFE6AC: set configuration 5: [6394c69b-367f-4a62-9595-acf3eb8c80db|rpc:localhost:14048|admin:|client:|dataStream:|priority:0, 3f02e2f7-a9fe-43aa-a16a-2bf2030dc8fd|rpc:localhost:14058|admin:|client:|dataStream:|priority:0], old=null
2021-07-15 16:37:14,731 [grpc-default-executor-0] INFO  server.RaftServer$Division (RaftServerImpl.java:installSnapshot(1339)) - cf7cc385-5ca0-45b1-ac1d-dc278b2e7386@group-4CAFB8AFE6AC: reply installSnapshot: 6394c69b-367f-4a62-9595-acf3eb8c80db<-cf7cc385-5ca0-45b1-ac1d-dc278b2e7386#0:FAIL-t2,IN_PROGRESS
2021-07-15 16:37:14,731 [grpc-default-executor-0] INFO  server.GrpcServerProtocolService (GrpcServerProtocolService.java:onCompleted(140)) - cf7cc385-5ca0-45b1-ac1d-dc278b2e7386: Completed INSTALL_SNAPSHOT, lastRequest: 6394c69b-367f-4a62-9595-acf3eb8c80db->cf7cc385-5ca0-45b1-ac1d-dc278b2e7386#0-t2,notify:(t:2, i:1)
2021-07-15 16:37:14,732 [grpc-default-executor-4] INFO  server.GrpcLogAppender (GrpcLogAppender.java:onNext(400)) - 6394c69b-367f-4a62-9595-acf3eb8c80db@group-4CAFB8AFE6AC->cf7cc385-5ca0-45b1-ac1d-dc278b2e7386-InstallSnapshotResponseHandler: received a reply 6394c69b-367f-4a62-9595-acf3eb8c80db<-cf7cc385-5ca0-45b1-ac1d-dc278b2e7386#0:FAIL-t2,IN_PROGRESS
2021-07-15 16:37:14,732 [grpc-default-executor-4] INFO  server.GrpcLogAppender (GrpcLogAppender.java:onNext(417)) - 6394c69b-367f-4a62-9595-acf3eb8c80db@group-4CAFB8AFE6AC->cf7cc385-5ca0-45b1-ac1d-dc278b2e7386-InstallSnapshotResponseHandler: InstallSnapshot in progress.
2021-07-15 16:37:14,734 [6394c69b-367f-4a62-9595-acf3eb8c80db@group-4CAFB8AFE6AC->cf7cc385-5ca0-45b1-ac1d-dc278b2e7386-GrpcLogAppender-LogAppenderDaemon] INFO  server.GrpcLogAppender (GrpcLogAppender.java:installSnapshot(524)) - 6394c69b-367f-4a62-9595-acf3eb8c80db@group-4CAFB8AFE6AC->cf7cc385-5ca0-45b1-ac1d-dc278b2e7386-GrpcLogAppender: followerNextIndex = 0 but logStartIndex = 1, notify follower to install snapshot-(t:2, i:1)
2021-07-15 16:37:14,734 [6394c69b-367f-4a62-9595-acf3eb8c80db@group-4CAFB8AFE6AC->cf7cc385-5ca0-45b1-ac1d-dc278b2e7386-GrpcLogAppender-LogAppenderDaemon] INFO  server.GrpcLogAppender (GrpcLogAppender.java:installSnapshot(532)) - 6394c69b-367f-4a62-9595-acf3eb8c80db@group-4CAFB8AFE6AC->cf7cc385-5ca0-45b1-ac1d-dc278b2e7386-GrpcLogAppender: send 6394c69b-367f-4a62-9595-acf3eb8c80db->cf7cc385-5ca0-45b1-ac1d-dc278b2e7386#0-t2,notify:(t:2, i:1)
2021-07-15 16:37:14,735 [grpc-default-executor-0] INFO  server.RaftServer$Division (RaftServerImpl.java:checkInconsistentAppendEntries(1292)) - cf7cc385-5ca0-45b1-ac1d-dc278b2e7386@group-4CAFB8AFE6AC: Failed appendEntries as snapshot ((t:2, i:1)) installation is in progress
2021-07-15 16:37:14,735 [grpc-default-executor-0] INFO  server.RaftServer$Division (RaftServerImpl.java:checkInconsistentAppendEntries(1284)) - cf7cc385-5ca0-45b1-ac1d-dc278b2e7386@group-4CAFB8AFE6AC: inconsistency entries. Reply:6394c69b-367f-4a62-9595-acf3eb8c80db<-cf7cc385-5ca0-45b1-ac1d-dc278b2e7386#16:FAIL-t2,INCONSISTENCY,nextIndex=0,followerCommit=-1
2021-07-15 16:37:14,736 [grpc-default-executor-0] INFO  leader.FollowerInfo (FollowerInfoImpl.java:lambda$new$0(46)) - 6394c69b-367f-4a62-9595-acf3eb8c80db@group-4CAFB8AFE6AC->cf7cc385-5ca0-45b1-ac1d-dc278b2e7386: nextIndex: updateUnconditionally 0 -> 0
2021-07-15 16:37:14,737 [grpc-default-executor-4] INFO  server.RaftServer$Division (RaftServerImpl.java:installSnapshot(1328)) - cf7cc385-5ca0-45b1-ac1d-dc278b2e7386@group-4CAFB8AFE6AC: receive installSnapshot: 6394c69b-367f-4a62-9595-acf3eb8c80db->cf7cc385-5ca0-45b1-ac1d-dc278b2e7386#0-t2,notify:(t:2, i:1)
2021-07-15 16:37:14,737 [grpc-default-executor-4] INFO  server.RaftServer$Division (RaftServerImpl.java:notifyStateMachineToInstallSnapshot(1610)) - cf7cc385-5ca0-45b1-ac1d-dc278b2e7386@group-4CAFB8AFE6AC: Snapshot Installation by StateMachine is in progress.
2021-07-15 16:37:14,738 [grpc-default-executor-4] INFO  server.RaftServer$Division (RaftServerImpl.java:installSnapshotImpl(1458)) - cf7cc385-5ca0-45b1-ac1d-dc278b2e7386@group-4CAFB8AFE6AC: set new configuration index: 5
configurationEntry {
  peers {
    id: "6394c69b-367f-4a62-9595-acf3eb8c80db"
    address: "localhost:14048"
  }
  peers {
    id: "3f02e2f7-a9fe-43aa-a16a-2bf2030dc8fd"
    address: "localhost:14058"
  }
}
 from snapshot
2021-07-15 16:37:14,738 [grpc-default-executor-4] INFO  server.RaftServer$Division (ServerState.java:setRaftConf(373)) - cf7cc385-5ca0-45b1-ac1d-dc278b2e7386@group-4CAFB8AFE6AC: set configuration 5: [6394c69b-367f-4a62-9595-acf3eb8c80db|rpc:localhost:14048|admin:|client:|dataStream:|priority:0, 3f02e2f7-a9fe-43aa-a16a-2bf2030dc8fd|rpc:localhost:14058|admin:|client:|dataStream:|priority:0], old=null
2021-07-15 16:37:14,738 [grpc-default-executor-4] INFO  server.RaftServer$Division (RaftServerImpl.java:installSnapshot(1339)) - cf7cc385-5ca0-45b1-ac1d-dc278b2e7386@group-4CAFB8AFE6AC: reply installSnapshot: 6394c69b-367f-4a62-9595-acf3eb8c80db<-cf7cc385-5ca0-45b1-ac1d-dc278b2e7386#0:FAIL-t2,IN_PROGRESS
2021-07-15 16:37:14,739 [grpc-default-executor-4] INFO  server.GrpcServerProtocolService (GrpcServerProtocolService.java:onCompleted(140)) - cf7cc385-5ca0-45b1-ac1d-dc278b2e7386: Completed INSTALL_SNAPSHOT, lastRequest: 6394c69b-367f-4a62-9595-acf3eb8c80db->cf7cc385-5ca0-45b1-ac1d-dc278b2e7386#0-t2,notify:(t:2, i:1)
2021-07-15 16:37:14,739 [grpc-default-executor-0] INFO  server.GrpcLogAppender (GrpcLogAppender.java:onNext(400)) - 6394c69b-367f-4a62-9595-acf3eb8c80db@group-4CAFB8AFE6AC->cf7cc385-5ca0-45b1-ac1d-dc278b2e7386-InstallSnapshotResponseHandler: received a reply 6394c69b-367f-4a62-9595-acf3eb8c80db<-cf7cc385-5ca0-45b1-ac1d-dc278b2e7386#0:FAIL-t2,IN_PROGRESS
2021-07-15 16:37:14,739 [grpc-default-executor-0] INFO  server.GrpcLogAppender (GrpcLogAppender.java:onNext(417)) - 6394c69b-367f-4a62-9595-acf3eb8c80db@group-4CAFB8AFE6AC->cf7cc385-5ca0-45b1-ac1d-dc278b2e7386-InstallSnapshotResponseHandler: InstallSnapshot in progress.
2021-07-15 16:37:14,741 [6394c69b-367f-4a62-9595-acf3eb8c80db@group-4CAFB8AFE6AC->cf7cc385-5ca0-45b1-ac1d-dc278b2e7386-GrpcLogAppender-LogAppenderDaemon] INFO  server.GrpcLogAppender (GrpcLogAppender.java:installSnapshot(524)) - 6394c69b-367f-4a62-9595-acf3eb8c80db@group-4CAFB8AFE6AC->cf7cc385-5ca0-45b1-ac1d-dc278b2e7386-GrpcLogAppender: followerNextIndex = 0 but logStartIndex = 1, notify follower to install snapshot-(t:2, i:1)
2021-07-15 16:37:14,741 [6394c69b-367f-4a62-9595-acf3eb8c80db@group-4CAFB8AFE6AC->cf7cc385-5ca0-45b1-ac1d-dc278b2e7386-GrpcLogAppender-LogAppenderDaemon] INFO  server.GrpcLogAppender (GrpcLogAppender.java:installSnapshot(532)) - 6394c69b-367f-4a62-9595-acf3eb8c80db@group-4CAFB8AFE6AC->cf7cc385-5ca0-45b1-ac1d-dc278b2e7386-GrpcLogAppender: send 6394c69b-367f-4a62-9595-acf3eb8c80db->cf7cc385-5ca0-45b1-ac1d-dc278b2e7386#0-t2,notify:(t:2, i:1)
2021-07-15 16:37:14,741 [grpc-default-executor-0] INFO  server.RaftServer$Division (RaftServerImpl.java:checkInconsistentAppendEntries(1292)) - cf7cc385-5ca0-45b1-ac1d-dc278b2e7386@group-4CAFB8AFE6AC: Failed appendEntries as snapshot ((t:2, i:1)) installation is in progress
2021-07-15 16:37:14,741 [grpc-default-executor-0] INFO  server.RaftServer$Division (RaftServerImpl.java:checkInconsistentAppendEntries(1284)) - cf7cc385-5ca0-45b1-ac1d-dc278b2e7386@group-4CAFB8AFE6AC: inconsistency entries. Reply:6394c69b-367f-4a62-9595-acf3eb8c80db<-cf7cc385-5ca0-45b1-ac1d-dc278b2e7386#17:FAIL-t2,INCONSISTENCY,nextIndex=0,followerCommit=-1
2021-07-15 16:37:14,742 [grpc-default-executor-0] INFO  leader.FollowerInfo (FollowerInfoImpl.java:lambda$new$0(46)) - 6394c69b-367f-4a62-9595-acf3eb8c80db@group-4CAFB8AFE6AC->cf7cc385-5ca0-45b1-ac1d-dc278b2e7386: nextIndex: updateUnconditionally 0 -> 0
2021-07-15 16:37:14,742 [pool-216-thread-1] INFO  ha.SCMHAManagerImpl (SCMHAManagerImpl.java:verifyCheckpointFromLeader(172)) - Installing checkpoint with SCMTransactionInfo 2#24
2021-07-15 16:37:14,742 [pool-216-thread-1] INFO  server.RaftServer$Division (RaftServerImpl.java:lambda$notifyStateMachineToInstallSnapshot$30(1593)) - cf7cc385-5ca0-45b1-ac1d-dc278b2e7386@group-4CAFB8AFE6AC: StateMachine successfully installed snapshot index 24. Reloading the StateMachine.
2021-07-15 16:37:14,742 [pool-216-thread-1] INFO  segmented.SegmentedRaftLogWorker (SegmentedRaftLogWorker.java:lambda$new$0(133)) - cf7cc385-5ca0-45b1-ac1d-dc278b2e7386@group-4CAFB8AFE6AC-SegmentedRaftLogWorker: flushIndex: setUnconditionally -1 -> 24
2021-07-15 16:37:14,742 [pool-216-thread-1] INFO  segmented.SegmentedRaftLogWorker (SegmentedRaftLogWorker.java:lambda$new$0(133)) - cf7cc385-5ca0-45b1-ac1d-dc278b2e7386@group-4CAFB8AFE6AC-SegmentedRaftLogWorker: safeCacheEvictIndex: setUnconditionally -1 -> 24
2021-07-15 16:37:14,742 [pool-216-thread-1] INFO  raftlog.RaftLog (RaftLogBase.java:lambda$new$0(53)) - cf7cc385-5ca0-45b1-ac1d-dc278b2e7386@group-4CAFB8AFE6AC-SegmentedRaftLog: snapshotIndex: updateIncreasingly -1 -> 24
2021-07-15 16:37:14,751 [grpc-default-executor-0] INFO  server.RaftServer$Division (RaftServerImpl.java:installSnapshot(1328)) - cf7cc385-5ca0-45b1-ac1d-dc278b2e7386@group-4CAFB8AFE6AC: receive installSnapshot: 6394c69b-367f-4a62-9595-acf3eb8c80db->cf7cc385-5ca0-45b1-ac1d-dc278b2e7386#0-t2,notify:(t:2, i:1)
2021-07-15 16:37:14,751 [grpc-default-executor-0] INFO  server.RaftServer$Division (RaftServerImpl.java:notifyStateMachineToInstallSnapshot(1559)) - cf7cc385-5ca0-45b1-ac1d-dc278b2e7386@group-4CAFB8AFE6AC: StateMachine snapshotIndex is 24
2021-07-15 16:37:14,751 [grpc-default-executor-0] INFO  server.RaftServer$Division (RaftServerImpl.java:installSnapshotImpl(1458)) - cf7cc385-5ca0-45b1-ac1d-dc278b2e7386@group-4CAFB8AFE6AC: set new configuration index: 5
configurationEntry {
  peers {
    id: "6394c69b-367f-4a62-9595-acf3eb8c80db"
    address: "localhost:14048"
  }
  peers {
    id: "3f02e2f7-a9fe-43aa-a16a-2bf2030dc8fd"
    address: "localhost:14058"
  }
}
 from snapshot
2021-07-15 16:37:14,751 [grpc-default-executor-0] INFO  server.RaftServer$Division (ServerState.java:setRaftConf(373)) - cf7cc385-5ca0-45b1-ac1d-dc278b2e7386@group-4CAFB8AFE6AC: set configuration 5: [6394c69b-367f-4a62-9595-acf3eb8c80db|rpc:localhost:14048|admin:|client:|dataStream:|priority:0, 3f02e2f7-a9fe-43aa-a16a-2bf2030dc8fd|rpc:localhost:14058|admin:|client:|dataStream:|priority:0], old=null
2021-07-15 16:37:14,751 [grpc-default-executor-0] INFO  server.RaftServer$Division (RaftServerImpl.java:installSnapshot(1339)) - cf7cc385-5ca0-45b1-ac1d-dc278b2e7386@group-4CAFB8AFE6AC: reply installSnapshot: 6394c69b-367f-4a62-9595-acf3eb8c80db<-cf7cc385-5ca0-45b1-ac1d-dc278b2e7386#0:FAIL-t2,ALREADY_INSTALLED,snapshotIndex=24
2021-07-15 16:37:14,752 [grpc-default-executor-0] INFO  server.GrpcServerProtocolService (GrpcServerProtocolService.java:onCompleted(140)) - cf7cc385-5ca0-45b1-ac1d-dc278b2e7386: Completed INSTALL_SNAPSHOT, lastRequest: 6394c69b-367f-4a62-9595-acf3eb8c80db->cf7cc385-5ca0-45b1-ac1d-dc278b2e7386#0-t2,notify:(t:2, i:1)
2021-07-15 16:37:14,753 [grpc-default-executor-4] INFO  server.GrpcLogAppender (GrpcLogAppender.java:onNext(400)) - 6394c69b-367f-4a62-9595-acf3eb8c80db@group-4CAFB8AFE6AC->cf7cc385-5ca0-45b1-ac1d-dc278b2e7386-InstallSnapshotResponseHandler: received a reply 6394c69b-367f-4a62-9595-acf3eb8c80db<-cf7cc385-5ca0-45b1-ac1d-dc278b2e7386#0:FAIL-t2,ALREADY_INSTALLED,snapshotIndex=24
2021-07-15 16:37:14,753 [grpc-default-executor-4] INFO  server.GrpcLogAppender (GrpcLogAppender.java:onNext(422)) - 6394c69b-367f-4a62-9595-acf3eb8c80db@group-4CAFB8AFE6AC->cf7cc385-5ca0-45b1-ac1d-dc278b2e7386-InstallSnapshotResponseHandler: Already Installed Snapshot Index 24.
2021-07-15 16:37:14,753 [grpc-default-executor-4] INFO  leader.FollowerInfo (FollowerInfoImpl.java:lambda$new$0(46)) - 6394c69b-367f-4a62-9595-acf3eb8c80db@group-4CAFB8AFE6AC->cf7cc385-5ca0-45b1-ac1d-dc278b2e7386: snapshotIndex: setUnconditionally 0 -> 24
2021-07-15 16:37:14,753 [grpc-default-executor-4] INFO  leader.FollowerInfo (FollowerInfoImpl.java:lambda$new$0(46)) - 6394c69b-367f-4a62-9595-acf3eb8c80db@group-4CAFB8AFE6AC->cf7cc385-5ca0-45b1-ac1d-dc278b2e7386: matchIndex: setUnconditionally 0 -> 24
2021-07-15 16:37:14,753 [grpc-default-executor-4] INFO  leader.FollowerInfo (FollowerInfoImpl.java:lambda$new$0(46)) - 6394c69b-367f-4a62-9595-acf3eb8c80db@group-4CAFB8AFE6AC->cf7cc385-5ca0-45b1-ac1d-dc278b2e7386: nextIndex: setUnconditionally 0 -> 25
2021-07-15 16:37:14,753 [grpc-default-executor-4] INFO  leader.FollowerInfo (FollowerInfoImpl.java:lambda$new$0(46)) - 6394c69b-367f-4a62-9595-acf3eb8c80db@group-4CAFB8AFE6AC->cf7cc385-5ca0-45b1-ac1d-dc278b2e7386: nextIndex: updateToMax old=25, new=25, updated? false
2021-07-15 16:37:14,797 [cf7cc385-5ca0-45b1-ac1d-dc278b2e7386@group-4CAFB8AFE6AC-StateMachineUpdater] INFO  ha.SCMHAManagerImpl (SCMHAManagerImpl.java:installCheckpoint(227)) - Installing checkpoint with SCMTransactionInfo 2#24
2021-07-15 16:37:14,798 [cf7cc385-5ca0-45b1-ac1d-dc278b2e7386@group-4CAFB8AFE6AC-StateMachineUpdater] INFO  ha.SCMHAManagerImpl (SCMHAManagerImpl.java:installCheckpoint(266)) - Replaced DB with checkpoint, term: 2, index: 24
2021-07-15 16:37:14,798 [cf7cc385-5ca0-45b1-ac1d-dc278b2e7386@group-4CAFB8AFE6AC-StateMachineUpdater] WARN  utils.HAUtils (HAUtils.java:getMetaDir(342)) - ozone.scm.db.dirs is not configured. We recommend adding this setting. Falling back to ozone.metadata.dirs instead.
2021-07-15 16:37:14,799 [cf7cc385-5ca0-45b1-ac1d-dc278b2e7386@group-4CAFB8AFE6AC-StateMachineUpdater] WARN  db.DBStoreBuilder (DBStoreBuilder.java:applyDBDefinition(145)) - ozone.scm.db.dirs is not configured. We recommend adding this setting. Falling back to ozone.metadata.dirs instead.
2021-07-15 16:37:14,820 [EndpointStateMachine task thread for /127.0.0.1:12801 - 0 ] INFO  ipc.Client (Client.java:handleConnectionFailure(977)) - Retrying connect to server: localhost/127.0.0.1:12801. Already tried 14 time(s); retry policy is RetryUpToMaximumCountWithFixedSleep(maxRetries=15, sleepTime=1000 MILLISECONDS)
2021-07-15 16:37:14,821 [EndpointStateMachine task thread for /127.0.0.1:12811 - 0 ] INFO  ipc.Client (Client.java:handleConnectionFailure(977)) - Retrying connect to server: localhost/127.0.0.1:12811. Already tried 10 time(s); retry policy is RetryUpToMaximumCountWithFixedSleep(maxRetries=15, sleepTime=1000 MILLISECONDS)
2021-07-15 16:37:14,823 [EndpointStateMachine task thread for /127.0.0.1:12821 - 0 ] INFO  ipc.Client (Client.java:handleConnectionFailure(977)) - Retrying connect to server: localhost/127.0.0.1:12821. Already tried 10 time(s); retry policy is RetryUpToMaximumCountWithFixedSleep(maxRetries=15, sleepTime=1000 MILLISECONDS)
2021-07-15 16:37:14,840 [cf7cc385-5ca0-45b1-ac1d-dc278b2e7386@group-4CAFB8AFE6AC-StateMachineUpdater] INFO  ha.SequenceIdGenerator (SequenceIdGenerator.java:reinitialize(165)) - reinitialize SequenceIdGenerator.
2021-07-15 16:37:14,842 [cf7cc385-5ca0-45b1-ac1d-dc278b2e7386@group-4CAFB8AFE6AC-StateMachineUpdater] INFO  ha.SCMHAManagerImpl (SCMHAManagerImpl.java:installCheckpoint(277)) - Reloaded SCM state with Term: 2 and Index: 24
2021-07-15 16:37:14,844 [cf7cc385-5ca0-45b1-ac1d-dc278b2e7386@group-4CAFB8AFE6AC-StateMachineUpdater] INFO  impl.StateMachineUpdater (StateMachineUpdater.java:lambda$new$0(89)) - cf7cc385-5ca0-45b1-ac1d-dc278b2e7386@group-4CAFB8AFE6AC-StateMachineUpdater: snapshotIndex: setUnconditionally -1 -> 24
2021-07-15 16:37:14,844 [cf7cc385-5ca0-45b1-ac1d-dc278b2e7386@group-4CAFB8AFE6AC-StateMachineUpdater] INFO  impl.StateMachineUpdater (StateMachineUpdater.java:lambda$new$0(89)) - cf7cc385-5ca0-45b1-ac1d-dc278b2e7386@group-4CAFB8AFE6AC-StateMachineUpdater: appliedIndex: setUnconditionally -1 -> 24
2021-07-15 16:37:15,821 [EndpointStateMachine task thread for /127.0.0.1:12811 - 0 ] INFO  ipc.Client (Client.java:handleConnectionFailure(977)) - Retrying connect to server: localhost/127.0.0.1:12811. Already tried 11 time(s); retry policy is RetryUpToMaximumCountWithFixedSleep(maxRetries=15, sleepTime=1000 MILLISECONDS)
2021-07-15 16:37:15,823 [EndpointStateMachine task thread for /127.0.0.1:12821 - 0 ] INFO  ipc.Client (Client.java:handleConnectionFailure(977)) - Retrying connect to server: localhost/127.0.0.1:12821. Already tried 11 time(s); retry policy is RetryUpToMaximumCountWithFixedSleep(maxRetries=15, sleepTime=1000 MILLISECONDS)
2021-07-15 16:37:15,826 [EndpointStateMachine task thread for /127.0.0.1:12801 - 0 ] INFO  ipc.Client (Client.java:handleConnectionFailure(977)) - Retrying connect to server: localhost/127.0.0.1:12801. Already tried 0 time(s); retry policy is RetryUpToMaximumCountWithFixedSleep(maxRetries=15, sleepTime=1000 MILLISECONDS)
2021-07-15 16:37:16,514 [Datanode State Machine Thread - 0] ERROR datanode.RunningDatanodeState (RunningDatanodeState.java:computeNextContainerState(199)) - Error in executing end point task.
java.util.concurrent.ExecutionException: java.util.concurrent.TimeoutException
	at java.util.concurrent.FutureTask.report(FutureTask.java:122)
	at java.util.concurrent.FutureTask.get(FutureTask.java:192)
	at org.apache.hadoop.ozone.container.common.states.datanode.RunningDatanodeState.computeNextContainerState(RunningDatanodeState.java:191)
	at org.apache.hadoop.ozone.container.common.states.datanode.RunningDatanodeState.await(RunningDatanodeState.java:231)
	at org.apache.hadoop.ozone.container.common.states.datanode.RunningDatanodeState.await(RunningDatanodeState.java:50)
	at org.apache.hadoop.ozone.container.common.statemachine.StateContext.execute(StateContext.java:629)
	at org.apache.hadoop.ozone.container.common.statemachine.DatanodeStateMachine.start(DatanodeStateMachine.java:269)
	at org.apache.hadoop.ozone.container.common.statemachine.DatanodeStateMachine.lambda$startDaemon$0(DatanodeStateMachine.java:455)
	at java.lang.Thread.run(Thread.java:748)
Caused by: java.util.concurrent.TimeoutException
	at java.util.concurrent.FutureTask.get(FutureTask.java:205)
	at org.apache.hadoop.ozone.container.common.states.datanode.RunningDatanodeState.lambda$execute$0(RunningDatanodeState.java:149)
	at java.util.concurrent.FutureTask.run(FutureTask.java:266)
	at java.util.concurrent.Executors$RunnableAdapter.call(Executors.java:511)
	at java.util.concurrent.FutureTask.run(FutureTask.java:266)
	at java.util.concurrent.ThreadPoolExecutor.runWorker(ThreadPoolExecutor.java:1149)
	at java.util.concurrent.ThreadPoolExecutor$Worker.run(ThreadPoolExecutor.java:624)
	... 1 more
2021-07-15 16:37:16,822 [EndpointStateMachine task thread for /127.0.0.1:12811 - 0 ] INFO  ipc.Client (Client.java:handleConnectionFailure(977)) - Retrying connect to server: localhost/127.0.0.1:12811. Already tried 12 time(s); retry policy is RetryUpToMaximumCountWithFixedSleep(maxRetries=15, sleepTime=1000 MILLISECONDS)
2021-07-15 16:37:16,824 [EndpointStateMachine task thread for /127.0.0.1:12821 - 0 ] INFO  ipc.Client (Client.java:handleConnectionFailure(977)) - Retrying connect to server: localhost/127.0.0.1:12821. Already tried 12 time(s); retry policy is RetryUpToMaximumCountWithFixedSleep(maxRetries=15, sleepTime=1000 MILLISECONDS)
2021-07-15 16:37:16,826 [EndpointStateMachine task thread for /127.0.0.1:12801 - 0 ] INFO  ipc.Client (Client.java:handleConnectionFailure(977)) - Retrying connect to server: localhost/127.0.0.1:12801. Already tried 1 time(s); retry policy is RetryUpToMaximumCountWithFixedSleep(maxRetries=15, sleepTime=1000 MILLISECONDS)
2021-07-15 16:37:17,290 [Datanode State Machine Thread - 0] ERROR datanode.RunningDatanodeState (RunningDatanodeState.java:computeNextContainerState(199)) - Error in executing end point task.
java.util.concurrent.ExecutionException: java.util.concurrent.TimeoutException
	at java.util.concurrent.FutureTask.report(FutureTask.java:122)
	at java.util.concurrent.FutureTask.get(FutureTask.java:192)
	at org.apache.hadoop.ozone.container.common.states.datanode.RunningDatanodeState.computeNextContainerState(RunningDatanodeState.java:191)
	at org.apache.hadoop.ozone.container.common.states.datanode.RunningDatanodeState.await(RunningDatanodeState.java:231)
	at org.apache.hadoop.ozone.container.common.states.datanode.RunningDatanodeState.await(RunningDatanodeState.java:50)
	at org.apache.hadoop.ozone.container.common.statemachine.StateContext.execute(StateContext.java:629)
	at org.apache.hadoop.ozone.container.common.statemachine.DatanodeStateMachine.start(DatanodeStateMachine.java:269)
	at org.apache.hadoop.ozone.container.common.statemachine.DatanodeStateMachine.lambda$startDaemon$0(DatanodeStateMachine.java:455)
	at java.lang.Thread.run(Thread.java:748)
Caused by: java.util.concurrent.TimeoutException
	at java.util.concurrent.FutureTask.get(FutureTask.java:205)
	at org.apache.hadoop.ozone.container.common.states.datanode.RunningDatanodeState.lambda$execute$0(RunningDatanodeState.java:149)
	at java.util.concurrent.FutureTask.run(FutureTask.java:266)
	at java.util.concurrent.Executors$RunnableAdapter.call(Executors.java:511)
	at java.util.concurrent.FutureTask.run(FutureTask.java:266)
	at java.util.concurrent.ThreadPoolExecutor.runWorker(ThreadPoolExecutor.java:1149)
	at java.util.concurrent.ThreadPoolExecutor$Worker.run(ThreadPoolExecutor.java:624)
	... 1 more
2021-07-15 16:37:17,822 [EndpointStateMachine task thread for /127.0.0.1:12811 - 0 ] INFO  ipc.Client (Client.java:handleConnectionFailure(977)) - Retrying connect to server: localhost/127.0.0.1:12811. Already tried 13 time(s); retry policy is RetryUpToMaximumCountWithFixedSleep(maxRetries=15, sleepTime=1000 MILLISECONDS)
2021-07-15 16:37:17,825 [EndpointStateMachine task thread for /127.0.0.1:12821 - 0 ] INFO  ipc.Client (Client.java:handleConnectionFailure(977)) - Retrying connect to server: localhost/127.0.0.1:12821. Already tried 13 time(s); retry policy is RetryUpToMaximumCountWithFixedSleep(maxRetries=15, sleepTime=1000 MILLISECONDS)
2021-07-15 16:37:17,827 [EndpointStateMachine task thread for /127.0.0.1:12801 - 0 ] INFO  ipc.Client (Client.java:handleConnectionFailure(977)) - Retrying connect to server: localhost/127.0.0.1:12801. Already tried 2 time(s); retry policy is RetryUpToMaximumCountWithFixedSleep(maxRetries=15, sleepTime=1000 MILLISECONDS)
2021-07-15 16:37:18,516 [Datanode State Machine Thread - 0] ERROR datanode.RunningDatanodeState (RunningDatanodeState.java:computeNextContainerState(199)) - Error in executing end point task.
java.util.concurrent.ExecutionException: java.util.concurrent.TimeoutException
	at java.util.concurrent.FutureTask.report(FutureTask.java:122)
	at java.util.concurrent.FutureTask.get(FutureTask.java:192)
	at org.apache.hadoop.ozone.container.common.states.datanode.RunningDatanodeState.computeNextContainerState(RunningDatanodeState.java:191)
	at org.apache.hadoop.ozone.container.common.states.datanode.RunningDatanodeState.await(RunningDatanodeState.java:231)
	at org.apache.hadoop.ozone.container.common.states.datanode.RunningDatanodeState.await(RunningDatanodeState.java:50)
	at org.apache.hadoop.ozone.container.common.statemachine.StateContext.execute(StateContext.java:629)
	at org.apache.hadoop.ozone.container.common.statemachine.DatanodeStateMachine.start(DatanodeStateMachine.java:269)
	at org.apache.hadoop.ozone.container.common.statemachine.DatanodeStateMachine.lambda$startDaemon$0(DatanodeStateMachine.java:455)
	at java.lang.Thread.run(Thread.java:748)
Caused by: java.util.concurrent.TimeoutException
	at java.util.concurrent.FutureTask.get(FutureTask.java:205)
	at org.apache.hadoop.ozone.container.common.states.datanode.RunningDatanodeState.lambda$execute$0(RunningDatanodeState.java:149)
	at java.util.concurrent.FutureTask.run(FutureTask.java:266)
	at java.util.concurrent.Executors$RunnableAdapter.call(Executors.java:511)
	at java.util.concurrent.FutureTask.run(FutureTask.java:266)
	at java.util.concurrent.ThreadPoolExecutor.runWorker(ThreadPoolExecutor.java:1149)
	at java.util.concurrent.ThreadPoolExecutor$Worker.run(ThreadPoolExecutor.java:624)
	... 1 more
2021-07-15 16:37:18,823 [EndpointStateMachine task thread for /127.0.0.1:12811 - 0 ] INFO  ipc.Client (Client.java:handleConnectionFailure(977)) - Retrying connect to server: localhost/127.0.0.1:12811. Already tried 14 time(s); retry policy is RetryUpToMaximumCountWithFixedSleep(maxRetries=15, sleepTime=1000 MILLISECONDS)
2021-07-15 16:37:18,825 [EndpointStateMachine task thread for /127.0.0.1:12821 - 0 ] INFO  ipc.Client (Client.java:handleConnectionFailure(977)) - Retrying connect to server: localhost/127.0.0.1:12821. Already tried 14 time(s); retry policy is RetryUpToMaximumCountWithFixedSleep(maxRetries=15, sleepTime=1000 MILLISECONDS)
2021-07-15 16:37:18,827 [EndpointStateMachine task thread for /127.0.0.1:12801 - 0 ] INFO  ipc.Client (Client.java:handleConnectionFailure(977)) - Retrying connect to server: localhost/127.0.0.1:12801. Already tried 3 time(s); retry policy is RetryUpToMaximumCountWithFixedSleep(maxRetries=15, sleepTime=1000 MILLISECONDS)
2021-07-15 16:37:19,136 [Datanode State Machine Thread - 0] ERROR datanode.RunningDatanodeState (RunningDatanodeState.java:computeNextContainerState(199)) - Error in executing end point task.
java.util.concurrent.ExecutionException: java.util.concurrent.TimeoutException
	at java.util.concurrent.FutureTask.report(FutureTask.java:122)
	at java.util.concurrent.FutureTask.get(FutureTask.java:192)
	at org.apache.hadoop.ozone.container.common.states.datanode.RunningDatanodeState.computeNextContainerState(RunningDatanodeState.java:191)
	at org.apache.hadoop.ozone.container.common.states.datanode.RunningDatanodeState.await(RunningDatanodeState.java:231)
	at org.apache.hadoop.ozone.container.common.states.datanode.RunningDatanodeState.await(RunningDatanodeState.java:50)
	at org.apache.hadoop.ozone.container.common.statemachine.StateContext.execute(StateContext.java:629)
	at org.apache.hadoop.ozone.container.common.statemachine.DatanodeStateMachine.start(DatanodeStateMachine.java:269)
	at org.apache.hadoop.ozone.container.common.statemachine.DatanodeStateMachine.lambda$startDaemon$0(DatanodeStateMachine.java:455)
	at java.lang.Thread.run(Thread.java:748)
Caused by: java.util.concurrent.TimeoutException
	at java.util.concurrent.FutureTask.get(FutureTask.java:205)
	at org.apache.hadoop.ozone.container.common.states.datanode.RunningDatanodeState.lambda$execute$0(RunningDatanodeState.java:149)
	at java.util.concurrent.FutureTask.run(FutureTask.java:266)
	at java.util.concurrent.Executors$RunnableAdapter.call(Executors.java:511)
	at java.util.concurrent.FutureTask.run(FutureTask.java:266)
	at java.util.concurrent.ThreadPoolExecutor.runWorker(ThreadPoolExecutor.java:1149)
	at java.util.concurrent.ThreadPoolExecutor$Worker.run(ThreadPoolExecutor.java:624)
	... 1 more
2021-07-15 16:37:19,294 [Datanode State Machine Thread - 0] ERROR datanode.RunningDatanodeState (RunningDatanodeState.java:computeNextContainerState(199)) - Error in executing end point task.
java.util.concurrent.ExecutionException: java.util.concurrent.TimeoutException
	at java.util.concurrent.FutureTask.report(FutureTask.java:122)
	at java.util.concurrent.FutureTask.get(FutureTask.java:192)
	at org.apache.hadoop.ozone.container.common.states.datanode.RunningDatanodeState.computeNextContainerState(RunningDatanodeState.java:191)
	at org.apache.hadoop.ozone.container.common.states.datanode.RunningDatanodeState.await(RunningDatanodeState.java:231)
	at org.apache.hadoop.ozone.container.common.states.datanode.RunningDatanodeState.await(RunningDatanodeState.java:50)
	at org.apache.hadoop.ozone.container.common.statemachine.StateContext.execute(StateContext.java:629)
	at org.apache.hadoop.ozone.container.common.statemachine.DatanodeStateMachine.start(DatanodeStateMachine.java:269)
	at org.apache.hadoop.ozone.container.common.statemachine.DatanodeStateMachine.lambda$startDaemon$0(DatanodeStateMachine.java:455)
	at java.lang.Thread.run(Thread.java:748)
Caused by: java.util.concurrent.TimeoutException
	at java.util.concurrent.FutureTask.get(FutureTask.java:205)
	at org.apache.hadoop.ozone.container.common.states.datanode.RunningDatanodeState.lambda$execute$0(RunningDatanodeState.java:149)
	at java.util.concurrent.FutureTask.run(FutureTask.java:266)
	at java.util.concurrent.Executors$RunnableAdapter.call(Executors.java:511)
	at java.util.concurrent.FutureTask.run(FutureTask.java:266)
	at java.util.concurrent.ThreadPoolExecutor.runWorker(ThreadPoolExecutor.java:1149)
	at java.util.concurrent.ThreadPoolExecutor$Worker.run(ThreadPoolExecutor.java:624)
	... 1 more
2021-07-15 16:37:19,514 [6394c69b-367f-4a62-9595-acf3eb8c80db@group-4CAFB8AFE6AC-LeaderStateImpl] INFO  server.RaftServer$Division (ServerState.java:setRaftConf(373)) - 6394c69b-367f-4a62-9595-acf3eb8c80db@group-4CAFB8AFE6AC: set configuration 25: [cf7cc385-5ca0-45b1-ac1d-dc278b2e7386|rpc:localhost:14068|priority:0, 6394c69b-367f-4a62-9595-acf3eb8c80db|rpc:localhost:14048|admin:|client:|dataStream:|priority:0, 3f02e2f7-a9fe-43aa-a16a-2bf2030dc8fd|rpc:localhost:14058|priority:0], old=[6394c69b-367f-4a62-9595-acf3eb8c80db|rpc:localhost:14048|admin:|client:|dataStream:|priority:0, 3f02e2f7-a9fe-43aa-a16a-2bf2030dc8fd|rpc:localhost:14058|priority:0]
2021-07-15 16:37:19,515 [grpc-default-executor-1] INFO  server.RaftServer$Division (ServerState.java:setRaftConf(373)) - 3f02e2f7-a9fe-43aa-a16a-2bf2030dc8fd@group-4CAFB8AFE6AC: set configuration 25: [cf7cc385-5ca0-45b1-ac1d-dc278b2e7386|rpc:localhost:14068|admin:|client:|dataStream:|priority:0, 6394c69b-367f-4a62-9595-acf3eb8c80db|rpc:localhost:14048|admin:|client:|dataStream:|priority:0, 3f02e2f7-a9fe-43aa-a16a-2bf2030dc8fd|rpc:localhost:14058|admin:|client:|dataStream:|priority:0], old=[6394c69b-367f-4a62-9595-acf3eb8c80db|rpc:localhost:14048|admin:|client:|dataStream:|priority:0, 3f02e2f7-a9fe-43aa-a16a-2bf2030dc8fd|rpc:localhost:14058|admin:|client:|dataStream:|priority:0]
2021-07-15 16:37:19,516 [grpc-default-executor-4] INFO  server.RaftServer$Division (ServerState.java:setRaftConf(373)) - cf7cc385-5ca0-45b1-ac1d-dc278b2e7386@group-4CAFB8AFE6AC: set configuration 25: [cf7cc385-5ca0-45b1-ac1d-dc278b2e7386|rpc:localhost:14068|admin:|client:|dataStream:|priority:0, 6394c69b-367f-4a62-9595-acf3eb8c80db|rpc:localhost:14048|admin:|client:|dataStream:|priority:0, 3f02e2f7-a9fe-43aa-a16a-2bf2030dc8fd|rpc:localhost:14058|admin:|client:|dataStream:|priority:0], old=[6394c69b-367f-4a62-9595-acf3eb8c80db|rpc:localhost:14048|admin:|client:|dataStream:|priority:0, 3f02e2f7-a9fe-43aa-a16a-2bf2030dc8fd|rpc:localhost:14058|admin:|client:|dataStream:|priority:0]
2021-07-15 16:37:19,516 [grpc-default-executor-4] INFO  segmented.SegmentedRaftLogWorker (SegmentedRaftLogWorker.java:startLogSegment(394)) - cf7cc385-5ca0-45b1-ac1d-dc278b2e7386@group-4CAFB8AFE6AC-SegmentedRaftLogWorker: Starting segment from index:25
2021-07-15 16:37:19,517 [cf7cc385-5ca0-45b1-ac1d-dc278b2e7386@group-4CAFB8AFE6AC-SegmentedRaftLogWorker] INFO  segmented.SegmentedRaftLogWorker (SegmentedRaftLogWorker.java:execute(601)) - cf7cc385-5ca0-45b1-ac1d-dc278b2e7386@group-4CAFB8AFE6AC-SegmentedRaftLogWorker: created new log segment /home/runner/work/ozone/ozone/mnt/ozone/hadoop-ozone/integration-test/target/test-dir/MiniOzoneClusterImpl-8ef06965-d5c9-44f0-9cd1-4cafb8afe6ac/scmNode-3/scm-ha/8ef06965-d5c9-44f0-9cd1-4cafb8afe6ac/current/log_inprogress_25
2021-07-15 16:37:19,518 [6394c69b-367f-4a62-9595-acf3eb8c80db@group-4CAFB8AFE6AC-LeaderStateImpl] INFO  server.RaftServer$Division (ServerState.java:setRaftConf(373)) - 6394c69b-367f-4a62-9595-acf3eb8c80db@group-4CAFB8AFE6AC: set configuration 27: [cf7cc385-5ca0-45b1-ac1d-dc278b2e7386|rpc:localhost:14068|priority:0, 6394c69b-367f-4a62-9595-acf3eb8c80db|rpc:localhost:14048|admin:|client:|dataStream:|priority:0, 3f02e2f7-a9fe-43aa-a16a-2bf2030dc8fd|rpc:localhost:14058|priority:0], old=null
2021-07-15 16:37:19,518 [6394c69b-367f-4a62-9595-acf3eb8c80db@group-4CAFB8AFE6AC-StateMachineUpdater] INFO  ha.SCMStateMachine (SCMStateMachine.java:takeSnapshot(290)) - Current Snapshot Index 25, takeSnapshot took 0 ms
2021-07-15 16:37:19,518 [6394c69b-367f-4a62-9595-acf3eb8c80db@group-4CAFB8AFE6AC-StateMachineUpdater] INFO  impl.StateMachineUpdater (StateMachineUpdater.java:takeSnapshot(281)) - 6394c69b-367f-4a62-9595-acf3eb8c80db@group-4CAFB8AFE6AC-StateMachineUpdater: Took a snapshot at index 25
2021-07-15 16:37:19,518 [6394c69b-367f-4a62-9595-acf3eb8c80db@group-4CAFB8AFE6AC-StateMachineUpdater] INFO  impl.StateMachineUpdater (StateMachineUpdater.java:lambda$new$0(89)) - 6394c69b-367f-4a62-9595-acf3eb8c80db@group-4CAFB8AFE6AC-StateMachineUpdater: snapshotIndex: updateIncreasingly 20 -> 25
2021-07-15 16:37:19,518 [6394c69b-367f-4a62-9595-acf3eb8c80db@group-4CAFB8AFE6AC-StateMachineUpdater] INFO  raftlog.RaftLog (RaftLogBase.java:purge(306)) - 6394c69b-367f-4a62-9595-acf3eb8c80db@group-4CAFB8AFE6AC-SegmentedRaftLog: purge 25
2021-07-15 16:37:19,518 [6394c69b-367f-4a62-9595-acf3eb8c80db@group-4CAFB8AFE6AC-StateMachineUpdater] INFO  raftlog.RaftLog (RaftLogBase.java:lambda$new$0(53)) - 6394c69b-367f-4a62-9595-acf3eb8c80db@group-4CAFB8AFE6AC-SegmentedRaftLog: snapshotIndex: updateIncreasingly 20 -> 25
2021-07-15 16:37:19,518 [6394c69b-367f-4a62-9595-acf3eb8c80db@group-4CAFB8AFE6AC-StateMachineUpdater] INFO  raftlog.RaftLog (RaftLogBase.java:lambda$new$0(53)) - 6394c69b-367f-4a62-9595-acf3eb8c80db@group-4CAFB8AFE6AC-SegmentedRaftLog: purgeIndex: updateToMax old=20, new=25, updated? true
2021-07-15 16:37:19,519 [Datanode State Machine Thread - 0] ERROR datanode.RunningDatanodeState (RunningDatanodeState.java:computeNextContainerState(199)) - Error in executing end point task.
java.util.concurrent.ExecutionException: java.util.concurrent.TimeoutException
	at java.util.concurrent.FutureTask.report(FutureTask.java:122)
	at java.util.concurrent.FutureTask.get(FutureTask.java:192)
	at org.apache.hadoop.ozone.container.common.states.datanode.RunningDatanodeState.computeNextContainerState(RunningDatanodeState.java:191)
	at org.apache.hadoop.ozone.container.common.states.datanode.RunningDatanodeState.await(RunningDatanodeState.java:231)
	at org.apache.hadoop.ozone.container.common.states.datanode.RunningDatanodeState.await(RunningDatanodeState.java:50)
	at org.apache.hadoop.ozone.container.common.statemachine.StateContext.execute(StateContext.java:629)
	at org.apache.hadoop.ozone.container.common.statemachine.DatanodeStateMachine.start(DatanodeStateMachine.java:269)
	at org.apache.hadoop.ozone.container.common.statemachine.DatanodeStateMachine.lambda$startDaemon$0(DatanodeStateMachine.java:455)
	at java.lang.Thread.run(Thread.java:748)
Caused by: java.util.concurrent.TimeoutException
	at java.util.concurrent.FutureTask.get(FutureTask.java:205)
	at org.apache.hadoop.ozone.container.common.states.datanode.RunningDatanodeState.lambda$execute$0(RunningDatanodeState.java:149)
	at java.util.concurrent.FutureTask.run(FutureTask.java:266)
	at java.util.concurrent.Executors$RunnableAdapter.call(Executors.java:511)
	at java.util.concurrent.FutureTask.run(FutureTask.java:266)
	at java.util.concurrent.ThreadPoolExecutor.runWorker(ThreadPoolExecutor.java:1149)
	at java.util.concurrent.ThreadPoolExecutor$Worker.run(ThreadPoolExecutor.java:624)
	... 1 more
2021-07-15 16:37:19,519 [grpc-default-executor-4] INFO  server.RaftServer$Division (ServerState.java:setRaftConf(373)) - cf7cc385-5ca0-45b1-ac1d-dc278b2e7386@group-4CAFB8AFE6AC: set configuration 27: [cf7cc385-5ca0-45b1-ac1d-dc278b2e7386|rpc:localhost:14068|admin:|client:|dataStream:|priority:0, 6394c69b-367f-4a62-9595-acf3eb8c80db|rpc:localhost:14048|admin:|client:|dataStream:|priority:0, 3f02e2f7-a9fe-43aa-a16a-2bf2030dc8fd|rpc:localhost:14058|admin:|client:|dataStream:|priority:0], old=null
2021-07-15 16:37:19,521 [grpc-default-executor-1] INFO  server.RaftServer$Division (ServerState.java:setRaftConf(373)) - 3f02e2f7-a9fe-43aa-a16a-2bf2030dc8fd@group-4CAFB8AFE6AC: set configuration 27: [cf7cc385-5ca0-45b1-ac1d-dc278b2e7386|rpc:localhost:14068|admin:|client:|dataStream:|priority:0, 6394c69b-367f-4a62-9595-acf3eb8c80db|rpc:localhost:14048|admin:|client:|dataStream:|priority:0, 3f02e2f7-a9fe-43aa-a16a-2bf2030dc8fd|rpc:localhost:14058|admin:|client:|dataStream:|priority:0], old=null
2021-07-15 16:37:19,524 [3f02e2f7-a9fe-43aa-a16a-2bf2030dc8fd@group-4CAFB8AFE6AC-StateMachineUpdater] INFO  ha.SCMStateMachine (SCMStateMachine.java:takeSnapshot(290)) - Current Snapshot Index 25, takeSnapshot took 0 ms
2021-07-15 16:37:19,524 [3f02e2f7-a9fe-43aa-a16a-2bf2030dc8fd@group-4CAFB8AFE6AC-StateMachineUpdater] INFO  impl.StateMachineUpdater (StateMachineUpdater.java:takeSnapshot(281)) - 3f02e2f7-a9fe-43aa-a16a-2bf2030dc8fd@group-4CAFB8AFE6AC-StateMachineUpdater: Took a snapshot at index 25
2021-07-15 16:37:19,524 [3f02e2f7-a9fe-43aa-a16a-2bf2030dc8fd@group-4CAFB8AFE6AC-StateMachineUpdater] INFO  impl.StateMachineUpdater (StateMachineUpdater.java:lambda$new$0(89)) - 3f02e2f7-a9fe-43aa-a16a-2bf2030dc8fd@group-4CAFB8AFE6AC-StateMachineUpdater: snapshotIndex: updateIncreasingly 20 -> 25
2021-07-15 16:37:19,524 [3f02e2f7-a9fe-43aa-a16a-2bf2030dc8fd@group-4CAFB8AFE6AC-StateMachineUpdater] INFO  raftlog.RaftLog (RaftLogBase.java:purge(306)) - 3f02e2f7-a9fe-43aa-a16a-2bf2030dc8fd@group-4CAFB8AFE6AC-SegmentedRaftLog: purge 25
2021-07-15 16:37:19,524 [3f02e2f7-a9fe-43aa-a16a-2bf2030dc8fd@group-4CAFB8AFE6AC-StateMachineUpdater] INFO  raftlog.RaftLog (RaftLogBase.java:lambda$new$0(53)) - 3f02e2f7-a9fe-43aa-a16a-2bf2030dc8fd@group-4CAFB8AFE6AC-SegmentedRaftLog: snapshotIndex: updateIncreasingly 20 -> 25
2021-07-15 16:37:19,524 [3f02e2f7-a9fe-43aa-a16a-2bf2030dc8fd@group-4CAFB8AFE6AC-StateMachineUpdater] INFO  raftlog.RaftLog (RaftLogBase.java:lambda$new$0(53)) - 3f02e2f7-a9fe-43aa-a16a-2bf2030dc8fd@group-4CAFB8AFE6AC-SegmentedRaftLog: purgeIndex: updateToMax old=20, new=25, updated? true
2021-07-15 16:37:19,525 [IPC Server handler 99 on default port 14050] INFO  ha.SCMRatisServerImpl (SCMRatisServerImpl.java:addSCM(291)) - Successfully added new SCM: cf7cc385-5ca0-45b1-ac1d-dc278b2e7386.
2021-07-15 16:37:19,526 [Listener at 127.0.0.1/10248] INFO  ha.SCMHAManagerImpl (SCMHAManagerImpl.java:start(116)) - Successfully added SCM scmNode-3 to group group-4CAFB8AFE6AC:[cf7cc385-5ca0-45b1-ac1d-dc278b2e7386|rpc:localhost:14068|admin:|client:|dataStream:|priority:0, 6394c69b-367f-4a62-9595-acf3eb8c80db|rpc:localhost:14048|admin:|client:|dataStream:|priority:0, 3f02e2f7-a9fe-43aa-a16a-2bf2030dc8fd|rpc:localhost:14058|admin:|client:|dataStream:|priority:0]
2021-07-15 16:37:19,526 [Listener at 127.0.0.1/10248] INFO  ha.InterSCMGrpcService (InterSCMGrpcProtocolService.java:start(94)) - Starting SCM Grpc Service at port 14072
2021-07-15 16:37:19,527 [Listener at 127.0.0.1/10248] INFO  impl.MetricsSystemImpl (MetricsSystemImpl.java:init(158)) - StorageContainerManager metrics system started (again)
2021-07-15 16:37:19,550 [cf7cc385-5ca0-45b1-ac1d-dc278b2e7386@group-4CAFB8AFE6AC-StateMachineUpdater] INFO  safemode.HealthyPipelineSafeModeRule (HealthyPipelineSafeModeRule.java:initializeRule(152)) - Refreshed total pipeline count is 1, healthy pipeline threshold count is 1
2021-07-15 16:37:19,550 [cf7cc385-5ca0-45b1-ac1d-dc278b2e7386@group-4CAFB8AFE6AC-StateMachineUpdater] INFO  safemode.ContainerSafeModeRule (ContainerSafeModeRule.java:reInitializeRule(177)) - Refreshed one replica container threshold 0, currentThreshold 0
2021-07-15 16:37:19,550 [cf7cc385-5ca0-45b1-ac1d-dc278b2e7386@group-4CAFB8AFE6AC-StateMachineUpdater] INFO  safemode.OneReplicaPipelineSafeModeRule (OneReplicaPipelineSafeModeRule.java:initializeRule(176)) - Refreshed Total pipeline count is 1, pipeline's with at least one datanode reported threshold count is 1
2021-07-15 16:37:19,550 [cf7cc385-5ca0-45b1-ac1d-dc278b2e7386@group-4CAFB8AFE6AC-StateMachineUpdater] INFO  server.SCMDatanodeProtocolServer (SCMDatanodeProtocolServer.java:start(181)) - RPC server for DataNodes is listening at /0.0.0.0:14069
2021-07-15 16:37:19,550 [Listener at 127.0.0.1/10248] INFO  server.SCMClientProtocolServer (SCMClientProtocolServer.java:start(165)) - RPC server for Client  is listening at /0.0.0.0:14071
2021-07-15 16:37:19,551 [IPC Server Responder] INFO  ipc.Server (Server.java:run(1507)) - IPC Server Responder: starting
2021-07-15 16:37:19,551 [IPC Server listener on 14071] INFO  ipc.Server (Server.java:run(1344)) - IPC Server listener on 14071: starting
2021-07-15 16:37:19,583 [Listener at 127.0.0.1/10248] INFO  server.StorageContainerManager (StorageContainerManager.java:start(1257)) - ScmBlockLocationProtocol RPC server is listening at /0.0.0.0:14070
2021-07-15 16:37:19,583 [Listener at 127.0.0.1/10248] INFO  server.SCMBlockProtocolServer (SCMBlockProtocolServer.java:start(151)) - RPC server for Block Protocol is listening at /0.0.0.0:14070
2021-07-15 16:37:19,584 [IPC Server Responder] INFO  ipc.Server (Server.java:run(1507)) - IPC Server Responder: starting
2021-07-15 16:37:19,584 [IPC Server listener on 14070] INFO  ipc.Server (Server.java:run(1344)) - IPC Server listener on 14070: starting
2021-07-15 16:37:19,586 [Listener at 127.0.0.1/10248] INFO  server.StorageContainerManager (StorageContainerManager.java:start(1263)) - ScmDatanodeProtocl RPC server is listening at /0.0.0.0:14069
2021-07-15 16:37:19,594 [Listener at 127.0.0.1/10248] INFO  http.BaseHttpServer (BaseHttpServer.java:newHttpServer2BuilderForOzone(209)) - Starting Web-server for scm at: http://0.0.0.0:14066
2021-07-15 16:37:19,594 [Listener at 127.0.0.1/10248] INFO  http.BaseHttpServer (BaseHttpServer.java:<init>(107)) - Hadoop Security Enabled: false Ozone Security Enabled: false Ozone HTTP Security Enabled: false 
2021-07-15 16:37:19,594 [org.apache.hadoop.util.JvmPauseMonitor$Monitor@635234f5] INFO  util.JvmPauseMonitor (JvmPauseMonitor.java:run(188)) - Starting JVM pause monitor
2021-07-15 16:37:19,595 [IPC Server Responder] INFO  ipc.Server (Server.java:run(1507)) - IPC Server Responder: starting
2021-07-15 16:37:19,598 [IPC Server listener on 14069] INFO  ipc.Server (Server.java:run(1344)) - IPC Server listener on 14069: starting
2021-07-15 16:37:19,598 [Listener at 127.0.0.1/10248] INFO  server.AuthenticationFilter (AuthenticationFilter.java:constructSecretProvider(240)) - Unable to initialize FileSignerSecretProvider, falling back to use random secrets.
2021-07-15 16:37:19,601 [Listener at 127.0.0.1/10248] WARN  http.HttpRequestLog (HttpRequestLog.java:getRequestLog(103)) - Jetty request log can only be enabled using Log4j
2021-07-15 16:37:19,602 [Listener at 127.0.0.1/10248] INFO  http.HttpServer2 (HttpServer2.java:addGlobalFilter(1020)) - Added global filter 'safety' (class=org.apache.hadoop.hdds.server.http.HttpServer2$QuotingInputFilter)
2021-07-15 16:37:19,603 [Listener at 127.0.0.1/10248] INFO  http.HttpServer2 (HttpServer2.java:addFilter(996)) - Added filter static_user_filter (class=org.apache.hadoop.http.lib.StaticUserWebFilter$StaticUserFilter) to context scm
2021-07-15 16:37:19,603 [Listener at 127.0.0.1/10248] INFO  http.HttpServer2 (HttpServer2.java:addFilter(1004)) - Added filter static_user_filter (class=org.apache.hadoop.http.lib.StaticUserWebFilter$StaticUserFilter) to context logs
2021-07-15 16:37:19,603 [Listener at 127.0.0.1/10248] INFO  http.HttpServer2 (HttpServer2.java:addFilter(1004)) - Added filter static_user_filter (class=org.apache.hadoop.http.lib.StaticUserWebFilter$StaticUserFilter) to context static
2021-07-15 16:37:19,604 [Listener at 127.0.0.1/10248] INFO  http.HttpServer2 (HttpServer2.java:bindListener(1238)) - Jetty bound to port 14066
2021-07-15 16:37:19,604 [Listener at 127.0.0.1/10248] INFO  server.Server (Server.java:doStart(375)) - jetty-9.4.35.v20201120; built: 2020-11-20T21:17:03.964Z; git: bdc54f03a5e0a7e280fab27f55c3c75ee8da89fb; jvm 1.8.0_292-b10
2021-07-15 16:37:19,611 [IPC Server handler 0 on default port 14069] INFO  ipc.Server (Server.java:run(1026)) - IPC Server handler 0 on default port 14069: skipped Call#226 Retry#0 org.apache.hadoop.ozone.protocol.StorageContainerDatanodeProtocol.submitRequest from 127.0.0.1:38364
2021-07-15 16:37:19,611 [IPC Server handler 0 on default port 14069] WARN  ipc.Server (Server.java:processResponse(1717)) - IPC Server handler 0 on default port 14069, call Call#330 Retry#0 org.apache.hadoop.ozone.protocol.StorageContainerDatanodeProtocol.submitRequest from 127.0.0.1:38516: output error
2021-07-15 16:37:19,611 [Listener at 127.0.0.1/10248] INFO  server.session (DefaultSessionIdManager.java:doStart(334)) - DefaultSessionIdManager workerName=node0
2021-07-15 16:37:19,612 [Listener at 127.0.0.1/10248] INFO  server.session (DefaultSessionIdManager.java:doStart(339)) - No SessionScavenger set, using defaults
2021-07-15 16:37:19,612 [Listener at 127.0.0.1/10248] INFO  server.session (HouseKeeper.java:startScavenging(132)) - node0 Scavenging every 660000ms
2021-07-15 16:37:19,613 [Listener at 127.0.0.1/10248] INFO  handler.ContextHandler (ContextHandler.java:doStart(916)) - Started o.e.j.s.ServletContextHandler@27477eb7{logs,/logs,file:///home/runner/work/ozone/ozone/mnt/ozone/hadoop-ozone/integration-test/target/log,AVAILABLE}
2021-07-15 16:37:19,613 [Listener at 127.0.0.1/10248] INFO  handler.ContextHandler (ContextHandler.java:doStart(916)) - Started o.e.j.s.ServletContextHandler@6eb48b34{static,/static,file:///home/runner/work/ozone/ozone/mnt/ozone/hadoop-ozone/integration-test/target/test-classes/webapps/static,AVAILABLE}
2021-07-15 16:37:19,614 [IPC Server handler 3 on default port 14069] INFO  ipc.Server (Server.java:run(1026)) - IPC Server handler 3 on default port 14069: skipped Call#294 Retry#0 org.apache.hadoop.ozone.protocol.StorageContainerDatanodeProtocol.submitRequest from 127.0.0.1:38464
2021-07-15 16:37:19,614 [IPC Server handler 3 on default port 14069] INFO  ipc.Server (Server.java:run(1026)) - IPC Server handler 3 on default port 14069: skipped Call#229 Retry#0 org.apache.hadoop.ozone.protocol.StorageContainerDatanodeProtocol.submitRequest from 127.0.0.1:38364
2021-07-15 16:37:19,614 [IPC Server handler 3 on default port 14069] INFO  ipc.Server (Server.java:run(1026)) - IPC Server handler 3 on default port 14069: skipped Call#332 Retry#0 org.apache.hadoop.ozone.protocol.StorageContainerDatanodeProtocol.submitRequest from 127.0.0.1:38516
2021-07-15 16:37:19,614 [IPC Server handler 3 on default port 14069] INFO  ipc.Server (Server.java:run(1026)) - IPC Server handler 3 on default port 14069: skipped Call#252 Retry#0 org.apache.hadoop.ozone.protocol.StorageContainerDatanodeProtocol.submitRequest from 127.0.0.1:38416
2021-07-15 16:37:19,615 [IPC Server handler 3 on default port 14069] INFO  ipc.Server (Server.java:run(1026)) - IPC Server handler 3 on default port 14069: skipped Call#295 Retry#0 org.apache.hadoop.ozone.protocol.StorageContainerDatanodeProtocol.submitRequest from 127.0.0.1:38464
2021-07-15 16:37:19,615 [IPC Server handler 3 on default port 14069] INFO  ipc.Server (Server.java:run(1026)) - IPC Server handler 3 on default port 14069: skipped Call#331 Retry#0 org.apache.hadoop.ozone.protocol.StorageContainerDatanodeProtocol.submitRequest from 127.0.0.1:38516
2021-07-15 16:37:19,616 [EndpointStateMachine task thread for /127.0.0.1:14069 - 0 ] INFO  ozoneimpl.OzoneContainer (OzoneContainer.java:start(301)) - Ignore. OzoneContainer already started.
2021-07-15 16:37:19,616 [EndpointStateMachine task thread for /127.0.0.1:14069 - 0 ] INFO  ozoneimpl.OzoneContainer (OzoneContainer.java:start(301)) - Ignore. OzoneContainer already started.
2021-07-15 16:37:19,616 [EndpointStateMachine task thread for /127.0.0.1:14069 - 0 ] INFO  ozoneimpl.OzoneContainer (OzoneContainer.java:start(301)) - Ignore. OzoneContainer already started.
2021-07-15 16:37:19,612 [IPC Server handler 1 on default port 14069] WARN  ipc.Server (Server.java:processResponse(1717)) - IPC Server handler 1 on default port 14069, call Call#250 Retry#0 org.apache.hadoop.ozone.protocol.StorageContainerDatanodeProtocol.submitRequest from 127.0.0.1:38416: output error
2021-07-15 16:37:19,617 [IPC Server handler 1 on default port 14069] INFO  ipc.Server (Server.java:run(2979)) - IPC Server handler 1 on default port 14069 caught an exception
java.nio.channels.ClosedChannelException
	at sun.nio.ch.SocketChannelImpl.ensureWriteOpen(SocketChannelImpl.java:269)
	at sun.nio.ch.SocketChannelImpl.write(SocketChannelImpl.java:460)
	at org.apache.hadoop.ipc.Server.channelWrite(Server.java:3605)
	at org.apache.hadoop.ipc.Server.access$1700(Server.java:141)
	at org.apache.hadoop.ipc.Server$Responder.processResponse(Server.java:1667)
	at org.apache.hadoop.ipc.Server$Responder.doRespond(Server.java:1737)
	at org.apache.hadoop.ipc.Server$Connection.sendResponse(Server.java:2837)
	at org.apache.hadoop.ipc.Server$Connection.access$300(Server.java:1809)
	at org.apache.hadoop.ipc.Server$RpcCall.doResponse(Server.java:1117)
	at org.apache.hadoop.ipc.Server$Call.doResponse(Server.java:909)
	at org.apache.hadoop.ipc.Server$Call.sendResponse(Server.java:895)
	at org.apache.hadoop.ipc.Server$RpcCall.run(Server.java:1052)
	at org.apache.hadoop.ipc.Server$RpcCall.run(Server.java:963)
	at java.security.AccessController.doPrivileged(Native Method)
	at javax.security.auth.Subject.doAs(Subject.java:422)
	at org.apache.hadoop.security.UserGroupInformation.doAs(UserGroupInformation.java:1878)
	at org.apache.hadoop.ipc.Server$Handler.run(Server.java:2966)
2021-07-15 16:37:19,611 [IPC Server handler 0 on default port 14069] INFO  ipc.Server (Server.java:run(2979)) - IPC Server handler 0 on default port 14069 caught an exception
java.nio.channels.ClosedChannelException
	at sun.nio.ch.SocketChannelImpl.ensureWriteOpen(SocketChannelImpl.java:269)
	at sun.nio.ch.SocketChannelImpl.write(SocketChannelImpl.java:460)
	at org.apache.hadoop.ipc.Server.channelWrite(Server.java:3605)
	at org.apache.hadoop.ipc.Server.access$1700(Server.java:141)
	at org.apache.hadoop.ipc.Server$Responder.processResponse(Server.java:1667)
	at org.apache.hadoop.ipc.Server$Responder.doRespond(Server.java:1737)
	at org.apache.hadoop.ipc.Server$Connection.sendResponse(Server.java:2837)
	at org.apache.hadoop.ipc.Server$Connection.access$300(Server.java:1809)
	at org.apache.hadoop.ipc.Server$RpcCall.doResponse(Server.java:1117)
	at org.apache.hadoop.ipc.Server$Call.doResponse(Server.java:909)
	at org.apache.hadoop.ipc.Server$Call.sendResponse(Server.java:895)
	at org.apache.hadoop.ipc.Server$RpcCall.run(Server.java:1052)
	at org.apache.hadoop.ipc.Server$RpcCall.run(Server.java:963)
	at java.security.AccessController.doPrivileged(Native Method)
	at javax.security.auth.Subject.doAs(Subject.java:422)
	at org.apache.hadoop.security.UserGroupInformation.doAs(UserGroupInformation.java:1878)
	at org.apache.hadoop.ipc.Server$Handler.run(Server.java:2966)
2021-07-15 16:37:19,617 [Listener at 127.0.0.1/10248] INFO  handler.ContextHandler (ContextHandler.java:doStart(916)) - Started o.e.j.w.WebAppContext@7fdd597b{scm,/,file:///home/runner/work/ozone/ozone/mnt/ozone/hadoop-ozone/integration-test/target/test-classes/webapps/scm/,AVAILABLE}{file:/home/runner/work/ozone/ozone/mnt/ozone/hadoop-ozone/integration-test/target/test-classes/webapps/scm}
2021-07-15 16:37:19,612 [IPC Server handler 2 on default port 14069] INFO  ipc.Server (Server.java:run(1026)) - IPC Server handler 2 on default port 14069: skipped Call#251 Retry#0 org.apache.hadoop.ozone.protocol.StorageContainerDatanodeProtocol.submitRequest from 127.0.0.1:38416
2021-07-15 16:37:19,619 [Listener at 127.0.0.1/10248] INFO  server.AbstractConnector (AbstractConnector.java:doStart(331)) - Started ServerConnector@133b27df{HTTP/1.1, (http/1.1)}{0.0.0.0:14066}
2021-07-15 16:37:19,619 [Listener at 127.0.0.1/10248] INFO  server.Server (Server.java:doStart(415)) - Started @99354ms
2021-07-15 16:37:19,619 [Listener at 127.0.0.1/10248] WARN  impl.MetricsSystemImpl (MetricsSystemImpl.java:register(279)) - Sink prometheus already exists!
2021-07-15 16:37:19,620 [Listener at 127.0.0.1/10248] INFO  http.BaseHttpServer (BaseHttpServer.java:updateConnectorAddress(329)) - HTTP server of scm listening at http://0.0.0.0:14066
2021-07-15 16:37:19,620 [Listener at 127.0.0.1/10248] INFO  safemode.SCMSafeModeManager (SCMSafeModeManager.java:exitSafeMode(248)) - SCM exiting safe mode.
2021-07-15 16:37:19,620 [Listener at 127.0.0.1/10248] WARN  events.EventQueue (EventQueue.java:fireEvent(194)) - No event handler registered for event TypedEvent{payloadType=SafeModeStatus, name='Safe mode status'}
2021-07-15 16:37:19,620 [Listener at 127.0.0.1/10248] INFO  ha.SCMContext (SCMContext.java:updateSafeModeStatus(205)) - Update SafeModeStatus from SafeModeStatus{safeModeStatus=true, preCheckPassed=false} to SafeModeStatus{safeModeStatus=false, preCheckPassed=true}.
2021-07-15 16:37:19,625 [7bb90881-70ee-4b59-9518-5a5d97bf3fe4@group-324EC8E43CB0-FollowerState] INFO  impl.FollowerState (FollowerState.java:run(134)) - 7bb90881-70ee-4b59-9518-5a5d97bf3fe4@group-324EC8E43CB0-FollowerState: change to CANDIDATE, lastRpcElapsedTime:5093097735ns, electionTimeout:5086ms
2021-07-15 16:37:19,625 [7bb90881-70ee-4b59-9518-5a5d97bf3fe4@group-324EC8E43CB0-FollowerState] INFO  impl.RoleInfo (RoleInfo.java:shutdownFollowerState(108)) - 7bb90881-70ee-4b59-9518-5a5d97bf3fe4: shutdown 7bb90881-70ee-4b59-9518-5a5d97bf3fe4@group-324EC8E43CB0-FollowerState
2021-07-15 16:37:19,625 [7bb90881-70ee-4b59-9518-5a5d97bf3fe4@group-324EC8E43CB0-FollowerState] INFO  server.RaftServer$Division (RaftServerImpl.java:setRole(284)) - 7bb90881-70ee-4b59-9518-5a5d97bf3fe4@group-324EC8E43CB0: changes role from  FOLLOWER to CANDIDATE at term 2 for changeToCandidate
2021-07-15 16:37:19,625 [7bb90881-70ee-4b59-9518-5a5d97bf3fe4@group-324EC8E43CB0-FollowerState] INFO  server.RaftServerConfigKeys (ConfUtils.java:logGet(44)) - raft.server.leaderelection.pre-vote = false (custom)
2021-07-15 16:37:19,625 [7bb90881-70ee-4b59-9518-5a5d97bf3fe4@group-324EC8E43CB0-FollowerState] INFO  impl.RoleInfo (RoleInfo.java:updateAndGet(130)) - 7bb90881-70ee-4b59-9518-5a5d97bf3fe4: start 7bb90881-70ee-4b59-9518-5a5d97bf3fe4@group-324EC8E43CB0-LeaderElection23
2021-07-15 16:37:19,627 [7bb90881-70ee-4b59-9518-5a5d97bf3fe4@group-324EC8E43CB0-LeaderElection23] INFO  impl.LeaderElection (LeaderElection.java:askForVotes(306)) - 7bb90881-70ee-4b59-9518-5a5d97bf3fe4@group-324EC8E43CB0-LeaderElection23 ELECTION round 0: submit vote requests at term 3 for -1: [7bb90881-70ee-4b59-9518-5a5d97bf3fe4|rpc:127.0.0.1:37335|priority:1, 9009ae8a-6e34-4da8-a214-6d662c69877c|rpc:127.0.0.1:35469|priority:0, 7fea9b52-1b88-4603-b6bb-6748911f11bf|rpc:127.0.0.1:43849|priority:0], old=null
2021-07-15 16:37:19,630 [Listener at 127.0.0.1/10248] INFO  db.RDBCheckpointManager (RDBCheckpointManager.java:createCheckpoint(86)) - Created checkpoint at /home/runner/work/ozone/ozone/mnt/ozone/hadoop-ozone/integration-test/target/test-dir/MiniOzoneClusterImpl-8ef06965-d5c9-44f0-9cd1-4cafb8afe6ac/scmNode-1/db.checkpoints/scm.db_checkpoint_1626367039621 in 9 milliseconds
2021-07-15 16:37:19,631 [grpc-default-executor-1] INFO  server.RaftServer$Division (RaftServerImpl.java:requestVote(1042)) - 9009ae8a-6e34-4da8-a214-6d662c69877c@group-324EC8E43CB0: receive requestVote(ELECTION, 7bb90881-70ee-4b59-9518-5a5d97bf3fe4, group-324EC8E43CB0, 3, (t:0, i:0))
2021-07-15 16:37:19,631 [grpc-default-executor-1] INFO  impl.VoteContext (VoteContext.java:log(48)) - 9009ae8a-6e34-4da8-a214-6d662c69877c@group-324EC8E43CB0-FOLLOWER: accept ELECTION from 7bb90881-70ee-4b59-9518-5a5d97bf3fe4: our priority 0 <= candidate's priority 1
2021-07-15 16:37:19,631 [grpc-default-executor-1] INFO  server.RaftServer$Division (RaftServerImpl.java:setRole(284)) - 9009ae8a-6e34-4da8-a214-6d662c69877c@group-324EC8E43CB0: changes role from  FOLLOWER to FOLLOWER at term 3 for candidate:7bb90881-70ee-4b59-9518-5a5d97bf3fe4
2021-07-15 16:37:19,631 [grpc-default-executor-1] INFO  impl.RoleInfo (RoleInfo.java:shutdownFollowerState(108)) - 9009ae8a-6e34-4da8-a214-6d662c69877c: shutdown 9009ae8a-6e34-4da8-a214-6d662c69877c@group-324EC8E43CB0-FollowerState
2021-07-15 16:37:19,631 [9009ae8a-6e34-4da8-a214-6d662c69877c@group-324EC8E43CB0-FollowerState] INFO  impl.FollowerState (FollowerState.java:run(143)) - 9009ae8a-6e34-4da8-a214-6d662c69877c@group-324EC8E43CB0-FollowerState was interrupted: {}
java.lang.InterruptedException: sleep interrupted
	at java.lang.Thread.sleep(Native Method)
	at java.lang.Thread.sleep(Thread.java:340)
	at java.util.concurrent.TimeUnit.sleep(TimeUnit.java:386)
	at org.apache.ratis.util.TimeDuration.sleep(TimeDuration.java:324)
	at org.apache.ratis.util.TimeDuration.sleep(TimeDuration.java:309)
	at org.apache.ratis.server.impl.FollowerState.run(FollowerState.java:118)
2021-07-15 16:37:19,631 [grpc-default-executor-1] INFO  impl.RoleInfo (RoleInfo.java:updateAndGet(130)) - 9009ae8a-6e34-4da8-a214-6d662c69877c: start 9009ae8a-6e34-4da8-a214-6d662c69877c@group-324EC8E43CB0-FollowerState
2021-07-15 16:37:19,642 [grpc-default-executor-4] INFO  server.RaftServer$Division (RaftServerImpl.java:requestVote(1042)) - 7fea9b52-1b88-4603-b6bb-6748911f11bf@group-324EC8E43CB0: receive requestVote(ELECTION, 7bb90881-70ee-4b59-9518-5a5d97bf3fe4, group-324EC8E43CB0, 3, (t:0, i:0))
2021-07-15 16:37:19,643 [grpc-default-executor-4] INFO  impl.VoteContext (VoteContext.java:log(48)) - 7fea9b52-1b88-4603-b6bb-6748911f11bf@group-324EC8E43CB0-FOLLOWER: accept ELECTION from 7bb90881-70ee-4b59-9518-5a5d97bf3fe4: our priority 0 <= candidate's priority 1
2021-07-15 16:37:19,643 [grpc-default-executor-1] INFO  server.RaftServer$Division (RaftServerImpl.java:requestVote(1074)) - 9009ae8a-6e34-4da8-a214-6d662c69877c@group-324EC8E43CB0 replies to ELECTION vote request: 7bb90881-70ee-4b59-9518-5a5d97bf3fe4<-9009ae8a-6e34-4da8-a214-6d662c69877c#0:OK-t3. Peer's state: 9009ae8a-6e34-4da8-a214-6d662c69877c@group-324EC8E43CB0:t3, leader=null, voted=7bb90881-70ee-4b59-9518-5a5d97bf3fe4, raftlog=9009ae8a-6e34-4da8-a214-6d662c69877c@group-324EC8E43CB0-SegmentedRaftLog:OPENED:c-1,f-1,i0, conf=-1: [7bb90881-70ee-4b59-9518-5a5d97bf3fe4|rpc:127.0.0.1:37335|dataStream:|priority:1, 9009ae8a-6e34-4da8-a214-6d662c69877c|rpc:127.0.0.1:35469|dataStream:|priority:0, 7fea9b52-1b88-4603-b6bb-6748911f11bf|rpc:127.0.0.1:43849|dataStream:|priority:0], old=null
2021-07-15 16:37:19,645 [7bb90881-70ee-4b59-9518-5a5d97bf3fe4@group-324EC8E43CB0-LeaderElection23] INFO  impl.LeaderElection (LeaderElection.java:logAndReturn(89)) - 7bb90881-70ee-4b59-9518-5a5d97bf3fe4@group-324EC8E43CB0-LeaderElection23: ELECTION PASSED received 1 response(s) and 0 exception(s):
2021-07-15 16:37:19,645 [7bb90881-70ee-4b59-9518-5a5d97bf3fe4@group-324EC8E43CB0-LeaderElection23] INFO  impl.LeaderElection (LeaderElection.java:logAndReturn(93)) -   Response 0: 7bb90881-70ee-4b59-9518-5a5d97bf3fe4<-9009ae8a-6e34-4da8-a214-6d662c69877c#0:OK-t3
2021-07-15 16:37:19,645 [7bb90881-70ee-4b59-9518-5a5d97bf3fe4@group-324EC8E43CB0-LeaderElection23] INFO  impl.LeaderElection (LeaderElection.java:askForVotes(308)) - 7bb90881-70ee-4b59-9518-5a5d97bf3fe4@group-324EC8E43CB0-LeaderElection23 ELECTION round 0: result PASSED
2021-07-15 16:37:19,645 [7bb90881-70ee-4b59-9518-5a5d97bf3fe4@group-324EC8E43CB0-LeaderElection23] INFO  impl.RoleInfo (RoleInfo.java:shutdownLeaderElection(121)) - 7bb90881-70ee-4b59-9518-5a5d97bf3fe4: shutdown 7bb90881-70ee-4b59-9518-5a5d97bf3fe4@group-324EC8E43CB0-LeaderElection23
2021-07-15 16:37:19,645 [7bb90881-70ee-4b59-9518-5a5d97bf3fe4@group-324EC8E43CB0-LeaderElection23] INFO  server.RaftServer$Division (RaftServerImpl.java:setRole(284)) - 7bb90881-70ee-4b59-9518-5a5d97bf3fe4@group-324EC8E43CB0: changes role from CANDIDATE to LEADER at term 3 for changeToLeader
2021-07-15 16:37:19,645 [7bb90881-70ee-4b59-9518-5a5d97bf3fe4@group-324EC8E43CB0-LeaderElection23] INFO  ratis.XceiverServerRatis (XceiverServerRatis.java:handleLeaderChangedNotification(857)) - Leader change notification received for group: group-324EC8E43CB0 with new leaderId: 7bb90881-70ee-4b59-9518-5a5d97bf3fe4
2021-07-15 16:37:19,645 [7bb90881-70ee-4b59-9518-5a5d97bf3fe4@group-324EC8E43CB0-LeaderElection23] INFO  server.RaftServer$Division (ServerState.java:setLeader(271)) - 7bb90881-70ee-4b59-9518-5a5d97bf3fe4@group-324EC8E43CB0: change Leader from null to 7bb90881-70ee-4b59-9518-5a5d97bf3fe4 at term 3 for becomeLeader, leader elected after 15417ms
2021-07-15 16:37:19,645 [7bb90881-70ee-4b59-9518-5a5d97bf3fe4@group-324EC8E43CB0-LeaderElection23] INFO  server.RaftServerConfigKeys (ConfUtils.java:logGet(44)) - raft.server.staging.catchup.gap = 1000 (default)
2021-07-15 16:37:19,646 [7bb90881-70ee-4b59-9518-5a5d97bf3fe4@group-324EC8E43CB0-LeaderElection23] INFO  metrics.RatisMetrics (RatisMetrics.java:lambda$create$0(36)) - Creating Metrics Registry : ratis.log_appender.7bb90881-70ee-4b59-9518-5a5d97bf3fe4@group-324EC8E43CB0
2021-07-15 16:37:19,646 [Datanode State Machine Thread - 0] WARN  statemachine.StateContext (StateContext.java:execute(621)) - No available thread in pool for past 1 seconds.
2021-07-15 16:37:19,647 [IPC Server handler 16 on default port 14069] INFO  net.NetworkTopologyImpl (NetworkTopologyImpl.java:add(112)) - Added a new node: /default-rack/7bb90881-70ee-4b59-9518-5a5d97bf3fe4
2021-07-15 16:37:19,647 [IPC Server handler 16 on default port 14069] INFO  node.SCMNodeManager (SCMNodeManager.java:register(386)) - Registered Data node : 7bb90881-70ee-4b59-9518-5a5d97bf3fe4{ip: 127.0.0.1, host: localhost, ports: [REPLICATION=37895, RATIS=37335, RATIS_ADMIN=37335, RATIS_SERVER=37335, STANDALONE=37495], networkLocation: /default-rack, certSerialId: null, persistedOpState: null, persistedOpStateExpiryEpochSec: 0}
2021-07-15 16:37:19,648 [EventQueue-PipelineReportForPipelineReportHandler] INFO  pipeline.PipelineManagerV2Impl (PipelineManagerV2Impl.java:openPipeline(283)) - Pipeline Pipeline[ Id: fe2f9ccf-ac21-4967-b1a7-324ec8e43cb0, Nodes: 9009ae8a-6e34-4da8-a214-6d662c69877c{ip: 127.0.0.1, host: localhost, ports: [REPLICATION=32871, RATIS=35469, RATIS_ADMIN=35469, RATIS_SERVER=35469, STANDALONE=38347], networkLocation: /default-rack, certSerialId: null, persistedOpState: IN_SERVICE, persistedOpStateExpiryEpochSec: 0}7bb90881-70ee-4b59-9518-5a5d97bf3fe4{ip: 127.0.0.1, host: localhost, ports: [REPLICATION=37895, RATIS=37335, RATIS_ADMIN=37335, RATIS_SERVER=37335, STANDALONE=37495], networkLocation: /default-rack, certSerialId: null, persistedOpState: IN_SERVICE, persistedOpStateExpiryEpochSec: 0}7fea9b52-1b88-4603-b6bb-6748911f11bf{ip: 127.0.0.1, host: localhost, ports: [REPLICATION=34577, RATIS=43849, RATIS_ADMIN=43849, RATIS_SERVER=43849, STANDALONE=41401], networkLocation: /default-rack, certSerialId: null, persistedOpState: IN_SERVICE, persistedOpStateExpiryEpochSec: 0}, ReplicationConfig: RATIS/THREE, State:ALLOCATED, leaderId:7bb90881-70ee-4b59-9518-5a5d97bf3fe4, CreationTimestamp2021-07-15T16:37:01.467Z[Etc/UTC]] moved to OPEN state
2021-07-15 16:37:19,650 [EventQueue-PipelineReportForPipelineReportHandler] INFO  pipeline.PipelineManagerV2Impl (PipelineManagerV2Impl.java:openPipeline(283)) - Pipeline Pipeline[ Id: fe2f9ccf-ac21-4967-b1a7-324ec8e43cb0, Nodes: 9009ae8a-6e34-4da8-a214-6d662c69877c{ip: 127.0.0.1, host: localhost, ports: [REPLICATION=32871, RATIS=35469, RATIS_ADMIN=35469, RATIS_SERVER=35469, STANDALONE=38347], networkLocation: /default-rack, certSerialId: null, persistedOpState: IN_SERVICE, persistedOpStateExpiryEpochSec: 0}7bb90881-70ee-4b59-9518-5a5d97bf3fe4{ip: 127.0.0.1, host: localhost, ports: [REPLICATION=37895, RATIS=37335, RATIS_ADMIN=37335, RATIS_SERVER=37335, STANDALONE=37495], networkLocation: /default-rack, certSerialId: null, persistedOpState: IN_SERVICE, persistedOpStateExpiryEpochSec: 0}7fea9b52-1b88-4603-b6bb-6748911f11bf{ip: 127.0.0.1, host: localhost, ports: [REPLICATION=34577, RATIS=43849, RATIS_ADMIN=43849, RATIS_SERVER=43849, STANDALONE=41401], networkLocation: /default-rack, certSerialId: null, persistedOpState: IN_SERVICE, persistedOpStateExpiryEpochSec: 0}, ReplicationConfig: RATIS/THREE, State:ALLOCATED, leaderId:7bb90881-70ee-4b59-9518-5a5d97bf3fe4, CreationTimestamp2021-07-15T16:37:01.467Z[Etc/UTC]] moved to OPEN state
2021-07-15 16:37:19,650 [EventQueue-OpenPipelineForHealthyPipelineSafeModeRule] INFO  safemode.SCMSafeModeManager (HealthyPipelineSafeModeRule.java:process(124)) - SCM in safe mode. Healthy pipelines reported count is 1, required healthy pipeline reported count is 1
2021-07-15 16:37:19,650 [EventQueue-OpenPipelineForHealthyPipelineSafeModeRule] INFO  safemode.SCMSafeModeManager (SCMSafeModeManager.java:validateSafeModeExitRules(204)) - HealthyPipelineSafeModeRule rule is successfully validated
2021-07-15 16:37:19,650 [EventQueue-OpenPipelineForHealthyPipelineSafeModeRule] INFO  safemode.SCMSafeModeManager (SCMSafeModeManager.java:validateSafeModeExitRules(219)) - ScmSafeModeManager, all rules are successfully validated
2021-07-15 16:37:19,650 [EventQueue-OpenPipelineForHealthyPipelineSafeModeRule] INFO  safemode.SCMSafeModeManager (SCMSafeModeManager.java:exitSafeMode(248)) - SCM exiting safe mode.
2021-07-15 16:37:19,650 [EventQueue-PipelineReportForPipelineReportHandler] INFO  ha.SCMHAInvocationHandler (SCMHAInvocationHandler.java:invokeRatis(113)) - Invoking method public abstract void org.apache.hadoop.hdds.scm.pipeline.StateManager.updatePipelineState(org.apache.hadoop.hdds.protocol.proto.HddsProtos$PipelineID,org.apache.hadoop.hdds.protocol.proto.HddsProtos$PipelineState) throws java.io.IOException on target org.apache.hadoop.hdds.scm.ha.SCMRatisServerImpl@5cdc53e2, cost 267.501us
2021-07-15 16:37:19,643 [grpc-default-executor-4] INFO  server.RaftServer$Division (RaftServerImpl.java:setRole(284)) - 7fea9b52-1b88-4603-b6bb-6748911f11bf@group-324EC8E43CB0: changes role from  FOLLOWER to FOLLOWER at term 3 for candidate:7bb90881-70ee-4b59-9518-5a5d97bf3fe4
2021-07-15 16:37:19,651 [grpc-default-executor-4] INFO  impl.RoleInfo (RoleInfo.java:shutdownFollowerState(108)) - 7fea9b52-1b88-4603-b6bb-6748911f11bf: shutdown 7fea9b52-1b88-4603-b6bb-6748911f11bf@group-324EC8E43CB0-FollowerState
2021-07-15 16:37:19,650 [EventQueue-OpenPipelineForHealthyPipelineSafeModeRule] WARN  events.EventQueue (EventQueue.java:fireEvent(194)) - No event handler registered for event TypedEvent{payloadType=SafeModeStatus, name='Safe mode status'}
2021-07-15 16:37:19,651 [EventQueue-OpenPipelineForHealthyPipelineSafeModeRule] INFO  ha.SCMContext (SCMContext.java:updateSafeModeStatus(205)) - Update SafeModeStatus from SafeModeStatus{safeModeStatus=true, preCheckPassed=true} to SafeModeStatus{safeModeStatus=false, preCheckPassed=true}.
2021-07-15 16:37:19,646 [7bb90881-70ee-4b59-9518-5a5d97bf3fe4@group-324EC8E43CB0-LeaderElection23] INFO  server.RaftServerConfigKeys (ConfUtils.java:logGet(44)) - raft.server.write.element-limit = 1024 (custom)
2021-07-15 16:37:19,651 [7bb90881-70ee-4b59-9518-5a5d97bf3fe4@group-324EC8E43CB0-LeaderElection23] INFO  server.RaftServerConfigKeys (ConfUtils.java:logGet(44)) - raft.server.write.byte-limit = 1073741824 (custom)
2021-07-15 16:37:19,652 [7bb90881-70ee-4b59-9518-5a5d97bf3fe4@group-324EC8E43CB0-LeaderElection23] INFO  server.RaftServerConfigKeys (ConfUtils.java:logGet(44)) - raft.server.watch.timeout = 180s (custom)
2021-07-15 16:37:19,652 [7bb90881-70ee-4b59-9518-5a5d97bf3fe4@group-324EC8E43CB0-LeaderElection23] INFO  server.RaftServerConfigKeys (ConfUtils.java:logGet(44)) - raft.server.watch.timeout.denomination = 1s (default)
2021-07-15 16:37:19,652 [7bb90881-70ee-4b59-9518-5a5d97bf3fe4@group-324EC8E43CB0-LeaderElection23] INFO  server.RaftServerConfigKeys (ConfUtils.java:logGet(44)) - raft.server.watch.element-limit = 65536 (default)
2021-07-15 16:37:19,652 [7bb90881-70ee-4b59-9518-5a5d97bf3fe4@group-324EC8E43CB0-LeaderElection23] INFO  server.RaftServerConfigKeys (ConfUtils.java:logGet(44)) - raft.server.log.appender.snapshot.chunk.size.max = 16MB (=16777216) (default)
2021-07-15 16:37:19,652 [7bb90881-70ee-4b59-9518-5a5d97bf3fe4@group-324EC8E43CB0-LeaderElection23] INFO  server.RaftServerConfigKeys (ConfUtils.java:logGet(44)) - raft.server.log.appender.buffer.byte-limit = 33554432 (custom)
2021-07-15 16:37:19,652 [7bb90881-70ee-4b59-9518-5a5d97bf3fe4@group-324EC8E43CB0-LeaderElection23] INFO  server.RaftServerConfigKeys (ConfUtils.java:logGet(44)) - raft.server.log.appender.buffer.element-limit = 1 (custom)
2021-07-15 16:37:19,652 [7bb90881-70ee-4b59-9518-5a5d97bf3fe4@group-324EC8E43CB0-LeaderElection23] INFO  grpc.GrpcConfigKeys (ConfUtils.java:logGet(44)) - raft.grpc.server.leader.outstanding.appends.max = 128 (default)
2021-07-15 16:37:19,652 [7bb90881-70ee-4b59-9518-5a5d97bf3fe4@group-324EC8E43CB0-LeaderElection23] INFO  server.RaftServerConfigKeys (ConfUtils.java:logGet(44)) - raft.server.rpc.request.timeout = 60s (custom)
2021-07-15 16:37:19,652 [7bb90881-70ee-4b59-9518-5a5d97bf3fe4@group-324EC8E43CB0-LeaderElection23] INFO  server.RaftServerConfigKeys (ConfUtils.java:logGet(44)) - raft.server.log.appender.install.snapshot.enabled = false (custom)
2021-07-15 16:37:19,652 [7bb90881-70ee-4b59-9518-5a5d97bf3fe4@group-324EC8E43CB0-LeaderElection23] INFO  metrics.RatisMetrics (RatisMetrics.java:lambda$create$0(36)) - Creating Metrics Registry : ratis_grpc.log_appender.7bb90881-70ee-4b59-9518-5a5d97bf3fe4@group-324EC8E43CB0
2021-07-15 16:37:19,653 [cf7cc385-5ca0-45b1-ac1d-dc278b2e7386@group-4CAFB8AFE6AC-StateMachineUpdater] ERROR impl.StateMachineUpdater (StateMachineUpdater.java:run(191)) - cf7cc385-5ca0-45b1-ac1d-dc278b2e7386@group-4CAFB8AFE6AC-StateMachineUpdater caught a Throwable.
java.lang.IllegalStateException: cf7cc385-5ca0-45b1-ac1d-dc278b2e7386: Failed updateLastAppliedTermIndex: newTI = (t:2, i:28) < oldTI = (t:2, i:128)
	at org.apache.ratis.util.Preconditions.assertTrue(Preconditions.java:72)
	at org.apache.ratis.statemachine.impl.BaseStateMachine.updateLastAppliedTermIndex(BaseStateMachine.java:141)
	at org.apache.hadoop.hdds.scm.ha.SCMStateMachine.notifyTermIndexUpdated(SCMStateMachine.java:303)
	at org.apache.ratis.server.impl.RaftServerImpl.applyLogToStateMachine(RaftServerImpl.java:1668)
	at org.apache.ratis.server.impl.StateMachineUpdater.applyLog(StateMachineUpdater.java:234)
	at org.apache.ratis.server.impl.StateMachineUpdater.run(StateMachineUpdater.java:179)
	at java.lang.Thread.run(Thread.java:748)
2021-07-15 16:37:19,653 [cf7cc385-5ca0-45b1-ac1d-dc278b2e7386@group-4CAFB8AFE6AC-StateMachineUpdater] INFO  server.RaftServer$Division (RaftServerImpl.java:lambda$close$4(406)) - cf7cc385-5ca0-45b1-ac1d-dc278b2e7386@group-4CAFB8AFE6AC: shutdown
2021-07-15 16:37:19,653 [cf7cc385-5ca0-45b1-ac1d-dc278b2e7386@group-4CAFB8AFE6AC-StateMachineUpdater] INFO  util.JmxRegister (JmxRegister.java:unregister(73)) - Successfully un-registered JMX Bean with object name Ratis:service=RaftServer,group=group-4CAFB8AFE6AC,id=cf7cc385-5ca0-45b1-ac1d-dc278b2e7386
2021-07-15 16:37:19,653 [cf7cc385-5ca0-45b1-ac1d-dc278b2e7386@group-4CAFB8AFE6AC-StateMachineUpdater] INFO  impl.RoleInfo (RoleInfo.java:shutdownFollowerState(108)) - cf7cc385-5ca0-45b1-ac1d-dc278b2e7386: shutdown cf7cc385-5ca0-45b1-ac1d-dc278b2e7386@group-4CAFB8AFE6AC-FollowerState
2021-07-15 16:37:19,653 [cf7cc385-5ca0-45b1-ac1d-dc278b2e7386@group-4CAFB8AFE6AC-FollowerState] INFO  impl.FollowerState (FollowerState.java:run(143)) - cf7cc385-5ca0-45b1-ac1d-dc278b2e7386@group-4CAFB8AFE6AC-FollowerState was interrupted: {}
java.lang.InterruptedException: sleep interrupted
	at java.lang.Thread.sleep(Native Method)
	at java.lang.Thread.sleep(Thread.java:340)
	at java.util.concurrent.TimeUnit.sleep(TimeUnit.java:386)
	at org.apache.ratis.util.TimeDuration.sleep(TimeDuration.java:324)
	at org.apache.ratis.util.TimeDuration.sleep(TimeDuration.java:309)
	at org.apache.ratis.server.impl.FollowerState.run(FollowerState.java:118)
2021-07-15 16:37:19,651 [7fea9b52-1b88-4603-b6bb-6748911f11bf@group-324EC8E43CB0-FollowerState] INFO  impl.FollowerState (FollowerState.java:run(143)) - 7fea9b52-1b88-4603-b6bb-6748911f11bf@group-324EC8E43CB0-FollowerState was interrupted: {}
java.lang.InterruptedException: sleep interrupted
	at java.lang.Thread.sleep(Native Method)
	at java.lang.Thread.sleep(Thread.java:340)
	at java.util.concurrent.TimeUnit.sleep(TimeUnit.java:386)
	at org.apache.ratis.util.TimeDuration.sleep(TimeDuration.java:324)
	at org.apache.ratis.util.TimeDuration.sleep(TimeDuration.java:309)
	at org.apache.ratis.server.impl.FollowerState.run(FollowerState.java:118)
2021-07-15 16:37:19,651 [grpc-default-executor-4] INFO  impl.RoleInfo (RoleInfo.java:updateAndGet(130)) - 7fea9b52-1b88-4603-b6bb-6748911f11bf: start 7fea9b52-1b88-4603-b6bb-6748911f11bf@group-324EC8E43CB0-FollowerState
2021-07-15 16:37:19,656 [EventQueue-PipelineReportForPipelineReportHandler] INFO  ha.SCMHAInvocationHandler (SCMHAInvocationHandler.java:invokeRatis(113)) - Invoking method public abstract void org.apache.hadoop.hdds.scm.pipeline.StateManager.updatePipelineState(org.apache.hadoop.hdds.protocol.proto.HddsProtos$PipelineID,org.apache.hadoop.hdds.protocol.proto.HddsProtos$PipelineState) throws java.io.IOException on target org.apache.hadoop.hdds.scm.ha.SCMRatisServerImpl@5baff918, cost 8182.634us
2021-07-15 16:37:19,654 [7bb90881-70ee-4b59-9518-5a5d97bf3fe4@group-324EC8E43CB0-LeaderElection23] INFO  server.RaftServerConfigKeys (ConfUtils.java:logGet(44)) - raft.server.log.appender.snapshot.chunk.size.max = 16MB (=16777216) (default)
2021-07-15 16:37:19,662 [7bb90881-70ee-4b59-9518-5a5d97bf3fe4@group-324EC8E43CB0-LeaderElection23] INFO  server.RaftServerConfigKeys (ConfUtils.java:logGet(44)) - raft.server.log.appender.buffer.byte-limit = 33554432 (custom)
2021-07-15 16:37:19,662 [7bb90881-70ee-4b59-9518-5a5d97bf3fe4@group-324EC8E43CB0-LeaderElection23] INFO  server.RaftServerConfigKeys (ConfUtils.java:logGet(44)) - raft.server.log.appender.buffer.element-limit = 1 (custom)
2021-07-15 16:37:19,653 [cf7cc385-5ca0-45b1-ac1d-dc278b2e7386@group-4CAFB8AFE6AC-StateMachineUpdater] INFO  metrics.RatisMetrics (RatisMetrics.java:unregister(43)) - Unregistering Metrics Registry : ratis.state_machine.cf7cc385-5ca0-45b1-ac1d-dc278b2e7386@group-4CAFB8AFE6AC
2021-07-15 16:37:19,662 [cf7cc385-5ca0-45b1-ac1d-dc278b2e7386@group-4CAFB8AFE6AC-StateMachineUpdater] INFO  server.RaftServer$Division (ServerState.java:close(405)) - cf7cc385-5ca0-45b1-ac1d-dc278b2e7386@group-4CAFB8AFE6AC: closes. applyIndex: 28
2021-07-15 16:37:19,670 [cf7cc385-5ca0-45b1-ac1d-dc278b2e7386@group-4CAFB8AFE6AC-SegmentedRaftLogWorker] INFO  segmented.SegmentedRaftLogWorker (SegmentedRaftLogWorker.java:run(327)) - cf7cc385-5ca0-45b1-ac1d-dc278b2e7386@group-4CAFB8AFE6AC-SegmentedRaftLogWorker was interrupted, exiting. There are 0 tasks remaining in the queue.
2021-07-15 16:37:19,670 [7bb90881-70ee-4b59-9518-5a5d97bf3fe4@group-324EC8E43CB0-LeaderElection23] INFO  grpc.GrpcConfigKeys (ConfUtils.java:logGet(44)) - raft.grpc.server.leader.outstanding.appends.max = 128 (default)
2021-07-15 16:37:19,670 [7bb90881-70ee-4b59-9518-5a5d97bf3fe4@group-324EC8E43CB0-LeaderElection23] INFO  server.RaftServerConfigKeys (ConfUtils.java:logGet(44)) - raft.server.rpc.request.timeout = 60s (custom)
2021-07-15 16:37:19,670 [7bb90881-70ee-4b59-9518-5a5d97bf3fe4@group-324EC8E43CB0-LeaderElection23] INFO  server.RaftServerConfigKeys (ConfUtils.java:logGet(44)) - raft.server.log.appender.install.snapshot.enabled = false (custom)
2021-07-15 16:37:19,670 [EventQueue-NewNodeForNewNodeHandler] INFO  pipeline.BackgroundPipelineCreator (BackgroundPipelineCreatorV2.java:notifyEventTriggered(279)) - ignore, not leader SCM.
2021-07-15 16:37:19,671 [7bb90881-70ee-4b59-9518-5a5d97bf3fe4@group-324EC8E43CB0-LeaderElection23] INFO  impl.RoleInfo (RoleInfo.java:updateAndGet(130)) - 7bb90881-70ee-4b59-9518-5a5d97bf3fe4: start 7bb90881-70ee-4b59-9518-5a5d97bf3fe4@group-324EC8E43CB0-LeaderStateImpl
2021-07-15 16:37:19,671 [7bb90881-70ee-4b59-9518-5a5d97bf3fe4@group-324EC8E43CB0-LeaderElection23] INFO  segmented.SegmentedRaftLogWorker (SegmentedRaftLogWorker.java:startLogSegment(394)) - 7bb90881-70ee-4b59-9518-5a5d97bf3fe4@group-324EC8E43CB0-SegmentedRaftLogWorker: Starting segment from index:0
2021-07-15 16:37:19,673 [7bb90881-70ee-4b59-9518-5a5d97bf3fe4@group-324EC8E43CB0-LeaderElection23] INFO  server.RaftServer$Division (ServerState.java:setRaftConf(373)) - 7bb90881-70ee-4b59-9518-5a5d97bf3fe4@group-324EC8E43CB0: set configuration 0: [7bb90881-70ee-4b59-9518-5a5d97bf3fe4|rpc:127.0.0.1:37335|dataStream:|priority:1, 9009ae8a-6e34-4da8-a214-6d662c69877c|rpc:127.0.0.1:35469|dataStream:|priority:0, 7fea9b52-1b88-4603-b6bb-6748911f11bf|rpc:127.0.0.1:43849|dataStream:|priority:0], old=null
2021-07-15 16:37:19,673 [7bb90881-70ee-4b59-9518-5a5d97bf3fe4@group-324EC8E43CB0-SegmentedRaftLogWorker] INFO  segmented.SegmentedRaftLogWorker (SegmentedRaftLogWorker.java:execute(601)) - 7bb90881-70ee-4b59-9518-5a5d97bf3fe4@group-324EC8E43CB0-SegmentedRaftLogWorker: created new log segment /home/runner/work/ozone/ozone/mnt/ozone/hadoop-ozone/integration-test/target/test-dir/MiniOzoneClusterImpl-8ef06965-d5c9-44f0-9cd1-4cafb8afe6ac/datanode-0/data/ratis/fe2f9ccf-ac21-4967-b1a7-324ec8e43cb0/current/log_inprogress_0
2021-07-15 16:37:19,684 [cf7cc385-5ca0-45b1-ac1d-dc278b2e7386@group-4CAFB8AFE6AC-StateMachineUpdater] INFO  segmented.SegmentedRaftLogWorker (SegmentedRaftLogWorker.java:close(237)) - cf7cc385-5ca0-45b1-ac1d-dc278b2e7386@group-4CAFB8AFE6AC-SegmentedRaftLogWorker close()
2021-07-15 16:37:19,686 [cf7cc385-5ca0-45b1-ac1d-dc278b2e7386@group-4CAFB8AFE6AC-StateMachineUpdater] INFO  metrics.RatisMetrics (RatisMetrics.java:unregister(43)) - Unregistering Metrics Registry : ratis.log_worker.cf7cc385-5ca0-45b1-ac1d-dc278b2e7386@group-4CAFB8AFE6AC
2021-07-15 16:37:19,692 [cf7cc385-5ca0-45b1-ac1d-dc278b2e7386@group-4CAFB8AFE6AC-StateMachineUpdater] INFO  metrics.RatisMetrics (RatisMetrics.java:unregister(43)) - Unregistering Metrics Registry : ratis.leader_election.cf7cc385-5ca0-45b1-ac1d-dc278b2e7386@group-4CAFB8AFE6AC
2021-07-15 16:37:19,692 [6394c69b-367f-4a62-9595-acf3eb8c80db@group-4CAFB8AFE6AC-StateMachineUpdater] INFO  ha.SCMStateMachine (SCMStateMachine.java:takeSnapshot(290)) - Current Snapshot Index 30, takeSnapshot took 1 ms
2021-07-15 16:37:19,693 [6394c69b-367f-4a62-9595-acf3eb8c80db@group-4CAFB8AFE6AC-StateMachineUpdater] INFO  impl.StateMachineUpdater (StateMachineUpdater.java:takeSnapshot(281)) - 6394c69b-367f-4a62-9595-acf3eb8c80db@group-4CAFB8AFE6AC-StateMachineUpdater: Took a snapshot at index 30
2021-07-15 16:37:19,693 [6394c69b-367f-4a62-9595-acf3eb8c80db@group-4CAFB8AFE6AC-StateMachineUpdater] INFO  impl.StateMachineUpdater (StateMachineUpdater.java:lambda$new$0(89)) - 6394c69b-367f-4a62-9595-acf3eb8c80db@group-4CAFB8AFE6AC-StateMachineUpdater: snapshotIndex: updateIncreasingly 25 -> 30
2021-07-15 16:37:19,693 [6394c69b-367f-4a62-9595-acf3eb8c80db@group-4CAFB8AFE6AC-StateMachineUpdater] INFO  raftlog.RaftLog (RaftLogBase.java:purge(306)) - 6394c69b-367f-4a62-9595-acf3eb8c80db@group-4CAFB8AFE6AC-SegmentedRaftLog: purge 30
2021-07-15 16:37:19,693 [6394c69b-367f-4a62-9595-acf3eb8c80db@group-4CAFB8AFE6AC-StateMachineUpdater] INFO  raftlog.RaftLog (RaftLogBase.java:lambda$new$0(53)) - 6394c69b-367f-4a62-9595-acf3eb8c80db@group-4CAFB8AFE6AC-SegmentedRaftLog: snapshotIndex: updateIncreasingly 25 -> 30
2021-07-15 16:37:19,693 [6394c69b-367f-4a62-9595-acf3eb8c80db@group-4CAFB8AFE6AC-StateMachineUpdater] INFO  raftlog.RaftLog (RaftLogBase.java:lambda$new$0(53)) - 6394c69b-367f-4a62-9595-acf3eb8c80db@group-4CAFB8AFE6AC-SegmentedRaftLog: purgeIndex: updateToMax old=25, new=30, updated? true
2021-07-15 16:37:19,692 [cf7cc385-5ca0-45b1-ac1d-dc278b2e7386@group-4CAFB8AFE6AC-StateMachineUpdater] INFO  metrics.RatisMetrics (RatisMetrics.java:unregister(43)) - Unregistering Metrics Registry : ratis.server.cf7cc385-5ca0-45b1-ac1d-dc278b2e7386@group-4CAFB8AFE6AC
2021-07-15 16:37:19,695 [grpc-default-executor-4] INFO  server.RaftServer$Division (RaftServerImpl.java:requestVote(1074)) - 7fea9b52-1b88-4603-b6bb-6748911f11bf@group-324EC8E43CB0 replies to ELECTION vote request: 7bb90881-70ee-4b59-9518-5a5d97bf3fe4<-7fea9b52-1b88-4603-b6bb-6748911f11bf#0:OK-t3. Peer's state: 7fea9b52-1b88-4603-b6bb-6748911f11bf@group-324EC8E43CB0:t3, leader=null, voted=7bb90881-70ee-4b59-9518-5a5d97bf3fe4, raftlog=7fea9b52-1b88-4603-b6bb-6748911f11bf@group-324EC8E43CB0-SegmentedRaftLog:OPENED:c-1,f-1,i0, conf=-1: [7bb90881-70ee-4b59-9518-5a5d97bf3fe4|rpc:127.0.0.1:37335|dataStream:|priority:1, 9009ae8a-6e34-4da8-a214-6d662c69877c|rpc:127.0.0.1:35469|dataStream:|priority:0, 7fea9b52-1b88-4603-b6bb-6748911f11bf|rpc:127.0.0.1:43849|dataStream:|priority:0], old=null
2021-07-15 16:37:19,699 [grpc-default-executor-1] INFO  ratis.XceiverServerRatis (XceiverServerRatis.java:handleLeaderChangedNotification(857)) - Leader change notification received for group: group-324EC8E43CB0 with new leaderId: 7bb90881-70ee-4b59-9518-5a5d97bf3fe4
2021-07-15 16:37:19,699 [grpc-default-executor-1] INFO  server.RaftServer$Division (ServerState.java:setLeader(271)) - 9009ae8a-6e34-4da8-a214-6d662c69877c@group-324EC8E43CB0: change Leader from null to 7bb90881-70ee-4b59-9518-5a5d97bf3fe4 at term 3 for appendEntries, leader elected after 15422ms
2021-07-15 16:37:19,700 [grpc-default-executor-0] INFO  ratis.XceiverServerRatis (XceiverServerRatis.java:handleLeaderChangedNotification(857)) - Leader change notification received for group: group-324EC8E43CB0 with new leaderId: 7bb90881-70ee-4b59-9518-5a5d97bf3fe4
2021-07-15 16:37:19,700 [grpc-default-executor-0] INFO  server.RaftServer$Division (ServerState.java:setLeader(271)) - 7fea9b52-1b88-4603-b6bb-6748911f11bf@group-324EC8E43CB0: change Leader from null to 7bb90881-70ee-4b59-9518-5a5d97bf3fe4 at term 3 for appendEntries, leader elected after 15399ms
2021-07-15 16:37:19,697 [Listener at 127.0.0.1/10248] INFO  ha.SCMHAManagerImpl (SCMHAManagerImpl.java:installCheckpoint(227)) - Installing checkpoint with SCMTransactionInfo 2#25
2021-07-15 16:37:19,700 [Listener at 127.0.0.1/10248] WARN  ha.SCMHAManagerImpl (SCMHAManagerImpl.java:installCheckpoint(240)) - Cannot proceed with InstallSnapshot as SCM is at TermIndex (t:2, i:28) and checkpoint has lower TermIndex (t:2, i:25). Reloading old state of SCM.
2021-07-15 16:37:19,704 [Listener at 127.0.0.1/10248] INFO  ozone.MiniOzoneClusterImpl (MiniOzoneClusterImpl.java:shutdown(448)) - Shutting down the Mini Ozone Cluster
2021-07-15 16:37:19,706 [grpc-default-executor-1] INFO  server.RaftServer$Division (ServerState.java:setRaftConf(373)) - 9009ae8a-6e34-4da8-a214-6d662c69877c@group-324EC8E43CB0: set configuration 0: [7bb90881-70ee-4b59-9518-5a5d97bf3fe4|rpc:127.0.0.1:37335|dataStream:|priority:1, 9009ae8a-6e34-4da8-a214-6d662c69877c|rpc:127.0.0.1:35469|dataStream:|priority:0, 7fea9b52-1b88-4603-b6bb-6748911f11bf|rpc:127.0.0.1:43849|dataStream:|priority:0], old=null
2021-07-15 16:37:19,710 [grpc-default-executor-1] INFO  segmented.SegmentedRaftLogWorker (SegmentedRaftLogWorker.java:startLogSegment(394)) - 9009ae8a-6e34-4da8-a214-6d662c69877c@group-324EC8E43CB0-SegmentedRaftLogWorker: Starting segment from index:0
2021-07-15 16:37:19,710 [grpc-default-executor-0] INFO  server.RaftServer$Division (ServerState.java:setRaftConf(373)) - 7fea9b52-1b88-4603-b6bb-6748911f11bf@group-324EC8E43CB0: set configuration 0: [7bb90881-70ee-4b59-9518-5a5d97bf3fe4|rpc:127.0.0.1:37335|dataStream:|priority:1, 9009ae8a-6e34-4da8-a214-6d662c69877c|rpc:127.0.0.1:35469|dataStream:|priority:0, 7fea9b52-1b88-4603-b6bb-6748911f11bf|rpc:127.0.0.1:43849|dataStream:|priority:0], old=null
2021-07-15 16:37:19,711 [Listener at 127.0.0.1/10248] INFO  ozone.MiniOzoneHAClusterImpl (MiniOzoneHAClusterImpl.java:stop(291)) - Stopping the OzoneManager omNode-1
2021-07-15 16:37:19,711 [Listener at 127.0.0.1/10248] INFO  ipc.Server (Server.java:stop(3414)) - Stopping server on 10248
2021-07-15 16:37:19,711 [grpc-default-executor-0] INFO  segmented.SegmentedRaftLogWorker (SegmentedRaftLogWorker.java:startLogSegment(394)) - 7fea9b52-1b88-4603-b6bb-6748911f11bf@group-324EC8E43CB0-SegmentedRaftLogWorker: Starting segment from index:0
2021-07-15 16:37:19,713 [9009ae8a-6e34-4da8-a214-6d662c69877c@group-324EC8E43CB0-SegmentedRaftLogWorker] INFO  segmented.SegmentedRaftLogWorker (SegmentedRaftLogWorker.java:execute(601)) - 9009ae8a-6e34-4da8-a214-6d662c69877c@group-324EC8E43CB0-SegmentedRaftLogWorker: created new log segment /home/runner/work/ozone/ozone/mnt/ozone/hadoop-ozone/integration-test/target/test-dir/MiniOzoneClusterImpl-8ef06965-d5c9-44f0-9cd1-4cafb8afe6ac/datanode-1/data/ratis/fe2f9ccf-ac21-4967-b1a7-324ec8e43cb0/current/log_inprogress_0
2021-07-15 16:37:19,724 [IPC Server listener on 10248] INFO  ipc.Server (Server.java:run(1376)) - Stopping IPC Server listener on 10248
2021-07-15 16:37:19,724 [IPC Server Responder] INFO  ipc.Server (Server.java:run(1512)) - Stopping IPC Server Responder
2021-07-15 16:37:19,725 [Listener at 127.0.0.1/10248] INFO  server.RaftServer (RaftServerProxy.java:lambda$close$6(391)) - omNode-1: close
2021-07-15 16:37:19,725 [Listener at 127.0.0.1/10248] INFO  server.RaftServer$Division (RaftServerImpl.java:lambda$close$4(406)) - omNode-1@group-523986131536: shutdown
2021-07-15 16:37:19,725 [Listener at 127.0.0.1/10248] INFO  util.JmxRegister (JmxRegister.java:unregister(73)) - Successfully un-registered JMX Bean with object name Ratis:service=RaftServer,group=group-523986131536,id=omNode-1
2021-07-15 16:37:19,725 [Listener at 127.0.0.1/10248] INFO  impl.RoleInfo (RoleInfo.java:shutdownLeaderState(91)) - omNode-1: shutdown omNode-1@group-523986131536-LeaderStateImpl
2021-07-15 16:37:19,726 [Listener at 127.0.0.1/10248] INFO  impl.PendingRequests (PendingRequests.java:sendNotLeaderResponses(249)) - omNode-1@group-523986131536-PendingRequests: sendNotLeaderResponses
2021-07-15 16:37:19,726 [Listener at 127.0.0.1/10248] INFO  metrics.RatisMetrics (RatisMetrics.java:unregister(43)) - Unregistering Metrics Registry : ratis.log_appender.omNode-1@group-523986131536
2021-07-15 16:37:19,726 [Listener at 127.0.0.1/10248] INFO  metrics.RatisMetrics (RatisMetrics.java:unregister(43)) - Unregistering Metrics Registry : ratis.server.omNode-1@group-523986131536
2021-07-15 16:37:19,727 [Listener at 127.0.0.1/10248] INFO  impl.StateMachineUpdater (StateMachineUpdater.java:stopAndJoin(149)) - omNode-1@group-523986131536-StateMachineUpdater: set stopIndex = 0
2021-07-15 16:37:19,727 [omNode-1@group-523986131536-StateMachineUpdater] INFO  ratis.OzoneManagerStateMachine (OzoneManagerStateMachine.java:takeSnapshot(396)) - Current Snapshot Index (t:1, i:0)
2021-07-15 16:37:19,727 [omNode-1@group-523986131536-StateMachineUpdater] INFO  impl.StateMachineUpdater (StateMachineUpdater.java:takeSnapshot(281)) - omNode-1@group-523986131536-StateMachineUpdater: Took a snapshot at index 0
2021-07-15 16:37:19,727 [omNode-1@group-523986131536-StateMachineUpdater] INFO  impl.StateMachineUpdater (StateMachineUpdater.java:lambda$new$0(89)) - omNode-1@group-523986131536-StateMachineUpdater: snapshotIndex: updateIncreasingly -1 -> 0
2021-07-15 16:37:19,727 [omNode-1@group-523986131536-StateMachineUpdater] INFO  metrics.RatisMetrics (RatisMetrics.java:unregister(43)) - Unregistering Metrics Registry : ratis.state_machine.omNode-1@group-523986131536
2021-07-15 16:37:19,732 [7fea9b52-1b88-4603-b6bb-6748911f11bf@group-324EC8E43CB0-SegmentedRaftLogWorker] INFO  segmented.SegmentedRaftLogWorker (SegmentedRaftLogWorker.java:execute(601)) - 7fea9b52-1b88-4603-b6bb-6748911f11bf@group-324EC8E43CB0-SegmentedRaftLogWorker: created new log segment /home/runner/work/ozone/ozone/mnt/ozone/hadoop-ozone/integration-test/target/test-dir/MiniOzoneClusterImpl-8ef06965-d5c9-44f0-9cd1-4cafb8afe6ac/datanode-2/data/ratis/fe2f9ccf-ac21-4967-b1a7-324ec8e43cb0/current/log_inprogress_0
2021-07-15 16:37:19,733 [Listener at 127.0.0.1/10248] INFO  server.RaftServer$Division (ServerState.java:close(405)) - omNode-1@group-523986131536: closes. applyIndex: 0
2021-07-15 16:37:19,741 [omNode-1@group-523986131536-SegmentedRaftLogWorker] INFO  segmented.SegmentedRaftLogWorker (SegmentedRaftLogWorker.java:run(327)) - omNode-1@group-523986131536-SegmentedRaftLogWorker was interrupted, exiting. There are 0 tasks remaining in the queue.
2021-07-15 16:37:19,744 [Listener at 127.0.0.1/10248] INFO  segmented.SegmentedRaftLogWorker (SegmentedRaftLogWorker.java:close(237)) - omNode-1@group-523986131536-SegmentedRaftLogWorker close()
2021-07-15 16:37:19,746 [Listener at 127.0.0.1/10248] INFO  metrics.RatisMetrics (RatisMetrics.java:unregister(43)) - Unregistering Metrics Registry : ratis.log_worker.omNode-1@group-523986131536
2021-07-15 16:37:19,746 [Listener at 127.0.0.1/10248] INFO  metrics.RatisMetrics (RatisMetrics.java:unregister(43)) - Unregistering Metrics Registry : ratis.leader_election.omNode-1@group-523986131536
2021-07-15 16:37:19,746 [Listener at 127.0.0.1/10248] INFO  metrics.RatisMetrics (RatisMetrics.java:unregister(43)) - Unregistering Metrics Registry : ratis.server.omNode-1@group-523986131536
2021-07-15 16:37:19,746 [Listener at 127.0.0.1/10248] INFO  server.GrpcService (GrpcService.java:closeImpl(262)) - omNode-1: shutdown server with port 10252 now
2021-07-15 16:37:19,747 [Listener at 127.0.0.1/10248] INFO  server.GrpcService (GrpcService.java:closeImpl(271)) - omNode-1: shutdown server with port 10252 successfully
2021-07-15 16:37:19,747 [org.apache.ratis.util.JvmPauseMonitor$$Lambda$496/1286580650@4bcaa38c] INFO  util.JvmPauseMonitor (JvmPauseMonitor.java:run(109)) - JvmPauseMonitor-omNode-1: Stopped
2021-07-15 16:37:19,747 [Listener at 127.0.0.1/10248] INFO  ratis.OzoneManagerDoubleBuffer (OzoneManagerDoubleBuffer.java:stop(437)) - Stopping OMDoubleBuffer flush thread
2021-07-15 16:37:19,747 [OMDoubleBufferFlushThread] INFO  ratis.OzoneManagerDoubleBuffer (OzoneManagerDoubleBuffer.java:flushTransactions(356)) - OMDoubleBuffer flush thread OMDoubleBufferFlushThread is interrupted and will exit. OMDoubleBufferFlushThread
2021-07-15 16:37:19,748 [Listener at 127.0.0.1/10248] INFO  utils.BackgroundService (BackgroundService.java:shutdown(132)) - Shutting down service KeyDeletingService
2021-07-15 16:37:19,748 [Listener at 127.0.0.1/10248] INFO  handler.ContextHandler (ContextHandler.java:doStop(1154)) - Stopped o.e.j.w.WebAppContext@4ac8bbef{ozoneManager,/,null,STOPPED}{file:/home/runner/work/ozone/ozone/mnt/ozone/hadoop-ozone/integration-test/target/test-classes/webapps/ozoneManager}
2021-07-15 16:37:19,749 [Listener at 127.0.0.1/10248] INFO  server.AbstractConnector (AbstractConnector.java:doStop(381)) - Stopped ServerConnector@7a2fd9de{HTTP/1.1, (http/1.1)}{0.0.0.0:10250}
2021-07-15 16:37:19,749 [Listener at 127.0.0.1/10248] INFO  server.session (HouseKeeper.java:stopScavenging(149)) - node0 Stopped scavenging
2021-07-15 16:37:19,750 [Listener at 127.0.0.1/10248] INFO  handler.ContextHandler (ContextHandler.java:doStop(1154)) - Stopped o.e.j.s.ServletContextHandler@190f522a{static,/static,file:///home/runner/work/ozone/ozone/mnt/ozone/hadoop-ozone/integration-test/target/test-classes/webapps/static,STOPPED}
2021-07-15 16:37:19,750 [Listener at 127.0.0.1/10248] INFO  handler.ContextHandler (ContextHandler.java:doStop(1154)) - Stopped o.e.j.s.ServletContextHandler@4704ad3f{logs,/logs,file:///home/runner/work/ozone/ozone/mnt/ozone/hadoop-ozone/integration-test/target/log,STOPPED}
2021-07-15 16:37:19,754 [Listener at 127.0.0.1/10248] INFO  ozone.MiniOzoneHAClusterImpl (MiniOzoneHAClusterImpl.java:stop(299)) - Stopping the StorageContainerManager cf7cc385-5ca0-45b1-ac1d-dc278b2e7386
2021-07-15 16:37:19,754 [Listener at 127.0.0.1/10248] INFO  server.StorageContainerManager (StorageContainerManager.java:stop(1334)) - Stopping Replication Manager Service.
2021-07-15 16:37:19,754 [Listener at 127.0.0.1/10248] INFO  container.ReplicationManager (ReplicationManager.java:stop(261)) - Stopping Replication Monitor Thread.
2021-07-15 16:37:19,755 [Listener at 127.0.0.1/10248] INFO  server.StorageContainerManager (StorageContainerManager.java:stop(1341)) - Stopping the Datanode Admin Monitor.
2021-07-15 16:37:19,755 [Listener at 127.0.0.1/10248] INFO  server.StorageContainerManager (StorageContainerManager.java:stop(1348)) - Stopping Lease Manager of the command watchers
2021-07-15 16:37:19,755 [Listener at 127.0.0.1/10248] INFO  server.StorageContainerManager (StorageContainerManager.java:stop(1355)) - Stopping datanode service RPC server
2021-07-15 16:37:19,755 [Listener at 127.0.0.1/10248] INFO  server.SCMDatanodeProtocolServer (SCMDatanodeProtocolServer.java:stop(389)) - Stopping the RPC server for DataNodes
2021-07-15 16:37:19,756 [Listener at 127.0.0.1/10248] INFO  ipc.Server (Server.java:stop(3414)) - Stopping server on 14069
2021-07-15 16:37:19,757 [IPC Server Responder] INFO  ipc.Server (Server.java:run(1512)) - Stopping IPC Server Responder
2021-07-15 16:37:19,757 [IPC Server listener on 14069] INFO  ipc.Server (Server.java:run(1376)) - Stopping IPC Server listener on 14069
2021-07-15 16:37:19,822 [SCM Heartbeat Processing Thread - 0] WARN  node.NodeStateManager (NodeStateManager.java:scheduleNextHealthCheck(799)) - Current Thread is interrupted, shutting down HB processing thread for Node Manager.
2021-07-15 16:37:19,826 [EndpointStateMachine task thread for /127.0.0.1:12821 - 0 ] INFO  ipc.Client (Client.java:handleConnectionFailure(977)) - Retrying connect to server: localhost/127.0.0.1:12821. Already tried 0 time(s); retry policy is RetryUpToMaximumCountWithFixedSleep(maxRetries=15, sleepTime=1000 MILLISECONDS)
2021-07-15 16:37:19,827 [Listener at 127.0.0.1/10248] INFO  server.StorageContainerManager (StorageContainerManager.java:stop(1363)) - Stopping block service RPC server
2021-07-15 16:37:19,827 [Listener at 127.0.0.1/10248] INFO  server.SCMBlockProtocolServer (SCMBlockProtocolServer.java:stop(160)) - Stopping the RPC server for Block Protocol
2021-07-15 16:37:19,827 [Listener at 127.0.0.1/10248] INFO  ipc.Server (Server.java:stop(3414)) - Stopping server on 14070
2021-07-15 16:37:19,827 [EndpointStateMachine task thread for /127.0.0.1:12811 - 0 ] INFO  ipc.Client (Client.java:handleConnectionFailure(977)) - Retrying connect to server: localhost/127.0.0.1:12811. Already tried 0 time(s); retry policy is RetryUpToMaximumCountWithFixedSleep(maxRetries=15, sleepTime=1000 MILLISECONDS)
2021-07-15 16:37:19,828 [EndpointStateMachine task thread for /127.0.0.1:12801 - 0 ] INFO  ipc.Client (Client.java:handleConnectionFailure(977)) - Retrying connect to server: localhost/127.0.0.1:12801. Already tried 4 time(s); retry policy is RetryUpToMaximumCountWithFixedSleep(maxRetries=15, sleepTime=1000 MILLISECONDS)
2021-07-15 16:37:19,830 [IPC Server Responder] INFO  ipc.Server (Server.java:run(1512)) - Stopping IPC Server Responder
2021-07-15 16:37:19,830 [Listener at 127.0.0.1/10248] INFO  server.StorageContainerManager (StorageContainerManager.java:stop(1370)) - Stopping the StorageContainerLocationProtocol RPC server
2021-07-15 16:37:19,830 [IPC Server listener on 14070] INFO  ipc.Server (Server.java:run(1376)) - Stopping IPC Server listener on 14070
2021-07-15 16:37:19,830 [Listener at 127.0.0.1/10248] INFO  server.SCMClientProtocolServer (SCMClientProtocolServer.java:stop(174)) - Stopping the RPC server for Client Protocol
2021-07-15 16:37:19,831 [Listener at 127.0.0.1/10248] INFO  ipc.Server (Server.java:stop(3414)) - Stopping server on 14071
2021-07-15 16:37:19,835 [IPC Server Responder] INFO  ipc.Server (Server.java:run(1512)) - Stopping IPC Server Responder
2021-07-15 16:37:19,835 [Listener at 127.0.0.1/10248] INFO  server.StorageContainerManager (StorageContainerManager.java:stop(1377)) - Stopping Storage Container Manager HTTP server.
2021-07-15 16:37:19,836 [IPC Server listener on 14071] INFO  ipc.Server (Server.java:run(1376)) - Stopping IPC Server listener on 14071
2021-07-15 16:37:19,837 [Listener at 127.0.0.1/10248] INFO  handler.ContextHandler (ContextHandler.java:doStop(1154)) - Stopped o.e.j.w.WebAppContext@7fdd597b{scm,/,null,STOPPED}{file:/home/runner/work/ozone/ozone/mnt/ozone/hadoop-ozone/integration-test/target/test-classes/webapps/scm}
2021-07-15 16:37:19,838 [Listener at 127.0.0.1/10248] INFO  server.AbstractConnector (AbstractConnector.java:doStop(381)) - Stopped ServerConnector@133b27df{HTTP/1.1, (http/1.1)}{0.0.0.0:14066}
2021-07-15 16:37:19,838 [Listener at 127.0.0.1/10248] INFO  server.session (HouseKeeper.java:stopScavenging(149)) - node0 Stopped scavenging
2021-07-15 16:37:19,838 [Listener at 127.0.0.1/10248] INFO  handler.ContextHandler (ContextHandler.java:doStop(1154)) - Stopped o.e.j.s.ServletContextHandler@6eb48b34{static,/static,file:///home/runner/work/ozone/ozone/mnt/ozone/hadoop-ozone/integration-test/target/test-classes/webapps/static,STOPPED}
2021-07-15 16:37:19,838 [Listener at 127.0.0.1/10248] INFO  handler.ContextHandler (ContextHandler.java:doStop(1154)) - Stopped o.e.j.s.ServletContextHandler@27477eb7{logs,/logs,file:///home/runner/work/ozone/ozone/mnt/ozone/hadoop-ozone/integration-test/target/log,STOPPED}
2021-07-15 16:37:19,839 [Listener at 127.0.0.1/10248] INFO  server.StorageContainerManager (StorageContainerManager.java:stop(1388)) - Stopping Block Manager Service.
2021-07-15 16:37:19,839 [Listener at 127.0.0.1/10248] INFO  utils.BackgroundService (BackgroundService.java:shutdown(132)) - Shutting down service SCMBlockDeletingService
2021-07-15 16:37:19,840 [Listener at 127.0.0.1/10248] INFO  utils.BackgroundService (BackgroundService.java:shutdown(132)) - Shutting down service SCMBlockDeletingService
2021-07-15 16:37:19,840 [Listener at 127.0.0.1/10248] INFO  server.StorageContainerManager (StorageContainerManager.java:stop(1415)) - Stopping SCM Event Queue.
2021-07-15 16:37:19,841 [Listener at 127.0.0.1/10248] INFO  ha.SCMRatisServerImpl (SCMRatisServerImpl.java:stop(226)) - stopping ratis server 0.0.0.0:14068
2021-07-15 16:37:19,841 [Listener at 127.0.0.1/10248] INFO  server.RaftServer (RaftServerProxy.java:lambda$close$6(391)) - cf7cc385-5ca0-45b1-ac1d-dc278b2e7386: close
2021-07-15 16:37:19,842 [Listener at 127.0.0.1/10248] INFO  server.GrpcService (GrpcService.java:closeImpl(262)) - cf7cc385-5ca0-45b1-ac1d-dc278b2e7386: shutdown server with port 14068 now
2021-07-15 16:37:19,844 [Listener at 127.0.0.1/10248] INFO  server.GrpcService (GrpcService.java:closeImpl(271)) - cf7cc385-5ca0-45b1-ac1d-dc278b2e7386: shutdown server with port 14068 successfully
2021-07-15 16:37:19,845 [grpc-default-executor-0] WARN  server.GrpcLogAppender (LogUtils.java:warn(122)) - 6394c69b-367f-4a62-9595-acf3eb8c80db@group-4CAFB8AFE6AC->cf7cc385-5ca0-45b1-ac1d-dc278b2e7386-AppendLogResponseHandler: Failed appendEntries: org.apache.ratis.thirdparty.io.grpc.StatusRuntimeException: CANCELLED: HTTP/2 error code: CANCEL
Received Rst Stream
2021-07-15 16:37:19,845 [grpc-default-executor-0] INFO  leader.FollowerInfo (FollowerInfoImpl.java:lambda$new$0(46)) - 6394c69b-367f-4a62-9595-acf3eb8c80db@group-4CAFB8AFE6AC->cf7cc385-5ca0-45b1-ac1d-dc278b2e7386: nextIndex: updateUnconditionally 31 -> 30
2021-07-15 16:37:19,845 [grpc-default-executor-1] WARN  server.GrpcServerProtocolService (LogUtils.java:warn(122)) - cf7cc385-5ca0-45b1-ac1d-dc278b2e7386: installSnapshot onError, lastRequest: 6394c69b-367f-4a62-9595-acf3eb8c80db->cf7cc385-5ca0-45b1-ac1d-dc278b2e7386#39-t2,previous=(t:2, i:29),leaderCommit=29,initializing? true,entries: size=1, first=(t:2, i:30), METADATAENTRY(c:29): org.apache.ratis.thirdparty.io.grpc.StatusRuntimeException: CANCELLED: client cancelled
2021-07-15 16:37:19,849 [org.apache.ratis.util.JvmPauseMonitor$$Lambda$496/1286580650@4086b547] INFO  util.JvmPauseMonitor (JvmPauseMonitor.java:run(109)) - JvmPauseMonitor-cf7cc385-5ca0-45b1-ac1d-dc278b2e7386: Stopped
2021-07-15 16:37:19,850 [Listener at 127.0.0.1/10248] INFO  pipeline.BackgroundPipelineCreator (BackgroundPipelineCreatorV2.java:stop(158)) - Stopping RatisPipelineUtilsThread.
2021-07-15 16:37:19,851 [Listener at 127.0.0.1/10248] INFO  impl.MetricsSystemImpl (MetricsSystemImpl.java:stop(210)) - Stopping StorageContainerManager metrics system...
2021-07-15 16:37:19,852 [grpc-default-executor-0] WARN  server.GrpcLogAppender (LogUtils.java:warn(122)) - 6394c69b-367f-4a62-9595-acf3eb8c80db@group-4CAFB8AFE6AC->cf7cc385-5ca0-45b1-ac1d-dc278b2e7386-AppendLogResponseHandler: Failed appendEntries: org.apache.ratis.thirdparty.io.grpc.StatusRuntimeException: UNAVAILABLE: io exception
2021-07-15 16:37:19,853 [grpc-default-executor-0] INFO  leader.FollowerInfo (FollowerInfoImpl.java:lambda$new$0(46)) - 6394c69b-367f-4a62-9595-acf3eb8c80db@group-4CAFB8AFE6AC->cf7cc385-5ca0-45b1-ac1d-dc278b2e7386: nextIndex: updateUnconditionally 31 -> 30
2021-07-15 16:37:19,859 [prometheus] INFO  impl.MetricsSinkAdapter (MetricsSinkAdapter.java:publishMetricsFromQueue(141)) - prometheus thread interrupted.
2021-07-15 16:37:19,859 [Listener at 127.0.0.1/10248] INFO  impl.MetricsSystemImpl (MetricsSystemImpl.java:stop(216)) - StorageContainerManager metrics system stopped.
2021-07-15 16:37:19,859 [Listener at 127.0.0.1/10248] INFO  ozone.MiniOzoneHAClusterImpl (MiniOzoneHAClusterImpl.java:stop(299)) - Stopping the StorageContainerManager 6394c69b-367f-4a62-9595-acf3eb8c80db
2021-07-15 16:37:19,859 [Listener at 127.0.0.1/10248] INFO  server.StorageContainerManager (StorageContainerManager.java:stop(1334)) - Stopping Replication Manager Service.
2021-07-15 16:37:19,860 [Listener at 127.0.0.1/10248] INFO  container.ReplicationManager (ReplicationManager.java:stop(261)) - Stopping Replication Monitor Thread.
2021-07-15 16:37:19,860 [Listener at 127.0.0.1/10248] INFO  server.StorageContainerManager (StorageContainerManager.java:stop(1341)) - Stopping the Datanode Admin Monitor.
2021-07-15 16:37:19,860 [Listener at 127.0.0.1/10248] INFO  server.StorageContainerManager (StorageContainerManager.java:stop(1348)) - Stopping Lease Manager of the command watchers
2021-07-15 16:37:19,860 [Listener at 127.0.0.1/10248] INFO  server.StorageContainerManager (StorageContainerManager.java:stop(1355)) - Stopping datanode service RPC server
2021-07-15 16:37:19,861 [Listener at 127.0.0.1/10248] INFO  server.SCMDatanodeProtocolServer (SCMDatanodeProtocolServer.java:stop(389)) - Stopping the RPC server for DataNodes
2021-07-15 16:37:19,861 [Listener at 127.0.0.1/10248] INFO  ipc.Server (Server.java:stop(3414)) - Stopping server on 14049
2021-07-15 16:37:19,870 [IPC Server listener on 14049] INFO  ipc.Server (Server.java:run(1376)) - Stopping IPC Server listener on 14049
2021-07-15 16:37:19,870 [IPC Server Responder] INFO  ipc.Server (Server.java:run(1512)) - Stopping IPC Server Responder
2021-07-15 16:37:20,298 [EndpointStateMachine task thread for /127.0.0.1:14049 - 0 ] WARN  statemachine.EndpointStateMachine (EndpointStateMachine.java:logIfNeeded(236)) - Unable to communicate to SCM server at 127.0.0.1:14049 for past 0 seconds.
java.io.EOFException: End of File Exception between local host is: "fv-az151-474/10.1.0.52"; destination host is: "localhost":14049; : java.io.EOFException; For more details see:  http://wiki.apache.org/hadoop/EOFException
	at sun.reflect.NativeConstructorAccessorImpl.newInstance0(Native Method)
	at sun.reflect.NativeConstructorAccessorImpl.newInstance(NativeConstructorAccessorImpl.java:62)
	at sun.reflect.DelegatingConstructorAccessorImpl.newInstance(DelegatingConstructorAccessorImpl.java:45)
	at java.lang.reflect.Constructor.newInstance(Constructor.java:423)
	at org.apache.hadoop.net.NetUtils.wrapWithMessage(NetUtils.java:913)
	at org.apache.hadoop.net.NetUtils.wrapException(NetUtils.java:862)
	at org.apache.hadoop.ipc.Client.getRpcResponse(Client.java:1577)
	at org.apache.hadoop.ipc.Client.call(Client.java:1519)
	at org.apache.hadoop.ipc.Client.call(Client.java:1416)
	at org.apache.hadoop.ipc.ProtobufRpcEngine$Invoker.invoke(ProtobufRpcEngine.java:236)
	at org.apache.hadoop.ipc.ProtobufRpcEngine$Invoker.invoke(ProtobufRpcEngine.java:123)
	at com.sun.proxy.$Proxy47.submitRequest(Unknown Source)
	at org.apache.hadoop.ozone.protocolPB.StorageContainerDatanodeProtocolClientSideTranslatorPB.submitRequest(StorageContainerDatanodeProtocolClientSideTranslatorPB.java:117)
	at org.apache.hadoop.ozone.protocolPB.StorageContainerDatanodeProtocolClientSideTranslatorPB.sendHeartbeat(StorageContainerDatanodeProtocolClientSideTranslatorPB.java:149)
	at org.apache.hadoop.ozone.container.common.states.endpoint.HeartbeatEndpointTask.call(HeartbeatEndpointTask.java:179)
	at org.apache.hadoop.ozone.container.common.states.endpoint.HeartbeatEndpointTask.call(HeartbeatEndpointTask.java:82)
	at java.util.concurrent.FutureTask.run(FutureTask.java:266)
	at java.util.concurrent.ThreadPoolExecutor.runWorker(ThreadPoolExecutor.java:1149)
	at java.util.concurrent.ThreadPoolExecutor$Worker.run(ThreadPoolExecutor.java:624)
	at java.lang.Thread.run(Thread.java:748)
Caused by: java.io.EOFException
	at java.io.DataInputStream.readInt(DataInputStream.java:392)
	at org.apache.hadoop.ipc.Client$IpcStreams.readResponse(Client.java:1892)
	at org.apache.hadoop.ipc.Client$Connection.receiveRpcResponse(Client.java:1202)
	at org.apache.hadoop.ipc.Client$Connection.run(Client.java:1098)
2021-07-15 16:37:20,300 [EndpointStateMachine task thread for /127.0.0.1:14069 - 0 ] WARN  statemachine.EndpointStateMachine (EndpointStateMachine.java:logIfNeeded(236)) - Unable to communicate to SCM server at localhost:14069 for past 0 seconds.
java.io.EOFException: End of File Exception between local host is: "fv-az151-474/10.1.0.52"; destination host is: "localhost":14069; : java.io.EOFException; For more details see:  http://wiki.apache.org/hadoop/EOFException
	at sun.reflect.NativeConstructorAccessorImpl.newInstance0(Native Method)
	at sun.reflect.NativeConstructorAccessorImpl.newInstance(NativeConstructorAccessorImpl.java:62)
	at sun.reflect.DelegatingConstructorAccessorImpl.newInstance(DelegatingConstructorAccessorImpl.java:45)
	at java.lang.reflect.Constructor.newInstance(Constructor.java:423)
	at org.apache.hadoop.net.NetUtils.wrapWithMessage(NetUtils.java:913)
	at org.apache.hadoop.net.NetUtils.wrapException(NetUtils.java:862)
	at org.apache.hadoop.ipc.Client.getRpcResponse(Client.java:1577)
	at org.apache.hadoop.ipc.Client.call(Client.java:1519)
	at org.apache.hadoop.ipc.Client.call(Client.java:1416)
	at org.apache.hadoop.ipc.ProtobufRpcEngine$Invoker.invoke(ProtobufRpcEngine.java:236)
	at org.apache.hadoop.ipc.ProtobufRpcEngine$Invoker.invoke(ProtobufRpcEngine.java:123)
	at com.sun.proxy.$Proxy47.submitRequest(Unknown Source)
	at org.apache.hadoop.ozone.protocolPB.StorageContainerDatanodeProtocolClientSideTranslatorPB.submitRequest(StorageContainerDatanodeProtocolClientSideTranslatorPB.java:117)
	at org.apache.hadoop.ozone.protocolPB.StorageContainerDatanodeProtocolClientSideTranslatorPB.register(StorageContainerDatanodeProtocolClientSideTranslatorPB.java:180)
	at org.apache.hadoop.ozone.container.common.states.endpoint.RegisterEndpointTask.call(RegisterEndpointTask.java:158)
	at org.apache.hadoop.ozone.container.common.states.endpoint.RegisterEndpointTask.call(RegisterEndpointTask.java:52)
	at java.util.concurrent.FutureTask.run(FutureTask.java:266)
	at java.util.concurrent.ThreadPoolExecutor.runWorker(ThreadPoolExecutor.java:1149)
	at java.util.concurrent.ThreadPoolExecutor$Worker.run(ThreadPoolExecutor.java:624)
	at java.lang.Thread.run(Thread.java:748)
Caused by: java.io.EOFException
	at java.io.DataInputStream.readInt(DataInputStream.java:392)
	at org.apache.hadoop.ipc.Client$IpcStreams.readResponse(Client.java:1892)
	at org.apache.hadoop.ipc.Client$Connection.receiveRpcResponse(Client.java:1202)
	at org.apache.hadoop.ipc.Client$Connection.run(Client.java:1098)
2021-07-15 16:37:20,827 [EndpointStateMachine task thread for /127.0.0.1:12821 - 0 ] INFO  ipc.Client (Client.java:handleConnectionFailure(977)) - Retrying connect to server: localhost/127.0.0.1:12821. Already tried 1 time(s); retry policy is RetryUpToMaximumCountWithFixedSleep(maxRetries=15, sleepTime=1000 MILLISECONDS)
2021-07-15 16:37:20,828 [EndpointStateMachine task thread for /127.0.0.1:12811 - 0 ] INFO  ipc.Client (Client.java:handleConnectionFailure(977)) - Retrying connect to server: localhost/127.0.0.1:12811. Already tried 1 time(s); retry policy is RetryUpToMaximumCountWithFixedSleep(maxRetries=15, sleepTime=1000 MILLISECONDS)
2021-07-15 16:37:20,828 [EndpointStateMachine task thread for /127.0.0.1:12801 - 0 ] INFO  ipc.Client (Client.java:handleConnectionFailure(977)) - Retrying connect to server: localhost/127.0.0.1:12801. Already tried 5 time(s); retry policy is RetryUpToMaximumCountWithFixedSleep(maxRetries=15, sleepTime=1000 MILLISECONDS)
2021-07-15 16:37:21,522 [EndpointStateMachine task thread for /127.0.0.1:14069 - 0 ] INFO  ipc.Client (Client.java:handleConnectionFailure(977)) - Retrying connect to server: localhost/127.0.0.1:14069. Already tried 0 time(s); retry policy is RetryUpToMaximumCountWithFixedSleep(maxRetries=15, sleepTime=1000 MILLISECONDS)
2021-07-15 16:37:21,522 [EndpointStateMachine task thread for /127.0.0.1:14049 - 0 ] INFO  ipc.Client (Client.java:handleConnectionFailure(977)) - Retrying connect to server: localhost/127.0.0.1:14049. Already tried 0 time(s); retry policy is RetryUpToMaximumCountWithFixedSleep(maxRetries=15, sleepTime=1000 MILLISECONDS)
2021-07-15 16:37:21,646 [Datanode State Machine Thread - 0] ERROR datanode.RunningDatanodeState (RunningDatanodeState.java:computeNextContainerState(199)) - Error in executing end point task.
java.util.concurrent.ExecutionException: java.util.concurrent.TimeoutException
	at java.util.concurrent.FutureTask.report(FutureTask.java:122)
	at java.util.concurrent.FutureTask.get(FutureTask.java:192)
	at org.apache.hadoop.ozone.container.common.states.datanode.RunningDatanodeState.computeNextContainerState(RunningDatanodeState.java:191)
	at org.apache.hadoop.ozone.container.common.states.datanode.RunningDatanodeState.await(RunningDatanodeState.java:231)
	at org.apache.hadoop.ozone.container.common.states.datanode.RunningDatanodeState.await(RunningDatanodeState.java:50)
	at org.apache.hadoop.ozone.container.common.statemachine.StateContext.execute(StateContext.java:629)
	at org.apache.hadoop.ozone.container.common.statemachine.DatanodeStateMachine.start(DatanodeStateMachine.java:269)
	at org.apache.hadoop.ozone.container.common.statemachine.DatanodeStateMachine.lambda$startDaemon$0(DatanodeStateMachine.java:455)
	at java.lang.Thread.run(Thread.java:748)
Caused by: java.util.concurrent.TimeoutException
	at java.util.concurrent.FutureTask.get(FutureTask.java:205)
	at org.apache.hadoop.ozone.container.common.states.datanode.RunningDatanodeState.lambda$execute$0(RunningDatanodeState.java:149)
	at java.util.concurrent.FutureTask.run(FutureTask.java:266)
	at java.util.concurrent.Executors$RunnableAdapter.call(Executors.java:511)
	at java.util.concurrent.FutureTask.run(FutureTask.java:266)
	at java.util.concurrent.ThreadPoolExecutor.runWorker(ThreadPoolExecutor.java:1149)
	at java.util.concurrent.ThreadPoolExecutor$Worker.run(ThreadPoolExecutor.java:624)
	... 1 more
2021-07-15 16:37:21,828 [EndpointStateMachine task thread for /127.0.0.1:12821 - 0 ] INFO  ipc.Client (Client.java:handleConnectionFailure(977)) - Retrying connect to server: localhost/127.0.0.1:12821. Already tried 2 time(s); retry policy is RetryUpToMaximumCountWithFixedSleep(maxRetries=15, sleepTime=1000 MILLISECONDS)
2021-07-15 16:37:21,828 [EndpointStateMachine task thread for /127.0.0.1:12811 - 0 ] INFO  ipc.Client (Client.java:handleConnectionFailure(977)) - Retrying connect to server: localhost/127.0.0.1:12811. Already tried 2 time(s); retry policy is RetryUpToMaximumCountWithFixedSleep(maxRetries=15, sleepTime=1000 MILLISECONDS)
2021-07-15 16:37:21,829 [EndpointStateMachine task thread for /127.0.0.1:12801 - 0 ] INFO  ipc.Client (Client.java:handleConnectionFailure(977)) - Retrying connect to server: localhost/127.0.0.1:12801. Already tried 6 time(s); retry policy is RetryUpToMaximumCountWithFixedSleep(maxRetries=15, sleepTime=1000 MILLISECONDS)
2021-07-15 16:37:22,032 [SCM Heartbeat Processing Thread - 0] WARN  node.NodeStateManager (NodeStateManager.java:scheduleNextHealthCheck(799)) - Current Thread is interrupted, shutting down HB processing thread for Node Manager.
2021-07-15 16:37:22,032 [Listener at 127.0.0.1/10248] INFO  server.StorageContainerManager (StorageContainerManager.java:stop(1363)) - Stopping block service RPC server
2021-07-15 16:37:22,032 [Listener at 127.0.0.1/10248] INFO  server.SCMBlockProtocolServer (SCMBlockProtocolServer.java:stop(160)) - Stopping the RPC server for Block Protocol
2021-07-15 16:37:22,032 [Listener at 127.0.0.1/10248] INFO  ipc.Server (Server.java:stop(3414)) - Stopping server on 14050
2021-07-15 16:37:22,037 [IPC Server Responder] INFO  ipc.Server (Server.java:run(1512)) - Stopping IPC Server Responder
2021-07-15 16:37:22,037 [Listener at 127.0.0.1/10248] INFO  server.StorageContainerManager (StorageContainerManager.java:stop(1370)) - Stopping the StorageContainerLocationProtocol RPC server
2021-07-15 16:37:22,037 [Listener at 127.0.0.1/10248] INFO  server.SCMClientProtocolServer (SCMClientProtocolServer.java:stop(174)) - Stopping the RPC server for Client Protocol
2021-07-15 16:37:22,037 [Listener at 127.0.0.1/10248] INFO  ipc.Server (Server.java:stop(3414)) - Stopping server on 14051
2021-07-15 16:37:22,037 [IPC Server listener on 14050] INFO  ipc.Server (Server.java:run(1376)) - Stopping IPC Server listener on 14050
2021-07-15 16:37:22,060 [IPC Server listener on 14051] INFO  ipc.Server (Server.java:run(1376)) - Stopping IPC Server listener on 14051
2021-07-15 16:37:22,060 [Listener at 127.0.0.1/10248] INFO  server.StorageContainerManager (StorageContainerManager.java:stop(1377)) - Stopping Storage Container Manager HTTP server.
2021-07-15 16:37:22,061 [Listener at 127.0.0.1/10248] INFO  handler.ContextHandler (ContextHandler.java:doStop(1154)) - Stopped o.e.j.w.WebAppContext@40151a6b{scm,/,null,STOPPED}{file:/home/runner/work/ozone/ozone/mnt/ozone/hadoop-ozone/integration-test/target/test-classes/webapps/scm}
2021-07-15 16:37:22,061 [Listener at 127.0.0.1/10248] INFO  server.AbstractConnector (AbstractConnector.java:doStop(381)) - Stopped ServerConnector@70dbde75{HTTP/1.1, (http/1.1)}{0.0.0.0:14046}
2021-07-15 16:37:22,061 [Listener at 127.0.0.1/10248] INFO  server.session (HouseKeeper.java:stopScavenging(149)) - node0 Stopped scavenging
2021-07-15 16:37:22,062 [Listener at 127.0.0.1/10248] INFO  handler.ContextHandler (ContextHandler.java:doStop(1154)) - Stopped o.e.j.s.ServletContextHandler@20652a8b{static,/static,file:///home/runner/work/ozone/ozone/mnt/ozone/hadoop-ozone/integration-test/target/test-classes/webapps/static,STOPPED}
2021-07-15 16:37:22,062 [Listener at 127.0.0.1/10248] INFO  handler.ContextHandler (ContextHandler.java:doStop(1154)) - Stopped o.e.j.s.ServletContextHandler@3369fe5c{logs,/logs,file:///home/runner/work/ozone/ozone/mnt/ozone/hadoop-ozone/integration-test/target/log,STOPPED}
2021-07-15 16:37:22,060 [IPC Server Responder] INFO  ipc.Server (Server.java:run(1512)) - Stopping IPC Server Responder
2021-07-15 16:37:22,063 [Listener at 127.0.0.1/10248] INFO  server.StorageContainerManager (StorageContainerManager.java:stop(1388)) - Stopping Block Manager Service.
2021-07-15 16:37:22,063 [Listener at 127.0.0.1/10248] INFO  utils.BackgroundService (BackgroundService.java:shutdown(132)) - Shutting down service SCMBlockDeletingService
2021-07-15 16:37:22,063 [Listener at 127.0.0.1/10248] INFO  utils.BackgroundService (BackgroundService.java:shutdown(132)) - Shutting down service SCMBlockDeletingService
2021-07-15 16:37:22,064 [Listener at 127.0.0.1/10248] INFO  server.StorageContainerManager (StorageContainerManager.java:stop(1415)) - Stopping SCM Event Queue.
2021-07-15 16:37:22,065 [Listener at 127.0.0.1/10248] INFO  ha.SCMRatisServerImpl (SCMRatisServerImpl.java:stop(226)) - stopping ratis server 0.0.0.0:14048
2021-07-15 16:37:22,066 [Listener at 127.0.0.1/10248] INFO  server.RaftServer (RaftServerProxy.java:lambda$close$6(391)) - 6394c69b-367f-4a62-9595-acf3eb8c80db: close
2021-07-15 16:37:22,066 [Listener at 127.0.0.1/10248] INFO  server.RaftServer$Division (RaftServerImpl.java:lambda$close$4(406)) - 6394c69b-367f-4a62-9595-acf3eb8c80db@group-4CAFB8AFE6AC: shutdown
2021-07-15 16:37:22,066 [Listener at 127.0.0.1/10248] INFO  util.JmxRegister (JmxRegister.java:unregister(73)) - Successfully un-registered JMX Bean with object name Ratis:service=RaftServer,group=group-4CAFB8AFE6AC,id=6394c69b-367f-4a62-9595-acf3eb8c80db
2021-07-15 16:37:22,067 [Listener at 127.0.0.1/10248] INFO  impl.RoleInfo (RoleInfo.java:shutdownLeaderState(91)) - 6394c69b-367f-4a62-9595-acf3eb8c80db: shutdown 6394c69b-367f-4a62-9595-acf3eb8c80db@group-4CAFB8AFE6AC-LeaderStateImpl
2021-07-15 16:37:22,067 [Listener at 127.0.0.1/10248] INFO  metrics.RatisMetrics (RatisMetrics.java:unregister(43)) - Unregistering Metrics Registry : ratis_grpc.log_appender.6394c69b-367f-4a62-9595-acf3eb8c80db@group-4CAFB8AFE6AC
2021-07-15 16:37:22,067 [6394c69b-367f-4a62-9595-acf3eb8c80db@group-4CAFB8AFE6AC->3f02e2f7-a9fe-43aa-a16a-2bf2030dc8fd-GrpcLogAppender-LogAppenderDaemon] WARN  server.GrpcLogAppender (GrpcLogAppender.java:mayWait(175)) - 6394c69b-367f-4a62-9595-acf3eb8c80db@group-4CAFB8AFE6AC->3f02e2f7-a9fe-43aa-a16a-2bf2030dc8fd-GrpcLogAppender: Wait interrupted by java.lang.InterruptedException
2021-07-15 16:37:22,067 [Listener at 127.0.0.1/10248] INFO  metrics.RatisMetrics (RatisMetrics.java:unregister(43)) - Unregistering Metrics Registry : ratis_grpc.log_appender.6394c69b-367f-4a62-9595-acf3eb8c80db@group-4CAFB8AFE6AC
2021-07-15 16:37:22,068 [6394c69b-367f-4a62-9595-acf3eb8c80db@group-4CAFB8AFE6AC->cf7cc385-5ca0-45b1-ac1d-dc278b2e7386-GrpcLogAppender-LogAppenderDaemon] WARN  server.GrpcLogAppender (GrpcLogAppender.java:mayWait(175)) - 6394c69b-367f-4a62-9595-acf3eb8c80db@group-4CAFB8AFE6AC->cf7cc385-5ca0-45b1-ac1d-dc278b2e7386-GrpcLogAppender: Wait interrupted by java.lang.InterruptedException
2021-07-15 16:37:22,068 [Listener at 127.0.0.1/10248] INFO  impl.PendingRequests (PendingRequests.java:sendNotLeaderResponses(249)) - 6394c69b-367f-4a62-9595-acf3eb8c80db@group-4CAFB8AFE6AC-PendingRequests: sendNotLeaderResponses
2021-07-15 16:37:22,068 [Listener at 127.0.0.1/10248] INFO  ha.SCMStateMachine (SCMStateMachine.java:notifyNotLeader(183)) - current leader SCM steps down.
2021-07-15 16:37:22,068 [Listener at 127.0.0.1/10248] INFO  ha.SCMContext (SCMContext.java:updateLeaderAndTerm(88)) - update <isLeader,term> from <true,2> to <false,0>
2021-07-15 16:37:22,068 [Listener at 127.0.0.1/10248] INFO  ha.SCMContext (SCMContext.java:updateLeaderAndTerm(95)) - update <isLeaderReady> from <false> to <false>
2021-07-15 16:37:22,068 [grpc-default-executor-1] INFO  server.GrpcServerProtocolService (GrpcServerProtocolService.java:onCompleted(140)) - 3f02e2f7-a9fe-43aa-a16a-2bf2030dc8fd: Completed APPEND_ENTRIES, lastRequest: 6394c69b-367f-4a62-9595-acf3eb8c80db->3f02e2f7-a9fe-43aa-a16a-2bf2030dc8fd#1036-t2,previous=(t:2, i:29),leaderCommit=29,initializing? true,entries: size=1, first=(t:2, i:30), METADATAENTRY(c:29)
2021-07-15 16:37:22,070 [Listener at 127.0.0.1/10248] INFO  metrics.RatisMetrics (RatisMetrics.java:unregister(43)) - Unregistering Metrics Registry : ratis.log_appender.6394c69b-367f-4a62-9595-acf3eb8c80db@group-4CAFB8AFE6AC
2021-07-15 16:37:22,070 [Listener at 127.0.0.1/10248] INFO  metrics.RatisMetrics (RatisMetrics.java:unregister(43)) - Unregistering Metrics Registry : ratis.server.6394c69b-367f-4a62-9595-acf3eb8c80db@group-4CAFB8AFE6AC
2021-07-15 16:37:22,070 [6394c69b-367f-4a62-9595-acf3eb8c80db@group-4CAFB8AFE6AC-StateMachineUpdater] INFO  metrics.RatisMetrics (RatisMetrics.java:unregister(43)) - Unregistering Metrics Registry : ratis.state_machine.6394c69b-367f-4a62-9595-acf3eb8c80db@group-4CAFB8AFE6AC
2021-07-15 16:37:22,071 [Listener at 127.0.0.1/10248] INFO  impl.StateMachineUpdater (StateMachineUpdater.java:stopAndJoin(149)) - 6394c69b-367f-4a62-9595-acf3eb8c80db@group-4CAFB8AFE6AC-StateMachineUpdater: set stopIndex = 30
2021-07-15 16:37:22,071 [Listener at 127.0.0.1/10248] INFO  server.RaftServer$Division (ServerState.java:close(405)) - 6394c69b-367f-4a62-9595-acf3eb8c80db@group-4CAFB8AFE6AC: closes. applyIndex: 30
2021-07-15 16:37:22,071 [grpc-default-executor-0] INFO  server.GrpcLogAppender (GrpcLogAppender.java:onCompleted(344)) - 6394c69b-367f-4a62-9595-acf3eb8c80db@group-4CAFB8AFE6AC->3f02e2f7-a9fe-43aa-a16a-2bf2030dc8fd-AppendLogResponseHandler: follower responses appendEntries COMPLETED
2021-07-15 16:37:22,072 [6394c69b-367f-4a62-9595-acf3eb8c80db@group-4CAFB8AFE6AC-SegmentedRaftLogWorker] INFO  segmented.SegmentedRaftLogWorker (SegmentedRaftLogWorker.java:run(327)) - 6394c69b-367f-4a62-9595-acf3eb8c80db@group-4CAFB8AFE6AC-SegmentedRaftLogWorker was interrupted, exiting. There are 0 tasks remaining in the queue.
2021-07-15 16:37:22,072 [grpc-default-executor-0] INFO  leader.FollowerInfo (FollowerInfoImpl.java:lambda$new$0(46)) - 6394c69b-367f-4a62-9595-acf3eb8c80db@group-4CAFB8AFE6AC->3f02e2f7-a9fe-43aa-a16a-2bf2030dc8fd: nextIndex: updateUnconditionally 31 -> 30
2021-07-15 16:37:22,073 [Listener at 127.0.0.1/10248] INFO  segmented.SegmentedRaftLogWorker (SegmentedRaftLogWorker.java:close(237)) - 6394c69b-367f-4a62-9595-acf3eb8c80db@group-4CAFB8AFE6AC-SegmentedRaftLogWorker close()
2021-07-15 16:37:22,074 [Listener at 127.0.0.1/10248] INFO  metrics.RatisMetrics (RatisMetrics.java:unregister(43)) - Unregistering Metrics Registry : ratis.log_worker.6394c69b-367f-4a62-9595-acf3eb8c80db@group-4CAFB8AFE6AC
2021-07-15 16:37:22,074 [Listener at 127.0.0.1/10248] INFO  metrics.RatisMetrics (RatisMetrics.java:unregister(43)) - Unregistering Metrics Registry : ratis.leader_election.6394c69b-367f-4a62-9595-acf3eb8c80db@group-4CAFB8AFE6AC
2021-07-15 16:37:22,074 [Listener at 127.0.0.1/10248] INFO  metrics.RatisMetrics (RatisMetrics.java:unregister(43)) - Unregistering Metrics Registry : ratis.server.6394c69b-367f-4a62-9595-acf3eb8c80db@group-4CAFB8AFE6AC
2021-07-15 16:37:22,075 [Listener at 127.0.0.1/10248] INFO  server.GrpcService (GrpcService.java:closeImpl(262)) - 6394c69b-367f-4a62-9595-acf3eb8c80db: shutdown server with port 14048 now
2021-07-15 16:37:22,079 [Listener at 127.0.0.1/10248] INFO  server.GrpcService (GrpcService.java:closeImpl(271)) - 6394c69b-367f-4a62-9595-acf3eb8c80db: shutdown server with port 14048 successfully
2021-07-15 16:37:22,079 [org.apache.ratis.util.JvmPauseMonitor$$Lambda$496/1286580650@2c56d4ab] INFO  util.JvmPauseMonitor (JvmPauseMonitor.java:run(109)) - JvmPauseMonitor-6394c69b-367f-4a62-9595-acf3eb8c80db: Stopped
2021-07-15 16:37:22,080 [Listener at 127.0.0.1/10248] INFO  pipeline.BackgroundPipelineCreator (BackgroundPipelineCreatorV2.java:stop(158)) - Stopping RatisPipelineUtilsThread.
2021-07-15 16:37:22,081 [Listener at 127.0.0.1/10248] INFO  impl.MetricsSystemImpl (MetricsSystemImpl.java:stop(205)) - StorageContainerManager metrics system stopped (again)
2021-07-15 16:37:22,081 [Listener at 127.0.0.1/10248] INFO  ozone.MiniOzoneHAClusterImpl (MiniOzoneHAClusterImpl.java:stop(299)) - Stopping the StorageContainerManager 3f02e2f7-a9fe-43aa-a16a-2bf2030dc8fd
2021-07-15 16:37:22,081 [Listener at 127.0.0.1/10248] INFO  server.StorageContainerManager (StorageContainerManager.java:stop(1334)) - Stopping Replication Manager Service.
2021-07-15 16:37:22,081 [Listener at 127.0.0.1/10248] INFO  container.ReplicationManager (ReplicationManager.java:stop(261)) - Stopping Replication Monitor Thread.
2021-07-15 16:37:22,081 [Listener at 127.0.0.1/10248] INFO  server.StorageContainerManager (StorageContainerManager.java:stop(1341)) - Stopping the Datanode Admin Monitor.
2021-07-15 16:37:22,082 [Listener at 127.0.0.1/10248] INFO  server.StorageContainerManager (StorageContainerManager.java:stop(1348)) - Stopping Lease Manager of the command watchers
2021-07-15 16:37:22,082 [Listener at 127.0.0.1/10248] INFO  server.StorageContainerManager (StorageContainerManager.java:stop(1355)) - Stopping datanode service RPC server
2021-07-15 16:37:22,082 [Listener at 127.0.0.1/10248] INFO  server.SCMDatanodeProtocolServer (SCMDatanodeProtocolServer.java:stop(389)) - Stopping the RPC server for DataNodes
2021-07-15 16:37:22,082 [Listener at 127.0.0.1/10248] INFO  ipc.Server (Server.java:stop(3414)) - Stopping server on 14059
2021-07-15 16:37:22,083 [IPC Server listener on 14059] INFO  ipc.Server (Server.java:run(1376)) - Stopping IPC Server listener on 14059
2021-07-15 16:37:22,085 [IPC Server Responder] INFO  ipc.Server (Server.java:run(1512)) - Stopping IPC Server Responder
2021-07-15 16:37:22,130 [SCM Heartbeat Processing Thread - 0] WARN  node.NodeStateManager (NodeStateManager.java:scheduleNextHealthCheck(799)) - Current Thread is interrupted, shutting down HB processing thread for Node Manager.
2021-07-15 16:37:22,131 [Listener at 127.0.0.1/10248] INFO  server.StorageContainerManager (StorageContainerManager.java:stop(1363)) - Stopping block service RPC server
2021-07-15 16:37:22,131 [Listener at 127.0.0.1/10248] INFO  server.SCMBlockProtocolServer (SCMBlockProtocolServer.java:stop(160)) - Stopping the RPC server for Block Protocol
2021-07-15 16:37:22,131 [Listener at 127.0.0.1/10248] INFO  ipc.Server (Server.java:stop(3414)) - Stopping server on 14060
2021-07-15 16:37:22,134 [IPC Server Responder] INFO  ipc.Server (Server.java:run(1512)) - Stopping IPC Server Responder
2021-07-15 16:37:22,134 [IPC Server listener on 14060] INFO  ipc.Server (Server.java:run(1376)) - Stopping IPC Server listener on 14060
2021-07-15 16:37:22,134 [Listener at 127.0.0.1/10248] INFO  server.StorageContainerManager (StorageContainerManager.java:stop(1370)) - Stopping the StorageContainerLocationProtocol RPC server
2021-07-15 16:37:22,134 [Listener at 127.0.0.1/10248] INFO  server.SCMClientProtocolServer (SCMClientProtocolServer.java:stop(174)) - Stopping the RPC server for Client Protocol
2021-07-15 16:37:22,134 [Listener at 127.0.0.1/10248] INFO  ipc.Server (Server.java:stop(3414)) - Stopping server on 14061
2021-07-15 16:37:22,135 [IPC Server listener on 14061] INFO  ipc.Server (Server.java:run(1376)) - Stopping IPC Server listener on 14061
2021-07-15 16:37:22,135 [IPC Server Responder] INFO  ipc.Server (Server.java:run(1512)) - Stopping IPC Server Responder
2021-07-15 16:37:22,137 [Listener at 127.0.0.1/10248] INFO  server.StorageContainerManager (StorageContainerManager.java:stop(1377)) - Stopping Storage Container Manager HTTP server.
2021-07-15 16:37:22,138 [Listener at 127.0.0.1/10248] INFO  handler.ContextHandler (ContextHandler.java:doStop(1154)) - Stopped o.e.j.w.WebAppContext@75723fe1{scm,/,null,STOPPED}{file:/home/runner/work/ozone/ozone/mnt/ozone/hadoop-ozone/integration-test/target/test-classes/webapps/scm}
2021-07-15 16:37:22,139 [Listener at 127.0.0.1/10248] INFO  server.AbstractConnector (AbstractConnector.java:doStop(381)) - Stopped ServerConnector@310e1ebb{HTTP/1.1, (http/1.1)}{0.0.0.0:14056}
2021-07-15 16:37:22,140 [Listener at 127.0.0.1/10248] INFO  server.session (HouseKeeper.java:stopScavenging(149)) - node0 Stopped scavenging
2021-07-15 16:37:22,140 [Listener at 127.0.0.1/10248] INFO  handler.ContextHandler (ContextHandler.java:doStop(1154)) - Stopped o.e.j.s.ServletContextHandler@1e10203{static,/static,file:///home/runner/work/ozone/ozone/mnt/ozone/hadoop-ozone/integration-test/target/test-classes/webapps/static,STOPPED}
2021-07-15 16:37:22,140 [Listener at 127.0.0.1/10248] INFO  handler.ContextHandler (ContextHandler.java:doStop(1154)) - Stopped o.e.j.s.ServletContextHandler@4347c7b2{logs,/logs,file:///home/runner/work/ozone/ozone/mnt/ozone/hadoop-ozone/integration-test/target/log,STOPPED}
2021-07-15 16:37:22,143 [Listener at 127.0.0.1/10248] INFO  server.StorageContainerManager (StorageContainerManager.java:stop(1388)) - Stopping Block Manager Service.
2021-07-15 16:37:22,143 [Listener at 127.0.0.1/10248] INFO  utils.BackgroundService (BackgroundService.java:shutdown(132)) - Shutting down service SCMBlockDeletingService
2021-07-15 16:37:22,144 [Listener at 127.0.0.1/10248] INFO  utils.BackgroundService (BackgroundService.java:shutdown(132)) - Shutting down service SCMBlockDeletingService
2021-07-15 16:37:22,144 [Listener at 127.0.0.1/10248] INFO  server.StorageContainerManager (StorageContainerManager.java:stop(1415)) - Stopping SCM Event Queue.
2021-07-15 16:37:22,145 [Listener at 127.0.0.1/10248] INFO  ha.SCMRatisServerImpl (SCMRatisServerImpl.java:stop(226)) - stopping ratis server 0.0.0.0:14058
2021-07-15 16:37:22,145 [Listener at 127.0.0.1/10248] INFO  server.RaftServer (RaftServerProxy.java:lambda$close$6(391)) - 3f02e2f7-a9fe-43aa-a16a-2bf2030dc8fd: close
2021-07-15 16:37:22,146 [Listener at 127.0.0.1/10248] INFO  server.RaftServer$Division (RaftServerImpl.java:lambda$close$4(406)) - 3f02e2f7-a9fe-43aa-a16a-2bf2030dc8fd@group-4CAFB8AFE6AC: shutdown
2021-07-15 16:37:22,146 [Listener at 127.0.0.1/10248] INFO  util.JmxRegister (JmxRegister.java:unregister(73)) - Successfully un-registered JMX Bean with object name Ratis:service=RaftServer,group=group-4CAFB8AFE6AC,id=3f02e2f7-a9fe-43aa-a16a-2bf2030dc8fd
2021-07-15 16:37:22,146 [Listener at 127.0.0.1/10248] INFO  impl.RoleInfo (RoleInfo.java:shutdownFollowerState(108)) - 3f02e2f7-a9fe-43aa-a16a-2bf2030dc8fd: shutdown 3f02e2f7-a9fe-43aa-a16a-2bf2030dc8fd@group-4CAFB8AFE6AC-FollowerState
2021-07-15 16:37:22,146 [3f02e2f7-a9fe-43aa-a16a-2bf2030dc8fd@group-4CAFB8AFE6AC-FollowerState] INFO  impl.FollowerState (FollowerState.java:run(143)) - 3f02e2f7-a9fe-43aa-a16a-2bf2030dc8fd@group-4CAFB8AFE6AC-FollowerState was interrupted: {}
java.lang.InterruptedException: sleep interrupted
	at java.lang.Thread.sleep(Native Method)
	at java.lang.Thread.sleep(Thread.java:340)
	at java.util.concurrent.TimeUnit.sleep(TimeUnit.java:386)
	at org.apache.ratis.util.TimeDuration.sleep(TimeDuration.java:324)
	at org.apache.ratis.util.TimeDuration.sleep(TimeDuration.java:309)
	at org.apache.ratis.server.impl.FollowerState.run(FollowerState.java:118)
2021-07-15 16:37:22,147 [3f02e2f7-a9fe-43aa-a16a-2bf2030dc8fd@group-4CAFB8AFE6AC-StateMachineUpdater] INFO  ha.SCMStateMachine (SCMStateMachine.java:takeSnapshot(290)) - Current Snapshot Index 29, takeSnapshot took 1 ms
2021-07-15 16:37:22,147 [3f02e2f7-a9fe-43aa-a16a-2bf2030dc8fd@group-4CAFB8AFE6AC-StateMachineUpdater] INFO  impl.StateMachineUpdater (StateMachineUpdater.java:takeSnapshot(281)) - 3f02e2f7-a9fe-43aa-a16a-2bf2030dc8fd@group-4CAFB8AFE6AC-StateMachineUpdater: Took a snapshot at index 29
2021-07-15 16:37:22,147 [3f02e2f7-a9fe-43aa-a16a-2bf2030dc8fd@group-4CAFB8AFE6AC-StateMachineUpdater] INFO  impl.StateMachineUpdater (StateMachineUpdater.java:lambda$new$0(89)) - 3f02e2f7-a9fe-43aa-a16a-2bf2030dc8fd@group-4CAFB8AFE6AC-StateMachineUpdater: snapshotIndex: updateIncreasingly 25 -> 29
2021-07-15 16:37:22,147 [3f02e2f7-a9fe-43aa-a16a-2bf2030dc8fd@group-4CAFB8AFE6AC-StateMachineUpdater] INFO  metrics.RatisMetrics (RatisMetrics.java:unregister(43)) - Unregistering Metrics Registry : ratis.state_machine.3f02e2f7-a9fe-43aa-a16a-2bf2030dc8fd@group-4CAFB8AFE6AC
2021-07-15 16:37:22,147 [Listener at 127.0.0.1/10248] INFO  impl.StateMachineUpdater (StateMachineUpdater.java:stopAndJoin(149)) - 3f02e2f7-a9fe-43aa-a16a-2bf2030dc8fd@group-4CAFB8AFE6AC-StateMachineUpdater: set stopIndex = 29
2021-07-15 16:37:22,147 [Listener at 127.0.0.1/10248] INFO  server.RaftServer$Division (ServerState.java:close(405)) - 3f02e2f7-a9fe-43aa-a16a-2bf2030dc8fd@group-4CAFB8AFE6AC: closes. applyIndex: 28
2021-07-15 16:37:22,148 [3f02e2f7-a9fe-43aa-a16a-2bf2030dc8fd@group-4CAFB8AFE6AC-SegmentedRaftLogWorker] INFO  segmented.SegmentedRaftLogWorker (SegmentedRaftLogWorker.java:run(327)) - 3f02e2f7-a9fe-43aa-a16a-2bf2030dc8fd@group-4CAFB8AFE6AC-SegmentedRaftLogWorker was interrupted, exiting. There are 0 tasks remaining in the queue.
2021-07-15 16:37:22,148 [Listener at 127.0.0.1/10248] INFO  segmented.SegmentedRaftLogWorker (SegmentedRaftLogWorker.java:close(237)) - 3f02e2f7-a9fe-43aa-a16a-2bf2030dc8fd@group-4CAFB8AFE6AC-SegmentedRaftLogWorker close()
2021-07-15 16:37:22,149 [Listener at 127.0.0.1/10248] INFO  metrics.RatisMetrics (RatisMetrics.java:unregister(43)) - Unregistering Metrics Registry : ratis.log_worker.3f02e2f7-a9fe-43aa-a16a-2bf2030dc8fd@group-4CAFB8AFE6AC
2021-07-15 16:37:22,149 [Listener at 127.0.0.1/10248] INFO  metrics.RatisMetrics (RatisMetrics.java:unregister(43)) - Unregistering Metrics Registry : ratis.leader_election.3f02e2f7-a9fe-43aa-a16a-2bf2030dc8fd@group-4CAFB8AFE6AC
2021-07-15 16:37:22,150 [Listener at 127.0.0.1/10248] INFO  metrics.RatisMetrics (RatisMetrics.java:unregister(43)) - Unregistering Metrics Registry : ratis.server.3f02e2f7-a9fe-43aa-a16a-2bf2030dc8fd@group-4CAFB8AFE6AC
2021-07-15 16:37:22,150 [Listener at 127.0.0.1/10248] INFO  server.GrpcService (GrpcService.java:closeImpl(262)) - 3f02e2f7-a9fe-43aa-a16a-2bf2030dc8fd: shutdown server with port 14058 now
2021-07-15 16:37:22,151 [Listener at 127.0.0.1/10248] INFO  server.GrpcService (GrpcService.java:closeImpl(271)) - 3f02e2f7-a9fe-43aa-a16a-2bf2030dc8fd: shutdown server with port 14058 successfully
2021-07-15 16:37:22,151 [org.apache.ratis.util.JvmPauseMonitor$$Lambda$496/1286580650@661fb92c] INFO  util.JvmPauseMonitor (JvmPauseMonitor.java:run(109)) - JvmPauseMonitor-3f02e2f7-a9fe-43aa-a16a-2bf2030dc8fd: Stopped
2021-07-15 16:37:22,151 [Listener at 127.0.0.1/10248] INFO  pipeline.BackgroundPipelineCreator (BackgroundPipelineCreatorV2.java:stop(158)) - Stopping RatisPipelineUtilsThread.
2021-07-15 16:37:22,152 [Listener at 127.0.0.1/10248] INFO  impl.MetricsSystemImpl (MetricsSystemImpl.java:stop(205)) - StorageContainerManager metrics system stopped (again)
2021-07-15 16:37:22,152 [Listener at 127.0.0.1/10248] INFO  ozone.MiniOzoneClusterImpl (MiniOzoneClusterImpl.java:stop(463)) - Stopping the Mini Ozone Cluster
2021-07-15 16:37:22,152 [Listener at 127.0.0.1/10248] INFO  ozone.MiniOzoneClusterImpl (MiniOzoneClusterImpl.java:stopDatanodes(522)) - Stopping the HddsDatanodes
2021-07-15 16:37:22,297 [Datanode State Machine Thread - 0] ERROR datanode.RunningDatanodeState (RunningDatanodeState.java:computeNextContainerState(199)) - Error in executing end point task.
java.util.concurrent.ExecutionException: java.util.concurrent.TimeoutException
	at java.util.concurrent.FutureTask.report(FutureTask.java:122)
	at java.util.concurrent.FutureTask.get(FutureTask.java:192)
	at org.apache.hadoop.ozone.container.common.states.datanode.RunningDatanodeState.computeNextContainerState(RunningDatanodeState.java:191)
	at org.apache.hadoop.ozone.container.common.states.datanode.RunningDatanodeState.await(RunningDatanodeState.java:231)
	at org.apache.hadoop.ozone.container.common.states.datanode.RunningDatanodeState.await(RunningDatanodeState.java:50)
	at org.apache.hadoop.ozone.container.common.statemachine.StateContext.execute(StateContext.java:629)
	at org.apache.hadoop.ozone.container.common.statemachine.DatanodeStateMachine.start(DatanodeStateMachine.java:269)
	at org.apache.hadoop.ozone.container.common.statemachine.DatanodeStateMachine.lambda$startDaemon$0(DatanodeStateMachine.java:455)
	at java.lang.Thread.run(Thread.java:748)
Caused by: java.util.concurrent.TimeoutException
	at java.util.concurrent.FutureTask.get(FutureTask.java:205)
	at org.apache.hadoop.ozone.container.common.states.datanode.RunningDatanodeState.lambda$execute$0(RunningDatanodeState.java:149)
	at java.util.concurrent.FutureTask.run(FutureTask.java:266)
	at java.util.concurrent.Executors$RunnableAdapter.call(Executors.java:511)
	at java.util.concurrent.FutureTask.run(FutureTask.java:266)
	at java.util.concurrent.ThreadPoolExecutor.runWorker(ThreadPoolExecutor.java:1149)
	at java.util.concurrent.ThreadPoolExecutor$Worker.run(ThreadPoolExecutor.java:624)
	... 1 more
2021-07-15 16:37:22,303 [EndpointStateMachine task thread for /127.0.0.1:14059 - 0 ] WARN  statemachine.EndpointStateMachine (EndpointStateMachine.java:logIfNeeded(236)) - Unable to communicate to SCM server at 127.0.0.1:14059 for past 0 seconds.
java.io.EOFException: End of File Exception between local host is: "fv-az151-474/10.1.0.52"; destination host is: "localhost":14059; : java.io.EOFException; For more details see:  http://wiki.apache.org/hadoop/EOFException
	at sun.reflect.NativeConstructorAccessorImpl.newInstance0(Native Method)
	at sun.reflect.NativeConstructorAccessorImpl.newInstance(NativeConstructorAccessorImpl.java:62)
	at sun.reflect.DelegatingConstructorAccessorImpl.newInstance(DelegatingConstructorAccessorImpl.java:45)
	at java.lang.reflect.Constructor.newInstance(Constructor.java:423)
	at org.apache.hadoop.net.NetUtils.wrapWithMessage(NetUtils.java:913)
	at org.apache.hadoop.net.NetUtils.wrapException(NetUtils.java:862)
	at org.apache.hadoop.ipc.Client.getRpcResponse(Client.java:1577)
	at org.apache.hadoop.ipc.Client.call(Client.java:1519)
	at org.apache.hadoop.ipc.Client.call(Client.java:1416)
	at org.apache.hadoop.ipc.ProtobufRpcEngine$Invoker.invoke(ProtobufRpcEngine.java:236)
	at org.apache.hadoop.ipc.ProtobufRpcEngine$Invoker.invoke(ProtobufRpcEngine.java:123)
	at com.sun.proxy.$Proxy47.submitRequest(Unknown Source)
	at org.apache.hadoop.ozone.protocolPB.StorageContainerDatanodeProtocolClientSideTranslatorPB.submitRequest(StorageContainerDatanodeProtocolClientSideTranslatorPB.java:117)
	at org.apache.hadoop.ozone.protocolPB.StorageContainerDatanodeProtocolClientSideTranslatorPB.sendHeartbeat(StorageContainerDatanodeProtocolClientSideTranslatorPB.java:149)
	at org.apache.hadoop.ozone.container.common.states.endpoint.HeartbeatEndpointTask.call(HeartbeatEndpointTask.java:179)
	at org.apache.hadoop.ozone.container.common.states.endpoint.HeartbeatEndpointTask.call(HeartbeatEndpointTask.java:82)
	at java.util.concurrent.FutureTask.run(FutureTask.java:266)
	at java.util.concurrent.ThreadPoolExecutor.runWorker(ThreadPoolExecutor.java:1149)
	at java.util.concurrent.ThreadPoolExecutor$Worker.run(ThreadPoolExecutor.java:624)
	at java.lang.Thread.run(Thread.java:748)
Caused by: java.io.EOFException
	at java.io.DataInputStream.readInt(DataInputStream.java:392)
	at org.apache.hadoop.ipc.Client$IpcStreams.readResponse(Client.java:1892)
	at org.apache.hadoop.ipc.Client$Connection.receiveRpcResponse(Client.java:1202)
	at org.apache.hadoop.ipc.Client$Connection.run(Client.java:1098)
2021-07-15 16:37:22,521 [Datanode State Machine Thread - 0] WARN  statemachine.StateContext (StateContext.java:setState(246)) - Ignore disallowed transition from SHUTDOWN to RUNNING
2021-07-15 16:37:22,521 [Datanode State Machine Thread - 0] INFO  statemachine.DatanodeStateMachine (DatanodeStateMachine.java:lambda$startDaemon$0(456)) - Ozone container server started.
2021-07-15 16:37:22,522 [EndpointStateMachine task thread for /127.0.0.1:14069 - 0 ] INFO  ipc.Client (Client.java:handleConnectionFailure(977)) - Retrying connect to server: localhost/127.0.0.1:14069. Already tried 1 time(s); retry policy is RetryUpToMaximumCountWithFixedSleep(maxRetries=15, sleepTime=1000 MILLISECONDS)
2021-07-15 16:37:22,523 [EndpointStateMachine task thread for /127.0.0.1:14049 - 0 ] INFO  ipc.Client (Client.java:handleConnectionFailure(977)) - Retrying connect to server: localhost/127.0.0.1:14049. Already tried 1 time(s); retry policy is RetryUpToMaximumCountWithFixedSleep(maxRetries=15, sleepTime=1000 MILLISECONDS)
2021-07-15 16:37:22,648 [Datanode State Machine Thread - 0] ERROR datanode.RunningDatanodeState (RunningDatanodeState.java:computeNextContainerState(199)) - Error in executing end point task.
java.util.concurrent.ExecutionException: java.util.concurrent.TimeoutException
	at java.util.concurrent.FutureTask.report(FutureTask.java:122)
	at java.util.concurrent.FutureTask.get(FutureTask.java:192)
	at org.apache.hadoop.ozone.container.common.states.datanode.RunningDatanodeState.computeNextContainerState(RunningDatanodeState.java:191)
	at org.apache.hadoop.ozone.container.common.states.datanode.RunningDatanodeState.await(RunningDatanodeState.java:231)
	at org.apache.hadoop.ozone.container.common.states.datanode.RunningDatanodeState.await(RunningDatanodeState.java:50)
	at org.apache.hadoop.ozone.container.common.statemachine.StateContext.execute(StateContext.java:629)
	at org.apache.hadoop.ozone.container.common.statemachine.DatanodeStateMachine.start(DatanodeStateMachine.java:269)
	at org.apache.hadoop.ozone.container.common.statemachine.DatanodeStateMachine.lambda$startDaemon$0(DatanodeStateMachine.java:455)
	at java.lang.Thread.run(Thread.java:748)
Caused by: java.util.concurrent.TimeoutException
	at java.util.concurrent.FutureTask.get(FutureTask.java:205)
	at org.apache.hadoop.ozone.container.common.states.datanode.RunningDatanodeState.lambda$execute$0(RunningDatanodeState.java:149)
	at java.util.concurrent.FutureTask.run(FutureTask.java:266)
	at java.util.concurrent.Executors$RunnableAdapter.call(Executors.java:511)
	at java.util.concurrent.FutureTask.run(FutureTask.java:266)
	at java.util.concurrent.ThreadPoolExecutor.runWorker(ThreadPoolExecutor.java:1149)
	at java.util.concurrent.ThreadPoolExecutor$Worker.run(ThreadPoolExecutor.java:624)
	... 1 more
2021-07-15 16:37:22,649 [Datanode State Machine Thread - 0] WARN  statemachine.StateContext (StateContext.java:setState(246)) - Ignore disallowed transition from SHUTDOWN to RUNNING
2021-07-15 16:37:22,649 [Datanode State Machine Thread - 0] INFO  statemachine.DatanodeStateMachine (DatanodeStateMachine.java:lambda$startDaemon$0(456)) - Ozone container server started.
2021-07-15 16:37:22,829 [EndpointStateMachine task thread for /127.0.0.1:12821 - 0 ] INFO  ipc.Client (Client.java:handleConnectionFailure(977)) - Retrying connect to server: localhost/127.0.0.1:12821. Already tried 3 time(s); retry policy is RetryUpToMaximumCountWithFixedSleep(maxRetries=15, sleepTime=1000 MILLISECONDS)
2021-07-15 16:37:22,829 [EndpointStateMachine task thread for /127.0.0.1:12811 - 0 ] INFO  ipc.Client (Client.java:handleConnectionFailure(977)) - Retrying connect to server: localhost/127.0.0.1:12811. Already tried 3 time(s); retry policy is RetryUpToMaximumCountWithFixedSleep(maxRetries=15, sleepTime=1000 MILLISECONDS)
2021-07-15 16:37:22,829 [EndpointStateMachine task thread for /127.0.0.1:12801 - 0 ] INFO  ipc.Client (Client.java:handleConnectionFailure(977)) - Retrying connect to server: localhost/127.0.0.1:12801. Already tried 7 time(s); retry policy is RetryUpToMaximumCountWithFixedSleep(maxRetries=15, sleepTime=1000 MILLISECONDS)
2021-07-15 16:37:23,523 [EndpointStateMachine task thread for /127.0.0.1:14069 - 0 ] INFO  ipc.Client (Client.java:handleConnectionFailure(977)) - Retrying connect to server: localhost/127.0.0.1:14069. Already tried 2 time(s); retry policy is RetryUpToMaximumCountWithFixedSleep(maxRetries=15, sleepTime=1000 MILLISECONDS)
2021-07-15 16:37:23,523 [EndpointStateMachine task thread for /127.0.0.1:14049 - 0 ] INFO  ipc.Client (Client.java:handleConnectionFailure(977)) - Retrying connect to server: localhost/127.0.0.1:14049. Already tried 2 time(s); retry policy is RetryUpToMaximumCountWithFixedSleep(maxRetries=15, sleepTime=1000 MILLISECONDS)
2021-07-15 16:37:23,829 [EndpointStateMachine task thread for /127.0.0.1:12821 - 0 ] INFO  ipc.Client (Client.java:handleConnectionFailure(977)) - Retrying connect to server: localhost/127.0.0.1:12821. Already tried 4 time(s); retry policy is RetryUpToMaximumCountWithFixedSleep(maxRetries=15, sleepTime=1000 MILLISECONDS)
2021-07-15 16:37:23,829 [EndpointStateMachine task thread for /127.0.0.1:12811 - 0 ] INFO  ipc.Client (Client.java:handleConnectionFailure(977)) - Retrying connect to server: localhost/127.0.0.1:12811. Already tried 4 time(s); retry policy is RetryUpToMaximumCountWithFixedSleep(maxRetries=15, sleepTime=1000 MILLISECONDS)
2021-07-15 16:37:23,830 [EndpointStateMachine task thread for /127.0.0.1:12801 - 0 ] INFO  ipc.Client (Client.java:handleConnectionFailure(977)) - Retrying connect to server: localhost/127.0.0.1:12801. Already tried 8 time(s); retry policy is RetryUpToMaximumCountWithFixedSleep(maxRetries=15, sleepTime=1000 MILLISECONDS)
2021-07-15 16:37:24,301 [Datanode State Machine Thread - 0] ERROR datanode.RunningDatanodeState (RunningDatanodeState.java:computeNextContainerState(199)) - Error in executing end point task.
java.util.concurrent.ExecutionException: java.util.concurrent.TimeoutException
	at java.util.concurrent.FutureTask.report(FutureTask.java:122)
	at java.util.concurrent.FutureTask.get(FutureTask.java:192)
	at org.apache.hadoop.ozone.container.common.states.datanode.RunningDatanodeState.computeNextContainerState(RunningDatanodeState.java:191)
	at org.apache.hadoop.ozone.container.common.states.datanode.RunningDatanodeState.await(RunningDatanodeState.java:231)
	at org.apache.hadoop.ozone.container.common.states.datanode.RunningDatanodeState.await(RunningDatanodeState.java:50)
	at org.apache.hadoop.ozone.container.common.statemachine.StateContext.execute(StateContext.java:629)
	at org.apache.hadoop.ozone.container.common.statemachine.DatanodeStateMachine.start(DatanodeStateMachine.java:269)
	at org.apache.hadoop.ozone.container.common.statemachine.DatanodeStateMachine.lambda$startDaemon$0(DatanodeStateMachine.java:455)
	at java.lang.Thread.run(Thread.java:748)
Caused by: java.util.concurrent.TimeoutException
	at java.util.concurrent.FutureTask.get(FutureTask.java:205)
	at org.apache.hadoop.ozone.container.common.states.datanode.RunningDatanodeState.lambda$execute$0(RunningDatanodeState.java:149)
	at java.util.concurrent.FutureTask.run(FutureTask.java:266)
	at java.util.concurrent.Executors$RunnableAdapter.call(Executors.java:511)
	at java.util.concurrent.FutureTask.run(FutureTask.java:266)
	at java.util.concurrent.ThreadPoolExecutor.runWorker(ThreadPoolExecutor.java:1149)
	at java.util.concurrent.ThreadPoolExecutor$Worker.run(ThreadPoolExecutor.java:624)
	... 1 more
2021-07-15 16:37:24,303 [EndpointStateMachine task thread for /127.0.0.1:14059 - 0 ] INFO  ipc.Client (Client.java:handleConnectionFailure(977)) - Retrying connect to server: localhost/127.0.0.1:14059. Already tried 0 time(s); retry policy is RetryUpToMaximumCountWithFixedSleep(maxRetries=15, sleepTime=1000 MILLISECONDS)
2021-07-15 16:37:24,524 [EndpointStateMachine task thread for /127.0.0.1:14069 - 0 ] INFO  ipc.Client (Client.java:handleConnectionFailure(977)) - Retrying connect to server: localhost/127.0.0.1:14069. Already tried 3 time(s); retry policy is RetryUpToMaximumCountWithFixedSleep(maxRetries=15, sleepTime=1000 MILLISECONDS)
2021-07-15 16:37:24,524 [EndpointStateMachine task thread for /127.0.0.1:14049 - 0 ] INFO  ipc.Client (Client.java:handleConnectionFailure(977)) - Retrying connect to server: localhost/127.0.0.1:14049. Already tried 3 time(s); retry policy is RetryUpToMaximumCountWithFixedSleep(maxRetries=15, sleepTime=1000 MILLISECONDS)
2021-07-15 16:37:24,830 [EndpointStateMachine task thread for /127.0.0.1:12811 - 0 ] INFO  ipc.Client (Client.java:handleConnectionFailure(977)) - Retrying connect to server: localhost/127.0.0.1:12811. Already tried 5 time(s); retry policy is RetryUpToMaximumCountWithFixedSleep(maxRetries=15, sleepTime=1000 MILLISECONDS)
2021-07-15 16:37:24,830 [EndpointStateMachine task thread for /127.0.0.1:12821 - 0 ] INFO  ipc.Client (Client.java:handleConnectionFailure(977)) - Retrying connect to server: localhost/127.0.0.1:12821. Already tried 5 time(s); retry policy is RetryUpToMaximumCountWithFixedSleep(maxRetries=15, sleepTime=1000 MILLISECONDS)
2021-07-15 16:37:24,830 [EndpointStateMachine task thread for /127.0.0.1:12801 - 0 ] INFO  ipc.Client (Client.java:handleConnectionFailure(977)) - Retrying connect to server: localhost/127.0.0.1:12801. Already tried 9 time(s); retry policy is RetryUpToMaximumCountWithFixedSleep(maxRetries=15, sleepTime=1000 MILLISECONDS)
2021-07-15 16:37:25,303 [EndpointStateMachine task thread for /127.0.0.1:14059 - 0 ] INFO  ipc.Client (Client.java:handleConnectionFailure(977)) - Retrying connect to server: localhost/127.0.0.1:14059. Already tried 1 time(s); retry policy is RetryUpToMaximumCountWithFixedSleep(maxRetries=15, sleepTime=1000 MILLISECONDS)
2021-07-15 16:37:25,524 [EndpointStateMachine task thread for /127.0.0.1:14069 - 0 ] INFO  ipc.Client (Client.java:handleConnectionFailure(977)) - Retrying connect to server: localhost/127.0.0.1:14069. Already tried 4 time(s); retry policy is RetryUpToMaximumCountWithFixedSleep(maxRetries=15, sleepTime=1000 MILLISECONDS)
2021-07-15 16:37:25,524 [EndpointStateMachine task thread for /127.0.0.1:14049 - 0 ] INFO  ipc.Client (Client.java:handleConnectionFailure(977)) - Retrying connect to server: localhost/127.0.0.1:14049. Already tried 4 time(s); retry policy is RetryUpToMaximumCountWithFixedSleep(maxRetries=15, sleepTime=1000 MILLISECONDS)
2021-07-15 16:37:25,831 [EndpointStateMachine task thread for /127.0.0.1:12811 - 0 ] INFO  ipc.Client (Client.java:handleConnectionFailure(977)) - Retrying connect to server: localhost/127.0.0.1:12811. Already tried 6 time(s); retry policy is RetryUpToMaximumCountWithFixedSleep(maxRetries=15, sleepTime=1000 MILLISECONDS)
2021-07-15 16:37:25,831 [EndpointStateMachine task thread for /127.0.0.1:12821 - 0 ] INFO  ipc.Client (Client.java:handleConnectionFailure(977)) - Retrying connect to server: localhost/127.0.0.1:12821. Already tried 6 time(s); retry policy is RetryUpToMaximumCountWithFixedSleep(maxRetries=15, sleepTime=1000 MILLISECONDS)
2021-07-15 16:37:25,831 [EndpointStateMachine task thread for /127.0.0.1:12801 - 0 ] INFO  ipc.Client (Client.java:handleConnectionFailure(977)) - Retrying connect to server: localhost/127.0.0.1:12801. Already tried 10 time(s); retry policy is RetryUpToMaximumCountWithFixedSleep(maxRetries=15, sleepTime=1000 MILLISECONDS)
2021-07-15 16:37:26,302 [Datanode State Machine Thread - 0] ERROR datanode.RunningDatanodeState (RunningDatanodeState.java:computeNextContainerState(199)) - Error in executing end point task.
java.util.concurrent.ExecutionException: java.util.concurrent.TimeoutException
	at java.util.concurrent.FutureTask.report(FutureTask.java:122)
	at java.util.concurrent.FutureTask.get(FutureTask.java:192)
	at org.apache.hadoop.ozone.container.common.states.datanode.RunningDatanodeState.computeNextContainerState(RunningDatanodeState.java:191)
	at org.apache.hadoop.ozone.container.common.states.datanode.RunningDatanodeState.await(RunningDatanodeState.java:231)
	at org.apache.hadoop.ozone.container.common.states.datanode.RunningDatanodeState.await(RunningDatanodeState.java:50)
	at org.apache.hadoop.ozone.container.common.statemachine.StateContext.execute(StateContext.java:629)
	at org.apache.hadoop.ozone.container.common.statemachine.DatanodeStateMachine.start(DatanodeStateMachine.java:269)
	at org.apache.hadoop.ozone.container.common.statemachine.DatanodeStateMachine.lambda$startDaemon$0(DatanodeStateMachine.java:455)
	at java.lang.Thread.run(Thread.java:748)
Caused by: java.util.concurrent.TimeoutException
	at java.util.concurrent.FutureTask.get(FutureTask.java:205)
	at org.apache.hadoop.ozone.container.common.states.datanode.RunningDatanodeState.lambda$execute$0(RunningDatanodeState.java:149)
	at java.util.concurrent.FutureTask.run(FutureTask.java:266)
	at java.util.concurrent.Executors$RunnableAdapter.call(Executors.java:511)
	at java.util.concurrent.FutureTask.run(FutureTask.java:266)
	at java.util.concurrent.ThreadPoolExecutor.runWorker(ThreadPoolExecutor.java:1149)
	at java.util.concurrent.ThreadPoolExecutor$Worker.run(ThreadPoolExecutor.java:624)
	... 1 more
2021-07-15 16:37:26,304 [EndpointStateMachine task thread for /127.0.0.1:14059 - 0 ] INFO  ipc.Client (Client.java:handleConnectionFailure(977)) - Retrying connect to server: localhost/127.0.0.1:14059. Already tried 2 time(s); retry policy is RetryUpToMaximumCountWithFixedSleep(maxRetries=15, sleepTime=1000 MILLISECONDS)
2021-07-15 16:37:26,525 [EndpointStateMachine task thread for /127.0.0.1:14069 - 0 ] INFO  ipc.Client (Client.java:handleConnectionFailure(977)) - Retrying connect to server: localhost/127.0.0.1:14069. Already tried 5 time(s); retry policy is RetryUpToMaximumCountWithFixedSleep(maxRetries=15, sleepTime=1000 MILLISECONDS)
2021-07-15 16:37:26,525 [EndpointStateMachine task thread for /127.0.0.1:14049 - 0 ] INFO  ipc.Client (Client.java:handleConnectionFailure(977)) - Retrying connect to server: localhost/127.0.0.1:14049. Already tried 5 time(s); retry policy is RetryUpToMaximumCountWithFixedSleep(maxRetries=15, sleepTime=1000 MILLISECONDS)
2021-07-15 16:37:26,831 [EndpointStateMachine task thread for /127.0.0.1:12811 - 0 ] INFO  ipc.Client (Client.java:handleConnectionFailure(977)) - Retrying connect to server: localhost/127.0.0.1:12811. Already tried 7 time(s); retry policy is RetryUpToMaximumCountWithFixedSleep(maxRetries=15, sleepTime=1000 MILLISECONDS)
2021-07-15 16:37:26,831 [EndpointStateMachine task thread for /127.0.0.1:12801 - 0 ] INFO  ipc.Client (Client.java:handleConnectionFailure(977)) - Retrying connect to server: localhost/127.0.0.1:12801. Already tried 11 time(s); retry policy is RetryUpToMaximumCountWithFixedSleep(maxRetries=15, sleepTime=1000 MILLISECONDS)
2021-07-15 16:37:26,831 [EndpointStateMachine task thread for /127.0.0.1:12821 - 0 ] INFO  ipc.Client (Client.java:handleConnectionFailure(977)) - Retrying connect to server: localhost/127.0.0.1:12821. Already tried 7 time(s); retry policy is RetryUpToMaximumCountWithFixedSleep(maxRetries=15, sleepTime=1000 MILLISECONDS)
2021-07-15 16:37:27,154 [ForkJoinPool.commonPool-worker-0] INFO  ozoneimpl.OzoneContainer (OzoneContainer.java:stop(326)) - Attempting to stop container services.
2021-07-15 16:37:27,156 [Listener at 127.0.0.1/10248] INFO  ozoneimpl.OzoneContainer (OzoneContainer.java:stop(326)) - Attempting to stop container services.
2021-07-15 16:37:27,157 [ForkJoinPool.commonPool-worker-0] INFO  server.RaftServer (RaftServerProxy.java:lambda$close$6(391)) - 7bb90881-70ee-4b59-9518-5a5d97bf3fe4: close
2021-07-15 16:37:27,157 [ForkJoinPool.commonPool-worker-0] INFO  server.RaftServer$Division (RaftServerImpl.java:lambda$close$4(406)) - 7bb90881-70ee-4b59-9518-5a5d97bf3fe4@group-2FCE177C61F1: shutdown
2021-07-15 16:37:27,157 [ForkJoinPool.commonPool-worker-0] INFO  util.JmxRegister (JmxRegister.java:unregister(73)) - Successfully un-registered JMX Bean with object name Ratis:service=RaftServer,group=group-2FCE177C61F1,id=7bb90881-70ee-4b59-9518-5a5d97bf3fe4
2021-07-15 16:37:27,157 [ForkJoinPool.commonPool-worker-0] INFO  impl.RoleInfo (RoleInfo.java:shutdownFollowerState(108)) - 7bb90881-70ee-4b59-9518-5a5d97bf3fe4: shutdown 7bb90881-70ee-4b59-9518-5a5d97bf3fe4@group-2FCE177C61F1-FollowerState
2021-07-15 16:37:27,158 [ForkJoinPool.commonPool-worker-0] INFO  impl.StateMachineUpdater (StateMachineUpdater.java:stopAndJoin(149)) - 7bb90881-70ee-4b59-9518-5a5d97bf3fe4@group-2FCE177C61F1-StateMachineUpdater: set stopIndex = 0
2021-07-15 16:37:27,157 [Listener at 127.0.0.1/10248] INFO  server.RaftServer (RaftServerProxy.java:lambda$close$6(391)) - 9009ae8a-6e34-4da8-a214-6d662c69877c: close
2021-07-15 16:37:27,158 [7bb90881-70ee-4b59-9518-5a5d97bf3fe4@group-2FCE177C61F1-StateMachineUpdater] INFO  ratis.ContainerStateMachine (ContainerStateMachine.java:takeSnapshot(291)) - group-2FCE177C61F1: Taking a snapshot at:(t:2, i:0) file /home/runner/work/ozone/ozone/mnt/ozone/hadoop-ozone/integration-test/target/test-dir/MiniOzoneClusterImpl-8ef06965-d5c9-44f0-9cd1-4cafb8afe6ac/datanode-0/data/ratis/aa58249d-d224-43b5-bfe6-2fce177c61f1/sm/snapshot.2_0
2021-07-15 16:37:27,158 [Listener at 127.0.0.1/10248] INFO  server.RaftServer$Division (RaftServerImpl.java:lambda$close$4(406)) - 9009ae8a-6e34-4da8-a214-6d662c69877c@group-2FCE177C61F1: shutdown
2021-07-15 16:37:27,158 [Listener at 127.0.0.1/10248] INFO  util.JmxRegister (JmxRegister.java:unregister(73)) - Successfully un-registered JMX Bean with object name Ratis:service=RaftServer,group=group-2FCE177C61F1,id=9009ae8a-6e34-4da8-a214-6d662c69877c
2021-07-15 16:37:27,159 [Listener at 127.0.0.1/10248] INFO  impl.RoleInfo (RoleInfo.java:shutdownFollowerState(108)) - 9009ae8a-6e34-4da8-a214-6d662c69877c: shutdown 9009ae8a-6e34-4da8-a214-6d662c69877c@group-2FCE177C61F1-FollowerState
2021-07-15 16:37:27,159 [Listener at 127.0.0.1/10248] INFO  impl.StateMachineUpdater (StateMachineUpdater.java:stopAndJoin(149)) - 9009ae8a-6e34-4da8-a214-6d662c69877c@group-2FCE177C61F1-StateMachineUpdater: set stopIndex = 0
2021-07-15 16:37:27,158 [7bb90881-70ee-4b59-9518-5a5d97bf3fe4@group-2FCE177C61F1-FollowerState] INFO  impl.FollowerState (FollowerState.java:run(143)) - 7bb90881-70ee-4b59-9518-5a5d97bf3fe4@group-2FCE177C61F1-FollowerState was interrupted: {}
java.lang.InterruptedException: sleep interrupted
	at java.lang.Thread.sleep(Native Method)
	at java.lang.Thread.sleep(Thread.java:340)
	at java.util.concurrent.TimeUnit.sleep(TimeUnit.java:386)
	at org.apache.ratis.util.TimeDuration.sleep(TimeDuration.java:324)
	at org.apache.ratis.util.TimeDuration.sleep(TimeDuration.java:309)
	at org.apache.ratis.server.impl.FollowerState.run(FollowerState.java:118)
2021-07-15 16:37:27,159 [9009ae8a-6e34-4da8-a214-6d662c69877c@group-2FCE177C61F1-StateMachineUpdater] INFO  ratis.ContainerStateMachine (ContainerStateMachine.java:takeSnapshot(291)) - group-2FCE177C61F1: Taking a snapshot at:(t:2, i:0) file /home/runner/work/ozone/ozone/mnt/ozone/hadoop-ozone/integration-test/target/test-dir/MiniOzoneClusterImpl-8ef06965-d5c9-44f0-9cd1-4cafb8afe6ac/datanode-1/data/ratis/aa58249d-d224-43b5-bfe6-2fce177c61f1/sm/snapshot.2_0
2021-07-15 16:37:27,159 [9009ae8a-6e34-4da8-a214-6d662c69877c@group-2FCE177C61F1-FollowerState] INFO  impl.FollowerState (FollowerState.java:run(143)) - 9009ae8a-6e34-4da8-a214-6d662c69877c@group-2FCE177C61F1-FollowerState was interrupted: {}
java.lang.InterruptedException: sleep interrupted
	at java.lang.Thread.sleep(Native Method)
	at java.lang.Thread.sleep(Thread.java:340)
	at java.util.concurrent.TimeUnit.sleep(TimeUnit.java:386)
	at org.apache.ratis.util.TimeDuration.sleep(TimeDuration.java:324)
	at org.apache.ratis.util.TimeDuration.sleep(TimeDuration.java:309)
	at org.apache.ratis.server.impl.FollowerState.run(FollowerState.java:118)
2021-07-15 16:37:27,160 [7bb90881-70ee-4b59-9518-5a5d97bf3fe4@group-2FCE177C61F1-StateMachineUpdater] INFO  ratis.ContainerStateMachine (ContainerStateMachine.java:takeSnapshot(302)) - group-2FCE177C61F1: Finished taking a snapshot at:(t:2, i:0) file:/home/runner/work/ozone/ozone/mnt/ozone/hadoop-ozone/integration-test/target/test-dir/MiniOzoneClusterImpl-8ef06965-d5c9-44f0-9cd1-4cafb8afe6ac/datanode-0/data/ratis/aa58249d-d224-43b5-bfe6-2fce177c61f1/sm/snapshot.2_0 took: 2 ms
2021-07-15 16:37:27,160 [7bb90881-70ee-4b59-9518-5a5d97bf3fe4@group-2FCE177C61F1-StateMachineUpdater] INFO  impl.StateMachineUpdater (StateMachineUpdater.java:takeSnapshot(281)) - 7bb90881-70ee-4b59-9518-5a5d97bf3fe4@group-2FCE177C61F1-StateMachineUpdater: Took a snapshot at index 0
2021-07-15 16:37:27,160 [7bb90881-70ee-4b59-9518-5a5d97bf3fe4@group-2FCE177C61F1-StateMachineUpdater] INFO  impl.StateMachineUpdater (StateMachineUpdater.java:lambda$new$0(89)) - 7bb90881-70ee-4b59-9518-5a5d97bf3fe4@group-2FCE177C61F1-StateMachineUpdater: snapshotIndex: updateIncreasingly -1 -> 0
2021-07-15 16:37:27,160 [7bb90881-70ee-4b59-9518-5a5d97bf3fe4@group-2FCE177C61F1-StateMachineUpdater] INFO  metrics.RatisMetrics (RatisMetrics.java:unregister(43)) - Unregistering Metrics Registry : ratis.state_machine.7bb90881-70ee-4b59-9518-5a5d97bf3fe4@group-2FCE177C61F1
2021-07-15 16:37:27,161 [9009ae8a-6e34-4da8-a214-6d662c69877c@group-2FCE177C61F1-StateMachineUpdater] INFO  ratis.ContainerStateMachine (ContainerStateMachine.java:takeSnapshot(302)) - group-2FCE177C61F1: Finished taking a snapshot at:(t:2, i:0) file:/home/runner/work/ozone/ozone/mnt/ozone/hadoop-ozone/integration-test/target/test-dir/MiniOzoneClusterImpl-8ef06965-d5c9-44f0-9cd1-4cafb8afe6ac/datanode-1/data/ratis/aa58249d-d224-43b5-bfe6-2fce177c61f1/sm/snapshot.2_0 took: 2 ms
2021-07-15 16:37:27,161 [9009ae8a-6e34-4da8-a214-6d662c69877c@group-2FCE177C61F1-StateMachineUpdater] INFO  impl.StateMachineUpdater (StateMachineUpdater.java:takeSnapshot(281)) - 9009ae8a-6e34-4da8-a214-6d662c69877c@group-2FCE177C61F1-StateMachineUpdater: Took a snapshot at index 0
2021-07-15 16:37:27,161 [9009ae8a-6e34-4da8-a214-6d662c69877c@group-2FCE177C61F1-StateMachineUpdater] INFO  impl.StateMachineUpdater (StateMachineUpdater.java:lambda$new$0(89)) - 9009ae8a-6e34-4da8-a214-6d662c69877c@group-2FCE177C61F1-StateMachineUpdater: snapshotIndex: updateIncreasingly -1 -> 0
2021-07-15 16:37:27,161 [9009ae8a-6e34-4da8-a214-6d662c69877c@group-2FCE177C61F1-StateMachineUpdater] INFO  metrics.RatisMetrics (RatisMetrics.java:unregister(43)) - Unregistering Metrics Registry : ratis.state_machine.9009ae8a-6e34-4da8-a214-6d662c69877c@group-2FCE177C61F1
2021-07-15 16:37:27,161 [ForkJoinPool.commonPool-worker-0] INFO  server.RaftServer$Division (ServerState.java:close(405)) - 7bb90881-70ee-4b59-9518-5a5d97bf3fe4@group-2FCE177C61F1: closes. applyIndex: 0
2021-07-15 16:37:27,162 [7bb90881-70ee-4b59-9518-5a5d97bf3fe4@group-2FCE177C61F1-SegmentedRaftLogWorker] INFO  segmented.SegmentedRaftLogWorker (SegmentedRaftLogWorker.java:run(327)) - 7bb90881-70ee-4b59-9518-5a5d97bf3fe4@group-2FCE177C61F1-SegmentedRaftLogWorker was interrupted, exiting. There are 0 tasks remaining in the queue.
2021-07-15 16:37:27,162 [Listener at 127.0.0.1/10248] INFO  server.RaftServer$Division (ServerState.java:close(405)) - 9009ae8a-6e34-4da8-a214-6d662c69877c@group-2FCE177C61F1: closes. applyIndex: 0
2021-07-15 16:37:27,163 [ForkJoinPool.commonPool-worker-0] INFO  segmented.SegmentedRaftLogWorker (SegmentedRaftLogWorker.java:close(237)) - 7bb90881-70ee-4b59-9518-5a5d97bf3fe4@group-2FCE177C61F1-SegmentedRaftLogWorker close()
2021-07-15 16:37:27,163 [9009ae8a-6e34-4da8-a214-6d662c69877c@group-2FCE177C61F1-SegmentedRaftLogWorker] INFO  segmented.SegmentedRaftLogWorker (SegmentedRaftLogWorker.java:run(327)) - 9009ae8a-6e34-4da8-a214-6d662c69877c@group-2FCE177C61F1-SegmentedRaftLogWorker was interrupted, exiting. There are 0 tasks remaining in the queue.
2021-07-15 16:37:27,164 [ForkJoinPool.commonPool-worker-0] INFO  metrics.RatisMetrics (RatisMetrics.java:unregister(43)) - Unregistering Metrics Registry : ratis.log_worker.7bb90881-70ee-4b59-9518-5a5d97bf3fe4@group-2FCE177C61F1
2021-07-15 16:37:27,164 [ForkJoinPool.commonPool-worker-0] INFO  metrics.RatisMetrics (RatisMetrics.java:unregister(43)) - Unregistering Metrics Registry : ratis.leader_election.7bb90881-70ee-4b59-9518-5a5d97bf3fe4@group-2FCE177C61F1
2021-07-15 16:37:27,164 [ForkJoinPool.commonPool-worker-0] INFO  metrics.RatisMetrics (RatisMetrics.java:unregister(43)) - Unregistering Metrics Registry : ratis.server.7bb90881-70ee-4b59-9518-5a5d97bf3fe4@group-2FCE177C61F1
2021-07-15 16:37:27,164 [ForkJoinPool.commonPool-worker-0] INFO  server.RaftServer$Division (RaftServerImpl.java:lambda$close$4(406)) - 7bb90881-70ee-4b59-9518-5a5d97bf3fe4@group-72FEAD52DDE1: shutdown
2021-07-15 16:37:27,165 [ForkJoinPool.commonPool-worker-0] INFO  util.JmxRegister (JmxRegister.java:unregister(73)) - Successfully un-registered JMX Bean with object name Ratis:service=RaftServer,group=group-72FEAD52DDE1,id=7bb90881-70ee-4b59-9518-5a5d97bf3fe4
2021-07-15 16:37:27,165 [ForkJoinPool.commonPool-worker-0] INFO  impl.RoleInfo (RoleInfo.java:shutdownLeaderState(91)) - 7bb90881-70ee-4b59-9518-5a5d97bf3fe4: shutdown 7bb90881-70ee-4b59-9518-5a5d97bf3fe4@group-72FEAD52DDE1-LeaderStateImpl
2021-07-15 16:37:27,165 [ForkJoinPool.commonPool-worker-0] INFO  impl.PendingRequests (PendingRequests.java:sendNotLeaderResponses(249)) - 7bb90881-70ee-4b59-9518-5a5d97bf3fe4@group-72FEAD52DDE1-PendingRequests: sendNotLeaderResponses
2021-07-15 16:37:27,165 [ForkJoinPool.commonPool-worker-0] INFO  metrics.RatisMetrics (RatisMetrics.java:unregister(43)) - Unregistering Metrics Registry : ratis.log_appender.7bb90881-70ee-4b59-9518-5a5d97bf3fe4@group-72FEAD52DDE1
2021-07-15 16:37:27,165 [ForkJoinPool.commonPool-worker-0] INFO  metrics.RatisMetrics (RatisMetrics.java:unregister(43)) - Unregistering Metrics Registry : ratis.server.7bb90881-70ee-4b59-9518-5a5d97bf3fe4@group-72FEAD52DDE1
2021-07-15 16:37:27,166 [7bb90881-70ee-4b59-9518-5a5d97bf3fe4@group-72FEAD52DDE1-StateMachineUpdater] INFO  ratis.ContainerStateMachine (ContainerStateMachine.java:takeSnapshot(291)) - group-72FEAD52DDE1: Taking a snapshot at:(t:1, i:0) file /home/runner/work/ozone/ozone/mnt/ozone/hadoop-ozone/integration-test/target/test-dir/MiniOzoneClusterImpl-8ef06965-d5c9-44f0-9cd1-4cafb8afe6ac/datanode-0/data/ratis/a448490d-3f94-46b8-9ace-72fead52dde1/sm/snapshot.1_0
2021-07-15 16:37:27,166 [ForkJoinPool.commonPool-worker-0] INFO  impl.StateMachineUpdater (StateMachineUpdater.java:stopAndJoin(149)) - 7bb90881-70ee-4b59-9518-5a5d97bf3fe4@group-72FEAD52DDE1-StateMachineUpdater: set stopIndex = 0
2021-07-15 16:37:27,169 [7bb90881-70ee-4b59-9518-5a5d97bf3fe4@group-72FEAD52DDE1-StateMachineUpdater] INFO  ratis.ContainerStateMachine (ContainerStateMachine.java:takeSnapshot(302)) - group-72FEAD52DDE1: Finished taking a snapshot at:(t:1, i:0) file:/home/runner/work/ozone/ozone/mnt/ozone/hadoop-ozone/integration-test/target/test-dir/MiniOzoneClusterImpl-8ef06965-d5c9-44f0-9cd1-4cafb8afe6ac/datanode-0/data/ratis/a448490d-3f94-46b8-9ace-72fead52dde1/sm/snapshot.1_0 took: 3 ms
2021-07-15 16:37:27,169 [7bb90881-70ee-4b59-9518-5a5d97bf3fe4@group-72FEAD52DDE1-StateMachineUpdater] INFO  impl.StateMachineUpdater (StateMachineUpdater.java:takeSnapshot(281)) - 7bb90881-70ee-4b59-9518-5a5d97bf3fe4@group-72FEAD52DDE1-StateMachineUpdater: Took a snapshot at index 0
2021-07-15 16:37:27,169 [7bb90881-70ee-4b59-9518-5a5d97bf3fe4@group-72FEAD52DDE1-StateMachineUpdater] INFO  impl.StateMachineUpdater (StateMachineUpdater.java:lambda$new$0(89)) - 7bb90881-70ee-4b59-9518-5a5d97bf3fe4@group-72FEAD52DDE1-StateMachineUpdater: snapshotIndex: updateIncreasingly -1 -> 0
2021-07-15 16:37:27,169 [7bb90881-70ee-4b59-9518-5a5d97bf3fe4@group-72FEAD52DDE1-StateMachineUpdater] INFO  metrics.RatisMetrics (RatisMetrics.java:unregister(43)) - Unregistering Metrics Registry : ratis.state_machine.7bb90881-70ee-4b59-9518-5a5d97bf3fe4@group-72FEAD52DDE1
2021-07-15 16:37:27,169 [ForkJoinPool.commonPool-worker-0] INFO  server.RaftServer$Division (ServerState.java:close(405)) - 7bb90881-70ee-4b59-9518-5a5d97bf3fe4@group-72FEAD52DDE1: closes. applyIndex: 0
2021-07-15 16:37:27,169 [Listener at 127.0.0.1/10248] INFO  segmented.SegmentedRaftLogWorker (SegmentedRaftLogWorker.java:close(237)) - 9009ae8a-6e34-4da8-a214-6d662c69877c@group-2FCE177C61F1-SegmentedRaftLogWorker close()
2021-07-15 16:37:27,170 [7bb90881-70ee-4b59-9518-5a5d97bf3fe4@group-72FEAD52DDE1-SegmentedRaftLogWorker] INFO  segmented.SegmentedRaftLogWorker (SegmentedRaftLogWorker.java:run(327)) - 7bb90881-70ee-4b59-9518-5a5d97bf3fe4@group-72FEAD52DDE1-SegmentedRaftLogWorker was interrupted, exiting. There are 0 tasks remaining in the queue.
2021-07-15 16:37:27,170 [ForkJoinPool.commonPool-worker-0] INFO  segmented.SegmentedRaftLogWorker (SegmentedRaftLogWorker.java:close(237)) - 7bb90881-70ee-4b59-9518-5a5d97bf3fe4@group-72FEAD52DDE1-SegmentedRaftLogWorker close()
2021-07-15 16:37:27,172 [Listener at 127.0.0.1/10248] INFO  metrics.RatisMetrics (RatisMetrics.java:unregister(43)) - Unregistering Metrics Registry : ratis.log_worker.9009ae8a-6e34-4da8-a214-6d662c69877c@group-2FCE177C61F1
2021-07-15 16:37:27,172 [Listener at 127.0.0.1/10248] INFO  metrics.RatisMetrics (RatisMetrics.java:unregister(43)) - Unregistering Metrics Registry : ratis.leader_election.9009ae8a-6e34-4da8-a214-6d662c69877c@group-2FCE177C61F1
2021-07-15 16:37:27,172 [Listener at 127.0.0.1/10248] INFO  metrics.RatisMetrics (RatisMetrics.java:unregister(43)) - Unregistering Metrics Registry : ratis.server.9009ae8a-6e34-4da8-a214-6d662c69877c@group-2FCE177C61F1
2021-07-15 16:37:27,173 [Listener at 127.0.0.1/10248] INFO  server.RaftServer$Division (RaftServerImpl.java:lambda$close$4(406)) - 9009ae8a-6e34-4da8-a214-6d662c69877c@group-446952105CA5: shutdown
2021-07-15 16:37:27,173 [Listener at 127.0.0.1/10248] INFO  util.JmxRegister (JmxRegister.java:unregister(73)) - Successfully un-registered JMX Bean with object name Ratis:service=RaftServer,group=group-446952105CA5,id=9009ae8a-6e34-4da8-a214-6d662c69877c
2021-07-15 16:37:27,173 [Listener at 127.0.0.1/10248] INFO  impl.RoleInfo (RoleInfo.java:shutdownLeaderState(91)) - 9009ae8a-6e34-4da8-a214-6d662c69877c: shutdown 9009ae8a-6e34-4da8-a214-6d662c69877c@group-446952105CA5-LeaderStateImpl
2021-07-15 16:37:27,174 [Listener at 127.0.0.1/10248] INFO  impl.PendingRequests (PendingRequests.java:sendNotLeaderResponses(249)) - 9009ae8a-6e34-4da8-a214-6d662c69877c@group-446952105CA5-PendingRequests: sendNotLeaderResponses
2021-07-15 16:37:27,174 [Listener at 127.0.0.1/10248] INFO  metrics.RatisMetrics (RatisMetrics.java:unregister(43)) - Unregistering Metrics Registry : ratis.log_appender.9009ae8a-6e34-4da8-a214-6d662c69877c@group-446952105CA5
2021-07-15 16:37:27,172 [ForkJoinPool.commonPool-worker-0] INFO  metrics.RatisMetrics (RatisMetrics.java:unregister(43)) - Unregistering Metrics Registry : ratis.log_worker.7bb90881-70ee-4b59-9518-5a5d97bf3fe4@group-72FEAD52DDE1
2021-07-15 16:37:27,174 [ForkJoinPool.commonPool-worker-0] INFO  metrics.RatisMetrics (RatisMetrics.java:unregister(43)) - Unregistering Metrics Registry : ratis.leader_election.7bb90881-70ee-4b59-9518-5a5d97bf3fe4@group-72FEAD52DDE1
2021-07-15 16:37:27,174 [ForkJoinPool.commonPool-worker-0] INFO  metrics.RatisMetrics (RatisMetrics.java:unregister(43)) - Unregistering Metrics Registry : ratis.server.7bb90881-70ee-4b59-9518-5a5d97bf3fe4@group-72FEAD52DDE1
2021-07-15 16:37:27,175 [ForkJoinPool.commonPool-worker-0] INFO  server.RaftServer$Division (RaftServerImpl.java:lambda$close$4(406)) - 7bb90881-70ee-4b59-9518-5a5d97bf3fe4@group-324EC8E43CB0: shutdown
2021-07-15 16:37:27,175 [ForkJoinPool.commonPool-worker-0] INFO  util.JmxRegister (JmxRegister.java:unregister(73)) - Successfully un-registered JMX Bean with object name Ratis:service=RaftServer,group=group-324EC8E43CB0,id=7bb90881-70ee-4b59-9518-5a5d97bf3fe4
2021-07-15 16:37:27,175 [ForkJoinPool.commonPool-worker-0] INFO  impl.RoleInfo (RoleInfo.java:shutdownLeaderState(91)) - 7bb90881-70ee-4b59-9518-5a5d97bf3fe4: shutdown 7bb90881-70ee-4b59-9518-5a5d97bf3fe4@group-324EC8E43CB0-LeaderStateImpl
2021-07-15 16:37:27,175 [ForkJoinPool.commonPool-worker-0] INFO  metrics.RatisMetrics (RatisMetrics.java:unregister(43)) - Unregistering Metrics Registry : ratis_grpc.log_appender.7bb90881-70ee-4b59-9518-5a5d97bf3fe4@group-324EC8E43CB0
2021-07-15 16:37:27,175 [7bb90881-70ee-4b59-9518-5a5d97bf3fe4@group-324EC8E43CB0->9009ae8a-6e34-4da8-a214-6d662c69877c-GrpcLogAppender-LogAppenderDaemon] WARN  server.GrpcLogAppender (GrpcLogAppender.java:mayWait(175)) - 7bb90881-70ee-4b59-9518-5a5d97bf3fe4@group-324EC8E43CB0->9009ae8a-6e34-4da8-a214-6d662c69877c-GrpcLogAppender: Wait interrupted by java.lang.InterruptedException
2021-07-15 16:37:27,176 [grpc-default-executor-0] INFO  server.GrpcServerProtocolService (GrpcServerProtocolService.java:onCompleted(140)) - 9009ae8a-6e34-4da8-a214-6d662c69877c: Completed APPEND_ENTRIES, lastRequest: 7bb90881-70ee-4b59-9518-5a5d97bf3fe4->9009ae8a-6e34-4da8-a214-6d662c69877c#1-t3,previous=(t:0, i:0),leaderCommit=-1,initializing? true,entries: size=1, first=(t:3, i:0), CONFIGURATIONENTRY
2021-07-15 16:37:27,177 [grpc-default-executor-1] INFO  server.GrpcLogAppender (GrpcLogAppender.java:onCompleted(344)) - 7bb90881-70ee-4b59-9518-5a5d97bf3fe4@group-324EC8E43CB0->9009ae8a-6e34-4da8-a214-6d662c69877c-AppendLogResponseHandler: follower responses appendEntries COMPLETED
2021-07-15 16:37:27,177 [grpc-default-executor-1] INFO  leader.FollowerInfo (FollowerInfoImpl.java:lambda$new$0(46)) - 7bb90881-70ee-4b59-9518-5a5d97bf3fe4@group-324EC8E43CB0->9009ae8a-6e34-4da8-a214-6d662c69877c: nextIndex: updateUnconditionally 1 -> 0
2021-07-15 16:37:27,177 [ForkJoinPool.commonPool-worker-0] INFO  metrics.RatisMetrics (RatisMetrics.java:unregister(43)) - Unregistering Metrics Registry : ratis_grpc.log_appender.7bb90881-70ee-4b59-9518-5a5d97bf3fe4@group-324EC8E43CB0
2021-07-15 16:37:27,178 [7bb90881-70ee-4b59-9518-5a5d97bf3fe4@group-324EC8E43CB0->7fea9b52-1b88-4603-b6bb-6748911f11bf-GrpcLogAppender-LogAppenderDaemon] WARN  server.GrpcLogAppender (GrpcLogAppender.java:mayWait(175)) - 7bb90881-70ee-4b59-9518-5a5d97bf3fe4@group-324EC8E43CB0->7fea9b52-1b88-4603-b6bb-6748911f11bf-GrpcLogAppender: Wait interrupted by java.lang.InterruptedException
2021-07-15 16:37:27,178 [grpc-default-executor-0] INFO  server.GrpcServerProtocolService (GrpcServerProtocolService.java:onCompleted(140)) - 7fea9b52-1b88-4603-b6bb-6748911f11bf: Completed APPEND_ENTRIES, lastRequest: 7bb90881-70ee-4b59-9518-5a5d97bf3fe4->7fea9b52-1b88-4603-b6bb-6748911f11bf#1-t3,previous=(t:0, i:0),leaderCommit=-1,initializing? true,entries: size=1, first=(t:3, i:0), CONFIGURATIONENTRY
2021-07-15 16:37:27,179 [grpc-default-executor-1] INFO  server.GrpcLogAppender (GrpcLogAppender.java:onCompleted(344)) - 7bb90881-70ee-4b59-9518-5a5d97bf3fe4@group-324EC8E43CB0->7fea9b52-1b88-4603-b6bb-6748911f11bf-AppendLogResponseHandler: follower responses appendEntries COMPLETED
2021-07-15 16:37:27,179 [grpc-default-executor-1] INFO  leader.FollowerInfo (FollowerInfoImpl.java:lambda$new$0(46)) - 7bb90881-70ee-4b59-9518-5a5d97bf3fe4@group-324EC8E43CB0->7fea9b52-1b88-4603-b6bb-6748911f11bf: nextIndex: updateUnconditionally 1 -> 0
2021-07-15 16:37:27,179 [ForkJoinPool.commonPool-worker-0] INFO  impl.PendingRequests (PendingRequests.java:sendNotLeaderResponses(249)) - 7bb90881-70ee-4b59-9518-5a5d97bf3fe4@group-324EC8E43CB0-PendingRequests: sendNotLeaderResponses
2021-07-15 16:37:27,179 [ForkJoinPool.commonPool-worker-0] INFO  metrics.RatisMetrics (RatisMetrics.java:unregister(43)) - Unregistering Metrics Registry : ratis.log_appender.7bb90881-70ee-4b59-9518-5a5d97bf3fe4@group-324EC8E43CB0
2021-07-15 16:37:27,179 [ForkJoinPool.commonPool-worker-0] INFO  metrics.RatisMetrics (RatisMetrics.java:unregister(43)) - Unregistering Metrics Registry : ratis.server.7bb90881-70ee-4b59-9518-5a5d97bf3fe4@group-324EC8E43CB0
2021-07-15 16:37:27,180 [7bb90881-70ee-4b59-9518-5a5d97bf3fe4@group-324EC8E43CB0-StateMachineUpdater] INFO  ratis.ContainerStateMachine (ContainerStateMachine.java:takeSnapshot(291)) - group-324EC8E43CB0: Taking a snapshot at:(t:3, i:0) file /home/runner/work/ozone/ozone/mnt/ozone/hadoop-ozone/integration-test/target/test-dir/MiniOzoneClusterImpl-8ef06965-d5c9-44f0-9cd1-4cafb8afe6ac/datanode-0/data/ratis/fe2f9ccf-ac21-4967-b1a7-324ec8e43cb0/sm/snapshot.3_0
2021-07-15 16:37:27,180 [ForkJoinPool.commonPool-worker-0] INFO  impl.StateMachineUpdater (StateMachineUpdater.java:stopAndJoin(149)) - 7bb90881-70ee-4b59-9518-5a5d97bf3fe4@group-324EC8E43CB0-StateMachineUpdater: set stopIndex = 0
2021-07-15 16:37:27,180 [Listener at 127.0.0.1/10248] INFO  metrics.RatisMetrics (RatisMetrics.java:unregister(43)) - Unregistering Metrics Registry : ratis.server.9009ae8a-6e34-4da8-a214-6d662c69877c@group-446952105CA5
2021-07-15 16:37:27,181 [7bb90881-70ee-4b59-9518-5a5d97bf3fe4@group-324EC8E43CB0-StateMachineUpdater] INFO  ratis.ContainerStateMachine (ContainerStateMachine.java:takeSnapshot(302)) - group-324EC8E43CB0: Finished taking a snapshot at:(t:3, i:0) file:/home/runner/work/ozone/ozone/mnt/ozone/hadoop-ozone/integration-test/target/test-dir/MiniOzoneClusterImpl-8ef06965-d5c9-44f0-9cd1-4cafb8afe6ac/datanode-0/data/ratis/fe2f9ccf-ac21-4967-b1a7-324ec8e43cb0/sm/snapshot.3_0 took: 1 ms
2021-07-15 16:37:27,181 [7bb90881-70ee-4b59-9518-5a5d97bf3fe4@group-324EC8E43CB0-StateMachineUpdater] INFO  impl.StateMachineUpdater (StateMachineUpdater.java:takeSnapshot(281)) - 7bb90881-70ee-4b59-9518-5a5d97bf3fe4@group-324EC8E43CB0-StateMachineUpdater: Took a snapshot at index 0
2021-07-15 16:37:27,182 [7bb90881-70ee-4b59-9518-5a5d97bf3fe4@group-324EC8E43CB0-StateMachineUpdater] INFO  impl.StateMachineUpdater (StateMachineUpdater.java:lambda$new$0(89)) - 7bb90881-70ee-4b59-9518-5a5d97bf3fe4@group-324EC8E43CB0-StateMachineUpdater: snapshotIndex: updateIncreasingly -1 -> 0
2021-07-15 16:37:27,182 [7bb90881-70ee-4b59-9518-5a5d97bf3fe4@group-324EC8E43CB0-StateMachineUpdater] INFO  metrics.RatisMetrics (RatisMetrics.java:unregister(43)) - Unregistering Metrics Registry : ratis.state_machine.7bb90881-70ee-4b59-9518-5a5d97bf3fe4@group-324EC8E43CB0
2021-07-15 16:37:27,182 [ForkJoinPool.commonPool-worker-0] INFO  server.RaftServer$Division (ServerState.java:close(405)) - 7bb90881-70ee-4b59-9518-5a5d97bf3fe4@group-324EC8E43CB0: closes. applyIndex: 0
2021-07-15 16:37:27,182 [7bb90881-70ee-4b59-9518-5a5d97bf3fe4@group-324EC8E43CB0-SegmentedRaftLogWorker] INFO  segmented.SegmentedRaftLogWorker (SegmentedRaftLogWorker.java:run(327)) - 7bb90881-70ee-4b59-9518-5a5d97bf3fe4@group-324EC8E43CB0-SegmentedRaftLogWorker was interrupted, exiting. There are 0 tasks remaining in the queue.
2021-07-15 16:37:27,183 [Listener at 127.0.0.1/10248] INFO  impl.StateMachineUpdater (StateMachineUpdater.java:stopAndJoin(149)) - 9009ae8a-6e34-4da8-a214-6d662c69877c@group-446952105CA5-StateMachineUpdater: set stopIndex = 0
2021-07-15 16:37:27,188 [ForkJoinPool.commonPool-worker-0] INFO  segmented.SegmentedRaftLogWorker (SegmentedRaftLogWorker.java:close(237)) - 7bb90881-70ee-4b59-9518-5a5d97bf3fe4@group-324EC8E43CB0-SegmentedRaftLogWorker close()
2021-07-15 16:37:27,188 [9009ae8a-6e34-4da8-a214-6d662c69877c@group-446952105CA5-StateMachineUpdater] INFO  ratis.ContainerStateMachine (ContainerStateMachine.java:takeSnapshot(291)) - group-446952105CA5: Taking a snapshot at:(t:1, i:0) file /home/runner/work/ozone/ozone/mnt/ozone/hadoop-ozone/integration-test/target/test-dir/MiniOzoneClusterImpl-8ef06965-d5c9-44f0-9cd1-4cafb8afe6ac/datanode-1/data/ratis/1612808e-69c7-4564-8595-446952105ca5/sm/snapshot.1_0
2021-07-15 16:37:27,189 [ForkJoinPool.commonPool-worker-0] INFO  metrics.RatisMetrics (RatisMetrics.java:unregister(43)) - Unregistering Metrics Registry : ratis.log_worker.7bb90881-70ee-4b59-9518-5a5d97bf3fe4@group-324EC8E43CB0
2021-07-15 16:37:27,189 [9009ae8a-6e34-4da8-a214-6d662c69877c@group-446952105CA5-StateMachineUpdater] INFO  ratis.ContainerStateMachine (ContainerStateMachine.java:takeSnapshot(302)) - group-446952105CA5: Finished taking a snapshot at:(t:1, i:0) file:/home/runner/work/ozone/ozone/mnt/ozone/hadoop-ozone/integration-test/target/test-dir/MiniOzoneClusterImpl-8ef06965-d5c9-44f0-9cd1-4cafb8afe6ac/datanode-1/data/ratis/1612808e-69c7-4564-8595-446952105ca5/sm/snapshot.1_0 took: 1 ms
2021-07-15 16:37:27,189 [9009ae8a-6e34-4da8-a214-6d662c69877c@group-446952105CA5-StateMachineUpdater] INFO  impl.StateMachineUpdater (StateMachineUpdater.java:takeSnapshot(281)) - 9009ae8a-6e34-4da8-a214-6d662c69877c@group-446952105CA5-StateMachineUpdater: Took a snapshot at index 0
2021-07-15 16:37:27,189 [9009ae8a-6e34-4da8-a214-6d662c69877c@group-446952105CA5-StateMachineUpdater] INFO  impl.StateMachineUpdater (StateMachineUpdater.java:lambda$new$0(89)) - 9009ae8a-6e34-4da8-a214-6d662c69877c@group-446952105CA5-StateMachineUpdater: snapshotIndex: updateIncreasingly -1 -> 0
2021-07-15 16:37:27,189 [9009ae8a-6e34-4da8-a214-6d662c69877c@group-446952105CA5-StateMachineUpdater] INFO  metrics.RatisMetrics (RatisMetrics.java:unregister(43)) - Unregistering Metrics Registry : ratis.state_machine.9009ae8a-6e34-4da8-a214-6d662c69877c@group-446952105CA5
2021-07-15 16:37:27,189 [ForkJoinPool.commonPool-worker-0] INFO  metrics.RatisMetrics (RatisMetrics.java:unregister(43)) - Unregistering Metrics Registry : ratis.leader_election.7bb90881-70ee-4b59-9518-5a5d97bf3fe4@group-324EC8E43CB0
2021-07-15 16:37:27,194 [ForkJoinPool.commonPool-worker-0] INFO  metrics.RatisMetrics (RatisMetrics.java:unregister(43)) - Unregistering Metrics Registry : ratis.server.7bb90881-70ee-4b59-9518-5a5d97bf3fe4@group-324EC8E43CB0
2021-07-15 16:37:27,194 [Listener at 127.0.0.1/10248] INFO  server.RaftServer$Division (ServerState.java:close(405)) - 9009ae8a-6e34-4da8-a214-6d662c69877c@group-446952105CA5: closes. applyIndex: 0
2021-07-15 16:37:27,194 [ForkJoinPool.commonPool-worker-0] INFO  server.GrpcService (GrpcService.java:closeImpl(262)) - 7bb90881-70ee-4b59-9518-5a5d97bf3fe4: shutdown server with port 37335 now
2021-07-15 16:37:27,194 [9009ae8a-6e34-4da8-a214-6d662c69877c@group-446952105CA5-SegmentedRaftLogWorker] INFO  segmented.SegmentedRaftLogWorker (SegmentedRaftLogWorker.java:run(327)) - 9009ae8a-6e34-4da8-a214-6d662c69877c@group-446952105CA5-SegmentedRaftLogWorker was interrupted, exiting. There are 0 tasks remaining in the queue.
2021-07-15 16:37:27,197 [grpc-default-executor-1] WARN  server.GrpcServerProtocolService (LogUtils.java:warn(122)) - 7bb90881-70ee-4b59-9518-5a5d97bf3fe4: installSnapshot onError, lastRequest: 7fea9b52-1b88-4603-b6bb-6748911f11bf->7bb90881-70ee-4b59-9518-5a5d97bf3fe4#1-t2,previous=(t:0, i:0),leaderCommit=-1,initializing? true,entries: size=1, first=(t:2, i:0), CONFIGURATIONENTRY: org.apache.ratis.thirdparty.io.grpc.StatusRuntimeException: CANCELLED: client cancelled
2021-07-15 16:37:27,197 [grpc-default-executor-4] WARN  server.GrpcLogAppender (LogUtils.java:warn(122)) - 7fea9b52-1b88-4603-b6bb-6748911f11bf@group-2FCE177C61F1->7bb90881-70ee-4b59-9518-5a5d97bf3fe4-AppendLogResponseHandler: Failed appendEntries: org.apache.ratis.thirdparty.io.grpc.StatusRuntimeException: CANCELLED: HTTP/2 error code: CANCEL
Received Rst Stream
2021-07-15 16:37:27,197 [grpc-default-executor-4] WARN  server.GrpcLogAppender (GrpcLogAppender.java:resetClient(111)) - 7fea9b52-1b88-4603-b6bb-6748911f11bf@group-2FCE177C61F1->7bb90881-70ee-4b59-9518-5a5d97bf3fe4-GrpcLogAppender: Leader has not got in touch with Follower 7fea9b52-1b88-4603-b6bb-6748911f11bf@group-2FCE177C61F1->7bb90881-70ee-4b59-9518-5a5d97bf3fe4(c0,m0,n1, attendVote=true, lastRpcSendTime=352, lastRpcResponseTime=351) yet, just keep nextIndex unchanged and retry.
2021-07-15 16:37:27,197 [Listener at 127.0.0.1/10248] INFO  segmented.SegmentedRaftLogWorker (SegmentedRaftLogWorker.java:close(237)) - 9009ae8a-6e34-4da8-a214-6d662c69877c@group-446952105CA5-SegmentedRaftLogWorker close()
2021-07-15 16:37:27,199 [Listener at 127.0.0.1/10248] INFO  metrics.RatisMetrics (RatisMetrics.java:unregister(43)) - Unregistering Metrics Registry : ratis.log_worker.9009ae8a-6e34-4da8-a214-6d662c69877c@group-446952105CA5
2021-07-15 16:37:27,199 [ForkJoinPool.commonPool-worker-0] INFO  server.GrpcService (GrpcService.java:closeImpl(271)) - 7bb90881-70ee-4b59-9518-5a5d97bf3fe4: shutdown server with port 37335 successfully
2021-07-15 16:37:27,199 [org.apache.ratis.util.JvmPauseMonitor$$Lambda$496/1286580650@17b8ada3] INFO  util.JvmPauseMonitor (JvmPauseMonitor.java:run(109)) - JvmPauseMonitor-7bb90881-70ee-4b59-9518-5a5d97bf3fe4: Stopped
2021-07-15 16:37:27,201 [ForkJoinPool.commonPool-worker-0] INFO  utils.BackgroundService (BackgroundService.java:shutdown(132)) - Shutting down service BlockDeletingService
2021-07-15 16:37:27,202 [Listener at 127.0.0.1/10248] INFO  metrics.RatisMetrics (RatisMetrics.java:unregister(43)) - Unregistering Metrics Registry : ratis.leader_election.9009ae8a-6e34-4da8-a214-6d662c69877c@group-446952105CA5
2021-07-15 16:37:27,203 [ForkJoinPool.commonPool-worker-0] INFO  statemachine.DatanodeStateMachine (DatanodeStateMachine.java:stopDaemon(514)) - Ozone container server stopped.
2021-07-15 16:37:27,210 [Listener at 127.0.0.1/10248] INFO  metrics.RatisMetrics (RatisMetrics.java:unregister(43)) - Unregistering Metrics Registry : ratis.server.9009ae8a-6e34-4da8-a214-6d662c69877c@group-446952105CA5
2021-07-15 16:37:27,217 [Listener at 127.0.0.1/10248] INFO  server.RaftServer$Division (RaftServerImpl.java:lambda$close$4(406)) - 9009ae8a-6e34-4da8-a214-6d662c69877c@group-324EC8E43CB0: shutdown
2021-07-15 16:37:27,218 [Listener at 127.0.0.1/10248] INFO  util.JmxRegister (JmxRegister.java:unregister(73)) - Successfully un-registered JMX Bean with object name Ratis:service=RaftServer,group=group-324EC8E43CB0,id=9009ae8a-6e34-4da8-a214-6d662c69877c
2021-07-15 16:37:27,218 [Listener at 127.0.0.1/10248] INFO  impl.RoleInfo (RoleInfo.java:shutdownFollowerState(108)) - 9009ae8a-6e34-4da8-a214-6d662c69877c: shutdown 9009ae8a-6e34-4da8-a214-6d662c69877c@group-324EC8E43CB0-FollowerState
2021-07-15 16:37:27,218 [9009ae8a-6e34-4da8-a214-6d662c69877c@group-324EC8E43CB0-FollowerState] INFO  impl.FollowerState (FollowerState.java:run(143)) - 9009ae8a-6e34-4da8-a214-6d662c69877c@group-324EC8E43CB0-FollowerState was interrupted: {}
java.lang.InterruptedException: sleep interrupted
	at java.lang.Thread.sleep(Native Method)
	at java.lang.Thread.sleep(Thread.java:340)
	at java.util.concurrent.TimeUnit.sleep(TimeUnit.java:386)
	at org.apache.ratis.util.TimeDuration.sleep(TimeDuration.java:324)
	at org.apache.ratis.util.TimeDuration.sleep(TimeDuration.java:309)
	at org.apache.ratis.server.impl.FollowerState.run(FollowerState.java:118)
2021-07-15 16:37:27,219 [9009ae8a-6e34-4da8-a214-6d662c69877c@group-324EC8E43CB0-StateMachineUpdater] INFO  ratis.ContainerStateMachine (ContainerStateMachine.java:takeSnapshot(291)) - group-324EC8E43CB0: Taking a snapshot at:(t:3, i:0) file /home/runner/work/ozone/ozone/mnt/ozone/hadoop-ozone/integration-test/target/test-dir/MiniOzoneClusterImpl-8ef06965-d5c9-44f0-9cd1-4cafb8afe6ac/datanode-1/data/ratis/fe2f9ccf-ac21-4967-b1a7-324ec8e43cb0/sm/snapshot.3_0
2021-07-15 16:37:27,219 [Listener at 127.0.0.1/10248] INFO  impl.StateMachineUpdater (StateMachineUpdater.java:stopAndJoin(149)) - 9009ae8a-6e34-4da8-a214-6d662c69877c@group-324EC8E43CB0-StateMachineUpdater: set stopIndex = 0
2021-07-15 16:37:27,220 [9009ae8a-6e34-4da8-a214-6d662c69877c@group-324EC8E43CB0-StateMachineUpdater] INFO  ratis.ContainerStateMachine (ContainerStateMachine.java:takeSnapshot(302)) - group-324EC8E43CB0: Finished taking a snapshot at:(t:3, i:0) file:/home/runner/work/ozone/ozone/mnt/ozone/hadoop-ozone/integration-test/target/test-dir/MiniOzoneClusterImpl-8ef06965-d5c9-44f0-9cd1-4cafb8afe6ac/datanode-1/data/ratis/fe2f9ccf-ac21-4967-b1a7-324ec8e43cb0/sm/snapshot.3_0 took: 1 ms
2021-07-15 16:37:27,220 [9009ae8a-6e34-4da8-a214-6d662c69877c@group-324EC8E43CB0-StateMachineUpdater] INFO  impl.StateMachineUpdater (StateMachineUpdater.java:takeSnapshot(281)) - 9009ae8a-6e34-4da8-a214-6d662c69877c@group-324EC8E43CB0-StateMachineUpdater: Took a snapshot at index 0
2021-07-15 16:37:27,220 [9009ae8a-6e34-4da8-a214-6d662c69877c@group-324EC8E43CB0-StateMachineUpdater] INFO  impl.StateMachineUpdater (StateMachineUpdater.java:lambda$new$0(89)) - 9009ae8a-6e34-4da8-a214-6d662c69877c@group-324EC8E43CB0-StateMachineUpdater: snapshotIndex: updateIncreasingly -1 -> 0
2021-07-15 16:37:27,220 [9009ae8a-6e34-4da8-a214-6d662c69877c@group-324EC8E43CB0-StateMachineUpdater] INFO  metrics.RatisMetrics (RatisMetrics.java:unregister(43)) - Unregistering Metrics Registry : ratis.state_machine.9009ae8a-6e34-4da8-a214-6d662c69877c@group-324EC8E43CB0
2021-07-15 16:37:27,220 [Listener at 127.0.0.1/10248] INFO  server.RaftServer$Division (ServerState.java:close(405)) - 9009ae8a-6e34-4da8-a214-6d662c69877c@group-324EC8E43CB0: closes. applyIndex: 0
2021-07-15 16:37:27,221 [9009ae8a-6e34-4da8-a214-6d662c69877c@group-324EC8E43CB0-SegmentedRaftLogWorker] INFO  segmented.SegmentedRaftLogWorker (SegmentedRaftLogWorker.java:run(327)) - 9009ae8a-6e34-4da8-a214-6d662c69877c@group-324EC8E43CB0-SegmentedRaftLogWorker was interrupted, exiting. There are 0 tasks remaining in the queue.
2021-07-15 16:37:27,230 [Listener at 127.0.0.1/10248] INFO  segmented.SegmentedRaftLogWorker (SegmentedRaftLogWorker.java:close(237)) - 9009ae8a-6e34-4da8-a214-6d662c69877c@group-324EC8E43CB0-SegmentedRaftLogWorker close()
2021-07-15 16:37:27,232 [Listener at 127.0.0.1/10248] INFO  metrics.RatisMetrics (RatisMetrics.java:unregister(43)) - Unregistering Metrics Registry : ratis.log_worker.9009ae8a-6e34-4da8-a214-6d662c69877c@group-324EC8E43CB0
2021-07-15 16:37:27,232 [Listener at 127.0.0.1/10248] INFO  metrics.RatisMetrics (RatisMetrics.java:unregister(43)) - Unregistering Metrics Registry : ratis.leader_election.9009ae8a-6e34-4da8-a214-6d662c69877c@group-324EC8E43CB0
2021-07-15 16:37:27,232 [Listener at 127.0.0.1/10248] INFO  metrics.RatisMetrics (RatisMetrics.java:unregister(43)) - Unregistering Metrics Registry : ratis.server.9009ae8a-6e34-4da8-a214-6d662c69877c@group-324EC8E43CB0
2021-07-15 16:37:27,232 [Listener at 127.0.0.1/10248] INFO  server.GrpcService (GrpcService.java:closeImpl(262)) - 9009ae8a-6e34-4da8-a214-6d662c69877c: shutdown server with port 35469 now
2021-07-15 16:37:27,234 [ForkJoinPool.commonPool-worker-0] INFO  handler.ContextHandler (ContextHandler.java:doStop(1154)) - Stopped o.e.j.w.WebAppContext@68a08d18{hddsDatanode,/,null,STOPPED}{jar:file:/home/runner/.m2/repository/org/apache/ozone/hdds-container-service/1.2.0-SNAPSHOT/hdds-container-service-1.2.0-SNAPSHOT.jar!/webapps/hddsDatanode}
2021-07-15 16:37:27,234 [ForkJoinPool.commonPool-worker-0] INFO  server.AbstractConnector (AbstractConnector.java:doStop(381)) - Stopped ServerConnector@5d16fc4b{HTTP/1.1, (http/1.1)}{0.0.0.0:0}
2021-07-15 16:37:27,234 [ForkJoinPool.commonPool-worker-0] INFO  server.session (HouseKeeper.java:stopScavenging(149)) - node0 Stopped scavenging
2021-07-15 16:37:27,235 [ForkJoinPool.commonPool-worker-0] INFO  handler.ContextHandler (ContextHandler.java:doStop(1154)) - Stopped o.e.j.s.ServletContextHandler@5d1b7a57{static,/static,jar:file:/home/runner/.m2/repository/org/apache/ozone/hdds-container-service/1.2.0-SNAPSHOT/hdds-container-service-1.2.0-SNAPSHOT.jar!/webapps/static,STOPPED}
2021-07-15 16:37:27,235 [ForkJoinPool.commonPool-worker-0] INFO  handler.ContextHandler (ContextHandler.java:doStop(1154)) - Stopped o.e.j.s.ServletContextHandler@5c89c27b{logs,/logs,file:///home/runner/work/ozone/ozone/mnt/ozone/hadoop-ozone/integration-test/target/log,STOPPED}
2021-07-15 16:37:27,236 [grpc-default-executor-1] WARN  server.GrpcServerProtocolService (LogUtils.java:warn(122)) - 9009ae8a-6e34-4da8-a214-6d662c69877c: installSnapshot onError, lastRequest: 7fea9b52-1b88-4603-b6bb-6748911f11bf->9009ae8a-6e34-4da8-a214-6d662c69877c#1-t2,previous=(t:0, i:0),leaderCommit=-1,initializing? true,entries: size=1, first=(t:2, i:0), CONFIGURATIONENTRY: org.apache.ratis.thirdparty.io.grpc.StatusRuntimeException: CANCELLED: client cancelled
2021-07-15 16:37:27,237 [grpc-default-executor-1] WARN  server.GrpcLogAppender (LogUtils.java:warn(122)) - 7fea9b52-1b88-4603-b6bb-6748911f11bf@group-2FCE177C61F1->9009ae8a-6e34-4da8-a214-6d662c69877c-AppendLogResponseHandler: Failed appendEntries: org.apache.ratis.thirdparty.io.grpc.StatusRuntimeException: CANCELLED: HTTP/2 error code: CANCEL
Received Rst Stream
2021-07-15 16:37:27,237 [grpc-default-executor-1] WARN  server.GrpcLogAppender (GrpcLogAppender.java:resetClient(111)) - 7fea9b52-1b88-4603-b6bb-6748911f11bf@group-2FCE177C61F1->9009ae8a-6e34-4da8-a214-6d662c69877c-GrpcLogAppender: Leader has not got in touch with Follower 7fea9b52-1b88-4603-b6bb-6748911f11bf@group-2FCE177C61F1->9009ae8a-6e34-4da8-a214-6d662c69877c(c0,m0,n1, attendVote=true, lastRpcSendTime=396, lastRpcResponseTime=394) yet, just keep nextIndex unchanged and retry.
2021-07-15 16:37:27,238 [Listener at 127.0.0.1/10248] INFO  server.GrpcService (GrpcService.java:closeImpl(271)) - 9009ae8a-6e34-4da8-a214-6d662c69877c: shutdown server with port 35469 successfully
2021-07-15 16:37:27,238 [org.apache.ratis.util.JvmPauseMonitor$$Lambda$496/1286580650@53c05c2] INFO  util.JvmPauseMonitor (JvmPauseMonitor.java:run(109)) - JvmPauseMonitor-9009ae8a-6e34-4da8-a214-6d662c69877c: Stopped
2021-07-15 16:37:27,242 [Listener at 127.0.0.1/10248] INFO  utils.BackgroundService (BackgroundService.java:shutdown(132)) - Shutting down service BlockDeletingService
2021-07-15 16:37:27,262 [Listener at 127.0.0.1/10248] INFO  statemachine.DatanodeStateMachine (DatanodeStateMachine.java:stopDaemon(514)) - Ozone container server stopped.
2021-07-15 16:37:27,263 [Listener at 127.0.0.1/10248] INFO  handler.ContextHandler (ContextHandler.java:doStop(1154)) - Stopped o.e.j.w.WebAppContext@7d98e410{hddsDatanode,/,null,STOPPED}{jar:file:/home/runner/.m2/repository/org/apache/ozone/hdds-container-service/1.2.0-SNAPSHOT/hdds-container-service-1.2.0-SNAPSHOT.jar!/webapps/hddsDatanode}
2021-07-15 16:37:27,264 [Listener at 127.0.0.1/10248] INFO  server.AbstractConnector (AbstractConnector.java:doStop(381)) - Stopped ServerConnector@209a490a{HTTP/1.1, (http/1.1)}{0.0.0.0:0}
2021-07-15 16:37:27,264 [Listener at 127.0.0.1/10248] INFO  server.session (HouseKeeper.java:stopScavenging(149)) - node0 Stopped scavenging
2021-07-15 16:37:27,264 [Listener at 127.0.0.1/10248] INFO  handler.ContextHandler (ContextHandler.java:doStop(1154)) - Stopped o.e.j.s.ServletContextHandler@2478b0e6{static,/static,jar:file:/home/runner/.m2/repository/org/apache/ozone/hdds-container-service/1.2.0-SNAPSHOT/hdds-container-service-1.2.0-SNAPSHOT.jar!/webapps/static,STOPPED}
2021-07-15 16:37:27,265 [Listener at 127.0.0.1/10248] INFO  handler.ContextHandler (ContextHandler.java:doStop(1154)) - Stopped o.e.j.s.ServletContextHandler@2faab150{logs,/logs,file:///home/runner/work/ozone/ozone/mnt/ozone/hadoop-ozone/integration-test/target/log,STOPPED}
2021-07-15 16:37:27,304 [Datanode State Machine Thread - 0] WARN  statemachine.StateContext (StateContext.java:setState(246)) - Ignore disallowed transition from SHUTDOWN to RUNNING
2021-07-15 16:37:27,304 [Datanode State Machine Thread - 0] INFO  statemachine.DatanodeStateMachine (DatanodeStateMachine.java:lambda$startDaemon$0(456)) - Ozone container server started.
2021-07-15 16:37:27,305 [EndpointStateMachine task thread for /127.0.0.1:14059 - 0 ] INFO  ipc.Client (Client.java:handleConnectionFailure(977)) - Retrying connect to server: localhost/127.0.0.1:14059. Already tried 3 time(s); retry policy is RetryUpToMaximumCountWithFixedSleep(maxRetries=15, sleepTime=1000 MILLISECONDS)
2021-07-15 16:37:28,175 [EndpointStateMachine task thread for /127.0.0.1:12811 - 0 ] INFO  ipc.Client (Client.java:handleConnectionFailure(977)) - Retrying connect to server: localhost/127.0.0.1:12811. Already tried 8 time(s); retry policy is RetryUpToMaximumCountWithFixedSleep(maxRetries=15, sleepTime=1000 MILLISECONDS)
2021-07-15 16:37:28,175 [EndpointStateMachine task thread for /127.0.0.1:12821 - 0 ] INFO  ipc.Client (Client.java:handleConnectionFailure(977)) - Retrying connect to server: localhost/127.0.0.1:12821. Already tried 8 time(s); retry policy is RetryUpToMaximumCountWithFixedSleep(maxRetries=15, sleepTime=1000 MILLISECONDS)
2021-07-15 16:37:28,176 [EndpointStateMachine task thread for /127.0.0.1:12801 - 0 ] INFO  ipc.Client (Client.java:handleConnectionFailure(977)) - Retrying connect to server: localhost/127.0.0.1:12801. Already tried 12 time(s); retry policy is RetryUpToMaximumCountWithFixedSleep(maxRetries=15, sleepTime=1000 MILLISECONDS)
2021-07-15 16:37:28,176 [EndpointStateMachine task thread for /127.0.0.1:14049 - 0 ] INFO  ipc.Client (Client.java:handleConnectionFailure(977)) - Retrying connect to server: localhost/127.0.0.1:14049. Already tried 6 time(s); retry policy is RetryUpToMaximumCountWithFixedSleep(maxRetries=15, sleepTime=1000 MILLISECONDS)
2021-07-15 16:37:28,176 [EndpointStateMachine task thread for /127.0.0.1:14069 - 0 ] INFO  ipc.Client (Client.java:handleConnectionFailure(977)) - Retrying connect to server: localhost/127.0.0.1:14069. Already tried 6 time(s); retry policy is RetryUpToMaximumCountWithFixedSleep(maxRetries=15, sleepTime=1000 MILLISECONDS)
2021-07-15 16:37:28,176 [org.apache.ratis.util.JvmPauseMonitor$$Lambda$496/1286580650@7fab4758] WARN  util.JvmPauseMonitor (JvmPauseMonitor.java:detectPause(124)) - JvmPauseMonitor-7fea9b52-1b88-4603-b6bb-6748911f11bf: Detected pause in JVM or host machine (eg GC): pause of approximately 713169989ns.
GC pool 'PS MarkSweep' had collection(s): count=1 time=381ms
GC pool 'PS Scavenge' had collection(s): count=1 time=376ms
2021-07-15 16:37:28,305 [EndpointStateMachine task thread for /127.0.0.1:14059 - 0 ] INFO  ipc.Client (Client.java:handleConnectionFailure(977)) - Retrying connect to server: localhost/127.0.0.1:14059. Already tried 4 time(s); retry policy is RetryUpToMaximumCountWithFixedSleep(maxRetries=15, sleepTime=1000 MILLISECONDS)
2021-07-15 16:37:29,176 [EndpointStateMachine task thread for /127.0.0.1:12811 - 0 ] INFO  ipc.Client (Client.java:handleConnectionFailure(977)) - Retrying connect to server: localhost/127.0.0.1:12811. Already tried 9 time(s); retry policy is RetryUpToMaximumCountWithFixedSleep(maxRetries=15, sleepTime=1000 MILLISECONDS)
2021-07-15 16:37:29,176 [EndpointStateMachine task thread for /127.0.0.1:12821 - 0 ] INFO  ipc.Client (Client.java:handleConnectionFailure(977)) - Retrying connect to server: localhost/127.0.0.1:12821. Already tried 9 time(s); retry policy is RetryUpToMaximumCountWithFixedSleep(maxRetries=15, sleepTime=1000 MILLISECONDS)
2021-07-15 16:37:29,177 [EndpointStateMachine task thread for /127.0.0.1:14049 - 0 ] INFO  ipc.Client (Client.java:handleConnectionFailure(977)) - Retrying connect to server: localhost/127.0.0.1:14049. Already tried 7 time(s); retry policy is RetryUpToMaximumCountWithFixedSleep(maxRetries=15, sleepTime=1000 MILLISECONDS)
2021-07-15 16:37:29,177 [EndpointStateMachine task thread for /127.0.0.1:12801 - 0 ] INFO  ipc.Client (Client.java:handleConnectionFailure(977)) - Retrying connect to server: localhost/127.0.0.1:12801. Already tried 13 time(s); retry policy is RetryUpToMaximumCountWithFixedSleep(maxRetries=15, sleepTime=1000 MILLISECONDS)
2021-07-15 16:37:29,177 [EndpointStateMachine task thread for /127.0.0.1:14069 - 0 ] INFO  ipc.Client (Client.java:handleConnectionFailure(977)) - Retrying connect to server: localhost/127.0.0.1:14069. Already tried 7 time(s); retry policy is RetryUpToMaximumCountWithFixedSleep(maxRetries=15, sleepTime=1000 MILLISECONDS)
2021-07-15 16:37:29,306 [EndpointStateMachine task thread for /127.0.0.1:14059 - 0 ] INFO  ipc.Client (Client.java:handleConnectionFailure(977)) - Retrying connect to server: localhost/127.0.0.1:14059. Already tried 5 time(s); retry policy is RetryUpToMaximumCountWithFixedSleep(maxRetries=15, sleepTime=1000 MILLISECONDS)
2021-07-15 16:37:29,345 [grpc-default-executor-4] WARN  server.GrpcLogAppender (LogUtils.java:warn(122)) - 7fea9b52-1b88-4603-b6bb-6748911f11bf@group-2FCE177C61F1->9009ae8a-6e34-4da8-a214-6d662c69877c-AppendLogResponseHandler: Failed appendEntries: org.apache.ratis.thirdparty.io.grpc.StatusRuntimeException: UNAVAILABLE: io exception
2021-07-15 16:37:29,345 [grpc-default-executor-4] WARN  server.GrpcLogAppender (GrpcLogAppender.java:resetClient(111)) - 7fea9b52-1b88-4603-b6bb-6748911f11bf@group-2FCE177C61F1->9009ae8a-6e34-4da8-a214-6d662c69877c-GrpcLogAppender: Leader has not got in touch with Follower 7fea9b52-1b88-4603-b6bb-6748911f11bf@group-2FCE177C61F1->9009ae8a-6e34-4da8-a214-6d662c69877c(c0,m0,n1, attendVote=true, lastRpcSendTime=1, lastRpcResponseTime=2503) yet, just keep nextIndex unchanged and retry.
2021-07-15 16:37:29,347 [grpc-default-executor-1] WARN  server.GrpcLogAppender (LogUtils.java:warn(122)) - 7fea9b52-1b88-4603-b6bb-6748911f11bf@group-2FCE177C61F1->7bb90881-70ee-4b59-9518-5a5d97bf3fe4-AppendLogResponseHandler: Failed appendEntries: org.apache.ratis.thirdparty.io.grpc.StatusRuntimeException: UNAVAILABLE: io exception
2021-07-15 16:37:29,347 [grpc-default-executor-1] WARN  server.GrpcLogAppender (GrpcLogAppender.java:resetClient(111)) - 7fea9b52-1b88-4603-b6bb-6748911f11bf@group-2FCE177C61F1->7bb90881-70ee-4b59-9518-5a5d97bf3fe4-GrpcLogAppender: Leader has not got in touch with Follower 7fea9b52-1b88-4603-b6bb-6748911f11bf@group-2FCE177C61F1->7bb90881-70ee-4b59-9518-5a5d97bf3fe4(c0,m0,n1, attendVote=true, lastRpcSendTime=0, lastRpcResponseTime=2501) yet, just keep nextIndex unchanged and retry.
2021-07-15 16:37:30,177 [EndpointStateMachine task thread for /127.0.0.1:12811 - 0 ] INFO  ipc.Client (Client.java:handleConnectionFailure(977)) - Retrying connect to server: localhost/127.0.0.1:12811. Already tried 10 time(s); retry policy is RetryUpToMaximumCountWithFixedSleep(maxRetries=15, sleepTime=1000 MILLISECONDS)
2021-07-15 16:37:30,177 [EndpointStateMachine task thread for /127.0.0.1:14049 - 0 ] INFO  ipc.Client (Client.java:handleConnectionFailure(977)) - Retrying connect to server: localhost/127.0.0.1:14049. Already tried 8 time(s); retry policy is RetryUpToMaximumCountWithFixedSleep(maxRetries=15, sleepTime=1000 MILLISECONDS)
2021-07-15 16:37:30,177 [EndpointStateMachine task thread for /127.0.0.1:12821 - 0 ] INFO  ipc.Client (Client.java:handleConnectionFailure(977)) - Retrying connect to server: localhost/127.0.0.1:12821. Already tried 10 time(s); retry policy is RetryUpToMaximumCountWithFixedSleep(maxRetries=15, sleepTime=1000 MILLISECONDS)
2021-07-15 16:37:30,178 [EndpointStateMachine task thread for /127.0.0.1:12801 - 0 ] INFO  ipc.Client (Client.java:handleConnectionFailure(977)) - Retrying connect to server: localhost/127.0.0.1:12801. Already tried 14 time(s); retry policy is RetryUpToMaximumCountWithFixedSleep(maxRetries=15, sleepTime=1000 MILLISECONDS)
2021-07-15 16:37:30,178 [EndpointStateMachine task thread for /127.0.0.1:14069 - 0 ] INFO  ipc.Client (Client.java:handleConnectionFailure(977)) - Retrying connect to server: localhost/127.0.0.1:14069. Already tried 8 time(s); retry policy is RetryUpToMaximumCountWithFixedSleep(maxRetries=15, sleepTime=1000 MILLISECONDS)
2021-07-15 16:37:30,307 [EndpointStateMachine task thread for /127.0.0.1:14059 - 0 ] INFO  ipc.Client (Client.java:handleConnectionFailure(977)) - Retrying connect to server: localhost/127.0.0.1:14059. Already tried 6 time(s); retry policy is RetryUpToMaximumCountWithFixedSleep(maxRetries=15, sleepTime=1000 MILLISECONDS)
2021-07-15 16:37:31,177 [EndpointStateMachine task thread for /127.0.0.1:14049 - 0 ] INFO  ipc.Client (Client.java:handleConnectionFailure(977)) - Retrying connect to server: localhost/127.0.0.1:14049. Already tried 9 time(s); retry policy is RetryUpToMaximumCountWithFixedSleep(maxRetries=15, sleepTime=1000 MILLISECONDS)
2021-07-15 16:37:31,177 [EndpointStateMachine task thread for /127.0.0.1:12811 - 0 ] INFO  ipc.Client (Client.java:handleConnectionFailure(977)) - Retrying connect to server: localhost/127.0.0.1:12811. Already tried 11 time(s); retry policy is RetryUpToMaximumCountWithFixedSleep(maxRetries=15, sleepTime=1000 MILLISECONDS)
2021-07-15 16:37:31,178 [EndpointStateMachine task thread for /127.0.0.1:12821 - 0 ] INFO  ipc.Client (Client.java:handleConnectionFailure(977)) - Retrying connect to server: localhost/127.0.0.1:12821. Already tried 11 time(s); retry policy is RetryUpToMaximumCountWithFixedSleep(maxRetries=15, sleepTime=1000 MILLISECONDS)
2021-07-15 16:37:31,180 [EndpointStateMachine task thread for /127.0.0.1:12801 - 0 ] INFO  ipc.Client (Client.java:handleConnectionFailure(977)) - Retrying connect to server: localhost/127.0.0.1:12801. Already tried 0 time(s); retry policy is RetryUpToMaximumCountWithFixedSleep(maxRetries=15, sleepTime=1000 MILLISECONDS)
2021-07-15 16:37:31,180 [EndpointStateMachine task thread for /127.0.0.1:14069 - 0 ] INFO  ipc.Client (Client.java:handleConnectionFailure(977)) - Retrying connect to server: localhost/127.0.0.1:14069. Already tried 9 time(s); retry policy is RetryUpToMaximumCountWithFixedSleep(maxRetries=15, sleepTime=1000 MILLISECONDS)
2021-07-15 16:37:31,307 [EndpointStateMachine task thread for /127.0.0.1:14059 - 0 ] INFO  ipc.Client (Client.java:handleConnectionFailure(977)) - Retrying connect to server: localhost/127.0.0.1:14059. Already tried 7 time(s); retry policy is RetryUpToMaximumCountWithFixedSleep(maxRetries=15, sleepTime=1000 MILLISECONDS)
2021-07-15 16:37:31,844 [grpc-default-executor-1] WARN  server.GrpcLogAppender (LogUtils.java:warn(122)) - 7fea9b52-1b88-4603-b6bb-6748911f11bf@group-2FCE177C61F1->9009ae8a-6e34-4da8-a214-6d662c69877c-AppendLogResponseHandler: Failed appendEntries: org.apache.ratis.thirdparty.io.grpc.StatusRuntimeException: UNAVAILABLE: io exception
2021-07-15 16:37:31,845 [grpc-default-executor-1] WARN  server.GrpcLogAppender (GrpcLogAppender.java:resetClient(111)) - 7fea9b52-1b88-4603-b6bb-6748911f11bf@group-2FCE177C61F1->9009ae8a-6e34-4da8-a214-6d662c69877c-GrpcLogAppender: Leader has not got in touch with Follower 7fea9b52-1b88-4603-b6bb-6748911f11bf@group-2FCE177C61F1->9009ae8a-6e34-4da8-a214-6d662c69877c(c0,m0,n1, attendVote=true, lastRpcSendTime=2501, lastRpcResponseTime=5002) yet, just keep nextIndex unchanged and retry.
2021-07-15 16:37:31,846 [grpc-default-executor-1] WARN  server.GrpcLogAppender (LogUtils.java:warn(122)) - 7fea9b52-1b88-4603-b6bb-6748911f11bf@group-2FCE177C61F1->7bb90881-70ee-4b59-9518-5a5d97bf3fe4-AppendLogResponseHandler: Failed appendEntries: org.apache.ratis.thirdparty.io.grpc.StatusRuntimeException: UNAVAILABLE: io exception
2021-07-15 16:37:31,847 [grpc-default-executor-1] WARN  server.GrpcLogAppender (GrpcLogAppender.java:resetClient(111)) - 7fea9b52-1b88-4603-b6bb-6748911f11bf@group-2FCE177C61F1->7bb90881-70ee-4b59-9518-5a5d97bf3fe4-GrpcLogAppender: Leader has not got in touch with Follower 7fea9b52-1b88-4603-b6bb-6748911f11bf@group-2FCE177C61F1->7bb90881-70ee-4b59-9518-5a5d97bf3fe4(c0,m0,n1, attendVote=true, lastRpcSendTime=0, lastRpcResponseTime=5001) yet, just keep nextIndex unchanged and retry.
2021-07-15 16:37:32,178 [EndpointStateMachine task thread for /127.0.0.1:14049 - 0 ] INFO  ipc.Client (Client.java:handleConnectionFailure(977)) - Retrying connect to server: localhost/127.0.0.1:14049. Already tried 10 time(s); retry policy is RetryUpToMaximumCountWithFixedSleep(maxRetries=15, sleepTime=1000 MILLISECONDS)
2021-07-15 16:37:32,178 [EndpointStateMachine task thread for /127.0.0.1:12821 - 0 ] INFO  ipc.Client (Client.java:handleConnectionFailure(977)) - Retrying connect to server: localhost/127.0.0.1:12821. Already tried 12 time(s); retry policy is RetryUpToMaximumCountWithFixedSleep(maxRetries=15, sleepTime=1000 MILLISECONDS)
2021-07-15 16:37:32,178 [EndpointStateMachine task thread for /127.0.0.1:12811 - 0 ] INFO  ipc.Client (Client.java:handleConnectionFailure(977)) - Retrying connect to server: localhost/127.0.0.1:12811. Already tried 12 time(s); retry policy is RetryUpToMaximumCountWithFixedSleep(maxRetries=15, sleepTime=1000 MILLISECONDS)
2021-07-15 16:37:32,180 [EndpointStateMachine task thread for /127.0.0.1:12801 - 0 ] INFO  ipc.Client (Client.java:handleConnectionFailure(977)) - Retrying connect to server: localhost/127.0.0.1:12801. Already tried 1 time(s); retry policy is RetryUpToMaximumCountWithFixedSleep(maxRetries=15, sleepTime=1000 MILLISECONDS)
2021-07-15 16:37:32,181 [EndpointStateMachine task thread for /127.0.0.1:14069 - 0 ] INFO  ipc.Client (Client.java:handleConnectionFailure(977)) - Retrying connect to server: localhost/127.0.0.1:14069. Already tried 10 time(s); retry policy is RetryUpToMaximumCountWithFixedSleep(maxRetries=15, sleepTime=1000 MILLISECONDS)
2021-07-15 16:37:32,239 [ForkJoinPool.commonPool-worker-0] INFO  ozoneimpl.OzoneContainer (OzoneContainer.java:stop(326)) - Attempting to stop container services.
2021-07-15 16:37:32,240 [ForkJoinPool.commonPool-worker-0] INFO  server.RaftServer (RaftServerProxy.java:lambda$close$6(391)) - 7fea9b52-1b88-4603-b6bb-6748911f11bf: close
2021-07-15 16:37:32,240 [ForkJoinPool.commonPool-worker-0] INFO  server.RaftServer$Division (RaftServerImpl.java:lambda$close$4(406)) - 7fea9b52-1b88-4603-b6bb-6748911f11bf@group-2FCE177C61F1: shutdown
2021-07-15 16:37:32,240 [ForkJoinPool.commonPool-worker-0] INFO  util.JmxRegister (JmxRegister.java:unregister(73)) - Successfully un-registered JMX Bean with object name Ratis:service=RaftServer,group=group-2FCE177C61F1,id=7fea9b52-1b88-4603-b6bb-6748911f11bf
2021-07-15 16:37:32,240 [ForkJoinPool.commonPool-worker-0] INFO  impl.RoleInfo (RoleInfo.java:shutdownLeaderState(91)) - 7fea9b52-1b88-4603-b6bb-6748911f11bf: shutdown 7fea9b52-1b88-4603-b6bb-6748911f11bf@group-2FCE177C61F1-LeaderStateImpl
2021-07-15 16:37:32,240 [ForkJoinPool.commonPool-worker-0] INFO  metrics.RatisMetrics (RatisMetrics.java:unregister(43)) - Unregistering Metrics Registry : ratis_grpc.log_appender.7fea9b52-1b88-4603-b6bb-6748911f11bf@group-2FCE177C61F1
2021-07-15 16:37:32,241 [ForkJoinPool.commonPool-worker-0] INFO  metrics.RatisMetrics (RatisMetrics.java:unregister(43)) - Unregistering Metrics Registry : ratis_grpc.log_appender.7fea9b52-1b88-4603-b6bb-6748911f11bf@group-2FCE177C61F1
2021-07-15 16:37:32,241 [ForkJoinPool.commonPool-worker-0] INFO  impl.PendingRequests (PendingRequests.java:sendNotLeaderResponses(249)) - 7fea9b52-1b88-4603-b6bb-6748911f11bf@group-2FCE177C61F1-PendingRequests: sendNotLeaderResponses
2021-07-15 16:37:32,241 [ForkJoinPool.commonPool-worker-0] INFO  metrics.RatisMetrics (RatisMetrics.java:unregister(43)) - Unregistering Metrics Registry : ratis.log_appender.7fea9b52-1b88-4603-b6bb-6748911f11bf@group-2FCE177C61F1
2021-07-15 16:37:32,241 [ForkJoinPool.commonPool-worker-0] INFO  metrics.RatisMetrics (RatisMetrics.java:unregister(43)) - Unregistering Metrics Registry : ratis.server.7fea9b52-1b88-4603-b6bb-6748911f11bf@group-2FCE177C61F1
2021-07-15 16:37:32,241 [ForkJoinPool.commonPool-worker-0] INFO  impl.StateMachineUpdater (StateMachineUpdater.java:stopAndJoin(149)) - 7fea9b52-1b88-4603-b6bb-6748911f11bf@group-2FCE177C61F1-StateMachineUpdater: set stopIndex = 0
2021-07-15 16:37:32,242 [7fea9b52-1b88-4603-b6bb-6748911f11bf@group-2FCE177C61F1-StateMachineUpdater] INFO  ratis.ContainerStateMachine (ContainerStateMachine.java:takeSnapshot(291)) - group-2FCE177C61F1: Taking a snapshot at:(t:2, i:0) file /home/runner/work/ozone/ozone/mnt/ozone/hadoop-ozone/integration-test/target/test-dir/MiniOzoneClusterImpl-8ef06965-d5c9-44f0-9cd1-4cafb8afe6ac/datanode-2/data/ratis/aa58249d-d224-43b5-bfe6-2fce177c61f1/sm/snapshot.2_0
2021-07-15 16:37:32,242 [7fea9b52-1b88-4603-b6bb-6748911f11bf@group-2FCE177C61F1-StateMachineUpdater] INFO  ratis.ContainerStateMachine (ContainerStateMachine.java:takeSnapshot(302)) - group-2FCE177C61F1: Finished taking a snapshot at:(t:2, i:0) file:/home/runner/work/ozone/ozone/mnt/ozone/hadoop-ozone/integration-test/target/test-dir/MiniOzoneClusterImpl-8ef06965-d5c9-44f0-9cd1-4cafb8afe6ac/datanode-2/data/ratis/aa58249d-d224-43b5-bfe6-2fce177c61f1/sm/snapshot.2_0 took: 1 ms
2021-07-15 16:37:32,243 [7fea9b52-1b88-4603-b6bb-6748911f11bf@group-2FCE177C61F1-StateMachineUpdater] INFO  impl.StateMachineUpdater (StateMachineUpdater.java:takeSnapshot(281)) - 7fea9b52-1b88-4603-b6bb-6748911f11bf@group-2FCE177C61F1-StateMachineUpdater: Took a snapshot at index 0
2021-07-15 16:37:32,243 [7fea9b52-1b88-4603-b6bb-6748911f11bf@group-2FCE177C61F1-StateMachineUpdater] INFO  impl.StateMachineUpdater (StateMachineUpdater.java:lambda$new$0(89)) - 7fea9b52-1b88-4603-b6bb-6748911f11bf@group-2FCE177C61F1-StateMachineUpdater: snapshotIndex: updateIncreasingly -1 -> 0
2021-07-15 16:37:32,243 [7fea9b52-1b88-4603-b6bb-6748911f11bf@group-2FCE177C61F1-StateMachineUpdater] INFO  metrics.RatisMetrics (RatisMetrics.java:unregister(43)) - Unregistering Metrics Registry : ratis.state_machine.7fea9b52-1b88-4603-b6bb-6748911f11bf@group-2FCE177C61F1
2021-07-15 16:37:32,243 [ForkJoinPool.commonPool-worker-0] INFO  server.RaftServer$Division (ServerState.java:close(405)) - 7fea9b52-1b88-4603-b6bb-6748911f11bf@group-2FCE177C61F1: closes. applyIndex: 0
2021-07-15 16:37:32,243 [7fea9b52-1b88-4603-b6bb-6748911f11bf@group-2FCE177C61F1-SegmentedRaftLogWorker] INFO  segmented.SegmentedRaftLogWorker (SegmentedRaftLogWorker.java:run(327)) - 7fea9b52-1b88-4603-b6bb-6748911f11bf@group-2FCE177C61F1-SegmentedRaftLogWorker was interrupted, exiting. There are 0 tasks remaining in the queue.
2021-07-15 16:37:32,244 [ForkJoinPool.commonPool-worker-0] INFO  segmented.SegmentedRaftLogWorker (SegmentedRaftLogWorker.java:close(237)) - 7fea9b52-1b88-4603-b6bb-6748911f11bf@group-2FCE177C61F1-SegmentedRaftLogWorker close()
2021-07-15 16:37:32,244 [ForkJoinPool.commonPool-worker-0] INFO  metrics.RatisMetrics (RatisMetrics.java:unregister(43)) - Unregistering Metrics Registry : ratis.log_worker.7fea9b52-1b88-4603-b6bb-6748911f11bf@group-2FCE177C61F1
2021-07-15 16:37:32,244 [ForkJoinPool.commonPool-worker-0] INFO  metrics.RatisMetrics (RatisMetrics.java:unregister(43)) - Unregistering Metrics Registry : ratis.leader_election.7fea9b52-1b88-4603-b6bb-6748911f11bf@group-2FCE177C61F1
2021-07-15 16:37:32,244 [ForkJoinPool.commonPool-worker-0] INFO  metrics.RatisMetrics (RatisMetrics.java:unregister(43)) - Unregistering Metrics Registry : ratis.server.7fea9b52-1b88-4603-b6bb-6748911f11bf@group-2FCE177C61F1
2021-07-15 16:37:32,244 [ForkJoinPool.commonPool-worker-0] INFO  server.RaftServer$Division (RaftServerImpl.java:lambda$close$4(406)) - 7fea9b52-1b88-4603-b6bb-6748911f11bf@group-324EC8E43CB0: shutdown
2021-07-15 16:37:32,244 [ForkJoinPool.commonPool-worker-0] INFO  util.JmxRegister (JmxRegister.java:unregister(73)) - Successfully un-registered JMX Bean with object name Ratis:service=RaftServer,group=group-324EC8E43CB0,id=7fea9b52-1b88-4603-b6bb-6748911f11bf
2021-07-15 16:37:32,244 [ForkJoinPool.commonPool-worker-0] INFO  impl.RoleInfo (RoleInfo.java:shutdownFollowerState(108)) - 7fea9b52-1b88-4603-b6bb-6748911f11bf: shutdown 7fea9b52-1b88-4603-b6bb-6748911f11bf@group-324EC8E43CB0-FollowerState
2021-07-15 16:37:32,244 [7fea9b52-1b88-4603-b6bb-6748911f11bf@group-324EC8E43CB0-FollowerState] INFO  impl.FollowerState (FollowerState.java:run(143)) - 7fea9b52-1b88-4603-b6bb-6748911f11bf@group-324EC8E43CB0-FollowerState was interrupted: {}
java.lang.InterruptedException: sleep interrupted
	at java.lang.Thread.sleep(Native Method)
	at java.lang.Thread.sleep(Thread.java:340)
	at java.util.concurrent.TimeUnit.sleep(TimeUnit.java:386)
	at org.apache.ratis.util.TimeDuration.sleep(TimeDuration.java:324)
	at org.apache.ratis.util.TimeDuration.sleep(TimeDuration.java:309)
	at org.apache.ratis.server.impl.FollowerState.run(FollowerState.java:118)
2021-07-15 16:37:32,245 [ForkJoinPool.commonPool-worker-0] INFO  impl.StateMachineUpdater (StateMachineUpdater.java:stopAndJoin(149)) - 7fea9b52-1b88-4603-b6bb-6748911f11bf@group-324EC8E43CB0-StateMachineUpdater: set stopIndex = 0
2021-07-15 16:37:32,245 [7fea9b52-1b88-4603-b6bb-6748911f11bf@group-324EC8E43CB0-StateMachineUpdater] INFO  ratis.ContainerStateMachine (ContainerStateMachine.java:takeSnapshot(291)) - group-324EC8E43CB0: Taking a snapshot at:(t:3, i:0) file /home/runner/work/ozone/ozone/mnt/ozone/hadoop-ozone/integration-test/target/test-dir/MiniOzoneClusterImpl-8ef06965-d5c9-44f0-9cd1-4cafb8afe6ac/datanode-2/data/ratis/fe2f9ccf-ac21-4967-b1a7-324ec8e43cb0/sm/snapshot.3_0
2021-07-15 16:37:32,246 [7fea9b52-1b88-4603-b6bb-6748911f11bf@group-324EC8E43CB0-StateMachineUpdater] INFO  ratis.ContainerStateMachine (ContainerStateMachine.java:takeSnapshot(302)) - group-324EC8E43CB0: Finished taking a snapshot at:(t:3, i:0) file:/home/runner/work/ozone/ozone/mnt/ozone/hadoop-ozone/integration-test/target/test-dir/MiniOzoneClusterImpl-8ef06965-d5c9-44f0-9cd1-4cafb8afe6ac/datanode-2/data/ratis/fe2f9ccf-ac21-4967-b1a7-324ec8e43cb0/sm/snapshot.3_0 took: 1 ms
2021-07-15 16:37:32,246 [7fea9b52-1b88-4603-b6bb-6748911f11bf@group-324EC8E43CB0-StateMachineUpdater] INFO  impl.StateMachineUpdater (StateMachineUpdater.java:takeSnapshot(281)) - 7fea9b52-1b88-4603-b6bb-6748911f11bf@group-324EC8E43CB0-StateMachineUpdater: Took a snapshot at index 0
2021-07-15 16:37:32,246 [7fea9b52-1b88-4603-b6bb-6748911f11bf@group-324EC8E43CB0-StateMachineUpdater] INFO  impl.StateMachineUpdater (StateMachineUpdater.java:lambda$new$0(89)) - 7fea9b52-1b88-4603-b6bb-6748911f11bf@group-324EC8E43CB0-StateMachineUpdater: snapshotIndex: updateIncreasingly -1 -> 0
2021-07-15 16:37:32,246 [7fea9b52-1b88-4603-b6bb-6748911f11bf@group-324EC8E43CB0-StateMachineUpdater] INFO  metrics.RatisMetrics (RatisMetrics.java:unregister(43)) - Unregistering Metrics Registry : ratis.state_machine.7fea9b52-1b88-4603-b6bb-6748911f11bf@group-324EC8E43CB0
2021-07-15 16:37:32,246 [ForkJoinPool.commonPool-worker-0] INFO  server.RaftServer$Division (ServerState.java:close(405)) - 7fea9b52-1b88-4603-b6bb-6748911f11bf@group-324EC8E43CB0: closes. applyIndex: 0
2021-07-15 16:37:32,247 [7fea9b52-1b88-4603-b6bb-6748911f11bf@group-324EC8E43CB0-SegmentedRaftLogWorker] INFO  segmented.SegmentedRaftLogWorker (SegmentedRaftLogWorker.java:run(327)) - 7fea9b52-1b88-4603-b6bb-6748911f11bf@group-324EC8E43CB0-SegmentedRaftLogWorker was interrupted, exiting. There are 0 tasks remaining in the queue.
2021-07-15 16:37:32,247 [ForkJoinPool.commonPool-worker-0] INFO  segmented.SegmentedRaftLogWorker (SegmentedRaftLogWorker.java:close(237)) - 7fea9b52-1b88-4603-b6bb-6748911f11bf@group-324EC8E43CB0-SegmentedRaftLogWorker close()
2021-07-15 16:37:32,247 [ForkJoinPool.commonPool-worker-0] INFO  metrics.RatisMetrics (RatisMetrics.java:unregister(43)) - Unregistering Metrics Registry : ratis.log_worker.7fea9b52-1b88-4603-b6bb-6748911f11bf@group-324EC8E43CB0
2021-07-15 16:37:32,247 [ForkJoinPool.commonPool-worker-0] INFO  metrics.RatisMetrics (RatisMetrics.java:unregister(43)) - Unregistering Metrics Registry : ratis.leader_election.7fea9b52-1b88-4603-b6bb-6748911f11bf@group-324EC8E43CB0
2021-07-15 16:37:32,247 [ForkJoinPool.commonPool-worker-0] INFO  metrics.RatisMetrics (RatisMetrics.java:unregister(43)) - Unregistering Metrics Registry : ratis.server.7fea9b52-1b88-4603-b6bb-6748911f11bf@group-324EC8E43CB0
2021-07-15 16:37:32,247 [ForkJoinPool.commonPool-worker-0] INFO  server.RaftServer$Division (RaftServerImpl.java:lambda$close$4(406)) - 7fea9b52-1b88-4603-b6bb-6748911f11bf@group-82BB49B31C0B: shutdown
2021-07-15 16:37:32,247 [ForkJoinPool.commonPool-worker-0] INFO  util.JmxRegister (JmxRegister.java:unregister(73)) - Successfully un-registered JMX Bean with object name Ratis:service=RaftServer,group=group-82BB49B31C0B,id=7fea9b52-1b88-4603-b6bb-6748911f11bf
2021-07-15 16:37:32,247 [ForkJoinPool.commonPool-worker-0] INFO  impl.RoleInfo (RoleInfo.java:shutdownLeaderState(91)) - 7fea9b52-1b88-4603-b6bb-6748911f11bf: shutdown 7fea9b52-1b88-4603-b6bb-6748911f11bf@group-82BB49B31C0B-LeaderStateImpl
2021-07-15 16:37:32,247 [ForkJoinPool.commonPool-worker-0] INFO  impl.PendingRequests (PendingRequests.java:sendNotLeaderResponses(249)) - 7fea9b52-1b88-4603-b6bb-6748911f11bf@group-82BB49B31C0B-PendingRequests: sendNotLeaderResponses
2021-07-15 16:37:32,248 [ForkJoinPool.commonPool-worker-0] INFO  metrics.RatisMetrics (RatisMetrics.java:unregister(43)) - Unregistering Metrics Registry : ratis.log_appender.7fea9b52-1b88-4603-b6bb-6748911f11bf@group-82BB49B31C0B
2021-07-15 16:37:32,248 [ForkJoinPool.commonPool-worker-0] INFO  metrics.RatisMetrics (RatisMetrics.java:unregister(43)) - Unregistering Metrics Registry : ratis.server.7fea9b52-1b88-4603-b6bb-6748911f11bf@group-82BB49B31C0B
2021-07-15 16:37:32,248 [ForkJoinPool.commonPool-worker-0] INFO  impl.StateMachineUpdater (StateMachineUpdater.java:stopAndJoin(149)) - 7fea9b52-1b88-4603-b6bb-6748911f11bf@group-82BB49B31C0B-StateMachineUpdater: set stopIndex = 0
2021-07-15 16:37:32,248 [7fea9b52-1b88-4603-b6bb-6748911f11bf@group-82BB49B31C0B-StateMachineUpdater] INFO  ratis.ContainerStateMachine (ContainerStateMachine.java:takeSnapshot(291)) - group-82BB49B31C0B: Taking a snapshot at:(t:1, i:0) file /home/runner/work/ozone/ozone/mnt/ozone/hadoop-ozone/integration-test/target/test-dir/MiniOzoneClusterImpl-8ef06965-d5c9-44f0-9cd1-4cafb8afe6ac/datanode-2/data/ratis/cc2bd70a-581f-4adc-87fe-82bb49b31c0b/sm/snapshot.1_0
2021-07-15 16:37:32,249 [7fea9b52-1b88-4603-b6bb-6748911f11bf@group-82BB49B31C0B-StateMachineUpdater] INFO  ratis.ContainerStateMachine (ContainerStateMachine.java:takeSnapshot(302)) - group-82BB49B31C0B: Finished taking a snapshot at:(t:1, i:0) file:/home/runner/work/ozone/ozone/mnt/ozone/hadoop-ozone/integration-test/target/test-dir/MiniOzoneClusterImpl-8ef06965-d5c9-44f0-9cd1-4cafb8afe6ac/datanode-2/data/ratis/cc2bd70a-581f-4adc-87fe-82bb49b31c0b/sm/snapshot.1_0 took: 1 ms
2021-07-15 16:37:32,249 [7fea9b52-1b88-4603-b6bb-6748911f11bf@group-82BB49B31C0B-StateMachineUpdater] INFO  impl.StateMachineUpdater (StateMachineUpdater.java:takeSnapshot(281)) - 7fea9b52-1b88-4603-b6bb-6748911f11bf@group-82BB49B31C0B-StateMachineUpdater: Took a snapshot at index 0
2021-07-15 16:37:32,249 [7fea9b52-1b88-4603-b6bb-6748911f11bf@group-82BB49B31C0B-StateMachineUpdater] INFO  impl.StateMachineUpdater (StateMachineUpdater.java:lambda$new$0(89)) - 7fea9b52-1b88-4603-b6bb-6748911f11bf@group-82BB49B31C0B-StateMachineUpdater: snapshotIndex: updateIncreasingly -1 -> 0
2021-07-15 16:37:32,249 [7fea9b52-1b88-4603-b6bb-6748911f11bf@group-82BB49B31C0B-StateMachineUpdater] INFO  metrics.RatisMetrics (RatisMetrics.java:unregister(43)) - Unregistering Metrics Registry : ratis.state_machine.7fea9b52-1b88-4603-b6bb-6748911f11bf@group-82BB49B31C0B
2021-07-15 16:37:32,249 [ForkJoinPool.commonPool-worker-0] INFO  server.RaftServer$Division (ServerState.java:close(405)) - 7fea9b52-1b88-4603-b6bb-6748911f11bf@group-82BB49B31C0B: closes. applyIndex: 0
2021-07-15 16:37:32,249 [7fea9b52-1b88-4603-b6bb-6748911f11bf@group-82BB49B31C0B-SegmentedRaftLogWorker] INFO  segmented.SegmentedRaftLogWorker (SegmentedRaftLogWorker.java:run(327)) - 7fea9b52-1b88-4603-b6bb-6748911f11bf@group-82BB49B31C0B-SegmentedRaftLogWorker was interrupted, exiting. There are 0 tasks remaining in the queue.
2021-07-15 16:37:32,250 [ForkJoinPool.commonPool-worker-0] INFO  segmented.SegmentedRaftLogWorker (SegmentedRaftLogWorker.java:close(237)) - 7fea9b52-1b88-4603-b6bb-6748911f11bf@group-82BB49B31C0B-SegmentedRaftLogWorker close()
2021-07-15 16:37:32,250 [ForkJoinPool.commonPool-worker-0] INFO  metrics.RatisMetrics (RatisMetrics.java:unregister(43)) - Unregistering Metrics Registry : ratis.log_worker.7fea9b52-1b88-4603-b6bb-6748911f11bf@group-82BB49B31C0B
2021-07-15 16:37:32,250 [ForkJoinPool.commonPool-worker-0] INFO  metrics.RatisMetrics (RatisMetrics.java:unregister(43)) - Unregistering Metrics Registry : ratis.leader_election.7fea9b52-1b88-4603-b6bb-6748911f11bf@group-82BB49B31C0B
2021-07-15 16:37:32,250 [ForkJoinPool.commonPool-worker-0] INFO  metrics.RatisMetrics (RatisMetrics.java:unregister(43)) - Unregistering Metrics Registry : ratis.server.7fea9b52-1b88-4603-b6bb-6748911f11bf@group-82BB49B31C0B
2021-07-15 16:37:32,250 [ForkJoinPool.commonPool-worker-0] INFO  server.GrpcService (GrpcService.java:closeImpl(262)) - 7fea9b52-1b88-4603-b6bb-6748911f11bf: shutdown server with port 43849 now
2021-07-15 16:37:32,251 [ForkJoinPool.commonPool-worker-0] INFO  server.GrpcService (GrpcService.java:closeImpl(271)) - 7fea9b52-1b88-4603-b6bb-6748911f11bf: shutdown server with port 43849 successfully
2021-07-15 16:37:32,251 [org.apache.ratis.util.JvmPauseMonitor$$Lambda$496/1286580650@7fab4758] INFO  util.JvmPauseMonitor (JvmPauseMonitor.java:run(109)) - JvmPauseMonitor-7fea9b52-1b88-4603-b6bb-6748911f11bf: Stopped
2021-07-15 16:37:32,254 [ForkJoinPool.commonPool-worker-0] INFO  utils.BackgroundService (BackgroundService.java:shutdown(132)) - Shutting down service BlockDeletingService
2021-07-15 16:37:32,255 [ForkJoinPool.commonPool-worker-0] INFO  statemachine.DatanodeStateMachine (DatanodeStateMachine.java:stopDaemon(514)) - Ozone container server stopped.
2021-07-15 16:37:32,256 [ForkJoinPool.commonPool-worker-0] INFO  handler.ContextHandler (ContextHandler.java:doStop(1154)) - Stopped o.e.j.w.WebAppContext@7dbafe9d{hddsDatanode,/,null,STOPPED}{jar:file:/home/runner/.m2/repository/org/apache/ozone/hdds-container-service/1.2.0-SNAPSHOT/hdds-container-service-1.2.0-SNAPSHOT.jar!/webapps/hddsDatanode}
2021-07-15 16:37:32,256 [ForkJoinPool.commonPool-worker-0] INFO  server.AbstractConnector (AbstractConnector.java:doStop(381)) - Stopped ServerConnector@65eb3095{HTTP/1.1, (http/1.1)}{0.0.0.0:0}
2021-07-15 16:37:32,256 [ForkJoinPool.commonPool-worker-0] INFO  server.session (HouseKeeper.java:stopScavenging(149)) - node0 Stopped scavenging
2021-07-15 16:37:32,257 [ForkJoinPool.commonPool-worker-0] INFO  handler.ContextHandler (ContextHandler.java:doStop(1154)) - Stopped o.e.j.s.ServletContextHandler@4bb27275{static,/static,jar:file:/home/runner/.m2/repository/org/apache/ozone/hdds-container-service/1.2.0-SNAPSHOT/hdds-container-service-1.2.0-SNAPSHOT.jar!/webapps/static,STOPPED}
2021-07-15 16:37:32,257 [ForkJoinPool.commonPool-worker-0] INFO  handler.ContextHandler (ContextHandler.java:doStop(1154)) - Stopped o.e.j.s.ServletContextHandler@3534fbe8{logs,/logs,file:///home/runner/work/ozone/ozone/mnt/ozone/hadoop-ozone/integration-test/target/log,STOPPED}
]]></system-out>
  </testcase>
  <testcase name="testInstallCorruptedCheckpointFailure" classname="org.apache.hadoop.ozone.scm.TestSCMInstallSnapshotWithHA" time="52.645"/>
</testsuite>