<?xml version="1.0" encoding="UTF-8"?>
<testsuite xmlns:xsi="http://www.w3.org/2001/XMLSchema-instance" xsi:noNamespaceSchemaLocation="https://maven.apache.org/surefire/maven-surefire-plugin/xsd/surefire-test-report.xsd" name="org.apache.hadoop.hdds.scm.pipeline.TestPipelineClose" time="139.472" tests="4" errors="0" skipped="0" failures="1">
  <properties>
    <property name="awt.toolkit" value="sun.awt.X11.XToolkit"/>
    <property name="file.encoding.pkg" value="sun.io"/>
    <property name="java.specification.version" value="1.8"/>
    <property name="sun.cpu.isalist" value=""/>
    <property name="sun.jnu.encoding" value="UTF-8"/>
    <property name="java.class.path" value="/home/runner/work/ozone/ozone/hadoop-ozone/integration-test/target/test-classes:/home/runner/work/ozone/ozone/hadoop-ozone/integration-test/target/classes:/home/runner/.m2/repository/org/apache/ozone/ozone-common/1.2.0-SNAPSHOT/ozone-common-1.2.0-SNAPSHOT.jar:/home/runner/.m2/repository/org/apache/commons/commons-compress/1.20/commons-compress-1.20.jar:/home/runner/.m2/repository/org/apache/ozone/hdds-common/1.2.0-SNAPSHOT/hdds-common-1.2.0-SNAPSHOT.jar:/home/runner/.m2/repository/org/apache/ozone/hdds-client/1.2.0-SNAPSHOT/hdds-client-1.2.0-SNAPSHOT.jar:/home/runner/.m2/repository/org/apache/ozone/ozone-interface-client/1.2.0-SNAPSHOT/ozone-interface-client-1.2.0-SNAPSHOT.jar:/home/runner/.m2/repository/org/apache/ozone/hdds-server-framework/1.2.0-SNAPSHOT/hdds-server-framework-1.2.0-SNAPSHOT.jar:/home/runner/.m2/repository/org/apache/ozone/hdds-interface-server/1.2.0-SNAPSHOT/hdds-interface-server-1.2.0-SNAPSHOT.jar:/home/runner/.m2/repository/org/eclipse/jetty/jetty-servlet/9.4.43.v20210629/jetty-servlet-9.4.43.v20210629.jar:/home/runner/.m2/repository/org/eclipse/jetty/jetty-security/9.4.43.v20210629/jetty-security-9.4.43.v20210629.jar:/home/runner/.m2/repository/org/rocksdb/rocksdbjni/6.20.3/rocksdbjni-6.20.3.jar:/home/runner/.m2/repository/io/prometheus/simpleclient_dropwizard/0.7.0/simpleclient_dropwizard-0.7.0.jar:/home/runner/.m2/repository/io/prometheus/simpleclient/0.7.0/simpleclient-0.7.0.jar:/home/runner/.m2/repository/io/prometheus/simpleclient_common/0.7.0/simpleclient_common-0.7.0.jar:/home/runner/.m2/repository/com/fasterxml/jackson/datatype/jackson-datatype-jsr310/2.12.1/jackson-datatype-jsr310-2.12.1.jar:/home/runner/.m2/repository/org/apache/ozone/hdds-test-utils/1.2.0-SNAPSHOT/hdds-test-utils-1.2.0-SNAPSHOT.jar:/home/runner/.m2/repository/com/google/guava/guava/30.1.1-jre/guava-30.1.1-jre.jar:/home/runner/.m2/repository/com/google/guava/failureaccess/1.0.1/failureaccess-1.0.1.jar:/home/runner/.m2/repository/com/google/guava/listenablefuture/9999.0-empty-to-avoid-conflict-with-guava/listenablefuture-9999.0-empty-to-avoid-conflict-with-guava.jar:/home/runner/.m2/repository/com/google/code/findbugs/jsr305/3.0.0/jsr305-3.0.0.jar:/home/runner/.m2/repository/org/checkerframework/checker-qual/3.8.0/checker-qual-3.8.0.jar:/home/runner/.m2/repository/com/google/errorprone/error_prone_annotations/2.2.0/error_prone_annotations-2.2.0.jar:/home/runner/.m2/repository/com/google/j2objc/j2objc-annotations/1.3/j2objc-annotations-1.3.jar:/home/runner/.m2/repository/commons-io/commons-io/2.8.0/commons-io-2.8.0.jar:/home/runner/.m2/repository/commons-logging/commons-logging/1.2/commons-logging-1.2.jar:/home/runner/.m2/repository/log4j/log4j/1.2.17/log4j-1.2.17.jar:/home/runner/.m2/repository/org/slf4j/slf4j-api/1.7.30/slf4j-api-1.7.30.jar:/home/runner/.m2/repository/org/apache/ozone/hdds-server-scm/1.2.0-SNAPSHOT/hdds-server-scm-1.2.0-SNAPSHOT.jar:/home/runner/.m2/repository/org/apache/ozone/hdds-container-service/1.2.0-SNAPSHOT/hdds-container-service-1.2.0-SNAPSHOT.jar:/home/runner/.m2/repository/org/apache/ozone/hdds-hadoop-dependency-server/1.2.0-SNAPSHOT/hdds-hadoop-dependency-server-1.2.0-SNAPSHOT.jar:/home/runner/.m2/repository/org/apache/hadoop/hadoop-hdfs/3.3.1/hadoop-hdfs-3.3.1.jar:/home/runner/.m2/repository/io/dropwizard/metrics/metrics-core/3.2.4/metrics-core-3.2.4.jar:/home/runner/.m2/repository/org/apache/hadoop/hadoop-hdfs-client/3.3.1/hadoop-hdfs-client-3.3.1.jar:/home/runner/.m2/repository/org/bouncycastle/bcprov-jdk15on/1.67/bcprov-jdk15on-1.67.jar:/home/runner/.m2/repository/com/google/protobuf/protobuf-java/2.5.0/protobuf-java-2.5.0.jar:/home/runner/.m2/repository/org/apache/ozone/ozone-manager/1.2.0-SNAPSHOT/ozone-manager-1.2.0-SNAPSHOT.jar:/home/runner/.m2/repository/org/aspectj/aspectjrt/1.8.9/aspectjrt-1.8.9.jar:/home/runner/.m2/repository/org/aspectj/aspectjweaver/1.8.9/aspectjweaver-1.8.9.jar:/home/runner/.m2/repository/org/apache/ozone/hdds-interface-client/1.2.0-SNAPSHOT/hdds-interface-client-1.2.0-SNAPSHOT.jar:/home/runner/.m2/repository/org/apache/hadoop/thirdparty/hadoop-shaded-protobuf_3_7/1.1.1/hadoop-shaded-protobuf_3_7-1.1.1.jar:/home/runner/.m2/repository/org/apache/ratis/ratis-thirdparty-misc/0.7.0/ratis-thirdparty-misc-0.7.0.jar:/home/runner/.m2/repository/org/apache/ozone/ozone-interface-storage/1.2.0-SNAPSHOT/ozone-interface-storage-1.2.0-SNAPSHOT.jar:/home/runner/.m2/repository/org/reflections/reflections/0.9.11/reflections-0.9.11.jar:/home/runner/.m2/repository/org/apache/hadoop/hadoop-minikdc/3.3.1/hadoop-minikdc-3.3.1.jar:/home/runner/.m2/repository/org/apache/kerby/kerb-simplekdc/1.0.1/kerb-simplekdc-1.0.1.jar:/home/runner/.m2/repository/org/apache/kerby/kerb-client/1.0.1/kerb-client-1.0.1.jar:/home/runner/.m2/repository/org/apache/kerby/kerby-config/1.0.1/kerby-config-1.0.1.jar:/home/runner/.m2/repository/org/apache/kerby/kerb-common/1.0.1/kerb-common-1.0.1.jar:/home/runner/.m2/repository/org/apache/kerby/kerb-crypto/1.0.1/kerb-crypto-1.0.1.jar:/home/runner/.m2/repository/org/apache/kerby/kerb-util/1.0.1/kerb-util-1.0.1.jar:/home/runner/.m2/repository/org/apache/kerby/token-provider/1.0.1/token-provider-1.0.1.jar:/home/runner/.m2/repository/org/apache/kerby/kerb-admin/1.0.1/kerb-admin-1.0.1.jar:/home/runner/.m2/repository/org/apache/kerby/kerb-server/1.0.1/kerb-server-1.0.1.jar:/home/runner/.m2/repository/org/apache/kerby/kerb-identity/1.0.1/kerb-identity-1.0.1.jar:/home/runner/.m2/repository/org/apache/kerby/kerby-xdr/1.0.1/kerby-xdr-1.0.1.jar:/home/runner/.m2/repository/org/slf4j/slf4j-log4j12/1.7.30/slf4j-log4j12-1.7.30.jar:/home/runner/.m2/repository/org/apache/ozone/ozone-s3gateway/1.2.0-SNAPSHOT/ozone-s3gateway-1.2.0-SNAPSHOT.jar:/home/runner/.m2/repository/org/javassist/javassist/3.21.0-GA/javassist-3.21.0-GA.jar:/home/runner/.m2/repository/org/jboss/weld/servlet/weld-servlet/2.4.7.Final/weld-servlet-2.4.7.Final.jar:/home/runner/.m2/repository/org/glassfish/jersey/containers/jersey-container-servlet-core/2.33/jersey-container-servlet-core-2.33.jar:/home/runner/.m2/repository/org/glassfish/hk2/external/jakarta.inject/2.6.1/jakarta.inject-2.6.1.jar:/home/runner/.m2/repository/org/glassfish/jersey/core/jersey-common/2.33/jersey-common-2.33.jar:/home/runner/.m2/repository/jakarta/ws/rs/jakarta.ws.rs-api/2.1.6/jakarta.ws.rs-api-2.1.6.jar:/home/runner/.m2/repository/org/glassfish/jersey/ext/cdi/jersey-cdi1x/2.33/jersey-cdi1x-2.33.jar:/home/runner/.m2/repository/org/glassfish/jersey/inject/jersey-hk2/2.33/jersey-hk2-2.33.jar:/home/runner/.m2/repository/org/glassfish/hk2/hk2-locator/2.6.1/hk2-locator-2.6.1.jar:/home/runner/.m2/repository/org/glassfish/jersey/media/jersey-media-jaxb/2.33/jersey-media-jaxb-2.33.jar:/home/runner/.m2/repository/org/glassfish/hk2/osgi-resource-locator/1.0.3/osgi-resource-locator-1.0.3.jar:/home/runner/.m2/repository/org/glassfish/hk2/hk2-api/2.5.0/hk2-api-2.5.0.jar:/home/runner/.m2/repository/org/glassfish/hk2/hk2-utils/2.5.0/hk2-utils-2.5.0.jar:/home/runner/.m2/repository/org/glassfish/hk2/external/aopalliance-repackaged/2.5.0/aopalliance-repackaged-2.5.0.jar:/home/runner/.m2/repository/com/fasterxml/jackson/dataformat/jackson-dataformat-xml/2.12.1/jackson-dataformat-xml-2.12.1.jar:/home/runner/.m2/repository/com/fasterxml/jackson/core/jackson-core/2.12.1/jackson-core-2.12.1.jar:/home/runner/.m2/repository/com/fasterxml/jackson/module/jackson-module-jaxb-annotations/2.12.1/jackson-module-jaxb-annotations-2.12.1.jar:/home/runner/.m2/repository/jakarta/xml/bind/jakarta.xml.bind-api/2.3.2/jakarta.xml.bind-api-2.3.2.jar:/home/runner/.m2/repository/org/codehaus/woodstox/stax2-api/3.1.4/stax2-api-3.1.4.jar:/home/runner/.m2/repository/com/fasterxml/woodstox/woodstox-core/5.0.3/woodstox-core-5.0.3.jar:/home/runner/.m2/repository/javax/enterprise/cdi-api/1.2/cdi-api-1.2.jar:/home/runner/.m2/repository/javax/el/javax.el-api/3.0.0/javax.el-api-3.0.0.jar:/home/runner/.m2/repository/javax/interceptor/javax.interceptor-api/1.2/javax.interceptor-api-1.2.jar:/home/runner/.m2/repository/javax/inject/javax.inject/1/javax.inject-1.jar:/home/runner/.m2/repository/javax/xml/bind/jaxb-api/2.3.0/jaxb-api-2.3.0.jar:/home/runner/.m2/repository/org/glassfish/jaxb/jaxb-runtime/2.3.0.1/jaxb-runtime-2.3.0.1.jar:/home/runner/.m2/repository/org/glassfish/jaxb/jaxb-core/2.3.0.1/jaxb-core-2.3.0.1.jar:/home/runner/.m2/repository/org/glassfish/jaxb/txw2/2.3.0.1/txw2-2.3.0.1.jar:/home/runner/.m2/repository/com/sun/istack/istack-commons-runtime/3.0.5/istack-commons-runtime-3.0.5.jar:/home/runner/.m2/repository/org/jvnet/staxex/stax-ex/1.7.8/stax-ex-1.7.8.jar:/home/runner/.m2/repository/com/sun/xml/fastinfoset/FastInfoset/1.2.13/FastInfoset-1.2.13.jar:/home/runner/.m2/repository/javax/activation/activation/1.1.1/activation-1.1.1.jar:/home/runner/.m2/repository/org/apache/ozone/ozone-csi/1.2.0-SNAPSHOT/ozone-csi-1.2.0-SNAPSHOT.jar:/home/runner/.m2/repository/com/google/protobuf/protobuf-java-util/3.12.0/protobuf-java-util-3.12.0.jar:/home/runner/.m2/repository/com/google/code/gson/gson/2.2.4/gson-2.2.4.jar:/home/runner/.m2/repository/org/apache/ozone/hdds-config/1.2.0-SNAPSHOT/hdds-config-1.2.0-SNAPSHOT.jar:/home/runner/.m2/repository/io/grpc/grpc-netty/1.33.0/grpc-netty-1.33.0.jar:/home/runner/.m2/repository/io/grpc/grpc-core/1.33.0/grpc-core-1.33.0.jar:/home/runner/.m2/repository/com/google/android/annotations/4.1.1.4/annotations-4.1.1.4.jar:/home/runner/.m2/repository/io/netty/netty-codec-http2/4.1.63.Final/netty-codec-http2-4.1.63.Final.jar:/home/runner/.m2/repository/io/netty/netty-codec-http/4.1.63.Final/netty-codec-http-4.1.63.Final.jar:/home/runner/.m2/repository/io/netty/netty-handler-proxy/4.1.63.Final/netty-handler-proxy-4.1.63.Final.jar:/home/runner/.m2/repository/io/netty/netty-codec-socks/4.1.63.Final/netty-codec-socks-4.1.63.Final.jar:/home/runner/.m2/repository/io/perfmark/perfmark-api/0.19.0/perfmark-api-0.19.0.jar:/home/runner/.m2/repository/org/codehaus/mojo/animal-sniffer-annotations/1.18/animal-sniffer-annotations-1.18.jar:/home/runner/.m2/repository/io/netty/netty-transport-native-epoll/4.1.63.Final/netty-transport-native-epoll-4.1.63.Final.jar:/home/runner/.m2/repository/io/netty/netty-common/4.1.63.Final/netty-common-4.1.63.Final.jar:/home/runner/.m2/repository/io/netty/netty-buffer/4.1.63.Final/netty-buffer-4.1.63.Final.jar:/home/runner/.m2/repository/io/netty/netty-transport-native-unix-common/4.1.63.Final/netty-transport-native-unix-common-4.1.63.Final.jar:/home/runner/.m2/repository/io/grpc/grpc-protobuf/1.33.0/grpc-protobuf-1.33.0.jar:/home/runner/.m2/repository/io/grpc/grpc-api/1.33.0/grpc-api-1.33.0.jar:/home/runner/.m2/repository/io/grpc/grpc-context/1.33.0/grpc-context-1.33.0.jar:/home/runner/.m2/repository/com/google/api/grpc/proto-google-common-protos/1.17.0/proto-google-common-protos-1.17.0.jar:/home/runner/.m2/repository/io/grpc/grpc-protobuf-lite/1.33.0/grpc-protobuf-lite-1.33.0.jar:/home/runner/.m2/repository/io/grpc/grpc-stub/1.33.0/grpc-stub-1.33.0.jar:/home/runner/.m2/repository/org/apache/ozone/ozone-recon/1.2.0-SNAPSHOT/ozone-recon-1.2.0-SNAPSHOT.jar:/home/runner/.m2/repository/org/apache/ozone/ozone-reconcodegen/1.2.0-SNAPSHOT/ozone-reconcodegen-1.2.0-SNAPSHOT.jar:/home/runner/.m2/repository/com/google/inject/extensions/guice-multibindings/4.0/guice-multibindings-4.0.jar:/home/runner/.m2/repository/com/google/inject/guice/4.0/guice-4.0.jar:/home/runner/.m2/repository/aopalliance/aopalliance/1.0/aopalliance-1.0.jar:/home/runner/.m2/repository/com/google/inject/extensions/guice-assistedinject/4.0/guice-assistedinject-4.0.jar:/home/runner/.m2/repository/com/google/inject/extensions/guice-servlet/4.0/guice-servlet-4.0.jar:/home/runner/.m2/repository/org/glassfish/jersey/containers/jersey-container-servlet/2.33/jersey-container-servlet-2.33.jar:/home/runner/.m2/repository/org/glassfish/hk2/guice-bridge/2.5.0/guice-bridge-2.5.0.jar:/home/runner/.m2/repository/org/glassfish/jersey/core/jersey-server/2.33/jersey-server-2.33.jar:/home/runner/.m2/repository/org/glassfish/jersey/core/jersey-client/2.33/jersey-client-2.33.jar:/home/runner/.m2/repository/jakarta/annotation/jakarta.annotation-api/1.3.5/jakarta.annotation-api-1.3.5.jar:/home/runner/.m2/repository/jakarta/validation/jakarta.validation-api/2.0.2/jakarta.validation-api-2.0.2.jar:/home/runner/.m2/repository/org/glassfish/jersey/media/jersey-media-json-jackson/2.33/jersey-media-json-jackson-2.33.jar:/home/runner/.m2/repository/org/glassfish/jersey/ext/jersey-entity-filtering/2.33/jersey-entity-filtering-2.33.jar:/home/runner/.m2/repository/org/jooq/jooq/3.11.10/jooq-3.11.10.jar:/home/runner/.m2/repository/org/jooq/jooq-meta/3.11.10/jooq-meta-3.11.10.jar:/home/runner/.m2/repository/org/jooq/jooq-codegen/3.11.10/jooq-codegen-3.11.10.jar:/home/runner/.m2/repository/com/jolbox/bonecp/0.8.0.RELEASE/bonecp-0.8.0.RELEASE.jar:/home/runner/.m2/repository/org/apache/derby/derby/10.14.2.0/derby-10.14.2.0.jar:/home/runner/.m2/repository/org/xerial/sqlite-jdbc/3.25.2/sqlite-jdbc-3.25.2.jar:/home/runner/.m2/repository/org/springframework/spring-jdbc/5.2.11.RELEASE/spring-jdbc-5.2.11.RELEASE.jar:/home/runner/.m2/repository/org/springframework/spring-beans/5.2.11.RELEASE/spring-beans-5.2.11.RELEASE.jar:/home/runner/.m2/repository/org/springframework/spring-core/5.2.11.RELEASE/spring-core-5.2.11.RELEASE.jar:/home/runner/.m2/repository/org/springframework/spring-jcl/5.2.11.RELEASE/spring-jcl-5.2.11.RELEASE.jar:/home/runner/.m2/repository/org/springframework/spring-tx/5.2.11.RELEASE/spring-tx-5.2.11.RELEASE.jar:/home/runner/.m2/repository/org/apache/ozone/ozone-client/1.2.0-SNAPSHOT/ozone-client-1.2.0-SNAPSHOT.jar:/home/runner/.m2/repository/org/apache/ozone/ozone-filesystem/1.2.0-SNAPSHOT/ozone-filesystem-1.2.0-SNAPSHOT.jar:/home/runner/.m2/repository/org/apache/ozone/ozone-filesystem-common/1.2.0-SNAPSHOT/ozone-filesystem-common-1.2.0-SNAPSHOT.jar:/home/runner/.m2/repository/org/apache/ozone/ozone-tools/1.2.0-SNAPSHOT/ozone-tools-1.2.0-SNAPSHOT.jar:/home/runner/.m2/repository/org/apache/ratis/ratis-tools/2.1.0-03f3b68-SNAPSHOT/ratis-tools-2.1.0-03f3b68-SNAPSHOT.jar:/home/runner/.m2/repository/org/apache/ratis/ratis-proto/2.1.0-03f3b68-SNAPSHOT/ratis-proto-2.1.0-03f3b68-SNAPSHOT.jar:/home/runner/.m2/repository/org/apache/ratis/ratis-common/2.1.0-03f3b68-SNAPSHOT/ratis-common-2.1.0-03f3b68-SNAPSHOT.jar:/home/runner/.m2/repository/com/amazonaws/aws-java-sdk-core/1.11.901/aws-java-sdk-core-1.11.901.jar:/home/runner/.m2/repository/org/apache/httpcomponents/httpclient/4.5.13/httpclient-4.5.13.jar:/home/runner/.m2/repository/org/apache/httpcomponents/httpcore/4.4.13/httpcore-4.4.13.jar:/home/runner/.m2/repository/software/amazon/ion/ion-java/1.0.2/ion-java-1.0.2.jar:/home/runner/.m2/repository/com/fasterxml/jackson/dataformat/jackson-dataformat-cbor/2.12.1/jackson-dataformat-cbor-2.12.1.jar:/home/runner/.m2/repository/joda-time/joda-time/2.8.1/joda-time-2.8.1.jar:/home/runner/.m2/repository/com/amazonaws/aws-java-sdk-s3/1.11.901/aws-java-sdk-s3-1.11.901.jar:/home/runner/.m2/repository/com/amazonaws/aws-java-sdk-kms/1.11.901/aws-java-sdk-kms-1.11.901.jar:/home/runner/.m2/repository/com/amazonaws/jmespath-java/1.11.901/jmespath-java-1.11.901.jar:/home/runner/.m2/repository/org/kohsuke/metainf-services/metainf-services/1.8/metainf-services-1.8.jar:/home/runner/.m2/repository/org/apache/ozone/hdds-tools/1.2.0-SNAPSHOT/hdds-tools-1.2.0-SNAPSHOT.jar:/home/runner/.m2/repository/commons-cli/commons-cli/1.2/commons-cli-1.2.jar:/home/runner/.m2/repository/org/apache/commons/commons-lang3/3.7/commons-lang3-3.7.jar:/home/runner/.m2/repository/org/apache/ozone/ozone-manager/1.2.0-SNAPSHOT/ozone-manager-1.2.0-SNAPSHOT-tests.jar:/home/runner/.m2/repository/org/apache/ozone/hdds-common/1.2.0-SNAPSHOT/hdds-common-1.2.0-SNAPSHOT-tests.jar:/home/runner/.m2/repository/org/apache/ozone/hdds-hadoop-dependency-client/1.2.0-SNAPSHOT/hdds-hadoop-dependency-client-1.2.0-SNAPSHOT.jar:/home/runner/.m2/repository/info/picocli/picocli/4.4.0/picocli-4.4.0.jar:/home/runner/.m2/repository/com/fasterxml/jackson/core/jackson-annotations/2.12.1/jackson-annotations-2.12.1.jar:/home/runner/.m2/repository/javax/annotation/javax.annotation-api/1.2/javax.annotation-api-1.2.jar:/home/runner/.m2/repository/org/apache/ratis/ratis-server/2.1.0-03f3b68-SNAPSHOT/ratis-server-2.1.0-03f3b68-SNAPSHOT.jar:/home/runner/.m2/repository/org/apache/ratis/ratis-client/2.1.0-03f3b68-SNAPSHOT/ratis-client-2.1.0-03f3b68-SNAPSHOT.jar:/home/runner/.m2/repository/org/apache/ratis/ratis-server-api/2.1.0-03f3b68-SNAPSHOT/ratis-server-api-2.1.0-03f3b68-SNAPSHOT.jar:/home/runner/.m2/repository/org/apache/ratis/ratis-metrics/2.1.0-03f3b68-SNAPSHOT/ratis-metrics-2.1.0-03f3b68-SNAPSHOT.jar:/home/runner/.m2/repository/org/apache/ratis/ratis-netty/2.1.0-03f3b68-SNAPSHOT/ratis-netty-2.1.0-03f3b68-SNAPSHOT.jar:/home/runner/.m2/repository/org/apache/ratis/ratis-grpc/2.1.0-03f3b68-SNAPSHOT/ratis-grpc-2.1.0-03f3b68-SNAPSHOT.jar:/home/runner/.m2/repository/org/apache/logging/log4j/log4j-api/2.13.3/log4j-api-2.13.3.jar:/home/runner/.m2/repository/org/apache/logging/log4j/log4j-core/2.13.3/log4j-core-2.13.3.jar:/home/runner/.m2/repository/com/lmax/disruptor/3.4.2/disruptor-3.4.2.jar:/home/runner/.m2/repository/org/apache/commons/commons-pool2/2.6.0/commons-pool2-2.6.0.jar:/home/runner/.m2/repository/org/bouncycastle/bcpkix-jdk15on/1.67/bcpkix-jdk15on-1.67.jar:/home/runner/.m2/repository/commons-validator/commons-validator/1.6/commons-validator-1.6.jar:/home/runner/.m2/repository/commons-beanutils/commons-beanutils/1.9.4/commons-beanutils-1.9.4.jar:/home/runner/.m2/repository/commons-digester/commons-digester/1.8.1/commons-digester-1.8.1.jar:/home/runner/.m2/repository/commons-collections/commons-collections/3.2.2/commons-collections-3.2.2.jar:/home/runner/.m2/repository/io/jaegertracing/jaeger-client/1.6.0/jaeger-client-1.6.0.jar:/home/runner/.m2/repository/io/jaegertracing/jaeger-thrift/1.6.0/jaeger-thrift-1.6.0.jar:/home/runner/.m2/repository/org/apache/thrift/libthrift/0.14.1/libthrift-0.14.1.jar:/home/runner/.m2/repository/com/squareup/okhttp3/okhttp/4.9.0/okhttp-4.9.0.jar:/home/runner/.m2/repository/com/squareup/okio/okio/2.8.0/okio-2.8.0.jar:/home/runner/.m2/repository/io/jaegertracing/jaeger-core/1.6.0/jaeger-core-1.6.0.jar:/home/runner/.m2/repository/io/jaegertracing/jaeger-tracerresolver/1.6.0/jaeger-tracerresolver-1.6.0.jar:/home/runner/.m2/repository/io/opentracing/contrib/opentracing-tracerresolver/0.1.8/opentracing-tracerresolver-0.1.8.jar:/home/runner/.m2/repository/org/jetbrains/kotlin/kotlin-stdlib/1.4.31/kotlin-stdlib-1.4.31.jar:/home/runner/.m2/repository/org/jetbrains/kotlin/kotlin-stdlib-common/1.4.31/kotlin-stdlib-common-1.4.31.jar:/home/runner/.m2/repository/org/jetbrains/annotations/13.0/annotations-13.0.jar:/home/runner/.m2/repository/io/opentracing/opentracing-util/0.33.0/opentracing-util-0.33.0.jar:/home/runner/.m2/repository/io/opentracing/opentracing-api/0.33.0/opentracing-api-0.33.0.jar:/home/runner/.m2/repository/io/opentracing/opentracing-noop/0.33.0/opentracing-noop-0.33.0.jar:/home/runner/.m2/repository/org/yaml/snakeyaml/1.26/snakeyaml-1.26.jar:/home/runner/.m2/repository/org/apache/ozone/hdds-interface-admin/1.2.0-SNAPSHOT/hdds-interface-admin-1.2.0-SNAPSHOT.jar:/home/runner/.m2/repository/junit/junit/4.13.1/junit-4.13.1.jar:/home/runner/.m2/repository/org/hamcrest/hamcrest-core/1.3/hamcrest-core-1.3.jar:/home/runner/.m2/repository/org/junit/jupiter/junit-jupiter-api/5.7.0/junit-jupiter-api-5.7.0.jar:/home/runner/.m2/repository/org/apiguardian/apiguardian-api/1.1.0/apiguardian-api-1.1.0.jar:/home/runner/.m2/repository/org/opentest4j/opentest4j/1.2.0/opentest4j-1.2.0.jar:/home/runner/.m2/repository/org/junit/platform/junit-platform-commons/1.7.0/junit-platform-commons-1.7.0.jar:/home/runner/.m2/repository/org/junit/jupiter/junit-jupiter-engine/5.7.0/junit-jupiter-engine-5.7.0.jar:/home/runner/.m2/repository/org/junit/platform/junit-platform-engine/1.7.0/junit-platform-engine-1.7.0.jar:/home/runner/.m2/repository/org/junit/vintage/junit-vintage-engine/5.7.0/junit-vintage-engine-5.7.0.jar:/home/runner/.m2/repository/org/junit/platform/junit-platform-launcher/1.7.0/junit-platform-launcher-1.7.0.jar:/home/runner/.m2/repository/org/openjdk/jmh/jmh-core/1.19/jmh-core-1.19.jar:/home/runner/.m2/repository/net/sf/jopt-simple/jopt-simple/4.6/jopt-simple-4.6.jar:/home/runner/.m2/repository/org/apache/commons/commons-math3/3.1.1/commons-math3-3.1.1.jar:/home/runner/.m2/repository/org/openjdk/jmh/jmh-generator-annprocess/1.19/jmh-generator-annprocess-1.19.jar:/home/runner/.m2/repository/org/mockito/mockito-core/2.28.2/mockito-core-2.28.2.jar:/home/runner/.m2/repository/net/bytebuddy/byte-buddy/1.9.10/byte-buddy-1.9.10.jar:/home/runner/.m2/repository/net/bytebuddy/byte-buddy-agent/1.9.10/byte-buddy-agent-1.9.10.jar:/home/runner/.m2/repository/org/objenesis/objenesis/1.0/objenesis-1.0.jar:/home/runner/.m2/repository/org/apache/hadoop/hadoop-kms/3.3.1/hadoop-kms-3.3.1.jar:/home/runner/.m2/repository/org/apache/hadoop/hadoop-auth/3.3.1/hadoop-auth-3.3.1.jar:/home/runner/.m2/repository/com/nimbusds/nimbus-jose-jwt/7.9/nimbus-jose-jwt-7.9.jar:/home/runner/.m2/repository/com/github/stephenc/jcip/jcip-annotations/1.0-1/jcip-annotations-1.0-1.jar:/home/runner/.m2/repository/net/minidev/json-smart/2.3/json-smart-2.3.jar:/home/runner/.m2/repository/net/minidev/accessors-smart/1.2/accessors-smart-1.2.jar:/home/runner/.m2/repository/org/ow2/asm/asm/5.0.4/asm-5.0.4.jar:/home/runner/.m2/repository/org/apache/zookeeper/zookeeper/3.5.6/zookeeper-3.5.6.jar:/home/runner/.m2/repository/org/apache/zookeeper/zookeeper-jute/3.5.6/zookeeper-jute-3.5.6.jar:/home/runner/.m2/repository/org/apache/yetus/audience-annotations/0.5.0/audience-annotations-0.5.0.jar:/home/runner/.m2/repository/org/apache/curator/curator-framework/4.2.0/curator-framework-4.2.0.jar:/home/runner/.m2/repository/org/apache/hadoop/thirdparty/hadoop-shaded-guava/1.1.1/hadoop-shaded-guava-1.1.1.jar:/home/runner/.m2/repository/com/sun/jersey/jersey-core/1.19/jersey-core-1.19.jar:/home/runner/.m2/repository/javax/ws/rs/jsr311-api/1.1.1/jsr311-api-1.1.1.jar:/home/runner/.m2/repository/com/sun/jersey/jersey-server/1.19/jersey-server-1.19.jar:/home/runner/.m2/repository/javax/servlet/javax.servlet-api/3.1.0/javax.servlet-api-3.1.0.jar:/home/runner/.m2/repository/org/eclipse/jetty/jetty-server/9.4.43.v20210629/jetty-server-9.4.43.v20210629.jar:/home/runner/.m2/repository/org/eclipse/jetty/jetty-http/9.4.43.v20210629/jetty-http-9.4.43.v20210629.jar:/home/runner/.m2/repository/org/eclipse/jetty/jetty-io/9.4.43.v20210629/jetty-io-9.4.43.v20210629.jar:/home/runner/.m2/repository/org/eclipse/jetty/jetty-webapp/9.4.43.v20210629/jetty-webapp-9.4.43.v20210629.jar:/home/runner/.m2/repository/org/eclipse/jetty/jetty-xml/9.4.43.v20210629/jetty-xml-9.4.43.v20210629.jar:/home/runner/.m2/repository/org/apache/hadoop/hadoop-common/3.3.1/hadoop-common-3.3.1.jar:/home/runner/.m2/repository/commons-net/commons-net/3.6/commons-net-3.6.jar:/home/runner/.m2/repository/jakarta/activation/jakarta.activation-api/1.2.1/jakarta.activation-api-1.2.1.jar:/home/runner/.m2/repository/com/sun/jersey/jersey-servlet/1.19/jersey-servlet-1.19.jar:/home/runner/.m2/repository/com/sun/jersey/jersey-json/1.19/jersey-json-1.19.jar:/home/runner/.m2/repository/org/codehaus/jettison/jettison/1.1/jettison-1.1.jar:/home/runner/.m2/repository/com/sun/xml/bind/jaxb-impl/2.2.3-1/jaxb-impl-2.2.3-1.jar:/home/runner/.m2/repository/org/codehaus/jackson/jackson-jaxrs/1.9.2/jackson-jaxrs-1.9.2.jar:/home/runner/.m2/repository/org/codehaus/jackson/jackson-xc/1.9.2/jackson-xc-1.9.2.jar:/home/runner/.m2/repository/org/apache/commons/commons-configuration2/2.1.1/commons-configuration2-2.1.1.jar:/home/runner/.m2/repository/org/apache/commons/commons-text/1.4/commons-text-1.4.jar:/home/runner/.m2/repository/com/google/re2j/re2j/1.1/re2j-1.1.jar:/home/runner/.m2/repository/com/jcraft/jsch/0.1.54/jsch-0.1.54.jar:/home/runner/.m2/repository/org/apache/curator/curator-client/4.2.0/curator-client-4.2.0.jar:/home/runner/.m2/repository/org/apache/curator/curator-recipes/4.2.0/curator-recipes-4.2.0.jar:/home/runner/.m2/repository/org/apache/kerby/kerb-core/1.0.1/kerb-core-1.0.1.jar:/home/runner/.m2/repository/org/apache/kerby/kerby-pkix/1.0.1/kerby-pkix-1.0.1.jar:/home/runner/.m2/repository/org/apache/kerby/kerby-asn1/1.0.1/kerby-asn1-1.0.1.jar:/home/runner/.m2/repository/org/apache/kerby/kerby-util/1.0.1/kerby-util-1.0.1.jar:/home/runner/.m2/repository/dnsjava/dnsjava/2.1.7/dnsjava-2.1.7.jar:/home/runner/.m2/repository/org/xerial/snappy/snappy-java/1.1.8.2/snappy-java-1.1.8.2.jar:/home/runner/.m2/repository/org/slf4j/jul-to-slf4j/1.7.30/jul-to-slf4j-1.7.30.jar:/home/runner/.m2/repository/org/eclipse/jetty/jetty-util/9.4.43.v20210629/jetty-util-9.4.43.v20210629.jar:/home/runner/.m2/repository/com/fasterxml/jackson/core/jackson-databind/2.12.1/jackson-databind-2.12.1.jar:/home/runner/.m2/repository/org/apache/hadoop/hadoop-kms/3.3.1/hadoop-kms-3.3.1-tests.jar:/home/runner/.m2/repository/org/apache/ozone/hdds-server-scm/1.2.0-SNAPSHOT/hdds-server-scm-1.2.0-SNAPSHOT-tests.jar:/home/runner/.m2/repository/org/apache/ozone/hdds-container-service/1.2.0-SNAPSHOT/hdds-container-service-1.2.0-SNAPSHOT-tests.jar:/home/runner/.m2/repository/commons-codec/commons-codec/1.11/commons-codec-1.11.jar:/home/runner/.m2/repository/io/netty/netty-transport/4.1.63.Final/netty-transport-4.1.63.Final.jar:/home/runner/.m2/repository/io/netty/netty-resolver/4.1.63.Final/netty-resolver-4.1.63.Final.jar:/home/runner/.m2/repository/io/netty/netty-codec/4.1.63.Final/netty-codec-4.1.63.Final.jar:/home/runner/.m2/repository/io/netty/netty-handler/4.1.63.Final/netty-handler-4.1.63.Final.jar:/home/runner/.m2/repository/org/apache/ozone/hdds-hadoop-dependency-test/1.2.0-SNAPSHOT/hdds-hadoop-dependency-test-1.2.0-SNAPSHOT.jar:/home/runner/.m2/repository/org/apache/hadoop/hadoop-common/3.3.1/hadoop-common-3.3.1-tests.jar:/home/runner/.m2/repository/org/assertj/assertj-core/3.12.2/assertj-core-3.12.2.jar:/home/runner/.m2/repository/org/apache/hadoop/hadoop-hdfs/3.3.1/hadoop-hdfs-3.3.1-tests.jar:/home/runner/.m2/repository/org/eclipse/jetty/jetty-util-ajax/9.4.43.v20210629/jetty-util-ajax-9.4.43.v20210629.jar:/home/runner/.m2/repository/commons-daemon/commons-daemon/1.0.13/commons-daemon-1.0.13.jar:/home/runner/.m2/repository/io/netty/netty/3.10.6.Final/netty-3.10.6.Final.jar:/home/runner/.m2/repository/io/netty/netty-all/4.1.63.Final/netty-all-4.1.63.Final.jar:/home/runner/.m2/repository/org/apache/htrace/htrace-core4/4.1.0-incubating/htrace-core4-4.1.0-incubating.jar:/home/runner/.m2/repository/org/fusesource/leveldbjni/leveldbjni-all/1.8/leveldbjni-all-1.8.jar:/home/runner/.m2/repository/org/apache/hadoop/hadoop-distcp/3.3.1/hadoop-distcp-3.3.1.jar:/home/runner/.m2/repository/org/apache/hadoop/hadoop-mapreduce-client-jobclient/3.3.1/hadoop-mapreduce-client-jobclient-3.3.1.jar:/home/runner/.m2/repository/org/apache/hadoop/hadoop-mapreduce-client-common/3.3.1/hadoop-mapreduce-client-common-3.3.1.jar:/home/runner/.m2/repository/org/apache/hadoop/hadoop-yarn-common/3.3.1/hadoop-yarn-common-3.3.1.jar:/home/runner/.m2/repository/org/apache/hadoop/hadoop-yarn-api/3.3.1/hadoop-yarn-api-3.3.1.jar:/home/runner/.m2/repository/com/sun/jersey/jersey-client/1.19/jersey-client-1.19.jar:/home/runner/.m2/repository/com/sun/jersey/contribs/jersey-guice/1.19/jersey-guice-1.19.jar:/home/runner/.m2/repository/com/fasterxml/jackson/jaxrs/jackson-jaxrs-json-provider/2.12.1/jackson-jaxrs-json-provider-2.12.1.jar:/home/runner/.m2/repository/com/fasterxml/jackson/jaxrs/jackson-jaxrs-base/2.12.1/jackson-jaxrs-base-2.12.1.jar:/home/runner/.m2/repository/org/apache/hadoop/hadoop-yarn-client/3.3.1/hadoop-yarn-client-3.3.1.jar:/home/runner/.m2/repository/org/eclipse/jetty/websocket/websocket-client/9.4.40.v20210413/websocket-client-9.4.40.v20210413.jar:/home/runner/.m2/repository/org/eclipse/jetty/jetty-client/9.4.40.v20210413/jetty-client-9.4.40.v20210413.jar:/home/runner/.m2/repository/org/eclipse/jetty/websocket/websocket-common/9.4.40.v20210413/websocket-common-9.4.40.v20210413.jar:/home/runner/.m2/repository/org/eclipse/jetty/websocket/websocket-api/9.4.40.v20210413/websocket-api-9.4.40.v20210413.jar:/home/runner/.m2/repository/org/jline/jline/3.9.0/jline-3.9.0.jar:/home/runner/.m2/repository/org/apache/hadoop/hadoop-mapreduce-client-core/3.3.1/hadoop-mapreduce-client-core-3.3.1.jar:/home/runner/.m2/repository/org/apache/avro/avro/1.7.7/avro-1.7.7.jar:/home/runner/.m2/repository/org/codehaus/jackson/jackson-core-asl/1.9.13/jackson-core-asl-1.9.13.jar:/home/runner/.m2/repository/org/codehaus/jackson/jackson-mapper-asl/1.9.13/jackson-mapper-asl-1.9.13.jar:/home/runner/.m2/repository/com/thoughtworks/paranamer/paranamer/2.3/paranamer-2.3.jar:/home/runner/.m2/repository/org/apache/hadoop/hadoop-annotations/3.3.1/hadoop-annotations-3.3.1.jar:/usr/lib/jvm/adoptopenjdk-8-hotspot-amd64/jre/../lib/tools.jar:/home/runner/.m2/repository/org/apache/hadoop/hadoop-distcp/3.3.1/hadoop-distcp-3.3.1-tests.jar:"/>
    <property name="java.vm.vendor" value="AdoptOpenJDK"/>
    <property name="sun.arch.data.model" value="64"/>
    <property name="test.build.dir" value="/home/runner/work/ozone/ozone/hadoop-ozone/integration-test/target/test-dir"/>
    <property name="test.cache.data" value=""/>
    <property name="java.vendor.url" value="https://adoptopenjdk.net/"/>
    <property name="user.timezone" value=""/>
    <property name="java.vm.specification.version" value="1.8"/>
    <property name="os.name" value="Linux"/>
    <property name="test.build.data" value="/home/runner/work/ozone/ozone/hadoop-ozone/integration-test/target/test-dir"/>
    <property name="sun.java.launcher" value="SUN_STANDARD"/>
    <property name="sun.boot.library.path" value="/usr/lib/jvm/adoptopenjdk-8-hotspot-amd64/jre/lib/amd64"/>
    <property name="sun.java.command" value="/home/runner/work/ozone/ozone/hadoop-ozone/integration-test/target/surefire/surefirebooter2006826540360785687.jar /home/runner/work/ozone/ozone/hadoop-ozone/integration-test/target/surefire 2021-08-14T12-49-31_492-jvmRun1 surefire2990297544370424625tmp surefire_148849595946948574507tmp"/>
    <property name="surefire.test.class.path" value="/home/runner/work/ozone/ozone/hadoop-ozone/integration-test/target/test-classes:/home/runner/work/ozone/ozone/hadoop-ozone/integration-test/target/classes:/home/runner/.m2/repository/org/apache/ozone/ozone-common/1.2.0-SNAPSHOT/ozone-common-1.2.0-SNAPSHOT.jar:/home/runner/.m2/repository/org/apache/commons/commons-compress/1.20/commons-compress-1.20.jar:/home/runner/.m2/repository/org/apache/ozone/hdds-common/1.2.0-SNAPSHOT/hdds-common-1.2.0-SNAPSHOT.jar:/home/runner/.m2/repository/org/apache/ozone/hdds-client/1.2.0-SNAPSHOT/hdds-client-1.2.0-SNAPSHOT.jar:/home/runner/.m2/repository/org/apache/ozone/ozone-interface-client/1.2.0-SNAPSHOT/ozone-interface-client-1.2.0-SNAPSHOT.jar:/home/runner/.m2/repository/org/apache/ozone/hdds-server-framework/1.2.0-SNAPSHOT/hdds-server-framework-1.2.0-SNAPSHOT.jar:/home/runner/.m2/repository/org/apache/ozone/hdds-interface-server/1.2.0-SNAPSHOT/hdds-interface-server-1.2.0-SNAPSHOT.jar:/home/runner/.m2/repository/org/eclipse/jetty/jetty-servlet/9.4.43.v20210629/jetty-servlet-9.4.43.v20210629.jar:/home/runner/.m2/repository/org/eclipse/jetty/jetty-security/9.4.43.v20210629/jetty-security-9.4.43.v20210629.jar:/home/runner/.m2/repository/org/rocksdb/rocksdbjni/6.20.3/rocksdbjni-6.20.3.jar:/home/runner/.m2/repository/io/prometheus/simpleclient_dropwizard/0.7.0/simpleclient_dropwizard-0.7.0.jar:/home/runner/.m2/repository/io/prometheus/simpleclient/0.7.0/simpleclient-0.7.0.jar:/home/runner/.m2/repository/io/prometheus/simpleclient_common/0.7.0/simpleclient_common-0.7.0.jar:/home/runner/.m2/repository/com/fasterxml/jackson/datatype/jackson-datatype-jsr310/2.12.1/jackson-datatype-jsr310-2.12.1.jar:/home/runner/.m2/repository/org/apache/ozone/hdds-test-utils/1.2.0-SNAPSHOT/hdds-test-utils-1.2.0-SNAPSHOT.jar:/home/runner/.m2/repository/com/google/guava/guava/30.1.1-jre/guava-30.1.1-jre.jar:/home/runner/.m2/repository/com/google/guava/failureaccess/1.0.1/failureaccess-1.0.1.jar:/home/runner/.m2/repository/com/google/guava/listenablefuture/9999.0-empty-to-avoid-conflict-with-guava/listenablefuture-9999.0-empty-to-avoid-conflict-with-guava.jar:/home/runner/.m2/repository/com/google/code/findbugs/jsr305/3.0.0/jsr305-3.0.0.jar:/home/runner/.m2/repository/org/checkerframework/checker-qual/3.8.0/checker-qual-3.8.0.jar:/home/runner/.m2/repository/com/google/errorprone/error_prone_annotations/2.2.0/error_prone_annotations-2.2.0.jar:/home/runner/.m2/repository/com/google/j2objc/j2objc-annotations/1.3/j2objc-annotations-1.3.jar:/home/runner/.m2/repository/commons-io/commons-io/2.8.0/commons-io-2.8.0.jar:/home/runner/.m2/repository/commons-logging/commons-logging/1.2/commons-logging-1.2.jar:/home/runner/.m2/repository/log4j/log4j/1.2.17/log4j-1.2.17.jar:/home/runner/.m2/repository/org/slf4j/slf4j-api/1.7.30/slf4j-api-1.7.30.jar:/home/runner/.m2/repository/org/apache/ozone/hdds-server-scm/1.2.0-SNAPSHOT/hdds-server-scm-1.2.0-SNAPSHOT.jar:/home/runner/.m2/repository/org/apache/ozone/hdds-container-service/1.2.0-SNAPSHOT/hdds-container-service-1.2.0-SNAPSHOT.jar:/home/runner/.m2/repository/org/apache/ozone/hdds-hadoop-dependency-server/1.2.0-SNAPSHOT/hdds-hadoop-dependency-server-1.2.0-SNAPSHOT.jar:/home/runner/.m2/repository/org/apache/hadoop/hadoop-hdfs/3.3.1/hadoop-hdfs-3.3.1.jar:/home/runner/.m2/repository/io/dropwizard/metrics/metrics-core/3.2.4/metrics-core-3.2.4.jar:/home/runner/.m2/repository/org/apache/hadoop/hadoop-hdfs-client/3.3.1/hadoop-hdfs-client-3.3.1.jar:/home/runner/.m2/repository/org/bouncycastle/bcprov-jdk15on/1.67/bcprov-jdk15on-1.67.jar:/home/runner/.m2/repository/com/google/protobuf/protobuf-java/2.5.0/protobuf-java-2.5.0.jar:/home/runner/.m2/repository/org/apache/ozone/ozone-manager/1.2.0-SNAPSHOT/ozone-manager-1.2.0-SNAPSHOT.jar:/home/runner/.m2/repository/org/aspectj/aspectjrt/1.8.9/aspectjrt-1.8.9.jar:/home/runner/.m2/repository/org/aspectj/aspectjweaver/1.8.9/aspectjweaver-1.8.9.jar:/home/runner/.m2/repository/org/apache/ozone/hdds-interface-client/1.2.0-SNAPSHOT/hdds-interface-client-1.2.0-SNAPSHOT.jar:/home/runner/.m2/repository/org/apache/hadoop/thirdparty/hadoop-shaded-protobuf_3_7/1.1.1/hadoop-shaded-protobuf_3_7-1.1.1.jar:/home/runner/.m2/repository/org/apache/ratis/ratis-thirdparty-misc/0.7.0/ratis-thirdparty-misc-0.7.0.jar:/home/runner/.m2/repository/org/apache/ozone/ozone-interface-storage/1.2.0-SNAPSHOT/ozone-interface-storage-1.2.0-SNAPSHOT.jar:/home/runner/.m2/repository/org/reflections/reflections/0.9.11/reflections-0.9.11.jar:/home/runner/.m2/repository/org/apache/hadoop/hadoop-minikdc/3.3.1/hadoop-minikdc-3.3.1.jar:/home/runner/.m2/repository/org/apache/kerby/kerb-simplekdc/1.0.1/kerb-simplekdc-1.0.1.jar:/home/runner/.m2/repository/org/apache/kerby/kerb-client/1.0.1/kerb-client-1.0.1.jar:/home/runner/.m2/repository/org/apache/kerby/kerby-config/1.0.1/kerby-config-1.0.1.jar:/home/runner/.m2/repository/org/apache/kerby/kerb-common/1.0.1/kerb-common-1.0.1.jar:/home/runner/.m2/repository/org/apache/kerby/kerb-crypto/1.0.1/kerb-crypto-1.0.1.jar:/home/runner/.m2/repository/org/apache/kerby/kerb-util/1.0.1/kerb-util-1.0.1.jar:/home/runner/.m2/repository/org/apache/kerby/token-provider/1.0.1/token-provider-1.0.1.jar:/home/runner/.m2/repository/org/apache/kerby/kerb-admin/1.0.1/kerb-admin-1.0.1.jar:/home/runner/.m2/repository/org/apache/kerby/kerb-server/1.0.1/kerb-server-1.0.1.jar:/home/runner/.m2/repository/org/apache/kerby/kerb-identity/1.0.1/kerb-identity-1.0.1.jar:/home/runner/.m2/repository/org/apache/kerby/kerby-xdr/1.0.1/kerby-xdr-1.0.1.jar:/home/runner/.m2/repository/org/slf4j/slf4j-log4j12/1.7.30/slf4j-log4j12-1.7.30.jar:/home/runner/.m2/repository/org/apache/ozone/ozone-s3gateway/1.2.0-SNAPSHOT/ozone-s3gateway-1.2.0-SNAPSHOT.jar:/home/runner/.m2/repository/org/javassist/javassist/3.21.0-GA/javassist-3.21.0-GA.jar:/home/runner/.m2/repository/org/jboss/weld/servlet/weld-servlet/2.4.7.Final/weld-servlet-2.4.7.Final.jar:/home/runner/.m2/repository/org/glassfish/jersey/containers/jersey-container-servlet-core/2.33/jersey-container-servlet-core-2.33.jar:/home/runner/.m2/repository/org/glassfish/hk2/external/jakarta.inject/2.6.1/jakarta.inject-2.6.1.jar:/home/runner/.m2/repository/org/glassfish/jersey/core/jersey-common/2.33/jersey-common-2.33.jar:/home/runner/.m2/repository/jakarta/ws/rs/jakarta.ws.rs-api/2.1.6/jakarta.ws.rs-api-2.1.6.jar:/home/runner/.m2/repository/org/glassfish/jersey/ext/cdi/jersey-cdi1x/2.33/jersey-cdi1x-2.33.jar:/home/runner/.m2/repository/org/glassfish/jersey/inject/jersey-hk2/2.33/jersey-hk2-2.33.jar:/home/runner/.m2/repository/org/glassfish/hk2/hk2-locator/2.6.1/hk2-locator-2.6.1.jar:/home/runner/.m2/repository/org/glassfish/jersey/media/jersey-media-jaxb/2.33/jersey-media-jaxb-2.33.jar:/home/runner/.m2/repository/org/glassfish/hk2/osgi-resource-locator/1.0.3/osgi-resource-locator-1.0.3.jar:/home/runner/.m2/repository/org/glassfish/hk2/hk2-api/2.5.0/hk2-api-2.5.0.jar:/home/runner/.m2/repository/org/glassfish/hk2/hk2-utils/2.5.0/hk2-utils-2.5.0.jar:/home/runner/.m2/repository/org/glassfish/hk2/external/aopalliance-repackaged/2.5.0/aopalliance-repackaged-2.5.0.jar:/home/runner/.m2/repository/com/fasterxml/jackson/dataformat/jackson-dataformat-xml/2.12.1/jackson-dataformat-xml-2.12.1.jar:/home/runner/.m2/repository/com/fasterxml/jackson/core/jackson-core/2.12.1/jackson-core-2.12.1.jar:/home/runner/.m2/repository/com/fasterxml/jackson/module/jackson-module-jaxb-annotations/2.12.1/jackson-module-jaxb-annotations-2.12.1.jar:/home/runner/.m2/repository/jakarta/xml/bind/jakarta.xml.bind-api/2.3.2/jakarta.xml.bind-api-2.3.2.jar:/home/runner/.m2/repository/org/codehaus/woodstox/stax2-api/3.1.4/stax2-api-3.1.4.jar:/home/runner/.m2/repository/com/fasterxml/woodstox/woodstox-core/5.0.3/woodstox-core-5.0.3.jar:/home/runner/.m2/repository/javax/enterprise/cdi-api/1.2/cdi-api-1.2.jar:/home/runner/.m2/repository/javax/el/javax.el-api/3.0.0/javax.el-api-3.0.0.jar:/home/runner/.m2/repository/javax/interceptor/javax.interceptor-api/1.2/javax.interceptor-api-1.2.jar:/home/runner/.m2/repository/javax/inject/javax.inject/1/javax.inject-1.jar:/home/runner/.m2/repository/javax/xml/bind/jaxb-api/2.3.0/jaxb-api-2.3.0.jar:/home/runner/.m2/repository/org/glassfish/jaxb/jaxb-runtime/2.3.0.1/jaxb-runtime-2.3.0.1.jar:/home/runner/.m2/repository/org/glassfish/jaxb/jaxb-core/2.3.0.1/jaxb-core-2.3.0.1.jar:/home/runner/.m2/repository/org/glassfish/jaxb/txw2/2.3.0.1/txw2-2.3.0.1.jar:/home/runner/.m2/repository/com/sun/istack/istack-commons-runtime/3.0.5/istack-commons-runtime-3.0.5.jar:/home/runner/.m2/repository/org/jvnet/staxex/stax-ex/1.7.8/stax-ex-1.7.8.jar:/home/runner/.m2/repository/com/sun/xml/fastinfoset/FastInfoset/1.2.13/FastInfoset-1.2.13.jar:/home/runner/.m2/repository/javax/activation/activation/1.1.1/activation-1.1.1.jar:/home/runner/.m2/repository/org/apache/ozone/ozone-csi/1.2.0-SNAPSHOT/ozone-csi-1.2.0-SNAPSHOT.jar:/home/runner/.m2/repository/com/google/protobuf/protobuf-java-util/3.12.0/protobuf-java-util-3.12.0.jar:/home/runner/.m2/repository/com/google/code/gson/gson/2.2.4/gson-2.2.4.jar:/home/runner/.m2/repository/org/apache/ozone/hdds-config/1.2.0-SNAPSHOT/hdds-config-1.2.0-SNAPSHOT.jar:/home/runner/.m2/repository/io/grpc/grpc-netty/1.33.0/grpc-netty-1.33.0.jar:/home/runner/.m2/repository/io/grpc/grpc-core/1.33.0/grpc-core-1.33.0.jar:/home/runner/.m2/repository/com/google/android/annotations/4.1.1.4/annotations-4.1.1.4.jar:/home/runner/.m2/repository/io/netty/netty-codec-http2/4.1.63.Final/netty-codec-http2-4.1.63.Final.jar:/home/runner/.m2/repository/io/netty/netty-codec-http/4.1.63.Final/netty-codec-http-4.1.63.Final.jar:/home/runner/.m2/repository/io/netty/netty-handler-proxy/4.1.63.Final/netty-handler-proxy-4.1.63.Final.jar:/home/runner/.m2/repository/io/netty/netty-codec-socks/4.1.63.Final/netty-codec-socks-4.1.63.Final.jar:/home/runner/.m2/repository/io/perfmark/perfmark-api/0.19.0/perfmark-api-0.19.0.jar:/home/runner/.m2/repository/org/codehaus/mojo/animal-sniffer-annotations/1.18/animal-sniffer-annotations-1.18.jar:/home/runner/.m2/repository/io/netty/netty-transport-native-epoll/4.1.63.Final/netty-transport-native-epoll-4.1.63.Final.jar:/home/runner/.m2/repository/io/netty/netty-common/4.1.63.Final/netty-common-4.1.63.Final.jar:/home/runner/.m2/repository/io/netty/netty-buffer/4.1.63.Final/netty-buffer-4.1.63.Final.jar:/home/runner/.m2/repository/io/netty/netty-transport-native-unix-common/4.1.63.Final/netty-transport-native-unix-common-4.1.63.Final.jar:/home/runner/.m2/repository/io/grpc/grpc-protobuf/1.33.0/grpc-protobuf-1.33.0.jar:/home/runner/.m2/repository/io/grpc/grpc-api/1.33.0/grpc-api-1.33.0.jar:/home/runner/.m2/repository/io/grpc/grpc-context/1.33.0/grpc-context-1.33.0.jar:/home/runner/.m2/repository/com/google/api/grpc/proto-google-common-protos/1.17.0/proto-google-common-protos-1.17.0.jar:/home/runner/.m2/repository/io/grpc/grpc-protobuf-lite/1.33.0/grpc-protobuf-lite-1.33.0.jar:/home/runner/.m2/repository/io/grpc/grpc-stub/1.33.0/grpc-stub-1.33.0.jar:/home/runner/.m2/repository/org/apache/ozone/ozone-recon/1.2.0-SNAPSHOT/ozone-recon-1.2.0-SNAPSHOT.jar:/home/runner/.m2/repository/org/apache/ozone/ozone-reconcodegen/1.2.0-SNAPSHOT/ozone-reconcodegen-1.2.0-SNAPSHOT.jar:/home/runner/.m2/repository/com/google/inject/extensions/guice-multibindings/4.0/guice-multibindings-4.0.jar:/home/runner/.m2/repository/com/google/inject/guice/4.0/guice-4.0.jar:/home/runner/.m2/repository/aopalliance/aopalliance/1.0/aopalliance-1.0.jar:/home/runner/.m2/repository/com/google/inject/extensions/guice-assistedinject/4.0/guice-assistedinject-4.0.jar:/home/runner/.m2/repository/com/google/inject/extensions/guice-servlet/4.0/guice-servlet-4.0.jar:/home/runner/.m2/repository/org/glassfish/jersey/containers/jersey-container-servlet/2.33/jersey-container-servlet-2.33.jar:/home/runner/.m2/repository/org/glassfish/hk2/guice-bridge/2.5.0/guice-bridge-2.5.0.jar:/home/runner/.m2/repository/org/glassfish/jersey/core/jersey-server/2.33/jersey-server-2.33.jar:/home/runner/.m2/repository/org/glassfish/jersey/core/jersey-client/2.33/jersey-client-2.33.jar:/home/runner/.m2/repository/jakarta/annotation/jakarta.annotation-api/1.3.5/jakarta.annotation-api-1.3.5.jar:/home/runner/.m2/repository/jakarta/validation/jakarta.validation-api/2.0.2/jakarta.validation-api-2.0.2.jar:/home/runner/.m2/repository/org/glassfish/jersey/media/jersey-media-json-jackson/2.33/jersey-media-json-jackson-2.33.jar:/home/runner/.m2/repository/org/glassfish/jersey/ext/jersey-entity-filtering/2.33/jersey-entity-filtering-2.33.jar:/home/runner/.m2/repository/org/jooq/jooq/3.11.10/jooq-3.11.10.jar:/home/runner/.m2/repository/org/jooq/jooq-meta/3.11.10/jooq-meta-3.11.10.jar:/home/runner/.m2/repository/org/jooq/jooq-codegen/3.11.10/jooq-codegen-3.11.10.jar:/home/runner/.m2/repository/com/jolbox/bonecp/0.8.0.RELEASE/bonecp-0.8.0.RELEASE.jar:/home/runner/.m2/repository/org/apache/derby/derby/10.14.2.0/derby-10.14.2.0.jar:/home/runner/.m2/repository/org/xerial/sqlite-jdbc/3.25.2/sqlite-jdbc-3.25.2.jar:/home/runner/.m2/repository/org/springframework/spring-jdbc/5.2.11.RELEASE/spring-jdbc-5.2.11.RELEASE.jar:/home/runner/.m2/repository/org/springframework/spring-beans/5.2.11.RELEASE/spring-beans-5.2.11.RELEASE.jar:/home/runner/.m2/repository/org/springframework/spring-core/5.2.11.RELEASE/spring-core-5.2.11.RELEASE.jar:/home/runner/.m2/repository/org/springframework/spring-jcl/5.2.11.RELEASE/spring-jcl-5.2.11.RELEASE.jar:/home/runner/.m2/repository/org/springframework/spring-tx/5.2.11.RELEASE/spring-tx-5.2.11.RELEASE.jar:/home/runner/.m2/repository/org/apache/ozone/ozone-client/1.2.0-SNAPSHOT/ozone-client-1.2.0-SNAPSHOT.jar:/home/runner/.m2/repository/org/apache/ozone/ozone-filesystem/1.2.0-SNAPSHOT/ozone-filesystem-1.2.0-SNAPSHOT.jar:/home/runner/.m2/repository/org/apache/ozone/ozone-filesystem-common/1.2.0-SNAPSHOT/ozone-filesystem-common-1.2.0-SNAPSHOT.jar:/home/runner/.m2/repository/org/apache/ozone/ozone-tools/1.2.0-SNAPSHOT/ozone-tools-1.2.0-SNAPSHOT.jar:/home/runner/.m2/repository/org/apache/ratis/ratis-tools/2.1.0-03f3b68-SNAPSHOT/ratis-tools-2.1.0-03f3b68-SNAPSHOT.jar:/home/runner/.m2/repository/org/apache/ratis/ratis-proto/2.1.0-03f3b68-SNAPSHOT/ratis-proto-2.1.0-03f3b68-SNAPSHOT.jar:/home/runner/.m2/repository/org/apache/ratis/ratis-common/2.1.0-03f3b68-SNAPSHOT/ratis-common-2.1.0-03f3b68-SNAPSHOT.jar:/home/runner/.m2/repository/com/amazonaws/aws-java-sdk-core/1.11.901/aws-java-sdk-core-1.11.901.jar:/home/runner/.m2/repository/org/apache/httpcomponents/httpclient/4.5.13/httpclient-4.5.13.jar:/home/runner/.m2/repository/org/apache/httpcomponents/httpcore/4.4.13/httpcore-4.4.13.jar:/home/runner/.m2/repository/software/amazon/ion/ion-java/1.0.2/ion-java-1.0.2.jar:/home/runner/.m2/repository/com/fasterxml/jackson/dataformat/jackson-dataformat-cbor/2.12.1/jackson-dataformat-cbor-2.12.1.jar:/home/runner/.m2/repository/joda-time/joda-time/2.8.1/joda-time-2.8.1.jar:/home/runner/.m2/repository/com/amazonaws/aws-java-sdk-s3/1.11.901/aws-java-sdk-s3-1.11.901.jar:/home/runner/.m2/repository/com/amazonaws/aws-java-sdk-kms/1.11.901/aws-java-sdk-kms-1.11.901.jar:/home/runner/.m2/repository/com/amazonaws/jmespath-java/1.11.901/jmespath-java-1.11.901.jar:/home/runner/.m2/repository/org/kohsuke/metainf-services/metainf-services/1.8/metainf-services-1.8.jar:/home/runner/.m2/repository/org/apache/ozone/hdds-tools/1.2.0-SNAPSHOT/hdds-tools-1.2.0-SNAPSHOT.jar:/home/runner/.m2/repository/commons-cli/commons-cli/1.2/commons-cli-1.2.jar:/home/runner/.m2/repository/org/apache/commons/commons-lang3/3.7/commons-lang3-3.7.jar:/home/runner/.m2/repository/org/apache/ozone/ozone-manager/1.2.0-SNAPSHOT/ozone-manager-1.2.0-SNAPSHOT-tests.jar:/home/runner/.m2/repository/org/apache/ozone/hdds-common/1.2.0-SNAPSHOT/hdds-common-1.2.0-SNAPSHOT-tests.jar:/home/runner/.m2/repository/org/apache/ozone/hdds-hadoop-dependency-client/1.2.0-SNAPSHOT/hdds-hadoop-dependency-client-1.2.0-SNAPSHOT.jar:/home/runner/.m2/repository/info/picocli/picocli/4.4.0/picocli-4.4.0.jar:/home/runner/.m2/repository/com/fasterxml/jackson/core/jackson-annotations/2.12.1/jackson-annotations-2.12.1.jar:/home/runner/.m2/repository/javax/annotation/javax.annotation-api/1.2/javax.annotation-api-1.2.jar:/home/runner/.m2/repository/org/apache/ratis/ratis-server/2.1.0-03f3b68-SNAPSHOT/ratis-server-2.1.0-03f3b68-SNAPSHOT.jar:/home/runner/.m2/repository/org/apache/ratis/ratis-client/2.1.0-03f3b68-SNAPSHOT/ratis-client-2.1.0-03f3b68-SNAPSHOT.jar:/home/runner/.m2/repository/org/apache/ratis/ratis-server-api/2.1.0-03f3b68-SNAPSHOT/ratis-server-api-2.1.0-03f3b68-SNAPSHOT.jar:/home/runner/.m2/repository/org/apache/ratis/ratis-metrics/2.1.0-03f3b68-SNAPSHOT/ratis-metrics-2.1.0-03f3b68-SNAPSHOT.jar:/home/runner/.m2/repository/org/apache/ratis/ratis-netty/2.1.0-03f3b68-SNAPSHOT/ratis-netty-2.1.0-03f3b68-SNAPSHOT.jar:/home/runner/.m2/repository/org/apache/ratis/ratis-grpc/2.1.0-03f3b68-SNAPSHOT/ratis-grpc-2.1.0-03f3b68-SNAPSHOT.jar:/home/runner/.m2/repository/org/apache/logging/log4j/log4j-api/2.13.3/log4j-api-2.13.3.jar:/home/runner/.m2/repository/org/apache/logging/log4j/log4j-core/2.13.3/log4j-core-2.13.3.jar:/home/runner/.m2/repository/com/lmax/disruptor/3.4.2/disruptor-3.4.2.jar:/home/runner/.m2/repository/org/apache/commons/commons-pool2/2.6.0/commons-pool2-2.6.0.jar:/home/runner/.m2/repository/org/bouncycastle/bcpkix-jdk15on/1.67/bcpkix-jdk15on-1.67.jar:/home/runner/.m2/repository/commons-validator/commons-validator/1.6/commons-validator-1.6.jar:/home/runner/.m2/repository/commons-beanutils/commons-beanutils/1.9.4/commons-beanutils-1.9.4.jar:/home/runner/.m2/repository/commons-digester/commons-digester/1.8.1/commons-digester-1.8.1.jar:/home/runner/.m2/repository/commons-collections/commons-collections/3.2.2/commons-collections-3.2.2.jar:/home/runner/.m2/repository/io/jaegertracing/jaeger-client/1.6.0/jaeger-client-1.6.0.jar:/home/runner/.m2/repository/io/jaegertracing/jaeger-thrift/1.6.0/jaeger-thrift-1.6.0.jar:/home/runner/.m2/repository/org/apache/thrift/libthrift/0.14.1/libthrift-0.14.1.jar:/home/runner/.m2/repository/com/squareup/okhttp3/okhttp/4.9.0/okhttp-4.9.0.jar:/home/runner/.m2/repository/com/squareup/okio/okio/2.8.0/okio-2.8.0.jar:/home/runner/.m2/repository/io/jaegertracing/jaeger-core/1.6.0/jaeger-core-1.6.0.jar:/home/runner/.m2/repository/io/jaegertracing/jaeger-tracerresolver/1.6.0/jaeger-tracerresolver-1.6.0.jar:/home/runner/.m2/repository/io/opentracing/contrib/opentracing-tracerresolver/0.1.8/opentracing-tracerresolver-0.1.8.jar:/home/runner/.m2/repository/org/jetbrains/kotlin/kotlin-stdlib/1.4.31/kotlin-stdlib-1.4.31.jar:/home/runner/.m2/repository/org/jetbrains/kotlin/kotlin-stdlib-common/1.4.31/kotlin-stdlib-common-1.4.31.jar:/home/runner/.m2/repository/org/jetbrains/annotations/13.0/annotations-13.0.jar:/home/runner/.m2/repository/io/opentracing/opentracing-util/0.33.0/opentracing-util-0.33.0.jar:/home/runner/.m2/repository/io/opentracing/opentracing-api/0.33.0/opentracing-api-0.33.0.jar:/home/runner/.m2/repository/io/opentracing/opentracing-noop/0.33.0/opentracing-noop-0.33.0.jar:/home/runner/.m2/repository/org/yaml/snakeyaml/1.26/snakeyaml-1.26.jar:/home/runner/.m2/repository/org/apache/ozone/hdds-interface-admin/1.2.0-SNAPSHOT/hdds-interface-admin-1.2.0-SNAPSHOT.jar:/home/runner/.m2/repository/junit/junit/4.13.1/junit-4.13.1.jar:/home/runner/.m2/repository/org/hamcrest/hamcrest-core/1.3/hamcrest-core-1.3.jar:/home/runner/.m2/repository/org/junit/jupiter/junit-jupiter-api/5.7.0/junit-jupiter-api-5.7.0.jar:/home/runner/.m2/repository/org/apiguardian/apiguardian-api/1.1.0/apiguardian-api-1.1.0.jar:/home/runner/.m2/repository/org/opentest4j/opentest4j/1.2.0/opentest4j-1.2.0.jar:/home/runner/.m2/repository/org/junit/platform/junit-platform-commons/1.7.0/junit-platform-commons-1.7.0.jar:/home/runner/.m2/repository/org/junit/jupiter/junit-jupiter-engine/5.7.0/junit-jupiter-engine-5.7.0.jar:/home/runner/.m2/repository/org/junit/platform/junit-platform-engine/1.7.0/junit-platform-engine-1.7.0.jar:/home/runner/.m2/repository/org/junit/vintage/junit-vintage-engine/5.7.0/junit-vintage-engine-5.7.0.jar:/home/runner/.m2/repository/org/junit/platform/junit-platform-launcher/1.7.0/junit-platform-launcher-1.7.0.jar:/home/runner/.m2/repository/org/openjdk/jmh/jmh-core/1.19/jmh-core-1.19.jar:/home/runner/.m2/repository/net/sf/jopt-simple/jopt-simple/4.6/jopt-simple-4.6.jar:/home/runner/.m2/repository/org/apache/commons/commons-math3/3.1.1/commons-math3-3.1.1.jar:/home/runner/.m2/repository/org/openjdk/jmh/jmh-generator-annprocess/1.19/jmh-generator-annprocess-1.19.jar:/home/runner/.m2/repository/org/mockito/mockito-core/2.28.2/mockito-core-2.28.2.jar:/home/runner/.m2/repository/net/bytebuddy/byte-buddy/1.9.10/byte-buddy-1.9.10.jar:/home/runner/.m2/repository/net/bytebuddy/byte-buddy-agent/1.9.10/byte-buddy-agent-1.9.10.jar:/home/runner/.m2/repository/org/objenesis/objenesis/1.0/objenesis-1.0.jar:/home/runner/.m2/repository/org/apache/hadoop/hadoop-kms/3.3.1/hadoop-kms-3.3.1.jar:/home/runner/.m2/repository/org/apache/hadoop/hadoop-auth/3.3.1/hadoop-auth-3.3.1.jar:/home/runner/.m2/repository/com/nimbusds/nimbus-jose-jwt/7.9/nimbus-jose-jwt-7.9.jar:/home/runner/.m2/repository/com/github/stephenc/jcip/jcip-annotations/1.0-1/jcip-annotations-1.0-1.jar:/home/runner/.m2/repository/net/minidev/json-smart/2.3/json-smart-2.3.jar:/home/runner/.m2/repository/net/minidev/accessors-smart/1.2/accessors-smart-1.2.jar:/home/runner/.m2/repository/org/ow2/asm/asm/5.0.4/asm-5.0.4.jar:/home/runner/.m2/repository/org/apache/zookeeper/zookeeper/3.5.6/zookeeper-3.5.6.jar:/home/runner/.m2/repository/org/apache/zookeeper/zookeeper-jute/3.5.6/zookeeper-jute-3.5.6.jar:/home/runner/.m2/repository/org/apache/yetus/audience-annotations/0.5.0/audience-annotations-0.5.0.jar:/home/runner/.m2/repository/org/apache/curator/curator-framework/4.2.0/curator-framework-4.2.0.jar:/home/runner/.m2/repository/org/apache/hadoop/thirdparty/hadoop-shaded-guava/1.1.1/hadoop-shaded-guava-1.1.1.jar:/home/runner/.m2/repository/com/sun/jersey/jersey-core/1.19/jersey-core-1.19.jar:/home/runner/.m2/repository/javax/ws/rs/jsr311-api/1.1.1/jsr311-api-1.1.1.jar:/home/runner/.m2/repository/com/sun/jersey/jersey-server/1.19/jersey-server-1.19.jar:/home/runner/.m2/repository/javax/servlet/javax.servlet-api/3.1.0/javax.servlet-api-3.1.0.jar:/home/runner/.m2/repository/org/eclipse/jetty/jetty-server/9.4.43.v20210629/jetty-server-9.4.43.v20210629.jar:/home/runner/.m2/repository/org/eclipse/jetty/jetty-http/9.4.43.v20210629/jetty-http-9.4.43.v20210629.jar:/home/runner/.m2/repository/org/eclipse/jetty/jetty-io/9.4.43.v20210629/jetty-io-9.4.43.v20210629.jar:/home/runner/.m2/repository/org/eclipse/jetty/jetty-webapp/9.4.43.v20210629/jetty-webapp-9.4.43.v20210629.jar:/home/runner/.m2/repository/org/eclipse/jetty/jetty-xml/9.4.43.v20210629/jetty-xml-9.4.43.v20210629.jar:/home/runner/.m2/repository/org/apache/hadoop/hadoop-common/3.3.1/hadoop-common-3.3.1.jar:/home/runner/.m2/repository/commons-net/commons-net/3.6/commons-net-3.6.jar:/home/runner/.m2/repository/jakarta/activation/jakarta.activation-api/1.2.1/jakarta.activation-api-1.2.1.jar:/home/runner/.m2/repository/com/sun/jersey/jersey-servlet/1.19/jersey-servlet-1.19.jar:/home/runner/.m2/repository/com/sun/jersey/jersey-json/1.19/jersey-json-1.19.jar:/home/runner/.m2/repository/org/codehaus/jettison/jettison/1.1/jettison-1.1.jar:/home/runner/.m2/repository/com/sun/xml/bind/jaxb-impl/2.2.3-1/jaxb-impl-2.2.3-1.jar:/home/runner/.m2/repository/org/codehaus/jackson/jackson-jaxrs/1.9.2/jackson-jaxrs-1.9.2.jar:/home/runner/.m2/repository/org/codehaus/jackson/jackson-xc/1.9.2/jackson-xc-1.9.2.jar:/home/runner/.m2/repository/org/apache/commons/commons-configuration2/2.1.1/commons-configuration2-2.1.1.jar:/home/runner/.m2/repository/org/apache/commons/commons-text/1.4/commons-text-1.4.jar:/home/runner/.m2/repository/com/google/re2j/re2j/1.1/re2j-1.1.jar:/home/runner/.m2/repository/com/jcraft/jsch/0.1.54/jsch-0.1.54.jar:/home/runner/.m2/repository/org/apache/curator/curator-client/4.2.0/curator-client-4.2.0.jar:/home/runner/.m2/repository/org/apache/curator/curator-recipes/4.2.0/curator-recipes-4.2.0.jar:/home/runner/.m2/repository/org/apache/kerby/kerb-core/1.0.1/kerb-core-1.0.1.jar:/home/runner/.m2/repository/org/apache/kerby/kerby-pkix/1.0.1/kerby-pkix-1.0.1.jar:/home/runner/.m2/repository/org/apache/kerby/kerby-asn1/1.0.1/kerby-asn1-1.0.1.jar:/home/runner/.m2/repository/org/apache/kerby/kerby-util/1.0.1/kerby-util-1.0.1.jar:/home/runner/.m2/repository/dnsjava/dnsjava/2.1.7/dnsjava-2.1.7.jar:/home/runner/.m2/repository/org/xerial/snappy/snappy-java/1.1.8.2/snappy-java-1.1.8.2.jar:/home/runner/.m2/repository/org/slf4j/jul-to-slf4j/1.7.30/jul-to-slf4j-1.7.30.jar:/home/runner/.m2/repository/org/eclipse/jetty/jetty-util/9.4.43.v20210629/jetty-util-9.4.43.v20210629.jar:/home/runner/.m2/repository/com/fasterxml/jackson/core/jackson-databind/2.12.1/jackson-databind-2.12.1.jar:/home/runner/.m2/repository/org/apache/hadoop/hadoop-kms/3.3.1/hadoop-kms-3.3.1-tests.jar:/home/runner/.m2/repository/org/apache/ozone/hdds-server-scm/1.2.0-SNAPSHOT/hdds-server-scm-1.2.0-SNAPSHOT-tests.jar:/home/runner/.m2/repository/org/apache/ozone/hdds-container-service/1.2.0-SNAPSHOT/hdds-container-service-1.2.0-SNAPSHOT-tests.jar:/home/runner/.m2/repository/commons-codec/commons-codec/1.11/commons-codec-1.11.jar:/home/runner/.m2/repository/io/netty/netty-transport/4.1.63.Final/netty-transport-4.1.63.Final.jar:/home/runner/.m2/repository/io/netty/netty-resolver/4.1.63.Final/netty-resolver-4.1.63.Final.jar:/home/runner/.m2/repository/io/netty/netty-codec/4.1.63.Final/netty-codec-4.1.63.Final.jar:/home/runner/.m2/repository/io/netty/netty-handler/4.1.63.Final/netty-handler-4.1.63.Final.jar:/home/runner/.m2/repository/org/apache/ozone/hdds-hadoop-dependency-test/1.2.0-SNAPSHOT/hdds-hadoop-dependency-test-1.2.0-SNAPSHOT.jar:/home/runner/.m2/repository/org/apache/hadoop/hadoop-common/3.3.1/hadoop-common-3.3.1-tests.jar:/home/runner/.m2/repository/org/assertj/assertj-core/3.12.2/assertj-core-3.12.2.jar:/home/runner/.m2/repository/org/apache/hadoop/hadoop-hdfs/3.3.1/hadoop-hdfs-3.3.1-tests.jar:/home/runner/.m2/repository/org/eclipse/jetty/jetty-util-ajax/9.4.43.v20210629/jetty-util-ajax-9.4.43.v20210629.jar:/home/runner/.m2/repository/commons-daemon/commons-daemon/1.0.13/commons-daemon-1.0.13.jar:/home/runner/.m2/repository/io/netty/netty/3.10.6.Final/netty-3.10.6.Final.jar:/home/runner/.m2/repository/io/netty/netty-all/4.1.63.Final/netty-all-4.1.63.Final.jar:/home/runner/.m2/repository/org/apache/htrace/htrace-core4/4.1.0-incubating/htrace-core4-4.1.0-incubating.jar:/home/runner/.m2/repository/org/fusesource/leveldbjni/leveldbjni-all/1.8/leveldbjni-all-1.8.jar:/home/runner/.m2/repository/org/apache/hadoop/hadoop-distcp/3.3.1/hadoop-distcp-3.3.1.jar:/home/runner/.m2/repository/org/apache/hadoop/hadoop-mapreduce-client-jobclient/3.3.1/hadoop-mapreduce-client-jobclient-3.3.1.jar:/home/runner/.m2/repository/org/apache/hadoop/hadoop-mapreduce-client-common/3.3.1/hadoop-mapreduce-client-common-3.3.1.jar:/home/runner/.m2/repository/org/apache/hadoop/hadoop-yarn-common/3.3.1/hadoop-yarn-common-3.3.1.jar:/home/runner/.m2/repository/org/apache/hadoop/hadoop-yarn-api/3.3.1/hadoop-yarn-api-3.3.1.jar:/home/runner/.m2/repository/com/sun/jersey/jersey-client/1.19/jersey-client-1.19.jar:/home/runner/.m2/repository/com/sun/jersey/contribs/jersey-guice/1.19/jersey-guice-1.19.jar:/home/runner/.m2/repository/com/fasterxml/jackson/jaxrs/jackson-jaxrs-json-provider/2.12.1/jackson-jaxrs-json-provider-2.12.1.jar:/home/runner/.m2/repository/com/fasterxml/jackson/jaxrs/jackson-jaxrs-base/2.12.1/jackson-jaxrs-base-2.12.1.jar:/home/runner/.m2/repository/org/apache/hadoop/hadoop-yarn-client/3.3.1/hadoop-yarn-client-3.3.1.jar:/home/runner/.m2/repository/org/eclipse/jetty/websocket/websocket-client/9.4.40.v20210413/websocket-client-9.4.40.v20210413.jar:/home/runner/.m2/repository/org/eclipse/jetty/jetty-client/9.4.40.v20210413/jetty-client-9.4.40.v20210413.jar:/home/runner/.m2/repository/org/eclipse/jetty/websocket/websocket-common/9.4.40.v20210413/websocket-common-9.4.40.v20210413.jar:/home/runner/.m2/repository/org/eclipse/jetty/websocket/websocket-api/9.4.40.v20210413/websocket-api-9.4.40.v20210413.jar:/home/runner/.m2/repository/org/jline/jline/3.9.0/jline-3.9.0.jar:/home/runner/.m2/repository/org/apache/hadoop/hadoop-mapreduce-client-core/3.3.1/hadoop-mapreduce-client-core-3.3.1.jar:/home/runner/.m2/repository/org/apache/avro/avro/1.7.7/avro-1.7.7.jar:/home/runner/.m2/repository/org/codehaus/jackson/jackson-core-asl/1.9.13/jackson-core-asl-1.9.13.jar:/home/runner/.m2/repository/org/codehaus/jackson/jackson-mapper-asl/1.9.13/jackson-mapper-asl-1.9.13.jar:/home/runner/.m2/repository/com/thoughtworks/paranamer/paranamer/2.3/paranamer-2.3.jar:/home/runner/.m2/repository/org/apache/hadoop/hadoop-annotations/3.3.1/hadoop-annotations-3.3.1.jar:/usr/lib/jvm/adoptopenjdk-8-hotspot-amd64/jre/../lib/tools.jar:/home/runner/.m2/repository/org/apache/hadoop/hadoop-distcp/3.3.1/hadoop-distcp-3.3.1-tests.jar:"/>
    <property name="sun.cpu.endian" value="little"/>
    <property name="user.home" value="/home/runner"/>
    <property name="user.language" value="en"/>
    <property name="java.specification.vendor" value="Oracle Corporation"/>
    <property name="java.home" value="/usr/lib/jvm/adoptopenjdk-8-hotspot-amd64/jre"/>
    <property name="java.security.krb5.conf" value="/home/runner/work/ozone/ozone/hadoop-ozone/integration-test/target/test-classes/krb5.conf"/>
    <property name="basedir" value="/home/runner/work/ozone/ozone/hadoop-ozone/integration-test"/>
    <property name="file.separator" value="/"/>
    <property name="line.separator" value="&#10;"/>
    <property name="java.vm.specification.vendor" value="Oracle Corporation"/>
    <property name="java.specification.name" value="Java Platform API Specification"/>
    <property name="java.awt.graphicsenv" value="sun.awt.X11GraphicsEnvironment"/>
    <property name="skip.installnpx" value="true"/>
    <property name="surefire.real.class.path" value="/home/runner/work/ozone/ozone/hadoop-ozone/integration-test/target/surefire/surefirebooter2006826540360785687.jar:/home/runner/.m2/repository/org/jacoco/org.jacoco.agent/0.8.5/org.jacoco.agent-0.8.5-runtime.jar"/>
    <property name="hadoop.log.dir" value="/home/runner/work/ozone/ozone/hadoop-ozone/integration-test/target/log"/>
    <property name="sun.boot.class.path" value="/usr/lib/jvm/adoptopenjdk-8-hotspot-amd64/jre/lib/resources.jar:/usr/lib/jvm/adoptopenjdk-8-hotspot-amd64/jre/lib/rt.jar:/usr/lib/jvm/adoptopenjdk-8-hotspot-amd64/jre/lib/sunrsasign.jar:/usr/lib/jvm/adoptopenjdk-8-hotspot-amd64/jre/lib/jsse.jar:/usr/lib/jvm/adoptopenjdk-8-hotspot-amd64/jre/lib/jce.jar:/usr/lib/jvm/adoptopenjdk-8-hotspot-amd64/jre/lib/charsets.jar:/usr/lib/jvm/adoptopenjdk-8-hotspot-amd64/jre/lib/jfr.jar:/usr/lib/jvm/adoptopenjdk-8-hotspot-amd64/jre/classes"/>
    <property name="sun.management.compiler" value="HotSpot 64-Bit Tiered Compilers"/>
    <property name="skip.npx" value="true"/>
    <property name="java.runtime.version" value="1.8.0_292-b10"/>
    <property name="java.net.preferIPv4Stack" value="true"/>
    <property name="user.name" value="runner"/>
    <property name="path.separator" value=":"/>
    <property name="java.security.egd" value="file:///dev/urandom"/>
    <property name="os.version" value="5.4.0-1055-azure"/>
    <property name="java.endorsed.dirs" value="/usr/lib/jvm/adoptopenjdk-8-hotspot-amd64/jre/lib/endorsed"/>
    <property name="java.runtime.name" value="OpenJDK Runtime Environment"/>
    <property name="file.encoding" value="UTF-8"/>
    <property name="java.vm.name" value="OpenJDK 64-Bit Server VM"/>
    <property name="test.build.webapps" value=""/>
    <property name="localRepository" value="/home/runner/.m2/repository"/>
    <property name="java.vendor.url.bug" value="https://github.com/AdoptOpenJDK/openjdk-support/issues"/>
    <property name="java.io.tmpdir" value="/tmp"/>
    <property name="require.test.libhadoop" value=""/>
    <property name="java.version" value="1.8.0_292"/>
    <property name="user.dir" value="/home/runner/work/ozone/ozone/hadoop-ozone/integration-test"/>
    <property name="os.arch" value="amd64"/>
    <property name="java.vm.specification.name" value="Java Virtual Machine Specification"/>
    <property name="test.build.classes" value="/home/runner/work/ozone/ozone/hadoop-ozone/integration-test/target/test-classes"/>
    <property name="java.awt.printerjob" value="sun.print.PSPrinterJob"/>
    <property name="sun.os.patch.level" value="unknown"/>
    <property name="hadoop.tmp.dir" value="/home/runner/work/ozone/ozone/hadoop-ozone/integration-test/target/tmp"/>
    <property name="java.library.path" value="/usr/java/packages/lib/amd64:/usr/lib64:/lib64:/lib:/usr/lib"/>
    <property name="java.vm.info" value="mixed mode"/>
    <property name="java.vendor" value="AdoptOpenJDK"/>
    <property name="java.vm.version" value="25.292-b10"/>
    <property name="java.ext.dirs" value="/usr/lib/jvm/adoptopenjdk-8-hotspot-amd64/jre/lib/ext:/usr/java/packages/lib/ext"/>
    <property name="sun.io.unicode.encoding" value="UnicodeLittle"/>
    <property name="java.class.version" value="52.0"/>
  </properties>
  <testcase name="testPipelineCloseWithPipelineAction" classname="org.apache.hadoop.hdds.scm.pipeline.TestPipelineClose" time="39.744"/>
  <testcase name="testPipelineCloseWithOpenContainer" classname="org.apache.hadoop.hdds.scm.pipeline.TestPipelineClose" time="31.454"/>
  <testcase name="testPipelineCloseWithClosedContainer" classname="org.apache.hadoop.hdds.scm.pipeline.TestPipelineClose" time="32.132"/>
  <testcase name="testPipelineCloseWithLogFailure" classname="org.apache.hadoop.hdds.scm.pipeline.TestPipelineClose" time="36.134">
    <failure message="&#10;Wanted but not invoked:&#10;pipelineActionHandler.onMessage(&#10;    &lt;Capturing argument&gt;,&#10;    &lt;any org.apache.hadoop.hdds.server.events.EventPublisher&gt;&#10;);&#10;-&gt; at org.apache.hadoop.hdds.scm.pipeline.PipelineActionHandler.onMessage(PipelineActionHandler.java:64)&#10;Actually, there were zero interactions with this mock.&#10;" type="Wanted but not invoked"><![CDATA[Wanted but not invoked:
pipelineActionHandler.onMessage(
    <Capturing argument>,
    <any org.apache.hadoop.hdds.server.events.EventPublisher>
);
-> at org.apache.hadoop.hdds.scm.pipeline.PipelineActionHandler.onMessage(PipelineActionHandler.java:64)
Actually, there were zero interactions with this mock.

	at org.apache.hadoop.hdds.scm.pipeline.PipelineActionHandler.onMessage(PipelineActionHandler.java:64)
	at org.apache.hadoop.hdds.scm.pipeline.TestPipelineClose.testPipelineCloseWithLogFailure(TestPipelineClose.java:246)
	at sun.reflect.NativeMethodAccessorImpl.invoke0(Native Method)
	at sun.reflect.NativeMethodAccessorImpl.invoke(NativeMethodAccessorImpl.java:62)
	at sun.reflect.DelegatingMethodAccessorImpl.invoke(DelegatingMethodAccessorImpl.java:43)
	at java.lang.reflect.Method.invoke(Method.java:498)
	at org.junit.runners.model.FrameworkMethod$1.runReflectiveCall(FrameworkMethod.java:59)
	at org.junit.internal.runners.model.ReflectiveCallable.run(ReflectiveCallable.java:12)
	at org.junit.runners.model.FrameworkMethod.invokeExplosively(FrameworkMethod.java:56)
	at org.junit.internal.runners.statements.InvokeMethod.evaluate(InvokeMethod.java:17)
	at org.junit.internal.runners.statements.RunBefores.evaluate(RunBefores.java:26)
	at org.junit.internal.runners.statements.RunAfters.evaluate(RunAfters.java:27)
	at org.junit.internal.runners.statements.FailOnTimeout$CallableStatement.call(FailOnTimeout.java:288)
	at org.junit.internal.runners.statements.FailOnTimeout$CallableStatement.call(FailOnTimeout.java:282)
	at java.util.concurrent.FutureTask.run(FutureTask.java:266)
	at java.lang.Thread.run(Thread.java:748)
]]></failure>
    <system-out><![CDATA[2021-08-14 13:13:13,840 [Time-limited test] WARN  server.ServerUtils (ServerUtils.java:getScmDbDir(148)) - ozone.scm.db.dirs is not configured. We recommend adding this setting. Falling back to ozone.metadata.dirs instead.
2021-08-14 13:13:13,866 [Time-limited test] INFO  ha.SCMHANodeDetails (SCMHANodeDetails.java:loadSCMHAConfig(157)) - ServiceID for StorageContainerManager is null
2021-08-14 13:13:13,866 [Time-limited test] INFO  ha.SCMHANodeDetails (SCMHANodeDetails.java:loadSCMHAConfig(162)) - ozone.scm.default.service.id is not defined, falling back to ozone.scm.service.ids to find serviceID for StorageContainerManager if it is HA enabled cluster
2021-08-14 13:13:13,867 [Time-limited test] WARN  server.ServerUtils (ServerUtils.java:getScmDbDir(148)) - ozone.scm.db.dirs is not configured. We recommend adding this setting. Falling back to ozone.metadata.dirs instead.
2021-08-14 13:13:13,867 [Time-limited test] INFO  upgrade.AbstractLayoutVersionManager (AbstractLayoutVersionManager.java:init(70)) - Initializing Layout version manager with metadata layout = SCM_HA (version = 2), software layout = SCM_HA (version = 2)
2021-08-14 13:13:13,949 [Time-limited test] INFO  reflections.Reflections (Reflections.java:scan(232)) - Reflections took 81 ms to scan 7 urls, producing 120 keys and 275 values 
2021-08-14 13:13:13,950 [Time-limited test] WARN  utils.HAUtils (HAUtils.java:getMetaDir(342)) - ozone.scm.db.dirs is not configured. We recommend adding this setting. Falling back to ozone.metadata.dirs instead.
2021-08-14 13:13:13,951 [Time-limited test] WARN  db.DBStoreBuilder (DBStoreBuilder.java:applyDBDefinition(145)) - ozone.scm.db.dirs is not configured. We recommend adding this setting. Falling back to ozone.metadata.dirs instead.
2021-08-14 13:13:14,208 [Time-limited test] INFO  net.NodeSchemaLoader (NodeSchemaLoader.java:loadSchemaFromFile(129)) - Loading schema from [jar:file:/home/runner/.m2/repository/org/apache/ozone/hdds-common/1.2.0-SNAPSHOT/hdds-common-1.2.0-SNAPSHOT.jar!/network-topology-default.xml]
2021-08-14 13:13:14,208 [Time-limited test] INFO  net.NodeSchemaLoader (NodeSchemaLoader.java:loadSchema(176)) - Loading network topology layer schema file
2021-08-14 13:13:14,219 [Time-limited test] INFO  ha.SequenceIdGenerator (SequenceIdGenerator.java:upgradeToSequenceId(327)) - upgrade localId to 107544261427200000
2021-08-14 13:13:14,226 [Time-limited test] INFO  ha.SequenceIdGenerator (SequenceIdGenerator.java:upgradeToSequenceId(337)) - upgrade delTxnId to 0
2021-08-14 13:13:14,226 [Time-limited test] INFO  ha.SequenceIdGenerator (SequenceIdGenerator.java:upgradeToSequenceId(351)) - upgrade containerId to 0
2021-08-14 13:13:14,226 [Time-limited test] INFO  ha.SequenceIdGenerator (SequenceIdGenerator.java:<init>(217)) - Init the HA SequenceIdGenerator.
2021-08-14 13:13:14,227 [Time-limited test] WARN  server.ServerUtils (ServerUtils.java:sanitizeUserArgs(73)) - ozone.scm.stale.node.interval value = 300000 is larger than max = 100000 based on the key value of ozone.scm.heartbeat.thread.interval, reset to the max value 100000.
2021-08-14 13:13:14,227 [Time-limited test] WARN  server.ServerUtils (ServerUtils.java:sanitizeUserArgs(73)) - ozone.scm.stale.node.interval value = 300000 is larger than max = 100000 based on the key value of ozone.scm.heartbeat.thread.interval, reset to the max value 100000.
2021-08-14 13:13:14,247 [Time-limited test] INFO  node.SCMNodeManager (SCMNodeManager.java:<init>(145)) - Entering startup safe mode.
2021-08-14 13:13:14,247 [Time-limited test] INFO  algorithms.ContainerPlacementPolicyFactory (ContainerPlacementPolicyFactory.java:getPolicy(60)) - Create container placement policy of type org.apache.hadoop.hdds.scm.container.placement.algorithms.SCMContainerPlacementRandom
2021-08-14 13:13:14,247 [Time-limited test] INFO  pipeline.PipelineStateManager (PipelineStateManagerV2Impl.java:initialize(78)) - No pipeline exists in current db
2021-08-14 13:13:14,248 [Time-limited test] INFO  algorithms.LeaderChoosePolicyFactory (LeaderChoosePolicyFactory.java:getPolicy(57)) - Create leader choose policy of type org.apache.hadoop.hdds.scm.pipeline.leader.choose.algorithms.MinLeaderCountChoosePolicy
2021-08-14 13:13:14,248 [Time-limited test] INFO  ha.SCMServiceManager (SCMServiceManager.java:register(43)) - Registering service BackgroundPipelineCreator.
2021-08-14 13:13:14,248 [Time-limited test] INFO  pipeline.BackgroundPipelineCreator (BackgroundPipelineCreatorV2.java:start(130)) - Starting RatisPipelineUtilsThread.
2021-08-14 13:13:14,250 [Time-limited test] INFO  algorithms.PipelineChoosePolicyFactory (PipelineChoosePolicyFactory.java:createPipelineChoosePolicyFromClass(73)) - Create pipeline choose policy of type org.apache.hadoop.hdds.scm.pipeline.choose.algorithms.RandomPipelineChoosePolicy
2021-08-14 13:13:14,251 [Time-limited test] INFO  ha.SCMServiceManager (SCMServiceManager.java:register(43)) - Registering service SCMBlockDeletingService.
2021-08-14 13:13:14,251 [Time-limited test] INFO  ha.SCMServiceManager (SCMServiceManager.java:register(43)) - Registering service ReplicationManager.
2021-08-14 13:13:14,251 [Time-limited test] INFO  container.ReplicationManager (ReplicationManager.java:start(286)) - Starting Replication Monitor Thread.
2021-08-14 13:13:14,252 [Time-limited test] INFO  safemode.ContainerSafeModeRule (ContainerSafeModeRule.java:<init>(89)) - containers with one replica threshold count 0
2021-08-14 13:13:14,252 [Time-limited test] INFO  safemode.HealthyPipelineSafeModeRule (HealthyPipelineSafeModeRule.java:initializeRule(156)) - Total pipeline count is 0, healthy pipeline threshold count is 1
2021-08-14 13:13:14,252 [Time-limited test] INFO  safemode.OneReplicaPipelineSafeModeRule (OneReplicaPipelineSafeModeRule.java:initializeRule(180)) - Total pipeline count is 0, pipeline's with at least one datanode reported threshold count is 0
2021-08-14 13:13:14,252 [Time-limited test] INFO  ipc.CallQueueManager (CallQueueManager.java:<init>(90)) - Using callQueue: class java.util.concurrent.LinkedBlockingQueue, queueCapacity: 2000, scheduler: class org.apache.hadoop.ipc.DefaultRpcScheduler, ipcBackoff: false.
2021-08-14 13:13:14,253 [Socket Reader #1 for port 0] INFO  ipc.Server (Server.java:run(1265)) - Starting Socket Reader #1 for port 0
2021-08-14 13:13:14,254 [Listener at 0.0.0.0/36767] INFO  ipc.CallQueueManager (CallQueueManager.java:<init>(90)) - Using callQueue: class java.util.concurrent.LinkedBlockingQueue, queueCapacity: 2000, scheduler: class org.apache.hadoop.ipc.DefaultRpcScheduler, ipcBackoff: false.
2021-08-14 13:13:14,261 [ReplicationMonitor] INFO  container.ReplicationManager (ReplicationManager.java:processAll(341)) - Replication Monitor Thread took 0 milliseconds for processing 0 containers.
2021-08-14 13:13:14,280 [Socket Reader #1 for port 0] INFO  ipc.Server (Server.java:run(1265)) - Starting Socket Reader #1 for port 0
2021-08-14 13:13:14,303 [Listener at 0.0.0.0/33153] INFO  ipc.CallQueueManager (CallQueueManager.java:<init>(90)) - Using callQueue: class java.util.concurrent.LinkedBlockingQueue, queueCapacity: 2000, scheduler: class org.apache.hadoop.ipc.DefaultRpcScheduler, ipcBackoff: false.
2021-08-14 13:13:14,306 [Socket Reader #1 for port 0] INFO  ipc.Server (Server.java:run(1265)) - Starting Socket Reader #1 for port 0
2021-08-14 13:13:14,368 [Listener at 0.0.0.0/44415] INFO  algorithms.ContainerPlacementPolicyFactory (ContainerPlacementPolicyFactory.java:getPolicy(60)) - Create container placement policy of type org.apache.hadoop.hdds.scm.container.placement.algorithms.SCMContainerPlacementRandom
2021-08-14 13:13:14,368 [Listener at 0.0.0.0/44415] INFO  server.StorageContainerManager (StorageContainerManager.java:<init>(383)) - 
Container Balancer status:
Key                            Value
Running                        false
Container Balancer Configuration values:
Key                                                Value
Threshold                                          0.1
Max Datanodes to Involve per Iteration(ratio)      0.5
Max Size to Move per Iteration                     10737418240B

2021-08-14 13:13:14,368 [Listener at 0.0.0.0/44415] WARN  events.EventQueue (EventQueue.java:fireEvent(194)) - No event handler registered for event TypedEvent{payloadType=SafeModeStatus, name='Safe mode status'}
2021-08-14 13:13:14,369 [Listener at 0.0.0.0/44415] INFO  ha.SCMContext (SCMContext.java:updateSafeModeStatus(205)) - Update SafeModeStatus from SafeModeStatus{safeModeStatus=true, preCheckPassed=false} to SafeModeStatus{safeModeStatus=true, preCheckPassed=false}.
2021-08-14 13:13:14,369 [Listener at 0.0.0.0/44415] INFO  server.StorageContainerManager (StorageContainerManager.java:start(1249)) - StorageContainerLocationProtocol RPC server is listening at /0.0.0.0:44415
2021-08-14 13:13:14,370 [Listener at 0.0.0.0/44415] WARN  impl.MetricsConfig (MetricsConfig.java:loadFirst(136)) - Cannot locate configuration: tried hadoop-metrics2-storagecontainermanager.properties,hadoop-metrics2.properties
2021-08-14 13:13:14,422 [Listener at 0.0.0.0/44415] INFO  impl.MetricsSystemImpl (MetricsSystemImpl.java:startTimer(378)) - Scheduled Metric snapshot period at 10 second(s).
2021-08-14 13:13:14,422 [Listener at 0.0.0.0/44415] INFO  impl.MetricsSystemImpl (MetricsSystemImpl.java:start(191)) - StorageContainerManager metrics system started
2021-08-14 13:13:14,546 [Listener at 0.0.0.0/44415] INFO  impl.MetricsSinkAdapter (MetricsSinkAdapter.java:start(204)) - Sink prometheus started
2021-08-14 13:13:14,547 [Listener at 0.0.0.0/44415] INFO  impl.MetricsSystemImpl (MetricsSystemImpl.java:registerSink(305)) - Registered sink prometheus
2021-08-14 13:13:14,648 [Listener at 0.0.0.0/44415] INFO  server.SCMClientProtocolServer (SCMClientProtocolServer.java:start(164)) - RPC server for Client  is listening at /0.0.0.0:44415
2021-08-14 13:13:14,662 [IPC Server Responder] INFO  ipc.Server (Server.java:run(1507)) - IPC Server Responder: starting
2021-08-14 13:13:14,686 [IPC Server listener on 0] INFO  ipc.Server (Server.java:run(1344)) - IPC Server listener on 0: starting
2021-08-14 13:13:14,831 [Listener at 0.0.0.0/44415] INFO  server.StorageContainerManager (StorageContainerManager.java:start(1264)) - ScmBlockLocationProtocol RPC server is listening at /0.0.0.0:33153
2021-08-14 13:13:14,831 [Listener at 0.0.0.0/44415] INFO  server.SCMBlockProtocolServer (SCMBlockProtocolServer.java:start(151)) - RPC server for Block Protocol is listening at /0.0.0.0:33153
2021-08-14 13:13:14,838 [IPC Server Responder] INFO  ipc.Server (Server.java:run(1507)) - IPC Server Responder: starting
2021-08-14 13:13:14,846 [IPC Server listener on 0] INFO  ipc.Server (Server.java:run(1344)) - IPC Server listener on 0: starting
2021-08-14 13:13:14,880 [Listener at 0.0.0.0/44415] INFO  server.StorageContainerManager (StorageContainerManager.java:start(1270)) - ScmDatanodeProtocl RPC server is listening at /0.0.0.0:36767
2021-08-14 13:13:14,880 [Listener at 0.0.0.0/44415] INFO  server.SCMDatanodeProtocolServer (SCMDatanodeProtocolServer.java:start(181)) - RPC server for DataNodes is listening at /0.0.0.0:36767
2021-08-14 13:13:14,882 [IPC Server Responder] INFO  ipc.Server (Server.java:run(1507)) - IPC Server Responder: starting
2021-08-14 13:13:14,882 [IPC Server listener on 0] INFO  ipc.Server (Server.java:run(1344)) - IPC Server listener on 0: starting
2021-08-14 13:13:14,922 [Listener at 0.0.0.0/44415] INFO  http.BaseHttpServer (BaseHttpServer.java:newHttpServer2BuilderForOzone(209)) - Starting Web-server for scm at: http://0.0.0.0:0
2021-08-14 13:13:14,922 [Listener at 0.0.0.0/44415] INFO  http.BaseHttpServer (BaseHttpServer.java:<init>(107)) - Hadoop Security Enabled: false Ozone Security Enabled: false Ozone HTTP Security Enabled: false 
2021-08-14 13:13:14,922 [org.apache.hadoop.util.JvmPauseMonitor$Monitor@1dd736c9] INFO  util.JvmPauseMonitor (JvmPauseMonitor.java:run(188)) - Starting JVM pause monitor
2021-08-14 13:13:14,944 [Listener at 0.0.0.0/44415] INFO  server.AuthenticationFilter (AuthenticationFilter.java:constructSecretProvider(240)) - Unable to initialize FileSignerSecretProvider, falling back to use random secrets.
2021-08-14 13:13:14,964 [Listener at 0.0.0.0/44415] WARN  http.HttpRequestLog (HttpRequestLog.java:getRequestLog(103)) - Jetty request log can only be enabled using Log4j
2021-08-14 13:13:14,964 [Listener at 0.0.0.0/44415] INFO  http.HttpServer2 (HttpServer2.java:addGlobalFilter(1020)) - Added global filter 'safety' (class=org.apache.hadoop.hdds.server.http.HttpServer2$QuotingInputFilter)
2021-08-14 13:13:14,965 [Listener at 0.0.0.0/44415] INFO  http.HttpServer2 (HttpServer2.java:addFilter(996)) - Added filter static_user_filter (class=org.apache.hadoop.http.lib.StaticUserWebFilter$StaticUserFilter) to context scm
2021-08-14 13:13:14,965 [Listener at 0.0.0.0/44415] INFO  http.HttpServer2 (HttpServer2.java:addFilter(1004)) - Added filter static_user_filter (class=org.apache.hadoop.http.lib.StaticUserWebFilter$StaticUserFilter) to context logs
2021-08-14 13:13:14,965 [Listener at 0.0.0.0/44415] INFO  http.HttpServer2 (HttpServer2.java:addFilter(1004)) - Added filter static_user_filter (class=org.apache.hadoop.http.lib.StaticUserWebFilter$StaticUserFilter) to context static
2021-08-14 13:13:14,967 [Listener at 0.0.0.0/44415] INFO  http.HttpServer2 (HttpServer2.java:bindListener(1239)) - Jetty bound to port 45111
2021-08-14 13:13:14,967 [Listener at 0.0.0.0/44415] INFO  server.Server (Server.java:doStart(375)) - jetty-9.4.43.v20210629; built: 2021-06-30T11:07:22.254Z; git: 526006ecfa3af7f1a27ef3a288e2bef7ea9dd7e8; jvm 1.8.0_292-b10
2021-08-14 13:13:15,018 [Listener at 0.0.0.0/44415] INFO  server.session (DefaultSessionIdManager.java:doStart(334)) - DefaultSessionIdManager workerName=node0
2021-08-14 13:13:15,018 [Listener at 0.0.0.0/44415] INFO  server.session (DefaultSessionIdManager.java:doStart(339)) - No SessionScavenger set, using defaults
2021-08-14 13:13:15,019 [Listener at 0.0.0.0/44415] INFO  server.session (HouseKeeper.java:startScavenging(132)) - node0 Scavenging every 660000ms
2021-08-14 13:13:15,027 [Listener at 0.0.0.0/44415] INFO  handler.ContextHandler (ContextHandler.java:doStart(915)) - Started o.e.j.s.ServletContextHandler@47073798{logs,/logs,file:///home/runner/work/ozone/ozone/hadoop-ozone/integration-test/target/log,AVAILABLE}
2021-08-14 13:13:15,027 [Listener at 0.0.0.0/44415] INFO  handler.ContextHandler (ContextHandler.java:doStart(915)) - Started o.e.j.s.ServletContextHandler@4b42becd{static,/static,file:///home/runner/work/ozone/ozone/hadoop-ozone/integration-test/target/test-classes/webapps/static,AVAILABLE}
2021-08-14 13:13:15,064 [Listener at 0.0.0.0/44415] INFO  handler.ContextHandler (ContextHandler.java:doStart(915)) - Started o.e.j.w.WebAppContext@42c910db{scm,/,file:///home/runner/work/ozone/ozone/hadoop-ozone/integration-test/target/test-classes/webapps/scm/,AVAILABLE}{file:/home/runner/work/ozone/ozone/hadoop-ozone/integration-test/target/test-classes/webapps/scm}
2021-08-14 13:13:15,070 [Listener at 0.0.0.0/44415] INFO  server.AbstractConnector (AbstractConnector.java:doStart(331)) - Started ServerConnector@18fcd54a{HTTP/1.1, (http/1.1)}{0.0.0.0:45111}
2021-08-14 13:13:15,070 [Listener at 0.0.0.0/44415] INFO  server.Server (Server.java:doStart(415)) - Started @105638ms
2021-08-14 13:13:15,070 [Listener at 0.0.0.0/44415] WARN  impl.MetricsSystemImpl (MetricsSystemImpl.java:register(279)) - Sink prometheus already exists!
2021-08-14 13:13:15,071 [Listener at 0.0.0.0/44415] INFO  http.BaseHttpServer (BaseHttpServer.java:updateConnectorAddress(329)) - HTTP server of scm listening at http://0.0.0.0:45111
2021-08-14 13:13:15,071 [Listener at 0.0.0.0/44415] WARN  server.ServerUtils (ServerUtils.java:getDBPath(225)) - ozone.om.db.dirs is not configured. We recommend adding this setting. Falling back to ozone.metadata.dirs instead.
2021-08-14 13:13:15,086 [Listener at 0.0.0.0/44415] INFO  ha.OMHANodeDetails (OMHANodeDetails.java:loadOMHAConfig(112)) - ozone.om.internal.service.id is not defined, falling back to ozone.om.service.ids to find serviceID for OzoneManager if it is HA enabled cluster
2021-08-14 13:13:15,086 [Listener at 0.0.0.0/44415] INFO  ha.OMHANodeDetails (OMHANodeDetails.java:loadOMHAConfig(219)) - Configuration does not have ozone.om.address set. Falling back to the default OM address /127.0.0.1:0
2021-08-14 13:13:15,086 [Listener at 0.0.0.0/44415] INFO  ha.OMHANodeDetails (OMHANodeDetails.java:getOMNodeDetails(247)) - OM Service ID is not set. Setting it to the default ID: omServiceIdDefault
2021-08-14 13:13:15,086 [Listener at 0.0.0.0/44415] INFO  ha.OMHANodeDetails (OMHANodeDetails.java:getOMNodeDetails(254)) - OM Node ID is not set. Setting it to the default ID: om1
2021-08-14 13:13:15,087 [Listener at 0.0.0.0/44415] WARN  server.ServerUtils (ServerUtils.java:getDBPath(225)) - ozone.om.db.dirs is not configured. We recommend adding this setting. Falling back to ozone.metadata.dirs instead.
2021-08-14 13:13:15,087 [Listener at 0.0.0.0/44415] INFO  upgrade.AbstractLayoutVersionManager (AbstractLayoutVersionManager.java:init(70)) - Initializing Layout version manager with metadata layout = INITIAL_VERSION (version = 0), software layout = INITIAL_VERSION (version = 0)
2021-08-14 13:13:15,267 [Listener at 0.0.0.0/44415] INFO  reflections.Reflections (Reflections.java:scan(232)) - Reflections took 179 ms to scan 2 urls, producing 131 keys and 342 values [using 2 cores]
2021-08-14 13:13:15,267 [Listener at 0.0.0.0/44415] INFO  upgrade.OMLayoutVersionManager (OMLayoutVersionManager.java:lambda$0(116)) - Skipping Upgrade Action MockOmUpgradeAction since it has been finalized.
2021-08-14 13:13:15,267 [Listener at 0.0.0.0/44415] WARN  server.ServerUtils (ServerUtils.java:getDBPath(225)) - ozone.om.db.dirs is not configured. We recommend adding this setting. Falling back to ozone.metadata.dirs instead.
2021-08-14 13:13:15,303 [Listener at 0.0.0.0/44415] WARN  server.ServerUtils (ServerUtils.java:getDBPath(225)) - ozone.om.db.dirs is not configured. We recommend adding this setting. Falling back to ozone.metadata.dirs instead.
2021-08-14 13:13:15,304 [Listener at 0.0.0.0/44415] INFO  codec.OmKeyInfoCodec (OmKeyInfoCodec.java:<init>(51)) - OmKeyInfoCodec ignorePipeline = true
2021-08-14 13:13:15,304 [Listener at 0.0.0.0/44415] INFO  codec.RepeatedOmKeyInfoCodec (RepeatedOmKeyInfoCodec.java:<init>(42)) - RepeatedOmKeyInfoCodec ignorePipeline = true
2021-08-14 13:13:15,724 [Listener at 0.0.0.0/44415] INFO  om.OzoneManager (OzoneManager.java:addS3GVolumeToDB(4115)) - Created Volume s3v With Owner runner required for S3Gateway operations.
2021-08-14 13:13:15,724 [Listener at 0.0.0.0/44415] WARN  server.ServerUtils (ServerUtils.java:getDefaultRatisDirectory(237)) - Storage directory for Ratis is not configured. It is a good idea to map this to an SSD disk. Falling back to ozone.metadata.dirs
2021-08-14 13:13:15,724 [Listener at 0.0.0.0/44415] WARN  utils.OzoneManagerRatisUtils (OzoneManagerRatisUtils.java:getOMRatisSnapshotDirectory(391)) - ozone.om.ratis.snapshot.dir is not configured. Falling back to ozone.metadata.dirs config
2021-08-14 13:13:15,725 [Listener at 0.0.0.0/44415] WARN  server.ServerUtils (ServerUtils.java:getDefaultRatisDirectory(237)) - Storage directory for Ratis is not configured. It is a good idea to map this to an SSD disk. Falling back to ozone.metadata.dirs
2021-08-14 13:13:15,726 [Listener at 0.0.0.0/44415] INFO  ratis.OzoneManagerRatisServer (OzoneManagerRatisServer.java:<init>(158)) - Instantiating OM Ratis server with groupID: omServiceIdDefault and peers: localhost:9872
2021-08-14 13:13:15,726 [Listener at 0.0.0.0/44415] INFO  ratis.OzoneManagerStateMachine (OzoneManagerStateMachine.java:loadSnapshotInfoFromDB(605)) - LastAppliedIndex is set from TransactionInfo from OM DB as (t:0, i:~)
2021-08-14 13:13:15,726 [Listener at 0.0.0.0/44415] INFO  server.RaftServer (ConfUtils.java:logGet(44)) - raft.rpc.type = GRPC (default)
2021-08-14 13:13:15,726 [Listener at 0.0.0.0/44415] INFO  grpc.GrpcFactory (GrpcFactory.java:checkPooledByteBufAllocatorUseCacheForAllThreads(48)) - PERFORMANCE WARNING: useCacheForAllThreads is true that may cause Netty to create a lot garbage objects and, as a result, trigger GC.
	It is recommended to disable useCacheForAllThreads by setting -Dorg.apache.ratis.thirdparty.io.netty.allocator.useCacheForAllThreads=false in command line.
2021-08-14 13:13:15,726 [Listener at 0.0.0.0/44415] INFO  grpc.GrpcConfigKeys (ConfUtils.java:logGet(44)) - raft.grpc.admin.port = -1 (default)
2021-08-14 13:13:15,726 [Listener at 0.0.0.0/44415] INFO  grpc.GrpcConfigKeys (ConfUtils.java:logGet(44)) - raft.grpc.server.port = 9872 (custom)
2021-08-14 13:13:15,727 [Listener at 0.0.0.0/44415] INFO  grpc.GrpcConfigKeys (ConfUtils.java:logGet(44)) - raft.grpc.client.port = -1 (default)
2021-08-14 13:13:15,727 [Listener at 0.0.0.0/44415] INFO  grpc.GrpcConfigKeys (ConfUtils.java:logGet(44)) - raft.grpc.server.port = 9872 (custom)
2021-08-14 13:13:15,727 [Listener at 0.0.0.0/44415] INFO  grpc.GrpcConfigKeys (ConfUtils.java:logGet(44)) - raft.grpc.server.port = 9872 (custom)
2021-08-14 13:13:15,727 [Listener at 0.0.0.0/44415] INFO  server.GrpcService (ConfUtils.java:logGet(44)) - raft.grpc.message.size.max = 33554432 (custom)
2021-08-14 13:13:15,727 [Listener at 0.0.0.0/44415] INFO  server.RaftServerConfigKeys (ConfUtils.java:logGet(44)) - raft.server.log.appender.buffer.byte-limit = 33554432 (custom)
2021-08-14 13:13:15,727 [Listener at 0.0.0.0/44415] INFO  server.GrpcService (ConfUtils.java:logGet(44)) - raft.grpc.flow.control.window = 1MB (=1048576) (default)
2021-08-14 13:13:15,727 [Listener at 0.0.0.0/44415] INFO  server.RaftServerConfigKeys (ConfUtils.java:logGet(44)) - raft.server.rpc.request.timeout = 3000ms (default)
2021-08-14 13:13:15,728 [Listener at 0.0.0.0/44415] INFO  impl.DataStreamServerImpl (ConfUtils.java:logGet(44)) - raft.datastream.type = DISABLED (default)
2021-08-14 13:13:15,728 [Listener at 0.0.0.0/44415] INFO  server.RaftServerConfigKeys (ConfUtils.java:logGet(44)) - raft.server.rpc.slowness.timeout = 120s (custom)
2021-08-14 13:13:15,728 [Listener at 0.0.0.0/44415] INFO  server.RaftServerConfigKeys (ConfUtils.java:logGet(44)) - raft.server.leaderelection.leader.step-down.wait-time = 10s (default)
2021-08-14 13:13:15,729 [Listener at 0.0.0.0/44415] INFO  server.RaftServerConfigKeys (ConfUtils.java:logGet(44)) - raft.server.storage.dir = [/home/runner/work/ozone/ozone/hadoop-ozone/integration-test/target/test-dir/MiniOzoneClusterImpl-d039c420-9dd2-4032-a768-5c23a44c40fe/ozone-meta/ratis] (custom)
2021-08-14 13:13:15,734 [Listener at 0.0.0.0/44415] INFO  server.RaftServer (RaftServerProxy.java:addNew(95)) - om1: addNew group-C5BA1605619E:[om1|rpc:localhost:9872|priority:0] returns group-C5BA1605619E:java.util.concurrent.CompletableFuture@66ed8a5a[Not completed]
2021-08-14 13:13:15,734 [Listener at 0.0.0.0/44415] INFO  om.OzoneManager (OzoneManager.java:initializeRatisServer(1573)) - OzoneManager Ratis server initialized at port 9872
2021-08-14 13:13:15,736 [Listener at 0.0.0.0/44415] INFO  ipc.CallQueueManager (CallQueueManager.java:<init>(90)) - Using callQueue: class java.util.concurrent.LinkedBlockingQueue, queueCapacity: 2000, scheduler: class org.apache.hadoop.ipc.DefaultRpcScheduler, ipcBackoff: false.
2021-08-14 13:13:15,746 [pool-355-thread-1] INFO  server.RaftServer$Division (RaftServerImpl.java:<init>(181)) - om1: new RaftServerImpl for group-C5BA1605619E:[om1|rpc:localhost:9872|priority:0] with OzoneManagerStateMachine:uninitialized
2021-08-14 13:13:15,778 [Socket Reader #1 for port 0] INFO  ipc.Server (Server.java:run(1265)) - Starting Socket Reader #1 for port 0
2021-08-14 13:13:15,783 [pool-355-thread-1] INFO  server.RaftServerConfigKeys (ConfUtils.java:logGet(44)) - raft.server.rpc.timeout.min = 1s (custom)
2021-08-14 13:13:15,783 [pool-355-thread-1] INFO  server.RaftServerConfigKeys (ConfUtils.java:logGet(44)) - raft.server.rpc.timeout.max = 1200ms (custom)
2021-08-14 13:13:15,783 [pool-355-thread-1] INFO  server.RaftServerConfigKeys (ConfUtils.java:logGet(44)) - raft.server.rpc.sleep.time = 25ms (default)
2021-08-14 13:13:15,783 [pool-355-thread-1] INFO  server.RaftServerConfigKeys (ConfUtils.java:logGet(44)) - raft.server.rpc.slowness.timeout = 120s (custom)
2021-08-14 13:13:15,783 [pool-355-thread-1] INFO  server.RaftServerConfigKeys (ConfUtils.java:logGet(44)) - raft.server.leaderelection.leader.step-down.wait-time = 10s (default)
2021-08-14 13:13:15,783 [pool-355-thread-1] INFO  server.RaftServerConfigKeys (ConfUtils.java:logGet(44)) - raft.server.sleep.deviation.threshold = 300ms (default)
2021-08-14 13:13:15,783 [pool-355-thread-1] INFO  server.RaftServerConfigKeys (ConfUtils.java:logGet(44)) - raft.server.log.appender.install.snapshot.enabled = false (custom)
2021-08-14 13:13:15,783 [pool-355-thread-1] INFO  server.RaftServer$Division (ServerState.java:<init>(105)) - om1@group-C5BA1605619E: ConfigurationManager, init=-1: [om1|rpc:localhost:9872|priority:0], old=null, confs=<EMPTY_MAP>
2021-08-14 13:13:15,783 [pool-355-thread-1] INFO  server.RaftServerConfigKeys (ConfUtils.java:logGet(44)) - raft.server.storage.dir = [/home/runner/work/ozone/ozone/hadoop-ozone/integration-test/target/test-dir/MiniOzoneClusterImpl-d039c420-9dd2-4032-a768-5c23a44c40fe/ozone-meta/ratis] (custom)
2021-08-14 13:13:15,783 [pool-355-thread-1] INFO  server.RaftServerConfigKeys (ConfUtils.java:logGet(44)) - raft.server.log.corruption.policy = EXCEPTION (default)
2021-08-14 13:13:15,783 [pool-355-thread-1] INFO  server.RaftServerConfigKeys (ConfUtils.java:logGet(44)) - raft.server.storage.free-space.min = 0MB (=0) (default)
2021-08-14 13:13:15,783 [pool-355-thread-1] INFO  storage.RaftStorageDirectory (RaftStorageDirectoryImpl.java:analyzeStorage(135)) - The storage directory /home/runner/work/ozone/ozone/hadoop-ozone/integration-test/target/test-dir/MiniOzoneClusterImpl-d039c420-9dd2-4032-a768-5c23a44c40fe/ozone-meta/ratis/bf265839-605b-3f16-9796-c5ba1605619e does not exist. Creating ...
2021-08-14 13:13:15,786 [pool-355-thread-1] INFO  storage.RaftStorageDirectory (RaftStorageDirectoryImpl.java:tryLock(230)) - Lock on /home/runner/work/ozone/ozone/hadoop-ozone/integration-test/target/test-dir/MiniOzoneClusterImpl-d039c420-9dd2-4032-a768-5c23a44c40fe/ozone-meta/ratis/bf265839-605b-3f16-9796-c5ba1605619e/in_use.lock acquired by nodename 22214@fv-az50-903
2021-08-14 13:13:15,787 [pool-355-thread-1] INFO  storage.RaftStorage (RaftStorageImpl.java:format(89)) - Storage directory /home/runner/work/ozone/ozone/hadoop-ozone/integration-test/target/test-dir/MiniOzoneClusterImpl-d039c420-9dd2-4032-a768-5c23a44c40fe/ozone-meta/ratis/bf265839-605b-3f16-9796-c5ba1605619e has been successfully formatted.
2021-08-14 13:13:15,787 [pool-355-thread-1] INFO  server.RaftServerConfigKeys (ConfUtils.java:logGet(44)) - raft.server.notification.no-leader.timeout = 120s (custom)
2021-08-14 13:13:15,787 [pool-355-thread-1] INFO  server.RaftServerConfigKeys (ConfUtils.java:logGet(44)) - raft.server.log.use.memory = false (default)
2021-08-14 13:13:15,787 [pool-355-thread-1] INFO  server.RaftServerConfigKeys (ConfUtils.java:logGet(44)) - raft.server.log.purge.gap = 1000000 (custom)
2021-08-14 13:13:15,787 [pool-355-thread-1] INFO  server.RaftServerConfigKeys (ConfUtils.java:logGet(44)) - raft.server.log.appender.buffer.byte-limit = 33554432 (custom)
2021-08-14 13:13:15,787 [pool-355-thread-1] INFO  server.RaftServerConfigKeys (ConfUtils.java:logGet(44)) - raft.server.log.segment.size.max = 4194304 (custom)
2021-08-14 13:13:15,788 [pool-355-thread-1] INFO  server.RaftServerConfigKeys (ConfUtils.java:logGet(44)) - raft.server.log.segment.cache.num.max = 2 (custom)
2021-08-14 13:13:15,788 [pool-355-thread-1] INFO  server.RaftServerConfigKeys (ConfUtils.java:logGet(44)) - raft.server.log.segment.cache.size.max = 200MB (=209715200) (default)
2021-08-14 13:13:15,788 [pool-355-thread-1] INFO  segmented.SegmentedRaftLogWorker (SegmentedRaftLogWorker.java:<init>(182)) - new om1@group-C5BA1605619E-SegmentedRaftLogWorker for RaftStorageImpl:Storage Directory /home/runner/work/ozone/ozone/hadoop-ozone/integration-test/target/test-dir/MiniOzoneClusterImpl-d039c420-9dd2-4032-a768-5c23a44c40fe/ozone-meta/ratis/bf265839-605b-3f16-9796-c5ba1605619e
2021-08-14 13:13:15,788 [pool-355-thread-1] INFO  server.RaftServerConfigKeys (ConfUtils.java:logGet(44)) - raft.server.log.queue.byte-limit = 64MB (=67108864) (default)
2021-08-14 13:13:15,788 [pool-355-thread-1] INFO  server.RaftServerConfigKeys (ConfUtils.java:logGet(44)) - raft.server.log.queue.element-limit = 4096 (default)
2021-08-14 13:13:15,788 [pool-355-thread-1] INFO  server.RaftServerConfigKeys (ConfUtils.java:logGet(44)) - raft.server.log.segment.size.max = 4194304 (custom)
2021-08-14 13:13:15,788 [pool-355-thread-1] INFO  server.RaftServerConfigKeys (ConfUtils.java:logGet(44)) - raft.server.log.preallocated.size = 4194304 (custom)
2021-08-14 13:13:15,788 [pool-355-thread-1] INFO  server.RaftServerConfigKeys (ConfUtils.java:logGet(44)) - raft.server.log.force.sync.num = 128 (default)
2021-08-14 13:13:15,788 [pool-355-thread-1] INFO  server.RaftServerConfigKeys (ConfUtils.java:logGet(44)) - raft.server.log.statemachine.data.sync = true (default)
2021-08-14 13:13:15,788 [pool-355-thread-1] INFO  server.RaftServerConfigKeys (ConfUtils.java:logGet(44)) - raft.server.log.statemachine.data.sync.timeout = 10s (default)
2021-08-14 13:13:15,788 [pool-355-thread-1] INFO  server.RaftServerConfigKeys (ConfUtils.java:logGet(44)) - raft.server.log.statemachine.data.sync.timeout.retry = -1 (default)
2021-08-14 13:13:15,789 [pool-355-thread-1] INFO  server.RaftServerConfigKeys (ConfUtils.java:logGet(44)) - raft.server.log.write.buffer.size = 64KB (=65536) (default)
2021-08-14 13:13:15,789 [pool-355-thread-1] INFO  server.RaftServerConfigKeys (ConfUtils.java:logGet(44)) - raft.server.log.statemachine.data.caching.enabled = false (default)
2021-08-14 13:13:15,789 [pool-355-thread-1] INFO  segmented.SegmentedRaftLogWorker (SegmentedRaftLogWorker.java:lambda$new$0(133)) - om1@group-C5BA1605619E-SegmentedRaftLogWorker: flushIndex: setUnconditionally 0 -> -1
2021-08-14 13:13:15,789 [pool-355-thread-1] INFO  segmented.SegmentedRaftLogWorker (SegmentedRaftLogWorker.java:lambda$new$0(133)) - om1@group-C5BA1605619E-SegmentedRaftLogWorker: safeCacheEvictIndex: setUnconditionally 0 -> -1
2021-08-14 13:13:15,789 [pool-355-thread-1] INFO  server.RaftServerConfigKeys (ConfUtils.java:logGet(44)) - raft.server.snapshot.auto.trigger.enabled = true (custom)
2021-08-14 13:13:15,789 [pool-355-thread-1] INFO  server.RaftServerConfigKeys (ConfUtils.java:logGet(44)) - raft.server.snapshot.auto.trigger.threshold = 400000 (default)
2021-08-14 13:13:15,790 [pool-355-thread-1] INFO  server.RaftServerConfigKeys (ConfUtils.java:logGet(44)) - raft.server.snapshot.retention.file.num = -1 (default)
2021-08-14 13:13:15,790 [pool-355-thread-1] INFO  server.RaftServerConfigKeys (ConfUtils.java:logGet(44)) - raft.server.log.purge.upto.snapshot.index = true (custom)
2021-08-14 13:13:15,790 [pool-355-thread-1] INFO  server.RaftServerConfigKeys (ConfUtils.java:logGet(44)) - raft.server.retrycache.expirytime = 300s (custom)
2021-08-14 13:13:15,790 [pool-355-thread-1] INFO  server.RaftServerConfigKeys (ConfUtils.java:logGet(44)) - raft.server.retrycache.statistics.expirytime = 100μs (default)
2021-08-14 13:13:15,804 [Listener at 127.0.0.1/44917] INFO  om.OzoneManager (OzoneManager.java:initFSOLayout(4321)) - Configured ozone.om.metadata.layout=SIMPLE and disabled optimized OM FS operations
2021-08-14 13:13:15,805 [Listener at 127.0.0.1/44917] INFO  impl.MetricsSystemImpl (MetricsSystemImpl.java:init(158)) - OzoneManager metrics system started (again)
2021-08-14 13:13:15,870 [Listener at 127.0.0.1/44917] INFO  om.OzoneManager (OzoneManager.java:start(1270)) - OzoneManager RPC server is listening at localhost/127.0.0.1:44917
2021-08-14 13:13:15,883 [Listener at 127.0.0.1/44917] INFO  ratis.OzoneManagerRatisServer (OzoneManagerRatisServer.java:start(516)) - Starting OzoneManagerRatisServer om1 at port 9872
2021-08-14 13:13:15,884 [Listener at 127.0.0.1/44917] INFO  server.RaftServer$Division (RaftServerImpl.java:start(296)) - om1@group-C5BA1605619E: start as a follower, conf=-1: [om1|rpc:localhost:9872|priority:0], old=null
2021-08-14 13:13:15,884 [Listener at 127.0.0.1/44917] INFO  server.RaftServer$Division (RaftServerImpl.java:setRole(285)) - om1@group-C5BA1605619E: changes role from      null to FOLLOWER at term 0 for startAsFollower
2021-08-14 13:13:15,884 [Listener at 127.0.0.1/44917] INFO  impl.RoleInfo (RoleInfo.java:updateAndGet(130)) - om1: start om1@group-C5BA1605619E-FollowerState
2021-08-14 13:13:15,884 [Listener at 127.0.0.1/44917] INFO  util.JmxRegister (JmxRegister.java:tryRegister(44)) - Successfully registered JMX Bean with object name Ratis:service=RaftServer,group=group-C5BA1605619E,id=om1
2021-08-14 13:13:15,906 [Listener at 127.0.0.1/44917] INFO  server.RaftServer (RaftServerProxy.java:lambda$start$5(374)) - om1: start RPC server
2021-08-14 13:13:15,931 [Listener at 127.0.0.1/44917] INFO  server.GrpcService (GrpcService.java:startImpl(253)) - om1: GrpcService started, listening on 9872
2021-08-14 13:13:15,942 [Listener at 127.0.0.1/44917] INFO  om.OzoneManager (OzoneManager.java:start(1288)) - Version File has different layout version (0) than OM DB (null). That is expected if this OM has never been finalized to a newer layout version.
2021-08-14 13:13:15,942 [org.apache.ratis.util.JvmPauseMonitor$$Lambda$531/1290668879@2e1483bb] INFO  util.JvmPauseMonitor (JvmPauseMonitor.java:run(103)) - JvmPauseMonitor-om1: Started
2021-08-14 13:13:15,978 [Listener at 127.0.0.1/44917] INFO  http.BaseHttpServer (BaseHttpServer.java:newHttpServer2BuilderForOzone(209)) - Starting Web-server for ozoneManager at: http://0.0.0.0:0
2021-08-14 13:13:15,978 [Listener at 127.0.0.1/44917] INFO  http.BaseHttpServer (BaseHttpServer.java:<init>(107)) - Hadoop Security Enabled: false Ozone Security Enabled: false Ozone HTTP Security Enabled: false 
2021-08-14 13:13:15,979 [Listener at 127.0.0.1/44917] INFO  server.AuthenticationFilter (AuthenticationFilter.java:constructSecretProvider(240)) - Unable to initialize FileSignerSecretProvider, falling back to use random secrets.
2021-08-14 13:13:15,997 [Listener at 127.0.0.1/44917] WARN  http.HttpRequestLog (HttpRequestLog.java:getRequestLog(103)) - Jetty request log can only be enabled using Log4j
2021-08-14 13:13:16,006 [Listener at 127.0.0.1/44917] INFO  http.HttpServer2 (HttpServer2.java:addGlobalFilter(1020)) - Added global filter 'safety' (class=org.apache.hadoop.hdds.server.http.HttpServer2$QuotingInputFilter)
2021-08-14 13:13:16,007 [Listener at 127.0.0.1/44917] INFO  http.HttpServer2 (HttpServer2.java:addFilter(996)) - Added filter static_user_filter (class=org.apache.hadoop.http.lib.StaticUserWebFilter$StaticUserFilter) to context ozoneManager
2021-08-14 13:13:16,007 [Listener at 127.0.0.1/44917] INFO  http.HttpServer2 (HttpServer2.java:addFilter(1004)) - Added filter static_user_filter (class=org.apache.hadoop.http.lib.StaticUserWebFilter$StaticUserFilter) to context logs
2021-08-14 13:13:16,007 [Listener at 127.0.0.1/44917] INFO  http.HttpServer2 (HttpServer2.java:addFilter(1004)) - Added filter static_user_filter (class=org.apache.hadoop.http.lib.StaticUserWebFilter$StaticUserFilter) to context static
2021-08-14 13:13:16,007 [Listener at 127.0.0.1/44917] INFO  http.HttpServer2 (HttpServer2.java:bindListener(1239)) - Jetty bound to port 40049
2021-08-14 13:13:16,007 [Listener at 127.0.0.1/44917] INFO  server.Server (Server.java:doStart(375)) - jetty-9.4.43.v20210629; built: 2021-06-30T11:07:22.254Z; git: 526006ecfa3af7f1a27ef3a288e2bef7ea9dd7e8; jvm 1.8.0_292-b10
2021-08-14 13:13:16,150 [Listener at 127.0.0.1/44917] INFO  server.session (DefaultSessionIdManager.java:doStart(334)) - DefaultSessionIdManager workerName=node0
2021-08-14 13:13:16,150 [Listener at 127.0.0.1/44917] INFO  server.session (DefaultSessionIdManager.java:doStart(339)) - No SessionScavenger set, using defaults
2021-08-14 13:13:16,151 [Listener at 127.0.0.1/44917] INFO  server.session (HouseKeeper.java:startScavenging(132)) - node0 Scavenging every 660000ms
2021-08-14 13:13:16,158 [Listener at 127.0.0.1/44917] INFO  handler.ContextHandler (ContextHandler.java:doStart(915)) - Started o.e.j.s.ServletContextHandler@49292d2e{logs,/logs,file:///home/runner/work/ozone/ozone/hadoop-ozone/integration-test/target/log,AVAILABLE}
2021-08-14 13:13:16,159 [Listener at 127.0.0.1/44917] INFO  handler.ContextHandler (ContextHandler.java:doStart(915)) - Started o.e.j.s.ServletContextHandler@59997b26{static,/static,file:///home/runner/work/ozone/ozone/hadoop-ozone/integration-test/target/test-classes/webapps/static,AVAILABLE}
2021-08-14 13:13:16,162 [Listener at 127.0.0.1/44917] INFO  handler.ContextHandler (ContextHandler.java:doStart(915)) - Started o.e.j.w.WebAppContext@2d3f5b53{ozoneManager,/,file:///home/runner/work/ozone/ozone/hadoop-ozone/integration-test/target/test-classes/webapps/ozoneManager/,AVAILABLE}{file:/home/runner/work/ozone/ozone/hadoop-ozone/integration-test/target/test-classes/webapps/ozoneManager}
2021-08-14 13:13:16,194 [Listener at 127.0.0.1/44917] INFO  server.AbstractConnector (AbstractConnector.java:doStart(331)) - Started ServerConnector@b9711f9{HTTP/1.1, (http/1.1)}{0.0.0.0:40049}
2021-08-14 13:13:16,194 [Listener at 127.0.0.1/44917] INFO  server.Server (Server.java:doStart(415)) - Started @106762ms
2021-08-14 13:13:16,194 [Listener at 127.0.0.1/44917] WARN  impl.MetricsSystemImpl (MetricsSystemImpl.java:register(279)) - Sink prometheus already exists!
2021-08-14 13:13:16,198 [Listener at 127.0.0.1/44917] INFO  http.BaseHttpServer (BaseHttpServer.java:updateConnectorAddress(329)) - HTTP server of ozoneManager listening at http://0.0.0.0:40049
2021-08-14 13:13:16,206 [IPC Server Responder] INFO  ipc.Server (Server.java:run(1507)) - IPC Server Responder: starting
2021-08-14 13:13:16,226 [IPC Server listener on 0] INFO  ipc.Server (Server.java:run(1344)) - IPC Server listener on 0: starting
2021-08-14 13:13:16,390 [Listener at 127.0.0.1/44917] INFO  om.OzoneManager (OzoneManager.java:startTrashEmptier(1531)) - Trash Interval set to 0. Files deleted will not move to trash
2021-08-14 13:13:16,392 [org.apache.hadoop.util.JvmPauseMonitor$Monitor@53b6d92a] INFO  util.JvmPauseMonitor (JvmPauseMonitor.java:run(188)) - Starting JVM pause monitor
2021-08-14 13:13:16,419 [Listener at 127.0.0.1/44917] WARN  impl.MetricRegistriesImpl (MetricRegistriesImpl.java:addReporterRegistration(111)) - New reporters are added after registries were created. Some metrics will be missing from the reporter. Please add reporter before adding any new registry.
2021-08-14 13:13:16,419 [Listener at 127.0.0.1/44917] WARN  impl.MetricRegistriesImpl (MetricRegistriesImpl.java:addReporterRegistration(111)) - New reporters are added after registries were created. Some metrics will be missing from the reporter. Please add reporter before adding any new registry.
2021-08-14 13:13:16,421 [Listener at 127.0.0.1/44917] INFO  impl.MetricsSystemImpl (MetricsSystemImpl.java:init(158)) - HddsDatanode metrics system started (again)
2021-08-14 13:13:16,503 [Listener at 127.0.0.1/44917] INFO  ozone.HddsDatanodeService (HddsDatanodeService.java:start(234)) - HddsDatanodeService host:fv-az50-903.grzltbmokehuzjyc5b133kdqgh.cx.internal.cloudapp.net ip:10.1.0.55
2021-08-14 13:13:16,600 [Listener at 127.0.0.1/44917] INFO  upgrade.AbstractLayoutVersionManager (AbstractLayoutVersionManager.java:init(70)) - Initializing Layout version manager with metadata layout = SCM_HA (version = 2), software layout = SCM_HA (version = 2)
2021-08-14 13:13:16,722 [Listener at 127.0.0.1/44917] INFO  reflections.Reflections (Reflections.java:scan(232)) - Reflections took 120 ms to scan 7 urls, producing 120 keys and 275 values 
2021-08-14 13:13:16,725 [Listener at 127.0.0.1/44917] INFO  volume.HddsVolume (HddsVolume.java:<init>(120)) - Creating HddsVolume: /home/runner/work/ozone/ozone/hadoop-ozone/integration-test/target/test-dir/MiniOzoneClusterImpl-d039c420-9dd2-4032-a768-5c23a44c40fe/datanode-0/data-0/containers/hdds of storage type : DISK capacity : 9223372036854775807
2021-08-14 13:13:16,725 [Listener at 127.0.0.1/44917] INFO  volume.MutableVolumeSet (MutableVolumeSet.java:initializeVolumeSet(181)) - Added Volume : /home/runner/work/ozone/ozone/hadoop-ozone/integration-test/target/test-dir/MiniOzoneClusterImpl-d039c420-9dd2-4032-a768-5c23a44c40fe/datanode-0/data-0/containers/hdds to VolumeSet
2021-08-14 13:13:16,725 [Listener at 127.0.0.1/44917] INFO  volume.ThrottledAsyncChecker (ThrottledAsyncChecker.java:schedule(141)) - Scheduling a check for /home/runner/work/ozone/ozone/hadoop-ozone/integration-test/target/test-dir/MiniOzoneClusterImpl-d039c420-9dd2-4032-a768-5c23a44c40fe/datanode-0/data-0/containers/hdds
2021-08-14 13:13:16,727 [Listener at 127.0.0.1/44917] INFO  volume.StorageVolumeChecker (StorageVolumeChecker.java:checkAllVolumes(202)) - Scheduled health check for volume /home/runner/work/ozone/ozone/hadoop-ozone/integration-test/target/test-dir/MiniOzoneClusterImpl-d039c420-9dd2-4032-a768-5c23a44c40fe/datanode-0/data-0/containers/hdds
2021-08-14 13:13:16,741 [Listener at 127.0.0.1/44917] INFO  volume.MutableVolumeSet (MutableVolumeSet.java:initializeVolumeSet(181)) - Added Volume : /home/runner/work/ozone/ozone/hadoop-ozone/integration-test/target/test-dir/MiniOzoneClusterImpl-d039c420-9dd2-4032-a768-5c23a44c40fe/datanode-0/data/ratis to VolumeSet
2021-08-14 13:13:16,741 [Listener at 127.0.0.1/44917] INFO  volume.ThrottledAsyncChecker (ThrottledAsyncChecker.java:schedule(141)) - Scheduling a check for /home/runner/work/ozone/ozone/hadoop-ozone/integration-test/target/test-dir/MiniOzoneClusterImpl-d039c420-9dd2-4032-a768-5c23a44c40fe/datanode-0/data/ratis
2021-08-14 13:13:16,741 [Listener at 127.0.0.1/44917] INFO  volume.StorageVolumeChecker (StorageVolumeChecker.java:checkAllVolumes(202)) - Scheduled health check for volume /home/runner/work/ozone/ozone/hadoop-ozone/integration-test/target/test-dir/MiniOzoneClusterImpl-d039c420-9dd2-4032-a768-5c23a44c40fe/datanode-0/data/ratis
2021-08-14 13:13:16,795 [Listener at 127.0.0.1/44917] INFO  ozoneimpl.ContainerReader (ContainerReader.java:<init>(98)) - Running in upgrade mode:true
2021-08-14 13:13:16,822 [Thread-870] INFO  ozoneimpl.ContainerReader (ContainerReader.java:readVolume(142)) - Start to verify containers on volume /home/runner/work/ozone/ozone/hadoop-ozone/integration-test/target/test-dir/MiniOzoneClusterImpl-d039c420-9dd2-4032-a768-5c23a44c40fe/datanode-0/data-0/containers/hdds
2021-08-14 13:13:16,822 [Thread-870] INFO  ozoneimpl.ContainerReader (ContainerReader.java:readVolume(174)) - Finish verifying containers on volume /home/runner/work/ozone/ozone/hadoop-ozone/integration-test/target/test-dir/MiniOzoneClusterImpl-d039c420-9dd2-4032-a768-5c23a44c40fe/datanode-0/data-0/containers/hdds
2021-08-14 13:13:16,822 [Listener at 127.0.0.1/44917] INFO  ozoneimpl.OzoneContainer (OzoneContainer.java:buildContainerSet(237)) - Build ContainerSet costs 0s
2021-08-14 13:13:16,824 [Listener at 127.0.0.1/44917] INFO  server.RaftServer (ConfUtils.java:logGet(44)) - raft.rpc.type = GRPC (default)
2021-08-14 13:13:16,824 [Listener at 127.0.0.1/44917] INFO  grpc.GrpcFactory (GrpcFactory.java:checkPooledByteBufAllocatorUseCacheForAllThreads(48)) - PERFORMANCE WARNING: useCacheForAllThreads is true that may cause Netty to create a lot garbage objects and, as a result, trigger GC.
	It is recommended to disable useCacheForAllThreads by setting -Dorg.apache.ratis.thirdparty.io.netty.allocator.useCacheForAllThreads=false in command line.
2021-08-14 13:13:16,824 [Listener at 127.0.0.1/44917] INFO  grpc.GrpcConfigKeys (ConfUtils.java:logGet(44)) - raft.grpc.admin.port = 0 (custom)
2021-08-14 13:13:16,824 [Listener at 127.0.0.1/44917] INFO  grpc.GrpcConfigKeys (ConfUtils.java:logGet(44)) - raft.grpc.client.port = 0 (custom)
2021-08-14 13:13:16,824 [Listener at 127.0.0.1/44917] INFO  grpc.GrpcConfigKeys (ConfUtils.java:logGet(44)) - raft.grpc.server.port = 0 (default)
2021-08-14 13:13:16,824 [Listener at 127.0.0.1/44917] INFO  server.GrpcService (ConfUtils.java:logGet(44)) - raft.grpc.message.size.max = 32MB (=33554432) (custom)
2021-08-14 13:13:16,825 [Listener at 127.0.0.1/44917] INFO  server.RaftServerConfigKeys (ConfUtils.java:logGet(44)) - raft.server.log.appender.buffer.byte-limit = 33554432 (custom)
2021-08-14 13:13:16,825 [Listener at 127.0.0.1/44917] INFO  server.GrpcService (ConfUtils.java:logGet(44)) - raft.grpc.flow.control.window = 5MB (=5242880) (custom)
2021-08-14 13:13:16,825 [Listener at 127.0.0.1/44917] INFO  server.RaftServerConfigKeys (ConfUtils.java:logGet(44)) - raft.server.rpc.request.timeout = 60s (custom)
2021-08-14 13:13:16,826 [Listener at 127.0.0.1/44917] INFO  impl.DataStreamServerImpl (ConfUtils.java:logGet(44)) - raft.datastream.type = DISABLED (default)
2021-08-14 13:13:16,826 [Listener at 127.0.0.1/44917] INFO  server.RaftServerConfigKeys (ConfUtils.java:logGet(44)) - raft.server.rpc.slowness.timeout = 300s (custom)
2021-08-14 13:13:16,826 [Listener at 127.0.0.1/44917] INFO  server.RaftServerConfigKeys (ConfUtils.java:logGet(44)) - raft.server.leaderelection.leader.step-down.wait-time = 10s (default)
2021-08-14 13:13:16,826 [Listener at 127.0.0.1/44917] INFO  server.RaftServerConfigKeys (ConfUtils.java:logGet(44)) - raft.server.storage.dir = [/home/runner/work/ozone/ozone/hadoop-ozone/integration-test/target/test-dir/MiniOzoneClusterImpl-d039c420-9dd2-4032-a768-5c23a44c40fe/datanode-0/data/ratis] (custom)
2021-08-14 13:13:16,829 [Listener at 127.0.0.1/44917] INFO  http.BaseHttpServer (BaseHttpServer.java:newHttpServer2BuilderForOzone(209)) - Starting Web-server for hddsDatanode at: http://0.0.0.0:0
2021-08-14 13:13:16,829 [Listener at 127.0.0.1/44917] INFO  http.BaseHttpServer (BaseHttpServer.java:<init>(107)) - Hadoop Security Enabled: false Ozone Security Enabled: false Ozone HTTP Security Enabled: false 
2021-08-14 13:13:16,830 [Listener at 127.0.0.1/44917] INFO  server.AuthenticationFilter (AuthenticationFilter.java:constructSecretProvider(240)) - Unable to initialize FileSignerSecretProvider, falling back to use random secrets.
2021-08-14 13:13:16,858 [Listener at 127.0.0.1/44917] WARN  http.HttpRequestLog (HttpRequestLog.java:getRequestLog(103)) - Jetty request log can only be enabled using Log4j
2021-08-14 13:13:16,859 [Listener at 127.0.0.1/44917] INFO  http.HttpServer2 (HttpServer2.java:addGlobalFilter(1020)) - Added global filter 'safety' (class=org.apache.hadoop.hdds.server.http.HttpServer2$QuotingInputFilter)
2021-08-14 13:13:16,860 [Listener at 127.0.0.1/44917] INFO  http.HttpServer2 (HttpServer2.java:addFilter(996)) - Added filter static_user_filter (class=org.apache.hadoop.http.lib.StaticUserWebFilter$StaticUserFilter) to context hddsDatanode
2021-08-14 13:13:16,860 [Listener at 127.0.0.1/44917] INFO  http.HttpServer2 (HttpServer2.java:addFilter(1004)) - Added filter static_user_filter (class=org.apache.hadoop.http.lib.StaticUserWebFilter$StaticUserFilter) to context logs
2021-08-14 13:13:16,860 [Listener at 127.0.0.1/44917] INFO  http.HttpServer2 (HttpServer2.java:addFilter(1004)) - Added filter static_user_filter (class=org.apache.hadoop.http.lib.StaticUserWebFilter$StaticUserFilter) to context static
2021-08-14 13:13:16,860 [Listener at 127.0.0.1/44917] INFO  http.HttpServer2 (HttpServer2.java:bindListener(1239)) - Jetty bound to port 40327
2021-08-14 13:13:16,860 [Listener at 127.0.0.1/44917] INFO  server.Server (Server.java:doStart(375)) - jetty-9.4.43.v20210629; built: 2021-06-30T11:07:22.254Z; git: 526006ecfa3af7f1a27ef3a288e2bef7ea9dd7e8; jvm 1.8.0_292-b10
2021-08-14 13:13:16,879 [Listener at 127.0.0.1/44917] INFO  server.session (DefaultSessionIdManager.java:doStart(334)) - DefaultSessionIdManager workerName=node0
2021-08-14 13:13:16,879 [Listener at 127.0.0.1/44917] INFO  server.session (DefaultSessionIdManager.java:doStart(339)) - No SessionScavenger set, using defaults
2021-08-14 13:13:16,879 [Listener at 127.0.0.1/44917] INFO  server.session (HouseKeeper.java:startScavenging(132)) - node0 Scavenging every 600000ms
2021-08-14 13:13:16,880 [Listener at 127.0.0.1/44917] INFO  handler.ContextHandler (ContextHandler.java:doStart(915)) - Started o.e.j.s.ServletContextHandler@17c05bd2{logs,/logs,file:///home/runner/work/ozone/ozone/hadoop-ozone/integration-test/target/log,AVAILABLE}
2021-08-14 13:13:16,880 [Listener at 127.0.0.1/44917] INFO  handler.ContextHandler (ContextHandler.java:doStart(915)) - Started o.e.j.s.ServletContextHandler@5da92dee{static,/static,jar:file:/home/runner/.m2/repository/org/apache/ozone/hdds-container-service/1.2.0-SNAPSHOT/hdds-container-service-1.2.0-SNAPSHOT.jar!/webapps/static,AVAILABLE}
2021-08-14 13:13:17,033 [Listener at 127.0.0.1/44917] INFO  handler.ContextHandler (ContextHandler.java:doStart(915)) - Started o.e.j.w.WebAppContext@2bd1976e{hddsDatanode,/,file:///tmp/jetty-0_0_0_0-40327-hdds-container-service-1_2_0-SNAPSHOT_jar-_-any-848650984952831056/webapp/,AVAILABLE}{jar:file:/home/runner/.m2/repository/org/apache/ozone/hdds-container-service/1.2.0-SNAPSHOT/hdds-container-service-1.2.0-SNAPSHOT.jar!/webapps/hddsDatanode}
2021-08-14 13:13:17,041 [om1@group-C5BA1605619E-FollowerState] INFO  impl.FollowerState (FollowerState.java:run(134)) - om1@group-C5BA1605619E-FollowerState: change to CANDIDATE, lastRpcElapsedTime:1157417350ns, electionTimeout:1063ms
2021-08-14 13:13:17,046 [om1@group-C5BA1605619E-FollowerState] INFO  impl.RoleInfo (RoleInfo.java:shutdownFollowerState(108)) - om1: shutdown om1@group-C5BA1605619E-FollowerState
2021-08-14 13:13:17,046 [om1@group-C5BA1605619E-FollowerState] INFO  server.RaftServer$Division (RaftServerImpl.java:setRole(285)) - om1@group-C5BA1605619E: changes role from  FOLLOWER to CANDIDATE at term 0 for changeToCandidate
2021-08-14 13:13:17,046 [om1@group-C5BA1605619E-FollowerState] INFO  server.RaftServerConfigKeys (ConfUtils.java:logGet(44)) - raft.server.leaderelection.pre-vote = false (custom)
2021-08-14 13:13:17,046 [om1@group-C5BA1605619E-FollowerState] INFO  impl.RoleInfo (RoleInfo.java:updateAndGet(130)) - om1: start om1@group-C5BA1605619E-LeaderElection23
2021-08-14 13:13:17,058 [Listener at 127.0.0.1/44917] INFO  server.AbstractConnector (AbstractConnector.java:doStart(331)) - Started ServerConnector@c533e1d{HTTP/1.1, (http/1.1)}{0.0.0.0:40327}
2021-08-14 13:13:17,058 [Listener at 127.0.0.1/44917] INFO  server.Server (Server.java:doStart(415)) - Started @107626ms
2021-08-14 13:13:17,058 [Listener at 127.0.0.1/44917] WARN  impl.MetricsSystemImpl (MetricsSystemImpl.java:register(279)) - Sink prometheus already exists!
2021-08-14 13:13:17,063 [Listener at 127.0.0.1/44917] INFO  http.BaseHttpServer (BaseHttpServer.java:updateConnectorAddress(329)) - HTTP server of hddsDatanode listening at http://0.0.0.0:40327
2021-08-14 13:13:17,063 [Listener at 127.0.0.1/44917] WARN  impl.MetricRegistriesImpl (MetricRegistriesImpl.java:addReporterRegistration(111)) - New reporters are added after registries were created. Some metrics will be missing from the reporter. Please add reporter before adding any new registry.
2021-08-14 13:13:17,063 [Listener at 127.0.0.1/44917] WARN  impl.MetricRegistriesImpl (MetricRegistriesImpl.java:addReporterRegistration(111)) - New reporters are added after registries were created. Some metrics will be missing from the reporter. Please add reporter before adding any new registry.
2021-08-14 13:13:17,063 [Listener at 127.0.0.1/44917] INFO  impl.MetricsSystemImpl (MetricsSystemImpl.java:init(158)) - HddsDatanode metrics system started (again)
2021-08-14 13:13:17,083 [om1@group-C5BA1605619E-LeaderElection23] INFO  impl.LeaderElection (LeaderElection.java:askForVotes(306)) - om1@group-C5BA1605619E-LeaderElection23 ELECTION round 0: submit vote requests at term 1 for -1: [om1|rpc:localhost:9872|priority:0], old=null
2021-08-14 13:13:17,083 [om1@group-C5BA1605619E-LeaderElection23] INFO  impl.LeaderElection (LeaderElection.java:askForVotes(308)) - om1@group-C5BA1605619E-LeaderElection23 ELECTION round 0: result PASSED (term=1)
2021-08-14 13:13:17,083 [om1@group-C5BA1605619E-LeaderElection23] INFO  impl.RoleInfo (RoleInfo.java:shutdownLeaderElection(121)) - om1: shutdown om1@group-C5BA1605619E-LeaderElection23
2021-08-14 13:13:17,083 [om1@group-C5BA1605619E-LeaderElection23] INFO  server.RaftServer$Division (RaftServerImpl.java:setRole(285)) - om1@group-C5BA1605619E: changes role from CANDIDATE to LEADER at term 1 for changeToLeader
2021-08-14 13:13:17,083 [om1@group-C5BA1605619E-LeaderElection23] INFO  server.RaftServer$Division (ServerState.java:setLeader(285)) - om1@group-C5BA1605619E: change Leader from null to om1 at term 1 for becomeLeader, leader elected after 1296ms
2021-08-14 13:13:17,083 [om1@group-C5BA1605619E-LeaderElection23] INFO  server.RaftServerConfigKeys (ConfUtils.java:logGet(44)) - raft.server.staging.catchup.gap = 1000 (default)
2021-08-14 13:13:17,084 [om1@group-C5BA1605619E-LeaderElection23] INFO  server.RaftServerConfigKeys (ConfUtils.java:logGet(44)) - raft.server.write.element-limit = 4096 (default)
2021-08-14 13:13:17,084 [om1@group-C5BA1605619E-LeaderElection23] INFO  server.RaftServerConfigKeys (ConfUtils.java:logGet(44)) - raft.server.write.byte-limit = 64MB (=67108864) (default)
2021-08-14 13:13:17,084 [om1@group-C5BA1605619E-LeaderElection23] INFO  server.RaftServerConfigKeys (ConfUtils.java:logGet(44)) - raft.server.watch.timeout = 10s (default)
2021-08-14 13:13:17,084 [om1@group-C5BA1605619E-LeaderElection23] INFO  server.RaftServerConfigKeys (ConfUtils.java:logGet(44)) - raft.server.watch.timeout.denomination = 1s (default)
2021-08-14 13:13:17,084 [om1@group-C5BA1605619E-LeaderElection23] INFO  server.RaftServerConfigKeys (ConfUtils.java:logGet(44)) - raft.server.watch.element-limit = 65536 (default)
2021-08-14 13:13:17,084 [om1@group-C5BA1605619E-LeaderElection23] INFO  impl.RoleInfo (RoleInfo.java:updateAndGet(130)) - om1: start om1@group-C5BA1605619E-LeaderStateImpl
2021-08-14 13:13:17,084 [om1@group-C5BA1605619E-LeaderElection23] INFO  segmented.SegmentedRaftLogWorker (SegmentedRaftLogWorker.java:startLogSegment(394)) - om1@group-C5BA1605619E-SegmentedRaftLogWorker: Starting segment from index:0
2021-08-14 13:13:17,102 [Listener at 127.0.0.1/44917] INFO  ozone.HddsDatanodeService (HddsDatanodeService.java:start(234)) - HddsDatanodeService host:fv-az50-903.grzltbmokehuzjyc5b133kdqgh.cx.internal.cloudapp.net ip:10.1.0.55
2021-08-14 13:13:17,106 [om1@group-C5BA1605619E-LeaderElection23] INFO  server.RaftServer$Division (ServerState.java:setRaftConf(387)) - om1@group-C5BA1605619E: set configuration 0: [om1|rpc:localhost:9872|admin:|client:|dataStream:|priority:0], old=null
2021-08-14 13:13:17,113 [om1@group-C5BA1605619E-SegmentedRaftLogWorker] INFO  segmented.SegmentedRaftLogWorker (SegmentedRaftLogWorker.java:execute(601)) - om1@group-C5BA1605619E-SegmentedRaftLogWorker: created new log segment /home/runner/work/ozone/ozone/hadoop-ozone/integration-test/target/test-dir/MiniOzoneClusterImpl-d039c420-9dd2-4032-a768-5c23a44c40fe/ozone-meta/ratis/bf265839-605b-3f16-9796-c5ba1605619e/current/log_inprogress_0
2021-08-14 13:13:17,118 [om1@group-C5BA1605619E-StateMachineUpdater] INFO  ratis.OzoneManagerStateMachine (OzoneManagerStateMachine.java:notifyConfigurationChanged(188)) - Received Configuration change notification from Ratis. New Peer list:
[id: "om1"
address: "localhost:9872"
]
2021-08-14 13:13:17,122 [org.apache.hadoop.util.JvmPauseMonitor$Monitor@71b6a9fc] INFO  util.JvmPauseMonitor (JvmPauseMonitor.java:run(188)) - Starting JVM pause monitor
2021-08-14 13:13:17,165 [Datanode State Machine Task Thread - 0] INFO  datanode.InitDatanodeState (InitDatanodeState.java:persistContainerDatanodeDetails(145)) - DatanodeDetails is persisted to /home/runner/work/ozone/ozone/hadoop-ozone/integration-test/target/test-dir/MiniOzoneClusterImpl-d039c420-9dd2-4032-a768-5c23a44c40fe/datanode-0/meta/datanode.id
2021-08-14 13:13:17,182 [Listener at 127.0.0.1/44917] INFO  upgrade.AbstractLayoutVersionManager (AbstractLayoutVersionManager.java:init(70)) - Initializing Layout version manager with metadata layout = SCM_HA (version = 2), software layout = SCM_HA (version = 2)
2021-08-14 13:13:17,289 [Listener at 127.0.0.1/44917] INFO  reflections.Reflections (Reflections.java:scan(232)) - Reflections took 106 ms to scan 7 urls, producing 120 keys and 275 values 
2021-08-14 13:13:17,321 [Listener at 127.0.0.1/44917] INFO  volume.HddsVolume (HddsVolume.java:<init>(120)) - Creating HddsVolume: /home/runner/work/ozone/ozone/hadoop-ozone/integration-test/target/test-dir/MiniOzoneClusterImpl-d039c420-9dd2-4032-a768-5c23a44c40fe/datanode-1/data-0/containers/hdds of storage type : DISK capacity : 9223372036854775807
2021-08-14 13:13:17,321 [Listener at 127.0.0.1/44917] INFO  volume.MutableVolumeSet (MutableVolumeSet.java:initializeVolumeSet(181)) - Added Volume : /home/runner/work/ozone/ozone/hadoop-ozone/integration-test/target/test-dir/MiniOzoneClusterImpl-d039c420-9dd2-4032-a768-5c23a44c40fe/datanode-1/data-0/containers/hdds to VolumeSet
2021-08-14 13:13:17,322 [Listener at 127.0.0.1/44917] INFO  volume.ThrottledAsyncChecker (ThrottledAsyncChecker.java:schedule(141)) - Scheduling a check for /home/runner/work/ozone/ozone/hadoop-ozone/integration-test/target/test-dir/MiniOzoneClusterImpl-d039c420-9dd2-4032-a768-5c23a44c40fe/datanode-1/data-0/containers/hdds
2021-08-14 13:13:17,330 [Listener at 127.0.0.1/44917] INFO  volume.StorageVolumeChecker (StorageVolumeChecker.java:checkAllVolumes(202)) - Scheduled health check for volume /home/runner/work/ozone/ozone/hadoop-ozone/integration-test/target/test-dir/MiniOzoneClusterImpl-d039c420-9dd2-4032-a768-5c23a44c40fe/datanode-1/data-0/containers/hdds
2021-08-14 13:13:17,377 [Listener at 127.0.0.1/44917] INFO  volume.MutableVolumeSet (MutableVolumeSet.java:initializeVolumeSet(181)) - Added Volume : /home/runner/work/ozone/ozone/hadoop-ozone/integration-test/target/test-dir/MiniOzoneClusterImpl-d039c420-9dd2-4032-a768-5c23a44c40fe/datanode-1/data/ratis to VolumeSet
2021-08-14 13:13:17,377 [Listener at 127.0.0.1/44917] INFO  volume.ThrottledAsyncChecker (ThrottledAsyncChecker.java:schedule(141)) - Scheduling a check for /home/runner/work/ozone/ozone/hadoop-ozone/integration-test/target/test-dir/MiniOzoneClusterImpl-d039c420-9dd2-4032-a768-5c23a44c40fe/datanode-1/data/ratis
2021-08-14 13:13:17,401 [Listener at 127.0.0.1/44917] INFO  volume.StorageVolumeChecker (StorageVolumeChecker.java:checkAllVolumes(202)) - Scheduled health check for volume /home/runner/work/ozone/ozone/hadoop-ozone/integration-test/target/test-dir/MiniOzoneClusterImpl-d039c420-9dd2-4032-a768-5c23a44c40fe/datanode-1/data/ratis
2021-08-14 13:13:17,435 [Listener at 127.0.0.1/44917] INFO  ozoneimpl.ContainerReader (ContainerReader.java:<init>(98)) - Running in upgrade mode:true
2021-08-14 13:13:17,435 [Thread-884] INFO  ozoneimpl.ContainerReader (ContainerReader.java:readVolume(142)) - Start to verify containers on volume /home/runner/work/ozone/ozone/hadoop-ozone/integration-test/target/test-dir/MiniOzoneClusterImpl-d039c420-9dd2-4032-a768-5c23a44c40fe/datanode-1/data-0/containers/hdds
2021-08-14 13:13:17,435 [Thread-884] INFO  ozoneimpl.ContainerReader (ContainerReader.java:readVolume(174)) - Finish verifying containers on volume /home/runner/work/ozone/ozone/hadoop-ozone/integration-test/target/test-dir/MiniOzoneClusterImpl-d039c420-9dd2-4032-a768-5c23a44c40fe/datanode-1/data-0/containers/hdds
2021-08-14 13:13:17,435 [Listener at 127.0.0.1/44917] INFO  ozoneimpl.OzoneContainer (OzoneContainer.java:buildContainerSet(237)) - Build ContainerSet costs 0s
2021-08-14 13:13:17,439 [Listener at 127.0.0.1/44917] INFO  server.RaftServer (ConfUtils.java:logGet(44)) - raft.rpc.type = GRPC (default)
2021-08-14 13:13:17,439 [Listener at 127.0.0.1/44917] INFO  grpc.GrpcFactory (GrpcFactory.java:checkPooledByteBufAllocatorUseCacheForAllThreads(48)) - PERFORMANCE WARNING: useCacheForAllThreads is true that may cause Netty to create a lot garbage objects and, as a result, trigger GC.
	It is recommended to disable useCacheForAllThreads by setting -Dorg.apache.ratis.thirdparty.io.netty.allocator.useCacheForAllThreads=false in command line.
2021-08-14 13:13:17,439 [Listener at 127.0.0.1/44917] INFO  grpc.GrpcConfigKeys (ConfUtils.java:logGet(44)) - raft.grpc.admin.port = 0 (custom)
2021-08-14 13:13:17,439 [Listener at 127.0.0.1/44917] INFO  grpc.GrpcConfigKeys (ConfUtils.java:logGet(44)) - raft.grpc.client.port = 0 (custom)
2021-08-14 13:13:17,439 [Listener at 127.0.0.1/44917] INFO  grpc.GrpcConfigKeys (ConfUtils.java:logGet(44)) - raft.grpc.server.port = 0 (default)
2021-08-14 13:13:17,439 [Listener at 127.0.0.1/44917] INFO  server.GrpcService (ConfUtils.java:logGet(44)) - raft.grpc.message.size.max = 32MB (=33554432) (custom)
2021-08-14 13:13:17,439 [Listener at 127.0.0.1/44917] INFO  server.RaftServerConfigKeys (ConfUtils.java:logGet(44)) - raft.server.log.appender.buffer.byte-limit = 33554432 (custom)
2021-08-14 13:13:17,440 [Listener at 127.0.0.1/44917] INFO  server.GrpcService (ConfUtils.java:logGet(44)) - raft.grpc.flow.control.window = 5MB (=5242880) (custom)
2021-08-14 13:13:17,440 [Listener at 127.0.0.1/44917] INFO  server.RaftServerConfigKeys (ConfUtils.java:logGet(44)) - raft.server.rpc.request.timeout = 60s (custom)
2021-08-14 13:13:17,465 [Listener at 127.0.0.1/44917] INFO  impl.DataStreamServerImpl (ConfUtils.java:logGet(44)) - raft.datastream.type = DISABLED (default)
2021-08-14 13:13:17,465 [Listener at 127.0.0.1/44917] INFO  server.RaftServerConfigKeys (ConfUtils.java:logGet(44)) - raft.server.rpc.slowness.timeout = 300s (custom)
2021-08-14 13:13:17,465 [Listener at 127.0.0.1/44917] INFO  server.RaftServerConfigKeys (ConfUtils.java:logGet(44)) - raft.server.leaderelection.leader.step-down.wait-time = 10s (default)
2021-08-14 13:13:17,465 [Listener at 127.0.0.1/44917] INFO  server.RaftServerConfigKeys (ConfUtils.java:logGet(44)) - raft.server.storage.dir = [/home/runner/work/ozone/ozone/hadoop-ozone/integration-test/target/test-dir/MiniOzoneClusterImpl-d039c420-9dd2-4032-a768-5c23a44c40fe/datanode-1/data/ratis] (custom)
2021-08-14 13:13:17,494 [Listener at 127.0.0.1/44917] INFO  http.BaseHttpServer (BaseHttpServer.java:newHttpServer2BuilderForOzone(209)) - Starting Web-server for hddsDatanode at: http://0.0.0.0:0
2021-08-14 13:13:17,494 [Listener at 127.0.0.1/44917] INFO  http.BaseHttpServer (BaseHttpServer.java:<init>(107)) - Hadoop Security Enabled: false Ozone Security Enabled: false Ozone HTTP Security Enabled: false 
2021-08-14 13:13:17,495 [Listener at 127.0.0.1/44917] INFO  server.AuthenticationFilter (AuthenticationFilter.java:constructSecretProvider(240)) - Unable to initialize FileSignerSecretProvider, falling back to use random secrets.
2021-08-14 13:13:17,496 [Listener at 127.0.0.1/44917] WARN  http.HttpRequestLog (HttpRequestLog.java:getRequestLog(103)) - Jetty request log can only be enabled using Log4j
2021-08-14 13:13:17,496 [Listener at 127.0.0.1/44917] INFO  http.HttpServer2 (HttpServer2.java:addGlobalFilter(1020)) - Added global filter 'safety' (class=org.apache.hadoop.hdds.server.http.HttpServer2$QuotingInputFilter)
2021-08-14 13:13:17,497 [Listener at 127.0.0.1/44917] INFO  http.HttpServer2 (HttpServer2.java:addFilter(996)) - Added filter static_user_filter (class=org.apache.hadoop.http.lib.StaticUserWebFilter$StaticUserFilter) to context hddsDatanode
2021-08-14 13:13:17,497 [Listener at 127.0.0.1/44917] INFO  http.HttpServer2 (HttpServer2.java:addFilter(1004)) - Added filter static_user_filter (class=org.apache.hadoop.http.lib.StaticUserWebFilter$StaticUserFilter) to context logs
2021-08-14 13:13:17,497 [Listener at 127.0.0.1/44917] INFO  http.HttpServer2 (HttpServer2.java:addFilter(1004)) - Added filter static_user_filter (class=org.apache.hadoop.http.lib.StaticUserWebFilter$StaticUserFilter) to context static
2021-08-14 13:13:17,497 [Listener at 127.0.0.1/44917] INFO  http.HttpServer2 (HttpServer2.java:bindListener(1239)) - Jetty bound to port 34597
2021-08-14 13:13:17,498 [Listener at 127.0.0.1/44917] INFO  server.Server (Server.java:doStart(375)) - jetty-9.4.43.v20210629; built: 2021-06-30T11:07:22.254Z; git: 526006ecfa3af7f1a27ef3a288e2bef7ea9dd7e8; jvm 1.8.0_292-b10
2021-08-14 13:13:17,515 [Listener at 127.0.0.1/44917] INFO  server.session (DefaultSessionIdManager.java:doStart(334)) - DefaultSessionIdManager workerName=node0
2021-08-14 13:13:17,515 [Listener at 127.0.0.1/44917] INFO  server.session (DefaultSessionIdManager.java:doStart(339)) - No SessionScavenger set, using defaults
2021-08-14 13:13:17,515 [Listener at 127.0.0.1/44917] INFO  server.session (HouseKeeper.java:startScavenging(132)) - node0 Scavenging every 600000ms
2021-08-14 13:13:17,516 [Listener at 127.0.0.1/44917] INFO  handler.ContextHandler (ContextHandler.java:doStart(915)) - Started o.e.j.s.ServletContextHandler@2675115f{logs,/logs,file:///home/runner/work/ozone/ozone/hadoop-ozone/integration-test/target/log,AVAILABLE}
2021-08-14 13:13:17,516 [Listener at 127.0.0.1/44917] INFO  handler.ContextHandler (ContextHandler.java:doStart(915)) - Started o.e.j.s.ServletContextHandler@40d04d1d{static,/static,jar:file:/home/runner/.m2/repository/org/apache/ozone/hdds-container-service/1.2.0-SNAPSHOT/hdds-container-service-1.2.0-SNAPSHOT.jar!/webapps/static,AVAILABLE}
2021-08-14 13:13:17,620 [Listener at 127.0.0.1/44917] INFO  handler.ContextHandler (ContextHandler.java:doStart(915)) - Started o.e.j.w.WebAppContext@62260fba{hddsDatanode,/,file:///tmp/jetty-0_0_0_0-34597-hdds-container-service-1_2_0-SNAPSHOT_jar-_-any-8280498751276851779/webapp/,AVAILABLE}{jar:file:/home/runner/.m2/repository/org/apache/ozone/hdds-container-service/1.2.0-SNAPSHOT/hdds-container-service-1.2.0-SNAPSHOT.jar!/webapps/hddsDatanode}
2021-08-14 13:13:17,628 [Listener at 127.0.0.1/44917] INFO  server.AbstractConnector (AbstractConnector.java:doStart(331)) - Started ServerConnector@3de204d6{HTTP/1.1, (http/1.1)}{0.0.0.0:34597}
2021-08-14 13:13:17,628 [Listener at 127.0.0.1/44917] INFO  server.Server (Server.java:doStart(415)) - Started @108196ms
2021-08-14 13:13:17,628 [Listener at 127.0.0.1/44917] WARN  impl.MetricsSystemImpl (MetricsSystemImpl.java:register(279)) - Sink prometheus already exists!
2021-08-14 13:13:17,629 [Listener at 127.0.0.1/44917] INFO  http.BaseHttpServer (BaseHttpServer.java:updateConnectorAddress(329)) - HTTP server of hddsDatanode listening at http://0.0.0.0:34597
2021-08-14 13:13:17,658 [Listener at 127.0.0.1/44917] WARN  impl.MetricRegistriesImpl (MetricRegistriesImpl.java:addReporterRegistration(111)) - New reporters are added after registries were created. Some metrics will be missing from the reporter. Please add reporter before adding any new registry.
2021-08-14 13:13:17,658 [Listener at 127.0.0.1/44917] WARN  impl.MetricRegistriesImpl (MetricRegistriesImpl.java:addReporterRegistration(111)) - New reporters are added after registries were created. Some metrics will be missing from the reporter. Please add reporter before adding any new registry.
2021-08-14 13:13:17,658 [Listener at 127.0.0.1/44917] INFO  impl.MetricsSystemImpl (MetricsSystemImpl.java:init(158)) - HddsDatanode metrics system started (again)
2021-08-14 13:13:17,700 [Listener at 127.0.0.1/44917] INFO  ozone.HddsDatanodeService (HddsDatanodeService.java:start(234)) - HddsDatanodeService host:fv-az50-903.grzltbmokehuzjyc5b133kdqgh.cx.internal.cloudapp.net ip:10.1.0.55
2021-08-14 13:13:17,758 [org.apache.hadoop.util.JvmPauseMonitor$Monitor@18de86fa] INFO  util.JvmPauseMonitor (JvmPauseMonitor.java:run(188)) - Starting JVM pause monitor
2021-08-14 13:13:17,777 [Listener at 127.0.0.1/44917] INFO  upgrade.AbstractLayoutVersionManager (AbstractLayoutVersionManager.java:init(70)) - Initializing Layout version manager with metadata layout = SCM_HA (version = 2), software layout = SCM_HA (version = 2)
2021-08-14 13:13:17,794 [Datanode State Machine Task Thread - 0] INFO  datanode.InitDatanodeState (InitDatanodeState.java:persistContainerDatanodeDetails(145)) - DatanodeDetails is persisted to /home/runner/work/ozone/ozone/hadoop-ozone/integration-test/target/test-dir/MiniOzoneClusterImpl-d039c420-9dd2-4032-a768-5c23a44c40fe/datanode-1/meta/datanode.id
2021-08-14 13:13:17,981 [Listener at 127.0.0.1/44917] INFO  reflections.Reflections (Reflections.java:scan(232)) - Reflections took 174 ms to scan 7 urls, producing 120 keys and 275 values 
2021-08-14 13:13:18,012 [Listener at 127.0.0.1/44917] INFO  volume.HddsVolume (HddsVolume.java:<init>(120)) - Creating HddsVolume: /home/runner/work/ozone/ozone/hadoop-ozone/integration-test/target/test-dir/MiniOzoneClusterImpl-d039c420-9dd2-4032-a768-5c23a44c40fe/datanode-2/data-0/containers/hdds of storage type : DISK capacity : 9223372036854775807
2021-08-14 13:13:18,012 [Listener at 127.0.0.1/44917] INFO  volume.MutableVolumeSet (MutableVolumeSet.java:initializeVolumeSet(181)) - Added Volume : /home/runner/work/ozone/ozone/hadoop-ozone/integration-test/target/test-dir/MiniOzoneClusterImpl-d039c420-9dd2-4032-a768-5c23a44c40fe/datanode-2/data-0/containers/hdds to VolumeSet
2021-08-14 13:13:18,012 [Listener at 127.0.0.1/44917] INFO  volume.ThrottledAsyncChecker (ThrottledAsyncChecker.java:schedule(141)) - Scheduling a check for /home/runner/work/ozone/ozone/hadoop-ozone/integration-test/target/test-dir/MiniOzoneClusterImpl-d039c420-9dd2-4032-a768-5c23a44c40fe/datanode-2/data-0/containers/hdds
2021-08-14 13:13:18,018 [Listener at 127.0.0.1/44917] INFO  volume.StorageVolumeChecker (StorageVolumeChecker.java:checkAllVolumes(202)) - Scheduled health check for volume /home/runner/work/ozone/ozone/hadoop-ozone/integration-test/target/test-dir/MiniOzoneClusterImpl-d039c420-9dd2-4032-a768-5c23a44c40fe/datanode-2/data-0/containers/hdds
2021-08-14 13:13:18,065 [Listener at 127.0.0.1/44917] INFO  volume.MutableVolumeSet (MutableVolumeSet.java:initializeVolumeSet(181)) - Added Volume : /home/runner/work/ozone/ozone/hadoop-ozone/integration-test/target/test-dir/MiniOzoneClusterImpl-d039c420-9dd2-4032-a768-5c23a44c40fe/datanode-2/data/ratis to VolumeSet
2021-08-14 13:13:18,078 [Listener at 127.0.0.1/44917] INFO  volume.ThrottledAsyncChecker (ThrottledAsyncChecker.java:schedule(141)) - Scheduling a check for /home/runner/work/ozone/ozone/hadoop-ozone/integration-test/target/test-dir/MiniOzoneClusterImpl-d039c420-9dd2-4032-a768-5c23a44c40fe/datanode-2/data/ratis
2021-08-14 13:13:18,082 [Listener at 127.0.0.1/44917] INFO  volume.StorageVolumeChecker (StorageVolumeChecker.java:checkAllVolumes(202)) - Scheduled health check for volume /home/runner/work/ozone/ozone/hadoop-ozone/integration-test/target/test-dir/MiniOzoneClusterImpl-d039c420-9dd2-4032-a768-5c23a44c40fe/datanode-2/data/ratis
2021-08-14 13:13:18,123 [Listener at 127.0.0.1/44917] INFO  ozoneimpl.ContainerReader (ContainerReader.java:<init>(98)) - Running in upgrade mode:true
2021-08-14 13:13:18,124 [Thread-896] INFO  ozoneimpl.ContainerReader (ContainerReader.java:readVolume(142)) - Start to verify containers on volume /home/runner/work/ozone/ozone/hadoop-ozone/integration-test/target/test-dir/MiniOzoneClusterImpl-d039c420-9dd2-4032-a768-5c23a44c40fe/datanode-2/data-0/containers/hdds
2021-08-14 13:13:18,124 [Thread-896] INFO  ozoneimpl.ContainerReader (ContainerReader.java:readVolume(174)) - Finish verifying containers on volume /home/runner/work/ozone/ozone/hadoop-ozone/integration-test/target/test-dir/MiniOzoneClusterImpl-d039c420-9dd2-4032-a768-5c23a44c40fe/datanode-2/data-0/containers/hdds
2021-08-14 13:13:18,124 [Listener at 127.0.0.1/44917] INFO  ozoneimpl.OzoneContainer (OzoneContainer.java:buildContainerSet(237)) - Build ContainerSet costs 0s
2021-08-14 13:13:18,128 [Listener at 127.0.0.1/44917] INFO  server.RaftServer (ConfUtils.java:logGet(44)) - raft.rpc.type = GRPC (default)
2021-08-14 13:13:18,128 [Listener at 127.0.0.1/44917] INFO  grpc.GrpcFactory (GrpcFactory.java:checkPooledByteBufAllocatorUseCacheForAllThreads(48)) - PERFORMANCE WARNING: useCacheForAllThreads is true that may cause Netty to create a lot garbage objects and, as a result, trigger GC.
	It is recommended to disable useCacheForAllThreads by setting -Dorg.apache.ratis.thirdparty.io.netty.allocator.useCacheForAllThreads=false in command line.
2021-08-14 13:13:18,128 [Listener at 127.0.0.1/44917] INFO  grpc.GrpcConfigKeys (ConfUtils.java:logGet(44)) - raft.grpc.admin.port = 0 (custom)
2021-08-14 13:13:18,128 [Listener at 127.0.0.1/44917] INFO  grpc.GrpcConfigKeys (ConfUtils.java:logGet(44)) - raft.grpc.client.port = 0 (custom)
2021-08-14 13:13:18,128 [Listener at 127.0.0.1/44917] INFO  grpc.GrpcConfigKeys (ConfUtils.java:logGet(44)) - raft.grpc.server.port = 0 (default)
2021-08-14 13:13:18,128 [Listener at 127.0.0.1/44917] INFO  server.GrpcService (ConfUtils.java:logGet(44)) - raft.grpc.message.size.max = 32MB (=33554432) (custom)
2021-08-14 13:13:18,129 [Listener at 127.0.0.1/44917] INFO  server.RaftServerConfigKeys (ConfUtils.java:logGet(44)) - raft.server.log.appender.buffer.byte-limit = 33554432 (custom)
2021-08-14 13:13:18,129 [Listener at 127.0.0.1/44917] INFO  server.GrpcService (ConfUtils.java:logGet(44)) - raft.grpc.flow.control.window = 5MB (=5242880) (custom)
2021-08-14 13:13:18,129 [Listener at 127.0.0.1/44917] INFO  server.RaftServerConfigKeys (ConfUtils.java:logGet(44)) - raft.server.rpc.request.timeout = 60s (custom)
2021-08-14 13:13:18,139 [Listener at 127.0.0.1/44917] INFO  impl.DataStreamServerImpl (ConfUtils.java:logGet(44)) - raft.datastream.type = DISABLED (default)
2021-08-14 13:13:18,140 [Listener at 127.0.0.1/44917] INFO  server.RaftServerConfigKeys (ConfUtils.java:logGet(44)) - raft.server.rpc.slowness.timeout = 300s (custom)
2021-08-14 13:13:18,140 [Listener at 127.0.0.1/44917] INFO  server.RaftServerConfigKeys (ConfUtils.java:logGet(44)) - raft.server.leaderelection.leader.step-down.wait-time = 10s (default)
2021-08-14 13:13:18,140 [Listener at 127.0.0.1/44917] INFO  server.RaftServerConfigKeys (ConfUtils.java:logGet(44)) - raft.server.storage.dir = [/home/runner/work/ozone/ozone/hadoop-ozone/integration-test/target/test-dir/MiniOzoneClusterImpl-d039c420-9dd2-4032-a768-5c23a44c40fe/datanode-2/data/ratis] (custom)
2021-08-14 13:13:18,143 [Listener at 127.0.0.1/44917] INFO  http.BaseHttpServer (BaseHttpServer.java:newHttpServer2BuilderForOzone(209)) - Starting Web-server for hddsDatanode at: http://0.0.0.0:0
2021-08-14 13:13:18,144 [Listener at 127.0.0.1/44917] INFO  http.BaseHttpServer (BaseHttpServer.java:<init>(107)) - Hadoop Security Enabled: false Ozone Security Enabled: false Ozone HTTP Security Enabled: false 
2021-08-14 13:13:18,144 [Listener at 127.0.0.1/44917] INFO  server.AuthenticationFilter (AuthenticationFilter.java:constructSecretProvider(240)) - Unable to initialize FileSignerSecretProvider, falling back to use random secrets.
2021-08-14 13:13:18,146 [Listener at 127.0.0.1/44917] WARN  http.HttpRequestLog (HttpRequestLog.java:getRequestLog(103)) - Jetty request log can only be enabled using Log4j
2021-08-14 13:13:18,147 [Listener at 127.0.0.1/44917] INFO  http.HttpServer2 (HttpServer2.java:addGlobalFilter(1020)) - Added global filter 'safety' (class=org.apache.hadoop.hdds.server.http.HttpServer2$QuotingInputFilter)
2021-08-14 13:13:18,147 [Listener at 127.0.0.1/44917] INFO  http.HttpServer2 (HttpServer2.java:addFilter(996)) - Added filter static_user_filter (class=org.apache.hadoop.http.lib.StaticUserWebFilter$StaticUserFilter) to context hddsDatanode
2021-08-14 13:13:18,147 [Listener at 127.0.0.1/44917] INFO  http.HttpServer2 (HttpServer2.java:addFilter(1004)) - Added filter static_user_filter (class=org.apache.hadoop.http.lib.StaticUserWebFilter$StaticUserFilter) to context logs
2021-08-14 13:13:18,147 [Listener at 127.0.0.1/44917] INFO  http.HttpServer2 (HttpServer2.java:addFilter(1004)) - Added filter static_user_filter (class=org.apache.hadoop.http.lib.StaticUserWebFilter$StaticUserFilter) to context static
2021-08-14 13:13:18,148 [Listener at 127.0.0.1/44917] INFO  http.HttpServer2 (HttpServer2.java:bindListener(1239)) - Jetty bound to port 44151
2021-08-14 13:13:18,148 [Listener at 127.0.0.1/44917] INFO  server.Server (Server.java:doStart(375)) - jetty-9.4.43.v20210629; built: 2021-06-30T11:07:22.254Z; git: 526006ecfa3af7f1a27ef3a288e2bef7ea9dd7e8; jvm 1.8.0_292-b10
2021-08-14 13:13:18,149 [Listener at 127.0.0.1/44917] INFO  server.session (DefaultSessionIdManager.java:doStart(334)) - DefaultSessionIdManager workerName=node0
2021-08-14 13:13:18,149 [Listener at 127.0.0.1/44917] INFO  server.session (DefaultSessionIdManager.java:doStart(339)) - No SessionScavenger set, using defaults
2021-08-14 13:13:18,149 [Listener at 127.0.0.1/44917] INFO  server.session (HouseKeeper.java:startScavenging(132)) - node0 Scavenging every 600000ms
2021-08-14 13:13:18,150 [Listener at 127.0.0.1/44917] INFO  handler.ContextHandler (ContextHandler.java:doStart(915)) - Started o.e.j.s.ServletContextHandler@3c588f38{logs,/logs,file:///home/runner/work/ozone/ozone/hadoop-ozone/integration-test/target/log,AVAILABLE}
2021-08-14 13:13:18,150 [Listener at 127.0.0.1/44917] INFO  handler.ContextHandler (ContextHandler.java:doStart(915)) - Started o.e.j.s.ServletContextHandler@18d506f2{static,/static,jar:file:/home/runner/.m2/repository/org/apache/ozone/hdds-container-service/1.2.0-SNAPSHOT/hdds-container-service-1.2.0-SNAPSHOT.jar!/webapps/static,AVAILABLE}
2021-08-14 13:13:18,226 [Listener at 127.0.0.1/44917] INFO  handler.ContextHandler (ContextHandler.java:doStart(915)) - Started o.e.j.w.WebAppContext@36139a32{hddsDatanode,/,file:///tmp/jetty-0_0_0_0-44151-hdds-container-service-1_2_0-SNAPSHOT_jar-_-any-7292013303176596711/webapp/,AVAILABLE}{jar:file:/home/runner/.m2/repository/org/apache/ozone/hdds-container-service/1.2.0-SNAPSHOT/hdds-container-service-1.2.0-SNAPSHOT.jar!/webapps/hddsDatanode}
2021-08-14 13:13:18,238 [Listener at 127.0.0.1/44917] INFO  server.AbstractConnector (AbstractConnector.java:doStart(331)) - Started ServerConnector@37f91f4c{HTTP/1.1, (http/1.1)}{0.0.0.0:44151}
2021-08-14 13:13:18,244 [Listener at 127.0.0.1/44917] INFO  server.Server (Server.java:doStart(415)) - Started @108806ms
2021-08-14 13:13:18,244 [Listener at 127.0.0.1/44917] WARN  impl.MetricsSystemImpl (MetricsSystemImpl.java:register(279)) - Sink prometheus already exists!
2021-08-14 13:13:18,244 [Listener at 127.0.0.1/44917] INFO  http.BaseHttpServer (BaseHttpServer.java:updateConnectorAddress(329)) - HTTP server of hddsDatanode listening at http://0.0.0.0:44151
2021-08-14 13:13:18,254 [Listener at 127.0.0.1/44917] INFO  ozone.MiniOzoneClusterImpl (MiniOzoneClusterImpl.java:lambda$waitForClusterToBeReady$0(235)) - Waiting for nodes to be ready. Got 0 of 3 DN Heartbeats.
2021-08-14 13:13:18,254 [Listener at 127.0.0.1/44917] INFO  ozone.MiniOzoneClusterImpl (MiniOzoneClusterImpl.java:lambda$waitForClusterToBeReady$0(238)) - Waiting for cluster to exit safe mode
2021-08-14 13:13:18,254 [Listener at 127.0.0.1/44917] INFO  ozone.MiniOzoneClusterImpl (MiniOzoneClusterImpl.java:lambda$waitForClusterToBeReady$0(240)) - SCM became leader
2021-08-14 13:13:18,294 [org.apache.hadoop.util.JvmPauseMonitor$Monitor@91354dd] INFO  util.JvmPauseMonitor (JvmPauseMonitor.java:run(188)) - Starting JVM pause monitor
2021-08-14 13:13:18,335 [Datanode State Machine Task Thread - 0] INFO  datanode.InitDatanodeState (InitDatanodeState.java:persistContainerDatanodeDetails(145)) - DatanodeDetails is persisted to /home/runner/work/ozone/ozone/hadoop-ozone/integration-test/target/test-dir/MiniOzoneClusterImpl-d039c420-9dd2-4032-a768-5c23a44c40fe/datanode-2/meta/datanode.id
2021-08-14 13:13:19,155 [EndpointStateMachine task thread for /0.0.0.0:36767 - 0 ] INFO  ozoneimpl.OzoneContainer (OzoneContainer.java:start(305)) - Attempting to start container services.
2021-08-14 13:13:19,156 [EndpointStateMachine task thread for /0.0.0.0:36767 - 0 ] INFO  ozoneimpl.OzoneContainer (OzoneContainer.java:startContainerScrub(250)) - Background container scanner has been disabled.
2021-08-14 13:13:19,156 [EndpointStateMachine task thread for /0.0.0.0:36767 - 0 ] INFO  replication.ReplicationServer (ReplicationServer.java:start(106)) - ReplicationServer is started using port 43333
2021-08-14 13:13:19,157 [EndpointStateMachine task thread for /0.0.0.0:36767 - 0 ] INFO  ratis.XceiverServerRatis (XceiverServerRatis.java:start(482)) - Starting XceiverServerRatis e0461867-c40b-41c5-9b61-f214c62ad697
2021-08-14 13:13:19,157 [EndpointStateMachine task thread for /0.0.0.0:36767 - 0 ] INFO  server.RaftServer (RaftServerProxy.java:lambda$start$5(374)) - e0461867-c40b-41c5-9b61-f214c62ad697: start RPC server
2021-08-14 13:13:19,170 [EndpointStateMachine task thread for /0.0.0.0:36767 - 0 ] INFO  server.GrpcService (GrpcService.java:startImpl(253)) - e0461867-c40b-41c5-9b61-f214c62ad697: GrpcService started, listening on 34679
2021-08-14 13:13:19,170 [EndpointStateMachine task thread for /0.0.0.0:36767 - 0 ] INFO  ratis.XceiverServerRatis (XceiverServerRatis.java:getRealPort(503)) - XceiverServerRatis e0461867-c40b-41c5-9b61-f214c62ad697 is started using port 34679 for RATIS
2021-08-14 13:13:19,170 [EndpointStateMachine task thread for /0.0.0.0:36767 - 0 ] INFO  ratis.XceiverServerRatis (XceiverServerRatis.java:getRealPort(503)) - XceiverServerRatis e0461867-c40b-41c5-9b61-f214c62ad697 is started using port 34679 for RATIS_ADMIN
2021-08-14 13:13:19,170 [EndpointStateMachine task thread for /0.0.0.0:36767 - 0 ] INFO  ratis.XceiverServerRatis (XceiverServerRatis.java:getRealPort(503)) - XceiverServerRatis e0461867-c40b-41c5-9b61-f214c62ad697 is started using port 34679 for RATIS_SERVER
2021-08-14 13:13:19,171 [EndpointStateMachine task thread for /0.0.0.0:36767 - 0 ] INFO  server.XceiverServerGrpc (XceiverServerGrpc.java:start(135)) - XceiverServerGrpc e0461867-c40b-41c5-9b61-f214c62ad697 is started using port 33791
2021-08-14 13:13:19,214 [org.apache.ratis.util.JvmPauseMonitor$$Lambda$531/1290668879@446072] INFO  util.JvmPauseMonitor (JvmPauseMonitor.java:run(103)) - JvmPauseMonitor-e0461867-c40b-41c5-9b61-f214c62ad697: Started
2021-08-14 13:13:19,254 [Listener at 127.0.0.1/44917] INFO  ozone.MiniOzoneClusterImpl (MiniOzoneClusterImpl.java:lambda$waitForClusterToBeReady$0(235)) - Waiting for nodes to be ready. Got 0 of 3 DN Heartbeats.
2021-08-14 13:13:19,255 [Listener at 127.0.0.1/44917] INFO  ozone.MiniOzoneClusterImpl (MiniOzoneClusterImpl.java:lambda$waitForClusterToBeReady$0(238)) - Waiting for cluster to exit safe mode
2021-08-14 13:13:19,255 [Listener at 127.0.0.1/44917] INFO  ozone.MiniOzoneClusterImpl (MiniOzoneClusterImpl.java:lambda$waitForClusterToBeReady$0(240)) - SCM became leader
2021-08-14 13:13:19,793 [EndpointStateMachine task thread for /0.0.0.0:36767 - 0 ] INFO  ozoneimpl.OzoneContainer (OzoneContainer.java:start(305)) - Attempting to start container services.
2021-08-14 13:13:19,793 [EndpointStateMachine task thread for /0.0.0.0:36767 - 0 ] INFO  ozoneimpl.OzoneContainer (OzoneContainer.java:startContainerScrub(250)) - Background container scanner has been disabled.
2021-08-14 13:13:19,794 [EndpointStateMachine task thread for /0.0.0.0:36767 - 0 ] INFO  replication.ReplicationServer (ReplicationServer.java:start(106)) - ReplicationServer is started using port 45173
2021-08-14 13:13:19,810 [EndpointStateMachine task thread for /0.0.0.0:36767 - 0 ] INFO  ratis.XceiverServerRatis (XceiverServerRatis.java:start(482)) - Starting XceiverServerRatis 4d27dd3d-8fa8-4cac-ba0e-fb7e7cb7d3eb
2021-08-14 13:13:19,811 [EndpointStateMachine task thread for /0.0.0.0:36767 - 0 ] INFO  server.RaftServer (RaftServerProxy.java:lambda$start$5(374)) - 4d27dd3d-8fa8-4cac-ba0e-fb7e7cb7d3eb: start RPC server
2021-08-14 13:13:19,814 [EndpointStateMachine task thread for /0.0.0.0:36767 - 0 ] INFO  server.GrpcService (GrpcService.java:startImpl(253)) - 4d27dd3d-8fa8-4cac-ba0e-fb7e7cb7d3eb: GrpcService started, listening on 33447
2021-08-14 13:13:19,814 [EndpointStateMachine task thread for /0.0.0.0:36767 - 0 ] INFO  ratis.XceiverServerRatis (XceiverServerRatis.java:getRealPort(503)) - XceiverServerRatis 4d27dd3d-8fa8-4cac-ba0e-fb7e7cb7d3eb is started using port 33447 for RATIS
2021-08-14 13:13:19,815 [EndpointStateMachine task thread for /0.0.0.0:36767 - 0 ] INFO  ratis.XceiverServerRatis (XceiverServerRatis.java:getRealPort(503)) - XceiverServerRatis 4d27dd3d-8fa8-4cac-ba0e-fb7e7cb7d3eb is started using port 33447 for RATIS_ADMIN
2021-08-14 13:13:19,815 [EndpointStateMachine task thread for /0.0.0.0:36767 - 0 ] INFO  ratis.XceiverServerRatis (XceiverServerRatis.java:getRealPort(503)) - XceiverServerRatis 4d27dd3d-8fa8-4cac-ba0e-fb7e7cb7d3eb is started using port 33447 for RATIS_SERVER
2021-08-14 13:13:19,815 [org.apache.ratis.util.JvmPauseMonitor$$Lambda$531/1290668879@42aa6c73] INFO  util.JvmPauseMonitor (JvmPauseMonitor.java:run(103)) - JvmPauseMonitor-4d27dd3d-8fa8-4cac-ba0e-fb7e7cb7d3eb: Started
2021-08-14 13:13:19,826 [EndpointStateMachine task thread for /0.0.0.0:36767 - 0 ] INFO  server.XceiverServerGrpc (XceiverServerGrpc.java:start(135)) - XceiverServerGrpc 4d27dd3d-8fa8-4cac-ba0e-fb7e7cb7d3eb is started using port 34031
2021-08-14 13:13:20,258 [Listener at 127.0.0.1/44917] INFO  ozone.MiniOzoneClusterImpl (MiniOzoneClusterImpl.java:lambda$waitForClusterToBeReady$0(235)) - Waiting for nodes to be ready. Got 0 of 3 DN Heartbeats.
2021-08-14 13:13:20,258 [Listener at 127.0.0.1/44917] INFO  ozone.MiniOzoneClusterImpl (MiniOzoneClusterImpl.java:lambda$waitForClusterToBeReady$0(238)) - Waiting for cluster to exit safe mode
2021-08-14 13:13:20,258 [Listener at 127.0.0.1/44917] INFO  ozone.MiniOzoneClusterImpl (MiniOzoneClusterImpl.java:lambda$waitForClusterToBeReady$0(240)) - SCM became leader
2021-08-14 13:13:20,331 [EndpointStateMachine task thread for /0.0.0.0:36767 - 0 ] INFO  ozoneimpl.OzoneContainer (OzoneContainer.java:start(305)) - Attempting to start container services.
2021-08-14 13:13:20,331 [EndpointStateMachine task thread for /0.0.0.0:36767 - 0 ] INFO  ozoneimpl.OzoneContainer (OzoneContainer.java:startContainerScrub(250)) - Background container scanner has been disabled.
2021-08-14 13:13:20,332 [EndpointStateMachine task thread for /0.0.0.0:36767 - 0 ] INFO  replication.ReplicationServer (ReplicationServer.java:start(106)) - ReplicationServer is started using port 37785
2021-08-14 13:13:20,342 [EndpointStateMachine task thread for /0.0.0.0:36767 - 0 ] INFO  ratis.XceiverServerRatis (XceiverServerRatis.java:start(482)) - Starting XceiverServerRatis 5a2b7d47-d7f5-4736-a3b5-5700bf8b4a86
2021-08-14 13:13:20,348 [EndpointStateMachine task thread for /0.0.0.0:36767 - 0 ] INFO  server.RaftServer (RaftServerProxy.java:lambda$start$5(374)) - 5a2b7d47-d7f5-4736-a3b5-5700bf8b4a86: start RPC server
2021-08-14 13:13:20,350 [EndpointStateMachine task thread for /0.0.0.0:36767 - 0 ] INFO  server.GrpcService (GrpcService.java:startImpl(253)) - 5a2b7d47-d7f5-4736-a3b5-5700bf8b4a86: GrpcService started, listening on 39961
2021-08-14 13:13:20,370 [EndpointStateMachine task thread for /0.0.0.0:36767 - 0 ] INFO  ratis.XceiverServerRatis (XceiverServerRatis.java:getRealPort(503)) - XceiverServerRatis 5a2b7d47-d7f5-4736-a3b5-5700bf8b4a86 is started using port 39961 for RATIS
2021-08-14 13:13:20,370 [EndpointStateMachine task thread for /0.0.0.0:36767 - 0 ] INFO  ratis.XceiverServerRatis (XceiverServerRatis.java:getRealPort(503)) - XceiverServerRatis 5a2b7d47-d7f5-4736-a3b5-5700bf8b4a86 is started using port 39961 for RATIS_ADMIN
2021-08-14 13:13:20,370 [EndpointStateMachine task thread for /0.0.0.0:36767 - 0 ] INFO  ratis.XceiverServerRatis (XceiverServerRatis.java:getRealPort(503)) - XceiverServerRatis 5a2b7d47-d7f5-4736-a3b5-5700bf8b4a86 is started using port 39961 for RATIS_SERVER
2021-08-14 13:13:20,371 [EndpointStateMachine task thread for /0.0.0.0:36767 - 0 ] INFO  server.XceiverServerGrpc (XceiverServerGrpc.java:start(135)) - XceiverServerGrpc 5a2b7d47-d7f5-4736-a3b5-5700bf8b4a86 is started using port 41189
2021-08-14 13:13:20,371 [org.apache.ratis.util.JvmPauseMonitor$$Lambda$531/1290668879@303a0bf9] INFO  util.JvmPauseMonitor (JvmPauseMonitor.java:run(103)) - JvmPauseMonitor-5a2b7d47-d7f5-4736-a3b5-5700bf8b4a86: Started
2021-08-14 13:13:21,126 [IPC Server handler 0 on default port 36767] INFO  net.NetworkTopologyImpl (NetworkTopologyImpl.java:add(112)) - Added a new node: /default-rack/e0461867-c40b-41c5-9b61-f214c62ad697
2021-08-14 13:13:21,127 [IPC Server handler 0 on default port 36767] INFO  node.SCMNodeManager (SCMNodeManager.java:register(390)) - Registered Data node : e0461867-c40b-41c5-9b61-f214c62ad697{ip: 10.1.0.55, host: fv-az50-903.grzltbmokehuzjyc5b133kdqgh.cx.internal.cloudapp.net, ports: [REPLICATION=43333, RATIS=34679, RATIS_ADMIN=34679, RATIS_SERVER=34679, STANDALONE=33791], networkLocation: /default-rack, certSerialId: null, persistedOpState: null, persistedOpStateExpiryEpochSec: 0}
2021-08-14 13:13:21,129 [EventQueue-NodeRegistrationContainerReportForDataNodeSafeModeRule] INFO  safemode.SCMSafeModeManager (DataNodeSafeModeRule.java:process(71)) - SCM in safe mode. 1 DataNodes registered, 3 required.
2021-08-14 13:13:21,129 [EventQueue-NodeRegistrationContainerReportForContainerSafeModeRule] INFO  safemode.SCMSafeModeManager (SCMSafeModeManager.java:validateSafeModeExitRules(204)) - ContainerSafeModeRule rule is successfully validated
2021-08-14 13:13:21,138 [EventQueue-NewNodeForNewNodeHandler] INFO  pipeline.BackgroundPipelineCreator (BackgroundPipelineCreatorV2.java:notifyEventTriggered(285)) - trigger a one-shot run on RatisPipelineUtilsThread.
2021-08-14 13:13:21,138 [RatisPipelineUtilsThread - 0] INFO  pipeline.RatisPipelineProvider (RatisPipelineProvider.java:lambda$create$0(183)) - Sending CreatePipelineCommand for pipeline:PipelineID=99bf46e2-1639-4c5b-a7e3-4397bc943c12 to datanode:e0461867-c40b-41c5-9b61-f214c62ad697
2021-08-14 13:13:21,143 [RatisPipelineUtilsThread - 0] INFO  pipeline.PipelineStateManager (PipelineStateManagerV2Impl.java:addPipeline(101)) - Created pipeline Pipeline[ Id: 99bf46e2-1639-4c5b-a7e3-4397bc943c12, Nodes: e0461867-c40b-41c5-9b61-f214c62ad697{ip: 10.1.0.55, host: fv-az50-903.grzltbmokehuzjyc5b133kdqgh.cx.internal.cloudapp.net, ports: [REPLICATION=43333, RATIS=34679, RATIS_ADMIN=34679, RATIS_SERVER=34679, STANDALONE=33791], networkLocation: /default-rack, certSerialId: null, persistedOpState: IN_SERVICE, persistedOpStateExpiryEpochSec: 0}, ReplicationConfig: RATIS/ONE, State:ALLOCATED, leaderId:, CreationTimestamp2021-08-14T13:13:21.138Z[Etc/UTC]].
2021-08-14 13:13:21,150 [EventQueue-PipelineReportForOneReplicaPipelineSafeModeRule] INFO  safemode.SCMSafeModeManager (SCMSafeModeManager.java:validateSafeModeExitRules(204)) - AtleastOneDatanodeReportedRule rule is successfully validated
2021-08-14 13:13:21,258 [Listener at 127.0.0.1/44917] INFO  ozone.MiniOzoneClusterImpl (MiniOzoneClusterImpl.java:lambda$waitForClusterToBeReady$0(235)) - Waiting for nodes to be ready. Got 1 of 3 DN Heartbeats.
2021-08-14 13:13:21,259 [Listener at 127.0.0.1/44917] INFO  ozone.MiniOzoneClusterImpl (MiniOzoneClusterImpl.java:lambda$waitForClusterToBeReady$0(238)) - Waiting for cluster to exit safe mode
2021-08-14 13:13:21,259 [Listener at 127.0.0.1/44917] INFO  ozone.MiniOzoneClusterImpl (MiniOzoneClusterImpl.java:lambda$waitForClusterToBeReady$0(240)) - SCM became leader
2021-08-14 13:13:21,761 [IPC Server handler 18 on default port 36767] INFO  net.NetworkTopologyImpl (NetworkTopologyImpl.java:add(112)) - Added a new node: /default-rack/4d27dd3d-8fa8-4cac-ba0e-fb7e7cb7d3eb
2021-08-14 13:13:21,761 [IPC Server handler 18 on default port 36767] INFO  node.SCMNodeManager (SCMNodeManager.java:register(390)) - Registered Data node : 4d27dd3d-8fa8-4cac-ba0e-fb7e7cb7d3eb{ip: 10.1.0.55, host: fv-az50-903.grzltbmokehuzjyc5b133kdqgh.cx.internal.cloudapp.net, ports: [REPLICATION=45173, RATIS=33447, RATIS_ADMIN=33447, RATIS_SERVER=33447, STANDALONE=34031], networkLocation: /default-rack, certSerialId: null, persistedOpState: null, persistedOpStateExpiryEpochSec: 0}
2021-08-14 13:13:21,761 [EventQueue-NewNodeForNewNodeHandler] INFO  pipeline.BackgroundPipelineCreator (BackgroundPipelineCreatorV2.java:notifyEventTriggered(285)) - trigger a one-shot run on RatisPipelineUtilsThread.
2021-08-14 13:13:21,774 [EventQueue-NodeRegistrationContainerReportForDataNodeSafeModeRule] INFO  safemode.SCMSafeModeManager (DataNodeSafeModeRule.java:process(71)) - SCM in safe mode. 2 DataNodes registered, 3 required.
2021-08-14 13:13:21,794 [RatisPipelineUtilsThread - 0] INFO  pipeline.RatisPipelineProvider (RatisPipelineProvider.java:lambda$create$0(183)) - Sending CreatePipelineCommand for pipeline:PipelineID=fa11fd05-95a8-4ce4-9cc5-5792a1f81081 to datanode:4d27dd3d-8fa8-4cac-ba0e-fb7e7cb7d3eb
2021-08-14 13:13:21,794 [RatisPipelineUtilsThread - 0] INFO  pipeline.PipelineStateManager (PipelineStateManagerV2Impl.java:addPipeline(101)) - Created pipeline Pipeline[ Id: fa11fd05-95a8-4ce4-9cc5-5792a1f81081, Nodes: 4d27dd3d-8fa8-4cac-ba0e-fb7e7cb7d3eb{ip: 10.1.0.55, host: fv-az50-903.grzltbmokehuzjyc5b133kdqgh.cx.internal.cloudapp.net, ports: [REPLICATION=45173, RATIS=33447, RATIS_ADMIN=33447, RATIS_SERVER=33447, STANDALONE=34031], networkLocation: /default-rack, certSerialId: null, persistedOpState: IN_SERVICE, persistedOpStateExpiryEpochSec: 0}, ReplicationConfig: RATIS/ONE, State:ALLOCATED, leaderId:, CreationTimestamp2021-08-14T13:13:21.794Z[Etc/UTC]].
2021-08-14 13:13:22,260 [Listener at 127.0.0.1/44917] INFO  ozone.MiniOzoneClusterImpl (MiniOzoneClusterImpl.java:lambda$waitForClusterToBeReady$0(235)) - Waiting for nodes to be ready. Got 2 of 3 DN Heartbeats.
2021-08-14 13:13:22,260 [Listener at 127.0.0.1/44917] INFO  ozone.MiniOzoneClusterImpl (MiniOzoneClusterImpl.java:lambda$waitForClusterToBeReady$0(238)) - Waiting for cluster to exit safe mode
2021-08-14 13:13:22,260 [Listener at 127.0.0.1/44917] INFO  ozone.MiniOzoneClusterImpl (MiniOzoneClusterImpl.java:lambda$waitForClusterToBeReady$0(240)) - SCM became leader
2021-08-14 13:13:22,295 [IPC Server handler 19 on default port 36767] INFO  net.NetworkTopologyImpl (NetworkTopologyImpl.java:add(112)) - Added a new node: /default-rack/5a2b7d47-d7f5-4736-a3b5-5700bf8b4a86
2021-08-14 13:13:22,296 [IPC Server handler 19 on default port 36767] INFO  node.SCMNodeManager (SCMNodeManager.java:register(390)) - Registered Data node : 5a2b7d47-d7f5-4736-a3b5-5700bf8b4a86{ip: 10.1.0.55, host: fv-az50-903.grzltbmokehuzjyc5b133kdqgh.cx.internal.cloudapp.net, ports: [REPLICATION=37785, RATIS=39961, RATIS_ADMIN=39961, RATIS_SERVER=39961, STANDALONE=41189], networkLocation: /default-rack, certSerialId: null, persistedOpState: null, persistedOpStateExpiryEpochSec: 0}
2021-08-14 13:13:22,302 [EventQueue-NodeRegistrationContainerReportForDataNodeSafeModeRule] INFO  safemode.SCMSafeModeManager (DataNodeSafeModeRule.java:process(71)) - SCM in safe mode. 3 DataNodes registered, 3 required.
2021-08-14 13:13:22,302 [EventQueue-NewNodeForNewNodeHandler] INFO  pipeline.BackgroundPipelineCreator (BackgroundPipelineCreatorV2.java:notifyEventTriggered(285)) - trigger a one-shot run on RatisPipelineUtilsThread.
2021-08-14 13:13:22,302 [EventQueue-NodeRegistrationContainerReportForDataNodeSafeModeRule] INFO  safemode.SCMSafeModeManager (SCMSafeModeManager.java:validateSafeModeExitRules(204)) - DataNodeSafeModeRule rule is successfully validated
2021-08-14 13:13:22,302 [EventQueue-NodeRegistrationContainerReportForDataNodeSafeModeRule] INFO  safemode.SCMSafeModeManager (SCMSafeModeManager.java:completePreCheck(233)) - All SCM safe mode pre check rules have passed
2021-08-14 13:13:22,302 [EventQueue-NodeRegistrationContainerReportForDataNodeSafeModeRule] WARN  events.EventQueue (EventQueue.java:fireEvent(194)) - No event handler registered for event TypedEvent{payloadType=SafeModeStatus, name='Safe mode status'}
2021-08-14 13:13:22,302 [EventQueue-NodeRegistrationContainerReportForDataNodeSafeModeRule] INFO  ha.SCMContext (SCMContext.java:updateSafeModeStatus(205)) - Update SafeModeStatus from SafeModeStatus{safeModeStatus=true, preCheckPassed=false} to SafeModeStatus{safeModeStatus=true, preCheckPassed=true}.
2021-08-14 13:13:22,302 [EventQueue-NodeRegistrationContainerReportForDataNodeSafeModeRule] INFO  pipeline.BackgroundPipelineCreator (BackgroundPipelineCreatorV2.java:notifyEventTriggered(285)) - trigger a one-shot run on RatisPipelineUtilsThread.
2021-08-14 13:13:22,306 [RatisPipelineUtilsThread - 0] INFO  pipeline.RatisPipelineProvider (RatisPipelineProvider.java:lambda$create$0(183)) - Sending CreatePipelineCommand for pipeline:PipelineID=a5fe29a6-9baf-4649-a4cb-79c2f7138058 to datanode:5a2b7d47-d7f5-4736-a3b5-5700bf8b4a86
2021-08-14 13:13:22,307 [RatisPipelineUtilsThread - 0] INFO  pipeline.PipelineStateManager (PipelineStateManagerV2Impl.java:addPipeline(101)) - Created pipeline Pipeline[ Id: a5fe29a6-9baf-4649-a4cb-79c2f7138058, Nodes: 5a2b7d47-d7f5-4736-a3b5-5700bf8b4a86{ip: 10.1.0.55, host: fv-az50-903.grzltbmokehuzjyc5b133kdqgh.cx.internal.cloudapp.net, ports: [REPLICATION=37785, RATIS=39961, RATIS_ADMIN=39961, RATIS_SERVER=39961, STANDALONE=41189], networkLocation: /default-rack, certSerialId: null, persistedOpState: IN_SERVICE, persistedOpStateExpiryEpochSec: 0}, ReplicationConfig: RATIS/ONE, State:ALLOCATED, leaderId:, CreationTimestamp2021-08-14T13:13:22.306Z[Etc/UTC]].
2021-08-14 13:13:22,307 [RatisPipelineUtilsThread - 0] INFO  pipeline.RatisPipelineProvider (RatisPipelineProvider.java:lambda$create$0(183)) - Sending CreatePipelineCommand for pipeline:PipelineID=8e0c9ac4-7c9f-42cb-ba71-de69629266fd to datanode:e0461867-c40b-41c5-9b61-f214c62ad697
2021-08-14 13:13:22,307 [RatisPipelineUtilsThread - 0] INFO  pipeline.RatisPipelineProvider (RatisPipelineProvider.java:lambda$create$0(183)) - Sending CreatePipelineCommand for pipeline:PipelineID=8e0c9ac4-7c9f-42cb-ba71-de69629266fd to datanode:4d27dd3d-8fa8-4cac-ba0e-fb7e7cb7d3eb
2021-08-14 13:13:22,307 [RatisPipelineUtilsThread - 0] INFO  pipeline.RatisPipelineProvider (RatisPipelineProvider.java:lambda$create$0(183)) - Sending CreatePipelineCommand for pipeline:PipelineID=8e0c9ac4-7c9f-42cb-ba71-de69629266fd to datanode:5a2b7d47-d7f5-4736-a3b5-5700bf8b4a86
2021-08-14 13:13:22,307 [RatisPipelineUtilsThread - 0] INFO  pipeline.PipelineStateManager (PipelineStateManagerV2Impl.java:addPipeline(101)) - Created pipeline Pipeline[ Id: 8e0c9ac4-7c9f-42cb-ba71-de69629266fd, Nodes: e0461867-c40b-41c5-9b61-f214c62ad697{ip: 10.1.0.55, host: fv-az50-903.grzltbmokehuzjyc5b133kdqgh.cx.internal.cloudapp.net, ports: [REPLICATION=43333, RATIS=34679, RATIS_ADMIN=34679, RATIS_SERVER=34679, STANDALONE=33791], networkLocation: /default-rack, certSerialId: null, persistedOpState: IN_SERVICE, persistedOpStateExpiryEpochSec: 0}4d27dd3d-8fa8-4cac-ba0e-fb7e7cb7d3eb{ip: 10.1.0.55, host: fv-az50-903.grzltbmokehuzjyc5b133kdqgh.cx.internal.cloudapp.net, ports: [REPLICATION=45173, RATIS=33447, RATIS_ADMIN=33447, RATIS_SERVER=33447, STANDALONE=34031], networkLocation: /default-rack, certSerialId: null, persistedOpState: IN_SERVICE, persistedOpStateExpiryEpochSec: 0}5a2b7d47-d7f5-4736-a3b5-5700bf8b4a86{ip: 10.1.0.55, host: fv-az50-903.grzltbmokehuzjyc5b133kdqgh.cx.internal.cloudapp.net, ports: [REPLICATION=37785, RATIS=39961, RATIS_ADMIN=39961, RATIS_SERVER=39961, STANDALONE=41189], networkLocation: /default-rack, certSerialId: null, persistedOpState: IN_SERVICE, persistedOpStateExpiryEpochSec: 0}, ReplicationConfig: RATIS/THREE, State:ALLOCATED, leaderId:, CreationTimestamp2021-08-14T13:13:22.307Z[Etc/UTC]].
2021-08-14 13:13:22,308 [RatisPipelineUtilsThread - 0] INFO  pipeline.RatisPipelineProvider (RatisPipelineProvider.java:lambda$create$0(183)) - Sending CreatePipelineCommand for pipeline:PipelineID=cba15c6e-d2ed-4235-8452-137c40bdb21d to datanode:4d27dd3d-8fa8-4cac-ba0e-fb7e7cb7d3eb
2021-08-14 13:13:22,308 [RatisPipelineUtilsThread - 0] INFO  pipeline.RatisPipelineProvider (RatisPipelineProvider.java:lambda$create$0(183)) - Sending CreatePipelineCommand for pipeline:PipelineID=cba15c6e-d2ed-4235-8452-137c40bdb21d to datanode:e0461867-c40b-41c5-9b61-f214c62ad697
2021-08-14 13:13:22,308 [RatisPipelineUtilsThread - 0] INFO  pipeline.RatisPipelineProvider (RatisPipelineProvider.java:lambda$create$0(183)) - Sending CreatePipelineCommand for pipeline:PipelineID=cba15c6e-d2ed-4235-8452-137c40bdb21d to datanode:5a2b7d47-d7f5-4736-a3b5-5700bf8b4a86
2021-08-14 13:13:22,308 [RatisPipelineUtilsThread - 0] INFO  pipeline.PipelineStateManager (PipelineStateManagerV2Impl.java:addPipeline(101)) - Created pipeline Pipeline[ Id: cba15c6e-d2ed-4235-8452-137c40bdb21d, Nodes: 4d27dd3d-8fa8-4cac-ba0e-fb7e7cb7d3eb{ip: 10.1.0.55, host: fv-az50-903.grzltbmokehuzjyc5b133kdqgh.cx.internal.cloudapp.net, ports: [REPLICATION=45173, RATIS=33447, RATIS_ADMIN=33447, RATIS_SERVER=33447, STANDALONE=34031], networkLocation: /default-rack, certSerialId: null, persistedOpState: IN_SERVICE, persistedOpStateExpiryEpochSec: 0}e0461867-c40b-41c5-9b61-f214c62ad697{ip: 10.1.0.55, host: fv-az50-903.grzltbmokehuzjyc5b133kdqgh.cx.internal.cloudapp.net, ports: [REPLICATION=43333, RATIS=34679, RATIS_ADMIN=34679, RATIS_SERVER=34679, STANDALONE=33791], networkLocation: /default-rack, certSerialId: null, persistedOpState: IN_SERVICE, persistedOpStateExpiryEpochSec: 0}5a2b7d47-d7f5-4736-a3b5-5700bf8b4a86{ip: 10.1.0.55, host: fv-az50-903.grzltbmokehuzjyc5b133kdqgh.cx.internal.cloudapp.net, ports: [REPLICATION=37785, RATIS=39961, RATIS_ADMIN=39961, RATIS_SERVER=39961, STANDALONE=41189], networkLocation: /default-rack, certSerialId: null, persistedOpState: IN_SERVICE, persistedOpStateExpiryEpochSec: 0}, ReplicationConfig: RATIS/THREE, State:ALLOCATED, leaderId:, CreationTimestamp2021-08-14T13:13:22.308Z[Etc/UTC]].
2021-08-14 13:13:22,308 [RatisPipelineUtilsThread - 0] INFO  pipeline.PipelineManagerImpl (PipelineManagerImpl.java:recordMetricsForPipeline(614)) - Pipeline: PipelineID=cba15c6e-d2ed-4235-8452-137c40bdb21d contains same datanodes as previous pipelines: PipelineID=8e0c9ac4-7c9f-42cb-ba71-de69629266fd nodeIds: 4d27dd3d-8fa8-4cac-ba0e-fb7e7cb7d3eb, e0461867-c40b-41c5-9b61-f214c62ad697, 5a2b7d47-d7f5-4736-a3b5-5700bf8b4a86
2021-08-14 13:13:23,260 [Listener at 127.0.0.1/44917] INFO  ozone.MiniOzoneClusterImpl (MiniOzoneClusterImpl.java:lambda$waitForClusterToBeReady$0(235)) - Nodes are ready. Got 3 of 3 DN Heartbeats.
2021-08-14 13:13:23,261 [Listener at 127.0.0.1/44917] INFO  ozone.MiniOzoneClusterImpl (MiniOzoneClusterImpl.java:lambda$waitForClusterToBeReady$0(238)) - Waiting for cluster to exit safe mode
2021-08-14 13:13:23,261 [Listener at 127.0.0.1/44917] INFO  ozone.MiniOzoneClusterImpl (MiniOzoneClusterImpl.java:lambda$waitForClusterToBeReady$0(240)) - SCM became leader
2021-08-14 13:13:24,123 [Command processor thread] INFO  server.RaftServer (RaftServerProxy.java:addNew(95)) - e0461867-c40b-41c5-9b61-f214c62ad697: addNew group-4397BC943C12:[e0461867-c40b-41c5-9b61-f214c62ad697|rpc:10.1.0.55:34679|priority:1] returns group-4397BC943C12:java.util.concurrent.CompletableFuture@1afd5cbe[Not completed]
2021-08-14 13:13:24,143 [pool-369-thread-1] INFO  server.RaftServer$Division (RaftServerImpl.java:<init>(181)) - e0461867-c40b-41c5-9b61-f214c62ad697: new RaftServerImpl for group-4397BC943C12:[e0461867-c40b-41c5-9b61-f214c62ad697|rpc:10.1.0.55:34679|priority:1] with ContainerStateMachine:uninitialized
2021-08-14 13:13:24,143 [pool-369-thread-1] INFO  server.RaftServerConfigKeys (ConfUtils.java:logGet(44)) - raft.server.rpc.timeout.min = 5s (custom)
2021-08-14 13:13:24,143 [pool-369-thread-1] INFO  server.RaftServerConfigKeys (ConfUtils.java:logGet(44)) - raft.server.rpc.timeout.max = 5200ms (custom)
2021-08-14 13:13:24,149 [pool-369-thread-1] INFO  server.RaftServerConfigKeys (ConfUtils.java:logGet(44)) - raft.server.rpc.sleep.time = 25ms (default)
2021-08-14 13:13:24,150 [pool-369-thread-1] INFO  server.RaftServerConfigKeys (ConfUtils.java:logGet(44)) - raft.server.rpc.slowness.timeout = 300s (custom)
2021-08-14 13:13:24,150 [pool-369-thread-1] INFO  server.RaftServerConfigKeys (ConfUtils.java:logGet(44)) - raft.server.leaderelection.leader.step-down.wait-time = 10s (default)
2021-08-14 13:13:24,150 [pool-369-thread-1] INFO  server.RaftServerConfigKeys (ConfUtils.java:logGet(44)) - raft.server.sleep.deviation.threshold = 300ms (default)
2021-08-14 13:13:24,150 [pool-369-thread-1] INFO  server.RaftServerConfigKeys (ConfUtils.java:logGet(44)) - raft.server.log.appender.install.snapshot.enabled = false (custom)
2021-08-14 13:13:24,150 [pool-369-thread-1] INFO  server.RaftServer$Division (ServerState.java:<init>(105)) - e0461867-c40b-41c5-9b61-f214c62ad697@group-4397BC943C12: ConfigurationManager, init=-1: [e0461867-c40b-41c5-9b61-f214c62ad697|rpc:10.1.0.55:34679|priority:1], old=null, confs=<EMPTY_MAP>
2021-08-14 13:13:24,150 [pool-369-thread-1] INFO  server.RaftServerConfigKeys (ConfUtils.java:logGet(44)) - raft.server.storage.dir = [/home/runner/work/ozone/ozone/hadoop-ozone/integration-test/target/test-dir/MiniOzoneClusterImpl-d039c420-9dd2-4032-a768-5c23a44c40fe/datanode-0/data/ratis] (custom)
2021-08-14 13:13:24,150 [pool-369-thread-1] INFO  server.RaftServerConfigKeys (ConfUtils.java:logGet(44)) - raft.server.log.corruption.policy = EXCEPTION (default)
2021-08-14 13:13:24,154 [pool-369-thread-1] INFO  server.RaftServerConfigKeys (ConfUtils.java:logGet(44)) - raft.server.storage.free-space.min = 0MB (=0) (default)
2021-08-14 13:13:24,154 [pool-369-thread-1] INFO  storage.RaftStorageDirectory (RaftStorageDirectoryImpl.java:analyzeStorage(135)) - The storage directory /home/runner/work/ozone/ozone/hadoop-ozone/integration-test/target/test-dir/MiniOzoneClusterImpl-d039c420-9dd2-4032-a768-5c23a44c40fe/datanode-0/data/ratis/99bf46e2-1639-4c5b-a7e3-4397bc943c12 does not exist. Creating ...
2021-08-14 13:13:24,156 [pool-369-thread-1] INFO  storage.RaftStorageDirectory (RaftStorageDirectoryImpl.java:tryLock(230)) - Lock on /home/runner/work/ozone/ozone/hadoop-ozone/integration-test/target/test-dir/MiniOzoneClusterImpl-d039c420-9dd2-4032-a768-5c23a44c40fe/datanode-0/data/ratis/99bf46e2-1639-4c5b-a7e3-4397bc943c12/in_use.lock acquired by nodename 22214@fv-az50-903
2021-08-14 13:13:24,165 [pool-369-thread-1] INFO  storage.RaftStorage (RaftStorageImpl.java:format(89)) - Storage directory /home/runner/work/ozone/ozone/hadoop-ozone/integration-test/target/test-dir/MiniOzoneClusterImpl-d039c420-9dd2-4032-a768-5c23a44c40fe/datanode-0/data/ratis/99bf46e2-1639-4c5b-a7e3-4397bc943c12 has been successfully formatted.
2021-08-14 13:13:24,166 [pool-369-thread-1] INFO  ratis.ContainerStateMachine (ContainerStateMachine.java:loadSnapshot(225)) - group-4397BC943C12: The snapshot info is null. Setting the last applied indexto:(t:0, i:~)
2021-08-14 13:13:24,166 [Datanode State Machine Thread - 0] WARN  statemachine.StateContext (StateContext.java:execute(621)) - No available thread in pool for past 1 seconds.
2021-08-14 13:13:24,166 [pool-369-thread-1] INFO  server.RaftServerConfigKeys (ConfUtils.java:logGet(44)) - raft.server.notification.no-leader.timeout = 300s (custom)
2021-08-14 13:13:24,166 [pool-369-thread-1] INFO  server.RaftServerConfigKeys (ConfUtils.java:logGet(44)) - raft.server.log.use.memory = false (default)
2021-08-14 13:13:24,166 [pool-369-thread-1] INFO  server.RaftServerConfigKeys (ConfUtils.java:logGet(44)) - raft.server.log.purge.gap = 1000000 (custom)
2021-08-14 13:13:24,167 [pool-369-thread-1] INFO  server.RaftServerConfigKeys (ConfUtils.java:logGet(44)) - raft.server.log.appender.buffer.byte-limit = 33554432 (custom)
2021-08-14 13:13:24,167 [pool-369-thread-1] INFO  server.RaftServerConfigKeys (ConfUtils.java:logGet(44)) - raft.server.log.segment.size.max = 1048576 (custom)
2021-08-14 13:13:24,168 [pool-369-thread-1] INFO  server.RaftServerConfigKeys (ConfUtils.java:logGet(44)) - raft.server.log.segment.cache.num.max = 2 (custom)
2021-08-14 13:13:24,167 [EventQueue-PipelineReportForPipelineReportHandler] INFO  pipeline.PipelineManagerImpl (PipelineManagerImpl.java:openPipeline(283)) - Pipeline Pipeline[ Id: 99bf46e2-1639-4c5b-a7e3-4397bc943c12, Nodes: e0461867-c40b-41c5-9b61-f214c62ad697{ip: 10.1.0.55, host: fv-az50-903.grzltbmokehuzjyc5b133kdqgh.cx.internal.cloudapp.net, ports: [REPLICATION=43333, RATIS=34679, RATIS_ADMIN=34679, RATIS_SERVER=34679, STANDALONE=33791], networkLocation: /default-rack, certSerialId: null, persistedOpState: IN_SERVICE, persistedOpStateExpiryEpochSec: 0}, ReplicationConfig: RATIS/ONE, State:ALLOCATED, leaderId:e0461867-c40b-41c5-9b61-f214c62ad697, CreationTimestamp2021-08-14T13:13:21.138Z[Etc/UTC]] moved to OPEN state
2021-08-14 13:13:24,168 [pool-369-thread-1] INFO  server.RaftServerConfigKeys (ConfUtils.java:logGet(44)) - raft.server.log.segment.cache.size.max = 200MB (=209715200) (default)
2021-08-14 13:13:24,175 [pool-369-thread-1] INFO  segmented.SegmentedRaftLogWorker (SegmentedRaftLogWorker.java:<init>(182)) - new e0461867-c40b-41c5-9b61-f214c62ad697@group-4397BC943C12-SegmentedRaftLogWorker for RaftStorageImpl:Storage Directory /home/runner/work/ozone/ozone/hadoop-ozone/integration-test/target/test-dir/MiniOzoneClusterImpl-d039c420-9dd2-4032-a768-5c23a44c40fe/datanode-0/data/ratis/99bf46e2-1639-4c5b-a7e3-4397bc943c12
2021-08-14 13:13:24,175 [pool-369-thread-1] INFO  server.RaftServerConfigKeys (ConfUtils.java:logGet(44)) - raft.server.log.queue.byte-limit = 2147483647 (custom)
2021-08-14 13:13:24,175 [pool-369-thread-1] INFO  server.RaftServerConfigKeys (ConfUtils.java:logGet(44)) - raft.server.log.queue.element-limit = 1024 (custom)
2021-08-14 13:13:24,181 [pool-369-thread-1] INFO  server.RaftServerConfigKeys (ConfUtils.java:logGet(44)) - raft.server.log.segment.size.max = 1048576 (custom)
2021-08-14 13:13:24,182 [pool-369-thread-1] INFO  server.RaftServerConfigKeys (ConfUtils.java:logGet(44)) - raft.server.log.preallocated.size = 16384 (custom)
2021-08-14 13:13:24,182 [pool-369-thread-1] INFO  server.RaftServerConfigKeys (ConfUtils.java:logGet(44)) - raft.server.log.force.sync.num = 128 (default)
2021-08-14 13:13:24,182 [pool-369-thread-1] INFO  server.RaftServerConfigKeys (ConfUtils.java:logGet(44)) - raft.server.log.statemachine.data.sync = true (default)
2021-08-14 13:13:24,182 [pool-369-thread-1] INFO  server.RaftServerConfigKeys (ConfUtils.java:logGet(44)) - raft.server.log.statemachine.data.sync.timeout = 10s (default)
2021-08-14 13:13:24,182 [pool-369-thread-1] INFO  server.RaftServerConfigKeys (ConfUtils.java:logGet(44)) - raft.server.log.statemachine.data.sync.timeout.retry = -1 (default)
2021-08-14 13:13:24,187 [pool-369-thread-1] INFO  server.RaftServerConfigKeys (ConfUtils.java:logGet(44)) - raft.server.log.write.buffer.size = 1048576 (custom)
2021-08-14 13:13:24,187 [pool-369-thread-1] INFO  server.RaftServerConfigKeys (ConfUtils.java:logGet(44)) - raft.server.log.statemachine.data.caching.enabled = true (custom)
2021-08-14 13:13:24,187 [pool-369-thread-1] INFO  segmented.SegmentedRaftLogWorker (SegmentedRaftLogWorker.java:lambda$new$0(133)) - e0461867-c40b-41c5-9b61-f214c62ad697@group-4397BC943C12-SegmentedRaftLogWorker: flushIndex: setUnconditionally 0 -> -1
2021-08-14 13:13:24,187 [pool-369-thread-1] INFO  segmented.SegmentedRaftLogWorker (SegmentedRaftLogWorker.java:lambda$new$0(133)) - e0461867-c40b-41c5-9b61-f214c62ad697@group-4397BC943C12-SegmentedRaftLogWorker: safeCacheEvictIndex: setUnconditionally 0 -> -1
2021-08-14 13:13:24,199 [pool-369-thread-1] INFO  server.RaftServerConfigKeys (ConfUtils.java:logGet(44)) - raft.server.snapshot.auto.trigger.enabled = true (custom)
2021-08-14 13:13:24,199 [pool-369-thread-1] INFO  server.RaftServerConfigKeys (ConfUtils.java:logGet(44)) - raft.server.snapshot.auto.trigger.threshold = 10000 (custom)
2021-08-14 13:13:24,199 [pool-369-thread-1] INFO  server.RaftServerConfigKeys (ConfUtils.java:logGet(44)) - raft.server.snapshot.retention.file.num = 5 (custom)
2021-08-14 13:13:24,199 [pool-369-thread-1] INFO  server.RaftServerConfigKeys (ConfUtils.java:logGet(44)) - raft.server.log.purge.upto.snapshot.index = false (default)
2021-08-14 13:13:24,199 [pool-369-thread-1] INFO  server.RaftServerConfigKeys (ConfUtils.java:logGet(44)) - raft.server.retrycache.expirytime = 600000ms (custom)
2021-08-14 13:13:24,199 [pool-369-thread-1] INFO  server.RaftServerConfigKeys (ConfUtils.java:logGet(44)) - raft.server.retrycache.statistics.expirytime = 100μs (default)
2021-08-14 13:13:24,203 [EventQueue-OpenPipelineForHealthyPipelineSafeModeRule] INFO  safemode.SCMSafeModeManager (HealthyPipelineSafeModeRule.java:process(124)) - SCM in safe mode. Healthy pipelines reported count is 0, required healthy pipeline reported count is 1
2021-08-14 13:13:24,223 [pool-369-thread-1] INFO  server.RaftServer$Division (RaftServerImpl.java:start(296)) - e0461867-c40b-41c5-9b61-f214c62ad697@group-4397BC943C12: start as a follower, conf=-1: [e0461867-c40b-41c5-9b61-f214c62ad697|rpc:10.1.0.55:34679|priority:1], old=null
2021-08-14 13:13:24,223 [pool-369-thread-1] INFO  server.RaftServer$Division (RaftServerImpl.java:setRole(285)) - e0461867-c40b-41c5-9b61-f214c62ad697@group-4397BC943C12: changes role from      null to FOLLOWER at term 0 for startAsFollower
2021-08-14 13:13:24,223 [pool-369-thread-1] INFO  impl.RoleInfo (RoleInfo.java:updateAndGet(130)) - e0461867-c40b-41c5-9b61-f214c62ad697: start e0461867-c40b-41c5-9b61-f214c62ad697@group-4397BC943C12-FollowerState
2021-08-14 13:13:24,234 [pool-369-thread-1] INFO  util.JmxRegister (JmxRegister.java:tryRegister(44)) - Successfully registered JMX Bean with object name Ratis:service=RaftServer,group=group-4397BC943C12,id=e0461867-c40b-41c5-9b61-f214c62ad697
2021-08-14 13:13:24,242 [Command processor thread] INFO  ratis.XceiverServerRatis (XceiverServerRatis.java:addGroup(763)) - Created group PipelineID=99bf46e2-1639-4c5b-a7e3-4397bc943c12
2021-08-14 13:13:24,242 [Command processor thread] INFO  commandhandler.CreatePipelineCommandHandler (CreatePipelineCommandHandler.java:handle(106)) - Created Pipeline RATIS ONE PipelineID=99bf46e2-1639-4c5b-a7e3-4397bc943c12.
2021-08-14 13:13:24,242 [Command processor thread] INFO  server.RaftServer (RaftServerProxy.java:addNew(95)) - e0461867-c40b-41c5-9b61-f214c62ad697: addNew group-DE69629266FD:[5a2b7d47-d7f5-4736-a3b5-5700bf8b4a86|rpc:10.1.0.55:39961|priority:0, e0461867-c40b-41c5-9b61-f214c62ad697|rpc:10.1.0.55:34679|priority:0, 4d27dd3d-8fa8-4cac-ba0e-fb7e7cb7d3eb|rpc:10.1.0.55:33447|priority:1] returns group-DE69629266FD:java.util.concurrent.CompletableFuture@1ec2cb39[Not completed]
2021-08-14 13:13:24,243 [pool-369-thread-1] INFO  server.RaftServer$Division (RaftServerImpl.java:<init>(181)) - e0461867-c40b-41c5-9b61-f214c62ad697: new RaftServerImpl for group-DE69629266FD:[5a2b7d47-d7f5-4736-a3b5-5700bf8b4a86|rpc:10.1.0.55:39961|priority:0, e0461867-c40b-41c5-9b61-f214c62ad697|rpc:10.1.0.55:34679|priority:0, 4d27dd3d-8fa8-4cac-ba0e-fb7e7cb7d3eb|rpc:10.1.0.55:33447|priority:1] with ContainerStateMachine:uninitialized
2021-08-14 13:13:24,243 [pool-369-thread-1] INFO  server.RaftServerConfigKeys (ConfUtils.java:logGet(44)) - raft.server.rpc.timeout.min = 5s (custom)
2021-08-14 13:13:24,243 [pool-369-thread-1] INFO  server.RaftServerConfigKeys (ConfUtils.java:logGet(44)) - raft.server.rpc.timeout.max = 5200ms (custom)
2021-08-14 13:13:24,243 [pool-369-thread-1] INFO  server.RaftServerConfigKeys (ConfUtils.java:logGet(44)) - raft.server.rpc.sleep.time = 25ms (default)
2021-08-14 13:13:24,243 [pool-369-thread-1] INFO  server.RaftServerConfigKeys (ConfUtils.java:logGet(44)) - raft.server.rpc.slowness.timeout = 300s (custom)
2021-08-14 13:13:24,243 [pool-369-thread-1] INFO  server.RaftServerConfigKeys (ConfUtils.java:logGet(44)) - raft.server.leaderelection.leader.step-down.wait-time = 10s (default)
2021-08-14 13:13:24,243 [pool-369-thread-1] INFO  server.RaftServerConfigKeys (ConfUtils.java:logGet(44)) - raft.server.sleep.deviation.threshold = 300ms (default)
2021-08-14 13:13:24,243 [pool-369-thread-1] INFO  server.RaftServerConfigKeys (ConfUtils.java:logGet(44)) - raft.server.log.appender.install.snapshot.enabled = false (custom)
2021-08-14 13:13:24,244 [pool-369-thread-1] INFO  server.RaftServer$Division (ServerState.java:<init>(105)) - e0461867-c40b-41c5-9b61-f214c62ad697@group-DE69629266FD: ConfigurationManager, init=-1: [5a2b7d47-d7f5-4736-a3b5-5700bf8b4a86|rpc:10.1.0.55:39961|priority:0, e0461867-c40b-41c5-9b61-f214c62ad697|rpc:10.1.0.55:34679|priority:0, 4d27dd3d-8fa8-4cac-ba0e-fb7e7cb7d3eb|rpc:10.1.0.55:33447|priority:1], old=null, confs=<EMPTY_MAP>
2021-08-14 13:13:24,244 [pool-369-thread-1] INFO  server.RaftServerConfigKeys (ConfUtils.java:logGet(44)) - raft.server.storage.dir = [/home/runner/work/ozone/ozone/hadoop-ozone/integration-test/target/test-dir/MiniOzoneClusterImpl-d039c420-9dd2-4032-a768-5c23a44c40fe/datanode-0/data/ratis] (custom)
2021-08-14 13:13:24,244 [pool-369-thread-1] INFO  server.RaftServerConfigKeys (ConfUtils.java:logGet(44)) - raft.server.log.corruption.policy = EXCEPTION (default)
2021-08-14 13:13:24,244 [pool-369-thread-1] INFO  server.RaftServerConfigKeys (ConfUtils.java:logGet(44)) - raft.server.storage.free-space.min = 0MB (=0) (default)
2021-08-14 13:13:24,244 [pool-369-thread-1] INFO  storage.RaftStorageDirectory (RaftStorageDirectoryImpl.java:analyzeStorage(135)) - The storage directory /home/runner/work/ozone/ozone/hadoop-ozone/integration-test/target/test-dir/MiniOzoneClusterImpl-d039c420-9dd2-4032-a768-5c23a44c40fe/datanode-0/data/ratis/8e0c9ac4-7c9f-42cb-ba71-de69629266fd does not exist. Creating ...
2021-08-14 13:13:24,246 [pool-369-thread-1] INFO  storage.RaftStorageDirectory (RaftStorageDirectoryImpl.java:tryLock(230)) - Lock on /home/runner/work/ozone/ozone/hadoop-ozone/integration-test/target/test-dir/MiniOzoneClusterImpl-d039c420-9dd2-4032-a768-5c23a44c40fe/datanode-0/data/ratis/8e0c9ac4-7c9f-42cb-ba71-de69629266fd/in_use.lock acquired by nodename 22214@fv-az50-903
2021-08-14 13:13:24,250 [pool-369-thread-1] INFO  storage.RaftStorage (RaftStorageImpl.java:format(89)) - Storage directory /home/runner/work/ozone/ozone/hadoop-ozone/integration-test/target/test-dir/MiniOzoneClusterImpl-d039c420-9dd2-4032-a768-5c23a44c40fe/datanode-0/data/ratis/8e0c9ac4-7c9f-42cb-ba71-de69629266fd has been successfully formatted.
2021-08-14 13:13:24,250 [pool-369-thread-1] INFO  ratis.ContainerStateMachine (ContainerStateMachine.java:loadSnapshot(225)) - group-DE69629266FD: The snapshot info is null. Setting the last applied indexto:(t:0, i:~)
2021-08-14 13:13:24,250 [pool-369-thread-1] INFO  server.RaftServerConfigKeys (ConfUtils.java:logGet(44)) - raft.server.notification.no-leader.timeout = 300s (custom)
2021-08-14 13:13:24,250 [pool-369-thread-1] INFO  server.RaftServerConfigKeys (ConfUtils.java:logGet(44)) - raft.server.log.use.memory = false (default)
2021-08-14 13:13:24,251 [pool-369-thread-1] INFO  server.RaftServerConfigKeys (ConfUtils.java:logGet(44)) - raft.server.log.purge.gap = 1000000 (custom)
2021-08-14 13:13:24,251 [pool-369-thread-1] INFO  server.RaftServerConfigKeys (ConfUtils.java:logGet(44)) - raft.server.log.appender.buffer.byte-limit = 33554432 (custom)
2021-08-14 13:13:24,251 [Datanode State Machine Thread - 0] WARN  statemachine.StateContext (StateContext.java:execute(621)) - No available thread in pool for past 1 seconds.
2021-08-14 13:13:24,251 [pool-369-thread-1] INFO  server.RaftServerConfigKeys (ConfUtils.java:logGet(44)) - raft.server.log.segment.size.max = 1048576 (custom)
2021-08-14 13:13:24,251 [pool-369-thread-1] INFO  server.RaftServerConfigKeys (ConfUtils.java:logGet(44)) - raft.server.log.segment.cache.num.max = 2 (custom)
2021-08-14 13:13:24,251 [pool-369-thread-1] INFO  server.RaftServerConfigKeys (ConfUtils.java:logGet(44)) - raft.server.log.segment.cache.size.max = 200MB (=209715200) (default)
2021-08-14 13:13:24,251 [pool-369-thread-1] INFO  segmented.SegmentedRaftLogWorker (SegmentedRaftLogWorker.java:<init>(182)) - new e0461867-c40b-41c5-9b61-f214c62ad697@group-DE69629266FD-SegmentedRaftLogWorker for RaftStorageImpl:Storage Directory /home/runner/work/ozone/ozone/hadoop-ozone/integration-test/target/test-dir/MiniOzoneClusterImpl-d039c420-9dd2-4032-a768-5c23a44c40fe/datanode-0/data/ratis/8e0c9ac4-7c9f-42cb-ba71-de69629266fd
2021-08-14 13:13:24,251 [pool-369-thread-1] INFO  server.RaftServerConfigKeys (ConfUtils.java:logGet(44)) - raft.server.log.queue.byte-limit = 2147483647 (custom)
2021-08-14 13:13:24,251 [pool-369-thread-1] INFO  server.RaftServerConfigKeys (ConfUtils.java:logGet(44)) - raft.server.log.queue.element-limit = 1024 (custom)
2021-08-14 13:13:24,251 [pool-369-thread-1] INFO  server.RaftServerConfigKeys (ConfUtils.java:logGet(44)) - raft.server.log.segment.size.max = 1048576 (custom)
2021-08-14 13:13:24,251 [pool-369-thread-1] INFO  server.RaftServerConfigKeys (ConfUtils.java:logGet(44)) - raft.server.log.preallocated.size = 16384 (custom)
2021-08-14 13:13:24,251 [pool-369-thread-1] INFO  server.RaftServerConfigKeys (ConfUtils.java:logGet(44)) - raft.server.log.force.sync.num = 128 (default)
2021-08-14 13:13:24,251 [pool-369-thread-1] INFO  server.RaftServerConfigKeys (ConfUtils.java:logGet(44)) - raft.server.log.statemachine.data.sync = true (default)
2021-08-14 13:13:24,251 [pool-369-thread-1] INFO  server.RaftServerConfigKeys (ConfUtils.java:logGet(44)) - raft.server.log.statemachine.data.sync.timeout = 10s (default)
2021-08-14 13:13:24,251 [pool-369-thread-1] INFO  server.RaftServerConfigKeys (ConfUtils.java:logGet(44)) - raft.server.log.statemachine.data.sync.timeout.retry = -1 (default)
2021-08-14 13:13:24,252 [pool-369-thread-1] INFO  server.RaftServerConfigKeys (ConfUtils.java:logGet(44)) - raft.server.log.write.buffer.size = 1048576 (custom)
2021-08-14 13:13:24,252 [pool-369-thread-1] INFO  server.RaftServerConfigKeys (ConfUtils.java:logGet(44)) - raft.server.log.statemachine.data.caching.enabled = true (custom)
2021-08-14 13:13:24,252 [pool-369-thread-1] INFO  segmented.SegmentedRaftLogWorker (SegmentedRaftLogWorker.java:lambda$new$0(133)) - e0461867-c40b-41c5-9b61-f214c62ad697@group-DE69629266FD-SegmentedRaftLogWorker: flushIndex: setUnconditionally 0 -> -1
2021-08-14 13:13:24,253 [pool-369-thread-1] INFO  segmented.SegmentedRaftLogWorker (SegmentedRaftLogWorker.java:lambda$new$0(133)) - e0461867-c40b-41c5-9b61-f214c62ad697@group-DE69629266FD-SegmentedRaftLogWorker: safeCacheEvictIndex: setUnconditionally 0 -> -1
2021-08-14 13:13:24,262 [Listener at 127.0.0.1/44917] INFO  ozone.MiniOzoneClusterImpl (MiniOzoneClusterImpl.java:lambda$waitForClusterToBeReady$0(235)) - Nodes are ready. Got 3 of 3 DN Heartbeats.
2021-08-14 13:13:24,262 [Listener at 127.0.0.1/44917] INFO  ozone.MiniOzoneClusterImpl (MiniOzoneClusterImpl.java:lambda$waitForClusterToBeReady$0(238)) - Waiting for cluster to exit safe mode
2021-08-14 13:13:24,262 [Listener at 127.0.0.1/44917] INFO  ozone.MiniOzoneClusterImpl (MiniOzoneClusterImpl.java:lambda$waitForClusterToBeReady$0(240)) - SCM became leader
2021-08-14 13:13:24,264 [pool-369-thread-1] INFO  server.RaftServerConfigKeys (ConfUtils.java:logGet(44)) - raft.server.snapshot.auto.trigger.enabled = true (custom)
2021-08-14 13:13:24,265 [pool-369-thread-1] INFO  server.RaftServerConfigKeys (ConfUtils.java:logGet(44)) - raft.server.snapshot.auto.trigger.threshold = 10000 (custom)
2021-08-14 13:13:24,265 [pool-369-thread-1] INFO  server.RaftServerConfigKeys (ConfUtils.java:logGet(44)) - raft.server.snapshot.retention.file.num = 5 (custom)
2021-08-14 13:13:24,265 [pool-369-thread-1] INFO  server.RaftServerConfigKeys (ConfUtils.java:logGet(44)) - raft.server.log.purge.upto.snapshot.index = false (default)
2021-08-14 13:13:24,265 [pool-369-thread-1] INFO  server.RaftServerConfigKeys (ConfUtils.java:logGet(44)) - raft.server.retrycache.expirytime = 600000ms (custom)
2021-08-14 13:13:24,265 [EventQueue-OpenPipelineForHealthyPipelineSafeModeRule] INFO  safemode.SCMSafeModeManager (HealthyPipelineSafeModeRule.java:process(124)) - SCM in safe mode. Healthy pipelines reported count is 0, required healthy pipeline reported count is 1
2021-08-14 13:13:24,265 [pool-369-thread-1] INFO  server.RaftServerConfigKeys (ConfUtils.java:logGet(44)) - raft.server.retrycache.statistics.expirytime = 100μs (default)
2021-08-14 13:13:24,266 [pool-369-thread-1] INFO  server.RaftServer$Division (RaftServerImpl.java:start(296)) - e0461867-c40b-41c5-9b61-f214c62ad697@group-DE69629266FD: start as a follower, conf=-1: [5a2b7d47-d7f5-4736-a3b5-5700bf8b4a86|rpc:10.1.0.55:39961|priority:0, e0461867-c40b-41c5-9b61-f214c62ad697|rpc:10.1.0.55:34679|priority:0, 4d27dd3d-8fa8-4cac-ba0e-fb7e7cb7d3eb|rpc:10.1.0.55:33447|priority:1], old=null
2021-08-14 13:13:24,266 [pool-369-thread-1] INFO  server.RaftServer$Division (RaftServerImpl.java:setRole(285)) - e0461867-c40b-41c5-9b61-f214c62ad697@group-DE69629266FD: changes role from      null to FOLLOWER at term 0 for startAsFollower
2021-08-14 13:13:24,266 [pool-369-thread-1] INFO  impl.RoleInfo (RoleInfo.java:updateAndGet(130)) - e0461867-c40b-41c5-9b61-f214c62ad697: start e0461867-c40b-41c5-9b61-f214c62ad697@group-DE69629266FD-FollowerState
2021-08-14 13:13:24,270 [pool-369-thread-1] INFO  util.JmxRegister (JmxRegister.java:tryRegister(44)) - Successfully registered JMX Bean with object name Ratis:service=RaftServer,group=group-DE69629266FD,id=e0461867-c40b-41c5-9b61-f214c62ad697
2021-08-14 13:13:24,282 [Command processor thread] INFO  ratis.XceiverServerRatis (XceiverServerRatis.java:addGroup(763)) - Created group PipelineID=8e0c9ac4-7c9f-42cb-ba71-de69629266fd
2021-08-14 13:13:24,373 [grpc-default-executor-0] INFO  server.RaftServer (RaftServerProxy.java:addNew(95)) - 4d27dd3d-8fa8-4cac-ba0e-fb7e7cb7d3eb: addNew group-DE69629266FD:[5a2b7d47-d7f5-4736-a3b5-5700bf8b4a86|rpc:10.1.0.55:39961|dataStream:|priority:0, e0461867-c40b-41c5-9b61-f214c62ad697|rpc:10.1.0.55:34679|dataStream:|priority:0, 4d27dd3d-8fa8-4cac-ba0e-fb7e7cb7d3eb|rpc:10.1.0.55:33447|dataStream:|priority:1] returns group-DE69629266FD:java.util.concurrent.CompletableFuture@4d4d1619[Not completed]
2021-08-14 13:13:24,377 [pool-388-thread-1] INFO  server.RaftServer$Division (RaftServerImpl.java:<init>(181)) - 4d27dd3d-8fa8-4cac-ba0e-fb7e7cb7d3eb: new RaftServerImpl for group-DE69629266FD:[5a2b7d47-d7f5-4736-a3b5-5700bf8b4a86|rpc:10.1.0.55:39961|dataStream:|priority:0, e0461867-c40b-41c5-9b61-f214c62ad697|rpc:10.1.0.55:34679|dataStream:|priority:0, 4d27dd3d-8fa8-4cac-ba0e-fb7e7cb7d3eb|rpc:10.1.0.55:33447|dataStream:|priority:1] with ContainerStateMachine:uninitialized
2021-08-14 13:13:24,394 [pool-388-thread-1] INFO  server.RaftServerConfigKeys (ConfUtils.java:logGet(44)) - raft.server.rpc.timeout.min = 5s (custom)
2021-08-14 13:13:24,394 [pool-388-thread-1] INFO  server.RaftServerConfigKeys (ConfUtils.java:logGet(44)) - raft.server.rpc.timeout.max = 5200ms (custom)
2021-08-14 13:13:24,394 [pool-388-thread-1] INFO  server.RaftServerConfigKeys (ConfUtils.java:logGet(44)) - raft.server.rpc.sleep.time = 25ms (default)
2021-08-14 13:13:24,394 [pool-388-thread-1] INFO  server.RaftServerConfigKeys (ConfUtils.java:logGet(44)) - raft.server.rpc.slowness.timeout = 300s (custom)
2021-08-14 13:13:24,394 [pool-388-thread-1] INFO  server.RaftServerConfigKeys (ConfUtils.java:logGet(44)) - raft.server.leaderelection.leader.step-down.wait-time = 10s (default)
2021-08-14 13:13:24,394 [pool-388-thread-1] INFO  server.RaftServerConfigKeys (ConfUtils.java:logGet(44)) - raft.server.sleep.deviation.threshold = 300ms (default)
2021-08-14 13:13:24,394 [pool-388-thread-1] INFO  server.RaftServerConfigKeys (ConfUtils.java:logGet(44)) - raft.server.log.appender.install.snapshot.enabled = false (custom)
2021-08-14 13:13:24,394 [pool-388-thread-1] INFO  server.RaftServer$Division (ServerState.java:<init>(105)) - 4d27dd3d-8fa8-4cac-ba0e-fb7e7cb7d3eb@group-DE69629266FD: ConfigurationManager, init=-1: [5a2b7d47-d7f5-4736-a3b5-5700bf8b4a86|rpc:10.1.0.55:39961|dataStream:|priority:0, e0461867-c40b-41c5-9b61-f214c62ad697|rpc:10.1.0.55:34679|dataStream:|priority:0, 4d27dd3d-8fa8-4cac-ba0e-fb7e7cb7d3eb|rpc:10.1.0.55:33447|dataStream:|priority:1], old=null, confs=<EMPTY_MAP>
2021-08-14 13:13:24,395 [pool-388-thread-1] INFO  server.RaftServerConfigKeys (ConfUtils.java:logGet(44)) - raft.server.storage.dir = [/home/runner/work/ozone/ozone/hadoop-ozone/integration-test/target/test-dir/MiniOzoneClusterImpl-d039c420-9dd2-4032-a768-5c23a44c40fe/datanode-1/data/ratis] (custom)
2021-08-14 13:13:24,395 [pool-388-thread-1] INFO  server.RaftServerConfigKeys (ConfUtils.java:logGet(44)) - raft.server.log.corruption.policy = EXCEPTION (default)
2021-08-14 13:13:24,395 [pool-388-thread-1] INFO  server.RaftServerConfigKeys (ConfUtils.java:logGet(44)) - raft.server.storage.free-space.min = 0MB (=0) (default)
2021-08-14 13:13:24,395 [pool-388-thread-1] INFO  storage.RaftStorageDirectory (RaftStorageDirectoryImpl.java:analyzeStorage(135)) - The storage directory /home/runner/work/ozone/ozone/hadoop-ozone/integration-test/target/test-dir/MiniOzoneClusterImpl-d039c420-9dd2-4032-a768-5c23a44c40fe/datanode-1/data/ratis/8e0c9ac4-7c9f-42cb-ba71-de69629266fd does not exist. Creating ...
2021-08-14 13:13:24,402 [pool-388-thread-1] INFO  storage.RaftStorageDirectory (RaftStorageDirectoryImpl.java:tryLock(230)) - Lock on /home/runner/work/ozone/ozone/hadoop-ozone/integration-test/target/test-dir/MiniOzoneClusterImpl-d039c420-9dd2-4032-a768-5c23a44c40fe/datanode-1/data/ratis/8e0c9ac4-7c9f-42cb-ba71-de69629266fd/in_use.lock acquired by nodename 22214@fv-az50-903
2021-08-14 13:13:24,405 [pool-388-thread-1] INFO  storage.RaftStorage (RaftStorageImpl.java:format(89)) - Storage directory /home/runner/work/ozone/ozone/hadoop-ozone/integration-test/target/test-dir/MiniOzoneClusterImpl-d039c420-9dd2-4032-a768-5c23a44c40fe/datanode-1/data/ratis/8e0c9ac4-7c9f-42cb-ba71-de69629266fd has been successfully formatted.
2021-08-14 13:13:24,411 [pool-388-thread-1] INFO  ratis.ContainerStateMachine (ContainerStateMachine.java:loadSnapshot(225)) - group-DE69629266FD: The snapshot info is null. Setting the last applied indexto:(t:0, i:~)
2021-08-14 13:13:24,411 [Datanode State Machine Thread - 0] WARN  statemachine.StateContext (StateContext.java:execute(621)) - No available thread in pool for past 1 seconds.
2021-08-14 13:13:24,411 [pool-388-thread-1] INFO  server.RaftServerConfigKeys (ConfUtils.java:logGet(44)) - raft.server.notification.no-leader.timeout = 300s (custom)
2021-08-14 13:13:24,411 [pool-388-thread-1] INFO  server.RaftServerConfigKeys (ConfUtils.java:logGet(44)) - raft.server.log.use.memory = false (default)
2021-08-14 13:13:24,411 [pool-388-thread-1] INFO  server.RaftServerConfigKeys (ConfUtils.java:logGet(44)) - raft.server.log.purge.gap = 1000000 (custom)
2021-08-14 13:13:24,411 [pool-388-thread-1] INFO  server.RaftServerConfigKeys (ConfUtils.java:logGet(44)) - raft.server.log.appender.buffer.byte-limit = 33554432 (custom)
2021-08-14 13:13:24,411 [pool-388-thread-1] INFO  server.RaftServerConfigKeys (ConfUtils.java:logGet(44)) - raft.server.log.segment.size.max = 1048576 (custom)
2021-08-14 13:13:24,412 [pool-388-thread-1] INFO  server.RaftServerConfigKeys (ConfUtils.java:logGet(44)) - raft.server.log.segment.cache.num.max = 2 (custom)
2021-08-14 13:13:24,412 [pool-388-thread-1] INFO  server.RaftServerConfigKeys (ConfUtils.java:logGet(44)) - raft.server.log.segment.cache.size.max = 200MB (=209715200) (default)
2021-08-14 13:13:24,412 [pool-388-thread-1] INFO  segmented.SegmentedRaftLogWorker (SegmentedRaftLogWorker.java:<init>(182)) - new 4d27dd3d-8fa8-4cac-ba0e-fb7e7cb7d3eb@group-DE69629266FD-SegmentedRaftLogWorker for RaftStorageImpl:Storage Directory /home/runner/work/ozone/ozone/hadoop-ozone/integration-test/target/test-dir/MiniOzoneClusterImpl-d039c420-9dd2-4032-a768-5c23a44c40fe/datanode-1/data/ratis/8e0c9ac4-7c9f-42cb-ba71-de69629266fd
2021-08-14 13:13:24,412 [pool-388-thread-1] INFO  server.RaftServerConfigKeys (ConfUtils.java:logGet(44)) - raft.server.log.queue.byte-limit = 2147483647 (custom)
2021-08-14 13:13:24,412 [pool-388-thread-1] INFO  server.RaftServerConfigKeys (ConfUtils.java:logGet(44)) - raft.server.log.queue.element-limit = 1024 (custom)
2021-08-14 13:13:24,412 [pool-388-thread-1] INFO  server.RaftServerConfigKeys (ConfUtils.java:logGet(44)) - raft.server.log.segment.size.max = 1048576 (custom)
2021-08-14 13:13:24,412 [pool-388-thread-1] INFO  server.RaftServerConfigKeys (ConfUtils.java:logGet(44)) - raft.server.log.preallocated.size = 16384 (custom)
2021-08-14 13:13:24,412 [pool-388-thread-1] INFO  server.RaftServerConfigKeys (ConfUtils.java:logGet(44)) - raft.server.log.force.sync.num = 128 (default)
2021-08-14 13:13:24,412 [pool-388-thread-1] INFO  server.RaftServerConfigKeys (ConfUtils.java:logGet(44)) - raft.server.log.statemachine.data.sync = true (default)
2021-08-14 13:13:24,412 [pool-388-thread-1] INFO  server.RaftServerConfigKeys (ConfUtils.java:logGet(44)) - raft.server.log.statemachine.data.sync.timeout = 10s (default)
2021-08-14 13:13:24,412 [pool-388-thread-1] INFO  server.RaftServerConfigKeys (ConfUtils.java:logGet(44)) - raft.server.log.statemachine.data.sync.timeout.retry = -1 (default)
2021-08-14 13:13:24,413 [pool-388-thread-1] INFO  server.RaftServerConfigKeys (ConfUtils.java:logGet(44)) - raft.server.log.write.buffer.size = 1048576 (custom)
2021-08-14 13:13:24,413 [pool-388-thread-1] INFO  server.RaftServerConfigKeys (ConfUtils.java:logGet(44)) - raft.server.log.statemachine.data.caching.enabled = true (custom)
2021-08-14 13:13:24,413 [pool-388-thread-1] INFO  segmented.SegmentedRaftLogWorker (SegmentedRaftLogWorker.java:lambda$new$0(133)) - 4d27dd3d-8fa8-4cac-ba0e-fb7e7cb7d3eb@group-DE69629266FD-SegmentedRaftLogWorker: flushIndex: setUnconditionally 0 -> -1
2021-08-14 13:13:24,413 [pool-388-thread-1] INFO  segmented.SegmentedRaftLogWorker (SegmentedRaftLogWorker.java:lambda$new$0(133)) - 4d27dd3d-8fa8-4cac-ba0e-fb7e7cb7d3eb@group-DE69629266FD-SegmentedRaftLogWorker: safeCacheEvictIndex: setUnconditionally 0 -> -1
2021-08-14 13:13:24,413 [pool-388-thread-1] INFO  server.RaftServerConfigKeys (ConfUtils.java:logGet(44)) - raft.server.snapshot.auto.trigger.enabled = true (custom)
2021-08-14 13:13:24,414 [pool-388-thread-1] INFO  server.RaftServerConfigKeys (ConfUtils.java:logGet(44)) - raft.server.snapshot.auto.trigger.threshold = 10000 (custom)
2021-08-14 13:13:24,414 [pool-388-thread-1] INFO  server.RaftServerConfigKeys (ConfUtils.java:logGet(44)) - raft.server.snapshot.retention.file.num = 5 (custom)
2021-08-14 13:13:24,414 [pool-388-thread-1] INFO  server.RaftServerConfigKeys (ConfUtils.java:logGet(44)) - raft.server.log.purge.upto.snapshot.index = false (default)
2021-08-14 13:13:24,414 [pool-388-thread-1] INFO  server.RaftServerConfigKeys (ConfUtils.java:logGet(44)) - raft.server.retrycache.expirytime = 600000ms (custom)
2021-08-14 13:13:24,414 [pool-388-thread-1] INFO  server.RaftServerConfigKeys (ConfUtils.java:logGet(44)) - raft.server.retrycache.statistics.expirytime = 100μs (default)
2021-08-14 13:13:24,415 [pool-388-thread-1] INFO  server.RaftServer$Division (RaftServerImpl.java:start(296)) - 4d27dd3d-8fa8-4cac-ba0e-fb7e7cb7d3eb@group-DE69629266FD: start as a follower, conf=-1: [5a2b7d47-d7f5-4736-a3b5-5700bf8b4a86|rpc:10.1.0.55:39961|dataStream:|priority:0, e0461867-c40b-41c5-9b61-f214c62ad697|rpc:10.1.0.55:34679|dataStream:|priority:0, 4d27dd3d-8fa8-4cac-ba0e-fb7e7cb7d3eb|rpc:10.1.0.55:33447|dataStream:|priority:1], old=null
2021-08-14 13:13:24,415 [pool-388-thread-1] INFO  server.RaftServer$Division (RaftServerImpl.java:setRole(285)) - 4d27dd3d-8fa8-4cac-ba0e-fb7e7cb7d3eb@group-DE69629266FD: changes role from      null to FOLLOWER at term 0 for startAsFollower
2021-08-14 13:13:24,415 [pool-388-thread-1] INFO  impl.RoleInfo (RoleInfo.java:updateAndGet(130)) - 4d27dd3d-8fa8-4cac-ba0e-fb7e7cb7d3eb: start 4d27dd3d-8fa8-4cac-ba0e-fb7e7cb7d3eb@group-DE69629266FD-FollowerState
2021-08-14 13:13:24,415 [pool-388-thread-1] INFO  util.JmxRegister (JmxRegister.java:tryRegister(44)) - Successfully registered JMX Bean with object name Ratis:service=RaftServer,group=group-DE69629266FD,id=4d27dd3d-8fa8-4cac-ba0e-fb7e7cb7d3eb
2021-08-14 13:13:24,590 [grpc-default-executor-0] INFO  server.RaftServer (RaftServerProxy.java:addNew(95)) - 5a2b7d47-d7f5-4736-a3b5-5700bf8b4a86: addNew group-DE69629266FD:[5a2b7d47-d7f5-4736-a3b5-5700bf8b4a86|rpc:10.1.0.55:39961|dataStream:|priority:0, e0461867-c40b-41c5-9b61-f214c62ad697|rpc:10.1.0.55:34679|dataStream:|priority:0, 4d27dd3d-8fa8-4cac-ba0e-fb7e7cb7d3eb|rpc:10.1.0.55:33447|dataStream:|priority:1] returns group-DE69629266FD:java.util.concurrent.CompletableFuture@1607e969[Not completed]
2021-08-14 13:13:24,627 [pool-407-thread-1] INFO  server.RaftServer$Division (RaftServerImpl.java:<init>(181)) - 5a2b7d47-d7f5-4736-a3b5-5700bf8b4a86: new RaftServerImpl for group-DE69629266FD:[5a2b7d47-d7f5-4736-a3b5-5700bf8b4a86|rpc:10.1.0.55:39961|dataStream:|priority:0, e0461867-c40b-41c5-9b61-f214c62ad697|rpc:10.1.0.55:34679|dataStream:|priority:0, 4d27dd3d-8fa8-4cac-ba0e-fb7e7cb7d3eb|rpc:10.1.0.55:33447|dataStream:|priority:1] with ContainerStateMachine:uninitialized
2021-08-14 13:13:24,631 [pool-407-thread-1] INFO  server.RaftServerConfigKeys (ConfUtils.java:logGet(44)) - raft.server.rpc.timeout.min = 5s (custom)
2021-08-14 13:13:24,631 [pool-407-thread-1] INFO  server.RaftServerConfigKeys (ConfUtils.java:logGet(44)) - raft.server.rpc.timeout.max = 5200ms (custom)
2021-08-14 13:13:24,631 [pool-407-thread-1] INFO  server.RaftServerConfigKeys (ConfUtils.java:logGet(44)) - raft.server.rpc.sleep.time = 25ms (default)
2021-08-14 13:13:24,631 [pool-407-thread-1] INFO  server.RaftServerConfigKeys (ConfUtils.java:logGet(44)) - raft.server.rpc.slowness.timeout = 300s (custom)
2021-08-14 13:13:24,631 [pool-407-thread-1] INFO  server.RaftServerConfigKeys (ConfUtils.java:logGet(44)) - raft.server.leaderelection.leader.step-down.wait-time = 10s (default)
2021-08-14 13:13:24,631 [pool-407-thread-1] INFO  server.RaftServerConfigKeys (ConfUtils.java:logGet(44)) - raft.server.sleep.deviation.threshold = 300ms (default)
2021-08-14 13:13:24,631 [pool-407-thread-1] INFO  server.RaftServerConfigKeys (ConfUtils.java:logGet(44)) - raft.server.log.appender.install.snapshot.enabled = false (custom)
2021-08-14 13:13:24,631 [pool-407-thread-1] INFO  server.RaftServer$Division (ServerState.java:<init>(105)) - 5a2b7d47-d7f5-4736-a3b5-5700bf8b4a86@group-DE69629266FD: ConfigurationManager, init=-1: [5a2b7d47-d7f5-4736-a3b5-5700bf8b4a86|rpc:10.1.0.55:39961|dataStream:|priority:0, e0461867-c40b-41c5-9b61-f214c62ad697|rpc:10.1.0.55:34679|dataStream:|priority:0, 4d27dd3d-8fa8-4cac-ba0e-fb7e7cb7d3eb|rpc:10.1.0.55:33447|dataStream:|priority:1], old=null, confs=<EMPTY_MAP>
2021-08-14 13:13:24,631 [pool-407-thread-1] INFO  server.RaftServerConfigKeys (ConfUtils.java:logGet(44)) - raft.server.storage.dir = [/home/runner/work/ozone/ozone/hadoop-ozone/integration-test/target/test-dir/MiniOzoneClusterImpl-d039c420-9dd2-4032-a768-5c23a44c40fe/datanode-2/data/ratis] (custom)
2021-08-14 13:13:24,631 [pool-407-thread-1] INFO  server.RaftServerConfigKeys (ConfUtils.java:logGet(44)) - raft.server.log.corruption.policy = EXCEPTION (default)
2021-08-14 13:13:24,631 [pool-407-thread-1] INFO  server.RaftServerConfigKeys (ConfUtils.java:logGet(44)) - raft.server.storage.free-space.min = 0MB (=0) (default)
2021-08-14 13:13:24,631 [pool-407-thread-1] INFO  storage.RaftStorageDirectory (RaftStorageDirectoryImpl.java:analyzeStorage(135)) - The storage directory /home/runner/work/ozone/ozone/hadoop-ozone/integration-test/target/test-dir/MiniOzoneClusterImpl-d039c420-9dd2-4032-a768-5c23a44c40fe/datanode-2/data/ratis/8e0c9ac4-7c9f-42cb-ba71-de69629266fd does not exist. Creating ...
2021-08-14 13:13:24,633 [pool-407-thread-1] INFO  storage.RaftStorageDirectory (RaftStorageDirectoryImpl.java:tryLock(230)) - Lock on /home/runner/work/ozone/ozone/hadoop-ozone/integration-test/target/test-dir/MiniOzoneClusterImpl-d039c420-9dd2-4032-a768-5c23a44c40fe/datanode-2/data/ratis/8e0c9ac4-7c9f-42cb-ba71-de69629266fd/in_use.lock acquired by nodename 22214@fv-az50-903
2021-08-14 13:13:24,639 [pool-407-thread-1] INFO  storage.RaftStorage (RaftStorageImpl.java:format(89)) - Storage directory /home/runner/work/ozone/ozone/hadoop-ozone/integration-test/target/test-dir/MiniOzoneClusterImpl-d039c420-9dd2-4032-a768-5c23a44c40fe/datanode-2/data/ratis/8e0c9ac4-7c9f-42cb-ba71-de69629266fd has been successfully formatted.
2021-08-14 13:13:24,640 [Datanode State Machine Thread - 0] WARN  statemachine.StateContext (StateContext.java:execute(621)) - No available thread in pool for past 1 seconds.
2021-08-14 13:13:24,640 [pool-407-thread-1] INFO  ratis.ContainerStateMachine (ContainerStateMachine.java:loadSnapshot(225)) - group-DE69629266FD: The snapshot info is null. Setting the last applied indexto:(t:0, i:~)
2021-08-14 13:13:24,640 [pool-407-thread-1] INFO  server.RaftServerConfigKeys (ConfUtils.java:logGet(44)) - raft.server.notification.no-leader.timeout = 300s (custom)
2021-08-14 13:13:24,640 [pool-407-thread-1] INFO  server.RaftServerConfigKeys (ConfUtils.java:logGet(44)) - raft.server.log.use.memory = false (default)
2021-08-14 13:13:24,641 [pool-407-thread-1] INFO  server.RaftServerConfigKeys (ConfUtils.java:logGet(44)) - raft.server.log.purge.gap = 1000000 (custom)
2021-08-14 13:13:24,641 [pool-407-thread-1] INFO  server.RaftServerConfigKeys (ConfUtils.java:logGet(44)) - raft.server.log.appender.buffer.byte-limit = 33554432 (custom)
2021-08-14 13:13:24,641 [pool-407-thread-1] INFO  server.RaftServerConfigKeys (ConfUtils.java:logGet(44)) - raft.server.log.segment.size.max = 1048576 (custom)
2021-08-14 13:13:24,642 [pool-407-thread-1] INFO  server.RaftServerConfigKeys (ConfUtils.java:logGet(44)) - raft.server.log.segment.cache.num.max = 2 (custom)
2021-08-14 13:13:24,642 [pool-407-thread-1] INFO  server.RaftServerConfigKeys (ConfUtils.java:logGet(44)) - raft.server.log.segment.cache.size.max = 200MB (=209715200) (default)
2021-08-14 13:13:24,642 [pool-407-thread-1] INFO  segmented.SegmentedRaftLogWorker (SegmentedRaftLogWorker.java:<init>(182)) - new 5a2b7d47-d7f5-4736-a3b5-5700bf8b4a86@group-DE69629266FD-SegmentedRaftLogWorker for RaftStorageImpl:Storage Directory /home/runner/work/ozone/ozone/hadoop-ozone/integration-test/target/test-dir/MiniOzoneClusterImpl-d039c420-9dd2-4032-a768-5c23a44c40fe/datanode-2/data/ratis/8e0c9ac4-7c9f-42cb-ba71-de69629266fd
2021-08-14 13:13:24,642 [pool-407-thread-1] INFO  server.RaftServerConfigKeys (ConfUtils.java:logGet(44)) - raft.server.log.queue.byte-limit = 2147483647 (custom)
2021-08-14 13:13:24,642 [pool-407-thread-1] INFO  server.RaftServerConfigKeys (ConfUtils.java:logGet(44)) - raft.server.log.queue.element-limit = 1024 (custom)
2021-08-14 13:13:24,642 [pool-407-thread-1] INFO  server.RaftServerConfigKeys (ConfUtils.java:logGet(44)) - raft.server.log.segment.size.max = 1048576 (custom)
2021-08-14 13:13:24,643 [pool-407-thread-1] INFO  server.RaftServerConfigKeys (ConfUtils.java:logGet(44)) - raft.server.log.preallocated.size = 16384 (custom)
2021-08-14 13:13:24,643 [pool-407-thread-1] INFO  server.RaftServerConfigKeys (ConfUtils.java:logGet(44)) - raft.server.log.force.sync.num = 128 (default)
2021-08-14 13:13:24,643 [pool-407-thread-1] INFO  server.RaftServerConfigKeys (ConfUtils.java:logGet(44)) - raft.server.log.statemachine.data.sync = true (default)
2021-08-14 13:13:24,643 [pool-407-thread-1] INFO  server.RaftServerConfigKeys (ConfUtils.java:logGet(44)) - raft.server.log.statemachine.data.sync.timeout = 10s (default)
2021-08-14 13:13:24,643 [pool-407-thread-1] INFO  server.RaftServerConfigKeys (ConfUtils.java:logGet(44)) - raft.server.log.statemachine.data.sync.timeout.retry = -1 (default)
2021-08-14 13:13:24,643 [pool-407-thread-1] INFO  server.RaftServerConfigKeys (ConfUtils.java:logGet(44)) - raft.server.log.write.buffer.size = 1048576 (custom)
2021-08-14 13:13:24,649 [pool-407-thread-1] INFO  server.RaftServerConfigKeys (ConfUtils.java:logGet(44)) - raft.server.log.statemachine.data.caching.enabled = true (custom)
2021-08-14 13:13:24,649 [pool-407-thread-1] INFO  segmented.SegmentedRaftLogWorker (SegmentedRaftLogWorker.java:lambda$new$0(133)) - 5a2b7d47-d7f5-4736-a3b5-5700bf8b4a86@group-DE69629266FD-SegmentedRaftLogWorker: flushIndex: setUnconditionally 0 -> -1
2021-08-14 13:13:24,649 [pool-407-thread-1] INFO  segmented.SegmentedRaftLogWorker (SegmentedRaftLogWorker.java:lambda$new$0(133)) - 5a2b7d47-d7f5-4736-a3b5-5700bf8b4a86@group-DE69629266FD-SegmentedRaftLogWorker: safeCacheEvictIndex: setUnconditionally 0 -> -1
2021-08-14 13:13:24,658 [pool-407-thread-1] INFO  server.RaftServerConfigKeys (ConfUtils.java:logGet(44)) - raft.server.snapshot.auto.trigger.enabled = true (custom)
2021-08-14 13:13:24,658 [pool-407-thread-1] INFO  server.RaftServerConfigKeys (ConfUtils.java:logGet(44)) - raft.server.snapshot.auto.trigger.threshold = 10000 (custom)
2021-08-14 13:13:24,658 [pool-407-thread-1] INFO  server.RaftServerConfigKeys (ConfUtils.java:logGet(44)) - raft.server.snapshot.retention.file.num = 5 (custom)
2021-08-14 13:13:24,658 [pool-407-thread-1] INFO  server.RaftServerConfigKeys (ConfUtils.java:logGet(44)) - raft.server.log.purge.upto.snapshot.index = false (default)
2021-08-14 13:13:24,658 [pool-407-thread-1] INFO  server.RaftServerConfigKeys (ConfUtils.java:logGet(44)) - raft.server.retrycache.expirytime = 600000ms (custom)
2021-08-14 13:13:24,658 [pool-407-thread-1] INFO  server.RaftServerConfigKeys (ConfUtils.java:logGet(44)) - raft.server.retrycache.statistics.expirytime = 100μs (default)
2021-08-14 13:13:24,659 [pool-407-thread-1] INFO  server.RaftServer$Division (RaftServerImpl.java:start(296)) - 5a2b7d47-d7f5-4736-a3b5-5700bf8b4a86@group-DE69629266FD: start as a follower, conf=-1: [5a2b7d47-d7f5-4736-a3b5-5700bf8b4a86|rpc:10.1.0.55:39961|dataStream:|priority:0, e0461867-c40b-41c5-9b61-f214c62ad697|rpc:10.1.0.55:34679|dataStream:|priority:0, 4d27dd3d-8fa8-4cac-ba0e-fb7e7cb7d3eb|rpc:10.1.0.55:33447|dataStream:|priority:1], old=null
2021-08-14 13:13:24,659 [pool-407-thread-1] INFO  server.RaftServer$Division (RaftServerImpl.java:setRole(285)) - 5a2b7d47-d7f5-4736-a3b5-5700bf8b4a86@group-DE69629266FD: changes role from      null to FOLLOWER at term 0 for startAsFollower
2021-08-14 13:13:24,659 [pool-407-thread-1] INFO  impl.RoleInfo (RoleInfo.java:updateAndGet(130)) - 5a2b7d47-d7f5-4736-a3b5-5700bf8b4a86: start 5a2b7d47-d7f5-4736-a3b5-5700bf8b4a86@group-DE69629266FD-FollowerState
2021-08-14 13:13:24,660 [pool-407-thread-1] INFO  util.JmxRegister (JmxRegister.java:tryRegister(44)) - Successfully registered JMX Bean with object name Ratis:service=RaftServer,group=group-DE69629266FD,id=5a2b7d47-d7f5-4736-a3b5-5700bf8b4a86
2021-08-14 13:13:24,698 [Command processor thread] INFO  commandhandler.CreatePipelineCommandHandler (CreatePipelineCommandHandler.java:handle(106)) - Created Pipeline RATIS THREE PipelineID=8e0c9ac4-7c9f-42cb-ba71-de69629266fd.
2021-08-14 13:13:24,698 [Command processor thread] INFO  server.RaftServer (RaftServerProxy.java:addNew(95)) - e0461867-c40b-41c5-9b61-f214c62ad697: addNew group-137C40BDB21D:[5a2b7d47-d7f5-4736-a3b5-5700bf8b4a86|rpc:10.1.0.55:39961|priority:0, e0461867-c40b-41c5-9b61-f214c62ad697|rpc:10.1.0.55:34679|priority:1, 4d27dd3d-8fa8-4cac-ba0e-fb7e7cb7d3eb|rpc:10.1.0.55:33447|priority:0] returns group-137C40BDB21D:java.util.concurrent.CompletableFuture@2c12f15[Not completed]
2021-08-14 13:13:24,703 [pool-369-thread-1] INFO  server.RaftServer$Division (RaftServerImpl.java:<init>(181)) - e0461867-c40b-41c5-9b61-f214c62ad697: new RaftServerImpl for group-137C40BDB21D:[5a2b7d47-d7f5-4736-a3b5-5700bf8b4a86|rpc:10.1.0.55:39961|priority:0, e0461867-c40b-41c5-9b61-f214c62ad697|rpc:10.1.0.55:34679|priority:1, 4d27dd3d-8fa8-4cac-ba0e-fb7e7cb7d3eb|rpc:10.1.0.55:33447|priority:0] with ContainerStateMachine:uninitialized
2021-08-14 13:13:24,703 [pool-369-thread-1] INFO  server.RaftServerConfigKeys (ConfUtils.java:logGet(44)) - raft.server.rpc.timeout.min = 5s (custom)
2021-08-14 13:13:24,703 [pool-369-thread-1] INFO  server.RaftServerConfigKeys (ConfUtils.java:logGet(44)) - raft.server.rpc.timeout.max = 5200ms (custom)
2021-08-14 13:13:24,703 [pool-369-thread-1] INFO  server.RaftServerConfigKeys (ConfUtils.java:logGet(44)) - raft.server.rpc.sleep.time = 25ms (default)
2021-08-14 13:13:24,703 [pool-369-thread-1] INFO  server.RaftServerConfigKeys (ConfUtils.java:logGet(44)) - raft.server.rpc.slowness.timeout = 300s (custom)
2021-08-14 13:13:24,703 [pool-369-thread-1] INFO  server.RaftServerConfigKeys (ConfUtils.java:logGet(44)) - raft.server.leaderelection.leader.step-down.wait-time = 10s (default)
2021-08-14 13:13:24,703 [pool-369-thread-1] INFO  server.RaftServerConfigKeys (ConfUtils.java:logGet(44)) - raft.server.sleep.deviation.threshold = 300ms (default)
2021-08-14 13:13:24,703 [pool-369-thread-1] INFO  server.RaftServerConfigKeys (ConfUtils.java:logGet(44)) - raft.server.log.appender.install.snapshot.enabled = false (custom)
2021-08-14 13:13:24,703 [pool-369-thread-1] INFO  server.RaftServer$Division (ServerState.java:<init>(105)) - e0461867-c40b-41c5-9b61-f214c62ad697@group-137C40BDB21D: ConfigurationManager, init=-1: [5a2b7d47-d7f5-4736-a3b5-5700bf8b4a86|rpc:10.1.0.55:39961|priority:0, e0461867-c40b-41c5-9b61-f214c62ad697|rpc:10.1.0.55:34679|priority:1, 4d27dd3d-8fa8-4cac-ba0e-fb7e7cb7d3eb|rpc:10.1.0.55:33447|priority:0], old=null, confs=<EMPTY_MAP>
2021-08-14 13:13:24,703 [pool-369-thread-1] INFO  server.RaftServerConfigKeys (ConfUtils.java:logGet(44)) - raft.server.storage.dir = [/home/runner/work/ozone/ozone/hadoop-ozone/integration-test/target/test-dir/MiniOzoneClusterImpl-d039c420-9dd2-4032-a768-5c23a44c40fe/datanode-0/data/ratis] (custom)
2021-08-14 13:13:24,704 [pool-369-thread-1] INFO  server.RaftServerConfigKeys (ConfUtils.java:logGet(44)) - raft.server.log.corruption.policy = EXCEPTION (default)
2021-08-14 13:13:24,704 [pool-369-thread-1] INFO  server.RaftServerConfigKeys (ConfUtils.java:logGet(44)) - raft.server.storage.free-space.min = 0MB (=0) (default)
2021-08-14 13:13:24,704 [pool-369-thread-1] INFO  storage.RaftStorageDirectory (RaftStorageDirectoryImpl.java:analyzeStorage(135)) - The storage directory /home/runner/work/ozone/ozone/hadoop-ozone/integration-test/target/test-dir/MiniOzoneClusterImpl-d039c420-9dd2-4032-a768-5c23a44c40fe/datanode-0/data/ratis/cba15c6e-d2ed-4235-8452-137c40bdb21d does not exist. Creating ...
2021-08-14 13:13:24,710 [pool-369-thread-1] INFO  storage.RaftStorageDirectory (RaftStorageDirectoryImpl.java:tryLock(230)) - Lock on /home/runner/work/ozone/ozone/hadoop-ozone/integration-test/target/test-dir/MiniOzoneClusterImpl-d039c420-9dd2-4032-a768-5c23a44c40fe/datanode-0/data/ratis/cba15c6e-d2ed-4235-8452-137c40bdb21d/in_use.lock acquired by nodename 22214@fv-az50-903
2021-08-14 13:13:24,712 [pool-369-thread-1] INFO  storage.RaftStorage (RaftStorageImpl.java:format(89)) - Storage directory /home/runner/work/ozone/ozone/hadoop-ozone/integration-test/target/test-dir/MiniOzoneClusterImpl-d039c420-9dd2-4032-a768-5c23a44c40fe/datanode-0/data/ratis/cba15c6e-d2ed-4235-8452-137c40bdb21d has been successfully formatted.
2021-08-14 13:13:24,712 [pool-369-thread-1] INFO  ratis.ContainerStateMachine (ContainerStateMachine.java:loadSnapshot(225)) - group-137C40BDB21D: The snapshot info is null. Setting the last applied indexto:(t:0, i:~)
2021-08-14 13:13:24,713 [Datanode State Machine Thread - 0] WARN  statemachine.StateContext (StateContext.java:execute(621)) - No available thread in pool for past 1 seconds.
2021-08-14 13:13:24,713 [pool-369-thread-1] INFO  server.RaftServerConfigKeys (ConfUtils.java:logGet(44)) - raft.server.notification.no-leader.timeout = 300s (custom)
2021-08-14 13:13:24,713 [pool-369-thread-1] INFO  server.RaftServerConfigKeys (ConfUtils.java:logGet(44)) - raft.server.log.use.memory = false (default)
2021-08-14 13:13:24,713 [pool-369-thread-1] INFO  server.RaftServerConfigKeys (ConfUtils.java:logGet(44)) - raft.server.log.purge.gap = 1000000 (custom)
2021-08-14 13:13:24,713 [pool-369-thread-1] INFO  server.RaftServerConfigKeys (ConfUtils.java:logGet(44)) - raft.server.log.appender.buffer.byte-limit = 33554432 (custom)
2021-08-14 13:13:24,713 [pool-369-thread-1] INFO  server.RaftServerConfigKeys (ConfUtils.java:logGet(44)) - raft.server.log.segment.size.max = 1048576 (custom)
2021-08-14 13:13:24,713 [pool-369-thread-1] INFO  server.RaftServerConfigKeys (ConfUtils.java:logGet(44)) - raft.server.log.segment.cache.num.max = 2 (custom)
2021-08-14 13:13:24,714 [pool-369-thread-1] INFO  server.RaftServerConfigKeys (ConfUtils.java:logGet(44)) - raft.server.log.segment.cache.size.max = 200MB (=209715200) (default)
2021-08-14 13:13:24,714 [pool-369-thread-1] INFO  segmented.SegmentedRaftLogWorker (SegmentedRaftLogWorker.java:<init>(182)) - new e0461867-c40b-41c5-9b61-f214c62ad697@group-137C40BDB21D-SegmentedRaftLogWorker for RaftStorageImpl:Storage Directory /home/runner/work/ozone/ozone/hadoop-ozone/integration-test/target/test-dir/MiniOzoneClusterImpl-d039c420-9dd2-4032-a768-5c23a44c40fe/datanode-0/data/ratis/cba15c6e-d2ed-4235-8452-137c40bdb21d
2021-08-14 13:13:24,714 [pool-369-thread-1] INFO  server.RaftServerConfigKeys (ConfUtils.java:logGet(44)) - raft.server.log.queue.byte-limit = 2147483647 (custom)
2021-08-14 13:13:24,714 [pool-369-thread-1] INFO  server.RaftServerConfigKeys (ConfUtils.java:logGet(44)) - raft.server.log.queue.element-limit = 1024 (custom)
2021-08-14 13:13:24,714 [pool-369-thread-1] INFO  server.RaftServerConfigKeys (ConfUtils.java:logGet(44)) - raft.server.log.segment.size.max = 1048576 (custom)
2021-08-14 13:13:24,714 [pool-369-thread-1] INFO  server.RaftServerConfigKeys (ConfUtils.java:logGet(44)) - raft.server.log.preallocated.size = 16384 (custom)
2021-08-14 13:13:24,714 [pool-369-thread-1] INFO  server.RaftServerConfigKeys (ConfUtils.java:logGet(44)) - raft.server.log.force.sync.num = 128 (default)
2021-08-14 13:13:24,714 [EventQueue-OpenPipelineForHealthyPipelineSafeModeRule] INFO  safemode.SCMSafeModeManager (HealthyPipelineSafeModeRule.java:process(124)) - SCM in safe mode. Healthy pipelines reported count is 0, required healthy pipeline reported count is 1
2021-08-14 13:13:24,714 [pool-369-thread-1] INFO  server.RaftServerConfigKeys (ConfUtils.java:logGet(44)) - raft.server.log.statemachine.data.sync = true (default)
2021-08-14 13:13:24,714 [pool-369-thread-1] INFO  server.RaftServerConfigKeys (ConfUtils.java:logGet(44)) - raft.server.log.statemachine.data.sync.timeout = 10s (default)
2021-08-14 13:13:24,714 [pool-369-thread-1] INFO  server.RaftServerConfigKeys (ConfUtils.java:logGet(44)) - raft.server.log.statemachine.data.sync.timeout.retry = -1 (default)
2021-08-14 13:13:24,715 [pool-369-thread-1] INFO  server.RaftServerConfigKeys (ConfUtils.java:logGet(44)) - raft.server.log.write.buffer.size = 1048576 (custom)
2021-08-14 13:13:24,719 [pool-369-thread-1] INFO  server.RaftServerConfigKeys (ConfUtils.java:logGet(44)) - raft.server.log.statemachine.data.caching.enabled = true (custom)
2021-08-14 13:13:24,719 [pool-369-thread-1] INFO  segmented.SegmentedRaftLogWorker (SegmentedRaftLogWorker.java:lambda$new$0(133)) - e0461867-c40b-41c5-9b61-f214c62ad697@group-137C40BDB21D-SegmentedRaftLogWorker: flushIndex: setUnconditionally 0 -> -1
2021-08-14 13:13:24,722 [pool-369-thread-1] INFO  segmented.SegmentedRaftLogWorker (SegmentedRaftLogWorker.java:lambda$new$0(133)) - e0461867-c40b-41c5-9b61-f214c62ad697@group-137C40BDB21D-SegmentedRaftLogWorker: safeCacheEvictIndex: setUnconditionally 0 -> -1
2021-08-14 13:13:24,734 [pool-369-thread-1] INFO  server.RaftServerConfigKeys (ConfUtils.java:logGet(44)) - raft.server.snapshot.auto.trigger.enabled = true (custom)
2021-08-14 13:13:24,734 [pool-369-thread-1] INFO  server.RaftServerConfigKeys (ConfUtils.java:logGet(44)) - raft.server.snapshot.auto.trigger.threshold = 10000 (custom)
2021-08-14 13:13:24,734 [pool-369-thread-1] INFO  server.RaftServerConfigKeys (ConfUtils.java:logGet(44)) - raft.server.snapshot.retention.file.num = 5 (custom)
2021-08-14 13:13:24,734 [pool-369-thread-1] INFO  server.RaftServerConfigKeys (ConfUtils.java:logGet(44)) - raft.server.log.purge.upto.snapshot.index = false (default)
2021-08-14 13:13:24,734 [pool-369-thread-1] INFO  server.RaftServerConfigKeys (ConfUtils.java:logGet(44)) - raft.server.retrycache.expirytime = 600000ms (custom)
2021-08-14 13:13:24,735 [pool-369-thread-1] INFO  server.RaftServerConfigKeys (ConfUtils.java:logGet(44)) - raft.server.retrycache.statistics.expirytime = 100μs (default)
2021-08-14 13:13:24,736 [pool-369-thread-1] INFO  server.RaftServer$Division (RaftServerImpl.java:start(296)) - e0461867-c40b-41c5-9b61-f214c62ad697@group-137C40BDB21D: start as a follower, conf=-1: [5a2b7d47-d7f5-4736-a3b5-5700bf8b4a86|rpc:10.1.0.55:39961|priority:0, e0461867-c40b-41c5-9b61-f214c62ad697|rpc:10.1.0.55:34679|priority:1, 4d27dd3d-8fa8-4cac-ba0e-fb7e7cb7d3eb|rpc:10.1.0.55:33447|priority:0], old=null
2021-08-14 13:13:24,736 [pool-369-thread-1] INFO  server.RaftServer$Division (RaftServerImpl.java:setRole(285)) - e0461867-c40b-41c5-9b61-f214c62ad697@group-137C40BDB21D: changes role from      null to FOLLOWER at term 0 for startAsFollower
2021-08-14 13:13:24,737 [pool-369-thread-1] INFO  impl.RoleInfo (RoleInfo.java:updateAndGet(130)) - e0461867-c40b-41c5-9b61-f214c62ad697: start e0461867-c40b-41c5-9b61-f214c62ad697@group-137C40BDB21D-FollowerState
2021-08-14 13:13:24,746 [pool-369-thread-1] INFO  util.JmxRegister (JmxRegister.java:tryRegister(44)) - Successfully registered JMX Bean with object name Ratis:service=RaftServer,group=group-137C40BDB21D,id=e0461867-c40b-41c5-9b61-f214c62ad697
2021-08-14 13:13:24,749 [Command processor thread] INFO  ratis.XceiverServerRatis (XceiverServerRatis.java:addGroup(763)) - Created group PipelineID=cba15c6e-d2ed-4235-8452-137c40bdb21d
2021-08-14 13:13:24,758 [Command processor thread] INFO  server.RaftServer (RaftServerProxy.java:addNew(95)) - 4d27dd3d-8fa8-4cac-ba0e-fb7e7cb7d3eb: addNew group-5792A1F81081:[4d27dd3d-8fa8-4cac-ba0e-fb7e7cb7d3eb|rpc:10.1.0.55:33447|priority:1] returns group-5792A1F81081:java.util.concurrent.CompletableFuture@58ca0e45[Not completed]
2021-08-14 13:13:24,758 [pool-388-thread-1] INFO  server.RaftServer$Division (RaftServerImpl.java:<init>(181)) - 4d27dd3d-8fa8-4cac-ba0e-fb7e7cb7d3eb: new RaftServerImpl for group-5792A1F81081:[4d27dd3d-8fa8-4cac-ba0e-fb7e7cb7d3eb|rpc:10.1.0.55:33447|priority:1] with ContainerStateMachine:uninitialized
2021-08-14 13:13:24,759 [pool-388-thread-1] INFO  server.RaftServerConfigKeys (ConfUtils.java:logGet(44)) - raft.server.rpc.timeout.min = 5s (custom)
2021-08-14 13:13:24,759 [pool-388-thread-1] INFO  server.RaftServerConfigKeys (ConfUtils.java:logGet(44)) - raft.server.rpc.timeout.max = 5200ms (custom)
2021-08-14 13:13:24,759 [pool-388-thread-1] INFO  server.RaftServerConfigKeys (ConfUtils.java:logGet(44)) - raft.server.rpc.sleep.time = 25ms (default)
2021-08-14 13:13:24,759 [pool-388-thread-1] INFO  server.RaftServerConfigKeys (ConfUtils.java:logGet(44)) - raft.server.rpc.slowness.timeout = 300s (custom)
2021-08-14 13:13:24,759 [pool-388-thread-1] INFO  server.RaftServerConfigKeys (ConfUtils.java:logGet(44)) - raft.server.leaderelection.leader.step-down.wait-time = 10s (default)
2021-08-14 13:13:24,759 [pool-388-thread-1] INFO  server.RaftServerConfigKeys (ConfUtils.java:logGet(44)) - raft.server.sleep.deviation.threshold = 300ms (default)
2021-08-14 13:13:24,759 [pool-388-thread-1] INFO  server.RaftServerConfigKeys (ConfUtils.java:logGet(44)) - raft.server.log.appender.install.snapshot.enabled = false (custom)
2021-08-14 13:13:24,759 [pool-388-thread-1] INFO  server.RaftServer$Division (ServerState.java:<init>(105)) - 4d27dd3d-8fa8-4cac-ba0e-fb7e7cb7d3eb@group-5792A1F81081: ConfigurationManager, init=-1: [4d27dd3d-8fa8-4cac-ba0e-fb7e7cb7d3eb|rpc:10.1.0.55:33447|priority:1], old=null, confs=<EMPTY_MAP>
2021-08-14 13:13:24,759 [pool-388-thread-1] INFO  server.RaftServerConfigKeys (ConfUtils.java:logGet(44)) - raft.server.storage.dir = [/home/runner/work/ozone/ozone/hadoop-ozone/integration-test/target/test-dir/MiniOzoneClusterImpl-d039c420-9dd2-4032-a768-5c23a44c40fe/datanode-1/data/ratis] (custom)
2021-08-14 13:13:24,759 [pool-388-thread-1] INFO  server.RaftServerConfigKeys (ConfUtils.java:logGet(44)) - raft.server.log.corruption.policy = EXCEPTION (default)
2021-08-14 13:13:24,759 [pool-388-thread-1] INFO  server.RaftServerConfigKeys (ConfUtils.java:logGet(44)) - raft.server.storage.free-space.min = 0MB (=0) (default)
2021-08-14 13:13:24,759 [pool-388-thread-1] INFO  storage.RaftStorageDirectory (RaftStorageDirectoryImpl.java:analyzeStorage(135)) - The storage directory /home/runner/work/ozone/ozone/hadoop-ozone/integration-test/target/test-dir/MiniOzoneClusterImpl-d039c420-9dd2-4032-a768-5c23a44c40fe/datanode-1/data/ratis/fa11fd05-95a8-4ce4-9cc5-5792a1f81081 does not exist. Creating ...
2021-08-14 13:13:24,760 [pool-388-thread-1] INFO  storage.RaftStorageDirectory (RaftStorageDirectoryImpl.java:tryLock(230)) - Lock on /home/runner/work/ozone/ozone/hadoop-ozone/integration-test/target/test-dir/MiniOzoneClusterImpl-d039c420-9dd2-4032-a768-5c23a44c40fe/datanode-1/data/ratis/fa11fd05-95a8-4ce4-9cc5-5792a1f81081/in_use.lock acquired by nodename 22214@fv-az50-903
2021-08-14 13:13:24,764 [pool-388-thread-1] INFO  storage.RaftStorage (RaftStorageImpl.java:format(89)) - Storage directory /home/runner/work/ozone/ozone/hadoop-ozone/integration-test/target/test-dir/MiniOzoneClusterImpl-d039c420-9dd2-4032-a768-5c23a44c40fe/datanode-1/data/ratis/fa11fd05-95a8-4ce4-9cc5-5792a1f81081 has been successfully formatted.
2021-08-14 13:13:24,765 [EventQueue-PipelineReportForPipelineReportHandler] INFO  pipeline.PipelineManagerImpl (PipelineManagerImpl.java:openPipeline(283)) - Pipeline Pipeline[ Id: fa11fd05-95a8-4ce4-9cc5-5792a1f81081, Nodes: 4d27dd3d-8fa8-4cac-ba0e-fb7e7cb7d3eb{ip: 10.1.0.55, host: fv-az50-903.grzltbmokehuzjyc5b133kdqgh.cx.internal.cloudapp.net, ports: [REPLICATION=45173, RATIS=33447, RATIS_ADMIN=33447, RATIS_SERVER=33447, STANDALONE=34031], networkLocation: /default-rack, certSerialId: null, persistedOpState: IN_SERVICE, persistedOpStateExpiryEpochSec: 0}, ReplicationConfig: RATIS/ONE, State:ALLOCATED, leaderId:4d27dd3d-8fa8-4cac-ba0e-fb7e7cb7d3eb, CreationTimestamp2021-08-14T13:13:21.794Z[Etc/UTC]] moved to OPEN state
2021-08-14 13:13:24,766 [EventQueue-OpenPipelineForHealthyPipelineSafeModeRule] INFO  safemode.SCMSafeModeManager (HealthyPipelineSafeModeRule.java:process(124)) - SCM in safe mode. Healthy pipelines reported count is 0, required healthy pipeline reported count is 1
2021-08-14 13:13:24,767 [pool-388-thread-1] INFO  ratis.ContainerStateMachine (ContainerStateMachine.java:loadSnapshot(225)) - group-5792A1F81081: The snapshot info is null. Setting the last applied indexto:(t:0, i:~)
2021-08-14 13:13:24,774 [pool-388-thread-1] INFO  server.RaftServerConfigKeys (ConfUtils.java:logGet(44)) - raft.server.notification.no-leader.timeout = 300s (custom)
2021-08-14 13:13:24,774 [pool-388-thread-1] INFO  server.RaftServerConfigKeys (ConfUtils.java:logGet(44)) - raft.server.log.use.memory = false (default)
2021-08-14 13:13:24,774 [pool-388-thread-1] INFO  server.RaftServerConfigKeys (ConfUtils.java:logGet(44)) - raft.server.log.purge.gap = 1000000 (custom)
2021-08-14 13:13:24,774 [pool-388-thread-1] INFO  server.RaftServerConfigKeys (ConfUtils.java:logGet(44)) - raft.server.log.appender.buffer.byte-limit = 33554432 (custom)
2021-08-14 13:13:24,783 [pool-388-thread-1] INFO  server.RaftServerConfigKeys (ConfUtils.java:logGet(44)) - raft.server.log.segment.size.max = 1048576 (custom)
2021-08-14 13:13:24,784 [pool-388-thread-1] INFO  server.RaftServerConfigKeys (ConfUtils.java:logGet(44)) - raft.server.log.segment.cache.num.max = 2 (custom)
2021-08-14 13:13:24,787 [pool-388-thread-1] INFO  server.RaftServerConfigKeys (ConfUtils.java:logGet(44)) - raft.server.log.segment.cache.size.max = 200MB (=209715200) (default)
2021-08-14 13:13:24,787 [pool-388-thread-1] INFO  segmented.SegmentedRaftLogWorker (SegmentedRaftLogWorker.java:<init>(182)) - new 4d27dd3d-8fa8-4cac-ba0e-fb7e7cb7d3eb@group-5792A1F81081-SegmentedRaftLogWorker for RaftStorageImpl:Storage Directory /home/runner/work/ozone/ozone/hadoop-ozone/integration-test/target/test-dir/MiniOzoneClusterImpl-d039c420-9dd2-4032-a768-5c23a44c40fe/datanode-1/data/ratis/fa11fd05-95a8-4ce4-9cc5-5792a1f81081
2021-08-14 13:13:24,794 [pool-388-thread-1] INFO  server.RaftServerConfigKeys (ConfUtils.java:logGet(44)) - raft.server.log.queue.byte-limit = 2147483647 (custom)
2021-08-14 13:13:24,794 [pool-388-thread-1] INFO  server.RaftServerConfigKeys (ConfUtils.java:logGet(44)) - raft.server.log.queue.element-limit = 1024 (custom)
2021-08-14 13:13:24,794 [pool-388-thread-1] INFO  server.RaftServerConfigKeys (ConfUtils.java:logGet(44)) - raft.server.log.segment.size.max = 1048576 (custom)
2021-08-14 13:13:24,794 [pool-388-thread-1] INFO  server.RaftServerConfigKeys (ConfUtils.java:logGet(44)) - raft.server.log.preallocated.size = 16384 (custom)
2021-08-14 13:13:24,794 [pool-388-thread-1] INFO  server.RaftServerConfigKeys (ConfUtils.java:logGet(44)) - raft.server.log.force.sync.num = 128 (default)
2021-08-14 13:13:24,794 [pool-388-thread-1] INFO  server.RaftServerConfigKeys (ConfUtils.java:logGet(44)) - raft.server.log.statemachine.data.sync = true (default)
2021-08-14 13:13:24,794 [pool-388-thread-1] INFO  server.RaftServerConfigKeys (ConfUtils.java:logGet(44)) - raft.server.log.statemachine.data.sync.timeout = 10s (default)
2021-08-14 13:13:24,794 [pool-388-thread-1] INFO  server.RaftServerConfigKeys (ConfUtils.java:logGet(44)) - raft.server.log.statemachine.data.sync.timeout.retry = -1 (default)
2021-08-14 13:13:24,795 [pool-388-thread-1] INFO  server.RaftServerConfigKeys (ConfUtils.java:logGet(44)) - raft.server.log.write.buffer.size = 1048576 (custom)
2021-08-14 13:13:24,795 [pool-388-thread-1] INFO  server.RaftServerConfigKeys (ConfUtils.java:logGet(44)) - raft.server.log.statemachine.data.caching.enabled = true (custom)
2021-08-14 13:13:24,796 [pool-388-thread-1] INFO  segmented.SegmentedRaftLogWorker (SegmentedRaftLogWorker.java:lambda$new$0(133)) - 4d27dd3d-8fa8-4cac-ba0e-fb7e7cb7d3eb@group-5792A1F81081-SegmentedRaftLogWorker: flushIndex: setUnconditionally 0 -> -1
2021-08-14 13:13:24,796 [pool-388-thread-1] INFO  segmented.SegmentedRaftLogWorker (SegmentedRaftLogWorker.java:lambda$new$0(133)) - 4d27dd3d-8fa8-4cac-ba0e-fb7e7cb7d3eb@group-5792A1F81081-SegmentedRaftLogWorker: safeCacheEvictIndex: setUnconditionally 0 -> -1
2021-08-14 13:13:24,810 [pool-388-thread-1] INFO  server.RaftServerConfigKeys (ConfUtils.java:logGet(44)) - raft.server.snapshot.auto.trigger.enabled = true (custom)
2021-08-14 13:13:24,810 [pool-388-thread-1] INFO  server.RaftServerConfigKeys (ConfUtils.java:logGet(44)) - raft.server.snapshot.auto.trigger.threshold = 10000 (custom)
2021-08-14 13:13:24,810 [pool-388-thread-1] INFO  server.RaftServerConfigKeys (ConfUtils.java:logGet(44)) - raft.server.snapshot.retention.file.num = 5 (custom)
2021-08-14 13:13:24,810 [pool-388-thread-1] INFO  server.RaftServerConfigKeys (ConfUtils.java:logGet(44)) - raft.server.log.purge.upto.snapshot.index = false (default)
2021-08-14 13:13:24,810 [pool-388-thread-1] INFO  server.RaftServerConfigKeys (ConfUtils.java:logGet(44)) - raft.server.retrycache.expirytime = 600000ms (custom)
2021-08-14 13:13:24,810 [pool-388-thread-1] INFO  server.RaftServerConfigKeys (ConfUtils.java:logGet(44)) - raft.server.retrycache.statistics.expirytime = 100μs (default)
2021-08-14 13:13:24,811 [pool-388-thread-1] INFO  server.RaftServer$Division (RaftServerImpl.java:start(296)) - 4d27dd3d-8fa8-4cac-ba0e-fb7e7cb7d3eb@group-5792A1F81081: start as a follower, conf=-1: [4d27dd3d-8fa8-4cac-ba0e-fb7e7cb7d3eb|rpc:10.1.0.55:33447|priority:1], old=null
2021-08-14 13:13:24,811 [pool-388-thread-1] INFO  server.RaftServer$Division (RaftServerImpl.java:setRole(285)) - 4d27dd3d-8fa8-4cac-ba0e-fb7e7cb7d3eb@group-5792A1F81081: changes role from      null to FOLLOWER at term 0 for startAsFollower
2021-08-14 13:13:24,814 [grpc-default-executor-0] INFO  server.RaftServer (RaftServerProxy.java:addNew(95)) - 4d27dd3d-8fa8-4cac-ba0e-fb7e7cb7d3eb: addNew group-137C40BDB21D:[5a2b7d47-d7f5-4736-a3b5-5700bf8b4a86|rpc:10.1.0.55:39961|dataStream:|priority:0, e0461867-c40b-41c5-9b61-f214c62ad697|rpc:10.1.0.55:34679|dataStream:|priority:1, 4d27dd3d-8fa8-4cac-ba0e-fb7e7cb7d3eb|rpc:10.1.0.55:33447|dataStream:|priority:0] returns group-137C40BDB21D:java.util.concurrent.CompletableFuture@b0663ca[Not completed]
2021-08-14 13:13:24,829 [pool-388-thread-1] INFO  impl.RoleInfo (RoleInfo.java:updateAndGet(130)) - 4d27dd3d-8fa8-4cac-ba0e-fb7e7cb7d3eb: start 4d27dd3d-8fa8-4cac-ba0e-fb7e7cb7d3eb@group-5792A1F81081-FollowerState
2021-08-14 13:13:24,842 [pool-388-thread-1] INFO  util.JmxRegister (JmxRegister.java:tryRegister(44)) - Successfully registered JMX Bean with object name Ratis:service=RaftServer,group=group-5792A1F81081,id=4d27dd3d-8fa8-4cac-ba0e-fb7e7cb7d3eb
2021-08-14 13:13:24,845 [pool-388-thread-1] INFO  server.RaftServer$Division (RaftServerImpl.java:<init>(181)) - 4d27dd3d-8fa8-4cac-ba0e-fb7e7cb7d3eb: new RaftServerImpl for group-137C40BDB21D:[5a2b7d47-d7f5-4736-a3b5-5700bf8b4a86|rpc:10.1.0.55:39961|dataStream:|priority:0, e0461867-c40b-41c5-9b61-f214c62ad697|rpc:10.1.0.55:34679|dataStream:|priority:1, 4d27dd3d-8fa8-4cac-ba0e-fb7e7cb7d3eb|rpc:10.1.0.55:33447|dataStream:|priority:0] with ContainerStateMachine:uninitialized
2021-08-14 13:13:24,845 [pool-388-thread-1] INFO  server.RaftServerConfigKeys (ConfUtils.java:logGet(44)) - raft.server.rpc.timeout.min = 5s (custom)
2021-08-14 13:13:24,845 [pool-388-thread-1] INFO  server.RaftServerConfigKeys (ConfUtils.java:logGet(44)) - raft.server.rpc.timeout.max = 5200ms (custom)
2021-08-14 13:13:24,845 [pool-388-thread-1] INFO  server.RaftServerConfigKeys (ConfUtils.java:logGet(44)) - raft.server.rpc.sleep.time = 25ms (default)
2021-08-14 13:13:24,845 [pool-388-thread-1] INFO  server.RaftServerConfigKeys (ConfUtils.java:logGet(44)) - raft.server.rpc.slowness.timeout = 300s (custom)
2021-08-14 13:13:24,845 [pool-388-thread-1] INFO  server.RaftServerConfigKeys (ConfUtils.java:logGet(44)) - raft.server.leaderelection.leader.step-down.wait-time = 10s (default)
2021-08-14 13:13:24,845 [pool-388-thread-1] INFO  server.RaftServerConfigKeys (ConfUtils.java:logGet(44)) - raft.server.sleep.deviation.threshold = 300ms (default)
2021-08-14 13:13:24,845 [pool-388-thread-1] INFO  server.RaftServerConfigKeys (ConfUtils.java:logGet(44)) - raft.server.log.appender.install.snapshot.enabled = false (custom)
2021-08-14 13:13:24,845 [pool-388-thread-1] INFO  server.RaftServer$Division (ServerState.java:<init>(105)) - 4d27dd3d-8fa8-4cac-ba0e-fb7e7cb7d3eb@group-137C40BDB21D: ConfigurationManager, init=-1: [5a2b7d47-d7f5-4736-a3b5-5700bf8b4a86|rpc:10.1.0.55:39961|dataStream:|priority:0, e0461867-c40b-41c5-9b61-f214c62ad697|rpc:10.1.0.55:34679|dataStream:|priority:1, 4d27dd3d-8fa8-4cac-ba0e-fb7e7cb7d3eb|rpc:10.1.0.55:33447|dataStream:|priority:0], old=null, confs=<EMPTY_MAP>
2021-08-14 13:13:24,845 [pool-388-thread-1] INFO  server.RaftServerConfigKeys (ConfUtils.java:logGet(44)) - raft.server.storage.dir = [/home/runner/work/ozone/ozone/hadoop-ozone/integration-test/target/test-dir/MiniOzoneClusterImpl-d039c420-9dd2-4032-a768-5c23a44c40fe/datanode-1/data/ratis] (custom)
2021-08-14 13:13:24,845 [pool-388-thread-1] INFO  server.RaftServerConfigKeys (ConfUtils.java:logGet(44)) - raft.server.log.corruption.policy = EXCEPTION (default)
2021-08-14 13:13:24,845 [pool-388-thread-1] INFO  server.RaftServerConfigKeys (ConfUtils.java:logGet(44)) - raft.server.storage.free-space.min = 0MB (=0) (default)
2021-08-14 13:13:24,846 [pool-388-thread-1] INFO  storage.RaftStorageDirectory (RaftStorageDirectoryImpl.java:analyzeStorage(135)) - The storage directory /home/runner/work/ozone/ozone/hadoop-ozone/integration-test/target/test-dir/MiniOzoneClusterImpl-d039c420-9dd2-4032-a768-5c23a44c40fe/datanode-1/data/ratis/cba15c6e-d2ed-4235-8452-137c40bdb21d does not exist. Creating ...
2021-08-14 13:13:24,846 [Command processor thread] INFO  ratis.XceiverServerRatis (XceiverServerRatis.java:addGroup(763)) - Created group PipelineID=fa11fd05-95a8-4ce4-9cc5-5792a1f81081
2021-08-14 13:13:24,846 [Command processor thread] INFO  commandhandler.CreatePipelineCommandHandler (CreatePipelineCommandHandler.java:handle(106)) - Created Pipeline RATIS ONE PipelineID=fa11fd05-95a8-4ce4-9cc5-5792a1f81081.
2021-08-14 13:13:24,858 [Command processor thread] ERROR commandhandler.CreatePipelineCommandHandler (CreatePipelineCommandHandler.java:handle(111)) - Can't create pipeline RATIS THREE PipelineID=cba15c6e-d2ed-4235-8452-137c40bdb21d
java.io.IOException: 4d27dd3d-8fa8-4cac-ba0e-fb7e7cb7d3eb: Failed to add group-137C40BDB21D:[5a2b7d47-d7f5-4736-a3b5-5700bf8b4a86|rpc:10.1.0.55:39961|priority:0, e0461867-c40b-41c5-9b61-f214c62ad697|rpc:10.1.0.55:34679|priority:1, 4d27dd3d-8fa8-4cac-ba0e-fb7e7cb7d3eb|rpc:10.1.0.55:33447|priority:0] since the group already exists in the map.
	at org.apache.hadoop.ozone.container.common.transport.server.ratis.XceiverServerRatis.addGroup(XceiverServerRatis.java:760)
	at org.apache.hadoop.ozone.container.common.statemachine.commandhandler.CreatePipelineCommandHandler.handle(CreatePipelineCommandHandler.java:92)
	at org.apache.hadoop.ozone.container.common.statemachine.commandhandler.CommandDispatcher.handle(CommandDispatcher.java:99)
	at org.apache.hadoop.ozone.container.common.statemachine.DatanodeStateMachine.lambda$initCommandHandlerThread$2(DatanodeStateMachine.java:556)
	at java.lang.Thread.run(Thread.java:748)
Caused by: org.apache.ratis.protocol.exceptions.AlreadyExistsException: 4d27dd3d-8fa8-4cac-ba0e-fb7e7cb7d3eb: Failed to add group-137C40BDB21D:[5a2b7d47-d7f5-4736-a3b5-5700bf8b4a86|rpc:10.1.0.55:39961|priority:0, e0461867-c40b-41c5-9b61-f214c62ad697|rpc:10.1.0.55:34679|priority:1, 4d27dd3d-8fa8-4cac-ba0e-fb7e7cb7d3eb|rpc:10.1.0.55:33447|priority:0] since the group already exists in the map.
	at org.apache.ratis.server.impl.RaftServerProxy$ImplMap.addNew(RaftServerProxy.java:89)
	at org.apache.ratis.server.impl.RaftServerProxy.groupAddAsync(RaftServerProxy.java:472)
	at org.apache.ratis.server.impl.RaftServerProxy.groupManagementAsync(RaftServerProxy.java:456)
	at org.apache.ratis.server.impl.RaftServerProxy.groupManagement(RaftServerProxy.java:440)
	at org.apache.hadoop.ozone.container.common.transport.server.ratis.XceiverServerRatis.addGroup(XceiverServerRatis.java:758)
	... 4 more
2021-08-14 13:13:24,862 [pool-388-thread-1] INFO  storage.RaftStorageDirectory (RaftStorageDirectoryImpl.java:tryLock(230)) - Lock on /home/runner/work/ozone/ozone/hadoop-ozone/integration-test/target/test-dir/MiniOzoneClusterImpl-d039c420-9dd2-4032-a768-5c23a44c40fe/datanode-1/data/ratis/cba15c6e-d2ed-4235-8452-137c40bdb21d/in_use.lock acquired by nodename 22214@fv-az50-903
2021-08-14 13:13:24,870 [pool-388-thread-1] INFO  storage.RaftStorage (RaftStorageImpl.java:format(89)) - Storage directory /home/runner/work/ozone/ozone/hadoop-ozone/integration-test/target/test-dir/MiniOzoneClusterImpl-d039c420-9dd2-4032-a768-5c23a44c40fe/datanode-1/data/ratis/cba15c6e-d2ed-4235-8452-137c40bdb21d has been successfully formatted.
2021-08-14 13:13:24,870 [pool-388-thread-1] INFO  ratis.ContainerStateMachine (ContainerStateMachine.java:loadSnapshot(225)) - group-137C40BDB21D: The snapshot info is null. Setting the last applied indexto:(t:0, i:~)
2021-08-14 13:13:24,870 [Datanode State Machine Thread - 0] WARN  statemachine.StateContext (StateContext.java:execute(621)) - No available thread in pool for past 1 seconds.
2021-08-14 13:13:24,872 [EventQueue-OpenPipelineForHealthyPipelineSafeModeRule] INFO  safemode.SCMSafeModeManager (HealthyPipelineSafeModeRule.java:process(124)) - SCM in safe mode. Healthy pipelines reported count is 0, required healthy pipeline reported count is 1
2021-08-14 13:13:24,870 [pool-388-thread-1] INFO  server.RaftServerConfigKeys (ConfUtils.java:logGet(44)) - raft.server.notification.no-leader.timeout = 300s (custom)
2021-08-14 13:13:24,874 [pool-388-thread-1] INFO  server.RaftServerConfigKeys (ConfUtils.java:logGet(44)) - raft.server.log.use.memory = false (default)
2021-08-14 13:13:24,874 [pool-388-thread-1] INFO  server.RaftServerConfigKeys (ConfUtils.java:logGet(44)) - raft.server.log.purge.gap = 1000000 (custom)
2021-08-14 13:13:24,874 [pool-388-thread-1] INFO  server.RaftServerConfigKeys (ConfUtils.java:logGet(44)) - raft.server.log.appender.buffer.byte-limit = 33554432 (custom)
2021-08-14 13:13:24,874 [pool-388-thread-1] INFO  server.RaftServerConfigKeys (ConfUtils.java:logGet(44)) - raft.server.log.segment.size.max = 1048576 (custom)
2021-08-14 13:13:24,875 [pool-388-thread-1] INFO  server.RaftServerConfigKeys (ConfUtils.java:logGet(44)) - raft.server.log.segment.cache.num.max = 2 (custom)
2021-08-14 13:13:24,875 [pool-388-thread-1] INFO  server.RaftServerConfigKeys (ConfUtils.java:logGet(44)) - raft.server.log.segment.cache.size.max = 200MB (=209715200) (default)
2021-08-14 13:13:24,875 [pool-388-thread-1] INFO  segmented.SegmentedRaftLogWorker (SegmentedRaftLogWorker.java:<init>(182)) - new 4d27dd3d-8fa8-4cac-ba0e-fb7e7cb7d3eb@group-137C40BDB21D-SegmentedRaftLogWorker for RaftStorageImpl:Storage Directory /home/runner/work/ozone/ozone/hadoop-ozone/integration-test/target/test-dir/MiniOzoneClusterImpl-d039c420-9dd2-4032-a768-5c23a44c40fe/datanode-1/data/ratis/cba15c6e-d2ed-4235-8452-137c40bdb21d
2021-08-14 13:13:24,875 [pool-388-thread-1] INFO  server.RaftServerConfigKeys (ConfUtils.java:logGet(44)) - raft.server.log.queue.byte-limit = 2147483647 (custom)
2021-08-14 13:13:24,875 [pool-388-thread-1] INFO  server.RaftServerConfigKeys (ConfUtils.java:logGet(44)) - raft.server.log.queue.element-limit = 1024 (custom)
2021-08-14 13:13:24,875 [pool-388-thread-1] INFO  server.RaftServerConfigKeys (ConfUtils.java:logGet(44)) - raft.server.log.segment.size.max = 1048576 (custom)
2021-08-14 13:13:24,875 [pool-388-thread-1] INFO  server.RaftServerConfigKeys (ConfUtils.java:logGet(44)) - raft.server.log.preallocated.size = 16384 (custom)
2021-08-14 13:13:24,875 [pool-388-thread-1] INFO  server.RaftServerConfigKeys (ConfUtils.java:logGet(44)) - raft.server.log.force.sync.num = 128 (default)
2021-08-14 13:13:24,875 [pool-388-thread-1] INFO  server.RaftServerConfigKeys (ConfUtils.java:logGet(44)) - raft.server.log.statemachine.data.sync = true (default)
2021-08-14 13:13:24,875 [pool-388-thread-1] INFO  server.RaftServerConfigKeys (ConfUtils.java:logGet(44)) - raft.server.log.statemachine.data.sync.timeout = 10s (default)
2021-08-14 13:13:24,875 [pool-388-thread-1] INFO  server.RaftServerConfigKeys (ConfUtils.java:logGet(44)) - raft.server.log.statemachine.data.sync.timeout.retry = -1 (default)
2021-08-14 13:13:24,876 [pool-388-thread-1] INFO  server.RaftServerConfigKeys (ConfUtils.java:logGet(44)) - raft.server.log.write.buffer.size = 1048576 (custom)
2021-08-14 13:13:24,877 [pool-388-thread-1] INFO  server.RaftServerConfigKeys (ConfUtils.java:logGet(44)) - raft.server.log.statemachine.data.caching.enabled = true (custom)
2021-08-14 13:13:24,877 [pool-388-thread-1] INFO  segmented.SegmentedRaftLogWorker (SegmentedRaftLogWorker.java:lambda$new$0(133)) - 4d27dd3d-8fa8-4cac-ba0e-fb7e7cb7d3eb@group-137C40BDB21D-SegmentedRaftLogWorker: flushIndex: setUnconditionally 0 -> -1
2021-08-14 13:13:24,877 [pool-388-thread-1] INFO  segmented.SegmentedRaftLogWorker (SegmentedRaftLogWorker.java:lambda$new$0(133)) - 4d27dd3d-8fa8-4cac-ba0e-fb7e7cb7d3eb@group-137C40BDB21D-SegmentedRaftLogWorker: safeCacheEvictIndex: setUnconditionally 0 -> -1
2021-08-14 13:13:24,886 [pool-388-thread-1] INFO  server.RaftServerConfigKeys (ConfUtils.java:logGet(44)) - raft.server.snapshot.auto.trigger.enabled = true (custom)
2021-08-14 13:13:24,886 [pool-388-thread-1] INFO  server.RaftServerConfigKeys (ConfUtils.java:logGet(44)) - raft.server.snapshot.auto.trigger.threshold = 10000 (custom)
2021-08-14 13:13:24,886 [pool-388-thread-1] INFO  server.RaftServerConfigKeys (ConfUtils.java:logGet(44)) - raft.server.snapshot.retention.file.num = 5 (custom)
2021-08-14 13:13:24,886 [pool-388-thread-1] INFO  server.RaftServerConfigKeys (ConfUtils.java:logGet(44)) - raft.server.log.purge.upto.snapshot.index = false (default)
2021-08-14 13:13:24,887 [pool-388-thread-1] INFO  server.RaftServerConfigKeys (ConfUtils.java:logGet(44)) - raft.server.retrycache.expirytime = 600000ms (custom)
2021-08-14 13:13:24,887 [pool-388-thread-1] INFO  server.RaftServerConfigKeys (ConfUtils.java:logGet(44)) - raft.server.retrycache.statistics.expirytime = 100μs (default)
2021-08-14 13:13:24,888 [pool-388-thread-1] INFO  server.RaftServer$Division (RaftServerImpl.java:start(296)) - 4d27dd3d-8fa8-4cac-ba0e-fb7e7cb7d3eb@group-137C40BDB21D: start as a follower, conf=-1: [5a2b7d47-d7f5-4736-a3b5-5700bf8b4a86|rpc:10.1.0.55:39961|dataStream:|priority:0, e0461867-c40b-41c5-9b61-f214c62ad697|rpc:10.1.0.55:34679|dataStream:|priority:1, 4d27dd3d-8fa8-4cac-ba0e-fb7e7cb7d3eb|rpc:10.1.0.55:33447|dataStream:|priority:0], old=null
2021-08-14 13:13:24,888 [pool-388-thread-1] INFO  server.RaftServer$Division (RaftServerImpl.java:setRole(285)) - 4d27dd3d-8fa8-4cac-ba0e-fb7e7cb7d3eb@group-137C40BDB21D: changes role from      null to FOLLOWER at term 0 for startAsFollower
2021-08-14 13:13:24,888 [pool-388-thread-1] INFO  impl.RoleInfo (RoleInfo.java:updateAndGet(130)) - 4d27dd3d-8fa8-4cac-ba0e-fb7e7cb7d3eb: start 4d27dd3d-8fa8-4cac-ba0e-fb7e7cb7d3eb@group-137C40BDB21D-FollowerState
2021-08-14 13:13:24,894 [pool-388-thread-1] INFO  util.JmxRegister (JmxRegister.java:tryRegister(44)) - Successfully registered JMX Bean with object name Ratis:service=RaftServer,group=group-137C40BDB21D,id=4d27dd3d-8fa8-4cac-ba0e-fb7e7cb7d3eb
2021-08-14 13:13:24,949 [grpc-default-executor-0] INFO  server.RaftServer (RaftServerProxy.java:addNew(95)) - 5a2b7d47-d7f5-4736-a3b5-5700bf8b4a86: addNew group-137C40BDB21D:[5a2b7d47-d7f5-4736-a3b5-5700bf8b4a86|rpc:10.1.0.55:39961|dataStream:|priority:0, e0461867-c40b-41c5-9b61-f214c62ad697|rpc:10.1.0.55:34679|dataStream:|priority:1, 4d27dd3d-8fa8-4cac-ba0e-fb7e7cb7d3eb|rpc:10.1.0.55:33447|dataStream:|priority:0] returns group-137C40BDB21D:java.util.concurrent.CompletableFuture@306d6c83[Not completed]
2021-08-14 13:13:24,950 [pool-407-thread-1] INFO  server.RaftServer$Division (RaftServerImpl.java:<init>(181)) - 5a2b7d47-d7f5-4736-a3b5-5700bf8b4a86: new RaftServerImpl for group-137C40BDB21D:[5a2b7d47-d7f5-4736-a3b5-5700bf8b4a86|rpc:10.1.0.55:39961|dataStream:|priority:0, e0461867-c40b-41c5-9b61-f214c62ad697|rpc:10.1.0.55:34679|dataStream:|priority:1, 4d27dd3d-8fa8-4cac-ba0e-fb7e7cb7d3eb|rpc:10.1.0.55:33447|dataStream:|priority:0] with ContainerStateMachine:uninitialized
2021-08-14 13:13:24,950 [pool-407-thread-1] INFO  server.RaftServerConfigKeys (ConfUtils.java:logGet(44)) - raft.server.rpc.timeout.min = 5s (custom)
2021-08-14 13:13:24,950 [pool-407-thread-1] INFO  server.RaftServerConfigKeys (ConfUtils.java:logGet(44)) - raft.server.rpc.timeout.max = 5200ms (custom)
2021-08-14 13:13:24,950 [pool-407-thread-1] INFO  server.RaftServerConfigKeys (ConfUtils.java:logGet(44)) - raft.server.rpc.sleep.time = 25ms (default)
2021-08-14 13:13:24,950 [pool-407-thread-1] INFO  server.RaftServerConfigKeys (ConfUtils.java:logGet(44)) - raft.server.rpc.slowness.timeout = 300s (custom)
2021-08-14 13:13:24,950 [pool-407-thread-1] INFO  server.RaftServerConfigKeys (ConfUtils.java:logGet(44)) - raft.server.leaderelection.leader.step-down.wait-time = 10s (default)
2021-08-14 13:13:24,950 [pool-407-thread-1] INFO  server.RaftServerConfigKeys (ConfUtils.java:logGet(44)) - raft.server.sleep.deviation.threshold = 300ms (default)
2021-08-14 13:13:24,950 [pool-407-thread-1] INFO  server.RaftServerConfigKeys (ConfUtils.java:logGet(44)) - raft.server.log.appender.install.snapshot.enabled = false (custom)
2021-08-14 13:13:24,950 [pool-407-thread-1] INFO  server.RaftServer$Division (ServerState.java:<init>(105)) - 5a2b7d47-d7f5-4736-a3b5-5700bf8b4a86@group-137C40BDB21D: ConfigurationManager, init=-1: [5a2b7d47-d7f5-4736-a3b5-5700bf8b4a86|rpc:10.1.0.55:39961|dataStream:|priority:0, e0461867-c40b-41c5-9b61-f214c62ad697|rpc:10.1.0.55:34679|dataStream:|priority:1, 4d27dd3d-8fa8-4cac-ba0e-fb7e7cb7d3eb|rpc:10.1.0.55:33447|dataStream:|priority:0], old=null, confs=<EMPTY_MAP>
2021-08-14 13:13:24,950 [pool-407-thread-1] INFO  server.RaftServerConfigKeys (ConfUtils.java:logGet(44)) - raft.server.storage.dir = [/home/runner/work/ozone/ozone/hadoop-ozone/integration-test/target/test-dir/MiniOzoneClusterImpl-d039c420-9dd2-4032-a768-5c23a44c40fe/datanode-2/data/ratis] (custom)
2021-08-14 13:13:24,950 [pool-407-thread-1] INFO  server.RaftServerConfigKeys (ConfUtils.java:logGet(44)) - raft.server.log.corruption.policy = EXCEPTION (default)
2021-08-14 13:13:24,950 [pool-407-thread-1] INFO  server.RaftServerConfigKeys (ConfUtils.java:logGet(44)) - raft.server.storage.free-space.min = 0MB (=0) (default)
2021-08-14 13:13:24,950 [pool-407-thread-1] INFO  storage.RaftStorageDirectory (RaftStorageDirectoryImpl.java:analyzeStorage(135)) - The storage directory /home/runner/work/ozone/ozone/hadoop-ozone/integration-test/target/test-dir/MiniOzoneClusterImpl-d039c420-9dd2-4032-a768-5c23a44c40fe/datanode-2/data/ratis/cba15c6e-d2ed-4235-8452-137c40bdb21d does not exist. Creating ...
2021-08-14 13:13:24,953 [pool-407-thread-1] INFO  storage.RaftStorageDirectory (RaftStorageDirectoryImpl.java:tryLock(230)) - Lock on /home/runner/work/ozone/ozone/hadoop-ozone/integration-test/target/test-dir/MiniOzoneClusterImpl-d039c420-9dd2-4032-a768-5c23a44c40fe/datanode-2/data/ratis/cba15c6e-d2ed-4235-8452-137c40bdb21d/in_use.lock acquired by nodename 22214@fv-az50-903
2021-08-14 13:13:24,955 [pool-407-thread-1] INFO  storage.RaftStorage (RaftStorageImpl.java:format(89)) - Storage directory /home/runner/work/ozone/ozone/hadoop-ozone/integration-test/target/test-dir/MiniOzoneClusterImpl-d039c420-9dd2-4032-a768-5c23a44c40fe/datanode-2/data/ratis/cba15c6e-d2ed-4235-8452-137c40bdb21d has been successfully formatted.
2021-08-14 13:13:24,955 [pool-407-thread-1] INFO  ratis.ContainerStateMachine (ContainerStateMachine.java:loadSnapshot(225)) - group-137C40BDB21D: The snapshot info is null. Setting the last applied indexto:(t:0, i:~)
2021-08-14 13:13:24,955 [Datanode State Machine Thread - 0] WARN  statemachine.StateContext (StateContext.java:execute(621)) - No available thread in pool for past 1 seconds.
2021-08-14 13:13:24,955 [pool-407-thread-1] INFO  server.RaftServerConfigKeys (ConfUtils.java:logGet(44)) - raft.server.notification.no-leader.timeout = 300s (custom)
2021-08-14 13:13:24,955 [pool-407-thread-1] INFO  server.RaftServerConfigKeys (ConfUtils.java:logGet(44)) - raft.server.log.use.memory = false (default)
2021-08-14 13:13:24,956 [pool-407-thread-1] INFO  server.RaftServerConfigKeys (ConfUtils.java:logGet(44)) - raft.server.log.purge.gap = 1000000 (custom)
2021-08-14 13:13:24,956 [pool-407-thread-1] INFO  server.RaftServerConfigKeys (ConfUtils.java:logGet(44)) - raft.server.log.appender.buffer.byte-limit = 33554432 (custom)
2021-08-14 13:13:24,956 [pool-407-thread-1] INFO  server.RaftServerConfigKeys (ConfUtils.java:logGet(44)) - raft.server.log.segment.size.max = 1048576 (custom)
2021-08-14 13:13:24,957 [pool-407-thread-1] INFO  server.RaftServerConfigKeys (ConfUtils.java:logGet(44)) - raft.server.log.segment.cache.num.max = 2 (custom)
2021-08-14 13:13:24,957 [pool-407-thread-1] INFO  server.RaftServerConfigKeys (ConfUtils.java:logGet(44)) - raft.server.log.segment.cache.size.max = 200MB (=209715200) (default)
2021-08-14 13:13:24,957 [pool-407-thread-1] INFO  segmented.SegmentedRaftLogWorker (SegmentedRaftLogWorker.java:<init>(182)) - new 5a2b7d47-d7f5-4736-a3b5-5700bf8b4a86@group-137C40BDB21D-SegmentedRaftLogWorker for RaftStorageImpl:Storage Directory /home/runner/work/ozone/ozone/hadoop-ozone/integration-test/target/test-dir/MiniOzoneClusterImpl-d039c420-9dd2-4032-a768-5c23a44c40fe/datanode-2/data/ratis/cba15c6e-d2ed-4235-8452-137c40bdb21d
2021-08-14 13:13:24,957 [pool-407-thread-1] INFO  server.RaftServerConfigKeys (ConfUtils.java:logGet(44)) - raft.server.log.queue.byte-limit = 2147483647 (custom)
2021-08-14 13:13:24,957 [pool-407-thread-1] INFO  server.RaftServerConfigKeys (ConfUtils.java:logGet(44)) - raft.server.log.queue.element-limit = 1024 (custom)
2021-08-14 13:13:24,957 [pool-407-thread-1] INFO  server.RaftServerConfigKeys (ConfUtils.java:logGet(44)) - raft.server.log.segment.size.max = 1048576 (custom)
2021-08-14 13:13:24,957 [pool-407-thread-1] INFO  server.RaftServerConfigKeys (ConfUtils.java:logGet(44)) - raft.server.log.preallocated.size = 16384 (custom)
2021-08-14 13:13:24,957 [pool-407-thread-1] INFO  server.RaftServerConfigKeys (ConfUtils.java:logGet(44)) - raft.server.log.force.sync.num = 128 (default)
2021-08-14 13:13:24,957 [pool-407-thread-1] INFO  server.RaftServerConfigKeys (ConfUtils.java:logGet(44)) - raft.server.log.statemachine.data.sync = true (default)
2021-08-14 13:13:24,957 [pool-407-thread-1] INFO  server.RaftServerConfigKeys (ConfUtils.java:logGet(44)) - raft.server.log.statemachine.data.sync.timeout = 10s (default)
2021-08-14 13:13:24,957 [pool-407-thread-1] INFO  server.RaftServerConfigKeys (ConfUtils.java:logGet(44)) - raft.server.log.statemachine.data.sync.timeout.retry = -1 (default)
2021-08-14 13:13:24,958 [pool-407-thread-1] INFO  server.RaftServerConfigKeys (ConfUtils.java:logGet(44)) - raft.server.log.write.buffer.size = 1048576 (custom)
2021-08-14 13:13:24,959 [pool-407-thread-1] INFO  server.RaftServerConfigKeys (ConfUtils.java:logGet(44)) - raft.server.log.statemachine.data.caching.enabled = true (custom)
2021-08-14 13:13:24,959 [pool-407-thread-1] INFO  segmented.SegmentedRaftLogWorker (SegmentedRaftLogWorker.java:lambda$new$0(133)) - 5a2b7d47-d7f5-4736-a3b5-5700bf8b4a86@group-137C40BDB21D-SegmentedRaftLogWorker: flushIndex: setUnconditionally 0 -> -1
2021-08-14 13:13:24,959 [pool-407-thread-1] INFO  segmented.SegmentedRaftLogWorker (SegmentedRaftLogWorker.java:lambda$new$0(133)) - 5a2b7d47-d7f5-4736-a3b5-5700bf8b4a86@group-137C40BDB21D-SegmentedRaftLogWorker: safeCacheEvictIndex: setUnconditionally 0 -> -1
2021-08-14 13:13:24,979 [pool-407-thread-1] INFO  server.RaftServerConfigKeys (ConfUtils.java:logGet(44)) - raft.server.snapshot.auto.trigger.enabled = true (custom)
2021-08-14 13:13:24,979 [pool-407-thread-1] INFO  server.RaftServerConfigKeys (ConfUtils.java:logGet(44)) - raft.server.snapshot.auto.trigger.threshold = 10000 (custom)
2021-08-14 13:13:24,979 [pool-407-thread-1] INFO  server.RaftServerConfigKeys (ConfUtils.java:logGet(44)) - raft.server.snapshot.retention.file.num = 5 (custom)
2021-08-14 13:13:24,979 [pool-407-thread-1] INFO  server.RaftServerConfigKeys (ConfUtils.java:logGet(44)) - raft.server.log.purge.upto.snapshot.index = false (default)
2021-08-14 13:13:24,979 [pool-407-thread-1] INFO  server.RaftServerConfigKeys (ConfUtils.java:logGet(44)) - raft.server.retrycache.expirytime = 600000ms (custom)
2021-08-14 13:13:24,979 [pool-407-thread-1] INFO  server.RaftServerConfigKeys (ConfUtils.java:logGet(44)) - raft.server.retrycache.statistics.expirytime = 100μs (default)
2021-08-14 13:13:24,980 [pool-407-thread-1] INFO  server.RaftServer$Division (RaftServerImpl.java:start(296)) - 5a2b7d47-d7f5-4736-a3b5-5700bf8b4a86@group-137C40BDB21D: start as a follower, conf=-1: [5a2b7d47-d7f5-4736-a3b5-5700bf8b4a86|rpc:10.1.0.55:39961|dataStream:|priority:0, e0461867-c40b-41c5-9b61-f214c62ad697|rpc:10.1.0.55:34679|dataStream:|priority:1, 4d27dd3d-8fa8-4cac-ba0e-fb7e7cb7d3eb|rpc:10.1.0.55:33447|dataStream:|priority:0], old=null
2021-08-14 13:13:24,985 [pool-407-thread-1] INFO  server.RaftServer$Division (RaftServerImpl.java:setRole(285)) - 5a2b7d47-d7f5-4736-a3b5-5700bf8b4a86@group-137C40BDB21D: changes role from      null to FOLLOWER at term 0 for startAsFollower
2021-08-14 13:13:24,985 [pool-407-thread-1] INFO  impl.RoleInfo (RoleInfo.java:updateAndGet(130)) - 5a2b7d47-d7f5-4736-a3b5-5700bf8b4a86: start 5a2b7d47-d7f5-4736-a3b5-5700bf8b4a86@group-137C40BDB21D-FollowerState
2021-08-14 13:13:24,986 [pool-407-thread-1] INFO  util.JmxRegister (JmxRegister.java:tryRegister(44)) - Successfully registered JMX Bean with object name Ratis:service=RaftServer,group=group-137C40BDB21D,id=5a2b7d47-d7f5-4736-a3b5-5700bf8b4a86
2021-08-14 13:13:25,013 [Command processor thread] INFO  commandhandler.CreatePipelineCommandHandler (CreatePipelineCommandHandler.java:handle(106)) - Created Pipeline RATIS THREE PipelineID=cba15c6e-d2ed-4235-8452-137c40bdb21d.
2021-08-14 13:13:25,264 [Listener at 127.0.0.1/44917] INFO  ozone.MiniOzoneClusterImpl (MiniOzoneClusterImpl.java:lambda$waitForClusterToBeReady$0(235)) - Nodes are ready. Got 3 of 3 DN Heartbeats.
2021-08-14 13:13:25,264 [Listener at 127.0.0.1/44917] INFO  ozone.MiniOzoneClusterImpl (MiniOzoneClusterImpl.java:lambda$waitForClusterToBeReady$0(238)) - Waiting for cluster to exit safe mode
2021-08-14 13:13:25,264 [Listener at 127.0.0.1/44917] INFO  ozone.MiniOzoneClusterImpl (MiniOzoneClusterImpl.java:lambda$waitForClusterToBeReady$0(240)) - SCM became leader
2021-08-14 13:13:25,302 [Command processor thread] INFO  server.RaftServer (RaftServerProxy.java:addNew(95)) - 5a2b7d47-d7f5-4736-a3b5-5700bf8b4a86: addNew group-79C2F7138058:[5a2b7d47-d7f5-4736-a3b5-5700bf8b4a86|rpc:10.1.0.55:39961|priority:1] returns group-79C2F7138058:java.util.concurrent.CompletableFuture@35e047b2[Not completed]
2021-08-14 13:13:25,303 [pool-407-thread-1] INFO  server.RaftServer$Division (RaftServerImpl.java:<init>(181)) - 5a2b7d47-d7f5-4736-a3b5-5700bf8b4a86: new RaftServerImpl for group-79C2F7138058:[5a2b7d47-d7f5-4736-a3b5-5700bf8b4a86|rpc:10.1.0.55:39961|priority:1] with ContainerStateMachine:uninitialized
2021-08-14 13:13:25,303 [pool-407-thread-1] INFO  server.RaftServerConfigKeys (ConfUtils.java:logGet(44)) - raft.server.rpc.timeout.min = 5s (custom)
2021-08-14 13:13:25,303 [pool-407-thread-1] INFO  server.RaftServerConfigKeys (ConfUtils.java:logGet(44)) - raft.server.rpc.timeout.max = 5200ms (custom)
2021-08-14 13:13:25,303 [pool-407-thread-1] INFO  server.RaftServerConfigKeys (ConfUtils.java:logGet(44)) - raft.server.rpc.sleep.time = 25ms (default)
2021-08-14 13:13:25,303 [pool-407-thread-1] INFO  server.RaftServerConfigKeys (ConfUtils.java:logGet(44)) - raft.server.rpc.slowness.timeout = 300s (custom)
2021-08-14 13:13:25,304 [pool-407-thread-1] INFO  server.RaftServerConfigKeys (ConfUtils.java:logGet(44)) - raft.server.leaderelection.leader.step-down.wait-time = 10s (default)
2021-08-14 13:13:25,304 [pool-407-thread-1] INFO  server.RaftServerConfigKeys (ConfUtils.java:logGet(44)) - raft.server.sleep.deviation.threshold = 300ms (default)
2021-08-14 13:13:25,304 [pool-407-thread-1] INFO  server.RaftServerConfigKeys (ConfUtils.java:logGet(44)) - raft.server.log.appender.install.snapshot.enabled = false (custom)
2021-08-14 13:13:25,304 [pool-407-thread-1] INFO  server.RaftServer$Division (ServerState.java:<init>(105)) - 5a2b7d47-d7f5-4736-a3b5-5700bf8b4a86@group-79C2F7138058: ConfigurationManager, init=-1: [5a2b7d47-d7f5-4736-a3b5-5700bf8b4a86|rpc:10.1.0.55:39961|priority:1], old=null, confs=<EMPTY_MAP>
2021-08-14 13:13:25,304 [pool-407-thread-1] INFO  server.RaftServerConfigKeys (ConfUtils.java:logGet(44)) - raft.server.storage.dir = [/home/runner/work/ozone/ozone/hadoop-ozone/integration-test/target/test-dir/MiniOzoneClusterImpl-d039c420-9dd2-4032-a768-5c23a44c40fe/datanode-2/data/ratis] (custom)
2021-08-14 13:13:25,304 [pool-407-thread-1] INFO  server.RaftServerConfigKeys (ConfUtils.java:logGet(44)) - raft.server.log.corruption.policy = EXCEPTION (default)
2021-08-14 13:13:25,304 [pool-407-thread-1] INFO  server.RaftServerConfigKeys (ConfUtils.java:logGet(44)) - raft.server.storage.free-space.min = 0MB (=0) (default)
2021-08-14 13:13:25,304 [pool-407-thread-1] INFO  storage.RaftStorageDirectory (RaftStorageDirectoryImpl.java:analyzeStorage(135)) - The storage directory /home/runner/work/ozone/ozone/hadoop-ozone/integration-test/target/test-dir/MiniOzoneClusterImpl-d039c420-9dd2-4032-a768-5c23a44c40fe/datanode-2/data/ratis/a5fe29a6-9baf-4649-a4cb-79c2f7138058 does not exist. Creating ...
2021-08-14 13:13:25,310 [pool-407-thread-1] INFO  storage.RaftStorageDirectory (RaftStorageDirectoryImpl.java:tryLock(230)) - Lock on /home/runner/work/ozone/ozone/hadoop-ozone/integration-test/target/test-dir/MiniOzoneClusterImpl-d039c420-9dd2-4032-a768-5c23a44c40fe/datanode-2/data/ratis/a5fe29a6-9baf-4649-a4cb-79c2f7138058/in_use.lock acquired by nodename 22214@fv-az50-903
2021-08-14 13:13:25,313 [pool-407-thread-1] INFO  storage.RaftStorage (RaftStorageImpl.java:format(89)) - Storage directory /home/runner/work/ozone/ozone/hadoop-ozone/integration-test/target/test-dir/MiniOzoneClusterImpl-d039c420-9dd2-4032-a768-5c23a44c40fe/datanode-2/data/ratis/a5fe29a6-9baf-4649-a4cb-79c2f7138058 has been successfully formatted.
2021-08-14 13:13:25,313 [pool-407-thread-1] INFO  ratis.ContainerStateMachine (ContainerStateMachine.java:loadSnapshot(225)) - group-79C2F7138058: The snapshot info is null. Setting the last applied indexto:(t:0, i:~)
2021-08-14 13:13:25,313 [pool-407-thread-1] INFO  server.RaftServerConfigKeys (ConfUtils.java:logGet(44)) - raft.server.notification.no-leader.timeout = 300s (custom)
2021-08-14 13:13:25,318 [Datanode State Machine Thread - 0] WARN  statemachine.StateContext (StateContext.java:execute(621)) - No available thread in pool for past 1 seconds.
2021-08-14 13:13:25,319 [EventQueue-PipelineReportForPipelineReportHandler] INFO  pipeline.PipelineManagerImpl (PipelineManagerImpl.java:openPipeline(283)) - Pipeline Pipeline[ Id: a5fe29a6-9baf-4649-a4cb-79c2f7138058, Nodes: 5a2b7d47-d7f5-4736-a3b5-5700bf8b4a86{ip: 10.1.0.55, host: fv-az50-903.grzltbmokehuzjyc5b133kdqgh.cx.internal.cloudapp.net, ports: [REPLICATION=37785, RATIS=39961, RATIS_ADMIN=39961, RATIS_SERVER=39961, STANDALONE=41189], networkLocation: /default-rack, certSerialId: null, persistedOpState: IN_SERVICE, persistedOpStateExpiryEpochSec: 0}, ReplicationConfig: RATIS/ONE, State:ALLOCATED, leaderId:5a2b7d47-d7f5-4736-a3b5-5700bf8b4a86, CreationTimestamp2021-08-14T13:13:22.306Z[Etc/UTC]] moved to OPEN state
2021-08-14 13:13:25,320 [EventQueue-OpenPipelineForHealthyPipelineSafeModeRule] INFO  safemode.SCMSafeModeManager (HealthyPipelineSafeModeRule.java:process(124)) - SCM in safe mode. Healthy pipelines reported count is 0, required healthy pipeline reported count is 1
2021-08-14 13:13:25,322 [pool-407-thread-1] INFO  server.RaftServerConfigKeys (ConfUtils.java:logGet(44)) - raft.server.log.use.memory = false (default)
2021-08-14 13:13:25,323 [pool-407-thread-1] INFO  server.RaftServerConfigKeys (ConfUtils.java:logGet(44)) - raft.server.log.purge.gap = 1000000 (custom)
2021-08-14 13:13:25,323 [pool-407-thread-1] INFO  server.RaftServerConfigKeys (ConfUtils.java:logGet(44)) - raft.server.log.appender.buffer.byte-limit = 33554432 (custom)
2021-08-14 13:13:25,323 [pool-407-thread-1] INFO  server.RaftServerConfigKeys (ConfUtils.java:logGet(44)) - raft.server.log.segment.size.max = 1048576 (custom)
2021-08-14 13:13:25,323 [pool-407-thread-1] INFO  server.RaftServerConfigKeys (ConfUtils.java:logGet(44)) - raft.server.log.segment.cache.num.max = 2 (custom)
2021-08-14 13:13:25,323 [pool-407-thread-1] INFO  server.RaftServerConfigKeys (ConfUtils.java:logGet(44)) - raft.server.log.segment.cache.size.max = 200MB (=209715200) (default)
2021-08-14 13:13:25,323 [pool-407-thread-1] INFO  segmented.SegmentedRaftLogWorker (SegmentedRaftLogWorker.java:<init>(182)) - new 5a2b7d47-d7f5-4736-a3b5-5700bf8b4a86@group-79C2F7138058-SegmentedRaftLogWorker for RaftStorageImpl:Storage Directory /home/runner/work/ozone/ozone/hadoop-ozone/integration-test/target/test-dir/MiniOzoneClusterImpl-d039c420-9dd2-4032-a768-5c23a44c40fe/datanode-2/data/ratis/a5fe29a6-9baf-4649-a4cb-79c2f7138058
2021-08-14 13:13:25,324 [pool-407-thread-1] INFO  server.RaftServerConfigKeys (ConfUtils.java:logGet(44)) - raft.server.log.queue.byte-limit = 2147483647 (custom)
2021-08-14 13:13:25,324 [pool-407-thread-1] INFO  server.RaftServerConfigKeys (ConfUtils.java:logGet(44)) - raft.server.log.queue.element-limit = 1024 (custom)
2021-08-14 13:13:25,324 [pool-407-thread-1] INFO  server.RaftServerConfigKeys (ConfUtils.java:logGet(44)) - raft.server.log.segment.size.max = 1048576 (custom)
2021-08-14 13:13:25,324 [pool-407-thread-1] INFO  server.RaftServerConfigKeys (ConfUtils.java:logGet(44)) - raft.server.log.preallocated.size = 16384 (custom)
2021-08-14 13:13:25,324 [pool-407-thread-1] INFO  server.RaftServerConfigKeys (ConfUtils.java:logGet(44)) - raft.server.log.force.sync.num = 128 (default)
2021-08-14 13:13:25,324 [pool-407-thread-1] INFO  server.RaftServerConfigKeys (ConfUtils.java:logGet(44)) - raft.server.log.statemachine.data.sync = true (default)
2021-08-14 13:13:25,324 [pool-407-thread-1] INFO  server.RaftServerConfigKeys (ConfUtils.java:logGet(44)) - raft.server.log.statemachine.data.sync.timeout = 10s (default)
2021-08-14 13:13:25,324 [pool-407-thread-1] INFO  server.RaftServerConfigKeys (ConfUtils.java:logGet(44)) - raft.server.log.statemachine.data.sync.timeout.retry = -1 (default)
2021-08-14 13:13:25,324 [pool-407-thread-1] INFO  server.RaftServerConfigKeys (ConfUtils.java:logGet(44)) - raft.server.log.write.buffer.size = 1048576 (custom)
2021-08-14 13:13:25,325 [pool-407-thread-1] INFO  server.RaftServerConfigKeys (ConfUtils.java:logGet(44)) - raft.server.log.statemachine.data.caching.enabled = true (custom)
2021-08-14 13:13:25,325 [pool-407-thread-1] INFO  segmented.SegmentedRaftLogWorker (SegmentedRaftLogWorker.java:lambda$new$0(133)) - 5a2b7d47-d7f5-4736-a3b5-5700bf8b4a86@group-79C2F7138058-SegmentedRaftLogWorker: flushIndex: setUnconditionally 0 -> -1
2021-08-14 13:13:25,327 [pool-407-thread-1] INFO  segmented.SegmentedRaftLogWorker (SegmentedRaftLogWorker.java:lambda$new$0(133)) - 5a2b7d47-d7f5-4736-a3b5-5700bf8b4a86@group-79C2F7138058-SegmentedRaftLogWorker: safeCacheEvictIndex: setUnconditionally 0 -> -1
2021-08-14 13:13:25,338 [pool-407-thread-1] INFO  server.RaftServerConfigKeys (ConfUtils.java:logGet(44)) - raft.server.snapshot.auto.trigger.enabled = true (custom)
2021-08-14 13:13:25,338 [pool-407-thread-1] INFO  server.RaftServerConfigKeys (ConfUtils.java:logGet(44)) - raft.server.snapshot.auto.trigger.threshold = 10000 (custom)
2021-08-14 13:13:25,338 [pool-407-thread-1] INFO  server.RaftServerConfigKeys (ConfUtils.java:logGet(44)) - raft.server.snapshot.retention.file.num = 5 (custom)
2021-08-14 13:13:25,338 [pool-407-thread-1] INFO  server.RaftServerConfigKeys (ConfUtils.java:logGet(44)) - raft.server.log.purge.upto.snapshot.index = false (default)
2021-08-14 13:13:25,338 [pool-407-thread-1] INFO  server.RaftServerConfigKeys (ConfUtils.java:logGet(44)) - raft.server.retrycache.expirytime = 600000ms (custom)
2021-08-14 13:13:25,338 [pool-407-thread-1] INFO  server.RaftServerConfigKeys (ConfUtils.java:logGet(44)) - raft.server.retrycache.statistics.expirytime = 100μs (default)
2021-08-14 13:13:25,339 [pool-407-thread-1] INFO  server.RaftServer$Division (RaftServerImpl.java:start(296)) - 5a2b7d47-d7f5-4736-a3b5-5700bf8b4a86@group-79C2F7138058: start as a follower, conf=-1: [5a2b7d47-d7f5-4736-a3b5-5700bf8b4a86|rpc:10.1.0.55:39961|priority:1], old=null
2021-08-14 13:13:25,339 [pool-407-thread-1] INFO  server.RaftServer$Division (RaftServerImpl.java:setRole(285)) - 5a2b7d47-d7f5-4736-a3b5-5700bf8b4a86@group-79C2F7138058: changes role from      null to FOLLOWER at term 0 for startAsFollower
2021-08-14 13:13:25,339 [pool-407-thread-1] INFO  impl.RoleInfo (RoleInfo.java:updateAndGet(130)) - 5a2b7d47-d7f5-4736-a3b5-5700bf8b4a86: start 5a2b7d47-d7f5-4736-a3b5-5700bf8b4a86@group-79C2F7138058-FollowerState
2021-08-14 13:13:25,340 [pool-407-thread-1] INFO  util.JmxRegister (JmxRegister.java:tryRegister(44)) - Successfully registered JMX Bean with object name Ratis:service=RaftServer,group=group-79C2F7138058,id=5a2b7d47-d7f5-4736-a3b5-5700bf8b4a86
2021-08-14 13:13:25,364 [Command processor thread] INFO  ratis.XceiverServerRatis (XceiverServerRatis.java:addGroup(763)) - Created group PipelineID=a5fe29a6-9baf-4649-a4cb-79c2f7138058
2021-08-14 13:13:25,364 [Command processor thread] INFO  commandhandler.CreatePipelineCommandHandler (CreatePipelineCommandHandler.java:handle(106)) - Created Pipeline RATIS ONE PipelineID=a5fe29a6-9baf-4649-a4cb-79c2f7138058.
2021-08-14 13:13:26,264 [Listener at 127.0.0.1/44917] INFO  ozone.MiniOzoneClusterImpl (MiniOzoneClusterImpl.java:lambda$waitForClusterToBeReady$0(235)) - Nodes are ready. Got 3 of 3 DN Heartbeats.
2021-08-14 13:13:26,264 [Listener at 127.0.0.1/44917] INFO  ozone.MiniOzoneClusterImpl (MiniOzoneClusterImpl.java:lambda$waitForClusterToBeReady$0(238)) - Waiting for cluster to exit safe mode
2021-08-14 13:13:26,264 [Listener at 127.0.0.1/44917] INFO  ozone.MiniOzoneClusterImpl (MiniOzoneClusterImpl.java:lambda$waitForClusterToBeReady$0(240)) - SCM became leader
2021-08-14 13:13:27,264 [Listener at 127.0.0.1/44917] INFO  ozone.MiniOzoneClusterImpl (MiniOzoneClusterImpl.java:lambda$waitForClusterToBeReady$0(235)) - Nodes are ready. Got 3 of 3 DN Heartbeats.
2021-08-14 13:13:27,265 [Listener at 127.0.0.1/44917] INFO  ozone.MiniOzoneClusterImpl (MiniOzoneClusterImpl.java:lambda$waitForClusterToBeReady$0(238)) - Waiting for cluster to exit safe mode
2021-08-14 13:13:27,265 [Listener at 127.0.0.1/44917] INFO  ozone.MiniOzoneClusterImpl (MiniOzoneClusterImpl.java:lambda$waitForClusterToBeReady$0(240)) - SCM became leader
2021-08-14 13:13:28,265 [Listener at 127.0.0.1/44917] INFO  ozone.MiniOzoneClusterImpl (MiniOzoneClusterImpl.java:lambda$waitForClusterToBeReady$0(235)) - Nodes are ready. Got 3 of 3 DN Heartbeats.
2021-08-14 13:13:28,265 [Listener at 127.0.0.1/44917] INFO  ozone.MiniOzoneClusterImpl (MiniOzoneClusterImpl.java:lambda$waitForClusterToBeReady$0(238)) - Waiting for cluster to exit safe mode
2021-08-14 13:13:28,265 [Listener at 127.0.0.1/44917] INFO  ozone.MiniOzoneClusterImpl (MiniOzoneClusterImpl.java:lambda$waitForClusterToBeReady$0(240)) - SCM became leader
2021-08-14 13:13:29,267 [Listener at 127.0.0.1/44917] INFO  ozone.MiniOzoneClusterImpl (MiniOzoneClusterImpl.java:lambda$waitForClusterToBeReady$0(235)) - Nodes are ready. Got 3 of 3 DN Heartbeats.
2021-08-14 13:13:29,267 [Listener at 127.0.0.1/44917] INFO  ozone.MiniOzoneClusterImpl (MiniOzoneClusterImpl.java:lambda$waitForClusterToBeReady$0(238)) - Waiting for cluster to exit safe mode
2021-08-14 13:13:29,267 [Listener at 127.0.0.1/44917] INFO  ozone.MiniOzoneClusterImpl (MiniOzoneClusterImpl.java:lambda$waitForClusterToBeReady$0(240)) - SCM became leader
2021-08-14 13:13:29,395 [e0461867-c40b-41c5-9b61-f214c62ad697@group-4397BC943C12-FollowerState] INFO  impl.FollowerState (FollowerState.java:run(134)) - e0461867-c40b-41c5-9b61-f214c62ad697@group-4397BC943C12-FollowerState: change to CANDIDATE, lastRpcElapsedTime:5172076287ns, electionTimeout:5158ms
2021-08-14 13:13:29,395 [e0461867-c40b-41c5-9b61-f214c62ad697@group-4397BC943C12-FollowerState] INFO  impl.RoleInfo (RoleInfo.java:shutdownFollowerState(108)) - e0461867-c40b-41c5-9b61-f214c62ad697: shutdown e0461867-c40b-41c5-9b61-f214c62ad697@group-4397BC943C12-FollowerState
2021-08-14 13:13:29,395 [e0461867-c40b-41c5-9b61-f214c62ad697@group-4397BC943C12-FollowerState] INFO  server.RaftServer$Division (RaftServerImpl.java:setRole(285)) - e0461867-c40b-41c5-9b61-f214c62ad697@group-4397BC943C12: changes role from  FOLLOWER to CANDIDATE at term 0 for changeToCandidate
2021-08-14 13:13:29,396 [e0461867-c40b-41c5-9b61-f214c62ad697@group-4397BC943C12-FollowerState] INFO  server.RaftServerConfigKeys (ConfUtils.java:logGet(44)) - raft.server.leaderelection.pre-vote = false (custom)
2021-08-14 13:13:29,396 [e0461867-c40b-41c5-9b61-f214c62ad697@group-4397BC943C12-FollowerState] INFO  impl.RoleInfo (RoleInfo.java:updateAndGet(130)) - e0461867-c40b-41c5-9b61-f214c62ad697: start e0461867-c40b-41c5-9b61-f214c62ad697@group-4397BC943C12-LeaderElection24
2021-08-14 13:13:29,413 [e0461867-c40b-41c5-9b61-f214c62ad697@group-DE69629266FD-FollowerState] INFO  impl.FollowerState (FollowerState.java:run(134)) - e0461867-c40b-41c5-9b61-f214c62ad697@group-DE69629266FD-FollowerState: change to CANDIDATE, lastRpcElapsedTime:5146270940ns, electionTimeout:5142ms
2021-08-14 13:13:29,413 [e0461867-c40b-41c5-9b61-f214c62ad697@group-DE69629266FD-FollowerState] INFO  impl.RoleInfo (RoleInfo.java:shutdownFollowerState(108)) - e0461867-c40b-41c5-9b61-f214c62ad697: shutdown e0461867-c40b-41c5-9b61-f214c62ad697@group-DE69629266FD-FollowerState
2021-08-14 13:13:29,413 [e0461867-c40b-41c5-9b61-f214c62ad697@group-DE69629266FD-FollowerState] INFO  server.RaftServer$Division (RaftServerImpl.java:setRole(285)) - e0461867-c40b-41c5-9b61-f214c62ad697@group-DE69629266FD: changes role from  FOLLOWER to CANDIDATE at term 0 for changeToCandidate
2021-08-14 13:13:29,413 [e0461867-c40b-41c5-9b61-f214c62ad697@group-DE69629266FD-FollowerState] INFO  server.RaftServerConfigKeys (ConfUtils.java:logGet(44)) - raft.server.leaderelection.pre-vote = false (custom)
2021-08-14 13:13:29,413 [e0461867-c40b-41c5-9b61-f214c62ad697@group-DE69629266FD-FollowerState] INFO  impl.RoleInfo (RoleInfo.java:updateAndGet(130)) - e0461867-c40b-41c5-9b61-f214c62ad697: start e0461867-c40b-41c5-9b61-f214c62ad697@group-DE69629266FD-LeaderElection25
2021-08-14 13:13:29,439 [e0461867-c40b-41c5-9b61-f214c62ad697@group-4397BC943C12-LeaderElection24] INFO  impl.LeaderElection (LeaderElection.java:askForVotes(306)) - e0461867-c40b-41c5-9b61-f214c62ad697@group-4397BC943C12-LeaderElection24 ELECTION round 0: submit vote requests at term 1 for -1: [e0461867-c40b-41c5-9b61-f214c62ad697|rpc:10.1.0.55:34679|priority:1], old=null
2021-08-14 13:13:29,439 [e0461867-c40b-41c5-9b61-f214c62ad697@group-4397BC943C12-LeaderElection24] INFO  impl.LeaderElection (LeaderElection.java:askForVotes(308)) - e0461867-c40b-41c5-9b61-f214c62ad697@group-4397BC943C12-LeaderElection24 ELECTION round 0: result PASSED (term=1)
2021-08-14 13:13:29,439 [e0461867-c40b-41c5-9b61-f214c62ad697@group-4397BC943C12-LeaderElection24] INFO  impl.RoleInfo (RoleInfo.java:shutdownLeaderElection(121)) - e0461867-c40b-41c5-9b61-f214c62ad697: shutdown e0461867-c40b-41c5-9b61-f214c62ad697@group-4397BC943C12-LeaderElection24
2021-08-14 13:13:29,439 [e0461867-c40b-41c5-9b61-f214c62ad697@group-4397BC943C12-LeaderElection24] INFO  server.RaftServer$Division (RaftServerImpl.java:setRole(285)) - e0461867-c40b-41c5-9b61-f214c62ad697@group-4397BC943C12: changes role from CANDIDATE to LEADER at term 1 for changeToLeader
2021-08-14 13:13:29,439 [e0461867-c40b-41c5-9b61-f214c62ad697@group-4397BC943C12-LeaderElection24] INFO  ratis.XceiverServerRatis (XceiverServerRatis.java:handleLeaderChangedNotification(861)) - Leader change notification received for group: group-4397BC943C12 with new leaderId: e0461867-c40b-41c5-9b61-f214c62ad697
2021-08-14 13:13:29,439 [e0461867-c40b-41c5-9b61-f214c62ad697@group-4397BC943C12-LeaderElection24] INFO  server.RaftServer$Division (ServerState.java:setLeader(285)) - e0461867-c40b-41c5-9b61-f214c62ad697@group-4397BC943C12: change Leader from null to e0461867-c40b-41c5-9b61-f214c62ad697 at term 1 for becomeLeader, leader elected after 5272ms
2021-08-14 13:13:29,439 [e0461867-c40b-41c5-9b61-f214c62ad697@group-4397BC943C12-LeaderElection24] INFO  server.RaftServerConfigKeys (ConfUtils.java:logGet(44)) - raft.server.staging.catchup.gap = 1000 (default)
2021-08-14 13:13:29,439 [e0461867-c40b-41c5-9b61-f214c62ad697@group-4397BC943C12-LeaderElection24] INFO  server.RaftServerConfigKeys (ConfUtils.java:logGet(44)) - raft.server.write.element-limit = 1024 (custom)
2021-08-14 13:13:29,439 [e0461867-c40b-41c5-9b61-f214c62ad697@group-4397BC943C12-LeaderElection24] INFO  server.RaftServerConfigKeys (ConfUtils.java:logGet(44)) - raft.server.write.byte-limit = 1024 M (=1073741824) (custom)
2021-08-14 13:13:29,439 [e0461867-c40b-41c5-9b61-f214c62ad697@group-4397BC943C12-LeaderElection24] INFO  server.RaftServerConfigKeys (ConfUtils.java:logGet(44)) - raft.server.watch.timeout = 180s (custom)
2021-08-14 13:13:29,440 [e0461867-c40b-41c5-9b61-f214c62ad697@group-4397BC943C12-LeaderElection24] INFO  server.RaftServerConfigKeys (ConfUtils.java:logGet(44)) - raft.server.watch.timeout.denomination = 1s (default)
2021-08-14 13:13:29,440 [e0461867-c40b-41c5-9b61-f214c62ad697@group-4397BC943C12-LeaderElection24] INFO  server.RaftServerConfigKeys (ConfUtils.java:logGet(44)) - raft.server.watch.element-limit = 65536 (default)
2021-08-14 13:13:29,440 [e0461867-c40b-41c5-9b61-f214c62ad697@group-4397BC943C12-LeaderElection24] INFO  impl.RoleInfo (RoleInfo.java:updateAndGet(130)) - e0461867-c40b-41c5-9b61-f214c62ad697: start e0461867-c40b-41c5-9b61-f214c62ad697@group-4397BC943C12-LeaderStateImpl
2021-08-14 13:13:29,440 [e0461867-c40b-41c5-9b61-f214c62ad697@group-4397BC943C12-LeaderElection24] INFO  segmented.SegmentedRaftLogWorker (SegmentedRaftLogWorker.java:startLogSegment(394)) - e0461867-c40b-41c5-9b61-f214c62ad697@group-4397BC943C12-SegmentedRaftLogWorker: Starting segment from index:0
2021-08-14 13:13:29,440 [Datanode State Machine Thread - 0] WARN  statemachine.StateContext (StateContext.java:execute(621)) - No available thread in pool for past 1 seconds.
2021-08-14 13:13:29,441 [EventQueue-OpenPipelineForHealthyPipelineSafeModeRule] INFO  safemode.SCMSafeModeManager (HealthyPipelineSafeModeRule.java:process(124)) - SCM in safe mode. Healthy pipelines reported count is 0, required healthy pipeline reported count is 1
2021-08-14 13:13:29,446 [e0461867-c40b-41c5-9b61-f214c62ad697@group-4397BC943C12-SegmentedRaftLogWorker] INFO  segmented.SegmentedRaftLogWorker (SegmentedRaftLogWorker.java:execute(601)) - e0461867-c40b-41c5-9b61-f214c62ad697@group-4397BC943C12-SegmentedRaftLogWorker: created new log segment /home/runner/work/ozone/ozone/hadoop-ozone/integration-test/target/test-dir/MiniOzoneClusterImpl-d039c420-9dd2-4032-a768-5c23a44c40fe/datanode-0/data/ratis/99bf46e2-1639-4c5b-a7e3-4397bc943c12/current/log_inprogress_0
2021-08-14 13:13:29,463 [e0461867-c40b-41c5-9b61-f214c62ad697@group-4397BC943C12-LeaderElection24] INFO  server.RaftServer$Division (ServerState.java:setRaftConf(387)) - e0461867-c40b-41c5-9b61-f214c62ad697@group-4397BC943C12: set configuration 0: [e0461867-c40b-41c5-9b61-f214c62ad697|rpc:10.1.0.55:34679|dataStream:|priority:1], old=null
2021-08-14 13:13:29,491 [4d27dd3d-8fa8-4cac-ba0e-fb7e7cb7d3eb@group-DE69629266FD-FollowerState] INFO  impl.FollowerState (FollowerState.java:run(134)) - 4d27dd3d-8fa8-4cac-ba0e-fb7e7cb7d3eb@group-DE69629266FD-FollowerState: change to CANDIDATE, lastRpcElapsedTime:5076147924ns, electionTimeout:5018ms
2021-08-14 13:13:29,491 [4d27dd3d-8fa8-4cac-ba0e-fb7e7cb7d3eb@group-DE69629266FD-FollowerState] INFO  impl.RoleInfo (RoleInfo.java:shutdownFollowerState(108)) - 4d27dd3d-8fa8-4cac-ba0e-fb7e7cb7d3eb: shutdown 4d27dd3d-8fa8-4cac-ba0e-fb7e7cb7d3eb@group-DE69629266FD-FollowerState
2021-08-14 13:13:29,491 [4d27dd3d-8fa8-4cac-ba0e-fb7e7cb7d3eb@group-DE69629266FD-FollowerState] INFO  server.RaftServer$Division (RaftServerImpl.java:setRole(285)) - 4d27dd3d-8fa8-4cac-ba0e-fb7e7cb7d3eb@group-DE69629266FD: changes role from  FOLLOWER to CANDIDATE at term 0 for changeToCandidate
2021-08-14 13:13:29,491 [4d27dd3d-8fa8-4cac-ba0e-fb7e7cb7d3eb@group-DE69629266FD-FollowerState] INFO  server.RaftServerConfigKeys (ConfUtils.java:logGet(44)) - raft.server.leaderelection.pre-vote = false (custom)
2021-08-14 13:13:29,491 [4d27dd3d-8fa8-4cac-ba0e-fb7e7cb7d3eb@group-DE69629266FD-FollowerState] INFO  impl.RoleInfo (RoleInfo.java:updateAndGet(130)) - 4d27dd3d-8fa8-4cac-ba0e-fb7e7cb7d3eb: start 4d27dd3d-8fa8-4cac-ba0e-fb7e7cb7d3eb@group-DE69629266FD-LeaderElection26
2021-08-14 13:13:29,492 [e0461867-c40b-41c5-9b61-f214c62ad697@group-DE69629266FD-LeaderElection25] INFO  impl.LeaderElection (LeaderElection.java:askForVotes(306)) - e0461867-c40b-41c5-9b61-f214c62ad697@group-DE69629266FD-LeaderElection25 ELECTION round 0: submit vote requests at term 1 for -1: [5a2b7d47-d7f5-4736-a3b5-5700bf8b4a86|rpc:10.1.0.55:39961|priority:0, e0461867-c40b-41c5-9b61-f214c62ad697|rpc:10.1.0.55:34679|priority:0, 4d27dd3d-8fa8-4cac-ba0e-fb7e7cb7d3eb|rpc:10.1.0.55:33447|priority:1], old=null
2021-08-14 13:13:29,551 [4d27dd3d-8fa8-4cac-ba0e-fb7e7cb7d3eb@group-DE69629266FD-LeaderElection26] INFO  impl.LeaderElection (LeaderElection.java:askForVotes(306)) - 4d27dd3d-8fa8-4cac-ba0e-fb7e7cb7d3eb@group-DE69629266FD-LeaderElection26 ELECTION round 0: submit vote requests at term 1 for -1: [5a2b7d47-d7f5-4736-a3b5-5700bf8b4a86|rpc:10.1.0.55:39961|dataStream:|priority:0, e0461867-c40b-41c5-9b61-f214c62ad697|rpc:10.1.0.55:34679|dataStream:|priority:0, 4d27dd3d-8fa8-4cac-ba0e-fb7e7cb7d3eb|rpc:10.1.0.55:33447|dataStream:|priority:1], old=null
2021-08-14 13:13:29,636 [grpc-default-executor-0] INFO  server.RaftServer$Division (RaftServerImpl.java:requestVote(1043)) - 5a2b7d47-d7f5-4736-a3b5-5700bf8b4a86@group-DE69629266FD: receive requestVote(ELECTION, e0461867-c40b-41c5-9b61-f214c62ad697, group-DE69629266FD, 1, (t:0, i:0))
2021-08-14 13:13:29,636 [grpc-default-executor-0] INFO  impl.VoteContext (VoteContext.java:log(48)) - 5a2b7d47-d7f5-4736-a3b5-5700bf8b4a86@group-DE69629266FD-FOLLOWER: accept ELECTION from e0461867-c40b-41c5-9b61-f214c62ad697: our priority 0 <= candidate's priority 0
2021-08-14 13:13:29,636 [grpc-default-executor-0] INFO  server.RaftServer$Division (RaftServerImpl.java:setRole(285)) - 5a2b7d47-d7f5-4736-a3b5-5700bf8b4a86@group-DE69629266FD: changes role from  FOLLOWER to FOLLOWER at term 1 for candidate:e0461867-c40b-41c5-9b61-f214c62ad697
2021-08-14 13:13:29,636 [grpc-default-executor-0] INFO  impl.RoleInfo (RoleInfo.java:shutdownFollowerState(108)) - 5a2b7d47-d7f5-4736-a3b5-5700bf8b4a86: shutdown 5a2b7d47-d7f5-4736-a3b5-5700bf8b4a86@group-DE69629266FD-FollowerState
2021-08-14 13:13:29,636 [grpc-default-executor-0] INFO  impl.RoleInfo (RoleInfo.java:updateAndGet(130)) - 5a2b7d47-d7f5-4736-a3b5-5700bf8b4a86: start 5a2b7d47-d7f5-4736-a3b5-5700bf8b4a86@group-DE69629266FD-FollowerState
2021-08-14 13:13:29,636 [5a2b7d47-d7f5-4736-a3b5-5700bf8b4a86@group-DE69629266FD-FollowerState] INFO  impl.FollowerState (FollowerState.java:run(143)) - 5a2b7d47-d7f5-4736-a3b5-5700bf8b4a86@group-DE69629266FD-FollowerState was interrupted: {}
java.lang.InterruptedException: sleep interrupted
	at java.lang.Thread.sleep(Native Method)
	at java.lang.Thread.sleep(Thread.java:340)
	at java.util.concurrent.TimeUnit.sleep(TimeUnit.java:386)
	at org.apache.ratis.util.TimeDuration.sleep(TimeDuration.java:324)
	at org.apache.ratis.util.TimeDuration.sleep(TimeDuration.java:309)
	at org.apache.ratis.server.impl.FollowerState.run(FollowerState.java:118)
2021-08-14 13:13:29,636 [grpc-default-executor-2] INFO  server.RaftServer$Division (RaftServerImpl.java:requestVote(1043)) - 4d27dd3d-8fa8-4cac-ba0e-fb7e7cb7d3eb@group-DE69629266FD: receive requestVote(ELECTION, e0461867-c40b-41c5-9b61-f214c62ad697, group-DE69629266FD, 1, (t:0, i:0))
2021-08-14 13:13:29,636 [grpc-default-executor-1] INFO  server.RaftServer$Division (RaftServerImpl.java:requestVote(1043)) - 5a2b7d47-d7f5-4736-a3b5-5700bf8b4a86@group-DE69629266FD: receive requestVote(ELECTION, 4d27dd3d-8fa8-4cac-ba0e-fb7e7cb7d3eb, group-DE69629266FD, 1, (t:0, i:0))
2021-08-14 13:13:29,651 [grpc-default-executor-2] INFO  impl.VoteContext (VoteContext.java:log(48)) - 4d27dd3d-8fa8-4cac-ba0e-fb7e7cb7d3eb@group-DE69629266FD-CANDIDATE: reject ELECTION from e0461867-c40b-41c5-9b61-f214c62ad697: already has voted for 4d27dd3d-8fa8-4cac-ba0e-fb7e7cb7d3eb at current term 1
2021-08-14 13:13:29,671 [grpc-default-executor-2] INFO  server.RaftServer$Division (RaftServerImpl.java:requestVote(1075)) - 4d27dd3d-8fa8-4cac-ba0e-fb7e7cb7d3eb@group-DE69629266FD replies to ELECTION vote request: e0461867-c40b-41c5-9b61-f214c62ad697<-4d27dd3d-8fa8-4cac-ba0e-fb7e7cb7d3eb#0:FAIL-t1. Peer's state: 4d27dd3d-8fa8-4cac-ba0e-fb7e7cb7d3eb@group-DE69629266FD:t1, leader=null, voted=4d27dd3d-8fa8-4cac-ba0e-fb7e7cb7d3eb, raftlog=4d27dd3d-8fa8-4cac-ba0e-fb7e7cb7d3eb@group-DE69629266FD-SegmentedRaftLog:OPENED:c-1,f-1,i0, conf=-1: [5a2b7d47-d7f5-4736-a3b5-5700bf8b4a86|rpc:10.1.0.55:39961|dataStream:|priority:0, e0461867-c40b-41c5-9b61-f214c62ad697|rpc:10.1.0.55:34679|dataStream:|priority:0, 4d27dd3d-8fa8-4cac-ba0e-fb7e7cb7d3eb|rpc:10.1.0.55:33447|dataStream:|priority:1], old=null
2021-08-14 13:13:29,671 [grpc-default-executor-3] INFO  server.RaftServer$Division (RaftServerImpl.java:requestVote(1043)) - e0461867-c40b-41c5-9b61-f214c62ad697@group-DE69629266FD: receive requestVote(ELECTION, 4d27dd3d-8fa8-4cac-ba0e-fb7e7cb7d3eb, group-DE69629266FD, 1, (t:0, i:0))
2021-08-14 13:13:29,672 [grpc-default-executor-3] INFO  impl.VoteContext (VoteContext.java:log(48)) - e0461867-c40b-41c5-9b61-f214c62ad697@group-DE69629266FD-CANDIDATE: reject ELECTION from 4d27dd3d-8fa8-4cac-ba0e-fb7e7cb7d3eb: already has voted for e0461867-c40b-41c5-9b61-f214c62ad697 at current term 1
2021-08-14 13:13:29,672 [grpc-default-executor-3] INFO  server.RaftServer$Division (RaftServerImpl.java:requestVote(1075)) - e0461867-c40b-41c5-9b61-f214c62ad697@group-DE69629266FD replies to ELECTION vote request: 4d27dd3d-8fa8-4cac-ba0e-fb7e7cb7d3eb<-e0461867-c40b-41c5-9b61-f214c62ad697#0:FAIL-t1. Peer's state: e0461867-c40b-41c5-9b61-f214c62ad697@group-DE69629266FD:t1, leader=null, voted=e0461867-c40b-41c5-9b61-f214c62ad697, raftlog=e0461867-c40b-41c5-9b61-f214c62ad697@group-DE69629266FD-SegmentedRaftLog:OPENED:c-1,f-1,i0, conf=-1: [5a2b7d47-d7f5-4736-a3b5-5700bf8b4a86|rpc:10.1.0.55:39961|priority:0, e0461867-c40b-41c5-9b61-f214c62ad697|rpc:10.1.0.55:34679|priority:0, 4d27dd3d-8fa8-4cac-ba0e-fb7e7cb7d3eb|rpc:10.1.0.55:33447|priority:1], old=null
2021-08-14 13:13:29,662 [grpc-default-executor-0] INFO  server.RaftServer$Division (RaftServerImpl.java:requestVote(1075)) - 5a2b7d47-d7f5-4736-a3b5-5700bf8b4a86@group-DE69629266FD replies to ELECTION vote request: e0461867-c40b-41c5-9b61-f214c62ad697<-5a2b7d47-d7f5-4736-a3b5-5700bf8b4a86#0:OK-t1. Peer's state: 5a2b7d47-d7f5-4736-a3b5-5700bf8b4a86@group-DE69629266FD:t1, leader=null, voted=e0461867-c40b-41c5-9b61-f214c62ad697, raftlog=5a2b7d47-d7f5-4736-a3b5-5700bf8b4a86@group-DE69629266FD-SegmentedRaftLog:OPENED:c-1,f-1,i0, conf=-1: [5a2b7d47-d7f5-4736-a3b5-5700bf8b4a86|rpc:10.1.0.55:39961|dataStream:|priority:0, e0461867-c40b-41c5-9b61-f214c62ad697|rpc:10.1.0.55:34679|dataStream:|priority:0, 4d27dd3d-8fa8-4cac-ba0e-fb7e7cb7d3eb|rpc:10.1.0.55:33447|dataStream:|priority:1], old=null
2021-08-14 13:13:29,699 [grpc-default-executor-1] INFO  impl.VoteContext (VoteContext.java:log(48)) - 5a2b7d47-d7f5-4736-a3b5-5700bf8b4a86@group-DE69629266FD-FOLLOWER: reject ELECTION from 4d27dd3d-8fa8-4cac-ba0e-fb7e7cb7d3eb: already has voted for e0461867-c40b-41c5-9b61-f214c62ad697 at current term 1
2021-08-14 13:13:29,674 [e0461867-c40b-41c5-9b61-f214c62ad697@group-DE69629266FD-LeaderElection25] INFO  impl.LeaderElection (LeaderElection.java:logAndReturn(89)) - e0461867-c40b-41c5-9b61-f214c62ad697@group-DE69629266FD-LeaderElection25: ELECTION REJECTED received 1 response(s) and 0 exception(s):
2021-08-14 13:13:29,700 [e0461867-c40b-41c5-9b61-f214c62ad697@group-DE69629266FD-LeaderElection25] INFO  impl.LeaderElection (LeaderElection.java:logAndReturn(93)) -   Response 0: e0461867-c40b-41c5-9b61-f214c62ad697<-4d27dd3d-8fa8-4cac-ba0e-fb7e7cb7d3eb#0:FAIL-t1
2021-08-14 13:13:29,700 [e0461867-c40b-41c5-9b61-f214c62ad697@group-DE69629266FD-LeaderElection25] INFO  impl.LeaderElection (LeaderElection.java:askForVotes(308)) - e0461867-c40b-41c5-9b61-f214c62ad697@group-DE69629266FD-LeaderElection25 ELECTION round 0: result REJECTED
2021-08-14 13:13:29,700 [e0461867-c40b-41c5-9b61-f214c62ad697@group-DE69629266FD-LeaderElection25] INFO  server.RaftServer$Division (RaftServerImpl.java:setRole(285)) - e0461867-c40b-41c5-9b61-f214c62ad697@group-DE69629266FD: changes role from CANDIDATE to FOLLOWER at term 1 for REJECTED
2021-08-14 13:13:29,700 [e0461867-c40b-41c5-9b61-f214c62ad697@group-DE69629266FD-LeaderElection25] INFO  impl.RoleInfo (RoleInfo.java:shutdownLeaderElection(121)) - e0461867-c40b-41c5-9b61-f214c62ad697: shutdown e0461867-c40b-41c5-9b61-f214c62ad697@group-DE69629266FD-LeaderElection25
2021-08-14 13:13:29,700 [e0461867-c40b-41c5-9b61-f214c62ad697@group-DE69629266FD-LeaderElection25] INFO  impl.RoleInfo (RoleInfo.java:updateAndGet(130)) - e0461867-c40b-41c5-9b61-f214c62ad697: start e0461867-c40b-41c5-9b61-f214c62ad697@group-DE69629266FD-FollowerState
2021-08-14 13:13:29,723 [grpc-default-executor-1] INFO  server.RaftServer$Division (RaftServerImpl.java:requestVote(1075)) - 5a2b7d47-d7f5-4736-a3b5-5700bf8b4a86@group-DE69629266FD replies to ELECTION vote request: 4d27dd3d-8fa8-4cac-ba0e-fb7e7cb7d3eb<-5a2b7d47-d7f5-4736-a3b5-5700bf8b4a86#0:FAIL-t1. Peer's state: 5a2b7d47-d7f5-4736-a3b5-5700bf8b4a86@group-DE69629266FD:t1, leader=null, voted=e0461867-c40b-41c5-9b61-f214c62ad697, raftlog=5a2b7d47-d7f5-4736-a3b5-5700bf8b4a86@group-DE69629266FD-SegmentedRaftLog:OPENED:c-1,f-1,i0, conf=-1: [5a2b7d47-d7f5-4736-a3b5-5700bf8b4a86|rpc:10.1.0.55:39961|dataStream:|priority:0, e0461867-c40b-41c5-9b61-f214c62ad697|rpc:10.1.0.55:34679|dataStream:|priority:0, 4d27dd3d-8fa8-4cac-ba0e-fb7e7cb7d3eb|rpc:10.1.0.55:33447|dataStream:|priority:1], old=null
2021-08-14 13:13:29,749 [4d27dd3d-8fa8-4cac-ba0e-fb7e7cb7d3eb@group-DE69629266FD-LeaderElection26] INFO  impl.LeaderElection (LeaderElection.java:logAndReturn(89)) - 4d27dd3d-8fa8-4cac-ba0e-fb7e7cb7d3eb@group-DE69629266FD-LeaderElection26: ELECTION REJECTED received 2 response(s) and 0 exception(s):
2021-08-14 13:13:29,749 [4d27dd3d-8fa8-4cac-ba0e-fb7e7cb7d3eb@group-DE69629266FD-LeaderElection26] INFO  impl.LeaderElection (LeaderElection.java:logAndReturn(93)) -   Response 0: 4d27dd3d-8fa8-4cac-ba0e-fb7e7cb7d3eb<-5a2b7d47-d7f5-4736-a3b5-5700bf8b4a86#0:FAIL-t1
2021-08-14 13:13:29,749 [4d27dd3d-8fa8-4cac-ba0e-fb7e7cb7d3eb@group-DE69629266FD-LeaderElection26] INFO  impl.LeaderElection (LeaderElection.java:logAndReturn(93)) -   Response 1: 4d27dd3d-8fa8-4cac-ba0e-fb7e7cb7d3eb<-e0461867-c40b-41c5-9b61-f214c62ad697#0:FAIL-t1
2021-08-14 13:13:29,749 [4d27dd3d-8fa8-4cac-ba0e-fb7e7cb7d3eb@group-DE69629266FD-LeaderElection26] INFO  impl.LeaderElection (LeaderElection.java:askForVotes(308)) - 4d27dd3d-8fa8-4cac-ba0e-fb7e7cb7d3eb@group-DE69629266FD-LeaderElection26 ELECTION round 0: result REJECTED
2021-08-14 13:13:29,749 [4d27dd3d-8fa8-4cac-ba0e-fb7e7cb7d3eb@group-DE69629266FD-LeaderElection26] INFO  server.RaftServer$Division (RaftServerImpl.java:setRole(285)) - 4d27dd3d-8fa8-4cac-ba0e-fb7e7cb7d3eb@group-DE69629266FD: changes role from CANDIDATE to FOLLOWER at term 1 for REJECTED
2021-08-14 13:13:29,749 [4d27dd3d-8fa8-4cac-ba0e-fb7e7cb7d3eb@group-DE69629266FD-LeaderElection26] INFO  impl.RoleInfo (RoleInfo.java:shutdownLeaderElection(121)) - 4d27dd3d-8fa8-4cac-ba0e-fb7e7cb7d3eb: shutdown 4d27dd3d-8fa8-4cac-ba0e-fb7e7cb7d3eb@group-DE69629266FD-LeaderElection26
2021-08-14 13:13:29,749 [4d27dd3d-8fa8-4cac-ba0e-fb7e7cb7d3eb@group-DE69629266FD-LeaderElection26] INFO  impl.RoleInfo (RoleInfo.java:updateAndGet(130)) - 4d27dd3d-8fa8-4cac-ba0e-fb7e7cb7d3eb: start 4d27dd3d-8fa8-4cac-ba0e-fb7e7cb7d3eb@group-DE69629266FD-FollowerState
2021-08-14 13:13:29,851 [e0461867-c40b-41c5-9b61-f214c62ad697@group-137C40BDB21D-FollowerState] INFO  impl.FollowerState (FollowerState.java:run(134)) - e0461867-c40b-41c5-9b61-f214c62ad697@group-137C40BDB21D-FollowerState: change to CANDIDATE, lastRpcElapsedTime:5113529373ns, electionTimeout:5104ms
2021-08-14 13:13:29,852 [e0461867-c40b-41c5-9b61-f214c62ad697@group-137C40BDB21D-FollowerState] INFO  impl.RoleInfo (RoleInfo.java:shutdownFollowerState(108)) - e0461867-c40b-41c5-9b61-f214c62ad697: shutdown e0461867-c40b-41c5-9b61-f214c62ad697@group-137C40BDB21D-FollowerState
2021-08-14 13:13:29,852 [e0461867-c40b-41c5-9b61-f214c62ad697@group-137C40BDB21D-FollowerState] INFO  server.RaftServer$Division (RaftServerImpl.java:setRole(285)) - e0461867-c40b-41c5-9b61-f214c62ad697@group-137C40BDB21D: changes role from  FOLLOWER to CANDIDATE at term 0 for changeToCandidate
2021-08-14 13:13:29,852 [e0461867-c40b-41c5-9b61-f214c62ad697@group-137C40BDB21D-FollowerState] INFO  server.RaftServerConfigKeys (ConfUtils.java:logGet(44)) - raft.server.leaderelection.pre-vote = false (custom)
2021-08-14 13:13:29,852 [e0461867-c40b-41c5-9b61-f214c62ad697@group-137C40BDB21D-FollowerState] INFO  impl.RoleInfo (RoleInfo.java:updateAndGet(130)) - e0461867-c40b-41c5-9b61-f214c62ad697: start e0461867-c40b-41c5-9b61-f214c62ad697@group-137C40BDB21D-LeaderElection27
2021-08-14 13:13:29,896 [e0461867-c40b-41c5-9b61-f214c62ad697@group-137C40BDB21D-LeaderElection27] INFO  impl.LeaderElection (LeaderElection.java:askForVotes(306)) - e0461867-c40b-41c5-9b61-f214c62ad697@group-137C40BDB21D-LeaderElection27 ELECTION round 0: submit vote requests at term 1 for -1: [5a2b7d47-d7f5-4736-a3b5-5700bf8b4a86|rpc:10.1.0.55:39961|priority:0, e0461867-c40b-41c5-9b61-f214c62ad697|rpc:10.1.0.55:34679|priority:1, 4d27dd3d-8fa8-4cac-ba0e-fb7e7cb7d3eb|rpc:10.1.0.55:33447|priority:0], old=null
2021-08-14 13:13:29,910 [grpc-default-executor-0] INFO  server.RaftServer$Division (RaftServerImpl.java:requestVote(1043)) - 5a2b7d47-d7f5-4736-a3b5-5700bf8b4a86@group-137C40BDB21D: receive requestVote(ELECTION, e0461867-c40b-41c5-9b61-f214c62ad697, group-137C40BDB21D, 1, (t:0, i:0))
2021-08-14 13:13:29,910 [grpc-default-executor-0] INFO  impl.VoteContext (VoteContext.java:log(48)) - 5a2b7d47-d7f5-4736-a3b5-5700bf8b4a86@group-137C40BDB21D-FOLLOWER: accept ELECTION from e0461867-c40b-41c5-9b61-f214c62ad697: our priority 0 <= candidate's priority 1
2021-08-14 13:13:29,910 [grpc-default-executor-0] INFO  server.RaftServer$Division (RaftServerImpl.java:setRole(285)) - 5a2b7d47-d7f5-4736-a3b5-5700bf8b4a86@group-137C40BDB21D: changes role from  FOLLOWER to FOLLOWER at term 1 for candidate:e0461867-c40b-41c5-9b61-f214c62ad697
2021-08-14 13:13:29,910 [grpc-default-executor-0] INFO  impl.RoleInfo (RoleInfo.java:shutdownFollowerState(108)) - 5a2b7d47-d7f5-4736-a3b5-5700bf8b4a86: shutdown 5a2b7d47-d7f5-4736-a3b5-5700bf8b4a86@group-137C40BDB21D-FollowerState
2021-08-14 13:13:29,911 [grpc-default-executor-0] INFO  impl.RoleInfo (RoleInfo.java:updateAndGet(130)) - 5a2b7d47-d7f5-4736-a3b5-5700bf8b4a86: start 5a2b7d47-d7f5-4736-a3b5-5700bf8b4a86@group-137C40BDB21D-FollowerState
2021-08-14 13:13:29,911 [5a2b7d47-d7f5-4736-a3b5-5700bf8b4a86@group-137C40BDB21D-FollowerState] INFO  impl.FollowerState (FollowerState.java:run(143)) - 5a2b7d47-d7f5-4736-a3b5-5700bf8b4a86@group-137C40BDB21D-FollowerState was interrupted: {}
java.lang.InterruptedException: sleep interrupted
	at java.lang.Thread.sleep(Native Method)
	at java.lang.Thread.sleep(Thread.java:340)
	at java.util.concurrent.TimeUnit.sleep(TimeUnit.java:386)
	at org.apache.ratis.util.TimeDuration.sleep(TimeDuration.java:324)
	at org.apache.ratis.util.TimeDuration.sleep(TimeDuration.java:309)
	at org.apache.ratis.server.impl.FollowerState.run(FollowerState.java:118)
2021-08-14 13:13:29,924 [grpc-default-executor-0] INFO  server.RaftServer$Division (RaftServerImpl.java:requestVote(1075)) - 5a2b7d47-d7f5-4736-a3b5-5700bf8b4a86@group-137C40BDB21D replies to ELECTION vote request: e0461867-c40b-41c5-9b61-f214c62ad697<-5a2b7d47-d7f5-4736-a3b5-5700bf8b4a86#0:OK-t1. Peer's state: 5a2b7d47-d7f5-4736-a3b5-5700bf8b4a86@group-137C40BDB21D:t1, leader=null, voted=e0461867-c40b-41c5-9b61-f214c62ad697, raftlog=5a2b7d47-d7f5-4736-a3b5-5700bf8b4a86@group-137C40BDB21D-SegmentedRaftLog:OPENED:c-1,f-1,i0, conf=-1: [5a2b7d47-d7f5-4736-a3b5-5700bf8b4a86|rpc:10.1.0.55:39961|dataStream:|priority:0, e0461867-c40b-41c5-9b61-f214c62ad697|rpc:10.1.0.55:34679|dataStream:|priority:1, 4d27dd3d-8fa8-4cac-ba0e-fb7e7cb7d3eb|rpc:10.1.0.55:33447|dataStream:|priority:0], old=null
2021-08-14 13:13:29,925 [e0461867-c40b-41c5-9b61-f214c62ad697@group-137C40BDB21D-LeaderElection27] INFO  impl.LeaderElection (LeaderElection.java:logAndReturn(89)) - e0461867-c40b-41c5-9b61-f214c62ad697@group-137C40BDB21D-LeaderElection27: ELECTION PASSED received 1 response(s) and 0 exception(s):
2021-08-14 13:13:29,925 [e0461867-c40b-41c5-9b61-f214c62ad697@group-137C40BDB21D-LeaderElection27] INFO  impl.LeaderElection (LeaderElection.java:logAndReturn(93)) -   Response 0: e0461867-c40b-41c5-9b61-f214c62ad697<-5a2b7d47-d7f5-4736-a3b5-5700bf8b4a86#0:OK-t1
2021-08-14 13:13:29,925 [e0461867-c40b-41c5-9b61-f214c62ad697@group-137C40BDB21D-LeaderElection27] INFO  impl.LeaderElection (LeaderElection.java:askForVotes(308)) - e0461867-c40b-41c5-9b61-f214c62ad697@group-137C40BDB21D-LeaderElection27 ELECTION round 0: result PASSED
2021-08-14 13:13:29,925 [e0461867-c40b-41c5-9b61-f214c62ad697@group-137C40BDB21D-LeaderElection27] INFO  impl.RoleInfo (RoleInfo.java:shutdownLeaderElection(121)) - e0461867-c40b-41c5-9b61-f214c62ad697: shutdown e0461867-c40b-41c5-9b61-f214c62ad697@group-137C40BDB21D-LeaderElection27
2021-08-14 13:13:29,925 [e0461867-c40b-41c5-9b61-f214c62ad697@group-137C40BDB21D-LeaderElection27] INFO  server.RaftServer$Division (RaftServerImpl.java:setRole(285)) - e0461867-c40b-41c5-9b61-f214c62ad697@group-137C40BDB21D: changes role from CANDIDATE to LEADER at term 1 for changeToLeader
2021-08-14 13:13:29,925 [e0461867-c40b-41c5-9b61-f214c62ad697@group-137C40BDB21D-LeaderElection27] INFO  ratis.XceiverServerRatis (XceiverServerRatis.java:handleLeaderChangedNotification(861)) - Leader change notification received for group: group-137C40BDB21D with new leaderId: e0461867-c40b-41c5-9b61-f214c62ad697
2021-08-14 13:13:29,925 [e0461867-c40b-41c5-9b61-f214c62ad697@group-137C40BDB21D-LeaderElection27] INFO  server.RaftServer$Division (ServerState.java:setLeader(285)) - e0461867-c40b-41c5-9b61-f214c62ad697@group-137C40BDB21D: change Leader from null to e0461867-c40b-41c5-9b61-f214c62ad697 at term 1 for becomeLeader, leader elected after 5212ms
2021-08-14 13:13:29,926 [e0461867-c40b-41c5-9b61-f214c62ad697@group-137C40BDB21D-LeaderElection27] INFO  server.RaftServerConfigKeys (ConfUtils.java:logGet(44)) - raft.server.staging.catchup.gap = 1000 (default)
2021-08-14 13:13:29,926 [e0461867-c40b-41c5-9b61-f214c62ad697@group-137C40BDB21D-LeaderElection27] INFO  server.RaftServerConfigKeys (ConfUtils.java:logGet(44)) - raft.server.write.element-limit = 1024 (custom)
2021-08-14 13:13:29,926 [e0461867-c40b-41c5-9b61-f214c62ad697@group-137C40BDB21D-LeaderElection27] INFO  server.RaftServerConfigKeys (ConfUtils.java:logGet(44)) - raft.server.write.byte-limit = 1024 M (=1073741824) (custom)
2021-08-14 13:13:29,926 [e0461867-c40b-41c5-9b61-f214c62ad697@group-137C40BDB21D-LeaderElection27] INFO  server.RaftServerConfigKeys (ConfUtils.java:logGet(44)) - raft.server.watch.timeout = 180s (custom)
2021-08-14 13:13:29,926 [e0461867-c40b-41c5-9b61-f214c62ad697@group-137C40BDB21D-LeaderElection27] INFO  server.RaftServerConfigKeys (ConfUtils.java:logGet(44)) - raft.server.watch.timeout.denomination = 1s (default)
2021-08-14 13:13:29,926 [e0461867-c40b-41c5-9b61-f214c62ad697@group-137C40BDB21D-LeaderElection27] INFO  server.RaftServerConfigKeys (ConfUtils.java:logGet(44)) - raft.server.watch.element-limit = 65536 (default)
2021-08-14 13:13:29,926 [e0461867-c40b-41c5-9b61-f214c62ad697@group-137C40BDB21D-LeaderElection27] INFO  server.RaftServerConfigKeys (ConfUtils.java:logGet(44)) - raft.server.log.appender.snapshot.chunk.size.max = 16MB (=16777216) (default)
2021-08-14 13:13:29,926 [e0461867-c40b-41c5-9b61-f214c62ad697@group-137C40BDB21D-LeaderElection27] INFO  server.RaftServerConfigKeys (ConfUtils.java:logGet(44)) - raft.server.log.appender.buffer.byte-limit = 33554432 (custom)
2021-08-14 13:13:29,927 [e0461867-c40b-41c5-9b61-f214c62ad697@group-137C40BDB21D-LeaderElection27] INFO  server.RaftServerConfigKeys (ConfUtils.java:logGet(44)) - raft.server.log.appender.buffer.element-limit = 1 (custom)
2021-08-14 13:13:29,927 [e0461867-c40b-41c5-9b61-f214c62ad697@group-137C40BDB21D-LeaderElection27] INFO  grpc.GrpcConfigKeys (ConfUtils.java:logGet(44)) - raft.grpc.server.leader.outstanding.appends.max = 128 (default)
2021-08-14 13:13:29,927 [e0461867-c40b-41c5-9b61-f214c62ad697@group-137C40BDB21D-LeaderElection27] INFO  server.RaftServerConfigKeys (ConfUtils.java:logGet(44)) - raft.server.rpc.request.timeout = 60s (custom)
2021-08-14 13:13:29,927 [e0461867-c40b-41c5-9b61-f214c62ad697@group-137C40BDB21D-LeaderElection27] INFO  server.RaftServerConfigKeys (ConfUtils.java:logGet(44)) - raft.server.log.appender.install.snapshot.enabled = false (custom)
2021-08-14 13:13:29,927 [e0461867-c40b-41c5-9b61-f214c62ad697@group-137C40BDB21D-LeaderElection27] INFO  server.RaftServerConfigKeys (ConfUtils.java:logGet(44)) - raft.server.log.appender.snapshot.chunk.size.max = 16MB (=16777216) (default)
2021-08-14 13:13:29,928 [e0461867-c40b-41c5-9b61-f214c62ad697@group-137C40BDB21D-LeaderElection27] INFO  server.RaftServerConfigKeys (ConfUtils.java:logGet(44)) - raft.server.log.appender.buffer.byte-limit = 33554432 (custom)
2021-08-14 13:13:29,928 [e0461867-c40b-41c5-9b61-f214c62ad697@group-137C40BDB21D-LeaderElection27] INFO  server.RaftServerConfigKeys (ConfUtils.java:logGet(44)) - raft.server.log.appender.buffer.element-limit = 1 (custom)
2021-08-14 13:13:29,928 [e0461867-c40b-41c5-9b61-f214c62ad697@group-137C40BDB21D-LeaderElection27] INFO  grpc.GrpcConfigKeys (ConfUtils.java:logGet(44)) - raft.grpc.server.leader.outstanding.appends.max = 128 (default)
2021-08-14 13:13:29,928 [e0461867-c40b-41c5-9b61-f214c62ad697@group-137C40BDB21D-LeaderElection27] INFO  server.RaftServerConfigKeys (ConfUtils.java:logGet(44)) - raft.server.rpc.request.timeout = 60s (custom)
2021-08-14 13:13:29,928 [e0461867-c40b-41c5-9b61-f214c62ad697@group-137C40BDB21D-LeaderElection27] INFO  server.RaftServerConfigKeys (ConfUtils.java:logGet(44)) - raft.server.log.appender.install.snapshot.enabled = false (custom)
2021-08-14 13:13:29,928 [e0461867-c40b-41c5-9b61-f214c62ad697@group-137C40BDB21D-LeaderElection27] INFO  impl.RoleInfo (RoleInfo.java:updateAndGet(130)) - e0461867-c40b-41c5-9b61-f214c62ad697: start e0461867-c40b-41c5-9b61-f214c62ad697@group-137C40BDB21D-LeaderStateImpl
2021-08-14 13:13:29,929 [e0461867-c40b-41c5-9b61-f214c62ad697@group-137C40BDB21D-LeaderElection27] INFO  segmented.SegmentedRaftLogWorker (SegmentedRaftLogWorker.java:startLogSegment(394)) - e0461867-c40b-41c5-9b61-f214c62ad697@group-137C40BDB21D-SegmentedRaftLogWorker: Starting segment from index:0
2021-08-14 13:13:29,929 [Datanode State Machine Thread - 0] WARN  statemachine.StateContext (StateContext.java:execute(621)) - No available thread in pool for past 1 seconds.
2021-08-14 13:13:29,966 [grpc-default-executor-1] INFO  ratis.XceiverServerRatis (XceiverServerRatis.java:handleLeaderChangedNotification(861)) - Leader change notification received for group: group-137C40BDB21D with new leaderId: e0461867-c40b-41c5-9b61-f214c62ad697
2021-08-14 13:13:29,966 [grpc-default-executor-1] INFO  server.RaftServer$Division (ServerState.java:setLeader(285)) - 5a2b7d47-d7f5-4736-a3b5-5700bf8b4a86@group-137C40BDB21D: change Leader from null to e0461867-c40b-41c5-9b61-f214c62ad697 at term 1 for appendEntries, leader elected after 5010ms
2021-08-14 13:13:29,966 [e0461867-c40b-41c5-9b61-f214c62ad697@group-137C40BDB21D-LeaderElection27] INFO  server.RaftServer$Division (ServerState.java:setRaftConf(387)) - e0461867-c40b-41c5-9b61-f214c62ad697@group-137C40BDB21D: set configuration 0: [5a2b7d47-d7f5-4736-a3b5-5700bf8b4a86|rpc:10.1.0.55:39961|dataStream:|priority:0, e0461867-c40b-41c5-9b61-f214c62ad697|rpc:10.1.0.55:34679|dataStream:|priority:1, 4d27dd3d-8fa8-4cac-ba0e-fb7e7cb7d3eb|rpc:10.1.0.55:33447|dataStream:|priority:0], old=null
2021-08-14 13:13:29,931 [e0461867-c40b-41c5-9b61-f214c62ad697@group-137C40BDB21D-SegmentedRaftLogWorker] INFO  segmented.SegmentedRaftLogWorker (SegmentedRaftLogWorker.java:execute(601)) - e0461867-c40b-41c5-9b61-f214c62ad697@group-137C40BDB21D-SegmentedRaftLogWorker: created new log segment /home/runner/work/ozone/ozone/hadoop-ozone/integration-test/target/test-dir/MiniOzoneClusterImpl-d039c420-9dd2-4032-a768-5c23a44c40fe/datanode-0/data/ratis/cba15c6e-d2ed-4235-8452-137c40bdb21d/current/log_inprogress_0
2021-08-14 13:13:29,967 [grpc-default-executor-0] INFO  server.RaftServer$Division (RaftServerImpl.java:requestVote(1043)) - 4d27dd3d-8fa8-4cac-ba0e-fb7e7cb7d3eb@group-137C40BDB21D: receive requestVote(ELECTION, e0461867-c40b-41c5-9b61-f214c62ad697, group-137C40BDB21D, 1, (t:0, i:0))
2021-08-14 13:13:29,967 [grpc-default-executor-0] INFO  impl.VoteContext (VoteContext.java:log(48)) - 4d27dd3d-8fa8-4cac-ba0e-fb7e7cb7d3eb@group-137C40BDB21D-FOLLOWER: accept ELECTION from e0461867-c40b-41c5-9b61-f214c62ad697: our priority 0 <= candidate's priority 1
2021-08-14 13:13:29,967 [grpc-default-executor-0] INFO  server.RaftServer$Division (RaftServerImpl.java:setRole(285)) - 4d27dd3d-8fa8-4cac-ba0e-fb7e7cb7d3eb@group-137C40BDB21D: changes role from  FOLLOWER to FOLLOWER at term 1 for candidate:e0461867-c40b-41c5-9b61-f214c62ad697
2021-08-14 13:13:29,967 [grpc-default-executor-0] INFO  impl.RoleInfo (RoleInfo.java:shutdownFollowerState(108)) - 4d27dd3d-8fa8-4cac-ba0e-fb7e7cb7d3eb: shutdown 4d27dd3d-8fa8-4cac-ba0e-fb7e7cb7d3eb@group-137C40BDB21D-FollowerState
2021-08-14 13:13:29,967 [EventQueue-PipelineReportForPipelineReportHandler] INFO  pipeline.PipelineManagerImpl (PipelineManagerImpl.java:openPipeline(283)) - Pipeline Pipeline[ Id: cba15c6e-d2ed-4235-8452-137c40bdb21d, Nodes: 4d27dd3d-8fa8-4cac-ba0e-fb7e7cb7d3eb{ip: 10.1.0.55, host: fv-az50-903.grzltbmokehuzjyc5b133kdqgh.cx.internal.cloudapp.net, ports: [REPLICATION=45173, RATIS=33447, RATIS_ADMIN=33447, RATIS_SERVER=33447, STANDALONE=34031], networkLocation: /default-rack, certSerialId: null, persistedOpState: IN_SERVICE, persistedOpStateExpiryEpochSec: 0}e0461867-c40b-41c5-9b61-f214c62ad697{ip: 10.1.0.55, host: fv-az50-903.grzltbmokehuzjyc5b133kdqgh.cx.internal.cloudapp.net, ports: [REPLICATION=43333, RATIS=34679, RATIS_ADMIN=34679, RATIS_SERVER=34679, STANDALONE=33791], networkLocation: /default-rack, certSerialId: null, persistedOpState: IN_SERVICE, persistedOpStateExpiryEpochSec: 0}5a2b7d47-d7f5-4736-a3b5-5700bf8b4a86{ip: 10.1.0.55, host: fv-az50-903.grzltbmokehuzjyc5b133kdqgh.cx.internal.cloudapp.net, ports: [REPLICATION=37785, RATIS=39961, RATIS_ADMIN=39961, RATIS_SERVER=39961, STANDALONE=41189], networkLocation: /default-rack, certSerialId: null, persistedOpState: IN_SERVICE, persistedOpStateExpiryEpochSec: 0}, ReplicationConfig: RATIS/THREE, State:ALLOCATED, leaderId:e0461867-c40b-41c5-9b61-f214c62ad697, CreationTimestamp2021-08-14T13:13:22.308Z[Etc/UTC]] moved to OPEN state
2021-08-14 13:13:29,968 [EventQueue-OpenPipelineForHealthyPipelineSafeModeRule] INFO  safemode.SCMSafeModeManager (HealthyPipelineSafeModeRule.java:process(124)) - SCM in safe mode. Healthy pipelines reported count is 1, required healthy pipeline reported count is 1
2021-08-14 13:13:30,003 [EventQueue-OpenPipelineForHealthyPipelineSafeModeRule] INFO  safemode.SCMSafeModeManager (SCMSafeModeManager.java:validateSafeModeExitRules(204)) - HealthyPipelineSafeModeRule rule is successfully validated
2021-08-14 13:13:30,003 [EventQueue-OpenPipelineForHealthyPipelineSafeModeRule] INFO  safemode.SCMSafeModeManager (SCMSafeModeManager.java:validateSafeModeExitRules(219)) - ScmSafeModeManager, all rules are successfully validated
2021-08-14 13:13:30,003 [EventQueue-OpenPipelineForHealthyPipelineSafeModeRule] INFO  safemode.SCMSafeModeManager (SCMSafeModeManager.java:exitSafeMode(248)) - SCM exiting safe mode.
2021-08-14 13:13:30,003 [EventQueue-OpenPipelineForHealthyPipelineSafeModeRule] WARN  events.EventQueue (EventQueue.java:fireEvent(194)) - No event handler registered for event TypedEvent{payloadType=SafeModeStatus, name='Safe mode status'}
2021-08-14 13:13:30,003 [EventQueue-OpenPipelineForHealthyPipelineSafeModeRule] INFO  ha.SCMContext (SCMContext.java:updateSafeModeStatus(205)) - Update SafeModeStatus from SafeModeStatus{safeModeStatus=true, preCheckPassed=true} to SafeModeStatus{safeModeStatus=false, preCheckPassed=true}.
2021-08-14 13:13:30,003 [EventQueue-OpenPipelineForHealthyPipelineSafeModeRule] INFO  pipeline.BackgroundPipelineCreator (BackgroundPipelineCreatorV2.java:notifyStatusChanged(264)) - Service BackgroundPipelineCreator transitions to RUNNING.
2021-08-14 13:13:30,003 [EventQueue-OpenPipelineForHealthyPipelineSafeModeRule] INFO  container.ReplicationManager (ReplicationManager.java:notifyStatusChanged(1679)) - Service ReplicationManager transitions to RUNNING.
2021-08-14 13:13:30,006 [grpc-default-executor-0] INFO  impl.RoleInfo (RoleInfo.java:updateAndGet(130)) - 4d27dd3d-8fa8-4cac-ba0e-fb7e7cb7d3eb: start 4d27dd3d-8fa8-4cac-ba0e-fb7e7cb7d3eb@group-137C40BDB21D-FollowerState
2021-08-14 13:13:30,008 [grpc-default-executor-0] INFO  server.RaftServer$Division (RaftServerImpl.java:requestVote(1075)) - 4d27dd3d-8fa8-4cac-ba0e-fb7e7cb7d3eb@group-137C40BDB21D replies to ELECTION vote request: e0461867-c40b-41c5-9b61-f214c62ad697<-4d27dd3d-8fa8-4cac-ba0e-fb7e7cb7d3eb#0:OK-t1. Peer's state: 4d27dd3d-8fa8-4cac-ba0e-fb7e7cb7d3eb@group-137C40BDB21D:t1, leader=null, voted=e0461867-c40b-41c5-9b61-f214c62ad697, raftlog=4d27dd3d-8fa8-4cac-ba0e-fb7e7cb7d3eb@group-137C40BDB21D-SegmentedRaftLog:OPENED:c-1,f-1,i0, conf=-1: [5a2b7d47-d7f5-4736-a3b5-5700bf8b4a86|rpc:10.1.0.55:39961|dataStream:|priority:0, e0461867-c40b-41c5-9b61-f214c62ad697|rpc:10.1.0.55:34679|dataStream:|priority:1, 4d27dd3d-8fa8-4cac-ba0e-fb7e7cb7d3eb|rpc:10.1.0.55:33447|dataStream:|priority:0], old=null
2021-08-14 13:13:30,009 [grpc-default-executor-3] INFO  ratis.XceiverServerRatis (XceiverServerRatis.java:handleLeaderChangedNotification(861)) - Leader change notification received for group: group-137C40BDB21D with new leaderId: e0461867-c40b-41c5-9b61-f214c62ad697
2021-08-14 13:13:30,009 [grpc-default-executor-3] INFO  server.RaftServer$Division (ServerState.java:setLeader(285)) - 4d27dd3d-8fa8-4cac-ba0e-fb7e7cb7d3eb@group-137C40BDB21D: change Leader from null to e0461867-c40b-41c5-9b61-f214c62ad697 at term 1 for appendEntries, leader elected after 5138ms
2021-08-14 13:13:30,027 [grpc-default-executor-3] INFO  server.RaftServer$Division (ServerState.java:setRaftConf(387)) - 4d27dd3d-8fa8-4cac-ba0e-fb7e7cb7d3eb@group-137C40BDB21D: set configuration 0: [5a2b7d47-d7f5-4736-a3b5-5700bf8b4a86|rpc:10.1.0.55:39961|dataStream:|priority:0, e0461867-c40b-41c5-9b61-f214c62ad697|rpc:10.1.0.55:34679|dataStream:|priority:1, 4d27dd3d-8fa8-4cac-ba0e-fb7e7cb7d3eb|rpc:10.1.0.55:33447|dataStream:|priority:0], old=null
2021-08-14 13:13:30,028 [grpc-default-executor-3] INFO  segmented.SegmentedRaftLogWorker (SegmentedRaftLogWorker.java:startLogSegment(394)) - 4d27dd3d-8fa8-4cac-ba0e-fb7e7cb7d3eb@group-137C40BDB21D-SegmentedRaftLogWorker: Starting segment from index:0
2021-08-14 13:13:30,032 [4d27dd3d-8fa8-4cac-ba0e-fb7e7cb7d3eb@group-5792A1F81081-FollowerState] INFO  impl.FollowerState (FollowerState.java:run(134)) - 4d27dd3d-8fa8-4cac-ba0e-fb7e7cb7d3eb@group-5792A1F81081-FollowerState: change to CANDIDATE, lastRpcElapsedTime:5202705727ns, electionTimeout:5189ms
2021-08-14 13:13:30,035 [4d27dd3d-8fa8-4cac-ba0e-fb7e7cb7d3eb@group-5792A1F81081-FollowerState] INFO  impl.RoleInfo (RoleInfo.java:shutdownFollowerState(108)) - 4d27dd3d-8fa8-4cac-ba0e-fb7e7cb7d3eb: shutdown 4d27dd3d-8fa8-4cac-ba0e-fb7e7cb7d3eb@group-5792A1F81081-FollowerState
2021-08-14 13:13:30,035 [4d27dd3d-8fa8-4cac-ba0e-fb7e7cb7d3eb@group-5792A1F81081-FollowerState] INFO  server.RaftServer$Division (RaftServerImpl.java:setRole(285)) - 4d27dd3d-8fa8-4cac-ba0e-fb7e7cb7d3eb@group-5792A1F81081: changes role from  FOLLOWER to CANDIDATE at term 0 for changeToCandidate
2021-08-14 13:13:30,035 [4d27dd3d-8fa8-4cac-ba0e-fb7e7cb7d3eb@group-5792A1F81081-FollowerState] INFO  server.RaftServerConfigKeys (ConfUtils.java:logGet(44)) - raft.server.leaderelection.pre-vote = false (custom)
2021-08-14 13:13:30,035 [4d27dd3d-8fa8-4cac-ba0e-fb7e7cb7d3eb@group-5792A1F81081-FollowerState] INFO  impl.RoleInfo (RoleInfo.java:updateAndGet(130)) - 4d27dd3d-8fa8-4cac-ba0e-fb7e7cb7d3eb: start 4d27dd3d-8fa8-4cac-ba0e-fb7e7cb7d3eb@group-5792A1F81081-LeaderElection28
2021-08-14 13:13:30,046 [4d27dd3d-8fa8-4cac-ba0e-fb7e7cb7d3eb@group-137C40BDB21D-SegmentedRaftLogWorker] INFO  segmented.SegmentedRaftLogWorker (SegmentedRaftLogWorker.java:execute(601)) - 4d27dd3d-8fa8-4cac-ba0e-fb7e7cb7d3eb@group-137C40BDB21D-SegmentedRaftLogWorker: created new log segment /home/runner/work/ozone/ozone/hadoop-ozone/integration-test/target/test-dir/MiniOzoneClusterImpl-d039c420-9dd2-4032-a768-5c23a44c40fe/datanode-1/data/ratis/cba15c6e-d2ed-4235-8452-137c40bdb21d/current/log_inprogress_0
2021-08-14 13:13:30,061 [4d27dd3d-8fa8-4cac-ba0e-fb7e7cb7d3eb@group-137C40BDB21D-FollowerState] INFO  impl.FollowerState (FollowerState.java:run(143)) - 4d27dd3d-8fa8-4cac-ba0e-fb7e7cb7d3eb@group-137C40BDB21D-FollowerState was interrupted: {}
java.lang.InterruptedException: sleep interrupted
	at java.lang.Thread.sleep(Native Method)
	at java.lang.Thread.sleep(Thread.java:340)
	at java.util.concurrent.TimeUnit.sleep(TimeUnit.java:386)
	at org.apache.ratis.util.TimeDuration.sleep(TimeDuration.java:324)
	at org.apache.ratis.util.TimeDuration.sleep(TimeDuration.java:309)
	at org.apache.ratis.server.impl.FollowerState.run(FollowerState.java:118)
2021-08-14 13:13:30,067 [grpc-default-executor-0] INFO  server.RaftServer$Division (ServerState.java:setRaftConf(387)) - 5a2b7d47-d7f5-4736-a3b5-5700bf8b4a86@group-137C40BDB21D: set configuration 0: [5a2b7d47-d7f5-4736-a3b5-5700bf8b4a86|rpc:10.1.0.55:39961|dataStream:|priority:0, e0461867-c40b-41c5-9b61-f214c62ad697|rpc:10.1.0.55:34679|dataStream:|priority:1, 4d27dd3d-8fa8-4cac-ba0e-fb7e7cb7d3eb|rpc:10.1.0.55:33447|dataStream:|priority:0], old=null
2021-08-14 13:13:30,067 [grpc-default-executor-0] INFO  segmented.SegmentedRaftLogWorker (SegmentedRaftLogWorker.java:startLogSegment(394)) - 5a2b7d47-d7f5-4736-a3b5-5700bf8b4a86@group-137C40BDB21D-SegmentedRaftLogWorker: Starting segment from index:0
2021-08-14 13:13:30,070 [5a2b7d47-d7f5-4736-a3b5-5700bf8b4a86@group-137C40BDB21D-SegmentedRaftLogWorker] INFO  segmented.SegmentedRaftLogWorker (SegmentedRaftLogWorker.java:execute(601)) - 5a2b7d47-d7f5-4736-a3b5-5700bf8b4a86@group-137C40BDB21D-SegmentedRaftLogWorker: created new log segment /home/runner/work/ozone/ozone/hadoop-ozone/integration-test/target/test-dir/MiniOzoneClusterImpl-d039c420-9dd2-4032-a768-5c23a44c40fe/datanode-2/data/ratis/cba15c6e-d2ed-4235-8452-137c40bdb21d/current/log_inprogress_0
2021-08-14 13:13:30,071 [4d27dd3d-8fa8-4cac-ba0e-fb7e7cb7d3eb@group-5792A1F81081-LeaderElection28] INFO  impl.LeaderElection (LeaderElection.java:askForVotes(306)) - 4d27dd3d-8fa8-4cac-ba0e-fb7e7cb7d3eb@group-5792A1F81081-LeaderElection28 ELECTION round 0: submit vote requests at term 1 for -1: [4d27dd3d-8fa8-4cac-ba0e-fb7e7cb7d3eb|rpc:10.1.0.55:33447|priority:1], old=null
2021-08-14 13:13:30,071 [4d27dd3d-8fa8-4cac-ba0e-fb7e7cb7d3eb@group-5792A1F81081-LeaderElection28] INFO  impl.LeaderElection (LeaderElection.java:askForVotes(308)) - 4d27dd3d-8fa8-4cac-ba0e-fb7e7cb7d3eb@group-5792A1F81081-LeaderElection28 ELECTION round 0: result PASSED (term=1)
2021-08-14 13:13:30,071 [4d27dd3d-8fa8-4cac-ba0e-fb7e7cb7d3eb@group-5792A1F81081-LeaderElection28] INFO  impl.RoleInfo (RoleInfo.java:shutdownLeaderElection(121)) - 4d27dd3d-8fa8-4cac-ba0e-fb7e7cb7d3eb: shutdown 4d27dd3d-8fa8-4cac-ba0e-fb7e7cb7d3eb@group-5792A1F81081-LeaderElection28
2021-08-14 13:13:30,071 [4d27dd3d-8fa8-4cac-ba0e-fb7e7cb7d3eb@group-5792A1F81081-LeaderElection28] INFO  server.RaftServer$Division (RaftServerImpl.java:setRole(285)) - 4d27dd3d-8fa8-4cac-ba0e-fb7e7cb7d3eb@group-5792A1F81081: changes role from CANDIDATE to LEADER at term 1 for changeToLeader
2021-08-14 13:13:30,071 [4d27dd3d-8fa8-4cac-ba0e-fb7e7cb7d3eb@group-5792A1F81081-LeaderElection28] INFO  ratis.XceiverServerRatis (XceiverServerRatis.java:handleLeaderChangedNotification(861)) - Leader change notification received for group: group-5792A1F81081 with new leaderId: 4d27dd3d-8fa8-4cac-ba0e-fb7e7cb7d3eb
2021-08-14 13:13:30,073 [4d27dd3d-8fa8-4cac-ba0e-fb7e7cb7d3eb@group-5792A1F81081-LeaderElection28] INFO  server.RaftServer$Division (ServerState.java:setLeader(285)) - 4d27dd3d-8fa8-4cac-ba0e-fb7e7cb7d3eb@group-5792A1F81081: change Leader from null to 4d27dd3d-8fa8-4cac-ba0e-fb7e7cb7d3eb at term 1 for becomeLeader, leader elected after 5297ms
2021-08-14 13:13:30,073 [4d27dd3d-8fa8-4cac-ba0e-fb7e7cb7d3eb@group-5792A1F81081-LeaderElection28] INFO  server.RaftServerConfigKeys (ConfUtils.java:logGet(44)) - raft.server.staging.catchup.gap = 1000 (default)
2021-08-14 13:13:30,073 [Datanode State Machine Thread - 0] WARN  statemachine.StateContext (StateContext.java:execute(621)) - No available thread in pool for past 1 seconds.
2021-08-14 13:13:30,074 [4d27dd3d-8fa8-4cac-ba0e-fb7e7cb7d3eb@group-5792A1F81081-LeaderElection28] INFO  server.RaftServerConfigKeys (ConfUtils.java:logGet(44)) - raft.server.write.element-limit = 1024 (custom)
2021-08-14 13:13:30,074 [4d27dd3d-8fa8-4cac-ba0e-fb7e7cb7d3eb@group-5792A1F81081-LeaderElection28] INFO  server.RaftServerConfigKeys (ConfUtils.java:logGet(44)) - raft.server.write.byte-limit = 1024 M (=1073741824) (custom)
2021-08-14 13:13:30,074 [4d27dd3d-8fa8-4cac-ba0e-fb7e7cb7d3eb@group-5792A1F81081-LeaderElection28] INFO  server.RaftServerConfigKeys (ConfUtils.java:logGet(44)) - raft.server.watch.timeout = 180s (custom)
2021-08-14 13:13:30,074 [4d27dd3d-8fa8-4cac-ba0e-fb7e7cb7d3eb@group-5792A1F81081-LeaderElection28] INFO  server.RaftServerConfigKeys (ConfUtils.java:logGet(44)) - raft.server.watch.timeout.denomination = 1s (default)
2021-08-14 13:13:30,074 [4d27dd3d-8fa8-4cac-ba0e-fb7e7cb7d3eb@group-5792A1F81081-LeaderElection28] INFO  server.RaftServerConfigKeys (ConfUtils.java:logGet(44)) - raft.server.watch.element-limit = 65536 (default)
2021-08-14 13:13:30,074 [4d27dd3d-8fa8-4cac-ba0e-fb7e7cb7d3eb@group-5792A1F81081-LeaderElection28] INFO  impl.RoleInfo (RoleInfo.java:updateAndGet(130)) - 4d27dd3d-8fa8-4cac-ba0e-fb7e7cb7d3eb: start 4d27dd3d-8fa8-4cac-ba0e-fb7e7cb7d3eb@group-5792A1F81081-LeaderStateImpl
2021-08-14 13:13:30,074 [4d27dd3d-8fa8-4cac-ba0e-fb7e7cb7d3eb@group-5792A1F81081-LeaderElection28] INFO  segmented.SegmentedRaftLogWorker (SegmentedRaftLogWorker.java:startLogSegment(394)) - 4d27dd3d-8fa8-4cac-ba0e-fb7e7cb7d3eb@group-5792A1F81081-SegmentedRaftLogWorker: Starting segment from index:0
2021-08-14 13:13:30,077 [4d27dd3d-8fa8-4cac-ba0e-fb7e7cb7d3eb@group-5792A1F81081-SegmentedRaftLogWorker] INFO  segmented.SegmentedRaftLogWorker (SegmentedRaftLogWorker.java:execute(601)) - 4d27dd3d-8fa8-4cac-ba0e-fb7e7cb7d3eb@group-5792A1F81081-SegmentedRaftLogWorker: created new log segment /home/runner/work/ozone/ozone/hadoop-ozone/integration-test/target/test-dir/MiniOzoneClusterImpl-d039c420-9dd2-4032-a768-5c23a44c40fe/datanode-1/data/ratis/fa11fd05-95a8-4ce4-9cc5-5792a1f81081/current/log_inprogress_0
2021-08-14 13:13:30,120 [4d27dd3d-8fa8-4cac-ba0e-fb7e7cb7d3eb@group-5792A1F81081-LeaderElection28] INFO  server.RaftServer$Division (ServerState.java:setRaftConf(387)) - 4d27dd3d-8fa8-4cac-ba0e-fb7e7cb7d3eb@group-5792A1F81081: set configuration 0: [4d27dd3d-8fa8-4cac-ba0e-fb7e7cb7d3eb|rpc:10.1.0.55:33447|dataStream:|priority:1], old=null
2021-08-14 13:13:30,268 [Listener at 127.0.0.1/44917] INFO  ozone.MiniOzoneClusterImpl (MiniOzoneClusterImpl.java:lambda$waitForClusterToBeReady$0(235)) - Nodes are ready. Got 3 of 3 DN Heartbeats.
2021-08-14 13:13:30,268 [Listener at 127.0.0.1/44917] INFO  ozone.MiniOzoneClusterImpl (MiniOzoneClusterImpl.java:lambda$waitForClusterToBeReady$0(238)) - Cluster exits safe mode
2021-08-14 13:13:30,268 [Listener at 127.0.0.1/44917] INFO  ozone.MiniOzoneClusterImpl (MiniOzoneClusterImpl.java:lambda$waitForClusterToBeReady$0(240)) - SCM became leader
2021-08-14 13:13:30,268 [Listener at 127.0.0.1/44917] INFO  ha.SequenceIdGenerator (SequenceIdGenerator.java:getNextId(127)) - Allocate a batch for containerId, change lastId from 0 to 1000.
2021-08-14 13:13:30,360 [5a2b7d47-d7f5-4736-a3b5-5700bf8b4a86@group-79C2F7138058-FollowerState] INFO  impl.FollowerState (FollowerState.java:run(134)) - 5a2b7d47-d7f5-4736-a3b5-5700bf8b4a86@group-79C2F7138058-FollowerState: change to CANDIDATE, lastRpcElapsedTime:5021002449ns, electionTimeout:5014ms
2021-08-14 13:13:30,360 [5a2b7d47-d7f5-4736-a3b5-5700bf8b4a86@group-79C2F7138058-FollowerState] INFO  impl.RoleInfo (RoleInfo.java:shutdownFollowerState(108)) - 5a2b7d47-d7f5-4736-a3b5-5700bf8b4a86: shutdown 5a2b7d47-d7f5-4736-a3b5-5700bf8b4a86@group-79C2F7138058-FollowerState
2021-08-14 13:13:30,360 [5a2b7d47-d7f5-4736-a3b5-5700bf8b4a86@group-79C2F7138058-FollowerState] INFO  server.RaftServer$Division (RaftServerImpl.java:setRole(285)) - 5a2b7d47-d7f5-4736-a3b5-5700bf8b4a86@group-79C2F7138058: changes role from  FOLLOWER to CANDIDATE at term 0 for changeToCandidate
2021-08-14 13:13:30,361 [5a2b7d47-d7f5-4736-a3b5-5700bf8b4a86@group-79C2F7138058-FollowerState] INFO  server.RaftServerConfigKeys (ConfUtils.java:logGet(44)) - raft.server.leaderelection.pre-vote = false (custom)
2021-08-14 13:13:30,361 [5a2b7d47-d7f5-4736-a3b5-5700bf8b4a86@group-79C2F7138058-FollowerState] INFO  impl.RoleInfo (RoleInfo.java:updateAndGet(130)) - 5a2b7d47-d7f5-4736-a3b5-5700bf8b4a86: start 5a2b7d47-d7f5-4736-a3b5-5700bf8b4a86@group-79C2F7138058-LeaderElection29
2021-08-14 13:13:30,478 [5a2b7d47-d7f5-4736-a3b5-5700bf8b4a86@group-79C2F7138058-LeaderElection29] INFO  impl.LeaderElection (LeaderElection.java:askForVotes(306)) - 5a2b7d47-d7f5-4736-a3b5-5700bf8b4a86@group-79C2F7138058-LeaderElection29 ELECTION round 0: submit vote requests at term 1 for -1: [5a2b7d47-d7f5-4736-a3b5-5700bf8b4a86|rpc:10.1.0.55:39961|priority:1], old=null
2021-08-14 13:13:30,478 [5a2b7d47-d7f5-4736-a3b5-5700bf8b4a86@group-79C2F7138058-LeaderElection29] INFO  impl.LeaderElection (LeaderElection.java:askForVotes(308)) - 5a2b7d47-d7f5-4736-a3b5-5700bf8b4a86@group-79C2F7138058-LeaderElection29 ELECTION round 0: result PASSED (term=1)
2021-08-14 13:13:30,478 [5a2b7d47-d7f5-4736-a3b5-5700bf8b4a86@group-79C2F7138058-LeaderElection29] INFO  impl.RoleInfo (RoleInfo.java:shutdownLeaderElection(121)) - 5a2b7d47-d7f5-4736-a3b5-5700bf8b4a86: shutdown 5a2b7d47-d7f5-4736-a3b5-5700bf8b4a86@group-79C2F7138058-LeaderElection29
2021-08-14 13:13:30,478 [5a2b7d47-d7f5-4736-a3b5-5700bf8b4a86@group-79C2F7138058-LeaderElection29] INFO  server.RaftServer$Division (RaftServerImpl.java:setRole(285)) - 5a2b7d47-d7f5-4736-a3b5-5700bf8b4a86@group-79C2F7138058: changes role from CANDIDATE to LEADER at term 1 for changeToLeader
2021-08-14 13:13:30,478 [5a2b7d47-d7f5-4736-a3b5-5700bf8b4a86@group-79C2F7138058-LeaderElection29] INFO  ratis.XceiverServerRatis (XceiverServerRatis.java:handleLeaderChangedNotification(861)) - Leader change notification received for group: group-79C2F7138058 with new leaderId: 5a2b7d47-d7f5-4736-a3b5-5700bf8b4a86
2021-08-14 13:13:30,479 [5a2b7d47-d7f5-4736-a3b5-5700bf8b4a86@group-79C2F7138058-LeaderElection29] INFO  server.RaftServer$Division (ServerState.java:setLeader(285)) - 5a2b7d47-d7f5-4736-a3b5-5700bf8b4a86@group-79C2F7138058: change Leader from null to 5a2b7d47-d7f5-4736-a3b5-5700bf8b4a86 at term 1 for becomeLeader, leader elected after 5165ms
2021-08-14 13:13:30,479 [5a2b7d47-d7f5-4736-a3b5-5700bf8b4a86@group-79C2F7138058-LeaderElection29] INFO  server.RaftServerConfigKeys (ConfUtils.java:logGet(44)) - raft.server.staging.catchup.gap = 1000 (default)
2021-08-14 13:13:30,479 [5a2b7d47-d7f5-4736-a3b5-5700bf8b4a86@group-79C2F7138058-LeaderElection29] INFO  server.RaftServerConfigKeys (ConfUtils.java:logGet(44)) - raft.server.write.element-limit = 1024 (custom)
2021-08-14 13:13:30,479 [5a2b7d47-d7f5-4736-a3b5-5700bf8b4a86@group-79C2F7138058-LeaderElection29] INFO  server.RaftServerConfigKeys (ConfUtils.java:logGet(44)) - raft.server.write.byte-limit = 1024 M (=1073741824) (custom)
2021-08-14 13:13:30,479 [5a2b7d47-d7f5-4736-a3b5-5700bf8b4a86@group-79C2F7138058-LeaderElection29] INFO  server.RaftServerConfigKeys (ConfUtils.java:logGet(44)) - raft.server.watch.timeout = 180s (custom)
2021-08-14 13:13:30,479 [5a2b7d47-d7f5-4736-a3b5-5700bf8b4a86@group-79C2F7138058-LeaderElection29] INFO  server.RaftServerConfigKeys (ConfUtils.java:logGet(44)) - raft.server.watch.timeout.denomination = 1s (default)
2021-08-14 13:13:30,479 [5a2b7d47-d7f5-4736-a3b5-5700bf8b4a86@group-79C2F7138058-LeaderElection29] INFO  server.RaftServerConfigKeys (ConfUtils.java:logGet(44)) - raft.server.watch.element-limit = 65536 (default)
2021-08-14 13:13:30,479 [5a2b7d47-d7f5-4736-a3b5-5700bf8b4a86@group-79C2F7138058-LeaderElection29] INFO  impl.RoleInfo (RoleInfo.java:updateAndGet(130)) - 5a2b7d47-d7f5-4736-a3b5-5700bf8b4a86: start 5a2b7d47-d7f5-4736-a3b5-5700bf8b4a86@group-79C2F7138058-LeaderStateImpl
2021-08-14 13:13:30,480 [5a2b7d47-d7f5-4736-a3b5-5700bf8b4a86@group-79C2F7138058-LeaderElection29] INFO  segmented.SegmentedRaftLogWorker (SegmentedRaftLogWorker.java:startLogSegment(394)) - 5a2b7d47-d7f5-4736-a3b5-5700bf8b4a86@group-79C2F7138058-SegmentedRaftLogWorker: Starting segment from index:0
2021-08-14 13:13:30,480 [Datanode State Machine Thread - 0] WARN  statemachine.StateContext (StateContext.java:execute(621)) - No available thread in pool for past 1 seconds.
2021-08-14 13:13:30,483 [5a2b7d47-d7f5-4736-a3b5-5700bf8b4a86@group-79C2F7138058-SegmentedRaftLogWorker] INFO  segmented.SegmentedRaftLogWorker (SegmentedRaftLogWorker.java:execute(601)) - 5a2b7d47-d7f5-4736-a3b5-5700bf8b4a86@group-79C2F7138058-SegmentedRaftLogWorker: created new log segment /home/runner/work/ozone/ozone/hadoop-ozone/integration-test/target/test-dir/MiniOzoneClusterImpl-d039c420-9dd2-4032-a768-5c23a44c40fe/datanode-2/data/ratis/a5fe29a6-9baf-4649-a4cb-79c2f7138058/current/log_inprogress_0
2021-08-14 13:13:30,493 [5a2b7d47-d7f5-4736-a3b5-5700bf8b4a86@group-79C2F7138058-LeaderElection29] INFO  server.RaftServer$Division (ServerState.java:setRaftConf(387)) - 5a2b7d47-d7f5-4736-a3b5-5700bf8b4a86@group-79C2F7138058: set configuration 0: [5a2b7d47-d7f5-4736-a3b5-5700bf8b4a86|rpc:10.1.0.55:39961|dataStream:|priority:1], old=null
2021-08-14 13:13:32,498 [Listener at 127.0.0.1/44917] ERROR ratis.XceiverServerRatis (XceiverServerRatis.java:triggerPipelineClose(676)) - pipeline Action CLOSE on pipeline PipelineID=cba15c6e-d2ed-4235-8452-137c40bdb21d.Reason : Unspecified failure reported in Ratis log
2021-08-14 13:13:32,514 [Datanode State Machine Thread - 0] WARN  statemachine.StateContext (StateContext.java:execute(621)) - No available thread in pool for past 1 seconds.
2021-08-14 13:13:32,543 [EventQueue-PipelineActionsForPipelineActionHandler] INFO  pipeline.PipelineActionHandler (PipelineActionHandler.java:processPipelineAction(82)) - Received pipeline action CLOSE for PipelineID=cba15c6e-d2ed-4235-8452-137c40bdb21d from datanode 4d27dd3d-8fa8-4cac-ba0e-fb7e7cb7d3eb. Reason : Unspecified failure reported in Ratis log
2021-08-14 13:13:32,545 [EventQueue-PipelineActionsForPipelineActionHandler] INFO  pipeline.PipelineManagerImpl (PipelineManagerImpl.java:closePipeline(343)) - Pipeline Pipeline[ Id: cba15c6e-d2ed-4235-8452-137c40bdb21d, Nodes: 4d27dd3d-8fa8-4cac-ba0e-fb7e7cb7d3eb{ip: 10.1.0.55, host: fv-az50-903.grzltbmokehuzjyc5b133kdqgh.cx.internal.cloudapp.net, ports: [REPLICATION=45173, RATIS=33447, RATIS_ADMIN=33447, RATIS_SERVER=33447, STANDALONE=34031], networkLocation: /default-rack, certSerialId: null, persistedOpState: IN_SERVICE, persistedOpStateExpiryEpochSec: 0}e0461867-c40b-41c5-9b61-f214c62ad697{ip: 10.1.0.55, host: fv-az50-903.grzltbmokehuzjyc5b133kdqgh.cx.internal.cloudapp.net, ports: [REPLICATION=43333, RATIS=34679, RATIS_ADMIN=34679, RATIS_SERVER=34679, STANDALONE=33791], networkLocation: /default-rack, certSerialId: null, persistedOpState: IN_SERVICE, persistedOpStateExpiryEpochSec: 0}5a2b7d47-d7f5-4736-a3b5-5700bf8b4a86{ip: 10.1.0.55, host: fv-az50-903.grzltbmokehuzjyc5b133kdqgh.cx.internal.cloudapp.net, ports: [REPLICATION=37785, RATIS=39961, RATIS_ADMIN=39961, RATIS_SERVER=39961, STANDALONE=41189], networkLocation: /default-rack, certSerialId: null, persistedOpState: IN_SERVICE, persistedOpStateExpiryEpochSec: 0}, ReplicationConfig: RATIS/THREE, State:OPEN, leaderId:e0461867-c40b-41c5-9b61-f214c62ad697, CreationTimestamp2021-08-14T13:13:22.308Z[Etc/UTC]] moved to CLOSED state
2021-08-14 13:13:32,590 [EventQueue-PipelineActionsForPipelineActionHandler] INFO  pipeline.RatisPipelineProvider (RatisPipelineProvider.java:lambda$close$1(222)) - Send pipeline:PipelineID=cba15c6e-d2ed-4235-8452-137c40bdb21d close command to datanode 4d27dd3d-8fa8-4cac-ba0e-fb7e7cb7d3eb
2021-08-14 13:13:32,590 [EventQueue-PipelineActionsForPipelineActionHandler] INFO  pipeline.RatisPipelineProvider (RatisPipelineProvider.java:lambda$close$1(222)) - Send pipeline:PipelineID=cba15c6e-d2ed-4235-8452-137c40bdb21d close command to datanode e0461867-c40b-41c5-9b61-f214c62ad697
2021-08-14 13:13:32,591 [EventQueue-PipelineActionsForPipelineActionHandler] INFO  pipeline.RatisPipelineProvider (RatisPipelineProvider.java:lambda$close$1(222)) - Send pipeline:PipelineID=cba15c6e-d2ed-4235-8452-137c40bdb21d close command to datanode 5a2b7d47-d7f5-4736-a3b5-5700bf8b4a86
2021-08-14 13:13:32,622 [EventQueue-PipelineActionsForPipelineActionHandler] INFO  pipeline.PipelineStateManager (PipelineStateManagerV2Impl.java:removePipeline(211)) - Pipeline Pipeline[ Id: cba15c6e-d2ed-4235-8452-137c40bdb21d, Nodes: 4d27dd3d-8fa8-4cac-ba0e-fb7e7cb7d3eb{ip: 10.1.0.55, host: fv-az50-903.grzltbmokehuzjyc5b133kdqgh.cx.internal.cloudapp.net, ports: [REPLICATION=45173, RATIS=33447, RATIS_ADMIN=33447, RATIS_SERVER=33447, STANDALONE=34031], networkLocation: /default-rack, certSerialId: null, persistedOpState: IN_SERVICE, persistedOpStateExpiryEpochSec: 0}e0461867-c40b-41c5-9b61-f214c62ad697{ip: 10.1.0.55, host: fv-az50-903.grzltbmokehuzjyc5b133kdqgh.cx.internal.cloudapp.net, ports: [REPLICATION=43333, RATIS=34679, RATIS_ADMIN=34679, RATIS_SERVER=34679, STANDALONE=33791], networkLocation: /default-rack, certSerialId: null, persistedOpState: IN_SERVICE, persistedOpStateExpiryEpochSec: 0}5a2b7d47-d7f5-4736-a3b5-5700bf8b4a86{ip: 10.1.0.55, host: fv-az50-903.grzltbmokehuzjyc5b133kdqgh.cx.internal.cloudapp.net, ports: [REPLICATION=37785, RATIS=39961, RATIS_ADMIN=39961, RATIS_SERVER=39961, STANDALONE=41189], networkLocation: /default-rack, certSerialId: null, persistedOpState: IN_SERVICE, persistedOpStateExpiryEpochSec: 0}, ReplicationConfig: RATIS/THREE, State:CLOSED, leaderId:e0461867-c40b-41c5-9b61-f214c62ad697, CreationTimestamp2021-08-14T13:13:22.308Z[Etc/UTC]] removed.
2021-08-14 13:13:32,636 [EventQueue-CloseContainerForCloseContainerEventHandler] INFO  container.CloseContainerEventHandler (CloseContainerEventHandler.java:onMessage(69)) - Close container Event triggered for container : #1
2021-08-14 13:13:32,663 [EventQueue-CloseContainerForCloseContainerEventHandler] INFO  pipeline.PipelineStateManager (PipelineStateManagerV2Impl.java:removeContainerFromPipeline(237)) - Pipeline PipelineID=cba15c6e-d2ed-4235-8452-137c40bdb21d is not found in the pipeline2ContainerMap. Pipeline may have been closed already.
2021-08-14 13:13:32,663 [EventQueue-CloseContainerForCloseContainerEventHandler] INFO  container.CloseContainerEventHandler (CloseContainerEventHandler.java:onMessage(69)) - Close container Event triggered for container : #2
2021-08-14 13:13:32,664 [EventQueue-CloseContainerForCloseContainerEventHandler] INFO  pipeline.PipelineStateManager (PipelineStateManagerV2Impl.java:removeContainerFromPipeline(237)) - Pipeline PipelineID=cba15c6e-d2ed-4235-8452-137c40bdb21d is not found in the pipeline2ContainerMap. Pipeline may have been closed already.
2021-08-14 13:13:32,934 [Listener at 127.0.0.1/44917] INFO  ozone.MiniOzoneClusterImpl (MiniOzoneClusterImpl.java:shutdown(453)) - Shutting down the Mini Ozone Cluster
2021-08-14 13:13:32,982 [Listener at 127.0.0.1/44917] INFO  ozone.MiniOzoneClusterImpl (MiniOzoneClusterImpl.java:stop(468)) - Stopping the Mini Ozone Cluster
2021-08-14 13:13:32,982 [Listener at 127.0.0.1/44917] INFO  ozone.MiniOzoneClusterImpl (MiniOzoneClusterImpl.java:stopOM(550)) - Stopping the OzoneManager
2021-08-14 13:13:32,982 [Listener at 127.0.0.1/44917] INFO  om.OzoneManager (OzoneManager.java:stop(1632)) - Stopping Ozone Manager
2021-08-14 13:13:32,982 [Listener at 127.0.0.1/44917] INFO  ipc.Server (Server.java:stop(3414)) - Stopping server on 44917
2021-08-14 13:13:33,054 [IPC Server Responder] INFO  ipc.Server (Server.java:run(1512)) - Stopping IPC Server Responder
2021-08-14 13:13:33,055 [IPC Server listener on 0] INFO  ipc.Server (Server.java:run(1376)) - Stopping IPC Server listener on 0
2021-08-14 13:13:33,056 [Listener at 127.0.0.1/44917] INFO  server.RaftServer (RaftServerProxy.java:lambda$close$6(391)) - om1: close
2021-08-14 13:13:33,056 [Listener at 127.0.0.1/44917] INFO  server.RaftServer$Division (RaftServerImpl.java:lambda$close$4(407)) - om1@group-C5BA1605619E: shutdown
2021-08-14 13:13:33,056 [Listener at 127.0.0.1/44917] INFO  util.JmxRegister (JmxRegister.java:unregister(73)) - Successfully un-registered JMX Bean with object name Ratis:service=RaftServer,group=group-C5BA1605619E,id=om1
2021-08-14 13:13:33,056 [Listener at 127.0.0.1/44917] INFO  impl.RoleInfo (RoleInfo.java:shutdownLeaderState(91)) - om1: shutdown om1@group-C5BA1605619E-LeaderStateImpl
2021-08-14 13:13:33,056 [Listener at 127.0.0.1/44917] INFO  impl.PendingRequests (PendingRequests.java:sendNotLeaderResponses(282)) - om1@group-C5BA1605619E-PendingRequests: sendNotLeaderResponses
2021-08-14 13:13:33,059 [Listener at 127.0.0.1/44917] INFO  impl.StateMachineUpdater (StateMachineUpdater.java:stopAndJoin(149)) - om1@group-C5BA1605619E-StateMachineUpdater: set stopIndex = 0
2021-08-14 13:13:33,060 [om1@group-C5BA1605619E-StateMachineUpdater] INFO  ratis.OzoneManagerStateMachine (OzoneManagerStateMachine.java:takeSnapshot(417)) - Current Snapshot Index (t:1, i:0)
2021-08-14 13:13:33,060 [om1@group-C5BA1605619E-StateMachineUpdater] INFO  impl.StateMachineUpdater (StateMachineUpdater.java:takeSnapshot(281)) - om1@group-C5BA1605619E-StateMachineUpdater: Took a snapshot at index 0
2021-08-14 13:13:33,060 [om1@group-C5BA1605619E-StateMachineUpdater] INFO  impl.StateMachineUpdater (StateMachineUpdater.java:lambda$new$0(89)) - om1@group-C5BA1605619E-StateMachineUpdater: snapshotIndex: updateIncreasingly -1 -> 0
2021-08-14 13:13:33,060 [om1@group-C5BA1605619E-StateMachineUpdater] INFO  ratis.OzoneManagerStateMachine (OzoneManagerStateMachine.java:close(471)) - StateMachine has shutdown. Shutdown OzoneManager if not already shutdown.
2021-08-14 13:13:33,062 [Listener at 127.0.0.1/44917] INFO  server.RaftServer$Division (ServerState.java:close(419)) - om1@group-C5BA1605619E: closes. applyIndex: 0
2021-08-14 13:13:33,082 [om1@group-C5BA1605619E-SegmentedRaftLogWorker] INFO  segmented.SegmentedRaftLogWorker (SegmentedRaftLogWorker.java:run(327)) - om1@group-C5BA1605619E-SegmentedRaftLogWorker was interrupted, exiting. There are 0 tasks remaining in the queue.
2021-08-14 13:13:33,084 [Listener at 127.0.0.1/44917] INFO  segmented.SegmentedRaftLogWorker (SegmentedRaftLogWorker.java:close(237)) - om1@group-C5BA1605619E-SegmentedRaftLogWorker close()
2021-08-14 13:13:33,163 [Listener at 127.0.0.1/44917] INFO  server.GrpcService (GrpcService.java:closeImpl(262)) - om1: shutdown server with port 9872 now
2021-08-14 13:13:33,163 [Listener at 127.0.0.1/44917] INFO  server.GrpcService (GrpcService.java:closeImpl(271)) - om1: shutdown server with port 9872 successfully
2021-08-14 13:13:33,164 [org.apache.ratis.util.JvmPauseMonitor$$Lambda$531/1290668879@2e1483bb] INFO  util.JvmPauseMonitor (JvmPauseMonitor.java:run(109)) - JvmPauseMonitor-om1: Stopped
2021-08-14 13:13:33,164 [Listener at 127.0.0.1/44917] INFO  ratis.OzoneManagerDoubleBuffer (OzoneManagerDoubleBuffer.java:stop(437)) - Stopping OMDoubleBuffer flush thread
2021-08-14 13:13:33,164 [OMDoubleBufferFlushThread] INFO  ratis.OzoneManagerDoubleBuffer (OzoneManagerDoubleBuffer.java:flushTransactions(356)) - OMDoubleBuffer flush thread OMDoubleBufferFlushThread is interrupted and will exit. OMDoubleBufferFlushThread
2021-08-14 13:13:33,164 [Listener at 127.0.0.1/44917] INFO  utils.BackgroundService (BackgroundService.java:shutdown(132)) - Shutting down service KeyDeletingService
2021-08-14 13:13:33,199 [Listener at 127.0.0.1/44917] INFO  handler.ContextHandler (ContextHandler.java:doStop(1153)) - Stopped o.e.j.w.WebAppContext@2d3f5b53{ozoneManager,/,null,STOPPED}{file:/home/runner/work/ozone/ozone/hadoop-ozone/integration-test/target/test-classes/webapps/ozoneManager}
2021-08-14 13:13:33,200 [Listener at 127.0.0.1/44917] INFO  server.AbstractConnector (AbstractConnector.java:doStop(381)) - Stopped ServerConnector@b9711f9{HTTP/1.1, (http/1.1)}{0.0.0.0:0}
2021-08-14 13:13:33,203 [Listener at 127.0.0.1/44917] INFO  server.session (HouseKeeper.java:stopScavenging(149)) - node0 Stopped scavenging
2021-08-14 13:13:33,204 [Listener at 127.0.0.1/44917] INFO  handler.ContextHandler (ContextHandler.java:doStop(1153)) - Stopped o.e.j.s.ServletContextHandler@59997b26{static,/static,file:///home/runner/work/ozone/ozone/hadoop-ozone/integration-test/target/test-classes/webapps/static,STOPPED}
2021-08-14 13:13:33,204 [Listener at 127.0.0.1/44917] INFO  handler.ContextHandler (ContextHandler.java:doStop(1153)) - Stopped o.e.j.s.ServletContextHandler@49292d2e{logs,/logs,file:///home/runner/work/ozone/ozone/hadoop-ozone/integration-test/target/log,STOPPED}
2021-08-14 13:13:33,209 [Listener at 127.0.0.1/44917] INFO  ozone.MiniOzoneClusterImpl (MiniOzoneClusterImpl.java:stopDatanodes(527)) - Stopping the HddsDatanodes
2021-08-14 13:13:33,517 [Datanode State Machine Thread - 0] INFO  statemachine.DatanodeStateMachine (DatanodeStateMachine.java:lambda$startDaemon$0(457)) - Ozone container server started.
2021-08-14 13:13:33,942 [Datanode State Machine Thread - 0] INFO  statemachine.DatanodeStateMachine (DatanodeStateMachine.java:lambda$startDaemon$0(457)) - Ozone container server started.
2021-08-14 13:13:34,838 [5a2b7d47-d7f5-4736-a3b5-5700bf8b4a86@group-DE69629266FD-FollowerState] INFO  impl.FollowerState (FollowerState.java:run(134)) - 5a2b7d47-d7f5-4736-a3b5-5700bf8b4a86@group-DE69629266FD-FollowerState: change to CANDIDATE, lastRpcElapsedTime:5176333707ns, electionTimeout:5176ms
2021-08-14 13:13:34,839 [5a2b7d47-d7f5-4736-a3b5-5700bf8b4a86@group-DE69629266FD-FollowerState] INFO  impl.RoleInfo (RoleInfo.java:shutdownFollowerState(108)) - 5a2b7d47-d7f5-4736-a3b5-5700bf8b4a86: shutdown 5a2b7d47-d7f5-4736-a3b5-5700bf8b4a86@group-DE69629266FD-FollowerState
2021-08-14 13:13:34,839 [5a2b7d47-d7f5-4736-a3b5-5700bf8b4a86@group-DE69629266FD-FollowerState] INFO  server.RaftServer$Division (RaftServerImpl.java:setRole(285)) - 5a2b7d47-d7f5-4736-a3b5-5700bf8b4a86@group-DE69629266FD: changes role from  FOLLOWER to CANDIDATE at term 1 for changeToCandidate
2021-08-14 13:13:34,839 [5a2b7d47-d7f5-4736-a3b5-5700bf8b4a86@group-DE69629266FD-FollowerState] INFO  server.RaftServerConfigKeys (ConfUtils.java:logGet(44)) - raft.server.leaderelection.pre-vote = false (custom)
2021-08-14 13:13:34,839 [5a2b7d47-d7f5-4736-a3b5-5700bf8b4a86@group-DE69629266FD-FollowerState] INFO  impl.RoleInfo (RoleInfo.java:updateAndGet(130)) - 5a2b7d47-d7f5-4736-a3b5-5700bf8b4a86: start 5a2b7d47-d7f5-4736-a3b5-5700bf8b4a86@group-DE69629266FD-LeaderElection30
2021-08-14 13:13:34,880 [5a2b7d47-d7f5-4736-a3b5-5700bf8b4a86@group-DE69629266FD-LeaderElection30] INFO  impl.LeaderElection (LeaderElection.java:askForVotes(306)) - 5a2b7d47-d7f5-4736-a3b5-5700bf8b4a86@group-DE69629266FD-LeaderElection30 ELECTION round 0: submit vote requests at term 2 for -1: [5a2b7d47-d7f5-4736-a3b5-5700bf8b4a86|rpc:10.1.0.55:39961|dataStream:|priority:0, e0461867-c40b-41c5-9b61-f214c62ad697|rpc:10.1.0.55:34679|dataStream:|priority:0, 4d27dd3d-8fa8-4cac-ba0e-fb7e7cb7d3eb|rpc:10.1.0.55:33447|dataStream:|priority:1], old=null
2021-08-14 13:13:34,903 [e0461867-c40b-41c5-9b61-f214c62ad697@group-DE69629266FD-FollowerState] INFO  impl.FollowerState (FollowerState.java:run(134)) - e0461867-c40b-41c5-9b61-f214c62ad697@group-DE69629266FD-FollowerState: change to CANDIDATE, lastRpcElapsedTime:5203049290ns, electionTimeout:5153ms
2021-08-14 13:13:34,903 [e0461867-c40b-41c5-9b61-f214c62ad697@group-DE69629266FD-FollowerState] INFO  impl.RoleInfo (RoleInfo.java:shutdownFollowerState(108)) - e0461867-c40b-41c5-9b61-f214c62ad697: shutdown e0461867-c40b-41c5-9b61-f214c62ad697@group-DE69629266FD-FollowerState
2021-08-14 13:13:34,904 [e0461867-c40b-41c5-9b61-f214c62ad697@group-DE69629266FD-FollowerState] INFO  server.RaftServer$Division (RaftServerImpl.java:setRole(285)) - e0461867-c40b-41c5-9b61-f214c62ad697@group-DE69629266FD: changes role from  FOLLOWER to CANDIDATE at term 1 for changeToCandidate
2021-08-14 13:13:34,931 [4d27dd3d-8fa8-4cac-ba0e-fb7e7cb7d3eb@group-DE69629266FD-FollowerState] INFO  impl.FollowerState (FollowerState.java:run(134)) - 4d27dd3d-8fa8-4cac-ba0e-fb7e7cb7d3eb@group-DE69629266FD-FollowerState: change to CANDIDATE, lastRpcElapsedTime:5182238566ns, electionTimeout:5173ms
2021-08-14 13:13:34,939 [e0461867-c40b-41c5-9b61-f214c62ad697@group-DE69629266FD-FollowerState] INFO  server.RaftServerConfigKeys (ConfUtils.java:logGet(44)) - raft.server.leaderelection.pre-vote = false (custom)
2021-08-14 13:13:34,939 [e0461867-c40b-41c5-9b61-f214c62ad697@group-DE69629266FD-FollowerState] INFO  impl.RoleInfo (RoleInfo.java:updateAndGet(130)) - e0461867-c40b-41c5-9b61-f214c62ad697: start e0461867-c40b-41c5-9b61-f214c62ad697@group-DE69629266FD-LeaderElection31
2021-08-14 13:13:34,953 [4d27dd3d-8fa8-4cac-ba0e-fb7e7cb7d3eb@group-DE69629266FD-FollowerState] INFO  impl.RoleInfo (RoleInfo.java:shutdownFollowerState(108)) - 4d27dd3d-8fa8-4cac-ba0e-fb7e7cb7d3eb: shutdown 4d27dd3d-8fa8-4cac-ba0e-fb7e7cb7d3eb@group-DE69629266FD-FollowerState
2021-08-14 13:13:34,953 [4d27dd3d-8fa8-4cac-ba0e-fb7e7cb7d3eb@group-DE69629266FD-FollowerState] INFO  server.RaftServer$Division (RaftServerImpl.java:setRole(285)) - 4d27dd3d-8fa8-4cac-ba0e-fb7e7cb7d3eb@group-DE69629266FD: changes role from  FOLLOWER to CANDIDATE at term 1 for changeToCandidate
2021-08-14 13:13:34,954 [4d27dd3d-8fa8-4cac-ba0e-fb7e7cb7d3eb@group-DE69629266FD-FollowerState] INFO  server.RaftServerConfigKeys (ConfUtils.java:logGet(44)) - raft.server.leaderelection.pre-vote = false (custom)
2021-08-14 13:13:34,954 [4d27dd3d-8fa8-4cac-ba0e-fb7e7cb7d3eb@group-DE69629266FD-FollowerState] INFO  impl.RoleInfo (RoleInfo.java:updateAndGet(130)) - 4d27dd3d-8fa8-4cac-ba0e-fb7e7cb7d3eb: start 4d27dd3d-8fa8-4cac-ba0e-fb7e7cb7d3eb@group-DE69629266FD-LeaderElection32
2021-08-14 13:13:34,963 [4d27dd3d-8fa8-4cac-ba0e-fb7e7cb7d3eb@group-DE69629266FD-LeaderElection32] INFO  impl.LeaderElection (LeaderElection.java:askForVotes(306)) - 4d27dd3d-8fa8-4cac-ba0e-fb7e7cb7d3eb@group-DE69629266FD-LeaderElection32 ELECTION round 0: submit vote requests at term 2 for -1: [5a2b7d47-d7f5-4736-a3b5-5700bf8b4a86|rpc:10.1.0.55:39961|dataStream:|priority:0, e0461867-c40b-41c5-9b61-f214c62ad697|rpc:10.1.0.55:34679|dataStream:|priority:0, 4d27dd3d-8fa8-4cac-ba0e-fb7e7cb7d3eb|rpc:10.1.0.55:33447|dataStream:|priority:1], old=null
2021-08-14 13:13:34,978 [grpc-default-executor-3] INFO  server.RaftServer$Division (RaftServerImpl.java:requestVote(1043)) - 4d27dd3d-8fa8-4cac-ba0e-fb7e7cb7d3eb@group-DE69629266FD: receive requestVote(ELECTION, 5a2b7d47-d7f5-4736-a3b5-5700bf8b4a86, group-DE69629266FD, 2, (t:0, i:0))
2021-08-14 13:13:34,978 [grpc-default-executor-3] INFO  impl.VoteContext (VoteContext.java:log(48)) - 4d27dd3d-8fa8-4cac-ba0e-fb7e7cb7d3eb@group-DE69629266FD-CANDIDATE: reject ELECTION from 5a2b7d47-d7f5-4736-a3b5-5700bf8b4a86: already has voted for 4d27dd3d-8fa8-4cac-ba0e-fb7e7cb7d3eb at current term 2
2021-08-14 13:13:34,978 [grpc-default-executor-3] INFO  server.RaftServer$Division (RaftServerImpl.java:requestVote(1075)) - 4d27dd3d-8fa8-4cac-ba0e-fb7e7cb7d3eb@group-DE69629266FD replies to ELECTION vote request: 5a2b7d47-d7f5-4736-a3b5-5700bf8b4a86<-4d27dd3d-8fa8-4cac-ba0e-fb7e7cb7d3eb#0:FAIL-t2. Peer's state: 4d27dd3d-8fa8-4cac-ba0e-fb7e7cb7d3eb@group-DE69629266FD:t2, leader=null, voted=4d27dd3d-8fa8-4cac-ba0e-fb7e7cb7d3eb, raftlog=4d27dd3d-8fa8-4cac-ba0e-fb7e7cb7d3eb@group-DE69629266FD-SegmentedRaftLog:OPENED:c-1,f-1,i0, conf=-1: [5a2b7d47-d7f5-4736-a3b5-5700bf8b4a86|rpc:10.1.0.55:39961|dataStream:|priority:0, e0461867-c40b-41c5-9b61-f214c62ad697|rpc:10.1.0.55:34679|dataStream:|priority:0, 4d27dd3d-8fa8-4cac-ba0e-fb7e7cb7d3eb|rpc:10.1.0.55:33447|dataStream:|priority:1], old=null
2021-08-14 13:13:34,980 [grpc-default-executor-0] INFO  server.RaftServer$Division (RaftServerImpl.java:requestVote(1043)) - 5a2b7d47-d7f5-4736-a3b5-5700bf8b4a86@group-DE69629266FD: receive requestVote(ELECTION, 4d27dd3d-8fa8-4cac-ba0e-fb7e7cb7d3eb, group-DE69629266FD, 2, (t:0, i:0))
2021-08-14 13:13:34,982 [grpc-default-executor-0] INFO  impl.VoteContext (VoteContext.java:log(48)) - 5a2b7d47-d7f5-4736-a3b5-5700bf8b4a86@group-DE69629266FD-CANDIDATE: reject ELECTION from 4d27dd3d-8fa8-4cac-ba0e-fb7e7cb7d3eb: already has voted for 5a2b7d47-d7f5-4736-a3b5-5700bf8b4a86 at current term 2
2021-08-14 13:13:34,982 [grpc-default-executor-0] INFO  server.RaftServer$Division (RaftServerImpl.java:requestVote(1075)) - 5a2b7d47-d7f5-4736-a3b5-5700bf8b4a86@group-DE69629266FD replies to ELECTION vote request: 4d27dd3d-8fa8-4cac-ba0e-fb7e7cb7d3eb<-5a2b7d47-d7f5-4736-a3b5-5700bf8b4a86#0:FAIL-t2. Peer's state: 5a2b7d47-d7f5-4736-a3b5-5700bf8b4a86@group-DE69629266FD:t2, leader=null, voted=5a2b7d47-d7f5-4736-a3b5-5700bf8b4a86, raftlog=5a2b7d47-d7f5-4736-a3b5-5700bf8b4a86@group-DE69629266FD-SegmentedRaftLog:OPENED:c-1,f-1,i0, conf=-1: [5a2b7d47-d7f5-4736-a3b5-5700bf8b4a86|rpc:10.1.0.55:39961|dataStream:|priority:0, e0461867-c40b-41c5-9b61-f214c62ad697|rpc:10.1.0.55:34679|dataStream:|priority:0, 4d27dd3d-8fa8-4cac-ba0e-fb7e7cb7d3eb|rpc:10.1.0.55:33447|dataStream:|priority:1], old=null
2021-08-14 13:13:34,981 [5a2b7d47-d7f5-4736-a3b5-5700bf8b4a86@group-DE69629266FD-LeaderElection30] INFO  impl.LeaderElection (LeaderElection.java:logAndReturn(89)) - 5a2b7d47-d7f5-4736-a3b5-5700bf8b4a86@group-DE69629266FD-LeaderElection30: ELECTION REJECTED received 1 response(s) and 0 exception(s):
2021-08-14 13:13:35,007 [5a2b7d47-d7f5-4736-a3b5-5700bf8b4a86@group-DE69629266FD-LeaderElection30] INFO  impl.LeaderElection (LeaderElection.java:logAndReturn(93)) -   Response 0: 5a2b7d47-d7f5-4736-a3b5-5700bf8b4a86<-4d27dd3d-8fa8-4cac-ba0e-fb7e7cb7d3eb#0:FAIL-t2
2021-08-14 13:13:35,007 [5a2b7d47-d7f5-4736-a3b5-5700bf8b4a86@group-DE69629266FD-LeaderElection30] INFO  impl.LeaderElection (LeaderElection.java:askForVotes(308)) - 5a2b7d47-d7f5-4736-a3b5-5700bf8b4a86@group-DE69629266FD-LeaderElection30 ELECTION round 0: result REJECTED
2021-08-14 13:13:35,007 [5a2b7d47-d7f5-4736-a3b5-5700bf8b4a86@group-DE69629266FD-LeaderElection30] INFO  server.RaftServer$Division (RaftServerImpl.java:setRole(285)) - 5a2b7d47-d7f5-4736-a3b5-5700bf8b4a86@group-DE69629266FD: changes role from CANDIDATE to FOLLOWER at term 2 for REJECTED
2021-08-14 13:13:35,007 [5a2b7d47-d7f5-4736-a3b5-5700bf8b4a86@group-DE69629266FD-LeaderElection30] INFO  impl.RoleInfo (RoleInfo.java:shutdownLeaderElection(121)) - 5a2b7d47-d7f5-4736-a3b5-5700bf8b4a86: shutdown 5a2b7d47-d7f5-4736-a3b5-5700bf8b4a86@group-DE69629266FD-LeaderElection30
2021-08-14 13:13:35,007 [5a2b7d47-d7f5-4736-a3b5-5700bf8b4a86@group-DE69629266FD-LeaderElection30] INFO  impl.RoleInfo (RoleInfo.java:updateAndGet(130)) - 5a2b7d47-d7f5-4736-a3b5-5700bf8b4a86: start 5a2b7d47-d7f5-4736-a3b5-5700bf8b4a86@group-DE69629266FD-FollowerState
2021-08-14 13:13:34,989 [grpc-default-executor-3] INFO  server.RaftServer$Division (RaftServerImpl.java:requestVote(1043)) - e0461867-c40b-41c5-9b61-f214c62ad697@group-DE69629266FD: receive requestVote(ELECTION, 4d27dd3d-8fa8-4cac-ba0e-fb7e7cb7d3eb, group-DE69629266FD, 2, (t:0, i:0))
2021-08-14 13:13:35,023 [grpc-default-executor-3] INFO  impl.VoteContext (VoteContext.java:log(48)) - e0461867-c40b-41c5-9b61-f214c62ad697@group-DE69629266FD-CANDIDATE: reject ELECTION from 4d27dd3d-8fa8-4cac-ba0e-fb7e7cb7d3eb: already has voted for e0461867-c40b-41c5-9b61-f214c62ad697 at current term 2
2021-08-14 13:13:35,023 [grpc-default-executor-3] INFO  server.RaftServer$Division (RaftServerImpl.java:requestVote(1075)) - e0461867-c40b-41c5-9b61-f214c62ad697@group-DE69629266FD replies to ELECTION vote request: 4d27dd3d-8fa8-4cac-ba0e-fb7e7cb7d3eb<-e0461867-c40b-41c5-9b61-f214c62ad697#0:FAIL-t2. Peer's state: e0461867-c40b-41c5-9b61-f214c62ad697@group-DE69629266FD:t2, leader=null, voted=e0461867-c40b-41c5-9b61-f214c62ad697, raftlog=e0461867-c40b-41c5-9b61-f214c62ad697@group-DE69629266FD-SegmentedRaftLog:OPENED:c-1,f-1,i0, conf=-1: [5a2b7d47-d7f5-4736-a3b5-5700bf8b4a86|rpc:10.1.0.55:39961|priority:0, e0461867-c40b-41c5-9b61-f214c62ad697|rpc:10.1.0.55:34679|priority:0, 4d27dd3d-8fa8-4cac-ba0e-fb7e7cb7d3eb|rpc:10.1.0.55:33447|priority:1], old=null
2021-08-14 13:13:35,016 [e0461867-c40b-41c5-9b61-f214c62ad697@group-DE69629266FD-LeaderElection31] INFO  impl.LeaderElection (LeaderElection.java:askForVotes(306)) - e0461867-c40b-41c5-9b61-f214c62ad697@group-DE69629266FD-LeaderElection31 ELECTION round 0: submit vote requests at term 2 for -1: [5a2b7d47-d7f5-4736-a3b5-5700bf8b4a86|rpc:10.1.0.55:39961|priority:0, e0461867-c40b-41c5-9b61-f214c62ad697|rpc:10.1.0.55:34679|priority:0, 4d27dd3d-8fa8-4cac-ba0e-fb7e7cb7d3eb|rpc:10.1.0.55:33447|priority:1], old=null
2021-08-14 13:13:35,025 [4d27dd3d-8fa8-4cac-ba0e-fb7e7cb7d3eb@group-DE69629266FD-LeaderElection32] INFO  impl.LeaderElection (LeaderElection.java:logAndReturn(89)) - 4d27dd3d-8fa8-4cac-ba0e-fb7e7cb7d3eb@group-DE69629266FD-LeaderElection32: ELECTION REJECTED received 2 response(s) and 0 exception(s):
2021-08-14 13:13:35,035 [4d27dd3d-8fa8-4cac-ba0e-fb7e7cb7d3eb@group-DE69629266FD-LeaderElection32] INFO  impl.LeaderElection (LeaderElection.java:logAndReturn(93)) -   Response 0: 4d27dd3d-8fa8-4cac-ba0e-fb7e7cb7d3eb<-5a2b7d47-d7f5-4736-a3b5-5700bf8b4a86#0:FAIL-t2
2021-08-14 13:13:35,035 [4d27dd3d-8fa8-4cac-ba0e-fb7e7cb7d3eb@group-DE69629266FD-LeaderElection32] INFO  impl.LeaderElection (LeaderElection.java:logAndReturn(93)) -   Response 1: 4d27dd3d-8fa8-4cac-ba0e-fb7e7cb7d3eb<-e0461867-c40b-41c5-9b61-f214c62ad697#0:FAIL-t2
2021-08-14 13:13:35,035 [grpc-default-executor-3] INFO  server.RaftServer$Division (RaftServerImpl.java:requestVote(1043)) - 5a2b7d47-d7f5-4736-a3b5-5700bf8b4a86@group-DE69629266FD: receive requestVote(ELECTION, e0461867-c40b-41c5-9b61-f214c62ad697, group-DE69629266FD, 2, (t:0, i:0))
2021-08-14 13:13:35,035 [grpc-default-executor-3] INFO  impl.VoteContext (VoteContext.java:log(48)) - 5a2b7d47-d7f5-4736-a3b5-5700bf8b4a86@group-DE69629266FD-FOLLOWER: reject ELECTION from e0461867-c40b-41c5-9b61-f214c62ad697: already has voted for 5a2b7d47-d7f5-4736-a3b5-5700bf8b4a86 at current term 2
2021-08-14 13:13:35,035 [grpc-default-executor-3] INFO  server.RaftServer$Division (RaftServerImpl.java:requestVote(1075)) - 5a2b7d47-d7f5-4736-a3b5-5700bf8b4a86@group-DE69629266FD replies to ELECTION vote request: e0461867-c40b-41c5-9b61-f214c62ad697<-5a2b7d47-d7f5-4736-a3b5-5700bf8b4a86#0:FAIL-t2. Peer's state: 5a2b7d47-d7f5-4736-a3b5-5700bf8b4a86@group-DE69629266FD:t2, leader=null, voted=5a2b7d47-d7f5-4736-a3b5-5700bf8b4a86, raftlog=5a2b7d47-d7f5-4736-a3b5-5700bf8b4a86@group-DE69629266FD-SegmentedRaftLog:OPENED:c-1,f-1,i0, conf=-1: [5a2b7d47-d7f5-4736-a3b5-5700bf8b4a86|rpc:10.1.0.55:39961|dataStream:|priority:0, e0461867-c40b-41c5-9b61-f214c62ad697|rpc:10.1.0.55:34679|dataStream:|priority:0, 4d27dd3d-8fa8-4cac-ba0e-fb7e7cb7d3eb|rpc:10.1.0.55:33447|dataStream:|priority:1], old=null
2021-08-14 13:13:35,035 [4d27dd3d-8fa8-4cac-ba0e-fb7e7cb7d3eb@group-DE69629266FD-LeaderElection32] INFO  impl.LeaderElection (LeaderElection.java:askForVotes(308)) - 4d27dd3d-8fa8-4cac-ba0e-fb7e7cb7d3eb@group-DE69629266FD-LeaderElection32 ELECTION round 0: result REJECTED
2021-08-14 13:13:35,036 [4d27dd3d-8fa8-4cac-ba0e-fb7e7cb7d3eb@group-DE69629266FD-LeaderElection32] INFO  server.RaftServer$Division (RaftServerImpl.java:setRole(285)) - 4d27dd3d-8fa8-4cac-ba0e-fb7e7cb7d3eb@group-DE69629266FD: changes role from CANDIDATE to FOLLOWER at term 2 for REJECTED
2021-08-14 13:13:35,036 [4d27dd3d-8fa8-4cac-ba0e-fb7e7cb7d3eb@group-DE69629266FD-LeaderElection32] INFO  impl.RoleInfo (RoleInfo.java:shutdownLeaderElection(121)) - 4d27dd3d-8fa8-4cac-ba0e-fb7e7cb7d3eb: shutdown 4d27dd3d-8fa8-4cac-ba0e-fb7e7cb7d3eb@group-DE69629266FD-LeaderElection32
2021-08-14 13:13:35,036 [4d27dd3d-8fa8-4cac-ba0e-fb7e7cb7d3eb@group-DE69629266FD-LeaderElection32] INFO  impl.RoleInfo (RoleInfo.java:updateAndGet(130)) - 4d27dd3d-8fa8-4cac-ba0e-fb7e7cb7d3eb: start 4d27dd3d-8fa8-4cac-ba0e-fb7e7cb7d3eb@group-DE69629266FD-FollowerState
2021-08-14 13:13:35,067 [grpc-default-executor-2] INFO  server.RaftServer$Division (RaftServerImpl.java:requestVote(1043)) - e0461867-c40b-41c5-9b61-f214c62ad697@group-DE69629266FD: receive requestVote(ELECTION, 5a2b7d47-d7f5-4736-a3b5-5700bf8b4a86, group-DE69629266FD, 2, (t:0, i:0))
2021-08-14 13:13:35,067 [grpc-default-executor-2] INFO  impl.VoteContext (VoteContext.java:log(48)) - e0461867-c40b-41c5-9b61-f214c62ad697@group-DE69629266FD-CANDIDATE: reject ELECTION from 5a2b7d47-d7f5-4736-a3b5-5700bf8b4a86: already has voted for e0461867-c40b-41c5-9b61-f214c62ad697 at current term 2
2021-08-14 13:13:35,068 [grpc-default-executor-2] INFO  server.RaftServer$Division (RaftServerImpl.java:requestVote(1075)) - e0461867-c40b-41c5-9b61-f214c62ad697@group-DE69629266FD replies to ELECTION vote request: 5a2b7d47-d7f5-4736-a3b5-5700bf8b4a86<-e0461867-c40b-41c5-9b61-f214c62ad697#0:FAIL-t2. Peer's state: e0461867-c40b-41c5-9b61-f214c62ad697@group-DE69629266FD:t2, leader=null, voted=e0461867-c40b-41c5-9b61-f214c62ad697, raftlog=e0461867-c40b-41c5-9b61-f214c62ad697@group-DE69629266FD-SegmentedRaftLog:OPENED:c-1,f-1,i0, conf=-1: [5a2b7d47-d7f5-4736-a3b5-5700bf8b4a86|rpc:10.1.0.55:39961|priority:0, e0461867-c40b-41c5-9b61-f214c62ad697|rpc:10.1.0.55:34679|priority:0, 4d27dd3d-8fa8-4cac-ba0e-fb7e7cb7d3eb|rpc:10.1.0.55:33447|priority:1], old=null
2021-08-14 13:13:35,067 [grpc-default-executor-3] INFO  server.RaftServer$Division (RaftServerImpl.java:requestVote(1043)) - 4d27dd3d-8fa8-4cac-ba0e-fb7e7cb7d3eb@group-DE69629266FD: receive requestVote(ELECTION, e0461867-c40b-41c5-9b61-f214c62ad697, group-DE69629266FD, 2, (t:0, i:0))
2021-08-14 13:13:35,068 [grpc-default-executor-3] INFO  impl.VoteContext (VoteContext.java:log(48)) - 4d27dd3d-8fa8-4cac-ba0e-fb7e7cb7d3eb@group-DE69629266FD-FOLLOWER: reject ELECTION from e0461867-c40b-41c5-9b61-f214c62ad697: already has voted for 4d27dd3d-8fa8-4cac-ba0e-fb7e7cb7d3eb at current term 2
2021-08-14 13:13:35,068 [grpc-default-executor-3] INFO  server.RaftServer$Division (RaftServerImpl.java:requestVote(1075)) - 4d27dd3d-8fa8-4cac-ba0e-fb7e7cb7d3eb@group-DE69629266FD replies to ELECTION vote request: e0461867-c40b-41c5-9b61-f214c62ad697<-4d27dd3d-8fa8-4cac-ba0e-fb7e7cb7d3eb#0:FAIL-t2. Peer's state: 4d27dd3d-8fa8-4cac-ba0e-fb7e7cb7d3eb@group-DE69629266FD:t2, leader=null, voted=4d27dd3d-8fa8-4cac-ba0e-fb7e7cb7d3eb, raftlog=4d27dd3d-8fa8-4cac-ba0e-fb7e7cb7d3eb@group-DE69629266FD-SegmentedRaftLog:OPENED:c-1,f-1,i0, conf=-1: [5a2b7d47-d7f5-4736-a3b5-5700bf8b4a86|rpc:10.1.0.55:39961|dataStream:|priority:0, e0461867-c40b-41c5-9b61-f214c62ad697|rpc:10.1.0.55:34679|dataStream:|priority:0, 4d27dd3d-8fa8-4cac-ba0e-fb7e7cb7d3eb|rpc:10.1.0.55:33447|dataStream:|priority:1], old=null
2021-08-14 13:13:35,072 [e0461867-c40b-41c5-9b61-f214c62ad697@group-DE69629266FD-LeaderElection31] INFO  impl.LeaderElection (LeaderElection.java:logAndReturn(89)) - e0461867-c40b-41c5-9b61-f214c62ad697@group-DE69629266FD-LeaderElection31: ELECTION REJECTED received 2 response(s) and 0 exception(s):
2021-08-14 13:13:35,072 [e0461867-c40b-41c5-9b61-f214c62ad697@group-DE69629266FD-LeaderElection31] INFO  impl.LeaderElection (LeaderElection.java:logAndReturn(93)) -   Response 0: e0461867-c40b-41c5-9b61-f214c62ad697<-5a2b7d47-d7f5-4736-a3b5-5700bf8b4a86#0:FAIL-t2
2021-08-14 13:13:35,072 [e0461867-c40b-41c5-9b61-f214c62ad697@group-DE69629266FD-LeaderElection31] INFO  impl.LeaderElection (LeaderElection.java:logAndReturn(93)) -   Response 1: e0461867-c40b-41c5-9b61-f214c62ad697<-4d27dd3d-8fa8-4cac-ba0e-fb7e7cb7d3eb#0:FAIL-t2
2021-08-14 13:13:35,072 [e0461867-c40b-41c5-9b61-f214c62ad697@group-DE69629266FD-LeaderElection31] INFO  impl.LeaderElection (LeaderElection.java:askForVotes(308)) - e0461867-c40b-41c5-9b61-f214c62ad697@group-DE69629266FD-LeaderElection31 ELECTION round 0: result REJECTED
2021-08-14 13:13:35,072 [e0461867-c40b-41c5-9b61-f214c62ad697@group-DE69629266FD-LeaderElection31] INFO  server.RaftServer$Division (RaftServerImpl.java:setRole(285)) - e0461867-c40b-41c5-9b61-f214c62ad697@group-DE69629266FD: changes role from CANDIDATE to FOLLOWER at term 2 for REJECTED
2021-08-14 13:13:35,072 [e0461867-c40b-41c5-9b61-f214c62ad697@group-DE69629266FD-LeaderElection31] INFO  impl.RoleInfo (RoleInfo.java:shutdownLeaderElection(121)) - e0461867-c40b-41c5-9b61-f214c62ad697: shutdown e0461867-c40b-41c5-9b61-f214c62ad697@group-DE69629266FD-LeaderElection31
2021-08-14 13:13:35,073 [e0461867-c40b-41c5-9b61-f214c62ad697@group-DE69629266FD-LeaderElection31] INFO  impl.RoleInfo (RoleInfo.java:updateAndGet(130)) - e0461867-c40b-41c5-9b61-f214c62ad697: start e0461867-c40b-41c5-9b61-f214c62ad697@group-DE69629266FD-FollowerState
2021-08-14 13:13:35,482 [Command processor thread] INFO  server.RaftServer (RaftServerProxy.java:remove(106)) - 5a2b7d47-d7f5-4736-a3b5-5700bf8b4a86: remove  FOLLOWER 5a2b7d47-d7f5-4736-a3b5-5700bf8b4a86@group-137C40BDB21D:t1, leader=e0461867-c40b-41c5-9b61-f214c62ad697, voted=e0461867-c40b-41c5-9b61-f214c62ad697, raftlog=5a2b7d47-d7f5-4736-a3b5-5700bf8b4a86@group-137C40BDB21D-SegmentedRaftLog:OPENED:c0,f0,i0, conf=0: [5a2b7d47-d7f5-4736-a3b5-5700bf8b4a86|rpc:10.1.0.55:39961|dataStream:|priority:0, e0461867-c40b-41c5-9b61-f214c62ad697|rpc:10.1.0.55:34679|dataStream:|priority:1, 4d27dd3d-8fa8-4cac-ba0e-fb7e7cb7d3eb|rpc:10.1.0.55:33447|dataStream:|priority:0], old=null RUNNING
2021-08-14 13:13:35,502 [Command processor thread] INFO  server.RaftServer$Division (RaftServerImpl.java:lambda$close$4(407)) - 5a2b7d47-d7f5-4736-a3b5-5700bf8b4a86@group-137C40BDB21D: shutdown
2021-08-14 13:13:35,503 [Command processor thread] INFO  util.JmxRegister (JmxRegister.java:unregister(73)) - Successfully un-registered JMX Bean with object name Ratis:service=RaftServer,group=group-137C40BDB21D,id=5a2b7d47-d7f5-4736-a3b5-5700bf8b4a86
2021-08-14 13:13:35,503 [Command processor thread] INFO  impl.RoleInfo (RoleInfo.java:shutdownFollowerState(108)) - 5a2b7d47-d7f5-4736-a3b5-5700bf8b4a86: shutdown 5a2b7d47-d7f5-4736-a3b5-5700bf8b4a86@group-137C40BDB21D-FollowerState
2021-08-14 13:13:35,503 [Command processor thread] INFO  impl.StateMachineUpdater (StateMachineUpdater.java:stopAndJoin(149)) - 5a2b7d47-d7f5-4736-a3b5-5700bf8b4a86@group-137C40BDB21D-StateMachineUpdater: set stopIndex = 0
2021-08-14 13:13:35,503 [5a2b7d47-d7f5-4736-a3b5-5700bf8b4a86@group-137C40BDB21D-FollowerState] INFO  impl.FollowerState (FollowerState.java:run(143)) - 5a2b7d47-d7f5-4736-a3b5-5700bf8b4a86@group-137C40BDB21D-FollowerState was interrupted: {}
java.lang.InterruptedException: sleep interrupted
	at java.lang.Thread.sleep(Native Method)
	at java.lang.Thread.sleep(Thread.java:340)
	at java.util.concurrent.TimeUnit.sleep(TimeUnit.java:386)
	at org.apache.ratis.util.TimeDuration.sleep(TimeDuration.java:324)
	at org.apache.ratis.util.TimeDuration.sleep(TimeDuration.java:309)
	at org.apache.ratis.server.impl.FollowerState.run(FollowerState.java:118)
2021-08-14 13:13:35,503 [5a2b7d47-d7f5-4736-a3b5-5700bf8b4a86@group-137C40BDB21D-StateMachineUpdater] INFO  ratis.ContainerStateMachine (ContainerStateMachine.java:takeSnapshot(293)) - group-137C40BDB21D: Taking a snapshot at:(t:1, i:0) file /home/runner/work/ozone/ozone/hadoop-ozone/integration-test/target/test-dir/MiniOzoneClusterImpl-d039c420-9dd2-4032-a768-5c23a44c40fe/datanode-2/data/ratis/cba15c6e-d2ed-4235-8452-137c40bdb21d/sm/snapshot.1_0
2021-08-14 13:13:35,567 [5a2b7d47-d7f5-4736-a3b5-5700bf8b4a86@group-137C40BDB21D-StateMachineUpdater] INFO  ratis.ContainerStateMachine (ContainerStateMachine.java:takeSnapshot(304)) - group-137C40BDB21D: Finished taking a snapshot at:(t:1, i:0) file:/home/runner/work/ozone/ozone/hadoop-ozone/integration-test/target/test-dir/MiniOzoneClusterImpl-d039c420-9dd2-4032-a768-5c23a44c40fe/datanode-2/data/ratis/cba15c6e-d2ed-4235-8452-137c40bdb21d/sm/snapshot.1_0 took: 63 ms
2021-08-14 13:13:35,567 [5a2b7d47-d7f5-4736-a3b5-5700bf8b4a86@group-137C40BDB21D-StateMachineUpdater] INFO  impl.StateMachineUpdater (StateMachineUpdater.java:takeSnapshot(281)) - 5a2b7d47-d7f5-4736-a3b5-5700bf8b4a86@group-137C40BDB21D-StateMachineUpdater: Took a snapshot at index 0
2021-08-14 13:13:35,567 [5a2b7d47-d7f5-4736-a3b5-5700bf8b4a86@group-137C40BDB21D-StateMachineUpdater] INFO  impl.StateMachineUpdater (StateMachineUpdater.java:lambda$new$0(89)) - 5a2b7d47-d7f5-4736-a3b5-5700bf8b4a86@group-137C40BDB21D-StateMachineUpdater: snapshotIndex: updateIncreasingly -1 -> 0
2021-08-14 13:13:35,568 [Command processor thread] INFO  server.RaftServer$Division (ServerState.java:close(419)) - 5a2b7d47-d7f5-4736-a3b5-5700bf8b4a86@group-137C40BDB21D: closes. applyIndex: 0
2021-08-14 13:13:35,568 [5a2b7d47-d7f5-4736-a3b5-5700bf8b4a86@group-137C40BDB21D-SegmentedRaftLogWorker] INFO  segmented.SegmentedRaftLogWorker (SegmentedRaftLogWorker.java:run(327)) - 5a2b7d47-d7f5-4736-a3b5-5700bf8b4a86@group-137C40BDB21D-SegmentedRaftLogWorker was interrupted, exiting. There are 0 tasks remaining in the queue.
2021-08-14 13:13:35,570 [Command processor thread] INFO  segmented.SegmentedRaftLogWorker (SegmentedRaftLogWorker.java:close(237)) - 5a2b7d47-d7f5-4736-a3b5-5700bf8b4a86@group-137C40BDB21D-SegmentedRaftLogWorker close()
2021-08-14 13:13:35,636 [Command processor thread] INFO  server.RaftServer$Division (RaftServerImpl.java:groupRemove(377)) - 5a2b7d47-d7f5-4736-a3b5-5700bf8b4a86@group-137C40BDB21D: Succeed to remove RaftStorageDirectory Storage Directory /home/runner/work/ozone/ozone/hadoop-ozone/integration-test/target/test-dir/MiniOzoneClusterImpl-d039c420-9dd2-4032-a768-5c23a44c40fe/datanode-2/data/ratis/cba15c6e-d2ed-4235-8452-137c40bdb21d
2021-08-14 13:13:35,636 [Command processor thread] INFO  commandhandler.ClosePipelineCommandHandler (ClosePipelineCommandHandler.java:handle(75)) - Close Pipeline PipelineID=cba15c6e-d2ed-4235-8452-137c40bdb21d command on datanode 5a2b7d47-d7f5-4736-a3b5-5700bf8b4a86.
2021-08-14 13:13:38,253 [Listener at 127.0.0.1/44917] INFO  ozoneimpl.OzoneContainer (OzoneContainer.java:stop(326)) - Attempting to stop container services.
2021-08-14 13:13:38,254 [Listener at 127.0.0.1/44917] INFO  server.RaftServer (RaftServerProxy.java:lambda$close$6(391)) - 4d27dd3d-8fa8-4cac-ba0e-fb7e7cb7d3eb: close
2021-08-14 13:13:38,254 [Listener at 127.0.0.1/44917] INFO  server.RaftServer$Division (RaftServerImpl.java:lambda$close$4(407)) - 4d27dd3d-8fa8-4cac-ba0e-fb7e7cb7d3eb@group-5792A1F81081: shutdown
2021-08-14 13:13:38,255 [Listener at 127.0.0.1/44917] INFO  util.JmxRegister (JmxRegister.java:unregister(73)) - Successfully un-registered JMX Bean with object name Ratis:service=RaftServer,group=group-5792A1F81081,id=4d27dd3d-8fa8-4cac-ba0e-fb7e7cb7d3eb
2021-08-14 13:13:38,255 [Listener at 127.0.0.1/44917] INFO  impl.RoleInfo (RoleInfo.java:shutdownLeaderState(91)) - 4d27dd3d-8fa8-4cac-ba0e-fb7e7cb7d3eb: shutdown 4d27dd3d-8fa8-4cac-ba0e-fb7e7cb7d3eb@group-5792A1F81081-LeaderStateImpl
2021-08-14 13:13:38,255 [Listener at 127.0.0.1/44917] INFO  impl.PendingRequests (PendingRequests.java:sendNotLeaderResponses(282)) - 4d27dd3d-8fa8-4cac-ba0e-fb7e7cb7d3eb@group-5792A1F81081-PendingRequests: sendNotLeaderResponses
2021-08-14 13:13:38,256 [4d27dd3d-8fa8-4cac-ba0e-fb7e7cb7d3eb@group-5792A1F81081-StateMachineUpdater] INFO  ratis.ContainerStateMachine (ContainerStateMachine.java:takeSnapshot(293)) - group-5792A1F81081: Taking a snapshot at:(t:1, i:0) file /home/runner/work/ozone/ozone/hadoop-ozone/integration-test/target/test-dir/MiniOzoneClusterImpl-d039c420-9dd2-4032-a768-5c23a44c40fe/datanode-1/data/ratis/fa11fd05-95a8-4ce4-9cc5-5792a1f81081/sm/snapshot.1_0
2021-08-14 13:13:38,257 [Listener at 127.0.0.1/44917] INFO  impl.StateMachineUpdater (StateMachineUpdater.java:stopAndJoin(149)) - 4d27dd3d-8fa8-4cac-ba0e-fb7e7cb7d3eb@group-5792A1F81081-StateMachineUpdater: set stopIndex = 0
2021-08-14 13:13:38,257 [4d27dd3d-8fa8-4cac-ba0e-fb7e7cb7d3eb@group-5792A1F81081-StateMachineUpdater] INFO  ratis.ContainerStateMachine (ContainerStateMachine.java:takeSnapshot(304)) - group-5792A1F81081: Finished taking a snapshot at:(t:1, i:0) file:/home/runner/work/ozone/ozone/hadoop-ozone/integration-test/target/test-dir/MiniOzoneClusterImpl-d039c420-9dd2-4032-a768-5c23a44c40fe/datanode-1/data/ratis/fa11fd05-95a8-4ce4-9cc5-5792a1f81081/sm/snapshot.1_0 took: 0 ms
2021-08-14 13:13:38,258 [4d27dd3d-8fa8-4cac-ba0e-fb7e7cb7d3eb@group-5792A1F81081-StateMachineUpdater] INFO  impl.StateMachineUpdater (StateMachineUpdater.java:takeSnapshot(281)) - 4d27dd3d-8fa8-4cac-ba0e-fb7e7cb7d3eb@group-5792A1F81081-StateMachineUpdater: Took a snapshot at index 0
2021-08-14 13:13:38,258 [4d27dd3d-8fa8-4cac-ba0e-fb7e7cb7d3eb@group-5792A1F81081-StateMachineUpdater] INFO  impl.StateMachineUpdater (StateMachineUpdater.java:lambda$new$0(89)) - 4d27dd3d-8fa8-4cac-ba0e-fb7e7cb7d3eb@group-5792A1F81081-StateMachineUpdater: snapshotIndex: updateIncreasingly -1 -> 0
2021-08-14 13:13:38,258 [Listener at 127.0.0.1/44917] INFO  server.RaftServer$Division (ServerState.java:close(419)) - 4d27dd3d-8fa8-4cac-ba0e-fb7e7cb7d3eb@group-5792A1F81081: closes. applyIndex: 0
2021-08-14 13:13:38,258 [4d27dd3d-8fa8-4cac-ba0e-fb7e7cb7d3eb@group-5792A1F81081-SegmentedRaftLogWorker] INFO  segmented.SegmentedRaftLogWorker (SegmentedRaftLogWorker.java:run(327)) - 4d27dd3d-8fa8-4cac-ba0e-fb7e7cb7d3eb@group-5792A1F81081-SegmentedRaftLogWorker was interrupted, exiting. There are 0 tasks remaining in the queue.
2021-08-14 13:13:38,262 [ForkJoinPool.commonPool-worker-1] INFO  ozoneimpl.OzoneContainer (OzoneContainer.java:stop(326)) - Attempting to stop container services.
2021-08-14 13:13:38,263 [ForkJoinPool.commonPool-worker-1] INFO  server.RaftServer (RaftServerProxy.java:lambda$close$6(391)) - e0461867-c40b-41c5-9b61-f214c62ad697: close
2021-08-14 13:13:38,263 [ForkJoinPool.commonPool-worker-1] INFO  server.RaftServer$Division (RaftServerImpl.java:lambda$close$4(407)) - e0461867-c40b-41c5-9b61-f214c62ad697@group-137C40BDB21D: shutdown
2021-08-14 13:13:38,263 [ForkJoinPool.commonPool-worker-1] INFO  util.JmxRegister (JmxRegister.java:unregister(73)) - Successfully un-registered JMX Bean with object name Ratis:service=RaftServer,group=group-137C40BDB21D,id=e0461867-c40b-41c5-9b61-f214c62ad697
2021-08-14 13:13:38,263 [ForkJoinPool.commonPool-worker-1] INFO  impl.RoleInfo (RoleInfo.java:shutdownLeaderState(91)) - e0461867-c40b-41c5-9b61-f214c62ad697: shutdown e0461867-c40b-41c5-9b61-f214c62ad697@group-137C40BDB21D-LeaderStateImpl
2021-08-14 13:13:38,264 [e0461867-c40b-41c5-9b61-f214c62ad697@group-137C40BDB21D->5a2b7d47-d7f5-4736-a3b5-5700bf8b4a86-GrpcLogAppender-LogAppenderDaemon] WARN  server.GrpcLogAppender (GrpcLogAppender.java:mayWait(175)) - e0461867-c40b-41c5-9b61-f214c62ad697@group-137C40BDB21D->5a2b7d47-d7f5-4736-a3b5-5700bf8b4a86-GrpcLogAppender: Wait interrupted by java.lang.InterruptedException
2021-08-14 13:13:38,264 [e0461867-c40b-41c5-9b61-f214c62ad697@group-137C40BDB21D->4d27dd3d-8fa8-4cac-ba0e-fb7e7cb7d3eb-GrpcLogAppender-LogAppenderDaemon] WARN  server.GrpcLogAppender (GrpcLogAppender.java:mayWait(175)) - e0461867-c40b-41c5-9b61-f214c62ad697@group-137C40BDB21D->4d27dd3d-8fa8-4cac-ba0e-fb7e7cb7d3eb-GrpcLogAppender: Wait interrupted by java.lang.InterruptedException
2021-08-14 13:13:38,264 [ForkJoinPool.commonPool-worker-1] INFO  impl.PendingRequests (PendingRequests.java:sendNotLeaderResponses(282)) - e0461867-c40b-41c5-9b61-f214c62ad697@group-137C40BDB21D-PendingRequests: sendNotLeaderResponses
2021-08-14 13:13:38,265 [ForkJoinPool.commonPool-worker-1] INFO  impl.StateMachineUpdater (StateMachineUpdater.java:stopAndJoin(149)) - e0461867-c40b-41c5-9b61-f214c62ad697@group-137C40BDB21D-StateMachineUpdater: set stopIndex = 0
2021-08-14 13:13:38,265 [grpc-default-executor-3] INFO  server.GrpcServerProtocolService (GrpcServerProtocolService.java:onCompleted(140)) - 5a2b7d47-d7f5-4736-a3b5-5700bf8b4a86: Completed APPEND_ENTRIES, lastRequest: e0461867-c40b-41c5-9b61-f214c62ad697->5a2b7d47-d7f5-4736-a3b5-5700bf8b4a86#1-t1,previous=(t:0, i:0),leaderCommit=-1,initializing? true,entries: size=1, first=(t:1, i:0), CONFIGURATIONENTRY
2021-08-14 13:13:38,266 [e0461867-c40b-41c5-9b61-f214c62ad697@group-137C40BDB21D-StateMachineUpdater] INFO  ratis.ContainerStateMachine (ContainerStateMachine.java:takeSnapshot(293)) - group-137C40BDB21D: Taking a snapshot at:(t:1, i:0) file /home/runner/work/ozone/ozone/hadoop-ozone/integration-test/target/test-dir/MiniOzoneClusterImpl-d039c420-9dd2-4032-a768-5c23a44c40fe/datanode-0/data/ratis/cba15c6e-d2ed-4235-8452-137c40bdb21d/sm/snapshot.1_0
2021-08-14 13:13:38,266 [grpc-default-executor-3] INFO  server.GrpcServerProtocolService (GrpcServerProtocolService.java:onCompleted(140)) - 4d27dd3d-8fa8-4cac-ba0e-fb7e7cb7d3eb: Completed APPEND_ENTRIES, lastRequest: e0461867-c40b-41c5-9b61-f214c62ad697->4d27dd3d-8fa8-4cac-ba0e-fb7e7cb7d3eb#1-t1,previous=(t:0, i:0),leaderCommit=-1,initializing? true,entries: size=1, first=(t:1, i:0), CONFIGURATIONENTRY
2021-08-14 13:13:38,267 [e0461867-c40b-41c5-9b61-f214c62ad697@group-137C40BDB21D-StateMachineUpdater] INFO  ratis.ContainerStateMachine (ContainerStateMachine.java:takeSnapshot(304)) - group-137C40BDB21D: Finished taking a snapshot at:(t:1, i:0) file:/home/runner/work/ozone/ozone/hadoop-ozone/integration-test/target/test-dir/MiniOzoneClusterImpl-d039c420-9dd2-4032-a768-5c23a44c40fe/datanode-0/data/ratis/cba15c6e-d2ed-4235-8452-137c40bdb21d/sm/snapshot.1_0 took: 1 ms
2021-08-14 13:13:38,267 [e0461867-c40b-41c5-9b61-f214c62ad697@group-137C40BDB21D-StateMachineUpdater] INFO  impl.StateMachineUpdater (StateMachineUpdater.java:takeSnapshot(281)) - e0461867-c40b-41c5-9b61-f214c62ad697@group-137C40BDB21D-StateMachineUpdater: Took a snapshot at index 0
2021-08-14 13:13:38,267 [e0461867-c40b-41c5-9b61-f214c62ad697@group-137C40BDB21D-StateMachineUpdater] INFO  impl.StateMachineUpdater (StateMachineUpdater.java:lambda$new$0(89)) - e0461867-c40b-41c5-9b61-f214c62ad697@group-137C40BDB21D-StateMachineUpdater: snapshotIndex: updateIncreasingly -1 -> 0
2021-08-14 13:13:38,269 [grpc-default-executor-1] INFO  server.GrpcLogAppender (GrpcLogAppender.java:onCompleted(344)) - e0461867-c40b-41c5-9b61-f214c62ad697@group-137C40BDB21D->4d27dd3d-8fa8-4cac-ba0e-fb7e7cb7d3eb-AppendLogResponseHandler: follower responses appendEntries COMPLETED
2021-08-14 13:13:38,269 [grpc-default-executor-1] INFO  leader.FollowerInfo (FollowerInfoImpl.java:lambda$new$0(46)) - e0461867-c40b-41c5-9b61-f214c62ad697@group-137C40BDB21D->4d27dd3d-8fa8-4cac-ba0e-fb7e7cb7d3eb: nextIndex: updateUnconditionally 1 -> 0
2021-08-14 13:13:38,269 [grpc-default-executor-0] INFO  server.GrpcLogAppender (GrpcLogAppender.java:onCompleted(344)) - e0461867-c40b-41c5-9b61-f214c62ad697@group-137C40BDB21D->5a2b7d47-d7f5-4736-a3b5-5700bf8b4a86-AppendLogResponseHandler: follower responses appendEntries COMPLETED
2021-08-14 13:13:38,269 [grpc-default-executor-0] INFO  leader.FollowerInfo (FollowerInfoImpl.java:lambda$new$0(46)) - e0461867-c40b-41c5-9b61-f214c62ad697@group-137C40BDB21D->5a2b7d47-d7f5-4736-a3b5-5700bf8b4a86: nextIndex: updateUnconditionally 1 -> 0
2021-08-14 13:13:38,270 [ForkJoinPool.commonPool-worker-1] INFO  server.RaftServer$Division (ServerState.java:close(419)) - e0461867-c40b-41c5-9b61-f214c62ad697@group-137C40BDB21D: closes. applyIndex: 0
2021-08-14 13:13:38,270 [e0461867-c40b-41c5-9b61-f214c62ad697@group-137C40BDB21D-SegmentedRaftLogWorker] INFO  segmented.SegmentedRaftLogWorker (SegmentedRaftLogWorker.java:run(327)) - e0461867-c40b-41c5-9b61-f214c62ad697@group-137C40BDB21D-SegmentedRaftLogWorker was interrupted, exiting. There are 0 tasks remaining in the queue.
2021-08-14 13:13:38,314 [Listener at 127.0.0.1/44917] INFO  segmented.SegmentedRaftLogWorker (SegmentedRaftLogWorker.java:close(237)) - 4d27dd3d-8fa8-4cac-ba0e-fb7e7cb7d3eb@group-5792A1F81081-SegmentedRaftLogWorker close()
2021-08-14 13:13:38,314 [ForkJoinPool.commonPool-worker-1] INFO  segmented.SegmentedRaftLogWorker (SegmentedRaftLogWorker.java:close(237)) - e0461867-c40b-41c5-9b61-f214c62ad697@group-137C40BDB21D-SegmentedRaftLogWorker close()
2021-08-14 13:13:38,339 [Listener at 127.0.0.1/44917] INFO  server.RaftServer$Division (RaftServerImpl.java:lambda$close$4(407)) - 4d27dd3d-8fa8-4cac-ba0e-fb7e7cb7d3eb@group-137C40BDB21D: shutdown
2021-08-14 13:13:38,339 [Listener at 127.0.0.1/44917] INFO  util.JmxRegister (JmxRegister.java:unregister(73)) - Successfully un-registered JMX Bean with object name Ratis:service=RaftServer,group=group-137C40BDB21D,id=4d27dd3d-8fa8-4cac-ba0e-fb7e7cb7d3eb
2021-08-14 13:13:38,339 [Listener at 127.0.0.1/44917] INFO  impl.RoleInfo (RoleInfo.java:shutdownFollowerState(108)) - 4d27dd3d-8fa8-4cac-ba0e-fb7e7cb7d3eb: shutdown 4d27dd3d-8fa8-4cac-ba0e-fb7e7cb7d3eb@group-137C40BDB21D-FollowerState
2021-08-14 13:13:38,339 [Listener at 127.0.0.1/44917] INFO  impl.StateMachineUpdater (StateMachineUpdater.java:stopAndJoin(149)) - 4d27dd3d-8fa8-4cac-ba0e-fb7e7cb7d3eb@group-137C40BDB21D-StateMachineUpdater: set stopIndex = 0
2021-08-14 13:13:38,340 [4d27dd3d-8fa8-4cac-ba0e-fb7e7cb7d3eb@group-137C40BDB21D-StateMachineUpdater] INFO  ratis.ContainerStateMachine (ContainerStateMachine.java:takeSnapshot(293)) - group-137C40BDB21D: Taking a snapshot at:(t:1, i:0) file /home/runner/work/ozone/ozone/hadoop-ozone/integration-test/target/test-dir/MiniOzoneClusterImpl-d039c420-9dd2-4032-a768-5c23a44c40fe/datanode-1/data/ratis/cba15c6e-d2ed-4235-8452-137c40bdb21d/sm/snapshot.1_0
2021-08-14 13:13:38,339 [4d27dd3d-8fa8-4cac-ba0e-fb7e7cb7d3eb@group-137C40BDB21D-FollowerState] INFO  impl.FollowerState (FollowerState.java:run(143)) - 4d27dd3d-8fa8-4cac-ba0e-fb7e7cb7d3eb@group-137C40BDB21D-FollowerState was interrupted: {}
java.lang.InterruptedException: sleep interrupted
	at java.lang.Thread.sleep(Native Method)
	at java.lang.Thread.sleep(Thread.java:340)
	at java.util.concurrent.TimeUnit.sleep(TimeUnit.java:386)
	at org.apache.ratis.util.TimeDuration.sleep(TimeDuration.java:324)
	at org.apache.ratis.util.TimeDuration.sleep(TimeDuration.java:309)
	at org.apache.ratis.server.impl.FollowerState.run(FollowerState.java:118)
2021-08-14 13:13:38,342 [4d27dd3d-8fa8-4cac-ba0e-fb7e7cb7d3eb@group-137C40BDB21D-StateMachineUpdater] INFO  ratis.ContainerStateMachine (ContainerStateMachine.java:takeSnapshot(304)) - group-137C40BDB21D: Finished taking a snapshot at:(t:1, i:0) file:/home/runner/work/ozone/ozone/hadoop-ozone/integration-test/target/test-dir/MiniOzoneClusterImpl-d039c420-9dd2-4032-a768-5c23a44c40fe/datanode-1/data/ratis/cba15c6e-d2ed-4235-8452-137c40bdb21d/sm/snapshot.1_0 took: 2 ms
2021-08-14 13:13:38,354 [4d27dd3d-8fa8-4cac-ba0e-fb7e7cb7d3eb@group-137C40BDB21D-StateMachineUpdater] INFO  impl.StateMachineUpdater (StateMachineUpdater.java:takeSnapshot(281)) - 4d27dd3d-8fa8-4cac-ba0e-fb7e7cb7d3eb@group-137C40BDB21D-StateMachineUpdater: Took a snapshot at index 0
2021-08-14 13:13:38,354 [4d27dd3d-8fa8-4cac-ba0e-fb7e7cb7d3eb@group-137C40BDB21D-StateMachineUpdater] INFO  impl.StateMachineUpdater (StateMachineUpdater.java:lambda$new$0(89)) - 4d27dd3d-8fa8-4cac-ba0e-fb7e7cb7d3eb@group-137C40BDB21D-StateMachineUpdater: snapshotIndex: updateIncreasingly -1 -> 0
2021-08-14 13:13:38,355 [Listener at 127.0.0.1/44917] INFO  server.RaftServer$Division (ServerState.java:close(419)) - 4d27dd3d-8fa8-4cac-ba0e-fb7e7cb7d3eb@group-137C40BDB21D: closes. applyIndex: 0
2021-08-14 13:13:38,342 [ForkJoinPool.commonPool-worker-1] INFO  server.RaftServer$Division (RaftServerImpl.java:lambda$close$4(407)) - e0461867-c40b-41c5-9b61-f214c62ad697@group-DE69629266FD: shutdown
2021-08-14 13:13:38,366 [ForkJoinPool.commonPool-worker-1] INFO  util.JmxRegister (JmxRegister.java:unregister(73)) - Successfully un-registered JMX Bean with object name Ratis:service=RaftServer,group=group-DE69629266FD,id=e0461867-c40b-41c5-9b61-f214c62ad697
2021-08-14 13:13:38,366 [ForkJoinPool.commonPool-worker-1] INFO  impl.RoleInfo (RoleInfo.java:shutdownFollowerState(108)) - e0461867-c40b-41c5-9b61-f214c62ad697: shutdown e0461867-c40b-41c5-9b61-f214c62ad697@group-DE69629266FD-FollowerState
2021-08-14 13:13:38,367 [ForkJoinPool.commonPool-worker-1] INFO  impl.StateMachineUpdater (StateMachineUpdater.java:stopAndJoin(149)) - e0461867-c40b-41c5-9b61-f214c62ad697@group-DE69629266FD-StateMachineUpdater: set stopIndex = -1
2021-08-14 13:13:38,367 [4d27dd3d-8fa8-4cac-ba0e-fb7e7cb7d3eb@group-137C40BDB21D-SegmentedRaftLogWorker] INFO  segmented.SegmentedRaftLogWorker (SegmentedRaftLogWorker.java:run(327)) - 4d27dd3d-8fa8-4cac-ba0e-fb7e7cb7d3eb@group-137C40BDB21D-SegmentedRaftLogWorker was interrupted, exiting. There are 0 tasks remaining in the queue.
2021-08-14 13:13:38,367 [ForkJoinPool.commonPool-worker-1] INFO  server.RaftServer$Division (ServerState.java:close(419)) - e0461867-c40b-41c5-9b61-f214c62ad697@group-DE69629266FD: closes. applyIndex: -1
2021-08-14 13:13:38,370 [e0461867-c40b-41c5-9b61-f214c62ad697@group-DE69629266FD-FollowerState] INFO  impl.FollowerState (FollowerState.java:run(143)) - e0461867-c40b-41c5-9b61-f214c62ad697@group-DE69629266FD-FollowerState was interrupted: {}
java.lang.InterruptedException: sleep interrupted
	at java.lang.Thread.sleep(Native Method)
	at java.lang.Thread.sleep(Thread.java:340)
	at java.util.concurrent.TimeUnit.sleep(TimeUnit.java:386)
	at org.apache.ratis.util.TimeDuration.sleep(TimeDuration.java:324)
	at org.apache.ratis.util.TimeDuration.sleep(TimeDuration.java:309)
	at org.apache.ratis.server.impl.FollowerState.run(FollowerState.java:118)
2021-08-14 13:13:38,374 [Listener at 127.0.0.1/44917] INFO  segmented.SegmentedRaftLogWorker (SegmentedRaftLogWorker.java:close(237)) - 4d27dd3d-8fa8-4cac-ba0e-fb7e7cb7d3eb@group-137C40BDB21D-SegmentedRaftLogWorker close()
2021-08-14 13:13:38,379 [Listener at 127.0.0.1/44917] INFO  server.RaftServer$Division (RaftServerImpl.java:lambda$close$4(407)) - 4d27dd3d-8fa8-4cac-ba0e-fb7e7cb7d3eb@group-DE69629266FD: shutdown
2021-08-14 13:13:38,379 [Listener at 127.0.0.1/44917] INFO  util.JmxRegister (JmxRegister.java:unregister(73)) - Successfully un-registered JMX Bean with object name Ratis:service=RaftServer,group=group-DE69629266FD,id=4d27dd3d-8fa8-4cac-ba0e-fb7e7cb7d3eb
2021-08-14 13:13:38,379 [Listener at 127.0.0.1/44917] INFO  impl.RoleInfo (RoleInfo.java:shutdownFollowerState(108)) - 4d27dd3d-8fa8-4cac-ba0e-fb7e7cb7d3eb: shutdown 4d27dd3d-8fa8-4cac-ba0e-fb7e7cb7d3eb@group-DE69629266FD-FollowerState
2021-08-14 13:13:38,379 [Listener at 127.0.0.1/44917] INFO  impl.StateMachineUpdater (StateMachineUpdater.java:stopAndJoin(149)) - 4d27dd3d-8fa8-4cac-ba0e-fb7e7cb7d3eb@group-DE69629266FD-StateMachineUpdater: set stopIndex = -1
2021-08-14 13:13:38,379 [Listener at 127.0.0.1/44917] INFO  server.RaftServer$Division (ServerState.java:close(419)) - 4d27dd3d-8fa8-4cac-ba0e-fb7e7cb7d3eb@group-DE69629266FD: closes. applyIndex: -1
2021-08-14 13:13:38,379 [4d27dd3d-8fa8-4cac-ba0e-fb7e7cb7d3eb@group-DE69629266FD-SegmentedRaftLogWorker] INFO  segmented.SegmentedRaftLogWorker (SegmentedRaftLogWorker.java:run(327)) - 4d27dd3d-8fa8-4cac-ba0e-fb7e7cb7d3eb@group-DE69629266FD-SegmentedRaftLogWorker was interrupted, exiting. There are 0 tasks remaining in the queue.
2021-08-14 13:13:38,382 [Listener at 127.0.0.1/44917] INFO  segmented.SegmentedRaftLogWorker (SegmentedRaftLogWorker.java:close(237)) - 4d27dd3d-8fa8-4cac-ba0e-fb7e7cb7d3eb@group-DE69629266FD-SegmentedRaftLogWorker close()
2021-08-14 13:13:38,386 [e0461867-c40b-41c5-9b61-f214c62ad697@group-DE69629266FD-SegmentedRaftLogWorker] INFO  segmented.SegmentedRaftLogWorker (SegmentedRaftLogWorker.java:run(327)) - e0461867-c40b-41c5-9b61-f214c62ad697@group-DE69629266FD-SegmentedRaftLogWorker was interrupted, exiting. There are 0 tasks remaining in the queue.
2021-08-14 13:13:38,391 [Listener at 127.0.0.1/44917] INFO  server.GrpcService (GrpcService.java:closeImpl(262)) - 4d27dd3d-8fa8-4cac-ba0e-fb7e7cb7d3eb: shutdown server with port 33447 now
2021-08-14 13:13:38,391 [4d27dd3d-8fa8-4cac-ba0e-fb7e7cb7d3eb@group-DE69629266FD-FollowerState] INFO  impl.FollowerState (FollowerState.java:run(143)) - 4d27dd3d-8fa8-4cac-ba0e-fb7e7cb7d3eb@group-DE69629266FD-FollowerState was interrupted: {}
java.lang.InterruptedException: sleep interrupted
	at java.lang.Thread.sleep(Native Method)
	at java.lang.Thread.sleep(Thread.java:340)
	at java.util.concurrent.TimeUnit.sleep(TimeUnit.java:386)
	at org.apache.ratis.util.TimeDuration.sleep(TimeDuration.java:324)
	at org.apache.ratis.util.TimeDuration.sleep(TimeDuration.java:309)
	at org.apache.ratis.server.impl.FollowerState.run(FollowerState.java:118)
2021-08-14 13:13:38,398 [ForkJoinPool.commonPool-worker-1] INFO  segmented.SegmentedRaftLogWorker (SegmentedRaftLogWorker.java:close(237)) - e0461867-c40b-41c5-9b61-f214c62ad697@group-DE69629266FD-SegmentedRaftLogWorker close()
2021-08-14 13:13:38,407 [ForkJoinPool.commonPool-worker-1] INFO  server.RaftServer$Division (RaftServerImpl.java:lambda$close$4(407)) - e0461867-c40b-41c5-9b61-f214c62ad697@group-4397BC943C12: shutdown
2021-08-14 13:13:38,407 [ForkJoinPool.commonPool-worker-1] INFO  util.JmxRegister (JmxRegister.java:unregister(73)) - Successfully un-registered JMX Bean with object name Ratis:service=RaftServer,group=group-4397BC943C12,id=e0461867-c40b-41c5-9b61-f214c62ad697
2021-08-14 13:13:38,407 [ForkJoinPool.commonPool-worker-1] INFO  impl.RoleInfo (RoleInfo.java:shutdownLeaderState(91)) - e0461867-c40b-41c5-9b61-f214c62ad697: shutdown e0461867-c40b-41c5-9b61-f214c62ad697@group-4397BC943C12-LeaderStateImpl
2021-08-14 13:13:38,407 [ForkJoinPool.commonPool-worker-1] INFO  impl.PendingRequests (PendingRequests.java:sendNotLeaderResponses(282)) - e0461867-c40b-41c5-9b61-f214c62ad697@group-4397BC943C12-PendingRequests: sendNotLeaderResponses
2021-08-14 13:13:38,408 [ForkJoinPool.commonPool-worker-1] INFO  impl.StateMachineUpdater (StateMachineUpdater.java:stopAndJoin(149)) - e0461867-c40b-41c5-9b61-f214c62ad697@group-4397BC943C12-StateMachineUpdater: set stopIndex = 0
2021-08-14 13:13:38,408 [Listener at 127.0.0.1/44917] INFO  server.GrpcService (GrpcService.java:closeImpl(271)) - 4d27dd3d-8fa8-4cac-ba0e-fb7e7cb7d3eb: shutdown server with port 33447 successfully
2021-08-14 13:13:38,408 [org.apache.ratis.util.JvmPauseMonitor$$Lambda$531/1290668879@42aa6c73] INFO  util.JvmPauseMonitor (JvmPauseMonitor.java:run(109)) - JvmPauseMonitor-4d27dd3d-8fa8-4cac-ba0e-fb7e7cb7d3eb: Stopped
2021-08-14 13:13:38,408 [e0461867-c40b-41c5-9b61-f214c62ad697@group-4397BC943C12-StateMachineUpdater] INFO  ratis.ContainerStateMachine (ContainerStateMachine.java:takeSnapshot(293)) - group-4397BC943C12: Taking a snapshot at:(t:1, i:0) file /home/runner/work/ozone/ozone/hadoop-ozone/integration-test/target/test-dir/MiniOzoneClusterImpl-d039c420-9dd2-4032-a768-5c23a44c40fe/datanode-0/data/ratis/99bf46e2-1639-4c5b-a7e3-4397bc943c12/sm/snapshot.1_0
2021-08-14 13:13:38,418 [e0461867-c40b-41c5-9b61-f214c62ad697@group-4397BC943C12-StateMachineUpdater] INFO  ratis.ContainerStateMachine (ContainerStateMachine.java:takeSnapshot(304)) - group-4397BC943C12: Finished taking a snapshot at:(t:1, i:0) file:/home/runner/work/ozone/ozone/hadoop-ozone/integration-test/target/test-dir/MiniOzoneClusterImpl-d039c420-9dd2-4032-a768-5c23a44c40fe/datanode-0/data/ratis/99bf46e2-1639-4c5b-a7e3-4397bc943c12/sm/snapshot.1_0 took: 1 ms
2021-08-14 13:13:38,423 [Listener at 127.0.0.1/44917] INFO  utils.BackgroundService (BackgroundService.java:shutdown(132)) - Shutting down service BlockDeletingService
2021-08-14 13:13:38,438 [e0461867-c40b-41c5-9b61-f214c62ad697@group-4397BC943C12-StateMachineUpdater] INFO  impl.StateMachineUpdater (StateMachineUpdater.java:takeSnapshot(281)) - e0461867-c40b-41c5-9b61-f214c62ad697@group-4397BC943C12-StateMachineUpdater: Took a snapshot at index 0
2021-08-14 13:13:38,438 [e0461867-c40b-41c5-9b61-f214c62ad697@group-4397BC943C12-StateMachineUpdater] INFO  impl.StateMachineUpdater (StateMachineUpdater.java:lambda$new$0(89)) - e0461867-c40b-41c5-9b61-f214c62ad697@group-4397BC943C12-StateMachineUpdater: snapshotIndex: updateIncreasingly -1 -> 0
2021-08-14 13:13:38,438 [ForkJoinPool.commonPool-worker-1] INFO  server.RaftServer$Division (ServerState.java:close(419)) - e0461867-c40b-41c5-9b61-f214c62ad697@group-4397BC943C12: closes. applyIndex: 0
2021-08-14 13:13:38,438 [e0461867-c40b-41c5-9b61-f214c62ad697@group-4397BC943C12-SegmentedRaftLogWorker] INFO  segmented.SegmentedRaftLogWorker (SegmentedRaftLogWorker.java:run(327)) - e0461867-c40b-41c5-9b61-f214c62ad697@group-4397BC943C12-SegmentedRaftLogWorker was interrupted, exiting. There are 0 tasks remaining in the queue.
2021-08-14 13:13:38,450 [ForkJoinPool.commonPool-worker-1] INFO  segmented.SegmentedRaftLogWorker (SegmentedRaftLogWorker.java:close(237)) - e0461867-c40b-41c5-9b61-f214c62ad697@group-4397BC943C12-SegmentedRaftLogWorker close()
2021-08-14 13:13:38,459 [ForkJoinPool.commonPool-worker-1] INFO  server.GrpcService (GrpcService.java:closeImpl(262)) - e0461867-c40b-41c5-9b61-f214c62ad697: shutdown server with port 34679 now
2021-08-14 13:13:38,520 [ForkJoinPool.commonPool-worker-1] INFO  server.GrpcService (GrpcService.java:closeImpl(271)) - e0461867-c40b-41c5-9b61-f214c62ad697: shutdown server with port 34679 successfully
2021-08-14 13:13:38,520 [org.apache.ratis.util.JvmPauseMonitor$$Lambda$531/1290668879@446072] INFO  util.JvmPauseMonitor (JvmPauseMonitor.java:run(109)) - JvmPauseMonitor-e0461867-c40b-41c5-9b61-f214c62ad697: Stopped
2021-08-14 13:13:38,523 [ForkJoinPool.commonPool-worker-1] INFO  utils.BackgroundService (BackgroundService.java:shutdown(132)) - Shutting down service BlockDeletingService
2021-08-14 13:13:40,164 [5a2b7d47-d7f5-4736-a3b5-5700bf8b4a86@group-DE69629266FD-FollowerState] INFO  impl.FollowerState (FollowerState.java:run(134)) - 5a2b7d47-d7f5-4736-a3b5-5700bf8b4a86@group-DE69629266FD-FollowerState: change to CANDIDATE, lastRpcElapsedTime:5157516109ns, electionTimeout:5150ms
2021-08-14 13:13:40,165 [5a2b7d47-d7f5-4736-a3b5-5700bf8b4a86@group-DE69629266FD-FollowerState] INFO  impl.RoleInfo (RoleInfo.java:shutdownFollowerState(108)) - 5a2b7d47-d7f5-4736-a3b5-5700bf8b4a86: shutdown 5a2b7d47-d7f5-4736-a3b5-5700bf8b4a86@group-DE69629266FD-FollowerState
2021-08-14 13:13:40,165 [5a2b7d47-d7f5-4736-a3b5-5700bf8b4a86@group-DE69629266FD-FollowerState] INFO  server.RaftServer$Division (RaftServerImpl.java:setRole(285)) - 5a2b7d47-d7f5-4736-a3b5-5700bf8b4a86@group-DE69629266FD: changes role from  FOLLOWER to CANDIDATE at term 2 for changeToCandidate
2021-08-14 13:13:40,165 [5a2b7d47-d7f5-4736-a3b5-5700bf8b4a86@group-DE69629266FD-FollowerState] INFO  server.RaftServerConfigKeys (ConfUtils.java:logGet(44)) - raft.server.leaderelection.pre-vote = false (custom)
2021-08-14 13:13:40,165 [5a2b7d47-d7f5-4736-a3b5-5700bf8b4a86@group-DE69629266FD-FollowerState] INFO  impl.RoleInfo (RoleInfo.java:updateAndGet(130)) - 5a2b7d47-d7f5-4736-a3b5-5700bf8b4a86: start 5a2b7d47-d7f5-4736-a3b5-5700bf8b4a86@group-DE69629266FD-LeaderElection33
2021-08-14 13:13:40,218 [5a2b7d47-d7f5-4736-a3b5-5700bf8b4a86@group-DE69629266FD-LeaderElection33] INFO  impl.LeaderElection (LeaderElection.java:askForVotes(306)) - 5a2b7d47-d7f5-4736-a3b5-5700bf8b4a86@group-DE69629266FD-LeaderElection33 ELECTION round 0: submit vote requests at term 3 for -1: [5a2b7d47-d7f5-4736-a3b5-5700bf8b4a86|rpc:10.1.0.55:39961|dataStream:|priority:0, e0461867-c40b-41c5-9b61-f214c62ad697|rpc:10.1.0.55:34679|dataStream:|priority:0, 4d27dd3d-8fa8-4cac-ba0e-fb7e7cb7d3eb|rpc:10.1.0.55:33447|dataStream:|priority:1], old=null
2021-08-14 13:13:40,261 [5a2b7d47-d7f5-4736-a3b5-5700bf8b4a86@group-DE69629266FD-LeaderElection33] INFO  impl.LeaderElection (LogUtils.java:infoOrTrace(137)) - 5a2b7d47-d7f5-4736-a3b5-5700bf8b4a86@group-DE69629266FD-LeaderElection33 got exception when requesting votes: java.util.concurrent.ExecutionException: org.apache.ratis.thirdparty.io.grpc.StatusRuntimeException: UNAVAILABLE: io exception
2021-08-14 13:13:40,274 [5a2b7d47-d7f5-4736-a3b5-5700bf8b4a86@group-DE69629266FD-LeaderElection33] INFO  impl.LeaderElection (LogUtils.java:infoOrTrace(137)) - 5a2b7d47-d7f5-4736-a3b5-5700bf8b4a86@group-DE69629266FD-LeaderElection33 got exception when requesting votes: java.util.concurrent.ExecutionException: org.apache.ratis.thirdparty.io.grpc.StatusRuntimeException: UNAVAILABLE: io exception
2021-08-14 13:13:40,274 [5a2b7d47-d7f5-4736-a3b5-5700bf8b4a86@group-DE69629266FD-LeaderElection33] INFO  impl.LeaderElection (LeaderElection.java:logAndReturn(89)) - 5a2b7d47-d7f5-4736-a3b5-5700bf8b4a86@group-DE69629266FD-LeaderElection33: ELECTION REJECTED received 0 response(s) and 2 exception(s):
2021-08-14 13:13:40,275 [5a2b7d47-d7f5-4736-a3b5-5700bf8b4a86@group-DE69629266FD-LeaderElection33] INFO  impl.LeaderElection (LogUtils.java:infoOrTrace(137)) -   Exception 0: java.util.concurrent.ExecutionException: org.apache.ratis.thirdparty.io.grpc.StatusRuntimeException: UNAVAILABLE: io exception
2021-08-14 13:13:40,275 [5a2b7d47-d7f5-4736-a3b5-5700bf8b4a86@group-DE69629266FD-LeaderElection33] INFO  impl.LeaderElection (LogUtils.java:infoOrTrace(137)) -   Exception 1: java.util.concurrent.ExecutionException: org.apache.ratis.thirdparty.io.grpc.StatusRuntimeException: UNAVAILABLE: io exception
2021-08-14 13:13:40,275 [5a2b7d47-d7f5-4736-a3b5-5700bf8b4a86@group-DE69629266FD-LeaderElection33] INFO  impl.LeaderElection (LeaderElection.java:askForVotes(308)) - 5a2b7d47-d7f5-4736-a3b5-5700bf8b4a86@group-DE69629266FD-LeaderElection33 ELECTION round 0: result REJECTED
2021-08-14 13:13:40,275 [5a2b7d47-d7f5-4736-a3b5-5700bf8b4a86@group-DE69629266FD-LeaderElection33] INFO  server.RaftServer$Division (RaftServerImpl.java:setRole(285)) - 5a2b7d47-d7f5-4736-a3b5-5700bf8b4a86@group-DE69629266FD: changes role from CANDIDATE to FOLLOWER at term 3 for REJECTED
2021-08-14 13:13:40,275 [5a2b7d47-d7f5-4736-a3b5-5700bf8b4a86@group-DE69629266FD-LeaderElection33] INFO  impl.RoleInfo (RoleInfo.java:shutdownLeaderElection(121)) - 5a2b7d47-d7f5-4736-a3b5-5700bf8b4a86: shutdown 5a2b7d47-d7f5-4736-a3b5-5700bf8b4a86@group-DE69629266FD-LeaderElection33
2021-08-14 13:13:40,275 [5a2b7d47-d7f5-4736-a3b5-5700bf8b4a86@group-DE69629266FD-LeaderElection33] INFO  impl.RoleInfo (RoleInfo.java:updateAndGet(130)) - 5a2b7d47-d7f5-4736-a3b5-5700bf8b4a86: start 5a2b7d47-d7f5-4736-a3b5-5700bf8b4a86@group-DE69629266FD-FollowerState
2021-08-14 13:13:41,430 [Listener at 127.0.0.1/44917] INFO  statemachine.DatanodeStateMachine (DatanodeStateMachine.java:stopDaemon(515)) - Ozone container server stopped.
2021-08-14 13:13:41,432 [Listener at 127.0.0.1/44917] INFO  handler.ContextHandler (ContextHandler.java:doStop(1153)) - Stopped o.e.j.w.WebAppContext@62260fba{hddsDatanode,/,null,STOPPED}{jar:file:/home/runner/.m2/repository/org/apache/ozone/hdds-container-service/1.2.0-SNAPSHOT/hdds-container-service-1.2.0-SNAPSHOT.jar!/webapps/hddsDatanode}
2021-08-14 13:13:41,434 [Listener at 127.0.0.1/44917] INFO  server.AbstractConnector (AbstractConnector.java:doStop(381)) - Stopped ServerConnector@3de204d6{HTTP/1.1, (http/1.1)}{0.0.0.0:0}
2021-08-14 13:13:41,434 [Listener at 127.0.0.1/44917] INFO  server.session (HouseKeeper.java:stopScavenging(149)) - node0 Stopped scavenging
2021-08-14 13:13:41,434 [Listener at 127.0.0.1/44917] INFO  handler.ContextHandler (ContextHandler.java:doStop(1153)) - Stopped o.e.j.s.ServletContextHandler@40d04d1d{static,/static,jar:file:/home/runner/.m2/repository/org/apache/ozone/hdds-container-service/1.2.0-SNAPSHOT/hdds-container-service-1.2.0-SNAPSHOT.jar!/webapps/static,STOPPED}
2021-08-14 13:13:41,434 [Listener at 127.0.0.1/44917] INFO  handler.ContextHandler (ContextHandler.java:doStop(1153)) - Stopped o.e.j.s.ServletContextHandler@2675115f{logs,/logs,file:///home/runner/work/ozone/ozone/hadoop-ozone/integration-test/target/log,STOPPED}
2021-08-14 13:13:41,484 [Datanode State Machine Thread - 0] INFO  statemachine.DatanodeStateMachine (DatanodeStateMachine.java:lambda$startDaemon$0(457)) - Ozone container server started.
2021-08-14 13:13:41,530 [ForkJoinPool.commonPool-worker-1] INFO  statemachine.DatanodeStateMachine (DatanodeStateMachine.java:stopDaemon(515)) - Ozone container server stopped.
2021-08-14 13:13:41,578 [ForkJoinPool.commonPool-worker-1] INFO  handler.ContextHandler (ContextHandler.java:doStop(1153)) - Stopped o.e.j.w.WebAppContext@2bd1976e{hddsDatanode,/,null,STOPPED}{jar:file:/home/runner/.m2/repository/org/apache/ozone/hdds-container-service/1.2.0-SNAPSHOT/hdds-container-service-1.2.0-SNAPSHOT.jar!/webapps/hddsDatanode}
2021-08-14 13:13:41,580 [ForkJoinPool.commonPool-worker-1] INFO  server.AbstractConnector (AbstractConnector.java:doStop(381)) - Stopped ServerConnector@c533e1d{HTTP/1.1, (http/1.1)}{0.0.0.0:0}
2021-08-14 13:13:41,580 [ForkJoinPool.commonPool-worker-1] INFO  server.session (HouseKeeper.java:stopScavenging(149)) - node0 Stopped scavenging
2021-08-14 13:13:41,596 [ForkJoinPool.commonPool-worker-1] INFO  handler.ContextHandler (ContextHandler.java:doStop(1153)) - Stopped o.e.j.s.ServletContextHandler@5da92dee{static,/static,jar:file:/home/runner/.m2/repository/org/apache/ozone/hdds-container-service/1.2.0-SNAPSHOT/hdds-container-service-1.2.0-SNAPSHOT.jar!/webapps/static,STOPPED}
2021-08-14 13:13:41,626 [ForkJoinPool.commonPool-worker-1] INFO  handler.ContextHandler (ContextHandler.java:doStop(1153)) - Stopped o.e.j.s.ServletContextHandler@17c05bd2{logs,/logs,file:///home/runner/work/ozone/ozone/hadoop-ozone/integration-test/target/log,STOPPED}
2021-08-14 13:13:45,420 [5a2b7d47-d7f5-4736-a3b5-5700bf8b4a86@group-DE69629266FD-FollowerState] INFO  impl.FollowerState (FollowerState.java:run(134)) - 5a2b7d47-d7f5-4736-a3b5-5700bf8b4a86@group-DE69629266FD-FollowerState: change to CANDIDATE, lastRpcElapsedTime:5144323465ns, electionTimeout:5097ms
2021-08-14 13:13:45,420 [5a2b7d47-d7f5-4736-a3b5-5700bf8b4a86@group-DE69629266FD-FollowerState] INFO  impl.RoleInfo (RoleInfo.java:shutdownFollowerState(108)) - 5a2b7d47-d7f5-4736-a3b5-5700bf8b4a86: shutdown 5a2b7d47-d7f5-4736-a3b5-5700bf8b4a86@group-DE69629266FD-FollowerState
2021-08-14 13:13:45,420 [5a2b7d47-d7f5-4736-a3b5-5700bf8b4a86@group-DE69629266FD-FollowerState] INFO  server.RaftServer$Division (RaftServerImpl.java:setRole(285)) - 5a2b7d47-d7f5-4736-a3b5-5700bf8b4a86@group-DE69629266FD: changes role from  FOLLOWER to CANDIDATE at term 3 for changeToCandidate
2021-08-14 13:13:45,420 [5a2b7d47-d7f5-4736-a3b5-5700bf8b4a86@group-DE69629266FD-FollowerState] INFO  server.RaftServerConfigKeys (ConfUtils.java:logGet(44)) - raft.server.leaderelection.pre-vote = false (custom)
2021-08-14 13:13:45,420 [5a2b7d47-d7f5-4736-a3b5-5700bf8b4a86@group-DE69629266FD-FollowerState] INFO  impl.RoleInfo (RoleInfo.java:updateAndGet(130)) - 5a2b7d47-d7f5-4736-a3b5-5700bf8b4a86: start 5a2b7d47-d7f5-4736-a3b5-5700bf8b4a86@group-DE69629266FD-LeaderElection34
2021-08-14 13:13:45,442 [5a2b7d47-d7f5-4736-a3b5-5700bf8b4a86@group-DE69629266FD-LeaderElection34] INFO  impl.LeaderElection (LeaderElection.java:askForVotes(306)) - 5a2b7d47-d7f5-4736-a3b5-5700bf8b4a86@group-DE69629266FD-LeaderElection34 ELECTION round 0: submit vote requests at term 4 for -1: [5a2b7d47-d7f5-4736-a3b5-5700bf8b4a86|rpc:10.1.0.55:39961|dataStream:|priority:0, e0461867-c40b-41c5-9b61-f214c62ad697|rpc:10.1.0.55:34679|dataStream:|priority:0, 4d27dd3d-8fa8-4cac-ba0e-fb7e7cb7d3eb|rpc:10.1.0.55:33447|dataStream:|priority:1], old=null
2021-08-14 13:13:45,470 [5a2b7d47-d7f5-4736-a3b5-5700bf8b4a86@group-DE69629266FD-LeaderElection34] INFO  impl.LeaderElection (LogUtils.java:infoOrTrace(137)) - 5a2b7d47-d7f5-4736-a3b5-5700bf8b4a86@group-DE69629266FD-LeaderElection34 got exception when requesting votes: java.util.concurrent.ExecutionException: org.apache.ratis.thirdparty.io.grpc.StatusRuntimeException: UNAVAILABLE: io exception
2021-08-14 13:13:45,471 [5a2b7d47-d7f5-4736-a3b5-5700bf8b4a86@group-DE69629266FD-LeaderElection34] INFO  impl.LeaderElection (LogUtils.java:infoOrTrace(137)) - 5a2b7d47-d7f5-4736-a3b5-5700bf8b4a86@group-DE69629266FD-LeaderElection34 got exception when requesting votes: java.util.concurrent.ExecutionException: org.apache.ratis.thirdparty.io.grpc.StatusRuntimeException: UNAVAILABLE: io exception
2021-08-14 13:13:45,471 [5a2b7d47-d7f5-4736-a3b5-5700bf8b4a86@group-DE69629266FD-LeaderElection34] INFO  impl.LeaderElection (LeaderElection.java:logAndReturn(89)) - 5a2b7d47-d7f5-4736-a3b5-5700bf8b4a86@group-DE69629266FD-LeaderElection34: ELECTION REJECTED received 0 response(s) and 2 exception(s):
2021-08-14 13:13:45,471 [5a2b7d47-d7f5-4736-a3b5-5700bf8b4a86@group-DE69629266FD-LeaderElection34] INFO  impl.LeaderElection (LogUtils.java:infoOrTrace(137)) -   Exception 0: java.util.concurrent.ExecutionException: org.apache.ratis.thirdparty.io.grpc.StatusRuntimeException: UNAVAILABLE: io exception
2021-08-14 13:13:45,471 [5a2b7d47-d7f5-4736-a3b5-5700bf8b4a86@group-DE69629266FD-LeaderElection34] INFO  impl.LeaderElection (LogUtils.java:infoOrTrace(137)) -   Exception 1: java.util.concurrent.ExecutionException: org.apache.ratis.thirdparty.io.grpc.StatusRuntimeException: UNAVAILABLE: io exception
2021-08-14 13:13:45,471 [5a2b7d47-d7f5-4736-a3b5-5700bf8b4a86@group-DE69629266FD-LeaderElection34] INFO  impl.LeaderElection (LeaderElection.java:askForVotes(308)) - 5a2b7d47-d7f5-4736-a3b5-5700bf8b4a86@group-DE69629266FD-LeaderElection34 ELECTION round 0: result REJECTED
2021-08-14 13:13:45,471 [5a2b7d47-d7f5-4736-a3b5-5700bf8b4a86@group-DE69629266FD-LeaderElection34] INFO  server.RaftServer$Division (RaftServerImpl.java:setRole(285)) - 5a2b7d47-d7f5-4736-a3b5-5700bf8b4a86@group-DE69629266FD: changes role from CANDIDATE to FOLLOWER at term 4 for REJECTED
2021-08-14 13:13:45,471 [5a2b7d47-d7f5-4736-a3b5-5700bf8b4a86@group-DE69629266FD-LeaderElection34] INFO  impl.RoleInfo (RoleInfo.java:shutdownLeaderElection(121)) - 5a2b7d47-d7f5-4736-a3b5-5700bf8b4a86: shutdown 5a2b7d47-d7f5-4736-a3b5-5700bf8b4a86@group-DE69629266FD-LeaderElection34
2021-08-14 13:13:45,471 [5a2b7d47-d7f5-4736-a3b5-5700bf8b4a86@group-DE69629266FD-LeaderElection34] INFO  impl.RoleInfo (RoleInfo.java:updateAndGet(130)) - 5a2b7d47-d7f5-4736-a3b5-5700bf8b4a86: start 5a2b7d47-d7f5-4736-a3b5-5700bf8b4a86@group-DE69629266FD-FollowerState
2021-08-14 13:13:46,438 [Listener at 127.0.0.1/44917] INFO  ozoneimpl.OzoneContainer (OzoneContainer.java:stop(326)) - Attempting to stop container services.
2021-08-14 13:13:46,450 [Listener at 127.0.0.1/44917] INFO  server.RaftServer (RaftServerProxy.java:lambda$close$6(391)) - 5a2b7d47-d7f5-4736-a3b5-5700bf8b4a86: close
2021-08-14 13:13:46,462 [Listener at 127.0.0.1/44917] INFO  server.RaftServer$Division (RaftServerImpl.java:lambda$close$4(407)) - 5a2b7d47-d7f5-4736-a3b5-5700bf8b4a86@group-DE69629266FD: shutdown
2021-08-14 13:13:46,462 [Listener at 127.0.0.1/44917] INFO  util.JmxRegister (JmxRegister.java:unregister(73)) - Successfully un-registered JMX Bean with object name Ratis:service=RaftServer,group=group-DE69629266FD,id=5a2b7d47-d7f5-4736-a3b5-5700bf8b4a86
2021-08-14 13:13:46,462 [Listener at 127.0.0.1/44917] INFO  impl.RoleInfo (RoleInfo.java:shutdownFollowerState(108)) - 5a2b7d47-d7f5-4736-a3b5-5700bf8b4a86: shutdown 5a2b7d47-d7f5-4736-a3b5-5700bf8b4a86@group-DE69629266FD-FollowerState
2021-08-14 13:13:46,463 [Listener at 127.0.0.1/44917] INFO  impl.StateMachineUpdater (StateMachineUpdater.java:stopAndJoin(149)) - 5a2b7d47-d7f5-4736-a3b5-5700bf8b4a86@group-DE69629266FD-StateMachineUpdater: set stopIndex = -1
2021-08-14 13:13:46,463 [5a2b7d47-d7f5-4736-a3b5-5700bf8b4a86@group-DE69629266FD-FollowerState] INFO  impl.FollowerState (FollowerState.java:run(143)) - 5a2b7d47-d7f5-4736-a3b5-5700bf8b4a86@group-DE69629266FD-FollowerState was interrupted: {}
java.lang.InterruptedException: sleep interrupted
	at java.lang.Thread.sleep(Native Method)
	at java.lang.Thread.sleep(Thread.java:340)
	at java.util.concurrent.TimeUnit.sleep(TimeUnit.java:386)
	at org.apache.ratis.util.TimeDuration.sleep(TimeDuration.java:324)
	at org.apache.ratis.util.TimeDuration.sleep(TimeDuration.java:309)
	at org.apache.ratis.server.impl.FollowerState.run(FollowerState.java:118)
2021-08-14 13:13:46,479 [Listener at 127.0.0.1/44917] INFO  server.RaftServer$Division (ServerState.java:close(419)) - 5a2b7d47-d7f5-4736-a3b5-5700bf8b4a86@group-DE69629266FD: closes. applyIndex: -1
2021-08-14 13:13:46,485 [5a2b7d47-d7f5-4736-a3b5-5700bf8b4a86@group-DE69629266FD-SegmentedRaftLogWorker] INFO  segmented.SegmentedRaftLogWorker (SegmentedRaftLogWorker.java:run(327)) - 5a2b7d47-d7f5-4736-a3b5-5700bf8b4a86@group-DE69629266FD-SegmentedRaftLogWorker was interrupted, exiting. There are 0 tasks remaining in the queue.
2021-08-14 13:13:46,486 [Listener at 127.0.0.1/44917] INFO  segmented.SegmentedRaftLogWorker (SegmentedRaftLogWorker.java:close(237)) - 5a2b7d47-d7f5-4736-a3b5-5700bf8b4a86@group-DE69629266FD-SegmentedRaftLogWorker close()
2021-08-14 13:13:46,503 [Listener at 127.0.0.1/44917] INFO  server.RaftServer$Division (RaftServerImpl.java:lambda$close$4(407)) - 5a2b7d47-d7f5-4736-a3b5-5700bf8b4a86@group-79C2F7138058: shutdown
2021-08-14 13:13:46,503 [Listener at 127.0.0.1/44917] INFO  util.JmxRegister (JmxRegister.java:unregister(73)) - Successfully un-registered JMX Bean with object name Ratis:service=RaftServer,group=group-79C2F7138058,id=5a2b7d47-d7f5-4736-a3b5-5700bf8b4a86
2021-08-14 13:13:46,503 [Listener at 127.0.0.1/44917] INFO  impl.RoleInfo (RoleInfo.java:shutdownLeaderState(91)) - 5a2b7d47-d7f5-4736-a3b5-5700bf8b4a86: shutdown 5a2b7d47-d7f5-4736-a3b5-5700bf8b4a86@group-79C2F7138058-LeaderStateImpl
2021-08-14 13:13:46,503 [Listener at 127.0.0.1/44917] INFO  impl.PendingRequests (PendingRequests.java:sendNotLeaderResponses(282)) - 5a2b7d47-d7f5-4736-a3b5-5700bf8b4a86@group-79C2F7138058-PendingRequests: sendNotLeaderResponses
2021-08-14 13:13:46,504 [Listener at 127.0.0.1/44917] INFO  impl.StateMachineUpdater (StateMachineUpdater.java:stopAndJoin(149)) - 5a2b7d47-d7f5-4736-a3b5-5700bf8b4a86@group-79C2F7138058-StateMachineUpdater: set stopIndex = 0
2021-08-14 13:13:46,505 [5a2b7d47-d7f5-4736-a3b5-5700bf8b4a86@group-79C2F7138058-StateMachineUpdater] INFO  ratis.ContainerStateMachine (ContainerStateMachine.java:takeSnapshot(293)) - group-79C2F7138058: Taking a snapshot at:(t:1, i:0) file /home/runner/work/ozone/ozone/hadoop-ozone/integration-test/target/test-dir/MiniOzoneClusterImpl-d039c420-9dd2-4032-a768-5c23a44c40fe/datanode-2/data/ratis/a5fe29a6-9baf-4649-a4cb-79c2f7138058/sm/snapshot.1_0
2021-08-14 13:13:46,510 [5a2b7d47-d7f5-4736-a3b5-5700bf8b4a86@group-79C2F7138058-StateMachineUpdater] INFO  ratis.ContainerStateMachine (ContainerStateMachine.java:takeSnapshot(304)) - group-79C2F7138058: Finished taking a snapshot at:(t:1, i:0) file:/home/runner/work/ozone/ozone/hadoop-ozone/integration-test/target/test-dir/MiniOzoneClusterImpl-d039c420-9dd2-4032-a768-5c23a44c40fe/datanode-2/data/ratis/a5fe29a6-9baf-4649-a4cb-79c2f7138058/sm/snapshot.1_0 took: 5 ms
2021-08-14 13:13:46,510 [5a2b7d47-d7f5-4736-a3b5-5700bf8b4a86@group-79C2F7138058-StateMachineUpdater] INFO  impl.StateMachineUpdater (StateMachineUpdater.java:takeSnapshot(281)) - 5a2b7d47-d7f5-4736-a3b5-5700bf8b4a86@group-79C2F7138058-StateMachineUpdater: Took a snapshot at index 0
2021-08-14 13:13:46,510 [5a2b7d47-d7f5-4736-a3b5-5700bf8b4a86@group-79C2F7138058-StateMachineUpdater] INFO  impl.StateMachineUpdater (StateMachineUpdater.java:lambda$new$0(89)) - 5a2b7d47-d7f5-4736-a3b5-5700bf8b4a86@group-79C2F7138058-StateMachineUpdater: snapshotIndex: updateIncreasingly -1 -> 0
2021-08-14 13:13:46,511 [Listener at 127.0.0.1/44917] INFO  server.RaftServer$Division (ServerState.java:close(419)) - 5a2b7d47-d7f5-4736-a3b5-5700bf8b4a86@group-79C2F7138058: closes. applyIndex: 0
2021-08-14 13:13:46,511 [5a2b7d47-d7f5-4736-a3b5-5700bf8b4a86@group-79C2F7138058-SegmentedRaftLogWorker] INFO  segmented.SegmentedRaftLogWorker (SegmentedRaftLogWorker.java:run(327)) - 5a2b7d47-d7f5-4736-a3b5-5700bf8b4a86@group-79C2F7138058-SegmentedRaftLogWorker was interrupted, exiting. There are 0 tasks remaining in the queue.
2021-08-14 13:13:46,514 [Listener at 127.0.0.1/44917] INFO  segmented.SegmentedRaftLogWorker (SegmentedRaftLogWorker.java:close(237)) - 5a2b7d47-d7f5-4736-a3b5-5700bf8b4a86@group-79C2F7138058-SegmentedRaftLogWorker close()
2021-08-14 13:13:46,554 [Listener at 127.0.0.1/44917] INFO  server.GrpcService (GrpcService.java:closeImpl(262)) - 5a2b7d47-d7f5-4736-a3b5-5700bf8b4a86: shutdown server with port 39961 now
2021-08-14 13:13:46,559 [Listener at 127.0.0.1/44917] INFO  server.GrpcService (GrpcService.java:closeImpl(271)) - 5a2b7d47-d7f5-4736-a3b5-5700bf8b4a86: shutdown server with port 39961 successfully
2021-08-14 13:13:46,559 [org.apache.ratis.util.JvmPauseMonitor$$Lambda$531/1290668879@303a0bf9] INFO  util.JvmPauseMonitor (JvmPauseMonitor.java:run(109)) - JvmPauseMonitor-5a2b7d47-d7f5-4736-a3b5-5700bf8b4a86: Stopped
2021-08-14 13:13:46,574 [Listener at 127.0.0.1/44917] INFO  utils.BackgroundService (BackgroundService.java:shutdown(132)) - Shutting down service BlockDeletingService
2021-08-14 13:13:49,590 [Listener at 127.0.0.1/44917] INFO  statemachine.DatanodeStateMachine (DatanodeStateMachine.java:stopDaemon(515)) - Ozone container server stopped.
2021-08-14 13:13:49,590 [Listener at 127.0.0.1/44917] INFO  handler.ContextHandler (ContextHandler.java:doStop(1153)) - Stopped o.e.j.w.WebAppContext@36139a32{hddsDatanode,/,null,STOPPED}{jar:file:/home/runner/.m2/repository/org/apache/ozone/hdds-container-service/1.2.0-SNAPSHOT/hdds-container-service-1.2.0-SNAPSHOT.jar!/webapps/hddsDatanode}
2021-08-14 13:13:49,593 [Listener at 127.0.0.1/44917] INFO  server.AbstractConnector (AbstractConnector.java:doStop(381)) - Stopped ServerConnector@37f91f4c{HTTP/1.1, (http/1.1)}{0.0.0.0:0}
2021-08-14 13:13:49,593 [Listener at 127.0.0.1/44917] INFO  server.session (HouseKeeper.java:stopScavenging(149)) - node0 Stopped scavenging
2021-08-14 13:13:49,593 [Listener at 127.0.0.1/44917] INFO  handler.ContextHandler (ContextHandler.java:doStop(1153)) - Stopped o.e.j.s.ServletContextHandler@18d506f2{static,/static,jar:file:/home/runner/.m2/repository/org/apache/ozone/hdds-container-service/1.2.0-SNAPSHOT/hdds-container-service-1.2.0-SNAPSHOT.jar!/webapps/static,STOPPED}
2021-08-14 13:13:49,593 [Listener at 127.0.0.1/44917] INFO  handler.ContextHandler (ContextHandler.java:doStop(1153)) - Stopped o.e.j.s.ServletContextHandler@3c588f38{logs,/logs,file:///home/runner/work/ozone/ozone/hadoop-ozone/integration-test/target/log,STOPPED}
2021-08-14 13:13:49,602 [Listener at 127.0.0.1/44917] INFO  ozone.MiniOzoneClusterImpl (MiniOzoneClusterImpl.java:stopSCM(542)) - Stopping the StorageContainerManager
2021-08-14 13:13:49,603 [Listener at 127.0.0.1/44917] INFO  server.StorageContainerManager (StorageContainerManager.java:stop(1341)) - Stopping Replication Manager Service.
2021-08-14 13:13:49,603 [Listener at 127.0.0.1/44917] INFO  container.ReplicationManager (ReplicationManager.java:stop(317)) - Stopping Replication Monitor Thread.
2021-08-14 13:13:49,603 [Listener at 127.0.0.1/44917] INFO  server.StorageContainerManager (StorageContainerManager.java:stop(1348)) - Stopping the Datanode Admin Monitor.
2021-08-14 13:13:49,606 [Listener at 127.0.0.1/44917] INFO  server.StorageContainerManager (StorageContainerManager.java:stop(1355)) - Stopping Lease Manager of the command watchers
2021-08-14 13:13:49,606 [Listener at 127.0.0.1/44917] INFO  server.StorageContainerManager (StorageContainerManager.java:stop(1362)) - Stopping datanode service RPC server
2021-08-14 13:13:49,606 [Listener at 127.0.0.1/44917] INFO  server.SCMDatanodeProtocolServer (SCMDatanodeProtocolServer.java:stop(389)) - Stopping the RPC server for DataNodes
2021-08-14 13:13:49,606 [Listener at 127.0.0.1/44917] INFO  ipc.Server (Server.java:stop(3414)) - Stopping server on 36767
2021-08-14 13:13:49,634 [IPC Server listener on 0] INFO  ipc.Server (Server.java:run(1376)) - Stopping IPC Server listener on 0
2021-08-14 13:13:49,635 [IPC Server Responder] INFO  ipc.Server (Server.java:run(1512)) - Stopping IPC Server Responder
2021-08-14 13:13:49,698 [SCM Heartbeat Processing Thread - 0] WARN  node.NodeStateManager (NodeStateManager.java:scheduleNextHealthCheck(799)) - Current Thread is interrupted, shutting down HB processing thread for Node Manager.
2021-08-14 13:13:49,699 [Listener at 127.0.0.1/44917] INFO  server.StorageContainerManager (StorageContainerManager.java:stop(1370)) - Stopping block service RPC server
2021-08-14 13:13:49,700 [Listener at 127.0.0.1/44917] INFO  server.SCMBlockProtocolServer (SCMBlockProtocolServer.java:stop(160)) - Stopping the RPC server for Block Protocol
2021-08-14 13:13:49,700 [Listener at 127.0.0.1/44917] INFO  ipc.Server (Server.java:stop(3414)) - Stopping server on 33153
2021-08-14 13:13:49,710 [IPC Server listener on 0] INFO  ipc.Server (Server.java:run(1376)) - Stopping IPC Server listener on 0
2021-08-14 13:13:49,710 [Listener at 127.0.0.1/44917] INFO  server.StorageContainerManager (StorageContainerManager.java:stop(1377)) - Stopping the StorageContainerLocationProtocol RPC server
2021-08-14 13:13:49,710 [Listener at 127.0.0.1/44917] INFO  server.SCMClientProtocolServer (SCMClientProtocolServer.java:stop(173)) - Stopping the RPC server for Client Protocol
2021-08-14 13:13:49,726 [Listener at 127.0.0.1/44917] INFO  ipc.Server (Server.java:stop(3414)) - Stopping server on 44415
2021-08-14 13:13:49,728 [IPC Server Responder] INFO  ipc.Server (Server.java:run(1512)) - Stopping IPC Server Responder
2021-08-14 13:13:49,738 [IPC Server listener on 0] INFO  ipc.Server (Server.java:run(1376)) - Stopping IPC Server listener on 0
2021-08-14 13:13:49,738 [Listener at 127.0.0.1/44917] INFO  server.StorageContainerManager (StorageContainerManager.java:stop(1384)) - Stopping Storage Container Manager HTTP server.
2021-08-14 13:13:49,738 [IPC Server Responder] INFO  ipc.Server (Server.java:run(1512)) - Stopping IPC Server Responder
2021-08-14 13:13:49,738 [Listener at 127.0.0.1/44917] INFO  handler.ContextHandler (ContextHandler.java:doStop(1153)) - Stopped o.e.j.w.WebAppContext@42c910db{scm,/,null,STOPPED}{file:/home/runner/work/ozone/ozone/hadoop-ozone/integration-test/target/test-classes/webapps/scm}
2021-08-14 13:13:49,755 [Listener at 127.0.0.1/44917] INFO  server.AbstractConnector (AbstractConnector.java:doStop(381)) - Stopped ServerConnector@18fcd54a{HTTP/1.1, (http/1.1)}{0.0.0.0:0}
2021-08-14 13:13:49,755 [Listener at 127.0.0.1/44917] INFO  server.session (HouseKeeper.java:stopScavenging(149)) - node0 Stopped scavenging
2021-08-14 13:13:49,755 [Listener at 127.0.0.1/44917] INFO  handler.ContextHandler (ContextHandler.java:doStop(1153)) - Stopped o.e.j.s.ServletContextHandler@4b42becd{static,/static,file:///home/runner/work/ozone/ozone/hadoop-ozone/integration-test/target/test-classes/webapps/static,STOPPED}
2021-08-14 13:13:49,756 [Listener at 127.0.0.1/44917] INFO  handler.ContextHandler (ContextHandler.java:doStop(1153)) - Stopped o.e.j.s.ServletContextHandler@47073798{logs,/logs,file:///home/runner/work/ozone/ozone/hadoop-ozone/integration-test/target/log,STOPPED}
2021-08-14 13:13:49,762 [Listener at 127.0.0.1/44917] INFO  server.StorageContainerManager (StorageContainerManager.java:stop(1395)) - Stopping Block Manager Service.
2021-08-14 13:13:49,762 [Listener at 127.0.0.1/44917] INFO  utils.BackgroundService (BackgroundService.java:shutdown(132)) - Shutting down service SCMBlockDeletingService
2021-08-14 13:13:49,762 [Listener at 127.0.0.1/44917] INFO  utils.BackgroundService (BackgroundService.java:shutdown(132)) - Shutting down service SCMBlockDeletingService
2021-08-14 13:13:49,763 [Listener at 127.0.0.1/44917] INFO  server.StorageContainerManager (StorageContainerManager.java:stop(1422)) - Stopping SCM Event Queue.
2021-08-14 13:13:49,764 [Listener at 127.0.0.1/44917] INFO  server.StorageContainerManager (StorageContainerManager.java:stop(1433)) - Stopping SCM HA services.
2021-08-14 13:13:49,764 [Listener at 127.0.0.1/44917] INFO  pipeline.BackgroundPipelineCreator (BackgroundPipelineCreatorV2.java:stop(158)) - Stopping RatisPipelineUtilsThread.
2021-08-14 13:13:49,767 [Listener at 127.0.0.1/44917] INFO  server.StorageContainerManager (StorageContainerManager.java:stop(1443)) - Stopping SCM MetadataStore.
2021-08-14 13:13:49,768 [Listener at 127.0.0.1/44917] INFO  impl.MetricsSystemImpl (MetricsSystemImpl.java:stop(210)) - Stopping HddsDatanode metrics system...
2021-08-14 13:13:49,811 [prometheus] INFO  impl.MetricsSinkAdapter (MetricsSinkAdapter.java:publishMetricsFromQueue(141)) - prometheus thread interrupted.
2021-08-14 13:13:49,811 [Listener at 127.0.0.1/44917] INFO  impl.MetricsSystemImpl (MetricsSystemImpl.java:stop(216)) - HddsDatanode metrics system stopped.
]]></system-out>
  </testcase>
</testsuite>