<?xml version="1.0" encoding="UTF-8"?>
<testsuite xmlns:xsi="http://www.w3.org/2001/XMLSchema-instance" xsi:noNamespaceSchemaLocation="https://maven.apache.org/surefire/maven-surefire-plugin/xsd/surefire-test-report.xsd" name="org.apache.hadoop.ozone.om.TestOMRatisSnapshots" time="186.483" tests="3" errors="0" skipped="0" failures="1">
  <properties>
    <property name="awt.toolkit" value="sun.awt.X11.XToolkit"/>
    <property name="file.encoding.pkg" value="sun.io"/>
    <property name="java.specification.version" value="1.8"/>
    <property name="sun.cpu.isalist" value=""/>
    <property name="sun.jnu.encoding" value="ANSI_X3.4-1968"/>
    <property name="java.class.path" value="/github/workspace/mnt/ozone/hadoop-ozone/integration-test/target/test-classes:/github/workspace/mnt/ozone/hadoop-ozone/integration-test/target/classes:/home/user/.m2/repository/org/apache/hadoop/hadoop-ozone-common/1.1.0-SNAPSHOT/hadoop-ozone-common-1.1.0-SNAPSHOT.jar:/home/user/.m2/repository/org/apache/commons/commons-compress/1.4.1/commons-compress-1.4.1.jar:/home/user/.m2/repository/org/tukaani/xz/1.0/xz-1.0.jar:/home/user/.m2/repository/org/apache/hadoop/hadoop-hdds-common/1.1.0-SNAPSHOT/hadoop-hdds-common-1.1.0-SNAPSHOT.jar:/home/user/.m2/repository/org/apache/hadoop/hadoop-hdds-client/1.1.0-SNAPSHOT/hadoop-hdds-client-1.1.0-SNAPSHOT.jar:/home/user/.m2/repository/org/apache/hadoop/hadoop-ozone-interface-client/1.1.0-SNAPSHOT/hadoop-ozone-interface-client-1.1.0-SNAPSHOT.jar:/home/user/.m2/repository/org/apache/hadoop/hadoop-hdds-test-utils/1.1.0-SNAPSHOT/hadoop-hdds-test-utils-1.1.0-SNAPSHOT.jar:/home/user/.m2/repository/com/google/guava/guava/28.2-jre/guava-28.2-jre.jar:/home/user/.m2/repository/com/google/guava/failureaccess/1.0.1/failureaccess-1.0.1.jar:/home/user/.m2/repository/com/google/guava/listenablefuture/9999.0-empty-to-avoid-conflict-with-guava/listenablefuture-9999.0-empty-to-avoid-conflict-with-guava.jar:/home/user/.m2/repository/com/google/code/findbugs/jsr305/3.0.0/jsr305-3.0.0.jar:/home/user/.m2/repository/org/checkerframework/checker-qual/2.10.0/checker-qual-2.10.0.jar:/home/user/.m2/repository/com/google/errorprone/error_prone_annotations/2.2.0/error_prone_annotations-2.2.0.jar:/home/user/.m2/repository/com/google/j2objc/j2objc-annotations/1.3/j2objc-annotations-1.3.jar:/home/user/.m2/repository/commons-io/commons-io/2.5/commons-io-2.5.jar:/home/user/.m2/repository/commons-logging/commons-logging/1.2/commons-logging-1.2.jar:/home/user/.m2/repository/log4j/log4j/1.2.17/log4j-1.2.17.jar:/home/user/.m2/repository/org/slf4j/slf4j-api/1.7.30/slf4j-api-1.7.30.jar:/home/user/.m2/repository/org/apache/hadoop/hadoop-hdds-server-scm/1.1.0-SNAPSHOT/hadoop-hdds-server-scm-1.1.0-SNAPSHOT.jar:/home/user/.m2/repository/org/apache/hadoop/hadoop-hdds-container-service/1.1.0-SNAPSHOT/hadoop-hdds-container-service-1.1.0-SNAPSHOT.jar:/home/user/.m2/repository/org/apache/hadoop/hadoop-hdds-hadoop-dependency-server/1.1.0-SNAPSHOT/hadoop-hdds-hadoop-dependency-server-1.1.0-SNAPSHOT.jar:/home/user/.m2/repository/org/apache/hadoop/hadoop-hdfs/3.2.1/hadoop-hdfs-3.2.1.jar:/home/user/.m2/repository/org/apache/hadoop/hadoop-hdds-server-framework/1.1.0-SNAPSHOT/hadoop-hdds-server-framework-1.1.0-SNAPSHOT.jar:/home/user/.m2/repository/org/apache/hadoop/hadoop-hdds-interface-server/1.1.0-SNAPSHOT/hadoop-hdds-interface-server-1.1.0-SNAPSHOT.jar:/home/user/.m2/repository/org/apache/hadoop/hadoop-hdds-interface-admin/1.1.0-SNAPSHOT/hadoop-hdds-interface-admin-1.1.0-SNAPSHOT.jar:/home/user/.m2/repository/org/eclipse/jetty/jetty-servlet/9.4.34.v20201102/jetty-servlet-9.4.34.v20201102.jar:/home/user/.m2/repository/org/eclipse/jetty/jetty-security/9.4.34.v20201102/jetty-security-9.4.34.v20201102.jar:/home/user/.m2/repository/org/rocksdb/rocksdbjni/6.8.1/rocksdbjni-6.8.1.jar:/home/user/.m2/repository/io/prometheus/simpleclient_dropwizard/0.7.0/simpleclient_dropwizard-0.7.0.jar:/home/user/.m2/repository/io/prometheus/simpleclient/0.7.0/simpleclient-0.7.0.jar:/home/user/.m2/repository/io/prometheus/simpleclient_common/0.7.0/simpleclient_common-0.7.0.jar:/home/user/.m2/repository/com/fasterxml/jackson/datatype/jackson-datatype-jsr310/2.10.3/jackson-datatype-jsr310-2.10.3.jar:/home/user/.m2/repository/io/dropwizard/metrics/metrics-core/3.2.4/metrics-core-3.2.4.jar:/home/user/.m2/repository/org/apache/hadoop/hadoop-hdfs-client/3.2.1/hadoop-hdfs-client-3.2.1.jar:/home/user/.m2/repository/org/bouncycastle/bcprov-jdk15on/1.67/bcprov-jdk15on-1.67.jar:/home/user/.m2/repository/org/apache/hadoop/hadoop-ozone-ozone-manager/1.1.0-SNAPSHOT/hadoop-ozone-ozone-manager-1.1.0-SNAPSHOT.jar:/home/user/.m2/repository/org/apache/hadoop/hadoop-hdds-interface-client/1.1.0-SNAPSHOT/hadoop-hdds-interface-client-1.1.0-SNAPSHOT.jar:/home/user/.m2/repository/org/apache/ratis/ratis-thirdparty-misc/0.6.0-SNAPSHOT/ratis-thirdparty-misc-0.6.0-SNAPSHOT.jar:/home/user/.m2/repository/org/apache/hadoop/hadoop-ozone-interface-storage/1.1.0-SNAPSHOT/hadoop-ozone-interface-storage-1.1.0-SNAPSHOT.jar:/home/user/.m2/repository/org/apache/hadoop/hadoop-minikdc/3.2.1/hadoop-minikdc-3.2.1.jar:/home/user/.m2/repository/org/apache/kerby/kerb-simplekdc/1.0.1/kerb-simplekdc-1.0.1.jar:/home/user/.m2/repository/org/apache/kerby/kerb-client/1.0.1/kerb-client-1.0.1.jar:/home/user/.m2/repository/org/apache/kerby/kerby-config/1.0.1/kerby-config-1.0.1.jar:/home/user/.m2/repository/org/apache/kerby/kerb-core/1.0.1/kerb-core-1.0.1.jar:/home/user/.m2/repository/org/apache/kerby/kerby-pkix/1.0.1/kerby-pkix-1.0.1.jar:/home/user/.m2/repository/org/apache/kerby/kerby-asn1/1.0.1/kerby-asn1-1.0.1.jar:/home/user/.m2/repository/org/apache/kerby/kerby-util/1.0.1/kerby-util-1.0.1.jar:/home/user/.m2/repository/org/apache/kerby/kerb-common/1.0.1/kerb-common-1.0.1.jar:/home/user/.m2/repository/org/apache/kerby/kerb-crypto/1.0.1/kerb-crypto-1.0.1.jar:/home/user/.m2/repository/org/apache/kerby/kerb-util/1.0.1/kerb-util-1.0.1.jar:/home/user/.m2/repository/org/apache/kerby/token-provider/1.0.1/token-provider-1.0.1.jar:/home/user/.m2/repository/org/apache/kerby/kerb-admin/1.0.1/kerb-admin-1.0.1.jar:/home/user/.m2/repository/org/apache/kerby/kerb-server/1.0.1/kerb-server-1.0.1.jar:/home/user/.m2/repository/org/apache/kerby/kerb-identity/1.0.1/kerb-identity-1.0.1.jar:/home/user/.m2/repository/org/apache/kerby/kerby-xdr/1.0.1/kerby-xdr-1.0.1.jar:/home/user/.m2/repository/org/slf4j/slf4j-log4j12/1.7.30/slf4j-log4j12-1.7.30.jar:/home/user/.m2/repository/org/apache/hadoop/hadoop-ozone-s3gateway/1.1.0-SNAPSHOT/hadoop-ozone-s3gateway-1.1.0-SNAPSHOT.jar:/home/user/.m2/repository/org/jboss/weld/servlet/weld-servlet/2.4.7.Final/weld-servlet-2.4.7.Final.jar:/home/user/.m2/repository/org/glassfish/jersey/containers/jersey-container-servlet-core/2.27/jersey-container-servlet-core-2.27.jar:/home/user/.m2/repository/org/glassfish/hk2/external/javax.inject/2.5.0-b42/javax.inject-2.5.0-b42.jar:/home/user/.m2/repository/org/glassfish/jersey/core/jersey-common/2.27/jersey-common-2.27.jar:/home/user/.m2/repository/org/glassfish/hk2/osgi-resource-locator/1.0.1/osgi-resource-locator-1.0.1.jar:/home/user/.m2/repository/javax/ws/rs/javax.ws.rs-api/2.1/javax.ws.rs-api-2.1.jar:/home/user/.m2/repository/org/glassfish/jersey/ext/cdi/jersey-cdi1x/2.27/jersey-cdi1x-2.27.jar:/home/user/.m2/repository/org/glassfish/jersey/inject/jersey-hk2/2.27/jersey-hk2-2.27.jar:/home/user/.m2/repository/org/glassfish/hk2/hk2-locator/2.5.0-b42/hk2-locator-2.5.0-b42.jar:/home/user/.m2/repository/org/javassist/javassist/3.22.0-CR2/javassist-3.22.0-CR2.jar:/home/user/.m2/repository/org/glassfish/hk2/hk2-api/2.5.0/hk2-api-2.5.0.jar:/home/user/.m2/repository/org/glassfish/hk2/external/jakarta.inject/2.5.0/jakarta.inject-2.5.0.jar:/home/user/.m2/repository/org/glassfish/hk2/hk2-utils/2.5.0/hk2-utils-2.5.0.jar:/home/user/.m2/repository/jakarta/annotation/jakarta.annotation-api/1.3.4/jakarta.annotation-api-1.3.4.jar:/home/user/.m2/repository/org/glassfish/hk2/external/aopalliance-repackaged/2.5.0/aopalliance-repackaged-2.5.0.jar:/home/user/.m2/repository/com/fasterxml/jackson/dataformat/jackson-dataformat-xml/2.10.3/jackson-dataformat-xml-2.10.3.jar:/home/user/.m2/repository/com/fasterxml/jackson/core/jackson-core/2.10.3/jackson-core-2.10.3.jar:/home/user/.m2/repository/com/fasterxml/jackson/module/jackson-module-jaxb-annotations/2.10.3/jackson-module-jaxb-annotations-2.10.3.jar:/home/user/.m2/repository/jakarta/xml/bind/jakarta.xml.bind-api/2.3.2/jakarta.xml.bind-api-2.3.2.jar:/home/user/.m2/repository/jakarta/activation/jakarta.activation-api/1.2.1/jakarta.activation-api-1.2.1.jar:/home/user/.m2/repository/org/codehaus/woodstox/stax2-api/3.1.4/stax2-api-3.1.4.jar:/home/user/.m2/repository/com/fasterxml/woodstox/woodstox-core/5.0.3/woodstox-core-5.0.3.jar:/home/user/.m2/repository/javax/enterprise/cdi-api/1.2/cdi-api-1.2.jar:/home/user/.m2/repository/javax/el/javax.el-api/3.0.0/javax.el-api-3.0.0.jar:/home/user/.m2/repository/javax/interceptor/javax.interceptor-api/1.2/javax.interceptor-api-1.2.jar:/home/user/.m2/repository/javax/inject/javax.inject/1/javax.inject-1.jar:/home/user/.m2/repository/com/sun/xml/bind/jaxb-impl/2.3.0.1/jaxb-impl-2.3.0.1.jar:/home/user/.m2/repository/com/sun/xml/bind/jaxb-core/2.3.0.1/jaxb-core-2.3.0.1.jar:/home/user/.m2/repository/javax/xml/bind/jaxb-api/2.3.0/jaxb-api-2.3.0.jar:/home/user/.m2/repository/javax/activation/activation/1.1.1/activation-1.1.1.jar:/home/user/.m2/repository/org/apache/hadoop/hadoop-ozone-csi/1.1.0-SNAPSHOT/hadoop-ozone-csi-1.1.0-SNAPSHOT.jar:/home/user/.m2/repository/com/google/protobuf/protobuf-java-util/3.11.0/protobuf-java-util-3.11.0.jar:/home/user/.m2/repository/com/google/code/gson/gson/2.2.4/gson-2.2.4.jar:/home/user/.m2/repository/org/apache/hadoop/hadoop-hdds-config/1.1.0-SNAPSHOT/hadoop-hdds-config-1.1.0-SNAPSHOT.jar:/home/user/.m2/repository/com/google/protobuf/protobuf-java/2.5.0/protobuf-java-2.5.0.jar:/home/user/.m2/repository/io/grpc/grpc-netty/1.29.0/grpc-netty-1.29.0.jar:/home/user/.m2/repository/io/grpc/grpc-core/1.29.0/grpc-core-1.29.0.jar:/home/user/.m2/repository/com/google/android/annotations/4.1.1.4/annotations-4.1.1.4.jar:/home/user/.m2/repository/io/perfmark/perfmark-api/0.19.0/perfmark-api-0.19.0.jar:/home/user/.m2/repository/io/netty/netty-codec-http2/4.1.48.Final/netty-codec-http2-4.1.48.Final.jar:/home/user/.m2/repository/io/netty/netty-codec/4.1.48.Final/netty-codec-4.1.48.Final.jar:/home/user/.m2/repository/io/netty/netty-handler/4.1.48.Final/netty-handler-4.1.48.Final.jar:/home/user/.m2/repository/io/netty/netty-codec-http/4.1.48.Final/netty-codec-http-4.1.48.Final.jar:/home/user/.m2/repository/io/netty/netty-handler-proxy/4.1.48.Final/netty-handler-proxy-4.1.48.Final.jar:/home/user/.m2/repository/io/netty/netty-codec-socks/4.1.48.Final/netty-codec-socks-4.1.48.Final.jar:/home/user/.m2/repository/io/netty/netty-transport-native-epoll/4.1.48.Final/netty-transport-native-epoll-4.1.48.Final.jar:/home/user/.m2/repository/io/netty/netty-common/4.1.48.Final/netty-common-4.1.48.Final.jar:/home/user/.m2/repository/io/netty/netty-buffer/4.1.48.Final/netty-buffer-4.1.48.Final.jar:/home/user/.m2/repository/io/netty/netty-transport/4.1.48.Final/netty-transport-4.1.48.Final.jar:/home/user/.m2/repository/io/netty/netty-resolver/4.1.48.Final/netty-resolver-4.1.48.Final.jar:/home/user/.m2/repository/io/netty/netty-transport-native-unix-common/4.1.48.Final/netty-transport-native-unix-common-4.1.48.Final.jar:/home/user/.m2/repository/io/grpc/grpc-protobuf/1.29.0/grpc-protobuf-1.29.0.jar:/home/user/.m2/repository/io/grpc/grpc-api/1.29.0/grpc-api-1.29.0.jar:/home/user/.m2/repository/io/grpc/grpc-context/1.29.0/grpc-context-1.29.0.jar:/home/user/.m2/repository/org/codehaus/mojo/animal-sniffer-annotations/1.18/animal-sniffer-annotations-1.18.jar:/home/user/.m2/repository/com/google/api/grpc/proto-google-common-protos/1.17.0/proto-google-common-protos-1.17.0.jar:/home/user/.m2/repository/io/grpc/grpc-protobuf-lite/1.29.0/grpc-protobuf-lite-1.29.0.jar:/home/user/.m2/repository/io/grpc/grpc-stub/1.29.0/grpc-stub-1.29.0.jar:/home/user/.m2/repository/org/apache/hadoop/hadoop-ozone-recon/1.1.0-SNAPSHOT/hadoop-ozone-recon-1.1.0-SNAPSHOT.jar:/home/user/.m2/repository/org/apache/hadoop/hadoop-ozone-reconcodegen/1.1.0-SNAPSHOT/hadoop-ozone-reconcodegen-1.1.0-SNAPSHOT.jar:/home/user/.m2/repository/com/google/inject/extensions/guice-multibindings/4.0/guice-multibindings-4.0.jar:/home/user/.m2/repository/com/google/inject/guice/4.0/guice-4.0.jar:/home/user/.m2/repository/aopalliance/aopalliance/1.0/aopalliance-1.0.jar:/home/user/.m2/repository/com/google/inject/extensions/guice-assistedinject/4.0/guice-assistedinject-4.0.jar:/home/user/.m2/repository/com/google/inject/extensions/guice-servlet/4.0/guice-servlet-4.0.jar:/home/user/.m2/repository/org/glassfish/jersey/containers/jersey-container-servlet/2.27/jersey-container-servlet-2.27.jar:/home/user/.m2/repository/org/glassfish/hk2/guice-bridge/2.5.0/guice-bridge-2.5.0.jar:/home/user/.m2/repository/org/glassfish/jersey/core/jersey-server/2.27/jersey-server-2.27.jar:/home/user/.m2/repository/org/glassfish/jersey/core/jersey-client/2.27/jersey-client-2.27.jar:/home/user/.m2/repository/org/glassfish/jersey/media/jersey-media-jaxb/2.27/jersey-media-jaxb-2.27.jar:/home/user/.m2/repository/javax/validation/validation-api/1.1.0.Final/validation-api-1.1.0.Final.jar:/home/user/.m2/repository/org/glassfish/jersey/media/jersey-media-json-jackson/2.27/jersey-media-json-jackson-2.27.jar:/home/user/.m2/repository/org/glassfish/jersey/ext/jersey-entity-filtering/2.27/jersey-entity-filtering-2.27.jar:/home/user/.m2/repository/org/jooq/jooq/3.11.10/jooq-3.11.10.jar:/home/user/.m2/repository/org/jooq/jooq-meta/3.11.10/jooq-meta-3.11.10.jar:/home/user/.m2/repository/org/jooq/jooq-codegen/3.11.10/jooq-codegen-3.11.10.jar:/home/user/.m2/repository/com/jolbox/bonecp/0.8.0.RELEASE/bonecp-0.8.0.RELEASE.jar:/home/user/.m2/repository/org/apache/derby/derby/10.14.2.0/derby-10.14.2.0.jar:/home/user/.m2/repository/org/xerial/sqlite-jdbc/3.25.2/sqlite-jdbc-3.25.2.jar:/home/user/.m2/repository/org/springframework/spring-jdbc/5.2.11.RELEASE/spring-jdbc-5.2.11.RELEASE.jar:/home/user/.m2/repository/org/springframework/spring-beans/5.2.11.RELEASE/spring-beans-5.2.11.RELEASE.jar:/home/user/.m2/repository/org/springframework/spring-core/5.2.11.RELEASE/spring-core-5.2.11.RELEASE.jar:/home/user/.m2/repository/org/springframework/spring-jcl/5.2.11.RELEASE/spring-jcl-5.2.11.RELEASE.jar:/home/user/.m2/repository/org/springframework/spring-tx/5.2.11.RELEASE/spring-tx-5.2.11.RELEASE.jar:/home/user/.m2/repository/org/apache/hadoop/hadoop-ozone-client/1.1.0-SNAPSHOT/hadoop-ozone-client-1.1.0-SNAPSHOT.jar:/home/user/.m2/repository/org/apache/hadoop/hadoop-ozone-filesystem/1.1.0-SNAPSHOT/hadoop-ozone-filesystem-1.1.0-SNAPSHOT.jar:/home/user/.m2/repository/org/apache/hadoop/hadoop-ozone-filesystem-common/1.1.0-SNAPSHOT/hadoop-ozone-filesystem-common-1.1.0-SNAPSHOT.jar:/home/user/.m2/repository/org/apache/hadoop/hadoop-ozone-tools/1.1.0-SNAPSHOT/hadoop-ozone-tools-1.1.0-SNAPSHOT.jar:/home/user/.m2/repository/org/apache/ratis/ratis-tools/1.1.0-35f17fa-SNAPSHOT/ratis-tools-1.1.0-35f17fa-SNAPSHOT.jar:/home/user/.m2/repository/org/apache/ratis/ratis-proto/1.1.0-35f17fa-SNAPSHOT/ratis-proto-1.1.0-35f17fa-SNAPSHOT.jar:/home/user/.m2/repository/org/apache/ratis/ratis-common/1.1.0-35f17fa-SNAPSHOT/ratis-common-1.1.0-35f17fa-SNAPSHOT.jar:/home/user/.m2/repository/com/amazonaws/aws-java-sdk-core/1.11.901/aws-java-sdk-core-1.11.901.jar:/home/user/.m2/repository/org/apache/httpcomponents/httpclient/4.5.13/httpclient-4.5.13.jar:/home/user/.m2/repository/org/apache/httpcomponents/httpcore/4.4.13/httpcore-4.4.13.jar:/home/user/.m2/repository/software/amazon/ion/ion-java/1.0.2/ion-java-1.0.2.jar:/home/user/.m2/repository/com/fasterxml/jackson/dataformat/jackson-dataformat-cbor/2.10.3/jackson-dataformat-cbor-2.10.3.jar:/home/user/.m2/repository/joda-time/joda-time/2.8.1/joda-time-2.8.1.jar:/home/user/.m2/repository/com/amazonaws/aws-java-sdk-s3/1.11.901/aws-java-sdk-s3-1.11.901.jar:/home/user/.m2/repository/com/amazonaws/aws-java-sdk-kms/1.11.901/aws-java-sdk-kms-1.11.901.jar:/home/user/.m2/repository/com/amazonaws/jmespath-java/1.11.901/jmespath-java-1.11.901.jar:/home/user/.m2/repository/org/kohsuke/metainf-services/metainf-services/1.8/metainf-services-1.8.jar:/home/user/.m2/repository/org/apache/hadoop/hadoop-hdds-tools/1.1.0-SNAPSHOT/hadoop-hdds-tools-1.1.0-SNAPSHOT.jar:/home/user/.m2/repository/commons-cli/commons-cli/1.2/commons-cli-1.2.jar:/home/user/.m2/repository/org/apache/commons/commons-lang3/3.7/commons-lang3-3.7.jar:/home/user/.m2/repository/org/apache/hadoop/hadoop-ozone-ozone-manager/1.1.0-SNAPSHOT/hadoop-ozone-ozone-manager-1.1.0-SNAPSHOT-tests.jar:/home/user/.m2/repository/org/apache/hadoop/hadoop-hdds-common/1.1.0-SNAPSHOT/hadoop-hdds-common-1.1.0-SNAPSHOT-tests.jar:/home/user/.m2/repository/org/apache/hadoop/hadoop-hdds-hadoop-dependency-client/1.1.0-SNAPSHOT/hadoop-hdds-hadoop-dependency-client-1.1.0-SNAPSHOT.jar:/home/user/.m2/repository/info/picocli/picocli/4.4.0/picocli-4.4.0.jar:/home/user/.m2/repository/com/fasterxml/jackson/core/jackson-annotations/2.10.3/jackson-annotations-2.10.3.jar:/home/user/.m2/repository/javax/annotation/javax.annotation-api/1.2/javax.annotation-api-1.2.jar:/home/user/.m2/repository/org/fusesource/leveldbjni/leveldbjni-all/1.8/leveldbjni-all-1.8.jar:/home/user/.m2/repository/org/apache/ratis/ratis-server/1.1.0-35f17fa-SNAPSHOT/ratis-server-1.1.0-35f17fa-SNAPSHOT.jar:/home/user/.m2/repository/org/apache/ratis/ratis-client/1.1.0-35f17fa-SNAPSHOT/ratis-client-1.1.0-35f17fa-SNAPSHOT.jar:/home/user/.m2/repository/org/apache/ratis/ratis-server-api/1.1.0-35f17fa-SNAPSHOT/ratis-server-api-1.1.0-35f17fa-SNAPSHOT.jar:/home/user/.m2/repository/org/apache/ratis/ratis-metrics/1.1.0-35f17fa-SNAPSHOT/ratis-metrics-1.1.0-35f17fa-SNAPSHOT.jar:/home/user/.m2/repository/org/apache/ratis/ratis-netty/1.1.0-35f17fa-SNAPSHOT/ratis-netty-1.1.0-35f17fa-SNAPSHOT.jar:/home/user/.m2/repository/org/apache/ratis/ratis-grpc/1.1.0-35f17fa-SNAPSHOT/ratis-grpc-1.1.0-35f17fa-SNAPSHOT.jar:/home/user/.m2/repository/org/apache/logging/log4j/log4j-api/2.13.3/log4j-api-2.13.3.jar:/home/user/.m2/repository/org/apache/logging/log4j/log4j-core/2.13.3/log4j-core-2.13.3.jar:/home/user/.m2/repository/com/lmax/disruptor/3.4.2/disruptor-3.4.2.jar:/home/user/.m2/repository/org/apache/commons/commons-pool2/2.6.0/commons-pool2-2.6.0.jar:/home/user/.m2/repository/org/bouncycastle/bcpkix-jdk15on/1.67/bcpkix-jdk15on-1.67.jar:/home/user/.m2/repository/commons-validator/commons-validator/1.6/commons-validator-1.6.jar:/home/user/.m2/repository/commons-beanutils/commons-beanutils/1.9.4/commons-beanutils-1.9.4.jar:/home/user/.m2/repository/commons-digester/commons-digester/1.8.1/commons-digester-1.8.1.jar:/home/user/.m2/repository/commons-collections/commons-collections/3.2.2/commons-collections-3.2.2.jar:/home/user/.m2/repository/io/jaegertracing/jaeger-client/1.2.0/jaeger-client-1.2.0.jar:/home/user/.m2/repository/io/jaegertracing/jaeger-thrift/1.2.0/jaeger-thrift-1.2.0.jar:/home/user/.m2/repository/org/apache/thrift/libthrift/0.13.0/libthrift-0.13.0.jar:/home/user/.m2/repository/com/squareup/okhttp3/okhttp/4.2.2/okhttp-4.2.2.jar:/home/user/.m2/repository/com/squareup/okio/okio/2.2.2/okio-2.2.2.jar:/home/user/.m2/repository/org/jetbrains/kotlin/kotlin-stdlib/1.3.50/kotlin-stdlib-1.3.50.jar:/home/user/.m2/repository/org/jetbrains/kotlin/kotlin-stdlib-common/1.3.50/kotlin-stdlib-common-1.3.50.jar:/home/user/.m2/repository/org/jetbrains/annotations/13.0/annotations-13.0.jar:/home/user/.m2/repository/io/jaegertracing/jaeger-core/1.2.0/jaeger-core-1.2.0.jar:/home/user/.m2/repository/io/jaegertracing/jaeger-tracerresolver/1.2.0/jaeger-tracerresolver-1.2.0.jar:/home/user/.m2/repository/io/opentracing/contrib/opentracing-tracerresolver/0.1.8/opentracing-tracerresolver-0.1.8.jar:/home/user/.m2/repository/io/opentracing/opentracing-util/0.33.0/opentracing-util-0.33.0.jar:/home/user/.m2/repository/io/opentracing/opentracing-api/0.33.0/opentracing-api-0.33.0.jar:/home/user/.m2/repository/io/opentracing/opentracing-noop/0.33.0/opentracing-noop-0.33.0.jar:/home/user/.m2/repository/org/yaml/snakeyaml/1.26/snakeyaml-1.26.jar:/home/user/.m2/repository/junit/junit/4.11/junit-4.11.jar:/home/user/.m2/repository/org/hamcrest/hamcrest-core/1.3/hamcrest-core-1.3.jar:/home/user/.m2/repository/org/openjdk/jmh/jmh-core/1.19/jmh-core-1.19.jar:/home/user/.m2/repository/net/sf/jopt-simple/jopt-simple/4.6/jopt-simple-4.6.jar:/home/user/.m2/repository/org/apache/commons/commons-math3/3.1.1/commons-math3-3.1.1.jar:/home/user/.m2/repository/org/openjdk/jmh/jmh-generator-annprocess/1.19/jmh-generator-annprocess-1.19.jar:/home/user/.m2/repository/org/mockito/mockito-all/1.8.5/mockito-all-1.8.5.jar:/home/user/.m2/repository/org/apache/hadoop/hadoop-kms/3.2.1/hadoop-kms-3.2.1.jar:/home/user/.m2/repository/org/apache/hadoop/hadoop-auth/3.2.1/hadoop-auth-3.2.1.jar:/home/user/.m2/repository/com/nimbusds/nimbus-jose-jwt/7.9/nimbus-jose-jwt-7.9.jar:/home/user/.m2/repository/com/github/stephenc/jcip/jcip-annotations/1.0-1/jcip-annotations-1.0-1.jar:/home/user/.m2/repository/net/minidev/json-smart/2.3/json-smart-2.3.jar:/home/user/.m2/repository/net/minidev/accessors-smart/1.2/accessors-smart-1.2.jar:/home/user/.m2/repository/org/ow2/asm/asm/5.0.4/asm-5.0.4.jar:/home/user/.m2/repository/org/apache/zookeeper/zookeeper/3.4.13/zookeeper-3.4.13.jar:/home/user/.m2/repository/org/apache/yetus/audience-annotations/0.5.0/audience-annotations-0.5.0.jar:/home/user/.m2/repository/org/apache/curator/curator-framework/2.13.0/curator-framework-2.13.0.jar:/home/user/.m2/repository/com/sun/jersey/jersey-core/1.19/jersey-core-1.19.jar:/home/user/.m2/repository/javax/ws/rs/jsr311-api/1.1.1/jsr311-api-1.1.1.jar:/home/user/.m2/repository/com/sun/jersey/jersey-server/1.19/jersey-server-1.19.jar:/home/user/.m2/repository/javax/servlet/javax.servlet-api/3.1.0/javax.servlet-api-3.1.0.jar:/home/user/.m2/repository/org/eclipse/jetty/jetty-server/9.4.34.v20201102/jetty-server-9.4.34.v20201102.jar:/home/user/.m2/repository/org/eclipse/jetty/jetty-http/9.4.34.v20201102/jetty-http-9.4.34.v20201102.jar:/home/user/.m2/repository/org/eclipse/jetty/jetty-io/9.4.34.v20201102/jetty-io-9.4.34.v20201102.jar:/home/user/.m2/repository/org/eclipse/jetty/jetty-webapp/9.4.34.v20201102/jetty-webapp-9.4.34.v20201102.jar:/home/user/.m2/repository/org/eclipse/jetty/jetty-xml/9.4.34.v20201102/jetty-xml-9.4.34.v20201102.jar:/home/user/.m2/repository/org/apache/hadoop/hadoop-common/3.2.1/hadoop-common-3.2.1.jar:/home/user/.m2/repository/commons-net/commons-net/3.6/commons-net-3.6.jar:/home/user/.m2/repository/com/sun/jersey/jersey-servlet/1.19/jersey-servlet-1.19.jar:/home/user/.m2/repository/com/sun/jersey/jersey-json/1.19/jersey-json-1.19.jar:/home/user/.m2/repository/org/codehaus/jettison/jettison/1.1/jettison-1.1.jar:/home/user/.m2/repository/org/codehaus/jackson/jackson-jaxrs/1.9.2/jackson-jaxrs-1.9.2.jar:/home/user/.m2/repository/org/codehaus/jackson/jackson-xc/1.9.2/jackson-xc-1.9.2.jar:/home/user/.m2/repository/org/apache/commons/commons-configuration2/2.1.1/commons-configuration2-2.1.1.jar:/home/user/.m2/repository/org/apache/commons/commons-text/1.4/commons-text-1.4.jar:/home/user/.m2/repository/com/google/re2j/re2j/1.1/re2j-1.1.jar:/home/user/.m2/repository/com/jcraft/jsch/0.1.54/jsch-0.1.54.jar:/home/user/.m2/repository/org/apache/curator/curator-client/2.13.0/curator-client-2.13.0.jar:/home/user/.m2/repository/org/apache/curator/curator-recipes/2.13.0/curator-recipes-2.13.0.jar:/home/user/.m2/repository/dnsjava/dnsjava/2.1.7/dnsjava-2.1.7.jar:/home/user/.m2/repository/org/slf4j/jul-to-slf4j/1.7.30/jul-to-slf4j-1.7.30.jar:/home/user/.m2/repository/org/eclipse/jetty/jetty-util/9.4.34.v20201102/jetty-util-9.4.34.v20201102.jar:/home/user/.m2/repository/com/fasterxml/jackson/core/jackson-databind/2.10.3/jackson-databind-2.10.3.jar:/home/user/.m2/repository/org/apache/hadoop/hadoop-kms/3.2.1/hadoop-kms-3.2.1-tests.jar:/home/user/.m2/repository/org/apache/hadoop/hadoop-hdds-server-scm/1.1.0-SNAPSHOT/hadoop-hdds-server-scm-1.1.0-SNAPSHOT-tests.jar:/home/user/.m2/repository/org/apache/hadoop/hadoop-hdds-container-service/1.1.0-SNAPSHOT/hadoop-hdds-container-service-1.1.0-SNAPSHOT-tests.jar:/home/user/.m2/repository/commons-codec/commons-codec/1.11/commons-codec-1.11.jar:/home/user/.m2/repository/org/apache/hadoop/hadoop-hdds-hadoop-dependency-test/1.1.0-SNAPSHOT/hadoop-hdds-hadoop-dependency-test-1.1.0-SNAPSHOT.jar:/home/user/.m2/repository/org/apache/hadoop/hadoop-common/3.2.1/hadoop-common-3.2.1-tests.jar:/home/user/.m2/repository/org/apache/hadoop/hadoop-hdfs/3.2.1/hadoop-hdfs-3.2.1-tests.jar:/home/user/.m2/repository/org/eclipse/jetty/jetty-util-ajax/9.4.34.v20201102/jetty-util-ajax-9.4.34.v20201102.jar:/home/user/.m2/repository/commons-daemon/commons-daemon/1.0.13/commons-daemon-1.0.13.jar:/home/user/.m2/repository/io/netty/netty/3.10.5.Final/netty-3.10.5.Final.jar:/home/user/.m2/repository/io/netty/netty-all/4.1.48.Final/netty-all-4.1.48.Final.jar:/home/user/.m2/repository/org/apache/htrace/htrace-core4/4.1.0-incubating/htrace-core4-4.1.0-incubating.jar:/home/user/.m2/repository/org/apache/hadoop/hadoop-distcp/3.2.1/hadoop-distcp-3.2.1.jar:/home/user/.m2/repository/org/apache/hadoop/hadoop-mapreduce-client-jobclient/3.2.1/hadoop-mapreduce-client-jobclient-3.2.1.jar:/home/user/.m2/repository/org/apache/hadoop/hadoop-mapreduce-client-common/3.2.1/hadoop-mapreduce-client-common-3.2.1.jar:/home/user/.m2/repository/org/apache/hadoop/hadoop-yarn-common/3.2.1/hadoop-yarn-common-3.2.1.jar:/home/user/.m2/repository/org/apache/hadoop/hadoop-yarn-api/3.2.1/hadoop-yarn-api-3.2.1.jar:/home/user/.m2/repository/com/sun/jersey/jersey-client/1.19/jersey-client-1.19.jar:/home/user/.m2/repository/com/sun/jersey/contribs/jersey-guice/1.19/jersey-guice-1.19.jar:/home/user/.m2/repository/com/fasterxml/jackson/jaxrs/jackson-jaxrs-json-provider/2.10.3/jackson-jaxrs-json-provider-2.10.3.jar:/home/user/.m2/repository/com/fasterxml/jackson/jaxrs/jackson-jaxrs-base/2.10.3/jackson-jaxrs-base-2.10.3.jar:/home/user/.m2/repository/org/apache/hadoop/hadoop-yarn-client/3.2.1/hadoop-yarn-client-3.2.1.jar:/home/user/.m2/repository/org/apache/hadoop/hadoop-mapreduce-client-core/3.2.1/hadoop-mapreduce-client-core-3.2.1.jar:/home/user/.m2/repository/org/apache/avro/avro/1.7.7/avro-1.7.7.jar:/home/user/.m2/repository/org/codehaus/jackson/jackson-core-asl/1.9.13/jackson-core-asl-1.9.13.jar:/home/user/.m2/repository/org/codehaus/jackson/jackson-mapper-asl/1.9.13/jackson-mapper-asl-1.9.13.jar:/home/user/.m2/repository/com/thoughtworks/paranamer/paranamer/2.3/paranamer-2.3.jar:/home/user/.m2/repository/org/xerial/snappy/snappy-java/1.0.5/snappy-java-1.0.5.jar:/home/user/.m2/repository/org/apache/hadoop/hadoop-annotations/3.2.1/hadoop-annotations-3.2.1.jar:/usr/lib/jvm/java-1.8.0-openjdk-1.8.0.232.b09-0.el7_7.x86_64/jre/../lib/tools.jar:/home/user/.m2/repository/org/apache/hadoop/hadoop-distcp/3.2.1/hadoop-distcp-3.2.1-tests.jar:"/>
    <property name="java.vm.vendor" value="Oracle Corporation"/>
    <property name="sun.arch.data.model" value="64"/>
    <property name="test.build.dir" value="/github/workspace/mnt/ozone/hadoop-ozone/integration-test/target/test-dir"/>
    <property name="test.cache.data" value=""/>
    <property name="java.vendor.url" value="http://java.oracle.com/"/>
    <property name="user.timezone" value=""/>
    <property name="java.vm.specification.version" value="1.8"/>
    <property name="os.name" value="Linux"/>
    <property name="test.build.data" value="/github/workspace/mnt/ozone/hadoop-ozone/integration-test/target/test-dir"/>
    <property name="user.country" value="US"/>
    <property name="sun.java.launcher" value="SUN_STANDARD"/>
    <property name="sun.boot.library.path" value="/usr/lib/jvm/java-1.8.0-openjdk-1.8.0.232.b09-0.el7_7.x86_64/jre/lib/amd64"/>
    <property name="sun.java.command" value="/github/workspace/mnt/ozone/hadoop-ozone/integration-test/target/surefire/surefirebooter3506425454192025092.jar /github/workspace/mnt/ozone/hadoop-ozone/integration-test/target/surefire 2021-01-18T07-09-10_376-jvmRun1 surefire5352622322681802204tmp surefire_126857446710906978922tmp"/>
    <property name="surefire.test.class.path" value="/github/workspace/mnt/ozone/hadoop-ozone/integration-test/target/test-classes:/github/workspace/mnt/ozone/hadoop-ozone/integration-test/target/classes:/home/user/.m2/repository/org/apache/hadoop/hadoop-ozone-common/1.1.0-SNAPSHOT/hadoop-ozone-common-1.1.0-SNAPSHOT.jar:/home/user/.m2/repository/org/apache/commons/commons-compress/1.4.1/commons-compress-1.4.1.jar:/home/user/.m2/repository/org/tukaani/xz/1.0/xz-1.0.jar:/home/user/.m2/repository/org/apache/hadoop/hadoop-hdds-common/1.1.0-SNAPSHOT/hadoop-hdds-common-1.1.0-SNAPSHOT.jar:/home/user/.m2/repository/org/apache/hadoop/hadoop-hdds-client/1.1.0-SNAPSHOT/hadoop-hdds-client-1.1.0-SNAPSHOT.jar:/home/user/.m2/repository/org/apache/hadoop/hadoop-ozone-interface-client/1.1.0-SNAPSHOT/hadoop-ozone-interface-client-1.1.0-SNAPSHOT.jar:/home/user/.m2/repository/org/apache/hadoop/hadoop-hdds-test-utils/1.1.0-SNAPSHOT/hadoop-hdds-test-utils-1.1.0-SNAPSHOT.jar:/home/user/.m2/repository/com/google/guava/guava/28.2-jre/guava-28.2-jre.jar:/home/user/.m2/repository/com/google/guava/failureaccess/1.0.1/failureaccess-1.0.1.jar:/home/user/.m2/repository/com/google/guava/listenablefuture/9999.0-empty-to-avoid-conflict-with-guava/listenablefuture-9999.0-empty-to-avoid-conflict-with-guava.jar:/home/user/.m2/repository/com/google/code/findbugs/jsr305/3.0.0/jsr305-3.0.0.jar:/home/user/.m2/repository/org/checkerframework/checker-qual/2.10.0/checker-qual-2.10.0.jar:/home/user/.m2/repository/com/google/errorprone/error_prone_annotations/2.2.0/error_prone_annotations-2.2.0.jar:/home/user/.m2/repository/com/google/j2objc/j2objc-annotations/1.3/j2objc-annotations-1.3.jar:/home/user/.m2/repository/commons-io/commons-io/2.5/commons-io-2.5.jar:/home/user/.m2/repository/commons-logging/commons-logging/1.2/commons-logging-1.2.jar:/home/user/.m2/repository/log4j/log4j/1.2.17/log4j-1.2.17.jar:/home/user/.m2/repository/org/slf4j/slf4j-api/1.7.30/slf4j-api-1.7.30.jar:/home/user/.m2/repository/org/apache/hadoop/hadoop-hdds-server-scm/1.1.0-SNAPSHOT/hadoop-hdds-server-scm-1.1.0-SNAPSHOT.jar:/home/user/.m2/repository/org/apache/hadoop/hadoop-hdds-container-service/1.1.0-SNAPSHOT/hadoop-hdds-container-service-1.1.0-SNAPSHOT.jar:/home/user/.m2/repository/org/apache/hadoop/hadoop-hdds-hadoop-dependency-server/1.1.0-SNAPSHOT/hadoop-hdds-hadoop-dependency-server-1.1.0-SNAPSHOT.jar:/home/user/.m2/repository/org/apache/hadoop/hadoop-hdfs/3.2.1/hadoop-hdfs-3.2.1.jar:/home/user/.m2/repository/org/apache/hadoop/hadoop-hdds-server-framework/1.1.0-SNAPSHOT/hadoop-hdds-server-framework-1.1.0-SNAPSHOT.jar:/home/user/.m2/repository/org/apache/hadoop/hadoop-hdds-interface-server/1.1.0-SNAPSHOT/hadoop-hdds-interface-server-1.1.0-SNAPSHOT.jar:/home/user/.m2/repository/org/apache/hadoop/hadoop-hdds-interface-admin/1.1.0-SNAPSHOT/hadoop-hdds-interface-admin-1.1.0-SNAPSHOT.jar:/home/user/.m2/repository/org/eclipse/jetty/jetty-servlet/9.4.34.v20201102/jetty-servlet-9.4.34.v20201102.jar:/home/user/.m2/repository/org/eclipse/jetty/jetty-security/9.4.34.v20201102/jetty-security-9.4.34.v20201102.jar:/home/user/.m2/repository/org/rocksdb/rocksdbjni/6.8.1/rocksdbjni-6.8.1.jar:/home/user/.m2/repository/io/prometheus/simpleclient_dropwizard/0.7.0/simpleclient_dropwizard-0.7.0.jar:/home/user/.m2/repository/io/prometheus/simpleclient/0.7.0/simpleclient-0.7.0.jar:/home/user/.m2/repository/io/prometheus/simpleclient_common/0.7.0/simpleclient_common-0.7.0.jar:/home/user/.m2/repository/com/fasterxml/jackson/datatype/jackson-datatype-jsr310/2.10.3/jackson-datatype-jsr310-2.10.3.jar:/home/user/.m2/repository/io/dropwizard/metrics/metrics-core/3.2.4/metrics-core-3.2.4.jar:/home/user/.m2/repository/org/apache/hadoop/hadoop-hdfs-client/3.2.1/hadoop-hdfs-client-3.2.1.jar:/home/user/.m2/repository/org/bouncycastle/bcprov-jdk15on/1.67/bcprov-jdk15on-1.67.jar:/home/user/.m2/repository/org/apache/hadoop/hadoop-ozone-ozone-manager/1.1.0-SNAPSHOT/hadoop-ozone-ozone-manager-1.1.0-SNAPSHOT.jar:/home/user/.m2/repository/org/apache/hadoop/hadoop-hdds-interface-client/1.1.0-SNAPSHOT/hadoop-hdds-interface-client-1.1.0-SNAPSHOT.jar:/home/user/.m2/repository/org/apache/ratis/ratis-thirdparty-misc/0.6.0-SNAPSHOT/ratis-thirdparty-misc-0.6.0-SNAPSHOT.jar:/home/user/.m2/repository/org/apache/hadoop/hadoop-ozone-interface-storage/1.1.0-SNAPSHOT/hadoop-ozone-interface-storage-1.1.0-SNAPSHOT.jar:/home/user/.m2/repository/org/apache/hadoop/hadoop-minikdc/3.2.1/hadoop-minikdc-3.2.1.jar:/home/user/.m2/repository/org/apache/kerby/kerb-simplekdc/1.0.1/kerb-simplekdc-1.0.1.jar:/home/user/.m2/repository/org/apache/kerby/kerb-client/1.0.1/kerb-client-1.0.1.jar:/home/user/.m2/repository/org/apache/kerby/kerby-config/1.0.1/kerby-config-1.0.1.jar:/home/user/.m2/repository/org/apache/kerby/kerb-core/1.0.1/kerb-core-1.0.1.jar:/home/user/.m2/repository/org/apache/kerby/kerby-pkix/1.0.1/kerby-pkix-1.0.1.jar:/home/user/.m2/repository/org/apache/kerby/kerby-asn1/1.0.1/kerby-asn1-1.0.1.jar:/home/user/.m2/repository/org/apache/kerby/kerby-util/1.0.1/kerby-util-1.0.1.jar:/home/user/.m2/repository/org/apache/kerby/kerb-common/1.0.1/kerb-common-1.0.1.jar:/home/user/.m2/repository/org/apache/kerby/kerb-crypto/1.0.1/kerb-crypto-1.0.1.jar:/home/user/.m2/repository/org/apache/kerby/kerb-util/1.0.1/kerb-util-1.0.1.jar:/home/user/.m2/repository/org/apache/kerby/token-provider/1.0.1/token-provider-1.0.1.jar:/home/user/.m2/repository/org/apache/kerby/kerb-admin/1.0.1/kerb-admin-1.0.1.jar:/home/user/.m2/repository/org/apache/kerby/kerb-server/1.0.1/kerb-server-1.0.1.jar:/home/user/.m2/repository/org/apache/kerby/kerb-identity/1.0.1/kerb-identity-1.0.1.jar:/home/user/.m2/repository/org/apache/kerby/kerby-xdr/1.0.1/kerby-xdr-1.0.1.jar:/home/user/.m2/repository/org/slf4j/slf4j-log4j12/1.7.30/slf4j-log4j12-1.7.30.jar:/home/user/.m2/repository/org/apache/hadoop/hadoop-ozone-s3gateway/1.1.0-SNAPSHOT/hadoop-ozone-s3gateway-1.1.0-SNAPSHOT.jar:/home/user/.m2/repository/org/jboss/weld/servlet/weld-servlet/2.4.7.Final/weld-servlet-2.4.7.Final.jar:/home/user/.m2/repository/org/glassfish/jersey/containers/jersey-container-servlet-core/2.27/jersey-container-servlet-core-2.27.jar:/home/user/.m2/repository/org/glassfish/hk2/external/javax.inject/2.5.0-b42/javax.inject-2.5.0-b42.jar:/home/user/.m2/repository/org/glassfish/jersey/core/jersey-common/2.27/jersey-common-2.27.jar:/home/user/.m2/repository/org/glassfish/hk2/osgi-resource-locator/1.0.1/osgi-resource-locator-1.0.1.jar:/home/user/.m2/repository/javax/ws/rs/javax.ws.rs-api/2.1/javax.ws.rs-api-2.1.jar:/home/user/.m2/repository/org/glassfish/jersey/ext/cdi/jersey-cdi1x/2.27/jersey-cdi1x-2.27.jar:/home/user/.m2/repository/org/glassfish/jersey/inject/jersey-hk2/2.27/jersey-hk2-2.27.jar:/home/user/.m2/repository/org/glassfish/hk2/hk2-locator/2.5.0-b42/hk2-locator-2.5.0-b42.jar:/home/user/.m2/repository/org/javassist/javassist/3.22.0-CR2/javassist-3.22.0-CR2.jar:/home/user/.m2/repository/org/glassfish/hk2/hk2-api/2.5.0/hk2-api-2.5.0.jar:/home/user/.m2/repository/org/glassfish/hk2/external/jakarta.inject/2.5.0/jakarta.inject-2.5.0.jar:/home/user/.m2/repository/org/glassfish/hk2/hk2-utils/2.5.0/hk2-utils-2.5.0.jar:/home/user/.m2/repository/jakarta/annotation/jakarta.annotation-api/1.3.4/jakarta.annotation-api-1.3.4.jar:/home/user/.m2/repository/org/glassfish/hk2/external/aopalliance-repackaged/2.5.0/aopalliance-repackaged-2.5.0.jar:/home/user/.m2/repository/com/fasterxml/jackson/dataformat/jackson-dataformat-xml/2.10.3/jackson-dataformat-xml-2.10.3.jar:/home/user/.m2/repository/com/fasterxml/jackson/core/jackson-core/2.10.3/jackson-core-2.10.3.jar:/home/user/.m2/repository/com/fasterxml/jackson/module/jackson-module-jaxb-annotations/2.10.3/jackson-module-jaxb-annotations-2.10.3.jar:/home/user/.m2/repository/jakarta/xml/bind/jakarta.xml.bind-api/2.3.2/jakarta.xml.bind-api-2.3.2.jar:/home/user/.m2/repository/jakarta/activation/jakarta.activation-api/1.2.1/jakarta.activation-api-1.2.1.jar:/home/user/.m2/repository/org/codehaus/woodstox/stax2-api/3.1.4/stax2-api-3.1.4.jar:/home/user/.m2/repository/com/fasterxml/woodstox/woodstox-core/5.0.3/woodstox-core-5.0.3.jar:/home/user/.m2/repository/javax/enterprise/cdi-api/1.2/cdi-api-1.2.jar:/home/user/.m2/repository/javax/el/javax.el-api/3.0.0/javax.el-api-3.0.0.jar:/home/user/.m2/repository/javax/interceptor/javax.interceptor-api/1.2/javax.interceptor-api-1.2.jar:/home/user/.m2/repository/javax/inject/javax.inject/1/javax.inject-1.jar:/home/user/.m2/repository/com/sun/xml/bind/jaxb-impl/2.3.0.1/jaxb-impl-2.3.0.1.jar:/home/user/.m2/repository/com/sun/xml/bind/jaxb-core/2.3.0.1/jaxb-core-2.3.0.1.jar:/home/user/.m2/repository/javax/xml/bind/jaxb-api/2.3.0/jaxb-api-2.3.0.jar:/home/user/.m2/repository/javax/activation/activation/1.1.1/activation-1.1.1.jar:/home/user/.m2/repository/org/apache/hadoop/hadoop-ozone-csi/1.1.0-SNAPSHOT/hadoop-ozone-csi-1.1.0-SNAPSHOT.jar:/home/user/.m2/repository/com/google/protobuf/protobuf-java-util/3.11.0/protobuf-java-util-3.11.0.jar:/home/user/.m2/repository/com/google/code/gson/gson/2.2.4/gson-2.2.4.jar:/home/user/.m2/repository/org/apache/hadoop/hadoop-hdds-config/1.1.0-SNAPSHOT/hadoop-hdds-config-1.1.0-SNAPSHOT.jar:/home/user/.m2/repository/com/google/protobuf/protobuf-java/2.5.0/protobuf-java-2.5.0.jar:/home/user/.m2/repository/io/grpc/grpc-netty/1.29.0/grpc-netty-1.29.0.jar:/home/user/.m2/repository/io/grpc/grpc-core/1.29.0/grpc-core-1.29.0.jar:/home/user/.m2/repository/com/google/android/annotations/4.1.1.4/annotations-4.1.1.4.jar:/home/user/.m2/repository/io/perfmark/perfmark-api/0.19.0/perfmark-api-0.19.0.jar:/home/user/.m2/repository/io/netty/netty-codec-http2/4.1.48.Final/netty-codec-http2-4.1.48.Final.jar:/home/user/.m2/repository/io/netty/netty-codec/4.1.48.Final/netty-codec-4.1.48.Final.jar:/home/user/.m2/repository/io/netty/netty-handler/4.1.48.Final/netty-handler-4.1.48.Final.jar:/home/user/.m2/repository/io/netty/netty-codec-http/4.1.48.Final/netty-codec-http-4.1.48.Final.jar:/home/user/.m2/repository/io/netty/netty-handler-proxy/4.1.48.Final/netty-handler-proxy-4.1.48.Final.jar:/home/user/.m2/repository/io/netty/netty-codec-socks/4.1.48.Final/netty-codec-socks-4.1.48.Final.jar:/home/user/.m2/repository/io/netty/netty-transport-native-epoll/4.1.48.Final/netty-transport-native-epoll-4.1.48.Final.jar:/home/user/.m2/repository/io/netty/netty-common/4.1.48.Final/netty-common-4.1.48.Final.jar:/home/user/.m2/repository/io/netty/netty-buffer/4.1.48.Final/netty-buffer-4.1.48.Final.jar:/home/user/.m2/repository/io/netty/netty-transport/4.1.48.Final/netty-transport-4.1.48.Final.jar:/home/user/.m2/repository/io/netty/netty-resolver/4.1.48.Final/netty-resolver-4.1.48.Final.jar:/home/user/.m2/repository/io/netty/netty-transport-native-unix-common/4.1.48.Final/netty-transport-native-unix-common-4.1.48.Final.jar:/home/user/.m2/repository/io/grpc/grpc-protobuf/1.29.0/grpc-protobuf-1.29.0.jar:/home/user/.m2/repository/io/grpc/grpc-api/1.29.0/grpc-api-1.29.0.jar:/home/user/.m2/repository/io/grpc/grpc-context/1.29.0/grpc-context-1.29.0.jar:/home/user/.m2/repository/org/codehaus/mojo/animal-sniffer-annotations/1.18/animal-sniffer-annotations-1.18.jar:/home/user/.m2/repository/com/google/api/grpc/proto-google-common-protos/1.17.0/proto-google-common-protos-1.17.0.jar:/home/user/.m2/repository/io/grpc/grpc-protobuf-lite/1.29.0/grpc-protobuf-lite-1.29.0.jar:/home/user/.m2/repository/io/grpc/grpc-stub/1.29.0/grpc-stub-1.29.0.jar:/home/user/.m2/repository/org/apache/hadoop/hadoop-ozone-recon/1.1.0-SNAPSHOT/hadoop-ozone-recon-1.1.0-SNAPSHOT.jar:/home/user/.m2/repository/org/apache/hadoop/hadoop-ozone-reconcodegen/1.1.0-SNAPSHOT/hadoop-ozone-reconcodegen-1.1.0-SNAPSHOT.jar:/home/user/.m2/repository/com/google/inject/extensions/guice-multibindings/4.0/guice-multibindings-4.0.jar:/home/user/.m2/repository/com/google/inject/guice/4.0/guice-4.0.jar:/home/user/.m2/repository/aopalliance/aopalliance/1.0/aopalliance-1.0.jar:/home/user/.m2/repository/com/google/inject/extensions/guice-assistedinject/4.0/guice-assistedinject-4.0.jar:/home/user/.m2/repository/com/google/inject/extensions/guice-servlet/4.0/guice-servlet-4.0.jar:/home/user/.m2/repository/org/glassfish/jersey/containers/jersey-container-servlet/2.27/jersey-container-servlet-2.27.jar:/home/user/.m2/repository/org/glassfish/hk2/guice-bridge/2.5.0/guice-bridge-2.5.0.jar:/home/user/.m2/repository/org/glassfish/jersey/core/jersey-server/2.27/jersey-server-2.27.jar:/home/user/.m2/repository/org/glassfish/jersey/core/jersey-client/2.27/jersey-client-2.27.jar:/home/user/.m2/repository/org/glassfish/jersey/media/jersey-media-jaxb/2.27/jersey-media-jaxb-2.27.jar:/home/user/.m2/repository/javax/validation/validation-api/1.1.0.Final/validation-api-1.1.0.Final.jar:/home/user/.m2/repository/org/glassfish/jersey/media/jersey-media-json-jackson/2.27/jersey-media-json-jackson-2.27.jar:/home/user/.m2/repository/org/glassfish/jersey/ext/jersey-entity-filtering/2.27/jersey-entity-filtering-2.27.jar:/home/user/.m2/repository/org/jooq/jooq/3.11.10/jooq-3.11.10.jar:/home/user/.m2/repository/org/jooq/jooq-meta/3.11.10/jooq-meta-3.11.10.jar:/home/user/.m2/repository/org/jooq/jooq-codegen/3.11.10/jooq-codegen-3.11.10.jar:/home/user/.m2/repository/com/jolbox/bonecp/0.8.0.RELEASE/bonecp-0.8.0.RELEASE.jar:/home/user/.m2/repository/org/apache/derby/derby/10.14.2.0/derby-10.14.2.0.jar:/home/user/.m2/repository/org/xerial/sqlite-jdbc/3.25.2/sqlite-jdbc-3.25.2.jar:/home/user/.m2/repository/org/springframework/spring-jdbc/5.2.11.RELEASE/spring-jdbc-5.2.11.RELEASE.jar:/home/user/.m2/repository/org/springframework/spring-beans/5.2.11.RELEASE/spring-beans-5.2.11.RELEASE.jar:/home/user/.m2/repository/org/springframework/spring-core/5.2.11.RELEASE/spring-core-5.2.11.RELEASE.jar:/home/user/.m2/repository/org/springframework/spring-jcl/5.2.11.RELEASE/spring-jcl-5.2.11.RELEASE.jar:/home/user/.m2/repository/org/springframework/spring-tx/5.2.11.RELEASE/spring-tx-5.2.11.RELEASE.jar:/home/user/.m2/repository/org/apache/hadoop/hadoop-ozone-client/1.1.0-SNAPSHOT/hadoop-ozone-client-1.1.0-SNAPSHOT.jar:/home/user/.m2/repository/org/apache/hadoop/hadoop-ozone-filesystem/1.1.0-SNAPSHOT/hadoop-ozone-filesystem-1.1.0-SNAPSHOT.jar:/home/user/.m2/repository/org/apache/hadoop/hadoop-ozone-filesystem-common/1.1.0-SNAPSHOT/hadoop-ozone-filesystem-common-1.1.0-SNAPSHOT.jar:/home/user/.m2/repository/org/apache/hadoop/hadoop-ozone-tools/1.1.0-SNAPSHOT/hadoop-ozone-tools-1.1.0-SNAPSHOT.jar:/home/user/.m2/repository/org/apache/ratis/ratis-tools/1.1.0-35f17fa-SNAPSHOT/ratis-tools-1.1.0-35f17fa-SNAPSHOT.jar:/home/user/.m2/repository/org/apache/ratis/ratis-proto/1.1.0-35f17fa-SNAPSHOT/ratis-proto-1.1.0-35f17fa-SNAPSHOT.jar:/home/user/.m2/repository/org/apache/ratis/ratis-common/1.1.0-35f17fa-SNAPSHOT/ratis-common-1.1.0-35f17fa-SNAPSHOT.jar:/home/user/.m2/repository/com/amazonaws/aws-java-sdk-core/1.11.901/aws-java-sdk-core-1.11.901.jar:/home/user/.m2/repository/org/apache/httpcomponents/httpclient/4.5.13/httpclient-4.5.13.jar:/home/user/.m2/repository/org/apache/httpcomponents/httpcore/4.4.13/httpcore-4.4.13.jar:/home/user/.m2/repository/software/amazon/ion/ion-java/1.0.2/ion-java-1.0.2.jar:/home/user/.m2/repository/com/fasterxml/jackson/dataformat/jackson-dataformat-cbor/2.10.3/jackson-dataformat-cbor-2.10.3.jar:/home/user/.m2/repository/joda-time/joda-time/2.8.1/joda-time-2.8.1.jar:/home/user/.m2/repository/com/amazonaws/aws-java-sdk-s3/1.11.901/aws-java-sdk-s3-1.11.901.jar:/home/user/.m2/repository/com/amazonaws/aws-java-sdk-kms/1.11.901/aws-java-sdk-kms-1.11.901.jar:/home/user/.m2/repository/com/amazonaws/jmespath-java/1.11.901/jmespath-java-1.11.901.jar:/home/user/.m2/repository/org/kohsuke/metainf-services/metainf-services/1.8/metainf-services-1.8.jar:/home/user/.m2/repository/org/apache/hadoop/hadoop-hdds-tools/1.1.0-SNAPSHOT/hadoop-hdds-tools-1.1.0-SNAPSHOT.jar:/home/user/.m2/repository/commons-cli/commons-cli/1.2/commons-cli-1.2.jar:/home/user/.m2/repository/org/apache/commons/commons-lang3/3.7/commons-lang3-3.7.jar:/home/user/.m2/repository/org/apache/hadoop/hadoop-ozone-ozone-manager/1.1.0-SNAPSHOT/hadoop-ozone-ozone-manager-1.1.0-SNAPSHOT-tests.jar:/home/user/.m2/repository/org/apache/hadoop/hadoop-hdds-common/1.1.0-SNAPSHOT/hadoop-hdds-common-1.1.0-SNAPSHOT-tests.jar:/home/user/.m2/repository/org/apache/hadoop/hadoop-hdds-hadoop-dependency-client/1.1.0-SNAPSHOT/hadoop-hdds-hadoop-dependency-client-1.1.0-SNAPSHOT.jar:/home/user/.m2/repository/info/picocli/picocli/4.4.0/picocli-4.4.0.jar:/home/user/.m2/repository/com/fasterxml/jackson/core/jackson-annotations/2.10.3/jackson-annotations-2.10.3.jar:/home/user/.m2/repository/javax/annotation/javax.annotation-api/1.2/javax.annotation-api-1.2.jar:/home/user/.m2/repository/org/fusesource/leveldbjni/leveldbjni-all/1.8/leveldbjni-all-1.8.jar:/home/user/.m2/repository/org/apache/ratis/ratis-server/1.1.0-35f17fa-SNAPSHOT/ratis-server-1.1.0-35f17fa-SNAPSHOT.jar:/home/user/.m2/repository/org/apache/ratis/ratis-client/1.1.0-35f17fa-SNAPSHOT/ratis-client-1.1.0-35f17fa-SNAPSHOT.jar:/home/user/.m2/repository/org/apache/ratis/ratis-server-api/1.1.0-35f17fa-SNAPSHOT/ratis-server-api-1.1.0-35f17fa-SNAPSHOT.jar:/home/user/.m2/repository/org/apache/ratis/ratis-metrics/1.1.0-35f17fa-SNAPSHOT/ratis-metrics-1.1.0-35f17fa-SNAPSHOT.jar:/home/user/.m2/repository/org/apache/ratis/ratis-netty/1.1.0-35f17fa-SNAPSHOT/ratis-netty-1.1.0-35f17fa-SNAPSHOT.jar:/home/user/.m2/repository/org/apache/ratis/ratis-grpc/1.1.0-35f17fa-SNAPSHOT/ratis-grpc-1.1.0-35f17fa-SNAPSHOT.jar:/home/user/.m2/repository/org/apache/logging/log4j/log4j-api/2.13.3/log4j-api-2.13.3.jar:/home/user/.m2/repository/org/apache/logging/log4j/log4j-core/2.13.3/log4j-core-2.13.3.jar:/home/user/.m2/repository/com/lmax/disruptor/3.4.2/disruptor-3.4.2.jar:/home/user/.m2/repository/org/apache/commons/commons-pool2/2.6.0/commons-pool2-2.6.0.jar:/home/user/.m2/repository/org/bouncycastle/bcpkix-jdk15on/1.67/bcpkix-jdk15on-1.67.jar:/home/user/.m2/repository/commons-validator/commons-validator/1.6/commons-validator-1.6.jar:/home/user/.m2/repository/commons-beanutils/commons-beanutils/1.9.4/commons-beanutils-1.9.4.jar:/home/user/.m2/repository/commons-digester/commons-digester/1.8.1/commons-digester-1.8.1.jar:/home/user/.m2/repository/commons-collections/commons-collections/3.2.2/commons-collections-3.2.2.jar:/home/user/.m2/repository/io/jaegertracing/jaeger-client/1.2.0/jaeger-client-1.2.0.jar:/home/user/.m2/repository/io/jaegertracing/jaeger-thrift/1.2.0/jaeger-thrift-1.2.0.jar:/home/user/.m2/repository/org/apache/thrift/libthrift/0.13.0/libthrift-0.13.0.jar:/home/user/.m2/repository/com/squareup/okhttp3/okhttp/4.2.2/okhttp-4.2.2.jar:/home/user/.m2/repository/com/squareup/okio/okio/2.2.2/okio-2.2.2.jar:/home/user/.m2/repository/org/jetbrains/kotlin/kotlin-stdlib/1.3.50/kotlin-stdlib-1.3.50.jar:/home/user/.m2/repository/org/jetbrains/kotlin/kotlin-stdlib-common/1.3.50/kotlin-stdlib-common-1.3.50.jar:/home/user/.m2/repository/org/jetbrains/annotations/13.0/annotations-13.0.jar:/home/user/.m2/repository/io/jaegertracing/jaeger-core/1.2.0/jaeger-core-1.2.0.jar:/home/user/.m2/repository/io/jaegertracing/jaeger-tracerresolver/1.2.0/jaeger-tracerresolver-1.2.0.jar:/home/user/.m2/repository/io/opentracing/contrib/opentracing-tracerresolver/0.1.8/opentracing-tracerresolver-0.1.8.jar:/home/user/.m2/repository/io/opentracing/opentracing-util/0.33.0/opentracing-util-0.33.0.jar:/home/user/.m2/repository/io/opentracing/opentracing-api/0.33.0/opentracing-api-0.33.0.jar:/home/user/.m2/repository/io/opentracing/opentracing-noop/0.33.0/opentracing-noop-0.33.0.jar:/home/user/.m2/repository/org/yaml/snakeyaml/1.26/snakeyaml-1.26.jar:/home/user/.m2/repository/junit/junit/4.11/junit-4.11.jar:/home/user/.m2/repository/org/hamcrest/hamcrest-core/1.3/hamcrest-core-1.3.jar:/home/user/.m2/repository/org/openjdk/jmh/jmh-core/1.19/jmh-core-1.19.jar:/home/user/.m2/repository/net/sf/jopt-simple/jopt-simple/4.6/jopt-simple-4.6.jar:/home/user/.m2/repository/org/apache/commons/commons-math3/3.1.1/commons-math3-3.1.1.jar:/home/user/.m2/repository/org/openjdk/jmh/jmh-generator-annprocess/1.19/jmh-generator-annprocess-1.19.jar:/home/user/.m2/repository/org/mockito/mockito-all/1.8.5/mockito-all-1.8.5.jar:/home/user/.m2/repository/org/apache/hadoop/hadoop-kms/3.2.1/hadoop-kms-3.2.1.jar:/home/user/.m2/repository/org/apache/hadoop/hadoop-auth/3.2.1/hadoop-auth-3.2.1.jar:/home/user/.m2/repository/com/nimbusds/nimbus-jose-jwt/7.9/nimbus-jose-jwt-7.9.jar:/home/user/.m2/repository/com/github/stephenc/jcip/jcip-annotations/1.0-1/jcip-annotations-1.0-1.jar:/home/user/.m2/repository/net/minidev/json-smart/2.3/json-smart-2.3.jar:/home/user/.m2/repository/net/minidev/accessors-smart/1.2/accessors-smart-1.2.jar:/home/user/.m2/repository/org/ow2/asm/asm/5.0.4/asm-5.0.4.jar:/home/user/.m2/repository/org/apache/zookeeper/zookeeper/3.4.13/zookeeper-3.4.13.jar:/home/user/.m2/repository/org/apache/yetus/audience-annotations/0.5.0/audience-annotations-0.5.0.jar:/home/user/.m2/repository/org/apache/curator/curator-framework/2.13.0/curator-framework-2.13.0.jar:/home/user/.m2/repository/com/sun/jersey/jersey-core/1.19/jersey-core-1.19.jar:/home/user/.m2/repository/javax/ws/rs/jsr311-api/1.1.1/jsr311-api-1.1.1.jar:/home/user/.m2/repository/com/sun/jersey/jersey-server/1.19/jersey-server-1.19.jar:/home/user/.m2/repository/javax/servlet/javax.servlet-api/3.1.0/javax.servlet-api-3.1.0.jar:/home/user/.m2/repository/org/eclipse/jetty/jetty-server/9.4.34.v20201102/jetty-server-9.4.34.v20201102.jar:/home/user/.m2/repository/org/eclipse/jetty/jetty-http/9.4.34.v20201102/jetty-http-9.4.34.v20201102.jar:/home/user/.m2/repository/org/eclipse/jetty/jetty-io/9.4.34.v20201102/jetty-io-9.4.34.v20201102.jar:/home/user/.m2/repository/org/eclipse/jetty/jetty-webapp/9.4.34.v20201102/jetty-webapp-9.4.34.v20201102.jar:/home/user/.m2/repository/org/eclipse/jetty/jetty-xml/9.4.34.v20201102/jetty-xml-9.4.34.v20201102.jar:/home/user/.m2/repository/org/apache/hadoop/hadoop-common/3.2.1/hadoop-common-3.2.1.jar:/home/user/.m2/repository/commons-net/commons-net/3.6/commons-net-3.6.jar:/home/user/.m2/repository/com/sun/jersey/jersey-servlet/1.19/jersey-servlet-1.19.jar:/home/user/.m2/repository/com/sun/jersey/jersey-json/1.19/jersey-json-1.19.jar:/home/user/.m2/repository/org/codehaus/jettison/jettison/1.1/jettison-1.1.jar:/home/user/.m2/repository/org/codehaus/jackson/jackson-jaxrs/1.9.2/jackson-jaxrs-1.9.2.jar:/home/user/.m2/repository/org/codehaus/jackson/jackson-xc/1.9.2/jackson-xc-1.9.2.jar:/home/user/.m2/repository/org/apache/commons/commons-configuration2/2.1.1/commons-configuration2-2.1.1.jar:/home/user/.m2/repository/org/apache/commons/commons-text/1.4/commons-text-1.4.jar:/home/user/.m2/repository/com/google/re2j/re2j/1.1/re2j-1.1.jar:/home/user/.m2/repository/com/jcraft/jsch/0.1.54/jsch-0.1.54.jar:/home/user/.m2/repository/org/apache/curator/curator-client/2.13.0/curator-client-2.13.0.jar:/home/user/.m2/repository/org/apache/curator/curator-recipes/2.13.0/curator-recipes-2.13.0.jar:/home/user/.m2/repository/dnsjava/dnsjava/2.1.7/dnsjava-2.1.7.jar:/home/user/.m2/repository/org/slf4j/jul-to-slf4j/1.7.30/jul-to-slf4j-1.7.30.jar:/home/user/.m2/repository/org/eclipse/jetty/jetty-util/9.4.34.v20201102/jetty-util-9.4.34.v20201102.jar:/home/user/.m2/repository/com/fasterxml/jackson/core/jackson-databind/2.10.3/jackson-databind-2.10.3.jar:/home/user/.m2/repository/org/apache/hadoop/hadoop-kms/3.2.1/hadoop-kms-3.2.1-tests.jar:/home/user/.m2/repository/org/apache/hadoop/hadoop-hdds-server-scm/1.1.0-SNAPSHOT/hadoop-hdds-server-scm-1.1.0-SNAPSHOT-tests.jar:/home/user/.m2/repository/org/apache/hadoop/hadoop-hdds-container-service/1.1.0-SNAPSHOT/hadoop-hdds-container-service-1.1.0-SNAPSHOT-tests.jar:/home/user/.m2/repository/commons-codec/commons-codec/1.11/commons-codec-1.11.jar:/home/user/.m2/repository/org/apache/hadoop/hadoop-hdds-hadoop-dependency-test/1.1.0-SNAPSHOT/hadoop-hdds-hadoop-dependency-test-1.1.0-SNAPSHOT.jar:/home/user/.m2/repository/org/apache/hadoop/hadoop-common/3.2.1/hadoop-common-3.2.1-tests.jar:/home/user/.m2/repository/org/apache/hadoop/hadoop-hdfs/3.2.1/hadoop-hdfs-3.2.1-tests.jar:/home/user/.m2/repository/org/eclipse/jetty/jetty-util-ajax/9.4.34.v20201102/jetty-util-ajax-9.4.34.v20201102.jar:/home/user/.m2/repository/commons-daemon/commons-daemon/1.0.13/commons-daemon-1.0.13.jar:/home/user/.m2/repository/io/netty/netty/3.10.5.Final/netty-3.10.5.Final.jar:/home/user/.m2/repository/io/netty/netty-all/4.1.48.Final/netty-all-4.1.48.Final.jar:/home/user/.m2/repository/org/apache/htrace/htrace-core4/4.1.0-incubating/htrace-core4-4.1.0-incubating.jar:/home/user/.m2/repository/org/apache/hadoop/hadoop-distcp/3.2.1/hadoop-distcp-3.2.1.jar:/home/user/.m2/repository/org/apache/hadoop/hadoop-mapreduce-client-jobclient/3.2.1/hadoop-mapreduce-client-jobclient-3.2.1.jar:/home/user/.m2/repository/org/apache/hadoop/hadoop-mapreduce-client-common/3.2.1/hadoop-mapreduce-client-common-3.2.1.jar:/home/user/.m2/repository/org/apache/hadoop/hadoop-yarn-common/3.2.1/hadoop-yarn-common-3.2.1.jar:/home/user/.m2/repository/org/apache/hadoop/hadoop-yarn-api/3.2.1/hadoop-yarn-api-3.2.1.jar:/home/user/.m2/repository/com/sun/jersey/jersey-client/1.19/jersey-client-1.19.jar:/home/user/.m2/repository/com/sun/jersey/contribs/jersey-guice/1.19/jersey-guice-1.19.jar:/home/user/.m2/repository/com/fasterxml/jackson/jaxrs/jackson-jaxrs-json-provider/2.10.3/jackson-jaxrs-json-provider-2.10.3.jar:/home/user/.m2/repository/com/fasterxml/jackson/jaxrs/jackson-jaxrs-base/2.10.3/jackson-jaxrs-base-2.10.3.jar:/home/user/.m2/repository/org/apache/hadoop/hadoop-yarn-client/3.2.1/hadoop-yarn-client-3.2.1.jar:/home/user/.m2/repository/org/apache/hadoop/hadoop-mapreduce-client-core/3.2.1/hadoop-mapreduce-client-core-3.2.1.jar:/home/user/.m2/repository/org/apache/avro/avro/1.7.7/avro-1.7.7.jar:/home/user/.m2/repository/org/codehaus/jackson/jackson-core-asl/1.9.13/jackson-core-asl-1.9.13.jar:/home/user/.m2/repository/org/codehaus/jackson/jackson-mapper-asl/1.9.13/jackson-mapper-asl-1.9.13.jar:/home/user/.m2/repository/com/thoughtworks/paranamer/paranamer/2.3/paranamer-2.3.jar:/home/user/.m2/repository/org/xerial/snappy/snappy-java/1.0.5/snappy-java-1.0.5.jar:/home/user/.m2/repository/org/apache/hadoop/hadoop-annotations/3.2.1/hadoop-annotations-3.2.1.jar:/usr/lib/jvm/java-1.8.0-openjdk-1.8.0.232.b09-0.el7_7.x86_64/jre/../lib/tools.jar:/home/user/.m2/repository/org/apache/hadoop/hadoop-distcp/3.2.1/hadoop-distcp-3.2.1-tests.jar:"/>
    <property name="sun.cpu.endian" value="little"/>
    <property name="user.home" value="/home/user"/>
    <property name="user.language" value="en"/>
    <property name="java.specification.vendor" value="Oracle Corporation"/>
    <property name="java.home" value="/usr/lib/jvm/java-1.8.0-openjdk-1.8.0.232.b09-0.el7_7.x86_64/jre"/>
    <property name="java.security.krb5.conf" value="/github/workspace/mnt/ozone/hadoop-ozone/integration-test/target/test-classes/krb5.conf"/>
    <property name="basedir" value="/github/workspace/mnt/ozone/hadoop-ozone/integration-test"/>
    <property name="file.separator" value="/"/>
    <property name="line.separator" value="&#10;"/>
    <property name="java.vm.specification.vendor" value="Oracle Corporation"/>
    <property name="java.specification.name" value="Java Platform API Specification"/>
    <property name="java.awt.graphicsenv" value="sun.awt.X11GraphicsEnvironment"/>
    <property name="skip.installnpx" value="true"/>
    <property name="surefire.real.class.path" value="/github/workspace/mnt/ozone/hadoop-ozone/integration-test/target/surefire/surefirebooter3506425454192025092.jar:/home/user/.m2/repository/org/jacoco/org.jacoco.agent/0.8.5/org.jacoco.agent-0.8.5-runtime.jar"/>
    <property name="hadoop.log.dir" value="/github/workspace/mnt/ozone/hadoop-ozone/integration-test/target/log"/>
    <property name="sun.boot.class.path" value="/usr/lib/jvm/java-1.8.0-openjdk-1.8.0.232.b09-0.el7_7.x86_64/jre/lib/resources.jar:/usr/lib/jvm/java-1.8.0-openjdk-1.8.0.232.b09-0.el7_7.x86_64/jre/lib/rt.jar:/usr/lib/jvm/java-1.8.0-openjdk-1.8.0.232.b09-0.el7_7.x86_64/jre/lib/sunrsasign.jar:/usr/lib/jvm/java-1.8.0-openjdk-1.8.0.232.b09-0.el7_7.x86_64/jre/lib/jsse.jar:/usr/lib/jvm/java-1.8.0-openjdk-1.8.0.232.b09-0.el7_7.x86_64/jre/lib/jce.jar:/usr/lib/jvm/java-1.8.0-openjdk-1.8.0.232.b09-0.el7_7.x86_64/jre/lib/charsets.jar:/usr/lib/jvm/java-1.8.0-openjdk-1.8.0.232.b09-0.el7_7.x86_64/jre/lib/jfr.jar:/usr/lib/jvm/java-1.8.0-openjdk-1.8.0.232.b09-0.el7_7.x86_64/jre/classes"/>
    <property name="sun.management.compiler" value="HotSpot 64-Bit Tiered Compilers"/>
    <property name="skip.npx" value="true"/>
    <property name="java.runtime.version" value="1.8.0_232-b09"/>
    <property name="java.net.preferIPv4Stack" value="true"/>
    <property name="user.name" value="jenkins1001"/>
    <property name="path.separator" value=":"/>
    <property name="java.security.egd" value="file:///dev/urandom"/>
    <property name="os.version" value="5.4.0-1036-azure"/>
    <property name="java.endorsed.dirs" value="/usr/lib/jvm/java-1.8.0-openjdk-1.8.0.232.b09-0.el7_7.x86_64/jre/lib/endorsed"/>
    <property name="java.runtime.name" value="OpenJDK Runtime Environment"/>
    <property name="file.encoding" value="ANSI_X3.4-1968"/>
    <property name="java.vm.name" value="OpenJDK 64-Bit Server VM"/>
    <property name="test.build.webapps" value=""/>
    <property name="localRepository" value="/home/user/.m2/repository"/>
    <property name="java.vendor.url.bug" value="http://bugreport.sun.com/bugreport/"/>
    <property name="java.io.tmpdir" value="/tmp"/>
    <property name="require.test.libhadoop" value=""/>
    <property name="java.version" value="1.8.0_232"/>
    <property name="user.dir" value="/github/workspace/mnt/ozone/hadoop-ozone/integration-test"/>
    <property name="os.arch" value="amd64"/>
    <property name="java.vm.specification.name" value="Java Virtual Machine Specification"/>
    <property name="test.build.classes" value="/github/workspace/mnt/ozone/hadoop-ozone/integration-test/target/test-classes"/>
    <property name="java.awt.printerjob" value="sun.print.PSPrinterJob"/>
    <property name="sun.os.patch.level" value="unknown"/>
    <property name="hadoop.tmp.dir" value="/github/workspace/mnt/ozone/hadoop-ozone/integration-test/target/tmp"/>
    <property name="java.library.path" value="/usr/lib:/usr/java/packages/lib/amd64:/usr/lib64:/lib64:/lib:/usr/lib"/>
    <property name="java.vm.info" value="mixed mode"/>
    <property name="java.vendor" value="Oracle Corporation"/>
    <property name="java.vm.version" value="25.232-b09"/>
    <property name="java.ext.dirs" value="/usr/lib/jvm/java-1.8.0-openjdk-1.8.0.232.b09-0.el7_7.x86_64/jre/lib/ext:/usr/java/packages/lib/ext"/>
    <property name="sun.io.unicode.encoding" value="UnicodeLittle"/>
    <property name="java.class.version" value="52.0"/>
  </properties>
  <testcase name="testInstallSnapshot" classname="org.apache.hadoop.ozone.om.TestOMRatisSnapshots" time="65.314">
    <failure type="java.lang.AssertionError">java.lang.AssertionError
	at org.junit.Assert.fail(Assert.java:86)
	at org.junit.Assert.assertTrue(Assert.java:41)
	at org.junit.Assert.assertTrue(Assert.java:52)
	at org.apache.hadoop.ozone.om.TestOMRatisSnapshots.testInstallSnapshot(TestOMRatisSnapshots.java:172)
	at sun.reflect.NativeMethodAccessorImpl.invoke0(Native Method)
	at sun.reflect.NativeMethodAccessorImpl.invoke(NativeMethodAccessorImpl.java:62)
	at sun.reflect.DelegatingMethodAccessorImpl.invoke(DelegatingMethodAccessorImpl.java:43)
	at java.lang.reflect.Method.invoke(Method.java:498)
	at org.junit.runners.model.FrameworkMethod$1.runReflectiveCall(FrameworkMethod.java:47)
	at org.junit.internal.runners.model.ReflectiveCallable.run(ReflectiveCallable.java:12)
	at org.junit.runners.model.FrameworkMethod.invokeExplosively(FrameworkMethod.java:44)
	at org.junit.internal.runners.statements.InvokeMethod.evaluate(InvokeMethod.java:17)
	at org.junit.internal.runners.statements.RunBefores.evaluate(RunBefores.java:26)
	at org.junit.internal.runners.statements.RunAfters.evaluate(RunAfters.java:27)
	at org.junit.rules.ExpectedException$ExpectedExceptionStatement.evaluate(ExpectedException.java:168)
	at org.junit.internal.runners.statements.FailOnTimeout$StatementThread.run(FailOnTimeout.java:74)
</failure>
    <system-out><![CDATA[2021-01-18 07:22:30,522 [Thread-1] WARN  server.ServerUtils (ServerUtils.java:getScmDbDir(148)) - ozone.scm.db.dirs is not configured. We recommend adding this setting. Falling back to ozone.metadata.dirs instead.
2021-01-18 07:22:30,608 [Thread-1] WARN  server.ServerUtils (ServerUtils.java:getScmDbDir(148)) - ozone.scm.db.dirs is not configured. We recommend adding this setting. Falling back to ozone.metadata.dirs instead.
2021-01-18 07:22:30,720 [Thread-1] WARN  db.DBStoreBuilder (DBStoreBuilder.java:applyDBDefinition(145)) - ozone.scm.db.dirs is not configured. We recommend adding this setting. Falling back to ozone.metadata.dirs instead.
2021-01-18 07:22:30,819 [Thread-1] INFO  net.NodeSchemaLoader (NodeSchemaLoader.java:loadSchemaFromFile(126)) - Loading file from sun.misc.CompoundEnumeration@6078a21a
2021-01-18 07:22:30,820 [Thread-1] INFO  net.NodeSchemaLoader (NodeSchemaLoader.java:loadSchema(172)) - Loading network topology layer schema file
2021-01-18 07:22:30,888 [Thread-1] WARN  server.ServerUtils (ServerUtils.java:sanitizeUserArgs(73)) - ozone.scm.stale.node.interval value = 300000 is larger than max = 100000 based on the key value of ozone.scm.heartbeat.thread.interval, reset to the max value 100000.
2021-01-18 07:22:30,888 [Thread-1] WARN  server.ServerUtils (ServerUtils.java:sanitizeUserArgs(73)) - ozone.scm.stale.node.interval value = 300000 is larger than max = 100000 based on the key value of ozone.scm.heartbeat.thread.interval, reset to the max value 100000.
2021-01-18 07:22:30,894 [Thread-1] INFO  node.SCMNodeManager (SCMNodeManager.java:<init>(123)) - Entering startup safe mode.
2021-01-18 07:22:31,005 [Thread-1] INFO  algorithms.ContainerPlacementPolicyFactory (ContainerPlacementPolicyFactory.java:getPolicy(60)) - Create container placement policy of type org.apache.hadoop.hdds.scm.container.placement.algorithms.SCMContainerPlacementRandom
2021-01-18 07:22:31,030 [Thread-1] INFO  algorithms.LeaderChoosePolicyFactory (LeaderChoosePolicyFactory.java:getPolicy(57)) - Create leader choose policy of type org.apache.hadoop.hdds.scm.pipeline.leader.choose.algorithms.MinLeaderCountChoosePolicy
2021-01-18 07:22:31,030 [Thread-1] INFO  pipeline.SCMPipelineManager (SCMPipelineManager.java:initializePipelineState(161)) - No pipeline exists in current db
2021-01-18 07:22:31,048 [Thread-1] INFO  algorithms.PipelineChoosePolicyFactory (PipelineChoosePolicyFactory.java:createPipelineChoosePolicyFromClass(75)) - Create pipeline choose policy of type org.apache.hadoop.hdds.scm.pipeline.choose.algorithms.RandomPipelineChoosePolicy
2021-01-18 07:22:31,104 [Thread-1] INFO  safemode.HealthyPipelineSafeModeRule (HealthyPipelineSafeModeRule.java:<init>(89)) - Total pipeline count is 0, healthy pipeline threshold count is 0
2021-01-18 07:22:31,107 [Thread-1] INFO  safemode.OneReplicaPipelineSafeModeRule (OneReplicaPipelineSafeModeRule.java:<init>(85)) - Total pipeline count is 0, pipeline's with at least one datanode reported threshold count is 0
2021-01-18 07:22:31,485 [Thread-1] INFO  ipc.CallQueueManager (CallQueueManager.java:<init>(84)) - Using callQueue: class java.util.concurrent.LinkedBlockingQueue, queueCapacity: 2000, scheduler: class org.apache.hadoop.ipc.DefaultRpcScheduler, ipcBackoff: false.
2021-01-18 07:22:31,504 [Socket Reader #1 for port 0] INFO  ipc.Server (Server.java:run(1219)) - Starting Socket Reader #1 for port 0
2021-01-18 07:22:31,528 [Listener at 0.0.0.0/39571] INFO  ipc.CallQueueManager (CallQueueManager.java:<init>(84)) - Using callQueue: class java.util.concurrent.LinkedBlockingQueue, queueCapacity: 2000, scheduler: class org.apache.hadoop.ipc.DefaultRpcScheduler, ipcBackoff: false.
2021-01-18 07:22:31,533 [Socket Reader #1 for port 0] INFO  ipc.Server (Server.java:run(1219)) - Starting Socket Reader #1 for port 0
2021-01-18 07:22:31,545 [Listener at 0.0.0.0/41737] INFO  ipc.CallQueueManager (CallQueueManager.java:<init>(84)) - Using callQueue: class java.util.concurrent.LinkedBlockingQueue, queueCapacity: 2000, scheduler: class org.apache.hadoop.ipc.DefaultRpcScheduler, ipcBackoff: false.
2021-01-18 07:22:31,545 [Socket Reader #1 for port 0] INFO  ipc.Server (Server.java:run(1219)) - Starting Socket Reader #1 for port 0
2021-01-18 07:22:36,566 [Listener at 0.0.0.0/45369] INFO  http.BaseHttpServer (BaseHttpServer.java:newHttpServer2BuilderForOzone(207)) - Starting Web-server for scm at: http://0.0.0.0:0
2021-01-18 07:22:36,566 [Listener at 0.0.0.0/45369] INFO  http.BaseHttpServer (BaseHttpServer.java:<init>(106)) - Hadoop Security Enabled: false Ozone Security Enabled: false Ozone HTTP Security Enabled: false 
2021-01-18 07:22:36,594 [Listener at 0.0.0.0/45369] INFO  util.log (Log.java:initialized(169)) - Logging initialized @7082ms to org.eclipse.jetty.util.log.Slf4jLog
2021-01-18 07:22:36,707 [Listener at 0.0.0.0/45369] INFO  server.AuthenticationFilter (AuthenticationFilter.java:constructSecretProvider(240)) - Unable to initialize FileSignerSecretProvider, falling back to use random secrets.
2021-01-18 07:22:36,719 [Listener at 0.0.0.0/45369] WARN  http.HttpRequestLog (HttpRequestLog.java:getRequestLog(103)) - Jetty request log can only be enabled using Log4j
2021-01-18 07:22:36,724 [Listener at 0.0.0.0/45369] INFO  http.HttpServer2 (HttpServer2.java:addGlobalFilter(1020)) - Added global filter 'safety' (class=org.apache.hadoop.hdds.server.http.HttpServer2$QuotingInputFilter)
2021-01-18 07:22:36,726 [Listener at 0.0.0.0/45369] INFO  http.HttpServer2 (HttpServer2.java:addFilter(996)) - Added filter static_user_filter (class=org.apache.hadoop.http.lib.StaticUserWebFilter$StaticUserFilter) to context scm
2021-01-18 07:22:36,727 [Listener at 0.0.0.0/45369] INFO  http.HttpServer2 (HttpServer2.java:addFilter(1004)) - Added filter static_user_filter (class=org.apache.hadoop.http.lib.StaticUserWebFilter$StaticUserFilter) to context static
2021-01-18 07:22:36,727 [Listener at 0.0.0.0/45369] INFO  http.HttpServer2 (HttpServer2.java:addFilter(1004)) - Added filter static_user_filter (class=org.apache.hadoop.http.lib.StaticUserWebFilter$StaticUserFilter) to context logs
2021-01-18 07:22:36,783 [Listener at 0.0.0.0/45369] INFO  server.StorageContainerManager (StorageContainerManager.java:start(789)) - StorageContainerLocationProtocol RPC server is listening at /0.0.0.0:45369
2021-01-18 07:22:36,825 [Listener at 0.0.0.0/45369] WARN  impl.MetricsConfig (MetricsConfig.java:loadFirst(134)) - Cannot locate configuration: tried hadoop-metrics2-storagecontainermanager.properties,hadoop-metrics2.properties
2021-01-18 07:22:36,836 [Listener at 0.0.0.0/45369] INFO  impl.MetricsSystemImpl (MetricsSystemImpl.java:startTimer(374)) - Scheduled Metric snapshot period at 10 second(s).
2021-01-18 07:22:36,837 [Listener at 0.0.0.0/45369] INFO  impl.MetricsSystemImpl (MetricsSystemImpl.java:start(191)) - StorageContainerManager metrics system started
2021-01-18 07:22:37,013 [Listener at 0.0.0.0/45369] INFO  server.SCMClientProtocolServer (SCMClientProtocolServer.java:start(159)) - RPC server for Client  is listening at /0.0.0.0:45369
2021-01-18 07:22:37,014 [IPC Server Responder] INFO  ipc.Server (Server.java:run(1460)) - IPC Server Responder: starting
2021-01-18 07:22:37,015 [IPC Server listener on 0] INFO  ipc.Server (Server.java:run(1298)) - IPC Server listener on 0: starting
2021-01-18 07:22:37,021 [Listener at 0.0.0.0/45369] INFO  server.StorageContainerManager (StorageContainerManager.java:start(801)) - ScmBlockLocationProtocol RPC server is listening at /0.0.0.0:41737
2021-01-18 07:22:37,021 [Listener at 0.0.0.0/45369] INFO  server.SCMBlockProtocolServer (SCMBlockProtocolServer.java:start(150)) - RPC server for Block Protocol is listening at /0.0.0.0:41737
2021-01-18 07:22:37,022 [IPC Server Responder] INFO  ipc.Server (Server.java:run(1460)) - IPC Server Responder: starting
2021-01-18 07:22:37,022 [IPC Server listener on 0] INFO  ipc.Server (Server.java:run(1298)) - IPC Server listener on 0: starting
2021-01-18 07:22:37,025 [Listener at 0.0.0.0/45369] INFO  server.StorageContainerManager (StorageContainerManager.java:start(807)) - ScmDatanodeProtocl RPC server is listening at /0.0.0.0:39571
2021-01-18 07:22:37,025 [Listener at 0.0.0.0/45369] INFO  server.SCMDatanodeProtocolServer (SCMDatanodeProtocolServer.java:start(174)) - RPC server for DataNodes is listening at /0.0.0.0:39571
2021-01-18 07:22:37,026 [IPC Server Responder] INFO  ipc.Server (Server.java:run(1460)) - IPC Server Responder: starting
2021-01-18 07:22:37,026 [IPC Server listener on 0] INFO  ipc.Server (Server.java:run(1298)) - IPC Server listener on 0: starting
2021-01-18 07:22:37,032 [Listener at 0.0.0.0/45369] INFO  http.HttpServer2 (HttpServer2.java:bindListener(1238)) - Jetty bound to port 46677
2021-01-18 07:22:37,033 [Listener at 0.0.0.0/45369] INFO  server.Server (Server.java:doStart(375)) - jetty-9.4.34.v20201102; built: 2020-11-02T14:15:39.302Z; git: e46af88704a893fc12cb0e3bf46e2c7b48a009e7; jvm 1.8.0_232-b09
2021-01-18 07:22:37,058 [Listener at 0.0.0.0/45369] INFO  server.session (DefaultSessionIdManager.java:doStart(334)) - DefaultSessionIdManager workerName=node0
2021-01-18 07:22:37,058 [Listener at 0.0.0.0/45369] INFO  server.session (DefaultSessionIdManager.java:doStart(339)) - No SessionScavenger set, using defaults
2021-01-18 07:22:37,059 [Listener at 0.0.0.0/45369] INFO  server.session (HouseKeeper.java:startScavenging(132)) - node0 Scavenging every 600000ms
2021-01-18 07:22:37,072 [Listener at 0.0.0.0/45369] INFO  handler.ContextHandler (ContextHandler.java:doStart(916)) - Started o.e.j.s.ServletContextHandler@20e3daf4{logs,/logs,file:///github/workspace/mnt/ozone/hadoop-ozone/integration-test/target/log,AVAILABLE}
2021-01-18 07:22:37,072 [Listener at 0.0.0.0/45369] INFO  handler.ContextHandler (ContextHandler.java:doStart(916)) - Started o.e.j.s.ServletContextHandler@3c9904c8{static,/static,file:///github/workspace/mnt/ozone/hadoop-ozone/integration-test/target/test-classes/webapps/static,AVAILABLE}
2021-01-18 07:22:37,114 [Listener at 0.0.0.0/45369] INFO  handler.ContextHandler (ContextHandler.java:doStart(916)) - Started o.e.j.w.WebAppContext@7ecd3933{scm,/,file:///github/workspace/mnt/ozone/hadoop-ozone/integration-test/target/test-classes/webapps/scm/,AVAILABLE}{file:/github/workspace/mnt/ozone/hadoop-ozone/integration-test/target/test-classes/webapps/scm}
2021-01-18 07:22:37,127 [Listener at 0.0.0.0/45369] INFO  server.AbstractConnector (AbstractConnector.java:doStart(331)) - Started ServerConnector@317ce278{HTTP/1.1, (http/1.1)}{0.0.0.0:46677}
2021-01-18 07:22:37,127 [Listener at 0.0.0.0/45369] INFO  server.Server (Server.java:doStart(415)) - Started @7615ms
2021-01-18 07:22:37,130 [Listener at 0.0.0.0/45369] INFO  impl.MetricsSinkAdapter (MetricsSinkAdapter.java:start(204)) - Sink prometheus started
2021-01-18 07:22:37,130 [Listener at 0.0.0.0/45369] INFO  impl.MetricsSystemImpl (MetricsSystemImpl.java:registerSink(301)) - Registered sink prometheus
2021-01-18 07:22:37,133 [Listener at 0.0.0.0/45369] INFO  http.BaseHttpServer (BaseHttpServer.java:updateConnectorAddress(327)) - HTTP server of scm listening at http://0.0.0.0:46677
2021-01-18 07:22:37,142 [Listener at 0.0.0.0/45369] WARN  server.ServerUtils (ServerUtils.java:getDBPath(225)) - ozone.om.db.dirs is not configured. We recommend adding this setting. Falling back to ozone.metadata.dirs instead.
2021-01-18 07:22:37,149 [org.apache.hadoop.util.JvmPauseMonitor$Monitor@44f65d9a] INFO  util.JvmPauseMonitor (JvmPauseMonitor.java:run(188)) - Starting JVM pause monitor
2021-01-18 07:22:37,234 [Listener at 0.0.0.0/45369] INFO  ha.OMHANodeDetails (OMHANodeDetails.java:loadOMHAConfig(110)) - ServiceID for OzoneManager is om-service-test1
2021-01-18 07:22:37,236 [Listener at 0.0.0.0/45369] INFO  ha.OMHANodeDetails (OMHANodeDetails.java:loadOMHAConfig(186)) - Found matching OM address with OMServiceId: om-service-test1, OMNodeId: omNode-1, RPC Address: localhost:13784 and Ratis port: 13788
2021-01-18 07:22:37,236 [Listener at 0.0.0.0/45369] INFO  ha.OMHANodeDetails (OMHANodeDetails.java:setOMNodeSpecificConfigs(318)) - Setting configuration key ozone.om.http-address with value of key ozone.om.http-address.omNode-1: 127.0.0.1:13786
2021-01-18 07:22:37,236 [Listener at 0.0.0.0/45369] INFO  ha.OMHANodeDetails (OMHANodeDetails.java:setOMNodeSpecificConfigs(318)) - Setting configuration key ozone.om.https-address with value of key ozone.om.https-address.omNode-1: 127.0.0.1:13787
2021-01-18 07:22:37,237 [Listener at 0.0.0.0/45369] INFO  ha.OMHANodeDetails (OMHANodeDetails.java:setOMNodeSpecificConfigs(318)) - Setting configuration key ozone.om.address with value of key ozone.om.address.omNode-1: 127.0.0.1:13784
2021-01-18 07:22:37,237 [Listener at 0.0.0.0/45369] WARN  server.ServerUtils (ServerUtils.java:getDBPath(225)) - ozone.om.db.dirs is not configured. We recommend adding this setting. Falling back to ozone.metadata.dirs instead.
2021-01-18 07:22:37,237 [Listener at 0.0.0.0/45369] WARN  server.ServerUtils (ServerUtils.java:getDBPath(225)) - ozone.om.db.dirs is not configured. We recommend adding this setting. Falling back to ozone.metadata.dirs instead.
2021-01-18 07:22:37,825 [Listener at 0.0.0.0/45369] WARN  server.ServerUtils (ServerUtils.java:getDBPath(225)) - ozone.om.db.dirs is not configured. We recommend adding this setting. Falling back to ozone.metadata.dirs instead.
2021-01-18 07:22:37,830 [Listener at 0.0.0.0/45369] INFO  codec.OmKeyInfoCodec (OmKeyInfoCodec.java:<init>(41)) - OmKeyInfoCodec ignorePipeline = true
2021-01-18 07:22:37,831 [Listener at 0.0.0.0/45369] INFO  codec.RepeatedOmKeyInfoCodec (RepeatedOmKeyInfoCodec.java:<init>(40)) - RepeatedOmKeyInfoCodec ignorePipeline = true
2021-01-18 07:22:37,945 [Listener at 0.0.0.0/45369] INFO  om.OzoneManager (OzoneManager.java:addS3GVolumeToDB(3729)) - Created Volume s3v With Owner jenkins1001 required for S3Gateway operations.
2021-01-18 07:22:37,949 [Listener at 0.0.0.0/45369] WARN  server.ServerUtils (ServerUtils.java:getDefaultRatisDirectory(237)) - Storage directory for Ratis is not configured. It is a good idea to map this to an SSD disk. Falling back to ozone.metadata.dirs
2021-01-18 07:22:37,949 [Listener at 0.0.0.0/45369] WARN  ratis.OzoneManagerRatisServer (OzoneManagerRatisServer.java:getOMRatisSnapshotDirectory(638)) - ozone.om.ratis.snapshot.dir is not configured. Falling back to ozone.metadata.dirs config
2021-01-18 07:22:37,950 [Listener at 0.0.0.0/45369] INFO  snapshot.OzoneManagerSnapshotProvider (OzoneManagerSnapshotProvider.java:<init>(77)) - Initializing OM Snapshot Provider
2021-01-18 07:22:38,042 [Listener at 0.0.0.0/45369] INFO  metrics.MetricRegistries (MetricRegistriesLoader.java:load(64)) - Loaded MetricRegistries class org.apache.ratis.metrics.impl.MetricRegistriesImpl
2021-01-18 07:22:38,074 [Listener at 0.0.0.0/45369] WARN  server.ServerUtils (ServerUtils.java:getDefaultRatisDirectory(237)) - Storage directory for Ratis is not configured. It is a good idea to map this to an SSD disk. Falling back to ozone.metadata.dirs
2021-01-18 07:22:38,109 [Listener at 0.0.0.0/45369] INFO  ratis.OzoneManagerRatisServer (OzoneManagerRatisServer.java:<init>(280)) - Instantiating OM Ratis server with GroupID: om-service-test1 and Raft Peers: localhost:13788, localhost:13794, localhost:13800
2021-01-18 07:22:38,119 [Listener at 0.0.0.0/45369] INFO  ratis.OzoneManagerStateMachine (OzoneManagerStateMachine.java:loadSnapshotInfoFromDB(518)) - LastAppliedIndex is set from TransactionInfo from OM DB as (t:0, i:~)
2021-01-18 07:22:38,156 [Listener at 0.0.0.0/45369] INFO  server.RaftServer (ConfUtils.java:logGet(44)) - raft.rpc.type = GRPC (default)
2021-01-18 07:22:38,202 [Listener at 0.0.0.0/45369] INFO  grpc.GrpcFactory (GrpcFactory.java:checkPooledByteBufAllocatorUseCacheForAllThreads(48)) - PERFORMANCE WARNING: useCacheForAllThreads is true that may cause Netty to create a lot garbage objects and, as a result, trigger GC.
	It is recommended to disable useCacheForAllThreads by setting -Dorg.apache.ratis.thirdparty.io.netty.allocator.useCacheForAllThreads=false in command line.
2021-01-18 07:22:38,207 [Listener at 0.0.0.0/45369] INFO  grpc.GrpcConfigKeys (ConfUtils.java:logGet(44)) - raft.grpc.server.port = 13788 (custom)
2021-01-18 07:22:38,208 [Listener at 0.0.0.0/45369] INFO  server.GrpcService (ConfUtils.java:logGet(44)) - raft.grpc.message.size.max = 33554432 (custom)
2021-01-18 07:22:38,209 [Listener at 0.0.0.0/45369] INFO  server.RaftServerConfigKeys (ConfUtils.java:logGet(44)) - raft.server.log.appender.buffer.byte-limit = 33554432 (custom)
2021-01-18 07:22:38,210 [Listener at 0.0.0.0/45369] INFO  server.GrpcService (ConfUtils.java:logGet(44)) - raft.grpc.flow.control.window = 1MB (=1048576) (default)
2021-01-18 07:22:38,211 [Listener at 0.0.0.0/45369] INFO  server.RaftServerConfigKeys (ConfUtils.java:logGet(44)) - raft.server.rpc.request.timeout = 3000ms (default)
2021-01-18 07:22:38,349 [Listener at 0.0.0.0/45369] INFO  impl.DataStreamServerImpl (ConfUtils.java:logGet(44)) - raft.datastream.type = DISABLED (default)
2021-01-18 07:22:38,352 [Listener at 0.0.0.0/45369] INFO  server.RaftServerConfigKeys (ConfUtils.java:logGet(44)) - raft.server.rpc.slowness.timeout = 2s (custom)
2021-01-18 07:22:38,353 [Listener at 0.0.0.0/45369] INFO  server.RaftServerConfigKeys (ConfUtils.java:logGet(44)) - raft.server.leaderelection.leader.step-down.wait-time = 10s (default)
2021-01-18 07:22:38,365 [Listener at 0.0.0.0/45369] INFO  server.RaftServerConfigKeys (ConfUtils.java:logGet(44)) - raft.server.storage.dir = [/github/workspace/mnt/ozone/hadoop-ozone/integration-test/target/test-dir/MiniOzoneClusterImpl-31fb86ba-d539-4b3f-b864-a30db12016a3/omNode-1/ratis] (custom)
2021-01-18 07:22:38,373 [Listener at 0.0.0.0/45369] INFO  server.RaftServer (RaftServerProxy.java:addNew(95)) - omNode-1: addNew group-523986131536:[omNode-3|rpc:localhost:13800|priority:0, omNode-1|rpc:localhost:13788|priority:0, omNode-2|rpc:localhost:13794|priority:0] returns group-523986131536:java.util.concurrent.CompletableFuture@7a883454[Not completed]
2021-01-18 07:22:38,373 [Listener at 0.0.0.0/45369] INFO  om.OzoneManager (OzoneManager.java:initializeRatisServer(1323)) - OzoneManager Ratis server initialized at port 13788
2021-01-18 07:22:38,388 [Listener at 0.0.0.0/45369] INFO  ipc.CallQueueManager (CallQueueManager.java:<init>(84)) - Using callQueue: class java.util.concurrent.LinkedBlockingQueue, queueCapacity: 2000, scheduler: class org.apache.hadoop.ipc.DefaultRpcScheduler, ipcBackoff: false.
2021-01-18 07:22:38,413 [Socket Reader #1 for port 13784] INFO  ipc.Server (Server.java:run(1219)) - Starting Socket Reader #1 for port 13784
2021-01-18 07:22:38,420 [pool-25-thread-1] INFO  server.RaftServer$Division (RaftServerImpl.java:<init>(179)) - omNode-1: new RaftServerImpl for group-523986131536:[omNode-3|rpc:localhost:13800|priority:0, omNode-1|rpc:localhost:13788|priority:0, omNode-2|rpc:localhost:13794|priority:0] with OzoneManagerStateMachine:uninitialized
2021-01-18 07:22:38,425 [pool-25-thread-1] INFO  server.RaftServerConfigKeys (ConfUtils.java:logGet(44)) - raft.server.rpc.timeout.min = 1s (custom)
2021-01-18 07:22:38,425 [pool-25-thread-1] INFO  server.RaftServerConfigKeys (ConfUtils.java:logGet(44)) - raft.server.rpc.timeout.max = 1200ms (custom)
2021-01-18 07:22:38,425 [pool-25-thread-1] INFO  server.RaftServerConfigKeys (ConfUtils.java:logGet(44)) - raft.server.rpc.sleep.time = 25ms (default)
2021-01-18 07:22:38,426 [pool-25-thread-1] INFO  server.RaftServerConfigKeys (ConfUtils.java:logGet(44)) - raft.server.rpc.slowness.timeout = 2s (custom)
2021-01-18 07:22:38,426 [pool-25-thread-1] INFO  server.RaftServerConfigKeys (ConfUtils.java:logGet(44)) - raft.server.leaderelection.leader.step-down.wait-time = 10s (default)
2021-01-18 07:22:38,426 [pool-25-thread-1] INFO  server.RaftServerConfigKeys (ConfUtils.java:logGet(44)) - raft.server.sleep.deviation.threshold = 300ms (default)
2021-01-18 07:22:38,428 [pool-25-thread-1] INFO  server.RaftServerConfigKeys (ConfUtils.java:logGet(44)) - raft.server.log.appender.install.snapshot.enabled = false (custom)
2021-01-18 07:22:38,439 [pool-25-thread-1] INFO  server.RaftServer$Division (ServerState.java:<init>(103)) - omNode-1@group-523986131536: ConfigurationManager, init=-1: [omNode-3|rpc:localhost:13800|priority:0, omNode-1|rpc:localhost:13788|priority:0, omNode-2|rpc:localhost:13794|priority:0], old=null, confs=<EMPTY_MAP>
2021-01-18 07:22:38,440 [pool-25-thread-1] INFO  server.RaftServerConfigKeys (ConfUtils.java:logGet(44)) - raft.server.storage.dir = [/github/workspace/mnt/ozone/hadoop-ozone/integration-test/target/test-dir/MiniOzoneClusterImpl-31fb86ba-d539-4b3f-b864-a30db12016a3/omNode-1/ratis] (custom)
2021-01-18 07:22:38,452 [Listener at 127.0.0.1/13784] INFO  impl.MetricsSystemImpl (MetricsSystemImpl.java:init(158)) - OzoneManager metrics system started (again)
2021-01-18 07:22:38,457 [pool-25-thread-1] INFO  server.RaftServerConfigKeys (ConfUtils.java:logGet(44)) - raft.server.log.corruption.policy = EXCEPTION (default)
2021-01-18 07:22:38,459 [pool-25-thread-1] INFO  storage.RaftStorageDirectory (RaftStorageDirectoryImpl.java:analyzeStorage(132)) - The storage directory /github/workspace/mnt/ozone/hadoop-ozone/integration-test/target/test-dir/MiniOzoneClusterImpl-31fb86ba-d539-4b3f-b864-a30db12016a3/omNode-1/ratis/c9bc4cf4-3bc3-3c60-a66b-523986131536 does not exist. Creating ...
2021-01-18 07:22:38,463 [Listener at 127.0.0.1/13784] INFO  om.OzoneManager (OzoneManager.java:start(1151)) - OzoneManager RPC server is listening at localhost/127.0.0.1:13784
2021-01-18 07:22:38,463 [Listener at 127.0.0.1/13784] INFO  ratis.OzoneManagerRatisServer (OzoneManagerRatisServer.java:start(377)) - Starting OzoneManagerRatisServer omNode-1 at port 13788
2021-01-18 07:22:38,463 [pool-25-thread-1] INFO  storage.RaftStorageDirectory (RaftStorageDirectoryImpl.java:tryLock(215)) - Lock on /github/workspace/mnt/ozone/hadoop-ozone/integration-test/target/test-dir/MiniOzoneClusterImpl-31fb86ba-d539-4b3f-b864-a30db12016a3/omNode-1/ratis/c9bc4cf4-3bc3-3c60-a66b-523986131536/in_use.lock acquired by nodename 14213@c4357192f866
2021-01-18 07:22:38,470 [pool-25-thread-1] INFO  storage.RaftStorage (RaftStorageImpl.java:format(87)) - Storage directory /github/workspace/mnt/ozone/hadoop-ozone/integration-test/target/test-dir/MiniOzoneClusterImpl-31fb86ba-d539-4b3f-b864-a30db12016a3/omNode-1/ratis/c9bc4cf4-3bc3-3c60-a66b-523986131536 has been successfully formatted.
2021-01-18 07:22:38,472 [pool-25-thread-1] ERROR storage.RaftStorage (RaftStorageImpl.java:readRaftConfiguration(147)) - Failed reading configuration from file:/github/workspace/mnt/ozone/hadoop-ozone/integration-test/target/test-dir/MiniOzoneClusterImpl-31fb86ba-d539-4b3f-b864-a30db12016a3/omNode-1/ratis/c9bc4cf4-3bc3-3c60-a66b-523986131536/current/raft-meta.conf
java.io.FileNotFoundException: /github/workspace/mnt/ozone/hadoop-ozone/integration-test/target/test-dir/MiniOzoneClusterImpl-31fb86ba-d539-4b3f-b864-a30db12016a3/omNode-1/ratis/c9bc4cf4-3bc3-3c60-a66b-523986131536/current/raft-meta.conf (No such file or directory)
	at java.io.FileInputStream.open0(Native Method)
	at java.io.FileInputStream.open(FileInputStream.java:195)
	at java.io.FileInputStream.<init>(FileInputStream.java:138)
	at org.apache.ratis.server.storage.RaftStorageImpl.readRaftConfiguration(RaftStorageImpl.java:143)
	at org.apache.ratis.server.impl.ServerState.<init>(ServerState.java:113)
	at org.apache.ratis.server.impl.RaftServerImpl.<init>(RaftServerImpl.java:192)
	at org.apache.ratis.server.impl.RaftServerProxy.lambda$newRaftServerImpl$4(RaftServerProxy.java:266)
	at java.util.concurrent.CompletableFuture$AsyncSupply.run(CompletableFuture.java:1604)
	at java.util.concurrent.ThreadPoolExecutor.runWorker(ThreadPoolExecutor.java:1149)
	at java.util.concurrent.ThreadPoolExecutor$Worker.run(ThreadPoolExecutor.java:624)
	at java.lang.Thread.run(Thread.java:748)
2021-01-18 07:22:38,476 [pool-25-thread-1] INFO  server.RaftServerConfigKeys (ConfUtils.java:logGet(44)) - raft.server.notification.no-leader.timeout = 2s (custom)
2021-01-18 07:22:38,478 [pool-25-thread-1] INFO  server.RaftServerConfigKeys (ConfUtils.java:logGet(44)) - raft.server.log.use.memory = false (default)
2021-01-18 07:22:38,487 [pool-25-thread-1] INFO  server.RaftServerConfigKeys (ConfUtils.java:logGet(44)) - raft.server.log.purge.gap = 50 (custom)
2021-01-18 07:22:38,487 [pool-25-thread-1] INFO  server.RaftServerConfigKeys (ConfUtils.java:logGet(44)) - raft.server.log.appender.buffer.byte-limit = 33554432 (custom)
2021-01-18 07:22:38,510 [pool-25-thread-1] INFO  metrics.RatisMetrics (RatisMetrics.java:lambda$create$0(36)) - Creating Metrics Registry : ratis.log_worker.omNode-1@group-523986131536
2021-01-18 07:22:38,519 [pool-25-thread-1] INFO  server.RaftServerConfigKeys (ConfUtils.java:logGet(44)) - raft.server.log.segment.size.max = 4194304 (custom)
2021-01-18 07:22:38,525 [pool-25-thread-1] INFO  server.RaftServerConfigKeys (ConfUtils.java:logGet(44)) - raft.server.log.segment.cache.num.max = 2 (custom)
2021-01-18 07:22:38,526 [pool-25-thread-1] INFO  server.RaftServerConfigKeys (ConfUtils.java:logGet(44)) - raft.server.log.segment.cache.size.max = 200MB (=209715200) (default)
2021-01-18 07:22:38,530 [pool-25-thread-1] INFO  segmented.SegmentedRaftLogWorker (SegmentedRaftLogWorker.java:<init>(181)) - new omNode-1@group-523986131536-SegmentedRaftLogWorker for RaftStorageImpl:Storage Directory /github/workspace/mnt/ozone/hadoop-ozone/integration-test/target/test-dir/MiniOzoneClusterImpl-31fb86ba-d539-4b3f-b864-a30db12016a3/omNode-1/ratis/c9bc4cf4-3bc3-3c60-a66b-523986131536
2021-01-18 07:22:38,531 [pool-25-thread-1] INFO  server.RaftServerConfigKeys (ConfUtils.java:logGet(44)) - raft.server.log.queue.byte-limit = 64MB (=67108864) (default)
2021-01-18 07:22:38,532 [pool-25-thread-1] INFO  server.RaftServerConfigKeys (ConfUtils.java:logGet(44)) - raft.server.log.queue.element-limit = 4096 (default)
2021-01-18 07:22:38,533 [pool-25-thread-1] INFO  server.RaftServerConfigKeys (ConfUtils.java:logGet(44)) - raft.server.log.segment.size.max = 4194304 (custom)
2021-01-18 07:22:38,533 [pool-25-thread-1] INFO  server.RaftServerConfigKeys (ConfUtils.java:logGet(44)) - raft.server.log.preallocated.size = 4194304 (custom)
2021-01-18 07:22:38,534 [pool-25-thread-1] INFO  server.RaftServerConfigKeys (ConfUtils.java:logGet(44)) - raft.server.log.force.sync.num = 128 (default)
2021-01-18 07:22:38,536 [pool-25-thread-1] INFO  server.RaftServerConfigKeys (ConfUtils.java:logGet(44)) - raft.server.log.statemachine.data.sync = true (default)
2021-01-18 07:22:38,536 [pool-25-thread-1] INFO  server.RaftServerConfigKeys (ConfUtils.java:logGet(44)) - raft.server.log.statemachine.data.sync.timeout = 10s (default)
2021-01-18 07:22:38,537 [pool-25-thread-1] INFO  server.RaftServerConfigKeys (ConfUtils.java:logGet(44)) - raft.server.log.statemachine.data.sync.timeout.retry = -1 (default)
2021-01-18 07:22:38,545 [pool-25-thread-1] INFO  server.RaftServerConfigKeys (ConfUtils.java:logGet(44)) - raft.server.log.write.buffer.size = 64KB (=65536) (default)
2021-01-18 07:22:38,546 [pool-25-thread-1] INFO  server.RaftServerConfigKeys (ConfUtils.java:logGet(44)) - raft.server.log.statemachine.data.caching.enabled = false (default)
2021-01-18 07:22:38,561 [pool-25-thread-1] INFO  segmented.SegmentedRaftLogWorker (SegmentedRaftLogWorker.java:lambda$new$0(132)) - omNode-1@group-523986131536-SegmentedRaftLogWorker: flushIndex: setUnconditionally 0 -> -1
2021-01-18 07:22:38,562 [pool-25-thread-1] INFO  segmented.SegmentedRaftLogWorker (SegmentedRaftLogWorker.java:lambda$new$0(132)) - omNode-1@group-523986131536-SegmentedRaftLogWorker: safeCacheEvictIndex: setUnconditionally 0 -> -1
2021-01-18 07:22:38,568 [pool-25-thread-1] INFO  server.RaftServerConfigKeys (ConfUtils.java:logGet(44)) - raft.server.snapshot.auto.trigger.enabled = true (custom)
2021-01-18 07:22:38,568 [pool-25-thread-1] INFO  server.RaftServerConfigKeys (ConfUtils.java:logGet(44)) - raft.server.snapshot.auto.trigger.threshold = 50 (custom)
2021-01-18 07:22:38,569 [pool-25-thread-1] INFO  server.RaftServerConfigKeys (ConfUtils.java:logGet(44)) - raft.server.snapshot.retention.file.num = -1 (default)
2021-01-18 07:22:38,570 [pool-25-thread-1] INFO  server.RaftServerConfigKeys (ConfUtils.java:logGet(44)) - raft.server.log.purge.upto.snapshot.index = true (custom)
2021-01-18 07:22:38,571 [pool-25-thread-1] INFO  server.RaftServerConfigKeys (ConfUtils.java:logGet(44)) - raft.server.retrycache.expirytime = 300s (custom)
2021-01-18 07:22:38,571 [pool-25-thread-1] INFO  server.RaftServerConfigKeys (ConfUtils.java:logGet(44)) - raft.server.retrycache.statistics.expirytime = 100?s (default)
2021-01-18 07:22:38,587 [pool-25-thread-1] INFO  metrics.RatisMetrics (RatisMetrics.java:lambda$create$0(36)) - Creating Metrics Registry : ratis.leader_election.omNode-1@group-523986131536
2021-01-18 07:22:38,591 [pool-25-thread-1] INFO  metrics.RatisMetrics (RatisMetrics.java:lambda$create$0(36)) - Creating Metrics Registry : ratis.server.omNode-1@group-523986131536
2021-01-18 07:22:38,598 [Listener at 127.0.0.1/13784] INFO  server.RaftServer$Division (RaftServerImpl.java:start(294)) - omNode-1@group-523986131536: start as a follower, conf=-1: [omNode-3|rpc:localhost:13800|priority:0, omNode-1|rpc:localhost:13788|priority:0, omNode-2|rpc:localhost:13794|priority:0], old=null
2021-01-18 07:22:38,599 [Listener at 127.0.0.1/13784] INFO  server.RaftServer$Division (RaftServerImpl.java:setRole(283)) - omNode-1@group-523986131536: changes role from      null to FOLLOWER at term 0 for startAsFollower
2021-01-18 07:22:38,600 [Listener at 127.0.0.1/13784] INFO  impl.RoleInfo (RoleInfo.java:updateAndGet(130)) - omNode-1: start omNode-1@group-523986131536-FollowerState
2021-01-18 07:22:38,601 [Listener at 127.0.0.1/13784] INFO  util.JmxRegister (JmxRegister.java:tryRegister(44)) - Successfully registered JMX Bean with object name Ratis:service=RaftServer,group=group-523986131536,id=omNode-1
2021-01-18 07:22:38,602 [Listener at 127.0.0.1/13784] INFO  metrics.RatisMetrics (RatisMetrics.java:lambda$create$0(36)) - Creating Metrics Registry : ratis.state_machine.omNode-1@group-523986131536
2021-01-18 07:22:38,612 [Listener at 127.0.0.1/13784] INFO  server.RaftServer (RaftServerProxy.java:lambda$start$5(372)) - omNode-1: start RPC server
2021-01-18 07:22:38,654 [Listener at 127.0.0.1/13784] INFO  server.GrpcService (GrpcService.java:startImpl(176)) - omNode-1: GrpcService started, listening on 0.0.0.0/0.0.0.0:13788
2021-01-18 07:22:38,658 [org.apache.ratis.util.JvmPauseMonitor$$Lambda$305/1979302296@3b0aac29] INFO  util.JvmPauseMonitor (JvmPauseMonitor.java:run(103)) - JvmPauseMonitor-omNode-1: Started
2021-01-18 07:22:38,671 [Listener at 127.0.0.1/13784] INFO  http.BaseHttpServer (BaseHttpServer.java:newHttpServer2BuilderForOzone(207)) - Starting Web-server for ozoneManager at: http://0.0.0.0:13786
2021-01-18 07:22:38,672 [Listener at 127.0.0.1/13784] INFO  http.BaseHttpServer (BaseHttpServer.java:<init>(106)) - Hadoop Security Enabled: false Ozone Security Enabled: false Ozone HTTP Security Enabled: false 
2021-01-18 07:22:38,673 [Listener at 127.0.0.1/13784] INFO  server.AuthenticationFilter (AuthenticationFilter.java:constructSecretProvider(240)) - Unable to initialize FileSignerSecretProvider, falling back to use random secrets.
2021-01-18 07:22:38,681 [Listener at 127.0.0.1/13784] WARN  http.HttpRequestLog (HttpRequestLog.java:getRequestLog(103)) - Jetty request log can only be enabled using Log4j
2021-01-18 07:22:38,681 [Listener at 127.0.0.1/13784] INFO  http.HttpServer2 (HttpServer2.java:addGlobalFilter(1020)) - Added global filter 'safety' (class=org.apache.hadoop.hdds.server.http.HttpServer2$QuotingInputFilter)
2021-01-18 07:22:38,682 [Listener at 127.0.0.1/13784] INFO  http.HttpServer2 (HttpServer2.java:addFilter(996)) - Added filter static_user_filter (class=org.apache.hadoop.http.lib.StaticUserWebFilter$StaticUserFilter) to context ozoneManager
2021-01-18 07:22:38,683 [Listener at 127.0.0.1/13784] INFO  http.HttpServer2 (HttpServer2.java:addFilter(1004)) - Added filter static_user_filter (class=org.apache.hadoop.http.lib.StaticUserWebFilter$StaticUserFilter) to context logs
2021-01-18 07:22:38,683 [Listener at 127.0.0.1/13784] INFO  http.HttpServer2 (HttpServer2.java:addFilter(1004)) - Added filter static_user_filter (class=org.apache.hadoop.http.lib.StaticUserWebFilter$StaticUserFilter) to context static
2021-01-18 07:22:38,689 [Listener at 127.0.0.1/13784] INFO  http.HttpServer2 (HttpServer2.java:bindListener(1238)) - Jetty bound to port 13786
2021-01-18 07:22:38,690 [Listener at 127.0.0.1/13784] INFO  server.Server (Server.java:doStart(375)) - jetty-9.4.34.v20201102; built: 2020-11-02T14:15:39.302Z; git: e46af88704a893fc12cb0e3bf46e2c7b48a009e7; jvm 1.8.0_232-b09
2021-01-18 07:22:38,693 [Listener at 127.0.0.1/13784] INFO  server.session (DefaultSessionIdManager.java:doStart(334)) - DefaultSessionIdManager workerName=node0
2021-01-18 07:22:38,693 [Listener at 127.0.0.1/13784] INFO  server.session (DefaultSessionIdManager.java:doStart(339)) - No SessionScavenger set, using defaults
2021-01-18 07:22:38,693 [Listener at 127.0.0.1/13784] INFO  server.session (HouseKeeper.java:startScavenging(132)) - node0 Scavenging every 600000ms
2021-01-18 07:22:38,694 [Listener at 127.0.0.1/13784] INFO  handler.ContextHandler (ContextHandler.java:doStart(916)) - Started o.e.j.s.ServletContextHandler@259817b8{logs,/logs,file:///github/workspace/mnt/ozone/hadoop-ozone/integration-test/target/log,AVAILABLE}
2021-01-18 07:22:38,695 [Listener at 127.0.0.1/13784] INFO  handler.ContextHandler (ContextHandler.java:doStart(916)) - Started o.e.j.s.ServletContextHandler@b705d2c{static,/static,file:///github/workspace/mnt/ozone/hadoop-ozone/integration-test/target/test-classes/webapps/static,AVAILABLE}
2021-01-18 07:22:38,698 [Listener at 127.0.0.1/13784] INFO  handler.ContextHandler (ContextHandler.java:doStart(916)) - Started o.e.j.w.WebAppContext@2dfac8f{ozoneManager,/,file:///github/workspace/mnt/ozone/hadoop-ozone/integration-test/target/test-classes/webapps/ozoneManager/,AVAILABLE}{file:/github/workspace/mnt/ozone/hadoop-ozone/integration-test/target/test-classes/webapps/ozoneManager}
2021-01-18 07:22:38,705 [Listener at 127.0.0.1/13784] INFO  server.AbstractConnector (AbstractConnector.java:doStart(331)) - Started ServerConnector@6ce74e8{HTTP/1.1, (http/1.1)}{0.0.0.0:13786}
2021-01-18 07:22:38,705 [Listener at 127.0.0.1/13784] INFO  server.Server (Server.java:doStart(415)) - Started @9193ms
2021-01-18 07:22:38,705 [Listener at 127.0.0.1/13784] WARN  impl.MetricsSystemImpl (MetricsSystemImpl.java:register(276)) - Sink prometheus already exists!
2021-01-18 07:22:38,708 [Listener at 127.0.0.1/13784] INFO  http.BaseHttpServer (BaseHttpServer.java:updateConnectorAddress(327)) - HTTP server of ozoneManager listening at http://0.0.0.0:13786
2021-01-18 07:22:38,708 [IPC Server Responder] INFO  ipc.Server (Server.java:run(1460)) - IPC Server Responder: starting
2021-01-18 07:22:38,708 [IPC Server listener on 13784] INFO  ipc.Server (Server.java:run(1298)) - IPC Server listener on 13784: starting
2021-01-18 07:22:38,713 [Listener at 127.0.0.1/13784] INFO  om.OzoneManager (OzoneManager.java:startTrashEmptier(1272)) - Trash Interval set to 0. Files deleted will not move to trash
2021-01-18 07:22:38,714 [Listener at 127.0.0.1/13784] INFO  ozone.MiniOzoneHAClusterImpl (MiniOzoneHAClusterImpl.java:createOMService(380)) - Started OzoneManager RPC server at localhost/127.0.0.1:13784
2021-01-18 07:22:38,715 [Listener at 127.0.0.1/13784] WARN  server.ServerUtils (ServerUtils.java:getDBPath(225)) - ozone.om.db.dirs is not configured. We recommend adding this setting. Falling back to ozone.metadata.dirs instead.
2021-01-18 07:22:38,720 [Listener at 127.0.0.1/13784] INFO  ha.OMHANodeDetails (OMHANodeDetails.java:loadOMHAConfig(110)) - ServiceID for OzoneManager is om-service-test1
2021-01-18 07:22:38,721 [Listener at 127.0.0.1/13784] INFO  ha.OMHANodeDetails (OMHANodeDetails.java:loadOMHAConfig(186)) - Found matching OM address with OMServiceId: om-service-test1, OMNodeId: omNode-2, RPC Address: localhost:13790 and Ratis port: 13794
2021-01-18 07:22:38,721 [Listener at 127.0.0.1/13784] INFO  ha.OMHANodeDetails (OMHANodeDetails.java:setOMNodeSpecificConfigs(318)) - Setting configuration key ozone.om.http-address with value of key ozone.om.http-address.omNode-2: 127.0.0.1:13792
2021-01-18 07:22:38,721 [Listener at 127.0.0.1/13784] INFO  ha.OMHANodeDetails (OMHANodeDetails.java:setOMNodeSpecificConfigs(318)) - Setting configuration key ozone.om.https-address with value of key ozone.om.https-address.omNode-2: 127.0.0.1:13793
2021-01-18 07:22:38,722 [Listener at 127.0.0.1/13784] INFO  ha.OMHANodeDetails (OMHANodeDetails.java:setOMNodeSpecificConfigs(318)) - Setting configuration key ozone.om.address with value of key ozone.om.address.omNode-2: 127.0.0.1:13790
2021-01-18 07:22:38,722 [Listener at 127.0.0.1/13784] WARN  server.ServerUtils (ServerUtils.java:getDBPath(225)) - ozone.om.db.dirs is not configured. We recommend adding this setting. Falling back to ozone.metadata.dirs instead.
2021-01-18 07:22:38,722 [Listener at 127.0.0.1/13784] WARN  server.ServerUtils (ServerUtils.java:getDBPath(225)) - ozone.om.db.dirs is not configured. We recommend adding this setting. Falling back to ozone.metadata.dirs instead.
2021-01-18 07:22:38,728 [Listener at 127.0.0.1/13784] WARN  server.ServerUtils (ServerUtils.java:getDBPath(225)) - ozone.om.db.dirs is not configured. We recommend adding this setting. Falling back to ozone.metadata.dirs instead.
2021-01-18 07:22:38,729 [Listener at 127.0.0.1/13784] INFO  codec.OmKeyInfoCodec (OmKeyInfoCodec.java:<init>(41)) - OmKeyInfoCodec ignorePipeline = true
2021-01-18 07:22:38,729 [Listener at 127.0.0.1/13784] INFO  codec.RepeatedOmKeyInfoCodec (RepeatedOmKeyInfoCodec.java:<init>(40)) - RepeatedOmKeyInfoCodec ignorePipeline = true
2021-01-18 07:22:38,726 [org.apache.hadoop.util.JvmPauseMonitor$Monitor@26f49d59] INFO  util.JvmPauseMonitor (JvmPauseMonitor.java:run(188)) - Starting JVM pause monitor
2021-01-18 07:22:38,776 [Listener at 127.0.0.1/13784] INFO  om.OzoneManager (OzoneManager.java:addS3GVolumeToDB(3729)) - Created Volume s3v With Owner jenkins1001 required for S3Gateway operations.
2021-01-18 07:22:38,777 [Listener at 127.0.0.1/13784] WARN  server.ServerUtils (ServerUtils.java:getDefaultRatisDirectory(237)) - Storage directory for Ratis is not configured. It is a good idea to map this to an SSD disk. Falling back to ozone.metadata.dirs
2021-01-18 07:22:38,777 [Listener at 127.0.0.1/13784] WARN  ratis.OzoneManagerRatisServer (OzoneManagerRatisServer.java:getOMRatisSnapshotDirectory(638)) - ozone.om.ratis.snapshot.dir is not configured. Falling back to ozone.metadata.dirs config
2021-01-18 07:22:38,779 [Listener at 127.0.0.1/13784] INFO  snapshot.OzoneManagerSnapshotProvider (OzoneManagerSnapshotProvider.java:<init>(77)) - Initializing OM Snapshot Provider
2021-01-18 07:22:38,781 [Listener at 127.0.0.1/13784] WARN  server.ServerUtils (ServerUtils.java:getDefaultRatisDirectory(237)) - Storage directory for Ratis is not configured. It is a good idea to map this to an SSD disk. Falling back to ozone.metadata.dirs
2021-01-18 07:22:38,782 [Listener at 127.0.0.1/13784] INFO  ratis.OzoneManagerRatisServer (OzoneManagerRatisServer.java:<init>(280)) - Instantiating OM Ratis server with GroupID: om-service-test1 and Raft Peers: localhost:13794, localhost:13788, localhost:13800
2021-01-18 07:22:38,782 [Listener at 127.0.0.1/13784] INFO  ratis.OzoneManagerStateMachine (OzoneManagerStateMachine.java:loadSnapshotInfoFromDB(518)) - LastAppliedIndex is set from TransactionInfo from OM DB as (t:0, i:~)
2021-01-18 07:22:38,782 [Listener at 127.0.0.1/13784] INFO  server.RaftServer (ConfUtils.java:logGet(44)) - raft.rpc.type = GRPC (default)
2021-01-18 07:22:38,783 [Listener at 127.0.0.1/13784] INFO  grpc.GrpcFactory (GrpcFactory.java:checkPooledByteBufAllocatorUseCacheForAllThreads(48)) - PERFORMANCE WARNING: useCacheForAllThreads is true that may cause Netty to create a lot garbage objects and, as a result, trigger GC.
	It is recommended to disable useCacheForAllThreads by setting -Dorg.apache.ratis.thirdparty.io.netty.allocator.useCacheForAllThreads=false in command line.
2021-01-18 07:22:38,783 [Listener at 127.0.0.1/13784] INFO  grpc.GrpcConfigKeys (ConfUtils.java:logGet(44)) - raft.grpc.server.port = 13794 (custom)
2021-01-18 07:22:38,783 [Listener at 127.0.0.1/13784] INFO  server.GrpcService (ConfUtils.java:logGet(44)) - raft.grpc.message.size.max = 33554432 (custom)
2021-01-18 07:22:38,783 [Listener at 127.0.0.1/13784] INFO  server.RaftServerConfigKeys (ConfUtils.java:logGet(44)) - raft.server.log.appender.buffer.byte-limit = 33554432 (custom)
2021-01-18 07:22:38,783 [Listener at 127.0.0.1/13784] INFO  server.GrpcService (ConfUtils.java:logGet(44)) - raft.grpc.flow.control.window = 1MB (=1048576) (default)
2021-01-18 07:22:38,783 [Listener at 127.0.0.1/13784] INFO  server.RaftServerConfigKeys (ConfUtils.java:logGet(44)) - raft.server.rpc.request.timeout = 3000ms (default)
2021-01-18 07:22:38,784 [Listener at 127.0.0.1/13784] INFO  impl.DataStreamServerImpl (ConfUtils.java:logGet(44)) - raft.datastream.type = DISABLED (default)
2021-01-18 07:22:38,784 [Listener at 127.0.0.1/13784] INFO  server.RaftServerConfigKeys (ConfUtils.java:logGet(44)) - raft.server.rpc.slowness.timeout = 2s (custom)
2021-01-18 07:22:38,784 [Listener at 127.0.0.1/13784] INFO  server.RaftServerConfigKeys (ConfUtils.java:logGet(44)) - raft.server.leaderelection.leader.step-down.wait-time = 10s (default)
2021-01-18 07:22:38,785 [Listener at 127.0.0.1/13784] INFO  server.RaftServerConfigKeys (ConfUtils.java:logGet(44)) - raft.server.storage.dir = [/github/workspace/mnt/ozone/hadoop-ozone/integration-test/target/test-dir/MiniOzoneClusterImpl-31fb86ba-d539-4b3f-b864-a30db12016a3/omNode-2/ratis] (custom)
2021-01-18 07:22:38,786 [Listener at 127.0.0.1/13784] INFO  server.RaftServer (RaftServerProxy.java:addNew(95)) - omNode-2: addNew group-523986131536:[omNode-3|rpc:localhost:13800|priority:0, omNode-1|rpc:localhost:13788|priority:0, omNode-2|rpc:localhost:13794|priority:0] returns group-523986131536:java.util.concurrent.CompletableFuture@5c169504[Not completed]
2021-01-18 07:22:38,786 [Listener at 127.0.0.1/13784] INFO  om.OzoneManager (OzoneManager.java:initializeRatisServer(1323)) - OzoneManager Ratis server initialized at port 13794
2021-01-18 07:22:38,787 [Listener at 127.0.0.1/13784] INFO  ipc.CallQueueManager (CallQueueManager.java:<init>(84)) - Using callQueue: class java.util.concurrent.LinkedBlockingQueue, queueCapacity: 2000, scheduler: class org.apache.hadoop.ipc.DefaultRpcScheduler, ipcBackoff: false.
2021-01-18 07:22:38,790 [pool-42-thread-1] INFO  server.RaftServer$Division (RaftServerImpl.java:<init>(179)) - omNode-2: new RaftServerImpl for group-523986131536:[omNode-3|rpc:localhost:13800|priority:0, omNode-1|rpc:localhost:13788|priority:0, omNode-2|rpc:localhost:13794|priority:0] with OzoneManagerStateMachine:uninitialized
2021-01-18 07:22:38,790 [Socket Reader #1 for port 13790] INFO  ipc.Server (Server.java:run(1219)) - Starting Socket Reader #1 for port 13790
2021-01-18 07:22:38,801 [pool-42-thread-1] INFO  server.RaftServerConfigKeys (ConfUtils.java:logGet(44)) - raft.server.rpc.timeout.min = 1s (custom)
2021-01-18 07:22:38,801 [pool-42-thread-1] INFO  server.RaftServerConfigKeys (ConfUtils.java:logGet(44)) - raft.server.rpc.timeout.max = 1200ms (custom)
2021-01-18 07:22:38,801 [pool-42-thread-1] INFO  server.RaftServerConfigKeys (ConfUtils.java:logGet(44)) - raft.server.rpc.sleep.time = 25ms (default)
2021-01-18 07:22:38,801 [pool-42-thread-1] INFO  server.RaftServerConfigKeys (ConfUtils.java:logGet(44)) - raft.server.rpc.slowness.timeout = 2s (custom)
2021-01-18 07:22:38,801 [pool-42-thread-1] INFO  server.RaftServerConfigKeys (ConfUtils.java:logGet(44)) - raft.server.leaderelection.leader.step-down.wait-time = 10s (default)
2021-01-18 07:22:38,801 [pool-42-thread-1] INFO  server.RaftServerConfigKeys (ConfUtils.java:logGet(44)) - raft.server.sleep.deviation.threshold = 300ms (default)
2021-01-18 07:22:38,801 [pool-42-thread-1] INFO  server.RaftServerConfigKeys (ConfUtils.java:logGet(44)) - raft.server.log.appender.install.snapshot.enabled = false (custom)
2021-01-18 07:22:38,801 [pool-42-thread-1] INFO  server.RaftServer$Division (ServerState.java:<init>(103)) - omNode-2@group-523986131536: ConfigurationManager, init=-1: [omNode-3|rpc:localhost:13800|priority:0, omNode-1|rpc:localhost:13788|priority:0, omNode-2|rpc:localhost:13794|priority:0], old=null, confs=<EMPTY_MAP>
2021-01-18 07:22:38,802 [pool-42-thread-1] INFO  server.RaftServerConfigKeys (ConfUtils.java:logGet(44)) - raft.server.storage.dir = [/github/workspace/mnt/ozone/hadoop-ozone/integration-test/target/test-dir/MiniOzoneClusterImpl-31fb86ba-d539-4b3f-b864-a30db12016a3/omNode-2/ratis] (custom)
2021-01-18 07:22:38,802 [pool-42-thread-1] INFO  server.RaftServerConfigKeys (ConfUtils.java:logGet(44)) - raft.server.log.corruption.policy = EXCEPTION (default)
2021-01-18 07:22:38,802 [pool-42-thread-1] INFO  storage.RaftStorageDirectory (RaftStorageDirectoryImpl.java:analyzeStorage(132)) - The storage directory /github/workspace/mnt/ozone/hadoop-ozone/integration-test/target/test-dir/MiniOzoneClusterImpl-31fb86ba-d539-4b3f-b864-a30db12016a3/omNode-2/ratis/c9bc4cf4-3bc3-3c60-a66b-523986131536 does not exist. Creating ...
2021-01-18 07:22:38,806 [pool-42-thread-1] INFO  storage.RaftStorageDirectory (RaftStorageDirectoryImpl.java:tryLock(215)) - Lock on /github/workspace/mnt/ozone/hadoop-ozone/integration-test/target/test-dir/MiniOzoneClusterImpl-31fb86ba-d539-4b3f-b864-a30db12016a3/omNode-2/ratis/c9bc4cf4-3bc3-3c60-a66b-523986131536/in_use.lock acquired by nodename 14213@c4357192f866
2021-01-18 07:22:38,807 [pool-42-thread-1] INFO  storage.RaftStorage (RaftStorageImpl.java:format(87)) - Storage directory /github/workspace/mnt/ozone/hadoop-ozone/integration-test/target/test-dir/MiniOzoneClusterImpl-31fb86ba-d539-4b3f-b864-a30db12016a3/omNode-2/ratis/c9bc4cf4-3bc3-3c60-a66b-523986131536 has been successfully formatted.
2021-01-18 07:22:38,808 [pool-42-thread-1] ERROR storage.RaftStorage (RaftStorageImpl.java:readRaftConfiguration(147)) - Failed reading configuration from file:/github/workspace/mnt/ozone/hadoop-ozone/integration-test/target/test-dir/MiniOzoneClusterImpl-31fb86ba-d539-4b3f-b864-a30db12016a3/omNode-2/ratis/c9bc4cf4-3bc3-3c60-a66b-523986131536/current/raft-meta.conf
java.io.FileNotFoundException: /github/workspace/mnt/ozone/hadoop-ozone/integration-test/target/test-dir/MiniOzoneClusterImpl-31fb86ba-d539-4b3f-b864-a30db12016a3/omNode-2/ratis/c9bc4cf4-3bc3-3c60-a66b-523986131536/current/raft-meta.conf (No such file or directory)
	at java.io.FileInputStream.open0(Native Method)
	at java.io.FileInputStream.open(FileInputStream.java:195)
	at java.io.FileInputStream.<init>(FileInputStream.java:138)
	at org.apache.ratis.server.storage.RaftStorageImpl.readRaftConfiguration(RaftStorageImpl.java:143)
	at org.apache.ratis.server.impl.ServerState.<init>(ServerState.java:113)
	at org.apache.ratis.server.impl.RaftServerImpl.<init>(RaftServerImpl.java:192)
	at org.apache.ratis.server.impl.RaftServerProxy.lambda$newRaftServerImpl$4(RaftServerProxy.java:266)
	at java.util.concurrent.CompletableFuture$AsyncSupply.run(CompletableFuture.java:1604)
	at java.util.concurrent.ThreadPoolExecutor.runWorker(ThreadPoolExecutor.java:1149)
	at java.util.concurrent.ThreadPoolExecutor$Worker.run(ThreadPoolExecutor.java:624)
	at java.lang.Thread.run(Thread.java:748)
2021-01-18 07:22:38,808 [pool-42-thread-1] INFO  server.RaftServerConfigKeys (ConfUtils.java:logGet(44)) - raft.server.notification.no-leader.timeout = 2s (custom)
2021-01-18 07:22:38,808 [pool-42-thread-1] INFO  server.RaftServerConfigKeys (ConfUtils.java:logGet(44)) - raft.server.log.use.memory = false (default)
2021-01-18 07:22:38,808 [pool-42-thread-1] INFO  server.RaftServerConfigKeys (ConfUtils.java:logGet(44)) - raft.server.log.purge.gap = 50 (custom)
2021-01-18 07:22:38,808 [pool-42-thread-1] INFO  server.RaftServerConfigKeys (ConfUtils.java:logGet(44)) - raft.server.log.appender.buffer.byte-limit = 33554432 (custom)
2021-01-18 07:22:38,808 [pool-42-thread-1] INFO  metrics.RatisMetrics (RatisMetrics.java:lambda$create$0(36)) - Creating Metrics Registry : ratis.log_worker.omNode-2@group-523986131536
2021-01-18 07:22:38,808 [pool-42-thread-1] INFO  server.RaftServerConfigKeys (ConfUtils.java:logGet(44)) - raft.server.log.segment.size.max = 4194304 (custom)
2021-01-18 07:22:38,809 [pool-42-thread-1] INFO  server.RaftServerConfigKeys (ConfUtils.java:logGet(44)) - raft.server.log.segment.cache.num.max = 2 (custom)
2021-01-18 07:22:38,809 [pool-42-thread-1] INFO  server.RaftServerConfigKeys (ConfUtils.java:logGet(44)) - raft.server.log.segment.cache.size.max = 200MB (=209715200) (default)
2021-01-18 07:22:38,809 [pool-42-thread-1] INFO  segmented.SegmentedRaftLogWorker (SegmentedRaftLogWorker.java:<init>(181)) - new omNode-2@group-523986131536-SegmentedRaftLogWorker for RaftStorageImpl:Storage Directory /github/workspace/mnt/ozone/hadoop-ozone/integration-test/target/test-dir/MiniOzoneClusterImpl-31fb86ba-d539-4b3f-b864-a30db12016a3/omNode-2/ratis/c9bc4cf4-3bc3-3c60-a66b-523986131536
2021-01-18 07:22:38,811 [pool-42-thread-1] INFO  server.RaftServerConfigKeys (ConfUtils.java:logGet(44)) - raft.server.log.queue.byte-limit = 64MB (=67108864) (default)
2021-01-18 07:22:38,811 [pool-42-thread-1] INFO  server.RaftServerConfigKeys (ConfUtils.java:logGet(44)) - raft.server.log.queue.element-limit = 4096 (default)
2021-01-18 07:22:38,811 [pool-42-thread-1] INFO  server.RaftServerConfigKeys (ConfUtils.java:logGet(44)) - raft.server.log.segment.size.max = 4194304 (custom)
2021-01-18 07:22:38,811 [pool-42-thread-1] INFO  server.RaftServerConfigKeys (ConfUtils.java:logGet(44)) - raft.server.log.preallocated.size = 4194304 (custom)
2021-01-18 07:22:38,811 [pool-42-thread-1] INFO  server.RaftServerConfigKeys (ConfUtils.java:logGet(44)) - raft.server.log.force.sync.num = 128 (default)
2021-01-18 07:22:38,811 [pool-42-thread-1] INFO  server.RaftServerConfigKeys (ConfUtils.java:logGet(44)) - raft.server.log.statemachine.data.sync = true (default)
2021-01-18 07:22:38,811 [pool-42-thread-1] INFO  server.RaftServerConfigKeys (ConfUtils.java:logGet(44)) - raft.server.log.statemachine.data.sync.timeout = 10s (default)
2021-01-18 07:22:38,811 [pool-42-thread-1] INFO  server.RaftServerConfigKeys (ConfUtils.java:logGet(44)) - raft.server.log.statemachine.data.sync.timeout.retry = -1 (default)
2021-01-18 07:22:38,812 [pool-42-thread-1] INFO  server.RaftServerConfigKeys (ConfUtils.java:logGet(44)) - raft.server.log.write.buffer.size = 64KB (=65536) (default)
2021-01-18 07:22:38,812 [pool-42-thread-1] INFO  server.RaftServerConfigKeys (ConfUtils.java:logGet(44)) - raft.server.log.statemachine.data.caching.enabled = false (default)
2021-01-18 07:22:38,812 [pool-42-thread-1] INFO  segmented.SegmentedRaftLogWorker (SegmentedRaftLogWorker.java:lambda$new$0(132)) - omNode-2@group-523986131536-SegmentedRaftLogWorker: flushIndex: setUnconditionally 0 -> -1
2021-01-18 07:22:38,812 [pool-42-thread-1] INFO  segmented.SegmentedRaftLogWorker (SegmentedRaftLogWorker.java:lambda$new$0(132)) - omNode-2@group-523986131536-SegmentedRaftLogWorker: safeCacheEvictIndex: setUnconditionally 0 -> -1
2021-01-18 07:22:38,819 [Listener at 127.0.0.1/13790] INFO  impl.MetricsSystemImpl (MetricsSystemImpl.java:init(158)) - OzoneManager metrics system started (again)
2021-01-18 07:22:38,821 [pool-42-thread-1] INFO  server.RaftServerConfigKeys (ConfUtils.java:logGet(44)) - raft.server.snapshot.auto.trigger.enabled = true (custom)
2021-01-18 07:22:38,821 [pool-42-thread-1] INFO  server.RaftServerConfigKeys (ConfUtils.java:logGet(44)) - raft.server.snapshot.auto.trigger.threshold = 50 (custom)
2021-01-18 07:22:38,821 [pool-42-thread-1] INFO  server.RaftServerConfigKeys (ConfUtils.java:logGet(44)) - raft.server.snapshot.retention.file.num = -1 (default)
2021-01-18 07:22:38,821 [pool-42-thread-1] INFO  server.RaftServerConfigKeys (ConfUtils.java:logGet(44)) - raft.server.log.purge.upto.snapshot.index = true (custom)
2021-01-18 07:22:38,821 [pool-42-thread-1] INFO  server.RaftServerConfigKeys (ConfUtils.java:logGet(44)) - raft.server.retrycache.expirytime = 300s (custom)
2021-01-18 07:22:38,821 [pool-42-thread-1] INFO  server.RaftServerConfigKeys (ConfUtils.java:logGet(44)) - raft.server.retrycache.statistics.expirytime = 100?s (default)
2021-01-18 07:22:38,821 [pool-42-thread-1] INFO  metrics.RatisMetrics (RatisMetrics.java:lambda$create$0(36)) - Creating Metrics Registry : ratis.leader_election.omNode-2@group-523986131536
2021-01-18 07:22:38,821 [pool-42-thread-1] INFO  metrics.RatisMetrics (RatisMetrics.java:lambda$create$0(36)) - Creating Metrics Registry : ratis.server.omNode-2@group-523986131536
2021-01-18 07:22:38,825 [Listener at 127.0.0.1/13790] INFO  om.OzoneManager (OzoneManager.java:start(1151)) - OzoneManager RPC server is listening at localhost/127.0.0.1:13790
2021-01-18 07:22:38,825 [Listener at 127.0.0.1/13790] INFO  ratis.OzoneManagerRatisServer (OzoneManagerRatisServer.java:start(377)) - Starting OzoneManagerRatisServer omNode-2 at port 13794
2021-01-18 07:22:38,825 [Listener at 127.0.0.1/13790] INFO  server.RaftServer$Division (RaftServerImpl.java:start(294)) - omNode-2@group-523986131536: start as a follower, conf=-1: [omNode-3|rpc:localhost:13800|priority:0, omNode-1|rpc:localhost:13788|priority:0, omNode-2|rpc:localhost:13794|priority:0], old=null
2021-01-18 07:22:38,825 [Listener at 127.0.0.1/13790] INFO  server.RaftServer$Division (RaftServerImpl.java:setRole(283)) - omNode-2@group-523986131536: changes role from      null to FOLLOWER at term 0 for startAsFollower
2021-01-18 07:22:38,825 [Listener at 127.0.0.1/13790] INFO  impl.RoleInfo (RoleInfo.java:updateAndGet(130)) - omNode-2: start omNode-2@group-523986131536-FollowerState
2021-01-18 07:22:38,831 [Listener at 127.0.0.1/13790] INFO  util.JmxRegister (JmxRegister.java:tryRegister(44)) - Successfully registered JMX Bean with object name Ratis:service=RaftServer,group=group-523986131536,id=omNode-2
2021-01-18 07:22:38,832 [Listener at 127.0.0.1/13790] INFO  metrics.RatisMetrics (RatisMetrics.java:lambda$create$0(36)) - Creating Metrics Registry : ratis.state_machine.omNode-2@group-523986131536
2021-01-18 07:22:38,834 [Listener at 127.0.0.1/13790] INFO  server.RaftServer (RaftServerProxy.java:lambda$start$5(372)) - omNode-2: start RPC server
2021-01-18 07:22:38,838 [Listener at 127.0.0.1/13790] INFO  server.GrpcService (GrpcService.java:startImpl(176)) - omNode-2: GrpcService started, listening on 0.0.0.0/0.0.0.0:13794
2021-01-18 07:22:38,841 [org.apache.ratis.util.JvmPauseMonitor$$Lambda$305/1979302296@35c0411b] INFO  util.JvmPauseMonitor (JvmPauseMonitor.java:run(103)) - JvmPauseMonitor-omNode-2: Started
2021-01-18 07:22:38,849 [Listener at 127.0.0.1/13790] INFO  http.BaseHttpServer (BaseHttpServer.java:newHttpServer2BuilderForOzone(207)) - Starting Web-server for ozoneManager at: http://0.0.0.0:13792
2021-01-18 07:22:38,849 [Listener at 127.0.0.1/13790] INFO  http.BaseHttpServer (BaseHttpServer.java:<init>(106)) - Hadoop Security Enabled: false Ozone Security Enabled: false Ozone HTTP Security Enabled: false 
2021-01-18 07:22:38,850 [Listener at 127.0.0.1/13790] INFO  server.AuthenticationFilter (AuthenticationFilter.java:constructSecretProvider(240)) - Unable to initialize FileSignerSecretProvider, falling back to use random secrets.
2021-01-18 07:22:38,850 [Listener at 127.0.0.1/13790] WARN  http.HttpRequestLog (HttpRequestLog.java:getRequestLog(103)) - Jetty request log can only be enabled using Log4j
2021-01-18 07:22:38,851 [Listener at 127.0.0.1/13790] INFO  http.HttpServer2 (HttpServer2.java:addGlobalFilter(1020)) - Added global filter 'safety' (class=org.apache.hadoop.hdds.server.http.HttpServer2$QuotingInputFilter)
2021-01-18 07:22:38,852 [Listener at 127.0.0.1/13790] INFO  http.HttpServer2 (HttpServer2.java:addFilter(996)) - Added filter static_user_filter (class=org.apache.hadoop.http.lib.StaticUserWebFilter$StaticUserFilter) to context ozoneManager
2021-01-18 07:22:38,852 [Listener at 127.0.0.1/13790] INFO  http.HttpServer2 (HttpServer2.java:addFilter(1004)) - Added filter static_user_filter (class=org.apache.hadoop.http.lib.StaticUserWebFilter$StaticUserFilter) to context logs
2021-01-18 07:22:38,852 [Listener at 127.0.0.1/13790] INFO  http.HttpServer2 (HttpServer2.java:addFilter(1004)) - Added filter static_user_filter (class=org.apache.hadoop.http.lib.StaticUserWebFilter$StaticUserFilter) to context static
2021-01-18 07:22:38,853 [Listener at 127.0.0.1/13790] INFO  http.HttpServer2 (HttpServer2.java:bindListener(1238)) - Jetty bound to port 13792
2021-01-18 07:22:38,853 [Listener at 127.0.0.1/13790] INFO  server.Server (Server.java:doStart(375)) - jetty-9.4.34.v20201102; built: 2020-11-02T14:15:39.302Z; git: e46af88704a893fc12cb0e3bf46e2c7b48a009e7; jvm 1.8.0_232-b09
2021-01-18 07:22:38,855 [Listener at 127.0.0.1/13790] INFO  server.session (DefaultSessionIdManager.java:doStart(334)) - DefaultSessionIdManager workerName=node0
2021-01-18 07:22:38,855 [Listener at 127.0.0.1/13790] INFO  server.session (DefaultSessionIdManager.java:doStart(339)) - No SessionScavenger set, using defaults
2021-01-18 07:22:38,856 [Listener at 127.0.0.1/13790] INFO  server.session (HouseKeeper.java:startScavenging(132)) - node0 Scavenging every 660000ms
2021-01-18 07:22:38,856 [Listener at 127.0.0.1/13790] INFO  handler.ContextHandler (ContextHandler.java:doStart(916)) - Started o.e.j.s.ServletContextHandler@27309e29{logs,/logs,file:///github/workspace/mnt/ozone/hadoop-ozone/integration-test/target/log,AVAILABLE}
2021-01-18 07:22:38,857 [Listener at 127.0.0.1/13790] INFO  handler.ContextHandler (ContextHandler.java:doStart(916)) - Started o.e.j.s.ServletContextHandler@6a7d7a10{static,/static,file:///github/workspace/mnt/ozone/hadoop-ozone/integration-test/target/test-classes/webapps/static,AVAILABLE}
2021-01-18 07:22:38,860 [Listener at 127.0.0.1/13790] INFO  handler.ContextHandler (ContextHandler.java:doStart(916)) - Started o.e.j.w.WebAppContext@d372edd{ozoneManager,/,file:///github/workspace/mnt/ozone/hadoop-ozone/integration-test/target/test-classes/webapps/ozoneManager/,AVAILABLE}{file:/github/workspace/mnt/ozone/hadoop-ozone/integration-test/target/test-classes/webapps/ozoneManager}
2021-01-18 07:22:38,861 [Listener at 127.0.0.1/13790] INFO  server.AbstractConnector (AbstractConnector.java:doStart(331)) - Started ServerConnector@7b7fcdba{HTTP/1.1, (http/1.1)}{0.0.0.0:13792}
2021-01-18 07:22:38,861 [Listener at 127.0.0.1/13790] INFO  server.Server (Server.java:doStart(415)) - Started @9349ms
2021-01-18 07:22:38,861 [Listener at 127.0.0.1/13790] WARN  impl.MetricsSystemImpl (MetricsSystemImpl.java:register(276)) - Sink prometheus already exists!
2021-01-18 07:22:39,796 [Thread-99] INFO  impl.FollowerState (FollowerState.java:run(133)) - omNode-1@group-523986131536-FollowerState: change to CANDIDATE, lastRpcElapsedTime:1196251518ns, electionTimeout:1178ms
2021-01-18 07:22:39,797 [Thread-99] INFO  impl.RoleInfo (RoleInfo.java:shutdownFollowerState(108)) - omNode-1: shutdown omNode-1@group-523986131536-FollowerState
2021-01-18 07:22:39,798 [Thread-99] INFO  server.RaftServer$Division (RaftServerImpl.java:setRole(283)) - omNode-1@group-523986131536: changes role from  FOLLOWER to CANDIDATE at term 0 for changeToCandidate
2021-01-18 07:22:39,800 [Thread-99] INFO  impl.RoleInfo (RoleInfo.java:updateAndGet(130)) - omNode-1: start omNode-1@group-523986131536-LeaderElection1
2021-01-18 07:22:39,802 [omNode-1@group-523986131536-LeaderElection1] INFO  impl.LeaderElection (LeaderElection.java:askForPreVotes(259)) - omNode-1@group-523986131536-LeaderElection1: begin a pre-vote at term 0 for -1: [omNode-3|rpc:localhost:13800|priority:0, omNode-1|rpc:localhost:13788|priority:0, omNode-2|rpc:localhost:13794|priority:0], old=null
2021-01-18 07:22:40,006 [Thread-137] INFO  impl.FollowerState (FollowerState.java:run(133)) - omNode-2@group-523986131536-FollowerState: change to CANDIDATE, lastRpcElapsedTime:1180033256ns, electionTimeout:1170ms
2021-01-18 07:22:40,008 [Thread-137] INFO  impl.RoleInfo (RoleInfo.java:shutdownFollowerState(108)) - omNode-2: shutdown omNode-2@group-523986131536-FollowerState
2021-01-18 07:22:40,008 [Thread-137] INFO  server.RaftServer$Division (RaftServerImpl.java:setRole(283)) - omNode-2@group-523986131536: changes role from  FOLLOWER to CANDIDATE at term 0 for changeToCandidate
2021-01-18 07:22:40,008 [Thread-137] INFO  impl.RoleInfo (RoleInfo.java:updateAndGet(130)) - omNode-2: start omNode-2@group-523986131536-LeaderElection2
2021-01-18 07:22:40,013 [omNode-2@group-523986131536-LeaderElection2] INFO  impl.LeaderElection (LeaderElection.java:askForPreVotes(259)) - omNode-2@group-523986131536-LeaderElection2: begin a pre-vote at term 0 for -1: [omNode-3|rpc:localhost:13800|priority:0, omNode-1|rpc:localhost:13788|priority:0, omNode-2|rpc:localhost:13794|priority:0], old=null
2021-01-18 07:22:40,042 [omNode-1@group-523986131536-LeaderElection1] INFO  impl.LeaderElection (LogUtils.java:infoOrTrace(137)) - omNode-1@group-523986131536-LeaderElection1 got exception when requesting votes: java.util.concurrent.ExecutionException: org.apache.ratis.thirdparty.io.grpc.StatusRuntimeException: UNAVAILABLE: io exception
2021-01-18 07:22:40,053 [omNode-2@group-523986131536-LeaderElection2] INFO  impl.LeaderElection (LogUtils.java:infoOrTrace(137)) - omNode-2@group-523986131536-LeaderElection2 got exception when requesting votes: java.util.concurrent.ExecutionException: org.apache.ratis.thirdparty.io.grpc.StatusRuntimeException: UNAVAILABLE: io exception
2021-01-18 07:22:40,107 [grpc-default-executor-1] INFO  metrics.RatisMetrics (RatisMetrics.java:lambda$create$0(36)) - Creating Metrics Registry : ratis.server_message_metrics.omNode-1
2021-01-18 07:22:40,110 [grpc-default-executor-0] INFO  metrics.RatisMetrics (RatisMetrics.java:lambda$create$0(36)) - Creating Metrics Registry : ratis.server_message_metrics.omNode-2
2021-01-18 07:22:40,115 [grpc-default-executor-1] INFO  server.RaftServer$Division (RaftServerImpl.java:requestPreVote(1060)) - omNode-1@group-523986131536: receive preVote(omNode-2, group-523986131536, 0, (t:0, i:~))
2021-01-18 07:22:40,117 [grpc-default-executor-1] INFO  server.RaftServer$Division (RaftServerImpl.java:requestPreVote(1081)) - omNode-1@group-523986131536 role:CANDIDATE allow pre-vote from:omNode-2
2021-01-18 07:22:40,121 [grpc-default-executor-0] INFO  server.RaftServer$Division (RaftServerImpl.java:requestPreVote(1060)) - omNode-2@group-523986131536: receive preVote(omNode-1, group-523986131536, 0, (t:0, i:~))
2021-01-18 07:22:40,121 [grpc-default-executor-0] INFO  server.RaftServer$Division (RaftServerImpl.java:requestPreVote(1081)) - omNode-2@group-523986131536 role:CANDIDATE allow pre-vote from:omNode-1
2021-01-18 07:22:40,122 [grpc-default-executor-0] INFO  server.RaftServer$Division (RaftServerImpl.java:requestPreVote(1099)) - omNode-2@group-523986131536 replies to pre-vote request: omNode-1<-omNode-2#0:OK-t0. Peer's state: omNode-2@group-523986131536:t0, leader=null, voted=, raftlog=omNode-2@group-523986131536-SegmentedRaftLog:OPENED:c-1,f-1,i0, conf=-1: [omNode-3|rpc:localhost:13800|priority:0, omNode-1|rpc:localhost:13788|priority:0, omNode-2|rpc:localhost:13794|priority:0], old=null
2021-01-18 07:22:40,130 [grpc-default-executor-1] INFO  server.RaftServer$Division (RaftServerImpl.java:requestPreVote(1099)) - omNode-1@group-523986131536 replies to pre-vote request: omNode-2<-omNode-1#0:OK-t0. Peer's state: omNode-1@group-523986131536:t0, leader=null, voted=, raftlog=omNode-1@group-523986131536-SegmentedRaftLog:OPENED:c-1,f-1,i0, conf=-1: [omNode-3|rpc:localhost:13800|priority:0, omNode-1|rpc:localhost:13788|priority:0, omNode-2|rpc:localhost:13794|priority:0], old=null
2021-01-18 07:22:40,132 [omNode-1@group-523986131536-LeaderElection1] INFO  impl.LeaderElection (LeaderElection.java:logAndReturn(68)) - omNode-1@group-523986131536-LeaderElection1: Pre-vote  PASSED received 1 response(s):[omNode-1<-omNode-2#0:OK-t0]
2021-01-18 07:22:40,134 [omNode-1@group-523986131536-LeaderElection1] INFO  impl.LeaderElection (LogUtils.java:infoOrTrace(137)) -   Exception 0: java.util.concurrent.ExecutionException: org.apache.ratis.thirdparty.io.grpc.StatusRuntimeException: UNAVAILABLE: io exception
2021-01-18 07:22:40,135 [omNode-2@group-523986131536-LeaderElection2] INFO  impl.LeaderElection (LeaderElection.java:logAndReturn(68)) - omNode-2@group-523986131536-LeaderElection2: Pre-vote  PASSED received 1 response(s):[omNode-2<-omNode-1#0:OK-t0]
2021-01-18 07:22:40,135 [omNode-1@group-523986131536-LeaderElection1] INFO  impl.LeaderElection (LeaderElection.java:askForPreVotes(261)) - omNode-1@group-523986131536-LeaderElection1 pre-vote result is PASSED.
2021-01-18 07:22:40,135 [omNode-2@group-523986131536-LeaderElection2] INFO  impl.LeaderElection (LogUtils.java:infoOrTrace(137)) -   Exception 0: java.util.concurrent.ExecutionException: org.apache.ratis.thirdparty.io.grpc.StatusRuntimeException: UNAVAILABLE: io exception
2021-01-18 07:22:40,136 [omNode-2@group-523986131536-LeaderElection2] INFO  impl.LeaderElection (LeaderElection.java:askForPreVotes(261)) - omNode-2@group-523986131536-LeaderElection2 pre-vote result is PASSED.
2021-01-18 07:22:40,137 [omNode-1@group-523986131536-LeaderElection1] INFO  impl.LeaderElection (LeaderElection.java:askForVotes(308)) - omNode-1@group-523986131536-LeaderElection1: begin an election at term 1 for -1: [omNode-3|rpc:localhost:13800|priority:0, omNode-1|rpc:localhost:13788|priority:0, omNode-2|rpc:localhost:13794|priority:0], old=null
2021-01-18 07:22:40,138 [omNode-2@group-523986131536-LeaderElection2] INFO  impl.LeaderElection (LeaderElection.java:askForVotes(308)) - omNode-2@group-523986131536-LeaderElection2: begin an election at term 1 for -1: [omNode-3|rpc:localhost:13800|priority:0, omNode-1|rpc:localhost:13788|priority:0, omNode-2|rpc:localhost:13794|priority:0], old=null
2021-01-18 07:22:40,139 [omNode-1@group-523986131536-LeaderElection1] INFO  impl.LeaderElection (LogUtils.java:infoOrTrace(137)) - omNode-1@group-523986131536-LeaderElection1 got exception when requesting votes: java.util.concurrent.ExecutionException: org.apache.ratis.thirdparty.io.grpc.StatusRuntimeException: UNAVAILABLE: io exception
2021-01-18 07:22:40,144 [omNode-2@group-523986131536-LeaderElection2] INFO  impl.LeaderElection (LogUtils.java:infoOrTrace(137)) - omNode-2@group-523986131536-LeaderElection2 got exception when requesting votes: java.util.concurrent.ExecutionException: org.apache.ratis.thirdparty.io.grpc.StatusRuntimeException: UNAVAILABLE: io exception
2021-01-18 07:22:40,149 [omNode-1@group-523986131536-LeaderElection1] INFO  impl.LeaderElection (LeaderElection.java:logAndReturn(68)) - omNode-1@group-523986131536-LeaderElection1: Election  REJECTED received 1 response(s):[omNode-1<-omNode-2#0:FAIL-t1]
2021-01-18 07:22:40,149 [omNode-1@group-523986131536-LeaderElection1] INFO  impl.LeaderElection (LogUtils.java:infoOrTrace(137)) -   Exception 0: java.util.concurrent.ExecutionException: org.apache.ratis.thirdparty.io.grpc.StatusRuntimeException: UNAVAILABLE: io exception
2021-01-18 07:22:40,150 [omNode-1@group-523986131536-LeaderElection1] INFO  server.RaftServer$Division (RaftServerImpl.java:setRole(283)) - omNode-1@group-523986131536: changes role from CANDIDATE to FOLLOWER at term 1 for DISCOVERED_A_NEW_TERM
2021-01-18 07:22:40,150 [omNode-1@group-523986131536-LeaderElection1] INFO  impl.RoleInfo (RoleInfo.java:shutdownLeaderElection(121)) - omNode-1: shutdown omNode-1@group-523986131536-LeaderElection1
2021-01-18 07:22:40,150 [omNode-1@group-523986131536-LeaderElection1] INFO  impl.RoleInfo (RoleInfo.java:updateAndGet(130)) - omNode-1: start omNode-1@group-523986131536-FollowerState
2021-01-18 07:22:40,167 [omNode-2@group-523986131536-LeaderElection2] INFO  impl.LeaderElection (LeaderElection.java:logAndReturn(68)) - omNode-2@group-523986131536-LeaderElection2: Election  REJECTED received 1 response(s):[omNode-2<-omNode-1#0:FAIL-t1]
2021-01-18 07:22:40,167 [omNode-2@group-523986131536-LeaderElection2] INFO  impl.LeaderElection (LogUtils.java:infoOrTrace(137)) -   Exception 0: java.util.concurrent.ExecutionException: org.apache.ratis.thirdparty.io.grpc.StatusRuntimeException: UNAVAILABLE: io exception
2021-01-18 07:22:40,168 [omNode-2@group-523986131536-LeaderElection2] INFO  server.RaftServer$Division (RaftServerImpl.java:setRole(283)) - omNode-2@group-523986131536: changes role from CANDIDATE to FOLLOWER at term 1 for DISCOVERED_A_NEW_TERM
2021-01-18 07:22:40,168 [omNode-2@group-523986131536-LeaderElection2] INFO  impl.RoleInfo (RoleInfo.java:shutdownLeaderElection(121)) - omNode-2: shutdown omNode-2@group-523986131536-LeaderElection2
2021-01-18 07:22:40,168 [omNode-2@group-523986131536-LeaderElection2] INFO  impl.RoleInfo (RoleInfo.java:updateAndGet(130)) - omNode-2: start omNode-2@group-523986131536-FollowerState
2021-01-18 07:22:41,183 [Thread-159] INFO  impl.FollowerState (FollowerState.java:run(133)) - omNode-1@group-523986131536-FollowerState: change to CANDIDATE, lastRpcElapsedTime:1032750086ns, electionTimeout:1020ms
2021-01-18 07:22:41,183 [Thread-159] INFO  impl.RoleInfo (RoleInfo.java:shutdownFollowerState(108)) - omNode-1: shutdown omNode-1@group-523986131536-FollowerState
2021-01-18 07:22:41,183 [Thread-159] INFO  server.RaftServer$Division (RaftServerImpl.java:setRole(283)) - omNode-1@group-523986131536: changes role from  FOLLOWER to CANDIDATE at term 1 for changeToCandidate
2021-01-18 07:22:41,193 [Thread-159] INFO  impl.RoleInfo (RoleInfo.java:updateAndGet(130)) - omNode-1: start omNode-1@group-523986131536-LeaderElection3
2021-01-18 07:22:41,193 [omNode-1@group-523986131536-LeaderElection3] INFO  impl.LeaderElection (LeaderElection.java:askForPreVotes(259)) - omNode-1@group-523986131536-LeaderElection3: begin a pre-vote at term 1 for -1: [omNode-3|rpc:localhost:13800|priority:0, omNode-1|rpc:localhost:13788|priority:0, omNode-2|rpc:localhost:13794|priority:0], old=null
2021-01-18 07:22:41,194 [omNode-1@group-523986131536-LeaderElection3] INFO  impl.LeaderElection (LogUtils.java:infoOrTrace(137)) - omNode-1@group-523986131536-LeaderElection3 got exception when requesting votes: java.util.concurrent.ExecutionException: org.apache.ratis.thirdparty.io.grpc.StatusRuntimeException: UNAVAILABLE: io exception
2021-01-18 07:22:41,198 [grpc-default-executor-1] INFO  server.RaftServer$Division (RaftServerImpl.java:requestPreVote(1060)) - omNode-2@group-523986131536: receive preVote(omNode-1, group-523986131536, 1, (t:0, i:~))
2021-01-18 07:22:41,198 [grpc-default-executor-1] INFO  server.RaftServer$Division (RaftServerImpl.java:requestPreVote(1081)) - omNode-2@group-523986131536 role: FOLLOWER allow pre-vote from:omNode-1
2021-01-18 07:22:41,199 [grpc-default-executor-1] INFO  server.RaftServer$Division (RaftServerImpl.java:requestPreVote(1099)) - omNode-2@group-523986131536 replies to pre-vote request: omNode-1<-omNode-2#0:OK-t1. Peer's state: omNode-2@group-523986131536:t1, leader=null, voted=omNode-2, raftlog=omNode-2@group-523986131536-SegmentedRaftLog:OPENED:c-1,f-1,i0, conf=-1: [omNode-3|rpc:localhost:13800|priority:0, omNode-1|rpc:localhost:13788|priority:0, omNode-2|rpc:localhost:13794|priority:0], old=null
2021-01-18 07:22:41,205 [omNode-1@group-523986131536-LeaderElection3] INFO  impl.LeaderElection (LeaderElection.java:logAndReturn(68)) - omNode-1@group-523986131536-LeaderElection3: Pre-vote  PASSED received 1 response(s):[omNode-1<-omNode-2#0:OK-t1]
2021-01-18 07:22:41,205 [omNode-1@group-523986131536-LeaderElection3] INFO  impl.LeaderElection (LogUtils.java:infoOrTrace(137)) -   Exception 0: java.util.concurrent.ExecutionException: org.apache.ratis.thirdparty.io.grpc.StatusRuntimeException: UNAVAILABLE: io exception
2021-01-18 07:22:41,205 [omNode-1@group-523986131536-LeaderElection3] INFO  impl.LeaderElection (LeaderElection.java:askForPreVotes(261)) - omNode-1@group-523986131536-LeaderElection3 pre-vote result is PASSED.
2021-01-18 07:22:41,207 [omNode-1@group-523986131536-LeaderElection3] INFO  impl.LeaderElection (LeaderElection.java:askForVotes(308)) - omNode-1@group-523986131536-LeaderElection3: begin an election at term 2 for -1: [omNode-3|rpc:localhost:13800|priority:0, omNode-1|rpc:localhost:13788|priority:0, omNode-2|rpc:localhost:13794|priority:0], old=null
2021-01-18 07:22:41,207 [omNode-1@group-523986131536-LeaderElection3] INFO  impl.LeaderElection (LogUtils.java:infoOrTrace(137)) - omNode-1@group-523986131536-LeaderElection3 got exception when requesting votes: java.util.concurrent.ExecutionException: org.apache.ratis.thirdparty.io.grpc.StatusRuntimeException: UNAVAILABLE: io exception
2021-01-18 07:22:41,211 [grpc-default-executor-1] INFO  server.RaftServer$Division (RaftServerImpl.java:setRole(283)) - omNode-2@group-523986131536: changes role from  FOLLOWER to FOLLOWER at term 2 for recognizeCandidate:omNode-1
2021-01-18 07:22:41,212 [grpc-default-executor-1] INFO  impl.RoleInfo (RoleInfo.java:shutdownFollowerState(108)) - omNode-2: shutdown omNode-2@group-523986131536-FollowerState
2021-01-18 07:22:41,212 [grpc-default-executor-1] INFO  impl.RoleInfo (RoleInfo.java:updateAndGet(130)) - omNode-2: start omNode-2@group-523986131536-FollowerState
2021-01-18 07:22:41,212 [Thread-160] INFO  impl.FollowerState (FollowerState.java:run(142)) - omNode-2@group-523986131536-FollowerState was interrupted: {}
java.lang.InterruptedException: sleep interrupted
	at java.lang.Thread.sleep(Native Method)
	at java.lang.Thread.sleep(Thread.java:340)
	at java.util.concurrent.TimeUnit.sleep(TimeUnit.java:386)
	at org.apache.ratis.util.TimeDuration.sleep(TimeDuration.java:324)
	at org.apache.ratis.util.TimeDuration.sleep(TimeDuration.java:309)
	at org.apache.ratis.server.impl.FollowerState.run(FollowerState.java:117)
2021-01-18 07:22:41,216 [grpc-default-executor-1] INFO  server.RaftServer$Division (RaftServerImpl.java:requestVote(1137)) -  FOLLOWER omNode-2@group-523986131536:t2, leader=null, voted=null, raftlog=omNode-2@group-523986131536-SegmentedRaftLog:OPENED:c-1,f-1,i0, conf=-1: [omNode-3|rpc:localhost:13800|priority:0, omNode-1|rpc:localhost:13788|priority:0, omNode-2|rpc:localhost:13794|priority:0], old=null RUNNING priority:0 candidate:omNode-1|rpc:localhost:13788|priority:0 candidatePriority:0 compare:0
2021-01-18 07:22:41,219 [omNode-1@group-523986131536-LeaderElection3] INFO  impl.LeaderElection (LeaderElection.java:logAndReturn(68)) - omNode-1@group-523986131536-LeaderElection3: Election  PASSED received 1 response(s):[omNode-1<-omNode-2#0:OK-t2]
2021-01-18 07:22:41,219 [omNode-1@group-523986131536-LeaderElection3] INFO  impl.LeaderElection (LogUtils.java:infoOrTrace(137)) -   Exception 0: java.util.concurrent.ExecutionException: org.apache.ratis.thirdparty.io.grpc.StatusRuntimeException: UNAVAILABLE: io exception
2021-01-18 07:22:41,219 [omNode-1@group-523986131536-LeaderElection3] INFO  impl.RoleInfo (RoleInfo.java:shutdownLeaderElection(121)) - omNode-1: shutdown omNode-1@group-523986131536-LeaderElection3
2021-01-18 07:22:41,219 [omNode-1@group-523986131536-LeaderElection3] INFO  server.RaftServer$Division (RaftServerImpl.java:setRole(283)) - omNode-1@group-523986131536: changes role from CANDIDATE to LEADER at term 2 for changeToLeader
2021-01-18 07:22:41,219 [omNode-1@group-523986131536-LeaderElection3] INFO  server.RaftServer$Division (ServerState.java:setLeader(249)) - omNode-1@group-523986131536: change Leader from null to omNode-1 at term 2 for becomeLeader, leader elected after 2743ms
2021-01-18 07:22:41,228 [omNode-1@group-523986131536-LeaderElection3] INFO  server.RaftServerConfigKeys (ConfUtils.java:logGet(44)) - raft.server.staging.catchup.gap = 1000 (default)
2021-01-18 07:22:41,231 [omNode-1@group-523986131536-LeaderElection3] INFO  metrics.RatisMetrics (RatisMetrics.java:lambda$create$0(36)) - Creating Metrics Registry : ratis.log_appender.omNode-1@group-523986131536
2021-01-18 07:22:41,233 [omNode-1@group-523986131536-LeaderElection3] INFO  server.RaftServerConfigKeys (ConfUtils.java:logGet(44)) - raft.server.write.element-limit = 4096 (default)
2021-01-18 07:22:41,234 [omNode-1@group-523986131536-LeaderElection3] INFO  server.RaftServerConfigKeys (ConfUtils.java:logGet(44)) - raft.server.write.byte-limit = 64MB (=67108864) (default)
2021-01-18 07:22:41,240 [omNode-1@group-523986131536-LeaderElection3] INFO  server.RaftServerConfigKeys (ConfUtils.java:logGet(44)) - raft.server.watch.timeout = 10s (default)
2021-01-18 07:22:41,240 [omNode-1@group-523986131536-LeaderElection3] INFO  server.RaftServerConfigKeys (ConfUtils.java:logGet(44)) - raft.server.watch.timeout.denomination = 1s (default)
2021-01-18 07:22:41,241 [omNode-1@group-523986131536-LeaderElection3] INFO  server.RaftServerConfigKeys (ConfUtils.java:logGet(44)) - raft.server.watch.element-limit = 65536 (default)
2021-01-18 07:22:41,248 [omNode-1@group-523986131536-LeaderElection3] INFO  server.RaftServerConfigKeys (ConfUtils.java:logGet(44)) - raft.server.log.appender.snapshot.chunk.size.max = 16MB (=16777216) (default)
2021-01-18 07:22:41,249 [omNode-1@group-523986131536-LeaderElection3] INFO  server.RaftServerConfigKeys (ConfUtils.java:logGet(44)) - raft.server.log.appender.buffer.byte-limit = 33554432 (custom)
2021-01-18 07:22:41,249 [omNode-1@group-523986131536-LeaderElection3] INFO  server.RaftServerConfigKeys (ConfUtils.java:logGet(44)) - raft.server.log.appender.buffer.element-limit = 1024 (custom)
2021-01-18 07:22:41,251 [omNode-1@group-523986131536-LeaderElection3] INFO  grpc.GrpcConfigKeys (ConfUtils.java:logGet(44)) - raft.grpc.server.leader.outstanding.appends.max = 128 (default)
2021-01-18 07:22:41,251 [omNode-1@group-523986131536-LeaderElection3] INFO  server.RaftServerConfigKeys (ConfUtils.java:logGet(44)) - raft.server.rpc.request.timeout = 3000ms (default)
2021-01-18 07:22:41,251 [omNode-1@group-523986131536-LeaderElection3] INFO  server.RaftServerConfigKeys (ConfUtils.java:logGet(44)) - raft.server.log.appender.install.snapshot.enabled = false (custom)
2021-01-18 07:22:41,252 [omNode-1@group-523986131536-LeaderElection3] INFO  metrics.RatisMetrics (RatisMetrics.java:lambda$create$0(36)) - Creating Metrics Registry : ratis_grpc.log_appender.omNode-1@group-523986131536
2021-01-18 07:22:41,257 [omNode-1@group-523986131536-LeaderElection3] INFO  server.RaftServerConfigKeys (ConfUtils.java:logGet(44)) - raft.server.log.appender.snapshot.chunk.size.max = 16MB (=16777216) (default)
2021-01-18 07:22:41,258 [omNode-1@group-523986131536-LeaderElection3] INFO  server.RaftServerConfigKeys (ConfUtils.java:logGet(44)) - raft.server.log.appender.buffer.byte-limit = 33554432 (custom)
2021-01-18 07:22:41,258 [omNode-1@group-523986131536-LeaderElection3] INFO  server.RaftServerConfigKeys (ConfUtils.java:logGet(44)) - raft.server.log.appender.buffer.element-limit = 1024 (custom)
2021-01-18 07:22:41,258 [omNode-1@group-523986131536-LeaderElection3] INFO  grpc.GrpcConfigKeys (ConfUtils.java:logGet(44)) - raft.grpc.server.leader.outstanding.appends.max = 128 (default)
2021-01-18 07:22:41,258 [omNode-1@group-523986131536-LeaderElection3] INFO  server.RaftServerConfigKeys (ConfUtils.java:logGet(44)) - raft.server.rpc.request.timeout = 3000ms (default)
2021-01-18 07:22:41,258 [omNode-1@group-523986131536-LeaderElection3] INFO  server.RaftServerConfigKeys (ConfUtils.java:logGet(44)) - raft.server.log.appender.install.snapshot.enabled = false (custom)
2021-01-18 07:22:41,260 [omNode-1@group-523986131536-LeaderElection3] INFO  impl.RoleInfo (RoleInfo.java:updateAndGet(130)) - omNode-1: start omNode-1@group-523986131536-LeaderStateImpl
2021-01-18 07:22:41,273 [omNode-1@group-523986131536-LeaderElection3] INFO  segmented.SegmentedRaftLogWorker (SegmentedRaftLogWorker.java:startLogSegment(392)) - omNode-1@group-523986131536-SegmentedRaftLogWorker: Starting segment from index:0
2021-01-18 07:22:41,294 [omNode-1@group-523986131536-LeaderElection3] INFO  server.RaftServer$Division (ServerState.java:setRaftConf(368)) - omNode-1@group-523986131536: set configuration 0: [omNode-3|rpc:localhost:13800|dataStream:|priority:0, omNode-1|rpc:localhost:13788|dataStream:|priority:0, omNode-2|rpc:localhost:13794|dataStream:|priority:0], old=null
2021-01-18 07:22:41,311 [grpc-default-executor-1] WARN  server.GrpcLogAppender (LogUtils.java:warn(122)) - omNode-1@group-523986131536->omNode-3-AppendLogResponseHandler: Failed appendEntries: org.apache.ratis.thirdparty.io.grpc.StatusRuntimeException: UNAVAILABLE: io exception
2021-01-18 07:22:41,315 [grpc-default-executor-1] WARN  server.GrpcLogAppender (GrpcLogAppender.java:resetClient(111)) - omNode-1@group-523986131536->omNode-3-GrpcLogAppender: Leader has not got in touch with Follower omNode-1@group-523986131536->omNode-3(c-1,m0,n0, attendVote=true, lastRpcSendTime=1271, lastRpcResponseTime=1271) yet, just keep nextIndex unchanged and retry.
2021-01-18 07:22:41,325 [grpc-default-executor-0] WARN  server.GrpcLogAppender (LogUtils.java:warn(122)) - omNode-1@group-523986131536->omNode-3-AppendLogResponseHandler: Failed appendEntries: org.apache.ratis.thirdparty.io.grpc.StatusRuntimeException: UNAVAILABLE: io exception
2021-01-18 07:22:41,326 [grpc-default-executor-0] WARN  server.GrpcLogAppender (GrpcLogAppender.java:resetClient(111)) - omNode-1@group-523986131536->omNode-3-GrpcLogAppender: Leader has not got in touch with Follower omNode-1@group-523986131536->omNode-3(c-1,m0,n1, attendVote=true, lastRpcSendTime=6, lastRpcResponseTime=1282) yet, just keep nextIndex unchanged and retry.
2021-01-18 07:22:41,335 [grpc-default-executor-0] INFO  server.RaftServer$Division (ServerState.java:setLeader(249)) - omNode-2@group-523986131536: change Leader from null to omNode-1 at term 2 for appendEntries, leader elected after 2527ms
2021-01-18 07:22:41,347 [grpc-default-executor-0] INFO  server.RaftServer$Division (ServerState.java:setRaftConf(368)) - omNode-2@group-523986131536: set configuration 0: [omNode-3|rpc:localhost:13800|dataStream:|priority:0, omNode-1|rpc:localhost:13788|dataStream:|priority:0, omNode-2|rpc:localhost:13794|dataStream:|priority:0], old=null
2021-01-18 07:22:41,348 [grpc-default-executor-0] INFO  segmented.SegmentedRaftLogWorker (SegmentedRaftLogWorker.java:startLogSegment(392)) - omNode-2@group-523986131536-SegmentedRaftLogWorker: Starting segment from index:0
2021-01-18 07:22:41,435 [omNode-2@group-523986131536-SegmentedRaftLogWorker] INFO  segmented.SegmentedRaftLogWorker (SegmentedRaftLogWorker.java:execute(599)) - omNode-2@group-523986131536-SegmentedRaftLogWorker: created new log segment /github/workspace/mnt/ozone/hadoop-ozone/integration-test/target/test-dir/MiniOzoneClusterImpl-31fb86ba-d539-4b3f-b864-a30db12016a3/omNode-2/ratis/c9bc4cf4-3bc3-3c60-a66b-523986131536/current/log_inprogress_0
2021-01-18 07:22:41,435 [omNode-1@group-523986131536-SegmentedRaftLogWorker] INFO  segmented.SegmentedRaftLogWorker (SegmentedRaftLogWorker.java:execute(599)) - omNode-1@group-523986131536-SegmentedRaftLogWorker: created new log segment /github/workspace/mnt/ozone/hadoop-ozone/integration-test/target/test-dir/MiniOzoneClusterImpl-31fb86ba-d539-4b3f-b864-a30db12016a3/omNode-1/ratis/c9bc4cf4-3bc3-3c60-a66b-523986131536/current/log_inprogress_0
2021-01-18 07:22:41,820 [grpc-default-executor-0] WARN  server.GrpcLogAppender (LogUtils.java:warn(122)) - omNode-1@group-523986131536->omNode-3-AppendLogResponseHandler: Failed appendEntries: org.apache.ratis.thirdparty.io.grpc.StatusRuntimeException: UNAVAILABLE: io exception
2021-01-18 07:22:41,822 [grpc-default-executor-0] WARN  server.GrpcLogAppender (GrpcLogAppender.java:resetClient(111)) - omNode-1@group-523986131536->omNode-3-GrpcLogAppender: Leader has not got in touch with Follower omNode-1@group-523986131536->omNode-3(c-1,m0,n1, attendVote=true, lastRpcSendTime=1, lastRpcResponseTime=1777) yet, just keep nextIndex unchanged and retry.
2021-01-18 07:22:42,321 [grpc-default-executor-0] WARN  server.GrpcLogAppender (LogUtils.java:warn(122)) - omNode-1@group-523986131536->omNode-3-AppendLogResponseHandler: Failed appendEntries: org.apache.ratis.thirdparty.io.grpc.StatusRuntimeException: UNAVAILABLE: io exception
2021-01-18 07:22:42,322 [grpc-default-executor-0] WARN  server.GrpcLogAppender (GrpcLogAppender.java:resetClient(111)) - omNode-1@group-523986131536->omNode-3-GrpcLogAppender: Leader has not got in touch with Follower omNode-1@group-523986131536->omNode-3(c-1,m0,n1, attendVote=true, lastRpcSendTime=501, lastRpcResponseTime=2278) yet, just keep nextIndex unchanged and retry.
2021-01-18 07:22:42,826 [grpc-default-executor-0] WARN  server.GrpcLogAppender (LogUtils.java:warn(122)) - omNode-1@group-523986131536->omNode-3-AppendLogResponseHandler: Failed appendEntries: org.apache.ratis.thirdparty.io.grpc.StatusRuntimeException: UNAVAILABLE: io exception
2021-01-18 07:22:42,827 [grpc-default-executor-0] WARN  server.GrpcLogAppender (GrpcLogAppender.java:resetClient(111)) - omNode-1@group-523986131536->omNode-3-GrpcLogAppender: Leader has not got in touch with Follower omNode-1@group-523986131536->omNode-3(c-1,m0,n1, attendVote=true, lastRpcSendTime=1, lastRpcResponseTime=2783) yet, just keep nextIndex unchanged and retry.
2021-01-18 07:22:43,326 [grpc-default-executor-0] WARN  server.GrpcLogAppender (LogUtils.java:warn(122)) - omNode-1@group-523986131536->omNode-3-AppendLogResponseHandler: Failed appendEntries: org.apache.ratis.thirdparty.io.grpc.StatusRuntimeException: UNAVAILABLE: io exception
2021-01-18 07:22:43,327 [grpc-default-executor-0] WARN  server.GrpcLogAppender (GrpcLogAppender.java:resetClient(111)) - omNode-1@group-523986131536->omNode-3-GrpcLogAppender: Leader has not got in touch with Follower omNode-1@group-523986131536->omNode-3(c-1,m0,n1, attendVote=true, lastRpcSendTime=1, lastRpcResponseTime=3283) yet, just keep nextIndex unchanged and retry.
2021-01-18 07:22:43,827 [grpc-default-executor-0] WARN  server.GrpcLogAppender (LogUtils.java:warn(122)) - omNode-1@group-523986131536->omNode-3-AppendLogResponseHandler: Failed appendEntries: org.apache.ratis.thirdparty.io.grpc.StatusRuntimeException: UNAVAILABLE: io exception
2021-01-18 07:22:43,828 [grpc-default-executor-0] WARN  server.GrpcLogAppender (GrpcLogAppender.java:resetClient(111)) - omNode-1@group-523986131536->omNode-3-GrpcLogAppender: Leader has not got in touch with Follower omNode-1@group-523986131536->omNode-3(c-1,m0,n1, attendVote=true, lastRpcSendTime=1, lastRpcResponseTime=3783) yet, just keep nextIndex unchanged and retry.
2021-01-18 07:22:44,327 [grpc-default-executor-0] WARN  server.GrpcLogAppender (LogUtils.java:warn(122)) - omNode-1@group-523986131536->omNode-3-AppendLogResponseHandler: Failed appendEntries: org.apache.ratis.thirdparty.io.grpc.StatusRuntimeException: UNAVAILABLE: io exception
2021-01-18 07:22:44,332 [grpc-default-executor-0] WARN  server.GrpcLogAppender (GrpcLogAppender.java:resetClient(111)) - omNode-1@group-523986131536->omNode-3-GrpcLogAppender: Leader has not got in touch with Follower omNode-1@group-523986131536->omNode-3(c-1,m0,n1, attendVote=true, lastRpcSendTime=4, lastRpcResponseTime=4287) yet, just keep nextIndex unchanged and retry.
2021-01-18 07:22:44,827 [grpc-default-executor-0] WARN  server.GrpcLogAppender (LogUtils.java:warn(122)) - omNode-1@group-523986131536->omNode-3-AppendLogResponseHandler: Failed appendEntries: org.apache.ratis.thirdparty.io.grpc.StatusRuntimeException: UNAVAILABLE: io exception
2021-01-18 07:22:44,829 [grpc-default-executor-0] WARN  server.GrpcLogAppender (GrpcLogAppender.java:resetClient(111)) - omNode-1@group-523986131536->omNode-3-GrpcLogAppender: Leader has not got in touch with Follower omNode-1@group-523986131536->omNode-3(c-1,m0,n1, attendVote=true, lastRpcSendTime=1, lastRpcResponseTime=4785) yet, just keep nextIndex unchanged and retry.
2021-01-18 07:22:45,328 [grpc-default-executor-0] WARN  server.GrpcLogAppender (LogUtils.java:warn(122)) - omNode-1@group-523986131536->omNode-3-AppendLogResponseHandler: Failed appendEntries: org.apache.ratis.thirdparty.io.grpc.StatusRuntimeException: UNAVAILABLE: io exception
2021-01-18 07:22:45,329 [grpc-default-executor-0] WARN  server.GrpcLogAppender (GrpcLogAppender.java:resetClient(111)) - omNode-1@group-523986131536->omNode-3-GrpcLogAppender: Leader has not got in touch with Follower omNode-1@group-523986131536->omNode-3(c-1,m0,n1, attendVote=true, lastRpcSendTime=1, lastRpcResponseTime=5285) yet, just keep nextIndex unchanged and retry.
2021-01-18 07:22:45,828 [grpc-default-executor-0] WARN  server.GrpcLogAppender (LogUtils.java:warn(122)) - omNode-1@group-523986131536->omNode-3-AppendLogResponseHandler: Failed appendEntries: org.apache.ratis.thirdparty.io.grpc.StatusRuntimeException: UNAVAILABLE: io exception
2021-01-18 07:22:45,829 [grpc-default-executor-0] WARN  server.GrpcLogAppender (GrpcLogAppender.java:resetClient(111)) - omNode-1@group-523986131536->omNode-3-GrpcLogAppender: Leader has not got in touch with Follower omNode-1@group-523986131536->omNode-3(c-1,m0,n1, attendVote=true, lastRpcSendTime=0, lastRpcResponseTime=5785) yet, just keep nextIndex unchanged and retry.
2021-01-18 07:22:46,328 [grpc-default-executor-0] WARN  server.GrpcLogAppender (LogUtils.java:warn(122)) - omNode-1@group-523986131536->omNode-3-AppendLogResponseHandler: Failed appendEntries: org.apache.ratis.thirdparty.io.grpc.StatusRuntimeException: UNAVAILABLE: io exception
2021-01-18 07:22:46,330 [grpc-default-executor-0] WARN  server.GrpcLogAppender (GrpcLogAppender.java:resetClient(111)) - omNode-1@group-523986131536->omNode-3-GrpcLogAppender: Leader has not got in touch with Follower omNode-1@group-523986131536->omNode-3(c-1,m0,n1, attendVote=true, lastRpcSendTime=1, lastRpcResponseTime=6286) yet, just keep nextIndex unchanged and retry.
2021-01-18 07:22:46,829 [grpc-default-executor-0] WARN  server.GrpcLogAppender (LogUtils.java:warn(122)) - omNode-1@group-523986131536->omNode-3-AppendLogResponseHandler: Failed appendEntries: org.apache.ratis.thirdparty.io.grpc.StatusRuntimeException: UNAVAILABLE: io exception
2021-01-18 07:22:46,830 [grpc-default-executor-0] WARN  server.GrpcLogAppender (GrpcLogAppender.java:resetClient(111)) - omNode-1@group-523986131536->omNode-3-GrpcLogAppender: Leader has not got in touch with Follower omNode-1@group-523986131536->omNode-3(c-1,m0,n1, attendVote=true, lastRpcSendTime=0, lastRpcResponseTime=6786) yet, just keep nextIndex unchanged and retry.
2021-01-18 07:22:47,329 [grpc-default-executor-0] WARN  server.GrpcLogAppender (LogUtils.java:warn(122)) - omNode-1@group-523986131536->omNode-3-AppendLogResponseHandler: Failed appendEntries: org.apache.ratis.thirdparty.io.grpc.StatusRuntimeException: UNAVAILABLE: io exception
2021-01-18 07:22:47,330 [grpc-default-executor-0] WARN  server.GrpcLogAppender (GrpcLogAppender.java:resetClient(111)) - omNode-1@group-523986131536->omNode-3-GrpcLogAppender: Leader has not got in touch with Follower omNode-1@group-523986131536->omNode-3(c-1,m0,n1, attendVote=true, lastRpcSendTime=1, lastRpcResponseTime=7286) yet, just keep nextIndex unchanged and retry.
2021-01-18 07:22:47,831 [grpc-default-executor-0] WARN  server.GrpcLogAppender (LogUtils.java:warn(122)) - omNode-1@group-523986131536->omNode-3-AppendLogResponseHandler: Failed appendEntries: org.apache.ratis.thirdparty.io.grpc.StatusRuntimeException: UNAVAILABLE: io exception
2021-01-18 07:22:47,832 [grpc-default-executor-0] WARN  server.GrpcLogAppender (GrpcLogAppender.java:resetClient(111)) - omNode-1@group-523986131536->omNode-3-GrpcLogAppender: Leader has not got in touch with Follower omNode-1@group-523986131536->omNode-3(c-1,m0,n1, attendVote=true, lastRpcSendTime=0, lastRpcResponseTime=7788) yet, just keep nextIndex unchanged and retry.
2021-01-18 07:22:48,332 [grpc-default-executor-0] WARN  server.GrpcLogAppender (LogUtils.java:warn(122)) - omNode-1@group-523986131536->omNode-3-AppendLogResponseHandler: Failed appendEntries: org.apache.ratis.thirdparty.io.grpc.StatusRuntimeException: UNAVAILABLE: io exception
2021-01-18 07:22:48,333 [grpc-default-executor-0] WARN  server.GrpcLogAppender (GrpcLogAppender.java:resetClient(111)) - omNode-1@group-523986131536->omNode-3-GrpcLogAppender: Leader has not got in touch with Follower omNode-1@group-523986131536->omNode-3(c-1,m0,n1, attendVote=true, lastRpcSendTime=1, lastRpcResponseTime=8289) yet, just keep nextIndex unchanged and retry.
2021-01-18 07:22:48,832 [grpc-default-executor-0] WARN  server.GrpcLogAppender (LogUtils.java:warn(122)) - omNode-1@group-523986131536->omNode-3-AppendLogResponseHandler: Failed appendEntries: org.apache.ratis.thirdparty.io.grpc.StatusRuntimeException: UNAVAILABLE: io exception
2021-01-18 07:22:48,833 [grpc-default-executor-0] WARN  server.GrpcLogAppender (GrpcLogAppender.java:resetClient(111)) - omNode-1@group-523986131536->omNode-3-GrpcLogAppender: Leader has not got in touch with Follower omNode-1@group-523986131536->omNode-3(c-1,m0,n1, attendVote=true, lastRpcSendTime=1, lastRpcResponseTime=8789) yet, just keep nextIndex unchanged and retry.
2021-01-18 07:22:48,869 [Listener at 127.0.0.1/13790] INFO  http.BaseHttpServer (BaseHttpServer.java:updateConnectorAddress(327)) - HTTP server of ozoneManager listening at http://0.0.0.0:13792
2021-01-18 07:22:48,869 [IPC Server Responder] INFO  ipc.Server (Server.java:run(1460)) - IPC Server Responder: starting
2021-01-18 07:22:48,874 [IPC Server listener on 13790] INFO  ipc.Server (Server.java:run(1298)) - IPC Server listener on 13790: starting
2021-01-18 07:22:48,878 [Listener at 127.0.0.1/13790] INFO  om.OzoneManager (OzoneManager.java:startTrashEmptier(1272)) - Trash Interval set to 0. Files deleted will not move to trash
2021-01-18 07:22:48,879 [Listener at 127.0.0.1/13790] INFO  ozone.MiniOzoneHAClusterImpl (MiniOzoneHAClusterImpl.java:createOMService(380)) - Started OzoneManager RPC server at localhost/127.0.0.1:13790
2021-01-18 07:22:48,880 [Listener at 127.0.0.1/13790] WARN  server.ServerUtils (ServerUtils.java:getDBPath(225)) - ozone.om.db.dirs is not configured. We recommend adding this setting. Falling back to ozone.metadata.dirs instead.
2021-01-18 07:22:48,882 [Listener at 127.0.0.1/13790] INFO  ha.OMHANodeDetails (OMHANodeDetails.java:loadOMHAConfig(110)) - ServiceID for OzoneManager is om-service-test1
2021-01-18 07:22:48,882 [Listener at 127.0.0.1/13790] INFO  ha.OMHANodeDetails (OMHANodeDetails.java:loadOMHAConfig(186)) - Found matching OM address with OMServiceId: om-service-test1, OMNodeId: omNode-3, RPC Address: localhost:13796 and Ratis port: 13800
2021-01-18 07:22:48,883 [Listener at 127.0.0.1/13790] INFO  ha.OMHANodeDetails (OMHANodeDetails.java:setOMNodeSpecificConfigs(318)) - Setting configuration key ozone.om.http-address with value of key ozone.om.http-address.omNode-3: 127.0.0.1:13798
2021-01-18 07:22:48,883 [Listener at 127.0.0.1/13790] INFO  ha.OMHANodeDetails (OMHANodeDetails.java:setOMNodeSpecificConfigs(318)) - Setting configuration key ozone.om.https-address with value of key ozone.om.https-address.omNode-3: 127.0.0.1:13799
2021-01-18 07:22:48,883 [Listener at 127.0.0.1/13790] INFO  ha.OMHANodeDetails (OMHANodeDetails.java:setOMNodeSpecificConfigs(318)) - Setting configuration key ozone.om.address with value of key ozone.om.address.omNode-3: 127.0.0.1:13796
2021-01-18 07:22:48,883 [Listener at 127.0.0.1/13790] WARN  server.ServerUtils (ServerUtils.java:getDBPath(225)) - ozone.om.db.dirs is not configured. We recommend adding this setting. Falling back to ozone.metadata.dirs instead.
2021-01-18 07:22:48,883 [Listener at 127.0.0.1/13790] WARN  server.ServerUtils (ServerUtils.java:getDBPath(225)) - ozone.om.db.dirs is not configured. We recommend adding this setting. Falling back to ozone.metadata.dirs instead.
2021-01-18 07:22:48,885 [org.apache.hadoop.util.JvmPauseMonitor$Monitor@52dbc571] INFO  util.JvmPauseMonitor (JvmPauseMonitor.java:run(188)) - Starting JVM pause monitor
2021-01-18 07:22:48,901 [Listener at 127.0.0.1/13790] WARN  server.ServerUtils (ServerUtils.java:getDBPath(225)) - ozone.om.db.dirs is not configured. We recommend adding this setting. Falling back to ozone.metadata.dirs instead.
2021-01-18 07:22:48,902 [Listener at 127.0.0.1/13790] INFO  codec.OmKeyInfoCodec (OmKeyInfoCodec.java:<init>(41)) - OmKeyInfoCodec ignorePipeline = true
2021-01-18 07:22:48,902 [Listener at 127.0.0.1/13790] INFO  codec.RepeatedOmKeyInfoCodec (RepeatedOmKeyInfoCodec.java:<init>(40)) - RepeatedOmKeyInfoCodec ignorePipeline = true
2021-01-18 07:22:48,975 [Listener at 127.0.0.1/13790] INFO  om.OzoneManager (OzoneManager.java:addS3GVolumeToDB(3729)) - Created Volume s3v With Owner jenkins1001 required for S3Gateway operations.
2021-01-18 07:22:48,975 [Listener at 127.0.0.1/13790] WARN  server.ServerUtils (ServerUtils.java:getDefaultRatisDirectory(237)) - Storage directory for Ratis is not configured. It is a good idea to map this to an SSD disk. Falling back to ozone.metadata.dirs
2021-01-18 07:22:48,975 [Listener at 127.0.0.1/13790] WARN  ratis.OzoneManagerRatisServer (OzoneManagerRatisServer.java:getOMRatisSnapshotDirectory(638)) - ozone.om.ratis.snapshot.dir is not configured. Falling back to ozone.metadata.dirs config
2021-01-18 07:22:48,976 [Listener at 127.0.0.1/13790] INFO  snapshot.OzoneManagerSnapshotProvider (OzoneManagerSnapshotProvider.java:<init>(77)) - Initializing OM Snapshot Provider
2021-01-18 07:22:48,983 [Listener at 127.0.0.1/13790] WARN  server.ServerUtils (ServerUtils.java:getDefaultRatisDirectory(237)) - Storage directory for Ratis is not configured. It is a good idea to map this to an SSD disk. Falling back to ozone.metadata.dirs
2021-01-18 07:22:48,991 [Listener at 127.0.0.1/13790] INFO  ratis.OzoneManagerRatisServer (OzoneManagerRatisServer.java:<init>(280)) - Instantiating OM Ratis server with GroupID: om-service-test1 and Raft Peers: localhost:13800, localhost:13788, localhost:13794
2021-01-18 07:22:48,991 [Listener at 127.0.0.1/13790] INFO  ratis.OzoneManagerStateMachine (OzoneManagerStateMachine.java:loadSnapshotInfoFromDB(518)) - LastAppliedIndex is set from TransactionInfo from OM DB as (t:0, i:~)
2021-01-18 07:22:48,996 [Listener at 127.0.0.1/13790] INFO  server.RaftServer (ConfUtils.java:logGet(44)) - raft.rpc.type = GRPC (default)
2021-01-18 07:22:48,996 [Listener at 127.0.0.1/13790] INFO  grpc.GrpcFactory (GrpcFactory.java:checkPooledByteBufAllocatorUseCacheForAllThreads(48)) - PERFORMANCE WARNING: useCacheForAllThreads is true that may cause Netty to create a lot garbage objects and, as a result, trigger GC.
	It is recommended to disable useCacheForAllThreads by setting -Dorg.apache.ratis.thirdparty.io.netty.allocator.useCacheForAllThreads=false in command line.
2021-01-18 07:22:48,996 [Listener at 127.0.0.1/13790] INFO  grpc.GrpcConfigKeys (ConfUtils.java:logGet(44)) - raft.grpc.server.port = 13800 (custom)
2021-01-18 07:22:48,996 [Listener at 127.0.0.1/13790] INFO  server.GrpcService (ConfUtils.java:logGet(44)) - raft.grpc.message.size.max = 33554432 (custom)
2021-01-18 07:22:48,996 [Listener at 127.0.0.1/13790] INFO  server.RaftServerConfigKeys (ConfUtils.java:logGet(44)) - raft.server.log.appender.buffer.byte-limit = 33554432 (custom)
2021-01-18 07:22:48,996 [Listener at 127.0.0.1/13790] INFO  server.GrpcService (ConfUtils.java:logGet(44)) - raft.grpc.flow.control.window = 1MB (=1048576) (default)
2021-01-18 07:22:48,997 [Listener at 127.0.0.1/13790] INFO  server.RaftServerConfigKeys (ConfUtils.java:logGet(44)) - raft.server.rpc.request.timeout = 3000ms (default)
2021-01-18 07:22:48,998 [Listener at 127.0.0.1/13790] INFO  impl.DataStreamServerImpl (ConfUtils.java:logGet(44)) - raft.datastream.type = DISABLED (default)
2021-01-18 07:22:48,998 [Listener at 127.0.0.1/13790] INFO  server.RaftServerConfigKeys (ConfUtils.java:logGet(44)) - raft.server.rpc.slowness.timeout = 2s (custom)
2021-01-18 07:22:48,998 [Listener at 127.0.0.1/13790] INFO  server.RaftServerConfigKeys (ConfUtils.java:logGet(44)) - raft.server.leaderelection.leader.step-down.wait-time = 10s (default)
2021-01-18 07:22:48,998 [Listener at 127.0.0.1/13790] INFO  server.RaftServerConfigKeys (ConfUtils.java:logGet(44)) - raft.server.storage.dir = [/github/workspace/mnt/ozone/hadoop-ozone/integration-test/target/test-dir/MiniOzoneClusterImpl-31fb86ba-d539-4b3f-b864-a30db12016a3/omNode-3/ratis] (custom)
2021-01-18 07:22:49,005 [Listener at 127.0.0.1/13790] INFO  server.RaftServer (RaftServerProxy.java:addNew(95)) - omNode-3: addNew group-523986131536:[omNode-3|rpc:localhost:13800|priority:0, omNode-1|rpc:localhost:13788|priority:0, omNode-2|rpc:localhost:13794|priority:0] returns group-523986131536:java.util.concurrent.CompletableFuture@1c8c8764[Not completed]
2021-01-18 07:22:49,005 [Listener at 127.0.0.1/13790] INFO  om.OzoneManager (OzoneManager.java:initializeRatisServer(1323)) - OzoneManager Ratis server initialized at port 13800
2021-01-18 07:22:49,006 [Listener at 127.0.0.1/13790] INFO  ipc.CallQueueManager (CallQueueManager.java:<init>(84)) - Using callQueue: class java.util.concurrent.LinkedBlockingQueue, queueCapacity: 2000, scheduler: class org.apache.hadoop.ipc.DefaultRpcScheduler, ipcBackoff: false.
2021-01-18 07:22:49,009 [Socket Reader #1 for port 13796] INFO  ipc.Server (Server.java:run(1219)) - Starting Socket Reader #1 for port 13796
2021-01-18 07:22:49,010 [pool-57-thread-1] INFO  server.RaftServer$Division (RaftServerImpl.java:<init>(179)) - omNode-3: new RaftServerImpl for group-523986131536:[omNode-3|rpc:localhost:13800|priority:0, omNode-1|rpc:localhost:13788|priority:0, omNode-2|rpc:localhost:13794|priority:0] with OzoneManagerStateMachine:uninitialized
2021-01-18 07:22:49,017 [pool-57-thread-1] INFO  server.RaftServerConfigKeys (ConfUtils.java:logGet(44)) - raft.server.rpc.timeout.min = 1s (custom)
2021-01-18 07:22:49,017 [pool-57-thread-1] INFO  server.RaftServerConfigKeys (ConfUtils.java:logGet(44)) - raft.server.rpc.timeout.max = 1200ms (custom)
2021-01-18 07:22:49,017 [pool-57-thread-1] INFO  server.RaftServerConfigKeys (ConfUtils.java:logGet(44)) - raft.server.rpc.sleep.time = 25ms (default)
2021-01-18 07:22:49,017 [pool-57-thread-1] INFO  server.RaftServerConfigKeys (ConfUtils.java:logGet(44)) - raft.server.rpc.slowness.timeout = 2s (custom)
2021-01-18 07:22:49,017 [pool-57-thread-1] INFO  server.RaftServerConfigKeys (ConfUtils.java:logGet(44)) - raft.server.leaderelection.leader.step-down.wait-time = 10s (default)
2021-01-18 07:22:49,017 [pool-57-thread-1] INFO  server.RaftServerConfigKeys (ConfUtils.java:logGet(44)) - raft.server.sleep.deviation.threshold = 300ms (default)
2021-01-18 07:22:49,017 [pool-57-thread-1] INFO  server.RaftServerConfigKeys (ConfUtils.java:logGet(44)) - raft.server.log.appender.install.snapshot.enabled = false (custom)
2021-01-18 07:22:49,017 [pool-57-thread-1] INFO  server.RaftServer$Division (ServerState.java:<init>(103)) - omNode-3@group-523986131536: ConfigurationManager, init=-1: [omNode-3|rpc:localhost:13800|priority:0, omNode-1|rpc:localhost:13788|priority:0, omNode-2|rpc:localhost:13794|priority:0], old=null, confs=<EMPTY_MAP>
2021-01-18 07:22:49,018 [pool-57-thread-1] INFO  server.RaftServerConfigKeys (ConfUtils.java:logGet(44)) - raft.server.storage.dir = [/github/workspace/mnt/ozone/hadoop-ozone/integration-test/target/test-dir/MiniOzoneClusterImpl-31fb86ba-d539-4b3f-b864-a30db12016a3/omNode-3/ratis] (custom)
2021-01-18 07:22:49,018 [pool-57-thread-1] INFO  server.RaftServerConfigKeys (ConfUtils.java:logGet(44)) - raft.server.log.corruption.policy = EXCEPTION (default)
2021-01-18 07:22:49,018 [pool-57-thread-1] INFO  storage.RaftStorageDirectory (RaftStorageDirectoryImpl.java:analyzeStorage(132)) - The storage directory /github/workspace/mnt/ozone/hadoop-ozone/integration-test/target/test-dir/MiniOzoneClusterImpl-31fb86ba-d539-4b3f-b864-a30db12016a3/omNode-3/ratis/c9bc4cf4-3bc3-3c60-a66b-523986131536 does not exist. Creating ...
2021-01-18 07:22:49,021 [pool-57-thread-1] INFO  storage.RaftStorageDirectory (RaftStorageDirectoryImpl.java:tryLock(215)) - Lock on /github/workspace/mnt/ozone/hadoop-ozone/integration-test/target/test-dir/MiniOzoneClusterImpl-31fb86ba-d539-4b3f-b864-a30db12016a3/omNode-3/ratis/c9bc4cf4-3bc3-3c60-a66b-523986131536/in_use.lock acquired by nodename 14213@c4357192f866
2021-01-18 07:22:49,022 [pool-57-thread-1] INFO  storage.RaftStorage (RaftStorageImpl.java:format(87)) - Storage directory /github/workspace/mnt/ozone/hadoop-ozone/integration-test/target/test-dir/MiniOzoneClusterImpl-31fb86ba-d539-4b3f-b864-a30db12016a3/omNode-3/ratis/c9bc4cf4-3bc3-3c60-a66b-523986131536 has been successfully formatted.
2021-01-18 07:22:49,023 [pool-57-thread-1] ERROR storage.RaftStorage (RaftStorageImpl.java:readRaftConfiguration(147)) - Failed reading configuration from file:/github/workspace/mnt/ozone/hadoop-ozone/integration-test/target/test-dir/MiniOzoneClusterImpl-31fb86ba-d539-4b3f-b864-a30db12016a3/omNode-3/ratis/c9bc4cf4-3bc3-3c60-a66b-523986131536/current/raft-meta.conf
java.io.FileNotFoundException: /github/workspace/mnt/ozone/hadoop-ozone/integration-test/target/test-dir/MiniOzoneClusterImpl-31fb86ba-d539-4b3f-b864-a30db12016a3/omNode-3/ratis/c9bc4cf4-3bc3-3c60-a66b-523986131536/current/raft-meta.conf (No such file or directory)
	at java.io.FileInputStream.open0(Native Method)
	at java.io.FileInputStream.open(FileInputStream.java:195)
	at java.io.FileInputStream.<init>(FileInputStream.java:138)
	at org.apache.ratis.server.storage.RaftStorageImpl.readRaftConfiguration(RaftStorageImpl.java:143)
	at org.apache.ratis.server.impl.ServerState.<init>(ServerState.java:113)
	at org.apache.ratis.server.impl.RaftServerImpl.<init>(RaftServerImpl.java:192)
	at org.apache.ratis.server.impl.RaftServerProxy.lambda$newRaftServerImpl$4(RaftServerProxy.java:266)
	at java.util.concurrent.CompletableFuture$AsyncSupply.run(CompletableFuture.java:1604)
	at java.util.concurrent.ThreadPoolExecutor.runWorker(ThreadPoolExecutor.java:1149)
	at java.util.concurrent.ThreadPoolExecutor$Worker.run(ThreadPoolExecutor.java:624)
	at java.lang.Thread.run(Thread.java:748)
2021-01-18 07:22:49,024 [pool-57-thread-1] INFO  server.RaftServerConfigKeys (ConfUtils.java:logGet(44)) - raft.server.notification.no-leader.timeout = 2s (custom)
2021-01-18 07:22:49,024 [pool-57-thread-1] INFO  server.RaftServerConfigKeys (ConfUtils.java:logGet(44)) - raft.server.log.use.memory = false (default)
2021-01-18 07:22:49,024 [pool-57-thread-1] INFO  server.RaftServerConfigKeys (ConfUtils.java:logGet(44)) - raft.server.log.purge.gap = 50 (custom)
2021-01-18 07:22:49,025 [pool-57-thread-1] INFO  server.RaftServerConfigKeys (ConfUtils.java:logGet(44)) - raft.server.log.appender.buffer.byte-limit = 33554432 (custom)
2021-01-18 07:22:49,025 [pool-57-thread-1] INFO  metrics.RatisMetrics (RatisMetrics.java:lambda$create$0(36)) - Creating Metrics Registry : ratis.log_worker.omNode-3@group-523986131536
2021-01-18 07:22:49,025 [pool-57-thread-1] INFO  server.RaftServerConfigKeys (ConfUtils.java:logGet(44)) - raft.server.log.segment.size.max = 4194304 (custom)
2021-01-18 07:22:49,026 [pool-57-thread-1] INFO  server.RaftServerConfigKeys (ConfUtils.java:logGet(44)) - raft.server.log.segment.cache.num.max = 2 (custom)
2021-01-18 07:22:49,028 [pool-57-thread-1] INFO  server.RaftServerConfigKeys (ConfUtils.java:logGet(44)) - raft.server.log.segment.cache.size.max = 200MB (=209715200) (default)
2021-01-18 07:22:49,029 [pool-57-thread-1] INFO  segmented.SegmentedRaftLogWorker (SegmentedRaftLogWorker.java:<init>(181)) - new omNode-3@group-523986131536-SegmentedRaftLogWorker for RaftStorageImpl:Storage Directory /github/workspace/mnt/ozone/hadoop-ozone/integration-test/target/test-dir/MiniOzoneClusterImpl-31fb86ba-d539-4b3f-b864-a30db12016a3/omNode-3/ratis/c9bc4cf4-3bc3-3c60-a66b-523986131536
2021-01-18 07:22:49,029 [pool-57-thread-1] INFO  server.RaftServerConfigKeys (ConfUtils.java:logGet(44)) - raft.server.log.queue.byte-limit = 64MB (=67108864) (default)
2021-01-18 07:22:49,029 [pool-57-thread-1] INFO  server.RaftServerConfigKeys (ConfUtils.java:logGet(44)) - raft.server.log.queue.element-limit = 4096 (default)
2021-01-18 07:22:49,029 [pool-57-thread-1] INFO  server.RaftServerConfigKeys (ConfUtils.java:logGet(44)) - raft.server.log.segment.size.max = 4194304 (custom)
2021-01-18 07:22:49,029 [pool-57-thread-1] INFO  server.RaftServerConfigKeys (ConfUtils.java:logGet(44)) - raft.server.log.preallocated.size = 4194304 (custom)
2021-01-18 07:22:49,029 [pool-57-thread-1] INFO  server.RaftServerConfigKeys (ConfUtils.java:logGet(44)) - raft.server.log.force.sync.num = 128 (default)
2021-01-18 07:22:49,029 [pool-57-thread-1] INFO  server.RaftServerConfigKeys (ConfUtils.java:logGet(44)) - raft.server.log.statemachine.data.sync = true (default)
2021-01-18 07:22:49,029 [pool-57-thread-1] INFO  server.RaftServerConfigKeys (ConfUtils.java:logGet(44)) - raft.server.log.statemachine.data.sync.timeout = 10s (default)
2021-01-18 07:22:49,029 [pool-57-thread-1] INFO  server.RaftServerConfigKeys (ConfUtils.java:logGet(44)) - raft.server.log.statemachine.data.sync.timeout.retry = -1 (default)
2021-01-18 07:22:49,035 [pool-57-thread-1] INFO  server.RaftServerConfigKeys (ConfUtils.java:logGet(44)) - raft.server.log.write.buffer.size = 64KB (=65536) (default)
2021-01-18 07:22:49,036 [pool-57-thread-1] INFO  server.RaftServerConfigKeys (ConfUtils.java:logGet(44)) - raft.server.log.statemachine.data.caching.enabled = false (default)
2021-01-18 07:22:49,038 [pool-57-thread-1] INFO  segmented.SegmentedRaftLogWorker (SegmentedRaftLogWorker.java:lambda$new$0(132)) - omNode-3@group-523986131536-SegmentedRaftLogWorker: flushIndex: setUnconditionally 0 -> -1
2021-01-18 07:22:49,038 [pool-57-thread-1] INFO  segmented.SegmentedRaftLogWorker (SegmentedRaftLogWorker.java:lambda$new$0(132)) - omNode-3@group-523986131536-SegmentedRaftLogWorker: safeCacheEvictIndex: setUnconditionally 0 -> -1
2021-01-18 07:22:49,043 [Listener at 127.0.0.1/13796] INFO  ozone.MiniOzoneHAClusterImpl (MiniOzoneHAClusterImpl.java:createOMService(384)) - Intialized OzoneManager at localhost/127.0.0.1:13796. This OM is currently inactive (not running).
2021-01-18 07:22:49,044 [pool-57-thread-1] INFO  server.RaftServerConfigKeys (ConfUtils.java:logGet(44)) - raft.server.snapshot.auto.trigger.enabled = true (custom)
2021-01-18 07:22:49,044 [pool-57-thread-1] INFO  server.RaftServerConfigKeys (ConfUtils.java:logGet(44)) - raft.server.snapshot.auto.trigger.threshold = 50 (custom)
2021-01-18 07:22:49,044 [pool-57-thread-1] INFO  server.RaftServerConfigKeys (ConfUtils.java:logGet(44)) - raft.server.snapshot.retention.file.num = -1 (default)
2021-01-18 07:22:49,044 [pool-57-thread-1] INFO  server.RaftServerConfigKeys (ConfUtils.java:logGet(44)) - raft.server.log.purge.upto.snapshot.index = true (custom)
2021-01-18 07:22:49,045 [pool-57-thread-1] INFO  server.RaftServerConfigKeys (ConfUtils.java:logGet(44)) - raft.server.retrycache.expirytime = 300s (custom)
2021-01-18 07:22:49,045 [pool-57-thread-1] INFO  server.RaftServerConfigKeys (ConfUtils.java:logGet(44)) - raft.server.retrycache.statistics.expirytime = 100?s (default)
2021-01-18 07:22:49,046 [pool-57-thread-1] INFO  metrics.RatisMetrics (RatisMetrics.java:lambda$create$0(36)) - Creating Metrics Registry : ratis.leader_election.omNode-3@group-523986131536
2021-01-18 07:22:49,046 [pool-57-thread-1] INFO  metrics.RatisMetrics (RatisMetrics.java:lambda$create$0(36)) - Creating Metrics Registry : ratis.server.omNode-3@group-523986131536
2021-01-18 07:22:49,281 [Listener at 127.0.0.1/13796] INFO  impl.MetricsSystemImpl (MetricsSystemImpl.java:init(158)) - HddsDatanode metrics system started (again)
2021-01-18 07:22:49,285 [Listener at 127.0.0.1/13796] INFO  ozone.HddsDatanodeService (HddsDatanodeService.java:start(215)) - HddsDatanodeService host:c4357192f866 ip:172.17.0.2
2021-01-18 07:22:49,337 [grpc-default-executor-0] WARN  server.GrpcLogAppender (LogUtils.java:warn(122)) - omNode-1@group-523986131536->omNode-3-AppendLogResponseHandler: Failed appendEntries: org.apache.ratis.thirdparty.io.grpc.StatusRuntimeException: UNAVAILABLE: io exception
2021-01-18 07:22:49,338 [grpc-default-executor-0] WARN  server.GrpcLogAppender (GrpcLogAppender.java:resetClient(111)) - omNode-1@group-523986131536->omNode-3-GrpcLogAppender: Leader has not got in touch with Follower omNode-1@group-523986131536->omNode-3(c-1,m0,n1, attendVote=true, lastRpcSendTime=506, lastRpcResponseTime=9294) yet, just keep nextIndex unchanged and retry.
2021-01-18 07:22:49,405 [Listener at 127.0.0.1/13796] INFO  volume.HddsVolume (HddsVolume.java:<init>(176)) - Creating Volume: /github/workspace/mnt/ozone/hadoop-ozone/integration-test/target/test-dir/MiniOzoneClusterImpl-31fb86ba-d539-4b3f-b864-a30db12016a3/datanode-0/data-0/containers/hdds of storage type : DISK and capacity : 9223372036854775807
2021-01-18 07:22:49,408 [Listener at 127.0.0.1/13796] INFO  volume.MutableVolumeSet (MutableVolumeSet.java:initializeVolumeSet(179)) - Added Volume : /github/workspace/mnt/ozone/hadoop-ozone/integration-test/target/test-dir/MiniOzoneClusterImpl-31fb86ba-d539-4b3f-b864-a30db12016a3/datanode-0/data-0/containers/hdds to VolumeSet
2021-01-18 07:22:49,413 [Listener at 127.0.0.1/13796] INFO  volume.ThrottledAsyncChecker (ThrottledAsyncChecker.java:schedule(141)) - Scheduling a check for /github/workspace/mnt/ozone/hadoop-ozone/integration-test/target/test-dir/MiniOzoneClusterImpl-31fb86ba-d539-4b3f-b864-a30db12016a3/datanode-0/data-0/containers/hdds
2021-01-18 07:22:49,462 [Listener at 127.0.0.1/13796] INFO  volume.HddsVolumeChecker (HddsVolumeChecker.java:checkAllVolumes(200)) - Scheduled health check for volume /github/workspace/mnt/ozone/hadoop-ozone/integration-test/target/test-dir/MiniOzoneClusterImpl-31fb86ba-d539-4b3f-b864-a30db12016a3/datanode-0/data-0/containers/hdds
2021-01-18 07:22:49,509 [Thread-215] INFO  ozoneimpl.ContainerReader (ContainerReader.java:readVolume(123)) - Start to verify containers on volume /github/workspace/mnt/ozone/hadoop-ozone/integration-test/target/test-dir/MiniOzoneClusterImpl-31fb86ba-d539-4b3f-b864-a30db12016a3/datanode-0/data-0/containers/hdds
2021-01-18 07:22:49,509 [Thread-215] INFO  ozoneimpl.ContainerReader (ContainerReader.java:readVolume(148)) - Finish verifying containers on volume /github/workspace/mnt/ozone/hadoop-ozone/integration-test/target/test-dir/MiniOzoneClusterImpl-31fb86ba-d539-4b3f-b864-a30db12016a3/datanode-0/data-0/containers/hdds
2021-01-18 07:22:49,509 [Listener at 127.0.0.1/13796] INFO  ozoneimpl.OzoneContainer (OzoneContainer.java:buildContainerSet(206)) - Build ContainerSet costs 0s
2021-01-18 07:22:49,621 [Listener at 127.0.0.1/13796] INFO  server.RaftServer (ConfUtils.java:logGet(44)) - raft.rpc.type = GRPC (default)
2021-01-18 07:22:49,625 [Listener at 127.0.0.1/13796] INFO  grpc.GrpcFactory (GrpcFactory.java:checkPooledByteBufAllocatorUseCacheForAllThreads(48)) - PERFORMANCE WARNING: useCacheForAllThreads is true that may cause Netty to create a lot garbage objects and, as a result, trigger GC.
	It is recommended to disable useCacheForAllThreads by setting -Dorg.apache.ratis.thirdparty.io.netty.allocator.useCacheForAllThreads=false in command line.
2021-01-18 07:22:49,626 [Listener at 127.0.0.1/13796] INFO  grpc.GrpcConfigKeys (ConfUtils.java:logGet(44)) - raft.grpc.server.port = 0 (default)
2021-01-18 07:22:49,626 [Listener at 127.0.0.1/13796] INFO  server.GrpcService (ConfUtils.java:logGet(44)) - raft.grpc.message.size.max = 32MB (=33554432) (custom)
2021-01-18 07:22:49,626 [Listener at 127.0.0.1/13796] INFO  server.RaftServerConfigKeys (ConfUtils.java:logGet(44)) - raft.server.log.appender.buffer.byte-limit = 33554432 (custom)
2021-01-18 07:22:49,626 [Listener at 127.0.0.1/13796] INFO  server.GrpcService (ConfUtils.java:logGet(44)) - raft.grpc.flow.control.window = 5MB (=5242880) (custom)
2021-01-18 07:22:49,626 [Listener at 127.0.0.1/13796] INFO  server.RaftServerConfigKeys (ConfUtils.java:logGet(44)) - raft.server.rpc.request.timeout = 60s (custom)
2021-01-18 07:22:49,627 [Listener at 127.0.0.1/13796] INFO  impl.DataStreamServerImpl (ConfUtils.java:logGet(44)) - raft.datastream.type = DISABLED (default)
2021-01-18 07:22:49,628 [Listener at 127.0.0.1/13796] INFO  server.RaftServerConfigKeys (ConfUtils.java:logGet(44)) - raft.server.rpc.slowness.timeout = 300s (custom)
2021-01-18 07:22:49,628 [Listener at 127.0.0.1/13796] INFO  server.RaftServerConfigKeys (ConfUtils.java:logGet(44)) - raft.server.leaderelection.leader.step-down.wait-time = 10s (default)
2021-01-18 07:22:49,628 [Listener at 127.0.0.1/13796] INFO  server.RaftServerConfigKeys (ConfUtils.java:logGet(44)) - raft.server.storage.dir = [/github/workspace/mnt/ozone/hadoop-ozone/integration-test/target/test-dir/MiniOzoneClusterImpl-31fb86ba-d539-4b3f-b864-a30db12016a3/datanode-0/data/ratis] (custom)
2021-01-18 07:22:49,712 [Listener at 127.0.0.1/13796] INFO  http.BaseHttpServer (BaseHttpServer.java:newHttpServer2BuilderForOzone(207)) - Starting Web-server for hddsDatanode at: http://0.0.0.0:0
2021-01-18 07:22:49,716 [Listener at 127.0.0.1/13796] INFO  http.BaseHttpServer (BaseHttpServer.java:<init>(106)) - Hadoop Security Enabled: false Ozone Security Enabled: false Ozone HTTP Security Enabled: false 
2021-01-18 07:22:49,717 [Listener at 127.0.0.1/13796] INFO  server.AuthenticationFilter (AuthenticationFilter.java:constructSecretProvider(240)) - Unable to initialize FileSignerSecretProvider, falling back to use random secrets.
2021-01-18 07:22:49,729 [Listener at 127.0.0.1/13796] WARN  http.HttpRequestLog (HttpRequestLog.java:getRequestLog(103)) - Jetty request log can only be enabled using Log4j
2021-01-18 07:22:49,731 [Listener at 127.0.0.1/13796] INFO  http.HttpServer2 (HttpServer2.java:addGlobalFilter(1020)) - Added global filter 'safety' (class=org.apache.hadoop.hdds.server.http.HttpServer2$QuotingInputFilter)
2021-01-18 07:22:49,732 [Listener at 127.0.0.1/13796] INFO  http.HttpServer2 (HttpServer2.java:addFilter(996)) - Added filter static_user_filter (class=org.apache.hadoop.http.lib.StaticUserWebFilter$StaticUserFilter) to context hddsDatanode
2021-01-18 07:22:49,732 [Listener at 127.0.0.1/13796] INFO  http.HttpServer2 (HttpServer2.java:addFilter(1004)) - Added filter static_user_filter (class=org.apache.hadoop.http.lib.StaticUserWebFilter$StaticUserFilter) to context static
2021-01-18 07:22:49,732 [Listener at 127.0.0.1/13796] INFO  http.HttpServer2 (HttpServer2.java:addFilter(1004)) - Added filter static_user_filter (class=org.apache.hadoop.http.lib.StaticUserWebFilter$StaticUserFilter) to context logs
2021-01-18 07:22:49,732 [Listener at 127.0.0.1/13796] INFO  http.HttpServer2 (HttpServer2.java:bindListener(1238)) - Jetty bound to port 45265
2021-01-18 07:22:49,733 [Listener at 127.0.0.1/13796] INFO  server.Server (Server.java:doStart(375)) - jetty-9.4.34.v20201102; built: 2020-11-02T14:15:39.302Z; git: e46af88704a893fc12cb0e3bf46e2c7b48a009e7; jvm 1.8.0_232-b09
2021-01-18 07:22:49,797 [Listener at 127.0.0.1/13796] INFO  server.session (DefaultSessionIdManager.java:doStart(334)) - DefaultSessionIdManager workerName=node0
2021-01-18 07:22:49,797 [Listener at 127.0.0.1/13796] INFO  server.session (DefaultSessionIdManager.java:doStart(339)) - No SessionScavenger set, using defaults
2021-01-18 07:22:49,797 [Listener at 127.0.0.1/13796] INFO  server.session (HouseKeeper.java:startScavenging(132)) - node0 Scavenging every 600000ms
2021-01-18 07:22:49,805 [Listener at 127.0.0.1/13796] INFO  handler.ContextHandler (ContextHandler.java:doStart(916)) - Started o.e.j.s.ServletContextHandler@43a30b5c{logs,/logs,file:///github/workspace/mnt/ozone/hadoop-ozone/integration-test/target/log,AVAILABLE}
2021-01-18 07:22:49,805 [Listener at 127.0.0.1/13796] INFO  handler.ContextHandler (ContextHandler.java:doStart(916)) - Started o.e.j.s.ServletContextHandler@5648bc98{static,/static,jar:file:/home/user/.m2/repository/org/apache/hadoop/hadoop-hdds-container-service/1.1.0-SNAPSHOT/hadoop-hdds-container-service-1.1.0-SNAPSHOT.jar!/webapps/static,AVAILABLE}
2021-01-18 07:22:49,846 [grpc-default-executor-0] WARN  server.GrpcLogAppender (LogUtils.java:warn(122)) - omNode-1@group-523986131536->omNode-3-AppendLogResponseHandler: Failed appendEntries: org.apache.ratis.thirdparty.io.grpc.StatusRuntimeException: UNAVAILABLE: io exception
2021-01-18 07:22:49,847 [grpc-default-executor-0] WARN  server.GrpcLogAppender (GrpcLogAppender.java:resetClient(111)) - omNode-1@group-523986131536->omNode-3-GrpcLogAppender: Leader has not got in touch with Follower omNode-1@group-523986131536->omNode-3(c-1,m0,n1, attendVote=true, lastRpcSendTime=507, lastRpcResponseTime=9803) yet, just keep nextIndex unchanged and retry.
2021-01-18 07:22:50,108 [Listener at 127.0.0.1/13796] INFO  handler.ContextHandler (ContextHandler.java:doStart(916)) - Started o.e.j.w.WebAppContext@414514ea{hddsDatanode,/,file:///tmp/jetty-0_0_0_0-45265-hadoop-hdds-container-service-1_1_0-SNAPSHOT_jar-_-any-7008888021443778740/webapp/,AVAILABLE}{jar:file:/home/user/.m2/repository/org/apache/hadoop/hadoop-hdds-container-service/1.1.0-SNAPSHOT/hadoop-hdds-container-service-1.1.0-SNAPSHOT.jar!/webapps/hddsDatanode}
2021-01-18 07:22:50,115 [Listener at 127.0.0.1/13796] INFO  server.AbstractConnector (AbstractConnector.java:doStart(331)) - Started ServerConnector@1ea0ce26{HTTP/1.1, (http/1.1)}{0.0.0.0:45265}
2021-01-18 07:22:50,117 [Listener at 127.0.0.1/13796] INFO  server.Server (Server.java:doStart(415)) - Started @20605ms
2021-01-18 07:22:50,117 [Listener at 127.0.0.1/13796] WARN  impl.MetricsSystemImpl (MetricsSystemImpl.java:register(276)) - Sink prometheus already exists!
2021-01-18 07:22:50,120 [Listener at 127.0.0.1/13796] INFO  http.BaseHttpServer (BaseHttpServer.java:updateConnectorAddress(327)) - HTTP server of hddsDatanode listening at http://0.0.0.0:45265
2021-01-18 07:22:50,126 [Listener at 127.0.0.1/13796] INFO  impl.MetricsSystemImpl (MetricsSystemImpl.java:init(158)) - HddsDatanode metrics system started (again)
2021-01-18 07:22:50,127 [Listener at 127.0.0.1/13796] INFO  ozone.HddsDatanodeService (HddsDatanodeService.java:start(215)) - HddsDatanodeService host:c4357192f866 ip:172.17.0.2
2021-01-18 07:22:50,139 [Listener at 127.0.0.1/13796] INFO  volume.HddsVolume (HddsVolume.java:<init>(176)) - Creating Volume: /github/workspace/mnt/ozone/hadoop-ozone/integration-test/target/test-dir/MiniOzoneClusterImpl-31fb86ba-d539-4b3f-b864-a30db12016a3/datanode-1/data-0/containers/hdds of storage type : DISK and capacity : 9223372036854775807
2021-01-18 07:22:50,140 [Listener at 127.0.0.1/13796] INFO  volume.MutableVolumeSet (MutableVolumeSet.java:initializeVolumeSet(179)) - Added Volume : /github/workspace/mnt/ozone/hadoop-ozone/integration-test/target/test-dir/MiniOzoneClusterImpl-31fb86ba-d539-4b3f-b864-a30db12016a3/datanode-1/data-0/containers/hdds to VolumeSet
2021-01-18 07:22:50,140 [Listener at 127.0.0.1/13796] INFO  volume.ThrottledAsyncChecker (ThrottledAsyncChecker.java:schedule(141)) - Scheduling a check for /github/workspace/mnt/ozone/hadoop-ozone/integration-test/target/test-dir/MiniOzoneClusterImpl-31fb86ba-d539-4b3f-b864-a30db12016a3/datanode-1/data-0/containers/hdds
2021-01-18 07:22:50,140 [org.apache.hadoop.util.JvmPauseMonitor$Monitor@4c27b9e4] INFO  util.JvmPauseMonitor (JvmPauseMonitor.java:run(188)) - Starting JVM pause monitor
2021-01-18 07:22:50,140 [Listener at 127.0.0.1/13796] INFO  volume.HddsVolumeChecker (HddsVolumeChecker.java:checkAllVolumes(200)) - Scheduled health check for volume /github/workspace/mnt/ozone/hadoop-ozone/integration-test/target/test-dir/MiniOzoneClusterImpl-31fb86ba-d539-4b3f-b864-a30db12016a3/datanode-1/data-0/containers/hdds
2021-01-18 07:22:50,174 [Thread-228] INFO  ozoneimpl.ContainerReader (ContainerReader.java:readVolume(123)) - Start to verify containers on volume /github/workspace/mnt/ozone/hadoop-ozone/integration-test/target/test-dir/MiniOzoneClusterImpl-31fb86ba-d539-4b3f-b864-a30db12016a3/datanode-1/data-0/containers/hdds
2021-01-18 07:22:50,186 [Thread-228] INFO  ozoneimpl.ContainerReader (ContainerReader.java:readVolume(148)) - Finish verifying containers on volume /github/workspace/mnt/ozone/hadoop-ozone/integration-test/target/test-dir/MiniOzoneClusterImpl-31fb86ba-d539-4b3f-b864-a30db12016a3/datanode-1/data-0/containers/hdds
2021-01-18 07:22:50,187 [Listener at 127.0.0.1/13796] INFO  ozoneimpl.OzoneContainer (OzoneContainer.java:buildContainerSet(206)) - Build ContainerSet costs 0s
2021-01-18 07:22:50,189 [Listener at 127.0.0.1/13796] INFO  server.RaftServer (ConfUtils.java:logGet(44)) - raft.rpc.type = GRPC (default)
2021-01-18 07:22:50,190 [Listener at 127.0.0.1/13796] INFO  grpc.GrpcFactory (GrpcFactory.java:checkPooledByteBufAllocatorUseCacheForAllThreads(48)) - PERFORMANCE WARNING: useCacheForAllThreads is true that may cause Netty to create a lot garbage objects and, as a result, trigger GC.
	It is recommended to disable useCacheForAllThreads by setting -Dorg.apache.ratis.thirdparty.io.netty.allocator.useCacheForAllThreads=false in command line.
2021-01-18 07:22:50,190 [Listener at 127.0.0.1/13796] INFO  grpc.GrpcConfigKeys (ConfUtils.java:logGet(44)) - raft.grpc.server.port = 0 (default)
2021-01-18 07:22:50,190 [Listener at 127.0.0.1/13796] INFO  server.GrpcService (ConfUtils.java:logGet(44)) - raft.grpc.message.size.max = 32MB (=33554432) (custom)
2021-01-18 07:22:50,190 [Listener at 127.0.0.1/13796] INFO  server.RaftServerConfigKeys (ConfUtils.java:logGet(44)) - raft.server.log.appender.buffer.byte-limit = 33554432 (custom)
2021-01-18 07:22:50,190 [Listener at 127.0.0.1/13796] INFO  server.GrpcService (ConfUtils.java:logGet(44)) - raft.grpc.flow.control.window = 5MB (=5242880) (custom)
2021-01-18 07:22:50,190 [Listener at 127.0.0.1/13796] INFO  server.RaftServerConfigKeys (ConfUtils.java:logGet(44)) - raft.server.rpc.request.timeout = 60s (custom)
2021-01-18 07:22:50,191 [Listener at 127.0.0.1/13796] INFO  impl.DataStreamServerImpl (ConfUtils.java:logGet(44)) - raft.datastream.type = DISABLED (default)
2021-01-18 07:22:50,191 [Listener at 127.0.0.1/13796] INFO  server.RaftServerConfigKeys (ConfUtils.java:logGet(44)) - raft.server.rpc.slowness.timeout = 300s (custom)
2021-01-18 07:22:50,191 [Listener at 127.0.0.1/13796] INFO  server.RaftServerConfigKeys (ConfUtils.java:logGet(44)) - raft.server.leaderelection.leader.step-down.wait-time = 10s (default)
2021-01-18 07:22:50,191 [Listener at 127.0.0.1/13796] INFO  server.RaftServerConfigKeys (ConfUtils.java:logGet(44)) - raft.server.storage.dir = [/github/workspace/mnt/ozone/hadoop-ozone/integration-test/target/test-dir/MiniOzoneClusterImpl-31fb86ba-d539-4b3f-b864-a30db12016a3/datanode-1/data/ratis] (custom)
2021-01-18 07:22:50,362 [Listener at 127.0.0.1/13796] INFO  http.BaseHttpServer (BaseHttpServer.java:newHttpServer2BuilderForOzone(207)) - Starting Web-server for hddsDatanode at: http://0.0.0.0:0
2021-01-18 07:22:50,363 [Listener at 127.0.0.1/13796] INFO  http.BaseHttpServer (BaseHttpServer.java:<init>(106)) - Hadoop Security Enabled: false Ozone Security Enabled: false Ozone HTTP Security Enabled: false 
2021-01-18 07:22:50,364 [Listener at 127.0.0.1/13796] INFO  server.AuthenticationFilter (AuthenticationFilter.java:constructSecretProvider(240)) - Unable to initialize FileSignerSecretProvider, falling back to use random secrets.
2021-01-18 07:22:50,365 [Listener at 127.0.0.1/13796] WARN  http.HttpRequestLog (HttpRequestLog.java:getRequestLog(103)) - Jetty request log can only be enabled using Log4j
2021-01-18 07:22:50,365 [Listener at 127.0.0.1/13796] INFO  http.HttpServer2 (HttpServer2.java:addGlobalFilter(1020)) - Added global filter 'safety' (class=org.apache.hadoop.hdds.server.http.HttpServer2$QuotingInputFilter)
2021-01-18 07:22:50,366 [Listener at 127.0.0.1/13796] INFO  http.HttpServer2 (HttpServer2.java:addFilter(996)) - Added filter static_user_filter (class=org.apache.hadoop.http.lib.StaticUserWebFilter$StaticUserFilter) to context hddsDatanode
2021-01-18 07:22:50,366 [Listener at 127.0.0.1/13796] INFO  http.HttpServer2 (HttpServer2.java:addFilter(1004)) - Added filter static_user_filter (class=org.apache.hadoop.http.lib.StaticUserWebFilter$StaticUserFilter) to context logs
2021-01-18 07:22:50,366 [Listener at 127.0.0.1/13796] INFO  http.HttpServer2 (HttpServer2.java:addFilter(1004)) - Added filter static_user_filter (class=org.apache.hadoop.http.lib.StaticUserWebFilter$StaticUserFilter) to context static
2021-01-18 07:22:50,367 [Listener at 127.0.0.1/13796] INFO  http.HttpServer2 (HttpServer2.java:bindListener(1238)) - Jetty bound to port 35447
2021-01-18 07:22:50,367 [Listener at 127.0.0.1/13796] INFO  server.Server (Server.java:doStart(375)) - jetty-9.4.34.v20201102; built: 2020-11-02T14:15:39.302Z; git: e46af88704a893fc12cb0e3bf46e2c7b48a009e7; jvm 1.8.0_232-b09
2021-01-18 07:22:50,369 [Listener at 127.0.0.1/13796] INFO  server.session (DefaultSessionIdManager.java:doStart(334)) - DefaultSessionIdManager workerName=node0
2021-01-18 07:22:50,369 [Listener at 127.0.0.1/13796] INFO  server.session (DefaultSessionIdManager.java:doStart(339)) - No SessionScavenger set, using defaults
2021-01-18 07:22:50,369 [Listener at 127.0.0.1/13796] INFO  server.session (HouseKeeper.java:startScavenging(132)) - node0 Scavenging every 600000ms
2021-01-18 07:22:50,370 [Listener at 127.0.0.1/13796] INFO  handler.ContextHandler (ContextHandler.java:doStart(916)) - Started o.e.j.s.ServletContextHandler@254e71bd{logs,/logs,file:///github/workspace/mnt/ozone/hadoop-ozone/integration-test/target/log,AVAILABLE}
2021-01-18 07:22:50,370 [Listener at 127.0.0.1/13796] INFO  handler.ContextHandler (ContextHandler.java:doStart(916)) - Started o.e.j.s.ServletContextHandler@52426248{static,/static,jar:file:/home/user/.m2/repository/org/apache/hadoop/hadoop-hdds-container-service/1.1.0-SNAPSHOT/hadoop-hdds-container-service-1.1.0-SNAPSHOT.jar!/webapps/static,AVAILABLE}
2021-01-18 07:22:50,377 [grpc-default-executor-0] WARN  server.GrpcLogAppender (LogUtils.java:warn(122)) - omNode-1@group-523986131536->omNode-3-AppendLogResponseHandler: Failed appendEntries: org.apache.ratis.thirdparty.io.grpc.StatusRuntimeException: UNAVAILABLE: io exception
2021-01-18 07:22:50,377 [grpc-default-executor-0] WARN  server.GrpcLogAppender (GrpcLogAppender.java:resetClient(111)) - omNode-1@group-523986131536->omNode-3-GrpcLogAppender: Leader has not got in touch with Follower omNode-1@group-523986131536->omNode-3(c-1,m0,n1, attendVote=true, lastRpcSendTime=3, lastRpcResponseTime=10333) yet, just keep nextIndex unchanged and retry.
2021-01-18 07:22:50,506 [Datanode State Machine Task Thread - 0] INFO  datanode.InitDatanodeState (InitDatanodeState.java:persistContainerDatanodeDetails(145)) - DatanodeDetails is persisted to /github/workspace/mnt/ozone/hadoop-ozone/integration-test/target/test-dir/MiniOzoneClusterImpl-31fb86ba-d539-4b3f-b864-a30db12016a3/datanode-0/meta/datanode.id
2021-01-18 07:22:50,577 [Listener at 127.0.0.1/13796] INFO  handler.ContextHandler (ContextHandler.java:doStart(916)) - Started o.e.j.w.WebAppContext@7ca13ec6{hddsDatanode,/,file:///tmp/jetty-0_0_0_0-35447-hadoop-hdds-container-service-1_1_0-SNAPSHOT_jar-_-any-5750746915095290362/webapp/,AVAILABLE}{jar:file:/home/user/.m2/repository/org/apache/hadoop/hadoop-hdds-container-service/1.1.0-SNAPSHOT/hadoop-hdds-container-service-1.1.0-SNAPSHOT.jar!/webapps/hddsDatanode}
2021-01-18 07:22:50,585 [Listener at 127.0.0.1/13796] INFO  server.AbstractConnector (AbstractConnector.java:doStart(331)) - Started ServerConnector@7465f736{HTTP/1.1, (http/1.1)}{0.0.0.0:35447}
2021-01-18 07:22:50,585 [Listener at 127.0.0.1/13796] INFO  server.Server (Server.java:doStart(415)) - Started @21073ms
2021-01-18 07:22:50,585 [Listener at 127.0.0.1/13796] WARN  impl.MetricsSystemImpl (MetricsSystemImpl.java:register(276)) - Sink prometheus already exists!
2021-01-18 07:22:50,874 [grpc-default-executor-0] WARN  server.GrpcLogAppender (LogUtils.java:warn(122)) - omNode-1@group-523986131536->omNode-3-AppendLogResponseHandler: Failed appendEntries: org.apache.ratis.thirdparty.io.grpc.StatusRuntimeException: UNAVAILABLE: io exception
2021-01-18 07:22:50,875 [grpc-default-executor-0] WARN  server.GrpcLogAppender (GrpcLogAppender.java:resetClient(111)) - omNode-1@group-523986131536->omNode-3-GrpcLogAppender: Leader has not got in touch with Follower omNode-1@group-523986131536->omNode-3(c-1,m0,n1, attendVote=true, lastRpcSendTime=501, lastRpcResponseTime=10831) yet, just keep nextIndex unchanged and retry.
2021-01-18 07:22:51,382 [grpc-default-executor-0] WARN  server.GrpcLogAppender (LogUtils.java:warn(122)) - omNode-1@group-523986131536->omNode-3-AppendLogResponseHandler: Failed appendEntries: org.apache.ratis.thirdparty.io.grpc.StatusRuntimeException: UNAVAILABLE: io exception
2021-01-18 07:22:51,383 [grpc-default-executor-0] WARN  server.GrpcLogAppender (GrpcLogAppender.java:resetClient(111)) - omNode-1@group-523986131536->omNode-3-GrpcLogAppender: Leader has not got in touch with Follower omNode-1@group-523986131536->omNode-3(c-1,m0,n1, attendVote=true, lastRpcSendTime=0, lastRpcResponseTime=11339) yet, just keep nextIndex unchanged and retry.
2021-01-18 07:22:51,883 [grpc-default-executor-0] WARN  server.GrpcLogAppender (LogUtils.java:warn(122)) - omNode-1@group-523986131536->omNode-3-AppendLogResponseHandler: Failed appendEntries: org.apache.ratis.thirdparty.io.grpc.StatusRuntimeException: UNAVAILABLE: io exception
2021-01-18 07:22:51,884 [grpc-default-executor-0] WARN  server.GrpcLogAppender (GrpcLogAppender.java:resetClient(111)) - omNode-1@group-523986131536->omNode-3-GrpcLogAppender: Leader has not got in touch with Follower omNode-1@group-523986131536->omNode-3(c-1,m0,n1, attendVote=true, lastRpcSendTime=0, lastRpcResponseTime=11840) yet, just keep nextIndex unchanged and retry.
2021-01-18 07:22:52,231 [EndpointStateMachine task thread for /0.0.0.0:39571 - 0 ] INFO  ozoneimpl.OzoneContainer (OzoneContainer.java:start(255)) - Attempting to start container services.
2021-01-18 07:22:52,236 [EndpointStateMachine task thread for /0.0.0.0:39571 - 0 ] INFO  ozoneimpl.OzoneContainer (OzoneContainer.java:startContainerScrub(219)) - Background container scanner has been disabled.
2021-01-18 07:22:52,242 [EndpointStateMachine task thread for /0.0.0.0:39571 - 0 ] INFO  replication.ReplicationServer (ReplicationServer.java:start(111)) - ReplicationServer is started using port 42611
2021-01-18 07:22:52,243 [EndpointStateMachine task thread for /0.0.0.0:39571 - 0 ] INFO  ratis.XceiverServerRatis (XceiverServerRatis.java:start(455)) - Starting XceiverServerRatis f0d6c3f1-3e1c-4709-8909-543e2e55c827 at port 0
2021-01-18 07:22:52,244 [EndpointStateMachine task thread for /0.0.0.0:39571 - 0 ] INFO  server.RaftServer (RaftServerProxy.java:lambda$start$5(372)) - f0d6c3f1-3e1c-4709-8909-543e2e55c827: start RPC server
2021-01-18 07:22:52,246 [EndpointStateMachine task thread for /0.0.0.0:39571 - 0 ] INFO  server.GrpcService (GrpcService.java:startImpl(176)) - f0d6c3f1-3e1c-4709-8909-543e2e55c827: GrpcService started, listening on 0.0.0.0/0.0.0.0:44583
2021-01-18 07:22:52,248 [EndpointStateMachine task thread for /0.0.0.0:39571 - 0 ] INFO  ratis.XceiverServerRatis (XceiverServerRatis.java:start(467)) - XceiverServerRatis f0d6c3f1-3e1c-4709-8909-543e2e55c827 is started using port 44583
2021-01-18 07:22:52,253 [EndpointStateMachine task thread for /0.0.0.0:39571 - 0 ] INFO  server.XceiverServerGrpc (XceiverServerGrpc.java:start(139)) - XceiverServerGrpc f0d6c3f1-3e1c-4709-8909-543e2e55c827 is started using port 43287
2021-01-18 07:22:52,254 [org.apache.ratis.util.JvmPauseMonitor$$Lambda$305/1979302296@188416e9] INFO  util.JvmPauseMonitor (JvmPauseMonitor.java:run(103)) - JvmPauseMonitor-f0d6c3f1-3e1c-4709-8909-543e2e55c827: Started
2021-01-18 07:22:52,387 [grpc-default-executor-0] WARN  server.GrpcLogAppender (LogUtils.java:warn(122)) - omNode-1@group-523986131536->omNode-3-AppendLogResponseHandler: Failed appendEntries: org.apache.ratis.thirdparty.io.grpc.StatusRuntimeException: UNAVAILABLE: io exception
2021-01-18 07:22:52,388 [grpc-default-executor-0] WARN  server.GrpcLogAppender (GrpcLogAppender.java:resetClient(111)) - omNode-1@group-523986131536->omNode-3-GrpcLogAppender: Leader has not got in touch with Follower omNode-1@group-523986131536->omNode-3(c-1,m0,n1, attendVote=true, lastRpcSendTime=505, lastRpcResponseTime=12344) yet, just keep nextIndex unchanged and retry.
2021-01-18 07:22:52,892 [grpc-default-executor-0] WARN  server.GrpcLogAppender (LogUtils.java:warn(122)) - omNode-1@group-523986131536->omNode-3-AppendLogResponseHandler: Failed appendEntries: org.apache.ratis.thirdparty.io.grpc.StatusRuntimeException: UNAVAILABLE: io exception
2021-01-18 07:22:52,893 [grpc-default-executor-0] WARN  server.GrpcLogAppender (GrpcLogAppender.java:resetClient(111)) - omNode-1@group-523986131536->omNode-3-GrpcLogAppender: Leader has not got in touch with Follower omNode-1@group-523986131536->omNode-3(c-1,m0,n1, attendVote=true, lastRpcSendTime=0, lastRpcResponseTime=12849) yet, just keep nextIndex unchanged and retry.
2021-01-18 07:22:53,399 [grpc-default-executor-0] WARN  server.GrpcLogAppender (LogUtils.java:warn(122)) - omNode-1@group-523986131536->omNode-3-AppendLogResponseHandler: Failed appendEntries: org.apache.ratis.thirdparty.io.grpc.StatusRuntimeException: UNAVAILABLE: io exception
2021-01-18 07:22:53,401 [grpc-default-executor-0] WARN  server.GrpcLogAppender (GrpcLogAppender.java:resetClient(111)) - omNode-1@group-523986131536->omNode-3-GrpcLogAppender: Leader has not got in touch with Follower omNode-1@group-523986131536->omNode-3(c-1,m0,n1, attendVote=true, lastRpcSendTime=7, lastRpcResponseTime=13356) yet, just keep nextIndex unchanged and retry.
2021-01-18 07:22:53,893 [grpc-default-executor-0] WARN  server.GrpcLogAppender (LogUtils.java:warn(122)) - omNode-1@group-523986131536->omNode-3-AppendLogResponseHandler: Failed appendEntries: org.apache.ratis.thirdparty.io.grpc.StatusRuntimeException: UNAVAILABLE: io exception
2021-01-18 07:22:53,894 [grpc-default-executor-0] WARN  server.GrpcLogAppender (GrpcLogAppender.java:resetClient(111)) - omNode-1@group-523986131536->omNode-3-GrpcLogAppender: Leader has not got in touch with Follower omNode-1@group-523986131536->omNode-3(c-1,m0,n1, attendVote=true, lastRpcSendTime=1, lastRpcResponseTime=13850) yet, just keep nextIndex unchanged and retry.
2021-01-18 07:22:54,182 [IPC Server handler 2 on default port 39571] INFO  net.NetworkTopologyImpl (NetworkTopologyImpl.java:add(111)) - Added a new node: /default-rack/f0d6c3f1-3e1c-4709-8909-543e2e55c827
2021-01-18 07:22:54,197 [IPC Server handler 2 on default port 39571] INFO  node.SCMNodeManager (SCMNodeManager.java:register(341)) - Registered Data node : f0d6c3f1-3e1c-4709-8909-543e2e55c827{ip: 172.17.0.2, host: c4357192f866, networkLocation: /default-rack, certSerialId: null, persistedOpState: IN_SERVICE, persistedOpStateExpiryEpochSec: 0}
2021-01-18 07:22:54,205 [EventQueue-NodeRegistrationContainerReportForDataNodeSafeModeRule] INFO  safemode.SCMSafeModeManager (DataNodeSafeModeRule.java:process(71)) - SCM in safe mode. 1 DataNodes registered, 1 required.
2021-01-18 07:22:54,205 [EventQueue-NodeRegistrationContainerReportForDataNodeSafeModeRule] INFO  safemode.SCMSafeModeManager (SCMSafeModeManager.java:validateSafeModeExitRules(214)) - DataNodeSafeModeRule rule is successfully validated
2021-01-18 07:22:54,205 [EventQueue-NodeRegistrationContainerReportForDataNodeSafeModeRule] INFO  safemode.SCMSafeModeManager (SCMSafeModeManager.java:completePreCheck(242)) - All SCM safe mode pre check rules have passed
2021-01-18 07:22:54,224 [EventQueue-NodeRegistrationContainerReportForContainerSafeModeRule] INFO  safemode.SCMSafeModeManager (SCMSafeModeManager.java:validateSafeModeExitRules(214)) - ContainerSafeModeRule rule is successfully validated
2021-01-18 07:22:54,229 [RatisPipelineUtilsThread] INFO  pipeline.RatisPipelineProvider (RatisPipelineProvider.java:lambda$create$0(161)) - Sending CreatePipelineCommand for pipeline:PipelineID=c80f8d4f-021f-4af7-8413-3ed4659b23b2 to datanode:f0d6c3f1-3e1c-4709-8909-543e2e55c827
2021-01-18 07:22:54,229 [EventQueue-PipelineReportForOneReplicaPipelineSafeModeRule] INFO  safemode.SCMSafeModeManager (SCMSafeModeManager.java:validateSafeModeExitRules(214)) - AtleastOneDatanodeReportedRule rule is successfully validated
2021-01-18 07:22:54,253 [RatisPipelineUtilsThread] INFO  pipeline.PipelineStateManager (PipelineStateManager.java:addPipeline(54)) - Created pipeline Pipeline[ Id: c80f8d4f-021f-4af7-8413-3ed4659b23b2, Nodes: f0d6c3f1-3e1c-4709-8909-543e2e55c827{ip: 172.17.0.2, host: c4357192f866, networkLocation: /default-rack, certSerialId: null, persistedOpState: IN_SERVICE, persistedOpStateExpiryEpochSec: 0}, Type:RATIS, Factor:ONE, State:ALLOCATED, leaderId:, CreationTimestamp2021-01-18T07:22:54.226Z]
2021-01-18 07:22:54,255 [RatisPipelineUtilsThread] WARN  pipeline.PipelinePlacementPolicy (PipelinePlacementPolicy.java:filterViableNodes(142)) - Pipeline creation failed due to no sufficient healthy datanodes. Required 3. Found 1.
2021-01-18 07:22:54,393 [grpc-default-executor-0] WARN  server.GrpcLogAppender (LogUtils.java:warn(122)) - omNode-1@group-523986131536->omNode-3-AppendLogResponseHandler: Failed appendEntries: org.apache.ratis.thirdparty.io.grpc.StatusRuntimeException: UNAVAILABLE: io exception
2021-01-18 07:22:54,394 [grpc-default-executor-0] WARN  server.GrpcLogAppender (GrpcLogAppender.java:resetClient(111)) - omNode-1@group-523986131536->omNode-3-GrpcLogAppender: Leader has not got in touch with Follower omNode-1@group-523986131536->omNode-3(c-1,m0,n1, attendVote=true, lastRpcSendTime=0, lastRpcResponseTime=14350) yet, just keep nextIndex unchanged and retry.
2021-01-18 07:22:54,894 [grpc-default-executor-0] WARN  server.GrpcLogAppender (LogUtils.java:warn(122)) - omNode-1@group-523986131536->omNode-3-AppendLogResponseHandler: Failed appendEntries: org.apache.ratis.thirdparty.io.grpc.StatusRuntimeException: UNAVAILABLE: io exception
2021-01-18 07:22:54,895 [grpc-default-executor-0] WARN  server.GrpcLogAppender (GrpcLogAppender.java:resetClient(111)) - omNode-1@group-523986131536->omNode-3-GrpcLogAppender: Leader has not got in touch with Follower omNode-1@group-523986131536->omNode-3(c-1,m0,n1, attendVote=true, lastRpcSendTime=0, lastRpcResponseTime=14851) yet, just keep nextIndex unchanged and retry.
2021-01-18 07:22:55,394 [grpc-default-executor-0] WARN  server.GrpcLogAppender (LogUtils.java:warn(122)) - omNode-1@group-523986131536->omNode-3-AppendLogResponseHandler: Failed appendEntries: org.apache.ratis.thirdparty.io.grpc.StatusRuntimeException: UNAVAILABLE: io exception
2021-01-18 07:22:55,395 [grpc-default-executor-0] WARN  server.GrpcLogAppender (GrpcLogAppender.java:resetClient(111)) - omNode-1@group-523986131536->omNode-3-GrpcLogAppender: Leader has not got in touch with Follower omNode-1@group-523986131536->omNode-3(c-1,m0,n1, attendVote=true, lastRpcSendTime=501, lastRpcResponseTime=15351) yet, just keep nextIndex unchanged and retry.
2021-01-18 07:22:55,592 [Listener at 127.0.0.1/13796] INFO  http.BaseHttpServer (BaseHttpServer.java:updateConnectorAddress(327)) - HTTP server of hddsDatanode listening at http://0.0.0.0:35447
2021-01-18 07:22:55,593 [Listener at 127.0.0.1/13796] INFO  impl.MetricsSystemImpl (MetricsSystemImpl.java:init(158)) - HddsDatanode metrics system started (again)
2021-01-18 07:22:55,595 [Listener at 127.0.0.1/13796] INFO  ozone.HddsDatanodeService (HddsDatanodeService.java:start(215)) - HddsDatanodeService host:c4357192f866 ip:172.17.0.2
2021-01-18 07:22:55,609 [org.apache.hadoop.util.JvmPauseMonitor$Monitor@408ac8ef] INFO  util.JvmPauseMonitor (JvmPauseMonitor.java:run(188)) - Starting JVM pause monitor
2021-01-18 07:22:55,610 [Listener at 127.0.0.1/13796] INFO  volume.HddsVolume (HddsVolume.java:<init>(176)) - Creating Volume: /github/workspace/mnt/ozone/hadoop-ozone/integration-test/target/test-dir/MiniOzoneClusterImpl-31fb86ba-d539-4b3f-b864-a30db12016a3/datanode-2/data-0/containers/hdds of storage type : DISK and capacity : 9223372036854775807
2021-01-18 07:22:55,610 [Listener at 127.0.0.1/13796] INFO  volume.MutableVolumeSet (MutableVolumeSet.java:initializeVolumeSet(179)) - Added Volume : /github/workspace/mnt/ozone/hadoop-ozone/integration-test/target/test-dir/MiniOzoneClusterImpl-31fb86ba-d539-4b3f-b864-a30db12016a3/datanode-2/data-0/containers/hdds to VolumeSet
2021-01-18 07:22:55,610 [Listener at 127.0.0.1/13796] INFO  volume.ThrottledAsyncChecker (ThrottledAsyncChecker.java:schedule(141)) - Scheduling a check for /github/workspace/mnt/ozone/hadoop-ozone/integration-test/target/test-dir/MiniOzoneClusterImpl-31fb86ba-d539-4b3f-b864-a30db12016a3/datanode-2/data-0/containers/hdds
2021-01-18 07:22:55,617 [Listener at 127.0.0.1/13796] INFO  volume.HddsVolumeChecker (HddsVolumeChecker.java:checkAllVolumes(200)) - Scheduled health check for volume /github/workspace/mnt/ozone/hadoop-ozone/integration-test/target/test-dir/MiniOzoneClusterImpl-31fb86ba-d539-4b3f-b864-a30db12016a3/datanode-2/data-0/containers/hdds
2021-01-18 07:22:55,638 [Datanode State Machine Task Thread - 0] INFO  datanode.InitDatanodeState (InitDatanodeState.java:persistContainerDatanodeDetails(145)) - DatanodeDetails is persisted to /github/workspace/mnt/ozone/hadoop-ozone/integration-test/target/test-dir/MiniOzoneClusterImpl-31fb86ba-d539-4b3f-b864-a30db12016a3/datanode-1/meta/datanode.id
2021-01-18 07:22:55,653 [Thread-261] INFO  ozoneimpl.ContainerReader (ContainerReader.java:readVolume(123)) - Start to verify containers on volume /github/workspace/mnt/ozone/hadoop-ozone/integration-test/target/test-dir/MiniOzoneClusterImpl-31fb86ba-d539-4b3f-b864-a30db12016a3/datanode-2/data-0/containers/hdds
2021-01-18 07:22:55,653 [Thread-261] INFO  ozoneimpl.ContainerReader (ContainerReader.java:readVolume(148)) - Finish verifying containers on volume /github/workspace/mnt/ozone/hadoop-ozone/integration-test/target/test-dir/MiniOzoneClusterImpl-31fb86ba-d539-4b3f-b864-a30db12016a3/datanode-2/data-0/containers/hdds
2021-01-18 07:22:55,653 [Listener at 127.0.0.1/13796] INFO  ozoneimpl.OzoneContainer (OzoneContainer.java:buildContainerSet(206)) - Build ContainerSet costs 0s
2021-01-18 07:22:55,656 [Listener at 127.0.0.1/13796] INFO  server.RaftServer (ConfUtils.java:logGet(44)) - raft.rpc.type = GRPC (default)
2021-01-18 07:22:55,656 [Listener at 127.0.0.1/13796] INFO  grpc.GrpcFactory (GrpcFactory.java:checkPooledByteBufAllocatorUseCacheForAllThreads(48)) - PERFORMANCE WARNING: useCacheForAllThreads is true that may cause Netty to create a lot garbage objects and, as a result, trigger GC.
	It is recommended to disable useCacheForAllThreads by setting -Dorg.apache.ratis.thirdparty.io.netty.allocator.useCacheForAllThreads=false in command line.
2021-01-18 07:22:55,656 [Listener at 127.0.0.1/13796] INFO  grpc.GrpcConfigKeys (ConfUtils.java:logGet(44)) - raft.grpc.server.port = 0 (default)
2021-01-18 07:22:55,656 [Listener at 127.0.0.1/13796] INFO  server.GrpcService (ConfUtils.java:logGet(44)) - raft.grpc.message.size.max = 32MB (=33554432) (custom)
2021-01-18 07:22:55,656 [Listener at 127.0.0.1/13796] INFO  server.RaftServerConfigKeys (ConfUtils.java:logGet(44)) - raft.server.log.appender.buffer.byte-limit = 33554432 (custom)
2021-01-18 07:22:55,656 [Listener at 127.0.0.1/13796] INFO  server.GrpcService (ConfUtils.java:logGet(44)) - raft.grpc.flow.control.window = 5MB (=5242880) (custom)
2021-01-18 07:22:55,656 [Listener at 127.0.0.1/13796] INFO  server.RaftServerConfigKeys (ConfUtils.java:logGet(44)) - raft.server.rpc.request.timeout = 60s (custom)
2021-01-18 07:22:55,658 [Listener at 127.0.0.1/13796] INFO  impl.DataStreamServerImpl (ConfUtils.java:logGet(44)) - raft.datastream.type = DISABLED (default)
2021-01-18 07:22:55,658 [Listener at 127.0.0.1/13796] INFO  server.RaftServerConfigKeys (ConfUtils.java:logGet(44)) - raft.server.rpc.slowness.timeout = 300s (custom)
2021-01-18 07:22:55,658 [Listener at 127.0.0.1/13796] INFO  server.RaftServerConfigKeys (ConfUtils.java:logGet(44)) - raft.server.leaderelection.leader.step-down.wait-time = 10s (default)
2021-01-18 07:22:55,659 [Listener at 127.0.0.1/13796] INFO  server.RaftServerConfigKeys (ConfUtils.java:logGet(44)) - raft.server.storage.dir = [/github/workspace/mnt/ozone/hadoop-ozone/integration-test/target/test-dir/MiniOzoneClusterImpl-31fb86ba-d539-4b3f-b864-a30db12016a3/datanode-2/data/ratis] (custom)
2021-01-18 07:22:55,670 [Listener at 127.0.0.1/13796] INFO  http.BaseHttpServer (BaseHttpServer.java:newHttpServer2BuilderForOzone(207)) - Starting Web-server for hddsDatanode at: http://0.0.0.0:0
2021-01-18 07:22:55,670 [Listener at 127.0.0.1/13796] INFO  http.BaseHttpServer (BaseHttpServer.java:<init>(106)) - Hadoop Security Enabled: false Ozone Security Enabled: false Ozone HTTP Security Enabled: false 
2021-01-18 07:22:55,671 [Listener at 127.0.0.1/13796] INFO  server.AuthenticationFilter (AuthenticationFilter.java:constructSecretProvider(240)) - Unable to initialize FileSignerSecretProvider, falling back to use random secrets.
2021-01-18 07:22:55,674 [Listener at 127.0.0.1/13796] WARN  http.HttpRequestLog (HttpRequestLog.java:getRequestLog(103)) - Jetty request log can only be enabled using Log4j
2021-01-18 07:22:55,674 [Listener at 127.0.0.1/13796] INFO  http.HttpServer2 (HttpServer2.java:addGlobalFilter(1020)) - Added global filter 'safety' (class=org.apache.hadoop.hdds.server.http.HttpServer2$QuotingInputFilter)
2021-01-18 07:22:55,675 [Listener at 127.0.0.1/13796] INFO  http.HttpServer2 (HttpServer2.java:addFilter(996)) - Added filter static_user_filter (class=org.apache.hadoop.http.lib.StaticUserWebFilter$StaticUserFilter) to context hddsDatanode
2021-01-18 07:22:55,675 [Listener at 127.0.0.1/13796] INFO  http.HttpServer2 (HttpServer2.java:addFilter(1004)) - Added filter static_user_filter (class=org.apache.hadoop.http.lib.StaticUserWebFilter$StaticUserFilter) to context logs
2021-01-18 07:22:55,675 [Listener at 127.0.0.1/13796] INFO  http.HttpServer2 (HttpServer2.java:addFilter(1004)) - Added filter static_user_filter (class=org.apache.hadoop.http.lib.StaticUserWebFilter$StaticUserFilter) to context static
2021-01-18 07:22:55,676 [Listener at 127.0.0.1/13796] INFO  http.HttpServer2 (HttpServer2.java:bindListener(1238)) - Jetty bound to port 46007
2021-01-18 07:22:55,677 [Listener at 127.0.0.1/13796] INFO  server.Server (Server.java:doStart(375)) - jetty-9.4.34.v20201102; built: 2020-11-02T14:15:39.302Z; git: e46af88704a893fc12cb0e3bf46e2c7b48a009e7; jvm 1.8.0_232-b09
2021-01-18 07:22:55,678 [Listener at 127.0.0.1/13796] INFO  server.session (DefaultSessionIdManager.java:doStart(334)) - DefaultSessionIdManager workerName=node0
2021-01-18 07:22:55,679 [Listener at 127.0.0.1/13796] INFO  server.session (DefaultSessionIdManager.java:doStart(339)) - No SessionScavenger set, using defaults
2021-01-18 07:22:55,679 [Listener at 127.0.0.1/13796] INFO  server.session (HouseKeeper.java:startScavenging(132)) - node0 Scavenging every 600000ms
2021-01-18 07:22:55,679 [Listener at 127.0.0.1/13796] INFO  handler.ContextHandler (ContextHandler.java:doStart(916)) - Started o.e.j.s.ServletContextHandler@48125127{logs,/logs,file:///github/workspace/mnt/ozone/hadoop-ozone/integration-test/target/log,AVAILABLE}
2021-01-18 07:22:55,680 [Listener at 127.0.0.1/13796] INFO  handler.ContextHandler (ContextHandler.java:doStart(916)) - Started o.e.j.s.ServletContextHandler@7f375aef{static,/static,jar:file:/home/user/.m2/repository/org/apache/hadoop/hadoop-hdds-container-service/1.1.0-SNAPSHOT/hadoop-hdds-container-service-1.1.0-SNAPSHOT.jar!/webapps/static,AVAILABLE}
2021-01-18 07:22:55,829 [Listener at 127.0.0.1/13796] INFO  handler.ContextHandler (ContextHandler.java:doStart(916)) - Started o.e.j.w.WebAppContext@497f6308{hddsDatanode,/,file:///tmp/jetty-0_0_0_0-46007-hadoop-hdds-container-service-1_1_0-SNAPSHOT_jar-_-any-7834672399736055311/webapp/,AVAILABLE}{jar:file:/home/user/.m2/repository/org/apache/hadoop/hadoop-hdds-container-service/1.1.0-SNAPSHOT/hadoop-hdds-container-service-1.1.0-SNAPSHOT.jar!/webapps/hddsDatanode}
2021-01-18 07:22:55,831 [Listener at 127.0.0.1/13796] INFO  server.AbstractConnector (AbstractConnector.java:doStart(331)) - Started ServerConnector@1fdf1ed1{HTTP/1.1, (http/1.1)}{0.0.0.0:46007}
2021-01-18 07:22:55,831 [Listener at 127.0.0.1/13796] INFO  server.Server (Server.java:doStart(415)) - Started @26319ms
2021-01-18 07:22:55,831 [Listener at 127.0.0.1/13796] WARN  impl.MetricsSystemImpl (MetricsSystemImpl.java:register(276)) - Sink prometheus already exists!
2021-01-18 07:22:55,901 [grpc-default-executor-0] WARN  server.GrpcLogAppender (LogUtils.java:warn(122)) - omNode-1@group-523986131536->omNode-3-AppendLogResponseHandler: Failed appendEntries: org.apache.ratis.thirdparty.io.grpc.StatusRuntimeException: UNAVAILABLE: io exception
2021-01-18 07:22:55,902 [grpc-default-executor-0] WARN  server.GrpcLogAppender (GrpcLogAppender.java:resetClient(111)) - omNode-1@group-523986131536->omNode-3-GrpcLogAppender: Leader has not got in touch with Follower omNode-1@group-523986131536->omNode-3(c-1,m0,n1, attendVote=true, lastRpcSendTime=5, lastRpcResponseTime=15858) yet, just keep nextIndex unchanged and retry.
2021-01-18 07:22:56,397 [grpc-default-executor-0] WARN  server.GrpcLogAppender (LogUtils.java:warn(122)) - omNode-1@group-523986131536->omNode-3-AppendLogResponseHandler: Failed appendEntries: org.apache.ratis.thirdparty.io.grpc.StatusRuntimeException: UNAVAILABLE: io exception
2021-01-18 07:22:56,398 [grpc-default-executor-0] WARN  server.GrpcLogAppender (GrpcLogAppender.java:resetClient(111)) - omNode-1@group-523986131536->omNode-3-GrpcLogAppender: Leader has not got in touch with Follower omNode-1@group-523986131536->omNode-3(c-1,m0,n1, attendVote=true, lastRpcSendTime=0, lastRpcResponseTime=16354) yet, just keep nextIndex unchanged and retry.
2021-01-18 07:22:56,897 [grpc-default-executor-0] WARN  server.GrpcLogAppender (LogUtils.java:warn(122)) - omNode-1@group-523986131536->omNode-3-AppendLogResponseHandler: Failed appendEntries: org.apache.ratis.thirdparty.io.grpc.StatusRuntimeException: UNAVAILABLE: io exception
2021-01-18 07:22:56,898 [grpc-default-executor-0] WARN  server.GrpcLogAppender (GrpcLogAppender.java:resetClient(111)) - omNode-1@group-523986131536->omNode-3-GrpcLogAppender: Leader has not got in touch with Follower omNode-1@group-523986131536->omNode-3(c-1,m0,n1, attendVote=true, lastRpcSendTime=501, lastRpcResponseTime=16854) yet, just keep nextIndex unchanged and retry.
2021-01-18 07:22:57,174 [Command processor thread] INFO  server.RaftServer (RaftServerProxy.java:addNew(95)) - f0d6c3f1-3e1c-4709-8909-543e2e55c827: addNew group-3ED4659B23B2:[f0d6c3f1-3e1c-4709-8909-543e2e55c827|rpc:172.17.0.2:44583|priority:1] returns group-3ED4659B23B2:java.util.concurrent.CompletableFuture@4a8e1a81[Not completed]
2021-01-18 07:22:57,204 [pool-67-thread-1] INFO  server.RaftServer$Division (RaftServerImpl.java:<init>(179)) - f0d6c3f1-3e1c-4709-8909-543e2e55c827: new RaftServerImpl for group-3ED4659B23B2:[f0d6c3f1-3e1c-4709-8909-543e2e55c827|rpc:172.17.0.2:44583|priority:1] with ContainerStateMachine:uninitialized
2021-01-18 07:22:57,205 [pool-67-thread-1] INFO  server.RaftServerConfigKeys (ConfUtils.java:logGet(44)) - raft.server.rpc.timeout.min = 5s (custom)
2021-01-18 07:22:57,205 [pool-67-thread-1] INFO  server.RaftServerConfigKeys (ConfUtils.java:logGet(44)) - raft.server.rpc.timeout.max = 5200ms (custom)
2021-01-18 07:22:57,205 [pool-67-thread-1] INFO  server.RaftServerConfigKeys (ConfUtils.java:logGet(44)) - raft.server.rpc.sleep.time = 25ms (default)
2021-01-18 07:22:57,205 [pool-67-thread-1] INFO  server.RaftServerConfigKeys (ConfUtils.java:logGet(44)) - raft.server.rpc.slowness.timeout = 300s (custom)
2021-01-18 07:22:57,205 [pool-67-thread-1] INFO  server.RaftServerConfigKeys (ConfUtils.java:logGet(44)) - raft.server.leaderelection.leader.step-down.wait-time = 10s (default)
2021-01-18 07:22:57,205 [pool-67-thread-1] INFO  server.RaftServerConfigKeys (ConfUtils.java:logGet(44)) - raft.server.sleep.deviation.threshold = 300ms (default)
2021-01-18 07:22:57,205 [pool-67-thread-1] INFO  server.RaftServerConfigKeys (ConfUtils.java:logGet(44)) - raft.server.log.appender.install.snapshot.enabled = false (custom)
2021-01-18 07:22:57,205 [pool-67-thread-1] INFO  server.RaftServer$Division (ServerState.java:<init>(103)) - f0d6c3f1-3e1c-4709-8909-543e2e55c827@group-3ED4659B23B2: ConfigurationManager, init=-1: [f0d6c3f1-3e1c-4709-8909-543e2e55c827|rpc:172.17.0.2:44583|priority:1], old=null, confs=<EMPTY_MAP>
2021-01-18 07:22:57,205 [pool-67-thread-1] INFO  server.RaftServerConfigKeys (ConfUtils.java:logGet(44)) - raft.server.storage.dir = [/github/workspace/mnt/ozone/hadoop-ozone/integration-test/target/test-dir/MiniOzoneClusterImpl-31fb86ba-d539-4b3f-b864-a30db12016a3/datanode-0/data/ratis] (custom)
2021-01-18 07:22:57,206 [pool-67-thread-1] INFO  server.RaftServerConfigKeys (ConfUtils.java:logGet(44)) - raft.server.log.corruption.policy = EXCEPTION (default)
2021-01-18 07:22:57,206 [pool-67-thread-1] INFO  storage.RaftStorageDirectory (RaftStorageDirectoryImpl.java:analyzeStorage(132)) - The storage directory /github/workspace/mnt/ozone/hadoop-ozone/integration-test/target/test-dir/MiniOzoneClusterImpl-31fb86ba-d539-4b3f-b864-a30db12016a3/datanode-0/data/ratis/c80f8d4f-021f-4af7-8413-3ed4659b23b2 does not exist. Creating ...
2021-01-18 07:22:57,207 [pool-67-thread-1] INFO  storage.RaftStorageDirectory (RaftStorageDirectoryImpl.java:tryLock(215)) - Lock on /github/workspace/mnt/ozone/hadoop-ozone/integration-test/target/test-dir/MiniOzoneClusterImpl-31fb86ba-d539-4b3f-b864-a30db12016a3/datanode-0/data/ratis/c80f8d4f-021f-4af7-8413-3ed4659b23b2/in_use.lock acquired by nodename 14213@c4357192f866
2021-01-18 07:22:57,208 [pool-67-thread-1] INFO  storage.RaftStorage (RaftStorageImpl.java:format(87)) - Storage directory /github/workspace/mnt/ozone/hadoop-ozone/integration-test/target/test-dir/MiniOzoneClusterImpl-31fb86ba-d539-4b3f-b864-a30db12016a3/datanode-0/data/ratis/c80f8d4f-021f-4af7-8413-3ed4659b23b2 has been successfully formatted.
2021-01-18 07:22:57,222 [pool-67-thread-1] INFO  ratis.ContainerStateMachine (ContainerStateMachine.java:loadSnapshot(223)) - group-3ED4659B23B2: The snapshot info is null. Setting the last applied indexto:(t:0, i:~)
2021-01-18 07:22:57,222 [pool-67-thread-1] ERROR storage.RaftStorage (RaftStorageImpl.java:readRaftConfiguration(147)) - Failed reading configuration from file:/github/workspace/mnt/ozone/hadoop-ozone/integration-test/target/test-dir/MiniOzoneClusterImpl-31fb86ba-d539-4b3f-b864-a30db12016a3/datanode-0/data/ratis/c80f8d4f-021f-4af7-8413-3ed4659b23b2/current/raft-meta.conf
java.io.FileNotFoundException: /github/workspace/mnt/ozone/hadoop-ozone/integration-test/target/test-dir/MiniOzoneClusterImpl-31fb86ba-d539-4b3f-b864-a30db12016a3/datanode-0/data/ratis/c80f8d4f-021f-4af7-8413-3ed4659b23b2/current/raft-meta.conf (No such file or directory)
	at java.io.FileInputStream.open0(Native Method)
	at java.io.FileInputStream.open(FileInputStream.java:195)
	at java.io.FileInputStream.<init>(FileInputStream.java:138)
	at org.apache.ratis.server.storage.RaftStorageImpl.readRaftConfiguration(RaftStorageImpl.java:143)
	at org.apache.ratis.server.impl.ServerState.<init>(ServerState.java:113)
	at org.apache.ratis.server.impl.RaftServerImpl.<init>(RaftServerImpl.java:192)
	at org.apache.ratis.server.impl.RaftServerProxy.lambda$newRaftServerImpl$4(RaftServerProxy.java:266)
	at java.util.concurrent.CompletableFuture$AsyncSupply.run(CompletableFuture.java:1604)
	at java.util.concurrent.ThreadPoolExecutor.runWorker(ThreadPoolExecutor.java:1149)
	at java.util.concurrent.ThreadPoolExecutor$Worker.run(ThreadPoolExecutor.java:624)
	at java.lang.Thread.run(Thread.java:748)
2021-01-18 07:22:57,222 [pool-67-thread-1] INFO  server.RaftServerConfigKeys (ConfUtils.java:logGet(44)) - raft.server.notification.no-leader.timeout = 300s (custom)
2021-01-18 07:22:57,222 [pool-67-thread-1] INFO  server.RaftServerConfigKeys (ConfUtils.java:logGet(44)) - raft.server.log.use.memory = false (default)
2021-01-18 07:22:57,222 [pool-67-thread-1] INFO  server.RaftServerConfigKeys (ConfUtils.java:logGet(44)) - raft.server.log.purge.gap = 1000000 (custom)
2021-01-18 07:22:57,222 [pool-67-thread-1] INFO  server.RaftServerConfigKeys (ConfUtils.java:logGet(44)) - raft.server.log.appender.buffer.byte-limit = 33554432 (custom)
2021-01-18 07:22:57,223 [pool-67-thread-1] INFO  metrics.RatisMetrics (RatisMetrics.java:lambda$create$0(36)) - Creating Metrics Registry : ratis.log_worker.f0d6c3f1-3e1c-4709-8909-543e2e55c827@group-3ED4659B23B2
2021-01-18 07:22:57,226 [pool-67-thread-1] INFO  server.RaftServerConfigKeys (ConfUtils.java:logGet(44)) - raft.server.log.segment.size.max = 1048576 (custom)
2021-01-18 07:22:57,229 [pool-67-thread-1] INFO  server.RaftServerConfigKeys (ConfUtils.java:logGet(44)) - raft.server.log.segment.cache.num.max = 2 (custom)
2021-01-18 07:22:57,230 [pool-67-thread-1] INFO  server.RaftServerConfigKeys (ConfUtils.java:logGet(44)) - raft.server.log.segment.cache.size.max = 200MB (=209715200) (default)
2021-01-18 07:22:57,230 [pool-67-thread-1] INFO  segmented.SegmentedRaftLogWorker (SegmentedRaftLogWorker.java:<init>(181)) - new f0d6c3f1-3e1c-4709-8909-543e2e55c827@group-3ED4659B23B2-SegmentedRaftLogWorker for RaftStorageImpl:Storage Directory /github/workspace/mnt/ozone/hadoop-ozone/integration-test/target/test-dir/MiniOzoneClusterImpl-31fb86ba-d539-4b3f-b864-a30db12016a3/datanode-0/data/ratis/c80f8d4f-021f-4af7-8413-3ed4659b23b2
2021-01-18 07:22:57,230 [pool-67-thread-1] INFO  server.RaftServerConfigKeys (ConfUtils.java:logGet(44)) - raft.server.log.queue.byte-limit = 2147483647 (custom)
2021-01-18 07:22:57,230 [pool-67-thread-1] INFO  server.RaftServerConfigKeys (ConfUtils.java:logGet(44)) - raft.server.log.queue.element-limit = 1024 (custom)
2021-01-18 07:22:57,231 [pool-67-thread-1] INFO  server.RaftServerConfigKeys (ConfUtils.java:logGet(44)) - raft.server.log.segment.size.max = 1048576 (custom)
2021-01-18 07:22:57,231 [pool-67-thread-1] INFO  server.RaftServerConfigKeys (ConfUtils.java:logGet(44)) - raft.server.log.preallocated.size = 16384 (custom)
2021-01-18 07:22:57,231 [pool-67-thread-1] INFO  server.RaftServerConfigKeys (ConfUtils.java:logGet(44)) - raft.server.log.force.sync.num = 128 (default)
2021-01-18 07:22:57,231 [pool-67-thread-1] INFO  server.RaftServerConfigKeys (ConfUtils.java:logGet(44)) - raft.server.log.statemachine.data.sync = true (default)
2021-01-18 07:22:57,231 [pool-67-thread-1] INFO  server.RaftServerConfigKeys (ConfUtils.java:logGet(44)) - raft.server.log.statemachine.data.sync.timeout = 10s (default)
2021-01-18 07:22:57,231 [pool-67-thread-1] INFO  server.RaftServerConfigKeys (ConfUtils.java:logGet(44)) - raft.server.log.statemachine.data.sync.timeout.retry = -1 (default)
2021-01-18 07:22:57,233 [pool-67-thread-1] INFO  server.RaftServerConfigKeys (ConfUtils.java:logGet(44)) - raft.server.log.write.buffer.size = 1048576 (custom)
2021-01-18 07:22:57,234 [pool-67-thread-1] INFO  server.RaftServerConfigKeys (ConfUtils.java:logGet(44)) - raft.server.log.statemachine.data.caching.enabled = true (custom)
2021-01-18 07:22:57,234 [pool-67-thread-1] INFO  segmented.SegmentedRaftLogWorker (SegmentedRaftLogWorker.java:lambda$new$0(132)) - f0d6c3f1-3e1c-4709-8909-543e2e55c827@group-3ED4659B23B2-SegmentedRaftLogWorker: flushIndex: setUnconditionally 0 -> -1
2021-01-18 07:22:57,237 [pool-67-thread-1] INFO  segmented.SegmentedRaftLogWorker (SegmentedRaftLogWorker.java:lambda$new$0(132)) - f0d6c3f1-3e1c-4709-8909-543e2e55c827@group-3ED4659B23B2-SegmentedRaftLogWorker: safeCacheEvictIndex: setUnconditionally 0 -> -1
2021-01-18 07:22:57,238 [EventQueue-PipelineReportForOneReplicaPipelineSafeModeRule] INFO  safemode.SCMSafeModeManager (SCMSafeModeManager.java:validateSafeModeExitRules(214)) - AtleastOneDatanodeReportedRule rule is successfully validated
2021-01-18 07:22:57,239 [EventQueue-PipelineReportForPipelineReportHandler] INFO  pipeline.PipelineStateManager (PipelineStateManager.java:openPipeline(132)) - Pipeline Pipeline[ Id: c80f8d4f-021f-4af7-8413-3ed4659b23b2, Nodes: f0d6c3f1-3e1c-4709-8909-543e2e55c827{ip: 172.17.0.2, host: c4357192f866, networkLocation: /default-rack, certSerialId: null, persistedOpState: IN_SERVICE, persistedOpStateExpiryEpochSec: 0}, Type:RATIS, Factor:ONE, State:ALLOCATED, leaderId:f0d6c3f1-3e1c-4709-8909-543e2e55c827, CreationTimestamp2021-01-18T07:22:54.226Z] moved to OPEN state
2021-01-18 07:22:57,245 [EventQueue-OpenPipelineForHealthyPipelineSafeModeRule] INFO  safemode.SCMSafeModeManager (HealthyPipelineSafeModeRule.java:process(128)) - SCM in safe mode. Healthy pipelines reported count is 0, required healthy pipeline reported count is 1
2021-01-18 07:22:57,247 [pool-67-thread-1] INFO  server.RaftServerConfigKeys (ConfUtils.java:logGet(44)) - raft.server.snapshot.auto.trigger.enabled = true (custom)
2021-01-18 07:22:57,249 [pool-67-thread-1] INFO  server.RaftServerConfigKeys (ConfUtils.java:logGet(44)) - raft.server.snapshot.auto.trigger.threshold = 10000 (custom)
2021-01-18 07:22:57,249 [pool-67-thread-1] INFO  server.RaftServerConfigKeys (ConfUtils.java:logGet(44)) - raft.server.snapshot.retention.file.num = 5 (custom)
2021-01-18 07:22:57,249 [pool-67-thread-1] INFO  server.RaftServerConfigKeys (ConfUtils.java:logGet(44)) - raft.server.log.purge.upto.snapshot.index = false (default)
2021-01-18 07:22:57,249 [pool-67-thread-1] INFO  server.RaftServerConfigKeys (ConfUtils.java:logGet(44)) - raft.server.retrycache.expirytime = 600000ms (custom)
2021-01-18 07:22:57,249 [pool-67-thread-1] INFO  server.RaftServerConfigKeys (ConfUtils.java:logGet(44)) - raft.server.retrycache.statistics.expirytime = 100?s (default)
2021-01-18 07:22:57,249 [pool-67-thread-1] INFO  metrics.RatisMetrics (RatisMetrics.java:lambda$create$0(36)) - Creating Metrics Registry : ratis.leader_election.f0d6c3f1-3e1c-4709-8909-543e2e55c827@group-3ED4659B23B2
2021-01-18 07:22:57,249 [pool-67-thread-1] INFO  metrics.RatisMetrics (RatisMetrics.java:lambda$create$0(36)) - Creating Metrics Registry : ratis.server.f0d6c3f1-3e1c-4709-8909-543e2e55c827@group-3ED4659B23B2
2021-01-18 07:22:57,250 [pool-67-thread-1] INFO  server.RaftServer$Division (RaftServerImpl.java:start(294)) - f0d6c3f1-3e1c-4709-8909-543e2e55c827@group-3ED4659B23B2: start as a follower, conf=-1: [f0d6c3f1-3e1c-4709-8909-543e2e55c827|rpc:172.17.0.2:44583|priority:1], old=null
2021-01-18 07:22:57,250 [pool-67-thread-1] INFO  server.RaftServer$Division (RaftServerImpl.java:setRole(283)) - f0d6c3f1-3e1c-4709-8909-543e2e55c827@group-3ED4659B23B2: changes role from      null to FOLLOWER at term 0 for startAsFollower
2021-01-18 07:22:57,250 [pool-67-thread-1] INFO  impl.RoleInfo (RoleInfo.java:updateAndGet(130)) - f0d6c3f1-3e1c-4709-8909-543e2e55c827: start f0d6c3f1-3e1c-4709-8909-543e2e55c827@group-3ED4659B23B2-FollowerState
2021-01-18 07:22:57,252 [pool-67-thread-1] INFO  util.JmxRegister (JmxRegister.java:tryRegister(44)) - Successfully registered JMX Bean with object name Ratis:service=RaftServer,group=group-3ED4659B23B2,id=f0d6c3f1-3e1c-4709-8909-543e2e55c827
2021-01-18 07:22:57,260 [pool-67-thread-1] INFO  metrics.RatisMetrics (RatisMetrics.java:lambda$create$0(36)) - Creating Metrics Registry : ratis.state_machine.f0d6c3f1-3e1c-4709-8909-543e2e55c827@group-3ED4659B23B2
2021-01-18 07:22:57,263 [Command processor thread] INFO  commandhandler.CreatePipelineCommandHandler (CreatePipelineCommandHandler.java:handle(106)) - Created Pipeline RATIS ONE PipelineID=c80f8d4f-021f-4af7-8413-3ed4659b23b2.
2021-01-18 07:22:57,399 [grpc-default-executor-0] WARN  server.GrpcLogAppender (LogUtils.java:warn(122)) - omNode-1@group-523986131536->omNode-3-AppendLogResponseHandler: Failed appendEntries: org.apache.ratis.thirdparty.io.grpc.StatusRuntimeException: UNAVAILABLE: io exception
2021-01-18 07:22:57,400 [grpc-default-executor-0] WARN  server.GrpcLogAppender (GrpcLogAppender.java:resetClient(111)) - omNode-1@group-523986131536->omNode-3-GrpcLogAppender: Leader has not got in touch with Follower omNode-1@group-523986131536->omNode-3(c-1,m0,n1, attendVote=true, lastRpcSendTime=0, lastRpcResponseTime=17356) yet, just keep nextIndex unchanged and retry.
2021-01-18 07:22:57,618 [EndpointStateMachine task thread for /0.0.0.0:39571 - 0 ] INFO  ozoneimpl.OzoneContainer (OzoneContainer.java:start(255)) - Attempting to start container services.
2021-01-18 07:22:57,619 [EndpointStateMachine task thread for /0.0.0.0:39571 - 0 ] INFO  ozoneimpl.OzoneContainer (OzoneContainer.java:startContainerScrub(219)) - Background container scanner has been disabled.
2021-01-18 07:22:57,621 [EndpointStateMachine task thread for /0.0.0.0:39571 - 0 ] INFO  replication.ReplicationServer (ReplicationServer.java:start(111)) - ReplicationServer is started using port 38343
2021-01-18 07:22:57,623 [EndpointStateMachine task thread for /0.0.0.0:39571 - 0 ] INFO  ratis.XceiverServerRatis (XceiverServerRatis.java:start(455)) - Starting XceiverServerRatis 82d7d2f8-b8a6-49fb-a52d-45f65ec50674 at port 0
2021-01-18 07:22:57,628 [EndpointStateMachine task thread for /0.0.0.0:39571 - 0 ] INFO  server.RaftServer (RaftServerProxy.java:lambda$start$5(372)) - 82d7d2f8-b8a6-49fb-a52d-45f65ec50674: start RPC server
2021-01-18 07:22:57,630 [EndpointStateMachine task thread for /0.0.0.0:39571 - 0 ] INFO  server.GrpcService (GrpcService.java:startImpl(176)) - 82d7d2f8-b8a6-49fb-a52d-45f65ec50674: GrpcService started, listening on 0.0.0.0/0.0.0.0:35527
2021-01-18 07:22:57,630 [EndpointStateMachine task thread for /0.0.0.0:39571 - 0 ] INFO  ratis.XceiverServerRatis (XceiverServerRatis.java:start(467)) - XceiverServerRatis 82d7d2f8-b8a6-49fb-a52d-45f65ec50674 is started using port 35527
2021-01-18 07:22:57,631 [EndpointStateMachine task thread for /0.0.0.0:39571 - 0 ] INFO  server.XceiverServerGrpc (XceiverServerGrpc.java:start(139)) - XceiverServerGrpc 82d7d2f8-b8a6-49fb-a52d-45f65ec50674 is started using port 41083
2021-01-18 07:22:57,633 [org.apache.ratis.util.JvmPauseMonitor$$Lambda$305/1979302296@71f740a7] INFO  util.JvmPauseMonitor (JvmPauseMonitor.java:run(103)) - JvmPauseMonitor-82d7d2f8-b8a6-49fb-a52d-45f65ec50674: Started
2021-01-18 07:22:57,899 [grpc-default-executor-0] WARN  server.GrpcLogAppender (LogUtils.java:warn(122)) - omNode-1@group-523986131536->omNode-3-AppendLogResponseHandler: Failed appendEntries: org.apache.ratis.thirdparty.io.grpc.StatusRuntimeException: UNAVAILABLE: io exception
2021-01-18 07:22:57,900 [grpc-default-executor-0] WARN  server.GrpcLogAppender (GrpcLogAppender.java:resetClient(111)) - omNode-1@group-523986131536->omNode-3-GrpcLogAppender: Leader has not got in touch with Follower omNode-1@group-523986131536->omNode-3(c-1,m0,n1, attendVote=true, lastRpcSendTime=501, lastRpcResponseTime=17856) yet, just keep nextIndex unchanged and retry.
2021-01-18 07:22:58,213 [EventQueue-OpenPipelineForHealthyPipelineSafeModeRule] INFO  safemode.SCMSafeModeManager (HealthyPipelineSafeModeRule.java:process(128)) - SCM in safe mode. Healthy pipelines reported count is 0, required healthy pipeline reported count is 1
2021-01-18 07:22:58,213 [EventQueue-PipelineReportForOneReplicaPipelineSafeModeRule] INFO  safemode.SCMSafeModeManager (SCMSafeModeManager.java:validateSafeModeExitRules(214)) - AtleastOneDatanodeReportedRule rule is successfully validated
2021-01-18 07:22:58,402 [grpc-default-executor-0] WARN  server.GrpcLogAppender (LogUtils.java:warn(122)) - omNode-1@group-523986131536->omNode-3-AppendLogResponseHandler: Failed appendEntries: org.apache.ratis.thirdparty.io.grpc.StatusRuntimeException: UNAVAILABLE: io exception
2021-01-18 07:22:58,403 [grpc-default-executor-0] WARN  server.GrpcLogAppender (GrpcLogAppender.java:resetClient(111)) - omNode-1@group-523986131536->omNode-3-GrpcLogAppender: Leader has not got in touch with Follower omNode-1@group-523986131536->omNode-3(c-1,m0,n1, attendVote=true, lastRpcSendTime=0, lastRpcResponseTime=18359) yet, just keep nextIndex unchanged and retry.
2021-01-18 07:22:58,902 [grpc-default-executor-0] WARN  server.GrpcLogAppender (LogUtils.java:warn(122)) - omNode-1@group-523986131536->omNode-3-AppendLogResponseHandler: Failed appendEntries: org.apache.ratis.thirdparty.io.grpc.StatusRuntimeException: UNAVAILABLE: io exception
2021-01-18 07:22:58,903 [grpc-default-executor-0] WARN  server.GrpcLogAppender (GrpcLogAppender.java:resetClient(111)) - omNode-1@group-523986131536->omNode-3-GrpcLogAppender: Leader has not got in touch with Follower omNode-1@group-523986131536->omNode-3(c-1,m0,n1, attendVote=true, lastRpcSendTime=501, lastRpcResponseTime=18859) yet, just keep nextIndex unchanged and retry.
2021-01-18 07:22:59,217 [EventQueue-OpenPipelineForHealthyPipelineSafeModeRule] INFO  safemode.SCMSafeModeManager (HealthyPipelineSafeModeRule.java:process(128)) - SCM in safe mode. Healthy pipelines reported count is 0, required healthy pipeline reported count is 1
2021-01-18 07:22:59,217 [EventQueue-PipelineReportForOneReplicaPipelineSafeModeRule] INFO  safemode.SCMSafeModeManager (SCMSafeModeManager.java:validateSafeModeExitRules(214)) - AtleastOneDatanodeReportedRule rule is successfully validated
2021-01-18 07:22:59,404 [grpc-default-executor-0] WARN  server.GrpcLogAppender (LogUtils.java:warn(122)) - omNode-1@group-523986131536->omNode-3-AppendLogResponseHandler: Failed appendEntries: org.apache.ratis.thirdparty.io.grpc.StatusRuntimeException: UNAVAILABLE: io exception
2021-01-18 07:22:59,405 [grpc-default-executor-0] WARN  server.GrpcLogAppender (GrpcLogAppender.java:resetClient(111)) - omNode-1@group-523986131536->omNode-3-GrpcLogAppender: Leader has not got in touch with Follower omNode-1@group-523986131536->omNode-3(c-1,m0,n1, attendVote=true, lastRpcSendTime=1, lastRpcResponseTime=19361) yet, just keep nextIndex unchanged and retry.
2021-01-18 07:22:59,614 [IPC Server handler 0 on default port 39571] INFO  net.NetworkTopologyImpl (NetworkTopologyImpl.java:add(111)) - Added a new node: /default-rack/82d7d2f8-b8a6-49fb-a52d-45f65ec50674
2021-01-18 07:22:59,614 [IPC Server handler 0 on default port 39571] INFO  node.SCMNodeManager (SCMNodeManager.java:register(341)) - Registered Data node : 82d7d2f8-b8a6-49fb-a52d-45f65ec50674{ip: 172.17.0.2, host: c4357192f866, networkLocation: /default-rack, certSerialId: null, persistedOpState: IN_SERVICE, persistedOpStateExpiryEpochSec: 0}
2021-01-18 07:22:59,614 [EventQueue-NodeRegistrationContainerReportForDataNodeSafeModeRule] INFO  safemode.SCMSafeModeManager (SCMSafeModeManager.java:validateSafeModeExitRules(214)) - DataNodeSafeModeRule rule is successfully validated
2021-01-18 07:22:59,614 [EventQueue-NodeRegistrationContainerReportForContainerSafeModeRule] INFO  safemode.SCMSafeModeManager (SCMSafeModeManager.java:validateSafeModeExitRules(214)) - ContainerSafeModeRule rule is successfully validated
2021-01-18 07:22:59,614 [EventQueue-PipelineReportForOneReplicaPipelineSafeModeRule] INFO  safemode.SCMSafeModeManager (SCMSafeModeManager.java:validateSafeModeExitRules(214)) - AtleastOneDatanodeReportedRule rule is successfully validated
2021-01-18 07:22:59,616 [RatisPipelineUtilsThread] INFO  pipeline.RatisPipelineProvider (RatisPipelineProvider.java:lambda$create$0(161)) - Sending CreatePipelineCommand for pipeline:PipelineID=bc6a37fc-816f-4177-8d5c-2e23c8bd3b75 to datanode:82d7d2f8-b8a6-49fb-a52d-45f65ec50674
2021-01-18 07:22:59,616 [RatisPipelineUtilsThread] INFO  pipeline.PipelineStateManager (PipelineStateManager.java:addPipeline(54)) - Created pipeline Pipeline[ Id: bc6a37fc-816f-4177-8d5c-2e23c8bd3b75, Nodes: 82d7d2f8-b8a6-49fb-a52d-45f65ec50674{ip: 172.17.0.2, host: c4357192f866, networkLocation: /default-rack, certSerialId: null, persistedOpState: IN_SERVICE, persistedOpStateExpiryEpochSec: 0}, Type:RATIS, Factor:ONE, State:ALLOCATED, leaderId:, CreationTimestamp2021-01-18T07:22:59.616Z]
2021-01-18 07:22:59,616 [RatisPipelineUtilsThread] WARN  pipeline.PipelinePlacementPolicy (PipelinePlacementPolicy.java:filterViableNodes(142)) - Pipeline creation failed due to no sufficient healthy datanodes. Required 3. Found 2.
2021-01-18 07:22:59,905 [grpc-default-executor-0] WARN  server.GrpcLogAppender (LogUtils.java:warn(122)) - omNode-1@group-523986131536->omNode-3-AppendLogResponseHandler: Failed appendEntries: org.apache.ratis.thirdparty.io.grpc.StatusRuntimeException: UNAVAILABLE: io exception
2021-01-18 07:22:59,905 [grpc-default-executor-0] WARN  server.GrpcLogAppender (GrpcLogAppender.java:resetClient(111)) - omNode-1@group-523986131536->omNode-3-GrpcLogAppender: Leader has not got in touch with Follower omNode-1@group-523986131536->omNode-3(c-1,m0,n1, attendVote=true, lastRpcSendTime=0, lastRpcResponseTime=19861) yet, just keep nextIndex unchanged and retry.
2021-01-18 07:23:00,215 [EventQueue-PipelineReportForOneReplicaPipelineSafeModeRule] INFO  safemode.SCMSafeModeManager (SCMSafeModeManager.java:validateSafeModeExitRules(214)) - AtleastOneDatanodeReportedRule rule is successfully validated
2021-01-18 07:23:00,215 [EventQueue-OpenPipelineForHealthyPipelineSafeModeRule] INFO  safemode.SCMSafeModeManager (HealthyPipelineSafeModeRule.java:process(128)) - SCM in safe mode. Healthy pipelines reported count is 0, required healthy pipeline reported count is 1
2021-01-18 07:23:00,405 [grpc-default-executor-0] WARN  server.GrpcLogAppender (LogUtils.java:warn(122)) - omNode-1@group-523986131536->omNode-3-AppendLogResponseHandler: Failed appendEntries: org.apache.ratis.thirdparty.io.grpc.StatusRuntimeException: UNAVAILABLE: io exception
2021-01-18 07:23:00,406 [grpc-default-executor-0] WARN  server.GrpcLogAppender (GrpcLogAppender.java:resetClient(111)) - omNode-1@group-523986131536->omNode-3-GrpcLogAppender: Leader has not got in touch with Follower omNode-1@group-523986131536->omNode-3(c-1,m0,n1, attendVote=true, lastRpcSendTime=1, lastRpcResponseTime=20362) yet, just keep nextIndex unchanged and retry.
2021-01-18 07:23:00,838 [Listener at 127.0.0.1/13796] INFO  http.BaseHttpServer (BaseHttpServer.java:updateConnectorAddress(327)) - HTTP server of hddsDatanode listening at http://0.0.0.0:46007
2021-01-18 07:23:00,840 [Listener at 127.0.0.1/13796] INFO  ozone.MiniOzoneClusterImpl (MiniOzoneClusterImpl.java:lambda$waitForClusterToBeReady$0(179)) - Waiting for nodes to be ready. Got 2 of 3 DN Heartbeats.
2021-01-18 07:23:00,840 [Listener at 127.0.0.1/13796] INFO  ozone.MiniOzoneClusterImpl (MiniOzoneClusterImpl.java:lambda$waitForClusterToBeReady$0(182)) - Waiting for cluster to exit safe mode
2021-01-18 07:23:00,852 [Datanode State Machine Task Thread - 0] INFO  datanode.InitDatanodeState (InitDatanodeState.java:persistContainerDatanodeDetails(145)) - DatanodeDetails is persisted to /github/workspace/mnt/ozone/hadoop-ozone/integration-test/target/test-dir/MiniOzoneClusterImpl-31fb86ba-d539-4b3f-b864-a30db12016a3/datanode-2/meta/datanode.id
2021-01-18 07:23:00,852 [org.apache.hadoop.util.JvmPauseMonitor$Monitor@34b5df51] INFO  util.JvmPauseMonitor (JvmPauseMonitor.java:run(188)) - Starting JVM pause monitor
2021-01-18 07:23:00,905 [grpc-default-executor-0] WARN  server.GrpcLogAppender (LogUtils.java:warn(122)) - omNode-1@group-523986131536->omNode-3-AppendLogResponseHandler: Failed appendEntries: org.apache.ratis.thirdparty.io.grpc.StatusRuntimeException: UNAVAILABLE: io exception
2021-01-18 07:23:00,906 [grpc-default-executor-0] WARN  server.GrpcLogAppender (GrpcLogAppender.java:resetClient(111)) - omNode-1@group-523986131536->omNode-3-GrpcLogAppender: Leader has not got in touch with Follower omNode-1@group-523986131536->omNode-3(c-1,m0,n1, attendVote=true, lastRpcSendTime=0, lastRpcResponseTime=20862) yet, just keep nextIndex unchanged and retry.
2021-01-18 07:23:01,215 [EventQueue-PipelineReportForOneReplicaPipelineSafeModeRule] INFO  safemode.SCMSafeModeManager (SCMSafeModeManager.java:validateSafeModeExitRules(214)) - AtleastOneDatanodeReportedRule rule is successfully validated
2021-01-18 07:23:01,215 [EventQueue-OpenPipelineForHealthyPipelineSafeModeRule] INFO  safemode.SCMSafeModeManager (HealthyPipelineSafeModeRule.java:process(128)) - SCM in safe mode. Healthy pipelines reported count is 0, required healthy pipeline reported count is 1
2021-01-18 07:23:01,405 [grpc-default-executor-0] WARN  server.GrpcLogAppender (LogUtils.java:warn(122)) - omNode-1@group-523986131536->omNode-3-AppendLogResponseHandler: Failed appendEntries: org.apache.ratis.thirdparty.io.grpc.StatusRuntimeException: UNAVAILABLE: io exception
2021-01-18 07:23:01,406 [grpc-default-executor-0] WARN  server.GrpcLogAppender (GrpcLogAppender.java:resetClient(111)) - omNode-1@group-523986131536->omNode-3-GrpcLogAppender: Leader has not got in touch with Follower omNode-1@group-523986131536->omNode-3(c-1,m0,n1, attendVote=true, lastRpcSendTime=0, lastRpcResponseTime=21362) yet, just keep nextIndex unchanged and retry.
2021-01-18 07:23:01,840 [Listener at 127.0.0.1/13796] INFO  ozone.MiniOzoneClusterImpl (MiniOzoneClusterImpl.java:lambda$waitForClusterToBeReady$0(179)) - Waiting for nodes to be ready. Got 2 of 3 DN Heartbeats.
2021-01-18 07:23:01,840 [Listener at 127.0.0.1/13796] INFO  ozone.MiniOzoneClusterImpl (MiniOzoneClusterImpl.java:lambda$waitForClusterToBeReady$0(182)) - Waiting for cluster to exit safe mode
2021-01-18 07:23:01,906 [grpc-default-executor-0] WARN  server.GrpcLogAppender (LogUtils.java:warn(122)) - omNode-1@group-523986131536->omNode-3-AppendLogResponseHandler: Failed appendEntries: org.apache.ratis.thirdparty.io.grpc.StatusRuntimeException: UNAVAILABLE: io exception
2021-01-18 07:23:01,907 [grpc-default-executor-0] WARN  server.GrpcLogAppender (GrpcLogAppender.java:resetClient(111)) - omNode-1@group-523986131536->omNode-3-GrpcLogAppender: Leader has not got in touch with Follower omNode-1@group-523986131536->omNode-3(c-1,m0,n1, attendVote=true, lastRpcSendTime=0, lastRpcResponseTime=21863) yet, just keep nextIndex unchanged and retry.
2021-01-18 07:23:02,215 [EventQueue-PipelineReportForOneReplicaPipelineSafeModeRule] INFO  safemode.SCMSafeModeManager (SCMSafeModeManager.java:validateSafeModeExitRules(214)) - AtleastOneDatanodeReportedRule rule is successfully validated
2021-01-18 07:23:02,215 [EventQueue-OpenPipelineForHealthyPipelineSafeModeRule] INFO  safemode.SCMSafeModeManager (HealthyPipelineSafeModeRule.java:process(128)) - SCM in safe mode. Healthy pipelines reported count is 0, required healthy pipeline reported count is 1
2021-01-18 07:23:02,277 [Thread-275] INFO  impl.FollowerState (FollowerState.java:run(133)) - f0d6c3f1-3e1c-4709-8909-543e2e55c827@group-3ED4659B23B2-FollowerState: change to CANDIDATE, lastRpcElapsedTime:5026690173ns, electionTimeout:5014ms
2021-01-18 07:23:02,278 [Thread-275] INFO  impl.RoleInfo (RoleInfo.java:shutdownFollowerState(108)) - f0d6c3f1-3e1c-4709-8909-543e2e55c827: shutdown f0d6c3f1-3e1c-4709-8909-543e2e55c827@group-3ED4659B23B2-FollowerState
2021-01-18 07:23:02,278 [Thread-275] INFO  server.RaftServer$Division (RaftServerImpl.java:setRole(283)) - f0d6c3f1-3e1c-4709-8909-543e2e55c827@group-3ED4659B23B2: changes role from  FOLLOWER to CANDIDATE at term 0 for changeToCandidate
2021-01-18 07:23:02,278 [Thread-275] INFO  impl.RoleInfo (RoleInfo.java:updateAndGet(130)) - f0d6c3f1-3e1c-4709-8909-543e2e55c827: start f0d6c3f1-3e1c-4709-8909-543e2e55c827@group-3ED4659B23B2-LeaderElection4
2021-01-18 07:23:02,285 [f0d6c3f1-3e1c-4709-8909-543e2e55c827@group-3ED4659B23B2-LeaderElection4] INFO  impl.LeaderElection (LeaderElection.java:askForPreVotes(259)) - f0d6c3f1-3e1c-4709-8909-543e2e55c827@group-3ED4659B23B2-LeaderElection4: begin a pre-vote at term 0 for -1: [f0d6c3f1-3e1c-4709-8909-543e2e55c827|rpc:172.17.0.2:44583|priority:1], old=null
2021-01-18 07:23:02,285 [f0d6c3f1-3e1c-4709-8909-543e2e55c827@group-3ED4659B23B2-LeaderElection4] INFO  impl.LeaderElection (LeaderElection.java:askForPreVotes(261)) - f0d6c3f1-3e1c-4709-8909-543e2e55c827@group-3ED4659B23B2-LeaderElection4 pre-vote result is PASSED.
2021-01-18 07:23:02,293 [f0d6c3f1-3e1c-4709-8909-543e2e55c827@group-3ED4659B23B2-LeaderElection4] INFO  impl.LeaderElection (LeaderElection.java:askForVotes(308)) - f0d6c3f1-3e1c-4709-8909-543e2e55c827@group-3ED4659B23B2-LeaderElection4: begin an election at term 1 for -1: [f0d6c3f1-3e1c-4709-8909-543e2e55c827|rpc:172.17.0.2:44583|priority:1], old=null
2021-01-18 07:23:02,293 [f0d6c3f1-3e1c-4709-8909-543e2e55c827@group-3ED4659B23B2-LeaderElection4] INFO  impl.RoleInfo (RoleInfo.java:shutdownLeaderElection(121)) - f0d6c3f1-3e1c-4709-8909-543e2e55c827: shutdown f0d6c3f1-3e1c-4709-8909-543e2e55c827@group-3ED4659B23B2-LeaderElection4
2021-01-18 07:23:02,294 [f0d6c3f1-3e1c-4709-8909-543e2e55c827@group-3ED4659B23B2-LeaderElection4] INFO  server.RaftServer$Division (RaftServerImpl.java:setRole(283)) - f0d6c3f1-3e1c-4709-8909-543e2e55c827@group-3ED4659B23B2: changes role from CANDIDATE to LEADER at term 1 for changeToLeader
2021-01-18 07:23:02,294 [f0d6c3f1-3e1c-4709-8909-543e2e55c827@group-3ED4659B23B2-LeaderElection4] INFO  ratis.XceiverServerRatis (XceiverServerRatis.java:handleLeaderChangedNotification(868)) - Leader change notification received for group: group-3ED4659B23B2 with new leaderId: f0d6c3f1-3e1c-4709-8909-543e2e55c827
2021-01-18 07:23:02,295 [f0d6c3f1-3e1c-4709-8909-543e2e55c827@group-3ED4659B23B2-LeaderElection4] INFO  server.RaftServer$Division (ServerState.java:setLeader(249)) - f0d6c3f1-3e1c-4709-8909-543e2e55c827@group-3ED4659B23B2: change Leader from null to f0d6c3f1-3e1c-4709-8909-543e2e55c827 at term 1 for becomeLeader, leader elected after 5071ms
2021-01-18 07:23:02,295 [f0d6c3f1-3e1c-4709-8909-543e2e55c827@group-3ED4659B23B2-LeaderElection4] INFO  server.RaftServerConfigKeys (ConfUtils.java:logGet(44)) - raft.server.staging.catchup.gap = 1000 (default)
2021-01-18 07:23:02,295 [f0d6c3f1-3e1c-4709-8909-543e2e55c827@group-3ED4659B23B2-LeaderElection4] INFO  metrics.RatisMetrics (RatisMetrics.java:lambda$create$0(36)) - Creating Metrics Registry : ratis.log_appender.f0d6c3f1-3e1c-4709-8909-543e2e55c827@group-3ED4659B23B2
2021-01-18 07:23:02,295 [f0d6c3f1-3e1c-4709-8909-543e2e55c827@group-3ED4659B23B2-LeaderElection4] INFO  server.RaftServerConfigKeys (ConfUtils.java:logGet(44)) - raft.server.write.element-limit = 1024 (custom)
2021-01-18 07:23:02,301 [f0d6c3f1-3e1c-4709-8909-543e2e55c827@group-3ED4659B23B2-LeaderElection4] INFO  server.RaftServerConfigKeys (ConfUtils.java:logGet(44)) - raft.server.write.byte-limit = 1073741824 (custom)
2021-01-18 07:23:02,302 [f0d6c3f1-3e1c-4709-8909-543e2e55c827@group-3ED4659B23B2-LeaderElection4] INFO  server.RaftServerConfigKeys (ConfUtils.java:logGet(44)) - raft.server.watch.timeout = 180s (custom)
2021-01-18 07:23:02,304 [f0d6c3f1-3e1c-4709-8909-543e2e55c827@group-3ED4659B23B2-LeaderElection4] INFO  server.RaftServerConfigKeys (ConfUtils.java:logGet(44)) - raft.server.watch.timeout.denomination = 1s (default)
2021-01-18 07:23:02,304 [f0d6c3f1-3e1c-4709-8909-543e2e55c827@group-3ED4659B23B2-LeaderElection4] INFO  server.RaftServerConfigKeys (ConfUtils.java:logGet(44)) - raft.server.watch.element-limit = 65536 (default)
2021-01-18 07:23:02,304 [f0d6c3f1-3e1c-4709-8909-543e2e55c827@group-3ED4659B23B2-LeaderElection4] INFO  impl.RoleInfo (RoleInfo.java:updateAndGet(130)) - f0d6c3f1-3e1c-4709-8909-543e2e55c827: start f0d6c3f1-3e1c-4709-8909-543e2e55c827@group-3ED4659B23B2-LeaderStateImpl
2021-01-18 07:23:02,305 [f0d6c3f1-3e1c-4709-8909-543e2e55c827@group-3ED4659B23B2-LeaderElection4] INFO  segmented.SegmentedRaftLogWorker (SegmentedRaftLogWorker.java:startLogSegment(392)) - f0d6c3f1-3e1c-4709-8909-543e2e55c827@group-3ED4659B23B2-SegmentedRaftLogWorker: Starting segment from index:0
2021-01-18 07:23:02,306 [f0d6c3f1-3e1c-4709-8909-543e2e55c827@group-3ED4659B23B2-SegmentedRaftLogWorker] INFO  segmented.SegmentedRaftLogWorker (SegmentedRaftLogWorker.java:execute(599)) - f0d6c3f1-3e1c-4709-8909-543e2e55c827@group-3ED4659B23B2-SegmentedRaftLogWorker: created new log segment /github/workspace/mnt/ozone/hadoop-ozone/integration-test/target/test-dir/MiniOzoneClusterImpl-31fb86ba-d539-4b3f-b864-a30db12016a3/datanode-0/data/ratis/c80f8d4f-021f-4af7-8413-3ed4659b23b2/current/log_inprogress_0
2021-01-18 07:23:02,313 [f0d6c3f1-3e1c-4709-8909-543e2e55c827@group-3ED4659B23B2-LeaderElection4] INFO  server.RaftServer$Division (ServerState.java:setRaftConf(368)) - f0d6c3f1-3e1c-4709-8909-543e2e55c827@group-3ED4659B23B2: set configuration 0: [f0d6c3f1-3e1c-4709-8909-543e2e55c827|rpc:172.17.0.2:44583|dataStream:|priority:1], old=null
2021-01-18 07:23:02,315 [EventQueue-PipelineReportForOneReplicaPipelineSafeModeRule] INFO  safemode.SCMSafeModeManager (SCMSafeModeManager.java:validateSafeModeExitRules(214)) - AtleastOneDatanodeReportedRule rule is successfully validated
2021-01-18 07:23:02,315 [EventQueue-OpenPipelineForHealthyPipelineSafeModeRule] INFO  safemode.SCMSafeModeManager (HealthyPipelineSafeModeRule.java:process(128)) - SCM in safe mode. Healthy pipelines reported count is 0, required healthy pipeline reported count is 1
2021-01-18 07:23:02,406 [grpc-default-executor-0] WARN  server.GrpcLogAppender (LogUtils.java:warn(122)) - omNode-1@group-523986131536->omNode-3-AppendLogResponseHandler: Failed appendEntries: org.apache.ratis.thirdparty.io.grpc.StatusRuntimeException: UNAVAILABLE: io exception
2021-01-18 07:23:02,407 [grpc-default-executor-0] WARN  server.GrpcLogAppender (GrpcLogAppender.java:resetClient(111)) - omNode-1@group-523986131536->omNode-3-GrpcLogAppender: Leader has not got in touch with Follower omNode-1@group-523986131536->omNode-3(c-1,m0,n1, attendVote=true, lastRpcSendTime=501, lastRpcResponseTime=22363) yet, just keep nextIndex unchanged and retry.
2021-01-18 07:23:02,611 [Command processor thread] INFO  server.RaftServer (RaftServerProxy.java:addNew(95)) - 82d7d2f8-b8a6-49fb-a52d-45f65ec50674: addNew group-2E23C8BD3B75:[82d7d2f8-b8a6-49fb-a52d-45f65ec50674|rpc:172.17.0.2:35527|priority:1] returns group-2E23C8BD3B75:java.util.concurrent.CompletableFuture@6817ebd9[Not completed]
2021-01-18 07:23:02,619 [pool-82-thread-1] INFO  server.RaftServer$Division (RaftServerImpl.java:<init>(179)) - 82d7d2f8-b8a6-49fb-a52d-45f65ec50674: new RaftServerImpl for group-2E23C8BD3B75:[82d7d2f8-b8a6-49fb-a52d-45f65ec50674|rpc:172.17.0.2:35527|priority:1] with ContainerStateMachine:uninitialized
2021-01-18 07:23:02,621 [pool-82-thread-1] INFO  server.RaftServerConfigKeys (ConfUtils.java:logGet(44)) - raft.server.rpc.timeout.min = 5s (custom)
2021-01-18 07:23:02,621 [pool-82-thread-1] INFO  server.RaftServerConfigKeys (ConfUtils.java:logGet(44)) - raft.server.rpc.timeout.max = 5200ms (custom)
2021-01-18 07:23:02,621 [pool-82-thread-1] INFO  server.RaftServerConfigKeys (ConfUtils.java:logGet(44)) - raft.server.rpc.sleep.time = 25ms (default)
2021-01-18 07:23:02,621 [pool-82-thread-1] INFO  server.RaftServerConfigKeys (ConfUtils.java:logGet(44)) - raft.server.rpc.slowness.timeout = 300s (custom)
2021-01-18 07:23:02,621 [pool-82-thread-1] INFO  server.RaftServerConfigKeys (ConfUtils.java:logGet(44)) - raft.server.leaderelection.leader.step-down.wait-time = 10s (default)
2021-01-18 07:23:02,621 [pool-82-thread-1] INFO  server.RaftServerConfigKeys (ConfUtils.java:logGet(44)) - raft.server.sleep.deviation.threshold = 300ms (default)
2021-01-18 07:23:02,621 [pool-82-thread-1] INFO  server.RaftServerConfigKeys (ConfUtils.java:logGet(44)) - raft.server.log.appender.install.snapshot.enabled = false (custom)
2021-01-18 07:23:02,622 [pool-82-thread-1] INFO  server.RaftServer$Division (ServerState.java:<init>(103)) - 82d7d2f8-b8a6-49fb-a52d-45f65ec50674@group-2E23C8BD3B75: ConfigurationManager, init=-1: [82d7d2f8-b8a6-49fb-a52d-45f65ec50674|rpc:172.17.0.2:35527|priority:1], old=null, confs=<EMPTY_MAP>
2021-01-18 07:23:02,622 [pool-82-thread-1] INFO  server.RaftServerConfigKeys (ConfUtils.java:logGet(44)) - raft.server.storage.dir = [/github/workspace/mnt/ozone/hadoop-ozone/integration-test/target/test-dir/MiniOzoneClusterImpl-31fb86ba-d539-4b3f-b864-a30db12016a3/datanode-1/data/ratis] (custom)
2021-01-18 07:23:02,622 [pool-82-thread-1] INFO  server.RaftServerConfigKeys (ConfUtils.java:logGet(44)) - raft.server.log.corruption.policy = EXCEPTION (default)
2021-01-18 07:23:02,622 [pool-82-thread-1] INFO  storage.RaftStorageDirectory (RaftStorageDirectoryImpl.java:analyzeStorage(132)) - The storage directory /github/workspace/mnt/ozone/hadoop-ozone/integration-test/target/test-dir/MiniOzoneClusterImpl-31fb86ba-d539-4b3f-b864-a30db12016a3/datanode-1/data/ratis/bc6a37fc-816f-4177-8d5c-2e23c8bd3b75 does not exist. Creating ...
2021-01-18 07:23:02,629 [pool-82-thread-1] INFO  storage.RaftStorageDirectory (RaftStorageDirectoryImpl.java:tryLock(215)) - Lock on /github/workspace/mnt/ozone/hadoop-ozone/integration-test/target/test-dir/MiniOzoneClusterImpl-31fb86ba-d539-4b3f-b864-a30db12016a3/datanode-1/data/ratis/bc6a37fc-816f-4177-8d5c-2e23c8bd3b75/in_use.lock acquired by nodename 14213@c4357192f866
2021-01-18 07:23:02,630 [pool-82-thread-1] INFO  storage.RaftStorage (RaftStorageImpl.java:format(87)) - Storage directory /github/workspace/mnt/ozone/hadoop-ozone/integration-test/target/test-dir/MiniOzoneClusterImpl-31fb86ba-d539-4b3f-b864-a30db12016a3/datanode-1/data/ratis/bc6a37fc-816f-4177-8d5c-2e23c8bd3b75 has been successfully formatted.
2021-01-18 07:23:02,630 [pool-82-thread-1] INFO  ratis.ContainerStateMachine (ContainerStateMachine.java:loadSnapshot(223)) - group-2E23C8BD3B75: The snapshot info is null. Setting the last applied indexto:(t:0, i:~)
2021-01-18 07:23:02,630 [pool-82-thread-1] ERROR storage.RaftStorage (RaftStorageImpl.java:readRaftConfiguration(147)) - Failed reading configuration from file:/github/workspace/mnt/ozone/hadoop-ozone/integration-test/target/test-dir/MiniOzoneClusterImpl-31fb86ba-d539-4b3f-b864-a30db12016a3/datanode-1/data/ratis/bc6a37fc-816f-4177-8d5c-2e23c8bd3b75/current/raft-meta.conf
java.io.FileNotFoundException: /github/workspace/mnt/ozone/hadoop-ozone/integration-test/target/test-dir/MiniOzoneClusterImpl-31fb86ba-d539-4b3f-b864-a30db12016a3/datanode-1/data/ratis/bc6a37fc-816f-4177-8d5c-2e23c8bd3b75/current/raft-meta.conf (No such file or directory)
	at java.io.FileInputStream.open0(Native Method)
	at java.io.FileInputStream.open(FileInputStream.java:195)
	at java.io.FileInputStream.<init>(FileInputStream.java:138)
	at org.apache.ratis.server.storage.RaftStorageImpl.readRaftConfiguration(RaftStorageImpl.java:143)
	at org.apache.ratis.server.impl.ServerState.<init>(ServerState.java:113)
	at org.apache.ratis.server.impl.RaftServerImpl.<init>(RaftServerImpl.java:192)
	at org.apache.ratis.server.impl.RaftServerProxy.lambda$newRaftServerImpl$4(RaftServerProxy.java:266)
	at java.util.concurrent.CompletableFuture$AsyncSupply.run(CompletableFuture.java:1604)
	at java.util.concurrent.ThreadPoolExecutor.runWorker(ThreadPoolExecutor.java:1149)
	at java.util.concurrent.ThreadPoolExecutor$Worker.run(ThreadPoolExecutor.java:624)
	at java.lang.Thread.run(Thread.java:748)
2021-01-18 07:23:02,630 [pool-82-thread-1] INFO  server.RaftServerConfigKeys (ConfUtils.java:logGet(44)) - raft.server.notification.no-leader.timeout = 300s (custom)
2021-01-18 07:23:02,630 [pool-82-thread-1] INFO  server.RaftServerConfigKeys (ConfUtils.java:logGet(44)) - raft.server.log.use.memory = false (default)
2021-01-18 07:23:02,630 [pool-82-thread-1] INFO  server.RaftServerConfigKeys (ConfUtils.java:logGet(44)) - raft.server.log.purge.gap = 1000000 (custom)
2021-01-18 07:23:02,630 [pool-82-thread-1] INFO  server.RaftServerConfigKeys (ConfUtils.java:logGet(44)) - raft.server.log.appender.buffer.byte-limit = 33554432 (custom)
2021-01-18 07:23:02,631 [pool-82-thread-1] INFO  metrics.RatisMetrics (RatisMetrics.java:lambda$create$0(36)) - Creating Metrics Registry : ratis.log_worker.82d7d2f8-b8a6-49fb-a52d-45f65ec50674@group-2E23C8BD3B75
2021-01-18 07:23:02,631 [pool-82-thread-1] INFO  server.RaftServerConfigKeys (ConfUtils.java:logGet(44)) - raft.server.log.segment.size.max = 1048576 (custom)
2021-01-18 07:23:02,632 [EventQueue-PipelineReportForPipelineReportHandler] INFO  pipeline.PipelineStateManager (PipelineStateManager.java:openPipeline(132)) - Pipeline Pipeline[ Id: bc6a37fc-816f-4177-8d5c-2e23c8bd3b75, Nodes: 82d7d2f8-b8a6-49fb-a52d-45f65ec50674{ip: 172.17.0.2, host: c4357192f866, networkLocation: /default-rack, certSerialId: null, persistedOpState: IN_SERVICE, persistedOpStateExpiryEpochSec: 0}, Type:RATIS, Factor:ONE, State:ALLOCATED, leaderId:82d7d2f8-b8a6-49fb-a52d-45f65ec50674, CreationTimestamp2021-01-18T07:22:59.616Z] moved to OPEN state
2021-01-18 07:23:02,632 [pool-82-thread-1] INFO  server.RaftServerConfigKeys (ConfUtils.java:logGet(44)) - raft.server.log.segment.cache.num.max = 2 (custom)
2021-01-18 07:23:02,632 [pool-82-thread-1] INFO  server.RaftServerConfigKeys (ConfUtils.java:logGet(44)) - raft.server.log.segment.cache.size.max = 200MB (=209715200) (default)
2021-01-18 07:23:02,632 [pool-82-thread-1] INFO  segmented.SegmentedRaftLogWorker (SegmentedRaftLogWorker.java:<init>(181)) - new 82d7d2f8-b8a6-49fb-a52d-45f65ec50674@group-2E23C8BD3B75-SegmentedRaftLogWorker for RaftStorageImpl:Storage Directory /github/workspace/mnt/ozone/hadoop-ozone/integration-test/target/test-dir/MiniOzoneClusterImpl-31fb86ba-d539-4b3f-b864-a30db12016a3/datanode-1/data/ratis/bc6a37fc-816f-4177-8d5c-2e23c8bd3b75
2021-01-18 07:23:02,632 [pool-82-thread-1] INFO  server.RaftServerConfigKeys (ConfUtils.java:logGet(44)) - raft.server.log.queue.byte-limit = 2147483647 (custom)
2021-01-18 07:23:02,632 [pool-82-thread-1] INFO  server.RaftServerConfigKeys (ConfUtils.java:logGet(44)) - raft.server.log.queue.element-limit = 1024 (custom)
2021-01-18 07:23:02,632 [pool-82-thread-1] INFO  server.RaftServerConfigKeys (ConfUtils.java:logGet(44)) - raft.server.log.segment.size.max = 1048576 (custom)
2021-01-18 07:23:02,632 [pool-82-thread-1] INFO  server.RaftServerConfigKeys (ConfUtils.java:logGet(44)) - raft.server.log.preallocated.size = 16384 (custom)
2021-01-18 07:23:02,632 [pool-82-thread-1] INFO  server.RaftServerConfigKeys (ConfUtils.java:logGet(44)) - raft.server.log.force.sync.num = 128 (default)
2021-01-18 07:23:02,632 [EventQueue-PipelineReportForOneReplicaPipelineSafeModeRule] INFO  safemode.SCMSafeModeManager (SCMSafeModeManager.java:validateSafeModeExitRules(214)) - AtleastOneDatanodeReportedRule rule is successfully validated
2021-01-18 07:23:02,632 [pool-82-thread-1] INFO  server.RaftServerConfigKeys (ConfUtils.java:logGet(44)) - raft.server.log.statemachine.data.sync = true (default)
2021-01-18 07:23:02,636 [pool-82-thread-1] INFO  server.RaftServerConfigKeys (ConfUtils.java:logGet(44)) - raft.server.log.statemachine.data.sync.timeout = 10s (default)
2021-01-18 07:23:02,636 [pool-82-thread-1] INFO  server.RaftServerConfigKeys (ConfUtils.java:logGet(44)) - raft.server.log.statemachine.data.sync.timeout.retry = -1 (default)
2021-01-18 07:23:02,632 [EventQueue-OpenPipelineForHealthyPipelineSafeModeRule] INFO  safemode.SCMSafeModeManager (HealthyPipelineSafeModeRule.java:process(128)) - SCM in safe mode. Healthy pipelines reported count is 0, required healthy pipeline reported count is 1
2021-01-18 07:23:02,637 [pool-82-thread-1] INFO  server.RaftServerConfigKeys (ConfUtils.java:logGet(44)) - raft.server.log.write.buffer.size = 1048576 (custom)
2021-01-18 07:23:02,637 [pool-82-thread-1] INFO  server.RaftServerConfigKeys (ConfUtils.java:logGet(44)) - raft.server.log.statemachine.data.caching.enabled = true (custom)
2021-01-18 07:23:02,637 [pool-82-thread-1] INFO  segmented.SegmentedRaftLogWorker (SegmentedRaftLogWorker.java:lambda$new$0(132)) - 82d7d2f8-b8a6-49fb-a52d-45f65ec50674@group-2E23C8BD3B75-SegmentedRaftLogWorker: flushIndex: setUnconditionally 0 -> -1
2021-01-18 07:23:02,637 [pool-82-thread-1] INFO  segmented.SegmentedRaftLogWorker (SegmentedRaftLogWorker.java:lambda$new$0(132)) - 82d7d2f8-b8a6-49fb-a52d-45f65ec50674@group-2E23C8BD3B75-SegmentedRaftLogWorker: safeCacheEvictIndex: setUnconditionally 0 -> -1
2021-01-18 07:23:02,645 [pool-82-thread-1] INFO  server.RaftServerConfigKeys (ConfUtils.java:logGet(44)) - raft.server.snapshot.auto.trigger.enabled = true (custom)
2021-01-18 07:23:02,645 [pool-82-thread-1] INFO  server.RaftServerConfigKeys (ConfUtils.java:logGet(44)) - raft.server.snapshot.auto.trigger.threshold = 10000 (custom)
2021-01-18 07:23:02,645 [pool-82-thread-1] INFO  server.RaftServerConfigKeys (ConfUtils.java:logGet(44)) - raft.server.snapshot.retention.file.num = 5 (custom)
2021-01-18 07:23:02,645 [pool-82-thread-1] INFO  server.RaftServerConfigKeys (ConfUtils.java:logGet(44)) - raft.server.log.purge.upto.snapshot.index = false (default)
2021-01-18 07:23:02,645 [pool-82-thread-1] INFO  server.RaftServerConfigKeys (ConfUtils.java:logGet(44)) - raft.server.retrycache.expirytime = 600000ms (custom)
2021-01-18 07:23:02,645 [pool-82-thread-1] INFO  server.RaftServerConfigKeys (ConfUtils.java:logGet(44)) - raft.server.retrycache.statistics.expirytime = 100?s (default)
2021-01-18 07:23:02,645 [pool-82-thread-1] INFO  metrics.RatisMetrics (RatisMetrics.java:lambda$create$0(36)) - Creating Metrics Registry : ratis.leader_election.82d7d2f8-b8a6-49fb-a52d-45f65ec50674@group-2E23C8BD3B75
2021-01-18 07:23:02,646 [pool-82-thread-1] INFO  metrics.RatisMetrics (RatisMetrics.java:lambda$create$0(36)) - Creating Metrics Registry : ratis.server.82d7d2f8-b8a6-49fb-a52d-45f65ec50674@group-2E23C8BD3B75
2021-01-18 07:23:02,647 [pool-82-thread-1] INFO  server.RaftServer$Division (RaftServerImpl.java:start(294)) - 82d7d2f8-b8a6-49fb-a52d-45f65ec50674@group-2E23C8BD3B75: start as a follower, conf=-1: [82d7d2f8-b8a6-49fb-a52d-45f65ec50674|rpc:172.17.0.2:35527|priority:1], old=null
2021-01-18 07:23:02,647 [pool-82-thread-1] INFO  server.RaftServer$Division (RaftServerImpl.java:setRole(283)) - 82d7d2f8-b8a6-49fb-a52d-45f65ec50674@group-2E23C8BD3B75: changes role from      null to FOLLOWER at term 0 for startAsFollower
2021-01-18 07:23:02,647 [pool-82-thread-1] INFO  impl.RoleInfo (RoleInfo.java:updateAndGet(130)) - 82d7d2f8-b8a6-49fb-a52d-45f65ec50674: start 82d7d2f8-b8a6-49fb-a52d-45f65ec50674@group-2E23C8BD3B75-FollowerState
2021-01-18 07:23:02,650 [pool-82-thread-1] INFO  util.JmxRegister (JmxRegister.java:tryRegister(44)) - Successfully registered JMX Bean with object name Ratis:service=RaftServer,group=group-2E23C8BD3B75,id=82d7d2f8-b8a6-49fb-a52d-45f65ec50674
2021-01-18 07:23:02,650 [pool-82-thread-1] INFO  metrics.RatisMetrics (RatisMetrics.java:lambda$create$0(36)) - Creating Metrics Registry : ratis.state_machine.82d7d2f8-b8a6-49fb-a52d-45f65ec50674@group-2E23C8BD3B75
2021-01-18 07:23:02,653 [Command processor thread] INFO  commandhandler.CreatePipelineCommandHandler (CreatePipelineCommandHandler.java:handle(106)) - Created Pipeline RATIS ONE PipelineID=bc6a37fc-816f-4177-8d5c-2e23c8bd3b75.
2021-01-18 07:23:02,841 [Listener at 127.0.0.1/13796] INFO  ozone.MiniOzoneClusterImpl (MiniOzoneClusterImpl.java:lambda$waitForClusterToBeReady$0(179)) - Waiting for nodes to be ready. Got 2 of 3 DN Heartbeats.
2021-01-18 07:23:02,841 [Listener at 127.0.0.1/13796] INFO  ozone.MiniOzoneClusterImpl (MiniOzoneClusterImpl.java:lambda$waitForClusterToBeReady$0(182)) - Waiting for cluster to exit safe mode
2021-01-18 07:23:02,854 [EndpointStateMachine task thread for /0.0.0.0:39571 - 0 ] INFO  ozoneimpl.OzoneContainer (OzoneContainer.java:start(255)) - Attempting to start container services.
2021-01-18 07:23:02,854 [EndpointStateMachine task thread for /0.0.0.0:39571 - 0 ] INFO  ozoneimpl.OzoneContainer (OzoneContainer.java:startContainerScrub(219)) - Background container scanner has been disabled.
2021-01-18 07:23:02,855 [EndpointStateMachine task thread for /0.0.0.0:39571 - 0 ] INFO  replication.ReplicationServer (ReplicationServer.java:start(111)) - ReplicationServer is started using port 44651
2021-01-18 07:23:02,855 [EndpointStateMachine task thread for /0.0.0.0:39571 - 0 ] INFO  ratis.XceiverServerRatis (XceiverServerRatis.java:start(455)) - Starting XceiverServerRatis 4c7fc10d-533a-48df-9dd5-d11737eac487 at port 0
2021-01-18 07:23:02,856 [EndpointStateMachine task thread for /0.0.0.0:39571 - 0 ] INFO  server.RaftServer (RaftServerProxy.java:lambda$start$5(372)) - 4c7fc10d-533a-48df-9dd5-d11737eac487: start RPC server
2021-01-18 07:23:02,856 [EndpointStateMachine task thread for /0.0.0.0:39571 - 0 ] INFO  server.GrpcService (GrpcService.java:startImpl(176)) - 4c7fc10d-533a-48df-9dd5-d11737eac487: GrpcService started, listening on 0.0.0.0/0.0.0.0:38871
2021-01-18 07:23:02,857 [EndpointStateMachine task thread for /0.0.0.0:39571 - 0 ] INFO  ratis.XceiverServerRatis (XceiverServerRatis.java:start(467)) - XceiverServerRatis 4c7fc10d-533a-48df-9dd5-d11737eac487 is started using port 38871
2021-01-18 07:23:02,857 [EndpointStateMachine task thread for /0.0.0.0:39571 - 0 ] INFO  server.XceiverServerGrpc (XceiverServerGrpc.java:start(139)) - XceiverServerGrpc 4c7fc10d-533a-48df-9dd5-d11737eac487 is started using port 35383
2021-01-18 07:23:02,861 [org.apache.ratis.util.JvmPauseMonitor$$Lambda$305/1979302296@7acff48d] INFO  util.JvmPauseMonitor (JvmPauseMonitor.java:run(103)) - JvmPauseMonitor-4c7fc10d-533a-48df-9dd5-d11737eac487: Started
2021-01-18 07:23:02,908 [grpc-default-executor-0] WARN  server.GrpcLogAppender (LogUtils.java:warn(122)) - omNode-1@group-523986131536->omNode-3-AppendLogResponseHandler: Failed appendEntries: org.apache.ratis.thirdparty.io.grpc.StatusRuntimeException: UNAVAILABLE: io exception
2021-01-18 07:23:02,908 [grpc-default-executor-0] WARN  server.GrpcLogAppender (GrpcLogAppender.java:resetClient(111)) - omNode-1@group-523986131536->omNode-3-GrpcLogAppender: Leader has not got in touch with Follower omNode-1@group-523986131536->omNode-3(c-1,m0,n1, attendVote=true, lastRpcSendTime=0, lastRpcResponseTime=22864) yet, just keep nextIndex unchanged and retry.
2021-01-18 07:23:03,297 [EventQueue-PipelineReportForOneReplicaPipelineSafeModeRule] INFO  safemode.SCMSafeModeManager (SCMSafeModeManager.java:validateSafeModeExitRules(214)) - AtleastOneDatanodeReportedRule rule is successfully validated
2021-01-18 07:23:03,297 [EventQueue-OpenPipelineForHealthyPipelineSafeModeRule] INFO  safemode.SCMSafeModeManager (HealthyPipelineSafeModeRule.java:process(128)) - SCM in safe mode. Healthy pipelines reported count is 0, required healthy pipeline reported count is 1
2021-01-18 07:23:03,408 [grpc-default-executor-0] WARN  server.GrpcLogAppender (LogUtils.java:warn(122)) - omNode-1@group-523986131536->omNode-3-AppendLogResponseHandler: Failed appendEntries: org.apache.ratis.thirdparty.io.grpc.StatusRuntimeException: UNAVAILABLE: io exception
2021-01-18 07:23:03,409 [grpc-default-executor-0] WARN  server.GrpcLogAppender (GrpcLogAppender.java:resetClient(111)) - omNode-1@group-523986131536->omNode-3-GrpcLogAppender: Leader has not got in touch with Follower omNode-1@group-523986131536->omNode-3(c-1,m0,n1, attendVote=true, lastRpcSendTime=0, lastRpcResponseTime=23365) yet, just keep nextIndex unchanged and retry.
2021-01-18 07:23:03,634 [EventQueue-PipelineReportForOneReplicaPipelineSafeModeRule] INFO  safemode.SCMSafeModeManager (SCMSafeModeManager.java:validateSafeModeExitRules(214)) - AtleastOneDatanodeReportedRule rule is successfully validated
2021-01-18 07:23:03,634 [EventQueue-OpenPipelineForHealthyPipelineSafeModeRule] INFO  safemode.SCMSafeModeManager (HealthyPipelineSafeModeRule.java:process(128)) - SCM in safe mode. Healthy pipelines reported count is 0, required healthy pipeline reported count is 1
2021-01-18 07:23:03,841 [Listener at 127.0.0.1/13796] INFO  ozone.MiniOzoneClusterImpl (MiniOzoneClusterImpl.java:lambda$waitForClusterToBeReady$0(179)) - Waiting for nodes to be ready. Got 2 of 3 DN Heartbeats.
2021-01-18 07:23:03,841 [Listener at 127.0.0.1/13796] INFO  ozone.MiniOzoneClusterImpl (MiniOzoneClusterImpl.java:lambda$waitForClusterToBeReady$0(182)) - Waiting for cluster to exit safe mode
2021-01-18 07:23:03,908 [grpc-default-executor-0] WARN  server.GrpcLogAppender (LogUtils.java:warn(122)) - omNode-1@group-523986131536->omNode-3-AppendLogResponseHandler: Failed appendEntries: org.apache.ratis.thirdparty.io.grpc.StatusRuntimeException: UNAVAILABLE: io exception
2021-01-18 07:23:03,909 [grpc-default-executor-0] WARN  server.GrpcLogAppender (GrpcLogAppender.java:resetClient(111)) - omNode-1@group-523986131536->omNode-3-GrpcLogAppender: Leader has not got in touch with Follower omNode-1@group-523986131536->omNode-3(c-1,m0,n1, attendVote=true, lastRpcSendTime=0, lastRpcResponseTime=23865) yet, just keep nextIndex unchanged and retry.
2021-01-18 07:23:04,299 [EventQueue-PipelineReportForOneReplicaPipelineSafeModeRule] INFO  safemode.SCMSafeModeManager (SCMSafeModeManager.java:validateSafeModeExitRules(214)) - AtleastOneDatanodeReportedRule rule is successfully validated
2021-01-18 07:23:04,299 [EventQueue-OpenPipelineForHealthyPipelineSafeModeRule] INFO  safemode.SCMSafeModeManager (HealthyPipelineSafeModeRule.java:process(128)) - SCM in safe mode. Healthy pipelines reported count is 0, required healthy pipeline reported count is 1
2021-01-18 07:23:04,408 [grpc-default-executor-0] WARN  server.GrpcLogAppender (LogUtils.java:warn(122)) - omNode-1@group-523986131536->omNode-3-AppendLogResponseHandler: Failed appendEntries: org.apache.ratis.thirdparty.io.grpc.StatusRuntimeException: UNAVAILABLE: io exception
2021-01-18 07:23:04,409 [grpc-default-executor-0] WARN  server.GrpcLogAppender (GrpcLogAppender.java:resetClient(111)) - omNode-1@group-523986131536->omNode-3-GrpcLogAppender: Leader has not got in touch with Follower omNode-1@group-523986131536->omNode-3(c-1,m0,n1, attendVote=true, lastRpcSendTime=0, lastRpcResponseTime=24365) yet, just keep nextIndex unchanged and retry.
2021-01-18 07:23:04,633 [EventQueue-PipelineReportForOneReplicaPipelineSafeModeRule] INFO  safemode.SCMSafeModeManager (SCMSafeModeManager.java:validateSafeModeExitRules(214)) - AtleastOneDatanodeReportedRule rule is successfully validated
2021-01-18 07:23:04,633 [EventQueue-OpenPipelineForHealthyPipelineSafeModeRule] INFO  safemode.SCMSafeModeManager (HealthyPipelineSafeModeRule.java:process(128)) - SCM in safe mode. Healthy pipelines reported count is 0, required healthy pipeline reported count is 1
2021-01-18 07:23:04,842 [Listener at 127.0.0.1/13796] INFO  ozone.MiniOzoneClusterImpl (MiniOzoneClusterImpl.java:lambda$waitForClusterToBeReady$0(179)) - Waiting for nodes to be ready. Got 2 of 3 DN Heartbeats.
2021-01-18 07:23:04,842 [Listener at 127.0.0.1/13796] INFO  ozone.MiniOzoneClusterImpl (MiniOzoneClusterImpl.java:lambda$waitForClusterToBeReady$0(182)) - Waiting for cluster to exit safe mode
2021-01-18 07:23:04,854 [IPC Server handler 10 on default port 39571] INFO  net.NetworkTopologyImpl (NetworkTopologyImpl.java:add(111)) - Added a new node: /default-rack/4c7fc10d-533a-48df-9dd5-d11737eac487
2021-01-18 07:23:04,854 [IPC Server handler 10 on default port 39571] INFO  node.SCMNodeManager (SCMNodeManager.java:register(341)) - Registered Data node : 4c7fc10d-533a-48df-9dd5-d11737eac487{ip: 172.17.0.2, host: c4357192f866, networkLocation: /default-rack, certSerialId: null, persistedOpState: IN_SERVICE, persistedOpStateExpiryEpochSec: 0}
2021-01-18 07:23:04,854 [EventQueue-PipelineReportForOneReplicaPipelineSafeModeRule] INFO  safemode.SCMSafeModeManager (SCMSafeModeManager.java:validateSafeModeExitRules(214)) - AtleastOneDatanodeReportedRule rule is successfully validated
2021-01-18 07:23:04,854 [EventQueue-NodeRegistrationContainerReportForDataNodeSafeModeRule] INFO  safemode.SCMSafeModeManager (SCMSafeModeManager.java:validateSafeModeExitRules(214)) - DataNodeSafeModeRule rule is successfully validated
2021-01-18 07:23:04,855 [EventQueue-NodeRegistrationContainerReportForContainerSafeModeRule] INFO  safemode.SCMSafeModeManager (SCMSafeModeManager.java:validateSafeModeExitRules(214)) - ContainerSafeModeRule rule is successfully validated
2021-01-18 07:23:04,855 [RatisPipelineUtilsThread] INFO  pipeline.RatisPipelineProvider (RatisPipelineProvider.java:lambda$create$0(161)) - Sending CreatePipelineCommand for pipeline:PipelineID=710c34b1-69f5-4644-bba9-9a1709479a4a to datanode:4c7fc10d-533a-48df-9dd5-d11737eac487
2021-01-18 07:23:04,855 [RatisPipelineUtilsThread] INFO  pipeline.PipelineStateManager (PipelineStateManager.java:addPipeline(54)) - Created pipeline Pipeline[ Id: 710c34b1-69f5-4644-bba9-9a1709479a4a, Nodes: 4c7fc10d-533a-48df-9dd5-d11737eac487{ip: 172.17.0.2, host: c4357192f866, networkLocation: /default-rack, certSerialId: null, persistedOpState: IN_SERVICE, persistedOpStateExpiryEpochSec: 0}, Type:RATIS, Factor:ONE, State:ALLOCATED, leaderId:, CreationTimestamp2021-01-18T07:23:04.855Z]
2021-01-18 07:23:04,858 [RatisPipelineUtilsThread] INFO  pipeline.RatisPipelineProvider (RatisPipelineProvider.java:lambda$create$0(161)) - Sending CreatePipelineCommand for pipeline:PipelineID=712a9273-c4aa-457a-ac5f-147c4d88ab47 to datanode:f0d6c3f1-3e1c-4709-8909-543e2e55c827
2021-01-18 07:23:04,858 [RatisPipelineUtilsThread] INFO  pipeline.RatisPipelineProvider (RatisPipelineProvider.java:lambda$create$0(161)) - Sending CreatePipelineCommand for pipeline:PipelineID=712a9273-c4aa-457a-ac5f-147c4d88ab47 to datanode:82d7d2f8-b8a6-49fb-a52d-45f65ec50674
2021-01-18 07:23:04,858 [RatisPipelineUtilsThread] INFO  pipeline.RatisPipelineProvider (RatisPipelineProvider.java:lambda$create$0(161)) - Sending CreatePipelineCommand for pipeline:PipelineID=712a9273-c4aa-457a-ac5f-147c4d88ab47 to datanode:4c7fc10d-533a-48df-9dd5-d11737eac487
2021-01-18 07:23:04,858 [RatisPipelineUtilsThread] INFO  pipeline.PipelineStateManager (PipelineStateManager.java:addPipeline(54)) - Created pipeline Pipeline[ Id: 712a9273-c4aa-457a-ac5f-147c4d88ab47, Nodes: f0d6c3f1-3e1c-4709-8909-543e2e55c827{ip: 172.17.0.2, host: c4357192f866, networkLocation: /default-rack, certSerialId: null, persistedOpState: IN_SERVICE, persistedOpStateExpiryEpochSec: 0}82d7d2f8-b8a6-49fb-a52d-45f65ec50674{ip: 172.17.0.2, host: c4357192f866, networkLocation: /default-rack, certSerialId: null, persistedOpState: IN_SERVICE, persistedOpStateExpiryEpochSec: 0}4c7fc10d-533a-48df-9dd5-d11737eac487{ip: 172.17.0.2, host: c4357192f866, networkLocation: /default-rack, certSerialId: null, persistedOpState: IN_SERVICE, persistedOpStateExpiryEpochSec: 0}, Type:RATIS, Factor:THREE, State:ALLOCATED, leaderId:, CreationTimestamp2021-01-18T07:23:04.858Z]
2021-01-18 07:23:04,859 [RatisPipelineUtilsThread] INFO  pipeline.RatisPipelineProvider (RatisPipelineProvider.java:lambda$create$0(161)) - Sending CreatePipelineCommand for pipeline:PipelineID=3ae468c9-88cc-4b78-b2c9-77b7514020fa to datanode:f0d6c3f1-3e1c-4709-8909-543e2e55c827
2021-01-18 07:23:04,859 [RatisPipelineUtilsThread] INFO  pipeline.RatisPipelineProvider (RatisPipelineProvider.java:lambda$create$0(161)) - Sending CreatePipelineCommand for pipeline:PipelineID=3ae468c9-88cc-4b78-b2c9-77b7514020fa to datanode:82d7d2f8-b8a6-49fb-a52d-45f65ec50674
2021-01-18 07:23:04,859 [RatisPipelineUtilsThread] INFO  pipeline.RatisPipelineProvider (RatisPipelineProvider.java:lambda$create$0(161)) - Sending CreatePipelineCommand for pipeline:PipelineID=3ae468c9-88cc-4b78-b2c9-77b7514020fa to datanode:4c7fc10d-533a-48df-9dd5-d11737eac487
2021-01-18 07:23:04,859 [RatisPipelineUtilsThread] INFO  pipeline.PipelineStateManager (PipelineStateManager.java:addPipeline(54)) - Created pipeline Pipeline[ Id: 3ae468c9-88cc-4b78-b2c9-77b7514020fa, Nodes: f0d6c3f1-3e1c-4709-8909-543e2e55c827{ip: 172.17.0.2, host: c4357192f866, networkLocation: /default-rack, certSerialId: null, persistedOpState: IN_SERVICE, persistedOpStateExpiryEpochSec: 0}82d7d2f8-b8a6-49fb-a52d-45f65ec50674{ip: 172.17.0.2, host: c4357192f866, networkLocation: /default-rack, certSerialId: null, persistedOpState: IN_SERVICE, persistedOpStateExpiryEpochSec: 0}4c7fc10d-533a-48df-9dd5-d11737eac487{ip: 172.17.0.2, host: c4357192f866, networkLocation: /default-rack, certSerialId: null, persistedOpState: IN_SERVICE, persistedOpStateExpiryEpochSec: 0}, Type:RATIS, Factor:THREE, State:ALLOCATED, leaderId:, CreationTimestamp2021-01-18T07:23:04.859Z]
2021-01-18 07:23:04,860 [RatisPipelineUtilsThread] INFO  pipeline.SCMPipelineManager (SCMPipelineManager.java:recordMetricsForPipeline(243)) - Pipeline: PipelineID=3ae468c9-88cc-4b78-b2c9-77b7514020fa contains same datanodes as previous pipelines: PipelineID=712a9273-c4aa-457a-ac5f-147c4d88ab47 nodeIds: f0d6c3f1-3e1c-4709-8909-543e2e55c827, 82d7d2f8-b8a6-49fb-a52d-45f65ec50674, 4c7fc10d-533a-48df-9dd5-d11737eac487
2021-01-18 07:23:04,909 [grpc-default-executor-0] WARN  server.GrpcLogAppender (LogUtils.java:warn(122)) - omNode-1@group-523986131536->omNode-3-AppendLogResponseHandler: Failed appendEntries: org.apache.ratis.thirdparty.io.grpc.StatusRuntimeException: UNAVAILABLE: io exception
2021-01-18 07:23:04,910 [grpc-default-executor-0] WARN  server.GrpcLogAppender (GrpcLogAppender.java:resetClient(111)) - omNode-1@group-523986131536->omNode-3-GrpcLogAppender: Leader has not got in touch with Follower omNode-1@group-523986131536->omNode-3(c-1,m0,n1, attendVote=true, lastRpcSendTime=1, lastRpcResponseTime=24866) yet, just keep nextIndex unchanged and retry.
2021-01-18 07:23:05,296 [EventQueue-PipelineReportForOneReplicaPipelineSafeModeRule] INFO  safemode.SCMSafeModeManager (SCMSafeModeManager.java:validateSafeModeExitRules(214)) - AtleastOneDatanodeReportedRule rule is successfully validated
2021-01-18 07:23:05,296 [EventQueue-OpenPipelineForHealthyPipelineSafeModeRule] INFO  safemode.SCMSafeModeManager (HealthyPipelineSafeModeRule.java:process(128)) - SCM in safe mode. Healthy pipelines reported count is 0, required healthy pipeline reported count is 1
2021-01-18 07:23:05,409 [grpc-default-executor-0] WARN  server.GrpcLogAppender (LogUtils.java:warn(122)) - omNode-1@group-523986131536->omNode-3-AppendLogResponseHandler: Failed appendEntries: org.apache.ratis.thirdparty.io.grpc.StatusRuntimeException: UNAVAILABLE: io exception
2021-01-18 07:23:05,410 [grpc-default-executor-0] WARN  server.GrpcLogAppender (GrpcLogAppender.java:resetClient(111)) - omNode-1@group-523986131536->omNode-3-GrpcLogAppender: Leader has not got in touch with Follower omNode-1@group-523986131536->omNode-3(c-1,m0,n1, attendVote=true, lastRpcSendTime=0, lastRpcResponseTime=25366) yet, just keep nextIndex unchanged and retry.
2021-01-18 07:23:05,635 [EventQueue-PipelineReportForOneReplicaPipelineSafeModeRule] INFO  safemode.SCMSafeModeManager (SCMSafeModeManager.java:validateSafeModeExitRules(214)) - AtleastOneDatanodeReportedRule rule is successfully validated
2021-01-18 07:23:05,635 [EventQueue-OpenPipelineForHealthyPipelineSafeModeRule] INFO  safemode.SCMSafeModeManager (HealthyPipelineSafeModeRule.java:process(128)) - SCM in safe mode. Healthy pipelines reported count is 0, required healthy pipeline reported count is 1
2021-01-18 07:23:05,842 [Listener at 127.0.0.1/13796] INFO  ozone.MiniOzoneClusterImpl (MiniOzoneClusterImpl.java:lambda$waitForClusterToBeReady$0(179)) - Nodes are ready. Got 3 of 3 DN Heartbeats.
2021-01-18 07:23:05,842 [Listener at 127.0.0.1/13796] INFO  ozone.MiniOzoneClusterImpl (MiniOzoneClusterImpl.java:lambda$waitForClusterToBeReady$0(182)) - Waiting for cluster to exit safe mode
2021-01-18 07:23:05,911 [grpc-default-executor-0] WARN  server.GrpcLogAppender (LogUtils.java:warn(122)) - omNode-1@group-523986131536->omNode-3-AppendLogResponseHandler: Failed appendEntries: org.apache.ratis.thirdparty.io.grpc.StatusRuntimeException: UNAVAILABLE: io exception
2021-01-18 07:23:05,912 [grpc-default-executor-0] WARN  server.GrpcLogAppender (GrpcLogAppender.java:resetClient(111)) - omNode-1@group-523986131536->omNode-3-GrpcLogAppender: Leader has not got in touch with Follower omNode-1@group-523986131536->omNode-3(c-1,m0,n1, attendVote=true, lastRpcSendTime=0, lastRpcResponseTime=25868) yet, just keep nextIndex unchanged and retry.
2021-01-18 07:23:06,295 [Command processor thread] INFO  server.RaftServer (RaftServerProxy.java:addNew(95)) - f0d6c3f1-3e1c-4709-8909-543e2e55c827: addNew group-147C4D88AB47:[4c7fc10d-533a-48df-9dd5-d11737eac487|rpc:172.17.0.2:38871|priority:0, 82d7d2f8-b8a6-49fb-a52d-45f65ec50674|rpc:172.17.0.2:35527|priority:0, f0d6c3f1-3e1c-4709-8909-543e2e55c827|rpc:172.17.0.2:44583|priority:1] returns group-147C4D88AB47:java.util.concurrent.CompletableFuture@99c8f71[Not completed]
2021-01-18 07:23:06,302 [EventQueue-PipelineReportForOneReplicaPipelineSafeModeRule] INFO  safemode.SCMSafeModeManager (SCMSafeModeManager.java:validateSafeModeExitRules(214)) - AtleastOneDatanodeReportedRule rule is successfully validated
2021-01-18 07:23:06,302 [EventQueue-OpenPipelineForHealthyPipelineSafeModeRule] INFO  safemode.SCMSafeModeManager (HealthyPipelineSafeModeRule.java:process(128)) - SCM in safe mode. Healthy pipelines reported count is 0, required healthy pipeline reported count is 1
2021-01-18 07:23:06,307 [pool-67-thread-1] INFO  server.RaftServer$Division (RaftServerImpl.java:<init>(179)) - f0d6c3f1-3e1c-4709-8909-543e2e55c827: new RaftServerImpl for group-147C4D88AB47:[4c7fc10d-533a-48df-9dd5-d11737eac487|rpc:172.17.0.2:38871|priority:0, 82d7d2f8-b8a6-49fb-a52d-45f65ec50674|rpc:172.17.0.2:35527|priority:0, f0d6c3f1-3e1c-4709-8909-543e2e55c827|rpc:172.17.0.2:44583|priority:1] with ContainerStateMachine:uninitialized
2021-01-18 07:23:06,307 [pool-67-thread-1] INFO  server.RaftServerConfigKeys (ConfUtils.java:logGet(44)) - raft.server.rpc.timeout.min = 5s (custom)
2021-01-18 07:23:06,307 [pool-67-thread-1] INFO  server.RaftServerConfigKeys (ConfUtils.java:logGet(44)) - raft.server.rpc.timeout.max = 5200ms (custom)
2021-01-18 07:23:06,307 [pool-67-thread-1] INFO  server.RaftServerConfigKeys (ConfUtils.java:logGet(44)) - raft.server.rpc.sleep.time = 25ms (default)
2021-01-18 07:23:06,307 [pool-67-thread-1] INFO  server.RaftServerConfigKeys (ConfUtils.java:logGet(44)) - raft.server.rpc.slowness.timeout = 300s (custom)
2021-01-18 07:23:06,307 [pool-67-thread-1] INFO  server.RaftServerConfigKeys (ConfUtils.java:logGet(44)) - raft.server.leaderelection.leader.step-down.wait-time = 10s (default)
2021-01-18 07:23:06,308 [pool-67-thread-1] INFO  server.RaftServerConfigKeys (ConfUtils.java:logGet(44)) - raft.server.sleep.deviation.threshold = 300ms (default)
2021-01-18 07:23:06,308 [pool-67-thread-1] INFO  server.RaftServerConfigKeys (ConfUtils.java:logGet(44)) - raft.server.log.appender.install.snapshot.enabled = false (custom)
2021-01-18 07:23:06,308 [pool-67-thread-1] INFO  server.RaftServer$Division (ServerState.java:<init>(103)) - f0d6c3f1-3e1c-4709-8909-543e2e55c827@group-147C4D88AB47: ConfigurationManager, init=-1: [4c7fc10d-533a-48df-9dd5-d11737eac487|rpc:172.17.0.2:38871|priority:0, 82d7d2f8-b8a6-49fb-a52d-45f65ec50674|rpc:172.17.0.2:35527|priority:0, f0d6c3f1-3e1c-4709-8909-543e2e55c827|rpc:172.17.0.2:44583|priority:1], old=null, confs=<EMPTY_MAP>
2021-01-18 07:23:06,308 [pool-67-thread-1] INFO  server.RaftServerConfigKeys (ConfUtils.java:logGet(44)) - raft.server.storage.dir = [/github/workspace/mnt/ozone/hadoop-ozone/integration-test/target/test-dir/MiniOzoneClusterImpl-31fb86ba-d539-4b3f-b864-a30db12016a3/datanode-0/data/ratis] (custom)
2021-01-18 07:23:06,308 [pool-67-thread-1] INFO  server.RaftServerConfigKeys (ConfUtils.java:logGet(44)) - raft.server.log.corruption.policy = EXCEPTION (default)
2021-01-18 07:23:06,308 [pool-67-thread-1] INFO  storage.RaftStorageDirectory (RaftStorageDirectoryImpl.java:analyzeStorage(132)) - The storage directory /github/workspace/mnt/ozone/hadoop-ozone/integration-test/target/test-dir/MiniOzoneClusterImpl-31fb86ba-d539-4b3f-b864-a30db12016a3/datanode-0/data/ratis/712a9273-c4aa-457a-ac5f-147c4d88ab47 does not exist. Creating ...
2021-01-18 07:23:06,311 [pool-67-thread-1] INFO  storage.RaftStorageDirectory (RaftStorageDirectoryImpl.java:tryLock(215)) - Lock on /github/workspace/mnt/ozone/hadoop-ozone/integration-test/target/test-dir/MiniOzoneClusterImpl-31fb86ba-d539-4b3f-b864-a30db12016a3/datanode-0/data/ratis/712a9273-c4aa-457a-ac5f-147c4d88ab47/in_use.lock acquired by nodename 14213@c4357192f866
2021-01-18 07:23:06,312 [pool-67-thread-1] INFO  storage.RaftStorage (RaftStorageImpl.java:format(87)) - Storage directory /github/workspace/mnt/ozone/hadoop-ozone/integration-test/target/test-dir/MiniOzoneClusterImpl-31fb86ba-d539-4b3f-b864-a30db12016a3/datanode-0/data/ratis/712a9273-c4aa-457a-ac5f-147c4d88ab47 has been successfully formatted.
2021-01-18 07:23:06,320 [EventQueue-PipelineReportForOneReplicaPipelineSafeModeRule] INFO  safemode.SCMSafeModeManager (SCMSafeModeManager.java:validateSafeModeExitRules(214)) - AtleastOneDatanodeReportedRule rule is successfully validated
2021-01-18 07:23:06,320 [EventQueue-OpenPipelineForHealthyPipelineSafeModeRule] INFO  safemode.SCMSafeModeManager (HealthyPipelineSafeModeRule.java:process(128)) - SCM in safe mode. Healthy pipelines reported count is 0, required healthy pipeline reported count is 1
2021-01-18 07:23:06,317 [pool-67-thread-1] INFO  ratis.ContainerStateMachine (ContainerStateMachine.java:loadSnapshot(223)) - group-147C4D88AB47: The snapshot info is null. Setting the last applied indexto:(t:0, i:~)
2021-01-18 07:23:06,321 [pool-67-thread-1] ERROR storage.RaftStorage (RaftStorageImpl.java:readRaftConfiguration(147)) - Failed reading configuration from file:/github/workspace/mnt/ozone/hadoop-ozone/integration-test/target/test-dir/MiniOzoneClusterImpl-31fb86ba-d539-4b3f-b864-a30db12016a3/datanode-0/data/ratis/712a9273-c4aa-457a-ac5f-147c4d88ab47/current/raft-meta.conf
java.io.FileNotFoundException: /github/workspace/mnt/ozone/hadoop-ozone/integration-test/target/test-dir/MiniOzoneClusterImpl-31fb86ba-d539-4b3f-b864-a30db12016a3/datanode-0/data/ratis/712a9273-c4aa-457a-ac5f-147c4d88ab47/current/raft-meta.conf (No such file or directory)
	at java.io.FileInputStream.open0(Native Method)
	at java.io.FileInputStream.open(FileInputStream.java:195)
	at java.io.FileInputStream.<init>(FileInputStream.java:138)
	at org.apache.ratis.server.storage.RaftStorageImpl.readRaftConfiguration(RaftStorageImpl.java:143)
	at org.apache.ratis.server.impl.ServerState.<init>(ServerState.java:113)
	at org.apache.ratis.server.impl.RaftServerImpl.<init>(RaftServerImpl.java:192)
	at org.apache.ratis.server.impl.RaftServerProxy.lambda$newRaftServerImpl$4(RaftServerProxy.java:266)
	at java.util.concurrent.CompletableFuture$AsyncSupply.run(CompletableFuture.java:1604)
	at java.util.concurrent.ThreadPoolExecutor.runWorker(ThreadPoolExecutor.java:1149)
	at java.util.concurrent.ThreadPoolExecutor$Worker.run(ThreadPoolExecutor.java:624)
	at java.lang.Thread.run(Thread.java:748)
2021-01-18 07:23:06,321 [pool-67-thread-1] INFO  server.RaftServerConfigKeys (ConfUtils.java:logGet(44)) - raft.server.notification.no-leader.timeout = 300s (custom)
2021-01-18 07:23:06,321 [pool-67-thread-1] INFO  server.RaftServerConfigKeys (ConfUtils.java:logGet(44)) - raft.server.log.use.memory = false (default)
2021-01-18 07:23:06,321 [pool-67-thread-1] INFO  server.RaftServerConfigKeys (ConfUtils.java:logGet(44)) - raft.server.log.purge.gap = 1000000 (custom)
2021-01-18 07:23:06,321 [pool-67-thread-1] INFO  server.RaftServerConfigKeys (ConfUtils.java:logGet(44)) - raft.server.log.appender.buffer.byte-limit = 33554432 (custom)
2021-01-18 07:23:06,322 [pool-67-thread-1] INFO  metrics.RatisMetrics (RatisMetrics.java:lambda$create$0(36)) - Creating Metrics Registry : ratis.log_worker.f0d6c3f1-3e1c-4709-8909-543e2e55c827@group-147C4D88AB47
2021-01-18 07:23:06,322 [pool-67-thread-1] INFO  server.RaftServerConfigKeys (ConfUtils.java:logGet(44)) - raft.server.log.segment.size.max = 1048576 (custom)
2021-01-18 07:23:06,322 [pool-67-thread-1] INFO  server.RaftServerConfigKeys (ConfUtils.java:logGet(44)) - raft.server.log.segment.cache.num.max = 2 (custom)
2021-01-18 07:23:06,322 [pool-67-thread-1] INFO  server.RaftServerConfigKeys (ConfUtils.java:logGet(44)) - raft.server.log.segment.cache.size.max = 200MB (=209715200) (default)
2021-01-18 07:23:06,322 [pool-67-thread-1] INFO  segmented.SegmentedRaftLogWorker (SegmentedRaftLogWorker.java:<init>(181)) - new f0d6c3f1-3e1c-4709-8909-543e2e55c827@group-147C4D88AB47-SegmentedRaftLogWorker for RaftStorageImpl:Storage Directory /github/workspace/mnt/ozone/hadoop-ozone/integration-test/target/test-dir/MiniOzoneClusterImpl-31fb86ba-d539-4b3f-b864-a30db12016a3/datanode-0/data/ratis/712a9273-c4aa-457a-ac5f-147c4d88ab47
2021-01-18 07:23:06,322 [pool-67-thread-1] INFO  server.RaftServerConfigKeys (ConfUtils.java:logGet(44)) - raft.server.log.queue.byte-limit = 2147483647 (custom)
2021-01-18 07:23:06,323 [pool-67-thread-1] INFO  server.RaftServerConfigKeys (ConfUtils.java:logGet(44)) - raft.server.log.queue.element-limit = 1024 (custom)
2021-01-18 07:23:06,323 [pool-67-thread-1] INFO  server.RaftServerConfigKeys (ConfUtils.java:logGet(44)) - raft.server.log.segment.size.max = 1048576 (custom)
2021-01-18 07:23:06,323 [pool-67-thread-1] INFO  server.RaftServerConfigKeys (ConfUtils.java:logGet(44)) - raft.server.log.preallocated.size = 16384 (custom)
2021-01-18 07:23:06,323 [pool-67-thread-1] INFO  server.RaftServerConfigKeys (ConfUtils.java:logGet(44)) - raft.server.log.force.sync.num = 128 (default)
2021-01-18 07:23:06,323 [pool-67-thread-1] INFO  server.RaftServerConfigKeys (ConfUtils.java:logGet(44)) - raft.server.log.statemachine.data.sync = true (default)
2021-01-18 07:23:06,323 [pool-67-thread-1] INFO  server.RaftServerConfigKeys (ConfUtils.java:logGet(44)) - raft.server.log.statemachine.data.sync.timeout = 10s (default)
2021-01-18 07:23:06,323 [pool-67-thread-1] INFO  server.RaftServerConfigKeys (ConfUtils.java:logGet(44)) - raft.server.log.statemachine.data.sync.timeout.retry = -1 (default)
2021-01-18 07:23:06,324 [pool-67-thread-1] INFO  server.RaftServerConfigKeys (ConfUtils.java:logGet(44)) - raft.server.log.write.buffer.size = 1048576 (custom)
2021-01-18 07:23:06,324 [pool-67-thread-1] INFO  server.RaftServerConfigKeys (ConfUtils.java:logGet(44)) - raft.server.log.statemachine.data.caching.enabled = true (custom)
2021-01-18 07:23:06,329 [pool-67-thread-1] INFO  segmented.SegmentedRaftLogWorker (SegmentedRaftLogWorker.java:lambda$new$0(132)) - f0d6c3f1-3e1c-4709-8909-543e2e55c827@group-147C4D88AB47-SegmentedRaftLogWorker: flushIndex: setUnconditionally 0 -> -1
2021-01-18 07:23:06,329 [pool-67-thread-1] INFO  segmented.SegmentedRaftLogWorker (SegmentedRaftLogWorker.java:lambda$new$0(132)) - f0d6c3f1-3e1c-4709-8909-543e2e55c827@group-147C4D88AB47-SegmentedRaftLogWorker: safeCacheEvictIndex: setUnconditionally 0 -> -1
2021-01-18 07:23:06,329 [pool-67-thread-1] INFO  server.RaftServerConfigKeys (ConfUtils.java:logGet(44)) - raft.server.snapshot.auto.trigger.enabled = true (custom)
2021-01-18 07:23:06,330 [pool-67-thread-1] INFO  server.RaftServerConfigKeys (ConfUtils.java:logGet(44)) - raft.server.snapshot.auto.trigger.threshold = 10000 (custom)
2021-01-18 07:23:06,330 [pool-67-thread-1] INFO  server.RaftServerConfigKeys (ConfUtils.java:logGet(44)) - raft.server.snapshot.retention.file.num = 5 (custom)
2021-01-18 07:23:06,330 [pool-67-thread-1] INFO  server.RaftServerConfigKeys (ConfUtils.java:logGet(44)) - raft.server.log.purge.upto.snapshot.index = false (default)
2021-01-18 07:23:06,330 [pool-67-thread-1] INFO  server.RaftServerConfigKeys (ConfUtils.java:logGet(44)) - raft.server.retrycache.expirytime = 600000ms (custom)
2021-01-18 07:23:06,335 [pool-67-thread-1] INFO  server.RaftServerConfigKeys (ConfUtils.java:logGet(44)) - raft.server.retrycache.statistics.expirytime = 100?s (default)
2021-01-18 07:23:06,335 [pool-67-thread-1] INFO  metrics.RatisMetrics (RatisMetrics.java:lambda$create$0(36)) - Creating Metrics Registry : ratis.leader_election.f0d6c3f1-3e1c-4709-8909-543e2e55c827@group-147C4D88AB47
2021-01-18 07:23:06,336 [pool-67-thread-1] INFO  metrics.RatisMetrics (RatisMetrics.java:lambda$create$0(36)) - Creating Metrics Registry : ratis.server.f0d6c3f1-3e1c-4709-8909-543e2e55c827@group-147C4D88AB47
2021-01-18 07:23:06,336 [pool-67-thread-1] INFO  server.RaftServer$Division (RaftServerImpl.java:start(294)) - f0d6c3f1-3e1c-4709-8909-543e2e55c827@group-147C4D88AB47: start as a follower, conf=-1: [4c7fc10d-533a-48df-9dd5-d11737eac487|rpc:172.17.0.2:38871|priority:0, 82d7d2f8-b8a6-49fb-a52d-45f65ec50674|rpc:172.17.0.2:35527|priority:0, f0d6c3f1-3e1c-4709-8909-543e2e55c827|rpc:172.17.0.2:44583|priority:1], old=null
2021-01-18 07:23:06,336 [pool-67-thread-1] INFO  server.RaftServer$Division (RaftServerImpl.java:setRole(283)) - f0d6c3f1-3e1c-4709-8909-543e2e55c827@group-147C4D88AB47: changes role from      null to FOLLOWER at term 0 for startAsFollower
2021-01-18 07:23:06,336 [pool-67-thread-1] INFO  impl.RoleInfo (RoleInfo.java:updateAndGet(130)) - f0d6c3f1-3e1c-4709-8909-543e2e55c827: start f0d6c3f1-3e1c-4709-8909-543e2e55c827@group-147C4D88AB47-FollowerState
2021-01-18 07:23:06,345 [pool-67-thread-1] INFO  util.JmxRegister (JmxRegister.java:tryRegister(44)) - Successfully registered JMX Bean with object name Ratis:service=RaftServer,group=group-147C4D88AB47,id=f0d6c3f1-3e1c-4709-8909-543e2e55c827
2021-01-18 07:23:06,345 [pool-67-thread-1] INFO  metrics.RatisMetrics (RatisMetrics.java:lambda$create$0(36)) - Creating Metrics Registry : ratis.state_machine.f0d6c3f1-3e1c-4709-8909-543e2e55c827@group-147C4D88AB47
2021-01-18 07:23:06,374 [Command processor thread] INFO  metrics.RatisMetrics (RatisMetrics.java:lambda$create$0(36)) - Creating Metrics Registry : ratis.client_message_metrics.client-2E5CAF84D32E->82d7d2f8-b8a6-49fb-a52d-45f65ec50674
2021-01-18 07:23:06,394 [grpc-default-executor-0] INFO  metrics.RatisMetrics (RatisMetrics.java:lambda$create$0(36)) - Creating Metrics Registry : ratis.server_message_metrics.82d7d2f8-b8a6-49fb-a52d-45f65ec50674
2021-01-18 07:23:06,397 [grpc-default-executor-0] INFO  server.RaftServer (RaftServerProxy.java:addNew(95)) - 82d7d2f8-b8a6-49fb-a52d-45f65ec50674: addNew group-147C4D88AB47:[4c7fc10d-533a-48df-9dd5-d11737eac487|rpc:172.17.0.2:38871|dataStream:|priority:0, 82d7d2f8-b8a6-49fb-a52d-45f65ec50674|rpc:172.17.0.2:35527|dataStream:|priority:0, f0d6c3f1-3e1c-4709-8909-543e2e55c827|rpc:172.17.0.2:44583|dataStream:|priority:1] returns group-147C4D88AB47:java.util.concurrent.CompletableFuture@6b2159e6[Not completed]
2021-01-18 07:23:06,398 [pool-82-thread-1] INFO  server.RaftServer$Division (RaftServerImpl.java:<init>(179)) - 82d7d2f8-b8a6-49fb-a52d-45f65ec50674: new RaftServerImpl for group-147C4D88AB47:[4c7fc10d-533a-48df-9dd5-d11737eac487|rpc:172.17.0.2:38871|dataStream:|priority:0, 82d7d2f8-b8a6-49fb-a52d-45f65ec50674|rpc:172.17.0.2:35527|dataStream:|priority:0, f0d6c3f1-3e1c-4709-8909-543e2e55c827|rpc:172.17.0.2:44583|dataStream:|priority:1] with ContainerStateMachine:uninitialized
2021-01-18 07:23:06,398 [pool-82-thread-1] INFO  server.RaftServerConfigKeys (ConfUtils.java:logGet(44)) - raft.server.rpc.timeout.min = 5s (custom)
2021-01-18 07:23:06,398 [pool-82-thread-1] INFO  server.RaftServerConfigKeys (ConfUtils.java:logGet(44)) - raft.server.rpc.timeout.max = 5200ms (custom)
2021-01-18 07:23:06,398 [pool-82-thread-1] INFO  server.RaftServerConfigKeys (ConfUtils.java:logGet(44)) - raft.server.rpc.sleep.time = 25ms (default)
2021-01-18 07:23:06,398 [pool-82-thread-1] INFO  server.RaftServerConfigKeys (ConfUtils.java:logGet(44)) - raft.server.rpc.slowness.timeout = 300s (custom)
2021-01-18 07:23:06,398 [pool-82-thread-1] INFO  server.RaftServerConfigKeys (ConfUtils.java:logGet(44)) - raft.server.leaderelection.leader.step-down.wait-time = 10s (default)
2021-01-18 07:23:06,398 [pool-82-thread-1] INFO  server.RaftServerConfigKeys (ConfUtils.java:logGet(44)) - raft.server.sleep.deviation.threshold = 300ms (default)
2021-01-18 07:23:06,398 [pool-82-thread-1] INFO  server.RaftServerConfigKeys (ConfUtils.java:logGet(44)) - raft.server.log.appender.install.snapshot.enabled = false (custom)
2021-01-18 07:23:06,398 [pool-82-thread-1] INFO  server.RaftServer$Division (ServerState.java:<init>(103)) - 82d7d2f8-b8a6-49fb-a52d-45f65ec50674@group-147C4D88AB47: ConfigurationManager, init=-1: [4c7fc10d-533a-48df-9dd5-d11737eac487|rpc:172.17.0.2:38871|dataStream:|priority:0, 82d7d2f8-b8a6-49fb-a52d-45f65ec50674|rpc:172.17.0.2:35527|dataStream:|priority:0, f0d6c3f1-3e1c-4709-8909-543e2e55c827|rpc:172.17.0.2:44583|dataStream:|priority:1], old=null, confs=<EMPTY_MAP>
2021-01-18 07:23:06,398 [pool-82-thread-1] INFO  server.RaftServerConfigKeys (ConfUtils.java:logGet(44)) - raft.server.storage.dir = [/github/workspace/mnt/ozone/hadoop-ozone/integration-test/target/test-dir/MiniOzoneClusterImpl-31fb86ba-d539-4b3f-b864-a30db12016a3/datanode-1/data/ratis] (custom)
2021-01-18 07:23:06,399 [pool-82-thread-1] INFO  server.RaftServerConfigKeys (ConfUtils.java:logGet(44)) - raft.server.log.corruption.policy = EXCEPTION (default)
2021-01-18 07:23:06,399 [pool-82-thread-1] INFO  storage.RaftStorageDirectory (RaftStorageDirectoryImpl.java:analyzeStorage(132)) - The storage directory /github/workspace/mnt/ozone/hadoop-ozone/integration-test/target/test-dir/MiniOzoneClusterImpl-31fb86ba-d539-4b3f-b864-a30db12016a3/datanode-1/data/ratis/712a9273-c4aa-457a-ac5f-147c4d88ab47 does not exist. Creating ...
2021-01-18 07:23:06,401 [pool-82-thread-1] INFO  storage.RaftStorageDirectory (RaftStorageDirectoryImpl.java:tryLock(215)) - Lock on /github/workspace/mnt/ozone/hadoop-ozone/integration-test/target/test-dir/MiniOzoneClusterImpl-31fb86ba-d539-4b3f-b864-a30db12016a3/datanode-1/data/ratis/712a9273-c4aa-457a-ac5f-147c4d88ab47/in_use.lock acquired by nodename 14213@c4357192f866
2021-01-18 07:23:06,402 [pool-82-thread-1] INFO  storage.RaftStorage (RaftStorageImpl.java:format(87)) - Storage directory /github/workspace/mnt/ozone/hadoop-ozone/integration-test/target/test-dir/MiniOzoneClusterImpl-31fb86ba-d539-4b3f-b864-a30db12016a3/datanode-1/data/ratis/712a9273-c4aa-457a-ac5f-147c4d88ab47 has been successfully formatted.
2021-01-18 07:23:06,404 [EventQueue-PipelineReportForOneReplicaPipelineSafeModeRule] INFO  safemode.SCMSafeModeManager (SCMSafeModeManager.java:validateSafeModeExitRules(214)) - AtleastOneDatanodeReportedRule rule is successfully validated
2021-01-18 07:23:06,404 [EventQueue-OpenPipelineForHealthyPipelineSafeModeRule] INFO  safemode.SCMSafeModeManager (HealthyPipelineSafeModeRule.java:process(128)) - SCM in safe mode. Healthy pipelines reported count is 0, required healthy pipeline reported count is 1
2021-01-18 07:23:06,405 [pool-82-thread-1] INFO  ratis.ContainerStateMachine (ContainerStateMachine.java:loadSnapshot(223)) - group-147C4D88AB47: The snapshot info is null. Setting the last applied indexto:(t:0, i:~)
2021-01-18 07:23:06,405 [pool-82-thread-1] ERROR storage.RaftStorage (RaftStorageImpl.java:readRaftConfiguration(147)) - Failed reading configuration from file:/github/workspace/mnt/ozone/hadoop-ozone/integration-test/target/test-dir/MiniOzoneClusterImpl-31fb86ba-d539-4b3f-b864-a30db12016a3/datanode-1/data/ratis/712a9273-c4aa-457a-ac5f-147c4d88ab47/current/raft-meta.conf
java.io.FileNotFoundException: /github/workspace/mnt/ozone/hadoop-ozone/integration-test/target/test-dir/MiniOzoneClusterImpl-31fb86ba-d539-4b3f-b864-a30db12016a3/datanode-1/data/ratis/712a9273-c4aa-457a-ac5f-147c4d88ab47/current/raft-meta.conf (No such file or directory)
	at java.io.FileInputStream.open0(Native Method)
	at java.io.FileInputStream.open(FileInputStream.java:195)
	at java.io.FileInputStream.<init>(FileInputStream.java:138)
	at org.apache.ratis.server.storage.RaftStorageImpl.readRaftConfiguration(RaftStorageImpl.java:143)
	at org.apache.ratis.server.impl.ServerState.<init>(ServerState.java:113)
	at org.apache.ratis.server.impl.RaftServerImpl.<init>(RaftServerImpl.java:192)
	at org.apache.ratis.server.impl.RaftServerProxy.lambda$newRaftServerImpl$4(RaftServerProxy.java:266)
	at java.util.concurrent.CompletableFuture$AsyncSupply.run(CompletableFuture.java:1604)
	at java.util.concurrent.ThreadPoolExecutor.runWorker(ThreadPoolExecutor.java:1149)
	at java.util.concurrent.ThreadPoolExecutor$Worker.run(ThreadPoolExecutor.java:624)
	at java.lang.Thread.run(Thread.java:748)
2021-01-18 07:23:06,405 [pool-82-thread-1] INFO  server.RaftServerConfigKeys (ConfUtils.java:logGet(44)) - raft.server.notification.no-leader.timeout = 300s (custom)
2021-01-18 07:23:06,405 [pool-82-thread-1] INFO  server.RaftServerConfigKeys (ConfUtils.java:logGet(44)) - raft.server.log.use.memory = false (default)
2021-01-18 07:23:06,405 [pool-82-thread-1] INFO  server.RaftServerConfigKeys (ConfUtils.java:logGet(44)) - raft.server.log.purge.gap = 1000000 (custom)
2021-01-18 07:23:06,405 [pool-82-thread-1] INFO  server.RaftServerConfigKeys (ConfUtils.java:logGet(44)) - raft.server.log.appender.buffer.byte-limit = 33554432 (custom)
2021-01-18 07:23:06,405 [pool-82-thread-1] INFO  metrics.RatisMetrics (RatisMetrics.java:lambda$create$0(36)) - Creating Metrics Registry : ratis.log_worker.82d7d2f8-b8a6-49fb-a52d-45f65ec50674@group-147C4D88AB47
2021-01-18 07:23:06,406 [pool-82-thread-1] INFO  server.RaftServerConfigKeys (ConfUtils.java:logGet(44)) - raft.server.log.segment.size.max = 1048576 (custom)
2021-01-18 07:23:06,406 [pool-82-thread-1] INFO  server.RaftServerConfigKeys (ConfUtils.java:logGet(44)) - raft.server.log.segment.cache.num.max = 2 (custom)
2021-01-18 07:23:06,406 [pool-82-thread-1] INFO  server.RaftServerConfigKeys (ConfUtils.java:logGet(44)) - raft.server.log.segment.cache.size.max = 200MB (=209715200) (default)
2021-01-18 07:23:06,406 [pool-82-thread-1] INFO  segmented.SegmentedRaftLogWorker (SegmentedRaftLogWorker.java:<init>(181)) - new 82d7d2f8-b8a6-49fb-a52d-45f65ec50674@group-147C4D88AB47-SegmentedRaftLogWorker for RaftStorageImpl:Storage Directory /github/workspace/mnt/ozone/hadoop-ozone/integration-test/target/test-dir/MiniOzoneClusterImpl-31fb86ba-d539-4b3f-b864-a30db12016a3/datanode-1/data/ratis/712a9273-c4aa-457a-ac5f-147c4d88ab47
2021-01-18 07:23:06,406 [pool-82-thread-1] INFO  server.RaftServerConfigKeys (ConfUtils.java:logGet(44)) - raft.server.log.queue.byte-limit = 2147483647 (custom)
2021-01-18 07:23:06,406 [pool-82-thread-1] INFO  server.RaftServerConfigKeys (ConfUtils.java:logGet(44)) - raft.server.log.queue.element-limit = 1024 (custom)
2021-01-18 07:23:06,406 [pool-82-thread-1] INFO  server.RaftServerConfigKeys (ConfUtils.java:logGet(44)) - raft.server.log.segment.size.max = 1048576 (custom)
2021-01-18 07:23:06,406 [pool-82-thread-1] INFO  server.RaftServerConfigKeys (ConfUtils.java:logGet(44)) - raft.server.log.preallocated.size = 16384 (custom)
2021-01-18 07:23:06,406 [pool-82-thread-1] INFO  server.RaftServerConfigKeys (ConfUtils.java:logGet(44)) - raft.server.log.force.sync.num = 128 (default)
2021-01-18 07:23:06,406 [pool-82-thread-1] INFO  server.RaftServerConfigKeys (ConfUtils.java:logGet(44)) - raft.server.log.statemachine.data.sync = true (default)
2021-01-18 07:23:06,406 [pool-82-thread-1] INFO  server.RaftServerConfigKeys (ConfUtils.java:logGet(44)) - raft.server.log.statemachine.data.sync.timeout = 10s (default)
2021-01-18 07:23:06,407 [pool-82-thread-1] INFO  server.RaftServerConfigKeys (ConfUtils.java:logGet(44)) - raft.server.log.statemachine.data.sync.timeout.retry = -1 (default)
2021-01-18 07:23:06,407 [pool-82-thread-1] INFO  server.RaftServerConfigKeys (ConfUtils.java:logGet(44)) - raft.server.log.write.buffer.size = 1048576 (custom)
2021-01-18 07:23:06,407 [pool-82-thread-1] INFO  server.RaftServerConfigKeys (ConfUtils.java:logGet(44)) - raft.server.log.statemachine.data.caching.enabled = true (custom)
2021-01-18 07:23:06,408 [pool-82-thread-1] INFO  segmented.SegmentedRaftLogWorker (SegmentedRaftLogWorker.java:lambda$new$0(132)) - 82d7d2f8-b8a6-49fb-a52d-45f65ec50674@group-147C4D88AB47-SegmentedRaftLogWorker: flushIndex: setUnconditionally 0 -> -1
2021-01-18 07:23:06,408 [pool-82-thread-1] INFO  segmented.SegmentedRaftLogWorker (SegmentedRaftLogWorker.java:lambda$new$0(132)) - 82d7d2f8-b8a6-49fb-a52d-45f65ec50674@group-147C4D88AB47-SegmentedRaftLogWorker: safeCacheEvictIndex: setUnconditionally 0 -> -1
2021-01-18 07:23:06,411 [grpc-default-executor-0] WARN  server.GrpcLogAppender (LogUtils.java:warn(122)) - omNode-1@group-523986131536->omNode-3-AppendLogResponseHandler: Failed appendEntries: org.apache.ratis.thirdparty.io.grpc.StatusRuntimeException: UNAVAILABLE: io exception
2021-01-18 07:23:06,412 [grpc-default-executor-0] WARN  server.GrpcLogAppender (GrpcLogAppender.java:resetClient(111)) - omNode-1@group-523986131536->omNode-3-GrpcLogAppender: Leader has not got in touch with Follower omNode-1@group-523986131536->omNode-3(c-1,m0,n1, attendVote=true, lastRpcSendTime=500, lastRpcResponseTime=26368) yet, just keep nextIndex unchanged and retry.
2021-01-18 07:23:06,421 [pool-82-thread-1] INFO  server.RaftServerConfigKeys (ConfUtils.java:logGet(44)) - raft.server.snapshot.auto.trigger.enabled = true (custom)
2021-01-18 07:23:06,421 [pool-82-thread-1] INFO  server.RaftServerConfigKeys (ConfUtils.java:logGet(44)) - raft.server.snapshot.auto.trigger.threshold = 10000 (custom)
2021-01-18 07:23:06,421 [pool-82-thread-1] INFO  server.RaftServerConfigKeys (ConfUtils.java:logGet(44)) - raft.server.snapshot.retention.file.num = 5 (custom)
2021-01-18 07:23:06,421 [pool-82-thread-1] INFO  server.RaftServerConfigKeys (ConfUtils.java:logGet(44)) - raft.server.log.purge.upto.snapshot.index = false (default)
2021-01-18 07:23:06,421 [pool-82-thread-1] INFO  server.RaftServerConfigKeys (ConfUtils.java:logGet(44)) - raft.server.retrycache.expirytime = 600000ms (custom)
2021-01-18 07:23:06,421 [pool-82-thread-1] INFO  server.RaftServerConfigKeys (ConfUtils.java:logGet(44)) - raft.server.retrycache.statistics.expirytime = 100?s (default)
2021-01-18 07:23:06,421 [pool-82-thread-1] INFO  metrics.RatisMetrics (RatisMetrics.java:lambda$create$0(36)) - Creating Metrics Registry : ratis.leader_election.82d7d2f8-b8a6-49fb-a52d-45f65ec50674@group-147C4D88AB47
2021-01-18 07:23:06,421 [pool-82-thread-1] INFO  metrics.RatisMetrics (RatisMetrics.java:lambda$create$0(36)) - Creating Metrics Registry : ratis.server.82d7d2f8-b8a6-49fb-a52d-45f65ec50674@group-147C4D88AB47
2021-01-18 07:23:06,422 [pool-82-thread-1] INFO  server.RaftServer$Division (RaftServerImpl.java:start(294)) - 82d7d2f8-b8a6-49fb-a52d-45f65ec50674@group-147C4D88AB47: start as a follower, conf=-1: [4c7fc10d-533a-48df-9dd5-d11737eac487|rpc:172.17.0.2:38871|dataStream:|priority:0, 82d7d2f8-b8a6-49fb-a52d-45f65ec50674|rpc:172.17.0.2:35527|dataStream:|priority:0, f0d6c3f1-3e1c-4709-8909-543e2e55c827|rpc:172.17.0.2:44583|dataStream:|priority:1], old=null
2021-01-18 07:23:06,422 [pool-82-thread-1] INFO  server.RaftServer$Division (RaftServerImpl.java:setRole(283)) - 82d7d2f8-b8a6-49fb-a52d-45f65ec50674@group-147C4D88AB47: changes role from      null to FOLLOWER at term 0 for startAsFollower
2021-01-18 07:23:06,422 [pool-82-thread-1] INFO  impl.RoleInfo (RoleInfo.java:updateAndGet(130)) - 82d7d2f8-b8a6-49fb-a52d-45f65ec50674: start 82d7d2f8-b8a6-49fb-a52d-45f65ec50674@group-147C4D88AB47-FollowerState
2021-01-18 07:23:06,432 [pool-82-thread-1] INFO  util.JmxRegister (JmxRegister.java:tryRegister(44)) - Successfully registered JMX Bean with object name Ratis:service=RaftServer,group=group-147C4D88AB47,id=82d7d2f8-b8a6-49fb-a52d-45f65ec50674
2021-01-18 07:23:06,432 [pool-82-thread-1] INFO  metrics.RatisMetrics (RatisMetrics.java:lambda$create$0(36)) - Creating Metrics Registry : ratis.state_machine.82d7d2f8-b8a6-49fb-a52d-45f65ec50674@group-147C4D88AB47
2021-01-18 07:23:06,462 [Command processor thread] INFO  metrics.RatisMetrics (RatisMetrics.java:lambda$create$0(36)) - Creating Metrics Registry : ratis.client_message_metrics.client-B74B0B236FDE->4c7fc10d-533a-48df-9dd5-d11737eac487
2021-01-18 07:23:06,469 [grpc-default-executor-0] INFO  metrics.RatisMetrics (RatisMetrics.java:lambda$create$0(36)) - Creating Metrics Registry : ratis.server_message_metrics.4c7fc10d-533a-48df-9dd5-d11737eac487
2021-01-18 07:23:06,472 [grpc-default-executor-0] INFO  server.RaftServer (RaftServerProxy.java:addNew(95)) - 4c7fc10d-533a-48df-9dd5-d11737eac487: addNew group-147C4D88AB47:[4c7fc10d-533a-48df-9dd5-d11737eac487|rpc:172.17.0.2:38871|dataStream:|priority:0, 82d7d2f8-b8a6-49fb-a52d-45f65ec50674|rpc:172.17.0.2:35527|dataStream:|priority:0, f0d6c3f1-3e1c-4709-8909-543e2e55c827|rpc:172.17.0.2:44583|dataStream:|priority:1] returns group-147C4D88AB47:java.util.concurrent.CompletableFuture@c52b88e[Not completed]
2021-01-18 07:23:06,478 [pool-99-thread-1] INFO  server.RaftServer$Division (RaftServerImpl.java:<init>(179)) - 4c7fc10d-533a-48df-9dd5-d11737eac487: new RaftServerImpl for group-147C4D88AB47:[4c7fc10d-533a-48df-9dd5-d11737eac487|rpc:172.17.0.2:38871|dataStream:|priority:0, 82d7d2f8-b8a6-49fb-a52d-45f65ec50674|rpc:172.17.0.2:35527|dataStream:|priority:0, f0d6c3f1-3e1c-4709-8909-543e2e55c827|rpc:172.17.0.2:44583|dataStream:|priority:1] with ContainerStateMachine:uninitialized
2021-01-18 07:23:06,481 [pool-99-thread-1] INFO  server.RaftServerConfigKeys (ConfUtils.java:logGet(44)) - raft.server.rpc.timeout.min = 5s (custom)
2021-01-18 07:23:06,481 [pool-99-thread-1] INFO  server.RaftServerConfigKeys (ConfUtils.java:logGet(44)) - raft.server.rpc.timeout.max = 5200ms (custom)
2021-01-18 07:23:06,481 [pool-99-thread-1] INFO  server.RaftServerConfigKeys (ConfUtils.java:logGet(44)) - raft.server.rpc.sleep.time = 25ms (default)
2021-01-18 07:23:06,481 [pool-99-thread-1] INFO  server.RaftServerConfigKeys (ConfUtils.java:logGet(44)) - raft.server.rpc.slowness.timeout = 300s (custom)
2021-01-18 07:23:06,481 [pool-99-thread-1] INFO  server.RaftServerConfigKeys (ConfUtils.java:logGet(44)) - raft.server.leaderelection.leader.step-down.wait-time = 10s (default)
2021-01-18 07:23:06,481 [pool-99-thread-1] INFO  server.RaftServerConfigKeys (ConfUtils.java:logGet(44)) - raft.server.sleep.deviation.threshold = 300ms (default)
2021-01-18 07:23:06,481 [pool-99-thread-1] INFO  server.RaftServerConfigKeys (ConfUtils.java:logGet(44)) - raft.server.log.appender.install.snapshot.enabled = false (custom)
2021-01-18 07:23:06,481 [pool-99-thread-1] INFO  server.RaftServer$Division (ServerState.java:<init>(103)) - 4c7fc10d-533a-48df-9dd5-d11737eac487@group-147C4D88AB47: ConfigurationManager, init=-1: [4c7fc10d-533a-48df-9dd5-d11737eac487|rpc:172.17.0.2:38871|dataStream:|priority:0, 82d7d2f8-b8a6-49fb-a52d-45f65ec50674|rpc:172.17.0.2:35527|dataStream:|priority:0, f0d6c3f1-3e1c-4709-8909-543e2e55c827|rpc:172.17.0.2:44583|dataStream:|priority:1], old=null, confs=<EMPTY_MAP>
2021-01-18 07:23:06,481 [pool-99-thread-1] INFO  server.RaftServerConfigKeys (ConfUtils.java:logGet(44)) - raft.server.storage.dir = [/github/workspace/mnt/ozone/hadoop-ozone/integration-test/target/test-dir/MiniOzoneClusterImpl-31fb86ba-d539-4b3f-b864-a30db12016a3/datanode-2/data/ratis] (custom)
2021-01-18 07:23:06,482 [pool-99-thread-1] INFO  server.RaftServerConfigKeys (ConfUtils.java:logGet(44)) - raft.server.log.corruption.policy = EXCEPTION (default)
2021-01-18 07:23:06,482 [pool-99-thread-1] INFO  storage.RaftStorageDirectory (RaftStorageDirectoryImpl.java:analyzeStorage(132)) - The storage directory /github/workspace/mnt/ozone/hadoop-ozone/integration-test/target/test-dir/MiniOzoneClusterImpl-31fb86ba-d539-4b3f-b864-a30db12016a3/datanode-2/data/ratis/712a9273-c4aa-457a-ac5f-147c4d88ab47 does not exist. Creating ...
2021-01-18 07:23:06,484 [pool-99-thread-1] INFO  storage.RaftStorageDirectory (RaftStorageDirectoryImpl.java:tryLock(215)) - Lock on /github/workspace/mnt/ozone/hadoop-ozone/integration-test/target/test-dir/MiniOzoneClusterImpl-31fb86ba-d539-4b3f-b864-a30db12016a3/datanode-2/data/ratis/712a9273-c4aa-457a-ac5f-147c4d88ab47/in_use.lock acquired by nodename 14213@c4357192f866
2021-01-18 07:23:06,488 [pool-99-thread-1] INFO  storage.RaftStorage (RaftStorageImpl.java:format(87)) - Storage directory /github/workspace/mnt/ozone/hadoop-ozone/integration-test/target/test-dir/MiniOzoneClusterImpl-31fb86ba-d539-4b3f-b864-a30db12016a3/datanode-2/data/ratis/712a9273-c4aa-457a-ac5f-147c4d88ab47 has been successfully formatted.
2021-01-18 07:23:06,488 [pool-99-thread-1] INFO  ratis.ContainerStateMachine (ContainerStateMachine.java:loadSnapshot(223)) - group-147C4D88AB47: The snapshot info is null. Setting the last applied indexto:(t:0, i:~)
2021-01-18 07:23:06,488 [pool-99-thread-1] ERROR storage.RaftStorage (RaftStorageImpl.java:readRaftConfiguration(147)) - Failed reading configuration from file:/github/workspace/mnt/ozone/hadoop-ozone/integration-test/target/test-dir/MiniOzoneClusterImpl-31fb86ba-d539-4b3f-b864-a30db12016a3/datanode-2/data/ratis/712a9273-c4aa-457a-ac5f-147c4d88ab47/current/raft-meta.conf
java.io.FileNotFoundException: /github/workspace/mnt/ozone/hadoop-ozone/integration-test/target/test-dir/MiniOzoneClusterImpl-31fb86ba-d539-4b3f-b864-a30db12016a3/datanode-2/data/ratis/712a9273-c4aa-457a-ac5f-147c4d88ab47/current/raft-meta.conf (No such file or directory)
	at java.io.FileInputStream.open0(Native Method)
	at java.io.FileInputStream.open(FileInputStream.java:195)
	at java.io.FileInputStream.<init>(FileInputStream.java:138)
	at org.apache.ratis.server.storage.RaftStorageImpl.readRaftConfiguration(RaftStorageImpl.java:143)
	at org.apache.ratis.server.impl.ServerState.<init>(ServerState.java:113)
	at org.apache.ratis.server.impl.RaftServerImpl.<init>(RaftServerImpl.java:192)
	at org.apache.ratis.server.impl.RaftServerProxy.lambda$newRaftServerImpl$4(RaftServerProxy.java:266)
	at java.util.concurrent.CompletableFuture$AsyncSupply.run(CompletableFuture.java:1604)
	at java.util.concurrent.ThreadPoolExecutor.runWorker(ThreadPoolExecutor.java:1149)
	at java.util.concurrent.ThreadPoolExecutor$Worker.run(ThreadPoolExecutor.java:624)
	at java.lang.Thread.run(Thread.java:748)
2021-01-18 07:23:06,488 [pool-99-thread-1] INFO  server.RaftServerConfigKeys (ConfUtils.java:logGet(44)) - raft.server.notification.no-leader.timeout = 300s (custom)
2021-01-18 07:23:06,488 [pool-99-thread-1] INFO  server.RaftServerConfigKeys (ConfUtils.java:logGet(44)) - raft.server.log.use.memory = false (default)
2021-01-18 07:23:06,488 [pool-99-thread-1] INFO  server.RaftServerConfigKeys (ConfUtils.java:logGet(44)) - raft.server.log.purge.gap = 1000000 (custom)
2021-01-18 07:23:06,489 [pool-99-thread-1] INFO  server.RaftServerConfigKeys (ConfUtils.java:logGet(44)) - raft.server.log.appender.buffer.byte-limit = 33554432 (custom)
2021-01-18 07:23:06,489 [pool-99-thread-1] INFO  metrics.RatisMetrics (RatisMetrics.java:lambda$create$0(36)) - Creating Metrics Registry : ratis.log_worker.4c7fc10d-533a-48df-9dd5-d11737eac487@group-147C4D88AB47
2021-01-18 07:23:06,489 [pool-99-thread-1] INFO  server.RaftServerConfigKeys (ConfUtils.java:logGet(44)) - raft.server.log.segment.size.max = 1048576 (custom)
2021-01-18 07:23:06,490 [pool-99-thread-1] INFO  server.RaftServerConfigKeys (ConfUtils.java:logGet(44)) - raft.server.log.segment.cache.num.max = 2 (custom)
2021-01-18 07:23:06,490 [pool-99-thread-1] INFO  server.RaftServerConfigKeys (ConfUtils.java:logGet(44)) - raft.server.log.segment.cache.size.max = 200MB (=209715200) (default)
2021-01-18 07:23:06,490 [pool-99-thread-1] INFO  segmented.SegmentedRaftLogWorker (SegmentedRaftLogWorker.java:<init>(181)) - new 4c7fc10d-533a-48df-9dd5-d11737eac487@group-147C4D88AB47-SegmentedRaftLogWorker for RaftStorageImpl:Storage Directory /github/workspace/mnt/ozone/hadoop-ozone/integration-test/target/test-dir/MiniOzoneClusterImpl-31fb86ba-d539-4b3f-b864-a30db12016a3/datanode-2/data/ratis/712a9273-c4aa-457a-ac5f-147c4d88ab47
2021-01-18 07:23:06,490 [pool-99-thread-1] INFO  server.RaftServerConfigKeys (ConfUtils.java:logGet(44)) - raft.server.log.queue.byte-limit = 2147483647 (custom)
2021-01-18 07:23:06,490 [pool-99-thread-1] INFO  server.RaftServerConfigKeys (ConfUtils.java:logGet(44)) - raft.server.log.queue.element-limit = 1024 (custom)
2021-01-18 07:23:06,490 [pool-99-thread-1] INFO  server.RaftServerConfigKeys (ConfUtils.java:logGet(44)) - raft.server.log.segment.size.max = 1048576 (custom)
2021-01-18 07:23:06,490 [pool-99-thread-1] INFO  server.RaftServerConfigKeys (ConfUtils.java:logGet(44)) - raft.server.log.preallocated.size = 16384 (custom)
2021-01-18 07:23:06,490 [pool-99-thread-1] INFO  server.RaftServerConfigKeys (ConfUtils.java:logGet(44)) - raft.server.log.force.sync.num = 128 (default)
2021-01-18 07:23:06,490 [pool-99-thread-1] INFO  server.RaftServerConfigKeys (ConfUtils.java:logGet(44)) - raft.server.log.statemachine.data.sync = true (default)
2021-01-18 07:23:06,490 [pool-99-thread-1] INFO  server.RaftServerConfigKeys (ConfUtils.java:logGet(44)) - raft.server.log.statemachine.data.sync.timeout = 10s (default)
2021-01-18 07:23:06,490 [pool-99-thread-1] INFO  server.RaftServerConfigKeys (ConfUtils.java:logGet(44)) - raft.server.log.statemachine.data.sync.timeout.retry = -1 (default)
2021-01-18 07:23:06,491 [EventQueue-PipelineReportForOneReplicaPipelineSafeModeRule] INFO  safemode.SCMSafeModeManager (SCMSafeModeManager.java:validateSafeModeExitRules(214)) - AtleastOneDatanodeReportedRule rule is successfully validated
2021-01-18 07:23:06,491 [pool-99-thread-1] INFO  server.RaftServerConfigKeys (ConfUtils.java:logGet(44)) - raft.server.log.write.buffer.size = 1048576 (custom)
2021-01-18 07:23:06,491 [pool-99-thread-1] INFO  server.RaftServerConfigKeys (ConfUtils.java:logGet(44)) - raft.server.log.statemachine.data.caching.enabled = true (custom)
2021-01-18 07:23:06,491 [pool-99-thread-1] INFO  segmented.SegmentedRaftLogWorker (SegmentedRaftLogWorker.java:lambda$new$0(132)) - 4c7fc10d-533a-48df-9dd5-d11737eac487@group-147C4D88AB47-SegmentedRaftLogWorker: flushIndex: setUnconditionally 0 -> -1
2021-01-18 07:23:06,492 [pool-99-thread-1] INFO  segmented.SegmentedRaftLogWorker (SegmentedRaftLogWorker.java:lambda$new$0(132)) - 4c7fc10d-533a-48df-9dd5-d11737eac487@group-147C4D88AB47-SegmentedRaftLogWorker: safeCacheEvictIndex: setUnconditionally 0 -> -1
2021-01-18 07:23:06,492 [pool-99-thread-1] INFO  server.RaftServerConfigKeys (ConfUtils.java:logGet(44)) - raft.server.snapshot.auto.trigger.enabled = true (custom)
2021-01-18 07:23:06,492 [pool-99-thread-1] INFO  server.RaftServerConfigKeys (ConfUtils.java:logGet(44)) - raft.server.snapshot.auto.trigger.threshold = 10000 (custom)
2021-01-18 07:23:06,492 [pool-99-thread-1] INFO  server.RaftServerConfigKeys (ConfUtils.java:logGet(44)) - raft.server.snapshot.retention.file.num = 5 (custom)
2021-01-18 07:23:06,492 [pool-99-thread-1] INFO  server.RaftServerConfigKeys (ConfUtils.java:logGet(44)) - raft.server.log.purge.upto.snapshot.index = false (default)
2021-01-18 07:23:06,492 [pool-99-thread-1] INFO  server.RaftServerConfigKeys (ConfUtils.java:logGet(44)) - raft.server.retrycache.expirytime = 600000ms (custom)
2021-01-18 07:23:06,492 [pool-99-thread-1] INFO  server.RaftServerConfigKeys (ConfUtils.java:logGet(44)) - raft.server.retrycache.statistics.expirytime = 100?s (default)
2021-01-18 07:23:06,492 [pool-99-thread-1] INFO  metrics.RatisMetrics (RatisMetrics.java:lambda$create$0(36)) - Creating Metrics Registry : ratis.leader_election.4c7fc10d-533a-48df-9dd5-d11737eac487@group-147C4D88AB47
2021-01-18 07:23:06,492 [pool-99-thread-1] INFO  metrics.RatisMetrics (RatisMetrics.java:lambda$create$0(36)) - Creating Metrics Registry : ratis.server.4c7fc10d-533a-48df-9dd5-d11737eac487@group-147C4D88AB47
2021-01-18 07:23:06,493 [pool-99-thread-1] INFO  server.RaftServer$Division (RaftServerImpl.java:start(294)) - 4c7fc10d-533a-48df-9dd5-d11737eac487@group-147C4D88AB47: start as a follower, conf=-1: [4c7fc10d-533a-48df-9dd5-d11737eac487|rpc:172.17.0.2:38871|dataStream:|priority:0, 82d7d2f8-b8a6-49fb-a52d-45f65ec50674|rpc:172.17.0.2:35527|dataStream:|priority:0, f0d6c3f1-3e1c-4709-8909-543e2e55c827|rpc:172.17.0.2:44583|dataStream:|priority:1], old=null
2021-01-18 07:23:06,493 [pool-99-thread-1] INFO  server.RaftServer$Division (RaftServerImpl.java:setRole(283)) - 4c7fc10d-533a-48df-9dd5-d11737eac487@group-147C4D88AB47: changes role from      null to FOLLOWER at term 0 for startAsFollower
2021-01-18 07:23:06,493 [pool-99-thread-1] INFO  impl.RoleInfo (RoleInfo.java:updateAndGet(130)) - 4c7fc10d-533a-48df-9dd5-d11737eac487: start 4c7fc10d-533a-48df-9dd5-d11737eac487@group-147C4D88AB47-FollowerState
2021-01-18 07:23:06,493 [pool-99-thread-1] INFO  util.JmxRegister (JmxRegister.java:tryRegister(44)) - Successfully registered JMX Bean with object name Ratis:service=RaftServer,group=group-147C4D88AB47,id=4c7fc10d-533a-48df-9dd5-d11737eac487
2021-01-18 07:23:06,493 [pool-99-thread-1] INFO  metrics.RatisMetrics (RatisMetrics.java:lambda$create$0(36)) - Creating Metrics Registry : ratis.state_machine.4c7fc10d-533a-48df-9dd5-d11737eac487@group-147C4D88AB47
2021-01-18 07:23:06,507 [Command processor thread] INFO  commandhandler.CreatePipelineCommandHandler (CreatePipelineCommandHandler.java:handle(106)) - Created Pipeline RATIS THREE PipelineID=712a9273-c4aa-457a-ac5f-147c4d88ab47.
2021-01-18 07:23:06,507 [Command processor thread] INFO  server.RaftServer (RaftServerProxy.java:addNew(95)) - f0d6c3f1-3e1c-4709-8909-543e2e55c827: addNew group-77B7514020FA:[4c7fc10d-533a-48df-9dd5-d11737eac487|rpc:172.17.0.2:38871|priority:0, 82d7d2f8-b8a6-49fb-a52d-45f65ec50674|rpc:172.17.0.2:35527|priority:1, f0d6c3f1-3e1c-4709-8909-543e2e55c827|rpc:172.17.0.2:44583|priority:0] returns group-77B7514020FA:java.util.concurrent.CompletableFuture@1f816f77[Not completed]
2021-01-18 07:23:06,508 [pool-67-thread-1] INFO  server.RaftServer$Division (RaftServerImpl.java:<init>(179)) - f0d6c3f1-3e1c-4709-8909-543e2e55c827: new RaftServerImpl for group-77B7514020FA:[4c7fc10d-533a-48df-9dd5-d11737eac487|rpc:172.17.0.2:38871|priority:0, 82d7d2f8-b8a6-49fb-a52d-45f65ec50674|rpc:172.17.0.2:35527|priority:1, f0d6c3f1-3e1c-4709-8909-543e2e55c827|rpc:172.17.0.2:44583|priority:0] with ContainerStateMachine:uninitialized
2021-01-18 07:23:06,508 [pool-67-thread-1] INFO  server.RaftServerConfigKeys (ConfUtils.java:logGet(44)) - raft.server.rpc.timeout.min = 5s (custom)
2021-01-18 07:23:06,508 [pool-67-thread-1] INFO  server.RaftServerConfigKeys (ConfUtils.java:logGet(44)) - raft.server.rpc.timeout.max = 5200ms (custom)
2021-01-18 07:23:06,508 [pool-67-thread-1] INFO  server.RaftServerConfigKeys (ConfUtils.java:logGet(44)) - raft.server.rpc.sleep.time = 25ms (default)
2021-01-18 07:23:06,509 [pool-67-thread-1] INFO  server.RaftServerConfigKeys (ConfUtils.java:logGet(44)) - raft.server.rpc.slowness.timeout = 300s (custom)
2021-01-18 07:23:06,509 [pool-67-thread-1] INFO  server.RaftServerConfigKeys (ConfUtils.java:logGet(44)) - raft.server.leaderelection.leader.step-down.wait-time = 10s (default)
2021-01-18 07:23:06,509 [pool-67-thread-1] INFO  server.RaftServerConfigKeys (ConfUtils.java:logGet(44)) - raft.server.sleep.deviation.threshold = 300ms (default)
2021-01-18 07:23:06,509 [pool-67-thread-1] INFO  server.RaftServerConfigKeys (ConfUtils.java:logGet(44)) - raft.server.log.appender.install.snapshot.enabled = false (custom)
2021-01-18 07:23:06,509 [pool-67-thread-1] INFO  server.RaftServer$Division (ServerState.java:<init>(103)) - f0d6c3f1-3e1c-4709-8909-543e2e55c827@group-77B7514020FA: ConfigurationManager, init=-1: [4c7fc10d-533a-48df-9dd5-d11737eac487|rpc:172.17.0.2:38871|priority:0, 82d7d2f8-b8a6-49fb-a52d-45f65ec50674|rpc:172.17.0.2:35527|priority:1, f0d6c3f1-3e1c-4709-8909-543e2e55c827|rpc:172.17.0.2:44583|priority:0], old=null, confs=<EMPTY_MAP>
2021-01-18 07:23:06,509 [pool-67-thread-1] INFO  server.RaftServerConfigKeys (ConfUtils.java:logGet(44)) - raft.server.storage.dir = [/github/workspace/mnt/ozone/hadoop-ozone/integration-test/target/test-dir/MiniOzoneClusterImpl-31fb86ba-d539-4b3f-b864-a30db12016a3/datanode-0/data/ratis] (custom)
2021-01-18 07:23:06,509 [pool-67-thread-1] INFO  server.RaftServerConfigKeys (ConfUtils.java:logGet(44)) - raft.server.log.corruption.policy = EXCEPTION (default)
2021-01-18 07:23:06,509 [pool-67-thread-1] INFO  storage.RaftStorageDirectory (RaftStorageDirectoryImpl.java:analyzeStorage(132)) - The storage directory /github/workspace/mnt/ozone/hadoop-ozone/integration-test/target/test-dir/MiniOzoneClusterImpl-31fb86ba-d539-4b3f-b864-a30db12016a3/datanode-0/data/ratis/3ae468c9-88cc-4b78-b2c9-77b7514020fa does not exist. Creating ...
2021-01-18 07:23:06,510 [pool-67-thread-1] INFO  storage.RaftStorageDirectory (RaftStorageDirectoryImpl.java:tryLock(215)) - Lock on /github/workspace/mnt/ozone/hadoop-ozone/integration-test/target/test-dir/MiniOzoneClusterImpl-31fb86ba-d539-4b3f-b864-a30db12016a3/datanode-0/data/ratis/3ae468c9-88cc-4b78-b2c9-77b7514020fa/in_use.lock acquired by nodename 14213@c4357192f866
2021-01-18 07:23:06,511 [pool-67-thread-1] INFO  storage.RaftStorage (RaftStorageImpl.java:format(87)) - Storage directory /github/workspace/mnt/ozone/hadoop-ozone/integration-test/target/test-dir/MiniOzoneClusterImpl-31fb86ba-d539-4b3f-b864-a30db12016a3/datanode-0/data/ratis/3ae468c9-88cc-4b78-b2c9-77b7514020fa has been successfully formatted.
2021-01-18 07:23:06,512 [pool-67-thread-1] INFO  ratis.ContainerStateMachine (ContainerStateMachine.java:loadSnapshot(223)) - group-77B7514020FA: The snapshot info is null. Setting the last applied indexto:(t:0, i:~)
2021-01-18 07:23:06,517 [pool-67-thread-1] ERROR storage.RaftStorage (RaftStorageImpl.java:readRaftConfiguration(147)) - Failed reading configuration from file:/github/workspace/mnt/ozone/hadoop-ozone/integration-test/target/test-dir/MiniOzoneClusterImpl-31fb86ba-d539-4b3f-b864-a30db12016a3/datanode-0/data/ratis/3ae468c9-88cc-4b78-b2c9-77b7514020fa/current/raft-meta.conf
java.io.FileNotFoundException: /github/workspace/mnt/ozone/hadoop-ozone/integration-test/target/test-dir/MiniOzoneClusterImpl-31fb86ba-d539-4b3f-b864-a30db12016a3/datanode-0/data/ratis/3ae468c9-88cc-4b78-b2c9-77b7514020fa/current/raft-meta.conf (No such file or directory)
	at java.io.FileInputStream.open0(Native Method)
	at java.io.FileInputStream.open(FileInputStream.java:195)
	at java.io.FileInputStream.<init>(FileInputStream.java:138)
	at org.apache.ratis.server.storage.RaftStorageImpl.readRaftConfiguration(RaftStorageImpl.java:143)
	at org.apache.ratis.server.impl.ServerState.<init>(ServerState.java:113)
	at org.apache.ratis.server.impl.RaftServerImpl.<init>(RaftServerImpl.java:192)
	at org.apache.ratis.server.impl.RaftServerProxy.lambda$newRaftServerImpl$4(RaftServerProxy.java:266)
	at java.util.concurrent.CompletableFuture$AsyncSupply.run(CompletableFuture.java:1604)
	at java.util.concurrent.ThreadPoolExecutor.runWorker(ThreadPoolExecutor.java:1149)
	at java.util.concurrent.ThreadPoolExecutor$Worker.run(ThreadPoolExecutor.java:624)
	at java.lang.Thread.run(Thread.java:748)
2021-01-18 07:23:06,517 [pool-67-thread-1] INFO  server.RaftServerConfigKeys (ConfUtils.java:logGet(44)) - raft.server.notification.no-leader.timeout = 300s (custom)
2021-01-18 07:23:06,517 [pool-67-thread-1] INFO  server.RaftServerConfigKeys (ConfUtils.java:logGet(44)) - raft.server.log.use.memory = false (default)
2021-01-18 07:23:06,517 [pool-67-thread-1] INFO  server.RaftServerConfigKeys (ConfUtils.java:logGet(44)) - raft.server.log.purge.gap = 1000000 (custom)
2021-01-18 07:23:06,518 [EventQueue-PipelineReportForOneReplicaPipelineSafeModeRule] INFO  safemode.SCMSafeModeManager (SCMSafeModeManager.java:validateSafeModeExitRules(214)) - AtleastOneDatanodeReportedRule rule is successfully validated
2021-01-18 07:23:06,518 [EventQueue-OpenPipelineForHealthyPipelineSafeModeRule] INFO  safemode.SCMSafeModeManager (HealthyPipelineSafeModeRule.java:process(128)) - SCM in safe mode. Healthy pipelines reported count is 0, required healthy pipeline reported count is 1
2021-01-18 07:23:06,518 [pool-67-thread-1] INFO  server.RaftServerConfigKeys (ConfUtils.java:logGet(44)) - raft.server.log.appender.buffer.byte-limit = 33554432 (custom)
2021-01-18 07:23:06,518 [pool-67-thread-1] INFO  metrics.RatisMetrics (RatisMetrics.java:lambda$create$0(36)) - Creating Metrics Registry : ratis.log_worker.f0d6c3f1-3e1c-4709-8909-543e2e55c827@group-77B7514020FA
2021-01-18 07:23:06,518 [pool-67-thread-1] INFO  server.RaftServerConfigKeys (ConfUtils.java:logGet(44)) - raft.server.log.segment.size.max = 1048576 (custom)
2021-01-18 07:23:06,518 [pool-67-thread-1] INFO  server.RaftServerConfigKeys (ConfUtils.java:logGet(44)) - raft.server.log.segment.cache.num.max = 2 (custom)
2021-01-18 07:23:06,518 [pool-67-thread-1] INFO  server.RaftServerConfigKeys (ConfUtils.java:logGet(44)) - raft.server.log.segment.cache.size.max = 200MB (=209715200) (default)
2021-01-18 07:23:06,519 [pool-67-thread-1] INFO  segmented.SegmentedRaftLogWorker (SegmentedRaftLogWorker.java:<init>(181)) - new f0d6c3f1-3e1c-4709-8909-543e2e55c827@group-77B7514020FA-SegmentedRaftLogWorker for RaftStorageImpl:Storage Directory /github/workspace/mnt/ozone/hadoop-ozone/integration-test/target/test-dir/MiniOzoneClusterImpl-31fb86ba-d539-4b3f-b864-a30db12016a3/datanode-0/data/ratis/3ae468c9-88cc-4b78-b2c9-77b7514020fa
2021-01-18 07:23:06,519 [pool-67-thread-1] INFO  server.RaftServerConfigKeys (ConfUtils.java:logGet(44)) - raft.server.log.queue.byte-limit = 2147483647 (custom)
2021-01-18 07:23:06,519 [pool-67-thread-1] INFO  server.RaftServerConfigKeys (ConfUtils.java:logGet(44)) - raft.server.log.queue.element-limit = 1024 (custom)
2021-01-18 07:23:06,519 [pool-67-thread-1] INFO  server.RaftServerConfigKeys (ConfUtils.java:logGet(44)) - raft.server.log.segment.size.max = 1048576 (custom)
2021-01-18 07:23:06,519 [pool-67-thread-1] INFO  server.RaftServerConfigKeys (ConfUtils.java:logGet(44)) - raft.server.log.preallocated.size = 16384 (custom)
2021-01-18 07:23:06,519 [pool-67-thread-1] INFO  server.RaftServerConfigKeys (ConfUtils.java:logGet(44)) - raft.server.log.force.sync.num = 128 (default)
2021-01-18 07:23:06,519 [pool-67-thread-1] INFO  server.RaftServerConfigKeys (ConfUtils.java:logGet(44)) - raft.server.log.statemachine.data.sync = true (default)
2021-01-18 07:23:06,519 [pool-67-thread-1] INFO  server.RaftServerConfigKeys (ConfUtils.java:logGet(44)) - raft.server.log.statemachine.data.sync.timeout = 10s (default)
2021-01-18 07:23:06,519 [pool-67-thread-1] INFO  server.RaftServerConfigKeys (ConfUtils.java:logGet(44)) - raft.server.log.statemachine.data.sync.timeout.retry = -1 (default)
2021-01-18 07:23:06,520 [pool-67-thread-1] INFO  server.RaftServerConfigKeys (ConfUtils.java:logGet(44)) - raft.server.log.write.buffer.size = 1048576 (custom)
2021-01-18 07:23:06,520 [pool-67-thread-1] INFO  server.RaftServerConfigKeys (ConfUtils.java:logGet(44)) - raft.server.log.statemachine.data.caching.enabled = true (custom)
2021-01-18 07:23:06,522 [pool-67-thread-1] INFO  segmented.SegmentedRaftLogWorker (SegmentedRaftLogWorker.java:lambda$new$0(132)) - f0d6c3f1-3e1c-4709-8909-543e2e55c827@group-77B7514020FA-SegmentedRaftLogWorker: flushIndex: setUnconditionally 0 -> -1
2021-01-18 07:23:06,522 [pool-67-thread-1] INFO  segmented.SegmentedRaftLogWorker (SegmentedRaftLogWorker.java:lambda$new$0(132)) - f0d6c3f1-3e1c-4709-8909-543e2e55c827@group-77B7514020FA-SegmentedRaftLogWorker: safeCacheEvictIndex: setUnconditionally 0 -> -1
2021-01-18 07:23:06,525 [pool-67-thread-1] INFO  server.RaftServerConfigKeys (ConfUtils.java:logGet(44)) - raft.server.snapshot.auto.trigger.enabled = true (custom)
2021-01-18 07:23:06,525 [pool-67-thread-1] INFO  server.RaftServerConfigKeys (ConfUtils.java:logGet(44)) - raft.server.snapshot.auto.trigger.threshold = 10000 (custom)
2021-01-18 07:23:06,525 [pool-67-thread-1] INFO  server.RaftServerConfigKeys (ConfUtils.java:logGet(44)) - raft.server.snapshot.retention.file.num = 5 (custom)
2021-01-18 07:23:06,525 [pool-67-thread-1] INFO  server.RaftServerConfigKeys (ConfUtils.java:logGet(44)) - raft.server.log.purge.upto.snapshot.index = false (default)
2021-01-18 07:23:06,525 [pool-67-thread-1] INFO  server.RaftServerConfigKeys (ConfUtils.java:logGet(44)) - raft.server.retrycache.expirytime = 600000ms (custom)
2021-01-18 07:23:06,525 [pool-67-thread-1] INFO  server.RaftServerConfigKeys (ConfUtils.java:logGet(44)) - raft.server.retrycache.statistics.expirytime = 100?s (default)
2021-01-18 07:23:06,525 [pool-67-thread-1] INFO  metrics.RatisMetrics (RatisMetrics.java:lambda$create$0(36)) - Creating Metrics Registry : ratis.leader_election.f0d6c3f1-3e1c-4709-8909-543e2e55c827@group-77B7514020FA
2021-01-18 07:23:06,525 [pool-67-thread-1] INFO  metrics.RatisMetrics (RatisMetrics.java:lambda$create$0(36)) - Creating Metrics Registry : ratis.server.f0d6c3f1-3e1c-4709-8909-543e2e55c827@group-77B7514020FA
2021-01-18 07:23:06,526 [pool-67-thread-1] INFO  server.RaftServer$Division (RaftServerImpl.java:start(294)) - f0d6c3f1-3e1c-4709-8909-543e2e55c827@group-77B7514020FA: start as a follower, conf=-1: [4c7fc10d-533a-48df-9dd5-d11737eac487|rpc:172.17.0.2:38871|priority:0, 82d7d2f8-b8a6-49fb-a52d-45f65ec50674|rpc:172.17.0.2:35527|priority:1, f0d6c3f1-3e1c-4709-8909-543e2e55c827|rpc:172.17.0.2:44583|priority:0], old=null
2021-01-18 07:23:06,526 [pool-67-thread-1] INFO  server.RaftServer$Division (RaftServerImpl.java:setRole(283)) - f0d6c3f1-3e1c-4709-8909-543e2e55c827@group-77B7514020FA: changes role from      null to FOLLOWER at term 0 for startAsFollower
2021-01-18 07:23:06,526 [pool-67-thread-1] INFO  impl.RoleInfo (RoleInfo.java:updateAndGet(130)) - f0d6c3f1-3e1c-4709-8909-543e2e55c827: start f0d6c3f1-3e1c-4709-8909-543e2e55c827@group-77B7514020FA-FollowerState
2021-01-18 07:23:06,526 [pool-67-thread-1] INFO  util.JmxRegister (JmxRegister.java:tryRegister(44)) - Successfully registered JMX Bean with object name Ratis:service=RaftServer,group=group-77B7514020FA,id=f0d6c3f1-3e1c-4709-8909-543e2e55c827
2021-01-18 07:23:06,526 [pool-67-thread-1] INFO  metrics.RatisMetrics (RatisMetrics.java:lambda$create$0(36)) - Creating Metrics Registry : ratis.state_machine.f0d6c3f1-3e1c-4709-8909-543e2e55c827@group-77B7514020FA
2021-01-18 07:23:06,529 [Command processor thread] INFO  metrics.RatisMetrics (RatisMetrics.java:lambda$create$0(36)) - Creating Metrics Registry : ratis.client_message_metrics.client-3AFBD6B98EBC->82d7d2f8-b8a6-49fb-a52d-45f65ec50674
2021-01-18 07:23:06,537 [grpc-default-executor-0] INFO  server.RaftServer (RaftServerProxy.java:addNew(95)) - 82d7d2f8-b8a6-49fb-a52d-45f65ec50674: addNew group-77B7514020FA:[4c7fc10d-533a-48df-9dd5-d11737eac487|rpc:172.17.0.2:38871|dataStream:|priority:0, 82d7d2f8-b8a6-49fb-a52d-45f65ec50674|rpc:172.17.0.2:35527|dataStream:|priority:1, f0d6c3f1-3e1c-4709-8909-543e2e55c827|rpc:172.17.0.2:44583|dataStream:|priority:0] returns group-77B7514020FA:java.util.concurrent.CompletableFuture@71dd475f[Not completed]
2021-01-18 07:23:06,538 [pool-82-thread-1] INFO  server.RaftServer$Division (RaftServerImpl.java:<init>(179)) - 82d7d2f8-b8a6-49fb-a52d-45f65ec50674: new RaftServerImpl for group-77B7514020FA:[4c7fc10d-533a-48df-9dd5-d11737eac487|rpc:172.17.0.2:38871|dataStream:|priority:0, 82d7d2f8-b8a6-49fb-a52d-45f65ec50674|rpc:172.17.0.2:35527|dataStream:|priority:1, f0d6c3f1-3e1c-4709-8909-543e2e55c827|rpc:172.17.0.2:44583|dataStream:|priority:0] with ContainerStateMachine:uninitialized
2021-01-18 07:23:06,538 [pool-82-thread-1] INFO  server.RaftServerConfigKeys (ConfUtils.java:logGet(44)) - raft.server.rpc.timeout.min = 5s (custom)
2021-01-18 07:23:06,538 [pool-82-thread-1] INFO  server.RaftServerConfigKeys (ConfUtils.java:logGet(44)) - raft.server.rpc.timeout.max = 5200ms (custom)
2021-01-18 07:23:06,539 [pool-82-thread-1] INFO  server.RaftServerConfigKeys (ConfUtils.java:logGet(44)) - raft.server.rpc.sleep.time = 25ms (default)
2021-01-18 07:23:06,539 [pool-82-thread-1] INFO  server.RaftServerConfigKeys (ConfUtils.java:logGet(44)) - raft.server.rpc.slowness.timeout = 300s (custom)
2021-01-18 07:23:06,539 [pool-82-thread-1] INFO  server.RaftServerConfigKeys (ConfUtils.java:logGet(44)) - raft.server.leaderelection.leader.step-down.wait-time = 10s (default)
2021-01-18 07:23:06,539 [pool-82-thread-1] INFO  server.RaftServerConfigKeys (ConfUtils.java:logGet(44)) - raft.server.sleep.deviation.threshold = 300ms (default)
2021-01-18 07:23:06,539 [pool-82-thread-1] INFO  server.RaftServerConfigKeys (ConfUtils.java:logGet(44)) - raft.server.log.appender.install.snapshot.enabled = false (custom)
2021-01-18 07:23:06,539 [pool-82-thread-1] INFO  server.RaftServer$Division (ServerState.java:<init>(103)) - 82d7d2f8-b8a6-49fb-a52d-45f65ec50674@group-77B7514020FA: ConfigurationManager, init=-1: [4c7fc10d-533a-48df-9dd5-d11737eac487|rpc:172.17.0.2:38871|dataStream:|priority:0, 82d7d2f8-b8a6-49fb-a52d-45f65ec50674|rpc:172.17.0.2:35527|dataStream:|priority:1, f0d6c3f1-3e1c-4709-8909-543e2e55c827|rpc:172.17.0.2:44583|dataStream:|priority:0], old=null, confs=<EMPTY_MAP>
2021-01-18 07:23:06,539 [pool-82-thread-1] INFO  server.RaftServerConfigKeys (ConfUtils.java:logGet(44)) - raft.server.storage.dir = [/github/workspace/mnt/ozone/hadoop-ozone/integration-test/target/test-dir/MiniOzoneClusterImpl-31fb86ba-d539-4b3f-b864-a30db12016a3/datanode-1/data/ratis] (custom)
2021-01-18 07:23:06,539 [pool-82-thread-1] INFO  server.RaftServerConfigKeys (ConfUtils.java:logGet(44)) - raft.server.log.corruption.policy = EXCEPTION (default)
2021-01-18 07:23:06,539 [pool-82-thread-1] INFO  storage.RaftStorageDirectory (RaftStorageDirectoryImpl.java:analyzeStorage(132)) - The storage directory /github/workspace/mnt/ozone/hadoop-ozone/integration-test/target/test-dir/MiniOzoneClusterImpl-31fb86ba-d539-4b3f-b864-a30db12016a3/datanode-1/data/ratis/3ae468c9-88cc-4b78-b2c9-77b7514020fa does not exist. Creating ...
2021-01-18 07:23:06,540 [pool-82-thread-1] INFO  storage.RaftStorageDirectory (RaftStorageDirectoryImpl.java:tryLock(215)) - Lock on /github/workspace/mnt/ozone/hadoop-ozone/integration-test/target/test-dir/MiniOzoneClusterImpl-31fb86ba-d539-4b3f-b864-a30db12016a3/datanode-1/data/ratis/3ae468c9-88cc-4b78-b2c9-77b7514020fa/in_use.lock acquired by nodename 14213@c4357192f866
2021-01-18 07:23:06,542 [pool-82-thread-1] INFO  storage.RaftStorage (RaftStorageImpl.java:format(87)) - Storage directory /github/workspace/mnt/ozone/hadoop-ozone/integration-test/target/test-dir/MiniOzoneClusterImpl-31fb86ba-d539-4b3f-b864-a30db12016a3/datanode-1/data/ratis/3ae468c9-88cc-4b78-b2c9-77b7514020fa has been successfully formatted.
2021-01-18 07:23:06,545 [pool-82-thread-1] INFO  ratis.ContainerStateMachine (ContainerStateMachine.java:loadSnapshot(223)) - group-77B7514020FA: The snapshot info is null. Setting the last applied indexto:(t:0, i:~)
2021-01-18 07:23:06,545 [pool-82-thread-1] ERROR storage.RaftStorage (RaftStorageImpl.java:readRaftConfiguration(147)) - Failed reading configuration from file:/github/workspace/mnt/ozone/hadoop-ozone/integration-test/target/test-dir/MiniOzoneClusterImpl-31fb86ba-d539-4b3f-b864-a30db12016a3/datanode-1/data/ratis/3ae468c9-88cc-4b78-b2c9-77b7514020fa/current/raft-meta.conf
java.io.FileNotFoundException: /github/workspace/mnt/ozone/hadoop-ozone/integration-test/target/test-dir/MiniOzoneClusterImpl-31fb86ba-d539-4b3f-b864-a30db12016a3/datanode-1/data/ratis/3ae468c9-88cc-4b78-b2c9-77b7514020fa/current/raft-meta.conf (No such file or directory)
	at java.io.FileInputStream.open0(Native Method)
	at java.io.FileInputStream.open(FileInputStream.java:195)
	at java.io.FileInputStream.<init>(FileInputStream.java:138)
	at org.apache.ratis.server.storage.RaftStorageImpl.readRaftConfiguration(RaftStorageImpl.java:143)
	at org.apache.ratis.server.impl.ServerState.<init>(ServerState.java:113)
	at org.apache.ratis.server.impl.RaftServerImpl.<init>(RaftServerImpl.java:192)
	at org.apache.ratis.server.impl.RaftServerProxy.lambda$newRaftServerImpl$4(RaftServerProxy.java:266)
	at java.util.concurrent.CompletableFuture$AsyncSupply.run(CompletableFuture.java:1604)
	at java.util.concurrent.ThreadPoolExecutor.runWorker(ThreadPoolExecutor.java:1149)
	at java.util.concurrent.ThreadPoolExecutor$Worker.run(ThreadPoolExecutor.java:624)
	at java.lang.Thread.run(Thread.java:748)
2021-01-18 07:23:06,546 [EventQueue-OpenPipelineForHealthyPipelineSafeModeRule] INFO  safemode.SCMSafeModeManager (HealthyPipelineSafeModeRule.java:process(128)) - SCM in safe mode. Healthy pipelines reported count is 0, required healthy pipeline reported count is 1
2021-01-18 07:23:06,546 [EventQueue-PipelineReportForOneReplicaPipelineSafeModeRule] INFO  safemode.SCMSafeModeManager (SCMSafeModeManager.java:validateSafeModeExitRules(214)) - AtleastOneDatanodeReportedRule rule is successfully validated
2021-01-18 07:23:06,546 [pool-82-thread-1] INFO  server.RaftServerConfigKeys (ConfUtils.java:logGet(44)) - raft.server.notification.no-leader.timeout = 300s (custom)
2021-01-18 07:23:06,546 [pool-82-thread-1] INFO  server.RaftServerConfigKeys (ConfUtils.java:logGet(44)) - raft.server.log.use.memory = false (default)
2021-01-18 07:23:06,546 [pool-82-thread-1] INFO  server.RaftServerConfigKeys (ConfUtils.java:logGet(44)) - raft.server.log.purge.gap = 1000000 (custom)
2021-01-18 07:23:06,546 [pool-82-thread-1] INFO  server.RaftServerConfigKeys (ConfUtils.java:logGet(44)) - raft.server.log.appender.buffer.byte-limit = 33554432 (custom)
2021-01-18 07:23:06,546 [pool-82-thread-1] INFO  metrics.RatisMetrics (RatisMetrics.java:lambda$create$0(36)) - Creating Metrics Registry : ratis.log_worker.82d7d2f8-b8a6-49fb-a52d-45f65ec50674@group-77B7514020FA
2021-01-18 07:23:06,546 [pool-82-thread-1] INFO  server.RaftServerConfigKeys (ConfUtils.java:logGet(44)) - raft.server.log.segment.size.max = 1048576 (custom)
2021-01-18 07:23:06,547 [pool-82-thread-1] INFO  server.RaftServerConfigKeys (ConfUtils.java:logGet(44)) - raft.server.log.segment.cache.num.max = 2 (custom)
2021-01-18 07:23:06,547 [pool-82-thread-1] INFO  server.RaftServerConfigKeys (ConfUtils.java:logGet(44)) - raft.server.log.segment.cache.size.max = 200MB (=209715200) (default)
2021-01-18 07:23:06,547 [pool-82-thread-1] INFO  segmented.SegmentedRaftLogWorker (SegmentedRaftLogWorker.java:<init>(181)) - new 82d7d2f8-b8a6-49fb-a52d-45f65ec50674@group-77B7514020FA-SegmentedRaftLogWorker for RaftStorageImpl:Storage Directory /github/workspace/mnt/ozone/hadoop-ozone/integration-test/target/test-dir/MiniOzoneClusterImpl-31fb86ba-d539-4b3f-b864-a30db12016a3/datanode-1/data/ratis/3ae468c9-88cc-4b78-b2c9-77b7514020fa
2021-01-18 07:23:06,547 [pool-82-thread-1] INFO  server.RaftServerConfigKeys (ConfUtils.java:logGet(44)) - raft.server.log.queue.byte-limit = 2147483647 (custom)
2021-01-18 07:23:06,547 [pool-82-thread-1] INFO  server.RaftServerConfigKeys (ConfUtils.java:logGet(44)) - raft.server.log.queue.element-limit = 1024 (custom)
2021-01-18 07:23:06,547 [pool-82-thread-1] INFO  server.RaftServerConfigKeys (ConfUtils.java:logGet(44)) - raft.server.log.segment.size.max = 1048576 (custom)
2021-01-18 07:23:06,547 [pool-82-thread-1] INFO  server.RaftServerConfigKeys (ConfUtils.java:logGet(44)) - raft.server.log.preallocated.size = 16384 (custom)
2021-01-18 07:23:06,547 [pool-82-thread-1] INFO  server.RaftServerConfigKeys (ConfUtils.java:logGet(44)) - raft.server.log.force.sync.num = 128 (default)
2021-01-18 07:23:06,547 [pool-82-thread-1] INFO  server.RaftServerConfigKeys (ConfUtils.java:logGet(44)) - raft.server.log.statemachine.data.sync = true (default)
2021-01-18 07:23:06,547 [pool-82-thread-1] INFO  server.RaftServerConfigKeys (ConfUtils.java:logGet(44)) - raft.server.log.statemachine.data.sync.timeout = 10s (default)
2021-01-18 07:23:06,547 [pool-82-thread-1] INFO  server.RaftServerConfigKeys (ConfUtils.java:logGet(44)) - raft.server.log.statemachine.data.sync.timeout.retry = -1 (default)
2021-01-18 07:23:06,548 [pool-82-thread-1] INFO  server.RaftServerConfigKeys (ConfUtils.java:logGet(44)) - raft.server.log.write.buffer.size = 1048576 (custom)
2021-01-18 07:23:06,549 [pool-82-thread-1] INFO  server.RaftServerConfigKeys (ConfUtils.java:logGet(44)) - raft.server.log.statemachine.data.caching.enabled = true (custom)
2021-01-18 07:23:06,549 [pool-82-thread-1] INFO  segmented.SegmentedRaftLogWorker (SegmentedRaftLogWorker.java:lambda$new$0(132)) - 82d7d2f8-b8a6-49fb-a52d-45f65ec50674@group-77B7514020FA-SegmentedRaftLogWorker: flushIndex: setUnconditionally 0 -> -1
2021-01-18 07:23:06,549 [pool-82-thread-1] INFO  segmented.SegmentedRaftLogWorker (SegmentedRaftLogWorker.java:lambda$new$0(132)) - 82d7d2f8-b8a6-49fb-a52d-45f65ec50674@group-77B7514020FA-SegmentedRaftLogWorker: safeCacheEvictIndex: setUnconditionally 0 -> -1
2021-01-18 07:23:06,549 [pool-82-thread-1] INFO  server.RaftServerConfigKeys (ConfUtils.java:logGet(44)) - raft.server.snapshot.auto.trigger.enabled = true (custom)
2021-01-18 07:23:06,549 [pool-82-thread-1] INFO  server.RaftServerConfigKeys (ConfUtils.java:logGet(44)) - raft.server.snapshot.auto.trigger.threshold = 10000 (custom)
2021-01-18 07:23:06,549 [pool-82-thread-1] INFO  server.RaftServerConfigKeys (ConfUtils.java:logGet(44)) - raft.server.snapshot.retention.file.num = 5 (custom)
2021-01-18 07:23:06,549 [pool-82-thread-1] INFO  server.RaftServerConfigKeys (ConfUtils.java:logGet(44)) - raft.server.log.purge.upto.snapshot.index = false (default)
2021-01-18 07:23:06,549 [pool-82-thread-1] INFO  server.RaftServerConfigKeys (ConfUtils.java:logGet(44)) - raft.server.retrycache.expirytime = 600000ms (custom)
2021-01-18 07:23:06,549 [pool-82-thread-1] INFO  server.RaftServerConfigKeys (ConfUtils.java:logGet(44)) - raft.server.retrycache.statistics.expirytime = 100?s (default)
2021-01-18 07:23:06,550 [pool-82-thread-1] INFO  metrics.RatisMetrics (RatisMetrics.java:lambda$create$0(36)) - Creating Metrics Registry : ratis.leader_election.82d7d2f8-b8a6-49fb-a52d-45f65ec50674@group-77B7514020FA
2021-01-18 07:23:06,550 [pool-82-thread-1] INFO  metrics.RatisMetrics (RatisMetrics.java:lambda$create$0(36)) - Creating Metrics Registry : ratis.server.82d7d2f8-b8a6-49fb-a52d-45f65ec50674@group-77B7514020FA
2021-01-18 07:23:06,551 [pool-82-thread-1] INFO  server.RaftServer$Division (RaftServerImpl.java:start(294)) - 82d7d2f8-b8a6-49fb-a52d-45f65ec50674@group-77B7514020FA: start as a follower, conf=-1: [4c7fc10d-533a-48df-9dd5-d11737eac487|rpc:172.17.0.2:38871|dataStream:|priority:0, 82d7d2f8-b8a6-49fb-a52d-45f65ec50674|rpc:172.17.0.2:35527|dataStream:|priority:1, f0d6c3f1-3e1c-4709-8909-543e2e55c827|rpc:172.17.0.2:44583|dataStream:|priority:0], old=null
2021-01-18 07:23:06,551 [pool-82-thread-1] INFO  server.RaftServer$Division (RaftServerImpl.java:setRole(283)) - 82d7d2f8-b8a6-49fb-a52d-45f65ec50674@group-77B7514020FA: changes role from      null to FOLLOWER at term 0 for startAsFollower
2021-01-18 07:23:06,551 [pool-82-thread-1] INFO  impl.RoleInfo (RoleInfo.java:updateAndGet(130)) - 82d7d2f8-b8a6-49fb-a52d-45f65ec50674: start 82d7d2f8-b8a6-49fb-a52d-45f65ec50674@group-77B7514020FA-FollowerState
2021-01-18 07:23:06,551 [pool-82-thread-1] INFO  util.JmxRegister (JmxRegister.java:tryRegister(44)) - Successfully registered JMX Bean with object name Ratis:service=RaftServer,group=group-77B7514020FA,id=82d7d2f8-b8a6-49fb-a52d-45f65ec50674
2021-01-18 07:23:06,551 [pool-82-thread-1] INFO  metrics.RatisMetrics (RatisMetrics.java:lambda$create$0(36)) - Creating Metrics Registry : ratis.state_machine.82d7d2f8-b8a6-49fb-a52d-45f65ec50674@group-77B7514020FA
2021-01-18 07:23:06,562 [Command processor thread] INFO  metrics.RatisMetrics (RatisMetrics.java:lambda$create$0(36)) - Creating Metrics Registry : ratis.client_message_metrics.client-0FE42B02F2F7->4c7fc10d-533a-48df-9dd5-d11737eac487
2021-01-18 07:23:06,573 [grpc-default-executor-0] INFO  server.RaftServer (RaftServerProxy.java:addNew(95)) - 4c7fc10d-533a-48df-9dd5-d11737eac487: addNew group-77B7514020FA:[4c7fc10d-533a-48df-9dd5-d11737eac487|rpc:172.17.0.2:38871|dataStream:|priority:0, 82d7d2f8-b8a6-49fb-a52d-45f65ec50674|rpc:172.17.0.2:35527|dataStream:|priority:1, f0d6c3f1-3e1c-4709-8909-543e2e55c827|rpc:172.17.0.2:44583|dataStream:|priority:0] returns group-77B7514020FA:java.util.concurrent.CompletableFuture@71bddc4[Not completed]
2021-01-18 07:23:06,574 [pool-99-thread-1] INFO  server.RaftServer$Division (RaftServerImpl.java:<init>(179)) - 4c7fc10d-533a-48df-9dd5-d11737eac487: new RaftServerImpl for group-77B7514020FA:[4c7fc10d-533a-48df-9dd5-d11737eac487|rpc:172.17.0.2:38871|dataStream:|priority:0, 82d7d2f8-b8a6-49fb-a52d-45f65ec50674|rpc:172.17.0.2:35527|dataStream:|priority:1, f0d6c3f1-3e1c-4709-8909-543e2e55c827|rpc:172.17.0.2:44583|dataStream:|priority:0] with ContainerStateMachine:uninitialized
2021-01-18 07:23:06,574 [pool-99-thread-1] INFO  server.RaftServerConfigKeys (ConfUtils.java:logGet(44)) - raft.server.rpc.timeout.min = 5s (custom)
2021-01-18 07:23:06,574 [pool-99-thread-1] INFO  server.RaftServerConfigKeys (ConfUtils.java:logGet(44)) - raft.server.rpc.timeout.max = 5200ms (custom)
2021-01-18 07:23:06,574 [pool-99-thread-1] INFO  server.RaftServerConfigKeys (ConfUtils.java:logGet(44)) - raft.server.rpc.sleep.time = 25ms (default)
2021-01-18 07:23:06,574 [pool-99-thread-1] INFO  server.RaftServerConfigKeys (ConfUtils.java:logGet(44)) - raft.server.rpc.slowness.timeout = 300s (custom)
2021-01-18 07:23:06,574 [pool-99-thread-1] INFO  server.RaftServerConfigKeys (ConfUtils.java:logGet(44)) - raft.server.leaderelection.leader.step-down.wait-time = 10s (default)
2021-01-18 07:23:06,574 [pool-99-thread-1] INFO  server.RaftServerConfigKeys (ConfUtils.java:logGet(44)) - raft.server.sleep.deviation.threshold = 300ms (default)
2021-01-18 07:23:06,575 [pool-99-thread-1] INFO  server.RaftServerConfigKeys (ConfUtils.java:logGet(44)) - raft.server.log.appender.install.snapshot.enabled = false (custom)
2021-01-18 07:23:06,575 [pool-99-thread-1] INFO  server.RaftServer$Division (ServerState.java:<init>(103)) - 4c7fc10d-533a-48df-9dd5-d11737eac487@group-77B7514020FA: ConfigurationManager, init=-1: [4c7fc10d-533a-48df-9dd5-d11737eac487|rpc:172.17.0.2:38871|dataStream:|priority:0, 82d7d2f8-b8a6-49fb-a52d-45f65ec50674|rpc:172.17.0.2:35527|dataStream:|priority:1, f0d6c3f1-3e1c-4709-8909-543e2e55c827|rpc:172.17.0.2:44583|dataStream:|priority:0], old=null, confs=<EMPTY_MAP>
2021-01-18 07:23:06,575 [pool-99-thread-1] INFO  server.RaftServerConfigKeys (ConfUtils.java:logGet(44)) - raft.server.storage.dir = [/github/workspace/mnt/ozone/hadoop-ozone/integration-test/target/test-dir/MiniOzoneClusterImpl-31fb86ba-d539-4b3f-b864-a30db12016a3/datanode-2/data/ratis] (custom)
2021-01-18 07:23:06,575 [pool-99-thread-1] INFO  server.RaftServerConfigKeys (ConfUtils.java:logGet(44)) - raft.server.log.corruption.policy = EXCEPTION (default)
2021-01-18 07:23:06,575 [pool-99-thread-1] INFO  storage.RaftStorageDirectory (RaftStorageDirectoryImpl.java:analyzeStorage(132)) - The storage directory /github/workspace/mnt/ozone/hadoop-ozone/integration-test/target/test-dir/MiniOzoneClusterImpl-31fb86ba-d539-4b3f-b864-a30db12016a3/datanode-2/data/ratis/3ae468c9-88cc-4b78-b2c9-77b7514020fa does not exist. Creating ...
2021-01-18 07:23:06,579 [pool-99-thread-1] INFO  storage.RaftStorageDirectory (RaftStorageDirectoryImpl.java:tryLock(215)) - Lock on /github/workspace/mnt/ozone/hadoop-ozone/integration-test/target/test-dir/MiniOzoneClusterImpl-31fb86ba-d539-4b3f-b864-a30db12016a3/datanode-2/data/ratis/3ae468c9-88cc-4b78-b2c9-77b7514020fa/in_use.lock acquired by nodename 14213@c4357192f866
2021-01-18 07:23:06,580 [pool-99-thread-1] INFO  storage.RaftStorage (RaftStorageImpl.java:format(87)) - Storage directory /github/workspace/mnt/ozone/hadoop-ozone/integration-test/target/test-dir/MiniOzoneClusterImpl-31fb86ba-d539-4b3f-b864-a30db12016a3/datanode-2/data/ratis/3ae468c9-88cc-4b78-b2c9-77b7514020fa has been successfully formatted.
2021-01-18 07:23:06,580 [pool-99-thread-1] INFO  ratis.ContainerStateMachine (ContainerStateMachine.java:loadSnapshot(223)) - group-77B7514020FA: The snapshot info is null. Setting the last applied indexto:(t:0, i:~)
2021-01-18 07:23:06,581 [pool-99-thread-1] ERROR storage.RaftStorage (RaftStorageImpl.java:readRaftConfiguration(147)) - Failed reading configuration from file:/github/workspace/mnt/ozone/hadoop-ozone/integration-test/target/test-dir/MiniOzoneClusterImpl-31fb86ba-d539-4b3f-b864-a30db12016a3/datanode-2/data/ratis/3ae468c9-88cc-4b78-b2c9-77b7514020fa/current/raft-meta.conf
java.io.FileNotFoundException: /github/workspace/mnt/ozone/hadoop-ozone/integration-test/target/test-dir/MiniOzoneClusterImpl-31fb86ba-d539-4b3f-b864-a30db12016a3/datanode-2/data/ratis/3ae468c9-88cc-4b78-b2c9-77b7514020fa/current/raft-meta.conf (No such file or directory)
	at java.io.FileInputStream.open0(Native Method)
	at java.io.FileInputStream.open(FileInputStream.java:195)
	at java.io.FileInputStream.<init>(FileInputStream.java:138)
	at org.apache.ratis.server.storage.RaftStorageImpl.readRaftConfiguration(RaftStorageImpl.java:143)
	at org.apache.ratis.server.impl.ServerState.<init>(ServerState.java:113)
	at org.apache.ratis.server.impl.RaftServerImpl.<init>(RaftServerImpl.java:192)
	at org.apache.ratis.server.impl.RaftServerProxy.lambda$newRaftServerImpl$4(RaftServerProxy.java:266)
	at java.util.concurrent.CompletableFuture$AsyncSupply.run(CompletableFuture.java:1604)
	at java.util.concurrent.ThreadPoolExecutor.runWorker(ThreadPoolExecutor.java:1149)
	at java.util.concurrent.ThreadPoolExecutor$Worker.run(ThreadPoolExecutor.java:624)
	at java.lang.Thread.run(Thread.java:748)
2021-01-18 07:23:06,585 [pool-99-thread-1] INFO  server.RaftServerConfigKeys (ConfUtils.java:logGet(44)) - raft.server.notification.no-leader.timeout = 300s (custom)
2021-01-18 07:23:06,585 [pool-99-thread-1] INFO  server.RaftServerConfigKeys (ConfUtils.java:logGet(44)) - raft.server.log.use.memory = false (default)
2021-01-18 07:23:06,585 [EventQueue-PipelineReportForOneReplicaPipelineSafeModeRule] INFO  safemode.SCMSafeModeManager (SCMSafeModeManager.java:validateSafeModeExitRules(214)) - AtleastOneDatanodeReportedRule rule is successfully validated
2021-01-18 07:23:06,588 [pool-99-thread-1] INFO  server.RaftServerConfigKeys (ConfUtils.java:logGet(44)) - raft.server.log.purge.gap = 1000000 (custom)
2021-01-18 07:23:06,589 [pool-99-thread-1] INFO  server.RaftServerConfigKeys (ConfUtils.java:logGet(44)) - raft.server.log.appender.buffer.byte-limit = 33554432 (custom)
2021-01-18 07:23:06,589 [pool-99-thread-1] INFO  metrics.RatisMetrics (RatisMetrics.java:lambda$create$0(36)) - Creating Metrics Registry : ratis.log_worker.4c7fc10d-533a-48df-9dd5-d11737eac487@group-77B7514020FA
2021-01-18 07:23:06,589 [pool-99-thread-1] INFO  server.RaftServerConfigKeys (ConfUtils.java:logGet(44)) - raft.server.log.segment.size.max = 1048576 (custom)
2021-01-18 07:23:06,589 [pool-99-thread-1] INFO  server.RaftServerConfigKeys (ConfUtils.java:logGet(44)) - raft.server.log.segment.cache.num.max = 2 (custom)
2021-01-18 07:23:06,589 [pool-99-thread-1] INFO  server.RaftServerConfigKeys (ConfUtils.java:logGet(44)) - raft.server.log.segment.cache.size.max = 200MB (=209715200) (default)
2021-01-18 07:23:06,589 [pool-99-thread-1] INFO  segmented.SegmentedRaftLogWorker (SegmentedRaftLogWorker.java:<init>(181)) - new 4c7fc10d-533a-48df-9dd5-d11737eac487@group-77B7514020FA-SegmentedRaftLogWorker for RaftStorageImpl:Storage Directory /github/workspace/mnt/ozone/hadoop-ozone/integration-test/target/test-dir/MiniOzoneClusterImpl-31fb86ba-d539-4b3f-b864-a30db12016a3/datanode-2/data/ratis/3ae468c9-88cc-4b78-b2c9-77b7514020fa
2021-01-18 07:23:06,589 [pool-99-thread-1] INFO  server.RaftServerConfigKeys (ConfUtils.java:logGet(44)) - raft.server.log.queue.byte-limit = 2147483647 (custom)
2021-01-18 07:23:06,590 [pool-99-thread-1] INFO  server.RaftServerConfigKeys (ConfUtils.java:logGet(44)) - raft.server.log.queue.element-limit = 1024 (custom)
2021-01-18 07:23:06,590 [pool-99-thread-1] INFO  server.RaftServerConfigKeys (ConfUtils.java:logGet(44)) - raft.server.log.segment.size.max = 1048576 (custom)
2021-01-18 07:23:06,590 [pool-99-thread-1] INFO  server.RaftServerConfigKeys (ConfUtils.java:logGet(44)) - raft.server.log.preallocated.size = 16384 (custom)
2021-01-18 07:23:06,590 [pool-99-thread-1] INFO  server.RaftServerConfigKeys (ConfUtils.java:logGet(44)) - raft.server.log.force.sync.num = 128 (default)
2021-01-18 07:23:06,590 [pool-99-thread-1] INFO  server.RaftServerConfigKeys (ConfUtils.java:logGet(44)) - raft.server.log.statemachine.data.sync = true (default)
2021-01-18 07:23:06,590 [pool-99-thread-1] INFO  server.RaftServerConfigKeys (ConfUtils.java:logGet(44)) - raft.server.log.statemachine.data.sync.timeout = 10s (default)
2021-01-18 07:23:06,590 [pool-99-thread-1] INFO  server.RaftServerConfigKeys (ConfUtils.java:logGet(44)) - raft.server.log.statemachine.data.sync.timeout.retry = -1 (default)
2021-01-18 07:23:06,591 [pool-99-thread-1] INFO  server.RaftServerConfigKeys (ConfUtils.java:logGet(44)) - raft.server.log.write.buffer.size = 1048576 (custom)
2021-01-18 07:23:06,591 [pool-99-thread-1] INFO  server.RaftServerConfigKeys (ConfUtils.java:logGet(44)) - raft.server.log.statemachine.data.caching.enabled = true (custom)
2021-01-18 07:23:06,591 [pool-99-thread-1] INFO  segmented.SegmentedRaftLogWorker (SegmentedRaftLogWorker.java:lambda$new$0(132)) - 4c7fc10d-533a-48df-9dd5-d11737eac487@group-77B7514020FA-SegmentedRaftLogWorker: flushIndex: setUnconditionally 0 -> -1
2021-01-18 07:23:06,591 [pool-99-thread-1] INFO  segmented.SegmentedRaftLogWorker (SegmentedRaftLogWorker.java:lambda$new$0(132)) - 4c7fc10d-533a-48df-9dd5-d11737eac487@group-77B7514020FA-SegmentedRaftLogWorker: safeCacheEvictIndex: setUnconditionally 0 -> -1
2021-01-18 07:23:06,594 [pool-99-thread-1] INFO  server.RaftServerConfigKeys (ConfUtils.java:logGet(44)) - raft.server.snapshot.auto.trigger.enabled = true (custom)
2021-01-18 07:23:06,594 [pool-99-thread-1] INFO  server.RaftServerConfigKeys (ConfUtils.java:logGet(44)) - raft.server.snapshot.auto.trigger.threshold = 10000 (custom)
2021-01-18 07:23:06,594 [pool-99-thread-1] INFO  server.RaftServerConfigKeys (ConfUtils.java:logGet(44)) - raft.server.snapshot.retention.file.num = 5 (custom)
2021-01-18 07:23:06,594 [pool-99-thread-1] INFO  server.RaftServerConfigKeys (ConfUtils.java:logGet(44)) - raft.server.log.purge.upto.snapshot.index = false (default)
2021-01-18 07:23:06,594 [pool-99-thread-1] INFO  server.RaftServerConfigKeys (ConfUtils.java:logGet(44)) - raft.server.retrycache.expirytime = 600000ms (custom)
2021-01-18 07:23:06,594 [pool-99-thread-1] INFO  server.RaftServerConfigKeys (ConfUtils.java:logGet(44)) - raft.server.retrycache.statistics.expirytime = 100?s (default)
2021-01-18 07:23:06,594 [pool-99-thread-1] INFO  metrics.RatisMetrics (RatisMetrics.java:lambda$create$0(36)) - Creating Metrics Registry : ratis.leader_election.4c7fc10d-533a-48df-9dd5-d11737eac487@group-77B7514020FA
2021-01-18 07:23:06,595 [pool-99-thread-1] INFO  metrics.RatisMetrics (RatisMetrics.java:lambda$create$0(36)) - Creating Metrics Registry : ratis.server.4c7fc10d-533a-48df-9dd5-d11737eac487@group-77B7514020FA
2021-01-18 07:23:06,595 [pool-99-thread-1] INFO  server.RaftServer$Division (RaftServerImpl.java:start(294)) - 4c7fc10d-533a-48df-9dd5-d11737eac487@group-77B7514020FA: start as a follower, conf=-1: [4c7fc10d-533a-48df-9dd5-d11737eac487|rpc:172.17.0.2:38871|dataStream:|priority:0, 82d7d2f8-b8a6-49fb-a52d-45f65ec50674|rpc:172.17.0.2:35527|dataStream:|priority:1, f0d6c3f1-3e1c-4709-8909-543e2e55c827|rpc:172.17.0.2:44583|dataStream:|priority:0], old=null
2021-01-18 07:23:06,595 [pool-99-thread-1] INFO  server.RaftServer$Division (RaftServerImpl.java:setRole(283)) - 4c7fc10d-533a-48df-9dd5-d11737eac487@group-77B7514020FA: changes role from      null to FOLLOWER at term 0 for startAsFollower
2021-01-18 07:23:06,595 [pool-99-thread-1] INFO  impl.RoleInfo (RoleInfo.java:updateAndGet(130)) - 4c7fc10d-533a-48df-9dd5-d11737eac487: start 4c7fc10d-533a-48df-9dd5-d11737eac487@group-77B7514020FA-FollowerState
2021-01-18 07:23:06,597 [pool-99-thread-1] INFO  util.JmxRegister (JmxRegister.java:tryRegister(44)) - Successfully registered JMX Bean with object name Ratis:service=RaftServer,group=group-77B7514020FA,id=4c7fc10d-533a-48df-9dd5-d11737eac487
2021-01-18 07:23:06,597 [pool-99-thread-1] INFO  metrics.RatisMetrics (RatisMetrics.java:lambda$create$0(36)) - Creating Metrics Registry : ratis.state_machine.4c7fc10d-533a-48df-9dd5-d11737eac487@group-77B7514020FA
2021-01-18 07:23:06,605 [Command processor thread] INFO  commandhandler.CreatePipelineCommandHandler (CreatePipelineCommandHandler.java:handle(106)) - Created Pipeline RATIS THREE PipelineID=3ae468c9-88cc-4b78-b2c9-77b7514020fa.
2021-01-18 07:23:06,843 [Listener at 127.0.0.1/13796] INFO  ozone.MiniOzoneClusterImpl (MiniOzoneClusterImpl.java:lambda$waitForClusterToBeReady$0(179)) - Nodes are ready. Got 3 of 3 DN Heartbeats.
2021-01-18 07:23:06,843 [Listener at 127.0.0.1/13796] INFO  ozone.MiniOzoneClusterImpl (MiniOzoneClusterImpl.java:lambda$waitForClusterToBeReady$0(182)) - Waiting for cluster to exit safe mode
2021-01-18 07:23:06,913 [grpc-default-executor-0] WARN  server.GrpcLogAppender (LogUtils.java:warn(122)) - omNode-1@group-523986131536->omNode-3-AppendLogResponseHandler: Failed appendEntries: org.apache.ratis.thirdparty.io.grpc.StatusRuntimeException: UNAVAILABLE: io exception
2021-01-18 07:23:06,914 [grpc-default-executor-0] WARN  server.GrpcLogAppender (GrpcLogAppender.java:resetClient(111)) - omNode-1@group-523986131536->omNode-3-GrpcLogAppender: Leader has not got in touch with Follower omNode-1@group-523986131536->omNode-3(c-1,m0,n1, attendVote=true, lastRpcSendTime=0, lastRpcResponseTime=26870) yet, just keep nextIndex unchanged and retry.
2021-01-18 07:23:07,414 [grpc-default-executor-0] WARN  server.GrpcLogAppender (LogUtils.java:warn(122)) - omNode-1@group-523986131536->omNode-3-AppendLogResponseHandler: Failed appendEntries: org.apache.ratis.thirdparty.io.grpc.StatusRuntimeException: UNAVAILABLE: io exception
2021-01-18 07:23:07,415 [grpc-default-executor-0] WARN  server.GrpcLogAppender (GrpcLogAppender.java:resetClient(111)) - omNode-1@group-523986131536->omNode-3-GrpcLogAppender: Leader has not got in touch with Follower omNode-1@group-523986131536->omNode-3(c-1,m0,n1, attendVote=true, lastRpcSendTime=0, lastRpcResponseTime=27370) yet, just keep nextIndex unchanged and retry.
2021-01-18 07:23:07,514 [EventQueue-PipelineReportForOneReplicaPipelineSafeModeRule] INFO  safemode.SCMSafeModeManager (SCMSafeModeManager.java:validateSafeModeExitRules(214)) - AtleastOneDatanodeReportedRule rule is successfully validated
2021-01-18 07:23:07,514 [EventQueue-OpenPipelineForHealthyPipelineSafeModeRule] INFO  safemode.SCMSafeModeManager (HealthyPipelineSafeModeRule.java:process(128)) - SCM in safe mode. Healthy pipelines reported count is 0, required healthy pipeline reported count is 1
2021-01-18 07:23:07,545 [EventQueue-PipelineReportForOneReplicaPipelineSafeModeRule] INFO  safemode.SCMSafeModeManager (SCMSafeModeManager.java:validateSafeModeExitRules(214)) - AtleastOneDatanodeReportedRule rule is successfully validated
2021-01-18 07:23:07,546 [EventQueue-OpenPipelineForHealthyPipelineSafeModeRule] INFO  safemode.SCMSafeModeManager (HealthyPipelineSafeModeRule.java:process(128)) - SCM in safe mode. Healthy pipelines reported count is 0, required healthy pipeline reported count is 1
2021-01-18 07:23:07,584 [EventQueue-PipelineReportForOneReplicaPipelineSafeModeRule] INFO  safemode.SCMSafeModeManager (SCMSafeModeManager.java:validateSafeModeExitRules(214)) - AtleastOneDatanodeReportedRule rule is successfully validated
2021-01-18 07:23:07,658 [Thread-294] INFO  impl.FollowerState (FollowerState.java:run(133)) - 82d7d2f8-b8a6-49fb-a52d-45f65ec50674@group-2E23C8BD3B75-FollowerState: change to CANDIDATE, lastRpcElapsedTime:5010898405ns, electionTimeout:5007ms
2021-01-18 07:23:07,658 [Thread-294] INFO  impl.RoleInfo (RoleInfo.java:shutdownFollowerState(108)) - 82d7d2f8-b8a6-49fb-a52d-45f65ec50674: shutdown 82d7d2f8-b8a6-49fb-a52d-45f65ec50674@group-2E23C8BD3B75-FollowerState
2021-01-18 07:23:07,658 [Thread-294] INFO  server.RaftServer$Division (RaftServerImpl.java:setRole(283)) - 82d7d2f8-b8a6-49fb-a52d-45f65ec50674@group-2E23C8BD3B75: changes role from  FOLLOWER to CANDIDATE at term 0 for changeToCandidate
2021-01-18 07:23:07,658 [Thread-294] INFO  impl.RoleInfo (RoleInfo.java:updateAndGet(130)) - 82d7d2f8-b8a6-49fb-a52d-45f65ec50674: start 82d7d2f8-b8a6-49fb-a52d-45f65ec50674@group-2E23C8BD3B75-LeaderElection5
2021-01-18 07:23:07,661 [82d7d2f8-b8a6-49fb-a52d-45f65ec50674@group-2E23C8BD3B75-LeaderElection5] INFO  impl.LeaderElection (LeaderElection.java:askForPreVotes(259)) - 82d7d2f8-b8a6-49fb-a52d-45f65ec50674@group-2E23C8BD3B75-LeaderElection5: begin a pre-vote at term 0 for -1: [82d7d2f8-b8a6-49fb-a52d-45f65ec50674|rpc:172.17.0.2:35527|priority:1], old=null
2021-01-18 07:23:07,661 [82d7d2f8-b8a6-49fb-a52d-45f65ec50674@group-2E23C8BD3B75-LeaderElection5] INFO  impl.LeaderElection (LeaderElection.java:askForPreVotes(261)) - 82d7d2f8-b8a6-49fb-a52d-45f65ec50674@group-2E23C8BD3B75-LeaderElection5 pre-vote result is PASSED.
2021-01-18 07:23:07,662 [82d7d2f8-b8a6-49fb-a52d-45f65ec50674@group-2E23C8BD3B75-LeaderElection5] INFO  impl.LeaderElection (LeaderElection.java:askForVotes(308)) - 82d7d2f8-b8a6-49fb-a52d-45f65ec50674@group-2E23C8BD3B75-LeaderElection5: begin an election at term 1 for -1: [82d7d2f8-b8a6-49fb-a52d-45f65ec50674|rpc:172.17.0.2:35527|priority:1], old=null
2021-01-18 07:23:07,662 [82d7d2f8-b8a6-49fb-a52d-45f65ec50674@group-2E23C8BD3B75-LeaderElection5] INFO  impl.RoleInfo (RoleInfo.java:shutdownLeaderElection(121)) - 82d7d2f8-b8a6-49fb-a52d-45f65ec50674: shutdown 82d7d2f8-b8a6-49fb-a52d-45f65ec50674@group-2E23C8BD3B75-LeaderElection5
2021-01-18 07:23:07,663 [82d7d2f8-b8a6-49fb-a52d-45f65ec50674@group-2E23C8BD3B75-LeaderElection5] INFO  server.RaftServer$Division (RaftServerImpl.java:setRole(283)) - 82d7d2f8-b8a6-49fb-a52d-45f65ec50674@group-2E23C8BD3B75: changes role from CANDIDATE to LEADER at term 1 for changeToLeader
2021-01-18 07:23:07,663 [82d7d2f8-b8a6-49fb-a52d-45f65ec50674@group-2E23C8BD3B75-LeaderElection5] INFO  ratis.XceiverServerRatis (XceiverServerRatis.java:handleLeaderChangedNotification(868)) - Leader change notification received for group: group-2E23C8BD3B75 with new leaderId: 82d7d2f8-b8a6-49fb-a52d-45f65ec50674
2021-01-18 07:23:07,663 [82d7d2f8-b8a6-49fb-a52d-45f65ec50674@group-2E23C8BD3B75-LeaderElection5] INFO  server.RaftServer$Division (ServerState.java:setLeader(249)) - 82d7d2f8-b8a6-49fb-a52d-45f65ec50674@group-2E23C8BD3B75: change Leader from null to 82d7d2f8-b8a6-49fb-a52d-45f65ec50674 at term 1 for becomeLeader, leader elected after 5032ms
2021-01-18 07:23:07,665 [EventQueue-OpenPipelineForHealthyPipelineSafeModeRule] INFO  safemode.SCMSafeModeManager (HealthyPipelineSafeModeRule.java:process(128)) - SCM in safe mode. Healthy pipelines reported count is 0, required healthy pipeline reported count is 1
2021-01-18 07:23:07,665 [EventQueue-PipelineReportForOneReplicaPipelineSafeModeRule] INFO  safemode.SCMSafeModeManager (SCMSafeModeManager.java:validateSafeModeExitRules(214)) - AtleastOneDatanodeReportedRule rule is successfully validated
2021-01-18 07:23:07,667 [82d7d2f8-b8a6-49fb-a52d-45f65ec50674@group-2E23C8BD3B75-LeaderElection5] INFO  server.RaftServerConfigKeys (ConfUtils.java:logGet(44)) - raft.server.staging.catchup.gap = 1000 (default)
2021-01-18 07:23:07,667 [82d7d2f8-b8a6-49fb-a52d-45f65ec50674@group-2E23C8BD3B75-LeaderElection5] INFO  metrics.RatisMetrics (RatisMetrics.java:lambda$create$0(36)) - Creating Metrics Registry : ratis.log_appender.82d7d2f8-b8a6-49fb-a52d-45f65ec50674@group-2E23C8BD3B75
2021-01-18 07:23:07,667 [82d7d2f8-b8a6-49fb-a52d-45f65ec50674@group-2E23C8BD3B75-LeaderElection5] INFO  server.RaftServerConfigKeys (ConfUtils.java:logGet(44)) - raft.server.write.element-limit = 1024 (custom)
2021-01-18 07:23:07,668 [82d7d2f8-b8a6-49fb-a52d-45f65ec50674@group-2E23C8BD3B75-LeaderElection5] INFO  server.RaftServerConfigKeys (ConfUtils.java:logGet(44)) - raft.server.write.byte-limit = 1073741824 (custom)
2021-01-18 07:23:07,668 [82d7d2f8-b8a6-49fb-a52d-45f65ec50674@group-2E23C8BD3B75-LeaderElection5] INFO  server.RaftServerConfigKeys (ConfUtils.java:logGet(44)) - raft.server.watch.timeout = 180s (custom)
2021-01-18 07:23:07,668 [82d7d2f8-b8a6-49fb-a52d-45f65ec50674@group-2E23C8BD3B75-LeaderElection5] INFO  server.RaftServerConfigKeys (ConfUtils.java:logGet(44)) - raft.server.watch.timeout.denomination = 1s (default)
2021-01-18 07:23:07,668 [82d7d2f8-b8a6-49fb-a52d-45f65ec50674@group-2E23C8BD3B75-LeaderElection5] INFO  server.RaftServerConfigKeys (ConfUtils.java:logGet(44)) - raft.server.watch.element-limit = 65536 (default)
2021-01-18 07:23:07,668 [82d7d2f8-b8a6-49fb-a52d-45f65ec50674@group-2E23C8BD3B75-LeaderElection5] INFO  impl.RoleInfo (RoleInfo.java:updateAndGet(130)) - 82d7d2f8-b8a6-49fb-a52d-45f65ec50674: start 82d7d2f8-b8a6-49fb-a52d-45f65ec50674@group-2E23C8BD3B75-LeaderStateImpl
2021-01-18 07:23:07,669 [82d7d2f8-b8a6-49fb-a52d-45f65ec50674@group-2E23C8BD3B75-LeaderElection5] INFO  segmented.SegmentedRaftLogWorker (SegmentedRaftLogWorker.java:startLogSegment(392)) - 82d7d2f8-b8a6-49fb-a52d-45f65ec50674@group-2E23C8BD3B75-SegmentedRaftLogWorker: Starting segment from index:0
2021-01-18 07:23:07,676 [82d7d2f8-b8a6-49fb-a52d-45f65ec50674@group-2E23C8BD3B75-LeaderElection5] INFO  server.RaftServer$Division (ServerState.java:setRaftConf(368)) - 82d7d2f8-b8a6-49fb-a52d-45f65ec50674@group-2E23C8BD3B75: set configuration 0: [82d7d2f8-b8a6-49fb-a52d-45f65ec50674|rpc:172.17.0.2:35527|dataStream:|priority:1], old=null
2021-01-18 07:23:07,687 [82d7d2f8-b8a6-49fb-a52d-45f65ec50674@group-2E23C8BD3B75-SegmentedRaftLogWorker] INFO  segmented.SegmentedRaftLogWorker (SegmentedRaftLogWorker.java:execute(599)) - 82d7d2f8-b8a6-49fb-a52d-45f65ec50674@group-2E23C8BD3B75-SegmentedRaftLogWorker: created new log segment /github/workspace/mnt/ozone/hadoop-ozone/integration-test/target/test-dir/MiniOzoneClusterImpl-31fb86ba-d539-4b3f-b864-a30db12016a3/datanode-1/data/ratis/bc6a37fc-816f-4177-8d5c-2e23c8bd3b75/current/log_inprogress_0
2021-01-18 07:23:07,843 [Listener at 127.0.0.1/13796] INFO  ozone.MiniOzoneClusterImpl (MiniOzoneClusterImpl.java:lambda$waitForClusterToBeReady$0(179)) - Nodes are ready. Got 3 of 3 DN Heartbeats.
2021-01-18 07:23:07,844 [Listener at 127.0.0.1/13796] INFO  ozone.MiniOzoneClusterImpl (MiniOzoneClusterImpl.java:lambda$waitForClusterToBeReady$0(182)) - Waiting for cluster to exit safe mode
2021-01-18 07:23:07,849 [Command processor thread] INFO  server.RaftServer (RaftServerProxy.java:addNew(95)) - 4c7fc10d-533a-48df-9dd5-d11737eac487: addNew group-9A1709479A4A:[4c7fc10d-533a-48df-9dd5-d11737eac487|rpc:172.17.0.2:38871|priority:1] returns group-9A1709479A4A:java.util.concurrent.CompletableFuture@208a248[Not completed]
2021-01-18 07:23:07,850 [pool-99-thread-1] INFO  server.RaftServer$Division (RaftServerImpl.java:<init>(179)) - 4c7fc10d-533a-48df-9dd5-d11737eac487: new RaftServerImpl for group-9A1709479A4A:[4c7fc10d-533a-48df-9dd5-d11737eac487|rpc:172.17.0.2:38871|priority:1] with ContainerStateMachine:uninitialized
2021-01-18 07:23:07,851 [pool-99-thread-1] INFO  server.RaftServerConfigKeys (ConfUtils.java:logGet(44)) - raft.server.rpc.timeout.min = 5s (custom)
2021-01-18 07:23:07,851 [pool-99-thread-1] INFO  server.RaftServerConfigKeys (ConfUtils.java:logGet(44)) - raft.server.rpc.timeout.max = 5200ms (custom)
2021-01-18 07:23:07,851 [pool-99-thread-1] INFO  server.RaftServerConfigKeys (ConfUtils.java:logGet(44)) - raft.server.rpc.sleep.time = 25ms (default)
2021-01-18 07:23:07,851 [pool-99-thread-1] INFO  server.RaftServerConfigKeys (ConfUtils.java:logGet(44)) - raft.server.rpc.slowness.timeout = 300s (custom)
2021-01-18 07:23:07,851 [pool-99-thread-1] INFO  server.RaftServerConfigKeys (ConfUtils.java:logGet(44)) - raft.server.leaderelection.leader.step-down.wait-time = 10s (default)
2021-01-18 07:23:07,851 [pool-99-thread-1] INFO  server.RaftServerConfigKeys (ConfUtils.java:logGet(44)) - raft.server.sleep.deviation.threshold = 300ms (default)
2021-01-18 07:23:07,851 [pool-99-thread-1] INFO  server.RaftServerConfigKeys (ConfUtils.java:logGet(44)) - raft.server.log.appender.install.snapshot.enabled = false (custom)
2021-01-18 07:23:07,851 [pool-99-thread-1] INFO  server.RaftServer$Division (ServerState.java:<init>(103)) - 4c7fc10d-533a-48df-9dd5-d11737eac487@group-9A1709479A4A: ConfigurationManager, init=-1: [4c7fc10d-533a-48df-9dd5-d11737eac487|rpc:172.17.0.2:38871|priority:1], old=null, confs=<EMPTY_MAP>
2021-01-18 07:23:07,851 [pool-99-thread-1] INFO  server.RaftServerConfigKeys (ConfUtils.java:logGet(44)) - raft.server.storage.dir = [/github/workspace/mnt/ozone/hadoop-ozone/integration-test/target/test-dir/MiniOzoneClusterImpl-31fb86ba-d539-4b3f-b864-a30db12016a3/datanode-2/data/ratis] (custom)
2021-01-18 07:23:07,851 [pool-99-thread-1] INFO  server.RaftServerConfigKeys (ConfUtils.java:logGet(44)) - raft.server.log.corruption.policy = EXCEPTION (default)
2021-01-18 07:23:07,852 [pool-99-thread-1] INFO  storage.RaftStorageDirectory (RaftStorageDirectoryImpl.java:analyzeStorage(132)) - The storage directory /github/workspace/mnt/ozone/hadoop-ozone/integration-test/target/test-dir/MiniOzoneClusterImpl-31fb86ba-d539-4b3f-b864-a30db12016a3/datanode-2/data/ratis/710c34b1-69f5-4644-bba9-9a1709479a4a does not exist. Creating ...
2021-01-18 07:23:07,857 [pool-99-thread-1] INFO  storage.RaftStorageDirectory (RaftStorageDirectoryImpl.java:tryLock(215)) - Lock on /github/workspace/mnt/ozone/hadoop-ozone/integration-test/target/test-dir/MiniOzoneClusterImpl-31fb86ba-d539-4b3f-b864-a30db12016a3/datanode-2/data/ratis/710c34b1-69f5-4644-bba9-9a1709479a4a/in_use.lock acquired by nodename 14213@c4357192f866
2021-01-18 07:23:07,858 [pool-99-thread-1] INFO  storage.RaftStorage (RaftStorageImpl.java:format(87)) - Storage directory /github/workspace/mnt/ozone/hadoop-ozone/integration-test/target/test-dir/MiniOzoneClusterImpl-31fb86ba-d539-4b3f-b864-a30db12016a3/datanode-2/data/ratis/710c34b1-69f5-4644-bba9-9a1709479a4a has been successfully formatted.
2021-01-18 07:23:07,858 [pool-99-thread-1] INFO  ratis.ContainerStateMachine (ContainerStateMachine.java:loadSnapshot(223)) - group-9A1709479A4A: The snapshot info is null. Setting the last applied indexto:(t:0, i:~)
2021-01-18 07:23:07,858 [pool-99-thread-1] ERROR storage.RaftStorage (RaftStorageImpl.java:readRaftConfiguration(147)) - Failed reading configuration from file:/github/workspace/mnt/ozone/hadoop-ozone/integration-test/target/test-dir/MiniOzoneClusterImpl-31fb86ba-d539-4b3f-b864-a30db12016a3/datanode-2/data/ratis/710c34b1-69f5-4644-bba9-9a1709479a4a/current/raft-meta.conf
java.io.FileNotFoundException: /github/workspace/mnt/ozone/hadoop-ozone/integration-test/target/test-dir/MiniOzoneClusterImpl-31fb86ba-d539-4b3f-b864-a30db12016a3/datanode-2/data/ratis/710c34b1-69f5-4644-bba9-9a1709479a4a/current/raft-meta.conf (No such file or directory)
	at java.io.FileInputStream.open0(Native Method)
	at java.io.FileInputStream.open(FileInputStream.java:195)
	at java.io.FileInputStream.<init>(FileInputStream.java:138)
	at org.apache.ratis.server.storage.RaftStorageImpl.readRaftConfiguration(RaftStorageImpl.java:143)
	at org.apache.ratis.server.impl.ServerState.<init>(ServerState.java:113)
	at org.apache.ratis.server.impl.RaftServerImpl.<init>(RaftServerImpl.java:192)
	at org.apache.ratis.server.impl.RaftServerProxy.lambda$newRaftServerImpl$4(RaftServerProxy.java:266)
	at java.util.concurrent.CompletableFuture$AsyncSupply.run(CompletableFuture.java:1604)
	at java.util.concurrent.ThreadPoolExecutor.runWorker(ThreadPoolExecutor.java:1149)
	at java.util.concurrent.ThreadPoolExecutor$Worker.run(ThreadPoolExecutor.java:624)
	at java.lang.Thread.run(Thread.java:748)
2021-01-18 07:23:07,860 [pool-99-thread-1] INFO  server.RaftServerConfigKeys (ConfUtils.java:logGet(44)) - raft.server.notification.no-leader.timeout = 300s (custom)
2021-01-18 07:23:07,860 [pool-99-thread-1] INFO  server.RaftServerConfigKeys (ConfUtils.java:logGet(44)) - raft.server.log.use.memory = false (default)
2021-01-18 07:23:07,861 [pool-99-thread-1] INFO  server.RaftServerConfigKeys (ConfUtils.java:logGet(44)) - raft.server.log.purge.gap = 1000000 (custom)
2021-01-18 07:23:07,861 [pool-99-thread-1] INFO  server.RaftServerConfigKeys (ConfUtils.java:logGet(44)) - raft.server.log.appender.buffer.byte-limit = 33554432 (custom)
2021-01-18 07:23:07,861 [pool-99-thread-1] INFO  metrics.RatisMetrics (RatisMetrics.java:lambda$create$0(36)) - Creating Metrics Registry : ratis.log_worker.4c7fc10d-533a-48df-9dd5-d11737eac487@group-9A1709479A4A
2021-01-18 07:23:07,861 [pool-99-thread-1] INFO  server.RaftServerConfigKeys (ConfUtils.java:logGet(44)) - raft.server.log.segment.size.max = 1048576 (custom)
2021-01-18 07:23:07,861 [EventQueue-PipelineReportForPipelineReportHandler] INFO  pipeline.PipelineStateManager (PipelineStateManager.java:openPipeline(132)) - Pipeline Pipeline[ Id: 710c34b1-69f5-4644-bba9-9a1709479a4a, Nodes: 4c7fc10d-533a-48df-9dd5-d11737eac487{ip: 172.17.0.2, host: c4357192f866, networkLocation: /default-rack, certSerialId: null, persistedOpState: IN_SERVICE, persistedOpStateExpiryEpochSec: 0}, Type:RATIS, Factor:ONE, State:ALLOCATED, leaderId:4c7fc10d-533a-48df-9dd5-d11737eac487, CreationTimestamp2021-01-18T07:23:04.855Z] moved to OPEN state
2021-01-18 07:23:07,861 [pool-99-thread-1] INFO  server.RaftServerConfigKeys (ConfUtils.java:logGet(44)) - raft.server.log.segment.cache.num.max = 2 (custom)
2021-01-18 07:23:07,861 [pool-99-thread-1] INFO  server.RaftServerConfigKeys (ConfUtils.java:logGet(44)) - raft.server.log.segment.cache.size.max = 200MB (=209715200) (default)
2021-01-18 07:23:07,861 [pool-99-thread-1] INFO  segmented.SegmentedRaftLogWorker (SegmentedRaftLogWorker.java:<init>(181)) - new 4c7fc10d-533a-48df-9dd5-d11737eac487@group-9A1709479A4A-SegmentedRaftLogWorker for RaftStorageImpl:Storage Directory /github/workspace/mnt/ozone/hadoop-ozone/integration-test/target/test-dir/MiniOzoneClusterImpl-31fb86ba-d539-4b3f-b864-a30db12016a3/datanode-2/data/ratis/710c34b1-69f5-4644-bba9-9a1709479a4a
2021-01-18 07:23:07,861 [pool-99-thread-1] INFO  server.RaftServerConfigKeys (ConfUtils.java:logGet(44)) - raft.server.log.queue.byte-limit = 2147483647 (custom)
2021-01-18 07:23:07,861 [pool-99-thread-1] INFO  server.RaftServerConfigKeys (ConfUtils.java:logGet(44)) - raft.server.log.queue.element-limit = 1024 (custom)
2021-01-18 07:23:07,862 [pool-99-thread-1] INFO  server.RaftServerConfigKeys (ConfUtils.java:logGet(44)) - raft.server.log.segment.size.max = 1048576 (custom)
2021-01-18 07:23:07,862 [pool-99-thread-1] INFO  server.RaftServerConfigKeys (ConfUtils.java:logGet(44)) - raft.server.log.preallocated.size = 16384 (custom)
2021-01-18 07:23:07,862 [EventQueue-PipelineReportForOneReplicaPipelineSafeModeRule] INFO  safemode.SCMSafeModeManager (SCMSafeModeManager.java:validateSafeModeExitRules(214)) - AtleastOneDatanodeReportedRule rule is successfully validated
2021-01-18 07:23:07,863 [pool-99-thread-1] INFO  server.RaftServerConfigKeys (ConfUtils.java:logGet(44)) - raft.server.log.force.sync.num = 128 (default)
2021-01-18 07:23:07,863 [pool-99-thread-1] INFO  server.RaftServerConfigKeys (ConfUtils.java:logGet(44)) - raft.server.log.statemachine.data.sync = true (default)
2021-01-18 07:23:07,864 [pool-99-thread-1] INFO  server.RaftServerConfigKeys (ConfUtils.java:logGet(44)) - raft.server.log.statemachine.data.sync.timeout = 10s (default)
2021-01-18 07:23:07,864 [pool-99-thread-1] INFO  server.RaftServerConfigKeys (ConfUtils.java:logGet(44)) - raft.server.log.statemachine.data.sync.timeout.retry = -1 (default)
2021-01-18 07:23:07,864 [EventQueue-OpenPipelineForHealthyPipelineSafeModeRule] INFO  safemode.SCMSafeModeManager (HealthyPipelineSafeModeRule.java:process(128)) - SCM in safe mode. Healthy pipelines reported count is 0, required healthy pipeline reported count is 1
2021-01-18 07:23:07,869 [pool-99-thread-1] INFO  server.RaftServerConfigKeys (ConfUtils.java:logGet(44)) - raft.server.log.write.buffer.size = 1048576 (custom)
2021-01-18 07:23:07,869 [pool-99-thread-1] INFO  server.RaftServerConfigKeys (ConfUtils.java:logGet(44)) - raft.server.log.statemachine.data.caching.enabled = true (custom)
2021-01-18 07:23:07,869 [pool-99-thread-1] INFO  segmented.SegmentedRaftLogWorker (SegmentedRaftLogWorker.java:lambda$new$0(132)) - 4c7fc10d-533a-48df-9dd5-d11737eac487@group-9A1709479A4A-SegmentedRaftLogWorker: flushIndex: setUnconditionally 0 -> -1
2021-01-18 07:23:07,870 [pool-99-thread-1] INFO  segmented.SegmentedRaftLogWorker (SegmentedRaftLogWorker.java:lambda$new$0(132)) - 4c7fc10d-533a-48df-9dd5-d11737eac487@group-9A1709479A4A-SegmentedRaftLogWorker: safeCacheEvictIndex: setUnconditionally 0 -> -1
2021-01-18 07:23:07,870 [pool-99-thread-1] INFO  server.RaftServerConfigKeys (ConfUtils.java:logGet(44)) - raft.server.snapshot.auto.trigger.enabled = true (custom)
2021-01-18 07:23:07,870 [pool-99-thread-1] INFO  server.RaftServerConfigKeys (ConfUtils.java:logGet(44)) - raft.server.snapshot.auto.trigger.threshold = 10000 (custom)
2021-01-18 07:23:07,870 [pool-99-thread-1] INFO  server.RaftServerConfigKeys (ConfUtils.java:logGet(44)) - raft.server.snapshot.retention.file.num = 5 (custom)
2021-01-18 07:23:07,870 [pool-99-thread-1] INFO  server.RaftServerConfigKeys (ConfUtils.java:logGet(44)) - raft.server.log.purge.upto.snapshot.index = false (default)
2021-01-18 07:23:07,870 [pool-99-thread-1] INFO  server.RaftServerConfigKeys (ConfUtils.java:logGet(44)) - raft.server.retrycache.expirytime = 600000ms (custom)
2021-01-18 07:23:07,870 [pool-99-thread-1] INFO  server.RaftServerConfigKeys (ConfUtils.java:logGet(44)) - raft.server.retrycache.statistics.expirytime = 100?s (default)
2021-01-18 07:23:07,870 [pool-99-thread-1] INFO  metrics.RatisMetrics (RatisMetrics.java:lambda$create$0(36)) - Creating Metrics Registry : ratis.leader_election.4c7fc10d-533a-48df-9dd5-d11737eac487@group-9A1709479A4A
2021-01-18 07:23:07,870 [pool-99-thread-1] INFO  metrics.RatisMetrics (RatisMetrics.java:lambda$create$0(36)) - Creating Metrics Registry : ratis.server.4c7fc10d-533a-48df-9dd5-d11737eac487@group-9A1709479A4A
2021-01-18 07:23:07,871 [pool-99-thread-1] INFO  server.RaftServer$Division (RaftServerImpl.java:start(294)) - 4c7fc10d-533a-48df-9dd5-d11737eac487@group-9A1709479A4A: start as a follower, conf=-1: [4c7fc10d-533a-48df-9dd5-d11737eac487|rpc:172.17.0.2:38871|priority:1], old=null
2021-01-18 07:23:07,871 [pool-99-thread-1] INFO  server.RaftServer$Division (RaftServerImpl.java:setRole(283)) - 4c7fc10d-533a-48df-9dd5-d11737eac487@group-9A1709479A4A: changes role from      null to FOLLOWER at term 0 for startAsFollower
2021-01-18 07:23:07,871 [pool-99-thread-1] INFO  impl.RoleInfo (RoleInfo.java:updateAndGet(130)) - 4c7fc10d-533a-48df-9dd5-d11737eac487: start 4c7fc10d-533a-48df-9dd5-d11737eac487@group-9A1709479A4A-FollowerState
2021-01-18 07:23:07,873 [pool-99-thread-1] INFO  util.JmxRegister (JmxRegister.java:tryRegister(44)) - Successfully registered JMX Bean with object name Ratis:service=RaftServer,group=group-9A1709479A4A,id=4c7fc10d-533a-48df-9dd5-d11737eac487
2021-01-18 07:23:07,873 [pool-99-thread-1] INFO  metrics.RatisMetrics (RatisMetrics.java:lambda$create$0(36)) - Creating Metrics Registry : ratis.state_machine.4c7fc10d-533a-48df-9dd5-d11737eac487@group-9A1709479A4A
2021-01-18 07:23:07,875 [Command processor thread] INFO  commandhandler.CreatePipelineCommandHandler (CreatePipelineCommandHandler.java:handle(106)) - Created Pipeline RATIS ONE PipelineID=710c34b1-69f5-4644-bba9-9a1709479a4a.
2021-01-18 07:23:07,914 [grpc-default-executor-0] WARN  server.GrpcLogAppender (LogUtils.java:warn(122)) - omNode-1@group-523986131536->omNode-3-AppendLogResponseHandler: Failed appendEntries: org.apache.ratis.thirdparty.io.grpc.StatusRuntimeException: UNAVAILABLE: io exception
2021-01-18 07:23:07,915 [grpc-default-executor-0] WARN  server.GrpcLogAppender (GrpcLogAppender.java:resetClient(111)) - omNode-1@group-523986131536->omNode-3-GrpcLogAppender: Leader has not got in touch with Follower omNode-1@group-523986131536->omNode-3(c-1,m0,n1, attendVote=true, lastRpcSendTime=0, lastRpcResponseTime=27871) yet, just keep nextIndex unchanged and retry.
2021-01-18 07:23:08,414 [grpc-default-executor-0] WARN  server.GrpcLogAppender (LogUtils.java:warn(122)) - omNode-1@group-523986131536->omNode-3-AppendLogResponseHandler: Failed appendEntries: org.apache.ratis.thirdparty.io.grpc.StatusRuntimeException: UNAVAILABLE: io exception
2021-01-18 07:23:08,415 [grpc-default-executor-0] WARN  server.GrpcLogAppender (GrpcLogAppender.java:resetClient(111)) - omNode-1@group-523986131536->omNode-3-GrpcLogAppender: Leader has not got in touch with Follower omNode-1@group-523986131536->omNode-3(c-1,m0,n1, attendVote=true, lastRpcSendTime=0, lastRpcResponseTime=28371) yet, just keep nextIndex unchanged and retry.
2021-01-18 07:23:08,517 [EventQueue-PipelineReportForOneReplicaPipelineSafeModeRule] INFO  safemode.SCMSafeModeManager (SCMSafeModeManager.java:validateSafeModeExitRules(214)) - AtleastOneDatanodeReportedRule rule is successfully validated
2021-01-18 07:23:08,517 [EventQueue-OpenPipelineForHealthyPipelineSafeModeRule] INFO  safemode.SCMSafeModeManager (HealthyPipelineSafeModeRule.java:process(128)) - SCM in safe mode. Healthy pipelines reported count is 0, required healthy pipeline reported count is 1
2021-01-18 07:23:08,665 [EventQueue-OpenPipelineForHealthyPipelineSafeModeRule] INFO  safemode.SCMSafeModeManager (HealthyPipelineSafeModeRule.java:process(128)) - SCM in safe mode. Healthy pipelines reported count is 0, required healthy pipeline reported count is 1
2021-01-18 07:23:08,666 [EventQueue-PipelineReportForOneReplicaPipelineSafeModeRule] INFO  safemode.SCMSafeModeManager (SCMSafeModeManager.java:validateSafeModeExitRules(214)) - AtleastOneDatanodeReportedRule rule is successfully validated
2021-01-18 07:23:08,844 [Listener at 127.0.0.1/13796] INFO  ozone.MiniOzoneClusterImpl (MiniOzoneClusterImpl.java:lambda$waitForClusterToBeReady$0(179)) - Nodes are ready. Got 3 of 3 DN Heartbeats.
2021-01-18 07:23:08,844 [Listener at 127.0.0.1/13796] INFO  ozone.MiniOzoneClusterImpl (MiniOzoneClusterImpl.java:lambda$waitForClusterToBeReady$0(182)) - Waiting for cluster to exit safe mode
2021-01-18 07:23:08,860 [EventQueue-PipelineReportForOneReplicaPipelineSafeModeRule] INFO  safemode.SCMSafeModeManager (SCMSafeModeManager.java:validateSafeModeExitRules(214)) - AtleastOneDatanodeReportedRule rule is successfully validated
2021-01-18 07:23:08,860 [EventQueue-OpenPipelineForHealthyPipelineSafeModeRule] INFO  safemode.SCMSafeModeManager (HealthyPipelineSafeModeRule.java:process(128)) - SCM in safe mode. Healthy pipelines reported count is 0, required healthy pipeline reported count is 1
2021-01-18 07:23:08,915 [grpc-default-executor-0] WARN  server.GrpcLogAppender (LogUtils.java:warn(122)) - omNode-1@group-523986131536->omNode-3-AppendLogResponseHandler: Failed appendEntries: org.apache.ratis.thirdparty.io.grpc.StatusRuntimeException: UNAVAILABLE: io exception
2021-01-18 07:23:08,915 [grpc-default-executor-0] WARN  server.GrpcLogAppender (GrpcLogAppender.java:resetClient(111)) - omNode-1@group-523986131536->omNode-3-GrpcLogAppender: Leader has not got in touch with Follower omNode-1@group-523986131536->omNode-3(c-1,m0,n1, attendVote=true, lastRpcSendTime=0, lastRpcResponseTime=28871) yet, just keep nextIndex unchanged and retry.
2021-01-18 07:23:09,419 [grpc-default-executor-0] WARN  server.GrpcLogAppender (LogUtils.java:warn(122)) - omNode-1@group-523986131536->omNode-3-AppendLogResponseHandler: Failed appendEntries: org.apache.ratis.thirdparty.io.grpc.StatusRuntimeException: UNAVAILABLE: io exception
2021-01-18 07:23:09,419 [grpc-default-executor-0] WARN  server.GrpcLogAppender (GrpcLogAppender.java:resetClient(111)) - omNode-1@group-523986131536->omNode-3-GrpcLogAppender: Leader has not got in touch with Follower omNode-1@group-523986131536->omNode-3(c-1,m0,n1, attendVote=true, lastRpcSendTime=0, lastRpcResponseTime=29375) yet, just keep nextIndex unchanged and retry.
2021-01-18 07:23:09,514 [EventQueue-PipelineReportForOneReplicaPipelineSafeModeRule] INFO  safemode.SCMSafeModeManager (SCMSafeModeManager.java:validateSafeModeExitRules(214)) - AtleastOneDatanodeReportedRule rule is successfully validated
2021-01-18 07:23:09,514 [EventQueue-OpenPipelineForHealthyPipelineSafeModeRule] INFO  safemode.SCMSafeModeManager (HealthyPipelineSafeModeRule.java:process(128)) - SCM in safe mode. Healthy pipelines reported count is 0, required healthy pipeline reported count is 1
2021-01-18 07:23:09,665 [EventQueue-OpenPipelineForHealthyPipelineSafeModeRule] INFO  safemode.SCMSafeModeManager (HealthyPipelineSafeModeRule.java:process(128)) - SCM in safe mode. Healthy pipelines reported count is 0, required healthy pipeline reported count is 1
2021-01-18 07:23:09,665 [EventQueue-PipelineReportForOneReplicaPipelineSafeModeRule] INFO  safemode.SCMSafeModeManager (SCMSafeModeManager.java:validateSafeModeExitRules(214)) - AtleastOneDatanodeReportedRule rule is successfully validated
2021-01-18 07:23:09,844 [Listener at 127.0.0.1/13796] INFO  ozone.MiniOzoneClusterImpl (MiniOzoneClusterImpl.java:lambda$waitForClusterToBeReady$0(179)) - Nodes are ready. Got 3 of 3 DN Heartbeats.
2021-01-18 07:23:09,844 [Listener at 127.0.0.1/13796] INFO  ozone.MiniOzoneClusterImpl (MiniOzoneClusterImpl.java:lambda$waitForClusterToBeReady$0(182)) - Waiting for cluster to exit safe mode
2021-01-18 07:23:09,860 [EventQueue-PipelineReportForOneReplicaPipelineSafeModeRule] INFO  safemode.SCMSafeModeManager (SCMSafeModeManager.java:validateSafeModeExitRules(214)) - AtleastOneDatanodeReportedRule rule is successfully validated
2021-01-18 07:23:09,860 [EventQueue-OpenPipelineForHealthyPipelineSafeModeRule] INFO  safemode.SCMSafeModeManager (HealthyPipelineSafeModeRule.java:process(128)) - SCM in safe mode. Healthy pipelines reported count is 0, required healthy pipeline reported count is 1
2021-01-18 07:23:09,919 [grpc-default-executor-0] WARN  server.GrpcLogAppender (LogUtils.java:warn(122)) - omNode-1@group-523986131536->omNode-3-AppendLogResponseHandler: Failed appendEntries: org.apache.ratis.thirdparty.io.grpc.StatusRuntimeException: UNAVAILABLE: io exception
2021-01-18 07:23:09,920 [grpc-default-executor-0] WARN  server.GrpcLogAppender (GrpcLogAppender.java:resetClient(111)) - omNode-1@group-523986131536->omNode-3-GrpcLogAppender: Leader has not got in touch with Follower omNode-1@group-523986131536->omNode-3(c-1,m0,n1, attendVote=true, lastRpcSendTime=0, lastRpcResponseTime=29876) yet, just keep nextIndex unchanged and retry.
2021-01-18 07:23:10,419 [grpc-default-executor-0] WARN  server.GrpcLogAppender (LogUtils.java:warn(122)) - omNode-1@group-523986131536->omNode-3-AppendLogResponseHandler: Failed appendEntries: org.apache.ratis.thirdparty.io.grpc.StatusRuntimeException: UNAVAILABLE: io exception
2021-01-18 07:23:10,420 [grpc-default-executor-0] WARN  server.GrpcLogAppender (GrpcLogAppender.java:resetClient(111)) - omNode-1@group-523986131536->omNode-3-GrpcLogAppender: Leader has not got in touch with Follower omNode-1@group-523986131536->omNode-3(c-1,m0,n1, attendVote=true, lastRpcSendTime=0, lastRpcResponseTime=30376) yet, just keep nextIndex unchanged and retry.
2021-01-18 07:23:10,514 [EventQueue-PipelineReportForOneReplicaPipelineSafeModeRule] INFO  safemode.SCMSafeModeManager (SCMSafeModeManager.java:validateSafeModeExitRules(214)) - AtleastOneDatanodeReportedRule rule is successfully validated
2021-01-18 07:23:10,514 [EventQueue-OpenPipelineForHealthyPipelineSafeModeRule] INFO  safemode.SCMSafeModeManager (HealthyPipelineSafeModeRule.java:process(128)) - SCM in safe mode. Healthy pipelines reported count is 0, required healthy pipeline reported count is 1
2021-01-18 07:23:10,664 [EventQueue-OpenPipelineForHealthyPipelineSafeModeRule] INFO  safemode.SCMSafeModeManager (HealthyPipelineSafeModeRule.java:process(128)) - SCM in safe mode. Healthy pipelines reported count is 0, required healthy pipeline reported count is 1
2021-01-18 07:23:10,664 [EventQueue-PipelineReportForOneReplicaPipelineSafeModeRule] INFO  safemode.SCMSafeModeManager (SCMSafeModeManager.java:validateSafeModeExitRules(214)) - AtleastOneDatanodeReportedRule rule is successfully validated
2021-01-18 07:23:10,845 [Listener at 127.0.0.1/13796] INFO  ozone.MiniOzoneClusterImpl (MiniOzoneClusterImpl.java:lambda$waitForClusterToBeReady$0(179)) - Nodes are ready. Got 3 of 3 DN Heartbeats.
2021-01-18 07:23:10,845 [Listener at 127.0.0.1/13796] INFO  ozone.MiniOzoneClusterImpl (MiniOzoneClusterImpl.java:lambda$waitForClusterToBeReady$0(182)) - Waiting for cluster to exit safe mode
2021-01-18 07:23:10,860 [EventQueue-PipelineReportForOneReplicaPipelineSafeModeRule] INFO  safemode.SCMSafeModeManager (SCMSafeModeManager.java:validateSafeModeExitRules(214)) - AtleastOneDatanodeReportedRule rule is successfully validated
2021-01-18 07:23:10,860 [EventQueue-OpenPipelineForHealthyPipelineSafeModeRule] INFO  safemode.SCMSafeModeManager (HealthyPipelineSafeModeRule.java:process(128)) - SCM in safe mode. Healthy pipelines reported count is 0, required healthy pipeline reported count is 1
2021-01-18 07:23:10,920 [grpc-default-executor-0] WARN  server.GrpcLogAppender (LogUtils.java:warn(122)) - omNode-1@group-523986131536->omNode-3-AppendLogResponseHandler: Failed appendEntries: org.apache.ratis.thirdparty.io.grpc.StatusRuntimeException: UNAVAILABLE: io exception
2021-01-18 07:23:10,921 [grpc-default-executor-0] WARN  server.GrpcLogAppender (GrpcLogAppender.java:resetClient(111)) - omNode-1@group-523986131536->omNode-3-GrpcLogAppender: Leader has not got in touch with Follower omNode-1@group-523986131536->omNode-3(c-1,m0,n1, attendVote=true, lastRpcSendTime=0, lastRpcResponseTime=30876) yet, just keep nextIndex unchanged and retry.
2021-01-18 07:23:11,377 [Thread-307] INFO  impl.FollowerState (FollowerState.java:run(133)) - f0d6c3f1-3e1c-4709-8909-543e2e55c827@group-147C4D88AB47-FollowerState: change to CANDIDATE, lastRpcElapsedTime:5040358113ns, electionTimeout:5032ms
2021-01-18 07:23:11,377 [Thread-307] INFO  impl.RoleInfo (RoleInfo.java:shutdownFollowerState(108)) - f0d6c3f1-3e1c-4709-8909-543e2e55c827: shutdown f0d6c3f1-3e1c-4709-8909-543e2e55c827@group-147C4D88AB47-FollowerState
2021-01-18 07:23:11,377 [Thread-307] INFO  server.RaftServer$Division (RaftServerImpl.java:setRole(283)) - f0d6c3f1-3e1c-4709-8909-543e2e55c827@group-147C4D88AB47: changes role from  FOLLOWER to CANDIDATE at term 0 for changeToCandidate
2021-01-18 07:23:11,377 [Thread-307] INFO  impl.RoleInfo (RoleInfo.java:updateAndGet(130)) - f0d6c3f1-3e1c-4709-8909-543e2e55c827: start f0d6c3f1-3e1c-4709-8909-543e2e55c827@group-147C4D88AB47-LeaderElection6
2021-01-18 07:23:11,381 [f0d6c3f1-3e1c-4709-8909-543e2e55c827@group-147C4D88AB47-LeaderElection6] INFO  impl.LeaderElection (LeaderElection.java:askForPreVotes(259)) - f0d6c3f1-3e1c-4709-8909-543e2e55c827@group-147C4D88AB47-LeaderElection6: begin a pre-vote at term 0 for -1: [4c7fc10d-533a-48df-9dd5-d11737eac487|rpc:172.17.0.2:38871|priority:0, 82d7d2f8-b8a6-49fb-a52d-45f65ec50674|rpc:172.17.0.2:35527|priority:0, f0d6c3f1-3e1c-4709-8909-543e2e55c827|rpc:172.17.0.2:44583|priority:1], old=null
2021-01-18 07:23:11,397 [grpc-default-executor-0] INFO  server.RaftServer$Division (RaftServerImpl.java:requestPreVote(1060)) - 82d7d2f8-b8a6-49fb-a52d-45f65ec50674@group-147C4D88AB47: receive preVote(f0d6c3f1-3e1c-4709-8909-543e2e55c827, group-147C4D88AB47, 0, (t:0, i:0))
2021-01-18 07:23:11,397 [grpc-default-executor-0] INFO  server.RaftServer$Division (RaftServerImpl.java:requestPreVote(1081)) - 82d7d2f8-b8a6-49fb-a52d-45f65ec50674@group-147C4D88AB47 role: FOLLOWER allow pre-vote from:f0d6c3f1-3e1c-4709-8909-543e2e55c827
2021-01-18 07:23:11,397 [grpc-default-executor-0] INFO  server.RaftServer$Division (RaftServerImpl.java:requestPreVote(1099)) - 82d7d2f8-b8a6-49fb-a52d-45f65ec50674@group-147C4D88AB47 replies to pre-vote request: f0d6c3f1-3e1c-4709-8909-543e2e55c827<-82d7d2f8-b8a6-49fb-a52d-45f65ec50674#0:OK-t0. Peer's state: 82d7d2f8-b8a6-49fb-a52d-45f65ec50674@group-147C4D88AB47:t0, leader=null, voted=, raftlog=82d7d2f8-b8a6-49fb-a52d-45f65ec50674@group-147C4D88AB47-SegmentedRaftLog:OPENED:c-1,f-1,i0, conf=-1: [4c7fc10d-533a-48df-9dd5-d11737eac487|rpc:172.17.0.2:38871|dataStream:|priority:0, 82d7d2f8-b8a6-49fb-a52d-45f65ec50674|rpc:172.17.0.2:35527|dataStream:|priority:0, f0d6c3f1-3e1c-4709-8909-543e2e55c827|rpc:172.17.0.2:44583|dataStream:|priority:1], old=null
2021-01-18 07:23:11,399 [f0d6c3f1-3e1c-4709-8909-543e2e55c827@group-147C4D88AB47-LeaderElection6] INFO  impl.LeaderElection (LeaderElection.java:logAndReturn(68)) - f0d6c3f1-3e1c-4709-8909-543e2e55c827@group-147C4D88AB47-LeaderElection6: Pre-vote  PASSED received 1 response(s):[f0d6c3f1-3e1c-4709-8909-543e2e55c827<-82d7d2f8-b8a6-49fb-a52d-45f65ec50674#0:OK-t0]
2021-01-18 07:23:11,399 [f0d6c3f1-3e1c-4709-8909-543e2e55c827@group-147C4D88AB47-LeaderElection6] INFO  impl.LeaderElection (LeaderElection.java:askForPreVotes(261)) - f0d6c3f1-3e1c-4709-8909-543e2e55c827@group-147C4D88AB47-LeaderElection6 pre-vote result is PASSED.
2021-01-18 07:23:11,401 [f0d6c3f1-3e1c-4709-8909-543e2e55c827@group-147C4D88AB47-LeaderElection6] INFO  impl.LeaderElection (LeaderElection.java:askForVotes(308)) - f0d6c3f1-3e1c-4709-8909-543e2e55c827@group-147C4D88AB47-LeaderElection6: begin an election at term 1 for -1: [4c7fc10d-533a-48df-9dd5-d11737eac487|rpc:172.17.0.2:38871|priority:0, 82d7d2f8-b8a6-49fb-a52d-45f65ec50674|rpc:172.17.0.2:35527|priority:0, f0d6c3f1-3e1c-4709-8909-543e2e55c827|rpc:172.17.0.2:44583|priority:1], old=null
2021-01-18 07:23:11,409 [grpc-default-executor-0] INFO  server.RaftServer$Division (RaftServerImpl.java:requestPreVote(1060)) - 4c7fc10d-533a-48df-9dd5-d11737eac487@group-147C4D88AB47: receive preVote(f0d6c3f1-3e1c-4709-8909-543e2e55c827, group-147C4D88AB47, 0, (t:0, i:0))
2021-01-18 07:23:11,409 [grpc-default-executor-0] INFO  server.RaftServer$Division (RaftServerImpl.java:requestPreVote(1081)) - 4c7fc10d-533a-48df-9dd5-d11737eac487@group-147C4D88AB47 role: FOLLOWER allow pre-vote from:f0d6c3f1-3e1c-4709-8909-543e2e55c827
2021-01-18 07:23:11,409 [grpc-default-executor-0] INFO  server.RaftServer$Division (RaftServerImpl.java:requestPreVote(1099)) - 4c7fc10d-533a-48df-9dd5-d11737eac487@group-147C4D88AB47 replies to pre-vote request: f0d6c3f1-3e1c-4709-8909-543e2e55c827<-4c7fc10d-533a-48df-9dd5-d11737eac487#0:OK-t0. Peer's state: 4c7fc10d-533a-48df-9dd5-d11737eac487@group-147C4D88AB47:t0, leader=null, voted=, raftlog=4c7fc10d-533a-48df-9dd5-d11737eac487@group-147C4D88AB47-SegmentedRaftLog:OPENED:c-1,f-1,i0, conf=-1: [4c7fc10d-533a-48df-9dd5-d11737eac487|rpc:172.17.0.2:38871|dataStream:|priority:0, 82d7d2f8-b8a6-49fb-a52d-45f65ec50674|rpc:172.17.0.2:35527|dataStream:|priority:0, f0d6c3f1-3e1c-4709-8909-543e2e55c827|rpc:172.17.0.2:44583|dataStream:|priority:1], old=null
2021-01-18 07:23:11,412 [grpc-default-executor-0] INFO  server.RaftServer$Division (RaftServerImpl.java:setRole(283)) - 4c7fc10d-533a-48df-9dd5-d11737eac487@group-147C4D88AB47: changes role from  FOLLOWER to FOLLOWER at term 1 for recognizeCandidate:f0d6c3f1-3e1c-4709-8909-543e2e55c827
2021-01-18 07:23:11,412 [grpc-default-executor-0] INFO  impl.RoleInfo (RoleInfo.java:shutdownFollowerState(108)) - 4c7fc10d-533a-48df-9dd5-d11737eac487: shutdown 4c7fc10d-533a-48df-9dd5-d11737eac487@group-147C4D88AB47-FollowerState
2021-01-18 07:23:11,413 [grpc-default-executor-0] INFO  impl.RoleInfo (RoleInfo.java:updateAndGet(130)) - 4c7fc10d-533a-48df-9dd5-d11737eac487: start 4c7fc10d-533a-48df-9dd5-d11737eac487@group-147C4D88AB47-FollowerState
2021-01-18 07:23:11,413 [Thread-312] INFO  impl.FollowerState (FollowerState.java:run(142)) - 4c7fc10d-533a-48df-9dd5-d11737eac487@group-147C4D88AB47-FollowerState was interrupted: {}
java.lang.InterruptedException: sleep interrupted
	at java.lang.Thread.sleep(Native Method)
	at java.lang.Thread.sleep(Thread.java:340)
	at java.util.concurrent.TimeUnit.sleep(TimeUnit.java:386)
	at org.apache.ratis.util.TimeDuration.sleep(TimeDuration.java:324)
	at org.apache.ratis.util.TimeDuration.sleep(TimeDuration.java:309)
	at org.apache.ratis.server.impl.FollowerState.run(FollowerState.java:117)
2021-01-18 07:23:11,414 [grpc-default-executor-0] INFO  server.RaftServer$Division (RaftServerImpl.java:requestVote(1137)) -  FOLLOWER 4c7fc10d-533a-48df-9dd5-d11737eac487@group-147C4D88AB47:t1, leader=null, voted=null, raftlog=4c7fc10d-533a-48df-9dd5-d11737eac487@group-147C4D88AB47-SegmentedRaftLog:OPENED:c-1,f-1,i0, conf=-1: [4c7fc10d-533a-48df-9dd5-d11737eac487|rpc:172.17.0.2:38871|dataStream:|priority:0, 82d7d2f8-b8a6-49fb-a52d-45f65ec50674|rpc:172.17.0.2:35527|dataStream:|priority:0, f0d6c3f1-3e1c-4709-8909-543e2e55c827|rpc:172.17.0.2:44583|dataStream:|priority:1], old=null RUNNING priority:0 candidate:f0d6c3f1-3e1c-4709-8909-543e2e55c827|rpc:172.17.0.2:44583|dataStream:|priority:1 candidatePriority:1 compare:0
2021-01-18 07:23:11,417 [grpc-default-executor-1] INFO  server.RaftServer$Division (RaftServerImpl.java:setRole(283)) - 82d7d2f8-b8a6-49fb-a52d-45f65ec50674@group-147C4D88AB47: changes role from  FOLLOWER to FOLLOWER at term 1 for recognizeCandidate:f0d6c3f1-3e1c-4709-8909-543e2e55c827
2021-01-18 07:23:11,418 [grpc-default-executor-1] INFO  impl.RoleInfo (RoleInfo.java:shutdownFollowerState(108)) - 82d7d2f8-b8a6-49fb-a52d-45f65ec50674: shutdown 82d7d2f8-b8a6-49fb-a52d-45f65ec50674@group-147C4D88AB47-FollowerState
2021-01-18 07:23:11,418 [grpc-default-executor-1] INFO  impl.RoleInfo (RoleInfo.java:updateAndGet(130)) - 82d7d2f8-b8a6-49fb-a52d-45f65ec50674: start 82d7d2f8-b8a6-49fb-a52d-45f65ec50674@group-147C4D88AB47-FollowerState
2021-01-18 07:23:11,418 [Thread-309] INFO  impl.FollowerState (FollowerState.java:run(142)) - 82d7d2f8-b8a6-49fb-a52d-45f65ec50674@group-147C4D88AB47-FollowerState was interrupted: {}
java.lang.InterruptedException: sleep interrupted
	at java.lang.Thread.sleep(Native Method)
	at java.lang.Thread.sleep(Thread.java:340)
	at java.util.concurrent.TimeUnit.sleep(TimeUnit.java:386)
	at org.apache.ratis.util.TimeDuration.sleep(TimeDuration.java:324)
	at org.apache.ratis.util.TimeDuration.sleep(TimeDuration.java:309)
	at org.apache.ratis.server.impl.FollowerState.run(FollowerState.java:117)
2021-01-18 07:23:11,425 [grpc-default-executor-2] WARN  server.GrpcLogAppender (LogUtils.java:warn(122)) - omNode-1@group-523986131536->omNode-3-AppendLogResponseHandler: Failed appendEntries: org.apache.ratis.thirdparty.io.grpc.StatusRuntimeException: UNAVAILABLE: io exception
2021-01-18 07:23:11,418 [grpc-default-executor-1] INFO  server.RaftServer$Division (RaftServerImpl.java:requestVote(1137)) -  FOLLOWER 82d7d2f8-b8a6-49fb-a52d-45f65ec50674@group-147C4D88AB47:t1, leader=null, voted=null, raftlog=82d7d2f8-b8a6-49fb-a52d-45f65ec50674@group-147C4D88AB47-SegmentedRaftLog:OPENED:c-1,f-1,i0, conf=-1: [4c7fc10d-533a-48df-9dd5-d11737eac487|rpc:172.17.0.2:38871|dataStream:|priority:0, 82d7d2f8-b8a6-49fb-a52d-45f65ec50674|rpc:172.17.0.2:35527|dataStream:|priority:0, f0d6c3f1-3e1c-4709-8909-543e2e55c827|rpc:172.17.0.2:44583|dataStream:|priority:1], old=null RUNNING priority:0 candidate:f0d6c3f1-3e1c-4709-8909-543e2e55c827|rpc:172.17.0.2:44583|dataStream:|priority:1 candidatePriority:1 compare:0
2021-01-18 07:23:11,426 [grpc-default-executor-2] WARN  server.GrpcLogAppender (GrpcLogAppender.java:resetClient(111)) - omNode-1@group-523986131536->omNode-3-GrpcLogAppender: Leader has not got in touch with Follower omNode-1@group-523986131536->omNode-3(c-1,m0,n1, attendVote=true, lastRpcSendTime=0, lastRpcResponseTime=31382) yet, just keep nextIndex unchanged and retry.
2021-01-18 07:23:11,435 [f0d6c3f1-3e1c-4709-8909-543e2e55c827@group-147C4D88AB47-LeaderElection6] INFO  impl.LeaderElection (LeaderElection.java:logAndReturn(68)) - f0d6c3f1-3e1c-4709-8909-543e2e55c827@group-147C4D88AB47-LeaderElection6: Election  PASSED received 1 response(s):[f0d6c3f1-3e1c-4709-8909-543e2e55c827<-82d7d2f8-b8a6-49fb-a52d-45f65ec50674#0:OK-t1]
2021-01-18 07:23:11,435 [f0d6c3f1-3e1c-4709-8909-543e2e55c827@group-147C4D88AB47-LeaderElection6] INFO  impl.RoleInfo (RoleInfo.java:shutdownLeaderElection(121)) - f0d6c3f1-3e1c-4709-8909-543e2e55c827: shutdown f0d6c3f1-3e1c-4709-8909-543e2e55c827@group-147C4D88AB47-LeaderElection6
2021-01-18 07:23:11,435 [f0d6c3f1-3e1c-4709-8909-543e2e55c827@group-147C4D88AB47-LeaderElection6] INFO  server.RaftServer$Division (RaftServerImpl.java:setRole(283)) - f0d6c3f1-3e1c-4709-8909-543e2e55c827@group-147C4D88AB47: changes role from CANDIDATE to LEADER at term 1 for changeToLeader
2021-01-18 07:23:11,435 [f0d6c3f1-3e1c-4709-8909-543e2e55c827@group-147C4D88AB47-LeaderElection6] INFO  ratis.XceiverServerRatis (XceiverServerRatis.java:handleLeaderChangedNotification(868)) - Leader change notification received for group: group-147C4D88AB47 with new leaderId: f0d6c3f1-3e1c-4709-8909-543e2e55c827
2021-01-18 07:23:11,435 [f0d6c3f1-3e1c-4709-8909-543e2e55c827@group-147C4D88AB47-LeaderElection6] INFO  server.RaftServer$Division (ServerState.java:setLeader(249)) - f0d6c3f1-3e1c-4709-8909-543e2e55c827@group-147C4D88AB47: change Leader from null to f0d6c3f1-3e1c-4709-8909-543e2e55c827 at term 1 for becomeLeader, leader elected after 5114ms
2021-01-18 07:23:11,435 [f0d6c3f1-3e1c-4709-8909-543e2e55c827@group-147C4D88AB47-LeaderElection6] INFO  server.RaftServerConfigKeys (ConfUtils.java:logGet(44)) - raft.server.staging.catchup.gap = 1000 (default)
2021-01-18 07:23:11,436 [f0d6c3f1-3e1c-4709-8909-543e2e55c827@group-147C4D88AB47-LeaderElection6] INFO  metrics.RatisMetrics (RatisMetrics.java:lambda$create$0(36)) - Creating Metrics Registry : ratis.log_appender.f0d6c3f1-3e1c-4709-8909-543e2e55c827@group-147C4D88AB47
2021-01-18 07:23:11,436 [f0d6c3f1-3e1c-4709-8909-543e2e55c827@group-147C4D88AB47-LeaderElection6] INFO  server.RaftServerConfigKeys (ConfUtils.java:logGet(44)) - raft.server.write.element-limit = 1024 (custom)
2021-01-18 07:23:11,436 [f0d6c3f1-3e1c-4709-8909-543e2e55c827@group-147C4D88AB47-LeaderElection6] INFO  server.RaftServerConfigKeys (ConfUtils.java:logGet(44)) - raft.server.write.byte-limit = 1073741824 (custom)
2021-01-18 07:23:11,436 [f0d6c3f1-3e1c-4709-8909-543e2e55c827@group-147C4D88AB47-LeaderElection6] INFO  server.RaftServerConfigKeys (ConfUtils.java:logGet(44)) - raft.server.watch.timeout = 180s (custom)
2021-01-18 07:23:11,436 [f0d6c3f1-3e1c-4709-8909-543e2e55c827@group-147C4D88AB47-LeaderElection6] INFO  server.RaftServerConfigKeys (ConfUtils.java:logGet(44)) - raft.server.watch.timeout.denomination = 1s (default)
2021-01-18 07:23:11,436 [f0d6c3f1-3e1c-4709-8909-543e2e55c827@group-147C4D88AB47-LeaderElection6] INFO  server.RaftServerConfigKeys (ConfUtils.java:logGet(44)) - raft.server.watch.element-limit = 65536 (default)
2021-01-18 07:23:11,436 [f0d6c3f1-3e1c-4709-8909-543e2e55c827@group-147C4D88AB47-LeaderElection6] INFO  server.RaftServerConfigKeys (ConfUtils.java:logGet(44)) - raft.server.log.appender.snapshot.chunk.size.max = 16MB (=16777216) (default)
2021-01-18 07:23:11,438 [EventQueue-PipelineReportForPipelineReportHandler] INFO  pipeline.PipelineStateManager (PipelineStateManager.java:openPipeline(132)) - Pipeline Pipeline[ Id: 712a9273-c4aa-457a-ac5f-147c4d88ab47, Nodes: f0d6c3f1-3e1c-4709-8909-543e2e55c827{ip: 172.17.0.2, host: c4357192f866, networkLocation: /default-rack, certSerialId: null, persistedOpState: IN_SERVICE, persistedOpStateExpiryEpochSec: 0}82d7d2f8-b8a6-49fb-a52d-45f65ec50674{ip: 172.17.0.2, host: c4357192f866, networkLocation: /default-rack, certSerialId: null, persistedOpState: IN_SERVICE, persistedOpStateExpiryEpochSec: 0}4c7fc10d-533a-48df-9dd5-d11737eac487{ip: 172.17.0.2, host: c4357192f866, networkLocation: /default-rack, certSerialId: null, persistedOpState: IN_SERVICE, persistedOpStateExpiryEpochSec: 0}, Type:RATIS, Factor:THREE, State:ALLOCATED, leaderId:f0d6c3f1-3e1c-4709-8909-543e2e55c827, CreationTimestamp2021-01-18T07:23:04.858Z] moved to OPEN state
2021-01-18 07:23:11,438 [EventQueue-PipelineReportForOneReplicaPipelineSafeModeRule] INFO  safemode.SCMSafeModeManager (SCMSafeModeManager.java:validateSafeModeExitRules(214)) - AtleastOneDatanodeReportedRule rule is successfully validated
2021-01-18 07:23:11,438 [EventQueue-OpenPipelineForHealthyPipelineSafeModeRule] INFO  safemode.SCMSafeModeManager (HealthyPipelineSafeModeRule.java:process(128)) - SCM in safe mode. Healthy pipelines reported count is 1, required healthy pipeline reported count is 1
2021-01-18 07:23:11,439 [EventQueue-OpenPipelineForHealthyPipelineSafeModeRule] INFO  safemode.SCMSafeModeManager (SCMSafeModeManager.java:validateSafeModeExitRules(214)) - HealthyPipelineSafeModeRule rule is successfully validated
2021-01-18 07:23:11,439 [EventQueue-OpenPipelineForHealthyPipelineSafeModeRule] INFO  safemode.SCMSafeModeManager (SCMSafeModeManager.java:validateSafeModeExitRules(228)) - ScmSafeModeManager, all rules are successfully validated
2021-01-18 07:23:11,439 [EventQueue-OpenPipelineForHealthyPipelineSafeModeRule] INFO  safemode.SCMSafeModeManager (SCMSafeModeManager.java:exitSafeMode(257)) - SCM exiting safe mode.
2021-01-18 07:23:11,439 [f0d6c3f1-3e1c-4709-8909-543e2e55c827@group-147C4D88AB47-LeaderElection6] INFO  server.RaftServerConfigKeys (ConfUtils.java:logGet(44)) - raft.server.log.appender.buffer.byte-limit = 33554432 (custom)
2021-01-18 07:23:11,440 [f0d6c3f1-3e1c-4709-8909-543e2e55c827@group-147C4D88AB47-LeaderElection6] INFO  server.RaftServerConfigKeys (ConfUtils.java:logGet(44)) - raft.server.log.appender.buffer.element-limit = 1 (custom)
2021-01-18 07:23:11,440 [f0d6c3f1-3e1c-4709-8909-543e2e55c827@group-147C4D88AB47-LeaderElection6] INFO  grpc.GrpcConfigKeys (ConfUtils.java:logGet(44)) - raft.grpc.server.leader.outstanding.appends.max = 128 (default)
2021-01-18 07:23:11,440 [f0d6c3f1-3e1c-4709-8909-543e2e55c827@group-147C4D88AB47-LeaderElection6] INFO  server.RaftServerConfigKeys (ConfUtils.java:logGet(44)) - raft.server.rpc.request.timeout = 60s (custom)
2021-01-18 07:23:11,440 [f0d6c3f1-3e1c-4709-8909-543e2e55c827@group-147C4D88AB47-LeaderElection6] INFO  server.RaftServerConfigKeys (ConfUtils.java:logGet(44)) - raft.server.log.appender.install.snapshot.enabled = false (custom)
2021-01-18 07:23:11,441 [f0d6c3f1-3e1c-4709-8909-543e2e55c827@group-147C4D88AB47-LeaderElection6] INFO  metrics.RatisMetrics (RatisMetrics.java:lambda$create$0(36)) - Creating Metrics Registry : ratis_grpc.log_appender.f0d6c3f1-3e1c-4709-8909-543e2e55c827@group-147C4D88AB47
2021-01-18 07:23:11,441 [f0d6c3f1-3e1c-4709-8909-543e2e55c827@group-147C4D88AB47-LeaderElection6] INFO  server.RaftServerConfigKeys (ConfUtils.java:logGet(44)) - raft.server.log.appender.snapshot.chunk.size.max = 16MB (=16777216) (default)
2021-01-18 07:23:11,441 [f0d6c3f1-3e1c-4709-8909-543e2e55c827@group-147C4D88AB47-LeaderElection6] INFO  server.RaftServerConfigKeys (ConfUtils.java:logGet(44)) - raft.server.log.appender.buffer.byte-limit = 33554432 (custom)
2021-01-18 07:23:11,441 [f0d6c3f1-3e1c-4709-8909-543e2e55c827@group-147C4D88AB47-LeaderElection6] INFO  server.RaftServerConfigKeys (ConfUtils.java:logGet(44)) - raft.server.log.appender.buffer.element-limit = 1 (custom)
2021-01-18 07:23:11,441 [f0d6c3f1-3e1c-4709-8909-543e2e55c827@group-147C4D88AB47-LeaderElection6] INFO  grpc.GrpcConfigKeys (ConfUtils.java:logGet(44)) - raft.grpc.server.leader.outstanding.appends.max = 128 (default)
2021-01-18 07:23:11,441 [f0d6c3f1-3e1c-4709-8909-543e2e55c827@group-147C4D88AB47-LeaderElection6] INFO  server.RaftServerConfigKeys (ConfUtils.java:logGet(44)) - raft.server.rpc.request.timeout = 60s (custom)
2021-01-18 07:23:11,441 [f0d6c3f1-3e1c-4709-8909-543e2e55c827@group-147C4D88AB47-LeaderElection6] INFO  server.RaftServerConfigKeys (ConfUtils.java:logGet(44)) - raft.server.log.appender.install.snapshot.enabled = false (custom)
2021-01-18 07:23:11,442 [f0d6c3f1-3e1c-4709-8909-543e2e55c827@group-147C4D88AB47-LeaderElection6] INFO  impl.RoleInfo (RoleInfo.java:updateAndGet(130)) - f0d6c3f1-3e1c-4709-8909-543e2e55c827: start f0d6c3f1-3e1c-4709-8909-543e2e55c827@group-147C4D88AB47-LeaderStateImpl
2021-01-18 07:23:11,442 [f0d6c3f1-3e1c-4709-8909-543e2e55c827@group-147C4D88AB47-LeaderElection6] INFO  segmented.SegmentedRaftLogWorker (SegmentedRaftLogWorker.java:startLogSegment(392)) - f0d6c3f1-3e1c-4709-8909-543e2e55c827@group-147C4D88AB47-SegmentedRaftLogWorker: Starting segment from index:0
2021-01-18 07:23:11,443 [f0d6c3f1-3e1c-4709-8909-543e2e55c827@group-147C4D88AB47-SegmentedRaftLogWorker] INFO  segmented.SegmentedRaftLogWorker (SegmentedRaftLogWorker.java:execute(599)) - f0d6c3f1-3e1c-4709-8909-543e2e55c827@group-147C4D88AB47-SegmentedRaftLogWorker: created new log segment /github/workspace/mnt/ozone/hadoop-ozone/integration-test/target/test-dir/MiniOzoneClusterImpl-31fb86ba-d539-4b3f-b864-a30db12016a3/datanode-0/data/ratis/712a9273-c4aa-457a-ac5f-147c4d88ab47/current/log_inprogress_0
2021-01-18 07:23:11,460 [f0d6c3f1-3e1c-4709-8909-543e2e55c827@group-147C4D88AB47-LeaderElection6] INFO  server.RaftServer$Division (ServerState.java:setRaftConf(368)) - f0d6c3f1-3e1c-4709-8909-543e2e55c827@group-147C4D88AB47: set configuration 0: [4c7fc10d-533a-48df-9dd5-d11737eac487|rpc:172.17.0.2:38871|dataStream:|priority:0, 82d7d2f8-b8a6-49fb-a52d-45f65ec50674|rpc:172.17.0.2:35527|dataStream:|priority:0, f0d6c3f1-3e1c-4709-8909-543e2e55c827|rpc:172.17.0.2:44583|dataStream:|priority:1], old=null
2021-01-18 07:23:11,466 [grpc-default-executor-0] INFO  ratis.XceiverServerRatis (XceiverServerRatis.java:handleLeaderChangedNotification(868)) - Leader change notification received for group: group-147C4D88AB47 with new leaderId: f0d6c3f1-3e1c-4709-8909-543e2e55c827
2021-01-18 07:23:11,466 [grpc-default-executor-0] INFO  server.RaftServer$Division (ServerState.java:setLeader(249)) - 82d7d2f8-b8a6-49fb-a52d-45f65ec50674@group-147C4D88AB47: change Leader from null to f0d6c3f1-3e1c-4709-8909-543e2e55c827 at term 1 for appendEntries, leader elected after 5060ms
2021-01-18 07:23:11,476 [grpc-default-executor-1] INFO  ratis.XceiverServerRatis (XceiverServerRatis.java:handleLeaderChangedNotification(868)) - Leader change notification received for group: group-147C4D88AB47 with new leaderId: f0d6c3f1-3e1c-4709-8909-543e2e55c827
2021-01-18 07:23:11,476 [grpc-default-executor-1] INFO  server.RaftServer$Division (ServerState.java:setLeader(249)) - 4c7fc10d-533a-48df-9dd5-d11737eac487@group-147C4D88AB47: change Leader from null to f0d6c3f1-3e1c-4709-8909-543e2e55c827 at term 1 for appendEntries, leader elected after 4988ms
2021-01-18 07:23:11,487 [grpc-default-executor-0] INFO  server.RaftServer$Division (ServerState.java:setRaftConf(368)) - 82d7d2f8-b8a6-49fb-a52d-45f65ec50674@group-147C4D88AB47: set configuration 0: [4c7fc10d-533a-48df-9dd5-d11737eac487|rpc:172.17.0.2:38871|dataStream:|priority:0, 82d7d2f8-b8a6-49fb-a52d-45f65ec50674|rpc:172.17.0.2:35527|dataStream:|priority:0, f0d6c3f1-3e1c-4709-8909-543e2e55c827|rpc:172.17.0.2:44583|dataStream:|priority:1], old=null
2021-01-18 07:23:11,487 [grpc-default-executor-0] INFO  segmented.SegmentedRaftLogWorker (SegmentedRaftLogWorker.java:startLogSegment(392)) - 82d7d2f8-b8a6-49fb-a52d-45f65ec50674@group-147C4D88AB47-SegmentedRaftLogWorker: Starting segment from index:0
2021-01-18 07:23:11,488 [grpc-default-executor-1] INFO  server.RaftServer$Division (ServerState.java:setRaftConf(368)) - 4c7fc10d-533a-48df-9dd5-d11737eac487@group-147C4D88AB47: set configuration 0: [4c7fc10d-533a-48df-9dd5-d11737eac487|rpc:172.17.0.2:38871|dataStream:|priority:0, 82d7d2f8-b8a6-49fb-a52d-45f65ec50674|rpc:172.17.0.2:35527|dataStream:|priority:0, f0d6c3f1-3e1c-4709-8909-543e2e55c827|rpc:172.17.0.2:44583|dataStream:|priority:1], old=null
2021-01-18 07:23:11,488 [grpc-default-executor-1] INFO  segmented.SegmentedRaftLogWorker (SegmentedRaftLogWorker.java:startLogSegment(392)) - 4c7fc10d-533a-48df-9dd5-d11737eac487@group-147C4D88AB47-SegmentedRaftLogWorker: Starting segment from index:0
2021-01-18 07:23:11,490 [4c7fc10d-533a-48df-9dd5-d11737eac487@group-147C4D88AB47-SegmentedRaftLogWorker] INFO  segmented.SegmentedRaftLogWorker (SegmentedRaftLogWorker.java:execute(599)) - 4c7fc10d-533a-48df-9dd5-d11737eac487@group-147C4D88AB47-SegmentedRaftLogWorker: created new log segment /github/workspace/mnt/ozone/hadoop-ozone/integration-test/target/test-dir/MiniOzoneClusterImpl-31fb86ba-d539-4b3f-b864-a30db12016a3/datanode-2/data/ratis/712a9273-c4aa-457a-ac5f-147c4d88ab47/current/log_inprogress_0
2021-01-18 07:23:11,493 [82d7d2f8-b8a6-49fb-a52d-45f65ec50674@group-147C4D88AB47-SegmentedRaftLogWorker] INFO  segmented.SegmentedRaftLogWorker (SegmentedRaftLogWorker.java:execute(599)) - 82d7d2f8-b8a6-49fb-a52d-45f65ec50674@group-147C4D88AB47-SegmentedRaftLogWorker: created new log segment /github/workspace/mnt/ozone/hadoop-ozone/integration-test/target/test-dir/MiniOzoneClusterImpl-31fb86ba-d539-4b3f-b864-a30db12016a3/datanode-1/data/ratis/712a9273-c4aa-457a-ac5f-147c4d88ab47/current/log_inprogress_0
2021-01-18 07:23:11,582 [Thread-315] INFO  impl.FollowerState (FollowerState.java:run(133)) - f0d6c3f1-3e1c-4709-8909-543e2e55c827@group-77B7514020FA-FollowerState: change to CANDIDATE, lastRpcElapsedTime:5056452574ns, electionTimeout:5055ms
2021-01-18 07:23:11,583 [Thread-315] INFO  impl.RoleInfo (RoleInfo.java:shutdownFollowerState(108)) - f0d6c3f1-3e1c-4709-8909-543e2e55c827: shutdown f0d6c3f1-3e1c-4709-8909-543e2e55c827@group-77B7514020FA-FollowerState
2021-01-18 07:23:11,583 [Thread-315] INFO  server.RaftServer$Division (RaftServerImpl.java:setRole(283)) - f0d6c3f1-3e1c-4709-8909-543e2e55c827@group-77B7514020FA: changes role from  FOLLOWER to CANDIDATE at term 0 for changeToCandidate
2021-01-18 07:23:11,583 [Thread-315] INFO  impl.RoleInfo (RoleInfo.java:updateAndGet(130)) - f0d6c3f1-3e1c-4709-8909-543e2e55c827: start f0d6c3f1-3e1c-4709-8909-543e2e55c827@group-77B7514020FA-LeaderElection7
2021-01-18 07:23:11,590 [f0d6c3f1-3e1c-4709-8909-543e2e55c827@group-77B7514020FA-LeaderElection7] INFO  impl.LeaderElection (LeaderElection.java:askForPreVotes(259)) - f0d6c3f1-3e1c-4709-8909-543e2e55c827@group-77B7514020FA-LeaderElection7: begin a pre-vote at term 0 for -1: [4c7fc10d-533a-48df-9dd5-d11737eac487|rpc:172.17.0.2:38871|priority:0, 82d7d2f8-b8a6-49fb-a52d-45f65ec50674|rpc:172.17.0.2:35527|priority:1, f0d6c3f1-3e1c-4709-8909-543e2e55c827|rpc:172.17.0.2:44583|priority:0], old=null
2021-01-18 07:23:11,593 [grpc-default-executor-0] INFO  server.RaftServer$Division (RaftServerImpl.java:requestPreVote(1060)) - 4c7fc10d-533a-48df-9dd5-d11737eac487@group-77B7514020FA: receive preVote(f0d6c3f1-3e1c-4709-8909-543e2e55c827, group-77B7514020FA, 0, (t:0, i:0))
2021-01-18 07:23:11,593 [grpc-default-executor-0] INFO  server.RaftServer$Division (RaftServerImpl.java:requestPreVote(1081)) - 4c7fc10d-533a-48df-9dd5-d11737eac487@group-77B7514020FA role: FOLLOWER allow pre-vote from:f0d6c3f1-3e1c-4709-8909-543e2e55c827
2021-01-18 07:23:11,593 [grpc-default-executor-0] INFO  server.RaftServer$Division (RaftServerImpl.java:requestPreVote(1099)) - 4c7fc10d-533a-48df-9dd5-d11737eac487@group-77B7514020FA replies to pre-vote request: f0d6c3f1-3e1c-4709-8909-543e2e55c827<-4c7fc10d-533a-48df-9dd5-d11737eac487#0:OK-t0. Peer's state: 4c7fc10d-533a-48df-9dd5-d11737eac487@group-77B7514020FA:t0, leader=null, voted=, raftlog=4c7fc10d-533a-48df-9dd5-d11737eac487@group-77B7514020FA-SegmentedRaftLog:OPENED:c-1,f-1,i0, conf=-1: [4c7fc10d-533a-48df-9dd5-d11737eac487|rpc:172.17.0.2:38871|dataStream:|priority:0, 82d7d2f8-b8a6-49fb-a52d-45f65ec50674|rpc:172.17.0.2:35527|dataStream:|priority:1, f0d6c3f1-3e1c-4709-8909-543e2e55c827|rpc:172.17.0.2:44583|dataStream:|priority:0], old=null
2021-01-18 07:23:11,598 [grpc-default-executor-0] INFO  server.RaftServer$Division (RaftServerImpl.java:requestPreVote(1060)) - 82d7d2f8-b8a6-49fb-a52d-45f65ec50674@group-77B7514020FA: receive preVote(f0d6c3f1-3e1c-4709-8909-543e2e55c827, group-77B7514020FA, 0, (t:0, i:0))
2021-01-18 07:23:11,598 [grpc-default-executor-0] INFO  server.RaftServer$Division (RaftServerImpl.java:requestPreVote(1083)) - 82d7d2f8-b8a6-49fb-a52d-45f65ec50674@group-77B7514020FA role: FOLLOWER reject pre-vote from:f0d6c3f1-3e1c-4709-8909-543e2e55c827 because compare:0 isCurrentLeaderValid:false
2021-01-18 07:23:11,598 [grpc-default-executor-0] INFO  server.RaftServer$Division (RaftServerImpl.java:requestPreVote(1099)) - 82d7d2f8-b8a6-49fb-a52d-45f65ec50674@group-77B7514020FA replies to pre-vote request: f0d6c3f1-3e1c-4709-8909-543e2e55c827<-82d7d2f8-b8a6-49fb-a52d-45f65ec50674#0:FAIL-t0. Peer's state: 82d7d2f8-b8a6-49fb-a52d-45f65ec50674@group-77B7514020FA:t0, leader=null, voted=, raftlog=82d7d2f8-b8a6-49fb-a52d-45f65ec50674@group-77B7514020FA-SegmentedRaftLog:OPENED:c-1,f-1,i0, conf=-1: [4c7fc10d-533a-48df-9dd5-d11737eac487|rpc:172.17.0.2:38871|dataStream:|priority:0, 82d7d2f8-b8a6-49fb-a52d-45f65ec50674|rpc:172.17.0.2:35527|dataStream:|priority:1, f0d6c3f1-3e1c-4709-8909-543e2e55c827|rpc:172.17.0.2:44583|dataStream:|priority:0], old=null
2021-01-18 07:23:11,602 [f0d6c3f1-3e1c-4709-8909-543e2e55c827@group-77B7514020FA-LeaderElection7] INFO  impl.LeaderElection (LeaderElection.java:logAndReturn(68)) - f0d6c3f1-3e1c-4709-8909-543e2e55c827@group-77B7514020FA-LeaderElection7: Pre-vote  REJECTED received 2 response(s):[f0d6c3f1-3e1c-4709-8909-543e2e55c827<-4c7fc10d-533a-48df-9dd5-d11737eac487#0:OK-t0, f0d6c3f1-3e1c-4709-8909-543e2e55c827<-82d7d2f8-b8a6-49fb-a52d-45f65ec50674#0:FAIL-t0]
2021-01-18 07:23:11,603 [f0d6c3f1-3e1c-4709-8909-543e2e55c827@group-77B7514020FA-LeaderElection7] INFO  impl.LeaderElection (LeaderElection.java:askForPreVotes(261)) - f0d6c3f1-3e1c-4709-8909-543e2e55c827@group-77B7514020FA-LeaderElection7 pre-vote result is REJECTED.
2021-01-18 07:23:11,603 [f0d6c3f1-3e1c-4709-8909-543e2e55c827@group-77B7514020FA-LeaderElection7] INFO  server.RaftServer$Division (RaftServerImpl.java:setRole(283)) - f0d6c3f1-3e1c-4709-8909-543e2e55c827@group-77B7514020FA: changes role from CANDIDATE to FOLLOWER at term 0 for REJECTED
2021-01-18 07:23:11,609 [f0d6c3f1-3e1c-4709-8909-543e2e55c827@group-77B7514020FA-LeaderElection7] INFO  impl.RoleInfo (RoleInfo.java:shutdownLeaderElection(121)) - f0d6c3f1-3e1c-4709-8909-543e2e55c827: shutdown f0d6c3f1-3e1c-4709-8909-543e2e55c827@group-77B7514020FA-LeaderElection7
2021-01-18 07:23:11,609 [f0d6c3f1-3e1c-4709-8909-543e2e55c827@group-77B7514020FA-LeaderElection7] INFO  impl.RoleInfo (RoleInfo.java:updateAndGet(130)) - f0d6c3f1-3e1c-4709-8909-543e2e55c827: start f0d6c3f1-3e1c-4709-8909-543e2e55c827@group-77B7514020FA-FollowerState
2021-01-18 07:23:11,654 [Thread-317] INFO  impl.FollowerState (FollowerState.java:run(133)) - 82d7d2f8-b8a6-49fb-a52d-45f65ec50674@group-77B7514020FA-FollowerState: change to CANDIDATE, lastRpcElapsedTime:5103700056ns, electionTimeout:5097ms
2021-01-18 07:23:11,657 [Thread-317] INFO  impl.RoleInfo (RoleInfo.java:shutdownFollowerState(108)) - 82d7d2f8-b8a6-49fb-a52d-45f65ec50674: shutdown 82d7d2f8-b8a6-49fb-a52d-45f65ec50674@group-77B7514020FA-FollowerState
2021-01-18 07:23:11,657 [Thread-317] INFO  server.RaftServer$Division (RaftServerImpl.java:setRole(283)) - 82d7d2f8-b8a6-49fb-a52d-45f65ec50674@group-77B7514020FA: changes role from  FOLLOWER to CANDIDATE at term 0 for changeToCandidate
2021-01-18 07:23:11,657 [Thread-317] INFO  impl.RoleInfo (RoleInfo.java:updateAndGet(130)) - 82d7d2f8-b8a6-49fb-a52d-45f65ec50674: start 82d7d2f8-b8a6-49fb-a52d-45f65ec50674@group-77B7514020FA-LeaderElection8
2021-01-18 07:23:11,671 [82d7d2f8-b8a6-49fb-a52d-45f65ec50674@group-77B7514020FA-LeaderElection8] INFO  impl.LeaderElection (LeaderElection.java:askForPreVotes(259)) - 82d7d2f8-b8a6-49fb-a52d-45f65ec50674@group-77B7514020FA-LeaderElection8: begin a pre-vote at term 0 for -1: [4c7fc10d-533a-48df-9dd5-d11737eac487|rpc:172.17.0.2:38871|dataStream:|priority:0, 82d7d2f8-b8a6-49fb-a52d-45f65ec50674|rpc:172.17.0.2:35527|dataStream:|priority:1, f0d6c3f1-3e1c-4709-8909-543e2e55c827|rpc:172.17.0.2:44583|dataStream:|priority:0], old=null
2021-01-18 07:23:11,695 [grpc-default-executor-0] INFO  metrics.RatisMetrics (RatisMetrics.java:lambda$create$0(36)) - Creating Metrics Registry : ratis.server_message_metrics.f0d6c3f1-3e1c-4709-8909-543e2e55c827
2021-01-18 07:23:11,702 [grpc-default-executor-0] INFO  server.RaftServer$Division (RaftServerImpl.java:requestPreVote(1060)) - f0d6c3f1-3e1c-4709-8909-543e2e55c827@group-77B7514020FA: receive preVote(82d7d2f8-b8a6-49fb-a52d-45f65ec50674, group-77B7514020FA, 0, (t:0, i:0))
2021-01-18 07:23:11,703 [grpc-default-executor-0] INFO  server.RaftServer$Division (RaftServerImpl.java:requestPreVote(1081)) - f0d6c3f1-3e1c-4709-8909-543e2e55c827@group-77B7514020FA role: FOLLOWER allow pre-vote from:82d7d2f8-b8a6-49fb-a52d-45f65ec50674
2021-01-18 07:23:11,703 [grpc-default-executor-0] INFO  server.RaftServer$Division (RaftServerImpl.java:requestPreVote(1099)) - f0d6c3f1-3e1c-4709-8909-543e2e55c827@group-77B7514020FA replies to pre-vote request: 82d7d2f8-b8a6-49fb-a52d-45f65ec50674<-f0d6c3f1-3e1c-4709-8909-543e2e55c827#0:OK-t0. Peer's state: f0d6c3f1-3e1c-4709-8909-543e2e55c827@group-77B7514020FA:t0, leader=null, voted=, raftlog=f0d6c3f1-3e1c-4709-8909-543e2e55c827@group-77B7514020FA-SegmentedRaftLog:OPENED:c-1,f-1,i0, conf=-1: [4c7fc10d-533a-48df-9dd5-d11737eac487|rpc:172.17.0.2:38871|priority:0, 82d7d2f8-b8a6-49fb-a52d-45f65ec50674|rpc:172.17.0.2:35527|priority:1, f0d6c3f1-3e1c-4709-8909-543e2e55c827|rpc:172.17.0.2:44583|priority:0], old=null
2021-01-18 07:23:11,712 [grpc-default-executor-0] INFO  server.RaftServer$Division (RaftServerImpl.java:requestPreVote(1060)) - 4c7fc10d-533a-48df-9dd5-d11737eac487@group-77B7514020FA: receive preVote(82d7d2f8-b8a6-49fb-a52d-45f65ec50674, group-77B7514020FA, 0, (t:0, i:0))
2021-01-18 07:23:11,712 [grpc-default-executor-0] INFO  server.RaftServer$Division (RaftServerImpl.java:requestPreVote(1081)) - 4c7fc10d-533a-48df-9dd5-d11737eac487@group-77B7514020FA role: FOLLOWER allow pre-vote from:82d7d2f8-b8a6-49fb-a52d-45f65ec50674
2021-01-18 07:23:11,712 [grpc-default-executor-0] INFO  server.RaftServer$Division (RaftServerImpl.java:requestPreVote(1099)) - 4c7fc10d-533a-48df-9dd5-d11737eac487@group-77B7514020FA replies to pre-vote request: 82d7d2f8-b8a6-49fb-a52d-45f65ec50674<-4c7fc10d-533a-48df-9dd5-d11737eac487#0:OK-t0. Peer's state: 4c7fc10d-533a-48df-9dd5-d11737eac487@group-77B7514020FA:t0, leader=null, voted=, raftlog=4c7fc10d-533a-48df-9dd5-d11737eac487@group-77B7514020FA-SegmentedRaftLog:OPENED:c-1,f-1,i0, conf=-1: [4c7fc10d-533a-48df-9dd5-d11737eac487|rpc:172.17.0.2:38871|dataStream:|priority:0, 82d7d2f8-b8a6-49fb-a52d-45f65ec50674|rpc:172.17.0.2:35527|dataStream:|priority:1, f0d6c3f1-3e1c-4709-8909-543e2e55c827|rpc:172.17.0.2:44583|dataStream:|priority:0], old=null
2021-01-18 07:23:11,712 [82d7d2f8-b8a6-49fb-a52d-45f65ec50674@group-77B7514020FA-LeaderElection8] INFO  impl.LeaderElection (LeaderElection.java:logAndReturn(68)) - 82d7d2f8-b8a6-49fb-a52d-45f65ec50674@group-77B7514020FA-LeaderElection8: Pre-vote  PASSED received 1 response(s):[82d7d2f8-b8a6-49fb-a52d-45f65ec50674<-f0d6c3f1-3e1c-4709-8909-543e2e55c827#0:OK-t0]
2021-01-18 07:23:11,713 [82d7d2f8-b8a6-49fb-a52d-45f65ec50674@group-77B7514020FA-LeaderElection8] INFO  impl.LeaderElection (LeaderElection.java:askForPreVotes(261)) - 82d7d2f8-b8a6-49fb-a52d-45f65ec50674@group-77B7514020FA-LeaderElection8 pre-vote result is PASSED.
2021-01-18 07:23:11,715 [82d7d2f8-b8a6-49fb-a52d-45f65ec50674@group-77B7514020FA-LeaderElection8] INFO  impl.LeaderElection (LeaderElection.java:askForVotes(308)) - 82d7d2f8-b8a6-49fb-a52d-45f65ec50674@group-77B7514020FA-LeaderElection8: begin an election at term 1 for -1: [4c7fc10d-533a-48df-9dd5-d11737eac487|rpc:172.17.0.2:38871|dataStream:|priority:0, 82d7d2f8-b8a6-49fb-a52d-45f65ec50674|rpc:172.17.0.2:35527|dataStream:|priority:1, f0d6c3f1-3e1c-4709-8909-543e2e55c827|rpc:172.17.0.2:44583|dataStream:|priority:0], old=null
2021-01-18 07:23:11,721 [grpc-default-executor-0] INFO  server.RaftServer$Division (RaftServerImpl.java:setRole(283)) - 4c7fc10d-533a-48df-9dd5-d11737eac487@group-77B7514020FA: changes role from  FOLLOWER to FOLLOWER at term 1 for recognizeCandidate:82d7d2f8-b8a6-49fb-a52d-45f65ec50674
2021-01-18 07:23:11,721 [grpc-default-executor-0] INFO  impl.RoleInfo (RoleInfo.java:shutdownFollowerState(108)) - 4c7fc10d-533a-48df-9dd5-d11737eac487: shutdown 4c7fc10d-533a-48df-9dd5-d11737eac487@group-77B7514020FA-FollowerState
2021-01-18 07:23:11,721 [grpc-default-executor-0] INFO  impl.RoleInfo (RoleInfo.java:updateAndGet(130)) - 4c7fc10d-533a-48df-9dd5-d11737eac487: start 4c7fc10d-533a-48df-9dd5-d11737eac487@group-77B7514020FA-FollowerState
2021-01-18 07:23:11,721 [Thread-320] INFO  impl.FollowerState (FollowerState.java:run(142)) - 4c7fc10d-533a-48df-9dd5-d11737eac487@group-77B7514020FA-FollowerState was interrupted: {}
java.lang.InterruptedException: sleep interrupted
	at java.lang.Thread.sleep(Native Method)
	at java.lang.Thread.sleep(Thread.java:340)
	at java.util.concurrent.TimeUnit.sleep(TimeUnit.java:386)
	at org.apache.ratis.util.TimeDuration.sleep(TimeDuration.java:324)
	at org.apache.ratis.util.TimeDuration.sleep(TimeDuration.java:309)
	at org.apache.ratis.server.impl.FollowerState.run(FollowerState.java:117)
2021-01-18 07:23:11,726 [grpc-default-executor-1] INFO  server.RaftServer$Division (RaftServerImpl.java:setRole(283)) - f0d6c3f1-3e1c-4709-8909-543e2e55c827@group-77B7514020FA: changes role from  FOLLOWER to FOLLOWER at term 1 for recognizeCandidate:82d7d2f8-b8a6-49fb-a52d-45f65ec50674
2021-01-18 07:23:11,726 [grpc-default-executor-1] INFO  impl.RoleInfo (RoleInfo.java:shutdownFollowerState(108)) - f0d6c3f1-3e1c-4709-8909-543e2e55c827: shutdown f0d6c3f1-3e1c-4709-8909-543e2e55c827@group-77B7514020FA-FollowerState
2021-01-18 07:23:11,726 [grpc-default-executor-1] INFO  impl.RoleInfo (RoleInfo.java:updateAndGet(130)) - f0d6c3f1-3e1c-4709-8909-543e2e55c827: start f0d6c3f1-3e1c-4709-8909-543e2e55c827@group-77B7514020FA-FollowerState
2021-01-18 07:23:11,722 [grpc-default-executor-0] INFO  server.RaftServer$Division (RaftServerImpl.java:requestVote(1137)) -  FOLLOWER 4c7fc10d-533a-48df-9dd5-d11737eac487@group-77B7514020FA:t1, leader=null, voted=null, raftlog=4c7fc10d-533a-48df-9dd5-d11737eac487@group-77B7514020FA-SegmentedRaftLog:OPENED:c-1,f-1,i0, conf=-1: [4c7fc10d-533a-48df-9dd5-d11737eac487|rpc:172.17.0.2:38871|dataStream:|priority:0, 82d7d2f8-b8a6-49fb-a52d-45f65ec50674|rpc:172.17.0.2:35527|dataStream:|priority:1, f0d6c3f1-3e1c-4709-8909-543e2e55c827|rpc:172.17.0.2:44583|dataStream:|priority:0], old=null RUNNING priority:0 candidate:82d7d2f8-b8a6-49fb-a52d-45f65ec50674|rpc:172.17.0.2:35527|dataStream:|priority:1 candidatePriority:1 compare:0
2021-01-18 07:23:11,726 [Thread-355] INFO  impl.FollowerState (FollowerState.java:run(142)) - f0d6c3f1-3e1c-4709-8909-543e2e55c827@group-77B7514020FA-FollowerState was interrupted: {}
java.lang.InterruptedException: sleep interrupted
	at java.lang.Thread.sleep(Native Method)
	at java.lang.Thread.sleep(Thread.java:340)
	at java.util.concurrent.TimeUnit.sleep(TimeUnit.java:386)
	at org.apache.ratis.util.TimeDuration.sleep(TimeDuration.java:324)
	at org.apache.ratis.util.TimeDuration.sleep(TimeDuration.java:309)
	at org.apache.ratis.server.impl.FollowerState.run(FollowerState.java:117)
2021-01-18 07:23:11,728 [grpc-default-executor-1] INFO  server.RaftServer$Division (RaftServerImpl.java:requestVote(1137)) -  FOLLOWER f0d6c3f1-3e1c-4709-8909-543e2e55c827@group-77B7514020FA:t1, leader=null, voted=null, raftlog=f0d6c3f1-3e1c-4709-8909-543e2e55c827@group-77B7514020FA-SegmentedRaftLog:OPENED:c-1,f-1,i0, conf=-1: [4c7fc10d-533a-48df-9dd5-d11737eac487|rpc:172.17.0.2:38871|priority:0, 82d7d2f8-b8a6-49fb-a52d-45f65ec50674|rpc:172.17.0.2:35527|priority:1, f0d6c3f1-3e1c-4709-8909-543e2e55c827|rpc:172.17.0.2:44583|priority:0], old=null RUNNING priority:0 candidate:82d7d2f8-b8a6-49fb-a52d-45f65ec50674|rpc:172.17.0.2:35527|priority:1 candidatePriority:1 compare:0
2021-01-18 07:23:11,731 [82d7d2f8-b8a6-49fb-a52d-45f65ec50674@group-77B7514020FA-LeaderElection8] INFO  impl.LeaderElection (LeaderElection.java:logAndReturn(68)) - 82d7d2f8-b8a6-49fb-a52d-45f65ec50674@group-77B7514020FA-LeaderElection8: Election  PASSED received 1 response(s):[82d7d2f8-b8a6-49fb-a52d-45f65ec50674<-f0d6c3f1-3e1c-4709-8909-543e2e55c827#0:OK-t1]
2021-01-18 07:23:11,731 [82d7d2f8-b8a6-49fb-a52d-45f65ec50674@group-77B7514020FA-LeaderElection8] INFO  impl.RoleInfo (RoleInfo.java:shutdownLeaderElection(121)) - 82d7d2f8-b8a6-49fb-a52d-45f65ec50674: shutdown 82d7d2f8-b8a6-49fb-a52d-45f65ec50674@group-77B7514020FA-LeaderElection8
2021-01-18 07:23:11,731 [82d7d2f8-b8a6-49fb-a52d-45f65ec50674@group-77B7514020FA-LeaderElection8] INFO  server.RaftServer$Division (RaftServerImpl.java:setRole(283)) - 82d7d2f8-b8a6-49fb-a52d-45f65ec50674@group-77B7514020FA: changes role from CANDIDATE to LEADER at term 1 for changeToLeader
2021-01-18 07:23:11,731 [82d7d2f8-b8a6-49fb-a52d-45f65ec50674@group-77B7514020FA-LeaderElection8] INFO  ratis.XceiverServerRatis (XceiverServerRatis.java:handleLeaderChangedNotification(868)) - Leader change notification received for group: group-77B7514020FA with new leaderId: 82d7d2f8-b8a6-49fb-a52d-45f65ec50674
2021-01-18 07:23:11,731 [82d7d2f8-b8a6-49fb-a52d-45f65ec50674@group-77B7514020FA-LeaderElection8] INFO  server.RaftServer$Division (ServerState.java:setLeader(249)) - 82d7d2f8-b8a6-49fb-a52d-45f65ec50674@group-77B7514020FA: change Leader from null to 82d7d2f8-b8a6-49fb-a52d-45f65ec50674 at term 1 for becomeLeader, leader elected after 5185ms
2021-01-18 07:23:11,731 [82d7d2f8-b8a6-49fb-a52d-45f65ec50674@group-77B7514020FA-LeaderElection8] INFO  server.RaftServerConfigKeys (ConfUtils.java:logGet(44)) - raft.server.staging.catchup.gap = 1000 (default)
2021-01-18 07:23:11,731 [82d7d2f8-b8a6-49fb-a52d-45f65ec50674@group-77B7514020FA-LeaderElection8] INFO  metrics.RatisMetrics (RatisMetrics.java:lambda$create$0(36)) - Creating Metrics Registry : ratis.log_appender.82d7d2f8-b8a6-49fb-a52d-45f65ec50674@group-77B7514020FA
2021-01-18 07:23:11,732 [82d7d2f8-b8a6-49fb-a52d-45f65ec50674@group-77B7514020FA-LeaderElection8] INFO  server.RaftServerConfigKeys (ConfUtils.java:logGet(44)) - raft.server.write.element-limit = 1024 (custom)
2021-01-18 07:23:11,732 [82d7d2f8-b8a6-49fb-a52d-45f65ec50674@group-77B7514020FA-LeaderElection8] INFO  server.RaftServerConfigKeys (ConfUtils.java:logGet(44)) - raft.server.write.byte-limit = 1073741824 (custom)
2021-01-18 07:23:11,732 [82d7d2f8-b8a6-49fb-a52d-45f65ec50674@group-77B7514020FA-LeaderElection8] INFO  server.RaftServerConfigKeys (ConfUtils.java:logGet(44)) - raft.server.watch.timeout = 180s (custom)
2021-01-18 07:23:11,732 [82d7d2f8-b8a6-49fb-a52d-45f65ec50674@group-77B7514020FA-LeaderElection8] INFO  server.RaftServerConfigKeys (ConfUtils.java:logGet(44)) - raft.server.watch.timeout.denomination = 1s (default)
2021-01-18 07:23:11,732 [82d7d2f8-b8a6-49fb-a52d-45f65ec50674@group-77B7514020FA-LeaderElection8] INFO  server.RaftServerConfigKeys (ConfUtils.java:logGet(44)) - raft.server.watch.element-limit = 65536 (default)
2021-01-18 07:23:11,732 [82d7d2f8-b8a6-49fb-a52d-45f65ec50674@group-77B7514020FA-LeaderElection8] INFO  server.RaftServerConfigKeys (ConfUtils.java:logGet(44)) - raft.server.log.appender.snapshot.chunk.size.max = 16MB (=16777216) (default)
2021-01-18 07:23:11,732 [82d7d2f8-b8a6-49fb-a52d-45f65ec50674@group-77B7514020FA-LeaderElection8] INFO  server.RaftServerConfigKeys (ConfUtils.java:logGet(44)) - raft.server.log.appender.buffer.byte-limit = 33554432 (custom)
2021-01-18 07:23:11,732 [82d7d2f8-b8a6-49fb-a52d-45f65ec50674@group-77B7514020FA-LeaderElection8] INFO  server.RaftServerConfigKeys (ConfUtils.java:logGet(44)) - raft.server.log.appender.buffer.element-limit = 1 (custom)
2021-01-18 07:23:11,733 [82d7d2f8-b8a6-49fb-a52d-45f65ec50674@group-77B7514020FA-LeaderElection8] INFO  grpc.GrpcConfigKeys (ConfUtils.java:logGet(44)) - raft.grpc.server.leader.outstanding.appends.max = 128 (default)
2021-01-18 07:23:11,733 [82d7d2f8-b8a6-49fb-a52d-45f65ec50674@group-77B7514020FA-LeaderElection8] INFO  server.RaftServerConfigKeys (ConfUtils.java:logGet(44)) - raft.server.rpc.request.timeout = 60s (custom)
2021-01-18 07:23:11,733 [82d7d2f8-b8a6-49fb-a52d-45f65ec50674@group-77B7514020FA-LeaderElection8] INFO  server.RaftServerConfigKeys (ConfUtils.java:logGet(44)) - raft.server.log.appender.install.snapshot.enabled = false (custom)
2021-01-18 07:23:11,733 [82d7d2f8-b8a6-49fb-a52d-45f65ec50674@group-77B7514020FA-LeaderElection8] INFO  metrics.RatisMetrics (RatisMetrics.java:lambda$create$0(36)) - Creating Metrics Registry : ratis_grpc.log_appender.82d7d2f8-b8a6-49fb-a52d-45f65ec50674@group-77B7514020FA
2021-01-18 07:23:11,734 [EventQueue-PipelineReportForPipelineReportHandler] INFO  pipeline.PipelineStateManager (PipelineStateManager.java:openPipeline(132)) - Pipeline Pipeline[ Id: 3ae468c9-88cc-4b78-b2c9-77b7514020fa, Nodes: f0d6c3f1-3e1c-4709-8909-543e2e55c827{ip: 172.17.0.2, host: c4357192f866, networkLocation: /default-rack, certSerialId: null, persistedOpState: IN_SERVICE, persistedOpStateExpiryEpochSec: 0}82d7d2f8-b8a6-49fb-a52d-45f65ec50674{ip: 172.17.0.2, host: c4357192f866, networkLocation: /default-rack, certSerialId: null, persistedOpState: IN_SERVICE, persistedOpStateExpiryEpochSec: 0}4c7fc10d-533a-48df-9dd5-d11737eac487{ip: 172.17.0.2, host: c4357192f866, networkLocation: /default-rack, certSerialId: null, persistedOpState: IN_SERVICE, persistedOpStateExpiryEpochSec: 0}, Type:RATIS, Factor:THREE, State:ALLOCATED, leaderId:82d7d2f8-b8a6-49fb-a52d-45f65ec50674, CreationTimestamp2021-01-18T07:23:04.859Z] moved to OPEN state
2021-01-18 07:23:11,736 [82d7d2f8-b8a6-49fb-a52d-45f65ec50674@group-77B7514020FA-LeaderElection8] INFO  server.RaftServerConfigKeys (ConfUtils.java:logGet(44)) - raft.server.log.appender.snapshot.chunk.size.max = 16MB (=16777216) (default)
2021-01-18 07:23:11,741 [82d7d2f8-b8a6-49fb-a52d-45f65ec50674@group-77B7514020FA-LeaderElection8] INFO  server.RaftServerConfigKeys (ConfUtils.java:logGet(44)) - raft.server.log.appender.buffer.byte-limit = 33554432 (custom)
2021-01-18 07:23:11,741 [82d7d2f8-b8a6-49fb-a52d-45f65ec50674@group-77B7514020FA-LeaderElection8] INFO  server.RaftServerConfigKeys (ConfUtils.java:logGet(44)) - raft.server.log.appender.buffer.element-limit = 1 (custom)
2021-01-18 07:23:11,741 [82d7d2f8-b8a6-49fb-a52d-45f65ec50674@group-77B7514020FA-LeaderElection8] INFO  grpc.GrpcConfigKeys (ConfUtils.java:logGet(44)) - raft.grpc.server.leader.outstanding.appends.max = 128 (default)
2021-01-18 07:23:11,741 [82d7d2f8-b8a6-49fb-a52d-45f65ec50674@group-77B7514020FA-LeaderElection8] INFO  server.RaftServerConfigKeys (ConfUtils.java:logGet(44)) - raft.server.rpc.request.timeout = 60s (custom)
2021-01-18 07:23:11,741 [82d7d2f8-b8a6-49fb-a52d-45f65ec50674@group-77B7514020FA-LeaderElection8] INFO  server.RaftServerConfigKeys (ConfUtils.java:logGet(44)) - raft.server.log.appender.install.snapshot.enabled = false (custom)
2021-01-18 07:23:11,742 [82d7d2f8-b8a6-49fb-a52d-45f65ec50674@group-77B7514020FA-LeaderElection8] INFO  impl.RoleInfo (RoleInfo.java:updateAndGet(130)) - 82d7d2f8-b8a6-49fb-a52d-45f65ec50674: start 82d7d2f8-b8a6-49fb-a52d-45f65ec50674@group-77B7514020FA-LeaderStateImpl
2021-01-18 07:23:11,742 [82d7d2f8-b8a6-49fb-a52d-45f65ec50674@group-77B7514020FA-LeaderElection8] INFO  segmented.SegmentedRaftLogWorker (SegmentedRaftLogWorker.java:startLogSegment(392)) - 82d7d2f8-b8a6-49fb-a52d-45f65ec50674@group-77B7514020FA-SegmentedRaftLogWorker: Starting segment from index:0
2021-01-18 07:23:11,743 [82d7d2f8-b8a6-49fb-a52d-45f65ec50674@group-77B7514020FA-SegmentedRaftLogWorker] INFO  segmented.SegmentedRaftLogWorker (SegmentedRaftLogWorker.java:execute(599)) - 82d7d2f8-b8a6-49fb-a52d-45f65ec50674@group-77B7514020FA-SegmentedRaftLogWorker: created new log segment /github/workspace/mnt/ozone/hadoop-ozone/integration-test/target/test-dir/MiniOzoneClusterImpl-31fb86ba-d539-4b3f-b864-a30db12016a3/datanode-1/data/ratis/3ae468c9-88cc-4b78-b2c9-77b7514020fa/current/log_inprogress_0
2021-01-18 07:23:11,769 [82d7d2f8-b8a6-49fb-a52d-45f65ec50674@group-77B7514020FA-LeaderElection8] INFO  server.RaftServer$Division (ServerState.java:setRaftConf(368)) - 82d7d2f8-b8a6-49fb-a52d-45f65ec50674@group-77B7514020FA: set configuration 0: [4c7fc10d-533a-48df-9dd5-d11737eac487|rpc:172.17.0.2:38871|dataStream:|priority:0, 82d7d2f8-b8a6-49fb-a52d-45f65ec50674|rpc:172.17.0.2:35527|dataStream:|priority:1, f0d6c3f1-3e1c-4709-8909-543e2e55c827|rpc:172.17.0.2:44583|dataStream:|priority:0], old=null
2021-01-18 07:23:11,770 [grpc-default-executor-0] INFO  ratis.XceiverServerRatis (XceiverServerRatis.java:handleLeaderChangedNotification(868)) - Leader change notification received for group: group-77B7514020FA with new leaderId: 82d7d2f8-b8a6-49fb-a52d-45f65ec50674
2021-01-18 07:23:11,770 [grpc-default-executor-0] INFO  server.RaftServer$Division (ServerState.java:setLeader(249)) - 4c7fc10d-533a-48df-9dd5-d11737eac487@group-77B7514020FA: change Leader from null to 82d7d2f8-b8a6-49fb-a52d-45f65ec50674 at term 1 for appendEntries, leader elected after 5188ms
2021-01-18 07:23:11,773 [grpc-default-executor-0] INFO  server.RaftServer$Division (ServerState.java:setRaftConf(368)) - 4c7fc10d-533a-48df-9dd5-d11737eac487@group-77B7514020FA: set configuration 0: [4c7fc10d-533a-48df-9dd5-d11737eac487|rpc:172.17.0.2:38871|dataStream:|priority:0, 82d7d2f8-b8a6-49fb-a52d-45f65ec50674|rpc:172.17.0.2:35527|dataStream:|priority:1, f0d6c3f1-3e1c-4709-8909-543e2e55c827|rpc:172.17.0.2:44583|dataStream:|priority:0], old=null
2021-01-18 07:23:11,773 [grpc-default-executor-0] INFO  segmented.SegmentedRaftLogWorker (SegmentedRaftLogWorker.java:startLogSegment(392)) - 4c7fc10d-533a-48df-9dd5-d11737eac487@group-77B7514020FA-SegmentedRaftLogWorker: Starting segment from index:0
2021-01-18 07:23:11,775 [4c7fc10d-533a-48df-9dd5-d11737eac487@group-77B7514020FA-SegmentedRaftLogWorker] INFO  segmented.SegmentedRaftLogWorker (SegmentedRaftLogWorker.java:execute(599)) - 4c7fc10d-533a-48df-9dd5-d11737eac487@group-77B7514020FA-SegmentedRaftLogWorker: created new log segment /github/workspace/mnt/ozone/hadoop-ozone/integration-test/target/test-dir/MiniOzoneClusterImpl-31fb86ba-d539-4b3f-b864-a30db12016a3/datanode-2/data/ratis/3ae468c9-88cc-4b78-b2c9-77b7514020fa/current/log_inprogress_0
2021-01-18 07:23:11,790 [grpc-default-executor-1] INFO  ratis.XceiverServerRatis (XceiverServerRatis.java:handleLeaderChangedNotification(868)) - Leader change notification received for group: group-77B7514020FA with new leaderId: 82d7d2f8-b8a6-49fb-a52d-45f65ec50674
2021-01-18 07:23:11,790 [grpc-default-executor-1] INFO  server.RaftServer$Division (ServerState.java:setLeader(249)) - f0d6c3f1-3e1c-4709-8909-543e2e55c827@group-77B7514020FA: change Leader from null to 82d7d2f8-b8a6-49fb-a52d-45f65ec50674 at term 1 for appendEntries, leader elected after 5272ms
2021-01-18 07:23:11,796 [grpc-default-executor-1] INFO  server.RaftServer$Division (ServerState.java:setRaftConf(368)) - f0d6c3f1-3e1c-4709-8909-543e2e55c827@group-77B7514020FA: set configuration 0: [4c7fc10d-533a-48df-9dd5-d11737eac487|rpc:172.17.0.2:38871|dataStream:|priority:0, 82d7d2f8-b8a6-49fb-a52d-45f65ec50674|rpc:172.17.0.2:35527|dataStream:|priority:1, f0d6c3f1-3e1c-4709-8909-543e2e55c827|rpc:172.17.0.2:44583|dataStream:|priority:0], old=null
2021-01-18 07:23:11,796 [grpc-default-executor-1] INFO  segmented.SegmentedRaftLogWorker (SegmentedRaftLogWorker.java:startLogSegment(392)) - f0d6c3f1-3e1c-4709-8909-543e2e55c827@group-77B7514020FA-SegmentedRaftLogWorker: Starting segment from index:0
2021-01-18 07:23:11,811 [f0d6c3f1-3e1c-4709-8909-543e2e55c827@group-77B7514020FA-SegmentedRaftLogWorker] INFO  segmented.SegmentedRaftLogWorker (SegmentedRaftLogWorker.java:execute(599)) - f0d6c3f1-3e1c-4709-8909-543e2e55c827@group-77B7514020FA-SegmentedRaftLogWorker: created new log segment /github/workspace/mnt/ozone/hadoop-ozone/integration-test/target/test-dir/MiniOzoneClusterImpl-31fb86ba-d539-4b3f-b864-a30db12016a3/datanode-0/data/ratis/3ae468c9-88cc-4b78-b2c9-77b7514020fa/current/log_inprogress_0
2021-01-18 07:23:11,845 [Listener at 127.0.0.1/13796] INFO  ozone.MiniOzoneClusterImpl (MiniOzoneClusterImpl.java:lambda$waitForClusterToBeReady$0(179)) - Nodes are ready. Got 3 of 3 DN Heartbeats.
2021-01-18 07:23:11,845 [Listener at 127.0.0.1/13796] INFO  ozone.MiniOzoneClusterImpl (MiniOzoneClusterImpl.java:lambda$waitForClusterToBeReady$0(182)) - Cluster exits safe mode
2021-01-18 07:23:11,925 [grpc-default-executor-1] WARN  server.GrpcLogAppender (LogUtils.java:warn(122)) - omNode-1@group-523986131536->omNode-3-AppendLogResponseHandler: Failed appendEntries: org.apache.ratis.thirdparty.io.grpc.StatusRuntimeException: UNAVAILABLE: io exception
2021-01-18 07:23:11,926 [grpc-default-executor-1] WARN  server.GrpcLogAppender (GrpcLogAppender.java:resetClient(111)) - omNode-1@group-523986131536->omNode-3-GrpcLogAppender: Leader has not got in touch with Follower omNode-1@group-523986131536->omNode-3(c-1,m0,n1, attendVote=true, lastRpcSendTime=0, lastRpcResponseTime=31882) yet, just keep nextIndex unchanged and retry.
2021-01-18 07:23:12,434 [grpc-default-executor-1] WARN  server.GrpcLogAppender (LogUtils.java:warn(122)) - omNode-1@group-523986131536->omNode-3-AppendLogResponseHandler: Failed appendEntries: org.apache.ratis.thirdparty.io.grpc.StatusRuntimeException: UNAVAILABLE: io exception
2021-01-18 07:23:12,435 [grpc-default-executor-1] WARN  server.GrpcLogAppender (GrpcLogAppender.java:resetClient(111)) - omNode-1@group-523986131536->omNode-3-GrpcLogAppender: Leader has not got in touch with Follower omNode-1@group-523986131536->omNode-3(c-1,m0,n1, attendVote=true, lastRpcSendTime=0, lastRpcResponseTime=32391) yet, just keep nextIndex unchanged and retry.
2021-01-18 07:23:12,493 [Listener at 127.0.0.1/13796] INFO  rpc.RpcClient (RpcClient.java:createVolume(277)) - Creating Volume: volume30144, with user83379 as owner and space quota set to -1 bytes, counts quota set to -1
2021-01-18 07:23:12,573 [grpc-default-executor-1] WARN  server.GrpcLogAppender (LogUtils.java:warn(122)) - omNode-1@group-523986131536->omNode-3-AppendLogResponseHandler: Failed appendEntries: org.apache.ratis.thirdparty.io.grpc.StatusRuntimeException: UNAVAILABLE: io exception
2021-01-18 07:23:12,573 [grpc-default-executor-1] WARN  server.GrpcLogAppender (GrpcLogAppender.java:resetClient(111)) - omNode-1@group-523986131536->omNode-3-GrpcLogAppender: Leader has not got in touch with Follower omNode-1@group-523986131536->omNode-3(c-1,m0,n2, attendVote=true, lastRpcSendTime=0, lastRpcResponseTime=32529) yet, just keep nextIndex unchanged and retry.
2021-01-18 07:23:12,579 [grpc-default-executor-1] WARN  server.GrpcLogAppender (LogUtils.java:warn(122)) - omNode-1@group-523986131536->omNode-3-AppendLogResponseHandler: Failed appendEntries: org.apache.ratis.thirdparty.io.grpc.StatusRuntimeException: UNAVAILABLE: io exception
2021-01-18 07:23:12,580 [grpc-default-executor-1] WARN  server.GrpcLogAppender (GrpcLogAppender.java:resetClient(111)) - omNode-1@group-523986131536->omNode-3-GrpcLogAppender: Leader has not got in touch with Follower omNode-1@group-523986131536->omNode-3(c-1,m0,n3, attendVote=true, lastRpcSendTime=0, lastRpcResponseTime=32535) yet, just keep nextIndex unchanged and retry.
2021-01-18 07:23:12,596 [OM StateMachine ApplyTransaction Thread - 0] INFO  volume.OMVolumeCreateRequest (OMVolumeCreateRequest.java:validateAndUpdateCache(196)) - created volume:volume30144 for user:user83379
2021-01-18 07:23:12,605 [OM StateMachine ApplyTransaction Thread - 0] INFO  volume.OMVolumeCreateRequest (OMVolumeCreateRequest.java:validateAndUpdateCache(196)) - created volume:volume30144 for user:user83379
2021-01-18 07:23:12,629 [Listener at 127.0.0.1/13796] INFO  rpc.RpcClient (RpcClient.java:createBucket(439)) - Creating Bucket: volume30144/bucket72038, with Versioning false and Storage Type set to DISK and Encryption set to false 
2021-01-18 07:23:12,646 [grpc-default-executor-1] WARN  server.GrpcLogAppender (LogUtils.java:warn(122)) - omNode-1@group-523986131536->omNode-3-AppendLogResponseHandler: Failed appendEntries: org.apache.ratis.thirdparty.io.grpc.StatusRuntimeException: UNAVAILABLE: io exception
2021-01-18 07:23:12,647 [grpc-default-executor-1] WARN  server.GrpcLogAppender (GrpcLogAppender.java:resetClient(111)) - omNode-1@group-523986131536->omNode-3-GrpcLogAppender: Leader has not got in touch with Follower omNode-1@group-523986131536->omNode-3(c-1,m0,n4, attendVote=true, lastRpcSendTime=0, lastRpcResponseTime=32603) yet, just keep nextIndex unchanged and retry.
2021-01-18 07:23:12,654 [grpc-default-executor-1] WARN  server.GrpcLogAppender (LogUtils.java:warn(122)) - omNode-1@group-523986131536->omNode-3-AppendLogResponseHandler: Failed appendEntries: org.apache.ratis.thirdparty.io.grpc.StatusRuntimeException: UNAVAILABLE: io exception
2021-01-18 07:23:12,655 [grpc-default-executor-1] WARN  server.GrpcLogAppender (GrpcLogAppender.java:resetClient(111)) - omNode-1@group-523986131536->omNode-3-GrpcLogAppender: Leader has not got in touch with Follower omNode-1@group-523986131536->omNode-3(c-1,m0,n5, attendVote=true, lastRpcSendTime=9, lastRpcResponseTime=32611) yet, just keep nextIndex unchanged and retry.
2021-01-18 07:23:12,721 [IPC Server handler 1 on default port 41737] INFO  pipeline.PipelineStateManager (PipelineStateManager.java:addPipeline(54)) - Created pipeline Pipeline[ Id: d5b55732-6b78-4373-ad2c-444f858ce174, Nodes: f0d6c3f1-3e1c-4709-8909-543e2e55c827{ip: 172.17.0.2, host: c4357192f866, networkLocation: /default-rack, certSerialId: null, persistedOpState: IN_SERVICE, persistedOpStateExpiryEpochSec: 0}, Type:STAND_ALONE, Factor:ONE, State:OPEN, leaderId:, CreationTimestamp2021-01-18T07:23:12.715Z]
2021-01-18 07:23:12,773 [grpc-default-executor-1] WARN  server.GrpcLogAppender (LogUtils.java:warn(122)) - omNode-1@group-523986131536->omNode-3-AppendLogResponseHandler: Failed appendEntries: org.apache.ratis.thirdparty.io.grpc.StatusRuntimeException: UNAVAILABLE: io exception
2021-01-18 07:23:12,773 [grpc-default-executor-1] WARN  server.GrpcLogAppender (GrpcLogAppender.java:resetClient(111)) - omNode-1@group-523986131536->omNode-3-GrpcLogAppender: Leader has not got in touch with Follower omNode-1@group-523986131536->omNode-3(c-1,m0,n6, attendVote=true, lastRpcSendTime=0, lastRpcResponseTime=32729) yet, just keep nextIndex unchanged and retry.
2021-01-18 07:23:12,805 [grpc-default-executor-0] WARN  server.GrpcLogAppender (LogUtils.java:warn(122)) - omNode-1@group-523986131536->omNode-3-AppendLogResponseHandler: Failed appendEntries: org.apache.ratis.thirdparty.io.grpc.StatusRuntimeException: UNAVAILABLE: io exception
2021-01-18 07:23:12,806 [grpc-default-executor-0] WARN  server.GrpcLogAppender (GrpcLogAppender.java:resetClient(111)) - omNode-1@group-523986131536->omNode-3-GrpcLogAppender: Leader has not got in touch with Follower omNode-1@group-523986131536->omNode-3(c-1,m0,n7, attendVote=true, lastRpcSendTime=33, lastRpcResponseTime=32762) yet, just keep nextIndex unchanged and retry.
2021-01-18 07:23:12,884 [Listener at 127.0.0.1/13796] INFO  impl.MetricsSystemImpl (MetricsSystemImpl.java:init(158)) - XceiverClientMetrics metrics system started (again)
2021-01-18 07:23:12,968 [Thread-329] INFO  impl.FollowerState (FollowerState.java:run(133)) - 4c7fc10d-533a-48df-9dd5-d11737eac487@group-9A1709479A4A-FollowerState: change to CANDIDATE, lastRpcElapsedTime:5096926028ns, electionTimeout:5093ms
2021-01-18 07:23:12,968 [Thread-329] INFO  impl.RoleInfo (RoleInfo.java:shutdownFollowerState(108)) - 4c7fc10d-533a-48df-9dd5-d11737eac487: shutdown 4c7fc10d-533a-48df-9dd5-d11737eac487@group-9A1709479A4A-FollowerState
2021-01-18 07:23:12,968 [Thread-329] INFO  server.RaftServer$Division (RaftServerImpl.java:setRole(283)) - 4c7fc10d-533a-48df-9dd5-d11737eac487@group-9A1709479A4A: changes role from  FOLLOWER to CANDIDATE at term 0 for changeToCandidate
2021-01-18 07:23:12,968 [Thread-329] INFO  impl.RoleInfo (RoleInfo.java:updateAndGet(130)) - 4c7fc10d-533a-48df-9dd5-d11737eac487: start 4c7fc10d-533a-48df-9dd5-d11737eac487@group-9A1709479A4A-LeaderElection9
2021-01-18 07:23:13,000 [4c7fc10d-533a-48df-9dd5-d11737eac487@group-9A1709479A4A-LeaderElection9] INFO  impl.LeaderElection (LeaderElection.java:askForPreVotes(259)) - 4c7fc10d-533a-48df-9dd5-d11737eac487@group-9A1709479A4A-LeaderElection9: begin a pre-vote at term 0 for -1: [4c7fc10d-533a-48df-9dd5-d11737eac487|rpc:172.17.0.2:38871|priority:1], old=null
2021-01-18 07:23:13,001 [4c7fc10d-533a-48df-9dd5-d11737eac487@group-9A1709479A4A-LeaderElection9] INFO  impl.LeaderElection (LeaderElection.java:askForPreVotes(261)) - 4c7fc10d-533a-48df-9dd5-d11737eac487@group-9A1709479A4A-LeaderElection9 pre-vote result is PASSED.
2021-01-18 07:23:13,002 [4c7fc10d-533a-48df-9dd5-d11737eac487@group-9A1709479A4A-LeaderElection9] INFO  impl.LeaderElection (LeaderElection.java:askForVotes(308)) - 4c7fc10d-533a-48df-9dd5-d11737eac487@group-9A1709479A4A-LeaderElection9: begin an election at term 1 for -1: [4c7fc10d-533a-48df-9dd5-d11737eac487|rpc:172.17.0.2:38871|priority:1], old=null
2021-01-18 07:23:13,002 [4c7fc10d-533a-48df-9dd5-d11737eac487@group-9A1709479A4A-LeaderElection9] INFO  impl.RoleInfo (RoleInfo.java:shutdownLeaderElection(121)) - 4c7fc10d-533a-48df-9dd5-d11737eac487: shutdown 4c7fc10d-533a-48df-9dd5-d11737eac487@group-9A1709479A4A-LeaderElection9
2021-01-18 07:23:13,002 [4c7fc10d-533a-48df-9dd5-d11737eac487@group-9A1709479A4A-LeaderElection9] INFO  server.RaftServer$Division (RaftServerImpl.java:setRole(283)) - 4c7fc10d-533a-48df-9dd5-d11737eac487@group-9A1709479A4A: changes role from CANDIDATE to LEADER at term 1 for changeToLeader
2021-01-18 07:23:13,002 [4c7fc10d-533a-48df-9dd5-d11737eac487@group-9A1709479A4A-LeaderElection9] INFO  ratis.XceiverServerRatis (XceiverServerRatis.java:handleLeaderChangedNotification(868)) - Leader change notification received for group: group-9A1709479A4A with new leaderId: 4c7fc10d-533a-48df-9dd5-d11737eac487
2021-01-18 07:23:13,002 [4c7fc10d-533a-48df-9dd5-d11737eac487@group-9A1709479A4A-LeaderElection9] INFO  server.RaftServer$Division (ServerState.java:setLeader(249)) - 4c7fc10d-533a-48df-9dd5-d11737eac487@group-9A1709479A4A: change Leader from null to 4c7fc10d-533a-48df-9dd5-d11737eac487 at term 1 for becomeLeader, leader elected after 5141ms
2021-01-18 07:23:13,002 [4c7fc10d-533a-48df-9dd5-d11737eac487@group-9A1709479A4A-LeaderElection9] INFO  server.RaftServerConfigKeys (ConfUtils.java:logGet(44)) - raft.server.staging.catchup.gap = 1000 (default)
2021-01-18 07:23:13,002 [4c7fc10d-533a-48df-9dd5-d11737eac487@group-9A1709479A4A-LeaderElection9] INFO  metrics.RatisMetrics (RatisMetrics.java:lambda$create$0(36)) - Creating Metrics Registry : ratis.log_appender.4c7fc10d-533a-48df-9dd5-d11737eac487@group-9A1709479A4A
2021-01-18 07:23:13,003 [4c7fc10d-533a-48df-9dd5-d11737eac487@group-9A1709479A4A-LeaderElection9] INFO  server.RaftServerConfigKeys (ConfUtils.java:logGet(44)) - raft.server.write.element-limit = 1024 (custom)
2021-01-18 07:23:13,003 [4c7fc10d-533a-48df-9dd5-d11737eac487@group-9A1709479A4A-LeaderElection9] INFO  server.RaftServerConfigKeys (ConfUtils.java:logGet(44)) - raft.server.write.byte-limit = 1073741824 (custom)
2021-01-18 07:23:13,003 [4c7fc10d-533a-48df-9dd5-d11737eac487@group-9A1709479A4A-LeaderElection9] INFO  server.RaftServerConfigKeys (ConfUtils.java:logGet(44)) - raft.server.watch.timeout = 180s (custom)
2021-01-18 07:23:13,003 [4c7fc10d-533a-48df-9dd5-d11737eac487@group-9A1709479A4A-LeaderElection9] INFO  server.RaftServerConfigKeys (ConfUtils.java:logGet(44)) - raft.server.watch.timeout.denomination = 1s (default)
2021-01-18 07:23:13,003 [4c7fc10d-533a-48df-9dd5-d11737eac487@group-9A1709479A4A-LeaderElection9] INFO  server.RaftServerConfigKeys (ConfUtils.java:logGet(44)) - raft.server.watch.element-limit = 65536 (default)
2021-01-18 07:23:13,003 [4c7fc10d-533a-48df-9dd5-d11737eac487@group-9A1709479A4A-LeaderElection9] INFO  impl.RoleInfo (RoleInfo.java:updateAndGet(130)) - 4c7fc10d-533a-48df-9dd5-d11737eac487: start 4c7fc10d-533a-48df-9dd5-d11737eac487@group-9A1709479A4A-LeaderStateImpl
2021-01-18 07:23:13,003 [4c7fc10d-533a-48df-9dd5-d11737eac487@group-9A1709479A4A-LeaderElection9] INFO  segmented.SegmentedRaftLogWorker (SegmentedRaftLogWorker.java:startLogSegment(392)) - 4c7fc10d-533a-48df-9dd5-d11737eac487@group-9A1709479A4A-SegmentedRaftLogWorker: Starting segment from index:0
2021-01-18 07:23:13,008 [4c7fc10d-533a-48df-9dd5-d11737eac487@group-9A1709479A4A-SegmentedRaftLogWorker] INFO  segmented.SegmentedRaftLogWorker (SegmentedRaftLogWorker.java:execute(599)) - 4c7fc10d-533a-48df-9dd5-d11737eac487@group-9A1709479A4A-SegmentedRaftLogWorker: created new log segment /github/workspace/mnt/ozone/hadoop-ozone/integration-test/target/test-dir/MiniOzoneClusterImpl-31fb86ba-d539-4b3f-b864-a30db12016a3/datanode-2/data/ratis/710c34b1-69f5-4644-bba9-9a1709479a4a/current/log_inprogress_0
2021-01-18 07:23:13,024 [4c7fc10d-533a-48df-9dd5-d11737eac487@group-9A1709479A4A-LeaderElection9] INFO  server.RaftServer$Division (ServerState.java:setRaftConf(368)) - 4c7fc10d-533a-48df-9dd5-d11737eac487@group-9A1709479A4A: set configuration 0: [4c7fc10d-533a-48df-9dd5-d11737eac487|rpc:172.17.0.2:38871|dataStream:|priority:1], old=null
2021-01-18 07:23:13,206 [grpc-default-executor-2] WARN  server.GrpcLogAppender (LogUtils.java:warn(122)) - omNode-1@group-523986131536->omNode-3-AppendLogResponseHandler: Failed appendEntries: org.apache.ratis.thirdparty.io.grpc.StatusRuntimeException: UNAVAILABLE: io exception
2021-01-18 07:23:13,207 [grpc-default-executor-2] WARN  server.GrpcLogAppender (GrpcLogAppender.java:resetClient(111)) - omNode-1@group-523986131536->omNode-3-GrpcLogAppender: Leader has not got in touch with Follower omNode-1@group-523986131536->omNode-3(c-1,m0,n8, attendVote=true, lastRpcSendTime=399, lastRpcResponseTime=33163) yet, just keep nextIndex unchanged and retry.
2021-01-18 07:23:13,230 [grpc-default-executor-2] WARN  server.GrpcLogAppender (LogUtils.java:warn(122)) - omNode-1@group-523986131536->omNode-3-AppendLogResponseHandler: Failed appendEntries: org.apache.ratis.thirdparty.io.grpc.StatusRuntimeException: UNAVAILABLE: io exception
2021-01-18 07:23:13,231 [grpc-default-executor-2] WARN  server.GrpcLogAppender (GrpcLogAppender.java:resetClient(111)) - omNode-1@group-523986131536->omNode-3-GrpcLogAppender: Leader has not got in touch with Follower omNode-1@group-523986131536->omNode-3(c-1,m0,n9, attendVote=true, lastRpcSendTime=23, lastRpcResponseTime=33187) yet, just keep nextIndex unchanged and retry.
2021-01-18 07:23:13,341 [grpc-default-executor-2] WARN  server.GrpcLogAppender (LogUtils.java:warn(122)) - omNode-1@group-523986131536->omNode-3-AppendLogResponseHandler: Failed appendEntries: org.apache.ratis.thirdparty.io.grpc.StatusRuntimeException: UNAVAILABLE: io exception
2021-01-18 07:23:13,341 [grpc-default-executor-2] WARN  server.GrpcLogAppender (GrpcLogAppender.java:resetClient(111)) - omNode-1@group-523986131536->omNode-3-GrpcLogAppender: Leader has not got in touch with Follower omNode-1@group-523986131536->omNode-3(c-1,m0,n10, attendVote=true, lastRpcSendTime=110, lastRpcResponseTime=33297) yet, just keep nextIndex unchanged and retry.
2021-01-18 07:23:13,348 [grpc-default-executor-0] WARN  server.GrpcLogAppender (LogUtils.java:warn(122)) - omNode-1@group-523986131536->omNode-3-AppendLogResponseHandler: Failed appendEntries: org.apache.ratis.thirdparty.io.grpc.StatusRuntimeException: UNAVAILABLE: io exception
2021-01-18 07:23:13,349 [grpc-default-executor-0] WARN  server.GrpcLogAppender (GrpcLogAppender.java:resetClient(111)) - omNode-1@group-523986131536->omNode-3-GrpcLogAppender: Leader has not got in touch with Follower omNode-1@group-523986131536->omNode-3(c-1,m0,n11, attendVote=true, lastRpcSendTime=5, lastRpcResponseTime=33305) yet, just keep nextIndex unchanged and retry.
2021-01-18 07:23:13,414 [grpc-default-executor-0] WARN  server.GrpcLogAppender (LogUtils.java:warn(122)) - omNode-1@group-523986131536->omNode-3-AppendLogResponseHandler: Failed appendEntries: org.apache.ratis.thirdparty.io.grpc.StatusRuntimeException: UNAVAILABLE: io exception
2021-01-18 07:23:13,415 [grpc-default-executor-0] WARN  server.GrpcLogAppender (GrpcLogAppender.java:resetClient(111)) - omNode-1@group-523986131536->omNode-3-GrpcLogAppender: Leader has not got in touch with Follower omNode-1@group-523986131536->omNode-3(c-1,m0,n12, attendVote=true, lastRpcSendTime=0, lastRpcResponseTime=33371) yet, just keep nextIndex unchanged and retry.
2021-01-18 07:23:13,419 [grpc-default-executor-0] WARN  server.GrpcLogAppender (LogUtils.java:warn(122)) - omNode-1@group-523986131536->omNode-3-AppendLogResponseHandler: Failed appendEntries: org.apache.ratis.thirdparty.io.grpc.StatusRuntimeException: UNAVAILABLE: io exception
2021-01-18 07:23:13,419 [grpc-default-executor-0] WARN  server.GrpcLogAppender (GrpcLogAppender.java:resetClient(111)) - omNode-1@group-523986131536->omNode-3-GrpcLogAppender: Leader has not got in touch with Follower omNode-1@group-523986131536->omNode-3(c-1,m0,n13, attendVote=true, lastRpcSendTime=0, lastRpcResponseTime=33375) yet, just keep nextIndex unchanged and retry.
2021-01-18 07:23:13,526 [grpc-default-executor-2] WARN  server.GrpcLogAppender (LogUtils.java:warn(122)) - omNode-1@group-523986131536->omNode-3-AppendLogResponseHandler: Failed appendEntries: org.apache.ratis.thirdparty.io.grpc.StatusRuntimeException: UNAVAILABLE: io exception
2021-01-18 07:23:13,527 [grpc-default-executor-2] WARN  server.GrpcLogAppender (GrpcLogAppender.java:resetClient(111)) - omNode-1@group-523986131536->omNode-3-GrpcLogAppender: Leader has not got in touch with Follower omNode-1@group-523986131536->omNode-3(c-1,m0,n14, attendVote=true, lastRpcSendTime=108, lastRpcResponseTime=33483) yet, just keep nextIndex unchanged and retry.
2021-01-18 07:23:13,534 [grpc-default-executor-2] WARN  server.GrpcLogAppender (LogUtils.java:warn(122)) - omNode-1@group-523986131536->omNode-3-AppendLogResponseHandler: Failed appendEntries: org.apache.ratis.thirdparty.io.grpc.StatusRuntimeException: UNAVAILABLE: io exception
2021-01-18 07:23:13,535 [grpc-default-executor-2] WARN  server.GrpcLogAppender (GrpcLogAppender.java:resetClient(111)) - omNode-1@group-523986131536->omNode-3-GrpcLogAppender: Leader has not got in touch with Follower omNode-1@group-523986131536->omNode-3(c-1,m0,n15, attendVote=true, lastRpcSendTime=7, lastRpcResponseTime=33491) yet, just keep nextIndex unchanged and retry.
2021-01-18 07:23:13,558 [grpc-default-executor-0] WARN  server.GrpcLogAppender (LogUtils.java:warn(122)) - omNode-1@group-523986131536->omNode-3-AppendLogResponseHandler: Failed appendEntries: org.apache.ratis.thirdparty.io.grpc.StatusRuntimeException: UNAVAILABLE: io exception
2021-01-18 07:23:13,559 [grpc-default-executor-0] WARN  server.GrpcLogAppender (GrpcLogAppender.java:resetClient(111)) - omNode-1@group-523986131536->omNode-3-GrpcLogAppender: Leader has not got in touch with Follower omNode-1@group-523986131536->omNode-3(c-1,m0,n16, attendVote=true, lastRpcSendTime=0, lastRpcResponseTime=33515) yet, just keep nextIndex unchanged and retry.
2021-01-18 07:23:13,564 [grpc-default-executor-0] WARN  server.GrpcLogAppender (LogUtils.java:warn(122)) - omNode-1@group-523986131536->omNode-3-AppendLogResponseHandler: Failed appendEntries: org.apache.ratis.thirdparty.io.grpc.StatusRuntimeException: UNAVAILABLE: io exception
2021-01-18 07:23:13,564 [grpc-default-executor-0] WARN  server.GrpcLogAppender (GrpcLogAppender.java:resetClient(111)) - omNode-1@group-523986131536->omNode-3-GrpcLogAppender: Leader has not got in touch with Follower omNode-1@group-523986131536->omNode-3(c-1,m0,n17, attendVote=true, lastRpcSendTime=1, lastRpcResponseTime=33520) yet, just keep nextIndex unchanged and retry.
2021-01-18 07:23:13,672 [grpc-default-executor-0] WARN  server.GrpcLogAppender (LogUtils.java:warn(122)) - omNode-1@group-523986131536->omNode-3-AppendLogResponseHandler: Failed appendEntries: org.apache.ratis.thirdparty.io.grpc.StatusRuntimeException: UNAVAILABLE: io exception
2021-01-18 07:23:13,673 [grpc-default-executor-0] WARN  server.GrpcLogAppender (GrpcLogAppender.java:resetClient(111)) - omNode-1@group-523986131536->omNode-3-GrpcLogAppender: Leader has not got in touch with Follower omNode-1@group-523986131536->omNode-3(c-1,m0,n18, attendVote=true, lastRpcSendTime=109, lastRpcResponseTime=33629) yet, just keep nextIndex unchanged and retry.
2021-01-18 07:23:13,679 [grpc-default-executor-0] WARN  server.GrpcLogAppender (LogUtils.java:warn(122)) - omNode-1@group-523986131536->omNode-3-AppendLogResponseHandler: Failed appendEntries: org.apache.ratis.thirdparty.io.grpc.StatusRuntimeException: UNAVAILABLE: io exception
2021-01-18 07:23:13,679 [grpc-default-executor-0] WARN  server.GrpcLogAppender (GrpcLogAppender.java:resetClient(111)) - omNode-1@group-523986131536->omNode-3-GrpcLogAppender: Leader has not got in touch with Follower omNode-1@group-523986131536->omNode-3(c-1,m0,n19, attendVote=true, lastRpcSendTime=0, lastRpcResponseTime=33635) yet, just keep nextIndex unchanged and retry.
2021-01-18 07:23:13,699 [grpc-default-executor-0] WARN  server.GrpcLogAppender (LogUtils.java:warn(122)) - omNode-1@group-523986131536->omNode-3-AppendLogResponseHandler: Failed appendEntries: org.apache.ratis.thirdparty.io.grpc.StatusRuntimeException: UNAVAILABLE: io exception
2021-01-18 07:23:13,699 [grpc-default-executor-0] WARN  server.GrpcLogAppender (GrpcLogAppender.java:resetClient(111)) - omNode-1@group-523986131536->omNode-3-GrpcLogAppender: Leader has not got in touch with Follower omNode-1@group-523986131536->omNode-3(c-1,m0,n20, attendVote=true, lastRpcSendTime=20, lastRpcResponseTime=33655) yet, just keep nextIndex unchanged and retry.
2021-01-18 07:23:13,707 [grpc-default-executor-0] WARN  server.GrpcLogAppender (LogUtils.java:warn(122)) - omNode-1@group-523986131536->omNode-3-AppendLogResponseHandler: Failed appendEntries: org.apache.ratis.thirdparty.io.grpc.StatusRuntimeException: UNAVAILABLE: io exception
2021-01-18 07:23:13,707 [grpc-default-executor-0] WARN  server.GrpcLogAppender (GrpcLogAppender.java:resetClient(111)) - omNode-1@group-523986131536->omNode-3-GrpcLogAppender: Leader has not got in touch with Follower omNode-1@group-523986131536->omNode-3(c-1,m0,n21, attendVote=true, lastRpcSendTime=7, lastRpcResponseTime=33663) yet, just keep nextIndex unchanged and retry.
2021-01-18 07:23:13,814 [grpc-default-executor-0] WARN  server.GrpcLogAppender (LogUtils.java:warn(122)) - omNode-1@group-523986131536->omNode-3-AppendLogResponseHandler: Failed appendEntries: org.apache.ratis.thirdparty.io.grpc.StatusRuntimeException: UNAVAILABLE: io exception
2021-01-18 07:23:13,815 [grpc-default-executor-0] WARN  server.GrpcLogAppender (GrpcLogAppender.java:resetClient(111)) - omNode-1@group-523986131536->omNode-3-GrpcLogAppender: Leader has not got in touch with Follower omNode-1@group-523986131536->omNode-3(c-1,m0,n22, attendVote=true, lastRpcSendTime=0, lastRpcResponseTime=33771) yet, just keep nextIndex unchanged and retry.
2021-01-18 07:23:13,825 [grpc-default-executor-0] WARN  server.GrpcLogAppender (LogUtils.java:warn(122)) - omNode-1@group-523986131536->omNode-3-AppendLogResponseHandler: Failed appendEntries: org.apache.ratis.thirdparty.io.grpc.StatusRuntimeException: UNAVAILABLE: io exception
2021-01-18 07:23:13,826 [grpc-default-executor-0] WARN  server.GrpcLogAppender (GrpcLogAppender.java:resetClient(111)) - omNode-1@group-523986131536->omNode-3-GrpcLogAppender: Leader has not got in touch with Follower omNode-1@group-523986131536->omNode-3(c-1,m0,n23, attendVote=true, lastRpcSendTime=3, lastRpcResponseTime=33781) yet, just keep nextIndex unchanged and retry.
2021-01-18 07:23:13,841 [grpc-default-executor-2] WARN  server.GrpcLogAppender (LogUtils.java:warn(122)) - omNode-1@group-523986131536->omNode-3-AppendLogResponseHandler: Failed appendEntries: org.apache.ratis.thirdparty.io.grpc.StatusRuntimeException: UNAVAILABLE: io exception
2021-01-18 07:23:13,841 [grpc-default-executor-2] WARN  server.GrpcLogAppender (GrpcLogAppender.java:resetClient(111)) - omNode-1@group-523986131536->omNode-3-GrpcLogAppender: Leader has not got in touch with Follower omNode-1@group-523986131536->omNode-3(c-1,m0,n24, attendVote=true, lastRpcSendTime=0, lastRpcResponseTime=33797) yet, just keep nextIndex unchanged and retry.
2021-01-18 07:23:13,845 [grpc-default-executor-2] WARN  server.GrpcLogAppender (LogUtils.java:warn(122)) - omNode-1@group-523986131536->omNode-3-AppendLogResponseHandler: Failed appendEntries: org.apache.ratis.thirdparty.io.grpc.StatusRuntimeException: UNAVAILABLE: io exception
2021-01-18 07:23:13,846 [grpc-default-executor-2] WARN  server.GrpcLogAppender (GrpcLogAppender.java:resetClient(111)) - omNode-1@group-523986131536->omNode-3-GrpcLogAppender: Leader has not got in touch with Follower omNode-1@group-523986131536->omNode-3(c-1,m0,n25, attendVote=true, lastRpcSendTime=5, lastRpcResponseTime=33802) yet, just keep nextIndex unchanged and retry.
2021-01-18 07:23:13,952 [grpc-default-executor-2] WARN  server.GrpcLogAppender (LogUtils.java:warn(122)) - omNode-1@group-523986131536->omNode-3-AppendLogResponseHandler: Failed appendEntries: org.apache.ratis.thirdparty.io.grpc.StatusRuntimeException: UNAVAILABLE: io exception
2021-01-18 07:23:13,953 [grpc-default-executor-2] WARN  server.GrpcLogAppender (GrpcLogAppender.java:resetClient(111)) - omNode-1@group-523986131536->omNode-3-GrpcLogAppender: Leader has not got in touch with Follower omNode-1@group-523986131536->omNode-3(c-1,m0,n26, attendVote=true, lastRpcSendTime=107, lastRpcResponseTime=33909) yet, just keep nextIndex unchanged and retry.
2021-01-18 07:23:13,963 [grpc-default-executor-0] WARN  server.GrpcLogAppender (LogUtils.java:warn(122)) - omNode-1@group-523986131536->omNode-3-AppendLogResponseHandler: Failed appendEntries: org.apache.ratis.thirdparty.io.grpc.StatusRuntimeException: UNAVAILABLE: io exception
2021-01-18 07:23:13,963 [grpc-default-executor-0] WARN  server.GrpcLogAppender (GrpcLogAppender.java:resetClient(111)) - omNode-1@group-523986131536->omNode-3-GrpcLogAppender: Leader has not got in touch with Follower omNode-1@group-523986131536->omNode-3(c-1,m0,n27, attendVote=true, lastRpcSendTime=0, lastRpcResponseTime=33919) yet, just keep nextIndex unchanged and retry.
2021-01-18 07:23:14,008 [grpc-default-executor-0] WARN  server.GrpcLogAppender (LogUtils.java:warn(122)) - omNode-1@group-523986131536->omNode-3-AppendLogResponseHandler: Failed appendEntries: org.apache.ratis.thirdparty.io.grpc.StatusRuntimeException: UNAVAILABLE: io exception
2021-01-18 07:23:14,009 [grpc-default-executor-0] WARN  server.GrpcLogAppender (GrpcLogAppender.java:resetClient(111)) - omNode-1@group-523986131536->omNode-3-GrpcLogAppender: Leader has not got in touch with Follower omNode-1@group-523986131536->omNode-3(c-1,m0,n28, attendVote=true, lastRpcSendTime=0, lastRpcResponseTime=33965) yet, just keep nextIndex unchanged and retry.
2021-01-18 07:23:14,013 [grpc-default-executor-0] WARN  server.GrpcLogAppender (LogUtils.java:warn(122)) - omNode-1@group-523986131536->omNode-3-AppendLogResponseHandler: Failed appendEntries: org.apache.ratis.thirdparty.io.grpc.StatusRuntimeException: UNAVAILABLE: io exception
2021-01-18 07:23:14,013 [grpc-default-executor-0] WARN  server.GrpcLogAppender (GrpcLogAppender.java:resetClient(111)) - omNode-1@group-523986131536->omNode-3-GrpcLogAppender: Leader has not got in touch with Follower omNode-1@group-523986131536->omNode-3(c-1,m0,n29, attendVote=true, lastRpcSendTime=0, lastRpcResponseTime=33969) yet, just keep nextIndex unchanged and retry.
2021-01-18 07:23:14,120 [grpc-default-executor-2] WARN  server.GrpcLogAppender (LogUtils.java:warn(122)) - omNode-1@group-523986131536->omNode-3-AppendLogResponseHandler: Failed appendEntries: org.apache.ratis.thirdparty.io.grpc.StatusRuntimeException: UNAVAILABLE: io exception
2021-01-18 07:23:14,120 [grpc-default-executor-2] WARN  server.GrpcLogAppender (GrpcLogAppender.java:resetClient(111)) - omNode-1@group-523986131536->omNode-3-GrpcLogAppender: Leader has not got in touch with Follower omNode-1@group-523986131536->omNode-3(c-1,m0,n30, attendVote=true, lastRpcSendTime=0, lastRpcResponseTime=34076) yet, just keep nextIndex unchanged and retry.
2021-01-18 07:23:14,126 [grpc-default-executor-2] WARN  server.GrpcLogAppender (LogUtils.java:warn(122)) - omNode-1@group-523986131536->omNode-3-AppendLogResponseHandler: Failed appendEntries: org.apache.ratis.thirdparty.io.grpc.StatusRuntimeException: UNAVAILABLE: io exception
2021-01-18 07:23:14,126 [grpc-default-executor-2] WARN  server.GrpcLogAppender (GrpcLogAppender.java:resetClient(111)) - omNode-1@group-523986131536->omNode-3-GrpcLogAppender: Leader has not got in touch with Follower omNode-1@group-523986131536->omNode-3(c-1,m0,n31, attendVote=true, lastRpcSendTime=6, lastRpcResponseTime=34082) yet, just keep nextIndex unchanged and retry.
2021-01-18 07:23:14,147 [grpc-default-executor-0] WARN  server.GrpcLogAppender (LogUtils.java:warn(122)) - omNode-1@group-523986131536->omNode-3-AppendLogResponseHandler: Failed appendEntries: org.apache.ratis.thirdparty.io.grpc.StatusRuntimeException: UNAVAILABLE: io exception
2021-01-18 07:23:14,147 [grpc-default-executor-0] WARN  server.GrpcLogAppender (GrpcLogAppender.java:resetClient(111)) - omNode-1@group-523986131536->omNode-3-GrpcLogAppender: Leader has not got in touch with Follower omNode-1@group-523986131536->omNode-3(c-1,m0,n32, attendVote=true, lastRpcSendTime=0, lastRpcResponseTime=34103) yet, just keep nextIndex unchanged and retry.
2021-01-18 07:23:14,154 [grpc-default-executor-2] WARN  server.GrpcLogAppender (LogUtils.java:warn(122)) - omNode-1@group-523986131536->omNode-3-AppendLogResponseHandler: Failed appendEntries: org.apache.ratis.thirdparty.io.grpc.StatusRuntimeException: UNAVAILABLE: io exception
2021-01-18 07:23:14,154 [grpc-default-executor-2] WARN  server.GrpcLogAppender (GrpcLogAppender.java:resetClient(111)) - omNode-1@group-523986131536->omNode-3-GrpcLogAppender: Leader has not got in touch with Follower omNode-1@group-523986131536->omNode-3(c-1,m0,n33, attendVote=true, lastRpcSendTime=7, lastRpcResponseTime=34110) yet, just keep nextIndex unchanged and retry.
2021-01-18 07:23:14,258 [grpc-default-executor-2] WARN  server.GrpcLogAppender (LogUtils.java:warn(122)) - omNode-1@group-523986131536->omNode-3-AppendLogResponseHandler: Failed appendEntries: org.apache.ratis.thirdparty.io.grpc.StatusRuntimeException: UNAVAILABLE: io exception
2021-01-18 07:23:14,259 [grpc-default-executor-2] WARN  server.GrpcLogAppender (GrpcLogAppender.java:resetClient(111)) - omNode-1@group-523986131536->omNode-3-GrpcLogAppender: Leader has not got in touch with Follower omNode-1@group-523986131536->omNode-3(c-1,m0,n34, attendVote=true, lastRpcSendTime=103, lastRpcResponseTime=34215) yet, just keep nextIndex unchanged and retry.
2021-01-18 07:23:14,272 [grpc-default-executor-2] WARN  server.GrpcLogAppender (LogUtils.java:warn(122)) - omNode-1@group-523986131536->omNode-3-AppendLogResponseHandler: Failed appendEntries: org.apache.ratis.thirdparty.io.grpc.StatusRuntimeException: UNAVAILABLE: io exception
2021-01-18 07:23:14,273 [grpc-default-executor-2] WARN  server.GrpcLogAppender (GrpcLogAppender.java:resetClient(111)) - omNode-1@group-523986131536->omNode-3-GrpcLogAppender: Leader has not got in touch with Follower omNode-1@group-523986131536->omNode-3(c-1,m0,n35, attendVote=true, lastRpcSendTime=1, lastRpcResponseTime=34229) yet, just keep nextIndex unchanged and retry.
2021-01-18 07:23:14,289 [grpc-default-executor-0] WARN  server.GrpcLogAppender (LogUtils.java:warn(122)) - omNode-1@group-523986131536->omNode-3-AppendLogResponseHandler: Failed appendEntries: org.apache.ratis.thirdparty.io.grpc.StatusRuntimeException: UNAVAILABLE: io exception
2021-01-18 07:23:14,292 [grpc-default-executor-0] WARN  server.GrpcLogAppender (GrpcLogAppender.java:resetClient(111)) - omNode-1@group-523986131536->omNode-3-GrpcLogAppender: Leader has not got in touch with Follower omNode-1@group-523986131536->omNode-3(c-1,m0,n36, attendVote=true, lastRpcSendTime=2, lastRpcResponseTime=34248) yet, just keep nextIndex unchanged and retry.
2021-01-18 07:23:14,302 [grpc-default-executor-2] WARN  server.GrpcLogAppender (LogUtils.java:warn(122)) - omNode-1@group-523986131536->omNode-3-AppendLogResponseHandler: Failed appendEntries: org.apache.ratis.thirdparty.io.grpc.StatusRuntimeException: UNAVAILABLE: io exception
2021-01-18 07:23:14,303 [grpc-default-executor-2] WARN  server.GrpcLogAppender (GrpcLogAppender.java:resetClient(111)) - omNode-1@group-523986131536->omNode-3-GrpcLogAppender: Leader has not got in touch with Follower omNode-1@group-523986131536->omNode-3(c-1,m0,n37, attendVote=true, lastRpcSendTime=13, lastRpcResponseTime=34259) yet, just keep nextIndex unchanged and retry.
2021-01-18 07:23:14,411 [grpc-default-executor-2] WARN  server.GrpcLogAppender (LogUtils.java:warn(122)) - omNode-1@group-523986131536->omNode-3-AppendLogResponseHandler: Failed appendEntries: org.apache.ratis.thirdparty.io.grpc.StatusRuntimeException: UNAVAILABLE: io exception
2021-01-18 07:23:14,411 [grpc-default-executor-2] WARN  server.GrpcLogAppender (GrpcLogAppender.java:resetClient(111)) - omNode-1@group-523986131536->omNode-3-GrpcLogAppender: Leader has not got in touch with Follower omNode-1@group-523986131536->omNode-3(c-1,m0,n38, attendVote=true, lastRpcSendTime=1, lastRpcResponseTime=34367) yet, just keep nextIndex unchanged and retry.
2021-01-18 07:23:14,415 [grpc-default-executor-2] WARN  server.GrpcLogAppender (LogUtils.java:warn(122)) - omNode-1@group-523986131536->omNode-3-AppendLogResponseHandler: Failed appendEntries: org.apache.ratis.thirdparty.io.grpc.StatusRuntimeException: UNAVAILABLE: io exception
2021-01-18 07:23:14,415 [grpc-default-executor-2] WARN  server.GrpcLogAppender (GrpcLogAppender.java:resetClient(111)) - omNode-1@group-523986131536->omNode-3-GrpcLogAppender: Leader has not got in touch with Follower omNode-1@group-523986131536->omNode-3(c-1,m0,n39, attendVote=true, lastRpcSendTime=5, lastRpcResponseTime=34371) yet, just keep nextIndex unchanged and retry.
2021-01-18 07:23:14,446 [EventQueue-Delayed safe mode statusForReplicationManager] INFO  container.ReplicationManager (ReplicationManager.java:start(186)) - Starting Replication Monitor Thread.
2021-01-18 07:23:14,446 [grpc-default-executor-0] WARN  server.GrpcLogAppender (LogUtils.java:warn(122)) - omNode-1@group-523986131536->omNode-3-AppendLogResponseHandler: Failed appendEntries: org.apache.ratis.thirdparty.io.grpc.StatusRuntimeException: UNAVAILABLE: io exception
2021-01-18 07:23:14,447 [grpc-default-executor-0] WARN  server.GrpcLogAppender (GrpcLogAppender.java:resetClient(111)) - omNode-1@group-523986131536->omNode-3-GrpcLogAppender: Leader has not got in touch with Follower omNode-1@group-523986131536->omNode-3(c-1,m0,n40, attendVote=true, lastRpcSendTime=2, lastRpcResponseTime=34403) yet, just keep nextIndex unchanged and retry.
2021-01-18 07:23:14,449 [grpc-default-executor-0] WARN  server.GrpcLogAppender (LogUtils.java:warn(122)) - omNode-1@group-523986131536->omNode-3-AppendLogResponseHandler: Failed appendEntries: org.apache.ratis.thirdparty.io.grpc.StatusRuntimeException: UNAVAILABLE: io exception
2021-01-18 07:23:14,450 [grpc-default-executor-0] WARN  server.GrpcLogAppender (GrpcLogAppender.java:resetClient(111)) - omNode-1@group-523986131536->omNode-3-GrpcLogAppender: Leader has not got in touch with Follower omNode-1@group-523986131536->omNode-3(c-1,m0,n41, attendVote=true, lastRpcSendTime=0, lastRpcResponseTime=34405) yet, just keep nextIndex unchanged and retry.
2021-01-18 07:23:14,453 [ReplicationMonitor] INFO  container.ReplicationManager (ReplicationManager.java:run(250)) - Replication Monitor Thread took 2 milliseconds for processing 2 containers.
2021-01-18 07:23:14,554 [grpc-default-executor-0] WARN  server.GrpcLogAppender (LogUtils.java:warn(122)) - omNode-1@group-523986131536->omNode-3-AppendLogResponseHandler: Failed appendEntries: org.apache.ratis.thirdparty.io.grpc.StatusRuntimeException: UNAVAILABLE: io exception
2021-01-18 07:23:14,555 [grpc-default-executor-0] WARN  server.GrpcLogAppender (GrpcLogAppender.java:resetClient(111)) - omNode-1@group-523986131536->omNode-3-GrpcLogAppender: Leader has not got in touch with Follower omNode-1@group-523986131536->omNode-3(c-1,m0,n42, attendVote=true, lastRpcSendTime=105, lastRpcResponseTime=34511) yet, just keep nextIndex unchanged and retry.
2021-01-18 07:23:14,561 [grpc-default-executor-2] WARN  server.GrpcLogAppender (LogUtils.java:warn(122)) - omNode-1@group-523986131536->omNode-3-AppendLogResponseHandler: Failed appendEntries: org.apache.ratis.thirdparty.io.grpc.StatusRuntimeException: UNAVAILABLE: io exception
2021-01-18 07:23:14,561 [grpc-default-executor-2] WARN  server.GrpcLogAppender (GrpcLogAppender.java:resetClient(111)) - omNode-1@group-523986131536->omNode-3-GrpcLogAppender: Leader has not got in touch with Follower omNode-1@group-523986131536->omNode-3(c-1,m0,n43, attendVote=true, lastRpcSendTime=5, lastRpcResponseTime=34517) yet, just keep nextIndex unchanged and retry.
2021-01-18 07:23:14,606 [grpc-default-executor-0] WARN  server.GrpcLogAppender (LogUtils.java:warn(122)) - omNode-1@group-523986131536->omNode-3-AppendLogResponseHandler: Failed appendEntries: org.apache.ratis.thirdparty.io.grpc.StatusRuntimeException: UNAVAILABLE: io exception
2021-01-18 07:23:14,608 [grpc-default-executor-0] WARN  server.GrpcLogAppender (GrpcLogAppender.java:resetClient(111)) - omNode-1@group-523986131536->omNode-3-GrpcLogAppender: Leader has not got in touch with Follower omNode-1@group-523986131536->omNode-3(c-1,m0,n44, attendVote=true, lastRpcSendTime=1, lastRpcResponseTime=34564) yet, just keep nextIndex unchanged and retry.
2021-01-18 07:23:14,611 [grpc-default-executor-0] WARN  server.GrpcLogAppender (LogUtils.java:warn(122)) - omNode-1@group-523986131536->omNode-3-AppendLogResponseHandler: Failed appendEntries: org.apache.ratis.thirdparty.io.grpc.StatusRuntimeException: UNAVAILABLE: io exception
2021-01-18 07:23:14,614 [grpc-default-executor-0] WARN  server.GrpcLogAppender (GrpcLogAppender.java:resetClient(111)) - omNode-1@group-523986131536->omNode-3-GrpcLogAppender: Leader has not got in touch with Follower omNode-1@group-523986131536->omNode-3(c-1,m0,n45, attendVote=true, lastRpcSendTime=3, lastRpcResponseTime=34570) yet, just keep nextIndex unchanged and retry.
2021-01-18 07:23:14,715 [grpc-default-executor-2] WARN  server.GrpcLogAppender (LogUtils.java:warn(122)) - omNode-1@group-523986131536->omNode-3-AppendLogResponseHandler: Failed appendEntries: org.apache.ratis.thirdparty.io.grpc.StatusRuntimeException: UNAVAILABLE: io exception
2021-01-18 07:23:14,717 [grpc-default-executor-2] WARN  server.GrpcLogAppender (GrpcLogAppender.java:resetClient(111)) - omNode-1@group-523986131536->omNode-3-GrpcLogAppender: Leader has not got in touch with Follower omNode-1@group-523986131536->omNode-3(c-1,m0,n46, attendVote=true, lastRpcSendTime=106, lastRpcResponseTime=34673) yet, just keep nextIndex unchanged and retry.
2021-01-18 07:23:14,722 [grpc-default-executor-0] WARN  server.GrpcLogAppender (LogUtils.java:warn(122)) - omNode-1@group-523986131536->omNode-3-AppendLogResponseHandler: Failed appendEntries: org.apache.ratis.thirdparty.io.grpc.StatusRuntimeException: UNAVAILABLE: io exception
2021-01-18 07:23:14,723 [grpc-default-executor-0] WARN  server.GrpcLogAppender (GrpcLogAppender.java:resetClient(111)) - omNode-1@group-523986131536->omNode-3-GrpcLogAppender: Leader has not got in touch with Follower omNode-1@group-523986131536->omNode-3(c-1,m0,n47, attendVote=true, lastRpcSendTime=0, lastRpcResponseTime=34679) yet, just keep nextIndex unchanged and retry.
2021-01-18 07:23:14,737 [grpc-default-executor-0] WARN  server.GrpcLogAppender (LogUtils.java:warn(122)) - omNode-1@group-523986131536->omNode-3-AppendLogResponseHandler: Failed appendEntries: org.apache.ratis.thirdparty.io.grpc.StatusRuntimeException: UNAVAILABLE: io exception
2021-01-18 07:23:14,737 [grpc-default-executor-0] WARN  server.GrpcLogAppender (GrpcLogAppender.java:resetClient(111)) - omNode-1@group-523986131536->omNode-3-GrpcLogAppender: Leader has not got in touch with Follower omNode-1@group-523986131536->omNode-3(c-1,m0,n48, attendVote=true, lastRpcSendTime=0, lastRpcResponseTime=34693) yet, just keep nextIndex unchanged and retry.
2021-01-18 07:23:14,741 [grpc-default-executor-2] WARN  server.GrpcLogAppender (LogUtils.java:warn(122)) - omNode-1@group-523986131536->omNode-3-AppendLogResponseHandler: Failed appendEntries: org.apache.ratis.thirdparty.io.grpc.StatusRuntimeException: UNAVAILABLE: io exception
2021-01-18 07:23:14,742 [grpc-default-executor-2] WARN  server.GrpcLogAppender (GrpcLogAppender.java:resetClient(111)) - omNode-1@group-523986131536->omNode-3-GrpcLogAppender: Leader has not got in touch with Follower omNode-1@group-523986131536->omNode-3(c-1,m0,n49, attendVote=true, lastRpcSendTime=0, lastRpcResponseTime=34698) yet, just keep nextIndex unchanged and retry.
2021-01-18 07:23:14,847 [grpc-default-executor-2] WARN  server.GrpcLogAppender (LogUtils.java:warn(122)) - omNode-1@group-523986131536->omNode-3-AppendLogResponseHandler: Failed appendEntries: org.apache.ratis.thirdparty.io.grpc.StatusRuntimeException: UNAVAILABLE: io exception
2021-01-18 07:23:14,847 [grpc-default-executor-2] WARN  server.GrpcLogAppender (GrpcLogAppender.java:resetClient(111)) - omNode-1@group-523986131536->omNode-3-GrpcLogAppender: Leader has not got in touch with Follower omNode-1@group-523986131536->omNode-3(c-1,m0,n50, attendVote=true, lastRpcSendTime=0, lastRpcResponseTime=34803) yet, just keep nextIndex unchanged and retry.
2021-01-18 07:23:14,855 [grpc-default-executor-2] WARN  server.GrpcLogAppender (LogUtils.java:warn(122)) - omNode-1@group-523986131536->omNode-3-AppendLogResponseHandler: Failed appendEntries: org.apache.ratis.thirdparty.io.grpc.StatusRuntimeException: UNAVAILABLE: io exception
2021-01-18 07:23:14,856 [grpc-default-executor-2] WARN  server.GrpcLogAppender (GrpcLogAppender.java:resetClient(111)) - omNode-1@group-523986131536->omNode-3-GrpcLogAppender: Leader has not got in touch with Follower omNode-1@group-523986131536->omNode-3(c-1,m0,n51, attendVote=true, lastRpcSendTime=9, lastRpcResponseTime=34812) yet, just keep nextIndex unchanged and retry.
2021-01-18 07:23:14,860 [omNode-1@group-523986131536-StateMachineUpdater] INFO  ratis.OzoneManagerStateMachine (OzoneManagerStateMachine.java:takeSnapshot(345)) - Current Snapshot Index (t:2, i:49)
2021-01-18 07:23:14,861 [omNode-1@group-523986131536-StateMachineUpdater] INFO  impl.StateMachineUpdater (StateMachineUpdater.java:takeSnapshot(279)) - omNode-1@group-523986131536-StateMachineUpdater: Took a snapshot at index 49
2021-01-18 07:23:14,861 [omNode-1@group-523986131536-StateMachineUpdater] INFO  impl.StateMachineUpdater (StateMachineUpdater.java:lambda$new$0(88)) - omNode-1@group-523986131536-StateMachineUpdater: snapshotIndex: updateIncreasingly -1 -> 49
2021-01-18 07:23:14,861 [omNode-1@group-523986131536-StateMachineUpdater] INFO  raftlog.RaftLog (RaftLogBase.java:purge(306)) - omNode-1@group-523986131536-SegmentedRaftLog: purge 49
2021-01-18 07:23:14,862 [omNode-1@group-523986131536-StateMachineUpdater] INFO  raftlog.RaftLog (RaftLogBase.java:lambda$new$0(53)) - omNode-1@group-523986131536-SegmentedRaftLog: snapshotIndex: updateIncreasingly -1 -> 49
2021-01-18 07:23:14,863 [omNode-1@group-523986131536-StateMachineUpdater] INFO  raftlog.RaftLog (RaftLogBase.java:lambda$new$0(53)) - omNode-1@group-523986131536-SegmentedRaftLog: purgeIndex: updateToMax old=-1, new=49, updated? true
2021-01-18 07:23:14,864 [omNode-2@group-523986131536-StateMachineUpdater] INFO  ratis.OzoneManagerStateMachine (OzoneManagerStateMachine.java:takeSnapshot(345)) - Current Snapshot Index (t:2, i:48)
2021-01-18 07:23:14,871 [omNode-2@group-523986131536-StateMachineUpdater] INFO  impl.StateMachineUpdater (StateMachineUpdater.java:takeSnapshot(279)) - omNode-2@group-523986131536-StateMachineUpdater: Took a snapshot at index 48
2021-01-18 07:23:14,872 [omNode-2@group-523986131536-StateMachineUpdater] INFO  impl.StateMachineUpdater (StateMachineUpdater.java:lambda$new$0(88)) - omNode-2@group-523986131536-StateMachineUpdater: snapshotIndex: updateIncreasingly -1 -> 48
2021-01-18 07:23:14,885 [grpc-default-executor-0] WARN  server.GrpcLogAppender (LogUtils.java:warn(122)) - omNode-1@group-523986131536->omNode-3-AppendLogResponseHandler: Failed appendEntries: org.apache.ratis.thirdparty.io.grpc.StatusRuntimeException: UNAVAILABLE: io exception
2021-01-18 07:23:14,887 [grpc-default-executor-0] WARN  server.GrpcLogAppender (GrpcLogAppender.java:resetClient(111)) - omNode-1@group-523986131536->omNode-3-GrpcLogAppender: Leader has not got in touch with Follower omNode-1@group-523986131536->omNode-3(c-1,m0,n52, attendVote=true, lastRpcSendTime=30, lastRpcResponseTime=34843) yet, just keep nextIndex unchanged and retry.
2021-01-18 07:23:14,892 [grpc-default-executor-0] WARN  server.GrpcLogAppender (LogUtils.java:warn(122)) - omNode-1@group-523986131536->omNode-3-AppendLogResponseHandler: Failed appendEntries: org.apache.ratis.thirdparty.io.grpc.StatusRuntimeException: UNAVAILABLE: io exception
2021-01-18 07:23:14,892 [grpc-default-executor-0] WARN  server.GrpcLogAppender (GrpcLogAppender.java:resetClient(111)) - omNode-1@group-523986131536->omNode-3-GrpcLogAppender: Leader has not got in touch with Follower omNode-1@group-523986131536->omNode-3(c-1,m0,n53, attendVote=true, lastRpcSendTime=1, lastRpcResponseTime=34848) yet, just keep nextIndex unchanged and retry.
2021-01-18 07:23:15,007 [grpc-default-executor-0] WARN  server.GrpcLogAppender (LogUtils.java:warn(122)) - omNode-1@group-523986131536->omNode-3-AppendLogResponseHandler: Failed appendEntries: org.apache.ratis.thirdparty.io.grpc.StatusRuntimeException: UNAVAILABLE: io exception
2021-01-18 07:23:15,008 [grpc-default-executor-0] WARN  server.GrpcLogAppender (GrpcLogAppender.java:resetClient(111)) - omNode-1@group-523986131536->omNode-3-GrpcLogAppender: Leader has not got in touch with Follower omNode-1@group-523986131536->omNode-3(c-1,m0,n54, attendVote=true, lastRpcSendTime=116, lastRpcResponseTime=34964) yet, just keep nextIndex unchanged and retry.
2021-01-18 07:23:15,019 [grpc-default-executor-0] WARN  server.GrpcLogAppender (LogUtils.java:warn(122)) - omNode-1@group-523986131536->omNode-3-AppendLogResponseHandler: Failed appendEntries: org.apache.ratis.thirdparty.io.grpc.StatusRuntimeException: UNAVAILABLE: io exception
2021-01-18 07:23:15,019 [grpc-default-executor-0] WARN  server.GrpcLogAppender (GrpcLogAppender.java:resetClient(111)) - omNode-1@group-523986131536->omNode-3-GrpcLogAppender: Leader has not got in touch with Follower omNode-1@group-523986131536->omNode-3(c-1,m0,n55, attendVote=true, lastRpcSendTime=10, lastRpcResponseTime=34975) yet, just keep nextIndex unchanged and retry.
2021-01-18 07:23:15,040 [grpc-default-executor-1] WARN  server.GrpcLogAppender (LogUtils.java:warn(122)) - omNode-1@group-523986131536->omNode-3-AppendLogResponseHandler: Failed appendEntries: org.apache.ratis.thirdparty.io.grpc.StatusRuntimeException: UNAVAILABLE: io exception
2021-01-18 07:23:15,041 [grpc-default-executor-1] WARN  server.GrpcLogAppender (GrpcLogAppender.java:resetClient(111)) - omNode-1@group-523986131536->omNode-3-GrpcLogAppender: Leader has not got in touch with Follower omNode-1@group-523986131536->omNode-3(c-1,m0,n56, attendVote=true, lastRpcSendTime=2, lastRpcResponseTime=34997) yet, just keep nextIndex unchanged and retry.
2021-01-18 07:23:15,043 [grpc-default-executor-1] WARN  server.GrpcLogAppender (LogUtils.java:warn(122)) - omNode-1@group-523986131536->omNode-3-AppendLogResponseHandler: Failed appendEntries: org.apache.ratis.thirdparty.io.grpc.StatusRuntimeException: UNAVAILABLE: io exception
2021-01-18 07:23:15,043 [grpc-default-executor-1] WARN  server.GrpcLogAppender (GrpcLogAppender.java:resetClient(111)) - omNode-1@group-523986131536->omNode-3-GrpcLogAppender: Leader has not got in touch with Follower omNode-1@group-523986131536->omNode-3(c-1,m0,n57, attendVote=true, lastRpcSendTime=0, lastRpcResponseTime=34999) yet, just keep nextIndex unchanged and retry.
2021-01-18 07:23:15,149 [grpc-default-executor-1] WARN  server.GrpcLogAppender (LogUtils.java:warn(122)) - omNode-1@group-523986131536->omNode-3-AppendLogResponseHandler: Failed appendEntries: org.apache.ratis.thirdparty.io.grpc.StatusRuntimeException: UNAVAILABLE: io exception
2021-01-18 07:23:15,149 [grpc-default-executor-1] WARN  server.GrpcLogAppender (GrpcLogAppender.java:resetClient(111)) - omNode-1@group-523986131536->omNode-3-GrpcLogAppender: Leader has not got in touch with Follower omNode-1@group-523986131536->omNode-3(c-1,m0,n58, attendVote=true, lastRpcSendTime=0, lastRpcResponseTime=35105) yet, just keep nextIndex unchanged and retry.
2021-01-18 07:23:15,152 [grpc-default-executor-1] WARN  server.GrpcLogAppender (LogUtils.java:warn(122)) - omNode-1@group-523986131536->omNode-3-AppendLogResponseHandler: Failed appendEntries: org.apache.ratis.thirdparty.io.grpc.StatusRuntimeException: UNAVAILABLE: io exception
2021-01-18 07:23:15,153 [grpc-default-executor-1] WARN  server.GrpcLogAppender (GrpcLogAppender.java:resetClient(111)) - omNode-1@group-523986131536->omNode-3-GrpcLogAppender: Leader has not got in touch with Follower omNode-1@group-523986131536->omNode-3(c-1,m0,n59, attendVote=true, lastRpcSendTime=0, lastRpcResponseTime=35108) yet, just keep nextIndex unchanged and retry.
2021-01-18 07:23:15,168 [grpc-default-executor-2] WARN  server.GrpcLogAppender (LogUtils.java:warn(122)) - omNode-1@group-523986131536->omNode-3-AppendLogResponseHandler: Failed appendEntries: org.apache.ratis.thirdparty.io.grpc.StatusRuntimeException: UNAVAILABLE: io exception
2021-01-18 07:23:15,169 [grpc-default-executor-2] WARN  server.GrpcLogAppender (GrpcLogAppender.java:resetClient(111)) - omNode-1@group-523986131536->omNode-3-GrpcLogAppender: Leader has not got in touch with Follower omNode-1@group-523986131536->omNode-3(c-1,m0,n60, attendVote=true, lastRpcSendTime=16, lastRpcResponseTime=35125) yet, just keep nextIndex unchanged and retry.
2021-01-18 07:23:15,179 [grpc-default-executor-2] WARN  server.GrpcLogAppender (LogUtils.java:warn(122)) - omNode-1@group-523986131536->omNode-3-AppendLogResponseHandler: Failed appendEntries: org.apache.ratis.thirdparty.io.grpc.StatusRuntimeException: UNAVAILABLE: io exception
2021-01-18 07:23:15,180 [grpc-default-executor-2] WARN  server.GrpcLogAppender (GrpcLogAppender.java:resetClient(111)) - omNode-1@group-523986131536->omNode-3-GrpcLogAppender: Leader has not got in touch with Follower omNode-1@group-523986131536->omNode-3(c-1,m0,n61, attendVote=true, lastRpcSendTime=10, lastRpcResponseTime=35135) yet, just keep nextIndex unchanged and retry.
2021-01-18 07:23:15,283 [grpc-default-executor-2] WARN  server.GrpcLogAppender (LogUtils.java:warn(122)) - omNode-1@group-523986131536->omNode-3-AppendLogResponseHandler: Failed appendEntries: org.apache.ratis.thirdparty.io.grpc.StatusRuntimeException: UNAVAILABLE: io exception
2021-01-18 07:23:15,284 [grpc-default-executor-2] WARN  server.GrpcLogAppender (GrpcLogAppender.java:resetClient(111)) - omNode-1@group-523986131536->omNode-3-GrpcLogAppender: Leader has not got in touch with Follower omNode-1@group-523986131536->omNode-3(c-1,m0,n62, attendVote=true, lastRpcSendTime=104, lastRpcResponseTime=35240) yet, just keep nextIndex unchanged and retry.
2021-01-18 07:23:15,291 [grpc-default-executor-2] WARN  server.GrpcLogAppender (LogUtils.java:warn(122)) - omNode-1@group-523986131536->omNode-3-AppendLogResponseHandler: Failed appendEntries: org.apache.ratis.thirdparty.io.grpc.StatusRuntimeException: UNAVAILABLE: io exception
2021-01-18 07:23:15,291 [grpc-default-executor-2] WARN  server.GrpcLogAppender (GrpcLogAppender.java:resetClient(111)) - omNode-1@group-523986131536->omNode-3-GrpcLogAppender: Leader has not got in touch with Follower omNode-1@group-523986131536->omNode-3(c-1,m0,n63, attendVote=true, lastRpcSendTime=2, lastRpcResponseTime=35247) yet, just keep nextIndex unchanged and retry.
2021-01-18 07:23:15,308 [grpc-default-executor-2] WARN  server.GrpcLogAppender (LogUtils.java:warn(122)) - omNode-1@group-523986131536->omNode-3-AppendLogResponseHandler: Failed appendEntries: org.apache.ratis.thirdparty.io.grpc.StatusRuntimeException: UNAVAILABLE: io exception
2021-01-18 07:23:15,309 [grpc-default-executor-2] WARN  server.GrpcLogAppender (GrpcLogAppender.java:resetClient(111)) - omNode-1@group-523986131536->omNode-3-GrpcLogAppender: Leader has not got in touch with Follower omNode-1@group-523986131536->omNode-3(c-1,m0,n64, attendVote=true, lastRpcSendTime=1, lastRpcResponseTime=35265) yet, just keep nextIndex unchanged and retry.
2021-01-18 07:23:15,312 [grpc-default-executor-2] WARN  server.GrpcLogAppender (LogUtils.java:warn(122)) - omNode-1@group-523986131536->omNode-3-AppendLogResponseHandler: Failed appendEntries: org.apache.ratis.thirdparty.io.grpc.StatusRuntimeException: UNAVAILABLE: io exception
2021-01-18 07:23:15,313 [grpc-default-executor-2] WARN  server.GrpcLogAppender (GrpcLogAppender.java:resetClient(111)) - omNode-1@group-523986131536->omNode-3-GrpcLogAppender: Leader has not got in touch with Follower omNode-1@group-523986131536->omNode-3(c-1,m0,n65, attendVote=true, lastRpcSendTime=0, lastRpcResponseTime=35269) yet, just keep nextIndex unchanged and retry.
2021-01-18 07:23:15,420 [grpc-default-executor-2] WARN  server.GrpcLogAppender (LogUtils.java:warn(122)) - omNode-1@group-523986131536->omNode-3-AppendLogResponseHandler: Failed appendEntries: org.apache.ratis.thirdparty.io.grpc.StatusRuntimeException: UNAVAILABLE: io exception
2021-01-18 07:23:15,421 [grpc-default-executor-2] WARN  server.GrpcLogAppender (GrpcLogAppender.java:resetClient(111)) - omNode-1@group-523986131536->omNode-3-GrpcLogAppender: Leader has not got in touch with Follower omNode-1@group-523986131536->omNode-3(c-1,m0,n66, attendVote=true, lastRpcSendTime=0, lastRpcResponseTime=35377) yet, just keep nextIndex unchanged and retry.
2021-01-18 07:23:15,434 [grpc-default-executor-2] WARN  server.GrpcLogAppender (LogUtils.java:warn(122)) - omNode-1@group-523986131536->omNode-3-AppendLogResponseHandler: Failed appendEntries: org.apache.ratis.thirdparty.io.grpc.StatusRuntimeException: UNAVAILABLE: io exception
2021-01-18 07:23:15,435 [grpc-default-executor-2] WARN  server.GrpcLogAppender (GrpcLogAppender.java:resetClient(111)) - omNode-1@group-523986131536->omNode-3-GrpcLogAppender: Leader has not got in touch with Follower omNode-1@group-523986131536->omNode-3(c-1,m0,n67, attendVote=true, lastRpcSendTime=14, lastRpcResponseTime=35391) yet, just keep nextIndex unchanged and retry.
2021-01-18 07:23:15,456 [grpc-default-executor-0] WARN  server.GrpcLogAppender (LogUtils.java:warn(122)) - omNode-1@group-523986131536->omNode-3-AppendLogResponseHandler: Failed appendEntries: org.apache.ratis.thirdparty.io.grpc.StatusRuntimeException: UNAVAILABLE: io exception
2021-01-18 07:23:15,456 [grpc-default-executor-0] WARN  server.GrpcLogAppender (GrpcLogAppender.java:resetClient(111)) - omNode-1@group-523986131536->omNode-3-GrpcLogAppender: Leader has not got in touch with Follower omNode-1@group-523986131536->omNode-3(c-1,m0,n68, attendVote=true, lastRpcSendTime=19, lastRpcResponseTime=35412) yet, just keep nextIndex unchanged and retry.
2021-01-18 07:23:15,462 [grpc-default-executor-0] WARN  server.GrpcLogAppender (LogUtils.java:warn(122)) - omNode-1@group-523986131536->omNode-3-AppendLogResponseHandler: Failed appendEntries: org.apache.ratis.thirdparty.io.grpc.StatusRuntimeException: UNAVAILABLE: io exception
2021-01-18 07:23:15,462 [grpc-default-executor-0] WARN  server.GrpcLogAppender (GrpcLogAppender.java:resetClient(111)) - omNode-1@group-523986131536->omNode-3-GrpcLogAppender: Leader has not got in touch with Follower omNode-1@group-523986131536->omNode-3(c-1,m0,n69, attendVote=true, lastRpcSendTime=5, lastRpcResponseTime=35418) yet, just keep nextIndex unchanged and retry.
2021-01-18 07:23:15,568 [grpc-default-executor-0] WARN  server.GrpcLogAppender (LogUtils.java:warn(122)) - omNode-1@group-523986131536->omNode-3-AppendLogResponseHandler: Failed appendEntries: org.apache.ratis.thirdparty.io.grpc.StatusRuntimeException: UNAVAILABLE: io exception
2021-01-18 07:23:15,569 [grpc-default-executor-0] WARN  server.GrpcLogAppender (GrpcLogAppender.java:resetClient(111)) - omNode-1@group-523986131536->omNode-3-GrpcLogAppender: Leader has not got in touch with Follower omNode-1@group-523986131536->omNode-3(c-1,m0,n70, attendVote=true, lastRpcSendTime=106, lastRpcResponseTime=35525) yet, just keep nextIndex unchanged and retry.
2021-01-18 07:23:15,576 [grpc-default-executor-2] WARN  server.GrpcLogAppender (LogUtils.java:warn(122)) - omNode-1@group-523986131536->omNode-3-AppendLogResponseHandler: Failed appendEntries: org.apache.ratis.thirdparty.io.grpc.StatusRuntimeException: UNAVAILABLE: io exception
2021-01-18 07:23:15,577 [grpc-default-executor-2] WARN  server.GrpcLogAppender (GrpcLogAppender.java:resetClient(111)) - omNode-1@group-523986131536->omNode-3-GrpcLogAppender: Leader has not got in touch with Follower omNode-1@group-523986131536->omNode-3(c-1,m0,n71, attendVote=true, lastRpcSendTime=1, lastRpcResponseTime=35533) yet, just keep nextIndex unchanged and retry.
2021-01-18 07:23:15,590 [grpc-default-executor-2] WARN  server.GrpcLogAppender (LogUtils.java:warn(122)) - omNode-1@group-523986131536->omNode-3-AppendLogResponseHandler: Failed appendEntries: org.apache.ratis.thirdparty.io.grpc.StatusRuntimeException: UNAVAILABLE: io exception
2021-01-18 07:23:15,590 [grpc-default-executor-2] WARN  server.GrpcLogAppender (GrpcLogAppender.java:resetClient(111)) - omNode-1@group-523986131536->omNode-3-GrpcLogAppender: Leader has not got in touch with Follower omNode-1@group-523986131536->omNode-3(c-1,m0,n72, attendVote=true, lastRpcSendTime=14, lastRpcResponseTime=35546) yet, just keep nextIndex unchanged and retry.
2021-01-18 07:23:15,598 [grpc-default-executor-2] WARN  server.GrpcLogAppender (LogUtils.java:warn(122)) - omNode-1@group-523986131536->omNode-3-AppendLogResponseHandler: Failed appendEntries: org.apache.ratis.thirdparty.io.grpc.StatusRuntimeException: UNAVAILABLE: io exception
2021-01-18 07:23:15,599 [grpc-default-executor-2] WARN  server.GrpcLogAppender (GrpcLogAppender.java:resetClient(111)) - omNode-1@group-523986131536->omNode-3-GrpcLogAppender: Leader has not got in touch with Follower omNode-1@group-523986131536->omNode-3(c-1,m0,n73, attendVote=true, lastRpcSendTime=8, lastRpcResponseTime=35555) yet, just keep nextIndex unchanged and retry.
2021-01-18 07:23:15,704 [grpc-default-executor-2] WARN  server.GrpcLogAppender (LogUtils.java:warn(122)) - omNode-1@group-523986131536->omNode-3-AppendLogResponseHandler: Failed appendEntries: org.apache.ratis.thirdparty.io.grpc.StatusRuntimeException: UNAVAILABLE: io exception
2021-01-18 07:23:15,704 [grpc-default-executor-2] WARN  server.GrpcLogAppender (GrpcLogAppender.java:resetClient(111)) - omNode-1@group-523986131536->omNode-3-GrpcLogAppender: Leader has not got in touch with Follower omNode-1@group-523986131536->omNode-3(c-1,m0,n74, attendVote=true, lastRpcSendTime=105, lastRpcResponseTime=35660) yet, just keep nextIndex unchanged and retry.
2021-01-18 07:23:15,712 [grpc-default-executor-2] WARN  server.GrpcLogAppender (LogUtils.java:warn(122)) - omNode-1@group-523986131536->omNode-3-AppendLogResponseHandler: Failed appendEntries: org.apache.ratis.thirdparty.io.grpc.StatusRuntimeException: UNAVAILABLE: io exception
2021-01-18 07:23:15,712 [grpc-default-executor-2] WARN  server.GrpcLogAppender (GrpcLogAppender.java:resetClient(111)) - omNode-1@group-523986131536->omNode-3-GrpcLogAppender: Leader has not got in touch with Follower omNode-1@group-523986131536->omNode-3(c-1,m0,n75, attendVote=true, lastRpcSendTime=7, lastRpcResponseTime=35668) yet, just keep nextIndex unchanged and retry.
2021-01-18 07:23:15,726 [grpc-default-executor-2] WARN  server.GrpcLogAppender (LogUtils.java:warn(122)) - omNode-1@group-523986131536->omNode-3-AppendLogResponseHandler: Failed appendEntries: org.apache.ratis.thirdparty.io.grpc.StatusRuntimeException: UNAVAILABLE: io exception
2021-01-18 07:23:15,726 [grpc-default-executor-2] WARN  server.GrpcLogAppender (GrpcLogAppender.java:resetClient(111)) - omNode-1@group-523986131536->omNode-3-GrpcLogAppender: Leader has not got in touch with Follower omNode-1@group-523986131536->omNode-3(c-1,m0,n76, attendVote=true, lastRpcSendTime=0, lastRpcResponseTime=35682) yet, just keep nextIndex unchanged and retry.
2021-01-18 07:23:15,731 [grpc-default-executor-0] WARN  server.GrpcLogAppender (LogUtils.java:warn(122)) - omNode-1@group-523986131536->omNode-3-AppendLogResponseHandler: Failed appendEntries: org.apache.ratis.thirdparty.io.grpc.StatusRuntimeException: UNAVAILABLE: io exception
2021-01-18 07:23:15,731 [grpc-default-executor-0] WARN  server.GrpcLogAppender (GrpcLogAppender.java:resetClient(111)) - omNode-1@group-523986131536->omNode-3-GrpcLogAppender: Leader has not got in touch with Follower omNode-1@group-523986131536->omNode-3(c-1,m0,n77, attendVote=true, lastRpcSendTime=0, lastRpcResponseTime=35687) yet, just keep nextIndex unchanged and retry.
2021-01-18 07:23:15,838 [grpc-default-executor-0] WARN  server.GrpcLogAppender (LogUtils.java:warn(122)) - omNode-1@group-523986131536->omNode-3-AppendLogResponseHandler: Failed appendEntries: org.apache.ratis.thirdparty.io.grpc.StatusRuntimeException: UNAVAILABLE: io exception
2021-01-18 07:23:15,839 [grpc-default-executor-0] WARN  server.GrpcLogAppender (GrpcLogAppender.java:resetClient(111)) - omNode-1@group-523986131536->omNode-3-GrpcLogAppender: Leader has not got in touch with Follower omNode-1@group-523986131536->omNode-3(c-1,m0,n78, attendVote=true, lastRpcSendTime=0, lastRpcResponseTime=35795) yet, just keep nextIndex unchanged and retry.
2021-01-18 07:23:15,846 [grpc-default-executor-0] WARN  server.GrpcLogAppender (LogUtils.java:warn(122)) - omNode-1@group-523986131536->omNode-3-AppendLogResponseHandler: Failed appendEntries: org.apache.ratis.thirdparty.io.grpc.StatusRuntimeException: UNAVAILABLE: io exception
2021-01-18 07:23:15,847 [grpc-default-executor-0] WARN  server.GrpcLogAppender (GrpcLogAppender.java:resetClient(111)) - omNode-1@group-523986131536->omNode-3-GrpcLogAppender: Leader has not got in touch with Follower omNode-1@group-523986131536->omNode-3(c-1,m0,n79, attendVote=true, lastRpcSendTime=1, lastRpcResponseTime=35802) yet, just keep nextIndex unchanged and retry.
2021-01-18 07:23:15,861 [grpc-default-executor-2] WARN  server.GrpcLogAppender (LogUtils.java:warn(122)) - omNode-1@group-523986131536->omNode-3-AppendLogResponseHandler: Failed appendEntries: org.apache.ratis.thirdparty.io.grpc.StatusRuntimeException: UNAVAILABLE: io exception
2021-01-18 07:23:15,862 [grpc-default-executor-2] WARN  server.GrpcLogAppender (GrpcLogAppender.java:resetClient(111)) - omNode-1@group-523986131536->omNode-3-GrpcLogAppender: Leader has not got in touch with Follower omNode-1@group-523986131536->omNode-3(c-1,m0,n80, attendVote=true, lastRpcSendTime=16, lastRpcResponseTime=35817) yet, just keep nextIndex unchanged and retry.
2021-01-18 07:23:15,867 [grpc-default-executor-0] WARN  server.GrpcLogAppender (LogUtils.java:warn(122)) - omNode-1@group-523986131536->omNode-3-AppendLogResponseHandler: Failed appendEntries: org.apache.ratis.thirdparty.io.grpc.StatusRuntimeException: UNAVAILABLE: io exception
2021-01-18 07:23:15,868 [grpc-default-executor-0] WARN  server.GrpcLogAppender (GrpcLogAppender.java:resetClient(111)) - omNode-1@group-523986131536->omNode-3-GrpcLogAppender: Leader has not got in touch with Follower omNode-1@group-523986131536->omNode-3(c-1,m0,n81, attendVote=true, lastRpcSendTime=5, lastRpcResponseTime=35824) yet, just keep nextIndex unchanged and retry.
2021-01-18 07:23:15,974 [grpc-default-executor-2] WARN  server.GrpcLogAppender (LogUtils.java:warn(122)) - omNode-1@group-523986131536->omNode-3-AppendLogResponseHandler: Failed appendEntries: org.apache.ratis.thirdparty.io.grpc.StatusRuntimeException: UNAVAILABLE: io exception
2021-01-18 07:23:15,975 [grpc-default-executor-2] WARN  server.GrpcLogAppender (GrpcLogAppender.java:resetClient(111)) - omNode-1@group-523986131536->omNode-3-GrpcLogAppender: Leader has not got in touch with Follower omNode-1@group-523986131536->omNode-3(c-1,m0,n82, attendVote=true, lastRpcSendTime=0, lastRpcResponseTime=35930) yet, just keep nextIndex unchanged and retry.
2021-01-18 07:23:15,981 [grpc-default-executor-2] WARN  server.GrpcLogAppender (LogUtils.java:warn(122)) - omNode-1@group-523986131536->omNode-3-AppendLogResponseHandler: Failed appendEntries: org.apache.ratis.thirdparty.io.grpc.StatusRuntimeException: UNAVAILABLE: io exception
2021-01-18 07:23:15,982 [grpc-default-executor-2] WARN  server.GrpcLogAppender (GrpcLogAppender.java:resetClient(111)) - omNode-1@group-523986131536->omNode-3-GrpcLogAppender: Leader has not got in touch with Follower omNode-1@group-523986131536->omNode-3(c-1,m0,n83, attendVote=true, lastRpcSendTime=7, lastRpcResponseTime=35938) yet, just keep nextIndex unchanged and retry.
2021-01-18 07:23:16,010 [grpc-default-executor-2] WARN  server.GrpcLogAppender (LogUtils.java:warn(122)) - omNode-1@group-523986131536->omNode-3-AppendLogResponseHandler: Failed appendEntries: org.apache.ratis.thirdparty.io.grpc.StatusRuntimeException: UNAVAILABLE: io exception
2021-01-18 07:23:16,011 [grpc-default-executor-2] WARN  server.GrpcLogAppender (GrpcLogAppender.java:resetClient(111)) - omNode-1@group-523986131536->omNode-3-GrpcLogAppender: Leader has not got in touch with Follower omNode-1@group-523986131536->omNode-3(c-1,m0,n84, attendVote=true, lastRpcSendTime=29, lastRpcResponseTime=35967) yet, just keep nextIndex unchanged and retry.
2021-01-18 07:23:16,014 [grpc-default-executor-2] WARN  server.GrpcLogAppender (LogUtils.java:warn(122)) - omNode-1@group-523986131536->omNode-3-AppendLogResponseHandler: Failed appendEntries: org.apache.ratis.thirdparty.io.grpc.StatusRuntimeException: UNAVAILABLE: io exception
2021-01-18 07:23:16,015 [grpc-default-executor-2] WARN  server.GrpcLogAppender (GrpcLogAppender.java:resetClient(111)) - omNode-1@group-523986131536->omNode-3-GrpcLogAppender: Leader has not got in touch with Follower omNode-1@group-523986131536->omNode-3(c-1,m0,n85, attendVote=true, lastRpcSendTime=3, lastRpcResponseTime=35971) yet, just keep nextIndex unchanged and retry.
2021-01-18 07:23:16,119 [grpc-default-executor-2] WARN  server.GrpcLogAppender (LogUtils.java:warn(122)) - omNode-1@group-523986131536->omNode-3-AppendLogResponseHandler: Failed appendEntries: org.apache.ratis.thirdparty.io.grpc.StatusRuntimeException: UNAVAILABLE: io exception
2021-01-18 07:23:16,119 [grpc-default-executor-2] WARN  server.GrpcLogAppender (GrpcLogAppender.java:resetClient(111)) - omNode-1@group-523986131536->omNode-3-GrpcLogAppender: Leader has not got in touch with Follower omNode-1@group-523986131536->omNode-3(c-1,m0,n86, attendVote=true, lastRpcSendTime=104, lastRpcResponseTime=36075) yet, just keep nextIndex unchanged and retry.
2021-01-18 07:23:16,129 [grpc-default-executor-2] WARN  server.GrpcLogAppender (LogUtils.java:warn(122)) - omNode-1@group-523986131536->omNode-3-AppendLogResponseHandler: Failed appendEntries: org.apache.ratis.thirdparty.io.grpc.StatusRuntimeException: UNAVAILABLE: io exception
2021-01-18 07:23:16,129 [grpc-default-executor-2] WARN  server.GrpcLogAppender (GrpcLogAppender.java:resetClient(111)) - omNode-1@group-523986131536->omNode-3-GrpcLogAppender: Leader has not got in touch with Follower omNode-1@group-523986131536->omNode-3(c-1,m0,n87, attendVote=true, lastRpcSendTime=0, lastRpcResponseTime=36085) yet, just keep nextIndex unchanged and retry.
2021-01-18 07:23:16,149 [grpc-default-executor-2] WARN  server.GrpcLogAppender (LogUtils.java:warn(122)) - omNode-1@group-523986131536->omNode-3-AppendLogResponseHandler: Failed appendEntries: org.apache.ratis.thirdparty.io.grpc.StatusRuntimeException: UNAVAILABLE: io exception
2021-01-18 07:23:16,150 [grpc-default-executor-2] WARN  server.GrpcLogAppender (GrpcLogAppender.java:resetClient(111)) - omNode-1@group-523986131536->omNode-3-GrpcLogAppender: Leader has not got in touch with Follower omNode-1@group-523986131536->omNode-3(c-1,m0,n88, attendVote=true, lastRpcSendTime=0, lastRpcResponseTime=36106) yet, just keep nextIndex unchanged and retry.
2021-01-18 07:23:16,158 [grpc-default-executor-0] WARN  server.GrpcLogAppender (LogUtils.java:warn(122)) - omNode-1@group-523986131536->omNode-3-AppendLogResponseHandler: Failed appendEntries: org.apache.ratis.thirdparty.io.grpc.StatusRuntimeException: UNAVAILABLE: io exception
2021-01-18 07:23:16,158 [grpc-default-executor-0] WARN  server.GrpcLogAppender (GrpcLogAppender.java:resetClient(111)) - omNode-1@group-523986131536->omNode-3-GrpcLogAppender: Leader has not got in touch with Follower omNode-1@group-523986131536->omNode-3(c-1,m0,n89, attendVote=true, lastRpcSendTime=8, lastRpcResponseTime=36114) yet, just keep nextIndex unchanged and retry.
2021-01-18 07:23:16,265 [grpc-default-executor-0] WARN  server.GrpcLogAppender (LogUtils.java:warn(122)) - omNode-1@group-523986131536->omNode-3-AppendLogResponseHandler: Failed appendEntries: org.apache.ratis.thirdparty.io.grpc.StatusRuntimeException: UNAVAILABLE: io exception
2021-01-18 07:23:16,266 [grpc-default-executor-0] WARN  server.GrpcLogAppender (GrpcLogAppender.java:resetClient(111)) - omNode-1@group-523986131536->omNode-3-GrpcLogAppender: Leader has not got in touch with Follower omNode-1@group-523986131536->omNode-3(c-1,m0,n90, attendVote=true, lastRpcSendTime=107, lastRpcResponseTime=36222) yet, just keep nextIndex unchanged and retry.
2021-01-18 07:23:16,270 [grpc-default-executor-0] WARN  server.GrpcLogAppender (LogUtils.java:warn(122)) - omNode-1@group-523986131536->omNode-3-AppendLogResponseHandler: Failed appendEntries: org.apache.ratis.thirdparty.io.grpc.StatusRuntimeException: UNAVAILABLE: io exception
2021-01-18 07:23:16,270 [grpc-default-executor-0] WARN  server.GrpcLogAppender (GrpcLogAppender.java:resetClient(111)) - omNode-1@group-523986131536->omNode-3-GrpcLogAppender: Leader has not got in touch with Follower omNode-1@group-523986131536->omNode-3(c-1,m0,n91, attendVote=true, lastRpcSendTime=0, lastRpcResponseTime=36226) yet, just keep nextIndex unchanged and retry.
2021-01-18 07:23:16,283 [grpc-default-executor-0] WARN  server.GrpcLogAppender (LogUtils.java:warn(122)) - omNode-1@group-523986131536->omNode-3-AppendLogResponseHandler: Failed appendEntries: org.apache.ratis.thirdparty.io.grpc.StatusRuntimeException: UNAVAILABLE: io exception
2021-01-18 07:23:16,284 [grpc-default-executor-0] WARN  server.GrpcLogAppender (GrpcLogAppender.java:resetClient(111)) - omNode-1@group-523986131536->omNode-3-GrpcLogAppender: Leader has not got in touch with Follower omNode-1@group-523986131536->omNode-3(c-1,m0,n92, attendVote=true, lastRpcSendTime=0, lastRpcResponseTime=36240) yet, just keep nextIndex unchanged and retry.
2021-01-18 07:23:16,288 [grpc-default-executor-0] WARN  server.GrpcLogAppender (LogUtils.java:warn(122)) - omNode-1@group-523986131536->omNode-3-AppendLogResponseHandler: Failed appendEntries: org.apache.ratis.thirdparty.io.grpc.StatusRuntimeException: UNAVAILABLE: io exception
2021-01-18 07:23:16,288 [grpc-default-executor-0] WARN  server.GrpcLogAppender (GrpcLogAppender.java:resetClient(111)) - omNode-1@group-523986131536->omNode-3-GrpcLogAppender: Leader has not got in touch with Follower omNode-1@group-523986131536->omNode-3(c-1,m0,n93, attendVote=true, lastRpcSendTime=0, lastRpcResponseTime=36244) yet, just keep nextIndex unchanged and retry.
2021-01-18 07:23:16,397 [grpc-default-executor-0] WARN  server.GrpcLogAppender (LogUtils.java:warn(122)) - omNode-1@group-523986131536->omNode-3-AppendLogResponseHandler: Failed appendEntries: org.apache.ratis.thirdparty.io.grpc.StatusRuntimeException: UNAVAILABLE: io exception
2021-01-18 07:23:16,398 [grpc-default-executor-0] WARN  server.GrpcLogAppender (GrpcLogAppender.java:resetClient(111)) - omNode-1@group-523986131536->omNode-3-GrpcLogAppender: Leader has not got in touch with Follower omNode-1@group-523986131536->omNode-3(c-1,m0,n94, attendVote=true, lastRpcSendTime=109, lastRpcResponseTime=36354) yet, just keep nextIndex unchanged and retry.
2021-01-18 07:23:16,405 [grpc-default-executor-0] WARN  server.GrpcLogAppender (LogUtils.java:warn(122)) - omNode-1@group-523986131536->omNode-3-AppendLogResponseHandler: Failed appendEntries: org.apache.ratis.thirdparty.io.grpc.StatusRuntimeException: UNAVAILABLE: io exception
2021-01-18 07:23:16,405 [grpc-default-executor-0] WARN  server.GrpcLogAppender (GrpcLogAppender.java:resetClient(111)) - omNode-1@group-523986131536->omNode-3-GrpcLogAppender: Leader has not got in touch with Follower omNode-1@group-523986131536->omNode-3(c-1,m0,n95, attendVote=true, lastRpcSendTime=0, lastRpcResponseTime=36361) yet, just keep nextIndex unchanged and retry.
2021-01-18 07:23:16,418 [grpc-default-executor-2] WARN  server.GrpcLogAppender (LogUtils.java:warn(122)) - omNode-1@group-523986131536->omNode-3-AppendLogResponseHandler: Failed appendEntries: org.apache.ratis.thirdparty.io.grpc.StatusRuntimeException: UNAVAILABLE: io exception
2021-01-18 07:23:16,419 [grpc-default-executor-2] WARN  server.GrpcLogAppender (GrpcLogAppender.java:resetClient(111)) - omNode-1@group-523986131536->omNode-3-GrpcLogAppender: Leader has not got in touch with Follower omNode-1@group-523986131536->omNode-3(c-1,m0,n96, attendVote=true, lastRpcSendTime=14, lastRpcResponseTime=36375) yet, just keep nextIndex unchanged and retry.
2021-01-18 07:23:16,438 [grpc-default-executor-2] WARN  server.GrpcLogAppender (LogUtils.java:warn(122)) - omNode-1@group-523986131536->omNode-3-AppendLogResponseHandler: Failed appendEntries: org.apache.ratis.thirdparty.io.grpc.StatusRuntimeException: UNAVAILABLE: io exception
2021-01-18 07:23:16,438 [grpc-default-executor-2] WARN  server.GrpcLogAppender (GrpcLogAppender.java:resetClient(111)) - omNode-1@group-523986131536->omNode-3-GrpcLogAppender: Leader has not got in touch with Follower omNode-1@group-523986131536->omNode-3(c-1,m0,n97, attendVote=true, lastRpcSendTime=1, lastRpcResponseTime=36394) yet, just keep nextIndex unchanged and retry.
2021-01-18 07:23:16,545 [grpc-default-executor-0] WARN  server.GrpcLogAppender (LogUtils.java:warn(122)) - omNode-1@group-523986131536->omNode-3-AppendLogResponseHandler: Failed appendEntries: org.apache.ratis.thirdparty.io.grpc.StatusRuntimeException: UNAVAILABLE: io exception
2021-01-18 07:23:16,545 [grpc-default-executor-0] WARN  server.GrpcLogAppender (GrpcLogAppender.java:resetClient(111)) - omNode-1@group-523986131536->omNode-3-GrpcLogAppender: Leader has not got in touch with Follower omNode-1@group-523986131536->omNode-3(c-1,m0,n98, attendVote=true, lastRpcSendTime=108, lastRpcResponseTime=36501) yet, just keep nextIndex unchanged and retry.
2021-01-18 07:23:16,560 [grpc-default-executor-0] WARN  server.GrpcLogAppender (LogUtils.java:warn(122)) - omNode-1@group-523986131536->omNode-3-AppendLogResponseHandler: Failed appendEntries: org.apache.ratis.thirdparty.io.grpc.StatusRuntimeException: UNAVAILABLE: io exception
2021-01-18 07:23:16,561 [grpc-default-executor-0] WARN  server.GrpcLogAppender (GrpcLogAppender.java:resetClient(111)) - omNode-1@group-523986131536->omNode-3-GrpcLogAppender: Leader has not got in touch with Follower omNode-1@group-523986131536->omNode-3(c-1,m0,n99, attendVote=true, lastRpcSendTime=0, lastRpcResponseTime=36517) yet, just keep nextIndex unchanged and retry.
2021-01-18 07:23:16,575 [grpc-default-executor-0] WARN  server.GrpcLogAppender (LogUtils.java:warn(122)) - omNode-1@group-523986131536->omNode-3-AppendLogResponseHandler: Failed appendEntries: org.apache.ratis.thirdparty.io.grpc.StatusRuntimeException: UNAVAILABLE: io exception
2021-01-18 07:23:16,576 [grpc-default-executor-0] WARN  server.GrpcLogAppender (GrpcLogAppender.java:resetClient(111)) - omNode-1@group-523986131536->omNode-3-GrpcLogAppender: Leader has not got in touch with Follower omNode-1@group-523986131536->omNode-3(c-1,m0,n100, attendVote=true, lastRpcSendTime=0, lastRpcResponseTime=36532) yet, just keep nextIndex unchanged and retry.
2021-01-18 07:23:16,577 [omNode-2@group-523986131536-StateMachineUpdater] INFO  ratis.OzoneManagerStateMachine (OzoneManagerStateMachine.java:takeSnapshot(345)) - Current Snapshot Index (t:2, i:98)
2021-01-18 07:23:16,577 [omNode-2@group-523986131536-StateMachineUpdater] INFO  impl.StateMachineUpdater (StateMachineUpdater.java:takeSnapshot(279)) - omNode-2@group-523986131536-StateMachineUpdater: Took a snapshot at index 98
2021-01-18 07:23:16,577 [omNode-2@group-523986131536-StateMachineUpdater] INFO  impl.StateMachineUpdater (StateMachineUpdater.java:lambda$new$0(88)) - omNode-2@group-523986131536-StateMachineUpdater: snapshotIndex: updateIncreasingly 48 -> 98
2021-01-18 07:23:16,577 [omNode-2@group-523986131536-StateMachineUpdater] INFO  raftlog.RaftLog (RaftLogBase.java:purge(306)) - omNode-2@group-523986131536-SegmentedRaftLog: purge 98
2021-01-18 07:23:16,578 [omNode-2@group-523986131536-StateMachineUpdater] INFO  raftlog.RaftLog (RaftLogBase.java:lambda$new$0(53)) - omNode-2@group-523986131536-SegmentedRaftLog: snapshotIndex: updateIncreasingly -1 -> 98
2021-01-18 07:23:16,578 [omNode-2@group-523986131536-StateMachineUpdater] INFO  raftlog.RaftLog (RaftLogBase.java:lambda$new$0(53)) - omNode-2@group-523986131536-SegmentedRaftLog: purgeIndex: updateToMax old=-1, new=98, updated? true
2021-01-18 07:23:16,580 [grpc-default-executor-2] WARN  server.GrpcLogAppender (LogUtils.java:warn(122)) - omNode-1@group-523986131536->omNode-3-AppendLogResponseHandler: Failed appendEntries: org.apache.ratis.thirdparty.io.grpc.StatusRuntimeException: UNAVAILABLE: io exception
2021-01-18 07:23:16,580 [grpc-default-executor-2] WARN  server.GrpcLogAppender (GrpcLogAppender.java:resetClient(111)) - omNode-1@group-523986131536->omNode-3-GrpcLogAppender: Leader has not got in touch with Follower omNode-1@group-523986131536->omNode-3(c-1,m0,n101, attendVote=true, lastRpcSendTime=1, lastRpcResponseTime=36536) yet, just keep nextIndex unchanged and retry.
2021-01-18 07:23:16,581 [omNode-1@group-523986131536-StateMachineUpdater] INFO  ratis.OzoneManagerStateMachine (OzoneManagerStateMachine.java:takeSnapshot(345)) - Current Snapshot Index (t:2, i:99)
2021-01-18 07:23:16,581 [omNode-1@group-523986131536-StateMachineUpdater] INFO  impl.StateMachineUpdater (StateMachineUpdater.java:takeSnapshot(279)) - omNode-1@group-523986131536-StateMachineUpdater: Took a snapshot at index 99
2021-01-18 07:23:16,581 [omNode-1@group-523986131536-StateMachineUpdater] INFO  impl.StateMachineUpdater (StateMachineUpdater.java:lambda$new$0(88)) - omNode-1@group-523986131536-StateMachineUpdater: snapshotIndex: updateIncreasingly 49 -> 99
2021-01-18 07:23:16,581 [omNode-1@group-523986131536-StateMachineUpdater] INFO  raftlog.RaftLog (RaftLogBase.java:purge(306)) - omNode-1@group-523986131536-SegmentedRaftLog: purge 99
2021-01-18 07:23:16,581 [omNode-1@group-523986131536-StateMachineUpdater] INFO  raftlog.RaftLog (RaftLogBase.java:lambda$new$0(53)) - omNode-1@group-523986131536-SegmentedRaftLog: snapshotIndex: updateIncreasingly 49 -> 99
2021-01-18 07:23:16,581 [omNode-1@group-523986131536-StateMachineUpdater] INFO  raftlog.RaftLog (RaftLogBase.java:lambda$new$0(53)) - omNode-1@group-523986131536-SegmentedRaftLog: purgeIndex: updateToMax old=49, new=99, updated? true
2021-01-18 07:23:16,684 [grpc-default-executor-2] WARN  server.GrpcLogAppender (LogUtils.java:warn(122)) - omNode-1@group-523986131536->omNode-3-AppendLogResponseHandler: Failed appendEntries: org.apache.ratis.thirdparty.io.grpc.StatusRuntimeException: UNAVAILABLE: io exception
2021-01-18 07:23:16,685 [grpc-default-executor-2] WARN  server.GrpcLogAppender (GrpcLogAppender.java:resetClient(111)) - omNode-1@group-523986131536->omNode-3-GrpcLogAppender: Leader has not got in touch with Follower omNode-1@group-523986131536->omNode-3(c-1,m0,n102, attendVote=true, lastRpcSendTime=106, lastRpcResponseTime=36641) yet, just keep nextIndex unchanged and retry.
2021-01-18 07:23:16,690 [grpc-default-executor-2] WARN  server.GrpcLogAppender (LogUtils.java:warn(122)) - omNode-1@group-523986131536->omNode-3-AppendLogResponseHandler: Failed appendEntries: org.apache.ratis.thirdparty.io.grpc.StatusRuntimeException: UNAVAILABLE: io exception
2021-01-18 07:23:16,691 [grpc-default-executor-2] WARN  server.GrpcLogAppender (GrpcLogAppender.java:resetClient(111)) - omNode-1@group-523986131536->omNode-3-GrpcLogAppender: Leader has not got in touch with Follower omNode-1@group-523986131536->omNode-3(c-1,m0,n103, attendVote=true, lastRpcSendTime=5, lastRpcResponseTime=36646) yet, just keep nextIndex unchanged and retry.
2021-01-18 07:23:16,711 [grpc-default-executor-2] WARN  server.GrpcLogAppender (LogUtils.java:warn(122)) - omNode-1@group-523986131536->omNode-3-AppendLogResponseHandler: Failed appendEntries: org.apache.ratis.thirdparty.io.grpc.StatusRuntimeException: UNAVAILABLE: io exception
2021-01-18 07:23:16,712 [grpc-default-executor-2] WARN  server.GrpcLogAppender (GrpcLogAppender.java:resetClient(111)) - omNode-1@group-523986131536->omNode-3-GrpcLogAppender: Leader has not got in touch with Follower omNode-1@group-523986131536->omNode-3(c-1,m0,n104, attendVote=true, lastRpcSendTime=0, lastRpcResponseTime=36668) yet, just keep nextIndex unchanged and retry.
2021-01-18 07:23:16,715 [grpc-default-executor-2] WARN  server.GrpcLogAppender (LogUtils.java:warn(122)) - omNode-1@group-523986131536->omNode-3-AppendLogResponseHandler: Failed appendEntries: org.apache.ratis.thirdparty.io.grpc.StatusRuntimeException: UNAVAILABLE: io exception
2021-01-18 07:23:16,716 [grpc-default-executor-2] WARN  server.GrpcLogAppender (GrpcLogAppender.java:resetClient(111)) - omNode-1@group-523986131536->omNode-3-GrpcLogAppender: Leader has not got in touch with Follower omNode-1@group-523986131536->omNode-3(c-1,m0,n105, attendVote=true, lastRpcSendTime=0, lastRpcResponseTime=36671) yet, just keep nextIndex unchanged and retry.
2021-01-18 07:23:16,821 [grpc-default-executor-2] WARN  server.GrpcLogAppender (LogUtils.java:warn(122)) - omNode-1@group-523986131536->omNode-3-AppendLogResponseHandler: Failed appendEntries: org.apache.ratis.thirdparty.io.grpc.StatusRuntimeException: UNAVAILABLE: io exception
2021-01-18 07:23:16,822 [grpc-default-executor-2] WARN  server.GrpcLogAppender (GrpcLogAppender.java:resetClient(111)) - omNode-1@group-523986131536->omNode-3-GrpcLogAppender: Leader has not got in touch with Follower omNode-1@group-523986131536->omNode-3(c-1,m0,n106, attendVote=true, lastRpcSendTime=0, lastRpcResponseTime=36778) yet, just keep nextIndex unchanged and retry.
2021-01-18 07:23:16,824 [grpc-default-executor-2] WARN  server.GrpcLogAppender (LogUtils.java:warn(122)) - omNode-1@group-523986131536->omNode-3-AppendLogResponseHandler: Failed appendEntries: org.apache.ratis.thirdparty.io.grpc.StatusRuntimeException: UNAVAILABLE: io exception
2021-01-18 07:23:16,825 [grpc-default-executor-2] WARN  server.GrpcLogAppender (GrpcLogAppender.java:resetClient(111)) - omNode-1@group-523986131536->omNode-3-GrpcLogAppender: Leader has not got in touch with Follower omNode-1@group-523986131536->omNode-3(c-1,m0,n107, attendVote=true, lastRpcSendTime=0, lastRpcResponseTime=36781) yet, just keep nextIndex unchanged and retry.
2021-01-18 07:23:16,837 [grpc-default-executor-0] WARN  server.GrpcLogAppender (LogUtils.java:warn(122)) - omNode-1@group-523986131536->omNode-3-AppendLogResponseHandler: Failed appendEntries: org.apache.ratis.thirdparty.io.grpc.StatusRuntimeException: UNAVAILABLE: io exception
2021-01-18 07:23:16,838 [grpc-default-executor-0] WARN  server.GrpcLogAppender (GrpcLogAppender.java:resetClient(111)) - omNode-1@group-523986131536->omNode-3-GrpcLogAppender: Leader has not got in touch with Follower omNode-1@group-523986131536->omNode-3(c-1,m0,n108, attendVote=true, lastRpcSendTime=1, lastRpcResponseTime=36794) yet, just keep nextIndex unchanged and retry.
2021-01-18 07:23:16,866 [grpc-default-executor-0] WARN  server.GrpcLogAppender (LogUtils.java:warn(122)) - omNode-1@group-523986131536->omNode-3-AppendLogResponseHandler: Failed appendEntries: org.apache.ratis.thirdparty.io.grpc.StatusRuntimeException: UNAVAILABLE: io exception
2021-01-18 07:23:16,866 [grpc-default-executor-0] WARN  server.GrpcLogAppender (GrpcLogAppender.java:resetClient(111)) - omNode-1@group-523986131536->omNode-3-GrpcLogAppender: Leader has not got in touch with Follower omNode-1@group-523986131536->omNode-3(c-1,m0,n109, attendVote=true, lastRpcSendTime=29, lastRpcResponseTime=36822) yet, just keep nextIndex unchanged and retry.
2021-01-18 07:23:16,970 [grpc-default-executor-0] WARN  server.GrpcLogAppender (LogUtils.java:warn(122)) - omNode-1@group-523986131536->omNode-3-AppendLogResponseHandler: Failed appendEntries: org.apache.ratis.thirdparty.io.grpc.StatusRuntimeException: UNAVAILABLE: io exception
2021-01-18 07:23:16,970 [grpc-default-executor-0] WARN  server.GrpcLogAppender (GrpcLogAppender.java:resetClient(111)) - omNode-1@group-523986131536->omNode-3-GrpcLogAppender: Leader has not got in touch with Follower omNode-1@group-523986131536->omNode-3(c-1,m0,n110, attendVote=true, lastRpcSendTime=0, lastRpcResponseTime=36926) yet, just keep nextIndex unchanged and retry.
2021-01-18 07:23:16,976 [grpc-default-executor-2] WARN  server.GrpcLogAppender (LogUtils.java:warn(122)) - omNode-1@group-523986131536->omNode-3-AppendLogResponseHandler: Failed appendEntries: org.apache.ratis.thirdparty.io.grpc.StatusRuntimeException: UNAVAILABLE: io exception
2021-01-18 07:23:16,977 [grpc-default-executor-2] WARN  server.GrpcLogAppender (GrpcLogAppender.java:resetClient(111)) - omNode-1@group-523986131536->omNode-3-GrpcLogAppender: Leader has not got in touch with Follower omNode-1@group-523986131536->omNode-3(c-1,m0,n111, attendVote=true, lastRpcSendTime=1, lastRpcResponseTime=36933) yet, just keep nextIndex unchanged and retry.
2021-01-18 07:23:16,986 [grpc-default-executor-1] WARN  server.GrpcLogAppender (LogUtils.java:warn(122)) - omNode-1@group-523986131536->omNode-3-AppendLogResponseHandler: Failed appendEntries: org.apache.ratis.thirdparty.io.grpc.StatusRuntimeException: UNAVAILABLE: io exception
2021-01-18 07:23:16,987 [grpc-default-executor-1] WARN  server.GrpcLogAppender (GrpcLogAppender.java:resetClient(111)) - omNode-1@group-523986131536->omNode-3-GrpcLogAppender: Leader has not got in touch with Follower omNode-1@group-523986131536->omNode-3(c-1,m0,n112, attendVote=true, lastRpcSendTime=0, lastRpcResponseTime=36943) yet, just keep nextIndex unchanged and retry.
2021-01-18 07:23:16,991 [grpc-default-executor-1] WARN  server.GrpcLogAppender (LogUtils.java:warn(122)) - omNode-1@group-523986131536->omNode-3-AppendLogResponseHandler: Failed appendEntries: org.apache.ratis.thirdparty.io.grpc.StatusRuntimeException: UNAVAILABLE: io exception
2021-01-18 07:23:16,991 [grpc-default-executor-1] WARN  server.GrpcLogAppender (GrpcLogAppender.java:resetClient(111)) - omNode-1@group-523986131536->omNode-3-GrpcLogAppender: Leader has not got in touch with Follower omNode-1@group-523986131536->omNode-3(c-1,m0,n113, attendVote=true, lastRpcSendTime=1, lastRpcResponseTime=36947) yet, just keep nextIndex unchanged and retry.
2021-01-18 07:23:17,095 [grpc-default-executor-1] WARN  server.GrpcLogAppender (LogUtils.java:warn(122)) - omNode-1@group-523986131536->omNode-3-AppendLogResponseHandler: Failed appendEntries: org.apache.ratis.thirdparty.io.grpc.StatusRuntimeException: UNAVAILABLE: io exception
2021-01-18 07:23:17,096 [grpc-default-executor-1] WARN  server.GrpcLogAppender (GrpcLogAppender.java:resetClient(111)) - omNode-1@group-523986131536->omNode-3-GrpcLogAppender: Leader has not got in touch with Follower omNode-1@group-523986131536->omNode-3(c-1,m0,n114, attendVote=true, lastRpcSendTime=106, lastRpcResponseTime=37052) yet, just keep nextIndex unchanged and retry.
2021-01-18 07:23:17,107 [grpc-default-executor-0] WARN  server.GrpcLogAppender (LogUtils.java:warn(122)) - omNode-1@group-523986131536->omNode-3-AppendLogResponseHandler: Failed appendEntries: org.apache.ratis.thirdparty.io.grpc.StatusRuntimeException: UNAVAILABLE: io exception
2021-01-18 07:23:17,107 [grpc-default-executor-0] WARN  server.GrpcLogAppender (GrpcLogAppender.java:resetClient(111)) - omNode-1@group-523986131536->omNode-3-GrpcLogAppender: Leader has not got in touch with Follower omNode-1@group-523986131536->omNode-3(c-1,m0,n115, attendVote=true, lastRpcSendTime=0, lastRpcResponseTime=37063) yet, just keep nextIndex unchanged and retry.
2021-01-18 07:23:17,123 [grpc-default-executor-1] WARN  server.GrpcLogAppender (LogUtils.java:warn(122)) - omNode-1@group-523986131536->omNode-3-AppendLogResponseHandler: Failed appendEntries: org.apache.ratis.thirdparty.io.grpc.StatusRuntimeException: UNAVAILABLE: io exception
2021-01-18 07:23:17,124 [grpc-default-executor-1] WARN  server.GrpcLogAppender (GrpcLogAppender.java:resetClient(111)) - omNode-1@group-523986131536->omNode-3-GrpcLogAppender: Leader has not got in touch with Follower omNode-1@group-523986131536->omNode-3(c-1,m0,n116, attendVote=true, lastRpcSendTime=0, lastRpcResponseTime=37080) yet, just keep nextIndex unchanged and retry.
2021-01-18 07:23:17,130 [grpc-default-executor-2] WARN  server.GrpcLogAppender (LogUtils.java:warn(122)) - omNode-1@group-523986131536->omNode-3-AppendLogResponseHandler: Failed appendEntries: org.apache.ratis.thirdparty.io.grpc.StatusRuntimeException: UNAVAILABLE: io exception
2021-01-18 07:23:17,131 [grpc-default-executor-2] WARN  server.GrpcLogAppender (GrpcLogAppender.java:resetClient(111)) - omNode-1@group-523986131536->omNode-3-GrpcLogAppender: Leader has not got in touch with Follower omNode-1@group-523986131536->omNode-3(c-1,m0,n117, attendVote=true, lastRpcSendTime=1, lastRpcResponseTime=37087) yet, just keep nextIndex unchanged and retry.
2021-01-18 07:23:17,236 [grpc-default-executor-1] WARN  server.GrpcLogAppender (LogUtils.java:warn(122)) - omNode-1@group-523986131536->omNode-3-AppendLogResponseHandler: Failed appendEntries: org.apache.ratis.thirdparty.io.grpc.StatusRuntimeException: UNAVAILABLE: io exception
2021-01-18 07:23:17,236 [grpc-default-executor-1] WARN  server.GrpcLogAppender (GrpcLogAppender.java:resetClient(111)) - omNode-1@group-523986131536->omNode-3-GrpcLogAppender: Leader has not got in touch with Follower omNode-1@group-523986131536->omNode-3(c-1,m0,n118, attendVote=true, lastRpcSendTime=0, lastRpcResponseTime=37192) yet, just keep nextIndex unchanged and retry.
2021-01-18 07:23:17,239 [grpc-default-executor-1] WARN  server.GrpcLogAppender (LogUtils.java:warn(122)) - omNode-1@group-523986131536->omNode-3-AppendLogResponseHandler: Failed appendEntries: org.apache.ratis.thirdparty.io.grpc.StatusRuntimeException: UNAVAILABLE: io exception
2021-01-18 07:23:17,239 [grpc-default-executor-1] WARN  server.GrpcLogAppender (GrpcLogAppender.java:resetClient(111)) - omNode-1@group-523986131536->omNode-3-GrpcLogAppender: Leader has not got in touch with Follower omNode-1@group-523986131536->omNode-3(c-1,m0,n119, attendVote=true, lastRpcSendTime=0, lastRpcResponseTime=37195) yet, just keep nextIndex unchanged and retry.
2021-01-18 07:23:17,252 [grpc-default-executor-1] WARN  server.GrpcLogAppender (LogUtils.java:warn(122)) - omNode-1@group-523986131536->omNode-3-AppendLogResponseHandler: Failed appendEntries: org.apache.ratis.thirdparty.io.grpc.StatusRuntimeException: UNAVAILABLE: io exception
2021-01-18 07:23:17,253 [grpc-default-executor-1] WARN  server.GrpcLogAppender (GrpcLogAppender.java:resetClient(111)) - omNode-1@group-523986131536->omNode-3-GrpcLogAppender: Leader has not got in touch with Follower omNode-1@group-523986131536->omNode-3(c-1,m0,n120, attendVote=true, lastRpcSendTime=13, lastRpcResponseTime=37209) yet, just keep nextIndex unchanged and retry.
2021-01-18 07:23:17,260 [grpc-default-executor-2] WARN  server.GrpcLogAppender (LogUtils.java:warn(122)) - omNode-1@group-523986131536->omNode-3-AppendLogResponseHandler: Failed appendEntries: org.apache.ratis.thirdparty.io.grpc.StatusRuntimeException: UNAVAILABLE: io exception
2021-01-18 07:23:17,260 [grpc-default-executor-2] WARN  server.GrpcLogAppender (GrpcLogAppender.java:resetClient(111)) - omNode-1@group-523986131536->omNode-3-GrpcLogAppender: Leader has not got in touch with Follower omNode-1@group-523986131536->omNode-3(c-1,m0,n121, attendVote=true, lastRpcSendTime=6, lastRpcResponseTime=37216) yet, just keep nextIndex unchanged and retry.
2021-01-18 07:23:17,364 [grpc-default-executor-1] WARN  server.GrpcLogAppender (LogUtils.java:warn(122)) - omNode-1@group-523986131536->omNode-3-AppendLogResponseHandler: Failed appendEntries: org.apache.ratis.thirdparty.io.grpc.StatusRuntimeException: UNAVAILABLE: io exception
2021-01-18 07:23:17,365 [grpc-default-executor-1] WARN  server.GrpcLogAppender (GrpcLogAppender.java:resetClient(111)) - omNode-1@group-523986131536->omNode-3-GrpcLogAppender: Leader has not got in touch with Follower omNode-1@group-523986131536->omNode-3(c-1,m0,n122, attendVote=true, lastRpcSendTime=1, lastRpcResponseTime=37321) yet, just keep nextIndex unchanged and retry.
2021-01-18 07:23:17,373 [grpc-default-executor-1] WARN  server.GrpcLogAppender (LogUtils.java:warn(122)) - omNode-1@group-523986131536->omNode-3-AppendLogResponseHandler: Failed appendEntries: org.apache.ratis.thirdparty.io.grpc.StatusRuntimeException: UNAVAILABLE: io exception
2021-01-18 07:23:17,373 [grpc-default-executor-1] WARN  server.GrpcLogAppender (GrpcLogAppender.java:resetClient(111)) - omNode-1@group-523986131536->omNode-3-GrpcLogAppender: Leader has not got in touch with Follower omNode-1@group-523986131536->omNode-3(c-1,m0,n123, attendVote=true, lastRpcSendTime=9, lastRpcResponseTime=37329) yet, just keep nextIndex unchanged and retry.
2021-01-18 07:23:17,397 [grpc-default-executor-1] WARN  server.GrpcLogAppender (LogUtils.java:warn(122)) - omNode-1@group-523986131536->omNode-3-AppendLogResponseHandler: Failed appendEntries: org.apache.ratis.thirdparty.io.grpc.StatusRuntimeException: UNAVAILABLE: io exception
2021-01-18 07:23:17,397 [grpc-default-executor-1] WARN  server.GrpcLogAppender (GrpcLogAppender.java:resetClient(111)) - omNode-1@group-523986131536->omNode-3-GrpcLogAppender: Leader has not got in touch with Follower omNode-1@group-523986131536->omNode-3(c-1,m0,n124, attendVote=true, lastRpcSendTime=18, lastRpcResponseTime=37353) yet, just keep nextIndex unchanged and retry.
2021-01-18 07:23:17,413 [grpc-default-executor-2] WARN  server.GrpcLogAppender (LogUtils.java:warn(122)) - omNode-1@group-523986131536->omNode-3-AppendLogResponseHandler: Failed appendEntries: org.apache.ratis.thirdparty.io.grpc.StatusRuntimeException: UNAVAILABLE: io exception
2021-01-18 07:23:17,413 [grpc-default-executor-2] WARN  server.GrpcLogAppender (GrpcLogAppender.java:resetClient(111)) - omNode-1@group-523986131536->omNode-3-GrpcLogAppender: Leader has not got in touch with Follower omNode-1@group-523986131536->omNode-3(c-1,m0,n125, attendVote=true, lastRpcSendTime=16, lastRpcResponseTime=37369) yet, just keep nextIndex unchanged and retry.
2021-01-18 07:23:17,521 [grpc-default-executor-2] WARN  server.GrpcLogAppender (LogUtils.java:warn(122)) - omNode-1@group-523986131536->omNode-3-AppendLogResponseHandler: Failed appendEntries: org.apache.ratis.thirdparty.io.grpc.StatusRuntimeException: UNAVAILABLE: io exception
2021-01-18 07:23:17,522 [grpc-default-executor-2] WARN  server.GrpcLogAppender (GrpcLogAppender.java:resetClient(111)) - omNode-1@group-523986131536->omNode-3-GrpcLogAppender: Leader has not got in touch with Follower omNode-1@group-523986131536->omNode-3(c-1,m0,n126, attendVote=true, lastRpcSendTime=0, lastRpcResponseTime=37478) yet, just keep nextIndex unchanged and retry.
2021-01-18 07:23:17,532 [grpc-default-executor-1] WARN  server.GrpcLogAppender (LogUtils.java:warn(122)) - omNode-1@group-523986131536->omNode-3-AppendLogResponseHandler: Failed appendEntries: org.apache.ratis.thirdparty.io.grpc.StatusRuntimeException: UNAVAILABLE: io exception
2021-01-18 07:23:17,533 [grpc-default-executor-1] WARN  server.GrpcLogAppender (GrpcLogAppender.java:resetClient(111)) - omNode-1@group-523986131536->omNode-3-GrpcLogAppender: Leader has not got in touch with Follower omNode-1@group-523986131536->omNode-3(c-1,m0,n127, attendVote=true, lastRpcSendTime=0, lastRpcResponseTime=37489) yet, just keep nextIndex unchanged and retry.
2021-01-18 07:23:17,543 [grpc-default-executor-2] WARN  server.GrpcLogAppender (LogUtils.java:warn(122)) - omNode-1@group-523986131536->omNode-3-AppendLogResponseHandler: Failed appendEntries: org.apache.ratis.thirdparty.io.grpc.StatusRuntimeException: UNAVAILABLE: io exception
2021-01-18 07:23:17,544 [grpc-default-executor-2] WARN  server.GrpcLogAppender (GrpcLogAppender.java:resetClient(111)) - omNode-1@group-523986131536->omNode-3-GrpcLogAppender: Leader has not got in touch with Follower omNode-1@group-523986131536->omNode-3(c-1,m0,n128, attendVote=true, lastRpcSendTime=11, lastRpcResponseTime=37500) yet, just keep nextIndex unchanged and retry.
2021-01-18 07:23:17,562 [grpc-default-executor-2] WARN  server.GrpcLogAppender (LogUtils.java:warn(122)) - omNode-1@group-523986131536->omNode-3-AppendLogResponseHandler: Failed appendEntries: org.apache.ratis.thirdparty.io.grpc.StatusRuntimeException: UNAVAILABLE: io exception
2021-01-18 07:23:17,562 [grpc-default-executor-2] WARN  server.GrpcLogAppender (GrpcLogAppender.java:resetClient(111)) - omNode-1@group-523986131536->omNode-3-GrpcLogAppender: Leader has not got in touch with Follower omNode-1@group-523986131536->omNode-3(c-1,m0,n129, attendVote=true, lastRpcSendTime=0, lastRpcResponseTime=37518) yet, just keep nextIndex unchanged and retry.
2021-01-18 07:23:17,670 [grpc-default-executor-2] WARN  server.GrpcLogAppender (LogUtils.java:warn(122)) - omNode-1@group-523986131536->omNode-3-AppendLogResponseHandler: Failed appendEntries: org.apache.ratis.thirdparty.io.grpc.StatusRuntimeException: UNAVAILABLE: io exception
2021-01-18 07:23:17,671 [grpc-default-executor-2] WARN  server.GrpcLogAppender (GrpcLogAppender.java:resetClient(111)) - omNode-1@group-523986131536->omNode-3-GrpcLogAppender: Leader has not got in touch with Follower omNode-1@group-523986131536->omNode-3(c-1,m0,n130, attendVote=true, lastRpcSendTime=0, lastRpcResponseTime=37627) yet, just keep nextIndex unchanged and retry.
2021-01-18 07:23:17,685 [grpc-default-executor-2] WARN  server.GrpcLogAppender (LogUtils.java:warn(122)) - omNode-1@group-523986131536->omNode-3-AppendLogResponseHandler: Failed appendEntries: org.apache.ratis.thirdparty.io.grpc.StatusRuntimeException: UNAVAILABLE: io exception
2021-01-18 07:23:17,686 [grpc-default-executor-2] WARN  server.GrpcLogAppender (GrpcLogAppender.java:resetClient(111)) - omNode-1@group-523986131536->omNode-3-GrpcLogAppender: Leader has not got in touch with Follower omNode-1@group-523986131536->omNode-3(c-1,m0,n131, attendVote=true, lastRpcSendTime=1, lastRpcResponseTime=37642) yet, just keep nextIndex unchanged and retry.
2021-01-18 07:23:17,698 [grpc-default-executor-2] WARN  server.GrpcLogAppender (LogUtils.java:warn(122)) - omNode-1@group-523986131536->omNode-3-AppendLogResponseHandler: Failed appendEntries: org.apache.ratis.thirdparty.io.grpc.StatusRuntimeException: UNAVAILABLE: io exception
2021-01-18 07:23:17,698 [grpc-default-executor-2] WARN  server.GrpcLogAppender (GrpcLogAppender.java:resetClient(111)) - omNode-1@group-523986131536->omNode-3-GrpcLogAppender: Leader has not got in touch with Follower omNode-1@group-523986131536->omNode-3(c-1,m0,n132, attendVote=true, lastRpcSendTime=13, lastRpcResponseTime=37654) yet, just keep nextIndex unchanged and retry.
2021-01-18 07:23:17,705 [grpc-default-executor-2] WARN  server.GrpcLogAppender (LogUtils.java:warn(122)) - omNode-1@group-523986131536->omNode-3-AppendLogResponseHandler: Failed appendEntries: org.apache.ratis.thirdparty.io.grpc.StatusRuntimeException: UNAVAILABLE: io exception
2021-01-18 07:23:17,705 [grpc-default-executor-2] WARN  server.GrpcLogAppender (GrpcLogAppender.java:resetClient(111)) - omNode-1@group-523986131536->omNode-3-GrpcLogAppender: Leader has not got in touch with Follower omNode-1@group-523986131536->omNode-3(c-1,m0,n133, attendVote=true, lastRpcSendTime=0, lastRpcResponseTime=37661) yet, just keep nextIndex unchanged and retry.
2021-01-18 07:23:17,812 [grpc-default-executor-2] WARN  server.GrpcLogAppender (LogUtils.java:warn(122)) - omNode-1@group-523986131536->omNode-3-AppendLogResponseHandler: Failed appendEntries: org.apache.ratis.thirdparty.io.grpc.StatusRuntimeException: UNAVAILABLE: io exception
2021-01-18 07:23:17,812 [grpc-default-executor-2] WARN  server.GrpcLogAppender (GrpcLogAppender.java:resetClient(111)) - omNode-1@group-523986131536->omNode-3-GrpcLogAppender: Leader has not got in touch with Follower omNode-1@group-523986131536->omNode-3(c-1,m0,n134, attendVote=true, lastRpcSendTime=107, lastRpcResponseTime=37768) yet, just keep nextIndex unchanged and retry.
2021-01-18 07:23:17,816 [grpc-default-executor-0] WARN  server.GrpcLogAppender (LogUtils.java:warn(122)) - omNode-1@group-523986131536->omNode-3-AppendLogResponseHandler: Failed appendEntries: org.apache.ratis.thirdparty.io.grpc.StatusRuntimeException: UNAVAILABLE: io exception
2021-01-18 07:23:17,817 [grpc-default-executor-0] WARN  server.GrpcLogAppender (GrpcLogAppender.java:resetClient(111)) - omNode-1@group-523986131536->omNode-3-GrpcLogAppender: Leader has not got in touch with Follower omNode-1@group-523986131536->omNode-3(c-1,m0,n135, attendVote=true, lastRpcSendTime=1, lastRpcResponseTime=37773) yet, just keep nextIndex unchanged and retry.
2021-01-18 07:23:17,835 [grpc-default-executor-0] WARN  server.GrpcLogAppender (LogUtils.java:warn(122)) - omNode-1@group-523986131536->omNode-3-AppendLogResponseHandler: Failed appendEntries: org.apache.ratis.thirdparty.io.grpc.StatusRuntimeException: UNAVAILABLE: io exception
2021-01-18 07:23:17,836 [grpc-default-executor-0] WARN  server.GrpcLogAppender (GrpcLogAppender.java:resetClient(111)) - omNode-1@group-523986131536->omNode-3-GrpcLogAppender: Leader has not got in touch with Follower omNode-1@group-523986131536->omNode-3(c-1,m0,n136, attendVote=true, lastRpcSendTime=0, lastRpcResponseTime=37792) yet, just keep nextIndex unchanged and retry.
2021-01-18 07:23:17,838 [grpc-default-executor-0] WARN  server.GrpcLogAppender (LogUtils.java:warn(122)) - omNode-1@group-523986131536->omNode-3-AppendLogResponseHandler: Failed appendEntries: org.apache.ratis.thirdparty.io.grpc.StatusRuntimeException: UNAVAILABLE: io exception
2021-01-18 07:23:17,838 [grpc-default-executor-0] WARN  server.GrpcLogAppender (GrpcLogAppender.java:resetClient(111)) - omNode-1@group-523986131536->omNode-3-GrpcLogAppender: Leader has not got in touch with Follower omNode-1@group-523986131536->omNode-3(c-1,m0,n137, attendVote=true, lastRpcSendTime=1, lastRpcResponseTime=37794) yet, just keep nextIndex unchanged and retry.
2021-01-18 07:23:17,943 [grpc-default-executor-0] WARN  server.GrpcLogAppender (LogUtils.java:warn(122)) - omNode-1@group-523986131536->omNode-3-AppendLogResponseHandler: Failed appendEntries: org.apache.ratis.thirdparty.io.grpc.StatusRuntimeException: UNAVAILABLE: io exception
2021-01-18 07:23:17,944 [grpc-default-executor-0] WARN  server.GrpcLogAppender (GrpcLogAppender.java:resetClient(111)) - omNode-1@group-523986131536->omNode-3-GrpcLogAppender: Leader has not got in touch with Follower omNode-1@group-523986131536->omNode-3(c-1,m0,n138, attendVote=true, lastRpcSendTime=106, lastRpcResponseTime=37900) yet, just keep nextIndex unchanged and retry.
2021-01-18 07:23:17,950 [grpc-default-executor-0] WARN  server.GrpcLogAppender (LogUtils.java:warn(122)) - omNode-1@group-523986131536->omNode-3-AppendLogResponseHandler: Failed appendEntries: org.apache.ratis.thirdparty.io.grpc.StatusRuntimeException: UNAVAILABLE: io exception
2021-01-18 07:23:17,951 [grpc-default-executor-0] WARN  server.GrpcLogAppender (GrpcLogAppender.java:resetClient(111)) - omNode-1@group-523986131536->omNode-3-GrpcLogAppender: Leader has not got in touch with Follower omNode-1@group-523986131536->omNode-3(c-1,m0,n139, attendVote=true, lastRpcSendTime=0, lastRpcResponseTime=37907) yet, just keep nextIndex unchanged and retry.
2021-01-18 07:23:17,964 [grpc-default-executor-2] WARN  server.GrpcLogAppender (LogUtils.java:warn(122)) - omNode-1@group-523986131536->omNode-3-AppendLogResponseHandler: Failed appendEntries: org.apache.ratis.thirdparty.io.grpc.StatusRuntimeException: UNAVAILABLE: io exception
2021-01-18 07:23:17,965 [grpc-default-executor-2] WARN  server.GrpcLogAppender (GrpcLogAppender.java:resetClient(111)) - omNode-1@group-523986131536->omNode-3-GrpcLogAppender: Leader has not got in touch with Follower omNode-1@group-523986131536->omNode-3(c-1,m0,n140, attendVote=true, lastRpcSendTime=15, lastRpcResponseTime=37921) yet, just keep nextIndex unchanged and retry.
2021-01-18 07:23:17,973 [grpc-default-executor-2] WARN  server.GrpcLogAppender (LogUtils.java:warn(122)) - omNode-1@group-523986131536->omNode-3-AppendLogResponseHandler: Failed appendEntries: org.apache.ratis.thirdparty.io.grpc.StatusRuntimeException: UNAVAILABLE: io exception
2021-01-18 07:23:17,973 [grpc-default-executor-2] WARN  server.GrpcLogAppender (GrpcLogAppender.java:resetClient(111)) - omNode-1@group-523986131536->omNode-3-GrpcLogAppender: Leader has not got in touch with Follower omNode-1@group-523986131536->omNode-3(c-1,m0,n141, attendVote=true, lastRpcSendTime=7, lastRpcResponseTime=37929) yet, just keep nextIndex unchanged and retry.
2021-01-18 07:23:18,081 [grpc-default-executor-2] WARN  server.GrpcLogAppender (LogUtils.java:warn(122)) - omNode-1@group-523986131536->omNode-3-AppendLogResponseHandler: Failed appendEntries: org.apache.ratis.thirdparty.io.grpc.StatusRuntimeException: UNAVAILABLE: io exception
2021-01-18 07:23:18,082 [grpc-default-executor-2] WARN  server.GrpcLogAppender (GrpcLogAppender.java:resetClient(111)) - omNode-1@group-523986131536->omNode-3-GrpcLogAppender: Leader has not got in touch with Follower omNode-1@group-523986131536->omNode-3(c-1,m0,n142, attendVote=true, lastRpcSendTime=0, lastRpcResponseTime=38038) yet, just keep nextIndex unchanged and retry.
2021-01-18 07:23:18,086 [grpc-default-executor-2] WARN  server.GrpcLogAppender (LogUtils.java:warn(122)) - omNode-1@group-523986131536->omNode-3-AppendLogResponseHandler: Failed appendEntries: org.apache.ratis.thirdparty.io.grpc.StatusRuntimeException: UNAVAILABLE: io exception
2021-01-18 07:23:18,087 [grpc-default-executor-2] WARN  server.GrpcLogAppender (GrpcLogAppender.java:resetClient(111)) - omNode-1@group-523986131536->omNode-3-GrpcLogAppender: Leader has not got in touch with Follower omNode-1@group-523986131536->omNode-3(c-1,m0,n143, attendVote=true, lastRpcSendTime=1, lastRpcResponseTime=38042) yet, just keep nextIndex unchanged and retry.
2021-01-18 07:23:18,099 [grpc-default-executor-2] WARN  server.GrpcLogAppender (LogUtils.java:warn(122)) - omNode-1@group-523986131536->omNode-3-AppendLogResponseHandler: Failed appendEntries: org.apache.ratis.thirdparty.io.grpc.StatusRuntimeException: UNAVAILABLE: io exception
2021-01-18 07:23:18,100 [grpc-default-executor-2] WARN  server.GrpcLogAppender (GrpcLogAppender.java:resetClient(111)) - omNode-1@group-523986131536->omNode-3-GrpcLogAppender: Leader has not got in touch with Follower omNode-1@group-523986131536->omNode-3(c-1,m0,n144, attendVote=true, lastRpcSendTime=14, lastRpcResponseTime=38056) yet, just keep nextIndex unchanged and retry.
2021-01-18 07:23:18,109 [grpc-default-executor-0] WARN  server.GrpcLogAppender (LogUtils.java:warn(122)) - omNode-1@group-523986131536->omNode-3-AppendLogResponseHandler: Failed appendEntries: org.apache.ratis.thirdparty.io.grpc.StatusRuntimeException: UNAVAILABLE: io exception
2021-01-18 07:23:18,109 [grpc-default-executor-0] WARN  server.GrpcLogAppender (GrpcLogAppender.java:resetClient(111)) - omNode-1@group-523986131536->omNode-3-GrpcLogAppender: Leader has not got in touch with Follower omNode-1@group-523986131536->omNode-3(c-1,m0,n145, attendVote=true, lastRpcSendTime=9, lastRpcResponseTime=38065) yet, just keep nextIndex unchanged and retry.
2021-01-18 07:23:18,209 [grpc-default-executor-0] WARN  server.GrpcLogAppender (LogUtils.java:warn(122)) - omNode-1@group-523986131536->omNode-3-AppendLogResponseHandler: Failed appendEntries: org.apache.ratis.thirdparty.io.grpc.StatusRuntimeException: UNAVAILABLE: io exception
2021-01-18 07:23:18,210 [grpc-default-executor-0] WARN  server.GrpcLogAppender (GrpcLogAppender.java:resetClient(111)) - omNode-1@group-523986131536->omNode-3-GrpcLogAppender: Leader has not got in touch with Follower omNode-1@group-523986131536->omNode-3(c-1,m0,n146, attendVote=true, lastRpcSendTime=0, lastRpcResponseTime=38166) yet, just keep nextIndex unchanged and retry.
2021-01-18 07:23:18,216 [grpc-default-executor-0] WARN  server.GrpcLogAppender (LogUtils.java:warn(122)) - omNode-1@group-523986131536->omNode-3-AppendLogResponseHandler: Failed appendEntries: org.apache.ratis.thirdparty.io.grpc.StatusRuntimeException: UNAVAILABLE: io exception
2021-01-18 07:23:18,217 [grpc-default-executor-0] WARN  server.GrpcLogAppender (GrpcLogAppender.java:resetClient(111)) - omNode-1@group-523986131536->omNode-3-GrpcLogAppender: Leader has not got in touch with Follower omNode-1@group-523986131536->omNode-3(c-1,m0,n147, attendVote=true, lastRpcSendTime=1, lastRpcResponseTime=38173) yet, just keep nextIndex unchanged and retry.
2021-01-18 07:23:18,230 [grpc-default-executor-2] WARN  server.GrpcLogAppender (LogUtils.java:warn(122)) - omNode-1@group-523986131536->omNode-3-AppendLogResponseHandler: Failed appendEntries: org.apache.ratis.thirdparty.io.grpc.StatusRuntimeException: UNAVAILABLE: io exception
2021-01-18 07:23:18,230 [grpc-default-executor-2] WARN  server.GrpcLogAppender (GrpcLogAppender.java:resetClient(111)) - omNode-1@group-523986131536->omNode-3-GrpcLogAppender: Leader has not got in touch with Follower omNode-1@group-523986131536->omNode-3(c-1,m0,n148, attendVote=true, lastRpcSendTime=0, lastRpcResponseTime=38186) yet, just keep nextIndex unchanged and retry.
2021-01-18 07:23:18,236 [grpc-default-executor-2] WARN  server.GrpcLogAppender (LogUtils.java:warn(122)) - omNode-1@group-523986131536->omNode-3-AppendLogResponseHandler: Failed appendEntries: org.apache.ratis.thirdparty.io.grpc.StatusRuntimeException: UNAVAILABLE: io exception
2021-01-18 07:23:18,237 [grpc-default-executor-2] WARN  server.GrpcLogAppender (GrpcLogAppender.java:resetClient(111)) - omNode-1@group-523986131536->omNode-3-GrpcLogAppender: Leader has not got in touch with Follower omNode-1@group-523986131536->omNode-3(c-1,m0,n149, attendVote=true, lastRpcSendTime=0, lastRpcResponseTime=38193) yet, just keep nextIndex unchanged and retry.
2021-01-18 07:23:18,345 [grpc-default-executor-0] WARN  server.GrpcLogAppender (LogUtils.java:warn(122)) - omNode-1@group-523986131536->omNode-3-AppendLogResponseHandler: Failed appendEntries: org.apache.ratis.thirdparty.io.grpc.StatusRuntimeException: UNAVAILABLE: io exception
2021-01-18 07:23:18,346 [grpc-default-executor-0] WARN  server.GrpcLogAppender (GrpcLogAppender.java:resetClient(111)) - omNode-1@group-523986131536->omNode-3-GrpcLogAppender: Leader has not got in touch with Follower omNode-1@group-523986131536->omNode-3(c-1,m0,n150, attendVote=true, lastRpcSendTime=0, lastRpcResponseTime=38302) yet, just keep nextIndex unchanged and retry.
2021-01-18 07:23:18,351 [omNode-2@group-523986131536-StateMachineUpdater] INFO  ratis.OzoneManagerStateMachine (OzoneManagerStateMachine.java:takeSnapshot(345)) - Current Snapshot Index (t:2, i:148)
2021-01-18 07:23:18,351 [omNode-2@group-523986131536-StateMachineUpdater] INFO  impl.StateMachineUpdater (StateMachineUpdater.java:takeSnapshot(279)) - omNode-2@group-523986131536-StateMachineUpdater: Took a snapshot at index 148
2021-01-18 07:23:18,351 [omNode-2@group-523986131536-StateMachineUpdater] INFO  impl.StateMachineUpdater (StateMachineUpdater.java:lambda$new$0(88)) - omNode-2@group-523986131536-StateMachineUpdater: snapshotIndex: updateIncreasingly 98 -> 148
2021-01-18 07:23:18,351 [omNode-2@group-523986131536-StateMachineUpdater] INFO  raftlog.RaftLog (RaftLogBase.java:purge(306)) - omNode-2@group-523986131536-SegmentedRaftLog: purge 148
2021-01-18 07:23:18,351 [omNode-2@group-523986131536-StateMachineUpdater] INFO  raftlog.RaftLog (RaftLogBase.java:lambda$new$0(53)) - omNode-2@group-523986131536-SegmentedRaftLog: snapshotIndex: updateIncreasingly 98 -> 148
2021-01-18 07:23:18,351 [omNode-2@group-523986131536-StateMachineUpdater] INFO  raftlog.RaftLog (RaftLogBase.java:lambda$new$0(53)) - omNode-2@group-523986131536-SegmentedRaftLog: purgeIndex: updateToMax old=98, new=148, updated? true
2021-01-18 07:23:18,354 [grpc-default-executor-0] WARN  server.GrpcLogAppender (LogUtils.java:warn(122)) - omNode-1@group-523986131536->omNode-3-AppendLogResponseHandler: Failed appendEntries: org.apache.ratis.thirdparty.io.grpc.StatusRuntimeException: UNAVAILABLE: io exception
2021-01-18 07:23:18,355 [grpc-default-executor-0] WARN  server.GrpcLogAppender (GrpcLogAppender.java:resetClient(111)) - omNode-1@group-523986131536->omNode-3-GrpcLogAppender: Leader has not got in touch with Follower omNode-1@group-523986131536->omNode-3(c-1,m0,n151, attendVote=true, lastRpcSendTime=0, lastRpcResponseTime=38310) yet, just keep nextIndex unchanged and retry.
2021-01-18 07:23:18,355 [omNode-1@group-523986131536-StateMachineUpdater] INFO  ratis.OzoneManagerStateMachine (OzoneManagerStateMachine.java:takeSnapshot(345)) - Current Snapshot Index (t:2, i:149)
2021-01-18 07:23:18,355 [omNode-1@group-523986131536-StateMachineUpdater] INFO  impl.StateMachineUpdater (StateMachineUpdater.java:takeSnapshot(279)) - omNode-1@group-523986131536-StateMachineUpdater: Took a snapshot at index 149
2021-01-18 07:23:18,355 [omNode-1@group-523986131536-StateMachineUpdater] INFO  impl.StateMachineUpdater (StateMachineUpdater.java:lambda$new$0(88)) - omNode-1@group-523986131536-StateMachineUpdater: snapshotIndex: updateIncreasingly 99 -> 149
2021-01-18 07:23:18,355 [omNode-1@group-523986131536-StateMachineUpdater] INFO  raftlog.RaftLog (RaftLogBase.java:purge(306)) - omNode-1@group-523986131536-SegmentedRaftLog: purge 149
2021-01-18 07:23:18,355 [omNode-1@group-523986131536-StateMachineUpdater] INFO  raftlog.RaftLog (RaftLogBase.java:lambda$new$0(53)) - omNode-1@group-523986131536-SegmentedRaftLog: snapshotIndex: updateIncreasingly 99 -> 149
2021-01-18 07:23:18,355 [omNode-1@group-523986131536-StateMachineUpdater] INFO  raftlog.RaftLog (RaftLogBase.java:lambda$new$0(53)) - omNode-1@group-523986131536-SegmentedRaftLog: purgeIndex: updateToMax old=99, new=149, updated? true
2021-01-18 07:23:18,380 [grpc-default-executor-0] WARN  server.GrpcLogAppender (LogUtils.java:warn(122)) - omNode-1@group-523986131536->omNode-3-AppendLogResponseHandler: Failed appendEntries: org.apache.ratis.thirdparty.io.grpc.StatusRuntimeException: UNAVAILABLE: io exception
2021-01-18 07:23:18,380 [grpc-default-executor-0] WARN  server.GrpcLogAppender (GrpcLogAppender.java:resetClient(111)) - omNode-1@group-523986131536->omNode-3-GrpcLogAppender: Leader has not got in touch with Follower omNode-1@group-523986131536->omNode-3(c-1,m0,n152, attendVote=true, lastRpcSendTime=0, lastRpcResponseTime=38336) yet, just keep nextIndex unchanged and retry.
2021-01-18 07:23:18,385 [grpc-default-executor-0] WARN  server.GrpcLogAppender (LogUtils.java:warn(122)) - omNode-1@group-523986131536->omNode-3-AppendLogResponseHandler: Failed appendEntries: org.apache.ratis.thirdparty.io.grpc.StatusRuntimeException: UNAVAILABLE: io exception
2021-01-18 07:23:18,385 [grpc-default-executor-0] WARN  server.GrpcLogAppender (GrpcLogAppender.java:resetClient(111)) - omNode-1@group-523986131536->omNode-3-GrpcLogAppender: Leader has not got in touch with Follower omNode-1@group-523986131536->omNode-3(c-1,m0,n153, attendVote=true, lastRpcSendTime=1, lastRpcResponseTime=38341) yet, just keep nextIndex unchanged and retry.
2021-01-18 07:23:18,492 [grpc-default-executor-0] WARN  server.GrpcLogAppender (LogUtils.java:warn(122)) - omNode-1@group-523986131536->omNode-3-AppendLogResponseHandler: Failed appendEntries: org.apache.ratis.thirdparty.io.grpc.StatusRuntimeException: UNAVAILABLE: io exception
2021-01-18 07:23:18,493 [grpc-default-executor-0] WARN  server.GrpcLogAppender (GrpcLogAppender.java:resetClient(111)) - omNode-1@group-523986131536->omNode-3-GrpcLogAppender: Leader has not got in touch with Follower omNode-1@group-523986131536->omNode-3(c-1,m0,n154, attendVote=true, lastRpcSendTime=0, lastRpcResponseTime=38449) yet, just keep nextIndex unchanged and retry.
2021-01-18 07:23:18,497 [grpc-default-executor-2] WARN  server.GrpcLogAppender (LogUtils.java:warn(122)) - omNode-1@group-523986131536->omNode-3-AppendLogResponseHandler: Failed appendEntries: org.apache.ratis.thirdparty.io.grpc.StatusRuntimeException: UNAVAILABLE: io exception
2021-01-18 07:23:18,498 [grpc-default-executor-2] WARN  server.GrpcLogAppender (GrpcLogAppender.java:resetClient(111)) - omNode-1@group-523986131536->omNode-3-GrpcLogAppender: Leader has not got in touch with Follower omNode-1@group-523986131536->omNode-3(c-1,m0,n155, attendVote=true, lastRpcSendTime=0, lastRpcResponseTime=38454) yet, just keep nextIndex unchanged and retry.
2021-01-18 07:23:18,512 [grpc-default-executor-2] WARN  server.GrpcLogAppender (LogUtils.java:warn(122)) - omNode-1@group-523986131536->omNode-3-AppendLogResponseHandler: Failed appendEntries: org.apache.ratis.thirdparty.io.grpc.StatusRuntimeException: UNAVAILABLE: io exception
2021-01-18 07:23:18,513 [grpc-default-executor-2] WARN  server.GrpcLogAppender (GrpcLogAppender.java:resetClient(111)) - omNode-1@group-523986131536->omNode-3-GrpcLogAppender: Leader has not got in touch with Follower omNode-1@group-523986131536->omNode-3(c-1,m0,n156, attendVote=true, lastRpcSendTime=15, lastRpcResponseTime=38469) yet, just keep nextIndex unchanged and retry.
2021-01-18 07:23:18,516 [grpc-default-executor-2] WARN  server.GrpcLogAppender (LogUtils.java:warn(122)) - omNode-1@group-523986131536->omNode-3-AppendLogResponseHandler: Failed appendEntries: org.apache.ratis.thirdparty.io.grpc.StatusRuntimeException: UNAVAILABLE: io exception
2021-01-18 07:23:18,517 [grpc-default-executor-2] WARN  server.GrpcLogAppender (GrpcLogAppender.java:resetClient(111)) - omNode-1@group-523986131536->omNode-3-GrpcLogAppender: Leader has not got in touch with Follower omNode-1@group-523986131536->omNode-3(c-1,m0,n157, attendVote=true, lastRpcSendTime=3, lastRpcResponseTime=38473) yet, just keep nextIndex unchanged and retry.
2021-01-18 07:23:18,622 [grpc-default-executor-2] WARN  server.GrpcLogAppender (LogUtils.java:warn(122)) - omNode-1@group-523986131536->omNode-3-AppendLogResponseHandler: Failed appendEntries: org.apache.ratis.thirdparty.io.grpc.StatusRuntimeException: UNAVAILABLE: io exception
2021-01-18 07:23:18,623 [grpc-default-executor-2] WARN  server.GrpcLogAppender (GrpcLogAppender.java:resetClient(111)) - omNode-1@group-523986131536->omNode-3-GrpcLogAppender: Leader has not got in touch with Follower omNode-1@group-523986131536->omNode-3(c-1,m0,n158, attendVote=true, lastRpcSendTime=106, lastRpcResponseTime=38579) yet, just keep nextIndex unchanged and retry.
2021-01-18 07:23:18,634 [grpc-default-executor-2] WARN  server.GrpcLogAppender (LogUtils.java:warn(122)) - omNode-1@group-523986131536->omNode-3-AppendLogResponseHandler: Failed appendEntries: org.apache.ratis.thirdparty.io.grpc.StatusRuntimeException: UNAVAILABLE: io exception
2021-01-18 07:23:18,634 [grpc-default-executor-2] WARN  server.GrpcLogAppender (GrpcLogAppender.java:resetClient(111)) - omNode-1@group-523986131536->omNode-3-GrpcLogAppender: Leader has not got in touch with Follower omNode-1@group-523986131536->omNode-3(c-1,m0,n159, attendVote=true, lastRpcSendTime=11, lastRpcResponseTime=38590) yet, just keep nextIndex unchanged and retry.
2021-01-18 07:23:18,652 [grpc-default-executor-0] WARN  server.GrpcLogAppender (LogUtils.java:warn(122)) - omNode-1@group-523986131536->omNode-3-AppendLogResponseHandler: Failed appendEntries: org.apache.ratis.thirdparty.io.grpc.StatusRuntimeException: UNAVAILABLE: io exception
2021-01-18 07:23:18,653 [grpc-default-executor-0] WARN  server.GrpcLogAppender (GrpcLogAppender.java:resetClient(111)) - omNode-1@group-523986131536->omNode-3-GrpcLogAppender: Leader has not got in touch with Follower omNode-1@group-523986131536->omNode-3(c-1,m0,n160, attendVote=true, lastRpcSendTime=0, lastRpcResponseTime=38609) yet, just keep nextIndex unchanged and retry.
2021-01-18 07:23:18,655 [grpc-default-executor-0] WARN  server.GrpcLogAppender (LogUtils.java:warn(122)) - omNode-1@group-523986131536->omNode-3-AppendLogResponseHandler: Failed appendEntries: org.apache.ratis.thirdparty.io.grpc.StatusRuntimeException: UNAVAILABLE: io exception
2021-01-18 07:23:18,656 [grpc-default-executor-0] WARN  server.GrpcLogAppender (GrpcLogAppender.java:resetClient(111)) - omNode-1@group-523986131536->omNode-3-GrpcLogAppender: Leader has not got in touch with Follower omNode-1@group-523986131536->omNode-3(c-1,m0,n161, attendVote=true, lastRpcSendTime=3, lastRpcResponseTime=38612) yet, just keep nextIndex unchanged and retry.
2021-01-18 07:23:18,760 [grpc-default-executor-0] WARN  server.GrpcLogAppender (LogUtils.java:warn(122)) - omNode-1@group-523986131536->omNode-3-AppendLogResponseHandler: Failed appendEntries: org.apache.ratis.thirdparty.io.grpc.StatusRuntimeException: UNAVAILABLE: io exception
2021-01-18 07:23:18,761 [grpc-default-executor-0] WARN  server.GrpcLogAppender (GrpcLogAppender.java:resetClient(111)) - omNode-1@group-523986131536->omNode-3-GrpcLogAppender: Leader has not got in touch with Follower omNode-1@group-523986131536->omNode-3(c-1,m0,n162, attendVote=true, lastRpcSendTime=0, lastRpcResponseTime=38717) yet, just keep nextIndex unchanged and retry.
2021-01-18 07:23:18,771 [grpc-default-executor-0] WARN  server.GrpcLogAppender (LogUtils.java:warn(122)) - omNode-1@group-523986131536->omNode-3-AppendLogResponseHandler: Failed appendEntries: org.apache.ratis.thirdparty.io.grpc.StatusRuntimeException: UNAVAILABLE: io exception
2021-01-18 07:23:18,772 [grpc-default-executor-0] WARN  server.GrpcLogAppender (GrpcLogAppender.java:resetClient(111)) - omNode-1@group-523986131536->omNode-3-GrpcLogAppender: Leader has not got in touch with Follower omNode-1@group-523986131536->omNode-3(c-1,m0,n163, attendVote=true, lastRpcSendTime=11, lastRpcResponseTime=38728) yet, just keep nextIndex unchanged and retry.
2021-01-18 07:23:18,789 [grpc-default-executor-0] WARN  server.GrpcLogAppender (LogUtils.java:warn(122)) - omNode-1@group-523986131536->omNode-3-AppendLogResponseHandler: Failed appendEntries: org.apache.ratis.thirdparty.io.grpc.StatusRuntimeException: UNAVAILABLE: io exception
2021-01-18 07:23:18,791 [grpc-default-executor-0] WARN  server.GrpcLogAppender (GrpcLogAppender.java:resetClient(111)) - omNode-1@group-523986131536->omNode-3-GrpcLogAppender: Leader has not got in touch with Follower omNode-1@group-523986131536->omNode-3(c-1,m0,n164, attendVote=true, lastRpcSendTime=1, lastRpcResponseTime=38747) yet, just keep nextIndex unchanged and retry.
2021-01-18 07:23:18,794 [grpc-default-executor-0] WARN  server.GrpcLogAppender (LogUtils.java:warn(122)) - omNode-1@group-523986131536->omNode-3-AppendLogResponseHandler: Failed appendEntries: org.apache.ratis.thirdparty.io.grpc.StatusRuntimeException: UNAVAILABLE: io exception
2021-01-18 07:23:18,794 [grpc-default-executor-0] WARN  server.GrpcLogAppender (GrpcLogAppender.java:resetClient(111)) - omNode-1@group-523986131536->omNode-3-GrpcLogAppender: Leader has not got in touch with Follower omNode-1@group-523986131536->omNode-3(c-1,m0,n165, attendVote=true, lastRpcSendTime=1, lastRpcResponseTime=38750) yet, just keep nextIndex unchanged and retry.
2021-01-18 07:23:18,898 [grpc-default-executor-0] WARN  server.GrpcLogAppender (LogUtils.java:warn(122)) - omNode-1@group-523986131536->omNode-3-AppendLogResponseHandler: Failed appendEntries: org.apache.ratis.thirdparty.io.grpc.StatusRuntimeException: UNAVAILABLE: io exception
2021-01-18 07:23:18,898 [grpc-default-executor-0] WARN  server.GrpcLogAppender (GrpcLogAppender.java:resetClient(111)) - omNode-1@group-523986131536->omNode-3-GrpcLogAppender: Leader has not got in touch with Follower omNode-1@group-523986131536->omNode-3(c-1,m0,n166, attendVote=true, lastRpcSendTime=105, lastRpcResponseTime=38854) yet, just keep nextIndex unchanged and retry.
2021-01-18 07:23:18,901 [grpc-default-executor-0] WARN  server.GrpcLogAppender (LogUtils.java:warn(122)) - omNode-1@group-523986131536->omNode-3-AppendLogResponseHandler: Failed appendEntries: org.apache.ratis.thirdparty.io.grpc.StatusRuntimeException: UNAVAILABLE: io exception
2021-01-18 07:23:18,902 [grpc-default-executor-0] WARN  server.GrpcLogAppender (GrpcLogAppender.java:resetClient(111)) - omNode-1@group-523986131536->omNode-3-GrpcLogAppender: Leader has not got in touch with Follower omNode-1@group-523986131536->omNode-3(c-1,m0,n167, attendVote=true, lastRpcSendTime=1, lastRpcResponseTime=38858) yet, just keep nextIndex unchanged and retry.
2021-01-18 07:23:18,919 [grpc-default-executor-1] WARN  server.GrpcLogAppender (LogUtils.java:warn(122)) - omNode-1@group-523986131536->omNode-3-AppendLogResponseHandler: Failed appendEntries: org.apache.ratis.thirdparty.io.grpc.StatusRuntimeException: UNAVAILABLE: io exception
2021-01-18 07:23:18,919 [grpc-default-executor-1] WARN  server.GrpcLogAppender (GrpcLogAppender.java:resetClient(111)) - omNode-1@group-523986131536->omNode-3-GrpcLogAppender: Leader has not got in touch with Follower omNode-1@group-523986131536->omNode-3(c-1,m0,n168, attendVote=true, lastRpcSendTime=0, lastRpcResponseTime=38875) yet, just keep nextIndex unchanged and retry.
2021-01-18 07:23:18,937 [grpc-default-executor-1] WARN  server.GrpcLogAppender (LogUtils.java:warn(122)) - omNode-1@group-523986131536->omNode-3-AppendLogResponseHandler: Failed appendEntries: org.apache.ratis.thirdparty.io.grpc.StatusRuntimeException: UNAVAILABLE: io exception
2021-01-18 07:23:18,937 [grpc-default-executor-1] WARN  server.GrpcLogAppender (GrpcLogAppender.java:resetClient(111)) - omNode-1@group-523986131536->omNode-3-GrpcLogAppender: Leader has not got in touch with Follower omNode-1@group-523986131536->omNode-3(c-1,m0,n169, attendVote=true, lastRpcSendTime=18, lastRpcResponseTime=38893) yet, just keep nextIndex unchanged and retry.
2021-01-18 07:23:19,046 [grpc-default-executor-1] WARN  server.GrpcLogAppender (LogUtils.java:warn(122)) - omNode-1@group-523986131536->omNode-3-AppendLogResponseHandler: Failed appendEntries: org.apache.ratis.thirdparty.io.grpc.StatusRuntimeException: UNAVAILABLE: io exception
2021-01-18 07:23:19,047 [grpc-default-executor-1] WARN  server.GrpcLogAppender (GrpcLogAppender.java:resetClient(111)) - omNode-1@group-523986131536->omNode-3-GrpcLogAppender: Leader has not got in touch with Follower omNode-1@group-523986131536->omNode-3(c-1,m0,n170, attendVote=true, lastRpcSendTime=0, lastRpcResponseTime=39002) yet, just keep nextIndex unchanged and retry.
2021-01-18 07:23:19,065 [grpc-default-executor-1] WARN  server.GrpcLogAppender (LogUtils.java:warn(122)) - omNode-1@group-523986131536->omNode-3-AppendLogResponseHandler: Failed appendEntries: org.apache.ratis.thirdparty.io.grpc.StatusRuntimeException: UNAVAILABLE: io exception
2021-01-18 07:23:19,065 [grpc-default-executor-1] WARN  server.GrpcLogAppender (GrpcLogAppender.java:resetClient(111)) - omNode-1@group-523986131536->omNode-3-GrpcLogAppender: Leader has not got in touch with Follower omNode-1@group-523986131536->omNode-3(c-1,m0,n171, attendVote=true, lastRpcSendTime=0, lastRpcResponseTime=39021) yet, just keep nextIndex unchanged and retry.
2021-01-18 07:23:19,080 [grpc-default-executor-0] WARN  server.GrpcLogAppender (LogUtils.java:warn(122)) - omNode-1@group-523986131536->omNode-3-AppendLogResponseHandler: Failed appendEntries: org.apache.ratis.thirdparty.io.grpc.StatusRuntimeException: UNAVAILABLE: io exception
2021-01-18 07:23:19,081 [grpc-default-executor-0] WARN  server.GrpcLogAppender (GrpcLogAppender.java:resetClient(111)) - omNode-1@group-523986131536->omNode-3-GrpcLogAppender: Leader has not got in touch with Follower omNode-1@group-523986131536->omNode-3(c-1,m0,n172, attendVote=true, lastRpcSendTime=16, lastRpcResponseTime=39037) yet, just keep nextIndex unchanged and retry.
2021-01-18 07:23:19,084 [grpc-default-executor-0] WARN  server.GrpcLogAppender (LogUtils.java:warn(122)) - omNode-1@group-523986131536->omNode-3-AppendLogResponseHandler: Failed appendEntries: org.apache.ratis.thirdparty.io.grpc.StatusRuntimeException: UNAVAILABLE: io exception
2021-01-18 07:23:19,085 [grpc-default-executor-0] WARN  server.GrpcLogAppender (GrpcLogAppender.java:resetClient(111)) - omNode-1@group-523986131536->omNode-3-GrpcLogAppender: Leader has not got in touch with Follower omNode-1@group-523986131536->omNode-3(c-1,m0,n173, attendVote=true, lastRpcSendTime=3, lastRpcResponseTime=39041) yet, just keep nextIndex unchanged and retry.
2021-01-18 07:23:19,189 [grpc-default-executor-0] WARN  server.GrpcLogAppender (LogUtils.java:warn(122)) - omNode-1@group-523986131536->omNode-3-AppendLogResponseHandler: Failed appendEntries: org.apache.ratis.thirdparty.io.grpc.StatusRuntimeException: UNAVAILABLE: io exception
2021-01-18 07:23:19,190 [grpc-default-executor-0] WARN  server.GrpcLogAppender (GrpcLogAppender.java:resetClient(111)) - omNode-1@group-523986131536->omNode-3-GrpcLogAppender: Leader has not got in touch with Follower omNode-1@group-523986131536->omNode-3(c-1,m0,n174, attendVote=true, lastRpcSendTime=0, lastRpcResponseTime=39146) yet, just keep nextIndex unchanged and retry.
2021-01-18 07:23:19,193 [grpc-default-executor-1] WARN  server.GrpcLogAppender (LogUtils.java:warn(122)) - omNode-1@group-523986131536->omNode-3-AppendLogResponseHandler: Failed appendEntries: org.apache.ratis.thirdparty.io.grpc.StatusRuntimeException: UNAVAILABLE: io exception
2021-01-18 07:23:19,194 [grpc-default-executor-1] WARN  server.GrpcLogAppender (GrpcLogAppender.java:resetClient(111)) - omNode-1@group-523986131536->omNode-3-GrpcLogAppender: Leader has not got in touch with Follower omNode-1@group-523986131536->omNode-3(c-1,m0,n175, attendVote=true, lastRpcSendTime=1, lastRpcResponseTime=39150) yet, just keep nextIndex unchanged and retry.
2021-01-18 07:23:19,213 [grpc-default-executor-1] WARN  server.GrpcLogAppender (LogUtils.java:warn(122)) - omNode-1@group-523986131536->omNode-3-AppendLogResponseHandler: Failed appendEntries: org.apache.ratis.thirdparty.io.grpc.StatusRuntimeException: UNAVAILABLE: io exception
2021-01-18 07:23:19,213 [grpc-default-executor-1] WARN  server.GrpcLogAppender (GrpcLogAppender.java:resetClient(111)) - omNode-1@group-523986131536->omNode-3-GrpcLogAppender: Leader has not got in touch with Follower omNode-1@group-523986131536->omNode-3(c-1,m0,n176, attendVote=true, lastRpcSendTime=20, lastRpcResponseTime=39169) yet, just keep nextIndex unchanged and retry.
2021-01-18 07:23:19,221 [grpc-default-executor-1] WARN  server.GrpcLogAppender (LogUtils.java:warn(122)) - omNode-1@group-523986131536->omNode-3-AppendLogResponseHandler: Failed appendEntries: org.apache.ratis.thirdparty.io.grpc.StatusRuntimeException: UNAVAILABLE: io exception
2021-01-18 07:23:19,221 [grpc-default-executor-1] WARN  server.GrpcLogAppender (GrpcLogAppender.java:resetClient(111)) - omNode-1@group-523986131536->omNode-3-GrpcLogAppender: Leader has not got in touch with Follower omNode-1@group-523986131536->omNode-3(c-1,m0,n177, attendVote=true, lastRpcSendTime=7, lastRpcResponseTime=39177) yet, just keep nextIndex unchanged and retry.
2021-01-18 07:23:19,333 [grpc-default-executor-1] WARN  server.GrpcLogAppender (LogUtils.java:warn(122)) - omNode-1@group-523986131536->omNode-3-AppendLogResponseHandler: Failed appendEntries: org.apache.ratis.thirdparty.io.grpc.StatusRuntimeException: UNAVAILABLE: io exception
2021-01-18 07:23:19,334 [grpc-default-executor-1] WARN  server.GrpcLogAppender (GrpcLogAppender.java:resetClient(111)) - omNode-1@group-523986131536->omNode-3-GrpcLogAppender: Leader has not got in touch with Follower omNode-1@group-523986131536->omNode-3(c-1,m0,n178, attendVote=true, lastRpcSendTime=3, lastRpcResponseTime=39289) yet, just keep nextIndex unchanged and retry.
2021-01-18 07:23:19,347 [grpc-default-executor-1] WARN  server.GrpcLogAppender (LogUtils.java:warn(122)) - omNode-1@group-523986131536->omNode-3-AppendLogResponseHandler: Failed appendEntries: org.apache.ratis.thirdparty.io.grpc.StatusRuntimeException: UNAVAILABLE: io exception
2021-01-18 07:23:19,347 [grpc-default-executor-1] WARN  server.GrpcLogAppender (GrpcLogAppender.java:resetClient(111)) - omNode-1@group-523986131536->omNode-3-GrpcLogAppender: Leader has not got in touch with Follower omNode-1@group-523986131536->omNode-3(c-1,m0,n179, attendVote=true, lastRpcSendTime=4, lastRpcResponseTime=39303) yet, just keep nextIndex unchanged and retry.
2021-01-18 07:23:19,359 [grpc-default-executor-1] WARN  server.GrpcLogAppender (LogUtils.java:warn(122)) - omNode-1@group-523986131536->omNode-3-AppendLogResponseHandler: Failed appendEntries: org.apache.ratis.thirdparty.io.grpc.StatusRuntimeException: UNAVAILABLE: io exception
2021-01-18 07:23:19,360 [grpc-default-executor-1] WARN  server.GrpcLogAppender (GrpcLogAppender.java:resetClient(111)) - omNode-1@group-523986131536->omNode-3-GrpcLogAppender: Leader has not got in touch with Follower omNode-1@group-523986131536->omNode-3(c-1,m0,n180, attendVote=true, lastRpcSendTime=1, lastRpcResponseTime=39316) yet, just keep nextIndex unchanged and retry.
2021-01-18 07:23:19,362 [grpc-default-executor-1] WARN  server.GrpcLogAppender (LogUtils.java:warn(122)) - omNode-1@group-523986131536->omNode-3-AppendLogResponseHandler: Failed appendEntries: org.apache.ratis.thirdparty.io.grpc.StatusRuntimeException: UNAVAILABLE: io exception
2021-01-18 07:23:19,362 [grpc-default-executor-1] WARN  server.GrpcLogAppender (GrpcLogAppender.java:resetClient(111)) - omNode-1@group-523986131536->omNode-3-GrpcLogAppender: Leader has not got in touch with Follower omNode-1@group-523986131536->omNode-3(c-1,m0,n181, attendVote=true, lastRpcSendTime=1, lastRpcResponseTime=39318) yet, just keep nextIndex unchanged and retry.
2021-01-18 07:23:19,467 [grpc-default-executor-1] WARN  server.GrpcLogAppender (LogUtils.java:warn(122)) - omNode-1@group-523986131536->omNode-3-AppendLogResponseHandler: Failed appendEntries: org.apache.ratis.thirdparty.io.grpc.StatusRuntimeException: UNAVAILABLE: io exception
2021-01-18 07:23:19,468 [grpc-default-executor-1] WARN  server.GrpcLogAppender (GrpcLogAppender.java:resetClient(111)) - omNode-1@group-523986131536->omNode-3-GrpcLogAppender: Leader has not got in touch with Follower omNode-1@group-523986131536->omNode-3(c-1,m0,n182, attendVote=true, lastRpcSendTime=0, lastRpcResponseTime=39424) yet, just keep nextIndex unchanged and retry.
2021-01-18 07:23:19,477 [grpc-default-executor-1] WARN  server.GrpcLogAppender (LogUtils.java:warn(122)) - omNode-1@group-523986131536->omNode-3-AppendLogResponseHandler: Failed appendEntries: org.apache.ratis.thirdparty.io.grpc.StatusRuntimeException: UNAVAILABLE: io exception
2021-01-18 07:23:19,478 [grpc-default-executor-1] WARN  server.GrpcLogAppender (GrpcLogAppender.java:resetClient(111)) - omNode-1@group-523986131536->omNode-3-GrpcLogAppender: Leader has not got in touch with Follower omNode-1@group-523986131536->omNode-3(c-1,m0,n183, attendVote=true, lastRpcSendTime=1, lastRpcResponseTime=39434) yet, just keep nextIndex unchanged and retry.
2021-01-18 07:23:19,493 [grpc-default-executor-0] WARN  server.GrpcLogAppender (LogUtils.java:warn(122)) - omNode-1@group-523986131536->omNode-3-AppendLogResponseHandler: Failed appendEntries: org.apache.ratis.thirdparty.io.grpc.StatusRuntimeException: UNAVAILABLE: io exception
2021-01-18 07:23:19,493 [grpc-default-executor-0] WARN  server.GrpcLogAppender (GrpcLogAppender.java:resetClient(111)) - omNode-1@group-523986131536->omNode-3-GrpcLogAppender: Leader has not got in touch with Follower omNode-1@group-523986131536->omNode-3(c-1,m0,n184, attendVote=true, lastRpcSendTime=0, lastRpcResponseTime=39449) yet, just keep nextIndex unchanged and retry.
2021-01-18 07:23:19,506 [grpc-default-executor-1] WARN  server.GrpcLogAppender (LogUtils.java:warn(122)) - omNode-1@group-523986131536->omNode-3-AppendLogResponseHandler: Failed appendEntries: org.apache.ratis.thirdparty.io.grpc.StatusRuntimeException: UNAVAILABLE: io exception
2021-01-18 07:23:19,507 [grpc-default-executor-1] WARN  server.GrpcLogAppender (GrpcLogAppender.java:resetClient(111)) - omNode-1@group-523986131536->omNode-3-GrpcLogAppender: Leader has not got in touch with Follower omNode-1@group-523986131536->omNode-3(c-1,m0,n185, attendVote=true, lastRpcSendTime=14, lastRpcResponseTime=39463) yet, just keep nextIndex unchanged and retry.
2021-01-18 07:23:19,610 [grpc-default-executor-0] WARN  server.GrpcLogAppender (LogUtils.java:warn(122)) - omNode-1@group-523986131536->omNode-3-AppendLogResponseHandler: Failed appendEntries: org.apache.ratis.thirdparty.io.grpc.StatusRuntimeException: UNAVAILABLE: io exception
2021-01-18 07:23:19,611 [grpc-default-executor-0] WARN  server.GrpcLogAppender (GrpcLogAppender.java:resetClient(111)) - omNode-1@group-523986131536->omNode-3-GrpcLogAppender: Leader has not got in touch with Follower omNode-1@group-523986131536->omNode-3(c-1,m0,n186, attendVote=true, lastRpcSendTime=0, lastRpcResponseTime=39567) yet, just keep nextIndex unchanged and retry.
2021-01-18 07:23:19,617 [grpc-default-executor-0] WARN  server.GrpcLogAppender (LogUtils.java:warn(122)) - omNode-1@group-523986131536->omNode-3-AppendLogResponseHandler: Failed appendEntries: org.apache.ratis.thirdparty.io.grpc.StatusRuntimeException: UNAVAILABLE: io exception
2021-01-18 07:23:19,617 [grpc-default-executor-0] WARN  server.GrpcLogAppender (GrpcLogAppender.java:resetClient(111)) - omNode-1@group-523986131536->omNode-3-GrpcLogAppender: Leader has not got in touch with Follower omNode-1@group-523986131536->omNode-3(c-1,m0,n187, attendVote=true, lastRpcSendTime=0, lastRpcResponseTime=39573) yet, just keep nextIndex unchanged and retry.
2021-01-18 07:23:19,630 [grpc-default-executor-0] WARN  server.GrpcLogAppender (LogUtils.java:warn(122)) - omNode-1@group-523986131536->omNode-3-AppendLogResponseHandler: Failed appendEntries: org.apache.ratis.thirdparty.io.grpc.StatusRuntimeException: UNAVAILABLE: io exception
2021-01-18 07:23:19,631 [grpc-default-executor-0] WARN  server.GrpcLogAppender (GrpcLogAppender.java:resetClient(111)) - omNode-1@group-523986131536->omNode-3-GrpcLogAppender: Leader has not got in touch with Follower omNode-1@group-523986131536->omNode-3(c-1,m0,n188, attendVote=true, lastRpcSendTime=14, lastRpcResponseTime=39587) yet, just keep nextIndex unchanged and retry.
2021-01-18 07:23:19,639 [grpc-default-executor-0] WARN  server.GrpcLogAppender (LogUtils.java:warn(122)) - omNode-1@group-523986131536->omNode-3-AppendLogResponseHandler: Failed appendEntries: org.apache.ratis.thirdparty.io.grpc.StatusRuntimeException: UNAVAILABLE: io exception
2021-01-18 07:23:19,640 [grpc-default-executor-0] WARN  server.GrpcLogAppender (GrpcLogAppender.java:resetClient(111)) - omNode-1@group-523986131536->omNode-3-GrpcLogAppender: Leader has not got in touch with Follower omNode-1@group-523986131536->omNode-3(c-1,m0,n189, attendVote=true, lastRpcSendTime=7, lastRpcResponseTime=39596) yet, just keep nextIndex unchanged and retry.
2021-01-18 07:23:19,746 [grpc-default-executor-0] WARN  server.GrpcLogAppender (LogUtils.java:warn(122)) - omNode-1@group-523986131536->omNode-3-AppendLogResponseHandler: Failed appendEntries: org.apache.ratis.thirdparty.io.grpc.StatusRuntimeException: UNAVAILABLE: io exception
2021-01-18 07:23:19,747 [grpc-default-executor-0] WARN  server.GrpcLogAppender (GrpcLogAppender.java:resetClient(111)) - omNode-1@group-523986131536->omNode-3-GrpcLogAppender: Leader has not got in touch with Follower omNode-1@group-523986131536->omNode-3(c-1,m0,n190, attendVote=true, lastRpcSendTime=106, lastRpcResponseTime=39703) yet, just keep nextIndex unchanged and retry.
2021-01-18 07:23:19,756 [grpc-default-executor-0] WARN  server.GrpcLogAppender (LogUtils.java:warn(122)) - omNode-1@group-523986131536->omNode-3-AppendLogResponseHandler: Failed appendEntries: org.apache.ratis.thirdparty.io.grpc.StatusRuntimeException: UNAVAILABLE: io exception
2021-01-18 07:23:19,757 [grpc-default-executor-0] WARN  server.GrpcLogAppender (GrpcLogAppender.java:resetClient(111)) - omNode-1@group-523986131536->omNode-3-GrpcLogAppender: Leader has not got in touch with Follower omNode-1@group-523986131536->omNode-3(c-1,m0,n191, attendVote=true, lastRpcSendTime=9, lastRpcResponseTime=39713) yet, just keep nextIndex unchanged and retry.
2021-01-18 07:23:19,776 [grpc-default-executor-1] WARN  server.GrpcLogAppender (LogUtils.java:warn(122)) - omNode-1@group-523986131536->omNode-3-AppendLogResponseHandler: Failed appendEntries: org.apache.ratis.thirdparty.io.grpc.StatusRuntimeException: UNAVAILABLE: io exception
2021-01-18 07:23:19,777 [grpc-default-executor-1] WARN  server.GrpcLogAppender (GrpcLogAppender.java:resetClient(111)) - omNode-1@group-523986131536->omNode-3-GrpcLogAppender: Leader has not got in touch with Follower omNode-1@group-523986131536->omNode-3(c-1,m0,n192, attendVote=true, lastRpcSendTime=0, lastRpcResponseTime=39733) yet, just keep nextIndex unchanged and retry.
2021-01-18 07:23:19,782 [grpc-default-executor-1] WARN  server.GrpcLogAppender (LogUtils.java:warn(122)) - omNode-1@group-523986131536->omNode-3-AppendLogResponseHandler: Failed appendEntries: org.apache.ratis.thirdparty.io.grpc.StatusRuntimeException: UNAVAILABLE: io exception
2021-01-18 07:23:19,782 [grpc-default-executor-1] WARN  server.GrpcLogAppender (GrpcLogAppender.java:resetClient(111)) - omNode-1@group-523986131536->omNode-3-GrpcLogAppender: Leader has not got in touch with Follower omNode-1@group-523986131536->omNode-3(c-1,m0,n193, attendVote=true, lastRpcSendTime=6, lastRpcResponseTime=39738) yet, just keep nextIndex unchanged and retry.
2021-01-18 07:23:19,887 [grpc-default-executor-1] WARN  server.GrpcLogAppender (LogUtils.java:warn(122)) - omNode-1@group-523986131536->omNode-3-AppendLogResponseHandler: Failed appendEntries: org.apache.ratis.thirdparty.io.grpc.StatusRuntimeException: UNAVAILABLE: io exception
2021-01-18 07:23:19,888 [grpc-default-executor-1] WARN  server.GrpcLogAppender (GrpcLogAppender.java:resetClient(111)) - omNode-1@group-523986131536->omNode-3-GrpcLogAppender: Leader has not got in touch with Follower omNode-1@group-523986131536->omNode-3(c-1,m0,n194, attendVote=true, lastRpcSendTime=104, lastRpcResponseTime=39844) yet, just keep nextIndex unchanged and retry.
2021-01-18 07:23:19,892 [grpc-default-executor-1] WARN  server.GrpcLogAppender (LogUtils.java:warn(122)) - omNode-1@group-523986131536->omNode-3-AppendLogResponseHandler: Failed appendEntries: org.apache.ratis.thirdparty.io.grpc.StatusRuntimeException: UNAVAILABLE: io exception
2021-01-18 07:23:19,892 [grpc-default-executor-1] WARN  server.GrpcLogAppender (GrpcLogAppender.java:resetClient(111)) - omNode-1@group-523986131536->omNode-3-GrpcLogAppender: Leader has not got in touch with Follower omNode-1@group-523986131536->omNode-3(c-1,m0,n195, attendVote=true, lastRpcSendTime=0, lastRpcResponseTime=39848) yet, just keep nextIndex unchanged and retry.
2021-01-18 07:23:19,905 [grpc-default-executor-0] WARN  server.GrpcLogAppender (LogUtils.java:warn(122)) - omNode-1@group-523986131536->omNode-3-AppendLogResponseHandler: Failed appendEntries: org.apache.ratis.thirdparty.io.grpc.StatusRuntimeException: UNAVAILABLE: io exception
2021-01-18 07:23:19,905 [grpc-default-executor-0] WARN  server.GrpcLogAppender (GrpcLogAppender.java:resetClient(111)) - omNode-1@group-523986131536->omNode-3-GrpcLogAppender: Leader has not got in touch with Follower omNode-1@group-523986131536->omNode-3(c-1,m0,n196, attendVote=true, lastRpcSendTime=0, lastRpcResponseTime=39861) yet, just keep nextIndex unchanged and retry.
2021-01-18 07:23:19,907 [grpc-default-executor-0] WARN  server.GrpcLogAppender (LogUtils.java:warn(122)) - omNode-1@group-523986131536->omNode-3-AppendLogResponseHandler: Failed appendEntries: org.apache.ratis.thirdparty.io.grpc.StatusRuntimeException: UNAVAILABLE: io exception
2021-01-18 07:23:19,908 [grpc-default-executor-0] WARN  server.GrpcLogAppender (GrpcLogAppender.java:resetClient(111)) - omNode-1@group-523986131536->omNode-3-GrpcLogAppender: Leader has not got in touch with Follower omNode-1@group-523986131536->omNode-3(c-1,m0,n197, attendVote=true, lastRpcSendTime=0, lastRpcResponseTime=39864) yet, just keep nextIndex unchanged and retry.
2021-01-18 07:23:20,018 [grpc-default-executor-0] WARN  server.GrpcLogAppender (LogUtils.java:warn(122)) - omNode-1@group-523986131536->omNode-3-AppendLogResponseHandler: Failed appendEntries: org.apache.ratis.thirdparty.io.grpc.StatusRuntimeException: UNAVAILABLE: io exception
2021-01-18 07:23:20,018 [grpc-default-executor-0] WARN  server.GrpcLogAppender (GrpcLogAppender.java:resetClient(111)) - omNode-1@group-523986131536->omNode-3-GrpcLogAppender: Leader has not got in touch with Follower omNode-1@group-523986131536->omNode-3(c-1,m0,n198, attendVote=true, lastRpcSendTime=0, lastRpcResponseTime=39974) yet, just keep nextIndex unchanged and retry.
2021-01-18 07:23:20,023 [grpc-default-executor-0] WARN  server.GrpcLogAppender (LogUtils.java:warn(122)) - omNode-1@group-523986131536->omNode-3-AppendLogResponseHandler: Failed appendEntries: org.apache.ratis.thirdparty.io.grpc.StatusRuntimeException: UNAVAILABLE: io exception
2021-01-18 07:23:20,024 [grpc-default-executor-0] WARN  server.GrpcLogAppender (GrpcLogAppender.java:resetClient(111)) - omNode-1@group-523986131536->omNode-3-GrpcLogAppender: Leader has not got in touch with Follower omNode-1@group-523986131536->omNode-3(c-1,m0,n199, attendVote=true, lastRpcSendTime=5, lastRpcResponseTime=39980) yet, just keep nextIndex unchanged and retry.
2021-01-18 07:23:20,037 [grpc-default-executor-1] WARN  server.GrpcLogAppender (LogUtils.java:warn(122)) - omNode-1@group-523986131536->omNode-3-AppendLogResponseHandler: Failed appendEntries: org.apache.ratis.thirdparty.io.grpc.StatusRuntimeException: UNAVAILABLE: io exception
2021-01-18 07:23:20,038 [grpc-default-executor-1] WARN  server.GrpcLogAppender (GrpcLogAppender.java:resetClient(111)) - omNode-1@group-523986131536->omNode-3-GrpcLogAppender: Leader has not got in touch with Follower omNode-1@group-523986131536->omNode-3(c-1,m0,n200, attendVote=true, lastRpcSendTime=10, lastRpcResponseTime=39994) yet, just keep nextIndex unchanged and retry.
2021-01-18 07:23:20,039 [omNode-2@group-523986131536-StateMachineUpdater] INFO  ratis.OzoneManagerStateMachine (OzoneManagerStateMachine.java:takeSnapshot(345)) - Current Snapshot Index (t:2, i:198)
2021-01-18 07:23:20,039 [omNode-2@group-523986131536-StateMachineUpdater] INFO  impl.StateMachineUpdater (StateMachineUpdater.java:takeSnapshot(279)) - omNode-2@group-523986131536-StateMachineUpdater: Took a snapshot at index 198
2021-01-18 07:23:20,040 [omNode-2@group-523986131536-StateMachineUpdater] INFO  impl.StateMachineUpdater (StateMachineUpdater.java:lambda$new$0(88)) - omNode-2@group-523986131536-StateMachineUpdater: snapshotIndex: updateIncreasingly 148 -> 198
2021-01-18 07:23:20,040 [omNode-2@group-523986131536-StateMachineUpdater] INFO  raftlog.RaftLog (RaftLogBase.java:purge(306)) - omNode-2@group-523986131536-SegmentedRaftLog: purge 198
2021-01-18 07:23:20,040 [omNode-2@group-523986131536-StateMachineUpdater] INFO  raftlog.RaftLog (RaftLogBase.java:lambda$new$0(53)) - omNode-2@group-523986131536-SegmentedRaftLog: snapshotIndex: updateIncreasingly 148 -> 198
2021-01-18 07:23:20,040 [omNode-2@group-523986131536-StateMachineUpdater] INFO  raftlog.RaftLog (RaftLogBase.java:lambda$new$0(53)) - omNode-2@group-523986131536-SegmentedRaftLog: purgeIndex: updateToMax old=148, new=198, updated? true
2021-01-18 07:23:20,041 [grpc-default-executor-1] WARN  server.GrpcLogAppender (LogUtils.java:warn(122)) - omNode-1@group-523986131536->omNode-3-AppendLogResponseHandler: Failed appendEntries: org.apache.ratis.thirdparty.io.grpc.StatusRuntimeException: UNAVAILABLE: io exception
2021-01-18 07:23:20,042 [grpc-default-executor-1] WARN  server.GrpcLogAppender (GrpcLogAppender.java:resetClient(111)) - omNode-1@group-523986131536->omNode-3-GrpcLogAppender: Leader has not got in touch with Follower omNode-1@group-523986131536->omNode-3(c-1,m0,n201, attendVote=true, lastRpcSendTime=0, lastRpcResponseTime=39998) yet, just keep nextIndex unchanged and retry.
2021-01-18 07:23:20,042 [omNode-1@group-523986131536-StateMachineUpdater] INFO  ratis.OzoneManagerStateMachine (OzoneManagerStateMachine.java:takeSnapshot(345)) - Current Snapshot Index (t:2, i:199)
2021-01-18 07:23:20,043 [omNode-1@group-523986131536-StateMachineUpdater] INFO  impl.StateMachineUpdater (StateMachineUpdater.java:takeSnapshot(279)) - omNode-1@group-523986131536-StateMachineUpdater: Took a snapshot at index 199
2021-01-18 07:23:20,043 [omNode-1@group-523986131536-StateMachineUpdater] INFO  impl.StateMachineUpdater (StateMachineUpdater.java:lambda$new$0(88)) - omNode-1@group-523986131536-StateMachineUpdater: snapshotIndex: updateIncreasingly 149 -> 199
2021-01-18 07:23:20,043 [omNode-1@group-523986131536-StateMachineUpdater] INFO  raftlog.RaftLog (RaftLogBase.java:purge(306)) - omNode-1@group-523986131536-SegmentedRaftLog: purge 199
2021-01-18 07:23:20,043 [omNode-1@group-523986131536-StateMachineUpdater] INFO  raftlog.RaftLog (RaftLogBase.java:lambda$new$0(53)) - omNode-1@group-523986131536-SegmentedRaftLog: snapshotIndex: updateIncreasingly 149 -> 199
2021-01-18 07:23:20,043 [omNode-1@group-523986131536-StateMachineUpdater] INFO  raftlog.RaftLog (RaftLogBase.java:lambda$new$0(53)) - omNode-1@group-523986131536-SegmentedRaftLog: purgeIndex: updateToMax old=149, new=199, updated? true
2021-01-18 07:23:20,157 [Listener at 127.0.0.1/13796] INFO  db.RDBCheckpointManager (RDBCheckpointManager.java:createCheckpoint(86)) - Created checkpoint at /github/workspace/mnt/ozone/hadoop-ozone/integration-test/target/test-dir/MiniOzoneClusterImpl-31fb86ba-d539-4b3f-b864-a30db12016a3/omNode-1/db.checkpoints/rdb_rdb_checkpoint_1610954600144 in 13 milliseconds
2021-01-18 07:23:20,159 [Listener at 127.0.0.1/13796] INFO  impl.MetricsSystemImpl (MetricsSystemImpl.java:init(158)) - OzoneManager metrics system started (again)
2021-01-18 07:23:20,160 [Listener at 127.0.0.1/13796] INFO  om.OzoneManager (OzoneManager.java:start(1151)) - OzoneManager RPC server is listening at localhost/127.0.0.1:13796
2021-01-18 07:23:20,160 [Listener at 127.0.0.1/13796] INFO  ratis.OzoneManagerRatisServer (OzoneManagerRatisServer.java:start(377)) - Starting OzoneManagerRatisServer omNode-3 at port 13800
2021-01-18 07:23:20,161 [Listener at 127.0.0.1/13796] INFO  server.RaftServer$Division (RaftServerImpl.java:start(294)) - omNode-3@group-523986131536: start as a follower, conf=-1: [omNode-3|rpc:localhost:13800|priority:0, omNode-1|rpc:localhost:13788|priority:0, omNode-2|rpc:localhost:13794|priority:0], old=null
2021-01-18 07:23:20,161 [Listener at 127.0.0.1/13796] INFO  server.RaftServer$Division (RaftServerImpl.java:setRole(283)) - omNode-3@group-523986131536: changes role from      null to FOLLOWER at term 0 for startAsFollower
2021-01-18 07:23:20,161 [Listener at 127.0.0.1/13796] INFO  impl.RoleInfo (RoleInfo.java:updateAndGet(130)) - omNode-3: start omNode-3@group-523986131536-FollowerState
2021-01-18 07:23:20,162 [Listener at 127.0.0.1/13796] INFO  util.JmxRegister (JmxRegister.java:tryRegister(44)) - Successfully registered JMX Bean with object name Ratis:service=RaftServer,group=group-523986131536,id=omNode-3
2021-01-18 07:23:20,163 [Listener at 127.0.0.1/13796] INFO  metrics.RatisMetrics (RatisMetrics.java:lambda$create$0(36)) - Creating Metrics Registry : ratis.state_machine.omNode-3@group-523986131536
2021-01-18 07:23:20,163 [Listener at 127.0.0.1/13796] INFO  server.RaftServer (RaftServerProxy.java:lambda$start$5(372)) - omNode-3: start RPC server
2021-01-18 07:23:20,164 [Listener at 127.0.0.1/13796] INFO  server.GrpcService (GrpcService.java:startImpl(176)) - omNode-3: GrpcService started, listening on 0.0.0.0/0.0.0.0:13800
2021-01-18 07:23:20,164 [org.apache.ratis.util.JvmPauseMonitor$$Lambda$305/1979302296@72b27c6c] INFO  util.JvmPauseMonitor (JvmPauseMonitor.java:run(103)) - JvmPauseMonitor-omNode-3: Started
2021-01-18 07:23:20,172 [Listener at 127.0.0.1/13796] INFO  http.BaseHttpServer (BaseHttpServer.java:newHttpServer2BuilderForOzone(207)) - Starting Web-server for ozoneManager at: http://0.0.0.0:13798
2021-01-18 07:23:20,172 [Listener at 127.0.0.1/13796] INFO  http.BaseHttpServer (BaseHttpServer.java:<init>(106)) - Hadoop Security Enabled: false Ozone Security Enabled: false Ozone HTTP Security Enabled: false 
2021-01-18 07:23:20,174 [Listener at 127.0.0.1/13796] INFO  server.AuthenticationFilter (AuthenticationFilter.java:constructSecretProvider(240)) - Unable to initialize FileSignerSecretProvider, falling back to use random secrets.
2021-01-18 07:23:20,175 [Listener at 127.0.0.1/13796] WARN  http.HttpRequestLog (HttpRequestLog.java:getRequestLog(103)) - Jetty request log can only be enabled using Log4j
2021-01-18 07:23:20,176 [Listener at 127.0.0.1/13796] INFO  http.HttpServer2 (HttpServer2.java:addGlobalFilter(1020)) - Added global filter 'safety' (class=org.apache.hadoop.hdds.server.http.HttpServer2$QuotingInputFilter)
2021-01-18 07:23:20,177 [Listener at 127.0.0.1/13796] INFO  http.HttpServer2 (HttpServer2.java:addFilter(996)) - Added filter static_user_filter (class=org.apache.hadoop.http.lib.StaticUserWebFilter$StaticUserFilter) to context ozoneManager
2021-01-18 07:23:20,177 [Listener at 127.0.0.1/13796] INFO  http.HttpServer2 (HttpServer2.java:addFilter(1004)) - Added filter static_user_filter (class=org.apache.hadoop.http.lib.StaticUserWebFilter$StaticUserFilter) to context logs
2021-01-18 07:23:20,177 [Listener at 127.0.0.1/13796] INFO  http.HttpServer2 (HttpServer2.java:addFilter(1004)) - Added filter static_user_filter (class=org.apache.hadoop.http.lib.StaticUserWebFilter$StaticUserFilter) to context static
2021-01-18 07:23:20,178 [Listener at 127.0.0.1/13796] INFO  http.HttpServer2 (HttpServer2.java:bindListener(1238)) - Jetty bound to port 13798
2021-01-18 07:23:20,178 [Listener at 127.0.0.1/13796] INFO  server.Server (Server.java:doStart(375)) - jetty-9.4.34.v20201102; built: 2020-11-02T14:15:39.302Z; git: e46af88704a893fc12cb0e3bf46e2c7b48a009e7; jvm 1.8.0_232-b09
2021-01-18 07:23:20,185 [Listener at 127.0.0.1/13796] INFO  server.session (DefaultSessionIdManager.java:doStart(334)) - DefaultSessionIdManager workerName=node0
2021-01-18 07:23:20,185 [Listener at 127.0.0.1/13796] INFO  server.session (DefaultSessionIdManager.java:doStart(339)) - No SessionScavenger set, using defaults
2021-01-18 07:23:20,186 [Listener at 127.0.0.1/13796] INFO  server.session (HouseKeeper.java:startScavenging(132)) - node0 Scavenging every 660000ms
2021-01-18 07:23:20,186 [Listener at 127.0.0.1/13796] INFO  handler.ContextHandler (ContextHandler.java:doStart(916)) - Started o.e.j.s.ServletContextHandler@60554c14{logs,/logs,file:///github/workspace/mnt/ozone/hadoop-ozone/integration-test/target/log,AVAILABLE}
2021-01-18 07:23:20,187 [Listener at 127.0.0.1/13796] INFO  handler.ContextHandler (ContextHandler.java:doStart(916)) - Started o.e.j.s.ServletContextHandler@316c7ba{static,/static,file:///github/workspace/mnt/ozone/hadoop-ozone/integration-test/target/test-classes/webapps/static,AVAILABLE}
2021-01-18 07:23:20,191 [Listener at 127.0.0.1/13796] INFO  handler.ContextHandler (ContextHandler.java:doStart(916)) - Started o.e.j.w.WebAppContext@18d4bd8b{ozoneManager,/,file:///github/workspace/mnt/ozone/hadoop-ozone/integration-test/target/test-classes/webapps/ozoneManager/,AVAILABLE}{file:/github/workspace/mnt/ozone/hadoop-ozone/integration-test/target/test-classes/webapps/ozoneManager}
2021-01-18 07:23:20,193 [Listener at 127.0.0.1/13796] INFO  server.AbstractConnector (AbstractConnector.java:doStart(331)) - Started ServerConnector@4e9f5e99{HTTP/1.1, (http/1.1)}{0.0.0.0:13798}
2021-01-18 07:23:20,193 [Listener at 127.0.0.1/13796] INFO  server.Server (Server.java:doStart(415)) - Started @50681ms
2021-01-18 07:23:20,193 [Listener at 127.0.0.1/13796] WARN  impl.MetricsSystemImpl (MetricsSystemImpl.java:register(276)) - Sink prometheus already exists!
2021-01-18 07:23:20,542 [grpc-default-executor-1] WARN  server.GrpcLogAppender (LogUtils.java:warn(122)) - omNode-1@group-523986131536->omNode-3-AppendLogResponseHandler: Failed appendEntries: org.apache.ratis.thirdparty.io.grpc.StatusRuntimeException: UNAVAILABLE: io exception
2021-01-18 07:23:20,542 [grpc-default-executor-1] WARN  server.GrpcLogAppender (GrpcLogAppender.java:resetClient(111)) - omNode-1@group-523986131536->omNode-3-GrpcLogAppender: Leader has not got in touch with Follower omNode-1@group-523986131536->omNode-3(c-1,m0,n201, attendVote=true, lastRpcSendTime=0, lastRpcResponseTime=40498) yet, just keep nextIndex unchanged and retry.
2021-01-18 07:23:21,043 [grpc-default-executor-0] INFO  metrics.RatisMetrics (RatisMetrics.java:lambda$create$0(36)) - Creating Metrics Registry : ratis.server_message_metrics.omNode-3
2021-01-18 07:23:21,057 [grpc-default-executor-0] INFO  server.RaftServer$Division (ServerState.java:setLeader(249)) - omNode-3@group-523986131536: change Leader from null to omNode-1 at term 2 for appendEntries, leader elected after 32033ms
2021-01-18 07:23:21,058 [grpc-default-executor-0] INFO  server.RaftServer$Division (RaftServerImpl.java:checkInconsistentAppendEntries(1403)) - omNode-3@group-523986131536: Failed appendEntries as previous log entry ((t:2, i:200)) is not found
2021-01-18 07:23:21,058 [grpc-default-executor-0] INFO  server.RaftServer$Division (RaftServerImpl.java:checkInconsistentAppendEntries(1369)) - omNode-3@group-523986131536: inconsistency entries. Reply:omNode-1<-omNode-3#54896866:FAIL-t0,INCONSISTENCY,nextIndex=1,followerCommit=-1
2021-01-18 07:23:21,059 [grpc-default-executor-0] INFO  leader.FollowerInfo (FollowerInfoImpl.java:lambda$new$0(46)) - omNode-1@group-523986131536->omNode-3: nextIndex: updateUnconditionally 201 -> 1
2021-01-18 07:23:21,064 [grpc-default-executor-0] INFO  server.RaftServer$Division (RaftServerImpl.java:checkInconsistentAppendEntries(1403)) - omNode-3@group-523986131536: Failed appendEntries as previous log entry ((t:2, i:0)) is not found
2021-01-18 07:23:21,066 [grpc-default-executor-0] INFO  server.RaftServer$Division (RaftServerImpl.java:checkInconsistentAppendEntries(1369)) - omNode-3@group-523986131536: inconsistency entries. Reply:omNode-1<-omNode-3#54896868:FAIL-t2,INCONSISTENCY,nextIndex=0,followerCommit=-1
2021-01-18 07:23:21,067 [grpc-default-executor-0] INFO  leader.FollowerInfo (FollowerInfoImpl.java:lambda$new$0(46)) - omNode-1@group-523986131536->omNode-3: nextIndex: updateUnconditionally 201 -> 0
2021-01-18 07:23:21,073 [grpc-default-executor-0] INFO  server.RaftServer$Division (ServerState.java:setRaftConf(368)) - omNode-3@group-523986131536: set configuration 0: [omNode-3|rpc:localhost:13800|dataStream:|priority:0, omNode-1|rpc:localhost:13788|dataStream:|priority:0, omNode-2|rpc:localhost:13794|dataStream:|priority:0], old=null
2021-01-18 07:23:21,073 [grpc-default-executor-0] INFO  segmented.SegmentedRaftLogWorker (SegmentedRaftLogWorker.java:startLogSegment(392)) - omNode-3@group-523986131536-SegmentedRaftLogWorker: Starting segment from index:0
2021-01-18 07:23:21,091 [omNode-3@group-523986131536-SegmentedRaftLogWorker] INFO  segmented.SegmentedRaftLogWorker (SegmentedRaftLogWorker.java:execute(599)) - omNode-3@group-523986131536-SegmentedRaftLogWorker: created new log segment /github/workspace/mnt/ozone/hadoop-ozone/integration-test/target/test-dir/MiniOzoneClusterImpl-31fb86ba-d539-4b3f-b864-a30db12016a3/omNode-3/ratis/c9bc4cf4-3bc3-3c60-a66b-523986131536/current/log_inprogress_0
2021-01-18 07:23:21,107 [OM StateMachine ApplyTransaction Thread - 0] INFO  volume.OMVolumeCreateRequest (OMVolumeCreateRequest.java:validateAndUpdateCache(196)) - created volume:volume30144 for user:user83379
2021-01-18 07:23:21,184 [omNode-3@group-523986131536-StateMachineUpdater] INFO  ratis.OzoneManagerStateMachine (OzoneManagerStateMachine.java:takeSnapshot(345)) - Current Snapshot Index (t:2, i:200)
2021-01-18 07:23:21,184 [omNode-3@group-523986131536-StateMachineUpdater] INFO  impl.StateMachineUpdater (StateMachineUpdater.java:takeSnapshot(279)) - omNode-3@group-523986131536-StateMachineUpdater: Took a snapshot at index 200
2021-01-18 07:23:21,184 [omNode-3@group-523986131536-StateMachineUpdater] INFO  impl.StateMachineUpdater (StateMachineUpdater.java:lambda$new$0(88)) - omNode-3@group-523986131536-StateMachineUpdater: snapshotIndex: updateIncreasingly -1 -> 200
2021-01-18 07:23:21,184 [omNode-3@group-523986131536-StateMachineUpdater] INFO  raftlog.RaftLog (RaftLogBase.java:purge(306)) - omNode-3@group-523986131536-SegmentedRaftLog: purge 200
2021-01-18 07:23:21,184 [omNode-3@group-523986131536-StateMachineUpdater] INFO  raftlog.RaftLog (RaftLogBase.java:lambda$new$0(53)) - omNode-3@group-523986131536-SegmentedRaftLog: snapshotIndex: updateIncreasingly -1 -> 200
2021-01-18 07:23:21,184 [omNode-3@group-523986131536-StateMachineUpdater] INFO  raftlog.RaftLog (RaftLogBase.java:lambda$new$0(53)) - omNode-3@group-523986131536-SegmentedRaftLog: purgeIndex: updateToMax old=-1, new=200, updated? true
2021-01-18 07:23:25,199 [Listener at 127.0.0.1/13796] INFO  http.BaseHttpServer (BaseHttpServer.java:updateConnectorAddress(327)) - HTTP server of ozoneManager listening at http://0.0.0.0:13798
2021-01-18 07:23:25,200 [IPC Server Responder] INFO  ipc.Server (Server.java:run(1460)) - IPC Server Responder: starting
2021-01-18 07:23:25,201 [IPC Server listener on 13796] INFO  ipc.Server (Server.java:run(1298)) - IPC Server listener on 13796: starting
2021-01-18 07:23:25,207 [Listener at 127.0.0.1/13796] INFO  om.OzoneManager (OzoneManager.java:startTrashEmptier(1272)) - Trash Interval set to 0. Files deleted will not move to trash
2021-01-18 07:23:25,208 [org.apache.hadoop.util.JvmPauseMonitor$Monitor@2ca8fc91] INFO  util.JvmPauseMonitor (JvmPauseMonitor.java:run(188)) - Starting JVM pause monitor
2021-01-18 07:23:25,208 [Listener at 127.0.0.1/13796] INFO  ozone.MiniOzoneClusterImpl (MiniOzoneClusterImpl.java:shutdown(389)) - Shutting down the Mini Ozone Cluster
2021-01-18 07:23:25,208 [Listener at 127.0.0.1/13796] INFO  ozone.MiniOzoneHAClusterImpl (MiniOzoneHAClusterImpl.java:stop(230)) - Stopping the OzoneManager omNode-3
2021-01-18 07:23:25,208 [Listener at 127.0.0.1/13796] INFO  ipc.Server (Server.java:stop(3359)) - Stopping server on 13796
2021-01-18 07:23:25,211 [IPC Server Responder] INFO  ipc.Server (Server.java:run(1465)) - Stopping IPC Server Responder
2021-01-18 07:23:25,211 [IPC Server listener on 13796] INFO  ipc.Server (Server.java:run(1330)) - Stopping IPC Server listener on 13796
2021-01-18 07:23:25,211 [Listener at 127.0.0.1/13796] INFO  server.RaftServer (RaftServerProxy.java:lambda$close$6(389)) - omNode-3: close
2021-01-18 07:23:25,211 [Listener at 127.0.0.1/13796] INFO  server.RaftServer$Division (RaftServerImpl.java:lambda$close$4(405)) - omNode-3@group-523986131536: shutdown
2021-01-18 07:23:25,212 [Listener at 127.0.0.1/13796] INFO  util.JmxRegister (JmxRegister.java:unregister(73)) - Successfully un-registered JMX Bean with object name Ratis:service=RaftServer,group=group-523986131536,id=omNode-3
2021-01-18 07:23:25,212 [Listener at 127.0.0.1/13796] INFO  impl.RoleInfo (RoleInfo.java:shutdownFollowerState(108)) - omNode-3: shutdown omNode-3@group-523986131536-FollowerState
2021-01-18 07:23:25,212 [Thread-591] INFO  impl.FollowerState (FollowerState.java:run(142)) - omNode-3@group-523986131536-FollowerState was interrupted: {}
java.lang.InterruptedException: sleep interrupted
	at java.lang.Thread.sleep(Native Method)
	at java.lang.Thread.sleep(Thread.java:340)
	at java.util.concurrent.TimeUnit.sleep(TimeUnit.java:386)
	at org.apache.ratis.util.TimeDuration.sleep(TimeDuration.java:324)
	at org.apache.ratis.util.TimeDuration.sleep(TimeDuration.java:309)
	at org.apache.ratis.server.impl.FollowerState.run(FollowerState.java:117)
2021-01-18 07:23:25,213 [omNode-3@group-523986131536-StateMachineUpdater] INFO  metrics.RatisMetrics (RatisMetrics.java:unregister(43)) - Unregistering Metrics Registry : ratis.state_machine.omNode-3@group-523986131536
2021-01-18 07:23:25,216 [Listener at 127.0.0.1/13796] INFO  impl.StateMachineUpdater (StateMachineUpdater.java:stopAndJoin(148)) - omNode-3@group-523986131536-StateMachineUpdater: set stopIndex = 200
2021-01-18 07:23:25,217 [Listener at 127.0.0.1/13796] INFO  server.RaftServer$Division (ServerState.java:close(400)) - omNode-3@group-523986131536: closes. applyIndex: 200
2021-01-18 07:23:25,218 [omNode-3@group-523986131536-SegmentedRaftLogWorker] INFO  segmented.SegmentedRaftLogWorker (SegmentedRaftLogWorker.java:run(326)) - omNode-3@group-523986131536-SegmentedRaftLogWorker was interrupted, exiting. There are 0 tasks remaining in the queue.
2021-01-18 07:23:25,219 [Listener at 127.0.0.1/13796] INFO  segmented.SegmentedRaftLogWorker (SegmentedRaftLogWorker.java:close(236)) - omNode-3@group-523986131536-SegmentedRaftLogWorker close()
2021-01-18 07:23:25,220 [Listener at 127.0.0.1/13796] INFO  metrics.RatisMetrics (RatisMetrics.java:unregister(43)) - Unregistering Metrics Registry : ratis.log_worker.omNode-3@group-523986131536
2021-01-18 07:23:25,220 [Listener at 127.0.0.1/13796] INFO  metrics.RatisMetrics (RatisMetrics.java:unregister(43)) - Unregistering Metrics Registry : ratis.leader_election.omNode-3@group-523986131536
2021-01-18 07:23:25,220 [Listener at 127.0.0.1/13796] INFO  metrics.RatisMetrics (RatisMetrics.java:unregister(43)) - Unregistering Metrics Registry : ratis.server.omNode-3@group-523986131536
2021-01-18 07:23:25,220 [Listener at 127.0.0.1/13796] INFO  server.GrpcService (GrpcService.java:closeImpl(183)) - omNode-3: shutdown server with port 13800 now
2021-01-18 07:23:25,224 [grpc-default-executor-1] WARN  server.GrpcServerProtocolService (LogUtils.java:warn(122)) - omNode-3: installSnapshot onError, lastRequest: omNode-1->omNode-3#54896869-t2,previous=(t:0, i:0),leaderCommit=200,initializing? true,entries: size=201, first=(t:2, i:0), CONFIGURATIONENTRY: org.apache.ratis.thirdparty.io.grpc.StatusRuntimeException: CANCELLED: cancelled before receiving half close
2021-01-18 07:23:25,224 [Listener at 127.0.0.1/13796] INFO  server.GrpcService (GrpcService.java:closeImpl(192)) - omNode-3: shutdown server with port 13800 successfully
2021-01-18 07:23:25,224 [org.apache.ratis.util.JvmPauseMonitor$$Lambda$305/1979302296@72b27c6c] INFO  util.JvmPauseMonitor (JvmPauseMonitor.java:run(109)) - JvmPauseMonitor-omNode-3: Stopped
2021-01-18 07:23:25,225 [Listener at 127.0.0.1/13796] INFO  ratis.OzoneManagerDoubleBuffer (OzoneManagerDoubleBuffer.java:stop(425)) - Stopping OMDoubleBuffer flush thread
2021-01-18 07:23:25,225 [grpc-default-executor-1] WARN  server.GrpcLogAppender (LogUtils.java:warn(122)) - omNode-1@group-523986131536->omNode-3-AppendLogResponseHandler: Failed appendEntries: org.apache.ratis.thirdparty.io.grpc.StatusRuntimeException: CANCELLED: HTTP/2 error code: CANCEL
Received Rst Stream
2021-01-18 07:23:25,225 [OMDoubleBufferFlushThread] INFO  ratis.OzoneManagerDoubleBuffer (OzoneManagerDoubleBuffer.java:flushTransactions(352)) - OMDoubleBuffer flush thread OMDoubleBufferFlushThread is interrupted and will exit. OMDoubleBufferFlushThread
2021-01-18 07:23:25,225 [grpc-default-executor-1] INFO  leader.FollowerInfo (FollowerInfoImpl.java:lambda$new$0(46)) - omNode-1@group-523986131536->omNode-3: nextIndex: updateUnconditionally 201 -> 200
2021-01-18 07:23:25,226 [Listener at 127.0.0.1/13796] INFO  ratis.OzoneManagerStateMachine (HadoopExecutors.java:shutdown(118)) - Gracefully shutting down executor service. Waiting max 5 SECONDS
2021-01-18 07:23:25,226 [Listener at 127.0.0.1/13796] INFO  ratis.OzoneManagerStateMachine (HadoopExecutors.java:shutdown(129)) - Succesfully shutdown executor service
2021-01-18 07:23:25,226 [Listener at 127.0.0.1/13796] INFO  ratis.OzoneManagerStateMachine (HadoopExecutors.java:shutdown(118)) - Gracefully shutting down executor service. Waiting max 5 SECONDS
2021-01-18 07:23:25,226 [Listener at 127.0.0.1/13796] INFO  ratis.OzoneManagerStateMachine (HadoopExecutors.java:shutdown(129)) - Succesfully shutdown executor service
2021-01-18 07:23:25,226 [Listener at 127.0.0.1/13796] INFO  utils.BackgroundService (BackgroundService.java:shutdown(132)) - Shutting down service KeyDeletingService
2021-01-18 07:23:25,229 [Listener at 127.0.0.1/13796] INFO  handler.ContextHandler (ContextHandler.java:doStop(1154)) - Stopped o.e.j.w.WebAppContext@18d4bd8b{ozoneManager,/,null,STOPPED}{file:/github/workspace/mnt/ozone/hadoop-ozone/integration-test/target/test-classes/webapps/ozoneManager}
2021-01-18 07:23:25,232 [grpc-default-executor-0] WARN  server.GrpcLogAppender (LogUtils.java:warn(122)) - omNode-1@group-523986131536->omNode-3-AppendLogResponseHandler: Failed appendEntries: org.apache.ratis.thirdparty.io.grpc.StatusRuntimeException: UNAVAILABLE: io exception
2021-01-18 07:23:25,232 [grpc-default-executor-0] INFO  leader.FollowerInfo (FollowerInfoImpl.java:lambda$new$0(46)) - omNode-1@group-523986131536->omNode-3: nextIndex: updateUnconditionally 201 -> 200
2021-01-18 07:23:25,239 [Listener at 127.0.0.1/13796] INFO  server.AbstractConnector (AbstractConnector.java:doStop(381)) - Stopped ServerConnector@4e9f5e99{HTTP/1.1, (http/1.1)}{0.0.0.0:13798}
2021-01-18 07:23:25,239 [Listener at 127.0.0.1/13796] INFO  server.session (HouseKeeper.java:stopScavenging(149)) - node0 Stopped scavenging
2021-01-18 07:23:25,240 [Listener at 127.0.0.1/13796] INFO  handler.ContextHandler (ContextHandler.java:doStop(1154)) - Stopped o.e.j.s.ServletContextHandler@316c7ba{static,/static,file:///github/workspace/mnt/ozone/hadoop-ozone/integration-test/target/test-classes/webapps/static,STOPPED}
2021-01-18 07:23:25,240 [Listener at 127.0.0.1/13796] INFO  handler.ContextHandler (ContextHandler.java:doStop(1154)) - Stopped o.e.j.s.ServletContextHandler@60554c14{logs,/logs,file:///github/workspace/mnt/ozone/hadoop-ozone/integration-test/target/log,STOPPED}
2021-01-18 07:23:25,243 [Listener at 127.0.0.1/13796] INFO  ozone.MiniOzoneHAClusterImpl (MiniOzoneHAClusterImpl.java:stop(230)) - Stopping the OzoneManager omNode-1
2021-01-18 07:23:25,244 [Listener at 127.0.0.1/13796] INFO  ipc.Server (Server.java:stop(3359)) - Stopping server on 13784
2021-01-18 07:23:25,246 [IPC Server listener on 13784] INFO  ipc.Server (Server.java:run(1330)) - Stopping IPC Server listener on 13784
2021-01-18 07:23:25,247 [IPC Server Responder] INFO  ipc.Server (Server.java:run(1465)) - Stopping IPC Server Responder
2021-01-18 07:23:25,247 [Listener at 127.0.0.1/13796] INFO  server.RaftServer (RaftServerProxy.java:lambda$close$6(389)) - omNode-1: close
2021-01-18 07:23:25,247 [Listener at 127.0.0.1/13796] INFO  server.RaftServer$Division (RaftServerImpl.java:lambda$close$4(405)) - omNode-1@group-523986131536: shutdown
2021-01-18 07:23:25,247 [Listener at 127.0.0.1/13796] INFO  util.JmxRegister (JmxRegister.java:unregister(73)) - Successfully un-registered JMX Bean with object name Ratis:service=RaftServer,group=group-523986131536,id=omNode-1
2021-01-18 07:23:25,248 [Listener at 127.0.0.1/13796] INFO  impl.RoleInfo (RoleInfo.java:shutdownLeaderState(91)) - omNode-1: shutdown omNode-1@group-523986131536-LeaderStateImpl
2021-01-18 07:23:25,248 [Listener at 127.0.0.1/13796] INFO  metrics.RatisMetrics (RatisMetrics.java:unregister(43)) - Unregistering Metrics Registry : ratis_grpc.log_appender.omNode-1@group-523986131536
2021-01-18 07:23:25,248 [Listener at 127.0.0.1/13796] INFO  metrics.RatisMetrics (RatisMetrics.java:unregister(43)) - Unregistering Metrics Registry : ratis_grpc.log_appender.omNode-1@group-523986131536
2021-01-18 07:23:25,248 [omNode-1@group-523986131536->omNode-3-GrpcLogAppender-LogAppenderDaemon] WARN  server.GrpcLogAppender (GrpcLogAppender.java:mayWait(175)) - omNode-1@group-523986131536->omNode-3-GrpcLogAppender: Wait interrupted by java.lang.InterruptedException
2021-01-18 07:23:25,248 [omNode-1@group-523986131536->omNode-2-GrpcLogAppender-LogAppenderDaemon] WARN  server.GrpcLogAppender (GrpcLogAppender.java:mayWait(175)) - omNode-1@group-523986131536->omNode-2-GrpcLogAppender: Wait interrupted by java.lang.InterruptedException
2021-01-18 07:23:25,249 [grpc-default-executor-0] INFO  server.GrpcServerProtocolService (GrpcServerProtocolService.java:onCompleted(138)) - omNode-2: Completed APPEND_ENTRIES, lastRequest: omNode-1->omNode-2#982-t2,previous=(t:2, i:199),leaderCommit=199,initializing? true,entries: size=1, first=(t:2, i:200), METADATAENTRY(c:199)
2021-01-18 07:23:25,250 [Listener at 127.0.0.1/13796] INFO  impl.PendingRequests (PendingRequests.java:sendNotLeaderResponses(249)) - omNode-1@group-523986131536-PendingRequests: sendNotLeaderResponses
2021-01-18 07:23:25,251 [grpc-default-executor-1] INFO  server.GrpcLogAppender (GrpcLogAppender.java:onCompleted(344)) - omNode-1@group-523986131536->omNode-2-AppendLogResponseHandler: follower responses appendEntries COMPLETED
2021-01-18 07:23:25,251 [grpc-default-executor-1] INFO  leader.FollowerInfo (FollowerInfoImpl.java:lambda$new$0(46)) - omNode-1@group-523986131536->omNode-2: nextIndex: updateUnconditionally 201 -> 200
2021-01-18 07:23:25,252 [Listener at 127.0.0.1/13796] INFO  metrics.RatisMetrics (RatisMetrics.java:unregister(43)) - Unregistering Metrics Registry : ratis.log_appender.omNode-1@group-523986131536
2021-01-18 07:23:25,252 [Listener at 127.0.0.1/13796] INFO  metrics.RatisMetrics (RatisMetrics.java:unregister(43)) - Unregistering Metrics Registry : ratis.server.omNode-1@group-523986131536
2021-01-18 07:23:25,252 [omNode-1@group-523986131536-StateMachineUpdater] INFO  ratis.OzoneManagerStateMachine (OzoneManagerStateMachine.java:takeSnapshot(345)) - Current Snapshot Index (t:2, i:200)
2021-01-18 07:23:25,252 [omNode-1@group-523986131536-StateMachineUpdater] INFO  impl.StateMachineUpdater (StateMachineUpdater.java:takeSnapshot(279)) - omNode-1@group-523986131536-StateMachineUpdater: Took a snapshot at index 200
2021-01-18 07:23:25,252 [omNode-1@group-523986131536-StateMachineUpdater] INFO  impl.StateMachineUpdater (StateMachineUpdater.java:lambda$new$0(88)) - omNode-1@group-523986131536-StateMachineUpdater: snapshotIndex: updateIncreasingly 199 -> 200
2021-01-18 07:23:25,252 [omNode-1@group-523986131536-StateMachineUpdater] INFO  metrics.RatisMetrics (RatisMetrics.java:unregister(43)) - Unregistering Metrics Registry : ratis.state_machine.omNode-1@group-523986131536
2021-01-18 07:23:25,252 [Listener at 127.0.0.1/13796] INFO  impl.StateMachineUpdater (StateMachineUpdater.java:stopAndJoin(148)) - omNode-1@group-523986131536-StateMachineUpdater: set stopIndex = 200
2021-01-18 07:23:25,253 [Listener at 127.0.0.1/13796] INFO  server.RaftServer$Division (ServerState.java:close(400)) - omNode-1@group-523986131536: closes. applyIndex: 200
2021-01-18 07:23:25,253 [omNode-1@group-523986131536-SegmentedRaftLogWorker] INFO  segmented.SegmentedRaftLogWorker (SegmentedRaftLogWorker.java:run(326)) - omNode-1@group-523986131536-SegmentedRaftLogWorker was interrupted, exiting. There are 0 tasks remaining in the queue.
2021-01-18 07:23:25,254 [Listener at 127.0.0.1/13796] INFO  segmented.SegmentedRaftLogWorker (SegmentedRaftLogWorker.java:close(236)) - omNode-1@group-523986131536-SegmentedRaftLogWorker close()
2021-01-18 07:23:25,254 [Listener at 127.0.0.1/13796] INFO  metrics.RatisMetrics (RatisMetrics.java:unregister(43)) - Unregistering Metrics Registry : ratis.log_worker.omNode-1@group-523986131536
2021-01-18 07:23:25,255 [Listener at 127.0.0.1/13796] INFO  metrics.RatisMetrics (RatisMetrics.java:unregister(43)) - Unregistering Metrics Registry : ratis.leader_election.omNode-1@group-523986131536
2021-01-18 07:23:25,255 [Listener at 127.0.0.1/13796] INFO  metrics.RatisMetrics (RatisMetrics.java:unregister(43)) - Unregistering Metrics Registry : ratis.server.omNode-1@group-523986131536
2021-01-18 07:23:25,255 [Listener at 127.0.0.1/13796] INFO  server.GrpcService (GrpcService.java:closeImpl(183)) - omNode-1: shutdown server with port 13788 now
2021-01-18 07:23:25,259 [Listener at 127.0.0.1/13796] INFO  server.GrpcService (GrpcService.java:closeImpl(192)) - omNode-1: shutdown server with port 13788 successfully
2021-01-18 07:23:25,259 [org.apache.ratis.util.JvmPauseMonitor$$Lambda$305/1979302296@3b0aac29] INFO  util.JvmPauseMonitor (JvmPauseMonitor.java:run(109)) - JvmPauseMonitor-omNode-1: Stopped
2021-01-18 07:23:25,259 [Listener at 127.0.0.1/13796] INFO  ratis.OzoneManagerDoubleBuffer (OzoneManagerDoubleBuffer.java:stop(425)) - Stopping OMDoubleBuffer flush thread
2021-01-18 07:23:25,259 [OMDoubleBufferFlushThread] INFO  ratis.OzoneManagerDoubleBuffer (OzoneManagerDoubleBuffer.java:flushTransactions(352)) - OMDoubleBuffer flush thread OMDoubleBufferFlushThread is interrupted and will exit. OMDoubleBufferFlushThread
2021-01-18 07:23:25,260 [Listener at 127.0.0.1/13796] INFO  ratis.OzoneManagerStateMachine (HadoopExecutors.java:shutdown(118)) - Gracefully shutting down executor service. Waiting max 5 SECONDS
2021-01-18 07:23:25,260 [Listener at 127.0.0.1/13796] INFO  ratis.OzoneManagerStateMachine (HadoopExecutors.java:shutdown(129)) - Succesfully shutdown executor service
2021-01-18 07:23:25,260 [Listener at 127.0.0.1/13796] INFO  ratis.OzoneManagerStateMachine (HadoopExecutors.java:shutdown(118)) - Gracefully shutting down executor service. Waiting max 5 SECONDS
2021-01-18 07:23:25,260 [Listener at 127.0.0.1/13796] INFO  ratis.OzoneManagerStateMachine (HadoopExecutors.java:shutdown(129)) - Succesfully shutdown executor service
2021-01-18 07:23:25,260 [Listener at 127.0.0.1/13796] INFO  utils.BackgroundService (BackgroundService.java:shutdown(132)) - Shutting down service KeyDeletingService
2021-01-18 07:23:25,261 [Listener at 127.0.0.1/13796] INFO  handler.ContextHandler (ContextHandler.java:doStop(1154)) - Stopped o.e.j.w.WebAppContext@2dfac8f{ozoneManager,/,null,STOPPED}{file:/github/workspace/mnt/ozone/hadoop-ozone/integration-test/target/test-classes/webapps/ozoneManager}
2021-01-18 07:23:25,262 [Listener at 127.0.0.1/13796] INFO  server.AbstractConnector (AbstractConnector.java:doStop(381)) - Stopped ServerConnector@6ce74e8{HTTP/1.1, (http/1.1)}{0.0.0.0:13786}
2021-01-18 07:23:25,263 [Listener at 127.0.0.1/13796] INFO  server.session (HouseKeeper.java:stopScavenging(149)) - node0 Stopped scavenging
2021-01-18 07:23:25,263 [Listener at 127.0.0.1/13796] INFO  handler.ContextHandler (ContextHandler.java:doStop(1154)) - Stopped o.e.j.s.ServletContextHandler@b705d2c{static,/static,file:///github/workspace/mnt/ozone/hadoop-ozone/integration-test/target/test-classes/webapps/static,STOPPED}
2021-01-18 07:23:25,263 [Listener at 127.0.0.1/13796] INFO  handler.ContextHandler (ContextHandler.java:doStop(1154)) - Stopped o.e.j.s.ServletContextHandler@259817b8{logs,/logs,file:///github/workspace/mnt/ozone/hadoop-ozone/integration-test/target/log,STOPPED}
2021-01-18 07:23:25,265 [Listener at 127.0.0.1/13796] INFO  ozone.MiniOzoneHAClusterImpl (MiniOzoneHAClusterImpl.java:stop(230)) - Stopping the OzoneManager omNode-2
2021-01-18 07:23:25,265 [Listener at 127.0.0.1/13796] INFO  ipc.Server (Server.java:stop(3359)) - Stopping server on 13790
2021-01-18 07:23:25,266 [IPC Server listener on 13790] INFO  ipc.Server (Server.java:run(1330)) - Stopping IPC Server listener on 13790
2021-01-18 07:23:25,267 [IPC Server Responder] INFO  ipc.Server (Server.java:run(1465)) - Stopping IPC Server Responder
2021-01-18 07:23:25,267 [Listener at 127.0.0.1/13796] INFO  server.RaftServer (RaftServerProxy.java:lambda$close$6(389)) - omNode-2: close
2021-01-18 07:23:25,267 [Listener at 127.0.0.1/13796] INFO  server.RaftServer$Division (RaftServerImpl.java:lambda$close$4(405)) - omNode-2@group-523986131536: shutdown
2021-01-18 07:23:25,267 [Listener at 127.0.0.1/13796] INFO  util.JmxRegister (JmxRegister.java:unregister(73)) - Successfully un-registered JMX Bean with object name Ratis:service=RaftServer,group=group-523986131536,id=omNode-2
2021-01-18 07:23:25,268 [Listener at 127.0.0.1/13796] INFO  impl.RoleInfo (RoleInfo.java:shutdownFollowerState(108)) - omNode-2: shutdown omNode-2@group-523986131536-FollowerState
2021-01-18 07:23:25,268 [Thread-166] INFO  impl.FollowerState (FollowerState.java:run(142)) - omNode-2@group-523986131536-FollowerState was interrupted: {}
java.lang.InterruptedException: sleep interrupted
	at java.lang.Thread.sleep(Native Method)
	at java.lang.Thread.sleep(Thread.java:340)
	at java.util.concurrent.TimeUnit.sleep(TimeUnit.java:386)
	at org.apache.ratis.util.TimeDuration.sleep(TimeDuration.java:324)
	at org.apache.ratis.util.TimeDuration.sleep(TimeDuration.java:309)
	at org.apache.ratis.server.impl.FollowerState.run(FollowerState.java:117)
2021-01-18 07:23:25,268 [omNode-2@group-523986131536-StateMachineUpdater] INFO  ratis.OzoneManagerStateMachine (OzoneManagerStateMachine.java:takeSnapshot(345)) - Current Snapshot Index (t:2, i:200)
2021-01-18 07:23:25,268 [omNode-2@group-523986131536-StateMachineUpdater] INFO  impl.StateMachineUpdater (StateMachineUpdater.java:takeSnapshot(279)) - omNode-2@group-523986131536-StateMachineUpdater: Took a snapshot at index 200
2021-01-18 07:23:25,268 [omNode-2@group-523986131536-StateMachineUpdater] INFO  impl.StateMachineUpdater (StateMachineUpdater.java:lambda$new$0(88)) - omNode-2@group-523986131536-StateMachineUpdater: snapshotIndex: updateIncreasingly 198 -> 200
2021-01-18 07:23:25,268 [omNode-2@group-523986131536-StateMachineUpdater] INFO  metrics.RatisMetrics (RatisMetrics.java:unregister(43)) - Unregistering Metrics Registry : ratis.state_machine.omNode-2@group-523986131536
2021-01-18 07:23:25,269 [Listener at 127.0.0.1/13796] INFO  impl.StateMachineUpdater (StateMachineUpdater.java:stopAndJoin(148)) - omNode-2@group-523986131536-StateMachineUpdater: set stopIndex = 200
2021-01-18 07:23:25,269 [Listener at 127.0.0.1/13796] INFO  server.RaftServer$Division (ServerState.java:close(400)) - omNode-2@group-523986131536: closes. applyIndex: 200
2021-01-18 07:23:25,269 [omNode-2@group-523986131536-SegmentedRaftLogWorker] INFO  segmented.SegmentedRaftLogWorker (SegmentedRaftLogWorker.java:run(326)) - omNode-2@group-523986131536-SegmentedRaftLogWorker was interrupted, exiting. There are 0 tasks remaining in the queue.
2021-01-18 07:23:25,270 [Listener at 127.0.0.1/13796] INFO  segmented.SegmentedRaftLogWorker (SegmentedRaftLogWorker.java:close(236)) - omNode-2@group-523986131536-SegmentedRaftLogWorker close()
2021-01-18 07:23:25,270 [Listener at 127.0.0.1/13796] INFO  metrics.RatisMetrics (RatisMetrics.java:unregister(43)) - Unregistering Metrics Registry : ratis.log_worker.omNode-2@group-523986131536
2021-01-18 07:23:25,270 [Listener at 127.0.0.1/13796] INFO  metrics.RatisMetrics (RatisMetrics.java:unregister(43)) - Unregistering Metrics Registry : ratis.leader_election.omNode-2@group-523986131536
2021-01-18 07:23:25,271 [Listener at 127.0.0.1/13796] INFO  metrics.RatisMetrics (RatisMetrics.java:unregister(43)) - Unregistering Metrics Registry : ratis.server.omNode-2@group-523986131536
2021-01-18 07:23:25,271 [Listener at 127.0.0.1/13796] INFO  server.GrpcService (GrpcService.java:closeImpl(183)) - omNode-2: shutdown server with port 13794 now
2021-01-18 07:23:25,272 [Listener at 127.0.0.1/13796] INFO  server.GrpcService (GrpcService.java:closeImpl(192)) - omNode-2: shutdown server with port 13794 successfully
2021-01-18 07:23:25,272 [org.apache.ratis.util.JvmPauseMonitor$$Lambda$305/1979302296@35c0411b] INFO  util.JvmPauseMonitor (JvmPauseMonitor.java:run(109)) - JvmPauseMonitor-omNode-2: Stopped
2021-01-18 07:23:25,272 [Listener at 127.0.0.1/13796] INFO  ratis.OzoneManagerDoubleBuffer (OzoneManagerDoubleBuffer.java:stop(425)) - Stopping OMDoubleBuffer flush thread
2021-01-18 07:23:25,272 [OMDoubleBufferFlushThread] INFO  ratis.OzoneManagerDoubleBuffer (OzoneManagerDoubleBuffer.java:flushTransactions(352)) - OMDoubleBuffer flush thread OMDoubleBufferFlushThread is interrupted and will exit. OMDoubleBufferFlushThread
2021-01-18 07:23:25,273 [Listener at 127.0.0.1/13796] INFO  ratis.OzoneManagerStateMachine (HadoopExecutors.java:shutdown(118)) - Gracefully shutting down executor service. Waiting max 5 SECONDS
2021-01-18 07:23:25,273 [Listener at 127.0.0.1/13796] INFO  ratis.OzoneManagerStateMachine (HadoopExecutors.java:shutdown(129)) - Succesfully shutdown executor service
2021-01-18 07:23:25,273 [Listener at 127.0.0.1/13796] INFO  ratis.OzoneManagerStateMachine (HadoopExecutors.java:shutdown(118)) - Gracefully shutting down executor service. Waiting max 5 SECONDS
2021-01-18 07:23:25,273 [Listener at 127.0.0.1/13796] INFO  ratis.OzoneManagerStateMachine (HadoopExecutors.java:shutdown(129)) - Succesfully shutdown executor service
2021-01-18 07:23:25,273 [Listener at 127.0.0.1/13796] INFO  utils.BackgroundService (BackgroundService.java:shutdown(132)) - Shutting down service KeyDeletingService
2021-01-18 07:23:25,275 [Listener at 127.0.0.1/13796] INFO  handler.ContextHandler (ContextHandler.java:doStop(1154)) - Stopped o.e.j.w.WebAppContext@d372edd{ozoneManager,/,null,STOPPED}{file:/github/workspace/mnt/ozone/hadoop-ozone/integration-test/target/test-classes/webapps/ozoneManager}
2021-01-18 07:23:25,275 [Listener at 127.0.0.1/13796] INFO  server.AbstractConnector (AbstractConnector.java:doStop(381)) - Stopped ServerConnector@7b7fcdba{HTTP/1.1, (http/1.1)}{0.0.0.0:13792}
2021-01-18 07:23:25,275 [Listener at 127.0.0.1/13796] INFO  server.session (HouseKeeper.java:stopScavenging(149)) - node0 Stopped scavenging
2021-01-18 07:23:25,276 [Listener at 127.0.0.1/13796] INFO  handler.ContextHandler (ContextHandler.java:doStop(1154)) - Stopped o.e.j.s.ServletContextHandler@6a7d7a10{static,/static,file:///github/workspace/mnt/ozone/hadoop-ozone/integration-test/target/test-classes/webapps/static,STOPPED}
2021-01-18 07:23:25,276 [Listener at 127.0.0.1/13796] INFO  handler.ContextHandler (ContextHandler.java:doStop(1154)) - Stopped o.e.j.s.ServletContextHandler@27309e29{logs,/logs,file:///github/workspace/mnt/ozone/hadoop-ozone/integration-test/target/log,STOPPED}
2021-01-18 07:23:25,277 [Listener at 127.0.0.1/13796] INFO  ozone.MiniOzoneClusterImpl (MiniOzoneClusterImpl.java:stop(404)) - Stopping the Mini Ozone Cluster
2021-01-18 07:23:25,278 [Listener at 127.0.0.1/13796] INFO  ozone.MiniOzoneClusterImpl (MiniOzoneClusterImpl.java:stopDatanodes(463)) - Stopping the HddsDatanodes
2021-01-18 07:23:25,403 [Datanode State Machine Thread - 0] INFO  statemachine.DatanodeStateMachine (DatanodeStateMachine.java:lambda$startDaemon$0(408)) - Ozone container server started.
2021-01-18 07:23:25,734 [Datanode State Machine Thread - 0] INFO  statemachine.DatanodeStateMachine (DatanodeStateMachine.java:lambda$startDaemon$0(408)) - Ozone container server started.
2021-01-18 07:23:30,279 [Listener at 127.0.0.1/13796] INFO  ozoneimpl.OzoneContainer (OzoneContainer.java:stop(273)) - Attempting to stop container services.
2021-01-18 07:23:30,279 [ForkJoinPool.commonPool-worker-0] INFO  ozoneimpl.OzoneContainer (OzoneContainer.java:stop(273)) - Attempting to stop container services.
2021-01-18 07:23:30,280 [Listener at 127.0.0.1/13796] INFO  server.RaftServer (RaftServerProxy.java:lambda$close$6(389)) - 82d7d2f8-b8a6-49fb-a52d-45f65ec50674: close
2021-01-18 07:23:30,280 [Listener at 127.0.0.1/13796] INFO  server.RaftServer$Division (RaftServerImpl.java:lambda$close$4(405)) - 82d7d2f8-b8a6-49fb-a52d-45f65ec50674@group-147C4D88AB47: shutdown
2021-01-18 07:23:30,280 [ForkJoinPool.commonPool-worker-0] INFO  server.RaftServer (RaftServerProxy.java:lambda$close$6(389)) - f0d6c3f1-3e1c-4709-8909-543e2e55c827: close
2021-01-18 07:23:30,281 [ForkJoinPool.commonPool-worker-0] INFO  server.RaftServer$Division (RaftServerImpl.java:lambda$close$4(405)) - f0d6c3f1-3e1c-4709-8909-543e2e55c827@group-147C4D88AB47: shutdown
2021-01-18 07:23:30,281 [ForkJoinPool.commonPool-worker-0] INFO  util.JmxRegister (JmxRegister.java:unregister(73)) - Successfully un-registered JMX Bean with object name Ratis:service=RaftServer,group=group-147C4D88AB47,id=f0d6c3f1-3e1c-4709-8909-543e2e55c827
2021-01-18 07:23:30,281 [ForkJoinPool.commonPool-worker-0] INFO  impl.RoleInfo (RoleInfo.java:shutdownLeaderState(91)) - f0d6c3f1-3e1c-4709-8909-543e2e55c827: shutdown f0d6c3f1-3e1c-4709-8909-543e2e55c827@group-147C4D88AB47-LeaderStateImpl
2021-01-18 07:23:30,281 [ForkJoinPool.commonPool-worker-0] INFO  metrics.RatisMetrics (RatisMetrics.java:unregister(43)) - Unregistering Metrics Registry : ratis_grpc.log_appender.f0d6c3f1-3e1c-4709-8909-543e2e55c827@group-147C4D88AB47
2021-01-18 07:23:30,280 [Listener at 127.0.0.1/13796] INFO  util.JmxRegister (JmxRegister.java:unregister(73)) - Successfully un-registered JMX Bean with object name Ratis:service=RaftServer,group=group-147C4D88AB47,id=82d7d2f8-b8a6-49fb-a52d-45f65ec50674
2021-01-18 07:23:30,281 [Listener at 127.0.0.1/13796] INFO  impl.RoleInfo (RoleInfo.java:shutdownFollowerState(108)) - 82d7d2f8-b8a6-49fb-a52d-45f65ec50674: shutdown 82d7d2f8-b8a6-49fb-a52d-45f65ec50674@group-147C4D88AB47-FollowerState
2021-01-18 07:23:30,281 [ForkJoinPool.commonPool-worker-0] INFO  metrics.RatisMetrics (RatisMetrics.java:unregister(43)) - Unregistering Metrics Registry : ratis_grpc.log_appender.f0d6c3f1-3e1c-4709-8909-543e2e55c827@group-147C4D88AB47
2021-01-18 07:23:30,281 [Thread-343] INFO  impl.FollowerState (FollowerState.java:run(142)) - 82d7d2f8-b8a6-49fb-a52d-45f65ec50674@group-147C4D88AB47-FollowerState was interrupted: {}
java.lang.InterruptedException: sleep interrupted
	at java.lang.Thread.sleep(Native Method)
	at java.lang.Thread.sleep(Thread.java:340)
	at java.util.concurrent.TimeUnit.sleep(TimeUnit.java:386)
	at org.apache.ratis.util.TimeDuration.sleep(TimeDuration.java:324)
	at org.apache.ratis.util.TimeDuration.sleep(TimeDuration.java:309)
	at org.apache.ratis.server.impl.FollowerState.run(FollowerState.java:117)
2021-01-18 07:23:30,282 [82d7d2f8-b8a6-49fb-a52d-45f65ec50674@group-147C4D88AB47-StateMachineUpdater] INFO  ratis.ContainerStateMachine (ContainerStateMachine.java:takeSnapshot(291)) - group-147C4D88AB47: Taking a snapshot at:(t:1, i:0) file /github/workspace/mnt/ozone/hadoop-ozone/integration-test/target/test-dir/MiniOzoneClusterImpl-31fb86ba-d539-4b3f-b864-a30db12016a3/datanode-1/data/ratis/712a9273-c4aa-457a-ac5f-147c4d88ab47/sm/snapshot.1_0
2021-01-18 07:23:30,281 [Listener at 127.0.0.1/13796] INFO  impl.StateMachineUpdater (StateMachineUpdater.java:stopAndJoin(148)) - 82d7d2f8-b8a6-49fb-a52d-45f65ec50674@group-147C4D88AB47-StateMachineUpdater: set stopIndex = 0
2021-01-18 07:23:30,281 [ForkJoinPool.commonPool-worker-0] INFO  impl.PendingRequests (PendingRequests.java:sendNotLeaderResponses(249)) - f0d6c3f1-3e1c-4709-8909-543e2e55c827@group-147C4D88AB47-PendingRequests: sendNotLeaderResponses
2021-01-18 07:23:30,285 [ForkJoinPool.commonPool-worker-0] INFO  metrics.RatisMetrics (RatisMetrics.java:unregister(43)) - Unregistering Metrics Registry : ratis.log_appender.f0d6c3f1-3e1c-4709-8909-543e2e55c827@group-147C4D88AB47
2021-01-18 07:23:30,285 [ForkJoinPool.commonPool-worker-0] INFO  metrics.RatisMetrics (RatisMetrics.java:unregister(43)) - Unregistering Metrics Registry : ratis.server.f0d6c3f1-3e1c-4709-8909-543e2e55c827@group-147C4D88AB47
2021-01-18 07:23:30,288 [f0d6c3f1-3e1c-4709-8909-543e2e55c827@group-147C4D88AB47->82d7d2f8-b8a6-49fb-a52d-45f65ec50674-GrpcLogAppender-LogAppenderDaemon] WARN  server.GrpcLogAppender (GrpcLogAppender.java:mayWait(175)) - f0d6c3f1-3e1c-4709-8909-543e2e55c827@group-147C4D88AB47->82d7d2f8-b8a6-49fb-a52d-45f65ec50674-GrpcLogAppender: Wait interrupted by java.lang.InterruptedException
2021-01-18 07:23:30,288 [f0d6c3f1-3e1c-4709-8909-543e2e55c827@group-147C4D88AB47->4c7fc10d-533a-48df-9dd5-d11737eac487-GrpcLogAppender-LogAppenderDaemon] WARN  server.GrpcLogAppender (GrpcLogAppender.java:mayWait(175)) - f0d6c3f1-3e1c-4709-8909-543e2e55c827@group-147C4D88AB47->4c7fc10d-533a-48df-9dd5-d11737eac487-GrpcLogAppender: Wait interrupted by java.lang.InterruptedException
2021-01-18 07:23:30,290 [grpc-default-executor-0] INFO  server.GrpcServerProtocolService (GrpcServerProtocolService.java:onCompleted(138)) - 4c7fc10d-533a-48df-9dd5-d11737eac487: Completed APPEND_ENTRIES, lastRequest: f0d6c3f1-3e1c-4709-8909-543e2e55c827->4c7fc10d-533a-48df-9dd5-d11737eac487#1-t1,previous=(t:0, i:0),leaderCommit=0,initializing? true,entries: size=1, first=(t:1, i:0), CONFIGURATIONENTRY
2021-01-18 07:23:30,291 [grpc-default-executor-0] INFO  server.GrpcLogAppender (GrpcLogAppender.java:onCompleted(344)) - f0d6c3f1-3e1c-4709-8909-543e2e55c827@group-147C4D88AB47->4c7fc10d-533a-48df-9dd5-d11737eac487-AppendLogResponseHandler: follower responses appendEntries COMPLETED
2021-01-18 07:23:30,291 [grpc-default-executor-0] INFO  leader.FollowerInfo (FollowerInfoImpl.java:lambda$new$0(46)) - f0d6c3f1-3e1c-4709-8909-543e2e55c827@group-147C4D88AB47->4c7fc10d-533a-48df-9dd5-d11737eac487: nextIndex: updateUnconditionally 1 -> 0
2021-01-18 07:23:30,291 [ForkJoinPool.commonPool-worker-0] INFO  impl.StateMachineUpdater (StateMachineUpdater.java:stopAndJoin(148)) - f0d6c3f1-3e1c-4709-8909-543e2e55c827@group-147C4D88AB47-StateMachineUpdater: set stopIndex = 0
2021-01-18 07:23:30,291 [f0d6c3f1-3e1c-4709-8909-543e2e55c827@group-147C4D88AB47-StateMachineUpdater] INFO  ratis.ContainerStateMachine (ContainerStateMachine.java:takeSnapshot(291)) - group-147C4D88AB47: Taking a snapshot at:(t:1, i:0) file /github/workspace/mnt/ozone/hadoop-ozone/integration-test/target/test-dir/MiniOzoneClusterImpl-31fb86ba-d539-4b3f-b864-a30db12016a3/datanode-0/data/ratis/712a9273-c4aa-457a-ac5f-147c4d88ab47/sm/snapshot.1_0
2021-01-18 07:23:30,291 [grpc-default-executor-0] INFO  server.GrpcServerProtocolService (GrpcServerProtocolService.java:onCompleted(138)) - 82d7d2f8-b8a6-49fb-a52d-45f65ec50674: Completed APPEND_ENTRIES, lastRequest: f0d6c3f1-3e1c-4709-8909-543e2e55c827->82d7d2f8-b8a6-49fb-a52d-45f65ec50674#1-t1,previous=(t:0, i:0),leaderCommit=0,initializing? true,entries: size=1, first=(t:1, i:0), CONFIGURATIONENTRY
2021-01-18 07:23:30,293 [grpc-default-executor-1] INFO  server.GrpcLogAppender (GrpcLogAppender.java:onCompleted(344)) - f0d6c3f1-3e1c-4709-8909-543e2e55c827@group-147C4D88AB47->82d7d2f8-b8a6-49fb-a52d-45f65ec50674-AppendLogResponseHandler: follower responses appendEntries COMPLETED
2021-01-18 07:23:30,293 [grpc-default-executor-1] INFO  leader.FollowerInfo (FollowerInfoImpl.java:lambda$new$0(46)) - f0d6c3f1-3e1c-4709-8909-543e2e55c827@group-147C4D88AB47->82d7d2f8-b8a6-49fb-a52d-45f65ec50674: nextIndex: updateUnconditionally 1 -> 0
2021-01-18 07:23:30,338 [f0d6c3f1-3e1c-4709-8909-543e2e55c827@group-147C4D88AB47-StateMachineUpdater] INFO  ratis.ContainerStateMachine (ContainerStateMachine.java:takeSnapshot(302)) - group-147C4D88AB47: Finished taking a snapshot at:(t:1, i:0) file:/github/workspace/mnt/ozone/hadoop-ozone/integration-test/target/test-dir/MiniOzoneClusterImpl-31fb86ba-d539-4b3f-b864-a30db12016a3/datanode-0/data/ratis/712a9273-c4aa-457a-ac5f-147c4d88ab47/sm/snapshot.1_0 took: 47 ms
2021-01-18 07:23:30,340 [f0d6c3f1-3e1c-4709-8909-543e2e55c827@group-147C4D88AB47-StateMachineUpdater] INFO  impl.StateMachineUpdater (StateMachineUpdater.java:takeSnapshot(279)) - f0d6c3f1-3e1c-4709-8909-543e2e55c827@group-147C4D88AB47-StateMachineUpdater: Took a snapshot at index 0
2021-01-18 07:23:30,340 [f0d6c3f1-3e1c-4709-8909-543e2e55c827@group-147C4D88AB47-StateMachineUpdater] INFO  impl.StateMachineUpdater (StateMachineUpdater.java:lambda$new$0(88)) - f0d6c3f1-3e1c-4709-8909-543e2e55c827@group-147C4D88AB47-StateMachineUpdater: snapshotIndex: updateIncreasingly -1 -> 0
2021-01-18 07:23:30,342 [f0d6c3f1-3e1c-4709-8909-543e2e55c827@group-147C4D88AB47-StateMachineUpdater] INFO  metrics.RatisMetrics (RatisMetrics.java:unregister(43)) - Unregistering Metrics Registry : ratis.state_machine.f0d6c3f1-3e1c-4709-8909-543e2e55c827@group-147C4D88AB47
2021-01-18 07:23:30,342 [ForkJoinPool.commonPool-worker-0] INFO  server.RaftServer$Division (ServerState.java:close(400)) - f0d6c3f1-3e1c-4709-8909-543e2e55c827@group-147C4D88AB47: closes. applyIndex: 0
2021-01-18 07:23:30,342 [82d7d2f8-b8a6-49fb-a52d-45f65ec50674@group-147C4D88AB47-StateMachineUpdater] INFO  ratis.ContainerStateMachine (ContainerStateMachine.java:takeSnapshot(302)) - group-147C4D88AB47: Finished taking a snapshot at:(t:1, i:0) file:/github/workspace/mnt/ozone/hadoop-ozone/integration-test/target/test-dir/MiniOzoneClusterImpl-31fb86ba-d539-4b3f-b864-a30db12016a3/datanode-1/data/ratis/712a9273-c4aa-457a-ac5f-147c4d88ab47/sm/snapshot.1_0 took: 61 ms
2021-01-18 07:23:30,343 [f0d6c3f1-3e1c-4709-8909-543e2e55c827@group-147C4D88AB47-SegmentedRaftLogWorker] INFO  segmented.SegmentedRaftLogWorker (SegmentedRaftLogWorker.java:run(326)) - f0d6c3f1-3e1c-4709-8909-543e2e55c827@group-147C4D88AB47-SegmentedRaftLogWorker was interrupted, exiting. There are 0 tasks remaining in the queue.
2021-01-18 07:23:30,343 [82d7d2f8-b8a6-49fb-a52d-45f65ec50674@group-147C4D88AB47-StateMachineUpdater] INFO  impl.StateMachineUpdater (StateMachineUpdater.java:takeSnapshot(279)) - 82d7d2f8-b8a6-49fb-a52d-45f65ec50674@group-147C4D88AB47-StateMachineUpdater: Took a snapshot at index 0
2021-01-18 07:23:30,343 [82d7d2f8-b8a6-49fb-a52d-45f65ec50674@group-147C4D88AB47-StateMachineUpdater] INFO  impl.StateMachineUpdater (StateMachineUpdater.java:lambda$new$0(88)) - 82d7d2f8-b8a6-49fb-a52d-45f65ec50674@group-147C4D88AB47-StateMachineUpdater: snapshotIndex: updateIncreasingly -1 -> 0
2021-01-18 07:23:30,343 [ForkJoinPool.commonPool-worker-0] INFO  segmented.SegmentedRaftLogWorker (SegmentedRaftLogWorker.java:close(236)) - f0d6c3f1-3e1c-4709-8909-543e2e55c827@group-147C4D88AB47-SegmentedRaftLogWorker close()
2021-01-18 07:23:30,343 [82d7d2f8-b8a6-49fb-a52d-45f65ec50674@group-147C4D88AB47-StateMachineUpdater] INFO  metrics.RatisMetrics (RatisMetrics.java:unregister(43)) - Unregistering Metrics Registry : ratis.state_machine.82d7d2f8-b8a6-49fb-a52d-45f65ec50674@group-147C4D88AB47
2021-01-18 07:23:30,344 [ForkJoinPool.commonPool-worker-0] INFO  metrics.RatisMetrics (RatisMetrics.java:unregister(43)) - Unregistering Metrics Registry : ratis.log_worker.f0d6c3f1-3e1c-4709-8909-543e2e55c827@group-147C4D88AB47
2021-01-18 07:23:30,344 [Listener at 127.0.0.1/13796] INFO  server.RaftServer$Division (ServerState.java:close(400)) - 82d7d2f8-b8a6-49fb-a52d-45f65ec50674@group-147C4D88AB47: closes. applyIndex: 0
2021-01-18 07:23:30,344 [ForkJoinPool.commonPool-worker-0] INFO  metrics.RatisMetrics (RatisMetrics.java:unregister(43)) - Unregistering Metrics Registry : ratis.leader_election.f0d6c3f1-3e1c-4709-8909-543e2e55c827@group-147C4D88AB47
2021-01-18 07:23:30,344 [ForkJoinPool.commonPool-worker-0] INFO  metrics.RatisMetrics (RatisMetrics.java:unregister(43)) - Unregistering Metrics Registry : ratis.server.f0d6c3f1-3e1c-4709-8909-543e2e55c827@group-147C4D88AB47
2021-01-18 07:23:30,344 [ForkJoinPool.commonPool-worker-0] INFO  server.RaftServer$Division (RaftServerImpl.java:lambda$close$4(405)) - f0d6c3f1-3e1c-4709-8909-543e2e55c827@group-3ED4659B23B2: shutdown
2021-01-18 07:23:30,344 [ForkJoinPool.commonPool-worker-0] INFO  util.JmxRegister (JmxRegister.java:unregister(73)) - Successfully un-registered JMX Bean with object name Ratis:service=RaftServer,group=group-3ED4659B23B2,id=f0d6c3f1-3e1c-4709-8909-543e2e55c827
2021-01-18 07:23:30,344 [ForkJoinPool.commonPool-worker-0] INFO  impl.RoleInfo (RoleInfo.java:shutdownLeaderState(91)) - f0d6c3f1-3e1c-4709-8909-543e2e55c827: shutdown f0d6c3f1-3e1c-4709-8909-543e2e55c827@group-3ED4659B23B2-LeaderStateImpl
2021-01-18 07:23:30,344 [ForkJoinPool.commonPool-worker-0] INFO  impl.PendingRequests (PendingRequests.java:sendNotLeaderResponses(249)) - f0d6c3f1-3e1c-4709-8909-543e2e55c827@group-3ED4659B23B2-PendingRequests: sendNotLeaderResponses
2021-01-18 07:23:30,345 [ForkJoinPool.commonPool-worker-0] INFO  metrics.RatisMetrics (RatisMetrics.java:unregister(43)) - Unregistering Metrics Registry : ratis.log_appender.f0d6c3f1-3e1c-4709-8909-543e2e55c827@group-3ED4659B23B2
2021-01-18 07:23:30,345 [82d7d2f8-b8a6-49fb-a52d-45f65ec50674@group-147C4D88AB47-SegmentedRaftLogWorker] INFO  segmented.SegmentedRaftLogWorker (SegmentedRaftLogWorker.java:run(326)) - 82d7d2f8-b8a6-49fb-a52d-45f65ec50674@group-147C4D88AB47-SegmentedRaftLogWorker was interrupted, exiting. There are 0 tasks remaining in the queue.
2021-01-18 07:23:30,345 [Listener at 127.0.0.1/13796] INFO  segmented.SegmentedRaftLogWorker (SegmentedRaftLogWorker.java:close(236)) - 82d7d2f8-b8a6-49fb-a52d-45f65ec50674@group-147C4D88AB47-SegmentedRaftLogWorker close()
2021-01-18 07:23:30,345 [ForkJoinPool.commonPool-worker-0] INFO  metrics.RatisMetrics (RatisMetrics.java:unregister(43)) - Unregistering Metrics Registry : ratis.server.f0d6c3f1-3e1c-4709-8909-543e2e55c827@group-3ED4659B23B2
2021-01-18 07:23:30,346 [ForkJoinPool.commonPool-worker-0] INFO  impl.StateMachineUpdater (StateMachineUpdater.java:stopAndJoin(148)) - f0d6c3f1-3e1c-4709-8909-543e2e55c827@group-3ED4659B23B2-StateMachineUpdater: set stopIndex = 0
2021-01-18 07:23:30,345 [Listener at 127.0.0.1/13796] INFO  metrics.RatisMetrics (RatisMetrics.java:unregister(43)) - Unregistering Metrics Registry : ratis.log_worker.82d7d2f8-b8a6-49fb-a52d-45f65ec50674@group-147C4D88AB47
2021-01-18 07:23:30,346 [Listener at 127.0.0.1/13796] INFO  metrics.RatisMetrics (RatisMetrics.java:unregister(43)) - Unregistering Metrics Registry : ratis.leader_election.82d7d2f8-b8a6-49fb-a52d-45f65ec50674@group-147C4D88AB47
2021-01-18 07:23:30,346 [Listener at 127.0.0.1/13796] INFO  metrics.RatisMetrics (RatisMetrics.java:unregister(43)) - Unregistering Metrics Registry : ratis.server.82d7d2f8-b8a6-49fb-a52d-45f65ec50674@group-147C4D88AB47
2021-01-18 07:23:30,346 [Listener at 127.0.0.1/13796] INFO  server.RaftServer$Division (RaftServerImpl.java:lambda$close$4(405)) - 82d7d2f8-b8a6-49fb-a52d-45f65ec50674@group-2E23C8BD3B75: shutdown
2021-01-18 07:23:30,346 [Listener at 127.0.0.1/13796] INFO  util.JmxRegister (JmxRegister.java:unregister(73)) - Successfully un-registered JMX Bean with object name Ratis:service=RaftServer,group=group-2E23C8BD3B75,id=82d7d2f8-b8a6-49fb-a52d-45f65ec50674
2021-01-18 07:23:30,347 [Listener at 127.0.0.1/13796] INFO  impl.RoleInfo (RoleInfo.java:shutdownLeaderState(91)) - 82d7d2f8-b8a6-49fb-a52d-45f65ec50674: shutdown 82d7d2f8-b8a6-49fb-a52d-45f65ec50674@group-2E23C8BD3B75-LeaderStateImpl
2021-01-18 07:23:30,347 [Listener at 127.0.0.1/13796] INFO  impl.PendingRequests (PendingRequests.java:sendNotLeaderResponses(249)) - 82d7d2f8-b8a6-49fb-a52d-45f65ec50674@group-2E23C8BD3B75-PendingRequests: sendNotLeaderResponses
2021-01-18 07:23:30,347 [Listener at 127.0.0.1/13796] INFO  metrics.RatisMetrics (RatisMetrics.java:unregister(43)) - Unregistering Metrics Registry : ratis.log_appender.82d7d2f8-b8a6-49fb-a52d-45f65ec50674@group-2E23C8BD3B75
2021-01-18 07:23:30,347 [Listener at 127.0.0.1/13796] INFO  metrics.RatisMetrics (RatisMetrics.java:unregister(43)) - Unregistering Metrics Registry : ratis.server.82d7d2f8-b8a6-49fb-a52d-45f65ec50674@group-2E23C8BD3B75
2021-01-18 07:23:30,347 [Listener at 127.0.0.1/13796] INFO  impl.StateMachineUpdater (StateMachineUpdater.java:stopAndJoin(148)) - 82d7d2f8-b8a6-49fb-a52d-45f65ec50674@group-2E23C8BD3B75-StateMachineUpdater: set stopIndex = 0
2021-01-18 07:23:30,346 [f0d6c3f1-3e1c-4709-8909-543e2e55c827@group-3ED4659B23B2-StateMachineUpdater] INFO  ratis.ContainerStateMachine (ContainerStateMachine.java:takeSnapshot(291)) - group-3ED4659B23B2: Taking a snapshot at:(t:1, i:0) file /github/workspace/mnt/ozone/hadoop-ozone/integration-test/target/test-dir/MiniOzoneClusterImpl-31fb86ba-d539-4b3f-b864-a30db12016a3/datanode-0/data/ratis/c80f8d4f-021f-4af7-8413-3ed4659b23b2/sm/snapshot.1_0
2021-01-18 07:23:30,348 [82d7d2f8-b8a6-49fb-a52d-45f65ec50674@group-2E23C8BD3B75-StateMachineUpdater] INFO  ratis.ContainerStateMachine (ContainerStateMachine.java:takeSnapshot(291)) - group-2E23C8BD3B75: Taking a snapshot at:(t:1, i:0) file /github/workspace/mnt/ozone/hadoop-ozone/integration-test/target/test-dir/MiniOzoneClusterImpl-31fb86ba-d539-4b3f-b864-a30db12016a3/datanode-1/data/ratis/bc6a37fc-816f-4177-8d5c-2e23c8bd3b75/sm/snapshot.1_0
2021-01-18 07:23:30,348 [f0d6c3f1-3e1c-4709-8909-543e2e55c827@group-3ED4659B23B2-StateMachineUpdater] INFO  ratis.ContainerStateMachine (ContainerStateMachine.java:takeSnapshot(302)) - group-3ED4659B23B2: Finished taking a snapshot at:(t:1, i:0) file:/github/workspace/mnt/ozone/hadoop-ozone/integration-test/target/test-dir/MiniOzoneClusterImpl-31fb86ba-d539-4b3f-b864-a30db12016a3/datanode-0/data/ratis/c80f8d4f-021f-4af7-8413-3ed4659b23b2/sm/snapshot.1_0 took: 3 ms
2021-01-18 07:23:30,348 [f0d6c3f1-3e1c-4709-8909-543e2e55c827@group-3ED4659B23B2-StateMachineUpdater] INFO  impl.StateMachineUpdater (StateMachineUpdater.java:takeSnapshot(279)) - f0d6c3f1-3e1c-4709-8909-543e2e55c827@group-3ED4659B23B2-StateMachineUpdater: Took a snapshot at index 0
2021-01-18 07:23:30,348 [f0d6c3f1-3e1c-4709-8909-543e2e55c827@group-3ED4659B23B2-StateMachineUpdater] INFO  impl.StateMachineUpdater (StateMachineUpdater.java:lambda$new$0(88)) - f0d6c3f1-3e1c-4709-8909-543e2e55c827@group-3ED4659B23B2-StateMachineUpdater: snapshotIndex: updateIncreasingly -1 -> 0
2021-01-18 07:23:30,348 [f0d6c3f1-3e1c-4709-8909-543e2e55c827@group-3ED4659B23B2-StateMachineUpdater] INFO  metrics.RatisMetrics (RatisMetrics.java:unregister(43)) - Unregistering Metrics Registry : ratis.state_machine.f0d6c3f1-3e1c-4709-8909-543e2e55c827@group-3ED4659B23B2
2021-01-18 07:23:30,348 [ForkJoinPool.commonPool-worker-0] INFO  server.RaftServer$Division (ServerState.java:close(400)) - f0d6c3f1-3e1c-4709-8909-543e2e55c827@group-3ED4659B23B2: closes. applyIndex: 0
2021-01-18 07:23:30,349 [82d7d2f8-b8a6-49fb-a52d-45f65ec50674@group-2E23C8BD3B75-StateMachineUpdater] INFO  ratis.ContainerStateMachine (ContainerStateMachine.java:takeSnapshot(302)) - group-2E23C8BD3B75: Finished taking a snapshot at:(t:1, i:0) file:/github/workspace/mnt/ozone/hadoop-ozone/integration-test/target/test-dir/MiniOzoneClusterImpl-31fb86ba-d539-4b3f-b864-a30db12016a3/datanode-1/data/ratis/bc6a37fc-816f-4177-8d5c-2e23c8bd3b75/sm/snapshot.1_0 took: 1 ms
2021-01-18 07:23:30,349 [82d7d2f8-b8a6-49fb-a52d-45f65ec50674@group-2E23C8BD3B75-StateMachineUpdater] INFO  impl.StateMachineUpdater (StateMachineUpdater.java:takeSnapshot(279)) - 82d7d2f8-b8a6-49fb-a52d-45f65ec50674@group-2E23C8BD3B75-StateMachineUpdater: Took a snapshot at index 0
2021-01-18 07:23:30,349 [82d7d2f8-b8a6-49fb-a52d-45f65ec50674@group-2E23C8BD3B75-StateMachineUpdater] INFO  impl.StateMachineUpdater (StateMachineUpdater.java:lambda$new$0(88)) - 82d7d2f8-b8a6-49fb-a52d-45f65ec50674@group-2E23C8BD3B75-StateMachineUpdater: snapshotIndex: updateIncreasingly -1 -> 0
2021-01-18 07:23:30,349 [82d7d2f8-b8a6-49fb-a52d-45f65ec50674@group-2E23C8BD3B75-StateMachineUpdater] INFO  metrics.RatisMetrics (RatisMetrics.java:unregister(43)) - Unregistering Metrics Registry : ratis.state_machine.82d7d2f8-b8a6-49fb-a52d-45f65ec50674@group-2E23C8BD3B75
2021-01-18 07:23:30,349 [Listener at 127.0.0.1/13796] INFO  server.RaftServer$Division (ServerState.java:close(400)) - 82d7d2f8-b8a6-49fb-a52d-45f65ec50674@group-2E23C8BD3B75: closes. applyIndex: 0
2021-01-18 07:23:30,349 [f0d6c3f1-3e1c-4709-8909-543e2e55c827@group-3ED4659B23B2-SegmentedRaftLogWorker] INFO  segmented.SegmentedRaftLogWorker (SegmentedRaftLogWorker.java:run(326)) - f0d6c3f1-3e1c-4709-8909-543e2e55c827@group-3ED4659B23B2-SegmentedRaftLogWorker was interrupted, exiting. There are 0 tasks remaining in the queue.
2021-01-18 07:23:30,349 [82d7d2f8-b8a6-49fb-a52d-45f65ec50674@group-2E23C8BD3B75-SegmentedRaftLogWorker] INFO  segmented.SegmentedRaftLogWorker (SegmentedRaftLogWorker.java:run(326)) - 82d7d2f8-b8a6-49fb-a52d-45f65ec50674@group-2E23C8BD3B75-SegmentedRaftLogWorker was interrupted, exiting. There are 0 tasks remaining in the queue.
2021-01-18 07:23:30,349 [ForkJoinPool.commonPool-worker-0] INFO  segmented.SegmentedRaftLogWorker (SegmentedRaftLogWorker.java:close(236)) - f0d6c3f1-3e1c-4709-8909-543e2e55c827@group-3ED4659B23B2-SegmentedRaftLogWorker close()
2021-01-18 07:23:30,350 [ForkJoinPool.commonPool-worker-0] INFO  metrics.RatisMetrics (RatisMetrics.java:unregister(43)) - Unregistering Metrics Registry : ratis.log_worker.f0d6c3f1-3e1c-4709-8909-543e2e55c827@group-3ED4659B23B2
2021-01-18 07:23:30,350 [ForkJoinPool.commonPool-worker-0] INFO  metrics.RatisMetrics (RatisMetrics.java:unregister(43)) - Unregistering Metrics Registry : ratis.leader_election.f0d6c3f1-3e1c-4709-8909-543e2e55c827@group-3ED4659B23B2
2021-01-18 07:23:30,350 [ForkJoinPool.commonPool-worker-0] INFO  metrics.RatisMetrics (RatisMetrics.java:unregister(43)) - Unregistering Metrics Registry : ratis.server.f0d6c3f1-3e1c-4709-8909-543e2e55c827@group-3ED4659B23B2
2021-01-18 07:23:30,350 [ForkJoinPool.commonPool-worker-0] INFO  server.RaftServer$Division (RaftServerImpl.java:lambda$close$4(405)) - f0d6c3f1-3e1c-4709-8909-543e2e55c827@group-77B7514020FA: shutdown
2021-01-18 07:23:30,350 [ForkJoinPool.commonPool-worker-0] INFO  util.JmxRegister (JmxRegister.java:unregister(73)) - Successfully un-registered JMX Bean with object name Ratis:service=RaftServer,group=group-77B7514020FA,id=f0d6c3f1-3e1c-4709-8909-543e2e55c827
2021-01-18 07:23:30,350 [ForkJoinPool.commonPool-worker-0] INFO  impl.RoleInfo (RoleInfo.java:shutdownFollowerState(108)) - f0d6c3f1-3e1c-4709-8909-543e2e55c827: shutdown f0d6c3f1-3e1c-4709-8909-543e2e55c827@group-77B7514020FA-FollowerState
2021-01-18 07:23:30,350 [Thread-362] INFO  impl.FollowerState (FollowerState.java:run(142)) - f0d6c3f1-3e1c-4709-8909-543e2e55c827@group-77B7514020FA-FollowerState was interrupted: {}
java.lang.InterruptedException: sleep interrupted
	at java.lang.Thread.sleep(Native Method)
	at java.lang.Thread.sleep(Thread.java:340)
	at java.util.concurrent.TimeUnit.sleep(TimeUnit.java:386)
	at org.apache.ratis.util.TimeDuration.sleep(TimeDuration.java:324)
	at org.apache.ratis.util.TimeDuration.sleep(TimeDuration.java:309)
	at org.apache.ratis.server.impl.FollowerState.run(FollowerState.java:117)
2021-01-18 07:23:30,351 [f0d6c3f1-3e1c-4709-8909-543e2e55c827@group-77B7514020FA-StateMachineUpdater] INFO  ratis.ContainerStateMachine (ContainerStateMachine.java:takeSnapshot(291)) - group-77B7514020FA: Taking a snapshot at:(t:1, i:0) file /github/workspace/mnt/ozone/hadoop-ozone/integration-test/target/test-dir/MiniOzoneClusterImpl-31fb86ba-d539-4b3f-b864-a30db12016a3/datanode-0/data/ratis/3ae468c9-88cc-4b78-b2c9-77b7514020fa/sm/snapshot.1_0
2021-01-18 07:23:30,350 [Listener at 127.0.0.1/13796] INFO  segmented.SegmentedRaftLogWorker (SegmentedRaftLogWorker.java:close(236)) - 82d7d2f8-b8a6-49fb-a52d-45f65ec50674@group-2E23C8BD3B75-SegmentedRaftLogWorker close()
2021-01-18 07:23:30,351 [ForkJoinPool.commonPool-worker-0] INFO  impl.StateMachineUpdater (StateMachineUpdater.java:stopAndJoin(148)) - f0d6c3f1-3e1c-4709-8909-543e2e55c827@group-77B7514020FA-StateMachineUpdater: set stopIndex = 0
2021-01-18 07:23:30,356 [Listener at 127.0.0.1/13796] INFO  metrics.RatisMetrics (RatisMetrics.java:unregister(43)) - Unregistering Metrics Registry : ratis.log_worker.82d7d2f8-b8a6-49fb-a52d-45f65ec50674@group-2E23C8BD3B75
2021-01-18 07:23:30,356 [f0d6c3f1-3e1c-4709-8909-543e2e55c827@group-77B7514020FA-StateMachineUpdater] INFO  ratis.ContainerStateMachine (ContainerStateMachine.java:takeSnapshot(302)) - group-77B7514020FA: Finished taking a snapshot at:(t:1, i:0) file:/github/workspace/mnt/ozone/hadoop-ozone/integration-test/target/test-dir/MiniOzoneClusterImpl-31fb86ba-d539-4b3f-b864-a30db12016a3/datanode-0/data/ratis/3ae468c9-88cc-4b78-b2c9-77b7514020fa/sm/snapshot.1_0 took: 5 ms
2021-01-18 07:23:30,356 [f0d6c3f1-3e1c-4709-8909-543e2e55c827@group-77B7514020FA-StateMachineUpdater] INFO  impl.StateMachineUpdater (StateMachineUpdater.java:takeSnapshot(279)) - f0d6c3f1-3e1c-4709-8909-543e2e55c827@group-77B7514020FA-StateMachineUpdater: Took a snapshot at index 0
2021-01-18 07:23:30,356 [f0d6c3f1-3e1c-4709-8909-543e2e55c827@group-77B7514020FA-StateMachineUpdater] INFO  impl.StateMachineUpdater (StateMachineUpdater.java:lambda$new$0(88)) - f0d6c3f1-3e1c-4709-8909-543e2e55c827@group-77B7514020FA-StateMachineUpdater: snapshotIndex: updateIncreasingly -1 -> 0
2021-01-18 07:23:30,356 [f0d6c3f1-3e1c-4709-8909-543e2e55c827@group-77B7514020FA-StateMachineUpdater] INFO  metrics.RatisMetrics (RatisMetrics.java:unregister(43)) - Unregistering Metrics Registry : ratis.state_machine.f0d6c3f1-3e1c-4709-8909-543e2e55c827@group-77B7514020FA
2021-01-18 07:23:30,357 [Listener at 127.0.0.1/13796] INFO  metrics.RatisMetrics (RatisMetrics.java:unregister(43)) - Unregistering Metrics Registry : ratis.leader_election.82d7d2f8-b8a6-49fb-a52d-45f65ec50674@group-2E23C8BD3B75
2021-01-18 07:23:30,357 [Listener at 127.0.0.1/13796] INFO  metrics.RatisMetrics (RatisMetrics.java:unregister(43)) - Unregistering Metrics Registry : ratis.server.82d7d2f8-b8a6-49fb-a52d-45f65ec50674@group-2E23C8BD3B75
2021-01-18 07:23:30,357 [Listener at 127.0.0.1/13796] INFO  server.RaftServer$Division (RaftServerImpl.java:lambda$close$4(405)) - 82d7d2f8-b8a6-49fb-a52d-45f65ec50674@group-77B7514020FA: shutdown
2021-01-18 07:23:30,357 [Listener at 127.0.0.1/13796] INFO  util.JmxRegister (JmxRegister.java:unregister(73)) - Successfully un-registered JMX Bean with object name Ratis:service=RaftServer,group=group-77B7514020FA,id=82d7d2f8-b8a6-49fb-a52d-45f65ec50674
2021-01-18 07:23:30,357 [Listener at 127.0.0.1/13796] INFO  impl.RoleInfo (RoleInfo.java:shutdownLeaderState(91)) - 82d7d2f8-b8a6-49fb-a52d-45f65ec50674: shutdown 82d7d2f8-b8a6-49fb-a52d-45f65ec50674@group-77B7514020FA-LeaderStateImpl
2021-01-18 07:23:30,357 [Listener at 127.0.0.1/13796] INFO  metrics.RatisMetrics (RatisMetrics.java:unregister(43)) - Unregistering Metrics Registry : ratis_grpc.log_appender.82d7d2f8-b8a6-49fb-a52d-45f65ec50674@group-77B7514020FA
2021-01-18 07:23:30,358 [Listener at 127.0.0.1/13796] INFO  metrics.RatisMetrics (RatisMetrics.java:unregister(43)) - Unregistering Metrics Registry : ratis_grpc.log_appender.82d7d2f8-b8a6-49fb-a52d-45f65ec50674@group-77B7514020FA
2021-01-18 07:23:30,358 [Listener at 127.0.0.1/13796] INFO  impl.PendingRequests (PendingRequests.java:sendNotLeaderResponses(249)) - 82d7d2f8-b8a6-49fb-a52d-45f65ec50674@group-77B7514020FA-PendingRequests: sendNotLeaderResponses
2021-01-18 07:23:30,358 [Listener at 127.0.0.1/13796] INFO  metrics.RatisMetrics (RatisMetrics.java:unregister(43)) - Unregistering Metrics Registry : ratis.log_appender.82d7d2f8-b8a6-49fb-a52d-45f65ec50674@group-77B7514020FA
2021-01-18 07:23:30,357 [ForkJoinPool.commonPool-worker-0] INFO  server.RaftServer$Division (ServerState.java:close(400)) - f0d6c3f1-3e1c-4709-8909-543e2e55c827@group-77B7514020FA: closes. applyIndex: 0
2021-01-18 07:23:30,358 [82d7d2f8-b8a6-49fb-a52d-45f65ec50674@group-77B7514020FA->f0d6c3f1-3e1c-4709-8909-543e2e55c827-GrpcLogAppender-LogAppenderDaemon] WARN  server.GrpcLogAppender (GrpcLogAppender.java:mayWait(175)) - 82d7d2f8-b8a6-49fb-a52d-45f65ec50674@group-77B7514020FA->f0d6c3f1-3e1c-4709-8909-543e2e55c827-GrpcLogAppender: Wait interrupted by java.lang.InterruptedException
2021-01-18 07:23:30,358 [f0d6c3f1-3e1c-4709-8909-543e2e55c827@group-77B7514020FA-SegmentedRaftLogWorker] INFO  segmented.SegmentedRaftLogWorker (SegmentedRaftLogWorker.java:run(326)) - f0d6c3f1-3e1c-4709-8909-543e2e55c827@group-77B7514020FA-SegmentedRaftLogWorker was interrupted, exiting. There are 0 tasks remaining in the queue.
2021-01-18 07:23:30,358 [ForkJoinPool.commonPool-worker-0] INFO  segmented.SegmentedRaftLogWorker (SegmentedRaftLogWorker.java:close(236)) - f0d6c3f1-3e1c-4709-8909-543e2e55c827@group-77B7514020FA-SegmentedRaftLogWorker close()
2021-01-18 07:23:30,359 [grpc-default-executor-0] INFO  server.GrpcServerProtocolService (GrpcServerProtocolService.java:onCompleted(138)) - f0d6c3f1-3e1c-4709-8909-543e2e55c827: Completed APPEND_ENTRIES, lastRequest: 82d7d2f8-b8a6-49fb-a52d-45f65ec50674->f0d6c3f1-3e1c-4709-8909-543e2e55c827#1-t1,previous=(t:0, i:0),leaderCommit=0,initializing? true,entries: size=1, first=(t:1, i:0), CONFIGURATIONENTRY
2021-01-18 07:23:30,358 [82d7d2f8-b8a6-49fb-a52d-45f65ec50674@group-77B7514020FA->4c7fc10d-533a-48df-9dd5-d11737eac487-GrpcLogAppender-LogAppenderDaemon] WARN  server.GrpcLogAppender (GrpcLogAppender.java:mayWait(175)) - 82d7d2f8-b8a6-49fb-a52d-45f65ec50674@group-77B7514020FA->4c7fc10d-533a-48df-9dd5-d11737eac487-GrpcLogAppender: Wait interrupted by java.lang.InterruptedException
2021-01-18 07:23:30,359 [grpc-default-executor-0] INFO  server.GrpcLogAppender (GrpcLogAppender.java:onCompleted(344)) - 82d7d2f8-b8a6-49fb-a52d-45f65ec50674@group-77B7514020FA->f0d6c3f1-3e1c-4709-8909-543e2e55c827-AppendLogResponseHandler: follower responses appendEntries COMPLETED
2021-01-18 07:23:30,359 [grpc-default-executor-0] INFO  leader.FollowerInfo (FollowerInfoImpl.java:lambda$new$0(46)) - 82d7d2f8-b8a6-49fb-a52d-45f65ec50674@group-77B7514020FA->f0d6c3f1-3e1c-4709-8909-543e2e55c827: nextIndex: updateUnconditionally 1 -> 0
2021-01-18 07:23:30,360 [Listener at 127.0.0.1/13796] INFO  metrics.RatisMetrics (RatisMetrics.java:unregister(43)) - Unregistering Metrics Registry : ratis.server.82d7d2f8-b8a6-49fb-a52d-45f65ec50674@group-77B7514020FA
2021-01-18 07:23:30,360 [grpc-default-executor-1] INFO  server.GrpcServerProtocolService (GrpcServerProtocolService.java:onCompleted(138)) - 4c7fc10d-533a-48df-9dd5-d11737eac487: Completed APPEND_ENTRIES, lastRequest: 82d7d2f8-b8a6-49fb-a52d-45f65ec50674->4c7fc10d-533a-48df-9dd5-d11737eac487#1-t1,previous=(t:0, i:0),leaderCommit=-1,initializing? true,entries: size=1, first=(t:1, i:0), CONFIGURATIONENTRY
2021-01-18 07:23:30,360 [ForkJoinPool.commonPool-worker-0] INFO  metrics.RatisMetrics (RatisMetrics.java:unregister(43)) - Unregistering Metrics Registry : ratis.log_worker.f0d6c3f1-3e1c-4709-8909-543e2e55c827@group-77B7514020FA
2021-01-18 07:23:30,361 [Listener at 127.0.0.1/13796] INFO  impl.StateMachineUpdater (StateMachineUpdater.java:stopAndJoin(148)) - 82d7d2f8-b8a6-49fb-a52d-45f65ec50674@group-77B7514020FA-StateMachineUpdater: set stopIndex = 0
2021-01-18 07:23:30,361 [82d7d2f8-b8a6-49fb-a52d-45f65ec50674@group-77B7514020FA-StateMachineUpdater] INFO  ratis.ContainerStateMachine (ContainerStateMachine.java:takeSnapshot(291)) - group-77B7514020FA: Taking a snapshot at:(t:1, i:0) file /github/workspace/mnt/ozone/hadoop-ozone/integration-test/target/test-dir/MiniOzoneClusterImpl-31fb86ba-d539-4b3f-b864-a30db12016a3/datanode-1/data/ratis/3ae468c9-88cc-4b78-b2c9-77b7514020fa/sm/snapshot.1_0
2021-01-18 07:23:30,361 [grpc-default-executor-1] INFO  server.GrpcLogAppender (GrpcLogAppender.java:onCompleted(344)) - 82d7d2f8-b8a6-49fb-a52d-45f65ec50674@group-77B7514020FA->4c7fc10d-533a-48df-9dd5-d11737eac487-AppendLogResponseHandler: follower responses appendEntries COMPLETED
2021-01-18 07:23:30,361 [ForkJoinPool.commonPool-worker-0] INFO  metrics.RatisMetrics (RatisMetrics.java:unregister(43)) - Unregistering Metrics Registry : ratis.leader_election.f0d6c3f1-3e1c-4709-8909-543e2e55c827@group-77B7514020FA
2021-01-18 07:23:30,361 [grpc-default-executor-1] INFO  leader.FollowerInfo (FollowerInfoImpl.java:lambda$new$0(46)) - 82d7d2f8-b8a6-49fb-a52d-45f65ec50674@group-77B7514020FA->4c7fc10d-533a-48df-9dd5-d11737eac487: nextIndex: updateUnconditionally 1 -> 0
2021-01-18 07:23:30,361 [ForkJoinPool.commonPool-worker-0] INFO  metrics.RatisMetrics (RatisMetrics.java:unregister(43)) - Unregistering Metrics Registry : ratis.server.f0d6c3f1-3e1c-4709-8909-543e2e55c827@group-77B7514020FA
2021-01-18 07:23:30,361 [82d7d2f8-b8a6-49fb-a52d-45f65ec50674@group-77B7514020FA-StateMachineUpdater] INFO  ratis.ContainerStateMachine (ContainerStateMachine.java:takeSnapshot(302)) - group-77B7514020FA: Finished taking a snapshot at:(t:1, i:0) file:/github/workspace/mnt/ozone/hadoop-ozone/integration-test/target/test-dir/MiniOzoneClusterImpl-31fb86ba-d539-4b3f-b864-a30db12016a3/datanode-1/data/ratis/3ae468c9-88cc-4b78-b2c9-77b7514020fa/sm/snapshot.1_0 took: 1 ms
2021-01-18 07:23:30,362 [82d7d2f8-b8a6-49fb-a52d-45f65ec50674@group-77B7514020FA-StateMachineUpdater] INFO  impl.StateMachineUpdater (StateMachineUpdater.java:takeSnapshot(279)) - 82d7d2f8-b8a6-49fb-a52d-45f65ec50674@group-77B7514020FA-StateMachineUpdater: Took a snapshot at index 0
2021-01-18 07:23:30,362 [82d7d2f8-b8a6-49fb-a52d-45f65ec50674@group-77B7514020FA-StateMachineUpdater] INFO  impl.StateMachineUpdater (StateMachineUpdater.java:lambda$new$0(88)) - 82d7d2f8-b8a6-49fb-a52d-45f65ec50674@group-77B7514020FA-StateMachineUpdater: snapshotIndex: updateIncreasingly -1 -> 0
2021-01-18 07:23:30,362 [82d7d2f8-b8a6-49fb-a52d-45f65ec50674@group-77B7514020FA-StateMachineUpdater] INFO  metrics.RatisMetrics (RatisMetrics.java:unregister(43)) - Unregistering Metrics Registry : ratis.state_machine.82d7d2f8-b8a6-49fb-a52d-45f65ec50674@group-77B7514020FA
2021-01-18 07:23:30,362 [ForkJoinPool.commonPool-worker-0] INFO  server.GrpcService (GrpcService.java:closeImpl(183)) - f0d6c3f1-3e1c-4709-8909-543e2e55c827: shutdown server with port 44583 now
2021-01-18 07:23:30,362 [Listener at 127.0.0.1/13796] INFO  server.RaftServer$Division (ServerState.java:close(400)) - 82d7d2f8-b8a6-49fb-a52d-45f65ec50674@group-77B7514020FA: closes. applyIndex: 0
2021-01-18 07:23:30,365 [82d7d2f8-b8a6-49fb-a52d-45f65ec50674@group-77B7514020FA-SegmentedRaftLogWorker] INFO  segmented.SegmentedRaftLogWorker (SegmentedRaftLogWorker.java:run(326)) - 82d7d2f8-b8a6-49fb-a52d-45f65ec50674@group-77B7514020FA-SegmentedRaftLogWorker was interrupted, exiting. There are 0 tasks remaining in the queue.
2021-01-18 07:23:30,366 [Listener at 127.0.0.1/13796] INFO  segmented.SegmentedRaftLogWorker (SegmentedRaftLogWorker.java:close(236)) - 82d7d2f8-b8a6-49fb-a52d-45f65ec50674@group-77B7514020FA-SegmentedRaftLogWorker close()
2021-01-18 07:23:30,367 [Listener at 127.0.0.1/13796] INFO  metrics.RatisMetrics (RatisMetrics.java:unregister(43)) - Unregistering Metrics Registry : ratis.log_worker.82d7d2f8-b8a6-49fb-a52d-45f65ec50674@group-77B7514020FA
2021-01-18 07:23:30,367 [ForkJoinPool.commonPool-worker-0] INFO  server.GrpcService (GrpcService.java:closeImpl(192)) - f0d6c3f1-3e1c-4709-8909-543e2e55c827: shutdown server with port 44583 successfully
2021-01-18 07:23:30,367 [Listener at 127.0.0.1/13796] INFO  metrics.RatisMetrics (RatisMetrics.java:unregister(43)) - Unregistering Metrics Registry : ratis.leader_election.82d7d2f8-b8a6-49fb-a52d-45f65ec50674@group-77B7514020FA
2021-01-18 07:23:30,368 [org.apache.ratis.util.JvmPauseMonitor$$Lambda$305/1979302296@188416e9] INFO  util.JvmPauseMonitor (JvmPauseMonitor.java:run(109)) - JvmPauseMonitor-f0d6c3f1-3e1c-4709-8909-543e2e55c827: Stopped
2021-01-18 07:23:30,368 [Listener at 127.0.0.1/13796] INFO  metrics.RatisMetrics (RatisMetrics.java:unregister(43)) - Unregistering Metrics Registry : ratis.server.82d7d2f8-b8a6-49fb-a52d-45f65ec50674@group-77B7514020FA
2021-01-18 07:23:30,368 [Listener at 127.0.0.1/13796] INFO  server.GrpcService (GrpcService.java:closeImpl(183)) - 82d7d2f8-b8a6-49fb-a52d-45f65ec50674: shutdown server with port 35527 now
2021-01-18 07:23:30,373 [Listener at 127.0.0.1/13796] INFO  server.GrpcService (GrpcService.java:closeImpl(192)) - 82d7d2f8-b8a6-49fb-a52d-45f65ec50674: shutdown server with port 35527 successfully
2021-01-18 07:23:30,373 [org.apache.ratis.util.JvmPauseMonitor$$Lambda$305/1979302296@71f740a7] INFO  util.JvmPauseMonitor (JvmPauseMonitor.java:run(109)) - JvmPauseMonitor-82d7d2f8-b8a6-49fb-a52d-45f65ec50674: Stopped
2021-01-18 07:23:30,376 [ForkJoinPool.commonPool-worker-0] INFO  utils.BackgroundService (BackgroundService.java:shutdown(132)) - Shutting down service BlockDeletingService
2021-01-18 07:23:30,377 [Listener at 127.0.0.1/13796] INFO  utils.BackgroundService (BackgroundService.java:shutdown(132)) - Shutting down service BlockDeletingService
2021-01-18 07:23:30,379 [ForkJoinPool.commonPool-worker-0] INFO  statemachine.DatanodeStateMachine (DatanodeStateMachine.java:stopDaemon(461)) - Ozone container server stopped.
2021-01-18 07:23:30,379 [Listener at 127.0.0.1/13796] INFO  statemachine.DatanodeStateMachine (DatanodeStateMachine.java:stopDaemon(461)) - Ozone container server stopped.
2021-01-18 07:23:30,394 [Listener at 127.0.0.1/13796] INFO  handler.ContextHandler (ContextHandler.java:doStop(1154)) - Stopped o.e.j.w.WebAppContext@7ca13ec6{hddsDatanode,/,null,STOPPED}{jar:file:/home/user/.m2/repository/org/apache/hadoop/hadoop-hdds-container-service/1.1.0-SNAPSHOT/hadoop-hdds-container-service-1.1.0-SNAPSHOT.jar!/webapps/hddsDatanode}
2021-01-18 07:23:30,394 [Listener at 127.0.0.1/13796] INFO  server.AbstractConnector (AbstractConnector.java:doStop(381)) - Stopped ServerConnector@7465f736{HTTP/1.1, (http/1.1)}{0.0.0.0:0}
2021-01-18 07:23:30,395 [Listener at 127.0.0.1/13796] INFO  server.session (HouseKeeper.java:stopScavenging(149)) - node0 Stopped scavenging
2021-01-18 07:23:30,395 [Listener at 127.0.0.1/13796] INFO  handler.ContextHandler (ContextHandler.java:doStop(1154)) - Stopped o.e.j.s.ServletContextHandler@52426248{static,/static,jar:file:/home/user/.m2/repository/org/apache/hadoop/hadoop-hdds-container-service/1.1.0-SNAPSHOT/hadoop-hdds-container-service-1.1.0-SNAPSHOT.jar!/webapps/static,STOPPED}
2021-01-18 07:23:30,395 [Listener at 127.0.0.1/13796] INFO  handler.ContextHandler (ContextHandler.java:doStop(1154)) - Stopped o.e.j.s.ServletContextHandler@254e71bd{logs,/logs,file:///github/workspace/mnt/ozone/hadoop-ozone/integration-test/target/log,STOPPED}
2021-01-18 07:23:30,398 [ForkJoinPool.commonPool-worker-0] INFO  handler.ContextHandler (ContextHandler.java:doStop(1154)) - Stopped o.e.j.w.WebAppContext@414514ea{hddsDatanode,/,null,STOPPED}{jar:file:/home/user/.m2/repository/org/apache/hadoop/hadoop-hdds-container-service/1.1.0-SNAPSHOT/hadoop-hdds-container-service-1.1.0-SNAPSHOT.jar!/webapps/hddsDatanode}
2021-01-18 07:23:30,399 [ForkJoinPool.commonPool-worker-0] INFO  server.AbstractConnector (AbstractConnector.java:doStop(381)) - Stopped ServerConnector@1ea0ce26{HTTP/1.1, (http/1.1)}{0.0.0.0:0}
2021-01-18 07:23:30,399 [ForkJoinPool.commonPool-worker-0] INFO  server.session (HouseKeeper.java:stopScavenging(149)) - node0 Stopped scavenging
2021-01-18 07:23:30,403 [ForkJoinPool.commonPool-worker-0] INFO  handler.ContextHandler (ContextHandler.java:doStop(1154)) - Stopped o.e.j.s.ServletContextHandler@5648bc98{static,/static,jar:file:/home/user/.m2/repository/org/apache/hadoop/hadoop-hdds-container-service/1.1.0-SNAPSHOT/hadoop-hdds-container-service-1.1.0-SNAPSHOT.jar!/webapps/static,STOPPED}
2021-01-18 07:23:30,404 [ForkJoinPool.commonPool-worker-0] INFO  handler.ContextHandler (ContextHandler.java:doStop(1154)) - Stopped o.e.j.s.ServletContextHandler@43a30b5c{logs,/logs,file:///github/workspace/mnt/ozone/hadoop-ozone/integration-test/target/log,STOPPED}
2021-01-18 07:23:31,010 [Datanode State Machine Thread - 0] INFO  statemachine.DatanodeStateMachine (DatanodeStateMachine.java:lambda$startDaemon$0(408)) - Ozone container server started.
2021-01-18 07:23:35,396 [Listener at 127.0.0.1/13796] INFO  ozoneimpl.OzoneContainer (OzoneContainer.java:stop(273)) - Attempting to stop container services.
2021-01-18 07:23:35,397 [Listener at 127.0.0.1/13796] INFO  server.RaftServer (RaftServerProxy.java:lambda$close$6(389)) - 4c7fc10d-533a-48df-9dd5-d11737eac487: close
2021-01-18 07:23:35,397 [Listener at 127.0.0.1/13796] INFO  server.RaftServer$Division (RaftServerImpl.java:lambda$close$4(405)) - 4c7fc10d-533a-48df-9dd5-d11737eac487@group-147C4D88AB47: shutdown
2021-01-18 07:23:35,398 [ForkJoinPool.commonPool-worker-1] INFO  server.RaftServer$Division (RaftServerImpl.java:lambda$close$4(405)) - 4c7fc10d-533a-48df-9dd5-d11737eac487@group-77B7514020FA: shutdown
2021-01-18 07:23:35,398 [Listener at 127.0.0.1/13796] INFO  util.JmxRegister (JmxRegister.java:unregister(73)) - Successfully un-registered JMX Bean with object name Ratis:service=RaftServer,group=group-147C4D88AB47,id=4c7fc10d-533a-48df-9dd5-d11737eac487
2021-01-18 07:23:35,398 [Listener at 127.0.0.1/13796] INFO  impl.RoleInfo (RoleInfo.java:shutdownFollowerState(108)) - 4c7fc10d-533a-48df-9dd5-d11737eac487: shutdown 4c7fc10d-533a-48df-9dd5-d11737eac487@group-147C4D88AB47-FollowerState
2021-01-18 07:23:35,398 [Listener at 127.0.0.1/13796] INFO  impl.StateMachineUpdater (StateMachineUpdater.java:stopAndJoin(148)) - 4c7fc10d-533a-48df-9dd5-d11737eac487@group-147C4D88AB47-StateMachineUpdater: set stopIndex = 0
2021-01-18 07:23:35,398 [4c7fc10d-533a-48df-9dd5-d11737eac487@group-147C4D88AB47-StateMachineUpdater] INFO  ratis.ContainerStateMachine (ContainerStateMachine.java:takeSnapshot(291)) - group-147C4D88AB47: Taking a snapshot at:(t:1, i:0) file /github/workspace/mnt/ozone/hadoop-ozone/integration-test/target/test-dir/MiniOzoneClusterImpl-31fb86ba-d539-4b3f-b864-a30db12016a3/datanode-2/data/ratis/712a9273-c4aa-457a-ac5f-147c4d88ab47/sm/snapshot.1_0
2021-01-18 07:23:35,398 [ForkJoinPool.commonPool-worker-1] INFO  util.JmxRegister (JmxRegister.java:unregister(73)) - Successfully un-registered JMX Bean with object name Ratis:service=RaftServer,group=group-77B7514020FA,id=4c7fc10d-533a-48df-9dd5-d11737eac487
2021-01-18 07:23:35,398 [Thread-342] INFO  impl.FollowerState (FollowerState.java:run(142)) - 4c7fc10d-533a-48df-9dd5-d11737eac487@group-147C4D88AB47-FollowerState was interrupted: {}
java.lang.InterruptedException: sleep interrupted
	at java.lang.Thread.sleep(Native Method)
	at java.lang.Thread.sleep(Thread.java:340)
	at java.util.concurrent.TimeUnit.sleep(TimeUnit.java:386)
	at org.apache.ratis.util.TimeDuration.sleep(TimeDuration.java:324)
	at org.apache.ratis.util.TimeDuration.sleep(TimeDuration.java:309)
	at org.apache.ratis.server.impl.FollowerState.run(FollowerState.java:117)
2021-01-18 07:23:35,399 [ForkJoinPool.commonPool-worker-1] INFO  impl.RoleInfo (RoleInfo.java:shutdownFollowerState(108)) - 4c7fc10d-533a-48df-9dd5-d11737eac487: shutdown 4c7fc10d-533a-48df-9dd5-d11737eac487@group-77B7514020FA-FollowerState
2021-01-18 07:23:35,399 [4c7fc10d-533a-48df-9dd5-d11737eac487@group-147C4D88AB47-StateMachineUpdater] INFO  ratis.ContainerStateMachine (ContainerStateMachine.java:takeSnapshot(302)) - group-147C4D88AB47: Finished taking a snapshot at:(t:1, i:0) file:/github/workspace/mnt/ozone/hadoop-ozone/integration-test/target/test-dir/MiniOzoneClusterImpl-31fb86ba-d539-4b3f-b864-a30db12016a3/datanode-2/data/ratis/712a9273-c4aa-457a-ac5f-147c4d88ab47/sm/snapshot.1_0 took: 1 ms
2021-01-18 07:23:35,400 [4c7fc10d-533a-48df-9dd5-d11737eac487@group-77B7514020FA-StateMachineUpdater] INFO  ratis.ContainerStateMachine (ContainerStateMachine.java:takeSnapshot(291)) - group-77B7514020FA: Taking a snapshot at:(t:1, i:0) file /github/workspace/mnt/ozone/hadoop-ozone/integration-test/target/test-dir/MiniOzoneClusterImpl-31fb86ba-d539-4b3f-b864-a30db12016a3/datanode-2/data/ratis/3ae468c9-88cc-4b78-b2c9-77b7514020fa/sm/snapshot.1_0
2021-01-18 07:23:35,399 [Thread-361] INFO  impl.FollowerState (FollowerState.java:run(142)) - 4c7fc10d-533a-48df-9dd5-d11737eac487@group-77B7514020FA-FollowerState was interrupted: {}
java.lang.InterruptedException: sleep interrupted
	at java.lang.Thread.sleep(Native Method)
	at java.lang.Thread.sleep(Thread.java:340)
	at java.util.concurrent.TimeUnit.sleep(TimeUnit.java:386)
	at org.apache.ratis.util.TimeDuration.sleep(TimeDuration.java:324)
	at org.apache.ratis.util.TimeDuration.sleep(TimeDuration.java:309)
	at org.apache.ratis.server.impl.FollowerState.run(FollowerState.java:117)
2021-01-18 07:23:35,400 [ForkJoinPool.commonPool-worker-1] INFO  impl.StateMachineUpdater (StateMachineUpdater.java:stopAndJoin(148)) - 4c7fc10d-533a-48df-9dd5-d11737eac487@group-77B7514020FA-StateMachineUpdater: set stopIndex = 0
2021-01-18 07:23:35,400 [4c7fc10d-533a-48df-9dd5-d11737eac487@group-77B7514020FA-StateMachineUpdater] INFO  ratis.ContainerStateMachine (ContainerStateMachine.java:takeSnapshot(302)) - group-77B7514020FA: Finished taking a snapshot at:(t:1, i:0) file:/github/workspace/mnt/ozone/hadoop-ozone/integration-test/target/test-dir/MiniOzoneClusterImpl-31fb86ba-d539-4b3f-b864-a30db12016a3/datanode-2/data/ratis/3ae468c9-88cc-4b78-b2c9-77b7514020fa/sm/snapshot.1_0 took: 1 ms
2021-01-18 07:23:35,400 [4c7fc10d-533a-48df-9dd5-d11737eac487@group-77B7514020FA-StateMachineUpdater] INFO  impl.StateMachineUpdater (StateMachineUpdater.java:takeSnapshot(279)) - 4c7fc10d-533a-48df-9dd5-d11737eac487@group-77B7514020FA-StateMachineUpdater: Took a snapshot at index 0
2021-01-18 07:23:35,400 [4c7fc10d-533a-48df-9dd5-d11737eac487@group-77B7514020FA-StateMachineUpdater] INFO  impl.StateMachineUpdater (StateMachineUpdater.java:lambda$new$0(88)) - 4c7fc10d-533a-48df-9dd5-d11737eac487@group-77B7514020FA-StateMachineUpdater: snapshotIndex: updateIncreasingly -1 -> 0
2021-01-18 07:23:35,400 [4c7fc10d-533a-48df-9dd5-d11737eac487@group-77B7514020FA-StateMachineUpdater] INFO  metrics.RatisMetrics (RatisMetrics.java:unregister(43)) - Unregistering Metrics Registry : ratis.state_machine.4c7fc10d-533a-48df-9dd5-d11737eac487@group-77B7514020FA
2021-01-18 07:23:35,401 [ForkJoinPool.commonPool-worker-1] INFO  server.RaftServer$Division (ServerState.java:close(400)) - 4c7fc10d-533a-48df-9dd5-d11737eac487@group-77B7514020FA: closes. applyIndex: 0
2021-01-18 07:23:35,404 [4c7fc10d-533a-48df-9dd5-d11737eac487@group-77B7514020FA-SegmentedRaftLogWorker] INFO  segmented.SegmentedRaftLogWorker (SegmentedRaftLogWorker.java:run(326)) - 4c7fc10d-533a-48df-9dd5-d11737eac487@group-77B7514020FA-SegmentedRaftLogWorker was interrupted, exiting. There are 0 tasks remaining in the queue.
2021-01-18 07:23:35,400 [4c7fc10d-533a-48df-9dd5-d11737eac487@group-147C4D88AB47-StateMachineUpdater] INFO  impl.StateMachineUpdater (StateMachineUpdater.java:takeSnapshot(279)) - 4c7fc10d-533a-48df-9dd5-d11737eac487@group-147C4D88AB47-StateMachineUpdater: Took a snapshot at index 0
2021-01-18 07:23:35,406 [4c7fc10d-533a-48df-9dd5-d11737eac487@group-147C4D88AB47-StateMachineUpdater] INFO  impl.StateMachineUpdater (StateMachineUpdater.java:lambda$new$0(88)) - 4c7fc10d-533a-48df-9dd5-d11737eac487@group-147C4D88AB47-StateMachineUpdater: snapshotIndex: updateIncreasingly -1 -> 0
2021-01-18 07:23:35,406 [ForkJoinPool.commonPool-worker-1] INFO  segmented.SegmentedRaftLogWorker (SegmentedRaftLogWorker.java:close(236)) - 4c7fc10d-533a-48df-9dd5-d11737eac487@group-77B7514020FA-SegmentedRaftLogWorker close()
2021-01-18 07:23:35,406 [4c7fc10d-533a-48df-9dd5-d11737eac487@group-147C4D88AB47-StateMachineUpdater] INFO  metrics.RatisMetrics (RatisMetrics.java:unregister(43)) - Unregistering Metrics Registry : ratis.state_machine.4c7fc10d-533a-48df-9dd5-d11737eac487@group-147C4D88AB47
2021-01-18 07:23:35,406 [Listener at 127.0.0.1/13796] INFO  server.RaftServer$Division (ServerState.java:close(400)) - 4c7fc10d-533a-48df-9dd5-d11737eac487@group-147C4D88AB47: closes. applyIndex: 0
2021-01-18 07:23:35,406 [ForkJoinPool.commonPool-worker-1] INFO  metrics.RatisMetrics (RatisMetrics.java:unregister(43)) - Unregistering Metrics Registry : ratis.log_worker.4c7fc10d-533a-48df-9dd5-d11737eac487@group-77B7514020FA
2021-01-18 07:23:35,406 [4c7fc10d-533a-48df-9dd5-d11737eac487@group-147C4D88AB47-SegmentedRaftLogWorker] INFO  segmented.SegmentedRaftLogWorker (SegmentedRaftLogWorker.java:run(326)) - 4c7fc10d-533a-48df-9dd5-d11737eac487@group-147C4D88AB47-SegmentedRaftLogWorker was interrupted, exiting. There are 0 tasks remaining in the queue.
2021-01-18 07:23:35,407 [ForkJoinPool.commonPool-worker-1] INFO  metrics.RatisMetrics (RatisMetrics.java:unregister(43)) - Unregistering Metrics Registry : ratis.leader_election.4c7fc10d-533a-48df-9dd5-d11737eac487@group-77B7514020FA
2021-01-18 07:23:35,407 [ForkJoinPool.commonPool-worker-1] INFO  metrics.RatisMetrics (RatisMetrics.java:unregister(43)) - Unregistering Metrics Registry : ratis.server.4c7fc10d-533a-48df-9dd5-d11737eac487@group-77B7514020FA
2021-01-18 07:23:35,407 [Listener at 127.0.0.1/13796] INFO  segmented.SegmentedRaftLogWorker (SegmentedRaftLogWorker.java:close(236)) - 4c7fc10d-533a-48df-9dd5-d11737eac487@group-147C4D88AB47-SegmentedRaftLogWorker close()
2021-01-18 07:23:35,407 [ForkJoinPool.commonPool-worker-1] INFO  server.RaftServer$Division (RaftServerImpl.java:lambda$close$4(405)) - 4c7fc10d-533a-48df-9dd5-d11737eac487@group-9A1709479A4A: shutdown
2021-01-18 07:23:35,407 [Listener at 127.0.0.1/13796] INFO  metrics.RatisMetrics (RatisMetrics.java:unregister(43)) - Unregistering Metrics Registry : ratis.log_worker.4c7fc10d-533a-48df-9dd5-d11737eac487@group-147C4D88AB47
2021-01-18 07:23:35,407 [ForkJoinPool.commonPool-worker-1] INFO  util.JmxRegister (JmxRegister.java:unregister(73)) - Successfully un-registered JMX Bean with object name Ratis:service=RaftServer,group=group-9A1709479A4A,id=4c7fc10d-533a-48df-9dd5-d11737eac487
2021-01-18 07:23:35,407 [Listener at 127.0.0.1/13796] INFO  metrics.RatisMetrics (RatisMetrics.java:unregister(43)) - Unregistering Metrics Registry : ratis.leader_election.4c7fc10d-533a-48df-9dd5-d11737eac487@group-147C4D88AB47
2021-01-18 07:23:35,408 [ForkJoinPool.commonPool-worker-1] INFO  impl.RoleInfo (RoleInfo.java:shutdownLeaderState(91)) - 4c7fc10d-533a-48df-9dd5-d11737eac487: shutdown 4c7fc10d-533a-48df-9dd5-d11737eac487@group-9A1709479A4A-LeaderStateImpl
2021-01-18 07:23:35,408 [Listener at 127.0.0.1/13796] INFO  metrics.RatisMetrics (RatisMetrics.java:unregister(43)) - Unregistering Metrics Registry : ratis.server.4c7fc10d-533a-48df-9dd5-d11737eac487@group-147C4D88AB47
2021-01-18 07:23:35,408 [ForkJoinPool.commonPool-worker-1] INFO  impl.PendingRequests (PendingRequests.java:sendNotLeaderResponses(249)) - 4c7fc10d-533a-48df-9dd5-d11737eac487@group-9A1709479A4A-PendingRequests: sendNotLeaderResponses
2021-01-18 07:23:35,408 [ForkJoinPool.commonPool-worker-1] INFO  metrics.RatisMetrics (RatisMetrics.java:unregister(43)) - Unregistering Metrics Registry : ratis.log_appender.4c7fc10d-533a-48df-9dd5-d11737eac487@group-9A1709479A4A
2021-01-18 07:23:35,408 [ForkJoinPool.commonPool-worker-1] INFO  metrics.RatisMetrics (RatisMetrics.java:unregister(43)) - Unregistering Metrics Registry : ratis.server.4c7fc10d-533a-48df-9dd5-d11737eac487@group-9A1709479A4A
2021-01-18 07:23:35,408 [4c7fc10d-533a-48df-9dd5-d11737eac487@group-9A1709479A4A-StateMachineUpdater] INFO  ratis.ContainerStateMachine (ContainerStateMachine.java:takeSnapshot(291)) - group-9A1709479A4A: Taking a snapshot at:(t:1, i:0) file /github/workspace/mnt/ozone/hadoop-ozone/integration-test/target/test-dir/MiniOzoneClusterImpl-31fb86ba-d539-4b3f-b864-a30db12016a3/datanode-2/data/ratis/710c34b1-69f5-4644-bba9-9a1709479a4a/sm/snapshot.1_0
2021-01-18 07:23:35,409 [ForkJoinPool.commonPool-worker-1] INFO  impl.StateMachineUpdater (StateMachineUpdater.java:stopAndJoin(148)) - 4c7fc10d-533a-48df-9dd5-d11737eac487@group-9A1709479A4A-StateMachineUpdater: set stopIndex = 0
2021-01-18 07:23:35,409 [4c7fc10d-533a-48df-9dd5-d11737eac487@group-9A1709479A4A-StateMachineUpdater] INFO  ratis.ContainerStateMachine (ContainerStateMachine.java:takeSnapshot(302)) - group-9A1709479A4A: Finished taking a snapshot at:(t:1, i:0) file:/github/workspace/mnt/ozone/hadoop-ozone/integration-test/target/test-dir/MiniOzoneClusterImpl-31fb86ba-d539-4b3f-b864-a30db12016a3/datanode-2/data/ratis/710c34b1-69f5-4644-bba9-9a1709479a4a/sm/snapshot.1_0 took: 1 ms
2021-01-18 07:23:35,409 [4c7fc10d-533a-48df-9dd5-d11737eac487@group-9A1709479A4A-StateMachineUpdater] INFO  impl.StateMachineUpdater (StateMachineUpdater.java:takeSnapshot(279)) - 4c7fc10d-533a-48df-9dd5-d11737eac487@group-9A1709479A4A-StateMachineUpdater: Took a snapshot at index 0
2021-01-18 07:23:35,409 [4c7fc10d-533a-48df-9dd5-d11737eac487@group-9A1709479A4A-StateMachineUpdater] INFO  impl.StateMachineUpdater (StateMachineUpdater.java:lambda$new$0(88)) - 4c7fc10d-533a-48df-9dd5-d11737eac487@group-9A1709479A4A-StateMachineUpdater: snapshotIndex: updateIncreasingly -1 -> 0
2021-01-18 07:23:35,409 [4c7fc10d-533a-48df-9dd5-d11737eac487@group-9A1709479A4A-StateMachineUpdater] INFO  metrics.RatisMetrics (RatisMetrics.java:unregister(43)) - Unregistering Metrics Registry : ratis.state_machine.4c7fc10d-533a-48df-9dd5-d11737eac487@group-9A1709479A4A
2021-01-18 07:23:35,409 [ForkJoinPool.commonPool-worker-1] INFO  server.RaftServer$Division (ServerState.java:close(400)) - 4c7fc10d-533a-48df-9dd5-d11737eac487@group-9A1709479A4A: closes. applyIndex: 0
2021-01-18 07:23:35,410 [4c7fc10d-533a-48df-9dd5-d11737eac487@group-9A1709479A4A-SegmentedRaftLogWorker] INFO  segmented.SegmentedRaftLogWorker (SegmentedRaftLogWorker.java:run(326)) - 4c7fc10d-533a-48df-9dd5-d11737eac487@group-9A1709479A4A-SegmentedRaftLogWorker was interrupted, exiting. There are 0 tasks remaining in the queue.
2021-01-18 07:23:35,410 [ForkJoinPool.commonPool-worker-1] INFO  segmented.SegmentedRaftLogWorker (SegmentedRaftLogWorker.java:close(236)) - 4c7fc10d-533a-48df-9dd5-d11737eac487@group-9A1709479A4A-SegmentedRaftLogWorker close()
2021-01-18 07:23:35,410 [ForkJoinPool.commonPool-worker-1] INFO  metrics.RatisMetrics (RatisMetrics.java:unregister(43)) - Unregistering Metrics Registry : ratis.log_worker.4c7fc10d-533a-48df-9dd5-d11737eac487@group-9A1709479A4A
2021-01-18 07:23:35,410 [ForkJoinPool.commonPool-worker-1] INFO  metrics.RatisMetrics (RatisMetrics.java:unregister(43)) - Unregistering Metrics Registry : ratis.leader_election.4c7fc10d-533a-48df-9dd5-d11737eac487@group-9A1709479A4A
2021-01-18 07:23:35,410 [ForkJoinPool.commonPool-worker-1] INFO  metrics.RatisMetrics (RatisMetrics.java:unregister(43)) - Unregistering Metrics Registry : ratis.server.4c7fc10d-533a-48df-9dd5-d11737eac487@group-9A1709479A4A
2021-01-18 07:23:35,410 [Listener at 127.0.0.1/13796] INFO  server.GrpcService (GrpcService.java:closeImpl(183)) - 4c7fc10d-533a-48df-9dd5-d11737eac487: shutdown server with port 38871 now
2021-01-18 07:23:35,411 [Listener at 127.0.0.1/13796] INFO  server.GrpcService (GrpcService.java:closeImpl(192)) - 4c7fc10d-533a-48df-9dd5-d11737eac487: shutdown server with port 38871 successfully
2021-01-18 07:23:35,411 [org.apache.ratis.util.JvmPauseMonitor$$Lambda$305/1979302296@7acff48d] INFO  util.JvmPauseMonitor (JvmPauseMonitor.java:run(109)) - JvmPauseMonitor-4c7fc10d-533a-48df-9dd5-d11737eac487: Stopped
2021-01-18 07:23:35,412 [Listener at 127.0.0.1/13796] INFO  utils.BackgroundService (BackgroundService.java:shutdown(132)) - Shutting down service BlockDeletingService
2021-01-18 07:23:35,414 [Listener at 127.0.0.1/13796] INFO  statemachine.DatanodeStateMachine (DatanodeStateMachine.java:stopDaemon(461)) - Ozone container server stopped.
2021-01-18 07:23:35,421 [Listener at 127.0.0.1/13796] INFO  handler.ContextHandler (ContextHandler.java:doStop(1154)) - Stopped o.e.j.w.WebAppContext@497f6308{hddsDatanode,/,null,STOPPED}{jar:file:/home/user/.m2/repository/org/apache/hadoop/hadoop-hdds-container-service/1.1.0-SNAPSHOT/hadoop-hdds-container-service-1.1.0-SNAPSHOT.jar!/webapps/hddsDatanode}
2021-01-18 07:23:35,422 [Listener at 127.0.0.1/13796] INFO  server.AbstractConnector (AbstractConnector.java:doStop(381)) - Stopped ServerConnector@1fdf1ed1{HTTP/1.1, (http/1.1)}{0.0.0.0:0}
2021-01-18 07:23:35,422 [Listener at 127.0.0.1/13796] INFO  server.session (HouseKeeper.java:stopScavenging(149)) - node0 Stopped scavenging
2021-01-18 07:23:35,422 [Listener at 127.0.0.1/13796] INFO  handler.ContextHandler (ContextHandler.java:doStop(1154)) - Stopped o.e.j.s.ServletContextHandler@7f375aef{static,/static,jar:file:/home/user/.m2/repository/org/apache/hadoop/hadoop-hdds-container-service/1.1.0-SNAPSHOT/hadoop-hdds-container-service-1.1.0-SNAPSHOT.jar!/webapps/static,STOPPED}
2021-01-18 07:23:35,422 [Listener at 127.0.0.1/13796] INFO  handler.ContextHandler (ContextHandler.java:doStop(1154)) - Stopped o.e.j.s.ServletContextHandler@48125127{logs,/logs,file:///github/workspace/mnt/ozone/hadoop-ozone/integration-test/target/log,STOPPED}
2021-01-18 07:23:35,423 [Listener at 127.0.0.1/13796] INFO  ozone.MiniOzoneClusterImpl (MiniOzoneClusterImpl.java:stopSCM(478)) - Stopping the StorageContainerManager
2021-01-18 07:23:35,423 [Listener at 127.0.0.1/13796] INFO  server.StorageContainerManager (StorageContainerManager.java:stop(832)) - Stopping Replication Manager Service.
2021-01-18 07:23:35,423 [Listener at 127.0.0.1/13796] INFO  container.ReplicationManager (ReplicationManager.java:stop(227)) - Stopping Replication Monitor Thread.
2021-01-18 07:23:35,424 [Listener at 127.0.0.1/13796] INFO  server.StorageContainerManager (StorageContainerManager.java:stop(839)) - Stopping the Datanode Admin Monitor.
2021-01-18 07:23:35,424 [Listener at 127.0.0.1/13796] INFO  server.StorageContainerManager (StorageContainerManager.java:stop(846)) - Stopping Lease Manager of the command watchers
2021-01-18 07:23:35,424 [Listener at 127.0.0.1/13796] INFO  server.StorageContainerManager (StorageContainerManager.java:stop(853)) - Stopping datanode service RPC server
2021-01-18 07:23:35,424 [Listener at 127.0.0.1/13796] INFO  server.SCMDatanodeProtocolServer (SCMDatanodeProtocolServer.java:stop(369)) - Stopping the RPC server for DataNodes
2021-01-18 07:23:35,424 [Listener at 127.0.0.1/13796] INFO  ipc.Server (Server.java:stop(3359)) - Stopping server on 39571
2021-01-18 07:23:35,425 [IPC Server listener on 0] INFO  ipc.Server (Server.java:run(1330)) - Stopping IPC Server listener on 0
2021-01-18 07:23:35,425 [IPC Server Responder] INFO  ipc.Server (Server.java:run(1465)) - Stopping IPC Server Responder
2021-01-18 07:23:35,465 [SCM Heartbeat Processing Thread - 0] WARN  node.NodeStateManager (NodeStateManager.java:scheduleNextHealthCheck(688)) - Current Thread is interrupted, shutting down HB processing thread for Node Manager.
2021-01-18 07:23:35,466 [Listener at 127.0.0.1/13796] INFO  server.StorageContainerManager (StorageContainerManager.java:stop(861)) - Stopping block service RPC server
2021-01-18 07:23:35,466 [Listener at 127.0.0.1/13796] INFO  server.SCMBlockProtocolServer (SCMBlockProtocolServer.java:stop(159)) - Stopping the RPC server for Block Protocol
2021-01-18 07:23:35,466 [Listener at 127.0.0.1/13796] INFO  ipc.Server (Server.java:stop(3359)) - Stopping server on 41737
2021-01-18 07:23:35,467 [IPC Server listener on 0] INFO  ipc.Server (Server.java:run(1330)) - Stopping IPC Server listener on 0
2021-01-18 07:23:35,468 [IPC Server Responder] INFO  ipc.Server (Server.java:run(1465)) - Stopping IPC Server Responder
2021-01-18 07:23:35,468 [Listener at 127.0.0.1/13796] INFO  server.StorageContainerManager (StorageContainerManager.java:stop(868)) - Stopping the StorageContainerLocationProtocol RPC server
2021-01-18 07:23:35,468 [Listener at 127.0.0.1/13796] INFO  server.SCMClientProtocolServer (SCMClientProtocolServer.java:stop(168)) - Stopping the RPC server for Client Protocol
2021-01-18 07:23:35,468 [Listener at 127.0.0.1/13796] INFO  ipc.Server (Server.java:stop(3359)) - Stopping server on 45369
2021-01-18 07:23:35,469 [IPC Server listener on 0] INFO  ipc.Server (Server.java:run(1330)) - Stopping IPC Server listener on 0
2021-01-18 07:23:35,469 [IPC Server Responder] INFO  ipc.Server (Server.java:run(1465)) - Stopping IPC Server Responder
2021-01-18 07:23:35,469 [Listener at 127.0.0.1/13796] INFO  server.StorageContainerManager (StorageContainerManager.java:stop(875)) - Stopping Storage Container Manager HTTP server.
2021-01-18 07:23:35,470 [Listener at 127.0.0.1/13796] INFO  handler.ContextHandler (ContextHandler.java:doStop(1154)) - Stopped o.e.j.w.WebAppContext@7ecd3933{scm,/,null,STOPPED}{file:/github/workspace/mnt/ozone/hadoop-ozone/integration-test/target/test-classes/webapps/scm}
2021-01-18 07:23:35,471 [Listener at 127.0.0.1/13796] INFO  server.AbstractConnector (AbstractConnector.java:doStop(381)) - Stopped ServerConnector@317ce278{HTTP/1.1, (http/1.1)}{0.0.0.0:0}
2021-01-18 07:23:35,471 [Listener at 127.0.0.1/13796] INFO  server.session (HouseKeeper.java:stopScavenging(149)) - node0 Stopped scavenging
2021-01-18 07:23:35,471 [Listener at 127.0.0.1/13796] INFO  handler.ContextHandler (ContextHandler.java:doStop(1154)) - Stopped o.e.j.s.ServletContextHandler@3c9904c8{static,/static,file:///github/workspace/mnt/ozone/hadoop-ozone/integration-test/target/test-classes/webapps/static,STOPPED}
2021-01-18 07:23:35,471 [Listener at 127.0.0.1/13796] INFO  handler.ContextHandler (ContextHandler.java:doStop(1154)) - Stopped o.e.j.s.ServletContextHandler@20e3daf4{logs,/logs,file:///github/workspace/mnt/ozone/hadoop-ozone/integration-test/target/log,STOPPED}
2021-01-18 07:23:35,472 [Listener at 127.0.0.1/13796] INFO  server.StorageContainerManager (StorageContainerManager.java:stop(886)) - Stopping Block Manager Service.
2021-01-18 07:23:35,472 [Listener at 127.0.0.1/13796] INFO  utils.BackgroundService (BackgroundService.java:shutdown(132)) - Shutting down service SCMBlockDeletingService
2021-01-18 07:23:35,472 [Listener at 127.0.0.1/13796] INFO  utils.BackgroundService (BackgroundService.java:shutdown(132)) - Shutting down service SCMBlockDeletingService
2021-01-18 07:23:35,472 [Listener at 127.0.0.1/13796] INFO  server.StorageContainerManager (StorageContainerManager.java:stop(911)) - Stopping SCM Event Queue.
2021-01-18 07:23:35,476 [Listener at 127.0.0.1/13796] INFO  impl.MetricsSystemImpl (MetricsSystemImpl.java:stop(210)) - Stopping OzoneManager metrics system...
2021-01-18 07:23:35,479 [prometheus] INFO  impl.MetricsSinkAdapter (MetricsSinkAdapter.java:publishMetricsFromQueue(141)) - prometheus thread interrupted.
2021-01-18 07:23:35,479 [Listener at 127.0.0.1/13796] INFO  impl.MetricsSystemImpl (MetricsSystemImpl.java:stop(216)) - OzoneManager metrics system stopped.
]]></system-out>
  </testcase>
  <testcase name="testInstallOldCheckpointFailure" classname="org.apache.hadoop.ozone.om.TestOMRatisSnapshots" time="65.144"/>
  <testcase name="testInstallCorruptedCheckpointFailure" classname="org.apache.hadoop.ozone.om.TestOMRatisSnapshots" time="55.899"/>
</testsuite>