<?xml version="1.0" encoding="UTF-8"?>
<testsuite xmlns:xsi="http://www.w3.org/2001/XMLSchema-instance" xsi:noNamespaceSchemaLocation="https://maven.apache.org/surefire/maven-surefire-plugin/xsd/surefire-test-report.xsd" name="org.apache.hadoop.ozone.om.TestOzoneManagerPrepare" time="264.323" tests="6" errors="1" skipped="1" failures="0">
  <properties>
    <property name="awt.toolkit" value="sun.awt.X11.XToolkit"/>
    <property name="file.encoding.pkg" value="sun.io"/>
    <property name="java.specification.version" value="1.8"/>
    <property name="sun.cpu.isalist" value=""/>
    <property name="sun.jnu.encoding" value="UTF-8"/>
    <property name="java.class.path" value="/home/runner/work/ozone/ozone/hadoop-ozone/integration-test/target/test-classes:/home/runner/work/ozone/ozone/hadoop-ozone/integration-test/target/classes:/home/runner/.m2/repository/org/apache/ozone/ozone-common/1.2.0-SNAPSHOT/ozone-common-1.2.0-SNAPSHOT.jar:/home/runner/.m2/repository/org/apache/commons/commons-compress/1.20/commons-compress-1.20.jar:/home/runner/.m2/repository/org/apache/ozone/hdds-common/1.2.0-SNAPSHOT/hdds-common-1.2.0-SNAPSHOT.jar:/home/runner/.m2/repository/org/apache/ozone/hdds-client/1.2.0-SNAPSHOT/hdds-client-1.2.0-SNAPSHOT.jar:/home/runner/.m2/repository/org/apache/ozone/ozone-interface-client/1.2.0-SNAPSHOT/ozone-interface-client-1.2.0-SNAPSHOT.jar:/home/runner/.m2/repository/org/apache/ozone/hdds-server-framework/1.2.0-SNAPSHOT/hdds-server-framework-1.2.0-SNAPSHOT.jar:/home/runner/.m2/repository/org/apache/ozone/hdds-interface-server/1.2.0-SNAPSHOT/hdds-interface-server-1.2.0-SNAPSHOT.jar:/home/runner/.m2/repository/org/eclipse/jetty/jetty-servlet/9.4.43.v20210629/jetty-servlet-9.4.43.v20210629.jar:/home/runner/.m2/repository/org/eclipse/jetty/jetty-security/9.4.43.v20210629/jetty-security-9.4.43.v20210629.jar:/home/runner/.m2/repository/org/rocksdb/rocksdbjni/6.20.3/rocksdbjni-6.20.3.jar:/home/runner/.m2/repository/io/prometheus/simpleclient_dropwizard/0.7.0/simpleclient_dropwizard-0.7.0.jar:/home/runner/.m2/repository/io/prometheus/simpleclient/0.7.0/simpleclient-0.7.0.jar:/home/runner/.m2/repository/io/prometheus/simpleclient_common/0.7.0/simpleclient_common-0.7.0.jar:/home/runner/.m2/repository/com/fasterxml/jackson/datatype/jackson-datatype-jsr310/2.12.1/jackson-datatype-jsr310-2.12.1.jar:/home/runner/.m2/repository/org/apache/ozone/hdds-test-utils/1.2.0-SNAPSHOT/hdds-test-utils-1.2.0-SNAPSHOT.jar:/home/runner/.m2/repository/com/google/guava/guava/30.1.1-jre/guava-30.1.1-jre.jar:/home/runner/.m2/repository/com/google/guava/failureaccess/1.0.1/failureaccess-1.0.1.jar:/home/runner/.m2/repository/com/google/guava/listenablefuture/9999.0-empty-to-avoid-conflict-with-guava/listenablefuture-9999.0-empty-to-avoid-conflict-with-guava.jar:/home/runner/.m2/repository/com/google/code/findbugs/jsr305/3.0.0/jsr305-3.0.0.jar:/home/runner/.m2/repository/org/checkerframework/checker-qual/3.8.0/checker-qual-3.8.0.jar:/home/runner/.m2/repository/com/google/errorprone/error_prone_annotations/2.2.0/error_prone_annotations-2.2.0.jar:/home/runner/.m2/repository/com/google/j2objc/j2objc-annotations/1.3/j2objc-annotations-1.3.jar:/home/runner/.m2/repository/commons-io/commons-io/2.8.0/commons-io-2.8.0.jar:/home/runner/.m2/repository/commons-logging/commons-logging/1.2/commons-logging-1.2.jar:/home/runner/.m2/repository/log4j/log4j/1.2.17/log4j-1.2.17.jar:/home/runner/.m2/repository/org/slf4j/slf4j-api/1.7.30/slf4j-api-1.7.30.jar:/home/runner/.m2/repository/org/apache/ozone/hdds-server-scm/1.2.0-SNAPSHOT/hdds-server-scm-1.2.0-SNAPSHOT.jar:/home/runner/.m2/repository/org/apache/ozone/hdds-container-service/1.2.0-SNAPSHOT/hdds-container-service-1.2.0-SNAPSHOT.jar:/home/runner/.m2/repository/org/apache/ozone/hdds-hadoop-dependency-server/1.2.0-SNAPSHOT/hdds-hadoop-dependency-server-1.2.0-SNAPSHOT.jar:/home/runner/.m2/repository/org/apache/hadoop/hadoop-hdfs/3.3.1/hadoop-hdfs-3.3.1.jar:/home/runner/.m2/repository/io/dropwizard/metrics/metrics-core/3.2.4/metrics-core-3.2.4.jar:/home/runner/.m2/repository/org/apache/hadoop/hadoop-hdfs-client/3.3.1/hadoop-hdfs-client-3.3.1.jar:/home/runner/.m2/repository/org/bouncycastle/bcprov-jdk15on/1.67/bcprov-jdk15on-1.67.jar:/home/runner/.m2/repository/com/google/protobuf/protobuf-java/2.5.0/protobuf-java-2.5.0.jar:/home/runner/.m2/repository/org/apache/ozone/ozone-manager/1.2.0-SNAPSHOT/ozone-manager-1.2.0-SNAPSHOT.jar:/home/runner/.m2/repository/org/aspectj/aspectjrt/1.9.7/aspectjrt-1.9.7.jar:/home/runner/.m2/repository/org/aspectj/aspectjweaver/1.9.7/aspectjweaver-1.9.7.jar:/home/runner/.m2/repository/org/apache/ozone/hdds-interface-client/1.2.0-SNAPSHOT/hdds-interface-client-1.2.0-SNAPSHOT.jar:/home/runner/.m2/repository/org/apache/hadoop/thirdparty/hadoop-shaded-protobuf_3_7/1.1.1/hadoop-shaded-protobuf_3_7-1.1.1.jar:/home/runner/.m2/repository/org/apache/ozone/ozone-interface-storage/1.2.0-SNAPSHOT/ozone-interface-storage-1.2.0-SNAPSHOT.jar:/home/runner/.m2/repository/org/reflections/reflections/0.9.11/reflections-0.9.11.jar:/home/runner/.m2/repository/org/apache/hadoop/hadoop-minikdc/3.3.1/hadoop-minikdc-3.3.1.jar:/home/runner/.m2/repository/org/apache/kerby/kerb-simplekdc/1.0.1/kerb-simplekdc-1.0.1.jar:/home/runner/.m2/repository/org/apache/kerby/kerb-client/1.0.1/kerb-client-1.0.1.jar:/home/runner/.m2/repository/org/apache/kerby/kerby-config/1.0.1/kerby-config-1.0.1.jar:/home/runner/.m2/repository/org/apache/kerby/kerb-common/1.0.1/kerb-common-1.0.1.jar:/home/runner/.m2/repository/org/apache/kerby/kerb-crypto/1.0.1/kerb-crypto-1.0.1.jar:/home/runner/.m2/repository/org/apache/kerby/kerb-util/1.0.1/kerb-util-1.0.1.jar:/home/runner/.m2/repository/org/apache/kerby/token-provider/1.0.1/token-provider-1.0.1.jar:/home/runner/.m2/repository/org/apache/kerby/kerb-admin/1.0.1/kerb-admin-1.0.1.jar:/home/runner/.m2/repository/org/apache/kerby/kerb-server/1.0.1/kerb-server-1.0.1.jar:/home/runner/.m2/repository/org/apache/kerby/kerb-identity/1.0.1/kerb-identity-1.0.1.jar:/home/runner/.m2/repository/org/apache/kerby/kerby-xdr/1.0.1/kerby-xdr-1.0.1.jar:/home/runner/.m2/repository/org/slf4j/slf4j-log4j12/1.7.30/slf4j-log4j12-1.7.30.jar:/home/runner/.m2/repository/org/apache/ozone/ozone-s3gateway/1.2.0-SNAPSHOT/ozone-s3gateway-1.2.0-SNAPSHOT.jar:/home/runner/.m2/repository/org/javassist/javassist/3.21.0-GA/javassist-3.21.0-GA.jar:/home/runner/.m2/repository/org/jboss/weld/servlet/weld-servlet/2.4.7.Final/weld-servlet-2.4.7.Final.jar:/home/runner/.m2/repository/org/glassfish/jersey/containers/jersey-container-servlet-core/2.33/jersey-container-servlet-core-2.33.jar:/home/runner/.m2/repository/org/glassfish/hk2/external/jakarta.inject/2.6.1/jakarta.inject-2.6.1.jar:/home/runner/.m2/repository/org/glassfish/jersey/core/jersey-common/2.33/jersey-common-2.33.jar:/home/runner/.m2/repository/jakarta/ws/rs/jakarta.ws.rs-api/2.1.6/jakarta.ws.rs-api-2.1.6.jar:/home/runner/.m2/repository/org/glassfish/jersey/ext/cdi/jersey-cdi1x/2.33/jersey-cdi1x-2.33.jar:/home/runner/.m2/repository/org/glassfish/jersey/inject/jersey-hk2/2.33/jersey-hk2-2.33.jar:/home/runner/.m2/repository/org/glassfish/hk2/hk2-locator/2.6.1/hk2-locator-2.6.1.jar:/home/runner/.m2/repository/org/glassfish/jersey/media/jersey-media-jaxb/2.33/jersey-media-jaxb-2.33.jar:/home/runner/.m2/repository/org/glassfish/hk2/osgi-resource-locator/1.0.3/osgi-resource-locator-1.0.3.jar:/home/runner/.m2/repository/org/glassfish/hk2/hk2-api/2.5.0/hk2-api-2.5.0.jar:/home/runner/.m2/repository/org/glassfish/hk2/hk2-utils/2.5.0/hk2-utils-2.5.0.jar:/home/runner/.m2/repository/org/glassfish/hk2/external/aopalliance-repackaged/2.5.0/aopalliance-repackaged-2.5.0.jar:/home/runner/.m2/repository/com/fasterxml/jackson/dataformat/jackson-dataformat-xml/2.12.1/jackson-dataformat-xml-2.12.1.jar:/home/runner/.m2/repository/com/fasterxml/jackson/core/jackson-core/2.12.1/jackson-core-2.12.1.jar:/home/runner/.m2/repository/com/fasterxml/jackson/module/jackson-module-jaxb-annotations/2.12.1/jackson-module-jaxb-annotations-2.12.1.jar:/home/runner/.m2/repository/jakarta/xml/bind/jakarta.xml.bind-api/2.3.2/jakarta.xml.bind-api-2.3.2.jar:/home/runner/.m2/repository/org/codehaus/woodstox/stax2-api/3.1.4/stax2-api-3.1.4.jar:/home/runner/.m2/repository/com/fasterxml/woodstox/woodstox-core/5.0.3/woodstox-core-5.0.3.jar:/home/runner/.m2/repository/javax/enterprise/cdi-api/1.2/cdi-api-1.2.jar:/home/runner/.m2/repository/javax/el/javax.el-api/3.0.0/javax.el-api-3.0.0.jar:/home/runner/.m2/repository/javax/interceptor/javax.interceptor-api/1.2/javax.interceptor-api-1.2.jar:/home/runner/.m2/repository/javax/inject/javax.inject/1/javax.inject-1.jar:/home/runner/.m2/repository/javax/xml/bind/jaxb-api/2.3.0/jaxb-api-2.3.0.jar:/home/runner/.m2/repository/org/glassfish/jaxb/jaxb-runtime/2.3.0.1/jaxb-runtime-2.3.0.1.jar:/home/runner/.m2/repository/org/glassfish/jaxb/jaxb-core/2.3.0.1/jaxb-core-2.3.0.1.jar:/home/runner/.m2/repository/org/glassfish/jaxb/txw2/2.3.0.1/txw2-2.3.0.1.jar:/home/runner/.m2/repository/com/sun/istack/istack-commons-runtime/3.0.5/istack-commons-runtime-3.0.5.jar:/home/runner/.m2/repository/org/jvnet/staxex/stax-ex/1.7.8/stax-ex-1.7.8.jar:/home/runner/.m2/repository/com/sun/xml/fastinfoset/FastInfoset/1.2.13/FastInfoset-1.2.13.jar:/home/runner/.m2/repository/javax/activation/activation/1.1.1/activation-1.1.1.jar:/home/runner/.m2/repository/org/apache/ozone/ozone-csi/1.2.0-SNAPSHOT/ozone-csi-1.2.0-SNAPSHOT.jar:/home/runner/.m2/repository/com/google/protobuf/protobuf-java-util/3.12.0/protobuf-java-util-3.12.0.jar:/home/runner/.m2/repository/com/google/code/gson/gson/2.2.4/gson-2.2.4.jar:/home/runner/.m2/repository/org/apache/ozone/hdds-config/1.2.0-SNAPSHOT/hdds-config-1.2.0-SNAPSHOT.jar:/home/runner/.m2/repository/io/grpc/grpc-netty/1.33.0/grpc-netty-1.33.0.jar:/home/runner/.m2/repository/io/grpc/grpc-core/1.33.0/grpc-core-1.33.0.jar:/home/runner/.m2/repository/com/google/android/annotations/4.1.1.4/annotations-4.1.1.4.jar:/home/runner/.m2/repository/io/netty/netty-codec-http2/4.1.63.Final/netty-codec-http2-4.1.63.Final.jar:/home/runner/.m2/repository/io/netty/netty-codec-http/4.1.63.Final/netty-codec-http-4.1.63.Final.jar:/home/runner/.m2/repository/io/netty/netty-handler-proxy/4.1.63.Final/netty-handler-proxy-4.1.63.Final.jar:/home/runner/.m2/repository/io/netty/netty-codec-socks/4.1.63.Final/netty-codec-socks-4.1.63.Final.jar:/home/runner/.m2/repository/io/perfmark/perfmark-api/0.19.0/perfmark-api-0.19.0.jar:/home/runner/.m2/repository/org/codehaus/mojo/animal-sniffer-annotations/1.18/animal-sniffer-annotations-1.18.jar:/home/runner/.m2/repository/io/netty/netty-transport-native-epoll/4.1.63.Final/netty-transport-native-epoll-4.1.63.Final.jar:/home/runner/.m2/repository/io/netty/netty-common/4.1.63.Final/netty-common-4.1.63.Final.jar:/home/runner/.m2/repository/io/netty/netty-buffer/4.1.63.Final/netty-buffer-4.1.63.Final.jar:/home/runner/.m2/repository/io/netty/netty-transport-native-unix-common/4.1.63.Final/netty-transport-native-unix-common-4.1.63.Final.jar:/home/runner/.m2/repository/io/grpc/grpc-protobuf/1.33.0/grpc-protobuf-1.33.0.jar:/home/runner/.m2/repository/io/grpc/grpc-api/1.33.0/grpc-api-1.33.0.jar:/home/runner/.m2/repository/io/grpc/grpc-context/1.33.0/grpc-context-1.33.0.jar:/home/runner/.m2/repository/com/google/api/grpc/proto-google-common-protos/1.17.0/proto-google-common-protos-1.17.0.jar:/home/runner/.m2/repository/io/grpc/grpc-protobuf-lite/1.33.0/grpc-protobuf-lite-1.33.0.jar:/home/runner/.m2/repository/io/grpc/grpc-stub/1.33.0/grpc-stub-1.33.0.jar:/home/runner/.m2/repository/org/apache/ozone/ozone-recon/1.2.0-SNAPSHOT/ozone-recon-1.2.0-SNAPSHOT.jar:/home/runner/.m2/repository/org/apache/ozone/ozone-reconcodegen/1.2.0-SNAPSHOT/ozone-reconcodegen-1.2.0-SNAPSHOT.jar:/home/runner/.m2/repository/com/google/inject/extensions/guice-multibindings/4.0/guice-multibindings-4.0.jar:/home/runner/.m2/repository/com/google/inject/guice/4.0/guice-4.0.jar:/home/runner/.m2/repository/aopalliance/aopalliance/1.0/aopalliance-1.0.jar:/home/runner/.m2/repository/com/google/inject/extensions/guice-assistedinject/4.0/guice-assistedinject-4.0.jar:/home/runner/.m2/repository/com/google/inject/extensions/guice-servlet/4.0/guice-servlet-4.0.jar:/home/runner/.m2/repository/org/glassfish/jersey/containers/jersey-container-servlet/2.33/jersey-container-servlet-2.33.jar:/home/runner/.m2/repository/org/glassfish/hk2/guice-bridge/2.5.0/guice-bridge-2.5.0.jar:/home/runner/.m2/repository/org/glassfish/jersey/core/jersey-server/2.33/jersey-server-2.33.jar:/home/runner/.m2/repository/org/glassfish/jersey/core/jersey-client/2.33/jersey-client-2.33.jar:/home/runner/.m2/repository/jakarta/annotation/jakarta.annotation-api/1.3.5/jakarta.annotation-api-1.3.5.jar:/home/runner/.m2/repository/jakarta/validation/jakarta.validation-api/2.0.2/jakarta.validation-api-2.0.2.jar:/home/runner/.m2/repository/org/glassfish/jersey/media/jersey-media-json-jackson/2.33/jersey-media-json-jackson-2.33.jar:/home/runner/.m2/repository/org/glassfish/jersey/ext/jersey-entity-filtering/2.33/jersey-entity-filtering-2.33.jar:/home/runner/.m2/repository/org/jooq/jooq/3.11.10/jooq-3.11.10.jar:/home/runner/.m2/repository/org/jooq/jooq-meta/3.11.10/jooq-meta-3.11.10.jar:/home/runner/.m2/repository/org/jooq/jooq-codegen/3.11.10/jooq-codegen-3.11.10.jar:/home/runner/.m2/repository/com/jolbox/bonecp/0.8.0.RELEASE/bonecp-0.8.0.RELEASE.jar:/home/runner/.m2/repository/org/apache/derby/derby/10.14.2.0/derby-10.14.2.0.jar:/home/runner/.m2/repository/org/xerial/sqlite-jdbc/3.25.2/sqlite-jdbc-3.25.2.jar:/home/runner/.m2/repository/org/springframework/spring-jdbc/5.2.11.RELEASE/spring-jdbc-5.2.11.RELEASE.jar:/home/runner/.m2/repository/org/springframework/spring-beans/5.2.11.RELEASE/spring-beans-5.2.11.RELEASE.jar:/home/runner/.m2/repository/org/springframework/spring-core/5.2.11.RELEASE/spring-core-5.2.11.RELEASE.jar:/home/runner/.m2/repository/org/springframework/spring-jcl/5.2.11.RELEASE/spring-jcl-5.2.11.RELEASE.jar:/home/runner/.m2/repository/org/springframework/spring-tx/5.2.11.RELEASE/spring-tx-5.2.11.RELEASE.jar:/home/runner/.m2/repository/org/apache/ozone/ozone-client/1.2.0-SNAPSHOT/ozone-client-1.2.0-SNAPSHOT.jar:/home/runner/.m2/repository/org/apache/ozone/ozone-filesystem/1.2.0-SNAPSHOT/ozone-filesystem-1.2.0-SNAPSHOT.jar:/home/runner/.m2/repository/org/apache/ozone/ozone-filesystem-common/1.2.0-SNAPSHOT/ozone-filesystem-common-1.2.0-SNAPSHOT.jar:/home/runner/.m2/repository/org/apache/ozone/ozone-tools/1.2.0-SNAPSHOT/ozone-tools-1.2.0-SNAPSHOT.jar:/home/runner/.m2/repository/org/apache/ratis/ratis-tools/2.1.0-03f3b68-SNAPSHOT/ratis-tools-2.1.0-03f3b68-SNAPSHOT.jar:/home/runner/.m2/repository/com/amazonaws/aws-java-sdk-core/1.11.901/aws-java-sdk-core-1.11.901.jar:/home/runner/.m2/repository/org/apache/httpcomponents/httpclient/4.5.13/httpclient-4.5.13.jar:/home/runner/.m2/repository/org/apache/httpcomponents/httpcore/4.4.13/httpcore-4.4.13.jar:/home/runner/.m2/repository/software/amazon/ion/ion-java/1.0.2/ion-java-1.0.2.jar:/home/runner/.m2/repository/com/fasterxml/jackson/dataformat/jackson-dataformat-cbor/2.12.1/jackson-dataformat-cbor-2.12.1.jar:/home/runner/.m2/repository/joda-time/joda-time/2.8.1/joda-time-2.8.1.jar:/home/runner/.m2/repository/com/amazonaws/aws-java-sdk-s3/1.11.901/aws-java-sdk-s3-1.11.901.jar:/home/runner/.m2/repository/com/amazonaws/aws-java-sdk-kms/1.11.901/aws-java-sdk-kms-1.11.901.jar:/home/runner/.m2/repository/com/amazonaws/jmespath-java/1.11.901/jmespath-java-1.11.901.jar:/home/runner/.m2/repository/org/kohsuke/metainf-services/metainf-services/1.8/metainf-services-1.8.jar:/home/runner/.m2/repository/org/apache/ozone/hdds-tools/1.2.0-SNAPSHOT/hdds-tools-1.2.0-SNAPSHOT.jar:/home/runner/.m2/repository/commons-cli/commons-cli/1.2/commons-cli-1.2.jar:/home/runner/.m2/repository/org/apache/commons/commons-lang3/3.7/commons-lang3-3.7.jar:/home/runner/.m2/repository/org/apache/ozone/ozone-manager/1.2.0-SNAPSHOT/ozone-manager-1.2.0-SNAPSHOT-tests.jar:/home/runner/.m2/repository/org/apache/ozone/hdds-common/1.2.0-SNAPSHOT/hdds-common-1.2.0-SNAPSHOT-tests.jar:/home/runner/.m2/repository/org/apache/ozone/hdds-hadoop-dependency-client/1.2.0-SNAPSHOT/hdds-hadoop-dependency-client-1.2.0-SNAPSHOT.jar:/home/runner/.m2/repository/info/picocli/picocli/4.6.1/picocli-4.6.1.jar:/home/runner/.m2/repository/com/fasterxml/jackson/core/jackson-annotations/2.12.1/jackson-annotations-2.12.1.jar:/home/runner/.m2/repository/javax/annotation/javax.annotation-api/1.2/javax.annotation-api-1.2.jar:/home/runner/.m2/repository/org/apache/ratis/ratis-server/2.1.0-03f3b68-SNAPSHOT/ratis-server-2.1.0-03f3b68-SNAPSHOT.jar:/home/runner/.m2/repository/org/apache/ratis/ratis-client/2.1.0-03f3b68-SNAPSHOT/ratis-client-2.1.0-03f3b68-SNAPSHOT.jar:/home/runner/.m2/repository/org/apache/ratis/ratis-server-api/2.1.0-03f3b68-SNAPSHOT/ratis-server-api-2.1.0-03f3b68-SNAPSHOT.jar:/home/runner/.m2/repository/org/apache/ratis/ratis-metrics/2.1.0-03f3b68-SNAPSHOT/ratis-metrics-2.1.0-03f3b68-SNAPSHOT.jar:/home/runner/.m2/repository/org/apache/ratis/ratis-netty/2.1.0-03f3b68-SNAPSHOT/ratis-netty-2.1.0-03f3b68-SNAPSHOT.jar:/home/runner/.m2/repository/org/apache/ratis/ratis-grpc/2.1.0-03f3b68-SNAPSHOT/ratis-grpc-2.1.0-03f3b68-SNAPSHOT.jar:/home/runner/.m2/repository/org/apache/logging/log4j/log4j-api/2.13.3/log4j-api-2.13.3.jar:/home/runner/.m2/repository/org/apache/logging/log4j/log4j-core/2.13.3/log4j-core-2.13.3.jar:/home/runner/.m2/repository/com/lmax/disruptor/3.4.2/disruptor-3.4.2.jar:/home/runner/.m2/repository/org/apache/commons/commons-pool2/2.6.0/commons-pool2-2.6.0.jar:/home/runner/.m2/repository/org/bouncycastle/bcpkix-jdk15on/1.67/bcpkix-jdk15on-1.67.jar:/home/runner/.m2/repository/commons-validator/commons-validator/1.6/commons-validator-1.6.jar:/home/runner/.m2/repository/commons-beanutils/commons-beanutils/1.9.4/commons-beanutils-1.9.4.jar:/home/runner/.m2/repository/commons-digester/commons-digester/1.8.1/commons-digester-1.8.1.jar:/home/runner/.m2/repository/commons-collections/commons-collections/3.2.2/commons-collections-3.2.2.jar:/home/runner/.m2/repository/io/jaegertracing/jaeger-client/1.6.0/jaeger-client-1.6.0.jar:/home/runner/.m2/repository/io/jaegertracing/jaeger-thrift/1.6.0/jaeger-thrift-1.6.0.jar:/home/runner/.m2/repository/org/apache/thrift/libthrift/0.14.1/libthrift-0.14.1.jar:/home/runner/.m2/repository/com/squareup/okhttp3/okhttp/4.9.0/okhttp-4.9.0.jar:/home/runner/.m2/repository/com/squareup/okio/okio/2.8.0/okio-2.8.0.jar:/home/runner/.m2/repository/io/jaegertracing/jaeger-core/1.6.0/jaeger-core-1.6.0.jar:/home/runner/.m2/repository/io/jaegertracing/jaeger-tracerresolver/1.6.0/jaeger-tracerresolver-1.6.0.jar:/home/runner/.m2/repository/io/opentracing/contrib/opentracing-tracerresolver/0.1.8/opentracing-tracerresolver-0.1.8.jar:/home/runner/.m2/repository/org/jetbrains/kotlin/kotlin-stdlib/1.4.31/kotlin-stdlib-1.4.31.jar:/home/runner/.m2/repository/org/jetbrains/kotlin/kotlin-stdlib-common/1.4.31/kotlin-stdlib-common-1.4.31.jar:/home/runner/.m2/repository/org/jetbrains/annotations/13.0/annotations-13.0.jar:/home/runner/.m2/repository/io/opentracing/opentracing-util/0.33.0/opentracing-util-0.33.0.jar:/home/runner/.m2/repository/io/opentracing/opentracing-api/0.33.0/opentracing-api-0.33.0.jar:/home/runner/.m2/repository/io/opentracing/opentracing-noop/0.33.0/opentracing-noop-0.33.0.jar:/home/runner/.m2/repository/org/yaml/snakeyaml/1.26/snakeyaml-1.26.jar:/home/runner/.m2/repository/org/apache/ozone/hdds-interface-admin/1.2.0-SNAPSHOT/hdds-interface-admin-1.2.0-SNAPSHOT.jar:/home/runner/.m2/repository/junit/junit/4.13.1/junit-4.13.1.jar:/home/runner/.m2/repository/org/hamcrest/hamcrest-core/1.3/hamcrest-core-1.3.jar:/home/runner/.m2/repository/org/junit/jupiter/junit-jupiter-api/5.7.0/junit-jupiter-api-5.7.0.jar:/home/runner/.m2/repository/org/apiguardian/apiguardian-api/1.1.0/apiguardian-api-1.1.0.jar:/home/runner/.m2/repository/org/opentest4j/opentest4j/1.2.0/opentest4j-1.2.0.jar:/home/runner/.m2/repository/org/junit/platform/junit-platform-commons/1.7.0/junit-platform-commons-1.7.0.jar:/home/runner/.m2/repository/org/junit/jupiter/junit-jupiter-engine/5.7.0/junit-jupiter-engine-5.7.0.jar:/home/runner/.m2/repository/org/junit/platform/junit-platform-engine/1.7.0/junit-platform-engine-1.7.0.jar:/home/runner/.m2/repository/org/junit/vintage/junit-vintage-engine/5.7.0/junit-vintage-engine-5.7.0.jar:/home/runner/.m2/repository/org/junit/platform/junit-platform-launcher/1.7.0/junit-platform-launcher-1.7.0.jar:/home/runner/.m2/repository/org/openjdk/jmh/jmh-core/1.19/jmh-core-1.19.jar:/home/runner/.m2/repository/net/sf/jopt-simple/jopt-simple/4.6/jopt-simple-4.6.jar:/home/runner/.m2/repository/org/apache/commons/commons-math3/3.1.1/commons-math3-3.1.1.jar:/home/runner/.m2/repository/org/openjdk/jmh/jmh-generator-annprocess/1.19/jmh-generator-annprocess-1.19.jar:/home/runner/.m2/repository/org/mockito/mockito-core/2.28.2/mockito-core-2.28.2.jar:/home/runner/.m2/repository/net/bytebuddy/byte-buddy/1.9.10/byte-buddy-1.9.10.jar:/home/runner/.m2/repository/net/bytebuddy/byte-buddy-agent/1.9.10/byte-buddy-agent-1.9.10.jar:/home/runner/.m2/repository/org/objenesis/objenesis/1.0/objenesis-1.0.jar:/home/runner/.m2/repository/org/apache/hadoop/hadoop-kms/3.3.1/hadoop-kms-3.3.1.jar:/home/runner/.m2/repository/org/apache/hadoop/hadoop-auth/3.3.1/hadoop-auth-3.3.1.jar:/home/runner/.m2/repository/com/nimbusds/nimbus-jose-jwt/7.9/nimbus-jose-jwt-7.9.jar:/home/runner/.m2/repository/com/github/stephenc/jcip/jcip-annotations/1.0-1/jcip-annotations-1.0-1.jar:/home/runner/.m2/repository/net/minidev/json-smart/2.3/json-smart-2.3.jar:/home/runner/.m2/repository/net/minidev/accessors-smart/1.2/accessors-smart-1.2.jar:/home/runner/.m2/repository/org/ow2/asm/asm/5.0.4/asm-5.0.4.jar:/home/runner/.m2/repository/org/apache/zookeeper/zookeeper/3.5.6/zookeeper-3.5.6.jar:/home/runner/.m2/repository/org/apache/zookeeper/zookeeper-jute/3.5.6/zookeeper-jute-3.5.6.jar:/home/runner/.m2/repository/org/apache/yetus/audience-annotations/0.5.0/audience-annotations-0.5.0.jar:/home/runner/.m2/repository/org/apache/curator/curator-framework/4.2.0/curator-framework-4.2.0.jar:/home/runner/.m2/repository/org/apache/hadoop/thirdparty/hadoop-shaded-guava/1.1.1/hadoop-shaded-guava-1.1.1.jar:/home/runner/.m2/repository/com/sun/jersey/jersey-core/1.19/jersey-core-1.19.jar:/home/runner/.m2/repository/javax/ws/rs/jsr311-api/1.1.1/jsr311-api-1.1.1.jar:/home/runner/.m2/repository/com/sun/jersey/jersey-server/1.19/jersey-server-1.19.jar:/home/runner/.m2/repository/javax/servlet/javax.servlet-api/3.1.0/javax.servlet-api-3.1.0.jar:/home/runner/.m2/repository/org/eclipse/jetty/jetty-server/9.4.43.v20210629/jetty-server-9.4.43.v20210629.jar:/home/runner/.m2/repository/org/eclipse/jetty/jetty-http/9.4.43.v20210629/jetty-http-9.4.43.v20210629.jar:/home/runner/.m2/repository/org/eclipse/jetty/jetty-io/9.4.43.v20210629/jetty-io-9.4.43.v20210629.jar:/home/runner/.m2/repository/org/eclipse/jetty/jetty-webapp/9.4.43.v20210629/jetty-webapp-9.4.43.v20210629.jar:/home/runner/.m2/repository/org/eclipse/jetty/jetty-xml/9.4.43.v20210629/jetty-xml-9.4.43.v20210629.jar:/home/runner/.m2/repository/org/apache/hadoop/hadoop-common/3.3.1/hadoop-common-3.3.1.jar:/home/runner/.m2/repository/commons-net/commons-net/3.6/commons-net-3.6.jar:/home/runner/.m2/repository/jakarta/activation/jakarta.activation-api/1.2.1/jakarta.activation-api-1.2.1.jar:/home/runner/.m2/repository/com/sun/jersey/jersey-servlet/1.19/jersey-servlet-1.19.jar:/home/runner/.m2/repository/com/sun/jersey/jersey-json/1.19/jersey-json-1.19.jar:/home/runner/.m2/repository/org/codehaus/jettison/jettison/1.1/jettison-1.1.jar:/home/runner/.m2/repository/com/sun/xml/bind/jaxb-impl/2.2.3-1/jaxb-impl-2.2.3-1.jar:/home/runner/.m2/repository/org/codehaus/jackson/jackson-jaxrs/1.9.2/jackson-jaxrs-1.9.2.jar:/home/runner/.m2/repository/org/codehaus/jackson/jackson-xc/1.9.2/jackson-xc-1.9.2.jar:/home/runner/.m2/repository/org/apache/commons/commons-configuration2/2.1.1/commons-configuration2-2.1.1.jar:/home/runner/.m2/repository/org/apache/commons/commons-text/1.4/commons-text-1.4.jar:/home/runner/.m2/repository/com/google/re2j/re2j/1.1/re2j-1.1.jar:/home/runner/.m2/repository/com/jcraft/jsch/0.1.54/jsch-0.1.54.jar:/home/runner/.m2/repository/org/apache/curator/curator-client/4.2.0/curator-client-4.2.0.jar:/home/runner/.m2/repository/org/apache/curator/curator-recipes/4.2.0/curator-recipes-4.2.0.jar:/home/runner/.m2/repository/org/apache/kerby/kerb-core/1.0.1/kerb-core-1.0.1.jar:/home/runner/.m2/repository/org/apache/kerby/kerby-pkix/1.0.1/kerby-pkix-1.0.1.jar:/home/runner/.m2/repository/org/apache/kerby/kerby-asn1/1.0.1/kerby-asn1-1.0.1.jar:/home/runner/.m2/repository/org/apache/kerby/kerby-util/1.0.1/kerby-util-1.0.1.jar:/home/runner/.m2/repository/dnsjava/dnsjava/2.1.7/dnsjava-2.1.7.jar:/home/runner/.m2/repository/org/xerial/snappy/snappy-java/1.1.8.2/snappy-java-1.1.8.2.jar:/home/runner/.m2/repository/org/slf4j/jul-to-slf4j/1.7.30/jul-to-slf4j-1.7.30.jar:/home/runner/.m2/repository/org/eclipse/jetty/jetty-util/9.4.43.v20210629/jetty-util-9.4.43.v20210629.jar:/home/runner/.m2/repository/com/fasterxml/jackson/core/jackson-databind/2.12.1/jackson-databind-2.12.1.jar:/home/runner/.m2/repository/org/apache/hadoop/hadoop-kms/3.3.1/hadoop-kms-3.3.1-tests.jar:/home/runner/.m2/repository/org/apache/ozone/hdds-server-scm/1.2.0-SNAPSHOT/hdds-server-scm-1.2.0-SNAPSHOT-tests.jar:/home/runner/.m2/repository/org/apache/ozone/hdds-container-service/1.2.0-SNAPSHOT/hdds-container-service-1.2.0-SNAPSHOT-tests.jar:/home/runner/.m2/repository/commons-codec/commons-codec/1.11/commons-codec-1.11.jar:/home/runner/.m2/repository/io/netty/netty-transport/4.1.63.Final/netty-transport-4.1.63.Final.jar:/home/runner/.m2/repository/io/netty/netty-resolver/4.1.63.Final/netty-resolver-4.1.63.Final.jar:/home/runner/.m2/repository/io/netty/netty-codec/4.1.63.Final/netty-codec-4.1.63.Final.jar:/home/runner/.m2/repository/io/netty/netty-handler/4.1.63.Final/netty-handler-4.1.63.Final.jar:/home/runner/.m2/repository/org/apache/ozone/hdds-hadoop-dependency-test/1.2.0-SNAPSHOT/hdds-hadoop-dependency-test-1.2.0-SNAPSHOT.jar:/home/runner/.m2/repository/org/apache/hadoop/hadoop-common/3.3.1/hadoop-common-3.3.1-tests.jar:/home/runner/.m2/repository/org/assertj/assertj-core/3.12.2/assertj-core-3.12.2.jar:/home/runner/.m2/repository/org/apache/hadoop/hadoop-hdfs/3.3.1/hadoop-hdfs-3.3.1-tests.jar:/home/runner/.m2/repository/org/eclipse/jetty/jetty-util-ajax/9.4.43.v20210629/jetty-util-ajax-9.4.43.v20210629.jar:/home/runner/.m2/repository/commons-daemon/commons-daemon/1.0.13/commons-daemon-1.0.13.jar:/home/runner/.m2/repository/io/netty/netty/3.10.6.Final/netty-3.10.6.Final.jar:/home/runner/.m2/repository/io/netty/netty-all/4.1.63.Final/netty-all-4.1.63.Final.jar:/home/runner/.m2/repository/org/apache/htrace/htrace-core4/4.1.0-incubating/htrace-core4-4.1.0-incubating.jar:/home/runner/.m2/repository/org/fusesource/leveldbjni/leveldbjni-all/1.8/leveldbjni-all-1.8.jar:/home/runner/.m2/repository/org/apache/hadoop/hadoop-distcp/3.3.1/hadoop-distcp-3.3.1.jar:/home/runner/.m2/repository/org/apache/hadoop/hadoop-mapreduce-client-jobclient/3.3.1/hadoop-mapreduce-client-jobclient-3.3.1.jar:/home/runner/.m2/repository/org/apache/hadoop/hadoop-mapreduce-client-common/3.3.1/hadoop-mapreduce-client-common-3.3.1.jar:/home/runner/.m2/repository/org/apache/hadoop/hadoop-yarn-common/3.3.1/hadoop-yarn-common-3.3.1.jar:/home/runner/.m2/repository/org/apache/hadoop/hadoop-yarn-api/3.3.1/hadoop-yarn-api-3.3.1.jar:/home/runner/.m2/repository/com/sun/jersey/jersey-client/1.19/jersey-client-1.19.jar:/home/runner/.m2/repository/com/sun/jersey/contribs/jersey-guice/1.19/jersey-guice-1.19.jar:/home/runner/.m2/repository/com/fasterxml/jackson/jaxrs/jackson-jaxrs-json-provider/2.12.1/jackson-jaxrs-json-provider-2.12.1.jar:/home/runner/.m2/repository/com/fasterxml/jackson/jaxrs/jackson-jaxrs-base/2.12.1/jackson-jaxrs-base-2.12.1.jar:/home/runner/.m2/repository/org/apache/hadoop/hadoop-yarn-client/3.3.1/hadoop-yarn-client-3.3.1.jar:/home/runner/.m2/repository/org/eclipse/jetty/websocket/websocket-client/9.4.40.v20210413/websocket-client-9.4.40.v20210413.jar:/home/runner/.m2/repository/org/eclipse/jetty/jetty-client/9.4.40.v20210413/jetty-client-9.4.40.v20210413.jar:/home/runner/.m2/repository/org/eclipse/jetty/websocket/websocket-common/9.4.40.v20210413/websocket-common-9.4.40.v20210413.jar:/home/runner/.m2/repository/org/eclipse/jetty/websocket/websocket-api/9.4.40.v20210413/websocket-api-9.4.40.v20210413.jar:/home/runner/.m2/repository/org/jline/jline/3.9.0/jline-3.9.0.jar:/home/runner/.m2/repository/org/apache/hadoop/hadoop-mapreduce-client-core/3.3.1/hadoop-mapreduce-client-core-3.3.1.jar:/home/runner/.m2/repository/org/apache/avro/avro/1.7.7/avro-1.7.7.jar:/home/runner/.m2/repository/org/codehaus/jackson/jackson-core-asl/1.9.13/jackson-core-asl-1.9.13.jar:/home/runner/.m2/repository/org/codehaus/jackson/jackson-mapper-asl/1.9.13/jackson-mapper-asl-1.9.13.jar:/home/runner/.m2/repository/com/thoughtworks/paranamer/paranamer/2.3/paranamer-2.3.jar:/home/runner/.m2/repository/org/apache/hadoop/hadoop-annotations/3.3.1/hadoop-annotations-3.3.1.jar:/usr/lib/jvm/adoptopenjdk-8-hotspot-amd64/jre/../lib/tools.jar:/home/runner/.m2/repository/org/apache/hadoop/hadoop-distcp/3.3.1/hadoop-distcp-3.3.1-tests.jar:/home/runner/.m2/repository/org/apache/ratis/ratis-common/2.1.0-03f3b68-SNAPSHOT/ratis-common-2.1.0-03f3b68-SNAPSHOT.jar:/home/runner/.m2/repository/org/apache/ratis/ratis-thirdparty-misc/0.7.0/ratis-thirdparty-misc-0.7.0.jar:/home/runner/.m2/repository/org/apache/ratis/ratis-proto/2.1.0-03f3b68-SNAPSHOT/ratis-proto-2.1.0-03f3b68-SNAPSHOT.jar:"/>
    <property name="java.vm.vendor" value="AdoptOpenJDK"/>
    <property name="sun.arch.data.model" value="64"/>
    <property name="test.build.dir" value="/home/runner/work/ozone/ozone/hadoop-ozone/integration-test/target/test-dir"/>
    <property name="test.cache.data" value=""/>
    <property name="java.vendor.url" value="https://adoptopenjdk.net/"/>
    <property name="user.timezone" value=""/>
    <property name="java.vm.specification.version" value="1.8"/>
    <property name="os.name" value="Linux"/>
    <property name="test.build.data" value="/home/runner/work/ozone/ozone/hadoop-ozone/integration-test/target/test-dir"/>
    <property name="sun.java.launcher" value="SUN_STANDARD"/>
    <property name="sun.boot.library.path" value="/usr/lib/jvm/adoptopenjdk-8-hotspot-amd64/jre/lib/amd64"/>
    <property name="sun.java.command" value="/home/runner/work/ozone/ozone/hadoop-ozone/integration-test/target/surefire/surefirebooter4634794891816862317.jar /home/runner/work/ozone/ozone/hadoop-ozone/integration-test/target/surefire 2021-10-03T00-58-11_680-jvmRun1 surefire7773210495060607426tmp surefire_264206864853898797166tmp"/>
    <property name="surefire.test.class.path" value="/home/runner/work/ozone/ozone/hadoop-ozone/integration-test/target/test-classes:/home/runner/work/ozone/ozone/hadoop-ozone/integration-test/target/classes:/home/runner/.m2/repository/org/apache/ozone/ozone-common/1.2.0-SNAPSHOT/ozone-common-1.2.0-SNAPSHOT.jar:/home/runner/.m2/repository/org/apache/commons/commons-compress/1.20/commons-compress-1.20.jar:/home/runner/.m2/repository/org/apache/ozone/hdds-common/1.2.0-SNAPSHOT/hdds-common-1.2.0-SNAPSHOT.jar:/home/runner/.m2/repository/org/apache/ozone/hdds-client/1.2.0-SNAPSHOT/hdds-client-1.2.0-SNAPSHOT.jar:/home/runner/.m2/repository/org/apache/ozone/ozone-interface-client/1.2.0-SNAPSHOT/ozone-interface-client-1.2.0-SNAPSHOT.jar:/home/runner/.m2/repository/org/apache/ozone/hdds-server-framework/1.2.0-SNAPSHOT/hdds-server-framework-1.2.0-SNAPSHOT.jar:/home/runner/.m2/repository/org/apache/ozone/hdds-interface-server/1.2.0-SNAPSHOT/hdds-interface-server-1.2.0-SNAPSHOT.jar:/home/runner/.m2/repository/org/eclipse/jetty/jetty-servlet/9.4.43.v20210629/jetty-servlet-9.4.43.v20210629.jar:/home/runner/.m2/repository/org/eclipse/jetty/jetty-security/9.4.43.v20210629/jetty-security-9.4.43.v20210629.jar:/home/runner/.m2/repository/org/rocksdb/rocksdbjni/6.20.3/rocksdbjni-6.20.3.jar:/home/runner/.m2/repository/io/prometheus/simpleclient_dropwizard/0.7.0/simpleclient_dropwizard-0.7.0.jar:/home/runner/.m2/repository/io/prometheus/simpleclient/0.7.0/simpleclient-0.7.0.jar:/home/runner/.m2/repository/io/prometheus/simpleclient_common/0.7.0/simpleclient_common-0.7.0.jar:/home/runner/.m2/repository/com/fasterxml/jackson/datatype/jackson-datatype-jsr310/2.12.1/jackson-datatype-jsr310-2.12.1.jar:/home/runner/.m2/repository/org/apache/ozone/hdds-test-utils/1.2.0-SNAPSHOT/hdds-test-utils-1.2.0-SNAPSHOT.jar:/home/runner/.m2/repository/com/google/guava/guava/30.1.1-jre/guava-30.1.1-jre.jar:/home/runner/.m2/repository/com/google/guava/failureaccess/1.0.1/failureaccess-1.0.1.jar:/home/runner/.m2/repository/com/google/guava/listenablefuture/9999.0-empty-to-avoid-conflict-with-guava/listenablefuture-9999.0-empty-to-avoid-conflict-with-guava.jar:/home/runner/.m2/repository/com/google/code/findbugs/jsr305/3.0.0/jsr305-3.0.0.jar:/home/runner/.m2/repository/org/checkerframework/checker-qual/3.8.0/checker-qual-3.8.0.jar:/home/runner/.m2/repository/com/google/errorprone/error_prone_annotations/2.2.0/error_prone_annotations-2.2.0.jar:/home/runner/.m2/repository/com/google/j2objc/j2objc-annotations/1.3/j2objc-annotations-1.3.jar:/home/runner/.m2/repository/commons-io/commons-io/2.8.0/commons-io-2.8.0.jar:/home/runner/.m2/repository/commons-logging/commons-logging/1.2/commons-logging-1.2.jar:/home/runner/.m2/repository/log4j/log4j/1.2.17/log4j-1.2.17.jar:/home/runner/.m2/repository/org/slf4j/slf4j-api/1.7.30/slf4j-api-1.7.30.jar:/home/runner/.m2/repository/org/apache/ozone/hdds-server-scm/1.2.0-SNAPSHOT/hdds-server-scm-1.2.0-SNAPSHOT.jar:/home/runner/.m2/repository/org/apache/ozone/hdds-container-service/1.2.0-SNAPSHOT/hdds-container-service-1.2.0-SNAPSHOT.jar:/home/runner/.m2/repository/org/apache/ozone/hdds-hadoop-dependency-server/1.2.0-SNAPSHOT/hdds-hadoop-dependency-server-1.2.0-SNAPSHOT.jar:/home/runner/.m2/repository/org/apache/hadoop/hadoop-hdfs/3.3.1/hadoop-hdfs-3.3.1.jar:/home/runner/.m2/repository/io/dropwizard/metrics/metrics-core/3.2.4/metrics-core-3.2.4.jar:/home/runner/.m2/repository/org/apache/hadoop/hadoop-hdfs-client/3.3.1/hadoop-hdfs-client-3.3.1.jar:/home/runner/.m2/repository/org/bouncycastle/bcprov-jdk15on/1.67/bcprov-jdk15on-1.67.jar:/home/runner/.m2/repository/com/google/protobuf/protobuf-java/2.5.0/protobuf-java-2.5.0.jar:/home/runner/.m2/repository/org/apache/ozone/ozone-manager/1.2.0-SNAPSHOT/ozone-manager-1.2.0-SNAPSHOT.jar:/home/runner/.m2/repository/org/aspectj/aspectjrt/1.9.7/aspectjrt-1.9.7.jar:/home/runner/.m2/repository/org/aspectj/aspectjweaver/1.9.7/aspectjweaver-1.9.7.jar:/home/runner/.m2/repository/org/apache/ozone/hdds-interface-client/1.2.0-SNAPSHOT/hdds-interface-client-1.2.0-SNAPSHOT.jar:/home/runner/.m2/repository/org/apache/hadoop/thirdparty/hadoop-shaded-protobuf_3_7/1.1.1/hadoop-shaded-protobuf_3_7-1.1.1.jar:/home/runner/.m2/repository/org/apache/ozone/ozone-interface-storage/1.2.0-SNAPSHOT/ozone-interface-storage-1.2.0-SNAPSHOT.jar:/home/runner/.m2/repository/org/reflections/reflections/0.9.11/reflections-0.9.11.jar:/home/runner/.m2/repository/org/apache/hadoop/hadoop-minikdc/3.3.1/hadoop-minikdc-3.3.1.jar:/home/runner/.m2/repository/org/apache/kerby/kerb-simplekdc/1.0.1/kerb-simplekdc-1.0.1.jar:/home/runner/.m2/repository/org/apache/kerby/kerb-client/1.0.1/kerb-client-1.0.1.jar:/home/runner/.m2/repository/org/apache/kerby/kerby-config/1.0.1/kerby-config-1.0.1.jar:/home/runner/.m2/repository/org/apache/kerby/kerb-common/1.0.1/kerb-common-1.0.1.jar:/home/runner/.m2/repository/org/apache/kerby/kerb-crypto/1.0.1/kerb-crypto-1.0.1.jar:/home/runner/.m2/repository/org/apache/kerby/kerb-util/1.0.1/kerb-util-1.0.1.jar:/home/runner/.m2/repository/org/apache/kerby/token-provider/1.0.1/token-provider-1.0.1.jar:/home/runner/.m2/repository/org/apache/kerby/kerb-admin/1.0.1/kerb-admin-1.0.1.jar:/home/runner/.m2/repository/org/apache/kerby/kerb-server/1.0.1/kerb-server-1.0.1.jar:/home/runner/.m2/repository/org/apache/kerby/kerb-identity/1.0.1/kerb-identity-1.0.1.jar:/home/runner/.m2/repository/org/apache/kerby/kerby-xdr/1.0.1/kerby-xdr-1.0.1.jar:/home/runner/.m2/repository/org/slf4j/slf4j-log4j12/1.7.30/slf4j-log4j12-1.7.30.jar:/home/runner/.m2/repository/org/apache/ozone/ozone-s3gateway/1.2.0-SNAPSHOT/ozone-s3gateway-1.2.0-SNAPSHOT.jar:/home/runner/.m2/repository/org/javassist/javassist/3.21.0-GA/javassist-3.21.0-GA.jar:/home/runner/.m2/repository/org/jboss/weld/servlet/weld-servlet/2.4.7.Final/weld-servlet-2.4.7.Final.jar:/home/runner/.m2/repository/org/glassfish/jersey/containers/jersey-container-servlet-core/2.33/jersey-container-servlet-core-2.33.jar:/home/runner/.m2/repository/org/glassfish/hk2/external/jakarta.inject/2.6.1/jakarta.inject-2.6.1.jar:/home/runner/.m2/repository/org/glassfish/jersey/core/jersey-common/2.33/jersey-common-2.33.jar:/home/runner/.m2/repository/jakarta/ws/rs/jakarta.ws.rs-api/2.1.6/jakarta.ws.rs-api-2.1.6.jar:/home/runner/.m2/repository/org/glassfish/jersey/ext/cdi/jersey-cdi1x/2.33/jersey-cdi1x-2.33.jar:/home/runner/.m2/repository/org/glassfish/jersey/inject/jersey-hk2/2.33/jersey-hk2-2.33.jar:/home/runner/.m2/repository/org/glassfish/hk2/hk2-locator/2.6.1/hk2-locator-2.6.1.jar:/home/runner/.m2/repository/org/glassfish/jersey/media/jersey-media-jaxb/2.33/jersey-media-jaxb-2.33.jar:/home/runner/.m2/repository/org/glassfish/hk2/osgi-resource-locator/1.0.3/osgi-resource-locator-1.0.3.jar:/home/runner/.m2/repository/org/glassfish/hk2/hk2-api/2.5.0/hk2-api-2.5.0.jar:/home/runner/.m2/repository/org/glassfish/hk2/hk2-utils/2.5.0/hk2-utils-2.5.0.jar:/home/runner/.m2/repository/org/glassfish/hk2/external/aopalliance-repackaged/2.5.0/aopalliance-repackaged-2.5.0.jar:/home/runner/.m2/repository/com/fasterxml/jackson/dataformat/jackson-dataformat-xml/2.12.1/jackson-dataformat-xml-2.12.1.jar:/home/runner/.m2/repository/com/fasterxml/jackson/core/jackson-core/2.12.1/jackson-core-2.12.1.jar:/home/runner/.m2/repository/com/fasterxml/jackson/module/jackson-module-jaxb-annotations/2.12.1/jackson-module-jaxb-annotations-2.12.1.jar:/home/runner/.m2/repository/jakarta/xml/bind/jakarta.xml.bind-api/2.3.2/jakarta.xml.bind-api-2.3.2.jar:/home/runner/.m2/repository/org/codehaus/woodstox/stax2-api/3.1.4/stax2-api-3.1.4.jar:/home/runner/.m2/repository/com/fasterxml/woodstox/woodstox-core/5.0.3/woodstox-core-5.0.3.jar:/home/runner/.m2/repository/javax/enterprise/cdi-api/1.2/cdi-api-1.2.jar:/home/runner/.m2/repository/javax/el/javax.el-api/3.0.0/javax.el-api-3.0.0.jar:/home/runner/.m2/repository/javax/interceptor/javax.interceptor-api/1.2/javax.interceptor-api-1.2.jar:/home/runner/.m2/repository/javax/inject/javax.inject/1/javax.inject-1.jar:/home/runner/.m2/repository/javax/xml/bind/jaxb-api/2.3.0/jaxb-api-2.3.0.jar:/home/runner/.m2/repository/org/glassfish/jaxb/jaxb-runtime/2.3.0.1/jaxb-runtime-2.3.0.1.jar:/home/runner/.m2/repository/org/glassfish/jaxb/jaxb-core/2.3.0.1/jaxb-core-2.3.0.1.jar:/home/runner/.m2/repository/org/glassfish/jaxb/txw2/2.3.0.1/txw2-2.3.0.1.jar:/home/runner/.m2/repository/com/sun/istack/istack-commons-runtime/3.0.5/istack-commons-runtime-3.0.5.jar:/home/runner/.m2/repository/org/jvnet/staxex/stax-ex/1.7.8/stax-ex-1.7.8.jar:/home/runner/.m2/repository/com/sun/xml/fastinfoset/FastInfoset/1.2.13/FastInfoset-1.2.13.jar:/home/runner/.m2/repository/javax/activation/activation/1.1.1/activation-1.1.1.jar:/home/runner/.m2/repository/org/apache/ozone/ozone-csi/1.2.0-SNAPSHOT/ozone-csi-1.2.0-SNAPSHOT.jar:/home/runner/.m2/repository/com/google/protobuf/protobuf-java-util/3.12.0/protobuf-java-util-3.12.0.jar:/home/runner/.m2/repository/com/google/code/gson/gson/2.2.4/gson-2.2.4.jar:/home/runner/.m2/repository/org/apache/ozone/hdds-config/1.2.0-SNAPSHOT/hdds-config-1.2.0-SNAPSHOT.jar:/home/runner/.m2/repository/io/grpc/grpc-netty/1.33.0/grpc-netty-1.33.0.jar:/home/runner/.m2/repository/io/grpc/grpc-core/1.33.0/grpc-core-1.33.0.jar:/home/runner/.m2/repository/com/google/android/annotations/4.1.1.4/annotations-4.1.1.4.jar:/home/runner/.m2/repository/io/netty/netty-codec-http2/4.1.63.Final/netty-codec-http2-4.1.63.Final.jar:/home/runner/.m2/repository/io/netty/netty-codec-http/4.1.63.Final/netty-codec-http-4.1.63.Final.jar:/home/runner/.m2/repository/io/netty/netty-handler-proxy/4.1.63.Final/netty-handler-proxy-4.1.63.Final.jar:/home/runner/.m2/repository/io/netty/netty-codec-socks/4.1.63.Final/netty-codec-socks-4.1.63.Final.jar:/home/runner/.m2/repository/io/perfmark/perfmark-api/0.19.0/perfmark-api-0.19.0.jar:/home/runner/.m2/repository/org/codehaus/mojo/animal-sniffer-annotations/1.18/animal-sniffer-annotations-1.18.jar:/home/runner/.m2/repository/io/netty/netty-transport-native-epoll/4.1.63.Final/netty-transport-native-epoll-4.1.63.Final.jar:/home/runner/.m2/repository/io/netty/netty-common/4.1.63.Final/netty-common-4.1.63.Final.jar:/home/runner/.m2/repository/io/netty/netty-buffer/4.1.63.Final/netty-buffer-4.1.63.Final.jar:/home/runner/.m2/repository/io/netty/netty-transport-native-unix-common/4.1.63.Final/netty-transport-native-unix-common-4.1.63.Final.jar:/home/runner/.m2/repository/io/grpc/grpc-protobuf/1.33.0/grpc-protobuf-1.33.0.jar:/home/runner/.m2/repository/io/grpc/grpc-api/1.33.0/grpc-api-1.33.0.jar:/home/runner/.m2/repository/io/grpc/grpc-context/1.33.0/grpc-context-1.33.0.jar:/home/runner/.m2/repository/com/google/api/grpc/proto-google-common-protos/1.17.0/proto-google-common-protos-1.17.0.jar:/home/runner/.m2/repository/io/grpc/grpc-protobuf-lite/1.33.0/grpc-protobuf-lite-1.33.0.jar:/home/runner/.m2/repository/io/grpc/grpc-stub/1.33.0/grpc-stub-1.33.0.jar:/home/runner/.m2/repository/org/apache/ozone/ozone-recon/1.2.0-SNAPSHOT/ozone-recon-1.2.0-SNAPSHOT.jar:/home/runner/.m2/repository/org/apache/ozone/ozone-reconcodegen/1.2.0-SNAPSHOT/ozone-reconcodegen-1.2.0-SNAPSHOT.jar:/home/runner/.m2/repository/com/google/inject/extensions/guice-multibindings/4.0/guice-multibindings-4.0.jar:/home/runner/.m2/repository/com/google/inject/guice/4.0/guice-4.0.jar:/home/runner/.m2/repository/aopalliance/aopalliance/1.0/aopalliance-1.0.jar:/home/runner/.m2/repository/com/google/inject/extensions/guice-assistedinject/4.0/guice-assistedinject-4.0.jar:/home/runner/.m2/repository/com/google/inject/extensions/guice-servlet/4.0/guice-servlet-4.0.jar:/home/runner/.m2/repository/org/glassfish/jersey/containers/jersey-container-servlet/2.33/jersey-container-servlet-2.33.jar:/home/runner/.m2/repository/org/glassfish/hk2/guice-bridge/2.5.0/guice-bridge-2.5.0.jar:/home/runner/.m2/repository/org/glassfish/jersey/core/jersey-server/2.33/jersey-server-2.33.jar:/home/runner/.m2/repository/org/glassfish/jersey/core/jersey-client/2.33/jersey-client-2.33.jar:/home/runner/.m2/repository/jakarta/annotation/jakarta.annotation-api/1.3.5/jakarta.annotation-api-1.3.5.jar:/home/runner/.m2/repository/jakarta/validation/jakarta.validation-api/2.0.2/jakarta.validation-api-2.0.2.jar:/home/runner/.m2/repository/org/glassfish/jersey/media/jersey-media-json-jackson/2.33/jersey-media-json-jackson-2.33.jar:/home/runner/.m2/repository/org/glassfish/jersey/ext/jersey-entity-filtering/2.33/jersey-entity-filtering-2.33.jar:/home/runner/.m2/repository/org/jooq/jooq/3.11.10/jooq-3.11.10.jar:/home/runner/.m2/repository/org/jooq/jooq-meta/3.11.10/jooq-meta-3.11.10.jar:/home/runner/.m2/repository/org/jooq/jooq-codegen/3.11.10/jooq-codegen-3.11.10.jar:/home/runner/.m2/repository/com/jolbox/bonecp/0.8.0.RELEASE/bonecp-0.8.0.RELEASE.jar:/home/runner/.m2/repository/org/apache/derby/derby/10.14.2.0/derby-10.14.2.0.jar:/home/runner/.m2/repository/org/xerial/sqlite-jdbc/3.25.2/sqlite-jdbc-3.25.2.jar:/home/runner/.m2/repository/org/springframework/spring-jdbc/5.2.11.RELEASE/spring-jdbc-5.2.11.RELEASE.jar:/home/runner/.m2/repository/org/springframework/spring-beans/5.2.11.RELEASE/spring-beans-5.2.11.RELEASE.jar:/home/runner/.m2/repository/org/springframework/spring-core/5.2.11.RELEASE/spring-core-5.2.11.RELEASE.jar:/home/runner/.m2/repository/org/springframework/spring-jcl/5.2.11.RELEASE/spring-jcl-5.2.11.RELEASE.jar:/home/runner/.m2/repository/org/springframework/spring-tx/5.2.11.RELEASE/spring-tx-5.2.11.RELEASE.jar:/home/runner/.m2/repository/org/apache/ozone/ozone-client/1.2.0-SNAPSHOT/ozone-client-1.2.0-SNAPSHOT.jar:/home/runner/.m2/repository/org/apache/ozone/ozone-filesystem/1.2.0-SNAPSHOT/ozone-filesystem-1.2.0-SNAPSHOT.jar:/home/runner/.m2/repository/org/apache/ozone/ozone-filesystem-common/1.2.0-SNAPSHOT/ozone-filesystem-common-1.2.0-SNAPSHOT.jar:/home/runner/.m2/repository/org/apache/ozone/ozone-tools/1.2.0-SNAPSHOT/ozone-tools-1.2.0-SNAPSHOT.jar:/home/runner/.m2/repository/org/apache/ratis/ratis-tools/2.1.0-03f3b68-SNAPSHOT/ratis-tools-2.1.0-03f3b68-SNAPSHOT.jar:/home/runner/.m2/repository/com/amazonaws/aws-java-sdk-core/1.11.901/aws-java-sdk-core-1.11.901.jar:/home/runner/.m2/repository/org/apache/httpcomponents/httpclient/4.5.13/httpclient-4.5.13.jar:/home/runner/.m2/repository/org/apache/httpcomponents/httpcore/4.4.13/httpcore-4.4.13.jar:/home/runner/.m2/repository/software/amazon/ion/ion-java/1.0.2/ion-java-1.0.2.jar:/home/runner/.m2/repository/com/fasterxml/jackson/dataformat/jackson-dataformat-cbor/2.12.1/jackson-dataformat-cbor-2.12.1.jar:/home/runner/.m2/repository/joda-time/joda-time/2.8.1/joda-time-2.8.1.jar:/home/runner/.m2/repository/com/amazonaws/aws-java-sdk-s3/1.11.901/aws-java-sdk-s3-1.11.901.jar:/home/runner/.m2/repository/com/amazonaws/aws-java-sdk-kms/1.11.901/aws-java-sdk-kms-1.11.901.jar:/home/runner/.m2/repository/com/amazonaws/jmespath-java/1.11.901/jmespath-java-1.11.901.jar:/home/runner/.m2/repository/org/kohsuke/metainf-services/metainf-services/1.8/metainf-services-1.8.jar:/home/runner/.m2/repository/org/apache/ozone/hdds-tools/1.2.0-SNAPSHOT/hdds-tools-1.2.0-SNAPSHOT.jar:/home/runner/.m2/repository/commons-cli/commons-cli/1.2/commons-cli-1.2.jar:/home/runner/.m2/repository/org/apache/commons/commons-lang3/3.7/commons-lang3-3.7.jar:/home/runner/.m2/repository/org/apache/ozone/ozone-manager/1.2.0-SNAPSHOT/ozone-manager-1.2.0-SNAPSHOT-tests.jar:/home/runner/.m2/repository/org/apache/ozone/hdds-common/1.2.0-SNAPSHOT/hdds-common-1.2.0-SNAPSHOT-tests.jar:/home/runner/.m2/repository/org/apache/ozone/hdds-hadoop-dependency-client/1.2.0-SNAPSHOT/hdds-hadoop-dependency-client-1.2.0-SNAPSHOT.jar:/home/runner/.m2/repository/info/picocli/picocli/4.6.1/picocli-4.6.1.jar:/home/runner/.m2/repository/com/fasterxml/jackson/core/jackson-annotations/2.12.1/jackson-annotations-2.12.1.jar:/home/runner/.m2/repository/javax/annotation/javax.annotation-api/1.2/javax.annotation-api-1.2.jar:/home/runner/.m2/repository/org/apache/ratis/ratis-server/2.1.0-03f3b68-SNAPSHOT/ratis-server-2.1.0-03f3b68-SNAPSHOT.jar:/home/runner/.m2/repository/org/apache/ratis/ratis-client/2.1.0-03f3b68-SNAPSHOT/ratis-client-2.1.0-03f3b68-SNAPSHOT.jar:/home/runner/.m2/repository/org/apache/ratis/ratis-server-api/2.1.0-03f3b68-SNAPSHOT/ratis-server-api-2.1.0-03f3b68-SNAPSHOT.jar:/home/runner/.m2/repository/org/apache/ratis/ratis-metrics/2.1.0-03f3b68-SNAPSHOT/ratis-metrics-2.1.0-03f3b68-SNAPSHOT.jar:/home/runner/.m2/repository/org/apache/ratis/ratis-netty/2.1.0-03f3b68-SNAPSHOT/ratis-netty-2.1.0-03f3b68-SNAPSHOT.jar:/home/runner/.m2/repository/org/apache/ratis/ratis-grpc/2.1.0-03f3b68-SNAPSHOT/ratis-grpc-2.1.0-03f3b68-SNAPSHOT.jar:/home/runner/.m2/repository/org/apache/logging/log4j/log4j-api/2.13.3/log4j-api-2.13.3.jar:/home/runner/.m2/repository/org/apache/logging/log4j/log4j-core/2.13.3/log4j-core-2.13.3.jar:/home/runner/.m2/repository/com/lmax/disruptor/3.4.2/disruptor-3.4.2.jar:/home/runner/.m2/repository/org/apache/commons/commons-pool2/2.6.0/commons-pool2-2.6.0.jar:/home/runner/.m2/repository/org/bouncycastle/bcpkix-jdk15on/1.67/bcpkix-jdk15on-1.67.jar:/home/runner/.m2/repository/commons-validator/commons-validator/1.6/commons-validator-1.6.jar:/home/runner/.m2/repository/commons-beanutils/commons-beanutils/1.9.4/commons-beanutils-1.9.4.jar:/home/runner/.m2/repository/commons-digester/commons-digester/1.8.1/commons-digester-1.8.1.jar:/home/runner/.m2/repository/commons-collections/commons-collections/3.2.2/commons-collections-3.2.2.jar:/home/runner/.m2/repository/io/jaegertracing/jaeger-client/1.6.0/jaeger-client-1.6.0.jar:/home/runner/.m2/repository/io/jaegertracing/jaeger-thrift/1.6.0/jaeger-thrift-1.6.0.jar:/home/runner/.m2/repository/org/apache/thrift/libthrift/0.14.1/libthrift-0.14.1.jar:/home/runner/.m2/repository/com/squareup/okhttp3/okhttp/4.9.0/okhttp-4.9.0.jar:/home/runner/.m2/repository/com/squareup/okio/okio/2.8.0/okio-2.8.0.jar:/home/runner/.m2/repository/io/jaegertracing/jaeger-core/1.6.0/jaeger-core-1.6.0.jar:/home/runner/.m2/repository/io/jaegertracing/jaeger-tracerresolver/1.6.0/jaeger-tracerresolver-1.6.0.jar:/home/runner/.m2/repository/io/opentracing/contrib/opentracing-tracerresolver/0.1.8/opentracing-tracerresolver-0.1.8.jar:/home/runner/.m2/repository/org/jetbrains/kotlin/kotlin-stdlib/1.4.31/kotlin-stdlib-1.4.31.jar:/home/runner/.m2/repository/org/jetbrains/kotlin/kotlin-stdlib-common/1.4.31/kotlin-stdlib-common-1.4.31.jar:/home/runner/.m2/repository/org/jetbrains/annotations/13.0/annotations-13.0.jar:/home/runner/.m2/repository/io/opentracing/opentracing-util/0.33.0/opentracing-util-0.33.0.jar:/home/runner/.m2/repository/io/opentracing/opentracing-api/0.33.0/opentracing-api-0.33.0.jar:/home/runner/.m2/repository/io/opentracing/opentracing-noop/0.33.0/opentracing-noop-0.33.0.jar:/home/runner/.m2/repository/org/yaml/snakeyaml/1.26/snakeyaml-1.26.jar:/home/runner/.m2/repository/org/apache/ozone/hdds-interface-admin/1.2.0-SNAPSHOT/hdds-interface-admin-1.2.0-SNAPSHOT.jar:/home/runner/.m2/repository/junit/junit/4.13.1/junit-4.13.1.jar:/home/runner/.m2/repository/org/hamcrest/hamcrest-core/1.3/hamcrest-core-1.3.jar:/home/runner/.m2/repository/org/junit/jupiter/junit-jupiter-api/5.7.0/junit-jupiter-api-5.7.0.jar:/home/runner/.m2/repository/org/apiguardian/apiguardian-api/1.1.0/apiguardian-api-1.1.0.jar:/home/runner/.m2/repository/org/opentest4j/opentest4j/1.2.0/opentest4j-1.2.0.jar:/home/runner/.m2/repository/org/junit/platform/junit-platform-commons/1.7.0/junit-platform-commons-1.7.0.jar:/home/runner/.m2/repository/org/junit/jupiter/junit-jupiter-engine/5.7.0/junit-jupiter-engine-5.7.0.jar:/home/runner/.m2/repository/org/junit/platform/junit-platform-engine/1.7.0/junit-platform-engine-1.7.0.jar:/home/runner/.m2/repository/org/junit/vintage/junit-vintage-engine/5.7.0/junit-vintage-engine-5.7.0.jar:/home/runner/.m2/repository/org/junit/platform/junit-platform-launcher/1.7.0/junit-platform-launcher-1.7.0.jar:/home/runner/.m2/repository/org/openjdk/jmh/jmh-core/1.19/jmh-core-1.19.jar:/home/runner/.m2/repository/net/sf/jopt-simple/jopt-simple/4.6/jopt-simple-4.6.jar:/home/runner/.m2/repository/org/apache/commons/commons-math3/3.1.1/commons-math3-3.1.1.jar:/home/runner/.m2/repository/org/openjdk/jmh/jmh-generator-annprocess/1.19/jmh-generator-annprocess-1.19.jar:/home/runner/.m2/repository/org/mockito/mockito-core/2.28.2/mockito-core-2.28.2.jar:/home/runner/.m2/repository/net/bytebuddy/byte-buddy/1.9.10/byte-buddy-1.9.10.jar:/home/runner/.m2/repository/net/bytebuddy/byte-buddy-agent/1.9.10/byte-buddy-agent-1.9.10.jar:/home/runner/.m2/repository/org/objenesis/objenesis/1.0/objenesis-1.0.jar:/home/runner/.m2/repository/org/apache/hadoop/hadoop-kms/3.3.1/hadoop-kms-3.3.1.jar:/home/runner/.m2/repository/org/apache/hadoop/hadoop-auth/3.3.1/hadoop-auth-3.3.1.jar:/home/runner/.m2/repository/com/nimbusds/nimbus-jose-jwt/7.9/nimbus-jose-jwt-7.9.jar:/home/runner/.m2/repository/com/github/stephenc/jcip/jcip-annotations/1.0-1/jcip-annotations-1.0-1.jar:/home/runner/.m2/repository/net/minidev/json-smart/2.3/json-smart-2.3.jar:/home/runner/.m2/repository/net/minidev/accessors-smart/1.2/accessors-smart-1.2.jar:/home/runner/.m2/repository/org/ow2/asm/asm/5.0.4/asm-5.0.4.jar:/home/runner/.m2/repository/org/apache/zookeeper/zookeeper/3.5.6/zookeeper-3.5.6.jar:/home/runner/.m2/repository/org/apache/zookeeper/zookeeper-jute/3.5.6/zookeeper-jute-3.5.6.jar:/home/runner/.m2/repository/org/apache/yetus/audience-annotations/0.5.0/audience-annotations-0.5.0.jar:/home/runner/.m2/repository/org/apache/curator/curator-framework/4.2.0/curator-framework-4.2.0.jar:/home/runner/.m2/repository/org/apache/hadoop/thirdparty/hadoop-shaded-guava/1.1.1/hadoop-shaded-guava-1.1.1.jar:/home/runner/.m2/repository/com/sun/jersey/jersey-core/1.19/jersey-core-1.19.jar:/home/runner/.m2/repository/javax/ws/rs/jsr311-api/1.1.1/jsr311-api-1.1.1.jar:/home/runner/.m2/repository/com/sun/jersey/jersey-server/1.19/jersey-server-1.19.jar:/home/runner/.m2/repository/javax/servlet/javax.servlet-api/3.1.0/javax.servlet-api-3.1.0.jar:/home/runner/.m2/repository/org/eclipse/jetty/jetty-server/9.4.43.v20210629/jetty-server-9.4.43.v20210629.jar:/home/runner/.m2/repository/org/eclipse/jetty/jetty-http/9.4.43.v20210629/jetty-http-9.4.43.v20210629.jar:/home/runner/.m2/repository/org/eclipse/jetty/jetty-io/9.4.43.v20210629/jetty-io-9.4.43.v20210629.jar:/home/runner/.m2/repository/org/eclipse/jetty/jetty-webapp/9.4.43.v20210629/jetty-webapp-9.4.43.v20210629.jar:/home/runner/.m2/repository/org/eclipse/jetty/jetty-xml/9.4.43.v20210629/jetty-xml-9.4.43.v20210629.jar:/home/runner/.m2/repository/org/apache/hadoop/hadoop-common/3.3.1/hadoop-common-3.3.1.jar:/home/runner/.m2/repository/commons-net/commons-net/3.6/commons-net-3.6.jar:/home/runner/.m2/repository/jakarta/activation/jakarta.activation-api/1.2.1/jakarta.activation-api-1.2.1.jar:/home/runner/.m2/repository/com/sun/jersey/jersey-servlet/1.19/jersey-servlet-1.19.jar:/home/runner/.m2/repository/com/sun/jersey/jersey-json/1.19/jersey-json-1.19.jar:/home/runner/.m2/repository/org/codehaus/jettison/jettison/1.1/jettison-1.1.jar:/home/runner/.m2/repository/com/sun/xml/bind/jaxb-impl/2.2.3-1/jaxb-impl-2.2.3-1.jar:/home/runner/.m2/repository/org/codehaus/jackson/jackson-jaxrs/1.9.2/jackson-jaxrs-1.9.2.jar:/home/runner/.m2/repository/org/codehaus/jackson/jackson-xc/1.9.2/jackson-xc-1.9.2.jar:/home/runner/.m2/repository/org/apache/commons/commons-configuration2/2.1.1/commons-configuration2-2.1.1.jar:/home/runner/.m2/repository/org/apache/commons/commons-text/1.4/commons-text-1.4.jar:/home/runner/.m2/repository/com/google/re2j/re2j/1.1/re2j-1.1.jar:/home/runner/.m2/repository/com/jcraft/jsch/0.1.54/jsch-0.1.54.jar:/home/runner/.m2/repository/org/apache/curator/curator-client/4.2.0/curator-client-4.2.0.jar:/home/runner/.m2/repository/org/apache/curator/curator-recipes/4.2.0/curator-recipes-4.2.0.jar:/home/runner/.m2/repository/org/apache/kerby/kerb-core/1.0.1/kerb-core-1.0.1.jar:/home/runner/.m2/repository/org/apache/kerby/kerby-pkix/1.0.1/kerby-pkix-1.0.1.jar:/home/runner/.m2/repository/org/apache/kerby/kerby-asn1/1.0.1/kerby-asn1-1.0.1.jar:/home/runner/.m2/repository/org/apache/kerby/kerby-util/1.0.1/kerby-util-1.0.1.jar:/home/runner/.m2/repository/dnsjava/dnsjava/2.1.7/dnsjava-2.1.7.jar:/home/runner/.m2/repository/org/xerial/snappy/snappy-java/1.1.8.2/snappy-java-1.1.8.2.jar:/home/runner/.m2/repository/org/slf4j/jul-to-slf4j/1.7.30/jul-to-slf4j-1.7.30.jar:/home/runner/.m2/repository/org/eclipse/jetty/jetty-util/9.4.43.v20210629/jetty-util-9.4.43.v20210629.jar:/home/runner/.m2/repository/com/fasterxml/jackson/core/jackson-databind/2.12.1/jackson-databind-2.12.1.jar:/home/runner/.m2/repository/org/apache/hadoop/hadoop-kms/3.3.1/hadoop-kms-3.3.1-tests.jar:/home/runner/.m2/repository/org/apache/ozone/hdds-server-scm/1.2.0-SNAPSHOT/hdds-server-scm-1.2.0-SNAPSHOT-tests.jar:/home/runner/.m2/repository/org/apache/ozone/hdds-container-service/1.2.0-SNAPSHOT/hdds-container-service-1.2.0-SNAPSHOT-tests.jar:/home/runner/.m2/repository/commons-codec/commons-codec/1.11/commons-codec-1.11.jar:/home/runner/.m2/repository/io/netty/netty-transport/4.1.63.Final/netty-transport-4.1.63.Final.jar:/home/runner/.m2/repository/io/netty/netty-resolver/4.1.63.Final/netty-resolver-4.1.63.Final.jar:/home/runner/.m2/repository/io/netty/netty-codec/4.1.63.Final/netty-codec-4.1.63.Final.jar:/home/runner/.m2/repository/io/netty/netty-handler/4.1.63.Final/netty-handler-4.1.63.Final.jar:/home/runner/.m2/repository/org/apache/ozone/hdds-hadoop-dependency-test/1.2.0-SNAPSHOT/hdds-hadoop-dependency-test-1.2.0-SNAPSHOT.jar:/home/runner/.m2/repository/org/apache/hadoop/hadoop-common/3.3.1/hadoop-common-3.3.1-tests.jar:/home/runner/.m2/repository/org/assertj/assertj-core/3.12.2/assertj-core-3.12.2.jar:/home/runner/.m2/repository/org/apache/hadoop/hadoop-hdfs/3.3.1/hadoop-hdfs-3.3.1-tests.jar:/home/runner/.m2/repository/org/eclipse/jetty/jetty-util-ajax/9.4.43.v20210629/jetty-util-ajax-9.4.43.v20210629.jar:/home/runner/.m2/repository/commons-daemon/commons-daemon/1.0.13/commons-daemon-1.0.13.jar:/home/runner/.m2/repository/io/netty/netty/3.10.6.Final/netty-3.10.6.Final.jar:/home/runner/.m2/repository/io/netty/netty-all/4.1.63.Final/netty-all-4.1.63.Final.jar:/home/runner/.m2/repository/org/apache/htrace/htrace-core4/4.1.0-incubating/htrace-core4-4.1.0-incubating.jar:/home/runner/.m2/repository/org/fusesource/leveldbjni/leveldbjni-all/1.8/leveldbjni-all-1.8.jar:/home/runner/.m2/repository/org/apache/hadoop/hadoop-distcp/3.3.1/hadoop-distcp-3.3.1.jar:/home/runner/.m2/repository/org/apache/hadoop/hadoop-mapreduce-client-jobclient/3.3.1/hadoop-mapreduce-client-jobclient-3.3.1.jar:/home/runner/.m2/repository/org/apache/hadoop/hadoop-mapreduce-client-common/3.3.1/hadoop-mapreduce-client-common-3.3.1.jar:/home/runner/.m2/repository/org/apache/hadoop/hadoop-yarn-common/3.3.1/hadoop-yarn-common-3.3.1.jar:/home/runner/.m2/repository/org/apache/hadoop/hadoop-yarn-api/3.3.1/hadoop-yarn-api-3.3.1.jar:/home/runner/.m2/repository/com/sun/jersey/jersey-client/1.19/jersey-client-1.19.jar:/home/runner/.m2/repository/com/sun/jersey/contribs/jersey-guice/1.19/jersey-guice-1.19.jar:/home/runner/.m2/repository/com/fasterxml/jackson/jaxrs/jackson-jaxrs-json-provider/2.12.1/jackson-jaxrs-json-provider-2.12.1.jar:/home/runner/.m2/repository/com/fasterxml/jackson/jaxrs/jackson-jaxrs-base/2.12.1/jackson-jaxrs-base-2.12.1.jar:/home/runner/.m2/repository/org/apache/hadoop/hadoop-yarn-client/3.3.1/hadoop-yarn-client-3.3.1.jar:/home/runner/.m2/repository/org/eclipse/jetty/websocket/websocket-client/9.4.40.v20210413/websocket-client-9.4.40.v20210413.jar:/home/runner/.m2/repository/org/eclipse/jetty/jetty-client/9.4.40.v20210413/jetty-client-9.4.40.v20210413.jar:/home/runner/.m2/repository/org/eclipse/jetty/websocket/websocket-common/9.4.40.v20210413/websocket-common-9.4.40.v20210413.jar:/home/runner/.m2/repository/org/eclipse/jetty/websocket/websocket-api/9.4.40.v20210413/websocket-api-9.4.40.v20210413.jar:/home/runner/.m2/repository/org/jline/jline/3.9.0/jline-3.9.0.jar:/home/runner/.m2/repository/org/apache/hadoop/hadoop-mapreduce-client-core/3.3.1/hadoop-mapreduce-client-core-3.3.1.jar:/home/runner/.m2/repository/org/apache/avro/avro/1.7.7/avro-1.7.7.jar:/home/runner/.m2/repository/org/codehaus/jackson/jackson-core-asl/1.9.13/jackson-core-asl-1.9.13.jar:/home/runner/.m2/repository/org/codehaus/jackson/jackson-mapper-asl/1.9.13/jackson-mapper-asl-1.9.13.jar:/home/runner/.m2/repository/com/thoughtworks/paranamer/paranamer/2.3/paranamer-2.3.jar:/home/runner/.m2/repository/org/apache/hadoop/hadoop-annotations/3.3.1/hadoop-annotations-3.3.1.jar:/usr/lib/jvm/adoptopenjdk-8-hotspot-amd64/jre/../lib/tools.jar:/home/runner/.m2/repository/org/apache/hadoop/hadoop-distcp/3.3.1/hadoop-distcp-3.3.1-tests.jar:/home/runner/.m2/repository/org/apache/ratis/ratis-common/2.1.0-03f3b68-SNAPSHOT/ratis-common-2.1.0-03f3b68-SNAPSHOT.jar:/home/runner/.m2/repository/org/apache/ratis/ratis-thirdparty-misc/0.7.0/ratis-thirdparty-misc-0.7.0.jar:/home/runner/.m2/repository/org/apache/ratis/ratis-proto/2.1.0-03f3b68-SNAPSHOT/ratis-proto-2.1.0-03f3b68-SNAPSHOT.jar:"/>
    <property name="sun.cpu.endian" value="little"/>
    <property name="user.home" value="/home/runner"/>
    <property name="user.language" value="en"/>
    <property name="java.specification.vendor" value="Oracle Corporation"/>
    <property name="java.home" value="/usr/lib/jvm/adoptopenjdk-8-hotspot-amd64/jre"/>
    <property name="java.security.krb5.conf" value="/home/runner/work/ozone/ozone/hadoop-ozone/integration-test/target/test-classes/krb5.conf"/>
    <property name="basedir" value="/home/runner/work/ozone/ozone/hadoop-ozone/integration-test"/>
    <property name="file.separator" value="/"/>
    <property name="line.separator" value="&#10;"/>
    <property name="java.vm.specification.vendor" value="Oracle Corporation"/>
    <property name="java.specification.name" value="Java Platform API Specification"/>
    <property name="java.awt.graphicsenv" value="sun.awt.X11GraphicsEnvironment"/>
    <property name="skip.installnpx" value="true"/>
    <property name="surefire.real.class.path" value="/home/runner/work/ozone/ozone/hadoop-ozone/integration-test/target/surefire/surefirebooter4634794891816862317.jar:/home/runner/.m2/repository/org/jacoco/org.jacoco.agent/0.8.5/org.jacoco.agent-0.8.5-runtime.jar"/>
    <property name="hadoop.log.dir" value="/home/runner/work/ozone/ozone/hadoop-ozone/integration-test/target/log"/>
    <property name="sun.boot.class.path" value="/usr/lib/jvm/adoptopenjdk-8-hotspot-amd64/jre/lib/resources.jar:/usr/lib/jvm/adoptopenjdk-8-hotspot-amd64/jre/lib/rt.jar:/usr/lib/jvm/adoptopenjdk-8-hotspot-amd64/jre/lib/sunrsasign.jar:/usr/lib/jvm/adoptopenjdk-8-hotspot-amd64/jre/lib/jsse.jar:/usr/lib/jvm/adoptopenjdk-8-hotspot-amd64/jre/lib/jce.jar:/usr/lib/jvm/adoptopenjdk-8-hotspot-amd64/jre/lib/charsets.jar:/usr/lib/jvm/adoptopenjdk-8-hotspot-amd64/jre/lib/jfr.jar:/usr/lib/jvm/adoptopenjdk-8-hotspot-amd64/jre/classes"/>
    <property name="sun.management.compiler" value="HotSpot 64-Bit Tiered Compilers"/>
    <property name="skip.npx" value="true"/>
    <property name="java.runtime.version" value="1.8.0_292-b10"/>
    <property name="java.net.preferIPv4Stack" value="true"/>
    <property name="user.name" value="runner"/>
    <property name="path.separator" value=":"/>
    <property name="java.security.egd" value="file:///dev/urandom"/>
    <property name="os.version" value="5.4.0-1059-azure"/>
    <property name="java.endorsed.dirs" value="/usr/lib/jvm/adoptopenjdk-8-hotspot-amd64/jre/lib/endorsed"/>
    <property name="java.runtime.name" value="OpenJDK Runtime Environment"/>
    <property name="file.encoding" value="UTF-8"/>
    <property name="java.vm.name" value="OpenJDK 64-Bit Server VM"/>
    <property name="test.build.webapps" value=""/>
    <property name="localRepository" value="/home/runner/.m2/repository"/>
    <property name="java.vendor.url.bug" value="https://github.com/AdoptOpenJDK/openjdk-support/issues"/>
    <property name="java.io.tmpdir" value="/tmp"/>
    <property name="require.test.libhadoop" value=""/>
    <property name="java.version" value="1.8.0_292"/>
    <property name="user.dir" value="/home/runner/work/ozone/ozone/hadoop-ozone/integration-test"/>
    <property name="os.arch" value="amd64"/>
    <property name="java.vm.specification.name" value="Java Virtual Machine Specification"/>
    <property name="test.build.classes" value="/home/runner/work/ozone/ozone/hadoop-ozone/integration-test/target/test-classes"/>
    <property name="java.awt.printerjob" value="sun.print.PSPrinterJob"/>
    <property name="sun.os.patch.level" value="unknown"/>
    <property name="hadoop.tmp.dir" value="/home/runner/work/ozone/ozone/hadoop-ozone/integration-test/target/tmp"/>
    <property name="java.library.path" value="/usr/java/packages/lib/amd64:/usr/lib64:/lib64:/lib:/usr/lib"/>
    <property name="java.vm.info" value="mixed mode"/>
    <property name="java.vendor" value="AdoptOpenJDK"/>
    <property name="java.vm.version" value="25.292-b10"/>
    <property name="java.ext.dirs" value="/usr/lib/jvm/adoptopenjdk-8-hotspot-amd64/jre/lib/ext:/usr/java/packages/lib/ext"/>
    <property name="sun.io.unicode.encoding" value="UnicodeLittle"/>
    <property name="java.class.version" value="52.0"/>
  </properties>
  <testcase name="testPrepareFailsWhenTwoOmsAreDown" classname="org.apache.hadoop.ozone.om.TestOzoneManagerPrepare" time="0">
    <skipped message="Saving on CI time since this is a pessimistic test. We should not be able to do anything with 2 OMs down."/>
    <system-out><![CDATA[2021-10-03 01:17:56,296 [main] WARN  server.ServerUtils (ServerUtils.java:getScmDbDir(148)) - ozone.scm.db.dirs is not configured. We recommend adding this setting. Falling back to ozone.metadata.dirs instead.
2021-10-03 01:17:56,416 [main] INFO  ha.SCMHANodeDetails (SCMHANodeDetails.java:loadSCMHAConfig(157)) - ServiceID for StorageContainerManager is null
2021-10-03 01:17:56,416 [main] INFO  ha.SCMHANodeDetails (SCMHANodeDetails.java:loadSCMHAConfig(162)) - ozone.scm.default.service.id is not defined, falling back to ozone.scm.service.ids to find serviceID for StorageContainerManager if it is HA enabled cluster
2021-10-03 01:17:56,532 [main] WARN  server.ServerUtils (ServerUtils.java:getScmDbDir(148)) - ozone.scm.db.dirs is not configured. We recommend adding this setting. Falling back to ozone.metadata.dirs instead.
2021-10-03 01:17:56,535 [main] INFO  upgrade.AbstractLayoutVersionManager (AbstractLayoutVersionManager.java:init(79)) - Initializing Layout version manager with metadata layout = SCM_HA (version = 2), software layout = SCM_HA (version = 2)
2021-10-03 01:17:56,803 [main] INFO  reflections.Reflections (Reflections.java:scan(232)) - Reflections took 163 ms to scan 7 urls, producing 119 keys and 275 values 
2021-10-03 01:17:57,378 [main] WARN  utils.HAUtils (HAUtils.java:getMetaDir(342)) - ozone.scm.db.dirs is not configured. We recommend adding this setting. Falling back to ozone.metadata.dirs instead.
2021-10-03 01:17:57,526 [main] WARN  db.DBStoreBuilder (DBStoreBuilder.java:applyDBDefinition(145)) - ozone.scm.db.dirs is not configured. We recommend adding this setting. Falling back to ozone.metadata.dirs instead.
2021-10-03 01:17:57,735 [main] INFO  net.NodeSchemaLoader (NodeSchemaLoader.java:loadSchemaFromFile(129)) - Loading schema from [jar:file:/home/runner/.m2/repository/org/apache/ozone/hdds-common/1.2.0-SNAPSHOT/hdds-common-1.2.0-SNAPSHOT.jar!/network-topology-default.xml]
2021-10-03 01:17:57,737 [main] INFO  net.NodeSchemaLoader (NodeSchemaLoader.java:loadSchema(176)) - Loading network topology layer schema file
2021-10-03 01:17:57,786 [main] INFO  metrics.MetricRegistries (MetricRegistriesLoader.java:load(64)) - Loaded MetricRegistries class org.apache.ratis.metrics.impl.MetricRegistriesImpl
2021-10-03 01:17:57,810 [main] INFO  ha.SequenceIdGenerator (SequenceIdGenerator.java:upgradeToSequenceId(347)) - upgrade localId to 107544261427200000
2021-10-03 01:17:57,810 [main] INFO  ha.SequenceIdGenerator (SequenceIdGenerator.java:upgradeToSequenceId(357)) - upgrade delTxnId to 0
2021-10-03 01:17:57,813 [main] INFO  ha.SequenceIdGenerator (SequenceIdGenerator.java:upgradeToSequenceId(371)) - upgrade containerId to 0
2021-10-03 01:17:57,815 [main] INFO  ha.SequenceIdGenerator (SequenceIdGenerator.java:<init>(218)) - Init the HA SequenceIdGenerator.
2021-10-03 01:17:57,869 [main] WARN  server.ServerUtils (ServerUtils.java:sanitizeUserArgs(73)) - ozone.scm.stale.node.interval value = 300000 is larger than max = 100000 based on the key value of ozone.scm.heartbeat.thread.interval, reset to the max value 100000.
2021-10-03 01:17:57,870 [main] WARN  server.ServerUtils (ServerUtils.java:sanitizeUserArgs(73)) - ozone.scm.stale.node.interval value = 300000 is larger than max = 100000 based on the key value of ozone.scm.heartbeat.thread.interval, reset to the max value 100000.
2021-10-03 01:17:57,883 [main] INFO  node.SCMNodeManager (SCMNodeManager.java:<init>(144)) - Entering startup safe mode.
2021-10-03 01:17:57,946 [main] INFO  algorithms.ContainerPlacementPolicyFactory (ContainerPlacementPolicyFactory.java:getPolicy(60)) - Create container placement policy of type org.apache.hadoop.hdds.scm.container.placement.algorithms.SCMContainerPlacementRandom
2021-10-03 01:17:57,955 [main] INFO  pipeline.PipelineStateManagerImpl (PipelineStateManagerImpl.java:initialize(78)) - No pipeline exists in current db
2021-10-03 01:17:57,990 [main] INFO  algorithms.LeaderChoosePolicyFactory (LeaderChoosePolicyFactory.java:getPolicy(57)) - Create leader choose policy of type org.apache.hadoop.hdds.scm.pipeline.leader.choose.algorithms.MinLeaderCountChoosePolicy
2021-10-03 01:17:57,998 [main] INFO  ha.SCMServiceManager (SCMServiceManager.java:register(43)) - Registering service BackgroundPipelineCreator.
2021-10-03 01:17:57,999 [main] INFO  pipeline.BackgroundPipelineCreator (BackgroundPipelineCreatorV2.java:start(130)) - Starting RatisPipelineUtilsThread.
2021-10-03 01:17:58,038 [main] INFO  algorithms.PipelineChoosePolicyFactory (PipelineChoosePolicyFactory.java:createPipelineChoosePolicyFromClass(73)) - Create pipeline choose policy of type org.apache.hadoop.hdds.scm.pipeline.choose.algorithms.RandomPipelineChoosePolicy
2021-10-03 01:17:58,055 [main] INFO  ha.SCMServiceManager (SCMServiceManager.java:register(43)) - Registering service SCMBlockDeletingService.
2021-10-03 01:17:58,081 [main] INFO  ha.SCMServiceManager (SCMServiceManager.java:register(43)) - Registering service ReplicationManager.
2021-10-03 01:17:58,085 [main] INFO  container.ReplicationManager (ReplicationManager.java:start(319)) - Starting Replication Monitor Thread.
2021-10-03 01:17:58,097 [ReplicationMonitor] INFO  container.ReplicationManager (ReplicationManager.java:processAll(371)) - Replication Monitor Thread took 1 milliseconds for processing 0 containers.
2021-10-03 01:17:58,099 [main] INFO  safemode.ContainerSafeModeRule (ContainerSafeModeRule.java:<init>(89)) - containers with one replica threshold count 0
2021-10-03 01:17:58,104 [main] INFO  safemode.HealthyPipelineSafeModeRule (HealthyPipelineSafeModeRule.java:initializeRule(156)) - Total pipeline count is 0, healthy pipeline threshold count is 1
2021-10-03 01:17:58,106 [main] INFO  safemode.OneReplicaPipelineSafeModeRule (OneReplicaPipelineSafeModeRule.java:initializeRule(180)) - Total pipeline count is 0, pipeline's with at least one datanode reported threshold count is 0
2021-10-03 01:17:58,520 [main] INFO  ipc.CallQueueManager (CallQueueManager.java:<init>(90)) - Using callQueue: class java.util.concurrent.LinkedBlockingQueue, queueCapacity: 2000, scheduler: class org.apache.hadoop.ipc.DefaultRpcScheduler, ipcBackoff: false.
2021-10-03 01:17:58,566 [Socket Reader #1 for port 0] INFO  ipc.Server (Server.java:run(1265)) - Starting Socket Reader #1 for port 0
2021-10-03 01:17:58,610 [Listener at 0.0.0.0/33809] INFO  ipc.CallQueueManager (CallQueueManager.java:<init>(90)) - Using callQueue: class java.util.concurrent.LinkedBlockingQueue, queueCapacity: 2000, scheduler: class org.apache.hadoop.ipc.DefaultRpcScheduler, ipcBackoff: false.
2021-10-03 01:17:58,610 [Socket Reader #1 for port 0] INFO  ipc.Server (Server.java:run(1265)) - Starting Socket Reader #1 for port 0
2021-10-03 01:17:58,627 [Listener at 0.0.0.0/44989] INFO  ipc.CallQueueManager (CallQueueManager.java:<init>(90)) - Using callQueue: class java.util.concurrent.LinkedBlockingQueue, queueCapacity: 2000, scheduler: class org.apache.hadoop.ipc.DefaultRpcScheduler, ipcBackoff: false.
2021-10-03 01:17:58,630 [Socket Reader #1 for port 0] INFO  ipc.Server (Server.java:run(1265)) - Starting Socket Reader #1 for port 0
2021-10-03 01:17:58,693 [Listener at 0.0.0.0/39117] INFO  algorithms.ContainerPlacementPolicyFactory (ContainerPlacementPolicyFactory.java:getPolicy(60)) - Create container placement policy of type org.apache.hadoop.hdds.scm.container.placement.algorithms.SCMContainerPlacementRandom
2021-10-03 01:17:58,700 [Listener at 0.0.0.0/39117] INFO  server.StorageContainerManager (StorageContainerManager.java:<init>(388)) - 
Container Balancer status:
Key                            Value
Running                        false
Container Balancer Configuration values:
Key                                                Value
Threshold                                          0.1
Max Datanodes to Involve per Iteration(ratio)      0.2
Max Size to Move per Iteration                     32212254720B

2021-10-03 01:17:58,701 [Listener at 0.0.0.0/39117] WARN  events.EventQueue (EventQueue.java:fireEvent(194)) - No event handler registered for event TypedEvent{payloadType=SafeModeStatus, name='Safe mode status'}
2021-10-03 01:17:58,701 [Listener at 0.0.0.0/39117] INFO  ha.SCMContext (SCMContext.java:updateSafeModeStatus(205)) - Update SafeModeStatus from SafeModeStatus{safeModeStatus=true, preCheckPassed=false} to SafeModeStatus{safeModeStatus=true, preCheckPassed=false}.
2021-10-03 01:17:58,704 [Listener at 0.0.0.0/39117] INFO  server.StorageContainerManager (StorageContainerManager.java:start(1303)) - StorageContainerLocationProtocol RPC server is listening at /0.0.0.0:39117
2021-10-03 01:17:58,778 [Listener at 0.0.0.0/39117] WARN  impl.MetricsConfig (MetricsConfig.java:loadFirst(136)) - Cannot locate configuration: tried hadoop-metrics2-storagecontainermanager.properties,hadoop-metrics2.properties
2021-10-03 01:17:58,796 [Listener at 0.0.0.0/39117] INFO  impl.MetricsSystemImpl (MetricsSystemImpl.java:startTimer(378)) - Scheduled Metric snapshot period at 10 second(s).
2021-10-03 01:17:58,796 [Listener at 0.0.0.0/39117] INFO  impl.MetricsSystemImpl (MetricsSystemImpl.java:start(191)) - StorageContainerManager metrics system started
2021-10-03 01:17:59,136 [Listener at 0.0.0.0/39117] INFO  server.SCMClientProtocolServer (SCMClientProtocolServer.java:start(164)) - RPC server for Client  is listening at /0.0.0.0:39117
2021-10-03 01:17:59,138 [IPC Server Responder] INFO  ipc.Server (Server.java:run(1507)) - IPC Server Responder: starting
2021-10-03 01:17:59,139 [IPC Server listener on 0] INFO  ipc.Server (Server.java:run(1344)) - IPC Server listener on 0: starting
2021-10-03 01:17:59,143 [Listener at 0.0.0.0/39117] INFO  server.StorageContainerManager (StorageContainerManager.java:start(1318)) - ScmBlockLocationProtocol RPC server is listening at /0.0.0.0:44989
2021-10-03 01:17:59,144 [Listener at 0.0.0.0/39117] INFO  server.SCMBlockProtocolServer (SCMBlockProtocolServer.java:start(151)) - RPC server for Block Protocol is listening at /0.0.0.0:44989
2021-10-03 01:17:59,146 [IPC Server Responder] INFO  ipc.Server (Server.java:run(1507)) - IPC Server Responder: starting
2021-10-03 01:17:59,146 [IPC Server listener on 0] INFO  ipc.Server (Server.java:run(1344)) - IPC Server listener on 0: starting
2021-10-03 01:17:59,151 [Listener at 0.0.0.0/39117] INFO  server.StorageContainerManager (StorageContainerManager.java:start(1324)) - ScmDatanodeProtocl RPC server is listening at /0.0.0.0:33809
2021-10-03 01:17:59,151 [Listener at 0.0.0.0/39117] INFO  server.SCMDatanodeProtocolServer (SCMDatanodeProtocolServer.java:start(181)) - RPC server for DataNodes is listening at /0.0.0.0:33809
2021-10-03 01:17:59,152 [IPC Server Responder] INFO  ipc.Server (Server.java:run(1507)) - IPC Server Responder: starting
2021-10-03 01:17:59,152 [IPC Server listener on 0] INFO  ipc.Server (Server.java:run(1344)) - IPC Server listener on 0: starting
2021-10-03 01:17:59,167 [org.apache.hadoop.util.JvmPauseMonitor$Monitor@188ae8d2] INFO  util.JvmPauseMonitor (JvmPauseMonitor.java:run(188)) - Starting JVM pause monitor
2021-10-03 01:17:59,187 [Listener at 0.0.0.0/39117] INFO  http.BaseHttpServer (BaseHttpServer.java:newHttpServer2BuilderForOzone(209)) - Starting Web-server for scm at: http://0.0.0.0:0
2021-10-03 01:17:59,187 [Listener at 0.0.0.0/39117] INFO  http.BaseHttpServer (BaseHttpServer.java:<init>(107)) - Hadoop Security Enabled: false Ozone Security Enabled: false Ozone HTTP Security Enabled: false 
2021-10-03 01:17:59,216 [Listener at 0.0.0.0/39117] INFO  util.log (Log.java:initialized(170)) - Logging initialized @4584ms to org.eclipse.jetty.util.log.Slf4jLog
2021-10-03 01:17:59,333 [Listener at 0.0.0.0/39117] INFO  server.AuthenticationFilter (AuthenticationFilter.java:constructSecretProvider(240)) - Unable to initialize FileSignerSecretProvider, falling back to use random secrets.
2021-10-03 01:17:59,342 [Listener at 0.0.0.0/39117] WARN  http.HttpRequestLog (HttpRequestLog.java:getRequestLog(103)) - Jetty request log can only be enabled using Log4j
2021-10-03 01:17:59,347 [Listener at 0.0.0.0/39117] INFO  http.HttpServer2 (HttpServer2.java:addGlobalFilter(1030)) - Added global filter 'safety' (class=org.apache.hadoop.hdds.server.http.HttpServer2$QuotingInputFilter)
2021-10-03 01:17:59,350 [Listener at 0.0.0.0/39117] INFO  http.HttpServer2 (HttpServer2.java:addFilter(1006)) - Added filter static_user_filter (class=org.apache.hadoop.http.lib.StaticUserWebFilter$StaticUserFilter) to context scm
2021-10-03 01:17:59,350 [Listener at 0.0.0.0/39117] INFO  http.HttpServer2 (HttpServer2.java:addFilter(1014)) - Added filter static_user_filter (class=org.apache.hadoop.http.lib.StaticUserWebFilter$StaticUserFilter) to context logs
2021-10-03 01:17:59,350 [Listener at 0.0.0.0/39117] INFO  http.HttpServer2 (HttpServer2.java:addFilter(1014)) - Added filter static_user_filter (class=org.apache.hadoop.http.lib.StaticUserWebFilter$StaticUserFilter) to context static
2021-10-03 01:17:59,392 [Listener at 0.0.0.0/39117] INFO  http.HttpServer2 (HttpServer2.java:bindListener(1249)) - Jetty bound to port 41897
2021-10-03 01:17:59,393 [Listener at 0.0.0.0/39117] INFO  server.Server (Server.java:doStart(375)) - jetty-9.4.43.v20210629; built: 2021-06-30T11:07:22.254Z; git: 526006ecfa3af7f1a27ef3a288e2bef7ea9dd7e8; jvm 1.8.0_292-b10
2021-10-03 01:17:59,429 [Listener at 0.0.0.0/39117] INFO  server.session (DefaultSessionIdManager.java:doStart(334)) - DefaultSessionIdManager workerName=node0
2021-10-03 01:17:59,430 [Listener at 0.0.0.0/39117] INFO  server.session (DefaultSessionIdManager.java:doStart(339)) - No SessionScavenger set, using defaults
2021-10-03 01:17:59,432 [Listener at 0.0.0.0/39117] INFO  server.session (HouseKeeper.java:startScavenging(132)) - node0 Scavenging every 600000ms
2021-10-03 01:17:59,445 [Listener at 0.0.0.0/39117] INFO  handler.ContextHandler (ContextHandler.java:doStart(915)) - Started o.e.j.s.ServletContextHandler@7741507c{logs,/logs,file:///home/runner/work/ozone/ozone/hadoop-ozone/integration-test/target/log,AVAILABLE}
2021-10-03 01:17:59,446 [Listener at 0.0.0.0/39117] INFO  handler.ContextHandler (ContextHandler.java:doStart(915)) - Started o.e.j.s.ServletContextHandler@41cf4272{static,/static,file:///home/runner/work/ozone/ozone/hadoop-ozone/integration-test/target/test-classes/webapps/static,AVAILABLE}
2021-10-03 01:17:59,493 [Listener at 0.0.0.0/39117] INFO  handler.ContextHandler (ContextHandler.java:doStart(915)) - Started o.e.j.w.WebAppContext@2ebcbf9d{scm,/,file:///home/runner/work/ozone/ozone/hadoop-ozone/integration-test/target/test-classes/webapps/scm/,AVAILABLE}{file:/home/runner/work/ozone/ozone/hadoop-ozone/integration-test/target/test-classes/webapps/scm}
2021-10-03 01:17:59,505 [Listener at 0.0.0.0/39117] INFO  server.AbstractConnector (AbstractConnector.java:doStart(331)) - Started ServerConnector@6fdd3382{HTTP/1.1, (http/1.1)}{0.0.0.0:41897}
2021-10-03 01:17:59,507 [Listener at 0.0.0.0/39117] INFO  server.Server (Server.java:doStart(415)) - Started @4875ms
2021-10-03 01:17:59,510 [Listener at 0.0.0.0/39117] INFO  impl.MetricsSinkAdapter (MetricsSinkAdapter.java:start(204)) - Sink prometheus started
2021-10-03 01:17:59,510 [Listener at 0.0.0.0/39117] INFO  impl.MetricsSystemImpl (MetricsSystemImpl.java:registerSink(305)) - Registered sink prometheus
2021-10-03 01:17:59,511 [Listener at 0.0.0.0/39117] INFO  http.BaseHttpServer (BaseHttpServer.java:updateConnectorAddress(329)) - HTTP server of scm listening at http://0.0.0.0:41897
2021-10-03 01:17:59,623 [Listener at 0.0.0.0/39117] INFO  ha.OMHANodeDetails (OMHANodeDetails.java:loadOMHAConfig(118)) - ServiceID for OzoneManager is om-service-test1
2021-10-03 01:17:59,628 [Listener at 0.0.0.0/39117] INFO  ha.OMHANodeDetails (OMHANodeDetails.java:loadOMHAConfig(194)) - Found matching OM address with OMServiceId: om-service-test1, OMNodeId: omNode-1, RPC Address: localhost:13828 and Ratis port: 13832
2021-10-03 01:17:59,629 [Listener at 0.0.0.0/39117] INFO  ha.OMHANodeDetails (ConfUtils.java:setNodeSpecificConfigs(108)) - Setting configuration key ozone.om.http-address with value of key ozone.om.http-address.om-service-test1.omNode-1: 127.0.0.1:13830
2021-10-03 01:17:59,629 [Listener at 0.0.0.0/39117] INFO  ha.OMHANodeDetails (ConfUtils.java:setNodeSpecificConfigs(108)) - Setting configuration key ozone.om.https-address with value of key ozone.om.https-address.om-service-test1.omNode-1: 127.0.0.1:13831
2021-10-03 01:17:59,629 [Listener at 0.0.0.0/39117] INFO  ha.OMHANodeDetails (ConfUtils.java:setNodeSpecificConfigs(108)) - Setting configuration key ozone.om.address with value of key ozone.om.address.om-service-test1.omNode-1: 127.0.0.1:13828
2021-10-03 01:17:59,629 [Listener at 0.0.0.0/39117] WARN  server.ServerUtils (ServerUtils.java:getDBPath(225)) - ozone.om.db.dirs is not configured. We recommend adding this setting. Falling back to ozone.metadata.dirs instead.
OM initialization succeeded.Current cluster id for sd=/home/runner/work/ozone/ozone/hadoop-ozone/integration-test/target/test-dir/MiniOzoneClusterImpl-94b7d1b3-e035-4e16-be06-258bf0b7295d/omNode-1/om;cid=94b7d1b3-e035-4e16-be06-258bf0b7295d;layoutVersion=0
2021-10-03 01:17:59,892 [Listener at 0.0.0.0/39117] INFO  ha.OMHANodeDetails (OMHANodeDetails.java:loadOMHAConfig(118)) - ServiceID for OzoneManager is om-service-test1
2021-10-03 01:17:59,893 [Listener at 0.0.0.0/39117] INFO  ha.OMHANodeDetails (OMHANodeDetails.java:loadOMHAConfig(194)) - Found matching OM address with OMServiceId: om-service-test1, OMNodeId: omNode-1, RPC Address: localhost:13828 and Ratis port: 13832
2021-10-03 01:17:59,893 [Listener at 0.0.0.0/39117] INFO  ha.OMHANodeDetails (ConfUtils.java:setNodeSpecificConfigs(108)) - Setting configuration key ozone.om.http-address with value of key ozone.om.http-address.om-service-test1.omNode-1: 127.0.0.1:13830
2021-10-03 01:17:59,893 [Listener at 0.0.0.0/39117] INFO  ha.OMHANodeDetails (ConfUtils.java:setNodeSpecificConfigs(108)) - Setting configuration key ozone.om.https-address with value of key ozone.om.https-address.om-service-test1.omNode-1: 127.0.0.1:13831
2021-10-03 01:17:59,893 [Listener at 0.0.0.0/39117] INFO  ha.OMHANodeDetails (ConfUtils.java:setNodeSpecificConfigs(108)) - Setting configuration key ozone.om.address with value of key ozone.om.address.om-service-test1.omNode-1: 127.0.0.1:13828
2021-10-03 01:17:59,894 [Listener at 0.0.0.0/39117] WARN  server.ServerUtils (ServerUtils.java:getDBPath(225)) - ozone.om.db.dirs is not configured. We recommend adding this setting. Falling back to ozone.metadata.dirs instead.
2021-10-03 01:17:59,896 [Listener at 0.0.0.0/39117] INFO  upgrade.AbstractLayoutVersionManager (AbstractLayoutVersionManager.java:init(79)) - Initializing Layout version manager with metadata layout = INITIAL_VERSION (version = 0), software layout = INITIAL_VERSION (version = 0)
2021-10-03 01:17:59,975 [Listener at 0.0.0.0/39117] INFO  reflections.Reflections (Reflections.java:scan(232)) - Reflections took 74 ms to scan 2 urls, producing 131 keys and 342 values [using 2 cores]
2021-10-03 01:17:59,980 [Listener at 0.0.0.0/39117] INFO  upgrade.OMLayoutVersionManager (OMLayoutVersionManager.java:lambda$0(115)) - Skipping Upgrade Action MockOmUpgradeAction since it has been finalized.
2021-10-03 01:17:59,982 [Listener at 0.0.0.0/39117] WARN  server.ServerUtils (ServerUtils.java:getDBPath(225)) - ozone.om.db.dirs is not configured. We recommend adding this setting. Falling back to ozone.metadata.dirs instead.
2021-10-03 01:18:00,142 [Listener at 0.0.0.0/39117] WARN  server.ServerUtils (ServerUtils.java:getDBPath(225)) - ozone.om.db.dirs is not configured. We recommend adding this setting. Falling back to ozone.metadata.dirs instead.
2021-10-03 01:18:00,148 [Listener at 0.0.0.0/39117] INFO  codec.OmKeyInfoCodec (OmKeyInfoCodec.java:<init>(51)) - OmKeyInfoCodec ignorePipeline = true
2021-10-03 01:18:00,150 [Listener at 0.0.0.0/39117] INFO  codec.RepeatedOmKeyInfoCodec (RepeatedOmKeyInfoCodec.java:<init>(42)) - RepeatedOmKeyInfoCodec ignorePipeline = true
2021-10-03 01:18:00,379 [Listener at 0.0.0.0/39117] INFO  om.OzoneManager (OzoneManager.java:addS3GVolumeToDB(4127)) - Created Volume s3v With Owner runner required for S3Gateway operations.
2021-10-03 01:18:00,462 [Listener at 0.0.0.0/39117] WARN  server.ServerUtils (ServerUtils.java:getDefaultRatisDirectory(237)) - Storage directory for Ratis is not configured. It is a good idea to map this to an SSD disk. Falling back to ozone.metadata.dirs
2021-10-03 01:18:00,463 [Listener at 0.0.0.0/39117] WARN  utils.OzoneManagerRatisUtils (OzoneManagerRatisUtils.java:getOMRatisSnapshotDirectory(435)) - ozone.om.ratis.snapshot.dir is not configured. Falling back to ozone.metadata.dirs config
2021-10-03 01:18:00,488 [Listener at 0.0.0.0/39117] INFO  snapshot.OzoneManagerSnapshotProvider (OzoneManagerSnapshotProvider.java:<init>(76)) - Initializing OM Snapshot Provider
2021-10-03 01:18:00,594 [Listener at 0.0.0.0/39117] WARN  server.ServerUtils (ServerUtils.java:getDefaultRatisDirectory(237)) - Storage directory for Ratis is not configured. It is a good idea to map this to an SSD disk. Falling back to ozone.metadata.dirs
2021-10-03 01:18:00,625 [Listener at 0.0.0.0/39117] INFO  ratis.OzoneManagerRatisServer (OzoneManagerRatisServer.java:<init>(158)) - Instantiating OM Ratis server with groupID: om-service-test1 and peers: localhost:13832, localhost:13844, localhost:13838
2021-10-03 01:18:00,635 [Listener at 0.0.0.0/39117] INFO  ratis.OzoneManagerStateMachine (OzoneManagerStateMachine.java:loadSnapshotInfoFromDB(605)) - LastAppliedIndex is set from TransactionInfo from OM DB as (t:0, i:~)
2021-10-03 01:18:00,670 [Listener at 0.0.0.0/39117] INFO  server.RaftServer (ConfUtils.java:logGet(44)) - raft.rpc.type = GRPC (default)
2021-10-03 01:18:00,759 [Listener at 0.0.0.0/39117] INFO  grpc.GrpcFactory (GrpcFactory.java:checkPooledByteBufAllocatorUseCacheForAllThreads(48)) - PERFORMANCE WARNING: useCacheForAllThreads is true that may cause Netty to create a lot garbage objects and, as a result, trigger GC.
	It is recommended to disable useCacheForAllThreads by setting -Dorg.apache.ratis.thirdparty.io.netty.allocator.useCacheForAllThreads=false in command line.
2021-10-03 01:18:00,763 [Listener at 0.0.0.0/39117] INFO  grpc.GrpcConfigKeys (ConfUtils.java:logGet(44)) - raft.grpc.admin.port = -1 (default)
2021-10-03 01:18:00,764 [Listener at 0.0.0.0/39117] INFO  grpc.GrpcConfigKeys (ConfUtils.java:logGet(44)) - raft.grpc.server.port = 13832 (custom)
2021-10-03 01:18:00,765 [Listener at 0.0.0.0/39117] INFO  grpc.GrpcConfigKeys (ConfUtils.java:logGet(44)) - raft.grpc.client.port = -1 (default)
2021-10-03 01:18:00,765 [Listener at 0.0.0.0/39117] INFO  grpc.GrpcConfigKeys (ConfUtils.java:logGet(44)) - raft.grpc.server.port = 13832 (custom)
2021-10-03 01:18:00,765 [Listener at 0.0.0.0/39117] INFO  grpc.GrpcConfigKeys (ConfUtils.java:logGet(44)) - raft.grpc.server.port = 13832 (custom)
2021-10-03 01:18:00,766 [Listener at 0.0.0.0/39117] INFO  server.GrpcService (ConfUtils.java:logGet(44)) - raft.grpc.message.size.max = 33554432 (custom)
2021-10-03 01:18:00,767 [Listener at 0.0.0.0/39117] INFO  server.RaftServerConfigKeys (ConfUtils.java:logGet(44)) - raft.server.log.appender.buffer.byte-limit = 33554432 (custom)
2021-10-03 01:18:00,768 [Listener at 0.0.0.0/39117] INFO  server.GrpcService (ConfUtils.java:logGet(44)) - raft.grpc.flow.control.window = 1MB (=1048576) (default)
2021-10-03 01:18:00,769 [Listener at 0.0.0.0/39117] INFO  server.RaftServerConfigKeys (ConfUtils.java:logGet(44)) - raft.server.rpc.request.timeout = 3000ms (default)
2021-10-03 01:18:01,105 [Listener at 0.0.0.0/39117] INFO  impl.DataStreamServerImpl (ConfUtils.java:logGet(44)) - raft.datastream.type = DISABLED (default)
2021-10-03 01:18:01,107 [Listener at 0.0.0.0/39117] INFO  server.RaftServerConfigKeys (ConfUtils.java:logGet(44)) - raft.server.rpc.slowness.timeout = 2s (custom)
2021-10-03 01:18:01,108 [Listener at 0.0.0.0/39117] INFO  server.RaftServerConfigKeys (ConfUtils.java:logGet(44)) - raft.server.leaderelection.leader.step-down.wait-time = 10s (default)
2021-10-03 01:18:01,126 [Listener at 0.0.0.0/39117] INFO  server.RaftServerConfigKeys (ConfUtils.java:logGet(44)) - raft.server.storage.dir = [/home/runner/work/ozone/ozone/hadoop-ozone/integration-test/target/test-dir/MiniOzoneClusterImpl-94b7d1b3-e035-4e16-be06-258bf0b7295d/omNode-1/ratis] (custom)
2021-10-03 01:18:01,133 [Listener at 0.0.0.0/39117] INFO  server.RaftServer (RaftServerProxy.java:addNew(95)) - omNode-1: addNew group-523986131536:[omNode-3|rpc:localhost:13844|priority:0, omNode-1|rpc:localhost:13832|priority:0, omNode-2|rpc:localhost:13838|priority:0] returns group-523986131536:java.util.concurrent.CompletableFuture@4e42beba[Not completed]
2021-10-03 01:18:01,133 [Listener at 0.0.0.0/39117] INFO  om.OzoneManager (OzoneManager.java:initializeRatisServer(1585)) - OzoneManager Ratis server initialized at port 13832
2021-10-03 01:18:01,157 [Listener at 0.0.0.0/39117] INFO  ipc.CallQueueManager (CallQueueManager.java:<init>(90)) - Using callQueue: class java.util.concurrent.LinkedBlockingQueue, queueCapacity: 2000, scheduler: class org.apache.hadoop.ipc.DefaultRpcScheduler, ipcBackoff: false.
2021-10-03 01:18:01,158 [Socket Reader #1 for port 13828] INFO  ipc.Server (Server.java:run(1265)) - Starting Socket Reader #1 for port 13828
2021-10-03 01:18:01,180 [pool-39-thread-1] INFO  server.RaftServer$Division (RaftServerImpl.java:<init>(181)) - omNode-1: new RaftServerImpl for group-523986131536:[omNode-3|rpc:localhost:13844|priority:0, omNode-1|rpc:localhost:13832|priority:0, omNode-2|rpc:localhost:13838|priority:0] with OzoneManagerStateMachine:uninitialized
2021-10-03 01:18:01,189 [pool-39-thread-1] INFO  server.RaftServerConfigKeys (ConfUtils.java:logGet(44)) - raft.server.rpc.timeout.min = 1s (custom)
2021-10-03 01:18:01,193 [pool-39-thread-1] INFO  server.RaftServerConfigKeys (ConfUtils.java:logGet(44)) - raft.server.rpc.timeout.max = 1200ms (custom)
2021-10-03 01:18:01,193 [pool-39-thread-1] INFO  server.RaftServerConfigKeys (ConfUtils.java:logGet(44)) - raft.server.rpc.sleep.time = 25ms (default)
2021-10-03 01:18:01,194 [pool-39-thread-1] INFO  server.RaftServerConfigKeys (ConfUtils.java:logGet(44)) - raft.server.rpc.slowness.timeout = 2s (custom)
2021-10-03 01:18:01,194 [pool-39-thread-1] INFO  server.RaftServerConfigKeys (ConfUtils.java:logGet(44)) - raft.server.leaderelection.leader.step-down.wait-time = 10s (default)
2021-10-03 01:18:01,194 [pool-39-thread-1] INFO  server.RaftServerConfigKeys (ConfUtils.java:logGet(44)) - raft.server.sleep.deviation.threshold = 300ms (default)
2021-10-03 01:18:01,194 [pool-39-thread-1] INFO  server.RaftServerConfigKeys (ConfUtils.java:logGet(44)) - raft.server.log.appender.install.snapshot.enabled = false (custom)
2021-10-03 01:18:01,205 [Listener at 127.0.0.1/13828] INFO  om.OzoneManager (OzoneManager.java:initFSOLayout(4333)) - Configured ozone.om.metadata.layout=SIMPLE and disabled optimized OM FS operations
2021-10-03 01:18:01,207 [Listener at 127.0.0.1/13828] INFO  impl.MetricsSystemImpl (MetricsSystemImpl.java:init(158)) - OzoneManager metrics system started (again)
2021-10-03 01:18:01,208 [pool-39-thread-1] INFO  server.RaftServer$Division (ServerState.java:<init>(105)) - omNode-1@group-523986131536: ConfigurationManager, init=-1: [omNode-3|rpc:localhost:13844|priority:0, omNode-1|rpc:localhost:13832|priority:0, omNode-2|rpc:localhost:13838|priority:0], old=null, confs=<EMPTY_MAP>
2021-10-03 01:18:01,209 [pool-39-thread-1] INFO  server.RaftServerConfigKeys (ConfUtils.java:logGet(44)) - raft.server.storage.dir = [/home/runner/work/ozone/ozone/hadoop-ozone/integration-test/target/test-dir/MiniOzoneClusterImpl-94b7d1b3-e035-4e16-be06-258bf0b7295d/omNode-1/ratis] (custom)
2021-10-03 01:18:01,219 [pool-39-thread-1] INFO  server.RaftServerConfigKeys (ConfUtils.java:logGet(44)) - raft.server.log.corruption.policy = EXCEPTION (default)
2021-10-03 01:18:01,220 [pool-39-thread-1] INFO  server.RaftServerConfigKeys (ConfUtils.java:logGet(44)) - raft.server.storage.free-space.min = 0MB (=0) (default)
2021-10-03 01:18:01,221 [pool-39-thread-1] INFO  storage.RaftStorageDirectory (RaftStorageDirectoryImpl.java:analyzeStorage(135)) - The storage directory /home/runner/work/ozone/ozone/hadoop-ozone/integration-test/target/test-dir/MiniOzoneClusterImpl-94b7d1b3-e035-4e16-be06-258bf0b7295d/omNode-1/ratis/c9bc4cf4-3bc3-3c60-a66b-523986131536 does not exist. Creating ...
2021-10-03 01:18:01,224 [Listener at 127.0.0.1/13828] INFO  om.OzoneManager (OzoneManager.java:start(1281)) - OzoneManager RPC server is listening at localhost/127.0.0.1:13828
2021-10-03 01:18:01,224 [Listener at 127.0.0.1/13828] INFO  ratis.OzoneManagerRatisServer (OzoneManagerRatisServer.java:start(516)) - Starting OzoneManagerRatisServer omNode-1 at port 13832
2021-10-03 01:18:01,232 [pool-39-thread-1] INFO  storage.RaftStorageDirectory (RaftStorageDirectoryImpl.java:tryLock(230)) - Lock on /home/runner/work/ozone/ozone/hadoop-ozone/integration-test/target/test-dir/MiniOzoneClusterImpl-94b7d1b3-e035-4e16-be06-258bf0b7295d/omNode-1/ratis/c9bc4cf4-3bc3-3c60-a66b-523986131536/in_use.lock acquired by nodename 8541@fv-az270-324
2021-10-03 01:18:01,241 [pool-39-thread-1] INFO  storage.RaftStorage (RaftStorageImpl.java:format(89)) - Storage directory /home/runner/work/ozone/ozone/hadoop-ozone/integration-test/target/test-dir/MiniOzoneClusterImpl-94b7d1b3-e035-4e16-be06-258bf0b7295d/omNode-1/ratis/c9bc4cf4-3bc3-3c60-a66b-523986131536 has been successfully formatted.
2021-10-03 01:18:01,243 [pool-39-thread-1] INFO  server.RaftServerConfigKeys (ConfUtils.java:logGet(44)) - raft.server.notification.no-leader.timeout = 2s (custom)
2021-10-03 01:18:01,245 [pool-39-thread-1] INFO  server.RaftServerConfigKeys (ConfUtils.java:logGet(44)) - raft.server.log.use.memory = false (default)
2021-10-03 01:18:01,254 [pool-39-thread-1] INFO  server.RaftServerConfigKeys (ConfUtils.java:logGet(44)) - raft.server.log.purge.gap = 50 (custom)
2021-10-03 01:18:01,254 [pool-39-thread-1] INFO  server.RaftServerConfigKeys (ConfUtils.java:logGet(44)) - raft.server.log.appender.buffer.byte-limit = 33554432 (custom)
2021-10-03 01:18:01,268 [pool-39-thread-1] INFO  server.RaftServerConfigKeys (ConfUtils.java:logGet(44)) - raft.server.log.segment.size.max = 4194304 (custom)
2021-10-03 01:18:01,276 [pool-39-thread-1] INFO  server.RaftServerConfigKeys (ConfUtils.java:logGet(44)) - raft.server.log.segment.cache.num.max = 2 (custom)
2021-10-03 01:18:01,277 [pool-39-thread-1] INFO  server.RaftServerConfigKeys (ConfUtils.java:logGet(44)) - raft.server.log.segment.cache.size.max = 200MB (=209715200) (default)
2021-10-03 01:18:01,284 [pool-39-thread-1] INFO  segmented.SegmentedRaftLogWorker (SegmentedRaftLogWorker.java:<init>(182)) - new omNode-1@group-523986131536-SegmentedRaftLogWorker for RaftStorageImpl:Storage Directory /home/runner/work/ozone/ozone/hadoop-ozone/integration-test/target/test-dir/MiniOzoneClusterImpl-94b7d1b3-e035-4e16-be06-258bf0b7295d/omNode-1/ratis/c9bc4cf4-3bc3-3c60-a66b-523986131536
2021-10-03 01:18:01,284 [pool-39-thread-1] INFO  server.RaftServerConfigKeys (ConfUtils.java:logGet(44)) - raft.server.log.queue.byte-limit = 64MB (=67108864) (default)
2021-10-03 01:18:01,285 [pool-39-thread-1] INFO  server.RaftServerConfigKeys (ConfUtils.java:logGet(44)) - raft.server.log.queue.element-limit = 4096 (default)
2021-10-03 01:18:01,286 [pool-39-thread-1] INFO  server.RaftServerConfigKeys (ConfUtils.java:logGet(44)) - raft.server.log.segment.size.max = 4194304 (custom)
2021-10-03 01:18:01,286 [pool-39-thread-1] INFO  server.RaftServerConfigKeys (ConfUtils.java:logGet(44)) - raft.server.log.preallocated.size = 4194304 (custom)
2021-10-03 01:18:01,287 [pool-39-thread-1] INFO  server.RaftServerConfigKeys (ConfUtils.java:logGet(44)) - raft.server.log.force.sync.num = 128 (default)
2021-10-03 01:18:01,288 [pool-39-thread-1] INFO  server.RaftServerConfigKeys (ConfUtils.java:logGet(44)) - raft.server.log.statemachine.data.sync = true (default)
2021-10-03 01:18:01,288 [pool-39-thread-1] INFO  server.RaftServerConfigKeys (ConfUtils.java:logGet(44)) - raft.server.log.statemachine.data.sync.timeout = 10s (default)
2021-10-03 01:18:01,289 [pool-39-thread-1] INFO  server.RaftServerConfigKeys (ConfUtils.java:logGet(44)) - raft.server.log.statemachine.data.sync.timeout.retry = -1 (default)
2021-10-03 01:18:01,299 [pool-39-thread-1] INFO  server.RaftServerConfigKeys (ConfUtils.java:logGet(44)) - raft.server.log.write.buffer.size = 64KB (=65536) (default)
2021-10-03 01:18:01,299 [pool-39-thread-1] INFO  server.RaftServerConfigKeys (ConfUtils.java:logGet(44)) - raft.server.log.statemachine.data.caching.enabled = false (default)
2021-10-03 01:18:01,307 [pool-39-thread-1] INFO  segmented.SegmentedRaftLogWorker (SegmentedRaftLogWorker.java:lambda$new$0(133)) - omNode-1@group-523986131536-SegmentedRaftLogWorker: flushIndex: setUnconditionally 0 -> -1
2021-10-03 01:18:01,307 [pool-39-thread-1] INFO  segmented.SegmentedRaftLogWorker (SegmentedRaftLogWorker.java:lambda$new$0(133)) - omNode-1@group-523986131536-SegmentedRaftLogWorker: safeCacheEvictIndex: setUnconditionally 0 -> -1
2021-10-03 01:18:01,316 [pool-39-thread-1] INFO  server.RaftServerConfigKeys (ConfUtils.java:logGet(44)) - raft.server.snapshot.auto.trigger.enabled = true (custom)
2021-10-03 01:18:01,317 [pool-39-thread-1] INFO  server.RaftServerConfigKeys (ConfUtils.java:logGet(44)) - raft.server.snapshot.auto.trigger.threshold = 50 (custom)
2021-10-03 01:18:01,317 [pool-39-thread-1] INFO  server.RaftServerConfigKeys (ConfUtils.java:logGet(44)) - raft.server.snapshot.retention.file.num = -1 (default)
2021-10-03 01:18:01,318 [pool-39-thread-1] INFO  server.RaftServerConfigKeys (ConfUtils.java:logGet(44)) - raft.server.log.purge.upto.snapshot.index = true (custom)
2021-10-03 01:18:01,319 [pool-39-thread-1] INFO  server.RaftServerConfigKeys (ConfUtils.java:logGet(44)) - raft.server.retrycache.expirytime = 30000ms (custom)
2021-10-03 01:18:01,319 [pool-39-thread-1] INFO  server.RaftServerConfigKeys (ConfUtils.java:logGet(44)) - raft.server.retrycache.statistics.expirytime = 100μs (default)
2021-10-03 01:18:01,365 [Listener at 127.0.0.1/13828] INFO  server.RaftServer$Division (RaftServerImpl.java:start(296)) - omNode-1@group-523986131536: start as a follower, conf=-1: [omNode-3|rpc:localhost:13844|priority:0, omNode-1|rpc:localhost:13832|priority:0, omNode-2|rpc:localhost:13838|priority:0], old=null
2021-10-03 01:18:01,367 [Listener at 127.0.0.1/13828] INFO  server.RaftServer$Division (RaftServerImpl.java:setRole(285)) - omNode-1@group-523986131536: changes role from      null to FOLLOWER at term 0 for startAsFollower
2021-10-03 01:18:01,369 [Listener at 127.0.0.1/13828] INFO  impl.RoleInfo (RoleInfo.java:updateAndGet(130)) - omNode-1: start omNode-1@group-523986131536-FollowerState
2021-10-03 01:18:01,375 [Listener at 127.0.0.1/13828] INFO  util.JmxRegister (JmxRegister.java:tryRegister(44)) - Successfully registered JMX Bean with object name Ratis:service=RaftServer,group=group-523986131536,id=omNode-1
2021-10-03 01:18:01,379 [Listener at 127.0.0.1/13828] INFO  server.RaftServer (RaftServerProxy.java:lambda$start$5(374)) - omNode-1: start RPC server
2021-10-03 01:18:01,462 [Listener at 127.0.0.1/13828] INFO  server.GrpcService (GrpcService.java:startImpl(253)) - omNode-1: GrpcService started, listening on 13832
2021-10-03 01:18:01,464 [Listener at 127.0.0.1/13828] INFO  om.OzoneManager (OzoneManager.java:start(1299)) - Version File has different layout version (0) than OM DB (null). That is expected if this OM has never been finalized to a newer layout version.
2021-10-03 01:18:01,466 [org.apache.ratis.util.JvmPauseMonitor$$Lambda$523/2137356424@2ec3d746] INFO  util.JvmPauseMonitor (JvmPauseMonitor.java:run(103)) - JvmPauseMonitor-omNode-1: Started
2021-10-03 01:18:01,488 [Listener at 127.0.0.1/13828] INFO  http.BaseHttpServer (BaseHttpServer.java:newHttpServer2BuilderForOzone(209)) - Starting Web-server for ozoneManager at: http://0.0.0.0:13830
2021-10-03 01:18:01,488 [Listener at 127.0.0.1/13828] INFO  http.BaseHttpServer (BaseHttpServer.java:<init>(107)) - Hadoop Security Enabled: false Ozone Security Enabled: false Ozone HTTP Security Enabled: false 
2021-10-03 01:18:01,490 [Listener at 127.0.0.1/13828] INFO  server.AuthenticationFilter (AuthenticationFilter.java:constructSecretProvider(240)) - Unable to initialize FileSignerSecretProvider, falling back to use random secrets.
2021-10-03 01:18:01,494 [Listener at 127.0.0.1/13828] WARN  http.HttpRequestLog (HttpRequestLog.java:getRequestLog(103)) - Jetty request log can only be enabled using Log4j
2021-10-03 01:18:01,495 [Listener at 127.0.0.1/13828] INFO  http.HttpServer2 (HttpServer2.java:addGlobalFilter(1030)) - Added global filter 'safety' (class=org.apache.hadoop.hdds.server.http.HttpServer2$QuotingInputFilter)
2021-10-03 01:18:01,497 [Listener at 127.0.0.1/13828] INFO  http.HttpServer2 (HttpServer2.java:addFilter(1006)) - Added filter static_user_filter (class=org.apache.hadoop.http.lib.StaticUserWebFilter$StaticUserFilter) to context ozoneManager
2021-10-03 01:18:01,497 [Listener at 127.0.0.1/13828] INFO  http.HttpServer2 (HttpServer2.java:addFilter(1014)) - Added filter static_user_filter (class=org.apache.hadoop.http.lib.StaticUserWebFilter$StaticUserFilter) to context logs
2021-10-03 01:18:01,497 [Listener at 127.0.0.1/13828] INFO  http.HttpServer2 (HttpServer2.java:addFilter(1014)) - Added filter static_user_filter (class=org.apache.hadoop.http.lib.StaticUserWebFilter$StaticUserFilter) to context static
2021-10-03 01:18:01,499 [Listener at 127.0.0.1/13828] INFO  http.HttpServer2 (HttpServer2.java:bindListener(1249)) - Jetty bound to port 13830
2021-10-03 01:18:01,500 [Listener at 127.0.0.1/13828] INFO  server.Server (Server.java:doStart(375)) - jetty-9.4.43.v20210629; built: 2021-06-30T11:07:22.254Z; git: 526006ecfa3af7f1a27ef3a288e2bef7ea9dd7e8; jvm 1.8.0_292-b10
2021-10-03 01:18:01,502 [Listener at 127.0.0.1/13828] INFO  server.session (DefaultSessionIdManager.java:doStart(334)) - DefaultSessionIdManager workerName=node0
2021-10-03 01:18:01,503 [Listener at 127.0.0.1/13828] INFO  server.session (DefaultSessionIdManager.java:doStart(339)) - No SessionScavenger set, using defaults
2021-10-03 01:18:01,503 [Listener at 127.0.0.1/13828] INFO  server.session (HouseKeeper.java:startScavenging(132)) - node0 Scavenging every 600000ms
2021-10-03 01:18:01,504 [Listener at 127.0.0.1/13828] INFO  handler.ContextHandler (ContextHandler.java:doStart(915)) - Started o.e.j.s.ServletContextHandler@6364e814{logs,/logs,file:///home/runner/work/ozone/ozone/hadoop-ozone/integration-test/target/log,AVAILABLE}
2021-10-03 01:18:01,504 [Listener at 127.0.0.1/13828] INFO  handler.ContextHandler (ContextHandler.java:doStart(915)) - Started o.e.j.s.ServletContextHandler@4654fe3b{static,/static,file:///home/runner/work/ozone/ozone/hadoop-ozone/integration-test/target/test-classes/webapps/static,AVAILABLE}
2021-10-03 01:18:01,509 [Listener at 127.0.0.1/13828] INFO  handler.ContextHandler (ContextHandler.java:doStart(915)) - Started o.e.j.w.WebAppContext@48405f04{ozoneManager,/,file:///home/runner/work/ozone/ozone/hadoop-ozone/integration-test/target/test-classes/webapps/ozoneManager/,AVAILABLE}{file:/home/runner/work/ozone/ozone/hadoop-ozone/integration-test/target/test-classes/webapps/ozoneManager}
2021-10-03 01:18:01,511 [Listener at 127.0.0.1/13828] INFO  server.AbstractConnector (AbstractConnector.java:doStart(331)) - Started ServerConnector@3107833{HTTP/1.1, (http/1.1)}{0.0.0.0:13830}
2021-10-03 01:18:01,512 [Listener at 127.0.0.1/13828] INFO  server.Server (Server.java:doStart(415)) - Started @6879ms
2021-10-03 01:18:01,512 [Listener at 127.0.0.1/13828] WARN  impl.MetricsSystemImpl (MetricsSystemImpl.java:register(279)) - Sink prometheus already exists!
2021-10-03 01:18:01,513 [Listener at 127.0.0.1/13828] INFO  http.BaseHttpServer (BaseHttpServer.java:updateConnectorAddress(329)) - HTTP server of ozoneManager listening at http://0.0.0.0:13830
2021-10-03 01:18:01,514 [IPC Server Responder] INFO  ipc.Server (Server.java:run(1507)) - IPC Server Responder: starting
2021-10-03 01:18:01,518 [IPC Server listener on 13828] INFO  ipc.Server (Server.java:run(1344)) - IPC Server listener on 13828: starting
2021-10-03 01:18:01,528 [Listener at 127.0.0.1/13828] INFO  om.OzoneManager (OzoneManager.java:startTrashEmptier(1543)) - Trash Interval set to 0. Files deleted will not move to trash
2021-10-03 01:18:01,530 [Listener at 127.0.0.1/13828] INFO  ozone.MiniOzoneHAClusterImpl (MiniOzoneHAClusterImpl.java:createOMService(485)) - Started OzoneManager omNode-1 RPC server at localhost/127.0.0.1:13828
2021-10-03 01:18:01,531 [Listener at 127.0.0.1/13828] INFO  ha.OMHANodeDetails (OMHANodeDetails.java:loadOMHAConfig(118)) - ServiceID for OzoneManager is om-service-test1
2021-10-03 01:18:01,532 [Listener at 127.0.0.1/13828] INFO  ha.OMHANodeDetails (OMHANodeDetails.java:loadOMHAConfig(194)) - Found matching OM address with OMServiceId: om-service-test1, OMNodeId: omNode-2, RPC Address: localhost:13834 and Ratis port: 13838
2021-10-03 01:18:01,532 [Listener at 127.0.0.1/13828] INFO  ha.OMHANodeDetails (ConfUtils.java:setNodeSpecificConfigs(108)) - Setting configuration key ozone.om.http-address with value of key ozone.om.http-address.om-service-test1.omNode-2: 127.0.0.1:13836
2021-10-03 01:18:01,532 [Listener at 127.0.0.1/13828] INFO  ha.OMHANodeDetails (ConfUtils.java:setNodeSpecificConfigs(108)) - Setting configuration key ozone.om.https-address with value of key ozone.om.https-address.om-service-test1.omNode-2: 127.0.0.1:13837
2021-10-03 01:18:01,532 [Listener at 127.0.0.1/13828] INFO  ha.OMHANodeDetails (ConfUtils.java:setNodeSpecificConfigs(108)) - Setting configuration key ozone.om.address with value of key ozone.om.address.om-service-test1.omNode-2: 127.0.0.1:13834
2021-10-03 01:18:01,532 [Listener at 127.0.0.1/13828] WARN  server.ServerUtils (ServerUtils.java:getDBPath(225)) - ozone.om.db.dirs is not configured. We recommend adding this setting. Falling back to ozone.metadata.dirs instead.
2021-10-03 01:18:01,536 [org.apache.hadoop.util.JvmPauseMonitor$Monitor@52971afb] INFO  util.JvmPauseMonitor (JvmPauseMonitor.java:run(188)) - Starting JVM pause monitor
OM initialization succeeded.Current cluster id for sd=/home/runner/work/ozone/ozone/hadoop-ozone/integration-test/target/test-dir/MiniOzoneClusterImpl-94b7d1b3-e035-4e16-be06-258bf0b7295d/omNode-2/om;cid=94b7d1b3-e035-4e16-be06-258bf0b7295d;layoutVersion=0
2021-10-03 01:18:01,548 [Listener at 127.0.0.1/13828] INFO  ha.OMHANodeDetails (OMHANodeDetails.java:loadOMHAConfig(118)) - ServiceID for OzoneManager is om-service-test1
2021-10-03 01:18:01,548 [Listener at 127.0.0.1/13828] INFO  ha.OMHANodeDetails (OMHANodeDetails.java:loadOMHAConfig(194)) - Found matching OM address with OMServiceId: om-service-test1, OMNodeId: omNode-2, RPC Address: localhost:13834 and Ratis port: 13838
2021-10-03 01:18:01,549 [Listener at 127.0.0.1/13828] INFO  ha.OMHANodeDetails (ConfUtils.java:setNodeSpecificConfigs(108)) - Setting configuration key ozone.om.http-address with value of key ozone.om.http-address.om-service-test1.omNode-2: 127.0.0.1:13836
2021-10-03 01:18:01,549 [Listener at 127.0.0.1/13828] INFO  ha.OMHANodeDetails (ConfUtils.java:setNodeSpecificConfigs(108)) - Setting configuration key ozone.om.https-address with value of key ozone.om.https-address.om-service-test1.omNode-2: 127.0.0.1:13837
2021-10-03 01:18:01,549 [Listener at 127.0.0.1/13828] INFO  ha.OMHANodeDetails (ConfUtils.java:setNodeSpecificConfigs(108)) - Setting configuration key ozone.om.address with value of key ozone.om.address.om-service-test1.omNode-2: 127.0.0.1:13834
2021-10-03 01:18:01,549 [Listener at 127.0.0.1/13828] WARN  server.ServerUtils (ServerUtils.java:getDBPath(225)) - ozone.om.db.dirs is not configured. We recommend adding this setting. Falling back to ozone.metadata.dirs instead.
2021-10-03 01:18:01,549 [Listener at 127.0.0.1/13828] INFO  upgrade.AbstractLayoutVersionManager (AbstractLayoutVersionManager.java:init(79)) - Initializing Layout version manager with metadata layout = INITIAL_VERSION (version = 0), software layout = INITIAL_VERSION (version = 0)
2021-10-03 01:18:01,603 [Listener at 127.0.0.1/13828] INFO  reflections.Reflections (Reflections.java:scan(232)) - Reflections took 52 ms to scan 2 urls, producing 131 keys and 342 values [using 2 cores]
2021-10-03 01:18:01,603 [Listener at 127.0.0.1/13828] INFO  upgrade.OMLayoutVersionManager (OMLayoutVersionManager.java:lambda$0(115)) - Skipping Upgrade Action MockOmUpgradeAction since it has been finalized.
2021-10-03 01:18:01,604 [Listener at 127.0.0.1/13828] WARN  server.ServerUtils (ServerUtils.java:getDBPath(225)) - ozone.om.db.dirs is not configured. We recommend adding this setting. Falling back to ozone.metadata.dirs instead.
2021-10-03 01:18:01,611 [Listener at 127.0.0.1/13828] WARN  server.ServerUtils (ServerUtils.java:getDBPath(225)) - ozone.om.db.dirs is not configured. We recommend adding this setting. Falling back to ozone.metadata.dirs instead.
2021-10-03 01:18:01,612 [Listener at 127.0.0.1/13828] INFO  codec.OmKeyInfoCodec (OmKeyInfoCodec.java:<init>(51)) - OmKeyInfoCodec ignorePipeline = true
2021-10-03 01:18:01,612 [Listener at 127.0.0.1/13828] INFO  codec.RepeatedOmKeyInfoCodec (RepeatedOmKeyInfoCodec.java:<init>(42)) - RepeatedOmKeyInfoCodec ignorePipeline = true
2021-10-03 01:18:01,747 [Listener at 127.0.0.1/13828] INFO  om.OzoneManager (OzoneManager.java:addS3GVolumeToDB(4127)) - Created Volume s3v With Owner runner required for S3Gateway operations.
2021-10-03 01:18:01,747 [Listener at 127.0.0.1/13828] WARN  server.ServerUtils (ServerUtils.java:getDefaultRatisDirectory(237)) - Storage directory for Ratis is not configured. It is a good idea to map this to an SSD disk. Falling back to ozone.metadata.dirs
2021-10-03 01:18:01,748 [Listener at 127.0.0.1/13828] WARN  utils.OzoneManagerRatisUtils (OzoneManagerRatisUtils.java:getOMRatisSnapshotDirectory(435)) - ozone.om.ratis.snapshot.dir is not configured. Falling back to ozone.metadata.dirs config
2021-10-03 01:18:01,748 [Listener at 127.0.0.1/13828] INFO  snapshot.OzoneManagerSnapshotProvider (OzoneManagerSnapshotProvider.java:<init>(76)) - Initializing OM Snapshot Provider
2021-10-03 01:18:01,754 [Listener at 127.0.0.1/13828] WARN  impl.MetricRegistriesImpl (MetricRegistriesImpl.java:addReporterRegistration(111)) - New reporters are added after registries were created. Some metrics will be missing from the reporter. Please add reporter before adding any new registry.
2021-10-03 01:18:01,754 [Listener at 127.0.0.1/13828] WARN  impl.MetricRegistriesImpl (MetricRegistriesImpl.java:addReporterRegistration(111)) - New reporters are added after registries were created. Some metrics will be missing from the reporter. Please add reporter before adding any new registry.
2021-10-03 01:18:01,755 [Listener at 127.0.0.1/13828] WARN  server.ServerUtils (ServerUtils.java:getDefaultRatisDirectory(237)) - Storage directory for Ratis is not configured. It is a good idea to map this to an SSD disk. Falling back to ozone.metadata.dirs
2021-10-03 01:18:01,756 [Listener at 127.0.0.1/13828] INFO  ratis.OzoneManagerRatisServer (OzoneManagerRatisServer.java:<init>(158)) - Instantiating OM Ratis server with groupID: om-service-test1 and peers: localhost:13838, localhost:13844, localhost:13832
2021-10-03 01:18:01,757 [Listener at 127.0.0.1/13828] INFO  ratis.OzoneManagerStateMachine (OzoneManagerStateMachine.java:loadSnapshotInfoFromDB(605)) - LastAppliedIndex is set from TransactionInfo from OM DB as (t:0, i:~)
2021-10-03 01:18:01,758 [Listener at 127.0.0.1/13828] INFO  server.RaftServer (ConfUtils.java:logGet(44)) - raft.rpc.type = GRPC (default)
2021-10-03 01:18:01,758 [Listener at 127.0.0.1/13828] INFO  grpc.GrpcFactory (GrpcFactory.java:checkPooledByteBufAllocatorUseCacheForAllThreads(48)) - PERFORMANCE WARNING: useCacheForAllThreads is true that may cause Netty to create a lot garbage objects and, as a result, trigger GC.
	It is recommended to disable useCacheForAllThreads by setting -Dorg.apache.ratis.thirdparty.io.netty.allocator.useCacheForAllThreads=false in command line.
2021-10-03 01:18:01,758 [Listener at 127.0.0.1/13828] INFO  grpc.GrpcConfigKeys (ConfUtils.java:logGet(44)) - raft.grpc.admin.port = -1 (default)
2021-10-03 01:18:01,759 [Listener at 127.0.0.1/13828] INFO  grpc.GrpcConfigKeys (ConfUtils.java:logGet(44)) - raft.grpc.server.port = 13838 (custom)
2021-10-03 01:18:01,759 [Listener at 127.0.0.1/13828] INFO  grpc.GrpcConfigKeys (ConfUtils.java:logGet(44)) - raft.grpc.client.port = -1 (default)
2021-10-03 01:18:01,759 [Listener at 127.0.0.1/13828] INFO  grpc.GrpcConfigKeys (ConfUtils.java:logGet(44)) - raft.grpc.server.port = 13838 (custom)
2021-10-03 01:18:01,759 [Listener at 127.0.0.1/13828] INFO  grpc.GrpcConfigKeys (ConfUtils.java:logGet(44)) - raft.grpc.server.port = 13838 (custom)
2021-10-03 01:18:01,759 [Listener at 127.0.0.1/13828] INFO  server.GrpcService (ConfUtils.java:logGet(44)) - raft.grpc.message.size.max = 33554432 (custom)
2021-10-03 01:18:01,759 [Listener at 127.0.0.1/13828] INFO  server.RaftServerConfigKeys (ConfUtils.java:logGet(44)) - raft.server.log.appender.buffer.byte-limit = 33554432 (custom)
2021-10-03 01:18:01,759 [Listener at 127.0.0.1/13828] INFO  server.GrpcService (ConfUtils.java:logGet(44)) - raft.grpc.flow.control.window = 1MB (=1048576) (default)
2021-10-03 01:18:01,760 [Listener at 127.0.0.1/13828] INFO  server.RaftServerConfigKeys (ConfUtils.java:logGet(44)) - raft.server.rpc.request.timeout = 3000ms (default)
2021-10-03 01:18:01,761 [Listener at 127.0.0.1/13828] INFO  impl.DataStreamServerImpl (ConfUtils.java:logGet(44)) - raft.datastream.type = DISABLED (default)
2021-10-03 01:18:01,761 [Listener at 127.0.0.1/13828] INFO  server.RaftServerConfigKeys (ConfUtils.java:logGet(44)) - raft.server.rpc.slowness.timeout = 2s (custom)
2021-10-03 01:18:01,761 [Listener at 127.0.0.1/13828] INFO  server.RaftServerConfigKeys (ConfUtils.java:logGet(44)) - raft.server.leaderelection.leader.step-down.wait-time = 10s (default)
2021-10-03 01:18:01,762 [Listener at 127.0.0.1/13828] INFO  server.RaftServerConfigKeys (ConfUtils.java:logGet(44)) - raft.server.storage.dir = [/home/runner/work/ozone/ozone/hadoop-ozone/integration-test/target/test-dir/MiniOzoneClusterImpl-94b7d1b3-e035-4e16-be06-258bf0b7295d/omNode-2/ratis] (custom)
2021-10-03 01:18:01,762 [Listener at 127.0.0.1/13828] INFO  server.RaftServer (RaftServerProxy.java:addNew(95)) - omNode-2: addNew group-523986131536:[omNode-3|rpc:localhost:13844|priority:0, omNode-1|rpc:localhost:13832|priority:0, omNode-2|rpc:localhost:13838|priority:0] returns group-523986131536:java.util.concurrent.CompletableFuture@b627ffa[Not completed]
2021-10-03 01:18:01,762 [Listener at 127.0.0.1/13828] INFO  om.OzoneManager (OzoneManager.java:initializeRatisServer(1585)) - OzoneManager Ratis server initialized at port 13838
2021-10-03 01:18:01,765 [Listener at 127.0.0.1/13828] INFO  ipc.CallQueueManager (CallQueueManager.java:<init>(90)) - Using callQueue: class java.util.concurrent.LinkedBlockingQueue, queueCapacity: 2000, scheduler: class org.apache.hadoop.ipc.DefaultRpcScheduler, ipcBackoff: false.
2021-10-03 01:18:01,765 [pool-62-thread-1] INFO  server.RaftServer$Division (RaftServerImpl.java:<init>(181)) - omNode-2: new RaftServerImpl for group-523986131536:[omNode-3|rpc:localhost:13844|priority:0, omNode-1|rpc:localhost:13832|priority:0, omNode-2|rpc:localhost:13838|priority:0] with OzoneManagerStateMachine:uninitialized
2021-10-03 01:18:01,766 [pool-62-thread-1] INFO  server.RaftServerConfigKeys (ConfUtils.java:logGet(44)) - raft.server.rpc.timeout.min = 1s (custom)
2021-10-03 01:18:01,768 [pool-62-thread-1] INFO  server.RaftServerConfigKeys (ConfUtils.java:logGet(44)) - raft.server.rpc.timeout.max = 1200ms (custom)
2021-10-03 01:18:01,768 [pool-62-thread-1] INFO  server.RaftServerConfigKeys (ConfUtils.java:logGet(44)) - raft.server.rpc.sleep.time = 25ms (default)
2021-10-03 01:18:01,768 [Socket Reader #1 for port 13834] INFO  ipc.Server (Server.java:run(1265)) - Starting Socket Reader #1 for port 13834
2021-10-03 01:18:01,768 [pool-62-thread-1] INFO  server.RaftServerConfigKeys (ConfUtils.java:logGet(44)) - raft.server.rpc.slowness.timeout = 2s (custom)
2021-10-03 01:18:01,771 [pool-62-thread-1] INFO  server.RaftServerConfigKeys (ConfUtils.java:logGet(44)) - raft.server.leaderelection.leader.step-down.wait-time = 10s (default)
2021-10-03 01:18:01,771 [pool-62-thread-1] INFO  server.RaftServerConfigKeys (ConfUtils.java:logGet(44)) - raft.server.sleep.deviation.threshold = 300ms (default)
2021-10-03 01:18:01,771 [pool-62-thread-1] INFO  server.RaftServerConfigKeys (ConfUtils.java:logGet(44)) - raft.server.log.appender.install.snapshot.enabled = false (custom)
2021-10-03 01:18:01,772 [pool-62-thread-1] INFO  server.RaftServer$Division (ServerState.java:<init>(105)) - omNode-2@group-523986131536: ConfigurationManager, init=-1: [omNode-3|rpc:localhost:13844|priority:0, omNode-1|rpc:localhost:13832|priority:0, omNode-2|rpc:localhost:13838|priority:0], old=null, confs=<EMPTY_MAP>
2021-10-03 01:18:01,772 [pool-62-thread-1] INFO  server.RaftServerConfigKeys (ConfUtils.java:logGet(44)) - raft.server.storage.dir = [/home/runner/work/ozone/ozone/hadoop-ozone/integration-test/target/test-dir/MiniOzoneClusterImpl-94b7d1b3-e035-4e16-be06-258bf0b7295d/omNode-2/ratis] (custom)
2021-10-03 01:18:01,772 [pool-62-thread-1] INFO  server.RaftServerConfigKeys (ConfUtils.java:logGet(44)) - raft.server.log.corruption.policy = EXCEPTION (default)
2021-10-03 01:18:01,772 [pool-62-thread-1] INFO  server.RaftServerConfigKeys (ConfUtils.java:logGet(44)) - raft.server.storage.free-space.min = 0MB (=0) (default)
2021-10-03 01:18:01,772 [pool-62-thread-1] INFO  storage.RaftStorageDirectory (RaftStorageDirectoryImpl.java:analyzeStorage(135)) - The storage directory /home/runner/work/ozone/ozone/hadoop-ozone/integration-test/target/test-dir/MiniOzoneClusterImpl-94b7d1b3-e035-4e16-be06-258bf0b7295d/omNode-2/ratis/c9bc4cf4-3bc3-3c60-a66b-523986131536 does not exist. Creating ...
2021-10-03 01:18:01,787 [pool-62-thread-1] INFO  storage.RaftStorageDirectory (RaftStorageDirectoryImpl.java:tryLock(230)) - Lock on /home/runner/work/ozone/ozone/hadoop-ozone/integration-test/target/test-dir/MiniOzoneClusterImpl-94b7d1b3-e035-4e16-be06-258bf0b7295d/omNode-2/ratis/c9bc4cf4-3bc3-3c60-a66b-523986131536/in_use.lock acquired by nodename 8541@fv-az270-324
2021-10-03 01:18:01,789 [pool-62-thread-1] INFO  storage.RaftStorage (RaftStorageImpl.java:format(89)) - Storage directory /home/runner/work/ozone/ozone/hadoop-ozone/integration-test/target/test-dir/MiniOzoneClusterImpl-94b7d1b3-e035-4e16-be06-258bf0b7295d/omNode-2/ratis/c9bc4cf4-3bc3-3c60-a66b-523986131536 has been successfully formatted.
2021-10-03 01:18:01,789 [pool-62-thread-1] INFO  server.RaftServerConfigKeys (ConfUtils.java:logGet(44)) - raft.server.notification.no-leader.timeout = 2s (custom)
2021-10-03 01:18:01,790 [pool-62-thread-1] INFO  server.RaftServerConfigKeys (ConfUtils.java:logGet(44)) - raft.server.log.use.memory = false (default)
2021-10-03 01:18:01,790 [pool-62-thread-1] INFO  server.RaftServerConfigKeys (ConfUtils.java:logGet(44)) - raft.server.log.purge.gap = 50 (custom)
2021-10-03 01:18:01,790 [pool-62-thread-1] INFO  server.RaftServerConfigKeys (ConfUtils.java:logGet(44)) - raft.server.log.appender.buffer.byte-limit = 33554432 (custom)
2021-10-03 01:18:01,790 [pool-62-thread-1] INFO  server.RaftServerConfigKeys (ConfUtils.java:logGet(44)) - raft.server.log.segment.size.max = 4194304 (custom)
2021-10-03 01:18:01,791 [pool-62-thread-1] INFO  server.RaftServerConfigKeys (ConfUtils.java:logGet(44)) - raft.server.log.segment.cache.num.max = 2 (custom)
2021-10-03 01:18:01,791 [pool-62-thread-1] INFO  server.RaftServerConfigKeys (ConfUtils.java:logGet(44)) - raft.server.log.segment.cache.size.max = 200MB (=209715200) (default)
2021-10-03 01:18:01,791 [pool-62-thread-1] INFO  segmented.SegmentedRaftLogWorker (SegmentedRaftLogWorker.java:<init>(182)) - new omNode-2@group-523986131536-SegmentedRaftLogWorker for RaftStorageImpl:Storage Directory /home/runner/work/ozone/ozone/hadoop-ozone/integration-test/target/test-dir/MiniOzoneClusterImpl-94b7d1b3-e035-4e16-be06-258bf0b7295d/omNode-2/ratis/c9bc4cf4-3bc3-3c60-a66b-523986131536
2021-10-03 01:18:01,791 [pool-62-thread-1] INFO  server.RaftServerConfigKeys (ConfUtils.java:logGet(44)) - raft.server.log.queue.byte-limit = 64MB (=67108864) (default)
2021-10-03 01:18:01,791 [pool-62-thread-1] INFO  server.RaftServerConfigKeys (ConfUtils.java:logGet(44)) - raft.server.log.queue.element-limit = 4096 (default)
2021-10-03 01:18:01,792 [pool-62-thread-1] INFO  server.RaftServerConfigKeys (ConfUtils.java:logGet(44)) - raft.server.log.segment.size.max = 4194304 (custom)
2021-10-03 01:18:01,792 [pool-62-thread-1] INFO  server.RaftServerConfigKeys (ConfUtils.java:logGet(44)) - raft.server.log.preallocated.size = 4194304 (custom)
2021-10-03 01:18:01,792 [pool-62-thread-1] INFO  server.RaftServerConfigKeys (ConfUtils.java:logGet(44)) - raft.server.log.force.sync.num = 128 (default)
2021-10-03 01:18:01,792 [pool-62-thread-1] INFO  server.RaftServerConfigKeys (ConfUtils.java:logGet(44)) - raft.server.log.statemachine.data.sync = true (default)
2021-10-03 01:18:01,792 [pool-62-thread-1] INFO  server.RaftServerConfigKeys (ConfUtils.java:logGet(44)) - raft.server.log.statemachine.data.sync.timeout = 10s (default)
2021-10-03 01:18:01,792 [pool-62-thread-1] INFO  server.RaftServerConfigKeys (ConfUtils.java:logGet(44)) - raft.server.log.statemachine.data.sync.timeout.retry = -1 (default)
2021-10-03 01:18:01,793 [pool-62-thread-1] INFO  server.RaftServerConfigKeys (ConfUtils.java:logGet(44)) - raft.server.log.write.buffer.size = 64KB (=65536) (default)
2021-10-03 01:18:01,793 [pool-62-thread-1] INFO  server.RaftServerConfigKeys (ConfUtils.java:logGet(44)) - raft.server.log.statemachine.data.caching.enabled = false (default)
2021-10-03 01:18:01,793 [pool-62-thread-1] INFO  segmented.SegmentedRaftLogWorker (SegmentedRaftLogWorker.java:lambda$new$0(133)) - omNode-2@group-523986131536-SegmentedRaftLogWorker: flushIndex: setUnconditionally 0 -> -1
2021-10-03 01:18:01,793 [pool-62-thread-1] INFO  segmented.SegmentedRaftLogWorker (SegmentedRaftLogWorker.java:lambda$new$0(133)) - omNode-2@group-523986131536-SegmentedRaftLogWorker: safeCacheEvictIndex: setUnconditionally 0 -> -1
2021-10-03 01:18:01,802 [pool-62-thread-1] INFO  server.RaftServerConfigKeys (ConfUtils.java:logGet(44)) - raft.server.snapshot.auto.trigger.enabled = true (custom)
2021-10-03 01:18:01,802 [pool-62-thread-1] INFO  server.RaftServerConfigKeys (ConfUtils.java:logGet(44)) - raft.server.snapshot.auto.trigger.threshold = 50 (custom)
2021-10-03 01:18:01,802 [pool-62-thread-1] INFO  server.RaftServerConfigKeys (ConfUtils.java:logGet(44)) - raft.server.snapshot.retention.file.num = -1 (default)
2021-10-03 01:18:01,802 [pool-62-thread-1] INFO  server.RaftServerConfigKeys (ConfUtils.java:logGet(44)) - raft.server.log.purge.upto.snapshot.index = true (custom)
2021-10-03 01:18:01,803 [pool-62-thread-1] INFO  server.RaftServerConfigKeys (ConfUtils.java:logGet(44)) - raft.server.retrycache.expirytime = 30000ms (custom)
2021-10-03 01:18:01,803 [pool-62-thread-1] INFO  server.RaftServerConfigKeys (ConfUtils.java:logGet(44)) - raft.server.retrycache.statistics.expirytime = 100μs (default)
2021-10-03 01:18:01,827 [Listener at 127.0.0.1/13834] INFO  om.OzoneManager (OzoneManager.java:initFSOLayout(4333)) - Configured ozone.om.metadata.layout=SIMPLE and disabled optimized OM FS operations
2021-10-03 01:18:01,829 [Listener at 127.0.0.1/13834] INFO  impl.MetricsSystemImpl (MetricsSystemImpl.java:init(158)) - OzoneManager metrics system started (again)
2021-10-03 01:18:01,844 [Listener at 127.0.0.1/13834] INFO  om.OzoneManager (OzoneManager.java:start(1281)) - OzoneManager RPC server is listening at localhost/127.0.0.1:13834
2021-10-03 01:18:01,845 [Listener at 127.0.0.1/13834] INFO  ratis.OzoneManagerRatisServer (OzoneManagerRatisServer.java:start(516)) - Starting OzoneManagerRatisServer omNode-2 at port 13838
2021-10-03 01:18:01,845 [Listener at 127.0.0.1/13834] INFO  server.RaftServer$Division (RaftServerImpl.java:start(296)) - omNode-2@group-523986131536: start as a follower, conf=-1: [omNode-3|rpc:localhost:13844|priority:0, omNode-1|rpc:localhost:13832|priority:0, omNode-2|rpc:localhost:13838|priority:0], old=null
2021-10-03 01:18:01,845 [Listener at 127.0.0.1/13834] INFO  server.RaftServer$Division (RaftServerImpl.java:setRole(285)) - omNode-2@group-523986131536: changes role from      null to FOLLOWER at term 0 for startAsFollower
2021-10-03 01:18:01,845 [Listener at 127.0.0.1/13834] INFO  impl.RoleInfo (RoleInfo.java:updateAndGet(130)) - omNode-2: start omNode-2@group-523986131536-FollowerState
2021-10-03 01:18:01,846 [Listener at 127.0.0.1/13834] INFO  util.JmxRegister (JmxRegister.java:tryRegister(44)) - Successfully registered JMX Bean with object name Ratis:service=RaftServer,group=group-523986131536,id=omNode-2
2021-10-03 01:18:01,849 [Listener at 127.0.0.1/13834] INFO  server.RaftServer (RaftServerProxy.java:lambda$start$5(374)) - omNode-2: start RPC server
2021-10-03 01:18:01,851 [Listener at 127.0.0.1/13834] INFO  server.GrpcService (GrpcService.java:startImpl(253)) - omNode-2: GrpcService started, listening on 13838
2021-10-03 01:18:01,851 [Listener at 127.0.0.1/13834] INFO  om.OzoneManager (OzoneManager.java:start(1299)) - Version File has different layout version (0) than OM DB (null). That is expected if this OM has never been finalized to a newer layout version.
2021-10-03 01:18:01,852 [org.apache.ratis.util.JvmPauseMonitor$$Lambda$523/2137356424@1791040d] INFO  util.JvmPauseMonitor (JvmPauseMonitor.java:run(103)) - JvmPauseMonitor-omNode-2: Started
2021-10-03 01:18:01,855 [Listener at 127.0.0.1/13834] INFO  http.BaseHttpServer (BaseHttpServer.java:newHttpServer2BuilderForOzone(209)) - Starting Web-server for ozoneManager at: http://0.0.0.0:13836
2021-10-03 01:18:01,855 [Listener at 127.0.0.1/13834] INFO  http.BaseHttpServer (BaseHttpServer.java:<init>(107)) - Hadoop Security Enabled: false Ozone Security Enabled: false Ozone HTTP Security Enabled: false 
2021-10-03 01:18:01,856 [Listener at 127.0.0.1/13834] INFO  server.AuthenticationFilter (AuthenticationFilter.java:constructSecretProvider(240)) - Unable to initialize FileSignerSecretProvider, falling back to use random secrets.
2021-10-03 01:18:01,857 [Listener at 127.0.0.1/13834] WARN  http.HttpRequestLog (HttpRequestLog.java:getRequestLog(103)) - Jetty request log can only be enabled using Log4j
2021-10-03 01:18:01,858 [Listener at 127.0.0.1/13834] INFO  http.HttpServer2 (HttpServer2.java:addGlobalFilter(1030)) - Added global filter 'safety' (class=org.apache.hadoop.hdds.server.http.HttpServer2$QuotingInputFilter)
2021-10-03 01:18:01,859 [Listener at 127.0.0.1/13834] INFO  http.HttpServer2 (HttpServer2.java:addFilter(1006)) - Added filter static_user_filter (class=org.apache.hadoop.http.lib.StaticUserWebFilter$StaticUserFilter) to context ozoneManager
2021-10-03 01:18:01,860 [Listener at 127.0.0.1/13834] INFO  http.HttpServer2 (HttpServer2.java:addFilter(1014)) - Added filter static_user_filter (class=org.apache.hadoop.http.lib.StaticUserWebFilter$StaticUserFilter) to context static
2021-10-03 01:18:01,860 [Listener at 127.0.0.1/13834] INFO  http.HttpServer2 (HttpServer2.java:addFilter(1014)) - Added filter static_user_filter (class=org.apache.hadoop.http.lib.StaticUserWebFilter$StaticUserFilter) to context logs
2021-10-03 01:18:01,861 [Listener at 127.0.0.1/13834] INFO  http.HttpServer2 (HttpServer2.java:bindListener(1249)) - Jetty bound to port 13836
2021-10-03 01:18:01,861 [Listener at 127.0.0.1/13834] INFO  server.Server (Server.java:doStart(375)) - jetty-9.4.43.v20210629; built: 2021-06-30T11:07:22.254Z; git: 526006ecfa3af7f1a27ef3a288e2bef7ea9dd7e8; jvm 1.8.0_292-b10
2021-10-03 01:18:01,867 [Listener at 127.0.0.1/13834] INFO  server.session (DefaultSessionIdManager.java:doStart(334)) - DefaultSessionIdManager workerName=node0
2021-10-03 01:18:01,867 [Listener at 127.0.0.1/13834] INFO  server.session (DefaultSessionIdManager.java:doStart(339)) - No SessionScavenger set, using defaults
2021-10-03 01:18:01,867 [Listener at 127.0.0.1/13834] INFO  server.session (HouseKeeper.java:startScavenging(132)) - node0 Scavenging every 600000ms
2021-10-03 01:18:01,868 [Listener at 127.0.0.1/13834] INFO  handler.ContextHandler (ContextHandler.java:doStart(915)) - Started o.e.j.s.ServletContextHandler@5a7810e1{logs,/logs,file:///home/runner/work/ozone/ozone/hadoop-ozone/integration-test/target/log,AVAILABLE}
2021-10-03 01:18:01,869 [Listener at 127.0.0.1/13834] INFO  handler.ContextHandler (ContextHandler.java:doStart(915)) - Started o.e.j.s.ServletContextHandler@7c09fdb8{static,/static,file:///home/runner/work/ozone/ozone/hadoop-ozone/integration-test/target/test-classes/webapps/static,AVAILABLE}
2021-10-03 01:18:01,873 [Listener at 127.0.0.1/13834] INFO  handler.ContextHandler (ContextHandler.java:doStart(915)) - Started o.e.j.w.WebAppContext@26838837{ozoneManager,/,file:///home/runner/work/ozone/ozone/hadoop-ozone/integration-test/target/test-classes/webapps/ozoneManager/,AVAILABLE}{file:/home/runner/work/ozone/ozone/hadoop-ozone/integration-test/target/test-classes/webapps/ozoneManager}
2021-10-03 01:18:01,874 [Listener at 127.0.0.1/13834] INFO  server.AbstractConnector (AbstractConnector.java:doStart(331)) - Started ServerConnector@5e3c8272{HTTP/1.1, (http/1.1)}{0.0.0.0:13836}
2021-10-03 01:18:01,875 [Listener at 127.0.0.1/13834] INFO  server.Server (Server.java:doStart(415)) - Started @7242ms
2021-10-03 01:18:01,875 [Listener at 127.0.0.1/13834] WARN  impl.MetricsSystemImpl (MetricsSystemImpl.java:register(279)) - Sink prometheus already exists!
2021-10-03 01:18:01,876 [Listener at 127.0.0.1/13834] INFO  http.BaseHttpServer (BaseHttpServer.java:updateConnectorAddress(329)) - HTTP server of ozoneManager listening at http://0.0.0.0:13836
2021-10-03 01:18:01,876 [IPC Server Responder] INFO  ipc.Server (Server.java:run(1507)) - IPC Server Responder: starting
2021-10-03 01:18:01,876 [IPC Server listener on 13834] INFO  ipc.Server (Server.java:run(1344)) - IPC Server listener on 13834: starting
2021-10-03 01:18:01,880 [Listener at 127.0.0.1/13834] INFO  om.OzoneManager (OzoneManager.java:startTrashEmptier(1543)) - Trash Interval set to 0. Files deleted will not move to trash
2021-10-03 01:18:01,881 [Listener at 127.0.0.1/13834] INFO  ozone.MiniOzoneHAClusterImpl (MiniOzoneHAClusterImpl.java:createOMService(485)) - Started OzoneManager omNode-2 RPC server at localhost/127.0.0.1:13834
2021-10-03 01:18:01,881 [Listener at 127.0.0.1/13834] INFO  ha.OMHANodeDetails (OMHANodeDetails.java:loadOMHAConfig(118)) - ServiceID for OzoneManager is om-service-test1
2021-10-03 01:18:01,882 [Listener at 127.0.0.1/13834] INFO  ha.OMHANodeDetails (OMHANodeDetails.java:loadOMHAConfig(194)) - Found matching OM address with OMServiceId: om-service-test1, OMNodeId: omNode-3, RPC Address: localhost:13840 and Ratis port: 13844
2021-10-03 01:18:01,882 [Listener at 127.0.0.1/13834] INFO  ha.OMHANodeDetails (ConfUtils.java:setNodeSpecificConfigs(108)) - Setting configuration key ozone.om.http-address with value of key ozone.om.http-address.om-service-test1.omNode-3: 127.0.0.1:13842
2021-10-03 01:18:01,882 [Listener at 127.0.0.1/13834] INFO  ha.OMHANodeDetails (ConfUtils.java:setNodeSpecificConfigs(108)) - Setting configuration key ozone.om.https-address with value of key ozone.om.https-address.om-service-test1.omNode-3: 127.0.0.1:13843
2021-10-03 01:18:01,882 [Listener at 127.0.0.1/13834] INFO  ha.OMHANodeDetails (ConfUtils.java:setNodeSpecificConfigs(108)) - Setting configuration key ozone.om.address with value of key ozone.om.address.om-service-test1.omNode-3: 127.0.0.1:13840
2021-10-03 01:18:01,883 [Listener at 127.0.0.1/13834] WARN  server.ServerUtils (ServerUtils.java:getDBPath(225)) - ozone.om.db.dirs is not configured. We recommend adding this setting. Falling back to ozone.metadata.dirs instead.
2021-10-03 01:18:01,885 [org.apache.hadoop.util.JvmPauseMonitor$Monitor@4140f94c] INFO  util.JvmPauseMonitor (JvmPauseMonitor.java:run(188)) - Starting JVM pause monitor
OM initialization succeeded.Current cluster id for sd=/home/runner/work/ozone/ozone/hadoop-ozone/integration-test/target/test-dir/MiniOzoneClusterImpl-94b7d1b3-e035-4e16-be06-258bf0b7295d/omNode-3/om;cid=94b7d1b3-e035-4e16-be06-258bf0b7295d;layoutVersion=0
2021-10-03 01:18:01,890 [Listener at 127.0.0.1/13834] INFO  ha.OMHANodeDetails (OMHANodeDetails.java:loadOMHAConfig(118)) - ServiceID for OzoneManager is om-service-test1
2021-10-03 01:18:01,890 [Listener at 127.0.0.1/13834] INFO  ha.OMHANodeDetails (OMHANodeDetails.java:loadOMHAConfig(194)) - Found matching OM address with OMServiceId: om-service-test1, OMNodeId: omNode-3, RPC Address: localhost:13840 and Ratis port: 13844
2021-10-03 01:18:01,890 [Listener at 127.0.0.1/13834] INFO  ha.OMHANodeDetails (ConfUtils.java:setNodeSpecificConfigs(108)) - Setting configuration key ozone.om.http-address with value of key ozone.om.http-address.om-service-test1.omNode-3: 127.0.0.1:13842
2021-10-03 01:18:01,891 [Listener at 127.0.0.1/13834] INFO  ha.OMHANodeDetails (ConfUtils.java:setNodeSpecificConfigs(108)) - Setting configuration key ozone.om.https-address with value of key ozone.om.https-address.om-service-test1.omNode-3: 127.0.0.1:13843
2021-10-03 01:18:01,891 [Listener at 127.0.0.1/13834] INFO  ha.OMHANodeDetails (ConfUtils.java:setNodeSpecificConfigs(108)) - Setting configuration key ozone.om.address with value of key ozone.om.address.om-service-test1.omNode-3: 127.0.0.1:13840
2021-10-03 01:18:01,891 [Listener at 127.0.0.1/13834] WARN  server.ServerUtils (ServerUtils.java:getDBPath(225)) - ozone.om.db.dirs is not configured. We recommend adding this setting. Falling back to ozone.metadata.dirs instead.
2021-10-03 01:18:01,891 [Listener at 127.0.0.1/13834] INFO  upgrade.AbstractLayoutVersionManager (AbstractLayoutVersionManager.java:init(79)) - Initializing Layout version manager with metadata layout = INITIAL_VERSION (version = 0), software layout = INITIAL_VERSION (version = 0)
2021-10-03 01:18:01,949 [Listener at 127.0.0.1/13834] INFO  reflections.Reflections (Reflections.java:scan(232)) - Reflections took 57 ms to scan 2 urls, producing 131 keys and 342 values [using 2 cores]
2021-10-03 01:18:01,950 [Listener at 127.0.0.1/13834] INFO  upgrade.OMLayoutVersionManager (OMLayoutVersionManager.java:lambda$0(115)) - Skipping Upgrade Action MockOmUpgradeAction since it has been finalized.
2021-10-03 01:18:01,951 [Listener at 127.0.0.1/13834] WARN  server.ServerUtils (ServerUtils.java:getDBPath(225)) - ozone.om.db.dirs is not configured. We recommend adding this setting. Falling back to ozone.metadata.dirs instead.
2021-10-03 01:18:01,962 [Listener at 127.0.0.1/13834] WARN  server.ServerUtils (ServerUtils.java:getDBPath(225)) - ozone.om.db.dirs is not configured. We recommend adding this setting. Falling back to ozone.metadata.dirs instead.
2021-10-03 01:18:01,963 [Listener at 127.0.0.1/13834] INFO  codec.OmKeyInfoCodec (OmKeyInfoCodec.java:<init>(51)) - OmKeyInfoCodec ignorePipeline = true
2021-10-03 01:18:01,963 [Listener at 127.0.0.1/13834] INFO  codec.RepeatedOmKeyInfoCodec (RepeatedOmKeyInfoCodec.java:<init>(42)) - RepeatedOmKeyInfoCodec ignorePipeline = true
2021-10-03 01:18:02,104 [Listener at 127.0.0.1/13834] INFO  om.OzoneManager (OzoneManager.java:addS3GVolumeToDB(4127)) - Created Volume s3v With Owner runner required for S3Gateway operations.
2021-10-03 01:18:02,105 [Listener at 127.0.0.1/13834] WARN  server.ServerUtils (ServerUtils.java:getDefaultRatisDirectory(237)) - Storage directory for Ratis is not configured. It is a good idea to map this to an SSD disk. Falling back to ozone.metadata.dirs
2021-10-03 01:18:02,105 [Listener at 127.0.0.1/13834] WARN  utils.OzoneManagerRatisUtils (OzoneManagerRatisUtils.java:getOMRatisSnapshotDirectory(435)) - ozone.om.ratis.snapshot.dir is not configured. Falling back to ozone.metadata.dirs config
2021-10-03 01:18:02,105 [Listener at 127.0.0.1/13834] INFO  snapshot.OzoneManagerSnapshotProvider (OzoneManagerSnapshotProvider.java:<init>(76)) - Initializing OM Snapshot Provider
2021-10-03 01:18:02,106 [Listener at 127.0.0.1/13834] WARN  impl.MetricRegistriesImpl (MetricRegistriesImpl.java:addReporterRegistration(111)) - New reporters are added after registries were created. Some metrics will be missing from the reporter. Please add reporter before adding any new registry.
2021-10-03 01:18:02,107 [Listener at 127.0.0.1/13834] WARN  impl.MetricRegistriesImpl (MetricRegistriesImpl.java:addReporterRegistration(111)) - New reporters are added after registries were created. Some metrics will be missing from the reporter. Please add reporter before adding any new registry.
2021-10-03 01:18:02,107 [Listener at 127.0.0.1/13834] WARN  server.ServerUtils (ServerUtils.java:getDefaultRatisDirectory(237)) - Storage directory for Ratis is not configured. It is a good idea to map this to an SSD disk. Falling back to ozone.metadata.dirs
2021-10-03 01:18:02,108 [Listener at 127.0.0.1/13834] INFO  ratis.OzoneManagerRatisServer (OzoneManagerRatisServer.java:<init>(158)) - Instantiating OM Ratis server with groupID: om-service-test1 and peers: localhost:13844, localhost:13832, localhost:13838
2021-10-03 01:18:02,109 [Listener at 127.0.0.1/13834] INFO  ratis.OzoneManagerStateMachine (OzoneManagerStateMachine.java:loadSnapshotInfoFromDB(605)) - LastAppliedIndex is set from TransactionInfo from OM DB as (t:0, i:~)
2021-10-03 01:18:02,109 [Listener at 127.0.0.1/13834] INFO  server.RaftServer (ConfUtils.java:logGet(44)) - raft.rpc.type = GRPC (default)
2021-10-03 01:18:02,109 [Listener at 127.0.0.1/13834] INFO  grpc.GrpcFactory (GrpcFactory.java:checkPooledByteBufAllocatorUseCacheForAllThreads(48)) - PERFORMANCE WARNING: useCacheForAllThreads is true that may cause Netty to create a lot garbage objects and, as a result, trigger GC.
	It is recommended to disable useCacheForAllThreads by setting -Dorg.apache.ratis.thirdparty.io.netty.allocator.useCacheForAllThreads=false in command line.
2021-10-03 01:18:02,109 [Listener at 127.0.0.1/13834] INFO  grpc.GrpcConfigKeys (ConfUtils.java:logGet(44)) - raft.grpc.admin.port = -1 (default)
2021-10-03 01:18:02,110 [Listener at 127.0.0.1/13834] INFO  grpc.GrpcConfigKeys (ConfUtils.java:logGet(44)) - raft.grpc.server.port = 13844 (custom)
2021-10-03 01:18:02,110 [Listener at 127.0.0.1/13834] INFO  grpc.GrpcConfigKeys (ConfUtils.java:logGet(44)) - raft.grpc.client.port = -1 (default)
2021-10-03 01:18:02,110 [Listener at 127.0.0.1/13834] INFO  grpc.GrpcConfigKeys (ConfUtils.java:logGet(44)) - raft.grpc.server.port = 13844 (custom)
2021-10-03 01:18:02,110 [Listener at 127.0.0.1/13834] INFO  grpc.GrpcConfigKeys (ConfUtils.java:logGet(44)) - raft.grpc.server.port = 13844 (custom)
2021-10-03 01:18:02,110 [Listener at 127.0.0.1/13834] INFO  server.GrpcService (ConfUtils.java:logGet(44)) - raft.grpc.message.size.max = 33554432 (custom)
2021-10-03 01:18:02,110 [Listener at 127.0.0.1/13834] INFO  server.RaftServerConfigKeys (ConfUtils.java:logGet(44)) - raft.server.log.appender.buffer.byte-limit = 33554432 (custom)
2021-10-03 01:18:02,110 [Listener at 127.0.0.1/13834] INFO  server.GrpcService (ConfUtils.java:logGet(44)) - raft.grpc.flow.control.window = 1MB (=1048576) (default)
2021-10-03 01:18:02,110 [Listener at 127.0.0.1/13834] INFO  server.RaftServerConfigKeys (ConfUtils.java:logGet(44)) - raft.server.rpc.request.timeout = 3000ms (default)
2021-10-03 01:18:02,112 [Listener at 127.0.0.1/13834] INFO  impl.DataStreamServerImpl (ConfUtils.java:logGet(44)) - raft.datastream.type = DISABLED (default)
2021-10-03 01:18:02,112 [Listener at 127.0.0.1/13834] INFO  server.RaftServerConfigKeys (ConfUtils.java:logGet(44)) - raft.server.rpc.slowness.timeout = 2s (custom)
2021-10-03 01:18:02,112 [Listener at 127.0.0.1/13834] INFO  server.RaftServerConfigKeys (ConfUtils.java:logGet(44)) - raft.server.leaderelection.leader.step-down.wait-time = 10s (default)
2021-10-03 01:18:02,112 [Listener at 127.0.0.1/13834] INFO  server.RaftServerConfigKeys (ConfUtils.java:logGet(44)) - raft.server.storage.dir = [/home/runner/work/ozone/ozone/hadoop-ozone/integration-test/target/test-dir/MiniOzoneClusterImpl-94b7d1b3-e035-4e16-be06-258bf0b7295d/omNode-3/ratis] (custom)
2021-10-03 01:18:02,113 [Listener at 127.0.0.1/13834] INFO  server.RaftServer (RaftServerProxy.java:addNew(95)) - omNode-3: addNew group-523986131536:[omNode-3|rpc:localhost:13844|priority:0, omNode-1|rpc:localhost:13832|priority:0, omNode-2|rpc:localhost:13838|priority:0] returns group-523986131536:java.util.concurrent.CompletableFuture@235babaf[Not completed]
2021-10-03 01:18:02,113 [Listener at 127.0.0.1/13834] INFO  om.OzoneManager (OzoneManager.java:initializeRatisServer(1585)) - OzoneManager Ratis server initialized at port 13844
2021-10-03 01:18:02,113 [pool-83-thread-1] INFO  server.RaftServer$Division (RaftServerImpl.java:<init>(181)) - omNode-3: new RaftServerImpl for group-523986131536:[omNode-3|rpc:localhost:13844|priority:0, omNode-1|rpc:localhost:13832|priority:0, omNode-2|rpc:localhost:13838|priority:0] with OzoneManagerStateMachine:uninitialized
2021-10-03 01:18:02,122 [pool-83-thread-1] INFO  server.RaftServerConfigKeys (ConfUtils.java:logGet(44)) - raft.server.rpc.timeout.min = 1s (custom)
2021-10-03 01:18:02,123 [pool-83-thread-1] INFO  server.RaftServerConfigKeys (ConfUtils.java:logGet(44)) - raft.server.rpc.timeout.max = 1200ms (custom)
2021-10-03 01:18:02,123 [pool-83-thread-1] INFO  server.RaftServerConfigKeys (ConfUtils.java:logGet(44)) - raft.server.rpc.sleep.time = 25ms (default)
2021-10-03 01:18:02,124 [pool-83-thread-1] INFO  server.RaftServerConfigKeys (ConfUtils.java:logGet(44)) - raft.server.rpc.slowness.timeout = 2s (custom)
2021-10-03 01:18:02,124 [pool-83-thread-1] INFO  server.RaftServerConfigKeys (ConfUtils.java:logGet(44)) - raft.server.leaderelection.leader.step-down.wait-time = 10s (default)
2021-10-03 01:18:02,125 [pool-83-thread-1] INFO  server.RaftServerConfigKeys (ConfUtils.java:logGet(44)) - raft.server.sleep.deviation.threshold = 300ms (default)
2021-10-03 01:18:02,125 [pool-83-thread-1] INFO  server.RaftServerConfigKeys (ConfUtils.java:logGet(44)) - raft.server.log.appender.install.snapshot.enabled = false (custom)
2021-10-03 01:18:02,125 [pool-83-thread-1] INFO  server.RaftServer$Division (ServerState.java:<init>(105)) - omNode-3@group-523986131536: ConfigurationManager, init=-1: [omNode-3|rpc:localhost:13844|priority:0, omNode-1|rpc:localhost:13832|priority:0, omNode-2|rpc:localhost:13838|priority:0], old=null, confs=<EMPTY_MAP>
2021-10-03 01:18:02,133 [pool-83-thread-1] INFO  server.RaftServerConfigKeys (ConfUtils.java:logGet(44)) - raft.server.storage.dir = [/home/runner/work/ozone/ozone/hadoop-ozone/integration-test/target/test-dir/MiniOzoneClusterImpl-94b7d1b3-e035-4e16-be06-258bf0b7295d/omNode-3/ratis] (custom)
2021-10-03 01:18:02,127 [Listener at 127.0.0.1/13834] INFO  ipc.CallQueueManager (CallQueueManager.java:<init>(90)) - Using callQueue: class java.util.concurrent.LinkedBlockingQueue, queueCapacity: 2000, scheduler: class org.apache.hadoop.ipc.DefaultRpcScheduler, ipcBackoff: false.
2021-10-03 01:18:02,133 [pool-83-thread-1] INFO  server.RaftServerConfigKeys (ConfUtils.java:logGet(44)) - raft.server.log.corruption.policy = EXCEPTION (default)
2021-10-03 01:18:02,133 [pool-83-thread-1] INFO  server.RaftServerConfigKeys (ConfUtils.java:logGet(44)) - raft.server.storage.free-space.min = 0MB (=0) (default)
2021-10-03 01:18:02,133 [pool-83-thread-1] INFO  storage.RaftStorageDirectory (RaftStorageDirectoryImpl.java:analyzeStorage(135)) - The storage directory /home/runner/work/ozone/ozone/hadoop-ozone/integration-test/target/test-dir/MiniOzoneClusterImpl-94b7d1b3-e035-4e16-be06-258bf0b7295d/omNode-3/ratis/c9bc4cf4-3bc3-3c60-a66b-523986131536 does not exist. Creating ...
2021-10-03 01:18:02,134 [Socket Reader #1 for port 13840] INFO  ipc.Server (Server.java:run(1265)) - Starting Socket Reader #1 for port 13840
2021-10-03 01:18:02,138 [pool-83-thread-1] INFO  storage.RaftStorageDirectory (RaftStorageDirectoryImpl.java:tryLock(230)) - Lock on /home/runner/work/ozone/ozone/hadoop-ozone/integration-test/target/test-dir/MiniOzoneClusterImpl-94b7d1b3-e035-4e16-be06-258bf0b7295d/omNode-3/ratis/c9bc4cf4-3bc3-3c60-a66b-523986131536/in_use.lock acquired by nodename 8541@fv-az270-324
2021-10-03 01:18:02,159 [pool-83-thread-1] INFO  storage.RaftStorage (RaftStorageImpl.java:format(89)) - Storage directory /home/runner/work/ozone/ozone/hadoop-ozone/integration-test/target/test-dir/MiniOzoneClusterImpl-94b7d1b3-e035-4e16-be06-258bf0b7295d/omNode-3/ratis/c9bc4cf4-3bc3-3c60-a66b-523986131536 has been successfully formatted.
2021-10-03 01:18:02,160 [pool-83-thread-1] INFO  server.RaftServerConfigKeys (ConfUtils.java:logGet(44)) - raft.server.notification.no-leader.timeout = 2s (custom)
2021-10-03 01:18:02,160 [pool-83-thread-1] INFO  server.RaftServerConfigKeys (ConfUtils.java:logGet(44)) - raft.server.log.use.memory = false (default)
2021-10-03 01:18:02,162 [pool-83-thread-1] INFO  server.RaftServerConfigKeys (ConfUtils.java:logGet(44)) - raft.server.log.purge.gap = 50 (custom)
2021-10-03 01:18:02,162 [pool-83-thread-1] INFO  server.RaftServerConfigKeys (ConfUtils.java:logGet(44)) - raft.server.log.appender.buffer.byte-limit = 33554432 (custom)
2021-10-03 01:18:02,163 [pool-83-thread-1] INFO  server.RaftServerConfigKeys (ConfUtils.java:logGet(44)) - raft.server.log.segment.size.max = 4194304 (custom)
2021-10-03 01:18:02,163 [pool-83-thread-1] INFO  server.RaftServerConfigKeys (ConfUtils.java:logGet(44)) - raft.server.log.segment.cache.num.max = 2 (custom)
2021-10-03 01:18:02,163 [pool-83-thread-1] INFO  server.RaftServerConfigKeys (ConfUtils.java:logGet(44)) - raft.server.log.segment.cache.size.max = 200MB (=209715200) (default)
2021-10-03 01:18:02,164 [pool-83-thread-1] INFO  segmented.SegmentedRaftLogWorker (SegmentedRaftLogWorker.java:<init>(182)) - new omNode-3@group-523986131536-SegmentedRaftLogWorker for RaftStorageImpl:Storage Directory /home/runner/work/ozone/ozone/hadoop-ozone/integration-test/target/test-dir/MiniOzoneClusterImpl-94b7d1b3-e035-4e16-be06-258bf0b7295d/omNode-3/ratis/c9bc4cf4-3bc3-3c60-a66b-523986131536
2021-10-03 01:18:02,164 [pool-83-thread-1] INFO  server.RaftServerConfigKeys (ConfUtils.java:logGet(44)) - raft.server.log.queue.byte-limit = 64MB (=67108864) (default)
2021-10-03 01:18:02,164 [pool-83-thread-1] INFO  server.RaftServerConfigKeys (ConfUtils.java:logGet(44)) - raft.server.log.queue.element-limit = 4096 (default)
2021-10-03 01:18:02,164 [pool-83-thread-1] INFO  server.RaftServerConfigKeys (ConfUtils.java:logGet(44)) - raft.server.log.segment.size.max = 4194304 (custom)
2021-10-03 01:18:02,165 [pool-83-thread-1] INFO  server.RaftServerConfigKeys (ConfUtils.java:logGet(44)) - raft.server.log.preallocated.size = 4194304 (custom)
2021-10-03 01:18:02,166 [pool-83-thread-1] INFO  server.RaftServerConfigKeys (ConfUtils.java:logGet(44)) - raft.server.log.force.sync.num = 128 (default)
2021-10-03 01:18:02,166 [pool-83-thread-1] INFO  server.RaftServerConfigKeys (ConfUtils.java:logGet(44)) - raft.server.log.statemachine.data.sync = true (default)
2021-10-03 01:18:02,166 [pool-83-thread-1] INFO  server.RaftServerConfigKeys (ConfUtils.java:logGet(44)) - raft.server.log.statemachine.data.sync.timeout = 10s (default)
2021-10-03 01:18:02,166 [pool-83-thread-1] INFO  server.RaftServerConfigKeys (ConfUtils.java:logGet(44)) - raft.server.log.statemachine.data.sync.timeout.retry = -1 (default)
2021-10-03 01:18:02,167 [pool-83-thread-1] INFO  server.RaftServerConfigKeys (ConfUtils.java:logGet(44)) - raft.server.log.write.buffer.size = 64KB (=65536) (default)
2021-10-03 01:18:02,168 [pool-83-thread-1] INFO  server.RaftServerConfigKeys (ConfUtils.java:logGet(44)) - raft.server.log.statemachine.data.caching.enabled = false (default)
2021-10-03 01:18:02,168 [pool-83-thread-1] INFO  segmented.SegmentedRaftLogWorker (SegmentedRaftLogWorker.java:lambda$new$0(133)) - omNode-3@group-523986131536-SegmentedRaftLogWorker: flushIndex: setUnconditionally 0 -> -1
2021-10-03 01:18:02,168 [pool-83-thread-1] INFO  segmented.SegmentedRaftLogWorker (SegmentedRaftLogWorker.java:lambda$new$0(133)) - omNode-3@group-523986131536-SegmentedRaftLogWorker: safeCacheEvictIndex: setUnconditionally 0 -> -1
2021-10-03 01:18:02,169 [pool-83-thread-1] INFO  server.RaftServerConfigKeys (ConfUtils.java:logGet(44)) - raft.server.snapshot.auto.trigger.enabled = true (custom)
2021-10-03 01:18:02,169 [pool-83-thread-1] INFO  server.RaftServerConfigKeys (ConfUtils.java:logGet(44)) - raft.server.snapshot.auto.trigger.threshold = 50 (custom)
2021-10-03 01:18:02,169 [pool-83-thread-1] INFO  server.RaftServerConfigKeys (ConfUtils.java:logGet(44)) - raft.server.snapshot.retention.file.num = -1 (default)
2021-10-03 01:18:02,170 [pool-83-thread-1] INFO  server.RaftServerConfigKeys (ConfUtils.java:logGet(44)) - raft.server.log.purge.upto.snapshot.index = true (custom)
2021-10-03 01:18:02,170 [pool-83-thread-1] INFO  server.RaftServerConfigKeys (ConfUtils.java:logGet(44)) - raft.server.retrycache.expirytime = 30000ms (custom)
2021-10-03 01:18:02,170 [pool-83-thread-1] INFO  server.RaftServerConfigKeys (ConfUtils.java:logGet(44)) - raft.server.retrycache.statistics.expirytime = 100μs (default)
2021-10-03 01:18:02,186 [Listener at 127.0.0.1/13840] INFO  om.OzoneManager (OzoneManager.java:initFSOLayout(4333)) - Configured ozone.om.metadata.layout=SIMPLE and disabled optimized OM FS operations
2021-10-03 01:18:02,188 [Listener at 127.0.0.1/13840] INFO  impl.MetricsSystemImpl (MetricsSystemImpl.java:init(158)) - OzoneManager metrics system started (again)
2021-10-03 01:18:02,204 [Listener at 127.0.0.1/13840] INFO  om.OzoneManager (OzoneManager.java:start(1281)) - OzoneManager RPC server is listening at localhost/127.0.0.1:13840
2021-10-03 01:18:02,204 [Listener at 127.0.0.1/13840] INFO  ratis.OzoneManagerRatisServer (OzoneManagerRatisServer.java:start(516)) - Starting OzoneManagerRatisServer omNode-3 at port 13844
2021-10-03 01:18:02,204 [Listener at 127.0.0.1/13840] INFO  server.RaftServer$Division (RaftServerImpl.java:start(296)) - omNode-3@group-523986131536: start as a follower, conf=-1: [omNode-3|rpc:localhost:13844|priority:0, omNode-1|rpc:localhost:13832|priority:0, omNode-2|rpc:localhost:13838|priority:0], old=null
2021-10-03 01:18:02,205 [Listener at 127.0.0.1/13840] INFO  server.RaftServer$Division (RaftServerImpl.java:setRole(285)) - omNode-3@group-523986131536: changes role from      null to FOLLOWER at term 0 for startAsFollower
2021-10-03 01:18:02,205 [Listener at 127.0.0.1/13840] INFO  impl.RoleInfo (RoleInfo.java:updateAndGet(130)) - omNode-3: start omNode-3@group-523986131536-FollowerState
2021-10-03 01:18:02,205 [Listener at 127.0.0.1/13840] INFO  util.JmxRegister (JmxRegister.java:tryRegister(44)) - Successfully registered JMX Bean with object name Ratis:service=RaftServer,group=group-523986131536,id=omNode-3
2021-10-03 01:18:02,208 [Listener at 127.0.0.1/13840] INFO  server.RaftServer (RaftServerProxy.java:lambda$start$5(374)) - omNode-3: start RPC server
2021-10-03 01:18:02,209 [Listener at 127.0.0.1/13840] INFO  server.GrpcService (GrpcService.java:startImpl(253)) - omNode-3: GrpcService started, listening on 13844
2021-10-03 01:18:02,209 [Listener at 127.0.0.1/13840] INFO  om.OzoneManager (OzoneManager.java:start(1299)) - Version File has different layout version (0) than OM DB (null). That is expected if this OM has never been finalized to a newer layout version.
2021-10-03 01:18:02,210 [org.apache.ratis.util.JvmPauseMonitor$$Lambda$523/2137356424@37533190] INFO  util.JvmPauseMonitor (JvmPauseMonitor.java:run(103)) - JvmPauseMonitor-omNode-3: Started
2021-10-03 01:18:02,213 [Listener at 127.0.0.1/13840] INFO  http.BaseHttpServer (BaseHttpServer.java:newHttpServer2BuilderForOzone(209)) - Starting Web-server for ozoneManager at: http://0.0.0.0:13842
2021-10-03 01:18:02,213 [Listener at 127.0.0.1/13840] INFO  http.BaseHttpServer (BaseHttpServer.java:<init>(107)) - Hadoop Security Enabled: false Ozone Security Enabled: false Ozone HTTP Security Enabled: false 
2021-10-03 01:18:02,214 [Listener at 127.0.0.1/13840] INFO  server.AuthenticationFilter (AuthenticationFilter.java:constructSecretProvider(240)) - Unable to initialize FileSignerSecretProvider, falling back to use random secrets.
2021-10-03 01:18:02,215 [Listener at 127.0.0.1/13840] WARN  http.HttpRequestLog (HttpRequestLog.java:getRequestLog(103)) - Jetty request log can only be enabled using Log4j
2021-10-03 01:18:02,216 [Listener at 127.0.0.1/13840] INFO  http.HttpServer2 (HttpServer2.java:addGlobalFilter(1030)) - Added global filter 'safety' (class=org.apache.hadoop.hdds.server.http.HttpServer2$QuotingInputFilter)
2021-10-03 01:18:02,217 [Listener at 127.0.0.1/13840] INFO  http.HttpServer2 (HttpServer2.java:addFilter(1006)) - Added filter static_user_filter (class=org.apache.hadoop.http.lib.StaticUserWebFilter$StaticUserFilter) to context ozoneManager
2021-10-03 01:18:02,217 [Listener at 127.0.0.1/13840] INFO  http.HttpServer2 (HttpServer2.java:addFilter(1014)) - Added filter static_user_filter (class=org.apache.hadoop.http.lib.StaticUserWebFilter$StaticUserFilter) to context static
2021-10-03 01:18:02,217 [Listener at 127.0.0.1/13840] INFO  http.HttpServer2 (HttpServer2.java:addFilter(1014)) - Added filter static_user_filter (class=org.apache.hadoop.http.lib.StaticUserWebFilter$StaticUserFilter) to context logs
2021-10-03 01:18:02,218 [Listener at 127.0.0.1/13840] INFO  http.HttpServer2 (HttpServer2.java:bindListener(1249)) - Jetty bound to port 13842
2021-10-03 01:18:02,218 [Listener at 127.0.0.1/13840] INFO  server.Server (Server.java:doStart(375)) - jetty-9.4.43.v20210629; built: 2021-06-30T11:07:22.254Z; git: 526006ecfa3af7f1a27ef3a288e2bef7ea9dd7e8; jvm 1.8.0_292-b10
2021-10-03 01:18:02,221 [Listener at 127.0.0.1/13840] INFO  server.session (DefaultSessionIdManager.java:doStart(334)) - DefaultSessionIdManager workerName=node0
2021-10-03 01:18:02,221 [Listener at 127.0.0.1/13840] INFO  server.session (DefaultSessionIdManager.java:doStart(339)) - No SessionScavenger set, using defaults
2021-10-03 01:18:02,221 [Listener at 127.0.0.1/13840] INFO  server.session (HouseKeeper.java:startScavenging(132)) - node0 Scavenging every 600000ms
2021-10-03 01:18:02,222 [Listener at 127.0.0.1/13840] INFO  handler.ContextHandler (ContextHandler.java:doStart(915)) - Started o.e.j.s.ServletContextHandler@78d0baeb{logs,/logs,file:///home/runner/work/ozone/ozone/hadoop-ozone/integration-test/target/log,AVAILABLE}
2021-10-03 01:18:02,223 [Listener at 127.0.0.1/13840] INFO  handler.ContextHandler (ContextHandler.java:doStart(915)) - Started o.e.j.s.ServletContextHandler@5944fbf0{static,/static,file:///home/runner/work/ozone/ozone/hadoop-ozone/integration-test/target/test-classes/webapps/static,AVAILABLE}
2021-10-03 01:18:02,228 [Listener at 127.0.0.1/13840] INFO  handler.ContextHandler (ContextHandler.java:doStart(915)) - Started o.e.j.w.WebAppContext@4a716a73{ozoneManager,/,file:///home/runner/work/ozone/ozone/hadoop-ozone/integration-test/target/test-classes/webapps/ozoneManager/,AVAILABLE}{file:/home/runner/work/ozone/ozone/hadoop-ozone/integration-test/target/test-classes/webapps/ozoneManager}
2021-10-03 01:18:02,230 [Listener at 127.0.0.1/13840] INFO  server.AbstractConnector (AbstractConnector.java:doStart(331)) - Started ServerConnector@3dbdc1f6{HTTP/1.1, (http/1.1)}{0.0.0.0:13842}
2021-10-03 01:18:02,230 [Listener at 127.0.0.1/13840] INFO  server.Server (Server.java:doStart(415)) - Started @7598ms
2021-10-03 01:18:02,230 [Listener at 127.0.0.1/13840] WARN  impl.MetricsSystemImpl (MetricsSystemImpl.java:register(279)) - Sink prometheus already exists!
2021-10-03 01:18:02,231 [Listener at 127.0.0.1/13840] INFO  http.BaseHttpServer (BaseHttpServer.java:updateConnectorAddress(329)) - HTTP server of ozoneManager listening at http://0.0.0.0:13842
2021-10-03 01:18:02,231 [IPC Server Responder] INFO  ipc.Server (Server.java:run(1507)) - IPC Server Responder: starting
2021-10-03 01:18:02,234 [IPC Server listener on 13840] INFO  ipc.Server (Server.java:run(1344)) - IPC Server listener on 13840: starting
2021-10-03 01:18:02,274 [Listener at 127.0.0.1/13840] INFO  om.OzoneManager (OzoneManager.java:startTrashEmptier(1543)) - Trash Interval set to 0. Files deleted will not move to trash
2021-10-03 01:18:02,277 [Listener at 127.0.0.1/13840] INFO  ozone.MiniOzoneHAClusterImpl (MiniOzoneHAClusterImpl.java:createOMService(485)) - Started OzoneManager omNode-3 RPC server at localhost/127.0.0.1:13840
2021-10-03 01:18:02,278 [org.apache.hadoop.util.JvmPauseMonitor$Monitor@70a416c] INFO  util.JvmPauseMonitor (JvmPauseMonitor.java:run(188)) - Starting JVM pause monitor
2021-10-03 01:18:02,393 [omNode-1@group-523986131536-FollowerState] INFO  impl.FollowerState (FollowerState.java:run(134)) - omNode-1@group-523986131536-FollowerState: change to CANDIDATE, lastRpcElapsedTime:1024219345ns, electionTimeout:1015ms
2021-10-03 01:18:02,394 [omNode-1@group-523986131536-FollowerState] INFO  impl.RoleInfo (RoleInfo.java:shutdownFollowerState(108)) - omNode-1: shutdown omNode-1@group-523986131536-FollowerState
2021-10-03 01:18:02,395 [omNode-1@group-523986131536-FollowerState] INFO  server.RaftServer$Division (RaftServerImpl.java:setRole(285)) - omNode-1@group-523986131536: changes role from  FOLLOWER to CANDIDATE at term 0 for changeToCandidate
2021-10-03 01:18:02,398 [omNode-1@group-523986131536-FollowerState] INFO  server.RaftServerConfigKeys (ConfUtils.java:logGet(44)) - raft.server.leaderelection.pre-vote = false (custom)
2021-10-03 01:18:02,399 [omNode-1@group-523986131536-FollowerState] INFO  impl.RoleInfo (RoleInfo.java:updateAndGet(130)) - omNode-1: start omNode-1@group-523986131536-LeaderElection1
2021-10-03 01:18:02,416 [omNode-1@group-523986131536-LeaderElection1] INFO  impl.LeaderElection (LeaderElection.java:askForVotes(306)) - omNode-1@group-523986131536-LeaderElection1 ELECTION round 0: submit vote requests at term 1 for -1: [omNode-3|rpc:localhost:13844|priority:0, omNode-1|rpc:localhost:13832|priority:0, omNode-2|rpc:localhost:13838|priority:0], old=null
2021-10-03 01:18:02,527 [Listener at 127.0.0.1/13840] WARN  impl.MetricRegistriesImpl (MetricRegistriesImpl.java:addReporterRegistration(111)) - New reporters are added after registries were created. Some metrics will be missing from the reporter. Please add reporter before adding any new registry.
2021-10-03 01:18:02,528 [Listener at 127.0.0.1/13840] WARN  impl.MetricRegistriesImpl (MetricRegistriesImpl.java:addReporterRegistration(111)) - New reporters are added after registries were created. Some metrics will be missing from the reporter. Please add reporter before adding any new registry.
2021-10-03 01:18:02,529 [Listener at 127.0.0.1/13840] INFO  impl.MetricsSystemImpl (MetricsSystemImpl.java:init(158)) - HddsDatanode metrics system started (again)
2021-10-03 01:18:02,561 [Listener at 127.0.0.1/13840] INFO  ozone.HddsDatanodeService (HddsDatanodeService.java:start(234)) - HddsDatanodeService host:fv-az270-324.tacnzluakwdehk1hpragurqkma.bx.internal.cloudapp.net ip:10.1.0.5
2021-10-03 01:18:02,601 [Listener at 127.0.0.1/13840] INFO  upgrade.AbstractLayoutVersionManager (AbstractLayoutVersionManager.java:init(79)) - Initializing Layout version manager with metadata layout = SCM_HA (version = 2), software layout = SCM_HA (version = 2)
2021-10-03 01:18:02,678 [Listener at 127.0.0.1/13840] INFO  reflections.Reflections (Reflections.java:scan(232)) - Reflections took 73 ms to scan 7 urls, producing 119 keys and 275 values 
2021-10-03 01:18:02,881 [org.apache.ratis.util.JvmPauseMonitor$$Lambda$523/2137356424@37533190] WARN  util.JvmPauseMonitor (JvmPauseMonitor.java:detectPause(124)) - JvmPauseMonitor-omNode-3: Detected pause in JVM or host machine (eg GC): pause of approximately 170516401ns.
GC pool 'PS MarkSweep' had collection(s): count=1 time=159ms
GC pool 'PS Scavenge' had collection(s): count=2 time=33ms
2021-10-03 01:18:02,925 [omNode-2@group-523986131536-FollowerState] INFO  impl.FollowerState (FollowerState.java:run(134)) - omNode-2@group-523986131536-FollowerState: change to CANDIDATE, lastRpcElapsedTime:1079791493ns, electionTimeout:1076ms
2021-10-03 01:18:02,955 [omNode-2@group-523986131536-FollowerState] INFO  impl.RoleInfo (RoleInfo.java:shutdownFollowerState(108)) - omNode-2: shutdown omNode-2@group-523986131536-FollowerState
2021-10-03 01:18:02,955 [omNode-2@group-523986131536-FollowerState] INFO  server.RaftServer$Division (RaftServerImpl.java:setRole(285)) - omNode-2@group-523986131536: changes role from  FOLLOWER to CANDIDATE at term 0 for changeToCandidate
2021-10-03 01:18:02,956 [omNode-2@group-523986131536-FollowerState] INFO  server.RaftServerConfigKeys (ConfUtils.java:logGet(44)) - raft.server.leaderelection.pre-vote = false (custom)
2021-10-03 01:18:02,956 [omNode-2@group-523986131536-FollowerState] INFO  impl.RoleInfo (RoleInfo.java:updateAndGet(130)) - omNode-2: start omNode-2@group-523986131536-LeaderElection2
2021-10-03 01:18:02,975 [omNode-2@group-523986131536-LeaderElection2] INFO  impl.LeaderElection (LeaderElection.java:askForVotes(306)) - omNode-2@group-523986131536-LeaderElection2 ELECTION round 0: submit vote requests at term 1 for -1: [omNode-3|rpc:localhost:13844|priority:0, omNode-1|rpc:localhost:13832|priority:0, omNode-2|rpc:localhost:13838|priority:0], old=null
2021-10-03 01:18:03,060 [Listener at 127.0.0.1/13840] INFO  volume.HddsVolume (HddsVolume.java:<init>(120)) - Creating HddsVolume: /home/runner/work/ozone/ozone/hadoop-ozone/integration-test/target/test-dir/MiniOzoneClusterImpl-94b7d1b3-e035-4e16-be06-258bf0b7295d/datanode-0/data-0/containers/hdds of storage type : DISK capacity : 9223372036854775807
2021-10-03 01:18:03,063 [Listener at 127.0.0.1/13840] INFO  volume.MutableVolumeSet (MutableVolumeSet.java:initializeVolumeSet(168)) - Added Volume : /home/runner/work/ozone/ozone/hadoop-ozone/integration-test/target/test-dir/MiniOzoneClusterImpl-94b7d1b3-e035-4e16-be06-258bf0b7295d/datanode-0/data-0/containers/hdds to VolumeSet
2021-10-03 01:18:03,064 [Listener at 127.0.0.1/13840] INFO  volume.ThrottledAsyncChecker (ThrottledAsyncChecker.java:schedule(141)) - Scheduling a check for /home/runner/work/ozone/ozone/hadoop-ozone/integration-test/target/test-dir/MiniOzoneClusterImpl-94b7d1b3-e035-4e16-be06-258bf0b7295d/datanode-0/data-0/containers/hdds
2021-10-03 01:18:03,095 [Listener at 127.0.0.1/13840] INFO  volume.StorageVolumeChecker (StorageVolumeChecker.java:checkAllVolumes(202)) - Scheduled health check for volume /home/runner/work/ozone/ozone/hadoop-ozone/integration-test/target/test-dir/MiniOzoneClusterImpl-94b7d1b3-e035-4e16-be06-258bf0b7295d/datanode-0/data-0/containers/hdds
2021-10-03 01:18:03,154 [Listener at 127.0.0.1/13840] INFO  volume.MutableVolumeSet (MutableVolumeSet.java:initializeVolumeSet(168)) - Added Volume : /home/runner/work/ozone/ozone/hadoop-ozone/integration-test/target/test-dir/MiniOzoneClusterImpl-94b7d1b3-e035-4e16-be06-258bf0b7295d/datanode-0/data/ratis to VolumeSet
2021-10-03 01:18:03,157 [Listener at 127.0.0.1/13840] INFO  volume.ThrottledAsyncChecker (ThrottledAsyncChecker.java:schedule(141)) - Scheduling a check for /home/runner/work/ozone/ozone/hadoop-ozone/integration-test/target/test-dir/MiniOzoneClusterImpl-94b7d1b3-e035-4e16-be06-258bf0b7295d/datanode-0/data/ratis
2021-10-03 01:18:03,157 [Listener at 127.0.0.1/13840] INFO  volume.StorageVolumeChecker (StorageVolumeChecker.java:checkAllVolumes(202)) - Scheduled health check for volume /home/runner/work/ozone/ozone/hadoop-ozone/integration-test/target/test-dir/MiniOzoneClusterImpl-94b7d1b3-e035-4e16-be06-258bf0b7295d/datanode-0/data/ratis
2021-10-03 01:18:03,184 [Thread-221] INFO  ozoneimpl.ContainerReader (ContainerReader.java:readVolume(172)) - Finish verifying containers on volume /home/runner/work/ozone/ozone/hadoop-ozone/integration-test/target/test-dir/MiniOzoneClusterImpl-94b7d1b3-e035-4e16-be06-258bf0b7295d/datanode-0/data-0/containers/hdds
2021-10-03 01:18:03,184 [Listener at 127.0.0.1/13840] INFO  ozoneimpl.OzoneContainer (OzoneContainer.java:buildContainerSet(236)) - Build ContainerSet costs 0s
2021-10-03 01:18:03,231 [omNode-3@group-523986131536-FollowerState] INFO  impl.FollowerState (FollowerState.java:run(134)) - omNode-3@group-523986131536-FollowerState: change to CANDIDATE, lastRpcElapsedTime:1025828723ns, electionTimeout:1022ms
2021-10-03 01:18:03,231 [omNode-3@group-523986131536-FollowerState] INFO  impl.RoleInfo (RoleInfo.java:shutdownFollowerState(108)) - omNode-3: shutdown omNode-3@group-523986131536-FollowerState
2021-10-03 01:18:03,231 [omNode-3@group-523986131536-FollowerState] INFO  server.RaftServer$Division (RaftServerImpl.java:setRole(285)) - omNode-3@group-523986131536: changes role from  FOLLOWER to CANDIDATE at term 0 for changeToCandidate
2021-10-03 01:18:03,231 [omNode-3@group-523986131536-FollowerState] INFO  server.RaftServerConfigKeys (ConfUtils.java:logGet(44)) - raft.server.leaderelection.pre-vote = false (custom)
2021-10-03 01:18:03,231 [omNode-3@group-523986131536-FollowerState] INFO  impl.RoleInfo (RoleInfo.java:updateAndGet(130)) - omNode-3: start omNode-3@group-523986131536-LeaderElection3
2021-10-03 01:18:03,259 [omNode-3@group-523986131536-LeaderElection3] INFO  impl.LeaderElection (LeaderElection.java:askForVotes(306)) - omNode-3@group-523986131536-LeaderElection3 ELECTION round 0: submit vote requests at term 1 for -1: [omNode-3|rpc:localhost:13844|priority:0, omNode-1|rpc:localhost:13832|priority:0, omNode-2|rpc:localhost:13838|priority:0], old=null
2021-10-03 01:18:03,372 [Listener at 127.0.0.1/13840] INFO  server.RaftServer (ConfUtils.java:logGet(44)) - raft.rpc.type = GRPC (default)
2021-10-03 01:18:03,373 [Listener at 127.0.0.1/13840] INFO  grpc.GrpcFactory (GrpcFactory.java:checkPooledByteBufAllocatorUseCacheForAllThreads(48)) - PERFORMANCE WARNING: useCacheForAllThreads is true that may cause Netty to create a lot garbage objects and, as a result, trigger GC.
	It is recommended to disable useCacheForAllThreads by setting -Dorg.apache.ratis.thirdparty.io.netty.allocator.useCacheForAllThreads=false in command line.
2021-10-03 01:18:03,373 [Listener at 127.0.0.1/13840] INFO  grpc.GrpcConfigKeys (ConfUtils.java:logGet(44)) - raft.grpc.admin.port = 0 (custom)
2021-10-03 01:18:03,374 [Listener at 127.0.0.1/13840] INFO  grpc.GrpcConfigKeys (ConfUtils.java:logGet(44)) - raft.grpc.client.port = 0 (custom)
2021-10-03 01:18:03,374 [Listener at 127.0.0.1/13840] INFO  grpc.GrpcConfigKeys (ConfUtils.java:logGet(44)) - raft.grpc.server.port = 0 (default)
2021-10-03 01:18:03,374 [Listener at 127.0.0.1/13840] INFO  server.GrpcService (ConfUtils.java:logGet(44)) - raft.grpc.message.size.max = 32MB (=33554432) (custom)
2021-10-03 01:18:03,375 [Listener at 127.0.0.1/13840] INFO  server.RaftServerConfigKeys (ConfUtils.java:logGet(44)) - raft.server.log.appender.buffer.byte-limit = 33554432 (custom)
2021-10-03 01:18:03,381 [Listener at 127.0.0.1/13840] INFO  server.GrpcService (ConfUtils.java:logGet(44)) - raft.grpc.flow.control.window = 5MB (=5242880) (custom)
2021-10-03 01:18:03,382 [Listener at 127.0.0.1/13840] INFO  server.RaftServerConfigKeys (ConfUtils.java:logGet(44)) - raft.server.rpc.request.timeout = 60s (custom)
2021-10-03 01:18:03,392 [Listener at 127.0.0.1/13840] INFO  impl.DataStreamServerImpl (ConfUtils.java:logGet(44)) - raft.datastream.type = DISABLED (default)
2021-10-03 01:18:03,392 [Listener at 127.0.0.1/13840] INFO  server.RaftServerConfigKeys (ConfUtils.java:logGet(44)) - raft.server.rpc.slowness.timeout = 300s (custom)
2021-10-03 01:18:03,392 [Listener at 127.0.0.1/13840] INFO  server.RaftServerConfigKeys (ConfUtils.java:logGet(44)) - raft.server.leaderelection.leader.step-down.wait-time = 10s (default)
2021-10-03 01:18:03,393 [Listener at 127.0.0.1/13840] INFO  server.RaftServerConfigKeys (ConfUtils.java:logGet(44)) - raft.server.storage.dir = [/home/runner/work/ozone/ozone/hadoop-ozone/integration-test/target/test-dir/MiniOzoneClusterImpl-94b7d1b3-e035-4e16-be06-258bf0b7295d/datanode-0/data/ratis] (custom)
2021-10-03 01:18:03,557 [grpc-default-executor-2] INFO  server.RaftServer$Division (RaftServerImpl.java:requestVote(1043)) - omNode-3@group-523986131536: receive requestVote(ELECTION, omNode-2, group-523986131536, 1, (t:0, i:~))
2021-10-03 01:18:03,557 [Listener at 127.0.0.1/13840] INFO  http.BaseHttpServer (BaseHttpServer.java:newHttpServer2BuilderForOzone(209)) - Starting Web-server for hddsDatanode at: http://0.0.0.0:0
2021-10-03 01:18:03,558 [Listener at 127.0.0.1/13840] INFO  http.BaseHttpServer (BaseHttpServer.java:<init>(107)) - Hadoop Security Enabled: false Ozone Security Enabled: false Ozone HTTP Security Enabled: false 
2021-10-03 01:18:03,558 [grpc-default-executor-1] INFO  server.RaftServer$Division (RaftServerImpl.java:requestVote(1043)) - omNode-2@group-523986131536: receive requestVote(ELECTION, omNode-1, group-523986131536, 1, (t:0, i:~))
2021-10-03 01:18:03,558 [grpc-default-executor-3] INFO  server.RaftServer$Division (RaftServerImpl.java:requestVote(1043)) - omNode-2@group-523986131536: receive requestVote(ELECTION, omNode-3, group-523986131536, 1, (t:0, i:~))
2021-10-03 01:18:03,559 [grpc-default-executor-2] INFO  impl.VoteContext (VoteContext.java:log(48)) - omNode-3@group-523986131536-CANDIDATE: reject ELECTION from omNode-2: already has voted for omNode-3 at current term 1
2021-10-03 01:18:03,559 [grpc-default-executor-0] INFO  server.RaftServer$Division (RaftServerImpl.java:requestVote(1043)) - omNode-3@group-523986131536: receive requestVote(ELECTION, omNode-1, group-523986131536, 1, (t:0, i:~))
2021-10-03 01:18:03,562 [Listener at 127.0.0.1/13840] INFO  server.AuthenticationFilter (AuthenticationFilter.java:constructSecretProvider(240)) - Unable to initialize FileSignerSecretProvider, falling back to use random secrets.
2021-10-03 01:18:03,559 [grpc-default-executor-1] INFO  impl.VoteContext (VoteContext.java:log(48)) - omNode-2@group-523986131536-CANDIDATE: reject ELECTION from omNode-1: already has voted for omNode-2 at current term 1
2021-10-03 01:18:03,568 [grpc-default-executor-1] INFO  server.RaftServer$Division (RaftServerImpl.java:requestVote(1075)) - omNode-2@group-523986131536 replies to ELECTION vote request: omNode-1<-omNode-2#0:FAIL-t1. Peer's state: omNode-2@group-523986131536:t1, leader=null, voted=omNode-2, raftlog=omNode-2@group-523986131536-SegmentedRaftLog:OPENED:c-1,f-1,i0, conf=-1: [omNode-3|rpc:localhost:13844|priority:0, omNode-1|rpc:localhost:13832|priority:0, omNode-2|rpc:localhost:13838|priority:0], old=null
2021-10-03 01:18:03,569 [grpc-default-executor-3] INFO  impl.VoteContext (VoteContext.java:log(48)) - omNode-2@group-523986131536-CANDIDATE: reject ELECTION from omNode-3: already has voted for omNode-2 at current term 1
2021-10-03 01:18:03,569 [grpc-default-executor-3] INFO  server.RaftServer$Division (RaftServerImpl.java:requestVote(1075)) - omNode-2@group-523986131536 replies to ELECTION vote request: omNode-3<-omNode-2#0:FAIL-t1. Peer's state: omNode-2@group-523986131536:t1, leader=null, voted=omNode-2, raftlog=omNode-2@group-523986131536-SegmentedRaftLog:OPENED:c-1,f-1,i0, conf=-1: [omNode-3|rpc:localhost:13844|priority:0, omNode-1|rpc:localhost:13832|priority:0, omNode-2|rpc:localhost:13838|priority:0], old=null
2021-10-03 01:18:03,570 [grpc-default-executor-2] INFO  server.RaftServer$Division (RaftServerImpl.java:requestVote(1075)) - omNode-3@group-523986131536 replies to ELECTION vote request: omNode-2<-omNode-3#0:FAIL-t1. Peer's state: omNode-3@group-523986131536:t1, leader=null, voted=omNode-3, raftlog=omNode-3@group-523986131536-SegmentedRaftLog:OPENED:c-1,f-1,i0, conf=-1: [omNode-3|rpc:localhost:13844|priority:0, omNode-1|rpc:localhost:13832|priority:0, omNode-2|rpc:localhost:13838|priority:0], old=null
2021-10-03 01:18:03,570 [grpc-default-executor-0] INFO  impl.VoteContext (VoteContext.java:log(48)) - omNode-3@group-523986131536-CANDIDATE: reject ELECTION from omNode-1: already has voted for omNode-3 at current term 1
2021-10-03 01:18:03,570 [grpc-default-executor-0] INFO  server.RaftServer$Division (RaftServerImpl.java:requestVote(1075)) - omNode-3@group-523986131536 replies to ELECTION vote request: omNode-1<-omNode-3#0:FAIL-t1. Peer's state: omNode-3@group-523986131536:t1, leader=null, voted=omNode-3, raftlog=omNode-3@group-523986131536-SegmentedRaftLog:OPENED:c-1,f-1,i0, conf=-1: [omNode-3|rpc:localhost:13844|priority:0, omNode-1|rpc:localhost:13832|priority:0, omNode-2|rpc:localhost:13838|priority:0], old=null
2021-10-03 01:18:03,573 [grpc-default-executor-5] INFO  server.RaftServer$Division (RaftServerImpl.java:requestVote(1043)) - omNode-1@group-523986131536: receive requestVote(ELECTION, omNode-3, group-523986131536, 1, (t:0, i:~))
2021-10-03 01:18:03,575 [Listener at 127.0.0.1/13840] WARN  http.HttpRequestLog (HttpRequestLog.java:getRequestLog(103)) - Jetty request log can only be enabled using Log4j
2021-10-03 01:18:03,584 [Listener at 127.0.0.1/13840] INFO  http.HttpServer2 (HttpServer2.java:addGlobalFilter(1030)) - Added global filter 'safety' (class=org.apache.hadoop.hdds.server.http.HttpServer2$QuotingInputFilter)
2021-10-03 01:18:03,585 [Listener at 127.0.0.1/13840] INFO  http.HttpServer2 (HttpServer2.java:addFilter(1006)) - Added filter static_user_filter (class=org.apache.hadoop.http.lib.StaticUserWebFilter$StaticUserFilter) to context hddsDatanode
2021-10-03 01:18:03,585 [Listener at 127.0.0.1/13840] INFO  http.HttpServer2 (HttpServer2.java:addFilter(1014)) - Added filter static_user_filter (class=org.apache.hadoop.http.lib.StaticUserWebFilter$StaticUserFilter) to context logs
2021-10-03 01:18:03,585 [Listener at 127.0.0.1/13840] INFO  http.HttpServer2 (HttpServer2.java:addFilter(1014)) - Added filter static_user_filter (class=org.apache.hadoop.http.lib.StaticUserWebFilter$StaticUserFilter) to context static
2021-10-03 01:18:03,573 [grpc-default-executor-4] INFO  server.RaftServer$Division (RaftServerImpl.java:requestVote(1043)) - omNode-1@group-523986131536: receive requestVote(ELECTION, omNode-2, group-523986131536, 1, (t:0, i:~))
2021-10-03 01:18:03,586 [grpc-default-executor-4] INFO  impl.VoteContext (VoteContext.java:log(48)) - omNode-1@group-523986131536-CANDIDATE: reject ELECTION from omNode-2: already has voted for omNode-1 at current term 1
2021-10-03 01:18:03,586 [grpc-default-executor-4] INFO  server.RaftServer$Division (RaftServerImpl.java:requestVote(1075)) - omNode-1@group-523986131536 replies to ELECTION vote request: omNode-2<-omNode-1#0:FAIL-t1. Peer's state: omNode-1@group-523986131536:t1, leader=null, voted=omNode-1, raftlog=omNode-1@group-523986131536-SegmentedRaftLog:OPENED:c-1,f-1,i0, conf=-1: [omNode-3|rpc:localhost:13844|priority:0, omNode-1|rpc:localhost:13832|priority:0, omNode-2|rpc:localhost:13838|priority:0], old=null
2021-10-03 01:18:03,587 [Listener at 127.0.0.1/13840] INFO  http.HttpServer2 (HttpServer2.java:bindListener(1249)) - Jetty bound to port 43779
2021-10-03 01:18:03,587 [Listener at 127.0.0.1/13840] INFO  server.Server (Server.java:doStart(375)) - jetty-9.4.43.v20210629; built: 2021-06-30T11:07:22.254Z; git: 526006ecfa3af7f1a27ef3a288e2bef7ea9dd7e8; jvm 1.8.0_292-b10
2021-10-03 01:18:03,588 [grpc-default-executor-5] INFO  impl.VoteContext (VoteContext.java:log(48)) - omNode-1@group-523986131536-CANDIDATE: reject ELECTION from omNode-3: already has voted for omNode-1 at current term 1
2021-10-03 01:18:03,588 [grpc-default-executor-5] INFO  server.RaftServer$Division (RaftServerImpl.java:requestVote(1075)) - omNode-1@group-523986131536 replies to ELECTION vote request: omNode-3<-omNode-1#0:FAIL-t1. Peer's state: omNode-1@group-523986131536:t1, leader=null, voted=omNode-1, raftlog=omNode-1@group-523986131536-SegmentedRaftLog:OPENED:c-1,f-1,i0, conf=-1: [omNode-3|rpc:localhost:13844|priority:0, omNode-1|rpc:localhost:13832|priority:0, omNode-2|rpc:localhost:13838|priority:0], old=null
2021-10-03 01:18:03,603 [omNode-2@group-523986131536-LeaderElection2] INFO  impl.LeaderElection (LeaderElection.java:logAndReturn(89)) - omNode-2@group-523986131536-LeaderElection2: ELECTION REJECTED received 2 response(s) and 0 exception(s):
2021-10-03 01:18:03,603 [omNode-2@group-523986131536-LeaderElection2] INFO  impl.LeaderElection (LeaderElection.java:logAndReturn(93)) -   Response 0: omNode-2<-omNode-3#0:FAIL-t1
2021-10-03 01:18:03,603 [omNode-2@group-523986131536-LeaderElection2] INFO  impl.LeaderElection (LeaderElection.java:logAndReturn(93)) -   Response 1: omNode-2<-omNode-1#0:FAIL-t1
2021-10-03 01:18:03,603 [omNode-2@group-523986131536-LeaderElection2] INFO  impl.LeaderElection (LeaderElection.java:askForVotes(308)) - omNode-2@group-523986131536-LeaderElection2 ELECTION round 0: result REJECTED
2021-10-03 01:18:03,603 [Listener at 127.0.0.1/13840] INFO  server.session (DefaultSessionIdManager.java:doStart(334)) - DefaultSessionIdManager workerName=node0
2021-10-03 01:18:03,603 [Listener at 127.0.0.1/13840] INFO  server.session (DefaultSessionIdManager.java:doStart(339)) - No SessionScavenger set, using defaults
2021-10-03 01:18:03,604 [Listener at 127.0.0.1/13840] INFO  server.session (HouseKeeper.java:startScavenging(132)) - node0 Scavenging every 660000ms
2021-10-03 01:18:03,604 [omNode-2@group-523986131536-LeaderElection2] INFO  server.RaftServer$Division (RaftServerImpl.java:setRole(285)) - omNode-2@group-523986131536: changes role from CANDIDATE to FOLLOWER at term 1 for REJECTED
2021-10-03 01:18:03,604 [omNode-2@group-523986131536-LeaderElection2] INFO  impl.RoleInfo (RoleInfo.java:shutdownLeaderElection(121)) - omNode-2: shutdown omNode-2@group-523986131536-LeaderElection2
2021-10-03 01:18:03,604 [omNode-2@group-523986131536-LeaderElection2] INFO  impl.RoleInfo (RoleInfo.java:updateAndGet(130)) - omNode-2: start omNode-2@group-523986131536-FollowerState
2021-10-03 01:18:03,605 [Listener at 127.0.0.1/13840] INFO  handler.ContextHandler (ContextHandler.java:doStart(915)) - Started o.e.j.s.ServletContextHandler@37d4b676{logs,/logs,file:///home/runner/work/ozone/ozone/hadoop-ozone/integration-test/target/log,AVAILABLE}
2021-10-03 01:18:03,605 [Listener at 127.0.0.1/13840] INFO  handler.ContextHandler (ContextHandler.java:doStart(915)) - Started o.e.j.s.ServletContextHandler@4142586b{static,/static,jar:file:/home/runner/.m2/repository/org/apache/ozone/hdds-container-service/1.2.0-SNAPSHOT/hdds-container-service-1.2.0-SNAPSHOT.jar!/webapps/static,AVAILABLE}
2021-10-03 01:18:03,619 [omNode-1@group-523986131536-LeaderElection1] INFO  impl.LeaderElection (LeaderElection.java:logAndReturn(89)) - omNode-1@group-523986131536-LeaderElection1: ELECTION REJECTED received 2 response(s) and 0 exception(s):
2021-10-03 01:18:03,619 [omNode-1@group-523986131536-LeaderElection1] INFO  impl.LeaderElection (LeaderElection.java:logAndReturn(93)) -   Response 0: omNode-1<-omNode-3#0:FAIL-t1
2021-10-03 01:18:03,619 [omNode-1@group-523986131536-LeaderElection1] INFO  impl.LeaderElection (LeaderElection.java:logAndReturn(93)) -   Response 1: omNode-1<-omNode-2#0:FAIL-t1
2021-10-03 01:18:03,619 [omNode-1@group-523986131536-LeaderElection1] INFO  impl.LeaderElection (LeaderElection.java:askForVotes(308)) - omNode-1@group-523986131536-LeaderElection1 ELECTION round 0: result REJECTED
2021-10-03 01:18:03,619 [omNode-1@group-523986131536-LeaderElection1] INFO  server.RaftServer$Division (RaftServerImpl.java:setRole(285)) - omNode-1@group-523986131536: changes role from CANDIDATE to FOLLOWER at term 1 for REJECTED
2021-10-03 01:18:03,619 [omNode-1@group-523986131536-LeaderElection1] INFO  impl.RoleInfo (RoleInfo.java:shutdownLeaderElection(121)) - omNode-1: shutdown omNode-1@group-523986131536-LeaderElection1
2021-10-03 01:18:03,619 [omNode-1@group-523986131536-LeaderElection1] INFO  impl.RoleInfo (RoleInfo.java:updateAndGet(130)) - omNode-1: start omNode-1@group-523986131536-FollowerState
2021-10-03 01:18:03,619 [omNode-3@group-523986131536-LeaderElection3] INFO  impl.LeaderElection (LeaderElection.java:logAndReturn(89)) - omNode-3@group-523986131536-LeaderElection3: ELECTION REJECTED received 2 response(s) and 0 exception(s):
2021-10-03 01:18:03,619 [omNode-3@group-523986131536-LeaderElection3] INFO  impl.LeaderElection (LeaderElection.java:logAndReturn(93)) -   Response 0: omNode-3<-omNode-1#0:FAIL-t1
2021-10-03 01:18:03,619 [omNode-3@group-523986131536-LeaderElection3] INFO  impl.LeaderElection (LeaderElection.java:logAndReturn(93)) -   Response 1: omNode-3<-omNode-2#0:FAIL-t1
2021-10-03 01:18:03,622 [omNode-3@group-523986131536-LeaderElection3] INFO  impl.LeaderElection (LeaderElection.java:askForVotes(308)) - omNode-3@group-523986131536-LeaderElection3 ELECTION round 0: result REJECTED
2021-10-03 01:18:03,622 [omNode-3@group-523986131536-LeaderElection3] INFO  server.RaftServer$Division (RaftServerImpl.java:setRole(285)) - omNode-3@group-523986131536: changes role from CANDIDATE to FOLLOWER at term 1 for REJECTED
2021-10-03 01:18:03,622 [omNode-3@group-523986131536-LeaderElection3] INFO  impl.RoleInfo (RoleInfo.java:shutdownLeaderElection(121)) - omNode-3: shutdown omNode-3@group-523986131536-LeaderElection3
2021-10-03 01:18:03,623 [omNode-3@group-523986131536-LeaderElection3] INFO  impl.RoleInfo (RoleInfo.java:updateAndGet(130)) - omNode-3: start omNode-3@group-523986131536-FollowerState
2021-10-03 01:18:03,680 [Listener at 127.0.0.1/13840] INFO  handler.ContextHandler (ContextHandler.java:doStart(915)) - Started o.e.j.w.WebAppContext@2a4ff62{hddsDatanode,/,file:///tmp/jetty-0_0_0_0-43779-hdds-container-service-1_2_0-SNAPSHOT_jar-_-any-7044289800090595966/webapp/,AVAILABLE}{jar:file:/home/runner/.m2/repository/org/apache/ozone/hdds-container-service/1.2.0-SNAPSHOT/hdds-container-service-1.2.0-SNAPSHOT.jar!/webapps/hddsDatanode}
2021-10-03 01:18:03,682 [Listener at 127.0.0.1/13840] INFO  server.AbstractConnector (AbstractConnector.java:doStart(331)) - Started ServerConnector@37601089{HTTP/1.1, (http/1.1)}{0.0.0.0:43779}
2021-10-03 01:18:03,682 [Listener at 127.0.0.1/13840] INFO  server.Server (Server.java:doStart(415)) - Started @9050ms
2021-10-03 01:18:03,682 [Listener at 127.0.0.1/13840] WARN  impl.MetricsSystemImpl (MetricsSystemImpl.java:register(279)) - Sink prometheus already exists!
2021-10-03 01:18:03,683 [Listener at 127.0.0.1/13840] INFO  http.BaseHttpServer (BaseHttpServer.java:updateConnectorAddress(329)) - HTTP server of hddsDatanode listening at http://0.0.0.0:43779
2021-10-03 01:18:03,684 [Datanode State Machine Thread - 0] INFO  statemachine.DatanodeStateMachine (DatanodeStateMachine.java:lambda$startDaemon$0(456)) - Ozone container server started.
2021-10-03 01:18:03,687 [Listener at 127.0.0.1/13840] WARN  impl.MetricRegistriesImpl (MetricRegistriesImpl.java:addReporterRegistration(111)) - New reporters are added after registries were created. Some metrics will be missing from the reporter. Please add reporter before adding any new registry.
2021-10-03 01:18:03,688 [Listener at 127.0.0.1/13840] WARN  impl.MetricRegistriesImpl (MetricRegistriesImpl.java:addReporterRegistration(111)) - New reporters are added after registries were created. Some metrics will be missing from the reporter. Please add reporter before adding any new registry.
2021-10-03 01:18:03,688 [Listener at 127.0.0.1/13840] INFO  impl.MetricsSystemImpl (MetricsSystemImpl.java:init(158)) - HddsDatanode metrics system started (again)
2021-10-03 01:18:03,704 [Listener at 127.0.0.1/13840] INFO  ozone.HddsDatanodeService (HddsDatanodeService.java:start(234)) - HddsDatanodeService host:fv-az270-324.tacnzluakwdehk1hpragurqkma.bx.internal.cloudapp.net ip:10.1.0.5
2021-10-03 01:18:03,715 [org.apache.hadoop.util.JvmPauseMonitor$Monitor@68ac14a9] INFO  util.JvmPauseMonitor (JvmPauseMonitor.java:run(188)) - Starting JVM pause monitor
2021-10-03 01:18:03,740 [Listener at 127.0.0.1/13840] INFO  upgrade.AbstractLayoutVersionManager (AbstractLayoutVersionManager.java:init(79)) - Initializing Layout version manager with metadata layout = SCM_HA (version = 2), software layout = SCM_HA (version = 2)
2021-10-03 01:18:03,806 [Listener at 127.0.0.1/13840] INFO  reflections.Reflections (Reflections.java:scan(232)) - Reflections took 65 ms to scan 7 urls, producing 119 keys and 275 values 
2021-10-03 01:18:03,810 [Listener at 127.0.0.1/13840] INFO  volume.HddsVolume (HddsVolume.java:<init>(120)) - Creating HddsVolume: /home/runner/work/ozone/ozone/hadoop-ozone/integration-test/target/test-dir/MiniOzoneClusterImpl-94b7d1b3-e035-4e16-be06-258bf0b7295d/datanode-1/data-0/containers/hdds of storage type : DISK capacity : 9223372036854775807
2021-10-03 01:18:03,811 [Listener at 127.0.0.1/13840] INFO  volume.MutableVolumeSet (MutableVolumeSet.java:initializeVolumeSet(168)) - Added Volume : /home/runner/work/ozone/ozone/hadoop-ozone/integration-test/target/test-dir/MiniOzoneClusterImpl-94b7d1b3-e035-4e16-be06-258bf0b7295d/datanode-1/data-0/containers/hdds to VolumeSet
2021-10-03 01:18:03,811 [Listener at 127.0.0.1/13840] INFO  volume.ThrottledAsyncChecker (ThrottledAsyncChecker.java:schedule(141)) - Scheduling a check for /home/runner/work/ozone/ozone/hadoop-ozone/integration-test/target/test-dir/MiniOzoneClusterImpl-94b7d1b3-e035-4e16-be06-258bf0b7295d/datanode-1/data-0/containers/hdds
2021-10-03 01:18:03,811 [Listener at 127.0.0.1/13840] INFO  volume.StorageVolumeChecker (StorageVolumeChecker.java:checkAllVolumes(202)) - Scheduled health check for volume /home/runner/work/ozone/ozone/hadoop-ozone/integration-test/target/test-dir/MiniOzoneClusterImpl-94b7d1b3-e035-4e16-be06-258bf0b7295d/datanode-1/data-0/containers/hdds
2021-10-03 01:18:03,827 [Listener at 127.0.0.1/13840] INFO  volume.MutableVolumeSet (MutableVolumeSet.java:initializeVolumeSet(168)) - Added Volume : /home/runner/work/ozone/ozone/hadoop-ozone/integration-test/target/test-dir/MiniOzoneClusterImpl-94b7d1b3-e035-4e16-be06-258bf0b7295d/datanode-1/data/ratis to VolumeSet
2021-10-03 01:18:03,827 [Listener at 127.0.0.1/13840] INFO  volume.ThrottledAsyncChecker (ThrottledAsyncChecker.java:schedule(141)) - Scheduling a check for /home/runner/work/ozone/ozone/hadoop-ozone/integration-test/target/test-dir/MiniOzoneClusterImpl-94b7d1b3-e035-4e16-be06-258bf0b7295d/datanode-1/data/ratis
2021-10-03 01:18:03,828 [Listener at 127.0.0.1/13840] INFO  volume.StorageVolumeChecker (StorageVolumeChecker.java:checkAllVolumes(202)) - Scheduled health check for volume /home/runner/work/ozone/ozone/hadoop-ozone/integration-test/target/test-dir/MiniOzoneClusterImpl-94b7d1b3-e035-4e16-be06-258bf0b7295d/datanode-1/data/ratis
2021-10-03 01:18:03,870 [Thread-239] INFO  ozoneimpl.ContainerReader (ContainerReader.java:readVolume(172)) - Finish verifying containers on volume /home/runner/work/ozone/ozone/hadoop-ozone/integration-test/target/test-dir/MiniOzoneClusterImpl-94b7d1b3-e035-4e16-be06-258bf0b7295d/datanode-1/data-0/containers/hdds
2021-10-03 01:18:03,871 [Listener at 127.0.0.1/13840] INFO  ozoneimpl.OzoneContainer (OzoneContainer.java:buildContainerSet(236)) - Build ContainerSet costs 0s
2021-10-03 01:18:03,875 [Datanode State Machine Task Thread - 0] INFO  datanode.InitDatanodeState (InitDatanodeState.java:persistContainerDatanodeDetails(145)) - DatanodeDetails is persisted to /home/runner/work/ozone/ozone/hadoop-ozone/integration-test/target/test-dir/MiniOzoneClusterImpl-94b7d1b3-e035-4e16-be06-258bf0b7295d/datanode-0/meta/datanode.id
2021-10-03 01:18:03,876 [Listener at 127.0.0.1/13840] INFO  server.RaftServer (ConfUtils.java:logGet(44)) - raft.rpc.type = GRPC (default)
2021-10-03 01:18:03,876 [Listener at 127.0.0.1/13840] INFO  grpc.GrpcFactory (GrpcFactory.java:checkPooledByteBufAllocatorUseCacheForAllThreads(48)) - PERFORMANCE WARNING: useCacheForAllThreads is true that may cause Netty to create a lot garbage objects and, as a result, trigger GC.
	It is recommended to disable useCacheForAllThreads by setting -Dorg.apache.ratis.thirdparty.io.netty.allocator.useCacheForAllThreads=false in command line.
2021-10-03 01:18:03,876 [Listener at 127.0.0.1/13840] INFO  grpc.GrpcConfigKeys (ConfUtils.java:logGet(44)) - raft.grpc.admin.port = 0 (custom)
2021-10-03 01:18:03,876 [Listener at 127.0.0.1/13840] INFO  grpc.GrpcConfigKeys (ConfUtils.java:logGet(44)) - raft.grpc.client.port = 0 (custom)
2021-10-03 01:18:03,876 [Listener at 127.0.0.1/13840] INFO  grpc.GrpcConfigKeys (ConfUtils.java:logGet(44)) - raft.grpc.server.port = 0 (default)
2021-10-03 01:18:03,876 [Listener at 127.0.0.1/13840] INFO  server.GrpcService (ConfUtils.java:logGet(44)) - raft.grpc.message.size.max = 32MB (=33554432) (custom)
2021-10-03 01:18:03,876 [Listener at 127.0.0.1/13840] INFO  server.RaftServerConfigKeys (ConfUtils.java:logGet(44)) - raft.server.log.appender.buffer.byte-limit = 33554432 (custom)
2021-10-03 01:18:03,877 [Listener at 127.0.0.1/13840] INFO  server.GrpcService (ConfUtils.java:logGet(44)) - raft.grpc.flow.control.window = 5MB (=5242880) (custom)
2021-10-03 01:18:03,877 [Listener at 127.0.0.1/13840] INFO  server.RaftServerConfigKeys (ConfUtils.java:logGet(44)) - raft.server.rpc.request.timeout = 60s (custom)
2021-10-03 01:18:03,878 [Listener at 127.0.0.1/13840] INFO  impl.DataStreamServerImpl (ConfUtils.java:logGet(44)) - raft.datastream.type = DISABLED (default)
2021-10-03 01:18:03,878 [Listener at 127.0.0.1/13840] INFO  server.RaftServerConfigKeys (ConfUtils.java:logGet(44)) - raft.server.rpc.slowness.timeout = 300s (custom)
2021-10-03 01:18:03,878 [Listener at 127.0.0.1/13840] INFO  server.RaftServerConfigKeys (ConfUtils.java:logGet(44)) - raft.server.leaderelection.leader.step-down.wait-time = 10s (default)
2021-10-03 01:18:03,878 [Listener at 127.0.0.1/13840] INFO  server.RaftServerConfigKeys (ConfUtils.java:logGet(44)) - raft.server.storage.dir = [/home/runner/work/ozone/ozone/hadoop-ozone/integration-test/target/test-dir/MiniOzoneClusterImpl-94b7d1b3-e035-4e16-be06-258bf0b7295d/datanode-1/data/ratis] (custom)
2021-10-03 01:18:03,883 [Listener at 127.0.0.1/13840] INFO  http.BaseHttpServer (BaseHttpServer.java:newHttpServer2BuilderForOzone(209)) - Starting Web-server for hddsDatanode at: http://0.0.0.0:0
2021-10-03 01:18:03,883 [Listener at 127.0.0.1/13840] INFO  http.BaseHttpServer (BaseHttpServer.java:<init>(107)) - Hadoop Security Enabled: false Ozone Security Enabled: false Ozone HTTP Security Enabled: false 
2021-10-03 01:18:03,884 [Listener at 127.0.0.1/13840] INFO  server.AuthenticationFilter (AuthenticationFilter.java:constructSecretProvider(240)) - Unable to initialize FileSignerSecretProvider, falling back to use random secrets.
2021-10-03 01:18:03,885 [Listener at 127.0.0.1/13840] WARN  http.HttpRequestLog (HttpRequestLog.java:getRequestLog(103)) - Jetty request log can only be enabled using Log4j
2021-10-03 01:18:03,885 [Listener at 127.0.0.1/13840] INFO  http.HttpServer2 (HttpServer2.java:addGlobalFilter(1030)) - Added global filter 'safety' (class=org.apache.hadoop.hdds.server.http.HttpServer2$QuotingInputFilter)
2021-10-03 01:18:03,886 [Listener at 127.0.0.1/13840] INFO  http.HttpServer2 (HttpServer2.java:addFilter(1006)) - Added filter static_user_filter (class=org.apache.hadoop.http.lib.StaticUserWebFilter$StaticUserFilter) to context hddsDatanode
2021-10-03 01:18:03,886 [Listener at 127.0.0.1/13840] INFO  http.HttpServer2 (HttpServer2.java:addFilter(1014)) - Added filter static_user_filter (class=org.apache.hadoop.http.lib.StaticUserWebFilter$StaticUserFilter) to context static
2021-10-03 01:18:03,887 [Listener at 127.0.0.1/13840] INFO  http.HttpServer2 (HttpServer2.java:addFilter(1014)) - Added filter static_user_filter (class=org.apache.hadoop.http.lib.StaticUserWebFilter$StaticUserFilter) to context logs
2021-10-03 01:18:03,887 [Listener at 127.0.0.1/13840] INFO  http.HttpServer2 (HttpServer2.java:bindListener(1249)) - Jetty bound to port 40415
2021-10-03 01:18:03,888 [Listener at 127.0.0.1/13840] INFO  server.Server (Server.java:doStart(375)) - jetty-9.4.43.v20210629; built: 2021-06-30T11:07:22.254Z; git: 526006ecfa3af7f1a27ef3a288e2bef7ea9dd7e8; jvm 1.8.0_292-b10
2021-10-03 01:18:03,895 [Listener at 127.0.0.1/13840] INFO  server.session (DefaultSessionIdManager.java:doStart(334)) - DefaultSessionIdManager workerName=node0
2021-10-03 01:18:03,895 [Listener at 127.0.0.1/13840] INFO  server.session (DefaultSessionIdManager.java:doStart(339)) - No SessionScavenger set, using defaults
2021-10-03 01:18:03,895 [Listener at 127.0.0.1/13840] INFO  server.session (HouseKeeper.java:startScavenging(132)) - node0 Scavenging every 600000ms
2021-10-03 01:18:03,896 [Listener at 127.0.0.1/13840] INFO  handler.ContextHandler (ContextHandler.java:doStart(915)) - Started o.e.j.s.ServletContextHandler@5284d7f2{logs,/logs,file:///home/runner/work/ozone/ozone/hadoop-ozone/integration-test/target/log,AVAILABLE}
2021-10-03 01:18:03,897 [Listener at 127.0.0.1/13840] INFO  handler.ContextHandler (ContextHandler.java:doStart(915)) - Started o.e.j.s.ServletContextHandler@7522ea53{static,/static,jar:file:/home/runner/.m2/repository/org/apache/ozone/hdds-container-service/1.2.0-SNAPSHOT/hdds-container-service-1.2.0-SNAPSHOT.jar!/webapps/static,AVAILABLE}
2021-10-03 01:18:03,947 [Listener at 127.0.0.1/13840] INFO  handler.ContextHandler (ContextHandler.java:doStart(915)) - Started o.e.j.w.WebAppContext@622eee0b{hddsDatanode,/,file:///tmp/jetty-0_0_0_0-40415-hdds-container-service-1_2_0-SNAPSHOT_jar-_-any-1250771581521456548/webapp/,AVAILABLE}{jar:file:/home/runner/.m2/repository/org/apache/ozone/hdds-container-service/1.2.0-SNAPSHOT/hdds-container-service-1.2.0-SNAPSHOT.jar!/webapps/hddsDatanode}
2021-10-03 01:18:03,949 [Listener at 127.0.0.1/13840] INFO  server.AbstractConnector (AbstractConnector.java:doStart(331)) - Started ServerConnector@691ff4fe{HTTP/1.1, (http/1.1)}{0.0.0.0:40415}
2021-10-03 01:18:03,949 [Listener at 127.0.0.1/13840] INFO  server.Server (Server.java:doStart(415)) - Started @9317ms
2021-10-03 01:18:03,949 [Listener at 127.0.0.1/13840] WARN  impl.MetricsSystemImpl (MetricsSystemImpl.java:register(279)) - Sink prometheus already exists!
2021-10-03 01:18:03,950 [Listener at 127.0.0.1/13840] INFO  http.BaseHttpServer (BaseHttpServer.java:updateConnectorAddress(329)) - HTTP server of hddsDatanode listening at http://0.0.0.0:40415
2021-10-03 01:18:03,950 [Listener at 127.0.0.1/13840] WARN  impl.MetricRegistriesImpl (MetricRegistriesImpl.java:addReporterRegistration(111)) - New reporters are added after registries were created. Some metrics will be missing from the reporter. Please add reporter before adding any new registry.
2021-10-03 01:18:03,951 [Listener at 127.0.0.1/13840] WARN  impl.MetricRegistriesImpl (MetricRegistriesImpl.java:addReporterRegistration(111)) - New reporters are added after registries were created. Some metrics will be missing from the reporter. Please add reporter before adding any new registry.
2021-10-03 01:18:03,951 [Listener at 127.0.0.1/13840] INFO  impl.MetricsSystemImpl (MetricsSystemImpl.java:init(158)) - HddsDatanode metrics system started (again)
2021-10-03 01:18:03,954 [Datanode State Machine Thread - 0] INFO  statemachine.DatanodeStateMachine (DatanodeStateMachine.java:lambda$startDaemon$0(456)) - Ozone container server started.
2021-10-03 01:18:03,968 [Listener at 127.0.0.1/13840] INFO  ozone.HddsDatanodeService (HddsDatanodeService.java:start(234)) - HddsDatanodeService host:fv-az270-324.tacnzluakwdehk1hpragurqkma.bx.internal.cloudapp.net ip:10.1.0.5
2021-10-03 01:18:03,969 [org.apache.hadoop.util.JvmPauseMonitor$Monitor@45a030be] INFO  util.JvmPauseMonitor (JvmPauseMonitor.java:run(188)) - Starting JVM pause monitor
2021-10-03 01:18:03,978 [Datanode State Machine Task Thread - 0] INFO  datanode.InitDatanodeState (InitDatanodeState.java:persistContainerDatanodeDetails(145)) - DatanodeDetails is persisted to /home/runner/work/ozone/ozone/hadoop-ozone/integration-test/target/test-dir/MiniOzoneClusterImpl-94b7d1b3-e035-4e16-be06-258bf0b7295d/datanode-1/meta/datanode.id
2021-10-03 01:18:03,997 [Listener at 127.0.0.1/13840] INFO  upgrade.AbstractLayoutVersionManager (AbstractLayoutVersionManager.java:init(79)) - Initializing Layout version manager with metadata layout = SCM_HA (version = 2), software layout = SCM_HA (version = 2)
2021-10-03 01:18:04,040 [Listener at 127.0.0.1/13840] INFO  reflections.Reflections (Reflections.java:scan(232)) - Reflections took 41 ms to scan 7 urls, producing 119 keys and 275 values 
2021-10-03 01:18:04,045 [Listener at 127.0.0.1/13840] INFO  volume.HddsVolume (HddsVolume.java:<init>(120)) - Creating HddsVolume: /home/runner/work/ozone/ozone/hadoop-ozone/integration-test/target/test-dir/MiniOzoneClusterImpl-94b7d1b3-e035-4e16-be06-258bf0b7295d/datanode-2/data-0/containers/hdds of storage type : DISK capacity : 9223372036854775807
2021-10-03 01:18:04,045 [Listener at 127.0.0.1/13840] INFO  volume.MutableVolumeSet (MutableVolumeSet.java:initializeVolumeSet(168)) - Added Volume : /home/runner/work/ozone/ozone/hadoop-ozone/integration-test/target/test-dir/MiniOzoneClusterImpl-94b7d1b3-e035-4e16-be06-258bf0b7295d/datanode-2/data-0/containers/hdds to VolumeSet
2021-10-03 01:18:04,046 [Listener at 127.0.0.1/13840] INFO  volume.ThrottledAsyncChecker (ThrottledAsyncChecker.java:schedule(141)) - Scheduling a check for /home/runner/work/ozone/ozone/hadoop-ozone/integration-test/target/test-dir/MiniOzoneClusterImpl-94b7d1b3-e035-4e16-be06-258bf0b7295d/datanode-2/data-0/containers/hdds
2021-10-03 01:18:04,050 [Listener at 127.0.0.1/13840] INFO  volume.StorageVolumeChecker (StorageVolumeChecker.java:checkAllVolumes(202)) - Scheduled health check for volume /home/runner/work/ozone/ozone/hadoop-ozone/integration-test/target/test-dir/MiniOzoneClusterImpl-94b7d1b3-e035-4e16-be06-258bf0b7295d/datanode-2/data-0/containers/hdds
2021-10-03 01:18:04,066 [Listener at 127.0.0.1/13840] INFO  volume.MutableVolumeSet (MutableVolumeSet.java:initializeVolumeSet(168)) - Added Volume : /home/runner/work/ozone/ozone/hadoop-ozone/integration-test/target/test-dir/MiniOzoneClusterImpl-94b7d1b3-e035-4e16-be06-258bf0b7295d/datanode-2/data/ratis to VolumeSet
2021-10-03 01:18:04,066 [Listener at 127.0.0.1/13840] INFO  volume.ThrottledAsyncChecker (ThrottledAsyncChecker.java:schedule(141)) - Scheduling a check for /home/runner/work/ozone/ozone/hadoop-ozone/integration-test/target/test-dir/MiniOzoneClusterImpl-94b7d1b3-e035-4e16-be06-258bf0b7295d/datanode-2/data/ratis
2021-10-03 01:18:04,066 [Listener at 127.0.0.1/13840] INFO  volume.StorageVolumeChecker (StorageVolumeChecker.java:checkAllVolumes(202)) - Scheduled health check for volume /home/runner/work/ozone/ozone/hadoop-ozone/integration-test/target/test-dir/MiniOzoneClusterImpl-94b7d1b3-e035-4e16-be06-258bf0b7295d/datanode-2/data/ratis
2021-10-03 01:18:04,082 [Thread-251] INFO  ozoneimpl.ContainerReader (ContainerReader.java:readVolume(172)) - Finish verifying containers on volume /home/runner/work/ozone/ozone/hadoop-ozone/integration-test/target/test-dir/MiniOzoneClusterImpl-94b7d1b3-e035-4e16-be06-258bf0b7295d/datanode-2/data-0/containers/hdds
2021-10-03 01:18:04,082 [Listener at 127.0.0.1/13840] INFO  ozoneimpl.OzoneContainer (OzoneContainer.java:buildContainerSet(236)) - Build ContainerSet costs 0s
2021-10-03 01:18:04,086 [Listener at 127.0.0.1/13840] INFO  server.RaftServer (ConfUtils.java:logGet(44)) - raft.rpc.type = GRPC (default)
2021-10-03 01:18:04,086 [Listener at 127.0.0.1/13840] INFO  grpc.GrpcFactory (GrpcFactory.java:checkPooledByteBufAllocatorUseCacheForAllThreads(48)) - PERFORMANCE WARNING: useCacheForAllThreads is true that may cause Netty to create a lot garbage objects and, as a result, trigger GC.
	It is recommended to disable useCacheForAllThreads by setting -Dorg.apache.ratis.thirdparty.io.netty.allocator.useCacheForAllThreads=false in command line.
2021-10-03 01:18:04,086 [Listener at 127.0.0.1/13840] INFO  grpc.GrpcConfigKeys (ConfUtils.java:logGet(44)) - raft.grpc.admin.port = 0 (custom)
2021-10-03 01:18:04,087 [Listener at 127.0.0.1/13840] INFO  grpc.GrpcConfigKeys (ConfUtils.java:logGet(44)) - raft.grpc.client.port = 0 (custom)
2021-10-03 01:18:04,087 [Listener at 127.0.0.1/13840] INFO  grpc.GrpcConfigKeys (ConfUtils.java:logGet(44)) - raft.grpc.server.port = 0 (default)
2021-10-03 01:18:04,087 [Listener at 127.0.0.1/13840] INFO  server.GrpcService (ConfUtils.java:logGet(44)) - raft.grpc.message.size.max = 32MB (=33554432) (custom)
2021-10-03 01:18:04,087 [Listener at 127.0.0.1/13840] INFO  server.RaftServerConfigKeys (ConfUtils.java:logGet(44)) - raft.server.log.appender.buffer.byte-limit = 33554432 (custom)
2021-10-03 01:18:04,087 [Listener at 127.0.0.1/13840] INFO  server.GrpcService (ConfUtils.java:logGet(44)) - raft.grpc.flow.control.window = 5MB (=5242880) (custom)
2021-10-03 01:18:04,087 [Listener at 127.0.0.1/13840] INFO  server.RaftServerConfigKeys (ConfUtils.java:logGet(44)) - raft.server.rpc.request.timeout = 60s (custom)
2021-10-03 01:18:04,089 [Listener at 127.0.0.1/13840] INFO  impl.DataStreamServerImpl (ConfUtils.java:logGet(44)) - raft.datastream.type = DISABLED (default)
2021-10-03 01:18:04,089 [Listener at 127.0.0.1/13840] INFO  server.RaftServerConfigKeys (ConfUtils.java:logGet(44)) - raft.server.rpc.slowness.timeout = 300s (custom)
2021-10-03 01:18:04,089 [Listener at 127.0.0.1/13840] INFO  server.RaftServerConfigKeys (ConfUtils.java:logGet(44)) - raft.server.leaderelection.leader.step-down.wait-time = 10s (default)
2021-10-03 01:18:04,090 [Listener at 127.0.0.1/13840] INFO  server.RaftServerConfigKeys (ConfUtils.java:logGet(44)) - raft.server.storage.dir = [/home/runner/work/ozone/ozone/hadoop-ozone/integration-test/target/test-dir/MiniOzoneClusterImpl-94b7d1b3-e035-4e16-be06-258bf0b7295d/datanode-2/data/ratis] (custom)
2021-10-03 01:18:04,093 [Listener at 127.0.0.1/13840] INFO  http.BaseHttpServer (BaseHttpServer.java:newHttpServer2BuilderForOzone(209)) - Starting Web-server for hddsDatanode at: http://0.0.0.0:0
2021-10-03 01:18:04,093 [Listener at 127.0.0.1/13840] INFO  http.BaseHttpServer (BaseHttpServer.java:<init>(107)) - Hadoop Security Enabled: false Ozone Security Enabled: false Ozone HTTP Security Enabled: false 
2021-10-03 01:18:04,095 [Listener at 127.0.0.1/13840] INFO  server.AuthenticationFilter (AuthenticationFilter.java:constructSecretProvider(240)) - Unable to initialize FileSignerSecretProvider, falling back to use random secrets.
2021-10-03 01:18:04,095 [Listener at 127.0.0.1/13840] WARN  http.HttpRequestLog (HttpRequestLog.java:getRequestLog(103)) - Jetty request log can only be enabled using Log4j
2021-10-03 01:18:04,096 [Listener at 127.0.0.1/13840] INFO  http.HttpServer2 (HttpServer2.java:addGlobalFilter(1030)) - Added global filter 'safety' (class=org.apache.hadoop.hdds.server.http.HttpServer2$QuotingInputFilter)
2021-10-03 01:18:04,097 [Listener at 127.0.0.1/13840] INFO  http.HttpServer2 (HttpServer2.java:addFilter(1006)) - Added filter static_user_filter (class=org.apache.hadoop.http.lib.StaticUserWebFilter$StaticUserFilter) to context hddsDatanode
2021-10-03 01:18:04,097 [Listener at 127.0.0.1/13840] INFO  http.HttpServer2 (HttpServer2.java:addFilter(1014)) - Added filter static_user_filter (class=org.apache.hadoop.http.lib.StaticUserWebFilter$StaticUserFilter) to context static
2021-10-03 01:18:04,097 [Listener at 127.0.0.1/13840] INFO  http.HttpServer2 (HttpServer2.java:addFilter(1014)) - Added filter static_user_filter (class=org.apache.hadoop.http.lib.StaticUserWebFilter$StaticUserFilter) to context logs
2021-10-03 01:18:04,098 [Listener at 127.0.0.1/13840] INFO  http.HttpServer2 (HttpServer2.java:bindListener(1249)) - Jetty bound to port 39535
2021-10-03 01:18:04,098 [Listener at 127.0.0.1/13840] INFO  server.Server (Server.java:doStart(375)) - jetty-9.4.43.v20210629; built: 2021-06-30T11:07:22.254Z; git: 526006ecfa3af7f1a27ef3a288e2bef7ea9dd7e8; jvm 1.8.0_292-b10
2021-10-03 01:18:04,099 [Listener at 127.0.0.1/13840] INFO  server.session (DefaultSessionIdManager.java:doStart(334)) - DefaultSessionIdManager workerName=node0
2021-10-03 01:18:04,099 [Listener at 127.0.0.1/13840] INFO  server.session (DefaultSessionIdManager.java:doStart(339)) - No SessionScavenger set, using defaults
2021-10-03 01:18:04,100 [Listener at 127.0.0.1/13840] INFO  server.session (HouseKeeper.java:startScavenging(132)) - node0 Scavenging every 660000ms
2021-10-03 01:18:04,100 [Listener at 127.0.0.1/13840] INFO  handler.ContextHandler (ContextHandler.java:doStart(915)) - Started o.e.j.s.ServletContextHandler@5a0b3704{logs,/logs,file:///home/runner/work/ozone/ozone/hadoop-ozone/integration-test/target/log,AVAILABLE}
2021-10-03 01:18:04,101 [Listener at 127.0.0.1/13840] INFO  handler.ContextHandler (ContextHandler.java:doStart(915)) - Started o.e.j.s.ServletContextHandler@68300fe2{static,/static,jar:file:/home/runner/.m2/repository/org/apache/ozone/hdds-container-service/1.2.0-SNAPSHOT/hdds-container-service-1.2.0-SNAPSHOT.jar!/webapps/static,AVAILABLE}
2021-10-03 01:18:04,148 [Listener at 127.0.0.1/13840] INFO  handler.ContextHandler (ContextHandler.java:doStart(915)) - Started o.e.j.w.WebAppContext@d6b8c43{hddsDatanode,/,file:///tmp/jetty-0_0_0_0-39535-hdds-container-service-1_2_0-SNAPSHOT_jar-_-any-2173672030697710346/webapp/,AVAILABLE}{jar:file:/home/runner/.m2/repository/org/apache/ozone/hdds-container-service/1.2.0-SNAPSHOT/hdds-container-service-1.2.0-SNAPSHOT.jar!/webapps/hddsDatanode}
2021-10-03 01:18:04,150 [Listener at 127.0.0.1/13840] INFO  server.AbstractConnector (AbstractConnector.java:doStart(331)) - Started ServerConnector@247113ce{HTTP/1.1, (http/1.1)}{0.0.0.0:39535}
2021-10-03 01:18:04,150 [Listener at 127.0.0.1/13840] INFO  server.Server (Server.java:doStart(415)) - Started @9518ms
2021-10-03 01:18:04,150 [Listener at 127.0.0.1/13840] WARN  impl.MetricsSystemImpl (MetricsSystemImpl.java:register(279)) - Sink prometheus already exists!
2021-10-03 01:18:04,151 [Listener at 127.0.0.1/13840] INFO  http.BaseHttpServer (BaseHttpServer.java:updateConnectorAddress(329)) - HTTP server of hddsDatanode listening at http://0.0.0.0:39535
2021-10-03 01:18:04,159 [Datanode State Machine Thread - 0] INFO  statemachine.DatanodeStateMachine (DatanodeStateMachine.java:lambda$startDaemon$0(456)) - Ozone container server started.
2021-10-03 01:18:04,162 [Listener at 127.0.0.1/13840] INFO  ozone.MiniOzoneClusterImpl (MiniOzoneClusterImpl.java:lambda$waitForClusterToBeReady$0(235)) - Waiting for nodes to be ready. Got 0 of 3 DN Heartbeats.
2021-10-03 01:18:04,162 [Listener at 127.0.0.1/13840] INFO  ozone.MiniOzoneClusterImpl (MiniOzoneClusterImpl.java:lambda$waitForClusterToBeReady$0(238)) - Waiting for cluster to exit safe mode
2021-10-03 01:18:04,162 [Listener at 127.0.0.1/13840] INFO  ozone.MiniOzoneClusterImpl (MiniOzoneClusterImpl.java:lambda$waitForClusterToBeReady$0(240)) - SCM became leader
2021-10-03 01:18:04,166 [org.apache.hadoop.util.JvmPauseMonitor$Monitor@495c4e68] INFO  util.JvmPauseMonitor (JvmPauseMonitor.java:run(188)) - Starting JVM pause monitor
2021-10-03 01:18:04,171 [Datanode State Machine Task Thread - 0] INFO  datanode.InitDatanodeState (InitDatanodeState.java:persistContainerDatanodeDetails(145)) - DatanodeDetails is persisted to /home/runner/work/ozone/ozone/hadoop-ozone/integration-test/target/test-dir/MiniOzoneClusterImpl-94b7d1b3-e035-4e16-be06-258bf0b7295d/datanode-2/meta/datanode.id
2021-10-03 01:18:04,640 [omNode-3@group-523986131536-FollowerState] INFO  impl.FollowerState (FollowerState.java:run(134)) - omNode-3@group-523986131536-FollowerState: change to CANDIDATE, lastRpcElapsedTime:1017783726ns, electionTimeout:1017ms
2021-10-03 01:18:04,641 [omNode-3@group-523986131536-FollowerState] INFO  impl.RoleInfo (RoleInfo.java:shutdownFollowerState(108)) - omNode-3: shutdown omNode-3@group-523986131536-FollowerState
2021-10-03 01:18:04,641 [omNode-3@group-523986131536-FollowerState] INFO  server.RaftServer$Division (RaftServerImpl.java:setRole(285)) - omNode-3@group-523986131536: changes role from  FOLLOWER to CANDIDATE at term 1 for changeToCandidate
2021-10-03 01:18:04,657 [omNode-3@group-523986131536-FollowerState] INFO  server.RaftServerConfigKeys (ConfUtils.java:logGet(44)) - raft.server.leaderelection.pre-vote = false (custom)
2021-10-03 01:18:04,657 [omNode-3@group-523986131536-FollowerState] INFO  impl.RoleInfo (RoleInfo.java:updateAndGet(130)) - omNode-3: start omNode-3@group-523986131536-LeaderElection4
2021-10-03 01:18:04,660 [omNode-3@group-523986131536-LeaderElection4] INFO  impl.LeaderElection (LeaderElection.java:askForVotes(306)) - omNode-3@group-523986131536-LeaderElection4 ELECTION round 0: submit vote requests at term 2 for -1: [omNode-3|rpc:localhost:13844|priority:0, omNode-1|rpc:localhost:13832|priority:0, omNode-2|rpc:localhost:13838|priority:0], old=null
2021-10-03 01:18:04,668 [grpc-default-executor-5] INFO  server.RaftServer$Division (RaftServerImpl.java:requestVote(1043)) - omNode-2@group-523986131536: receive requestVote(ELECTION, omNode-3, group-523986131536, 2, (t:0, i:~))
2021-10-03 01:18:04,670 [grpc-default-executor-5] INFO  impl.VoteContext (VoteContext.java:log(48)) - omNode-2@group-523986131536-FOLLOWER: accept ELECTION from omNode-3: our priority 0 <= candidate's priority 0
2021-10-03 01:18:04,670 [grpc-default-executor-5] INFO  server.RaftServer$Division (RaftServerImpl.java:setRole(285)) - omNode-2@group-523986131536: changes role from  FOLLOWER to FOLLOWER at term 2 for candidate:omNode-3
2021-10-03 01:18:04,670 [grpc-default-executor-5] INFO  impl.RoleInfo (RoleInfo.java:shutdownFollowerState(108)) - omNode-2: shutdown omNode-2@group-523986131536-FollowerState
2021-10-03 01:18:04,670 [grpc-default-executor-5] INFO  impl.RoleInfo (RoleInfo.java:updateAndGet(130)) - omNode-2: start omNode-2@group-523986131536-FollowerState
2021-10-03 01:18:04,671 [omNode-2@group-523986131536-FollowerState] INFO  impl.FollowerState (FollowerState.java:run(143)) - omNode-2@group-523986131536-FollowerState was interrupted: {}
java.lang.InterruptedException: sleep interrupted
	at java.lang.Thread.sleep(Native Method)
	at java.lang.Thread.sleep(Thread.java:340)
	at java.util.concurrent.TimeUnit.sleep(TimeUnit.java:386)
	at org.apache.ratis.util.TimeDuration.sleep(TimeDuration.java:324)
	at org.apache.ratis.util.TimeDuration.sleep(TimeDuration.java:309)
	at org.apache.ratis.server.impl.FollowerState.run(FollowerState.java:118)
2021-10-03 01:18:04,674 [grpc-default-executor-5] INFO  server.RaftServer$Division (RaftServerImpl.java:requestVote(1075)) - omNode-2@group-523986131536 replies to ELECTION vote request: omNode-3<-omNode-2#0:OK-t2. Peer's state: omNode-2@group-523986131536:t2, leader=null, voted=omNode-3, raftlog=omNode-2@group-523986131536-SegmentedRaftLog:OPENED:c-1,f-1,i0, conf=-1: [omNode-3|rpc:localhost:13844|priority:0, omNode-1|rpc:localhost:13832|priority:0, omNode-2|rpc:localhost:13838|priority:0], old=null
2021-10-03 01:18:04,679 [grpc-default-executor-5] INFO  server.RaftServer$Division (RaftServerImpl.java:requestVote(1043)) - omNode-1@group-523986131536: receive requestVote(ELECTION, omNode-3, group-523986131536, 2, (t:0, i:~))
2021-10-03 01:18:04,679 [grpc-default-executor-5] INFO  impl.VoteContext (VoteContext.java:log(48)) - omNode-1@group-523986131536-FOLLOWER: accept ELECTION from omNode-3: our priority 0 <= candidate's priority 0
2021-10-03 01:18:04,679 [grpc-default-executor-5] INFO  server.RaftServer$Division (RaftServerImpl.java:setRole(285)) - omNode-1@group-523986131536: changes role from  FOLLOWER to FOLLOWER at term 2 for candidate:omNode-3
2021-10-03 01:18:04,679 [grpc-default-executor-5] INFO  impl.RoleInfo (RoleInfo.java:shutdownFollowerState(108)) - omNode-1: shutdown omNode-1@group-523986131536-FollowerState
2021-10-03 01:18:04,680 [omNode-1@group-523986131536-FollowerState] INFO  impl.FollowerState (FollowerState.java:run(143)) - omNode-1@group-523986131536-FollowerState was interrupted: {}
java.lang.InterruptedException: sleep interrupted
	at java.lang.Thread.sleep(Native Method)
	at java.lang.Thread.sleep(Thread.java:340)
	at java.util.concurrent.TimeUnit.sleep(TimeUnit.java:386)
	at org.apache.ratis.util.TimeDuration.sleep(TimeDuration.java:324)
	at org.apache.ratis.util.TimeDuration.sleep(TimeDuration.java:309)
	at org.apache.ratis.server.impl.FollowerState.run(FollowerState.java:118)
2021-10-03 01:18:04,680 [grpc-default-executor-5] INFO  impl.RoleInfo (RoleInfo.java:updateAndGet(130)) - omNode-1: start omNode-1@group-523986131536-FollowerState
2021-10-03 01:18:04,682 [omNode-3@group-523986131536-LeaderElection4] INFO  impl.LeaderElection (LeaderElection.java:logAndReturn(89)) - omNode-3@group-523986131536-LeaderElection4: ELECTION PASSED received 1 response(s) and 0 exception(s):
2021-10-03 01:18:04,682 [omNode-3@group-523986131536-LeaderElection4] INFO  impl.LeaderElection (LeaderElection.java:logAndReturn(93)) -   Response 0: omNode-3<-omNode-2#0:OK-t2
2021-10-03 01:18:04,682 [omNode-3@group-523986131536-LeaderElection4] INFO  impl.LeaderElection (LeaderElection.java:askForVotes(308)) - omNode-3@group-523986131536-LeaderElection4 ELECTION round 0: result PASSED
2021-10-03 01:18:04,682 [omNode-3@group-523986131536-LeaderElection4] INFO  impl.RoleInfo (RoleInfo.java:shutdownLeaderElection(121)) - omNode-3: shutdown omNode-3@group-523986131536-LeaderElection4
2021-10-03 01:18:04,682 [omNode-3@group-523986131536-LeaderElection4] INFO  server.RaftServer$Division (RaftServerImpl.java:setRole(285)) - omNode-3@group-523986131536: changes role from CANDIDATE to LEADER at term 2 for changeToLeader
2021-10-03 01:18:04,682 [omNode-3@group-523986131536-LeaderElection4] INFO  server.RaftServer$Division (ServerState.java:setLeader(285)) - omNode-3@group-523986131536: change Leader from null to omNode-3 at term 2 for becomeLeader, leader elected after 2522ms
2021-10-03 01:18:04,689 [omNode-3@group-523986131536-LeaderElection4] INFO  server.RaftServerConfigKeys (ConfUtils.java:logGet(44)) - raft.server.staging.catchup.gap = 1000 (default)
2021-10-03 01:18:04,690 [grpc-default-executor-5] INFO  server.RaftServer$Division (RaftServerImpl.java:requestVote(1075)) - omNode-1@group-523986131536 replies to ELECTION vote request: omNode-3<-omNode-1#0:OK-t2. Peer's state: omNode-1@group-523986131536:t2, leader=null, voted=omNode-3, raftlog=omNode-1@group-523986131536-SegmentedRaftLog:OPENED:c-1,f-1,i0, conf=-1: [omNode-3|rpc:localhost:13844|priority:0, omNode-1|rpc:localhost:13832|priority:0, omNode-2|rpc:localhost:13838|priority:0], old=null
2021-10-03 01:18:04,702 [omNode-3@group-523986131536-LeaderElection4] INFO  server.RaftServerConfigKeys (ConfUtils.java:logGet(44)) - raft.server.write.element-limit = 4096 (default)
2021-10-03 01:18:04,702 [omNode-3@group-523986131536-LeaderElection4] INFO  server.RaftServerConfigKeys (ConfUtils.java:logGet(44)) - raft.server.write.byte-limit = 64MB (=67108864) (default)
2021-10-03 01:18:04,711 [omNode-3@group-523986131536-LeaderElection4] INFO  server.RaftServerConfigKeys (ConfUtils.java:logGet(44)) - raft.server.watch.timeout = 10s (default)
2021-10-03 01:18:04,711 [omNode-3@group-523986131536-LeaderElection4] INFO  server.RaftServerConfigKeys (ConfUtils.java:logGet(44)) - raft.server.watch.timeout.denomination = 1s (default)
2021-10-03 01:18:04,712 [omNode-3@group-523986131536-LeaderElection4] INFO  server.RaftServerConfigKeys (ConfUtils.java:logGet(44)) - raft.server.watch.element-limit = 65536 (default)
2021-10-03 01:18:04,725 [omNode-3@group-523986131536-LeaderElection4] INFO  server.RaftServerConfigKeys (ConfUtils.java:logGet(44)) - raft.server.log.appender.snapshot.chunk.size.max = 16MB (=16777216) (default)
2021-10-03 01:18:04,725 [omNode-3@group-523986131536-LeaderElection4] INFO  server.RaftServerConfigKeys (ConfUtils.java:logGet(44)) - raft.server.log.appender.buffer.byte-limit = 33554432 (custom)
2021-10-03 01:18:04,725 [omNode-3@group-523986131536-LeaderElection4] INFO  server.RaftServerConfigKeys (ConfUtils.java:logGet(44)) - raft.server.log.appender.buffer.element-limit = 1024 (custom)
2021-10-03 01:18:04,728 [omNode-3@group-523986131536-LeaderElection4] INFO  grpc.GrpcConfigKeys (ConfUtils.java:logGet(44)) - raft.grpc.server.leader.outstanding.appends.max = 128 (default)
2021-10-03 01:18:04,729 [omNode-3@group-523986131536-LeaderElection4] INFO  server.RaftServerConfigKeys (ConfUtils.java:logGet(44)) - raft.server.rpc.request.timeout = 3000ms (default)
2021-10-03 01:18:04,729 [omNode-3@group-523986131536-LeaderElection4] INFO  server.RaftServerConfigKeys (ConfUtils.java:logGet(44)) - raft.server.log.appender.install.snapshot.enabled = false (custom)
2021-10-03 01:18:04,740 [omNode-3@group-523986131536-LeaderElection4] INFO  server.RaftServerConfigKeys (ConfUtils.java:logGet(44)) - raft.server.log.appender.snapshot.chunk.size.max = 16MB (=16777216) (default)
2021-10-03 01:18:04,740 [omNode-3@group-523986131536-LeaderElection4] INFO  server.RaftServerConfigKeys (ConfUtils.java:logGet(44)) - raft.server.log.appender.buffer.byte-limit = 33554432 (custom)
2021-10-03 01:18:04,741 [omNode-3@group-523986131536-LeaderElection4] INFO  server.RaftServerConfigKeys (ConfUtils.java:logGet(44)) - raft.server.log.appender.buffer.element-limit = 1024 (custom)
2021-10-03 01:18:04,741 [omNode-3@group-523986131536-LeaderElection4] INFO  grpc.GrpcConfigKeys (ConfUtils.java:logGet(44)) - raft.grpc.server.leader.outstanding.appends.max = 128 (default)
2021-10-03 01:18:04,741 [omNode-3@group-523986131536-LeaderElection4] INFO  server.RaftServerConfigKeys (ConfUtils.java:logGet(44)) - raft.server.rpc.request.timeout = 3000ms (default)
2021-10-03 01:18:04,741 [omNode-3@group-523986131536-LeaderElection4] INFO  server.RaftServerConfigKeys (ConfUtils.java:logGet(44)) - raft.server.log.appender.install.snapshot.enabled = false (custom)
2021-10-03 01:18:04,750 [omNode-3@group-523986131536-LeaderElection4] INFO  impl.RoleInfo (RoleInfo.java:updateAndGet(130)) - omNode-3: start omNode-3@group-523986131536-LeaderStateImpl
2021-10-03 01:18:04,771 [omNode-3@group-523986131536-LeaderElection4] INFO  segmented.SegmentedRaftLogWorker (SegmentedRaftLogWorker.java:startLogSegment(394)) - omNode-3@group-523986131536-SegmentedRaftLogWorker: Starting segment from index:0
2021-10-03 01:18:04,818 [omNode-3@group-523986131536-LeaderElection4] INFO  server.RaftServer$Division (ServerState.java:setRaftConf(387)) - omNode-3@group-523986131536: set configuration 0: [omNode-3|rpc:localhost:13844|admin:|client:|dataStream:|priority:0, omNode-1|rpc:localhost:13832|admin:|client:|dataStream:|priority:0, omNode-2|rpc:localhost:13838|admin:|client:|dataStream:|priority:0], old=null
2021-10-03 01:18:04,853 [grpc-default-executor-4] INFO  server.RaftServer$Division (ServerState.java:setLeader(285)) - omNode-2@group-523986131536: change Leader from null to omNode-3 at term 2 for appendEntries, leader elected after 3063ms
2021-10-03 01:18:04,874 [grpc-default-executor-5] INFO  server.RaftServer$Division (ServerState.java:setLeader(285)) - omNode-1@group-523986131536: change Leader from null to omNode-3 at term 2 for appendEntries, leader elected after 3630ms
2021-10-03 01:18:04,890 [grpc-default-executor-4] INFO  server.RaftServer$Division (ServerState.java:setRaftConf(387)) - omNode-2@group-523986131536: set configuration 0: [omNode-3|rpc:localhost:13844|admin:|client:|dataStream:|priority:0, omNode-1|rpc:localhost:13832|admin:|client:|dataStream:|priority:0, omNode-2|rpc:localhost:13838|admin:|client:|dataStream:|priority:0], old=null
2021-10-03 01:18:04,906 [grpc-default-executor-4] INFO  segmented.SegmentedRaftLogWorker (SegmentedRaftLogWorker.java:startLogSegment(394)) - omNode-2@group-523986131536-SegmentedRaftLogWorker: Starting segment from index:0
2021-10-03 01:18:04,906 [grpc-default-executor-5] INFO  server.RaftServer$Division (ServerState.java:setRaftConf(387)) - omNode-1@group-523986131536: set configuration 0: [omNode-3|rpc:localhost:13844|admin:|client:|dataStream:|priority:0, omNode-1|rpc:localhost:13832|admin:|client:|dataStream:|priority:0, omNode-2|rpc:localhost:13838|admin:|client:|dataStream:|priority:0], old=null
2021-10-03 01:18:04,907 [grpc-default-executor-5] INFO  segmented.SegmentedRaftLogWorker (SegmentedRaftLogWorker.java:startLogSegment(394)) - omNode-1@group-523986131536-SegmentedRaftLogWorker: Starting segment from index:0
2021-10-03 01:18:04,996 [omNode-1@group-523986131536-SegmentedRaftLogWorker] INFO  segmented.SegmentedRaftLogWorker (SegmentedRaftLogWorker.java:execute(601)) - omNode-1@group-523986131536-SegmentedRaftLogWorker: created new log segment /home/runner/work/ozone/ozone/hadoop-ozone/integration-test/target/test-dir/MiniOzoneClusterImpl-94b7d1b3-e035-4e16-be06-258bf0b7295d/omNode-1/ratis/c9bc4cf4-3bc3-3c60-a66b-523986131536/current/log_inprogress_0
2021-10-03 01:18:04,996 [omNode-3@group-523986131536-SegmentedRaftLogWorker] INFO  segmented.SegmentedRaftLogWorker (SegmentedRaftLogWorker.java:execute(601)) - omNode-3@group-523986131536-SegmentedRaftLogWorker: created new log segment /home/runner/work/ozone/ozone/hadoop-ozone/integration-test/target/test-dir/MiniOzoneClusterImpl-94b7d1b3-e035-4e16-be06-258bf0b7295d/omNode-3/ratis/c9bc4cf4-3bc3-3c60-a66b-523986131536/current/log_inprogress_0
2021-10-03 01:18:04,997 [omNode-2@group-523986131536-SegmentedRaftLogWorker] INFO  segmented.SegmentedRaftLogWorker (SegmentedRaftLogWorker.java:execute(601)) - omNode-2@group-523986131536-SegmentedRaftLogWorker: created new log segment /home/runner/work/ozone/ozone/hadoop-ozone/integration-test/target/test-dir/MiniOzoneClusterImpl-94b7d1b3-e035-4e16-be06-258bf0b7295d/omNode-2/ratis/c9bc4cf4-3bc3-3c60-a66b-523986131536/current/log_inprogress_0
2021-10-03 01:18:05,099 [omNode-3@group-523986131536-StateMachineUpdater] INFO  ratis.OzoneManagerStateMachine (OzoneManagerStateMachine.java:notifyConfigurationChanged(188)) - Received Configuration change notification from Ratis. New Peer list:
[id: "omNode-3"
address: "localhost:13844"
, id: "omNode-1"
address: "localhost:13832"
, id: "omNode-2"
address: "localhost:13838"
]
2021-10-03 01:18:05,163 [Listener at 127.0.0.1/13840] INFO  ozone.MiniOzoneClusterImpl (MiniOzoneClusterImpl.java:lambda$waitForClusterToBeReady$0(235)) - Waiting for nodes to be ready. Got 0 of 3 DN Heartbeats.
2021-10-03 01:18:05,163 [Listener at 127.0.0.1/13840] INFO  ozone.MiniOzoneClusterImpl (MiniOzoneClusterImpl.java:lambda$waitForClusterToBeReady$0(238)) - Waiting for cluster to exit safe mode
2021-10-03 01:18:05,163 [Listener at 127.0.0.1/13840] INFO  ozone.MiniOzoneClusterImpl (MiniOzoneClusterImpl.java:lambda$waitForClusterToBeReady$0(240)) - SCM became leader
2021-10-03 01:18:05,515 [omNode-1@group-523986131536-StateMachineUpdater] INFO  ratis.OzoneManagerStateMachine (OzoneManagerStateMachine.java:notifyConfigurationChanged(188)) - Received Configuration change notification from Ratis. New Peer list:
[id: "omNode-3"
address: "localhost:13844"
, id: "omNode-1"
address: "localhost:13832"
, id: "omNode-2"
address: "localhost:13838"
]
2021-10-03 01:18:05,527 [omNode-2@group-523986131536-StateMachineUpdater] INFO  ratis.OzoneManagerStateMachine (OzoneManagerStateMachine.java:notifyConfigurationChanged(188)) - Received Configuration change notification from Ratis. New Peer list:
[id: "omNode-3"
address: "localhost:13844"
, id: "omNode-1"
address: "localhost:13832"
, id: "omNode-2"
address: "localhost:13838"
]
2021-10-03 01:18:05,805 [EndpointStateMachine task thread for /0.0.0.0:33809 - 0 ] INFO  ozoneimpl.OzoneContainer (OzoneContainer.java:start(304)) - Attempting to start container services.
2021-10-03 01:18:05,806 [EndpointStateMachine task thread for /0.0.0.0:33809 - 0 ] INFO  ozoneimpl.OzoneContainer (OzoneContainer.java:startContainerScrub(249)) - Background container scanner has been disabled.
2021-10-03 01:18:05,811 [EndpointStateMachine task thread for /0.0.0.0:33809 - 0 ] INFO  replication.ReplicationServer (ReplicationServer.java:start(107)) - ReplicationServer is started using port 40625
2021-10-03 01:18:05,815 [EndpointStateMachine task thread for /0.0.0.0:33809 - 0 ] INFO  ratis.XceiverServerRatis (XceiverServerRatis.java:start(482)) - Starting XceiverServerRatis f844ae54-3f94-4df9-9fa7-4ad78c0e036b
2021-10-03 01:18:05,816 [EndpointStateMachine task thread for /0.0.0.0:33809 - 0 ] INFO  server.RaftServer (RaftServerProxy.java:lambda$start$5(374)) - f844ae54-3f94-4df9-9fa7-4ad78c0e036b: start RPC server
2021-10-03 01:18:05,819 [EndpointStateMachine task thread for /0.0.0.0:33809 - 0 ] INFO  server.GrpcService (GrpcService.java:startImpl(253)) - f844ae54-3f94-4df9-9fa7-4ad78c0e036b: GrpcService started, listening on 37881
2021-10-03 01:18:05,820 [EndpointStateMachine task thread for /0.0.0.0:33809 - 0 ] INFO  ratis.XceiverServerRatis (XceiverServerRatis.java:getRealPort(503)) - XceiverServerRatis f844ae54-3f94-4df9-9fa7-4ad78c0e036b is started using port 37881 for RATIS
2021-10-03 01:18:05,820 [EndpointStateMachine task thread for /0.0.0.0:33809 - 0 ] INFO  ratis.XceiverServerRatis (XceiverServerRatis.java:getRealPort(503)) - XceiverServerRatis f844ae54-3f94-4df9-9fa7-4ad78c0e036b is started using port 37881 for RATIS_ADMIN
2021-10-03 01:18:05,820 [EndpointStateMachine task thread for /0.0.0.0:33809 - 0 ] INFO  ratis.XceiverServerRatis (XceiverServerRatis.java:getRealPort(503)) - XceiverServerRatis f844ae54-3f94-4df9-9fa7-4ad78c0e036b is started using port 37881 for RATIS_SERVER
2021-10-03 01:18:05,820 [org.apache.ratis.util.JvmPauseMonitor$$Lambda$523/2137356424@44dd18d2] INFO  util.JvmPauseMonitor (JvmPauseMonitor.java:run(103)) - JvmPauseMonitor-f844ae54-3f94-4df9-9fa7-4ad78c0e036b: Started
2021-10-03 01:18:05,821 [EndpointStateMachine task thread for /0.0.0.0:33809 - 0 ] INFO  server.XceiverServerGrpc (XceiverServerGrpc.java:start(135)) - XceiverServerGrpc f844ae54-3f94-4df9-9fa7-4ad78c0e036b is started using port 46213
2021-10-03 01:18:05,976 [EndpointStateMachine task thread for /0.0.0.0:33809 - 0 ] INFO  ozoneimpl.OzoneContainer (OzoneContainer.java:start(304)) - Attempting to start container services.
2021-10-03 01:18:05,976 [EndpointStateMachine task thread for /0.0.0.0:33809 - 0 ] INFO  ozoneimpl.OzoneContainer (OzoneContainer.java:startContainerScrub(249)) - Background container scanner has been disabled.
2021-10-03 01:18:05,980 [EndpointStateMachine task thread for /0.0.0.0:33809 - 0 ] INFO  replication.ReplicationServer (ReplicationServer.java:start(107)) - ReplicationServer is started using port 34031
2021-10-03 01:18:05,982 [EndpointStateMachine task thread for /0.0.0.0:33809 - 0 ] INFO  ratis.XceiverServerRatis (XceiverServerRatis.java:start(482)) - Starting XceiverServerRatis a19c5b13-c841-42c6-b325-8b067fb1470f
2021-10-03 01:18:05,983 [EndpointStateMachine task thread for /0.0.0.0:33809 - 0 ] INFO  server.RaftServer (RaftServerProxy.java:lambda$start$5(374)) - a19c5b13-c841-42c6-b325-8b067fb1470f: start RPC server
2021-10-03 01:18:05,987 [EndpointStateMachine task thread for /0.0.0.0:33809 - 0 ] INFO  server.GrpcService (GrpcService.java:startImpl(253)) - a19c5b13-c841-42c6-b325-8b067fb1470f: GrpcService started, listening on 43783
2021-10-03 01:18:05,990 [EndpointStateMachine task thread for /0.0.0.0:33809 - 0 ] INFO  ratis.XceiverServerRatis (XceiverServerRatis.java:getRealPort(503)) - XceiverServerRatis a19c5b13-c841-42c6-b325-8b067fb1470f is started using port 43783 for RATIS
2021-10-03 01:18:05,990 [org.apache.ratis.util.JvmPauseMonitor$$Lambda$523/2137356424@5586789b] INFO  util.JvmPauseMonitor (JvmPauseMonitor.java:run(103)) - JvmPauseMonitor-a19c5b13-c841-42c6-b325-8b067fb1470f: Started
2021-10-03 01:18:05,990 [EndpointStateMachine task thread for /0.0.0.0:33809 - 0 ] INFO  ratis.XceiverServerRatis (XceiverServerRatis.java:getRealPort(503)) - XceiverServerRatis a19c5b13-c841-42c6-b325-8b067fb1470f is started using port 43783 for RATIS_ADMIN
2021-10-03 01:18:05,990 [EndpointStateMachine task thread for /0.0.0.0:33809 - 0 ] INFO  ratis.XceiverServerRatis (XceiverServerRatis.java:getRealPort(503)) - XceiverServerRatis a19c5b13-c841-42c6-b325-8b067fb1470f is started using port 43783 for RATIS_SERVER
2021-10-03 01:18:05,991 [EndpointStateMachine task thread for /0.0.0.0:33809 - 0 ] INFO  server.XceiverServerGrpc (XceiverServerGrpc.java:start(135)) - XceiverServerGrpc a19c5b13-c841-42c6-b325-8b067fb1470f is started using port 39907
2021-10-03 01:18:06,163 [Listener at 127.0.0.1/13840] INFO  ozone.MiniOzoneClusterImpl (MiniOzoneClusterImpl.java:lambda$waitForClusterToBeReady$0(235)) - Waiting for nodes to be ready. Got 0 of 3 DN Heartbeats.
2021-10-03 01:18:06,164 [Listener at 127.0.0.1/13840] INFO  ozone.MiniOzoneClusterImpl (MiniOzoneClusterImpl.java:lambda$waitForClusterToBeReady$0(238)) - Waiting for cluster to exit safe mode
2021-10-03 01:18:06,164 [Listener at 127.0.0.1/13840] INFO  ozone.MiniOzoneClusterImpl (MiniOzoneClusterImpl.java:lambda$waitForClusterToBeReady$0(240)) - SCM became leader
2021-10-03 01:18:06,172 [EndpointStateMachine task thread for /0.0.0.0:33809 - 0 ] INFO  ozoneimpl.OzoneContainer (OzoneContainer.java:start(304)) - Attempting to start container services.
2021-10-03 01:18:06,173 [EndpointStateMachine task thread for /0.0.0.0:33809 - 0 ] INFO  ozoneimpl.OzoneContainer (OzoneContainer.java:startContainerScrub(249)) - Background container scanner has been disabled.
2021-10-03 01:18:06,175 [EndpointStateMachine task thread for /0.0.0.0:33809 - 0 ] INFO  replication.ReplicationServer (ReplicationServer.java:start(107)) - ReplicationServer is started using port 41271
2021-10-03 01:18:06,175 [EndpointStateMachine task thread for /0.0.0.0:33809 - 0 ] INFO  ratis.XceiverServerRatis (XceiverServerRatis.java:start(482)) - Starting XceiverServerRatis d5bd9e96-1863-4ce9-9391-5504d61c6bbd
2021-10-03 01:18:06,176 [EndpointStateMachine task thread for /0.0.0.0:33809 - 0 ] INFO  server.RaftServer (RaftServerProxy.java:lambda$start$5(374)) - d5bd9e96-1863-4ce9-9391-5504d61c6bbd: start RPC server
2021-10-03 01:18:06,177 [EndpointStateMachine task thread for /0.0.0.0:33809 - 0 ] INFO  server.GrpcService (GrpcService.java:startImpl(253)) - d5bd9e96-1863-4ce9-9391-5504d61c6bbd: GrpcService started, listening on 33279
2021-10-03 01:18:06,178 [EndpointStateMachine task thread for /0.0.0.0:33809 - 0 ] INFO  ratis.XceiverServerRatis (XceiverServerRatis.java:getRealPort(503)) - XceiverServerRatis d5bd9e96-1863-4ce9-9391-5504d61c6bbd is started using port 33279 for RATIS
2021-10-03 01:18:06,178 [org.apache.ratis.util.JvmPauseMonitor$$Lambda$523/2137356424@36d37b6e] INFO  util.JvmPauseMonitor (JvmPauseMonitor.java:run(103)) - JvmPauseMonitor-d5bd9e96-1863-4ce9-9391-5504d61c6bbd: Started
2021-10-03 01:18:06,178 [EndpointStateMachine task thread for /0.0.0.0:33809 - 0 ] INFO  ratis.XceiverServerRatis (XceiverServerRatis.java:getRealPort(503)) - XceiverServerRatis d5bd9e96-1863-4ce9-9391-5504d61c6bbd is started using port 33279 for RATIS_ADMIN
2021-10-03 01:18:06,178 [EndpointStateMachine task thread for /0.0.0.0:33809 - 0 ] INFO  ratis.XceiverServerRatis (XceiverServerRatis.java:getRealPort(503)) - XceiverServerRatis d5bd9e96-1863-4ce9-9391-5504d61c6bbd is started using port 33279 for RATIS_SERVER
2021-10-03 01:18:06,183 [EndpointStateMachine task thread for /0.0.0.0:33809 - 0 ] INFO  server.XceiverServerGrpc (XceiverServerGrpc.java:start(135)) - XceiverServerGrpc d5bd9e96-1863-4ce9-9391-5504d61c6bbd is started using port 42685
2021-10-03 01:18:07,164 [Listener at 127.0.0.1/13840] INFO  ozone.MiniOzoneClusterImpl (MiniOzoneClusterImpl.java:lambda$waitForClusterToBeReady$0(235)) - Waiting for nodes to be ready. Got 0 of 3 DN Heartbeats.
2021-10-03 01:18:07,164 [Listener at 127.0.0.1/13840] INFO  ozone.MiniOzoneClusterImpl (MiniOzoneClusterImpl.java:lambda$waitForClusterToBeReady$0(238)) - Waiting for cluster to exit safe mode
2021-10-03 01:18:07,165 [Listener at 127.0.0.1/13840] INFO  ozone.MiniOzoneClusterImpl (MiniOzoneClusterImpl.java:lambda$waitForClusterToBeReady$0(240)) - SCM became leader
2021-10-03 01:18:07,751 [IPC Server handler 1 on default port 33809] INFO  net.NetworkTopologyImpl (NetworkTopologyImpl.java:add(112)) - Added a new node: /default-rack/f844ae54-3f94-4df9-9fa7-4ad78c0e036b
2021-10-03 01:18:07,753 [IPC Server handler 1 on default port 33809] INFO  node.SCMNodeManager (SCMNodeManager.java:register(389)) - Registered Data node : f844ae54-3f94-4df9-9fa7-4ad78c0e036b{ip: 10.1.0.5, host: fv-az270-324.tacnzluakwdehk1hpragurqkma.bx.internal.cloudapp.net, ports: [REPLICATION=40625, RATIS=37881, RATIS_ADMIN=37881, RATIS_SERVER=37881, STANDALONE=46213], networkLocation: /default-rack, certSerialId: null, persistedOpState: null, persistedOpStateExpiryEpochSec: 0}
2021-10-03 01:18:07,756 [EventQueue-NewNodeForNewNodeHandler] INFO  pipeline.BackgroundPipelineCreator (BackgroundPipelineCreatorV2.java:notifyEventTriggered(285)) - trigger a one-shot run on RatisPipelineUtilsThread.
2021-10-03 01:18:07,765 [EventQueue-NodeRegistrationContainerReportForContainerSafeModeRule] INFO  safemode.SCMSafeModeManager (SCMSafeModeManager.java:validateSafeModeExitRules(204)) - ContainerSafeModeRule rule is successfully validated
2021-10-03 01:18:07,767 [EventQueue-NodeRegistrationContainerReportForDataNodeSafeModeRule] INFO  safemode.SCMSafeModeManager (DataNodeSafeModeRule.java:process(71)) - SCM in safe mode. 1 DataNodes registered, 3 required.
2021-10-03 01:18:07,767 [RatisPipelineUtilsThread - 0] INFO  pipeline.RatisPipelineProvider (RatisPipelineProvider.java:lambda$create$0(183)) - Sending CreatePipelineCommand for pipeline:PipelineID=6b5ebb02-6337-43c7-be7c-d43ca352d0ab to datanode:f844ae54-3f94-4df9-9fa7-4ad78c0e036b
2021-10-03 01:18:07,771 [EventQueue-PipelineReportForOneReplicaPipelineSafeModeRule] INFO  safemode.SCMSafeModeManager (SCMSafeModeManager.java:validateSafeModeExitRules(204)) - AtleastOneDatanodeReportedRule rule is successfully validated
2021-10-03 01:18:07,778 [RatisPipelineUtilsThread - 0] INFO  pipeline.PipelineStateManagerImpl (PipelineStateManagerImpl.java:addPipeline(101)) - Created pipeline Pipeline[ Id: 6b5ebb02-6337-43c7-be7c-d43ca352d0ab, Nodes: f844ae54-3f94-4df9-9fa7-4ad78c0e036b{ip: 10.1.0.5, host: fv-az270-324.tacnzluakwdehk1hpragurqkma.bx.internal.cloudapp.net, ports: [REPLICATION=40625, RATIS=37881, RATIS_ADMIN=37881, RATIS_SERVER=37881, STANDALONE=46213], networkLocation: /default-rack, certSerialId: null, persistedOpState: IN_SERVICE, persistedOpStateExpiryEpochSec: 0}, ReplicationConfig: RATIS/ONE, State:ALLOCATED, leaderId:, CreationTimestamp2021-10-03T01:18:07.764Z[Etc/UTC]].
2021-10-03 01:18:07,972 [IPC Server handler 2 on default port 33809] INFO  net.NetworkTopologyImpl (NetworkTopologyImpl.java:add(112)) - Added a new node: /default-rack/a19c5b13-c841-42c6-b325-8b067fb1470f
2021-10-03 01:18:07,973 [IPC Server handler 2 on default port 33809] INFO  node.SCMNodeManager (SCMNodeManager.java:register(389)) - Registered Data node : a19c5b13-c841-42c6-b325-8b067fb1470f{ip: 10.1.0.5, host: fv-az270-324.tacnzluakwdehk1hpragurqkma.bx.internal.cloudapp.net, ports: [REPLICATION=34031, RATIS=43783, RATIS_ADMIN=43783, RATIS_SERVER=43783, STANDALONE=39907], networkLocation: /default-rack, certSerialId: null, persistedOpState: null, persistedOpStateExpiryEpochSec: 0}
2021-10-03 01:18:07,973 [EventQueue-NewNodeForNewNodeHandler] INFO  pipeline.BackgroundPipelineCreator (BackgroundPipelineCreatorV2.java:notifyEventTriggered(285)) - trigger a one-shot run on RatisPipelineUtilsThread.
2021-10-03 01:18:07,977 [EventQueue-NodeRegistrationContainerReportForDataNodeSafeModeRule] INFO  safemode.SCMSafeModeManager (DataNodeSafeModeRule.java:process(71)) - SCM in safe mode. 2 DataNodes registered, 3 required.
2021-10-03 01:18:07,979 [RatisPipelineUtilsThread - 0] INFO  pipeline.RatisPipelineProvider (RatisPipelineProvider.java:lambda$create$0(183)) - Sending CreatePipelineCommand for pipeline:PipelineID=4a17fa20-8830-4f00-b845-fe240f0539aa to datanode:a19c5b13-c841-42c6-b325-8b067fb1470f
2021-10-03 01:18:07,979 [RatisPipelineUtilsThread - 0] INFO  pipeline.PipelineStateManagerImpl (PipelineStateManagerImpl.java:addPipeline(101)) - Created pipeline Pipeline[ Id: 4a17fa20-8830-4f00-b845-fe240f0539aa, Nodes: a19c5b13-c841-42c6-b325-8b067fb1470f{ip: 10.1.0.5, host: fv-az270-324.tacnzluakwdehk1hpragurqkma.bx.internal.cloudapp.net, ports: [REPLICATION=34031, RATIS=43783, RATIS_ADMIN=43783, RATIS_SERVER=43783, STANDALONE=39907], networkLocation: /default-rack, certSerialId: null, persistedOpState: IN_SERVICE, persistedOpStateExpiryEpochSec: 0}, ReplicationConfig: RATIS/ONE, State:ALLOCATED, leaderId:, CreationTimestamp2021-10-03T01:18:07.979Z[Etc/UTC]].
2021-10-03 01:18:08,165 [Listener at 127.0.0.1/13840] INFO  ozone.MiniOzoneClusterImpl (MiniOzoneClusterImpl.java:lambda$waitForClusterToBeReady$0(235)) - Waiting for nodes to be ready. Got 2 of 3 DN Heartbeats.
2021-10-03 01:18:08,165 [Listener at 127.0.0.1/13840] INFO  ozone.MiniOzoneClusterImpl (MiniOzoneClusterImpl.java:lambda$waitForClusterToBeReady$0(238)) - Waiting for cluster to exit safe mode
2021-10-03 01:18:08,165 [Listener at 127.0.0.1/13840] INFO  ozone.MiniOzoneClusterImpl (MiniOzoneClusterImpl.java:lambda$waitForClusterToBeReady$0(240)) - SCM became leader
2021-10-03 01:18:08,169 [IPC Server handler 0 on default port 33809] INFO  net.NetworkTopologyImpl (NetworkTopologyImpl.java:add(112)) - Added a new node: /default-rack/d5bd9e96-1863-4ce9-9391-5504d61c6bbd
2021-10-03 01:18:08,170 [IPC Server handler 0 on default port 33809] INFO  node.SCMNodeManager (SCMNodeManager.java:register(389)) - Registered Data node : d5bd9e96-1863-4ce9-9391-5504d61c6bbd{ip: 10.1.0.5, host: fv-az270-324.tacnzluakwdehk1hpragurqkma.bx.internal.cloudapp.net, ports: [REPLICATION=41271, RATIS=33279, RATIS_ADMIN=33279, RATIS_SERVER=33279, STANDALONE=42685], networkLocation: /default-rack, certSerialId: null, persistedOpState: null, persistedOpStateExpiryEpochSec: 0}
2021-10-03 01:18:08,170 [EventQueue-NewNodeForNewNodeHandler] INFO  pipeline.BackgroundPipelineCreator (BackgroundPipelineCreatorV2.java:notifyEventTriggered(285)) - trigger a one-shot run on RatisPipelineUtilsThread.
2021-10-03 01:18:08,171 [RatisPipelineUtilsThread - 0] INFO  pipeline.RatisPipelineProvider (RatisPipelineProvider.java:lambda$create$0(183)) - Sending CreatePipelineCommand for pipeline:PipelineID=3f6ca919-cf19-4039-93c0-96fccb70bde5 to datanode:d5bd9e96-1863-4ce9-9391-5504d61c6bbd
2021-10-03 01:18:08,171 [RatisPipelineUtilsThread - 0] INFO  pipeline.PipelineStateManagerImpl (PipelineStateManagerImpl.java:addPipeline(101)) - Created pipeline Pipeline[ Id: 3f6ca919-cf19-4039-93c0-96fccb70bde5, Nodes: d5bd9e96-1863-4ce9-9391-5504d61c6bbd{ip: 10.1.0.5, host: fv-az270-324.tacnzluakwdehk1hpragurqkma.bx.internal.cloudapp.net, ports: [REPLICATION=41271, RATIS=33279, RATIS_ADMIN=33279, RATIS_SERVER=33279, STANDALONE=42685], networkLocation: /default-rack, certSerialId: null, persistedOpState: IN_SERVICE, persistedOpStateExpiryEpochSec: 0}, ReplicationConfig: RATIS/ONE, State:ALLOCATED, leaderId:, CreationTimestamp2021-10-03T01:18:08.171Z[Etc/UTC]].
2021-10-03 01:18:08,172 [EventQueue-NodeRegistrationContainerReportForDataNodeSafeModeRule] INFO  safemode.SCMSafeModeManager (DataNodeSafeModeRule.java:process(71)) - SCM in safe mode. 3 DataNodes registered, 3 required.
2021-10-03 01:18:08,172 [EventQueue-NodeRegistrationContainerReportForDataNodeSafeModeRule] INFO  safemode.SCMSafeModeManager (SCMSafeModeManager.java:validateSafeModeExitRules(204)) - DataNodeSafeModeRule rule is successfully validated
2021-10-03 01:18:08,172 [EventQueue-NodeRegistrationContainerReportForDataNodeSafeModeRule] INFO  safemode.SCMSafeModeManager (SCMSafeModeManager.java:completePreCheck(233)) - All SCM safe mode pre check rules have passed
2021-10-03 01:18:08,172 [EventQueue-NodeRegistrationContainerReportForDataNodeSafeModeRule] WARN  events.EventQueue (EventQueue.java:fireEvent(194)) - No event handler registered for event TypedEvent{payloadType=SafeModeStatus, name='Safe mode status'}
2021-10-03 01:18:08,172 [EventQueue-NodeRegistrationContainerReportForDataNodeSafeModeRule] INFO  ha.SCMContext (SCMContext.java:updateSafeModeStatus(205)) - Update SafeModeStatus from SafeModeStatus{safeModeStatus=true, preCheckPassed=false} to SafeModeStatus{safeModeStatus=true, preCheckPassed=true}.
2021-10-03 01:18:08,172 [EventQueue-NodeRegistrationContainerReportForDataNodeSafeModeRule] INFO  pipeline.BackgroundPipelineCreator (BackgroundPipelineCreatorV2.java:notifyEventTriggered(285)) - trigger a one-shot run on RatisPipelineUtilsThread.
2021-10-03 01:18:08,176 [RatisPipelineUtilsThread - 0] INFO  pipeline.RatisPipelineProvider (RatisPipelineProvider.java:lambda$create$0(183)) - Sending CreatePipelineCommand for pipeline:PipelineID=b6ae24f9-889c-492b-be79-25b70e0f3051 to datanode:d5bd9e96-1863-4ce9-9391-5504d61c6bbd
2021-10-03 01:18:08,177 [RatisPipelineUtilsThread - 0] INFO  pipeline.RatisPipelineProvider (RatisPipelineProvider.java:lambda$create$0(183)) - Sending CreatePipelineCommand for pipeline:PipelineID=b6ae24f9-889c-492b-be79-25b70e0f3051 to datanode:a19c5b13-c841-42c6-b325-8b067fb1470f
2021-10-03 01:18:08,177 [RatisPipelineUtilsThread - 0] INFO  pipeline.RatisPipelineProvider (RatisPipelineProvider.java:lambda$create$0(183)) - Sending CreatePipelineCommand for pipeline:PipelineID=b6ae24f9-889c-492b-be79-25b70e0f3051 to datanode:f844ae54-3f94-4df9-9fa7-4ad78c0e036b
2021-10-03 01:18:08,178 [RatisPipelineUtilsThread - 0] INFO  pipeline.PipelineStateManagerImpl (PipelineStateManagerImpl.java:addPipeline(101)) - Created pipeline Pipeline[ Id: b6ae24f9-889c-492b-be79-25b70e0f3051, Nodes: d5bd9e96-1863-4ce9-9391-5504d61c6bbd{ip: 10.1.0.5, host: fv-az270-324.tacnzluakwdehk1hpragurqkma.bx.internal.cloudapp.net, ports: [REPLICATION=41271, RATIS=33279, RATIS_ADMIN=33279, RATIS_SERVER=33279, STANDALONE=42685], networkLocation: /default-rack, certSerialId: null, persistedOpState: IN_SERVICE, persistedOpStateExpiryEpochSec: 0}a19c5b13-c841-42c6-b325-8b067fb1470f{ip: 10.1.0.5, host: fv-az270-324.tacnzluakwdehk1hpragurqkma.bx.internal.cloudapp.net, ports: [REPLICATION=34031, RATIS=43783, RATIS_ADMIN=43783, RATIS_SERVER=43783, STANDALONE=39907], networkLocation: /default-rack, certSerialId: null, persistedOpState: IN_SERVICE, persistedOpStateExpiryEpochSec: 0}f844ae54-3f94-4df9-9fa7-4ad78c0e036b{ip: 10.1.0.5, host: fv-az270-324.tacnzluakwdehk1hpragurqkma.bx.internal.cloudapp.net, ports: [REPLICATION=40625, RATIS=37881, RATIS_ADMIN=37881, RATIS_SERVER=37881, STANDALONE=46213], networkLocation: /default-rack, certSerialId: null, persistedOpState: IN_SERVICE, persistedOpStateExpiryEpochSec: 0}, ReplicationConfig: RATIS/THREE, State:ALLOCATED, leaderId:, CreationTimestamp2021-10-03T01:18:08.176Z[Etc/UTC]].
2021-10-03 01:18:08,180 [RatisPipelineUtilsThread - 0] INFO  pipeline.RatisPipelineProvider (RatisPipelineProvider.java:lambda$create$0(183)) - Sending CreatePipelineCommand for pipeline:PipelineID=97739386-6c7b-48d7-97fe-3a3bdd580820 to datanode:d5bd9e96-1863-4ce9-9391-5504d61c6bbd
2021-10-03 01:18:08,180 [RatisPipelineUtilsThread - 0] INFO  pipeline.RatisPipelineProvider (RatisPipelineProvider.java:lambda$create$0(183)) - Sending CreatePipelineCommand for pipeline:PipelineID=97739386-6c7b-48d7-97fe-3a3bdd580820 to datanode:f844ae54-3f94-4df9-9fa7-4ad78c0e036b
2021-10-03 01:18:08,180 [RatisPipelineUtilsThread - 0] INFO  pipeline.RatisPipelineProvider (RatisPipelineProvider.java:lambda$create$0(183)) - Sending CreatePipelineCommand for pipeline:PipelineID=97739386-6c7b-48d7-97fe-3a3bdd580820 to datanode:a19c5b13-c841-42c6-b325-8b067fb1470f
2021-10-03 01:18:08,181 [RatisPipelineUtilsThread - 0] INFO  pipeline.PipelineStateManagerImpl (PipelineStateManagerImpl.java:addPipeline(101)) - Created pipeline Pipeline[ Id: 97739386-6c7b-48d7-97fe-3a3bdd580820, Nodes: d5bd9e96-1863-4ce9-9391-5504d61c6bbd{ip: 10.1.0.5, host: fv-az270-324.tacnzluakwdehk1hpragurqkma.bx.internal.cloudapp.net, ports: [REPLICATION=41271, RATIS=33279, RATIS_ADMIN=33279, RATIS_SERVER=33279, STANDALONE=42685], networkLocation: /default-rack, certSerialId: null, persistedOpState: IN_SERVICE, persistedOpStateExpiryEpochSec: 0}f844ae54-3f94-4df9-9fa7-4ad78c0e036b{ip: 10.1.0.5, host: fv-az270-324.tacnzluakwdehk1hpragurqkma.bx.internal.cloudapp.net, ports: [REPLICATION=40625, RATIS=37881, RATIS_ADMIN=37881, RATIS_SERVER=37881, STANDALONE=46213], networkLocation: /default-rack, certSerialId: null, persistedOpState: IN_SERVICE, persistedOpStateExpiryEpochSec: 0}a19c5b13-c841-42c6-b325-8b067fb1470f{ip: 10.1.0.5, host: fv-az270-324.tacnzluakwdehk1hpragurqkma.bx.internal.cloudapp.net, ports: [REPLICATION=34031, RATIS=43783, RATIS_ADMIN=43783, RATIS_SERVER=43783, STANDALONE=39907], networkLocation: /default-rack, certSerialId: null, persistedOpState: IN_SERVICE, persistedOpStateExpiryEpochSec: 0}, ReplicationConfig: RATIS/THREE, State:ALLOCATED, leaderId:, CreationTimestamp2021-10-03T01:18:08.180Z[Etc/UTC]].
2021-10-03 01:18:08,181 [RatisPipelineUtilsThread - 0] INFO  pipeline.PipelineManagerImpl (PipelineManagerImpl.java:recordMetricsForPipeline(613)) - Pipeline: PipelineID=97739386-6c7b-48d7-97fe-3a3bdd580820 contains same datanodes as previous pipelines: PipelineID=b6ae24f9-889c-492b-be79-25b70e0f3051 nodeIds: d5bd9e96-1863-4ce9-9391-5504d61c6bbd, f844ae54-3f94-4df9-9fa7-4ad78c0e036b, a19c5b13-c841-42c6-b325-8b067fb1470f
2021-10-03 01:18:09,166 [Listener at 127.0.0.1/13840] INFO  ozone.MiniOzoneClusterImpl (MiniOzoneClusterImpl.java:lambda$waitForClusterToBeReady$0(235)) - Nodes are ready. Got 3 of 3 DN Heartbeats.
2021-10-03 01:18:09,167 [Listener at 127.0.0.1/13840] INFO  ozone.MiniOzoneClusterImpl (MiniOzoneClusterImpl.java:lambda$waitForClusterToBeReady$0(238)) - Waiting for cluster to exit safe mode
2021-10-03 01:18:09,167 [Listener at 127.0.0.1/13840] INFO  ozone.MiniOzoneClusterImpl (MiniOzoneClusterImpl.java:lambda$waitForClusterToBeReady$0(240)) - SCM became leader
2021-10-03 01:18:10,168 [Listener at 127.0.0.1/13840] INFO  ozone.MiniOzoneClusterImpl (MiniOzoneClusterImpl.java:lambda$waitForClusterToBeReady$0(235)) - Nodes are ready. Got 3 of 3 DN Heartbeats.
2021-10-03 01:18:10,168 [Listener at 127.0.0.1/13840] INFO  ozone.MiniOzoneClusterImpl (MiniOzoneClusterImpl.java:lambda$waitForClusterToBeReady$0(238)) - Waiting for cluster to exit safe mode
2021-10-03 01:18:10,168 [Listener at 127.0.0.1/13840] INFO  ozone.MiniOzoneClusterImpl (MiniOzoneClusterImpl.java:lambda$waitForClusterToBeReady$0(240)) - SCM became leader
2021-10-03 01:18:10,730 [Command processor thread] INFO  server.RaftServer (RaftServerProxy.java:addNew(95)) - f844ae54-3f94-4df9-9fa7-4ad78c0e036b: addNew group-D43CA352D0AB:[f844ae54-3f94-4df9-9fa7-4ad78c0e036b|rpc:10.1.0.5:37881|priority:1] returns group-D43CA352D0AB:java.util.concurrent.CompletableFuture@4555eb1d[Not completed]
2021-10-03 01:18:10,737 [pool-97-thread-1] INFO  server.RaftServer$Division (RaftServerImpl.java:<init>(181)) - f844ae54-3f94-4df9-9fa7-4ad78c0e036b: new RaftServerImpl for group-D43CA352D0AB:[f844ae54-3f94-4df9-9fa7-4ad78c0e036b|rpc:10.1.0.5:37881|priority:1] with ContainerStateMachine:uninitialized
2021-10-03 01:18:10,738 [pool-97-thread-1] INFO  server.RaftServerConfigKeys (ConfUtils.java:logGet(44)) - raft.server.rpc.timeout.min = 5s (custom)
2021-10-03 01:18:10,738 [pool-97-thread-1] INFO  server.RaftServerConfigKeys (ConfUtils.java:logGet(44)) - raft.server.rpc.timeout.max = 5200ms (custom)
2021-10-03 01:18:10,739 [pool-97-thread-1] INFO  server.RaftServerConfigKeys (ConfUtils.java:logGet(44)) - raft.server.rpc.sleep.time = 25ms (default)
2021-10-03 01:18:10,739 [pool-97-thread-1] INFO  server.RaftServerConfigKeys (ConfUtils.java:logGet(44)) - raft.server.rpc.slowness.timeout = 300s (custom)
2021-10-03 01:18:10,739 [pool-97-thread-1] INFO  server.RaftServerConfigKeys (ConfUtils.java:logGet(44)) - raft.server.leaderelection.leader.step-down.wait-time = 10s (default)
2021-10-03 01:18:10,739 [pool-97-thread-1] INFO  server.RaftServerConfigKeys (ConfUtils.java:logGet(44)) - raft.server.sleep.deviation.threshold = 300ms (default)
2021-10-03 01:18:10,739 [pool-97-thread-1] INFO  server.RaftServerConfigKeys (ConfUtils.java:logGet(44)) - raft.server.log.appender.install.snapshot.enabled = false (custom)
2021-10-03 01:18:10,739 [pool-97-thread-1] INFO  server.RaftServer$Division (ServerState.java:<init>(105)) - f844ae54-3f94-4df9-9fa7-4ad78c0e036b@group-D43CA352D0AB: ConfigurationManager, init=-1: [f844ae54-3f94-4df9-9fa7-4ad78c0e036b|rpc:10.1.0.5:37881|priority:1], old=null, confs=<EMPTY_MAP>
2021-10-03 01:18:10,739 [pool-97-thread-1] INFO  server.RaftServerConfigKeys (ConfUtils.java:logGet(44)) - raft.server.storage.dir = [/home/runner/work/ozone/ozone/hadoop-ozone/integration-test/target/test-dir/MiniOzoneClusterImpl-94b7d1b3-e035-4e16-be06-258bf0b7295d/datanode-0/data/ratis] (custom)
2021-10-03 01:18:10,739 [pool-97-thread-1] INFO  server.RaftServerConfigKeys (ConfUtils.java:logGet(44)) - raft.server.log.corruption.policy = EXCEPTION (default)
2021-10-03 01:18:10,739 [pool-97-thread-1] INFO  server.RaftServerConfigKeys (ConfUtils.java:logGet(44)) - raft.server.storage.free-space.min = 0MB (=0) (default)
2021-10-03 01:18:10,739 [pool-97-thread-1] INFO  storage.RaftStorageDirectory (RaftStorageDirectoryImpl.java:analyzeStorage(135)) - The storage directory /home/runner/work/ozone/ozone/hadoop-ozone/integration-test/target/test-dir/MiniOzoneClusterImpl-94b7d1b3-e035-4e16-be06-258bf0b7295d/datanode-0/data/ratis/6b5ebb02-6337-43c7-be7c-d43ca352d0ab does not exist. Creating ...
2021-10-03 01:18:10,741 [pool-97-thread-1] INFO  storage.RaftStorageDirectory (RaftStorageDirectoryImpl.java:tryLock(230)) - Lock on /home/runner/work/ozone/ozone/hadoop-ozone/integration-test/target/test-dir/MiniOzoneClusterImpl-94b7d1b3-e035-4e16-be06-258bf0b7295d/datanode-0/data/ratis/6b5ebb02-6337-43c7-be7c-d43ca352d0ab/in_use.lock acquired by nodename 8541@fv-az270-324
2021-10-03 01:18:10,743 [pool-97-thread-1] INFO  storage.RaftStorage (RaftStorageImpl.java:format(89)) - Storage directory /home/runner/work/ozone/ozone/hadoop-ozone/integration-test/target/test-dir/MiniOzoneClusterImpl-94b7d1b3-e035-4e16-be06-258bf0b7295d/datanode-0/data/ratis/6b5ebb02-6337-43c7-be7c-d43ca352d0ab has been successfully formatted.
2021-10-03 01:18:10,747 [pool-97-thread-1] INFO  ratis.ContainerStateMachine (ContainerStateMachine.java:loadSnapshot(224)) - group-D43CA352D0AB: The snapshot info is null. Setting the last applied indexto:(t:0, i:~)
2021-10-03 01:18:10,750 [pool-97-thread-1] INFO  server.RaftServerConfigKeys (ConfUtils.java:logGet(44)) - raft.server.notification.no-leader.timeout = 300s (custom)
2021-10-03 01:18:10,750 [pool-97-thread-1] INFO  server.RaftServerConfigKeys (ConfUtils.java:logGet(44)) - raft.server.log.use.memory = false (default)
2021-10-03 01:18:10,750 [pool-97-thread-1] INFO  server.RaftServerConfigKeys (ConfUtils.java:logGet(44)) - raft.server.log.purge.gap = 1000000 (custom)
2021-10-03 01:18:10,750 [pool-97-thread-1] INFO  server.RaftServerConfigKeys (ConfUtils.java:logGet(44)) - raft.server.log.appender.buffer.byte-limit = 33554432 (custom)
2021-10-03 01:18:10,751 [pool-97-thread-1] INFO  server.RaftServerConfigKeys (ConfUtils.java:logGet(44)) - raft.server.log.segment.size.max = 1048576 (custom)
2021-10-03 01:18:10,752 [pool-97-thread-1] INFO  server.RaftServerConfigKeys (ConfUtils.java:logGet(44)) - raft.server.log.segment.cache.num.max = 2 (custom)
2021-10-03 01:18:10,752 [pool-97-thread-1] INFO  server.RaftServerConfigKeys (ConfUtils.java:logGet(44)) - raft.server.log.segment.cache.size.max = 200MB (=209715200) (default)
2021-10-03 01:18:10,752 [pool-97-thread-1] INFO  segmented.SegmentedRaftLogWorker (SegmentedRaftLogWorker.java:<init>(182)) - new f844ae54-3f94-4df9-9fa7-4ad78c0e036b@group-D43CA352D0AB-SegmentedRaftLogWorker for RaftStorageImpl:Storage Directory /home/runner/work/ozone/ozone/hadoop-ozone/integration-test/target/test-dir/MiniOzoneClusterImpl-94b7d1b3-e035-4e16-be06-258bf0b7295d/datanode-0/data/ratis/6b5ebb02-6337-43c7-be7c-d43ca352d0ab
2021-10-03 01:18:10,752 [pool-97-thread-1] INFO  server.RaftServerConfigKeys (ConfUtils.java:logGet(44)) - raft.server.log.queue.byte-limit = 2147483647 (custom)
2021-10-03 01:18:10,752 [pool-97-thread-1] INFO  server.RaftServerConfigKeys (ConfUtils.java:logGet(44)) - raft.server.log.queue.element-limit = 1024 (custom)
2021-10-03 01:18:10,752 [pool-97-thread-1] INFO  server.RaftServerConfigKeys (ConfUtils.java:logGet(44)) - raft.server.log.segment.size.max = 1048576 (custom)
2021-10-03 01:18:10,752 [pool-97-thread-1] INFO  server.RaftServerConfigKeys (ConfUtils.java:logGet(44)) - raft.server.log.preallocated.size = 16384 (custom)
2021-10-03 01:18:10,752 [pool-97-thread-1] INFO  server.RaftServerConfigKeys (ConfUtils.java:logGet(44)) - raft.server.log.force.sync.num = 128 (default)
2021-10-03 01:18:10,752 [pool-97-thread-1] INFO  server.RaftServerConfigKeys (ConfUtils.java:logGet(44)) - raft.server.log.statemachine.data.sync = true (default)
2021-10-03 01:18:10,753 [pool-97-thread-1] INFO  server.RaftServerConfigKeys (ConfUtils.java:logGet(44)) - raft.server.log.statemachine.data.sync.timeout = 10s (default)
2021-10-03 01:18:10,753 [pool-97-thread-1] INFO  server.RaftServerConfigKeys (ConfUtils.java:logGet(44)) - raft.server.log.statemachine.data.sync.timeout.retry = -1 (default)
2021-10-03 01:18:10,754 [pool-97-thread-1] INFO  server.RaftServerConfigKeys (ConfUtils.java:logGet(44)) - raft.server.log.write.buffer.size = 1048576 (custom)
2021-10-03 01:18:10,755 [pool-97-thread-1] INFO  server.RaftServerConfigKeys (ConfUtils.java:logGet(44)) - raft.server.log.statemachine.data.caching.enabled = true (custom)
2021-10-03 01:18:10,755 [pool-97-thread-1] INFO  segmented.SegmentedRaftLogWorker (SegmentedRaftLogWorker.java:lambda$new$0(133)) - f844ae54-3f94-4df9-9fa7-4ad78c0e036b@group-D43CA352D0AB-SegmentedRaftLogWorker: flushIndex: setUnconditionally 0 -> -1
2021-10-03 01:18:10,755 [pool-97-thread-1] INFO  segmented.SegmentedRaftLogWorker (SegmentedRaftLogWorker.java:lambda$new$0(133)) - f844ae54-3f94-4df9-9fa7-4ad78c0e036b@group-D43CA352D0AB-SegmentedRaftLogWorker: safeCacheEvictIndex: setUnconditionally 0 -> -1
2021-10-03 01:18:10,763 [pool-97-thread-1] INFO  server.RaftServerConfigKeys (ConfUtils.java:logGet(44)) - raft.server.snapshot.auto.trigger.enabled = true (custom)
2021-10-03 01:18:10,763 [pool-97-thread-1] INFO  server.RaftServerConfigKeys (ConfUtils.java:logGet(44)) - raft.server.snapshot.auto.trigger.threshold = 10000 (custom)
2021-10-03 01:18:10,763 [pool-97-thread-1] INFO  server.RaftServerConfigKeys (ConfUtils.java:logGet(44)) - raft.server.snapshot.retention.file.num = 5 (custom)
2021-10-03 01:18:10,763 [pool-97-thread-1] INFO  server.RaftServerConfigKeys (ConfUtils.java:logGet(44)) - raft.server.log.purge.upto.snapshot.index = false (default)
2021-10-03 01:18:10,763 [pool-97-thread-1] INFO  server.RaftServerConfigKeys (ConfUtils.java:logGet(44)) - raft.server.retrycache.expirytime = 600000ms (custom)
2021-10-03 01:18:10,763 [pool-97-thread-1] INFO  server.RaftServerConfigKeys (ConfUtils.java:logGet(44)) - raft.server.retrycache.statistics.expirytime = 100μs (default)
2021-10-03 01:18:10,770 [EventQueue-PipelineReportForPipelineReportHandler] INFO  pipeline.PipelineManagerImpl (PipelineManagerImpl.java:openPipeline(282)) - Pipeline Pipeline[ Id: 6b5ebb02-6337-43c7-be7c-d43ca352d0ab, Nodes: f844ae54-3f94-4df9-9fa7-4ad78c0e036b{ip: 10.1.0.5, host: fv-az270-324.tacnzluakwdehk1hpragurqkma.bx.internal.cloudapp.net, ports: [REPLICATION=40625, RATIS=37881, RATIS_ADMIN=37881, RATIS_SERVER=37881, STANDALONE=46213], networkLocation: /default-rack, certSerialId: null, persistedOpState: IN_SERVICE, persistedOpStateExpiryEpochSec: 0}, ReplicationConfig: RATIS/ONE, State:ALLOCATED, leaderId:f844ae54-3f94-4df9-9fa7-4ad78c0e036b, CreationTimestamp2021-10-03T01:18:07.764Z[Etc/UTC]] moved to OPEN state
2021-10-03 01:18:10,772 [pool-97-thread-1] INFO  server.RaftServer$Division (RaftServerImpl.java:start(296)) - f844ae54-3f94-4df9-9fa7-4ad78c0e036b@group-D43CA352D0AB: start as a follower, conf=-1: [f844ae54-3f94-4df9-9fa7-4ad78c0e036b|rpc:10.1.0.5:37881|priority:1], old=null
2021-10-03 01:18:10,773 [pool-97-thread-1] INFO  server.RaftServer$Division (RaftServerImpl.java:setRole(285)) - f844ae54-3f94-4df9-9fa7-4ad78c0e036b@group-D43CA352D0AB: changes role from      null to FOLLOWER at term 0 for startAsFollower
2021-10-03 01:18:10,773 [pool-97-thread-1] INFO  impl.RoleInfo (RoleInfo.java:updateAndGet(130)) - f844ae54-3f94-4df9-9fa7-4ad78c0e036b: start f844ae54-3f94-4df9-9fa7-4ad78c0e036b@group-D43CA352D0AB-FollowerState
2021-10-03 01:18:10,773 [pool-97-thread-1] INFO  util.JmxRegister (JmxRegister.java:tryRegister(44)) - Successfully registered JMX Bean with object name Ratis:service=RaftServer,group=group-D43CA352D0AB,id=f844ae54-3f94-4df9-9fa7-4ad78c0e036b
2021-10-03 01:18:10,775 [EventQueue-OpenPipelineForHealthyPipelineSafeModeRule] INFO  safemode.SCMSafeModeManager (HealthyPipelineSafeModeRule.java:process(124)) - SCM in safe mode. Healthy pipelines reported count is 0, required healthy pipeline reported count is 1
2021-10-03 01:18:10,777 [Command processor thread] INFO  ratis.XceiverServerRatis (XceiverServerRatis.java:addGroup(763)) - Created group PipelineID=6b5ebb02-6337-43c7-be7c-d43ca352d0ab
2021-10-03 01:18:10,778 [Command processor thread] INFO  commandhandler.CreatePipelineCommandHandler (CreatePipelineCommandHandler.java:handle(106)) - Created Pipeline RATIS ONE PipelineID=6b5ebb02-6337-43c7-be7c-d43ca352d0ab.
2021-10-03 01:18:10,778 [Command processor thread] INFO  server.RaftServer (RaftServerProxy.java:addNew(95)) - f844ae54-3f94-4df9-9fa7-4ad78c0e036b: addNew group-25B70E0F3051:[f844ae54-3f94-4df9-9fa7-4ad78c0e036b|rpc:10.1.0.5:37881|priority:0, d5bd9e96-1863-4ce9-9391-5504d61c6bbd|rpc:10.1.0.5:33279|priority:1, a19c5b13-c841-42c6-b325-8b067fb1470f|rpc:10.1.0.5:43783|priority:0] returns group-25B70E0F3051:java.util.concurrent.CompletableFuture@1a6c7c24[Not completed]
2021-10-03 01:18:10,781 [pool-97-thread-1] INFO  server.RaftServer$Division (RaftServerImpl.java:<init>(181)) - f844ae54-3f94-4df9-9fa7-4ad78c0e036b: new RaftServerImpl for group-25B70E0F3051:[f844ae54-3f94-4df9-9fa7-4ad78c0e036b|rpc:10.1.0.5:37881|priority:0, d5bd9e96-1863-4ce9-9391-5504d61c6bbd|rpc:10.1.0.5:33279|priority:1, a19c5b13-c841-42c6-b325-8b067fb1470f|rpc:10.1.0.5:43783|priority:0] with ContainerStateMachine:uninitialized
2021-10-03 01:18:10,781 [pool-97-thread-1] INFO  server.RaftServerConfigKeys (ConfUtils.java:logGet(44)) - raft.server.rpc.timeout.min = 5s (custom)
2021-10-03 01:18:10,781 [pool-97-thread-1] INFO  server.RaftServerConfigKeys (ConfUtils.java:logGet(44)) - raft.server.rpc.timeout.max = 5200ms (custom)
2021-10-03 01:18:10,781 [pool-97-thread-1] INFO  server.RaftServerConfigKeys (ConfUtils.java:logGet(44)) - raft.server.rpc.sleep.time = 25ms (default)
2021-10-03 01:18:10,781 [pool-97-thread-1] INFO  server.RaftServerConfigKeys (ConfUtils.java:logGet(44)) - raft.server.rpc.slowness.timeout = 300s (custom)
2021-10-03 01:18:10,782 [pool-97-thread-1] INFO  server.RaftServerConfigKeys (ConfUtils.java:logGet(44)) - raft.server.leaderelection.leader.step-down.wait-time = 10s (default)
2021-10-03 01:18:10,782 [pool-97-thread-1] INFO  server.RaftServerConfigKeys (ConfUtils.java:logGet(44)) - raft.server.sleep.deviation.threshold = 300ms (default)
2021-10-03 01:18:10,782 [pool-97-thread-1] INFO  server.RaftServerConfigKeys (ConfUtils.java:logGet(44)) - raft.server.log.appender.install.snapshot.enabled = false (custom)
2021-10-03 01:18:10,782 [pool-97-thread-1] INFO  server.RaftServer$Division (ServerState.java:<init>(105)) - f844ae54-3f94-4df9-9fa7-4ad78c0e036b@group-25B70E0F3051: ConfigurationManager, init=-1: [f844ae54-3f94-4df9-9fa7-4ad78c0e036b|rpc:10.1.0.5:37881|priority:0, d5bd9e96-1863-4ce9-9391-5504d61c6bbd|rpc:10.1.0.5:33279|priority:1, a19c5b13-c841-42c6-b325-8b067fb1470f|rpc:10.1.0.5:43783|priority:0], old=null, confs=<EMPTY_MAP>
2021-10-03 01:18:10,782 [pool-97-thread-1] INFO  server.RaftServerConfigKeys (ConfUtils.java:logGet(44)) - raft.server.storage.dir = [/home/runner/work/ozone/ozone/hadoop-ozone/integration-test/target/test-dir/MiniOzoneClusterImpl-94b7d1b3-e035-4e16-be06-258bf0b7295d/datanode-0/data/ratis] (custom)
2021-10-03 01:18:10,782 [pool-97-thread-1] INFO  server.RaftServerConfigKeys (ConfUtils.java:logGet(44)) - raft.server.log.corruption.policy = EXCEPTION (default)
2021-10-03 01:18:10,782 [pool-97-thread-1] INFO  server.RaftServerConfigKeys (ConfUtils.java:logGet(44)) - raft.server.storage.free-space.min = 0MB (=0) (default)
2021-10-03 01:18:10,782 [pool-97-thread-1] INFO  storage.RaftStorageDirectory (RaftStorageDirectoryImpl.java:analyzeStorage(135)) - The storage directory /home/runner/work/ozone/ozone/hadoop-ozone/integration-test/target/test-dir/MiniOzoneClusterImpl-94b7d1b3-e035-4e16-be06-258bf0b7295d/datanode-0/data/ratis/b6ae24f9-889c-492b-be79-25b70e0f3051 does not exist. Creating ...
2021-10-03 01:18:10,785 [pool-97-thread-1] INFO  storage.RaftStorageDirectory (RaftStorageDirectoryImpl.java:tryLock(230)) - Lock on /home/runner/work/ozone/ozone/hadoop-ozone/integration-test/target/test-dir/MiniOzoneClusterImpl-94b7d1b3-e035-4e16-be06-258bf0b7295d/datanode-0/data/ratis/b6ae24f9-889c-492b-be79-25b70e0f3051/in_use.lock acquired by nodename 8541@fv-az270-324
2021-10-03 01:18:10,786 [pool-97-thread-1] INFO  storage.RaftStorage (RaftStorageImpl.java:format(89)) - Storage directory /home/runner/work/ozone/ozone/hadoop-ozone/integration-test/target/test-dir/MiniOzoneClusterImpl-94b7d1b3-e035-4e16-be06-258bf0b7295d/datanode-0/data/ratis/b6ae24f9-889c-492b-be79-25b70e0f3051 has been successfully formatted.
2021-10-03 01:18:10,786 [pool-97-thread-1] INFO  ratis.ContainerStateMachine (ContainerStateMachine.java:loadSnapshot(224)) - group-25B70E0F3051: The snapshot info is null. Setting the last applied indexto:(t:0, i:~)
2021-10-03 01:18:10,787 [pool-97-thread-1] INFO  server.RaftServerConfigKeys (ConfUtils.java:logGet(44)) - raft.server.notification.no-leader.timeout = 300s (custom)
2021-10-03 01:18:10,788 [pool-97-thread-1] INFO  server.RaftServerConfigKeys (ConfUtils.java:logGet(44)) - raft.server.log.use.memory = false (default)
2021-10-03 01:18:10,789 [pool-97-thread-1] INFO  server.RaftServerConfigKeys (ConfUtils.java:logGet(44)) - raft.server.log.purge.gap = 1000000 (custom)
2021-10-03 01:18:10,789 [pool-97-thread-1] INFO  server.RaftServerConfigKeys (ConfUtils.java:logGet(44)) - raft.server.log.appender.buffer.byte-limit = 33554432 (custom)
2021-10-03 01:18:10,791 [EventQueue-OpenPipelineForHealthyPipelineSafeModeRule] INFO  safemode.SCMSafeModeManager (HealthyPipelineSafeModeRule.java:process(124)) - SCM in safe mode. Healthy pipelines reported count is 0, required healthy pipeline reported count is 1
2021-10-03 01:18:10,792 [pool-97-thread-1] INFO  server.RaftServerConfigKeys (ConfUtils.java:logGet(44)) - raft.server.log.segment.size.max = 1048576 (custom)
2021-10-03 01:18:10,793 [pool-97-thread-1] INFO  server.RaftServerConfigKeys (ConfUtils.java:logGet(44)) - raft.server.log.segment.cache.num.max = 2 (custom)
2021-10-03 01:18:10,793 [pool-97-thread-1] INFO  server.RaftServerConfigKeys (ConfUtils.java:logGet(44)) - raft.server.log.segment.cache.size.max = 200MB (=209715200) (default)
2021-10-03 01:18:10,793 [pool-97-thread-1] INFO  segmented.SegmentedRaftLogWorker (SegmentedRaftLogWorker.java:<init>(182)) - new f844ae54-3f94-4df9-9fa7-4ad78c0e036b@group-25B70E0F3051-SegmentedRaftLogWorker for RaftStorageImpl:Storage Directory /home/runner/work/ozone/ozone/hadoop-ozone/integration-test/target/test-dir/MiniOzoneClusterImpl-94b7d1b3-e035-4e16-be06-258bf0b7295d/datanode-0/data/ratis/b6ae24f9-889c-492b-be79-25b70e0f3051
2021-10-03 01:18:10,793 [pool-97-thread-1] INFO  server.RaftServerConfigKeys (ConfUtils.java:logGet(44)) - raft.server.log.queue.byte-limit = 2147483647 (custom)
2021-10-03 01:18:10,793 [pool-97-thread-1] INFO  server.RaftServerConfigKeys (ConfUtils.java:logGet(44)) - raft.server.log.queue.element-limit = 1024 (custom)
2021-10-03 01:18:10,793 [pool-97-thread-1] INFO  server.RaftServerConfigKeys (ConfUtils.java:logGet(44)) - raft.server.log.segment.size.max = 1048576 (custom)
2021-10-03 01:18:10,793 [pool-97-thread-1] INFO  server.RaftServerConfigKeys (ConfUtils.java:logGet(44)) - raft.server.log.preallocated.size = 16384 (custom)
2021-10-03 01:18:10,793 [pool-97-thread-1] INFO  server.RaftServerConfigKeys (ConfUtils.java:logGet(44)) - raft.server.log.force.sync.num = 128 (default)
2021-10-03 01:18:10,793 [pool-97-thread-1] INFO  server.RaftServerConfigKeys (ConfUtils.java:logGet(44)) - raft.server.log.statemachine.data.sync = true (default)
2021-10-03 01:18:10,794 [pool-97-thread-1] INFO  server.RaftServerConfigKeys (ConfUtils.java:logGet(44)) - raft.server.log.statemachine.data.sync.timeout = 10s (default)
2021-10-03 01:18:10,794 [pool-97-thread-1] INFO  server.RaftServerConfigKeys (ConfUtils.java:logGet(44)) - raft.server.log.statemachine.data.sync.timeout.retry = -1 (default)
2021-10-03 01:18:10,795 [pool-97-thread-1] INFO  server.RaftServerConfigKeys (ConfUtils.java:logGet(44)) - raft.server.log.write.buffer.size = 1048576 (custom)
2021-10-03 01:18:10,796 [pool-97-thread-1] INFO  server.RaftServerConfigKeys (ConfUtils.java:logGet(44)) - raft.server.log.statemachine.data.caching.enabled = true (custom)
2021-10-03 01:18:10,797 [pool-97-thread-1] INFO  segmented.SegmentedRaftLogWorker (SegmentedRaftLogWorker.java:lambda$new$0(133)) - f844ae54-3f94-4df9-9fa7-4ad78c0e036b@group-25B70E0F3051-SegmentedRaftLogWorker: flushIndex: setUnconditionally 0 -> -1
2021-10-03 01:18:10,797 [pool-97-thread-1] INFO  segmented.SegmentedRaftLogWorker (SegmentedRaftLogWorker.java:lambda$new$0(133)) - f844ae54-3f94-4df9-9fa7-4ad78c0e036b@group-25B70E0F3051-SegmentedRaftLogWorker: safeCacheEvictIndex: setUnconditionally 0 -> -1
2021-10-03 01:18:10,798 [pool-97-thread-1] INFO  server.RaftServerConfigKeys (ConfUtils.java:logGet(44)) - raft.server.snapshot.auto.trigger.enabled = true (custom)
2021-10-03 01:18:10,798 [pool-97-thread-1] INFO  server.RaftServerConfigKeys (ConfUtils.java:logGet(44)) - raft.server.snapshot.auto.trigger.threshold = 10000 (custom)
2021-10-03 01:18:10,799 [pool-97-thread-1] INFO  server.RaftServerConfigKeys (ConfUtils.java:logGet(44)) - raft.server.snapshot.retention.file.num = 5 (custom)
2021-10-03 01:18:10,799 [pool-97-thread-1] INFO  server.RaftServerConfigKeys (ConfUtils.java:logGet(44)) - raft.server.log.purge.upto.snapshot.index = false (default)
2021-10-03 01:18:10,799 [pool-97-thread-1] INFO  server.RaftServerConfigKeys (ConfUtils.java:logGet(44)) - raft.server.retrycache.expirytime = 600000ms (custom)
2021-10-03 01:18:10,799 [pool-97-thread-1] INFO  server.RaftServerConfigKeys (ConfUtils.java:logGet(44)) - raft.server.retrycache.statistics.expirytime = 100μs (default)
2021-10-03 01:18:10,803 [pool-97-thread-1] INFO  server.RaftServer$Division (RaftServerImpl.java:start(296)) - f844ae54-3f94-4df9-9fa7-4ad78c0e036b@group-25B70E0F3051: start as a follower, conf=-1: [f844ae54-3f94-4df9-9fa7-4ad78c0e036b|rpc:10.1.0.5:37881|priority:0, d5bd9e96-1863-4ce9-9391-5504d61c6bbd|rpc:10.1.0.5:33279|priority:1, a19c5b13-c841-42c6-b325-8b067fb1470f|rpc:10.1.0.5:43783|priority:0], old=null
2021-10-03 01:18:10,803 [pool-97-thread-1] INFO  server.RaftServer$Division (RaftServerImpl.java:setRole(285)) - f844ae54-3f94-4df9-9fa7-4ad78c0e036b@group-25B70E0F3051: changes role from      null to FOLLOWER at term 0 for startAsFollower
2021-10-03 01:18:10,803 [pool-97-thread-1] INFO  impl.RoleInfo (RoleInfo.java:updateAndGet(130)) - f844ae54-3f94-4df9-9fa7-4ad78c0e036b: start f844ae54-3f94-4df9-9fa7-4ad78c0e036b@group-25B70E0F3051-FollowerState
2021-10-03 01:18:10,805 [pool-97-thread-1] INFO  util.JmxRegister (JmxRegister.java:tryRegister(44)) - Successfully registered JMX Bean with object name Ratis:service=RaftServer,group=group-25B70E0F3051,id=f844ae54-3f94-4df9-9fa7-4ad78c0e036b
2021-10-03 01:18:10,806 [Command processor thread] INFO  ratis.XceiverServerRatis (XceiverServerRatis.java:addGroup(763)) - Created group PipelineID=b6ae24f9-889c-492b-be79-25b70e0f3051
2021-10-03 01:18:10,879 [grpc-default-executor-4] INFO  server.RaftServer (RaftServerProxy.java:addNew(95)) - d5bd9e96-1863-4ce9-9391-5504d61c6bbd: addNew group-25B70E0F3051:[f844ae54-3f94-4df9-9fa7-4ad78c0e036b|rpc:10.1.0.5:37881|dataStream:|priority:0, d5bd9e96-1863-4ce9-9391-5504d61c6bbd|rpc:10.1.0.5:33279|dataStream:|priority:1, a19c5b13-c841-42c6-b325-8b067fb1470f|rpc:10.1.0.5:43783|dataStream:|priority:0] returns group-25B70E0F3051:java.util.concurrent.CompletableFuture@2dec6d33[Not completed]
2021-10-03 01:18:10,882 [pool-135-thread-1] INFO  server.RaftServer$Division (RaftServerImpl.java:<init>(181)) - d5bd9e96-1863-4ce9-9391-5504d61c6bbd: new RaftServerImpl for group-25B70E0F3051:[f844ae54-3f94-4df9-9fa7-4ad78c0e036b|rpc:10.1.0.5:37881|dataStream:|priority:0, d5bd9e96-1863-4ce9-9391-5504d61c6bbd|rpc:10.1.0.5:33279|dataStream:|priority:1, a19c5b13-c841-42c6-b325-8b067fb1470f|rpc:10.1.0.5:43783|dataStream:|priority:0] with ContainerStateMachine:uninitialized
2021-10-03 01:18:10,884 [pool-135-thread-1] INFO  server.RaftServerConfigKeys (ConfUtils.java:logGet(44)) - raft.server.rpc.timeout.min = 5s (custom)
2021-10-03 01:18:10,884 [pool-135-thread-1] INFO  server.RaftServerConfigKeys (ConfUtils.java:logGet(44)) - raft.server.rpc.timeout.max = 5200ms (custom)
2021-10-03 01:18:10,885 [pool-135-thread-1] INFO  server.RaftServerConfigKeys (ConfUtils.java:logGet(44)) - raft.server.rpc.sleep.time = 25ms (default)
2021-10-03 01:18:10,885 [pool-135-thread-1] INFO  server.RaftServerConfigKeys (ConfUtils.java:logGet(44)) - raft.server.rpc.slowness.timeout = 300s (custom)
2021-10-03 01:18:10,885 [pool-135-thread-1] INFO  server.RaftServerConfigKeys (ConfUtils.java:logGet(44)) - raft.server.leaderelection.leader.step-down.wait-time = 10s (default)
2021-10-03 01:18:10,885 [pool-135-thread-1] INFO  server.RaftServerConfigKeys (ConfUtils.java:logGet(44)) - raft.server.sleep.deviation.threshold = 300ms (default)
2021-10-03 01:18:10,885 [pool-135-thread-1] INFO  server.RaftServerConfigKeys (ConfUtils.java:logGet(44)) - raft.server.log.appender.install.snapshot.enabled = false (custom)
2021-10-03 01:18:10,885 [pool-135-thread-1] INFO  server.RaftServer$Division (ServerState.java:<init>(105)) - d5bd9e96-1863-4ce9-9391-5504d61c6bbd@group-25B70E0F3051: ConfigurationManager, init=-1: [f844ae54-3f94-4df9-9fa7-4ad78c0e036b|rpc:10.1.0.5:37881|dataStream:|priority:0, d5bd9e96-1863-4ce9-9391-5504d61c6bbd|rpc:10.1.0.5:33279|dataStream:|priority:1, a19c5b13-c841-42c6-b325-8b067fb1470f|rpc:10.1.0.5:43783|dataStream:|priority:0], old=null, confs=<EMPTY_MAP>
2021-10-03 01:18:10,885 [pool-135-thread-1] INFO  server.RaftServerConfigKeys (ConfUtils.java:logGet(44)) - raft.server.storage.dir = [/home/runner/work/ozone/ozone/hadoop-ozone/integration-test/target/test-dir/MiniOzoneClusterImpl-94b7d1b3-e035-4e16-be06-258bf0b7295d/datanode-2/data/ratis] (custom)
2021-10-03 01:18:10,886 [pool-135-thread-1] INFO  server.RaftServerConfigKeys (ConfUtils.java:logGet(44)) - raft.server.log.corruption.policy = EXCEPTION (default)
2021-10-03 01:18:10,886 [pool-135-thread-1] INFO  server.RaftServerConfigKeys (ConfUtils.java:logGet(44)) - raft.server.storage.free-space.min = 0MB (=0) (default)
2021-10-03 01:18:10,886 [pool-135-thread-1] INFO  storage.RaftStorageDirectory (RaftStorageDirectoryImpl.java:analyzeStorage(135)) - The storage directory /home/runner/work/ozone/ozone/hadoop-ozone/integration-test/target/test-dir/MiniOzoneClusterImpl-94b7d1b3-e035-4e16-be06-258bf0b7295d/datanode-2/data/ratis/b6ae24f9-889c-492b-be79-25b70e0f3051 does not exist. Creating ...
2021-10-03 01:18:10,890 [pool-135-thread-1] INFO  storage.RaftStorageDirectory (RaftStorageDirectoryImpl.java:tryLock(230)) - Lock on /home/runner/work/ozone/ozone/hadoop-ozone/integration-test/target/test-dir/MiniOzoneClusterImpl-94b7d1b3-e035-4e16-be06-258bf0b7295d/datanode-2/data/ratis/b6ae24f9-889c-492b-be79-25b70e0f3051/in_use.lock acquired by nodename 8541@fv-az270-324
2021-10-03 01:18:10,891 [pool-135-thread-1] INFO  storage.RaftStorage (RaftStorageImpl.java:format(89)) - Storage directory /home/runner/work/ozone/ozone/hadoop-ozone/integration-test/target/test-dir/MiniOzoneClusterImpl-94b7d1b3-e035-4e16-be06-258bf0b7295d/datanode-2/data/ratis/b6ae24f9-889c-492b-be79-25b70e0f3051 has been successfully formatted.
2021-10-03 01:18:10,897 [pool-135-thread-1] INFO  ratis.ContainerStateMachine (ContainerStateMachine.java:loadSnapshot(224)) - group-25B70E0F3051: The snapshot info is null. Setting the last applied indexto:(t:0, i:~)
2021-10-03 01:18:10,899 [pool-135-thread-1] INFO  server.RaftServerConfigKeys (ConfUtils.java:logGet(44)) - raft.server.notification.no-leader.timeout = 300s (custom)
2021-10-03 01:18:10,899 [pool-135-thread-1] INFO  server.RaftServerConfigKeys (ConfUtils.java:logGet(44)) - raft.server.log.use.memory = false (default)
2021-10-03 01:18:10,899 [pool-135-thread-1] INFO  server.RaftServerConfigKeys (ConfUtils.java:logGet(44)) - raft.server.log.purge.gap = 1000000 (custom)
2021-10-03 01:18:10,899 [pool-135-thread-1] INFO  server.RaftServerConfigKeys (ConfUtils.java:logGet(44)) - raft.server.log.appender.buffer.byte-limit = 33554432 (custom)
2021-10-03 01:18:10,900 [pool-135-thread-1] INFO  server.RaftServerConfigKeys (ConfUtils.java:logGet(44)) - raft.server.log.segment.size.max = 1048576 (custom)
2021-10-03 01:18:10,900 [pool-135-thread-1] INFO  server.RaftServerConfigKeys (ConfUtils.java:logGet(44)) - raft.server.log.segment.cache.num.max = 2 (custom)
2021-10-03 01:18:10,900 [pool-135-thread-1] INFO  server.RaftServerConfigKeys (ConfUtils.java:logGet(44)) - raft.server.log.segment.cache.size.max = 200MB (=209715200) (default)
2021-10-03 01:18:10,900 [pool-135-thread-1] INFO  segmented.SegmentedRaftLogWorker (SegmentedRaftLogWorker.java:<init>(182)) - new d5bd9e96-1863-4ce9-9391-5504d61c6bbd@group-25B70E0F3051-SegmentedRaftLogWorker for RaftStorageImpl:Storage Directory /home/runner/work/ozone/ozone/hadoop-ozone/integration-test/target/test-dir/MiniOzoneClusterImpl-94b7d1b3-e035-4e16-be06-258bf0b7295d/datanode-2/data/ratis/b6ae24f9-889c-492b-be79-25b70e0f3051
2021-10-03 01:18:10,900 [pool-135-thread-1] INFO  server.RaftServerConfigKeys (ConfUtils.java:logGet(44)) - raft.server.log.queue.byte-limit = 2147483647 (custom)
2021-10-03 01:18:10,900 [pool-135-thread-1] INFO  server.RaftServerConfigKeys (ConfUtils.java:logGet(44)) - raft.server.log.queue.element-limit = 1024 (custom)
2021-10-03 01:18:10,901 [pool-135-thread-1] INFO  server.RaftServerConfigKeys (ConfUtils.java:logGet(44)) - raft.server.log.segment.size.max = 1048576 (custom)
2021-10-03 01:18:10,901 [pool-135-thread-1] INFO  server.RaftServerConfigKeys (ConfUtils.java:logGet(44)) - raft.server.log.preallocated.size = 16384 (custom)
2021-10-03 01:18:10,901 [pool-135-thread-1] INFO  server.RaftServerConfigKeys (ConfUtils.java:logGet(44)) - raft.server.log.force.sync.num = 128 (default)
2021-10-03 01:18:10,901 [pool-135-thread-1] INFO  server.RaftServerConfigKeys (ConfUtils.java:logGet(44)) - raft.server.log.statemachine.data.sync = true (default)
2021-10-03 01:18:10,901 [pool-135-thread-1] INFO  server.RaftServerConfigKeys (ConfUtils.java:logGet(44)) - raft.server.log.statemachine.data.sync.timeout = 10s (default)
2021-10-03 01:18:10,901 [pool-135-thread-1] INFO  server.RaftServerConfigKeys (ConfUtils.java:logGet(44)) - raft.server.log.statemachine.data.sync.timeout.retry = -1 (default)
2021-10-03 01:18:10,902 [pool-135-thread-1] INFO  server.RaftServerConfigKeys (ConfUtils.java:logGet(44)) - raft.server.log.write.buffer.size = 1048576 (custom)
2021-10-03 01:18:10,903 [pool-135-thread-1] INFO  server.RaftServerConfigKeys (ConfUtils.java:logGet(44)) - raft.server.log.statemachine.data.caching.enabled = true (custom)
2021-10-03 01:18:10,903 [pool-135-thread-1] INFO  segmented.SegmentedRaftLogWorker (SegmentedRaftLogWorker.java:lambda$new$0(133)) - d5bd9e96-1863-4ce9-9391-5504d61c6bbd@group-25B70E0F3051-SegmentedRaftLogWorker: flushIndex: setUnconditionally 0 -> -1
2021-10-03 01:18:10,903 [pool-135-thread-1] INFO  segmented.SegmentedRaftLogWorker (SegmentedRaftLogWorker.java:lambda$new$0(133)) - d5bd9e96-1863-4ce9-9391-5504d61c6bbd@group-25B70E0F3051-SegmentedRaftLogWorker: safeCacheEvictIndex: setUnconditionally 0 -> -1
2021-10-03 01:18:10,903 [pool-135-thread-1] INFO  server.RaftServerConfigKeys (ConfUtils.java:logGet(44)) - raft.server.snapshot.auto.trigger.enabled = true (custom)
2021-10-03 01:18:10,903 [pool-135-thread-1] INFO  server.RaftServerConfigKeys (ConfUtils.java:logGet(44)) - raft.server.snapshot.auto.trigger.threshold = 10000 (custom)
2021-10-03 01:18:10,903 [pool-135-thread-1] INFO  server.RaftServerConfigKeys (ConfUtils.java:logGet(44)) - raft.server.snapshot.retention.file.num = 5 (custom)
2021-10-03 01:18:10,903 [pool-135-thread-1] INFO  server.RaftServerConfigKeys (ConfUtils.java:logGet(44)) - raft.server.log.purge.upto.snapshot.index = false (default)
2021-10-03 01:18:10,904 [pool-135-thread-1] INFO  server.RaftServerConfigKeys (ConfUtils.java:logGet(44)) - raft.server.retrycache.expirytime = 600000ms (custom)
2021-10-03 01:18:10,904 [pool-135-thread-1] INFO  server.RaftServerConfigKeys (ConfUtils.java:logGet(44)) - raft.server.retrycache.statistics.expirytime = 100μs (default)
2021-10-03 01:18:10,905 [pool-135-thread-1] INFO  server.RaftServer$Division (RaftServerImpl.java:start(296)) - d5bd9e96-1863-4ce9-9391-5504d61c6bbd@group-25B70E0F3051: start as a follower, conf=-1: [f844ae54-3f94-4df9-9fa7-4ad78c0e036b|rpc:10.1.0.5:37881|dataStream:|priority:0, d5bd9e96-1863-4ce9-9391-5504d61c6bbd|rpc:10.1.0.5:33279|dataStream:|priority:1, a19c5b13-c841-42c6-b325-8b067fb1470f|rpc:10.1.0.5:43783|dataStream:|priority:0], old=null
2021-10-03 01:18:10,905 [pool-135-thread-1] INFO  server.RaftServer$Division (RaftServerImpl.java:setRole(285)) - d5bd9e96-1863-4ce9-9391-5504d61c6bbd@group-25B70E0F3051: changes role from      null to FOLLOWER at term 0 for startAsFollower
2021-10-03 01:18:10,905 [pool-135-thread-1] INFO  impl.RoleInfo (RoleInfo.java:updateAndGet(130)) - d5bd9e96-1863-4ce9-9391-5504d61c6bbd: start d5bd9e96-1863-4ce9-9391-5504d61c6bbd@group-25B70E0F3051-FollowerState
2021-10-03 01:18:10,909 [pool-135-thread-1] INFO  util.JmxRegister (JmxRegister.java:tryRegister(44)) - Successfully registered JMX Bean with object name Ratis:service=RaftServer,group=group-25B70E0F3051,id=d5bd9e96-1863-4ce9-9391-5504d61c6bbd
2021-10-03 01:18:10,971 [grpc-default-executor-4] INFO  server.RaftServer (RaftServerProxy.java:addNew(95)) - a19c5b13-c841-42c6-b325-8b067fb1470f: addNew group-25B70E0F3051:[f844ae54-3f94-4df9-9fa7-4ad78c0e036b|rpc:10.1.0.5:37881|dataStream:|priority:0, d5bd9e96-1863-4ce9-9391-5504d61c6bbd|rpc:10.1.0.5:33279|dataStream:|priority:1, a19c5b13-c841-42c6-b325-8b067fb1470f|rpc:10.1.0.5:43783|dataStream:|priority:0] returns group-25B70E0F3051:java.util.concurrent.CompletableFuture@7276899b[Not completed]
2021-10-03 01:18:10,972 [Command processor thread] INFO  server.RaftServer (RaftServerProxy.java:addNew(95)) - a19c5b13-c841-42c6-b325-8b067fb1470f: addNew group-FE240F0539AA:[a19c5b13-c841-42c6-b325-8b067fb1470f|rpc:10.1.0.5:43783|priority:1] returns group-FE240F0539AA:java.util.concurrent.CompletableFuture@7f260b92[Not completed]
2021-10-03 01:18:10,976 [pool-116-thread-1] INFO  server.RaftServer$Division (RaftServerImpl.java:<init>(181)) - a19c5b13-c841-42c6-b325-8b067fb1470f: new RaftServerImpl for group-25B70E0F3051:[f844ae54-3f94-4df9-9fa7-4ad78c0e036b|rpc:10.1.0.5:37881|dataStream:|priority:0, d5bd9e96-1863-4ce9-9391-5504d61c6bbd|rpc:10.1.0.5:33279|dataStream:|priority:1, a19c5b13-c841-42c6-b325-8b067fb1470f|rpc:10.1.0.5:43783|dataStream:|priority:0] with ContainerStateMachine:uninitialized
2021-10-03 01:18:10,977 [pool-116-thread-1] INFO  server.RaftServerConfigKeys (ConfUtils.java:logGet(44)) - raft.server.rpc.timeout.min = 5s (custom)
2021-10-03 01:18:10,977 [pool-116-thread-1] INFO  server.RaftServerConfigKeys (ConfUtils.java:logGet(44)) - raft.server.rpc.timeout.max = 5200ms (custom)
2021-10-03 01:18:10,977 [pool-116-thread-1] INFO  server.RaftServerConfigKeys (ConfUtils.java:logGet(44)) - raft.server.rpc.sleep.time = 25ms (default)
2021-10-03 01:18:10,977 [pool-116-thread-1] INFO  server.RaftServerConfigKeys (ConfUtils.java:logGet(44)) - raft.server.rpc.slowness.timeout = 300s (custom)
2021-10-03 01:18:10,977 [pool-116-thread-1] INFO  server.RaftServerConfigKeys (ConfUtils.java:logGet(44)) - raft.server.leaderelection.leader.step-down.wait-time = 10s (default)
2021-10-03 01:18:10,977 [pool-116-thread-1] INFO  server.RaftServerConfigKeys (ConfUtils.java:logGet(44)) - raft.server.sleep.deviation.threshold = 300ms (default)
2021-10-03 01:18:10,977 [pool-116-thread-1] INFO  server.RaftServerConfigKeys (ConfUtils.java:logGet(44)) - raft.server.log.appender.install.snapshot.enabled = false (custom)
2021-10-03 01:18:10,978 [pool-116-thread-1] INFO  server.RaftServer$Division (ServerState.java:<init>(105)) - a19c5b13-c841-42c6-b325-8b067fb1470f@group-25B70E0F3051: ConfigurationManager, init=-1: [f844ae54-3f94-4df9-9fa7-4ad78c0e036b|rpc:10.1.0.5:37881|dataStream:|priority:0, d5bd9e96-1863-4ce9-9391-5504d61c6bbd|rpc:10.1.0.5:33279|dataStream:|priority:1, a19c5b13-c841-42c6-b325-8b067fb1470f|rpc:10.1.0.5:43783|dataStream:|priority:0], old=null, confs=<EMPTY_MAP>
2021-10-03 01:18:10,978 [pool-116-thread-1] INFO  server.RaftServerConfigKeys (ConfUtils.java:logGet(44)) - raft.server.storage.dir = [/home/runner/work/ozone/ozone/hadoop-ozone/integration-test/target/test-dir/MiniOzoneClusterImpl-94b7d1b3-e035-4e16-be06-258bf0b7295d/datanode-1/data/ratis] (custom)
2021-10-03 01:18:10,979 [pool-116-thread-1] INFO  server.RaftServerConfigKeys (ConfUtils.java:logGet(44)) - raft.server.log.corruption.policy = EXCEPTION (default)
2021-10-03 01:18:10,979 [pool-116-thread-1] INFO  server.RaftServerConfigKeys (ConfUtils.java:logGet(44)) - raft.server.storage.free-space.min = 0MB (=0) (default)
2021-10-03 01:18:10,979 [pool-116-thread-1] INFO  storage.RaftStorageDirectory (RaftStorageDirectoryImpl.java:analyzeStorage(135)) - The storage directory /home/runner/work/ozone/ozone/hadoop-ozone/integration-test/target/test-dir/MiniOzoneClusterImpl-94b7d1b3-e035-4e16-be06-258bf0b7295d/datanode-1/data/ratis/b6ae24f9-889c-492b-be79-25b70e0f3051 does not exist. Creating ...
2021-10-03 01:18:10,980 [pool-116-thread-1] INFO  storage.RaftStorageDirectory (RaftStorageDirectoryImpl.java:tryLock(230)) - Lock on /home/runner/work/ozone/ozone/hadoop-ozone/integration-test/target/test-dir/MiniOzoneClusterImpl-94b7d1b3-e035-4e16-be06-258bf0b7295d/datanode-1/data/ratis/b6ae24f9-889c-492b-be79-25b70e0f3051/in_use.lock acquired by nodename 8541@fv-az270-324
2021-10-03 01:18:10,982 [pool-116-thread-1] INFO  storage.RaftStorage (RaftStorageImpl.java:format(89)) - Storage directory /home/runner/work/ozone/ozone/hadoop-ozone/integration-test/target/test-dir/MiniOzoneClusterImpl-94b7d1b3-e035-4e16-be06-258bf0b7295d/datanode-1/data/ratis/b6ae24f9-889c-492b-be79-25b70e0f3051 has been successfully formatted.
2021-10-03 01:18:10,987 [EventQueue-PipelineReportForPipelineReportHandler] INFO  pipeline.PipelineManagerImpl (PipelineManagerImpl.java:openPipeline(282)) - Pipeline Pipeline[ Id: 4a17fa20-8830-4f00-b845-fe240f0539aa, Nodes: a19c5b13-c841-42c6-b325-8b067fb1470f{ip: 10.1.0.5, host: fv-az270-324.tacnzluakwdehk1hpragurqkma.bx.internal.cloudapp.net, ports: [REPLICATION=34031, RATIS=43783, RATIS_ADMIN=43783, RATIS_SERVER=43783, STANDALONE=39907], networkLocation: /default-rack, certSerialId: null, persistedOpState: IN_SERVICE, persistedOpStateExpiryEpochSec: 0}, ReplicationConfig: RATIS/ONE, State:ALLOCATED, leaderId:a19c5b13-c841-42c6-b325-8b067fb1470f, CreationTimestamp2021-10-03T01:18:07.979Z[Etc/UTC]] moved to OPEN state
2021-10-03 01:18:10,987 [EventQueue-OpenPipelineForHealthyPipelineSafeModeRule] INFO  safemode.SCMSafeModeManager (HealthyPipelineSafeModeRule.java:process(124)) - SCM in safe mode. Healthy pipelines reported count is 0, required healthy pipeline reported count is 1
2021-10-03 01:18:10,991 [pool-116-thread-1] INFO  ratis.ContainerStateMachine (ContainerStateMachine.java:loadSnapshot(224)) - group-25B70E0F3051: The snapshot info is null. Setting the last applied indexto:(t:0, i:~)
2021-10-03 01:18:10,993 [pool-116-thread-1] INFO  server.RaftServerConfigKeys (ConfUtils.java:logGet(44)) - raft.server.notification.no-leader.timeout = 300s (custom)
2021-10-03 01:18:10,993 [pool-116-thread-1] INFO  server.RaftServerConfigKeys (ConfUtils.java:logGet(44)) - raft.server.log.use.memory = false (default)
2021-10-03 01:18:10,994 [pool-116-thread-1] INFO  server.RaftServerConfigKeys (ConfUtils.java:logGet(44)) - raft.server.log.purge.gap = 1000000 (custom)
2021-10-03 01:18:10,994 [pool-116-thread-1] INFO  server.RaftServerConfigKeys (ConfUtils.java:logGet(44)) - raft.server.log.appender.buffer.byte-limit = 33554432 (custom)
2021-10-03 01:18:10,995 [pool-116-thread-1] INFO  server.RaftServerConfigKeys (ConfUtils.java:logGet(44)) - raft.server.log.segment.size.max = 1048576 (custom)
2021-10-03 01:18:10,997 [pool-116-thread-1] INFO  server.RaftServerConfigKeys (ConfUtils.java:logGet(44)) - raft.server.log.segment.cache.num.max = 2 (custom)
2021-10-03 01:18:10,998 [pool-116-thread-1] INFO  server.RaftServerConfigKeys (ConfUtils.java:logGet(44)) - raft.server.log.segment.cache.size.max = 200MB (=209715200) (default)
2021-10-03 01:18:10,998 [pool-116-thread-1] INFO  segmented.SegmentedRaftLogWorker (SegmentedRaftLogWorker.java:<init>(182)) - new a19c5b13-c841-42c6-b325-8b067fb1470f@group-25B70E0F3051-SegmentedRaftLogWorker for RaftStorageImpl:Storage Directory /home/runner/work/ozone/ozone/hadoop-ozone/integration-test/target/test-dir/MiniOzoneClusterImpl-94b7d1b3-e035-4e16-be06-258bf0b7295d/datanode-1/data/ratis/b6ae24f9-889c-492b-be79-25b70e0f3051
2021-10-03 01:18:10,998 [pool-116-thread-1] INFO  server.RaftServerConfigKeys (ConfUtils.java:logGet(44)) - raft.server.log.queue.byte-limit = 2147483647 (custom)
2021-10-03 01:18:10,998 [pool-116-thread-1] INFO  server.RaftServerConfigKeys (ConfUtils.java:logGet(44)) - raft.server.log.queue.element-limit = 1024 (custom)
2021-10-03 01:18:10,998 [pool-116-thread-1] INFO  server.RaftServerConfigKeys (ConfUtils.java:logGet(44)) - raft.server.log.segment.size.max = 1048576 (custom)
2021-10-03 01:18:10,998 [pool-116-thread-1] INFO  server.RaftServerConfigKeys (ConfUtils.java:logGet(44)) - raft.server.log.preallocated.size = 16384 (custom)
2021-10-03 01:18:10,998 [pool-116-thread-1] INFO  server.RaftServerConfigKeys (ConfUtils.java:logGet(44)) - raft.server.log.force.sync.num = 128 (default)
2021-10-03 01:18:10,998 [pool-116-thread-1] INFO  server.RaftServerConfigKeys (ConfUtils.java:logGet(44)) - raft.server.log.statemachine.data.sync = true (default)
2021-10-03 01:18:10,999 [pool-116-thread-1] INFO  server.RaftServerConfigKeys (ConfUtils.java:logGet(44)) - raft.server.log.statemachine.data.sync.timeout = 10s (default)
2021-10-03 01:18:10,999 [pool-116-thread-1] INFO  server.RaftServerConfigKeys (ConfUtils.java:logGet(44)) - raft.server.log.statemachine.data.sync.timeout.retry = -1 (default)
2021-10-03 01:18:10,999 [pool-116-thread-1] INFO  server.RaftServerConfigKeys (ConfUtils.java:logGet(44)) - raft.server.log.write.buffer.size = 1048576 (custom)
2021-10-03 01:18:11,000 [pool-116-thread-1] INFO  server.RaftServerConfigKeys (ConfUtils.java:logGet(44)) - raft.server.log.statemachine.data.caching.enabled = true (custom)
2021-10-03 01:18:11,000 [pool-116-thread-1] INFO  segmented.SegmentedRaftLogWorker (SegmentedRaftLogWorker.java:lambda$new$0(133)) - a19c5b13-c841-42c6-b325-8b067fb1470f@group-25B70E0F3051-SegmentedRaftLogWorker: flushIndex: setUnconditionally 0 -> -1
2021-10-03 01:18:11,001 [pool-116-thread-1] INFO  segmented.SegmentedRaftLogWorker (SegmentedRaftLogWorker.java:lambda$new$0(133)) - a19c5b13-c841-42c6-b325-8b067fb1470f@group-25B70E0F3051-SegmentedRaftLogWorker: safeCacheEvictIndex: setUnconditionally 0 -> -1
2021-10-03 01:18:11,001 [pool-116-thread-1] INFO  server.RaftServerConfigKeys (ConfUtils.java:logGet(44)) - raft.server.snapshot.auto.trigger.enabled = true (custom)
2021-10-03 01:18:11,001 [pool-116-thread-1] INFO  server.RaftServerConfigKeys (ConfUtils.java:logGet(44)) - raft.server.snapshot.auto.trigger.threshold = 10000 (custom)
2021-10-03 01:18:11,001 [pool-116-thread-1] INFO  server.RaftServerConfigKeys (ConfUtils.java:logGet(44)) - raft.server.snapshot.retention.file.num = 5 (custom)
2021-10-03 01:18:11,001 [pool-116-thread-1] INFO  server.RaftServerConfigKeys (ConfUtils.java:logGet(44)) - raft.server.log.purge.upto.snapshot.index = false (default)
2021-10-03 01:18:11,001 [pool-116-thread-1] INFO  server.RaftServerConfigKeys (ConfUtils.java:logGet(44)) - raft.server.retrycache.expirytime = 600000ms (custom)
2021-10-03 01:18:11,001 [pool-116-thread-1] INFO  server.RaftServerConfigKeys (ConfUtils.java:logGet(44)) - raft.server.retrycache.statistics.expirytime = 100μs (default)
2021-10-03 01:18:11,003 [pool-116-thread-1] INFO  server.RaftServer$Division (RaftServerImpl.java:<init>(181)) - a19c5b13-c841-42c6-b325-8b067fb1470f: new RaftServerImpl for group-FE240F0539AA:[a19c5b13-c841-42c6-b325-8b067fb1470f|rpc:10.1.0.5:43783|priority:1] with ContainerStateMachine:uninitialized
2021-10-03 01:18:11,004 [pool-116-thread-1] INFO  server.RaftServerConfigKeys (ConfUtils.java:logGet(44)) - raft.server.rpc.timeout.min = 5s (custom)
2021-10-03 01:18:11,004 [pool-116-thread-1] INFO  server.RaftServerConfigKeys (ConfUtils.java:logGet(44)) - raft.server.rpc.timeout.max = 5200ms (custom)
2021-10-03 01:18:11,004 [pool-116-thread-1] INFO  server.RaftServerConfigKeys (ConfUtils.java:logGet(44)) - raft.server.rpc.sleep.time = 25ms (default)
2021-10-03 01:18:11,004 [pool-116-thread-1] INFO  server.RaftServerConfigKeys (ConfUtils.java:logGet(44)) - raft.server.rpc.slowness.timeout = 300s (custom)
2021-10-03 01:18:11,004 [pool-116-thread-1] INFO  server.RaftServerConfigKeys (ConfUtils.java:logGet(44)) - raft.server.leaderelection.leader.step-down.wait-time = 10s (default)
2021-10-03 01:18:11,004 [pool-116-thread-1] INFO  server.RaftServerConfigKeys (ConfUtils.java:logGet(44)) - raft.server.sleep.deviation.threshold = 300ms (default)
2021-10-03 01:18:11,004 [pool-116-thread-1] INFO  server.RaftServerConfigKeys (ConfUtils.java:logGet(44)) - raft.server.log.appender.install.snapshot.enabled = false (custom)
2021-10-03 01:18:11,004 [pool-116-thread-1] INFO  server.RaftServer$Division (ServerState.java:<init>(105)) - a19c5b13-c841-42c6-b325-8b067fb1470f@group-FE240F0539AA: ConfigurationManager, init=-1: [a19c5b13-c841-42c6-b325-8b067fb1470f|rpc:10.1.0.5:43783|priority:1], old=null, confs=<EMPTY_MAP>
2021-10-03 01:18:11,004 [pool-116-thread-1] INFO  server.RaftServerConfigKeys (ConfUtils.java:logGet(44)) - raft.server.storage.dir = [/home/runner/work/ozone/ozone/hadoop-ozone/integration-test/target/test-dir/MiniOzoneClusterImpl-94b7d1b3-e035-4e16-be06-258bf0b7295d/datanode-1/data/ratis] (custom)
2021-10-03 01:18:11,004 [pool-116-thread-1] INFO  server.RaftServerConfigKeys (ConfUtils.java:logGet(44)) - raft.server.log.corruption.policy = EXCEPTION (default)
2021-10-03 01:18:11,004 [pool-116-thread-1] INFO  server.RaftServerConfigKeys (ConfUtils.java:logGet(44)) - raft.server.storage.free-space.min = 0MB (=0) (default)
2021-10-03 01:18:11,004 [pool-116-thread-1] INFO  storage.RaftStorageDirectory (RaftStorageDirectoryImpl.java:analyzeStorage(135)) - The storage directory /home/runner/work/ozone/ozone/hadoop-ozone/integration-test/target/test-dir/MiniOzoneClusterImpl-94b7d1b3-e035-4e16-be06-258bf0b7295d/datanode-1/data/ratis/4a17fa20-8830-4f00-b845-fe240f0539aa does not exist. Creating ...
2021-10-03 01:18:11,006 [pool-116-thread-1] INFO  storage.RaftStorageDirectory (RaftStorageDirectoryImpl.java:tryLock(230)) - Lock on /home/runner/work/ozone/ozone/hadoop-ozone/integration-test/target/test-dir/MiniOzoneClusterImpl-94b7d1b3-e035-4e16-be06-258bf0b7295d/datanode-1/data/ratis/4a17fa20-8830-4f00-b845-fe240f0539aa/in_use.lock acquired by nodename 8541@fv-az270-324
2021-10-03 01:18:11,007 [pool-116-thread-1] INFO  storage.RaftStorage (RaftStorageImpl.java:format(89)) - Storage directory /home/runner/work/ozone/ozone/hadoop-ozone/integration-test/target/test-dir/MiniOzoneClusterImpl-94b7d1b3-e035-4e16-be06-258bf0b7295d/datanode-1/data/ratis/4a17fa20-8830-4f00-b845-fe240f0539aa has been successfully formatted.
2021-10-03 01:18:11,007 [pool-116-thread-1] INFO  ratis.ContainerStateMachine (ContainerStateMachine.java:loadSnapshot(224)) - group-FE240F0539AA: The snapshot info is null. Setting the last applied indexto:(t:0, i:~)
2021-10-03 01:18:11,008 [pool-116-thread-1] INFO  server.RaftServerConfigKeys (ConfUtils.java:logGet(44)) - raft.server.notification.no-leader.timeout = 300s (custom)
2021-10-03 01:18:11,008 [pool-116-thread-1] INFO  server.RaftServerConfigKeys (ConfUtils.java:logGet(44)) - raft.server.log.use.memory = false (default)
2021-10-03 01:18:11,008 [Datanode State Machine Thread - 0] WARN  statemachine.StateContext (StateContext.java:execute(621)) - No available thread in pool for past 1 seconds.
2021-10-03 01:18:11,008 [pool-116-thread-1] INFO  server.RaftServerConfigKeys (ConfUtils.java:logGet(44)) - raft.server.log.purge.gap = 1000000 (custom)
2021-10-03 01:18:11,010 [pool-116-thread-1] INFO  server.RaftServerConfigKeys (ConfUtils.java:logGet(44)) - raft.server.log.appender.buffer.byte-limit = 33554432 (custom)
2021-10-03 01:18:11,010 [pool-116-thread-1] INFO  server.RaftServerConfigKeys (ConfUtils.java:logGet(44)) - raft.server.log.segment.size.max = 1048576 (custom)
2021-10-03 01:18:11,010 [EventQueue-OpenPipelineForHealthyPipelineSafeModeRule] INFO  safemode.SCMSafeModeManager (HealthyPipelineSafeModeRule.java:process(124)) - SCM in safe mode. Healthy pipelines reported count is 0, required healthy pipeline reported count is 1
2021-10-03 01:18:11,011 [pool-116-thread-1] INFO  server.RaftServerConfigKeys (ConfUtils.java:logGet(44)) - raft.server.log.segment.cache.num.max = 2 (custom)
2021-10-03 01:18:11,011 [pool-116-thread-1] INFO  server.RaftServerConfigKeys (ConfUtils.java:logGet(44)) - raft.server.log.segment.cache.size.max = 200MB (=209715200) (default)
2021-10-03 01:18:11,011 [pool-116-thread-1] INFO  segmented.SegmentedRaftLogWorker (SegmentedRaftLogWorker.java:<init>(182)) - new a19c5b13-c841-42c6-b325-8b067fb1470f@group-FE240F0539AA-SegmentedRaftLogWorker for RaftStorageImpl:Storage Directory /home/runner/work/ozone/ozone/hadoop-ozone/integration-test/target/test-dir/MiniOzoneClusterImpl-94b7d1b3-e035-4e16-be06-258bf0b7295d/datanode-1/data/ratis/4a17fa20-8830-4f00-b845-fe240f0539aa
2021-10-03 01:18:11,011 [pool-116-thread-1] INFO  server.RaftServerConfigKeys (ConfUtils.java:logGet(44)) - raft.server.log.queue.byte-limit = 2147483647 (custom)
2021-10-03 01:18:11,012 [pool-116-thread-1] INFO  server.RaftServerConfigKeys (ConfUtils.java:logGet(44)) - raft.server.log.queue.element-limit = 1024 (custom)
2021-10-03 01:18:11,012 [pool-116-thread-1] INFO  server.RaftServerConfigKeys (ConfUtils.java:logGet(44)) - raft.server.log.segment.size.max = 1048576 (custom)
2021-10-03 01:18:11,012 [pool-116-thread-1] INFO  server.RaftServerConfigKeys (ConfUtils.java:logGet(44)) - raft.server.log.preallocated.size = 16384 (custom)
2021-10-03 01:18:11,012 [pool-116-thread-1] INFO  server.RaftServerConfigKeys (ConfUtils.java:logGet(44)) - raft.server.log.force.sync.num = 128 (default)
2021-10-03 01:18:11,012 [pool-116-thread-1] INFO  server.RaftServerConfigKeys (ConfUtils.java:logGet(44)) - raft.server.log.statemachine.data.sync = true (default)
2021-10-03 01:18:11,012 [pool-116-thread-1] INFO  server.RaftServerConfigKeys (ConfUtils.java:logGet(44)) - raft.server.log.statemachine.data.sync.timeout = 10s (default)
2021-10-03 01:18:11,012 [pool-116-thread-1] INFO  server.RaftServerConfigKeys (ConfUtils.java:logGet(44)) - raft.server.log.statemachine.data.sync.timeout.retry = -1 (default)
2021-10-03 01:18:11,013 [pool-116-thread-1] INFO  server.RaftServerConfigKeys (ConfUtils.java:logGet(44)) - raft.server.log.write.buffer.size = 1048576 (custom)
2021-10-03 01:18:11,013 [pool-116-thread-1] INFO  server.RaftServerConfigKeys (ConfUtils.java:logGet(44)) - raft.server.log.statemachine.data.caching.enabled = true (custom)
2021-10-03 01:18:11,014 [pool-116-thread-1] INFO  segmented.SegmentedRaftLogWorker (SegmentedRaftLogWorker.java:lambda$new$0(133)) - a19c5b13-c841-42c6-b325-8b067fb1470f@group-FE240F0539AA-SegmentedRaftLogWorker: flushIndex: setUnconditionally 0 -> -1
2021-10-03 01:18:11,014 [pool-116-thread-1] INFO  segmented.SegmentedRaftLogWorker (SegmentedRaftLogWorker.java:lambda$new$0(133)) - a19c5b13-c841-42c6-b325-8b067fb1470f@group-FE240F0539AA-SegmentedRaftLogWorker: safeCacheEvictIndex: setUnconditionally 0 -> -1
2021-10-03 01:18:11,014 [pool-116-thread-1] INFO  server.RaftServerConfigKeys (ConfUtils.java:logGet(44)) - raft.server.snapshot.auto.trigger.enabled = true (custom)
2021-10-03 01:18:11,014 [pool-116-thread-1] INFO  server.RaftServerConfigKeys (ConfUtils.java:logGet(44)) - raft.server.snapshot.auto.trigger.threshold = 10000 (custom)
2021-10-03 01:18:11,014 [pool-116-thread-1] INFO  server.RaftServerConfigKeys (ConfUtils.java:logGet(44)) - raft.server.snapshot.retention.file.num = 5 (custom)
2021-10-03 01:18:11,014 [pool-116-thread-1] INFO  server.RaftServerConfigKeys (ConfUtils.java:logGet(44)) - raft.server.log.purge.upto.snapshot.index = false (default)
2021-10-03 01:18:11,014 [pool-116-thread-1] INFO  server.RaftServerConfigKeys (ConfUtils.java:logGet(44)) - raft.server.retrycache.expirytime = 600000ms (custom)
2021-10-03 01:18:11,014 [pool-116-thread-1] INFO  server.RaftServerConfigKeys (ConfUtils.java:logGet(44)) - raft.server.retrycache.statistics.expirytime = 100μs (default)
2021-10-03 01:18:11,015 [pool-116-thread-1] INFO  server.RaftServer$Division (RaftServerImpl.java:start(296)) - a19c5b13-c841-42c6-b325-8b067fb1470f@group-25B70E0F3051: start as a follower, conf=-1: [f844ae54-3f94-4df9-9fa7-4ad78c0e036b|rpc:10.1.0.5:37881|dataStream:|priority:0, d5bd9e96-1863-4ce9-9391-5504d61c6bbd|rpc:10.1.0.5:33279|dataStream:|priority:1, a19c5b13-c841-42c6-b325-8b067fb1470f|rpc:10.1.0.5:43783|dataStream:|priority:0], old=null
2021-10-03 01:18:11,015 [pool-116-thread-1] INFO  server.RaftServer$Division (RaftServerImpl.java:setRole(285)) - a19c5b13-c841-42c6-b325-8b067fb1470f@group-25B70E0F3051: changes role from      null to FOLLOWER at term 0 for startAsFollower
2021-10-03 01:18:11,015 [pool-116-thread-1] INFO  impl.RoleInfo (RoleInfo.java:updateAndGet(130)) - a19c5b13-c841-42c6-b325-8b067fb1470f: start a19c5b13-c841-42c6-b325-8b067fb1470f@group-25B70E0F3051-FollowerState
2021-10-03 01:18:11,016 [pool-116-thread-1] INFO  util.JmxRegister (JmxRegister.java:tryRegister(44)) - Successfully registered JMX Bean with object name Ratis:service=RaftServer,group=group-25B70E0F3051,id=a19c5b13-c841-42c6-b325-8b067fb1470f
2021-10-03 01:18:11,017 [pool-116-thread-1] INFO  server.RaftServer$Division (RaftServerImpl.java:start(296)) - a19c5b13-c841-42c6-b325-8b067fb1470f@group-FE240F0539AA: start as a follower, conf=-1: [a19c5b13-c841-42c6-b325-8b067fb1470f|rpc:10.1.0.5:43783|priority:1], old=null
2021-10-03 01:18:11,017 [pool-116-thread-1] INFO  server.RaftServer$Division (RaftServerImpl.java:setRole(285)) - a19c5b13-c841-42c6-b325-8b067fb1470f@group-FE240F0539AA: changes role from      null to FOLLOWER at term 0 for startAsFollower
2021-10-03 01:18:11,017 [pool-116-thread-1] INFO  impl.RoleInfo (RoleInfo.java:updateAndGet(130)) - a19c5b13-c841-42c6-b325-8b067fb1470f: start a19c5b13-c841-42c6-b325-8b067fb1470f@group-FE240F0539AA-FollowerState
2021-10-03 01:18:11,026 [pool-116-thread-1] INFO  util.JmxRegister (JmxRegister.java:tryRegister(44)) - Successfully registered JMX Bean with object name Ratis:service=RaftServer,group=group-FE240F0539AA,id=a19c5b13-c841-42c6-b325-8b067fb1470f
2021-10-03 01:18:11,029 [Command processor thread] INFO  ratis.XceiverServerRatis (XceiverServerRatis.java:addGroup(763)) - Created group PipelineID=4a17fa20-8830-4f00-b845-fe240f0539aa
2021-10-03 01:18:11,029 [Command processor thread] INFO  commandhandler.CreatePipelineCommandHandler (CreatePipelineCommandHandler.java:handle(106)) - Created Pipeline RATIS THREE PipelineID=b6ae24f9-889c-492b-be79-25b70e0f3051.
2021-10-03 01:18:11,029 [Command processor thread] INFO  commandhandler.CreatePipelineCommandHandler (CreatePipelineCommandHandler.java:handle(106)) - Created Pipeline RATIS ONE PipelineID=4a17fa20-8830-4f00-b845-fe240f0539aa.
2021-10-03 01:18:11,030 [Command processor thread] INFO  server.RaftServer (RaftServerProxy.java:addNew(95)) - f844ae54-3f94-4df9-9fa7-4ad78c0e036b: addNew group-3A3BDD580820:[f844ae54-3f94-4df9-9fa7-4ad78c0e036b|rpc:10.1.0.5:37881|priority:0, d5bd9e96-1863-4ce9-9391-5504d61c6bbd|rpc:10.1.0.5:33279|priority:0, a19c5b13-c841-42c6-b325-8b067fb1470f|rpc:10.1.0.5:43783|priority:1] returns group-3A3BDD580820:java.util.concurrent.CompletableFuture@25266e10[Not completed]
2021-10-03 01:18:11,031 [pool-116-thread-1] INFO  server.RaftServer$Division (RaftServerImpl.java:<init>(181)) - a19c5b13-c841-42c6-b325-8b067fb1470f: new RaftServerImpl for group-3A3BDD580820:[f844ae54-3f94-4df9-9fa7-4ad78c0e036b|rpc:10.1.0.5:37881|priority:0, d5bd9e96-1863-4ce9-9391-5504d61c6bbd|rpc:10.1.0.5:33279|priority:0, a19c5b13-c841-42c6-b325-8b067fb1470f|rpc:10.1.0.5:43783|priority:1] with ContainerStateMachine:uninitialized
2021-10-03 01:18:11,031 [pool-116-thread-1] INFO  server.RaftServerConfigKeys (ConfUtils.java:logGet(44)) - raft.server.rpc.timeout.min = 5s (custom)
2021-10-03 01:18:11,032 [pool-116-thread-1] INFO  server.RaftServerConfigKeys (ConfUtils.java:logGet(44)) - raft.server.rpc.timeout.max = 5200ms (custom)
2021-10-03 01:18:11,032 [pool-116-thread-1] INFO  server.RaftServerConfigKeys (ConfUtils.java:logGet(44)) - raft.server.rpc.sleep.time = 25ms (default)
2021-10-03 01:18:11,032 [pool-116-thread-1] INFO  server.RaftServerConfigKeys (ConfUtils.java:logGet(44)) - raft.server.rpc.slowness.timeout = 300s (custom)
2021-10-03 01:18:11,032 [pool-116-thread-1] INFO  server.RaftServerConfigKeys (ConfUtils.java:logGet(44)) - raft.server.leaderelection.leader.step-down.wait-time = 10s (default)
2021-10-03 01:18:11,032 [pool-116-thread-1] INFO  server.RaftServerConfigKeys (ConfUtils.java:logGet(44)) - raft.server.sleep.deviation.threshold = 300ms (default)
2021-10-03 01:18:11,030 [Command processor thread] INFO  server.RaftServer (RaftServerProxy.java:addNew(95)) - a19c5b13-c841-42c6-b325-8b067fb1470f: addNew group-3A3BDD580820:[f844ae54-3f94-4df9-9fa7-4ad78c0e036b|rpc:10.1.0.5:37881|priority:0, d5bd9e96-1863-4ce9-9391-5504d61c6bbd|rpc:10.1.0.5:33279|priority:0, a19c5b13-c841-42c6-b325-8b067fb1470f|rpc:10.1.0.5:43783|priority:1] returns group-3A3BDD580820:java.util.concurrent.CompletableFuture@71e1ea06[Not completed]
2021-10-03 01:18:11,032 [pool-97-thread-1] INFO  server.RaftServer$Division (RaftServerImpl.java:<init>(181)) - f844ae54-3f94-4df9-9fa7-4ad78c0e036b: new RaftServerImpl for group-3A3BDD580820:[f844ae54-3f94-4df9-9fa7-4ad78c0e036b|rpc:10.1.0.5:37881|priority:0, d5bd9e96-1863-4ce9-9391-5504d61c6bbd|rpc:10.1.0.5:33279|priority:0, a19c5b13-c841-42c6-b325-8b067fb1470f|rpc:10.1.0.5:43783|priority:1] with ContainerStateMachine:uninitialized
2021-10-03 01:18:11,032 [pool-97-thread-1] INFO  server.RaftServerConfigKeys (ConfUtils.java:logGet(44)) - raft.server.rpc.timeout.min = 5s (custom)
2021-10-03 01:18:11,032 [pool-97-thread-1] INFO  server.RaftServerConfigKeys (ConfUtils.java:logGet(44)) - raft.server.rpc.timeout.max = 5200ms (custom)
2021-10-03 01:18:11,032 [pool-97-thread-1] INFO  server.RaftServerConfigKeys (ConfUtils.java:logGet(44)) - raft.server.rpc.sleep.time = 25ms (default)
2021-10-03 01:18:11,032 [pool-97-thread-1] INFO  server.RaftServerConfigKeys (ConfUtils.java:logGet(44)) - raft.server.rpc.slowness.timeout = 300s (custom)
2021-10-03 01:18:11,032 [pool-97-thread-1] INFO  server.RaftServerConfigKeys (ConfUtils.java:logGet(44)) - raft.server.leaderelection.leader.step-down.wait-time = 10s (default)
2021-10-03 01:18:11,032 [pool-97-thread-1] INFO  server.RaftServerConfigKeys (ConfUtils.java:logGet(44)) - raft.server.sleep.deviation.threshold = 300ms (default)
2021-10-03 01:18:11,032 [pool-97-thread-1] INFO  server.RaftServerConfigKeys (ConfUtils.java:logGet(44)) - raft.server.log.appender.install.snapshot.enabled = false (custom)
2021-10-03 01:18:11,033 [pool-97-thread-1] INFO  server.RaftServer$Division (ServerState.java:<init>(105)) - f844ae54-3f94-4df9-9fa7-4ad78c0e036b@group-3A3BDD580820: ConfigurationManager, init=-1: [f844ae54-3f94-4df9-9fa7-4ad78c0e036b|rpc:10.1.0.5:37881|priority:0, d5bd9e96-1863-4ce9-9391-5504d61c6bbd|rpc:10.1.0.5:33279|priority:0, a19c5b13-c841-42c6-b325-8b067fb1470f|rpc:10.1.0.5:43783|priority:1], old=null, confs=<EMPTY_MAP>
2021-10-03 01:18:11,033 [pool-97-thread-1] INFO  server.RaftServerConfigKeys (ConfUtils.java:logGet(44)) - raft.server.storage.dir = [/home/runner/work/ozone/ozone/hadoop-ozone/integration-test/target/test-dir/MiniOzoneClusterImpl-94b7d1b3-e035-4e16-be06-258bf0b7295d/datanode-0/data/ratis] (custom)
2021-10-03 01:18:11,033 [pool-97-thread-1] INFO  server.RaftServerConfigKeys (ConfUtils.java:logGet(44)) - raft.server.log.corruption.policy = EXCEPTION (default)
2021-10-03 01:18:11,033 [pool-97-thread-1] INFO  server.RaftServerConfigKeys (ConfUtils.java:logGet(44)) - raft.server.storage.free-space.min = 0MB (=0) (default)
2021-10-03 01:18:11,033 [pool-97-thread-1] INFO  storage.RaftStorageDirectory (RaftStorageDirectoryImpl.java:analyzeStorage(135)) - The storage directory /home/runner/work/ozone/ozone/hadoop-ozone/integration-test/target/test-dir/MiniOzoneClusterImpl-94b7d1b3-e035-4e16-be06-258bf0b7295d/datanode-0/data/ratis/97739386-6c7b-48d7-97fe-3a3bdd580820 does not exist. Creating ...
2021-10-03 01:18:11,033 [pool-116-thread-1] INFO  server.RaftServerConfigKeys (ConfUtils.java:logGet(44)) - raft.server.log.appender.install.snapshot.enabled = false (custom)
2021-10-03 01:18:11,034 [pool-116-thread-1] INFO  server.RaftServer$Division (ServerState.java:<init>(105)) - a19c5b13-c841-42c6-b325-8b067fb1470f@group-3A3BDD580820: ConfigurationManager, init=-1: [f844ae54-3f94-4df9-9fa7-4ad78c0e036b|rpc:10.1.0.5:37881|priority:0, d5bd9e96-1863-4ce9-9391-5504d61c6bbd|rpc:10.1.0.5:33279|priority:0, a19c5b13-c841-42c6-b325-8b067fb1470f|rpc:10.1.0.5:43783|priority:1], old=null, confs=<EMPTY_MAP>
2021-10-03 01:18:11,034 [pool-116-thread-1] INFO  server.RaftServerConfigKeys (ConfUtils.java:logGet(44)) - raft.server.storage.dir = [/home/runner/work/ozone/ozone/hadoop-ozone/integration-test/target/test-dir/MiniOzoneClusterImpl-94b7d1b3-e035-4e16-be06-258bf0b7295d/datanode-1/data/ratis] (custom)
2021-10-03 01:18:11,034 [pool-116-thread-1] INFO  server.RaftServerConfigKeys (ConfUtils.java:logGet(44)) - raft.server.log.corruption.policy = EXCEPTION (default)
2021-10-03 01:18:11,034 [pool-116-thread-1] INFO  server.RaftServerConfigKeys (ConfUtils.java:logGet(44)) - raft.server.storage.free-space.min = 0MB (=0) (default)
2021-10-03 01:18:11,034 [pool-116-thread-1] INFO  storage.RaftStorageDirectory (RaftStorageDirectoryImpl.java:analyzeStorage(135)) - The storage directory /home/runner/work/ozone/ozone/hadoop-ozone/integration-test/target/test-dir/MiniOzoneClusterImpl-94b7d1b3-e035-4e16-be06-258bf0b7295d/datanode-1/data/ratis/97739386-6c7b-48d7-97fe-3a3bdd580820 does not exist. Creating ...
2021-10-03 01:18:11,034 [pool-97-thread-1] INFO  storage.RaftStorageDirectory (RaftStorageDirectoryImpl.java:tryLock(230)) - Lock on /home/runner/work/ozone/ozone/hadoop-ozone/integration-test/target/test-dir/MiniOzoneClusterImpl-94b7d1b3-e035-4e16-be06-258bf0b7295d/datanode-0/data/ratis/97739386-6c7b-48d7-97fe-3a3bdd580820/in_use.lock acquired by nodename 8541@fv-az270-324
2021-10-03 01:18:11,036 [pool-116-thread-1] INFO  storage.RaftStorageDirectory (RaftStorageDirectoryImpl.java:tryLock(230)) - Lock on /home/runner/work/ozone/ozone/hadoop-ozone/integration-test/target/test-dir/MiniOzoneClusterImpl-94b7d1b3-e035-4e16-be06-258bf0b7295d/datanode-1/data/ratis/97739386-6c7b-48d7-97fe-3a3bdd580820/in_use.lock acquired by nodename 8541@fv-az270-324
2021-10-03 01:18:11,036 [pool-97-thread-1] INFO  storage.RaftStorage (RaftStorageImpl.java:format(89)) - Storage directory /home/runner/work/ozone/ozone/hadoop-ozone/integration-test/target/test-dir/MiniOzoneClusterImpl-94b7d1b3-e035-4e16-be06-258bf0b7295d/datanode-0/data/ratis/97739386-6c7b-48d7-97fe-3a3bdd580820 has been successfully formatted.
2021-10-03 01:18:11,037 [pool-97-thread-1] INFO  ratis.ContainerStateMachine (ContainerStateMachine.java:loadSnapshot(224)) - group-3A3BDD580820: The snapshot info is null. Setting the last applied indexto:(t:0, i:~)
2021-10-03 01:18:11,037 [pool-97-thread-1] INFO  server.RaftServerConfigKeys (ConfUtils.java:logGet(44)) - raft.server.notification.no-leader.timeout = 300s (custom)
2021-10-03 01:18:11,037 [pool-97-thread-1] INFO  server.RaftServerConfigKeys (ConfUtils.java:logGet(44)) - raft.server.log.use.memory = false (default)
2021-10-03 01:18:11,037 [pool-97-thread-1] INFO  server.RaftServerConfigKeys (ConfUtils.java:logGet(44)) - raft.server.log.purge.gap = 1000000 (custom)
2021-10-03 01:18:11,037 [pool-97-thread-1] INFO  server.RaftServerConfigKeys (ConfUtils.java:logGet(44)) - raft.server.log.appender.buffer.byte-limit = 33554432 (custom)
2021-10-03 01:18:11,043 [pool-97-thread-1] INFO  server.RaftServerConfigKeys (ConfUtils.java:logGet(44)) - raft.server.log.segment.size.max = 1048576 (custom)
2021-10-03 01:18:11,043 [pool-97-thread-1] INFO  server.RaftServerConfigKeys (ConfUtils.java:logGet(44)) - raft.server.log.segment.cache.num.max = 2 (custom)
2021-10-03 01:18:11,044 [pool-97-thread-1] INFO  server.RaftServerConfigKeys (ConfUtils.java:logGet(44)) - raft.server.log.segment.cache.size.max = 200MB (=209715200) (default)
2021-10-03 01:18:11,044 [pool-116-thread-1] INFO  storage.RaftStorage (RaftStorageImpl.java:format(89)) - Storage directory /home/runner/work/ozone/ozone/hadoop-ozone/integration-test/target/test-dir/MiniOzoneClusterImpl-94b7d1b3-e035-4e16-be06-258bf0b7295d/datanode-1/data/ratis/97739386-6c7b-48d7-97fe-3a3bdd580820 has been successfully formatted.
2021-10-03 01:18:11,044 [pool-97-thread-1] INFO  segmented.SegmentedRaftLogWorker (SegmentedRaftLogWorker.java:<init>(182)) - new f844ae54-3f94-4df9-9fa7-4ad78c0e036b@group-3A3BDD580820-SegmentedRaftLogWorker for RaftStorageImpl:Storage Directory /home/runner/work/ozone/ozone/hadoop-ozone/integration-test/target/test-dir/MiniOzoneClusterImpl-94b7d1b3-e035-4e16-be06-258bf0b7295d/datanode-0/data/ratis/97739386-6c7b-48d7-97fe-3a3bdd580820
2021-10-03 01:18:11,045 [pool-97-thread-1] INFO  server.RaftServerConfigKeys (ConfUtils.java:logGet(44)) - raft.server.log.queue.byte-limit = 2147483647 (custom)
2021-10-03 01:18:11,045 [pool-97-thread-1] INFO  server.RaftServerConfigKeys (ConfUtils.java:logGet(44)) - raft.server.log.queue.element-limit = 1024 (custom)
2021-10-03 01:18:11,044 [EventQueue-OpenPipelineForHealthyPipelineSafeModeRule] INFO  safemode.SCMSafeModeManager (HealthyPipelineSafeModeRule.java:process(124)) - SCM in safe mode. Healthy pipelines reported count is 0, required healthy pipeline reported count is 1
2021-10-03 01:18:11,045 [pool-97-thread-1] INFO  server.RaftServerConfigKeys (ConfUtils.java:logGet(44)) - raft.server.log.segment.size.max = 1048576 (custom)
2021-10-03 01:18:11,045 [pool-116-thread-1] INFO  ratis.ContainerStateMachine (ContainerStateMachine.java:loadSnapshot(224)) - group-3A3BDD580820: The snapshot info is null. Setting the last applied indexto:(t:0, i:~)
2021-10-03 01:18:11,048 [EventQueue-OpenPipelineForHealthyPipelineSafeModeRule] INFO  safemode.SCMSafeModeManager (HealthyPipelineSafeModeRule.java:process(124)) - SCM in safe mode. Healthy pipelines reported count is 0, required healthy pipeline reported count is 1
2021-10-03 01:18:11,048 [pool-116-thread-1] INFO  server.RaftServerConfigKeys (ConfUtils.java:logGet(44)) - raft.server.notification.no-leader.timeout = 300s (custom)
2021-10-03 01:18:11,048 [pool-116-thread-1] INFO  server.RaftServerConfigKeys (ConfUtils.java:logGet(44)) - raft.server.log.use.memory = false (default)
2021-10-03 01:18:11,048 [pool-97-thread-1] INFO  server.RaftServerConfigKeys (ConfUtils.java:logGet(44)) - raft.server.log.preallocated.size = 16384 (custom)
2021-10-03 01:18:11,049 [pool-97-thread-1] INFO  server.RaftServerConfigKeys (ConfUtils.java:logGet(44)) - raft.server.log.force.sync.num = 128 (default)
2021-10-03 01:18:11,049 [pool-97-thread-1] INFO  server.RaftServerConfigKeys (ConfUtils.java:logGet(44)) - raft.server.log.statemachine.data.sync = true (default)
2021-10-03 01:18:11,049 [pool-97-thread-1] INFO  server.RaftServerConfigKeys (ConfUtils.java:logGet(44)) - raft.server.log.statemachine.data.sync.timeout = 10s (default)
2021-10-03 01:18:11,049 [pool-97-thread-1] INFO  server.RaftServerConfigKeys (ConfUtils.java:logGet(44)) - raft.server.log.statemachine.data.sync.timeout.retry = -1 (default)
2021-10-03 01:18:11,050 [pool-97-thread-1] INFO  server.RaftServerConfigKeys (ConfUtils.java:logGet(44)) - raft.server.log.write.buffer.size = 1048576 (custom)
2021-10-03 01:18:11,051 [pool-97-thread-1] INFO  server.RaftServerConfigKeys (ConfUtils.java:logGet(44)) - raft.server.log.statemachine.data.caching.enabled = true (custom)
2021-10-03 01:18:11,048 [pool-116-thread-1] INFO  server.RaftServerConfigKeys (ConfUtils.java:logGet(44)) - raft.server.log.purge.gap = 1000000 (custom)
2021-10-03 01:18:11,051 [pool-116-thread-1] INFO  server.RaftServerConfigKeys (ConfUtils.java:logGet(44)) - raft.server.log.appender.buffer.byte-limit = 33554432 (custom)
2021-10-03 01:18:11,052 [pool-116-thread-1] INFO  server.RaftServerConfigKeys (ConfUtils.java:logGet(44)) - raft.server.log.segment.size.max = 1048576 (custom)
2021-10-03 01:18:11,052 [pool-116-thread-1] INFO  server.RaftServerConfigKeys (ConfUtils.java:logGet(44)) - raft.server.log.segment.cache.num.max = 2 (custom)
2021-10-03 01:18:11,054 [pool-116-thread-1] INFO  server.RaftServerConfigKeys (ConfUtils.java:logGet(44)) - raft.server.log.segment.cache.size.max = 200MB (=209715200) (default)
2021-10-03 01:18:11,054 [pool-116-thread-1] INFO  segmented.SegmentedRaftLogWorker (SegmentedRaftLogWorker.java:<init>(182)) - new a19c5b13-c841-42c6-b325-8b067fb1470f@group-3A3BDD580820-SegmentedRaftLogWorker for RaftStorageImpl:Storage Directory /home/runner/work/ozone/ozone/hadoop-ozone/integration-test/target/test-dir/MiniOzoneClusterImpl-94b7d1b3-e035-4e16-be06-258bf0b7295d/datanode-1/data/ratis/97739386-6c7b-48d7-97fe-3a3bdd580820
2021-10-03 01:18:11,054 [pool-116-thread-1] INFO  server.RaftServerConfigKeys (ConfUtils.java:logGet(44)) - raft.server.log.queue.byte-limit = 2147483647 (custom)
2021-10-03 01:18:11,054 [pool-116-thread-1] INFO  server.RaftServerConfigKeys (ConfUtils.java:logGet(44)) - raft.server.log.queue.element-limit = 1024 (custom)
2021-10-03 01:18:11,054 [pool-116-thread-1] INFO  server.RaftServerConfigKeys (ConfUtils.java:logGet(44)) - raft.server.log.segment.size.max = 1048576 (custom)
2021-10-03 01:18:11,054 [pool-116-thread-1] INFO  server.RaftServerConfigKeys (ConfUtils.java:logGet(44)) - raft.server.log.preallocated.size = 16384 (custom)
2021-10-03 01:18:11,054 [pool-116-thread-1] INFO  server.RaftServerConfigKeys (ConfUtils.java:logGet(44)) - raft.server.log.force.sync.num = 128 (default)
2021-10-03 01:18:11,054 [pool-116-thread-1] INFO  server.RaftServerConfigKeys (ConfUtils.java:logGet(44)) - raft.server.log.statemachine.data.sync = true (default)
2021-10-03 01:18:11,054 [pool-116-thread-1] INFO  server.RaftServerConfigKeys (ConfUtils.java:logGet(44)) - raft.server.log.statemachine.data.sync.timeout = 10s (default)
2021-10-03 01:18:11,055 [pool-116-thread-1] INFO  server.RaftServerConfigKeys (ConfUtils.java:logGet(44)) - raft.server.log.statemachine.data.sync.timeout.retry = -1 (default)
2021-10-03 01:18:11,055 [pool-116-thread-1] INFO  server.RaftServerConfigKeys (ConfUtils.java:logGet(44)) - raft.server.log.write.buffer.size = 1048576 (custom)
2021-10-03 01:18:11,056 [pool-116-thread-1] INFO  server.RaftServerConfigKeys (ConfUtils.java:logGet(44)) - raft.server.log.statemachine.data.caching.enabled = true (custom)
2021-10-03 01:18:11,056 [pool-116-thread-1] INFO  segmented.SegmentedRaftLogWorker (SegmentedRaftLogWorker.java:lambda$new$0(133)) - a19c5b13-c841-42c6-b325-8b067fb1470f@group-3A3BDD580820-SegmentedRaftLogWorker: flushIndex: setUnconditionally 0 -> -1
2021-10-03 01:18:11,056 [pool-116-thread-1] INFO  segmented.SegmentedRaftLogWorker (SegmentedRaftLogWorker.java:lambda$new$0(133)) - a19c5b13-c841-42c6-b325-8b067fb1470f@group-3A3BDD580820-SegmentedRaftLogWorker: safeCacheEvictIndex: setUnconditionally 0 -> -1
2021-10-03 01:18:11,054 [pool-97-thread-1] INFO  segmented.SegmentedRaftLogWorker (SegmentedRaftLogWorker.java:lambda$new$0(133)) - f844ae54-3f94-4df9-9fa7-4ad78c0e036b@group-3A3BDD580820-SegmentedRaftLogWorker: flushIndex: setUnconditionally 0 -> -1
2021-10-03 01:18:11,057 [pool-97-thread-1] INFO  segmented.SegmentedRaftLogWorker (SegmentedRaftLogWorker.java:lambda$new$0(133)) - f844ae54-3f94-4df9-9fa7-4ad78c0e036b@group-3A3BDD580820-SegmentedRaftLogWorker: safeCacheEvictIndex: setUnconditionally 0 -> -1
2021-10-03 01:18:11,057 [pool-116-thread-1] INFO  server.RaftServerConfigKeys (ConfUtils.java:logGet(44)) - raft.server.snapshot.auto.trigger.enabled = true (custom)
2021-10-03 01:18:11,057 [pool-116-thread-1] INFO  server.RaftServerConfigKeys (ConfUtils.java:logGet(44)) - raft.server.snapshot.auto.trigger.threshold = 10000 (custom)
2021-10-03 01:18:11,057 [pool-116-thread-1] INFO  server.RaftServerConfigKeys (ConfUtils.java:logGet(44)) - raft.server.snapshot.retention.file.num = 5 (custom)
2021-10-03 01:18:11,057 [pool-116-thread-1] INFO  server.RaftServerConfigKeys (ConfUtils.java:logGet(44)) - raft.server.log.purge.upto.snapshot.index = false (default)
2021-10-03 01:18:11,057 [pool-116-thread-1] INFO  server.RaftServerConfigKeys (ConfUtils.java:logGet(44)) - raft.server.retrycache.expirytime = 600000ms (custom)
2021-10-03 01:18:11,057 [pool-116-thread-1] INFO  server.RaftServerConfigKeys (ConfUtils.java:logGet(44)) - raft.server.retrycache.statistics.expirytime = 100μs (default)
2021-10-03 01:18:11,058 [pool-116-thread-1] INFO  server.RaftServer$Division (RaftServerImpl.java:start(296)) - a19c5b13-c841-42c6-b325-8b067fb1470f@group-3A3BDD580820: start as a follower, conf=-1: [f844ae54-3f94-4df9-9fa7-4ad78c0e036b|rpc:10.1.0.5:37881|priority:0, d5bd9e96-1863-4ce9-9391-5504d61c6bbd|rpc:10.1.0.5:33279|priority:0, a19c5b13-c841-42c6-b325-8b067fb1470f|rpc:10.1.0.5:43783|priority:1], old=null
2021-10-03 01:18:11,059 [pool-116-thread-1] INFO  server.RaftServer$Division (RaftServerImpl.java:setRole(285)) - a19c5b13-c841-42c6-b325-8b067fb1470f@group-3A3BDD580820: changes role from      null to FOLLOWER at term 0 for startAsFollower
2021-10-03 01:18:11,059 [pool-97-thread-1] INFO  server.RaftServerConfigKeys (ConfUtils.java:logGet(44)) - raft.server.snapshot.auto.trigger.enabled = true (custom)
2021-10-03 01:18:11,059 [pool-97-thread-1] INFO  server.RaftServerConfigKeys (ConfUtils.java:logGet(44)) - raft.server.snapshot.auto.trigger.threshold = 10000 (custom)
2021-10-03 01:18:11,059 [pool-97-thread-1] INFO  server.RaftServerConfigKeys (ConfUtils.java:logGet(44)) - raft.server.snapshot.retention.file.num = 5 (custom)
2021-10-03 01:18:11,059 [pool-97-thread-1] INFO  server.RaftServerConfigKeys (ConfUtils.java:logGet(44)) - raft.server.log.purge.upto.snapshot.index = false (default)
2021-10-03 01:18:11,059 [pool-97-thread-1] INFO  server.RaftServerConfigKeys (ConfUtils.java:logGet(44)) - raft.server.retrycache.expirytime = 600000ms (custom)
2021-10-03 01:18:11,059 [pool-97-thread-1] INFO  server.RaftServerConfigKeys (ConfUtils.java:logGet(44)) - raft.server.retrycache.statistics.expirytime = 100μs (default)
2021-10-03 01:18:11,060 [pool-97-thread-1] INFO  server.RaftServer$Division (RaftServerImpl.java:start(296)) - f844ae54-3f94-4df9-9fa7-4ad78c0e036b@group-3A3BDD580820: start as a follower, conf=-1: [f844ae54-3f94-4df9-9fa7-4ad78c0e036b|rpc:10.1.0.5:37881|priority:0, d5bd9e96-1863-4ce9-9391-5504d61c6bbd|rpc:10.1.0.5:33279|priority:0, a19c5b13-c841-42c6-b325-8b067fb1470f|rpc:10.1.0.5:43783|priority:1], old=null
2021-10-03 01:18:11,060 [pool-97-thread-1] INFO  server.RaftServer$Division (RaftServerImpl.java:setRole(285)) - f844ae54-3f94-4df9-9fa7-4ad78c0e036b@group-3A3BDD580820: changes role from      null to FOLLOWER at term 0 for startAsFollower
2021-10-03 01:18:11,060 [pool-97-thread-1] INFO  impl.RoleInfo (RoleInfo.java:updateAndGet(130)) - f844ae54-3f94-4df9-9fa7-4ad78c0e036b: start f844ae54-3f94-4df9-9fa7-4ad78c0e036b@group-3A3BDD580820-FollowerState
2021-10-03 01:18:11,061 [pool-116-thread-1] INFO  impl.RoleInfo (RoleInfo.java:updateAndGet(130)) - a19c5b13-c841-42c6-b325-8b067fb1470f: start a19c5b13-c841-42c6-b325-8b067fb1470f@group-3A3BDD580820-FollowerState
2021-10-03 01:18:11,061 [pool-97-thread-1] INFO  util.JmxRegister (JmxRegister.java:tryRegister(44)) - Successfully registered JMX Bean with object name Ratis:service=RaftServer,group=group-3A3BDD580820,id=f844ae54-3f94-4df9-9fa7-4ad78c0e036b
2021-10-03 01:18:11,061 [pool-116-thread-1] INFO  util.JmxRegister (JmxRegister.java:tryRegister(44)) - Successfully registered JMX Bean with object name Ratis:service=RaftServer,group=group-3A3BDD580820,id=a19c5b13-c841-42c6-b325-8b067fb1470f
2021-10-03 01:18:11,062 [Command processor thread] INFO  ratis.XceiverServerRatis (XceiverServerRatis.java:addGroup(763)) - Created group PipelineID=97739386-6c7b-48d7-97fe-3a3bdd580820
2021-10-03 01:18:11,062 [Command processor thread] INFO  ratis.XceiverServerRatis (XceiverServerRatis.java:addGroup(763)) - Created group PipelineID=97739386-6c7b-48d7-97fe-3a3bdd580820
2021-10-03 01:18:11,092 [grpc-default-executor-4] INFO  server.RaftServer (RaftServerProxy.java:addNew(95)) - d5bd9e96-1863-4ce9-9391-5504d61c6bbd: addNew group-3A3BDD580820:[f844ae54-3f94-4df9-9fa7-4ad78c0e036b|rpc:10.1.0.5:37881|dataStream:|priority:0, d5bd9e96-1863-4ce9-9391-5504d61c6bbd|rpc:10.1.0.5:33279|dataStream:|priority:0, a19c5b13-c841-42c6-b325-8b067fb1470f|rpc:10.1.0.5:43783|dataStream:|priority:1] returns group-3A3BDD580820:java.util.concurrent.CompletableFuture@415fcb9[Not completed]
2021-10-03 01:18:11,093 [pool-135-thread-1] INFO  server.RaftServer$Division (RaftServerImpl.java:<init>(181)) - d5bd9e96-1863-4ce9-9391-5504d61c6bbd: new RaftServerImpl for group-3A3BDD580820:[f844ae54-3f94-4df9-9fa7-4ad78c0e036b|rpc:10.1.0.5:37881|dataStream:|priority:0, d5bd9e96-1863-4ce9-9391-5504d61c6bbd|rpc:10.1.0.5:33279|dataStream:|priority:0, a19c5b13-c841-42c6-b325-8b067fb1470f|rpc:10.1.0.5:43783|dataStream:|priority:1] with ContainerStateMachine:uninitialized
2021-10-03 01:18:11,093 [pool-135-thread-1] INFO  server.RaftServerConfigKeys (ConfUtils.java:logGet(44)) - raft.server.rpc.timeout.min = 5s (custom)
2021-10-03 01:18:11,093 [pool-135-thread-1] INFO  server.RaftServerConfigKeys (ConfUtils.java:logGet(44)) - raft.server.rpc.timeout.max = 5200ms (custom)
2021-10-03 01:18:11,093 [pool-135-thread-1] INFO  server.RaftServerConfigKeys (ConfUtils.java:logGet(44)) - raft.server.rpc.sleep.time = 25ms (default)
2021-10-03 01:18:11,093 [pool-135-thread-1] INFO  server.RaftServerConfigKeys (ConfUtils.java:logGet(44)) - raft.server.rpc.slowness.timeout = 300s (custom)
2021-10-03 01:18:11,093 [pool-135-thread-1] INFO  server.RaftServerConfigKeys (ConfUtils.java:logGet(44)) - raft.server.leaderelection.leader.step-down.wait-time = 10s (default)
2021-10-03 01:18:11,093 [pool-135-thread-1] INFO  server.RaftServerConfigKeys (ConfUtils.java:logGet(44)) - raft.server.sleep.deviation.threshold = 300ms (default)
2021-10-03 01:18:11,093 [pool-135-thread-1] INFO  server.RaftServerConfigKeys (ConfUtils.java:logGet(44)) - raft.server.log.appender.install.snapshot.enabled = false (custom)
2021-10-03 01:18:11,093 [pool-135-thread-1] INFO  server.RaftServer$Division (ServerState.java:<init>(105)) - d5bd9e96-1863-4ce9-9391-5504d61c6bbd@group-3A3BDD580820: ConfigurationManager, init=-1: [f844ae54-3f94-4df9-9fa7-4ad78c0e036b|rpc:10.1.0.5:37881|dataStream:|priority:0, d5bd9e96-1863-4ce9-9391-5504d61c6bbd|rpc:10.1.0.5:33279|dataStream:|priority:0, a19c5b13-c841-42c6-b325-8b067fb1470f|rpc:10.1.0.5:43783|dataStream:|priority:1], old=null, confs=<EMPTY_MAP>
2021-10-03 01:18:11,093 [pool-135-thread-1] INFO  server.RaftServerConfigKeys (ConfUtils.java:logGet(44)) - raft.server.storage.dir = [/home/runner/work/ozone/ozone/hadoop-ozone/integration-test/target/test-dir/MiniOzoneClusterImpl-94b7d1b3-e035-4e16-be06-258bf0b7295d/datanode-2/data/ratis] (custom)
2021-10-03 01:18:11,094 [pool-135-thread-1] INFO  server.RaftServerConfigKeys (ConfUtils.java:logGet(44)) - raft.server.log.corruption.policy = EXCEPTION (default)
2021-10-03 01:18:11,094 [pool-135-thread-1] INFO  server.RaftServerConfigKeys (ConfUtils.java:logGet(44)) - raft.server.storage.free-space.min = 0MB (=0) (default)
2021-10-03 01:18:11,094 [pool-135-thread-1] INFO  storage.RaftStorageDirectory (RaftStorageDirectoryImpl.java:analyzeStorage(135)) - The storage directory /home/runner/work/ozone/ozone/hadoop-ozone/integration-test/target/test-dir/MiniOzoneClusterImpl-94b7d1b3-e035-4e16-be06-258bf0b7295d/datanode-2/data/ratis/97739386-6c7b-48d7-97fe-3a3bdd580820 does not exist. Creating ...
2021-10-03 01:18:11,095 [pool-135-thread-1] INFO  storage.RaftStorageDirectory (RaftStorageDirectoryImpl.java:tryLock(230)) - Lock on /home/runner/work/ozone/ozone/hadoop-ozone/integration-test/target/test-dir/MiniOzoneClusterImpl-94b7d1b3-e035-4e16-be06-258bf0b7295d/datanode-2/data/ratis/97739386-6c7b-48d7-97fe-3a3bdd580820/in_use.lock acquired by nodename 8541@fv-az270-324
2021-10-03 01:18:11,097 [pool-135-thread-1] INFO  storage.RaftStorage (RaftStorageImpl.java:format(89)) - Storage directory /home/runner/work/ozone/ozone/hadoop-ozone/integration-test/target/test-dir/MiniOzoneClusterImpl-94b7d1b3-e035-4e16-be06-258bf0b7295d/datanode-2/data/ratis/97739386-6c7b-48d7-97fe-3a3bdd580820 has been successfully formatted.
2021-10-03 01:18:11,098 [pool-135-thread-1] INFO  ratis.ContainerStateMachine (ContainerStateMachine.java:loadSnapshot(224)) - group-3A3BDD580820: The snapshot info is null. Setting the last applied indexto:(t:0, i:~)
2021-10-03 01:18:11,097 [Datanode State Machine Thread - 0] WARN  statemachine.StateContext (StateContext.java:execute(621)) - No available thread in pool for past 1 seconds.
2021-10-03 01:18:11,105 [pool-135-thread-1] INFO  server.RaftServerConfigKeys (ConfUtils.java:logGet(44)) - raft.server.notification.no-leader.timeout = 300s (custom)
2021-10-03 01:18:11,105 [pool-135-thread-1] INFO  server.RaftServerConfigKeys (ConfUtils.java:logGet(44)) - raft.server.log.use.memory = false (default)
2021-10-03 01:18:11,105 [pool-135-thread-1] INFO  server.RaftServerConfigKeys (ConfUtils.java:logGet(44)) - raft.server.log.purge.gap = 1000000 (custom)
2021-10-03 01:18:11,105 [pool-135-thread-1] INFO  server.RaftServerConfigKeys (ConfUtils.java:logGet(44)) - raft.server.log.appender.buffer.byte-limit = 33554432 (custom)
2021-10-03 01:18:11,118 [pool-135-thread-1] INFO  server.RaftServerConfigKeys (ConfUtils.java:logGet(44)) - raft.server.log.segment.size.max = 1048576 (custom)
2021-10-03 01:18:11,119 [pool-135-thread-1] INFO  server.RaftServerConfigKeys (ConfUtils.java:logGet(44)) - raft.server.log.segment.cache.num.max = 2 (custom)
2021-10-03 01:18:11,119 [pool-135-thread-1] INFO  server.RaftServerConfigKeys (ConfUtils.java:logGet(44)) - raft.server.log.segment.cache.size.max = 200MB (=209715200) (default)
2021-10-03 01:18:11,119 [pool-135-thread-1] INFO  segmented.SegmentedRaftLogWorker (SegmentedRaftLogWorker.java:<init>(182)) - new d5bd9e96-1863-4ce9-9391-5504d61c6bbd@group-3A3BDD580820-SegmentedRaftLogWorker for RaftStorageImpl:Storage Directory /home/runner/work/ozone/ozone/hadoop-ozone/integration-test/target/test-dir/MiniOzoneClusterImpl-94b7d1b3-e035-4e16-be06-258bf0b7295d/datanode-2/data/ratis/97739386-6c7b-48d7-97fe-3a3bdd580820
2021-10-03 01:18:11,119 [pool-135-thread-1] INFO  server.RaftServerConfigKeys (ConfUtils.java:logGet(44)) - raft.server.log.queue.byte-limit = 2147483647 (custom)
2021-10-03 01:18:11,119 [pool-135-thread-1] INFO  server.RaftServerConfigKeys (ConfUtils.java:logGet(44)) - raft.server.log.queue.element-limit = 1024 (custom)
2021-10-03 01:18:11,119 [pool-135-thread-1] INFO  server.RaftServerConfigKeys (ConfUtils.java:logGet(44)) - raft.server.log.segment.size.max = 1048576 (custom)
2021-10-03 01:18:11,119 [pool-135-thread-1] INFO  server.RaftServerConfigKeys (ConfUtils.java:logGet(44)) - raft.server.log.preallocated.size = 16384 (custom)
2021-10-03 01:18:11,119 [pool-135-thread-1] INFO  server.RaftServerConfigKeys (ConfUtils.java:logGet(44)) - raft.server.log.force.sync.num = 128 (default)
2021-10-03 01:18:11,119 [pool-135-thread-1] INFO  server.RaftServerConfigKeys (ConfUtils.java:logGet(44)) - raft.server.log.statemachine.data.sync = true (default)
2021-10-03 01:18:11,119 [pool-135-thread-1] INFO  server.RaftServerConfigKeys (ConfUtils.java:logGet(44)) - raft.server.log.statemachine.data.sync.timeout = 10s (default)
2021-10-03 01:18:11,119 [pool-135-thread-1] INFO  server.RaftServerConfigKeys (ConfUtils.java:logGet(44)) - raft.server.log.statemachine.data.sync.timeout.retry = -1 (default)
2021-10-03 01:18:11,120 [pool-135-thread-1] INFO  server.RaftServerConfigKeys (ConfUtils.java:logGet(44)) - raft.server.log.write.buffer.size = 1048576 (custom)
2021-10-03 01:18:11,121 [pool-135-thread-1] INFO  server.RaftServerConfigKeys (ConfUtils.java:logGet(44)) - raft.server.log.statemachine.data.caching.enabled = true (custom)
2021-10-03 01:18:11,121 [pool-135-thread-1] INFO  segmented.SegmentedRaftLogWorker (SegmentedRaftLogWorker.java:lambda$new$0(133)) - d5bd9e96-1863-4ce9-9391-5504d61c6bbd@group-3A3BDD580820-SegmentedRaftLogWorker: flushIndex: setUnconditionally 0 -> -1
2021-10-03 01:18:11,121 [pool-135-thread-1] INFO  segmented.SegmentedRaftLogWorker (SegmentedRaftLogWorker.java:lambda$new$0(133)) - d5bd9e96-1863-4ce9-9391-5504d61c6bbd@group-3A3BDD580820-SegmentedRaftLogWorker: safeCacheEvictIndex: setUnconditionally 0 -> -1
2021-10-03 01:18:11,123 [pool-135-thread-1] INFO  server.RaftServerConfigKeys (ConfUtils.java:logGet(44)) - raft.server.snapshot.auto.trigger.enabled = true (custom)
2021-10-03 01:18:11,123 [pool-135-thread-1] INFO  server.RaftServerConfigKeys (ConfUtils.java:logGet(44)) - raft.server.snapshot.auto.trigger.threshold = 10000 (custom)
2021-10-03 01:18:11,123 [pool-135-thread-1] INFO  server.RaftServerConfigKeys (ConfUtils.java:logGet(44)) - raft.server.snapshot.retention.file.num = 5 (custom)
2021-10-03 01:18:11,123 [pool-135-thread-1] INFO  server.RaftServerConfigKeys (ConfUtils.java:logGet(44)) - raft.server.log.purge.upto.snapshot.index = false (default)
2021-10-03 01:18:11,124 [pool-135-thread-1] INFO  server.RaftServerConfigKeys (ConfUtils.java:logGet(44)) - raft.server.retrycache.expirytime = 600000ms (custom)
2021-10-03 01:18:11,124 [pool-135-thread-1] INFO  server.RaftServerConfigKeys (ConfUtils.java:logGet(44)) - raft.server.retrycache.statistics.expirytime = 100μs (default)
2021-10-03 01:18:11,125 [pool-135-thread-1] INFO  server.RaftServer$Division (RaftServerImpl.java:start(296)) - d5bd9e96-1863-4ce9-9391-5504d61c6bbd@group-3A3BDD580820: start as a follower, conf=-1: [f844ae54-3f94-4df9-9fa7-4ad78c0e036b|rpc:10.1.0.5:37881|dataStream:|priority:0, d5bd9e96-1863-4ce9-9391-5504d61c6bbd|rpc:10.1.0.5:33279|dataStream:|priority:0, a19c5b13-c841-42c6-b325-8b067fb1470f|rpc:10.1.0.5:43783|dataStream:|priority:1], old=null
2021-10-03 01:18:11,125 [pool-135-thread-1] INFO  server.RaftServer$Division (RaftServerImpl.java:setRole(285)) - d5bd9e96-1863-4ce9-9391-5504d61c6bbd@group-3A3BDD580820: changes role from      null to FOLLOWER at term 0 for startAsFollower
2021-10-03 01:18:11,125 [pool-135-thread-1] INFO  impl.RoleInfo (RoleInfo.java:updateAndGet(130)) - d5bd9e96-1863-4ce9-9391-5504d61c6bbd: start d5bd9e96-1863-4ce9-9391-5504d61c6bbd@group-3A3BDD580820-FollowerState
2021-10-03 01:18:11,125 [pool-135-thread-1] INFO  util.JmxRegister (JmxRegister.java:tryRegister(44)) - Successfully registered JMX Bean with object name Ratis:service=RaftServer,group=group-3A3BDD580820,id=d5bd9e96-1863-4ce9-9391-5504d61c6bbd
2021-10-03 01:18:11,166 [Command processor thread] INFO  server.RaftServer (RaftServerProxy.java:addNew(95)) - d5bd9e96-1863-4ce9-9391-5504d61c6bbd: addNew group-96FCCB70BDE5:[d5bd9e96-1863-4ce9-9391-5504d61c6bbd|rpc:10.1.0.5:33279|priority:1] returns group-96FCCB70BDE5:java.util.concurrent.CompletableFuture@2b1d6a45[Not completed]
2021-10-03 01:18:11,175 [pool-135-thread-1] INFO  server.RaftServer$Division (RaftServerImpl.java:<init>(181)) - d5bd9e96-1863-4ce9-9391-5504d61c6bbd: new RaftServerImpl for group-96FCCB70BDE5:[d5bd9e96-1863-4ce9-9391-5504d61c6bbd|rpc:10.1.0.5:33279|priority:1] with ContainerStateMachine:uninitialized
2021-10-03 01:18:11,175 [pool-135-thread-1] INFO  server.RaftServerConfigKeys (ConfUtils.java:logGet(44)) - raft.server.rpc.timeout.min = 5s (custom)
2021-10-03 01:18:11,175 [pool-135-thread-1] INFO  server.RaftServerConfigKeys (ConfUtils.java:logGet(44)) - raft.server.rpc.timeout.max = 5200ms (custom)
2021-10-03 01:18:11,175 [pool-135-thread-1] INFO  server.RaftServerConfigKeys (ConfUtils.java:logGet(44)) - raft.server.rpc.sleep.time = 25ms (default)
2021-10-03 01:18:11,175 [pool-135-thread-1] INFO  server.RaftServerConfigKeys (ConfUtils.java:logGet(44)) - raft.server.rpc.slowness.timeout = 300s (custom)
2021-10-03 01:18:11,176 [pool-135-thread-1] INFO  server.RaftServerConfigKeys (ConfUtils.java:logGet(44)) - raft.server.leaderelection.leader.step-down.wait-time = 10s (default)
2021-10-03 01:18:11,176 [pool-135-thread-1] INFO  server.RaftServerConfigKeys (ConfUtils.java:logGet(44)) - raft.server.sleep.deviation.threshold = 300ms (default)
2021-10-03 01:18:11,176 [pool-135-thread-1] INFO  server.RaftServerConfigKeys (ConfUtils.java:logGet(44)) - raft.server.log.appender.install.snapshot.enabled = false (custom)
2021-10-03 01:18:11,176 [pool-135-thread-1] INFO  server.RaftServer$Division (ServerState.java:<init>(105)) - d5bd9e96-1863-4ce9-9391-5504d61c6bbd@group-96FCCB70BDE5: ConfigurationManager, init=-1: [d5bd9e96-1863-4ce9-9391-5504d61c6bbd|rpc:10.1.0.5:33279|priority:1], old=null, confs=<EMPTY_MAP>
2021-10-03 01:18:11,176 [pool-135-thread-1] INFO  server.RaftServerConfigKeys (ConfUtils.java:logGet(44)) - raft.server.storage.dir = [/home/runner/work/ozone/ozone/hadoop-ozone/integration-test/target/test-dir/MiniOzoneClusterImpl-94b7d1b3-e035-4e16-be06-258bf0b7295d/datanode-2/data/ratis] (custom)
2021-10-03 01:18:11,176 [pool-135-thread-1] INFO  server.RaftServerConfigKeys (ConfUtils.java:logGet(44)) - raft.server.log.corruption.policy = EXCEPTION (default)
2021-10-03 01:18:11,176 [pool-135-thread-1] INFO  server.RaftServerConfigKeys (ConfUtils.java:logGet(44)) - raft.server.storage.free-space.min = 0MB (=0) (default)
2021-10-03 01:18:11,176 [pool-135-thread-1] INFO  storage.RaftStorageDirectory (RaftStorageDirectoryImpl.java:analyzeStorage(135)) - The storage directory /home/runner/work/ozone/ozone/hadoop-ozone/integration-test/target/test-dir/MiniOzoneClusterImpl-94b7d1b3-e035-4e16-be06-258bf0b7295d/datanode-2/data/ratis/3f6ca919-cf19-4039-93c0-96fccb70bde5 does not exist. Creating ...
2021-10-03 01:18:11,177 [Listener at 127.0.0.1/13840] INFO  ozone.MiniOzoneClusterImpl (MiniOzoneClusterImpl.java:lambda$waitForClusterToBeReady$0(235)) - Nodes are ready. Got 3 of 3 DN Heartbeats.
2021-10-03 01:18:11,177 [Listener at 127.0.0.1/13840] INFO  ozone.MiniOzoneClusterImpl (MiniOzoneClusterImpl.java:lambda$waitForClusterToBeReady$0(238)) - Waiting for cluster to exit safe mode
2021-10-03 01:18:11,177 [Listener at 127.0.0.1/13840] INFO  ozone.MiniOzoneClusterImpl (MiniOzoneClusterImpl.java:lambda$waitForClusterToBeReady$0(240)) - SCM became leader
2021-10-03 01:18:11,178 [pool-135-thread-1] INFO  storage.RaftStorageDirectory (RaftStorageDirectoryImpl.java:tryLock(230)) - Lock on /home/runner/work/ozone/ozone/hadoop-ozone/integration-test/target/test-dir/MiniOzoneClusterImpl-94b7d1b3-e035-4e16-be06-258bf0b7295d/datanode-2/data/ratis/3f6ca919-cf19-4039-93c0-96fccb70bde5/in_use.lock acquired by nodename 8541@fv-az270-324
2021-10-03 01:18:11,182 [pool-135-thread-1] INFO  storage.RaftStorage (RaftStorageImpl.java:format(89)) - Storage directory /home/runner/work/ozone/ozone/hadoop-ozone/integration-test/target/test-dir/MiniOzoneClusterImpl-94b7d1b3-e035-4e16-be06-258bf0b7295d/datanode-2/data/ratis/3f6ca919-cf19-4039-93c0-96fccb70bde5 has been successfully formatted.
2021-10-03 01:18:11,182 [pool-135-thread-1] INFO  ratis.ContainerStateMachine (ContainerStateMachine.java:loadSnapshot(224)) - group-96FCCB70BDE5: The snapshot info is null. Setting the last applied indexto:(t:0, i:~)
2021-10-03 01:18:11,182 [pool-135-thread-1] INFO  server.RaftServerConfigKeys (ConfUtils.java:logGet(44)) - raft.server.notification.no-leader.timeout = 300s (custom)
2021-10-03 01:18:11,183 [pool-135-thread-1] INFO  server.RaftServerConfigKeys (ConfUtils.java:logGet(44)) - raft.server.log.use.memory = false (default)
2021-10-03 01:18:11,183 [pool-135-thread-1] INFO  server.RaftServerConfigKeys (ConfUtils.java:logGet(44)) - raft.server.log.purge.gap = 1000000 (custom)
2021-10-03 01:18:11,183 [pool-135-thread-1] INFO  server.RaftServerConfigKeys (ConfUtils.java:logGet(44)) - raft.server.log.appender.buffer.byte-limit = 33554432 (custom)
2021-10-03 01:18:11,183 [pool-135-thread-1] INFO  server.RaftServerConfigKeys (ConfUtils.java:logGet(44)) - raft.server.log.segment.size.max = 1048576 (custom)
2021-10-03 01:18:11,183 [pool-135-thread-1] INFO  server.RaftServerConfigKeys (ConfUtils.java:logGet(44)) - raft.server.log.segment.cache.num.max = 2 (custom)
2021-10-03 01:18:11,183 [pool-135-thread-1] INFO  server.RaftServerConfigKeys (ConfUtils.java:logGet(44)) - raft.server.log.segment.cache.size.max = 200MB (=209715200) (default)
2021-10-03 01:18:11,183 [pool-135-thread-1] INFO  segmented.SegmentedRaftLogWorker (SegmentedRaftLogWorker.java:<init>(182)) - new d5bd9e96-1863-4ce9-9391-5504d61c6bbd@group-96FCCB70BDE5-SegmentedRaftLogWorker for RaftStorageImpl:Storage Directory /home/runner/work/ozone/ozone/hadoop-ozone/integration-test/target/test-dir/MiniOzoneClusterImpl-94b7d1b3-e035-4e16-be06-258bf0b7295d/datanode-2/data/ratis/3f6ca919-cf19-4039-93c0-96fccb70bde5
2021-10-03 01:18:11,183 [pool-135-thread-1] INFO  server.RaftServerConfigKeys (ConfUtils.java:logGet(44)) - raft.server.log.queue.byte-limit = 2147483647 (custom)
2021-10-03 01:18:11,183 [pool-135-thread-1] INFO  server.RaftServerConfigKeys (ConfUtils.java:logGet(44)) - raft.server.log.queue.element-limit = 1024 (custom)
2021-10-03 01:18:11,184 [pool-135-thread-1] INFO  server.RaftServerConfigKeys (ConfUtils.java:logGet(44)) - raft.server.log.segment.size.max = 1048576 (custom)
2021-10-03 01:18:11,184 [pool-135-thread-1] INFO  server.RaftServerConfigKeys (ConfUtils.java:logGet(44)) - raft.server.log.preallocated.size = 16384 (custom)
2021-10-03 01:18:11,184 [pool-135-thread-1] INFO  server.RaftServerConfigKeys (ConfUtils.java:logGet(44)) - raft.server.log.force.sync.num = 128 (default)
2021-10-03 01:18:11,184 [pool-135-thread-1] INFO  server.RaftServerConfigKeys (ConfUtils.java:logGet(44)) - raft.server.log.statemachine.data.sync = true (default)
2021-10-03 01:18:11,184 [pool-135-thread-1] INFO  server.RaftServerConfigKeys (ConfUtils.java:logGet(44)) - raft.server.log.statemachine.data.sync.timeout = 10s (default)
2021-10-03 01:18:11,184 [pool-135-thread-1] INFO  server.RaftServerConfigKeys (ConfUtils.java:logGet(44)) - raft.server.log.statemachine.data.sync.timeout.retry = -1 (default)
2021-10-03 01:18:11,184 [pool-135-thread-1] INFO  server.RaftServerConfigKeys (ConfUtils.java:logGet(44)) - raft.server.log.write.buffer.size = 1048576 (custom)
2021-10-03 01:18:11,187 [Command processor thread] INFO  commandhandler.CreatePipelineCommandHandler (CreatePipelineCommandHandler.java:handle(106)) - Created Pipeline RATIS THREE PipelineID=97739386-6c7b-48d7-97fe-3a3bdd580820.
2021-10-03 01:18:11,188 [pool-135-thread-1] INFO  server.RaftServerConfigKeys (ConfUtils.java:logGet(44)) - raft.server.log.statemachine.data.caching.enabled = true (custom)
2021-10-03 01:18:11,188 [pool-135-thread-1] INFO  segmented.SegmentedRaftLogWorker (SegmentedRaftLogWorker.java:lambda$new$0(133)) - d5bd9e96-1863-4ce9-9391-5504d61c6bbd@group-96FCCB70BDE5-SegmentedRaftLogWorker: flushIndex: setUnconditionally 0 -> -1
2021-10-03 01:18:11,188 [pool-135-thread-1] INFO  segmented.SegmentedRaftLogWorker (SegmentedRaftLogWorker.java:lambda$new$0(133)) - d5bd9e96-1863-4ce9-9391-5504d61c6bbd@group-96FCCB70BDE5-SegmentedRaftLogWorker: safeCacheEvictIndex: setUnconditionally 0 -> -1
2021-10-03 01:18:11,188 [pool-135-thread-1] INFO  server.RaftServerConfigKeys (ConfUtils.java:logGet(44)) - raft.server.snapshot.auto.trigger.enabled = true (custom)
2021-10-03 01:18:11,188 [pool-135-thread-1] INFO  server.RaftServerConfigKeys (ConfUtils.java:logGet(44)) - raft.server.snapshot.auto.trigger.threshold = 10000 (custom)
2021-10-03 01:18:11,188 [pool-135-thread-1] INFO  server.RaftServerConfigKeys (ConfUtils.java:logGet(44)) - raft.server.snapshot.retention.file.num = 5 (custom)
2021-10-03 01:18:11,188 [pool-135-thread-1] INFO  server.RaftServerConfigKeys (ConfUtils.java:logGet(44)) - raft.server.log.purge.upto.snapshot.index = false (default)
2021-10-03 01:18:11,188 [pool-135-thread-1] INFO  server.RaftServerConfigKeys (ConfUtils.java:logGet(44)) - raft.server.retrycache.expirytime = 600000ms (custom)
2021-10-03 01:18:11,188 [pool-135-thread-1] INFO  server.RaftServerConfigKeys (ConfUtils.java:logGet(44)) - raft.server.retrycache.statistics.expirytime = 100μs (default)
2021-10-03 01:18:11,189 [pool-135-thread-1] INFO  server.RaftServer$Division (RaftServerImpl.java:start(296)) - d5bd9e96-1863-4ce9-9391-5504d61c6bbd@group-96FCCB70BDE5: start as a follower, conf=-1: [d5bd9e96-1863-4ce9-9391-5504d61c6bbd|rpc:10.1.0.5:33279|priority:1], old=null
2021-10-03 01:18:11,189 [pool-135-thread-1] INFO  server.RaftServer$Division (RaftServerImpl.java:setRole(285)) - d5bd9e96-1863-4ce9-9391-5504d61c6bbd@group-96FCCB70BDE5: changes role from      null to FOLLOWER at term 0 for startAsFollower
2021-10-03 01:18:11,189 [pool-135-thread-1] INFO  impl.RoleInfo (RoleInfo.java:updateAndGet(130)) - d5bd9e96-1863-4ce9-9391-5504d61c6bbd: start d5bd9e96-1863-4ce9-9391-5504d61c6bbd@group-96FCCB70BDE5-FollowerState
2021-10-03 01:18:11,190 [pool-135-thread-1] INFO  util.JmxRegister (JmxRegister.java:tryRegister(44)) - Successfully registered JMX Bean with object name Ratis:service=RaftServer,group=group-96FCCB70BDE5,id=d5bd9e96-1863-4ce9-9391-5504d61c6bbd
2021-10-03 01:18:11,191 [Command processor thread] INFO  ratis.XceiverServerRatis (XceiverServerRatis.java:addGroup(763)) - Created group PipelineID=3f6ca919-cf19-4039-93c0-96fccb70bde5
2021-10-03 01:18:11,191 [Command processor thread] INFO  commandhandler.CreatePipelineCommandHandler (CreatePipelineCommandHandler.java:handle(106)) - Created Pipeline RATIS ONE PipelineID=3f6ca919-cf19-4039-93c0-96fccb70bde5.
2021-10-03 01:18:11,191 [Datanode State Machine Thread - 0] WARN  statemachine.StateContext (StateContext.java:execute(621)) - No available thread in pool for past 1 seconds.
2021-10-03 01:18:11,198 [EventQueue-PipelineReportForPipelineReportHandler] INFO  pipeline.PipelineManagerImpl (PipelineManagerImpl.java:openPipeline(282)) - Pipeline Pipeline[ Id: 3f6ca919-cf19-4039-93c0-96fccb70bde5, Nodes: d5bd9e96-1863-4ce9-9391-5504d61c6bbd{ip: 10.1.0.5, host: fv-az270-324.tacnzluakwdehk1hpragurqkma.bx.internal.cloudapp.net, ports: [REPLICATION=41271, RATIS=33279, RATIS_ADMIN=33279, RATIS_SERVER=33279, STANDALONE=42685], networkLocation: /default-rack, certSerialId: null, persistedOpState: IN_SERVICE, persistedOpStateExpiryEpochSec: 0}, ReplicationConfig: RATIS/ONE, State:ALLOCATED, leaderId:d5bd9e96-1863-4ce9-9391-5504d61c6bbd, CreationTimestamp2021-10-03T01:18:08.171Z[Etc/UTC]] moved to OPEN state
2021-10-03 01:18:11,199 [EventQueue-OpenPipelineForHealthyPipelineSafeModeRule] INFO  safemode.SCMSafeModeManager (HealthyPipelineSafeModeRule.java:process(124)) - SCM in safe mode. Healthy pipelines reported count is 0, required healthy pipeline reported count is 1
2021-10-03 01:18:11,200 [Command processor thread] INFO  commandhandler.CreatePipelineCommandHandler (CreatePipelineCommandHandler.java:handle(106)) - Created Pipeline RATIS THREE PipelineID=97739386-6c7b-48d7-97fe-3a3bdd580820.
2021-10-03 01:18:12,178 [Listener at 127.0.0.1/13840] INFO  ozone.MiniOzoneClusterImpl (MiniOzoneClusterImpl.java:lambda$waitForClusterToBeReady$0(235)) - Nodes are ready. Got 3 of 3 DN Heartbeats.
2021-10-03 01:18:12,178 [Listener at 127.0.0.1/13840] INFO  ozone.MiniOzoneClusterImpl (MiniOzoneClusterImpl.java:lambda$waitForClusterToBeReady$0(238)) - Waiting for cluster to exit safe mode
2021-10-03 01:18:12,178 [Listener at 127.0.0.1/13840] INFO  ozone.MiniOzoneClusterImpl (MiniOzoneClusterImpl.java:lambda$waitForClusterToBeReady$0(240)) - SCM became leader
2021-10-03 01:18:13,179 [Listener at 127.0.0.1/13840] INFO  ozone.MiniOzoneClusterImpl (MiniOzoneClusterImpl.java:lambda$waitForClusterToBeReady$0(235)) - Nodes are ready. Got 3 of 3 DN Heartbeats.
2021-10-03 01:18:13,179 [Listener at 127.0.0.1/13840] INFO  ozone.MiniOzoneClusterImpl (MiniOzoneClusterImpl.java:lambda$waitForClusterToBeReady$0(238)) - Waiting for cluster to exit safe mode
2021-10-03 01:18:13,179 [Listener at 127.0.0.1/13840] INFO  ozone.MiniOzoneClusterImpl (MiniOzoneClusterImpl.java:lambda$waitForClusterToBeReady$0(240)) - SCM became leader
2021-10-03 01:18:14,180 [Listener at 127.0.0.1/13840] INFO  ozone.MiniOzoneClusterImpl (MiniOzoneClusterImpl.java:lambda$waitForClusterToBeReady$0(235)) - Nodes are ready. Got 3 of 3 DN Heartbeats.
2021-10-03 01:18:14,180 [Listener at 127.0.0.1/13840] INFO  ozone.MiniOzoneClusterImpl (MiniOzoneClusterImpl.java:lambda$waitForClusterToBeReady$0(238)) - Waiting for cluster to exit safe mode
2021-10-03 01:18:14,180 [Listener at 127.0.0.1/13840] INFO  ozone.MiniOzoneClusterImpl (MiniOzoneClusterImpl.java:lambda$waitForClusterToBeReady$0(240)) - SCM became leader
2021-10-03 01:18:15,180 [Listener at 127.0.0.1/13840] INFO  ozone.MiniOzoneClusterImpl (MiniOzoneClusterImpl.java:lambda$waitForClusterToBeReady$0(235)) - Nodes are ready. Got 3 of 3 DN Heartbeats.
2021-10-03 01:18:15,181 [Listener at 127.0.0.1/13840] INFO  ozone.MiniOzoneClusterImpl (MiniOzoneClusterImpl.java:lambda$waitForClusterToBeReady$0(238)) - Waiting for cluster to exit safe mode
2021-10-03 01:18:15,181 [Listener at 127.0.0.1/13840] INFO  ozone.MiniOzoneClusterImpl (MiniOzoneClusterImpl.java:lambda$waitForClusterToBeReady$0(240)) - SCM became leader
2021-10-03 01:18:15,860 [f844ae54-3f94-4df9-9fa7-4ad78c0e036b@group-D43CA352D0AB-FollowerState] INFO  impl.FollowerState (FollowerState.java:run(134)) - f844ae54-3f94-4df9-9fa7-4ad78c0e036b@group-D43CA352D0AB-FollowerState: change to CANDIDATE, lastRpcElapsedTime:5087196292ns, electionTimeout:5086ms
2021-10-03 01:18:15,860 [f844ae54-3f94-4df9-9fa7-4ad78c0e036b@group-D43CA352D0AB-FollowerState] INFO  impl.RoleInfo (RoleInfo.java:shutdownFollowerState(108)) - f844ae54-3f94-4df9-9fa7-4ad78c0e036b: shutdown f844ae54-3f94-4df9-9fa7-4ad78c0e036b@group-D43CA352D0AB-FollowerState
2021-10-03 01:18:15,861 [f844ae54-3f94-4df9-9fa7-4ad78c0e036b@group-D43CA352D0AB-FollowerState] INFO  server.RaftServer$Division (RaftServerImpl.java:setRole(285)) - f844ae54-3f94-4df9-9fa7-4ad78c0e036b@group-D43CA352D0AB: changes role from  FOLLOWER to CANDIDATE at term 0 for changeToCandidate
2021-10-03 01:18:15,861 [f844ae54-3f94-4df9-9fa7-4ad78c0e036b@group-D43CA352D0AB-FollowerState] INFO  server.RaftServerConfigKeys (ConfUtils.java:logGet(44)) - raft.server.leaderelection.pre-vote = false (custom)
2021-10-03 01:18:15,861 [f844ae54-3f94-4df9-9fa7-4ad78c0e036b@group-D43CA352D0AB-FollowerState] INFO  impl.RoleInfo (RoleInfo.java:updateAndGet(130)) - f844ae54-3f94-4df9-9fa7-4ad78c0e036b: start f844ae54-3f94-4df9-9fa7-4ad78c0e036b@group-D43CA352D0AB-LeaderElection5
2021-10-03 01:18:15,866 [f844ae54-3f94-4df9-9fa7-4ad78c0e036b@group-D43CA352D0AB-LeaderElection5] INFO  impl.LeaderElection (LeaderElection.java:askForVotes(306)) - f844ae54-3f94-4df9-9fa7-4ad78c0e036b@group-D43CA352D0AB-LeaderElection5 ELECTION round 0: submit vote requests at term 1 for -1: [f844ae54-3f94-4df9-9fa7-4ad78c0e036b|rpc:10.1.0.5:37881|priority:1], old=null
2021-10-03 01:18:15,866 [f844ae54-3f94-4df9-9fa7-4ad78c0e036b@group-D43CA352D0AB-LeaderElection5] INFO  impl.LeaderElection (LeaderElection.java:askForVotes(308)) - f844ae54-3f94-4df9-9fa7-4ad78c0e036b@group-D43CA352D0AB-LeaderElection5 ELECTION round 0: result PASSED (term=1)
2021-10-03 01:18:15,866 [f844ae54-3f94-4df9-9fa7-4ad78c0e036b@group-D43CA352D0AB-LeaderElection5] INFO  impl.RoleInfo (RoleInfo.java:shutdownLeaderElection(121)) - f844ae54-3f94-4df9-9fa7-4ad78c0e036b: shutdown f844ae54-3f94-4df9-9fa7-4ad78c0e036b@group-D43CA352D0AB-LeaderElection5
2021-10-03 01:18:15,866 [f844ae54-3f94-4df9-9fa7-4ad78c0e036b@group-D43CA352D0AB-LeaderElection5] INFO  server.RaftServer$Division (RaftServerImpl.java:setRole(285)) - f844ae54-3f94-4df9-9fa7-4ad78c0e036b@group-D43CA352D0AB: changes role from CANDIDATE to LEADER at term 1 for changeToLeader
2021-10-03 01:18:15,866 [f844ae54-3f94-4df9-9fa7-4ad78c0e036b@group-D43CA352D0AB-LeaderElection5] INFO  ratis.XceiverServerRatis (XceiverServerRatis.java:handleLeaderChangedNotification(861)) - Leader change notification received for group: group-D43CA352D0AB with new leaderId: f844ae54-3f94-4df9-9fa7-4ad78c0e036b
2021-10-03 01:18:15,866 [f844ae54-3f94-4df9-9fa7-4ad78c0e036b@group-D43CA352D0AB-LeaderElection5] INFO  server.RaftServer$Division (ServerState.java:setLeader(285)) - f844ae54-3f94-4df9-9fa7-4ad78c0e036b@group-D43CA352D0AB: change Leader from null to f844ae54-3f94-4df9-9fa7-4ad78c0e036b at term 1 for becomeLeader, leader elected after 5116ms
2021-10-03 01:18:15,867 [f844ae54-3f94-4df9-9fa7-4ad78c0e036b@group-D43CA352D0AB-LeaderElection5] INFO  server.RaftServerConfigKeys (ConfUtils.java:logGet(44)) - raft.server.staging.catchup.gap = 1000 (default)
2021-10-03 01:18:15,867 [f844ae54-3f94-4df9-9fa7-4ad78c0e036b@group-D43CA352D0AB-LeaderElection5] INFO  server.RaftServerConfigKeys (ConfUtils.java:logGet(44)) - raft.server.write.element-limit = 1024 (custom)
2021-10-03 01:18:15,867 [f844ae54-3f94-4df9-9fa7-4ad78c0e036b@group-D43CA352D0AB-LeaderElection5] INFO  server.RaftServerConfigKeys (ConfUtils.java:logGet(44)) - raft.server.write.byte-limit = 1024 M (=1073741824) (custom)
2021-10-03 01:18:15,868 [f844ae54-3f94-4df9-9fa7-4ad78c0e036b@group-D43CA352D0AB-LeaderElection5] INFO  server.RaftServerConfigKeys (ConfUtils.java:logGet(44)) - raft.server.watch.timeout = 180s (custom)
2021-10-03 01:18:15,869 [EventQueue-OpenPipelineForHealthyPipelineSafeModeRule] INFO  safemode.SCMSafeModeManager (HealthyPipelineSafeModeRule.java:process(124)) - SCM in safe mode. Healthy pipelines reported count is 0, required healthy pipeline reported count is 1
2021-10-03 01:18:15,869 [f844ae54-3f94-4df9-9fa7-4ad78c0e036b@group-D43CA352D0AB-LeaderElection5] INFO  server.RaftServerConfigKeys (ConfUtils.java:logGet(44)) - raft.server.watch.timeout.denomination = 1s (default)
2021-10-03 01:18:15,869 [f844ae54-3f94-4df9-9fa7-4ad78c0e036b@group-D43CA352D0AB-LeaderElection5] INFO  server.RaftServerConfigKeys (ConfUtils.java:logGet(44)) - raft.server.watch.element-limit = 65536 (default)
2021-10-03 01:18:15,869 [f844ae54-3f94-4df9-9fa7-4ad78c0e036b@group-D43CA352D0AB-LeaderElection5] INFO  impl.RoleInfo (RoleInfo.java:updateAndGet(130)) - f844ae54-3f94-4df9-9fa7-4ad78c0e036b: start f844ae54-3f94-4df9-9fa7-4ad78c0e036b@group-D43CA352D0AB-LeaderStateImpl
2021-10-03 01:18:15,870 [f844ae54-3f94-4df9-9fa7-4ad78c0e036b@group-D43CA352D0AB-LeaderElection5] INFO  segmented.SegmentedRaftLogWorker (SegmentedRaftLogWorker.java:startLogSegment(394)) - f844ae54-3f94-4df9-9fa7-4ad78c0e036b@group-D43CA352D0AB-SegmentedRaftLogWorker: Starting segment from index:0
2021-10-03 01:18:15,872 [f844ae54-3f94-4df9-9fa7-4ad78c0e036b@group-D43CA352D0AB-SegmentedRaftLogWorker] INFO  segmented.SegmentedRaftLogWorker (SegmentedRaftLogWorker.java:execute(601)) - f844ae54-3f94-4df9-9fa7-4ad78c0e036b@group-D43CA352D0AB-SegmentedRaftLogWorker: created new log segment /home/runner/work/ozone/ozone/hadoop-ozone/integration-test/target/test-dir/MiniOzoneClusterImpl-94b7d1b3-e035-4e16-be06-258bf0b7295d/datanode-0/data/ratis/6b5ebb02-6337-43c7-be7c-d43ca352d0ab/current/log_inprogress_0
2021-10-03 01:18:15,874 [f844ae54-3f94-4df9-9fa7-4ad78c0e036b@group-D43CA352D0AB-LeaderElection5] INFO  server.RaftServer$Division (ServerState.java:setRaftConf(387)) - f844ae54-3f94-4df9-9fa7-4ad78c0e036b@group-D43CA352D0AB: set configuration 0: [f844ae54-3f94-4df9-9fa7-4ad78c0e036b|rpc:10.1.0.5:37881|dataStream:|priority:1], old=null
2021-10-03 01:18:15,928 [f844ae54-3f94-4df9-9fa7-4ad78c0e036b@group-25B70E0F3051-FollowerState] INFO  impl.FollowerState (FollowerState.java:run(134)) - f844ae54-3f94-4df9-9fa7-4ad78c0e036b@group-25B70E0F3051-FollowerState: change to CANDIDATE, lastRpcElapsedTime:5125133805ns, electionTimeout:5122ms
2021-10-03 01:18:15,929 [f844ae54-3f94-4df9-9fa7-4ad78c0e036b@group-25B70E0F3051-FollowerState] INFO  impl.RoleInfo (RoleInfo.java:shutdownFollowerState(108)) - f844ae54-3f94-4df9-9fa7-4ad78c0e036b: shutdown f844ae54-3f94-4df9-9fa7-4ad78c0e036b@group-25B70E0F3051-FollowerState
2021-10-03 01:18:15,929 [f844ae54-3f94-4df9-9fa7-4ad78c0e036b@group-25B70E0F3051-FollowerState] INFO  server.RaftServer$Division (RaftServerImpl.java:setRole(285)) - f844ae54-3f94-4df9-9fa7-4ad78c0e036b@group-25B70E0F3051: changes role from  FOLLOWER to CANDIDATE at term 0 for changeToCandidate
2021-10-03 01:18:15,929 [f844ae54-3f94-4df9-9fa7-4ad78c0e036b@group-25B70E0F3051-FollowerState] INFO  server.RaftServerConfigKeys (ConfUtils.java:logGet(44)) - raft.server.leaderelection.pre-vote = false (custom)
2021-10-03 01:18:15,929 [f844ae54-3f94-4df9-9fa7-4ad78c0e036b@group-25B70E0F3051-FollowerState] INFO  impl.RoleInfo (RoleInfo.java:updateAndGet(130)) - f844ae54-3f94-4df9-9fa7-4ad78c0e036b: start f844ae54-3f94-4df9-9fa7-4ad78c0e036b@group-25B70E0F3051-LeaderElection6
2021-10-03 01:18:15,933 [f844ae54-3f94-4df9-9fa7-4ad78c0e036b@group-25B70E0F3051-LeaderElection6] INFO  impl.LeaderElection (LeaderElection.java:askForVotes(306)) - f844ae54-3f94-4df9-9fa7-4ad78c0e036b@group-25B70E0F3051-LeaderElection6 ELECTION round 0: submit vote requests at term 1 for -1: [f844ae54-3f94-4df9-9fa7-4ad78c0e036b|rpc:10.1.0.5:37881|priority:0, d5bd9e96-1863-4ce9-9391-5504d61c6bbd|rpc:10.1.0.5:33279|priority:1, a19c5b13-c841-42c6-b325-8b067fb1470f|rpc:10.1.0.5:43783|priority:0], old=null
2021-10-03 01:18:15,953 [grpc-default-executor-4] INFO  server.RaftServer$Division (RaftServerImpl.java:requestVote(1043)) - a19c5b13-c841-42c6-b325-8b067fb1470f@group-25B70E0F3051: receive requestVote(ELECTION, f844ae54-3f94-4df9-9fa7-4ad78c0e036b, group-25B70E0F3051, 1, (t:0, i:0))
2021-10-03 01:18:15,953 [grpc-default-executor-4] INFO  impl.VoteContext (VoteContext.java:log(48)) - a19c5b13-c841-42c6-b325-8b067fb1470f@group-25B70E0F3051-FOLLOWER: accept ELECTION from f844ae54-3f94-4df9-9fa7-4ad78c0e036b: our priority 0 <= candidate's priority 0
2021-10-03 01:18:15,953 [grpc-default-executor-4] INFO  server.RaftServer$Division (RaftServerImpl.java:setRole(285)) - a19c5b13-c841-42c6-b325-8b067fb1470f@group-25B70E0F3051: changes role from  FOLLOWER to FOLLOWER at term 1 for candidate:f844ae54-3f94-4df9-9fa7-4ad78c0e036b
2021-10-03 01:18:15,954 [grpc-default-executor-4] INFO  impl.RoleInfo (RoleInfo.java:shutdownFollowerState(108)) - a19c5b13-c841-42c6-b325-8b067fb1470f: shutdown a19c5b13-c841-42c6-b325-8b067fb1470f@group-25B70E0F3051-FollowerState
2021-10-03 01:18:15,954 [grpc-default-executor-4] INFO  impl.RoleInfo (RoleInfo.java:updateAndGet(130)) - a19c5b13-c841-42c6-b325-8b067fb1470f: start a19c5b13-c841-42c6-b325-8b067fb1470f@group-25B70E0F3051-FollowerState
2021-10-03 01:18:15,954 [a19c5b13-c841-42c6-b325-8b067fb1470f@group-25B70E0F3051-FollowerState] INFO  impl.FollowerState (FollowerState.java:run(143)) - a19c5b13-c841-42c6-b325-8b067fb1470f@group-25B70E0F3051-FollowerState was interrupted: {}
java.lang.InterruptedException: sleep interrupted
	at java.lang.Thread.sleep(Native Method)
	at java.lang.Thread.sleep(Thread.java:340)
	at java.util.concurrent.TimeUnit.sleep(TimeUnit.java:386)
	at org.apache.ratis.util.TimeDuration.sleep(TimeDuration.java:324)
	at org.apache.ratis.util.TimeDuration.sleep(TimeDuration.java:309)
	at org.apache.ratis.server.impl.FollowerState.run(FollowerState.java:118)
2021-10-03 01:18:15,956 [grpc-default-executor-4] INFO  server.RaftServer$Division (RaftServerImpl.java:requestVote(1075)) - a19c5b13-c841-42c6-b325-8b067fb1470f@group-25B70E0F3051 replies to ELECTION vote request: f844ae54-3f94-4df9-9fa7-4ad78c0e036b<-a19c5b13-c841-42c6-b325-8b067fb1470f#0:OK-t1. Peer's state: a19c5b13-c841-42c6-b325-8b067fb1470f@group-25B70E0F3051:t1, leader=null, voted=f844ae54-3f94-4df9-9fa7-4ad78c0e036b, raftlog=a19c5b13-c841-42c6-b325-8b067fb1470f@group-25B70E0F3051-SegmentedRaftLog:OPENED:c-1,f-1,i0, conf=-1: [f844ae54-3f94-4df9-9fa7-4ad78c0e036b|rpc:10.1.0.5:37881|dataStream:|priority:0, d5bd9e96-1863-4ce9-9391-5504d61c6bbd|rpc:10.1.0.5:33279|dataStream:|priority:1, a19c5b13-c841-42c6-b325-8b067fb1470f|rpc:10.1.0.5:43783|dataStream:|priority:0], old=null
2021-10-03 01:18:15,966 [grpc-default-executor-4] INFO  server.RaftServer$Division (RaftServerImpl.java:requestVote(1043)) - d5bd9e96-1863-4ce9-9391-5504d61c6bbd@group-25B70E0F3051: receive requestVote(ELECTION, f844ae54-3f94-4df9-9fa7-4ad78c0e036b, group-25B70E0F3051, 1, (t:0, i:0))
2021-10-03 01:18:15,966 [grpc-default-executor-4] INFO  impl.VoteContext (VoteContext.java:log(48)) - d5bd9e96-1863-4ce9-9391-5504d61c6bbd@group-25B70E0F3051-FOLLOWER: reject ELECTION from f844ae54-3f94-4df9-9fa7-4ad78c0e036b: our priority 1 > candidate's priority 0
2021-10-03 01:18:15,966 [grpc-default-executor-4] INFO  server.RaftServer$Division (RaftServerImpl.java:setRole(285)) - d5bd9e96-1863-4ce9-9391-5504d61c6bbd@group-25B70E0F3051: changes role from  FOLLOWER to FOLLOWER at term 1 for candidate:f844ae54-3f94-4df9-9fa7-4ad78c0e036b
2021-10-03 01:18:15,966 [grpc-default-executor-4] INFO  impl.RoleInfo (RoleInfo.java:shutdownFollowerState(108)) - d5bd9e96-1863-4ce9-9391-5504d61c6bbd: shutdown d5bd9e96-1863-4ce9-9391-5504d61c6bbd@group-25B70E0F3051-FollowerState
2021-10-03 01:18:15,966 [grpc-default-executor-4] INFO  impl.RoleInfo (RoleInfo.java:updateAndGet(130)) - d5bd9e96-1863-4ce9-9391-5504d61c6bbd: start d5bd9e96-1863-4ce9-9391-5504d61c6bbd@group-25B70E0F3051-FollowerState
2021-10-03 01:18:15,966 [d5bd9e96-1863-4ce9-9391-5504d61c6bbd@group-25B70E0F3051-FollowerState] INFO  impl.FollowerState (FollowerState.java:run(143)) - d5bd9e96-1863-4ce9-9391-5504d61c6bbd@group-25B70E0F3051-FollowerState was interrupted: {}
java.lang.InterruptedException: sleep interrupted
	at java.lang.Thread.sleep(Native Method)
	at java.lang.Thread.sleep(Thread.java:340)
	at java.util.concurrent.TimeUnit.sleep(TimeUnit.java:386)
	at org.apache.ratis.util.TimeDuration.sleep(TimeDuration.java:324)
	at org.apache.ratis.util.TimeDuration.sleep(TimeDuration.java:309)
	at org.apache.ratis.server.impl.FollowerState.run(FollowerState.java:118)
2021-10-03 01:18:15,976 [grpc-default-executor-4] INFO  server.RaftServer$Division (RaftServerImpl.java:requestVote(1075)) - d5bd9e96-1863-4ce9-9391-5504d61c6bbd@group-25B70E0F3051 replies to ELECTION vote request: f844ae54-3f94-4df9-9fa7-4ad78c0e036b<-d5bd9e96-1863-4ce9-9391-5504d61c6bbd#0:FAIL-t1. Peer's state: d5bd9e96-1863-4ce9-9391-5504d61c6bbd@group-25B70E0F3051:t1, leader=null, voted=null, raftlog=d5bd9e96-1863-4ce9-9391-5504d61c6bbd@group-25B70E0F3051-SegmentedRaftLog:OPENED:c-1,f-1,i0, conf=-1: [f844ae54-3f94-4df9-9fa7-4ad78c0e036b|rpc:10.1.0.5:37881|dataStream:|priority:0, d5bd9e96-1863-4ce9-9391-5504d61c6bbd|rpc:10.1.0.5:33279|dataStream:|priority:1, a19c5b13-c841-42c6-b325-8b067fb1470f|rpc:10.1.0.5:43783|dataStream:|priority:0], old=null
2021-10-03 01:18:15,978 [f844ae54-3f94-4df9-9fa7-4ad78c0e036b@group-25B70E0F3051-LeaderElection6] INFO  impl.LeaderElection (LeaderElection.java:logAndReturn(89)) - f844ae54-3f94-4df9-9fa7-4ad78c0e036b@group-25B70E0F3051-LeaderElection6: ELECTION REJECTED received 2 response(s) and 0 exception(s):
2021-10-03 01:18:15,978 [f844ae54-3f94-4df9-9fa7-4ad78c0e036b@group-25B70E0F3051-LeaderElection6] INFO  impl.LeaderElection (LeaderElection.java:logAndReturn(93)) -   Response 0: f844ae54-3f94-4df9-9fa7-4ad78c0e036b<-d5bd9e96-1863-4ce9-9391-5504d61c6bbd#0:FAIL-t1
2021-10-03 01:18:15,978 [f844ae54-3f94-4df9-9fa7-4ad78c0e036b@group-25B70E0F3051-LeaderElection6] INFO  impl.LeaderElection (LeaderElection.java:logAndReturn(93)) -   Response 1: f844ae54-3f94-4df9-9fa7-4ad78c0e036b<-a19c5b13-c841-42c6-b325-8b067fb1470f#0:OK-t1
2021-10-03 01:18:15,978 [f844ae54-3f94-4df9-9fa7-4ad78c0e036b@group-25B70E0F3051-LeaderElection6] INFO  impl.LeaderElection (LeaderElection.java:askForVotes(308)) - f844ae54-3f94-4df9-9fa7-4ad78c0e036b@group-25B70E0F3051-LeaderElection6 ELECTION round 0: result REJECTED
2021-10-03 01:18:15,978 [f844ae54-3f94-4df9-9fa7-4ad78c0e036b@group-25B70E0F3051-LeaderElection6] INFO  server.RaftServer$Division (RaftServerImpl.java:setRole(285)) - f844ae54-3f94-4df9-9fa7-4ad78c0e036b@group-25B70E0F3051: changes role from CANDIDATE to FOLLOWER at term 1 for REJECTED
2021-10-03 01:18:15,978 [f844ae54-3f94-4df9-9fa7-4ad78c0e036b@group-25B70E0F3051-LeaderElection6] INFO  impl.RoleInfo (RoleInfo.java:shutdownLeaderElection(121)) - f844ae54-3f94-4df9-9fa7-4ad78c0e036b: shutdown f844ae54-3f94-4df9-9fa7-4ad78c0e036b@group-25B70E0F3051-LeaderElection6
2021-10-03 01:18:15,978 [f844ae54-3f94-4df9-9fa7-4ad78c0e036b@group-25B70E0F3051-LeaderElection6] INFO  impl.RoleInfo (RoleInfo.java:updateAndGet(130)) - f844ae54-3f94-4df9-9fa7-4ad78c0e036b: start f844ae54-3f94-4df9-9fa7-4ad78c0e036b@group-25B70E0F3051-FollowerState
2021-10-03 01:18:16,086 [a19c5b13-c841-42c6-b325-8b067fb1470f@group-FE240F0539AA-FollowerState] INFO  impl.FollowerState (FollowerState.java:run(134)) - a19c5b13-c841-42c6-b325-8b067fb1470f@group-FE240F0539AA-FollowerState: change to CANDIDATE, lastRpcElapsedTime:5068607685ns, electionTimeout:5059ms
2021-10-03 01:18:16,087 [a19c5b13-c841-42c6-b325-8b067fb1470f@group-FE240F0539AA-FollowerState] INFO  impl.RoleInfo (RoleInfo.java:shutdownFollowerState(108)) - a19c5b13-c841-42c6-b325-8b067fb1470f: shutdown a19c5b13-c841-42c6-b325-8b067fb1470f@group-FE240F0539AA-FollowerState
2021-10-03 01:18:16,087 [a19c5b13-c841-42c6-b325-8b067fb1470f@group-FE240F0539AA-FollowerState] INFO  server.RaftServer$Division (RaftServerImpl.java:setRole(285)) - a19c5b13-c841-42c6-b325-8b067fb1470f@group-FE240F0539AA: changes role from  FOLLOWER to CANDIDATE at term 0 for changeToCandidate
2021-10-03 01:18:16,088 [a19c5b13-c841-42c6-b325-8b067fb1470f@group-FE240F0539AA-FollowerState] INFO  server.RaftServerConfigKeys (ConfUtils.java:logGet(44)) - raft.server.leaderelection.pre-vote = false (custom)
2021-10-03 01:18:16,088 [a19c5b13-c841-42c6-b325-8b067fb1470f@group-FE240F0539AA-FollowerState] INFO  impl.RoleInfo (RoleInfo.java:updateAndGet(130)) - a19c5b13-c841-42c6-b325-8b067fb1470f: start a19c5b13-c841-42c6-b325-8b067fb1470f@group-FE240F0539AA-LeaderElection7
2021-10-03 01:18:16,091 [a19c5b13-c841-42c6-b325-8b067fb1470f@group-FE240F0539AA-LeaderElection7] INFO  impl.LeaderElection (LeaderElection.java:askForVotes(306)) - a19c5b13-c841-42c6-b325-8b067fb1470f@group-FE240F0539AA-LeaderElection7 ELECTION round 0: submit vote requests at term 1 for -1: [a19c5b13-c841-42c6-b325-8b067fb1470f|rpc:10.1.0.5:43783|priority:1], old=null
2021-10-03 01:18:16,091 [a19c5b13-c841-42c6-b325-8b067fb1470f@group-FE240F0539AA-LeaderElection7] INFO  impl.LeaderElection (LeaderElection.java:askForVotes(308)) - a19c5b13-c841-42c6-b325-8b067fb1470f@group-FE240F0539AA-LeaderElection7 ELECTION round 0: result PASSED (term=1)
2021-10-03 01:18:16,091 [a19c5b13-c841-42c6-b325-8b067fb1470f@group-FE240F0539AA-LeaderElection7] INFO  impl.RoleInfo (RoleInfo.java:shutdownLeaderElection(121)) - a19c5b13-c841-42c6-b325-8b067fb1470f: shutdown a19c5b13-c841-42c6-b325-8b067fb1470f@group-FE240F0539AA-LeaderElection7
2021-10-03 01:18:16,091 [a19c5b13-c841-42c6-b325-8b067fb1470f@group-FE240F0539AA-LeaderElection7] INFO  server.RaftServer$Division (RaftServerImpl.java:setRole(285)) - a19c5b13-c841-42c6-b325-8b067fb1470f@group-FE240F0539AA: changes role from CANDIDATE to LEADER at term 1 for changeToLeader
2021-10-03 01:18:16,091 [a19c5b13-c841-42c6-b325-8b067fb1470f@group-FE240F0539AA-LeaderElection7] INFO  ratis.XceiverServerRatis (XceiverServerRatis.java:handleLeaderChangedNotification(861)) - Leader change notification received for group: group-FE240F0539AA with new leaderId: a19c5b13-c841-42c6-b325-8b067fb1470f
2021-10-03 01:18:16,092 [a19c5b13-c841-42c6-b325-8b067fb1470f@group-FE240F0539AA-LeaderElection7] INFO  server.RaftServer$Division (ServerState.java:setLeader(285)) - a19c5b13-c841-42c6-b325-8b067fb1470f@group-FE240F0539AA: change Leader from null to a19c5b13-c841-42c6-b325-8b067fb1470f at term 1 for becomeLeader, leader elected after 5083ms
2021-10-03 01:18:16,092 [a19c5b13-c841-42c6-b325-8b067fb1470f@group-FE240F0539AA-LeaderElection7] INFO  server.RaftServerConfigKeys (ConfUtils.java:logGet(44)) - raft.server.staging.catchup.gap = 1000 (default)
2021-10-03 01:18:16,092 [a19c5b13-c841-42c6-b325-8b067fb1470f@group-FE240F0539AA-LeaderElection7] INFO  server.RaftServerConfigKeys (ConfUtils.java:logGet(44)) - raft.server.write.element-limit = 1024 (custom)
2021-10-03 01:18:16,092 [a19c5b13-c841-42c6-b325-8b067fb1470f@group-FE240F0539AA-LeaderElection7] INFO  server.RaftServerConfigKeys (ConfUtils.java:logGet(44)) - raft.server.write.byte-limit = 1024 M (=1073741824) (custom)
2021-10-03 01:18:16,093 [Datanode State Machine Thread - 0] WARN  statemachine.StateContext (StateContext.java:execute(621)) - No available thread in pool for past 1 seconds.
2021-10-03 01:18:16,093 [a19c5b13-c841-42c6-b325-8b067fb1470f@group-FE240F0539AA-LeaderElection7] INFO  server.RaftServerConfigKeys (ConfUtils.java:logGet(44)) - raft.server.watch.timeout = 180s (custom)
2021-10-03 01:18:16,093 [a19c5b13-c841-42c6-b325-8b067fb1470f@group-FE240F0539AA-LeaderElection7] INFO  server.RaftServerConfigKeys (ConfUtils.java:logGet(44)) - raft.server.watch.timeout.denomination = 1s (default)
2021-10-03 01:18:16,093 [a19c5b13-c841-42c6-b325-8b067fb1470f@group-FE240F0539AA-LeaderElection7] INFO  server.RaftServerConfigKeys (ConfUtils.java:logGet(44)) - raft.server.watch.element-limit = 65536 (default)
2021-10-03 01:18:16,093 [a19c5b13-c841-42c6-b325-8b067fb1470f@group-FE240F0539AA-LeaderElection7] INFO  impl.RoleInfo (RoleInfo.java:updateAndGet(130)) - a19c5b13-c841-42c6-b325-8b067fb1470f: start a19c5b13-c841-42c6-b325-8b067fb1470f@group-FE240F0539AA-LeaderStateImpl
2021-10-03 01:18:16,094 [a19c5b13-c841-42c6-b325-8b067fb1470f@group-FE240F0539AA-LeaderElection7] INFO  segmented.SegmentedRaftLogWorker (SegmentedRaftLogWorker.java:startLogSegment(394)) - a19c5b13-c841-42c6-b325-8b067fb1470f@group-FE240F0539AA-SegmentedRaftLogWorker: Starting segment from index:0
2021-10-03 01:18:16,096 [a19c5b13-c841-42c6-b325-8b067fb1470f@group-FE240F0539AA-LeaderElection7] INFO  server.RaftServer$Division (ServerState.java:setRaftConf(387)) - a19c5b13-c841-42c6-b325-8b067fb1470f@group-FE240F0539AA: set configuration 0: [a19c5b13-c841-42c6-b325-8b067fb1470f|rpc:10.1.0.5:43783|dataStream:|priority:1], old=null
2021-10-03 01:18:16,097 [a19c5b13-c841-42c6-b325-8b067fb1470f@group-FE240F0539AA-SegmentedRaftLogWorker] INFO  segmented.SegmentedRaftLogWorker (SegmentedRaftLogWorker.java:execute(601)) - a19c5b13-c841-42c6-b325-8b067fb1470f@group-FE240F0539AA-SegmentedRaftLogWorker: created new log segment /home/runner/work/ozone/ozone/hadoop-ozone/integration-test/target/test-dir/MiniOzoneClusterImpl-94b7d1b3-e035-4e16-be06-258bf0b7295d/datanode-1/data/ratis/4a17fa20-8830-4f00-b845-fe240f0539aa/current/log_inprogress_0
2021-10-03 01:18:16,097 [EventQueue-OpenPipelineForHealthyPipelineSafeModeRule] INFO  safemode.SCMSafeModeManager (HealthyPipelineSafeModeRule.java:process(124)) - SCM in safe mode. Healthy pipelines reported count is 0, required healthy pipeline reported count is 1
2021-10-03 01:18:16,109 [a19c5b13-c841-42c6-b325-8b067fb1470f@group-3A3BDD580820-FollowerState] INFO  impl.FollowerState (FollowerState.java:run(134)) - a19c5b13-c841-42c6-b325-8b067fb1470f@group-3A3BDD580820-FollowerState: change to CANDIDATE, lastRpcElapsedTime:5048026979ns, electionTimeout:5047ms
2021-10-03 01:18:16,109 [a19c5b13-c841-42c6-b325-8b067fb1470f@group-3A3BDD580820-FollowerState] INFO  impl.RoleInfo (RoleInfo.java:shutdownFollowerState(108)) - a19c5b13-c841-42c6-b325-8b067fb1470f: shutdown a19c5b13-c841-42c6-b325-8b067fb1470f@group-3A3BDD580820-FollowerState
2021-10-03 01:18:16,109 [a19c5b13-c841-42c6-b325-8b067fb1470f@group-3A3BDD580820-FollowerState] INFO  server.RaftServer$Division (RaftServerImpl.java:setRole(285)) - a19c5b13-c841-42c6-b325-8b067fb1470f@group-3A3BDD580820: changes role from  FOLLOWER to CANDIDATE at term 0 for changeToCandidate
2021-10-03 01:18:16,109 [a19c5b13-c841-42c6-b325-8b067fb1470f@group-3A3BDD580820-FollowerState] INFO  server.RaftServerConfigKeys (ConfUtils.java:logGet(44)) - raft.server.leaderelection.pre-vote = false (custom)
2021-10-03 01:18:16,109 [a19c5b13-c841-42c6-b325-8b067fb1470f@group-3A3BDD580820-FollowerState] INFO  impl.RoleInfo (RoleInfo.java:updateAndGet(130)) - a19c5b13-c841-42c6-b325-8b067fb1470f: start a19c5b13-c841-42c6-b325-8b067fb1470f@group-3A3BDD580820-LeaderElection8
2021-10-03 01:18:16,113 [a19c5b13-c841-42c6-b325-8b067fb1470f@group-3A3BDD580820-LeaderElection8] INFO  impl.LeaderElection (LeaderElection.java:askForVotes(306)) - a19c5b13-c841-42c6-b325-8b067fb1470f@group-3A3BDD580820-LeaderElection8 ELECTION round 0: submit vote requests at term 1 for -1: [f844ae54-3f94-4df9-9fa7-4ad78c0e036b|rpc:10.1.0.5:37881|priority:0, d5bd9e96-1863-4ce9-9391-5504d61c6bbd|rpc:10.1.0.5:33279|priority:0, a19c5b13-c841-42c6-b325-8b067fb1470f|rpc:10.1.0.5:43783|priority:1], old=null
2021-10-03 01:18:16,124 [grpc-default-executor-2] INFO  server.RaftServer$Division (RaftServerImpl.java:requestVote(1043)) - f844ae54-3f94-4df9-9fa7-4ad78c0e036b@group-3A3BDD580820: receive requestVote(ELECTION, a19c5b13-c841-42c6-b325-8b067fb1470f, group-3A3BDD580820, 1, (t:0, i:0))
2021-10-03 01:18:16,124 [grpc-default-executor-2] INFO  impl.VoteContext (VoteContext.java:log(48)) - f844ae54-3f94-4df9-9fa7-4ad78c0e036b@group-3A3BDD580820-FOLLOWER: accept ELECTION from a19c5b13-c841-42c6-b325-8b067fb1470f: our priority 0 <= candidate's priority 1
2021-10-03 01:18:16,124 [grpc-default-executor-2] INFO  server.RaftServer$Division (RaftServerImpl.java:setRole(285)) - f844ae54-3f94-4df9-9fa7-4ad78c0e036b@group-3A3BDD580820: changes role from  FOLLOWER to FOLLOWER at term 1 for candidate:a19c5b13-c841-42c6-b325-8b067fb1470f
2021-10-03 01:18:16,124 [grpc-default-executor-2] INFO  impl.RoleInfo (RoleInfo.java:shutdownFollowerState(108)) - f844ae54-3f94-4df9-9fa7-4ad78c0e036b: shutdown f844ae54-3f94-4df9-9fa7-4ad78c0e036b@group-3A3BDD580820-FollowerState
2021-10-03 01:18:16,124 [grpc-default-executor-2] INFO  impl.RoleInfo (RoleInfo.java:updateAndGet(130)) - f844ae54-3f94-4df9-9fa7-4ad78c0e036b: start f844ae54-3f94-4df9-9fa7-4ad78c0e036b@group-3A3BDD580820-FollowerState
2021-10-03 01:18:16,124 [f844ae54-3f94-4df9-9fa7-4ad78c0e036b@group-3A3BDD580820-FollowerState] INFO  impl.FollowerState (FollowerState.java:run(143)) - f844ae54-3f94-4df9-9fa7-4ad78c0e036b@group-3A3BDD580820-FollowerState was interrupted: {}
java.lang.InterruptedException: sleep interrupted
	at java.lang.Thread.sleep(Native Method)
	at java.lang.Thread.sleep(Thread.java:340)
	at java.util.concurrent.TimeUnit.sleep(TimeUnit.java:386)
	at org.apache.ratis.util.TimeDuration.sleep(TimeDuration.java:324)
	at org.apache.ratis.util.TimeDuration.sleep(TimeDuration.java:309)
	at org.apache.ratis.server.impl.FollowerState.run(FollowerState.java:118)
2021-10-03 01:18:16,133 [grpc-default-executor-2] INFO  server.RaftServer$Division (RaftServerImpl.java:requestVote(1075)) - f844ae54-3f94-4df9-9fa7-4ad78c0e036b@group-3A3BDD580820 replies to ELECTION vote request: a19c5b13-c841-42c6-b325-8b067fb1470f<-f844ae54-3f94-4df9-9fa7-4ad78c0e036b#0:OK-t1. Peer's state: f844ae54-3f94-4df9-9fa7-4ad78c0e036b@group-3A3BDD580820:t1, leader=null, voted=a19c5b13-c841-42c6-b325-8b067fb1470f, raftlog=f844ae54-3f94-4df9-9fa7-4ad78c0e036b@group-3A3BDD580820-SegmentedRaftLog:OPENED:c-1,f-1,i0, conf=-1: [f844ae54-3f94-4df9-9fa7-4ad78c0e036b|rpc:10.1.0.5:37881|priority:0, d5bd9e96-1863-4ce9-9391-5504d61c6bbd|rpc:10.1.0.5:33279|priority:0, a19c5b13-c841-42c6-b325-8b067fb1470f|rpc:10.1.0.5:43783|priority:1], old=null
2021-10-03 01:18:16,133 [grpc-default-executor-4] INFO  server.RaftServer$Division (RaftServerImpl.java:requestVote(1043)) - d5bd9e96-1863-4ce9-9391-5504d61c6bbd@group-3A3BDD580820: receive requestVote(ELECTION, a19c5b13-c841-42c6-b325-8b067fb1470f, group-3A3BDD580820, 1, (t:0, i:0))
2021-10-03 01:18:16,134 [grpc-default-executor-4] INFO  impl.VoteContext (VoteContext.java:log(48)) - d5bd9e96-1863-4ce9-9391-5504d61c6bbd@group-3A3BDD580820-FOLLOWER: accept ELECTION from a19c5b13-c841-42c6-b325-8b067fb1470f: our priority 0 <= candidate's priority 1
2021-10-03 01:18:16,134 [grpc-default-executor-4] INFO  server.RaftServer$Division (RaftServerImpl.java:setRole(285)) - d5bd9e96-1863-4ce9-9391-5504d61c6bbd@group-3A3BDD580820: changes role from  FOLLOWER to FOLLOWER at term 1 for candidate:a19c5b13-c841-42c6-b325-8b067fb1470f
2021-10-03 01:18:16,134 [grpc-default-executor-4] INFO  impl.RoleInfo (RoleInfo.java:shutdownFollowerState(108)) - d5bd9e96-1863-4ce9-9391-5504d61c6bbd: shutdown d5bd9e96-1863-4ce9-9391-5504d61c6bbd@group-3A3BDD580820-FollowerState
2021-10-03 01:18:16,134 [grpc-default-executor-4] INFO  impl.RoleInfo (RoleInfo.java:updateAndGet(130)) - d5bd9e96-1863-4ce9-9391-5504d61c6bbd: start d5bd9e96-1863-4ce9-9391-5504d61c6bbd@group-3A3BDD580820-FollowerState
2021-10-03 01:18:16,134 [d5bd9e96-1863-4ce9-9391-5504d61c6bbd@group-3A3BDD580820-FollowerState] INFO  impl.FollowerState (FollowerState.java:run(143)) - d5bd9e96-1863-4ce9-9391-5504d61c6bbd@group-3A3BDD580820-FollowerState was interrupted: {}
java.lang.InterruptedException: sleep interrupted
	at java.lang.Thread.sleep(Native Method)
	at java.lang.Thread.sleep(Thread.java:340)
	at java.util.concurrent.TimeUnit.sleep(TimeUnit.java:386)
	at org.apache.ratis.util.TimeDuration.sleep(TimeDuration.java:324)
	at org.apache.ratis.util.TimeDuration.sleep(TimeDuration.java:309)
	at org.apache.ratis.server.impl.FollowerState.run(FollowerState.java:118)
2021-10-03 01:18:16,140 [a19c5b13-c841-42c6-b325-8b067fb1470f@group-3A3BDD580820-LeaderElection8] INFO  impl.LeaderElection (LeaderElection.java:logAndReturn(89)) - a19c5b13-c841-42c6-b325-8b067fb1470f@group-3A3BDD580820-LeaderElection8: ELECTION PASSED received 1 response(s) and 0 exception(s):
2021-10-03 01:18:16,140 [a19c5b13-c841-42c6-b325-8b067fb1470f@group-3A3BDD580820-LeaderElection8] INFO  impl.LeaderElection (LeaderElection.java:logAndReturn(93)) -   Response 0: a19c5b13-c841-42c6-b325-8b067fb1470f<-f844ae54-3f94-4df9-9fa7-4ad78c0e036b#0:OK-t1
2021-10-03 01:18:16,140 [a19c5b13-c841-42c6-b325-8b067fb1470f@group-3A3BDD580820-LeaderElection8] INFO  impl.LeaderElection (LeaderElection.java:askForVotes(308)) - a19c5b13-c841-42c6-b325-8b067fb1470f@group-3A3BDD580820-LeaderElection8 ELECTION round 0: result PASSED
2021-10-03 01:18:16,140 [a19c5b13-c841-42c6-b325-8b067fb1470f@group-3A3BDD580820-LeaderElection8] INFO  impl.RoleInfo (RoleInfo.java:shutdownLeaderElection(121)) - a19c5b13-c841-42c6-b325-8b067fb1470f: shutdown a19c5b13-c841-42c6-b325-8b067fb1470f@group-3A3BDD580820-LeaderElection8
2021-10-03 01:18:16,140 [a19c5b13-c841-42c6-b325-8b067fb1470f@group-3A3BDD580820-LeaderElection8] INFO  server.RaftServer$Division (RaftServerImpl.java:setRole(285)) - a19c5b13-c841-42c6-b325-8b067fb1470f@group-3A3BDD580820: changes role from CANDIDATE to LEADER at term 1 for changeToLeader
2021-10-03 01:18:16,140 [a19c5b13-c841-42c6-b325-8b067fb1470f@group-3A3BDD580820-LeaderElection8] INFO  ratis.XceiverServerRatis (XceiverServerRatis.java:handleLeaderChangedNotification(861)) - Leader change notification received for group: group-3A3BDD580820 with new leaderId: a19c5b13-c841-42c6-b325-8b067fb1470f
2021-10-03 01:18:16,140 [a19c5b13-c841-42c6-b325-8b067fb1470f@group-3A3BDD580820-LeaderElection8] INFO  server.RaftServer$Division (ServerState.java:setLeader(285)) - a19c5b13-c841-42c6-b325-8b067fb1470f@group-3A3BDD580820: change Leader from null to a19c5b13-c841-42c6-b325-8b067fb1470f at term 1 for becomeLeader, leader elected after 5092ms
2021-10-03 01:18:16,140 [a19c5b13-c841-42c6-b325-8b067fb1470f@group-3A3BDD580820-LeaderElection8] INFO  server.RaftServerConfigKeys (ConfUtils.java:logGet(44)) - raft.server.staging.catchup.gap = 1000 (default)
2021-10-03 01:18:16,140 [Datanode State Machine Thread - 0] WARN  statemachine.StateContext (StateContext.java:execute(621)) - No available thread in pool for past 1 seconds.
2021-10-03 01:18:16,141 [a19c5b13-c841-42c6-b325-8b067fb1470f@group-3A3BDD580820-LeaderElection8] INFO  server.RaftServerConfigKeys (ConfUtils.java:logGet(44)) - raft.server.write.element-limit = 1024 (custom)
2021-10-03 01:18:16,141 [a19c5b13-c841-42c6-b325-8b067fb1470f@group-3A3BDD580820-LeaderElection8] INFO  server.RaftServerConfigKeys (ConfUtils.java:logGet(44)) - raft.server.write.byte-limit = 1024 M (=1073741824) (custom)
2021-10-03 01:18:16,141 [a19c5b13-c841-42c6-b325-8b067fb1470f@group-3A3BDD580820-LeaderElection8] INFO  server.RaftServerConfigKeys (ConfUtils.java:logGet(44)) - raft.server.watch.timeout = 180s (custom)
2021-10-03 01:18:16,141 [a19c5b13-c841-42c6-b325-8b067fb1470f@group-3A3BDD580820-LeaderElection8] INFO  server.RaftServerConfigKeys (ConfUtils.java:logGet(44)) - raft.server.watch.timeout.denomination = 1s (default)
2021-10-03 01:18:16,141 [a19c5b13-c841-42c6-b325-8b067fb1470f@group-3A3BDD580820-LeaderElection8] INFO  server.RaftServerConfigKeys (ConfUtils.java:logGet(44)) - raft.server.watch.element-limit = 65536 (default)
2021-10-03 01:18:16,141 [a19c5b13-c841-42c6-b325-8b067fb1470f@group-3A3BDD580820-LeaderElection8] INFO  server.RaftServerConfigKeys (ConfUtils.java:logGet(44)) - raft.server.log.appender.snapshot.chunk.size.max = 16MB (=16777216) (default)
2021-10-03 01:18:16,141 [grpc-default-executor-4] INFO  server.RaftServer$Division (RaftServerImpl.java:requestVote(1075)) - d5bd9e96-1863-4ce9-9391-5504d61c6bbd@group-3A3BDD580820 replies to ELECTION vote request: a19c5b13-c841-42c6-b325-8b067fb1470f<-d5bd9e96-1863-4ce9-9391-5504d61c6bbd#0:OK-t1. Peer's state: d5bd9e96-1863-4ce9-9391-5504d61c6bbd@group-3A3BDD580820:t1, leader=null, voted=a19c5b13-c841-42c6-b325-8b067fb1470f, raftlog=d5bd9e96-1863-4ce9-9391-5504d61c6bbd@group-3A3BDD580820-SegmentedRaftLog:OPENED:c-1,f-1,i0, conf=-1: [f844ae54-3f94-4df9-9fa7-4ad78c0e036b|rpc:10.1.0.5:37881|dataStream:|priority:0, d5bd9e96-1863-4ce9-9391-5504d61c6bbd|rpc:10.1.0.5:33279|dataStream:|priority:0, a19c5b13-c841-42c6-b325-8b067fb1470f|rpc:10.1.0.5:43783|dataStream:|priority:1], old=null
2021-10-03 01:18:16,141 [a19c5b13-c841-42c6-b325-8b067fb1470f@group-3A3BDD580820-LeaderElection8] INFO  server.RaftServerConfigKeys (ConfUtils.java:logGet(44)) - raft.server.log.appender.buffer.byte-limit = 33554432 (custom)
2021-10-03 01:18:16,142 [a19c5b13-c841-42c6-b325-8b067fb1470f@group-3A3BDD580820-LeaderElection8] INFO  server.RaftServerConfigKeys (ConfUtils.java:logGet(44)) - raft.server.log.appender.buffer.element-limit = 1 (custom)
2021-10-03 01:18:16,142 [a19c5b13-c841-42c6-b325-8b067fb1470f@group-3A3BDD580820-LeaderElection8] INFO  grpc.GrpcConfigKeys (ConfUtils.java:logGet(44)) - raft.grpc.server.leader.outstanding.appends.max = 128 (default)
2021-10-03 01:18:16,142 [a19c5b13-c841-42c6-b325-8b067fb1470f@group-3A3BDD580820-LeaderElection8] INFO  server.RaftServerConfigKeys (ConfUtils.java:logGet(44)) - raft.server.rpc.request.timeout = 60s (custom)
2021-10-03 01:18:16,142 [a19c5b13-c841-42c6-b325-8b067fb1470f@group-3A3BDD580820-LeaderElection8] INFO  server.RaftServerConfigKeys (ConfUtils.java:logGet(44)) - raft.server.log.appender.install.snapshot.enabled = false (custom)
2021-10-03 01:18:16,143 [EventQueue-PipelineReportForPipelineReportHandler] INFO  pipeline.PipelineManagerImpl (PipelineManagerImpl.java:openPipeline(282)) - Pipeline Pipeline[ Id: 97739386-6c7b-48d7-97fe-3a3bdd580820, Nodes: d5bd9e96-1863-4ce9-9391-5504d61c6bbd{ip: 10.1.0.5, host: fv-az270-324.tacnzluakwdehk1hpragurqkma.bx.internal.cloudapp.net, ports: [REPLICATION=41271, RATIS=33279, RATIS_ADMIN=33279, RATIS_SERVER=33279, STANDALONE=42685], networkLocation: /default-rack, certSerialId: null, persistedOpState: IN_SERVICE, persistedOpStateExpiryEpochSec: 0}f844ae54-3f94-4df9-9fa7-4ad78c0e036b{ip: 10.1.0.5, host: fv-az270-324.tacnzluakwdehk1hpragurqkma.bx.internal.cloudapp.net, ports: [REPLICATION=40625, RATIS=37881, RATIS_ADMIN=37881, RATIS_SERVER=37881, STANDALONE=46213], networkLocation: /default-rack, certSerialId: null, persistedOpState: IN_SERVICE, persistedOpStateExpiryEpochSec: 0}a19c5b13-c841-42c6-b325-8b067fb1470f{ip: 10.1.0.5, host: fv-az270-324.tacnzluakwdehk1hpragurqkma.bx.internal.cloudapp.net, ports: [REPLICATION=34031, RATIS=43783, RATIS_ADMIN=43783, RATIS_SERVER=43783, STANDALONE=39907], networkLocation: /default-rack, certSerialId: null, persistedOpState: IN_SERVICE, persistedOpStateExpiryEpochSec: 0}, ReplicationConfig: RATIS/THREE, State:ALLOCATED, leaderId:a19c5b13-c841-42c6-b325-8b067fb1470f, CreationTimestamp2021-10-03T01:18:08.180Z[Etc/UTC]] moved to OPEN state
2021-10-03 01:18:16,144 [a19c5b13-c841-42c6-b325-8b067fb1470f@group-3A3BDD580820-LeaderElection8] INFO  server.RaftServerConfigKeys (ConfUtils.java:logGet(44)) - raft.server.log.appender.snapshot.chunk.size.max = 16MB (=16777216) (default)
2021-10-03 01:18:16,150 [a19c5b13-c841-42c6-b325-8b067fb1470f@group-3A3BDD580820-LeaderElection8] INFO  server.RaftServerConfigKeys (ConfUtils.java:logGet(44)) - raft.server.log.appender.buffer.byte-limit = 33554432 (custom)
2021-10-03 01:18:16,150 [a19c5b13-c841-42c6-b325-8b067fb1470f@group-3A3BDD580820-LeaderElection8] INFO  server.RaftServerConfigKeys (ConfUtils.java:logGet(44)) - raft.server.log.appender.buffer.element-limit = 1 (custom)
2021-10-03 01:18:16,150 [a19c5b13-c841-42c6-b325-8b067fb1470f@group-3A3BDD580820-LeaderElection8] INFO  grpc.GrpcConfigKeys (ConfUtils.java:logGet(44)) - raft.grpc.server.leader.outstanding.appends.max = 128 (default)
2021-10-03 01:18:16,151 [a19c5b13-c841-42c6-b325-8b067fb1470f@group-3A3BDD580820-LeaderElection8] INFO  server.RaftServerConfigKeys (ConfUtils.java:logGet(44)) - raft.server.rpc.request.timeout = 60s (custom)
2021-10-03 01:18:16,151 [a19c5b13-c841-42c6-b325-8b067fb1470f@group-3A3BDD580820-LeaderElection8] INFO  server.RaftServerConfigKeys (ConfUtils.java:logGet(44)) - raft.server.log.appender.install.snapshot.enabled = false (custom)
2021-10-03 01:18:16,151 [EventQueue-OpenPipelineForHealthyPipelineSafeModeRule] INFO  safemode.SCMSafeModeManager (HealthyPipelineSafeModeRule.java:process(124)) - SCM in safe mode. Healthy pipelines reported count is 1, required healthy pipeline reported count is 1
2021-10-03 01:18:16,154 [EventQueue-OpenPipelineForHealthyPipelineSafeModeRule] INFO  safemode.SCMSafeModeManager (SCMSafeModeManager.java:validateSafeModeExitRules(204)) - HealthyPipelineSafeModeRule rule is successfully validated
2021-10-03 01:18:16,154 [EventQueue-OpenPipelineForHealthyPipelineSafeModeRule] INFO  safemode.SCMSafeModeManager (SCMSafeModeManager.java:validateSafeModeExitRules(219)) - ScmSafeModeManager, all rules are successfully validated
2021-10-03 01:18:16,151 [a19c5b13-c841-42c6-b325-8b067fb1470f@group-3A3BDD580820-LeaderElection8] INFO  impl.RoleInfo (RoleInfo.java:updateAndGet(130)) - a19c5b13-c841-42c6-b325-8b067fb1470f: start a19c5b13-c841-42c6-b325-8b067fb1470f@group-3A3BDD580820-LeaderStateImpl
2021-10-03 01:18:16,154 [EventQueue-OpenPipelineForHealthyPipelineSafeModeRule] INFO  safemode.SCMSafeModeManager (SCMSafeModeManager.java:exitSafeMode(248)) - SCM exiting safe mode.
2021-10-03 01:18:16,155 [EventQueue-OpenPipelineForHealthyPipelineSafeModeRule] WARN  events.EventQueue (EventQueue.java:fireEvent(194)) - No event handler registered for event TypedEvent{payloadType=SafeModeStatus, name='Safe mode status'}
2021-10-03 01:18:16,155 [EventQueue-OpenPipelineForHealthyPipelineSafeModeRule] INFO  ha.SCMContext (SCMContext.java:updateSafeModeStatus(205)) - Update SafeModeStatus from SafeModeStatus{safeModeStatus=true, preCheckPassed=true} to SafeModeStatus{safeModeStatus=false, preCheckPassed=true}.
2021-10-03 01:18:16,155 [EventQueue-OpenPipelineForHealthyPipelineSafeModeRule] INFO  pipeline.BackgroundPipelineCreator (BackgroundPipelineCreatorV2.java:notifyStatusChanged(264)) - Service BackgroundPipelineCreator transitions to RUNNING.
2021-10-03 01:18:16,155 [EventQueue-OpenPipelineForHealthyPipelineSafeModeRule] INFO  container.ReplicationManager (ReplicationManager.java:notifyStatusChanged(1743)) - Service ReplicationManager transitions to RUNNING.
2021-10-03 01:18:16,158 [a19c5b13-c841-42c6-b325-8b067fb1470f@group-3A3BDD580820-LeaderElection8] INFO  segmented.SegmentedRaftLogWorker (SegmentedRaftLogWorker.java:startLogSegment(394)) - a19c5b13-c841-42c6-b325-8b067fb1470f@group-3A3BDD580820-SegmentedRaftLogWorker: Starting segment from index:0
2021-10-03 01:18:16,161 [a19c5b13-c841-42c6-b325-8b067fb1470f@group-3A3BDD580820-SegmentedRaftLogWorker] INFO  segmented.SegmentedRaftLogWorker (SegmentedRaftLogWorker.java:execute(601)) - a19c5b13-c841-42c6-b325-8b067fb1470f@group-3A3BDD580820-SegmentedRaftLogWorker: created new log segment /home/runner/work/ozone/ozone/hadoop-ozone/integration-test/target/test-dir/MiniOzoneClusterImpl-94b7d1b3-e035-4e16-be06-258bf0b7295d/datanode-1/data/ratis/97739386-6c7b-48d7-97fe-3a3bdd580820/current/log_inprogress_0
2021-10-03 01:18:16,169 [a19c5b13-c841-42c6-b325-8b067fb1470f@group-3A3BDD580820-LeaderElection8] INFO  server.RaftServer$Division (ServerState.java:setRaftConf(387)) - a19c5b13-c841-42c6-b325-8b067fb1470f@group-3A3BDD580820: set configuration 0: [f844ae54-3f94-4df9-9fa7-4ad78c0e036b|rpc:10.1.0.5:37881|dataStream:|priority:0, d5bd9e96-1863-4ce9-9391-5504d61c6bbd|rpc:10.1.0.5:33279|dataStream:|priority:0, a19c5b13-c841-42c6-b325-8b067fb1470f|rpc:10.1.0.5:43783|dataStream:|priority:1], old=null
2021-10-03 01:18:16,176 [grpc-default-executor-5] INFO  ratis.XceiverServerRatis (XceiverServerRatis.java:handleLeaderChangedNotification(861)) - Leader change notification received for group: group-3A3BDD580820 with new leaderId: a19c5b13-c841-42c6-b325-8b067fb1470f
2021-10-03 01:18:16,176 [grpc-default-executor-5] INFO  server.RaftServer$Division (ServerState.java:setLeader(285)) - f844ae54-3f94-4df9-9fa7-4ad78c0e036b@group-3A3BDD580820: change Leader from null to a19c5b13-c841-42c6-b325-8b067fb1470f at term 1 for appendEntries, leader elected after 5138ms
2021-10-03 01:18:16,183 [grpc-default-executor-5] INFO  ratis.XceiverServerRatis (XceiverServerRatis.java:handleLeaderChangedNotification(861)) - Leader change notification received for group: group-3A3BDD580820 with new leaderId: a19c5b13-c841-42c6-b325-8b067fb1470f
2021-10-03 01:18:16,183 [grpc-default-executor-4] INFO  server.RaftServer$Division (ServerState.java:setRaftConf(387)) - f844ae54-3f94-4df9-9fa7-4ad78c0e036b@group-3A3BDD580820: set configuration 0: [f844ae54-3f94-4df9-9fa7-4ad78c0e036b|rpc:10.1.0.5:37881|dataStream:|priority:0, d5bd9e96-1863-4ce9-9391-5504d61c6bbd|rpc:10.1.0.5:33279|dataStream:|priority:0, a19c5b13-c841-42c6-b325-8b067fb1470f|rpc:10.1.0.5:43783|dataStream:|priority:1], old=null
2021-10-03 01:18:16,183 [grpc-default-executor-5] INFO  server.RaftServer$Division (ServerState.java:setLeader(285)) - d5bd9e96-1863-4ce9-9391-5504d61c6bbd@group-3A3BDD580820: change Leader from null to a19c5b13-c841-42c6-b325-8b067fb1470f at term 1 for appendEntries, leader elected after 5077ms
2021-10-03 01:18:16,183 [grpc-default-executor-4] INFO  segmented.SegmentedRaftLogWorker (SegmentedRaftLogWorker.java:startLogSegment(394)) - f844ae54-3f94-4df9-9fa7-4ad78c0e036b@group-3A3BDD580820-SegmentedRaftLogWorker: Starting segment from index:0
2021-10-03 01:18:16,185 [Listener at 127.0.0.1/13840] INFO  ozone.MiniOzoneClusterImpl (MiniOzoneClusterImpl.java:lambda$waitForClusterToBeReady$0(235)) - Nodes are ready. Got 3 of 3 DN Heartbeats.
2021-10-03 01:18:16,185 [Listener at 127.0.0.1/13840] INFO  ozone.MiniOzoneClusterImpl (MiniOzoneClusterImpl.java:lambda$waitForClusterToBeReady$0(238)) - Cluster exits safe mode
2021-10-03 01:18:16,186 [Listener at 127.0.0.1/13840] INFO  ozone.MiniOzoneClusterImpl (MiniOzoneClusterImpl.java:lambda$waitForClusterToBeReady$0(240)) - SCM became leader
2021-10-03 01:18:16,193 [f844ae54-3f94-4df9-9fa7-4ad78c0e036b@group-3A3BDD580820-SegmentedRaftLogWorker] INFO  segmented.SegmentedRaftLogWorker (SegmentedRaftLogWorker.java:execute(601)) - f844ae54-3f94-4df9-9fa7-4ad78c0e036b@group-3A3BDD580820-SegmentedRaftLogWorker: created new log segment /home/runner/work/ozone/ozone/hadoop-ozone/integration-test/target/test-dir/MiniOzoneClusterImpl-94b7d1b3-e035-4e16-be06-258bf0b7295d/datanode-0/data/ratis/97739386-6c7b-48d7-97fe-3a3bdd580820/current/log_inprogress_0
2021-10-03 01:18:16,193 [grpc-default-executor-5] INFO  server.RaftServer$Division (ServerState.java:setRaftConf(387)) - d5bd9e96-1863-4ce9-9391-5504d61c6bbd@group-3A3BDD580820: set configuration 0: [f844ae54-3f94-4df9-9fa7-4ad78c0e036b|rpc:10.1.0.5:37881|dataStream:|priority:0, d5bd9e96-1863-4ce9-9391-5504d61c6bbd|rpc:10.1.0.5:33279|dataStream:|priority:0, a19c5b13-c841-42c6-b325-8b067fb1470f|rpc:10.1.0.5:43783|dataStream:|priority:1], old=null
2021-10-03 01:18:16,193 [grpc-default-executor-5] INFO  segmented.SegmentedRaftLogWorker (SegmentedRaftLogWorker.java:startLogSegment(394)) - d5bd9e96-1863-4ce9-9391-5504d61c6bbd@group-3A3BDD580820-SegmentedRaftLogWorker: Starting segment from index:0
2021-10-03 01:18:16,201 [d5bd9e96-1863-4ce9-9391-5504d61c6bbd@group-3A3BDD580820-SegmentedRaftLogWorker] INFO  segmented.SegmentedRaftLogWorker (SegmentedRaftLogWorker.java:execute(601)) - d5bd9e96-1863-4ce9-9391-5504d61c6bbd@group-3A3BDD580820-SegmentedRaftLogWorker: created new log segment /home/runner/work/ozone/ozone/hadoop-ozone/integration-test/target/test-dir/MiniOzoneClusterImpl-94b7d1b3-e035-4e16-be06-258bf0b7295d/datanode-2/data/ratis/97739386-6c7b-48d7-97fe-3a3bdd580820/current/log_inprogress_0
2021-10-03 01:18:16,290 [d5bd9e96-1863-4ce9-9391-5504d61c6bbd@group-96FCCB70BDE5-FollowerState] INFO  impl.FollowerState (FollowerState.java:run(134)) - d5bd9e96-1863-4ce9-9391-5504d61c6bbd@group-96FCCB70BDE5-FollowerState: change to CANDIDATE, lastRpcElapsedTime:5100096207ns, electionTimeout:5099ms
2021-10-03 01:18:16,290 [d5bd9e96-1863-4ce9-9391-5504d61c6bbd@group-96FCCB70BDE5-FollowerState] INFO  impl.RoleInfo (RoleInfo.java:shutdownFollowerState(108)) - d5bd9e96-1863-4ce9-9391-5504d61c6bbd: shutdown d5bd9e96-1863-4ce9-9391-5504d61c6bbd@group-96FCCB70BDE5-FollowerState
2021-10-03 01:18:16,290 [d5bd9e96-1863-4ce9-9391-5504d61c6bbd@group-96FCCB70BDE5-FollowerState] INFO  server.RaftServer$Division (RaftServerImpl.java:setRole(285)) - d5bd9e96-1863-4ce9-9391-5504d61c6bbd@group-96FCCB70BDE5: changes role from  FOLLOWER to CANDIDATE at term 0 for changeToCandidate
2021-10-03 01:18:16,290 [d5bd9e96-1863-4ce9-9391-5504d61c6bbd@group-96FCCB70BDE5-FollowerState] INFO  server.RaftServerConfigKeys (ConfUtils.java:logGet(44)) - raft.server.leaderelection.pre-vote = false (custom)
2021-10-03 01:18:16,290 [d5bd9e96-1863-4ce9-9391-5504d61c6bbd@group-96FCCB70BDE5-FollowerState] INFO  impl.RoleInfo (RoleInfo.java:updateAndGet(130)) - d5bd9e96-1863-4ce9-9391-5504d61c6bbd: start d5bd9e96-1863-4ce9-9391-5504d61c6bbd@group-96FCCB70BDE5-LeaderElection9
2021-10-03 01:18:16,304 [d5bd9e96-1863-4ce9-9391-5504d61c6bbd@group-96FCCB70BDE5-LeaderElection9] INFO  impl.LeaderElection (LeaderElection.java:askForVotes(306)) - d5bd9e96-1863-4ce9-9391-5504d61c6bbd@group-96FCCB70BDE5-LeaderElection9 ELECTION round 0: submit vote requests at term 1 for -1: [d5bd9e96-1863-4ce9-9391-5504d61c6bbd|rpc:10.1.0.5:33279|priority:1], old=null
2021-10-03 01:18:16,304 [d5bd9e96-1863-4ce9-9391-5504d61c6bbd@group-96FCCB70BDE5-LeaderElection9] INFO  impl.LeaderElection (LeaderElection.java:askForVotes(308)) - d5bd9e96-1863-4ce9-9391-5504d61c6bbd@group-96FCCB70BDE5-LeaderElection9 ELECTION round 0: result PASSED (term=1)
2021-10-03 01:18:16,304 [d5bd9e96-1863-4ce9-9391-5504d61c6bbd@group-96FCCB70BDE5-LeaderElection9] INFO  impl.RoleInfo (RoleInfo.java:shutdownLeaderElection(121)) - d5bd9e96-1863-4ce9-9391-5504d61c6bbd: shutdown d5bd9e96-1863-4ce9-9391-5504d61c6bbd@group-96FCCB70BDE5-LeaderElection9
2021-10-03 01:18:16,304 [d5bd9e96-1863-4ce9-9391-5504d61c6bbd@group-96FCCB70BDE5-LeaderElection9] INFO  server.RaftServer$Division (RaftServerImpl.java:setRole(285)) - d5bd9e96-1863-4ce9-9391-5504d61c6bbd@group-96FCCB70BDE5: changes role from CANDIDATE to LEADER at term 1 for changeToLeader
2021-10-03 01:18:16,304 [d5bd9e96-1863-4ce9-9391-5504d61c6bbd@group-96FCCB70BDE5-LeaderElection9] INFO  ratis.XceiverServerRatis (XceiverServerRatis.java:handleLeaderChangedNotification(861)) - Leader change notification received for group: group-96FCCB70BDE5 with new leaderId: d5bd9e96-1863-4ce9-9391-5504d61c6bbd
2021-10-03 01:18:16,305 [Datanode State Machine Thread - 0] WARN  statemachine.StateContext (StateContext.java:execute(621)) - No available thread in pool for past 1 seconds.
2021-10-03 01:18:16,309 [d5bd9e96-1863-4ce9-9391-5504d61c6bbd@group-96FCCB70BDE5-LeaderElection9] INFO  server.RaftServer$Division (ServerState.java:setLeader(285)) - d5bd9e96-1863-4ce9-9391-5504d61c6bbd@group-96FCCB70BDE5: change Leader from null to d5bd9e96-1863-4ce9-9391-5504d61c6bbd at term 1 for becomeLeader, leader elected after 5121ms
2021-10-03 01:18:16,309 [d5bd9e96-1863-4ce9-9391-5504d61c6bbd@group-96FCCB70BDE5-LeaderElection9] INFO  server.RaftServerConfigKeys (ConfUtils.java:logGet(44)) - raft.server.staging.catchup.gap = 1000 (default)
2021-10-03 01:18:16,309 [d5bd9e96-1863-4ce9-9391-5504d61c6bbd@group-96FCCB70BDE5-LeaderElection9] INFO  server.RaftServerConfigKeys (ConfUtils.java:logGet(44)) - raft.server.write.element-limit = 1024 (custom)
2021-10-03 01:18:16,309 [d5bd9e96-1863-4ce9-9391-5504d61c6bbd@group-96FCCB70BDE5-LeaderElection9] INFO  server.RaftServerConfigKeys (ConfUtils.java:logGet(44)) - raft.server.write.byte-limit = 1024 M (=1073741824) (custom)
2021-10-03 01:18:16,310 [d5bd9e96-1863-4ce9-9391-5504d61c6bbd@group-96FCCB70BDE5-LeaderElection9] INFO  server.RaftServerConfigKeys (ConfUtils.java:logGet(44)) - raft.server.watch.timeout = 180s (custom)
2021-10-03 01:18:16,310 [d5bd9e96-1863-4ce9-9391-5504d61c6bbd@group-96FCCB70BDE5-LeaderElection9] INFO  server.RaftServerConfigKeys (ConfUtils.java:logGet(44)) - raft.server.watch.timeout.denomination = 1s (default)
2021-10-03 01:18:16,310 [d5bd9e96-1863-4ce9-9391-5504d61c6bbd@group-96FCCB70BDE5-LeaderElection9] INFO  server.RaftServerConfigKeys (ConfUtils.java:logGet(44)) - raft.server.watch.element-limit = 65536 (default)
2021-10-03 01:18:16,310 [d5bd9e96-1863-4ce9-9391-5504d61c6bbd@group-96FCCB70BDE5-LeaderElection9] INFO  impl.RoleInfo (RoleInfo.java:updateAndGet(130)) - d5bd9e96-1863-4ce9-9391-5504d61c6bbd: start d5bd9e96-1863-4ce9-9391-5504d61c6bbd@group-96FCCB70BDE5-LeaderStateImpl
2021-10-03 01:18:16,311 [d5bd9e96-1863-4ce9-9391-5504d61c6bbd@group-96FCCB70BDE5-LeaderElection9] INFO  segmented.SegmentedRaftLogWorker (SegmentedRaftLogWorker.java:startLogSegment(394)) - d5bd9e96-1863-4ce9-9391-5504d61c6bbd@group-96FCCB70BDE5-SegmentedRaftLogWorker: Starting segment from index:0
2021-10-03 01:18:16,313 [d5bd9e96-1863-4ce9-9391-5504d61c6bbd@group-96FCCB70BDE5-SegmentedRaftLogWorker] INFO  segmented.SegmentedRaftLogWorker (SegmentedRaftLogWorker.java:execute(601)) - d5bd9e96-1863-4ce9-9391-5504d61c6bbd@group-96FCCB70BDE5-SegmentedRaftLogWorker: created new log segment /home/runner/work/ozone/ozone/hadoop-ozone/integration-test/target/test-dir/MiniOzoneClusterImpl-94b7d1b3-e035-4e16-be06-258bf0b7295d/datanode-2/data/ratis/3f6ca919-cf19-4039-93c0-96fccb70bde5/current/log_inprogress_0
2021-10-03 01:18:16,313 [d5bd9e96-1863-4ce9-9391-5504d61c6bbd@group-96FCCB70BDE5-LeaderElection9] INFO  server.RaftServer$Division (ServerState.java:setRaftConf(387)) - d5bd9e96-1863-4ce9-9391-5504d61c6bbd@group-96FCCB70BDE5: set configuration 0: [d5bd9e96-1863-4ce9-9391-5504d61c6bbd|rpc:10.1.0.5:33279|dataStream:|priority:1], old=null
2021-10-03 01:18:16,533 [Listener at 127.0.0.1/13840] INFO  retry.RetryInvocationHandler (RetryInvocationHandler.java:log(411)) - com.google.protobuf.ServiceException: org.apache.hadoop.ipc.RemoteException(org.apache.hadoop.ozone.om.exceptions.OMNotLeaderException): OM:omNode-2 is not the leader. Could not determine the leader node.
	at org.apache.hadoop.ozone.protocolPB.OzoneManagerProtocolServerSideTranslatorPB.createNotLeaderException(OzoneManagerProtocolServerSideTranslatorPB.java:187)
	at org.apache.hadoop.ozone.protocolPB.OzoneManagerProtocolServerSideTranslatorPB.createLeaderErrorException(OzoneManagerProtocolServerSideTranslatorPB.java:174)
	at org.apache.hadoop.ozone.protocolPB.OzoneManagerProtocolServerSideTranslatorPB.submitReadRequestToOM(OzoneManagerProtocolServerSideTranslatorPB.java:167)
	at org.apache.hadoop.ozone.protocolPB.OzoneManagerProtocolServerSideTranslatorPB.processRequest(OzoneManagerProtocolServerSideTranslatorPB.java:133)
	at org.apache.hadoop.hdds.server.OzoneProtocolMessageDispatcher.processRequest(OzoneProtocolMessageDispatcher.java:87)
	at org.apache.hadoop.ozone.protocolPB.OzoneManagerProtocolServerSideTranslatorPB.submitRequest(OzoneManagerProtocolServerSideTranslatorPB.java:123)
	at org.apache.hadoop.ozone.protocol.proto.OzoneManagerProtocolProtos$OzoneManagerService$2.callBlockingMethod(OzoneManagerProtocolProtos.java)
	at org.apache.hadoop.ipc.ProtobufRpcEngine$Server.processCall(ProtobufRpcEngine.java:466)
	at org.apache.hadoop.ipc.ProtobufRpcEngine2$Server$ProtoBufRpcInvoker.call(ProtobufRpcEngine2.java:574)
	at org.apache.hadoop.ipc.ProtobufRpcEngine2$Server$ProtoBufRpcInvoker.call(ProtobufRpcEngine2.java:552)
	at org.apache.hadoop.ipc.RPC$Server.call(RPC.java:1093)
	at org.apache.hadoop.ipc.Server$RpcCall.run(Server.java:1035)
	at org.apache.hadoop.ipc.Server$RpcCall.run(Server.java:963)
	at java.security.AccessController.doPrivileged(Native Method)
	at javax.security.auth.Subject.doAs(Subject.java:422)
	at org.apache.hadoop.security.UserGroupInformation.doAs(UserGroupInformation.java:1878)
	at org.apache.hadoop.ipc.Server$Handler.run(Server.java:2966)
, while invoking $Proxy52.submitRequest over nodeId=omNode-2,nodeAddress=127.0.0.1:13834 after 1 failover attempts. Trying to failover immediately.
]]></system-out>
  </testcase>
  <testcase name="testPrepareWithMultipleThreads" classname="org.apache.hadoop.ozone.om.TestOzoneManagerPrepare" time="126.9">
    <error message="timeout: after 120000 millis" type="java.util.concurrent.TimeoutException">java.util.concurrent.TimeoutException: timeout: after 120000 millis
	at org.apache.ozone.test.LambdaTestUtils$GenerateTimeout.evaluate(LambdaTestUtils.java:677)
	at org.apache.ozone.test.LambdaTestUtils.await(LambdaTestUtils.java:154)
	at org.apache.ozone.test.LambdaTestUtils.await(LambdaTestUtils.java:192)
	at org.apache.hadoop.ozone.om.TestOzoneManagerPrepare.assertRatisLogsCleared(TestOzoneManagerPrepare.java:510)
	at org.apache.hadoop.ozone.om.TestOzoneManagerPrepare.assertRatisLogsCleared(TestOzoneManagerPrepare.java:504)
	at org.apache.hadoop.ozone.om.TestOzoneManagerPrepare.testPrepareWithMultipleThreads(TestOzoneManagerPrepare.java:263)
	at sun.reflect.NativeMethodAccessorImpl.invoke0(Native Method)
	at sun.reflect.NativeMethodAccessorImpl.invoke(NativeMethodAccessorImpl.java:62)
	at sun.reflect.DelegatingMethodAccessorImpl.invoke(DelegatingMethodAccessorImpl.java:43)
	at java.lang.reflect.Method.invoke(Method.java:498)
	at org.junit.runners.model.FrameworkMethod$1.runReflectiveCall(FrameworkMethod.java:59)
	at org.junit.internal.runners.model.ReflectiveCallable.run(ReflectiveCallable.java:12)
	at org.junit.runners.model.FrameworkMethod.invokeExplosively(FrameworkMethod.java:56)
	at org.junit.internal.runners.statements.InvokeMethod.evaluate(InvokeMethod.java:17)
	at org.junit.internal.runners.statements.RunBefores.evaluate(RunBefores.java:26)
	at org.junit.internal.runners.statements.RunAfters.evaluate(RunAfters.java:27)
	at org.junit.rules.ExpectedException$ExpectedExceptionStatement.evaluate(ExpectedException.java:258)
	at org.junit.internal.runners.statements.FailOnTimeout$CallableStatement.call(FailOnTimeout.java:288)
	at org.junit.internal.runners.statements.FailOnTimeout$CallableStatement.call(FailOnTimeout.java:282)
	at java.util.concurrent.FutureTask.run(FutureTask.java:266)
	at java.lang.Thread.run(Thread.java:748)
</error>
    <system-out><![CDATA[2021-10-03 01:18:16,807 [OM StateMachine ApplyTransaction Thread - 0] INFO  upgrade.OMCancelPrepareRequest (OMCancelPrepareRequest.java:validateAndUpdateCache(55)) - OM omNode-3 Received cancel prepare request with log index 1
2021-10-03 01:18:16,807 [OM StateMachine ApplyTransaction Thread - 0] INFO  upgrade.OMCancelPrepareRequest (OMCancelPrepareRequest.java:validateAndUpdateCache(55)) - OM omNode-2 Received cancel prepare request with log index 1
2021-10-03 01:18:16,812 [OM StateMachine ApplyTransaction Thread - 0] INFO  upgrade.OMCancelPrepareRequest (OMCancelPrepareRequest.java:validateAndUpdateCache(55)) - OM omNode-1 Received cancel prepare request with log index 1
2021-10-03 01:18:16,817 [OM StateMachine ApplyTransaction Thread - 0] INFO  upgrade.OMCancelPrepareRequest (OMCancelPrepareRequest.java:validateAndUpdateCache(84)) - OM omNode-2 prepare state cancelled at log index 1. Returning response 
2021-10-03 01:18:16,813 [OM StateMachine ApplyTransaction Thread - 0] INFO  upgrade.OMCancelPrepareRequest (OMCancelPrepareRequest.java:validateAndUpdateCache(84)) - OM omNode-3 prepare state cancelled at log index 1. Returning response 
2021-10-03 01:18:16,826 [OM StateMachine ApplyTransaction Thread - 0] INFO  upgrade.OMCancelPrepareRequest (OMCancelPrepareRequest.java:validateAndUpdateCache(84)) - OM omNode-1 prepare state cancelled at log index 1. Returning response 
2021-10-03 01:18:16,853 [Time-limited test] INFO  rpc.RpcClient (RpcClient.java:createVolume(342)) - Creating Volume: vol, with runner as owner and space quota set to -1 bytes, counts quota set to -1
2021-10-03 01:18:16,885 [OM StateMachine ApplyTransaction Thread - 0] INFO  volume.OMVolumeCreateRequest (OMVolumeCreateRequest.java:validateAndUpdateCache(195)) - created volume:vol for user:runner
2021-10-03 01:18:16,886 [OM StateMachine ApplyTransaction Thread - 0] INFO  volume.OMVolumeCreateRequest (OMVolumeCreateRequest.java:validateAndUpdateCache(195)) - created volume:vol for user:runner
2021-10-03 01:18:16,895 [OM StateMachine ApplyTransaction Thread - 0] INFO  volume.OMVolumeCreateRequest (OMVolumeCreateRequest.java:validateAndUpdateCache(195)) - created volume:vol for user:runner
2021-10-03 01:18:16,928 [pool-152-thread-2] INFO  rpc.RpcClient (RpcClient.java:createVolume(342)) - Creating Volume: volume1, with runner as owner and space quota set to -1 bytes, counts quota set to -1
2021-10-03 01:18:16,926 [pool-152-thread-1] INFO  rpc.RpcClient (RpcClient.java:createVolume(342)) - Creating Volume: volume0, with runner as owner and space quota set to -1 bytes, counts quota set to -1
2021-10-03 01:18:16,929 [pool-152-thread-3] INFO  rpc.RpcClient (RpcClient.java:createVolume(342)) - Creating Volume: volume2, with runner as owner and space quota set to -1 bytes, counts quota set to -1
2021-10-03 01:18:16,930 [pool-152-thread-4] INFO  rpc.RpcClient (RpcClient.java:createVolume(342)) - Creating Volume: volume3, with runner as owner and space quota set to -1 bytes, counts quota set to -1
2021-10-03 01:18:16,930 [pool-152-thread-5] INFO  rpc.RpcClient (RpcClient.java:createVolume(342)) - Creating Volume: volume4, with runner as owner and space quota set to -1 bytes, counts quota set to -1
2021-10-03 01:18:16,940 [pool-152-thread-7] INFO  rpc.RpcClient (RpcClient.java:createVolume(342)) - Creating Volume: volume6, with runner as owner and space quota set to -1 bytes, counts quota set to -1
2021-10-03 01:18:16,940 [pool-152-thread-8] INFO  rpc.RpcClient (RpcClient.java:createVolume(342)) - Creating Volume: volume7, with runner as owner and space quota set to -1 bytes, counts quota set to -1
2021-10-03 01:18:16,941 [pool-152-thread-9] INFO  rpc.RpcClient (RpcClient.java:createVolume(342)) - Creating Volume: volume8, with runner as owner and space quota set to -1 bytes, counts quota set to -1
2021-10-03 01:18:16,951 [OM StateMachine ApplyTransaction Thread - 0] INFO  volume.OMVolumeCreateRequest (OMVolumeCreateRequest.java:validateAndUpdateCache(195)) - created volume:volume1 for user:runner
2021-10-03 01:18:16,951 [pool-152-thread-10] INFO  rpc.RpcClient (RpcClient.java:createVolume(342)) - Creating Volume: volume9, with runner as owner and space quota set to -1 bytes, counts quota set to -1
2021-10-03 01:18:16,961 [OM StateMachine ApplyTransaction Thread - 0] INFO  volume.OMVolumeCreateRequest (OMVolumeCreateRequest.java:validateAndUpdateCache(195)) - created volume:volume8 for user:runner
2021-10-03 01:18:16,972 [OM StateMachine ApplyTransaction Thread - 0] INFO  volume.OMVolumeCreateRequest (OMVolumeCreateRequest.java:validateAndUpdateCache(195)) - created volume:volume7 for user:runner
2021-10-03 01:18:16,975 [OM StateMachine ApplyTransaction Thread - 0] INFO  volume.OMVolumeCreateRequest (OMVolumeCreateRequest.java:validateAndUpdateCache(195)) - created volume:volume1 for user:runner
2021-10-03 01:18:16,978 [OM StateMachine ApplyTransaction Thread - 0] INFO  volume.OMVolumeCreateRequest (OMVolumeCreateRequest.java:validateAndUpdateCache(195)) - created volume:volume8 for user:runner
2021-10-03 01:18:16,982 [OM StateMachine ApplyTransaction Thread - 0] INFO  volume.OMVolumeCreateRequest (OMVolumeCreateRequest.java:validateAndUpdateCache(195)) - created volume:volume1 for user:runner
2021-10-03 01:18:16,987 [OM StateMachine ApplyTransaction Thread - 0] INFO  volume.OMVolumeCreateRequest (OMVolumeCreateRequest.java:validateAndUpdateCache(195)) - created volume:volume8 for user:runner
2021-10-03 01:18:16,989 [OM StateMachine ApplyTransaction Thread - 0] INFO  volume.OMVolumeCreateRequest (OMVolumeCreateRequest.java:validateAndUpdateCache(195)) - created volume:volume7 for user:runner
2021-10-03 01:18:16,993 [OM StateMachine ApplyTransaction Thread - 0] INFO  volume.OMVolumeCreateRequest (OMVolumeCreateRequest.java:validateAndUpdateCache(195)) - created volume:volume6 for user:runner
2021-10-03 01:18:17,002 [OM StateMachine ApplyTransaction Thread - 0] INFO  volume.OMVolumeCreateRequest (OMVolumeCreateRequest.java:validateAndUpdateCache(195)) - created volume:volume7 for user:runner
2021-10-03 01:18:17,006 [IPC Server handler 9 on default port 13840] INFO  ratis.OzoneManagerRatisServer (OzoneManagerRatisServer.java:submitRequest(249)) - Rejecting write request on OM omNode-3 because it is in prepare mode: CreateVolume
2021-10-03 01:18:17,006 [IPC Server handler 9 on default port 13840] INFO  ratis.OzoneManagerRatisServer (OzoneManagerRatisServer.java:submitRequest(249)) - Rejecting write request on OM omNode-3 because it is in prepare mode: CreateVolume
2021-10-03 01:18:17,006 [IPC Server handler 10 on default port 13840] INFO  ratis.OzoneManagerRatisServer (OzoneManagerRatisServer.java:submitRequest(249)) - Rejecting write request on OM omNode-3 because it is in prepare mode: CreateVolume
2021-10-03 01:18:17,006 [IPC Server handler 11 on default port 13840] INFO  ratis.OzoneManagerRatisServer (OzoneManagerRatisServer.java:submitRequest(249)) - Rejecting write request on OM omNode-3 because it is in prepare mode: CreateVolume
2021-10-03 01:18:17,009 [OM StateMachine ApplyTransaction Thread - 0] INFO  volume.OMVolumeCreateRequest (OMVolumeCreateRequest.java:validateAndUpdateCache(195)) - created volume:volume6 for user:runner
2021-10-03 01:18:17,010 [OM StateMachine ApplyTransaction Thread - 0] INFO  volume.OMVolumeCreateRequest (OMVolumeCreateRequest.java:validateAndUpdateCache(195)) - created volume:volume6 for user:runner
2021-10-03 01:18:17,015 [OM StateMachine ApplyTransaction Thread - 0] INFO  volume.OMVolumeCreateRequest (OMVolumeCreateRequest.java:validateAndUpdateCache(195)) - created volume:volume3 for user:runner
2021-10-03 01:18:17,021 [OM StateMachine ApplyTransaction Thread - 0] INFO  upgrade.OMPrepareRequest (OMPrepareRequest.java:validateAndUpdateCache(66)) - OM omNode-3 Received prepare request with log index 16
2021-10-03 01:18:17,025 [OM StateMachine ApplyTransaction Thread - 0] INFO  upgrade.OMPrepareRequest (OMPrepareRequest.java:waitForLogIndex(172)) - omNode-3 waiting for index 16 to flush to OM DB and index 17 to flush to Ratis state machine.
2021-10-03 01:18:17,026 [OM StateMachine ApplyTransaction Thread - 0] INFO  volume.OMVolumeCreateRequest (OMVolumeCreateRequest.java:validateAndUpdateCache(195)) - created volume:volume3 for user:runner
2021-10-03 01:18:17,027 [OM StateMachine ApplyTransaction Thread - 0] INFO  ratis.OzoneManagerStateMachine (OzoneManagerStateMachine.java:takeSnapshot(417)) - Current Snapshot Index (t:2, i:17)
2021-10-03 01:18:17,028 [OM StateMachine ApplyTransaction Thread - 0] INFO  segmented.SegmentedRaftLogWorker (SegmentedRaftLogWorker.java:lambda$new$0(133)) - omNode-3@group-523986131536-SegmentedRaftLogWorker: flushIndex: setUnconditionally 18 -> 17
2021-10-03 01:18:17,028 [OM StateMachine ApplyTransaction Thread - 0] INFO  segmented.SegmentedRaftLogWorker (SegmentedRaftLogWorker.java:lambda$new$0(133)) - omNode-3@group-523986131536-SegmentedRaftLogWorker: safeCacheEvictIndex: setUnconditionally -1 -> 17
2021-10-03 01:18:17,028 [OM StateMachine ApplyTransaction Thread - 0] INFO  raftlog.RaftLog (RaftLogBase.java:lambda$new$0(53)) - omNode-3@group-523986131536-SegmentedRaftLog: snapshotIndex: updateIncreasingly -1 -> 17
2021-10-03 01:18:17,029 [OM StateMachine ApplyTransaction Thread - 0] INFO  om.OzoneManagerPrepareState (OzoneManagerPrepareState.java:writePrepareMarkerFile(262)) - Prepare marker file written with log index 16 to file /home/runner/work/ozone/ozone/hadoop-ozone/integration-test/target/test-dir/MiniOzoneClusterImpl-94b7d1b3-e035-4e16-be06-258bf0b7295d/omNode-3/current/prepareMarker
2021-10-03 01:18:17,029 [OM StateMachine ApplyTransaction Thread - 0] INFO  upgrade.OMPrepareRequest (OMPrepareRequest.java:validateAndUpdateCache(119)) - OM omNode-3 prepared at log index 16. Returning response txnID: 16
 with log index 16
2021-10-03 01:18:17,033 [OM StateMachine ApplyTransaction Thread - 0] INFO  upgrade.OMPrepareRequest (OMPrepareRequest.java:validateAndUpdateCache(66)) - OM omNode-1 Received prepare request with log index 16
2021-10-03 01:18:17,034 [OM StateMachine ApplyTransaction Thread - 0] INFO  upgrade.OMPrepareRequest (OMPrepareRequest.java:waitForLogIndex(172)) - omNode-1 waiting for index 16 to flush to OM DB and index 17 to flush to Ratis state machine.
2021-10-03 01:18:17,036 [Time-limited test] INFO  om.TestOzoneManagerPrepare (TestOzoneManagerPrepare.java:lambda$assertClusterPrepared$6(454)) - omNode-3 has prepare status: PREPARE_COMPLETED prepare index: 16.
2021-10-03 01:18:17,036 [Time-limited test] INFO  om.TestOzoneManagerPrepare (TestOzoneManagerPrepare.java:lambda$assertClusterPrepared$6(454)) - omNode-1 has prepare status: NOT_PREPARED prepare index: -1.
2021-10-03 01:18:17,040 [OM StateMachine ApplyTransaction Thread - 0] INFO  volume.OMVolumeCreateRequest (OMVolumeCreateRequest.java:validateAndUpdateCache(195)) - created volume:volume3 for user:runner
2021-10-03 01:18:17,041 [OM StateMachine ApplyTransaction Thread - 0] INFO  upgrade.OMPrepareRequest (OMPrepareRequest.java:validateAndUpdateCache(66)) - OM omNode-2 Received prepare request with log index 16
2021-10-03 01:18:17,041 [OM StateMachine ApplyTransaction Thread - 0] INFO  upgrade.OMPrepareRequest (OMPrepareRequest.java:waitForLogIndex(172)) - omNode-2 waiting for index 16 to flush to OM DB and index 17 to flush to Ratis state machine.
2021-10-03 01:18:18,036 [Time-limited test] INFO  om.TestOzoneManagerPrepare (TestOzoneManagerPrepare.java:lambda$assertClusterPrepared$6(454)) - omNode-1 has prepare status: NOT_PREPARED prepare index: -1.
2021-10-03 01:18:19,037 [Time-limited test] INFO  om.TestOzoneManagerPrepare (TestOzoneManagerPrepare.java:lambda$assertClusterPrepared$6(454)) - omNode-1 has prepare status: NOT_PREPARED prepare index: -1.
2021-10-03 01:18:20,037 [Time-limited test] INFO  om.TestOzoneManagerPrepare (TestOzoneManagerPrepare.java:lambda$assertClusterPrepared$6(454)) - omNode-1 has prepare status: NOT_PREPARED prepare index: -1.
2021-10-03 01:18:21,038 [Time-limited test] INFO  om.TestOzoneManagerPrepare (TestOzoneManagerPrepare.java:lambda$assertClusterPrepared$6(454)) - omNode-1 has prepare status: NOT_PREPARED prepare index: -1.
2021-10-03 01:18:21,118 [a19c5b13-c841-42c6-b325-8b067fb1470f@group-25B70E0F3051-FollowerState] INFO  impl.FollowerState (FollowerState.java:run(134)) - a19c5b13-c841-42c6-b325-8b067fb1470f@group-25B70E0F3051-FollowerState: change to CANDIDATE, lastRpcElapsedTime:5162290109ns, electionTimeout:5162ms
2021-10-03 01:18:21,119 [a19c5b13-c841-42c6-b325-8b067fb1470f@group-25B70E0F3051-FollowerState] INFO  impl.RoleInfo (RoleInfo.java:shutdownFollowerState(108)) - a19c5b13-c841-42c6-b325-8b067fb1470f: shutdown a19c5b13-c841-42c6-b325-8b067fb1470f@group-25B70E0F3051-FollowerState
2021-10-03 01:18:21,119 [a19c5b13-c841-42c6-b325-8b067fb1470f@group-25B70E0F3051-FollowerState] INFO  server.RaftServer$Division (RaftServerImpl.java:setRole(285)) - a19c5b13-c841-42c6-b325-8b067fb1470f@group-25B70E0F3051: changes role from  FOLLOWER to CANDIDATE at term 1 for changeToCandidate
2021-10-03 01:18:21,119 [a19c5b13-c841-42c6-b325-8b067fb1470f@group-25B70E0F3051-FollowerState] INFO  server.RaftServerConfigKeys (ConfUtils.java:logGet(44)) - raft.server.leaderelection.pre-vote = false (custom)
2021-10-03 01:18:21,119 [a19c5b13-c841-42c6-b325-8b067fb1470f@group-25B70E0F3051-FollowerState] INFO  impl.RoleInfo (RoleInfo.java:updateAndGet(130)) - a19c5b13-c841-42c6-b325-8b067fb1470f: start a19c5b13-c841-42c6-b325-8b067fb1470f@group-25B70E0F3051-LeaderElection10
2021-10-03 01:18:21,122 [a19c5b13-c841-42c6-b325-8b067fb1470f@group-25B70E0F3051-LeaderElection10] INFO  impl.LeaderElection (LeaderElection.java:askForVotes(306)) - a19c5b13-c841-42c6-b325-8b067fb1470f@group-25B70E0F3051-LeaderElection10 ELECTION round 0: submit vote requests at term 2 for -1: [f844ae54-3f94-4df9-9fa7-4ad78c0e036b|rpc:10.1.0.5:37881|dataStream:|priority:0, d5bd9e96-1863-4ce9-9391-5504d61c6bbd|rpc:10.1.0.5:33279|dataStream:|priority:1, a19c5b13-c841-42c6-b325-8b067fb1470f|rpc:10.1.0.5:43783|dataStream:|priority:0], old=null
2021-10-03 01:18:21,131 [grpc-default-executor-4] INFO  server.RaftServer$Division (RaftServerImpl.java:requestVote(1043)) - f844ae54-3f94-4df9-9fa7-4ad78c0e036b@group-25B70E0F3051: receive requestVote(ELECTION, a19c5b13-c841-42c6-b325-8b067fb1470f, group-25B70E0F3051, 2, (t:0, i:0))
2021-10-03 01:18:21,131 [grpc-default-executor-4] INFO  impl.VoteContext (VoteContext.java:log(48)) - f844ae54-3f94-4df9-9fa7-4ad78c0e036b@group-25B70E0F3051-FOLLOWER: accept ELECTION from a19c5b13-c841-42c6-b325-8b067fb1470f: our priority 0 <= candidate's priority 0
2021-10-03 01:18:21,132 [grpc-default-executor-4] INFO  server.RaftServer$Division (RaftServerImpl.java:setRole(285)) - f844ae54-3f94-4df9-9fa7-4ad78c0e036b@group-25B70E0F3051: changes role from  FOLLOWER to FOLLOWER at term 2 for candidate:a19c5b13-c841-42c6-b325-8b067fb1470f
2021-10-03 01:18:21,132 [grpc-default-executor-4] INFO  impl.RoleInfo (RoleInfo.java:shutdownFollowerState(108)) - f844ae54-3f94-4df9-9fa7-4ad78c0e036b: shutdown f844ae54-3f94-4df9-9fa7-4ad78c0e036b@group-25B70E0F3051-FollowerState
2021-10-03 01:18:21,132 [grpc-default-executor-4] INFO  impl.RoleInfo (RoleInfo.java:updateAndGet(130)) - f844ae54-3f94-4df9-9fa7-4ad78c0e036b: start f844ae54-3f94-4df9-9fa7-4ad78c0e036b@group-25B70E0F3051-FollowerState
2021-10-03 01:18:21,132 [f844ae54-3f94-4df9-9fa7-4ad78c0e036b@group-25B70E0F3051-FollowerState] INFO  impl.FollowerState (FollowerState.java:run(143)) - f844ae54-3f94-4df9-9fa7-4ad78c0e036b@group-25B70E0F3051-FollowerState was interrupted: {}
java.lang.InterruptedException: sleep interrupted
	at java.lang.Thread.sleep(Native Method)
	at java.lang.Thread.sleep(Thread.java:340)
	at java.util.concurrent.TimeUnit.sleep(TimeUnit.java:386)
	at org.apache.ratis.util.TimeDuration.sleep(TimeDuration.java:324)
	at org.apache.ratis.util.TimeDuration.sleep(TimeDuration.java:309)
	at org.apache.ratis.server.impl.FollowerState.run(FollowerState.java:118)
2021-10-03 01:18:21,136 [grpc-default-executor-4] INFO  server.RaftServer$Division (RaftServerImpl.java:requestVote(1075)) - f844ae54-3f94-4df9-9fa7-4ad78c0e036b@group-25B70E0F3051 replies to ELECTION vote request: a19c5b13-c841-42c6-b325-8b067fb1470f<-f844ae54-3f94-4df9-9fa7-4ad78c0e036b#0:OK-t2. Peer's state: f844ae54-3f94-4df9-9fa7-4ad78c0e036b@group-25B70E0F3051:t2, leader=null, voted=a19c5b13-c841-42c6-b325-8b067fb1470f, raftlog=f844ae54-3f94-4df9-9fa7-4ad78c0e036b@group-25B70E0F3051-SegmentedRaftLog:OPENED:c-1,f-1,i0, conf=-1: [f844ae54-3f94-4df9-9fa7-4ad78c0e036b|rpc:10.1.0.5:37881|priority:0, d5bd9e96-1863-4ce9-9391-5504d61c6bbd|rpc:10.1.0.5:33279|priority:1, a19c5b13-c841-42c6-b325-8b067fb1470f|rpc:10.1.0.5:43783|priority:0], old=null
2021-10-03 01:18:21,136 [grpc-default-executor-4] INFO  server.RaftServer$Division (RaftServerImpl.java:requestVote(1043)) - d5bd9e96-1863-4ce9-9391-5504d61c6bbd@group-25B70E0F3051: receive requestVote(ELECTION, a19c5b13-c841-42c6-b325-8b067fb1470f, group-25B70E0F3051, 2, (t:0, i:0))
2021-10-03 01:18:21,136 [grpc-default-executor-4] INFO  impl.VoteContext (VoteContext.java:log(48)) - d5bd9e96-1863-4ce9-9391-5504d61c6bbd@group-25B70E0F3051-FOLLOWER: reject ELECTION from a19c5b13-c841-42c6-b325-8b067fb1470f: our priority 1 > candidate's priority 0
2021-10-03 01:18:21,136 [grpc-default-executor-4] INFO  server.RaftServer$Division (RaftServerImpl.java:setRole(285)) - d5bd9e96-1863-4ce9-9391-5504d61c6bbd@group-25B70E0F3051: changes role from  FOLLOWER to FOLLOWER at term 2 for candidate:a19c5b13-c841-42c6-b325-8b067fb1470f
2021-10-03 01:18:21,137 [grpc-default-executor-4] INFO  impl.RoleInfo (RoleInfo.java:shutdownFollowerState(108)) - d5bd9e96-1863-4ce9-9391-5504d61c6bbd: shutdown d5bd9e96-1863-4ce9-9391-5504d61c6bbd@group-25B70E0F3051-FollowerState
2021-10-03 01:18:21,137 [grpc-default-executor-4] INFO  impl.RoleInfo (RoleInfo.java:updateAndGet(130)) - d5bd9e96-1863-4ce9-9391-5504d61c6bbd: start d5bd9e96-1863-4ce9-9391-5504d61c6bbd@group-25B70E0F3051-FollowerState
2021-10-03 01:18:21,137 [d5bd9e96-1863-4ce9-9391-5504d61c6bbd@group-25B70E0F3051-FollowerState] INFO  impl.FollowerState (FollowerState.java:run(143)) - d5bd9e96-1863-4ce9-9391-5504d61c6bbd@group-25B70E0F3051-FollowerState was interrupted: {}
java.lang.InterruptedException: sleep interrupted
	at java.lang.Thread.sleep(Native Method)
	at java.lang.Thread.sleep(Thread.java:340)
	at java.util.concurrent.TimeUnit.sleep(TimeUnit.java:386)
	at org.apache.ratis.util.TimeDuration.sleep(TimeDuration.java:324)
	at org.apache.ratis.util.TimeDuration.sleep(TimeDuration.java:309)
	at org.apache.ratis.server.impl.FollowerState.run(FollowerState.java:118)
2021-10-03 01:18:21,139 [grpc-default-executor-4] INFO  server.RaftServer$Division (RaftServerImpl.java:requestVote(1075)) - d5bd9e96-1863-4ce9-9391-5504d61c6bbd@group-25B70E0F3051 replies to ELECTION vote request: a19c5b13-c841-42c6-b325-8b067fb1470f<-d5bd9e96-1863-4ce9-9391-5504d61c6bbd#0:FAIL-t2. Peer's state: d5bd9e96-1863-4ce9-9391-5504d61c6bbd@group-25B70E0F3051:t2, leader=null, voted=null, raftlog=d5bd9e96-1863-4ce9-9391-5504d61c6bbd@group-25B70E0F3051-SegmentedRaftLog:OPENED:c-1,f-1,i0, conf=-1: [f844ae54-3f94-4df9-9fa7-4ad78c0e036b|rpc:10.1.0.5:37881|dataStream:|priority:0, d5bd9e96-1863-4ce9-9391-5504d61c6bbd|rpc:10.1.0.5:33279|dataStream:|priority:1, a19c5b13-c841-42c6-b325-8b067fb1470f|rpc:10.1.0.5:43783|dataStream:|priority:0], old=null
2021-10-03 01:18:21,146 [a19c5b13-c841-42c6-b325-8b067fb1470f@group-25B70E0F3051-LeaderElection10] INFO  impl.LeaderElection (LeaderElection.java:logAndReturn(89)) - a19c5b13-c841-42c6-b325-8b067fb1470f@group-25B70E0F3051-LeaderElection10: ELECTION REJECTED received 2 response(s) and 0 exception(s):
2021-10-03 01:18:21,146 [a19c5b13-c841-42c6-b325-8b067fb1470f@group-25B70E0F3051-LeaderElection10] INFO  impl.LeaderElection (LeaderElection.java:logAndReturn(93)) -   Response 0: a19c5b13-c841-42c6-b325-8b067fb1470f<-f844ae54-3f94-4df9-9fa7-4ad78c0e036b#0:OK-t2
2021-10-03 01:18:21,146 [a19c5b13-c841-42c6-b325-8b067fb1470f@group-25B70E0F3051-LeaderElection10] INFO  impl.LeaderElection (LeaderElection.java:logAndReturn(93)) -   Response 1: a19c5b13-c841-42c6-b325-8b067fb1470f<-d5bd9e96-1863-4ce9-9391-5504d61c6bbd#0:FAIL-t2
2021-10-03 01:18:21,146 [a19c5b13-c841-42c6-b325-8b067fb1470f@group-25B70E0F3051-LeaderElection10] INFO  impl.LeaderElection (LeaderElection.java:askForVotes(308)) - a19c5b13-c841-42c6-b325-8b067fb1470f@group-25B70E0F3051-LeaderElection10 ELECTION round 0: result REJECTED
2021-10-03 01:18:21,146 [a19c5b13-c841-42c6-b325-8b067fb1470f@group-25B70E0F3051-LeaderElection10] INFO  server.RaftServer$Division (RaftServerImpl.java:setRole(285)) - a19c5b13-c841-42c6-b325-8b067fb1470f@group-25B70E0F3051: changes role from CANDIDATE to FOLLOWER at term 2 for REJECTED
2021-10-03 01:18:21,146 [a19c5b13-c841-42c6-b325-8b067fb1470f@group-25B70E0F3051-LeaderElection10] INFO  impl.RoleInfo (RoleInfo.java:shutdownLeaderElection(121)) - a19c5b13-c841-42c6-b325-8b067fb1470f: shutdown a19c5b13-c841-42c6-b325-8b067fb1470f@group-25B70E0F3051-LeaderElection10
2021-10-03 01:18:21,151 [a19c5b13-c841-42c6-b325-8b067fb1470f@group-25B70E0F3051-LeaderElection10] INFO  impl.RoleInfo (RoleInfo.java:updateAndGet(130)) - a19c5b13-c841-42c6-b325-8b067fb1470f: start a19c5b13-c841-42c6-b325-8b067fb1470f@group-25B70E0F3051-FollowerState
2021-10-03 01:18:22,034 [OM StateMachine ApplyTransaction Thread - 0] INFO  ratis.OzoneManagerStateMachine (OzoneManagerStateMachine.java:takeSnapshot(417)) - Current Snapshot Index (t:2, i:17)
2021-10-03 01:18:22,036 [OM StateMachine ApplyTransaction Thread - 0] INFO  segmented.SegmentedRaftLogWorker (SegmentedRaftLogWorker.java:lambda$new$0(133)) - omNode-1@group-523986131536-SegmentedRaftLogWorker: flushIndex: setUnconditionally 18 -> 17
2021-10-03 01:18:22,036 [OM StateMachine ApplyTransaction Thread - 0] INFO  segmented.SegmentedRaftLogWorker (SegmentedRaftLogWorker.java:lambda$new$0(133)) - omNode-1@group-523986131536-SegmentedRaftLogWorker: safeCacheEvictIndex: setUnconditionally -1 -> 17
2021-10-03 01:18:22,036 [OM StateMachine ApplyTransaction Thread - 0] INFO  raftlog.RaftLog (RaftLogBase.java:lambda$new$0(53)) - omNode-1@group-523986131536-SegmentedRaftLog: snapshotIndex: updateIncreasingly -1 -> 17
2021-10-03 01:18:22,038 [OM StateMachine ApplyTransaction Thread - 0] INFO  om.OzoneManagerPrepareState (OzoneManagerPrepareState.java:writePrepareMarkerFile(262)) - Prepare marker file written with log index 16 to file /home/runner/work/ozone/ozone/hadoop-ozone/integration-test/target/test-dir/MiniOzoneClusterImpl-94b7d1b3-e035-4e16-be06-258bf0b7295d/omNode-1/current/prepareMarker
2021-10-03 01:18:22,039 [Time-limited test] INFO  om.TestOzoneManagerPrepare (TestOzoneManagerPrepare.java:lambda$assertClusterPrepared$6(454)) - omNode-1 has prepare status: PREPARE_COMPLETED prepare index: 16.
2021-10-03 01:18:22,039 [OM StateMachine ApplyTransaction Thread - 0] INFO  upgrade.OMPrepareRequest (OMPrepareRequest.java:validateAndUpdateCache(119)) - OM omNode-1 prepared at log index 16. Returning response txnID: 16
 with log index 16
2021-10-03 01:18:22,039 [Time-limited test] INFO  om.TestOzoneManagerPrepare (TestOzoneManagerPrepare.java:lambda$assertClusterPrepared$6(454)) - omNode-2 has prepare status: NOT_PREPARED prepare index: -1.
2021-10-03 01:18:22,042 [OM StateMachine ApplyTransaction Thread - 0] INFO  ratis.OzoneManagerStateMachine (OzoneManagerStateMachine.java:takeSnapshot(417)) - Current Snapshot Index (t:2, i:17)
2021-10-03 01:18:22,042 [OM StateMachine ApplyTransaction Thread - 0] INFO  segmented.SegmentedRaftLogWorker (SegmentedRaftLogWorker.java:lambda$new$0(133)) - omNode-2@group-523986131536-SegmentedRaftLogWorker: flushIndex: setUnconditionally 18 -> 17
2021-10-03 01:18:22,042 [OM StateMachine ApplyTransaction Thread - 0] INFO  segmented.SegmentedRaftLogWorker (SegmentedRaftLogWorker.java:lambda$new$0(133)) - omNode-2@group-523986131536-SegmentedRaftLogWorker: safeCacheEvictIndex: setUnconditionally -1 -> 17
2021-10-03 01:18:22,042 [OM StateMachine ApplyTransaction Thread - 0] INFO  raftlog.RaftLog (RaftLogBase.java:lambda$new$0(53)) - omNode-2@group-523986131536-SegmentedRaftLog: snapshotIndex: updateIncreasingly -1 -> 17
2021-10-03 01:18:22,042 [OM StateMachine ApplyTransaction Thread - 0] INFO  om.OzoneManagerPrepareState (OzoneManagerPrepareState.java:writePrepareMarkerFile(262)) - Prepare marker file written with log index 16 to file /home/runner/work/ozone/ozone/hadoop-ozone/integration-test/target/test-dir/MiniOzoneClusterImpl-94b7d1b3-e035-4e16-be06-258bf0b7295d/omNode-2/current/prepareMarker
2021-10-03 01:18:22,043 [OM StateMachine ApplyTransaction Thread - 0] INFO  upgrade.OMPrepareRequest (OMPrepareRequest.java:validateAndUpdateCache(119)) - OM omNode-2 prepared at log index 16. Returning response txnID: 16
 with log index 16
2021-10-03 01:18:23,039 [Time-limited test] INFO  om.TestOzoneManagerPrepare (TestOzoneManagerPrepare.java:lambda$assertClusterPrepared$6(454)) - omNode-2 has prepare status: PREPARE_COMPLETED prepare index: 16.
2021-10-03 01:18:23,042 [Time-limited test] INFO  rpc.RpcClient (RpcClient.java:createVolume(342)) - Creating Volume: vol, with runner as owner and space quota set to -1 bytes, counts quota set to -1
2021-10-03 01:18:23,043 [IPC Server handler 14 on default port 13840] INFO  ratis.OzoneManagerRatisServer (OzoneManagerRatisServer.java:submitRequest(249)) - Rejecting write request on OM omNode-3 because it is in prepare mode: CreateVolume
2021-10-03 01:18:26,164 [a19c5b13-c841-42c6-b325-8b067fb1470f@group-25B70E0F3051-FollowerState] INFO  impl.FollowerState (FollowerState.java:run(134)) - a19c5b13-c841-42c6-b325-8b067fb1470f@group-25B70E0F3051-FollowerState: change to CANDIDATE, lastRpcElapsedTime:5016678278ns, electionTimeout:5009ms
2021-10-03 01:18:26,164 [a19c5b13-c841-42c6-b325-8b067fb1470f@group-25B70E0F3051-FollowerState] INFO  impl.RoleInfo (RoleInfo.java:shutdownFollowerState(108)) - a19c5b13-c841-42c6-b325-8b067fb1470f: shutdown a19c5b13-c841-42c6-b325-8b067fb1470f@group-25B70E0F3051-FollowerState
2021-10-03 01:18:26,164 [a19c5b13-c841-42c6-b325-8b067fb1470f@group-25B70E0F3051-FollowerState] INFO  server.RaftServer$Division (RaftServerImpl.java:setRole(285)) - a19c5b13-c841-42c6-b325-8b067fb1470f@group-25B70E0F3051: changes role from  FOLLOWER to CANDIDATE at term 2 for changeToCandidate
2021-10-03 01:18:26,164 [a19c5b13-c841-42c6-b325-8b067fb1470f@group-25B70E0F3051-FollowerState] INFO  server.RaftServerConfigKeys (ConfUtils.java:logGet(44)) - raft.server.leaderelection.pre-vote = false (custom)
2021-10-03 01:18:26,164 [a19c5b13-c841-42c6-b325-8b067fb1470f@group-25B70E0F3051-FollowerState] INFO  impl.RoleInfo (RoleInfo.java:updateAndGet(130)) - a19c5b13-c841-42c6-b325-8b067fb1470f: start a19c5b13-c841-42c6-b325-8b067fb1470f@group-25B70E0F3051-LeaderElection11
2021-10-03 01:18:26,167 [a19c5b13-c841-42c6-b325-8b067fb1470f@group-25B70E0F3051-LeaderElection11] INFO  impl.LeaderElection (LeaderElection.java:askForVotes(306)) - a19c5b13-c841-42c6-b325-8b067fb1470f@group-25B70E0F3051-LeaderElection11 ELECTION round 0: submit vote requests at term 3 for -1: [f844ae54-3f94-4df9-9fa7-4ad78c0e036b|rpc:10.1.0.5:37881|dataStream:|priority:0, d5bd9e96-1863-4ce9-9391-5504d61c6bbd|rpc:10.1.0.5:33279|dataStream:|priority:1, a19c5b13-c841-42c6-b325-8b067fb1470f|rpc:10.1.0.5:43783|dataStream:|priority:0], old=null
2021-10-03 01:18:26,170 [grpc-default-executor-5] INFO  server.RaftServer$Division (RaftServerImpl.java:requestVote(1043)) - d5bd9e96-1863-4ce9-9391-5504d61c6bbd@group-25B70E0F3051: receive requestVote(ELECTION, a19c5b13-c841-42c6-b325-8b067fb1470f, group-25B70E0F3051, 3, (t:0, i:0))
2021-10-03 01:18:26,171 [grpc-default-executor-5] INFO  impl.VoteContext (VoteContext.java:log(48)) - d5bd9e96-1863-4ce9-9391-5504d61c6bbd@group-25B70E0F3051-FOLLOWER: reject ELECTION from a19c5b13-c841-42c6-b325-8b067fb1470f: our priority 1 > candidate's priority 0
2021-10-03 01:18:26,171 [grpc-default-executor-5] INFO  server.RaftServer$Division (RaftServerImpl.java:setRole(285)) - d5bd9e96-1863-4ce9-9391-5504d61c6bbd@group-25B70E0F3051: changes role from  FOLLOWER to FOLLOWER at term 3 for candidate:a19c5b13-c841-42c6-b325-8b067fb1470f
2021-10-03 01:18:26,171 [grpc-default-executor-5] INFO  impl.RoleInfo (RoleInfo.java:shutdownFollowerState(108)) - d5bd9e96-1863-4ce9-9391-5504d61c6bbd: shutdown d5bd9e96-1863-4ce9-9391-5504d61c6bbd@group-25B70E0F3051-FollowerState
2021-10-03 01:18:26,171 [grpc-default-executor-5] INFO  impl.RoleInfo (RoleInfo.java:updateAndGet(130)) - d5bd9e96-1863-4ce9-9391-5504d61c6bbd: start d5bd9e96-1863-4ce9-9391-5504d61c6bbd@group-25B70E0F3051-FollowerState
2021-10-03 01:18:26,172 [d5bd9e96-1863-4ce9-9391-5504d61c6bbd@group-25B70E0F3051-FollowerState] INFO  impl.FollowerState (FollowerState.java:run(143)) - d5bd9e96-1863-4ce9-9391-5504d61c6bbd@group-25B70E0F3051-FollowerState was interrupted: {}
java.lang.InterruptedException: sleep interrupted
	at java.lang.Thread.sleep(Native Method)
	at java.lang.Thread.sleep(Thread.java:340)
	at java.util.concurrent.TimeUnit.sleep(TimeUnit.java:386)
	at org.apache.ratis.util.TimeDuration.sleep(TimeDuration.java:324)
	at org.apache.ratis.util.TimeDuration.sleep(TimeDuration.java:309)
	at org.apache.ratis.server.impl.FollowerState.run(FollowerState.java:118)
2021-10-03 01:18:26,172 [grpc-default-executor-4] INFO  server.RaftServer$Division (RaftServerImpl.java:requestVote(1043)) - f844ae54-3f94-4df9-9fa7-4ad78c0e036b@group-25B70E0F3051: receive requestVote(ELECTION, a19c5b13-c841-42c6-b325-8b067fb1470f, group-25B70E0F3051, 3, (t:0, i:0))
2021-10-03 01:18:26,182 [grpc-default-executor-4] INFO  impl.VoteContext (VoteContext.java:log(48)) - f844ae54-3f94-4df9-9fa7-4ad78c0e036b@group-25B70E0F3051-FOLLOWER: accept ELECTION from a19c5b13-c841-42c6-b325-8b067fb1470f: our priority 0 <= candidate's priority 0
2021-10-03 01:18:26,182 [grpc-default-executor-4] INFO  server.RaftServer$Division (RaftServerImpl.java:setRole(285)) - f844ae54-3f94-4df9-9fa7-4ad78c0e036b@group-25B70E0F3051: changes role from  FOLLOWER to FOLLOWER at term 3 for candidate:a19c5b13-c841-42c6-b325-8b067fb1470f
2021-10-03 01:18:26,182 [grpc-default-executor-4] INFO  impl.RoleInfo (RoleInfo.java:shutdownFollowerState(108)) - f844ae54-3f94-4df9-9fa7-4ad78c0e036b: shutdown f844ae54-3f94-4df9-9fa7-4ad78c0e036b@group-25B70E0F3051-FollowerState
2021-10-03 01:18:26,182 [grpc-default-executor-4] INFO  impl.RoleInfo (RoleInfo.java:updateAndGet(130)) - f844ae54-3f94-4df9-9fa7-4ad78c0e036b: start f844ae54-3f94-4df9-9fa7-4ad78c0e036b@group-25B70E0F3051-FollowerState
2021-10-03 01:18:26,182 [f844ae54-3f94-4df9-9fa7-4ad78c0e036b@group-25B70E0F3051-FollowerState] INFO  impl.FollowerState (FollowerState.java:run(143)) - f844ae54-3f94-4df9-9fa7-4ad78c0e036b@group-25B70E0F3051-FollowerState was interrupted: {}
java.lang.InterruptedException: sleep interrupted
	at java.lang.Thread.sleep(Native Method)
	at java.lang.Thread.sleep(Thread.java:340)
	at java.util.concurrent.TimeUnit.sleep(TimeUnit.java:386)
	at org.apache.ratis.util.TimeDuration.sleep(TimeDuration.java:324)
	at org.apache.ratis.util.TimeDuration.sleep(TimeDuration.java:309)
	at org.apache.ratis.server.impl.FollowerState.run(FollowerState.java:118)
2021-10-03 01:18:26,181 [grpc-default-executor-5] INFO  server.RaftServer$Division (RaftServerImpl.java:requestVote(1075)) - d5bd9e96-1863-4ce9-9391-5504d61c6bbd@group-25B70E0F3051 replies to ELECTION vote request: a19c5b13-c841-42c6-b325-8b067fb1470f<-d5bd9e96-1863-4ce9-9391-5504d61c6bbd#0:FAIL-t3. Peer's state: d5bd9e96-1863-4ce9-9391-5504d61c6bbd@group-25B70E0F3051:t3, leader=null, voted=null, raftlog=d5bd9e96-1863-4ce9-9391-5504d61c6bbd@group-25B70E0F3051-SegmentedRaftLog:OPENED:c-1,f-1,i0, conf=-1: [f844ae54-3f94-4df9-9fa7-4ad78c0e036b|rpc:10.1.0.5:37881|dataStream:|priority:0, d5bd9e96-1863-4ce9-9391-5504d61c6bbd|rpc:10.1.0.5:33279|dataStream:|priority:1, a19c5b13-c841-42c6-b325-8b067fb1470f|rpc:10.1.0.5:43783|dataStream:|priority:0], old=null
2021-10-03 01:18:26,184 [a19c5b13-c841-42c6-b325-8b067fb1470f@group-25B70E0F3051-LeaderElection11] INFO  impl.LeaderElection (LeaderElection.java:logAndReturn(89)) - a19c5b13-c841-42c6-b325-8b067fb1470f@group-25B70E0F3051-LeaderElection11: ELECTION REJECTED received 1 response(s) and 0 exception(s):
2021-10-03 01:18:26,184 [a19c5b13-c841-42c6-b325-8b067fb1470f@group-25B70E0F3051-LeaderElection11] INFO  impl.LeaderElection (LeaderElection.java:logAndReturn(93)) -   Response 0: a19c5b13-c841-42c6-b325-8b067fb1470f<-d5bd9e96-1863-4ce9-9391-5504d61c6bbd#0:FAIL-t3
2021-10-03 01:18:26,184 [a19c5b13-c841-42c6-b325-8b067fb1470f@group-25B70E0F3051-LeaderElection11] INFO  impl.LeaderElection (LeaderElection.java:askForVotes(308)) - a19c5b13-c841-42c6-b325-8b067fb1470f@group-25B70E0F3051-LeaderElection11 ELECTION round 0: result REJECTED
2021-10-03 01:18:26,184 [a19c5b13-c841-42c6-b325-8b067fb1470f@group-25B70E0F3051-LeaderElection11] INFO  server.RaftServer$Division (RaftServerImpl.java:setRole(285)) - a19c5b13-c841-42c6-b325-8b067fb1470f@group-25B70E0F3051: changes role from CANDIDATE to FOLLOWER at term 3 for REJECTED
2021-10-03 01:18:26,184 [a19c5b13-c841-42c6-b325-8b067fb1470f@group-25B70E0F3051-LeaderElection11] INFO  impl.RoleInfo (RoleInfo.java:shutdownLeaderElection(121)) - a19c5b13-c841-42c6-b325-8b067fb1470f: shutdown a19c5b13-c841-42c6-b325-8b067fb1470f@group-25B70E0F3051-LeaderElection11
2021-10-03 01:18:26,184 [a19c5b13-c841-42c6-b325-8b067fb1470f@group-25B70E0F3051-LeaderElection11] INFO  impl.RoleInfo (RoleInfo.java:updateAndGet(130)) - a19c5b13-c841-42c6-b325-8b067fb1470f: start a19c5b13-c841-42c6-b325-8b067fb1470f@group-25B70E0F3051-FollowerState
2021-10-03 01:18:26,184 [grpc-default-executor-4] INFO  server.RaftServer$Division (RaftServerImpl.java:requestVote(1075)) - f844ae54-3f94-4df9-9fa7-4ad78c0e036b@group-25B70E0F3051 replies to ELECTION vote request: a19c5b13-c841-42c6-b325-8b067fb1470f<-f844ae54-3f94-4df9-9fa7-4ad78c0e036b#0:OK-t3. Peer's state: f844ae54-3f94-4df9-9fa7-4ad78c0e036b@group-25B70E0F3051:t3, leader=null, voted=a19c5b13-c841-42c6-b325-8b067fb1470f, raftlog=f844ae54-3f94-4df9-9fa7-4ad78c0e036b@group-25B70E0F3051-SegmentedRaftLog:OPENED:c-1,f-1,i0, conf=-1: [f844ae54-3f94-4df9-9fa7-4ad78c0e036b|rpc:10.1.0.5:37881|priority:0, d5bd9e96-1863-4ce9-9391-5504d61c6bbd|rpc:10.1.0.5:33279|priority:1, a19c5b13-c841-42c6-b325-8b067fb1470f|rpc:10.1.0.5:43783|priority:0], old=null
2021-10-03 01:18:31,232 [f844ae54-3f94-4df9-9fa7-4ad78c0e036b@group-25B70E0F3051-FollowerState] INFO  impl.FollowerState (FollowerState.java:run(134)) - f844ae54-3f94-4df9-9fa7-4ad78c0e036b@group-25B70E0F3051-FollowerState: change to CANDIDATE, lastRpcElapsedTime:5048141685ns, electionTimeout:5047ms
2021-10-03 01:18:31,233 [f844ae54-3f94-4df9-9fa7-4ad78c0e036b@group-25B70E0F3051-FollowerState] INFO  impl.RoleInfo (RoleInfo.java:shutdownFollowerState(108)) - f844ae54-3f94-4df9-9fa7-4ad78c0e036b: shutdown f844ae54-3f94-4df9-9fa7-4ad78c0e036b@group-25B70E0F3051-FollowerState
2021-10-03 01:18:31,233 [f844ae54-3f94-4df9-9fa7-4ad78c0e036b@group-25B70E0F3051-FollowerState] INFO  server.RaftServer$Division (RaftServerImpl.java:setRole(285)) - f844ae54-3f94-4df9-9fa7-4ad78c0e036b@group-25B70E0F3051: changes role from  FOLLOWER to CANDIDATE at term 3 for changeToCandidate
2021-10-03 01:18:31,233 [f844ae54-3f94-4df9-9fa7-4ad78c0e036b@group-25B70E0F3051-FollowerState] INFO  server.RaftServerConfigKeys (ConfUtils.java:logGet(44)) - raft.server.leaderelection.pre-vote = false (custom)
2021-10-03 01:18:31,233 [f844ae54-3f94-4df9-9fa7-4ad78c0e036b@group-25B70E0F3051-FollowerState] INFO  impl.RoleInfo (RoleInfo.java:updateAndGet(130)) - f844ae54-3f94-4df9-9fa7-4ad78c0e036b: start f844ae54-3f94-4df9-9fa7-4ad78c0e036b@group-25B70E0F3051-LeaderElection12
2021-10-03 01:18:31,237 [f844ae54-3f94-4df9-9fa7-4ad78c0e036b@group-25B70E0F3051-LeaderElection12] INFO  impl.LeaderElection (LeaderElection.java:askForVotes(306)) - f844ae54-3f94-4df9-9fa7-4ad78c0e036b@group-25B70E0F3051-LeaderElection12 ELECTION round 0: submit vote requests at term 4 for -1: [f844ae54-3f94-4df9-9fa7-4ad78c0e036b|rpc:10.1.0.5:37881|priority:0, d5bd9e96-1863-4ce9-9391-5504d61c6bbd|rpc:10.1.0.5:33279|priority:1, a19c5b13-c841-42c6-b325-8b067fb1470f|rpc:10.1.0.5:43783|priority:0], old=null
2021-10-03 01:18:31,246 [grpc-default-executor-5] INFO  server.RaftServer$Division (RaftServerImpl.java:requestVote(1043)) - a19c5b13-c841-42c6-b325-8b067fb1470f@group-25B70E0F3051: receive requestVote(ELECTION, f844ae54-3f94-4df9-9fa7-4ad78c0e036b, group-25B70E0F3051, 4, (t:0, i:0))
2021-10-03 01:18:31,246 [grpc-default-executor-5] INFO  impl.VoteContext (VoteContext.java:log(48)) - a19c5b13-c841-42c6-b325-8b067fb1470f@group-25B70E0F3051-FOLLOWER: accept ELECTION from f844ae54-3f94-4df9-9fa7-4ad78c0e036b: our priority 0 <= candidate's priority 0
2021-10-03 01:18:31,246 [grpc-default-executor-5] INFO  server.RaftServer$Division (RaftServerImpl.java:setRole(285)) - a19c5b13-c841-42c6-b325-8b067fb1470f@group-25B70E0F3051: changes role from  FOLLOWER to FOLLOWER at term 4 for candidate:f844ae54-3f94-4df9-9fa7-4ad78c0e036b
2021-10-03 01:18:31,247 [grpc-default-executor-5] INFO  impl.RoleInfo (RoleInfo.java:shutdownFollowerState(108)) - a19c5b13-c841-42c6-b325-8b067fb1470f: shutdown a19c5b13-c841-42c6-b325-8b067fb1470f@group-25B70E0F3051-FollowerState
2021-10-03 01:18:31,247 [grpc-default-executor-5] INFO  impl.RoleInfo (RoleInfo.java:updateAndGet(130)) - a19c5b13-c841-42c6-b325-8b067fb1470f: start a19c5b13-c841-42c6-b325-8b067fb1470f@group-25B70E0F3051-FollowerState
2021-10-03 01:18:31,247 [a19c5b13-c841-42c6-b325-8b067fb1470f@group-25B70E0F3051-FollowerState] INFO  impl.FollowerState (FollowerState.java:run(143)) - a19c5b13-c841-42c6-b325-8b067fb1470f@group-25B70E0F3051-FollowerState was interrupted: {}
java.lang.InterruptedException: sleep interrupted
	at java.lang.Thread.sleep(Native Method)
	at java.lang.Thread.sleep(Thread.java:340)
	at java.util.concurrent.TimeUnit.sleep(TimeUnit.java:386)
	at org.apache.ratis.util.TimeDuration.sleep(TimeDuration.java:324)
	at org.apache.ratis.util.TimeDuration.sleep(TimeDuration.java:309)
	at org.apache.ratis.server.impl.FollowerState.run(FollowerState.java:118)
2021-10-03 01:18:31,250 [grpc-default-executor-5] INFO  server.RaftServer$Division (RaftServerImpl.java:requestVote(1075)) - a19c5b13-c841-42c6-b325-8b067fb1470f@group-25B70E0F3051 replies to ELECTION vote request: f844ae54-3f94-4df9-9fa7-4ad78c0e036b<-a19c5b13-c841-42c6-b325-8b067fb1470f#0:OK-t4. Peer's state: a19c5b13-c841-42c6-b325-8b067fb1470f@group-25B70E0F3051:t4, leader=null, voted=f844ae54-3f94-4df9-9fa7-4ad78c0e036b, raftlog=a19c5b13-c841-42c6-b325-8b067fb1470f@group-25B70E0F3051-SegmentedRaftLog:OPENED:c-1,f-1,i0, conf=-1: [f844ae54-3f94-4df9-9fa7-4ad78c0e036b|rpc:10.1.0.5:37881|dataStream:|priority:0, d5bd9e96-1863-4ce9-9391-5504d61c6bbd|rpc:10.1.0.5:33279|dataStream:|priority:1, a19c5b13-c841-42c6-b325-8b067fb1470f|rpc:10.1.0.5:43783|dataStream:|priority:0], old=null
2021-10-03 01:18:31,255 [grpc-default-executor-4] INFO  server.RaftServer$Division (RaftServerImpl.java:requestVote(1043)) - d5bd9e96-1863-4ce9-9391-5504d61c6bbd@group-25B70E0F3051: receive requestVote(ELECTION, f844ae54-3f94-4df9-9fa7-4ad78c0e036b, group-25B70E0F3051, 4, (t:0, i:0))
2021-10-03 01:18:31,255 [grpc-default-executor-4] INFO  impl.VoteContext (VoteContext.java:log(48)) - d5bd9e96-1863-4ce9-9391-5504d61c6bbd@group-25B70E0F3051-FOLLOWER: reject ELECTION from f844ae54-3f94-4df9-9fa7-4ad78c0e036b: our priority 1 > candidate's priority 0
2021-10-03 01:18:31,255 [grpc-default-executor-4] INFO  server.RaftServer$Division (RaftServerImpl.java:setRole(285)) - d5bd9e96-1863-4ce9-9391-5504d61c6bbd@group-25B70E0F3051: changes role from  FOLLOWER to FOLLOWER at term 4 for candidate:f844ae54-3f94-4df9-9fa7-4ad78c0e036b
2021-10-03 01:18:31,255 [grpc-default-executor-4] INFO  impl.RoleInfo (RoleInfo.java:shutdownFollowerState(108)) - d5bd9e96-1863-4ce9-9391-5504d61c6bbd: shutdown d5bd9e96-1863-4ce9-9391-5504d61c6bbd@group-25B70E0F3051-FollowerState
2021-10-03 01:18:31,255 [grpc-default-executor-4] INFO  impl.RoleInfo (RoleInfo.java:updateAndGet(130)) - d5bd9e96-1863-4ce9-9391-5504d61c6bbd: start d5bd9e96-1863-4ce9-9391-5504d61c6bbd@group-25B70E0F3051-FollowerState
2021-10-03 01:18:31,255 [d5bd9e96-1863-4ce9-9391-5504d61c6bbd@group-25B70E0F3051-FollowerState] INFO  impl.FollowerState (FollowerState.java:run(143)) - d5bd9e96-1863-4ce9-9391-5504d61c6bbd@group-25B70E0F3051-FollowerState was interrupted: {}
java.lang.InterruptedException: sleep interrupted
	at java.lang.Thread.sleep(Native Method)
	at java.lang.Thread.sleep(Thread.java:340)
	at java.util.concurrent.TimeUnit.sleep(TimeUnit.java:386)
	at org.apache.ratis.util.TimeDuration.sleep(TimeDuration.java:324)
	at org.apache.ratis.util.TimeDuration.sleep(TimeDuration.java:309)
	at org.apache.ratis.server.impl.FollowerState.run(FollowerState.java:118)
2021-10-03 01:18:31,260 [grpc-default-executor-4] INFO  server.RaftServer$Division (RaftServerImpl.java:requestVote(1075)) - d5bd9e96-1863-4ce9-9391-5504d61c6bbd@group-25B70E0F3051 replies to ELECTION vote request: f844ae54-3f94-4df9-9fa7-4ad78c0e036b<-d5bd9e96-1863-4ce9-9391-5504d61c6bbd#0:FAIL-t4. Peer's state: d5bd9e96-1863-4ce9-9391-5504d61c6bbd@group-25B70E0F3051:t4, leader=null, voted=null, raftlog=d5bd9e96-1863-4ce9-9391-5504d61c6bbd@group-25B70E0F3051-SegmentedRaftLog:OPENED:c-1,f-1,i0, conf=-1: [f844ae54-3f94-4df9-9fa7-4ad78c0e036b|rpc:10.1.0.5:37881|dataStream:|priority:0, d5bd9e96-1863-4ce9-9391-5504d61c6bbd|rpc:10.1.0.5:33279|dataStream:|priority:1, a19c5b13-c841-42c6-b325-8b067fb1470f|rpc:10.1.0.5:43783|dataStream:|priority:0], old=null
2021-10-03 01:18:31,262 [f844ae54-3f94-4df9-9fa7-4ad78c0e036b@group-25B70E0F3051-LeaderElection12] INFO  impl.LeaderElection (LeaderElection.java:logAndReturn(89)) - f844ae54-3f94-4df9-9fa7-4ad78c0e036b@group-25B70E0F3051-LeaderElection12: ELECTION REJECTED received 2 response(s) and 0 exception(s):
2021-10-03 01:18:31,262 [f844ae54-3f94-4df9-9fa7-4ad78c0e036b@group-25B70E0F3051-LeaderElection12] INFO  impl.LeaderElection (LeaderElection.java:logAndReturn(93)) -   Response 0: f844ae54-3f94-4df9-9fa7-4ad78c0e036b<-d5bd9e96-1863-4ce9-9391-5504d61c6bbd#0:FAIL-t4
2021-10-03 01:18:31,262 [f844ae54-3f94-4df9-9fa7-4ad78c0e036b@group-25B70E0F3051-LeaderElection12] INFO  impl.LeaderElection (LeaderElection.java:logAndReturn(93)) -   Response 1: f844ae54-3f94-4df9-9fa7-4ad78c0e036b<-a19c5b13-c841-42c6-b325-8b067fb1470f#0:OK-t4
2021-10-03 01:18:31,262 [f844ae54-3f94-4df9-9fa7-4ad78c0e036b@group-25B70E0F3051-LeaderElection12] INFO  impl.LeaderElection (LeaderElection.java:askForVotes(308)) - f844ae54-3f94-4df9-9fa7-4ad78c0e036b@group-25B70E0F3051-LeaderElection12 ELECTION round 0: result REJECTED
2021-10-03 01:18:31,262 [f844ae54-3f94-4df9-9fa7-4ad78c0e036b@group-25B70E0F3051-LeaderElection12] INFO  server.RaftServer$Division (RaftServerImpl.java:setRole(285)) - f844ae54-3f94-4df9-9fa7-4ad78c0e036b@group-25B70E0F3051: changes role from CANDIDATE to FOLLOWER at term 4 for REJECTED
2021-10-03 01:18:31,262 [f844ae54-3f94-4df9-9fa7-4ad78c0e036b@group-25B70E0F3051-LeaderElection12] INFO  impl.RoleInfo (RoleInfo.java:shutdownLeaderElection(121)) - f844ae54-3f94-4df9-9fa7-4ad78c0e036b: shutdown f844ae54-3f94-4df9-9fa7-4ad78c0e036b@group-25B70E0F3051-LeaderElection12
2021-10-03 01:18:31,262 [f844ae54-3f94-4df9-9fa7-4ad78c0e036b@group-25B70E0F3051-LeaderElection12] INFO  impl.RoleInfo (RoleInfo.java:updateAndGet(130)) - f844ae54-3f94-4df9-9fa7-4ad78c0e036b: start f844ae54-3f94-4df9-9fa7-4ad78c0e036b@group-25B70E0F3051-FollowerState
2021-10-03 01:18:36,306 [d5bd9e96-1863-4ce9-9391-5504d61c6bbd@group-25B70E0F3051-FollowerState] INFO  impl.FollowerState (FollowerState.java:run(134)) - d5bd9e96-1863-4ce9-9391-5504d61c6bbd@group-25B70E0F3051-FollowerState: change to CANDIDATE, lastRpcElapsedTime:5051347352ns, electionTimeout:5046ms
2021-10-03 01:18:36,308 [d5bd9e96-1863-4ce9-9391-5504d61c6bbd@group-25B70E0F3051-FollowerState] INFO  impl.RoleInfo (RoleInfo.java:shutdownFollowerState(108)) - d5bd9e96-1863-4ce9-9391-5504d61c6bbd: shutdown d5bd9e96-1863-4ce9-9391-5504d61c6bbd@group-25B70E0F3051-FollowerState
2021-10-03 01:18:36,308 [d5bd9e96-1863-4ce9-9391-5504d61c6bbd@group-25B70E0F3051-FollowerState] INFO  server.RaftServer$Division (RaftServerImpl.java:setRole(285)) - d5bd9e96-1863-4ce9-9391-5504d61c6bbd@group-25B70E0F3051: changes role from  FOLLOWER to CANDIDATE at term 4 for changeToCandidate
2021-10-03 01:18:36,308 [d5bd9e96-1863-4ce9-9391-5504d61c6bbd@group-25B70E0F3051-FollowerState] INFO  server.RaftServerConfigKeys (ConfUtils.java:logGet(44)) - raft.server.leaderelection.pre-vote = false (custom)
2021-10-03 01:18:36,308 [d5bd9e96-1863-4ce9-9391-5504d61c6bbd@group-25B70E0F3051-FollowerState] INFO  impl.RoleInfo (RoleInfo.java:updateAndGet(130)) - d5bd9e96-1863-4ce9-9391-5504d61c6bbd: start d5bd9e96-1863-4ce9-9391-5504d61c6bbd@group-25B70E0F3051-LeaderElection13
2021-10-03 01:18:36,312 [d5bd9e96-1863-4ce9-9391-5504d61c6bbd@group-25B70E0F3051-LeaderElection13] INFO  impl.LeaderElection (LeaderElection.java:askForVotes(306)) - d5bd9e96-1863-4ce9-9391-5504d61c6bbd@group-25B70E0F3051-LeaderElection13 ELECTION round 0: submit vote requests at term 5 for -1: [f844ae54-3f94-4df9-9fa7-4ad78c0e036b|rpc:10.1.0.5:37881|dataStream:|priority:0, d5bd9e96-1863-4ce9-9391-5504d61c6bbd|rpc:10.1.0.5:33279|dataStream:|priority:1, a19c5b13-c841-42c6-b325-8b067fb1470f|rpc:10.1.0.5:43783|dataStream:|priority:0], old=null
2021-10-03 01:18:36,368 [grpc-default-executor-2] INFO  server.RaftServer$Division (RaftServerImpl.java:requestVote(1043)) - a19c5b13-c841-42c6-b325-8b067fb1470f@group-25B70E0F3051: receive requestVote(ELECTION, d5bd9e96-1863-4ce9-9391-5504d61c6bbd, group-25B70E0F3051, 5, (t:0, i:0))
2021-10-03 01:18:36,368 [grpc-default-executor-2] INFO  impl.VoteContext (VoteContext.java:log(48)) - a19c5b13-c841-42c6-b325-8b067fb1470f@group-25B70E0F3051-FOLLOWER: accept ELECTION from d5bd9e96-1863-4ce9-9391-5504d61c6bbd: our priority 0 <= candidate's priority 1
2021-10-03 01:18:36,368 [grpc-default-executor-2] INFO  server.RaftServer$Division (RaftServerImpl.java:setRole(285)) - a19c5b13-c841-42c6-b325-8b067fb1470f@group-25B70E0F3051: changes role from  FOLLOWER to FOLLOWER at term 5 for candidate:d5bd9e96-1863-4ce9-9391-5504d61c6bbd
2021-10-03 01:18:36,368 [grpc-default-executor-2] INFO  impl.RoleInfo (RoleInfo.java:shutdownFollowerState(108)) - a19c5b13-c841-42c6-b325-8b067fb1470f: shutdown a19c5b13-c841-42c6-b325-8b067fb1470f@group-25B70E0F3051-FollowerState
2021-10-03 01:18:36,368 [grpc-default-executor-2] INFO  impl.RoleInfo (RoleInfo.java:updateAndGet(130)) - a19c5b13-c841-42c6-b325-8b067fb1470f: start a19c5b13-c841-42c6-b325-8b067fb1470f@group-25B70E0F3051-FollowerState
2021-10-03 01:18:36,368 [a19c5b13-c841-42c6-b325-8b067fb1470f@group-25B70E0F3051-FollowerState] INFO  impl.FollowerState (FollowerState.java:run(143)) - a19c5b13-c841-42c6-b325-8b067fb1470f@group-25B70E0F3051-FollowerState was interrupted: {}
java.lang.InterruptedException: sleep interrupted
	at java.lang.Thread.sleep(Native Method)
	at java.lang.Thread.sleep(Thread.java:340)
	at java.util.concurrent.TimeUnit.sleep(TimeUnit.java:386)
	at org.apache.ratis.util.TimeDuration.sleep(TimeDuration.java:324)
	at org.apache.ratis.util.TimeDuration.sleep(TimeDuration.java:309)
	at org.apache.ratis.server.impl.FollowerState.run(FollowerState.java:118)
2021-10-03 01:18:36,371 [grpc-default-executor-2] INFO  server.RaftServer$Division (RaftServerImpl.java:requestVote(1075)) - a19c5b13-c841-42c6-b325-8b067fb1470f@group-25B70E0F3051 replies to ELECTION vote request: d5bd9e96-1863-4ce9-9391-5504d61c6bbd<-a19c5b13-c841-42c6-b325-8b067fb1470f#0:OK-t5. Peer's state: a19c5b13-c841-42c6-b325-8b067fb1470f@group-25B70E0F3051:t5, leader=null, voted=d5bd9e96-1863-4ce9-9391-5504d61c6bbd, raftlog=a19c5b13-c841-42c6-b325-8b067fb1470f@group-25B70E0F3051-SegmentedRaftLog:OPENED:c-1,f-1,i0, conf=-1: [f844ae54-3f94-4df9-9fa7-4ad78c0e036b|rpc:10.1.0.5:37881|dataStream:|priority:0, d5bd9e96-1863-4ce9-9391-5504d61c6bbd|rpc:10.1.0.5:33279|dataStream:|priority:1, a19c5b13-c841-42c6-b325-8b067fb1470f|rpc:10.1.0.5:43783|dataStream:|priority:0], old=null
2021-10-03 01:18:36,371 [grpc-default-executor-4] INFO  server.RaftServer$Division (RaftServerImpl.java:requestVote(1043)) - f844ae54-3f94-4df9-9fa7-4ad78c0e036b@group-25B70E0F3051: receive requestVote(ELECTION, d5bd9e96-1863-4ce9-9391-5504d61c6bbd, group-25B70E0F3051, 5, (t:0, i:0))
2021-10-03 01:18:36,371 [grpc-default-executor-4] INFO  impl.VoteContext (VoteContext.java:log(48)) - f844ae54-3f94-4df9-9fa7-4ad78c0e036b@group-25B70E0F3051-FOLLOWER: accept ELECTION from d5bd9e96-1863-4ce9-9391-5504d61c6bbd: our priority 0 <= candidate's priority 1
2021-10-03 01:18:36,371 [grpc-default-executor-4] INFO  server.RaftServer$Division (RaftServerImpl.java:setRole(285)) - f844ae54-3f94-4df9-9fa7-4ad78c0e036b@group-25B70E0F3051: changes role from  FOLLOWER to FOLLOWER at term 5 for candidate:d5bd9e96-1863-4ce9-9391-5504d61c6bbd
2021-10-03 01:18:36,371 [grpc-default-executor-4] INFO  impl.RoleInfo (RoleInfo.java:shutdownFollowerState(108)) - f844ae54-3f94-4df9-9fa7-4ad78c0e036b: shutdown f844ae54-3f94-4df9-9fa7-4ad78c0e036b@group-25B70E0F3051-FollowerState
2021-10-03 01:18:36,372 [grpc-default-executor-4] INFO  impl.RoleInfo (RoleInfo.java:updateAndGet(130)) - f844ae54-3f94-4df9-9fa7-4ad78c0e036b: start f844ae54-3f94-4df9-9fa7-4ad78c0e036b@group-25B70E0F3051-FollowerState
2021-10-03 01:18:36,372 [f844ae54-3f94-4df9-9fa7-4ad78c0e036b@group-25B70E0F3051-FollowerState] INFO  impl.FollowerState (FollowerState.java:run(143)) - f844ae54-3f94-4df9-9fa7-4ad78c0e036b@group-25B70E0F3051-FollowerState was interrupted: {}
java.lang.InterruptedException: sleep interrupted
	at java.lang.Thread.sleep(Native Method)
	at java.lang.Thread.sleep(Thread.java:340)
	at java.util.concurrent.TimeUnit.sleep(TimeUnit.java:386)
	at org.apache.ratis.util.TimeDuration.sleep(TimeDuration.java:324)
	at org.apache.ratis.util.TimeDuration.sleep(TimeDuration.java:309)
	at org.apache.ratis.server.impl.FollowerState.run(FollowerState.java:118)
2021-10-03 01:18:36,373 [grpc-default-executor-4] INFO  server.RaftServer$Division (RaftServerImpl.java:requestVote(1075)) - f844ae54-3f94-4df9-9fa7-4ad78c0e036b@group-25B70E0F3051 replies to ELECTION vote request: d5bd9e96-1863-4ce9-9391-5504d61c6bbd<-f844ae54-3f94-4df9-9fa7-4ad78c0e036b#0:OK-t5. Peer's state: f844ae54-3f94-4df9-9fa7-4ad78c0e036b@group-25B70E0F3051:t5, leader=null, voted=d5bd9e96-1863-4ce9-9391-5504d61c6bbd, raftlog=f844ae54-3f94-4df9-9fa7-4ad78c0e036b@group-25B70E0F3051-SegmentedRaftLog:OPENED:c-1,f-1,i0, conf=-1: [f844ae54-3f94-4df9-9fa7-4ad78c0e036b|rpc:10.1.0.5:37881|priority:0, d5bd9e96-1863-4ce9-9391-5504d61c6bbd|rpc:10.1.0.5:33279|priority:1, a19c5b13-c841-42c6-b325-8b067fb1470f|rpc:10.1.0.5:43783|priority:0], old=null
2021-10-03 01:18:36,379 [d5bd9e96-1863-4ce9-9391-5504d61c6bbd@group-25B70E0F3051-LeaderElection13] INFO  impl.LeaderElection (LeaderElection.java:logAndReturn(89)) - d5bd9e96-1863-4ce9-9391-5504d61c6bbd@group-25B70E0F3051-LeaderElection13: ELECTION PASSED received 1 response(s) and 0 exception(s):
2021-10-03 01:18:36,379 [d5bd9e96-1863-4ce9-9391-5504d61c6bbd@group-25B70E0F3051-LeaderElection13] INFO  impl.LeaderElection (LeaderElection.java:logAndReturn(93)) -   Response 0: d5bd9e96-1863-4ce9-9391-5504d61c6bbd<-f844ae54-3f94-4df9-9fa7-4ad78c0e036b#0:OK-t5
2021-10-03 01:18:36,380 [d5bd9e96-1863-4ce9-9391-5504d61c6bbd@group-25B70E0F3051-LeaderElection13] INFO  impl.LeaderElection (LeaderElection.java:askForVotes(308)) - d5bd9e96-1863-4ce9-9391-5504d61c6bbd@group-25B70E0F3051-LeaderElection13 ELECTION round 0: result PASSED
2021-10-03 01:18:36,380 [d5bd9e96-1863-4ce9-9391-5504d61c6bbd@group-25B70E0F3051-LeaderElection13] INFO  impl.RoleInfo (RoleInfo.java:shutdownLeaderElection(121)) - d5bd9e96-1863-4ce9-9391-5504d61c6bbd: shutdown d5bd9e96-1863-4ce9-9391-5504d61c6bbd@group-25B70E0F3051-LeaderElection13
2021-10-03 01:18:36,380 [d5bd9e96-1863-4ce9-9391-5504d61c6bbd@group-25B70E0F3051-LeaderElection13] INFO  server.RaftServer$Division (RaftServerImpl.java:setRole(285)) - d5bd9e96-1863-4ce9-9391-5504d61c6bbd@group-25B70E0F3051: changes role from CANDIDATE to LEADER at term 5 for changeToLeader
2021-10-03 01:18:36,380 [d5bd9e96-1863-4ce9-9391-5504d61c6bbd@group-25B70E0F3051-LeaderElection13] INFO  ratis.XceiverServerRatis (XceiverServerRatis.java:handleLeaderChangedNotification(861)) - Leader change notification received for group: group-25B70E0F3051 with new leaderId: d5bd9e96-1863-4ce9-9391-5504d61c6bbd
2021-10-03 01:18:36,380 [d5bd9e96-1863-4ce9-9391-5504d61c6bbd@group-25B70E0F3051-LeaderElection13] INFO  server.RaftServer$Division (ServerState.java:setLeader(285)) - d5bd9e96-1863-4ce9-9391-5504d61c6bbd@group-25B70E0F3051: change Leader from null to d5bd9e96-1863-4ce9-9391-5504d61c6bbd at term 5 for becomeLeader, leader elected after 25480ms
2021-10-03 01:18:36,380 [d5bd9e96-1863-4ce9-9391-5504d61c6bbd@group-25B70E0F3051-LeaderElection13] INFO  server.RaftServerConfigKeys (ConfUtils.java:logGet(44)) - raft.server.staging.catchup.gap = 1000 (default)
2021-10-03 01:18:36,380 [d5bd9e96-1863-4ce9-9391-5504d61c6bbd@group-25B70E0F3051-LeaderElection13] INFO  server.RaftServerConfigKeys (ConfUtils.java:logGet(44)) - raft.server.write.element-limit = 1024 (custom)
2021-10-03 01:18:36,380 [d5bd9e96-1863-4ce9-9391-5504d61c6bbd@group-25B70E0F3051-LeaderElection13] INFO  server.RaftServerConfigKeys (ConfUtils.java:logGet(44)) - raft.server.write.byte-limit = 1024 M (=1073741824) (custom)
2021-10-03 01:18:36,381 [d5bd9e96-1863-4ce9-9391-5504d61c6bbd@group-25B70E0F3051-LeaderElection13] INFO  server.RaftServerConfigKeys (ConfUtils.java:logGet(44)) - raft.server.watch.timeout = 180s (custom)
2021-10-03 01:18:36,381 [d5bd9e96-1863-4ce9-9391-5504d61c6bbd@group-25B70E0F3051-LeaderElection13] INFO  server.RaftServerConfigKeys (ConfUtils.java:logGet(44)) - raft.server.watch.timeout.denomination = 1s (default)
2021-10-03 01:18:36,381 [d5bd9e96-1863-4ce9-9391-5504d61c6bbd@group-25B70E0F3051-LeaderElection13] INFO  server.RaftServerConfigKeys (ConfUtils.java:logGet(44)) - raft.server.watch.element-limit = 65536 (default)
2021-10-03 01:18:36,381 [d5bd9e96-1863-4ce9-9391-5504d61c6bbd@group-25B70E0F3051-LeaderElection13] INFO  server.RaftServerConfigKeys (ConfUtils.java:logGet(44)) - raft.server.log.appender.snapshot.chunk.size.max = 16MB (=16777216) (default)
2021-10-03 01:18:36,381 [d5bd9e96-1863-4ce9-9391-5504d61c6bbd@group-25B70E0F3051-LeaderElection13] INFO  server.RaftServerConfigKeys (ConfUtils.java:logGet(44)) - raft.server.log.appender.buffer.byte-limit = 33554432 (custom)
2021-10-03 01:18:36,381 [d5bd9e96-1863-4ce9-9391-5504d61c6bbd@group-25B70E0F3051-LeaderElection13] INFO  server.RaftServerConfigKeys (ConfUtils.java:logGet(44)) - raft.server.log.appender.buffer.element-limit = 1 (custom)
2021-10-03 01:18:36,381 [d5bd9e96-1863-4ce9-9391-5504d61c6bbd@group-25B70E0F3051-LeaderElection13] INFO  grpc.GrpcConfigKeys (ConfUtils.java:logGet(44)) - raft.grpc.server.leader.outstanding.appends.max = 128 (default)
2021-10-03 01:18:36,381 [d5bd9e96-1863-4ce9-9391-5504d61c6bbd@group-25B70E0F3051-LeaderElection13] INFO  server.RaftServerConfigKeys (ConfUtils.java:logGet(44)) - raft.server.rpc.request.timeout = 60s (custom)
2021-10-03 01:18:36,381 [d5bd9e96-1863-4ce9-9391-5504d61c6bbd@group-25B70E0F3051-LeaderElection13] INFO  server.RaftServerConfigKeys (ConfUtils.java:logGet(44)) - raft.server.log.appender.install.snapshot.enabled = false (custom)
2021-10-03 01:18:36,382 [Datanode State Machine Thread - 0] WARN  statemachine.StateContext (StateContext.java:execute(621)) - No available thread in pool for past 1 seconds.
2021-10-03 01:18:36,384 [EventQueue-PipelineReportForPipelineReportHandler] INFO  pipeline.PipelineManagerImpl (PipelineManagerImpl.java:openPipeline(282)) - Pipeline Pipeline[ Id: b6ae24f9-889c-492b-be79-25b70e0f3051, Nodes: d5bd9e96-1863-4ce9-9391-5504d61c6bbd{ip: 10.1.0.5, host: fv-az270-324.tacnzluakwdehk1hpragurqkma.bx.internal.cloudapp.net, ports: [REPLICATION=41271, RATIS=33279, RATIS_ADMIN=33279, RATIS_SERVER=33279, STANDALONE=42685], networkLocation: /default-rack, certSerialId: null, persistedOpState: IN_SERVICE, persistedOpStateExpiryEpochSec: 0}a19c5b13-c841-42c6-b325-8b067fb1470f{ip: 10.1.0.5, host: fv-az270-324.tacnzluakwdehk1hpragurqkma.bx.internal.cloudapp.net, ports: [REPLICATION=34031, RATIS=43783, RATIS_ADMIN=43783, RATIS_SERVER=43783, STANDALONE=39907], networkLocation: /default-rack, certSerialId: null, persistedOpState: IN_SERVICE, persistedOpStateExpiryEpochSec: 0}f844ae54-3f94-4df9-9fa7-4ad78c0e036b{ip: 10.1.0.5, host: fv-az270-324.tacnzluakwdehk1hpragurqkma.bx.internal.cloudapp.net, ports: [REPLICATION=40625, RATIS=37881, RATIS_ADMIN=37881, RATIS_SERVER=37881, STANDALONE=46213], networkLocation: /default-rack, certSerialId: null, persistedOpState: IN_SERVICE, persistedOpStateExpiryEpochSec: 0}, ReplicationConfig: RATIS/THREE, State:ALLOCATED, leaderId:d5bd9e96-1863-4ce9-9391-5504d61c6bbd, CreationTimestamp2021-10-03T01:18:08.176Z[Etc/UTC]] moved to OPEN state
2021-10-03 01:18:36,382 [d5bd9e96-1863-4ce9-9391-5504d61c6bbd@group-25B70E0F3051-LeaderElection13] INFO  server.RaftServerConfigKeys (ConfUtils.java:logGet(44)) - raft.server.log.appender.snapshot.chunk.size.max = 16MB (=16777216) (default)
2021-10-03 01:18:36,386 [d5bd9e96-1863-4ce9-9391-5504d61c6bbd@group-25B70E0F3051-LeaderElection13] INFO  server.RaftServerConfigKeys (ConfUtils.java:logGet(44)) - raft.server.log.appender.buffer.byte-limit = 33554432 (custom)
2021-10-03 01:18:36,386 [d5bd9e96-1863-4ce9-9391-5504d61c6bbd@group-25B70E0F3051-LeaderElection13] INFO  server.RaftServerConfigKeys (ConfUtils.java:logGet(44)) - raft.server.log.appender.buffer.element-limit = 1 (custom)
2021-10-03 01:18:36,386 [d5bd9e96-1863-4ce9-9391-5504d61c6bbd@group-25B70E0F3051-LeaderElection13] INFO  grpc.GrpcConfigKeys (ConfUtils.java:logGet(44)) - raft.grpc.server.leader.outstanding.appends.max = 128 (default)
2021-10-03 01:18:36,386 [d5bd9e96-1863-4ce9-9391-5504d61c6bbd@group-25B70E0F3051-LeaderElection13] INFO  server.RaftServerConfigKeys (ConfUtils.java:logGet(44)) - raft.server.rpc.request.timeout = 60s (custom)
2021-10-03 01:18:36,386 [d5bd9e96-1863-4ce9-9391-5504d61c6bbd@group-25B70E0F3051-LeaderElection13] INFO  server.RaftServerConfigKeys (ConfUtils.java:logGet(44)) - raft.server.log.appender.install.snapshot.enabled = false (custom)
2021-10-03 01:18:36,387 [d5bd9e96-1863-4ce9-9391-5504d61c6bbd@group-25B70E0F3051-LeaderElection13] INFO  impl.RoleInfo (RoleInfo.java:updateAndGet(130)) - d5bd9e96-1863-4ce9-9391-5504d61c6bbd: start d5bd9e96-1863-4ce9-9391-5504d61c6bbd@group-25B70E0F3051-LeaderStateImpl
2021-10-03 01:18:36,387 [d5bd9e96-1863-4ce9-9391-5504d61c6bbd@group-25B70E0F3051-LeaderElection13] INFO  segmented.SegmentedRaftLogWorker (SegmentedRaftLogWorker.java:startLogSegment(394)) - d5bd9e96-1863-4ce9-9391-5504d61c6bbd@group-25B70E0F3051-SegmentedRaftLogWorker: Starting segment from index:0
2021-10-03 01:18:36,389 [d5bd9e96-1863-4ce9-9391-5504d61c6bbd@group-25B70E0F3051-SegmentedRaftLogWorker] INFO  segmented.SegmentedRaftLogWorker (SegmentedRaftLogWorker.java:execute(601)) - d5bd9e96-1863-4ce9-9391-5504d61c6bbd@group-25B70E0F3051-SegmentedRaftLogWorker: created new log segment /home/runner/work/ozone/ozone/hadoop-ozone/integration-test/target/test-dir/MiniOzoneClusterImpl-94b7d1b3-e035-4e16-be06-258bf0b7295d/datanode-2/data/ratis/b6ae24f9-889c-492b-be79-25b70e0f3051/current/log_inprogress_0
2021-10-03 01:18:36,396 [d5bd9e96-1863-4ce9-9391-5504d61c6bbd@group-25B70E0F3051-LeaderElection13] INFO  server.RaftServer$Division (ServerState.java:setRaftConf(387)) - d5bd9e96-1863-4ce9-9391-5504d61c6bbd@group-25B70E0F3051: set configuration 0: [f844ae54-3f94-4df9-9fa7-4ad78c0e036b|rpc:10.1.0.5:37881|dataStream:|priority:0, d5bd9e96-1863-4ce9-9391-5504d61c6bbd|rpc:10.1.0.5:33279|dataStream:|priority:1, a19c5b13-c841-42c6-b325-8b067fb1470f|rpc:10.1.0.5:43783|dataStream:|priority:0], old=null
2021-10-03 01:18:36,399 [grpc-default-executor-4] INFO  ratis.XceiverServerRatis (XceiverServerRatis.java:handleLeaderChangedNotification(861)) - Leader change notification received for group: group-25B70E0F3051 with new leaderId: d5bd9e96-1863-4ce9-9391-5504d61c6bbd
2021-10-03 01:18:36,400 [grpc-default-executor-4] INFO  server.RaftServer$Division (ServerState.java:setLeader(285)) - f844ae54-3f94-4df9-9fa7-4ad78c0e036b@group-25B70E0F3051: change Leader from null to d5bd9e96-1863-4ce9-9391-5504d61c6bbd at term 5 for appendEntries, leader elected after 25612ms
2021-10-03 01:18:36,402 [grpc-default-executor-2] INFO  ratis.XceiverServerRatis (XceiverServerRatis.java:handleLeaderChangedNotification(861)) - Leader change notification received for group: group-25B70E0F3051 with new leaderId: d5bd9e96-1863-4ce9-9391-5504d61c6bbd
2021-10-03 01:18:36,402 [grpc-default-executor-2] INFO  server.RaftServer$Division (ServerState.java:setLeader(285)) - a19c5b13-c841-42c6-b325-8b067fb1470f@group-25B70E0F3051: change Leader from null to d5bd9e96-1863-4ce9-9391-5504d61c6bbd at term 5 for appendEntries, leader elected after 25409ms
2021-10-03 01:18:36,406 [grpc-default-executor-4] INFO  server.RaftServer$Division (ServerState.java:setRaftConf(387)) - f844ae54-3f94-4df9-9fa7-4ad78c0e036b@group-25B70E0F3051: set configuration 0: [f844ae54-3f94-4df9-9fa7-4ad78c0e036b|rpc:10.1.0.5:37881|dataStream:|priority:0, d5bd9e96-1863-4ce9-9391-5504d61c6bbd|rpc:10.1.0.5:33279|dataStream:|priority:1, a19c5b13-c841-42c6-b325-8b067fb1470f|rpc:10.1.0.5:43783|dataStream:|priority:0], old=null
2021-10-03 01:18:36,407 [grpc-default-executor-4] INFO  segmented.SegmentedRaftLogWorker (SegmentedRaftLogWorker.java:startLogSegment(394)) - f844ae54-3f94-4df9-9fa7-4ad78c0e036b@group-25B70E0F3051-SegmentedRaftLogWorker: Starting segment from index:0
2021-10-03 01:18:36,415 [grpc-default-executor-2] INFO  server.RaftServer$Division (ServerState.java:setRaftConf(387)) - a19c5b13-c841-42c6-b325-8b067fb1470f@group-25B70E0F3051: set configuration 0: [f844ae54-3f94-4df9-9fa7-4ad78c0e036b|rpc:10.1.0.5:37881|dataStream:|priority:0, d5bd9e96-1863-4ce9-9391-5504d61c6bbd|rpc:10.1.0.5:33279|dataStream:|priority:1, a19c5b13-c841-42c6-b325-8b067fb1470f|rpc:10.1.0.5:43783|dataStream:|priority:0], old=null
2021-10-03 01:18:36,415 [grpc-default-executor-2] INFO  segmented.SegmentedRaftLogWorker (SegmentedRaftLogWorker.java:startLogSegment(394)) - a19c5b13-c841-42c6-b325-8b067fb1470f@group-25B70E0F3051-SegmentedRaftLogWorker: Starting segment from index:0
2021-10-03 01:18:36,415 [f844ae54-3f94-4df9-9fa7-4ad78c0e036b@group-25B70E0F3051-SegmentedRaftLogWorker] INFO  segmented.SegmentedRaftLogWorker (SegmentedRaftLogWorker.java:execute(601)) - f844ae54-3f94-4df9-9fa7-4ad78c0e036b@group-25B70E0F3051-SegmentedRaftLogWorker: created new log segment /home/runner/work/ozone/ozone/hadoop-ozone/integration-test/target/test-dir/MiniOzoneClusterImpl-94b7d1b3-e035-4e16-be06-258bf0b7295d/datanode-0/data/ratis/b6ae24f9-889c-492b-be79-25b70e0f3051/current/log_inprogress_0
2021-10-03 01:18:36,418 [a19c5b13-c841-42c6-b325-8b067fb1470f@group-25B70E0F3051-SegmentedRaftLogWorker] INFO  segmented.SegmentedRaftLogWorker (SegmentedRaftLogWorker.java:execute(601)) - a19c5b13-c841-42c6-b325-8b067fb1470f@group-25B70E0F3051-SegmentedRaftLogWorker: created new log segment /home/runner/work/ozone/ozone/hadoop-ozone/integration-test/target/test-dir/MiniOzoneClusterImpl-94b7d1b3-e035-4e16-be06-258bf0b7295d/datanode-1/data/ratis/b6ae24f9-889c-492b-be79-25b70e0f3051/current/log_inprogress_0
2021-10-03 01:20:23,103 [Time-limited test] INFO  om.OzoneManager (OzoneManager.java:stop(1644)) - Stopping Ozone Manager
2021-10-03 01:20:23,105 [Time-limited test] INFO  ipc.Server (Server.java:stop(3414)) - Stopping server on 13840
2021-10-03 01:20:23,111 [IPC Server listener on 13840] INFO  ipc.Server (Server.java:run(1376)) - Stopping IPC Server listener on 13840
2021-10-03 01:20:23,112 [IPC Server Responder] INFO  ipc.Server (Server.java:run(1512)) - Stopping IPC Server Responder
2021-10-03 01:20:23,114 [Time-limited test] INFO  server.RaftServer (RaftServerProxy.java:lambda$close$6(391)) - omNode-3: close
2021-10-03 01:20:23,114 [Time-limited test] INFO  server.RaftServer$Division (RaftServerImpl.java:lambda$close$4(407)) - omNode-3@group-523986131536: shutdown
2021-10-03 01:20:23,115 [Time-limited test] INFO  util.JmxRegister (JmxRegister.java:unregister(73)) - Successfully un-registered JMX Bean with object name Ratis:service=RaftServer,group=group-523986131536,id=omNode-3
2021-10-03 01:20:23,115 [Time-limited test] INFO  impl.RoleInfo (RoleInfo.java:shutdownLeaderState(91)) - omNode-3: shutdown omNode-3@group-523986131536-LeaderStateImpl
2021-10-03 01:20:23,116 [omNode-3@group-523986131536->omNode-1-GrpcLogAppender-LogAppenderDaemon] WARN  server.GrpcLogAppender (GrpcLogAppender.java:mayWait(175)) - omNode-3@group-523986131536->omNode-1-GrpcLogAppender: Wait interrupted by java.lang.InterruptedException
2021-10-03 01:20:23,116 [Time-limited test] INFO  impl.PendingRequests (PendingRequests.java:sendNotLeaderResponses(282)) - omNode-3@group-523986131536-PendingRequests: sendNotLeaderResponses
2021-10-03 01:20:23,117 [omNode-3@group-523986131536->omNode-2-GrpcLogAppender-LogAppenderDaemon] WARN  server.GrpcLogAppender (GrpcLogAppender.java:mayWait(175)) - omNode-3@group-523986131536->omNode-2-GrpcLogAppender: Wait interrupted by java.lang.InterruptedException
2021-10-03 01:20:23,119 [omNode-3@group-523986131536-StateMachineUpdater] INFO  ratis.OzoneManagerStateMachine (OzoneManagerStateMachine.java:takeSnapshot(417)) - Current Snapshot Index (t:2, i:17)
2021-10-03 01:20:23,119 [grpc-default-executor-5] INFO  server.GrpcServerProtocolService (GrpcServerProtocolService.java:onCompleted(140)) - omNode-1: Completed APPEND_ENTRIES, lastRequest: omNode-3->omNode-1#127-t2,previous=(t:2, i:17),leaderCommit=16,initializing? true,entries: size=1, first=(t:2, i:18), METADATAENTRY(c:16)
2021-10-03 01:20:23,118 [Time-limited test] INFO  impl.StateMachineUpdater (StateMachineUpdater.java:stopAndJoin(149)) - omNode-3@group-523986131536-StateMachineUpdater: set stopIndex = 17
2021-10-03 01:20:23,120 [grpc-default-executor-4] INFO  server.GrpcServerProtocolService (GrpcServerProtocolService.java:onCompleted(140)) - omNode-2: Completed APPEND_ENTRIES, lastRequest: omNode-3->omNode-2#125-t2,previous=(t:2, i:17),leaderCommit=16,initializing? true,entries: size=1, first=(t:2, i:18), METADATAENTRY(c:16)
2021-10-03 01:20:23,120 [omNode-3@group-523986131536-StateMachineUpdater] INFO  impl.StateMachineUpdater (StateMachineUpdater.java:takeSnapshot(281)) - omNode-3@group-523986131536-StateMachineUpdater: Took a snapshot at index 17
2021-10-03 01:20:23,121 [omNode-3@group-523986131536-StateMachineUpdater] INFO  impl.StateMachineUpdater (StateMachineUpdater.java:lambda$new$0(89)) - omNode-3@group-523986131536-StateMachineUpdater: snapshotIndex: updateIncreasingly -1 -> 17
2021-10-03 01:20:23,121 [omNode-3@group-523986131536-StateMachineUpdater] INFO  ratis.OzoneManagerStateMachine (OzoneManagerStateMachine.java:close(471)) - StateMachine has shutdown. Shutdown OzoneManager if not already shutdown.
2021-10-03 01:20:23,122 [Time-limited test] INFO  server.RaftServer$Division (ServerState.java:close(419)) - omNode-3@group-523986131536: closes. applyIndex: 17
2021-10-03 01:20:23,122 [grpc-default-executor-4] INFO  server.GrpcLogAppender (GrpcLogAppender.java:onCompleted(344)) - omNode-3@group-523986131536->omNode-1-AppendLogResponseHandler: follower responses appendEntries COMPLETED
2021-10-03 01:20:23,125 [grpc-default-executor-4] INFO  leader.FollowerInfo (FollowerInfoImpl.java:lambda$new$0(46)) - omNode-3@group-523986131536->omNode-1: nextIndex: updateUnconditionally 19 -> 18
2021-10-03 01:20:23,125 [omNode-3@group-523986131536-SegmentedRaftLogWorker] INFO  segmented.SegmentedRaftLogWorker (SegmentedRaftLogWorker.java:run(327)) - omNode-3@group-523986131536-SegmentedRaftLogWorker was interrupted, exiting. There are 0 tasks remaining in the queue.
2021-10-03 01:20:23,126 [grpc-default-executor-7] INFO  server.GrpcLogAppender (GrpcLogAppender.java:onCompleted(344)) - omNode-3@group-523986131536->omNode-2-AppendLogResponseHandler: follower responses appendEntries COMPLETED
2021-10-03 01:20:23,126 [Time-limited test] INFO  segmented.SegmentedRaftLogWorker (SegmentedRaftLogWorker.java:close(237)) - omNode-3@group-523986131536-SegmentedRaftLogWorker close()
2021-10-03 01:20:23,126 [grpc-default-executor-7] INFO  leader.FollowerInfo (FollowerInfoImpl.java:lambda$new$0(46)) - omNode-3@group-523986131536->omNode-2: nextIndex: updateUnconditionally 19 -> 18
2021-10-03 01:20:23,128 [Time-limited test] INFO  server.GrpcService (GrpcService.java:closeImpl(262)) - omNode-3: shutdown server with port 13844 now
2021-10-03 01:20:23,145 [Time-limited test] INFO  server.GrpcService (GrpcService.java:closeImpl(271)) - omNode-3: shutdown server with port 13844 successfully
2021-10-03 01:20:23,146 [org.apache.ratis.util.JvmPauseMonitor$$Lambda$523/2137356424@37533190] INFO  util.JvmPauseMonitor (JvmPauseMonitor.java:run(109)) - JvmPauseMonitor-omNode-3: Stopped
2021-10-03 01:20:23,147 [Time-limited test] INFO  ratis.OzoneManagerDoubleBuffer (OzoneManagerDoubleBuffer.java:stop(437)) - Stopping OMDoubleBuffer flush thread
2021-10-03 01:20:23,147 [OMDoubleBufferFlushThread] INFO  ratis.OzoneManagerDoubleBuffer (OzoneManagerDoubleBuffer.java:flushTransactions(356)) - OMDoubleBuffer flush thread OMDoubleBufferFlushThread is interrupted and will exit. OMDoubleBufferFlushThread
2021-10-03 01:20:23,149 [Time-limited test] INFO  utils.BackgroundService (BackgroundService.java:shutdown(132)) - Shutting down service KeyDeletingService
2021-10-03 01:20:23,150 [Time-limited test] INFO  utils.BackgroundService (BackgroundService.java:shutdown(132)) - Shutting down service DirectoryDeletingService
2021-10-03 01:20:23,154 [Time-limited test] INFO  handler.ContextHandler (ContextHandler.java:doStop(1153)) - Stopped o.e.j.w.WebAppContext@4a716a73{ozoneManager,/,null,STOPPED}{file:/home/runner/work/ozone/ozone/hadoop-ozone/integration-test/target/test-classes/webapps/ozoneManager}
2021-10-03 01:20:23,164 [Time-limited test] INFO  server.AbstractConnector (AbstractConnector.java:doStop(381)) - Stopped ServerConnector@3dbdc1f6{HTTP/1.1, (http/1.1)}{0.0.0.0:13842}
2021-10-03 01:20:23,164 [Time-limited test] INFO  server.session (HouseKeeper.java:stopScavenging(149)) - node0 Stopped scavenging
2021-10-03 01:20:23,165 [Time-limited test] INFO  handler.ContextHandler (ContextHandler.java:doStop(1153)) - Stopped o.e.j.s.ServletContextHandler@5944fbf0{static,/static,file:///home/runner/work/ozone/ozone/hadoop-ozone/integration-test/target/test-classes/webapps/static,STOPPED}
2021-10-03 01:20:23,166 [Time-limited test] INFO  handler.ContextHandler (ContextHandler.java:doStop(1153)) - Stopped o.e.j.s.ServletContextHandler@78d0baeb{logs,/logs,file:///home/runner/work/ozone/ozone/hadoop-ozone/integration-test/target/log,STOPPED}
2021-10-03 01:20:23,171 [Time-limited test] INFO  om.OzoneManager (OzoneManager.java:initFSOLayout(4333)) - Configured ozone.om.metadata.layout=SIMPLE and disabled optimized OM FS operations
2021-10-03 01:20:23,171 [Time-limited test] INFO  om.OzoneManager (OzoneManager.java:restart(1365)) - OzoneManager RPC server is listening at localhost/127.0.0.1:13840
2021-10-03 01:20:23,171 [Time-limited test] INFO  impl.MetricsSystemImpl (MetricsSystemImpl.java:init(158)) - OzoneManager metrics system started (again)
2021-10-03 01:20:23,191 [Time-limited test] WARN  server.ServerUtils (ServerUtils.java:getDBPath(225)) - ozone.om.db.dirs is not configured. We recommend adding this setting. Falling back to ozone.metadata.dirs instead.
2021-10-03 01:20:23,192 [Time-limited test] INFO  codec.OmKeyInfoCodec (OmKeyInfoCodec.java:<init>(51)) - OmKeyInfoCodec ignorePipeline = true
2021-10-03 01:20:23,192 [Time-limited test] INFO  codec.RepeatedOmKeyInfoCodec (RepeatedOmKeyInfoCodec.java:<init>(42)) - RepeatedOmKeyInfoCodec ignorePipeline = true
2021-10-03 01:20:23,257 [Time-limited test] WARN  om.OzoneManager (OzoneManager.java:instantiatePrepareStateOnStartup(4212)) - Prepare marker file index 17 does not match DB prepare index 16. Writing DB index to prepare file and maintaining prepared state.
2021-10-03 01:20:23,257 [Time-limited test] INFO  om.OzoneManagerPrepareState (OzoneManagerPrepareState.java:writePrepareMarkerFile(262)) - Prepare marker file written with log index 16 to file /home/runner/work/ozone/ozone/hadoop-ozone/integration-test/target/test-dir/MiniOzoneClusterImpl-94b7d1b3-e035-4e16-be06-258bf0b7295d/omNode-3/current/prepareMarker
2021-10-03 01:20:23,268 [Time-limited test] WARN  impl.MetricRegistriesImpl (MetricRegistriesImpl.java:addReporterRegistration(111)) - New reporters are added after registries were created. Some metrics will be missing from the reporter. Please add reporter before adding any new registry.
2021-10-03 01:20:23,268 [Time-limited test] WARN  impl.MetricRegistriesImpl (MetricRegistriesImpl.java:addReporterRegistration(111)) - New reporters are added after registries were created. Some metrics will be missing from the reporter. Please add reporter before adding any new registry.
2021-10-03 01:20:23,268 [Time-limited test] WARN  server.ServerUtils (ServerUtils.java:getDefaultRatisDirectory(237)) - Storage directory for Ratis is not configured. It is a good idea to map this to an SSD disk. Falling back to ozone.metadata.dirs
2021-10-03 01:20:23,270 [Time-limited test] INFO  ratis.OzoneManagerRatisServer (OzoneManagerRatisServer.java:<init>(158)) - Instantiating OM Ratis server with groupID: om-service-test1 and peers: localhost:13844, localhost:13832, localhost:13838
2021-10-03 01:20:23,271 [Time-limited test] INFO  ratis.OzoneManagerStateMachine (OzoneManagerStateMachine.java:loadSnapshotInfoFromDB(605)) - LastAppliedIndex is set from TransactionInfo from OM DB as (t:2, i:17)
2021-10-03 01:20:23,271 [Time-limited test] INFO  server.RaftServer (ConfUtils.java:logGet(44)) - raft.rpc.type = GRPC (default)
2021-10-03 01:20:23,271 [Time-limited test] INFO  grpc.GrpcFactory (GrpcFactory.java:checkPooledByteBufAllocatorUseCacheForAllThreads(48)) - PERFORMANCE WARNING: useCacheForAllThreads is true that may cause Netty to create a lot garbage objects and, as a result, trigger GC.
	It is recommended to disable useCacheForAllThreads by setting -Dorg.apache.ratis.thirdparty.io.netty.allocator.useCacheForAllThreads=false in command line.
2021-10-03 01:20:23,271 [Time-limited test] INFO  grpc.GrpcConfigKeys (ConfUtils.java:logGet(44)) - raft.grpc.admin.port = -1 (default)
2021-10-03 01:20:23,271 [Time-limited test] INFO  grpc.GrpcConfigKeys (ConfUtils.java:logGet(44)) - raft.grpc.server.port = 13844 (custom)
2021-10-03 01:20:23,271 [Time-limited test] INFO  grpc.GrpcConfigKeys (ConfUtils.java:logGet(44)) - raft.grpc.client.port = -1 (default)
2021-10-03 01:20:23,272 [Time-limited test] INFO  grpc.GrpcConfigKeys (ConfUtils.java:logGet(44)) - raft.grpc.server.port = 13844 (custom)
2021-10-03 01:20:23,272 [Time-limited test] INFO  grpc.GrpcConfigKeys (ConfUtils.java:logGet(44)) - raft.grpc.server.port = 13844 (custom)
2021-10-03 01:20:23,272 [Time-limited test] INFO  server.GrpcService (ConfUtils.java:logGet(44)) - raft.grpc.message.size.max = 33554432 (custom)
2021-10-03 01:20:23,272 [Time-limited test] INFO  server.RaftServerConfigKeys (ConfUtils.java:logGet(44)) - raft.server.log.appender.buffer.byte-limit = 33554432 (custom)
2021-10-03 01:20:23,272 [Time-limited test] INFO  server.GrpcService (ConfUtils.java:logGet(44)) - raft.grpc.flow.control.window = 1MB (=1048576) (default)
2021-10-03 01:20:23,272 [Time-limited test] INFO  server.RaftServerConfigKeys (ConfUtils.java:logGet(44)) - raft.server.rpc.request.timeout = 3000ms (default)
2021-10-03 01:20:23,273 [Time-limited test] INFO  impl.DataStreamServerImpl (ConfUtils.java:logGet(44)) - raft.datastream.type = DISABLED (default)
2021-10-03 01:20:23,273 [Time-limited test] INFO  server.RaftServerConfigKeys (ConfUtils.java:logGet(44)) - raft.server.rpc.slowness.timeout = 2s (custom)
2021-10-03 01:20:23,273 [Time-limited test] INFO  server.RaftServerConfigKeys (ConfUtils.java:logGet(44)) - raft.server.leaderelection.leader.step-down.wait-time = 10s (default)
2021-10-03 01:20:23,274 [Time-limited test] INFO  server.RaftServerConfigKeys (ConfUtils.java:logGet(44)) - raft.server.storage.dir = [/home/runner/work/ozone/ozone/hadoop-ozone/integration-test/target/test-dir/MiniOzoneClusterImpl-94b7d1b3-e035-4e16-be06-258bf0b7295d/omNode-3/ratis] (custom)
2021-10-03 01:20:23,274 [Time-limited test] INFO  server.RaftServer (RaftServerProxy.java:lambda$null$1(235)) - omNode-3: found a subdirectory /home/runner/work/ozone/ozone/hadoop-ozone/integration-test/target/test-dir/MiniOzoneClusterImpl-94b7d1b3-e035-4e16-be06-258bf0b7295d/omNode-3/ratis/c9bc4cf4-3bc3-3c60-a66b-523986131536
2021-10-03 01:20:23,275 [Time-limited test] INFO  server.RaftServer (RaftServerProxy.java:addNew(95)) - omNode-3: addNew group-523986131536:[omNode-3|rpc:localhost:13844|priority:0, omNode-1|rpc:localhost:13832|priority:0, omNode-2|rpc:localhost:13838|priority:0] returns group-523986131536:java.util.concurrent.CompletableFuture@32a4c35e[Not completed]
2021-10-03 01:20:23,275 [Time-limited test] INFO  om.OzoneManager (OzoneManager.java:initializeRatisServer(1585)) - OzoneManager Ratis server initialized at port 13844
2021-10-03 01:20:23,275 [pool-171-thread-1] INFO  server.RaftServer$Division (RaftServerImpl.java:<init>(181)) - omNode-3: new RaftServerImpl for group-523986131536:[omNode-3|rpc:localhost:13844|priority:0, omNode-1|rpc:localhost:13832|priority:0, omNode-2|rpc:localhost:13838|priority:0] with OzoneManagerStateMachine:uninitialized
2021-10-03 01:20:23,275 [Time-limited test] INFO  ratis.OzoneManagerRatisServer (OzoneManagerRatisServer.java:start(516)) - Starting OzoneManagerRatisServer omNode-3 at port 13844
2021-10-03 01:20:23,276 [pool-171-thread-1] INFO  server.RaftServerConfigKeys (ConfUtils.java:logGet(44)) - raft.server.rpc.timeout.min = 1s (custom)
2021-10-03 01:20:23,276 [pool-171-thread-1] INFO  server.RaftServerConfigKeys (ConfUtils.java:logGet(44)) - raft.server.rpc.timeout.max = 1200ms (custom)
2021-10-03 01:20:23,276 [pool-171-thread-1] INFO  server.RaftServerConfigKeys (ConfUtils.java:logGet(44)) - raft.server.rpc.sleep.time = 25ms (default)
2021-10-03 01:20:23,276 [pool-171-thread-1] INFO  server.RaftServerConfigKeys (ConfUtils.java:logGet(44)) - raft.server.rpc.slowness.timeout = 2s (custom)
2021-10-03 01:20:23,276 [pool-171-thread-1] INFO  server.RaftServerConfigKeys (ConfUtils.java:logGet(44)) - raft.server.leaderelection.leader.step-down.wait-time = 10s (default)
2021-10-03 01:20:23,276 [pool-171-thread-1] INFO  server.RaftServerConfigKeys (ConfUtils.java:logGet(44)) - raft.server.sleep.deviation.threshold = 300ms (default)
2021-10-03 01:20:23,276 [pool-171-thread-1] INFO  server.RaftServerConfigKeys (ConfUtils.java:logGet(44)) - raft.server.log.appender.install.snapshot.enabled = false (custom)
2021-10-03 01:20:23,276 [pool-171-thread-1] INFO  server.RaftServer$Division (ServerState.java:<init>(105)) - omNode-3@group-523986131536: ConfigurationManager, init=-1: [omNode-3|rpc:localhost:13844|priority:0, omNode-1|rpc:localhost:13832|priority:0, omNode-2|rpc:localhost:13838|priority:0], old=null, confs=<EMPTY_MAP>
2021-10-03 01:20:23,276 [pool-171-thread-1] INFO  server.RaftServerConfigKeys (ConfUtils.java:logGet(44)) - raft.server.storage.dir = [/home/runner/work/ozone/ozone/hadoop-ozone/integration-test/target/test-dir/MiniOzoneClusterImpl-94b7d1b3-e035-4e16-be06-258bf0b7295d/omNode-3/ratis] (custom)
2021-10-03 01:20:23,277 [pool-171-thread-1] INFO  server.RaftServerConfigKeys (ConfUtils.java:logGet(44)) - raft.server.log.corruption.policy = EXCEPTION (default)
2021-10-03 01:20:23,277 [pool-171-thread-1] INFO  server.RaftServerConfigKeys (ConfUtils.java:logGet(44)) - raft.server.storage.free-space.min = 0MB (=0) (default)
2021-10-03 01:20:23,278 [pool-171-thread-1] INFO  storage.RaftStorageDirectory (RaftStorageDirectoryImpl.java:tryLock(230)) - Lock on /home/runner/work/ozone/ozone/hadoop-ozone/integration-test/target/test-dir/MiniOzoneClusterImpl-94b7d1b3-e035-4e16-be06-258bf0b7295d/omNode-3/ratis/c9bc4cf4-3bc3-3c60-a66b-523986131536/in_use.lock acquired by nodename 8541@fv-az270-324
2021-10-03 01:20:23,279 [pool-171-thread-1] INFO  storage.RaftStorage (RaftStorageImpl.java:analyzeAndRecoverStorage(110)) - Read RaftStorageMetadata{term=2, votedFor=omNode-3} from /home/runner/work/ozone/ozone/hadoop-ozone/integration-test/target/test-dir/MiniOzoneClusterImpl-94b7d1b3-e035-4e16-be06-258bf0b7295d/omNode-3/ratis/c9bc4cf4-3bc3-3c60-a66b-523986131536/current/raft-meta
2021-10-03 01:20:23,283 [pool-171-thread-1] INFO  server.RaftServer$Division (ServerState.java:setRaftConf(387)) - omNode-3@group-523986131536: set configuration 0: [omNode-3|rpc:localhost:13844|admin:|client:|dataStream:|priority:0, omNode-1|rpc:localhost:13832|admin:|client:|dataStream:|priority:0, omNode-2|rpc:localhost:13838|admin:|client:|dataStream:|priority:0], old=null
2021-10-03 01:20:23,283 [pool-171-thread-1] INFO  server.RaftServerConfigKeys (ConfUtils.java:logGet(44)) - raft.server.notification.no-leader.timeout = 2s (custom)
2021-10-03 01:20:23,283 [pool-171-thread-1] INFO  server.RaftServerConfigKeys (ConfUtils.java:logGet(44)) - raft.server.log.use.memory = false (default)
2021-10-03 01:20:23,283 [pool-171-thread-1] INFO  server.RaftServerConfigKeys (ConfUtils.java:logGet(44)) - raft.server.log.purge.gap = 50 (custom)
2021-10-03 01:20:23,283 [pool-171-thread-1] INFO  server.RaftServerConfigKeys (ConfUtils.java:logGet(44)) - raft.server.log.appender.buffer.byte-limit = 33554432 (custom)
2021-10-03 01:20:23,283 [pool-171-thread-1] INFO  server.RaftServerConfigKeys (ConfUtils.java:logGet(44)) - raft.server.log.segment.size.max = 4194304 (custom)
2021-10-03 01:20:23,283 [pool-171-thread-1] INFO  server.RaftServerConfigKeys (ConfUtils.java:logGet(44)) - raft.server.log.segment.cache.num.max = 2 (custom)
2021-10-03 01:20:23,283 [pool-171-thread-1] INFO  server.RaftServerConfigKeys (ConfUtils.java:logGet(44)) - raft.server.log.segment.cache.size.max = 200MB (=209715200) (default)
2021-10-03 01:20:23,284 [pool-171-thread-1] INFO  segmented.SegmentedRaftLogWorker (SegmentedRaftLogWorker.java:<init>(182)) - new omNode-3@group-523986131536-SegmentedRaftLogWorker for RaftStorageImpl:Storage Directory /home/runner/work/ozone/ozone/hadoop-ozone/integration-test/target/test-dir/MiniOzoneClusterImpl-94b7d1b3-e035-4e16-be06-258bf0b7295d/omNode-3/ratis/c9bc4cf4-3bc3-3c60-a66b-523986131536
2021-10-03 01:20:23,284 [pool-171-thread-1] INFO  server.RaftServerConfigKeys (ConfUtils.java:logGet(44)) - raft.server.log.queue.byte-limit = 64MB (=67108864) (default)
2021-10-03 01:20:23,284 [pool-171-thread-1] INFO  server.RaftServerConfigKeys (ConfUtils.java:logGet(44)) - raft.server.log.queue.element-limit = 4096 (default)
2021-10-03 01:20:23,284 [pool-171-thread-1] INFO  server.RaftServerConfigKeys (ConfUtils.java:logGet(44)) - raft.server.log.segment.size.max = 4194304 (custom)
2021-10-03 01:20:23,284 [pool-171-thread-1] INFO  server.RaftServerConfigKeys (ConfUtils.java:logGet(44)) - raft.server.log.preallocated.size = 4194304 (custom)
2021-10-03 01:20:23,284 [pool-171-thread-1] INFO  server.RaftServerConfigKeys (ConfUtils.java:logGet(44)) - raft.server.log.force.sync.num = 128 (default)
2021-10-03 01:20:23,284 [pool-171-thread-1] INFO  server.RaftServerConfigKeys (ConfUtils.java:logGet(44)) - raft.server.log.statemachine.data.sync = true (default)
2021-10-03 01:20:23,284 [pool-171-thread-1] INFO  server.RaftServerConfigKeys (ConfUtils.java:logGet(44)) - raft.server.log.statemachine.data.sync.timeout = 10s (default)
2021-10-03 01:20:23,284 [pool-171-thread-1] INFO  server.RaftServerConfigKeys (ConfUtils.java:logGet(44)) - raft.server.log.statemachine.data.sync.timeout.retry = -1 (default)
2021-10-03 01:20:23,284 [pool-171-thread-1] INFO  server.RaftServerConfigKeys (ConfUtils.java:logGet(44)) - raft.server.log.write.buffer.size = 64KB (=65536) (default)
2021-10-03 01:20:23,285 [pool-171-thread-1] INFO  server.RaftServerConfigKeys (ConfUtils.java:logGet(44)) - raft.server.log.statemachine.data.caching.enabled = false (default)
2021-10-03 01:20:23,290 [pool-171-thread-1] INFO  server.RaftServer$Division (ServerState.java:setRaftConf(387)) - omNode-3@group-523986131536: set configuration 0: [omNode-3|rpc:localhost:13844|admin:|client:|dataStream:|priority:0, omNode-1|rpc:localhost:13832|admin:|client:|dataStream:|priority:0, omNode-2|rpc:localhost:13838|admin:|client:|dataStream:|priority:0], old=null
2021-10-03 01:20:23,291 [pool-171-thread-1] INFO  segmented.LogSegment (LogSegment.java:loadSegment(173)) - Successfully read 19 entries from segment file /home/runner/work/ozone/ozone/hadoop-ozone/integration-test/target/test-dir/MiniOzoneClusterImpl-94b7d1b3-e035-4e16-be06-258bf0b7295d/omNode-3/ratis/c9bc4cf4-3bc3-3c60-a66b-523986131536/current/log_inprogress_0
2021-10-03 01:20:23,292 [pool-171-thread-1] INFO  segmented.SegmentedRaftLogWorker (SegmentedRaftLogWorker.java:lambda$new$0(133)) - omNode-3@group-523986131536-SegmentedRaftLogWorker: flushIndex: setUnconditionally 0 -> 18
2021-10-03 01:20:23,292 [pool-171-thread-1] INFO  segmented.SegmentedRaftLogWorker (SegmentedRaftLogWorker.java:lambda$new$0(133)) - omNode-3@group-523986131536-SegmentedRaftLogWorker: safeCacheEvictIndex: setUnconditionally 0 -> -1
2021-10-03 01:20:23,292 [pool-171-thread-1] INFO  raftlog.RaftLog (RaftLogBase.java:lambda$new$0(53)) - omNode-3@group-523986131536-SegmentedRaftLog: commitIndex: updateToMax old=17, new=16, updated? false
2021-10-03 01:20:23,292 [pool-171-thread-1] INFO  server.RaftServerConfigKeys (ConfUtils.java:logGet(44)) - raft.server.snapshot.auto.trigger.enabled = true (custom)
2021-10-03 01:20:23,292 [pool-171-thread-1] INFO  server.RaftServerConfigKeys (ConfUtils.java:logGet(44)) - raft.server.snapshot.auto.trigger.threshold = 50 (custom)
2021-10-03 01:20:23,292 [pool-171-thread-1] INFO  server.RaftServerConfigKeys (ConfUtils.java:logGet(44)) - raft.server.snapshot.retention.file.num = -1 (default)
2021-10-03 01:20:23,292 [pool-171-thread-1] INFO  server.RaftServerConfigKeys (ConfUtils.java:logGet(44)) - raft.server.log.purge.upto.snapshot.index = true (custom)
2021-10-03 01:20:23,292 [pool-171-thread-1] INFO  server.RaftServerConfigKeys (ConfUtils.java:logGet(44)) - raft.server.retrycache.expirytime = 30000ms (custom)
2021-10-03 01:20:23,292 [pool-171-thread-1] INFO  server.RaftServerConfigKeys (ConfUtils.java:logGet(44)) - raft.server.retrycache.statistics.expirytime = 100μs (default)
2021-10-03 01:20:23,293 [Time-limited test] INFO  server.RaftServer$Division (RaftServerImpl.java:start(296)) - omNode-3@group-523986131536: start as a follower, conf=0: [omNode-3|rpc:localhost:13844|admin:|client:|dataStream:|priority:0, omNode-1|rpc:localhost:13832|admin:|client:|dataStream:|priority:0, omNode-2|rpc:localhost:13838|admin:|client:|dataStream:|priority:0], old=null
2021-10-03 01:20:23,293 [Time-limited test] INFO  server.RaftServer$Division (RaftServerImpl.java:setRole(285)) - omNode-3@group-523986131536: changes role from      null to FOLLOWER at term 2 for startAsFollower
2021-10-03 01:20:23,294 [Time-limited test] INFO  impl.RoleInfo (RoleInfo.java:updateAndGet(130)) - omNode-3: start omNode-3@group-523986131536-FollowerState
2021-10-03 01:20:23,294 [Time-limited test] INFO  util.JmxRegister (JmxRegister.java:tryRegister(44)) - Successfully registered JMX Bean with object name Ratis:service=RaftServer,group=group-523986131536,id=omNode-3
2021-10-03 01:20:23,296 [Time-limited test] INFO  server.RaftServer (RaftServerProxy.java:lambda$start$5(374)) - omNode-3: start RPC server
2021-10-03 01:20:23,296 [Time-limited test] INFO  server.GrpcService (GrpcService.java:startImpl(253)) - omNode-3: GrpcService started, listening on 13844
2021-10-03 01:20:23,297 [org.apache.ratis.util.JvmPauseMonitor$$Lambda$523/2137356424@257a855b] INFO  util.JvmPauseMonitor (JvmPauseMonitor.java:run(103)) - JvmPauseMonitor-omNode-3: Started
2021-10-03 01:20:23,297 [Time-limited test] INFO  ipc.CallQueueManager (CallQueueManager.java:<init>(90)) - Using callQueue: class java.util.concurrent.LinkedBlockingQueue, queueCapacity: 2000, scheduler: class org.apache.hadoop.ipc.DefaultRpcScheduler, ipcBackoff: false.
2021-10-03 01:20:23,301 [Socket Reader #1 for port 13840] INFO  ipc.Server (Server.java:run(1265)) - Starting Socket Reader #1 for port 13840
2021-10-03 01:20:23,304 [Listener at localhost/13840] INFO  http.BaseHttpServer (BaseHttpServer.java:newHttpServer2BuilderForOzone(209)) - Starting Web-server for ozoneManager at: http://0.0.0.0:13842
2021-10-03 01:20:23,304 [Listener at localhost/13840] INFO  http.BaseHttpServer (BaseHttpServer.java:<init>(107)) - Hadoop Security Enabled: false Ozone Security Enabled: false Ozone HTTP Security Enabled: false 
2021-10-03 01:20:23,306 [Listener at localhost/13840] INFO  server.AuthenticationFilter (AuthenticationFilter.java:constructSecretProvider(240)) - Unable to initialize FileSignerSecretProvider, falling back to use random secrets.
2021-10-03 01:20:23,306 [Listener at localhost/13840] WARN  http.HttpRequestLog (HttpRequestLog.java:getRequestLog(103)) - Jetty request log can only be enabled using Log4j
2021-10-03 01:20:23,307 [Listener at localhost/13840] INFO  http.HttpServer2 (HttpServer2.java:addGlobalFilter(1030)) - Added global filter 'safety' (class=org.apache.hadoop.hdds.server.http.HttpServer2$QuotingInputFilter)
2021-10-03 01:20:23,308 [Listener at localhost/13840] INFO  http.HttpServer2 (HttpServer2.java:addFilter(1006)) - Added filter static_user_filter (class=org.apache.hadoop.http.lib.StaticUserWebFilter$StaticUserFilter) to context ozoneManager
2021-10-03 01:20:23,308 [Listener at localhost/13840] INFO  http.HttpServer2 (HttpServer2.java:addFilter(1014)) - Added filter static_user_filter (class=org.apache.hadoop.http.lib.StaticUserWebFilter$StaticUserFilter) to context static
2021-10-03 01:20:23,308 [Listener at localhost/13840] INFO  http.HttpServer2 (HttpServer2.java:addFilter(1014)) - Added filter static_user_filter (class=org.apache.hadoop.http.lib.StaticUserWebFilter$StaticUserFilter) to context logs
2021-10-03 01:20:23,309 [Listener at localhost/13840] INFO  http.HttpServer2 (HttpServer2.java:bindListener(1249)) - Jetty bound to port 13842
2021-10-03 01:20:23,309 [Listener at localhost/13840] INFO  server.Server (Server.java:doStart(375)) - jetty-9.4.43.v20210629; built: 2021-06-30T11:07:22.254Z; git: 526006ecfa3af7f1a27ef3a288e2bef7ea9dd7e8; jvm 1.8.0_292-b10
2021-10-03 01:20:23,315 [Listener at localhost/13840] INFO  server.session (DefaultSessionIdManager.java:doStart(334)) - DefaultSessionIdManager workerName=node0
2021-10-03 01:20:23,316 [Listener at localhost/13840] INFO  server.session (DefaultSessionIdManager.java:doStart(339)) - No SessionScavenger set, using defaults
2021-10-03 01:20:23,316 [Listener at localhost/13840] INFO  server.session (HouseKeeper.java:startScavenging(132)) - node0 Scavenging every 660000ms
2021-10-03 01:20:23,316 [Listener at localhost/13840] INFO  handler.ContextHandler (ContextHandler.java:doStart(915)) - Started o.e.j.s.ServletContextHandler@20383674{logs,/logs,file:///home/runner/work/ozone/ozone/hadoop-ozone/integration-test/target/log,AVAILABLE}
2021-10-03 01:20:23,317 [Listener at localhost/13840] INFO  handler.ContextHandler (ContextHandler.java:doStart(915)) - Started o.e.j.s.ServletContextHandler@59b15cf7{static,/static,file:///home/runner/work/ozone/ozone/hadoop-ozone/integration-test/target/test-classes/webapps/static,AVAILABLE}
2021-10-03 01:20:23,325 [Listener at localhost/13840] INFO  handler.ContextHandler (ContextHandler.java:doStart(915)) - Started o.e.j.w.WebAppContext@dca23c6{ozoneManager,/,file:///home/runner/work/ozone/ozone/hadoop-ozone/integration-test/target/test-classes/webapps/ozoneManager/,AVAILABLE}{file:/home/runner/work/ozone/ozone/hadoop-ozone/integration-test/target/test-classes/webapps/ozoneManager}
2021-10-03 01:20:23,326 [Listener at localhost/13840] INFO  server.AbstractConnector (AbstractConnector.java:doStart(331)) - Started ServerConnector@36079073{HTTP/1.1, (http/1.1)}{0.0.0.0:13842}
2021-10-03 01:20:23,327 [Listener at localhost/13840] INFO  server.Server (Server.java:doStart(415)) - Started @148694ms
2021-10-03 01:20:23,327 [Listener at localhost/13840] WARN  impl.MetricsSystemImpl (MetricsSystemImpl.java:register(279)) - Sink prometheus already exists!
2021-10-03 01:20:23,327 [Listener at localhost/13840] INFO  http.BaseHttpServer (BaseHttpServer.java:updateConnectorAddress(329)) - HTTP server of ozoneManager listening at http://0.0.0.0:13842
2021-10-03 01:20:23,328 [IPC Server Responder] INFO  ipc.Server (Server.java:run(1507)) - IPC Server Responder: starting
2021-10-03 01:20:23,328 [IPC Server listener on 13840] INFO  ipc.Server (Server.java:run(1344)) - IPC Server listener on 13840: starting
2021-10-03 01:20:23,335 [Listener at localhost/13840] INFO  om.OzoneManager (OzoneManager.java:startTrashEmptier(1543)) - Trash Interval set to 0. Files deleted will not move to trash
2021-10-03 01:20:23,335 [Listener at localhost/13840] INFO  om.OzoneManager (OzoneManager.java:stop(1644)) - Stopping Ozone Manager
2021-10-03 01:20:23,338 [Listener at localhost/13840] INFO  ipc.Server (Server.java:stop(3414)) - Stopping server on 13828
2021-10-03 01:20:23,339 [org.apache.hadoop.util.JvmPauseMonitor$Monitor@d58a154] INFO  util.JvmPauseMonitor (JvmPauseMonitor.java:run(188)) - Starting JVM pause monitor
2021-10-03 01:20:23,340 [IPC Server Responder] INFO  ipc.Server (Server.java:run(1512)) - Stopping IPC Server Responder
2021-10-03 01:20:23,341 [IPC Server listener on 13828] INFO  ipc.Server (Server.java:run(1376)) - Stopping IPC Server listener on 13828
2021-10-03 01:20:23,342 [Listener at localhost/13840] INFO  server.RaftServer (RaftServerProxy.java:lambda$close$6(391)) - omNode-1: close
2021-10-03 01:20:23,343 [Listener at localhost/13840] INFO  server.RaftServer$Division (RaftServerImpl.java:lambda$close$4(407)) - omNode-1@group-523986131536: shutdown
2021-10-03 01:20:23,343 [Listener at localhost/13840] INFO  util.JmxRegister (JmxRegister.java:unregister(73)) - Successfully un-registered JMX Bean with object name Ratis:service=RaftServer,group=group-523986131536,id=omNode-1
2021-10-03 01:20:23,343 [Listener at localhost/13840] INFO  impl.RoleInfo (RoleInfo.java:shutdownFollowerState(108)) - omNode-1: shutdown omNode-1@group-523986131536-FollowerState
2021-10-03 01:20:23,343 [Listener at localhost/13840] INFO  impl.StateMachineUpdater (StateMachineUpdater.java:stopAndJoin(149)) - omNode-1@group-523986131536-StateMachineUpdater: set stopIndex = 17
2021-10-03 01:20:23,343 [omNode-1@group-523986131536-FollowerState] INFO  impl.FollowerState (FollowerState.java:run(143)) - omNode-1@group-523986131536-FollowerState was interrupted: {}
java.lang.InterruptedException: sleep interrupted
	at java.lang.Thread.sleep(Native Method)
	at java.lang.Thread.sleep(Thread.java:340)
	at java.util.concurrent.TimeUnit.sleep(TimeUnit.java:386)
	at org.apache.ratis.util.TimeDuration.sleep(TimeDuration.java:324)
	at org.apache.ratis.util.TimeDuration.sleep(TimeDuration.java:309)
	at org.apache.ratis.server.impl.FollowerState.run(FollowerState.java:118)
2021-10-03 01:20:23,343 [omNode-1@group-523986131536-StateMachineUpdater] INFO  ratis.OzoneManagerStateMachine (OzoneManagerStateMachine.java:takeSnapshot(417)) - Current Snapshot Index (t:2, i:17)
2021-10-03 01:20:23,344 [omNode-1@group-523986131536-StateMachineUpdater] INFO  impl.StateMachineUpdater (StateMachineUpdater.java:takeSnapshot(281)) - omNode-1@group-523986131536-StateMachineUpdater: Took a snapshot at index 17
2021-10-03 01:20:23,344 [omNode-1@group-523986131536-StateMachineUpdater] INFO  impl.StateMachineUpdater (StateMachineUpdater.java:lambda$new$0(89)) - omNode-1@group-523986131536-StateMachineUpdater: snapshotIndex: updateIncreasingly -1 -> 17
2021-10-03 01:20:23,344 [omNode-1@group-523986131536-StateMachineUpdater] INFO  ratis.OzoneManagerStateMachine (OzoneManagerStateMachine.java:close(471)) - StateMachine has shutdown. Shutdown OzoneManager if not already shutdown.
2021-10-03 01:20:23,344 [Listener at localhost/13840] INFO  server.RaftServer$Division (ServerState.java:close(419)) - omNode-1@group-523986131536: closes. applyIndex: 17
2021-10-03 01:20:23,344 [omNode-1@group-523986131536-SegmentedRaftLogWorker] INFO  segmented.SegmentedRaftLogWorker (SegmentedRaftLogWorker.java:run(327)) - omNode-1@group-523986131536-SegmentedRaftLogWorker was interrupted, exiting. There are 0 tasks remaining in the queue.
2021-10-03 01:20:23,345 [Listener at localhost/13840] INFO  segmented.SegmentedRaftLogWorker (SegmentedRaftLogWorker.java:close(237)) - omNode-1@group-523986131536-SegmentedRaftLogWorker close()
2021-10-03 01:20:23,346 [Listener at localhost/13840] INFO  server.GrpcService (GrpcService.java:closeImpl(262)) - omNode-1: shutdown server with port 13832 now
2021-10-03 01:20:23,354 [Listener at localhost/13840] INFO  server.GrpcService (GrpcService.java:closeImpl(271)) - omNode-1: shutdown server with port 13832 successfully
2021-10-03 01:20:23,354 [org.apache.ratis.util.JvmPauseMonitor$$Lambda$523/2137356424@2ec3d746] INFO  util.JvmPauseMonitor (JvmPauseMonitor.java:run(109)) - JvmPauseMonitor-omNode-1: Stopped
2021-10-03 01:20:23,356 [Listener at localhost/13840] INFO  ratis.OzoneManagerDoubleBuffer (OzoneManagerDoubleBuffer.java:stop(437)) - Stopping OMDoubleBuffer flush thread
2021-10-03 01:20:23,356 [OMDoubleBufferFlushThread] INFO  ratis.OzoneManagerDoubleBuffer (OzoneManagerDoubleBuffer.java:flushTransactions(356)) - OMDoubleBuffer flush thread OMDoubleBufferFlushThread is interrupted and will exit. OMDoubleBufferFlushThread
2021-10-03 01:20:23,357 [Listener at localhost/13840] INFO  utils.BackgroundService (BackgroundService.java:shutdown(132)) - Shutting down service KeyDeletingService
2021-10-03 01:20:23,357 [Listener at localhost/13840] INFO  utils.BackgroundService (BackgroundService.java:shutdown(132)) - Shutting down service DirectoryDeletingService
2021-10-03 01:20:23,359 [Listener at localhost/13840] INFO  handler.ContextHandler (ContextHandler.java:doStop(1153)) - Stopped o.e.j.w.WebAppContext@48405f04{ozoneManager,/,null,STOPPED}{file:/home/runner/work/ozone/ozone/hadoop-ozone/integration-test/target/test-classes/webapps/ozoneManager}
2021-10-03 01:20:23,359 [Listener at localhost/13840] INFO  server.AbstractConnector (AbstractConnector.java:doStop(381)) - Stopped ServerConnector@3107833{HTTP/1.1, (http/1.1)}{0.0.0.0:13830}
2021-10-03 01:20:23,359 [Listener at localhost/13840] INFO  server.session (HouseKeeper.java:stopScavenging(149)) - node0 Stopped scavenging
2021-10-03 01:20:23,361 [Listener at localhost/13840] INFO  handler.ContextHandler (ContextHandler.java:doStop(1153)) - Stopped o.e.j.s.ServletContextHandler@4654fe3b{static,/static,file:///home/runner/work/ozone/ozone/hadoop-ozone/integration-test/target/test-classes/webapps/static,STOPPED}
2021-10-03 01:20:23,362 [Listener at localhost/13840] INFO  handler.ContextHandler (ContextHandler.java:doStop(1153)) - Stopped o.e.j.s.ServletContextHandler@6364e814{logs,/logs,file:///home/runner/work/ozone/ozone/hadoop-ozone/integration-test/target/log,STOPPED}
2021-10-03 01:20:23,366 [Listener at localhost/13840] INFO  om.OzoneManager (OzoneManager.java:initFSOLayout(4333)) - Configured ozone.om.metadata.layout=SIMPLE and disabled optimized OM FS operations
2021-10-03 01:20:23,366 [Listener at localhost/13840] INFO  om.OzoneManager (OzoneManager.java:restart(1365)) - OzoneManager RPC server is listening at localhost/127.0.0.1:13828
2021-10-03 01:20:23,366 [Listener at localhost/13840] INFO  impl.MetricsSystemImpl (MetricsSystemImpl.java:init(158)) - OzoneManager metrics system started (again)
2021-10-03 01:20:23,381 [Listener at localhost/13840] WARN  server.ServerUtils (ServerUtils.java:getDBPath(225)) - ozone.om.db.dirs is not configured. We recommend adding this setting. Falling back to ozone.metadata.dirs instead.
2021-10-03 01:20:23,383 [Listener at localhost/13840] INFO  codec.OmKeyInfoCodec (OmKeyInfoCodec.java:<init>(51)) - OmKeyInfoCodec ignorePipeline = true
2021-10-03 01:20:23,383 [Listener at localhost/13840] INFO  codec.RepeatedOmKeyInfoCodec (RepeatedOmKeyInfoCodec.java:<init>(42)) - RepeatedOmKeyInfoCodec ignorePipeline = true
2021-10-03 01:20:23,427 [Listener at localhost/13840] WARN  om.OzoneManager (OzoneManager.java:instantiatePrepareStateOnStartup(4212)) - Prepare marker file index 17 does not match DB prepare index 16. Writing DB index to prepare file and maintaining prepared state.
2021-10-03 01:20:23,428 [Listener at localhost/13840] INFO  om.OzoneManagerPrepareState (OzoneManagerPrepareState.java:writePrepareMarkerFile(262)) - Prepare marker file written with log index 16 to file /home/runner/work/ozone/ozone/hadoop-ozone/integration-test/target/test-dir/MiniOzoneClusterImpl-94b7d1b3-e035-4e16-be06-258bf0b7295d/omNode-1/current/prepareMarker
2021-10-03 01:20:23,431 [Listener at localhost/13840] WARN  impl.MetricRegistriesImpl (MetricRegistriesImpl.java:addReporterRegistration(111)) - New reporters are added after registries were created. Some metrics will be missing from the reporter. Please add reporter before adding any new registry.
2021-10-03 01:20:23,431 [Listener at localhost/13840] WARN  impl.MetricRegistriesImpl (MetricRegistriesImpl.java:addReporterRegistration(111)) - New reporters are added after registries were created. Some metrics will be missing from the reporter. Please add reporter before adding any new registry.
2021-10-03 01:20:23,431 [Listener at localhost/13840] WARN  server.ServerUtils (ServerUtils.java:getDefaultRatisDirectory(237)) - Storage directory for Ratis is not configured. It is a good idea to map this to an SSD disk. Falling back to ozone.metadata.dirs
2021-10-03 01:20:23,432 [Listener at localhost/13840] INFO  ratis.OzoneManagerRatisServer (OzoneManagerRatisServer.java:<init>(158)) - Instantiating OM Ratis server with groupID: om-service-test1 and peers: localhost:13832, localhost:13844, localhost:13838
2021-10-03 01:20:23,433 [Listener at localhost/13840] INFO  ratis.OzoneManagerStateMachine (OzoneManagerStateMachine.java:loadSnapshotInfoFromDB(605)) - LastAppliedIndex is set from TransactionInfo from OM DB as (t:2, i:17)
2021-10-03 01:20:23,433 [Listener at localhost/13840] INFO  server.RaftServer (ConfUtils.java:logGet(44)) - raft.rpc.type = GRPC (default)
2021-10-03 01:20:23,434 [Listener at localhost/13840] INFO  grpc.GrpcFactory (GrpcFactory.java:checkPooledByteBufAllocatorUseCacheForAllThreads(48)) - PERFORMANCE WARNING: useCacheForAllThreads is true that may cause Netty to create a lot garbage objects and, as a result, trigger GC.
	It is recommended to disable useCacheForAllThreads by setting -Dorg.apache.ratis.thirdparty.io.netty.allocator.useCacheForAllThreads=false in command line.
2021-10-03 01:20:23,434 [Listener at localhost/13840] INFO  grpc.GrpcConfigKeys (ConfUtils.java:logGet(44)) - raft.grpc.admin.port = -1 (default)
2021-10-03 01:20:23,434 [Listener at localhost/13840] INFO  grpc.GrpcConfigKeys (ConfUtils.java:logGet(44)) - raft.grpc.server.port = 13832 (custom)
2021-10-03 01:20:23,434 [Listener at localhost/13840] INFO  grpc.GrpcConfigKeys (ConfUtils.java:logGet(44)) - raft.grpc.client.port = -1 (default)
2021-10-03 01:20:23,434 [Listener at localhost/13840] INFO  grpc.GrpcConfigKeys (ConfUtils.java:logGet(44)) - raft.grpc.server.port = 13832 (custom)
2021-10-03 01:20:23,434 [Listener at localhost/13840] INFO  grpc.GrpcConfigKeys (ConfUtils.java:logGet(44)) - raft.grpc.server.port = 13832 (custom)
2021-10-03 01:20:23,434 [Listener at localhost/13840] INFO  server.GrpcService (ConfUtils.java:logGet(44)) - raft.grpc.message.size.max = 33554432 (custom)
2021-10-03 01:20:23,434 [Listener at localhost/13840] INFO  server.RaftServerConfigKeys (ConfUtils.java:logGet(44)) - raft.server.log.appender.buffer.byte-limit = 33554432 (custom)
2021-10-03 01:20:23,434 [Listener at localhost/13840] INFO  server.GrpcService (ConfUtils.java:logGet(44)) - raft.grpc.flow.control.window = 1MB (=1048576) (default)
2021-10-03 01:20:23,434 [Listener at localhost/13840] INFO  server.RaftServerConfigKeys (ConfUtils.java:logGet(44)) - raft.server.rpc.request.timeout = 3000ms (default)
2021-10-03 01:20:23,435 [Listener at localhost/13840] INFO  impl.DataStreamServerImpl (ConfUtils.java:logGet(44)) - raft.datastream.type = DISABLED (default)
2021-10-03 01:20:23,436 [Listener at localhost/13840] INFO  server.RaftServerConfigKeys (ConfUtils.java:logGet(44)) - raft.server.rpc.slowness.timeout = 2s (custom)
2021-10-03 01:20:23,436 [Listener at localhost/13840] INFO  server.RaftServerConfigKeys (ConfUtils.java:logGet(44)) - raft.server.leaderelection.leader.step-down.wait-time = 10s (default)
2021-10-03 01:20:23,436 [Listener at localhost/13840] INFO  server.RaftServerConfigKeys (ConfUtils.java:logGet(44)) - raft.server.storage.dir = [/home/runner/work/ozone/ozone/hadoop-ozone/integration-test/target/test-dir/MiniOzoneClusterImpl-94b7d1b3-e035-4e16-be06-258bf0b7295d/omNode-1/ratis] (custom)
2021-10-03 01:20:23,436 [Listener at localhost/13840] INFO  server.RaftServer (RaftServerProxy.java:lambda$null$1(235)) - omNode-1: found a subdirectory /home/runner/work/ozone/ozone/hadoop-ozone/integration-test/target/test-dir/MiniOzoneClusterImpl-94b7d1b3-e035-4e16-be06-258bf0b7295d/omNode-1/ratis/c9bc4cf4-3bc3-3c60-a66b-523986131536
2021-10-03 01:20:23,436 [Listener at localhost/13840] INFO  server.RaftServer (RaftServerProxy.java:addNew(95)) - omNode-1: addNew group-523986131536:[omNode-3|rpc:localhost:13844|priority:0, omNode-1|rpc:localhost:13832|priority:0, omNode-2|rpc:localhost:13838|priority:0] returns group-523986131536:java.util.concurrent.CompletableFuture@5917e30d[Not completed]
2021-10-03 01:20:23,436 [Listener at localhost/13840] INFO  om.OzoneManager (OzoneManager.java:initializeRatisServer(1585)) - OzoneManager Ratis server initialized at port 13832
2021-10-03 01:20:23,436 [Listener at localhost/13840] INFO  ratis.OzoneManagerRatisServer (OzoneManagerRatisServer.java:start(516)) - Starting OzoneManagerRatisServer omNode-1 at port 13832
2021-10-03 01:20:23,437 [pool-191-thread-1] INFO  server.RaftServer$Division (RaftServerImpl.java:<init>(181)) - omNode-1: new RaftServerImpl for group-523986131536:[omNode-3|rpc:localhost:13844|priority:0, omNode-1|rpc:localhost:13832|priority:0, omNode-2|rpc:localhost:13838|priority:0] with OzoneManagerStateMachine:uninitialized
2021-10-03 01:20:23,438 [pool-191-thread-1] INFO  server.RaftServerConfigKeys (ConfUtils.java:logGet(44)) - raft.server.rpc.timeout.min = 1s (custom)
2021-10-03 01:20:23,438 [pool-191-thread-1] INFO  server.RaftServerConfigKeys (ConfUtils.java:logGet(44)) - raft.server.rpc.timeout.max = 1200ms (custom)
2021-10-03 01:20:23,438 [pool-191-thread-1] INFO  server.RaftServerConfigKeys (ConfUtils.java:logGet(44)) - raft.server.rpc.sleep.time = 25ms (default)
2021-10-03 01:20:23,438 [pool-191-thread-1] INFO  server.RaftServerConfigKeys (ConfUtils.java:logGet(44)) - raft.server.rpc.slowness.timeout = 2s (custom)
2021-10-03 01:20:23,438 [pool-191-thread-1] INFO  server.RaftServerConfigKeys (ConfUtils.java:logGet(44)) - raft.server.leaderelection.leader.step-down.wait-time = 10s (default)
2021-10-03 01:20:23,438 [pool-191-thread-1] INFO  server.RaftServerConfigKeys (ConfUtils.java:logGet(44)) - raft.server.sleep.deviation.threshold = 300ms (default)
2021-10-03 01:20:23,439 [pool-191-thread-1] INFO  server.RaftServerConfigKeys (ConfUtils.java:logGet(44)) - raft.server.log.appender.install.snapshot.enabled = false (custom)
2021-10-03 01:20:23,439 [pool-191-thread-1] INFO  server.RaftServer$Division (ServerState.java:<init>(105)) - omNode-1@group-523986131536: ConfigurationManager, init=-1: [omNode-3|rpc:localhost:13844|priority:0, omNode-1|rpc:localhost:13832|priority:0, omNode-2|rpc:localhost:13838|priority:0], old=null, confs=<EMPTY_MAP>
2021-10-03 01:20:23,439 [pool-191-thread-1] INFO  server.RaftServerConfigKeys (ConfUtils.java:logGet(44)) - raft.server.storage.dir = [/home/runner/work/ozone/ozone/hadoop-ozone/integration-test/target/test-dir/MiniOzoneClusterImpl-94b7d1b3-e035-4e16-be06-258bf0b7295d/omNode-1/ratis] (custom)
2021-10-03 01:20:23,439 [pool-191-thread-1] INFO  server.RaftServerConfigKeys (ConfUtils.java:logGet(44)) - raft.server.log.corruption.policy = EXCEPTION (default)
2021-10-03 01:20:23,439 [pool-191-thread-1] INFO  server.RaftServerConfigKeys (ConfUtils.java:logGet(44)) - raft.server.storage.free-space.min = 0MB (=0) (default)
2021-10-03 01:20:23,441 [pool-191-thread-1] INFO  storage.RaftStorageDirectory (RaftStorageDirectoryImpl.java:tryLock(230)) - Lock on /home/runner/work/ozone/ozone/hadoop-ozone/integration-test/target/test-dir/MiniOzoneClusterImpl-94b7d1b3-e035-4e16-be06-258bf0b7295d/omNode-1/ratis/c9bc4cf4-3bc3-3c60-a66b-523986131536/in_use.lock acquired by nodename 8541@fv-az270-324
2021-10-03 01:20:23,441 [pool-191-thread-1] INFO  storage.RaftStorage (RaftStorageImpl.java:analyzeAndRecoverStorage(110)) - Read RaftStorageMetadata{term=2, votedFor=omNode-3} from /home/runner/work/ozone/ozone/hadoop-ozone/integration-test/target/test-dir/MiniOzoneClusterImpl-94b7d1b3-e035-4e16-be06-258bf0b7295d/omNode-1/ratis/c9bc4cf4-3bc3-3c60-a66b-523986131536/current/raft-meta
2021-10-03 01:20:23,441 [pool-191-thread-1] INFO  server.RaftServer$Division (ServerState.java:setRaftConf(387)) - omNode-1@group-523986131536: set configuration 0: [omNode-3|rpc:localhost:13844|admin:|client:|dataStream:|priority:0, omNode-1|rpc:localhost:13832|admin:|client:|dataStream:|priority:0, omNode-2|rpc:localhost:13838|admin:|client:|dataStream:|priority:0], old=null
2021-10-03 01:20:23,441 [pool-191-thread-1] INFO  server.RaftServerConfigKeys (ConfUtils.java:logGet(44)) - raft.server.notification.no-leader.timeout = 2s (custom)
2021-10-03 01:20:23,441 [pool-191-thread-1] INFO  server.RaftServerConfigKeys (ConfUtils.java:logGet(44)) - raft.server.log.use.memory = false (default)
2021-10-03 01:20:23,442 [pool-191-thread-1] INFO  server.RaftServerConfigKeys (ConfUtils.java:logGet(44)) - raft.server.log.purge.gap = 50 (custom)
2021-10-03 01:20:23,442 [pool-191-thread-1] INFO  server.RaftServerConfigKeys (ConfUtils.java:logGet(44)) - raft.server.log.appender.buffer.byte-limit = 33554432 (custom)
2021-10-03 01:20:23,442 [pool-191-thread-1] INFO  server.RaftServerConfigKeys (ConfUtils.java:logGet(44)) - raft.server.log.segment.size.max = 4194304 (custom)
2021-10-03 01:20:23,442 [pool-191-thread-1] INFO  server.RaftServerConfigKeys (ConfUtils.java:logGet(44)) - raft.server.log.segment.cache.num.max = 2 (custom)
2021-10-03 01:20:23,442 [pool-191-thread-1] INFO  server.RaftServerConfigKeys (ConfUtils.java:logGet(44)) - raft.server.log.segment.cache.size.max = 200MB (=209715200) (default)
2021-10-03 01:20:23,442 [pool-191-thread-1] INFO  segmented.SegmentedRaftLogWorker (SegmentedRaftLogWorker.java:<init>(182)) - new omNode-1@group-523986131536-SegmentedRaftLogWorker for RaftStorageImpl:Storage Directory /home/runner/work/ozone/ozone/hadoop-ozone/integration-test/target/test-dir/MiniOzoneClusterImpl-94b7d1b3-e035-4e16-be06-258bf0b7295d/omNode-1/ratis/c9bc4cf4-3bc3-3c60-a66b-523986131536
2021-10-03 01:20:23,443 [pool-191-thread-1] INFO  server.RaftServerConfigKeys (ConfUtils.java:logGet(44)) - raft.server.log.queue.byte-limit = 64MB (=67108864) (default)
2021-10-03 01:20:23,443 [pool-191-thread-1] INFO  server.RaftServerConfigKeys (ConfUtils.java:logGet(44)) - raft.server.log.queue.element-limit = 4096 (default)
2021-10-03 01:20:23,443 [pool-191-thread-1] INFO  server.RaftServerConfigKeys (ConfUtils.java:logGet(44)) - raft.server.log.segment.size.max = 4194304 (custom)
2021-10-03 01:20:23,443 [pool-191-thread-1] INFO  server.RaftServerConfigKeys (ConfUtils.java:logGet(44)) - raft.server.log.preallocated.size = 4194304 (custom)
2021-10-03 01:20:23,443 [pool-191-thread-1] INFO  server.RaftServerConfigKeys (ConfUtils.java:logGet(44)) - raft.server.log.force.sync.num = 128 (default)
2021-10-03 01:20:23,443 [pool-191-thread-1] INFO  server.RaftServerConfigKeys (ConfUtils.java:logGet(44)) - raft.server.log.statemachine.data.sync = true (default)
2021-10-03 01:20:23,443 [pool-191-thread-1] INFO  server.RaftServerConfigKeys (ConfUtils.java:logGet(44)) - raft.server.log.statemachine.data.sync.timeout = 10s (default)
2021-10-03 01:20:23,443 [pool-191-thread-1] INFO  server.RaftServerConfigKeys (ConfUtils.java:logGet(44)) - raft.server.log.statemachine.data.sync.timeout.retry = -1 (default)
2021-10-03 01:20:23,444 [pool-191-thread-1] INFO  server.RaftServerConfigKeys (ConfUtils.java:logGet(44)) - raft.server.log.write.buffer.size = 64KB (=65536) (default)
2021-10-03 01:20:23,444 [pool-191-thread-1] INFO  server.RaftServerConfigKeys (ConfUtils.java:logGet(44)) - raft.server.log.statemachine.data.caching.enabled = false (default)
2021-10-03 01:20:23,444 [pool-191-thread-1] INFO  server.RaftServer$Division (ServerState.java:setRaftConf(387)) - omNode-1@group-523986131536: set configuration 0: [omNode-3|rpc:localhost:13844|admin:|client:|dataStream:|priority:0, omNode-1|rpc:localhost:13832|admin:|client:|dataStream:|priority:0, omNode-2|rpc:localhost:13838|admin:|client:|dataStream:|priority:0], old=null
2021-10-03 01:20:23,445 [pool-191-thread-1] INFO  segmented.LogSegment (LogSegment.java:loadSegment(173)) - Successfully read 19 entries from segment file /home/runner/work/ozone/ozone/hadoop-ozone/integration-test/target/test-dir/MiniOzoneClusterImpl-94b7d1b3-e035-4e16-be06-258bf0b7295d/omNode-1/ratis/c9bc4cf4-3bc3-3c60-a66b-523986131536/current/log_inprogress_0
2021-10-03 01:20:23,446 [pool-191-thread-1] INFO  segmented.SegmentedRaftLogWorker (SegmentedRaftLogWorker.java:lambda$new$0(133)) - omNode-1@group-523986131536-SegmentedRaftLogWorker: flushIndex: setUnconditionally 0 -> 18
2021-10-03 01:20:23,446 [pool-191-thread-1] INFO  segmented.SegmentedRaftLogWorker (SegmentedRaftLogWorker.java:lambda$new$0(133)) - omNode-1@group-523986131536-SegmentedRaftLogWorker: safeCacheEvictIndex: setUnconditionally 0 -> -1
2021-10-03 01:20:23,446 [pool-191-thread-1] INFO  raftlog.RaftLog (RaftLogBase.java:lambda$new$0(53)) - omNode-1@group-523986131536-SegmentedRaftLog: commitIndex: updateToMax old=17, new=16, updated? false
2021-10-03 01:20:23,446 [pool-191-thread-1] INFO  server.RaftServerConfigKeys (ConfUtils.java:logGet(44)) - raft.server.snapshot.auto.trigger.enabled = true (custom)
2021-10-03 01:20:23,446 [pool-191-thread-1] INFO  server.RaftServerConfigKeys (ConfUtils.java:logGet(44)) - raft.server.snapshot.auto.trigger.threshold = 50 (custom)
2021-10-03 01:20:23,446 [pool-191-thread-1] INFO  server.RaftServerConfigKeys (ConfUtils.java:logGet(44)) - raft.server.snapshot.retention.file.num = -1 (default)
2021-10-03 01:20:23,446 [pool-191-thread-1] INFO  server.RaftServerConfigKeys (ConfUtils.java:logGet(44)) - raft.server.log.purge.upto.snapshot.index = true (custom)
2021-10-03 01:20:23,446 [pool-191-thread-1] INFO  server.RaftServerConfigKeys (ConfUtils.java:logGet(44)) - raft.server.retrycache.expirytime = 30000ms (custom)
2021-10-03 01:20:23,446 [pool-191-thread-1] INFO  server.RaftServerConfigKeys (ConfUtils.java:logGet(44)) - raft.server.retrycache.statistics.expirytime = 100μs (default)
2021-10-03 01:20:23,447 [Listener at localhost/13840] INFO  server.RaftServer$Division (RaftServerImpl.java:start(296)) - omNode-1@group-523986131536: start as a follower, conf=0: [omNode-3|rpc:localhost:13844|admin:|client:|dataStream:|priority:0, omNode-1|rpc:localhost:13832|admin:|client:|dataStream:|priority:0, omNode-2|rpc:localhost:13838|admin:|client:|dataStream:|priority:0], old=null
2021-10-03 01:20:23,448 [Listener at localhost/13840] INFO  server.RaftServer$Division (RaftServerImpl.java:setRole(285)) - omNode-1@group-523986131536: changes role from      null to FOLLOWER at term 2 for startAsFollower
2021-10-03 01:20:23,448 [Listener at localhost/13840] INFO  impl.RoleInfo (RoleInfo.java:updateAndGet(130)) - omNode-1: start omNode-1@group-523986131536-FollowerState
2021-10-03 01:20:23,450 [Listener at localhost/13840] INFO  util.JmxRegister (JmxRegister.java:tryRegister(44)) - Successfully registered JMX Bean with object name Ratis:service=RaftServer,group=group-523986131536,id=omNode-1
2021-10-03 01:20:23,451 [Listener at localhost/13840] INFO  server.RaftServer (RaftServerProxy.java:lambda$start$5(374)) - omNode-1: start RPC server
2021-10-03 01:20:23,452 [Listener at localhost/13840] INFO  server.GrpcService (GrpcService.java:startImpl(253)) - omNode-1: GrpcService started, listening on 13832
2021-10-03 01:20:23,452 [org.apache.ratis.util.JvmPauseMonitor$$Lambda$523/2137356424@63fdb238] INFO  util.JvmPauseMonitor (JvmPauseMonitor.java:run(103)) - JvmPauseMonitor-omNode-1: Started
2021-10-03 01:20:23,453 [Listener at localhost/13840] INFO  ipc.CallQueueManager (CallQueueManager.java:<init>(90)) - Using callQueue: class java.util.concurrent.LinkedBlockingQueue, queueCapacity: 2000, scheduler: class org.apache.hadoop.ipc.DefaultRpcScheduler, ipcBackoff: false.
2021-10-03 01:20:23,453 [Socket Reader #1 for port 13828] INFO  ipc.Server (Server.java:run(1265)) - Starting Socket Reader #1 for port 13828
2021-10-03 01:20:23,456 [Listener at localhost/13828] INFO  http.BaseHttpServer (BaseHttpServer.java:newHttpServer2BuilderForOzone(209)) - Starting Web-server for ozoneManager at: http://0.0.0.0:13830
2021-10-03 01:20:23,456 [Listener at localhost/13828] INFO  http.BaseHttpServer (BaseHttpServer.java:<init>(107)) - Hadoop Security Enabled: false Ozone Security Enabled: false Ozone HTTP Security Enabled: false 
2021-10-03 01:20:23,457 [Listener at localhost/13828] INFO  server.AuthenticationFilter (AuthenticationFilter.java:constructSecretProvider(240)) - Unable to initialize FileSignerSecretProvider, falling back to use random secrets.
2021-10-03 01:20:23,458 [Listener at localhost/13828] WARN  http.HttpRequestLog (HttpRequestLog.java:getRequestLog(103)) - Jetty request log can only be enabled using Log4j
2021-10-03 01:20:23,459 [Listener at localhost/13828] INFO  http.HttpServer2 (HttpServer2.java:addGlobalFilter(1030)) - Added global filter 'safety' (class=org.apache.hadoop.hdds.server.http.HttpServer2$QuotingInputFilter)
2021-10-03 01:20:23,460 [Listener at localhost/13828] INFO  http.HttpServer2 (HttpServer2.java:addFilter(1006)) - Added filter static_user_filter (class=org.apache.hadoop.http.lib.StaticUserWebFilter$StaticUserFilter) to context ozoneManager
2021-10-03 01:20:23,460 [Listener at localhost/13828] INFO  http.HttpServer2 (HttpServer2.java:addFilter(1014)) - Added filter static_user_filter (class=org.apache.hadoop.http.lib.StaticUserWebFilter$StaticUserFilter) to context logs
2021-10-03 01:20:23,460 [Listener at localhost/13828] INFO  http.HttpServer2 (HttpServer2.java:addFilter(1014)) - Added filter static_user_filter (class=org.apache.hadoop.http.lib.StaticUserWebFilter$StaticUserFilter) to context static
2021-10-03 01:20:23,461 [Listener at localhost/13828] INFO  http.HttpServer2 (HttpServer2.java:bindListener(1249)) - Jetty bound to port 13830
2021-10-03 01:20:23,461 [Listener at localhost/13828] INFO  server.Server (Server.java:doStart(375)) - jetty-9.4.43.v20210629; built: 2021-06-30T11:07:22.254Z; git: 526006ecfa3af7f1a27ef3a288e2bef7ea9dd7e8; jvm 1.8.0_292-b10
2021-10-03 01:20:23,462 [Listener at localhost/13828] INFO  server.session (DefaultSessionIdManager.java:doStart(334)) - DefaultSessionIdManager workerName=node0
2021-10-03 01:20:23,462 [Listener at localhost/13828] INFO  server.session (DefaultSessionIdManager.java:doStart(339)) - No SessionScavenger set, using defaults
2021-10-03 01:20:23,463 [Listener at localhost/13828] INFO  server.session (HouseKeeper.java:startScavenging(132)) - node0 Scavenging every 600000ms
2021-10-03 01:20:23,464 [Listener at localhost/13828] INFO  handler.ContextHandler (ContextHandler.java:doStart(915)) - Started o.e.j.s.ServletContextHandler@3c905502{logs,/logs,file:///home/runner/work/ozone/ozone/hadoop-ozone/integration-test/target/log,AVAILABLE}
2021-10-03 01:20:23,465 [Listener at localhost/13828] INFO  handler.ContextHandler (ContextHandler.java:doStart(915)) - Started o.e.j.s.ServletContextHandler@225aea6e{static,/static,file:///home/runner/work/ozone/ozone/hadoop-ozone/integration-test/target/test-classes/webapps/static,AVAILABLE}
2021-10-03 01:20:23,468 [Listener at localhost/13828] INFO  handler.ContextHandler (ContextHandler.java:doStart(915)) - Started o.e.j.w.WebAppContext@65dc041c{ozoneManager,/,file:///home/runner/work/ozone/ozone/hadoop-ozone/integration-test/target/test-classes/webapps/ozoneManager/,AVAILABLE}{file:/home/runner/work/ozone/ozone/hadoop-ozone/integration-test/target/test-classes/webapps/ozoneManager}
2021-10-03 01:20:23,469 [Listener at localhost/13828] INFO  server.AbstractConnector (AbstractConnector.java:doStart(331)) - Started ServerConnector@864250e{HTTP/1.1, (http/1.1)}{0.0.0.0:13830}
2021-10-03 01:20:23,469 [Listener at localhost/13828] INFO  server.Server (Server.java:doStart(415)) - Started @148837ms
2021-10-03 01:20:23,469 [Listener at localhost/13828] WARN  impl.MetricsSystemImpl (MetricsSystemImpl.java:register(279)) - Sink prometheus already exists!
2021-10-03 01:20:23,470 [Listener at localhost/13828] INFO  http.BaseHttpServer (BaseHttpServer.java:updateConnectorAddress(329)) - HTTP server of ozoneManager listening at http://0.0.0.0:13830
2021-10-03 01:20:23,470 [IPC Server Responder] INFO  ipc.Server (Server.java:run(1507)) - IPC Server Responder: starting
2021-10-03 01:20:23,478 [IPC Server listener on 13828] INFO  ipc.Server (Server.java:run(1344)) - IPC Server listener on 13828: starting
2021-10-03 01:20:23,485 [Listener at localhost/13828] INFO  om.OzoneManager (OzoneManager.java:startTrashEmptier(1543)) - Trash Interval set to 0. Files deleted will not move to trash
2021-10-03 01:20:23,485 [Listener at localhost/13828] INFO  om.OzoneManager (OzoneManager.java:stop(1644)) - Stopping Ozone Manager
2021-10-03 01:20:23,485 [org.apache.hadoop.util.JvmPauseMonitor$Monitor@7c16e26] INFO  util.JvmPauseMonitor (JvmPauseMonitor.java:run(188)) - Starting JVM pause monitor
2021-10-03 01:20:23,486 [Listener at localhost/13828] INFO  ipc.Server (Server.java:stop(3414)) - Stopping server on 13834
2021-10-03 01:20:23,488 [IPC Server Responder] INFO  ipc.Server (Server.java:run(1512)) - Stopping IPC Server Responder
2021-10-03 01:20:23,488 [IPC Server listener on 13834] INFO  ipc.Server (Server.java:run(1376)) - Stopping IPC Server listener on 13834
2021-10-03 01:20:23,489 [Listener at localhost/13828] INFO  server.RaftServer (RaftServerProxy.java:lambda$close$6(391)) - omNode-2: close
2021-10-03 01:20:23,490 [Listener at localhost/13828] INFO  server.RaftServer$Division (RaftServerImpl.java:lambda$close$4(407)) - omNode-2@group-523986131536: shutdown
2021-10-03 01:20:23,490 [Listener at localhost/13828] INFO  util.JmxRegister (JmxRegister.java:unregister(73)) - Successfully un-registered JMX Bean with object name Ratis:service=RaftServer,group=group-523986131536,id=omNode-2
2021-10-03 01:20:23,490 [Listener at localhost/13828] INFO  impl.RoleInfo (RoleInfo.java:shutdownFollowerState(108)) - omNode-2: shutdown omNode-2@group-523986131536-FollowerState
2021-10-03 01:20:23,490 [omNode-2@group-523986131536-FollowerState] INFO  impl.FollowerState (FollowerState.java:run(143)) - omNode-2@group-523986131536-FollowerState was interrupted: {}
java.lang.InterruptedException: sleep interrupted
	at java.lang.Thread.sleep(Native Method)
	at java.lang.Thread.sleep(Thread.java:340)
	at java.util.concurrent.TimeUnit.sleep(TimeUnit.java:386)
	at org.apache.ratis.util.TimeDuration.sleep(TimeDuration.java:324)
	at org.apache.ratis.util.TimeDuration.sleep(TimeDuration.java:309)
	at org.apache.ratis.server.impl.FollowerState.run(FollowerState.java:118)
2021-10-03 01:20:23,491 [Listener at localhost/13828] INFO  impl.StateMachineUpdater (StateMachineUpdater.java:stopAndJoin(149)) - omNode-2@group-523986131536-StateMachineUpdater: set stopIndex = 17
2021-10-03 01:20:23,491 [omNode-2@group-523986131536-StateMachineUpdater] INFO  ratis.OzoneManagerStateMachine (OzoneManagerStateMachine.java:takeSnapshot(417)) - Current Snapshot Index (t:2, i:17)
2021-10-03 01:20:23,491 [omNode-2@group-523986131536-StateMachineUpdater] INFO  impl.StateMachineUpdater (StateMachineUpdater.java:takeSnapshot(281)) - omNode-2@group-523986131536-StateMachineUpdater: Took a snapshot at index 17
2021-10-03 01:20:23,491 [omNode-2@group-523986131536-StateMachineUpdater] INFO  impl.StateMachineUpdater (StateMachineUpdater.java:lambda$new$0(89)) - omNode-2@group-523986131536-StateMachineUpdater: snapshotIndex: updateIncreasingly -1 -> 17
2021-10-03 01:20:23,491 [omNode-2@group-523986131536-StateMachineUpdater] INFO  ratis.OzoneManagerStateMachine (OzoneManagerStateMachine.java:close(471)) - StateMachine has shutdown. Shutdown OzoneManager if not already shutdown.
2021-10-03 01:20:23,491 [Listener at localhost/13828] INFO  server.RaftServer$Division (ServerState.java:close(419)) - omNode-2@group-523986131536: closes. applyIndex: 17
2021-10-03 01:20:23,492 [omNode-2@group-523986131536-SegmentedRaftLogWorker] INFO  segmented.SegmentedRaftLogWorker (SegmentedRaftLogWorker.java:run(327)) - omNode-2@group-523986131536-SegmentedRaftLogWorker was interrupted, exiting. There are 0 tasks remaining in the queue.
2021-10-03 01:20:23,494 [Listener at localhost/13828] INFO  segmented.SegmentedRaftLogWorker (SegmentedRaftLogWorker.java:close(237)) - omNode-2@group-523986131536-SegmentedRaftLogWorker close()
2021-10-03 01:20:23,495 [Listener at localhost/13828] INFO  server.GrpcService (GrpcService.java:closeImpl(262)) - omNode-2: shutdown server with port 13838 now
2021-10-03 01:20:23,498 [Listener at localhost/13828] INFO  server.GrpcService (GrpcService.java:closeImpl(271)) - omNode-2: shutdown server with port 13838 successfully
2021-10-03 01:20:23,498 [org.apache.ratis.util.JvmPauseMonitor$$Lambda$523/2137356424@1791040d] INFO  util.JvmPauseMonitor (JvmPauseMonitor.java:run(109)) - JvmPauseMonitor-omNode-2: Stopped
2021-10-03 01:20:23,498 [Listener at localhost/13828] INFO  ratis.OzoneManagerDoubleBuffer (OzoneManagerDoubleBuffer.java:stop(437)) - Stopping OMDoubleBuffer flush thread
2021-10-03 01:20:23,498 [OMDoubleBufferFlushThread] INFO  ratis.OzoneManagerDoubleBuffer (OzoneManagerDoubleBuffer.java:flushTransactions(356)) - OMDoubleBuffer flush thread OMDoubleBufferFlushThread is interrupted and will exit. OMDoubleBufferFlushThread
2021-10-03 01:20:23,499 [Listener at localhost/13828] INFO  utils.BackgroundService (BackgroundService.java:shutdown(132)) - Shutting down service KeyDeletingService
2021-10-03 01:20:23,500 [Listener at localhost/13828] INFO  utils.BackgroundService (BackgroundService.java:shutdown(132)) - Shutting down service DirectoryDeletingService
2021-10-03 01:20:23,501 [Listener at localhost/13828] INFO  handler.ContextHandler (ContextHandler.java:doStop(1153)) - Stopped o.e.j.w.WebAppContext@26838837{ozoneManager,/,null,STOPPED}{file:/home/runner/work/ozone/ozone/hadoop-ozone/integration-test/target/test-classes/webapps/ozoneManager}
2021-10-03 01:20:23,502 [Listener at localhost/13828] INFO  server.AbstractConnector (AbstractConnector.java:doStop(381)) - Stopped ServerConnector@5e3c8272{HTTP/1.1, (http/1.1)}{0.0.0.0:13836}
2021-10-03 01:20:23,502 [Listener at localhost/13828] INFO  server.session (HouseKeeper.java:stopScavenging(149)) - node0 Stopped scavenging
2021-10-03 01:20:23,503 [Listener at localhost/13828] INFO  handler.ContextHandler (ContextHandler.java:doStop(1153)) - Stopped o.e.j.s.ServletContextHandler@7c09fdb8{static,/static,file:///home/runner/work/ozone/ozone/hadoop-ozone/integration-test/target/test-classes/webapps/static,STOPPED}
2021-10-03 01:20:23,503 [Listener at localhost/13828] INFO  handler.ContextHandler (ContextHandler.java:doStop(1153)) - Stopped o.e.j.s.ServletContextHandler@5a7810e1{logs,/logs,file:///home/runner/work/ozone/ozone/hadoop-ozone/integration-test/target/log,STOPPED}
2021-10-03 01:20:23,506 [Listener at localhost/13828] INFO  om.OzoneManager (OzoneManager.java:initFSOLayout(4333)) - Configured ozone.om.metadata.layout=SIMPLE and disabled optimized OM FS operations
2021-10-03 01:20:23,506 [Listener at localhost/13828] INFO  om.OzoneManager (OzoneManager.java:restart(1365)) - OzoneManager RPC server is listening at localhost/127.0.0.1:13834
2021-10-03 01:20:23,506 [Listener at localhost/13828] INFO  impl.MetricsSystemImpl (MetricsSystemImpl.java:init(158)) - OzoneManager metrics system started (again)
2021-10-03 01:20:23,524 [Listener at localhost/13828] WARN  server.ServerUtils (ServerUtils.java:getDBPath(225)) - ozone.om.db.dirs is not configured. We recommend adding this setting. Falling back to ozone.metadata.dirs instead.
2021-10-03 01:20:23,525 [Listener at localhost/13828] INFO  codec.OmKeyInfoCodec (OmKeyInfoCodec.java:<init>(51)) - OmKeyInfoCodec ignorePipeline = true
2021-10-03 01:20:23,525 [Listener at localhost/13828] INFO  codec.RepeatedOmKeyInfoCodec (RepeatedOmKeyInfoCodec.java:<init>(42)) - RepeatedOmKeyInfoCodec ignorePipeline = true
2021-10-03 01:20:23,560 [Listener at localhost/13828] WARN  om.OzoneManager (OzoneManager.java:instantiatePrepareStateOnStartup(4212)) - Prepare marker file index 17 does not match DB prepare index 16. Writing DB index to prepare file and maintaining prepared state.
2021-10-03 01:20:23,560 [Listener at localhost/13828] INFO  om.OzoneManagerPrepareState (OzoneManagerPrepareState.java:writePrepareMarkerFile(262)) - Prepare marker file written with log index 16 to file /home/runner/work/ozone/ozone/hadoop-ozone/integration-test/target/test-dir/MiniOzoneClusterImpl-94b7d1b3-e035-4e16-be06-258bf0b7295d/omNode-2/current/prepareMarker
2021-10-03 01:20:23,565 [Listener at localhost/13828] WARN  impl.MetricRegistriesImpl (MetricRegistriesImpl.java:addReporterRegistration(111)) - New reporters are added after registries were created. Some metrics will be missing from the reporter. Please add reporter before adding any new registry.
2021-10-03 01:20:23,565 [Listener at localhost/13828] WARN  impl.MetricRegistriesImpl (MetricRegistriesImpl.java:addReporterRegistration(111)) - New reporters are added after registries were created. Some metrics will be missing from the reporter. Please add reporter before adding any new registry.
2021-10-03 01:20:23,566 [Listener at localhost/13828] WARN  server.ServerUtils (ServerUtils.java:getDefaultRatisDirectory(237)) - Storage directory for Ratis is not configured. It is a good idea to map this to an SSD disk. Falling back to ozone.metadata.dirs
2021-10-03 01:20:23,567 [Listener at localhost/13828] INFO  ratis.OzoneManagerRatisServer (OzoneManagerRatisServer.java:<init>(158)) - Instantiating OM Ratis server with groupID: om-service-test1 and peers: localhost:13838, localhost:13844, localhost:13832
2021-10-03 01:20:23,567 [Listener at localhost/13828] INFO  ratis.OzoneManagerStateMachine (OzoneManagerStateMachine.java:loadSnapshotInfoFromDB(605)) - LastAppliedIndex is set from TransactionInfo from OM DB as (t:2, i:17)
2021-10-03 01:20:23,568 [Listener at localhost/13828] INFO  server.RaftServer (ConfUtils.java:logGet(44)) - raft.rpc.type = GRPC (default)
2021-10-03 01:20:23,568 [Listener at localhost/13828] INFO  grpc.GrpcFactory (GrpcFactory.java:checkPooledByteBufAllocatorUseCacheForAllThreads(48)) - PERFORMANCE WARNING: useCacheForAllThreads is true that may cause Netty to create a lot garbage objects and, as a result, trigger GC.
	It is recommended to disable useCacheForAllThreads by setting -Dorg.apache.ratis.thirdparty.io.netty.allocator.useCacheForAllThreads=false in command line.
2021-10-03 01:20:23,568 [Listener at localhost/13828] INFO  grpc.GrpcConfigKeys (ConfUtils.java:logGet(44)) - raft.grpc.admin.port = -1 (default)
2021-10-03 01:20:23,568 [Listener at localhost/13828] INFO  grpc.GrpcConfigKeys (ConfUtils.java:logGet(44)) - raft.grpc.server.port = 13838 (custom)
2021-10-03 01:20:23,568 [Listener at localhost/13828] INFO  grpc.GrpcConfigKeys (ConfUtils.java:logGet(44)) - raft.grpc.client.port = -1 (default)
2021-10-03 01:20:23,568 [Listener at localhost/13828] INFO  grpc.GrpcConfigKeys (ConfUtils.java:logGet(44)) - raft.grpc.server.port = 13838 (custom)
2021-10-03 01:20:23,568 [Listener at localhost/13828] INFO  grpc.GrpcConfigKeys (ConfUtils.java:logGet(44)) - raft.grpc.server.port = 13838 (custom)
2021-10-03 01:20:23,569 [Listener at localhost/13828] INFO  server.GrpcService (ConfUtils.java:logGet(44)) - raft.grpc.message.size.max = 33554432 (custom)
2021-10-03 01:20:23,569 [Listener at localhost/13828] INFO  server.RaftServerConfigKeys (ConfUtils.java:logGet(44)) - raft.server.log.appender.buffer.byte-limit = 33554432 (custom)
2021-10-03 01:20:23,569 [Listener at localhost/13828] INFO  server.GrpcService (ConfUtils.java:logGet(44)) - raft.grpc.flow.control.window = 1MB (=1048576) (default)
2021-10-03 01:20:23,569 [Listener at localhost/13828] INFO  server.RaftServerConfigKeys (ConfUtils.java:logGet(44)) - raft.server.rpc.request.timeout = 3000ms (default)
2021-10-03 01:20:23,570 [Listener at localhost/13828] INFO  impl.DataStreamServerImpl (ConfUtils.java:logGet(44)) - raft.datastream.type = DISABLED (default)
2021-10-03 01:20:23,570 [Listener at localhost/13828] INFO  server.RaftServerConfigKeys (ConfUtils.java:logGet(44)) - raft.server.rpc.slowness.timeout = 2s (custom)
2021-10-03 01:20:23,570 [Listener at localhost/13828] INFO  server.RaftServerConfigKeys (ConfUtils.java:logGet(44)) - raft.server.leaderelection.leader.step-down.wait-time = 10s (default)
2021-10-03 01:20:23,570 [Listener at localhost/13828] INFO  server.RaftServerConfigKeys (ConfUtils.java:logGet(44)) - raft.server.storage.dir = [/home/runner/work/ozone/ozone/hadoop-ozone/integration-test/target/test-dir/MiniOzoneClusterImpl-94b7d1b3-e035-4e16-be06-258bf0b7295d/omNode-2/ratis] (custom)
2021-10-03 01:20:23,571 [Listener at localhost/13828] INFO  server.RaftServer (RaftServerProxy.java:lambda$null$1(235)) - omNode-2: found a subdirectory /home/runner/work/ozone/ozone/hadoop-ozone/integration-test/target/test-dir/MiniOzoneClusterImpl-94b7d1b3-e035-4e16-be06-258bf0b7295d/omNode-2/ratis/c9bc4cf4-3bc3-3c60-a66b-523986131536
2021-10-03 01:20:23,571 [Listener at localhost/13828] INFO  server.RaftServer (RaftServerProxy.java:addNew(95)) - omNode-2: addNew group-523986131536:[omNode-3|rpc:localhost:13844|priority:0, omNode-1|rpc:localhost:13832|priority:0, omNode-2|rpc:localhost:13838|priority:0] returns group-523986131536:java.util.concurrent.CompletableFuture@2aa76085[Not completed]
2021-10-03 01:20:23,571 [pool-211-thread-1] INFO  server.RaftServer$Division (RaftServerImpl.java:<init>(181)) - omNode-2: new RaftServerImpl for group-523986131536:[omNode-3|rpc:localhost:13844|priority:0, omNode-1|rpc:localhost:13832|priority:0, omNode-2|rpc:localhost:13838|priority:0] with OzoneManagerStateMachine:uninitialized
2021-10-03 01:20:23,571 [Listener at localhost/13828] INFO  om.OzoneManager (OzoneManager.java:initializeRatisServer(1585)) - OzoneManager Ratis server initialized at port 13838
2021-10-03 01:20:23,572 [Listener at localhost/13828] INFO  ratis.OzoneManagerRatisServer (OzoneManagerRatisServer.java:start(516)) - Starting OzoneManagerRatisServer omNode-2 at port 13838
2021-10-03 01:20:23,572 [pool-211-thread-1] INFO  server.RaftServerConfigKeys (ConfUtils.java:logGet(44)) - raft.server.rpc.timeout.min = 1s (custom)
2021-10-03 01:20:23,572 [pool-211-thread-1] INFO  server.RaftServerConfigKeys (ConfUtils.java:logGet(44)) - raft.server.rpc.timeout.max = 1200ms (custom)
2021-10-03 01:20:23,572 [pool-211-thread-1] INFO  server.RaftServerConfigKeys (ConfUtils.java:logGet(44)) - raft.server.rpc.sleep.time = 25ms (default)
2021-10-03 01:20:23,572 [pool-211-thread-1] INFO  server.RaftServerConfigKeys (ConfUtils.java:logGet(44)) - raft.server.rpc.slowness.timeout = 2s (custom)
2021-10-03 01:20:23,572 [pool-211-thread-1] INFO  server.RaftServerConfigKeys (ConfUtils.java:logGet(44)) - raft.server.leaderelection.leader.step-down.wait-time = 10s (default)
2021-10-03 01:20:23,572 [pool-211-thread-1] INFO  server.RaftServerConfigKeys (ConfUtils.java:logGet(44)) - raft.server.sleep.deviation.threshold = 300ms (default)
2021-10-03 01:20:23,572 [pool-211-thread-1] INFO  server.RaftServerConfigKeys (ConfUtils.java:logGet(44)) - raft.server.log.appender.install.snapshot.enabled = false (custom)
2021-10-03 01:20:23,573 [pool-211-thread-1] INFO  server.RaftServer$Division (ServerState.java:<init>(105)) - omNode-2@group-523986131536: ConfigurationManager, init=-1: [omNode-3|rpc:localhost:13844|priority:0, omNode-1|rpc:localhost:13832|priority:0, omNode-2|rpc:localhost:13838|priority:0], old=null, confs=<EMPTY_MAP>
2021-10-03 01:20:23,573 [pool-211-thread-1] INFO  server.RaftServerConfigKeys (ConfUtils.java:logGet(44)) - raft.server.storage.dir = [/home/runner/work/ozone/ozone/hadoop-ozone/integration-test/target/test-dir/MiniOzoneClusterImpl-94b7d1b3-e035-4e16-be06-258bf0b7295d/omNode-2/ratis] (custom)
2021-10-03 01:20:23,573 [pool-211-thread-1] INFO  server.RaftServerConfigKeys (ConfUtils.java:logGet(44)) - raft.server.log.corruption.policy = EXCEPTION (default)
2021-10-03 01:20:23,573 [pool-211-thread-1] INFO  server.RaftServerConfigKeys (ConfUtils.java:logGet(44)) - raft.server.storage.free-space.min = 0MB (=0) (default)
2021-10-03 01:20:23,574 [pool-211-thread-1] INFO  storage.RaftStorageDirectory (RaftStorageDirectoryImpl.java:tryLock(230)) - Lock on /home/runner/work/ozone/ozone/hadoop-ozone/integration-test/target/test-dir/MiniOzoneClusterImpl-94b7d1b3-e035-4e16-be06-258bf0b7295d/omNode-2/ratis/c9bc4cf4-3bc3-3c60-a66b-523986131536/in_use.lock acquired by nodename 8541@fv-az270-324
2021-10-03 01:20:23,575 [pool-211-thread-1] INFO  storage.RaftStorage (RaftStorageImpl.java:analyzeAndRecoverStorage(110)) - Read RaftStorageMetadata{term=2, votedFor=omNode-3} from /home/runner/work/ozone/ozone/hadoop-ozone/integration-test/target/test-dir/MiniOzoneClusterImpl-94b7d1b3-e035-4e16-be06-258bf0b7295d/omNode-2/ratis/c9bc4cf4-3bc3-3c60-a66b-523986131536/current/raft-meta
2021-10-03 01:20:23,575 [pool-211-thread-1] INFO  server.RaftServer$Division (ServerState.java:setRaftConf(387)) - omNode-2@group-523986131536: set configuration 0: [omNode-3|rpc:localhost:13844|admin:|client:|dataStream:|priority:0, omNode-1|rpc:localhost:13832|admin:|client:|dataStream:|priority:0, omNode-2|rpc:localhost:13838|admin:|client:|dataStream:|priority:0], old=null
2021-10-03 01:20:23,575 [pool-211-thread-1] INFO  server.RaftServerConfigKeys (ConfUtils.java:logGet(44)) - raft.server.notification.no-leader.timeout = 2s (custom)
2021-10-03 01:20:23,575 [pool-211-thread-1] INFO  server.RaftServerConfigKeys (ConfUtils.java:logGet(44)) - raft.server.log.use.memory = false (default)
2021-10-03 01:20:23,575 [pool-211-thread-1] INFO  server.RaftServerConfigKeys (ConfUtils.java:logGet(44)) - raft.server.log.purge.gap = 50 (custom)
2021-10-03 01:20:23,575 [pool-211-thread-1] INFO  server.RaftServerConfigKeys (ConfUtils.java:logGet(44)) - raft.server.log.appender.buffer.byte-limit = 33554432 (custom)
2021-10-03 01:20:23,575 [pool-211-thread-1] INFO  server.RaftServerConfigKeys (ConfUtils.java:logGet(44)) - raft.server.log.segment.size.max = 4194304 (custom)
2021-10-03 01:20:23,576 [pool-211-thread-1] INFO  server.RaftServerConfigKeys (ConfUtils.java:logGet(44)) - raft.server.log.segment.cache.num.max = 2 (custom)
2021-10-03 01:20:23,576 [pool-211-thread-1] INFO  server.RaftServerConfigKeys (ConfUtils.java:logGet(44)) - raft.server.log.segment.cache.size.max = 200MB (=209715200) (default)
2021-10-03 01:20:23,576 [pool-211-thread-1] INFO  segmented.SegmentedRaftLogWorker (SegmentedRaftLogWorker.java:<init>(182)) - new omNode-2@group-523986131536-SegmentedRaftLogWorker for RaftStorageImpl:Storage Directory /home/runner/work/ozone/ozone/hadoop-ozone/integration-test/target/test-dir/MiniOzoneClusterImpl-94b7d1b3-e035-4e16-be06-258bf0b7295d/omNode-2/ratis/c9bc4cf4-3bc3-3c60-a66b-523986131536
2021-10-03 01:20:23,576 [pool-211-thread-1] INFO  server.RaftServerConfigKeys (ConfUtils.java:logGet(44)) - raft.server.log.queue.byte-limit = 64MB (=67108864) (default)
2021-10-03 01:20:23,576 [pool-211-thread-1] INFO  server.RaftServerConfigKeys (ConfUtils.java:logGet(44)) - raft.server.log.queue.element-limit = 4096 (default)
2021-10-03 01:20:23,576 [pool-211-thread-1] INFO  server.RaftServerConfigKeys (ConfUtils.java:logGet(44)) - raft.server.log.segment.size.max = 4194304 (custom)
2021-10-03 01:20:23,576 [pool-211-thread-1] INFO  server.RaftServerConfigKeys (ConfUtils.java:logGet(44)) - raft.server.log.preallocated.size = 4194304 (custom)
2021-10-03 01:20:23,576 [pool-211-thread-1] INFO  server.RaftServerConfigKeys (ConfUtils.java:logGet(44)) - raft.server.log.force.sync.num = 128 (default)
2021-10-03 01:20:23,576 [pool-211-thread-1] INFO  server.RaftServerConfigKeys (ConfUtils.java:logGet(44)) - raft.server.log.statemachine.data.sync = true (default)
2021-10-03 01:20:23,576 [pool-211-thread-1] INFO  server.RaftServerConfigKeys (ConfUtils.java:logGet(44)) - raft.server.log.statemachine.data.sync.timeout = 10s (default)
2021-10-03 01:20:23,576 [pool-211-thread-1] INFO  server.RaftServerConfigKeys (ConfUtils.java:logGet(44)) - raft.server.log.statemachine.data.sync.timeout.retry = -1 (default)
2021-10-03 01:20:23,577 [pool-211-thread-1] INFO  server.RaftServerConfigKeys (ConfUtils.java:logGet(44)) - raft.server.log.write.buffer.size = 64KB (=65536) (default)
2021-10-03 01:20:23,577 [pool-211-thread-1] INFO  server.RaftServerConfigKeys (ConfUtils.java:logGet(44)) - raft.server.log.statemachine.data.caching.enabled = false (default)
2021-10-03 01:20:23,578 [pool-211-thread-1] INFO  server.RaftServer$Division (ServerState.java:setRaftConf(387)) - omNode-2@group-523986131536: set configuration 0: [omNode-3|rpc:localhost:13844|admin:|client:|dataStream:|priority:0, omNode-1|rpc:localhost:13832|admin:|client:|dataStream:|priority:0, omNode-2|rpc:localhost:13838|admin:|client:|dataStream:|priority:0], old=null
2021-10-03 01:20:23,579 [pool-211-thread-1] INFO  segmented.LogSegment (LogSegment.java:loadSegment(173)) - Successfully read 19 entries from segment file /home/runner/work/ozone/ozone/hadoop-ozone/integration-test/target/test-dir/MiniOzoneClusterImpl-94b7d1b3-e035-4e16-be06-258bf0b7295d/omNode-2/ratis/c9bc4cf4-3bc3-3c60-a66b-523986131536/current/log_inprogress_0
2021-10-03 01:20:23,579 [pool-211-thread-1] INFO  segmented.SegmentedRaftLogWorker (SegmentedRaftLogWorker.java:lambda$new$0(133)) - omNode-2@group-523986131536-SegmentedRaftLogWorker: flushIndex: setUnconditionally 0 -> 18
2021-10-03 01:20:23,579 [pool-211-thread-1] INFO  segmented.SegmentedRaftLogWorker (SegmentedRaftLogWorker.java:lambda$new$0(133)) - omNode-2@group-523986131536-SegmentedRaftLogWorker: safeCacheEvictIndex: setUnconditionally 0 -> -1
2021-10-03 01:20:23,579 [pool-211-thread-1] INFO  raftlog.RaftLog (RaftLogBase.java:lambda$new$0(53)) - omNode-2@group-523986131536-SegmentedRaftLog: commitIndex: updateToMax old=17, new=16, updated? false
2021-10-03 01:20:23,579 [pool-211-thread-1] INFO  server.RaftServerConfigKeys (ConfUtils.java:logGet(44)) - raft.server.snapshot.auto.trigger.enabled = true (custom)
2021-10-03 01:20:23,579 [pool-211-thread-1] INFO  server.RaftServerConfigKeys (ConfUtils.java:logGet(44)) - raft.server.snapshot.auto.trigger.threshold = 50 (custom)
2021-10-03 01:20:23,579 [pool-211-thread-1] INFO  server.RaftServerConfigKeys (ConfUtils.java:logGet(44)) - raft.server.snapshot.retention.file.num = -1 (default)
2021-10-03 01:20:23,579 [pool-211-thread-1] INFO  server.RaftServerConfigKeys (ConfUtils.java:logGet(44)) - raft.server.log.purge.upto.snapshot.index = true (custom)
2021-10-03 01:20:23,579 [pool-211-thread-1] INFO  server.RaftServerConfigKeys (ConfUtils.java:logGet(44)) - raft.server.retrycache.expirytime = 30000ms (custom)
2021-10-03 01:20:23,579 [pool-211-thread-1] INFO  server.RaftServerConfigKeys (ConfUtils.java:logGet(44)) - raft.server.retrycache.statistics.expirytime = 100μs (default)
2021-10-03 01:20:23,580 [Listener at localhost/13828] INFO  server.RaftServer$Division (RaftServerImpl.java:start(296)) - omNode-2@group-523986131536: start as a follower, conf=0: [omNode-3|rpc:localhost:13844|admin:|client:|dataStream:|priority:0, omNode-1|rpc:localhost:13832|admin:|client:|dataStream:|priority:0, omNode-2|rpc:localhost:13838|admin:|client:|dataStream:|priority:0], old=null
2021-10-03 01:20:23,581 [Listener at localhost/13828] INFO  server.RaftServer$Division (RaftServerImpl.java:setRole(285)) - omNode-2@group-523986131536: changes role from      null to FOLLOWER at term 2 for startAsFollower
2021-10-03 01:20:23,581 [Listener at localhost/13828] INFO  impl.RoleInfo (RoleInfo.java:updateAndGet(130)) - omNode-2: start omNode-2@group-523986131536-FollowerState
2021-10-03 01:20:23,581 [Listener at localhost/13828] INFO  util.JmxRegister (JmxRegister.java:tryRegister(44)) - Successfully registered JMX Bean with object name Ratis:service=RaftServer,group=group-523986131536,id=omNode-2
2021-10-03 01:20:23,587 [Listener at localhost/13828] INFO  server.RaftServer (RaftServerProxy.java:lambda$start$5(374)) - omNode-2: start RPC server
2021-10-03 01:20:23,587 [Listener at localhost/13828] INFO  server.GrpcService (GrpcService.java:startImpl(253)) - omNode-2: GrpcService started, listening on 13838
2021-10-03 01:20:23,588 [org.apache.ratis.util.JvmPauseMonitor$$Lambda$523/2137356424@73db0b9c] INFO  util.JvmPauseMonitor (JvmPauseMonitor.java:run(103)) - JvmPauseMonitor-omNode-2: Started
2021-10-03 01:20:23,589 [Listener at localhost/13828] INFO  ipc.CallQueueManager (CallQueueManager.java:<init>(90)) - Using callQueue: class java.util.concurrent.LinkedBlockingQueue, queueCapacity: 2000, scheduler: class org.apache.hadoop.ipc.DefaultRpcScheduler, ipcBackoff: false.
2021-10-03 01:20:23,589 [Socket Reader #1 for port 13834] INFO  ipc.Server (Server.java:run(1265)) - Starting Socket Reader #1 for port 13834
2021-10-03 01:20:23,595 [Listener at localhost/13834] INFO  http.BaseHttpServer (BaseHttpServer.java:newHttpServer2BuilderForOzone(209)) - Starting Web-server for ozoneManager at: http://0.0.0.0:13836
2021-10-03 01:20:23,595 [Listener at localhost/13834] INFO  http.BaseHttpServer (BaseHttpServer.java:<init>(107)) - Hadoop Security Enabled: false Ozone Security Enabled: false Ozone HTTP Security Enabled: false 
2021-10-03 01:20:23,596 [Listener at localhost/13834] INFO  server.AuthenticationFilter (AuthenticationFilter.java:constructSecretProvider(240)) - Unable to initialize FileSignerSecretProvider, falling back to use random secrets.
2021-10-03 01:20:23,597 [Listener at localhost/13834] WARN  http.HttpRequestLog (HttpRequestLog.java:getRequestLog(103)) - Jetty request log can only be enabled using Log4j
2021-10-03 01:20:23,598 [Listener at localhost/13834] INFO  http.HttpServer2 (HttpServer2.java:addGlobalFilter(1030)) - Added global filter 'safety' (class=org.apache.hadoop.hdds.server.http.HttpServer2$QuotingInputFilter)
2021-10-03 01:20:23,599 [Listener at localhost/13834] INFO  http.HttpServer2 (HttpServer2.java:addFilter(1006)) - Added filter static_user_filter (class=org.apache.hadoop.http.lib.StaticUserWebFilter$StaticUserFilter) to context ozoneManager
2021-10-03 01:20:23,599 [Listener at localhost/13834] INFO  http.HttpServer2 (HttpServer2.java:addFilter(1014)) - Added filter static_user_filter (class=org.apache.hadoop.http.lib.StaticUserWebFilter$StaticUserFilter) to context logs
2021-10-03 01:20:23,599 [Listener at localhost/13834] INFO  http.HttpServer2 (HttpServer2.java:addFilter(1014)) - Added filter static_user_filter (class=org.apache.hadoop.http.lib.StaticUserWebFilter$StaticUserFilter) to context static
2021-10-03 01:20:23,600 [Listener at localhost/13834] INFO  http.HttpServer2 (HttpServer2.java:bindListener(1249)) - Jetty bound to port 13836
2021-10-03 01:20:23,600 [Listener at localhost/13834] INFO  server.Server (Server.java:doStart(375)) - jetty-9.4.43.v20210629; built: 2021-06-30T11:07:22.254Z; git: 526006ecfa3af7f1a27ef3a288e2bef7ea9dd7e8; jvm 1.8.0_292-b10
2021-10-03 01:20:23,601 [Listener at localhost/13834] INFO  server.session (DefaultSessionIdManager.java:doStart(334)) - DefaultSessionIdManager workerName=node0
2021-10-03 01:20:23,601 [Listener at localhost/13834] INFO  server.session (DefaultSessionIdManager.java:doStart(339)) - No SessionScavenger set, using defaults
2021-10-03 01:20:23,601 [Listener at localhost/13834] INFO  server.session (HouseKeeper.java:startScavenging(132)) - node0 Scavenging every 600000ms
2021-10-03 01:20:23,602 [Listener at localhost/13834] INFO  handler.ContextHandler (ContextHandler.java:doStart(915)) - Started o.e.j.s.ServletContextHandler@6c46fc34{logs,/logs,file:///home/runner/work/ozone/ozone/hadoop-ozone/integration-test/target/log,AVAILABLE}
2021-10-03 01:20:23,602 [Listener at localhost/13834] INFO  handler.ContextHandler (ContextHandler.java:doStart(915)) - Started o.e.j.s.ServletContextHandler@24b417b3{static,/static,file:///home/runner/work/ozone/ozone/hadoop-ozone/integration-test/target/test-classes/webapps/static,AVAILABLE}
2021-10-03 01:20:23,605 [Listener at localhost/13834] INFO  handler.ContextHandler (ContextHandler.java:doStart(915)) - Started o.e.j.w.WebAppContext@5c46dd62{ozoneManager,/,file:///home/runner/work/ozone/ozone/hadoop-ozone/integration-test/target/test-classes/webapps/ozoneManager/,AVAILABLE}{file:/home/runner/work/ozone/ozone/hadoop-ozone/integration-test/target/test-classes/webapps/ozoneManager}
2021-10-03 01:20:23,607 [Listener at localhost/13834] INFO  server.AbstractConnector (AbstractConnector.java:doStart(331)) - Started ServerConnector@1f568a62{HTTP/1.1, (http/1.1)}{0.0.0.0:13836}
2021-10-03 01:20:23,607 [Listener at localhost/13834] INFO  server.Server (Server.java:doStart(415)) - Started @148975ms
2021-10-03 01:20:23,607 [Listener at localhost/13834] WARN  impl.MetricsSystemImpl (MetricsSystemImpl.java:register(279)) - Sink prometheus already exists!
2021-10-03 01:20:23,608 [Listener at localhost/13834] INFO  http.BaseHttpServer (BaseHttpServer.java:updateConnectorAddress(329)) - HTTP server of ozoneManager listening at http://0.0.0.0:13836
2021-10-03 01:20:23,609 [IPC Server Responder] INFO  ipc.Server (Server.java:run(1507)) - IPC Server Responder: starting
2021-10-03 01:20:23,609 [IPC Server listener on 13834] INFO  ipc.Server (Server.java:run(1344)) - IPC Server listener on 13834: starting
2021-10-03 01:20:23,616 [Listener at localhost/13834] INFO  om.OzoneManager (OzoneManager.java:startTrashEmptier(1543)) - Trash Interval set to 0. Files deleted will not move to trash
2021-10-03 01:20:23,617 [org.apache.hadoop.util.JvmPauseMonitor$Monitor@1db59b37] INFO  util.JvmPauseMonitor (JvmPauseMonitor.java:run(188)) - Starting JVM pause monitor
]]></system-out>
  </testcase>
  <testcase name="testCancelPrepare" classname="org.apache.hadoop.ozone.om.TestOzoneManagerPrepare" time="12.344"/>
  <testcase name="testPrepareWithTransactions" classname="org.apache.hadoop.ozone.om.TestOzoneManagerPrepare" time="23.366"/>
  <testcase name="testPrepareDownedOM" classname="org.apache.hadoop.ozone.om.TestOzoneManagerPrepare" time="17.289"/>
  <testcase name="testPrepareWithRestart" classname="org.apache.hadoop.ozone.om.TestOzoneManagerPrepare" time="47.077"/>
</testsuite>