<?xml version="1.0" encoding="UTF-8"?>
<testsuite xmlns:xsi="http://www.w3.org/2001/XMLSchema-instance" xsi:noNamespaceSchemaLocation="https://maven.apache.org/surefire/maven-surefire-plugin/xsd/surefire-test-report.xsd" name="org.apache.hadoop.ozone.scm.node.TestDecommissionAndMaintenance" time="669.488" tests="8" errors="6" skipped="0" failures="0">
  <properties>
    <property name="awt.toolkit" value="sun.awt.X11.XToolkit"/>
    <property name="file.encoding.pkg" value="sun.io"/>
    <property name="java.specification.version" value="1.8"/>
    <property name="sun.cpu.isalist" value=""/>
    <property name="sun.jnu.encoding" value="UTF-8"/>
    <property name="java.class.path" value="/home/runner/work/ozone/ozone/hadoop-ozone/integration-test/target/test-classes:/home/runner/work/ozone/ozone/hadoop-ozone/integration-test/target/classes:/home/runner/.m2/repository/org/apache/ozone/ozone-common/1.2.0-SNAPSHOT/ozone-common-1.2.0-SNAPSHOT.jar:/home/runner/.m2/repository/org/apache/commons/commons-compress/1.21/commons-compress-1.21.jar:/home/runner/.m2/repository/org/apache/ozone/hdds-common/1.2.0-SNAPSHOT/hdds-common-1.2.0-SNAPSHOT.jar:/home/runner/.m2/repository/org/apache/ozone/hdds-client/1.2.0-SNAPSHOT/hdds-client-1.2.0-SNAPSHOT.jar:/home/runner/.m2/repository/org/apache/ozone/ozone-interface-client/1.2.0-SNAPSHOT/ozone-interface-client-1.2.0-SNAPSHOT.jar:/home/runner/.m2/repository/org/apache/ozone/hdds-test-utils/1.2.0-SNAPSHOT/hdds-test-utils-1.2.0-SNAPSHOT.jar:/home/runner/.m2/repository/com/google/guava/guava/30.1.1-jre/guava-30.1.1-jre.jar:/home/runner/.m2/repository/com/google/guava/failureaccess/1.0.1/failureaccess-1.0.1.jar:/home/runner/.m2/repository/com/google/guava/listenablefuture/9999.0-empty-to-avoid-conflict-with-guava/listenablefuture-9999.0-empty-to-avoid-conflict-with-guava.jar:/home/runner/.m2/repository/com/google/code/findbugs/jsr305/3.0.0/jsr305-3.0.0.jar:/home/runner/.m2/repository/org/checkerframework/checker-qual/3.8.0/checker-qual-3.8.0.jar:/home/runner/.m2/repository/com/google/errorprone/error_prone_annotations/2.2.0/error_prone_annotations-2.2.0.jar:/home/runner/.m2/repository/com/google/j2objc/j2objc-annotations/1.3/j2objc-annotations-1.3.jar:/home/runner/.m2/repository/commons-io/commons-io/2.11.0/commons-io-2.11.0.jar:/home/runner/.m2/repository/commons-logging/commons-logging/1.2/commons-logging-1.2.jar:/home/runner/.m2/repository/log4j/log4j/1.2.17/log4j-1.2.17.jar:/home/runner/.m2/repository/org/slf4j/slf4j-api/1.7.30/slf4j-api-1.7.30.jar:/home/runner/.m2/repository/org/apache/ozone/hdds-server-scm/1.2.0-SNAPSHOT/hdds-server-scm-1.2.0-SNAPSHOT.jar:/home/runner/.m2/repository/org/apache/ozone/hdds-container-service/1.2.0-SNAPSHOT/hdds-container-service-1.2.0-SNAPSHOT.jar:/home/runner/.m2/repository/org/apache/ozone/hdds-hadoop-dependency-server/1.2.0-SNAPSHOT/hdds-hadoop-dependency-server-1.2.0-SNAPSHOT.jar:/home/runner/.m2/repository/org/apache/hadoop/hadoop-hdfs/3.3.1/hadoop-hdfs-3.3.1.jar:/home/runner/.m2/repository/org/apache/ozone/hdds-server-framework/1.2.0-SNAPSHOT/hdds-server-framework-1.2.0-SNAPSHOT.jar:/home/runner/.m2/repository/org/apache/ozone/hdds-interface-server/1.2.0-SNAPSHOT/hdds-interface-server-1.2.0-SNAPSHOT.jar:/home/runner/.m2/repository/org/eclipse/jetty/jetty-servlet/9.4.43.v20210629/jetty-servlet-9.4.43.v20210629.jar:/home/runner/.m2/repository/org/eclipse/jetty/jetty-security/9.4.43.v20210629/jetty-security-9.4.43.v20210629.jar:/home/runner/.m2/repository/org/rocksdb/rocksdbjni/6.20.3/rocksdbjni-6.20.3.jar:/home/runner/.m2/repository/io/prometheus/simpleclient_dropwizard/0.7.0/simpleclient_dropwizard-0.7.0.jar:/home/runner/.m2/repository/io/prometheus/simpleclient/0.7.0/simpleclient-0.7.0.jar:/home/runner/.m2/repository/io/prometheus/simpleclient_common/0.7.0/simpleclient_common-0.7.0.jar:/home/runner/.m2/repository/com/fasterxml/jackson/datatype/jackson-datatype-jsr310/2.12.1/jackson-datatype-jsr310-2.12.1.jar:/home/runner/.m2/repository/io/dropwizard/metrics/metrics-core/3.2.4/metrics-core-3.2.4.jar:/home/runner/.m2/repository/org/apache/hadoop/hadoop-hdfs-client/3.3.1/hadoop-hdfs-client-3.3.1.jar:/home/runner/.m2/repository/org/bouncycastle/bcprov-jdk15on/1.67/bcprov-jdk15on-1.67.jar:/home/runner/.m2/repository/com/google/protobuf/protobuf-java/2.5.0/protobuf-java-2.5.0.jar:/home/runner/.m2/repository/org/apache/ozone/ozone-manager/1.2.0-SNAPSHOT/ozone-manager-1.2.0-SNAPSHOT.jar:/home/runner/.m2/repository/org/aspectj/aspectjrt/1.9.7/aspectjrt-1.9.7.jar:/home/runner/.m2/repository/org/aspectj/aspectjweaver/1.9.7/aspectjweaver-1.9.7.jar:/home/runner/.m2/repository/org/apache/ozone/hdds-interface-client/1.2.0-SNAPSHOT/hdds-interface-client-1.2.0-SNAPSHOT.jar:/home/runner/.m2/repository/org/apache/hadoop/thirdparty/hadoop-shaded-protobuf_3_7/1.1.1/hadoop-shaded-protobuf_3_7-1.1.1.jar:/home/runner/.m2/repository/org/apache/ozone/ozone-interface-storage/1.2.0-SNAPSHOT/ozone-interface-storage-1.2.0-SNAPSHOT.jar:/home/runner/.m2/repository/org/reflections/reflections/0.9.11/reflections-0.9.11.jar:/home/runner/.m2/repository/org/apache/hadoop/hadoop-minikdc/3.3.1/hadoop-minikdc-3.3.1.jar:/home/runner/.m2/repository/org/apache/kerby/kerb-simplekdc/1.0.1/kerb-simplekdc-1.0.1.jar:/home/runner/.m2/repository/org/apache/kerby/kerb-client/1.0.1/kerb-client-1.0.1.jar:/home/runner/.m2/repository/org/apache/kerby/kerby-config/1.0.1/kerby-config-1.0.1.jar:/home/runner/.m2/repository/org/apache/kerby/kerb-common/1.0.1/kerb-common-1.0.1.jar:/home/runner/.m2/repository/org/apache/kerby/kerb-crypto/1.0.1/kerb-crypto-1.0.1.jar:/home/runner/.m2/repository/org/apache/kerby/kerb-util/1.0.1/kerb-util-1.0.1.jar:/home/runner/.m2/repository/org/apache/kerby/token-provider/1.0.1/token-provider-1.0.1.jar:/home/runner/.m2/repository/org/apache/kerby/kerb-admin/1.0.1/kerb-admin-1.0.1.jar:/home/runner/.m2/repository/org/apache/kerby/kerb-server/1.0.1/kerb-server-1.0.1.jar:/home/runner/.m2/repository/org/apache/kerby/kerb-identity/1.0.1/kerb-identity-1.0.1.jar:/home/runner/.m2/repository/org/apache/kerby/kerby-xdr/1.0.1/kerby-xdr-1.0.1.jar:/home/runner/.m2/repository/org/slf4j/slf4j-log4j12/1.7.30/slf4j-log4j12-1.7.30.jar:/home/runner/.m2/repository/org/apache/ozone/ozone-s3gateway/1.2.0-SNAPSHOT/ozone-s3gateway-1.2.0-SNAPSHOT.jar:/home/runner/.m2/repository/org/javassist/javassist/3.21.0-GA/javassist-3.21.0-GA.jar:/home/runner/.m2/repository/org/jboss/weld/servlet/weld-servlet/2.4.7.Final/weld-servlet-2.4.7.Final.jar:/home/runner/.m2/repository/org/glassfish/jersey/containers/jersey-container-servlet-core/2.33/jersey-container-servlet-core-2.33.jar:/home/runner/.m2/repository/org/glassfish/hk2/external/jakarta.inject/2.6.1/jakarta.inject-2.6.1.jar:/home/runner/.m2/repository/org/glassfish/jersey/core/jersey-common/2.33/jersey-common-2.33.jar:/home/runner/.m2/repository/jakarta/ws/rs/jakarta.ws.rs-api/2.1.6/jakarta.ws.rs-api-2.1.6.jar:/home/runner/.m2/repository/org/glassfish/jersey/ext/cdi/jersey-cdi1x/2.33/jersey-cdi1x-2.33.jar:/home/runner/.m2/repository/org/glassfish/jersey/inject/jersey-hk2/2.33/jersey-hk2-2.33.jar:/home/runner/.m2/repository/org/glassfish/hk2/hk2-locator/2.6.1/hk2-locator-2.6.1.jar:/home/runner/.m2/repository/org/glassfish/jersey/media/jersey-media-jaxb/2.33/jersey-media-jaxb-2.33.jar:/home/runner/.m2/repository/org/glassfish/hk2/osgi-resource-locator/1.0.3/osgi-resource-locator-1.0.3.jar:/home/runner/.m2/repository/org/glassfish/hk2/hk2-api/2.5.0/hk2-api-2.5.0.jar:/home/runner/.m2/repository/org/glassfish/hk2/hk2-utils/2.5.0/hk2-utils-2.5.0.jar:/home/runner/.m2/repository/org/glassfish/hk2/external/aopalliance-repackaged/2.5.0/aopalliance-repackaged-2.5.0.jar:/home/runner/.m2/repository/com/fasterxml/jackson/dataformat/jackson-dataformat-xml/2.12.1/jackson-dataformat-xml-2.12.1.jar:/home/runner/.m2/repository/com/fasterxml/jackson/core/jackson-core/2.12.1/jackson-core-2.12.1.jar:/home/runner/.m2/repository/com/fasterxml/jackson/module/jackson-module-jaxb-annotations/2.12.1/jackson-module-jaxb-annotations-2.12.1.jar:/home/runner/.m2/repository/jakarta/xml/bind/jakarta.xml.bind-api/2.3.2/jakarta.xml.bind-api-2.3.2.jar:/home/runner/.m2/repository/org/codehaus/woodstox/stax2-api/3.1.4/stax2-api-3.1.4.jar:/home/runner/.m2/repository/com/fasterxml/woodstox/woodstox-core/5.0.3/woodstox-core-5.0.3.jar:/home/runner/.m2/repository/javax/enterprise/cdi-api/1.2/cdi-api-1.2.jar:/home/runner/.m2/repository/javax/el/javax.el-api/3.0.0/javax.el-api-3.0.0.jar:/home/runner/.m2/repository/javax/interceptor/javax.interceptor-api/1.2/javax.interceptor-api-1.2.jar:/home/runner/.m2/repository/javax/inject/javax.inject/1/javax.inject-1.jar:/home/runner/.m2/repository/javax/xml/bind/jaxb-api/2.3.0/jaxb-api-2.3.0.jar:/home/runner/.m2/repository/org/glassfish/jaxb/jaxb-runtime/2.3.0.1/jaxb-runtime-2.3.0.1.jar:/home/runner/.m2/repository/org/glassfish/jaxb/jaxb-core/2.3.0.1/jaxb-core-2.3.0.1.jar:/home/runner/.m2/repository/org/glassfish/jaxb/txw2/2.3.0.1/txw2-2.3.0.1.jar:/home/runner/.m2/repository/com/sun/istack/istack-commons-runtime/3.0.5/istack-commons-runtime-3.0.5.jar:/home/runner/.m2/repository/org/jvnet/staxex/stax-ex/1.7.8/stax-ex-1.7.8.jar:/home/runner/.m2/repository/com/sun/xml/fastinfoset/FastInfoset/1.2.13/FastInfoset-1.2.13.jar:/home/runner/.m2/repository/javax/activation/activation/1.1.1/activation-1.1.1.jar:/home/runner/.m2/repository/org/apache/ozone/ozone-csi/1.2.0-SNAPSHOT/ozone-csi-1.2.0-SNAPSHOT.jar:/home/runner/.m2/repository/com/google/protobuf/protobuf-java-util/3.12.0/protobuf-java-util-3.12.0.jar:/home/runner/.m2/repository/com/google/code/gson/gson/2.2.4/gson-2.2.4.jar:/home/runner/.m2/repository/org/apache/ozone/hdds-config/1.2.0-SNAPSHOT/hdds-config-1.2.0-SNAPSHOT.jar:/home/runner/.m2/repository/io/grpc/grpc-netty/1.33.0/grpc-netty-1.33.0.jar:/home/runner/.m2/repository/io/grpc/grpc-core/1.33.0/grpc-core-1.33.0.jar:/home/runner/.m2/repository/com/google/android/annotations/4.1.1.4/annotations-4.1.1.4.jar:/home/runner/.m2/repository/io/netty/netty-codec-http2/4.1.63.Final/netty-codec-http2-4.1.63.Final.jar:/home/runner/.m2/repository/io/netty/netty-codec-http/4.1.63.Final/netty-codec-http-4.1.63.Final.jar:/home/runner/.m2/repository/io/netty/netty-handler-proxy/4.1.63.Final/netty-handler-proxy-4.1.63.Final.jar:/home/runner/.m2/repository/io/netty/netty-codec-socks/4.1.63.Final/netty-codec-socks-4.1.63.Final.jar:/home/runner/.m2/repository/io/perfmark/perfmark-api/0.19.0/perfmark-api-0.19.0.jar:/home/runner/.m2/repository/org/codehaus/mojo/animal-sniffer-annotations/1.18/animal-sniffer-annotations-1.18.jar:/home/runner/.m2/repository/io/netty/netty-transport-native-epoll/4.1.63.Final/netty-transport-native-epoll-4.1.63.Final.jar:/home/runner/.m2/repository/io/netty/netty-common/4.1.63.Final/netty-common-4.1.63.Final.jar:/home/runner/.m2/repository/io/netty/netty-buffer/4.1.63.Final/netty-buffer-4.1.63.Final.jar:/home/runner/.m2/repository/io/netty/netty-transport-native-unix-common/4.1.63.Final/netty-transport-native-unix-common-4.1.63.Final.jar:/home/runner/.m2/repository/io/grpc/grpc-protobuf/1.33.0/grpc-protobuf-1.33.0.jar:/home/runner/.m2/repository/io/grpc/grpc-api/1.33.0/grpc-api-1.33.0.jar:/home/runner/.m2/repository/io/grpc/grpc-context/1.33.0/grpc-context-1.33.0.jar:/home/runner/.m2/repository/com/google/api/grpc/proto-google-common-protos/1.17.0/proto-google-common-protos-1.17.0.jar:/home/runner/.m2/repository/io/grpc/grpc-protobuf-lite/1.33.0/grpc-protobuf-lite-1.33.0.jar:/home/runner/.m2/repository/io/grpc/grpc-stub/1.33.0/grpc-stub-1.33.0.jar:/home/runner/.m2/repository/org/apache/ozone/ozone-recon/1.2.0-SNAPSHOT/ozone-recon-1.2.0-SNAPSHOT.jar:/home/runner/.m2/repository/org/apache/ozone/ozone-reconcodegen/1.2.0-SNAPSHOT/ozone-reconcodegen-1.2.0-SNAPSHOT.jar:/home/runner/.m2/repository/com/google/inject/extensions/guice-multibindings/4.0/guice-multibindings-4.0.jar:/home/runner/.m2/repository/com/google/inject/guice/4.0/guice-4.0.jar:/home/runner/.m2/repository/aopalliance/aopalliance/1.0/aopalliance-1.0.jar:/home/runner/.m2/repository/com/google/inject/extensions/guice-assistedinject/4.0/guice-assistedinject-4.0.jar:/home/runner/.m2/repository/com/google/inject/extensions/guice-servlet/4.0/guice-servlet-4.0.jar:/home/runner/.m2/repository/org/glassfish/jersey/containers/jersey-container-servlet/2.33/jersey-container-servlet-2.33.jar:/home/runner/.m2/repository/org/glassfish/hk2/guice-bridge/2.5.0/guice-bridge-2.5.0.jar:/home/runner/.m2/repository/org/glassfish/jersey/core/jersey-server/2.33/jersey-server-2.33.jar:/home/runner/.m2/repository/org/glassfish/jersey/core/jersey-client/2.33/jersey-client-2.33.jar:/home/runner/.m2/repository/jakarta/annotation/jakarta.annotation-api/1.3.5/jakarta.annotation-api-1.3.5.jar:/home/runner/.m2/repository/jakarta/validation/jakarta.validation-api/2.0.2/jakarta.validation-api-2.0.2.jar:/home/runner/.m2/repository/org/glassfish/jersey/media/jersey-media-json-jackson/2.33/jersey-media-json-jackson-2.33.jar:/home/runner/.m2/repository/org/glassfish/jersey/ext/jersey-entity-filtering/2.33/jersey-entity-filtering-2.33.jar:/home/runner/.m2/repository/org/jooq/jooq/3.11.10/jooq-3.11.10.jar:/home/runner/.m2/repository/org/jooq/jooq-meta/3.11.10/jooq-meta-3.11.10.jar:/home/runner/.m2/repository/org/jooq/jooq-codegen/3.11.10/jooq-codegen-3.11.10.jar:/home/runner/.m2/repository/com/jolbox/bonecp/0.8.0.RELEASE/bonecp-0.8.0.RELEASE.jar:/home/runner/.m2/repository/org/apache/derby/derby/10.14.2.0/derby-10.14.2.0.jar:/home/runner/.m2/repository/org/xerial/sqlite-jdbc/3.25.2/sqlite-jdbc-3.25.2.jar:/home/runner/.m2/repository/org/springframework/spring-jdbc/5.2.17.RELEASE/spring-jdbc-5.2.17.RELEASE.jar:/home/runner/.m2/repository/org/springframework/spring-beans/5.2.17.RELEASE/spring-beans-5.2.17.RELEASE.jar:/home/runner/.m2/repository/org/springframework/spring-core/5.2.17.RELEASE/spring-core-5.2.17.RELEASE.jar:/home/runner/.m2/repository/org/springframework/spring-jcl/5.2.17.RELEASE/spring-jcl-5.2.17.RELEASE.jar:/home/runner/.m2/repository/org/springframework/spring-tx/5.2.17.RELEASE/spring-tx-5.2.17.RELEASE.jar:/home/runner/.m2/repository/org/apache/ozone/ozone-client/1.2.0-SNAPSHOT/ozone-client-1.2.0-SNAPSHOT.jar:/home/runner/.m2/repository/org/apache/ozone/ozone-filesystem/1.2.0-SNAPSHOT/ozone-filesystem-1.2.0-SNAPSHOT.jar:/home/runner/.m2/repository/org/apache/ozone/ozone-filesystem-common/1.2.0-SNAPSHOT/ozone-filesystem-common-1.2.0-SNAPSHOT.jar:/home/runner/.m2/repository/org/apache/ozone/ozone-tools/1.2.0-SNAPSHOT/ozone-tools-1.2.0-SNAPSHOT.jar:/home/runner/.m2/repository/org/apache/ratis/ratis-tools/2.2.0/ratis-tools-2.2.0.jar:/home/runner/.m2/repository/com/amazonaws/aws-java-sdk-core/1.11.1034/aws-java-sdk-core-1.11.1034.jar:/home/runner/.m2/repository/org/apache/httpcomponents/httpclient/4.5.13/httpclient-4.5.13.jar:/home/runner/.m2/repository/org/apache/httpcomponents/httpcore/4.4.13/httpcore-4.4.13.jar:/home/runner/.m2/repository/software/amazon/ion/ion-java/1.0.2/ion-java-1.0.2.jar:/home/runner/.m2/repository/com/fasterxml/jackson/dataformat/jackson-dataformat-cbor/2.12.1/jackson-dataformat-cbor-2.12.1.jar:/home/runner/.m2/repository/joda-time/joda-time/2.8.1/joda-time-2.8.1.jar:/home/runner/.m2/repository/com/amazonaws/aws-java-sdk-s3/1.11.1034/aws-java-sdk-s3-1.11.1034.jar:/home/runner/.m2/repository/com/amazonaws/aws-java-sdk-kms/1.11.1034/aws-java-sdk-kms-1.11.1034.jar:/home/runner/.m2/repository/com/amazonaws/jmespath-java/1.11.1034/jmespath-java-1.11.1034.jar:/home/runner/.m2/repository/org/kohsuke/metainf-services/metainf-services/1.8/metainf-services-1.8.jar:/home/runner/.m2/repository/org/apache/ozone/hdds-tools/1.2.0-SNAPSHOT/hdds-tools-1.2.0-SNAPSHOT.jar:/home/runner/.m2/repository/commons-cli/commons-cli/1.2/commons-cli-1.2.jar:/home/runner/.m2/repository/org/apache/commons/commons-lang3/3.7/commons-lang3-3.7.jar:/home/runner/.m2/repository/org/apache/ozone/ozone-manager/1.2.0-SNAPSHOT/ozone-manager-1.2.0-SNAPSHOT-tests.jar:/home/runner/.m2/repository/org/apache/ozone/hdds-common/1.2.0-SNAPSHOT/hdds-common-1.2.0-SNAPSHOT-tests.jar:/home/runner/.m2/repository/org/apache/ozone/hdds-hadoop-dependency-client/1.2.0-SNAPSHOT/hdds-hadoop-dependency-client-1.2.0-SNAPSHOT.jar:/home/runner/.m2/repository/info/picocli/picocli/4.6.1/picocli-4.6.1.jar:/home/runner/.m2/repository/com/fasterxml/jackson/core/jackson-annotations/2.12.1/jackson-annotations-2.12.1.jar:/home/runner/.m2/repository/javax/annotation/javax.annotation-api/1.2/javax.annotation-api-1.2.jar:/home/runner/.m2/repository/org/apache/ratis/ratis-server/2.2.0/ratis-server-2.2.0.jar:/home/runner/.m2/repository/org/apache/ratis/ratis-client/2.2.0/ratis-client-2.2.0.jar:/home/runner/.m2/repository/org/apache/ratis/ratis-server-api/2.2.0/ratis-server-api-2.2.0.jar:/home/runner/.m2/repository/org/apache/ratis/ratis-metrics/2.2.0/ratis-metrics-2.2.0.jar:/home/runner/.m2/repository/org/apache/ratis/ratis-netty/2.2.0/ratis-netty-2.2.0.jar:/home/runner/.m2/repository/org/apache/ratis/ratis-grpc/2.2.0/ratis-grpc-2.2.0.jar:/home/runner/.m2/repository/org/apache/logging/log4j/log4j-api/2.13.3/log4j-api-2.13.3.jar:/home/runner/.m2/repository/org/apache/logging/log4j/log4j-core/2.13.3/log4j-core-2.13.3.jar:/home/runner/.m2/repository/com/lmax/disruptor/3.4.2/disruptor-3.4.2.jar:/home/runner/.m2/repository/org/apache/commons/commons-pool2/2.6.0/commons-pool2-2.6.0.jar:/home/runner/.m2/repository/org/bouncycastle/bcpkix-jdk15on/1.67/bcpkix-jdk15on-1.67.jar:/home/runner/.m2/repository/commons-validator/commons-validator/1.6/commons-validator-1.6.jar:/home/runner/.m2/repository/commons-beanutils/commons-beanutils/1.9.4/commons-beanutils-1.9.4.jar:/home/runner/.m2/repository/commons-digester/commons-digester/1.8.1/commons-digester-1.8.1.jar:/home/runner/.m2/repository/commons-collections/commons-collections/3.2.2/commons-collections-3.2.2.jar:/home/runner/.m2/repository/io/jaegertracing/jaeger-client/1.6.0/jaeger-client-1.6.0.jar:/home/runner/.m2/repository/io/jaegertracing/jaeger-thrift/1.6.0/jaeger-thrift-1.6.0.jar:/home/runner/.m2/repository/org/apache/thrift/libthrift/0.14.1/libthrift-0.14.1.jar:/home/runner/.m2/repository/com/squareup/okhttp3/okhttp/4.9.0/okhttp-4.9.0.jar:/home/runner/.m2/repository/com/squareup/okio/okio/2.8.0/okio-2.8.0.jar:/home/runner/.m2/repository/io/jaegertracing/jaeger-core/1.6.0/jaeger-core-1.6.0.jar:/home/runner/.m2/repository/io/jaegertracing/jaeger-tracerresolver/1.6.0/jaeger-tracerresolver-1.6.0.jar:/home/runner/.m2/repository/io/opentracing/contrib/opentracing-tracerresolver/0.1.8/opentracing-tracerresolver-0.1.8.jar:/home/runner/.m2/repository/org/jetbrains/kotlin/kotlin-stdlib/1.4.31/kotlin-stdlib-1.4.31.jar:/home/runner/.m2/repository/org/jetbrains/kotlin/kotlin-stdlib-common/1.4.31/kotlin-stdlib-common-1.4.31.jar:/home/runner/.m2/repository/org/jetbrains/annotations/13.0/annotations-13.0.jar:/home/runner/.m2/repository/io/opentracing/opentracing-util/0.33.0/opentracing-util-0.33.0.jar:/home/runner/.m2/repository/io/opentracing/opentracing-api/0.33.0/opentracing-api-0.33.0.jar:/home/runner/.m2/repository/io/opentracing/opentracing-noop/0.33.0/opentracing-noop-0.33.0.jar:/home/runner/.m2/repository/org/yaml/snakeyaml/1.26/snakeyaml-1.26.jar:/home/runner/.m2/repository/org/apache/ozone/hdds-interface-admin/1.2.0-SNAPSHOT/hdds-interface-admin-1.2.0-SNAPSHOT.jar:/home/runner/.m2/repository/junit/junit/4.13.1/junit-4.13.1.jar:/home/runner/.m2/repository/org/hamcrest/hamcrest-core/1.3/hamcrest-core-1.3.jar:/home/runner/.m2/repository/org/junit/jupiter/junit-jupiter-api/5.7.0/junit-jupiter-api-5.7.0.jar:/home/runner/.m2/repository/org/apiguardian/apiguardian-api/1.1.0/apiguardian-api-1.1.0.jar:/home/runner/.m2/repository/org/opentest4j/opentest4j/1.2.0/opentest4j-1.2.0.jar:/home/runner/.m2/repository/org/junit/platform/junit-platform-commons/1.7.0/junit-platform-commons-1.7.0.jar:/home/runner/.m2/repository/org/junit/jupiter/junit-jupiter-engine/5.7.0/junit-jupiter-engine-5.7.0.jar:/home/runner/.m2/repository/org/junit/platform/junit-platform-engine/1.7.0/junit-platform-engine-1.7.0.jar:/home/runner/.m2/repository/org/junit/vintage/junit-vintage-engine/5.7.0/junit-vintage-engine-5.7.0.jar:/home/runner/.m2/repository/org/junit/platform/junit-platform-launcher/1.7.0/junit-platform-launcher-1.7.0.jar:/home/runner/.m2/repository/org/openjdk/jmh/jmh-core/1.19/jmh-core-1.19.jar:/home/runner/.m2/repository/net/sf/jopt-simple/jopt-simple/4.6/jopt-simple-4.6.jar:/home/runner/.m2/repository/org/apache/commons/commons-math3/3.1.1/commons-math3-3.1.1.jar:/home/runner/.m2/repository/org/openjdk/jmh/jmh-generator-annprocess/1.19/jmh-generator-annprocess-1.19.jar:/home/runner/.m2/repository/org/mockito/mockito-core/2.28.2/mockito-core-2.28.2.jar:/home/runner/.m2/repository/net/bytebuddy/byte-buddy/1.9.10/byte-buddy-1.9.10.jar:/home/runner/.m2/repository/net/bytebuddy/byte-buddy-agent/1.9.10/byte-buddy-agent-1.9.10.jar:/home/runner/.m2/repository/org/objenesis/objenesis/1.0/objenesis-1.0.jar:/home/runner/.m2/repository/org/apache/hadoop/hadoop-kms/3.3.1/hadoop-kms-3.3.1.jar:/home/runner/.m2/repository/org/apache/hadoop/hadoop-auth/3.3.1/hadoop-auth-3.3.1.jar:/home/runner/.m2/repository/com/nimbusds/nimbus-jose-jwt/7.9/nimbus-jose-jwt-7.9.jar:/home/runner/.m2/repository/com/github/stephenc/jcip/jcip-annotations/1.0-1/jcip-annotations-1.0-1.jar:/home/runner/.m2/repository/net/minidev/json-smart/2.3.1/json-smart-2.3.1.jar:/home/runner/.m2/repository/net/minidev/accessors-smart/2.3.1/accessors-smart-2.3.1.jar:/home/runner/.m2/repository/org/ow2/asm/asm/5.0.4/asm-5.0.4.jar:/home/runner/.m2/repository/org/apache/zookeeper/zookeeper/3.5.6/zookeeper-3.5.6.jar:/home/runner/.m2/repository/org/apache/zookeeper/zookeeper-jute/3.5.6/zookeeper-jute-3.5.6.jar:/home/runner/.m2/repository/org/apache/yetus/audience-annotations/0.5.0/audience-annotations-0.5.0.jar:/home/runner/.m2/repository/org/apache/curator/curator-framework/4.2.0/curator-framework-4.2.0.jar:/home/runner/.m2/repository/org/apache/hadoop/thirdparty/hadoop-shaded-guava/1.1.1/hadoop-shaded-guava-1.1.1.jar:/home/runner/.m2/repository/com/sun/jersey/jersey-core/1.19/jersey-core-1.19.jar:/home/runner/.m2/repository/javax/ws/rs/jsr311-api/1.1.1/jsr311-api-1.1.1.jar:/home/runner/.m2/repository/com/sun/jersey/jersey-server/1.19/jersey-server-1.19.jar:/home/runner/.m2/repository/javax/servlet/javax.servlet-api/3.1.0/javax.servlet-api-3.1.0.jar:/home/runner/.m2/repository/org/eclipse/jetty/jetty-server/9.4.43.v20210629/jetty-server-9.4.43.v20210629.jar:/home/runner/.m2/repository/org/eclipse/jetty/jetty-http/9.4.43.v20210629/jetty-http-9.4.43.v20210629.jar:/home/runner/.m2/repository/org/eclipse/jetty/jetty-io/9.4.43.v20210629/jetty-io-9.4.43.v20210629.jar:/home/runner/.m2/repository/org/eclipse/jetty/jetty-webapp/9.4.43.v20210629/jetty-webapp-9.4.43.v20210629.jar:/home/runner/.m2/repository/org/eclipse/jetty/jetty-xml/9.4.43.v20210629/jetty-xml-9.4.43.v20210629.jar:/home/runner/.m2/repository/org/apache/hadoop/hadoop-common/3.3.1/hadoop-common-3.3.1.jar:/home/runner/.m2/repository/commons-net/commons-net/3.6/commons-net-3.6.jar:/home/runner/.m2/repository/jakarta/activation/jakarta.activation-api/1.2.1/jakarta.activation-api-1.2.1.jar:/home/runner/.m2/repository/com/sun/jersey/jersey-servlet/1.19/jersey-servlet-1.19.jar:/home/runner/.m2/repository/com/sun/jersey/jersey-json/1.19/jersey-json-1.19.jar:/home/runner/.m2/repository/org/codehaus/jettison/jettison/1.1/jettison-1.1.jar:/home/runner/.m2/repository/com/sun/xml/bind/jaxb-impl/2.2.3-1/jaxb-impl-2.2.3-1.jar:/home/runner/.m2/repository/org/codehaus/jackson/jackson-jaxrs/1.9.2/jackson-jaxrs-1.9.2.jar:/home/runner/.m2/repository/org/codehaus/jackson/jackson-xc/1.9.2/jackson-xc-1.9.2.jar:/home/runner/.m2/repository/org/apache/commons/commons-configuration2/2.1.1/commons-configuration2-2.1.1.jar:/home/runner/.m2/repository/org/apache/commons/commons-text/1.4/commons-text-1.4.jar:/home/runner/.m2/repository/com/google/re2j/re2j/1.1/re2j-1.1.jar:/home/runner/.m2/repository/com/jcraft/jsch/0.1.54/jsch-0.1.54.jar:/home/runner/.m2/repository/org/apache/curator/curator-client/4.2.0/curator-client-4.2.0.jar:/home/runner/.m2/repository/org/apache/curator/curator-recipes/4.2.0/curator-recipes-4.2.0.jar:/home/runner/.m2/repository/org/apache/kerby/kerb-core/1.0.1/kerb-core-1.0.1.jar:/home/runner/.m2/repository/org/apache/kerby/kerby-pkix/1.0.1/kerby-pkix-1.0.1.jar:/home/runner/.m2/repository/org/apache/kerby/kerby-asn1/1.0.1/kerby-asn1-1.0.1.jar:/home/runner/.m2/repository/org/apache/kerby/kerby-util/1.0.1/kerby-util-1.0.1.jar:/home/runner/.m2/repository/dnsjava/dnsjava/2.1.7/dnsjava-2.1.7.jar:/home/runner/.m2/repository/org/xerial/snappy/snappy-java/1.1.8.2/snappy-java-1.1.8.2.jar:/home/runner/.m2/repository/org/slf4j/jul-to-slf4j/1.7.30/jul-to-slf4j-1.7.30.jar:/home/runner/.m2/repository/org/eclipse/jetty/jetty-util/9.4.43.v20210629/jetty-util-9.4.43.v20210629.jar:/home/runner/.m2/repository/com/fasterxml/jackson/core/jackson-databind/2.12.1/jackson-databind-2.12.1.jar:/home/runner/.m2/repository/org/apache/hadoop/hadoop-kms/3.3.1/hadoop-kms-3.3.1-tests.jar:/home/runner/.m2/repository/org/apache/ozone/hdds-server-scm/1.2.0-SNAPSHOT/hdds-server-scm-1.2.0-SNAPSHOT-tests.jar:/home/runner/.m2/repository/org/apache/ozone/hdds-container-service/1.2.0-SNAPSHOT/hdds-container-service-1.2.0-SNAPSHOT-tests.jar:/home/runner/.m2/repository/commons-codec/commons-codec/1.11/commons-codec-1.11.jar:/home/runner/.m2/repository/io/netty/netty-transport/4.1.63.Final/netty-transport-4.1.63.Final.jar:/home/runner/.m2/repository/io/netty/netty-resolver/4.1.63.Final/netty-resolver-4.1.63.Final.jar:/home/runner/.m2/repository/io/netty/netty-codec/4.1.63.Final/netty-codec-4.1.63.Final.jar:/home/runner/.m2/repository/io/netty/netty-handler/4.1.63.Final/netty-handler-4.1.63.Final.jar:/home/runner/.m2/repository/org/apache/ozone/hdds-hadoop-dependency-test/1.2.0-SNAPSHOT/hdds-hadoop-dependency-test-1.2.0-SNAPSHOT.jar:/home/runner/.m2/repository/org/apache/hadoop/hadoop-common/3.3.1/hadoop-common-3.3.1-tests.jar:/home/runner/.m2/repository/org/assertj/assertj-core/3.12.2/assertj-core-3.12.2.jar:/home/runner/.m2/repository/org/apache/hadoop/hadoop-hdfs/3.3.1/hadoop-hdfs-3.3.1-tests.jar:/home/runner/.m2/repository/org/eclipse/jetty/jetty-util-ajax/9.4.43.v20210629/jetty-util-ajax-9.4.43.v20210629.jar:/home/runner/.m2/repository/commons-daemon/commons-daemon/1.0.13/commons-daemon-1.0.13.jar:/home/runner/.m2/repository/io/netty/netty/3.10.6.Final/netty-3.10.6.Final.jar:/home/runner/.m2/repository/io/netty/netty-all/4.1.63.Final/netty-all-4.1.63.Final.jar:/home/runner/.m2/repository/org/apache/htrace/htrace-core4/4.1.0-incubating/htrace-core4-4.1.0-incubating.jar:/home/runner/.m2/repository/org/fusesource/leveldbjni/leveldbjni-all/1.8/leveldbjni-all-1.8.jar:/home/runner/.m2/repository/org/apache/hadoop/hadoop-distcp/3.3.1/hadoop-distcp-3.3.1.jar:/home/runner/.m2/repository/org/apache/hadoop/hadoop-mapreduce-client-jobclient/3.3.1/hadoop-mapreduce-client-jobclient-3.3.1.jar:/home/runner/.m2/repository/org/apache/hadoop/hadoop-mapreduce-client-common/3.3.1/hadoop-mapreduce-client-common-3.3.1.jar:/home/runner/.m2/repository/org/apache/hadoop/hadoop-yarn-common/3.3.1/hadoop-yarn-common-3.3.1.jar:/home/runner/.m2/repository/org/apache/hadoop/hadoop-yarn-api/3.3.1/hadoop-yarn-api-3.3.1.jar:/home/runner/.m2/repository/com/sun/jersey/jersey-client/1.19/jersey-client-1.19.jar:/home/runner/.m2/repository/com/sun/jersey/contribs/jersey-guice/1.19/jersey-guice-1.19.jar:/home/runner/.m2/repository/com/fasterxml/jackson/jaxrs/jackson-jaxrs-json-provider/2.12.1/jackson-jaxrs-json-provider-2.12.1.jar:/home/runner/.m2/repository/com/fasterxml/jackson/jaxrs/jackson-jaxrs-base/2.12.1/jackson-jaxrs-base-2.12.1.jar:/home/runner/.m2/repository/org/apache/hadoop/hadoop-yarn-client/3.3.1/hadoop-yarn-client-3.3.1.jar:/home/runner/.m2/repository/org/eclipse/jetty/websocket/websocket-client/9.4.40.v20210413/websocket-client-9.4.40.v20210413.jar:/home/runner/.m2/repository/org/eclipse/jetty/jetty-client/9.4.40.v20210413/jetty-client-9.4.40.v20210413.jar:/home/runner/.m2/repository/org/eclipse/jetty/websocket/websocket-common/9.4.40.v20210413/websocket-common-9.4.40.v20210413.jar:/home/runner/.m2/repository/org/eclipse/jetty/websocket/websocket-api/9.4.40.v20210413/websocket-api-9.4.40.v20210413.jar:/home/runner/.m2/repository/org/jline/jline/3.9.0/jline-3.9.0.jar:/home/runner/.m2/repository/org/apache/hadoop/hadoop-mapreduce-client-core/3.3.1/hadoop-mapreduce-client-core-3.3.1.jar:/home/runner/.m2/repository/org/apache/avro/avro/1.7.7/avro-1.7.7.jar:/home/runner/.m2/repository/org/codehaus/jackson/jackson-core-asl/1.9.13/jackson-core-asl-1.9.13.jar:/home/runner/.m2/repository/org/codehaus/jackson/jackson-mapper-asl/1.9.13/jackson-mapper-asl-1.9.13.jar:/home/runner/.m2/repository/com/thoughtworks/paranamer/paranamer/2.3/paranamer-2.3.jar:/home/runner/.m2/repository/org/apache/hadoop/hadoop-annotations/3.3.1/hadoop-annotations-3.3.1.jar:/usr/lib/jvm/adoptopenjdk-8-hotspot-amd64/jre/../lib/tools.jar:/home/runner/.m2/repository/org/apache/hadoop/hadoop-distcp/3.3.1/hadoop-distcp-3.3.1-tests.jar:/home/runner/.m2/repository/org/apache/ratis/ratis-common/2.2.0/ratis-common-2.2.0.jar:/home/runner/.m2/repository/org/apache/ratis/ratis-thirdparty-misc/0.7.0/ratis-thirdparty-misc-0.7.0.jar:/home/runner/.m2/repository/org/apache/ratis/ratis-proto/2.2.0/ratis-proto-2.2.0.jar:"/>
    <property name="java.vm.vendor" value="AdoptOpenJDK"/>
    <property name="sun.arch.data.model" value="64"/>
    <property name="test.build.dir" value="/home/runner/work/ozone/ozone/hadoop-ozone/integration-test/target/test-dir"/>
    <property name="test.cache.data" value=""/>
    <property name="java.vendor.url" value="https://adoptopenjdk.net/"/>
    <property name="user.timezone" value=""/>
    <property name="java.vm.specification.version" value="1.8"/>
    <property name="os.name" value="Linux"/>
    <property name="test.build.data" value="/home/runner/work/ozone/ozone/hadoop-ozone/integration-test/target/test-dir"/>
    <property name="sun.java.launcher" value="SUN_STANDARD"/>
    <property name="sun.boot.library.path" value="/usr/lib/jvm/adoptopenjdk-8-hotspot-amd64/jre/lib/amd64"/>
    <property name="sun.java.command" value="/home/runner/work/ozone/ozone/hadoop-ozone/integration-test/target/surefire/surefirebooter7047162484551540099.jar /home/runner/work/ozone/ozone/hadoop-ozone/integration-test/target/surefire 2021-11-06T12-48-23_841-jvmRun1 surefire3767173206621717274tmp surefire_488490152211468251165tmp"/>
    <property name="surefire.test.class.path" value="/home/runner/work/ozone/ozone/hadoop-ozone/integration-test/target/test-classes:/home/runner/work/ozone/ozone/hadoop-ozone/integration-test/target/classes:/home/runner/.m2/repository/org/apache/ozone/ozone-common/1.2.0-SNAPSHOT/ozone-common-1.2.0-SNAPSHOT.jar:/home/runner/.m2/repository/org/apache/commons/commons-compress/1.21/commons-compress-1.21.jar:/home/runner/.m2/repository/org/apache/ozone/hdds-common/1.2.0-SNAPSHOT/hdds-common-1.2.0-SNAPSHOT.jar:/home/runner/.m2/repository/org/apache/ozone/hdds-client/1.2.0-SNAPSHOT/hdds-client-1.2.0-SNAPSHOT.jar:/home/runner/.m2/repository/org/apache/ozone/ozone-interface-client/1.2.0-SNAPSHOT/ozone-interface-client-1.2.0-SNAPSHOT.jar:/home/runner/.m2/repository/org/apache/ozone/hdds-test-utils/1.2.0-SNAPSHOT/hdds-test-utils-1.2.0-SNAPSHOT.jar:/home/runner/.m2/repository/com/google/guava/guava/30.1.1-jre/guava-30.1.1-jre.jar:/home/runner/.m2/repository/com/google/guava/failureaccess/1.0.1/failureaccess-1.0.1.jar:/home/runner/.m2/repository/com/google/guava/listenablefuture/9999.0-empty-to-avoid-conflict-with-guava/listenablefuture-9999.0-empty-to-avoid-conflict-with-guava.jar:/home/runner/.m2/repository/com/google/code/findbugs/jsr305/3.0.0/jsr305-3.0.0.jar:/home/runner/.m2/repository/org/checkerframework/checker-qual/3.8.0/checker-qual-3.8.0.jar:/home/runner/.m2/repository/com/google/errorprone/error_prone_annotations/2.2.0/error_prone_annotations-2.2.0.jar:/home/runner/.m2/repository/com/google/j2objc/j2objc-annotations/1.3/j2objc-annotations-1.3.jar:/home/runner/.m2/repository/commons-io/commons-io/2.11.0/commons-io-2.11.0.jar:/home/runner/.m2/repository/commons-logging/commons-logging/1.2/commons-logging-1.2.jar:/home/runner/.m2/repository/log4j/log4j/1.2.17/log4j-1.2.17.jar:/home/runner/.m2/repository/org/slf4j/slf4j-api/1.7.30/slf4j-api-1.7.30.jar:/home/runner/.m2/repository/org/apache/ozone/hdds-server-scm/1.2.0-SNAPSHOT/hdds-server-scm-1.2.0-SNAPSHOT.jar:/home/runner/.m2/repository/org/apache/ozone/hdds-container-service/1.2.0-SNAPSHOT/hdds-container-service-1.2.0-SNAPSHOT.jar:/home/runner/.m2/repository/org/apache/ozone/hdds-hadoop-dependency-server/1.2.0-SNAPSHOT/hdds-hadoop-dependency-server-1.2.0-SNAPSHOT.jar:/home/runner/.m2/repository/org/apache/hadoop/hadoop-hdfs/3.3.1/hadoop-hdfs-3.3.1.jar:/home/runner/.m2/repository/org/apache/ozone/hdds-server-framework/1.2.0-SNAPSHOT/hdds-server-framework-1.2.0-SNAPSHOT.jar:/home/runner/.m2/repository/org/apache/ozone/hdds-interface-server/1.2.0-SNAPSHOT/hdds-interface-server-1.2.0-SNAPSHOT.jar:/home/runner/.m2/repository/org/eclipse/jetty/jetty-servlet/9.4.43.v20210629/jetty-servlet-9.4.43.v20210629.jar:/home/runner/.m2/repository/org/eclipse/jetty/jetty-security/9.4.43.v20210629/jetty-security-9.4.43.v20210629.jar:/home/runner/.m2/repository/org/rocksdb/rocksdbjni/6.20.3/rocksdbjni-6.20.3.jar:/home/runner/.m2/repository/io/prometheus/simpleclient_dropwizard/0.7.0/simpleclient_dropwizard-0.7.0.jar:/home/runner/.m2/repository/io/prometheus/simpleclient/0.7.0/simpleclient-0.7.0.jar:/home/runner/.m2/repository/io/prometheus/simpleclient_common/0.7.0/simpleclient_common-0.7.0.jar:/home/runner/.m2/repository/com/fasterxml/jackson/datatype/jackson-datatype-jsr310/2.12.1/jackson-datatype-jsr310-2.12.1.jar:/home/runner/.m2/repository/io/dropwizard/metrics/metrics-core/3.2.4/metrics-core-3.2.4.jar:/home/runner/.m2/repository/org/apache/hadoop/hadoop-hdfs-client/3.3.1/hadoop-hdfs-client-3.3.1.jar:/home/runner/.m2/repository/org/bouncycastle/bcprov-jdk15on/1.67/bcprov-jdk15on-1.67.jar:/home/runner/.m2/repository/com/google/protobuf/protobuf-java/2.5.0/protobuf-java-2.5.0.jar:/home/runner/.m2/repository/org/apache/ozone/ozone-manager/1.2.0-SNAPSHOT/ozone-manager-1.2.0-SNAPSHOT.jar:/home/runner/.m2/repository/org/aspectj/aspectjrt/1.9.7/aspectjrt-1.9.7.jar:/home/runner/.m2/repository/org/aspectj/aspectjweaver/1.9.7/aspectjweaver-1.9.7.jar:/home/runner/.m2/repository/org/apache/ozone/hdds-interface-client/1.2.0-SNAPSHOT/hdds-interface-client-1.2.0-SNAPSHOT.jar:/home/runner/.m2/repository/org/apache/hadoop/thirdparty/hadoop-shaded-protobuf_3_7/1.1.1/hadoop-shaded-protobuf_3_7-1.1.1.jar:/home/runner/.m2/repository/org/apache/ozone/ozone-interface-storage/1.2.0-SNAPSHOT/ozone-interface-storage-1.2.0-SNAPSHOT.jar:/home/runner/.m2/repository/org/reflections/reflections/0.9.11/reflections-0.9.11.jar:/home/runner/.m2/repository/org/apache/hadoop/hadoop-minikdc/3.3.1/hadoop-minikdc-3.3.1.jar:/home/runner/.m2/repository/org/apache/kerby/kerb-simplekdc/1.0.1/kerb-simplekdc-1.0.1.jar:/home/runner/.m2/repository/org/apache/kerby/kerb-client/1.0.1/kerb-client-1.0.1.jar:/home/runner/.m2/repository/org/apache/kerby/kerby-config/1.0.1/kerby-config-1.0.1.jar:/home/runner/.m2/repository/org/apache/kerby/kerb-common/1.0.1/kerb-common-1.0.1.jar:/home/runner/.m2/repository/org/apache/kerby/kerb-crypto/1.0.1/kerb-crypto-1.0.1.jar:/home/runner/.m2/repository/org/apache/kerby/kerb-util/1.0.1/kerb-util-1.0.1.jar:/home/runner/.m2/repository/org/apache/kerby/token-provider/1.0.1/token-provider-1.0.1.jar:/home/runner/.m2/repository/org/apache/kerby/kerb-admin/1.0.1/kerb-admin-1.0.1.jar:/home/runner/.m2/repository/org/apache/kerby/kerb-server/1.0.1/kerb-server-1.0.1.jar:/home/runner/.m2/repository/org/apache/kerby/kerb-identity/1.0.1/kerb-identity-1.0.1.jar:/home/runner/.m2/repository/org/apache/kerby/kerby-xdr/1.0.1/kerby-xdr-1.0.1.jar:/home/runner/.m2/repository/org/slf4j/slf4j-log4j12/1.7.30/slf4j-log4j12-1.7.30.jar:/home/runner/.m2/repository/org/apache/ozone/ozone-s3gateway/1.2.0-SNAPSHOT/ozone-s3gateway-1.2.0-SNAPSHOT.jar:/home/runner/.m2/repository/org/javassist/javassist/3.21.0-GA/javassist-3.21.0-GA.jar:/home/runner/.m2/repository/org/jboss/weld/servlet/weld-servlet/2.4.7.Final/weld-servlet-2.4.7.Final.jar:/home/runner/.m2/repository/org/glassfish/jersey/containers/jersey-container-servlet-core/2.33/jersey-container-servlet-core-2.33.jar:/home/runner/.m2/repository/org/glassfish/hk2/external/jakarta.inject/2.6.1/jakarta.inject-2.6.1.jar:/home/runner/.m2/repository/org/glassfish/jersey/core/jersey-common/2.33/jersey-common-2.33.jar:/home/runner/.m2/repository/jakarta/ws/rs/jakarta.ws.rs-api/2.1.6/jakarta.ws.rs-api-2.1.6.jar:/home/runner/.m2/repository/org/glassfish/jersey/ext/cdi/jersey-cdi1x/2.33/jersey-cdi1x-2.33.jar:/home/runner/.m2/repository/org/glassfish/jersey/inject/jersey-hk2/2.33/jersey-hk2-2.33.jar:/home/runner/.m2/repository/org/glassfish/hk2/hk2-locator/2.6.1/hk2-locator-2.6.1.jar:/home/runner/.m2/repository/org/glassfish/jersey/media/jersey-media-jaxb/2.33/jersey-media-jaxb-2.33.jar:/home/runner/.m2/repository/org/glassfish/hk2/osgi-resource-locator/1.0.3/osgi-resource-locator-1.0.3.jar:/home/runner/.m2/repository/org/glassfish/hk2/hk2-api/2.5.0/hk2-api-2.5.0.jar:/home/runner/.m2/repository/org/glassfish/hk2/hk2-utils/2.5.0/hk2-utils-2.5.0.jar:/home/runner/.m2/repository/org/glassfish/hk2/external/aopalliance-repackaged/2.5.0/aopalliance-repackaged-2.5.0.jar:/home/runner/.m2/repository/com/fasterxml/jackson/dataformat/jackson-dataformat-xml/2.12.1/jackson-dataformat-xml-2.12.1.jar:/home/runner/.m2/repository/com/fasterxml/jackson/core/jackson-core/2.12.1/jackson-core-2.12.1.jar:/home/runner/.m2/repository/com/fasterxml/jackson/module/jackson-module-jaxb-annotations/2.12.1/jackson-module-jaxb-annotations-2.12.1.jar:/home/runner/.m2/repository/jakarta/xml/bind/jakarta.xml.bind-api/2.3.2/jakarta.xml.bind-api-2.3.2.jar:/home/runner/.m2/repository/org/codehaus/woodstox/stax2-api/3.1.4/stax2-api-3.1.4.jar:/home/runner/.m2/repository/com/fasterxml/woodstox/woodstox-core/5.0.3/woodstox-core-5.0.3.jar:/home/runner/.m2/repository/javax/enterprise/cdi-api/1.2/cdi-api-1.2.jar:/home/runner/.m2/repository/javax/el/javax.el-api/3.0.0/javax.el-api-3.0.0.jar:/home/runner/.m2/repository/javax/interceptor/javax.interceptor-api/1.2/javax.interceptor-api-1.2.jar:/home/runner/.m2/repository/javax/inject/javax.inject/1/javax.inject-1.jar:/home/runner/.m2/repository/javax/xml/bind/jaxb-api/2.3.0/jaxb-api-2.3.0.jar:/home/runner/.m2/repository/org/glassfish/jaxb/jaxb-runtime/2.3.0.1/jaxb-runtime-2.3.0.1.jar:/home/runner/.m2/repository/org/glassfish/jaxb/jaxb-core/2.3.0.1/jaxb-core-2.3.0.1.jar:/home/runner/.m2/repository/org/glassfish/jaxb/txw2/2.3.0.1/txw2-2.3.0.1.jar:/home/runner/.m2/repository/com/sun/istack/istack-commons-runtime/3.0.5/istack-commons-runtime-3.0.5.jar:/home/runner/.m2/repository/org/jvnet/staxex/stax-ex/1.7.8/stax-ex-1.7.8.jar:/home/runner/.m2/repository/com/sun/xml/fastinfoset/FastInfoset/1.2.13/FastInfoset-1.2.13.jar:/home/runner/.m2/repository/javax/activation/activation/1.1.1/activation-1.1.1.jar:/home/runner/.m2/repository/org/apache/ozone/ozone-csi/1.2.0-SNAPSHOT/ozone-csi-1.2.0-SNAPSHOT.jar:/home/runner/.m2/repository/com/google/protobuf/protobuf-java-util/3.12.0/protobuf-java-util-3.12.0.jar:/home/runner/.m2/repository/com/google/code/gson/gson/2.2.4/gson-2.2.4.jar:/home/runner/.m2/repository/org/apache/ozone/hdds-config/1.2.0-SNAPSHOT/hdds-config-1.2.0-SNAPSHOT.jar:/home/runner/.m2/repository/io/grpc/grpc-netty/1.33.0/grpc-netty-1.33.0.jar:/home/runner/.m2/repository/io/grpc/grpc-core/1.33.0/grpc-core-1.33.0.jar:/home/runner/.m2/repository/com/google/android/annotations/4.1.1.4/annotations-4.1.1.4.jar:/home/runner/.m2/repository/io/netty/netty-codec-http2/4.1.63.Final/netty-codec-http2-4.1.63.Final.jar:/home/runner/.m2/repository/io/netty/netty-codec-http/4.1.63.Final/netty-codec-http-4.1.63.Final.jar:/home/runner/.m2/repository/io/netty/netty-handler-proxy/4.1.63.Final/netty-handler-proxy-4.1.63.Final.jar:/home/runner/.m2/repository/io/netty/netty-codec-socks/4.1.63.Final/netty-codec-socks-4.1.63.Final.jar:/home/runner/.m2/repository/io/perfmark/perfmark-api/0.19.0/perfmark-api-0.19.0.jar:/home/runner/.m2/repository/org/codehaus/mojo/animal-sniffer-annotations/1.18/animal-sniffer-annotations-1.18.jar:/home/runner/.m2/repository/io/netty/netty-transport-native-epoll/4.1.63.Final/netty-transport-native-epoll-4.1.63.Final.jar:/home/runner/.m2/repository/io/netty/netty-common/4.1.63.Final/netty-common-4.1.63.Final.jar:/home/runner/.m2/repository/io/netty/netty-buffer/4.1.63.Final/netty-buffer-4.1.63.Final.jar:/home/runner/.m2/repository/io/netty/netty-transport-native-unix-common/4.1.63.Final/netty-transport-native-unix-common-4.1.63.Final.jar:/home/runner/.m2/repository/io/grpc/grpc-protobuf/1.33.0/grpc-protobuf-1.33.0.jar:/home/runner/.m2/repository/io/grpc/grpc-api/1.33.0/grpc-api-1.33.0.jar:/home/runner/.m2/repository/io/grpc/grpc-context/1.33.0/grpc-context-1.33.0.jar:/home/runner/.m2/repository/com/google/api/grpc/proto-google-common-protos/1.17.0/proto-google-common-protos-1.17.0.jar:/home/runner/.m2/repository/io/grpc/grpc-protobuf-lite/1.33.0/grpc-protobuf-lite-1.33.0.jar:/home/runner/.m2/repository/io/grpc/grpc-stub/1.33.0/grpc-stub-1.33.0.jar:/home/runner/.m2/repository/org/apache/ozone/ozone-recon/1.2.0-SNAPSHOT/ozone-recon-1.2.0-SNAPSHOT.jar:/home/runner/.m2/repository/org/apache/ozone/ozone-reconcodegen/1.2.0-SNAPSHOT/ozone-reconcodegen-1.2.0-SNAPSHOT.jar:/home/runner/.m2/repository/com/google/inject/extensions/guice-multibindings/4.0/guice-multibindings-4.0.jar:/home/runner/.m2/repository/com/google/inject/guice/4.0/guice-4.0.jar:/home/runner/.m2/repository/aopalliance/aopalliance/1.0/aopalliance-1.0.jar:/home/runner/.m2/repository/com/google/inject/extensions/guice-assistedinject/4.0/guice-assistedinject-4.0.jar:/home/runner/.m2/repository/com/google/inject/extensions/guice-servlet/4.0/guice-servlet-4.0.jar:/home/runner/.m2/repository/org/glassfish/jersey/containers/jersey-container-servlet/2.33/jersey-container-servlet-2.33.jar:/home/runner/.m2/repository/org/glassfish/hk2/guice-bridge/2.5.0/guice-bridge-2.5.0.jar:/home/runner/.m2/repository/org/glassfish/jersey/core/jersey-server/2.33/jersey-server-2.33.jar:/home/runner/.m2/repository/org/glassfish/jersey/core/jersey-client/2.33/jersey-client-2.33.jar:/home/runner/.m2/repository/jakarta/annotation/jakarta.annotation-api/1.3.5/jakarta.annotation-api-1.3.5.jar:/home/runner/.m2/repository/jakarta/validation/jakarta.validation-api/2.0.2/jakarta.validation-api-2.0.2.jar:/home/runner/.m2/repository/org/glassfish/jersey/media/jersey-media-json-jackson/2.33/jersey-media-json-jackson-2.33.jar:/home/runner/.m2/repository/org/glassfish/jersey/ext/jersey-entity-filtering/2.33/jersey-entity-filtering-2.33.jar:/home/runner/.m2/repository/org/jooq/jooq/3.11.10/jooq-3.11.10.jar:/home/runner/.m2/repository/org/jooq/jooq-meta/3.11.10/jooq-meta-3.11.10.jar:/home/runner/.m2/repository/org/jooq/jooq-codegen/3.11.10/jooq-codegen-3.11.10.jar:/home/runner/.m2/repository/com/jolbox/bonecp/0.8.0.RELEASE/bonecp-0.8.0.RELEASE.jar:/home/runner/.m2/repository/org/apache/derby/derby/10.14.2.0/derby-10.14.2.0.jar:/home/runner/.m2/repository/org/xerial/sqlite-jdbc/3.25.2/sqlite-jdbc-3.25.2.jar:/home/runner/.m2/repository/org/springframework/spring-jdbc/5.2.17.RELEASE/spring-jdbc-5.2.17.RELEASE.jar:/home/runner/.m2/repository/org/springframework/spring-beans/5.2.17.RELEASE/spring-beans-5.2.17.RELEASE.jar:/home/runner/.m2/repository/org/springframework/spring-core/5.2.17.RELEASE/spring-core-5.2.17.RELEASE.jar:/home/runner/.m2/repository/org/springframework/spring-jcl/5.2.17.RELEASE/spring-jcl-5.2.17.RELEASE.jar:/home/runner/.m2/repository/org/springframework/spring-tx/5.2.17.RELEASE/spring-tx-5.2.17.RELEASE.jar:/home/runner/.m2/repository/org/apache/ozone/ozone-client/1.2.0-SNAPSHOT/ozone-client-1.2.0-SNAPSHOT.jar:/home/runner/.m2/repository/org/apache/ozone/ozone-filesystem/1.2.0-SNAPSHOT/ozone-filesystem-1.2.0-SNAPSHOT.jar:/home/runner/.m2/repository/org/apache/ozone/ozone-filesystem-common/1.2.0-SNAPSHOT/ozone-filesystem-common-1.2.0-SNAPSHOT.jar:/home/runner/.m2/repository/org/apache/ozone/ozone-tools/1.2.0-SNAPSHOT/ozone-tools-1.2.0-SNAPSHOT.jar:/home/runner/.m2/repository/org/apache/ratis/ratis-tools/2.2.0/ratis-tools-2.2.0.jar:/home/runner/.m2/repository/com/amazonaws/aws-java-sdk-core/1.11.1034/aws-java-sdk-core-1.11.1034.jar:/home/runner/.m2/repository/org/apache/httpcomponents/httpclient/4.5.13/httpclient-4.5.13.jar:/home/runner/.m2/repository/org/apache/httpcomponents/httpcore/4.4.13/httpcore-4.4.13.jar:/home/runner/.m2/repository/software/amazon/ion/ion-java/1.0.2/ion-java-1.0.2.jar:/home/runner/.m2/repository/com/fasterxml/jackson/dataformat/jackson-dataformat-cbor/2.12.1/jackson-dataformat-cbor-2.12.1.jar:/home/runner/.m2/repository/joda-time/joda-time/2.8.1/joda-time-2.8.1.jar:/home/runner/.m2/repository/com/amazonaws/aws-java-sdk-s3/1.11.1034/aws-java-sdk-s3-1.11.1034.jar:/home/runner/.m2/repository/com/amazonaws/aws-java-sdk-kms/1.11.1034/aws-java-sdk-kms-1.11.1034.jar:/home/runner/.m2/repository/com/amazonaws/jmespath-java/1.11.1034/jmespath-java-1.11.1034.jar:/home/runner/.m2/repository/org/kohsuke/metainf-services/metainf-services/1.8/metainf-services-1.8.jar:/home/runner/.m2/repository/org/apache/ozone/hdds-tools/1.2.0-SNAPSHOT/hdds-tools-1.2.0-SNAPSHOT.jar:/home/runner/.m2/repository/commons-cli/commons-cli/1.2/commons-cli-1.2.jar:/home/runner/.m2/repository/org/apache/commons/commons-lang3/3.7/commons-lang3-3.7.jar:/home/runner/.m2/repository/org/apache/ozone/ozone-manager/1.2.0-SNAPSHOT/ozone-manager-1.2.0-SNAPSHOT-tests.jar:/home/runner/.m2/repository/org/apache/ozone/hdds-common/1.2.0-SNAPSHOT/hdds-common-1.2.0-SNAPSHOT-tests.jar:/home/runner/.m2/repository/org/apache/ozone/hdds-hadoop-dependency-client/1.2.0-SNAPSHOT/hdds-hadoop-dependency-client-1.2.0-SNAPSHOT.jar:/home/runner/.m2/repository/info/picocli/picocli/4.6.1/picocli-4.6.1.jar:/home/runner/.m2/repository/com/fasterxml/jackson/core/jackson-annotations/2.12.1/jackson-annotations-2.12.1.jar:/home/runner/.m2/repository/javax/annotation/javax.annotation-api/1.2/javax.annotation-api-1.2.jar:/home/runner/.m2/repository/org/apache/ratis/ratis-server/2.2.0/ratis-server-2.2.0.jar:/home/runner/.m2/repository/org/apache/ratis/ratis-client/2.2.0/ratis-client-2.2.0.jar:/home/runner/.m2/repository/org/apache/ratis/ratis-server-api/2.2.0/ratis-server-api-2.2.0.jar:/home/runner/.m2/repository/org/apache/ratis/ratis-metrics/2.2.0/ratis-metrics-2.2.0.jar:/home/runner/.m2/repository/org/apache/ratis/ratis-netty/2.2.0/ratis-netty-2.2.0.jar:/home/runner/.m2/repository/org/apache/ratis/ratis-grpc/2.2.0/ratis-grpc-2.2.0.jar:/home/runner/.m2/repository/org/apache/logging/log4j/log4j-api/2.13.3/log4j-api-2.13.3.jar:/home/runner/.m2/repository/org/apache/logging/log4j/log4j-core/2.13.3/log4j-core-2.13.3.jar:/home/runner/.m2/repository/com/lmax/disruptor/3.4.2/disruptor-3.4.2.jar:/home/runner/.m2/repository/org/apache/commons/commons-pool2/2.6.0/commons-pool2-2.6.0.jar:/home/runner/.m2/repository/org/bouncycastle/bcpkix-jdk15on/1.67/bcpkix-jdk15on-1.67.jar:/home/runner/.m2/repository/commons-validator/commons-validator/1.6/commons-validator-1.6.jar:/home/runner/.m2/repository/commons-beanutils/commons-beanutils/1.9.4/commons-beanutils-1.9.4.jar:/home/runner/.m2/repository/commons-digester/commons-digester/1.8.1/commons-digester-1.8.1.jar:/home/runner/.m2/repository/commons-collections/commons-collections/3.2.2/commons-collections-3.2.2.jar:/home/runner/.m2/repository/io/jaegertracing/jaeger-client/1.6.0/jaeger-client-1.6.0.jar:/home/runner/.m2/repository/io/jaegertracing/jaeger-thrift/1.6.0/jaeger-thrift-1.6.0.jar:/home/runner/.m2/repository/org/apache/thrift/libthrift/0.14.1/libthrift-0.14.1.jar:/home/runner/.m2/repository/com/squareup/okhttp3/okhttp/4.9.0/okhttp-4.9.0.jar:/home/runner/.m2/repository/com/squareup/okio/okio/2.8.0/okio-2.8.0.jar:/home/runner/.m2/repository/io/jaegertracing/jaeger-core/1.6.0/jaeger-core-1.6.0.jar:/home/runner/.m2/repository/io/jaegertracing/jaeger-tracerresolver/1.6.0/jaeger-tracerresolver-1.6.0.jar:/home/runner/.m2/repository/io/opentracing/contrib/opentracing-tracerresolver/0.1.8/opentracing-tracerresolver-0.1.8.jar:/home/runner/.m2/repository/org/jetbrains/kotlin/kotlin-stdlib/1.4.31/kotlin-stdlib-1.4.31.jar:/home/runner/.m2/repository/org/jetbrains/kotlin/kotlin-stdlib-common/1.4.31/kotlin-stdlib-common-1.4.31.jar:/home/runner/.m2/repository/org/jetbrains/annotations/13.0/annotations-13.0.jar:/home/runner/.m2/repository/io/opentracing/opentracing-util/0.33.0/opentracing-util-0.33.0.jar:/home/runner/.m2/repository/io/opentracing/opentracing-api/0.33.0/opentracing-api-0.33.0.jar:/home/runner/.m2/repository/io/opentracing/opentracing-noop/0.33.0/opentracing-noop-0.33.0.jar:/home/runner/.m2/repository/org/yaml/snakeyaml/1.26/snakeyaml-1.26.jar:/home/runner/.m2/repository/org/apache/ozone/hdds-interface-admin/1.2.0-SNAPSHOT/hdds-interface-admin-1.2.0-SNAPSHOT.jar:/home/runner/.m2/repository/junit/junit/4.13.1/junit-4.13.1.jar:/home/runner/.m2/repository/org/hamcrest/hamcrest-core/1.3/hamcrest-core-1.3.jar:/home/runner/.m2/repository/org/junit/jupiter/junit-jupiter-api/5.7.0/junit-jupiter-api-5.7.0.jar:/home/runner/.m2/repository/org/apiguardian/apiguardian-api/1.1.0/apiguardian-api-1.1.0.jar:/home/runner/.m2/repository/org/opentest4j/opentest4j/1.2.0/opentest4j-1.2.0.jar:/home/runner/.m2/repository/org/junit/platform/junit-platform-commons/1.7.0/junit-platform-commons-1.7.0.jar:/home/runner/.m2/repository/org/junit/jupiter/junit-jupiter-engine/5.7.0/junit-jupiter-engine-5.7.0.jar:/home/runner/.m2/repository/org/junit/platform/junit-platform-engine/1.7.0/junit-platform-engine-1.7.0.jar:/home/runner/.m2/repository/org/junit/vintage/junit-vintage-engine/5.7.0/junit-vintage-engine-5.7.0.jar:/home/runner/.m2/repository/org/junit/platform/junit-platform-launcher/1.7.0/junit-platform-launcher-1.7.0.jar:/home/runner/.m2/repository/org/openjdk/jmh/jmh-core/1.19/jmh-core-1.19.jar:/home/runner/.m2/repository/net/sf/jopt-simple/jopt-simple/4.6/jopt-simple-4.6.jar:/home/runner/.m2/repository/org/apache/commons/commons-math3/3.1.1/commons-math3-3.1.1.jar:/home/runner/.m2/repository/org/openjdk/jmh/jmh-generator-annprocess/1.19/jmh-generator-annprocess-1.19.jar:/home/runner/.m2/repository/org/mockito/mockito-core/2.28.2/mockito-core-2.28.2.jar:/home/runner/.m2/repository/net/bytebuddy/byte-buddy/1.9.10/byte-buddy-1.9.10.jar:/home/runner/.m2/repository/net/bytebuddy/byte-buddy-agent/1.9.10/byte-buddy-agent-1.9.10.jar:/home/runner/.m2/repository/org/objenesis/objenesis/1.0/objenesis-1.0.jar:/home/runner/.m2/repository/org/apache/hadoop/hadoop-kms/3.3.1/hadoop-kms-3.3.1.jar:/home/runner/.m2/repository/org/apache/hadoop/hadoop-auth/3.3.1/hadoop-auth-3.3.1.jar:/home/runner/.m2/repository/com/nimbusds/nimbus-jose-jwt/7.9/nimbus-jose-jwt-7.9.jar:/home/runner/.m2/repository/com/github/stephenc/jcip/jcip-annotations/1.0-1/jcip-annotations-1.0-1.jar:/home/runner/.m2/repository/net/minidev/json-smart/2.3.1/json-smart-2.3.1.jar:/home/runner/.m2/repository/net/minidev/accessors-smart/2.3.1/accessors-smart-2.3.1.jar:/home/runner/.m2/repository/org/ow2/asm/asm/5.0.4/asm-5.0.4.jar:/home/runner/.m2/repository/org/apache/zookeeper/zookeeper/3.5.6/zookeeper-3.5.6.jar:/home/runner/.m2/repository/org/apache/zookeeper/zookeeper-jute/3.5.6/zookeeper-jute-3.5.6.jar:/home/runner/.m2/repository/org/apache/yetus/audience-annotations/0.5.0/audience-annotations-0.5.0.jar:/home/runner/.m2/repository/org/apache/curator/curator-framework/4.2.0/curator-framework-4.2.0.jar:/home/runner/.m2/repository/org/apache/hadoop/thirdparty/hadoop-shaded-guava/1.1.1/hadoop-shaded-guava-1.1.1.jar:/home/runner/.m2/repository/com/sun/jersey/jersey-core/1.19/jersey-core-1.19.jar:/home/runner/.m2/repository/javax/ws/rs/jsr311-api/1.1.1/jsr311-api-1.1.1.jar:/home/runner/.m2/repository/com/sun/jersey/jersey-server/1.19/jersey-server-1.19.jar:/home/runner/.m2/repository/javax/servlet/javax.servlet-api/3.1.0/javax.servlet-api-3.1.0.jar:/home/runner/.m2/repository/org/eclipse/jetty/jetty-server/9.4.43.v20210629/jetty-server-9.4.43.v20210629.jar:/home/runner/.m2/repository/org/eclipse/jetty/jetty-http/9.4.43.v20210629/jetty-http-9.4.43.v20210629.jar:/home/runner/.m2/repository/org/eclipse/jetty/jetty-io/9.4.43.v20210629/jetty-io-9.4.43.v20210629.jar:/home/runner/.m2/repository/org/eclipse/jetty/jetty-webapp/9.4.43.v20210629/jetty-webapp-9.4.43.v20210629.jar:/home/runner/.m2/repository/org/eclipse/jetty/jetty-xml/9.4.43.v20210629/jetty-xml-9.4.43.v20210629.jar:/home/runner/.m2/repository/org/apache/hadoop/hadoop-common/3.3.1/hadoop-common-3.3.1.jar:/home/runner/.m2/repository/commons-net/commons-net/3.6/commons-net-3.6.jar:/home/runner/.m2/repository/jakarta/activation/jakarta.activation-api/1.2.1/jakarta.activation-api-1.2.1.jar:/home/runner/.m2/repository/com/sun/jersey/jersey-servlet/1.19/jersey-servlet-1.19.jar:/home/runner/.m2/repository/com/sun/jersey/jersey-json/1.19/jersey-json-1.19.jar:/home/runner/.m2/repository/org/codehaus/jettison/jettison/1.1/jettison-1.1.jar:/home/runner/.m2/repository/com/sun/xml/bind/jaxb-impl/2.2.3-1/jaxb-impl-2.2.3-1.jar:/home/runner/.m2/repository/org/codehaus/jackson/jackson-jaxrs/1.9.2/jackson-jaxrs-1.9.2.jar:/home/runner/.m2/repository/org/codehaus/jackson/jackson-xc/1.9.2/jackson-xc-1.9.2.jar:/home/runner/.m2/repository/org/apache/commons/commons-configuration2/2.1.1/commons-configuration2-2.1.1.jar:/home/runner/.m2/repository/org/apache/commons/commons-text/1.4/commons-text-1.4.jar:/home/runner/.m2/repository/com/google/re2j/re2j/1.1/re2j-1.1.jar:/home/runner/.m2/repository/com/jcraft/jsch/0.1.54/jsch-0.1.54.jar:/home/runner/.m2/repository/org/apache/curator/curator-client/4.2.0/curator-client-4.2.0.jar:/home/runner/.m2/repository/org/apache/curator/curator-recipes/4.2.0/curator-recipes-4.2.0.jar:/home/runner/.m2/repository/org/apache/kerby/kerb-core/1.0.1/kerb-core-1.0.1.jar:/home/runner/.m2/repository/org/apache/kerby/kerby-pkix/1.0.1/kerby-pkix-1.0.1.jar:/home/runner/.m2/repository/org/apache/kerby/kerby-asn1/1.0.1/kerby-asn1-1.0.1.jar:/home/runner/.m2/repository/org/apache/kerby/kerby-util/1.0.1/kerby-util-1.0.1.jar:/home/runner/.m2/repository/dnsjava/dnsjava/2.1.7/dnsjava-2.1.7.jar:/home/runner/.m2/repository/org/xerial/snappy/snappy-java/1.1.8.2/snappy-java-1.1.8.2.jar:/home/runner/.m2/repository/org/slf4j/jul-to-slf4j/1.7.30/jul-to-slf4j-1.7.30.jar:/home/runner/.m2/repository/org/eclipse/jetty/jetty-util/9.4.43.v20210629/jetty-util-9.4.43.v20210629.jar:/home/runner/.m2/repository/com/fasterxml/jackson/core/jackson-databind/2.12.1/jackson-databind-2.12.1.jar:/home/runner/.m2/repository/org/apache/hadoop/hadoop-kms/3.3.1/hadoop-kms-3.3.1-tests.jar:/home/runner/.m2/repository/org/apache/ozone/hdds-server-scm/1.2.0-SNAPSHOT/hdds-server-scm-1.2.0-SNAPSHOT-tests.jar:/home/runner/.m2/repository/org/apache/ozone/hdds-container-service/1.2.0-SNAPSHOT/hdds-container-service-1.2.0-SNAPSHOT-tests.jar:/home/runner/.m2/repository/commons-codec/commons-codec/1.11/commons-codec-1.11.jar:/home/runner/.m2/repository/io/netty/netty-transport/4.1.63.Final/netty-transport-4.1.63.Final.jar:/home/runner/.m2/repository/io/netty/netty-resolver/4.1.63.Final/netty-resolver-4.1.63.Final.jar:/home/runner/.m2/repository/io/netty/netty-codec/4.1.63.Final/netty-codec-4.1.63.Final.jar:/home/runner/.m2/repository/io/netty/netty-handler/4.1.63.Final/netty-handler-4.1.63.Final.jar:/home/runner/.m2/repository/org/apache/ozone/hdds-hadoop-dependency-test/1.2.0-SNAPSHOT/hdds-hadoop-dependency-test-1.2.0-SNAPSHOT.jar:/home/runner/.m2/repository/org/apache/hadoop/hadoop-common/3.3.1/hadoop-common-3.3.1-tests.jar:/home/runner/.m2/repository/org/assertj/assertj-core/3.12.2/assertj-core-3.12.2.jar:/home/runner/.m2/repository/org/apache/hadoop/hadoop-hdfs/3.3.1/hadoop-hdfs-3.3.1-tests.jar:/home/runner/.m2/repository/org/eclipse/jetty/jetty-util-ajax/9.4.43.v20210629/jetty-util-ajax-9.4.43.v20210629.jar:/home/runner/.m2/repository/commons-daemon/commons-daemon/1.0.13/commons-daemon-1.0.13.jar:/home/runner/.m2/repository/io/netty/netty/3.10.6.Final/netty-3.10.6.Final.jar:/home/runner/.m2/repository/io/netty/netty-all/4.1.63.Final/netty-all-4.1.63.Final.jar:/home/runner/.m2/repository/org/apache/htrace/htrace-core4/4.1.0-incubating/htrace-core4-4.1.0-incubating.jar:/home/runner/.m2/repository/org/fusesource/leveldbjni/leveldbjni-all/1.8/leveldbjni-all-1.8.jar:/home/runner/.m2/repository/org/apache/hadoop/hadoop-distcp/3.3.1/hadoop-distcp-3.3.1.jar:/home/runner/.m2/repository/org/apache/hadoop/hadoop-mapreduce-client-jobclient/3.3.1/hadoop-mapreduce-client-jobclient-3.3.1.jar:/home/runner/.m2/repository/org/apache/hadoop/hadoop-mapreduce-client-common/3.3.1/hadoop-mapreduce-client-common-3.3.1.jar:/home/runner/.m2/repository/org/apache/hadoop/hadoop-yarn-common/3.3.1/hadoop-yarn-common-3.3.1.jar:/home/runner/.m2/repository/org/apache/hadoop/hadoop-yarn-api/3.3.1/hadoop-yarn-api-3.3.1.jar:/home/runner/.m2/repository/com/sun/jersey/jersey-client/1.19/jersey-client-1.19.jar:/home/runner/.m2/repository/com/sun/jersey/contribs/jersey-guice/1.19/jersey-guice-1.19.jar:/home/runner/.m2/repository/com/fasterxml/jackson/jaxrs/jackson-jaxrs-json-provider/2.12.1/jackson-jaxrs-json-provider-2.12.1.jar:/home/runner/.m2/repository/com/fasterxml/jackson/jaxrs/jackson-jaxrs-base/2.12.1/jackson-jaxrs-base-2.12.1.jar:/home/runner/.m2/repository/org/apache/hadoop/hadoop-yarn-client/3.3.1/hadoop-yarn-client-3.3.1.jar:/home/runner/.m2/repository/org/eclipse/jetty/websocket/websocket-client/9.4.40.v20210413/websocket-client-9.4.40.v20210413.jar:/home/runner/.m2/repository/org/eclipse/jetty/jetty-client/9.4.40.v20210413/jetty-client-9.4.40.v20210413.jar:/home/runner/.m2/repository/org/eclipse/jetty/websocket/websocket-common/9.4.40.v20210413/websocket-common-9.4.40.v20210413.jar:/home/runner/.m2/repository/org/eclipse/jetty/websocket/websocket-api/9.4.40.v20210413/websocket-api-9.4.40.v20210413.jar:/home/runner/.m2/repository/org/jline/jline/3.9.0/jline-3.9.0.jar:/home/runner/.m2/repository/org/apache/hadoop/hadoop-mapreduce-client-core/3.3.1/hadoop-mapreduce-client-core-3.3.1.jar:/home/runner/.m2/repository/org/apache/avro/avro/1.7.7/avro-1.7.7.jar:/home/runner/.m2/repository/org/codehaus/jackson/jackson-core-asl/1.9.13/jackson-core-asl-1.9.13.jar:/home/runner/.m2/repository/org/codehaus/jackson/jackson-mapper-asl/1.9.13/jackson-mapper-asl-1.9.13.jar:/home/runner/.m2/repository/com/thoughtworks/paranamer/paranamer/2.3/paranamer-2.3.jar:/home/runner/.m2/repository/org/apache/hadoop/hadoop-annotations/3.3.1/hadoop-annotations-3.3.1.jar:/usr/lib/jvm/adoptopenjdk-8-hotspot-amd64/jre/../lib/tools.jar:/home/runner/.m2/repository/org/apache/hadoop/hadoop-distcp/3.3.1/hadoop-distcp-3.3.1-tests.jar:/home/runner/.m2/repository/org/apache/ratis/ratis-common/2.2.0/ratis-common-2.2.0.jar:/home/runner/.m2/repository/org/apache/ratis/ratis-thirdparty-misc/0.7.0/ratis-thirdparty-misc-0.7.0.jar:/home/runner/.m2/repository/org/apache/ratis/ratis-proto/2.2.0/ratis-proto-2.2.0.jar:"/>
    <property name="sun.cpu.endian" value="little"/>
    <property name="user.home" value="/home/runner"/>
    <property name="user.language" value="en"/>
    <property name="java.specification.vendor" value="Oracle Corporation"/>
    <property name="java.home" value="/usr/lib/jvm/adoptopenjdk-8-hotspot-amd64/jre"/>
    <property name="java.security.krb5.conf" value="/home/runner/work/ozone/ozone/hadoop-ozone/integration-test/target/test-classes/krb5.conf"/>
    <property name="basedir" value="/home/runner/work/ozone/ozone/hadoop-ozone/integration-test"/>
    <property name="file.separator" value="/"/>
    <property name="line.separator" value="&#10;"/>
    <property name="java.vm.specification.vendor" value="Oracle Corporation"/>
    <property name="java.specification.name" value="Java Platform API Specification"/>
    <property name="java.awt.graphicsenv" value="sun.awt.X11GraphicsEnvironment"/>
    <property name="skip.installnpx" value="true"/>
    <property name="surefire.real.class.path" value="/home/runner/work/ozone/ozone/hadoop-ozone/integration-test/target/surefire/surefirebooter7047162484551540099.jar:/home/runner/.m2/repository/org/jacoco/org.jacoco.agent/0.8.5/org.jacoco.agent-0.8.5-runtime.jar"/>
    <property name="hadoop.log.dir" value="/home/runner/work/ozone/ozone/hadoop-ozone/integration-test/target/log"/>
    <property name="sun.boot.class.path" value="/usr/lib/jvm/adoptopenjdk-8-hotspot-amd64/jre/lib/resources.jar:/usr/lib/jvm/adoptopenjdk-8-hotspot-amd64/jre/lib/rt.jar:/usr/lib/jvm/adoptopenjdk-8-hotspot-amd64/jre/lib/sunrsasign.jar:/usr/lib/jvm/adoptopenjdk-8-hotspot-amd64/jre/lib/jsse.jar:/usr/lib/jvm/adoptopenjdk-8-hotspot-amd64/jre/lib/jce.jar:/usr/lib/jvm/adoptopenjdk-8-hotspot-amd64/jre/lib/charsets.jar:/usr/lib/jvm/adoptopenjdk-8-hotspot-amd64/jre/lib/jfr.jar:/usr/lib/jvm/adoptopenjdk-8-hotspot-amd64/jre/classes"/>
    <property name="sun.management.compiler" value="HotSpot 64-Bit Tiered Compilers"/>
    <property name="skip.npx" value="true"/>
    <property name="java.runtime.version" value="1.8.0_292-b10"/>
    <property name="java.net.preferIPv4Stack" value="true"/>
    <property name="user.name" value="runner"/>
    <property name="path.separator" value=":"/>
    <property name="java.security.egd" value="file:///dev/urandom"/>
    <property name="os.version" value="5.4.0-1062-azure"/>
    <property name="java.endorsed.dirs" value="/usr/lib/jvm/adoptopenjdk-8-hotspot-amd64/jre/lib/endorsed"/>
    <property name="java.runtime.name" value="OpenJDK Runtime Environment"/>
    <property name="file.encoding" value="UTF-8"/>
    <property name="java.vm.name" value="OpenJDK 64-Bit Server VM"/>
    <property name="test.build.webapps" value=""/>
    <property name="localRepository" value="/home/runner/.m2/repository"/>
    <property name="java.vendor.url.bug" value="https://github.com/AdoptOpenJDK/openjdk-support/issues"/>
    <property name="java.io.tmpdir" value="/tmp"/>
    <property name="require.test.libhadoop" value=""/>
    <property name="java.version" value="1.8.0_292"/>
    <property name="user.dir" value="/home/runner/work/ozone/ozone/hadoop-ozone/integration-test"/>
    <property name="os.arch" value="amd64"/>
    <property name="java.vm.specification.name" value="Java Virtual Machine Specification"/>
    <property name="test.build.classes" value="/home/runner/work/ozone/ozone/hadoop-ozone/integration-test/target/test-classes"/>
    <property name="java.awt.printerjob" value="sun.print.PSPrinterJob"/>
    <property name="sun.os.patch.level" value="unknown"/>
    <property name="hadoop.tmp.dir" value="/home/runner/work/ozone/ozone/hadoop-ozone/integration-test/target/tmp"/>
    <property name="java.library.path" value="/usr/java/packages/lib/amd64:/usr/lib64:/lib64:/lib:/usr/lib"/>
    <property name="java.vm.info" value="mixed mode"/>
    <property name="java.vendor" value="AdoptOpenJDK"/>
    <property name="java.vm.version" value="25.292-b10"/>
    <property name="java.ext.dirs" value="/usr/lib/jvm/adoptopenjdk-8-hotspot-amd64/jre/lib/ext:/usr/java/packages/lib/ext"/>
    <property name="sun.io.unicode.encoding" value="UnicodeLittle"/>
    <property name="java.class.version" value="52.0"/>
  </properties>
  <testcase name="testNodeWithOpenPipelineCanBeDecommissionedAndRecommissioned" classname="org.apache.hadoop.ozone.scm.node.TestDecommissionAndMaintenance" time="47.109"/>
  <testcase name="testContainerIsReplicatedWhenAllNodesGotoMaintenance" classname="org.apache.hadoop.ozone.scm.node.TestDecommissionAndMaintenance" time="21.918"/>
  <testcase name="testMaintenanceEndsAutomaticallyAtTimeout" classname="org.apache.hadoop.ozone.scm.node.TestDecommissionAndMaintenance" time="100.015">
    <error message="Failed to obtain available cluster in time" type="java.io.IOException">java.io.IOException: Failed to obtain available cluster in time
	at org.apache.hadoop.ozone.MiniOzoneClusterProvider.provide(MiniOzoneClusterProvider.java:162)
	at org.apache.hadoop.ozone.scm.node.TestDecommissionAndMaintenance.setUp(TestDecommissionAndMaintenance.java:144)
	at sun.reflect.NativeMethodAccessorImpl.invoke0(Native Method)
	at sun.reflect.NativeMethodAccessorImpl.invoke(NativeMethodAccessorImpl.java:62)
	at sun.reflect.DelegatingMethodAccessorImpl.invoke(DelegatingMethodAccessorImpl.java:43)
	at java.lang.reflect.Method.invoke(Method.java:498)
	at org.junit.runners.model.FrameworkMethod$1.runReflectiveCall(FrameworkMethod.java:59)
	at org.junit.internal.runners.model.ReflectiveCallable.run(ReflectiveCallable.java:12)
	at org.junit.runners.model.FrameworkMethod.invokeExplosively(FrameworkMethod.java:56)
	at org.junit.internal.runners.statements.RunBefores.invokeMethod(RunBefores.java:33)
	at org.junit.internal.runners.statements.RunBefores.evaluate(RunBefores.java:24)
	at org.junit.internal.runners.statements.RunAfters.evaluate(RunAfters.java:27)
	at org.junit.runners.ParentRunner$3.evaluate(ParentRunner.java:306)
	at org.junit.runners.BlockJUnit4ClassRunner$1.evaluate(BlockJUnit4ClassRunner.java:100)
	at org.junit.runners.ParentRunner.runLeaf(ParentRunner.java:366)
	at org.junit.runners.BlockJUnit4ClassRunner.runChild(BlockJUnit4ClassRunner.java:103)
	at org.junit.runners.BlockJUnit4ClassRunner.runChild(BlockJUnit4ClassRunner.java:63)
	at org.junit.runners.ParentRunner$4.run(ParentRunner.java:331)
	at org.junit.runners.ParentRunner$1.schedule(ParentRunner.java:79)
	at org.junit.runners.ParentRunner.runChildren(ParentRunner.java:329)
	at org.junit.runners.ParentRunner.access$100(ParentRunner.java:66)
	at org.junit.runners.ParentRunner$2.evaluate(ParentRunner.java:293)
	at org.junit.internal.runners.statements.RunBefores.evaluate(RunBefores.java:26)
	at org.junit.internal.runners.statements.RunAfters.evaluate(RunAfters.java:27)
	at org.junit.runners.ParentRunner$3.evaluate(ParentRunner.java:306)
	at org.junit.runners.ParentRunner.run(ParentRunner.java:413)
	at org.junit.runner.JUnitCore.run(JUnitCore.java:137)
	at org.junit.runner.JUnitCore.run(JUnitCore.java:115)
	at org.junit.vintage.engine.execution.RunnerExecutor.execute(RunnerExecutor.java:43)
	at java.util.stream.ForEachOps$ForEachOp$OfRef.accept(ForEachOps.java:183)
	at java.util.stream.ReferencePipeline$3$1.accept(ReferencePipeline.java:193)
	at java.util.Iterator.forEachRemaining(Iterator.java:116)
	at java.util.Spliterators$IteratorSpliterator.forEachRemaining(Spliterators.java:1801)
	at java.util.stream.AbstractPipeline.copyInto(AbstractPipeline.java:482)
	at java.util.stream.AbstractPipeline.wrapAndCopyInto(AbstractPipeline.java:472)
	at java.util.stream.ForEachOps$ForEachOp.evaluateSequential(ForEachOps.java:150)
	at java.util.stream.ForEachOps$ForEachOp$OfRef.evaluateSequential(ForEachOps.java:173)
	at java.util.stream.AbstractPipeline.evaluate(AbstractPipeline.java:234)
	at java.util.stream.ReferencePipeline.forEach(ReferencePipeline.java:485)
	at org.junit.vintage.engine.VintageTestEngine.executeAllChildren(VintageTestEngine.java:82)
	at org.junit.vintage.engine.VintageTestEngine.execute(VintageTestEngine.java:73)
	at org.junit.platform.launcher.core.EngineExecutionOrchestrator.execute(EngineExecutionOrchestrator.java:108)
	at org.junit.platform.launcher.core.EngineExecutionOrchestrator.execute(EngineExecutionOrchestrator.java:88)
	at org.junit.platform.launcher.core.EngineExecutionOrchestrator.lambda$execute$0(EngineExecutionOrchestrator.java:54)
	at org.junit.platform.launcher.core.EngineExecutionOrchestrator.withInterceptedStreams(EngineExecutionOrchestrator.java:67)
	at org.junit.platform.launcher.core.EngineExecutionOrchestrator.execute(EngineExecutionOrchestrator.java:52)
	at org.junit.platform.launcher.core.DefaultLauncher.execute(DefaultLauncher.java:96)
	at org.junit.platform.launcher.core.DefaultLauncher.execute(DefaultLauncher.java:75)
	at org.apache.maven.surefire.junitplatform.JUnitPlatformProvider.invokeAllTests(JUnitPlatformProvider.java:142)
	at org.apache.maven.surefire.junitplatform.JUnitPlatformProvider.invoke(JUnitPlatformProvider.java:113)
	at org.apache.maven.surefire.booter.ForkedBooter.invokeProviderInSameClassLoader(ForkedBooter.java:384)
	at org.apache.maven.surefire.booter.ForkedBooter.runSuitesInProcess(ForkedBooter.java:345)
	at org.apache.maven.surefire.booter.ForkedBooter.execute(ForkedBooter.java:126)
	at org.apache.maven.surefire.booter.ForkedBooter.main(ForkedBooter.java:418)
</error>
    <system-out><![CDATA[2021-11-06 13:35:07,618 [672ea6be-dedb-4741-be8d-933a2a2655df@group-24EDA71DCCF0-FollowerState] INFO  impl.FollowerState (FollowerState.java:run(134)) - 672ea6be-dedb-4741-be8d-933a2a2655df@group-24EDA71DCCF0-FollowerState: change to CANDIDATE, lastRpcElapsedTime:5076191504ns, electionTimeout:5064ms
2021-11-06 13:35:07,619 [672ea6be-dedb-4741-be8d-933a2a2655df@group-24EDA71DCCF0-FollowerState] INFO  impl.RoleInfo (RoleInfo.java:shutdownFollowerState(108)) - 672ea6be-dedb-4741-be8d-933a2a2655df: shutdown 672ea6be-dedb-4741-be8d-933a2a2655df@group-24EDA71DCCF0-FollowerState
2021-11-06 13:35:07,619 [672ea6be-dedb-4741-be8d-933a2a2655df@group-24EDA71DCCF0-FollowerState] INFO  server.RaftServer$Division (RaftServerImpl.java:setRole(290)) - 672ea6be-dedb-4741-be8d-933a2a2655df@group-24EDA71DCCF0: changes role from  FOLLOWER to CANDIDATE at term 0 for changeToCandidate
2021-11-06 13:35:07,619 [672ea6be-dedb-4741-be8d-933a2a2655df@group-24EDA71DCCF0-FollowerState] INFO  server.RaftServerConfigKeys (ConfUtils.java:logGet(44)) - raft.server.leaderelection.pre-vote = false (custom)
2021-11-06 13:35:07,619 [672ea6be-dedb-4741-be8d-933a2a2655df@group-24EDA71DCCF0-FollowerState] INFO  impl.RoleInfo (RoleInfo.java:updateAndGet(130)) - 672ea6be-dedb-4741-be8d-933a2a2655df: start 672ea6be-dedb-4741-be8d-933a2a2655df@group-24EDA71DCCF0-LeaderElection26
2021-11-06 13:35:07,651 [3e26efa9-4483-40fe-aebc-bbb79682031d@group-DA0272F4ED0F-FollowerState] INFO  impl.FollowerState (FollowerState.java:run(134)) - 3e26efa9-4483-40fe-aebc-bbb79682031d@group-DA0272F4ED0F-FollowerState: change to CANDIDATE, lastRpcElapsedTime:5068208537ns, electionTimeout:5062ms
2021-11-06 13:35:07,652 [3e26efa9-4483-40fe-aebc-bbb79682031d@group-DA0272F4ED0F-FollowerState] INFO  impl.RoleInfo (RoleInfo.java:shutdownFollowerState(108)) - 3e26efa9-4483-40fe-aebc-bbb79682031d: shutdown 3e26efa9-4483-40fe-aebc-bbb79682031d@group-DA0272F4ED0F-FollowerState
2021-11-06 13:35:07,652 [3e26efa9-4483-40fe-aebc-bbb79682031d@group-DA0272F4ED0F-FollowerState] INFO  server.RaftServer$Division (RaftServerImpl.java:setRole(290)) - 3e26efa9-4483-40fe-aebc-bbb79682031d@group-DA0272F4ED0F: changes role from  FOLLOWER to CANDIDATE at term 0 for changeToCandidate
2021-11-06 13:35:07,652 [3e26efa9-4483-40fe-aebc-bbb79682031d@group-DA0272F4ED0F-FollowerState] INFO  server.RaftServerConfigKeys (ConfUtils.java:logGet(44)) - raft.server.leaderelection.pre-vote = false (custom)
2021-11-06 13:35:07,652 [3e26efa9-4483-40fe-aebc-bbb79682031d@group-DA0272F4ED0F-FollowerState] INFO  impl.RoleInfo (RoleInfo.java:updateAndGet(130)) - 3e26efa9-4483-40fe-aebc-bbb79682031d: start 3e26efa9-4483-40fe-aebc-bbb79682031d@group-DA0272F4ED0F-LeaderElection27
2021-11-06 13:35:07,654 [672ea6be-dedb-4741-be8d-933a2a2655df@group-DA0272F4ED0F-FollowerState] INFO  impl.FollowerState (FollowerState.java:run(134)) - 672ea6be-dedb-4741-be8d-933a2a2655df@group-DA0272F4ED0F-FollowerState: change to CANDIDATE, lastRpcElapsedTime:5060953677ns, electionTimeout:5060ms
2021-11-06 13:35:07,654 [672ea6be-dedb-4741-be8d-933a2a2655df@group-DA0272F4ED0F-FollowerState] INFO  impl.RoleInfo (RoleInfo.java:shutdownFollowerState(108)) - 672ea6be-dedb-4741-be8d-933a2a2655df: shutdown 672ea6be-dedb-4741-be8d-933a2a2655df@group-DA0272F4ED0F-FollowerState
2021-11-06 13:35:07,654 [672ea6be-dedb-4741-be8d-933a2a2655df@group-DA0272F4ED0F-FollowerState] INFO  server.RaftServer$Division (RaftServerImpl.java:setRole(290)) - 672ea6be-dedb-4741-be8d-933a2a2655df@group-DA0272F4ED0F: changes role from  FOLLOWER to CANDIDATE at term 0 for changeToCandidate
2021-11-06 13:35:07,677 [672ea6be-dedb-4741-be8d-933a2a2655df@group-DA0272F4ED0F-FollowerState] INFO  server.RaftServerConfigKeys (ConfUtils.java:logGet(44)) - raft.server.leaderelection.pre-vote = false (custom)
2021-11-06 13:35:07,678 [672ea6be-dedb-4741-be8d-933a2a2655df@group-DA0272F4ED0F-FollowerState] INFO  impl.RoleInfo (RoleInfo.java:updateAndGet(130)) - 672ea6be-dedb-4741-be8d-933a2a2655df: start 672ea6be-dedb-4741-be8d-933a2a2655df@group-DA0272F4ED0F-LeaderElection28
2021-11-06 13:35:07,680 [3e26efa9-4483-40fe-aebc-bbb79682031d@group-DA0272F4ED0F-LeaderElection27] INFO  impl.LeaderElection (LeaderElection.java:askForVotes(306)) - 3e26efa9-4483-40fe-aebc-bbb79682031d@group-DA0272F4ED0F-LeaderElection27 ELECTION round 0: submit vote requests at term 1 for -1: [aaa68154-5cc6-499b-8ed3-58a3fd921bf5|rpc:10.1.0.67:40015|priority:0, 672ea6be-dedb-4741-be8d-933a2a2655df|rpc:10.1.0.67:45857|priority:0, 3e26efa9-4483-40fe-aebc-bbb79682031d|rpc:10.1.0.67:33945|priority:1], old=null
2021-11-06 13:35:07,680 [672ea6be-dedb-4741-be8d-933a2a2655df@group-24EDA71DCCF0-LeaderElection26] INFO  impl.LeaderElection (LeaderElection.java:askForVotes(306)) - 672ea6be-dedb-4741-be8d-933a2a2655df@group-24EDA71DCCF0-LeaderElection26 ELECTION round 0: submit vote requests at term 1 for -1: [672ea6be-dedb-4741-be8d-933a2a2655df|rpc:10.1.0.67:45857|priority:1], old=null
2021-11-06 13:35:07,680 [672ea6be-dedb-4741-be8d-933a2a2655df@group-24EDA71DCCF0-LeaderElection26] INFO  impl.LeaderElection (LeaderElection.java:askForVotes(308)) - 672ea6be-dedb-4741-be8d-933a2a2655df@group-24EDA71DCCF0-LeaderElection26 ELECTION round 0: result PASSED (term=1)
2021-11-06 13:35:07,680 [672ea6be-dedb-4741-be8d-933a2a2655df@group-24EDA71DCCF0-LeaderElection26] INFO  impl.RoleInfo (RoleInfo.java:shutdownLeaderElection(121)) - 672ea6be-dedb-4741-be8d-933a2a2655df: shutdown 672ea6be-dedb-4741-be8d-933a2a2655df@group-24EDA71DCCF0-LeaderElection26
2021-11-06 13:35:07,680 [672ea6be-dedb-4741-be8d-933a2a2655df@group-24EDA71DCCF0-LeaderElection26] INFO  server.RaftServer$Division (RaftServerImpl.java:setRole(290)) - 672ea6be-dedb-4741-be8d-933a2a2655df@group-24EDA71DCCF0: changes role from CANDIDATE to LEADER at term 1 for changeToLeader
2021-11-06 13:35:07,680 [672ea6be-dedb-4741-be8d-933a2a2655df@group-24EDA71DCCF0-LeaderElection26] INFO  ratis.XceiverServerRatis (XceiverServerRatis.java:handleLeaderChangedNotification(866)) - Leader change notification received for group: group-24EDA71DCCF0 with new leaderId: 672ea6be-dedb-4741-be8d-933a2a2655df
2021-11-06 13:35:07,697 [672ea6be-dedb-4741-be8d-933a2a2655df@group-24EDA71DCCF0-LeaderElection26] INFO  server.RaftServer$Division (ServerState.java:setLeader(285)) - 672ea6be-dedb-4741-be8d-933a2a2655df@group-24EDA71DCCF0: change Leader from null to 672ea6be-dedb-4741-be8d-933a2a2655df at term 1 for becomeLeader, leader elected after 5149ms
2021-11-06 13:35:07,697 [672ea6be-dedb-4741-be8d-933a2a2655df@group-24EDA71DCCF0-LeaderElection26] INFO  server.RaftServerConfigKeys (ConfUtils.java:logGet(44)) - raft.server.staging.catchup.gap = 1000 (default)
2021-11-06 13:35:07,697 [672ea6be-dedb-4741-be8d-933a2a2655df@group-24EDA71DCCF0-LeaderElection26] INFO  server.RaftServerConfigKeys (ConfUtils.java:logGet(44)) - raft.server.write.element-limit = 1024 (custom)
2021-11-06 13:35:07,697 [672ea6be-dedb-4741-be8d-933a2a2655df@group-24EDA71DCCF0-LeaderElection26] INFO  server.RaftServerConfigKeys (ConfUtils.java:logGet(44)) - raft.server.write.byte-limit = 1024 M (=1073741824) (custom)
2021-11-06 13:35:07,698 [672ea6be-dedb-4741-be8d-933a2a2655df@group-24EDA71DCCF0-LeaderElection26] INFO  server.RaftServerConfigKeys (ConfUtils.java:logGet(44)) - raft.server.watch.timeout = 180s (custom)
2021-11-06 13:35:07,698 [672ea6be-dedb-4741-be8d-933a2a2655df@group-24EDA71DCCF0-LeaderElection26] INFO  server.RaftServerConfigKeys (ConfUtils.java:logGet(44)) - raft.server.watch.timeout.denomination = 1s (default)
2021-11-06 13:35:07,698 [672ea6be-dedb-4741-be8d-933a2a2655df@group-24EDA71DCCF0-LeaderElection26] INFO  server.RaftServerConfigKeys (ConfUtils.java:logGet(44)) - raft.server.watch.element-limit = 65536 (default)
2021-11-06 13:35:07,698 [672ea6be-dedb-4741-be8d-933a2a2655df@group-24EDA71DCCF0-LeaderElection26] INFO  server.RaftServerConfigKeys (ConfUtils.java:logGet(44)) - raft.server.write.element-limit = 1024 (custom)
2021-11-06 13:35:07,698 [672ea6be-dedb-4741-be8d-933a2a2655df@group-24EDA71DCCF0-LeaderElection26] INFO  server.RaftServerConfigKeys (ConfUtils.java:logGet(44)) - raft.server.write.follower.gap.ratio.max = -1.0 (default)
2021-11-06 13:35:07,698 [672ea6be-dedb-4741-be8d-933a2a2655df@group-24EDA71DCCF0-LeaderElection26] INFO  impl.RoleInfo (RoleInfo.java:updateAndGet(130)) - 672ea6be-dedb-4741-be8d-933a2a2655df: start 672ea6be-dedb-4741-be8d-933a2a2655df@group-24EDA71DCCF0-LeaderStateImpl
2021-11-06 13:35:07,698 [672ea6be-dedb-4741-be8d-933a2a2655df@group-24EDA71DCCF0-LeaderElection26] INFO  segmented.SegmentedRaftLogWorker (SegmentedRaftLogWorker.java:startLogSegment(394)) - 672ea6be-dedb-4741-be8d-933a2a2655df@group-24EDA71DCCF0-SegmentedRaftLogWorker: Starting segment from index:0
2021-11-06 13:35:07,702 [672ea6be-dedb-4741-be8d-933a2a2655df@group-24EDA71DCCF0-LeaderElection26] INFO  server.RaftServer$Division (ServerState.java:setRaftConf(387)) - 672ea6be-dedb-4741-be8d-933a2a2655df@group-24EDA71DCCF0: set configuration 0: [672ea6be-dedb-4741-be8d-933a2a2655df|rpc:10.1.0.67:45857|dataStream:|priority:1], old=null
2021-11-06 13:35:07,702 [ForkJoinPool.commonPool-worker-1] INFO  statemachine.DatanodeStateMachine (DatanodeStateMachine.java:stopDaemon(526)) - Ozone container server stopped.
2021-11-06 13:35:07,712 [672ea6be-dedb-4741-be8d-933a2a2655df@group-24EDA71DCCF0-SegmentedRaftLogWorker] INFO  segmented.SegmentedRaftLogWorker (SegmentedRaftLogWorker.java:execute(601)) - 672ea6be-dedb-4741-be8d-933a2a2655df@group-24EDA71DCCF0-SegmentedRaftLogWorker: created new log segment /home/runner/work/ozone/ozone/hadoop-ozone/integration-test/target/test-dir/MiniOzoneClusterImpl-fb4733c7-c581-4712-901b-93273344e4d4/datanode-5/data/ratis/2a59f5fe-b091-4e94-a499-24eda71dccf0/current/log_inprogress_0
2021-11-06 13:35:07,724 [aaa68154-5cc6-499b-8ed3-58a3fd921bf5@group-DA0272F4ED0F-FollowerState] INFO  impl.FollowerState (FollowerState.java:run(134)) - aaa68154-5cc6-499b-8ed3-58a3fd921bf5@group-DA0272F4ED0F-FollowerState: change to CANDIDATE, lastRpcElapsedTime:5090275221ns, electionTimeout:5066ms
2021-11-06 13:35:07,725 [aaa68154-5cc6-499b-8ed3-58a3fd921bf5@group-DA0272F4ED0F-FollowerState] INFO  impl.RoleInfo (RoleInfo.java:shutdownFollowerState(108)) - aaa68154-5cc6-499b-8ed3-58a3fd921bf5: shutdown aaa68154-5cc6-499b-8ed3-58a3fd921bf5@group-DA0272F4ED0F-FollowerState
2021-11-06 13:35:07,725 [aaa68154-5cc6-499b-8ed3-58a3fd921bf5@group-DA0272F4ED0F-FollowerState] INFO  server.RaftServer$Division (RaftServerImpl.java:setRole(290)) - aaa68154-5cc6-499b-8ed3-58a3fd921bf5@group-DA0272F4ED0F: changes role from  FOLLOWER to CANDIDATE at term 0 for changeToCandidate
2021-11-06 13:35:07,733 [ReplicationMonitor] INFO  container.ReplicationManager (ReplicationManager.java:processAll(371)) - Replication Monitor Thread took 0 milliseconds for processing 6 containers.
2021-11-06 13:35:07,734 [grpc-default-executor-2] INFO  server.RaftServer$Division (RaftServerImpl.java:requestVote(1046)) - aaa68154-5cc6-499b-8ed3-58a3fd921bf5@group-DA0272F4ED0F: receive requestVote(ELECTION, 3e26efa9-4483-40fe-aebc-bbb79682031d, group-DA0272F4ED0F, 1, (t:0, i:0))
2021-11-06 13:35:07,753 [ForkJoinPool.commonPool-worker-1] INFO  handler.ContextHandler (ContextHandler.java:doStop(1153)) - Stopped o.e.j.w.WebAppContext@759e7706{hddsDatanode,/,null,STOPPED}{jar:file:/home/runner/.m2/repository/org/apache/ozone/hdds-container-service/1.2.0-SNAPSHOT/hdds-container-service-1.2.0-SNAPSHOT.jar!/webapps/hddsDatanode}
2021-11-06 13:35:07,756 [ForkJoinPool.commonPool-worker-1] INFO  server.AbstractConnector (AbstractConnector.java:doStop(381)) - Stopped ServerConnector@5acab512{HTTP/1.1, (http/1.1)}{0.0.0.0:0}
2021-11-06 13:35:07,756 [ForkJoinPool.commonPool-worker-1] INFO  server.session (HouseKeeper.java:stopScavenging(149)) - node0 Stopped scavenging
2021-11-06 13:35:07,772 [ForkJoinPool.commonPool-worker-1] INFO  handler.ContextHandler (ContextHandler.java:doStop(1153)) - Stopped o.e.j.s.ServletContextHandler@23e845fa{static,/static,jar:file:/home/runner/.m2/repository/org/apache/ozone/hdds-container-service/1.2.0-SNAPSHOT/hdds-container-service-1.2.0-SNAPSHOT.jar!/webapps/static,STOPPED}
2021-11-06 13:35:07,772 [ForkJoinPool.commonPool-worker-1] INFO  handler.ContextHandler (ContextHandler.java:doStop(1153)) - Stopped o.e.j.s.ServletContextHandler@40531a12{logs,/logs,file:///home/runner/work/ozone/ozone/hadoop-ozone/integration-test/target/log,STOPPED}
2021-11-06 13:35:07,772 [aaa68154-5cc6-499b-8ed3-58a3fd921bf5@group-DA0272F4ED0F-FollowerState] INFO  server.RaftServerConfigKeys (ConfUtils.java:logGet(44)) - raft.server.leaderelection.pre-vote = false (custom)
2021-11-06 13:35:07,772 [aaa68154-5cc6-499b-8ed3-58a3fd921bf5@group-DA0272F4ED0F-FollowerState] INFO  impl.RoleInfo (RoleInfo.java:updateAndGet(130)) - aaa68154-5cc6-499b-8ed3-58a3fd921bf5: start aaa68154-5cc6-499b-8ed3-58a3fd921bf5@group-DA0272F4ED0F-LeaderElection29
2021-11-06 13:35:07,773 [grpc-default-executor-2] INFO  impl.VoteContext (VoteContext.java:log(48)) - aaa68154-5cc6-499b-8ed3-58a3fd921bf5@group-DA0272F4ED0F-CANDIDATE: accept ELECTION from 3e26efa9-4483-40fe-aebc-bbb79682031d: our priority 0 <= candidate's priority 1
2021-11-06 13:35:07,773 [grpc-default-executor-2] INFO  server.RaftServer$Division (RaftServerImpl.java:setRole(290)) - aaa68154-5cc6-499b-8ed3-58a3fd921bf5@group-DA0272F4ED0F: changes role from CANDIDATE to FOLLOWER at term 1 for candidate:3e26efa9-4483-40fe-aebc-bbb79682031d
2021-11-06 13:35:07,773 [ReplicationMonitor] WARN  container.ReplicationManager (ReplicationManager.java:handleUnderReplicatedContainer(1195)) - Cannot replicate container #1, no healthy replica found.
2021-11-06 13:35:07,773 [ReplicationMonitor] WARN  container.ReplicationManager (ReplicationManager.java:handleUnderReplicatedContainer(1195)) - Cannot replicate container #2, no healthy replica found.
2021-11-06 13:35:07,773 [ReplicationMonitor] WARN  container.ReplicationManager (ReplicationManager.java:handleUnderReplicatedContainer(1195)) - Cannot replicate container #3, no healthy replica found.
2021-11-06 13:35:07,773 [ReplicationMonitor] WARN  container.ReplicationManager (ReplicationManager.java:handleUnderReplicatedContainer(1195)) - Cannot replicate container #4, no healthy replica found.
2021-11-06 13:35:07,789 [ReplicationMonitor] WARN  container.ReplicationManager (ReplicationManager.java:handleUnderReplicatedContainer(1195)) - Cannot replicate container #5, no healthy replica found.
2021-11-06 13:35:07,789 [ReplicationMonitor] WARN  container.ReplicationManager (ReplicationManager.java:handleUnderReplicatedContainer(1195)) - Cannot replicate container #6, no healthy replica found.
2021-11-06 13:35:07,789 [ReplicationMonitor] INFO  container.ReplicationManager (ReplicationManager.java:processAll(371)) - Replication Monitor Thread took 16 milliseconds for processing 6 containers.
2021-11-06 13:35:07,773 [grpc-default-executor-2] INFO  impl.RoleInfo (RoleInfo.java:shutdownLeaderElection(121)) - aaa68154-5cc6-499b-8ed3-58a3fd921bf5: shutdown aaa68154-5cc6-499b-8ed3-58a3fd921bf5@group-DA0272F4ED0F-LeaderElection29
2021-11-06 13:35:07,790 [grpc-default-executor-2] INFO  impl.RoleInfo (RoleInfo.java:updateAndGet(130)) - aaa68154-5cc6-499b-8ed3-58a3fd921bf5: start aaa68154-5cc6-499b-8ed3-58a3fd921bf5@group-DA0272F4ED0F-FollowerState
2021-11-06 13:35:07,791 [672ea6be-dedb-4741-be8d-933a2a2655df@group-DA0272F4ED0F-LeaderElection28] INFO  impl.LeaderElection (LeaderElection.java:askForVotes(306)) - 672ea6be-dedb-4741-be8d-933a2a2655df@group-DA0272F4ED0F-LeaderElection28 ELECTION round 0: submit vote requests at term 1 for -1: [aaa68154-5cc6-499b-8ed3-58a3fd921bf5|rpc:10.1.0.67:40015|priority:0, 672ea6be-dedb-4741-be8d-933a2a2655df|rpc:10.1.0.67:45857|priority:0, 3e26efa9-4483-40fe-aebc-bbb79682031d|rpc:10.1.0.67:33945|priority:1], old=null
2021-11-06 13:35:07,794 [grpc-default-executor-2] INFO  server.RaftServer$Division (RaftServerImpl.java:requestVote(1078)) - aaa68154-5cc6-499b-8ed3-58a3fd921bf5@group-DA0272F4ED0F replies to ELECTION vote request: 3e26efa9-4483-40fe-aebc-bbb79682031d<-aaa68154-5cc6-499b-8ed3-58a3fd921bf5#0:OK-t1. Peer's state: aaa68154-5cc6-499b-8ed3-58a3fd921bf5@group-DA0272F4ED0F:t1, leader=null, voted=3e26efa9-4483-40fe-aebc-bbb79682031d, raftlog=aaa68154-5cc6-499b-8ed3-58a3fd921bf5@group-DA0272F4ED0F-SegmentedRaftLog:OPENED:c-1, conf=-1: [aaa68154-5cc6-499b-8ed3-58a3fd921bf5|rpc:10.1.0.67:40015|priority:0, 672ea6be-dedb-4741-be8d-933a2a2655df|rpc:10.1.0.67:45857|priority:0, 3e26efa9-4483-40fe-aebc-bbb79682031d|rpc:10.1.0.67:33945|priority:1], old=null
2021-11-06 13:35:07,806 [aaa68154-5cc6-499b-8ed3-58a3fd921bf5@group-DA0272F4ED0F-LeaderElection29] INFO  impl.LeaderElection (LeaderElection.java:run(230)) - aaa68154-5cc6-499b-8ed3-58a3fd921bf5@group-DA0272F4ED0F-LeaderElection29: skip running since this is already CLOSING
2021-11-06 13:35:07,810 [grpc-default-executor-2] INFO  server.RaftServer$Division (RaftServerImpl.java:requestVote(1046)) - aaa68154-5cc6-499b-8ed3-58a3fd921bf5@group-DA0272F4ED0F: receive requestVote(ELECTION, 672ea6be-dedb-4741-be8d-933a2a2655df, group-DA0272F4ED0F, 1, (t:0, i:0))
2021-11-06 13:35:07,810 [grpc-default-executor-2] INFO  impl.VoteContext (VoteContext.java:log(48)) - aaa68154-5cc6-499b-8ed3-58a3fd921bf5@group-DA0272F4ED0F-FOLLOWER: reject ELECTION from 672ea6be-dedb-4741-be8d-933a2a2655df: already has voted for 3e26efa9-4483-40fe-aebc-bbb79682031d at current term 1
2021-11-06 13:35:07,810 [grpc-default-executor-2] INFO  server.RaftServer$Division (RaftServerImpl.java:requestVote(1078)) - aaa68154-5cc6-499b-8ed3-58a3fd921bf5@group-DA0272F4ED0F replies to ELECTION vote request: 672ea6be-dedb-4741-be8d-933a2a2655df<-aaa68154-5cc6-499b-8ed3-58a3fd921bf5#0:FAIL-t1. Peer's state: aaa68154-5cc6-499b-8ed3-58a3fd921bf5@group-DA0272F4ED0F:t1, leader=null, voted=3e26efa9-4483-40fe-aebc-bbb79682031d, raftlog=aaa68154-5cc6-499b-8ed3-58a3fd921bf5@group-DA0272F4ED0F-SegmentedRaftLog:OPENED:c-1, conf=-1: [aaa68154-5cc6-499b-8ed3-58a3fd921bf5|rpc:10.1.0.67:40015|priority:0, 672ea6be-dedb-4741-be8d-933a2a2655df|rpc:10.1.0.67:45857|priority:0, 3e26efa9-4483-40fe-aebc-bbb79682031d|rpc:10.1.0.67:33945|priority:1], old=null
2021-11-06 13:35:07,810 [3e26efa9-4483-40fe-aebc-bbb79682031d@group-DA0272F4ED0F-LeaderElection27] INFO  impl.LeaderElection (LeaderElection.java:logAndReturn(89)) - 3e26efa9-4483-40fe-aebc-bbb79682031d@group-DA0272F4ED0F-LeaderElection27: ELECTION PASSED received 1 response(s) and 0 exception(s):
2021-11-06 13:35:07,812 [3e26efa9-4483-40fe-aebc-bbb79682031d@group-DA0272F4ED0F-LeaderElection27] INFO  impl.LeaderElection (LeaderElection.java:logAndReturn(93)) -   Response 0: 3e26efa9-4483-40fe-aebc-bbb79682031d<-aaa68154-5cc6-499b-8ed3-58a3fd921bf5#0:OK-t1
2021-11-06 13:35:07,812 [3e26efa9-4483-40fe-aebc-bbb79682031d@group-DA0272F4ED0F-LeaderElection27] INFO  impl.LeaderElection (LeaderElection.java:askForVotes(308)) - 3e26efa9-4483-40fe-aebc-bbb79682031d@group-DA0272F4ED0F-LeaderElection27 ELECTION round 0: result PASSED
2021-11-06 13:35:07,812 [3e26efa9-4483-40fe-aebc-bbb79682031d@group-DA0272F4ED0F-LeaderElection27] INFO  impl.RoleInfo (RoleInfo.java:shutdownLeaderElection(121)) - 3e26efa9-4483-40fe-aebc-bbb79682031d: shutdown 3e26efa9-4483-40fe-aebc-bbb79682031d@group-DA0272F4ED0F-LeaderElection27
2021-11-06 13:35:07,812 [grpc-default-executor-2] INFO  server.RaftServer$Division (RaftServerImpl.java:requestVote(1046)) - 672ea6be-dedb-4741-be8d-933a2a2655df@group-DA0272F4ED0F: receive requestVote(ELECTION, 3e26efa9-4483-40fe-aebc-bbb79682031d, group-DA0272F4ED0F, 1, (t:0, i:0))
2021-11-06 13:35:07,812 [grpc-default-executor-2] INFO  impl.VoteContext (VoteContext.java:log(48)) - 672ea6be-dedb-4741-be8d-933a2a2655df@group-DA0272F4ED0F-CANDIDATE: reject ELECTION from 3e26efa9-4483-40fe-aebc-bbb79682031d: already has voted for 672ea6be-dedb-4741-be8d-933a2a2655df at current term 1
2021-11-06 13:35:07,812 [grpc-default-executor-2] INFO  server.RaftServer$Division (RaftServerImpl.java:requestVote(1078)) - 672ea6be-dedb-4741-be8d-933a2a2655df@group-DA0272F4ED0F replies to ELECTION vote request: 3e26efa9-4483-40fe-aebc-bbb79682031d<-672ea6be-dedb-4741-be8d-933a2a2655df#0:FAIL-t1. Peer's state: 672ea6be-dedb-4741-be8d-933a2a2655df@group-DA0272F4ED0F:t1, leader=null, voted=672ea6be-dedb-4741-be8d-933a2a2655df, raftlog=672ea6be-dedb-4741-be8d-933a2a2655df@group-DA0272F4ED0F-SegmentedRaftLog:OPENED:c-1, conf=-1: [aaa68154-5cc6-499b-8ed3-58a3fd921bf5|rpc:10.1.0.67:40015|priority:0, 672ea6be-dedb-4741-be8d-933a2a2655df|rpc:10.1.0.67:45857|priority:0, 3e26efa9-4483-40fe-aebc-bbb79682031d|rpc:10.1.0.67:33945|priority:1], old=null
2021-11-06 13:35:07,812 [3e26efa9-4483-40fe-aebc-bbb79682031d@group-DA0272F4ED0F-LeaderElection27] INFO  server.RaftServer$Division (RaftServerImpl.java:setRole(290)) - 3e26efa9-4483-40fe-aebc-bbb79682031d@group-DA0272F4ED0F: changes role from CANDIDATE to LEADER at term 1 for changeToLeader
2021-11-06 13:35:07,812 [3e26efa9-4483-40fe-aebc-bbb79682031d@group-DA0272F4ED0F-LeaderElection27] INFO  ratis.XceiverServerRatis (XceiverServerRatis.java:handleLeaderChangedNotification(866)) - Leader change notification received for group: group-DA0272F4ED0F with new leaderId: 3e26efa9-4483-40fe-aebc-bbb79682031d
2021-11-06 13:35:07,813 [3e26efa9-4483-40fe-aebc-bbb79682031d@group-DA0272F4ED0F-LeaderElection27] INFO  server.RaftServer$Division (ServerState.java:setLeader(285)) - 3e26efa9-4483-40fe-aebc-bbb79682031d@group-DA0272F4ED0F: change Leader from null to 3e26efa9-4483-40fe-aebc-bbb79682031d at term 1 for becomeLeader, leader elected after 5270ms
2021-11-06 13:35:07,813 [3e26efa9-4483-40fe-aebc-bbb79682031d@group-DA0272F4ED0F-LeaderElection27] INFO  server.RaftServerConfigKeys (ConfUtils.java:logGet(44)) - raft.server.staging.catchup.gap = 1000 (default)
2021-11-06 13:35:07,813 [3e26efa9-4483-40fe-aebc-bbb79682031d@group-DA0272F4ED0F-LeaderElection27] INFO  server.RaftServerConfigKeys (ConfUtils.java:logGet(44)) - raft.server.write.element-limit = 1024 (custom)
2021-11-06 13:35:07,813 [3e26efa9-4483-40fe-aebc-bbb79682031d@group-DA0272F4ED0F-LeaderElection27] INFO  server.RaftServerConfigKeys (ConfUtils.java:logGet(44)) - raft.server.write.byte-limit = 1024 M (=1073741824) (custom)
2021-11-06 13:35:07,813 [3e26efa9-4483-40fe-aebc-bbb79682031d@group-DA0272F4ED0F-LeaderElection27] INFO  server.RaftServerConfigKeys (ConfUtils.java:logGet(44)) - raft.server.watch.timeout = 180s (custom)
2021-11-06 13:35:07,813 [3e26efa9-4483-40fe-aebc-bbb79682031d@group-DA0272F4ED0F-LeaderElection27] INFO  server.RaftServerConfigKeys (ConfUtils.java:logGet(44)) - raft.server.watch.timeout.denomination = 1s (default)
2021-11-06 13:35:07,813 [3e26efa9-4483-40fe-aebc-bbb79682031d@group-DA0272F4ED0F-LeaderElection27] INFO  server.RaftServerConfigKeys (ConfUtils.java:logGet(44)) - raft.server.watch.element-limit = 65536 (default)
2021-11-06 13:35:07,813 [3e26efa9-4483-40fe-aebc-bbb79682031d@group-DA0272F4ED0F-LeaderElection27] INFO  server.RaftServerConfigKeys (ConfUtils.java:logGet(44)) - raft.server.write.element-limit = 1024 (custom)
2021-11-06 13:35:07,813 [3e26efa9-4483-40fe-aebc-bbb79682031d@group-DA0272F4ED0F-LeaderElection27] INFO  server.RaftServerConfigKeys (ConfUtils.java:logGet(44)) - raft.server.write.follower.gap.ratio.max = -1.0 (default)
2021-11-06 13:35:07,814 [3e26efa9-4483-40fe-aebc-bbb79682031d@group-DA0272F4ED0F-LeaderElection27] INFO  server.RaftServerConfigKeys (ConfUtils.java:logGet(44)) - raft.server.log.appender.snapshot.chunk.size.max = 16MB (=16777216) (default)
2021-11-06 13:35:07,814 [3e26efa9-4483-40fe-aebc-bbb79682031d@group-DA0272F4ED0F-LeaderElection27] INFO  server.RaftServerConfigKeys (ConfUtils.java:logGet(44)) - raft.server.log.appender.buffer.byte-limit = 33554432 (custom)
2021-11-06 13:35:07,814 [3e26efa9-4483-40fe-aebc-bbb79682031d@group-DA0272F4ED0F-LeaderElection27] INFO  server.RaftServerConfigKeys (ConfUtils.java:logGet(44)) - raft.server.log.appender.buffer.element-limit = 1 (custom)
2021-11-06 13:35:07,814 [3e26efa9-4483-40fe-aebc-bbb79682031d@group-DA0272F4ED0F-LeaderElection27] INFO  grpc.GrpcConfigKeys (ConfUtils.java:logGet(44)) - raft.grpc.server.leader.outstanding.appends.max = 128 (default)
2021-11-06 13:35:07,814 [3e26efa9-4483-40fe-aebc-bbb79682031d@group-DA0272F4ED0F-LeaderElection27] INFO  server.RaftServerConfigKeys (ConfUtils.java:logGet(44)) - raft.server.rpc.request.timeout = 60s (custom)
2021-11-06 13:35:07,814 [3e26efa9-4483-40fe-aebc-bbb79682031d@group-DA0272F4ED0F-LeaderElection27] INFO  server.RaftServerConfigKeys (ConfUtils.java:logGet(44)) - raft.server.log.appender.install.snapshot.enabled = false (custom)
2021-11-06 13:35:07,815 [3e26efa9-4483-40fe-aebc-bbb79682031d@group-DA0272F4ED0F-LeaderElection27] INFO  server.RaftServerConfigKeys (ConfUtils.java:logGet(44)) - raft.server.log.appender.snapshot.chunk.size.max = 16MB (=16777216) (default)
2021-11-06 13:35:07,815 [3e26efa9-4483-40fe-aebc-bbb79682031d@group-DA0272F4ED0F-LeaderElection27] INFO  server.RaftServerConfigKeys (ConfUtils.java:logGet(44)) - raft.server.log.appender.buffer.byte-limit = 33554432 (custom)
2021-11-06 13:35:07,815 [3e26efa9-4483-40fe-aebc-bbb79682031d@group-DA0272F4ED0F-LeaderElection27] INFO  server.RaftServerConfigKeys (ConfUtils.java:logGet(44)) - raft.server.log.appender.buffer.element-limit = 1 (custom)
2021-11-06 13:35:07,815 [3e26efa9-4483-40fe-aebc-bbb79682031d@group-DA0272F4ED0F-LeaderElection27] INFO  grpc.GrpcConfigKeys (ConfUtils.java:logGet(44)) - raft.grpc.server.leader.outstanding.appends.max = 128 (default)
2021-11-06 13:35:07,815 [3e26efa9-4483-40fe-aebc-bbb79682031d@group-DA0272F4ED0F-LeaderElection27] INFO  server.RaftServerConfigKeys (ConfUtils.java:logGet(44)) - raft.server.rpc.request.timeout = 60s (custom)
2021-11-06 13:35:07,815 [3e26efa9-4483-40fe-aebc-bbb79682031d@group-DA0272F4ED0F-LeaderElection27] INFO  server.RaftServerConfigKeys (ConfUtils.java:logGet(44)) - raft.server.log.appender.install.snapshot.enabled = false (custom)
2021-11-06 13:35:07,816 [3e26efa9-4483-40fe-aebc-bbb79682031d@group-DA0272F4ED0F-LeaderElection27] INFO  impl.RoleInfo (RoleInfo.java:updateAndGet(130)) - 3e26efa9-4483-40fe-aebc-bbb79682031d: start 3e26efa9-4483-40fe-aebc-bbb79682031d@group-DA0272F4ED0F-LeaderStateImpl
2021-11-06 13:35:07,816 [3e26efa9-4483-40fe-aebc-bbb79682031d@group-DA0272F4ED0F-LeaderElection27] INFO  segmented.SegmentedRaftLogWorker (SegmentedRaftLogWorker.java:startLogSegment(394)) - 3e26efa9-4483-40fe-aebc-bbb79682031d@group-DA0272F4ED0F-SegmentedRaftLogWorker: Starting segment from index:0
2021-11-06 13:35:07,830 [3e26efa9-4483-40fe-aebc-bbb79682031d@group-DA0272F4ED0F-SegmentedRaftLogWorker] INFO  segmented.SegmentedRaftLogWorker (SegmentedRaftLogWorker.java:execute(601)) - 3e26efa9-4483-40fe-aebc-bbb79682031d@group-DA0272F4ED0F-SegmentedRaftLogWorker: created new log segment /home/runner/work/ozone/ozone/hadoop-ozone/integration-test/target/test-dir/MiniOzoneClusterImpl-fb4733c7-c581-4712-901b-93273344e4d4/datanode-4/data/ratis/8a03e0ea-781a-4ec7-b8c7-da0272f4ed0f/current/log_inprogress_0
2021-11-06 13:35:07,834 [grpc-default-executor-1] INFO  ratis.XceiverServerRatis (XceiverServerRatis.java:handleLeaderChangedNotification(866)) - Leader change notification received for group: group-DA0272F4ED0F with new leaderId: 3e26efa9-4483-40fe-aebc-bbb79682031d
2021-11-06 13:35:07,834 [grpc-default-executor-1] INFO  server.RaftServer$Division (ServerState.java:setLeader(285)) - aaa68154-5cc6-499b-8ed3-58a3fd921bf5@group-DA0272F4ED0F: change Leader from null to 3e26efa9-4483-40fe-aebc-bbb79682031d at term 1 for appendEntries, leader elected after 5239ms
2021-11-06 13:35:07,838 [EventQueue-PipelineReportForPipelineReportHandler] INFO  pipeline.PipelineManagerImpl (PipelineManagerImpl.java:openPipeline(289)) - Pipeline Pipeline[ Id: 8a03e0ea-781a-4ec7-b8c7-da0272f4ed0f, Nodes: aaa68154-5cc6-499b-8ed3-58a3fd921bf5{ip: 10.1.0.67, host: fv-az184-210.3ow45vhwbzuu5incsxmygykede.cx.internal.cloudapp.net, ports: [REPLICATION=37149, RATIS=40015, RATIS_ADMIN=40015, RATIS_SERVER=40015, STANDALONE=44347], networkLocation: /default-rack, certSerialId: null, persistedOpState: IN_MAINTENANCE, persistedOpStateExpiryEpochSec: 0}3e26efa9-4483-40fe-aebc-bbb79682031d{ip: 10.1.0.67, host: fv-az184-210.3ow45vhwbzuu5incsxmygykede.cx.internal.cloudapp.net, ports: [REPLICATION=41839, RATIS=33945, RATIS_ADMIN=33945, RATIS_SERVER=33945, STANDALONE=41169], networkLocation: /default-rack, certSerialId: null, persistedOpState: IN_MAINTENANCE, persistedOpStateExpiryEpochSec: 0}672ea6be-dedb-4741-be8d-933a2a2655df{ip: 10.1.0.67, host: fv-az184-210.3ow45vhwbzuu5incsxmygykede.cx.internal.cloudapp.net, ports: [REPLICATION=45895, RATIS=45857, RATIS_ADMIN=45857, RATIS_SERVER=45857, STANDALONE=40855], networkLocation: /default-rack, certSerialId: null, persistedOpState: IN_MAINTENANCE, persistedOpStateExpiryEpochSec: 0}, ReplicationConfig: RATIS/THREE, State:ALLOCATED, leaderId:3e26efa9-4483-40fe-aebc-bbb79682031d, CreationTimestamp2021-11-06T13:35:00.555Z[Etc/UTC]] moved to OPEN state
2021-11-06 13:35:07,875 [grpc-default-executor-1] INFO  server.RaftServer$Division (ServerState.java:setRaftConf(387)) - aaa68154-5cc6-499b-8ed3-58a3fd921bf5@group-DA0272F4ED0F: set configuration 0: [aaa68154-5cc6-499b-8ed3-58a3fd921bf5|rpc:10.1.0.67:40015|dataStream:|priority:0, 672ea6be-dedb-4741-be8d-933a2a2655df|rpc:10.1.0.67:45857|dataStream:|priority:0, 3e26efa9-4483-40fe-aebc-bbb79682031d|rpc:10.1.0.67:33945|dataStream:|priority:1], old=null
2021-11-06 13:35:07,875 [grpc-default-executor-1] INFO  segmented.SegmentedRaftLogWorker (SegmentedRaftLogWorker.java:startLogSegment(394)) - aaa68154-5cc6-499b-8ed3-58a3fd921bf5@group-DA0272F4ED0F-SegmentedRaftLogWorker: Starting segment from index:0
2021-11-06 13:35:07,876 [3e26efa9-4483-40fe-aebc-bbb79682031d@group-DA0272F4ED0F-LeaderElection27] INFO  server.RaftServer$Division (ServerState.java:setRaftConf(387)) - 3e26efa9-4483-40fe-aebc-bbb79682031d@group-DA0272F4ED0F: set configuration 0: [aaa68154-5cc6-499b-8ed3-58a3fd921bf5|rpc:10.1.0.67:40015|dataStream:|priority:0, 672ea6be-dedb-4741-be8d-933a2a2655df|rpc:10.1.0.67:45857|dataStream:|priority:0, 3e26efa9-4483-40fe-aebc-bbb79682031d|rpc:10.1.0.67:33945|dataStream:|priority:1], old=null
2021-11-06 13:35:07,877 [aaa68154-5cc6-499b-8ed3-58a3fd921bf5@group-DA0272F4ED0F-SegmentedRaftLogWorker] INFO  segmented.SegmentedRaftLogWorker (SegmentedRaftLogWorker.java:execute(601)) - aaa68154-5cc6-499b-8ed3-58a3fd921bf5@group-DA0272F4ED0F-SegmentedRaftLogWorker: created new log segment /home/runner/work/ozone/ozone/hadoop-ozone/integration-test/target/test-dir/MiniOzoneClusterImpl-fb4733c7-c581-4712-901b-93273344e4d4/datanode-3/data/ratis/8a03e0ea-781a-4ec7-b8c7-da0272f4ed0f/current/log_inprogress_0
2021-11-06 13:35:07,879 [grpc-default-executor-3] INFO  server.RaftServer$Division (RaftServerImpl.java:setRole(290)) - 672ea6be-dedb-4741-be8d-933a2a2655df@group-DA0272F4ED0F: changes role from CANDIDATE to FOLLOWER at term 1 for appendEntries
2021-11-06 13:35:07,879 [grpc-default-executor-3] INFO  impl.RoleInfo (RoleInfo.java:shutdownLeaderElection(121)) - 672ea6be-dedb-4741-be8d-933a2a2655df: shutdown 672ea6be-dedb-4741-be8d-933a2a2655df@group-DA0272F4ED0F-LeaderElection28
2021-11-06 13:35:07,903 [grpc-default-executor-3] INFO  impl.RoleInfo (RoleInfo.java:updateAndGet(130)) - 672ea6be-dedb-4741-be8d-933a2a2655df: start 672ea6be-dedb-4741-be8d-933a2a2655df@group-DA0272F4ED0F-FollowerState
2021-11-06 13:35:07,903 [grpc-default-executor-2] INFO  server.RaftServer$Division (RaftServerImpl.java:requestVote(1046)) - 3e26efa9-4483-40fe-aebc-bbb79682031d@group-DA0272F4ED0F: receive requestVote(ELECTION, 672ea6be-dedb-4741-be8d-933a2a2655df, group-DA0272F4ED0F, 1, (t:0, i:0))
2021-11-06 13:35:07,903 [grpc-default-executor-2] INFO  impl.VoteContext (VoteContext.java:log(48)) - 3e26efa9-4483-40fe-aebc-bbb79682031d@group-DA0272F4ED0F-LEADER: reject ELECTION from 672ea6be-dedb-4741-be8d-933a2a2655df: already has voted for 3e26efa9-4483-40fe-aebc-bbb79682031d at current term 1
2021-11-06 13:35:07,903 [grpc-default-executor-2] INFO  server.RaftServer$Division (RaftServerImpl.java:requestVote(1078)) - 3e26efa9-4483-40fe-aebc-bbb79682031d@group-DA0272F4ED0F replies to ELECTION vote request: 672ea6be-dedb-4741-be8d-933a2a2655df<-3e26efa9-4483-40fe-aebc-bbb79682031d#0:FAIL-t1. Peer's state: 3e26efa9-4483-40fe-aebc-bbb79682031d@group-DA0272F4ED0F:t1, leader=3e26efa9-4483-40fe-aebc-bbb79682031d, voted=3e26efa9-4483-40fe-aebc-bbb79682031d, raftlog=3e26efa9-4483-40fe-aebc-bbb79682031d@group-DA0272F4ED0F-SegmentedRaftLog:OPENED:c0, conf=0: [aaa68154-5cc6-499b-8ed3-58a3fd921bf5|rpc:10.1.0.67:40015|dataStream:|priority:0, 672ea6be-dedb-4741-be8d-933a2a2655df|rpc:10.1.0.67:45857|dataStream:|priority:0, 3e26efa9-4483-40fe-aebc-bbb79682031d|rpc:10.1.0.67:33945|dataStream:|priority:1], old=null
2021-11-06 13:35:07,915 [grpc-default-executor-3] INFO  ratis.XceiverServerRatis (XceiverServerRatis.java:handleLeaderChangedNotification(866)) - Leader change notification received for group: group-DA0272F4ED0F with new leaderId: 3e26efa9-4483-40fe-aebc-bbb79682031d
2021-11-06 13:35:07,915 [grpc-default-executor-3] INFO  server.RaftServer$Division (ServerState.java:setLeader(285)) - 672ea6be-dedb-4741-be8d-933a2a2655df@group-DA0272F4ED0F: change Leader from null to 3e26efa9-4483-40fe-aebc-bbb79682031d at term 1 for appendEntries, leader elected after 5329ms
2021-11-06 13:35:07,915 [672ea6be-dedb-4741-be8d-933a2a2655df@group-DA0272F4ED0F-LeaderElection28] INFO  impl.LeaderElection (LeaderElection.java:logAndReturn(89)) - 672ea6be-dedb-4741-be8d-933a2a2655df@group-DA0272F4ED0F-LeaderElection28: ELECTION REJECTED received 2 response(s) and 0 exception(s):
2021-11-06 13:35:07,916 [672ea6be-dedb-4741-be8d-933a2a2655df@group-DA0272F4ED0F-LeaderElection28] INFO  impl.LeaderElection (LeaderElection.java:logAndReturn(93)) -   Response 0: 672ea6be-dedb-4741-be8d-933a2a2655df<-aaa68154-5cc6-499b-8ed3-58a3fd921bf5#0:FAIL-t1
2021-11-06 13:35:07,916 [672ea6be-dedb-4741-be8d-933a2a2655df@group-DA0272F4ED0F-LeaderElection28] INFO  impl.LeaderElection (LeaderElection.java:logAndReturn(93)) -   Response 1: 672ea6be-dedb-4741-be8d-933a2a2655df<-3e26efa9-4483-40fe-aebc-bbb79682031d#0:FAIL-t1
2021-11-06 13:35:07,918 [grpc-default-executor-2] INFO  server.RaftServer$Division (ServerState.java:setRaftConf(387)) - 672ea6be-dedb-4741-be8d-933a2a2655df@group-DA0272F4ED0F: set configuration 0: [aaa68154-5cc6-499b-8ed3-58a3fd921bf5|rpc:10.1.0.67:40015|dataStream:|priority:0, 672ea6be-dedb-4741-be8d-933a2a2655df|rpc:10.1.0.67:45857|dataStream:|priority:0, 3e26efa9-4483-40fe-aebc-bbb79682031d|rpc:10.1.0.67:33945|dataStream:|priority:1], old=null
2021-11-06 13:35:07,918 [grpc-default-executor-2] INFO  segmented.SegmentedRaftLogWorker (SegmentedRaftLogWorker.java:startLogSegment(394)) - 672ea6be-dedb-4741-be8d-933a2a2655df@group-DA0272F4ED0F-SegmentedRaftLogWorker: Starting segment from index:0
2021-11-06 13:35:07,923 [672ea6be-dedb-4741-be8d-933a2a2655df@group-DA0272F4ED0F-SegmentedRaftLogWorker] INFO  segmented.SegmentedRaftLogWorker (SegmentedRaftLogWorker.java:execute(601)) - 672ea6be-dedb-4741-be8d-933a2a2655df@group-DA0272F4ED0F-SegmentedRaftLogWorker: created new log segment /home/runner/work/ozone/ozone/hadoop-ozone/integration-test/target/test-dir/MiniOzoneClusterImpl-fb4733c7-c581-4712-901b-93273344e4d4/datanode-5/data/ratis/8a03e0ea-781a-4ec7-b8c7-da0272f4ed0f/current/log_inprogress_0
2021-11-06 13:35:07,944 [672ea6be-dedb-4741-be8d-933a2a2655df@group-DA0272F4ED0F-LeaderElection28] INFO  impl.LeaderElection (LeaderElection.java:askForVotes(308)) - 672ea6be-dedb-4741-be8d-933a2a2655df@group-DA0272F4ED0F-LeaderElection28 ELECTION round 0: result REJECTED
2021-11-06 13:35:07,964 [EventQueue-DeadNodeForDeadNodeHandler] INFO  node.DeadNodeHandler (DeadNodeHandler.java:onMessage(80)) - A dead datanode is detected. fee1c6f6-5094-4bdd-a5dd-f01103aef2b8{ip: 10.1.0.67, host: fv-az184-210.3ow45vhwbzuu5incsxmygykede.cx.internal.cloudapp.net, ports: [REPLICATION=44919, RATIS=33357, RATIS_ADMIN=33357, RATIS_SERVER=33357, STANDALONE=34551], networkLocation: /default-rack, certSerialId: null, persistedOpState: IN_SERVICE, persistedOpStateExpiryEpochSec: 0}
2021-11-06 13:35:07,964 [EventQueue-DeadNodeForDeadNodeHandler] INFO  pipeline.RatisPipelineProvider (RatisPipelineProvider.java:lambda$close$1(222)) - Send pipeline:PipelineID=e09b7461-573d-448d-b750-88d83f28037d close command to datanode fee1c6f6-5094-4bdd-a5dd-f01103aef2b8
2021-11-06 13:35:07,964 [EventQueue-DeadNodeForDeadNodeHandler] INFO  pipeline.PipelineStateManagerImpl (PipelineStateManagerImpl.java:removePipeline(223)) - Pipeline Pipeline[ Id: e09b7461-573d-448d-b750-88d83f28037d, Nodes: fee1c6f6-5094-4bdd-a5dd-f01103aef2b8{ip: 10.1.0.67, host: fv-az184-210.3ow45vhwbzuu5incsxmygykede.cx.internal.cloudapp.net, ports: [REPLICATION=44919, RATIS=33357, RATIS_ADMIN=33357, RATIS_SERVER=33357, STANDALONE=34551], networkLocation: /default-rack, certSerialId: null, persistedOpState: IN_SERVICE, persistedOpStateExpiryEpochSec: 0}, ReplicationConfig: RATIS/ONE, State:CLOSED, leaderId:fee1c6f6-5094-4bdd-a5dd-f01103aef2b8, CreationTimestamp2021-11-06T13:34:08.663Z[Etc/UTC]] removed.
2021-11-06 13:35:07,965 [EventQueue-DeadNodeForDeadNodeHandler] INFO  net.NetworkTopologyImpl (NetworkTopologyImpl.java:remove(137)) - Removed a node: /default-rack/fee1c6f6-5094-4bdd-a5dd-f01103aef2b8
2021-11-06 13:35:07,965 [EventQueue-DeadNodeForDeadNodeHandler] INFO  node.DeadNodeHandler (DeadNodeHandler.java:onMessage(80)) - A dead datanode is detected. a077d379-a0af-4f18-bb8f-b5d50af5e2b0{ip: 10.1.0.67, host: fv-az184-210.3ow45vhwbzuu5incsxmygykede.cx.internal.cloudapp.net, ports: [REPLICATION=38329, RATIS=33755, RATIS_ADMIN=33755, RATIS_SERVER=33755, STANDALONE=34245], networkLocation: /default-rack, certSerialId: null, persistedOpState: IN_SERVICE, persistedOpStateExpiryEpochSec: 0}
2021-11-06 13:35:07,965 [EventQueue-DeadNodeForDeadNodeHandler] INFO  pipeline.RatisPipelineProvider (RatisPipelineProvider.java:lambda$close$1(222)) - Send pipeline:PipelineID=b493756f-40d6-414d-9f93-387bb1b6d501 close command to datanode a077d379-a0af-4f18-bb8f-b5d50af5e2b0
2021-11-06 13:35:07,965 [EventQueue-DeadNodeForDeadNodeHandler] INFO  pipeline.PipelineStateManagerImpl (PipelineStateManagerImpl.java:removePipeline(223)) - Pipeline Pipeline[ Id: b493756f-40d6-414d-9f93-387bb1b6d501, Nodes: a077d379-a0af-4f18-bb8f-b5d50af5e2b0{ip: 10.1.0.67, host: fv-az184-210.3ow45vhwbzuu5incsxmygykede.cx.internal.cloudapp.net, ports: [REPLICATION=38329, RATIS=33755, RATIS_ADMIN=33755, RATIS_SERVER=33755, STANDALONE=34245], networkLocation: /default-rack, certSerialId: null, persistedOpState: IN_SERVICE, persistedOpStateExpiryEpochSec: 0}, ReplicationConfig: RATIS/ONE, State:CLOSED, leaderId:a077d379-a0af-4f18-bb8f-b5d50af5e2b0, CreationTimestamp2021-11-06T13:34:10.007Z[Etc/UTC]] removed.
2021-11-06 13:35:07,965 [EventQueue-DeadNodeForDeadNodeHandler] INFO  net.NetworkTopologyImpl (NetworkTopologyImpl.java:remove(137)) - Removed a node: /default-rack/a077d379-a0af-4f18-bb8f-b5d50af5e2b0
2021-11-06 13:35:07,975 [3e26efa9-4483-40fe-aebc-bbb79682031d@group-654CA91449A0-FollowerState] INFO  impl.FollowerState (FollowerState.java:run(134)) - 3e26efa9-4483-40fe-aebc-bbb79682031d@group-654CA91449A0-FollowerState: change to CANDIDATE, lastRpcElapsedTime:5111097392ns, electionTimeout:5109ms
2021-11-06 13:35:07,975 [3e26efa9-4483-40fe-aebc-bbb79682031d@group-654CA91449A0-FollowerState] INFO  impl.RoleInfo (RoleInfo.java:shutdownFollowerState(108)) - 3e26efa9-4483-40fe-aebc-bbb79682031d: shutdown 3e26efa9-4483-40fe-aebc-bbb79682031d@group-654CA91449A0-FollowerState
2021-11-06 13:35:07,975 [3e26efa9-4483-40fe-aebc-bbb79682031d@group-654CA91449A0-FollowerState] INFO  server.RaftServer$Division (RaftServerImpl.java:setRole(290)) - 3e26efa9-4483-40fe-aebc-bbb79682031d@group-654CA91449A0: changes role from  FOLLOWER to CANDIDATE at term 0 for changeToCandidate
2021-11-06 13:35:07,975 [3e26efa9-4483-40fe-aebc-bbb79682031d@group-654CA91449A0-FollowerState] INFO  server.RaftServerConfigKeys (ConfUtils.java:logGet(44)) - raft.server.leaderelection.pre-vote = false (custom)
2021-11-06 13:35:07,975 [3e26efa9-4483-40fe-aebc-bbb79682031d@group-654CA91449A0-FollowerState] INFO  impl.RoleInfo (RoleInfo.java:updateAndGet(130)) - 3e26efa9-4483-40fe-aebc-bbb79682031d: start 3e26efa9-4483-40fe-aebc-bbb79682031d@group-654CA91449A0-LeaderElection30
2021-11-06 13:35:08,009 [3e26efa9-4483-40fe-aebc-bbb79682031d@group-654CA91449A0-LeaderElection30] INFO  impl.LeaderElection (LeaderElection.java:askForVotes(306)) - 3e26efa9-4483-40fe-aebc-bbb79682031d@group-654CA91449A0-LeaderElection30 ELECTION round 0: submit vote requests at term 1 for -1: [3e26efa9-4483-40fe-aebc-bbb79682031d|rpc:10.1.0.67:33945|priority:1], old=null
2021-11-06 13:35:08,009 [3e26efa9-4483-40fe-aebc-bbb79682031d@group-654CA91449A0-LeaderElection30] INFO  impl.LeaderElection (LeaderElection.java:askForVotes(308)) - 3e26efa9-4483-40fe-aebc-bbb79682031d@group-654CA91449A0-LeaderElection30 ELECTION round 0: result PASSED (term=1)
2021-11-06 13:35:08,009 [3e26efa9-4483-40fe-aebc-bbb79682031d@group-654CA91449A0-LeaderElection30] INFO  impl.RoleInfo (RoleInfo.java:shutdownLeaderElection(121)) - 3e26efa9-4483-40fe-aebc-bbb79682031d: shutdown 3e26efa9-4483-40fe-aebc-bbb79682031d@group-654CA91449A0-LeaderElection30
2021-11-06 13:35:08,009 [3e26efa9-4483-40fe-aebc-bbb79682031d@group-654CA91449A0-LeaderElection30] INFO  server.RaftServer$Division (RaftServerImpl.java:setRole(290)) - 3e26efa9-4483-40fe-aebc-bbb79682031d@group-654CA91449A0: changes role from CANDIDATE to LEADER at term 1 for changeToLeader
2021-11-06 13:35:08,009 [3e26efa9-4483-40fe-aebc-bbb79682031d@group-654CA91449A0-LeaderElection30] INFO  ratis.XceiverServerRatis (XceiverServerRatis.java:handleLeaderChangedNotification(866)) - Leader change notification received for group: group-654CA91449A0 with new leaderId: 3e26efa9-4483-40fe-aebc-bbb79682031d
2021-11-06 13:35:08,009 [3e26efa9-4483-40fe-aebc-bbb79682031d@group-654CA91449A0-LeaderElection30] INFO  server.RaftServer$Division (ServerState.java:setLeader(285)) - 3e26efa9-4483-40fe-aebc-bbb79682031d@group-654CA91449A0: change Leader from null to 3e26efa9-4483-40fe-aebc-bbb79682031d at term 1 for becomeLeader, leader elected after 5161ms
2021-11-06 13:35:08,009 [3e26efa9-4483-40fe-aebc-bbb79682031d@group-654CA91449A0-LeaderElection30] INFO  server.RaftServerConfigKeys (ConfUtils.java:logGet(44)) - raft.server.staging.catchup.gap = 1000 (default)
2021-11-06 13:35:08,010 [3e26efa9-4483-40fe-aebc-bbb79682031d@group-654CA91449A0-LeaderElection30] INFO  server.RaftServerConfigKeys (ConfUtils.java:logGet(44)) - raft.server.write.element-limit = 1024 (custom)
2021-11-06 13:35:08,010 [3e26efa9-4483-40fe-aebc-bbb79682031d@group-654CA91449A0-LeaderElection30] INFO  server.RaftServerConfigKeys (ConfUtils.java:logGet(44)) - raft.server.write.byte-limit = 1024 M (=1073741824) (custom)
2021-11-06 13:35:08,010 [3e26efa9-4483-40fe-aebc-bbb79682031d@group-654CA91449A0-LeaderElection30] INFO  server.RaftServerConfigKeys (ConfUtils.java:logGet(44)) - raft.server.watch.timeout = 180s (custom)
2021-11-06 13:35:08,010 [3e26efa9-4483-40fe-aebc-bbb79682031d@group-654CA91449A0-LeaderElection30] INFO  server.RaftServerConfigKeys (ConfUtils.java:logGet(44)) - raft.server.watch.timeout.denomination = 1s (default)
2021-11-06 13:35:08,010 [3e26efa9-4483-40fe-aebc-bbb79682031d@group-654CA91449A0-LeaderElection30] INFO  server.RaftServerConfigKeys (ConfUtils.java:logGet(44)) - raft.server.watch.element-limit = 65536 (default)
2021-11-06 13:35:08,010 [3e26efa9-4483-40fe-aebc-bbb79682031d@group-654CA91449A0-LeaderElection30] INFO  server.RaftServerConfigKeys (ConfUtils.java:logGet(44)) - raft.server.write.element-limit = 1024 (custom)
2021-11-06 13:35:08,010 [3e26efa9-4483-40fe-aebc-bbb79682031d@group-654CA91449A0-LeaderElection30] INFO  server.RaftServerConfigKeys (ConfUtils.java:logGet(44)) - raft.server.write.follower.gap.ratio.max = -1.0 (default)
2021-11-06 13:35:08,010 [3e26efa9-4483-40fe-aebc-bbb79682031d@group-654CA91449A0-LeaderElection30] INFO  impl.RoleInfo (RoleInfo.java:updateAndGet(130)) - 3e26efa9-4483-40fe-aebc-bbb79682031d: start 3e26efa9-4483-40fe-aebc-bbb79682031d@group-654CA91449A0-LeaderStateImpl
2021-11-06 13:35:08,011 [3e26efa9-4483-40fe-aebc-bbb79682031d@group-654CA91449A0-LeaderElection30] INFO  segmented.SegmentedRaftLogWorker (SegmentedRaftLogWorker.java:startLogSegment(394)) - 3e26efa9-4483-40fe-aebc-bbb79682031d@group-654CA91449A0-SegmentedRaftLogWorker: Starting segment from index:0
2021-11-06 13:35:08,014 [3e26efa9-4483-40fe-aebc-bbb79682031d@group-654CA91449A0-SegmentedRaftLogWorker] INFO  segmented.SegmentedRaftLogWorker (SegmentedRaftLogWorker.java:execute(601)) - 3e26efa9-4483-40fe-aebc-bbb79682031d@group-654CA91449A0-SegmentedRaftLogWorker: created new log segment /home/runner/work/ozone/ozone/hadoop-ozone/integration-test/target/test-dir/MiniOzoneClusterImpl-fb4733c7-c581-4712-901b-93273344e4d4/datanode-4/data/ratis/4c62a0aa-1049-4306-9e52-654ca91449a0/current/log_inprogress_0
2021-11-06 13:35:08,036 [3e26efa9-4483-40fe-aebc-bbb79682031d@group-654CA91449A0-LeaderElection30] INFO  server.RaftServer$Division (ServerState.java:setRaftConf(387)) - 3e26efa9-4483-40fe-aebc-bbb79682031d@group-654CA91449A0: set configuration 0: [3e26efa9-4483-40fe-aebc-bbb79682031d|rpc:10.1.0.67:33945|dataStream:|priority:1], old=null
2021-11-06 13:35:08,112 [aaa68154-5cc6-499b-8ed3-58a3fd921bf5@group-6E5049E15EC4-FollowerState] INFO  impl.FollowerState (FollowerState.java:run(134)) - aaa68154-5cc6-499b-8ed3-58a3fd921bf5@group-6E5049E15EC4-FollowerState: change to CANDIDATE, lastRpcElapsedTime:5187985830ns, electionTimeout:5168ms
2021-11-06 13:35:08,112 [aaa68154-5cc6-499b-8ed3-58a3fd921bf5@group-6E5049E15EC4-FollowerState] INFO  impl.RoleInfo (RoleInfo.java:shutdownFollowerState(108)) - aaa68154-5cc6-499b-8ed3-58a3fd921bf5: shutdown aaa68154-5cc6-499b-8ed3-58a3fd921bf5@group-6E5049E15EC4-FollowerState
2021-11-06 13:35:08,112 [aaa68154-5cc6-499b-8ed3-58a3fd921bf5@group-6E5049E15EC4-FollowerState] INFO  server.RaftServer$Division (RaftServerImpl.java:setRole(290)) - aaa68154-5cc6-499b-8ed3-58a3fd921bf5@group-6E5049E15EC4: changes role from  FOLLOWER to CANDIDATE at term 0 for changeToCandidate
2021-11-06 13:35:08,112 [aaa68154-5cc6-499b-8ed3-58a3fd921bf5@group-6E5049E15EC4-FollowerState] INFO  server.RaftServerConfigKeys (ConfUtils.java:logGet(44)) - raft.server.leaderelection.pre-vote = false (custom)
2021-11-06 13:35:08,112 [aaa68154-5cc6-499b-8ed3-58a3fd921bf5@group-6E5049E15EC4-FollowerState] INFO  impl.RoleInfo (RoleInfo.java:updateAndGet(130)) - aaa68154-5cc6-499b-8ed3-58a3fd921bf5: start aaa68154-5cc6-499b-8ed3-58a3fd921bf5@group-6E5049E15EC4-LeaderElection31
2021-11-06 13:35:08,152 [aaa68154-5cc6-499b-8ed3-58a3fd921bf5@group-6E5049E15EC4-LeaderElection31] INFO  impl.LeaderElection (LeaderElection.java:askForVotes(306)) - aaa68154-5cc6-499b-8ed3-58a3fd921bf5@group-6E5049E15EC4-LeaderElection31 ELECTION round 0: submit vote requests at term 1 for -1: [aaa68154-5cc6-499b-8ed3-58a3fd921bf5|rpc:10.1.0.67:40015|priority:1], old=null
2021-11-06 13:35:08,152 [aaa68154-5cc6-499b-8ed3-58a3fd921bf5@group-6E5049E15EC4-LeaderElection31] INFO  impl.LeaderElection (LeaderElection.java:askForVotes(308)) - aaa68154-5cc6-499b-8ed3-58a3fd921bf5@group-6E5049E15EC4-LeaderElection31 ELECTION round 0: result PASSED (term=1)
2021-11-06 13:35:08,152 [aaa68154-5cc6-499b-8ed3-58a3fd921bf5@group-6E5049E15EC4-LeaderElection31] INFO  impl.RoleInfo (RoleInfo.java:shutdownLeaderElection(121)) - aaa68154-5cc6-499b-8ed3-58a3fd921bf5: shutdown aaa68154-5cc6-499b-8ed3-58a3fd921bf5@group-6E5049E15EC4-LeaderElection31
2021-11-06 13:35:08,152 [aaa68154-5cc6-499b-8ed3-58a3fd921bf5@group-6E5049E15EC4-LeaderElection31] INFO  server.RaftServer$Division (RaftServerImpl.java:setRole(290)) - aaa68154-5cc6-499b-8ed3-58a3fd921bf5@group-6E5049E15EC4: changes role from CANDIDATE to LEADER at term 1 for changeToLeader
2021-11-06 13:35:08,152 [aaa68154-5cc6-499b-8ed3-58a3fd921bf5@group-6E5049E15EC4-LeaderElection31] INFO  ratis.XceiverServerRatis (XceiverServerRatis.java:handleLeaderChangedNotification(866)) - Leader change notification received for group: group-6E5049E15EC4 with new leaderId: aaa68154-5cc6-499b-8ed3-58a3fd921bf5
2021-11-06 13:35:08,152 [aaa68154-5cc6-499b-8ed3-58a3fd921bf5@group-6E5049E15EC4-LeaderElection31] INFO  server.RaftServer$Division (ServerState.java:setLeader(285)) - aaa68154-5cc6-499b-8ed3-58a3fd921bf5@group-6E5049E15EC4: change Leader from null to aaa68154-5cc6-499b-8ed3-58a3fd921bf5 at term 1 for becomeLeader, leader elected after 5242ms
2021-11-06 13:35:08,152 [aaa68154-5cc6-499b-8ed3-58a3fd921bf5@group-6E5049E15EC4-LeaderElection31] INFO  server.RaftServerConfigKeys (ConfUtils.java:logGet(44)) - raft.server.staging.catchup.gap = 1000 (default)
2021-11-06 13:35:08,153 [aaa68154-5cc6-499b-8ed3-58a3fd921bf5@group-6E5049E15EC4-LeaderElection31] INFO  server.RaftServerConfigKeys (ConfUtils.java:logGet(44)) - raft.server.write.element-limit = 1024 (custom)
2021-11-06 13:35:08,153 [aaa68154-5cc6-499b-8ed3-58a3fd921bf5@group-6E5049E15EC4-LeaderElection31] INFO  server.RaftServerConfigKeys (ConfUtils.java:logGet(44)) - raft.server.write.byte-limit = 1024 M (=1073741824) (custom)
2021-11-06 13:35:08,153 [aaa68154-5cc6-499b-8ed3-58a3fd921bf5@group-6E5049E15EC4-LeaderElection31] INFO  server.RaftServerConfigKeys (ConfUtils.java:logGet(44)) - raft.server.watch.timeout = 180s (custom)
2021-11-06 13:35:08,153 [aaa68154-5cc6-499b-8ed3-58a3fd921bf5@group-6E5049E15EC4-LeaderElection31] INFO  server.RaftServerConfigKeys (ConfUtils.java:logGet(44)) - raft.server.watch.timeout.denomination = 1s (default)
2021-11-06 13:35:08,153 [aaa68154-5cc6-499b-8ed3-58a3fd921bf5@group-6E5049E15EC4-LeaderElection31] INFO  server.RaftServerConfigKeys (ConfUtils.java:logGet(44)) - raft.server.watch.element-limit = 65536 (default)
2021-11-06 13:35:08,153 [aaa68154-5cc6-499b-8ed3-58a3fd921bf5@group-6E5049E15EC4-LeaderElection31] INFO  server.RaftServerConfigKeys (ConfUtils.java:logGet(44)) - raft.server.write.element-limit = 1024 (custom)
2021-11-06 13:35:08,153 [aaa68154-5cc6-499b-8ed3-58a3fd921bf5@group-6E5049E15EC4-LeaderElection31] INFO  server.RaftServerConfigKeys (ConfUtils.java:logGet(44)) - raft.server.write.follower.gap.ratio.max = -1.0 (default)
2021-11-06 13:35:08,153 [aaa68154-5cc6-499b-8ed3-58a3fd921bf5@group-6E5049E15EC4-LeaderElection31] INFO  impl.RoleInfo (RoleInfo.java:updateAndGet(130)) - aaa68154-5cc6-499b-8ed3-58a3fd921bf5: start aaa68154-5cc6-499b-8ed3-58a3fd921bf5@group-6E5049E15EC4-LeaderStateImpl
2021-11-06 13:35:08,154 [aaa68154-5cc6-499b-8ed3-58a3fd921bf5@group-6E5049E15EC4-LeaderElection31] INFO  segmented.SegmentedRaftLogWorker (SegmentedRaftLogWorker.java:startLogSegment(394)) - aaa68154-5cc6-499b-8ed3-58a3fd921bf5@group-6E5049E15EC4-SegmentedRaftLogWorker: Starting segment from index:0
2021-11-06 13:35:08,155 [aaa68154-5cc6-499b-8ed3-58a3fd921bf5@group-6E5049E15EC4-SegmentedRaftLogWorker] INFO  segmented.SegmentedRaftLogWorker (SegmentedRaftLogWorker.java:execute(601)) - aaa68154-5cc6-499b-8ed3-58a3fd921bf5@group-6E5049E15EC4-SegmentedRaftLogWorker: created new log segment /home/runner/work/ozone/ozone/hadoop-ozone/integration-test/target/test-dir/MiniOzoneClusterImpl-fb4733c7-c581-4712-901b-93273344e4d4/datanode-3/data/ratis/3b6cfc06-ed01-4a8b-9438-6e5049e15ec4/current/log_inprogress_0
2021-11-06 13:35:08,173 [aaa68154-5cc6-499b-8ed3-58a3fd921bf5@group-6E5049E15EC4-LeaderElection31] INFO  server.RaftServer$Division (ServerState.java:setRaftConf(387)) - aaa68154-5cc6-499b-8ed3-58a3fd921bf5@group-6E5049E15EC4: set configuration 0: [aaa68154-5cc6-499b-8ed3-58a3fd921bf5|rpc:10.1.0.67:40015|dataStream:|priority:1], old=null
2021-11-06 13:35:08,734 [ReplicationMonitor] INFO  container.ReplicationManager (ReplicationManager.java:processAll(371)) - Replication Monitor Thread took 1 milliseconds for processing 6 containers.
2021-11-06 13:35:08,789 [ReplicationMonitor] WARN  container.ReplicationManager (ReplicationManager.java:handleUnderReplicatedContainer(1195)) - Cannot replicate container #1, no healthy replica found.
2021-11-06 13:35:08,790 [ReplicationMonitor] WARN  container.ReplicationManager (ReplicationManager.java:handleUnderReplicatedContainer(1195)) - Cannot replicate container #2, no healthy replica found.
2021-11-06 13:35:08,790 [ReplicationMonitor] WARN  container.ReplicationManager (ReplicationManager.java:handleUnderReplicatedContainer(1195)) - Cannot replicate container #3, no healthy replica found.
2021-11-06 13:35:08,790 [ReplicationMonitor] WARN  container.ReplicationManager (ReplicationManager.java:handleUnderReplicatedContainer(1195)) - Cannot replicate container #4, no healthy replica found.
2021-11-06 13:35:08,790 [ReplicationMonitor] WARN  container.ReplicationManager (ReplicationManager.java:handleUnderReplicatedContainer(1195)) - Cannot replicate container #5, no healthy replica found.
2021-11-06 13:35:08,790 [ReplicationMonitor] WARN  container.ReplicationManager (ReplicationManager.java:handleUnderReplicatedContainer(1195)) - Cannot replicate container #6, no healthy replica found.
2021-11-06 13:35:08,790 [ReplicationMonitor] INFO  container.ReplicationManager (ReplicationManager.java:processAll(371)) - Replication Monitor Thread took 1 milliseconds for processing 6 containers.
2021-11-06 13:35:09,030 [Mini-Cluster-Provider-Reap] INFO  statemachine.DatanodeStateMachine (DatanodeStateMachine.java:stopDaemon(526)) - Ozone container server stopped.
2021-11-06 13:35:09,034 [Mini-Cluster-Provider-Reap] INFO  handler.ContextHandler (ContextHandler.java:doStop(1153)) - Stopped o.e.j.w.WebAppContext@faa1461{hddsDatanode,/,null,STOPPED}{jar:file:/home/runner/.m2/repository/org/apache/ozone/hdds-container-service/1.2.0-SNAPSHOT/hdds-container-service-1.2.0-SNAPSHOT.jar!/webapps/hddsDatanode}
2021-11-06 13:35:09,034 [Mini-Cluster-Provider-Reap] INFO  server.AbstractConnector (AbstractConnector.java:doStop(381)) - Stopped ServerConnector@fecb84{HTTP/1.1, (http/1.1)}{0.0.0.0:0}
2021-11-06 13:35:09,034 [Mini-Cluster-Provider-Reap] INFO  server.session (HouseKeeper.java:stopScavenging(149)) - node0 Stopped scavenging
2021-11-06 13:35:09,035 [Mini-Cluster-Provider-Reap] INFO  handler.ContextHandler (ContextHandler.java:doStop(1153)) - Stopped o.e.j.s.ServletContextHandler@c5a3189{static,/static,jar:file:/home/runner/.m2/repository/org/apache/ozone/hdds-container-service/1.2.0-SNAPSHOT/hdds-container-service-1.2.0-SNAPSHOT.jar!/webapps/static,STOPPED}
2021-11-06 13:35:09,035 [Mini-Cluster-Provider-Reap] INFO  handler.ContextHandler (ContextHandler.java:doStop(1153)) - Stopped o.e.j.s.ServletContextHandler@de0320e{logs,/logs,file:///home/runner/work/ozone/ozone/hadoop-ozone/integration-test/target/log,STOPPED}
2021-11-06 13:35:09,036 [Mini-Cluster-Provider-Reap] INFO  ozone.MiniOzoneClusterImpl (MiniOzoneClusterImpl.java:stopSCM(542)) - Stopping the StorageContainerManager
2021-11-06 13:35:09,036 [Mini-Cluster-Provider-Reap] INFO  server.StorageContainerManager (StorageContainerManager.java:stop(1395)) - Stopping Container Balancer service.
2021-11-06 13:35:09,036 [Mini-Cluster-Provider-Reap] INFO  balancer.ContainerBalancer (ContainerBalancer.java:stop(773)) - Container Balancer is not running.
2021-11-06 13:35:09,036 [Mini-Cluster-Provider-Reap] INFO  server.StorageContainerManager (StorageContainerManager.java:stop(1402)) - Stopping Replication Manager Service.
2021-11-06 13:35:09,036 [Mini-Cluster-Provider-Reap] INFO  container.ReplicationManager (ReplicationManager.java:stop(350)) - Stopping Replication Monitor Thread.
2021-11-06 13:35:09,037 [Mini-Cluster-Provider-Reap] INFO  server.StorageContainerManager (StorageContainerManager.java:stop(1409)) - Stopping the Datanode Admin Monitor.
2021-11-06 13:35:09,037 [Mini-Cluster-Provider-Reap] INFO  server.StorageContainerManager (StorageContainerManager.java:stop(1416)) - Stopping Lease Manager of the command watchers
2021-11-06 13:35:09,037 [Mini-Cluster-Provider-Reap] INFO  server.StorageContainerManager (StorageContainerManager.java:stop(1423)) - Stopping datanode service RPC server
2021-11-06 13:35:09,037 [Mini-Cluster-Provider-Reap] INFO  server.SCMDatanodeProtocolServer (SCMDatanodeProtocolServer.java:stop(389)) - Stopping the RPC server for DataNodes
2021-11-06 13:35:09,037 [Mini-Cluster-Provider-Reap] INFO  ipc.Server (Server.java:stop(3414)) - Stopping server on 40785
2021-11-06 13:35:09,038 [IPC Server listener on 0] INFO  ipc.Server (Server.java:run(1376)) - Stopping IPC Server listener on 0
2021-11-06 13:35:09,038 [IPC Server Responder] INFO  ipc.Server (Server.java:run(1512)) - Stopping IPC Server Responder
2021-11-06 13:35:09,066 [SCM Heartbeat Processing Thread - 0] WARN  node.NodeStateManager (NodeStateManager.java:scheduleNextHealthCheck(799)) - Current Thread is interrupted, shutting down HB processing thread for Node Manager.
2021-11-06 13:35:09,067 [Mini-Cluster-Provider-Reap] INFO  server.StorageContainerManager (StorageContainerManager.java:stop(1431)) - Stopping block service RPC server
2021-11-06 13:35:09,067 [Mini-Cluster-Provider-Reap] INFO  server.SCMBlockProtocolServer (SCMBlockProtocolServer.java:stop(160)) - Stopping the RPC server for Block Protocol
2021-11-06 13:35:09,067 [Mini-Cluster-Provider-Reap] INFO  ipc.Server (Server.java:stop(3414)) - Stopping server on 44893
2021-11-06 13:35:09,069 [Mini-Cluster-Provider-Reap] INFO  server.StorageContainerManager (StorageContainerManager.java:stop(1438)) - Stopping the StorageContainerLocationProtocol RPC server
2021-11-06 13:35:09,069 [Mini-Cluster-Provider-Reap] INFO  server.SCMClientProtocolServer (SCMClientProtocolServer.java:stop(173)) - Stopping the RPC server for Client Protocol
2021-11-06 13:35:09,069 [Mini-Cluster-Provider-Reap] INFO  ipc.Server (Server.java:stop(3414)) - Stopping server on 35307
2021-11-06 13:35:09,069 [IPC Server Responder] INFO  ipc.Server (Server.java:run(1512)) - Stopping IPC Server Responder
2021-11-06 13:35:09,069 [IPC Server listener on 0] INFO  ipc.Server (Server.java:run(1376)) - Stopping IPC Server listener on 0
2021-11-06 13:35:09,072 [IPC Server listener on 0] INFO  ipc.Server (Server.java:run(1376)) - Stopping IPC Server listener on 0
2021-11-06 13:35:09,074 [Mini-Cluster-Provider-Reap] INFO  server.StorageContainerManager (StorageContainerManager.java:stop(1445)) - Stopping Storage Container Manager HTTP server.
2021-11-06 13:35:09,074 [IPC Server Responder] INFO  ipc.Server (Server.java:run(1512)) - Stopping IPC Server Responder
2021-11-06 13:35:09,077 [Mini-Cluster-Provider-Reap] INFO  handler.ContextHandler (ContextHandler.java:doStop(1153)) - Stopped o.e.j.w.WebAppContext@2d5fd953{scm,/,null,STOPPED}{file:/home/runner/work/ozone/ozone/hadoop-ozone/integration-test/target/test-classes/webapps/scm}
2021-11-06 13:35:09,077 [Mini-Cluster-Provider-Reap] INFO  server.AbstractConnector (AbstractConnector.java:doStop(381)) - Stopped ServerConnector@3739a0e{HTTP/1.1, (http/1.1)}{0.0.0.0:0}
2021-11-06 13:35:09,078 [Mini-Cluster-Provider-Reap] INFO  server.session (HouseKeeper.java:stopScavenging(149)) - node0 Stopped scavenging
2021-11-06 13:35:09,078 [Mini-Cluster-Provider-Reap] INFO  handler.ContextHandler (ContextHandler.java:doStop(1153)) - Stopped o.e.j.s.ServletContextHandler@76eea5c5{static,/static,file:///home/runner/work/ozone/ozone/hadoop-ozone/integration-test/target/test-classes/webapps/static,STOPPED}
2021-11-06 13:35:09,078 [Mini-Cluster-Provider-Reap] INFO  handler.ContextHandler (ContextHandler.java:doStop(1153)) - Stopped o.e.j.s.ServletContextHandler@47ee5677{logs,/logs,file:///home/runner/work/ozone/ozone/hadoop-ozone/integration-test/target/log,STOPPED}
2021-11-06 13:35:09,084 [Mini-Cluster-Provider-Reap] INFO  server.StorageContainerManager (StorageContainerManager.java:stop(1456)) - Stopping Block Manager Service.
2021-11-06 13:35:09,084 [Mini-Cluster-Provider-Reap] INFO  utils.BackgroundService (BackgroundService.java:shutdown(132)) - Shutting down service SCMBlockDeletingService
2021-11-06 13:35:09,086 [Mini-Cluster-Provider-Reap] INFO  utils.BackgroundService (BackgroundService.java:shutdown(132)) - Shutting down service SCMBlockDeletingService
2021-11-06 13:35:09,086 [Mini-Cluster-Provider-Reap] INFO  server.StorageContainerManager (StorageContainerManager.java:stop(1483)) - Stopping SCM Event Queue.
2021-11-06 13:35:09,091 [Mini-Cluster-Provider-Reap] INFO  server.StorageContainerManager (StorageContainerManager.java:stop(1494)) - Stopping SCM HA services.
2021-11-06 13:35:09,091 [Mini-Cluster-Provider-Reap] INFO  pipeline.BackgroundPipelineCreator (BackgroundPipelineCreator.java:stop(158)) - Stopping RatisPipelineUtilsThread.
2021-11-06 13:35:09,091 [Mini-Cluster-Provider-Reap] INFO  server.StorageContainerManager (StorageContainerManager.java:stop(1504)) - Stopping SCM MetadataStore.
2021-11-06 13:35:09,092 [Mini-Cluster-Provider-Reap] INFO  impl.MetricsSystemImpl (MetricsSystemImpl.java:stop(205)) - HddsDatanode metrics system stopped (again)
2021-11-06 13:35:09,381 [Mini-Cluster-Provider-Reap] INFO  ozone.MiniOzoneClusterImpl (MiniOzoneClusterImpl.java:shutdown(453)) - Shutting down the Mini Ozone Cluster
2021-11-06 13:35:09,387 [Mini-Cluster-Provider-Reap] INFO  ozone.MiniOzoneClusterImpl (MiniOzoneClusterImpl.java:stop(468)) - Stopping the Mini Ozone Cluster
2021-11-06 13:35:09,387 [Mini-Cluster-Provider-Reap] INFO  ozone.MiniOzoneClusterImpl (MiniOzoneClusterImpl.java:stopOM(550)) - Stopping the OzoneManager
2021-11-06 13:35:09,387 [Mini-Cluster-Provider-Reap] INFO  om.OzoneManager (OzoneManager.java:stop(1697)) - Stopping Ozone Manager
2021-11-06 13:35:09,401 [Mini-Cluster-Provider-Reap] INFO  ipc.Server (Server.java:stop(3414)) - Stopping server on 43855
2021-11-06 13:35:09,412 [IPC Server listener on 0] INFO  ipc.Server (Server.java:run(1376)) - Stopping IPC Server listener on 0
2021-11-06 13:35:09,435 [IPC Server Responder] INFO  ipc.Server (Server.java:run(1512)) - Stopping IPC Server Responder
2021-11-06 13:35:09,436 [Mini-Cluster-Provider-Reap] INFO  server.RaftServer (RaftServerProxy.java:lambda$close$6(391)) - om1: close
2021-11-06 13:35:09,437 [Mini-Cluster-Provider-Reap] INFO  server.RaftServer$Division (RaftServerImpl.java:lambda$close$4(412)) - om1@group-C5BA1605619E: shutdown
2021-11-06 13:35:09,437 [Mini-Cluster-Provider-Reap] INFO  util.JmxRegister (JmxRegister.java:unregister(73)) - Successfully un-registered JMX Bean with object name Ratis:service=RaftServer,group=group-C5BA1605619E,id="om1"
2021-11-06 13:35:09,437 [Mini-Cluster-Provider-Reap] INFO  impl.RoleInfo (RoleInfo.java:shutdownLeaderState(91)) - om1: shutdown om1@group-C5BA1605619E-LeaderStateImpl
2021-11-06 13:35:09,437 [Mini-Cluster-Provider-Reap] INFO  impl.PendingRequests (PendingRequests.java:sendNotLeaderResponses(282)) - om1@group-C5BA1605619E-PendingRequests: sendNotLeaderResponses
2021-11-06 13:35:09,461 [Mini-Cluster-Provider-Reap] INFO  impl.StateMachineUpdater (StateMachineUpdater.java:stopAndJoin(149)) - om1@group-C5BA1605619E-StateMachineUpdater: set stopIndex = 84
2021-11-06 13:35:09,461 [om1@group-C5BA1605619E-StateMachineUpdater] INFO  ratis.OzoneManagerStateMachine (OzoneManagerStateMachine.java:takeSnapshot(417)) - Current Snapshot Index (t:1, i:84)
2021-11-06 13:35:09,461 [om1@group-C5BA1605619E-StateMachineUpdater] INFO  impl.StateMachineUpdater (StateMachineUpdater.java:takeSnapshot(281)) - om1@group-C5BA1605619E-StateMachineUpdater: Took a snapshot at index 84
2021-11-06 13:35:09,461 [om1@group-C5BA1605619E-StateMachineUpdater] INFO  impl.StateMachineUpdater (StateMachineUpdater.java:lambda$new$0(89)) - om1@group-C5BA1605619E-StateMachineUpdater: snapshotIndex: updateIncreasingly -1 -> 84
2021-11-06 13:35:09,461 [om1@group-C5BA1605619E-StateMachineUpdater] INFO  ratis.OzoneManagerStateMachine (OzoneManagerStateMachine.java:close(471)) - StateMachine has shutdown. Shutdown OzoneManager if not already shutdown.
2021-11-06 13:35:09,461 [Mini-Cluster-Provider-Reap] INFO  server.RaftServer$Division (ServerState.java:close(419)) - om1@group-C5BA1605619E: closes. applyIndex: 84
2021-11-06 13:35:09,461 [om1@group-C5BA1605619E-SegmentedRaftLogWorker] INFO  segmented.SegmentedRaftLogWorker (SegmentedRaftLogWorker.java:run(327)) - om1@group-C5BA1605619E-SegmentedRaftLogWorker was interrupted, exiting. There are 0 tasks remaining in the queue.
2021-11-06 13:35:09,462 [Mini-Cluster-Provider-Reap] INFO  segmented.SegmentedRaftLogWorker (SegmentedRaftLogWorker.java:close(237)) - om1@group-C5BA1605619E-SegmentedRaftLogWorker close()
2021-11-06 13:35:09,463 [Mini-Cluster-Provider-Reap] INFO  server.GrpcService (GrpcService.java:closeImpl(262)) - om1: shutdown server with port 41179 now
2021-11-06 13:35:09,467 [Mini-Cluster-Provider-Reap] INFO  server.GrpcService (GrpcService.java:closeImpl(271)) - om1: shutdown server with port 41179 successfully
2021-11-06 13:35:09,467 [org.apache.ratis.util.JvmPauseMonitor$$Lambda$534/1345232419@7b34908e] INFO  util.JvmPauseMonitor (JvmPauseMonitor.java:run(109)) - JvmPauseMonitor-om1: Stopped
2021-11-06 13:35:09,467 [Mini-Cluster-Provider-Reap] INFO  ratis.OzoneManagerDoubleBuffer (OzoneManagerDoubleBuffer.java:stop(437)) - Stopping OMDoubleBuffer flush thread
2021-11-06 13:35:09,467 [OMDoubleBufferFlushThread] INFO  ratis.OzoneManagerDoubleBuffer (OzoneManagerDoubleBuffer.java:flushTransactions(356)) - OMDoubleBuffer flush thread OMDoubleBufferFlushThread is interrupted and will exit. OMDoubleBufferFlushThread
2021-11-06 13:35:09,467 [Mini-Cluster-Provider-Reap] INFO  utils.BackgroundService (BackgroundService.java:shutdown(132)) - Shutting down service KeyDeletingService
2021-11-06 13:35:09,468 [Mini-Cluster-Provider-Reap] INFO  utils.BackgroundService (BackgroundService.java:shutdown(132)) - Shutting down service DirectoryDeletingService
2021-11-06 13:35:09,474 [Mini-Cluster-Provider-Reap] INFO  handler.ContextHandler (ContextHandler.java:doStop(1153)) - Stopped o.e.j.w.WebAppContext@b368c0c{ozoneManager,/,null,STOPPED}{file:/home/runner/work/ozone/ozone/hadoop-ozone/integration-test/target/test-classes/webapps/ozoneManager}
2021-11-06 13:35:09,476 [Mini-Cluster-Provider-Reap] INFO  server.AbstractConnector (AbstractConnector.java:doStop(381)) - Stopped ServerConnector@4e3d8894{HTTP/1.1, (http/1.1)}{0.0.0.0:0}
2021-11-06 13:35:09,476 [Mini-Cluster-Provider-Reap] INFO  server.session (HouseKeeper.java:stopScavenging(149)) - node0 Stopped scavenging
2021-11-06 13:35:09,477 [Mini-Cluster-Provider-Reap] INFO  handler.ContextHandler (ContextHandler.java:doStop(1153)) - Stopped o.e.j.s.ServletContextHandler@7955e3b8{static,/static,file:///home/runner/work/ozone/ozone/hadoop-ozone/integration-test/target/test-classes/webapps/static,STOPPED}
2021-11-06 13:35:09,477 [Mini-Cluster-Provider-Reap] INFO  handler.ContextHandler (ContextHandler.java:doStop(1153)) - Stopped o.e.j.s.ServletContextHandler@23f06343{logs,/logs,file:///home/runner/work/ozone/ozone/hadoop-ozone/integration-test/target/log,STOPPED}
2021-11-06 13:35:09,492 [Mini-Cluster-Provider-Reap] INFO  ozone.MiniOzoneClusterImpl (MiniOzoneClusterImpl.java:stopDatanodes(527)) - Stopping the HddsDatanodes
2021-11-06 13:35:09,734 [ReplicationMonitor] INFO  container.ReplicationManager (ReplicationManager.java:processAll(371)) - Replication Monitor Thread took 1 milliseconds for processing 6 containers.
2021-11-06 13:35:10,735 [ReplicationMonitor] INFO  container.ReplicationManager (ReplicationManager.java:processAll(371)) - Replication Monitor Thread took 0 milliseconds for processing 6 containers.
2021-11-06 13:35:11,738 [ReplicationMonitor] INFO  container.ReplicationManager (ReplicationManager.java:processAll(371)) - Replication Monitor Thread took 0 milliseconds for processing 6 containers.
2021-11-06 13:35:12,173 [EventQueue-StaleNodeForStaleNodeHandler] INFO  node.StaleNodeHandler (StaleNodeHandler.java:onMessage(58)) - Datanode aaa68154-5cc6-499b-8ed3-58a3fd921bf5{ip: 10.1.0.67, host: fv-az184-210.3ow45vhwbzuu5incsxmygykede.cx.internal.cloudapp.net, ports: [REPLICATION=37149, RATIS=40015, RATIS_ADMIN=40015, RATIS_SERVER=40015, STANDALONE=44347], networkLocation: /default-rack, certSerialId: null, persistedOpState: IN_SERVICE, persistedOpStateExpiryEpochSec: 0} moved to stale state. Finalizing its pipelines [PipelineID=8a03e0ea-781a-4ec7-b8c7-da0272f4ed0f, PipelineID=3b6cfc06-ed01-4a8b-9438-6e5049e15ec4]
2021-11-06 13:35:12,174 [EventQueue-StaleNodeForStaleNodeHandler] INFO  pipeline.PipelineManagerImpl (PipelineManagerImpl.java:closePipeline(349)) - Pipeline Pipeline[ Id: 8a03e0ea-781a-4ec7-b8c7-da0272f4ed0f, Nodes: aaa68154-5cc6-499b-8ed3-58a3fd921bf5{ip: 10.1.0.67, host: fv-az184-210.3ow45vhwbzuu5incsxmygykede.cx.internal.cloudapp.net, ports: [REPLICATION=37149, RATIS=40015, RATIS_ADMIN=40015, RATIS_SERVER=40015, STANDALONE=44347], networkLocation: /default-rack, certSerialId: null, persistedOpState: IN_MAINTENANCE, persistedOpStateExpiryEpochSec: 0}3e26efa9-4483-40fe-aebc-bbb79682031d{ip: 10.1.0.67, host: fv-az184-210.3ow45vhwbzuu5incsxmygykede.cx.internal.cloudapp.net, ports: [REPLICATION=41839, RATIS=33945, RATIS_ADMIN=33945, RATIS_SERVER=33945, STANDALONE=41169], networkLocation: /default-rack, certSerialId: null, persistedOpState: IN_MAINTENANCE, persistedOpStateExpiryEpochSec: 0}672ea6be-dedb-4741-be8d-933a2a2655df{ip: 10.1.0.67, host: fv-az184-210.3ow45vhwbzuu5incsxmygykede.cx.internal.cloudapp.net, ports: [REPLICATION=45895, RATIS=45857, RATIS_ADMIN=45857, RATIS_SERVER=45857, STANDALONE=40855], networkLocation: /default-rack, certSerialId: null, persistedOpState: IN_MAINTENANCE, persistedOpStateExpiryEpochSec: 0}, ReplicationConfig: RATIS/THREE, State:OPEN, leaderId:3e26efa9-4483-40fe-aebc-bbb79682031d, CreationTimestamp2021-11-06T13:35:00.555Z[Etc/UTC]] moved to CLOSED state
2021-11-06 13:35:12,174 [EventQueue-StaleNodeForStaleNodeHandler] INFO  pipeline.PipelineManagerImpl (PipelineManagerImpl.java:closePipeline(349)) - Pipeline Pipeline[ Id: 3b6cfc06-ed01-4a8b-9438-6e5049e15ec4, Nodes: aaa68154-5cc6-499b-8ed3-58a3fd921bf5{ip: 10.1.0.67, host: fv-az184-210.3ow45vhwbzuu5incsxmygykede.cx.internal.cloudapp.net, ports: [REPLICATION=37149, RATIS=40015, RATIS_ADMIN=40015, RATIS_SERVER=40015, STANDALONE=44347], networkLocation: /default-rack, certSerialId: null, persistedOpState: IN_MAINTENANCE, persistedOpStateExpiryEpochSec: 0}, ReplicationConfig: RATIS/ONE, State:OPEN, leaderId:aaa68154-5cc6-499b-8ed3-58a3fd921bf5, CreationTimestamp2021-11-06T13:35:00.556Z[Etc/UTC]] moved to CLOSED state
2021-11-06 13:35:12,372 [EventQueue-StaleNodeForStaleNodeHandler] INFO  node.StaleNodeHandler (StaleNodeHandler.java:onMessage(58)) - Datanode 88981420-4ddd-49dd-940b-a9f8186556d3{ip: 10.1.0.67, host: fv-az184-210.3ow45vhwbzuu5incsxmygykede.cx.internal.cloudapp.net, ports: [REPLICATION=40779, RATIS=43077, RATIS_ADMIN=43077, RATIS_SERVER=43077, STANDALONE=39603], networkLocation: /default-rack, certSerialId: null, persistedOpState: IN_SERVICE, persistedOpStateExpiryEpochSec: 0} moved to stale state. Finalizing its pipelines [PipelineID=85fa73fb-b885-447f-8e87-841c6eaca375, PipelineID=21db3535-d2e0-4e89-8ace-168568f99f7c]
2021-11-06 13:35:12,372 [EventQueue-StaleNodeForStaleNodeHandler] INFO  pipeline.PipelineManagerImpl (PipelineManagerImpl.java:closePipeline(349)) - Pipeline Pipeline[ Id: 85fa73fb-b885-447f-8e87-841c6eaca375, Nodes: 88981420-4ddd-49dd-940b-a9f8186556d3{ip: 10.1.0.67, host: fv-az184-210.3ow45vhwbzuu5incsxmygykede.cx.internal.cloudapp.net, ports: [REPLICATION=40779, RATIS=43077, RATIS_ADMIN=43077, RATIS_SERVER=43077, STANDALONE=39603], networkLocation: /default-rack, certSerialId: null, persistedOpState: IN_SERVICE, persistedOpStateExpiryEpochSec: 0}, ReplicationConfig: RATIS/ONE, State:OPEN, leaderId:88981420-4ddd-49dd-940b-a9f8186556d3, CreationTimestamp2021-11-06T13:34:23.542Z[Etc/UTC]] moved to CLOSED state
2021-11-06 13:35:12,372 [EventQueue-StaleNodeForStaleNodeHandler] INFO  pipeline.PipelineManagerImpl (PipelineManagerImpl.java:closePipeline(349)) - Pipeline Pipeline[ Id: 21db3535-d2e0-4e89-8ace-168568f99f7c, Nodes: be65edc0-d2c4-49e5-a32f-78d912f8d0e6{ip: 10.1.0.67, host: fv-az184-210.3ow45vhwbzuu5incsxmygykede.cx.internal.cloudapp.net, ports: [REPLICATION=37127, RATIS=37237, RATIS_ADMIN=37237, RATIS_SERVER=37237, STANDALONE=36417], networkLocation: /default-rack, certSerialId: null, persistedOpState: IN_SERVICE, persistedOpStateExpiryEpochSec: 0}88981420-4ddd-49dd-940b-a9f8186556d3{ip: 10.1.0.67, host: fv-az184-210.3ow45vhwbzuu5incsxmygykede.cx.internal.cloudapp.net, ports: [REPLICATION=40779, RATIS=43077, RATIS_ADMIN=43077, RATIS_SERVER=43077, STANDALONE=39603], networkLocation: /default-rack, certSerialId: null, persistedOpState: IN_SERVICE, persistedOpStateExpiryEpochSec: 0}11ebe377-0aac-4b34-9775-2da14e24f47f{ip: 10.1.0.67, host: fv-az184-210.3ow45vhwbzuu5incsxmygykede.cx.internal.cloudapp.net, ports: [REPLICATION=42531, RATIS=45321, RATIS_ADMIN=45321, RATIS_SERVER=45321, STANDALONE=46365], networkLocation: /default-rack, certSerialId: null, persistedOpState: IN_SERVICE, persistedOpStateExpiryEpochSec: 0}, ReplicationConfig: RATIS/THREE, State:OPEN, leaderId:11ebe377-0aac-4b34-9775-2da14e24f47f, CreationTimestamp2021-11-06T13:34:24.102Z[Etc/UTC]] moved to CLOSED state
2021-11-06 13:35:12,373 [EventQueue-CloseContainerForCloseContainerEventHandler] INFO  container.CloseContainerEventHandler (CloseContainerEventHandler.java:onMessage(69)) - Close container Event triggered for container : #4
2021-11-06 13:35:12,373 [EventQueue-CloseContainerForCloseContainerEventHandler] INFO  container.CloseContainerEventHandler (CloseContainerEventHandler.java:onMessage(69)) - Close container Event triggered for container : #5
2021-11-06 13:35:12,373 [EventQueue-CloseContainerForCloseContainerEventHandler] INFO  container.CloseContainerEventHandler (CloseContainerEventHandler.java:onMessage(69)) - Close container Event triggered for container : #6
2021-11-06 13:35:12,738 [ReplicationMonitor] INFO  container.ReplicationManager (ReplicationManager.java:sendCloseCommand(1482)) - Sending close container command for container #4 to datanode 88981420-4ddd-49dd-940b-a9f8186556d3{ip: 10.1.0.67, host: fv-az184-210.3ow45vhwbzuu5incsxmygykede.cx.internal.cloudapp.net, ports: [REPLICATION=40779, RATIS=43077, RATIS_ADMIN=43077, RATIS_SERVER=43077, STANDALONE=39603], networkLocation: /default-rack, certSerialId: null, persistedOpState: IN_SERVICE, persistedOpStateExpiryEpochSec: 0}.
2021-11-06 13:35:12,739 [ReplicationMonitor] INFO  container.ReplicationManager (ReplicationManager.java:sendCloseCommand(1482)) - Sending close container command for container #4 to datanode 11ebe377-0aac-4b34-9775-2da14e24f47f{ip: 10.1.0.67, host: fv-az184-210.3ow45vhwbzuu5incsxmygykede.cx.internal.cloudapp.net, ports: [REPLICATION=42531, RATIS=45321, RATIS_ADMIN=45321, RATIS_SERVER=45321, STANDALONE=46365], networkLocation: /default-rack, certSerialId: null, persistedOpState: IN_SERVICE, persistedOpStateExpiryEpochSec: 0}.
2021-11-06 13:35:12,739 [ReplicationMonitor] INFO  container.ReplicationManager (ReplicationManager.java:sendCloseCommand(1482)) - Sending close container command for container #4 to datanode be65edc0-d2c4-49e5-a32f-78d912f8d0e6{ip: 10.1.0.67, host: fv-az184-210.3ow45vhwbzuu5incsxmygykede.cx.internal.cloudapp.net, ports: [REPLICATION=37127, RATIS=37237, RATIS_ADMIN=37237, RATIS_SERVER=37237, STANDALONE=36417], networkLocation: /default-rack, certSerialId: null, persistedOpState: IN_SERVICE, persistedOpStateExpiryEpochSec: 0}.
2021-11-06 13:35:12,739 [ReplicationMonitor] INFO  container.ReplicationManager (ReplicationManager.java:sendCloseCommand(1482)) - Sending close container command for container #5 to datanode 11ebe377-0aac-4b34-9775-2da14e24f47f{ip: 10.1.0.67, host: fv-az184-210.3ow45vhwbzuu5incsxmygykede.cx.internal.cloudapp.net, ports: [REPLICATION=42531, RATIS=45321, RATIS_ADMIN=45321, RATIS_SERVER=45321, STANDALONE=46365], networkLocation: /default-rack, certSerialId: null, persistedOpState: IN_SERVICE, persistedOpStateExpiryEpochSec: 0}.
2021-11-06 13:35:12,739 [ReplicationMonitor] INFO  container.ReplicationManager (ReplicationManager.java:sendCloseCommand(1482)) - Sending close container command for container #5 to datanode 88981420-4ddd-49dd-940b-a9f8186556d3{ip: 10.1.0.67, host: fv-az184-210.3ow45vhwbzuu5incsxmygykede.cx.internal.cloudapp.net, ports: [REPLICATION=40779, RATIS=43077, RATIS_ADMIN=43077, RATIS_SERVER=43077, STANDALONE=39603], networkLocation: /default-rack, certSerialId: null, persistedOpState: IN_SERVICE, persistedOpStateExpiryEpochSec: 0}.
2021-11-06 13:35:12,739 [ReplicationMonitor] INFO  container.ReplicationManager (ReplicationManager.java:sendCloseCommand(1482)) - Sending close container command for container #5 to datanode be65edc0-d2c4-49e5-a32f-78d912f8d0e6{ip: 10.1.0.67, host: fv-az184-210.3ow45vhwbzuu5incsxmygykede.cx.internal.cloudapp.net, ports: [REPLICATION=37127, RATIS=37237, RATIS_ADMIN=37237, RATIS_SERVER=37237, STANDALONE=36417], networkLocation: /default-rack, certSerialId: null, persistedOpState: IN_SERVICE, persistedOpStateExpiryEpochSec: 0}.
2021-11-06 13:35:12,739 [ReplicationMonitor] INFO  container.ReplicationManager (ReplicationManager.java:sendCloseCommand(1482)) - Sending close container command for container #6 to datanode be65edc0-d2c4-49e5-a32f-78d912f8d0e6{ip: 10.1.0.67, host: fv-az184-210.3ow45vhwbzuu5incsxmygykede.cx.internal.cloudapp.net, ports: [REPLICATION=37127, RATIS=37237, RATIS_ADMIN=37237, RATIS_SERVER=37237, STANDALONE=36417], networkLocation: /default-rack, certSerialId: null, persistedOpState: IN_SERVICE, persistedOpStateExpiryEpochSec: 0}.
2021-11-06 13:35:12,739 [ReplicationMonitor] INFO  container.ReplicationManager (ReplicationManager.java:sendCloseCommand(1482)) - Sending close container command for container #6 to datanode 11ebe377-0aac-4b34-9775-2da14e24f47f{ip: 10.1.0.67, host: fv-az184-210.3ow45vhwbzuu5incsxmygykede.cx.internal.cloudapp.net, ports: [REPLICATION=42531, RATIS=45321, RATIS_ADMIN=45321, RATIS_SERVER=45321, STANDALONE=46365], networkLocation: /default-rack, certSerialId: null, persistedOpState: IN_SERVICE, persistedOpStateExpiryEpochSec: 0}.
2021-11-06 13:35:12,739 [ReplicationMonitor] INFO  container.ReplicationManager (ReplicationManager.java:sendCloseCommand(1482)) - Sending close container command for container #6 to datanode 88981420-4ddd-49dd-940b-a9f8186556d3{ip: 10.1.0.67, host: fv-az184-210.3ow45vhwbzuu5incsxmygykede.cx.internal.cloudapp.net, ports: [REPLICATION=40779, RATIS=43077, RATIS_ADMIN=43077, RATIS_SERVER=43077, STANDALONE=39603], networkLocation: /default-rack, certSerialId: null, persistedOpState: IN_SERVICE, persistedOpStateExpiryEpochSec: 0}.
2021-11-06 13:35:12,739 [ReplicationMonitor] INFO  container.ReplicationManager (ReplicationManager.java:processAll(371)) - Replication Monitor Thread took 1 milliseconds for processing 6 containers.
2021-11-06 13:35:13,610 [pool-427-thread-9] INFO  keyvalue.KeyValueContainer (KeyValueContainer.java:flushAndSyncDB(397)) - Container 4 is synced with bcsId 14.
2021-11-06 13:35:13,610 [pool-427-thread-9] INFO  keyvalue.KeyValueContainer (KeyValueContainer.java:flushAndSyncDB(397)) - Container 4 is synced with bcsId 14.
2021-11-06 13:35:13,614 [pool-427-thread-9] INFO  keyvalue.KeyValueContainer (KeyValueContainer.java:close(334)) - Container 4 is closed with bcsId 14.
2021-11-06 13:35:13,616 [EventQueue-IncrementalContainerReportForIncrementalContainerReportHandler] INFO  container.IncrementalContainerReportHandler (AbstractContainerReportHandler.java:updateContainerState(223)) - Moving container #4 to CLOSED state, datanode be65edc0-d2c4-49e5-a32f-78d912f8d0e6{ip: 10.1.0.67, host: fv-az184-210.3ow45vhwbzuu5incsxmygykede.cx.internal.cloudapp.net, ports: [REPLICATION=37127, RATIS=37237, RATIS_ADMIN=37237, RATIS_SERVER=37237, STANDALONE=36417], networkLocation: /default-rack, certSerialId: null, persistedOpState: IN_SERVICE, persistedOpStateExpiryEpochSec: 0} reported CLOSED replica.
2021-11-06 13:35:13,627 [pool-429-thread-9] INFO  keyvalue.KeyValueContainer (KeyValueContainer.java:flushAndSyncDB(397)) - Container 4 is synced with bcsId 14.
2021-11-06 13:35:13,628 [pool-429-thread-9] INFO  keyvalue.KeyValueContainer (KeyValueContainer.java:flushAndSyncDB(397)) - Container 4 is synced with bcsId 14.
2021-11-06 13:35:13,627 [pool-428-thread-9] INFO  keyvalue.KeyValueContainer (KeyValueContainer.java:flushAndSyncDB(397)) - Container 4 is synced with bcsId 14.
2021-11-06 13:35:13,628 [pool-428-thread-9] INFO  keyvalue.KeyValueContainer (KeyValueContainer.java:flushAndSyncDB(397)) - Container 4 is synced with bcsId 14.
2021-11-06 13:35:13,641 [pool-429-thread-9] INFO  keyvalue.KeyValueContainer (KeyValueContainer.java:close(334)) - Container 4 is closed with bcsId 14.
2021-11-06 13:35:13,641 [pool-428-thread-9] INFO  keyvalue.KeyValueContainer (KeyValueContainer.java:close(334)) - Container 4 is closed with bcsId 14.
2021-11-06 13:35:13,740 [ReplicationMonitor] INFO  container.ReplicationManager (ReplicationManager.java:sendCloseCommand(1482)) - Sending close container command for container #4 to datanode 88981420-4ddd-49dd-940b-a9f8186556d3{ip: 10.1.0.67, host: fv-az184-210.3ow45vhwbzuu5incsxmygykede.cx.internal.cloudapp.net, ports: [REPLICATION=40779, RATIS=43077, RATIS_ADMIN=43077, RATIS_SERVER=43077, STANDALONE=39603], networkLocation: /default-rack, certSerialId: null, persistedOpState: IN_SERVICE, persistedOpStateExpiryEpochSec: 0}.
2021-11-06 13:35:13,740 [ReplicationMonitor] INFO  container.ReplicationManager (ReplicationManager.java:sendCloseCommand(1482)) - Sending close container command for container #5 to datanode 11ebe377-0aac-4b34-9775-2da14e24f47f{ip: 10.1.0.67, host: fv-az184-210.3ow45vhwbzuu5incsxmygykede.cx.internal.cloudapp.net, ports: [REPLICATION=42531, RATIS=45321, RATIS_ADMIN=45321, RATIS_SERVER=45321, STANDALONE=46365], networkLocation: /default-rack, certSerialId: null, persistedOpState: IN_SERVICE, persistedOpStateExpiryEpochSec: 0}.
2021-11-06 13:35:13,740 [ReplicationMonitor] INFO  container.ReplicationManager (ReplicationManager.java:sendCloseCommand(1482)) - Sending close container command for container #5 to datanode 88981420-4ddd-49dd-940b-a9f8186556d3{ip: 10.1.0.67, host: fv-az184-210.3ow45vhwbzuu5incsxmygykede.cx.internal.cloudapp.net, ports: [REPLICATION=40779, RATIS=43077, RATIS_ADMIN=43077, RATIS_SERVER=43077, STANDALONE=39603], networkLocation: /default-rack, certSerialId: null, persistedOpState: IN_SERVICE, persistedOpStateExpiryEpochSec: 0}.
2021-11-06 13:35:13,740 [ReplicationMonitor] INFO  container.ReplicationManager (ReplicationManager.java:sendCloseCommand(1482)) - Sending close container command for container #5 to datanode be65edc0-d2c4-49e5-a32f-78d912f8d0e6{ip: 10.1.0.67, host: fv-az184-210.3ow45vhwbzuu5incsxmygykede.cx.internal.cloudapp.net, ports: [REPLICATION=37127, RATIS=37237, RATIS_ADMIN=37237, RATIS_SERVER=37237, STANDALONE=36417], networkLocation: /default-rack, certSerialId: null, persistedOpState: IN_SERVICE, persistedOpStateExpiryEpochSec: 0}.
2021-11-06 13:35:13,740 [ReplicationMonitor] INFO  container.ReplicationManager (ReplicationManager.java:sendCloseCommand(1482)) - Sending close container command for container #6 to datanode be65edc0-d2c4-49e5-a32f-78d912f8d0e6{ip: 10.1.0.67, host: fv-az184-210.3ow45vhwbzuu5incsxmygykede.cx.internal.cloudapp.net, ports: [REPLICATION=37127, RATIS=37237, RATIS_ADMIN=37237, RATIS_SERVER=37237, STANDALONE=36417], networkLocation: /default-rack, certSerialId: null, persistedOpState: IN_SERVICE, persistedOpStateExpiryEpochSec: 0}.
2021-11-06 13:35:13,740 [ReplicationMonitor] INFO  container.ReplicationManager (ReplicationManager.java:sendCloseCommand(1482)) - Sending close container command for container #6 to datanode 11ebe377-0aac-4b34-9775-2da14e24f47f{ip: 10.1.0.67, host: fv-az184-210.3ow45vhwbzuu5incsxmygykede.cx.internal.cloudapp.net, ports: [REPLICATION=42531, RATIS=45321, RATIS_ADMIN=45321, RATIS_SERVER=45321, STANDALONE=46365], networkLocation: /default-rack, certSerialId: null, persistedOpState: IN_SERVICE, persistedOpStateExpiryEpochSec: 0}.
2021-11-06 13:35:13,740 [ReplicationMonitor] INFO  container.ReplicationManager (ReplicationManager.java:sendCloseCommand(1482)) - Sending close container command for container #6 to datanode 88981420-4ddd-49dd-940b-a9f8186556d3{ip: 10.1.0.67, host: fv-az184-210.3ow45vhwbzuu5incsxmygykede.cx.internal.cloudapp.net, ports: [REPLICATION=40779, RATIS=43077, RATIS_ADMIN=43077, RATIS_SERVER=43077, STANDALONE=39603], networkLocation: /default-rack, certSerialId: null, persistedOpState: IN_SERVICE, persistedOpStateExpiryEpochSec: 0}.
2021-11-06 13:35:13,740 [ReplicationMonitor] INFO  container.ReplicationManager (ReplicationManager.java:processAll(371)) - Replication Monitor Thread took 1 milliseconds for processing 6 containers.
2021-11-06 13:35:13,776 [pool-427-thread-10] INFO  keyvalue.KeyValueContainer (KeyValueContainer.java:flushAndSyncDB(397)) - Container 5 is synced with bcsId 6.
2021-11-06 13:35:13,776 [pool-427-thread-10] INFO  keyvalue.KeyValueContainer (KeyValueContainer.java:flushAndSyncDB(397)) - Container 5 is synced with bcsId 6.
2021-11-06 13:35:13,781 [pool-427-thread-10] INFO  keyvalue.KeyValueContainer (KeyValueContainer.java:close(334)) - Container 5 is closed with bcsId 6.
2021-11-06 13:35:13,786 [EventQueue-IncrementalContainerReportForIncrementalContainerReportHandler] INFO  container.IncrementalContainerReportHandler (AbstractContainerReportHandler.java:updateContainerState(223)) - Moving container #5 to CLOSED state, datanode be65edc0-d2c4-49e5-a32f-78d912f8d0e6{ip: 10.1.0.67, host: fv-az184-210.3ow45vhwbzuu5incsxmygykede.cx.internal.cloudapp.net, ports: [REPLICATION=37127, RATIS=37237, RATIS_ADMIN=37237, RATIS_SERVER=37237, STANDALONE=36417], networkLocation: /default-rack, certSerialId: null, persistedOpState: IN_SERVICE, persistedOpStateExpiryEpochSec: 0} reported CLOSED replica.
2021-11-06 13:35:13,826 [pool-428-thread-10] INFO  keyvalue.KeyValueContainer (KeyValueContainer.java:flushAndSyncDB(397)) - Container 5 is synced with bcsId 6.
2021-11-06 13:35:13,826 [pool-428-thread-10] INFO  keyvalue.KeyValueContainer (KeyValueContainer.java:flushAndSyncDB(397)) - Container 5 is synced with bcsId 6.
2021-11-06 13:35:13,835 [pool-429-thread-10] INFO  keyvalue.KeyValueContainer (KeyValueContainer.java:flushAndSyncDB(397)) - Container 5 is synced with bcsId 6.
2021-11-06 13:35:13,835 [pool-429-thread-10] INFO  keyvalue.KeyValueContainer (KeyValueContainer.java:flushAndSyncDB(397)) - Container 5 is synced with bcsId 6.
2021-11-06 13:35:13,836 [pool-428-thread-10] INFO  keyvalue.KeyValueContainer (KeyValueContainer.java:close(334)) - Container 5 is closed with bcsId 6.
2021-11-06 13:35:13,870 [pool-429-thread-10] INFO  keyvalue.KeyValueContainer (KeyValueContainer.java:close(334)) - Container 5 is closed with bcsId 6.
2021-11-06 13:35:14,000 [pool-428-thread-2] INFO  keyvalue.KeyValueContainer (KeyValueContainer.java:flushAndSyncDB(397)) - Container 6 is synced with bcsId 10.
2021-11-06 13:35:14,000 [pool-429-thread-1] INFO  keyvalue.KeyValueContainer (KeyValueContainer.java:flushAndSyncDB(397)) - Container 6 is synced with bcsId 10.
2021-11-06 13:35:14,001 [pool-429-thread-1] INFO  keyvalue.KeyValueContainer (KeyValueContainer.java:flushAndSyncDB(397)) - Container 6 is synced with bcsId 10.
2021-11-06 13:35:14,000 [pool-427-thread-1] INFO  keyvalue.KeyValueContainer (KeyValueContainer.java:flushAndSyncDB(397)) - Container 6 is synced with bcsId 10.
2021-11-06 13:35:14,002 [pool-427-thread-1] INFO  keyvalue.KeyValueContainer (KeyValueContainer.java:flushAndSyncDB(397)) - Container 6 is synced with bcsId 10.
2021-11-06 13:35:14,002 [pool-428-thread-2] INFO  keyvalue.KeyValueContainer (KeyValueContainer.java:flushAndSyncDB(397)) - Container 6 is synced with bcsId 10.
2021-11-06 13:35:14,011 [pool-427-thread-1] INFO  keyvalue.KeyValueContainer (KeyValueContainer.java:close(334)) - Container 6 is closed with bcsId 10.
2021-11-06 13:35:14,012 [pool-429-thread-1] INFO  keyvalue.KeyValueContainer (KeyValueContainer.java:close(334)) - Container 6 is closed with bcsId 10.
2021-11-06 13:35:14,014 [EventQueue-IncrementalContainerReportForIncrementalContainerReportHandler] INFO  container.IncrementalContainerReportHandler (AbstractContainerReportHandler.java:updateContainerState(223)) - Moving container #6 to CLOSED state, datanode be65edc0-d2c4-49e5-a32f-78d912f8d0e6{ip: 10.1.0.67, host: fv-az184-210.3ow45vhwbzuu5incsxmygykede.cx.internal.cloudapp.net, ports: [REPLICATION=37127, RATIS=37237, RATIS_ADMIN=37237, RATIS_SERVER=37237, STANDALONE=36417], networkLocation: /default-rack, certSerialId: null, persistedOpState: IN_SERVICE, persistedOpStateExpiryEpochSec: 0} reported CLOSED replica.
2021-11-06 13:35:14,015 [pool-428-thread-2] INFO  keyvalue.KeyValueContainer (KeyValueContainer.java:close(334)) - Container 6 is closed with bcsId 10.
2021-11-06 13:35:14,494 [Mini-Cluster-Provider-Reap] INFO  ozoneimpl.OzoneContainer (OzoneContainer.java:stop(325)) - Attempting to stop container services.
2021-11-06 13:35:14,494 [Mini-Cluster-Provider-Reap] INFO  server.RaftServer (RaftServerProxy.java:lambda$close$6(391)) - aaa68154-5cc6-499b-8ed3-58a3fd921bf5: close
2021-11-06 13:35:14,494 [Mini-Cluster-Provider-Reap] INFO  server.RaftServer$Division (RaftServerImpl.java:lambda$close$4(412)) - aaa68154-5cc6-499b-8ed3-58a3fd921bf5@group-DA0272F4ED0F: shutdown
2021-11-06 13:35:14,494 [Mini-Cluster-Provider-Reap] INFO  util.JmxRegister (JmxRegister.java:unregister(73)) - Successfully un-registered JMX Bean with object name Ratis:service=RaftServer,group=group-DA0272F4ED0F,id=aaa68154-5cc6-499b-8ed3-58a3fd921bf5
2021-11-06 13:35:14,495 [Mini-Cluster-Provider-Reap] INFO  impl.RoleInfo (RoleInfo.java:shutdownFollowerState(108)) - aaa68154-5cc6-499b-8ed3-58a3fd921bf5: shutdown aaa68154-5cc6-499b-8ed3-58a3fd921bf5@group-DA0272F4ED0F-FollowerState
2021-11-06 13:35:14,495 [Mini-Cluster-Provider-Reap] INFO  impl.StateMachineUpdater (StateMachineUpdater.java:stopAndJoin(149)) - aaa68154-5cc6-499b-8ed3-58a3fd921bf5@group-DA0272F4ED0F-StateMachineUpdater: set stopIndex = 0
2021-11-06 13:35:14,495 [aaa68154-5cc6-499b-8ed3-58a3fd921bf5@group-DA0272F4ED0F-FollowerState] INFO  impl.FollowerState (FollowerState.java:run(143)) - aaa68154-5cc6-499b-8ed3-58a3fd921bf5@group-DA0272F4ED0F-FollowerState was interrupted: {}
java.lang.InterruptedException: sleep interrupted
	at java.lang.Thread.sleep(Native Method)
	at java.lang.Thread.sleep(Thread.java:340)
	at java.util.concurrent.TimeUnit.sleep(TimeUnit.java:386)
	at org.apache.ratis.util.TimeDuration.sleep(TimeDuration.java:324)
	at org.apache.ratis.util.TimeDuration.sleep(TimeDuration.java:309)
	at org.apache.ratis.server.impl.FollowerState.run(FollowerState.java:118)
2021-11-06 13:35:14,495 [aaa68154-5cc6-499b-8ed3-58a3fd921bf5@group-DA0272F4ED0F-StateMachineUpdater] INFO  ratis.ContainerStateMachine (ContainerStateMachine.java:takeSnapshot(292)) - group-DA0272F4ED0F: Taking a snapshot at:(t:1, i:0) file /home/runner/work/ozone/ozone/hadoop-ozone/integration-test/target/test-dir/MiniOzoneClusterImpl-fb4733c7-c581-4712-901b-93273344e4d4/datanode-3/data/ratis/8a03e0ea-781a-4ec7-b8c7-da0272f4ed0f/sm/snapshot.1_0
2021-11-06 13:35:14,497 [aaa68154-5cc6-499b-8ed3-58a3fd921bf5@group-DA0272F4ED0F-StateMachineUpdater] INFO  ratis.ContainerStateMachine (ContainerStateMachine.java:takeSnapshot(303)) - group-DA0272F4ED0F: Finished taking a snapshot at:(t:1, i:0) file:/home/runner/work/ozone/ozone/hadoop-ozone/integration-test/target/test-dir/MiniOzoneClusterImpl-fb4733c7-c581-4712-901b-93273344e4d4/datanode-3/data/ratis/8a03e0ea-781a-4ec7-b8c7-da0272f4ed0f/sm/snapshot.1_0 took: 2 ms
2021-11-06 13:35:14,497 [aaa68154-5cc6-499b-8ed3-58a3fd921bf5@group-DA0272F4ED0F-StateMachineUpdater] INFO  impl.StateMachineUpdater (StateMachineUpdater.java:takeSnapshot(281)) - aaa68154-5cc6-499b-8ed3-58a3fd921bf5@group-DA0272F4ED0F-StateMachineUpdater: Took a snapshot at index 0
2021-11-06 13:35:14,497 [aaa68154-5cc6-499b-8ed3-58a3fd921bf5@group-DA0272F4ED0F-StateMachineUpdater] INFO  impl.StateMachineUpdater (StateMachineUpdater.java:lambda$new$0(89)) - aaa68154-5cc6-499b-8ed3-58a3fd921bf5@group-DA0272F4ED0F-StateMachineUpdater: snapshotIndex: updateIncreasingly -1 -> 0
2021-11-06 13:35:14,498 [Mini-Cluster-Provider-Reap] INFO  server.RaftServer$Division (ServerState.java:close(419)) - aaa68154-5cc6-499b-8ed3-58a3fd921bf5@group-DA0272F4ED0F: closes. applyIndex: 0
2021-11-06 13:35:14,498 [aaa68154-5cc6-499b-8ed3-58a3fd921bf5@group-DA0272F4ED0F-SegmentedRaftLogWorker] INFO  segmented.SegmentedRaftLogWorker (SegmentedRaftLogWorker.java:run(327)) - aaa68154-5cc6-499b-8ed3-58a3fd921bf5@group-DA0272F4ED0F-SegmentedRaftLogWorker was interrupted, exiting. There are 0 tasks remaining in the queue.
2021-11-06 13:35:14,500 [Mini-Cluster-Provider-Reap] INFO  segmented.SegmentedRaftLogWorker (SegmentedRaftLogWorker.java:close(237)) - aaa68154-5cc6-499b-8ed3-58a3fd921bf5@group-DA0272F4ED0F-SegmentedRaftLogWorker close()
2021-11-06 13:35:14,510 [ForkJoinPool.commonPool-worker-1] INFO  ozoneimpl.OzoneContainer (OzoneContainer.java:stop(325)) - Attempting to stop container services.
2021-11-06 13:35:14,512 [ForkJoinPool.commonPool-worker-1] INFO  server.RaftServer (RaftServerProxy.java:lambda$close$6(391)) - 88981420-4ddd-49dd-940b-a9f8186556d3: close
2021-11-06 13:35:14,512 [ForkJoinPool.commonPool-worker-1] INFO  server.RaftServer$Division (RaftServerImpl.java:lambda$close$4(412)) - 88981420-4ddd-49dd-940b-a9f8186556d3@group-168568F99F7C: shutdown
2021-11-06 13:35:14,512 [Mini-Cluster-Provider-Reap] INFO  server.RaftServer$Division (RaftServerImpl.java:lambda$close$4(412)) - aaa68154-5cc6-499b-8ed3-58a3fd921bf5@group-6E5049E15EC4: shutdown
2021-11-06 13:35:14,512 [Mini-Cluster-Provider-Reap] INFO  util.JmxRegister (JmxRegister.java:unregister(73)) - Successfully un-registered JMX Bean with object name Ratis:service=RaftServer,group=group-6E5049E15EC4,id=aaa68154-5cc6-499b-8ed3-58a3fd921bf5
2021-11-06 13:35:14,512 [Mini-Cluster-Provider-Reap] INFO  impl.RoleInfo (RoleInfo.java:shutdownLeaderState(91)) - aaa68154-5cc6-499b-8ed3-58a3fd921bf5: shutdown aaa68154-5cc6-499b-8ed3-58a3fd921bf5@group-6E5049E15EC4-LeaderStateImpl
2021-11-06 13:35:14,514 [Mini-Cluster-Provider-Reap] INFO  impl.PendingRequests (PendingRequests.java:sendNotLeaderResponses(282)) - aaa68154-5cc6-499b-8ed3-58a3fd921bf5@group-6E5049E15EC4-PendingRequests: sendNotLeaderResponses
2021-11-06 13:35:14,514 [aaa68154-5cc6-499b-8ed3-58a3fd921bf5@group-6E5049E15EC4-StateMachineUpdater] INFO  ratis.ContainerStateMachine (ContainerStateMachine.java:takeSnapshot(292)) - group-6E5049E15EC4: Taking a snapshot at:(t:1, i:0) file /home/runner/work/ozone/ozone/hadoop-ozone/integration-test/target/test-dir/MiniOzoneClusterImpl-fb4733c7-c581-4712-901b-93273344e4d4/datanode-3/data/ratis/3b6cfc06-ed01-4a8b-9438-6e5049e15ec4/sm/snapshot.1_0
2021-11-06 13:35:14,515 [Mini-Cluster-Provider-Reap] INFO  impl.StateMachineUpdater (StateMachineUpdater.java:stopAndJoin(149)) - aaa68154-5cc6-499b-8ed3-58a3fd921bf5@group-6E5049E15EC4-StateMachineUpdater: set stopIndex = 0
2021-11-06 13:35:14,512 [ForkJoinPool.commonPool-worker-1] INFO  util.JmxRegister (JmxRegister.java:unregister(73)) - Successfully un-registered JMX Bean with object name Ratis:service=RaftServer,group=group-168568F99F7C,id=88981420-4ddd-49dd-940b-a9f8186556d3
2021-11-06 13:35:14,515 [ForkJoinPool.commonPool-worker-1] INFO  impl.RoleInfo (RoleInfo.java:shutdownFollowerState(108)) - 88981420-4ddd-49dd-940b-a9f8186556d3: shutdown 88981420-4ddd-49dd-940b-a9f8186556d3@group-168568F99F7C-FollowerState
2021-11-06 13:35:14,515 [ForkJoinPool.commonPool-worker-1] INFO  impl.StateMachineUpdater (StateMachineUpdater.java:stopAndJoin(149)) - 88981420-4ddd-49dd-940b-a9f8186556d3@group-168568F99F7C-StateMachineUpdater: set stopIndex = 21
2021-11-06 13:35:14,515 [88981420-4ddd-49dd-940b-a9f8186556d3@group-168568F99F7C-FollowerState] INFO  impl.FollowerState (FollowerState.java:run(143)) - 88981420-4ddd-49dd-940b-a9f8186556d3@group-168568F99F7C-FollowerState was interrupted: {}
java.lang.InterruptedException: sleep interrupted
	at java.lang.Thread.sleep(Native Method)
	at java.lang.Thread.sleep(Thread.java:340)
	at java.util.concurrent.TimeUnit.sleep(TimeUnit.java:386)
	at org.apache.ratis.util.TimeDuration.sleep(TimeDuration.java:324)
	at org.apache.ratis.util.TimeDuration.sleep(TimeDuration.java:309)
	at org.apache.ratis.server.impl.FollowerState.run(FollowerState.java:118)
2021-11-06 13:35:14,516 [88981420-4ddd-49dd-940b-a9f8186556d3@group-168568F99F7C-StateMachineUpdater] INFO  ratis.ContainerStateMachine (ContainerStateMachine.java:takeSnapshot(292)) - group-168568F99F7C: Taking a snapshot at:(t:4, i:21) file /home/runner/work/ozone/ozone/hadoop-ozone/integration-test/target/test-dir/MiniOzoneClusterImpl-fb4733c7-c581-4712-901b-93273344e4d4/datanode-1/data/ratis/21db3535-d2e0-4e89-8ace-168568f99f7c/sm/snapshot.4_21
2021-11-06 13:35:14,517 [aaa68154-5cc6-499b-8ed3-58a3fd921bf5@group-6E5049E15EC4-StateMachineUpdater] INFO  ratis.ContainerStateMachine (ContainerStateMachine.java:takeSnapshot(303)) - group-6E5049E15EC4: Finished taking a snapshot at:(t:1, i:0) file:/home/runner/work/ozone/ozone/hadoop-ozone/integration-test/target/test-dir/MiniOzoneClusterImpl-fb4733c7-c581-4712-901b-93273344e4d4/datanode-3/data/ratis/3b6cfc06-ed01-4a8b-9438-6e5049e15ec4/sm/snapshot.1_0 took: 2 ms
2021-11-06 13:35:14,517 [aaa68154-5cc6-499b-8ed3-58a3fd921bf5@group-6E5049E15EC4-StateMachineUpdater] INFO  impl.StateMachineUpdater (StateMachineUpdater.java:takeSnapshot(281)) - aaa68154-5cc6-499b-8ed3-58a3fd921bf5@group-6E5049E15EC4-StateMachineUpdater: Took a snapshot at index 0
2021-11-06 13:35:14,517 [aaa68154-5cc6-499b-8ed3-58a3fd921bf5@group-6E5049E15EC4-StateMachineUpdater] INFO  impl.StateMachineUpdater (StateMachineUpdater.java:lambda$new$0(89)) - aaa68154-5cc6-499b-8ed3-58a3fd921bf5@group-6E5049E15EC4-StateMachineUpdater: snapshotIndex: updateIncreasingly -1 -> 0
2021-11-06 13:35:14,520 [88981420-4ddd-49dd-940b-a9f8186556d3@group-168568F99F7C-StateMachineUpdater] INFO  ratis.ContainerStateMachine (ContainerStateMachine.java:takeSnapshot(303)) - group-168568F99F7C: Finished taking a snapshot at:(t:4, i:21) file:/home/runner/work/ozone/ozone/hadoop-ozone/integration-test/target/test-dir/MiniOzoneClusterImpl-fb4733c7-c581-4712-901b-93273344e4d4/datanode-1/data/ratis/21db3535-d2e0-4e89-8ace-168568f99f7c/sm/snapshot.4_21 took: 4 ms
2021-11-06 13:35:14,520 [88981420-4ddd-49dd-940b-a9f8186556d3@group-168568F99F7C-StateMachineUpdater] INFO  impl.StateMachineUpdater (StateMachineUpdater.java:takeSnapshot(281)) - 88981420-4ddd-49dd-940b-a9f8186556d3@group-168568F99F7C-StateMachineUpdater: Took a snapshot at index 21
2021-11-06 13:35:14,520 [88981420-4ddd-49dd-940b-a9f8186556d3@group-168568F99F7C-StateMachineUpdater] INFO  impl.StateMachineUpdater (StateMachineUpdater.java:lambda$new$0(89)) - 88981420-4ddd-49dd-940b-a9f8186556d3@group-168568F99F7C-StateMachineUpdater: snapshotIndex: updateIncreasingly -1 -> 21
2021-11-06 13:35:14,520 [ForkJoinPool.commonPool-worker-1] INFO  server.RaftServer$Division (ServerState.java:close(419)) - 88981420-4ddd-49dd-940b-a9f8186556d3@group-168568F99F7C: closes. applyIndex: 21
2021-11-06 13:35:14,520 [88981420-4ddd-49dd-940b-a9f8186556d3@group-168568F99F7C-SegmentedRaftLogWorker] INFO  segmented.SegmentedRaftLogWorker (SegmentedRaftLogWorker.java:run(327)) - 88981420-4ddd-49dd-940b-a9f8186556d3@group-168568F99F7C-SegmentedRaftLogWorker was interrupted, exiting. There are 0 tasks remaining in the queue.
2021-11-06 13:35:14,521 [ForkJoinPool.commonPool-worker-1] INFO  segmented.SegmentedRaftLogWorker (SegmentedRaftLogWorker.java:close(237)) - 88981420-4ddd-49dd-940b-a9f8186556d3@group-168568F99F7C-SegmentedRaftLogWorker close()
2021-11-06 13:35:14,521 [ForkJoinPool.commonPool-worker-1] INFO  server.RaftServer$Division (RaftServerImpl.java:lambda$close$4(412)) - 88981420-4ddd-49dd-940b-a9f8186556d3@group-841C6EACA375: shutdown
2021-11-06 13:35:14,521 [ForkJoinPool.commonPool-worker-1] INFO  util.JmxRegister (JmxRegister.java:unregister(73)) - Successfully un-registered JMX Bean with object name Ratis:service=RaftServer,group=group-841C6EACA375,id=88981420-4ddd-49dd-940b-a9f8186556d3
2021-11-06 13:35:14,521 [ForkJoinPool.commonPool-worker-1] INFO  impl.RoleInfo (RoleInfo.java:shutdownLeaderState(91)) - 88981420-4ddd-49dd-940b-a9f8186556d3: shutdown 88981420-4ddd-49dd-940b-a9f8186556d3@group-841C6EACA375-LeaderStateImpl
2021-11-06 13:35:14,521 [ForkJoinPool.commonPool-worker-1] INFO  impl.PendingRequests (PendingRequests.java:sendNotLeaderResponses(282)) - 88981420-4ddd-49dd-940b-a9f8186556d3@group-841C6EACA375-PendingRequests: sendNotLeaderResponses
2021-11-06 13:35:14,522 [ForkJoinPool.commonPool-worker-1] INFO  impl.StateMachineUpdater (StateMachineUpdater.java:stopAndJoin(149)) - 88981420-4ddd-49dd-940b-a9f8186556d3@group-841C6EACA375-StateMachineUpdater: set stopIndex = 0
2021-11-06 13:35:14,522 [88981420-4ddd-49dd-940b-a9f8186556d3@group-841C6EACA375-StateMachineUpdater] INFO  ratis.ContainerStateMachine (ContainerStateMachine.java:takeSnapshot(292)) - group-841C6EACA375: Taking a snapshot at:(t:1, i:0) file /home/runner/work/ozone/ozone/hadoop-ozone/integration-test/target/test-dir/MiniOzoneClusterImpl-fb4733c7-c581-4712-901b-93273344e4d4/datanode-1/data/ratis/85fa73fb-b885-447f-8e87-841c6eaca375/sm/snapshot.1_0
2021-11-06 13:35:14,525 [Mini-Cluster-Provider-Reap] INFO  server.RaftServer$Division (ServerState.java:close(419)) - aaa68154-5cc6-499b-8ed3-58a3fd921bf5@group-6E5049E15EC4: closes. applyIndex: 0
2021-11-06 13:35:14,525 [88981420-4ddd-49dd-940b-a9f8186556d3@group-841C6EACA375-StateMachineUpdater] INFO  ratis.ContainerStateMachine (ContainerStateMachine.java:takeSnapshot(303)) - group-841C6EACA375: Finished taking a snapshot at:(t:1, i:0) file:/home/runner/work/ozone/ozone/hadoop-ozone/integration-test/target/test-dir/MiniOzoneClusterImpl-fb4733c7-c581-4712-901b-93273344e4d4/datanode-1/data/ratis/85fa73fb-b885-447f-8e87-841c6eaca375/sm/snapshot.1_0 took: 3 ms
2021-11-06 13:35:14,525 [88981420-4ddd-49dd-940b-a9f8186556d3@group-841C6EACA375-StateMachineUpdater] INFO  impl.StateMachineUpdater (StateMachineUpdater.java:takeSnapshot(281)) - 88981420-4ddd-49dd-940b-a9f8186556d3@group-841C6EACA375-StateMachineUpdater: Took a snapshot at index 0
2021-11-06 13:35:14,525 [88981420-4ddd-49dd-940b-a9f8186556d3@group-841C6EACA375-StateMachineUpdater] INFO  impl.StateMachineUpdater (StateMachineUpdater.java:lambda$new$0(89)) - 88981420-4ddd-49dd-940b-a9f8186556d3@group-841C6EACA375-StateMachineUpdater: snapshotIndex: updateIncreasingly -1 -> 0
2021-11-06 13:35:14,526 [ForkJoinPool.commonPool-worker-1] INFO  server.RaftServer$Division (ServerState.java:close(419)) - 88981420-4ddd-49dd-940b-a9f8186556d3@group-841C6EACA375: closes. applyIndex: 0
2021-11-06 13:35:14,526 [88981420-4ddd-49dd-940b-a9f8186556d3@group-841C6EACA375-SegmentedRaftLogWorker] INFO  segmented.SegmentedRaftLogWorker (SegmentedRaftLogWorker.java:run(327)) - 88981420-4ddd-49dd-940b-a9f8186556d3@group-841C6EACA375-SegmentedRaftLogWorker was interrupted, exiting. There are 0 tasks remaining in the queue.
2021-11-06 13:35:14,526 [ForkJoinPool.commonPool-worker-1] INFO  segmented.SegmentedRaftLogWorker (SegmentedRaftLogWorker.java:close(237)) - 88981420-4ddd-49dd-940b-a9f8186556d3@group-841C6EACA375-SegmentedRaftLogWorker close()
2021-11-06 13:35:14,526 [ForkJoinPool.commonPool-worker-1] INFO  server.GrpcService (GrpcService.java:closeImpl(262)) - 88981420-4ddd-49dd-940b-a9f8186556d3: shutdown server with port 43077 now
2021-11-06 13:35:14,527 [grpc-default-executor-2] WARN  server.GrpcServerProtocolService (LogUtils.java:warn(122)) - 88981420-4ddd-49dd-940b-a9f8186556d3: installSnapshot onError, lastRequest: 11ebe377-0aac-4b34-9775-2da14e24f47f->88981420-4ddd-49dd-940b-a9f8186556d3#421-t4,previous=(t:4, i:21),leaderCommit=21,initializing? true,entries: size=1, first=(t:4, i:22), METADATAENTRY(c:21): org.apache.ratis.thirdparty.io.grpc.StatusRuntimeException: CANCELLED: client cancelled
2021-11-06 13:35:14,527 [grpc-default-executor-2] WARN  server.GrpcLogAppender (LogUtils.java:warn(122)) - 11ebe377-0aac-4b34-9775-2da14e24f47f@group-168568F99F7C->88981420-4ddd-49dd-940b-a9f8186556d3-AppendLogResponseHandler: Failed appendEntries: org.apache.ratis.thirdparty.io.grpc.StatusRuntimeException: CANCELLED: HTTP/2 error code: CANCEL
Received Rst Stream
2021-11-06 13:35:14,528 [grpc-default-executor-2] INFO  leader.FollowerInfo (FollowerInfoImpl.java:lambda$new$0(47)) - 11ebe377-0aac-4b34-9775-2da14e24f47f@group-168568F99F7C->88981420-4ddd-49dd-940b-a9f8186556d3: nextIndex: updateUnconditionally 23 -> 22
2021-11-06 13:35:14,528 [aaa68154-5cc6-499b-8ed3-58a3fd921bf5@group-6E5049E15EC4-SegmentedRaftLogWorker] INFO  segmented.SegmentedRaftLogWorker (SegmentedRaftLogWorker.java:run(327)) - aaa68154-5cc6-499b-8ed3-58a3fd921bf5@group-6E5049E15EC4-SegmentedRaftLogWorker was interrupted, exiting. There are 0 tasks remaining in the queue.
2021-11-06 13:35:14,537 [grpc-default-executor-2] WARN  server.GrpcLogAppender (LogUtils.java:warn(122)) - 11ebe377-0aac-4b34-9775-2da14e24f47f@group-168568F99F7C->88981420-4ddd-49dd-940b-a9f8186556d3-AppendLogResponseHandler: Failed appendEntries: org.apache.ratis.thirdparty.io.grpc.StatusRuntimeException: UNAVAILABLE: io exception
2021-11-06 13:35:14,537 [grpc-default-executor-2] INFO  leader.FollowerInfo (FollowerInfoImpl.java:lambda$new$0(47)) - 11ebe377-0aac-4b34-9775-2da14e24f47f@group-168568F99F7C->88981420-4ddd-49dd-940b-a9f8186556d3: nextIndex: updateUnconditionally 23 -> 22
2021-11-06 13:35:14,538 [ForkJoinPool.commonPool-worker-1] INFO  server.GrpcService (GrpcService.java:closeImpl(271)) - 88981420-4ddd-49dd-940b-a9f8186556d3: shutdown server with port 43077 successfully
2021-11-06 13:35:14,539 [Mini-Cluster-Provider-Reap] INFO  segmented.SegmentedRaftLogWorker (SegmentedRaftLogWorker.java:close(237)) - aaa68154-5cc6-499b-8ed3-58a3fd921bf5@group-6E5049E15EC4-SegmentedRaftLogWorker close()
2021-11-06 13:35:14,539 [org.apache.ratis.util.JvmPauseMonitor$$Lambda$534/1345232419@5f8a8c77] INFO  util.JvmPauseMonitor (JvmPauseMonitor.java:run(109)) - JvmPauseMonitor-88981420-4ddd-49dd-940b-a9f8186556d3: Stopped
2021-11-06 13:35:14,553 [Mini-Cluster-Provider-Reap] INFO  server.GrpcService (GrpcService.java:closeImpl(262)) - aaa68154-5cc6-499b-8ed3-58a3fd921bf5: shutdown server with port 40015 now
2021-11-06 13:35:14,564 [ForkJoinPool.commonPool-worker-1] INFO  utils.BackgroundService (BackgroundService.java:shutdown(132)) - Shutting down service BlockDeletingService
2021-11-06 13:35:14,586 [grpc-default-executor-3] WARN  server.GrpcServerProtocolService (LogUtils.java:warn(122)) - aaa68154-5cc6-499b-8ed3-58a3fd921bf5: installSnapshot onError, lastRequest: 3e26efa9-4483-40fe-aebc-bbb79682031d->aaa68154-5cc6-499b-8ed3-58a3fd921bf5#1-t1,previous=(t:0, i:0),leaderCommit=-1,initializing? true,entries: size=1, first=(t:1, i:0), CONFIGURATIONENTRY: org.apache.ratis.thirdparty.io.grpc.StatusRuntimeException: CANCELLED: client cancelled
2021-11-06 13:35:14,589 [Mini-Cluster-Provider-Reap] INFO  server.GrpcService (GrpcService.java:closeImpl(271)) - aaa68154-5cc6-499b-8ed3-58a3fd921bf5: shutdown server with port 40015 successfully
2021-11-06 13:35:14,589 [grpc-default-executor-4] WARN  server.GrpcLogAppender (LogUtils.java:warn(122)) - 3e26efa9-4483-40fe-aebc-bbb79682031d@group-DA0272F4ED0F->aaa68154-5cc6-499b-8ed3-58a3fd921bf5-AppendLogResponseHandler: Failed appendEntries: org.apache.ratis.thirdparty.io.grpc.StatusRuntimeException: CANCELLED: HTTP/2 error code: CANCEL
Received Rst Stream
2021-11-06 13:35:14,590 [grpc-default-executor-4] WARN  server.GrpcLogAppender (GrpcLogAppender.java:resetClient(110)) - 3e26efa9-4483-40fe-aebc-bbb79682031d@group-DA0272F4ED0F->aaa68154-5cc6-499b-8ed3-58a3fd921bf5-GrpcLogAppender: Leader has not got in touch with Follower 3e26efa9-4483-40fe-aebc-bbb79682031d@group-DA0272F4ED0F->aaa68154-5cc6-499b-8ed3-58a3fd921bf5(c0,m0,n1, attendVote=true, lastRpcSendTime=1642, lastRpcResponseTime=1640) yet, just keep nextIndex unchanged and retry.
2021-11-06 13:35:14,590 [org.apache.ratis.util.JvmPauseMonitor$$Lambda$534/1345232419@4fe2f1e6] INFO  util.JvmPauseMonitor (JvmPauseMonitor.java:run(109)) - JvmPauseMonitor-aaa68154-5cc6-499b-8ed3-58a3fd921bf5: Stopped
2021-11-06 13:35:14,593 [Mini-Cluster-Provider-Reap] INFO  utils.BackgroundService (BackgroundService.java:shutdown(132)) - Shutting down service BlockDeletingService
2021-11-06 13:35:14,741 [ReplicationMonitor] INFO  container.ReplicationManager (ReplicationManager.java:sendCloseCommand(1482)) - Sending close container command for container #4 to datanode 88981420-4ddd-49dd-940b-a9f8186556d3{ip: 10.1.0.67, host: fv-az184-210.3ow45vhwbzuu5incsxmygykede.cx.internal.cloudapp.net, ports: [REPLICATION=40779, RATIS=43077, RATIS_ADMIN=43077, RATIS_SERVER=43077, STANDALONE=39603], networkLocation: /default-rack, certSerialId: null, persistedOpState: IN_SERVICE, persistedOpStateExpiryEpochSec: 0}.
2021-11-06 13:35:14,741 [ReplicationMonitor] INFO  container.ReplicationManager (ReplicationManager.java:sendCloseCommand(1482)) - Sending close container command for container #5 to datanode 88981420-4ddd-49dd-940b-a9f8186556d3{ip: 10.1.0.67, host: fv-az184-210.3ow45vhwbzuu5incsxmygykede.cx.internal.cloudapp.net, ports: [REPLICATION=40779, RATIS=43077, RATIS_ADMIN=43077, RATIS_SERVER=43077, STANDALONE=39603], networkLocation: /default-rack, certSerialId: null, persistedOpState: IN_SERVICE, persistedOpStateExpiryEpochSec: 0}.
2021-11-06 13:35:14,741 [ReplicationMonitor] INFO  container.ReplicationManager (ReplicationManager.java:sendCloseCommand(1482)) - Sending close container command for container #6 to datanode 88981420-4ddd-49dd-940b-a9f8186556d3{ip: 10.1.0.67, host: fv-az184-210.3ow45vhwbzuu5incsxmygykede.cx.internal.cloudapp.net, ports: [REPLICATION=40779, RATIS=43077, RATIS_ADMIN=43077, RATIS_SERVER=43077, STANDALONE=39603], networkLocation: /default-rack, certSerialId: null, persistedOpState: IN_SERVICE, persistedOpStateExpiryEpochSec: 0}.
2021-11-06 13:35:14,741 [ReplicationMonitor] INFO  container.ReplicationManager (ReplicationManager.java:processAll(371)) - Replication Monitor Thread took 0 milliseconds for processing 6 containers.
2021-11-06 13:35:15,225 [EventQueue-DeadNodeForDeadNodeHandler] INFO  node.DeadNodeHandler (DeadNodeHandler.java:onMessage(80)) - A dead datanode is detected. aaa68154-5cc6-499b-8ed3-58a3fd921bf5{ip: 10.1.0.67, host: fv-az184-210.3ow45vhwbzuu5incsxmygykede.cx.internal.cloudapp.net, ports: [REPLICATION=37149, RATIS=40015, RATIS_ADMIN=40015, RATIS_SERVER=40015, STANDALONE=44347], networkLocation: /default-rack, certSerialId: null, persistedOpState: IN_SERVICE, persistedOpStateExpiryEpochSec: 0}
2021-11-06 13:35:15,225 [EventQueue-DeadNodeForDeadNodeHandler] INFO  pipeline.RatisPipelineProvider (RatisPipelineProvider.java:lambda$close$1(222)) - Send pipeline:PipelineID=8a03e0ea-781a-4ec7-b8c7-da0272f4ed0f close command to datanode aaa68154-5cc6-499b-8ed3-58a3fd921bf5
2021-11-06 13:35:15,225 [EventQueue-DeadNodeForDeadNodeHandler] INFO  pipeline.RatisPipelineProvider (RatisPipelineProvider.java:lambda$close$1(222)) - Send pipeline:PipelineID=8a03e0ea-781a-4ec7-b8c7-da0272f4ed0f close command to datanode 3e26efa9-4483-40fe-aebc-bbb79682031d
2021-11-06 13:35:15,225 [EventQueue-DeadNodeForDeadNodeHandler] INFO  pipeline.RatisPipelineProvider (RatisPipelineProvider.java:lambda$close$1(222)) - Send pipeline:PipelineID=8a03e0ea-781a-4ec7-b8c7-da0272f4ed0f close command to datanode 672ea6be-dedb-4741-be8d-933a2a2655df
2021-11-06 13:35:15,226 [EventQueue-DeadNodeForDeadNodeHandler] INFO  pipeline.PipelineStateManagerImpl (PipelineStateManagerImpl.java:removePipeline(223)) - Pipeline Pipeline[ Id: 8a03e0ea-781a-4ec7-b8c7-da0272f4ed0f, Nodes: aaa68154-5cc6-499b-8ed3-58a3fd921bf5{ip: 10.1.0.67, host: fv-az184-210.3ow45vhwbzuu5incsxmygykede.cx.internal.cloudapp.net, ports: [REPLICATION=37149, RATIS=40015, RATIS_ADMIN=40015, RATIS_SERVER=40015, STANDALONE=44347], networkLocation: /default-rack, certSerialId: null, persistedOpState: IN_MAINTENANCE, persistedOpStateExpiryEpochSec: 0}3e26efa9-4483-40fe-aebc-bbb79682031d{ip: 10.1.0.67, host: fv-az184-210.3ow45vhwbzuu5incsxmygykede.cx.internal.cloudapp.net, ports: [REPLICATION=41839, RATIS=33945, RATIS_ADMIN=33945, RATIS_SERVER=33945, STANDALONE=41169], networkLocation: /default-rack, certSerialId: null, persistedOpState: IN_MAINTENANCE, persistedOpStateExpiryEpochSec: 0}672ea6be-dedb-4741-be8d-933a2a2655df{ip: 10.1.0.67, host: fv-az184-210.3ow45vhwbzuu5incsxmygykede.cx.internal.cloudapp.net, ports: [REPLICATION=45895, RATIS=45857, RATIS_ADMIN=45857, RATIS_SERVER=45857, STANDALONE=40855], networkLocation: /default-rack, certSerialId: null, persistedOpState: IN_MAINTENANCE, persistedOpStateExpiryEpochSec: 0}, ReplicationConfig: RATIS/THREE, State:CLOSED, leaderId:3e26efa9-4483-40fe-aebc-bbb79682031d, CreationTimestamp2021-11-06T13:35:00.555Z[Etc/UTC]] removed.
2021-11-06 13:35:15,226 [EventQueue-DeadNodeForDeadNodeHandler] INFO  pipeline.RatisPipelineProvider (RatisPipelineProvider.java:lambda$close$1(222)) - Send pipeline:PipelineID=3b6cfc06-ed01-4a8b-9438-6e5049e15ec4 close command to datanode aaa68154-5cc6-499b-8ed3-58a3fd921bf5
2021-11-06 13:35:15,226 [EventQueue-DeadNodeForDeadNodeHandler] INFO  pipeline.PipelineStateManagerImpl (PipelineStateManagerImpl.java:removePipeline(223)) - Pipeline Pipeline[ Id: 3b6cfc06-ed01-4a8b-9438-6e5049e15ec4, Nodes: aaa68154-5cc6-499b-8ed3-58a3fd921bf5{ip: 10.1.0.67, host: fv-az184-210.3ow45vhwbzuu5incsxmygykede.cx.internal.cloudapp.net, ports: [REPLICATION=37149, RATIS=40015, RATIS_ADMIN=40015, RATIS_SERVER=40015, STANDALONE=44347], networkLocation: /default-rack, certSerialId: null, persistedOpState: IN_MAINTENANCE, persistedOpStateExpiryEpochSec: 0}, ReplicationConfig: RATIS/ONE, State:CLOSED, leaderId:aaa68154-5cc6-499b-8ed3-58a3fd921bf5, CreationTimestamp2021-11-06T13:35:00.556Z[Etc/UTC]] removed.
2021-11-06 13:35:15,240 [EventQueue-DeadNodeForDeadNodeHandler] INFO  net.NetworkTopologyImpl (NetworkTopologyImpl.java:remove(137)) - Removed a node: /default-rack/aaa68154-5cc6-499b-8ed3-58a3fd921bf5
2021-11-06 13:35:15,325 [EventQueue-DeadNodeForDeadNodeHandler] INFO  node.DeadNodeHandler (DeadNodeHandler.java:onMessage(80)) - A dead datanode is detected. 88981420-4ddd-49dd-940b-a9f8186556d3{ip: 10.1.0.67, host: fv-az184-210.3ow45vhwbzuu5incsxmygykede.cx.internal.cloudapp.net, ports: [REPLICATION=40779, RATIS=43077, RATIS_ADMIN=43077, RATIS_SERVER=43077, STANDALONE=39603], networkLocation: /default-rack, certSerialId: null, persistedOpState: IN_SERVICE, persistedOpStateExpiryEpochSec: 0}
2021-11-06 13:35:15,325 [EventQueue-DeadNodeForDeadNodeHandler] INFO  pipeline.RatisPipelineProvider (RatisPipelineProvider.java:lambda$close$1(222)) - Send pipeline:PipelineID=85fa73fb-b885-447f-8e87-841c6eaca375 close command to datanode 88981420-4ddd-49dd-940b-a9f8186556d3
2021-11-06 13:35:15,326 [EventQueue-DeadNodeForDeadNodeHandler] INFO  pipeline.PipelineStateManagerImpl (PipelineStateManagerImpl.java:removePipeline(223)) - Pipeline Pipeline[ Id: 85fa73fb-b885-447f-8e87-841c6eaca375, Nodes: 88981420-4ddd-49dd-940b-a9f8186556d3{ip: 10.1.0.67, host: fv-az184-210.3ow45vhwbzuu5incsxmygykede.cx.internal.cloudapp.net, ports: [REPLICATION=40779, RATIS=43077, RATIS_ADMIN=43077, RATIS_SERVER=43077, STANDALONE=39603], networkLocation: /default-rack, certSerialId: null, persistedOpState: IN_SERVICE, persistedOpStateExpiryEpochSec: 0}, ReplicationConfig: RATIS/ONE, State:CLOSED, leaderId:88981420-4ddd-49dd-940b-a9f8186556d3, CreationTimestamp2021-11-06T13:34:23.542Z[Etc/UTC]] removed.
2021-11-06 13:35:15,326 [EventQueue-DeadNodeForDeadNodeHandler] INFO  pipeline.RatisPipelineProvider (RatisPipelineProvider.java:lambda$close$1(222)) - Send pipeline:PipelineID=21db3535-d2e0-4e89-8ace-168568f99f7c close command to datanode be65edc0-d2c4-49e5-a32f-78d912f8d0e6
2021-11-06 13:35:15,326 [EventQueue-DeadNodeForDeadNodeHandler] INFO  pipeline.RatisPipelineProvider (RatisPipelineProvider.java:lambda$close$1(222)) - Send pipeline:PipelineID=21db3535-d2e0-4e89-8ace-168568f99f7c close command to datanode 88981420-4ddd-49dd-940b-a9f8186556d3
2021-11-06 13:35:15,326 [EventQueue-DeadNodeForDeadNodeHandler] INFO  pipeline.RatisPipelineProvider (RatisPipelineProvider.java:lambda$close$1(222)) - Send pipeline:PipelineID=21db3535-d2e0-4e89-8ace-168568f99f7c close command to datanode 11ebe377-0aac-4b34-9775-2da14e24f47f
2021-11-06 13:35:15,326 [EventQueue-DeadNodeForDeadNodeHandler] INFO  pipeline.PipelineStateManagerImpl (PipelineStateManagerImpl.java:removePipeline(223)) - Pipeline Pipeline[ Id: 21db3535-d2e0-4e89-8ace-168568f99f7c, Nodes: be65edc0-d2c4-49e5-a32f-78d912f8d0e6{ip: 10.1.0.67, host: fv-az184-210.3ow45vhwbzuu5incsxmygykede.cx.internal.cloudapp.net, ports: [REPLICATION=37127, RATIS=37237, RATIS_ADMIN=37237, RATIS_SERVER=37237, STANDALONE=36417], networkLocation: /default-rack, certSerialId: null, persistedOpState: IN_SERVICE, persistedOpStateExpiryEpochSec: 0}88981420-4ddd-49dd-940b-a9f8186556d3{ip: 10.1.0.67, host: fv-az184-210.3ow45vhwbzuu5incsxmygykede.cx.internal.cloudapp.net, ports: [REPLICATION=40779, RATIS=43077, RATIS_ADMIN=43077, RATIS_SERVER=43077, STANDALONE=39603], networkLocation: /default-rack, certSerialId: null, persistedOpState: IN_SERVICE, persistedOpStateExpiryEpochSec: 0}11ebe377-0aac-4b34-9775-2da14e24f47f{ip: 10.1.0.67, host: fv-az184-210.3ow45vhwbzuu5incsxmygykede.cx.internal.cloudapp.net, ports: [REPLICATION=42531, RATIS=45321, RATIS_ADMIN=45321, RATIS_SERVER=45321, STANDALONE=46365], networkLocation: /default-rack, certSerialId: null, persistedOpState: IN_SERVICE, persistedOpStateExpiryEpochSec: 0}, ReplicationConfig: RATIS/THREE, State:CLOSED, leaderId:11ebe377-0aac-4b34-9775-2da14e24f47f, CreationTimestamp2021-11-06T13:34:24.102Z[Etc/UTC]] removed.
2021-11-06 13:35:15,326 [EventQueue-DeadNodeForDeadNodeHandler] INFO  net.NetworkTopologyImpl (NetworkTopologyImpl.java:remove(137)) - Removed a node: /default-rack/88981420-4ddd-49dd-940b-a9f8186556d3
2021-11-06 13:35:15,518 [grpc-default-executor-4] WARN  server.GrpcLogAppender (LogUtils.java:warn(122)) - 3e26efa9-4483-40fe-aebc-bbb79682031d@group-DA0272F4ED0F->aaa68154-5cc6-499b-8ed3-58a3fd921bf5-AppendLogResponseHandler: Failed appendEntries: org.apache.ratis.thirdparty.io.grpc.StatusRuntimeException: UNAVAILABLE: io exception
2021-11-06 13:35:15,519 [grpc-default-executor-4] WARN  server.GrpcLogAppender (GrpcLogAppender.java:resetClient(110)) - 3e26efa9-4483-40fe-aebc-bbb79682031d@group-DA0272F4ED0F->aaa68154-5cc6-499b-8ed3-58a3fd921bf5-GrpcLogAppender: Leader has not got in touch with Follower 3e26efa9-4483-40fe-aebc-bbb79682031d@group-DA0272F4ED0F->aaa68154-5cc6-499b-8ed3-58a3fd921bf5(c0,m0,n1, attendVote=true, lastRpcSendTime=0, lastRpcResponseTime=2569) yet, just keep nextIndex unchanged and retry.
2021-11-06 13:35:15,699 [EventQueue-PipelineReportForPipelineReportHandler] INFO  pipeline.PipelineReportHandler (PipelineReportHandler.java:processPipelineReport(113)) - Reported pipeline PipelineID=8a03e0ea-781a-4ec7-b8c7-da0272f4ed0f is not found
2021-11-06 13:35:15,742 [ReplicationMonitor] INFO  container.ReplicationManager (ReplicationManager.java:handleUnderReplicatedContainer(1166)) - Container #1 is under replicated. Expected replica count is 3, but found 2.
2021-11-06 13:35:15,742 [ReplicationMonitor] INFO  container.ReplicationManager (ReplicationManager.java:sendReplicateCommand(1518)) - Sending replicate container command for container #1 to datanode 11ebe377-0aac-4b34-9775-2da14e24f47f{ip: 10.1.0.67, host: fv-az184-210.3ow45vhwbzuu5incsxmygykede.cx.internal.cloudapp.net, ports: [REPLICATION=42531, RATIS=45321, RATIS_ADMIN=45321, RATIS_SERVER=45321, STANDALONE=46365], networkLocation: /default-rack, certSerialId: null, persistedOpState: IN_SERVICE, persistedOpStateExpiryEpochSec: 0} from datanodes [3e26efa9-4483-40fe-aebc-bbb79682031d{ip: 10.1.0.67, host: fv-az184-210.3ow45vhwbzuu5incsxmygykede.cx.internal.cloudapp.net, ports: [REPLICATION=41839, RATIS=33945, RATIS_ADMIN=33945, RATIS_SERVER=33945, STANDALONE=41169], networkLocation: /default-rack, certSerialId: null, persistedOpState: IN_SERVICE, persistedOpStateExpiryEpochSec: 0}, 672ea6be-dedb-4741-be8d-933a2a2655df{ip: 10.1.0.67, host: fv-az184-210.3ow45vhwbzuu5incsxmygykede.cx.internal.cloudapp.net, ports: [REPLICATION=45895, RATIS=45857, RATIS_ADMIN=45857, RATIS_SERVER=45857, STANDALONE=40855], networkLocation: /default-rack, certSerialId: null, persistedOpState: IN_SERVICE, persistedOpStateExpiryEpochSec: 0}]
2021-11-06 13:35:15,742 [ReplicationMonitor] INFO  container.ReplicationManager (ReplicationManager.java:handleUnderReplicatedContainer(1166)) - Container #4 is under replicated. Expected replica count is 3, but found 2.
2021-11-06 13:35:15,742 [ReplicationMonitor] INFO  container.ReplicationManager (ReplicationManager.java:sendReplicateCommand(1518)) - Sending replicate container command for container #4 to datanode 3e26efa9-4483-40fe-aebc-bbb79682031d{ip: 10.1.0.67, host: fv-az184-210.3ow45vhwbzuu5incsxmygykede.cx.internal.cloudapp.net, ports: [REPLICATION=41839, RATIS=33945, RATIS_ADMIN=33945, RATIS_SERVER=33945, STANDALONE=41169], networkLocation: /default-rack, certSerialId: null, persistedOpState: IN_SERVICE, persistedOpStateExpiryEpochSec: 0} from datanodes [11ebe377-0aac-4b34-9775-2da14e24f47f{ip: 10.1.0.67, host: fv-az184-210.3ow45vhwbzuu5incsxmygykede.cx.internal.cloudapp.net, ports: [REPLICATION=42531, RATIS=45321, RATIS_ADMIN=45321, RATIS_SERVER=45321, STANDALONE=46365], networkLocation: /default-rack, certSerialId: null, persistedOpState: IN_SERVICE, persistedOpStateExpiryEpochSec: 0}, be65edc0-d2c4-49e5-a32f-78d912f8d0e6{ip: 10.1.0.67, host: fv-az184-210.3ow45vhwbzuu5incsxmygykede.cx.internal.cloudapp.net, ports: [REPLICATION=37127, RATIS=37237, RATIS_ADMIN=37237, RATIS_SERVER=37237, STANDALONE=36417], networkLocation: /default-rack, certSerialId: null, persistedOpState: IN_SERVICE, persistedOpStateExpiryEpochSec: 0}]
2021-11-06 13:35:15,742 [ReplicationMonitor] INFO  container.ReplicationManager (ReplicationManager.java:handleUnderReplicatedContainer(1166)) - Container #5 is under replicated. Expected replica count is 3, but found 2.
2021-11-06 13:35:15,742 [ReplicationMonitor] INFO  container.ReplicationManager (ReplicationManager.java:sendReplicateCommand(1518)) - Sending replicate container command for container #5 to datanode 672ea6be-dedb-4741-be8d-933a2a2655df{ip: 10.1.0.67, host: fv-az184-210.3ow45vhwbzuu5incsxmygykede.cx.internal.cloudapp.net, ports: [REPLICATION=45895, RATIS=45857, RATIS_ADMIN=45857, RATIS_SERVER=45857, STANDALONE=40855], networkLocation: /default-rack, certSerialId: null, persistedOpState: IN_SERVICE, persistedOpStateExpiryEpochSec: 0} from datanodes [11ebe377-0aac-4b34-9775-2da14e24f47f{ip: 10.1.0.67, host: fv-az184-210.3ow45vhwbzuu5incsxmygykede.cx.internal.cloudapp.net, ports: [REPLICATION=42531, RATIS=45321, RATIS_ADMIN=45321, RATIS_SERVER=45321, STANDALONE=46365], networkLocation: /default-rack, certSerialId: null, persistedOpState: IN_SERVICE, persistedOpStateExpiryEpochSec: 0}, be65edc0-d2c4-49e5-a32f-78d912f8d0e6{ip: 10.1.0.67, host: fv-az184-210.3ow45vhwbzuu5incsxmygykede.cx.internal.cloudapp.net, ports: [REPLICATION=37127, RATIS=37237, RATIS_ADMIN=37237, RATIS_SERVER=37237, STANDALONE=36417], networkLocation: /default-rack, certSerialId: null, persistedOpState: IN_SERVICE, persistedOpStateExpiryEpochSec: 0}]
2021-11-06 13:35:15,742 [ReplicationMonitor] INFO  container.ReplicationManager (ReplicationManager.java:handleUnderReplicatedContainer(1166)) - Container #6 is under replicated. Expected replica count is 3, but found 2.
2021-11-06 13:35:15,742 [ReplicationMonitor] INFO  container.ReplicationManager (ReplicationManager.java:sendReplicateCommand(1518)) - Sending replicate container command for container #6 to datanode 3e26efa9-4483-40fe-aebc-bbb79682031d{ip: 10.1.0.67, host: fv-az184-210.3ow45vhwbzuu5incsxmygykede.cx.internal.cloudapp.net, ports: [REPLICATION=41839, RATIS=33945, RATIS_ADMIN=33945, RATIS_SERVER=33945, STANDALONE=41169], networkLocation: /default-rack, certSerialId: null, persistedOpState: IN_SERVICE, persistedOpStateExpiryEpochSec: 0} from datanodes [be65edc0-d2c4-49e5-a32f-78d912f8d0e6{ip: 10.1.0.67, host: fv-az184-210.3ow45vhwbzuu5incsxmygykede.cx.internal.cloudapp.net, ports: [REPLICATION=37127, RATIS=37237, RATIS_ADMIN=37237, RATIS_SERVER=37237, STANDALONE=36417], networkLocation: /default-rack, certSerialId: null, persistedOpState: IN_SERVICE, persistedOpStateExpiryEpochSec: 0}, 11ebe377-0aac-4b34-9775-2da14e24f47f{ip: 10.1.0.67, host: fv-az184-210.3ow45vhwbzuu5incsxmygykede.cx.internal.cloudapp.net, ports: [REPLICATION=42531, RATIS=45321, RATIS_ADMIN=45321, RATIS_SERVER=45321, STANDALONE=46365], networkLocation: /default-rack, certSerialId: null, persistedOpState: IN_SERVICE, persistedOpStateExpiryEpochSec: 0}]
2021-11-06 13:35:15,743 [ReplicationMonitor] INFO  container.ReplicationManager (ReplicationManager.java:processAll(371)) - Replication Monitor Thread took 2 milliseconds for processing 6 containers.
2021-11-06 13:35:16,013 [EventQueue-PipelineReportForPipelineReportHandler] INFO  pipeline.PipelineReportHandler (PipelineReportHandler.java:processPipelineReport(113)) - Reported pipeline PipelineID=21db3535-d2e0-4e89-8ace-168568f99f7c is not found
2021-11-06 13:35:16,015 [EventQueue-PipelineReportForPipelineReportHandler] INFO  pipeline.PipelineReportHandler (PipelineReportHandler.java:processPipelineReport(113)) - Reported pipeline PipelineID=21db3535-d2e0-4e89-8ace-168568f99f7c is not found
2021-11-06 13:35:16,016 [Command processor thread] INFO  server.RaftServer (RaftServerProxy.java:remove(106)) - 11ebe377-0aac-4b34-9775-2da14e24f47f: remove    LEADER 11ebe377-0aac-4b34-9775-2da14e24f47f@group-168568F99F7C:t4, leader=11ebe377-0aac-4b34-9775-2da14e24f47f, voted=11ebe377-0aac-4b34-9775-2da14e24f47f, raftlog=11ebe377-0aac-4b34-9775-2da14e24f47f@group-168568F99F7C-SegmentedRaftLog:OPENED:c22, conf=0: [88981420-4ddd-49dd-940b-a9f8186556d3|rpc:10.1.0.67:43077|dataStream:|priority:0, 11ebe377-0aac-4b34-9775-2da14e24f47f|rpc:10.1.0.67:45321|dataStream:|priority:1, be65edc0-d2c4-49e5-a32f-78d912f8d0e6|rpc:10.1.0.67:37237|dataStream:|priority:0], old=null RUNNING
2021-11-06 13:35:16,016 [Command processor thread] INFO  server.RaftServer$Division (RaftServerImpl.java:lambda$close$4(412)) - 11ebe377-0aac-4b34-9775-2da14e24f47f@group-168568F99F7C: shutdown
2021-11-06 13:35:16,016 [Command processor thread] INFO  util.JmxRegister (JmxRegister.java:unregister(73)) - Successfully un-registered JMX Bean with object name Ratis:service=RaftServer,group=group-168568F99F7C,id=11ebe377-0aac-4b34-9775-2da14e24f47f
2021-11-06 13:35:16,016 [Command processor thread] INFO  impl.RoleInfo (RoleInfo.java:shutdownLeaderState(91)) - 11ebe377-0aac-4b34-9775-2da14e24f47f: shutdown 11ebe377-0aac-4b34-9775-2da14e24f47f@group-168568F99F7C-LeaderStateImpl
2021-11-06 13:35:16,016 [Command processor thread] INFO  impl.PendingRequests (PendingRequests.java:sendNotLeaderResponses(282)) - 11ebe377-0aac-4b34-9775-2da14e24f47f@group-168568F99F7C-PendingRequests: sendNotLeaderResponses
2021-11-06 13:35:16,019 [Command processor thread] INFO  impl.StateMachineUpdater (StateMachineUpdater.java:stopAndJoin(149)) - 11ebe377-0aac-4b34-9775-2da14e24f47f@group-168568F99F7C-StateMachineUpdater: set stopIndex = 22
2021-11-06 13:35:16,020 [11ebe377-0aac-4b34-9775-2da14e24f47f@group-168568F99F7C-StateMachineUpdater] INFO  ratis.ContainerStateMachine (ContainerStateMachine.java:takeSnapshot(292)) - group-168568F99F7C: Taking a snapshot at:(t:4, i:22) file /home/runner/work/ozone/ozone/hadoop-ozone/integration-test/target/test-dir/MiniOzoneClusterImpl-fb4733c7-c581-4712-901b-93273344e4d4/datanode-2/data/ratis/21db3535-d2e0-4e89-8ace-168568f99f7c/sm/snapshot.4_22
2021-11-06 13:35:16,026 [11ebe377-0aac-4b34-9775-2da14e24f47f@group-168568F99F7C-StateMachineUpdater] INFO  ratis.ContainerStateMachine (ContainerStateMachine.java:takeSnapshot(303)) - group-168568F99F7C: Finished taking a snapshot at:(t:4, i:22) file:/home/runner/work/ozone/ozone/hadoop-ozone/integration-test/target/test-dir/MiniOzoneClusterImpl-fb4733c7-c581-4712-901b-93273344e4d4/datanode-2/data/ratis/21db3535-d2e0-4e89-8ace-168568f99f7c/sm/snapshot.4_22 took: 6 ms
2021-11-06 13:35:16,026 [11ebe377-0aac-4b34-9775-2da14e24f47f@group-168568F99F7C-StateMachineUpdater] INFO  impl.StateMachineUpdater (StateMachineUpdater.java:takeSnapshot(281)) - 11ebe377-0aac-4b34-9775-2da14e24f47f@group-168568F99F7C-StateMachineUpdater: Took a snapshot at index 22
2021-11-06 13:35:16,026 [11ebe377-0aac-4b34-9775-2da14e24f47f@group-168568F99F7C-StateMachineUpdater] INFO  impl.StateMachineUpdater (StateMachineUpdater.java:lambda$new$0(89)) - 11ebe377-0aac-4b34-9775-2da14e24f47f@group-168568F99F7C-StateMachineUpdater: snapshotIndex: updateIncreasingly -1 -> 22
2021-11-06 13:35:16,028 [Command processor thread] INFO  server.RaftServer$Division (ServerState.java:close(419)) - 11ebe377-0aac-4b34-9775-2da14e24f47f@group-168568F99F7C: closes. applyIndex: 22
2021-11-06 13:35:16,028 [11ebe377-0aac-4b34-9775-2da14e24f47f@group-168568F99F7C-SegmentedRaftLogWorker] INFO  segmented.SegmentedRaftLogWorker (SegmentedRaftLogWorker.java:run(327)) - 11ebe377-0aac-4b34-9775-2da14e24f47f@group-168568F99F7C-SegmentedRaftLogWorker was interrupted, exiting. There are 0 tasks remaining in the queue.
2021-11-06 13:35:16,028 [Command processor thread] INFO  segmented.SegmentedRaftLogWorker (SegmentedRaftLogWorker.java:close(237)) - 11ebe377-0aac-4b34-9775-2da14e24f47f@group-168568F99F7C-SegmentedRaftLogWorker close()
2021-11-06 13:35:16,029 [Command processor thread] INFO  server.RaftServer$Division (RaftServerImpl.java:groupRemove(382)) - 11ebe377-0aac-4b34-9775-2da14e24f47f@group-168568F99F7C: Succeed to remove RaftStorageDirectory Storage Directory /home/runner/work/ozone/ozone/hadoop-ozone/integration-test/target/test-dir/MiniOzoneClusterImpl-fb4733c7-c581-4712-901b-93273344e4d4/datanode-2/data/ratis/21db3535-d2e0-4e89-8ace-168568f99f7c
2021-11-06 13:35:16,029 [Command processor thread] INFO  commandhandler.ClosePipelineCommandHandler (ClosePipelineCommandHandler.java:handle(78)) - Close Pipeline PipelineID=21db3535-d2e0-4e89-8ace-168568f99f7c command on datanode 11ebe377-0aac-4b34-9775-2da14e24f47f.
2021-11-06 13:35:16,052 [11ebe377-0aac-4b34-9775-2da14e24f47f@group-168568F99F7C->88981420-4ddd-49dd-940b-a9f8186556d3-GrpcLogAppender-LogAppenderDaemon] WARN  server.GrpcLogAppender (GrpcLogAppender.java:mayWait(177)) - 11ebe377-0aac-4b34-9775-2da14e24f47f@group-168568F99F7C->88981420-4ddd-49dd-940b-a9f8186556d3-GrpcLogAppender: Wait interrupted by java.lang.InterruptedException
2021-11-06 13:35:16,057 [11ebe377-0aac-4b34-9775-2da14e24f47f@group-168568F99F7C->be65edc0-d2c4-49e5-a32f-78d912f8d0e6-GrpcLogAppender-LogAppenderDaemon] WARN  server.GrpcLogAppender (GrpcLogAppender.java:mayWait(177)) - 11ebe377-0aac-4b34-9775-2da14e24f47f@group-168568F99F7C->be65edc0-d2c4-49e5-a32f-78d912f8d0e6-GrpcLogAppender: Wait interrupted by java.lang.InterruptedException
2021-11-06 13:35:16,058 [grpc-default-executor-1] INFO  server.GrpcServerProtocolService (GrpcServerProtocolService.java:onCompleted(140)) - be65edc0-d2c4-49e5-a32f-78d912f8d0e6: Completed APPEND_ENTRIES, lastRequest: 11ebe377-0aac-4b34-9775-2da14e24f47f->be65edc0-d2c4-49e5-a32f-78d912f8d0e6#417-t4,previous=(t:4, i:21),leaderCommit=21,initializing? true,entries: size=1, first=(t:4, i:22), METADATAENTRY(c:21)
2021-11-06 13:35:16,059 [grpc-default-executor-4] INFO  server.GrpcLogAppender (GrpcLogAppender.java:onCompleted(346)) - 11ebe377-0aac-4b34-9775-2da14e24f47f@group-168568F99F7C->be65edc0-d2c4-49e5-a32f-78d912f8d0e6-AppendLogResponseHandler: follower responses appendEntries COMPLETED
2021-11-06 13:35:16,060 [grpc-default-executor-4] INFO  leader.FollowerInfo (FollowerInfoImpl.java:lambda$new$0(47)) - 11ebe377-0aac-4b34-9775-2da14e24f47f@group-168568F99F7C->be65edc0-d2c4-49e5-a32f-78d912f8d0e6: nextIndex: updateUnconditionally 23 -> 22
2021-11-06 13:35:16,062 [ContainerReplicationThread-2] INFO  replication.DownloadAndImportReplicator (DownloadAndImportReplicator.java:replicate(107)) - Starting replication of container 1 from [3e26efa9-4483-40fe-aebc-bbb79682031d{ip: 10.1.0.67, host: fv-az184-210.3ow45vhwbzuu5incsxmygykede.cx.internal.cloudapp.net, ports: [REPLICATION=41839, RATIS=33945, RATIS_ADMIN=33945, RATIS_SERVER=33945, STANDALONE=41169], networkLocation: /default-rack, certSerialId: null, persistedOpState: IN_SERVICE, persistedOpStateExpiryEpochSec: 0}, 672ea6be-dedb-4741-be8d-933a2a2655df{ip: 10.1.0.67, host: fv-az184-210.3ow45vhwbzuu5incsxmygykede.cx.internal.cloudapp.net, ports: [REPLICATION=45895, RATIS=45857, RATIS_ADMIN=45857, RATIS_SERVER=45857, STANDALONE=40855], networkLocation: /default-rack, certSerialId: null, persistedOpState: IN_SERVICE, persistedOpStateExpiryEpochSec: 0}]
2021-11-06 13:35:16,078 [grpc-default-executor-1] INFO  replication.GrpcReplicationService (GrpcReplicationService.java:download(52)) - Streaming container data (1) to other datanode
2021-11-06 13:35:16,220 [grpc-default-executor-1] INFO  replication.GrpcOutputStream (GrpcOutputStream.java:close(104)) - Sent 17751 bytes for container 1
2021-11-06 13:35:16,222 [grpc-default-executor-4] INFO  replication.GrpcReplicationClient (GrpcReplicationClient.java:onCompleted(187)) - Container 1 is downloaded to /home/runner/work/ozone/ozone/hadoop-ozone/integration-test/target/test-dir/MiniOzoneClusterImpl-fb4733c7-c581-4712-901b-93273344e4d4/datanode-2/data/replication/work/container-1.tar.gz
2021-11-06 13:35:16,223 [ContainerReplicationThread-2] INFO  replication.DownloadAndImportReplicator (DownloadAndImportReplicator.java:replicate(122)) - Container 1 is downloaded with size 17751, starting to import.
2021-11-06 13:35:16,303 [ContainerReplicationThread-2] INFO  replication.DownloadAndImportReplicator (DownloadAndImportReplicator.java:replicate(127)) - Container 1 is replicated successfully
2021-11-06 13:35:16,303 [ContainerReplicationThread-2] INFO  replication.ReplicationSupervisor (ReplicationSupervisor.java:run(169)) - Container 1 is replicated.
2021-11-06 13:35:16,699 [EventQueue-PipelineReportForPipelineReportHandler] INFO  pipeline.PipelineReportHandler (PipelineReportHandler.java:processPipelineReport(113)) - Reported pipeline PipelineID=8a03e0ea-781a-4ec7-b8c7-da0272f4ed0f is not found
2021-11-06 13:35:16,743 [ReplicationMonitor] INFO  container.ReplicationManager (ReplicationManager.java:processAll(371)) - Replication Monitor Thread took 0 milliseconds for processing 6 containers.
2021-11-06 13:35:17,018 [EventQueue-PipelineReportForPipelineReportHandler] INFO  pipeline.PipelineReportHandler (PipelineReportHandler.java:processPipelineReport(113)) - Reported pipeline PipelineID=8a03e0ea-781a-4ec7-b8c7-da0272f4ed0f is not found
2021-11-06 13:35:17,582 [ForkJoinPool.commonPool-worker-1] INFO  statemachine.DatanodeStateMachine (DatanodeStateMachine.java:stopDaemon(526)) - Ozone container server stopped.
2021-11-06 13:35:17,584 [ForkJoinPool.commonPool-worker-1] INFO  handler.ContextHandler (ContextHandler.java:doStop(1153)) - Stopped o.e.j.w.WebAppContext@7a96e7df{hddsDatanode,/,null,STOPPED}{jar:file:/home/runner/.m2/repository/org/apache/ozone/hdds-container-service/1.2.0-SNAPSHOT/hdds-container-service-1.2.0-SNAPSHOT.jar!/webapps/hddsDatanode}
2021-11-06 13:35:17,593 [ForkJoinPool.commonPool-worker-1] INFO  server.AbstractConnector (AbstractConnector.java:doStop(381)) - Stopped ServerConnector@7b266ddc{HTTP/1.1, (http/1.1)}{0.0.0.0:0}
2021-11-06 13:35:17,593 [ForkJoinPool.commonPool-worker-1] INFO  server.session (HouseKeeper.java:stopScavenging(149)) - node0 Stopped scavenging
2021-11-06 13:35:17,593 [ForkJoinPool.commonPool-worker-1] INFO  handler.ContextHandler (ContextHandler.java:doStop(1153)) - Stopped o.e.j.s.ServletContextHandler@4d9651eb{static,/static,jar:file:/home/runner/.m2/repository/org/apache/ozone/hdds-container-service/1.2.0-SNAPSHOT/hdds-container-service-1.2.0-SNAPSHOT.jar!/webapps/static,STOPPED}
2021-11-06 13:35:17,595 [ForkJoinPool.commonPool-worker-1] INFO  handler.ContextHandler (ContextHandler.java:doStop(1153)) - Stopped o.e.j.s.ServletContextHandler@43a84b98{logs,/logs,file:///home/runner/work/ozone/ozone/hadoop-ozone/integration-test/target/log,STOPPED}
2021-11-06 13:35:17,599 [Mini-Cluster-Provider-Reap] INFO  statemachine.DatanodeStateMachine (DatanodeStateMachine.java:stopDaemon(526)) - Ozone container server stopped.
2021-11-06 13:35:17,627 [Mini-Cluster-Provider-Reap] INFO  handler.ContextHandler (ContextHandler.java:doStop(1153)) - Stopped o.e.j.w.WebAppContext@691cfd96{hddsDatanode,/,null,STOPPED}{jar:file:/home/runner/.m2/repository/org/apache/ozone/hdds-container-service/1.2.0-SNAPSHOT/hdds-container-service-1.2.0-SNAPSHOT.jar!/webapps/hddsDatanode}
2021-11-06 13:35:17,628 [Mini-Cluster-Provider-Reap] INFO  server.AbstractConnector (AbstractConnector.java:doStop(381)) - Stopped ServerConnector@715804b3{HTTP/1.1, (http/1.1)}{0.0.0.0:0}
2021-11-06 13:35:17,629 [Mini-Cluster-Provider-Reap] INFO  server.session (HouseKeeper.java:stopScavenging(149)) - node0 Stopped scavenging
2021-11-06 13:35:17,629 [Mini-Cluster-Provider-Reap] INFO  handler.ContextHandler (ContextHandler.java:doStop(1153)) - Stopped o.e.j.s.ServletContextHandler@4b6e16cf{static,/static,jar:file:/home/runner/.m2/repository/org/apache/ozone/hdds-container-service/1.2.0-SNAPSHOT/hdds-container-service-1.2.0-SNAPSHOT.jar!/webapps/static,STOPPED}
2021-11-06 13:35:17,629 [Mini-Cluster-Provider-Reap] INFO  handler.ContextHandler (ContextHandler.java:doStop(1153)) - Stopped o.e.j.s.ServletContextHandler@1aaba164{logs,/logs,file:///home/runner/work/ozone/ozone/hadoop-ozone/integration-test/target/log,STOPPED}
2021-11-06 13:35:17,744 [ReplicationMonitor] INFO  container.ReplicationManager (ReplicationManager.java:processAll(371)) - Replication Monitor Thread took 1 milliseconds for processing 6 containers.
2021-11-06 13:35:18,012 [Command processor thread] INFO  server.RaftServer (RaftServerProxy.java:remove(106)) - be65edc0-d2c4-49e5-a32f-78d912f8d0e6: remove  FOLLOWER be65edc0-d2c4-49e5-a32f-78d912f8d0e6@group-168568F99F7C:t4, leader=11ebe377-0aac-4b34-9775-2da14e24f47f, voted=11ebe377-0aac-4b34-9775-2da14e24f47f, raftlog=be65edc0-d2c4-49e5-a32f-78d912f8d0e6@group-168568F99F7C-SegmentedRaftLog:OPENED:c21, conf=0: [88981420-4ddd-49dd-940b-a9f8186556d3|rpc:10.1.0.67:43077|dataStream:|priority:0, 11ebe377-0aac-4b34-9775-2da14e24f47f|rpc:10.1.0.67:45321|dataStream:|priority:1, be65edc0-d2c4-49e5-a32f-78d912f8d0e6|rpc:10.1.0.67:37237|dataStream:|priority:0], old=null RUNNING
2021-11-06 13:35:18,012 [Command processor thread] INFO  server.RaftServer$Division (RaftServerImpl.java:lambda$close$4(412)) - be65edc0-d2c4-49e5-a32f-78d912f8d0e6@group-168568F99F7C: shutdown
2021-11-06 13:35:18,012 [Command processor thread] INFO  util.JmxRegister (JmxRegister.java:unregister(73)) - Successfully un-registered JMX Bean with object name Ratis:service=RaftServer,group=group-168568F99F7C,id=be65edc0-d2c4-49e5-a32f-78d912f8d0e6
2021-11-06 13:35:18,012 [Command processor thread] INFO  impl.RoleInfo (RoleInfo.java:shutdownFollowerState(108)) - be65edc0-d2c4-49e5-a32f-78d912f8d0e6: shutdown be65edc0-d2c4-49e5-a32f-78d912f8d0e6@group-168568F99F7C-FollowerState
2021-11-06 13:35:18,012 [Command processor thread] INFO  impl.StateMachineUpdater (StateMachineUpdater.java:stopAndJoin(149)) - be65edc0-d2c4-49e5-a32f-78d912f8d0e6@group-168568F99F7C-StateMachineUpdater: set stopIndex = 21
2021-11-06 13:35:18,013 [be65edc0-d2c4-49e5-a32f-78d912f8d0e6@group-168568F99F7C-StateMachineUpdater] INFO  ratis.ContainerStateMachine (ContainerStateMachine.java:takeSnapshot(292)) - group-168568F99F7C: Taking a snapshot at:(t:4, i:21) file /home/runner/work/ozone/ozone/hadoop-ozone/integration-test/target/test-dir/MiniOzoneClusterImpl-fb4733c7-c581-4712-901b-93273344e4d4/datanode-0/data/ratis/21db3535-d2e0-4e89-8ace-168568f99f7c/sm/snapshot.4_21
2021-11-06 13:35:18,013 [EventQueue-PipelineReportForPipelineReportHandler] INFO  pipeline.PipelineReportHandler (PipelineReportHandler.java:processPipelineReport(113)) - Reported pipeline PipelineID=21db3535-d2e0-4e89-8ace-168568f99f7c is not found
2021-11-06 13:35:18,016 [Command processor thread] INFO  server.RaftServer (RaftServerProxy.java:remove(106)) - 3e26efa9-4483-40fe-aebc-bbb79682031d: remove    LEADER 3e26efa9-4483-40fe-aebc-bbb79682031d@group-DA0272F4ED0F:t1, leader=3e26efa9-4483-40fe-aebc-bbb79682031d, voted=3e26efa9-4483-40fe-aebc-bbb79682031d, raftlog=3e26efa9-4483-40fe-aebc-bbb79682031d@group-DA0272F4ED0F-SegmentedRaftLog:OPENED:c0, conf=0: [aaa68154-5cc6-499b-8ed3-58a3fd921bf5|rpc:10.1.0.67:40015|dataStream:|priority:0, 672ea6be-dedb-4741-be8d-933a2a2655df|rpc:10.1.0.67:45857|dataStream:|priority:0, 3e26efa9-4483-40fe-aebc-bbb79682031d|rpc:10.1.0.67:33945|dataStream:|priority:1], old=null RUNNING
2021-11-06 13:35:18,016 [Command processor thread] INFO  server.RaftServer$Division (RaftServerImpl.java:lambda$close$4(412)) - 3e26efa9-4483-40fe-aebc-bbb79682031d@group-DA0272F4ED0F: shutdown
2021-11-06 13:35:18,016 [Command processor thread] INFO  util.JmxRegister (JmxRegister.java:unregister(73)) - Successfully un-registered JMX Bean with object name Ratis:service=RaftServer,group=group-DA0272F4ED0F,id=3e26efa9-4483-40fe-aebc-bbb79682031d
2021-11-06 13:35:18,016 [Command processor thread] INFO  impl.RoleInfo (RoleInfo.java:shutdownLeaderState(91)) - 3e26efa9-4483-40fe-aebc-bbb79682031d: shutdown 3e26efa9-4483-40fe-aebc-bbb79682031d@group-DA0272F4ED0F-LeaderStateImpl
2021-11-06 13:35:18,016 [Command processor thread] INFO  impl.PendingRequests (PendingRequests.java:sendNotLeaderResponses(282)) - 3e26efa9-4483-40fe-aebc-bbb79682031d@group-DA0272F4ED0F-PendingRequests: sendNotLeaderResponses
2021-11-06 13:35:18,017 [Command processor thread] INFO  impl.StateMachineUpdater (StateMachineUpdater.java:stopAndJoin(149)) - 3e26efa9-4483-40fe-aebc-bbb79682031d@group-DA0272F4ED0F-StateMachineUpdater: set stopIndex = 0
2021-11-06 13:35:18,019 [EventQueue-PipelineReportForPipelineReportHandler] INFO  pipeline.PipelineReportHandler (PipelineReportHandler.java:processPipelineReport(113)) - Reported pipeline PipelineID=8a03e0ea-781a-4ec7-b8c7-da0272f4ed0f is not found
2021-11-06 13:35:18,021 [3e26efa9-4483-40fe-aebc-bbb79682031d@group-DA0272F4ED0F->672ea6be-dedb-4741-be8d-933a2a2655df-GrpcLogAppender-LogAppenderDaemon] WARN  server.GrpcLogAppender (GrpcLogAppender.java:mayWait(177)) - 3e26efa9-4483-40fe-aebc-bbb79682031d@group-DA0272F4ED0F->672ea6be-dedb-4741-be8d-933a2a2655df-GrpcLogAppender: Wait interrupted by java.lang.InterruptedException
2021-11-06 13:35:18,021 [be65edc0-d2c4-49e5-a32f-78d912f8d0e6@group-168568F99F7C-FollowerState] INFO  impl.FollowerState (FollowerState.java:run(143)) - be65edc0-d2c4-49e5-a32f-78d912f8d0e6@group-168568F99F7C-FollowerState was interrupted: {}
java.lang.InterruptedException: sleep interrupted
	at java.lang.Thread.sleep(Native Method)
	at java.lang.Thread.sleep(Thread.java:340)
	at java.util.concurrent.TimeUnit.sleep(TimeUnit.java:386)
	at org.apache.ratis.util.TimeDuration.sleep(TimeDuration.java:324)
	at org.apache.ratis.util.TimeDuration.sleep(TimeDuration.java:309)
	at org.apache.ratis.server.impl.FollowerState.run(FollowerState.java:118)
2021-11-06 13:35:18,023 [grpc-default-executor-1] INFO  server.GrpcServerProtocolService (GrpcServerProtocolService.java:onCompleted(140)) - 672ea6be-dedb-4741-be8d-933a2a2655df: Completed APPEND_ENTRIES, lastRequest: 3e26efa9-4483-40fe-aebc-bbb79682031d->672ea6be-dedb-4741-be8d-933a2a2655df#1-t1,previous=(t:0, i:0),leaderCommit=0,initializing? true,entries: size=1, first=(t:1, i:0), CONFIGURATIONENTRY
2021-11-06 13:35:18,022 [be65edc0-d2c4-49e5-a32f-78d912f8d0e6@group-168568F99F7C-StateMachineUpdater] INFO  ratis.ContainerStateMachine (ContainerStateMachine.java:takeSnapshot(303)) - group-168568F99F7C: Finished taking a snapshot at:(t:4, i:21) file:/home/runner/work/ozone/ozone/hadoop-ozone/integration-test/target/test-dir/MiniOzoneClusterImpl-fb4733c7-c581-4712-901b-93273344e4d4/datanode-0/data/ratis/21db3535-d2e0-4e89-8ace-168568f99f7c/sm/snapshot.4_21 took: 9 ms
2021-11-06 13:35:18,031 [be65edc0-d2c4-49e5-a32f-78d912f8d0e6@group-168568F99F7C-StateMachineUpdater] INFO  impl.StateMachineUpdater (StateMachineUpdater.java:takeSnapshot(281)) - be65edc0-d2c4-49e5-a32f-78d912f8d0e6@group-168568F99F7C-StateMachineUpdater: Took a snapshot at index 21
2021-11-06 13:35:18,031 [be65edc0-d2c4-49e5-a32f-78d912f8d0e6@group-168568F99F7C-StateMachineUpdater] INFO  impl.StateMachineUpdater (StateMachineUpdater.java:lambda$new$0(89)) - be65edc0-d2c4-49e5-a32f-78d912f8d0e6@group-168568F99F7C-StateMachineUpdater: snapshotIndex: updateIncreasingly -1 -> 21
2021-11-06 13:35:18,032 [Command processor thread] INFO  server.RaftServer$Division (ServerState.java:close(419)) - be65edc0-d2c4-49e5-a32f-78d912f8d0e6@group-168568F99F7C: closes. applyIndex: 21
2021-11-06 13:35:18,032 [be65edc0-d2c4-49e5-a32f-78d912f8d0e6@group-168568F99F7C-SegmentedRaftLogWorker] INFO  segmented.SegmentedRaftLogWorker (SegmentedRaftLogWorker.java:run(327)) - be65edc0-d2c4-49e5-a32f-78d912f8d0e6@group-168568F99F7C-SegmentedRaftLogWorker was interrupted, exiting. There are 0 tasks remaining in the queue.
2021-11-06 13:35:18,030 [grpc-default-executor-4] INFO  server.GrpcLogAppender (GrpcLogAppender.java:onError(335)) - 3e26efa9-4483-40fe-aebc-bbb79682031d@group-DA0272F4ED0F->aaa68154-5cc6-499b-8ed3-58a3fd921bf5-GrpcLogAppender is stopped
2021-11-06 13:35:18,032 [Command processor thread] INFO  segmented.SegmentedRaftLogWorker (SegmentedRaftLogWorker.java:close(237)) - be65edc0-d2c4-49e5-a32f-78d912f8d0e6@group-168568F99F7C-SegmentedRaftLogWorker close()
2021-11-06 13:35:18,032 [3e26efa9-4483-40fe-aebc-bbb79682031d@group-DA0272F4ED0F-StateMachineUpdater] INFO  ratis.ContainerStateMachine (ContainerStateMachine.java:takeSnapshot(292)) - group-DA0272F4ED0F: Taking a snapshot at:(t:1, i:0) file /home/runner/work/ozone/ozone/hadoop-ozone/integration-test/target/test-dir/MiniOzoneClusterImpl-fb4733c7-c581-4712-901b-93273344e4d4/datanode-4/data/ratis/8a03e0ea-781a-4ec7-b8c7-da0272f4ed0f/sm/snapshot.1_0
2021-11-06 13:35:18,033 [Command processor thread] INFO  server.RaftServer$Division (RaftServerImpl.java:groupRemove(382)) - be65edc0-d2c4-49e5-a32f-78d912f8d0e6@group-168568F99F7C: Succeed to remove RaftStorageDirectory Storage Directory /home/runner/work/ozone/ozone/hadoop-ozone/integration-test/target/test-dir/MiniOzoneClusterImpl-fb4733c7-c581-4712-901b-93273344e4d4/datanode-0/data/ratis/21db3535-d2e0-4e89-8ace-168568f99f7c
2021-11-06 13:35:18,034 [Command processor thread] INFO  commandhandler.ClosePipelineCommandHandler (ClosePipelineCommandHandler.java:handle(78)) - Close Pipeline PipelineID=21db3535-d2e0-4e89-8ace-168568f99f7c command on datanode be65edc0-d2c4-49e5-a32f-78d912f8d0e6.
2021-11-06 13:35:18,034 [grpc-default-executor-4] INFO  server.GrpcLogAppender (GrpcLogAppender.java:onCompleted(346)) - 3e26efa9-4483-40fe-aebc-bbb79682031d@group-DA0272F4ED0F->672ea6be-dedb-4741-be8d-933a2a2655df-AppendLogResponseHandler: follower responses appendEntries COMPLETED
2021-11-06 13:35:18,034 [3e26efa9-4483-40fe-aebc-bbb79682031d@group-DA0272F4ED0F-StateMachineUpdater] INFO  ratis.ContainerStateMachine (ContainerStateMachine.java:takeSnapshot(303)) - group-DA0272F4ED0F: Finished taking a snapshot at:(t:1, i:0) file:/home/runner/work/ozone/ozone/hadoop-ozone/integration-test/target/test-dir/MiniOzoneClusterImpl-fb4733c7-c581-4712-901b-93273344e4d4/datanode-4/data/ratis/8a03e0ea-781a-4ec7-b8c7-da0272f4ed0f/sm/snapshot.1_0 took: 1 ms
2021-11-06 13:35:18,034 [grpc-default-executor-4] INFO  leader.FollowerInfo (FollowerInfoImpl.java:lambda$new$0(47)) - 3e26efa9-4483-40fe-aebc-bbb79682031d@group-DA0272F4ED0F->672ea6be-dedb-4741-be8d-933a2a2655df: nextIndex: updateUnconditionally 1 -> 0
2021-11-06 13:35:18,034 [3e26efa9-4483-40fe-aebc-bbb79682031d@group-DA0272F4ED0F-StateMachineUpdater] INFO  impl.StateMachineUpdater (StateMachineUpdater.java:takeSnapshot(281)) - 3e26efa9-4483-40fe-aebc-bbb79682031d@group-DA0272F4ED0F-StateMachineUpdater: Took a snapshot at index 0
2021-11-06 13:35:18,034 [3e26efa9-4483-40fe-aebc-bbb79682031d@group-DA0272F4ED0F-StateMachineUpdater] INFO  impl.StateMachineUpdater (StateMachineUpdater.java:lambda$new$0(89)) - 3e26efa9-4483-40fe-aebc-bbb79682031d@group-DA0272F4ED0F-StateMachineUpdater: snapshotIndex: updateIncreasingly -1 -> 0
2021-11-06 13:35:18,034 [Command processor thread] INFO  server.RaftServer$Division (ServerState.java:close(419)) - 3e26efa9-4483-40fe-aebc-bbb79682031d@group-DA0272F4ED0F: closes. applyIndex: 0
2021-11-06 13:35:18,035 [3e26efa9-4483-40fe-aebc-bbb79682031d@group-DA0272F4ED0F-SegmentedRaftLogWorker] INFO  segmented.SegmentedRaftLogWorker (SegmentedRaftLogWorker.java:run(327)) - 3e26efa9-4483-40fe-aebc-bbb79682031d@group-DA0272F4ED0F-SegmentedRaftLogWorker was interrupted, exiting. There are 0 tasks remaining in the queue.
2021-11-06 13:35:18,035 [Command processor thread] INFO  segmented.SegmentedRaftLogWorker (SegmentedRaftLogWorker.java:close(237)) - 3e26efa9-4483-40fe-aebc-bbb79682031d@group-DA0272F4ED0F-SegmentedRaftLogWorker close()
2021-11-06 13:35:18,036 [Command processor thread] INFO  server.RaftServer$Division (RaftServerImpl.java:groupRemove(382)) - 3e26efa9-4483-40fe-aebc-bbb79682031d@group-DA0272F4ED0F: Succeed to remove RaftStorageDirectory Storage Directory /home/runner/work/ozone/ozone/hadoop-ozone/integration-test/target/test-dir/MiniOzoneClusterImpl-fb4733c7-c581-4712-901b-93273344e4d4/datanode-4/data/ratis/8a03e0ea-781a-4ec7-b8c7-da0272f4ed0f
2021-11-06 13:35:18,036 [Command processor thread] INFO  commandhandler.ClosePipelineCommandHandler (ClosePipelineCommandHandler.java:handle(78)) - Close Pipeline PipelineID=8a03e0ea-781a-4ec7-b8c7-da0272f4ed0f command on datanode 3e26efa9-4483-40fe-aebc-bbb79682031d.
2021-11-06 13:35:18,037 [ContainerReplicationThread-0] INFO  replication.DownloadAndImportReplicator (DownloadAndImportReplicator.java:replicate(107)) - Starting replication of container 4 from [11ebe377-0aac-4b34-9775-2da14e24f47f{ip: 10.1.0.67, host: fv-az184-210.3ow45vhwbzuu5incsxmygykede.cx.internal.cloudapp.net, ports: [REPLICATION=42531, RATIS=45321, RATIS_ADMIN=45321, RATIS_SERVER=45321, STANDALONE=46365], networkLocation: /default-rack, certSerialId: null, persistedOpState: IN_SERVICE, persistedOpStateExpiryEpochSec: 0}, be65edc0-d2c4-49e5-a32f-78d912f8d0e6{ip: 10.1.0.67, host: fv-az184-210.3ow45vhwbzuu5incsxmygykede.cx.internal.cloudapp.net, ports: [REPLICATION=37127, RATIS=37237, RATIS_ADMIN=37237, RATIS_SERVER=37237, STANDALONE=36417], networkLocation: /default-rack, certSerialId: null, persistedOpState: IN_SERVICE, persistedOpStateExpiryEpochSec: 0}]
2021-11-06 13:35:18,037 [ContainerReplicationThread-1] INFO  replication.DownloadAndImportReplicator (DownloadAndImportReplicator.java:replicate(107)) - Starting replication of container 6 from [be65edc0-d2c4-49e5-a32f-78d912f8d0e6{ip: 10.1.0.67, host: fv-az184-210.3ow45vhwbzuu5incsxmygykede.cx.internal.cloudapp.net, ports: [REPLICATION=37127, RATIS=37237, RATIS_ADMIN=37237, RATIS_SERVER=37237, STANDALONE=36417], networkLocation: /default-rack, certSerialId: null, persistedOpState: IN_SERVICE, persistedOpStateExpiryEpochSec: 0}, 11ebe377-0aac-4b34-9775-2da14e24f47f{ip: 10.1.0.67, host: fv-az184-210.3ow45vhwbzuu5incsxmygykede.cx.internal.cloudapp.net, ports: [REPLICATION=42531, RATIS=45321, RATIS_ADMIN=45321, RATIS_SERVER=45321, STANDALONE=46365], networkLocation: /default-rack, certSerialId: null, persistedOpState: IN_SERVICE, persistedOpStateExpiryEpochSec: 0}]
2021-11-06 13:35:18,080 [grpc-default-executor-1] INFO  replication.GrpcReplicationService (GrpcReplicationService.java:download(52)) - Streaming container data (6) to other datanode
2021-11-06 13:35:18,087 [grpc-default-executor-3] INFO  replication.GrpcReplicationService (GrpcReplicationService.java:download(52)) - Streaming container data (4) to other datanode
2021-11-06 13:35:18,130 [grpc-default-executor-1] INFO  replication.GrpcOutputStream (GrpcOutputStream.java:close(104)) - Sent 17537 bytes for container 6
2021-11-06 13:35:18,138 [grpc-default-executor-3] INFO  replication.GrpcOutputStream (GrpcOutputStream.java:close(104)) - Sent 19620 bytes for container 4
2021-11-06 13:35:18,152 [grpc-default-executor-2] INFO  replication.GrpcReplicationClient (GrpcReplicationClient.java:onCompleted(187)) - Container 4 is downloaded to /home/runner/work/ozone/ozone/hadoop-ozone/integration-test/target/test-dir/MiniOzoneClusterImpl-fb4733c7-c581-4712-901b-93273344e4d4/datanode-4/data/replication/work/container-4.tar.gz
2021-11-06 13:35:18,154 [ContainerReplicationThread-0] INFO  replication.DownloadAndImportReplicator (DownloadAndImportReplicator.java:replicate(122)) - Container 4 is downloaded with size 19620, starting to import.
2021-11-06 13:35:18,186 [grpc-default-executor-3] INFO  replication.GrpcReplicationClient (GrpcReplicationClient.java:onCompleted(187)) - Container 6 is downloaded to /home/runner/work/ozone/ozone/hadoop-ozone/integration-test/target/test-dir/MiniOzoneClusterImpl-fb4733c7-c581-4712-901b-93273344e4d4/datanode-4/data/replication/work/container-6.tar.gz
2021-11-06 13:35:18,186 [ContainerReplicationThread-1] INFO  replication.DownloadAndImportReplicator (DownloadAndImportReplicator.java:replicate(122)) - Container 6 is downloaded with size 17537, starting to import.
2021-11-06 13:35:18,254 [ContainerReplicationThread-1] INFO  replication.DownloadAndImportReplicator (DownloadAndImportReplicator.java:replicate(127)) - Container 6 is replicated successfully
2021-11-06 13:35:18,254 [ContainerReplicationThread-1] INFO  replication.ReplicationSupervisor (ReplicationSupervisor.java:run(169)) - Container 6 is replicated.
2021-11-06 13:35:18,281 [ContainerReplicationThread-0] INFO  replication.DownloadAndImportReplicator (DownloadAndImportReplicator.java:replicate(127)) - Container 4 is replicated successfully
2021-11-06 13:35:18,281 [ContainerReplicationThread-0] INFO  replication.ReplicationSupervisor (ReplicationSupervisor.java:run(169)) - Container 4 is replicated.
2021-11-06 13:35:18,744 [ReplicationMonitor] INFO  container.ReplicationManager (ReplicationManager.java:processAll(371)) - Replication Monitor Thread took 0 milliseconds for processing 6 containers.
2021-11-06 13:35:19,741 [EventQueue-StaleNodeForStaleNodeHandler] INFO  node.StaleNodeHandler (StaleNodeHandler.java:onMessage(58)) - Datanode 672ea6be-dedb-4741-be8d-933a2a2655df{ip: 10.1.0.67, host: fv-az184-210.3ow45vhwbzuu5incsxmygykede.cx.internal.cloudapp.net, ports: [REPLICATION=45895, RATIS=45857, RATIS_ADMIN=45857, RATIS_SERVER=45857, STANDALONE=40855], networkLocation: /default-rack, certSerialId: null, persistedOpState: IN_SERVICE, persistedOpStateExpiryEpochSec: 0} moved to stale state. Finalizing its pipelines [PipelineID=2a59f5fe-b091-4e94-a499-24eda71dccf0]
2021-11-06 13:35:19,741 [EventQueue-StaleNodeForStaleNodeHandler] INFO  pipeline.PipelineManagerImpl (PipelineManagerImpl.java:closePipeline(349)) - Pipeline Pipeline[ Id: 2a59f5fe-b091-4e94-a499-24eda71dccf0, Nodes: 672ea6be-dedb-4741-be8d-933a2a2655df{ip: 10.1.0.67, host: fv-az184-210.3ow45vhwbzuu5incsxmygykede.cx.internal.cloudapp.net, ports: [REPLICATION=45895, RATIS=45857, RATIS_ADMIN=45857, RATIS_SERVER=45857, STANDALONE=40855], networkLocation: /default-rack, certSerialId: null, persistedOpState: IN_MAINTENANCE, persistedOpStateExpiryEpochSec: 0}, ReplicationConfig: RATIS/ONE, State:OPEN, leaderId:672ea6be-dedb-4741-be8d-933a2a2655df, CreationTimestamp2021-11-06T13:35:00.554Z[Etc/UTC]] moved to CLOSED state
2021-11-06 13:35:19,745 [ReplicationMonitor] INFO  container.ReplicationManager (ReplicationManager.java:handleUnderReplicatedContainer(1166)) - Container #5 is under replicated. Expected replica count is 3, but found 2.
2021-11-06 13:35:19,745 [ReplicationMonitor] INFO  container.ReplicationManager (ReplicationManager.java:sendReplicateCommand(1518)) - Sending replicate container command for container #5 to datanode 3e26efa9-4483-40fe-aebc-bbb79682031d{ip: 10.1.0.67, host: fv-az184-210.3ow45vhwbzuu5incsxmygykede.cx.internal.cloudapp.net, ports: [REPLICATION=41839, RATIS=33945, RATIS_ADMIN=33945, RATIS_SERVER=33945, STANDALONE=41169], networkLocation: /default-rack, certSerialId: null, persistedOpState: IN_SERVICE, persistedOpStateExpiryEpochSec: 0} from datanodes [11ebe377-0aac-4b34-9775-2da14e24f47f{ip: 10.1.0.67, host: fv-az184-210.3ow45vhwbzuu5incsxmygykede.cx.internal.cloudapp.net, ports: [REPLICATION=42531, RATIS=45321, RATIS_ADMIN=45321, RATIS_SERVER=45321, STANDALONE=46365], networkLocation: /default-rack, certSerialId: null, persistedOpState: IN_SERVICE, persistedOpStateExpiryEpochSec: 0}, be65edc0-d2c4-49e5-a32f-78d912f8d0e6{ip: 10.1.0.67, host: fv-az184-210.3ow45vhwbzuu5incsxmygykede.cx.internal.cloudapp.net, ports: [REPLICATION=37127, RATIS=37237, RATIS_ADMIN=37237, RATIS_SERVER=37237, STANDALONE=36417], networkLocation: /default-rack, certSerialId: null, persistedOpState: IN_SERVICE, persistedOpStateExpiryEpochSec: 0}]
2021-11-06 13:35:19,745 [ReplicationMonitor] INFO  container.ReplicationManager (ReplicationManager.java:processAll(371)) - Replication Monitor Thread took 0 milliseconds for processing 6 containers.
2021-11-06 13:35:20,094 [ForkJoinPool.commonPool-worker-1] INFO  ozoneimpl.OzoneContainer (OzoneContainer.java:stop(325)) - Attempting to stop container services.
2021-11-06 13:35:20,106 [ForkJoinPool.commonPool-worker-1] INFO  server.RaftServer (RaftServerProxy.java:lambda$close$6(391)) - 11ebe377-0aac-4b34-9775-2da14e24f47f: close
2021-11-06 13:35:20,106 [ForkJoinPool.commonPool-worker-1] INFO  server.RaftServer$Division (RaftServerImpl.java:lambda$close$4(412)) - 11ebe377-0aac-4b34-9775-2da14e24f47f@group-4C042D7A1CDE: shutdown
2021-11-06 13:35:20,106 [ForkJoinPool.commonPool-worker-1] INFO  util.JmxRegister (JmxRegister.java:unregister(73)) - Successfully un-registered JMX Bean with object name Ratis:service=RaftServer,group=group-4C042D7A1CDE,id=11ebe377-0aac-4b34-9775-2da14e24f47f
2021-11-06 13:35:20,106 [ForkJoinPool.commonPool-worker-1] INFO  impl.RoleInfo (RoleInfo.java:shutdownLeaderState(91)) - 11ebe377-0aac-4b34-9775-2da14e24f47f: shutdown 11ebe377-0aac-4b34-9775-2da14e24f47f@group-4C042D7A1CDE-LeaderStateImpl
2021-11-06 13:35:20,107 [ForkJoinPool.commonPool-worker-1] INFO  impl.PendingRequests (PendingRequests.java:sendNotLeaderResponses(282)) - 11ebe377-0aac-4b34-9775-2da14e24f47f@group-4C042D7A1CDE-PendingRequests: sendNotLeaderResponses
2021-11-06 13:35:20,107 [ForkJoinPool.commonPool-worker-1] INFO  impl.StateMachineUpdater (StateMachineUpdater.java:stopAndJoin(149)) - 11ebe377-0aac-4b34-9775-2da14e24f47f@group-4C042D7A1CDE-StateMachineUpdater: set stopIndex = 0
2021-11-06 13:35:20,107 [11ebe377-0aac-4b34-9775-2da14e24f47f@group-4C042D7A1CDE-StateMachineUpdater] INFO  ratis.ContainerStateMachine (ContainerStateMachine.java:takeSnapshot(292)) - group-4C042D7A1CDE: Taking a snapshot at:(t:1, i:0) file /home/runner/work/ozone/ozone/hadoop-ozone/integration-test/target/test-dir/MiniOzoneClusterImpl-fb4733c7-c581-4712-901b-93273344e4d4/datanode-2/data/ratis/10bd3a74-8965-40c9-a636-4c042d7a1cde/sm/snapshot.1_0
2021-11-06 13:35:20,109 [11ebe377-0aac-4b34-9775-2da14e24f47f@group-4C042D7A1CDE-StateMachineUpdater] INFO  ratis.ContainerStateMachine (ContainerStateMachine.java:takeSnapshot(303)) - group-4C042D7A1CDE: Finished taking a snapshot at:(t:1, i:0) file:/home/runner/work/ozone/ozone/hadoop-ozone/integration-test/target/test-dir/MiniOzoneClusterImpl-fb4733c7-c581-4712-901b-93273344e4d4/datanode-2/data/ratis/10bd3a74-8965-40c9-a636-4c042d7a1cde/sm/snapshot.1_0 took: 2 ms
2021-11-06 13:35:20,110 [11ebe377-0aac-4b34-9775-2da14e24f47f@group-4C042D7A1CDE-StateMachineUpdater] INFO  impl.StateMachineUpdater (StateMachineUpdater.java:takeSnapshot(281)) - 11ebe377-0aac-4b34-9775-2da14e24f47f@group-4C042D7A1CDE-StateMachineUpdater: Took a snapshot at index 0
2021-11-06 13:35:20,110 [11ebe377-0aac-4b34-9775-2da14e24f47f@group-4C042D7A1CDE-StateMachineUpdater] INFO  impl.StateMachineUpdater (StateMachineUpdater.java:lambda$new$0(89)) - 11ebe377-0aac-4b34-9775-2da14e24f47f@group-4C042D7A1CDE-StateMachineUpdater: snapshotIndex: updateIncreasingly -1 -> 0
2021-11-06 13:35:20,110 [ForkJoinPool.commonPool-worker-1] INFO  server.RaftServer$Division (ServerState.java:close(419)) - 11ebe377-0aac-4b34-9775-2da14e24f47f@group-4C042D7A1CDE: closes. applyIndex: 0
2021-11-06 13:35:20,110 [11ebe377-0aac-4b34-9775-2da14e24f47f@group-4C042D7A1CDE-SegmentedRaftLogWorker] INFO  segmented.SegmentedRaftLogWorker (SegmentedRaftLogWorker.java:run(327)) - 11ebe377-0aac-4b34-9775-2da14e24f47f@group-4C042D7A1CDE-SegmentedRaftLogWorker was interrupted, exiting. There are 0 tasks remaining in the queue.
2021-11-06 13:35:20,110 [ForkJoinPool.commonPool-worker-1] INFO  segmented.SegmentedRaftLogWorker (SegmentedRaftLogWorker.java:close(237)) - 11ebe377-0aac-4b34-9775-2da14e24f47f@group-4C042D7A1CDE-SegmentedRaftLogWorker close()
2021-11-06 13:35:20,111 [ForkJoinPool.commonPool-worker-1] INFO  server.GrpcService (GrpcService.java:closeImpl(262)) - 11ebe377-0aac-4b34-9775-2da14e24f47f: shutdown server with port 45321 now
2021-11-06 13:35:20,122 [grpc-default-executor-1] WARN  client.GrpcClientProtocolService (LogUtils.java:warn(122)) - 1-UnorderedRequestStreamObserver1: onError: org.apache.ratis.thirdparty.io.grpc.StatusRuntimeException: CANCELLED: client cancelled
2021-11-06 13:35:20,141 [ForkJoinPool.commonPool-worker-1] INFO  server.GrpcService (GrpcService.java:closeImpl(271)) - 11ebe377-0aac-4b34-9775-2da14e24f47f: shutdown server with port 45321 successfully
2021-11-06 13:35:20,143 [org.apache.ratis.util.JvmPauseMonitor$$Lambda$534/1345232419@63e8f0e4] INFO  util.JvmPauseMonitor (JvmPauseMonitor.java:run(109)) - JvmPauseMonitor-11ebe377-0aac-4b34-9775-2da14e24f47f: Stopped
2021-11-06 13:35:20,155 [ForkJoinPool.commonPool-worker-1] INFO  utils.BackgroundService (BackgroundService.java:shutdown(132)) - Shutting down service BlockDeletingService
2021-11-06 13:35:20,342 [EventQueue-StaleNodeForStaleNodeHandler] INFO  node.StaleNodeHandler (StaleNodeHandler.java:onMessage(58)) - Datanode 11ebe377-0aac-4b34-9775-2da14e24f47f{ip: 10.1.0.67, host: fv-az184-210.3ow45vhwbzuu5incsxmygykede.cx.internal.cloudapp.net, ports: [REPLICATION=42531, RATIS=45321, RATIS_ADMIN=45321, RATIS_SERVER=45321, STANDALONE=46365], networkLocation: /default-rack, certSerialId: null, persistedOpState: IN_SERVICE, persistedOpStateExpiryEpochSec: 0} moved to stale state. Finalizing its pipelines [PipelineID=10bd3a74-8965-40c9-a636-4c042d7a1cde]
2021-11-06 13:35:20,342 [EventQueue-StaleNodeForStaleNodeHandler] INFO  pipeline.PipelineManagerImpl (PipelineManagerImpl.java:closePipeline(349)) - Pipeline Pipeline[ Id: 10bd3a74-8965-40c9-a636-4c042d7a1cde, Nodes: 11ebe377-0aac-4b34-9775-2da14e24f47f{ip: 10.1.0.67, host: fv-az184-210.3ow45vhwbzuu5incsxmygykede.cx.internal.cloudapp.net, ports: [REPLICATION=42531, RATIS=45321, RATIS_ADMIN=45321, RATIS_SERVER=45321, STANDALONE=46365], networkLocation: /default-rack, certSerialId: null, persistedOpState: IN_SERVICE, persistedOpStateExpiryEpochSec: 0}, ReplicationConfig: RATIS/ONE, State:OPEN, leaderId:11ebe377-0aac-4b34-9775-2da14e24f47f, CreationTimestamp2021-11-06T13:34:24.101Z[Etc/UTC]] moved to CLOSED state
2021-11-06 13:35:20,745 [ReplicationMonitor] INFO  container.ReplicationManager (ReplicationManager.java:processAll(371)) - Replication Monitor Thread took 1 milliseconds for processing 6 containers.
2021-11-06 13:35:21,295 [ContainerReplicationThread-2] INFO  replication.DownloadAndImportReplicator (DownloadAndImportReplicator.java:replicate(107)) - Starting replication of container 5 from [11ebe377-0aac-4b34-9775-2da14e24f47f{ip: 10.1.0.67, host: fv-az184-210.3ow45vhwbzuu5incsxmygykede.cx.internal.cloudapp.net, ports: [REPLICATION=42531, RATIS=45321, RATIS_ADMIN=45321, RATIS_SERVER=45321, STANDALONE=46365], networkLocation: /default-rack, certSerialId: null, persistedOpState: IN_SERVICE, persistedOpStateExpiryEpochSec: 0}, be65edc0-d2c4-49e5-a32f-78d912f8d0e6{ip: 10.1.0.67, host: fv-az184-210.3ow45vhwbzuu5incsxmygykede.cx.internal.cloudapp.net, ports: [REPLICATION=37127, RATIS=37237, RATIS_ADMIN=37237, RATIS_SERVER=37237, STANDALONE=36417], networkLocation: /default-rack, certSerialId: null, persistedOpState: IN_SERVICE, persistedOpStateExpiryEpochSec: 0}]
2021-11-06 13:35:21,304 [grpc-default-executor-3] INFO  replication.GrpcReplicationService (GrpcReplicationService.java:download(52)) - Streaming container data (5) to other datanode
2021-11-06 13:35:21,331 [grpc-default-executor-3] INFO  replication.GrpcOutputStream (GrpcOutputStream.java:close(104)) - Sent 19443 bytes for container 5
2021-11-06 13:35:21,336 [grpc-default-executor-1] INFO  replication.GrpcReplicationClient (GrpcReplicationClient.java:onCompleted(187)) - Container 5 is downloaded to /home/runner/work/ozone/ozone/hadoop-ozone/integration-test/target/test-dir/MiniOzoneClusterImpl-fb4733c7-c581-4712-901b-93273344e4d4/datanode-4/data/replication/work/container-5.tar.gz
2021-11-06 13:35:21,337 [ContainerReplicationThread-2] INFO  replication.DownloadAndImportReplicator (DownloadAndImportReplicator.java:replicate(122)) - Container 5 is downloaded with size 19443, starting to import.
2021-11-06 13:35:21,438 [ContainerReplicationThread-2] INFO  replication.DownloadAndImportReplicator (DownloadAndImportReplicator.java:replicate(127)) - Container 5 is replicated successfully
2021-11-06 13:35:21,439 [ContainerReplicationThread-2] INFO  replication.ReplicationSupervisor (ReplicationSupervisor.java:run(169)) - Container 5 is replicated.
2021-11-06 13:35:21,634 [Mini-Cluster-Provider-Reap] INFO  ozoneimpl.OzoneContainer (OzoneContainer.java:stop(325)) - Attempting to stop container services.
2021-11-06 13:35:21,647 [Mini-Cluster-Provider-Reap] INFO  server.RaftServer (RaftServerProxy.java:lambda$close$6(391)) - 672ea6be-dedb-4741-be8d-933a2a2655df: close
2021-11-06 13:35:21,648 [Mini-Cluster-Provider-Reap] INFO  server.RaftServer$Division (RaftServerImpl.java:lambda$close$4(412)) - 672ea6be-dedb-4741-be8d-933a2a2655df@group-DA0272F4ED0F: shutdown
2021-11-06 13:35:21,648 [Mini-Cluster-Provider-Reap] INFO  util.JmxRegister (JmxRegister.java:unregister(73)) - Successfully un-registered JMX Bean with object name Ratis:service=RaftServer,group=group-DA0272F4ED0F,id=672ea6be-dedb-4741-be8d-933a2a2655df
2021-11-06 13:35:21,648 [Mini-Cluster-Provider-Reap] INFO  impl.RoleInfo (RoleInfo.java:shutdownFollowerState(108)) - 672ea6be-dedb-4741-be8d-933a2a2655df: shutdown 672ea6be-dedb-4741-be8d-933a2a2655df@group-DA0272F4ED0F-FollowerState
2021-11-06 13:35:21,648 [Mini-Cluster-Provider-Reap] INFO  impl.StateMachineUpdater (StateMachineUpdater.java:stopAndJoin(149)) - 672ea6be-dedb-4741-be8d-933a2a2655df@group-DA0272F4ED0F-StateMachineUpdater: set stopIndex = 0
2021-11-06 13:35:21,648 [672ea6be-dedb-4741-be8d-933a2a2655df@group-DA0272F4ED0F-FollowerState] INFO  impl.FollowerState (FollowerState.java:run(143)) - 672ea6be-dedb-4741-be8d-933a2a2655df@group-DA0272F4ED0F-FollowerState was interrupted: {}
java.lang.InterruptedException: sleep interrupted
	at java.lang.Thread.sleep(Native Method)
	at java.lang.Thread.sleep(Thread.java:340)
	at java.util.concurrent.TimeUnit.sleep(TimeUnit.java:386)
	at org.apache.ratis.util.TimeDuration.sleep(TimeDuration.java:324)
	at org.apache.ratis.util.TimeDuration.sleep(TimeDuration.java:309)
	at org.apache.ratis.server.impl.FollowerState.run(FollowerState.java:118)
2021-11-06 13:35:21,649 [672ea6be-dedb-4741-be8d-933a2a2655df@group-DA0272F4ED0F-StateMachineUpdater] INFO  ratis.ContainerStateMachine (ContainerStateMachine.java:takeSnapshot(292)) - group-DA0272F4ED0F: Taking a snapshot at:(t:1, i:0) file /home/runner/work/ozone/ozone/hadoop-ozone/integration-test/target/test-dir/MiniOzoneClusterImpl-fb4733c7-c581-4712-901b-93273344e4d4/datanode-5/data/ratis/8a03e0ea-781a-4ec7-b8c7-da0272f4ed0f/sm/snapshot.1_0
2021-11-06 13:35:21,650 [672ea6be-dedb-4741-be8d-933a2a2655df@group-DA0272F4ED0F-StateMachineUpdater] INFO  ratis.ContainerStateMachine (ContainerStateMachine.java:takeSnapshot(303)) - group-DA0272F4ED0F: Finished taking a snapshot at:(t:1, i:0) file:/home/runner/work/ozone/ozone/hadoop-ozone/integration-test/target/test-dir/MiniOzoneClusterImpl-fb4733c7-c581-4712-901b-93273344e4d4/datanode-5/data/ratis/8a03e0ea-781a-4ec7-b8c7-da0272f4ed0f/sm/snapshot.1_0 took: 1 ms
2021-11-06 13:35:21,650 [672ea6be-dedb-4741-be8d-933a2a2655df@group-DA0272F4ED0F-StateMachineUpdater] INFO  impl.StateMachineUpdater (StateMachineUpdater.java:takeSnapshot(281)) - 672ea6be-dedb-4741-be8d-933a2a2655df@group-DA0272F4ED0F-StateMachineUpdater: Took a snapshot at index 0
2021-11-06 13:35:21,650 [672ea6be-dedb-4741-be8d-933a2a2655df@group-DA0272F4ED0F-StateMachineUpdater] INFO  impl.StateMachineUpdater (StateMachineUpdater.java:lambda$new$0(89)) - 672ea6be-dedb-4741-be8d-933a2a2655df@group-DA0272F4ED0F-StateMachineUpdater: snapshotIndex: updateIncreasingly -1 -> 0
2021-11-06 13:35:21,651 [Mini-Cluster-Provider-Reap] INFO  server.RaftServer$Division (ServerState.java:close(419)) - 672ea6be-dedb-4741-be8d-933a2a2655df@group-DA0272F4ED0F: closes. applyIndex: 0
2021-11-06 13:35:21,653 [672ea6be-dedb-4741-be8d-933a2a2655df@group-DA0272F4ED0F-SegmentedRaftLogWorker] INFO  segmented.SegmentedRaftLogWorker (SegmentedRaftLogWorker.java:run(327)) - 672ea6be-dedb-4741-be8d-933a2a2655df@group-DA0272F4ED0F-SegmentedRaftLogWorker was interrupted, exiting. There are 0 tasks remaining in the queue.
2021-11-06 13:35:21,654 [Mini-Cluster-Provider-Reap] INFO  segmented.SegmentedRaftLogWorker (SegmentedRaftLogWorker.java:close(237)) - 672ea6be-dedb-4741-be8d-933a2a2655df@group-DA0272F4ED0F-SegmentedRaftLogWorker close()
2021-11-06 13:35:21,658 [Mini-Cluster-Provider-Reap] INFO  server.RaftServer$Division (RaftServerImpl.java:lambda$close$4(412)) - 672ea6be-dedb-4741-be8d-933a2a2655df@group-24EDA71DCCF0: shutdown
2021-11-06 13:35:21,658 [Mini-Cluster-Provider-Reap] INFO  util.JmxRegister (JmxRegister.java:unregister(73)) - Successfully un-registered JMX Bean with object name Ratis:service=RaftServer,group=group-24EDA71DCCF0,id=672ea6be-dedb-4741-be8d-933a2a2655df
2021-11-06 13:35:21,658 [Mini-Cluster-Provider-Reap] INFO  impl.RoleInfo (RoleInfo.java:shutdownLeaderState(91)) - 672ea6be-dedb-4741-be8d-933a2a2655df: shutdown 672ea6be-dedb-4741-be8d-933a2a2655df@group-24EDA71DCCF0-LeaderStateImpl
2021-11-06 13:35:21,659 [Mini-Cluster-Provider-Reap] INFO  impl.PendingRequests (PendingRequests.java:sendNotLeaderResponses(282)) - 672ea6be-dedb-4741-be8d-933a2a2655df@group-24EDA71DCCF0-PendingRequests: sendNotLeaderResponses
2021-11-06 13:35:21,659 [Mini-Cluster-Provider-Reap] INFO  impl.StateMachineUpdater (StateMachineUpdater.java:stopAndJoin(149)) - 672ea6be-dedb-4741-be8d-933a2a2655df@group-24EDA71DCCF0-StateMachineUpdater: set stopIndex = 0
2021-11-06 13:35:21,661 [672ea6be-dedb-4741-be8d-933a2a2655df@group-24EDA71DCCF0-StateMachineUpdater] INFO  ratis.ContainerStateMachine (ContainerStateMachine.java:takeSnapshot(292)) - group-24EDA71DCCF0: Taking a snapshot at:(t:1, i:0) file /home/runner/work/ozone/ozone/hadoop-ozone/integration-test/target/test-dir/MiniOzoneClusterImpl-fb4733c7-c581-4712-901b-93273344e4d4/datanode-5/data/ratis/2a59f5fe-b091-4e94-a499-24eda71dccf0/sm/snapshot.1_0
2021-11-06 13:35:21,663 [672ea6be-dedb-4741-be8d-933a2a2655df@group-24EDA71DCCF0-StateMachineUpdater] INFO  ratis.ContainerStateMachine (ContainerStateMachine.java:takeSnapshot(303)) - group-24EDA71DCCF0: Finished taking a snapshot at:(t:1, i:0) file:/home/runner/work/ozone/ozone/hadoop-ozone/integration-test/target/test-dir/MiniOzoneClusterImpl-fb4733c7-c581-4712-901b-93273344e4d4/datanode-5/data/ratis/2a59f5fe-b091-4e94-a499-24eda71dccf0/sm/snapshot.1_0 took: 2 ms
2021-11-06 13:35:21,663 [672ea6be-dedb-4741-be8d-933a2a2655df@group-24EDA71DCCF0-StateMachineUpdater] INFO  impl.StateMachineUpdater (StateMachineUpdater.java:takeSnapshot(281)) - 672ea6be-dedb-4741-be8d-933a2a2655df@group-24EDA71DCCF0-StateMachineUpdater: Took a snapshot at index 0
2021-11-06 13:35:21,663 [672ea6be-dedb-4741-be8d-933a2a2655df@group-24EDA71DCCF0-StateMachineUpdater] INFO  impl.StateMachineUpdater (StateMachineUpdater.java:lambda$new$0(89)) - 672ea6be-dedb-4741-be8d-933a2a2655df@group-24EDA71DCCF0-StateMachineUpdater: snapshotIndex: updateIncreasingly -1 -> 0
2021-11-06 13:35:21,663 [Mini-Cluster-Provider-Reap] INFO  server.RaftServer$Division (ServerState.java:close(419)) - 672ea6be-dedb-4741-be8d-933a2a2655df@group-24EDA71DCCF0: closes. applyIndex: 0
2021-11-06 13:35:21,664 [672ea6be-dedb-4741-be8d-933a2a2655df@group-24EDA71DCCF0-SegmentedRaftLogWorker] INFO  segmented.SegmentedRaftLogWorker (SegmentedRaftLogWorker.java:run(327)) - 672ea6be-dedb-4741-be8d-933a2a2655df@group-24EDA71DCCF0-SegmentedRaftLogWorker was interrupted, exiting. There are 0 tasks remaining in the queue.
2021-11-06 13:35:21,664 [Mini-Cluster-Provider-Reap] INFO  segmented.SegmentedRaftLogWorker (SegmentedRaftLogWorker.java:close(237)) - 672ea6be-dedb-4741-be8d-933a2a2655df@group-24EDA71DCCF0-SegmentedRaftLogWorker close()
2021-11-06 13:35:21,678 [Mini-Cluster-Provider-Reap] INFO  server.GrpcService (GrpcService.java:closeImpl(262)) - 672ea6be-dedb-4741-be8d-933a2a2655df: shutdown server with port 45857 now
2021-11-06 13:35:21,683 [grpc-default-executor-1] WARN  client.GrpcClientProtocolService (LogUtils.java:warn(122)) - 1-UnorderedRequestStreamObserver1: onError: org.apache.ratis.thirdparty.io.grpc.StatusRuntimeException: CANCELLED: client cancelled
2021-11-06 13:35:21,703 [Mini-Cluster-Provider-Reap] INFO  server.GrpcService (GrpcService.java:closeImpl(271)) - 672ea6be-dedb-4741-be8d-933a2a2655df: shutdown server with port 45857 successfully
2021-11-06 13:35:21,704 [org.apache.ratis.util.JvmPauseMonitor$$Lambda$534/1345232419@13559c9b] INFO  util.JvmPauseMonitor (JvmPauseMonitor.java:run(109)) - JvmPauseMonitor-672ea6be-dedb-4741-be8d-933a2a2655df: Stopped
2021-11-06 13:35:21,705 [Mini-Cluster-Provider-Reap] INFO  utils.BackgroundService (BackgroundService.java:shutdown(132)) - Shutting down service BlockDeletingService
2021-11-06 13:35:21,746 [ReplicationMonitor] INFO  container.ReplicationManager (ReplicationManager.java:processAll(371)) - Replication Monitor Thread took 0 milliseconds for processing 6 containers.
2021-11-06 13:35:22,747 [ReplicationMonitor] INFO  container.ReplicationManager (ReplicationManager.java:processAll(371)) - Replication Monitor Thread took 0 milliseconds for processing 6 containers.
2021-11-06 13:35:22,757 [EventQueue-DeadNodeForDeadNodeHandler] INFO  node.DeadNodeHandler (DeadNodeHandler.java:onMessage(80)) - A dead datanode is detected. 672ea6be-dedb-4741-be8d-933a2a2655df{ip: 10.1.0.67, host: fv-az184-210.3ow45vhwbzuu5incsxmygykede.cx.internal.cloudapp.net, ports: [REPLICATION=45895, RATIS=45857, RATIS_ADMIN=45857, RATIS_SERVER=45857, STANDALONE=40855], networkLocation: /default-rack, certSerialId: null, persistedOpState: IN_SERVICE, persistedOpStateExpiryEpochSec: 0}
2021-11-06 13:35:22,758 [EventQueue-DeadNodeForDeadNodeHandler] INFO  pipeline.RatisPipelineProvider (RatisPipelineProvider.java:lambda$close$1(222)) - Send pipeline:PipelineID=2a59f5fe-b091-4e94-a499-24eda71dccf0 close command to datanode 672ea6be-dedb-4741-be8d-933a2a2655df
2021-11-06 13:35:22,758 [EventQueue-DeadNodeForDeadNodeHandler] INFO  pipeline.PipelineStateManagerImpl (PipelineStateManagerImpl.java:removePipeline(223)) - Pipeline Pipeline[ Id: 2a59f5fe-b091-4e94-a499-24eda71dccf0, Nodes: 672ea6be-dedb-4741-be8d-933a2a2655df{ip: 10.1.0.67, host: fv-az184-210.3ow45vhwbzuu5incsxmygykede.cx.internal.cloudapp.net, ports: [REPLICATION=45895, RATIS=45857, RATIS_ADMIN=45857, RATIS_SERVER=45857, STANDALONE=40855], networkLocation: /default-rack, certSerialId: null, persistedOpState: IN_MAINTENANCE, persistedOpStateExpiryEpochSec: 0}, ReplicationConfig: RATIS/ONE, State:CLOSED, leaderId:672ea6be-dedb-4741-be8d-933a2a2655df, CreationTimestamp2021-11-06T13:35:00.554Z[Etc/UTC]] removed.
2021-11-06 13:35:22,758 [EventQueue-DeadNodeForDeadNodeHandler] INFO  net.NetworkTopologyImpl (NetworkTopologyImpl.java:remove(137)) - Removed a node: /default-rack/672ea6be-dedb-4741-be8d-933a2a2655df
2021-11-06 13:35:23,166 [ForkJoinPool.commonPool-worker-1] INFO  statemachine.DatanodeStateMachine (DatanodeStateMachine.java:stopDaemon(526)) - Ozone container server stopped.
2021-11-06 13:35:23,169 [ForkJoinPool.commonPool-worker-1] INFO  handler.ContextHandler (ContextHandler.java:doStop(1153)) - Stopped o.e.j.w.WebAppContext@6b031f43{hddsDatanode,/,null,STOPPED}{jar:file:/home/runner/.m2/repository/org/apache/ozone/hdds-container-service/1.2.0-SNAPSHOT/hdds-container-service-1.2.0-SNAPSHOT.jar!/webapps/hddsDatanode}
2021-11-06 13:35:23,178 [ForkJoinPool.commonPool-worker-1] INFO  server.AbstractConnector (AbstractConnector.java:doStop(381)) - Stopped ServerConnector@311c12bb{HTTP/1.1, (http/1.1)}{0.0.0.0:0}
2021-11-06 13:35:23,178 [ForkJoinPool.commonPool-worker-1] INFO  server.session (HouseKeeper.java:stopScavenging(149)) - node0 Stopped scavenging
2021-11-06 13:35:23,178 [ForkJoinPool.commonPool-worker-1] INFO  handler.ContextHandler (ContextHandler.java:doStop(1153)) - Stopped o.e.j.s.ServletContextHandler@9648af8{static,/static,jar:file:/home/runner/.m2/repository/org/apache/ozone/hdds-container-service/1.2.0-SNAPSHOT/hdds-container-service-1.2.0-SNAPSHOT.jar!/webapps/static,STOPPED}
2021-11-06 13:35:23,178 [ForkJoinPool.commonPool-worker-1] INFO  handler.ContextHandler (ContextHandler.java:doStop(1153)) - Stopped o.e.j.s.ServletContextHandler@6821b3a9{logs,/logs,file:///home/runner/work/ozone/ozone/hadoop-ozone/integration-test/target/log,STOPPED}
2021-11-06 13:35:23,360 [EventQueue-DeadNodeForDeadNodeHandler] INFO  node.DeadNodeHandler (DeadNodeHandler.java:onMessage(80)) - A dead datanode is detected. 11ebe377-0aac-4b34-9775-2da14e24f47f{ip: 10.1.0.67, host: fv-az184-210.3ow45vhwbzuu5incsxmygykede.cx.internal.cloudapp.net, ports: [REPLICATION=42531, RATIS=45321, RATIS_ADMIN=45321, RATIS_SERVER=45321, STANDALONE=46365], networkLocation: /default-rack, certSerialId: null, persistedOpState: IN_SERVICE, persistedOpStateExpiryEpochSec: 0}
2021-11-06 13:35:23,360 [EventQueue-DeadNodeForDeadNodeHandler] INFO  pipeline.RatisPipelineProvider (RatisPipelineProvider.java:lambda$close$1(222)) - Send pipeline:PipelineID=10bd3a74-8965-40c9-a636-4c042d7a1cde close command to datanode 11ebe377-0aac-4b34-9775-2da14e24f47f
2021-11-06 13:35:23,361 [EventQueue-DeadNodeForDeadNodeHandler] INFO  pipeline.PipelineStateManagerImpl (PipelineStateManagerImpl.java:removePipeline(223)) - Pipeline Pipeline[ Id: 10bd3a74-8965-40c9-a636-4c042d7a1cde, Nodes: 11ebe377-0aac-4b34-9775-2da14e24f47f{ip: 10.1.0.67, host: fv-az184-210.3ow45vhwbzuu5incsxmygykede.cx.internal.cloudapp.net, ports: [REPLICATION=42531, RATIS=45321, RATIS_ADMIN=45321, RATIS_SERVER=45321, STANDALONE=46365], networkLocation: /default-rack, certSerialId: null, persistedOpState: IN_SERVICE, persistedOpStateExpiryEpochSec: 0}, ReplicationConfig: RATIS/ONE, State:CLOSED, leaderId:11ebe377-0aac-4b34-9775-2da14e24f47f, CreationTimestamp2021-11-06T13:34:24.101Z[Etc/UTC]] removed.
2021-11-06 13:35:23,361 [EventQueue-DeadNodeForDeadNodeHandler] INFO  net.NetworkTopologyImpl (NetworkTopologyImpl.java:remove(137)) - Removed a node: /default-rack/11ebe377-0aac-4b34-9775-2da14e24f47f
2021-11-06 13:35:23,748 [ReplicationMonitor] ERROR scm.SCMCommonPlacementPolicy (SCMCommonPlacementPolicy.java:chooseDatanodes(149)) - Not enough healthy nodes to allocate container. 2  datanodes required. Found 1
2021-11-06 13:35:23,748 [ReplicationMonitor] WARN  container.ReplicationManager (ReplicationManager.java:handleUnderReplicatedContainer(1199)) - Exception while replicating container 1.
org.apache.hadoop.hdds.scm.exceptions.SCMException: Not enough healthy nodes to allocate container. 2  datanodes required. Found 1
	at org.apache.hadoop.hdds.scm.SCMCommonPlacementPolicy.chooseDatanodes(SCMCommonPlacementPolicy.java:150)
	at org.apache.hadoop.hdds.scm.container.placement.algorithms.SCMContainerPlacementRandom.chooseDatanodes(SCMContainerPlacementRandom.java:78)
	at org.apache.hadoop.hdds.scm.container.ReplicationManager.handleUnderReplicatedContainer(ReplicationManager.java:1163)
	at org.apache.hadoop.hdds.scm.container.ReplicationManager.processContainer(ReplicationManager.java:519)
	at java.util.ArrayList.forEach(ArrayList.java:1259)
	at org.apache.hadoop.hdds.scm.container.ReplicationManager.processAll(ReplicationManager.java:369)
	at org.apache.hadoop.hdds.scm.container.ReplicationManager.run(ReplicationManager.java:383)
	at java.lang.Thread.run(Thread.java:748)
2021-11-06 13:35:23,748 [ReplicationMonitor] ERROR scm.SCMCommonPlacementPolicy (SCMCommonPlacementPolicy.java:chooseDatanodes(140)) - No healthy node found to allocate container.
2021-11-06 13:35:23,748 [ReplicationMonitor] WARN  container.ReplicationManager (ReplicationManager.java:handleUnderReplicatedContainer(1199)) - Exception while replicating container 2.
org.apache.hadoop.hdds.scm.exceptions.SCMException: No healthy node found to allocate container.
	at org.apache.hadoop.hdds.scm.SCMCommonPlacementPolicy.chooseDatanodes(SCMCommonPlacementPolicy.java:141)
	at org.apache.hadoop.hdds.scm.container.placement.algorithms.SCMContainerPlacementRandom.chooseDatanodes(SCMContainerPlacementRandom.java:78)
	at org.apache.hadoop.hdds.scm.container.ReplicationManager.handleUnderReplicatedContainer(ReplicationManager.java:1163)
	at org.apache.hadoop.hdds.scm.container.ReplicationManager.processContainer(ReplicationManager.java:519)
	at java.util.ArrayList.forEach(ArrayList.java:1259)
	at org.apache.hadoop.hdds.scm.container.ReplicationManager.processAll(ReplicationManager.java:369)
	at org.apache.hadoop.hdds.scm.container.ReplicationManager.run(ReplicationManager.java:383)
	at java.lang.Thread.run(Thread.java:748)
2021-11-06 13:35:23,749 [ReplicationMonitor] ERROR scm.SCMCommonPlacementPolicy (SCMCommonPlacementPolicy.java:chooseDatanodes(140)) - No healthy node found to allocate container.
2021-11-06 13:35:23,749 [ReplicationMonitor] WARN  container.ReplicationManager (ReplicationManager.java:handleUnderReplicatedContainer(1199)) - Exception while replicating container 3.
org.apache.hadoop.hdds.scm.exceptions.SCMException: No healthy node found to allocate container.
	at org.apache.hadoop.hdds.scm.SCMCommonPlacementPolicy.chooseDatanodes(SCMCommonPlacementPolicy.java:141)
	at org.apache.hadoop.hdds.scm.container.placement.algorithms.SCMContainerPlacementRandom.chooseDatanodes(SCMContainerPlacementRandom.java:78)
	at org.apache.hadoop.hdds.scm.container.ReplicationManager.handleUnderReplicatedContainer(ReplicationManager.java:1163)
	at org.apache.hadoop.hdds.scm.container.ReplicationManager.processContainer(ReplicationManager.java:519)
	at java.util.ArrayList.forEach(ArrayList.java:1259)
	at org.apache.hadoop.hdds.scm.container.ReplicationManager.processAll(ReplicationManager.java:369)
	at org.apache.hadoop.hdds.scm.container.ReplicationManager.run(ReplicationManager.java:383)
	at java.lang.Thread.run(Thread.java:748)
2021-11-06 13:35:23,749 [ReplicationMonitor] ERROR scm.SCMCommonPlacementPolicy (SCMCommonPlacementPolicy.java:chooseDatanodes(140)) - No healthy node found to allocate container.
2021-11-06 13:35:23,749 [ReplicationMonitor] WARN  container.ReplicationManager (ReplicationManager.java:handleUnderReplicatedContainer(1199)) - Exception while replicating container 4.
org.apache.hadoop.hdds.scm.exceptions.SCMException: No healthy node found to allocate container.
	at org.apache.hadoop.hdds.scm.SCMCommonPlacementPolicy.chooseDatanodes(SCMCommonPlacementPolicy.java:141)
	at org.apache.hadoop.hdds.scm.container.placement.algorithms.SCMContainerPlacementRandom.chooseDatanodes(SCMContainerPlacementRandom.java:78)
	at org.apache.hadoop.hdds.scm.container.ReplicationManager.handleUnderReplicatedContainer(ReplicationManager.java:1163)
	at org.apache.hadoop.hdds.scm.container.ReplicationManager.processContainer(ReplicationManager.java:519)
	at java.util.ArrayList.forEach(ArrayList.java:1259)
	at org.apache.hadoop.hdds.scm.container.ReplicationManager.processAll(ReplicationManager.java:369)
	at org.apache.hadoop.hdds.scm.container.ReplicationManager.run(ReplicationManager.java:383)
	at java.lang.Thread.run(Thread.java:748)
2021-11-06 13:35:23,749 [ReplicationMonitor] ERROR scm.SCMCommonPlacementPolicy (SCMCommonPlacementPolicy.java:chooseDatanodes(140)) - No healthy node found to allocate container.
2021-11-06 13:35:23,749 [ReplicationMonitor] WARN  container.ReplicationManager (ReplicationManager.java:handleUnderReplicatedContainer(1199)) - Exception while replicating container 5.
org.apache.hadoop.hdds.scm.exceptions.SCMException: No healthy node found to allocate container.
	at org.apache.hadoop.hdds.scm.SCMCommonPlacementPolicy.chooseDatanodes(SCMCommonPlacementPolicy.java:141)
	at org.apache.hadoop.hdds.scm.container.placement.algorithms.SCMContainerPlacementRandom.chooseDatanodes(SCMContainerPlacementRandom.java:78)
	at org.apache.hadoop.hdds.scm.container.ReplicationManager.handleUnderReplicatedContainer(ReplicationManager.java:1163)
	at org.apache.hadoop.hdds.scm.container.ReplicationManager.processContainer(ReplicationManager.java:519)
	at java.util.ArrayList.forEach(ArrayList.java:1259)
	at org.apache.hadoop.hdds.scm.container.ReplicationManager.processAll(ReplicationManager.java:369)
	at org.apache.hadoop.hdds.scm.container.ReplicationManager.run(ReplicationManager.java:383)
	at java.lang.Thread.run(Thread.java:748)
2021-11-06 13:35:23,749 [ReplicationMonitor] ERROR scm.SCMCommonPlacementPolicy (SCMCommonPlacementPolicy.java:chooseDatanodes(140)) - No healthy node found to allocate container.
2021-11-06 13:35:23,749 [ReplicationMonitor] WARN  container.ReplicationManager (ReplicationManager.java:handleUnderReplicatedContainer(1199)) - Exception while replicating container 6.
org.apache.hadoop.hdds.scm.exceptions.SCMException: No healthy node found to allocate container.
	at org.apache.hadoop.hdds.scm.SCMCommonPlacementPolicy.chooseDatanodes(SCMCommonPlacementPolicy.java:141)
	at org.apache.hadoop.hdds.scm.container.placement.algorithms.SCMContainerPlacementRandom.chooseDatanodes(SCMContainerPlacementRandom.java:78)
	at org.apache.hadoop.hdds.scm.container.ReplicationManager.handleUnderReplicatedContainer(ReplicationManager.java:1163)
	at org.apache.hadoop.hdds.scm.container.ReplicationManager.processContainer(ReplicationManager.java:519)
	at java.util.ArrayList.forEach(ArrayList.java:1259)
	at org.apache.hadoop.hdds.scm.container.ReplicationManager.processAll(ReplicationManager.java:369)
	at org.apache.hadoop.hdds.scm.container.ReplicationManager.run(ReplicationManager.java:383)
	at java.lang.Thread.run(Thread.java:748)
2021-11-06 13:35:23,749 [ReplicationMonitor] INFO  container.ReplicationManager (ReplicationManager.java:processAll(371)) - Replication Monitor Thread took 2 milliseconds for processing 6 containers.
2021-11-06 13:35:24,709 [Mini-Cluster-Provider-Reap] INFO  statemachine.DatanodeStateMachine (DatanodeStateMachine.java:stopDaemon(526)) - Ozone container server stopped.
2021-11-06 13:35:24,719 [Mini-Cluster-Provider-Reap] INFO  handler.ContextHandler (ContextHandler.java:doStop(1153)) - Stopped o.e.j.w.WebAppContext@9d5ea2a{hddsDatanode,/,null,STOPPED}{jar:file:/home/runner/.m2/repository/org/apache/ozone/hdds-container-service/1.2.0-SNAPSHOT/hdds-container-service-1.2.0-SNAPSHOT.jar!/webapps/hddsDatanode}
2021-11-06 13:35:24,720 [Mini-Cluster-Provider-Reap] INFO  server.AbstractConnector (AbstractConnector.java:doStop(381)) - Stopped ServerConnector@311ec2b2{HTTP/1.1, (http/1.1)}{0.0.0.0:0}
2021-11-06 13:35:24,720 [Mini-Cluster-Provider-Reap] INFO  server.session (HouseKeeper.java:stopScavenging(149)) - node0 Stopped scavenging
2021-11-06 13:35:24,720 [Mini-Cluster-Provider-Reap] INFO  handler.ContextHandler (ContextHandler.java:doStop(1153)) - Stopped o.e.j.s.ServletContextHandler@6d7837b{static,/static,jar:file:/home/runner/.m2/repository/org/apache/ozone/hdds-container-service/1.2.0-SNAPSHOT/hdds-container-service-1.2.0-SNAPSHOT.jar!/webapps/static,STOPPED}
2021-11-06 13:35:24,720 [Mini-Cluster-Provider-Reap] INFO  handler.ContextHandler (ContextHandler.java:doStop(1153)) - Stopped o.e.j.s.ServletContextHandler@581df99f{logs,/logs,file:///home/runner/work/ozone/ozone/hadoop-ozone/integration-test/target/log,STOPPED}
2021-11-06 13:35:24,750 [ReplicationMonitor] ERROR scm.SCMCommonPlacementPolicy (SCMCommonPlacementPolicy.java:chooseDatanodes(149)) - Not enough healthy nodes to allocate container. 2  datanodes required. Found 1
2021-11-06 13:35:24,750 [ReplicationMonitor] WARN  container.ReplicationManager (ReplicationManager.java:handleUnderReplicatedContainer(1199)) - Exception while replicating container 1.
org.apache.hadoop.hdds.scm.exceptions.SCMException: Not enough healthy nodes to allocate container. 2  datanodes required. Found 1
	at org.apache.hadoop.hdds.scm.SCMCommonPlacementPolicy.chooseDatanodes(SCMCommonPlacementPolicy.java:150)
	at org.apache.hadoop.hdds.scm.container.placement.algorithms.SCMContainerPlacementRandom.chooseDatanodes(SCMContainerPlacementRandom.java:78)
	at org.apache.hadoop.hdds.scm.container.ReplicationManager.handleUnderReplicatedContainer(ReplicationManager.java:1163)
	at org.apache.hadoop.hdds.scm.container.ReplicationManager.processContainer(ReplicationManager.java:519)
	at java.util.ArrayList.forEach(ArrayList.java:1259)
	at org.apache.hadoop.hdds.scm.container.ReplicationManager.processAll(ReplicationManager.java:369)
	at org.apache.hadoop.hdds.scm.container.ReplicationManager.run(ReplicationManager.java:383)
	at java.lang.Thread.run(Thread.java:748)
2021-11-06 13:35:24,750 [ReplicationMonitor] ERROR scm.SCMCommonPlacementPolicy (SCMCommonPlacementPolicy.java:chooseDatanodes(140)) - No healthy node found to allocate container.
2021-11-06 13:35:24,750 [ReplicationMonitor] WARN  container.ReplicationManager (ReplicationManager.java:handleUnderReplicatedContainer(1199)) - Exception while replicating container 2.
org.apache.hadoop.hdds.scm.exceptions.SCMException: No healthy node found to allocate container.
	at org.apache.hadoop.hdds.scm.SCMCommonPlacementPolicy.chooseDatanodes(SCMCommonPlacementPolicy.java:141)
	at org.apache.hadoop.hdds.scm.container.placement.algorithms.SCMContainerPlacementRandom.chooseDatanodes(SCMContainerPlacementRandom.java:78)
	at org.apache.hadoop.hdds.scm.container.ReplicationManager.handleUnderReplicatedContainer(ReplicationManager.java:1163)
	at org.apache.hadoop.hdds.scm.container.ReplicationManager.processContainer(ReplicationManager.java:519)
	at java.util.ArrayList.forEach(ArrayList.java:1259)
	at org.apache.hadoop.hdds.scm.container.ReplicationManager.processAll(ReplicationManager.java:369)
	at org.apache.hadoop.hdds.scm.container.ReplicationManager.run(ReplicationManager.java:383)
	at java.lang.Thread.run(Thread.java:748)
2021-11-06 13:35:24,750 [ReplicationMonitor] ERROR scm.SCMCommonPlacementPolicy (SCMCommonPlacementPolicy.java:chooseDatanodes(140)) - No healthy node found to allocate container.
2021-11-06 13:35:24,750 [ReplicationMonitor] WARN  container.ReplicationManager (ReplicationManager.java:handleUnderReplicatedContainer(1199)) - Exception while replicating container 3.
org.apache.hadoop.hdds.scm.exceptions.SCMException: No healthy node found to allocate container.
	at org.apache.hadoop.hdds.scm.SCMCommonPlacementPolicy.chooseDatanodes(SCMCommonPlacementPolicy.java:141)
	at org.apache.hadoop.hdds.scm.container.placement.algorithms.SCMContainerPlacementRandom.chooseDatanodes(SCMContainerPlacementRandom.java:78)
	at org.apache.hadoop.hdds.scm.container.ReplicationManager.handleUnderReplicatedContainer(ReplicationManager.java:1163)
	at org.apache.hadoop.hdds.scm.container.ReplicationManager.processContainer(ReplicationManager.java:519)
	at java.util.ArrayList.forEach(ArrayList.java:1259)
	at org.apache.hadoop.hdds.scm.container.ReplicationManager.processAll(ReplicationManager.java:369)
	at org.apache.hadoop.hdds.scm.container.ReplicationManager.run(ReplicationManager.java:383)
	at java.lang.Thread.run(Thread.java:748)
2021-11-06 13:35:24,752 [ReplicationMonitor] ERROR scm.SCMCommonPlacementPolicy (SCMCommonPlacementPolicy.java:chooseDatanodes(140)) - No healthy node found to allocate container.
2021-11-06 13:35:24,753 [ReplicationMonitor] WARN  container.ReplicationManager (ReplicationManager.java:handleUnderReplicatedContainer(1199)) - Exception while replicating container 4.
org.apache.hadoop.hdds.scm.exceptions.SCMException: No healthy node found to allocate container.
	at org.apache.hadoop.hdds.scm.SCMCommonPlacementPolicy.chooseDatanodes(SCMCommonPlacementPolicy.java:141)
	at org.apache.hadoop.hdds.scm.container.placement.algorithms.SCMContainerPlacementRandom.chooseDatanodes(SCMContainerPlacementRandom.java:78)
	at org.apache.hadoop.hdds.scm.container.ReplicationManager.handleUnderReplicatedContainer(ReplicationManager.java:1163)
	at org.apache.hadoop.hdds.scm.container.ReplicationManager.processContainer(ReplicationManager.java:519)
	at java.util.ArrayList.forEach(ArrayList.java:1259)
	at org.apache.hadoop.hdds.scm.container.ReplicationManager.processAll(ReplicationManager.java:369)
	at org.apache.hadoop.hdds.scm.container.ReplicationManager.run(ReplicationManager.java:383)
	at java.lang.Thread.run(Thread.java:748)
2021-11-06 13:35:24,753 [ReplicationMonitor] ERROR scm.SCMCommonPlacementPolicy (SCMCommonPlacementPolicy.java:chooseDatanodes(140)) - No healthy node found to allocate container.
2021-11-06 13:35:24,753 [ReplicationMonitor] WARN  container.ReplicationManager (ReplicationManager.java:handleUnderReplicatedContainer(1199)) - Exception while replicating container 5.
org.apache.hadoop.hdds.scm.exceptions.SCMException: No healthy node found to allocate container.
	at org.apache.hadoop.hdds.scm.SCMCommonPlacementPolicy.chooseDatanodes(SCMCommonPlacementPolicy.java:141)
	at org.apache.hadoop.hdds.scm.container.placement.algorithms.SCMContainerPlacementRandom.chooseDatanodes(SCMContainerPlacementRandom.java:78)
	at org.apache.hadoop.hdds.scm.container.ReplicationManager.handleUnderReplicatedContainer(ReplicationManager.java:1163)
	at org.apache.hadoop.hdds.scm.container.ReplicationManager.processContainer(ReplicationManager.java:519)
	at java.util.ArrayList.forEach(ArrayList.java:1259)
	at org.apache.hadoop.hdds.scm.container.ReplicationManager.processAll(ReplicationManager.java:369)
	at org.apache.hadoop.hdds.scm.container.ReplicationManager.run(ReplicationManager.java:383)
	at java.lang.Thread.run(Thread.java:748)
2021-11-06 13:35:24,753 [ReplicationMonitor] ERROR scm.SCMCommonPlacementPolicy (SCMCommonPlacementPolicy.java:chooseDatanodes(140)) - No healthy node found to allocate container.
2021-11-06 13:35:24,753 [ReplicationMonitor] WARN  container.ReplicationManager (ReplicationManager.java:handleUnderReplicatedContainer(1199)) - Exception while replicating container 6.
org.apache.hadoop.hdds.scm.exceptions.SCMException: No healthy node found to allocate container.
	at org.apache.hadoop.hdds.scm.SCMCommonPlacementPolicy.chooseDatanodes(SCMCommonPlacementPolicy.java:141)
	at org.apache.hadoop.hdds.scm.container.placement.algorithms.SCMContainerPlacementRandom.chooseDatanodes(SCMContainerPlacementRandom.java:78)
	at org.apache.hadoop.hdds.scm.container.ReplicationManager.handleUnderReplicatedContainer(ReplicationManager.java:1163)
	at org.apache.hadoop.hdds.scm.container.ReplicationManager.processContainer(ReplicationManager.java:519)
	at java.util.ArrayList.forEach(ArrayList.java:1259)
	at org.apache.hadoop.hdds.scm.container.ReplicationManager.processAll(ReplicationManager.java:369)
	at org.apache.hadoop.hdds.scm.container.ReplicationManager.run(ReplicationManager.java:383)
	at java.lang.Thread.run(Thread.java:748)
2021-11-06 13:35:24,753 [ReplicationMonitor] INFO  container.ReplicationManager (ReplicationManager.java:processAll(371)) - Replication Monitor Thread took 3 milliseconds for processing 6 containers.
2021-11-06 13:35:25,754 [ReplicationMonitor] ERROR scm.SCMCommonPlacementPolicy (SCMCommonPlacementPolicy.java:chooseDatanodes(149)) - Not enough healthy nodes to allocate container. 2  datanodes required. Found 1
2021-11-06 13:35:25,754 [ReplicationMonitor] WARN  container.ReplicationManager (ReplicationManager.java:handleUnderReplicatedContainer(1199)) - Exception while replicating container 1.
org.apache.hadoop.hdds.scm.exceptions.SCMException: Not enough healthy nodes to allocate container. 2  datanodes required. Found 1
	at org.apache.hadoop.hdds.scm.SCMCommonPlacementPolicy.chooseDatanodes(SCMCommonPlacementPolicy.java:150)
	at org.apache.hadoop.hdds.scm.container.placement.algorithms.SCMContainerPlacementRandom.chooseDatanodes(SCMContainerPlacementRandom.java:78)
	at org.apache.hadoop.hdds.scm.container.ReplicationManager.handleUnderReplicatedContainer(ReplicationManager.java:1163)
	at org.apache.hadoop.hdds.scm.container.ReplicationManager.processContainer(ReplicationManager.java:519)
	at java.util.ArrayList.forEach(ArrayList.java:1259)
	at org.apache.hadoop.hdds.scm.container.ReplicationManager.processAll(ReplicationManager.java:369)
	at org.apache.hadoop.hdds.scm.container.ReplicationManager.run(ReplicationManager.java:383)
	at java.lang.Thread.run(Thread.java:748)
2021-11-06 13:35:25,754 [ReplicationMonitor] ERROR scm.SCMCommonPlacementPolicy (SCMCommonPlacementPolicy.java:chooseDatanodes(140)) - No healthy node found to allocate container.
2021-11-06 13:35:25,754 [ReplicationMonitor] WARN  container.ReplicationManager (ReplicationManager.java:handleUnderReplicatedContainer(1199)) - Exception while replicating container 2.
org.apache.hadoop.hdds.scm.exceptions.SCMException: No healthy node found to allocate container.
	at org.apache.hadoop.hdds.scm.SCMCommonPlacementPolicy.chooseDatanodes(SCMCommonPlacementPolicy.java:141)
	at org.apache.hadoop.hdds.scm.container.placement.algorithms.SCMContainerPlacementRandom.chooseDatanodes(SCMContainerPlacementRandom.java:78)
	at org.apache.hadoop.hdds.scm.container.ReplicationManager.handleUnderReplicatedContainer(ReplicationManager.java:1163)
	at org.apache.hadoop.hdds.scm.container.ReplicationManager.processContainer(ReplicationManager.java:519)
	at java.util.ArrayList.forEach(ArrayList.java:1259)
	at org.apache.hadoop.hdds.scm.container.ReplicationManager.processAll(ReplicationManager.java:369)
	at org.apache.hadoop.hdds.scm.container.ReplicationManager.run(ReplicationManager.java:383)
	at java.lang.Thread.run(Thread.java:748)
2021-11-06 13:35:25,754 [ReplicationMonitor] ERROR scm.SCMCommonPlacementPolicy (SCMCommonPlacementPolicy.java:chooseDatanodes(140)) - No healthy node found to allocate container.
2021-11-06 13:35:25,754 [ReplicationMonitor] WARN  container.ReplicationManager (ReplicationManager.java:handleUnderReplicatedContainer(1199)) - Exception while replicating container 3.
org.apache.hadoop.hdds.scm.exceptions.SCMException: No healthy node found to allocate container.
	at org.apache.hadoop.hdds.scm.SCMCommonPlacementPolicy.chooseDatanodes(SCMCommonPlacementPolicy.java:141)
	at org.apache.hadoop.hdds.scm.container.placement.algorithms.SCMContainerPlacementRandom.chooseDatanodes(SCMContainerPlacementRandom.java:78)
	at org.apache.hadoop.hdds.scm.container.ReplicationManager.handleUnderReplicatedContainer(ReplicationManager.java:1163)
	at org.apache.hadoop.hdds.scm.container.ReplicationManager.processContainer(ReplicationManager.java:519)
	at java.util.ArrayList.forEach(ArrayList.java:1259)
	at org.apache.hadoop.hdds.scm.container.ReplicationManager.processAll(ReplicationManager.java:369)
	at org.apache.hadoop.hdds.scm.container.ReplicationManager.run(ReplicationManager.java:383)
	at java.lang.Thread.run(Thread.java:748)
2021-11-06 13:35:25,754 [ReplicationMonitor] ERROR scm.SCMCommonPlacementPolicy (SCMCommonPlacementPolicy.java:chooseDatanodes(140)) - No healthy node found to allocate container.
2021-11-06 13:35:25,755 [ReplicationMonitor] WARN  container.ReplicationManager (ReplicationManager.java:handleUnderReplicatedContainer(1199)) - Exception while replicating container 4.
org.apache.hadoop.hdds.scm.exceptions.SCMException: No healthy node found to allocate container.
	at org.apache.hadoop.hdds.scm.SCMCommonPlacementPolicy.chooseDatanodes(SCMCommonPlacementPolicy.java:141)
	at org.apache.hadoop.hdds.scm.container.placement.algorithms.SCMContainerPlacementRandom.chooseDatanodes(SCMContainerPlacementRandom.java:78)
	at org.apache.hadoop.hdds.scm.container.ReplicationManager.handleUnderReplicatedContainer(ReplicationManager.java:1163)
	at org.apache.hadoop.hdds.scm.container.ReplicationManager.processContainer(ReplicationManager.java:519)
	at java.util.ArrayList.forEach(ArrayList.java:1259)
	at org.apache.hadoop.hdds.scm.container.ReplicationManager.processAll(ReplicationManager.java:369)
	at org.apache.hadoop.hdds.scm.container.ReplicationManager.run(ReplicationManager.java:383)
	at java.lang.Thread.run(Thread.java:748)
2021-11-06 13:35:25,755 [ReplicationMonitor] ERROR scm.SCMCommonPlacementPolicy (SCMCommonPlacementPolicy.java:chooseDatanodes(140)) - No healthy node found to allocate container.
2021-11-06 13:35:25,755 [ReplicationMonitor] WARN  container.ReplicationManager (ReplicationManager.java:handleUnderReplicatedContainer(1199)) - Exception while replicating container 5.
org.apache.hadoop.hdds.scm.exceptions.SCMException: No healthy node found to allocate container.
	at org.apache.hadoop.hdds.scm.SCMCommonPlacementPolicy.chooseDatanodes(SCMCommonPlacementPolicy.java:141)
	at org.apache.hadoop.hdds.scm.container.placement.algorithms.SCMContainerPlacementRandom.chooseDatanodes(SCMContainerPlacementRandom.java:78)
	at org.apache.hadoop.hdds.scm.container.ReplicationManager.handleUnderReplicatedContainer(ReplicationManager.java:1163)
	at org.apache.hadoop.hdds.scm.container.ReplicationManager.processContainer(ReplicationManager.java:519)
	at java.util.ArrayList.forEach(ArrayList.java:1259)
	at org.apache.hadoop.hdds.scm.container.ReplicationManager.processAll(ReplicationManager.java:369)
	at org.apache.hadoop.hdds.scm.container.ReplicationManager.run(ReplicationManager.java:383)
	at java.lang.Thread.run(Thread.java:748)
2021-11-06 13:35:25,755 [ReplicationMonitor] ERROR scm.SCMCommonPlacementPolicy (SCMCommonPlacementPolicy.java:chooseDatanodes(140)) - No healthy node found to allocate container.
2021-11-06 13:35:25,755 [ReplicationMonitor] WARN  container.ReplicationManager (ReplicationManager.java:handleUnderReplicatedContainer(1199)) - Exception while replicating container 6.
org.apache.hadoop.hdds.scm.exceptions.SCMException: No healthy node found to allocate container.
	at org.apache.hadoop.hdds.scm.SCMCommonPlacementPolicy.chooseDatanodes(SCMCommonPlacementPolicy.java:141)
	at org.apache.hadoop.hdds.scm.container.placement.algorithms.SCMContainerPlacementRandom.chooseDatanodes(SCMContainerPlacementRandom.java:78)
	at org.apache.hadoop.hdds.scm.container.ReplicationManager.handleUnderReplicatedContainer(ReplicationManager.java:1163)
	at org.apache.hadoop.hdds.scm.container.ReplicationManager.processContainer(ReplicationManager.java:519)
	at java.util.ArrayList.forEach(ArrayList.java:1259)
	at org.apache.hadoop.hdds.scm.container.ReplicationManager.processAll(ReplicationManager.java:369)
	at org.apache.hadoop.hdds.scm.container.ReplicationManager.run(ReplicationManager.java:383)
	at java.lang.Thread.run(Thread.java:748)
2021-11-06 13:35:25,755 [ReplicationMonitor] INFO  container.ReplicationManager (ReplicationManager.java:processAll(371)) - Replication Monitor Thread took 2 milliseconds for processing 6 containers.
2021-11-06 13:35:26,068 [EventQueue-StaleNodeForStaleNodeHandler] INFO  node.StaleNodeHandler (StaleNodeHandler.java:onMessage(58)) - Datanode be65edc0-d2c4-49e5-a32f-78d912f8d0e6{ip: 10.1.0.67, host: fv-az184-210.3ow45vhwbzuu5incsxmygykede.cx.internal.cloudapp.net, ports: [REPLICATION=37127, RATIS=37237, RATIS_ADMIN=37237, RATIS_SERVER=37237, STANDALONE=36417], networkLocation: /default-rack, certSerialId: null, persistedOpState: IN_SERVICE, persistedOpStateExpiryEpochSec: 0} moved to stale state. Finalizing its pipelines [PipelineID=7047244e-d999-4d6c-91c8-6df168584e22]
2021-11-06 13:35:26,068 [EventQueue-StaleNodeForStaleNodeHandler] INFO  pipeline.PipelineManagerImpl (PipelineManagerImpl.java:closePipeline(349)) - Pipeline Pipeline[ Id: 7047244e-d999-4d6c-91c8-6df168584e22, Nodes: be65edc0-d2c4-49e5-a32f-78d912f8d0e6{ip: 10.1.0.67, host: fv-az184-210.3ow45vhwbzuu5incsxmygykede.cx.internal.cloudapp.net, ports: [REPLICATION=37127, RATIS=37237, RATIS_ADMIN=37237, RATIS_SERVER=37237, STANDALONE=36417], networkLocation: /default-rack, certSerialId: null, persistedOpState: IN_SERVICE, persistedOpStateExpiryEpochSec: 0}, ReplicationConfig: RATIS/ONE, State:OPEN, leaderId:be65edc0-d2c4-49e5-a32f-78d912f8d0e6, CreationTimestamp2021-11-06T13:34:23.055Z[Etc/UTC]] moved to CLOSED state
2021-11-06 13:35:26,755 [ReplicationMonitor] ERROR scm.SCMCommonPlacementPolicy (SCMCommonPlacementPolicy.java:chooseDatanodes(140)) - No healthy node found to allocate container.
2021-11-06 13:35:26,756 [ReplicationMonitor] WARN  container.ReplicationManager (ReplicationManager.java:handleUnderReplicatedContainer(1199)) - Exception while replicating container 1.
org.apache.hadoop.hdds.scm.exceptions.SCMException: No healthy node found to allocate container.
	at org.apache.hadoop.hdds.scm.SCMCommonPlacementPolicy.chooseDatanodes(SCMCommonPlacementPolicy.java:141)
	at org.apache.hadoop.hdds.scm.container.placement.algorithms.SCMContainerPlacementRandom.chooseDatanodes(SCMContainerPlacementRandom.java:78)
	at org.apache.hadoop.hdds.scm.container.ReplicationManager.handleUnderReplicatedContainer(ReplicationManager.java:1163)
	at org.apache.hadoop.hdds.scm.container.ReplicationManager.processContainer(ReplicationManager.java:519)
	at java.util.ArrayList.forEach(ArrayList.java:1259)
	at org.apache.hadoop.hdds.scm.container.ReplicationManager.processAll(ReplicationManager.java:369)
	at org.apache.hadoop.hdds.scm.container.ReplicationManager.run(ReplicationManager.java:383)
	at java.lang.Thread.run(Thread.java:748)
2021-11-06 13:35:26,756 [ReplicationMonitor] ERROR scm.SCMCommonPlacementPolicy (SCMCommonPlacementPolicy.java:chooseDatanodes(140)) - No healthy node found to allocate container.
2021-11-06 13:35:26,756 [ReplicationMonitor] WARN  container.ReplicationManager (ReplicationManager.java:handleUnderReplicatedContainer(1199)) - Exception while replicating container 2.
org.apache.hadoop.hdds.scm.exceptions.SCMException: No healthy node found to allocate container.
	at org.apache.hadoop.hdds.scm.SCMCommonPlacementPolicy.chooseDatanodes(SCMCommonPlacementPolicy.java:141)
	at org.apache.hadoop.hdds.scm.container.placement.algorithms.SCMContainerPlacementRandom.chooseDatanodes(SCMContainerPlacementRandom.java:78)
	at org.apache.hadoop.hdds.scm.container.ReplicationManager.handleUnderReplicatedContainer(ReplicationManager.java:1163)
	at org.apache.hadoop.hdds.scm.container.ReplicationManager.processContainer(ReplicationManager.java:519)
	at java.util.ArrayList.forEach(ArrayList.java:1259)
	at org.apache.hadoop.hdds.scm.container.ReplicationManager.processAll(ReplicationManager.java:369)
	at org.apache.hadoop.hdds.scm.container.ReplicationManager.run(ReplicationManager.java:383)
	at java.lang.Thread.run(Thread.java:748)
2021-11-06 13:35:26,756 [ReplicationMonitor] ERROR scm.SCMCommonPlacementPolicy (SCMCommonPlacementPolicy.java:chooseDatanodes(140)) - No healthy node found to allocate container.
2021-11-06 13:35:26,756 [ReplicationMonitor] WARN  container.ReplicationManager (ReplicationManager.java:handleUnderReplicatedContainer(1199)) - Exception while replicating container 3.
org.apache.hadoop.hdds.scm.exceptions.SCMException: No healthy node found to allocate container.
	at org.apache.hadoop.hdds.scm.SCMCommonPlacementPolicy.chooseDatanodes(SCMCommonPlacementPolicy.java:141)
	at org.apache.hadoop.hdds.scm.container.placement.algorithms.SCMContainerPlacementRandom.chooseDatanodes(SCMContainerPlacementRandom.java:78)
	at org.apache.hadoop.hdds.scm.container.ReplicationManager.handleUnderReplicatedContainer(ReplicationManager.java:1163)
	at org.apache.hadoop.hdds.scm.container.ReplicationManager.processContainer(ReplicationManager.java:519)
	at java.util.ArrayList.forEach(ArrayList.java:1259)
	at org.apache.hadoop.hdds.scm.container.ReplicationManager.processAll(ReplicationManager.java:369)
	at org.apache.hadoop.hdds.scm.container.ReplicationManager.run(ReplicationManager.java:383)
	at java.lang.Thread.run(Thread.java:748)
2021-11-06 13:35:26,756 [ReplicationMonitor] ERROR scm.SCMCommonPlacementPolicy (SCMCommonPlacementPolicy.java:chooseDatanodes(140)) - No healthy node found to allocate container.
2021-11-06 13:35:26,756 [ReplicationMonitor] WARN  container.ReplicationManager (ReplicationManager.java:handleUnderReplicatedContainer(1199)) - Exception while replicating container 4.
org.apache.hadoop.hdds.scm.exceptions.SCMException: No healthy node found to allocate container.
	at org.apache.hadoop.hdds.scm.SCMCommonPlacementPolicy.chooseDatanodes(SCMCommonPlacementPolicy.java:141)
	at org.apache.hadoop.hdds.scm.container.placement.algorithms.SCMContainerPlacementRandom.chooseDatanodes(SCMContainerPlacementRandom.java:78)
	at org.apache.hadoop.hdds.scm.container.ReplicationManager.handleUnderReplicatedContainer(ReplicationManager.java:1163)
	at org.apache.hadoop.hdds.scm.container.ReplicationManager.processContainer(ReplicationManager.java:519)
	at java.util.ArrayList.forEach(ArrayList.java:1259)
	at org.apache.hadoop.hdds.scm.container.ReplicationManager.processAll(ReplicationManager.java:369)
	at org.apache.hadoop.hdds.scm.container.ReplicationManager.run(ReplicationManager.java:383)
	at java.lang.Thread.run(Thread.java:748)
2021-11-06 13:35:26,757 [ReplicationMonitor] ERROR scm.SCMCommonPlacementPolicy (SCMCommonPlacementPolicy.java:chooseDatanodes(140)) - No healthy node found to allocate container.
2021-11-06 13:35:26,757 [ReplicationMonitor] WARN  container.ReplicationManager (ReplicationManager.java:handleUnderReplicatedContainer(1199)) - Exception while replicating container 5.
org.apache.hadoop.hdds.scm.exceptions.SCMException: No healthy node found to allocate container.
	at org.apache.hadoop.hdds.scm.SCMCommonPlacementPolicy.chooseDatanodes(SCMCommonPlacementPolicy.java:141)
	at org.apache.hadoop.hdds.scm.container.placement.algorithms.SCMContainerPlacementRandom.chooseDatanodes(SCMContainerPlacementRandom.java:78)
	at org.apache.hadoop.hdds.scm.container.ReplicationManager.handleUnderReplicatedContainer(ReplicationManager.java:1163)
	at org.apache.hadoop.hdds.scm.container.ReplicationManager.processContainer(ReplicationManager.java:519)
	at java.util.ArrayList.forEach(ArrayList.java:1259)
	at org.apache.hadoop.hdds.scm.container.ReplicationManager.processAll(ReplicationManager.java:369)
	at org.apache.hadoop.hdds.scm.container.ReplicationManager.run(ReplicationManager.java:383)
	at java.lang.Thread.run(Thread.java:748)
2021-11-06 13:35:26,757 [ReplicationMonitor] ERROR scm.SCMCommonPlacementPolicy (SCMCommonPlacementPolicy.java:chooseDatanodes(140)) - No healthy node found to allocate container.
2021-11-06 13:35:26,757 [ReplicationMonitor] WARN  container.ReplicationManager (ReplicationManager.java:handleUnderReplicatedContainer(1199)) - Exception while replicating container 6.
org.apache.hadoop.hdds.scm.exceptions.SCMException: No healthy node found to allocate container.
	at org.apache.hadoop.hdds.scm.SCMCommonPlacementPolicy.chooseDatanodes(SCMCommonPlacementPolicy.java:141)
	at org.apache.hadoop.hdds.scm.container.placement.algorithms.SCMContainerPlacementRandom.chooseDatanodes(SCMContainerPlacementRandom.java:78)
	at org.apache.hadoop.hdds.scm.container.ReplicationManager.handleUnderReplicatedContainer(ReplicationManager.java:1163)
	at org.apache.hadoop.hdds.scm.container.ReplicationManager.processContainer(ReplicationManager.java:519)
	at java.util.ArrayList.forEach(ArrayList.java:1259)
	at org.apache.hadoop.hdds.scm.container.ReplicationManager.processAll(ReplicationManager.java:369)
	at org.apache.hadoop.hdds.scm.container.ReplicationManager.run(ReplicationManager.java:383)
	at java.lang.Thread.run(Thread.java:748)
2021-11-06 13:35:26,757 [ReplicationMonitor] INFO  container.ReplicationManager (ReplicationManager.java:processAll(371)) - Replication Monitor Thread took 2 milliseconds for processing 6 containers.
2021-11-06 13:35:27,470 [EventQueue-StaleNodeForStaleNodeHandler] INFO  node.StaleNodeHandler (StaleNodeHandler.java:onMessage(58)) - Datanode 3e26efa9-4483-40fe-aebc-bbb79682031d{ip: 10.1.0.67, host: fv-az184-210.3ow45vhwbzuu5incsxmygykede.cx.internal.cloudapp.net, ports: [REPLICATION=41839, RATIS=33945, RATIS_ADMIN=33945, RATIS_SERVER=33945, STANDALONE=41169], networkLocation: /default-rack, certSerialId: null, persistedOpState: IN_SERVICE, persistedOpStateExpiryEpochSec: 0} moved to stale state. Finalizing its pipelines [PipelineID=4c62a0aa-1049-4306-9e52-654ca91449a0]
2021-11-06 13:35:27,471 [EventQueue-StaleNodeForStaleNodeHandler] INFO  pipeline.PipelineManagerImpl (PipelineManagerImpl.java:closePipeline(349)) - Pipeline Pipeline[ Id: 4c62a0aa-1049-4306-9e52-654ca91449a0, Nodes: 3e26efa9-4483-40fe-aebc-bbb79682031d{ip: 10.1.0.67, host: fv-az184-210.3ow45vhwbzuu5incsxmygykede.cx.internal.cloudapp.net, ports: [REPLICATION=41839, RATIS=33945, RATIS_ADMIN=33945, RATIS_SERVER=33945, STANDALONE=41169], networkLocation: /default-rack, certSerialId: null, persistedOpState: IN_MAINTENANCE, persistedOpStateExpiryEpochSec: 0}, ReplicationConfig: RATIS/ONE, State:OPEN, leaderId:3e26efa9-4483-40fe-aebc-bbb79682031d, CreationTimestamp2021-11-06T13:35:00.556Z[Etc/UTC]] moved to CLOSED state
2021-11-06 13:35:27,757 [ReplicationMonitor] WARN  container.ReplicationManager (ReplicationManager.java:handleUnderReplicatedContainer(1195)) - Cannot replicate container #1, no healthy replica found.
2021-11-06 13:35:27,757 [ReplicationMonitor] WARN  container.ReplicationManager (ReplicationManager.java:handleUnderReplicatedContainer(1195)) - Cannot replicate container #2, no healthy replica found.
2021-11-06 13:35:27,758 [ReplicationMonitor] WARN  container.ReplicationManager (ReplicationManager.java:handleUnderReplicatedContainer(1195)) - Cannot replicate container #3, no healthy replica found.
2021-11-06 13:35:27,758 [ReplicationMonitor] WARN  container.ReplicationManager (ReplicationManager.java:handleUnderReplicatedContainer(1195)) - Cannot replicate container #4, no healthy replica found.
2021-11-06 13:35:27,758 [ReplicationMonitor] WARN  container.ReplicationManager (ReplicationManager.java:handleUnderReplicatedContainer(1195)) - Cannot replicate container #5, no healthy replica found.
2021-11-06 13:35:27,758 [ReplicationMonitor] WARN  container.ReplicationManager (ReplicationManager.java:handleUnderReplicatedContainer(1195)) - Cannot replicate container #6, no healthy replica found.
2021-11-06 13:35:27,758 [ReplicationMonitor] INFO  container.ReplicationManager (ReplicationManager.java:processAll(371)) - Replication Monitor Thread took 1 milliseconds for processing 6 containers.
2021-11-06 13:35:28,186 [ForkJoinPool.commonPool-worker-1] INFO  ozoneimpl.OzoneContainer (OzoneContainer.java:stop(325)) - Attempting to stop container services.
2021-11-06 13:35:28,186 [ForkJoinPool.commonPool-worker-1] INFO  server.RaftServer (RaftServerProxy.java:lambda$close$6(391)) - be65edc0-d2c4-49e5-a32f-78d912f8d0e6: close
2021-11-06 13:35:28,186 [ForkJoinPool.commonPool-worker-1] INFO  server.RaftServer$Division (RaftServerImpl.java:lambda$close$4(412)) - be65edc0-d2c4-49e5-a32f-78d912f8d0e6@group-6DF168584E22: shutdown
2021-11-06 13:35:28,187 [ForkJoinPool.commonPool-worker-1] INFO  util.JmxRegister (JmxRegister.java:unregister(73)) - Successfully un-registered JMX Bean with object name Ratis:service=RaftServer,group=group-6DF168584E22,id=be65edc0-d2c4-49e5-a32f-78d912f8d0e6
2021-11-06 13:35:28,187 [ForkJoinPool.commonPool-worker-1] INFO  impl.RoleInfo (RoleInfo.java:shutdownLeaderState(91)) - be65edc0-d2c4-49e5-a32f-78d912f8d0e6: shutdown be65edc0-d2c4-49e5-a32f-78d912f8d0e6@group-6DF168584E22-LeaderStateImpl
2021-11-06 13:35:28,187 [ForkJoinPool.commonPool-worker-1] INFO  impl.PendingRequests (PendingRequests.java:sendNotLeaderResponses(282)) - be65edc0-d2c4-49e5-a32f-78d912f8d0e6@group-6DF168584E22-PendingRequests: sendNotLeaderResponses
2021-11-06 13:35:28,187 [ForkJoinPool.commonPool-worker-1] INFO  impl.StateMachineUpdater (StateMachineUpdater.java:stopAndJoin(149)) - be65edc0-d2c4-49e5-a32f-78d912f8d0e6@group-6DF168584E22-StateMachineUpdater: set stopIndex = 0
2021-11-06 13:35:28,188 [be65edc0-d2c4-49e5-a32f-78d912f8d0e6@group-6DF168584E22-StateMachineUpdater] INFO  ratis.ContainerStateMachine (ContainerStateMachine.java:takeSnapshot(292)) - group-6DF168584E22: Taking a snapshot at:(t:1, i:0) file /home/runner/work/ozone/ozone/hadoop-ozone/integration-test/target/test-dir/MiniOzoneClusterImpl-fb4733c7-c581-4712-901b-93273344e4d4/datanode-0/data/ratis/7047244e-d999-4d6c-91c8-6df168584e22/sm/snapshot.1_0
2021-11-06 13:35:28,191 [be65edc0-d2c4-49e5-a32f-78d912f8d0e6@group-6DF168584E22-StateMachineUpdater] INFO  ratis.ContainerStateMachine (ContainerStateMachine.java:takeSnapshot(303)) - group-6DF168584E22: Finished taking a snapshot at:(t:1, i:0) file:/home/runner/work/ozone/ozone/hadoop-ozone/integration-test/target/test-dir/MiniOzoneClusterImpl-fb4733c7-c581-4712-901b-93273344e4d4/datanode-0/data/ratis/7047244e-d999-4d6c-91c8-6df168584e22/sm/snapshot.1_0 took: 3 ms
2021-11-06 13:35:28,191 [be65edc0-d2c4-49e5-a32f-78d912f8d0e6@group-6DF168584E22-StateMachineUpdater] INFO  impl.StateMachineUpdater (StateMachineUpdater.java:takeSnapshot(281)) - be65edc0-d2c4-49e5-a32f-78d912f8d0e6@group-6DF168584E22-StateMachineUpdater: Took a snapshot at index 0
2021-11-06 13:35:28,191 [be65edc0-d2c4-49e5-a32f-78d912f8d0e6@group-6DF168584E22-StateMachineUpdater] INFO  impl.StateMachineUpdater (StateMachineUpdater.java:lambda$new$0(89)) - be65edc0-d2c4-49e5-a32f-78d912f8d0e6@group-6DF168584E22-StateMachineUpdater: snapshotIndex: updateIncreasingly -1 -> 0
2021-11-06 13:35:28,192 [ForkJoinPool.commonPool-worker-1] INFO  server.RaftServer$Division (ServerState.java:close(419)) - be65edc0-d2c4-49e5-a32f-78d912f8d0e6@group-6DF168584E22: closes. applyIndex: 0
2021-11-06 13:35:28,192 [be65edc0-d2c4-49e5-a32f-78d912f8d0e6@group-6DF168584E22-SegmentedRaftLogWorker] INFO  segmented.SegmentedRaftLogWorker (SegmentedRaftLogWorker.java:run(327)) - be65edc0-d2c4-49e5-a32f-78d912f8d0e6@group-6DF168584E22-SegmentedRaftLogWorker was interrupted, exiting. There are 0 tasks remaining in the queue.
2021-11-06 13:35:28,192 [ForkJoinPool.commonPool-worker-1] INFO  segmented.SegmentedRaftLogWorker (SegmentedRaftLogWorker.java:close(237)) - be65edc0-d2c4-49e5-a32f-78d912f8d0e6@group-6DF168584E22-SegmentedRaftLogWorker close()
2021-11-06 13:35:28,192 [ForkJoinPool.commonPool-worker-1] INFO  server.GrpcService (GrpcService.java:closeImpl(262)) - be65edc0-d2c4-49e5-a32f-78d912f8d0e6: shutdown server with port 37237 now
2021-11-06 13:35:28,196 [ForkJoinPool.commonPool-worker-1] INFO  server.GrpcService (GrpcService.java:closeImpl(271)) - be65edc0-d2c4-49e5-a32f-78d912f8d0e6: shutdown server with port 37237 successfully
2021-11-06 13:35:28,196 [org.apache.ratis.util.JvmPauseMonitor$$Lambda$534/1345232419@588c03f2] INFO  util.JvmPauseMonitor (JvmPauseMonitor.java:run(109)) - JvmPauseMonitor-be65edc0-d2c4-49e5-a32f-78d912f8d0e6: Stopped
2021-11-06 13:35:28,205 [ForkJoinPool.commonPool-worker-1] INFO  utils.BackgroundService (BackgroundService.java:shutdown(132)) - Shutting down service BlockDeletingService
2021-11-06 13:35:28,758 [ReplicationMonitor] WARN  container.ReplicationManager (ReplicationManager.java:handleUnderReplicatedContainer(1195)) - Cannot replicate container #1, no healthy replica found.
2021-11-06 13:35:28,759 [ReplicationMonitor] WARN  container.ReplicationManager (ReplicationManager.java:handleUnderReplicatedContainer(1195)) - Cannot replicate container #2, no healthy replica found.
2021-11-06 13:35:28,759 [ReplicationMonitor] WARN  container.ReplicationManager (ReplicationManager.java:handleUnderReplicatedContainer(1195)) - Cannot replicate container #3, no healthy replica found.
2021-11-06 13:35:28,759 [ReplicationMonitor] WARN  container.ReplicationManager (ReplicationManager.java:handleUnderReplicatedContainer(1195)) - Cannot replicate container #4, no healthy replica found.
2021-11-06 13:35:28,759 [ReplicationMonitor] WARN  container.ReplicationManager (ReplicationManager.java:handleUnderReplicatedContainer(1195)) - Cannot replicate container #5, no healthy replica found.
2021-11-06 13:35:28,759 [ReplicationMonitor] WARN  container.ReplicationManager (ReplicationManager.java:handleUnderReplicatedContainer(1195)) - Cannot replicate container #6, no healthy replica found.
2021-11-06 13:35:28,759 [ReplicationMonitor] INFO  container.ReplicationManager (ReplicationManager.java:processAll(371)) - Replication Monitor Thread took 1 milliseconds for processing 6 containers.
2021-11-06 13:35:29,074 [EventQueue-DeadNodeForDeadNodeHandler] INFO  node.DeadNodeHandler (DeadNodeHandler.java:onMessage(80)) - A dead datanode is detected. be65edc0-d2c4-49e5-a32f-78d912f8d0e6{ip: 10.1.0.67, host: fv-az184-210.3ow45vhwbzuu5incsxmygykede.cx.internal.cloudapp.net, ports: [REPLICATION=37127, RATIS=37237, RATIS_ADMIN=37237, RATIS_SERVER=37237, STANDALONE=36417], networkLocation: /default-rack, certSerialId: null, persistedOpState: IN_SERVICE, persistedOpStateExpiryEpochSec: 0}
2021-11-06 13:35:29,074 [EventQueue-DeadNodeForDeadNodeHandler] INFO  pipeline.RatisPipelineProvider (RatisPipelineProvider.java:lambda$close$1(222)) - Send pipeline:PipelineID=7047244e-d999-4d6c-91c8-6df168584e22 close command to datanode be65edc0-d2c4-49e5-a32f-78d912f8d0e6
2021-11-06 13:35:29,074 [EventQueue-DeadNodeForDeadNodeHandler] INFO  pipeline.PipelineStateManagerImpl (PipelineStateManagerImpl.java:removePipeline(223)) - Pipeline Pipeline[ Id: 7047244e-d999-4d6c-91c8-6df168584e22, Nodes: be65edc0-d2c4-49e5-a32f-78d912f8d0e6{ip: 10.1.0.67, host: fv-az184-210.3ow45vhwbzuu5incsxmygykede.cx.internal.cloudapp.net, ports: [REPLICATION=37127, RATIS=37237, RATIS_ADMIN=37237, RATIS_SERVER=37237, STANDALONE=36417], networkLocation: /default-rack, certSerialId: null, persistedOpState: IN_SERVICE, persistedOpStateExpiryEpochSec: 0}, ReplicationConfig: RATIS/ONE, State:CLOSED, leaderId:be65edc0-d2c4-49e5-a32f-78d912f8d0e6, CreationTimestamp2021-11-06T13:34:23.055Z[Etc/UTC]] removed.
2021-11-06 13:35:29,074 [EventQueue-DeadNodeForDeadNodeHandler] INFO  net.NetworkTopologyImpl (NetworkTopologyImpl.java:remove(137)) - Removed a node: /default-rack/be65edc0-d2c4-49e5-a32f-78d912f8d0e6
2021-11-06 13:35:29,725 [Mini-Cluster-Provider-Reap] INFO  ozoneimpl.OzoneContainer (OzoneContainer.java:stop(325)) - Attempting to stop container services.
2021-11-06 13:35:29,725 [Mini-Cluster-Provider-Reap] INFO  server.RaftServer (RaftServerProxy.java:lambda$close$6(391)) - 3e26efa9-4483-40fe-aebc-bbb79682031d: close
2021-11-06 13:35:29,726 [Mini-Cluster-Provider-Reap] INFO  server.RaftServer$Division (RaftServerImpl.java:lambda$close$4(412)) - 3e26efa9-4483-40fe-aebc-bbb79682031d@group-654CA91449A0: shutdown
2021-11-06 13:35:29,726 [Mini-Cluster-Provider-Reap] INFO  util.JmxRegister (JmxRegister.java:unregister(73)) - Successfully un-registered JMX Bean with object name Ratis:service=RaftServer,group=group-654CA91449A0,id=3e26efa9-4483-40fe-aebc-bbb79682031d
2021-11-06 13:35:29,726 [Mini-Cluster-Provider-Reap] INFO  impl.RoleInfo (RoleInfo.java:shutdownLeaderState(91)) - 3e26efa9-4483-40fe-aebc-bbb79682031d: shutdown 3e26efa9-4483-40fe-aebc-bbb79682031d@group-654CA91449A0-LeaderStateImpl
2021-11-06 13:35:29,726 [Mini-Cluster-Provider-Reap] INFO  impl.PendingRequests (PendingRequests.java:sendNotLeaderResponses(282)) - 3e26efa9-4483-40fe-aebc-bbb79682031d@group-654CA91449A0-PendingRequests: sendNotLeaderResponses
2021-11-06 13:35:29,727 [3e26efa9-4483-40fe-aebc-bbb79682031d@group-654CA91449A0-StateMachineUpdater] INFO  ratis.ContainerStateMachine (ContainerStateMachine.java:takeSnapshot(292)) - group-654CA91449A0: Taking a snapshot at:(t:1, i:0) file /home/runner/work/ozone/ozone/hadoop-ozone/integration-test/target/test-dir/MiniOzoneClusterImpl-fb4733c7-c581-4712-901b-93273344e4d4/datanode-4/data/ratis/4c62a0aa-1049-4306-9e52-654ca91449a0/sm/snapshot.1_0
2021-11-06 13:35:29,728 [Mini-Cluster-Provider-Reap] INFO  impl.StateMachineUpdater (StateMachineUpdater.java:stopAndJoin(149)) - 3e26efa9-4483-40fe-aebc-bbb79682031d@group-654CA91449A0-StateMachineUpdater: set stopIndex = 0
2021-11-06 13:35:29,728 [3e26efa9-4483-40fe-aebc-bbb79682031d@group-654CA91449A0-StateMachineUpdater] INFO  ratis.ContainerStateMachine (ContainerStateMachine.java:takeSnapshot(303)) - group-654CA91449A0: Finished taking a snapshot at:(t:1, i:0) file:/home/runner/work/ozone/ozone/hadoop-ozone/integration-test/target/test-dir/MiniOzoneClusterImpl-fb4733c7-c581-4712-901b-93273344e4d4/datanode-4/data/ratis/4c62a0aa-1049-4306-9e52-654ca91449a0/sm/snapshot.1_0 took: 1 ms
2021-11-06 13:35:29,729 [3e26efa9-4483-40fe-aebc-bbb79682031d@group-654CA91449A0-StateMachineUpdater] INFO  impl.StateMachineUpdater (StateMachineUpdater.java:takeSnapshot(281)) - 3e26efa9-4483-40fe-aebc-bbb79682031d@group-654CA91449A0-StateMachineUpdater: Took a snapshot at index 0
2021-11-06 13:35:29,729 [3e26efa9-4483-40fe-aebc-bbb79682031d@group-654CA91449A0-StateMachineUpdater] INFO  impl.StateMachineUpdater (StateMachineUpdater.java:lambda$new$0(89)) - 3e26efa9-4483-40fe-aebc-bbb79682031d@group-654CA91449A0-StateMachineUpdater: snapshotIndex: updateIncreasingly -1 -> 0
2021-11-06 13:35:29,729 [Mini-Cluster-Provider-Reap] INFO  server.RaftServer$Division (ServerState.java:close(419)) - 3e26efa9-4483-40fe-aebc-bbb79682031d@group-654CA91449A0: closes. applyIndex: 0
2021-11-06 13:35:29,729 [3e26efa9-4483-40fe-aebc-bbb79682031d@group-654CA91449A0-SegmentedRaftLogWorker] INFO  segmented.SegmentedRaftLogWorker (SegmentedRaftLogWorker.java:run(327)) - 3e26efa9-4483-40fe-aebc-bbb79682031d@group-654CA91449A0-SegmentedRaftLogWorker was interrupted, exiting. There are 0 tasks remaining in the queue.
2021-11-06 13:35:29,729 [Mini-Cluster-Provider-Reap] INFO  segmented.SegmentedRaftLogWorker (SegmentedRaftLogWorker.java:close(237)) - 3e26efa9-4483-40fe-aebc-bbb79682031d@group-654CA91449A0-SegmentedRaftLogWorker close()
2021-11-06 13:35:29,753 [Mini-Cluster-Provider-Reap] INFO  server.GrpcService (GrpcService.java:closeImpl(262)) - 3e26efa9-4483-40fe-aebc-bbb79682031d: shutdown server with port 33945 now
2021-11-06 13:35:29,762 [ReplicationMonitor] WARN  container.ReplicationManager (ReplicationManager.java:handleUnderReplicatedContainer(1195)) - Cannot replicate container #1, no healthy replica found.
2021-11-06 13:35:29,762 [ReplicationMonitor] WARN  container.ReplicationManager (ReplicationManager.java:handleUnderReplicatedContainer(1195)) - Cannot replicate container #2, no healthy replica found.
2021-11-06 13:35:29,762 [ReplicationMonitor] WARN  container.ReplicationManager (ReplicationManager.java:handleUnderReplicatedContainer(1195)) - Cannot replicate container #3, no healthy replica found.
2021-11-06 13:35:29,762 [ReplicationMonitor] WARN  container.ReplicationManager (ReplicationManager.java:handleUnderReplicatedContainer(1195)) - Cannot replicate container #4, no healthy replica found.
2021-11-06 13:35:29,762 [ReplicationMonitor] WARN  container.ReplicationManager (ReplicationManager.java:handleUnderReplicatedContainer(1195)) - Cannot replicate container #5, no healthy replica found.
2021-11-06 13:35:29,762 [ReplicationMonitor] WARN  container.ReplicationManager (ReplicationManager.java:handleUnderReplicatedContainer(1195)) - Cannot replicate container #6, no healthy replica found.
2021-11-06 13:35:29,762 [ReplicationMonitor] INFO  container.ReplicationManager (ReplicationManager.java:processAll(371)) - Replication Monitor Thread took 0 milliseconds for processing 6 containers.
2021-11-06 13:35:29,773 [Mini-Cluster-Provider-Reap] INFO  server.GrpcService (GrpcService.java:closeImpl(271)) - 3e26efa9-4483-40fe-aebc-bbb79682031d: shutdown server with port 33945 successfully
2021-11-06 13:35:29,773 [org.apache.ratis.util.JvmPauseMonitor$$Lambda$534/1345232419@22eebce1] INFO  util.JvmPauseMonitor (JvmPauseMonitor.java:run(109)) - JvmPauseMonitor-3e26efa9-4483-40fe-aebc-bbb79682031d: Stopped
2021-11-06 13:35:29,774 [Mini-Cluster-Provider-Reap] INFO  utils.BackgroundService (BackgroundService.java:shutdown(132)) - Shutting down service BlockDeletingService
2021-11-06 13:35:30,495 [EventQueue-DeadNodeForDeadNodeHandler] INFO  node.DeadNodeHandler (DeadNodeHandler.java:onMessage(80)) - A dead datanode is detected. 3e26efa9-4483-40fe-aebc-bbb79682031d{ip: 10.1.0.67, host: fv-az184-210.3ow45vhwbzuu5incsxmygykede.cx.internal.cloudapp.net, ports: [REPLICATION=41839, RATIS=33945, RATIS_ADMIN=33945, RATIS_SERVER=33945, STANDALONE=41169], networkLocation: /default-rack, certSerialId: null, persistedOpState: IN_SERVICE, persistedOpStateExpiryEpochSec: 0}
2021-11-06 13:35:30,496 [EventQueue-DeadNodeForDeadNodeHandler] INFO  pipeline.RatisPipelineProvider (RatisPipelineProvider.java:lambda$close$1(222)) - Send pipeline:PipelineID=4c62a0aa-1049-4306-9e52-654ca91449a0 close command to datanode 3e26efa9-4483-40fe-aebc-bbb79682031d
2021-11-06 13:35:30,496 [EventQueue-DeadNodeForDeadNodeHandler] INFO  pipeline.PipelineStateManagerImpl (PipelineStateManagerImpl.java:removePipeline(223)) - Pipeline Pipeline[ Id: 4c62a0aa-1049-4306-9e52-654ca91449a0, Nodes: 3e26efa9-4483-40fe-aebc-bbb79682031d{ip: 10.1.0.67, host: fv-az184-210.3ow45vhwbzuu5incsxmygykede.cx.internal.cloudapp.net, ports: [REPLICATION=41839, RATIS=33945, RATIS_ADMIN=33945, RATIS_SERVER=33945, STANDALONE=41169], networkLocation: /default-rack, certSerialId: null, persistedOpState: IN_MAINTENANCE, persistedOpStateExpiryEpochSec: 0}, ReplicationConfig: RATIS/ONE, State:CLOSED, leaderId:3e26efa9-4483-40fe-aebc-bbb79682031d, CreationTimestamp2021-11-06T13:35:00.556Z[Etc/UTC]] removed.
2021-11-06 13:35:30,496 [EventQueue-DeadNodeForDeadNodeHandler] INFO  net.NetworkTopologyImpl (NetworkTopologyImpl.java:remove(137)) - Removed a node: /default-rack/3e26efa9-4483-40fe-aebc-bbb79682031d
2021-11-06 13:35:30,768 [ReplicationMonitor] WARN  container.ReplicationManager (ReplicationManager.java:handleUnderReplicatedContainer(1195)) - Cannot replicate container #1, no healthy replica found.
2021-11-06 13:35:30,768 [ReplicationMonitor] WARN  container.ReplicationManager (ReplicationManager.java:handleUnderReplicatedContainer(1195)) - Cannot replicate container #2, no healthy replica found.
2021-11-06 13:35:30,768 [ReplicationMonitor] WARN  container.ReplicationManager (ReplicationManager.java:handleUnderReplicatedContainer(1195)) - Cannot replicate container #3, no healthy replica found.
2021-11-06 13:35:30,768 [ReplicationMonitor] WARN  container.ReplicationManager (ReplicationManager.java:handleUnderReplicatedContainer(1195)) - Cannot replicate container #4, no healthy replica found.
2021-11-06 13:35:30,768 [ReplicationMonitor] WARN  container.ReplicationManager (ReplicationManager.java:handleUnderReplicatedContainer(1195)) - Cannot replicate container #5, no healthy replica found.
2021-11-06 13:35:30,768 [ReplicationMonitor] WARN  container.ReplicationManager (ReplicationManager.java:handleUnderReplicatedContainer(1195)) - Cannot replicate container #6, no healthy replica found.
2021-11-06 13:35:30,768 [ReplicationMonitor] INFO  container.ReplicationManager (ReplicationManager.java:processAll(371)) - Replication Monitor Thread took 0 milliseconds for processing 6 containers.
2021-11-06 13:35:31,216 [ForkJoinPool.commonPool-worker-1] INFO  statemachine.DatanodeStateMachine (DatanodeStateMachine.java:stopDaemon(526)) - Ozone container server stopped.
2021-11-06 13:35:31,221 [ForkJoinPool.commonPool-worker-1] INFO  handler.ContextHandler (ContextHandler.java:doStop(1153)) - Stopped o.e.j.w.WebAppContext@10e048ab{hddsDatanode,/,null,STOPPED}{jar:file:/home/runner/.m2/repository/org/apache/ozone/hdds-container-service/1.2.0-SNAPSHOT/hdds-container-service-1.2.0-SNAPSHOT.jar!/webapps/hddsDatanode}
2021-11-06 13:35:31,226 [ForkJoinPool.commonPool-worker-1] INFO  server.AbstractConnector (AbstractConnector.java:doStop(381)) - Stopped ServerConnector@c27149c{HTTP/1.1, (http/1.1)}{0.0.0.0:0}
2021-11-06 13:35:31,226 [ForkJoinPool.commonPool-worker-1] INFO  server.session (HouseKeeper.java:stopScavenging(149)) - node0 Stopped scavenging
2021-11-06 13:35:31,226 [ForkJoinPool.commonPool-worker-1] INFO  handler.ContextHandler (ContextHandler.java:doStop(1153)) - Stopped o.e.j.s.ServletContextHandler@66a86d03{static,/static,jar:file:/home/runner/.m2/repository/org/apache/ozone/hdds-container-service/1.2.0-SNAPSHOT/hdds-container-service-1.2.0-SNAPSHOT.jar!/webapps/static,STOPPED}
2021-11-06 13:35:31,226 [ForkJoinPool.commonPool-worker-1] INFO  handler.ContextHandler (ContextHandler.java:doStop(1153)) - Stopped o.e.j.s.ServletContextHandler@4db0e0d3{logs,/logs,file:///home/runner/work/ozone/ozone/hadoop-ozone/integration-test/target/log,STOPPED}
2021-11-06 13:35:31,769 [ReplicationMonitor] WARN  container.ReplicationManager (ReplicationManager.java:handleUnderReplicatedContainer(1195)) - Cannot replicate container #1, no healthy replica found.
2021-11-06 13:35:31,769 [ReplicationMonitor] WARN  container.ReplicationManager (ReplicationManager.java:handleUnderReplicatedContainer(1195)) - Cannot replicate container #2, no healthy replica found.
2021-11-06 13:35:31,769 [ReplicationMonitor] WARN  container.ReplicationManager (ReplicationManager.java:handleUnderReplicatedContainer(1195)) - Cannot replicate container #3, no healthy replica found.
2021-11-06 13:35:31,769 [ReplicationMonitor] WARN  container.ReplicationManager (ReplicationManager.java:handleUnderReplicatedContainer(1195)) - Cannot replicate container #4, no healthy replica found.
2021-11-06 13:35:31,769 [ReplicationMonitor] WARN  container.ReplicationManager (ReplicationManager.java:handleUnderReplicatedContainer(1195)) - Cannot replicate container #5, no healthy replica found.
2021-11-06 13:35:31,769 [ReplicationMonitor] WARN  container.ReplicationManager (ReplicationManager.java:handleUnderReplicatedContainer(1195)) - Cannot replicate container #6, no healthy replica found.
2021-11-06 13:35:31,769 [ReplicationMonitor] INFO  container.ReplicationManager (ReplicationManager.java:processAll(371)) - Replication Monitor Thread took 0 milliseconds for processing 6 containers.
2021-11-06 13:35:32,769 [ReplicationMonitor] WARN  container.ReplicationManager (ReplicationManager.java:handleUnderReplicatedContainer(1195)) - Cannot replicate container #1, no healthy replica found.
2021-11-06 13:35:32,770 [ReplicationMonitor] WARN  container.ReplicationManager (ReplicationManager.java:handleUnderReplicatedContainer(1195)) - Cannot replicate container #2, no healthy replica found.
2021-11-06 13:35:32,770 [ReplicationMonitor] WARN  container.ReplicationManager (ReplicationManager.java:handleUnderReplicatedContainer(1195)) - Cannot replicate container #3, no healthy replica found.
2021-11-06 13:35:32,770 [ReplicationMonitor] WARN  container.ReplicationManager (ReplicationManager.java:handleUnderReplicatedContainer(1195)) - Cannot replicate container #4, no healthy replica found.
2021-11-06 13:35:32,770 [ReplicationMonitor] WARN  container.ReplicationManager (ReplicationManager.java:handleUnderReplicatedContainer(1195)) - Cannot replicate container #5, no healthy replica found.
2021-11-06 13:35:32,770 [ReplicationMonitor] WARN  container.ReplicationManager (ReplicationManager.java:handleUnderReplicatedContainer(1195)) - Cannot replicate container #6, no healthy replica found.
2021-11-06 13:35:32,770 [ReplicationMonitor] INFO  container.ReplicationManager (ReplicationManager.java:processAll(371)) - Replication Monitor Thread took 1 milliseconds for processing 6 containers.
2021-11-06 13:35:32,778 [Mini-Cluster-Provider-Reap] INFO  statemachine.DatanodeStateMachine (DatanodeStateMachine.java:stopDaemon(526)) - Ozone container server stopped.
2021-11-06 13:35:32,780 [Mini-Cluster-Provider-Reap] INFO  handler.ContextHandler (ContextHandler.java:doStop(1153)) - Stopped o.e.j.w.WebAppContext@7e9b67c4{hddsDatanode,/,null,STOPPED}{jar:file:/home/runner/.m2/repository/org/apache/ozone/hdds-container-service/1.2.0-SNAPSHOT/hdds-container-service-1.2.0-SNAPSHOT.jar!/webapps/hddsDatanode}
2021-11-06 13:35:32,785 [Mini-Cluster-Provider-Reap] INFO  server.AbstractConnector (AbstractConnector.java:doStop(381)) - Stopped ServerConnector@8bc68b7{HTTP/1.1, (http/1.1)}{0.0.0.0:0}
2021-11-06 13:35:32,785 [Mini-Cluster-Provider-Reap] INFO  server.session (HouseKeeper.java:stopScavenging(149)) - node0 Stopped scavenging
2021-11-06 13:35:32,785 [Mini-Cluster-Provider-Reap] INFO  handler.ContextHandler (ContextHandler.java:doStop(1153)) - Stopped o.e.j.s.ServletContextHandler@4f61f714{static,/static,jar:file:/home/runner/.m2/repository/org/apache/ozone/hdds-container-service/1.2.0-SNAPSHOT/hdds-container-service-1.2.0-SNAPSHOT.jar!/webapps/static,STOPPED}
2021-11-06 13:35:32,785 [Mini-Cluster-Provider-Reap] INFO  handler.ContextHandler (ContextHandler.java:doStop(1153)) - Stopped o.e.j.s.ServletContextHandler@766551f9{logs,/logs,file:///home/runner/work/ozone/ozone/hadoop-ozone/integration-test/target/log,STOPPED}
2021-11-06 13:35:32,787 [Mini-Cluster-Provider-Reap] INFO  ozone.MiniOzoneClusterImpl (MiniOzoneClusterImpl.java:stopSCM(542)) - Stopping the StorageContainerManager
2021-11-06 13:35:32,787 [Mini-Cluster-Provider-Reap] INFO  server.StorageContainerManager (StorageContainerManager.java:stop(1395)) - Stopping Container Balancer service.
2021-11-06 13:35:32,787 [Mini-Cluster-Provider-Reap] INFO  balancer.ContainerBalancer (ContainerBalancer.java:stop(773)) - Container Balancer is not running.
2021-11-06 13:35:32,787 [Mini-Cluster-Provider-Reap] INFO  server.StorageContainerManager (StorageContainerManager.java:stop(1402)) - Stopping Replication Manager Service.
2021-11-06 13:35:32,787 [Mini-Cluster-Provider-Reap] INFO  container.ReplicationManager (ReplicationManager.java:stop(350)) - Stopping Replication Monitor Thread.
2021-11-06 13:35:32,787 [Mini-Cluster-Provider-Reap] INFO  server.StorageContainerManager (StorageContainerManager.java:stop(1409)) - Stopping the Datanode Admin Monitor.
2021-11-06 13:35:32,787 [Mini-Cluster-Provider-Reap] INFO  server.StorageContainerManager (StorageContainerManager.java:stop(1416)) - Stopping Lease Manager of the command watchers
2021-11-06 13:35:32,787 [Mini-Cluster-Provider-Reap] INFO  server.StorageContainerManager (StorageContainerManager.java:stop(1423)) - Stopping datanode service RPC server
2021-11-06 13:35:32,787 [Mini-Cluster-Provider-Reap] INFO  server.SCMDatanodeProtocolServer (SCMDatanodeProtocolServer.java:stop(389)) - Stopping the RPC server for DataNodes
2021-11-06 13:35:32,797 [Mini-Cluster-Provider-Reap] INFO  ipc.Server (Server.java:stop(3414)) - Stopping server on 40171
2021-11-06 13:35:32,809 [IPC Server listener on 0] INFO  ipc.Server (Server.java:run(1376)) - Stopping IPC Server listener on 0
2021-11-06 13:35:32,810 [IPC Server Responder] INFO  ipc.Server (Server.java:run(1512)) - Stopping IPC Server Responder
2021-11-06 13:35:32,907 [SCM Heartbeat Processing Thread - 0] WARN  node.NodeStateManager (NodeStateManager.java:scheduleNextHealthCheck(799)) - Current Thread is interrupted, shutting down HB processing thread for Node Manager.
2021-11-06 13:35:32,908 [Mini-Cluster-Provider-Reap] INFO  server.StorageContainerManager (StorageContainerManager.java:stop(1431)) - Stopping block service RPC server
2021-11-06 13:35:32,908 [Mini-Cluster-Provider-Reap] INFO  server.SCMBlockProtocolServer (SCMBlockProtocolServer.java:stop(160)) - Stopping the RPC server for Block Protocol
2021-11-06 13:35:32,909 [Mini-Cluster-Provider-Reap] INFO  ipc.Server (Server.java:stop(3414)) - Stopping server on 35123
2021-11-06 13:35:32,911 [IPC Server listener on 0] INFO  ipc.Server (Server.java:run(1376)) - Stopping IPC Server listener on 0
2021-11-06 13:35:32,923 [Mini-Cluster-Provider-Reap] INFO  server.StorageContainerManager (StorageContainerManager.java:stop(1438)) - Stopping the StorageContainerLocationProtocol RPC server
2021-11-06 13:35:32,923 [Mini-Cluster-Provider-Reap] INFO  server.SCMClientProtocolServer (SCMClientProtocolServer.java:stop(173)) - Stopping the RPC server for Client Protocol
2021-11-06 13:35:32,923 [IPC Server Responder] INFO  ipc.Server (Server.java:run(1512)) - Stopping IPC Server Responder
2021-11-06 13:35:32,926 [Mini-Cluster-Provider-Reap] INFO  ipc.Server (Server.java:stop(3414)) - Stopping server on 39499
2021-11-06 13:35:32,930 [IPC Server Responder] INFO  ipc.Server (Server.java:run(1512)) - Stopping IPC Server Responder
2021-11-06 13:35:32,930 [Mini-Cluster-Provider-Reap] INFO  server.StorageContainerManager (StorageContainerManager.java:stop(1445)) - Stopping Storage Container Manager HTTP server.
2021-11-06 13:35:32,930 [IPC Server listener on 0] INFO  ipc.Server (Server.java:run(1376)) - Stopping IPC Server listener on 0
2021-11-06 13:35:32,931 [Mini-Cluster-Provider-Reap] INFO  handler.ContextHandler (ContextHandler.java:doStop(1153)) - Stopped o.e.j.w.WebAppContext@b880d77{scm,/,null,STOPPED}{file:/home/runner/work/ozone/ozone/hadoop-ozone/integration-test/target/test-classes/webapps/scm}
2021-11-06 13:35:32,933 [Mini-Cluster-Provider-Reap] INFO  server.AbstractConnector (AbstractConnector.java:doStop(381)) - Stopped ServerConnector@74b7e688{HTTP/1.1, (http/1.1)}{0.0.0.0:0}
2021-11-06 13:35:32,934 [Mini-Cluster-Provider-Reap] INFO  server.session (HouseKeeper.java:stopScavenging(149)) - node0 Stopped scavenging
2021-11-06 13:35:32,934 [Mini-Cluster-Provider-Reap] INFO  handler.ContextHandler (ContextHandler.java:doStop(1153)) - Stopped o.e.j.s.ServletContextHandler@7f262b32{static,/static,file:///home/runner/work/ozone/ozone/hadoop-ozone/integration-test/target/test-classes/webapps/static,STOPPED}
2021-11-06 13:35:32,934 [Mini-Cluster-Provider-Reap] INFO  handler.ContextHandler (ContextHandler.java:doStop(1153)) - Stopped o.e.j.s.ServletContextHandler@3a2422ce{logs,/logs,file:///home/runner/work/ozone/ozone/hadoop-ozone/integration-test/target/log,STOPPED}
2021-11-06 13:35:32,937 [Mini-Cluster-Provider-Reap] INFO  server.StorageContainerManager (StorageContainerManager.java:stop(1456)) - Stopping Block Manager Service.
2021-11-06 13:35:32,938 [Mini-Cluster-Provider-Reap] INFO  utils.BackgroundService (BackgroundService.java:shutdown(132)) - Shutting down service SCMBlockDeletingService
2021-11-06 13:35:32,938 [Mini-Cluster-Provider-Reap] INFO  utils.BackgroundService (BackgroundService.java:shutdown(132)) - Shutting down service SCMBlockDeletingService
2021-11-06 13:35:32,938 [Mini-Cluster-Provider-Reap] INFO  server.StorageContainerManager (StorageContainerManager.java:stop(1483)) - Stopping SCM Event Queue.
2021-11-06 13:35:32,941 [Mini-Cluster-Provider-Reap] INFO  server.StorageContainerManager (StorageContainerManager.java:stop(1494)) - Stopping SCM HA services.
2021-11-06 13:35:32,941 [Mini-Cluster-Provider-Reap] INFO  pipeline.BackgroundPipelineCreator (BackgroundPipelineCreator.java:stop(158)) - Stopping RatisPipelineUtilsThread.
2021-11-06 13:35:32,942 [Mini-Cluster-Provider-Reap] INFO  server.StorageContainerManager (StorageContainerManager.java:stop(1504)) - Stopping SCM MetadataStore.
2021-11-06 13:35:32,942 [Mini-Cluster-Provider-Reap] INFO  impl.MetricsSystemImpl (MetricsSystemImpl.java:stop(205)) - HddsDatanode metrics system stopped (again)
]]></system-out>
  </testcase>
  <testcase name="testSingleNodeWithOpenPipelineCanGotoMaintenance" classname="org.apache.hadoop.ozone.scm.node.TestDecommissionAndMaintenance" time="100.006">
    <error message="Failed to obtain available cluster in time" type="java.io.IOException">java.io.IOException: Failed to obtain available cluster in time
	at org.apache.hadoop.ozone.MiniOzoneClusterProvider.provide(MiniOzoneClusterProvider.java:162)
	at org.apache.hadoop.ozone.scm.node.TestDecommissionAndMaintenance.setUp(TestDecommissionAndMaintenance.java:144)
	at sun.reflect.NativeMethodAccessorImpl.invoke0(Native Method)
	at sun.reflect.NativeMethodAccessorImpl.invoke(NativeMethodAccessorImpl.java:62)
	at sun.reflect.DelegatingMethodAccessorImpl.invoke(DelegatingMethodAccessorImpl.java:43)
	at java.lang.reflect.Method.invoke(Method.java:498)
	at org.junit.runners.model.FrameworkMethod$1.runReflectiveCall(FrameworkMethod.java:59)
	at org.junit.internal.runners.model.ReflectiveCallable.run(ReflectiveCallable.java:12)
	at org.junit.runners.model.FrameworkMethod.invokeExplosively(FrameworkMethod.java:56)
	at org.junit.internal.runners.statements.RunBefores.invokeMethod(RunBefores.java:33)
	at org.junit.internal.runners.statements.RunBefores.evaluate(RunBefores.java:24)
	at org.junit.internal.runners.statements.RunAfters.evaluate(RunAfters.java:27)
	at org.junit.runners.ParentRunner$3.evaluate(ParentRunner.java:306)
	at org.junit.runners.BlockJUnit4ClassRunner$1.evaluate(BlockJUnit4ClassRunner.java:100)
	at org.junit.runners.ParentRunner.runLeaf(ParentRunner.java:366)
	at org.junit.runners.BlockJUnit4ClassRunner.runChild(BlockJUnit4ClassRunner.java:103)
	at org.junit.runners.BlockJUnit4ClassRunner.runChild(BlockJUnit4ClassRunner.java:63)
	at org.junit.runners.ParentRunner$4.run(ParentRunner.java:331)
	at org.junit.runners.ParentRunner$1.schedule(ParentRunner.java:79)
	at org.junit.runners.ParentRunner.runChildren(ParentRunner.java:329)
	at org.junit.runners.ParentRunner.access$100(ParentRunner.java:66)
	at org.junit.runners.ParentRunner$2.evaluate(ParentRunner.java:293)
	at org.junit.internal.runners.statements.RunBefores.evaluate(RunBefores.java:26)
	at org.junit.internal.runners.statements.RunAfters.evaluate(RunAfters.java:27)
	at org.junit.runners.ParentRunner$3.evaluate(ParentRunner.java:306)
	at org.junit.runners.ParentRunner.run(ParentRunner.java:413)
	at org.junit.runner.JUnitCore.run(JUnitCore.java:137)
	at org.junit.runner.JUnitCore.run(JUnitCore.java:115)
	at org.junit.vintage.engine.execution.RunnerExecutor.execute(RunnerExecutor.java:43)
	at java.util.stream.ForEachOps$ForEachOp$OfRef.accept(ForEachOps.java:183)
	at java.util.stream.ReferencePipeline$3$1.accept(ReferencePipeline.java:193)
	at java.util.Iterator.forEachRemaining(Iterator.java:116)
	at java.util.Spliterators$IteratorSpliterator.forEachRemaining(Spliterators.java:1801)
	at java.util.stream.AbstractPipeline.copyInto(AbstractPipeline.java:482)
	at java.util.stream.AbstractPipeline.wrapAndCopyInto(AbstractPipeline.java:472)
	at java.util.stream.ForEachOps$ForEachOp.evaluateSequential(ForEachOps.java:150)
	at java.util.stream.ForEachOps$ForEachOp$OfRef.evaluateSequential(ForEachOps.java:173)
	at java.util.stream.AbstractPipeline.evaluate(AbstractPipeline.java:234)
	at java.util.stream.ReferencePipeline.forEach(ReferencePipeline.java:485)
	at org.junit.vintage.engine.VintageTestEngine.executeAllChildren(VintageTestEngine.java:82)
	at org.junit.vintage.engine.VintageTestEngine.execute(VintageTestEngine.java:73)
	at org.junit.platform.launcher.core.EngineExecutionOrchestrator.execute(EngineExecutionOrchestrator.java:108)
	at org.junit.platform.launcher.core.EngineExecutionOrchestrator.execute(EngineExecutionOrchestrator.java:88)
	at org.junit.platform.launcher.core.EngineExecutionOrchestrator.lambda$execute$0(EngineExecutionOrchestrator.java:54)
	at org.junit.platform.launcher.core.EngineExecutionOrchestrator.withInterceptedStreams(EngineExecutionOrchestrator.java:67)
	at org.junit.platform.launcher.core.EngineExecutionOrchestrator.execute(EngineExecutionOrchestrator.java:52)
	at org.junit.platform.launcher.core.DefaultLauncher.execute(DefaultLauncher.java:96)
	at org.junit.platform.launcher.core.DefaultLauncher.execute(DefaultLauncher.java:75)
	at org.apache.maven.surefire.junitplatform.JUnitPlatformProvider.invokeAllTests(JUnitPlatformProvider.java:142)
	at org.apache.maven.surefire.junitplatform.JUnitPlatformProvider.invoke(JUnitPlatformProvider.java:113)
	at org.apache.maven.surefire.booter.ForkedBooter.invokeProviderInSameClassLoader(ForkedBooter.java:384)
	at org.apache.maven.surefire.booter.ForkedBooter.runSuitesInProcess(ForkedBooter.java:345)
	at org.apache.maven.surefire.booter.ForkedBooter.execute(ForkedBooter.java:126)
	at org.apache.maven.surefire.booter.ForkedBooter.main(ForkedBooter.java:418)
</error>
  </testcase>
  <testcase name="testSCMHandlesRestartForMaintenanceNode" classname="org.apache.hadoop.ozone.scm.node.TestDecommissionAndMaintenance" time="100.001">
    <error message="Failed to obtain available cluster in time" type="java.io.IOException">java.io.IOException: Failed to obtain available cluster in time
	at org.apache.hadoop.ozone.MiniOzoneClusterProvider.provide(MiniOzoneClusterProvider.java:162)
	at org.apache.hadoop.ozone.scm.node.TestDecommissionAndMaintenance.setUp(TestDecommissionAndMaintenance.java:144)
	at sun.reflect.NativeMethodAccessorImpl.invoke0(Native Method)
	at sun.reflect.NativeMethodAccessorImpl.invoke(NativeMethodAccessorImpl.java:62)
	at sun.reflect.DelegatingMethodAccessorImpl.invoke(DelegatingMethodAccessorImpl.java:43)
	at java.lang.reflect.Method.invoke(Method.java:498)
	at org.junit.runners.model.FrameworkMethod$1.runReflectiveCall(FrameworkMethod.java:59)
	at org.junit.internal.runners.model.ReflectiveCallable.run(ReflectiveCallable.java:12)
	at org.junit.runners.model.FrameworkMethod.invokeExplosively(FrameworkMethod.java:56)
	at org.junit.internal.runners.statements.RunBefores.invokeMethod(RunBefores.java:33)
	at org.junit.internal.runners.statements.RunBefores.evaluate(RunBefores.java:24)
	at org.junit.internal.runners.statements.RunAfters.evaluate(RunAfters.java:27)
	at org.junit.runners.ParentRunner$3.evaluate(ParentRunner.java:306)
	at org.junit.runners.BlockJUnit4ClassRunner$1.evaluate(BlockJUnit4ClassRunner.java:100)
	at org.junit.runners.ParentRunner.runLeaf(ParentRunner.java:366)
	at org.junit.runners.BlockJUnit4ClassRunner.runChild(BlockJUnit4ClassRunner.java:103)
	at org.junit.runners.BlockJUnit4ClassRunner.runChild(BlockJUnit4ClassRunner.java:63)
	at org.junit.runners.ParentRunner$4.run(ParentRunner.java:331)
	at org.junit.runners.ParentRunner$1.schedule(ParentRunner.java:79)
	at org.junit.runners.ParentRunner.runChildren(ParentRunner.java:329)
	at org.junit.runners.ParentRunner.access$100(ParentRunner.java:66)
	at org.junit.runners.ParentRunner$2.evaluate(ParentRunner.java:293)
	at org.junit.internal.runners.statements.RunBefores.evaluate(RunBefores.java:26)
	at org.junit.internal.runners.statements.RunAfters.evaluate(RunAfters.java:27)
	at org.junit.runners.ParentRunner$3.evaluate(ParentRunner.java:306)
	at org.junit.runners.ParentRunner.run(ParentRunner.java:413)
	at org.junit.runner.JUnitCore.run(JUnitCore.java:137)
	at org.junit.runner.JUnitCore.run(JUnitCore.java:115)
	at org.junit.vintage.engine.execution.RunnerExecutor.execute(RunnerExecutor.java:43)
	at java.util.stream.ForEachOps$ForEachOp$OfRef.accept(ForEachOps.java:183)
	at java.util.stream.ReferencePipeline$3$1.accept(ReferencePipeline.java:193)
	at java.util.Iterator.forEachRemaining(Iterator.java:116)
	at java.util.Spliterators$IteratorSpliterator.forEachRemaining(Spliterators.java:1801)
	at java.util.stream.AbstractPipeline.copyInto(AbstractPipeline.java:482)
	at java.util.stream.AbstractPipeline.wrapAndCopyInto(AbstractPipeline.java:472)
	at java.util.stream.ForEachOps$ForEachOp.evaluateSequential(ForEachOps.java:150)
	at java.util.stream.ForEachOps$ForEachOp$OfRef.evaluateSequential(ForEachOps.java:173)
	at java.util.stream.AbstractPipeline.evaluate(AbstractPipeline.java:234)
	at java.util.stream.ReferencePipeline.forEach(ReferencePipeline.java:485)
	at org.junit.vintage.engine.VintageTestEngine.executeAllChildren(VintageTestEngine.java:82)
	at org.junit.vintage.engine.VintageTestEngine.execute(VintageTestEngine.java:73)
	at org.junit.platform.launcher.core.EngineExecutionOrchestrator.execute(EngineExecutionOrchestrator.java:108)
	at org.junit.platform.launcher.core.EngineExecutionOrchestrator.execute(EngineExecutionOrchestrator.java:88)
	at org.junit.platform.launcher.core.EngineExecutionOrchestrator.lambda$execute$0(EngineExecutionOrchestrator.java:54)
	at org.junit.platform.launcher.core.EngineExecutionOrchestrator.withInterceptedStreams(EngineExecutionOrchestrator.java:67)
	at org.junit.platform.launcher.core.EngineExecutionOrchestrator.execute(EngineExecutionOrchestrator.java:52)
	at org.junit.platform.launcher.core.DefaultLauncher.execute(DefaultLauncher.java:96)
	at org.junit.platform.launcher.core.DefaultLauncher.execute(DefaultLauncher.java:75)
	at org.apache.maven.surefire.junitplatform.JUnitPlatformProvider.invokeAllTests(JUnitPlatformProvider.java:142)
	at org.apache.maven.surefire.junitplatform.JUnitPlatformProvider.invoke(JUnitPlatformProvider.java:113)
	at org.apache.maven.surefire.booter.ForkedBooter.invokeProviderInSameClassLoader(ForkedBooter.java:384)
	at org.apache.maven.surefire.booter.ForkedBooter.runSuitesInProcess(ForkedBooter.java:345)
	at org.apache.maven.surefire.booter.ForkedBooter.execute(ForkedBooter.java:126)
	at org.apache.maven.surefire.booter.ForkedBooter.main(ForkedBooter.java:418)
</error>
  </testcase>
  <testcase name="testStoppedDecommissionedNodeTakesSCMStateOnRestart" classname="org.apache.hadoop.ozone.scm.node.TestDecommissionAndMaintenance" time="100.001">
    <error message="Failed to obtain available cluster in time" type="java.io.IOException">java.io.IOException: Failed to obtain available cluster in time
	at org.apache.hadoop.ozone.MiniOzoneClusterProvider.provide(MiniOzoneClusterProvider.java:162)
	at org.apache.hadoop.ozone.scm.node.TestDecommissionAndMaintenance.setUp(TestDecommissionAndMaintenance.java:144)
	at sun.reflect.NativeMethodAccessorImpl.invoke0(Native Method)
	at sun.reflect.NativeMethodAccessorImpl.invoke(NativeMethodAccessorImpl.java:62)
	at sun.reflect.DelegatingMethodAccessorImpl.invoke(DelegatingMethodAccessorImpl.java:43)
	at java.lang.reflect.Method.invoke(Method.java:498)
	at org.junit.runners.model.FrameworkMethod$1.runReflectiveCall(FrameworkMethod.java:59)
	at org.junit.internal.runners.model.ReflectiveCallable.run(ReflectiveCallable.java:12)
	at org.junit.runners.model.FrameworkMethod.invokeExplosively(FrameworkMethod.java:56)
	at org.junit.internal.runners.statements.RunBefores.invokeMethod(RunBefores.java:33)
	at org.junit.internal.runners.statements.RunBefores.evaluate(RunBefores.java:24)
	at org.junit.internal.runners.statements.RunAfters.evaluate(RunAfters.java:27)
	at org.junit.runners.ParentRunner$3.evaluate(ParentRunner.java:306)
	at org.junit.runners.BlockJUnit4ClassRunner$1.evaluate(BlockJUnit4ClassRunner.java:100)
	at org.junit.runners.ParentRunner.runLeaf(ParentRunner.java:366)
	at org.junit.runners.BlockJUnit4ClassRunner.runChild(BlockJUnit4ClassRunner.java:103)
	at org.junit.runners.BlockJUnit4ClassRunner.runChild(BlockJUnit4ClassRunner.java:63)
	at org.junit.runners.ParentRunner$4.run(ParentRunner.java:331)
	at org.junit.runners.ParentRunner$1.schedule(ParentRunner.java:79)
	at org.junit.runners.ParentRunner.runChildren(ParentRunner.java:329)
	at org.junit.runners.ParentRunner.access$100(ParentRunner.java:66)
	at org.junit.runners.ParentRunner$2.evaluate(ParentRunner.java:293)
	at org.junit.internal.runners.statements.RunBefores.evaluate(RunBefores.java:26)
	at org.junit.internal.runners.statements.RunAfters.evaluate(RunAfters.java:27)
	at org.junit.runners.ParentRunner$3.evaluate(ParentRunner.java:306)
	at org.junit.runners.ParentRunner.run(ParentRunner.java:413)
	at org.junit.runner.JUnitCore.run(JUnitCore.java:137)
	at org.junit.runner.JUnitCore.run(JUnitCore.java:115)
	at org.junit.vintage.engine.execution.RunnerExecutor.execute(RunnerExecutor.java:43)
	at java.util.stream.ForEachOps$ForEachOp$OfRef.accept(ForEachOps.java:183)
	at java.util.stream.ReferencePipeline$3$1.accept(ReferencePipeline.java:193)
	at java.util.Iterator.forEachRemaining(Iterator.java:116)
	at java.util.Spliterators$IteratorSpliterator.forEachRemaining(Spliterators.java:1801)
	at java.util.stream.AbstractPipeline.copyInto(AbstractPipeline.java:482)
	at java.util.stream.AbstractPipeline.wrapAndCopyInto(AbstractPipeline.java:472)
	at java.util.stream.ForEachOps$ForEachOp.evaluateSequential(ForEachOps.java:150)
	at java.util.stream.ForEachOps$ForEachOp$OfRef.evaluateSequential(ForEachOps.java:173)
	at java.util.stream.AbstractPipeline.evaluate(AbstractPipeline.java:234)
	at java.util.stream.ReferencePipeline.forEach(ReferencePipeline.java:485)
	at org.junit.vintage.engine.VintageTestEngine.executeAllChildren(VintageTestEngine.java:82)
	at org.junit.vintage.engine.VintageTestEngine.execute(VintageTestEngine.java:73)
	at org.junit.platform.launcher.core.EngineExecutionOrchestrator.execute(EngineExecutionOrchestrator.java:108)
	at org.junit.platform.launcher.core.EngineExecutionOrchestrator.execute(EngineExecutionOrchestrator.java:88)
	at org.junit.platform.launcher.core.EngineExecutionOrchestrator.lambda$execute$0(EngineExecutionOrchestrator.java:54)
	at org.junit.platform.launcher.core.EngineExecutionOrchestrator.withInterceptedStreams(EngineExecutionOrchestrator.java:67)
	at org.junit.platform.launcher.core.EngineExecutionOrchestrator.execute(EngineExecutionOrchestrator.java:52)
	at org.junit.platform.launcher.core.DefaultLauncher.execute(DefaultLauncher.java:96)
	at org.junit.platform.launcher.core.DefaultLauncher.execute(DefaultLauncher.java:75)
	at org.apache.maven.surefire.junitplatform.JUnitPlatformProvider.invokeAllTests(JUnitPlatformProvider.java:142)
	at org.apache.maven.surefire.junitplatform.JUnitPlatformProvider.invoke(JUnitPlatformProvider.java:113)
	at org.apache.maven.surefire.booter.ForkedBooter.invokeProviderInSameClassLoader(ForkedBooter.java:384)
	at org.apache.maven.surefire.booter.ForkedBooter.runSuitesInProcess(ForkedBooter.java:345)
	at org.apache.maven.surefire.booter.ForkedBooter.execute(ForkedBooter.java:126)
	at org.apache.maven.surefire.booter.ForkedBooter.main(ForkedBooter.java:418)
</error>
  </testcase>
  <testcase name="testEnteringMaintenanceNodeCompletesAfterSCMRestart" classname="org.apache.hadoop.ozone.scm.node.TestDecommissionAndMaintenance" time="100.004">
    <error message="Failed to obtain available cluster in time" type="java.io.IOException">java.io.IOException: Failed to obtain available cluster in time
	at org.apache.hadoop.ozone.MiniOzoneClusterProvider.provide(MiniOzoneClusterProvider.java:162)
	at org.apache.hadoop.ozone.scm.node.TestDecommissionAndMaintenance.setUp(TestDecommissionAndMaintenance.java:144)
	at sun.reflect.NativeMethodAccessorImpl.invoke0(Native Method)
	at sun.reflect.NativeMethodAccessorImpl.invoke(NativeMethodAccessorImpl.java:62)
	at sun.reflect.DelegatingMethodAccessorImpl.invoke(DelegatingMethodAccessorImpl.java:43)
	at java.lang.reflect.Method.invoke(Method.java:498)
	at org.junit.runners.model.FrameworkMethod$1.runReflectiveCall(FrameworkMethod.java:59)
	at org.junit.internal.runners.model.ReflectiveCallable.run(ReflectiveCallable.java:12)
	at org.junit.runners.model.FrameworkMethod.invokeExplosively(FrameworkMethod.java:56)
	at org.junit.internal.runners.statements.RunBefores.invokeMethod(RunBefores.java:33)
	at org.junit.internal.runners.statements.RunBefores.evaluate(RunBefores.java:24)
	at org.junit.internal.runners.statements.RunAfters.evaluate(RunAfters.java:27)
	at org.junit.runners.ParentRunner$3.evaluate(ParentRunner.java:306)
	at org.junit.runners.BlockJUnit4ClassRunner$1.evaluate(BlockJUnit4ClassRunner.java:100)
	at org.junit.runners.ParentRunner.runLeaf(ParentRunner.java:366)
	at org.junit.runners.BlockJUnit4ClassRunner.runChild(BlockJUnit4ClassRunner.java:103)
	at org.junit.runners.BlockJUnit4ClassRunner.runChild(BlockJUnit4ClassRunner.java:63)
	at org.junit.runners.ParentRunner$4.run(ParentRunner.java:331)
	at org.junit.runners.ParentRunner$1.schedule(ParentRunner.java:79)
	at org.junit.runners.ParentRunner.runChildren(ParentRunner.java:329)
	at org.junit.runners.ParentRunner.access$100(ParentRunner.java:66)
	at org.junit.runners.ParentRunner$2.evaluate(ParentRunner.java:293)
	at org.junit.internal.runners.statements.RunBefores.evaluate(RunBefores.java:26)
	at org.junit.internal.runners.statements.RunAfters.evaluate(RunAfters.java:27)
	at org.junit.runners.ParentRunner$3.evaluate(ParentRunner.java:306)
	at org.junit.runners.ParentRunner.run(ParentRunner.java:413)
	at org.junit.runner.JUnitCore.run(JUnitCore.java:137)
	at org.junit.runner.JUnitCore.run(JUnitCore.java:115)
	at org.junit.vintage.engine.execution.RunnerExecutor.execute(RunnerExecutor.java:43)
	at java.util.stream.ForEachOps$ForEachOp$OfRef.accept(ForEachOps.java:183)
	at java.util.stream.ReferencePipeline$3$1.accept(ReferencePipeline.java:193)
	at java.util.Iterator.forEachRemaining(Iterator.java:116)
	at java.util.Spliterators$IteratorSpliterator.forEachRemaining(Spliterators.java:1801)
	at java.util.stream.AbstractPipeline.copyInto(AbstractPipeline.java:482)
	at java.util.stream.AbstractPipeline.wrapAndCopyInto(AbstractPipeline.java:472)
	at java.util.stream.ForEachOps$ForEachOp.evaluateSequential(ForEachOps.java:150)
	at java.util.stream.ForEachOps$ForEachOp$OfRef.evaluateSequential(ForEachOps.java:173)
	at java.util.stream.AbstractPipeline.evaluate(AbstractPipeline.java:234)
	at java.util.stream.ReferencePipeline.forEach(ReferencePipeline.java:485)
	at org.junit.vintage.engine.VintageTestEngine.executeAllChildren(VintageTestEngine.java:82)
	at org.junit.vintage.engine.VintageTestEngine.execute(VintageTestEngine.java:73)
	at org.junit.platform.launcher.core.EngineExecutionOrchestrator.execute(EngineExecutionOrchestrator.java:108)
	at org.junit.platform.launcher.core.EngineExecutionOrchestrator.execute(EngineExecutionOrchestrator.java:88)
	at org.junit.platform.launcher.core.EngineExecutionOrchestrator.lambda$execute$0(EngineExecutionOrchestrator.java:54)
	at org.junit.platform.launcher.core.EngineExecutionOrchestrator.withInterceptedStreams(EngineExecutionOrchestrator.java:67)
	at org.junit.platform.launcher.core.EngineExecutionOrchestrator.execute(EngineExecutionOrchestrator.java:52)
	at org.junit.platform.launcher.core.DefaultLauncher.execute(DefaultLauncher.java:96)
	at org.junit.platform.launcher.core.DefaultLauncher.execute(DefaultLauncher.java:75)
	at org.apache.maven.surefire.junitplatform.JUnitPlatformProvider.invokeAllTests(JUnitPlatformProvider.java:142)
	at org.apache.maven.surefire.junitplatform.JUnitPlatformProvider.invoke(JUnitPlatformProvider.java:113)
	at org.apache.maven.surefire.booter.ForkedBooter.invokeProviderInSameClassLoader(ForkedBooter.java:384)
	at org.apache.maven.surefire.booter.ForkedBooter.runSuitesInProcess(ForkedBooter.java:345)
	at org.apache.maven.surefire.booter.ForkedBooter.execute(ForkedBooter.java:126)
	at org.apache.maven.surefire.booter.ForkedBooter.main(ForkedBooter.java:418)
</error>
  </testcase>
  <testcase name="testDecommissioningNodesCompleteDecommissionOnSCMRestart" classname="org.apache.hadoop.ozone.scm.node.TestDecommissionAndMaintenance" time="99.998">
    <error message="Failed to obtain available cluster in time" type="java.io.IOException">java.io.IOException: Failed to obtain available cluster in time
	at org.apache.hadoop.ozone.MiniOzoneClusterProvider.provide(MiniOzoneClusterProvider.java:162)
	at org.apache.hadoop.ozone.scm.node.TestDecommissionAndMaintenance.setUp(TestDecommissionAndMaintenance.java:144)
	at sun.reflect.NativeMethodAccessorImpl.invoke0(Native Method)
	at sun.reflect.NativeMethodAccessorImpl.invoke(NativeMethodAccessorImpl.java:62)
	at sun.reflect.DelegatingMethodAccessorImpl.invoke(DelegatingMethodAccessorImpl.java:43)
	at java.lang.reflect.Method.invoke(Method.java:498)
	at org.junit.runners.model.FrameworkMethod$1.runReflectiveCall(FrameworkMethod.java:59)
	at org.junit.internal.runners.model.ReflectiveCallable.run(ReflectiveCallable.java:12)
	at org.junit.runners.model.FrameworkMethod.invokeExplosively(FrameworkMethod.java:56)
	at org.junit.internal.runners.statements.RunBefores.invokeMethod(RunBefores.java:33)
	at org.junit.internal.runners.statements.RunBefores.evaluate(RunBefores.java:24)
	at org.junit.internal.runners.statements.RunAfters.evaluate(RunAfters.java:27)
	at org.junit.runners.ParentRunner$3.evaluate(ParentRunner.java:306)
	at org.junit.runners.BlockJUnit4ClassRunner$1.evaluate(BlockJUnit4ClassRunner.java:100)
	at org.junit.runners.ParentRunner.runLeaf(ParentRunner.java:366)
	at org.junit.runners.BlockJUnit4ClassRunner.runChild(BlockJUnit4ClassRunner.java:103)
	at org.junit.runners.BlockJUnit4ClassRunner.runChild(BlockJUnit4ClassRunner.java:63)
	at org.junit.runners.ParentRunner$4.run(ParentRunner.java:331)
	at org.junit.runners.ParentRunner$1.schedule(ParentRunner.java:79)
	at org.junit.runners.ParentRunner.runChildren(ParentRunner.java:329)
	at org.junit.runners.ParentRunner.access$100(ParentRunner.java:66)
	at org.junit.runners.ParentRunner$2.evaluate(ParentRunner.java:293)
	at org.junit.internal.runners.statements.RunBefores.evaluate(RunBefores.java:26)
	at org.junit.internal.runners.statements.RunAfters.evaluate(RunAfters.java:27)
	at org.junit.runners.ParentRunner$3.evaluate(ParentRunner.java:306)
	at org.junit.runners.ParentRunner.run(ParentRunner.java:413)
	at org.junit.runner.JUnitCore.run(JUnitCore.java:137)
	at org.junit.runner.JUnitCore.run(JUnitCore.java:115)
	at org.junit.vintage.engine.execution.RunnerExecutor.execute(RunnerExecutor.java:43)
	at java.util.stream.ForEachOps$ForEachOp$OfRef.accept(ForEachOps.java:183)
	at java.util.stream.ReferencePipeline$3$1.accept(ReferencePipeline.java:193)
	at java.util.Iterator.forEachRemaining(Iterator.java:116)
	at java.util.Spliterators$IteratorSpliterator.forEachRemaining(Spliterators.java:1801)
	at java.util.stream.AbstractPipeline.copyInto(AbstractPipeline.java:482)
	at java.util.stream.AbstractPipeline.wrapAndCopyInto(AbstractPipeline.java:472)
	at java.util.stream.ForEachOps$ForEachOp.evaluateSequential(ForEachOps.java:150)
	at java.util.stream.ForEachOps$ForEachOp$OfRef.evaluateSequential(ForEachOps.java:173)
	at java.util.stream.AbstractPipeline.evaluate(AbstractPipeline.java:234)
	at java.util.stream.ReferencePipeline.forEach(ReferencePipeline.java:485)
	at org.junit.vintage.engine.VintageTestEngine.executeAllChildren(VintageTestEngine.java:82)
	at org.junit.vintage.engine.VintageTestEngine.execute(VintageTestEngine.java:73)
	at org.junit.platform.launcher.core.EngineExecutionOrchestrator.execute(EngineExecutionOrchestrator.java:108)
	at org.junit.platform.launcher.core.EngineExecutionOrchestrator.execute(EngineExecutionOrchestrator.java:88)
	at org.junit.platform.launcher.core.EngineExecutionOrchestrator.lambda$execute$0(EngineExecutionOrchestrator.java:54)
	at org.junit.platform.launcher.core.EngineExecutionOrchestrator.withInterceptedStreams(EngineExecutionOrchestrator.java:67)
	at org.junit.platform.launcher.core.EngineExecutionOrchestrator.execute(EngineExecutionOrchestrator.java:52)
	at org.junit.platform.launcher.core.DefaultLauncher.execute(DefaultLauncher.java:96)
	at org.junit.platform.launcher.core.DefaultLauncher.execute(DefaultLauncher.java:75)
	at org.apache.maven.surefire.junitplatform.JUnitPlatformProvider.invokeAllTests(JUnitPlatformProvider.java:142)
	at org.apache.maven.surefire.junitplatform.JUnitPlatformProvider.invoke(JUnitPlatformProvider.java:113)
	at org.apache.maven.surefire.booter.ForkedBooter.invokeProviderInSameClassLoader(ForkedBooter.java:384)
	at org.apache.maven.surefire.booter.ForkedBooter.runSuitesInProcess(ForkedBooter.java:345)
	at org.apache.maven.surefire.booter.ForkedBooter.execute(ForkedBooter.java:126)
	at org.apache.maven.surefire.booter.ForkedBooter.main(ForkedBooter.java:418)
</error>
  </testcase>
</testsuite>