<?xml version="1.0" encoding="UTF-8"?>
<testsuite xmlns:xsi="http://www.w3.org/2001/XMLSchema-instance" xsi:noNamespaceSchemaLocation="https://maven.apache.org/surefire/maven-surefire-plugin/xsd/surefire-test-report.xsd" name="org.apache.hadoop.ozone.client.rpc.TestBlockOutputStreamWithFailuresFlushDelay" time="650.896" tests="5" errors="1" skipped="0" failures="0">
  <properties>
    <property name="awt.toolkit" value="sun.awt.X11.XToolkit"/>
    <property name="file.encoding.pkg" value="sun.io"/>
    <property name="java.specification.version" value="1.8"/>
    <property name="sun.cpu.isalist" value=""/>
    <property name="sun.jnu.encoding" value="UTF-8"/>
    <property name="java.class.path" value="/home/runner/work/ozone/ozone/hadoop-ozone/integration-test/target/test-classes:/home/runner/work/ozone/ozone/hadoop-ozone/integration-test/target/classes:/home/runner/.m2/repository/org/apache/ozone/ozone-common/1.2.0-SNAPSHOT/ozone-common-1.2.0-SNAPSHOT.jar:/home/runner/.m2/repository/org/apache/commons/commons-compress/1.20/commons-compress-1.20.jar:/home/runner/.m2/repository/org/apache/ozone/hdds-common/1.2.0-SNAPSHOT/hdds-common-1.2.0-SNAPSHOT.jar:/home/runner/.m2/repository/org/apache/ozone/hdds-client/1.2.0-SNAPSHOT/hdds-client-1.2.0-SNAPSHOT.jar:/home/runner/.m2/repository/org/apache/ozone/ozone-interface-client/1.2.0-SNAPSHOT/ozone-interface-client-1.2.0-SNAPSHOT.jar:/home/runner/.m2/repository/org/apache/ozone/hdds-server-framework/1.2.0-SNAPSHOT/hdds-server-framework-1.2.0-SNAPSHOT.jar:/home/runner/.m2/repository/org/apache/ozone/hdds-interface-server/1.2.0-SNAPSHOT/hdds-interface-server-1.2.0-SNAPSHOT.jar:/home/runner/.m2/repository/org/eclipse/jetty/jetty-servlet/9.4.43.v20210629/jetty-servlet-9.4.43.v20210629.jar:/home/runner/.m2/repository/org/eclipse/jetty/jetty-security/9.4.43.v20210629/jetty-security-9.4.43.v20210629.jar:/home/runner/.m2/repository/org/rocksdb/rocksdbjni/6.20.3/rocksdbjni-6.20.3.jar:/home/runner/.m2/repository/io/prometheus/simpleclient_dropwizard/0.7.0/simpleclient_dropwizard-0.7.0.jar:/home/runner/.m2/repository/io/prometheus/simpleclient/0.7.0/simpleclient-0.7.0.jar:/home/runner/.m2/repository/io/prometheus/simpleclient_common/0.7.0/simpleclient_common-0.7.0.jar:/home/runner/.m2/repository/com/fasterxml/jackson/datatype/jackson-datatype-jsr310/2.12.1/jackson-datatype-jsr310-2.12.1.jar:/home/runner/.m2/repository/org/apache/ozone/hdds-test-utils/1.2.0-SNAPSHOT/hdds-test-utils-1.2.0-SNAPSHOT.jar:/home/runner/.m2/repository/com/google/guava/guava/30.1.1-jre/guava-30.1.1-jre.jar:/home/runner/.m2/repository/com/google/guava/failureaccess/1.0.1/failureaccess-1.0.1.jar:/home/runner/.m2/repository/com/google/guava/listenablefuture/9999.0-empty-to-avoid-conflict-with-guava/listenablefuture-9999.0-empty-to-avoid-conflict-with-guava.jar:/home/runner/.m2/repository/com/google/code/findbugs/jsr305/3.0.0/jsr305-3.0.0.jar:/home/runner/.m2/repository/org/checkerframework/checker-qual/3.8.0/checker-qual-3.8.0.jar:/home/runner/.m2/repository/com/google/errorprone/error_prone_annotations/2.2.0/error_prone_annotations-2.2.0.jar:/home/runner/.m2/repository/com/google/j2objc/j2objc-annotations/1.3/j2objc-annotations-1.3.jar:/home/runner/.m2/repository/commons-io/commons-io/2.11.0/commons-io-2.11.0.jar:/home/runner/.m2/repository/commons-logging/commons-logging/1.2/commons-logging-1.2.jar:/home/runner/.m2/repository/log4j/log4j/1.2.17/log4j-1.2.17.jar:/home/runner/.m2/repository/org/slf4j/slf4j-api/1.7.30/slf4j-api-1.7.30.jar:/home/runner/.m2/repository/org/apache/ozone/hdds-server-scm/1.2.0-SNAPSHOT/hdds-server-scm-1.2.0-SNAPSHOT.jar:/home/runner/.m2/repository/org/apache/ozone/hdds-container-service/1.2.0-SNAPSHOT/hdds-container-service-1.2.0-SNAPSHOT.jar:/home/runner/.m2/repository/org/apache/ozone/hdds-hadoop-dependency-server/1.2.0-SNAPSHOT/hdds-hadoop-dependency-server-1.2.0-SNAPSHOT.jar:/home/runner/.m2/repository/org/apache/hadoop/hadoop-hdfs/3.3.1/hadoop-hdfs-3.3.1.jar:/home/runner/.m2/repository/io/dropwizard/metrics/metrics-core/3.2.4/metrics-core-3.2.4.jar:/home/runner/.m2/repository/org/apache/hadoop/hadoop-hdfs-client/3.3.1/hadoop-hdfs-client-3.3.1.jar:/home/runner/.m2/repository/org/bouncycastle/bcprov-jdk15on/1.67/bcprov-jdk15on-1.67.jar:/home/runner/.m2/repository/com/google/protobuf/protobuf-java/2.5.0/protobuf-java-2.5.0.jar:/home/runner/.m2/repository/org/apache/ozone/ozone-manager/1.2.0-SNAPSHOT/ozone-manager-1.2.0-SNAPSHOT.jar:/home/runner/.m2/repository/org/aspectj/aspectjrt/1.9.7/aspectjrt-1.9.7.jar:/home/runner/.m2/repository/org/aspectj/aspectjweaver/1.9.7/aspectjweaver-1.9.7.jar:/home/runner/.m2/repository/org/apache/ozone/hdds-interface-client/1.2.0-SNAPSHOT/hdds-interface-client-1.2.0-SNAPSHOT.jar:/home/runner/.m2/repository/org/apache/hadoop/thirdparty/hadoop-shaded-protobuf_3_7/1.1.1/hadoop-shaded-protobuf_3_7-1.1.1.jar:/home/runner/.m2/repository/org/apache/ozone/ozone-interface-storage/1.2.0-SNAPSHOT/ozone-interface-storage-1.2.0-SNAPSHOT.jar:/home/runner/.m2/repository/org/reflections/reflections/0.9.11/reflections-0.9.11.jar:/home/runner/.m2/repository/org/apache/hadoop/hadoop-minikdc/3.3.1/hadoop-minikdc-3.3.1.jar:/home/runner/.m2/repository/org/apache/kerby/kerb-simplekdc/1.0.1/kerb-simplekdc-1.0.1.jar:/home/runner/.m2/repository/org/apache/kerby/kerb-client/1.0.1/kerb-client-1.0.1.jar:/home/runner/.m2/repository/org/apache/kerby/kerby-config/1.0.1/kerby-config-1.0.1.jar:/home/runner/.m2/repository/org/apache/kerby/kerb-common/1.0.1/kerb-common-1.0.1.jar:/home/runner/.m2/repository/org/apache/kerby/kerb-crypto/1.0.1/kerb-crypto-1.0.1.jar:/home/runner/.m2/repository/org/apache/kerby/kerb-util/1.0.1/kerb-util-1.0.1.jar:/home/runner/.m2/repository/org/apache/kerby/token-provider/1.0.1/token-provider-1.0.1.jar:/home/runner/.m2/repository/org/apache/kerby/kerb-admin/1.0.1/kerb-admin-1.0.1.jar:/home/runner/.m2/repository/org/apache/kerby/kerb-server/1.0.1/kerb-server-1.0.1.jar:/home/runner/.m2/repository/org/apache/kerby/kerb-identity/1.0.1/kerb-identity-1.0.1.jar:/home/runner/.m2/repository/org/apache/kerby/kerby-xdr/1.0.1/kerby-xdr-1.0.1.jar:/home/runner/.m2/repository/org/slf4j/slf4j-log4j12/1.7.30/slf4j-log4j12-1.7.30.jar:/home/runner/.m2/repository/org/apache/ozone/ozone-s3gateway/1.2.0-SNAPSHOT/ozone-s3gateway-1.2.0-SNAPSHOT.jar:/home/runner/.m2/repository/org/javassist/javassist/3.21.0-GA/javassist-3.21.0-GA.jar:/home/runner/.m2/repository/org/jboss/weld/servlet/weld-servlet/2.4.7.Final/weld-servlet-2.4.7.Final.jar:/home/runner/.m2/repository/org/glassfish/jersey/containers/jersey-container-servlet-core/2.33/jersey-container-servlet-core-2.33.jar:/home/runner/.m2/repository/org/glassfish/hk2/external/jakarta.inject/2.6.1/jakarta.inject-2.6.1.jar:/home/runner/.m2/repository/org/glassfish/jersey/core/jersey-common/2.33/jersey-common-2.33.jar:/home/runner/.m2/repository/jakarta/ws/rs/jakarta.ws.rs-api/2.1.6/jakarta.ws.rs-api-2.1.6.jar:/home/runner/.m2/repository/org/glassfish/jersey/ext/cdi/jersey-cdi1x/2.33/jersey-cdi1x-2.33.jar:/home/runner/.m2/repository/org/glassfish/jersey/inject/jersey-hk2/2.33/jersey-hk2-2.33.jar:/home/runner/.m2/repository/org/glassfish/hk2/hk2-locator/2.6.1/hk2-locator-2.6.1.jar:/home/runner/.m2/repository/org/glassfish/jersey/media/jersey-media-jaxb/2.33/jersey-media-jaxb-2.33.jar:/home/runner/.m2/repository/org/glassfish/hk2/osgi-resource-locator/1.0.3/osgi-resource-locator-1.0.3.jar:/home/runner/.m2/repository/org/glassfish/hk2/hk2-api/2.5.0/hk2-api-2.5.0.jar:/home/runner/.m2/repository/org/glassfish/hk2/hk2-utils/2.5.0/hk2-utils-2.5.0.jar:/home/runner/.m2/repository/org/glassfish/hk2/external/aopalliance-repackaged/2.5.0/aopalliance-repackaged-2.5.0.jar:/home/runner/.m2/repository/com/fasterxml/jackson/dataformat/jackson-dataformat-xml/2.12.1/jackson-dataformat-xml-2.12.1.jar:/home/runner/.m2/repository/com/fasterxml/jackson/core/jackson-core/2.12.1/jackson-core-2.12.1.jar:/home/runner/.m2/repository/com/fasterxml/jackson/module/jackson-module-jaxb-annotations/2.12.1/jackson-module-jaxb-annotations-2.12.1.jar:/home/runner/.m2/repository/jakarta/xml/bind/jakarta.xml.bind-api/2.3.2/jakarta.xml.bind-api-2.3.2.jar:/home/runner/.m2/repository/org/codehaus/woodstox/stax2-api/3.1.4/stax2-api-3.1.4.jar:/home/runner/.m2/repository/com/fasterxml/woodstox/woodstox-core/5.0.3/woodstox-core-5.0.3.jar:/home/runner/.m2/repository/javax/enterprise/cdi-api/1.2/cdi-api-1.2.jar:/home/runner/.m2/repository/javax/el/javax.el-api/3.0.0/javax.el-api-3.0.0.jar:/home/runner/.m2/repository/javax/interceptor/javax.interceptor-api/1.2/javax.interceptor-api-1.2.jar:/home/runner/.m2/repository/javax/inject/javax.inject/1/javax.inject-1.jar:/home/runner/.m2/repository/javax/xml/bind/jaxb-api/2.3.0/jaxb-api-2.3.0.jar:/home/runner/.m2/repository/org/glassfish/jaxb/jaxb-runtime/2.3.0.1/jaxb-runtime-2.3.0.1.jar:/home/runner/.m2/repository/org/glassfish/jaxb/jaxb-core/2.3.0.1/jaxb-core-2.3.0.1.jar:/home/runner/.m2/repository/org/glassfish/jaxb/txw2/2.3.0.1/txw2-2.3.0.1.jar:/home/runner/.m2/repository/com/sun/istack/istack-commons-runtime/3.0.5/istack-commons-runtime-3.0.5.jar:/home/runner/.m2/repository/org/jvnet/staxex/stax-ex/1.7.8/stax-ex-1.7.8.jar:/home/runner/.m2/repository/com/sun/xml/fastinfoset/FastInfoset/1.2.13/FastInfoset-1.2.13.jar:/home/runner/.m2/repository/javax/activation/activation/1.1.1/activation-1.1.1.jar:/home/runner/.m2/repository/org/apache/ozone/ozone-csi/1.2.0-SNAPSHOT/ozone-csi-1.2.0-SNAPSHOT.jar:/home/runner/.m2/repository/com/google/protobuf/protobuf-java-util/3.12.0/protobuf-java-util-3.12.0.jar:/home/runner/.m2/repository/com/google/code/gson/gson/2.2.4/gson-2.2.4.jar:/home/runner/.m2/repository/org/apache/ozone/hdds-config/1.2.0-SNAPSHOT/hdds-config-1.2.0-SNAPSHOT.jar:/home/runner/.m2/repository/io/grpc/grpc-netty/1.33.0/grpc-netty-1.33.0.jar:/home/runner/.m2/repository/io/grpc/grpc-core/1.33.0/grpc-core-1.33.0.jar:/home/runner/.m2/repository/com/google/android/annotations/4.1.1.4/annotations-4.1.1.4.jar:/home/runner/.m2/repository/io/netty/netty-codec-http2/4.1.63.Final/netty-codec-http2-4.1.63.Final.jar:/home/runner/.m2/repository/io/netty/netty-codec-http/4.1.63.Final/netty-codec-http-4.1.63.Final.jar:/home/runner/.m2/repository/io/netty/netty-handler-proxy/4.1.63.Final/netty-handler-proxy-4.1.63.Final.jar:/home/runner/.m2/repository/io/netty/netty-codec-socks/4.1.63.Final/netty-codec-socks-4.1.63.Final.jar:/home/runner/.m2/repository/io/perfmark/perfmark-api/0.19.0/perfmark-api-0.19.0.jar:/home/runner/.m2/repository/org/codehaus/mojo/animal-sniffer-annotations/1.18/animal-sniffer-annotations-1.18.jar:/home/runner/.m2/repository/io/netty/netty-transport-native-epoll/4.1.63.Final/netty-transport-native-epoll-4.1.63.Final.jar:/home/runner/.m2/repository/io/netty/netty-common/4.1.63.Final/netty-common-4.1.63.Final.jar:/home/runner/.m2/repository/io/netty/netty-buffer/4.1.63.Final/netty-buffer-4.1.63.Final.jar:/home/runner/.m2/repository/io/netty/netty-transport-native-unix-common/4.1.63.Final/netty-transport-native-unix-common-4.1.63.Final.jar:/home/runner/.m2/repository/io/grpc/grpc-protobuf/1.33.0/grpc-protobuf-1.33.0.jar:/home/runner/.m2/repository/io/grpc/grpc-api/1.33.0/grpc-api-1.33.0.jar:/home/runner/.m2/repository/io/grpc/grpc-context/1.33.0/grpc-context-1.33.0.jar:/home/runner/.m2/repository/com/google/api/grpc/proto-google-common-protos/1.17.0/proto-google-common-protos-1.17.0.jar:/home/runner/.m2/repository/io/grpc/grpc-protobuf-lite/1.33.0/grpc-protobuf-lite-1.33.0.jar:/home/runner/.m2/repository/io/grpc/grpc-stub/1.33.0/grpc-stub-1.33.0.jar:/home/runner/.m2/repository/org/apache/ozone/ozone-recon/1.2.0-SNAPSHOT/ozone-recon-1.2.0-SNAPSHOT.jar:/home/runner/.m2/repository/org/apache/ozone/ozone-reconcodegen/1.2.0-SNAPSHOT/ozone-reconcodegen-1.2.0-SNAPSHOT.jar:/home/runner/.m2/repository/com/google/inject/extensions/guice-multibindings/4.0/guice-multibindings-4.0.jar:/home/runner/.m2/repository/com/google/inject/guice/4.0/guice-4.0.jar:/home/runner/.m2/repository/aopalliance/aopalliance/1.0/aopalliance-1.0.jar:/home/runner/.m2/repository/com/google/inject/extensions/guice-assistedinject/4.0/guice-assistedinject-4.0.jar:/home/runner/.m2/repository/com/google/inject/extensions/guice-servlet/4.0/guice-servlet-4.0.jar:/home/runner/.m2/repository/org/glassfish/jersey/containers/jersey-container-servlet/2.33/jersey-container-servlet-2.33.jar:/home/runner/.m2/repository/org/glassfish/hk2/guice-bridge/2.5.0/guice-bridge-2.5.0.jar:/home/runner/.m2/repository/org/glassfish/jersey/core/jersey-server/2.33/jersey-server-2.33.jar:/home/runner/.m2/repository/org/glassfish/jersey/core/jersey-client/2.33/jersey-client-2.33.jar:/home/runner/.m2/repository/jakarta/annotation/jakarta.annotation-api/1.3.5/jakarta.annotation-api-1.3.5.jar:/home/runner/.m2/repository/jakarta/validation/jakarta.validation-api/2.0.2/jakarta.validation-api-2.0.2.jar:/home/runner/.m2/repository/org/glassfish/jersey/media/jersey-media-json-jackson/2.33/jersey-media-json-jackson-2.33.jar:/home/runner/.m2/repository/org/glassfish/jersey/ext/jersey-entity-filtering/2.33/jersey-entity-filtering-2.33.jar:/home/runner/.m2/repository/org/jooq/jooq/3.11.10/jooq-3.11.10.jar:/home/runner/.m2/repository/org/jooq/jooq-meta/3.11.10/jooq-meta-3.11.10.jar:/home/runner/.m2/repository/org/jooq/jooq-codegen/3.11.10/jooq-codegen-3.11.10.jar:/home/runner/.m2/repository/com/jolbox/bonecp/0.8.0.RELEASE/bonecp-0.8.0.RELEASE.jar:/home/runner/.m2/repository/org/apache/derby/derby/10.14.2.0/derby-10.14.2.0.jar:/home/runner/.m2/repository/org/xerial/sqlite-jdbc/3.25.2/sqlite-jdbc-3.25.2.jar:/home/runner/.m2/repository/org/springframework/spring-jdbc/5.2.11.RELEASE/spring-jdbc-5.2.11.RELEASE.jar:/home/runner/.m2/repository/org/springframework/spring-beans/5.2.11.RELEASE/spring-beans-5.2.11.RELEASE.jar:/home/runner/.m2/repository/org/springframework/spring-core/5.2.11.RELEASE/spring-core-5.2.11.RELEASE.jar:/home/runner/.m2/repository/org/springframework/spring-jcl/5.2.11.RELEASE/spring-jcl-5.2.11.RELEASE.jar:/home/runner/.m2/repository/org/springframework/spring-tx/5.2.11.RELEASE/spring-tx-5.2.11.RELEASE.jar:/home/runner/.m2/repository/org/apache/ozone/ozone-client/1.2.0-SNAPSHOT/ozone-client-1.2.0-SNAPSHOT.jar:/home/runner/.m2/repository/org/apache/ozone/ozone-filesystem/1.2.0-SNAPSHOT/ozone-filesystem-1.2.0-SNAPSHOT.jar:/home/runner/.m2/repository/org/apache/ozone/ozone-filesystem-common/1.2.0-SNAPSHOT/ozone-filesystem-common-1.2.0-SNAPSHOT.jar:/home/runner/.m2/repository/org/apache/ozone/ozone-tools/1.2.0-SNAPSHOT/ozone-tools-1.2.0-SNAPSHOT.jar:/home/runner/.m2/repository/org/apache/ratis/ratis-tools/2.1.0-03f3b68-SNAPSHOT/ratis-tools-2.1.0-03f3b68-SNAPSHOT.jar:/home/runner/.m2/repository/com/amazonaws/aws-java-sdk-core/1.11.901/aws-java-sdk-core-1.11.901.jar:/home/runner/.m2/repository/org/apache/httpcomponents/httpclient/4.5.13/httpclient-4.5.13.jar:/home/runner/.m2/repository/org/apache/httpcomponents/httpcore/4.4.13/httpcore-4.4.13.jar:/home/runner/.m2/repository/software/amazon/ion/ion-java/1.0.2/ion-java-1.0.2.jar:/home/runner/.m2/repository/com/fasterxml/jackson/dataformat/jackson-dataformat-cbor/2.12.1/jackson-dataformat-cbor-2.12.1.jar:/home/runner/.m2/repository/joda-time/joda-time/2.8.1/joda-time-2.8.1.jar:/home/runner/.m2/repository/com/amazonaws/aws-java-sdk-s3/1.11.901/aws-java-sdk-s3-1.11.901.jar:/home/runner/.m2/repository/com/amazonaws/aws-java-sdk-kms/1.11.901/aws-java-sdk-kms-1.11.901.jar:/home/runner/.m2/repository/com/amazonaws/jmespath-java/1.11.901/jmespath-java-1.11.901.jar:/home/runner/.m2/repository/org/kohsuke/metainf-services/metainf-services/1.8/metainf-services-1.8.jar:/home/runner/.m2/repository/org/apache/ozone/hdds-tools/1.2.0-SNAPSHOT/hdds-tools-1.2.0-SNAPSHOT.jar:/home/runner/.m2/repository/commons-cli/commons-cli/1.2/commons-cli-1.2.jar:/home/runner/.m2/repository/org/apache/commons/commons-lang3/3.7/commons-lang3-3.7.jar:/home/runner/.m2/repository/org/apache/ozone/ozone-manager/1.2.0-SNAPSHOT/ozone-manager-1.2.0-SNAPSHOT-tests.jar:/home/runner/.m2/repository/org/apache/ozone/hdds-common/1.2.0-SNAPSHOT/hdds-common-1.2.0-SNAPSHOT-tests.jar:/home/runner/.m2/repository/org/apache/ozone/hdds-hadoop-dependency-client/1.2.0-SNAPSHOT/hdds-hadoop-dependency-client-1.2.0-SNAPSHOT.jar:/home/runner/.m2/repository/info/picocli/picocli/4.6.1/picocli-4.6.1.jar:/home/runner/.m2/repository/com/fasterxml/jackson/core/jackson-annotations/2.12.1/jackson-annotations-2.12.1.jar:/home/runner/.m2/repository/javax/annotation/javax.annotation-api/1.2/javax.annotation-api-1.2.jar:/home/runner/.m2/repository/org/apache/ratis/ratis-server/2.1.0-03f3b68-SNAPSHOT/ratis-server-2.1.0-03f3b68-SNAPSHOT.jar:/home/runner/.m2/repository/org/apache/ratis/ratis-client/2.1.0-03f3b68-SNAPSHOT/ratis-client-2.1.0-03f3b68-SNAPSHOT.jar:/home/runner/.m2/repository/org/apache/ratis/ratis-server-api/2.1.0-03f3b68-SNAPSHOT/ratis-server-api-2.1.0-03f3b68-SNAPSHOT.jar:/home/runner/.m2/repository/org/apache/ratis/ratis-metrics/2.1.0-03f3b68-SNAPSHOT/ratis-metrics-2.1.0-03f3b68-SNAPSHOT.jar:/home/runner/.m2/repository/org/apache/ratis/ratis-netty/2.1.0-03f3b68-SNAPSHOT/ratis-netty-2.1.0-03f3b68-SNAPSHOT.jar:/home/runner/.m2/repository/org/apache/ratis/ratis-grpc/2.1.0-03f3b68-SNAPSHOT/ratis-grpc-2.1.0-03f3b68-SNAPSHOT.jar:/home/runner/.m2/repository/org/apache/logging/log4j/log4j-api/2.13.3/log4j-api-2.13.3.jar:/home/runner/.m2/repository/org/apache/logging/log4j/log4j-core/2.13.3/log4j-core-2.13.3.jar:/home/runner/.m2/repository/com/lmax/disruptor/3.4.2/disruptor-3.4.2.jar:/home/runner/.m2/repository/org/apache/commons/commons-pool2/2.6.0/commons-pool2-2.6.0.jar:/home/runner/.m2/repository/org/bouncycastle/bcpkix-jdk15on/1.67/bcpkix-jdk15on-1.67.jar:/home/runner/.m2/repository/commons-validator/commons-validator/1.6/commons-validator-1.6.jar:/home/runner/.m2/repository/commons-beanutils/commons-beanutils/1.9.4/commons-beanutils-1.9.4.jar:/home/runner/.m2/repository/commons-digester/commons-digester/1.8.1/commons-digester-1.8.1.jar:/home/runner/.m2/repository/commons-collections/commons-collections/3.2.2/commons-collections-3.2.2.jar:/home/runner/.m2/repository/io/jaegertracing/jaeger-client/1.6.0/jaeger-client-1.6.0.jar:/home/runner/.m2/repository/io/jaegertracing/jaeger-thrift/1.6.0/jaeger-thrift-1.6.0.jar:/home/runner/.m2/repository/org/apache/thrift/libthrift/0.14.1/libthrift-0.14.1.jar:/home/runner/.m2/repository/com/squareup/okhttp3/okhttp/4.9.0/okhttp-4.9.0.jar:/home/runner/.m2/repository/com/squareup/okio/okio/2.8.0/okio-2.8.0.jar:/home/runner/.m2/repository/io/jaegertracing/jaeger-core/1.6.0/jaeger-core-1.6.0.jar:/home/runner/.m2/repository/io/jaegertracing/jaeger-tracerresolver/1.6.0/jaeger-tracerresolver-1.6.0.jar:/home/runner/.m2/repository/io/opentracing/contrib/opentracing-tracerresolver/0.1.8/opentracing-tracerresolver-0.1.8.jar:/home/runner/.m2/repository/org/jetbrains/kotlin/kotlin-stdlib/1.4.31/kotlin-stdlib-1.4.31.jar:/home/runner/.m2/repository/org/jetbrains/kotlin/kotlin-stdlib-common/1.4.31/kotlin-stdlib-common-1.4.31.jar:/home/runner/.m2/repository/org/jetbrains/annotations/13.0/annotations-13.0.jar:/home/runner/.m2/repository/io/opentracing/opentracing-util/0.33.0/opentracing-util-0.33.0.jar:/home/runner/.m2/repository/io/opentracing/opentracing-api/0.33.0/opentracing-api-0.33.0.jar:/home/runner/.m2/repository/io/opentracing/opentracing-noop/0.33.0/opentracing-noop-0.33.0.jar:/home/runner/.m2/repository/org/yaml/snakeyaml/1.26/snakeyaml-1.26.jar:/home/runner/.m2/repository/org/apache/ozone/hdds-interface-admin/1.2.0-SNAPSHOT/hdds-interface-admin-1.2.0-SNAPSHOT.jar:/home/runner/.m2/repository/junit/junit/4.13.1/junit-4.13.1.jar:/home/runner/.m2/repository/org/hamcrest/hamcrest-core/1.3/hamcrest-core-1.3.jar:/home/runner/.m2/repository/org/junit/jupiter/junit-jupiter-api/5.7.0/junit-jupiter-api-5.7.0.jar:/home/runner/.m2/repository/org/apiguardian/apiguardian-api/1.1.0/apiguardian-api-1.1.0.jar:/home/runner/.m2/repository/org/opentest4j/opentest4j/1.2.0/opentest4j-1.2.0.jar:/home/runner/.m2/repository/org/junit/platform/junit-platform-commons/1.7.0/junit-platform-commons-1.7.0.jar:/home/runner/.m2/repository/org/junit/jupiter/junit-jupiter-engine/5.7.0/junit-jupiter-engine-5.7.0.jar:/home/runner/.m2/repository/org/junit/platform/junit-platform-engine/1.7.0/junit-platform-engine-1.7.0.jar:/home/runner/.m2/repository/org/junit/vintage/junit-vintage-engine/5.7.0/junit-vintage-engine-5.7.0.jar:/home/runner/.m2/repository/org/junit/platform/junit-platform-launcher/1.7.0/junit-platform-launcher-1.7.0.jar:/home/runner/.m2/repository/org/openjdk/jmh/jmh-core/1.19/jmh-core-1.19.jar:/home/runner/.m2/repository/net/sf/jopt-simple/jopt-simple/4.6/jopt-simple-4.6.jar:/home/runner/.m2/repository/org/apache/commons/commons-math3/3.1.1/commons-math3-3.1.1.jar:/home/runner/.m2/repository/org/openjdk/jmh/jmh-generator-annprocess/1.19/jmh-generator-annprocess-1.19.jar:/home/runner/.m2/repository/org/mockito/mockito-core/2.28.2/mockito-core-2.28.2.jar:/home/runner/.m2/repository/net/bytebuddy/byte-buddy/1.9.10/byte-buddy-1.9.10.jar:/home/runner/.m2/repository/net/bytebuddy/byte-buddy-agent/1.9.10/byte-buddy-agent-1.9.10.jar:/home/runner/.m2/repository/org/objenesis/objenesis/1.0/objenesis-1.0.jar:/home/runner/.m2/repository/org/apache/hadoop/hadoop-kms/3.3.1/hadoop-kms-3.3.1.jar:/home/runner/.m2/repository/org/apache/hadoop/hadoop-auth/3.3.1/hadoop-auth-3.3.1.jar:/home/runner/.m2/repository/com/nimbusds/nimbus-jose-jwt/7.9/nimbus-jose-jwt-7.9.jar:/home/runner/.m2/repository/com/github/stephenc/jcip/jcip-annotations/1.0-1/jcip-annotations-1.0-1.jar:/home/runner/.m2/repository/net/minidev/json-smart/2.3/json-smart-2.3.jar:/home/runner/.m2/repository/net/minidev/accessors-smart/1.2/accessors-smart-1.2.jar:/home/runner/.m2/repository/org/ow2/asm/asm/5.0.4/asm-5.0.4.jar:/home/runner/.m2/repository/org/apache/zookeeper/zookeeper/3.5.6/zookeeper-3.5.6.jar:/home/runner/.m2/repository/org/apache/zookeeper/zookeeper-jute/3.5.6/zookeeper-jute-3.5.6.jar:/home/runner/.m2/repository/org/apache/yetus/audience-annotations/0.5.0/audience-annotations-0.5.0.jar:/home/runner/.m2/repository/org/apache/curator/curator-framework/4.2.0/curator-framework-4.2.0.jar:/home/runner/.m2/repository/org/apache/hadoop/thirdparty/hadoop-shaded-guava/1.1.1/hadoop-shaded-guava-1.1.1.jar:/home/runner/.m2/repository/com/sun/jersey/jersey-core/1.19/jersey-core-1.19.jar:/home/runner/.m2/repository/javax/ws/rs/jsr311-api/1.1.1/jsr311-api-1.1.1.jar:/home/runner/.m2/repository/com/sun/jersey/jersey-server/1.19/jersey-server-1.19.jar:/home/runner/.m2/repository/javax/servlet/javax.servlet-api/3.1.0/javax.servlet-api-3.1.0.jar:/home/runner/.m2/repository/org/eclipse/jetty/jetty-server/9.4.43.v20210629/jetty-server-9.4.43.v20210629.jar:/home/runner/.m2/repository/org/eclipse/jetty/jetty-http/9.4.43.v20210629/jetty-http-9.4.43.v20210629.jar:/home/runner/.m2/repository/org/eclipse/jetty/jetty-io/9.4.43.v20210629/jetty-io-9.4.43.v20210629.jar:/home/runner/.m2/repository/org/eclipse/jetty/jetty-webapp/9.4.43.v20210629/jetty-webapp-9.4.43.v20210629.jar:/home/runner/.m2/repository/org/eclipse/jetty/jetty-xml/9.4.43.v20210629/jetty-xml-9.4.43.v20210629.jar:/home/runner/.m2/repository/org/apache/hadoop/hadoop-common/3.3.1/hadoop-common-3.3.1.jar:/home/runner/.m2/repository/commons-net/commons-net/3.6/commons-net-3.6.jar:/home/runner/.m2/repository/jakarta/activation/jakarta.activation-api/1.2.1/jakarta.activation-api-1.2.1.jar:/home/runner/.m2/repository/com/sun/jersey/jersey-servlet/1.19/jersey-servlet-1.19.jar:/home/runner/.m2/repository/com/sun/jersey/jersey-json/1.19/jersey-json-1.19.jar:/home/runner/.m2/repository/org/codehaus/jettison/jettison/1.1/jettison-1.1.jar:/home/runner/.m2/repository/com/sun/xml/bind/jaxb-impl/2.2.3-1/jaxb-impl-2.2.3-1.jar:/home/runner/.m2/repository/org/codehaus/jackson/jackson-jaxrs/1.9.2/jackson-jaxrs-1.9.2.jar:/home/runner/.m2/repository/org/codehaus/jackson/jackson-xc/1.9.2/jackson-xc-1.9.2.jar:/home/runner/.m2/repository/org/apache/commons/commons-configuration2/2.1.1/commons-configuration2-2.1.1.jar:/home/runner/.m2/repository/org/apache/commons/commons-text/1.4/commons-text-1.4.jar:/home/runner/.m2/repository/com/google/re2j/re2j/1.1/re2j-1.1.jar:/home/runner/.m2/repository/com/jcraft/jsch/0.1.54/jsch-0.1.54.jar:/home/runner/.m2/repository/org/apache/curator/curator-client/4.2.0/curator-client-4.2.0.jar:/home/runner/.m2/repository/org/apache/curator/curator-recipes/4.2.0/curator-recipes-4.2.0.jar:/home/runner/.m2/repository/org/apache/kerby/kerb-core/1.0.1/kerb-core-1.0.1.jar:/home/runner/.m2/repository/org/apache/kerby/kerby-pkix/1.0.1/kerby-pkix-1.0.1.jar:/home/runner/.m2/repository/org/apache/kerby/kerby-asn1/1.0.1/kerby-asn1-1.0.1.jar:/home/runner/.m2/repository/org/apache/kerby/kerby-util/1.0.1/kerby-util-1.0.1.jar:/home/runner/.m2/repository/dnsjava/dnsjava/2.1.7/dnsjava-2.1.7.jar:/home/runner/.m2/repository/org/xerial/snappy/snappy-java/1.1.8.2/snappy-java-1.1.8.2.jar:/home/runner/.m2/repository/org/slf4j/jul-to-slf4j/1.7.30/jul-to-slf4j-1.7.30.jar:/home/runner/.m2/repository/org/eclipse/jetty/jetty-util/9.4.43.v20210629/jetty-util-9.4.43.v20210629.jar:/home/runner/.m2/repository/com/fasterxml/jackson/core/jackson-databind/2.12.1/jackson-databind-2.12.1.jar:/home/runner/.m2/repository/org/apache/hadoop/hadoop-kms/3.3.1/hadoop-kms-3.3.1-tests.jar:/home/runner/.m2/repository/org/apache/ozone/hdds-server-scm/1.2.0-SNAPSHOT/hdds-server-scm-1.2.0-SNAPSHOT-tests.jar:/home/runner/.m2/repository/org/apache/ozone/hdds-container-service/1.2.0-SNAPSHOT/hdds-container-service-1.2.0-SNAPSHOT-tests.jar:/home/runner/.m2/repository/commons-codec/commons-codec/1.11/commons-codec-1.11.jar:/home/runner/.m2/repository/io/netty/netty-transport/4.1.63.Final/netty-transport-4.1.63.Final.jar:/home/runner/.m2/repository/io/netty/netty-resolver/4.1.63.Final/netty-resolver-4.1.63.Final.jar:/home/runner/.m2/repository/io/netty/netty-codec/4.1.63.Final/netty-codec-4.1.63.Final.jar:/home/runner/.m2/repository/io/netty/netty-handler/4.1.63.Final/netty-handler-4.1.63.Final.jar:/home/runner/.m2/repository/org/apache/ozone/hdds-hadoop-dependency-test/1.2.0-SNAPSHOT/hdds-hadoop-dependency-test-1.2.0-SNAPSHOT.jar:/home/runner/.m2/repository/org/apache/hadoop/hadoop-common/3.3.1/hadoop-common-3.3.1-tests.jar:/home/runner/.m2/repository/org/assertj/assertj-core/3.12.2/assertj-core-3.12.2.jar:/home/runner/.m2/repository/org/apache/hadoop/hadoop-hdfs/3.3.1/hadoop-hdfs-3.3.1-tests.jar:/home/runner/.m2/repository/org/eclipse/jetty/jetty-util-ajax/9.4.43.v20210629/jetty-util-ajax-9.4.43.v20210629.jar:/home/runner/.m2/repository/commons-daemon/commons-daemon/1.0.13/commons-daemon-1.0.13.jar:/home/runner/.m2/repository/io/netty/netty/3.10.6.Final/netty-3.10.6.Final.jar:/home/runner/.m2/repository/io/netty/netty-all/4.1.63.Final/netty-all-4.1.63.Final.jar:/home/runner/.m2/repository/org/apache/htrace/htrace-core4/4.1.0-incubating/htrace-core4-4.1.0-incubating.jar:/home/runner/.m2/repository/org/fusesource/leveldbjni/leveldbjni-all/1.8/leveldbjni-all-1.8.jar:/home/runner/.m2/repository/org/apache/hadoop/hadoop-distcp/3.3.1/hadoop-distcp-3.3.1.jar:/home/runner/.m2/repository/org/apache/hadoop/hadoop-mapreduce-client-jobclient/3.3.1/hadoop-mapreduce-client-jobclient-3.3.1.jar:/home/runner/.m2/repository/org/apache/hadoop/hadoop-mapreduce-client-common/3.3.1/hadoop-mapreduce-client-common-3.3.1.jar:/home/runner/.m2/repository/org/apache/hadoop/hadoop-yarn-common/3.3.1/hadoop-yarn-common-3.3.1.jar:/home/runner/.m2/repository/org/apache/hadoop/hadoop-yarn-api/3.3.1/hadoop-yarn-api-3.3.1.jar:/home/runner/.m2/repository/com/sun/jersey/jersey-client/1.19/jersey-client-1.19.jar:/home/runner/.m2/repository/com/sun/jersey/contribs/jersey-guice/1.19/jersey-guice-1.19.jar:/home/runner/.m2/repository/com/fasterxml/jackson/jaxrs/jackson-jaxrs-json-provider/2.12.1/jackson-jaxrs-json-provider-2.12.1.jar:/home/runner/.m2/repository/com/fasterxml/jackson/jaxrs/jackson-jaxrs-base/2.12.1/jackson-jaxrs-base-2.12.1.jar:/home/runner/.m2/repository/org/apache/hadoop/hadoop-yarn-client/3.3.1/hadoop-yarn-client-3.3.1.jar:/home/runner/.m2/repository/org/eclipse/jetty/websocket/websocket-client/9.4.40.v20210413/websocket-client-9.4.40.v20210413.jar:/home/runner/.m2/repository/org/eclipse/jetty/jetty-client/9.4.40.v20210413/jetty-client-9.4.40.v20210413.jar:/home/runner/.m2/repository/org/eclipse/jetty/websocket/websocket-common/9.4.40.v20210413/websocket-common-9.4.40.v20210413.jar:/home/runner/.m2/repository/org/eclipse/jetty/websocket/websocket-api/9.4.40.v20210413/websocket-api-9.4.40.v20210413.jar:/home/runner/.m2/repository/org/jline/jline/3.9.0/jline-3.9.0.jar:/home/runner/.m2/repository/org/apache/hadoop/hadoop-mapreduce-client-core/3.3.1/hadoop-mapreduce-client-core-3.3.1.jar:/home/runner/.m2/repository/org/apache/avro/avro/1.7.7/avro-1.7.7.jar:/home/runner/.m2/repository/org/codehaus/jackson/jackson-core-asl/1.9.13/jackson-core-asl-1.9.13.jar:/home/runner/.m2/repository/org/codehaus/jackson/jackson-mapper-asl/1.9.13/jackson-mapper-asl-1.9.13.jar:/home/runner/.m2/repository/com/thoughtworks/paranamer/paranamer/2.3/paranamer-2.3.jar:/home/runner/.m2/repository/org/apache/hadoop/hadoop-annotations/3.3.1/hadoop-annotations-3.3.1.jar:/usr/lib/jvm/adoptopenjdk-8-hotspot-amd64/jre/../lib/tools.jar:/home/runner/.m2/repository/org/apache/hadoop/hadoop-distcp/3.3.1/hadoop-distcp-3.3.1-tests.jar:/home/runner/.m2/repository/org/apache/ratis/ratis-common/2.1.0-03f3b68-SNAPSHOT/ratis-common-2.1.0-03f3b68-SNAPSHOT.jar:/home/runner/.m2/repository/org/apache/ratis/ratis-thirdparty-misc/0.7.0/ratis-thirdparty-misc-0.7.0.jar:/home/runner/.m2/repository/org/apache/ratis/ratis-proto/2.1.0-03f3b68-SNAPSHOT/ratis-proto-2.1.0-03f3b68-SNAPSHOT.jar:"/>
    <property name="java.vm.vendor" value="AdoptOpenJDK"/>
    <property name="sun.arch.data.model" value="64"/>
    <property name="test.build.dir" value="/home/runner/work/ozone/ozone/hadoop-ozone/integration-test/target/test-dir"/>
    <property name="test.cache.data" value=""/>
    <property name="java.vendor.url" value="https://adoptopenjdk.net/"/>
    <property name="user.timezone" value=""/>
    <property name="java.vm.specification.version" value="1.8"/>
    <property name="os.name" value="Linux"/>
    <property name="test.build.data" value="/home/runner/work/ozone/ozone/hadoop-ozone/integration-test/target/test-dir"/>
    <property name="sun.java.launcher" value="SUN_STANDARD"/>
    <property name="sun.boot.library.path" value="/usr/lib/jvm/adoptopenjdk-8-hotspot-amd64/jre/lib/amd64"/>
    <property name="sun.java.command" value="/home/runner/work/ozone/ozone/hadoop-ozone/integration-test/target/surefire/surefirebooter882074727101451748.jar /home/runner/work/ozone/ozone/hadoop-ozone/integration-test/target/surefire 2021-10-12T05-28-54_714-jvmRun1 surefire3374082059295859233tmp surefire_17919343142675552363tmp"/>
    <property name="surefire.test.class.path" value="/home/runner/work/ozone/ozone/hadoop-ozone/integration-test/target/test-classes:/home/runner/work/ozone/ozone/hadoop-ozone/integration-test/target/classes:/home/runner/.m2/repository/org/apache/ozone/ozone-common/1.2.0-SNAPSHOT/ozone-common-1.2.0-SNAPSHOT.jar:/home/runner/.m2/repository/org/apache/commons/commons-compress/1.20/commons-compress-1.20.jar:/home/runner/.m2/repository/org/apache/ozone/hdds-common/1.2.0-SNAPSHOT/hdds-common-1.2.0-SNAPSHOT.jar:/home/runner/.m2/repository/org/apache/ozone/hdds-client/1.2.0-SNAPSHOT/hdds-client-1.2.0-SNAPSHOT.jar:/home/runner/.m2/repository/org/apache/ozone/ozone-interface-client/1.2.0-SNAPSHOT/ozone-interface-client-1.2.0-SNAPSHOT.jar:/home/runner/.m2/repository/org/apache/ozone/hdds-server-framework/1.2.0-SNAPSHOT/hdds-server-framework-1.2.0-SNAPSHOT.jar:/home/runner/.m2/repository/org/apache/ozone/hdds-interface-server/1.2.0-SNAPSHOT/hdds-interface-server-1.2.0-SNAPSHOT.jar:/home/runner/.m2/repository/org/eclipse/jetty/jetty-servlet/9.4.43.v20210629/jetty-servlet-9.4.43.v20210629.jar:/home/runner/.m2/repository/org/eclipse/jetty/jetty-security/9.4.43.v20210629/jetty-security-9.4.43.v20210629.jar:/home/runner/.m2/repository/org/rocksdb/rocksdbjni/6.20.3/rocksdbjni-6.20.3.jar:/home/runner/.m2/repository/io/prometheus/simpleclient_dropwizard/0.7.0/simpleclient_dropwizard-0.7.0.jar:/home/runner/.m2/repository/io/prometheus/simpleclient/0.7.0/simpleclient-0.7.0.jar:/home/runner/.m2/repository/io/prometheus/simpleclient_common/0.7.0/simpleclient_common-0.7.0.jar:/home/runner/.m2/repository/com/fasterxml/jackson/datatype/jackson-datatype-jsr310/2.12.1/jackson-datatype-jsr310-2.12.1.jar:/home/runner/.m2/repository/org/apache/ozone/hdds-test-utils/1.2.0-SNAPSHOT/hdds-test-utils-1.2.0-SNAPSHOT.jar:/home/runner/.m2/repository/com/google/guava/guava/30.1.1-jre/guava-30.1.1-jre.jar:/home/runner/.m2/repository/com/google/guava/failureaccess/1.0.1/failureaccess-1.0.1.jar:/home/runner/.m2/repository/com/google/guava/listenablefuture/9999.0-empty-to-avoid-conflict-with-guava/listenablefuture-9999.0-empty-to-avoid-conflict-with-guava.jar:/home/runner/.m2/repository/com/google/code/findbugs/jsr305/3.0.0/jsr305-3.0.0.jar:/home/runner/.m2/repository/org/checkerframework/checker-qual/3.8.0/checker-qual-3.8.0.jar:/home/runner/.m2/repository/com/google/errorprone/error_prone_annotations/2.2.0/error_prone_annotations-2.2.0.jar:/home/runner/.m2/repository/com/google/j2objc/j2objc-annotations/1.3/j2objc-annotations-1.3.jar:/home/runner/.m2/repository/commons-io/commons-io/2.11.0/commons-io-2.11.0.jar:/home/runner/.m2/repository/commons-logging/commons-logging/1.2/commons-logging-1.2.jar:/home/runner/.m2/repository/log4j/log4j/1.2.17/log4j-1.2.17.jar:/home/runner/.m2/repository/org/slf4j/slf4j-api/1.7.30/slf4j-api-1.7.30.jar:/home/runner/.m2/repository/org/apache/ozone/hdds-server-scm/1.2.0-SNAPSHOT/hdds-server-scm-1.2.0-SNAPSHOT.jar:/home/runner/.m2/repository/org/apache/ozone/hdds-container-service/1.2.0-SNAPSHOT/hdds-container-service-1.2.0-SNAPSHOT.jar:/home/runner/.m2/repository/org/apache/ozone/hdds-hadoop-dependency-server/1.2.0-SNAPSHOT/hdds-hadoop-dependency-server-1.2.0-SNAPSHOT.jar:/home/runner/.m2/repository/org/apache/hadoop/hadoop-hdfs/3.3.1/hadoop-hdfs-3.3.1.jar:/home/runner/.m2/repository/io/dropwizard/metrics/metrics-core/3.2.4/metrics-core-3.2.4.jar:/home/runner/.m2/repository/org/apache/hadoop/hadoop-hdfs-client/3.3.1/hadoop-hdfs-client-3.3.1.jar:/home/runner/.m2/repository/org/bouncycastle/bcprov-jdk15on/1.67/bcprov-jdk15on-1.67.jar:/home/runner/.m2/repository/com/google/protobuf/protobuf-java/2.5.0/protobuf-java-2.5.0.jar:/home/runner/.m2/repository/org/apache/ozone/ozone-manager/1.2.0-SNAPSHOT/ozone-manager-1.2.0-SNAPSHOT.jar:/home/runner/.m2/repository/org/aspectj/aspectjrt/1.9.7/aspectjrt-1.9.7.jar:/home/runner/.m2/repository/org/aspectj/aspectjweaver/1.9.7/aspectjweaver-1.9.7.jar:/home/runner/.m2/repository/org/apache/ozone/hdds-interface-client/1.2.0-SNAPSHOT/hdds-interface-client-1.2.0-SNAPSHOT.jar:/home/runner/.m2/repository/org/apache/hadoop/thirdparty/hadoop-shaded-protobuf_3_7/1.1.1/hadoop-shaded-protobuf_3_7-1.1.1.jar:/home/runner/.m2/repository/org/apache/ozone/ozone-interface-storage/1.2.0-SNAPSHOT/ozone-interface-storage-1.2.0-SNAPSHOT.jar:/home/runner/.m2/repository/org/reflections/reflections/0.9.11/reflections-0.9.11.jar:/home/runner/.m2/repository/org/apache/hadoop/hadoop-minikdc/3.3.1/hadoop-minikdc-3.3.1.jar:/home/runner/.m2/repository/org/apache/kerby/kerb-simplekdc/1.0.1/kerb-simplekdc-1.0.1.jar:/home/runner/.m2/repository/org/apache/kerby/kerb-client/1.0.1/kerb-client-1.0.1.jar:/home/runner/.m2/repository/org/apache/kerby/kerby-config/1.0.1/kerby-config-1.0.1.jar:/home/runner/.m2/repository/org/apache/kerby/kerb-common/1.0.1/kerb-common-1.0.1.jar:/home/runner/.m2/repository/org/apache/kerby/kerb-crypto/1.0.1/kerb-crypto-1.0.1.jar:/home/runner/.m2/repository/org/apache/kerby/kerb-util/1.0.1/kerb-util-1.0.1.jar:/home/runner/.m2/repository/org/apache/kerby/token-provider/1.0.1/token-provider-1.0.1.jar:/home/runner/.m2/repository/org/apache/kerby/kerb-admin/1.0.1/kerb-admin-1.0.1.jar:/home/runner/.m2/repository/org/apache/kerby/kerb-server/1.0.1/kerb-server-1.0.1.jar:/home/runner/.m2/repository/org/apache/kerby/kerb-identity/1.0.1/kerb-identity-1.0.1.jar:/home/runner/.m2/repository/org/apache/kerby/kerby-xdr/1.0.1/kerby-xdr-1.0.1.jar:/home/runner/.m2/repository/org/slf4j/slf4j-log4j12/1.7.30/slf4j-log4j12-1.7.30.jar:/home/runner/.m2/repository/org/apache/ozone/ozone-s3gateway/1.2.0-SNAPSHOT/ozone-s3gateway-1.2.0-SNAPSHOT.jar:/home/runner/.m2/repository/org/javassist/javassist/3.21.0-GA/javassist-3.21.0-GA.jar:/home/runner/.m2/repository/org/jboss/weld/servlet/weld-servlet/2.4.7.Final/weld-servlet-2.4.7.Final.jar:/home/runner/.m2/repository/org/glassfish/jersey/containers/jersey-container-servlet-core/2.33/jersey-container-servlet-core-2.33.jar:/home/runner/.m2/repository/org/glassfish/hk2/external/jakarta.inject/2.6.1/jakarta.inject-2.6.1.jar:/home/runner/.m2/repository/org/glassfish/jersey/core/jersey-common/2.33/jersey-common-2.33.jar:/home/runner/.m2/repository/jakarta/ws/rs/jakarta.ws.rs-api/2.1.6/jakarta.ws.rs-api-2.1.6.jar:/home/runner/.m2/repository/org/glassfish/jersey/ext/cdi/jersey-cdi1x/2.33/jersey-cdi1x-2.33.jar:/home/runner/.m2/repository/org/glassfish/jersey/inject/jersey-hk2/2.33/jersey-hk2-2.33.jar:/home/runner/.m2/repository/org/glassfish/hk2/hk2-locator/2.6.1/hk2-locator-2.6.1.jar:/home/runner/.m2/repository/org/glassfish/jersey/media/jersey-media-jaxb/2.33/jersey-media-jaxb-2.33.jar:/home/runner/.m2/repository/org/glassfish/hk2/osgi-resource-locator/1.0.3/osgi-resource-locator-1.0.3.jar:/home/runner/.m2/repository/org/glassfish/hk2/hk2-api/2.5.0/hk2-api-2.5.0.jar:/home/runner/.m2/repository/org/glassfish/hk2/hk2-utils/2.5.0/hk2-utils-2.5.0.jar:/home/runner/.m2/repository/org/glassfish/hk2/external/aopalliance-repackaged/2.5.0/aopalliance-repackaged-2.5.0.jar:/home/runner/.m2/repository/com/fasterxml/jackson/dataformat/jackson-dataformat-xml/2.12.1/jackson-dataformat-xml-2.12.1.jar:/home/runner/.m2/repository/com/fasterxml/jackson/core/jackson-core/2.12.1/jackson-core-2.12.1.jar:/home/runner/.m2/repository/com/fasterxml/jackson/module/jackson-module-jaxb-annotations/2.12.1/jackson-module-jaxb-annotations-2.12.1.jar:/home/runner/.m2/repository/jakarta/xml/bind/jakarta.xml.bind-api/2.3.2/jakarta.xml.bind-api-2.3.2.jar:/home/runner/.m2/repository/org/codehaus/woodstox/stax2-api/3.1.4/stax2-api-3.1.4.jar:/home/runner/.m2/repository/com/fasterxml/woodstox/woodstox-core/5.0.3/woodstox-core-5.0.3.jar:/home/runner/.m2/repository/javax/enterprise/cdi-api/1.2/cdi-api-1.2.jar:/home/runner/.m2/repository/javax/el/javax.el-api/3.0.0/javax.el-api-3.0.0.jar:/home/runner/.m2/repository/javax/interceptor/javax.interceptor-api/1.2/javax.interceptor-api-1.2.jar:/home/runner/.m2/repository/javax/inject/javax.inject/1/javax.inject-1.jar:/home/runner/.m2/repository/javax/xml/bind/jaxb-api/2.3.0/jaxb-api-2.3.0.jar:/home/runner/.m2/repository/org/glassfish/jaxb/jaxb-runtime/2.3.0.1/jaxb-runtime-2.3.0.1.jar:/home/runner/.m2/repository/org/glassfish/jaxb/jaxb-core/2.3.0.1/jaxb-core-2.3.0.1.jar:/home/runner/.m2/repository/org/glassfish/jaxb/txw2/2.3.0.1/txw2-2.3.0.1.jar:/home/runner/.m2/repository/com/sun/istack/istack-commons-runtime/3.0.5/istack-commons-runtime-3.0.5.jar:/home/runner/.m2/repository/org/jvnet/staxex/stax-ex/1.7.8/stax-ex-1.7.8.jar:/home/runner/.m2/repository/com/sun/xml/fastinfoset/FastInfoset/1.2.13/FastInfoset-1.2.13.jar:/home/runner/.m2/repository/javax/activation/activation/1.1.1/activation-1.1.1.jar:/home/runner/.m2/repository/org/apache/ozone/ozone-csi/1.2.0-SNAPSHOT/ozone-csi-1.2.0-SNAPSHOT.jar:/home/runner/.m2/repository/com/google/protobuf/protobuf-java-util/3.12.0/protobuf-java-util-3.12.0.jar:/home/runner/.m2/repository/com/google/code/gson/gson/2.2.4/gson-2.2.4.jar:/home/runner/.m2/repository/org/apache/ozone/hdds-config/1.2.0-SNAPSHOT/hdds-config-1.2.0-SNAPSHOT.jar:/home/runner/.m2/repository/io/grpc/grpc-netty/1.33.0/grpc-netty-1.33.0.jar:/home/runner/.m2/repository/io/grpc/grpc-core/1.33.0/grpc-core-1.33.0.jar:/home/runner/.m2/repository/com/google/android/annotations/4.1.1.4/annotations-4.1.1.4.jar:/home/runner/.m2/repository/io/netty/netty-codec-http2/4.1.63.Final/netty-codec-http2-4.1.63.Final.jar:/home/runner/.m2/repository/io/netty/netty-codec-http/4.1.63.Final/netty-codec-http-4.1.63.Final.jar:/home/runner/.m2/repository/io/netty/netty-handler-proxy/4.1.63.Final/netty-handler-proxy-4.1.63.Final.jar:/home/runner/.m2/repository/io/netty/netty-codec-socks/4.1.63.Final/netty-codec-socks-4.1.63.Final.jar:/home/runner/.m2/repository/io/perfmark/perfmark-api/0.19.0/perfmark-api-0.19.0.jar:/home/runner/.m2/repository/org/codehaus/mojo/animal-sniffer-annotations/1.18/animal-sniffer-annotations-1.18.jar:/home/runner/.m2/repository/io/netty/netty-transport-native-epoll/4.1.63.Final/netty-transport-native-epoll-4.1.63.Final.jar:/home/runner/.m2/repository/io/netty/netty-common/4.1.63.Final/netty-common-4.1.63.Final.jar:/home/runner/.m2/repository/io/netty/netty-buffer/4.1.63.Final/netty-buffer-4.1.63.Final.jar:/home/runner/.m2/repository/io/netty/netty-transport-native-unix-common/4.1.63.Final/netty-transport-native-unix-common-4.1.63.Final.jar:/home/runner/.m2/repository/io/grpc/grpc-protobuf/1.33.0/grpc-protobuf-1.33.0.jar:/home/runner/.m2/repository/io/grpc/grpc-api/1.33.0/grpc-api-1.33.0.jar:/home/runner/.m2/repository/io/grpc/grpc-context/1.33.0/grpc-context-1.33.0.jar:/home/runner/.m2/repository/com/google/api/grpc/proto-google-common-protos/1.17.0/proto-google-common-protos-1.17.0.jar:/home/runner/.m2/repository/io/grpc/grpc-protobuf-lite/1.33.0/grpc-protobuf-lite-1.33.0.jar:/home/runner/.m2/repository/io/grpc/grpc-stub/1.33.0/grpc-stub-1.33.0.jar:/home/runner/.m2/repository/org/apache/ozone/ozone-recon/1.2.0-SNAPSHOT/ozone-recon-1.2.0-SNAPSHOT.jar:/home/runner/.m2/repository/org/apache/ozone/ozone-reconcodegen/1.2.0-SNAPSHOT/ozone-reconcodegen-1.2.0-SNAPSHOT.jar:/home/runner/.m2/repository/com/google/inject/extensions/guice-multibindings/4.0/guice-multibindings-4.0.jar:/home/runner/.m2/repository/com/google/inject/guice/4.0/guice-4.0.jar:/home/runner/.m2/repository/aopalliance/aopalliance/1.0/aopalliance-1.0.jar:/home/runner/.m2/repository/com/google/inject/extensions/guice-assistedinject/4.0/guice-assistedinject-4.0.jar:/home/runner/.m2/repository/com/google/inject/extensions/guice-servlet/4.0/guice-servlet-4.0.jar:/home/runner/.m2/repository/org/glassfish/jersey/containers/jersey-container-servlet/2.33/jersey-container-servlet-2.33.jar:/home/runner/.m2/repository/org/glassfish/hk2/guice-bridge/2.5.0/guice-bridge-2.5.0.jar:/home/runner/.m2/repository/org/glassfish/jersey/core/jersey-server/2.33/jersey-server-2.33.jar:/home/runner/.m2/repository/org/glassfish/jersey/core/jersey-client/2.33/jersey-client-2.33.jar:/home/runner/.m2/repository/jakarta/annotation/jakarta.annotation-api/1.3.5/jakarta.annotation-api-1.3.5.jar:/home/runner/.m2/repository/jakarta/validation/jakarta.validation-api/2.0.2/jakarta.validation-api-2.0.2.jar:/home/runner/.m2/repository/org/glassfish/jersey/media/jersey-media-json-jackson/2.33/jersey-media-json-jackson-2.33.jar:/home/runner/.m2/repository/org/glassfish/jersey/ext/jersey-entity-filtering/2.33/jersey-entity-filtering-2.33.jar:/home/runner/.m2/repository/org/jooq/jooq/3.11.10/jooq-3.11.10.jar:/home/runner/.m2/repository/org/jooq/jooq-meta/3.11.10/jooq-meta-3.11.10.jar:/home/runner/.m2/repository/org/jooq/jooq-codegen/3.11.10/jooq-codegen-3.11.10.jar:/home/runner/.m2/repository/com/jolbox/bonecp/0.8.0.RELEASE/bonecp-0.8.0.RELEASE.jar:/home/runner/.m2/repository/org/apache/derby/derby/10.14.2.0/derby-10.14.2.0.jar:/home/runner/.m2/repository/org/xerial/sqlite-jdbc/3.25.2/sqlite-jdbc-3.25.2.jar:/home/runner/.m2/repository/org/springframework/spring-jdbc/5.2.11.RELEASE/spring-jdbc-5.2.11.RELEASE.jar:/home/runner/.m2/repository/org/springframework/spring-beans/5.2.11.RELEASE/spring-beans-5.2.11.RELEASE.jar:/home/runner/.m2/repository/org/springframework/spring-core/5.2.11.RELEASE/spring-core-5.2.11.RELEASE.jar:/home/runner/.m2/repository/org/springframework/spring-jcl/5.2.11.RELEASE/spring-jcl-5.2.11.RELEASE.jar:/home/runner/.m2/repository/org/springframework/spring-tx/5.2.11.RELEASE/spring-tx-5.2.11.RELEASE.jar:/home/runner/.m2/repository/org/apache/ozone/ozone-client/1.2.0-SNAPSHOT/ozone-client-1.2.0-SNAPSHOT.jar:/home/runner/.m2/repository/org/apache/ozone/ozone-filesystem/1.2.0-SNAPSHOT/ozone-filesystem-1.2.0-SNAPSHOT.jar:/home/runner/.m2/repository/org/apache/ozone/ozone-filesystem-common/1.2.0-SNAPSHOT/ozone-filesystem-common-1.2.0-SNAPSHOT.jar:/home/runner/.m2/repository/org/apache/ozone/ozone-tools/1.2.0-SNAPSHOT/ozone-tools-1.2.0-SNAPSHOT.jar:/home/runner/.m2/repository/org/apache/ratis/ratis-tools/2.1.0-03f3b68-SNAPSHOT/ratis-tools-2.1.0-03f3b68-SNAPSHOT.jar:/home/runner/.m2/repository/com/amazonaws/aws-java-sdk-core/1.11.901/aws-java-sdk-core-1.11.901.jar:/home/runner/.m2/repository/org/apache/httpcomponents/httpclient/4.5.13/httpclient-4.5.13.jar:/home/runner/.m2/repository/org/apache/httpcomponents/httpcore/4.4.13/httpcore-4.4.13.jar:/home/runner/.m2/repository/software/amazon/ion/ion-java/1.0.2/ion-java-1.0.2.jar:/home/runner/.m2/repository/com/fasterxml/jackson/dataformat/jackson-dataformat-cbor/2.12.1/jackson-dataformat-cbor-2.12.1.jar:/home/runner/.m2/repository/joda-time/joda-time/2.8.1/joda-time-2.8.1.jar:/home/runner/.m2/repository/com/amazonaws/aws-java-sdk-s3/1.11.901/aws-java-sdk-s3-1.11.901.jar:/home/runner/.m2/repository/com/amazonaws/aws-java-sdk-kms/1.11.901/aws-java-sdk-kms-1.11.901.jar:/home/runner/.m2/repository/com/amazonaws/jmespath-java/1.11.901/jmespath-java-1.11.901.jar:/home/runner/.m2/repository/org/kohsuke/metainf-services/metainf-services/1.8/metainf-services-1.8.jar:/home/runner/.m2/repository/org/apache/ozone/hdds-tools/1.2.0-SNAPSHOT/hdds-tools-1.2.0-SNAPSHOT.jar:/home/runner/.m2/repository/commons-cli/commons-cli/1.2/commons-cli-1.2.jar:/home/runner/.m2/repository/org/apache/commons/commons-lang3/3.7/commons-lang3-3.7.jar:/home/runner/.m2/repository/org/apache/ozone/ozone-manager/1.2.0-SNAPSHOT/ozone-manager-1.2.0-SNAPSHOT-tests.jar:/home/runner/.m2/repository/org/apache/ozone/hdds-common/1.2.0-SNAPSHOT/hdds-common-1.2.0-SNAPSHOT-tests.jar:/home/runner/.m2/repository/org/apache/ozone/hdds-hadoop-dependency-client/1.2.0-SNAPSHOT/hdds-hadoop-dependency-client-1.2.0-SNAPSHOT.jar:/home/runner/.m2/repository/info/picocli/picocli/4.6.1/picocli-4.6.1.jar:/home/runner/.m2/repository/com/fasterxml/jackson/core/jackson-annotations/2.12.1/jackson-annotations-2.12.1.jar:/home/runner/.m2/repository/javax/annotation/javax.annotation-api/1.2/javax.annotation-api-1.2.jar:/home/runner/.m2/repository/org/apache/ratis/ratis-server/2.1.0-03f3b68-SNAPSHOT/ratis-server-2.1.0-03f3b68-SNAPSHOT.jar:/home/runner/.m2/repository/org/apache/ratis/ratis-client/2.1.0-03f3b68-SNAPSHOT/ratis-client-2.1.0-03f3b68-SNAPSHOT.jar:/home/runner/.m2/repository/org/apache/ratis/ratis-server-api/2.1.0-03f3b68-SNAPSHOT/ratis-server-api-2.1.0-03f3b68-SNAPSHOT.jar:/home/runner/.m2/repository/org/apache/ratis/ratis-metrics/2.1.0-03f3b68-SNAPSHOT/ratis-metrics-2.1.0-03f3b68-SNAPSHOT.jar:/home/runner/.m2/repository/org/apache/ratis/ratis-netty/2.1.0-03f3b68-SNAPSHOT/ratis-netty-2.1.0-03f3b68-SNAPSHOT.jar:/home/runner/.m2/repository/org/apache/ratis/ratis-grpc/2.1.0-03f3b68-SNAPSHOT/ratis-grpc-2.1.0-03f3b68-SNAPSHOT.jar:/home/runner/.m2/repository/org/apache/logging/log4j/log4j-api/2.13.3/log4j-api-2.13.3.jar:/home/runner/.m2/repository/org/apache/logging/log4j/log4j-core/2.13.3/log4j-core-2.13.3.jar:/home/runner/.m2/repository/com/lmax/disruptor/3.4.2/disruptor-3.4.2.jar:/home/runner/.m2/repository/org/apache/commons/commons-pool2/2.6.0/commons-pool2-2.6.0.jar:/home/runner/.m2/repository/org/bouncycastle/bcpkix-jdk15on/1.67/bcpkix-jdk15on-1.67.jar:/home/runner/.m2/repository/commons-validator/commons-validator/1.6/commons-validator-1.6.jar:/home/runner/.m2/repository/commons-beanutils/commons-beanutils/1.9.4/commons-beanutils-1.9.4.jar:/home/runner/.m2/repository/commons-digester/commons-digester/1.8.1/commons-digester-1.8.1.jar:/home/runner/.m2/repository/commons-collections/commons-collections/3.2.2/commons-collections-3.2.2.jar:/home/runner/.m2/repository/io/jaegertracing/jaeger-client/1.6.0/jaeger-client-1.6.0.jar:/home/runner/.m2/repository/io/jaegertracing/jaeger-thrift/1.6.0/jaeger-thrift-1.6.0.jar:/home/runner/.m2/repository/org/apache/thrift/libthrift/0.14.1/libthrift-0.14.1.jar:/home/runner/.m2/repository/com/squareup/okhttp3/okhttp/4.9.0/okhttp-4.9.0.jar:/home/runner/.m2/repository/com/squareup/okio/okio/2.8.0/okio-2.8.0.jar:/home/runner/.m2/repository/io/jaegertracing/jaeger-core/1.6.0/jaeger-core-1.6.0.jar:/home/runner/.m2/repository/io/jaegertracing/jaeger-tracerresolver/1.6.0/jaeger-tracerresolver-1.6.0.jar:/home/runner/.m2/repository/io/opentracing/contrib/opentracing-tracerresolver/0.1.8/opentracing-tracerresolver-0.1.8.jar:/home/runner/.m2/repository/org/jetbrains/kotlin/kotlin-stdlib/1.4.31/kotlin-stdlib-1.4.31.jar:/home/runner/.m2/repository/org/jetbrains/kotlin/kotlin-stdlib-common/1.4.31/kotlin-stdlib-common-1.4.31.jar:/home/runner/.m2/repository/org/jetbrains/annotations/13.0/annotations-13.0.jar:/home/runner/.m2/repository/io/opentracing/opentracing-util/0.33.0/opentracing-util-0.33.0.jar:/home/runner/.m2/repository/io/opentracing/opentracing-api/0.33.0/opentracing-api-0.33.0.jar:/home/runner/.m2/repository/io/opentracing/opentracing-noop/0.33.0/opentracing-noop-0.33.0.jar:/home/runner/.m2/repository/org/yaml/snakeyaml/1.26/snakeyaml-1.26.jar:/home/runner/.m2/repository/org/apache/ozone/hdds-interface-admin/1.2.0-SNAPSHOT/hdds-interface-admin-1.2.0-SNAPSHOT.jar:/home/runner/.m2/repository/junit/junit/4.13.1/junit-4.13.1.jar:/home/runner/.m2/repository/org/hamcrest/hamcrest-core/1.3/hamcrest-core-1.3.jar:/home/runner/.m2/repository/org/junit/jupiter/junit-jupiter-api/5.7.0/junit-jupiter-api-5.7.0.jar:/home/runner/.m2/repository/org/apiguardian/apiguardian-api/1.1.0/apiguardian-api-1.1.0.jar:/home/runner/.m2/repository/org/opentest4j/opentest4j/1.2.0/opentest4j-1.2.0.jar:/home/runner/.m2/repository/org/junit/platform/junit-platform-commons/1.7.0/junit-platform-commons-1.7.0.jar:/home/runner/.m2/repository/org/junit/jupiter/junit-jupiter-engine/5.7.0/junit-jupiter-engine-5.7.0.jar:/home/runner/.m2/repository/org/junit/platform/junit-platform-engine/1.7.0/junit-platform-engine-1.7.0.jar:/home/runner/.m2/repository/org/junit/vintage/junit-vintage-engine/5.7.0/junit-vintage-engine-5.7.0.jar:/home/runner/.m2/repository/org/junit/platform/junit-platform-launcher/1.7.0/junit-platform-launcher-1.7.0.jar:/home/runner/.m2/repository/org/openjdk/jmh/jmh-core/1.19/jmh-core-1.19.jar:/home/runner/.m2/repository/net/sf/jopt-simple/jopt-simple/4.6/jopt-simple-4.6.jar:/home/runner/.m2/repository/org/apache/commons/commons-math3/3.1.1/commons-math3-3.1.1.jar:/home/runner/.m2/repository/org/openjdk/jmh/jmh-generator-annprocess/1.19/jmh-generator-annprocess-1.19.jar:/home/runner/.m2/repository/org/mockito/mockito-core/2.28.2/mockito-core-2.28.2.jar:/home/runner/.m2/repository/net/bytebuddy/byte-buddy/1.9.10/byte-buddy-1.9.10.jar:/home/runner/.m2/repository/net/bytebuddy/byte-buddy-agent/1.9.10/byte-buddy-agent-1.9.10.jar:/home/runner/.m2/repository/org/objenesis/objenesis/1.0/objenesis-1.0.jar:/home/runner/.m2/repository/org/apache/hadoop/hadoop-kms/3.3.1/hadoop-kms-3.3.1.jar:/home/runner/.m2/repository/org/apache/hadoop/hadoop-auth/3.3.1/hadoop-auth-3.3.1.jar:/home/runner/.m2/repository/com/nimbusds/nimbus-jose-jwt/7.9/nimbus-jose-jwt-7.9.jar:/home/runner/.m2/repository/com/github/stephenc/jcip/jcip-annotations/1.0-1/jcip-annotations-1.0-1.jar:/home/runner/.m2/repository/net/minidev/json-smart/2.3/json-smart-2.3.jar:/home/runner/.m2/repository/net/minidev/accessors-smart/1.2/accessors-smart-1.2.jar:/home/runner/.m2/repository/org/ow2/asm/asm/5.0.4/asm-5.0.4.jar:/home/runner/.m2/repository/org/apache/zookeeper/zookeeper/3.5.6/zookeeper-3.5.6.jar:/home/runner/.m2/repository/org/apache/zookeeper/zookeeper-jute/3.5.6/zookeeper-jute-3.5.6.jar:/home/runner/.m2/repository/org/apache/yetus/audience-annotations/0.5.0/audience-annotations-0.5.0.jar:/home/runner/.m2/repository/org/apache/curator/curator-framework/4.2.0/curator-framework-4.2.0.jar:/home/runner/.m2/repository/org/apache/hadoop/thirdparty/hadoop-shaded-guava/1.1.1/hadoop-shaded-guava-1.1.1.jar:/home/runner/.m2/repository/com/sun/jersey/jersey-core/1.19/jersey-core-1.19.jar:/home/runner/.m2/repository/javax/ws/rs/jsr311-api/1.1.1/jsr311-api-1.1.1.jar:/home/runner/.m2/repository/com/sun/jersey/jersey-server/1.19/jersey-server-1.19.jar:/home/runner/.m2/repository/javax/servlet/javax.servlet-api/3.1.0/javax.servlet-api-3.1.0.jar:/home/runner/.m2/repository/org/eclipse/jetty/jetty-server/9.4.43.v20210629/jetty-server-9.4.43.v20210629.jar:/home/runner/.m2/repository/org/eclipse/jetty/jetty-http/9.4.43.v20210629/jetty-http-9.4.43.v20210629.jar:/home/runner/.m2/repository/org/eclipse/jetty/jetty-io/9.4.43.v20210629/jetty-io-9.4.43.v20210629.jar:/home/runner/.m2/repository/org/eclipse/jetty/jetty-webapp/9.4.43.v20210629/jetty-webapp-9.4.43.v20210629.jar:/home/runner/.m2/repository/org/eclipse/jetty/jetty-xml/9.4.43.v20210629/jetty-xml-9.4.43.v20210629.jar:/home/runner/.m2/repository/org/apache/hadoop/hadoop-common/3.3.1/hadoop-common-3.3.1.jar:/home/runner/.m2/repository/commons-net/commons-net/3.6/commons-net-3.6.jar:/home/runner/.m2/repository/jakarta/activation/jakarta.activation-api/1.2.1/jakarta.activation-api-1.2.1.jar:/home/runner/.m2/repository/com/sun/jersey/jersey-servlet/1.19/jersey-servlet-1.19.jar:/home/runner/.m2/repository/com/sun/jersey/jersey-json/1.19/jersey-json-1.19.jar:/home/runner/.m2/repository/org/codehaus/jettison/jettison/1.1/jettison-1.1.jar:/home/runner/.m2/repository/com/sun/xml/bind/jaxb-impl/2.2.3-1/jaxb-impl-2.2.3-1.jar:/home/runner/.m2/repository/org/codehaus/jackson/jackson-jaxrs/1.9.2/jackson-jaxrs-1.9.2.jar:/home/runner/.m2/repository/org/codehaus/jackson/jackson-xc/1.9.2/jackson-xc-1.9.2.jar:/home/runner/.m2/repository/org/apache/commons/commons-configuration2/2.1.1/commons-configuration2-2.1.1.jar:/home/runner/.m2/repository/org/apache/commons/commons-text/1.4/commons-text-1.4.jar:/home/runner/.m2/repository/com/google/re2j/re2j/1.1/re2j-1.1.jar:/home/runner/.m2/repository/com/jcraft/jsch/0.1.54/jsch-0.1.54.jar:/home/runner/.m2/repository/org/apache/curator/curator-client/4.2.0/curator-client-4.2.0.jar:/home/runner/.m2/repository/org/apache/curator/curator-recipes/4.2.0/curator-recipes-4.2.0.jar:/home/runner/.m2/repository/org/apache/kerby/kerb-core/1.0.1/kerb-core-1.0.1.jar:/home/runner/.m2/repository/org/apache/kerby/kerby-pkix/1.0.1/kerby-pkix-1.0.1.jar:/home/runner/.m2/repository/org/apache/kerby/kerby-asn1/1.0.1/kerby-asn1-1.0.1.jar:/home/runner/.m2/repository/org/apache/kerby/kerby-util/1.0.1/kerby-util-1.0.1.jar:/home/runner/.m2/repository/dnsjava/dnsjava/2.1.7/dnsjava-2.1.7.jar:/home/runner/.m2/repository/org/xerial/snappy/snappy-java/1.1.8.2/snappy-java-1.1.8.2.jar:/home/runner/.m2/repository/org/slf4j/jul-to-slf4j/1.7.30/jul-to-slf4j-1.7.30.jar:/home/runner/.m2/repository/org/eclipse/jetty/jetty-util/9.4.43.v20210629/jetty-util-9.4.43.v20210629.jar:/home/runner/.m2/repository/com/fasterxml/jackson/core/jackson-databind/2.12.1/jackson-databind-2.12.1.jar:/home/runner/.m2/repository/org/apache/hadoop/hadoop-kms/3.3.1/hadoop-kms-3.3.1-tests.jar:/home/runner/.m2/repository/org/apache/ozone/hdds-server-scm/1.2.0-SNAPSHOT/hdds-server-scm-1.2.0-SNAPSHOT-tests.jar:/home/runner/.m2/repository/org/apache/ozone/hdds-container-service/1.2.0-SNAPSHOT/hdds-container-service-1.2.0-SNAPSHOT-tests.jar:/home/runner/.m2/repository/commons-codec/commons-codec/1.11/commons-codec-1.11.jar:/home/runner/.m2/repository/io/netty/netty-transport/4.1.63.Final/netty-transport-4.1.63.Final.jar:/home/runner/.m2/repository/io/netty/netty-resolver/4.1.63.Final/netty-resolver-4.1.63.Final.jar:/home/runner/.m2/repository/io/netty/netty-codec/4.1.63.Final/netty-codec-4.1.63.Final.jar:/home/runner/.m2/repository/io/netty/netty-handler/4.1.63.Final/netty-handler-4.1.63.Final.jar:/home/runner/.m2/repository/org/apache/ozone/hdds-hadoop-dependency-test/1.2.0-SNAPSHOT/hdds-hadoop-dependency-test-1.2.0-SNAPSHOT.jar:/home/runner/.m2/repository/org/apache/hadoop/hadoop-common/3.3.1/hadoop-common-3.3.1-tests.jar:/home/runner/.m2/repository/org/assertj/assertj-core/3.12.2/assertj-core-3.12.2.jar:/home/runner/.m2/repository/org/apache/hadoop/hadoop-hdfs/3.3.1/hadoop-hdfs-3.3.1-tests.jar:/home/runner/.m2/repository/org/eclipse/jetty/jetty-util-ajax/9.4.43.v20210629/jetty-util-ajax-9.4.43.v20210629.jar:/home/runner/.m2/repository/commons-daemon/commons-daemon/1.0.13/commons-daemon-1.0.13.jar:/home/runner/.m2/repository/io/netty/netty/3.10.6.Final/netty-3.10.6.Final.jar:/home/runner/.m2/repository/io/netty/netty-all/4.1.63.Final/netty-all-4.1.63.Final.jar:/home/runner/.m2/repository/org/apache/htrace/htrace-core4/4.1.0-incubating/htrace-core4-4.1.0-incubating.jar:/home/runner/.m2/repository/org/fusesource/leveldbjni/leveldbjni-all/1.8/leveldbjni-all-1.8.jar:/home/runner/.m2/repository/org/apache/hadoop/hadoop-distcp/3.3.1/hadoop-distcp-3.3.1.jar:/home/runner/.m2/repository/org/apache/hadoop/hadoop-mapreduce-client-jobclient/3.3.1/hadoop-mapreduce-client-jobclient-3.3.1.jar:/home/runner/.m2/repository/org/apache/hadoop/hadoop-mapreduce-client-common/3.3.1/hadoop-mapreduce-client-common-3.3.1.jar:/home/runner/.m2/repository/org/apache/hadoop/hadoop-yarn-common/3.3.1/hadoop-yarn-common-3.3.1.jar:/home/runner/.m2/repository/org/apache/hadoop/hadoop-yarn-api/3.3.1/hadoop-yarn-api-3.3.1.jar:/home/runner/.m2/repository/com/sun/jersey/jersey-client/1.19/jersey-client-1.19.jar:/home/runner/.m2/repository/com/sun/jersey/contribs/jersey-guice/1.19/jersey-guice-1.19.jar:/home/runner/.m2/repository/com/fasterxml/jackson/jaxrs/jackson-jaxrs-json-provider/2.12.1/jackson-jaxrs-json-provider-2.12.1.jar:/home/runner/.m2/repository/com/fasterxml/jackson/jaxrs/jackson-jaxrs-base/2.12.1/jackson-jaxrs-base-2.12.1.jar:/home/runner/.m2/repository/org/apache/hadoop/hadoop-yarn-client/3.3.1/hadoop-yarn-client-3.3.1.jar:/home/runner/.m2/repository/org/eclipse/jetty/websocket/websocket-client/9.4.40.v20210413/websocket-client-9.4.40.v20210413.jar:/home/runner/.m2/repository/org/eclipse/jetty/jetty-client/9.4.40.v20210413/jetty-client-9.4.40.v20210413.jar:/home/runner/.m2/repository/org/eclipse/jetty/websocket/websocket-common/9.4.40.v20210413/websocket-common-9.4.40.v20210413.jar:/home/runner/.m2/repository/org/eclipse/jetty/websocket/websocket-api/9.4.40.v20210413/websocket-api-9.4.40.v20210413.jar:/home/runner/.m2/repository/org/jline/jline/3.9.0/jline-3.9.0.jar:/home/runner/.m2/repository/org/apache/hadoop/hadoop-mapreduce-client-core/3.3.1/hadoop-mapreduce-client-core-3.3.1.jar:/home/runner/.m2/repository/org/apache/avro/avro/1.7.7/avro-1.7.7.jar:/home/runner/.m2/repository/org/codehaus/jackson/jackson-core-asl/1.9.13/jackson-core-asl-1.9.13.jar:/home/runner/.m2/repository/org/codehaus/jackson/jackson-mapper-asl/1.9.13/jackson-mapper-asl-1.9.13.jar:/home/runner/.m2/repository/com/thoughtworks/paranamer/paranamer/2.3/paranamer-2.3.jar:/home/runner/.m2/repository/org/apache/hadoop/hadoop-annotations/3.3.1/hadoop-annotations-3.3.1.jar:/usr/lib/jvm/adoptopenjdk-8-hotspot-amd64/jre/../lib/tools.jar:/home/runner/.m2/repository/org/apache/hadoop/hadoop-distcp/3.3.1/hadoop-distcp-3.3.1-tests.jar:/home/runner/.m2/repository/org/apache/ratis/ratis-common/2.1.0-03f3b68-SNAPSHOT/ratis-common-2.1.0-03f3b68-SNAPSHOT.jar:/home/runner/.m2/repository/org/apache/ratis/ratis-thirdparty-misc/0.7.0/ratis-thirdparty-misc-0.7.0.jar:/home/runner/.m2/repository/org/apache/ratis/ratis-proto/2.1.0-03f3b68-SNAPSHOT/ratis-proto-2.1.0-03f3b68-SNAPSHOT.jar:"/>
    <property name="sun.cpu.endian" value="little"/>
    <property name="user.home" value="/home/runner"/>
    <property name="user.language" value="en"/>
    <property name="java.specification.vendor" value="Oracle Corporation"/>
    <property name="java.home" value="/usr/lib/jvm/adoptopenjdk-8-hotspot-amd64/jre"/>
    <property name="java.security.krb5.conf" value="/home/runner/work/ozone/ozone/hadoop-ozone/integration-test/target/test-classes/krb5.conf"/>
    <property name="basedir" value="/home/runner/work/ozone/ozone/hadoop-ozone/integration-test"/>
    <property name="file.separator" value="/"/>
    <property name="line.separator" value="&#10;"/>
    <property name="java.vm.specification.vendor" value="Oracle Corporation"/>
    <property name="java.specification.name" value="Java Platform API Specification"/>
    <property name="java.awt.graphicsenv" value="sun.awt.X11GraphicsEnvironment"/>
    <property name="skip.installnpx" value="true"/>
    <property name="surefire.real.class.path" value="/home/runner/work/ozone/ozone/hadoop-ozone/integration-test/target/surefire/surefirebooter882074727101451748.jar:/home/runner/.m2/repository/org/jacoco/org.jacoco.agent/0.8.5/org.jacoco.agent-0.8.5-runtime.jar"/>
    <property name="hadoop.log.dir" value="/home/runner/work/ozone/ozone/hadoop-ozone/integration-test/target/log"/>
    <property name="sun.boot.class.path" value="/usr/lib/jvm/adoptopenjdk-8-hotspot-amd64/jre/lib/resources.jar:/usr/lib/jvm/adoptopenjdk-8-hotspot-amd64/jre/lib/rt.jar:/usr/lib/jvm/adoptopenjdk-8-hotspot-amd64/jre/lib/sunrsasign.jar:/usr/lib/jvm/adoptopenjdk-8-hotspot-amd64/jre/lib/jsse.jar:/usr/lib/jvm/adoptopenjdk-8-hotspot-amd64/jre/lib/jce.jar:/usr/lib/jvm/adoptopenjdk-8-hotspot-amd64/jre/lib/charsets.jar:/usr/lib/jvm/adoptopenjdk-8-hotspot-amd64/jre/lib/jfr.jar:/usr/lib/jvm/adoptopenjdk-8-hotspot-amd64/jre/classes"/>
    <property name="sun.management.compiler" value="HotSpot 64-Bit Tiered Compilers"/>
    <property name="skip.npx" value="true"/>
    <property name="java.runtime.version" value="1.8.0_292-b10"/>
    <property name="java.net.preferIPv4Stack" value="true"/>
    <property name="user.name" value="runner"/>
    <property name="path.separator" value=":"/>
    <property name="java.security.egd" value="file:///dev/urandom"/>
    <property name="os.version" value="5.4.0-1059-azure"/>
    <property name="java.endorsed.dirs" value="/usr/lib/jvm/adoptopenjdk-8-hotspot-amd64/jre/lib/endorsed"/>
    <property name="java.runtime.name" value="OpenJDK Runtime Environment"/>
    <property name="file.encoding" value="UTF-8"/>
    <property name="java.vm.name" value="OpenJDK 64-Bit Server VM"/>
    <property name="test.build.webapps" value=""/>
    <property name="localRepository" value="/home/runner/.m2/repository"/>
    <property name="java.vendor.url.bug" value="https://github.com/AdoptOpenJDK/openjdk-support/issues"/>
    <property name="java.io.tmpdir" value="/tmp"/>
    <property name="require.test.libhadoop" value=""/>
    <property name="java.version" value="1.8.0_292"/>
    <property name="user.dir" value="/home/runner/work/ozone/ozone/hadoop-ozone/integration-test"/>
    <property name="os.arch" value="amd64"/>
    <property name="java.vm.specification.name" value="Java Virtual Machine Specification"/>
    <property name="test.build.classes" value="/home/runner/work/ozone/ozone/hadoop-ozone/integration-test/target/test-classes"/>
    <property name="java.awt.printerjob" value="sun.print.PSPrinterJob"/>
    <property name="sun.os.patch.level" value="unknown"/>
    <property name="hadoop.tmp.dir" value="/home/runner/work/ozone/ozone/hadoop-ozone/integration-test/target/tmp"/>
    <property name="java.library.path" value="/usr/java/packages/lib/amd64:/usr/lib64:/lib64:/lib:/usr/lib"/>
    <property name="java.vm.info" value="mixed mode"/>
    <property name="java.vendor" value="AdoptOpenJDK"/>
    <property name="java.vm.version" value="25.292-b10"/>
    <property name="java.ext.dirs" value="/usr/lib/jvm/adoptopenjdk-8-hotspot-amd64/jre/lib/ext:/usr/java/packages/lib/ext"/>
    <property name="sun.io.unicode.encoding" value="UnicodeLittle"/>
    <property name="java.class.version" value="52.0"/>
  </properties>
  <testcase name="test2DatanodesFailure" classname="org.apache.hadoop.ozone.client.rpc.TestBlockOutputStreamWithFailuresFlushDelay" time="78.053"/>
  <testcase name="testDatanodeFailureWithPreAllocation" classname="org.apache.hadoop.ozone.client.rpc.TestBlockOutputStreamWithFailuresFlushDelay" time="99.036"/>
  <testcase name="testDatanodeFailureWithSingleNodeRatis" classname="org.apache.hadoop.ozone.client.rpc.TestBlockOutputStreamWithFailuresFlushDelay" time="300.056">
    <error message="test timed out after 300 seconds" type="org.junit.runners.model.TestTimedOutException">org.junit.runners.model.TestTimedOutException: test timed out after 300 seconds
	at java.lang.Object.wait(Native Method)
	at java.util.concurrent.ForkJoinTask.externalAwaitDone(ForkJoinTask.java:334)
	at java.util.concurrent.ForkJoinTask.doInvoke(ForkJoinTask.java:405)
	at java.util.concurrent.ForkJoinTask.invoke(ForkJoinTask.java:734)
	at java.util.stream.ForEachOps$ForEachOp.evaluateParallel(ForEachOps.java:159)
	at java.util.stream.ForEachOps$ForEachOp$OfRef.evaluateParallel(ForEachOps.java:173)
	at java.util.stream.AbstractPipeline.evaluate(AbstractPipeline.java:233)
	at java.util.stream.ReferencePipeline.forEach(ReferencePipeline.java:485)
	at java.util.stream.ReferencePipeline$Head.forEach(ReferencePipeline.java:650)
	at org.apache.hadoop.ozone.MiniOzoneClusterImpl.stopDatanodes(MiniOzoneClusterImpl.java:529)
	at org.apache.hadoop.ozone.MiniOzoneClusterImpl.stop(MiniOzoneClusterImpl.java:470)
	at org.apache.hadoop.ozone.MiniOzoneClusterImpl.shutdown(MiniOzoneClusterImpl.java:457)
	at org.apache.hadoop.ozone.client.rpc.TestBlockOutputStreamWithFailuresFlushDelay.shutdown(TestBlockOutputStreamWithFailuresFlushDelay.java:160)
	at sun.reflect.NativeMethodAccessorImpl.invoke0(Native Method)
	at sun.reflect.NativeMethodAccessorImpl.invoke(NativeMethodAccessorImpl.java:62)
	at sun.reflect.DelegatingMethodAccessorImpl.invoke(DelegatingMethodAccessorImpl.java:43)
	at java.lang.reflect.Method.invoke(Method.java:498)
	at org.junit.runners.model.FrameworkMethod$1.runReflectiveCall(FrameworkMethod.java:59)
	at org.junit.internal.runners.model.ReflectiveCallable.run(ReflectiveCallable.java:12)
	at org.junit.runners.model.FrameworkMethod.invokeExplosively(FrameworkMethod.java:56)
	at org.junit.internal.runners.statements.RunAfters.invokeMethod(RunAfters.java:46)
	at org.junit.internal.runners.statements.RunAfters.evaluate(RunAfters.java:33)
	at org.junit.internal.runners.statements.FailOnTimeout$CallableStatement.call(FailOnTimeout.java:288)
	at org.junit.internal.runners.statements.FailOnTimeout$CallableStatement.call(FailOnTimeout.java:282)
	at java.util.concurrent.FutureTask.run(FutureTask.java:266)
	at java.lang.Thread.run(Thread.java:748)
</error>
    <system-out><![CDATA[2021-10-12 06:05:22,953 [Time-limited test] WARN  server.ServerUtils (ServerUtils.java:getScmDbDir(148)) - ozone.scm.db.dirs is not configured. We recommend adding this setting. Falling back to ozone.metadata.dirs instead.
2021-10-12 06:05:22,959 [Time-limited test] INFO  ha.SCMHANodeDetails (SCMHANodeDetails.java:loadSCMHAConfig(157)) - ServiceID for StorageContainerManager is null
2021-10-12 06:05:22,959 [Time-limited test] INFO  ha.SCMHANodeDetails (SCMHANodeDetails.java:loadSCMHAConfig(162)) - ozone.scm.default.service.id is not defined, falling back to ozone.scm.service.ids to find serviceID for StorageContainerManager if it is HA enabled cluster
2021-10-12 06:05:22,960 [Time-limited test] WARN  server.ServerUtils (ServerUtils.java:getScmDbDir(148)) - ozone.scm.db.dirs is not configured. We recommend adding this setting. Falling back to ozone.metadata.dirs instead.
2021-10-12 06:05:22,960 [Time-limited test] INFO  upgrade.AbstractLayoutVersionManager (AbstractLayoutVersionManager.java:init(79)) - Initializing Layout version manager with metadata layout = SCM_HA (version = 2), software layout = SCM_HA (version = 2)
2021-10-12 06:05:23,035 [Time-limited test] INFO  reflections.Reflections (Reflections.java:scan(232)) - Reflections took 73 ms to scan 7 urls, producing 119 keys and 278 values 
2021-10-12 06:05:23,037 [Time-limited test] WARN  utils.HAUtils (HAUtils.java:getMetaDir(342)) - ozone.scm.db.dirs is not configured. We recommend adding this setting. Falling back to ozone.metadata.dirs instead.
2021-10-12 06:05:23,046 [Time-limited test] WARN  db.DBStoreBuilder (DBStoreBuilder.java:applyDBDefinition(145)) - ozone.scm.db.dirs is not configured. We recommend adding this setting. Falling back to ozone.metadata.dirs instead.
2021-10-12 06:05:23,295 [Time-limited test] INFO  net.NodeSchemaLoader (NodeSchemaLoader.java:loadSchemaFromFile(129)) - Loading schema from [jar:file:/home/runner/.m2/repository/org/apache/ozone/hdds-common/1.2.0-SNAPSHOT/hdds-common-1.2.0-SNAPSHOT.jar!/network-topology-default.xml]
2021-10-12 06:05:23,295 [Time-limited test] INFO  net.NodeSchemaLoader (NodeSchemaLoader.java:loadSchema(176)) - Loading network topology layer schema file
2021-10-12 06:05:23,306 [Time-limited test] WARN  impl.MetricRegistriesImpl (MetricRegistriesImpl.java:addReporterRegistration(111)) - New reporters are added after registries were created. Some metrics will be missing from the reporter. Please add reporter before adding any new registry.
2021-10-12 06:05:23,309 [Time-limited test] WARN  impl.MetricRegistriesImpl (MetricRegistriesImpl.java:addReporterRegistration(111)) - New reporters are added after registries were created. Some metrics will be missing from the reporter. Please add reporter before adding any new registry.
2021-10-12 06:05:23,309 [Time-limited test] INFO  ha.SequenceIdGenerator (SequenceIdGenerator.java:upgradeToSequenceId(347)) - upgrade localId to 107544261427200000
2021-10-12 06:05:23,309 [Time-limited test] INFO  ha.SequenceIdGenerator (SequenceIdGenerator.java:upgradeToSequenceId(357)) - upgrade delTxnId to 0
2021-10-12 06:05:23,310 [Time-limited test] INFO  ha.SequenceIdGenerator (SequenceIdGenerator.java:upgradeToSequenceId(371)) - upgrade containerId to 0
2021-10-12 06:05:23,310 [Time-limited test] INFO  ha.SequenceIdGenerator (SequenceIdGenerator.java:<init>(218)) - Init the HA SequenceIdGenerator.
2021-10-12 06:05:23,310 [Time-limited test] WARN  server.ServerUtils (ServerUtils.java:sanitizeUserArgs(67)) - ozone.scm.dead.node.interval value = 10000 is smaller than min = 20000 based on the key value of ozone.scm.stale.node.interval, reset to the min value 20000.
2021-10-12 06:05:23,331 [Time-limited test] INFO  node.SCMNodeManager (SCMNodeManager.java:<init>(144)) - Entering startup safe mode.
2021-10-12 06:05:23,332 [Time-limited test] INFO  algorithms.ContainerPlacementPolicyFactory (ContainerPlacementPolicyFactory.java:getPolicy(60)) - Create container placement policy of type org.apache.hadoop.hdds.scm.container.placement.algorithms.SCMContainerPlacementRandom
2021-10-12 06:05:23,332 [Time-limited test] INFO  pipeline.PipelineStateManagerImpl (PipelineStateManagerImpl.java:initialize(78)) - No pipeline exists in current db
2021-10-12 06:05:23,332 [Time-limited test] INFO  algorithms.LeaderChoosePolicyFactory (LeaderChoosePolicyFactory.java:getPolicy(57)) - Create leader choose policy of type org.apache.hadoop.hdds.scm.pipeline.leader.choose.algorithms.MinLeaderCountChoosePolicy
2021-10-12 06:05:23,332 [Time-limited test] INFO  ha.SCMServiceManager (SCMServiceManager.java:register(43)) - Registering service BackgroundPipelineCreator.
2021-10-12 06:05:23,332 [Time-limited test] INFO  pipeline.BackgroundPipelineCreator (BackgroundPipelineCreator.java:start(130)) - Starting RatisPipelineUtilsThread.
2021-10-12 06:05:23,333 [Time-limited test] INFO  algorithms.PipelineChoosePolicyFactory (PipelineChoosePolicyFactory.java:createPipelineChoosePolicyFromClass(73)) - Create pipeline choose policy of type org.apache.hadoop.hdds.scm.pipeline.choose.algorithms.RandomPipelineChoosePolicy
2021-10-12 06:05:23,333 [Time-limited test] INFO  ha.SCMServiceManager (SCMServiceManager.java:register(43)) - Registering service SCMBlockDeletingService.
2021-10-12 06:05:23,333 [Time-limited test] INFO  ha.SCMServiceManager (SCMServiceManager.java:register(43)) - Registering service ReplicationManager.
2021-10-12 06:05:23,334 [Time-limited test] INFO  container.ReplicationManager (ReplicationManager.java:start(319)) - Starting Replication Monitor Thread.
2021-10-12 06:05:23,334 [Time-limited test] INFO  safemode.ContainerSafeModeRule (ContainerSafeModeRule.java:<init>(89)) - containers with one replica threshold count 0
2021-10-12 06:05:23,335 [Time-limited test] INFO  safemode.HealthyPipelineSafeModeRule (HealthyPipelineSafeModeRule.java:initializeRule(156)) - Total pipeline count is 0, healthy pipeline threshold count is 1
2021-10-12 06:05:23,335 [Time-limited test] INFO  safemode.OneReplicaPipelineSafeModeRule (OneReplicaPipelineSafeModeRule.java:initializeRule(180)) - Total pipeline count is 0, pipeline's with at least one datanode reported threshold count is 0
2021-10-12 06:05:23,335 [Time-limited test] INFO  ipc.CallQueueManager (CallQueueManager.java:<init>(90)) - Using callQueue: class java.util.concurrent.LinkedBlockingQueue, queueCapacity: 2000, scheduler: class org.apache.hadoop.ipc.DefaultRpcScheduler, ipcBackoff: false.
2021-10-12 06:05:23,342 [Socket Reader #1 for port 0] INFO  ipc.Server (Server.java:run(1265)) - Starting Socket Reader #1 for port 0
2021-10-12 06:05:23,343 [Listener at 0.0.0.0/41079] INFO  ipc.CallQueueManager (CallQueueManager.java:<init>(90)) - Using callQueue: class java.util.concurrent.LinkedBlockingQueue, queueCapacity: 2000, scheduler: class org.apache.hadoop.ipc.DefaultRpcScheduler, ipcBackoff: false.
2021-10-12 06:05:23,343 [Socket Reader #1 for port 0] INFO  ipc.Server (Server.java:run(1265)) - Starting Socket Reader #1 for port 0
2021-10-12 06:05:23,344 [Listener at 0.0.0.0/45083] INFO  ipc.CallQueueManager (CallQueueManager.java:<init>(90)) - Using callQueue: class java.util.concurrent.LinkedBlockingQueue, queueCapacity: 2000, scheduler: class org.apache.hadoop.ipc.DefaultRpcScheduler, ipcBackoff: false.
2021-10-12 06:05:23,350 [Socket Reader #1 for port 0] INFO  ipc.Server (Server.java:run(1265)) - Starting Socket Reader #1 for port 0
2021-10-12 06:05:23,362 [ReplicationMonitor] INFO  container.ReplicationManager (ReplicationManager.java:processAll(371)) - Replication Monitor Thread took 0 milliseconds for processing 0 containers.
2021-10-12 06:05:23,401 [Listener at 0.0.0.0/42205] INFO  algorithms.ContainerPlacementPolicyFactory (ContainerPlacementPolicyFactory.java:getPolicy(60)) - Create container placement policy of type org.apache.hadoop.hdds.scm.container.placement.algorithms.SCMContainerPlacementRandom
2021-10-12 06:05:23,401 [Listener at 0.0.0.0/42205] INFO  server.StorageContainerManager (StorageContainerManager.java:<init>(388)) - 
Container Balancer status:
Key                            Value
Running                        false
Container Balancer Configuration values:
Key                                                Value
Threshold                                          0.1
Max Datanodes to Involve per Iteration(ratio)      0.2
Max Size to Move per Iteration                     32212254720B

2021-10-12 06:05:23,401 [Listener at 0.0.0.0/42205] WARN  events.EventQueue (EventQueue.java:fireEvent(194)) - No event handler registered for event TypedEvent{payloadType=SafeModeStatus, name='Safe mode status'}
2021-10-12 06:05:23,401 [Listener at 0.0.0.0/42205] INFO  ha.SCMContext (SCMContext.java:updateSafeModeStatus(205)) - Update SafeModeStatus from SafeModeStatus{safeModeStatus=true, preCheckPassed=false} to SafeModeStatus{safeModeStatus=true, preCheckPassed=false}.
2021-10-12 06:05:23,404 [Listener at 0.0.0.0/42205] INFO  server.StorageContainerManager (StorageContainerManager.java:start(1303)) - StorageContainerLocationProtocol RPC server is listening at /0.0.0.0:42205
2021-10-12 06:05:23,406 [Listener at 0.0.0.0/42205] WARN  impl.MetricsConfig (MetricsConfig.java:loadFirst(136)) - Cannot locate configuration: tried hadoop-metrics2-storagecontainermanager.properties,hadoop-metrics2.properties
2021-10-12 06:05:23,407 [Listener at 0.0.0.0/42205] INFO  impl.MetricsSystemImpl (MetricsSystemImpl.java:startTimer(378)) - Scheduled Metric snapshot period at 10 second(s).
2021-10-12 06:05:23,407 [Listener at 0.0.0.0/42205] INFO  impl.MetricsSystemImpl (MetricsSystemImpl.java:start(191)) - StorageContainerManager metrics system started
2021-10-12 06:05:23,462 [Listener at 0.0.0.0/42205] INFO  impl.MetricsSinkAdapter (MetricsSinkAdapter.java:start(204)) - Sink prometheus started
2021-10-12 06:05:23,462 [Listener at 0.0.0.0/42205] INFO  impl.MetricsSystemImpl (MetricsSystemImpl.java:registerSink(305)) - Registered sink prometheus
2021-10-12 06:05:23,503 [Listener at 0.0.0.0/42205] INFO  server.SCMClientProtocolServer (SCMClientProtocolServer.java:start(164)) - RPC server for Client  is listening at /0.0.0.0:42205
2021-10-12 06:05:23,515 [IPC Server Responder] INFO  ipc.Server (Server.java:run(1507)) - IPC Server Responder: starting
2021-10-12 06:05:23,529 [IPC Server listener on 0] INFO  ipc.Server (Server.java:run(1344)) - IPC Server listener on 0: starting
2021-10-12 06:05:23,555 [Listener at 0.0.0.0/42205] INFO  server.StorageContainerManager (StorageContainerManager.java:start(1318)) - ScmBlockLocationProtocol RPC server is listening at /0.0.0.0:45083
2021-10-12 06:05:23,555 [Listener at 0.0.0.0/42205] INFO  server.SCMBlockProtocolServer (SCMBlockProtocolServer.java:start(151)) - RPC server for Block Protocol is listening at /0.0.0.0:45083
2021-10-12 06:05:23,556 [IPC Server Responder] INFO  ipc.Server (Server.java:run(1507)) - IPC Server Responder: starting
2021-10-12 06:05:23,556 [IPC Server listener on 0] INFO  ipc.Server (Server.java:run(1344)) - IPC Server listener on 0: starting
2021-10-12 06:05:23,602 [Listener at 0.0.0.0/42205] INFO  server.StorageContainerManager (StorageContainerManager.java:start(1324)) - ScmDatanodeProtocl RPC server is listening at /0.0.0.0:41079
2021-10-12 06:05:23,602 [Listener at 0.0.0.0/42205] INFO  server.SCMDatanodeProtocolServer (SCMDatanodeProtocolServer.java:start(181)) - RPC server for DataNodes is listening at /0.0.0.0:41079
2021-10-12 06:05:23,630 [IPC Server Responder] INFO  ipc.Server (Server.java:run(1507)) - IPC Server Responder: starting
2021-10-12 06:05:23,640 [IPC Server listener on 0] INFO  ipc.Server (Server.java:run(1344)) - IPC Server listener on 0: starting
2021-10-12 06:05:23,663 [Listener at 0.0.0.0/42205] INFO  http.BaseHttpServer (BaseHttpServer.java:newHttpServer2BuilderForOzone(209)) - Starting Web-server for scm at: http://0.0.0.0:0
2021-10-12 06:05:23,663 [Listener at 0.0.0.0/42205] INFO  http.BaseHttpServer (BaseHttpServer.java:<init>(107)) - Hadoop Security Enabled: false Ozone Security Enabled: false Ozone HTTP Security Enabled: false 
2021-10-12 06:05:23,664 [Listener at 0.0.0.0/42205] INFO  server.AuthenticationFilter (AuthenticationFilter.java:constructSecretProvider(240)) - Unable to initialize FileSignerSecretProvider, falling back to use random secrets.
2021-10-12 06:05:23,666 [Listener at 0.0.0.0/42205] WARN  http.HttpRequestLog (HttpRequestLog.java:getRequestLog(103)) - Jetty request log can only be enabled using Log4j
2021-10-12 06:05:23,672 [Listener at 0.0.0.0/42205] INFO  http.HttpServer2 (HttpServer2.java:addGlobalFilter(1030)) - Added global filter 'safety' (class=org.apache.hadoop.hdds.server.http.HttpServer2$QuotingInputFilter)
2021-10-12 06:05:23,674 [Listener at 0.0.0.0/42205] INFO  http.HttpServer2 (HttpServer2.java:addFilter(1006)) - Added filter static_user_filter (class=org.apache.hadoop.http.lib.StaticUserWebFilter$StaticUserFilter) to context scm
2021-10-12 06:05:23,674 [Listener at 0.0.0.0/42205] INFO  http.HttpServer2 (HttpServer2.java:addFilter(1014)) - Added filter static_user_filter (class=org.apache.hadoop.http.lib.StaticUserWebFilter$StaticUserFilter) to context logs
2021-10-12 06:05:23,675 [Listener at 0.0.0.0/42205] INFO  http.HttpServer2 (HttpServer2.java:addFilter(1014)) - Added filter static_user_filter (class=org.apache.hadoop.http.lib.StaticUserWebFilter$StaticUserFilter) to context static
2021-10-12 06:05:23,675 [Listener at 0.0.0.0/42205] INFO  http.HttpServer2 (HttpServer2.java:bindListener(1249)) - Jetty bound to port 42339
2021-10-12 06:05:23,675 [Listener at 0.0.0.0/42205] INFO  server.Server (Server.java:doStart(375)) - jetty-9.4.43.v20210629; built: 2021-06-30T11:07:22.254Z; git: 526006ecfa3af7f1a27ef3a288e2bef7ea9dd7e8; jvm 1.8.0_292-b10
2021-10-12 06:05:23,676 [Listener at 0.0.0.0/42205] INFO  server.session (DefaultSessionIdManager.java:doStart(334)) - DefaultSessionIdManager workerName=node0
2021-10-12 06:05:23,677 [Listener at 0.0.0.0/42205] INFO  server.session (DefaultSessionIdManager.java:doStart(339)) - No SessionScavenger set, using defaults
2021-10-12 06:05:23,677 [Listener at 0.0.0.0/42205] INFO  server.session (HouseKeeper.java:startScavenging(132)) - node0 Scavenging every 600000ms
2021-10-12 06:05:23,677 [Listener at 0.0.0.0/42205] INFO  handler.ContextHandler (ContextHandler.java:doStart(915)) - Started o.e.j.s.ServletContextHandler@254a6412{logs,/logs,file:///home/runner/work/ozone/ozone/hadoop-ozone/integration-test/target/log,AVAILABLE}
2021-10-12 06:05:23,678 [Listener at 0.0.0.0/42205] INFO  handler.ContextHandler (ContextHandler.java:doStart(915)) - Started o.e.j.s.ServletContextHandler@78386fa2{static,/static,file:///home/runner/work/ozone/ozone/hadoop-ozone/integration-test/target/test-classes/webapps/static,AVAILABLE}
2021-10-12 06:05:23,688 [Listener at 0.0.0.0/42205] INFO  handler.ContextHandler (ContextHandler.java:doStart(915)) - Started o.e.j.w.WebAppContext@50a0f930{scm,/,file:///home/runner/work/ozone/ozone/hadoop-ozone/integration-test/target/test-classes/webapps/scm/,AVAILABLE}{file:/home/runner/work/ozone/ozone/hadoop-ozone/integration-test/target/test-classes/webapps/scm}
2021-10-12 06:05:23,701 [org.apache.hadoop.util.JvmPauseMonitor$Monitor@58ebe97] INFO  util.JvmPauseMonitor (JvmPauseMonitor.java:run(188)) - Starting JVM pause monitor
2021-10-12 06:05:23,707 [Listener at 0.0.0.0/42205] INFO  server.AbstractConnector (AbstractConnector.java:doStart(331)) - Started ServerConnector@16a473e6{HTTP/1.1, (http/1.1)}{0.0.0.0:42339}
2021-10-12 06:05:23,707 [Listener at 0.0.0.0/42205] INFO  server.Server (Server.java:doStart(415)) - Started @178725ms
2021-10-12 06:05:23,707 [Listener at 0.0.0.0/42205] WARN  impl.MetricsSystemImpl (MetricsSystemImpl.java:register(279)) - Sink prometheus already exists!
2021-10-12 06:05:23,707 [Listener at 0.0.0.0/42205] INFO  http.BaseHttpServer (BaseHttpServer.java:updateConnectorAddress(329)) - HTTP server of scm listening at http://0.0.0.0:42339
2021-10-12 06:05:23,707 [Listener at 0.0.0.0/42205] WARN  server.ServerUtils (ServerUtils.java:getDBPath(225)) - ozone.om.db.dirs is not configured. We recommend adding this setting. Falling back to ozone.metadata.dirs instead.
2021-10-12 06:05:23,710 [Listener at 0.0.0.0/42205] INFO  ha.OMHANodeDetails (OMHANodeDetails.java:loadOMHAConfig(112)) - ozone.om.internal.service.id is not defined, falling back to ozone.om.service.ids to find serviceID for OzoneManager if it is HA enabled cluster
2021-10-12 06:05:23,710 [Listener at 0.0.0.0/42205] INFO  ha.OMHANodeDetails (OMHANodeDetails.java:loadOMHAConfig(219)) - Configuration does not have ozone.om.address set. Falling back to the default OM address /127.0.0.1:0
2021-10-12 06:05:23,710 [Listener at 0.0.0.0/42205] INFO  ha.OMHANodeDetails (OMHANodeDetails.java:getOMNodeDetails(247)) - OM Service ID is not set. Setting it to the default ID: omServiceIdDefault
2021-10-12 06:05:23,710 [Listener at 0.0.0.0/42205] INFO  ha.OMHANodeDetails (OMHANodeDetails.java:getOMNodeDetails(254)) - OM Node ID is not set. Setting it to the default ID: om1
2021-10-12 06:05:23,710 [Listener at 0.0.0.0/42205] WARN  server.ServerUtils (ServerUtils.java:getDBPath(225)) - ozone.om.db.dirs is not configured. We recommend adding this setting. Falling back to ozone.metadata.dirs instead.
2021-10-12 06:05:23,711 [Listener at 0.0.0.0/42205] INFO  upgrade.AbstractLayoutVersionManager (AbstractLayoutVersionManager.java:init(79)) - Initializing Layout version manager with metadata layout = INITIAL_VERSION (version = 0), software layout = INITIAL_VERSION (version = 0)
2021-10-12 06:05:23,842 [Listener at 0.0.0.0/42205] INFO  reflections.Reflections (Reflections.java:scan(232)) - Reflections took 131 ms to scan 2 urls, producing 131 keys and 342 values [using 2 cores]
2021-10-12 06:05:23,842 [Listener at 0.0.0.0/42205] INFO  upgrade.OMLayoutVersionManager (OMLayoutVersionManager.java:lambda$0(115)) - Skipping Upgrade Action MockOmUpgradeAction since it has been finalized.
2021-10-12 06:05:23,842 [Listener at 0.0.0.0/42205] WARN  server.ServerUtils (ServerUtils.java:getDBPath(225)) - ozone.om.db.dirs is not configured. We recommend adding this setting. Falling back to ozone.metadata.dirs instead.
2021-10-12 06:05:23,879 [Listener at 0.0.0.0/42205] WARN  server.ServerUtils (ServerUtils.java:getDBPath(225)) - ozone.om.db.dirs is not configured. We recommend adding this setting. Falling back to ozone.metadata.dirs instead.
2021-10-12 06:05:23,879 [Listener at 0.0.0.0/42205] INFO  codec.OmKeyInfoCodec (OmKeyInfoCodec.java:<init>(51)) - OmKeyInfoCodec ignorePipeline = true
2021-10-12 06:05:23,882 [Listener at 0.0.0.0/42205] INFO  codec.RepeatedOmKeyInfoCodec (RepeatedOmKeyInfoCodec.java:<init>(42)) - RepeatedOmKeyInfoCodec ignorePipeline = true
2021-10-12 06:05:24,223 [Listener at 0.0.0.0/42205] INFO  om.OzoneManager (OzoneManager.java:addS3GVolumeToDB(4151)) - Created Volume s3v With Owner runner required for S3Gateway operations.
2021-10-12 06:05:24,223 [Listener at 0.0.0.0/42205] WARN  server.ServerUtils (ServerUtils.java:getDefaultRatisDirectory(237)) - Storage directory for Ratis is not configured. It is a good idea to map this to an SSD disk. Falling back to ozone.metadata.dirs
2021-10-12 06:05:24,223 [Listener at 0.0.0.0/42205] WARN  utils.OzoneManagerRatisUtils (OzoneManagerRatisUtils.java:getOMRatisSnapshotDirectory(435)) - ozone.om.ratis.snapshot.dir is not configured. Falling back to ozone.metadata.dirs config
2021-10-12 06:05:24,243 [Listener at 0.0.0.0/42205] WARN  impl.MetricRegistriesImpl (MetricRegistriesImpl.java:addReporterRegistration(111)) - New reporters are added after registries were created. Some metrics will be missing from the reporter. Please add reporter before adding any new registry.
2021-10-12 06:05:24,243 [Listener at 0.0.0.0/42205] WARN  impl.MetricRegistriesImpl (MetricRegistriesImpl.java:addReporterRegistration(111)) - New reporters are added after registries were created. Some metrics will be missing from the reporter. Please add reporter before adding any new registry.
2021-10-12 06:05:24,243 [Listener at 0.0.0.0/42205] WARN  server.ServerUtils (ServerUtils.java:getDefaultRatisDirectory(237)) - Storage directory for Ratis is not configured. It is a good idea to map this to an SSD disk. Falling back to ozone.metadata.dirs
2021-10-12 06:05:24,251 [Listener at 0.0.0.0/42205] INFO  ratis.OzoneManagerRatisServer (OzoneManagerRatisServer.java:<init>(158)) - Instantiating OM Ratis server with groupID: omServiceIdDefault and peers: localhost:9872
2021-10-12 06:05:24,279 [Listener at 0.0.0.0/42205] INFO  ratis.OzoneManagerStateMachine (OzoneManagerStateMachine.java:loadSnapshotInfoFromDB(605)) - LastAppliedIndex is set from TransactionInfo from OM DB as (t:0, i:~)
2021-10-12 06:05:24,286 [Listener at 0.0.0.0/42205] INFO  server.RaftServer (ConfUtils.java:logGet(44)) - raft.rpc.type = GRPC (default)
2021-10-12 06:05:24,286 [Listener at 0.0.0.0/42205] INFO  grpc.GrpcFactory (GrpcFactory.java:checkPooledByteBufAllocatorUseCacheForAllThreads(48)) - PERFORMANCE WARNING: useCacheForAllThreads is true that may cause Netty to create a lot garbage objects and, as a result, trigger GC.
	It is recommended to disable useCacheForAllThreads by setting -Dorg.apache.ratis.thirdparty.io.netty.allocator.useCacheForAllThreads=false in command line.
2021-10-12 06:05:24,291 [Listener at 0.0.0.0/42205] INFO  grpc.GrpcConfigKeys (ConfUtils.java:logGet(44)) - raft.grpc.admin.port = -1 (default)
2021-10-12 06:05:24,291 [Listener at 0.0.0.0/42205] INFO  grpc.GrpcConfigKeys (ConfUtils.java:logGet(44)) - raft.grpc.server.port = 9872 (custom)
2021-10-12 06:05:24,291 [Listener at 0.0.0.0/42205] INFO  grpc.GrpcConfigKeys (ConfUtils.java:logGet(44)) - raft.grpc.client.port = -1 (default)
2021-10-12 06:05:24,291 [Listener at 0.0.0.0/42205] INFO  grpc.GrpcConfigKeys (ConfUtils.java:logGet(44)) - raft.grpc.server.port = 9872 (custom)
2021-10-12 06:05:24,291 [Listener at 0.0.0.0/42205] INFO  grpc.GrpcConfigKeys (ConfUtils.java:logGet(44)) - raft.grpc.server.port = 9872 (custom)
2021-10-12 06:05:24,291 [Listener at 0.0.0.0/42205] INFO  server.GrpcService (ConfUtils.java:logGet(44)) - raft.grpc.message.size.max = 33554432 (custom)
2021-10-12 06:05:24,291 [Listener at 0.0.0.0/42205] INFO  server.RaftServerConfigKeys (ConfUtils.java:logGet(44)) - raft.server.log.appender.buffer.byte-limit = 33554432 (custom)
2021-10-12 06:05:24,291 [Listener at 0.0.0.0/42205] INFO  server.GrpcService (ConfUtils.java:logGet(44)) - raft.grpc.flow.control.window = 1MB (=1048576) (default)
2021-10-12 06:05:24,291 [Listener at 0.0.0.0/42205] INFO  server.RaftServerConfigKeys (ConfUtils.java:logGet(44)) - raft.server.rpc.request.timeout = 3000ms (default)
2021-10-12 06:05:24,312 [Listener at 0.0.0.0/42205] INFO  impl.DataStreamServerImpl (ConfUtils.java:logGet(44)) - raft.datastream.type = DISABLED (default)
2021-10-12 06:05:24,313 [Listener at 0.0.0.0/42205] INFO  server.RaftServerConfigKeys (ConfUtils.java:logGet(44)) - raft.server.rpc.slowness.timeout = 120s (custom)
2021-10-12 06:05:24,313 [Listener at 0.0.0.0/42205] INFO  server.RaftServerConfigKeys (ConfUtils.java:logGet(44)) - raft.server.leaderelection.leader.step-down.wait-time = 10s (default)
2021-10-12 06:05:24,313 [Listener at 0.0.0.0/42205] INFO  server.RaftServerConfigKeys (ConfUtils.java:logGet(44)) - raft.server.storage.dir = [/home/runner/work/ozone/ozone/hadoop-ozone/integration-test/target/test-dir/MiniOzoneClusterImpl-c6dc50ab-6fac-4554-b78d-9440f3e38bfb/ozone-meta/ratis] (custom)
2021-10-12 06:05:24,314 [Listener at 0.0.0.0/42205] INFO  server.RaftServer (RaftServerProxy.java:addNew(95)) - om1: addNew group-C5BA1605619E:[om1|rpc:localhost:9872|priority:0] returns group-C5BA1605619E:java.util.concurrent.CompletableFuture@35217a33[Not completed]
2021-10-12 06:05:24,314 [Listener at 0.0.0.0/42205] INFO  om.OzoneManager (OzoneManager.java:initializeRatisServer(1605)) - OzoneManager Ratis server initialized at port 9872
2021-10-12 06:05:24,315 [Listener at 0.0.0.0/42205] INFO  ipc.CallQueueManager (CallQueueManager.java:<init>(90)) - Using callQueue: class java.util.concurrent.LinkedBlockingQueue, queueCapacity: 2000, scheduler: class org.apache.hadoop.ipc.DefaultRpcScheduler, ipcBackoff: false.
2021-10-12 06:05:24,315 [pool-511-thread-1] INFO  server.RaftServer$Division (RaftServerImpl.java:<init>(181)) - om1: new RaftServerImpl for group-C5BA1605619E:[om1|rpc:localhost:9872|priority:0] with OzoneManagerStateMachine:uninitialized
2021-10-12 06:05:24,316 [Socket Reader #1 for port 0] INFO  ipc.Server (Server.java:run(1265)) - Starting Socket Reader #1 for port 0
2021-10-12 06:05:24,364 [pool-511-thread-1] INFO  server.RaftServerConfigKeys (ConfUtils.java:logGet(44)) - raft.server.rpc.timeout.min = 1s (custom)
2021-10-12 06:05:24,364 [pool-511-thread-1] INFO  server.RaftServerConfigKeys (ConfUtils.java:logGet(44)) - raft.server.rpc.timeout.max = 1200ms (custom)
2021-10-12 06:05:24,364 [pool-511-thread-1] INFO  server.RaftServerConfigKeys (ConfUtils.java:logGet(44)) - raft.server.rpc.sleep.time = 25ms (default)
2021-10-12 06:05:24,364 [pool-511-thread-1] INFO  server.RaftServerConfigKeys (ConfUtils.java:logGet(44)) - raft.server.rpc.slowness.timeout = 120s (custom)
2021-10-12 06:05:24,364 [pool-511-thread-1] INFO  server.RaftServerConfigKeys (ConfUtils.java:logGet(44)) - raft.server.leaderelection.leader.step-down.wait-time = 10s (default)
2021-10-12 06:05:24,364 [pool-511-thread-1] INFO  server.RaftServerConfigKeys (ConfUtils.java:logGet(44)) - raft.server.sleep.deviation.threshold = 300ms (default)
2021-10-12 06:05:24,364 [pool-511-thread-1] INFO  server.RaftServerConfigKeys (ConfUtils.java:logGet(44)) - raft.server.log.appender.install.snapshot.enabled = false (custom)
2021-10-12 06:05:24,364 [pool-511-thread-1] INFO  server.RaftServer$Division (ServerState.java:<init>(105)) - om1@group-C5BA1605619E: ConfigurationManager, init=-1: [om1|rpc:localhost:9872|priority:0], old=null, confs=<EMPTY_MAP>
2021-10-12 06:05:24,364 [pool-511-thread-1] INFO  server.RaftServerConfigKeys (ConfUtils.java:logGet(44)) - raft.server.storage.dir = [/home/runner/work/ozone/ozone/hadoop-ozone/integration-test/target/test-dir/MiniOzoneClusterImpl-c6dc50ab-6fac-4554-b78d-9440f3e38bfb/ozone-meta/ratis] (custom)
2021-10-12 06:05:24,364 [pool-511-thread-1] INFO  server.RaftServerConfigKeys (ConfUtils.java:logGet(44)) - raft.server.log.corruption.policy = EXCEPTION (default)
2021-10-12 06:05:24,364 [pool-511-thread-1] INFO  server.RaftServerConfigKeys (ConfUtils.java:logGet(44)) - raft.server.storage.free-space.min = 0MB (=0) (default)
2021-10-12 06:05:24,365 [pool-511-thread-1] INFO  storage.RaftStorageDirectory (RaftStorageDirectoryImpl.java:analyzeStorage(135)) - The storage directory /home/runner/work/ozone/ozone/hadoop-ozone/integration-test/target/test-dir/MiniOzoneClusterImpl-c6dc50ab-6fac-4554-b78d-9440f3e38bfb/ozone-meta/ratis/bf265839-605b-3f16-9796-c5ba1605619e does not exist. Creating ...
2021-10-12 06:05:24,365 [pool-511-thread-1] INFO  storage.RaftStorageDirectory (RaftStorageDirectoryImpl.java:tryLock(230)) - Lock on /home/runner/work/ozone/ozone/hadoop-ozone/integration-test/target/test-dir/MiniOzoneClusterImpl-c6dc50ab-6fac-4554-b78d-9440f3e38bfb/ozone-meta/ratis/bf265839-605b-3f16-9796-c5ba1605619e/in_use.lock acquired by nodename 8742@fv-az297-361
2021-10-12 06:05:24,367 [pool-511-thread-1] INFO  storage.RaftStorage (RaftStorageImpl.java:format(89)) - Storage directory /home/runner/work/ozone/ozone/hadoop-ozone/integration-test/target/test-dir/MiniOzoneClusterImpl-c6dc50ab-6fac-4554-b78d-9440f3e38bfb/ozone-meta/ratis/bf265839-605b-3f16-9796-c5ba1605619e has been successfully formatted.
2021-10-12 06:05:24,367 [pool-511-thread-1] INFO  server.RaftServerConfigKeys (ConfUtils.java:logGet(44)) - raft.server.notification.no-leader.timeout = 120s (custom)
2021-10-12 06:05:24,367 [pool-511-thread-1] INFO  server.RaftServerConfigKeys (ConfUtils.java:logGet(44)) - raft.server.log.use.memory = false (default)
2021-10-12 06:05:24,367 [pool-511-thread-1] INFO  server.RaftServerConfigKeys (ConfUtils.java:logGet(44)) - raft.server.log.purge.gap = 1000000 (custom)
2021-10-12 06:05:24,367 [pool-511-thread-1] INFO  server.RaftServerConfigKeys (ConfUtils.java:logGet(44)) - raft.server.log.appender.buffer.byte-limit = 33554432 (custom)
2021-10-12 06:05:24,367 [pool-511-thread-1] INFO  server.RaftServerConfigKeys (ConfUtils.java:logGet(44)) - raft.server.log.segment.size.max = 4194304 (custom)
2021-10-12 06:05:24,368 [pool-511-thread-1] INFO  server.RaftServerConfigKeys (ConfUtils.java:logGet(44)) - raft.server.log.segment.cache.num.max = 2 (custom)
2021-10-12 06:05:24,368 [pool-511-thread-1] INFO  server.RaftServerConfigKeys (ConfUtils.java:logGet(44)) - raft.server.log.segment.cache.size.max = 200MB (=209715200) (default)
2021-10-12 06:05:24,368 [pool-511-thread-1] INFO  segmented.SegmentedRaftLogWorker (SegmentedRaftLogWorker.java:<init>(182)) - new om1@group-C5BA1605619E-SegmentedRaftLogWorker for RaftStorageImpl:Storage Directory /home/runner/work/ozone/ozone/hadoop-ozone/integration-test/target/test-dir/MiniOzoneClusterImpl-c6dc50ab-6fac-4554-b78d-9440f3e38bfb/ozone-meta/ratis/bf265839-605b-3f16-9796-c5ba1605619e
2021-10-12 06:05:24,368 [pool-511-thread-1] INFO  server.RaftServerConfigKeys (ConfUtils.java:logGet(44)) - raft.server.log.queue.byte-limit = 64MB (=67108864) (default)
2021-10-12 06:05:24,368 [pool-511-thread-1] INFO  server.RaftServerConfigKeys (ConfUtils.java:logGet(44)) - raft.server.log.queue.element-limit = 4096 (default)
2021-10-12 06:05:24,368 [pool-511-thread-1] INFO  server.RaftServerConfigKeys (ConfUtils.java:logGet(44)) - raft.server.log.segment.size.max = 4194304 (custom)
2021-10-12 06:05:24,368 [pool-511-thread-1] INFO  server.RaftServerConfigKeys (ConfUtils.java:logGet(44)) - raft.server.log.preallocated.size = 4194304 (custom)
2021-10-12 06:05:24,368 [pool-511-thread-1] INFO  server.RaftServerConfigKeys (ConfUtils.java:logGet(44)) - raft.server.log.force.sync.num = 128 (default)
2021-10-12 06:05:24,368 [pool-511-thread-1] INFO  server.RaftServerConfigKeys (ConfUtils.java:logGet(44)) - raft.server.log.statemachine.data.sync = true (default)
2021-10-12 06:05:24,368 [pool-511-thread-1] INFO  server.RaftServerConfigKeys (ConfUtils.java:logGet(44)) - raft.server.log.statemachine.data.sync.timeout = 10s (default)
2021-10-12 06:05:24,368 [pool-511-thread-1] INFO  server.RaftServerConfigKeys (ConfUtils.java:logGet(44)) - raft.server.log.statemachine.data.sync.timeout.retry = -1 (default)
2021-10-12 06:05:24,369 [pool-511-thread-1] INFO  server.RaftServerConfigKeys (ConfUtils.java:logGet(44)) - raft.server.log.write.buffer.size = 64KB (=65536) (default)
2021-10-12 06:05:24,369 [pool-511-thread-1] INFO  server.RaftServerConfigKeys (ConfUtils.java:logGet(44)) - raft.server.log.statemachine.data.caching.enabled = false (default)
2021-10-12 06:05:24,369 [pool-511-thread-1] INFO  segmented.SegmentedRaftLogWorker (SegmentedRaftLogWorker.java:lambda$new$0(133)) - om1@group-C5BA1605619E-SegmentedRaftLogWorker: flushIndex: setUnconditionally 0 -> -1
2021-10-12 06:05:24,369 [pool-511-thread-1] INFO  segmented.SegmentedRaftLogWorker (SegmentedRaftLogWorker.java:lambda$new$0(133)) - om1@group-C5BA1605619E-SegmentedRaftLogWorker: safeCacheEvictIndex: setUnconditionally 0 -> -1
2021-10-12 06:05:24,394 [pool-511-thread-1] INFO  server.RaftServerConfigKeys (ConfUtils.java:logGet(44)) - raft.server.snapshot.auto.trigger.enabled = true (custom)
2021-10-12 06:05:24,394 [pool-511-thread-1] INFO  server.RaftServerConfigKeys (ConfUtils.java:logGet(44)) - raft.server.snapshot.auto.trigger.threshold = 400000 (default)
2021-10-12 06:05:24,394 [pool-511-thread-1] INFO  server.RaftServerConfigKeys (ConfUtils.java:logGet(44)) - raft.server.snapshot.retention.file.num = -1 (default)
2021-10-12 06:05:24,394 [pool-511-thread-1] INFO  server.RaftServerConfigKeys (ConfUtils.java:logGet(44)) - raft.server.log.purge.upto.snapshot.index = true (custom)
2021-10-12 06:05:24,394 [pool-511-thread-1] INFO  server.RaftServerConfigKeys (ConfUtils.java:logGet(44)) - raft.server.retrycache.expirytime = 300s (custom)
2021-10-12 06:05:24,394 [pool-511-thread-1] INFO  server.RaftServerConfigKeys (ConfUtils.java:logGet(44)) - raft.server.retrycache.statistics.expirytime = 100μs (default)
2021-10-12 06:05:24,398 [Listener at 127.0.0.1/38829] INFO  om.OzoneManager (OzoneManager.java:initFSOLayout(4357)) - Configured ozone.om.metadata.layout=SIMPLE and disabled optimized OM FS operations
2021-10-12 06:05:24,402 [Listener at 127.0.0.1/38829] INFO  impl.MetricsSystemImpl (MetricsSystemImpl.java:init(158)) - OzoneManager metrics system started (again)
2021-10-12 06:05:24,421 [Listener at 127.0.0.1/38829] INFO  om.OzoneManager (OzoneManager.java:start(1301)) - OzoneManager RPC server is listening at localhost/127.0.0.1:38829
2021-10-12 06:05:24,421 [Listener at 127.0.0.1/38829] INFO  ratis.OzoneManagerRatisServer (OzoneManagerRatisServer.java:start(516)) - Starting OzoneManagerRatisServer om1 at port 9872
2021-10-12 06:05:24,421 [Listener at 127.0.0.1/38829] INFO  server.RaftServer$Division (RaftServerImpl.java:start(296)) - om1@group-C5BA1605619E: start as a follower, conf=-1: [om1|rpc:localhost:9872|priority:0], old=null
2021-10-12 06:05:24,421 [Listener at 127.0.0.1/38829] INFO  server.RaftServer$Division (RaftServerImpl.java:setRole(285)) - om1@group-C5BA1605619E: changes role from      null to FOLLOWER at term 0 for startAsFollower
2021-10-12 06:05:24,422 [Listener at 127.0.0.1/38829] INFO  impl.RoleInfo (RoleInfo.java:updateAndGet(130)) - om1: start om1@group-C5BA1605619E-FollowerState
2021-10-12 06:05:24,423 [Listener at 127.0.0.1/38829] INFO  util.JmxRegister (JmxRegister.java:tryRegister(44)) - Successfully registered JMX Bean with object name Ratis:service=RaftServer,group=group-C5BA1605619E,id=om1
2021-10-12 06:05:24,426 [Listener at 127.0.0.1/38829] INFO  server.RaftServer (RaftServerProxy.java:lambda$start$5(374)) - om1: start RPC server
2021-10-12 06:05:24,429 [Listener at 127.0.0.1/38829] INFO  server.GrpcService (GrpcService.java:startImpl(253)) - om1: GrpcService started, listening on 9872
2021-10-12 06:05:24,429 [Listener at 127.0.0.1/38829] INFO  om.OzoneManager (OzoneManager.java:start(1319)) - Version File has different layout version (0) than OM DB (null). That is expected if this OM has never been finalized to a newer layout version.
2021-10-12 06:05:24,429 [org.apache.ratis.util.JvmPauseMonitor$$Lambda$531/599601214@18cb40f0] INFO  util.JvmPauseMonitor (JvmPauseMonitor.java:run(103)) - JvmPauseMonitor-om1: Started
2021-10-12 06:05:24,432 [Listener at 127.0.0.1/38829] INFO  http.BaseHttpServer (BaseHttpServer.java:newHttpServer2BuilderForOzone(209)) - Starting Web-server for ozoneManager at: http://0.0.0.0:0
2021-10-12 06:05:24,432 [Listener at 127.0.0.1/38829] INFO  http.BaseHttpServer (BaseHttpServer.java:<init>(107)) - Hadoop Security Enabled: false Ozone Security Enabled: false Ozone HTTP Security Enabled: false 
2021-10-12 06:05:24,446 [Listener at 127.0.0.1/38829] INFO  server.AuthenticationFilter (AuthenticationFilter.java:constructSecretProvider(240)) - Unable to initialize FileSignerSecretProvider, falling back to use random secrets.
2021-10-12 06:05:24,463 [Listener at 127.0.0.1/38829] WARN  http.HttpRequestLog (HttpRequestLog.java:getRequestLog(103)) - Jetty request log can only be enabled using Log4j
2021-10-12 06:05:24,463 [Listener at 127.0.0.1/38829] INFO  http.HttpServer2 (HttpServer2.java:addGlobalFilter(1030)) - Added global filter 'safety' (class=org.apache.hadoop.hdds.server.http.HttpServer2$QuotingInputFilter)
2021-10-12 06:05:24,464 [Listener at 127.0.0.1/38829] INFO  http.HttpServer2 (HttpServer2.java:addFilter(1006)) - Added filter static_user_filter (class=org.apache.hadoop.http.lib.StaticUserWebFilter$StaticUserFilter) to context ozoneManager
2021-10-12 06:05:24,464 [Listener at 127.0.0.1/38829] INFO  http.HttpServer2 (HttpServer2.java:addFilter(1014)) - Added filter static_user_filter (class=org.apache.hadoop.http.lib.StaticUserWebFilter$StaticUserFilter) to context static
2021-10-12 06:05:24,464 [Listener at 127.0.0.1/38829] INFO  http.HttpServer2 (HttpServer2.java:addFilter(1014)) - Added filter static_user_filter (class=org.apache.hadoop.http.lib.StaticUserWebFilter$StaticUserFilter) to context logs
2021-10-12 06:05:24,464 [Listener at 127.0.0.1/38829] INFO  http.HttpServer2 (HttpServer2.java:bindListener(1249)) - Jetty bound to port 38447
2021-10-12 06:05:24,464 [Listener at 127.0.0.1/38829] INFO  server.Server (Server.java:doStart(375)) - jetty-9.4.43.v20210629; built: 2021-06-30T11:07:22.254Z; git: 526006ecfa3af7f1a27ef3a288e2bef7ea9dd7e8; jvm 1.8.0_292-b10
2021-10-12 06:05:24,483 [Listener at 127.0.0.1/38829] INFO  server.session (DefaultSessionIdManager.java:doStart(334)) - DefaultSessionIdManager workerName=node0
2021-10-12 06:05:24,484 [Listener at 127.0.0.1/38829] INFO  server.session (DefaultSessionIdManager.java:doStart(339)) - No SessionScavenger set, using defaults
2021-10-12 06:05:24,491 [Listener at 127.0.0.1/38829] INFO  server.session (HouseKeeper.java:startScavenging(132)) - node0 Scavenging every 660000ms
2021-10-12 06:05:24,492 [Listener at 127.0.0.1/38829] INFO  handler.ContextHandler (ContextHandler.java:doStart(915)) - Started o.e.j.s.ServletContextHandler@cffd133{logs,/logs,file:///home/runner/work/ozone/ozone/hadoop-ozone/integration-test/target/log,AVAILABLE}
2021-10-12 06:05:24,492 [Listener at 127.0.0.1/38829] INFO  handler.ContextHandler (ContextHandler.java:doStart(915)) - Started o.e.j.s.ServletContextHandler@11e7a905{static,/static,file:///home/runner/work/ozone/ozone/hadoop-ozone/integration-test/target/test-classes/webapps/static,AVAILABLE}
2021-10-12 06:05:24,494 [Listener at 127.0.0.1/38829] INFO  handler.ContextHandler (ContextHandler.java:doStart(915)) - Started o.e.j.w.WebAppContext@1217f947{ozoneManager,/,file:///home/runner/work/ozone/ozone/hadoop-ozone/integration-test/target/test-classes/webapps/ozoneManager/,AVAILABLE}{file:/home/runner/work/ozone/ozone/hadoop-ozone/integration-test/target/test-classes/webapps/ozoneManager}
2021-10-12 06:05:24,504 [Listener at 127.0.0.1/38829] INFO  server.AbstractConnector (AbstractConnector.java:doStart(331)) - Started ServerConnector@4b7a0e2d{HTTP/1.1, (http/1.1)}{0.0.0.0:38447}
2021-10-12 06:05:24,505 [Listener at 127.0.0.1/38829] INFO  server.Server (Server.java:doStart(415)) - Started @179523ms
2021-10-12 06:05:24,505 [Listener at 127.0.0.1/38829] WARN  impl.MetricsSystemImpl (MetricsSystemImpl.java:register(279)) - Sink prometheus already exists!
2021-10-12 06:05:24,506 [Listener at 127.0.0.1/38829] INFO  http.BaseHttpServer (BaseHttpServer.java:updateConnectorAddress(329)) - HTTP server of ozoneManager listening at http://0.0.0.0:38447
2021-10-12 06:05:24,518 [IPC Server Responder] INFO  ipc.Server (Server.java:run(1507)) - IPC Server Responder: starting
2021-10-12 06:05:24,529 [IPC Server listener on 0] INFO  ipc.Server (Server.java:run(1344)) - IPC Server listener on 0: starting
2021-10-12 06:05:24,549 [Listener at 127.0.0.1/38829] INFO  om.OzoneManager (OzoneManager.java:startTrashEmptier(1563)) - Trash Interval set to 0. Files deleted will not move to trash
2021-10-12 06:05:24,594 [org.apache.hadoop.util.JvmPauseMonitor$Monitor@64c45062] INFO  util.JvmPauseMonitor (JvmPauseMonitor.java:run(188)) - Starting JVM pause monitor
2021-10-12 06:05:24,640 [Listener at 127.0.0.1/38829] WARN  impl.MetricRegistriesImpl (MetricRegistriesImpl.java:addReporterRegistration(111)) - New reporters are added after registries were created. Some metrics will be missing from the reporter. Please add reporter before adding any new registry.
2021-10-12 06:05:24,641 [Listener at 127.0.0.1/38829] WARN  impl.MetricRegistriesImpl (MetricRegistriesImpl.java:addReporterRegistration(111)) - New reporters are added after registries were created. Some metrics will be missing from the reporter. Please add reporter before adding any new registry.
2021-10-12 06:05:24,641 [Listener at 127.0.0.1/38829] INFO  impl.MetricsSystemImpl (MetricsSystemImpl.java:init(158)) - HddsDatanode metrics system started (again)
2021-10-12 06:05:24,685 [Listener at 127.0.0.1/38829] INFO  ozone.HddsDatanodeService (HddsDatanodeService.java:start(234)) - HddsDatanodeService host:fv-az297-361.nmf1rxwemy4u5di1sxxf4ejcwb.jx.internal.cloudapp.net ip:10.1.0.59
2021-10-12 06:05:24,788 [Listener at 127.0.0.1/38829] INFO  upgrade.AbstractLayoutVersionManager (AbstractLayoutVersionManager.java:init(79)) - Initializing Layout version manager with metadata layout = SCM_HA (version = 2), software layout = SCM_HA (version = 2)
2021-10-12 06:05:24,834 [Listener at 127.0.0.1/38829] INFO  reflections.Reflections (Reflections.java:scan(232)) - Reflections took 45 ms to scan 7 urls, producing 119 keys and 278 values 
2021-10-12 06:05:24,854 [Listener at 127.0.0.1/38829] INFO  volume.HddsVolume (HddsVolume.java:<init>(120)) - Creating HddsVolume: /home/runner/work/ozone/ozone/hadoop-ozone/integration-test/target/test-dir/MiniOzoneClusterImpl-c6dc50ab-6fac-4554-b78d-9440f3e38bfb/datanode-0/data-0/containers/hdds of storage type : DISK capacity : 9223372036854775807
2021-10-12 06:05:24,855 [Listener at 127.0.0.1/38829] INFO  volume.MutableVolumeSet (MutableVolumeSet.java:initializeVolumeSet(168)) - Added Volume : /home/runner/work/ozone/ozone/hadoop-ozone/integration-test/target/test-dir/MiniOzoneClusterImpl-c6dc50ab-6fac-4554-b78d-9440f3e38bfb/datanode-0/data-0/containers/hdds to VolumeSet
2021-10-12 06:05:24,860 [Listener at 127.0.0.1/38829] INFO  volume.ThrottledAsyncChecker (ThrottledAsyncChecker.java:schedule(141)) - Scheduling a check for /home/runner/work/ozone/ozone/hadoop-ozone/integration-test/target/test-dir/MiniOzoneClusterImpl-c6dc50ab-6fac-4554-b78d-9440f3e38bfb/datanode-0/data-0/containers/hdds
2021-10-12 06:05:24,903 [Listener at 127.0.0.1/38829] INFO  volume.StorageVolumeChecker (StorageVolumeChecker.java:checkAllVolumes(202)) - Scheduled health check for volume /home/runner/work/ozone/ozone/hadoop-ozone/integration-test/target/test-dir/MiniOzoneClusterImpl-c6dc50ab-6fac-4554-b78d-9440f3e38bfb/datanode-0/data-0/containers/hdds
2021-10-12 06:05:24,949 [Listener at 127.0.0.1/38829] INFO  volume.MutableVolumeSet (MutableVolumeSet.java:initializeVolumeSet(168)) - Added Volume : /home/runner/work/ozone/ozone/hadoop-ozone/integration-test/target/test-dir/MiniOzoneClusterImpl-c6dc50ab-6fac-4554-b78d-9440f3e38bfb/datanode-0/data/ratis to VolumeSet
2021-10-12 06:05:24,949 [Listener at 127.0.0.1/38829] INFO  volume.ThrottledAsyncChecker (ThrottledAsyncChecker.java:schedule(141)) - Scheduling a check for /home/runner/work/ozone/ozone/hadoop-ozone/integration-test/target/test-dir/MiniOzoneClusterImpl-c6dc50ab-6fac-4554-b78d-9440f3e38bfb/datanode-0/data/ratis
2021-10-12 06:05:24,949 [Listener at 127.0.0.1/38829] INFO  volume.StorageVolumeChecker (StorageVolumeChecker.java:checkAllVolumes(202)) - Scheduled health check for volume /home/runner/work/ozone/ozone/hadoop-ozone/integration-test/target/test-dir/MiniOzoneClusterImpl-c6dc50ab-6fac-4554-b78d-9440f3e38bfb/datanode-0/data/ratis
2021-10-12 06:05:24,986 [Thread-1614] INFO  ozoneimpl.ContainerReader (ContainerReader.java:readVolume(172)) - Finish verifying containers on volume /home/runner/work/ozone/ozone/hadoop-ozone/integration-test/target/test-dir/MiniOzoneClusterImpl-c6dc50ab-6fac-4554-b78d-9440f3e38bfb/datanode-0/data-0/containers/hdds
2021-10-12 06:05:24,986 [Listener at 127.0.0.1/38829] INFO  ozoneimpl.OzoneContainer (OzoneContainer.java:buildContainerSet(236)) - Build ContainerSet costs 0s
2021-10-12 06:05:24,988 [Listener at 127.0.0.1/38829] INFO  server.RaftServer (ConfUtils.java:logGet(44)) - raft.rpc.type = GRPC (default)
2021-10-12 06:05:24,988 [Listener at 127.0.0.1/38829] INFO  grpc.GrpcFactory (GrpcFactory.java:checkPooledByteBufAllocatorUseCacheForAllThreads(48)) - PERFORMANCE WARNING: useCacheForAllThreads is true that may cause Netty to create a lot garbage objects and, as a result, trigger GC.
	It is recommended to disable useCacheForAllThreads by setting -Dorg.apache.ratis.thirdparty.io.netty.allocator.useCacheForAllThreads=false in command line.
2021-10-12 06:05:24,988 [Listener at 127.0.0.1/38829] INFO  grpc.GrpcConfigKeys (ConfUtils.java:logGet(44)) - raft.grpc.admin.port = 0 (custom)
2021-10-12 06:05:24,988 [Listener at 127.0.0.1/38829] INFO  grpc.GrpcConfigKeys (ConfUtils.java:logGet(44)) - raft.grpc.client.port = 0 (custom)
2021-10-12 06:05:24,988 [Listener at 127.0.0.1/38829] INFO  grpc.GrpcConfigKeys (ConfUtils.java:logGet(44)) - raft.grpc.server.port = 0 (default)
2021-10-12 06:05:24,989 [Listener at 127.0.0.1/38829] INFO  server.GrpcService (ConfUtils.java:logGet(44)) - raft.grpc.message.size.max = 32MB (=33554432) (custom)
2021-10-12 06:05:24,989 [Listener at 127.0.0.1/38829] INFO  server.RaftServerConfigKeys (ConfUtils.java:logGet(44)) - raft.server.log.appender.buffer.byte-limit = 33554432 (custom)
2021-10-12 06:05:24,989 [Listener at 127.0.0.1/38829] INFO  server.GrpcService (ConfUtils.java:logGet(44)) - raft.grpc.flow.control.window = 5MB (=5242880) (custom)
2021-10-12 06:05:24,989 [Listener at 127.0.0.1/38829] INFO  server.RaftServerConfigKeys (ConfUtils.java:logGet(44)) - raft.server.rpc.request.timeout = 3000ms (default)
2021-10-12 06:05:24,990 [Listener at 127.0.0.1/38829] INFO  impl.DataStreamServerImpl (ConfUtils.java:logGet(44)) - raft.datastream.type = DISABLED (default)
2021-10-12 06:05:24,990 [Listener at 127.0.0.1/38829] INFO  server.RaftServerConfigKeys (ConfUtils.java:logGet(44)) - raft.server.rpc.slowness.timeout = 300000ms (custom)
2021-10-12 06:05:24,990 [Listener at 127.0.0.1/38829] INFO  server.RaftServerConfigKeys (ConfUtils.java:logGet(44)) - raft.server.leaderelection.leader.step-down.wait-time = 10s (default)
2021-10-12 06:05:24,990 [Listener at 127.0.0.1/38829] INFO  server.RaftServerConfigKeys (ConfUtils.java:logGet(44)) - raft.server.storage.dir = [/home/runner/work/ozone/ozone/hadoop-ozone/integration-test/target/test-dir/MiniOzoneClusterImpl-c6dc50ab-6fac-4554-b78d-9440f3e38bfb/datanode-0/data/ratis] (custom)
2021-10-12 06:05:25,002 [Listener at 127.0.0.1/38829] INFO  http.BaseHttpServer (BaseHttpServer.java:newHttpServer2BuilderForOzone(209)) - Starting Web-server for hddsDatanode at: http://0.0.0.0:0
2021-10-12 06:05:25,002 [Listener at 127.0.0.1/38829] INFO  http.BaseHttpServer (BaseHttpServer.java:<init>(107)) - Hadoop Security Enabled: false Ozone Security Enabled: false Ozone HTTP Security Enabled: false 
2021-10-12 06:05:25,003 [Listener at 127.0.0.1/38829] INFO  server.AuthenticationFilter (AuthenticationFilter.java:constructSecretProvider(240)) - Unable to initialize FileSignerSecretProvider, falling back to use random secrets.
2021-10-12 06:05:25,013 [Listener at 127.0.0.1/38829] WARN  http.HttpRequestLog (HttpRequestLog.java:getRequestLog(103)) - Jetty request log can only be enabled using Log4j
2021-10-12 06:05:25,014 [Listener at 127.0.0.1/38829] INFO  http.HttpServer2 (HttpServer2.java:addGlobalFilter(1030)) - Added global filter 'safety' (class=org.apache.hadoop.hdds.server.http.HttpServer2$QuotingInputFilter)
2021-10-12 06:05:25,015 [Listener at 127.0.0.1/38829] INFO  http.HttpServer2 (HttpServer2.java:addFilter(1006)) - Added filter static_user_filter (class=org.apache.hadoop.http.lib.StaticUserWebFilter$StaticUserFilter) to context hddsDatanode
2021-10-12 06:05:25,015 [Listener at 127.0.0.1/38829] INFO  http.HttpServer2 (HttpServer2.java:addFilter(1014)) - Added filter static_user_filter (class=org.apache.hadoop.http.lib.StaticUserWebFilter$StaticUserFilter) to context logs
2021-10-12 06:05:25,015 [Listener at 127.0.0.1/38829] INFO  http.HttpServer2 (HttpServer2.java:addFilter(1014)) - Added filter static_user_filter (class=org.apache.hadoop.http.lib.StaticUserWebFilter$StaticUserFilter) to context static
2021-10-12 06:05:25,015 [Listener at 127.0.0.1/38829] INFO  http.HttpServer2 (HttpServer2.java:bindListener(1249)) - Jetty bound to port 36991
2021-10-12 06:05:25,015 [Listener at 127.0.0.1/38829] INFO  server.Server (Server.java:doStart(375)) - jetty-9.4.43.v20210629; built: 2021-06-30T11:07:22.254Z; git: 526006ecfa3af7f1a27ef3a288e2bef7ea9dd7e8; jvm 1.8.0_292-b10
2021-10-12 06:05:25,043 [Listener at 127.0.0.1/38829] INFO  server.session (DefaultSessionIdManager.java:doStart(334)) - DefaultSessionIdManager workerName=node0
2021-10-12 06:05:25,043 [Listener at 127.0.0.1/38829] INFO  server.session (DefaultSessionIdManager.java:doStart(339)) - No SessionScavenger set, using defaults
2021-10-12 06:05:25,043 [Listener at 127.0.0.1/38829] INFO  server.session (HouseKeeper.java:startScavenging(132)) - node0 Scavenging every 600000ms
2021-10-12 06:05:25,056 [Listener at 127.0.0.1/38829] INFO  handler.ContextHandler (ContextHandler.java:doStart(915)) - Started o.e.j.s.ServletContextHandler@4f296e2a{logs,/logs,file:///home/runner/work/ozone/ozone/hadoop-ozone/integration-test/target/log,AVAILABLE}
2021-10-12 06:05:25,056 [Listener at 127.0.0.1/38829] INFO  handler.ContextHandler (ContextHandler.java:doStart(915)) - Started o.e.j.s.ServletContextHandler@2dd8c375{static,/static,jar:file:/home/runner/.m2/repository/org/apache/ozone/hdds-container-service/1.2.0-SNAPSHOT/hdds-container-service-1.2.0-SNAPSHOT.jar!/webapps/static,AVAILABLE}
2021-10-12 06:05:25,142 [Listener at 127.0.0.1/38829] INFO  handler.ContextHandler (ContextHandler.java:doStart(915)) - Started o.e.j.w.WebAppContext@173b5550{hddsDatanode,/,file:///tmp/jetty-0_0_0_0-36991-hdds-container-service-1_2_0-SNAPSHOT_jar-_-any-3066524341526942054/webapp/,AVAILABLE}{jar:file:/home/runner/.m2/repository/org/apache/ozone/hdds-container-service/1.2.0-SNAPSHOT/hdds-container-service-1.2.0-SNAPSHOT.jar!/webapps/hddsDatanode}
2021-10-12 06:05:25,143 [Listener at 127.0.0.1/38829] INFO  server.AbstractConnector (AbstractConnector.java:doStart(331)) - Started ServerConnector@515f5b8c{HTTP/1.1, (http/1.1)}{0.0.0.0:36991}
2021-10-12 06:05:25,147 [Listener at 127.0.0.1/38829] INFO  server.Server (Server.java:doStart(415)) - Started @180165ms
2021-10-12 06:05:25,147 [Listener at 127.0.0.1/38829] WARN  impl.MetricsSystemImpl (MetricsSystemImpl.java:register(279)) - Sink prometheus already exists!
2021-10-12 06:05:25,147 [Listener at 127.0.0.1/38829] INFO  http.BaseHttpServer (BaseHttpServer.java:updateConnectorAddress(329)) - HTTP server of hddsDatanode listening at http://0.0.0.0:36991
2021-10-12 06:05:25,157 [Listener at 127.0.0.1/38829] WARN  impl.MetricRegistriesImpl (MetricRegistriesImpl.java:addReporterRegistration(111)) - New reporters are added after registries were created. Some metrics will be missing from the reporter. Please add reporter before adding any new registry.
2021-10-12 06:05:25,157 [Listener at 127.0.0.1/38829] WARN  impl.MetricRegistriesImpl (MetricRegistriesImpl.java:addReporterRegistration(111)) - New reporters are added after registries were created. Some metrics will be missing from the reporter. Please add reporter before adding any new registry.
2021-10-12 06:05:25,157 [Listener at 127.0.0.1/38829] INFO  impl.MetricsSystemImpl (MetricsSystemImpl.java:init(158)) - HddsDatanode metrics system started (again)
2021-10-12 06:05:25,166 [Datanode State Machine Thread - 0] INFO  statemachine.DatanodeStateMachine (DatanodeStateMachine.java:lambda$startDaemon$0(463)) - Ozone container server started.
2021-10-12 06:05:25,259 [Listener at 127.0.0.1/38829] INFO  ozone.HddsDatanodeService (HddsDatanodeService.java:start(234)) - HddsDatanodeService host:fv-az297-361.nmf1rxwemy4u5di1sxxf4ejcwb.jx.internal.cloudapp.net ip:10.1.0.59
2021-10-12 06:05:25,259 [org.apache.hadoop.util.JvmPauseMonitor$Monitor@4e04b3e4] INFO  util.JvmPauseMonitor (JvmPauseMonitor.java:run(188)) - Starting JVM pause monitor
2021-10-12 06:05:25,313 [Datanode State Machine Task Thread - 0] INFO  datanode.InitDatanodeState (InitDatanodeState.java:persistContainerDatanodeDetails(145)) - DatanodeDetails is persisted to /home/runner/work/ozone/ozone/hadoop-ozone/integration-test/target/test-dir/MiniOzoneClusterImpl-c6dc50ab-6fac-4554-b78d-9440f3e38bfb/datanode-0/meta/datanode.id
2021-10-12 06:05:25,336 [Listener at 127.0.0.1/38829] INFO  upgrade.AbstractLayoutVersionManager (AbstractLayoutVersionManager.java:init(79)) - Initializing Layout version manager with metadata layout = SCM_HA (version = 2), software layout = SCM_HA (version = 2)
2021-10-12 06:05:25,414 [Listener at 127.0.0.1/38829] INFO  reflections.Reflections (Reflections.java:scan(232)) - Reflections took 75 ms to scan 7 urls, producing 119 keys and 278 values 
2021-10-12 06:05:25,423 [Listener at 127.0.0.1/38829] INFO  volume.HddsVolume (HddsVolume.java:<init>(120)) - Creating HddsVolume: /home/runner/work/ozone/ozone/hadoop-ozone/integration-test/target/test-dir/MiniOzoneClusterImpl-c6dc50ab-6fac-4554-b78d-9440f3e38bfb/datanode-1/data-0/containers/hdds of storage type : DISK capacity : 9223372036854775807
2021-10-12 06:05:25,424 [Listener at 127.0.0.1/38829] INFO  volume.MutableVolumeSet (MutableVolumeSet.java:initializeVolumeSet(168)) - Added Volume : /home/runner/work/ozone/ozone/hadoop-ozone/integration-test/target/test-dir/MiniOzoneClusterImpl-c6dc50ab-6fac-4554-b78d-9440f3e38bfb/datanode-1/data-0/containers/hdds to VolumeSet
2021-10-12 06:05:25,424 [Listener at 127.0.0.1/38829] INFO  volume.ThrottledAsyncChecker (ThrottledAsyncChecker.java:schedule(141)) - Scheduling a check for /home/runner/work/ozone/ozone/hadoop-ozone/integration-test/target/test-dir/MiniOzoneClusterImpl-c6dc50ab-6fac-4554-b78d-9440f3e38bfb/datanode-1/data-0/containers/hdds
2021-10-12 06:05:25,424 [Listener at 127.0.0.1/38829] INFO  volume.StorageVolumeChecker (StorageVolumeChecker.java:checkAllVolumes(202)) - Scheduled health check for volume /home/runner/work/ozone/ozone/hadoop-ozone/integration-test/target/test-dir/MiniOzoneClusterImpl-c6dc50ab-6fac-4554-b78d-9440f3e38bfb/datanode-1/data-0/containers/hdds
2021-10-12 06:05:25,437 [Listener at 127.0.0.1/38829] INFO  volume.MutableVolumeSet (MutableVolumeSet.java:initializeVolumeSet(168)) - Added Volume : /home/runner/work/ozone/ozone/hadoop-ozone/integration-test/target/test-dir/MiniOzoneClusterImpl-c6dc50ab-6fac-4554-b78d-9440f3e38bfb/datanode-1/data/ratis to VolumeSet
2021-10-12 06:05:25,437 [Listener at 127.0.0.1/38829] INFO  volume.ThrottledAsyncChecker (ThrottledAsyncChecker.java:schedule(141)) - Scheduling a check for /home/runner/work/ozone/ozone/hadoop-ozone/integration-test/target/test-dir/MiniOzoneClusterImpl-c6dc50ab-6fac-4554-b78d-9440f3e38bfb/datanode-1/data/ratis
2021-10-12 06:05:25,437 [Listener at 127.0.0.1/38829] INFO  volume.StorageVolumeChecker (StorageVolumeChecker.java:checkAllVolumes(202)) - Scheduled health check for volume /home/runner/work/ozone/ozone/hadoop-ozone/integration-test/target/test-dir/MiniOzoneClusterImpl-c6dc50ab-6fac-4554-b78d-9440f3e38bfb/datanode-1/data/ratis
2021-10-12 06:05:25,466 [Thread-1626] INFO  ozoneimpl.ContainerReader (ContainerReader.java:readVolume(172)) - Finish verifying containers on volume /home/runner/work/ozone/ozone/hadoop-ozone/integration-test/target/test-dir/MiniOzoneClusterImpl-c6dc50ab-6fac-4554-b78d-9440f3e38bfb/datanode-1/data-0/containers/hdds
2021-10-12 06:05:25,467 [Listener at 127.0.0.1/38829] INFO  ozoneimpl.OzoneContainer (OzoneContainer.java:buildContainerSet(236)) - Build ContainerSet costs 0s
2021-10-12 06:05:25,468 [Listener at 127.0.0.1/38829] INFO  server.RaftServer (ConfUtils.java:logGet(44)) - raft.rpc.type = GRPC (default)
2021-10-12 06:05:25,468 [Listener at 127.0.0.1/38829] INFO  grpc.GrpcFactory (GrpcFactory.java:checkPooledByteBufAllocatorUseCacheForAllThreads(48)) - PERFORMANCE WARNING: useCacheForAllThreads is true that may cause Netty to create a lot garbage objects and, as a result, trigger GC.
	It is recommended to disable useCacheForAllThreads by setting -Dorg.apache.ratis.thirdparty.io.netty.allocator.useCacheForAllThreads=false in command line.
2021-10-12 06:05:25,468 [Listener at 127.0.0.1/38829] INFO  grpc.GrpcConfigKeys (ConfUtils.java:logGet(44)) - raft.grpc.admin.port = 0 (custom)
2021-10-12 06:05:25,468 [Listener at 127.0.0.1/38829] INFO  grpc.GrpcConfigKeys (ConfUtils.java:logGet(44)) - raft.grpc.client.port = 0 (custom)
2021-10-12 06:05:25,468 [Listener at 127.0.0.1/38829] INFO  grpc.GrpcConfigKeys (ConfUtils.java:logGet(44)) - raft.grpc.server.port = 0 (default)
2021-10-12 06:05:25,468 [Listener at 127.0.0.1/38829] INFO  server.GrpcService (ConfUtils.java:logGet(44)) - raft.grpc.message.size.max = 32MB (=33554432) (custom)
2021-10-12 06:05:25,469 [Listener at 127.0.0.1/38829] INFO  server.RaftServerConfigKeys (ConfUtils.java:logGet(44)) - raft.server.log.appender.buffer.byte-limit = 33554432 (custom)
2021-10-12 06:05:25,469 [Listener at 127.0.0.1/38829] INFO  server.GrpcService (ConfUtils.java:logGet(44)) - raft.grpc.flow.control.window = 5MB (=5242880) (custom)
2021-10-12 06:05:25,469 [Listener at 127.0.0.1/38829] INFO  server.RaftServerConfigKeys (ConfUtils.java:logGet(44)) - raft.server.rpc.request.timeout = 3000ms (default)
2021-10-12 06:05:25,475 [Listener at 127.0.0.1/38829] INFO  impl.DataStreamServerImpl (ConfUtils.java:logGet(44)) - raft.datastream.type = DISABLED (default)
2021-10-12 06:05:25,475 [Listener at 127.0.0.1/38829] INFO  server.RaftServerConfigKeys (ConfUtils.java:logGet(44)) - raft.server.rpc.slowness.timeout = 300000ms (custom)
2021-10-12 06:05:25,475 [Listener at 127.0.0.1/38829] INFO  server.RaftServerConfigKeys (ConfUtils.java:logGet(44)) - raft.server.leaderelection.leader.step-down.wait-time = 10s (default)
2021-10-12 06:05:25,475 [Listener at 127.0.0.1/38829] INFO  server.RaftServerConfigKeys (ConfUtils.java:logGet(44)) - raft.server.storage.dir = [/home/runner/work/ozone/ozone/hadoop-ozone/integration-test/target/test-dir/MiniOzoneClusterImpl-c6dc50ab-6fac-4554-b78d-9440f3e38bfb/datanode-1/data/ratis] (custom)
2021-10-12 06:05:25,494 [Listener at 127.0.0.1/38829] INFO  http.BaseHttpServer (BaseHttpServer.java:newHttpServer2BuilderForOzone(209)) - Starting Web-server for hddsDatanode at: http://0.0.0.0:0
2021-10-12 06:05:25,494 [Listener at 127.0.0.1/38829] INFO  http.BaseHttpServer (BaseHttpServer.java:<init>(107)) - Hadoop Security Enabled: false Ozone Security Enabled: false Ozone HTTP Security Enabled: false 
2021-10-12 06:05:25,495 [Listener at 127.0.0.1/38829] INFO  server.AuthenticationFilter (AuthenticationFilter.java:constructSecretProvider(240)) - Unable to initialize FileSignerSecretProvider, falling back to use random secrets.
2021-10-12 06:05:25,499 [Listener at 127.0.0.1/38829] WARN  http.HttpRequestLog (HttpRequestLog.java:getRequestLog(103)) - Jetty request log can only be enabled using Log4j
2021-10-12 06:05:25,502 [Listener at 127.0.0.1/38829] INFO  http.HttpServer2 (HttpServer2.java:addGlobalFilter(1030)) - Added global filter 'safety' (class=org.apache.hadoop.hdds.server.http.HttpServer2$QuotingInputFilter)
2021-10-12 06:05:25,503 [Listener at 127.0.0.1/38829] INFO  http.HttpServer2 (HttpServer2.java:addFilter(1006)) - Added filter static_user_filter (class=org.apache.hadoop.http.lib.StaticUserWebFilter$StaticUserFilter) to context hddsDatanode
2021-10-12 06:05:25,503 [Listener at 127.0.0.1/38829] INFO  http.HttpServer2 (HttpServer2.java:addFilter(1014)) - Added filter static_user_filter (class=org.apache.hadoop.http.lib.StaticUserWebFilter$StaticUserFilter) to context logs
2021-10-12 06:05:25,503 [Listener at 127.0.0.1/38829] INFO  http.HttpServer2 (HttpServer2.java:addFilter(1014)) - Added filter static_user_filter (class=org.apache.hadoop.http.lib.StaticUserWebFilter$StaticUserFilter) to context static
2021-10-12 06:05:25,503 [Listener at 127.0.0.1/38829] INFO  http.HttpServer2 (HttpServer2.java:bindListener(1249)) - Jetty bound to port 34445
2021-10-12 06:05:25,505 [Listener at 127.0.0.1/38829] INFO  server.Server (Server.java:doStart(375)) - jetty-9.4.43.v20210629; built: 2021-06-30T11:07:22.254Z; git: 526006ecfa3af7f1a27ef3a288e2bef7ea9dd7e8; jvm 1.8.0_292-b10
2021-10-12 06:05:25,507 [Listener at 127.0.0.1/38829] INFO  server.session (DefaultSessionIdManager.java:doStart(334)) - DefaultSessionIdManager workerName=node0
2021-10-12 06:05:25,507 [Listener at 127.0.0.1/38829] INFO  server.session (DefaultSessionIdManager.java:doStart(339)) - No SessionScavenger set, using defaults
2021-10-12 06:05:25,507 [Listener at 127.0.0.1/38829] INFO  server.session (HouseKeeper.java:startScavenging(132)) - node0 Scavenging every 600000ms
2021-10-12 06:05:25,507 [Listener at 127.0.0.1/38829] INFO  handler.ContextHandler (ContextHandler.java:doStart(915)) - Started o.e.j.s.ServletContextHandler@177981fa{logs,/logs,file:///home/runner/work/ozone/ozone/hadoop-ozone/integration-test/target/log,AVAILABLE}
2021-10-12 06:05:25,508 [Listener at 127.0.0.1/38829] INFO  handler.ContextHandler (ContextHandler.java:doStart(915)) - Started o.e.j.s.ServletContextHandler@5e4abd64{static,/static,jar:file:/home/runner/.m2/repository/org/apache/ozone/hdds-container-service/1.2.0-SNAPSHOT/hdds-container-service-1.2.0-SNAPSHOT.jar!/webapps/static,AVAILABLE}
2021-10-12 06:05:25,572 [om1@group-C5BA1605619E-FollowerState] INFO  impl.FollowerState (FollowerState.java:run(134)) - om1@group-C5BA1605619E-FollowerState: change to CANDIDATE, lastRpcElapsedTime:1150640582ns, electionTimeout:1148ms
2021-10-12 06:05:25,572 [om1@group-C5BA1605619E-FollowerState] INFO  impl.RoleInfo (RoleInfo.java:shutdownFollowerState(108)) - om1: shutdown om1@group-C5BA1605619E-FollowerState
2021-10-12 06:05:25,572 [om1@group-C5BA1605619E-FollowerState] INFO  server.RaftServer$Division (RaftServerImpl.java:setRole(285)) - om1@group-C5BA1605619E: changes role from  FOLLOWER to CANDIDATE at term 0 for changeToCandidate
2021-10-12 06:05:25,572 [om1@group-C5BA1605619E-FollowerState] INFO  server.RaftServerConfigKeys (ConfUtils.java:logGet(44)) - raft.server.leaderelection.pre-vote = false (custom)
2021-10-12 06:05:25,573 [om1@group-C5BA1605619E-FollowerState] INFO  impl.RoleInfo (RoleInfo.java:updateAndGet(130)) - om1: start om1@group-C5BA1605619E-LeaderElection73
2021-10-12 06:05:25,617 [Listener at 127.0.0.1/38829] INFO  handler.ContextHandler (ContextHandler.java:doStart(915)) - Started o.e.j.w.WebAppContext@1b8a1fed{hddsDatanode,/,file:///tmp/jetty-0_0_0_0-34445-hdds-container-service-1_2_0-SNAPSHOT_jar-_-any-2874152671332215148/webapp/,AVAILABLE}{jar:file:/home/runner/.m2/repository/org/apache/ozone/hdds-container-service/1.2.0-SNAPSHOT/hdds-container-service-1.2.0-SNAPSHOT.jar!/webapps/hddsDatanode}
2021-10-12 06:05:25,638 [Listener at 127.0.0.1/38829] INFO  server.AbstractConnector (AbstractConnector.java:doStart(331)) - Started ServerConnector@72715a52{HTTP/1.1, (http/1.1)}{0.0.0.0:34445}
2021-10-12 06:05:25,638 [Listener at 127.0.0.1/38829] INFO  server.Server (Server.java:doStart(415)) - Started @180656ms
2021-10-12 06:05:25,638 [Listener at 127.0.0.1/38829] WARN  impl.MetricsSystemImpl (MetricsSystemImpl.java:register(279)) - Sink prometheus already exists!
2021-10-12 06:05:25,639 [Listener at 127.0.0.1/38829] INFO  http.BaseHttpServer (BaseHttpServer.java:updateConnectorAddress(329)) - HTTP server of hddsDatanode listening at http://0.0.0.0:34445
2021-10-12 06:05:25,645 [Listener at 127.0.0.1/38829] WARN  impl.MetricRegistriesImpl (MetricRegistriesImpl.java:addReporterRegistration(111)) - New reporters are added after registries were created. Some metrics will be missing from the reporter. Please add reporter before adding any new registry.
2021-10-12 06:05:25,645 [Listener at 127.0.0.1/38829] WARN  impl.MetricRegistriesImpl (MetricRegistriesImpl.java:addReporterRegistration(111)) - New reporters are added after registries were created. Some metrics will be missing from the reporter. Please add reporter before adding any new registry.
2021-10-12 06:05:25,645 [Listener at 127.0.0.1/38829] INFO  impl.MetricsSystemImpl (MetricsSystemImpl.java:init(158)) - HddsDatanode metrics system started (again)
2021-10-12 06:05:25,658 [om1@group-C5BA1605619E-LeaderElection73] INFO  impl.LeaderElection (LeaderElection.java:askForVotes(306)) - om1@group-C5BA1605619E-LeaderElection73 ELECTION round 0: submit vote requests at term 1 for -1: [om1|rpc:localhost:9872|priority:0], old=null
2021-10-12 06:05:25,658 [om1@group-C5BA1605619E-LeaderElection73] INFO  impl.LeaderElection (LeaderElection.java:askForVotes(308)) - om1@group-C5BA1605619E-LeaderElection73 ELECTION round 0: result PASSED (term=1)
2021-10-12 06:05:25,658 [om1@group-C5BA1605619E-LeaderElection73] INFO  impl.RoleInfo (RoleInfo.java:shutdownLeaderElection(121)) - om1: shutdown om1@group-C5BA1605619E-LeaderElection73
2021-10-12 06:05:25,658 [om1@group-C5BA1605619E-LeaderElection73] INFO  server.RaftServer$Division (RaftServerImpl.java:setRole(285)) - om1@group-C5BA1605619E: changes role from CANDIDATE to LEADER at term 1 for changeToLeader
2021-10-12 06:05:25,658 [om1@group-C5BA1605619E-LeaderElection73] INFO  server.RaftServer$Division (ServerState.java:setLeader(285)) - om1@group-C5BA1605619E: change Leader from null to om1 at term 1 for becomeLeader, leader elected after 1291ms
2021-10-12 06:05:25,658 [om1@group-C5BA1605619E-LeaderElection73] INFO  server.RaftServerConfigKeys (ConfUtils.java:logGet(44)) - raft.server.staging.catchup.gap = 1000 (default)
2021-10-12 06:05:25,658 [om1@group-C5BA1605619E-LeaderElection73] INFO  server.RaftServerConfigKeys (ConfUtils.java:logGet(44)) - raft.server.write.element-limit = 4096 (default)
2021-10-12 06:05:25,659 [om1@group-C5BA1605619E-LeaderElection73] INFO  server.RaftServerConfigKeys (ConfUtils.java:logGet(44)) - raft.server.write.byte-limit = 64MB (=67108864) (default)
2021-10-12 06:05:25,659 [om1@group-C5BA1605619E-LeaderElection73] INFO  server.RaftServerConfigKeys (ConfUtils.java:logGet(44)) - raft.server.watch.timeout = 10s (default)
2021-10-12 06:05:25,659 [om1@group-C5BA1605619E-LeaderElection73] INFO  server.RaftServerConfigKeys (ConfUtils.java:logGet(44)) - raft.server.watch.timeout.denomination = 1s (default)
2021-10-12 06:05:25,659 [om1@group-C5BA1605619E-LeaderElection73] INFO  server.RaftServerConfigKeys (ConfUtils.java:logGet(44)) - raft.server.watch.element-limit = 65536 (default)
2021-10-12 06:05:25,659 [om1@group-C5BA1605619E-LeaderElection73] INFO  impl.RoleInfo (RoleInfo.java:updateAndGet(130)) - om1: start om1@group-C5BA1605619E-LeaderStateImpl
2021-10-12 06:05:25,659 [om1@group-C5BA1605619E-LeaderElection73] INFO  segmented.SegmentedRaftLogWorker (SegmentedRaftLogWorker.java:startLogSegment(394)) - om1@group-C5BA1605619E-SegmentedRaftLogWorker: Starting segment from index:0
2021-10-12 06:05:25,666 [Datanode State Machine Thread - 0] INFO  statemachine.DatanodeStateMachine (DatanodeStateMachine.java:lambda$startDaemon$0(463)) - Ozone container server started.
2021-10-12 06:05:25,682 [om1@group-C5BA1605619E-SegmentedRaftLogWorker] INFO  segmented.SegmentedRaftLogWorker (SegmentedRaftLogWorker.java:execute(601)) - om1@group-C5BA1605619E-SegmentedRaftLogWorker: created new log segment /home/runner/work/ozone/ozone/hadoop-ozone/integration-test/target/test-dir/MiniOzoneClusterImpl-c6dc50ab-6fac-4554-b78d-9440f3e38bfb/ozone-meta/ratis/bf265839-605b-3f16-9796-c5ba1605619e/current/log_inprogress_0
2021-10-12 06:05:25,702 [Listener at 127.0.0.1/38829] INFO  ozone.HddsDatanodeService (HddsDatanodeService.java:start(234)) - HddsDatanodeService host:fv-az297-361.nmf1rxwemy4u5di1sxxf4ejcwb.jx.internal.cloudapp.net ip:10.1.0.59
2021-10-12 06:05:25,746 [org.apache.hadoop.util.JvmPauseMonitor$Monitor@1d27e08e] INFO  util.JvmPauseMonitor (JvmPauseMonitor.java:run(188)) - Starting JVM pause monitor
2021-10-12 06:05:25,758 [om1@group-C5BA1605619E-LeaderElection73] INFO  server.RaftServer$Division (ServerState.java:setRaftConf(387)) - om1@group-C5BA1605619E: set configuration 0: [om1|rpc:localhost:9872|admin:|client:|dataStream:|priority:0], old=null
2021-10-12 06:05:25,762 [om1@group-C5BA1605619E-StateMachineUpdater] INFO  ratis.OzoneManagerStateMachine (OzoneManagerStateMachine.java:notifyConfigurationChanged(188)) - Received Configuration change notification from Ratis. New Peer list:
[id: "om1"
address: "localhost:9872"
]
2021-10-12 06:05:25,811 [Datanode State Machine Task Thread - 0] INFO  datanode.InitDatanodeState (InitDatanodeState.java:persistContainerDatanodeDetails(145)) - DatanodeDetails is persisted to /home/runner/work/ozone/ozone/hadoop-ozone/integration-test/target/test-dir/MiniOzoneClusterImpl-c6dc50ab-6fac-4554-b78d-9440f3e38bfb/datanode-1/meta/datanode.id
2021-10-12 06:05:25,814 [Listener at 127.0.0.1/38829] INFO  upgrade.AbstractLayoutVersionManager (AbstractLayoutVersionManager.java:init(79)) - Initializing Layout version manager with metadata layout = SCM_HA (version = 2), software layout = SCM_HA (version = 2)
2021-10-12 06:05:25,925 [Listener at 127.0.0.1/38829] INFO  reflections.Reflections (Reflections.java:scan(232)) - Reflections took 110 ms to scan 7 urls, producing 119 keys and 278 values 
2021-10-12 06:05:25,944 [Listener at 127.0.0.1/38829] INFO  volume.HddsVolume (HddsVolume.java:<init>(120)) - Creating HddsVolume: /home/runner/work/ozone/ozone/hadoop-ozone/integration-test/target/test-dir/MiniOzoneClusterImpl-c6dc50ab-6fac-4554-b78d-9440f3e38bfb/datanode-2/data-0/containers/hdds of storage type : DISK capacity : 9223372036854775807
2021-10-12 06:05:25,944 [Listener at 127.0.0.1/38829] INFO  volume.MutableVolumeSet (MutableVolumeSet.java:initializeVolumeSet(168)) - Added Volume : /home/runner/work/ozone/ozone/hadoop-ozone/integration-test/target/test-dir/MiniOzoneClusterImpl-c6dc50ab-6fac-4554-b78d-9440f3e38bfb/datanode-2/data-0/containers/hdds to VolumeSet
2021-10-12 06:05:25,944 [Listener at 127.0.0.1/38829] INFO  volume.ThrottledAsyncChecker (ThrottledAsyncChecker.java:schedule(141)) - Scheduling a check for /home/runner/work/ozone/ozone/hadoop-ozone/integration-test/target/test-dir/MiniOzoneClusterImpl-c6dc50ab-6fac-4554-b78d-9440f3e38bfb/datanode-2/data-0/containers/hdds
2021-10-12 06:05:25,950 [Listener at 127.0.0.1/38829] INFO  volume.StorageVolumeChecker (StorageVolumeChecker.java:checkAllVolumes(202)) - Scheduled health check for volume /home/runner/work/ozone/ozone/hadoop-ozone/integration-test/target/test-dir/MiniOzoneClusterImpl-c6dc50ab-6fac-4554-b78d-9440f3e38bfb/datanode-2/data-0/containers/hdds
2021-10-12 06:05:25,969 [Listener at 127.0.0.1/38829] INFO  volume.MutableVolumeSet (MutableVolumeSet.java:initializeVolumeSet(168)) - Added Volume : /home/runner/work/ozone/ozone/hadoop-ozone/integration-test/target/test-dir/MiniOzoneClusterImpl-c6dc50ab-6fac-4554-b78d-9440f3e38bfb/datanode-2/data/ratis to VolumeSet
2021-10-12 06:05:25,970 [Listener at 127.0.0.1/38829] INFO  volume.ThrottledAsyncChecker (ThrottledAsyncChecker.java:schedule(141)) - Scheduling a check for /home/runner/work/ozone/ozone/hadoop-ozone/integration-test/target/test-dir/MiniOzoneClusterImpl-c6dc50ab-6fac-4554-b78d-9440f3e38bfb/datanode-2/data/ratis
2021-10-12 06:05:25,970 [Listener at 127.0.0.1/38829] INFO  volume.StorageVolumeChecker (StorageVolumeChecker.java:checkAllVolumes(202)) - Scheduled health check for volume /home/runner/work/ozone/ozone/hadoop-ozone/integration-test/target/test-dir/MiniOzoneClusterImpl-c6dc50ab-6fac-4554-b78d-9440f3e38bfb/datanode-2/data/ratis
2021-10-12 06:05:25,988 [Thread-1640] INFO  ozoneimpl.ContainerReader (ContainerReader.java:readVolume(172)) - Finish verifying containers on volume /home/runner/work/ozone/ozone/hadoop-ozone/integration-test/target/test-dir/MiniOzoneClusterImpl-c6dc50ab-6fac-4554-b78d-9440f3e38bfb/datanode-2/data-0/containers/hdds
2021-10-12 06:05:25,988 [Listener at 127.0.0.1/38829] INFO  ozoneimpl.OzoneContainer (OzoneContainer.java:buildContainerSet(236)) - Build ContainerSet costs 0s
2021-10-12 06:05:25,989 [Listener at 127.0.0.1/38829] INFO  server.RaftServer (ConfUtils.java:logGet(44)) - raft.rpc.type = GRPC (default)
2021-10-12 06:05:25,989 [Listener at 127.0.0.1/38829] INFO  grpc.GrpcFactory (GrpcFactory.java:checkPooledByteBufAllocatorUseCacheForAllThreads(48)) - PERFORMANCE WARNING: useCacheForAllThreads is true that may cause Netty to create a lot garbage objects and, as a result, trigger GC.
	It is recommended to disable useCacheForAllThreads by setting -Dorg.apache.ratis.thirdparty.io.netty.allocator.useCacheForAllThreads=false in command line.
2021-10-12 06:05:25,990 [Listener at 127.0.0.1/38829] INFO  grpc.GrpcConfigKeys (ConfUtils.java:logGet(44)) - raft.grpc.admin.port = 0 (custom)
2021-10-12 06:05:25,990 [Listener at 127.0.0.1/38829] INFO  grpc.GrpcConfigKeys (ConfUtils.java:logGet(44)) - raft.grpc.client.port = 0 (custom)
2021-10-12 06:05:25,990 [Listener at 127.0.0.1/38829] INFO  grpc.GrpcConfigKeys (ConfUtils.java:logGet(44)) - raft.grpc.server.port = 0 (default)
2021-10-12 06:05:25,993 [Listener at 127.0.0.1/38829] INFO  server.GrpcService (ConfUtils.java:logGet(44)) - raft.grpc.message.size.max = 32MB (=33554432) (custom)
2021-10-12 06:05:25,993 [Listener at 127.0.0.1/38829] INFO  server.RaftServerConfigKeys (ConfUtils.java:logGet(44)) - raft.server.log.appender.buffer.byte-limit = 33554432 (custom)
2021-10-12 06:05:25,993 [Listener at 127.0.0.1/38829] INFO  server.GrpcService (ConfUtils.java:logGet(44)) - raft.grpc.flow.control.window = 5MB (=5242880) (custom)
2021-10-12 06:05:25,993 [Listener at 127.0.0.1/38829] INFO  server.RaftServerConfigKeys (ConfUtils.java:logGet(44)) - raft.server.rpc.request.timeout = 3000ms (default)
2021-10-12 06:05:25,998 [Listener at 127.0.0.1/38829] INFO  impl.DataStreamServerImpl (ConfUtils.java:logGet(44)) - raft.datastream.type = DISABLED (default)
2021-10-12 06:05:25,998 [Listener at 127.0.0.1/38829] INFO  server.RaftServerConfigKeys (ConfUtils.java:logGet(44)) - raft.server.rpc.slowness.timeout = 300000ms (custom)
2021-10-12 06:05:25,998 [Listener at 127.0.0.1/38829] INFO  server.RaftServerConfigKeys (ConfUtils.java:logGet(44)) - raft.server.leaderelection.leader.step-down.wait-time = 10s (default)
2021-10-12 06:05:25,998 [Listener at 127.0.0.1/38829] INFO  server.RaftServerConfigKeys (ConfUtils.java:logGet(44)) - raft.server.storage.dir = [/home/runner/work/ozone/ozone/hadoop-ozone/integration-test/target/test-dir/MiniOzoneClusterImpl-c6dc50ab-6fac-4554-b78d-9440f3e38bfb/datanode-2/data/ratis] (custom)
2021-10-12 06:05:26,030 [Listener at 127.0.0.1/38829] INFO  http.BaseHttpServer (BaseHttpServer.java:newHttpServer2BuilderForOzone(209)) - Starting Web-server for hddsDatanode at: http://0.0.0.0:0
2021-10-12 06:05:26,030 [Listener at 127.0.0.1/38829] INFO  http.BaseHttpServer (BaseHttpServer.java:<init>(107)) - Hadoop Security Enabled: false Ozone Security Enabled: false Ozone HTTP Security Enabled: false 
2021-10-12 06:05:26,032 [Listener at 127.0.0.1/38829] INFO  server.AuthenticationFilter (AuthenticationFilter.java:constructSecretProvider(240)) - Unable to initialize FileSignerSecretProvider, falling back to use random secrets.
2021-10-12 06:05:26,038 [Listener at 127.0.0.1/38829] WARN  http.HttpRequestLog (HttpRequestLog.java:getRequestLog(103)) - Jetty request log can only be enabled using Log4j
2021-10-12 06:05:26,039 [Listener at 127.0.0.1/38829] INFO  http.HttpServer2 (HttpServer2.java:addGlobalFilter(1030)) - Added global filter 'safety' (class=org.apache.hadoop.hdds.server.http.HttpServer2$QuotingInputFilter)
2021-10-12 06:05:26,039 [Listener at 127.0.0.1/38829] INFO  http.HttpServer2 (HttpServer2.java:addFilter(1006)) - Added filter static_user_filter (class=org.apache.hadoop.http.lib.StaticUserWebFilter$StaticUserFilter) to context hddsDatanode
2021-10-12 06:05:26,039 [Listener at 127.0.0.1/38829] INFO  http.HttpServer2 (HttpServer2.java:addFilter(1014)) - Added filter static_user_filter (class=org.apache.hadoop.http.lib.StaticUserWebFilter$StaticUserFilter) to context static
2021-10-12 06:05:26,039 [Listener at 127.0.0.1/38829] INFO  http.HttpServer2 (HttpServer2.java:addFilter(1014)) - Added filter static_user_filter (class=org.apache.hadoop.http.lib.StaticUserWebFilter$StaticUserFilter) to context logs
2021-10-12 06:05:26,040 [Listener at 127.0.0.1/38829] INFO  http.HttpServer2 (HttpServer2.java:bindListener(1249)) - Jetty bound to port 34127
2021-10-12 06:05:26,040 [Listener at 127.0.0.1/38829] INFO  server.Server (Server.java:doStart(375)) - jetty-9.4.43.v20210629; built: 2021-06-30T11:07:22.254Z; git: 526006ecfa3af7f1a27ef3a288e2bef7ea9dd7e8; jvm 1.8.0_292-b10
2021-10-12 06:05:26,043 [Listener at 127.0.0.1/38829] INFO  server.session (DefaultSessionIdManager.java:doStart(334)) - DefaultSessionIdManager workerName=node0
2021-10-12 06:05:26,043 [Listener at 127.0.0.1/38829] INFO  server.session (DefaultSessionIdManager.java:doStart(339)) - No SessionScavenger set, using defaults
2021-10-12 06:05:26,044 [Listener at 127.0.0.1/38829] INFO  server.session (HouseKeeper.java:startScavenging(132)) - node0 Scavenging every 600000ms
2021-10-12 06:05:26,044 [Listener at 127.0.0.1/38829] INFO  handler.ContextHandler (ContextHandler.java:doStart(915)) - Started o.e.j.s.ServletContextHandler@6c47525b{logs,/logs,file:///home/runner/work/ozone/ozone/hadoop-ozone/integration-test/target/log,AVAILABLE}
2021-10-12 06:05:26,044 [Listener at 127.0.0.1/38829] INFO  handler.ContextHandler (ContextHandler.java:doStart(915)) - Started o.e.j.s.ServletContextHandler@57473e17{static,/static,jar:file:/home/runner/.m2/repository/org/apache/ozone/hdds-container-service/1.2.0-SNAPSHOT/hdds-container-service-1.2.0-SNAPSHOT.jar!/webapps/static,AVAILABLE}
2021-10-12 06:05:26,228 [Listener at 127.0.0.1/38829] INFO  handler.ContextHandler (ContextHandler.java:doStart(915)) - Started o.e.j.w.WebAppContext@6357aae7{hddsDatanode,/,file:///tmp/jetty-0_0_0_0-34127-hdds-container-service-1_2_0-SNAPSHOT_jar-_-any-6677566299760289743/webapp/,AVAILABLE}{jar:file:/home/runner/.m2/repository/org/apache/ozone/hdds-container-service/1.2.0-SNAPSHOT/hdds-container-service-1.2.0-SNAPSHOT.jar!/webapps/hddsDatanode}
2021-10-12 06:05:26,260 [Listener at 127.0.0.1/38829] INFO  server.AbstractConnector (AbstractConnector.java:doStart(331)) - Started ServerConnector@5eb9ef4d{HTTP/1.1, (http/1.1)}{0.0.0.0:34127}
2021-10-12 06:05:26,261 [Listener at 127.0.0.1/38829] INFO  server.Server (Server.java:doStart(415)) - Started @181279ms
2021-10-12 06:05:26,261 [Listener at 127.0.0.1/38829] WARN  impl.MetricsSystemImpl (MetricsSystemImpl.java:register(279)) - Sink prometheus already exists!
2021-10-12 06:05:26,261 [Listener at 127.0.0.1/38829] INFO  http.BaseHttpServer (BaseHttpServer.java:updateConnectorAddress(329)) - HTTP server of hddsDatanode listening at http://0.0.0.0:34127
2021-10-12 06:05:26,270 [Listener at 127.0.0.1/38829] WARN  impl.MetricRegistriesImpl (MetricRegistriesImpl.java:addReporterRegistration(111)) - New reporters are added after registries were created. Some metrics will be missing from the reporter. Please add reporter before adding any new registry.
2021-10-12 06:05:26,270 [Listener at 127.0.0.1/38829] WARN  impl.MetricRegistriesImpl (MetricRegistriesImpl.java:addReporterRegistration(111)) - New reporters are added after registries were created. Some metrics will be missing from the reporter. Please add reporter before adding any new registry.
2021-10-12 06:05:26,270 [Listener at 127.0.0.1/38829] INFO  impl.MetricsSystemImpl (MetricsSystemImpl.java:init(158)) - HddsDatanode metrics system started (again)
2021-10-12 06:05:26,278 [Datanode State Machine Thread - 0] INFO  statemachine.DatanodeStateMachine (DatanodeStateMachine.java:lambda$startDaemon$0(463)) - Ozone container server started.
2021-10-12 06:05:26,294 [Listener at 127.0.0.1/38829] INFO  ozone.HddsDatanodeService (HddsDatanodeService.java:start(234)) - HddsDatanodeService host:fv-az297-361.nmf1rxwemy4u5di1sxxf4ejcwb.jx.internal.cloudapp.net ip:10.1.0.59
2021-10-12 06:05:26,341 [org.apache.hadoop.util.JvmPauseMonitor$Monitor@14b07a09] INFO  util.JvmPauseMonitor (JvmPauseMonitor.java:run(188)) - Starting JVM pause monitor
2021-10-12 06:05:26,347 [Datanode State Machine Task Thread - 0] INFO  datanode.InitDatanodeState (InitDatanodeState.java:persistContainerDatanodeDetails(145)) - DatanodeDetails is persisted to /home/runner/work/ozone/ozone/hadoop-ozone/integration-test/target/test-dir/MiniOzoneClusterImpl-c6dc50ab-6fac-4554-b78d-9440f3e38bfb/datanode-2/meta/datanode.id
2021-10-12 06:05:26,443 [Listener at 127.0.0.1/38829] INFO  upgrade.AbstractLayoutVersionManager (AbstractLayoutVersionManager.java:init(79)) - Initializing Layout version manager with metadata layout = SCM_HA (version = 2), software layout = SCM_HA (version = 2)
2021-10-12 06:05:26,499 [Listener at 127.0.0.1/38829] INFO  reflections.Reflections (Reflections.java:scan(232)) - Reflections took 55 ms to scan 7 urls, producing 119 keys and 278 values 
2021-10-12 06:05:26,539 [Listener at 127.0.0.1/38829] INFO  volume.HddsVolume (HddsVolume.java:<init>(120)) - Creating HddsVolume: /home/runner/work/ozone/ozone/hadoop-ozone/integration-test/target/test-dir/MiniOzoneClusterImpl-c6dc50ab-6fac-4554-b78d-9440f3e38bfb/datanode-3/data-0/containers/hdds of storage type : DISK capacity : 9223372036854775807
2021-10-12 06:05:26,541 [Listener at 127.0.0.1/38829] INFO  volume.MutableVolumeSet (MutableVolumeSet.java:initializeVolumeSet(168)) - Added Volume : /home/runner/work/ozone/ozone/hadoop-ozone/integration-test/target/test-dir/MiniOzoneClusterImpl-c6dc50ab-6fac-4554-b78d-9440f3e38bfb/datanode-3/data-0/containers/hdds to VolumeSet
2021-10-12 06:05:26,541 [Listener at 127.0.0.1/38829] INFO  volume.ThrottledAsyncChecker (ThrottledAsyncChecker.java:schedule(141)) - Scheduling a check for /home/runner/work/ozone/ozone/hadoop-ozone/integration-test/target/test-dir/MiniOzoneClusterImpl-c6dc50ab-6fac-4554-b78d-9440f3e38bfb/datanode-3/data-0/containers/hdds
2021-10-12 06:05:26,557 [Listener at 127.0.0.1/38829] INFO  volume.StorageVolumeChecker (StorageVolumeChecker.java:checkAllVolumes(202)) - Scheduled health check for volume /home/runner/work/ozone/ozone/hadoop-ozone/integration-test/target/test-dir/MiniOzoneClusterImpl-c6dc50ab-6fac-4554-b78d-9440f3e38bfb/datanode-3/data-0/containers/hdds
2021-10-12 06:05:26,569 [Listener at 127.0.0.1/38829] INFO  volume.MutableVolumeSet (MutableVolumeSet.java:initializeVolumeSet(168)) - Added Volume : /home/runner/work/ozone/ozone/hadoop-ozone/integration-test/target/test-dir/MiniOzoneClusterImpl-c6dc50ab-6fac-4554-b78d-9440f3e38bfb/datanode-3/data/ratis to VolumeSet
2021-10-12 06:05:26,570 [Listener at 127.0.0.1/38829] INFO  volume.ThrottledAsyncChecker (ThrottledAsyncChecker.java:schedule(141)) - Scheduling a check for /home/runner/work/ozone/ozone/hadoop-ozone/integration-test/target/test-dir/MiniOzoneClusterImpl-c6dc50ab-6fac-4554-b78d-9440f3e38bfb/datanode-3/data/ratis
2021-10-12 06:05:26,570 [Listener at 127.0.0.1/38829] INFO  volume.StorageVolumeChecker (StorageVolumeChecker.java:checkAllVolumes(202)) - Scheduled health check for volume /home/runner/work/ozone/ozone/hadoop-ozone/integration-test/target/test-dir/MiniOzoneClusterImpl-c6dc50ab-6fac-4554-b78d-9440f3e38bfb/datanode-3/data/ratis
2021-10-12 06:05:26,609 [Thread-1652] INFO  ozoneimpl.ContainerReader (ContainerReader.java:readVolume(172)) - Finish verifying containers on volume /home/runner/work/ozone/ozone/hadoop-ozone/integration-test/target/test-dir/MiniOzoneClusterImpl-c6dc50ab-6fac-4554-b78d-9440f3e38bfb/datanode-3/data-0/containers/hdds
2021-10-12 06:05:26,609 [Listener at 127.0.0.1/38829] INFO  ozoneimpl.OzoneContainer (OzoneContainer.java:buildContainerSet(236)) - Build ContainerSet costs 0s
2021-10-12 06:05:26,611 [Listener at 127.0.0.1/38829] INFO  server.RaftServer (ConfUtils.java:logGet(44)) - raft.rpc.type = GRPC (default)
2021-10-12 06:05:26,611 [Listener at 127.0.0.1/38829] INFO  grpc.GrpcFactory (GrpcFactory.java:checkPooledByteBufAllocatorUseCacheForAllThreads(48)) - PERFORMANCE WARNING: useCacheForAllThreads is true that may cause Netty to create a lot garbage objects and, as a result, trigger GC.
	It is recommended to disable useCacheForAllThreads by setting -Dorg.apache.ratis.thirdparty.io.netty.allocator.useCacheForAllThreads=false in command line.
2021-10-12 06:05:26,611 [Listener at 127.0.0.1/38829] INFO  grpc.GrpcConfigKeys (ConfUtils.java:logGet(44)) - raft.grpc.admin.port = 0 (custom)
2021-10-12 06:05:26,611 [Listener at 127.0.0.1/38829] INFO  grpc.GrpcConfigKeys (ConfUtils.java:logGet(44)) - raft.grpc.client.port = 0 (custom)
2021-10-12 06:05:26,611 [Listener at 127.0.0.1/38829] INFO  grpc.GrpcConfigKeys (ConfUtils.java:logGet(44)) - raft.grpc.server.port = 0 (default)
2021-10-12 06:05:26,611 [Listener at 127.0.0.1/38829] INFO  server.GrpcService (ConfUtils.java:logGet(44)) - raft.grpc.message.size.max = 32MB (=33554432) (custom)
2021-10-12 06:05:26,611 [Listener at 127.0.0.1/38829] INFO  server.RaftServerConfigKeys (ConfUtils.java:logGet(44)) - raft.server.log.appender.buffer.byte-limit = 33554432 (custom)
2021-10-12 06:05:26,611 [Listener at 127.0.0.1/38829] INFO  server.GrpcService (ConfUtils.java:logGet(44)) - raft.grpc.flow.control.window = 5MB (=5242880) (custom)
2021-10-12 06:05:26,612 [Listener at 127.0.0.1/38829] INFO  server.RaftServerConfigKeys (ConfUtils.java:logGet(44)) - raft.server.rpc.request.timeout = 3000ms (default)
2021-10-12 06:05:26,612 [Listener at 127.0.0.1/38829] INFO  impl.DataStreamServerImpl (ConfUtils.java:logGet(44)) - raft.datastream.type = DISABLED (default)
2021-10-12 06:05:26,613 [Listener at 127.0.0.1/38829] INFO  server.RaftServerConfigKeys (ConfUtils.java:logGet(44)) - raft.server.rpc.slowness.timeout = 300000ms (custom)
2021-10-12 06:05:26,613 [Listener at 127.0.0.1/38829] INFO  server.RaftServerConfigKeys (ConfUtils.java:logGet(44)) - raft.server.leaderelection.leader.step-down.wait-time = 10s (default)
2021-10-12 06:05:26,613 [Listener at 127.0.0.1/38829] INFO  server.RaftServerConfigKeys (ConfUtils.java:logGet(44)) - raft.server.storage.dir = [/home/runner/work/ozone/ozone/hadoop-ozone/integration-test/target/test-dir/MiniOzoneClusterImpl-c6dc50ab-6fac-4554-b78d-9440f3e38bfb/datanode-3/data/ratis] (custom)
2021-10-12 06:05:26,626 [Listener at 127.0.0.1/38829] INFO  http.BaseHttpServer (BaseHttpServer.java:newHttpServer2BuilderForOzone(209)) - Starting Web-server for hddsDatanode at: http://0.0.0.0:0
2021-10-12 06:05:26,626 [Listener at 127.0.0.1/38829] INFO  http.BaseHttpServer (BaseHttpServer.java:<init>(107)) - Hadoop Security Enabled: false Ozone Security Enabled: false Ozone HTTP Security Enabled: false 
2021-10-12 06:05:26,626 [Listener at 127.0.0.1/38829] INFO  server.AuthenticationFilter (AuthenticationFilter.java:constructSecretProvider(240)) - Unable to initialize FileSignerSecretProvider, falling back to use random secrets.
2021-10-12 06:05:26,635 [Listener at 127.0.0.1/38829] WARN  http.HttpRequestLog (HttpRequestLog.java:getRequestLog(103)) - Jetty request log can only be enabled using Log4j
2021-10-12 06:05:26,636 [Listener at 127.0.0.1/38829] INFO  http.HttpServer2 (HttpServer2.java:addGlobalFilter(1030)) - Added global filter 'safety' (class=org.apache.hadoop.hdds.server.http.HttpServer2$QuotingInputFilter)
2021-10-12 06:05:26,637 [Listener at 127.0.0.1/38829] INFO  http.HttpServer2 (HttpServer2.java:addFilter(1006)) - Added filter static_user_filter (class=org.apache.hadoop.http.lib.StaticUserWebFilter$StaticUserFilter) to context hddsDatanode
2021-10-12 06:05:26,637 [Listener at 127.0.0.1/38829] INFO  http.HttpServer2 (HttpServer2.java:addFilter(1014)) - Added filter static_user_filter (class=org.apache.hadoop.http.lib.StaticUserWebFilter$StaticUserFilter) to context logs
2021-10-12 06:05:26,637 [Listener at 127.0.0.1/38829] INFO  http.HttpServer2 (HttpServer2.java:addFilter(1014)) - Added filter static_user_filter (class=org.apache.hadoop.http.lib.StaticUserWebFilter$StaticUserFilter) to context static
2021-10-12 06:05:26,637 [Listener at 127.0.0.1/38829] INFO  http.HttpServer2 (HttpServer2.java:bindListener(1249)) - Jetty bound to port 40361
2021-10-12 06:05:26,637 [Listener at 127.0.0.1/38829] INFO  server.Server (Server.java:doStart(375)) - jetty-9.4.43.v20210629; built: 2021-06-30T11:07:22.254Z; git: 526006ecfa3af7f1a27ef3a288e2bef7ea9dd7e8; jvm 1.8.0_292-b10
2021-10-12 06:05:26,658 [Listener at 127.0.0.1/38829] INFO  server.session (DefaultSessionIdManager.java:doStart(334)) - DefaultSessionIdManager workerName=node0
2021-10-12 06:05:26,659 [Listener at 127.0.0.1/38829] INFO  server.session (DefaultSessionIdManager.java:doStart(339)) - No SessionScavenger set, using defaults
2021-10-12 06:05:26,659 [Listener at 127.0.0.1/38829] INFO  server.session (HouseKeeper.java:startScavenging(132)) - node0 Scavenging every 600000ms
2021-10-12 06:05:26,659 [Listener at 127.0.0.1/38829] INFO  handler.ContextHandler (ContextHandler.java:doStart(915)) - Started o.e.j.s.ServletContextHandler@7e87fde5{logs,/logs,file:///home/runner/work/ozone/ozone/hadoop-ozone/integration-test/target/log,AVAILABLE}
2021-10-12 06:05:26,660 [Listener at 127.0.0.1/38829] INFO  handler.ContextHandler (ContextHandler.java:doStart(915)) - Started o.e.j.s.ServletContextHandler@422a2ce8{static,/static,jar:file:/home/runner/.m2/repository/org/apache/ozone/hdds-container-service/1.2.0-SNAPSHOT/hdds-container-service-1.2.0-SNAPSHOT.jar!/webapps/static,AVAILABLE}
2021-10-12 06:05:26,747 [Listener at 127.0.0.1/38829] INFO  handler.ContextHandler (ContextHandler.java:doStart(915)) - Started o.e.j.w.WebAppContext@119eb91e{hddsDatanode,/,file:///tmp/jetty-0_0_0_0-40361-hdds-container-service-1_2_0-SNAPSHOT_jar-_-any-2680864282543726711/webapp/,AVAILABLE}{jar:file:/home/runner/.m2/repository/org/apache/ozone/hdds-container-service/1.2.0-SNAPSHOT/hdds-container-service-1.2.0-SNAPSHOT.jar!/webapps/hddsDatanode}
2021-10-12 06:05:26,774 [Listener at 127.0.0.1/38829] INFO  server.AbstractConnector (AbstractConnector.java:doStart(331)) - Started ServerConnector@3999ade2{HTTP/1.1, (http/1.1)}{0.0.0.0:40361}
2021-10-12 06:05:26,774 [Listener at 127.0.0.1/38829] INFO  server.Server (Server.java:doStart(415)) - Started @181792ms
2021-10-12 06:05:26,774 [Listener at 127.0.0.1/38829] WARN  impl.MetricsSystemImpl (MetricsSystemImpl.java:register(279)) - Sink prometheus already exists!
2021-10-12 06:05:26,774 [Listener at 127.0.0.1/38829] INFO  http.BaseHttpServer (BaseHttpServer.java:updateConnectorAddress(329)) - HTTP server of hddsDatanode listening at http://0.0.0.0:40361
2021-10-12 06:05:26,782 [Listener at 127.0.0.1/38829] WARN  impl.MetricRegistriesImpl (MetricRegistriesImpl.java:addReporterRegistration(111)) - New reporters are added after registries were created. Some metrics will be missing from the reporter. Please add reporter before adding any new registry.
2021-10-12 06:05:26,782 [Listener at 127.0.0.1/38829] WARN  impl.MetricRegistriesImpl (MetricRegistriesImpl.java:addReporterRegistration(111)) - New reporters are added after registries were created. Some metrics will be missing from the reporter. Please add reporter before adding any new registry.
2021-10-12 06:05:26,782 [Listener at 127.0.0.1/38829] INFO  impl.MetricsSystemImpl (MetricsSystemImpl.java:init(158)) - HddsDatanode metrics system started (again)
2021-10-12 06:05:26,794 [Datanode State Machine Thread - 0] INFO  statemachine.DatanodeStateMachine (DatanodeStateMachine.java:lambda$startDaemon$0(463)) - Ozone container server started.
2021-10-12 06:05:26,822 [org.apache.hadoop.util.JvmPauseMonitor$Monitor@34957592] INFO  util.JvmPauseMonitor (JvmPauseMonitor.java:run(188)) - Starting JVM pause monitor
2021-10-12 06:05:26,850 [Listener at 127.0.0.1/38829] INFO  ozone.HddsDatanodeService (HddsDatanodeService.java:start(234)) - HddsDatanodeService host:fv-az297-361.nmf1rxwemy4u5di1sxxf4ejcwb.jx.internal.cloudapp.net ip:10.1.0.59
2021-10-12 06:05:26,861 [Datanode State Machine Task Thread - 0] INFO  datanode.InitDatanodeState (InitDatanodeState.java:persistContainerDatanodeDetails(145)) - DatanodeDetails is persisted to /home/runner/work/ozone/ozone/hadoop-ozone/integration-test/target/test-dir/MiniOzoneClusterImpl-c6dc50ab-6fac-4554-b78d-9440f3e38bfb/datanode-3/meta/datanode.id
2021-10-12 06:05:26,922 [Listener at 127.0.0.1/38829] INFO  upgrade.AbstractLayoutVersionManager (AbstractLayoutVersionManager.java:init(79)) - Initializing Layout version manager with metadata layout = SCM_HA (version = 2), software layout = SCM_HA (version = 2)
2021-10-12 06:05:26,979 [Listener at 127.0.0.1/38829] INFO  reflections.Reflections (Reflections.java:scan(232)) - Reflections took 56 ms to scan 7 urls, producing 119 keys and 278 values 
2021-10-12 06:05:26,993 [Listener at 127.0.0.1/38829] INFO  volume.HddsVolume (HddsVolume.java:<init>(120)) - Creating HddsVolume: /home/runner/work/ozone/ozone/hadoop-ozone/integration-test/target/test-dir/MiniOzoneClusterImpl-c6dc50ab-6fac-4554-b78d-9440f3e38bfb/datanode-4/data-0/containers/hdds of storage type : DISK capacity : 9223372036854775807
2021-10-12 06:05:26,993 [Listener at 127.0.0.1/38829] INFO  volume.MutableVolumeSet (MutableVolumeSet.java:initializeVolumeSet(168)) - Added Volume : /home/runner/work/ozone/ozone/hadoop-ozone/integration-test/target/test-dir/MiniOzoneClusterImpl-c6dc50ab-6fac-4554-b78d-9440f3e38bfb/datanode-4/data-0/containers/hdds to VolumeSet
2021-10-12 06:05:26,993 [Listener at 127.0.0.1/38829] INFO  volume.ThrottledAsyncChecker (ThrottledAsyncChecker.java:schedule(141)) - Scheduling a check for /home/runner/work/ozone/ozone/hadoop-ozone/integration-test/target/test-dir/MiniOzoneClusterImpl-c6dc50ab-6fac-4554-b78d-9440f3e38bfb/datanode-4/data-0/containers/hdds
2021-10-12 06:05:26,994 [Listener at 127.0.0.1/38829] INFO  volume.StorageVolumeChecker (StorageVolumeChecker.java:checkAllVolumes(202)) - Scheduled health check for volume /home/runner/work/ozone/ozone/hadoop-ozone/integration-test/target/test-dir/MiniOzoneClusterImpl-c6dc50ab-6fac-4554-b78d-9440f3e38bfb/datanode-4/data-0/containers/hdds
2021-10-12 06:05:27,031 [Listener at 127.0.0.1/38829] INFO  volume.MutableVolumeSet (MutableVolumeSet.java:initializeVolumeSet(168)) - Added Volume : /home/runner/work/ozone/ozone/hadoop-ozone/integration-test/target/test-dir/MiniOzoneClusterImpl-c6dc50ab-6fac-4554-b78d-9440f3e38bfb/datanode-4/data/ratis to VolumeSet
2021-10-12 06:05:27,031 [Listener at 127.0.0.1/38829] INFO  volume.ThrottledAsyncChecker (ThrottledAsyncChecker.java:schedule(141)) - Scheduling a check for /home/runner/work/ozone/ozone/hadoop-ozone/integration-test/target/test-dir/MiniOzoneClusterImpl-c6dc50ab-6fac-4554-b78d-9440f3e38bfb/datanode-4/data/ratis
2021-10-12 06:05:27,032 [Listener at 127.0.0.1/38829] INFO  volume.StorageVolumeChecker (StorageVolumeChecker.java:checkAllVolumes(202)) - Scheduled health check for volume /home/runner/work/ozone/ozone/hadoop-ozone/integration-test/target/test-dir/MiniOzoneClusterImpl-c6dc50ab-6fac-4554-b78d-9440f3e38bfb/datanode-4/data/ratis
2021-10-12 06:05:27,047 [Thread-1664] INFO  ozoneimpl.ContainerReader (ContainerReader.java:readVolume(172)) - Finish verifying containers on volume /home/runner/work/ozone/ozone/hadoop-ozone/integration-test/target/test-dir/MiniOzoneClusterImpl-c6dc50ab-6fac-4554-b78d-9440f3e38bfb/datanode-4/data-0/containers/hdds
2021-10-12 06:05:27,047 [Listener at 127.0.0.1/38829] INFO  ozoneimpl.OzoneContainer (OzoneContainer.java:buildContainerSet(236)) - Build ContainerSet costs 0s
2021-10-12 06:05:27,049 [Listener at 127.0.0.1/38829] INFO  server.RaftServer (ConfUtils.java:logGet(44)) - raft.rpc.type = GRPC (default)
2021-10-12 06:05:27,049 [Listener at 127.0.0.1/38829] INFO  grpc.GrpcFactory (GrpcFactory.java:checkPooledByteBufAllocatorUseCacheForAllThreads(48)) - PERFORMANCE WARNING: useCacheForAllThreads is true that may cause Netty to create a lot garbage objects and, as a result, trigger GC.
	It is recommended to disable useCacheForAllThreads by setting -Dorg.apache.ratis.thirdparty.io.netty.allocator.useCacheForAllThreads=false in command line.
2021-10-12 06:05:27,049 [Listener at 127.0.0.1/38829] INFO  grpc.GrpcConfigKeys (ConfUtils.java:logGet(44)) - raft.grpc.admin.port = 0 (custom)
2021-10-12 06:05:27,049 [Listener at 127.0.0.1/38829] INFO  grpc.GrpcConfigKeys (ConfUtils.java:logGet(44)) - raft.grpc.client.port = 0 (custom)
2021-10-12 06:05:27,049 [Listener at 127.0.0.1/38829] INFO  grpc.GrpcConfigKeys (ConfUtils.java:logGet(44)) - raft.grpc.server.port = 0 (default)
2021-10-12 06:05:27,049 [Listener at 127.0.0.1/38829] INFO  server.GrpcService (ConfUtils.java:logGet(44)) - raft.grpc.message.size.max = 32MB (=33554432) (custom)
2021-10-12 06:05:27,049 [Listener at 127.0.0.1/38829] INFO  server.RaftServerConfigKeys (ConfUtils.java:logGet(44)) - raft.server.log.appender.buffer.byte-limit = 33554432 (custom)
2021-10-12 06:05:27,049 [Listener at 127.0.0.1/38829] INFO  server.GrpcService (ConfUtils.java:logGet(44)) - raft.grpc.flow.control.window = 5MB (=5242880) (custom)
2021-10-12 06:05:27,049 [Listener at 127.0.0.1/38829] INFO  server.RaftServerConfigKeys (ConfUtils.java:logGet(44)) - raft.server.rpc.request.timeout = 3000ms (default)
2021-10-12 06:05:27,050 [Listener at 127.0.0.1/38829] INFO  impl.DataStreamServerImpl (ConfUtils.java:logGet(44)) - raft.datastream.type = DISABLED (default)
2021-10-12 06:05:27,050 [Listener at 127.0.0.1/38829] INFO  server.RaftServerConfigKeys (ConfUtils.java:logGet(44)) - raft.server.rpc.slowness.timeout = 300000ms (custom)
2021-10-12 06:05:27,050 [Listener at 127.0.0.1/38829] INFO  server.RaftServerConfigKeys (ConfUtils.java:logGet(44)) - raft.server.leaderelection.leader.step-down.wait-time = 10s (default)
2021-10-12 06:05:27,050 [Listener at 127.0.0.1/38829] INFO  server.RaftServerConfigKeys (ConfUtils.java:logGet(44)) - raft.server.storage.dir = [/home/runner/work/ozone/ozone/hadoop-ozone/integration-test/target/test-dir/MiniOzoneClusterImpl-c6dc50ab-6fac-4554-b78d-9440f3e38bfb/datanode-4/data/ratis] (custom)
2021-10-12 06:05:27,057 [Listener at 127.0.0.1/38829] INFO  http.BaseHttpServer (BaseHttpServer.java:newHttpServer2BuilderForOzone(209)) - Starting Web-server for hddsDatanode at: http://0.0.0.0:0
2021-10-12 06:05:27,057 [Listener at 127.0.0.1/38829] INFO  http.BaseHttpServer (BaseHttpServer.java:<init>(107)) - Hadoop Security Enabled: false Ozone Security Enabled: false Ozone HTTP Security Enabled: false 
2021-10-12 06:05:27,058 [Listener at 127.0.0.1/38829] INFO  server.AuthenticationFilter (AuthenticationFilter.java:constructSecretProvider(240)) - Unable to initialize FileSignerSecretProvider, falling back to use random secrets.
2021-10-12 06:05:27,063 [Listener at 127.0.0.1/38829] WARN  http.HttpRequestLog (HttpRequestLog.java:getRequestLog(103)) - Jetty request log can only be enabled using Log4j
2021-10-12 06:05:27,063 [Listener at 127.0.0.1/38829] INFO  http.HttpServer2 (HttpServer2.java:addGlobalFilter(1030)) - Added global filter 'safety' (class=org.apache.hadoop.hdds.server.http.HttpServer2$QuotingInputFilter)
2021-10-12 06:05:27,064 [Listener at 127.0.0.1/38829] INFO  http.HttpServer2 (HttpServer2.java:addFilter(1006)) - Added filter static_user_filter (class=org.apache.hadoop.http.lib.StaticUserWebFilter$StaticUserFilter) to context hddsDatanode
2021-10-12 06:05:27,064 [Listener at 127.0.0.1/38829] INFO  http.HttpServer2 (HttpServer2.java:addFilter(1014)) - Added filter static_user_filter (class=org.apache.hadoop.http.lib.StaticUserWebFilter$StaticUserFilter) to context logs
2021-10-12 06:05:27,064 [Listener at 127.0.0.1/38829] INFO  http.HttpServer2 (HttpServer2.java:addFilter(1014)) - Added filter static_user_filter (class=org.apache.hadoop.http.lib.StaticUserWebFilter$StaticUserFilter) to context static
2021-10-12 06:05:27,064 [Listener at 127.0.0.1/38829] INFO  http.HttpServer2 (HttpServer2.java:bindListener(1249)) - Jetty bound to port 46523
2021-10-12 06:05:27,064 [Listener at 127.0.0.1/38829] INFO  server.Server (Server.java:doStart(375)) - jetty-9.4.43.v20210629; built: 2021-06-30T11:07:22.254Z; git: 526006ecfa3af7f1a27ef3a288e2bef7ea9dd7e8; jvm 1.8.0_292-b10
2021-10-12 06:05:27,100 [Listener at 127.0.0.1/38829] INFO  server.session (DefaultSessionIdManager.java:doStart(334)) - DefaultSessionIdManager workerName=node0
2021-10-12 06:05:27,101 [Listener at 127.0.0.1/38829] INFO  server.session (DefaultSessionIdManager.java:doStart(339)) - No SessionScavenger set, using defaults
2021-10-12 06:05:27,101 [Listener at 127.0.0.1/38829] INFO  server.session (HouseKeeper.java:startScavenging(132)) - node0 Scavenging every 600000ms
2021-10-12 06:05:27,101 [Listener at 127.0.0.1/38829] INFO  handler.ContextHandler (ContextHandler.java:doStart(915)) - Started o.e.j.s.ServletContextHandler@be25bab{logs,/logs,file:///home/runner/work/ozone/ozone/hadoop-ozone/integration-test/target/log,AVAILABLE}
2021-10-12 06:05:27,102 [Listener at 127.0.0.1/38829] INFO  handler.ContextHandler (ContextHandler.java:doStart(915)) - Started o.e.j.s.ServletContextHandler@15db8860{static,/static,jar:file:/home/runner/.m2/repository/org/apache/ozone/hdds-container-service/1.2.0-SNAPSHOT/hdds-container-service-1.2.0-SNAPSHOT.jar!/webapps/static,AVAILABLE}
2021-10-12 06:05:27,160 [Listener at 127.0.0.1/38829] INFO  handler.ContextHandler (ContextHandler.java:doStart(915)) - Started o.e.j.w.WebAppContext@588a78a2{hddsDatanode,/,file:///tmp/jetty-0_0_0_0-46523-hdds-container-service-1_2_0-SNAPSHOT_jar-_-any-6754850196196437506/webapp/,AVAILABLE}{jar:file:/home/runner/.m2/repository/org/apache/ozone/hdds-container-service/1.2.0-SNAPSHOT/hdds-container-service-1.2.0-SNAPSHOT.jar!/webapps/hddsDatanode}
2021-10-12 06:05:27,180 [Listener at 127.0.0.1/38829] INFO  server.AbstractConnector (AbstractConnector.java:doStart(331)) - Started ServerConnector@23660af5{HTTP/1.1, (http/1.1)}{0.0.0.0:46523}
2021-10-12 06:05:27,181 [Listener at 127.0.0.1/38829] INFO  server.Server (Server.java:doStart(415)) - Started @182199ms
2021-10-12 06:05:27,181 [Listener at 127.0.0.1/38829] WARN  impl.MetricsSystemImpl (MetricsSystemImpl.java:register(279)) - Sink prometheus already exists!
2021-10-12 06:05:27,181 [Listener at 127.0.0.1/38829] INFO  http.BaseHttpServer (BaseHttpServer.java:updateConnectorAddress(329)) - HTTP server of hddsDatanode listening at http://0.0.0.0:46523
2021-10-12 06:05:27,184 [Listener at 127.0.0.1/38829] WARN  impl.MetricRegistriesImpl (MetricRegistriesImpl.java:addReporterRegistration(111)) - New reporters are added after registries were created. Some metrics will be missing from the reporter. Please add reporter before adding any new registry.
2021-10-12 06:05:27,184 [Listener at 127.0.0.1/38829] WARN  impl.MetricRegistriesImpl (MetricRegistriesImpl.java:addReporterRegistration(111)) - New reporters are added after registries were created. Some metrics will be missing from the reporter. Please add reporter before adding any new registry.
2021-10-12 06:05:27,184 [Listener at 127.0.0.1/38829] INFO  impl.MetricsSystemImpl (MetricsSystemImpl.java:init(158)) - HddsDatanode metrics system started (again)
2021-10-12 06:05:27,194 [Datanode State Machine Thread - 0] INFO  statemachine.DatanodeStateMachine (DatanodeStateMachine.java:lambda$startDaemon$0(463)) - Ozone container server started.
2021-10-12 06:05:27,275 [Listener at 127.0.0.1/38829] INFO  ozone.HddsDatanodeService (HddsDatanodeService.java:start(234)) - HddsDatanodeService host:fv-az297-361.nmf1rxwemy4u5di1sxxf4ejcwb.jx.internal.cloudapp.net ip:10.1.0.59
2021-10-12 06:05:27,317 [org.apache.hadoop.util.JvmPauseMonitor$Monitor@605ae6a6] INFO  util.JvmPauseMonitor (JvmPauseMonitor.java:run(188)) - Starting JVM pause monitor
2021-10-12 06:05:27,334 [Datanode State Machine Task Thread - 0] INFO  datanode.InitDatanodeState (InitDatanodeState.java:persistContainerDatanodeDetails(145)) - DatanodeDetails is persisted to /home/runner/work/ozone/ozone/hadoop-ozone/integration-test/target/test-dir/MiniOzoneClusterImpl-c6dc50ab-6fac-4554-b78d-9440f3e38bfb/datanode-4/meta/datanode.id
2021-10-12 06:05:27,339 [Listener at 127.0.0.1/38829] INFO  upgrade.AbstractLayoutVersionManager (AbstractLayoutVersionManager.java:init(79)) - Initializing Layout version manager with metadata layout = SCM_HA (version = 2), software layout = SCM_HA (version = 2)
2021-10-12 06:05:27,354 [EndpointStateMachine task thread for /0.0.0.0:41079 - 0 ] INFO  ozoneimpl.OzoneContainer (OzoneContainer.java:start(304)) - Attempting to start container services.
2021-10-12 06:05:27,355 [EndpointStateMachine task thread for /0.0.0.0:41079 - 0 ] INFO  ozoneimpl.OzoneContainer (OzoneContainer.java:startContainerScrub(249)) - Background container scanner has been disabled.
2021-10-12 06:05:27,355 [EndpointStateMachine task thread for /0.0.0.0:41079 - 0 ] INFO  replication.ReplicationServer (ReplicationServer.java:start(107)) - ReplicationServer is started using port 46479
2021-10-12 06:05:27,356 [EndpointStateMachine task thread for /0.0.0.0:41079 - 0 ] INFO  ratis.XceiverServerRatis (XceiverServerRatis.java:start(482)) - Starting XceiverServerRatis 69929a81-75b5-4e59-a9cb-c7e6f0fb6fd6
2021-10-12 06:05:27,356 [EndpointStateMachine task thread for /0.0.0.0:41079 - 0 ] INFO  server.RaftServer (RaftServerProxy.java:lambda$start$5(374)) - 69929a81-75b5-4e59-a9cb-c7e6f0fb6fd6: start RPC server
2021-10-12 06:05:27,357 [EndpointStateMachine task thread for /0.0.0.0:41079 - 0 ] INFO  server.GrpcService (GrpcService.java:startImpl(253)) - 69929a81-75b5-4e59-a9cb-c7e6f0fb6fd6: GrpcService started, listening on 40555
2021-10-12 06:05:27,357 [EndpointStateMachine task thread for /0.0.0.0:41079 - 0 ] INFO  ratis.XceiverServerRatis (XceiverServerRatis.java:getRealPort(503)) - XceiverServerRatis 69929a81-75b5-4e59-a9cb-c7e6f0fb6fd6 is started using port 40555 for RATIS
2021-10-12 06:05:27,357 [EndpointStateMachine task thread for /0.0.0.0:41079 - 0 ] INFO  ratis.XceiverServerRatis (XceiverServerRatis.java:getRealPort(503)) - XceiverServerRatis 69929a81-75b5-4e59-a9cb-c7e6f0fb6fd6 is started using port 40555 for RATIS_ADMIN
2021-10-12 06:05:27,357 [EndpointStateMachine task thread for /0.0.0.0:41079 - 0 ] INFO  ratis.XceiverServerRatis (XceiverServerRatis.java:getRealPort(503)) - XceiverServerRatis 69929a81-75b5-4e59-a9cb-c7e6f0fb6fd6 is started using port 40555 for RATIS_SERVER
2021-10-12 06:05:27,357 [EndpointStateMachine task thread for /0.0.0.0:41079 - 0 ] INFO  server.XceiverServerGrpc (XceiverServerGrpc.java:start(135)) - XceiverServerGrpc 69929a81-75b5-4e59-a9cb-c7e6f0fb6fd6 is started using port 34613
2021-10-12 06:05:27,388 [org.apache.ratis.util.JvmPauseMonitor$$Lambda$531/599601214@5ef6b9d6] INFO  util.JvmPauseMonitor (JvmPauseMonitor.java:run(103)) - JvmPauseMonitor-69929a81-75b5-4e59-a9cb-c7e6f0fb6fd6: Started
2021-10-12 06:05:27,462 [Listener at 127.0.0.1/38829] INFO  reflections.Reflections (Reflections.java:scan(232)) - Reflections took 122 ms to scan 7 urls, producing 119 keys and 278 values 
2021-10-12 06:05:27,486 [Listener at 127.0.0.1/38829] INFO  volume.HddsVolume (HddsVolume.java:<init>(120)) - Creating HddsVolume: /home/runner/work/ozone/ozone/hadoop-ozone/integration-test/target/test-dir/MiniOzoneClusterImpl-c6dc50ab-6fac-4554-b78d-9440f3e38bfb/datanode-5/data-0/containers/hdds of storage type : DISK capacity : 9223372036854775807
2021-10-12 06:05:27,487 [Listener at 127.0.0.1/38829] INFO  volume.MutableVolumeSet (MutableVolumeSet.java:initializeVolumeSet(168)) - Added Volume : /home/runner/work/ozone/ozone/hadoop-ozone/integration-test/target/test-dir/MiniOzoneClusterImpl-c6dc50ab-6fac-4554-b78d-9440f3e38bfb/datanode-5/data-0/containers/hdds to VolumeSet
2021-10-12 06:05:27,487 [Listener at 127.0.0.1/38829] INFO  volume.ThrottledAsyncChecker (ThrottledAsyncChecker.java:schedule(141)) - Scheduling a check for /home/runner/work/ozone/ozone/hadoop-ozone/integration-test/target/test-dir/MiniOzoneClusterImpl-c6dc50ab-6fac-4554-b78d-9440f3e38bfb/datanode-5/data-0/containers/hdds
2021-10-12 06:05:27,497 [Listener at 127.0.0.1/38829] INFO  volume.StorageVolumeChecker (StorageVolumeChecker.java:checkAllVolumes(202)) - Scheduled health check for volume /home/runner/work/ozone/ozone/hadoop-ozone/integration-test/target/test-dir/MiniOzoneClusterImpl-c6dc50ab-6fac-4554-b78d-9440f3e38bfb/datanode-5/data-0/containers/hdds
2021-10-12 06:05:27,541 [Listener at 127.0.0.1/38829] INFO  volume.MutableVolumeSet (MutableVolumeSet.java:initializeVolumeSet(168)) - Added Volume : /home/runner/work/ozone/ozone/hadoop-ozone/integration-test/target/test-dir/MiniOzoneClusterImpl-c6dc50ab-6fac-4554-b78d-9440f3e38bfb/datanode-5/data/ratis to VolumeSet
2021-10-12 06:05:27,541 [Listener at 127.0.0.1/38829] INFO  volume.ThrottledAsyncChecker (ThrottledAsyncChecker.java:schedule(141)) - Scheduling a check for /home/runner/work/ozone/ozone/hadoop-ozone/integration-test/target/test-dir/MiniOzoneClusterImpl-c6dc50ab-6fac-4554-b78d-9440f3e38bfb/datanode-5/data/ratis
2021-10-12 06:05:27,541 [Listener at 127.0.0.1/38829] INFO  volume.StorageVolumeChecker (StorageVolumeChecker.java:checkAllVolumes(202)) - Scheduled health check for volume /home/runner/work/ozone/ozone/hadoop-ozone/integration-test/target/test-dir/MiniOzoneClusterImpl-c6dc50ab-6fac-4554-b78d-9440f3e38bfb/datanode-5/data/ratis
2021-10-12 06:05:27,552 [Thread-1680] INFO  ozoneimpl.ContainerReader (ContainerReader.java:readVolume(172)) - Finish verifying containers on volume /home/runner/work/ozone/ozone/hadoop-ozone/integration-test/target/test-dir/MiniOzoneClusterImpl-c6dc50ab-6fac-4554-b78d-9440f3e38bfb/datanode-5/data-0/containers/hdds
2021-10-12 06:05:27,553 [Listener at 127.0.0.1/38829] INFO  ozoneimpl.OzoneContainer (OzoneContainer.java:buildContainerSet(236)) - Build ContainerSet costs 0s
2021-10-12 06:05:27,554 [Listener at 127.0.0.1/38829] INFO  server.RaftServer (ConfUtils.java:logGet(44)) - raft.rpc.type = GRPC (default)
2021-10-12 06:05:27,554 [Listener at 127.0.0.1/38829] INFO  grpc.GrpcFactory (GrpcFactory.java:checkPooledByteBufAllocatorUseCacheForAllThreads(48)) - PERFORMANCE WARNING: useCacheForAllThreads is true that may cause Netty to create a lot garbage objects and, as a result, trigger GC.
	It is recommended to disable useCacheForAllThreads by setting -Dorg.apache.ratis.thirdparty.io.netty.allocator.useCacheForAllThreads=false in command line.
2021-10-12 06:05:27,554 [Listener at 127.0.0.1/38829] INFO  grpc.GrpcConfigKeys (ConfUtils.java:logGet(44)) - raft.grpc.admin.port = 0 (custom)
2021-10-12 06:05:27,555 [Listener at 127.0.0.1/38829] INFO  grpc.GrpcConfigKeys (ConfUtils.java:logGet(44)) - raft.grpc.client.port = 0 (custom)
2021-10-12 06:05:27,555 [Listener at 127.0.0.1/38829] INFO  grpc.GrpcConfigKeys (ConfUtils.java:logGet(44)) - raft.grpc.server.port = 0 (default)
2021-10-12 06:05:27,555 [Listener at 127.0.0.1/38829] INFO  server.GrpcService (ConfUtils.java:logGet(44)) - raft.grpc.message.size.max = 32MB (=33554432) (custom)
2021-10-12 06:05:27,555 [Listener at 127.0.0.1/38829] INFO  server.RaftServerConfigKeys (ConfUtils.java:logGet(44)) - raft.server.log.appender.buffer.byte-limit = 33554432 (custom)
2021-10-12 06:05:27,555 [Listener at 127.0.0.1/38829] INFO  server.GrpcService (ConfUtils.java:logGet(44)) - raft.grpc.flow.control.window = 5MB (=5242880) (custom)
2021-10-12 06:05:27,555 [Listener at 127.0.0.1/38829] INFO  server.RaftServerConfigKeys (ConfUtils.java:logGet(44)) - raft.server.rpc.request.timeout = 3000ms (default)
2021-10-12 06:05:27,556 [Listener at 127.0.0.1/38829] INFO  impl.DataStreamServerImpl (ConfUtils.java:logGet(44)) - raft.datastream.type = DISABLED (default)
2021-10-12 06:05:27,556 [Listener at 127.0.0.1/38829] INFO  server.RaftServerConfigKeys (ConfUtils.java:logGet(44)) - raft.server.rpc.slowness.timeout = 300000ms (custom)
2021-10-12 06:05:27,556 [Listener at 127.0.0.1/38829] INFO  server.RaftServerConfigKeys (ConfUtils.java:logGet(44)) - raft.server.leaderelection.leader.step-down.wait-time = 10s (default)
2021-10-12 06:05:27,556 [Listener at 127.0.0.1/38829] INFO  server.RaftServerConfigKeys (ConfUtils.java:logGet(44)) - raft.server.storage.dir = [/home/runner/work/ozone/ozone/hadoop-ozone/integration-test/target/test-dir/MiniOzoneClusterImpl-c6dc50ab-6fac-4554-b78d-9440f3e38bfb/datanode-5/data/ratis] (custom)
2021-10-12 06:05:27,559 [Listener at 127.0.0.1/38829] INFO  http.BaseHttpServer (BaseHttpServer.java:newHttpServer2BuilderForOzone(209)) - Starting Web-server for hddsDatanode at: http://0.0.0.0:0
2021-10-12 06:05:27,559 [Listener at 127.0.0.1/38829] INFO  http.BaseHttpServer (BaseHttpServer.java:<init>(107)) - Hadoop Security Enabled: false Ozone Security Enabled: false Ozone HTTP Security Enabled: false 
2021-10-12 06:05:27,560 [Listener at 127.0.0.1/38829] INFO  server.AuthenticationFilter (AuthenticationFilter.java:constructSecretProvider(240)) - Unable to initialize FileSignerSecretProvider, falling back to use random secrets.
2021-10-12 06:05:27,594 [Listener at 127.0.0.1/38829] WARN  http.HttpRequestLog (HttpRequestLog.java:getRequestLog(103)) - Jetty request log can only be enabled using Log4j
2021-10-12 06:05:27,595 [Listener at 127.0.0.1/38829] INFO  http.HttpServer2 (HttpServer2.java:addGlobalFilter(1030)) - Added global filter 'safety' (class=org.apache.hadoop.hdds.server.http.HttpServer2$QuotingInputFilter)
2021-10-12 06:05:27,595 [Listener at 127.0.0.1/38829] INFO  http.HttpServer2 (HttpServer2.java:addFilter(1006)) - Added filter static_user_filter (class=org.apache.hadoop.http.lib.StaticUserWebFilter$StaticUserFilter) to context hddsDatanode
2021-10-12 06:05:27,595 [Listener at 127.0.0.1/38829] INFO  http.HttpServer2 (HttpServer2.java:addFilter(1014)) - Added filter static_user_filter (class=org.apache.hadoop.http.lib.StaticUserWebFilter$StaticUserFilter) to context logs
2021-10-12 06:05:27,595 [Listener at 127.0.0.1/38829] INFO  http.HttpServer2 (HttpServer2.java:addFilter(1014)) - Added filter static_user_filter (class=org.apache.hadoop.http.lib.StaticUserWebFilter$StaticUserFilter) to context static
2021-10-12 06:05:27,595 [Listener at 127.0.0.1/38829] INFO  http.HttpServer2 (HttpServer2.java:bindListener(1249)) - Jetty bound to port 37547
2021-10-12 06:05:27,596 [Listener at 127.0.0.1/38829] INFO  server.Server (Server.java:doStart(375)) - jetty-9.4.43.v20210629; built: 2021-06-30T11:07:22.254Z; git: 526006ecfa3af7f1a27ef3a288e2bef7ea9dd7e8; jvm 1.8.0_292-b10
2021-10-12 06:05:27,597 [Listener at 127.0.0.1/38829] INFO  server.session (DefaultSessionIdManager.java:doStart(334)) - DefaultSessionIdManager workerName=node0
2021-10-12 06:05:27,597 [Listener at 127.0.0.1/38829] INFO  server.session (DefaultSessionIdManager.java:doStart(339)) - No SessionScavenger set, using defaults
2021-10-12 06:05:27,597 [Listener at 127.0.0.1/38829] INFO  server.session (HouseKeeper.java:startScavenging(132)) - node0 Scavenging every 600000ms
2021-10-12 06:05:27,598 [Listener at 127.0.0.1/38829] INFO  handler.ContextHandler (ContextHandler.java:doStart(915)) - Started o.e.j.s.ServletContextHandler@25c95c62{logs,/logs,file:///home/runner/work/ozone/ozone/hadoop-ozone/integration-test/target/log,AVAILABLE}
2021-10-12 06:05:27,598 [Listener at 127.0.0.1/38829] INFO  handler.ContextHandler (ContextHandler.java:doStart(915)) - Started o.e.j.s.ServletContextHandler@1d35652a{static,/static,jar:file:/home/runner/.m2/repository/org/apache/ozone/hdds-container-service/1.2.0-SNAPSHOT/hdds-container-service-1.2.0-SNAPSHOT.jar!/webapps/static,AVAILABLE}
2021-10-12 06:05:27,747 [Listener at 127.0.0.1/38829] INFO  handler.ContextHandler (ContextHandler.java:doStart(915)) - Started o.e.j.w.WebAppContext@637e5763{hddsDatanode,/,file:///tmp/jetty-0_0_0_0-37547-hdds-container-service-1_2_0-SNAPSHOT_jar-_-any-7690108740994760683/webapp/,AVAILABLE}{jar:file:/home/runner/.m2/repository/org/apache/ozone/hdds-container-service/1.2.0-SNAPSHOT/hdds-container-service-1.2.0-SNAPSHOT.jar!/webapps/hddsDatanode}
2021-10-12 06:05:27,754 [Listener at 127.0.0.1/38829] INFO  server.AbstractConnector (AbstractConnector.java:doStart(331)) - Started ServerConnector@74e710ad{HTTP/1.1, (http/1.1)}{0.0.0.0:37547}
2021-10-12 06:05:27,754 [Listener at 127.0.0.1/38829] INFO  server.Server (Server.java:doStart(415)) - Started @182772ms
2021-10-12 06:05:27,754 [Listener at 127.0.0.1/38829] WARN  impl.MetricsSystemImpl (MetricsSystemImpl.java:register(279)) - Sink prometheus already exists!
2021-10-12 06:05:27,766 [Listener at 127.0.0.1/38829] INFO  http.BaseHttpServer (BaseHttpServer.java:updateConnectorAddress(329)) - HTTP server of hddsDatanode listening at http://0.0.0.0:37547
2021-10-12 06:05:27,782 [Listener at 127.0.0.1/38829] WARN  impl.MetricRegistriesImpl (MetricRegistriesImpl.java:addReporterRegistration(111)) - New reporters are added after registries were created. Some metrics will be missing from the reporter. Please add reporter before adding any new registry.
2021-10-12 06:05:27,782 [Listener at 127.0.0.1/38829] WARN  impl.MetricRegistriesImpl (MetricRegistriesImpl.java:addReporterRegistration(111)) - New reporters are added after registries were created. Some metrics will be missing from the reporter. Please add reporter before adding any new registry.
2021-10-12 06:05:27,782 [Listener at 127.0.0.1/38829] INFO  impl.MetricsSystemImpl (MetricsSystemImpl.java:init(158)) - HddsDatanode metrics system started (again)
2021-10-12 06:05:27,800 [EndpointStateMachine task thread for /0.0.0.0:41079 - 0 ] INFO  ozoneimpl.OzoneContainer (OzoneContainer.java:start(304)) - Attempting to start container services.
2021-10-12 06:05:27,800 [EndpointStateMachine task thread for /0.0.0.0:41079 - 0 ] INFO  ozoneimpl.OzoneContainer (OzoneContainer.java:startContainerScrub(249)) - Background container scanner has been disabled.
2021-10-12 06:05:27,802 [EndpointStateMachine task thread for /0.0.0.0:41079 - 0 ] INFO  replication.ReplicationServer (ReplicationServer.java:start(107)) - ReplicationServer is started using port 37231
2021-10-12 06:05:27,803 [EndpointStateMachine task thread for /0.0.0.0:41079 - 0 ] INFO  ratis.XceiverServerRatis (XceiverServerRatis.java:start(482)) - Starting XceiverServerRatis f6edce37-208d-40f1-ab7e-323414b00593
2021-10-12 06:05:27,804 [EndpointStateMachine task thread for /0.0.0.0:41079 - 0 ] INFO  server.RaftServer (RaftServerProxy.java:lambda$start$5(374)) - f6edce37-208d-40f1-ab7e-323414b00593: start RPC server
2021-10-12 06:05:27,808 [EndpointStateMachine task thread for /0.0.0.0:41079 - 0 ] INFO  server.GrpcService (GrpcService.java:startImpl(253)) - f6edce37-208d-40f1-ab7e-323414b00593: GrpcService started, listening on 35829
2021-10-12 06:05:27,818 [EndpointStateMachine task thread for /0.0.0.0:41079 - 0 ] INFO  ratis.XceiverServerRatis (XceiverServerRatis.java:getRealPort(503)) - XceiverServerRatis f6edce37-208d-40f1-ab7e-323414b00593 is started using port 35829 for RATIS
2021-10-12 06:05:27,818 [EndpointStateMachine task thread for /0.0.0.0:41079 - 0 ] INFO  ratis.XceiverServerRatis (XceiverServerRatis.java:getRealPort(503)) - XceiverServerRatis f6edce37-208d-40f1-ab7e-323414b00593 is started using port 35829 for RATIS_ADMIN
2021-10-12 06:05:27,818 [EndpointStateMachine task thread for /0.0.0.0:41079 - 0 ] INFO  ratis.XceiverServerRatis (XceiverServerRatis.java:getRealPort(503)) - XceiverServerRatis f6edce37-208d-40f1-ab7e-323414b00593 is started using port 35829 for RATIS_SERVER
2021-10-12 06:05:27,818 [EndpointStateMachine task thread for /0.0.0.0:41079 - 0 ] INFO  server.XceiverServerGrpc (XceiverServerGrpc.java:start(135)) - XceiverServerGrpc f6edce37-208d-40f1-ab7e-323414b00593 is started using port 34061
2021-10-12 06:05:27,844 [Datanode State Machine Thread - 0] INFO  statemachine.DatanodeStateMachine (DatanodeStateMachine.java:lambda$startDaemon$0(463)) - Ozone container server started.
2021-10-12 06:05:27,844 [org.apache.ratis.util.JvmPauseMonitor$$Lambda$531/599601214@4faffca] INFO  util.JvmPauseMonitor (JvmPauseMonitor.java:run(103)) - JvmPauseMonitor-f6edce37-208d-40f1-ab7e-323414b00593: Started
2021-10-12 06:05:27,858 [org.apache.hadoop.util.JvmPauseMonitor$Monitor@1e4124e9] INFO  util.JvmPauseMonitor (JvmPauseMonitor.java:run(188)) - Starting JVM pause monitor
2021-10-12 06:05:27,847 [Listener at 127.0.0.1/38829] INFO  ozone.HddsDatanodeService (HddsDatanodeService.java:start(234)) - HddsDatanodeService host:fv-az297-361.nmf1rxwemy4u5di1sxxf4ejcwb.jx.internal.cloudapp.net ip:10.1.0.59
2021-10-12 06:05:27,881 [Datanode State Machine Task Thread - 0] INFO  datanode.InitDatanodeState (InitDatanodeState.java:persistContainerDatanodeDetails(145)) - DatanodeDetails is persisted to /home/runner/work/ozone/ozone/hadoop-ozone/integration-test/target/test-dir/MiniOzoneClusterImpl-c6dc50ab-6fac-4554-b78d-9440f3e38bfb/datanode-5/meta/datanode.id
2021-10-12 06:05:27,909 [Listener at 127.0.0.1/38829] INFO  upgrade.AbstractLayoutVersionManager (AbstractLayoutVersionManager.java:init(79)) - Initializing Layout version manager with metadata layout = SCM_HA (version = 2), software layout = SCM_HA (version = 2)
2021-10-12 06:05:27,993 [Listener at 127.0.0.1/38829] INFO  reflections.Reflections (Reflections.java:scan(232)) - Reflections took 80 ms to scan 7 urls, producing 119 keys and 278 values 
2021-10-12 06:05:27,996 [Listener at 127.0.0.1/38829] INFO  volume.HddsVolume (HddsVolume.java:<init>(120)) - Creating HddsVolume: /home/runner/work/ozone/ozone/hadoop-ozone/integration-test/target/test-dir/MiniOzoneClusterImpl-c6dc50ab-6fac-4554-b78d-9440f3e38bfb/datanode-6/data-0/containers/hdds of storage type : DISK capacity : 9223372036854775807
2021-10-12 06:05:27,996 [Listener at 127.0.0.1/38829] INFO  volume.MutableVolumeSet (MutableVolumeSet.java:initializeVolumeSet(168)) - Added Volume : /home/runner/work/ozone/ozone/hadoop-ozone/integration-test/target/test-dir/MiniOzoneClusterImpl-c6dc50ab-6fac-4554-b78d-9440f3e38bfb/datanode-6/data-0/containers/hdds to VolumeSet
2021-10-12 06:05:27,996 [Listener at 127.0.0.1/38829] INFO  volume.ThrottledAsyncChecker (ThrottledAsyncChecker.java:schedule(141)) - Scheduling a check for /home/runner/work/ozone/ozone/hadoop-ozone/integration-test/target/test-dir/MiniOzoneClusterImpl-c6dc50ab-6fac-4554-b78d-9440f3e38bfb/datanode-6/data-0/containers/hdds
2021-10-12 06:05:27,997 [Listener at 127.0.0.1/38829] INFO  volume.StorageVolumeChecker (StorageVolumeChecker.java:checkAllVolumes(202)) - Scheduled health check for volume /home/runner/work/ozone/ozone/hadoop-ozone/integration-test/target/test-dir/MiniOzoneClusterImpl-c6dc50ab-6fac-4554-b78d-9440f3e38bfb/datanode-6/data-0/containers/hdds
2021-10-12 06:05:28,036 [Listener at 127.0.0.1/38829] INFO  volume.MutableVolumeSet (MutableVolumeSet.java:initializeVolumeSet(168)) - Added Volume : /home/runner/work/ozone/ozone/hadoop-ozone/integration-test/target/test-dir/MiniOzoneClusterImpl-c6dc50ab-6fac-4554-b78d-9440f3e38bfb/datanode-6/data/ratis to VolumeSet
2021-10-12 06:05:28,056 [Listener at 127.0.0.1/38829] INFO  volume.ThrottledAsyncChecker (ThrottledAsyncChecker.java:schedule(141)) - Scheduling a check for /home/runner/work/ozone/ozone/hadoop-ozone/integration-test/target/test-dir/MiniOzoneClusterImpl-c6dc50ab-6fac-4554-b78d-9440f3e38bfb/datanode-6/data/ratis
2021-10-12 06:05:28,057 [Listener at 127.0.0.1/38829] INFO  volume.StorageVolumeChecker (StorageVolumeChecker.java:checkAllVolumes(202)) - Scheduled health check for volume /home/runner/work/ozone/ozone/hadoop-ozone/integration-test/target/test-dir/MiniOzoneClusterImpl-c6dc50ab-6fac-4554-b78d-9440f3e38bfb/datanode-6/data/ratis
2021-10-12 06:05:28,084 [Thread-1695] INFO  ozoneimpl.ContainerReader (ContainerReader.java:readVolume(172)) - Finish verifying containers on volume /home/runner/work/ozone/ozone/hadoop-ozone/integration-test/target/test-dir/MiniOzoneClusterImpl-c6dc50ab-6fac-4554-b78d-9440f3e38bfb/datanode-6/data-0/containers/hdds
2021-10-12 06:05:28,084 [Listener at 127.0.0.1/38829] INFO  ozoneimpl.OzoneContainer (OzoneContainer.java:buildContainerSet(236)) - Build ContainerSet costs 0s
2021-10-12 06:05:28,086 [Listener at 127.0.0.1/38829] INFO  server.RaftServer (ConfUtils.java:logGet(44)) - raft.rpc.type = GRPC (default)
2021-10-12 06:05:28,086 [Listener at 127.0.0.1/38829] INFO  grpc.GrpcFactory (GrpcFactory.java:checkPooledByteBufAllocatorUseCacheForAllThreads(48)) - PERFORMANCE WARNING: useCacheForAllThreads is true that may cause Netty to create a lot garbage objects and, as a result, trigger GC.
	It is recommended to disable useCacheForAllThreads by setting -Dorg.apache.ratis.thirdparty.io.netty.allocator.useCacheForAllThreads=false in command line.
2021-10-12 06:05:28,086 [Listener at 127.0.0.1/38829] INFO  grpc.GrpcConfigKeys (ConfUtils.java:logGet(44)) - raft.grpc.admin.port = 0 (custom)
2021-10-12 06:05:28,086 [Listener at 127.0.0.1/38829] INFO  grpc.GrpcConfigKeys (ConfUtils.java:logGet(44)) - raft.grpc.client.port = 0 (custom)
2021-10-12 06:05:28,086 [Listener at 127.0.0.1/38829] INFO  grpc.GrpcConfigKeys (ConfUtils.java:logGet(44)) - raft.grpc.server.port = 0 (default)
2021-10-12 06:05:28,093 [Listener at 127.0.0.1/38829] INFO  server.GrpcService (ConfUtils.java:logGet(44)) - raft.grpc.message.size.max = 32MB (=33554432) (custom)
2021-10-12 06:05:28,093 [Listener at 127.0.0.1/38829] INFO  server.RaftServerConfigKeys (ConfUtils.java:logGet(44)) - raft.server.log.appender.buffer.byte-limit = 33554432 (custom)
2021-10-12 06:05:28,093 [Listener at 127.0.0.1/38829] INFO  server.GrpcService (ConfUtils.java:logGet(44)) - raft.grpc.flow.control.window = 5MB (=5242880) (custom)
2021-10-12 06:05:28,093 [Listener at 127.0.0.1/38829] INFO  server.RaftServerConfigKeys (ConfUtils.java:logGet(44)) - raft.server.rpc.request.timeout = 3000ms (default)
2021-10-12 06:05:28,094 [Listener at 127.0.0.1/38829] INFO  impl.DataStreamServerImpl (ConfUtils.java:logGet(44)) - raft.datastream.type = DISABLED (default)
2021-10-12 06:05:28,096 [Listener at 127.0.0.1/38829] INFO  server.RaftServerConfigKeys (ConfUtils.java:logGet(44)) - raft.server.rpc.slowness.timeout = 300000ms (custom)
2021-10-12 06:05:28,096 [Listener at 127.0.0.1/38829] INFO  server.RaftServerConfigKeys (ConfUtils.java:logGet(44)) - raft.server.leaderelection.leader.step-down.wait-time = 10s (default)
2021-10-12 06:05:28,096 [Listener at 127.0.0.1/38829] INFO  server.RaftServerConfigKeys (ConfUtils.java:logGet(44)) - raft.server.storage.dir = [/home/runner/work/ozone/ozone/hadoop-ozone/integration-test/target/test-dir/MiniOzoneClusterImpl-c6dc50ab-6fac-4554-b78d-9440f3e38bfb/datanode-6/data/ratis] (custom)
2021-10-12 06:05:28,123 [Listener at 127.0.0.1/38829] INFO  http.BaseHttpServer (BaseHttpServer.java:newHttpServer2BuilderForOzone(209)) - Starting Web-server for hddsDatanode at: http://0.0.0.0:0
2021-10-12 06:05:28,123 [Listener at 127.0.0.1/38829] INFO  http.BaseHttpServer (BaseHttpServer.java:<init>(107)) - Hadoop Security Enabled: false Ozone Security Enabled: false Ozone HTTP Security Enabled: false 
2021-10-12 06:05:28,124 [Listener at 127.0.0.1/38829] INFO  server.AuthenticationFilter (AuthenticationFilter.java:constructSecretProvider(240)) - Unable to initialize FileSignerSecretProvider, falling back to use random secrets.
2021-10-12 06:05:28,139 [Listener at 127.0.0.1/38829] WARN  http.HttpRequestLog (HttpRequestLog.java:getRequestLog(103)) - Jetty request log can only be enabled using Log4j
2021-10-12 06:05:28,140 [Listener at 127.0.0.1/38829] INFO  http.HttpServer2 (HttpServer2.java:addGlobalFilter(1030)) - Added global filter 'safety' (class=org.apache.hadoop.hdds.server.http.HttpServer2$QuotingInputFilter)
2021-10-12 06:05:28,140 [Listener at 127.0.0.1/38829] INFO  http.HttpServer2 (HttpServer2.java:addFilter(1006)) - Added filter static_user_filter (class=org.apache.hadoop.http.lib.StaticUserWebFilter$StaticUserFilter) to context hddsDatanode
2021-10-12 06:05:28,140 [Listener at 127.0.0.1/38829] INFO  http.HttpServer2 (HttpServer2.java:addFilter(1014)) - Added filter static_user_filter (class=org.apache.hadoop.http.lib.StaticUserWebFilter$StaticUserFilter) to context static
2021-10-12 06:05:28,140 [Listener at 127.0.0.1/38829] INFO  http.HttpServer2 (HttpServer2.java:addFilter(1014)) - Added filter static_user_filter (class=org.apache.hadoop.http.lib.StaticUserWebFilter$StaticUserFilter) to context logs
2021-10-12 06:05:28,141 [Listener at 127.0.0.1/38829] INFO  http.HttpServer2 (HttpServer2.java:bindListener(1249)) - Jetty bound to port 44367
2021-10-12 06:05:28,141 [Listener at 127.0.0.1/38829] INFO  server.Server (Server.java:doStart(375)) - jetty-9.4.43.v20210629; built: 2021-06-30T11:07:22.254Z; git: 526006ecfa3af7f1a27ef3a288e2bef7ea9dd7e8; jvm 1.8.0_292-b10
2021-10-12 06:05:28,251 [Listener at 127.0.0.1/38829] INFO  server.session (DefaultSessionIdManager.java:doStart(334)) - DefaultSessionIdManager workerName=node0
2021-10-12 06:05:28,251 [Listener at 127.0.0.1/38829] INFO  server.session (DefaultSessionIdManager.java:doStart(339)) - No SessionScavenger set, using defaults
2021-10-12 06:05:28,251 [Listener at 127.0.0.1/38829] INFO  server.session (HouseKeeper.java:startScavenging(132)) - node0 Scavenging every 600000ms
2021-10-12 06:05:28,252 [Listener at 127.0.0.1/38829] INFO  handler.ContextHandler (ContextHandler.java:doStart(915)) - Started o.e.j.s.ServletContextHandler@56868738{logs,/logs,file:///home/runner/work/ozone/ozone/hadoop-ozone/integration-test/target/log,AVAILABLE}
2021-10-12 06:05:28,252 [Listener at 127.0.0.1/38829] INFO  handler.ContextHandler (ContextHandler.java:doStart(915)) - Started o.e.j.s.ServletContextHandler@757f37da{static,/static,jar:file:/home/runner/.m2/repository/org/apache/ozone/hdds-container-service/1.2.0-SNAPSHOT/hdds-container-service-1.2.0-SNAPSHOT.jar!/webapps/static,AVAILABLE}
2021-10-12 06:05:28,358 [Listener at 127.0.0.1/38829] INFO  handler.ContextHandler (ContextHandler.java:doStart(915)) - Started o.e.j.w.WebAppContext@d3cdaee{hddsDatanode,/,file:///tmp/jetty-0_0_0_0-44367-hdds-container-service-1_2_0-SNAPSHOT_jar-_-any-20978389361797449/webapp/,AVAILABLE}{jar:file:/home/runner/.m2/repository/org/apache/ozone/hdds-container-service/1.2.0-SNAPSHOT/hdds-container-service-1.2.0-SNAPSHOT.jar!/webapps/hddsDatanode}
2021-10-12 06:05:28,361 [Listener at 127.0.0.1/38829] INFO  server.AbstractConnector (AbstractConnector.java:doStart(331)) - Started ServerConnector@24d0e22a{HTTP/1.1, (http/1.1)}{0.0.0.0:44367}
2021-10-12 06:05:28,361 [Listener at 127.0.0.1/38829] INFO  server.Server (Server.java:doStart(415)) - Started @183379ms
2021-10-12 06:05:28,361 [Listener at 127.0.0.1/38829] WARN  impl.MetricsSystemImpl (MetricsSystemImpl.java:register(279)) - Sink prometheus already exists!
2021-10-12 06:05:28,367 [Listener at 127.0.0.1/38829] INFO  http.BaseHttpServer (BaseHttpServer.java:updateConnectorAddress(329)) - HTTP server of hddsDatanode listening at http://0.0.0.0:44367
2021-10-12 06:05:28,370 [Listener at 127.0.0.1/38829] INFO  ozone.MiniOzoneClusterImpl (MiniOzoneClusterImpl.java:lambda$waitForClusterToBeReady$0(235)) - Waiting for nodes to be ready. Got 0 of 7 DN Heartbeats.
2021-10-12 06:05:28,370 [Listener at 127.0.0.1/38829] INFO  ozone.MiniOzoneClusterImpl (MiniOzoneClusterImpl.java:lambda$waitForClusterToBeReady$0(238)) - Waiting for cluster to exit safe mode
2021-10-12 06:05:28,370 [Listener at 127.0.0.1/38829] INFO  ozone.MiniOzoneClusterImpl (MiniOzoneClusterImpl.java:lambda$waitForClusterToBeReady$0(240)) - SCM became leader
2021-10-12 06:05:28,373 [Datanode State Machine Thread - 0] INFO  statemachine.DatanodeStateMachine (DatanodeStateMachine.java:lambda$startDaemon$0(463)) - Ozone container server started.
2021-10-12 06:05:28,459 [EndpointStateMachine task thread for /0.0.0.0:41079 - 0 ] INFO  ozoneimpl.OzoneContainer (OzoneContainer.java:start(304)) - Attempting to start container services.
2021-10-12 06:05:28,459 [EndpointStateMachine task thread for /0.0.0.0:41079 - 0 ] INFO  ozoneimpl.OzoneContainer (OzoneContainer.java:startContainerScrub(249)) - Background container scanner has been disabled.
2021-10-12 06:05:28,466 [EndpointStateMachine task thread for /0.0.0.0:41079 - 0 ] INFO  replication.ReplicationServer (ReplicationServer.java:start(107)) - ReplicationServer is started using port 46425
2021-10-12 06:05:28,523 [EndpointStateMachine task thread for /0.0.0.0:41079 - 0 ] INFO  ratis.XceiverServerRatis (XceiverServerRatis.java:start(482)) - Starting XceiverServerRatis a928fc34-d4b3-4f47-b859-83818f25ed6e
2021-10-12 06:05:28,524 [EndpointStateMachine task thread for /0.0.0.0:41079 - 0 ] INFO  server.RaftServer (RaftServerProxy.java:lambda$start$5(374)) - a928fc34-d4b3-4f47-b859-83818f25ed6e: start RPC server
2021-10-12 06:05:28,526 [EndpointStateMachine task thread for /0.0.0.0:41079 - 0 ] INFO  server.GrpcService (GrpcService.java:startImpl(253)) - a928fc34-d4b3-4f47-b859-83818f25ed6e: GrpcService started, listening on 35709
2021-10-12 06:05:28,538 [EndpointStateMachine task thread for /0.0.0.0:41079 - 0 ] INFO  ratis.XceiverServerRatis (XceiverServerRatis.java:getRealPort(503)) - XceiverServerRatis a928fc34-d4b3-4f47-b859-83818f25ed6e is started using port 35709 for RATIS
2021-10-12 06:05:28,538 [EndpointStateMachine task thread for /0.0.0.0:41079 - 0 ] INFO  ratis.XceiverServerRatis (XceiverServerRatis.java:getRealPort(503)) - XceiverServerRatis a928fc34-d4b3-4f47-b859-83818f25ed6e is started using port 35709 for RATIS_ADMIN
2021-10-12 06:05:28,538 [EndpointStateMachine task thread for /0.0.0.0:41079 - 0 ] INFO  ratis.XceiverServerRatis (XceiverServerRatis.java:getRealPort(503)) - XceiverServerRatis a928fc34-d4b3-4f47-b859-83818f25ed6e is started using port 35709 for RATIS_SERVER
2021-10-12 06:05:28,538 [org.apache.ratis.util.JvmPauseMonitor$$Lambda$531/599601214@4059a40c] INFO  util.JvmPauseMonitor (JvmPauseMonitor.java:run(103)) - JvmPauseMonitor-a928fc34-d4b3-4f47-b859-83818f25ed6e: Started
2021-10-12 06:05:28,542 [EndpointStateMachine task thread for /0.0.0.0:41079 - 0 ] INFO  server.XceiverServerGrpc (XceiverServerGrpc.java:start(135)) - XceiverServerGrpc a928fc34-d4b3-4f47-b859-83818f25ed6e is started using port 38129
2021-10-12 06:05:28,600 [org.apache.hadoop.util.JvmPauseMonitor$Monitor@2328680] INFO  util.JvmPauseMonitor (JvmPauseMonitor.java:run(188)) - Starting JVM pause monitor
2021-10-12 06:05:28,611 [Datanode State Machine Task Thread - 0] INFO  datanode.InitDatanodeState (InitDatanodeState.java:persistContainerDatanodeDetails(145)) - DatanodeDetails is persisted to /home/runner/work/ozone/ozone/hadoop-ozone/integration-test/target/test-dir/MiniOzoneClusterImpl-c6dc50ab-6fac-4554-b78d-9440f3e38bfb/datanode-6/meta/datanode.id
2021-10-12 06:05:28,822 [EndpointStateMachine task thread for /0.0.0.0:41079 - 0 ] INFO  ozoneimpl.OzoneContainer (OzoneContainer.java:start(304)) - Attempting to start container services.
2021-10-12 06:05:28,822 [EndpointStateMachine task thread for /0.0.0.0:41079 - 0 ] INFO  ozoneimpl.OzoneContainer (OzoneContainer.java:startContainerScrub(249)) - Background container scanner has been disabled.
2021-10-12 06:05:28,826 [EndpointStateMachine task thread for /0.0.0.0:41079 - 0 ] INFO  replication.ReplicationServer (ReplicationServer.java:start(107)) - ReplicationServer is started using port 33853
2021-10-12 06:05:28,828 [EndpointStateMachine task thread for /0.0.0.0:41079 - 0 ] INFO  ratis.XceiverServerRatis (XceiverServerRatis.java:start(482)) - Starting XceiverServerRatis fdd2c237-e414-4605-b3b4-833d5e073368
2021-10-12 06:05:28,850 [EndpointStateMachine task thread for /0.0.0.0:41079 - 0 ] INFO  server.RaftServer (RaftServerProxy.java:lambda$start$5(374)) - fdd2c237-e414-4605-b3b4-833d5e073368: start RPC server
2021-10-12 06:05:28,851 [EndpointStateMachine task thread for /0.0.0.0:41079 - 0 ] INFO  server.GrpcService (GrpcService.java:startImpl(253)) - fdd2c237-e414-4605-b3b4-833d5e073368: GrpcService started, listening on 38743
2021-10-12 06:05:28,856 [EndpointStateMachine task thread for /0.0.0.0:41079 - 0 ] INFO  ratis.XceiverServerRatis (XceiverServerRatis.java:getRealPort(503)) - XceiverServerRatis fdd2c237-e414-4605-b3b4-833d5e073368 is started using port 38743 for RATIS
2021-10-12 06:05:28,856 [EndpointStateMachine task thread for /0.0.0.0:41079 - 0 ] INFO  ratis.XceiverServerRatis (XceiverServerRatis.java:getRealPort(503)) - XceiverServerRatis fdd2c237-e414-4605-b3b4-833d5e073368 is started using port 38743 for RATIS_ADMIN
2021-10-12 06:05:28,856 [EndpointStateMachine task thread for /0.0.0.0:41079 - 0 ] INFO  ratis.XceiverServerRatis (XceiverServerRatis.java:getRealPort(503)) - XceiverServerRatis fdd2c237-e414-4605-b3b4-833d5e073368 is started using port 38743 for RATIS_SERVER
2021-10-12 06:05:28,857 [EndpointStateMachine task thread for /0.0.0.0:41079 - 0 ] INFO  server.XceiverServerGrpc (XceiverServerGrpc.java:start(135)) - XceiverServerGrpc fdd2c237-e414-4605-b3b4-833d5e073368 is started using port 36483
2021-10-12 06:05:28,877 [org.apache.ratis.util.JvmPauseMonitor$$Lambda$531/599601214@363ec30] INFO  util.JvmPauseMonitor (JvmPauseMonitor.java:run(103)) - JvmPauseMonitor-fdd2c237-e414-4605-b3b4-833d5e073368: Started
2021-10-12 06:05:29,209 [IPC Server handler 2 on default port 41079] INFO  net.NetworkTopologyImpl (NetworkTopologyImpl.java:add(112)) - Added a new node: /default-rack/69929a81-75b5-4e59-a9cb-c7e6f0fb6fd6
2021-10-12 06:05:29,209 [IPC Server handler 2 on default port 41079] INFO  node.SCMNodeManager (SCMNodeManager.java:register(389)) - Registered Data node : 69929a81-75b5-4e59-a9cb-c7e6f0fb6fd6{ip: 10.1.0.59, host: fv-az297-361.nmf1rxwemy4u5di1sxxf4ejcwb.jx.internal.cloudapp.net, ports: [REPLICATION=46479, RATIS=40555, RATIS_ADMIN=40555, RATIS_SERVER=40555, STANDALONE=34613], networkLocation: /default-rack, certSerialId: null, persistedOpState: null, persistedOpStateExpiryEpochSec: 0}
2021-10-12 06:05:29,211 [EventQueue-NodeRegistrationContainerReportForDataNodeSafeModeRule] INFO  safemode.SCMSafeModeManager (DataNodeSafeModeRule.java:process(71)) - SCM in safe mode. 1 DataNodes registered, 3 required.
2021-10-12 06:05:29,212 [EventQueue-NodeRegistrationContainerReportForContainerSafeModeRule] INFO  safemode.SCMSafeModeManager (SCMSafeModeManager.java:validateSafeModeExitRules(204)) - ContainerSafeModeRule rule is successfully validated
2021-10-12 06:05:29,229 [EventQueue-NewNodeForNewNodeHandler] INFO  pipeline.BackgroundPipelineCreator (BackgroundPipelineCreator.java:notifyEventTriggered(285)) - trigger a one-shot run on RatisPipelineUtilsThread.
2021-10-12 06:05:29,229 [EventQueue-PipelineReportForOneReplicaPipelineSafeModeRule] INFO  safemode.SCMSafeModeManager (SCMSafeModeManager.java:validateSafeModeExitRules(204)) - AtleastOneDatanodeReportedRule rule is successfully validated
2021-10-12 06:05:29,229 [RatisPipelineUtilsThread - 0] INFO  pipeline.RatisPipelineProvider (RatisPipelineProvider.java:lambda$create$0(183)) - Sending CreatePipelineCommand for pipeline:PipelineID=4849bb7a-8d21-4c61-9174-6fe44c8b7884 to datanode:69929a81-75b5-4e59-a9cb-c7e6f0fb6fd6
2021-10-12 06:05:29,230 [RatisPipelineUtilsThread - 0] INFO  pipeline.PipelineStateManagerImpl (PipelineStateManagerImpl.java:addPipeline(101)) - Created pipeline Pipeline[ Id: 4849bb7a-8d21-4c61-9174-6fe44c8b7884, Nodes: 69929a81-75b5-4e59-a9cb-c7e6f0fb6fd6{ip: 10.1.0.59, host: fv-az297-361.nmf1rxwemy4u5di1sxxf4ejcwb.jx.internal.cloudapp.net, ports: [REPLICATION=46479, RATIS=40555, RATIS_ADMIN=40555, RATIS_SERVER=40555, STANDALONE=34613], networkLocation: /default-rack, certSerialId: null, persistedOpState: IN_SERVICE, persistedOpStateExpiryEpochSec: 0}, ReplicationConfig: RATIS/ONE, State:ALLOCATED, leaderId:, CreationTimestamp2021-10-12T06:05:29.229Z[Etc/UTC]].
2021-10-12 06:05:29,314 [EndpointStateMachine task thread for /0.0.0.0:41079 - 0 ] INFO  ozoneimpl.OzoneContainer (OzoneContainer.java:start(304)) - Attempting to start container services.
2021-10-12 06:05:29,314 [EndpointStateMachine task thread for /0.0.0.0:41079 - 0 ] INFO  ozoneimpl.OzoneContainer (OzoneContainer.java:startContainerScrub(249)) - Background container scanner has been disabled.
2021-10-12 06:05:29,315 [EndpointStateMachine task thread for /0.0.0.0:41079 - 0 ] INFO  replication.ReplicationServer (ReplicationServer.java:start(107)) - ReplicationServer is started using port 44151
2021-10-12 06:05:29,334 [EndpointStateMachine task thread for /0.0.0.0:41079 - 0 ] INFO  ratis.XceiverServerRatis (XceiverServerRatis.java:start(482)) - Starting XceiverServerRatis 1a275f92-aa29-4e99-8b54-16510abadaea
2021-10-12 06:05:29,370 [EndpointStateMachine task thread for /0.0.0.0:41079 - 0 ] INFO  server.RaftServer (RaftServerProxy.java:lambda$start$5(374)) - 1a275f92-aa29-4e99-8b54-16510abadaea: start RPC server
2021-10-12 06:05:29,371 [Listener at 127.0.0.1/38829] INFO  ozone.MiniOzoneClusterImpl (MiniOzoneClusterImpl.java:lambda$waitForClusterToBeReady$0(235)) - Waiting for nodes to be ready. Got 1 of 7 DN Heartbeats.
2021-10-12 06:05:29,372 [Listener at 127.0.0.1/38829] INFO  ozone.MiniOzoneClusterImpl (MiniOzoneClusterImpl.java:lambda$waitForClusterToBeReady$0(238)) - Waiting for cluster to exit safe mode
2021-10-12 06:05:29,372 [Listener at 127.0.0.1/38829] INFO  ozone.MiniOzoneClusterImpl (MiniOzoneClusterImpl.java:lambda$waitForClusterToBeReady$0(240)) - SCM became leader
2021-10-12 06:05:29,372 [EndpointStateMachine task thread for /0.0.0.0:41079 - 0 ] INFO  server.GrpcService (GrpcService.java:startImpl(253)) - 1a275f92-aa29-4e99-8b54-16510abadaea: GrpcService started, listening on 35911
2021-10-12 06:05:29,372 [EndpointStateMachine task thread for /0.0.0.0:41079 - 0 ] INFO  ratis.XceiverServerRatis (XceiverServerRatis.java:getRealPort(503)) - XceiverServerRatis 1a275f92-aa29-4e99-8b54-16510abadaea is started using port 35911 for RATIS
2021-10-12 06:05:29,372 [EndpointStateMachine task thread for /0.0.0.0:41079 - 0 ] INFO  ratis.XceiverServerRatis (XceiverServerRatis.java:getRealPort(503)) - XceiverServerRatis 1a275f92-aa29-4e99-8b54-16510abadaea is started using port 35911 for RATIS_ADMIN
2021-10-12 06:05:29,372 [EndpointStateMachine task thread for /0.0.0.0:41079 - 0 ] INFO  ratis.XceiverServerRatis (XceiverServerRatis.java:getRealPort(503)) - XceiverServerRatis 1a275f92-aa29-4e99-8b54-16510abadaea is started using port 35911 for RATIS_SERVER
2021-10-12 06:05:29,373 [org.apache.ratis.util.JvmPauseMonitor$$Lambda$531/599601214@4cb8cfa7] INFO  util.JvmPauseMonitor (JvmPauseMonitor.java:run(103)) - JvmPauseMonitor-1a275f92-aa29-4e99-8b54-16510abadaea: Started
2021-10-12 06:05:29,374 [EndpointStateMachine task thread for /0.0.0.0:41079 - 0 ] INFO  server.XceiverServerGrpc (XceiverServerGrpc.java:start(135)) - XceiverServerGrpc 1a275f92-aa29-4e99-8b54-16510abadaea is started using port 45949
2021-10-12 06:05:29,748 [IPC Server handler 0 on default port 41079] INFO  net.NetworkTopologyImpl (NetworkTopologyImpl.java:add(112)) - Added a new node: /default-rack/f6edce37-208d-40f1-ab7e-323414b00593
2021-10-12 06:05:29,748 [IPC Server handler 0 on default port 41079] INFO  node.SCMNodeManager (SCMNodeManager.java:register(389)) - Registered Data node : f6edce37-208d-40f1-ab7e-323414b00593{ip: 10.1.0.59, host: fv-az297-361.nmf1rxwemy4u5di1sxxf4ejcwb.jx.internal.cloudapp.net, ports: [REPLICATION=37231, RATIS=35829, RATIS_ADMIN=35829, RATIS_SERVER=35829, STANDALONE=34061], networkLocation: /default-rack, certSerialId: null, persistedOpState: null, persistedOpStateExpiryEpochSec: 0}
2021-10-12 06:05:29,748 [EventQueue-NewNodeForNewNodeHandler] INFO  pipeline.BackgroundPipelineCreator (BackgroundPipelineCreator.java:notifyEventTriggered(285)) - trigger a one-shot run on RatisPipelineUtilsThread.
2021-10-12 06:05:29,752 [EventQueue-NodeRegistrationContainerReportForDataNodeSafeModeRule] INFO  safemode.SCMSafeModeManager (DataNodeSafeModeRule.java:process(71)) - SCM in safe mode. 2 DataNodes registered, 3 required.
2021-10-12 06:05:29,752 [RatisPipelineUtilsThread - 0] INFO  pipeline.RatisPipelineProvider (RatisPipelineProvider.java:lambda$create$0(183)) - Sending CreatePipelineCommand for pipeline:PipelineID=16439a66-d4b8-45be-a9c3-75f6817ce003 to datanode:f6edce37-208d-40f1-ab7e-323414b00593
2021-10-12 06:05:29,753 [RatisPipelineUtilsThread - 0] INFO  pipeline.PipelineStateManagerImpl (PipelineStateManagerImpl.java:addPipeline(101)) - Created pipeline Pipeline[ Id: 16439a66-d4b8-45be-a9c3-75f6817ce003, Nodes: f6edce37-208d-40f1-ab7e-323414b00593{ip: 10.1.0.59, host: fv-az297-361.nmf1rxwemy4u5di1sxxf4ejcwb.jx.internal.cloudapp.net, ports: [REPLICATION=37231, RATIS=35829, RATIS_ADMIN=35829, RATIS_SERVER=35829, STANDALONE=34061], networkLocation: /default-rack, certSerialId: null, persistedOpState: IN_SERVICE, persistedOpStateExpiryEpochSec: 0}, ReplicationConfig: RATIS/ONE, State:ALLOCATED, leaderId:, CreationTimestamp2021-10-12T06:05:29.752Z[Etc/UTC]].
2021-10-12 06:05:29,887 [EndpointStateMachine task thread for /0.0.0.0:41079 - 0 ] INFO  ozoneimpl.OzoneContainer (OzoneContainer.java:start(304)) - Attempting to start container services.
2021-10-12 06:05:29,887 [EndpointStateMachine task thread for /0.0.0.0:41079 - 0 ] INFO  ozoneimpl.OzoneContainer (OzoneContainer.java:startContainerScrub(249)) - Background container scanner has been disabled.
2021-10-12 06:05:29,888 [EndpointStateMachine task thread for /0.0.0.0:41079 - 0 ] INFO  replication.ReplicationServer (ReplicationServer.java:start(107)) - ReplicationServer is started using port 36033
2021-10-12 06:05:29,928 [EndpointStateMachine task thread for /0.0.0.0:41079 - 0 ] INFO  ratis.XceiverServerRatis (XceiverServerRatis.java:start(482)) - Starting XceiverServerRatis fd6d4eb7-d4eb-4c85-951f-7fa23d5c4e33
2021-10-12 06:05:29,950 [EndpointStateMachine task thread for /0.0.0.0:41079 - 0 ] INFO  server.RaftServer (RaftServerProxy.java:lambda$start$5(374)) - fd6d4eb7-d4eb-4c85-951f-7fa23d5c4e33: start RPC server
2021-10-12 06:05:29,973 [EndpointStateMachine task thread for /0.0.0.0:41079 - 0 ] INFO  server.GrpcService (GrpcService.java:startImpl(253)) - fd6d4eb7-d4eb-4c85-951f-7fa23d5c4e33: GrpcService started, listening on 37125
2021-10-12 06:05:29,974 [EndpointStateMachine task thread for /0.0.0.0:41079 - 0 ] INFO  ratis.XceiverServerRatis (XceiverServerRatis.java:getRealPort(503)) - XceiverServerRatis fd6d4eb7-d4eb-4c85-951f-7fa23d5c4e33 is started using port 37125 for RATIS
2021-10-12 06:05:29,974 [EndpointStateMachine task thread for /0.0.0.0:41079 - 0 ] INFO  ratis.XceiverServerRatis (XceiverServerRatis.java:getRealPort(503)) - XceiverServerRatis fd6d4eb7-d4eb-4c85-951f-7fa23d5c4e33 is started using port 37125 for RATIS_ADMIN
2021-10-12 06:05:29,974 [EndpointStateMachine task thread for /0.0.0.0:41079 - 0 ] INFO  ratis.XceiverServerRatis (XceiverServerRatis.java:getRealPort(503)) - XceiverServerRatis fd6d4eb7-d4eb-4c85-951f-7fa23d5c4e33 is started using port 37125 for RATIS_SERVER
2021-10-12 06:05:29,974 [EndpointStateMachine task thread for /0.0.0.0:41079 - 0 ] INFO  server.XceiverServerGrpc (XceiverServerGrpc.java:start(135)) - XceiverServerGrpc fd6d4eb7-d4eb-4c85-951f-7fa23d5c4e33 is started using port 44425
2021-10-12 06:05:29,982 [org.apache.ratis.util.JvmPauseMonitor$$Lambda$531/599601214@712ddcad] INFO  util.JvmPauseMonitor (JvmPauseMonitor.java:run(103)) - JvmPauseMonitor-fd6d4eb7-d4eb-4c85-951f-7fa23d5c4e33: Started
2021-10-12 06:05:30,342 [IPC Server handler 4 on default port 41079] INFO  net.NetworkTopologyImpl (NetworkTopologyImpl.java:add(112)) - Added a new node: /default-rack/a928fc34-d4b3-4f47-b859-83818f25ed6e
2021-10-12 06:05:30,343 [IPC Server handler 4 on default port 41079] INFO  node.SCMNodeManager (SCMNodeManager.java:register(389)) - Registered Data node : a928fc34-d4b3-4f47-b859-83818f25ed6e{ip: 10.1.0.59, host: fv-az297-361.nmf1rxwemy4u5di1sxxf4ejcwb.jx.internal.cloudapp.net, ports: [REPLICATION=46425, RATIS=35709, RATIS_ADMIN=35709, RATIS_SERVER=35709, STANDALONE=38129], networkLocation: /default-rack, certSerialId: null, persistedOpState: null, persistedOpStateExpiryEpochSec: 0}
2021-10-12 06:05:30,343 [EventQueue-NewNodeForNewNodeHandler] INFO  pipeline.BackgroundPipelineCreator (BackgroundPipelineCreator.java:notifyEventTriggered(285)) - trigger a one-shot run on RatisPipelineUtilsThread.
2021-10-12 06:05:30,349 [RatisPipelineUtilsThread - 0] INFO  pipeline.RatisPipelineProvider (RatisPipelineProvider.java:lambda$create$0(183)) - Sending CreatePipelineCommand for pipeline:PipelineID=fb1f687b-0b6e-4734-b0ab-a54a29d33cf6 to datanode:a928fc34-d4b3-4f47-b859-83818f25ed6e
2021-10-12 06:05:30,350 [RatisPipelineUtilsThread - 0] INFO  pipeline.PipelineStateManagerImpl (PipelineStateManagerImpl.java:addPipeline(101)) - Created pipeline Pipeline[ Id: fb1f687b-0b6e-4734-b0ab-a54a29d33cf6, Nodes: a928fc34-d4b3-4f47-b859-83818f25ed6e{ip: 10.1.0.59, host: fv-az297-361.nmf1rxwemy4u5di1sxxf4ejcwb.jx.internal.cloudapp.net, ports: [REPLICATION=46425, RATIS=35709, RATIS_ADMIN=35709, RATIS_SERVER=35709, STANDALONE=38129], networkLocation: /default-rack, certSerialId: null, persistedOpState: IN_SERVICE, persistedOpStateExpiryEpochSec: 0}, ReplicationConfig: RATIS/ONE, State:ALLOCATED, leaderId:, CreationTimestamp2021-10-12T06:05:30.349Z[Etc/UTC]].
2021-10-12 06:05:30,350 [EventQueue-NodeRegistrationContainerReportForDataNodeSafeModeRule] INFO  safemode.SCMSafeModeManager (DataNodeSafeModeRule.java:process(71)) - SCM in safe mode. 3 DataNodes registered, 3 required.
2021-10-12 06:05:30,350 [EventQueue-NodeRegistrationContainerReportForDataNodeSafeModeRule] INFO  safemode.SCMSafeModeManager (SCMSafeModeManager.java:validateSafeModeExitRules(204)) - DataNodeSafeModeRule rule is successfully validated
2021-10-12 06:05:30,350 [EventQueue-NodeRegistrationContainerReportForDataNodeSafeModeRule] INFO  safemode.SCMSafeModeManager (SCMSafeModeManager.java:completePreCheck(233)) - All SCM safe mode pre check rules have passed
2021-10-12 06:05:30,350 [EventQueue-NodeRegistrationContainerReportForDataNodeSafeModeRule] WARN  events.EventQueue (EventQueue.java:fireEvent(194)) - No event handler registered for event TypedEvent{payloadType=SafeModeStatus, name='Safe mode status'}
2021-10-12 06:05:30,351 [EventQueue-NodeRegistrationContainerReportForDataNodeSafeModeRule] INFO  ha.SCMContext (SCMContext.java:updateSafeModeStatus(205)) - Update SafeModeStatus from SafeModeStatus{safeModeStatus=true, preCheckPassed=false} to SafeModeStatus{safeModeStatus=true, preCheckPassed=true}.
2021-10-12 06:05:30,351 [EventQueue-NodeRegistrationContainerReportForDataNodeSafeModeRule] INFO  pipeline.BackgroundPipelineCreator (BackgroundPipelineCreator.java:notifyEventTriggered(285)) - trigger a one-shot run on RatisPipelineUtilsThread.
2021-10-12 06:05:30,354 [RatisPipelineUtilsThread - 0] INFO  pipeline.RatisPipelineProvider (RatisPipelineProvider.java:lambda$create$0(183)) - Sending CreatePipelineCommand for pipeline:PipelineID=24fc6951-c623-41b7-8dc3-ab0ae3f98c36 to datanode:f6edce37-208d-40f1-ab7e-323414b00593
2021-10-12 06:05:30,354 [RatisPipelineUtilsThread - 0] INFO  pipeline.RatisPipelineProvider (RatisPipelineProvider.java:lambda$create$0(183)) - Sending CreatePipelineCommand for pipeline:PipelineID=24fc6951-c623-41b7-8dc3-ab0ae3f98c36 to datanode:69929a81-75b5-4e59-a9cb-c7e6f0fb6fd6
2021-10-12 06:05:30,354 [RatisPipelineUtilsThread - 0] INFO  pipeline.RatisPipelineProvider (RatisPipelineProvider.java:lambda$create$0(183)) - Sending CreatePipelineCommand for pipeline:PipelineID=24fc6951-c623-41b7-8dc3-ab0ae3f98c36 to datanode:a928fc34-d4b3-4f47-b859-83818f25ed6e
2021-10-12 06:05:30,354 [RatisPipelineUtilsThread - 0] INFO  pipeline.PipelineStateManagerImpl (PipelineStateManagerImpl.java:addPipeline(101)) - Created pipeline Pipeline[ Id: 24fc6951-c623-41b7-8dc3-ab0ae3f98c36, Nodes: f6edce37-208d-40f1-ab7e-323414b00593{ip: 10.1.0.59, host: fv-az297-361.nmf1rxwemy4u5di1sxxf4ejcwb.jx.internal.cloudapp.net, ports: [REPLICATION=37231, RATIS=35829, RATIS_ADMIN=35829, RATIS_SERVER=35829, STANDALONE=34061], networkLocation: /default-rack, certSerialId: null, persistedOpState: IN_SERVICE, persistedOpStateExpiryEpochSec: 0}69929a81-75b5-4e59-a9cb-c7e6f0fb6fd6{ip: 10.1.0.59, host: fv-az297-361.nmf1rxwemy4u5di1sxxf4ejcwb.jx.internal.cloudapp.net, ports: [REPLICATION=46479, RATIS=40555, RATIS_ADMIN=40555, RATIS_SERVER=40555, STANDALONE=34613], networkLocation: /default-rack, certSerialId: null, persistedOpState: IN_SERVICE, persistedOpStateExpiryEpochSec: 0}a928fc34-d4b3-4f47-b859-83818f25ed6e{ip: 10.1.0.59, host: fv-az297-361.nmf1rxwemy4u5di1sxxf4ejcwb.jx.internal.cloudapp.net, ports: [REPLICATION=46425, RATIS=35709, RATIS_ADMIN=35709, RATIS_SERVER=35709, STANDALONE=38129], networkLocation: /default-rack, certSerialId: null, persistedOpState: IN_SERVICE, persistedOpStateExpiryEpochSec: 0}, ReplicationConfig: RATIS/THREE, State:ALLOCATED, leaderId:, CreationTimestamp2021-10-12T06:05:30.354Z[Etc/UTC]].
2021-10-12 06:05:30,355 [RatisPipelineUtilsThread - 0] INFO  pipeline.RatisPipelineProvider (RatisPipelineProvider.java:lambda$create$0(183)) - Sending CreatePipelineCommand for pipeline:PipelineID=9543044a-5f3d-4b0d-98d7-d75b06a36d76 to datanode:f6edce37-208d-40f1-ab7e-323414b00593
2021-10-12 06:05:30,355 [RatisPipelineUtilsThread - 0] INFO  pipeline.RatisPipelineProvider (RatisPipelineProvider.java:lambda$create$0(183)) - Sending CreatePipelineCommand for pipeline:PipelineID=9543044a-5f3d-4b0d-98d7-d75b06a36d76 to datanode:69929a81-75b5-4e59-a9cb-c7e6f0fb6fd6
2021-10-12 06:05:30,355 [RatisPipelineUtilsThread - 0] INFO  pipeline.RatisPipelineProvider (RatisPipelineProvider.java:lambda$create$0(183)) - Sending CreatePipelineCommand for pipeline:PipelineID=9543044a-5f3d-4b0d-98d7-d75b06a36d76 to datanode:a928fc34-d4b3-4f47-b859-83818f25ed6e
2021-10-12 06:05:30,355 [RatisPipelineUtilsThread - 0] INFO  pipeline.PipelineStateManagerImpl (PipelineStateManagerImpl.java:addPipeline(101)) - Created pipeline Pipeline[ Id: 9543044a-5f3d-4b0d-98d7-d75b06a36d76, Nodes: f6edce37-208d-40f1-ab7e-323414b00593{ip: 10.1.0.59, host: fv-az297-361.nmf1rxwemy4u5di1sxxf4ejcwb.jx.internal.cloudapp.net, ports: [REPLICATION=37231, RATIS=35829, RATIS_ADMIN=35829, RATIS_SERVER=35829, STANDALONE=34061], networkLocation: /default-rack, certSerialId: null, persistedOpState: IN_SERVICE, persistedOpStateExpiryEpochSec: 0}69929a81-75b5-4e59-a9cb-c7e6f0fb6fd6{ip: 10.1.0.59, host: fv-az297-361.nmf1rxwemy4u5di1sxxf4ejcwb.jx.internal.cloudapp.net, ports: [REPLICATION=46479, RATIS=40555, RATIS_ADMIN=40555, RATIS_SERVER=40555, STANDALONE=34613], networkLocation: /default-rack, certSerialId: null, persistedOpState: IN_SERVICE, persistedOpStateExpiryEpochSec: 0}a928fc34-d4b3-4f47-b859-83818f25ed6e{ip: 10.1.0.59, host: fv-az297-361.nmf1rxwemy4u5di1sxxf4ejcwb.jx.internal.cloudapp.net, ports: [REPLICATION=46425, RATIS=35709, RATIS_ADMIN=35709, RATIS_SERVER=35709, STANDALONE=38129], networkLocation: /default-rack, certSerialId: null, persistedOpState: IN_SERVICE, persistedOpStateExpiryEpochSec: 0}, ReplicationConfig: RATIS/THREE, State:ALLOCATED, leaderId:, CreationTimestamp2021-10-12T06:05:30.355Z[Etc/UTC]].
2021-10-12 06:05:30,355 [RatisPipelineUtilsThread - 0] INFO  pipeline.PipelineManagerImpl (PipelineManagerImpl.java:recordMetricsForPipeline(613)) - Pipeline: PipelineID=9543044a-5f3d-4b0d-98d7-d75b06a36d76 contains same datanodes as previous pipelines: PipelineID=24fc6951-c623-41b7-8dc3-ab0ae3f98c36 nodeIds: f6edce37-208d-40f1-ab7e-323414b00593, 69929a81-75b5-4e59-a9cb-c7e6f0fb6fd6, a928fc34-d4b3-4f47-b859-83818f25ed6e
2021-10-12 06:05:30,355 [RatisPipelineUtilsThread - 0] INFO  pipeline.RatisPipelineProvider (RatisPipelineProvider.java:lambda$create$0(183)) - Sending CreatePipelineCommand for pipeline:PipelineID=7390dcda-dbd8-4381-851a-c2daa97ebb05 to datanode:f6edce37-208d-40f1-ab7e-323414b00593
2021-10-12 06:05:30,355 [RatisPipelineUtilsThread - 0] INFO  pipeline.RatisPipelineProvider (RatisPipelineProvider.java:lambda$create$0(183)) - Sending CreatePipelineCommand for pipeline:PipelineID=7390dcda-dbd8-4381-851a-c2daa97ebb05 to datanode:a928fc34-d4b3-4f47-b859-83818f25ed6e
2021-10-12 06:05:30,355 [RatisPipelineUtilsThread - 0] INFO  pipeline.RatisPipelineProvider (RatisPipelineProvider.java:lambda$create$0(183)) - Sending CreatePipelineCommand for pipeline:PipelineID=7390dcda-dbd8-4381-851a-c2daa97ebb05 to datanode:69929a81-75b5-4e59-a9cb-c7e6f0fb6fd6
2021-10-12 06:05:30,356 [RatisPipelineUtilsThread - 0] INFO  pipeline.PipelineStateManagerImpl (PipelineStateManagerImpl.java:addPipeline(101)) - Created pipeline Pipeline[ Id: 7390dcda-dbd8-4381-851a-c2daa97ebb05, Nodes: f6edce37-208d-40f1-ab7e-323414b00593{ip: 10.1.0.59, host: fv-az297-361.nmf1rxwemy4u5di1sxxf4ejcwb.jx.internal.cloudapp.net, ports: [REPLICATION=37231, RATIS=35829, RATIS_ADMIN=35829, RATIS_SERVER=35829, STANDALONE=34061], networkLocation: /default-rack, certSerialId: null, persistedOpState: IN_SERVICE, persistedOpStateExpiryEpochSec: 0}a928fc34-d4b3-4f47-b859-83818f25ed6e{ip: 10.1.0.59, host: fv-az297-361.nmf1rxwemy4u5di1sxxf4ejcwb.jx.internal.cloudapp.net, ports: [REPLICATION=46425, RATIS=35709, RATIS_ADMIN=35709, RATIS_SERVER=35709, STANDALONE=38129], networkLocation: /default-rack, certSerialId: null, persistedOpState: IN_SERVICE, persistedOpStateExpiryEpochSec: 0}69929a81-75b5-4e59-a9cb-c7e6f0fb6fd6{ip: 10.1.0.59, host: fv-az297-361.nmf1rxwemy4u5di1sxxf4ejcwb.jx.internal.cloudapp.net, ports: [REPLICATION=46479, RATIS=40555, RATIS_ADMIN=40555, RATIS_SERVER=40555, STANDALONE=34613], networkLocation: /default-rack, certSerialId: null, persistedOpState: IN_SERVICE, persistedOpStateExpiryEpochSec: 0}, ReplicationConfig: RATIS/THREE, State:ALLOCATED, leaderId:, CreationTimestamp2021-10-12T06:05:30.355Z[Etc/UTC]].
2021-10-12 06:05:30,356 [RatisPipelineUtilsThread - 0] INFO  pipeline.PipelineManagerImpl (PipelineManagerImpl.java:recordMetricsForPipeline(613)) - Pipeline: PipelineID=7390dcda-dbd8-4381-851a-c2daa97ebb05 contains same datanodes as previous pipelines: PipelineID=9543044a-5f3d-4b0d-98d7-d75b06a36d76 nodeIds: f6edce37-208d-40f1-ab7e-323414b00593, a928fc34-d4b3-4f47-b859-83818f25ed6e, 69929a81-75b5-4e59-a9cb-c7e6f0fb6fd6
2021-10-12 06:05:30,356 [RatisPipelineUtilsThread - 0] INFO  pipeline.PipelineManagerImpl (PipelineManagerImpl.java:recordMetricsForPipeline(613)) - Pipeline: PipelineID=7390dcda-dbd8-4381-851a-c2daa97ebb05 contains same datanodes as previous pipelines: PipelineID=24fc6951-c623-41b7-8dc3-ab0ae3f98c36 nodeIds: f6edce37-208d-40f1-ab7e-323414b00593, a928fc34-d4b3-4f47-b859-83818f25ed6e, 69929a81-75b5-4e59-a9cb-c7e6f0fb6fd6
2021-10-12 06:05:30,372 [Listener at 127.0.0.1/38829] INFO  ozone.MiniOzoneClusterImpl (MiniOzoneClusterImpl.java:lambda$waitForClusterToBeReady$0(235)) - Waiting for nodes to be ready. Got 3 of 7 DN Heartbeats.
2021-10-12 06:05:30,372 [Listener at 127.0.0.1/38829] INFO  ozone.MiniOzoneClusterImpl (MiniOzoneClusterImpl.java:lambda$waitForClusterToBeReady$0(238)) - Waiting for cluster to exit safe mode
2021-10-12 06:05:30,372 [Listener at 127.0.0.1/38829] INFO  ozone.MiniOzoneClusterImpl (MiniOzoneClusterImpl.java:lambda$waitForClusterToBeReady$0(240)) - SCM became leader
2021-10-12 06:05:30,641 [EndpointStateMachine task thread for /0.0.0.0:41079 - 0 ] INFO  ozoneimpl.OzoneContainer (OzoneContainer.java:start(304)) - Attempting to start container services.
2021-10-12 06:05:30,642 [EndpointStateMachine task thread for /0.0.0.0:41079 - 0 ] INFO  ozoneimpl.OzoneContainer (OzoneContainer.java:startContainerScrub(249)) - Background container scanner has been disabled.
2021-10-12 06:05:30,642 [EndpointStateMachine task thread for /0.0.0.0:41079 - 0 ] INFO  replication.ReplicationServer (ReplicationServer.java:start(107)) - ReplicationServer is started using port 39463
2021-10-12 06:05:30,642 [EndpointStateMachine task thread for /0.0.0.0:41079 - 0 ] INFO  ratis.XceiverServerRatis (XceiverServerRatis.java:start(482)) - Starting XceiverServerRatis 8094cd77-30c2-47d7-ab82-7abee48b2f8b
2021-10-12 06:05:30,654 [EndpointStateMachine task thread for /0.0.0.0:41079 - 0 ] INFO  server.RaftServer (RaftServerProxy.java:lambda$start$5(374)) - 8094cd77-30c2-47d7-ab82-7abee48b2f8b: start RPC server
2021-10-12 06:05:30,656 [EndpointStateMachine task thread for /0.0.0.0:41079 - 0 ] INFO  server.GrpcService (GrpcService.java:startImpl(253)) - 8094cd77-30c2-47d7-ab82-7abee48b2f8b: GrpcService started, listening on 44663
2021-10-12 06:05:30,669 [EndpointStateMachine task thread for /0.0.0.0:41079 - 0 ] INFO  ratis.XceiverServerRatis (XceiverServerRatis.java:getRealPort(503)) - XceiverServerRatis 8094cd77-30c2-47d7-ab82-7abee48b2f8b is started using port 44663 for RATIS
2021-10-12 06:05:30,669 [EndpointStateMachine task thread for /0.0.0.0:41079 - 0 ] INFO  ratis.XceiverServerRatis (XceiverServerRatis.java:getRealPort(503)) - XceiverServerRatis 8094cd77-30c2-47d7-ab82-7abee48b2f8b is started using port 44663 for RATIS_ADMIN
2021-10-12 06:05:30,669 [EndpointStateMachine task thread for /0.0.0.0:41079 - 0 ] INFO  ratis.XceiverServerRatis (XceiverServerRatis.java:getRealPort(503)) - XceiverServerRatis 8094cd77-30c2-47d7-ab82-7abee48b2f8b is started using port 44663 for RATIS_SERVER
2021-10-12 06:05:30,669 [EndpointStateMachine task thread for /0.0.0.0:41079 - 0 ] INFO  server.XceiverServerGrpc (XceiverServerGrpc.java:start(135)) - XceiverServerGrpc 8094cd77-30c2-47d7-ab82-7abee48b2f8b is started using port 42885
2021-10-12 06:05:30,673 [org.apache.ratis.util.JvmPauseMonitor$$Lambda$531/599601214@49ca3df9] INFO  util.JvmPauseMonitor (JvmPauseMonitor.java:run(103)) - JvmPauseMonitor-8094cd77-30c2-47d7-ab82-7abee48b2f8b: Started
2021-10-12 06:05:30,814 [IPC Server handler 2 on default port 41079] INFO  net.NetworkTopologyImpl (NetworkTopologyImpl.java:add(112)) - Added a new node: /default-rack/fdd2c237-e414-4605-b3b4-833d5e073368
2021-10-12 06:05:30,814 [IPC Server handler 2 on default port 41079] INFO  node.SCMNodeManager (SCMNodeManager.java:register(389)) - Registered Data node : fdd2c237-e414-4605-b3b4-833d5e073368{ip: 10.1.0.59, host: fv-az297-361.nmf1rxwemy4u5di1sxxf4ejcwb.jx.internal.cloudapp.net, ports: [REPLICATION=33853, RATIS=38743, RATIS_ADMIN=38743, RATIS_SERVER=38743, STANDALONE=36483], networkLocation: /default-rack, certSerialId: null, persistedOpState: null, persistedOpStateExpiryEpochSec: 0}
2021-10-12 06:05:30,815 [EventQueue-NewNodeForNewNodeHandler] INFO  pipeline.BackgroundPipelineCreator (BackgroundPipelineCreator.java:notifyEventTriggered(285)) - trigger a one-shot run on RatisPipelineUtilsThread.
2021-10-12 06:05:30,815 [RatisPipelineUtilsThread - 0] INFO  pipeline.RatisPipelineProvider (RatisPipelineProvider.java:lambda$create$0(183)) - Sending CreatePipelineCommand for pipeline:PipelineID=7608d580-c439-4c58-a09b-38aeeacb237b to datanode:fdd2c237-e414-4605-b3b4-833d5e073368
2021-10-12 06:05:30,816 [RatisPipelineUtilsThread - 0] INFO  pipeline.PipelineStateManagerImpl (PipelineStateManagerImpl.java:addPipeline(101)) - Created pipeline Pipeline[ Id: 7608d580-c439-4c58-a09b-38aeeacb237b, Nodes: fdd2c237-e414-4605-b3b4-833d5e073368{ip: 10.1.0.59, host: fv-az297-361.nmf1rxwemy4u5di1sxxf4ejcwb.jx.internal.cloudapp.net, ports: [REPLICATION=33853, RATIS=38743, RATIS_ADMIN=38743, RATIS_SERVER=38743, STANDALONE=36483], networkLocation: /default-rack, certSerialId: null, persistedOpState: IN_SERVICE, persistedOpStateExpiryEpochSec: 0}, ReplicationConfig: RATIS/ONE, State:ALLOCATED, leaderId:, CreationTimestamp2021-10-12T06:05:30.815Z[Etc/UTC]].
2021-10-12 06:05:31,307 [IPC Server handler 4 on default port 41079] INFO  net.NetworkTopologyImpl (NetworkTopologyImpl.java:add(112)) - Added a new node: /default-rack/1a275f92-aa29-4e99-8b54-16510abadaea
2021-10-12 06:05:31,307 [IPC Server handler 4 on default port 41079] INFO  node.SCMNodeManager (SCMNodeManager.java:register(389)) - Registered Data node : 1a275f92-aa29-4e99-8b54-16510abadaea{ip: 10.1.0.59, host: fv-az297-361.nmf1rxwemy4u5di1sxxf4ejcwb.jx.internal.cloudapp.net, ports: [REPLICATION=44151, RATIS=35911, RATIS_ADMIN=35911, RATIS_SERVER=35911, STANDALONE=45949], networkLocation: /default-rack, certSerialId: null, persistedOpState: null, persistedOpStateExpiryEpochSec: 0}
2021-10-12 06:05:31,307 [EventQueue-NewNodeForNewNodeHandler] INFO  pipeline.BackgroundPipelineCreator (BackgroundPipelineCreator.java:notifyEventTriggered(285)) - trigger a one-shot run on RatisPipelineUtilsThread.
2021-10-12 06:05:31,308 [RatisPipelineUtilsThread - 0] INFO  pipeline.RatisPipelineProvider (RatisPipelineProvider.java:lambda$create$0(183)) - Sending CreatePipelineCommand for pipeline:PipelineID=cef31069-88dc-41f3-881d-df8a7e27a5ec to datanode:1a275f92-aa29-4e99-8b54-16510abadaea
2021-10-12 06:05:31,308 [RatisPipelineUtilsThread - 0] INFO  pipeline.PipelineStateManagerImpl (PipelineStateManagerImpl.java:addPipeline(101)) - Created pipeline Pipeline[ Id: cef31069-88dc-41f3-881d-df8a7e27a5ec, Nodes: 1a275f92-aa29-4e99-8b54-16510abadaea{ip: 10.1.0.59, host: fv-az297-361.nmf1rxwemy4u5di1sxxf4ejcwb.jx.internal.cloudapp.net, ports: [REPLICATION=44151, RATIS=35911, RATIS_ADMIN=35911, RATIS_SERVER=35911, STANDALONE=45949], networkLocation: /default-rack, certSerialId: null, persistedOpState: IN_SERVICE, persistedOpStateExpiryEpochSec: 0}, ReplicationConfig: RATIS/ONE, State:ALLOCATED, leaderId:, CreationTimestamp2021-10-12T06:05:31.308Z[Etc/UTC]].
2021-10-12 06:05:31,372 [Listener at 127.0.0.1/38829] INFO  ozone.MiniOzoneClusterImpl (MiniOzoneClusterImpl.java:lambda$waitForClusterToBeReady$0(235)) - Waiting for nodes to be ready. Got 5 of 7 DN Heartbeats.
2021-10-12 06:05:31,372 [Listener at 127.0.0.1/38829] INFO  ozone.MiniOzoneClusterImpl (MiniOzoneClusterImpl.java:lambda$waitForClusterToBeReady$0(238)) - Waiting for cluster to exit safe mode
2021-10-12 06:05:31,372 [Listener at 127.0.0.1/38829] INFO  ozone.MiniOzoneClusterImpl (MiniOzoneClusterImpl.java:lambda$waitForClusterToBeReady$0(240)) - SCM became leader
2021-10-12 06:05:31,874 [IPC Server handler 3 on default port 41079] INFO  net.NetworkTopologyImpl (NetworkTopologyImpl.java:add(112)) - Added a new node: /default-rack/fd6d4eb7-d4eb-4c85-951f-7fa23d5c4e33
2021-10-12 06:05:31,874 [IPC Server handler 3 on default port 41079] INFO  node.SCMNodeManager (SCMNodeManager.java:register(389)) - Registered Data node : fd6d4eb7-d4eb-4c85-951f-7fa23d5c4e33{ip: 10.1.0.59, host: fv-az297-361.nmf1rxwemy4u5di1sxxf4ejcwb.jx.internal.cloudapp.net, ports: [REPLICATION=36033, RATIS=37125, RATIS_ADMIN=37125, RATIS_SERVER=37125, STANDALONE=44425], networkLocation: /default-rack, certSerialId: null, persistedOpState: null, persistedOpStateExpiryEpochSec: 0}
2021-10-12 06:05:31,875 [EventQueue-NewNodeForNewNodeHandler] INFO  pipeline.BackgroundPipelineCreator (BackgroundPipelineCreator.java:notifyEventTriggered(285)) - trigger a one-shot run on RatisPipelineUtilsThread.
2021-10-12 06:05:31,876 [RatisPipelineUtilsThread - 0] INFO  pipeline.RatisPipelineProvider (RatisPipelineProvider.java:lambda$create$0(183)) - Sending CreatePipelineCommand for pipeline:PipelineID=7e7a9f65-9827-4b9c-af70-d1d5abd2796e to datanode:fd6d4eb7-d4eb-4c85-951f-7fa23d5c4e33
2021-10-12 06:05:31,877 [RatisPipelineUtilsThread - 0] INFO  pipeline.PipelineStateManagerImpl (PipelineStateManagerImpl.java:addPipeline(101)) - Created pipeline Pipeline[ Id: 7e7a9f65-9827-4b9c-af70-d1d5abd2796e, Nodes: fd6d4eb7-d4eb-4c85-951f-7fa23d5c4e33{ip: 10.1.0.59, host: fv-az297-361.nmf1rxwemy4u5di1sxxf4ejcwb.jx.internal.cloudapp.net, ports: [REPLICATION=36033, RATIS=37125, RATIS_ADMIN=37125, RATIS_SERVER=37125, STANDALONE=44425], networkLocation: /default-rack, certSerialId: null, persistedOpState: IN_SERVICE, persistedOpStateExpiryEpochSec: 0}, ReplicationConfig: RATIS/ONE, State:ALLOCATED, leaderId:, CreationTimestamp2021-10-12T06:05:31.876Z[Etc/UTC]].
2021-10-12 06:05:31,877 [RatisPipelineUtilsThread - 0] INFO  pipeline.RatisPipelineProvider (RatisPipelineProvider.java:lambda$create$0(183)) - Sending CreatePipelineCommand for pipeline:PipelineID=0347fa64-7ac4-4e26-893b-280cf83c0957 to datanode:1a275f92-aa29-4e99-8b54-16510abadaea
2021-10-12 06:05:31,877 [RatisPipelineUtilsThread - 0] INFO  pipeline.RatisPipelineProvider (RatisPipelineProvider.java:lambda$create$0(183)) - Sending CreatePipelineCommand for pipeline:PipelineID=0347fa64-7ac4-4e26-893b-280cf83c0957 to datanode:fd6d4eb7-d4eb-4c85-951f-7fa23d5c4e33
2021-10-12 06:05:31,877 [RatisPipelineUtilsThread - 0] INFO  pipeline.RatisPipelineProvider (RatisPipelineProvider.java:lambda$create$0(183)) - Sending CreatePipelineCommand for pipeline:PipelineID=0347fa64-7ac4-4e26-893b-280cf83c0957 to datanode:fdd2c237-e414-4605-b3b4-833d5e073368
2021-10-12 06:05:31,877 [RatisPipelineUtilsThread - 0] INFO  pipeline.PipelineStateManagerImpl (PipelineStateManagerImpl.java:addPipeline(101)) - Created pipeline Pipeline[ Id: 0347fa64-7ac4-4e26-893b-280cf83c0957, Nodes: 1a275f92-aa29-4e99-8b54-16510abadaea{ip: 10.1.0.59, host: fv-az297-361.nmf1rxwemy4u5di1sxxf4ejcwb.jx.internal.cloudapp.net, ports: [REPLICATION=44151, RATIS=35911, RATIS_ADMIN=35911, RATIS_SERVER=35911, STANDALONE=45949], networkLocation: /default-rack, certSerialId: null, persistedOpState: IN_SERVICE, persistedOpStateExpiryEpochSec: 0}fd6d4eb7-d4eb-4c85-951f-7fa23d5c4e33{ip: 10.1.0.59, host: fv-az297-361.nmf1rxwemy4u5di1sxxf4ejcwb.jx.internal.cloudapp.net, ports: [REPLICATION=36033, RATIS=37125, RATIS_ADMIN=37125, RATIS_SERVER=37125, STANDALONE=44425], networkLocation: /default-rack, certSerialId: null, persistedOpState: IN_SERVICE, persistedOpStateExpiryEpochSec: 0}fdd2c237-e414-4605-b3b4-833d5e073368{ip: 10.1.0.59, host: fv-az297-361.nmf1rxwemy4u5di1sxxf4ejcwb.jx.internal.cloudapp.net, ports: [REPLICATION=33853, RATIS=38743, RATIS_ADMIN=38743, RATIS_SERVER=38743, STANDALONE=36483], networkLocation: /default-rack, certSerialId: null, persistedOpState: IN_SERVICE, persistedOpStateExpiryEpochSec: 0}, ReplicationConfig: RATIS/THREE, State:ALLOCATED, leaderId:, CreationTimestamp2021-10-12T06:05:31.877Z[Etc/UTC]].
2021-10-12 06:05:31,878 [RatisPipelineUtilsThread - 0] INFO  pipeline.RatisPipelineProvider (RatisPipelineProvider.java:lambda$create$0(183)) - Sending CreatePipelineCommand for pipeline:PipelineID=329bb935-cfae-4e84-a629-c2c9de719baf to datanode:fd6d4eb7-d4eb-4c85-951f-7fa23d5c4e33
2021-10-12 06:05:31,878 [RatisPipelineUtilsThread - 0] INFO  pipeline.RatisPipelineProvider (RatisPipelineProvider.java:lambda$create$0(183)) - Sending CreatePipelineCommand for pipeline:PipelineID=329bb935-cfae-4e84-a629-c2c9de719baf to datanode:1a275f92-aa29-4e99-8b54-16510abadaea
2021-10-12 06:05:31,878 [RatisPipelineUtilsThread - 0] INFO  pipeline.RatisPipelineProvider (RatisPipelineProvider.java:lambda$create$0(183)) - Sending CreatePipelineCommand for pipeline:PipelineID=329bb935-cfae-4e84-a629-c2c9de719baf to datanode:fdd2c237-e414-4605-b3b4-833d5e073368
2021-10-12 06:05:31,878 [RatisPipelineUtilsThread - 0] INFO  pipeline.PipelineStateManagerImpl (PipelineStateManagerImpl.java:addPipeline(101)) - Created pipeline Pipeline[ Id: 329bb935-cfae-4e84-a629-c2c9de719baf, Nodes: fd6d4eb7-d4eb-4c85-951f-7fa23d5c4e33{ip: 10.1.0.59, host: fv-az297-361.nmf1rxwemy4u5di1sxxf4ejcwb.jx.internal.cloudapp.net, ports: [REPLICATION=36033, RATIS=37125, RATIS_ADMIN=37125, RATIS_SERVER=37125, STANDALONE=44425], networkLocation: /default-rack, certSerialId: null, persistedOpState: IN_SERVICE, persistedOpStateExpiryEpochSec: 0}1a275f92-aa29-4e99-8b54-16510abadaea{ip: 10.1.0.59, host: fv-az297-361.nmf1rxwemy4u5di1sxxf4ejcwb.jx.internal.cloudapp.net, ports: [REPLICATION=44151, RATIS=35911, RATIS_ADMIN=35911, RATIS_SERVER=35911, STANDALONE=45949], networkLocation: /default-rack, certSerialId: null, persistedOpState: IN_SERVICE, persistedOpStateExpiryEpochSec: 0}fdd2c237-e414-4605-b3b4-833d5e073368{ip: 10.1.0.59, host: fv-az297-361.nmf1rxwemy4u5di1sxxf4ejcwb.jx.internal.cloudapp.net, ports: [REPLICATION=33853, RATIS=38743, RATIS_ADMIN=38743, RATIS_SERVER=38743, STANDALONE=36483], networkLocation: /default-rack, certSerialId: null, persistedOpState: IN_SERVICE, persistedOpStateExpiryEpochSec: 0}, ReplicationConfig: RATIS/THREE, State:ALLOCATED, leaderId:, CreationTimestamp2021-10-12T06:05:31.878Z[Etc/UTC]].
2021-10-12 06:05:31,878 [RatisPipelineUtilsThread - 0] INFO  pipeline.PipelineManagerImpl (PipelineManagerImpl.java:recordMetricsForPipeline(613)) - Pipeline: PipelineID=329bb935-cfae-4e84-a629-c2c9de719baf contains same datanodes as previous pipelines: PipelineID=0347fa64-7ac4-4e26-893b-280cf83c0957 nodeIds: fd6d4eb7-d4eb-4c85-951f-7fa23d5c4e33, 1a275f92-aa29-4e99-8b54-16510abadaea, fdd2c237-e414-4605-b3b4-833d5e073368
2021-10-12 06:05:31,879 [RatisPipelineUtilsThread - 0] INFO  pipeline.RatisPipelineProvider (RatisPipelineProvider.java:lambda$create$0(183)) - Sending CreatePipelineCommand for pipeline:PipelineID=11f238a1-a81c-4d19-9df2-c5477e2a5dab to datanode:1a275f92-aa29-4e99-8b54-16510abadaea
2021-10-12 06:05:31,879 [RatisPipelineUtilsThread - 0] INFO  pipeline.RatisPipelineProvider (RatisPipelineProvider.java:lambda$create$0(183)) - Sending CreatePipelineCommand for pipeline:PipelineID=11f238a1-a81c-4d19-9df2-c5477e2a5dab to datanode:fd6d4eb7-d4eb-4c85-951f-7fa23d5c4e33
2021-10-12 06:05:31,880 [RatisPipelineUtilsThread - 0] INFO  pipeline.RatisPipelineProvider (RatisPipelineProvider.java:lambda$create$0(183)) - Sending CreatePipelineCommand for pipeline:PipelineID=11f238a1-a81c-4d19-9df2-c5477e2a5dab to datanode:fdd2c237-e414-4605-b3b4-833d5e073368
2021-10-12 06:05:31,880 [RatisPipelineUtilsThread - 0] INFO  pipeline.PipelineStateManagerImpl (PipelineStateManagerImpl.java:addPipeline(101)) - Created pipeline Pipeline[ Id: 11f238a1-a81c-4d19-9df2-c5477e2a5dab, Nodes: 1a275f92-aa29-4e99-8b54-16510abadaea{ip: 10.1.0.59, host: fv-az297-361.nmf1rxwemy4u5di1sxxf4ejcwb.jx.internal.cloudapp.net, ports: [REPLICATION=44151, RATIS=35911, RATIS_ADMIN=35911, RATIS_SERVER=35911, STANDALONE=45949], networkLocation: /default-rack, certSerialId: null, persistedOpState: IN_SERVICE, persistedOpStateExpiryEpochSec: 0}fd6d4eb7-d4eb-4c85-951f-7fa23d5c4e33{ip: 10.1.0.59, host: fv-az297-361.nmf1rxwemy4u5di1sxxf4ejcwb.jx.internal.cloudapp.net, ports: [REPLICATION=36033, RATIS=37125, RATIS_ADMIN=37125, RATIS_SERVER=37125, STANDALONE=44425], networkLocation: /default-rack, certSerialId: null, persistedOpState: IN_SERVICE, persistedOpStateExpiryEpochSec: 0}fdd2c237-e414-4605-b3b4-833d5e073368{ip: 10.1.0.59, host: fv-az297-361.nmf1rxwemy4u5di1sxxf4ejcwb.jx.internal.cloudapp.net, ports: [REPLICATION=33853, RATIS=38743, RATIS_ADMIN=38743, RATIS_SERVER=38743, STANDALONE=36483], networkLocation: /default-rack, certSerialId: null, persistedOpState: IN_SERVICE, persistedOpStateExpiryEpochSec: 0}, ReplicationConfig: RATIS/THREE, State:ALLOCATED, leaderId:, CreationTimestamp2021-10-12T06:05:31.879Z[Etc/UTC]].
2021-10-12 06:05:31,880 [RatisPipelineUtilsThread - 0] INFO  pipeline.PipelineManagerImpl (PipelineManagerImpl.java:recordMetricsForPipeline(613)) - Pipeline: PipelineID=11f238a1-a81c-4d19-9df2-c5477e2a5dab contains same datanodes as previous pipelines: PipelineID=329bb935-cfae-4e84-a629-c2c9de719baf nodeIds: 1a275f92-aa29-4e99-8b54-16510abadaea, fd6d4eb7-d4eb-4c85-951f-7fa23d5c4e33, fdd2c237-e414-4605-b3b4-833d5e073368
2021-10-12 06:05:31,880 [RatisPipelineUtilsThread - 0] INFO  pipeline.PipelineManagerImpl (PipelineManagerImpl.java:recordMetricsForPipeline(613)) - Pipeline: PipelineID=11f238a1-a81c-4d19-9df2-c5477e2a5dab contains same datanodes as previous pipelines: PipelineID=0347fa64-7ac4-4e26-893b-280cf83c0957 nodeIds: 1a275f92-aa29-4e99-8b54-16510abadaea, fd6d4eb7-d4eb-4c85-951f-7fa23d5c4e33, fdd2c237-e414-4605-b3b4-833d5e073368
2021-10-12 06:05:32,209 [Command processor thread] INFO  server.RaftServer (RaftServerProxy.java:addNew(95)) - 69929a81-75b5-4e59-a9cb-c7e6f0fb6fd6: addNew group-6FE44C8B7884:[69929a81-75b5-4e59-a9cb-c7e6f0fb6fd6|rpc:10.1.0.59:40555|priority:1] returns group-6FE44C8B7884:java.util.concurrent.CompletableFuture@5a54a8a6[Not completed]
2021-10-12 06:05:32,229 [pool-524-thread-1] INFO  server.RaftServer$Division (RaftServerImpl.java:<init>(181)) - 69929a81-75b5-4e59-a9cb-c7e6f0fb6fd6: new RaftServerImpl for group-6FE44C8B7884:[69929a81-75b5-4e59-a9cb-c7e6f0fb6fd6|rpc:10.1.0.59:40555|priority:1] with ContainerStateMachine:uninitialized
2021-10-12 06:05:32,243 [pool-524-thread-1] INFO  server.RaftServerConfigKeys (ConfUtils.java:logGet(44)) - raft.server.rpc.timeout.min = 5s (custom)
2021-10-12 06:05:32,243 [pool-524-thread-1] INFO  server.RaftServerConfigKeys (ConfUtils.java:logGet(44)) - raft.server.rpc.timeout.max = 5200ms (custom)
2021-10-12 06:05:32,243 [pool-524-thread-1] INFO  server.RaftServerConfigKeys (ConfUtils.java:logGet(44)) - raft.server.rpc.sleep.time = 25ms (default)
2021-10-12 06:05:32,243 [pool-524-thread-1] INFO  server.RaftServerConfigKeys (ConfUtils.java:logGet(44)) - raft.server.rpc.slowness.timeout = 300000ms (custom)
2021-10-12 06:05:32,243 [pool-524-thread-1] INFO  server.RaftServerConfigKeys (ConfUtils.java:logGet(44)) - raft.server.leaderelection.leader.step-down.wait-time = 10s (default)
2021-10-12 06:05:32,243 [pool-524-thread-1] INFO  server.RaftServerConfigKeys (ConfUtils.java:logGet(44)) - raft.server.sleep.deviation.threshold = 300ms (default)
2021-10-12 06:05:32,243 [pool-524-thread-1] INFO  server.RaftServerConfigKeys (ConfUtils.java:logGet(44)) - raft.server.log.appender.install.snapshot.enabled = false (custom)
2021-10-12 06:05:32,243 [pool-524-thread-1] INFO  server.RaftServer$Division (ServerState.java:<init>(105)) - 69929a81-75b5-4e59-a9cb-c7e6f0fb6fd6@group-6FE44C8B7884: ConfigurationManager, init=-1: [69929a81-75b5-4e59-a9cb-c7e6f0fb6fd6|rpc:10.1.0.59:40555|priority:1], old=null, confs=<EMPTY_MAP>
2021-10-12 06:05:32,243 [pool-524-thread-1] INFO  server.RaftServerConfigKeys (ConfUtils.java:logGet(44)) - raft.server.storage.dir = [/home/runner/work/ozone/ozone/hadoop-ozone/integration-test/target/test-dir/MiniOzoneClusterImpl-c6dc50ab-6fac-4554-b78d-9440f3e38bfb/datanode-0/data/ratis] (custom)
2021-10-12 06:05:32,244 [pool-524-thread-1] INFO  server.RaftServerConfigKeys (ConfUtils.java:logGet(44)) - raft.server.log.corruption.policy = EXCEPTION (default)
2021-10-12 06:05:32,244 [pool-524-thread-1] INFO  server.RaftServerConfigKeys (ConfUtils.java:logGet(44)) - raft.server.storage.free-space.min = 0MB (=0) (default)
2021-10-12 06:05:32,244 [pool-524-thread-1] INFO  storage.RaftStorageDirectory (RaftStorageDirectoryImpl.java:analyzeStorage(135)) - The storage directory /home/runner/work/ozone/ozone/hadoop-ozone/integration-test/target/test-dir/MiniOzoneClusterImpl-c6dc50ab-6fac-4554-b78d-9440f3e38bfb/datanode-0/data/ratis/4849bb7a-8d21-4c61-9174-6fe44c8b7884 does not exist. Creating ...
2021-10-12 06:05:32,245 [pool-524-thread-1] INFO  storage.RaftStorageDirectory (RaftStorageDirectoryImpl.java:tryLock(230)) - Lock on /home/runner/work/ozone/ozone/hadoop-ozone/integration-test/target/test-dir/MiniOzoneClusterImpl-c6dc50ab-6fac-4554-b78d-9440f3e38bfb/datanode-0/data/ratis/4849bb7a-8d21-4c61-9174-6fe44c8b7884/in_use.lock acquired by nodename 8742@fv-az297-361
2021-10-12 06:05:32,247 [pool-524-thread-1] INFO  storage.RaftStorage (RaftStorageImpl.java:format(89)) - Storage directory /home/runner/work/ozone/ozone/hadoop-ozone/integration-test/target/test-dir/MiniOzoneClusterImpl-c6dc50ab-6fac-4554-b78d-9440f3e38bfb/datanode-0/data/ratis/4849bb7a-8d21-4c61-9174-6fe44c8b7884 has been successfully formatted.
2021-10-12 06:05:32,261 [pool-524-thread-1] INFO  ratis.ContainerStateMachine (ContainerStateMachine.java:loadSnapshot(224)) - group-6FE44C8B7884: The snapshot info is null. Setting the last applied indexto:(t:0, i:~)
2021-10-12 06:05:32,261 [Datanode State Machine Thread - 0] WARN  statemachine.StateContext (StateContext.java:execute(621)) - No available thread in pool for past 1 seconds.
2021-10-12 06:05:32,261 [pool-524-thread-1] INFO  server.RaftServerConfigKeys (ConfUtils.java:logGet(44)) - raft.server.notification.no-leader.timeout = 300000ms (custom)
2021-10-12 06:05:32,261 [pool-524-thread-1] INFO  server.RaftServerConfigKeys (ConfUtils.java:logGet(44)) - raft.server.log.use.memory = false (default)
2021-10-12 06:05:32,261 [pool-524-thread-1] INFO  server.RaftServerConfigKeys (ConfUtils.java:logGet(44)) - raft.server.log.purge.gap = 1000000 (custom)
2021-10-12 06:05:32,261 [pool-524-thread-1] INFO  server.RaftServerConfigKeys (ConfUtils.java:logGet(44)) - raft.server.log.appender.buffer.byte-limit = 33554432 (custom)
2021-10-12 06:05:32,261 [pool-524-thread-1] INFO  server.RaftServerConfigKeys (ConfUtils.java:logGet(44)) - raft.server.log.segment.size.max = 1048576 (custom)
2021-10-12 06:05:32,262 [pool-524-thread-1] INFO  server.RaftServerConfigKeys (ConfUtils.java:logGet(44)) - raft.server.log.segment.cache.num.max = 2 (custom)
2021-10-12 06:05:32,262 [pool-524-thread-1] INFO  server.RaftServerConfigKeys (ConfUtils.java:logGet(44)) - raft.server.log.segment.cache.size.max = 200MB (=209715200) (default)
2021-10-12 06:05:32,262 [pool-524-thread-1] INFO  segmented.SegmentedRaftLogWorker (SegmentedRaftLogWorker.java:<init>(182)) - new 69929a81-75b5-4e59-a9cb-c7e6f0fb6fd6@group-6FE44C8B7884-SegmentedRaftLogWorker for RaftStorageImpl:Storage Directory /home/runner/work/ozone/ozone/hadoop-ozone/integration-test/target/test-dir/MiniOzoneClusterImpl-c6dc50ab-6fac-4554-b78d-9440f3e38bfb/datanode-0/data/ratis/4849bb7a-8d21-4c61-9174-6fe44c8b7884
2021-10-12 06:05:32,262 [pool-524-thread-1] INFO  server.RaftServerConfigKeys (ConfUtils.java:logGet(44)) - raft.server.log.queue.byte-limit = 2147483647 (custom)
2021-10-12 06:05:32,262 [pool-524-thread-1] INFO  server.RaftServerConfigKeys (ConfUtils.java:logGet(44)) - raft.server.log.queue.element-limit = 1024 (custom)
2021-10-12 06:05:32,262 [pool-524-thread-1] INFO  server.RaftServerConfigKeys (ConfUtils.java:logGet(44)) - raft.server.log.segment.size.max = 1048576 (custom)
2021-10-12 06:05:32,262 [pool-524-thread-1] INFO  server.RaftServerConfigKeys (ConfUtils.java:logGet(44)) - raft.server.log.preallocated.size = 16384 (custom)
2021-10-12 06:05:32,262 [pool-524-thread-1] INFO  server.RaftServerConfigKeys (ConfUtils.java:logGet(44)) - raft.server.log.force.sync.num = 128 (default)
2021-10-12 06:05:32,262 [pool-524-thread-1] INFO  server.RaftServerConfigKeys (ConfUtils.java:logGet(44)) - raft.server.log.statemachine.data.sync = true (default)
2021-10-12 06:05:32,262 [pool-524-thread-1] INFO  server.RaftServerConfigKeys (ConfUtils.java:logGet(44)) - raft.server.log.statemachine.data.sync.timeout = 10s (default)
2021-10-12 06:05:32,262 [pool-524-thread-1] INFO  server.RaftServerConfigKeys (ConfUtils.java:logGet(44)) - raft.server.log.statemachine.data.sync.timeout.retry = -1 (default)
2021-10-12 06:05:32,263 [pool-524-thread-1] INFO  server.RaftServerConfigKeys (ConfUtils.java:logGet(44)) - raft.server.log.write.buffer.size = 1048576 (custom)
2021-10-12 06:05:32,264 [pool-524-thread-1] INFO  server.RaftServerConfigKeys (ConfUtils.java:logGet(44)) - raft.server.log.statemachine.data.caching.enabled = true (custom)
2021-10-12 06:05:32,264 [pool-524-thread-1] INFO  segmented.SegmentedRaftLogWorker (SegmentedRaftLogWorker.java:lambda$new$0(133)) - 69929a81-75b5-4e59-a9cb-c7e6f0fb6fd6@group-6FE44C8B7884-SegmentedRaftLogWorker: flushIndex: setUnconditionally 0 -> -1
2021-10-12 06:05:32,264 [pool-524-thread-1] INFO  segmented.SegmentedRaftLogWorker (SegmentedRaftLogWorker.java:lambda$new$0(133)) - 69929a81-75b5-4e59-a9cb-c7e6f0fb6fd6@group-6FE44C8B7884-SegmentedRaftLogWorker: safeCacheEvictIndex: setUnconditionally 0 -> -1
2021-10-12 06:05:32,265 [EventQueue-PipelineReportForPipelineReportHandler] INFO  pipeline.PipelineManagerImpl (PipelineManagerImpl.java:openPipeline(282)) - Pipeline Pipeline[ Id: 4849bb7a-8d21-4c61-9174-6fe44c8b7884, Nodes: 69929a81-75b5-4e59-a9cb-c7e6f0fb6fd6{ip: 10.1.0.59, host: fv-az297-361.nmf1rxwemy4u5di1sxxf4ejcwb.jx.internal.cloudapp.net, ports: [REPLICATION=46479, RATIS=40555, RATIS_ADMIN=40555, RATIS_SERVER=40555, STANDALONE=34613], networkLocation: /default-rack, certSerialId: null, persistedOpState: IN_SERVICE, persistedOpStateExpiryEpochSec: 0}, ReplicationConfig: RATIS/ONE, State:ALLOCATED, leaderId:69929a81-75b5-4e59-a9cb-c7e6f0fb6fd6, CreationTimestamp2021-10-12T06:05:29.229Z[Etc/UTC]] moved to OPEN state
2021-10-12 06:05:32,274 [pool-524-thread-1] INFO  server.RaftServerConfigKeys (ConfUtils.java:logGet(44)) - raft.server.snapshot.auto.trigger.enabled = true (custom)
2021-10-12 06:05:32,274 [pool-524-thread-1] INFO  server.RaftServerConfigKeys (ConfUtils.java:logGet(44)) - raft.server.snapshot.auto.trigger.threshold = 10000 (custom)
2021-10-12 06:05:32,274 [pool-524-thread-1] INFO  server.RaftServerConfigKeys (ConfUtils.java:logGet(44)) - raft.server.snapshot.retention.file.num = 5 (custom)
2021-10-12 06:05:32,274 [pool-524-thread-1] INFO  server.RaftServerConfigKeys (ConfUtils.java:logGet(44)) - raft.server.log.purge.upto.snapshot.index = false (default)
2021-10-12 06:05:32,274 [pool-524-thread-1] INFO  server.RaftServerConfigKeys (ConfUtils.java:logGet(44)) - raft.server.retrycache.expirytime = 600000ms (custom)
2021-10-12 06:05:32,274 [pool-524-thread-1] INFO  server.RaftServerConfigKeys (ConfUtils.java:logGet(44)) - raft.server.retrycache.statistics.expirytime = 100μs (default)
2021-10-12 06:05:32,275 [pool-524-thread-1] INFO  server.RaftServer$Division (RaftServerImpl.java:start(296)) - 69929a81-75b5-4e59-a9cb-c7e6f0fb6fd6@group-6FE44C8B7884: start as a follower, conf=-1: [69929a81-75b5-4e59-a9cb-c7e6f0fb6fd6|rpc:10.1.0.59:40555|priority:1], old=null
2021-10-12 06:05:32,275 [pool-524-thread-1] INFO  server.RaftServer$Division (RaftServerImpl.java:setRole(285)) - 69929a81-75b5-4e59-a9cb-c7e6f0fb6fd6@group-6FE44C8B7884: changes role from      null to FOLLOWER at term 0 for startAsFollower
2021-10-12 06:05:32,275 [pool-524-thread-1] INFO  impl.RoleInfo (RoleInfo.java:updateAndGet(130)) - 69929a81-75b5-4e59-a9cb-c7e6f0fb6fd6: start 69929a81-75b5-4e59-a9cb-c7e6f0fb6fd6@group-6FE44C8B7884-FollowerState
2021-10-12 06:05:32,290 [pool-524-thread-1] INFO  util.JmxRegister (JmxRegister.java:tryRegister(44)) - Successfully registered JMX Bean with object name Ratis:service=RaftServer,group=group-6FE44C8B7884,id=69929a81-75b5-4e59-a9cb-c7e6f0fb6fd6
2021-10-12 06:05:32,306 [Command processor thread] INFO  ratis.XceiverServerRatis (XceiverServerRatis.java:addGroup(763)) - Created group PipelineID=4849bb7a-8d21-4c61-9174-6fe44c8b7884
2021-10-12 06:05:32,306 [Command processor thread] INFO  commandhandler.CreatePipelineCommandHandler (CreatePipelineCommandHandler.java:handle(106)) - Created Pipeline RATIS ONE PipelineID=4849bb7a-8d21-4c61-9174-6fe44c8b7884.
2021-10-12 06:05:32,306 [Command processor thread] INFO  server.RaftServer (RaftServerProxy.java:addNew(95)) - 69929a81-75b5-4e59-a9cb-c7e6f0fb6fd6: addNew group-AB0AE3F98C36:[69929a81-75b5-4e59-a9cb-c7e6f0fb6fd6|rpc:10.1.0.59:40555|priority:0, a928fc34-d4b3-4f47-b859-83818f25ed6e|rpc:10.1.0.59:35709|priority:1, f6edce37-208d-40f1-ab7e-323414b00593|rpc:10.1.0.59:35829|priority:0] returns group-AB0AE3F98C36:java.util.concurrent.CompletableFuture@5e6b3734[Not completed]
2021-10-12 06:05:32,306 [pool-524-thread-1] INFO  server.RaftServer$Division (RaftServerImpl.java:<init>(181)) - 69929a81-75b5-4e59-a9cb-c7e6f0fb6fd6: new RaftServerImpl for group-AB0AE3F98C36:[69929a81-75b5-4e59-a9cb-c7e6f0fb6fd6|rpc:10.1.0.59:40555|priority:0, a928fc34-d4b3-4f47-b859-83818f25ed6e|rpc:10.1.0.59:35709|priority:1, f6edce37-208d-40f1-ab7e-323414b00593|rpc:10.1.0.59:35829|priority:0] with ContainerStateMachine:uninitialized
2021-10-12 06:05:32,307 [pool-524-thread-1] INFO  server.RaftServerConfigKeys (ConfUtils.java:logGet(44)) - raft.server.rpc.timeout.min = 5s (custom)
2021-10-12 06:05:32,307 [pool-524-thread-1] INFO  server.RaftServerConfigKeys (ConfUtils.java:logGet(44)) - raft.server.rpc.timeout.max = 5200ms (custom)
2021-10-12 06:05:32,307 [pool-524-thread-1] INFO  server.RaftServerConfigKeys (ConfUtils.java:logGet(44)) - raft.server.rpc.sleep.time = 25ms (default)
2021-10-12 06:05:32,307 [pool-524-thread-1] INFO  server.RaftServerConfigKeys (ConfUtils.java:logGet(44)) - raft.server.rpc.slowness.timeout = 300000ms (custom)
2021-10-12 06:05:32,307 [pool-524-thread-1] INFO  server.RaftServerConfigKeys (ConfUtils.java:logGet(44)) - raft.server.leaderelection.leader.step-down.wait-time = 10s (default)
2021-10-12 06:05:32,307 [pool-524-thread-1] INFO  server.RaftServerConfigKeys (ConfUtils.java:logGet(44)) - raft.server.sleep.deviation.threshold = 300ms (default)
2021-10-12 06:05:32,307 [pool-524-thread-1] INFO  server.RaftServerConfigKeys (ConfUtils.java:logGet(44)) - raft.server.log.appender.install.snapshot.enabled = false (custom)
2021-10-12 06:05:32,307 [pool-524-thread-1] INFO  server.RaftServer$Division (ServerState.java:<init>(105)) - 69929a81-75b5-4e59-a9cb-c7e6f0fb6fd6@group-AB0AE3F98C36: ConfigurationManager, init=-1: [69929a81-75b5-4e59-a9cb-c7e6f0fb6fd6|rpc:10.1.0.59:40555|priority:0, a928fc34-d4b3-4f47-b859-83818f25ed6e|rpc:10.1.0.59:35709|priority:1, f6edce37-208d-40f1-ab7e-323414b00593|rpc:10.1.0.59:35829|priority:0], old=null, confs=<EMPTY_MAP>
2021-10-12 06:05:32,307 [pool-524-thread-1] INFO  server.RaftServerConfigKeys (ConfUtils.java:logGet(44)) - raft.server.storage.dir = [/home/runner/work/ozone/ozone/hadoop-ozone/integration-test/target/test-dir/MiniOzoneClusterImpl-c6dc50ab-6fac-4554-b78d-9440f3e38bfb/datanode-0/data/ratis] (custom)
2021-10-12 06:05:32,307 [pool-524-thread-1] INFO  server.RaftServerConfigKeys (ConfUtils.java:logGet(44)) - raft.server.log.corruption.policy = EXCEPTION (default)
2021-10-12 06:05:32,307 [pool-524-thread-1] INFO  server.RaftServerConfigKeys (ConfUtils.java:logGet(44)) - raft.server.storage.free-space.min = 0MB (=0) (default)
2021-10-12 06:05:32,307 [pool-524-thread-1] INFO  storage.RaftStorageDirectory (RaftStorageDirectoryImpl.java:analyzeStorage(135)) - The storage directory /home/runner/work/ozone/ozone/hadoop-ozone/integration-test/target/test-dir/MiniOzoneClusterImpl-c6dc50ab-6fac-4554-b78d-9440f3e38bfb/datanode-0/data/ratis/24fc6951-c623-41b7-8dc3-ab0ae3f98c36 does not exist. Creating ...
2021-10-12 06:05:32,309 [pool-524-thread-1] INFO  storage.RaftStorageDirectory (RaftStorageDirectoryImpl.java:tryLock(230)) - Lock on /home/runner/work/ozone/ozone/hadoop-ozone/integration-test/target/test-dir/MiniOzoneClusterImpl-c6dc50ab-6fac-4554-b78d-9440f3e38bfb/datanode-0/data/ratis/24fc6951-c623-41b7-8dc3-ab0ae3f98c36/in_use.lock acquired by nodename 8742@fv-az297-361
2021-10-12 06:05:32,314 [pool-524-thread-1] INFO  storage.RaftStorage (RaftStorageImpl.java:format(89)) - Storage directory /home/runner/work/ozone/ozone/hadoop-ozone/integration-test/target/test-dir/MiniOzoneClusterImpl-c6dc50ab-6fac-4554-b78d-9440f3e38bfb/datanode-0/data/ratis/24fc6951-c623-41b7-8dc3-ab0ae3f98c36 has been successfully formatted.
2021-10-12 06:05:32,355 [pool-524-thread-1] INFO  ratis.ContainerStateMachine (ContainerStateMachine.java:loadSnapshot(224)) - group-AB0AE3F98C36: The snapshot info is null. Setting the last applied indexto:(t:0, i:~)
2021-10-12 06:05:32,355 [pool-524-thread-1] INFO  server.RaftServerConfigKeys (ConfUtils.java:logGet(44)) - raft.server.notification.no-leader.timeout = 300000ms (custom)
2021-10-12 06:05:32,355 [pool-524-thread-1] INFO  server.RaftServerConfigKeys (ConfUtils.java:logGet(44)) - raft.server.log.use.memory = false (default)
2021-10-12 06:05:32,355 [pool-524-thread-1] INFO  server.RaftServerConfigKeys (ConfUtils.java:logGet(44)) - raft.server.log.purge.gap = 1000000 (custom)
2021-10-12 06:05:32,355 [pool-524-thread-1] INFO  server.RaftServerConfigKeys (ConfUtils.java:logGet(44)) - raft.server.log.appender.buffer.byte-limit = 33554432 (custom)
2021-10-12 06:05:32,356 [pool-524-thread-1] INFO  server.RaftServerConfigKeys (ConfUtils.java:logGet(44)) - raft.server.log.segment.size.max = 1048576 (custom)
2021-10-12 06:05:32,356 [pool-524-thread-1] INFO  server.RaftServerConfigKeys (ConfUtils.java:logGet(44)) - raft.server.log.segment.cache.num.max = 2 (custom)
2021-10-12 06:05:32,356 [pool-524-thread-1] INFO  server.RaftServerConfigKeys (ConfUtils.java:logGet(44)) - raft.server.log.segment.cache.size.max = 200MB (=209715200) (default)
2021-10-12 06:05:32,356 [pool-524-thread-1] INFO  segmented.SegmentedRaftLogWorker (SegmentedRaftLogWorker.java:<init>(182)) - new 69929a81-75b5-4e59-a9cb-c7e6f0fb6fd6@group-AB0AE3F98C36-SegmentedRaftLogWorker for RaftStorageImpl:Storage Directory /home/runner/work/ozone/ozone/hadoop-ozone/integration-test/target/test-dir/MiniOzoneClusterImpl-c6dc50ab-6fac-4554-b78d-9440f3e38bfb/datanode-0/data/ratis/24fc6951-c623-41b7-8dc3-ab0ae3f98c36
2021-10-12 06:05:32,356 [pool-524-thread-1] INFO  server.RaftServerConfigKeys (ConfUtils.java:logGet(44)) - raft.server.log.queue.byte-limit = 2147483647 (custom)
2021-10-12 06:05:32,356 [pool-524-thread-1] INFO  server.RaftServerConfigKeys (ConfUtils.java:logGet(44)) - raft.server.log.queue.element-limit = 1024 (custom)
2021-10-12 06:05:32,356 [pool-524-thread-1] INFO  server.RaftServerConfigKeys (ConfUtils.java:logGet(44)) - raft.server.log.segment.size.max = 1048576 (custom)
2021-10-12 06:05:32,356 [pool-524-thread-1] INFO  server.RaftServerConfigKeys (ConfUtils.java:logGet(44)) - raft.server.log.preallocated.size = 16384 (custom)
2021-10-12 06:05:32,356 [pool-524-thread-1] INFO  server.RaftServerConfigKeys (ConfUtils.java:logGet(44)) - raft.server.log.force.sync.num = 128 (default)
2021-10-12 06:05:32,356 [pool-524-thread-1] INFO  server.RaftServerConfigKeys (ConfUtils.java:logGet(44)) - raft.server.log.statemachine.data.sync = true (default)
2021-10-12 06:05:32,356 [pool-524-thread-1] INFO  server.RaftServerConfigKeys (ConfUtils.java:logGet(44)) - raft.server.log.statemachine.data.sync.timeout = 10s (default)
2021-10-12 06:05:32,356 [pool-524-thread-1] INFO  server.RaftServerConfigKeys (ConfUtils.java:logGet(44)) - raft.server.log.statemachine.data.sync.timeout.retry = -1 (default)
2021-10-12 06:05:32,357 [pool-524-thread-1] INFO  server.RaftServerConfigKeys (ConfUtils.java:logGet(44)) - raft.server.log.write.buffer.size = 1048576 (custom)
2021-10-12 06:05:32,358 [EventQueue-OpenPipelineForHealthyPipelineSafeModeRule] INFO  safemode.SCMSafeModeManager (HealthyPipelineSafeModeRule.java:process(124)) - SCM in safe mode. Healthy pipelines reported count is 0, required healthy pipeline reported count is 1
2021-10-12 06:05:32,358 [pool-524-thread-1] INFO  server.RaftServerConfigKeys (ConfUtils.java:logGet(44)) - raft.server.log.statemachine.data.caching.enabled = true (custom)
2021-10-12 06:05:32,359 [EventQueue-OpenPipelineForHealthyPipelineSafeModeRule] INFO  safemode.SCMSafeModeManager (HealthyPipelineSafeModeRule.java:process(124)) - SCM in safe mode. Healthy pipelines reported count is 0, required healthy pipeline reported count is 1
2021-10-12 06:05:32,359 [pool-524-thread-1] INFO  segmented.SegmentedRaftLogWorker (SegmentedRaftLogWorker.java:lambda$new$0(133)) - 69929a81-75b5-4e59-a9cb-c7e6f0fb6fd6@group-AB0AE3F98C36-SegmentedRaftLogWorker: flushIndex: setUnconditionally 0 -> -1
2021-10-12 06:05:32,359 [pool-524-thread-1] INFO  segmented.SegmentedRaftLogWorker (SegmentedRaftLogWorker.java:lambda$new$0(133)) - 69929a81-75b5-4e59-a9cb-c7e6f0fb6fd6@group-AB0AE3F98C36-SegmentedRaftLogWorker: safeCacheEvictIndex: setUnconditionally 0 -> -1
2021-10-12 06:05:32,372 [pool-524-thread-1] INFO  server.RaftServerConfigKeys (ConfUtils.java:logGet(44)) - raft.server.snapshot.auto.trigger.enabled = true (custom)
2021-10-12 06:05:32,372 [pool-524-thread-1] INFO  server.RaftServerConfigKeys (ConfUtils.java:logGet(44)) - raft.server.snapshot.auto.trigger.threshold = 10000 (custom)
2021-10-12 06:05:32,372 [pool-524-thread-1] INFO  server.RaftServerConfigKeys (ConfUtils.java:logGet(44)) - raft.server.snapshot.retention.file.num = 5 (custom)
2021-10-12 06:05:32,372 [pool-524-thread-1] INFO  server.RaftServerConfigKeys (ConfUtils.java:logGet(44)) - raft.server.log.purge.upto.snapshot.index = false (default)
2021-10-12 06:05:32,372 [pool-524-thread-1] INFO  server.RaftServerConfigKeys (ConfUtils.java:logGet(44)) - raft.server.retrycache.expirytime = 600000ms (custom)
2021-10-12 06:05:32,372 [pool-524-thread-1] INFO  server.RaftServerConfigKeys (ConfUtils.java:logGet(44)) - raft.server.retrycache.statistics.expirytime = 100μs (default)
2021-10-12 06:05:32,373 [pool-524-thread-1] INFO  server.RaftServer$Division (RaftServerImpl.java:start(296)) - 69929a81-75b5-4e59-a9cb-c7e6f0fb6fd6@group-AB0AE3F98C36: start as a follower, conf=-1: [69929a81-75b5-4e59-a9cb-c7e6f0fb6fd6|rpc:10.1.0.59:40555|priority:0, a928fc34-d4b3-4f47-b859-83818f25ed6e|rpc:10.1.0.59:35709|priority:1, f6edce37-208d-40f1-ab7e-323414b00593|rpc:10.1.0.59:35829|priority:0], old=null
2021-10-12 06:05:32,373 [pool-524-thread-1] INFO  server.RaftServer$Division (RaftServerImpl.java:setRole(285)) - 69929a81-75b5-4e59-a9cb-c7e6f0fb6fd6@group-AB0AE3F98C36: changes role from      null to FOLLOWER at term 0 for startAsFollower
2021-10-12 06:05:32,373 [pool-524-thread-1] INFO  impl.RoleInfo (RoleInfo.java:updateAndGet(130)) - 69929a81-75b5-4e59-a9cb-c7e6f0fb6fd6: start 69929a81-75b5-4e59-a9cb-c7e6f0fb6fd6@group-AB0AE3F98C36-FollowerState
2021-10-12 06:05:32,373 [Listener at 127.0.0.1/38829] INFO  ozone.MiniOzoneClusterImpl (MiniOzoneClusterImpl.java:lambda$waitForClusterToBeReady$0(235)) - Waiting for nodes to be ready. Got 6 of 7 DN Heartbeats.
2021-10-12 06:05:32,373 [Listener at 127.0.0.1/38829] INFO  ozone.MiniOzoneClusterImpl (MiniOzoneClusterImpl.java:lambda$waitForClusterToBeReady$0(238)) - Waiting for cluster to exit safe mode
2021-10-12 06:05:32,374 [Listener at 127.0.0.1/38829] INFO  ozone.MiniOzoneClusterImpl (MiniOzoneClusterImpl.java:lambda$waitForClusterToBeReady$0(240)) - SCM became leader
2021-10-12 06:05:32,377 [pool-524-thread-1] INFO  util.JmxRegister (JmxRegister.java:tryRegister(44)) - Successfully registered JMX Bean with object name Ratis:service=RaftServer,group=group-AB0AE3F98C36,id=69929a81-75b5-4e59-a9cb-c7e6f0fb6fd6
2021-10-12 06:05:32,382 [Command processor thread] INFO  ratis.XceiverServerRatis (XceiverServerRatis.java:addGroup(763)) - Created group PipelineID=24fc6951-c623-41b7-8dc3-ab0ae3f98c36
2021-10-12 06:05:32,445 [grpc-default-executor-1] INFO  server.RaftServer (RaftServerProxy.java:addNew(95)) - f6edce37-208d-40f1-ab7e-323414b00593: addNew group-AB0AE3F98C36:[69929a81-75b5-4e59-a9cb-c7e6f0fb6fd6|rpc:10.1.0.59:40555|dataStream:|priority:0, a928fc34-d4b3-4f47-b859-83818f25ed6e|rpc:10.1.0.59:35709|dataStream:|priority:1, f6edce37-208d-40f1-ab7e-323414b00593|rpc:10.1.0.59:35829|dataStream:|priority:0] returns group-AB0AE3F98C36:java.util.concurrent.CompletableFuture@8dc7876[Not completed]
2021-10-12 06:05:32,463 [pool-543-thread-1] INFO  server.RaftServer$Division (RaftServerImpl.java:<init>(181)) - f6edce37-208d-40f1-ab7e-323414b00593: new RaftServerImpl for group-AB0AE3F98C36:[69929a81-75b5-4e59-a9cb-c7e6f0fb6fd6|rpc:10.1.0.59:40555|dataStream:|priority:0, a928fc34-d4b3-4f47-b859-83818f25ed6e|rpc:10.1.0.59:35709|dataStream:|priority:1, f6edce37-208d-40f1-ab7e-323414b00593|rpc:10.1.0.59:35829|dataStream:|priority:0] with ContainerStateMachine:uninitialized
2021-10-12 06:05:32,463 [pool-543-thread-1] INFO  server.RaftServerConfigKeys (ConfUtils.java:logGet(44)) - raft.server.rpc.timeout.min = 5s (custom)
2021-10-12 06:05:32,463 [pool-543-thread-1] INFO  server.RaftServerConfigKeys (ConfUtils.java:logGet(44)) - raft.server.rpc.timeout.max = 5200ms (custom)
2021-10-12 06:05:32,463 [pool-543-thread-1] INFO  server.RaftServerConfigKeys (ConfUtils.java:logGet(44)) - raft.server.rpc.sleep.time = 25ms (default)
2021-10-12 06:05:32,463 [pool-543-thread-1] INFO  server.RaftServerConfigKeys (ConfUtils.java:logGet(44)) - raft.server.rpc.slowness.timeout = 300000ms (custom)
2021-10-12 06:05:32,463 [pool-543-thread-1] INFO  server.RaftServerConfigKeys (ConfUtils.java:logGet(44)) - raft.server.leaderelection.leader.step-down.wait-time = 10s (default)
2021-10-12 06:05:32,463 [pool-543-thread-1] INFO  server.RaftServerConfigKeys (ConfUtils.java:logGet(44)) - raft.server.sleep.deviation.threshold = 300ms (default)
2021-10-12 06:05:32,463 [pool-543-thread-1] INFO  server.RaftServerConfigKeys (ConfUtils.java:logGet(44)) - raft.server.log.appender.install.snapshot.enabled = false (custom)
2021-10-12 06:05:32,464 [pool-543-thread-1] INFO  server.RaftServer$Division (ServerState.java:<init>(105)) - f6edce37-208d-40f1-ab7e-323414b00593@group-AB0AE3F98C36: ConfigurationManager, init=-1: [69929a81-75b5-4e59-a9cb-c7e6f0fb6fd6|rpc:10.1.0.59:40555|dataStream:|priority:0, a928fc34-d4b3-4f47-b859-83818f25ed6e|rpc:10.1.0.59:35709|dataStream:|priority:1, f6edce37-208d-40f1-ab7e-323414b00593|rpc:10.1.0.59:35829|dataStream:|priority:0], old=null, confs=<EMPTY_MAP>
2021-10-12 06:05:32,464 [pool-543-thread-1] INFO  server.RaftServerConfigKeys (ConfUtils.java:logGet(44)) - raft.server.storage.dir = [/home/runner/work/ozone/ozone/hadoop-ozone/integration-test/target/test-dir/MiniOzoneClusterImpl-c6dc50ab-6fac-4554-b78d-9440f3e38bfb/datanode-1/data/ratis] (custom)
2021-10-12 06:05:32,464 [pool-543-thread-1] INFO  server.RaftServerConfigKeys (ConfUtils.java:logGet(44)) - raft.server.log.corruption.policy = EXCEPTION (default)
2021-10-12 06:05:32,464 [pool-543-thread-1] INFO  server.RaftServerConfigKeys (ConfUtils.java:logGet(44)) - raft.server.storage.free-space.min = 0MB (=0) (default)
2021-10-12 06:05:32,464 [pool-543-thread-1] INFO  storage.RaftStorageDirectory (RaftStorageDirectoryImpl.java:analyzeStorage(135)) - The storage directory /home/runner/work/ozone/ozone/hadoop-ozone/integration-test/target/test-dir/MiniOzoneClusterImpl-c6dc50ab-6fac-4554-b78d-9440f3e38bfb/datanode-1/data/ratis/24fc6951-c623-41b7-8dc3-ab0ae3f98c36 does not exist. Creating ...
2021-10-12 06:05:32,490 [pool-543-thread-1] INFO  storage.RaftStorageDirectory (RaftStorageDirectoryImpl.java:tryLock(230)) - Lock on /home/runner/work/ozone/ozone/hadoop-ozone/integration-test/target/test-dir/MiniOzoneClusterImpl-c6dc50ab-6fac-4554-b78d-9440f3e38bfb/datanode-1/data/ratis/24fc6951-c623-41b7-8dc3-ab0ae3f98c36/in_use.lock acquired by nodename 8742@fv-az297-361
2021-10-12 06:05:32,502 [pool-543-thread-1] INFO  storage.RaftStorage (RaftStorageImpl.java:format(89)) - Storage directory /home/runner/work/ozone/ozone/hadoop-ozone/integration-test/target/test-dir/MiniOzoneClusterImpl-c6dc50ab-6fac-4554-b78d-9440f3e38bfb/datanode-1/data/ratis/24fc6951-c623-41b7-8dc3-ab0ae3f98c36 has been successfully formatted.
2021-10-12 06:05:32,514 [pool-543-thread-1] INFO  ratis.ContainerStateMachine (ContainerStateMachine.java:loadSnapshot(224)) - group-AB0AE3F98C36: The snapshot info is null. Setting the last applied indexto:(t:0, i:~)
2021-10-12 06:05:32,514 [pool-543-thread-1] INFO  server.RaftServerConfigKeys (ConfUtils.java:logGet(44)) - raft.server.notification.no-leader.timeout = 300000ms (custom)
2021-10-12 06:05:32,514 [pool-543-thread-1] INFO  server.RaftServerConfigKeys (ConfUtils.java:logGet(44)) - raft.server.log.use.memory = false (default)
2021-10-12 06:05:32,514 [pool-543-thread-1] INFO  server.RaftServerConfigKeys (ConfUtils.java:logGet(44)) - raft.server.log.purge.gap = 1000000 (custom)
2021-10-12 06:05:32,514 [pool-543-thread-1] INFO  server.RaftServerConfigKeys (ConfUtils.java:logGet(44)) - raft.server.log.appender.buffer.byte-limit = 33554432 (custom)
2021-10-12 06:05:32,514 [pool-543-thread-1] INFO  server.RaftServerConfigKeys (ConfUtils.java:logGet(44)) - raft.server.log.segment.size.max = 1048576 (custom)
2021-10-12 06:05:32,515 [pool-543-thread-1] INFO  server.RaftServerConfigKeys (ConfUtils.java:logGet(44)) - raft.server.log.segment.cache.num.max = 2 (custom)
2021-10-12 06:05:32,515 [pool-543-thread-1] INFO  server.RaftServerConfigKeys (ConfUtils.java:logGet(44)) - raft.server.log.segment.cache.size.max = 200MB (=209715200) (default)
2021-10-12 06:05:32,515 [pool-543-thread-1] INFO  segmented.SegmentedRaftLogWorker (SegmentedRaftLogWorker.java:<init>(182)) - new f6edce37-208d-40f1-ab7e-323414b00593@group-AB0AE3F98C36-SegmentedRaftLogWorker for RaftStorageImpl:Storage Directory /home/runner/work/ozone/ozone/hadoop-ozone/integration-test/target/test-dir/MiniOzoneClusterImpl-c6dc50ab-6fac-4554-b78d-9440f3e38bfb/datanode-1/data/ratis/24fc6951-c623-41b7-8dc3-ab0ae3f98c36
2021-10-12 06:05:32,515 [pool-543-thread-1] INFO  server.RaftServerConfigKeys (ConfUtils.java:logGet(44)) - raft.server.log.queue.byte-limit = 2147483647 (custom)
2021-10-12 06:05:32,515 [pool-543-thread-1] INFO  server.RaftServerConfigKeys (ConfUtils.java:logGet(44)) - raft.server.log.queue.element-limit = 1024 (custom)
2021-10-12 06:05:32,515 [pool-543-thread-1] INFO  server.RaftServerConfigKeys (ConfUtils.java:logGet(44)) - raft.server.log.segment.size.max = 1048576 (custom)
2021-10-12 06:05:32,515 [pool-543-thread-1] INFO  server.RaftServerConfigKeys (ConfUtils.java:logGet(44)) - raft.server.log.preallocated.size = 16384 (custom)
2021-10-12 06:05:32,515 [pool-543-thread-1] INFO  server.RaftServerConfigKeys (ConfUtils.java:logGet(44)) - raft.server.log.force.sync.num = 128 (default)
2021-10-12 06:05:32,515 [pool-543-thread-1] INFO  server.RaftServerConfigKeys (ConfUtils.java:logGet(44)) - raft.server.log.statemachine.data.sync = true (default)
2021-10-12 06:05:32,515 [pool-543-thread-1] INFO  server.RaftServerConfigKeys (ConfUtils.java:logGet(44)) - raft.server.log.statemachine.data.sync.timeout = 10s (default)
2021-10-12 06:05:32,515 [pool-543-thread-1] INFO  server.RaftServerConfigKeys (ConfUtils.java:logGet(44)) - raft.server.log.statemachine.data.sync.timeout.retry = -1 (default)
2021-10-12 06:05:32,516 [pool-543-thread-1] INFO  server.RaftServerConfigKeys (ConfUtils.java:logGet(44)) - raft.server.log.write.buffer.size = 1048576 (custom)
2021-10-12 06:05:32,517 [pool-543-thread-1] INFO  server.RaftServerConfigKeys (ConfUtils.java:logGet(44)) - raft.server.log.statemachine.data.caching.enabled = true (custom)
2021-10-12 06:05:32,517 [pool-543-thread-1] INFO  segmented.SegmentedRaftLogWorker (SegmentedRaftLogWorker.java:lambda$new$0(133)) - f6edce37-208d-40f1-ab7e-323414b00593@group-AB0AE3F98C36-SegmentedRaftLogWorker: flushIndex: setUnconditionally 0 -> -1
2021-10-12 06:05:32,517 [pool-543-thread-1] INFO  segmented.SegmentedRaftLogWorker (SegmentedRaftLogWorker.java:lambda$new$0(133)) - f6edce37-208d-40f1-ab7e-323414b00593@group-AB0AE3F98C36-SegmentedRaftLogWorker: safeCacheEvictIndex: setUnconditionally 0 -> -1
2021-10-12 06:05:32,517 [Datanode State Machine Thread - 0] WARN  statemachine.StateContext (StateContext.java:execute(621)) - No available thread in pool for past 1 seconds.
2021-10-12 06:05:32,526 [pool-543-thread-1] INFO  server.RaftServerConfigKeys (ConfUtils.java:logGet(44)) - raft.server.snapshot.auto.trigger.enabled = true (custom)
2021-10-12 06:05:32,526 [pool-543-thread-1] INFO  server.RaftServerConfigKeys (ConfUtils.java:logGet(44)) - raft.server.snapshot.auto.trigger.threshold = 10000 (custom)
2021-10-12 06:05:32,526 [pool-543-thread-1] INFO  server.RaftServerConfigKeys (ConfUtils.java:logGet(44)) - raft.server.snapshot.retention.file.num = 5 (custom)
2021-10-12 06:05:32,526 [pool-543-thread-1] INFO  server.RaftServerConfigKeys (ConfUtils.java:logGet(44)) - raft.server.log.purge.upto.snapshot.index = false (default)
2021-10-12 06:05:32,526 [pool-543-thread-1] INFO  server.RaftServerConfigKeys (ConfUtils.java:logGet(44)) - raft.server.retrycache.expirytime = 600000ms (custom)
2021-10-12 06:05:32,526 [pool-543-thread-1] INFO  server.RaftServerConfigKeys (ConfUtils.java:logGet(44)) - raft.server.retrycache.statistics.expirytime = 100μs (default)
2021-10-12 06:05:32,527 [pool-543-thread-1] INFO  server.RaftServer$Division (RaftServerImpl.java:start(296)) - f6edce37-208d-40f1-ab7e-323414b00593@group-AB0AE3F98C36: start as a follower, conf=-1: [69929a81-75b5-4e59-a9cb-c7e6f0fb6fd6|rpc:10.1.0.59:40555|dataStream:|priority:0, a928fc34-d4b3-4f47-b859-83818f25ed6e|rpc:10.1.0.59:35709|dataStream:|priority:1, f6edce37-208d-40f1-ab7e-323414b00593|rpc:10.1.0.59:35829|dataStream:|priority:0], old=null
2021-10-12 06:05:32,527 [pool-543-thread-1] INFO  server.RaftServer$Division (RaftServerImpl.java:setRole(285)) - f6edce37-208d-40f1-ab7e-323414b00593@group-AB0AE3F98C36: changes role from      null to FOLLOWER at term 0 for startAsFollower
2021-10-12 06:05:32,527 [pool-543-thread-1] INFO  impl.RoleInfo (RoleInfo.java:updateAndGet(130)) - f6edce37-208d-40f1-ab7e-323414b00593: start f6edce37-208d-40f1-ab7e-323414b00593@group-AB0AE3F98C36-FollowerState
2021-10-12 06:05:32,543 [pool-543-thread-1] INFO  util.JmxRegister (JmxRegister.java:tryRegister(44)) - Successfully registered JMX Bean with object name Ratis:service=RaftServer,group=group-AB0AE3F98C36,id=f6edce37-208d-40f1-ab7e-323414b00593
2021-10-12 06:05:32,609 [IPC Server handler 8 on default port 41079] INFO  net.NetworkTopologyImpl (NetworkTopologyImpl.java:add(112)) - Added a new node: /default-rack/8094cd77-30c2-47d7-ab82-7abee48b2f8b
2021-10-12 06:05:32,609 [IPC Server handler 8 on default port 41079] INFO  node.SCMNodeManager (SCMNodeManager.java:register(389)) - Registered Data node : 8094cd77-30c2-47d7-ab82-7abee48b2f8b{ip: 10.1.0.59, host: fv-az297-361.nmf1rxwemy4u5di1sxxf4ejcwb.jx.internal.cloudapp.net, ports: [REPLICATION=39463, RATIS=44663, RATIS_ADMIN=44663, RATIS_SERVER=44663, STANDALONE=42885], networkLocation: /default-rack, certSerialId: null, persistedOpState: null, persistedOpStateExpiryEpochSec: 0}
2021-10-12 06:05:32,609 [EventQueue-NewNodeForNewNodeHandler] INFO  pipeline.BackgroundPipelineCreator (BackgroundPipelineCreator.java:notifyEventTriggered(285)) - trigger a one-shot run on RatisPipelineUtilsThread.
2021-10-12 06:05:32,611 [RatisPipelineUtilsThread - 0] INFO  pipeline.RatisPipelineProvider (RatisPipelineProvider.java:lambda$create$0(183)) - Sending CreatePipelineCommand for pipeline:PipelineID=43352944-ce4e-4e88-a3a6-563c7752dc70 to datanode:8094cd77-30c2-47d7-ab82-7abee48b2f8b
2021-10-12 06:05:32,611 [RatisPipelineUtilsThread - 0] INFO  pipeline.PipelineStateManagerImpl (PipelineStateManagerImpl.java:addPipeline(101)) - Created pipeline Pipeline[ Id: 43352944-ce4e-4e88-a3a6-563c7752dc70, Nodes: 8094cd77-30c2-47d7-ab82-7abee48b2f8b{ip: 10.1.0.59, host: fv-az297-361.nmf1rxwemy4u5di1sxxf4ejcwb.jx.internal.cloudapp.net, ports: [REPLICATION=39463, RATIS=44663, RATIS_ADMIN=44663, RATIS_SERVER=44663, STANDALONE=42885], networkLocation: /default-rack, certSerialId: null, persistedOpState: IN_SERVICE, persistedOpStateExpiryEpochSec: 0}, ReplicationConfig: RATIS/ONE, State:ALLOCATED, leaderId:, CreationTimestamp2021-10-12T06:05:32.611Z[Etc/UTC]].
2021-10-12 06:05:32,630 [grpc-default-executor-1] INFO  server.RaftServer (RaftServerProxy.java:addNew(95)) - a928fc34-d4b3-4f47-b859-83818f25ed6e: addNew group-AB0AE3F98C36:[69929a81-75b5-4e59-a9cb-c7e6f0fb6fd6|rpc:10.1.0.59:40555|dataStream:|priority:0, a928fc34-d4b3-4f47-b859-83818f25ed6e|rpc:10.1.0.59:35709|dataStream:|priority:1, f6edce37-208d-40f1-ab7e-323414b00593|rpc:10.1.0.59:35829|dataStream:|priority:0] returns group-AB0AE3F98C36:java.util.concurrent.CompletableFuture@6c300539[Not completed]
2021-10-12 06:05:32,638 [pool-562-thread-1] INFO  server.RaftServer$Division (RaftServerImpl.java:<init>(181)) - a928fc34-d4b3-4f47-b859-83818f25ed6e: new RaftServerImpl for group-AB0AE3F98C36:[69929a81-75b5-4e59-a9cb-c7e6f0fb6fd6|rpc:10.1.0.59:40555|dataStream:|priority:0, a928fc34-d4b3-4f47-b859-83818f25ed6e|rpc:10.1.0.59:35709|dataStream:|priority:1, f6edce37-208d-40f1-ab7e-323414b00593|rpc:10.1.0.59:35829|dataStream:|priority:0] with ContainerStateMachine:uninitialized
2021-10-12 06:05:32,638 [pool-562-thread-1] INFO  server.RaftServerConfigKeys (ConfUtils.java:logGet(44)) - raft.server.rpc.timeout.min = 5s (custom)
2021-10-12 06:05:32,638 [pool-562-thread-1] INFO  server.RaftServerConfigKeys (ConfUtils.java:logGet(44)) - raft.server.rpc.timeout.max = 5200ms (custom)
2021-10-12 06:05:32,638 [pool-562-thread-1] INFO  server.RaftServerConfigKeys (ConfUtils.java:logGet(44)) - raft.server.rpc.sleep.time = 25ms (default)
2021-10-12 06:05:32,638 [pool-562-thread-1] INFO  server.RaftServerConfigKeys (ConfUtils.java:logGet(44)) - raft.server.rpc.slowness.timeout = 300000ms (custom)
2021-10-12 06:05:32,638 [pool-562-thread-1] INFO  server.RaftServerConfigKeys (ConfUtils.java:logGet(44)) - raft.server.leaderelection.leader.step-down.wait-time = 10s (default)
2021-10-12 06:05:32,638 [pool-562-thread-1] INFO  server.RaftServerConfigKeys (ConfUtils.java:logGet(44)) - raft.server.sleep.deviation.threshold = 300ms (default)
2021-10-12 06:05:32,639 [pool-562-thread-1] INFO  server.RaftServerConfigKeys (ConfUtils.java:logGet(44)) - raft.server.log.appender.install.snapshot.enabled = false (custom)
2021-10-12 06:05:32,639 [pool-562-thread-1] INFO  server.RaftServer$Division (ServerState.java:<init>(105)) - a928fc34-d4b3-4f47-b859-83818f25ed6e@group-AB0AE3F98C36: ConfigurationManager, init=-1: [69929a81-75b5-4e59-a9cb-c7e6f0fb6fd6|rpc:10.1.0.59:40555|dataStream:|priority:0, a928fc34-d4b3-4f47-b859-83818f25ed6e|rpc:10.1.0.59:35709|dataStream:|priority:1, f6edce37-208d-40f1-ab7e-323414b00593|rpc:10.1.0.59:35829|dataStream:|priority:0], old=null, confs=<EMPTY_MAP>
2021-10-12 06:05:32,639 [pool-562-thread-1] INFO  server.RaftServerConfigKeys (ConfUtils.java:logGet(44)) - raft.server.storage.dir = [/home/runner/work/ozone/ozone/hadoop-ozone/integration-test/target/test-dir/MiniOzoneClusterImpl-c6dc50ab-6fac-4554-b78d-9440f3e38bfb/datanode-2/data/ratis] (custom)
2021-10-12 06:05:32,639 [pool-562-thread-1] INFO  server.RaftServerConfigKeys (ConfUtils.java:logGet(44)) - raft.server.log.corruption.policy = EXCEPTION (default)
2021-10-12 06:05:32,639 [pool-562-thread-1] INFO  server.RaftServerConfigKeys (ConfUtils.java:logGet(44)) - raft.server.storage.free-space.min = 0MB (=0) (default)
2021-10-12 06:05:32,639 [pool-562-thread-1] INFO  storage.RaftStorageDirectory (RaftStorageDirectoryImpl.java:analyzeStorage(135)) - The storage directory /home/runner/work/ozone/ozone/hadoop-ozone/integration-test/target/test-dir/MiniOzoneClusterImpl-c6dc50ab-6fac-4554-b78d-9440f3e38bfb/datanode-2/data/ratis/24fc6951-c623-41b7-8dc3-ab0ae3f98c36 does not exist. Creating ...
2021-10-12 06:05:32,654 [pool-562-thread-1] INFO  storage.RaftStorageDirectory (RaftStorageDirectoryImpl.java:tryLock(230)) - Lock on /home/runner/work/ozone/ozone/hadoop-ozone/integration-test/target/test-dir/MiniOzoneClusterImpl-c6dc50ab-6fac-4554-b78d-9440f3e38bfb/datanode-2/data/ratis/24fc6951-c623-41b7-8dc3-ab0ae3f98c36/in_use.lock acquired by nodename 8742@fv-az297-361
2021-10-12 06:05:32,656 [pool-562-thread-1] INFO  storage.RaftStorage (RaftStorageImpl.java:format(89)) - Storage directory /home/runner/work/ozone/ozone/hadoop-ozone/integration-test/target/test-dir/MiniOzoneClusterImpl-c6dc50ab-6fac-4554-b78d-9440f3e38bfb/datanode-2/data/ratis/24fc6951-c623-41b7-8dc3-ab0ae3f98c36 has been successfully formatted.
2021-10-12 06:05:32,674 [pool-562-thread-1] INFO  ratis.ContainerStateMachine (ContainerStateMachine.java:loadSnapshot(224)) - group-AB0AE3F98C36: The snapshot info is null. Setting the last applied indexto:(t:0, i:~)
2021-10-12 06:05:32,674 [pool-562-thread-1] INFO  server.RaftServerConfigKeys (ConfUtils.java:logGet(44)) - raft.server.notification.no-leader.timeout = 300000ms (custom)
2021-10-12 06:05:32,674 [pool-562-thread-1] INFO  server.RaftServerConfigKeys (ConfUtils.java:logGet(44)) - raft.server.log.use.memory = false (default)
2021-10-12 06:05:32,674 [pool-562-thread-1] INFO  server.RaftServerConfigKeys (ConfUtils.java:logGet(44)) - raft.server.log.purge.gap = 1000000 (custom)
2021-10-12 06:05:32,674 [pool-562-thread-1] INFO  server.RaftServerConfigKeys (ConfUtils.java:logGet(44)) - raft.server.log.appender.buffer.byte-limit = 33554432 (custom)
2021-10-12 06:05:32,674 [pool-562-thread-1] INFO  server.RaftServerConfigKeys (ConfUtils.java:logGet(44)) - raft.server.log.segment.size.max = 1048576 (custom)
2021-10-12 06:05:32,675 [Datanode State Machine Thread - 0] WARN  statemachine.StateContext (StateContext.java:execute(621)) - No available thread in pool for past 1 seconds.
2021-10-12 06:05:32,677 [pool-562-thread-1] INFO  server.RaftServerConfigKeys (ConfUtils.java:logGet(44)) - raft.server.log.segment.cache.num.max = 2 (custom)
2021-10-12 06:05:32,677 [pool-562-thread-1] INFO  server.RaftServerConfigKeys (ConfUtils.java:logGet(44)) - raft.server.log.segment.cache.size.max = 200MB (=209715200) (default)
2021-10-12 06:05:32,677 [pool-562-thread-1] INFO  segmented.SegmentedRaftLogWorker (SegmentedRaftLogWorker.java:<init>(182)) - new a928fc34-d4b3-4f47-b859-83818f25ed6e@group-AB0AE3F98C36-SegmentedRaftLogWorker for RaftStorageImpl:Storage Directory /home/runner/work/ozone/ozone/hadoop-ozone/integration-test/target/test-dir/MiniOzoneClusterImpl-c6dc50ab-6fac-4554-b78d-9440f3e38bfb/datanode-2/data/ratis/24fc6951-c623-41b7-8dc3-ab0ae3f98c36
2021-10-12 06:05:32,677 [pool-562-thread-1] INFO  server.RaftServerConfigKeys (ConfUtils.java:logGet(44)) - raft.server.log.queue.byte-limit = 2147483647 (custom)
2021-10-12 06:05:32,677 [pool-562-thread-1] INFO  server.RaftServerConfigKeys (ConfUtils.java:logGet(44)) - raft.server.log.queue.element-limit = 1024 (custom)
2021-10-12 06:05:32,677 [pool-562-thread-1] INFO  server.RaftServerConfigKeys (ConfUtils.java:logGet(44)) - raft.server.log.segment.size.max = 1048576 (custom)
2021-10-12 06:05:32,677 [pool-562-thread-1] INFO  server.RaftServerConfigKeys (ConfUtils.java:logGet(44)) - raft.server.log.preallocated.size = 16384 (custom)
2021-10-12 06:05:32,678 [pool-562-thread-1] INFO  server.RaftServerConfigKeys (ConfUtils.java:logGet(44)) - raft.server.log.force.sync.num = 128 (default)
2021-10-12 06:05:32,678 [pool-562-thread-1] INFO  server.RaftServerConfigKeys (ConfUtils.java:logGet(44)) - raft.server.log.statemachine.data.sync = true (default)
2021-10-12 06:05:32,678 [pool-562-thread-1] INFO  server.RaftServerConfigKeys (ConfUtils.java:logGet(44)) - raft.server.log.statemachine.data.sync.timeout = 10s (default)
2021-10-12 06:05:32,678 [pool-562-thread-1] INFO  server.RaftServerConfigKeys (ConfUtils.java:logGet(44)) - raft.server.log.statemachine.data.sync.timeout.retry = -1 (default)
2021-10-12 06:05:32,679 [pool-562-thread-1] INFO  server.RaftServerConfigKeys (ConfUtils.java:logGet(44)) - raft.server.log.write.buffer.size = 1048576 (custom)
2021-10-12 06:05:32,679 [pool-562-thread-1] INFO  server.RaftServerConfigKeys (ConfUtils.java:logGet(44)) - raft.server.log.statemachine.data.caching.enabled = true (custom)
2021-10-12 06:05:32,679 [pool-562-thread-1] INFO  segmented.SegmentedRaftLogWorker (SegmentedRaftLogWorker.java:lambda$new$0(133)) - a928fc34-d4b3-4f47-b859-83818f25ed6e@group-AB0AE3F98C36-SegmentedRaftLogWorker: flushIndex: setUnconditionally 0 -> -1
2021-10-12 06:05:32,679 [pool-562-thread-1] INFO  segmented.SegmentedRaftLogWorker (SegmentedRaftLogWorker.java:lambda$new$0(133)) - a928fc34-d4b3-4f47-b859-83818f25ed6e@group-AB0AE3F98C36-SegmentedRaftLogWorker: safeCacheEvictIndex: setUnconditionally 0 -> -1
2021-10-12 06:05:32,688 [pool-562-thread-1] INFO  server.RaftServerConfigKeys (ConfUtils.java:logGet(44)) - raft.server.snapshot.auto.trigger.enabled = true (custom)
2021-10-12 06:05:32,688 [pool-562-thread-1] INFO  server.RaftServerConfigKeys (ConfUtils.java:logGet(44)) - raft.server.snapshot.auto.trigger.threshold = 10000 (custom)
2021-10-12 06:05:32,688 [pool-562-thread-1] INFO  server.RaftServerConfigKeys (ConfUtils.java:logGet(44)) - raft.server.snapshot.retention.file.num = 5 (custom)
2021-10-12 06:05:32,688 [pool-562-thread-1] INFO  server.RaftServerConfigKeys (ConfUtils.java:logGet(44)) - raft.server.log.purge.upto.snapshot.index = false (default)
2021-10-12 06:05:32,688 [pool-562-thread-1] INFO  server.RaftServerConfigKeys (ConfUtils.java:logGet(44)) - raft.server.retrycache.expirytime = 600000ms (custom)
2021-10-12 06:05:32,688 [pool-562-thread-1] INFO  server.RaftServerConfigKeys (ConfUtils.java:logGet(44)) - raft.server.retrycache.statistics.expirytime = 100μs (default)
2021-10-12 06:05:32,689 [pool-562-thread-1] INFO  server.RaftServer$Division (RaftServerImpl.java:start(296)) - a928fc34-d4b3-4f47-b859-83818f25ed6e@group-AB0AE3F98C36: start as a follower, conf=-1: [69929a81-75b5-4e59-a9cb-c7e6f0fb6fd6|rpc:10.1.0.59:40555|dataStream:|priority:0, a928fc34-d4b3-4f47-b859-83818f25ed6e|rpc:10.1.0.59:35709|dataStream:|priority:1, f6edce37-208d-40f1-ab7e-323414b00593|rpc:10.1.0.59:35829|dataStream:|priority:0], old=null
2021-10-12 06:05:32,689 [pool-562-thread-1] INFO  server.RaftServer$Division (RaftServerImpl.java:setRole(285)) - a928fc34-d4b3-4f47-b859-83818f25ed6e@group-AB0AE3F98C36: changes role from      null to FOLLOWER at term 0 for startAsFollower
2021-10-12 06:05:32,689 [pool-562-thread-1] INFO  impl.RoleInfo (RoleInfo.java:updateAndGet(130)) - a928fc34-d4b3-4f47-b859-83818f25ed6e: start a928fc34-d4b3-4f47-b859-83818f25ed6e@group-AB0AE3F98C36-FollowerState
2021-10-12 06:05:32,690 [pool-562-thread-1] INFO  util.JmxRegister (JmxRegister.java:tryRegister(44)) - Successfully registered JMX Bean with object name Ratis:service=RaftServer,group=group-AB0AE3F98C36,id=a928fc34-d4b3-4f47-b859-83818f25ed6e
2021-10-12 06:05:32,706 [Command processor thread] INFO  commandhandler.CreatePipelineCommandHandler (CreatePipelineCommandHandler.java:handle(106)) - Created Pipeline RATIS THREE PipelineID=24fc6951-c623-41b7-8dc3-ab0ae3f98c36.
2021-10-12 06:05:32,706 [Command processor thread] INFO  server.RaftServer (RaftServerProxy.java:addNew(95)) - 69929a81-75b5-4e59-a9cb-c7e6f0fb6fd6: addNew group-D75B06A36D76:[69929a81-75b5-4e59-a9cb-c7e6f0fb6fd6|rpc:10.1.0.59:40555|priority:0, a928fc34-d4b3-4f47-b859-83818f25ed6e|rpc:10.1.0.59:35709|priority:0, f6edce37-208d-40f1-ab7e-323414b00593|rpc:10.1.0.59:35829|priority:1] returns group-D75B06A36D76:java.util.concurrent.CompletableFuture@3404572f[Not completed]
2021-10-12 06:05:32,707 [pool-524-thread-1] INFO  server.RaftServer$Division (RaftServerImpl.java:<init>(181)) - 69929a81-75b5-4e59-a9cb-c7e6f0fb6fd6: new RaftServerImpl for group-D75B06A36D76:[69929a81-75b5-4e59-a9cb-c7e6f0fb6fd6|rpc:10.1.0.59:40555|priority:0, a928fc34-d4b3-4f47-b859-83818f25ed6e|rpc:10.1.0.59:35709|priority:0, f6edce37-208d-40f1-ab7e-323414b00593|rpc:10.1.0.59:35829|priority:1] with ContainerStateMachine:uninitialized
2021-10-12 06:05:32,707 [pool-524-thread-1] INFO  server.RaftServerConfigKeys (ConfUtils.java:logGet(44)) - raft.server.rpc.timeout.min = 5s (custom)
2021-10-12 06:05:32,707 [pool-524-thread-1] INFO  server.RaftServerConfigKeys (ConfUtils.java:logGet(44)) - raft.server.rpc.timeout.max = 5200ms (custom)
2021-10-12 06:05:32,707 [pool-524-thread-1] INFO  server.RaftServerConfigKeys (ConfUtils.java:logGet(44)) - raft.server.rpc.sleep.time = 25ms (default)
2021-10-12 06:05:32,707 [pool-524-thread-1] INFO  server.RaftServerConfigKeys (ConfUtils.java:logGet(44)) - raft.server.rpc.slowness.timeout = 300000ms (custom)
2021-10-12 06:05:32,707 [pool-524-thread-1] INFO  server.RaftServerConfigKeys (ConfUtils.java:logGet(44)) - raft.server.leaderelection.leader.step-down.wait-time = 10s (default)
2021-10-12 06:05:32,707 [pool-524-thread-1] INFO  server.RaftServerConfigKeys (ConfUtils.java:logGet(44)) - raft.server.sleep.deviation.threshold = 300ms (default)
2021-10-12 06:05:32,707 [pool-524-thread-1] INFO  server.RaftServerConfigKeys (ConfUtils.java:logGet(44)) - raft.server.log.appender.install.snapshot.enabled = false (custom)
2021-10-12 06:05:32,707 [pool-524-thread-1] INFO  server.RaftServer$Division (ServerState.java:<init>(105)) - 69929a81-75b5-4e59-a9cb-c7e6f0fb6fd6@group-D75B06A36D76: ConfigurationManager, init=-1: [69929a81-75b5-4e59-a9cb-c7e6f0fb6fd6|rpc:10.1.0.59:40555|priority:0, a928fc34-d4b3-4f47-b859-83818f25ed6e|rpc:10.1.0.59:35709|priority:0, f6edce37-208d-40f1-ab7e-323414b00593|rpc:10.1.0.59:35829|priority:1], old=null, confs=<EMPTY_MAP>
2021-10-12 06:05:32,707 [pool-524-thread-1] INFO  server.RaftServerConfigKeys (ConfUtils.java:logGet(44)) - raft.server.storage.dir = [/home/runner/work/ozone/ozone/hadoop-ozone/integration-test/target/test-dir/MiniOzoneClusterImpl-c6dc50ab-6fac-4554-b78d-9440f3e38bfb/datanode-0/data/ratis] (custom)
2021-10-12 06:05:32,707 [pool-524-thread-1] INFO  server.RaftServerConfigKeys (ConfUtils.java:logGet(44)) - raft.server.log.corruption.policy = EXCEPTION (default)
2021-10-12 06:05:32,707 [pool-524-thread-1] INFO  server.RaftServerConfigKeys (ConfUtils.java:logGet(44)) - raft.server.storage.free-space.min = 0MB (=0) (default)
2021-10-12 06:05:32,707 [pool-524-thread-1] INFO  storage.RaftStorageDirectory (RaftStorageDirectoryImpl.java:analyzeStorage(135)) - The storage directory /home/runner/work/ozone/ozone/hadoop-ozone/integration-test/target/test-dir/MiniOzoneClusterImpl-c6dc50ab-6fac-4554-b78d-9440f3e38bfb/datanode-0/data/ratis/9543044a-5f3d-4b0d-98d7-d75b06a36d76 does not exist. Creating ...
2021-10-12 06:05:32,719 [pool-524-thread-1] INFO  storage.RaftStorageDirectory (RaftStorageDirectoryImpl.java:tryLock(230)) - Lock on /home/runner/work/ozone/ozone/hadoop-ozone/integration-test/target/test-dir/MiniOzoneClusterImpl-c6dc50ab-6fac-4554-b78d-9440f3e38bfb/datanode-0/data/ratis/9543044a-5f3d-4b0d-98d7-d75b06a36d76/in_use.lock acquired by nodename 8742@fv-az297-361
2021-10-12 06:05:32,720 [pool-524-thread-1] INFO  storage.RaftStorage (RaftStorageImpl.java:format(89)) - Storage directory /home/runner/work/ozone/ozone/hadoop-ozone/integration-test/target/test-dir/MiniOzoneClusterImpl-c6dc50ab-6fac-4554-b78d-9440f3e38bfb/datanode-0/data/ratis/9543044a-5f3d-4b0d-98d7-d75b06a36d76 has been successfully formatted.
2021-10-12 06:05:32,721 [pool-524-thread-1] INFO  ratis.ContainerStateMachine (ContainerStateMachine.java:loadSnapshot(224)) - group-D75B06A36D76: The snapshot info is null. Setting the last applied indexto:(t:0, i:~)
2021-10-12 06:05:32,730 [pool-524-thread-1] INFO  server.RaftServerConfigKeys (ConfUtils.java:logGet(44)) - raft.server.notification.no-leader.timeout = 300000ms (custom)
2021-10-12 06:05:32,730 [Datanode State Machine Thread - 0] WARN  statemachine.StateContext (StateContext.java:execute(621)) - No available thread in pool for past 1 seconds.
2021-10-12 06:05:32,730 [pool-524-thread-1] INFO  server.RaftServerConfigKeys (ConfUtils.java:logGet(44)) - raft.server.log.use.memory = false (default)
2021-10-12 06:05:32,731 [pool-524-thread-1] INFO  server.RaftServerConfigKeys (ConfUtils.java:logGet(44)) - raft.server.log.purge.gap = 1000000 (custom)
2021-10-12 06:05:32,731 [pool-524-thread-1] INFO  server.RaftServerConfigKeys (ConfUtils.java:logGet(44)) - raft.server.log.appender.buffer.byte-limit = 33554432 (custom)
2021-10-12 06:05:32,731 [pool-524-thread-1] INFO  server.RaftServerConfigKeys (ConfUtils.java:logGet(44)) - raft.server.log.segment.size.max = 1048576 (custom)
2021-10-12 06:05:32,732 [pool-524-thread-1] INFO  server.RaftServerConfigKeys (ConfUtils.java:logGet(44)) - raft.server.log.segment.cache.num.max = 2 (custom)
2021-10-12 06:05:32,732 [pool-524-thread-1] INFO  server.RaftServerConfigKeys (ConfUtils.java:logGet(44)) - raft.server.log.segment.cache.size.max = 200MB (=209715200) (default)
2021-10-12 06:05:32,732 [pool-524-thread-1] INFO  segmented.SegmentedRaftLogWorker (SegmentedRaftLogWorker.java:<init>(182)) - new 69929a81-75b5-4e59-a9cb-c7e6f0fb6fd6@group-D75B06A36D76-SegmentedRaftLogWorker for RaftStorageImpl:Storage Directory /home/runner/work/ozone/ozone/hadoop-ozone/integration-test/target/test-dir/MiniOzoneClusterImpl-c6dc50ab-6fac-4554-b78d-9440f3e38bfb/datanode-0/data/ratis/9543044a-5f3d-4b0d-98d7-d75b06a36d76
2021-10-12 06:05:32,732 [pool-524-thread-1] INFO  server.RaftServerConfigKeys (ConfUtils.java:logGet(44)) - raft.server.log.queue.byte-limit = 2147483647 (custom)
2021-10-12 06:05:32,732 [pool-524-thread-1] INFO  server.RaftServerConfigKeys (ConfUtils.java:logGet(44)) - raft.server.log.queue.element-limit = 1024 (custom)
2021-10-12 06:05:32,732 [pool-524-thread-1] INFO  server.RaftServerConfigKeys (ConfUtils.java:logGet(44)) - raft.server.log.segment.size.max = 1048576 (custom)
2021-10-12 06:05:32,732 [pool-524-thread-1] INFO  server.RaftServerConfigKeys (ConfUtils.java:logGet(44)) - raft.server.log.preallocated.size = 16384 (custom)
2021-10-12 06:05:32,732 [pool-524-thread-1] INFO  server.RaftServerConfigKeys (ConfUtils.java:logGet(44)) - raft.server.log.force.sync.num = 128 (default)
2021-10-12 06:05:32,732 [pool-524-thread-1] INFO  server.RaftServerConfigKeys (ConfUtils.java:logGet(44)) - raft.server.log.statemachine.data.sync = true (default)
2021-10-12 06:05:32,732 [pool-524-thread-1] INFO  server.RaftServerConfigKeys (ConfUtils.java:logGet(44)) - raft.server.log.statemachine.data.sync.timeout = 10s (default)
2021-10-12 06:05:32,732 [pool-524-thread-1] INFO  server.RaftServerConfigKeys (ConfUtils.java:logGet(44)) - raft.server.log.statemachine.data.sync.timeout.retry = -1 (default)
2021-10-12 06:05:32,733 [pool-524-thread-1] INFO  server.RaftServerConfigKeys (ConfUtils.java:logGet(44)) - raft.server.log.write.buffer.size = 1048576 (custom)
2021-10-12 06:05:32,733 [pool-524-thread-1] INFO  server.RaftServerConfigKeys (ConfUtils.java:logGet(44)) - raft.server.log.statemachine.data.caching.enabled = true (custom)
2021-10-12 06:05:32,734 [pool-524-thread-1] INFO  segmented.SegmentedRaftLogWorker (SegmentedRaftLogWorker.java:lambda$new$0(133)) - 69929a81-75b5-4e59-a9cb-c7e6f0fb6fd6@group-D75B06A36D76-SegmentedRaftLogWorker: flushIndex: setUnconditionally 0 -> -1
2021-10-12 06:05:32,734 [pool-524-thread-1] INFO  segmented.SegmentedRaftLogWorker (SegmentedRaftLogWorker.java:lambda$new$0(133)) - 69929a81-75b5-4e59-a9cb-c7e6f0fb6fd6@group-D75B06A36D76-SegmentedRaftLogWorker: safeCacheEvictIndex: setUnconditionally 0 -> -1
2021-10-12 06:05:32,738 [EventQueue-OpenPipelineForHealthyPipelineSafeModeRule] INFO  safemode.SCMSafeModeManager (HealthyPipelineSafeModeRule.java:process(124)) - SCM in safe mode. Healthy pipelines reported count is 0, required healthy pipeline reported count is 1
2021-10-12 06:05:32,757 [pool-524-thread-1] INFO  server.RaftServerConfigKeys (ConfUtils.java:logGet(44)) - raft.server.snapshot.auto.trigger.enabled = true (custom)
2021-10-12 06:05:32,757 [pool-524-thread-1] INFO  server.RaftServerConfigKeys (ConfUtils.java:logGet(44)) - raft.server.snapshot.auto.trigger.threshold = 10000 (custom)
2021-10-12 06:05:32,757 [pool-524-thread-1] INFO  server.RaftServerConfigKeys (ConfUtils.java:logGet(44)) - raft.server.snapshot.retention.file.num = 5 (custom)
2021-10-12 06:05:32,757 [pool-524-thread-1] INFO  server.RaftServerConfigKeys (ConfUtils.java:logGet(44)) - raft.server.log.purge.upto.snapshot.index = false (default)
2021-10-12 06:05:32,758 [pool-524-thread-1] INFO  server.RaftServerConfigKeys (ConfUtils.java:logGet(44)) - raft.server.retrycache.expirytime = 600000ms (custom)
2021-10-12 06:05:32,758 [pool-524-thread-1] INFO  server.RaftServerConfigKeys (ConfUtils.java:logGet(44)) - raft.server.retrycache.statistics.expirytime = 100μs (default)
2021-10-12 06:05:32,758 [Command processor thread] INFO  server.RaftServer (RaftServerProxy.java:addNew(95)) - f6edce37-208d-40f1-ab7e-323414b00593: addNew group-75F6817CE003:[f6edce37-208d-40f1-ab7e-323414b00593|rpc:10.1.0.59:35829|priority:1] returns group-75F6817CE003:java.util.concurrent.CompletableFuture@577b8a02[Not completed]
2021-10-12 06:05:32,759 [pool-543-thread-1] INFO  server.RaftServer$Division (RaftServerImpl.java:<init>(181)) - f6edce37-208d-40f1-ab7e-323414b00593: new RaftServerImpl for group-75F6817CE003:[f6edce37-208d-40f1-ab7e-323414b00593|rpc:10.1.0.59:35829|priority:1] with ContainerStateMachine:uninitialized
2021-10-12 06:05:32,759 [pool-543-thread-1] INFO  server.RaftServerConfigKeys (ConfUtils.java:logGet(44)) - raft.server.rpc.timeout.min = 5s (custom)
2021-10-12 06:05:32,759 [pool-543-thread-1] INFO  server.RaftServerConfigKeys (ConfUtils.java:logGet(44)) - raft.server.rpc.timeout.max = 5200ms (custom)
2021-10-12 06:05:32,759 [pool-543-thread-1] INFO  server.RaftServerConfigKeys (ConfUtils.java:logGet(44)) - raft.server.rpc.sleep.time = 25ms (default)
2021-10-12 06:05:32,759 [pool-543-thread-1] INFO  server.RaftServerConfigKeys (ConfUtils.java:logGet(44)) - raft.server.rpc.slowness.timeout = 300000ms (custom)
2021-10-12 06:05:32,759 [pool-543-thread-1] INFO  server.RaftServerConfigKeys (ConfUtils.java:logGet(44)) - raft.server.leaderelection.leader.step-down.wait-time = 10s (default)
2021-10-12 06:05:32,759 [pool-543-thread-1] INFO  server.RaftServerConfigKeys (ConfUtils.java:logGet(44)) - raft.server.sleep.deviation.threshold = 300ms (default)
2021-10-12 06:05:32,759 [pool-543-thread-1] INFO  server.RaftServerConfigKeys (ConfUtils.java:logGet(44)) - raft.server.log.appender.install.snapshot.enabled = false (custom)
2021-10-12 06:05:32,759 [pool-543-thread-1] INFO  server.RaftServer$Division (ServerState.java:<init>(105)) - f6edce37-208d-40f1-ab7e-323414b00593@group-75F6817CE003: ConfigurationManager, init=-1: [f6edce37-208d-40f1-ab7e-323414b00593|rpc:10.1.0.59:35829|priority:1], old=null, confs=<EMPTY_MAP>
2021-10-12 06:05:32,759 [pool-543-thread-1] INFO  server.RaftServerConfigKeys (ConfUtils.java:logGet(44)) - raft.server.storage.dir = [/home/runner/work/ozone/ozone/hadoop-ozone/integration-test/target/test-dir/MiniOzoneClusterImpl-c6dc50ab-6fac-4554-b78d-9440f3e38bfb/datanode-1/data/ratis] (custom)
2021-10-12 06:05:32,759 [pool-543-thread-1] INFO  server.RaftServerConfigKeys (ConfUtils.java:logGet(44)) - raft.server.log.corruption.policy = EXCEPTION (default)
2021-10-12 06:05:32,760 [pool-543-thread-1] INFO  server.RaftServerConfigKeys (ConfUtils.java:logGet(44)) - raft.server.storage.free-space.min = 0MB (=0) (default)
2021-10-12 06:05:32,760 [pool-543-thread-1] INFO  storage.RaftStorageDirectory (RaftStorageDirectoryImpl.java:analyzeStorage(135)) - The storage directory /home/runner/work/ozone/ozone/hadoop-ozone/integration-test/target/test-dir/MiniOzoneClusterImpl-c6dc50ab-6fac-4554-b78d-9440f3e38bfb/datanode-1/data/ratis/16439a66-d4b8-45be-a9c3-75f6817ce003 does not exist. Creating ...
2021-10-12 06:05:32,760 [pool-543-thread-1] INFO  storage.RaftStorageDirectory (RaftStorageDirectoryImpl.java:tryLock(230)) - Lock on /home/runner/work/ozone/ozone/hadoop-ozone/integration-test/target/test-dir/MiniOzoneClusterImpl-c6dc50ab-6fac-4554-b78d-9440f3e38bfb/datanode-1/data/ratis/16439a66-d4b8-45be-a9c3-75f6817ce003/in_use.lock acquired by nodename 8742@fv-az297-361
2021-10-12 06:05:32,762 [pool-524-thread-1] INFO  server.RaftServer$Division (RaftServerImpl.java:start(296)) - 69929a81-75b5-4e59-a9cb-c7e6f0fb6fd6@group-D75B06A36D76: start as a follower, conf=-1: [69929a81-75b5-4e59-a9cb-c7e6f0fb6fd6|rpc:10.1.0.59:40555|priority:0, a928fc34-d4b3-4f47-b859-83818f25ed6e|rpc:10.1.0.59:35709|priority:0, f6edce37-208d-40f1-ab7e-323414b00593|rpc:10.1.0.59:35829|priority:1], old=null
2021-10-12 06:05:32,762 [pool-524-thread-1] INFO  server.RaftServer$Division (RaftServerImpl.java:setRole(285)) - 69929a81-75b5-4e59-a9cb-c7e6f0fb6fd6@group-D75B06A36D76: changes role from      null to FOLLOWER at term 0 for startAsFollower
2021-10-12 06:05:32,762 [pool-524-thread-1] INFO  impl.RoleInfo (RoleInfo.java:updateAndGet(130)) - 69929a81-75b5-4e59-a9cb-c7e6f0fb6fd6: start 69929a81-75b5-4e59-a9cb-c7e6f0fb6fd6@group-D75B06A36D76-FollowerState
2021-10-12 06:05:32,783 [pool-524-thread-1] INFO  util.JmxRegister (JmxRegister.java:tryRegister(44)) - Successfully registered JMX Bean with object name Ratis:service=RaftServer,group=group-D75B06A36D76,id=69929a81-75b5-4e59-a9cb-c7e6f0fb6fd6
2021-10-12 06:05:32,786 [Command processor thread] INFO  ratis.XceiverServerRatis (XceiverServerRatis.java:addGroup(763)) - Created group PipelineID=9543044a-5f3d-4b0d-98d7-d75b06a36d76
2021-10-12 06:05:32,819 [pool-543-thread-1] INFO  storage.RaftStorage (RaftStorageImpl.java:format(89)) - Storage directory /home/runner/work/ozone/ozone/hadoop-ozone/integration-test/target/test-dir/MiniOzoneClusterImpl-c6dc50ab-6fac-4554-b78d-9440f3e38bfb/datanode-1/data/ratis/16439a66-d4b8-45be-a9c3-75f6817ce003 has been successfully formatted.
2021-10-12 06:05:32,819 [pool-543-thread-1] INFO  ratis.ContainerStateMachine (ContainerStateMachine.java:loadSnapshot(224)) - group-75F6817CE003: The snapshot info is null. Setting the last applied indexto:(t:0, i:~)
2021-10-12 06:05:32,822 [grpc-default-executor-1] INFO  server.RaftServer (RaftServerProxy.java:addNew(95)) - f6edce37-208d-40f1-ab7e-323414b00593: addNew group-D75B06A36D76:[69929a81-75b5-4e59-a9cb-c7e6f0fb6fd6|rpc:10.1.0.59:40555|dataStream:|priority:0, a928fc34-d4b3-4f47-b859-83818f25ed6e|rpc:10.1.0.59:35709|dataStream:|priority:0, f6edce37-208d-40f1-ab7e-323414b00593|rpc:10.1.0.59:35829|dataStream:|priority:1] returns group-D75B06A36D76:java.util.concurrent.CompletableFuture@184aa7e0[Not completed]
2021-10-12 06:05:32,826 [Datanode State Machine Thread - 0] WARN  statemachine.StateContext (StateContext.java:execute(621)) - No available thread in pool for past 1 seconds.
2021-10-12 06:05:32,826 [pool-543-thread-1] INFO  server.RaftServerConfigKeys (ConfUtils.java:logGet(44)) - raft.server.notification.no-leader.timeout = 300000ms (custom)
2021-10-12 06:05:32,826 [pool-543-thread-1] INFO  server.RaftServerConfigKeys (ConfUtils.java:logGet(44)) - raft.server.log.use.memory = false (default)
2021-10-12 06:05:32,826 [pool-543-thread-1] INFO  server.RaftServerConfigKeys (ConfUtils.java:logGet(44)) - raft.server.log.purge.gap = 1000000 (custom)
2021-10-12 06:05:32,826 [pool-543-thread-1] INFO  server.RaftServerConfigKeys (ConfUtils.java:logGet(44)) - raft.server.log.appender.buffer.byte-limit = 33554432 (custom)
2021-10-12 06:05:32,826 [pool-543-thread-1] INFO  server.RaftServerConfigKeys (ConfUtils.java:logGet(44)) - raft.server.log.segment.size.max = 1048576 (custom)
2021-10-12 06:05:32,826 [pool-543-thread-1] INFO  server.RaftServerConfigKeys (ConfUtils.java:logGet(44)) - raft.server.log.segment.cache.num.max = 2 (custom)
2021-10-12 06:05:32,827 [pool-543-thread-1] INFO  server.RaftServerConfigKeys (ConfUtils.java:logGet(44)) - raft.server.log.segment.cache.size.max = 200MB (=209715200) (default)
2021-10-12 06:05:32,827 [pool-543-thread-1] INFO  segmented.SegmentedRaftLogWorker (SegmentedRaftLogWorker.java:<init>(182)) - new f6edce37-208d-40f1-ab7e-323414b00593@group-75F6817CE003-SegmentedRaftLogWorker for RaftStorageImpl:Storage Directory /home/runner/work/ozone/ozone/hadoop-ozone/integration-test/target/test-dir/MiniOzoneClusterImpl-c6dc50ab-6fac-4554-b78d-9440f3e38bfb/datanode-1/data/ratis/16439a66-d4b8-45be-a9c3-75f6817ce003
2021-10-12 06:05:32,827 [pool-543-thread-1] INFO  server.RaftServerConfigKeys (ConfUtils.java:logGet(44)) - raft.server.log.queue.byte-limit = 2147483647 (custom)
2021-10-12 06:05:32,827 [pool-543-thread-1] INFO  server.RaftServerConfigKeys (ConfUtils.java:logGet(44)) - raft.server.log.queue.element-limit = 1024 (custom)
2021-10-12 06:05:32,827 [pool-543-thread-1] INFO  server.RaftServerConfigKeys (ConfUtils.java:logGet(44)) - raft.server.log.segment.size.max = 1048576 (custom)
2021-10-12 06:05:32,827 [pool-543-thread-1] INFO  server.RaftServerConfigKeys (ConfUtils.java:logGet(44)) - raft.server.log.preallocated.size = 16384 (custom)
2021-10-12 06:05:32,827 [pool-543-thread-1] INFO  server.RaftServerConfigKeys (ConfUtils.java:logGet(44)) - raft.server.log.force.sync.num = 128 (default)
2021-10-12 06:05:32,827 [pool-543-thread-1] INFO  server.RaftServerConfigKeys (ConfUtils.java:logGet(44)) - raft.server.log.statemachine.data.sync = true (default)
2021-10-12 06:05:32,827 [pool-543-thread-1] INFO  server.RaftServerConfigKeys (ConfUtils.java:logGet(44)) - raft.server.log.statemachine.data.sync.timeout = 10s (default)
2021-10-12 06:05:32,827 [pool-543-thread-1] INFO  server.RaftServerConfigKeys (ConfUtils.java:logGet(44)) - raft.server.log.statemachine.data.sync.timeout.retry = -1 (default)
2021-10-12 06:05:32,828 [pool-543-thread-1] INFO  server.RaftServerConfigKeys (ConfUtils.java:logGet(44)) - raft.server.log.write.buffer.size = 1048576 (custom)
2021-10-12 06:05:32,828 [pool-543-thread-1] INFO  server.RaftServerConfigKeys (ConfUtils.java:logGet(44)) - raft.server.log.statemachine.data.caching.enabled = true (custom)
2021-10-12 06:05:32,829 [pool-543-thread-1] INFO  segmented.SegmentedRaftLogWorker (SegmentedRaftLogWorker.java:lambda$new$0(133)) - f6edce37-208d-40f1-ab7e-323414b00593@group-75F6817CE003-SegmentedRaftLogWorker: flushIndex: setUnconditionally 0 -> -1
2021-10-12 06:05:32,829 [pool-543-thread-1] INFO  segmented.SegmentedRaftLogWorker (SegmentedRaftLogWorker.java:lambda$new$0(133)) - f6edce37-208d-40f1-ab7e-323414b00593@group-75F6817CE003-SegmentedRaftLogWorker: safeCacheEvictIndex: setUnconditionally 0 -> -1
2021-10-12 06:05:32,834 [EventQueue-PipelineReportForPipelineReportHandler] INFO  pipeline.PipelineManagerImpl (PipelineManagerImpl.java:openPipeline(282)) - Pipeline Pipeline[ Id: 16439a66-d4b8-45be-a9c3-75f6817ce003, Nodes: f6edce37-208d-40f1-ab7e-323414b00593{ip: 10.1.0.59, host: fv-az297-361.nmf1rxwemy4u5di1sxxf4ejcwb.jx.internal.cloudapp.net, ports: [REPLICATION=37231, RATIS=35829, RATIS_ADMIN=35829, RATIS_SERVER=35829, STANDALONE=34061], networkLocation: /default-rack, certSerialId: null, persistedOpState: IN_SERVICE, persistedOpStateExpiryEpochSec: 0}, ReplicationConfig: RATIS/ONE, State:ALLOCATED, leaderId:f6edce37-208d-40f1-ab7e-323414b00593, CreationTimestamp2021-10-12T06:05:29.752Z[Etc/UTC]] moved to OPEN state
2021-10-12 06:05:32,836 [EventQueue-OpenPipelineForHealthyPipelineSafeModeRule] INFO  safemode.SCMSafeModeManager (HealthyPipelineSafeModeRule.java:process(124)) - SCM in safe mode. Healthy pipelines reported count is 0, required healthy pipeline reported count is 1
2021-10-12 06:05:32,850 [pool-543-thread-1] INFO  server.RaftServerConfigKeys (ConfUtils.java:logGet(44)) - raft.server.snapshot.auto.trigger.enabled = true (custom)
2021-10-12 06:05:32,850 [pool-543-thread-1] INFO  server.RaftServerConfigKeys (ConfUtils.java:logGet(44)) - raft.server.snapshot.auto.trigger.threshold = 10000 (custom)
2021-10-12 06:05:32,850 [pool-543-thread-1] INFO  server.RaftServerConfigKeys (ConfUtils.java:logGet(44)) - raft.server.snapshot.retention.file.num = 5 (custom)
2021-10-12 06:05:32,850 [pool-543-thread-1] INFO  server.RaftServerConfigKeys (ConfUtils.java:logGet(44)) - raft.server.log.purge.upto.snapshot.index = false (default)
2021-10-12 06:05:32,850 [pool-543-thread-1] INFO  server.RaftServerConfigKeys (ConfUtils.java:logGet(44)) - raft.server.retrycache.expirytime = 600000ms (custom)
2021-10-12 06:05:32,850 [pool-543-thread-1] INFO  server.RaftServerConfigKeys (ConfUtils.java:logGet(44)) - raft.server.retrycache.statistics.expirytime = 100μs (default)
2021-10-12 06:05:32,852 [pool-543-thread-1] INFO  server.RaftServer$Division (RaftServerImpl.java:<init>(181)) - f6edce37-208d-40f1-ab7e-323414b00593: new RaftServerImpl for group-D75B06A36D76:[69929a81-75b5-4e59-a9cb-c7e6f0fb6fd6|rpc:10.1.0.59:40555|dataStream:|priority:0, a928fc34-d4b3-4f47-b859-83818f25ed6e|rpc:10.1.0.59:35709|dataStream:|priority:0, f6edce37-208d-40f1-ab7e-323414b00593|rpc:10.1.0.59:35829|dataStream:|priority:1] with ContainerStateMachine:uninitialized
2021-10-12 06:05:32,852 [pool-543-thread-1] INFO  server.RaftServerConfigKeys (ConfUtils.java:logGet(44)) - raft.server.rpc.timeout.min = 5s (custom)
2021-10-12 06:05:32,852 [pool-543-thread-1] INFO  server.RaftServerConfigKeys (ConfUtils.java:logGet(44)) - raft.server.rpc.timeout.max = 5200ms (custom)
2021-10-12 06:05:32,852 [pool-543-thread-1] INFO  server.RaftServerConfigKeys (ConfUtils.java:logGet(44)) - raft.server.rpc.sleep.time = 25ms (default)
2021-10-12 06:05:32,852 [pool-543-thread-1] INFO  server.RaftServerConfigKeys (ConfUtils.java:logGet(44)) - raft.server.rpc.slowness.timeout = 300000ms (custom)
2021-10-12 06:05:32,852 [pool-543-thread-1] INFO  server.RaftServerConfigKeys (ConfUtils.java:logGet(44)) - raft.server.leaderelection.leader.step-down.wait-time = 10s (default)
2021-10-12 06:05:32,852 [pool-543-thread-1] INFO  server.RaftServerConfigKeys (ConfUtils.java:logGet(44)) - raft.server.sleep.deviation.threshold = 300ms (default)
2021-10-12 06:05:32,852 [pool-543-thread-1] INFO  server.RaftServerConfigKeys (ConfUtils.java:logGet(44)) - raft.server.log.appender.install.snapshot.enabled = false (custom)
2021-10-12 06:05:32,852 [pool-543-thread-1] INFO  server.RaftServer$Division (ServerState.java:<init>(105)) - f6edce37-208d-40f1-ab7e-323414b00593@group-D75B06A36D76: ConfigurationManager, init=-1: [69929a81-75b5-4e59-a9cb-c7e6f0fb6fd6|rpc:10.1.0.59:40555|dataStream:|priority:0, a928fc34-d4b3-4f47-b859-83818f25ed6e|rpc:10.1.0.59:35709|dataStream:|priority:0, f6edce37-208d-40f1-ab7e-323414b00593|rpc:10.1.0.59:35829|dataStream:|priority:1], old=null, confs=<EMPTY_MAP>
2021-10-12 06:05:32,853 [pool-543-thread-1] INFO  server.RaftServerConfigKeys (ConfUtils.java:logGet(44)) - raft.server.storage.dir = [/home/runner/work/ozone/ozone/hadoop-ozone/integration-test/target/test-dir/MiniOzoneClusterImpl-c6dc50ab-6fac-4554-b78d-9440f3e38bfb/datanode-1/data/ratis] (custom)
2021-10-12 06:05:32,853 [pool-543-thread-1] INFO  server.RaftServerConfigKeys (ConfUtils.java:logGet(44)) - raft.server.log.corruption.policy = EXCEPTION (default)
2021-10-12 06:05:32,853 [pool-543-thread-1] INFO  server.RaftServerConfigKeys (ConfUtils.java:logGet(44)) - raft.server.storage.free-space.min = 0MB (=0) (default)
2021-10-12 06:05:32,853 [pool-543-thread-1] INFO  storage.RaftStorageDirectory (RaftStorageDirectoryImpl.java:analyzeStorage(135)) - The storage directory /home/runner/work/ozone/ozone/hadoop-ozone/integration-test/target/test-dir/MiniOzoneClusterImpl-c6dc50ab-6fac-4554-b78d-9440f3e38bfb/datanode-1/data/ratis/9543044a-5f3d-4b0d-98d7-d75b06a36d76 does not exist. Creating ...
2021-10-12 06:05:32,853 [pool-543-thread-1] INFO  storage.RaftStorageDirectory (RaftStorageDirectoryImpl.java:tryLock(230)) - Lock on /home/runner/work/ozone/ozone/hadoop-ozone/integration-test/target/test-dir/MiniOzoneClusterImpl-c6dc50ab-6fac-4554-b78d-9440f3e38bfb/datanode-1/data/ratis/9543044a-5f3d-4b0d-98d7-d75b06a36d76/in_use.lock acquired by nodename 8742@fv-az297-361
2021-10-12 06:05:32,874 [pool-543-thread-1] INFO  storage.RaftStorage (RaftStorageImpl.java:format(89)) - Storage directory /home/runner/work/ozone/ozone/hadoop-ozone/integration-test/target/test-dir/MiniOzoneClusterImpl-c6dc50ab-6fac-4554-b78d-9440f3e38bfb/datanode-1/data/ratis/9543044a-5f3d-4b0d-98d7-d75b06a36d76 has been successfully formatted.
2021-10-12 06:05:32,874 [Datanode State Machine Thread - 0] WARN  statemachine.StateContext (StateContext.java:execute(621)) - No available thread in pool for past 1 seconds.
2021-10-12 06:05:32,875 [EventQueue-OpenPipelineForHealthyPipelineSafeModeRule] INFO  safemode.SCMSafeModeManager (HealthyPipelineSafeModeRule.java:process(124)) - SCM in safe mode. Healthy pipelines reported count is 0, required healthy pipeline reported count is 1
2021-10-12 06:05:32,875 [pool-543-thread-1] INFO  ratis.ContainerStateMachine (ContainerStateMachine.java:loadSnapshot(224)) - group-D75B06A36D76: The snapshot info is null. Setting the last applied indexto:(t:0, i:~)
2021-10-12 06:05:32,875 [pool-543-thread-1] INFO  server.RaftServerConfigKeys (ConfUtils.java:logGet(44)) - raft.server.notification.no-leader.timeout = 300000ms (custom)
2021-10-12 06:05:32,875 [pool-543-thread-1] INFO  server.RaftServerConfigKeys (ConfUtils.java:logGet(44)) - raft.server.log.use.memory = false (default)
2021-10-12 06:05:32,875 [pool-543-thread-1] INFO  server.RaftServerConfigKeys (ConfUtils.java:logGet(44)) - raft.server.log.purge.gap = 1000000 (custom)
2021-10-12 06:05:32,875 [pool-543-thread-1] INFO  server.RaftServerConfigKeys (ConfUtils.java:logGet(44)) - raft.server.log.appender.buffer.byte-limit = 33554432 (custom)
2021-10-12 06:05:32,876 [pool-543-thread-1] INFO  server.RaftServerConfigKeys (ConfUtils.java:logGet(44)) - raft.server.log.segment.size.max = 1048576 (custom)
2021-10-12 06:05:32,876 [pool-543-thread-1] INFO  server.RaftServerConfigKeys (ConfUtils.java:logGet(44)) - raft.server.log.segment.cache.num.max = 2 (custom)
2021-10-12 06:05:32,882 [pool-543-thread-1] INFO  server.RaftServerConfigKeys (ConfUtils.java:logGet(44)) - raft.server.log.segment.cache.size.max = 200MB (=209715200) (default)
2021-10-12 06:05:32,882 [pool-543-thread-1] INFO  segmented.SegmentedRaftLogWorker (SegmentedRaftLogWorker.java:<init>(182)) - new f6edce37-208d-40f1-ab7e-323414b00593@group-D75B06A36D76-SegmentedRaftLogWorker for RaftStorageImpl:Storage Directory /home/runner/work/ozone/ozone/hadoop-ozone/integration-test/target/test-dir/MiniOzoneClusterImpl-c6dc50ab-6fac-4554-b78d-9440f3e38bfb/datanode-1/data/ratis/9543044a-5f3d-4b0d-98d7-d75b06a36d76
2021-10-12 06:05:32,882 [pool-543-thread-1] INFO  server.RaftServerConfigKeys (ConfUtils.java:logGet(44)) - raft.server.log.queue.byte-limit = 2147483647 (custom)
2021-10-12 06:05:32,882 [pool-543-thread-1] INFO  server.RaftServerConfigKeys (ConfUtils.java:logGet(44)) - raft.server.log.queue.element-limit = 1024 (custom)
2021-10-12 06:05:32,882 [pool-543-thread-1] INFO  server.RaftServerConfigKeys (ConfUtils.java:logGet(44)) - raft.server.log.segment.size.max = 1048576 (custom)
2021-10-12 06:05:32,882 [pool-543-thread-1] INFO  server.RaftServerConfigKeys (ConfUtils.java:logGet(44)) - raft.server.log.preallocated.size = 16384 (custom)
2021-10-12 06:05:32,882 [pool-543-thread-1] INFO  server.RaftServerConfigKeys (ConfUtils.java:logGet(44)) - raft.server.log.force.sync.num = 128 (default)
2021-10-12 06:05:32,882 [pool-543-thread-1] INFO  server.RaftServerConfigKeys (ConfUtils.java:logGet(44)) - raft.server.log.statemachine.data.sync = true (default)
2021-10-12 06:05:32,882 [pool-543-thread-1] INFO  server.RaftServerConfigKeys (ConfUtils.java:logGet(44)) - raft.server.log.statemachine.data.sync.timeout = 10s (default)
2021-10-12 06:05:32,882 [pool-543-thread-1] INFO  server.RaftServerConfigKeys (ConfUtils.java:logGet(44)) - raft.server.log.statemachine.data.sync.timeout.retry = -1 (default)
2021-10-12 06:05:32,883 [pool-543-thread-1] INFO  server.RaftServerConfigKeys (ConfUtils.java:logGet(44)) - raft.server.log.write.buffer.size = 1048576 (custom)
2021-10-12 06:05:32,884 [pool-543-thread-1] INFO  server.RaftServerConfigKeys (ConfUtils.java:logGet(44)) - raft.server.log.statemachine.data.caching.enabled = true (custom)
2021-10-12 06:05:32,884 [pool-543-thread-1] INFO  segmented.SegmentedRaftLogWorker (SegmentedRaftLogWorker.java:lambda$new$0(133)) - f6edce37-208d-40f1-ab7e-323414b00593@group-D75B06A36D76-SegmentedRaftLogWorker: flushIndex: setUnconditionally 0 -> -1
2021-10-12 06:05:32,884 [pool-543-thread-1] INFO  segmented.SegmentedRaftLogWorker (SegmentedRaftLogWorker.java:lambda$new$0(133)) - f6edce37-208d-40f1-ab7e-323414b00593@group-D75B06A36D76-SegmentedRaftLogWorker: safeCacheEvictIndex: setUnconditionally 0 -> -1
2021-10-12 06:05:32,884 [pool-543-thread-1] INFO  server.RaftServerConfigKeys (ConfUtils.java:logGet(44)) - raft.server.snapshot.auto.trigger.enabled = true (custom)
2021-10-12 06:05:32,884 [pool-543-thread-1] INFO  server.RaftServerConfigKeys (ConfUtils.java:logGet(44)) - raft.server.snapshot.auto.trigger.threshold = 10000 (custom)
2021-10-12 06:05:32,884 [pool-543-thread-1] INFO  server.RaftServerConfigKeys (ConfUtils.java:logGet(44)) - raft.server.snapshot.retention.file.num = 5 (custom)
2021-10-12 06:05:32,884 [pool-543-thread-1] INFO  server.RaftServerConfigKeys (ConfUtils.java:logGet(44)) - raft.server.log.purge.upto.snapshot.index = false (default)
2021-10-12 06:05:32,884 [pool-543-thread-1] INFO  server.RaftServerConfigKeys (ConfUtils.java:logGet(44)) - raft.server.retrycache.expirytime = 600000ms (custom)
2021-10-12 06:05:32,884 [pool-543-thread-1] INFO  server.RaftServerConfigKeys (ConfUtils.java:logGet(44)) - raft.server.retrycache.statistics.expirytime = 100μs (default)
2021-10-12 06:05:32,886 [pool-543-thread-1] INFO  server.RaftServer$Division (RaftServerImpl.java:start(296)) - f6edce37-208d-40f1-ab7e-323414b00593@group-75F6817CE003: start as a follower, conf=-1: [f6edce37-208d-40f1-ab7e-323414b00593|rpc:10.1.0.59:35829|priority:1], old=null
2021-10-12 06:05:32,886 [pool-543-thread-1] INFO  server.RaftServer$Division (RaftServerImpl.java:setRole(285)) - f6edce37-208d-40f1-ab7e-323414b00593@group-75F6817CE003: changes role from      null to FOLLOWER at term 0 for startAsFollower
2021-10-12 06:05:32,886 [pool-543-thread-1] INFO  impl.RoleInfo (RoleInfo.java:updateAndGet(130)) - f6edce37-208d-40f1-ab7e-323414b00593: start f6edce37-208d-40f1-ab7e-323414b00593@group-75F6817CE003-FollowerState
2021-10-12 06:05:32,886 [pool-543-thread-1] INFO  util.JmxRegister (JmxRegister.java:tryRegister(44)) - Successfully registered JMX Bean with object name Ratis:service=RaftServer,group=group-75F6817CE003,id=f6edce37-208d-40f1-ab7e-323414b00593
2021-10-12 06:05:32,887 [pool-543-thread-1] INFO  server.RaftServer$Division (RaftServerImpl.java:start(296)) - f6edce37-208d-40f1-ab7e-323414b00593@group-D75B06A36D76: start as a follower, conf=-1: [69929a81-75b5-4e59-a9cb-c7e6f0fb6fd6|rpc:10.1.0.59:40555|dataStream:|priority:0, a928fc34-d4b3-4f47-b859-83818f25ed6e|rpc:10.1.0.59:35709|dataStream:|priority:0, f6edce37-208d-40f1-ab7e-323414b00593|rpc:10.1.0.59:35829|dataStream:|priority:1], old=null
2021-10-12 06:05:32,887 [pool-543-thread-1] INFO  server.RaftServer$Division (RaftServerImpl.java:setRole(285)) - f6edce37-208d-40f1-ab7e-323414b00593@group-D75B06A36D76: changes role from      null to FOLLOWER at term 0 for startAsFollower
2021-10-12 06:05:32,887 [pool-543-thread-1] INFO  impl.RoleInfo (RoleInfo.java:updateAndGet(130)) - f6edce37-208d-40f1-ab7e-323414b00593: start f6edce37-208d-40f1-ab7e-323414b00593@group-D75B06A36D76-FollowerState
2021-10-12 06:05:32,887 [Command processor thread] INFO  ratis.XceiverServerRatis (XceiverServerRatis.java:addGroup(763)) - Created group PipelineID=16439a66-d4b8-45be-a9c3-75f6817ce003
2021-10-12 06:05:32,887 [Command processor thread] INFO  commandhandler.CreatePipelineCommandHandler (CreatePipelineCommandHandler.java:handle(106)) - Created Pipeline RATIS ONE PipelineID=16439a66-d4b8-45be-a9c3-75f6817ce003.
2021-10-12 06:05:32,887 [Command processor thread] INFO  server.RaftServer (RaftServerProxy.java:addNew(95)) - f6edce37-208d-40f1-ab7e-323414b00593: addNew group-C2DAA97EBB05:[69929a81-75b5-4e59-a9cb-c7e6f0fb6fd6|rpc:10.1.0.59:40555|priority:1, a928fc34-d4b3-4f47-b859-83818f25ed6e|rpc:10.1.0.59:35709|priority:0, f6edce37-208d-40f1-ab7e-323414b00593|rpc:10.1.0.59:35829|priority:0] returns group-C2DAA97EBB05:java.util.concurrent.CompletableFuture@59bc7e9d[Not completed]
2021-10-12 06:05:32,887 [pool-543-thread-1] INFO  util.JmxRegister (JmxRegister.java:tryRegister(44)) - Successfully registered JMX Bean with object name Ratis:service=RaftServer,group=group-D75B06A36D76,id=f6edce37-208d-40f1-ab7e-323414b00593
2021-10-12 06:05:32,889 [pool-543-thread-1] INFO  server.RaftServer$Division (RaftServerImpl.java:<init>(181)) - f6edce37-208d-40f1-ab7e-323414b00593: new RaftServerImpl for group-C2DAA97EBB05:[69929a81-75b5-4e59-a9cb-c7e6f0fb6fd6|rpc:10.1.0.59:40555|priority:1, a928fc34-d4b3-4f47-b859-83818f25ed6e|rpc:10.1.0.59:35709|priority:0, f6edce37-208d-40f1-ab7e-323414b00593|rpc:10.1.0.59:35829|priority:0] with ContainerStateMachine:uninitialized
2021-10-12 06:05:32,889 [pool-543-thread-1] INFO  server.RaftServerConfigKeys (ConfUtils.java:logGet(44)) - raft.server.rpc.timeout.min = 5s (custom)
2021-10-12 06:05:32,889 [pool-543-thread-1] INFO  server.RaftServerConfigKeys (ConfUtils.java:logGet(44)) - raft.server.rpc.timeout.max = 5200ms (custom)
2021-10-12 06:05:32,889 [pool-543-thread-1] INFO  server.RaftServerConfigKeys (ConfUtils.java:logGet(44)) - raft.server.rpc.sleep.time = 25ms (default)
2021-10-12 06:05:32,889 [pool-543-thread-1] INFO  server.RaftServerConfigKeys (ConfUtils.java:logGet(44)) - raft.server.rpc.slowness.timeout = 300000ms (custom)
2021-10-12 06:05:32,889 [pool-543-thread-1] INFO  server.RaftServerConfigKeys (ConfUtils.java:logGet(44)) - raft.server.leaderelection.leader.step-down.wait-time = 10s (default)
2021-10-12 06:05:32,889 [pool-543-thread-1] INFO  server.RaftServerConfigKeys (ConfUtils.java:logGet(44)) - raft.server.sleep.deviation.threshold = 300ms (default)
2021-10-12 06:05:32,889 [pool-543-thread-1] INFO  server.RaftServerConfigKeys (ConfUtils.java:logGet(44)) - raft.server.log.appender.install.snapshot.enabled = false (custom)
2021-10-12 06:05:32,889 [pool-543-thread-1] INFO  server.RaftServer$Division (ServerState.java:<init>(105)) - f6edce37-208d-40f1-ab7e-323414b00593@group-C2DAA97EBB05: ConfigurationManager, init=-1: [69929a81-75b5-4e59-a9cb-c7e6f0fb6fd6|rpc:10.1.0.59:40555|priority:1, a928fc34-d4b3-4f47-b859-83818f25ed6e|rpc:10.1.0.59:35709|priority:0, f6edce37-208d-40f1-ab7e-323414b00593|rpc:10.1.0.59:35829|priority:0], old=null, confs=<EMPTY_MAP>
2021-10-12 06:05:32,889 [pool-543-thread-1] INFO  server.RaftServerConfigKeys (ConfUtils.java:logGet(44)) - raft.server.storage.dir = [/home/runner/work/ozone/ozone/hadoop-ozone/integration-test/target/test-dir/MiniOzoneClusterImpl-c6dc50ab-6fac-4554-b78d-9440f3e38bfb/datanode-1/data/ratis] (custom)
2021-10-12 06:05:32,889 [pool-543-thread-1] INFO  server.RaftServerConfigKeys (ConfUtils.java:logGet(44)) - raft.server.log.corruption.policy = EXCEPTION (default)
2021-10-12 06:05:32,889 [pool-543-thread-1] INFO  server.RaftServerConfigKeys (ConfUtils.java:logGet(44)) - raft.server.storage.free-space.min = 0MB (=0) (default)
2021-10-12 06:05:32,889 [pool-543-thread-1] INFO  storage.RaftStorageDirectory (RaftStorageDirectoryImpl.java:analyzeStorage(135)) - The storage directory /home/runner/work/ozone/ozone/hadoop-ozone/integration-test/target/test-dir/MiniOzoneClusterImpl-c6dc50ab-6fac-4554-b78d-9440f3e38bfb/datanode-1/data/ratis/7390dcda-dbd8-4381-851a-c2daa97ebb05 does not exist. Creating ...
2021-10-12 06:05:32,890 [pool-543-thread-1] INFO  storage.RaftStorageDirectory (RaftStorageDirectoryImpl.java:tryLock(230)) - Lock on /home/runner/work/ozone/ozone/hadoop-ozone/integration-test/target/test-dir/MiniOzoneClusterImpl-c6dc50ab-6fac-4554-b78d-9440f3e38bfb/datanode-1/data/ratis/7390dcda-dbd8-4381-851a-c2daa97ebb05/in_use.lock acquired by nodename 8742@fv-az297-361
2021-10-12 06:05:32,891 [pool-543-thread-1] INFO  storage.RaftStorage (RaftStorageImpl.java:format(89)) - Storage directory /home/runner/work/ozone/ozone/hadoop-ozone/integration-test/target/test-dir/MiniOzoneClusterImpl-c6dc50ab-6fac-4554-b78d-9440f3e38bfb/datanode-1/data/ratis/7390dcda-dbd8-4381-851a-c2daa97ebb05 has been successfully formatted.
2021-10-12 06:05:32,891 [pool-543-thread-1] INFO  ratis.ContainerStateMachine (ContainerStateMachine.java:loadSnapshot(224)) - group-C2DAA97EBB05: The snapshot info is null. Setting the last applied indexto:(t:0, i:~)
2021-10-12 06:05:32,912 [Datanode State Machine Thread - 0] WARN  statemachine.StateContext (StateContext.java:execute(621)) - No available thread in pool for past 1 seconds.
2021-10-12 06:05:32,912 [EventQueue-OpenPipelineForHealthyPipelineSafeModeRule] INFO  safemode.SCMSafeModeManager (HealthyPipelineSafeModeRule.java:process(124)) - SCM in safe mode. Healthy pipelines reported count is 0, required healthy pipeline reported count is 1
2021-10-12 06:05:32,913 [pool-543-thread-1] INFO  server.RaftServerConfigKeys (ConfUtils.java:logGet(44)) - raft.server.notification.no-leader.timeout = 300000ms (custom)
2021-10-12 06:05:32,913 [pool-543-thread-1] INFO  server.RaftServerConfigKeys (ConfUtils.java:logGet(44)) - raft.server.log.use.memory = false (default)
2021-10-12 06:05:32,913 [pool-543-thread-1] INFO  server.RaftServerConfigKeys (ConfUtils.java:logGet(44)) - raft.server.log.purge.gap = 1000000 (custom)
2021-10-12 06:05:32,913 [pool-543-thread-1] INFO  server.RaftServerConfigKeys (ConfUtils.java:logGet(44)) - raft.server.log.appender.buffer.byte-limit = 33554432 (custom)
2021-10-12 06:05:32,913 [pool-543-thread-1] INFO  server.RaftServerConfigKeys (ConfUtils.java:logGet(44)) - raft.server.log.segment.size.max = 1048576 (custom)
2021-10-12 06:05:32,913 [pool-543-thread-1] INFO  server.RaftServerConfigKeys (ConfUtils.java:logGet(44)) - raft.server.log.segment.cache.num.max = 2 (custom)
2021-10-12 06:05:32,913 [pool-543-thread-1] INFO  server.RaftServerConfigKeys (ConfUtils.java:logGet(44)) - raft.server.log.segment.cache.size.max = 200MB (=209715200) (default)
2021-10-12 06:05:32,914 [pool-543-thread-1] INFO  segmented.SegmentedRaftLogWorker (SegmentedRaftLogWorker.java:<init>(182)) - new f6edce37-208d-40f1-ab7e-323414b00593@group-C2DAA97EBB05-SegmentedRaftLogWorker for RaftStorageImpl:Storage Directory /home/runner/work/ozone/ozone/hadoop-ozone/integration-test/target/test-dir/MiniOzoneClusterImpl-c6dc50ab-6fac-4554-b78d-9440f3e38bfb/datanode-1/data/ratis/7390dcda-dbd8-4381-851a-c2daa97ebb05
2021-10-12 06:05:32,914 [pool-543-thread-1] INFO  server.RaftServerConfigKeys (ConfUtils.java:logGet(44)) - raft.server.log.queue.byte-limit = 2147483647 (custom)
2021-10-12 06:05:32,914 [pool-543-thread-1] INFO  server.RaftServerConfigKeys (ConfUtils.java:logGet(44)) - raft.server.log.queue.element-limit = 1024 (custom)
2021-10-12 06:05:32,914 [pool-543-thread-1] INFO  server.RaftServerConfigKeys (ConfUtils.java:logGet(44)) - raft.server.log.segment.size.max = 1048576 (custom)
2021-10-12 06:05:32,914 [pool-543-thread-1] INFO  server.RaftServerConfigKeys (ConfUtils.java:logGet(44)) - raft.server.log.preallocated.size = 16384 (custom)
2021-10-12 06:05:32,914 [pool-543-thread-1] INFO  server.RaftServerConfigKeys (ConfUtils.java:logGet(44)) - raft.server.log.force.sync.num = 128 (default)
2021-10-12 06:05:32,914 [pool-543-thread-1] INFO  server.RaftServerConfigKeys (ConfUtils.java:logGet(44)) - raft.server.log.statemachine.data.sync = true (default)
2021-10-12 06:05:32,914 [pool-543-thread-1] INFO  server.RaftServerConfigKeys (ConfUtils.java:logGet(44)) - raft.server.log.statemachine.data.sync.timeout = 10s (default)
2021-10-12 06:05:32,914 [pool-543-thread-1] INFO  server.RaftServerConfigKeys (ConfUtils.java:logGet(44)) - raft.server.log.statemachine.data.sync.timeout.retry = -1 (default)
2021-10-12 06:05:32,915 [pool-543-thread-1] INFO  server.RaftServerConfigKeys (ConfUtils.java:logGet(44)) - raft.server.log.write.buffer.size = 1048576 (custom)
2021-10-12 06:05:32,915 [pool-543-thread-1] INFO  server.RaftServerConfigKeys (ConfUtils.java:logGet(44)) - raft.server.log.statemachine.data.caching.enabled = true (custom)
2021-10-12 06:05:32,916 [pool-543-thread-1] INFO  segmented.SegmentedRaftLogWorker (SegmentedRaftLogWorker.java:lambda$new$0(133)) - f6edce37-208d-40f1-ab7e-323414b00593@group-C2DAA97EBB05-SegmentedRaftLogWorker: flushIndex: setUnconditionally 0 -> -1
2021-10-12 06:05:32,916 [pool-543-thread-1] INFO  segmented.SegmentedRaftLogWorker (SegmentedRaftLogWorker.java:lambda$new$0(133)) - f6edce37-208d-40f1-ab7e-323414b00593@group-C2DAA97EBB05-SegmentedRaftLogWorker: safeCacheEvictIndex: setUnconditionally 0 -> -1
2021-10-12 06:05:32,918 [pool-543-thread-1] INFO  server.RaftServerConfigKeys (ConfUtils.java:logGet(44)) - raft.server.snapshot.auto.trigger.enabled = true (custom)
2021-10-12 06:05:32,918 [pool-543-thread-1] INFO  server.RaftServerConfigKeys (ConfUtils.java:logGet(44)) - raft.server.snapshot.auto.trigger.threshold = 10000 (custom)
2021-10-12 06:05:32,918 [pool-543-thread-1] INFO  server.RaftServerConfigKeys (ConfUtils.java:logGet(44)) - raft.server.snapshot.retention.file.num = 5 (custom)
2021-10-12 06:05:32,918 [pool-543-thread-1] INFO  server.RaftServerConfigKeys (ConfUtils.java:logGet(44)) - raft.server.log.purge.upto.snapshot.index = false (default)
2021-10-12 06:05:32,918 [pool-543-thread-1] INFO  server.RaftServerConfigKeys (ConfUtils.java:logGet(44)) - raft.server.retrycache.expirytime = 600000ms (custom)
2021-10-12 06:05:32,918 [pool-543-thread-1] INFO  server.RaftServerConfigKeys (ConfUtils.java:logGet(44)) - raft.server.retrycache.statistics.expirytime = 100μs (default)
2021-10-12 06:05:32,928 [pool-543-thread-1] INFO  server.RaftServer$Division (RaftServerImpl.java:start(296)) - f6edce37-208d-40f1-ab7e-323414b00593@group-C2DAA97EBB05: start as a follower, conf=-1: [69929a81-75b5-4e59-a9cb-c7e6f0fb6fd6|rpc:10.1.0.59:40555|priority:1, a928fc34-d4b3-4f47-b859-83818f25ed6e|rpc:10.1.0.59:35709|priority:0, f6edce37-208d-40f1-ab7e-323414b00593|rpc:10.1.0.59:35829|priority:0], old=null
2021-10-12 06:05:32,928 [pool-543-thread-1] INFO  server.RaftServer$Division (RaftServerImpl.java:setRole(285)) - f6edce37-208d-40f1-ab7e-323414b00593@group-C2DAA97EBB05: changes role from      null to FOLLOWER at term 0 for startAsFollower
2021-10-12 06:05:32,928 [pool-543-thread-1] INFO  impl.RoleInfo (RoleInfo.java:updateAndGet(130)) - f6edce37-208d-40f1-ab7e-323414b00593: start f6edce37-208d-40f1-ab7e-323414b00593@group-C2DAA97EBB05-FollowerState
2021-10-12 06:05:32,935 [pool-543-thread-1] INFO  util.JmxRegister (JmxRegister.java:tryRegister(44)) - Successfully registered JMX Bean with object name Ratis:service=RaftServer,group=group-C2DAA97EBB05,id=f6edce37-208d-40f1-ab7e-323414b00593
2021-10-12 06:05:32,935 [grpc-default-executor-1] INFO  server.RaftServer (RaftServerProxy.java:addNew(95)) - a928fc34-d4b3-4f47-b859-83818f25ed6e: addNew group-D75B06A36D76:[69929a81-75b5-4e59-a9cb-c7e6f0fb6fd6|rpc:10.1.0.59:40555|dataStream:|priority:0, a928fc34-d4b3-4f47-b859-83818f25ed6e|rpc:10.1.0.59:35709|dataStream:|priority:0, f6edce37-208d-40f1-ab7e-323414b00593|rpc:10.1.0.59:35829|dataStream:|priority:1] returns group-D75B06A36D76:java.util.concurrent.CompletableFuture@5b9d25ce[Not completed]
2021-10-12 06:05:32,935 [Command processor thread] INFO  ratis.XceiverServerRatis (XceiverServerRatis.java:addGroup(763)) - Created group PipelineID=7390dcda-dbd8-4381-851a-c2daa97ebb05
2021-10-12 06:05:32,938 [pool-562-thread-1] INFO  server.RaftServer$Division (RaftServerImpl.java:<init>(181)) - a928fc34-d4b3-4f47-b859-83818f25ed6e: new RaftServerImpl for group-D75B06A36D76:[69929a81-75b5-4e59-a9cb-c7e6f0fb6fd6|rpc:10.1.0.59:40555|dataStream:|priority:0, a928fc34-d4b3-4f47-b859-83818f25ed6e|rpc:10.1.0.59:35709|dataStream:|priority:0, f6edce37-208d-40f1-ab7e-323414b00593|rpc:10.1.0.59:35829|dataStream:|priority:1] with ContainerStateMachine:uninitialized
2021-10-12 06:05:32,938 [pool-562-thread-1] INFO  server.RaftServerConfigKeys (ConfUtils.java:logGet(44)) - raft.server.rpc.timeout.min = 5s (custom)
2021-10-12 06:05:32,938 [pool-562-thread-1] INFO  server.RaftServerConfigKeys (ConfUtils.java:logGet(44)) - raft.server.rpc.timeout.max = 5200ms (custom)
2021-10-12 06:05:32,938 [pool-562-thread-1] INFO  server.RaftServerConfigKeys (ConfUtils.java:logGet(44)) - raft.server.rpc.sleep.time = 25ms (default)
2021-10-12 06:05:32,938 [pool-562-thread-1] INFO  server.RaftServerConfigKeys (ConfUtils.java:logGet(44)) - raft.server.rpc.slowness.timeout = 300000ms (custom)
2021-10-12 06:05:32,938 [pool-562-thread-1] INFO  server.RaftServerConfigKeys (ConfUtils.java:logGet(44)) - raft.server.leaderelection.leader.step-down.wait-time = 10s (default)
2021-10-12 06:05:32,938 [pool-562-thread-1] INFO  server.RaftServerConfigKeys (ConfUtils.java:logGet(44)) - raft.server.sleep.deviation.threshold = 300ms (default)
2021-10-12 06:05:32,938 [pool-562-thread-1] INFO  server.RaftServerConfigKeys (ConfUtils.java:logGet(44)) - raft.server.log.appender.install.snapshot.enabled = false (custom)
2021-10-12 06:05:32,938 [pool-562-thread-1] INFO  server.RaftServer$Division (ServerState.java:<init>(105)) - a928fc34-d4b3-4f47-b859-83818f25ed6e@group-D75B06A36D76: ConfigurationManager, init=-1: [69929a81-75b5-4e59-a9cb-c7e6f0fb6fd6|rpc:10.1.0.59:40555|dataStream:|priority:0, a928fc34-d4b3-4f47-b859-83818f25ed6e|rpc:10.1.0.59:35709|dataStream:|priority:0, f6edce37-208d-40f1-ab7e-323414b00593|rpc:10.1.0.59:35829|dataStream:|priority:1], old=null, confs=<EMPTY_MAP>
2021-10-12 06:05:32,938 [pool-562-thread-1] INFO  server.RaftServerConfigKeys (ConfUtils.java:logGet(44)) - raft.server.storage.dir = [/home/runner/work/ozone/ozone/hadoop-ozone/integration-test/target/test-dir/MiniOzoneClusterImpl-c6dc50ab-6fac-4554-b78d-9440f3e38bfb/datanode-2/data/ratis] (custom)
2021-10-12 06:05:32,939 [pool-562-thread-1] INFO  server.RaftServerConfigKeys (ConfUtils.java:logGet(44)) - raft.server.log.corruption.policy = EXCEPTION (default)
2021-10-12 06:05:32,939 [pool-562-thread-1] INFO  server.RaftServerConfigKeys (ConfUtils.java:logGet(44)) - raft.server.storage.free-space.min = 0MB (=0) (default)
2021-10-12 06:05:32,939 [pool-562-thread-1] INFO  storage.RaftStorageDirectory (RaftStorageDirectoryImpl.java:analyzeStorage(135)) - The storage directory /home/runner/work/ozone/ozone/hadoop-ozone/integration-test/target/test-dir/MiniOzoneClusterImpl-c6dc50ab-6fac-4554-b78d-9440f3e38bfb/datanode-2/data/ratis/9543044a-5f3d-4b0d-98d7-d75b06a36d76 does not exist. Creating ...
2021-10-12 06:05:32,949 [pool-562-thread-1] INFO  storage.RaftStorageDirectory (RaftStorageDirectoryImpl.java:tryLock(230)) - Lock on /home/runner/work/ozone/ozone/hadoop-ozone/integration-test/target/test-dir/MiniOzoneClusterImpl-c6dc50ab-6fac-4554-b78d-9440f3e38bfb/datanode-2/data/ratis/9543044a-5f3d-4b0d-98d7-d75b06a36d76/in_use.lock acquired by nodename 8742@fv-az297-361
2021-10-12 06:05:32,963 [pool-562-thread-1] INFO  storage.RaftStorage (RaftStorageImpl.java:format(89)) - Storage directory /home/runner/work/ozone/ozone/hadoop-ozone/integration-test/target/test-dir/MiniOzoneClusterImpl-c6dc50ab-6fac-4554-b78d-9440f3e38bfb/datanode-2/data/ratis/9543044a-5f3d-4b0d-98d7-d75b06a36d76 has been successfully formatted.
2021-10-12 06:05:32,963 [pool-562-thread-1] INFO  ratis.ContainerStateMachine (ContainerStateMachine.java:loadSnapshot(224)) - group-D75B06A36D76: The snapshot info is null. Setting the last applied indexto:(t:0, i:~)
2021-10-12 06:05:32,963 [pool-562-thread-1] INFO  server.RaftServerConfigKeys (ConfUtils.java:logGet(44)) - raft.server.notification.no-leader.timeout = 300000ms (custom)
2021-10-12 06:05:32,963 [pool-562-thread-1] INFO  server.RaftServerConfigKeys (ConfUtils.java:logGet(44)) - raft.server.log.use.memory = false (default)
2021-10-12 06:05:32,963 [pool-562-thread-1] INFO  server.RaftServerConfigKeys (ConfUtils.java:logGet(44)) - raft.server.log.purge.gap = 1000000 (custom)
2021-10-12 06:05:32,963 [pool-562-thread-1] INFO  server.RaftServerConfigKeys (ConfUtils.java:logGet(44)) - raft.server.log.appender.buffer.byte-limit = 33554432 (custom)
2021-10-12 06:05:32,963 [pool-562-thread-1] INFO  server.RaftServerConfigKeys (ConfUtils.java:logGet(44)) - raft.server.log.segment.size.max = 1048576 (custom)
2021-10-12 06:05:32,964 [pool-562-thread-1] INFO  server.RaftServerConfigKeys (ConfUtils.java:logGet(44)) - raft.server.log.segment.cache.num.max = 2 (custom)
2021-10-12 06:05:32,964 [pool-562-thread-1] INFO  server.RaftServerConfigKeys (ConfUtils.java:logGet(44)) - raft.server.log.segment.cache.size.max = 200MB (=209715200) (default)
2021-10-12 06:05:32,964 [pool-562-thread-1] INFO  segmented.SegmentedRaftLogWorker (SegmentedRaftLogWorker.java:<init>(182)) - new a928fc34-d4b3-4f47-b859-83818f25ed6e@group-D75B06A36D76-SegmentedRaftLogWorker for RaftStorageImpl:Storage Directory /home/runner/work/ozone/ozone/hadoop-ozone/integration-test/target/test-dir/MiniOzoneClusterImpl-c6dc50ab-6fac-4554-b78d-9440f3e38bfb/datanode-2/data/ratis/9543044a-5f3d-4b0d-98d7-d75b06a36d76
2021-10-12 06:05:32,964 [pool-562-thread-1] INFO  server.RaftServerConfigKeys (ConfUtils.java:logGet(44)) - raft.server.log.queue.byte-limit = 2147483647 (custom)
2021-10-12 06:05:32,964 [pool-562-thread-1] INFO  server.RaftServerConfigKeys (ConfUtils.java:logGet(44)) - raft.server.log.queue.element-limit = 1024 (custom)
2021-10-12 06:05:32,964 [pool-562-thread-1] INFO  server.RaftServerConfigKeys (ConfUtils.java:logGet(44)) - raft.server.log.segment.size.max = 1048576 (custom)
2021-10-12 06:05:32,964 [pool-562-thread-1] INFO  server.RaftServerConfigKeys (ConfUtils.java:logGet(44)) - raft.server.log.preallocated.size = 16384 (custom)
2021-10-12 06:05:32,964 [pool-562-thread-1] INFO  server.RaftServerConfigKeys (ConfUtils.java:logGet(44)) - raft.server.log.force.sync.num = 128 (default)
2021-10-12 06:05:32,964 [pool-562-thread-1] INFO  server.RaftServerConfigKeys (ConfUtils.java:logGet(44)) - raft.server.log.statemachine.data.sync = true (default)
2021-10-12 06:05:32,964 [pool-562-thread-1] INFO  server.RaftServerConfigKeys (ConfUtils.java:logGet(44)) - raft.server.log.statemachine.data.sync.timeout = 10s (default)
2021-10-12 06:05:32,964 [pool-562-thread-1] INFO  server.RaftServerConfigKeys (ConfUtils.java:logGet(44)) - raft.server.log.statemachine.data.sync.timeout.retry = -1 (default)
2021-10-12 06:05:32,965 [pool-562-thread-1] INFO  server.RaftServerConfigKeys (ConfUtils.java:logGet(44)) - raft.server.log.write.buffer.size = 1048576 (custom)
2021-10-12 06:05:32,965 [pool-562-thread-1] INFO  server.RaftServerConfigKeys (ConfUtils.java:logGet(44)) - raft.server.log.statemachine.data.caching.enabled = true (custom)
2021-10-12 06:05:32,965 [pool-562-thread-1] INFO  segmented.SegmentedRaftLogWorker (SegmentedRaftLogWorker.java:lambda$new$0(133)) - a928fc34-d4b3-4f47-b859-83818f25ed6e@group-D75B06A36D76-SegmentedRaftLogWorker: flushIndex: setUnconditionally 0 -> -1
2021-10-12 06:05:32,965 [pool-562-thread-1] INFO  segmented.SegmentedRaftLogWorker (SegmentedRaftLogWorker.java:lambda$new$0(133)) - a928fc34-d4b3-4f47-b859-83818f25ed6e@group-D75B06A36D76-SegmentedRaftLogWorker: safeCacheEvictIndex: setUnconditionally 0 -> -1
2021-10-12 06:05:32,966 [Datanode State Machine Thread - 0] WARN  statemachine.StateContext (StateContext.java:execute(621)) - No available thread in pool for past 1 seconds.
2021-10-12 06:05:32,974 [pool-562-thread-1] INFO  server.RaftServerConfigKeys (ConfUtils.java:logGet(44)) - raft.server.snapshot.auto.trigger.enabled = true (custom)
2021-10-12 06:05:32,974 [pool-562-thread-1] INFO  server.RaftServerConfigKeys (ConfUtils.java:logGet(44)) - raft.server.snapshot.auto.trigger.threshold = 10000 (custom)
2021-10-12 06:05:32,974 [pool-562-thread-1] INFO  server.RaftServerConfigKeys (ConfUtils.java:logGet(44)) - raft.server.snapshot.retention.file.num = 5 (custom)
2021-10-12 06:05:32,974 [pool-562-thread-1] INFO  server.RaftServerConfigKeys (ConfUtils.java:logGet(44)) - raft.server.log.purge.upto.snapshot.index = false (default)
2021-10-12 06:05:32,974 [pool-562-thread-1] INFO  server.RaftServerConfigKeys (ConfUtils.java:logGet(44)) - raft.server.retrycache.expirytime = 600000ms (custom)
2021-10-12 06:05:32,974 [pool-562-thread-1] INFO  server.RaftServerConfigKeys (ConfUtils.java:logGet(44)) - raft.server.retrycache.statistics.expirytime = 100μs (default)
2021-10-12 06:05:32,975 [pool-562-thread-1] INFO  server.RaftServer$Division (RaftServerImpl.java:start(296)) - a928fc34-d4b3-4f47-b859-83818f25ed6e@group-D75B06A36D76: start as a follower, conf=-1: [69929a81-75b5-4e59-a9cb-c7e6f0fb6fd6|rpc:10.1.0.59:40555|dataStream:|priority:0, a928fc34-d4b3-4f47-b859-83818f25ed6e|rpc:10.1.0.59:35709|dataStream:|priority:0, f6edce37-208d-40f1-ab7e-323414b00593|rpc:10.1.0.59:35829|dataStream:|priority:1], old=null
2021-10-12 06:05:32,975 [pool-562-thread-1] INFO  server.RaftServer$Division (RaftServerImpl.java:setRole(285)) - a928fc34-d4b3-4f47-b859-83818f25ed6e@group-D75B06A36D76: changes role from      null to FOLLOWER at term 0 for startAsFollower
2021-10-12 06:05:32,975 [pool-562-thread-1] INFO  impl.RoleInfo (RoleInfo.java:updateAndGet(130)) - a928fc34-d4b3-4f47-b859-83818f25ed6e: start a928fc34-d4b3-4f47-b859-83818f25ed6e@group-D75B06A36D76-FollowerState
2021-10-12 06:05:32,976 [pool-562-thread-1] INFO  util.JmxRegister (JmxRegister.java:tryRegister(44)) - Successfully registered JMX Bean with object name Ratis:service=RaftServer,group=group-D75B06A36D76,id=a928fc34-d4b3-4f47-b859-83818f25ed6e
2021-10-12 06:05:33,003 [grpc-default-executor-1] INFO  server.RaftServer (RaftServerProxy.java:addNew(95)) - a928fc34-d4b3-4f47-b859-83818f25ed6e: addNew group-C2DAA97EBB05:[69929a81-75b5-4e59-a9cb-c7e6f0fb6fd6|rpc:10.1.0.59:40555|dataStream:|priority:1, a928fc34-d4b3-4f47-b859-83818f25ed6e|rpc:10.1.0.59:35709|dataStream:|priority:0, f6edce37-208d-40f1-ab7e-323414b00593|rpc:10.1.0.59:35829|dataStream:|priority:0] returns group-C2DAA97EBB05:java.util.concurrent.CompletableFuture@2729f455[Not completed]
2021-10-12 06:05:33,004 [pool-562-thread-1] INFO  server.RaftServer$Division (RaftServerImpl.java:<init>(181)) - a928fc34-d4b3-4f47-b859-83818f25ed6e: new RaftServerImpl for group-C2DAA97EBB05:[69929a81-75b5-4e59-a9cb-c7e6f0fb6fd6|rpc:10.1.0.59:40555|dataStream:|priority:1, a928fc34-d4b3-4f47-b859-83818f25ed6e|rpc:10.1.0.59:35709|dataStream:|priority:0, f6edce37-208d-40f1-ab7e-323414b00593|rpc:10.1.0.59:35829|dataStream:|priority:0] with ContainerStateMachine:uninitialized
2021-10-12 06:05:33,004 [pool-562-thread-1] INFO  server.RaftServerConfigKeys (ConfUtils.java:logGet(44)) - raft.server.rpc.timeout.min = 5s (custom)
2021-10-12 06:05:33,004 [pool-562-thread-1] INFO  server.RaftServerConfigKeys (ConfUtils.java:logGet(44)) - raft.server.rpc.timeout.max = 5200ms (custom)
2021-10-12 06:05:33,004 [pool-562-thread-1] INFO  server.RaftServerConfigKeys (ConfUtils.java:logGet(44)) - raft.server.rpc.sleep.time = 25ms (default)
2021-10-12 06:05:33,004 [pool-562-thread-1] INFO  server.RaftServerConfigKeys (ConfUtils.java:logGet(44)) - raft.server.rpc.slowness.timeout = 300000ms (custom)
2021-10-12 06:05:33,004 [pool-562-thread-1] INFO  server.RaftServerConfigKeys (ConfUtils.java:logGet(44)) - raft.server.leaderelection.leader.step-down.wait-time = 10s (default)
2021-10-12 06:05:33,004 [pool-562-thread-1] INFO  server.RaftServerConfigKeys (ConfUtils.java:logGet(44)) - raft.server.sleep.deviation.threshold = 300ms (default)
2021-10-12 06:05:33,004 [pool-562-thread-1] INFO  server.RaftServerConfigKeys (ConfUtils.java:logGet(44)) - raft.server.log.appender.install.snapshot.enabled = false (custom)
2021-10-12 06:05:33,004 [pool-562-thread-1] INFO  server.RaftServer$Division (ServerState.java:<init>(105)) - a928fc34-d4b3-4f47-b859-83818f25ed6e@group-C2DAA97EBB05: ConfigurationManager, init=-1: [69929a81-75b5-4e59-a9cb-c7e6f0fb6fd6|rpc:10.1.0.59:40555|dataStream:|priority:1, a928fc34-d4b3-4f47-b859-83818f25ed6e|rpc:10.1.0.59:35709|dataStream:|priority:0, f6edce37-208d-40f1-ab7e-323414b00593|rpc:10.1.0.59:35829|dataStream:|priority:0], old=null, confs=<EMPTY_MAP>
2021-10-12 06:05:33,004 [pool-562-thread-1] INFO  server.RaftServerConfigKeys (ConfUtils.java:logGet(44)) - raft.server.storage.dir = [/home/runner/work/ozone/ozone/hadoop-ozone/integration-test/target/test-dir/MiniOzoneClusterImpl-c6dc50ab-6fac-4554-b78d-9440f3e38bfb/datanode-2/data/ratis] (custom)
2021-10-12 06:05:33,004 [pool-562-thread-1] INFO  server.RaftServerConfigKeys (ConfUtils.java:logGet(44)) - raft.server.log.corruption.policy = EXCEPTION (default)
2021-10-12 06:05:33,004 [pool-562-thread-1] INFO  server.RaftServerConfigKeys (ConfUtils.java:logGet(44)) - raft.server.storage.free-space.min = 0MB (=0) (default)
2021-10-12 06:05:33,004 [pool-562-thread-1] INFO  storage.RaftStorageDirectory (RaftStorageDirectoryImpl.java:analyzeStorage(135)) - The storage directory /home/runner/work/ozone/ozone/hadoop-ozone/integration-test/target/test-dir/MiniOzoneClusterImpl-c6dc50ab-6fac-4554-b78d-9440f3e38bfb/datanode-2/data/ratis/7390dcda-dbd8-4381-851a-c2daa97ebb05 does not exist. Creating ...
2021-10-12 06:05:33,007 [Command processor thread] INFO  commandhandler.CreatePipelineCommandHandler (CreatePipelineCommandHandler.java:handle(106)) - Created Pipeline RATIS THREE PipelineID=9543044a-5f3d-4b0d-98d7-d75b06a36d76.
2021-10-12 06:05:33,007 [Command processor thread] INFO  server.RaftServer (RaftServerProxy.java:addNew(95)) - 69929a81-75b5-4e59-a9cb-c7e6f0fb6fd6: addNew group-C2DAA97EBB05:[69929a81-75b5-4e59-a9cb-c7e6f0fb6fd6|rpc:10.1.0.59:40555|priority:1, a928fc34-d4b3-4f47-b859-83818f25ed6e|rpc:10.1.0.59:35709|priority:0, f6edce37-208d-40f1-ab7e-323414b00593|rpc:10.1.0.59:35829|priority:0] returns group-C2DAA97EBB05:java.util.concurrent.CompletableFuture@220d9aae[Not completed]
2021-10-12 06:05:33,008 [pool-524-thread-1] INFO  server.RaftServer$Division (RaftServerImpl.java:<init>(181)) - 69929a81-75b5-4e59-a9cb-c7e6f0fb6fd6: new RaftServerImpl for group-C2DAA97EBB05:[69929a81-75b5-4e59-a9cb-c7e6f0fb6fd6|rpc:10.1.0.59:40555|priority:1, a928fc34-d4b3-4f47-b859-83818f25ed6e|rpc:10.1.0.59:35709|priority:0, f6edce37-208d-40f1-ab7e-323414b00593|rpc:10.1.0.59:35829|priority:0] with ContainerStateMachine:uninitialized
2021-10-12 06:05:33,008 [pool-524-thread-1] INFO  server.RaftServerConfigKeys (ConfUtils.java:logGet(44)) - raft.server.rpc.timeout.min = 5s (custom)
2021-10-12 06:05:33,008 [pool-524-thread-1] INFO  server.RaftServerConfigKeys (ConfUtils.java:logGet(44)) - raft.server.rpc.timeout.max = 5200ms (custom)
2021-10-12 06:05:33,008 [pool-524-thread-1] INFO  server.RaftServerConfigKeys (ConfUtils.java:logGet(44)) - raft.server.rpc.sleep.time = 25ms (default)
2021-10-12 06:05:33,008 [pool-524-thread-1] INFO  server.RaftServerConfigKeys (ConfUtils.java:logGet(44)) - raft.server.rpc.slowness.timeout = 300000ms (custom)
2021-10-12 06:05:33,008 [pool-524-thread-1] INFO  server.RaftServerConfigKeys (ConfUtils.java:logGet(44)) - raft.server.leaderelection.leader.step-down.wait-time = 10s (default)
2021-10-12 06:05:33,008 [pool-524-thread-1] INFO  server.RaftServerConfigKeys (ConfUtils.java:logGet(44)) - raft.server.sleep.deviation.threshold = 300ms (default)
2021-10-12 06:05:33,008 [pool-524-thread-1] INFO  server.RaftServerConfigKeys (ConfUtils.java:logGet(44)) - raft.server.log.appender.install.snapshot.enabled = false (custom)
2021-10-12 06:05:33,008 [pool-524-thread-1] INFO  server.RaftServer$Division (ServerState.java:<init>(105)) - 69929a81-75b5-4e59-a9cb-c7e6f0fb6fd6@group-C2DAA97EBB05: ConfigurationManager, init=-1: [69929a81-75b5-4e59-a9cb-c7e6f0fb6fd6|rpc:10.1.0.59:40555|priority:1, a928fc34-d4b3-4f47-b859-83818f25ed6e|rpc:10.1.0.59:35709|priority:0, f6edce37-208d-40f1-ab7e-323414b00593|rpc:10.1.0.59:35829|priority:0], old=null, confs=<EMPTY_MAP>
2021-10-12 06:05:33,008 [pool-524-thread-1] INFO  server.RaftServerConfigKeys (ConfUtils.java:logGet(44)) - raft.server.storage.dir = [/home/runner/work/ozone/ozone/hadoop-ozone/integration-test/target/test-dir/MiniOzoneClusterImpl-c6dc50ab-6fac-4554-b78d-9440f3e38bfb/datanode-0/data/ratis] (custom)
2021-10-12 06:05:33,009 [pool-524-thread-1] INFO  server.RaftServerConfigKeys (ConfUtils.java:logGet(44)) - raft.server.log.corruption.policy = EXCEPTION (default)
2021-10-12 06:05:33,009 [pool-524-thread-1] INFO  server.RaftServerConfigKeys (ConfUtils.java:logGet(44)) - raft.server.storage.free-space.min = 0MB (=0) (default)
2021-10-12 06:05:33,009 [pool-524-thread-1] INFO  storage.RaftStorageDirectory (RaftStorageDirectoryImpl.java:analyzeStorage(135)) - The storage directory /home/runner/work/ozone/ozone/hadoop-ozone/integration-test/target/test-dir/MiniOzoneClusterImpl-c6dc50ab-6fac-4554-b78d-9440f3e38bfb/datanode-0/data/ratis/7390dcda-dbd8-4381-851a-c2daa97ebb05 does not exist. Creating ...
2021-10-12 06:05:33,017 [pool-524-thread-1] INFO  storage.RaftStorageDirectory (RaftStorageDirectoryImpl.java:tryLock(230)) - Lock on /home/runner/work/ozone/ozone/hadoop-ozone/integration-test/target/test-dir/MiniOzoneClusterImpl-c6dc50ab-6fac-4554-b78d-9440f3e38bfb/datanode-0/data/ratis/7390dcda-dbd8-4381-851a-c2daa97ebb05/in_use.lock acquired by nodename 8742@fv-az297-361
2021-10-12 06:05:33,030 [pool-524-thread-1] INFO  storage.RaftStorage (RaftStorageImpl.java:format(89)) - Storage directory /home/runner/work/ozone/ozone/hadoop-ozone/integration-test/target/test-dir/MiniOzoneClusterImpl-c6dc50ab-6fac-4554-b78d-9440f3e38bfb/datanode-0/data/ratis/7390dcda-dbd8-4381-851a-c2daa97ebb05 has been successfully formatted.
2021-10-12 06:05:33,030 [pool-524-thread-1] INFO  ratis.ContainerStateMachine (ContainerStateMachine.java:loadSnapshot(224)) - group-C2DAA97EBB05: The snapshot info is null. Setting the last applied indexto:(t:0, i:~)
2021-10-12 06:05:33,030 [Datanode State Machine Thread - 0] WARN  statemachine.StateContext (StateContext.java:execute(621)) - No available thread in pool for past 1 seconds.
2021-10-12 06:05:33,030 [pool-524-thread-1] INFO  server.RaftServerConfigKeys (ConfUtils.java:logGet(44)) - raft.server.notification.no-leader.timeout = 300000ms (custom)
2021-10-12 06:05:33,030 [pool-524-thread-1] INFO  server.RaftServerConfigKeys (ConfUtils.java:logGet(44)) - raft.server.log.use.memory = false (default)
2021-10-12 06:05:33,030 [pool-524-thread-1] INFO  server.RaftServerConfigKeys (ConfUtils.java:logGet(44)) - raft.server.log.purge.gap = 1000000 (custom)
2021-10-12 06:05:33,030 [pool-524-thread-1] INFO  server.RaftServerConfigKeys (ConfUtils.java:logGet(44)) - raft.server.log.appender.buffer.byte-limit = 33554432 (custom)
2021-10-12 06:05:33,030 [pool-524-thread-1] INFO  server.RaftServerConfigKeys (ConfUtils.java:logGet(44)) - raft.server.log.segment.size.max = 1048576 (custom)
2021-10-12 06:05:33,031 [pool-524-thread-1] INFO  server.RaftServerConfigKeys (ConfUtils.java:logGet(44)) - raft.server.log.segment.cache.num.max = 2 (custom)
2021-10-12 06:05:33,031 [pool-524-thread-1] INFO  server.RaftServerConfigKeys (ConfUtils.java:logGet(44)) - raft.server.log.segment.cache.size.max = 200MB (=209715200) (default)
2021-10-12 06:05:33,031 [pool-524-thread-1] INFO  segmented.SegmentedRaftLogWorker (SegmentedRaftLogWorker.java:<init>(182)) - new 69929a81-75b5-4e59-a9cb-c7e6f0fb6fd6@group-C2DAA97EBB05-SegmentedRaftLogWorker for RaftStorageImpl:Storage Directory /home/runner/work/ozone/ozone/hadoop-ozone/integration-test/target/test-dir/MiniOzoneClusterImpl-c6dc50ab-6fac-4554-b78d-9440f3e38bfb/datanode-0/data/ratis/7390dcda-dbd8-4381-851a-c2daa97ebb05
2021-10-12 06:05:33,031 [EventQueue-OpenPipelineForHealthyPipelineSafeModeRule] INFO  safemode.SCMSafeModeManager (HealthyPipelineSafeModeRule.java:process(124)) - SCM in safe mode. Healthy pipelines reported count is 0, required healthy pipeline reported count is 1
2021-10-12 06:05:33,031 [pool-524-thread-1] INFO  server.RaftServerConfigKeys (ConfUtils.java:logGet(44)) - raft.server.log.queue.byte-limit = 2147483647 (custom)
2021-10-12 06:05:33,031 [pool-524-thread-1] INFO  server.RaftServerConfigKeys (ConfUtils.java:logGet(44)) - raft.server.log.queue.element-limit = 1024 (custom)
2021-10-12 06:05:33,031 [pool-524-thread-1] INFO  server.RaftServerConfigKeys (ConfUtils.java:logGet(44)) - raft.server.log.segment.size.max = 1048576 (custom)
2021-10-12 06:05:33,031 [pool-524-thread-1] INFO  server.RaftServerConfigKeys (ConfUtils.java:logGet(44)) - raft.server.log.preallocated.size = 16384 (custom)
2021-10-12 06:05:33,031 [pool-524-thread-1] INFO  server.RaftServerConfigKeys (ConfUtils.java:logGet(44)) - raft.server.log.force.sync.num = 128 (default)
2021-10-12 06:05:33,031 [pool-524-thread-1] INFO  server.RaftServerConfigKeys (ConfUtils.java:logGet(44)) - raft.server.log.statemachine.data.sync = true (default)
2021-10-12 06:05:33,031 [pool-524-thread-1] INFO  server.RaftServerConfigKeys (ConfUtils.java:logGet(44)) - raft.server.log.statemachine.data.sync.timeout = 10s (default)
2021-10-12 06:05:33,031 [pool-524-thread-1] INFO  server.RaftServerConfigKeys (ConfUtils.java:logGet(44)) - raft.server.log.statemachine.data.sync.timeout.retry = -1 (default)
2021-10-12 06:05:33,032 [pool-524-thread-1] INFO  server.RaftServerConfigKeys (ConfUtils.java:logGet(44)) - raft.server.log.write.buffer.size = 1048576 (custom)
2021-10-12 06:05:33,033 [pool-524-thread-1] INFO  server.RaftServerConfigKeys (ConfUtils.java:logGet(44)) - raft.server.log.statemachine.data.caching.enabled = true (custom)
2021-10-12 06:05:33,033 [pool-524-thread-1] INFO  segmented.SegmentedRaftLogWorker (SegmentedRaftLogWorker.java:lambda$new$0(133)) - 69929a81-75b5-4e59-a9cb-c7e6f0fb6fd6@group-C2DAA97EBB05-SegmentedRaftLogWorker: flushIndex: setUnconditionally 0 -> -1
2021-10-12 06:05:33,033 [pool-524-thread-1] INFO  segmented.SegmentedRaftLogWorker (SegmentedRaftLogWorker.java:lambda$new$0(133)) - 69929a81-75b5-4e59-a9cb-c7e6f0fb6fd6@group-C2DAA97EBB05-SegmentedRaftLogWorker: safeCacheEvictIndex: setUnconditionally 0 -> -1
2021-10-12 06:05:33,042 [pool-524-thread-1] INFO  server.RaftServerConfigKeys (ConfUtils.java:logGet(44)) - raft.server.snapshot.auto.trigger.enabled = true (custom)
2021-10-12 06:05:33,042 [pool-524-thread-1] INFO  server.RaftServerConfigKeys (ConfUtils.java:logGet(44)) - raft.server.snapshot.auto.trigger.threshold = 10000 (custom)
2021-10-12 06:05:33,042 [pool-524-thread-1] INFO  server.RaftServerConfigKeys (ConfUtils.java:logGet(44)) - raft.server.snapshot.retention.file.num = 5 (custom)
2021-10-12 06:05:33,043 [pool-524-thread-1] INFO  server.RaftServerConfigKeys (ConfUtils.java:logGet(44)) - raft.server.log.purge.upto.snapshot.index = false (default)
2021-10-12 06:05:33,043 [pool-524-thread-1] INFO  server.RaftServerConfigKeys (ConfUtils.java:logGet(44)) - raft.server.retrycache.expirytime = 600000ms (custom)
2021-10-12 06:05:33,043 [pool-524-thread-1] INFO  server.RaftServerConfigKeys (ConfUtils.java:logGet(44)) - raft.server.retrycache.statistics.expirytime = 100μs (default)
2021-10-12 06:05:33,044 [pool-524-thread-1] INFO  server.RaftServer$Division (RaftServerImpl.java:start(296)) - 69929a81-75b5-4e59-a9cb-c7e6f0fb6fd6@group-C2DAA97EBB05: start as a follower, conf=-1: [69929a81-75b5-4e59-a9cb-c7e6f0fb6fd6|rpc:10.1.0.59:40555|priority:1, a928fc34-d4b3-4f47-b859-83818f25ed6e|rpc:10.1.0.59:35709|priority:0, f6edce37-208d-40f1-ab7e-323414b00593|rpc:10.1.0.59:35829|priority:0], old=null
2021-10-12 06:05:33,044 [pool-524-thread-1] INFO  server.RaftServer$Division (RaftServerImpl.java:setRole(285)) - 69929a81-75b5-4e59-a9cb-c7e6f0fb6fd6@group-C2DAA97EBB05: changes role from      null to FOLLOWER at term 0 for startAsFollower
2021-10-12 06:05:33,044 [pool-524-thread-1] INFO  impl.RoleInfo (RoleInfo.java:updateAndGet(130)) - 69929a81-75b5-4e59-a9cb-c7e6f0fb6fd6: start 69929a81-75b5-4e59-a9cb-c7e6f0fb6fd6@group-C2DAA97EBB05-FollowerState
2021-10-12 06:05:33,050 [pool-524-thread-1] INFO  util.JmxRegister (JmxRegister.java:tryRegister(44)) - Successfully registered JMX Bean with object name Ratis:service=RaftServer,group=group-C2DAA97EBB05,id=69929a81-75b5-4e59-a9cb-c7e6f0fb6fd6
2021-10-12 06:05:33,051 [Command processor thread] INFO  ratis.XceiverServerRatis (XceiverServerRatis.java:addGroup(763)) - Created group PipelineID=7390dcda-dbd8-4381-851a-c2daa97ebb05
2021-10-12 06:05:33,058 [pool-562-thread-1] INFO  storage.RaftStorageDirectory (RaftStorageDirectoryImpl.java:tryLock(230)) - Lock on /home/runner/work/ozone/ozone/hadoop-ozone/integration-test/target/test-dir/MiniOzoneClusterImpl-c6dc50ab-6fac-4554-b78d-9440f3e38bfb/datanode-2/data/ratis/7390dcda-dbd8-4381-851a-c2daa97ebb05/in_use.lock acquired by nodename 8742@fv-az297-361
2021-10-12 06:05:33,062 [pool-562-thread-1] INFO  storage.RaftStorage (RaftStorageImpl.java:format(89)) - Storage directory /home/runner/work/ozone/ozone/hadoop-ozone/integration-test/target/test-dir/MiniOzoneClusterImpl-c6dc50ab-6fac-4554-b78d-9440f3e38bfb/datanode-2/data/ratis/7390dcda-dbd8-4381-851a-c2daa97ebb05 has been successfully formatted.
2021-10-12 06:05:33,062 [pool-562-thread-1] INFO  ratis.ContainerStateMachine (ContainerStateMachine.java:loadSnapshot(224)) - group-C2DAA97EBB05: The snapshot info is null. Setting the last applied indexto:(t:0, i:~)
2021-10-12 06:05:33,063 [pool-562-thread-1] INFO  server.RaftServerConfigKeys (ConfUtils.java:logGet(44)) - raft.server.notification.no-leader.timeout = 300000ms (custom)
2021-10-12 06:05:33,063 [pool-562-thread-1] INFO  server.RaftServerConfigKeys (ConfUtils.java:logGet(44)) - raft.server.log.use.memory = false (default)
2021-10-12 06:05:33,063 [pool-562-thread-1] INFO  server.RaftServerConfigKeys (ConfUtils.java:logGet(44)) - raft.server.log.purge.gap = 1000000 (custom)
2021-10-12 06:05:33,063 [pool-562-thread-1] INFO  server.RaftServerConfigKeys (ConfUtils.java:logGet(44)) - raft.server.log.appender.buffer.byte-limit = 33554432 (custom)
2021-10-12 06:05:33,063 [pool-562-thread-1] INFO  server.RaftServerConfigKeys (ConfUtils.java:logGet(44)) - raft.server.log.segment.size.max = 1048576 (custom)
2021-10-12 06:05:33,063 [pool-562-thread-1] INFO  server.RaftServerConfigKeys (ConfUtils.java:logGet(44)) - raft.server.log.segment.cache.num.max = 2 (custom)
2021-10-12 06:05:33,063 [pool-562-thread-1] INFO  server.RaftServerConfigKeys (ConfUtils.java:logGet(44)) - raft.server.log.segment.cache.size.max = 200MB (=209715200) (default)
2021-10-12 06:05:33,063 [pool-562-thread-1] INFO  segmented.SegmentedRaftLogWorker (SegmentedRaftLogWorker.java:<init>(182)) - new a928fc34-d4b3-4f47-b859-83818f25ed6e@group-C2DAA97EBB05-SegmentedRaftLogWorker for RaftStorageImpl:Storage Directory /home/runner/work/ozone/ozone/hadoop-ozone/integration-test/target/test-dir/MiniOzoneClusterImpl-c6dc50ab-6fac-4554-b78d-9440f3e38bfb/datanode-2/data/ratis/7390dcda-dbd8-4381-851a-c2daa97ebb05
2021-10-12 06:05:33,063 [pool-562-thread-1] INFO  server.RaftServerConfigKeys (ConfUtils.java:logGet(44)) - raft.server.log.queue.byte-limit = 2147483647 (custom)
2021-10-12 06:05:33,063 [pool-562-thread-1] INFO  server.RaftServerConfigKeys (ConfUtils.java:logGet(44)) - raft.server.log.queue.element-limit = 1024 (custom)
2021-10-12 06:05:33,063 [pool-562-thread-1] INFO  server.RaftServerConfigKeys (ConfUtils.java:logGet(44)) - raft.server.log.segment.size.max = 1048576 (custom)
2021-10-12 06:05:33,063 [pool-562-thread-1] INFO  server.RaftServerConfigKeys (ConfUtils.java:logGet(44)) - raft.server.log.preallocated.size = 16384 (custom)
2021-10-12 06:05:33,063 [pool-562-thread-1] INFO  server.RaftServerConfigKeys (ConfUtils.java:logGet(44)) - raft.server.log.force.sync.num = 128 (default)
2021-10-12 06:05:33,064 [pool-562-thread-1] INFO  server.RaftServerConfigKeys (ConfUtils.java:logGet(44)) - raft.server.log.statemachine.data.sync = true (default)
2021-10-12 06:05:33,064 [pool-562-thread-1] INFO  server.RaftServerConfigKeys (ConfUtils.java:logGet(44)) - raft.server.log.statemachine.data.sync.timeout = 10s (default)
2021-10-12 06:05:33,064 [pool-562-thread-1] INFO  server.RaftServerConfigKeys (ConfUtils.java:logGet(44)) - raft.server.log.statemachine.data.sync.timeout.retry = -1 (default)
2021-10-12 06:05:33,064 [pool-562-thread-1] INFO  server.RaftServerConfigKeys (ConfUtils.java:logGet(44)) - raft.server.log.write.buffer.size = 1048576 (custom)
2021-10-12 06:05:33,065 [pool-562-thread-1] INFO  server.RaftServerConfigKeys (ConfUtils.java:logGet(44)) - raft.server.log.statemachine.data.caching.enabled = true (custom)
2021-10-12 06:05:33,065 [pool-562-thread-1] INFO  segmented.SegmentedRaftLogWorker (SegmentedRaftLogWorker.java:lambda$new$0(133)) - a928fc34-d4b3-4f47-b859-83818f25ed6e@group-C2DAA97EBB05-SegmentedRaftLogWorker: flushIndex: setUnconditionally 0 -> -1
2021-10-12 06:05:33,065 [pool-562-thread-1] INFO  segmented.SegmentedRaftLogWorker (SegmentedRaftLogWorker.java:lambda$new$0(133)) - a928fc34-d4b3-4f47-b859-83818f25ed6e@group-C2DAA97EBB05-SegmentedRaftLogWorker: safeCacheEvictIndex: setUnconditionally 0 -> -1
2021-10-12 06:05:33,065 [Datanode State Machine Thread - 0] WARN  statemachine.StateContext (StateContext.java:execute(621)) - No available thread in pool for past 1 seconds.
2021-10-12 06:05:33,074 [pool-562-thread-1] INFO  server.RaftServerConfigKeys (ConfUtils.java:logGet(44)) - raft.server.snapshot.auto.trigger.enabled = true (custom)
2021-10-12 06:05:33,074 [pool-562-thread-1] INFO  server.RaftServerConfigKeys (ConfUtils.java:logGet(44)) - raft.server.snapshot.auto.trigger.threshold = 10000 (custom)
2021-10-12 06:05:33,074 [pool-562-thread-1] INFO  server.RaftServerConfigKeys (ConfUtils.java:logGet(44)) - raft.server.snapshot.retention.file.num = 5 (custom)
2021-10-12 06:05:33,074 [pool-562-thread-1] INFO  server.RaftServerConfigKeys (ConfUtils.java:logGet(44)) - raft.server.log.purge.upto.snapshot.index = false (default)
2021-10-12 06:05:33,074 [pool-562-thread-1] INFO  server.RaftServerConfigKeys (ConfUtils.java:logGet(44)) - raft.server.retrycache.expirytime = 600000ms (custom)
2021-10-12 06:05:33,074 [pool-562-thread-1] INFO  server.RaftServerConfigKeys (ConfUtils.java:logGet(44)) - raft.server.retrycache.statistics.expirytime = 100μs (default)
2021-10-12 06:05:33,075 [pool-562-thread-1] INFO  server.RaftServer$Division (RaftServerImpl.java:start(296)) - a928fc34-d4b3-4f47-b859-83818f25ed6e@group-C2DAA97EBB05: start as a follower, conf=-1: [69929a81-75b5-4e59-a9cb-c7e6f0fb6fd6|rpc:10.1.0.59:40555|dataStream:|priority:1, a928fc34-d4b3-4f47-b859-83818f25ed6e|rpc:10.1.0.59:35709|dataStream:|priority:0, f6edce37-208d-40f1-ab7e-323414b00593|rpc:10.1.0.59:35829|dataStream:|priority:0], old=null
2021-10-12 06:05:33,075 [pool-562-thread-1] INFO  server.RaftServer$Division (RaftServerImpl.java:setRole(285)) - a928fc34-d4b3-4f47-b859-83818f25ed6e@group-C2DAA97EBB05: changes role from      null to FOLLOWER at term 0 for startAsFollower
2021-10-12 06:05:33,076 [pool-562-thread-1] INFO  impl.RoleInfo (RoleInfo.java:updateAndGet(130)) - a928fc34-d4b3-4f47-b859-83818f25ed6e: start a928fc34-d4b3-4f47-b859-83818f25ed6e@group-C2DAA97EBB05-FollowerState
2021-10-12 06:05:33,106 [pool-562-thread-1] INFO  util.JmxRegister (JmxRegister.java:tryRegister(44)) - Successfully registered JMX Bean with object name Ratis:service=RaftServer,group=group-C2DAA97EBB05,id=a928fc34-d4b3-4f47-b859-83818f25ed6e
2021-10-12 06:05:33,261 [Command processor thread] INFO  commandhandler.CreatePipelineCommandHandler (CreatePipelineCommandHandler.java:handle(106)) - Created Pipeline RATIS THREE PipelineID=7390dcda-dbd8-4381-851a-c2daa97ebb05.
2021-10-12 06:05:33,302 [Command processor thread] INFO  commandhandler.CreatePipelineCommandHandler (CreatePipelineCommandHandler.java:handle(106)) - Created Pipeline RATIS THREE PipelineID=7390dcda-dbd8-4381-851a-c2daa97ebb05.
2021-10-12 06:05:33,341 [Command processor thread] INFO  server.RaftServer (RaftServerProxy.java:addNew(95)) - a928fc34-d4b3-4f47-b859-83818f25ed6e: addNew group-A54A29D33CF6:[a928fc34-d4b3-4f47-b859-83818f25ed6e|rpc:10.1.0.59:35709|priority:1] returns group-A54A29D33CF6:java.util.concurrent.CompletableFuture@2da1a58f[Not completed]
2021-10-12 06:05:33,342 [pool-562-thread-1] INFO  server.RaftServer$Division (RaftServerImpl.java:<init>(181)) - a928fc34-d4b3-4f47-b859-83818f25ed6e: new RaftServerImpl for group-A54A29D33CF6:[a928fc34-d4b3-4f47-b859-83818f25ed6e|rpc:10.1.0.59:35709|priority:1] with ContainerStateMachine:uninitialized
2021-10-12 06:05:33,342 [pool-562-thread-1] INFO  server.RaftServerConfigKeys (ConfUtils.java:logGet(44)) - raft.server.rpc.timeout.min = 5s (custom)
2021-10-12 06:05:33,342 [pool-562-thread-1] INFO  server.RaftServerConfigKeys (ConfUtils.java:logGet(44)) - raft.server.rpc.timeout.max = 5200ms (custom)
2021-10-12 06:05:33,342 [pool-562-thread-1] INFO  server.RaftServerConfigKeys (ConfUtils.java:logGet(44)) - raft.server.rpc.sleep.time = 25ms (default)
2021-10-12 06:05:33,342 [pool-562-thread-1] INFO  server.RaftServerConfigKeys (ConfUtils.java:logGet(44)) - raft.server.rpc.slowness.timeout = 300000ms (custom)
2021-10-12 06:05:33,342 [pool-562-thread-1] INFO  server.RaftServerConfigKeys (ConfUtils.java:logGet(44)) - raft.server.leaderelection.leader.step-down.wait-time = 10s (default)
2021-10-12 06:05:33,342 [pool-562-thread-1] INFO  server.RaftServerConfigKeys (ConfUtils.java:logGet(44)) - raft.server.sleep.deviation.threshold = 300ms (default)
2021-10-12 06:05:33,342 [pool-562-thread-1] INFO  server.RaftServerConfigKeys (ConfUtils.java:logGet(44)) - raft.server.log.appender.install.snapshot.enabled = false (custom)
2021-10-12 06:05:33,342 [pool-562-thread-1] INFO  server.RaftServer$Division (ServerState.java:<init>(105)) - a928fc34-d4b3-4f47-b859-83818f25ed6e@group-A54A29D33CF6: ConfigurationManager, init=-1: [a928fc34-d4b3-4f47-b859-83818f25ed6e|rpc:10.1.0.59:35709|priority:1], old=null, confs=<EMPTY_MAP>
2021-10-12 06:05:33,343 [pool-562-thread-1] INFO  server.RaftServerConfigKeys (ConfUtils.java:logGet(44)) - raft.server.storage.dir = [/home/runner/work/ozone/ozone/hadoop-ozone/integration-test/target/test-dir/MiniOzoneClusterImpl-c6dc50ab-6fac-4554-b78d-9440f3e38bfb/datanode-2/data/ratis] (custom)
2021-10-12 06:05:33,343 [pool-562-thread-1] INFO  server.RaftServerConfigKeys (ConfUtils.java:logGet(44)) - raft.server.log.corruption.policy = EXCEPTION (default)
2021-10-12 06:05:33,343 [pool-562-thread-1] INFO  server.RaftServerConfigKeys (ConfUtils.java:logGet(44)) - raft.server.storage.free-space.min = 0MB (=0) (default)
2021-10-12 06:05:33,343 [pool-562-thread-1] INFO  storage.RaftStorageDirectory (RaftStorageDirectoryImpl.java:analyzeStorage(135)) - The storage directory /home/runner/work/ozone/ozone/hadoop-ozone/integration-test/target/test-dir/MiniOzoneClusterImpl-c6dc50ab-6fac-4554-b78d-9440f3e38bfb/datanode-2/data/ratis/fb1f687b-0b6e-4734-b0ab-a54a29d33cf6 does not exist. Creating ...
2021-10-12 06:05:33,349 [pool-562-thread-1] INFO  storage.RaftStorageDirectory (RaftStorageDirectoryImpl.java:tryLock(230)) - Lock on /home/runner/work/ozone/ozone/hadoop-ozone/integration-test/target/test-dir/MiniOzoneClusterImpl-c6dc50ab-6fac-4554-b78d-9440f3e38bfb/datanode-2/data/ratis/fb1f687b-0b6e-4734-b0ab-a54a29d33cf6/in_use.lock acquired by nodename 8742@fv-az297-361
2021-10-12 06:05:33,362 [pool-562-thread-1] INFO  storage.RaftStorage (RaftStorageImpl.java:format(89)) - Storage directory /home/runner/work/ozone/ozone/hadoop-ozone/integration-test/target/test-dir/MiniOzoneClusterImpl-c6dc50ab-6fac-4554-b78d-9440f3e38bfb/datanode-2/data/ratis/fb1f687b-0b6e-4734-b0ab-a54a29d33cf6 has been successfully formatted.
2021-10-12 06:05:33,362 [pool-562-thread-1] INFO  ratis.ContainerStateMachine (ContainerStateMachine.java:loadSnapshot(224)) - group-A54A29D33CF6: The snapshot info is null. Setting the last applied indexto:(t:0, i:~)
2021-10-12 06:05:33,362 [pool-562-thread-1] INFO  server.RaftServerConfigKeys (ConfUtils.java:logGet(44)) - raft.server.notification.no-leader.timeout = 300000ms (custom)
2021-10-12 06:05:33,362 [pool-562-thread-1] INFO  server.RaftServerConfigKeys (ConfUtils.java:logGet(44)) - raft.server.log.use.memory = false (default)
2021-10-12 06:05:33,362 [pool-562-thread-1] INFO  server.RaftServerConfigKeys (ConfUtils.java:logGet(44)) - raft.server.log.purge.gap = 1000000 (custom)
2021-10-12 06:05:33,362 [pool-562-thread-1] INFO  server.RaftServerConfigKeys (ConfUtils.java:logGet(44)) - raft.server.log.appender.buffer.byte-limit = 33554432 (custom)
2021-10-12 06:05:33,363 [pool-562-thread-1] INFO  server.RaftServerConfigKeys (ConfUtils.java:logGet(44)) - raft.server.log.segment.size.max = 1048576 (custom)
2021-10-12 06:05:33,363 [pool-562-thread-1] INFO  server.RaftServerConfigKeys (ConfUtils.java:logGet(44)) - raft.server.log.segment.cache.num.max = 2 (custom)
2021-10-12 06:05:33,363 [pool-562-thread-1] INFO  server.RaftServerConfigKeys (ConfUtils.java:logGet(44)) - raft.server.log.segment.cache.size.max = 200MB (=209715200) (default)
2021-10-12 06:05:33,363 [pool-562-thread-1] INFO  segmented.SegmentedRaftLogWorker (SegmentedRaftLogWorker.java:<init>(182)) - new a928fc34-d4b3-4f47-b859-83818f25ed6e@group-A54A29D33CF6-SegmentedRaftLogWorker for RaftStorageImpl:Storage Directory /home/runner/work/ozone/ozone/hadoop-ozone/integration-test/target/test-dir/MiniOzoneClusterImpl-c6dc50ab-6fac-4554-b78d-9440f3e38bfb/datanode-2/data/ratis/fb1f687b-0b6e-4734-b0ab-a54a29d33cf6
2021-10-12 06:05:33,363 [pool-562-thread-1] INFO  server.RaftServerConfigKeys (ConfUtils.java:logGet(44)) - raft.server.log.queue.byte-limit = 2147483647 (custom)
2021-10-12 06:05:33,363 [pool-562-thread-1] INFO  server.RaftServerConfigKeys (ConfUtils.java:logGet(44)) - raft.server.log.queue.element-limit = 1024 (custom)
2021-10-12 06:05:33,363 [pool-562-thread-1] INFO  server.RaftServerConfigKeys (ConfUtils.java:logGet(44)) - raft.server.log.segment.size.max = 1048576 (custom)
2021-10-12 06:05:33,363 [pool-562-thread-1] INFO  server.RaftServerConfigKeys (ConfUtils.java:logGet(44)) - raft.server.log.preallocated.size = 16384 (custom)
2021-10-12 06:05:33,363 [pool-562-thread-1] INFO  server.RaftServerConfigKeys (ConfUtils.java:logGet(44)) - raft.server.log.force.sync.num = 128 (default)
2021-10-12 06:05:33,363 [pool-562-thread-1] INFO  server.RaftServerConfigKeys (ConfUtils.java:logGet(44)) - raft.server.log.statemachine.data.sync = true (default)
2021-10-12 06:05:33,363 [pool-562-thread-1] INFO  server.RaftServerConfigKeys (ConfUtils.java:logGet(44)) - raft.server.log.statemachine.data.sync.timeout = 10s (default)
2021-10-12 06:05:33,363 [pool-562-thread-1] INFO  server.RaftServerConfigKeys (ConfUtils.java:logGet(44)) - raft.server.log.statemachine.data.sync.timeout.retry = -1 (default)
2021-10-12 06:05:33,364 [pool-562-thread-1] INFO  server.RaftServerConfigKeys (ConfUtils.java:logGet(44)) - raft.server.log.write.buffer.size = 1048576 (custom)
2021-10-12 06:05:33,364 [pool-562-thread-1] INFO  server.RaftServerConfigKeys (ConfUtils.java:logGet(44)) - raft.server.log.statemachine.data.caching.enabled = true (custom)
2021-10-12 06:05:33,365 [pool-562-thread-1] INFO  segmented.SegmentedRaftLogWorker (SegmentedRaftLogWorker.java:lambda$new$0(133)) - a928fc34-d4b3-4f47-b859-83818f25ed6e@group-A54A29D33CF6-SegmentedRaftLogWorker: flushIndex: setUnconditionally 0 -> -1
2021-10-12 06:05:33,365 [pool-562-thread-1] INFO  segmented.SegmentedRaftLogWorker (SegmentedRaftLogWorker.java:lambda$new$0(133)) - a928fc34-d4b3-4f47-b859-83818f25ed6e@group-A54A29D33CF6-SegmentedRaftLogWorker: safeCacheEvictIndex: setUnconditionally 0 -> -1
2021-10-12 06:05:33,365 [Datanode State Machine Thread - 0] WARN  statemachine.StateContext (StateContext.java:execute(621)) - No available thread in pool for past 1 seconds.
2021-10-12 06:05:33,368 [EventQueue-PipelineReportForPipelineReportHandler] INFO  pipeline.PipelineManagerImpl (PipelineManagerImpl.java:openPipeline(282)) - Pipeline Pipeline[ Id: fb1f687b-0b6e-4734-b0ab-a54a29d33cf6, Nodes: a928fc34-d4b3-4f47-b859-83818f25ed6e{ip: 10.1.0.59, host: fv-az297-361.nmf1rxwemy4u5di1sxxf4ejcwb.jx.internal.cloudapp.net, ports: [REPLICATION=46425, RATIS=35709, RATIS_ADMIN=35709, RATIS_SERVER=35709, STANDALONE=38129], networkLocation: /default-rack, certSerialId: null, persistedOpState: IN_SERVICE, persistedOpStateExpiryEpochSec: 0}, ReplicationConfig: RATIS/ONE, State:ALLOCATED, leaderId:a928fc34-d4b3-4f47-b859-83818f25ed6e, CreationTimestamp2021-10-12T06:05:30.349Z[Etc/UTC]] moved to OPEN state
2021-10-12 06:05:33,368 [EventQueue-OpenPipelineForHealthyPipelineSafeModeRule] INFO  safemode.SCMSafeModeManager (HealthyPipelineSafeModeRule.java:process(124)) - SCM in safe mode. Healthy pipelines reported count is 0, required healthy pipeline reported count is 1
2021-10-12 06:05:33,374 [Listener at 127.0.0.1/38829] INFO  ozone.MiniOzoneClusterImpl (MiniOzoneClusterImpl.java:lambda$waitForClusterToBeReady$0(235)) - Nodes are ready. Got 7 of 7 DN Heartbeats.
2021-10-12 06:05:33,374 [Listener at 127.0.0.1/38829] INFO  ozone.MiniOzoneClusterImpl (MiniOzoneClusterImpl.java:lambda$waitForClusterToBeReady$0(238)) - Waiting for cluster to exit safe mode
2021-10-12 06:05:33,374 [Listener at 127.0.0.1/38829] INFO  ozone.MiniOzoneClusterImpl (MiniOzoneClusterImpl.java:lambda$waitForClusterToBeReady$0(240)) - SCM became leader
2021-10-12 06:05:33,386 [pool-562-thread-1] INFO  server.RaftServerConfigKeys (ConfUtils.java:logGet(44)) - raft.server.snapshot.auto.trigger.enabled = true (custom)
2021-10-12 06:05:33,386 [pool-562-thread-1] INFO  server.RaftServerConfigKeys (ConfUtils.java:logGet(44)) - raft.server.snapshot.auto.trigger.threshold = 10000 (custom)
2021-10-12 06:05:33,386 [pool-562-thread-1] INFO  server.RaftServerConfigKeys (ConfUtils.java:logGet(44)) - raft.server.snapshot.retention.file.num = 5 (custom)
2021-10-12 06:05:33,386 [pool-562-thread-1] INFO  server.RaftServerConfigKeys (ConfUtils.java:logGet(44)) - raft.server.log.purge.upto.snapshot.index = false (default)
2021-10-12 06:05:33,386 [pool-562-thread-1] INFO  server.RaftServerConfigKeys (ConfUtils.java:logGet(44)) - raft.server.retrycache.expirytime = 600000ms (custom)
2021-10-12 06:05:33,386 [pool-562-thread-1] INFO  server.RaftServerConfigKeys (ConfUtils.java:logGet(44)) - raft.server.retrycache.statistics.expirytime = 100μs (default)
2021-10-12 06:05:33,387 [pool-562-thread-1] INFO  server.RaftServer$Division (RaftServerImpl.java:start(296)) - a928fc34-d4b3-4f47-b859-83818f25ed6e@group-A54A29D33CF6: start as a follower, conf=-1: [a928fc34-d4b3-4f47-b859-83818f25ed6e|rpc:10.1.0.59:35709|priority:1], old=null
2021-10-12 06:05:33,388 [pool-562-thread-1] INFO  server.RaftServer$Division (RaftServerImpl.java:setRole(285)) - a928fc34-d4b3-4f47-b859-83818f25ed6e@group-A54A29D33CF6: changes role from      null to FOLLOWER at term 0 for startAsFollower
2021-10-12 06:05:33,388 [pool-562-thread-1] INFO  impl.RoleInfo (RoleInfo.java:updateAndGet(130)) - a928fc34-d4b3-4f47-b859-83818f25ed6e: start a928fc34-d4b3-4f47-b859-83818f25ed6e@group-A54A29D33CF6-FollowerState
2021-10-12 06:05:33,392 [pool-562-thread-1] INFO  util.JmxRegister (JmxRegister.java:tryRegister(44)) - Successfully registered JMX Bean with object name Ratis:service=RaftServer,group=group-A54A29D33CF6,id=a928fc34-d4b3-4f47-b859-83818f25ed6e
2021-10-12 06:05:33,392 [Command processor thread] INFO  ratis.XceiverServerRatis (XceiverServerRatis.java:addGroup(763)) - Created group PipelineID=fb1f687b-0b6e-4734-b0ab-a54a29d33cf6
2021-10-12 06:05:33,392 [Command processor thread] INFO  commandhandler.CreatePipelineCommandHandler (CreatePipelineCommandHandler.java:handle(106)) - Created Pipeline RATIS ONE PipelineID=fb1f687b-0b6e-4734-b0ab-a54a29d33cf6.
2021-10-12 06:05:33,812 [Command processor thread] INFO  server.RaftServer (RaftServerProxy.java:addNew(95)) - fdd2c237-e414-4605-b3b4-833d5e073368: addNew group-38AEEACB237B:[fdd2c237-e414-4605-b3b4-833d5e073368|rpc:10.1.0.59:38743|priority:1] returns group-38AEEACB237B:java.util.concurrent.CompletableFuture@292106f1[Not completed]
2021-10-12 06:05:33,813 [pool-581-thread-1] INFO  server.RaftServer$Division (RaftServerImpl.java:<init>(181)) - fdd2c237-e414-4605-b3b4-833d5e073368: new RaftServerImpl for group-38AEEACB237B:[fdd2c237-e414-4605-b3b4-833d5e073368|rpc:10.1.0.59:38743|priority:1] with ContainerStateMachine:uninitialized
2021-10-12 06:05:33,813 [pool-581-thread-1] INFO  server.RaftServerConfigKeys (ConfUtils.java:logGet(44)) - raft.server.rpc.timeout.min = 5s (custom)
2021-10-12 06:05:33,813 [pool-581-thread-1] INFO  server.RaftServerConfigKeys (ConfUtils.java:logGet(44)) - raft.server.rpc.timeout.max = 5200ms (custom)
2021-10-12 06:05:33,813 [pool-581-thread-1] INFO  server.RaftServerConfigKeys (ConfUtils.java:logGet(44)) - raft.server.rpc.sleep.time = 25ms (default)
2021-10-12 06:05:33,813 [pool-581-thread-1] INFO  server.RaftServerConfigKeys (ConfUtils.java:logGet(44)) - raft.server.rpc.slowness.timeout = 300000ms (custom)
2021-10-12 06:05:33,814 [pool-581-thread-1] INFO  server.RaftServerConfigKeys (ConfUtils.java:logGet(44)) - raft.server.leaderelection.leader.step-down.wait-time = 10s (default)
2021-10-12 06:05:33,814 [pool-581-thread-1] INFO  server.RaftServerConfigKeys (ConfUtils.java:logGet(44)) - raft.server.sleep.deviation.threshold = 300ms (default)
2021-10-12 06:05:33,814 [pool-581-thread-1] INFO  server.RaftServerConfigKeys (ConfUtils.java:logGet(44)) - raft.server.log.appender.install.snapshot.enabled = false (custom)
2021-10-12 06:05:33,814 [pool-581-thread-1] INFO  server.RaftServer$Division (ServerState.java:<init>(105)) - fdd2c237-e414-4605-b3b4-833d5e073368@group-38AEEACB237B: ConfigurationManager, init=-1: [fdd2c237-e414-4605-b3b4-833d5e073368|rpc:10.1.0.59:38743|priority:1], old=null, confs=<EMPTY_MAP>
2021-10-12 06:05:33,814 [pool-581-thread-1] INFO  server.RaftServerConfigKeys (ConfUtils.java:logGet(44)) - raft.server.storage.dir = [/home/runner/work/ozone/ozone/hadoop-ozone/integration-test/target/test-dir/MiniOzoneClusterImpl-c6dc50ab-6fac-4554-b78d-9440f3e38bfb/datanode-3/data/ratis] (custom)
2021-10-12 06:05:33,814 [pool-581-thread-1] INFO  server.RaftServerConfigKeys (ConfUtils.java:logGet(44)) - raft.server.log.corruption.policy = EXCEPTION (default)
2021-10-12 06:05:33,814 [pool-581-thread-1] INFO  server.RaftServerConfigKeys (ConfUtils.java:logGet(44)) - raft.server.storage.free-space.min = 0MB (=0) (default)
2021-10-12 06:05:33,814 [pool-581-thread-1] INFO  storage.RaftStorageDirectory (RaftStorageDirectoryImpl.java:analyzeStorage(135)) - The storage directory /home/runner/work/ozone/ozone/hadoop-ozone/integration-test/target/test-dir/MiniOzoneClusterImpl-c6dc50ab-6fac-4554-b78d-9440f3e38bfb/datanode-3/data/ratis/7608d580-c439-4c58-a09b-38aeeacb237b does not exist. Creating ...
2021-10-12 06:05:33,832 [pool-581-thread-1] INFO  storage.RaftStorageDirectory (RaftStorageDirectoryImpl.java:tryLock(230)) - Lock on /home/runner/work/ozone/ozone/hadoop-ozone/integration-test/target/test-dir/MiniOzoneClusterImpl-c6dc50ab-6fac-4554-b78d-9440f3e38bfb/datanode-3/data/ratis/7608d580-c439-4c58-a09b-38aeeacb237b/in_use.lock acquired by nodename 8742@fv-az297-361
2021-10-12 06:05:33,838 [pool-581-thread-1] INFO  storage.RaftStorage (RaftStorageImpl.java:format(89)) - Storage directory /home/runner/work/ozone/ozone/hadoop-ozone/integration-test/target/test-dir/MiniOzoneClusterImpl-c6dc50ab-6fac-4554-b78d-9440f3e38bfb/datanode-3/data/ratis/7608d580-c439-4c58-a09b-38aeeacb237b has been successfully formatted.
2021-10-12 06:05:33,842 [pool-581-thread-1] INFO  ratis.ContainerStateMachine (ContainerStateMachine.java:loadSnapshot(224)) - group-38AEEACB237B: The snapshot info is null. Setting the last applied indexto:(t:0, i:~)
2021-10-12 06:05:33,842 [Datanode State Machine Thread - 0] WARN  statemachine.StateContext (StateContext.java:execute(621)) - No available thread in pool for past 1 seconds.
2021-10-12 06:05:33,842 [pool-581-thread-1] INFO  server.RaftServerConfigKeys (ConfUtils.java:logGet(44)) - raft.server.notification.no-leader.timeout = 300000ms (custom)
2021-10-12 06:05:33,842 [pool-581-thread-1] INFO  server.RaftServerConfigKeys (ConfUtils.java:logGet(44)) - raft.server.log.use.memory = false (default)
2021-10-12 06:05:33,842 [pool-581-thread-1] INFO  server.RaftServerConfigKeys (ConfUtils.java:logGet(44)) - raft.server.log.purge.gap = 1000000 (custom)
2021-10-12 06:05:33,843 [EventQueue-PipelineReportForPipelineReportHandler] INFO  pipeline.PipelineManagerImpl (PipelineManagerImpl.java:openPipeline(282)) - Pipeline Pipeline[ Id: 7608d580-c439-4c58-a09b-38aeeacb237b, Nodes: fdd2c237-e414-4605-b3b4-833d5e073368{ip: 10.1.0.59, host: fv-az297-361.nmf1rxwemy4u5di1sxxf4ejcwb.jx.internal.cloudapp.net, ports: [REPLICATION=33853, RATIS=38743, RATIS_ADMIN=38743, RATIS_SERVER=38743, STANDALONE=36483], networkLocation: /default-rack, certSerialId: null, persistedOpState: IN_SERVICE, persistedOpStateExpiryEpochSec: 0}, ReplicationConfig: RATIS/ONE, State:ALLOCATED, leaderId:fdd2c237-e414-4605-b3b4-833d5e073368, CreationTimestamp2021-10-12T06:05:30.815Z[Etc/UTC]] moved to OPEN state
2021-10-12 06:05:33,843 [EventQueue-OpenPipelineForHealthyPipelineSafeModeRule] INFO  safemode.SCMSafeModeManager (HealthyPipelineSafeModeRule.java:process(124)) - SCM in safe mode. Healthy pipelines reported count is 0, required healthy pipeline reported count is 1
2021-10-12 06:05:33,843 [pool-581-thread-1] INFO  server.RaftServerConfigKeys (ConfUtils.java:logGet(44)) - raft.server.log.appender.buffer.byte-limit = 33554432 (custom)
2021-10-12 06:05:33,845 [pool-581-thread-1] INFO  server.RaftServerConfigKeys (ConfUtils.java:logGet(44)) - raft.server.log.segment.size.max = 1048576 (custom)
2021-10-12 06:05:33,846 [pool-581-thread-1] INFO  server.RaftServerConfigKeys (ConfUtils.java:logGet(44)) - raft.server.log.segment.cache.num.max = 2 (custom)
2021-10-12 06:05:33,846 [pool-581-thread-1] INFO  server.RaftServerConfigKeys (ConfUtils.java:logGet(44)) - raft.server.log.segment.cache.size.max = 200MB (=209715200) (default)
2021-10-12 06:05:33,846 [pool-581-thread-1] INFO  segmented.SegmentedRaftLogWorker (SegmentedRaftLogWorker.java:<init>(182)) - new fdd2c237-e414-4605-b3b4-833d5e073368@group-38AEEACB237B-SegmentedRaftLogWorker for RaftStorageImpl:Storage Directory /home/runner/work/ozone/ozone/hadoop-ozone/integration-test/target/test-dir/MiniOzoneClusterImpl-c6dc50ab-6fac-4554-b78d-9440f3e38bfb/datanode-3/data/ratis/7608d580-c439-4c58-a09b-38aeeacb237b
2021-10-12 06:05:33,846 [pool-581-thread-1] INFO  server.RaftServerConfigKeys (ConfUtils.java:logGet(44)) - raft.server.log.queue.byte-limit = 2147483647 (custom)
2021-10-12 06:05:33,849 [pool-581-thread-1] INFO  server.RaftServerConfigKeys (ConfUtils.java:logGet(44)) - raft.server.log.queue.element-limit = 1024 (custom)
2021-10-12 06:05:33,849 [pool-581-thread-1] INFO  server.RaftServerConfigKeys (ConfUtils.java:logGet(44)) - raft.server.log.segment.size.max = 1048576 (custom)
2021-10-12 06:05:33,849 [pool-581-thread-1] INFO  server.RaftServerConfigKeys (ConfUtils.java:logGet(44)) - raft.server.log.preallocated.size = 16384 (custom)
2021-10-12 06:05:33,849 [pool-581-thread-1] INFO  server.RaftServerConfigKeys (ConfUtils.java:logGet(44)) - raft.server.log.force.sync.num = 128 (default)
2021-10-12 06:05:33,849 [pool-581-thread-1] INFO  server.RaftServerConfigKeys (ConfUtils.java:logGet(44)) - raft.server.log.statemachine.data.sync = true (default)
2021-10-12 06:05:33,849 [pool-581-thread-1] INFO  server.RaftServerConfigKeys (ConfUtils.java:logGet(44)) - raft.server.log.statemachine.data.sync.timeout = 10s (default)
2021-10-12 06:05:33,849 [pool-581-thread-1] INFO  server.RaftServerConfigKeys (ConfUtils.java:logGet(44)) - raft.server.log.statemachine.data.sync.timeout.retry = -1 (default)
2021-10-12 06:05:33,850 [pool-581-thread-1] INFO  server.RaftServerConfigKeys (ConfUtils.java:logGet(44)) - raft.server.log.write.buffer.size = 1048576 (custom)
2021-10-12 06:05:33,851 [pool-581-thread-1] INFO  server.RaftServerConfigKeys (ConfUtils.java:logGet(44)) - raft.server.log.statemachine.data.caching.enabled = true (custom)
2021-10-12 06:05:33,852 [pool-581-thread-1] INFO  segmented.SegmentedRaftLogWorker (SegmentedRaftLogWorker.java:lambda$new$0(133)) - fdd2c237-e414-4605-b3b4-833d5e073368@group-38AEEACB237B-SegmentedRaftLogWorker: flushIndex: setUnconditionally 0 -> -1
2021-10-12 06:05:33,852 [pool-581-thread-1] INFO  segmented.SegmentedRaftLogWorker (SegmentedRaftLogWorker.java:lambda$new$0(133)) - fdd2c237-e414-4605-b3b4-833d5e073368@group-38AEEACB237B-SegmentedRaftLogWorker: safeCacheEvictIndex: setUnconditionally 0 -> -1
2021-10-12 06:05:33,858 [pool-581-thread-1] INFO  server.RaftServerConfigKeys (ConfUtils.java:logGet(44)) - raft.server.snapshot.auto.trigger.enabled = true (custom)
2021-10-12 06:05:33,858 [pool-581-thread-1] INFO  server.RaftServerConfigKeys (ConfUtils.java:logGet(44)) - raft.server.snapshot.auto.trigger.threshold = 10000 (custom)
2021-10-12 06:05:33,858 [pool-581-thread-1] INFO  server.RaftServerConfigKeys (ConfUtils.java:logGet(44)) - raft.server.snapshot.retention.file.num = 5 (custom)
2021-10-12 06:05:33,859 [pool-581-thread-1] INFO  server.RaftServerConfigKeys (ConfUtils.java:logGet(44)) - raft.server.log.purge.upto.snapshot.index = false (default)
2021-10-12 06:05:33,859 [pool-581-thread-1] INFO  server.RaftServerConfigKeys (ConfUtils.java:logGet(44)) - raft.server.retrycache.expirytime = 600000ms (custom)
2021-10-12 06:05:33,859 [pool-581-thread-1] INFO  server.RaftServerConfigKeys (ConfUtils.java:logGet(44)) - raft.server.retrycache.statistics.expirytime = 100μs (default)
2021-10-12 06:05:33,860 [pool-581-thread-1] INFO  server.RaftServer$Division (RaftServerImpl.java:start(296)) - fdd2c237-e414-4605-b3b4-833d5e073368@group-38AEEACB237B: start as a follower, conf=-1: [fdd2c237-e414-4605-b3b4-833d5e073368|rpc:10.1.0.59:38743|priority:1], old=null
2021-10-12 06:05:33,860 [pool-581-thread-1] INFO  server.RaftServer$Division (RaftServerImpl.java:setRole(285)) - fdd2c237-e414-4605-b3b4-833d5e073368@group-38AEEACB237B: changes role from      null to FOLLOWER at term 0 for startAsFollower
2021-10-12 06:05:33,860 [pool-581-thread-1] INFO  impl.RoleInfo (RoleInfo.java:updateAndGet(130)) - fdd2c237-e414-4605-b3b4-833d5e073368: start fdd2c237-e414-4605-b3b4-833d5e073368@group-38AEEACB237B-FollowerState
2021-10-12 06:05:33,880 [pool-581-thread-1] INFO  util.JmxRegister (JmxRegister.java:tryRegister(44)) - Successfully registered JMX Bean with object name Ratis:service=RaftServer,group=group-38AEEACB237B,id=fdd2c237-e414-4605-b3b4-833d5e073368
2021-10-12 06:05:33,886 [Command processor thread] INFO  ratis.XceiverServerRatis (XceiverServerRatis.java:addGroup(763)) - Created group PipelineID=7608d580-c439-4c58-a09b-38aeeacb237b
2021-10-12 06:05:33,886 [Command processor thread] INFO  commandhandler.CreatePipelineCommandHandler (CreatePipelineCommandHandler.java:handle(106)) - Created Pipeline RATIS ONE PipelineID=7608d580-c439-4c58-a09b-38aeeacb237b.
2021-10-12 06:05:33,887 [Command processor thread] INFO  server.RaftServer (RaftServerProxy.java:addNew(95)) - fdd2c237-e414-4605-b3b4-833d5e073368: addNew group-280CF83C0957:[1a275f92-aa29-4e99-8b54-16510abadaea|rpc:10.1.0.59:35911|priority:1, fd6d4eb7-d4eb-4c85-951f-7fa23d5c4e33|rpc:10.1.0.59:37125|priority:0, fdd2c237-e414-4605-b3b4-833d5e073368|rpc:10.1.0.59:38743|priority:0] returns group-280CF83C0957:java.util.concurrent.CompletableFuture@2d1e870d[Not completed]
2021-10-12 06:05:33,887 [pool-581-thread-1] INFO  server.RaftServer$Division (RaftServerImpl.java:<init>(181)) - fdd2c237-e414-4605-b3b4-833d5e073368: new RaftServerImpl for group-280CF83C0957:[1a275f92-aa29-4e99-8b54-16510abadaea|rpc:10.1.0.59:35911|priority:1, fd6d4eb7-d4eb-4c85-951f-7fa23d5c4e33|rpc:10.1.0.59:37125|priority:0, fdd2c237-e414-4605-b3b4-833d5e073368|rpc:10.1.0.59:38743|priority:0] with ContainerStateMachine:uninitialized
2021-10-12 06:05:33,887 [pool-581-thread-1] INFO  server.RaftServerConfigKeys (ConfUtils.java:logGet(44)) - raft.server.rpc.timeout.min = 5s (custom)
2021-10-12 06:05:33,887 [pool-581-thread-1] INFO  server.RaftServerConfigKeys (ConfUtils.java:logGet(44)) - raft.server.rpc.timeout.max = 5200ms (custom)
2021-10-12 06:05:33,887 [pool-581-thread-1] INFO  server.RaftServerConfigKeys (ConfUtils.java:logGet(44)) - raft.server.rpc.sleep.time = 25ms (default)
2021-10-12 06:05:33,887 [pool-581-thread-1] INFO  server.RaftServerConfigKeys (ConfUtils.java:logGet(44)) - raft.server.rpc.slowness.timeout = 300000ms (custom)
2021-10-12 06:05:33,887 [pool-581-thread-1] INFO  server.RaftServerConfigKeys (ConfUtils.java:logGet(44)) - raft.server.leaderelection.leader.step-down.wait-time = 10s (default)
2021-10-12 06:05:33,887 [pool-581-thread-1] INFO  server.RaftServerConfigKeys (ConfUtils.java:logGet(44)) - raft.server.sleep.deviation.threshold = 300ms (default)
2021-10-12 06:05:33,887 [pool-581-thread-1] INFO  server.RaftServerConfigKeys (ConfUtils.java:logGet(44)) - raft.server.log.appender.install.snapshot.enabled = false (custom)
2021-10-12 06:05:33,888 [pool-581-thread-1] INFO  server.RaftServer$Division (ServerState.java:<init>(105)) - fdd2c237-e414-4605-b3b4-833d5e073368@group-280CF83C0957: ConfigurationManager, init=-1: [1a275f92-aa29-4e99-8b54-16510abadaea|rpc:10.1.0.59:35911|priority:1, fd6d4eb7-d4eb-4c85-951f-7fa23d5c4e33|rpc:10.1.0.59:37125|priority:0, fdd2c237-e414-4605-b3b4-833d5e073368|rpc:10.1.0.59:38743|priority:0], old=null, confs=<EMPTY_MAP>
2021-10-12 06:05:33,888 [pool-581-thread-1] INFO  server.RaftServerConfigKeys (ConfUtils.java:logGet(44)) - raft.server.storage.dir = [/home/runner/work/ozone/ozone/hadoop-ozone/integration-test/target/test-dir/MiniOzoneClusterImpl-c6dc50ab-6fac-4554-b78d-9440f3e38bfb/datanode-3/data/ratis] (custom)
2021-10-12 06:05:33,888 [pool-581-thread-1] INFO  server.RaftServerConfigKeys (ConfUtils.java:logGet(44)) - raft.server.log.corruption.policy = EXCEPTION (default)
2021-10-12 06:05:33,888 [pool-581-thread-1] INFO  server.RaftServerConfigKeys (ConfUtils.java:logGet(44)) - raft.server.storage.free-space.min = 0MB (=0) (default)
2021-10-12 06:05:33,888 [pool-581-thread-1] INFO  storage.RaftStorageDirectory (RaftStorageDirectoryImpl.java:analyzeStorage(135)) - The storage directory /home/runner/work/ozone/ozone/hadoop-ozone/integration-test/target/test-dir/MiniOzoneClusterImpl-c6dc50ab-6fac-4554-b78d-9440f3e38bfb/datanode-3/data/ratis/0347fa64-7ac4-4e26-893b-280cf83c0957 does not exist. Creating ...
2021-10-12 06:05:33,906 [pool-581-thread-1] INFO  storage.RaftStorageDirectory (RaftStorageDirectoryImpl.java:tryLock(230)) - Lock on /home/runner/work/ozone/ozone/hadoop-ozone/integration-test/target/test-dir/MiniOzoneClusterImpl-c6dc50ab-6fac-4554-b78d-9440f3e38bfb/datanode-3/data/ratis/0347fa64-7ac4-4e26-893b-280cf83c0957/in_use.lock acquired by nodename 8742@fv-az297-361
2021-10-12 06:05:33,913 [pool-581-thread-1] INFO  storage.RaftStorage (RaftStorageImpl.java:format(89)) - Storage directory /home/runner/work/ozone/ozone/hadoop-ozone/integration-test/target/test-dir/MiniOzoneClusterImpl-c6dc50ab-6fac-4554-b78d-9440f3e38bfb/datanode-3/data/ratis/0347fa64-7ac4-4e26-893b-280cf83c0957 has been successfully formatted.
2021-10-12 06:05:33,913 [pool-581-thread-1] INFO  ratis.ContainerStateMachine (ContainerStateMachine.java:loadSnapshot(224)) - group-280CF83C0957: The snapshot info is null. Setting the last applied indexto:(t:0, i:~)
2021-10-12 06:05:33,913 [pool-581-thread-1] INFO  server.RaftServerConfigKeys (ConfUtils.java:logGet(44)) - raft.server.notification.no-leader.timeout = 300000ms (custom)
2021-10-12 06:05:33,913 [pool-581-thread-1] INFO  server.RaftServerConfigKeys (ConfUtils.java:logGet(44)) - raft.server.log.use.memory = false (default)
2021-10-12 06:05:33,913 [pool-581-thread-1] INFO  server.RaftServerConfigKeys (ConfUtils.java:logGet(44)) - raft.server.log.purge.gap = 1000000 (custom)
2021-10-12 06:05:33,913 [pool-581-thread-1] INFO  server.RaftServerConfigKeys (ConfUtils.java:logGet(44)) - raft.server.log.appender.buffer.byte-limit = 33554432 (custom)
2021-10-12 06:05:33,913 [pool-581-thread-1] INFO  server.RaftServerConfigKeys (ConfUtils.java:logGet(44)) - raft.server.log.segment.size.max = 1048576 (custom)
2021-10-12 06:05:33,914 [EventQueue-OpenPipelineForHealthyPipelineSafeModeRule] INFO  safemode.SCMSafeModeManager (HealthyPipelineSafeModeRule.java:process(124)) - SCM in safe mode. Healthy pipelines reported count is 0, required healthy pipeline reported count is 1
2021-10-12 06:05:33,913 [Datanode State Machine Thread - 0] WARN  statemachine.StateContext (StateContext.java:execute(621)) - No available thread in pool for past 1 seconds.
2021-10-12 06:05:33,914 [pool-581-thread-1] INFO  server.RaftServerConfigKeys (ConfUtils.java:logGet(44)) - raft.server.log.segment.cache.num.max = 2 (custom)
2021-10-12 06:05:33,914 [pool-581-thread-1] INFO  server.RaftServerConfigKeys (ConfUtils.java:logGet(44)) - raft.server.log.segment.cache.size.max = 200MB (=209715200) (default)
2021-10-12 06:05:33,914 [pool-581-thread-1] INFO  segmented.SegmentedRaftLogWorker (SegmentedRaftLogWorker.java:<init>(182)) - new fdd2c237-e414-4605-b3b4-833d5e073368@group-280CF83C0957-SegmentedRaftLogWorker for RaftStorageImpl:Storage Directory /home/runner/work/ozone/ozone/hadoop-ozone/integration-test/target/test-dir/MiniOzoneClusterImpl-c6dc50ab-6fac-4554-b78d-9440f3e38bfb/datanode-3/data/ratis/0347fa64-7ac4-4e26-893b-280cf83c0957
2021-10-12 06:05:33,914 [pool-581-thread-1] INFO  server.RaftServerConfigKeys (ConfUtils.java:logGet(44)) - raft.server.log.queue.byte-limit = 2147483647 (custom)
2021-10-12 06:05:33,914 [pool-581-thread-1] INFO  server.RaftServerConfigKeys (ConfUtils.java:logGet(44)) - raft.server.log.queue.element-limit = 1024 (custom)
2021-10-12 06:05:33,914 [pool-581-thread-1] INFO  server.RaftServerConfigKeys (ConfUtils.java:logGet(44)) - raft.server.log.segment.size.max = 1048576 (custom)
2021-10-12 06:05:33,914 [pool-581-thread-1] INFO  server.RaftServerConfigKeys (ConfUtils.java:logGet(44)) - raft.server.log.preallocated.size = 16384 (custom)
2021-10-12 06:05:33,914 [pool-581-thread-1] INFO  server.RaftServerConfigKeys (ConfUtils.java:logGet(44)) - raft.server.log.force.sync.num = 128 (default)
2021-10-12 06:05:33,914 [pool-581-thread-1] INFO  server.RaftServerConfigKeys (ConfUtils.java:logGet(44)) - raft.server.log.statemachine.data.sync = true (default)
2021-10-12 06:05:33,914 [pool-581-thread-1] INFO  server.RaftServerConfigKeys (ConfUtils.java:logGet(44)) - raft.server.log.statemachine.data.sync.timeout = 10s (default)
2021-10-12 06:05:33,914 [pool-581-thread-1] INFO  server.RaftServerConfigKeys (ConfUtils.java:logGet(44)) - raft.server.log.statemachine.data.sync.timeout.retry = -1 (default)
2021-10-12 06:05:33,922 [pool-581-thread-1] INFO  server.RaftServerConfigKeys (ConfUtils.java:logGet(44)) - raft.server.log.write.buffer.size = 1048576 (custom)
2021-10-12 06:05:33,932 [pool-581-thread-1] INFO  server.RaftServerConfigKeys (ConfUtils.java:logGet(44)) - raft.server.log.statemachine.data.caching.enabled = true (custom)
2021-10-12 06:05:33,933 [pool-581-thread-1] INFO  segmented.SegmentedRaftLogWorker (SegmentedRaftLogWorker.java:lambda$new$0(133)) - fdd2c237-e414-4605-b3b4-833d5e073368@group-280CF83C0957-SegmentedRaftLogWorker: flushIndex: setUnconditionally 0 -> -1
2021-10-12 06:05:33,933 [pool-581-thread-1] INFO  segmented.SegmentedRaftLogWorker (SegmentedRaftLogWorker.java:lambda$new$0(133)) - fdd2c237-e414-4605-b3b4-833d5e073368@group-280CF83C0957-SegmentedRaftLogWorker: safeCacheEvictIndex: setUnconditionally 0 -> -1
2021-10-12 06:05:33,935 [pool-581-thread-1] INFO  server.RaftServerConfigKeys (ConfUtils.java:logGet(44)) - raft.server.snapshot.auto.trigger.enabled = true (custom)
2021-10-12 06:05:33,935 [pool-581-thread-1] INFO  server.RaftServerConfigKeys (ConfUtils.java:logGet(44)) - raft.server.snapshot.auto.trigger.threshold = 10000 (custom)
2021-10-12 06:05:33,935 [pool-581-thread-1] INFO  server.RaftServerConfigKeys (ConfUtils.java:logGet(44)) - raft.server.snapshot.retention.file.num = 5 (custom)
2021-10-12 06:05:33,935 [pool-581-thread-1] INFO  server.RaftServerConfigKeys (ConfUtils.java:logGet(44)) - raft.server.log.purge.upto.snapshot.index = false (default)
2021-10-12 06:05:33,936 [pool-581-thread-1] INFO  server.RaftServerConfigKeys (ConfUtils.java:logGet(44)) - raft.server.retrycache.expirytime = 600000ms (custom)
2021-10-12 06:05:33,936 [pool-581-thread-1] INFO  server.RaftServerConfigKeys (ConfUtils.java:logGet(44)) - raft.server.retrycache.statistics.expirytime = 100μs (default)
2021-10-12 06:05:33,937 [pool-581-thread-1] INFO  server.RaftServer$Division (RaftServerImpl.java:start(296)) - fdd2c237-e414-4605-b3b4-833d5e073368@group-280CF83C0957: start as a follower, conf=-1: [1a275f92-aa29-4e99-8b54-16510abadaea|rpc:10.1.0.59:35911|priority:1, fd6d4eb7-d4eb-4c85-951f-7fa23d5c4e33|rpc:10.1.0.59:37125|priority:0, fdd2c237-e414-4605-b3b4-833d5e073368|rpc:10.1.0.59:38743|priority:0], old=null
2021-10-12 06:05:33,937 [pool-581-thread-1] INFO  server.RaftServer$Division (RaftServerImpl.java:setRole(285)) - fdd2c237-e414-4605-b3b4-833d5e073368@group-280CF83C0957: changes role from      null to FOLLOWER at term 0 for startAsFollower
2021-10-12 06:05:33,937 [pool-581-thread-1] INFO  impl.RoleInfo (RoleInfo.java:updateAndGet(130)) - fdd2c237-e414-4605-b3b4-833d5e073368: start fdd2c237-e414-4605-b3b4-833d5e073368@group-280CF83C0957-FollowerState
2021-10-12 06:05:33,937 [pool-581-thread-1] INFO  util.JmxRegister (JmxRegister.java:tryRegister(44)) - Successfully registered JMX Bean with object name Ratis:service=RaftServer,group=group-280CF83C0957,id=fdd2c237-e414-4605-b3b4-833d5e073368
2021-10-12 06:05:33,938 [Command processor thread] INFO  ratis.XceiverServerRatis (XceiverServerRatis.java:addGroup(763)) - Created group PipelineID=0347fa64-7ac4-4e26-893b-280cf83c0957
2021-10-12 06:05:33,963 [grpc-default-executor-2] INFO  server.RaftServer (RaftServerProxy.java:addNew(95)) - 1a275f92-aa29-4e99-8b54-16510abadaea: addNew group-280CF83C0957:[1a275f92-aa29-4e99-8b54-16510abadaea|rpc:10.1.0.59:35911|dataStream:|priority:1, fd6d4eb7-d4eb-4c85-951f-7fa23d5c4e33|rpc:10.1.0.59:37125|dataStream:|priority:0, fdd2c237-e414-4605-b3b4-833d5e073368|rpc:10.1.0.59:38743|dataStream:|priority:0] returns group-280CF83C0957:java.util.concurrent.CompletableFuture@464253b[Not completed]
2021-10-12 06:05:33,978 [pool-600-thread-1] INFO  server.RaftServer$Division (RaftServerImpl.java:<init>(181)) - 1a275f92-aa29-4e99-8b54-16510abadaea: new RaftServerImpl for group-280CF83C0957:[1a275f92-aa29-4e99-8b54-16510abadaea|rpc:10.1.0.59:35911|dataStream:|priority:1, fd6d4eb7-d4eb-4c85-951f-7fa23d5c4e33|rpc:10.1.0.59:37125|dataStream:|priority:0, fdd2c237-e414-4605-b3b4-833d5e073368|rpc:10.1.0.59:38743|dataStream:|priority:0] with ContainerStateMachine:uninitialized
2021-10-12 06:05:33,986 [pool-600-thread-1] INFO  server.RaftServerConfigKeys (ConfUtils.java:logGet(44)) - raft.server.rpc.timeout.min = 5s (custom)
2021-10-12 06:05:33,986 [pool-600-thread-1] INFO  server.RaftServerConfigKeys (ConfUtils.java:logGet(44)) - raft.server.rpc.timeout.max = 5200ms (custom)
2021-10-12 06:05:33,986 [pool-600-thread-1] INFO  server.RaftServerConfigKeys (ConfUtils.java:logGet(44)) - raft.server.rpc.sleep.time = 25ms (default)
2021-10-12 06:05:33,986 [pool-600-thread-1] INFO  server.RaftServerConfigKeys (ConfUtils.java:logGet(44)) - raft.server.rpc.slowness.timeout = 300000ms (custom)
2021-10-12 06:05:33,986 [pool-600-thread-1] INFO  server.RaftServerConfigKeys (ConfUtils.java:logGet(44)) - raft.server.leaderelection.leader.step-down.wait-time = 10s (default)
2021-10-12 06:05:33,986 [pool-600-thread-1] INFO  server.RaftServerConfigKeys (ConfUtils.java:logGet(44)) - raft.server.sleep.deviation.threshold = 300ms (default)
2021-10-12 06:05:33,986 [pool-600-thread-1] INFO  server.RaftServerConfigKeys (ConfUtils.java:logGet(44)) - raft.server.log.appender.install.snapshot.enabled = false (custom)
2021-10-12 06:05:33,986 [pool-600-thread-1] INFO  server.RaftServer$Division (ServerState.java:<init>(105)) - 1a275f92-aa29-4e99-8b54-16510abadaea@group-280CF83C0957: ConfigurationManager, init=-1: [1a275f92-aa29-4e99-8b54-16510abadaea|rpc:10.1.0.59:35911|dataStream:|priority:1, fd6d4eb7-d4eb-4c85-951f-7fa23d5c4e33|rpc:10.1.0.59:37125|dataStream:|priority:0, fdd2c237-e414-4605-b3b4-833d5e073368|rpc:10.1.0.59:38743|dataStream:|priority:0], old=null, confs=<EMPTY_MAP>
2021-10-12 06:05:33,986 [pool-600-thread-1] INFO  server.RaftServerConfigKeys (ConfUtils.java:logGet(44)) - raft.server.storage.dir = [/home/runner/work/ozone/ozone/hadoop-ozone/integration-test/target/test-dir/MiniOzoneClusterImpl-c6dc50ab-6fac-4554-b78d-9440f3e38bfb/datanode-4/data/ratis] (custom)
2021-10-12 06:05:33,987 [pool-600-thread-1] INFO  server.RaftServerConfigKeys (ConfUtils.java:logGet(44)) - raft.server.log.corruption.policy = EXCEPTION (default)
2021-10-12 06:05:33,987 [pool-600-thread-1] INFO  server.RaftServerConfigKeys (ConfUtils.java:logGet(44)) - raft.server.storage.free-space.min = 0MB (=0) (default)
2021-10-12 06:05:33,987 [pool-600-thread-1] INFO  storage.RaftStorageDirectory (RaftStorageDirectoryImpl.java:analyzeStorage(135)) - The storage directory /home/runner/work/ozone/ozone/hadoop-ozone/integration-test/target/test-dir/MiniOzoneClusterImpl-c6dc50ab-6fac-4554-b78d-9440f3e38bfb/datanode-4/data/ratis/0347fa64-7ac4-4e26-893b-280cf83c0957 does not exist. Creating ...
2021-10-12 06:05:33,989 [pool-600-thread-1] INFO  storage.RaftStorageDirectory (RaftStorageDirectoryImpl.java:tryLock(230)) - Lock on /home/runner/work/ozone/ozone/hadoop-ozone/integration-test/target/test-dir/MiniOzoneClusterImpl-c6dc50ab-6fac-4554-b78d-9440f3e38bfb/datanode-4/data/ratis/0347fa64-7ac4-4e26-893b-280cf83c0957/in_use.lock acquired by nodename 8742@fv-az297-361
2021-10-12 06:05:34,002 [pool-600-thread-1] INFO  storage.RaftStorage (RaftStorageImpl.java:format(89)) - Storage directory /home/runner/work/ozone/ozone/hadoop-ozone/integration-test/target/test-dir/MiniOzoneClusterImpl-c6dc50ab-6fac-4554-b78d-9440f3e38bfb/datanode-4/data/ratis/0347fa64-7ac4-4e26-893b-280cf83c0957 has been successfully formatted.
2021-10-12 06:05:34,022 [pool-600-thread-1] INFO  ratis.ContainerStateMachine (ContainerStateMachine.java:loadSnapshot(224)) - group-280CF83C0957: The snapshot info is null. Setting the last applied indexto:(t:0, i:~)
2021-10-12 06:05:34,022 [pool-600-thread-1] INFO  server.RaftServerConfigKeys (ConfUtils.java:logGet(44)) - raft.server.notification.no-leader.timeout = 300000ms (custom)
2021-10-12 06:05:34,022 [pool-600-thread-1] INFO  server.RaftServerConfigKeys (ConfUtils.java:logGet(44)) - raft.server.log.use.memory = false (default)
2021-10-12 06:05:34,022 [pool-600-thread-1] INFO  server.RaftServerConfigKeys (ConfUtils.java:logGet(44)) - raft.server.log.purge.gap = 1000000 (custom)
2021-10-12 06:05:34,022 [pool-600-thread-1] INFO  server.RaftServerConfigKeys (ConfUtils.java:logGet(44)) - raft.server.log.appender.buffer.byte-limit = 33554432 (custom)
2021-10-12 06:05:34,022 [pool-600-thread-1] INFO  server.RaftServerConfigKeys (ConfUtils.java:logGet(44)) - raft.server.log.segment.size.max = 1048576 (custom)
2021-10-12 06:05:34,023 [pool-600-thread-1] INFO  server.RaftServerConfigKeys (ConfUtils.java:logGet(44)) - raft.server.log.segment.cache.num.max = 2 (custom)
2021-10-12 06:05:34,023 [pool-600-thread-1] INFO  server.RaftServerConfigKeys (ConfUtils.java:logGet(44)) - raft.server.log.segment.cache.size.max = 200MB (=209715200) (default)
2021-10-12 06:05:34,023 [pool-600-thread-1] INFO  segmented.SegmentedRaftLogWorker (SegmentedRaftLogWorker.java:<init>(182)) - new 1a275f92-aa29-4e99-8b54-16510abadaea@group-280CF83C0957-SegmentedRaftLogWorker for RaftStorageImpl:Storage Directory /home/runner/work/ozone/ozone/hadoop-ozone/integration-test/target/test-dir/MiniOzoneClusterImpl-c6dc50ab-6fac-4554-b78d-9440f3e38bfb/datanode-4/data/ratis/0347fa64-7ac4-4e26-893b-280cf83c0957
2021-10-12 06:05:34,023 [pool-600-thread-1] INFO  server.RaftServerConfigKeys (ConfUtils.java:logGet(44)) - raft.server.log.queue.byte-limit = 2147483647 (custom)
2021-10-12 06:05:34,023 [pool-600-thread-1] INFO  server.RaftServerConfigKeys (ConfUtils.java:logGet(44)) - raft.server.log.queue.element-limit = 1024 (custom)
2021-10-12 06:05:34,023 [pool-600-thread-1] INFO  server.RaftServerConfigKeys (ConfUtils.java:logGet(44)) - raft.server.log.segment.size.max = 1048576 (custom)
2021-10-12 06:05:34,023 [pool-600-thread-1] INFO  server.RaftServerConfigKeys (ConfUtils.java:logGet(44)) - raft.server.log.preallocated.size = 16384 (custom)
2021-10-12 06:05:34,023 [pool-600-thread-1] INFO  server.RaftServerConfigKeys (ConfUtils.java:logGet(44)) - raft.server.log.force.sync.num = 128 (default)
2021-10-12 06:05:34,023 [pool-600-thread-1] INFO  server.RaftServerConfigKeys (ConfUtils.java:logGet(44)) - raft.server.log.statemachine.data.sync = true (default)
2021-10-12 06:05:34,023 [pool-600-thread-1] INFO  server.RaftServerConfigKeys (ConfUtils.java:logGet(44)) - raft.server.log.statemachine.data.sync.timeout = 10s (default)
2021-10-12 06:05:34,023 [pool-600-thread-1] INFO  server.RaftServerConfigKeys (ConfUtils.java:logGet(44)) - raft.server.log.statemachine.data.sync.timeout.retry = -1 (default)
2021-10-12 06:05:34,024 [pool-600-thread-1] INFO  server.RaftServerConfigKeys (ConfUtils.java:logGet(44)) - raft.server.log.write.buffer.size = 1048576 (custom)
2021-10-12 06:05:34,025 [pool-600-thread-1] INFO  server.RaftServerConfigKeys (ConfUtils.java:logGet(44)) - raft.server.log.statemachine.data.caching.enabled = true (custom)
2021-10-12 06:05:34,025 [pool-600-thread-1] INFO  segmented.SegmentedRaftLogWorker (SegmentedRaftLogWorker.java:lambda$new$0(133)) - 1a275f92-aa29-4e99-8b54-16510abadaea@group-280CF83C0957-SegmentedRaftLogWorker: flushIndex: setUnconditionally 0 -> -1
2021-10-12 06:05:34,025 [pool-600-thread-1] INFO  segmented.SegmentedRaftLogWorker (SegmentedRaftLogWorker.java:lambda$new$0(133)) - 1a275f92-aa29-4e99-8b54-16510abadaea@group-280CF83C0957-SegmentedRaftLogWorker: safeCacheEvictIndex: setUnconditionally 0 -> -1
2021-10-12 06:05:34,026 [pool-600-thread-1] INFO  server.RaftServerConfigKeys (ConfUtils.java:logGet(44)) - raft.server.snapshot.auto.trigger.enabled = true (custom)
2021-10-12 06:05:34,026 [pool-600-thread-1] INFO  server.RaftServerConfigKeys (ConfUtils.java:logGet(44)) - raft.server.snapshot.auto.trigger.threshold = 10000 (custom)
2021-10-12 06:05:34,026 [pool-600-thread-1] INFO  server.RaftServerConfigKeys (ConfUtils.java:logGet(44)) - raft.server.snapshot.retention.file.num = 5 (custom)
2021-10-12 06:05:34,026 [pool-600-thread-1] INFO  server.RaftServerConfigKeys (ConfUtils.java:logGet(44)) - raft.server.log.purge.upto.snapshot.index = false (default)
2021-10-12 06:05:34,026 [pool-600-thread-1] INFO  server.RaftServerConfigKeys (ConfUtils.java:logGet(44)) - raft.server.retrycache.expirytime = 600000ms (custom)
2021-10-12 06:05:34,026 [pool-600-thread-1] INFO  server.RaftServerConfigKeys (ConfUtils.java:logGet(44)) - raft.server.retrycache.statistics.expirytime = 100μs (default)
2021-10-12 06:05:34,027 [pool-600-thread-1] INFO  server.RaftServer$Division (RaftServerImpl.java:start(296)) - 1a275f92-aa29-4e99-8b54-16510abadaea@group-280CF83C0957: start as a follower, conf=-1: [1a275f92-aa29-4e99-8b54-16510abadaea|rpc:10.1.0.59:35911|dataStream:|priority:1, fd6d4eb7-d4eb-4c85-951f-7fa23d5c4e33|rpc:10.1.0.59:37125|dataStream:|priority:0, fdd2c237-e414-4605-b3b4-833d5e073368|rpc:10.1.0.59:38743|dataStream:|priority:0], old=null
2021-10-12 06:05:34,049 [pool-600-thread-1] INFO  server.RaftServer$Division (RaftServerImpl.java:setRole(285)) - 1a275f92-aa29-4e99-8b54-16510abadaea@group-280CF83C0957: changes role from      null to FOLLOWER at term 0 for startAsFollower
2021-10-12 06:05:34,049 [pool-600-thread-1] INFO  impl.RoleInfo (RoleInfo.java:updateAndGet(130)) - 1a275f92-aa29-4e99-8b54-16510abadaea: start 1a275f92-aa29-4e99-8b54-16510abadaea@group-280CF83C0957-FollowerState
2021-10-12 06:05:34,050 [pool-600-thread-1] INFO  util.JmxRegister (JmxRegister.java:tryRegister(44)) - Successfully registered JMX Bean with object name Ratis:service=RaftServer,group=group-280CF83C0957,id=1a275f92-aa29-4e99-8b54-16510abadaea
2021-10-12 06:05:34,106 [grpc-default-executor-2] INFO  server.RaftServer (RaftServerProxy.java:addNew(95)) - fd6d4eb7-d4eb-4c85-951f-7fa23d5c4e33: addNew group-280CF83C0957:[1a275f92-aa29-4e99-8b54-16510abadaea|rpc:10.1.0.59:35911|dataStream:|priority:1, fd6d4eb7-d4eb-4c85-951f-7fa23d5c4e33|rpc:10.1.0.59:37125|dataStream:|priority:0, fdd2c237-e414-4605-b3b4-833d5e073368|rpc:10.1.0.59:38743|dataStream:|priority:0] returns group-280CF83C0957:java.util.concurrent.CompletableFuture@337f9193[Not completed]
2021-10-12 06:05:34,119 [pool-619-thread-1] INFO  server.RaftServer$Division (RaftServerImpl.java:<init>(181)) - fd6d4eb7-d4eb-4c85-951f-7fa23d5c4e33: new RaftServerImpl for group-280CF83C0957:[1a275f92-aa29-4e99-8b54-16510abadaea|rpc:10.1.0.59:35911|dataStream:|priority:1, fd6d4eb7-d4eb-4c85-951f-7fa23d5c4e33|rpc:10.1.0.59:37125|dataStream:|priority:0, fdd2c237-e414-4605-b3b4-833d5e073368|rpc:10.1.0.59:38743|dataStream:|priority:0] with ContainerStateMachine:uninitialized
2021-10-12 06:05:34,119 [pool-619-thread-1] INFO  server.RaftServerConfigKeys (ConfUtils.java:logGet(44)) - raft.server.rpc.timeout.min = 5s (custom)
2021-10-12 06:05:34,119 [pool-619-thread-1] INFO  server.RaftServerConfigKeys (ConfUtils.java:logGet(44)) - raft.server.rpc.timeout.max = 5200ms (custom)
2021-10-12 06:05:34,119 [pool-619-thread-1] INFO  server.RaftServerConfigKeys (ConfUtils.java:logGet(44)) - raft.server.rpc.sleep.time = 25ms (default)
2021-10-12 06:05:34,119 [pool-619-thread-1] INFO  server.RaftServerConfigKeys (ConfUtils.java:logGet(44)) - raft.server.rpc.slowness.timeout = 300000ms (custom)
2021-10-12 06:05:34,119 [pool-619-thread-1] INFO  server.RaftServerConfigKeys (ConfUtils.java:logGet(44)) - raft.server.leaderelection.leader.step-down.wait-time = 10s (default)
2021-10-12 06:05:34,119 [pool-619-thread-1] INFO  server.RaftServerConfigKeys (ConfUtils.java:logGet(44)) - raft.server.sleep.deviation.threshold = 300ms (default)
2021-10-12 06:05:34,119 [pool-619-thread-1] INFO  server.RaftServerConfigKeys (ConfUtils.java:logGet(44)) - raft.server.log.appender.install.snapshot.enabled = false (custom)
2021-10-12 06:05:34,119 [pool-619-thread-1] INFO  server.RaftServer$Division (ServerState.java:<init>(105)) - fd6d4eb7-d4eb-4c85-951f-7fa23d5c4e33@group-280CF83C0957: ConfigurationManager, init=-1: [1a275f92-aa29-4e99-8b54-16510abadaea|rpc:10.1.0.59:35911|dataStream:|priority:1, fd6d4eb7-d4eb-4c85-951f-7fa23d5c4e33|rpc:10.1.0.59:37125|dataStream:|priority:0, fdd2c237-e414-4605-b3b4-833d5e073368|rpc:10.1.0.59:38743|dataStream:|priority:0], old=null, confs=<EMPTY_MAP>
2021-10-12 06:05:34,119 [pool-619-thread-1] INFO  server.RaftServerConfigKeys (ConfUtils.java:logGet(44)) - raft.server.storage.dir = [/home/runner/work/ozone/ozone/hadoop-ozone/integration-test/target/test-dir/MiniOzoneClusterImpl-c6dc50ab-6fac-4554-b78d-9440f3e38bfb/datanode-5/data/ratis] (custom)
2021-10-12 06:05:34,119 [pool-619-thread-1] INFO  server.RaftServerConfigKeys (ConfUtils.java:logGet(44)) - raft.server.log.corruption.policy = EXCEPTION (default)
2021-10-12 06:05:34,119 [pool-619-thread-1] INFO  server.RaftServerConfigKeys (ConfUtils.java:logGet(44)) - raft.server.storage.free-space.min = 0MB (=0) (default)
2021-10-12 06:05:34,122 [pool-619-thread-1] INFO  storage.RaftStorageDirectory (RaftStorageDirectoryImpl.java:analyzeStorage(135)) - The storage directory /home/runner/work/ozone/ozone/hadoop-ozone/integration-test/target/test-dir/MiniOzoneClusterImpl-c6dc50ab-6fac-4554-b78d-9440f3e38bfb/datanode-5/data/ratis/0347fa64-7ac4-4e26-893b-280cf83c0957 does not exist. Creating ...
2021-10-12 06:05:34,130 [pool-619-thread-1] INFO  storage.RaftStorageDirectory (RaftStorageDirectoryImpl.java:tryLock(230)) - Lock on /home/runner/work/ozone/ozone/hadoop-ozone/integration-test/target/test-dir/MiniOzoneClusterImpl-c6dc50ab-6fac-4554-b78d-9440f3e38bfb/datanode-5/data/ratis/0347fa64-7ac4-4e26-893b-280cf83c0957/in_use.lock acquired by nodename 8742@fv-az297-361
2021-10-12 06:05:34,138 [pool-619-thread-1] INFO  storage.RaftStorage (RaftStorageImpl.java:format(89)) - Storage directory /home/runner/work/ozone/ozone/hadoop-ozone/integration-test/target/test-dir/MiniOzoneClusterImpl-c6dc50ab-6fac-4554-b78d-9440f3e38bfb/datanode-5/data/ratis/0347fa64-7ac4-4e26-893b-280cf83c0957 has been successfully formatted.
2021-10-12 06:05:34,144 [Datanode State Machine Thread - 0] WARN  statemachine.StateContext (StateContext.java:execute(621)) - No available thread in pool for past 1 seconds.
2021-10-12 06:05:34,144 [pool-619-thread-1] INFO  ratis.ContainerStateMachine (ContainerStateMachine.java:loadSnapshot(224)) - group-280CF83C0957: The snapshot info is null. Setting the last applied indexto:(t:0, i:~)
2021-10-12 06:05:34,144 [pool-619-thread-1] INFO  server.RaftServerConfigKeys (ConfUtils.java:logGet(44)) - raft.server.notification.no-leader.timeout = 300000ms (custom)
2021-10-12 06:05:34,144 [pool-619-thread-1] INFO  server.RaftServerConfigKeys (ConfUtils.java:logGet(44)) - raft.server.log.use.memory = false (default)
2021-10-12 06:05:34,144 [pool-619-thread-1] INFO  server.RaftServerConfigKeys (ConfUtils.java:logGet(44)) - raft.server.log.purge.gap = 1000000 (custom)
2021-10-12 06:05:34,144 [pool-619-thread-1] INFO  server.RaftServerConfigKeys (ConfUtils.java:logGet(44)) - raft.server.log.appender.buffer.byte-limit = 33554432 (custom)
2021-10-12 06:05:34,144 [pool-619-thread-1] INFO  server.RaftServerConfigKeys (ConfUtils.java:logGet(44)) - raft.server.log.segment.size.max = 1048576 (custom)
2021-10-12 06:05:34,145 [pool-619-thread-1] INFO  server.RaftServerConfigKeys (ConfUtils.java:logGet(44)) - raft.server.log.segment.cache.num.max = 2 (custom)
2021-10-12 06:05:34,145 [pool-619-thread-1] INFO  server.RaftServerConfigKeys (ConfUtils.java:logGet(44)) - raft.server.log.segment.cache.size.max = 200MB (=209715200) (default)
2021-10-12 06:05:34,145 [pool-619-thread-1] INFO  segmented.SegmentedRaftLogWorker (SegmentedRaftLogWorker.java:<init>(182)) - new fd6d4eb7-d4eb-4c85-951f-7fa23d5c4e33@group-280CF83C0957-SegmentedRaftLogWorker for RaftStorageImpl:Storage Directory /home/runner/work/ozone/ozone/hadoop-ozone/integration-test/target/test-dir/MiniOzoneClusterImpl-c6dc50ab-6fac-4554-b78d-9440f3e38bfb/datanode-5/data/ratis/0347fa64-7ac4-4e26-893b-280cf83c0957
2021-10-12 06:05:34,145 [pool-619-thread-1] INFO  server.RaftServerConfigKeys (ConfUtils.java:logGet(44)) - raft.server.log.queue.byte-limit = 2147483647 (custom)
2021-10-12 06:05:34,145 [pool-619-thread-1] INFO  server.RaftServerConfigKeys (ConfUtils.java:logGet(44)) - raft.server.log.queue.element-limit = 1024 (custom)
2021-10-12 06:05:34,145 [pool-619-thread-1] INFO  server.RaftServerConfigKeys (ConfUtils.java:logGet(44)) - raft.server.log.segment.size.max = 1048576 (custom)
2021-10-12 06:05:34,145 [pool-619-thread-1] INFO  server.RaftServerConfigKeys (ConfUtils.java:logGet(44)) - raft.server.log.preallocated.size = 16384 (custom)
2021-10-12 06:05:34,145 [pool-619-thread-1] INFO  server.RaftServerConfigKeys (ConfUtils.java:logGet(44)) - raft.server.log.force.sync.num = 128 (default)
2021-10-12 06:05:34,145 [pool-619-thread-1] INFO  server.RaftServerConfigKeys (ConfUtils.java:logGet(44)) - raft.server.log.statemachine.data.sync = true (default)
2021-10-12 06:05:34,145 [pool-619-thread-1] INFO  server.RaftServerConfigKeys (ConfUtils.java:logGet(44)) - raft.server.log.statemachine.data.sync.timeout = 10s (default)
2021-10-12 06:05:34,145 [pool-619-thread-1] INFO  server.RaftServerConfigKeys (ConfUtils.java:logGet(44)) - raft.server.log.statemachine.data.sync.timeout.retry = -1 (default)
2021-10-12 06:05:34,174 [pool-619-thread-1] INFO  server.RaftServerConfigKeys (ConfUtils.java:logGet(44)) - raft.server.log.write.buffer.size = 1048576 (custom)
2021-10-12 06:05:34,175 [pool-619-thread-1] INFO  server.RaftServerConfigKeys (ConfUtils.java:logGet(44)) - raft.server.log.statemachine.data.caching.enabled = true (custom)
2021-10-12 06:05:34,175 [pool-619-thread-1] INFO  segmented.SegmentedRaftLogWorker (SegmentedRaftLogWorker.java:lambda$new$0(133)) - fd6d4eb7-d4eb-4c85-951f-7fa23d5c4e33@group-280CF83C0957-SegmentedRaftLogWorker: flushIndex: setUnconditionally 0 -> -1
2021-10-12 06:05:34,175 [pool-619-thread-1] INFO  segmented.SegmentedRaftLogWorker (SegmentedRaftLogWorker.java:lambda$new$0(133)) - fd6d4eb7-d4eb-4c85-951f-7fa23d5c4e33@group-280CF83C0957-SegmentedRaftLogWorker: safeCacheEvictIndex: setUnconditionally 0 -> -1
2021-10-12 06:05:34,192 [pool-619-thread-1] INFO  server.RaftServerConfigKeys (ConfUtils.java:logGet(44)) - raft.server.snapshot.auto.trigger.enabled = true (custom)
2021-10-12 06:05:34,192 [pool-619-thread-1] INFO  server.RaftServerConfigKeys (ConfUtils.java:logGet(44)) - raft.server.snapshot.auto.trigger.threshold = 10000 (custom)
2021-10-12 06:05:34,192 [pool-619-thread-1] INFO  server.RaftServerConfigKeys (ConfUtils.java:logGet(44)) - raft.server.snapshot.retention.file.num = 5 (custom)
2021-10-12 06:05:34,192 [pool-619-thread-1] INFO  server.RaftServerConfigKeys (ConfUtils.java:logGet(44)) - raft.server.log.purge.upto.snapshot.index = false (default)
2021-10-12 06:05:34,192 [pool-619-thread-1] INFO  server.RaftServerConfigKeys (ConfUtils.java:logGet(44)) - raft.server.retrycache.expirytime = 600000ms (custom)
2021-10-12 06:05:34,192 [pool-619-thread-1] INFO  server.RaftServerConfigKeys (ConfUtils.java:logGet(44)) - raft.server.retrycache.statistics.expirytime = 100μs (default)
2021-10-12 06:05:34,194 [pool-619-thread-1] INFO  server.RaftServer$Division (RaftServerImpl.java:start(296)) - fd6d4eb7-d4eb-4c85-951f-7fa23d5c4e33@group-280CF83C0957: start as a follower, conf=-1: [1a275f92-aa29-4e99-8b54-16510abadaea|rpc:10.1.0.59:35911|dataStream:|priority:1, fd6d4eb7-d4eb-4c85-951f-7fa23d5c4e33|rpc:10.1.0.59:37125|dataStream:|priority:0, fdd2c237-e414-4605-b3b4-833d5e073368|rpc:10.1.0.59:38743|dataStream:|priority:0], old=null
2021-10-12 06:05:34,194 [pool-619-thread-1] INFO  server.RaftServer$Division (RaftServerImpl.java:setRole(285)) - fd6d4eb7-d4eb-4c85-951f-7fa23d5c4e33@group-280CF83C0957: changes role from      null to FOLLOWER at term 0 for startAsFollower
2021-10-12 06:05:34,194 [pool-619-thread-1] INFO  impl.RoleInfo (RoleInfo.java:updateAndGet(130)) - fd6d4eb7-d4eb-4c85-951f-7fa23d5c4e33: start fd6d4eb7-d4eb-4c85-951f-7fa23d5c4e33@group-280CF83C0957-FollowerState
2021-10-12 06:05:34,195 [pool-619-thread-1] INFO  util.JmxRegister (JmxRegister.java:tryRegister(44)) - Successfully registered JMX Bean with object name Ratis:service=RaftServer,group=group-280CF83C0957,id=fd6d4eb7-d4eb-4c85-951f-7fa23d5c4e33
2021-10-12 06:05:34,212 [Command processor thread] INFO  commandhandler.CreatePipelineCommandHandler (CreatePipelineCommandHandler.java:handle(106)) - Created Pipeline RATIS THREE PipelineID=0347fa64-7ac4-4e26-893b-280cf83c0957.
2021-10-12 06:05:34,212 [Command processor thread] INFO  server.RaftServer (RaftServerProxy.java:addNew(95)) - fdd2c237-e414-4605-b3b4-833d5e073368: addNew group-C2C9DE719BAF:[1a275f92-aa29-4e99-8b54-16510abadaea|rpc:10.1.0.59:35911|priority:0, fd6d4eb7-d4eb-4c85-951f-7fa23d5c4e33|rpc:10.1.0.59:37125|priority:0, fdd2c237-e414-4605-b3b4-833d5e073368|rpc:10.1.0.59:38743|priority:1] returns group-C2C9DE719BAF:java.util.concurrent.CompletableFuture@2fac868a[Not completed]
2021-10-12 06:05:34,213 [pool-581-thread-1] INFO  server.RaftServer$Division (RaftServerImpl.java:<init>(181)) - fdd2c237-e414-4605-b3b4-833d5e073368: new RaftServerImpl for group-C2C9DE719BAF:[1a275f92-aa29-4e99-8b54-16510abadaea|rpc:10.1.0.59:35911|priority:0, fd6d4eb7-d4eb-4c85-951f-7fa23d5c4e33|rpc:10.1.0.59:37125|priority:0, fdd2c237-e414-4605-b3b4-833d5e073368|rpc:10.1.0.59:38743|priority:1] with ContainerStateMachine:uninitialized
2021-10-12 06:05:34,213 [pool-581-thread-1] INFO  server.RaftServerConfigKeys (ConfUtils.java:logGet(44)) - raft.server.rpc.timeout.min = 5s (custom)
2021-10-12 06:05:34,213 [pool-581-thread-1] INFO  server.RaftServerConfigKeys (ConfUtils.java:logGet(44)) - raft.server.rpc.timeout.max = 5200ms (custom)
2021-10-12 06:05:34,213 [pool-581-thread-1] INFO  server.RaftServerConfigKeys (ConfUtils.java:logGet(44)) - raft.server.rpc.sleep.time = 25ms (default)
2021-10-12 06:05:34,213 [pool-581-thread-1] INFO  server.RaftServerConfigKeys (ConfUtils.java:logGet(44)) - raft.server.rpc.slowness.timeout = 300000ms (custom)
2021-10-12 06:05:34,213 [pool-581-thread-1] INFO  server.RaftServerConfigKeys (ConfUtils.java:logGet(44)) - raft.server.leaderelection.leader.step-down.wait-time = 10s (default)
2021-10-12 06:05:34,213 [pool-581-thread-1] INFO  server.RaftServerConfigKeys (ConfUtils.java:logGet(44)) - raft.server.sleep.deviation.threshold = 300ms (default)
2021-10-12 06:05:34,213 [pool-581-thread-1] INFO  server.RaftServerConfigKeys (ConfUtils.java:logGet(44)) - raft.server.log.appender.install.snapshot.enabled = false (custom)
2021-10-12 06:05:34,213 [pool-581-thread-1] INFO  server.RaftServer$Division (ServerState.java:<init>(105)) - fdd2c237-e414-4605-b3b4-833d5e073368@group-C2C9DE719BAF: ConfigurationManager, init=-1: [1a275f92-aa29-4e99-8b54-16510abadaea|rpc:10.1.0.59:35911|priority:0, fd6d4eb7-d4eb-4c85-951f-7fa23d5c4e33|rpc:10.1.0.59:37125|priority:0, fdd2c237-e414-4605-b3b4-833d5e073368|rpc:10.1.0.59:38743|priority:1], old=null, confs=<EMPTY_MAP>
2021-10-12 06:05:34,213 [pool-581-thread-1] INFO  server.RaftServerConfigKeys (ConfUtils.java:logGet(44)) - raft.server.storage.dir = [/home/runner/work/ozone/ozone/hadoop-ozone/integration-test/target/test-dir/MiniOzoneClusterImpl-c6dc50ab-6fac-4554-b78d-9440f3e38bfb/datanode-3/data/ratis] (custom)
2021-10-12 06:05:34,214 [pool-581-thread-1] INFO  server.RaftServerConfigKeys (ConfUtils.java:logGet(44)) - raft.server.log.corruption.policy = EXCEPTION (default)
2021-10-12 06:05:34,214 [pool-581-thread-1] INFO  server.RaftServerConfigKeys (ConfUtils.java:logGet(44)) - raft.server.storage.free-space.min = 0MB (=0) (default)
2021-10-12 06:05:34,214 [pool-581-thread-1] INFO  storage.RaftStorageDirectory (RaftStorageDirectoryImpl.java:analyzeStorage(135)) - The storage directory /home/runner/work/ozone/ozone/hadoop-ozone/integration-test/target/test-dir/MiniOzoneClusterImpl-c6dc50ab-6fac-4554-b78d-9440f3e38bfb/datanode-3/data/ratis/329bb935-cfae-4e84-a629-c2c9de719baf does not exist. Creating ...
2021-10-12 06:05:34,215 [pool-581-thread-1] INFO  storage.RaftStorageDirectory (RaftStorageDirectoryImpl.java:tryLock(230)) - Lock on /home/runner/work/ozone/ozone/hadoop-ozone/integration-test/target/test-dir/MiniOzoneClusterImpl-c6dc50ab-6fac-4554-b78d-9440f3e38bfb/datanode-3/data/ratis/329bb935-cfae-4e84-a629-c2c9de719baf/in_use.lock acquired by nodename 8742@fv-az297-361
2021-10-12 06:05:34,216 [pool-581-thread-1] INFO  storage.RaftStorage (RaftStorageImpl.java:format(89)) - Storage directory /home/runner/work/ozone/ozone/hadoop-ozone/integration-test/target/test-dir/MiniOzoneClusterImpl-c6dc50ab-6fac-4554-b78d-9440f3e38bfb/datanode-3/data/ratis/329bb935-cfae-4e84-a629-c2c9de719baf has been successfully formatted.
2021-10-12 06:05:34,216 [Datanode State Machine Thread - 0] WARN  statemachine.StateContext (StateContext.java:execute(621)) - No available thread in pool for past 1 seconds.
2021-10-12 06:05:34,217 [pool-581-thread-1] INFO  ratis.ContainerStateMachine (ContainerStateMachine.java:loadSnapshot(224)) - group-C2C9DE719BAF: The snapshot info is null. Setting the last applied indexto:(t:0, i:~)
2021-10-12 06:05:34,217 [pool-581-thread-1] INFO  server.RaftServerConfigKeys (ConfUtils.java:logGet(44)) - raft.server.notification.no-leader.timeout = 300000ms (custom)
2021-10-12 06:05:34,217 [pool-581-thread-1] INFO  server.RaftServerConfigKeys (ConfUtils.java:logGet(44)) - raft.server.log.use.memory = false (default)
2021-10-12 06:05:34,217 [pool-581-thread-1] INFO  server.RaftServerConfigKeys (ConfUtils.java:logGet(44)) - raft.server.log.purge.gap = 1000000 (custom)
2021-10-12 06:05:34,217 [pool-581-thread-1] INFO  server.RaftServerConfigKeys (ConfUtils.java:logGet(44)) - raft.server.log.appender.buffer.byte-limit = 33554432 (custom)
2021-10-12 06:05:34,217 [pool-581-thread-1] INFO  server.RaftServerConfigKeys (ConfUtils.java:logGet(44)) - raft.server.log.segment.size.max = 1048576 (custom)
2021-10-12 06:05:34,217 [pool-581-thread-1] INFO  server.RaftServerConfigKeys (ConfUtils.java:logGet(44)) - raft.server.log.segment.cache.num.max = 2 (custom)
2021-10-12 06:05:34,218 [pool-581-thread-1] INFO  server.RaftServerConfigKeys (ConfUtils.java:logGet(44)) - raft.server.log.segment.cache.size.max = 200MB (=209715200) (default)
2021-10-12 06:05:34,218 [pool-581-thread-1] INFO  segmented.SegmentedRaftLogWorker (SegmentedRaftLogWorker.java:<init>(182)) - new fdd2c237-e414-4605-b3b4-833d5e073368@group-C2C9DE719BAF-SegmentedRaftLogWorker for RaftStorageImpl:Storage Directory /home/runner/work/ozone/ozone/hadoop-ozone/integration-test/target/test-dir/MiniOzoneClusterImpl-c6dc50ab-6fac-4554-b78d-9440f3e38bfb/datanode-3/data/ratis/329bb935-cfae-4e84-a629-c2c9de719baf
2021-10-12 06:05:34,218 [pool-581-thread-1] INFO  server.RaftServerConfigKeys (ConfUtils.java:logGet(44)) - raft.server.log.queue.byte-limit = 2147483647 (custom)
2021-10-12 06:05:34,218 [pool-581-thread-1] INFO  server.RaftServerConfigKeys (ConfUtils.java:logGet(44)) - raft.server.log.queue.element-limit = 1024 (custom)
2021-10-12 06:05:34,218 [pool-581-thread-1] INFO  server.RaftServerConfigKeys (ConfUtils.java:logGet(44)) - raft.server.log.segment.size.max = 1048576 (custom)
2021-10-12 06:05:34,218 [pool-581-thread-1] INFO  server.RaftServerConfigKeys (ConfUtils.java:logGet(44)) - raft.server.log.preallocated.size = 16384 (custom)
2021-10-12 06:05:34,218 [pool-581-thread-1] INFO  server.RaftServerConfigKeys (ConfUtils.java:logGet(44)) - raft.server.log.force.sync.num = 128 (default)
2021-10-12 06:05:34,218 [pool-581-thread-1] INFO  server.RaftServerConfigKeys (ConfUtils.java:logGet(44)) - raft.server.log.statemachine.data.sync = true (default)
2021-10-12 06:05:34,218 [pool-581-thread-1] INFO  server.RaftServerConfigKeys (ConfUtils.java:logGet(44)) - raft.server.log.statemachine.data.sync.timeout = 10s (default)
2021-10-12 06:05:34,218 [pool-581-thread-1] INFO  server.RaftServerConfigKeys (ConfUtils.java:logGet(44)) - raft.server.log.statemachine.data.sync.timeout.retry = -1 (default)
2021-10-12 06:05:34,222 [pool-581-thread-1] INFO  server.RaftServerConfigKeys (ConfUtils.java:logGet(44)) - raft.server.log.write.buffer.size = 1048576 (custom)
2021-10-12 06:05:34,223 [pool-581-thread-1] INFO  server.RaftServerConfigKeys (ConfUtils.java:logGet(44)) - raft.server.log.statemachine.data.caching.enabled = true (custom)
2021-10-12 06:05:34,223 [pool-581-thread-1] INFO  segmented.SegmentedRaftLogWorker (SegmentedRaftLogWorker.java:lambda$new$0(133)) - fdd2c237-e414-4605-b3b4-833d5e073368@group-C2C9DE719BAF-SegmentedRaftLogWorker: flushIndex: setUnconditionally 0 -> -1
2021-10-12 06:05:34,227 [pool-581-thread-1] INFO  segmented.SegmentedRaftLogWorker (SegmentedRaftLogWorker.java:lambda$new$0(133)) - fdd2c237-e414-4605-b3b4-833d5e073368@group-C2C9DE719BAF-SegmentedRaftLogWorker: safeCacheEvictIndex: setUnconditionally 0 -> -1
2021-10-12 06:05:34,227 [pool-581-thread-1] INFO  server.RaftServerConfigKeys (ConfUtils.java:logGet(44)) - raft.server.snapshot.auto.trigger.enabled = true (custom)
2021-10-12 06:05:34,227 [pool-581-thread-1] INFO  server.RaftServerConfigKeys (ConfUtils.java:logGet(44)) - raft.server.snapshot.auto.trigger.threshold = 10000 (custom)
2021-10-12 06:05:34,227 [pool-581-thread-1] INFO  server.RaftServerConfigKeys (ConfUtils.java:logGet(44)) - raft.server.snapshot.retention.file.num = 5 (custom)
2021-10-12 06:05:34,227 [pool-581-thread-1] INFO  server.RaftServerConfigKeys (ConfUtils.java:logGet(44)) - raft.server.log.purge.upto.snapshot.index = false (default)
2021-10-12 06:05:34,227 [pool-581-thread-1] INFO  server.RaftServerConfigKeys (ConfUtils.java:logGet(44)) - raft.server.retrycache.expirytime = 600000ms (custom)
2021-10-12 06:05:34,227 [pool-581-thread-1] INFO  server.RaftServerConfigKeys (ConfUtils.java:logGet(44)) - raft.server.retrycache.statistics.expirytime = 100μs (default)
2021-10-12 06:05:34,229 [pool-581-thread-1] INFO  server.RaftServer$Division (RaftServerImpl.java:start(296)) - fdd2c237-e414-4605-b3b4-833d5e073368@group-C2C9DE719BAF: start as a follower, conf=-1: [1a275f92-aa29-4e99-8b54-16510abadaea|rpc:10.1.0.59:35911|priority:0, fd6d4eb7-d4eb-4c85-951f-7fa23d5c4e33|rpc:10.1.0.59:37125|priority:0, fdd2c237-e414-4605-b3b4-833d5e073368|rpc:10.1.0.59:38743|priority:1], old=null
2021-10-12 06:05:34,229 [pool-581-thread-1] INFO  server.RaftServer$Division (RaftServerImpl.java:setRole(285)) - fdd2c237-e414-4605-b3b4-833d5e073368@group-C2C9DE719BAF: changes role from      null to FOLLOWER at term 0 for startAsFollower
2021-10-12 06:05:34,229 [pool-581-thread-1] INFO  impl.RoleInfo (RoleInfo.java:updateAndGet(130)) - fdd2c237-e414-4605-b3b4-833d5e073368: start fdd2c237-e414-4605-b3b4-833d5e073368@group-C2C9DE719BAF-FollowerState
2021-10-12 06:05:34,229 [pool-581-thread-1] INFO  util.JmxRegister (JmxRegister.java:tryRegister(44)) - Successfully registered JMX Bean with object name Ratis:service=RaftServer,group=group-C2C9DE719BAF,id=fdd2c237-e414-4605-b3b4-833d5e073368
2021-10-12 06:05:34,237 [EventQueue-OpenPipelineForHealthyPipelineSafeModeRule] INFO  safemode.SCMSafeModeManager (HealthyPipelineSafeModeRule.java:process(124)) - SCM in safe mode. Healthy pipelines reported count is 0, required healthy pipeline reported count is 1
2021-10-12 06:05:34,241 [Command processor thread] INFO  ratis.XceiverServerRatis (XceiverServerRatis.java:addGroup(763)) - Created group PipelineID=329bb935-cfae-4e84-a629-c2c9de719baf
2021-10-12 06:05:34,251 [grpc-default-executor-2] INFO  server.RaftServer (RaftServerProxy.java:addNew(95)) - fd6d4eb7-d4eb-4c85-951f-7fa23d5c4e33: addNew group-C2C9DE719BAF:[1a275f92-aa29-4e99-8b54-16510abadaea|rpc:10.1.0.59:35911|dataStream:|priority:0, fd6d4eb7-d4eb-4c85-951f-7fa23d5c4e33|rpc:10.1.0.59:37125|dataStream:|priority:0, fdd2c237-e414-4605-b3b4-833d5e073368|rpc:10.1.0.59:38743|dataStream:|priority:1] returns group-C2C9DE719BAF:java.util.concurrent.CompletableFuture@13ab64e8[Not completed]
2021-10-12 06:05:34,251 [pool-619-thread-1] INFO  server.RaftServer$Division (RaftServerImpl.java:<init>(181)) - fd6d4eb7-d4eb-4c85-951f-7fa23d5c4e33: new RaftServerImpl for group-C2C9DE719BAF:[1a275f92-aa29-4e99-8b54-16510abadaea|rpc:10.1.0.59:35911|dataStream:|priority:0, fd6d4eb7-d4eb-4c85-951f-7fa23d5c4e33|rpc:10.1.0.59:37125|dataStream:|priority:0, fdd2c237-e414-4605-b3b4-833d5e073368|rpc:10.1.0.59:38743|dataStream:|priority:1] with ContainerStateMachine:uninitialized
2021-10-12 06:05:34,251 [pool-619-thread-1] INFO  server.RaftServerConfigKeys (ConfUtils.java:logGet(44)) - raft.server.rpc.timeout.min = 5s (custom)
2021-10-12 06:05:34,251 [pool-619-thread-1] INFO  server.RaftServerConfigKeys (ConfUtils.java:logGet(44)) - raft.server.rpc.timeout.max = 5200ms (custom)
2021-10-12 06:05:34,251 [pool-619-thread-1] INFO  server.RaftServerConfigKeys (ConfUtils.java:logGet(44)) - raft.server.rpc.sleep.time = 25ms (default)
2021-10-12 06:05:34,251 [pool-619-thread-1] INFO  server.RaftServerConfigKeys (ConfUtils.java:logGet(44)) - raft.server.rpc.slowness.timeout = 300000ms (custom)
2021-10-12 06:05:34,251 [pool-619-thread-1] INFO  server.RaftServerConfigKeys (ConfUtils.java:logGet(44)) - raft.server.leaderelection.leader.step-down.wait-time = 10s (default)
2021-10-12 06:05:34,251 [pool-619-thread-1] INFO  server.RaftServerConfigKeys (ConfUtils.java:logGet(44)) - raft.server.sleep.deviation.threshold = 300ms (default)
2021-10-12 06:05:34,251 [pool-619-thread-1] INFO  server.RaftServerConfigKeys (ConfUtils.java:logGet(44)) - raft.server.log.appender.install.snapshot.enabled = false (custom)
2021-10-12 06:05:34,252 [pool-619-thread-1] INFO  server.RaftServer$Division (ServerState.java:<init>(105)) - fd6d4eb7-d4eb-4c85-951f-7fa23d5c4e33@group-C2C9DE719BAF: ConfigurationManager, init=-1: [1a275f92-aa29-4e99-8b54-16510abadaea|rpc:10.1.0.59:35911|dataStream:|priority:0, fd6d4eb7-d4eb-4c85-951f-7fa23d5c4e33|rpc:10.1.0.59:37125|dataStream:|priority:0, fdd2c237-e414-4605-b3b4-833d5e073368|rpc:10.1.0.59:38743|dataStream:|priority:1], old=null, confs=<EMPTY_MAP>
2021-10-12 06:05:34,252 [pool-619-thread-1] INFO  server.RaftServerConfigKeys (ConfUtils.java:logGet(44)) - raft.server.storage.dir = [/home/runner/work/ozone/ozone/hadoop-ozone/integration-test/target/test-dir/MiniOzoneClusterImpl-c6dc50ab-6fac-4554-b78d-9440f3e38bfb/datanode-5/data/ratis] (custom)
2021-10-12 06:05:34,278 [pool-619-thread-1] INFO  server.RaftServerConfigKeys (ConfUtils.java:logGet(44)) - raft.server.log.corruption.policy = EXCEPTION (default)
2021-10-12 06:05:34,278 [pool-619-thread-1] INFO  server.RaftServerConfigKeys (ConfUtils.java:logGet(44)) - raft.server.storage.free-space.min = 0MB (=0) (default)
2021-10-12 06:05:34,278 [pool-619-thread-1] INFO  storage.RaftStorageDirectory (RaftStorageDirectoryImpl.java:analyzeStorage(135)) - The storage directory /home/runner/work/ozone/ozone/hadoop-ozone/integration-test/target/test-dir/MiniOzoneClusterImpl-c6dc50ab-6fac-4554-b78d-9440f3e38bfb/datanode-5/data/ratis/329bb935-cfae-4e84-a629-c2c9de719baf does not exist. Creating ...
2021-10-12 06:05:34,279 [pool-619-thread-1] INFO  storage.RaftStorageDirectory (RaftStorageDirectoryImpl.java:tryLock(230)) - Lock on /home/runner/work/ozone/ozone/hadoop-ozone/integration-test/target/test-dir/MiniOzoneClusterImpl-c6dc50ab-6fac-4554-b78d-9440f3e38bfb/datanode-5/data/ratis/329bb935-cfae-4e84-a629-c2c9de719baf/in_use.lock acquired by nodename 8742@fv-az297-361
2021-10-12 06:05:34,282 [pool-619-thread-1] INFO  storage.RaftStorage (RaftStorageImpl.java:format(89)) - Storage directory /home/runner/work/ozone/ozone/hadoop-ozone/integration-test/target/test-dir/MiniOzoneClusterImpl-c6dc50ab-6fac-4554-b78d-9440f3e38bfb/datanode-5/data/ratis/329bb935-cfae-4e84-a629-c2c9de719baf has been successfully formatted.
2021-10-12 06:05:34,282 [pool-619-thread-1] INFO  ratis.ContainerStateMachine (ContainerStateMachine.java:loadSnapshot(224)) - group-C2C9DE719BAF: The snapshot info is null. Setting the last applied indexto:(t:0, i:~)
2021-10-12 06:05:34,283 [Datanode State Machine Thread - 0] WARN  statemachine.StateContext (StateContext.java:execute(621)) - No available thread in pool for past 1 seconds.
2021-10-12 06:05:34,283 [pool-619-thread-1] INFO  server.RaftServerConfigKeys (ConfUtils.java:logGet(44)) - raft.server.notification.no-leader.timeout = 300000ms (custom)
2021-10-12 06:05:34,283 [pool-619-thread-1] INFO  server.RaftServerConfigKeys (ConfUtils.java:logGet(44)) - raft.server.log.use.memory = false (default)
2021-10-12 06:05:34,283 [pool-619-thread-1] INFO  server.RaftServerConfigKeys (ConfUtils.java:logGet(44)) - raft.server.log.purge.gap = 1000000 (custom)
2021-10-12 06:05:34,283 [pool-619-thread-1] INFO  server.RaftServerConfigKeys (ConfUtils.java:logGet(44)) - raft.server.log.appender.buffer.byte-limit = 33554432 (custom)
2021-10-12 06:05:34,283 [pool-619-thread-1] INFO  server.RaftServerConfigKeys (ConfUtils.java:logGet(44)) - raft.server.log.segment.size.max = 1048576 (custom)
2021-10-12 06:05:34,283 [pool-619-thread-1] INFO  server.RaftServerConfigKeys (ConfUtils.java:logGet(44)) - raft.server.log.segment.cache.num.max = 2 (custom)
2021-10-12 06:05:34,283 [pool-619-thread-1] INFO  server.RaftServerConfigKeys (ConfUtils.java:logGet(44)) - raft.server.log.segment.cache.size.max = 200MB (=209715200) (default)
2021-10-12 06:05:34,283 [pool-619-thread-1] INFO  segmented.SegmentedRaftLogWorker (SegmentedRaftLogWorker.java:<init>(182)) - new fd6d4eb7-d4eb-4c85-951f-7fa23d5c4e33@group-C2C9DE719BAF-SegmentedRaftLogWorker for RaftStorageImpl:Storage Directory /home/runner/work/ozone/ozone/hadoop-ozone/integration-test/target/test-dir/MiniOzoneClusterImpl-c6dc50ab-6fac-4554-b78d-9440f3e38bfb/datanode-5/data/ratis/329bb935-cfae-4e84-a629-c2c9de719baf
2021-10-12 06:05:34,283 [pool-619-thread-1] INFO  server.RaftServerConfigKeys (ConfUtils.java:logGet(44)) - raft.server.log.queue.byte-limit = 2147483647 (custom)
2021-10-12 06:05:34,283 [pool-619-thread-1] INFO  server.RaftServerConfigKeys (ConfUtils.java:logGet(44)) - raft.server.log.queue.element-limit = 1024 (custom)
2021-10-12 06:05:34,283 [pool-619-thread-1] INFO  server.RaftServerConfigKeys (ConfUtils.java:logGet(44)) - raft.server.log.segment.size.max = 1048576 (custom)
2021-10-12 06:05:34,283 [pool-619-thread-1] INFO  server.RaftServerConfigKeys (ConfUtils.java:logGet(44)) - raft.server.log.preallocated.size = 16384 (custom)
2021-10-12 06:05:34,283 [pool-619-thread-1] INFO  server.RaftServerConfigKeys (ConfUtils.java:logGet(44)) - raft.server.log.force.sync.num = 128 (default)
2021-10-12 06:05:34,284 [pool-619-thread-1] INFO  server.RaftServerConfigKeys (ConfUtils.java:logGet(44)) - raft.server.log.statemachine.data.sync = true (default)
2021-10-12 06:05:34,284 [pool-619-thread-1] INFO  server.RaftServerConfigKeys (ConfUtils.java:logGet(44)) - raft.server.log.statemachine.data.sync.timeout = 10s (default)
2021-10-12 06:05:34,284 [pool-619-thread-1] INFO  server.RaftServerConfigKeys (ConfUtils.java:logGet(44)) - raft.server.log.statemachine.data.sync.timeout.retry = -1 (default)
2021-10-12 06:05:34,290 [pool-619-thread-1] INFO  server.RaftServerConfigKeys (ConfUtils.java:logGet(44)) - raft.server.log.write.buffer.size = 1048576 (custom)
2021-10-12 06:05:34,291 [pool-619-thread-1] INFO  server.RaftServerConfigKeys (ConfUtils.java:logGet(44)) - raft.server.log.statemachine.data.caching.enabled = true (custom)
2021-10-12 06:05:34,291 [pool-619-thread-1] INFO  segmented.SegmentedRaftLogWorker (SegmentedRaftLogWorker.java:lambda$new$0(133)) - fd6d4eb7-d4eb-4c85-951f-7fa23d5c4e33@group-C2C9DE719BAF-SegmentedRaftLogWorker: flushIndex: setUnconditionally 0 -> -1
2021-10-12 06:05:34,291 [pool-619-thread-1] INFO  segmented.SegmentedRaftLogWorker (SegmentedRaftLogWorker.java:lambda$new$0(133)) - fd6d4eb7-d4eb-4c85-951f-7fa23d5c4e33@group-C2C9DE719BAF-SegmentedRaftLogWorker: safeCacheEvictIndex: setUnconditionally 0 -> -1
2021-10-12 06:05:34,300 [pool-619-thread-1] INFO  server.RaftServerConfigKeys (ConfUtils.java:logGet(44)) - raft.server.snapshot.auto.trigger.enabled = true (custom)
2021-10-12 06:05:34,300 [pool-619-thread-1] INFO  server.RaftServerConfigKeys (ConfUtils.java:logGet(44)) - raft.server.snapshot.auto.trigger.threshold = 10000 (custom)
2021-10-12 06:05:34,300 [pool-619-thread-1] INFO  server.RaftServerConfigKeys (ConfUtils.java:logGet(44)) - raft.server.snapshot.retention.file.num = 5 (custom)
2021-10-12 06:05:34,300 [pool-619-thread-1] INFO  server.RaftServerConfigKeys (ConfUtils.java:logGet(44)) - raft.server.log.purge.upto.snapshot.index = false (default)
2021-10-12 06:05:34,301 [pool-619-thread-1] INFO  server.RaftServerConfigKeys (ConfUtils.java:logGet(44)) - raft.server.retrycache.expirytime = 600000ms (custom)
2021-10-12 06:05:34,301 [pool-619-thread-1] INFO  server.RaftServerConfigKeys (ConfUtils.java:logGet(44)) - raft.server.retrycache.statistics.expirytime = 100μs (default)
2021-10-12 06:05:34,302 [pool-619-thread-1] INFO  server.RaftServer$Division (RaftServerImpl.java:start(296)) - fd6d4eb7-d4eb-4c85-951f-7fa23d5c4e33@group-C2C9DE719BAF: start as a follower, conf=-1: [1a275f92-aa29-4e99-8b54-16510abadaea|rpc:10.1.0.59:35911|dataStream:|priority:0, fd6d4eb7-d4eb-4c85-951f-7fa23d5c4e33|rpc:10.1.0.59:37125|dataStream:|priority:0, fdd2c237-e414-4605-b3b4-833d5e073368|rpc:10.1.0.59:38743|dataStream:|priority:1], old=null
2021-10-12 06:05:34,302 [pool-619-thread-1] INFO  server.RaftServer$Division (RaftServerImpl.java:setRole(285)) - fd6d4eb7-d4eb-4c85-951f-7fa23d5c4e33@group-C2C9DE719BAF: changes role from      null to FOLLOWER at term 0 for startAsFollower
2021-10-12 06:05:34,302 [pool-619-thread-1] INFO  impl.RoleInfo (RoleInfo.java:updateAndGet(130)) - fd6d4eb7-d4eb-4c85-951f-7fa23d5c4e33: start fd6d4eb7-d4eb-4c85-951f-7fa23d5c4e33@group-C2C9DE719BAF-FollowerState
2021-10-12 06:05:34,302 [pool-619-thread-1] INFO  util.JmxRegister (JmxRegister.java:tryRegister(44)) - Successfully registered JMX Bean with object name Ratis:service=RaftServer,group=group-C2C9DE719BAF,id=fd6d4eb7-d4eb-4c85-951f-7fa23d5c4e33
2021-10-12 06:05:34,319 [Command processor thread] INFO  server.RaftServer (RaftServerProxy.java:addNew(95)) - 1a275f92-aa29-4e99-8b54-16510abadaea: addNew group-DF8A7E27A5EC:[1a275f92-aa29-4e99-8b54-16510abadaea|rpc:10.1.0.59:35911|priority:1] returns group-DF8A7E27A5EC:java.util.concurrent.CompletableFuture@36224dce[Not completed]
2021-10-12 06:05:34,319 [pool-600-thread-1] INFO  server.RaftServer$Division (RaftServerImpl.java:<init>(181)) - 1a275f92-aa29-4e99-8b54-16510abadaea: new RaftServerImpl for group-DF8A7E27A5EC:[1a275f92-aa29-4e99-8b54-16510abadaea|rpc:10.1.0.59:35911|priority:1] with ContainerStateMachine:uninitialized
2021-10-12 06:05:34,320 [pool-600-thread-1] INFO  server.RaftServerConfigKeys (ConfUtils.java:logGet(44)) - raft.server.rpc.timeout.min = 5s (custom)
2021-10-12 06:05:34,320 [pool-600-thread-1] INFO  server.RaftServerConfigKeys (ConfUtils.java:logGet(44)) - raft.server.rpc.timeout.max = 5200ms (custom)
2021-10-12 06:05:34,320 [pool-600-thread-1] INFO  server.RaftServerConfigKeys (ConfUtils.java:logGet(44)) - raft.server.rpc.sleep.time = 25ms (default)
2021-10-12 06:05:34,320 [pool-600-thread-1] INFO  server.RaftServerConfigKeys (ConfUtils.java:logGet(44)) - raft.server.rpc.slowness.timeout = 300000ms (custom)
2021-10-12 06:05:34,320 [pool-600-thread-1] INFO  server.RaftServerConfigKeys (ConfUtils.java:logGet(44)) - raft.server.leaderelection.leader.step-down.wait-time = 10s (default)
2021-10-12 06:05:34,320 [pool-600-thread-1] INFO  server.RaftServerConfigKeys (ConfUtils.java:logGet(44)) - raft.server.sleep.deviation.threshold = 300ms (default)
2021-10-12 06:05:34,320 [pool-600-thread-1] INFO  server.RaftServerConfigKeys (ConfUtils.java:logGet(44)) - raft.server.log.appender.install.snapshot.enabled = false (custom)
2021-10-12 06:05:34,320 [pool-600-thread-1] INFO  server.RaftServer$Division (ServerState.java:<init>(105)) - 1a275f92-aa29-4e99-8b54-16510abadaea@group-DF8A7E27A5EC: ConfigurationManager, init=-1: [1a275f92-aa29-4e99-8b54-16510abadaea|rpc:10.1.0.59:35911|priority:1], old=null, confs=<EMPTY_MAP>
2021-10-12 06:05:34,320 [pool-600-thread-1] INFO  server.RaftServerConfigKeys (ConfUtils.java:logGet(44)) - raft.server.storage.dir = [/home/runner/work/ozone/ozone/hadoop-ozone/integration-test/target/test-dir/MiniOzoneClusterImpl-c6dc50ab-6fac-4554-b78d-9440f3e38bfb/datanode-4/data/ratis] (custom)
2021-10-12 06:05:34,320 [pool-600-thread-1] INFO  server.RaftServerConfigKeys (ConfUtils.java:logGet(44)) - raft.server.log.corruption.policy = EXCEPTION (default)
2021-10-12 06:05:34,320 [pool-600-thread-1] INFO  server.RaftServerConfigKeys (ConfUtils.java:logGet(44)) - raft.server.storage.free-space.min = 0MB (=0) (default)
2021-10-12 06:05:34,320 [pool-600-thread-1] INFO  storage.RaftStorageDirectory (RaftStorageDirectoryImpl.java:analyzeStorage(135)) - The storage directory /home/runner/work/ozone/ozone/hadoop-ozone/integration-test/target/test-dir/MiniOzoneClusterImpl-c6dc50ab-6fac-4554-b78d-9440f3e38bfb/datanode-4/data/ratis/cef31069-88dc-41f3-881d-df8a7e27a5ec does not exist. Creating ...
2021-10-12 06:05:34,341 [grpc-default-executor-2] INFO  server.RaftServer (RaftServerProxy.java:addNew(95)) - 1a275f92-aa29-4e99-8b54-16510abadaea: addNew group-C2C9DE719BAF:[1a275f92-aa29-4e99-8b54-16510abadaea|rpc:10.1.0.59:35911|dataStream:|priority:0, fd6d4eb7-d4eb-4c85-951f-7fa23d5c4e33|rpc:10.1.0.59:37125|dataStream:|priority:0, fdd2c237-e414-4605-b3b4-833d5e073368|rpc:10.1.0.59:38743|dataStream:|priority:1] returns group-C2C9DE719BAF:java.util.concurrent.CompletableFuture@58018fae[Not completed]
2021-10-12 06:05:34,344 [pool-600-thread-1] INFO  storage.RaftStorageDirectory (RaftStorageDirectoryImpl.java:tryLock(230)) - Lock on /home/runner/work/ozone/ozone/hadoop-ozone/integration-test/target/test-dir/MiniOzoneClusterImpl-c6dc50ab-6fac-4554-b78d-9440f3e38bfb/datanode-4/data/ratis/cef31069-88dc-41f3-881d-df8a7e27a5ec/in_use.lock acquired by nodename 8742@fv-az297-361
2021-10-12 06:05:34,351 [pool-600-thread-1] INFO  storage.RaftStorage (RaftStorageImpl.java:format(89)) - Storage directory /home/runner/work/ozone/ozone/hadoop-ozone/integration-test/target/test-dir/MiniOzoneClusterImpl-c6dc50ab-6fac-4554-b78d-9440f3e38bfb/datanode-4/data/ratis/cef31069-88dc-41f3-881d-df8a7e27a5ec has been successfully formatted.
2021-10-12 06:05:34,351 [pool-600-thread-1] INFO  ratis.ContainerStateMachine (ContainerStateMachine.java:loadSnapshot(224)) - group-DF8A7E27A5EC: The snapshot info is null. Setting the last applied indexto:(t:0, i:~)
2021-10-12 06:05:34,351 [pool-600-thread-1] INFO  server.RaftServerConfigKeys (ConfUtils.java:logGet(44)) - raft.server.notification.no-leader.timeout = 300000ms (custom)
2021-10-12 06:05:34,352 [pool-600-thread-1] INFO  server.RaftServerConfigKeys (ConfUtils.java:logGet(44)) - raft.server.log.use.memory = false (default)
2021-10-12 06:05:34,352 [pool-600-thread-1] INFO  server.RaftServerConfigKeys (ConfUtils.java:logGet(44)) - raft.server.log.purge.gap = 1000000 (custom)
2021-10-12 06:05:34,352 [pool-600-thread-1] INFO  server.RaftServerConfigKeys (ConfUtils.java:logGet(44)) - raft.server.log.appender.buffer.byte-limit = 33554432 (custom)
2021-10-12 06:05:34,352 [pool-600-thread-1] INFO  server.RaftServerConfigKeys (ConfUtils.java:logGet(44)) - raft.server.log.segment.size.max = 1048576 (custom)
2021-10-12 06:05:34,352 [pool-600-thread-1] INFO  server.RaftServerConfigKeys (ConfUtils.java:logGet(44)) - raft.server.log.segment.cache.num.max = 2 (custom)
2021-10-12 06:05:34,352 [pool-600-thread-1] INFO  server.RaftServerConfigKeys (ConfUtils.java:logGet(44)) - raft.server.log.segment.cache.size.max = 200MB (=209715200) (default)
2021-10-12 06:05:34,352 [pool-600-thread-1] INFO  segmented.SegmentedRaftLogWorker (SegmentedRaftLogWorker.java:<init>(182)) - new 1a275f92-aa29-4e99-8b54-16510abadaea@group-DF8A7E27A5EC-SegmentedRaftLogWorker for RaftStorageImpl:Storage Directory /home/runner/work/ozone/ozone/hadoop-ozone/integration-test/target/test-dir/MiniOzoneClusterImpl-c6dc50ab-6fac-4554-b78d-9440f3e38bfb/datanode-4/data/ratis/cef31069-88dc-41f3-881d-df8a7e27a5ec
2021-10-12 06:05:34,352 [pool-600-thread-1] INFO  server.RaftServerConfigKeys (ConfUtils.java:logGet(44)) - raft.server.log.queue.byte-limit = 2147483647 (custom)
2021-10-12 06:05:34,352 [pool-600-thread-1] INFO  server.RaftServerConfigKeys (ConfUtils.java:logGet(44)) - raft.server.log.queue.element-limit = 1024 (custom)
2021-10-12 06:05:34,352 [pool-600-thread-1] INFO  server.RaftServerConfigKeys (ConfUtils.java:logGet(44)) - raft.server.log.segment.size.max = 1048576 (custom)
2021-10-12 06:05:34,352 [pool-600-thread-1] INFO  server.RaftServerConfigKeys (ConfUtils.java:logGet(44)) - raft.server.log.preallocated.size = 16384 (custom)
2021-10-12 06:05:34,352 [pool-600-thread-1] INFO  server.RaftServerConfigKeys (ConfUtils.java:logGet(44)) - raft.server.log.force.sync.num = 128 (default)
2021-10-12 06:05:34,352 [pool-600-thread-1] INFO  server.RaftServerConfigKeys (ConfUtils.java:logGet(44)) - raft.server.log.statemachine.data.sync = true (default)
2021-10-12 06:05:34,352 [pool-600-thread-1] INFO  server.RaftServerConfigKeys (ConfUtils.java:logGet(44)) - raft.server.log.statemachine.data.sync.timeout = 10s (default)
2021-10-12 06:05:34,352 [pool-600-thread-1] INFO  server.RaftServerConfigKeys (ConfUtils.java:logGet(44)) - raft.server.log.statemachine.data.sync.timeout.retry = -1 (default)
2021-10-12 06:05:34,353 [pool-600-thread-1] INFO  server.RaftServerConfigKeys (ConfUtils.java:logGet(44)) - raft.server.log.write.buffer.size = 1048576 (custom)
2021-10-12 06:05:34,354 [pool-600-thread-1] INFO  server.RaftServerConfigKeys (ConfUtils.java:logGet(44)) - raft.server.log.statemachine.data.caching.enabled = true (custom)
2021-10-12 06:05:34,354 [EventQueue-PipelineReportForPipelineReportHandler] INFO  pipeline.PipelineManagerImpl (PipelineManagerImpl.java:openPipeline(282)) - Pipeline Pipeline[ Id: cef31069-88dc-41f3-881d-df8a7e27a5ec, Nodes: 1a275f92-aa29-4e99-8b54-16510abadaea{ip: 10.1.0.59, host: fv-az297-361.nmf1rxwemy4u5di1sxxf4ejcwb.jx.internal.cloudapp.net, ports: [REPLICATION=44151, RATIS=35911, RATIS_ADMIN=35911, RATIS_SERVER=35911, STANDALONE=45949], networkLocation: /default-rack, certSerialId: null, persistedOpState: IN_SERVICE, persistedOpStateExpiryEpochSec: 0}, ReplicationConfig: RATIS/ONE, State:ALLOCATED, leaderId:1a275f92-aa29-4e99-8b54-16510abadaea, CreationTimestamp2021-10-12T06:05:31.308Z[Etc/UTC]] moved to OPEN state
2021-10-12 06:05:34,355 [EventQueue-OpenPipelineForHealthyPipelineSafeModeRule] INFO  safemode.SCMSafeModeManager (HealthyPipelineSafeModeRule.java:process(124)) - SCM in safe mode. Healthy pipelines reported count is 0, required healthy pipeline reported count is 1
2021-10-12 06:05:34,356 [pool-600-thread-1] INFO  segmented.SegmentedRaftLogWorker (SegmentedRaftLogWorker.java:lambda$new$0(133)) - 1a275f92-aa29-4e99-8b54-16510abadaea@group-DF8A7E27A5EC-SegmentedRaftLogWorker: flushIndex: setUnconditionally 0 -> -1
2021-10-12 06:05:34,358 [pool-600-thread-1] INFO  segmented.SegmentedRaftLogWorker (SegmentedRaftLogWorker.java:lambda$new$0(133)) - 1a275f92-aa29-4e99-8b54-16510abadaea@group-DF8A7E27A5EC-SegmentedRaftLogWorker: safeCacheEvictIndex: setUnconditionally 0 -> -1
2021-10-12 06:05:34,366 [pool-600-thread-1] INFO  server.RaftServerConfigKeys (ConfUtils.java:logGet(44)) - raft.server.snapshot.auto.trigger.enabled = true (custom)
2021-10-12 06:05:34,366 [pool-600-thread-1] INFO  server.RaftServerConfigKeys (ConfUtils.java:logGet(44)) - raft.server.snapshot.auto.trigger.threshold = 10000 (custom)
2021-10-12 06:05:34,366 [pool-600-thread-1] INFO  server.RaftServerConfigKeys (ConfUtils.java:logGet(44)) - raft.server.snapshot.retention.file.num = 5 (custom)
2021-10-12 06:05:34,366 [pool-600-thread-1] INFO  server.RaftServerConfigKeys (ConfUtils.java:logGet(44)) - raft.server.log.purge.upto.snapshot.index = false (default)
2021-10-12 06:05:34,366 [pool-600-thread-1] INFO  server.RaftServerConfigKeys (ConfUtils.java:logGet(44)) - raft.server.retrycache.expirytime = 600000ms (custom)
2021-10-12 06:05:34,366 [pool-600-thread-1] INFO  server.RaftServerConfigKeys (ConfUtils.java:logGet(44)) - raft.server.retrycache.statistics.expirytime = 100μs (default)
2021-10-12 06:05:34,368 [pool-600-thread-1] INFO  server.RaftServer$Division (RaftServerImpl.java:<init>(181)) - 1a275f92-aa29-4e99-8b54-16510abadaea: new RaftServerImpl for group-C2C9DE719BAF:[1a275f92-aa29-4e99-8b54-16510abadaea|rpc:10.1.0.59:35911|dataStream:|priority:0, fd6d4eb7-d4eb-4c85-951f-7fa23d5c4e33|rpc:10.1.0.59:37125|dataStream:|priority:0, fdd2c237-e414-4605-b3b4-833d5e073368|rpc:10.1.0.59:38743|dataStream:|priority:1] with ContainerStateMachine:uninitialized
2021-10-12 06:05:34,368 [pool-600-thread-1] INFO  server.RaftServerConfigKeys (ConfUtils.java:logGet(44)) - raft.server.rpc.timeout.min = 5s (custom)
2021-10-12 06:05:34,368 [pool-600-thread-1] INFO  server.RaftServerConfigKeys (ConfUtils.java:logGet(44)) - raft.server.rpc.timeout.max = 5200ms (custom)
2021-10-12 06:05:34,368 [pool-600-thread-1] INFO  server.RaftServerConfigKeys (ConfUtils.java:logGet(44)) - raft.server.rpc.sleep.time = 25ms (default)
2021-10-12 06:05:34,368 [pool-600-thread-1] INFO  server.RaftServerConfigKeys (ConfUtils.java:logGet(44)) - raft.server.rpc.slowness.timeout = 300000ms (custom)
2021-10-12 06:05:34,368 [pool-600-thread-1] INFO  server.RaftServerConfigKeys (ConfUtils.java:logGet(44)) - raft.server.leaderelection.leader.step-down.wait-time = 10s (default)
2021-10-12 06:05:34,368 [pool-600-thread-1] INFO  server.RaftServerConfigKeys (ConfUtils.java:logGet(44)) - raft.server.sleep.deviation.threshold = 300ms (default)
2021-10-12 06:05:34,368 [pool-600-thread-1] INFO  server.RaftServerConfigKeys (ConfUtils.java:logGet(44)) - raft.server.log.appender.install.snapshot.enabled = false (custom)
2021-10-12 06:05:34,368 [pool-600-thread-1] INFO  server.RaftServer$Division (ServerState.java:<init>(105)) - 1a275f92-aa29-4e99-8b54-16510abadaea@group-C2C9DE719BAF: ConfigurationManager, init=-1: [1a275f92-aa29-4e99-8b54-16510abadaea|rpc:10.1.0.59:35911|dataStream:|priority:0, fd6d4eb7-d4eb-4c85-951f-7fa23d5c4e33|rpc:10.1.0.59:37125|dataStream:|priority:0, fdd2c237-e414-4605-b3b4-833d5e073368|rpc:10.1.0.59:38743|dataStream:|priority:1], old=null, confs=<EMPTY_MAP>
2021-10-12 06:05:34,368 [pool-600-thread-1] INFO  server.RaftServerConfigKeys (ConfUtils.java:logGet(44)) - raft.server.storage.dir = [/home/runner/work/ozone/ozone/hadoop-ozone/integration-test/target/test-dir/MiniOzoneClusterImpl-c6dc50ab-6fac-4554-b78d-9440f3e38bfb/datanode-4/data/ratis] (custom)
2021-10-12 06:05:34,368 [pool-600-thread-1] INFO  server.RaftServerConfigKeys (ConfUtils.java:logGet(44)) - raft.server.log.corruption.policy = EXCEPTION (default)
2021-10-12 06:05:34,369 [pool-600-thread-1] INFO  server.RaftServerConfigKeys (ConfUtils.java:logGet(44)) - raft.server.storage.free-space.min = 0MB (=0) (default)
2021-10-12 06:05:34,369 [pool-600-thread-1] INFO  storage.RaftStorageDirectory (RaftStorageDirectoryImpl.java:analyzeStorage(135)) - The storage directory /home/runner/work/ozone/ozone/hadoop-ozone/integration-test/target/test-dir/MiniOzoneClusterImpl-c6dc50ab-6fac-4554-b78d-9440f3e38bfb/datanode-4/data/ratis/329bb935-cfae-4e84-a629-c2c9de719baf does not exist. Creating ...
2021-10-12 06:05:34,374 [Listener at 127.0.0.1/38829] INFO  ozone.MiniOzoneClusterImpl (MiniOzoneClusterImpl.java:lambda$waitForClusterToBeReady$0(235)) - Nodes are ready. Got 7 of 7 DN Heartbeats.
2021-10-12 06:05:34,374 [Listener at 127.0.0.1/38829] INFO  ozone.MiniOzoneClusterImpl (MiniOzoneClusterImpl.java:lambda$waitForClusterToBeReady$0(238)) - Waiting for cluster to exit safe mode
2021-10-12 06:05:34,374 [Listener at 127.0.0.1/38829] INFO  ozone.MiniOzoneClusterImpl (MiniOzoneClusterImpl.java:lambda$waitForClusterToBeReady$0(240)) - SCM became leader
2021-10-12 06:05:34,391 [pool-600-thread-1] INFO  storage.RaftStorageDirectory (RaftStorageDirectoryImpl.java:tryLock(230)) - Lock on /home/runner/work/ozone/ozone/hadoop-ozone/integration-test/target/test-dir/MiniOzoneClusterImpl-c6dc50ab-6fac-4554-b78d-9440f3e38bfb/datanode-4/data/ratis/329bb935-cfae-4e84-a629-c2c9de719baf/in_use.lock acquired by nodename 8742@fv-az297-361
2021-10-12 06:05:34,391 [pool-600-thread-1] INFO  storage.RaftStorage (RaftStorageImpl.java:format(89)) - Storage directory /home/runner/work/ozone/ozone/hadoop-ozone/integration-test/target/test-dir/MiniOzoneClusterImpl-c6dc50ab-6fac-4554-b78d-9440f3e38bfb/datanode-4/data/ratis/329bb935-cfae-4e84-a629-c2c9de719baf has been successfully formatted.
2021-10-12 06:05:34,392 [Datanode State Machine Thread - 0] WARN  statemachine.StateContext (StateContext.java:execute(621)) - No available thread in pool for past 1 seconds.
2021-10-12 06:05:34,392 [pool-600-thread-1] INFO  ratis.ContainerStateMachine (ContainerStateMachine.java:loadSnapshot(224)) - group-C2C9DE719BAF: The snapshot info is null. Setting the last applied indexto:(t:0, i:~)
2021-10-12 06:05:34,392 [pool-600-thread-1] INFO  server.RaftServerConfigKeys (ConfUtils.java:logGet(44)) - raft.server.notification.no-leader.timeout = 300000ms (custom)
2021-10-12 06:05:34,392 [EventQueue-OpenPipelineForHealthyPipelineSafeModeRule] INFO  safemode.SCMSafeModeManager (HealthyPipelineSafeModeRule.java:process(124)) - SCM in safe mode. Healthy pipelines reported count is 0, required healthy pipeline reported count is 1
2021-10-12 06:05:34,393 [pool-600-thread-1] INFO  server.RaftServerConfigKeys (ConfUtils.java:logGet(44)) - raft.server.log.use.memory = false (default)
2021-10-12 06:05:34,393 [pool-600-thread-1] INFO  server.RaftServerConfigKeys (ConfUtils.java:logGet(44)) - raft.server.log.purge.gap = 1000000 (custom)
2021-10-12 06:05:34,393 [pool-600-thread-1] INFO  server.RaftServerConfigKeys (ConfUtils.java:logGet(44)) - raft.server.log.appender.buffer.byte-limit = 33554432 (custom)
2021-10-12 06:05:34,393 [pool-600-thread-1] INFO  server.RaftServerConfigKeys (ConfUtils.java:logGet(44)) - raft.server.log.segment.size.max = 1048576 (custom)
2021-10-12 06:05:34,393 [pool-600-thread-1] INFO  server.RaftServerConfigKeys (ConfUtils.java:logGet(44)) - raft.server.log.segment.cache.num.max = 2 (custom)
2021-10-12 06:05:34,393 [pool-600-thread-1] INFO  server.RaftServerConfigKeys (ConfUtils.java:logGet(44)) - raft.server.log.segment.cache.size.max = 200MB (=209715200) (default)
2021-10-12 06:05:34,393 [pool-600-thread-1] INFO  segmented.SegmentedRaftLogWorker (SegmentedRaftLogWorker.java:<init>(182)) - new 1a275f92-aa29-4e99-8b54-16510abadaea@group-C2C9DE719BAF-SegmentedRaftLogWorker for RaftStorageImpl:Storage Directory /home/runner/work/ozone/ozone/hadoop-ozone/integration-test/target/test-dir/MiniOzoneClusterImpl-c6dc50ab-6fac-4554-b78d-9440f3e38bfb/datanode-4/data/ratis/329bb935-cfae-4e84-a629-c2c9de719baf
2021-10-12 06:05:34,394 [pool-600-thread-1] INFO  server.RaftServerConfigKeys (ConfUtils.java:logGet(44)) - raft.server.log.queue.byte-limit = 2147483647 (custom)
2021-10-12 06:05:34,394 [pool-600-thread-1] INFO  server.RaftServerConfigKeys (ConfUtils.java:logGet(44)) - raft.server.log.queue.element-limit = 1024 (custom)
2021-10-12 06:05:34,394 [pool-600-thread-1] INFO  server.RaftServerConfigKeys (ConfUtils.java:logGet(44)) - raft.server.log.segment.size.max = 1048576 (custom)
2021-10-12 06:05:34,394 [pool-600-thread-1] INFO  server.RaftServerConfigKeys (ConfUtils.java:logGet(44)) - raft.server.log.preallocated.size = 16384 (custom)
2021-10-12 06:05:34,394 [pool-600-thread-1] INFO  server.RaftServerConfigKeys (ConfUtils.java:logGet(44)) - raft.server.log.force.sync.num = 128 (default)
2021-10-12 06:05:34,394 [pool-600-thread-1] INFO  server.RaftServerConfigKeys (ConfUtils.java:logGet(44)) - raft.server.log.statemachine.data.sync = true (default)
2021-10-12 06:05:34,394 [pool-600-thread-1] INFO  server.RaftServerConfigKeys (ConfUtils.java:logGet(44)) - raft.server.log.statemachine.data.sync.timeout = 10s (default)
2021-10-12 06:05:34,394 [pool-600-thread-1] INFO  server.RaftServerConfigKeys (ConfUtils.java:logGet(44)) - raft.server.log.statemachine.data.sync.timeout.retry = -1 (default)
2021-10-12 06:05:34,395 [pool-600-thread-1] INFO  server.RaftServerConfigKeys (ConfUtils.java:logGet(44)) - raft.server.log.write.buffer.size = 1048576 (custom)
2021-10-12 06:05:34,396 [pool-600-thread-1] INFO  server.RaftServerConfigKeys (ConfUtils.java:logGet(44)) - raft.server.log.statemachine.data.caching.enabled = true (custom)
2021-10-12 06:05:34,397 [pool-600-thread-1] INFO  segmented.SegmentedRaftLogWorker (SegmentedRaftLogWorker.java:lambda$new$0(133)) - 1a275f92-aa29-4e99-8b54-16510abadaea@group-C2C9DE719BAF-SegmentedRaftLogWorker: flushIndex: setUnconditionally 0 -> -1
2021-10-12 06:05:34,397 [pool-600-thread-1] INFO  segmented.SegmentedRaftLogWorker (SegmentedRaftLogWorker.java:lambda$new$0(133)) - 1a275f92-aa29-4e99-8b54-16510abadaea@group-C2C9DE719BAF-SegmentedRaftLogWorker: safeCacheEvictIndex: setUnconditionally 0 -> -1
2021-10-12 06:05:34,406 [pool-600-thread-1] INFO  server.RaftServerConfigKeys (ConfUtils.java:logGet(44)) - raft.server.snapshot.auto.trigger.enabled = true (custom)
2021-10-12 06:05:34,407 [pool-600-thread-1] INFO  server.RaftServerConfigKeys (ConfUtils.java:logGet(44)) - raft.server.snapshot.auto.trigger.threshold = 10000 (custom)
2021-10-12 06:05:34,408 [pool-600-thread-1] INFO  server.RaftServerConfigKeys (ConfUtils.java:logGet(44)) - raft.server.snapshot.retention.file.num = 5 (custom)
2021-10-12 06:05:34,414 [pool-600-thread-1] INFO  server.RaftServerConfigKeys (ConfUtils.java:logGet(44)) - raft.server.log.purge.upto.snapshot.index = false (default)
2021-10-12 06:05:34,414 [pool-600-thread-1] INFO  server.RaftServerConfigKeys (ConfUtils.java:logGet(44)) - raft.server.retrycache.expirytime = 600000ms (custom)
2021-10-12 06:05:34,414 [pool-600-thread-1] INFO  server.RaftServerConfigKeys (ConfUtils.java:logGet(44)) - raft.server.retrycache.statistics.expirytime = 100μs (default)
2021-10-12 06:05:34,416 [pool-600-thread-1] INFO  server.RaftServer$Division (RaftServerImpl.java:start(296)) - 1a275f92-aa29-4e99-8b54-16510abadaea@group-DF8A7E27A5EC: start as a follower, conf=-1: [1a275f92-aa29-4e99-8b54-16510abadaea|rpc:10.1.0.59:35911|priority:1], old=null
2021-10-12 06:05:34,420 [pool-600-thread-1] INFO  server.RaftServer$Division (RaftServerImpl.java:setRole(285)) - 1a275f92-aa29-4e99-8b54-16510abadaea@group-DF8A7E27A5EC: changes role from      null to FOLLOWER at term 0 for startAsFollower
2021-10-12 06:05:34,421 [pool-600-thread-1] INFO  impl.RoleInfo (RoleInfo.java:updateAndGet(130)) - 1a275f92-aa29-4e99-8b54-16510abadaea: start 1a275f92-aa29-4e99-8b54-16510abadaea@group-DF8A7E27A5EC-FollowerState
2021-10-12 06:05:34,424 [pool-600-thread-1] INFO  util.JmxRegister (JmxRegister.java:tryRegister(44)) - Successfully registered JMX Bean with object name Ratis:service=RaftServer,group=group-DF8A7E27A5EC,id=1a275f92-aa29-4e99-8b54-16510abadaea
2021-10-12 06:05:34,424 [pool-600-thread-1] INFO  server.RaftServer$Division (RaftServerImpl.java:start(296)) - 1a275f92-aa29-4e99-8b54-16510abadaea@group-C2C9DE719BAF: start as a follower, conf=-1: [1a275f92-aa29-4e99-8b54-16510abadaea|rpc:10.1.0.59:35911|dataStream:|priority:0, fd6d4eb7-d4eb-4c85-951f-7fa23d5c4e33|rpc:10.1.0.59:37125|dataStream:|priority:0, fdd2c237-e414-4605-b3b4-833d5e073368|rpc:10.1.0.59:38743|dataStream:|priority:1], old=null
2021-10-12 06:05:34,424 [Command processor thread] INFO  ratis.XceiverServerRatis (XceiverServerRatis.java:addGroup(763)) - Created group PipelineID=cef31069-88dc-41f3-881d-df8a7e27a5ec
2021-10-12 06:05:34,424 [Command processor thread] INFO  commandhandler.CreatePipelineCommandHandler (CreatePipelineCommandHandler.java:handle(106)) - Created Pipeline RATIS ONE PipelineID=cef31069-88dc-41f3-881d-df8a7e27a5ec.
2021-10-12 06:05:34,425 [Command processor thread] INFO  server.RaftServer (RaftServerProxy.java:addNew(95)) - 1a275f92-aa29-4e99-8b54-16510abadaea: addNew group-C5477E2A5DAB:[1a275f92-aa29-4e99-8b54-16510abadaea|rpc:10.1.0.59:35911|priority:0, fd6d4eb7-d4eb-4c85-951f-7fa23d5c4e33|rpc:10.1.0.59:37125|priority:1, fdd2c237-e414-4605-b3b4-833d5e073368|rpc:10.1.0.59:38743|priority:0] returns group-C5477E2A5DAB:java.util.concurrent.CompletableFuture@38e5b57a[Not completed]
2021-10-12 06:05:34,424 [pool-600-thread-1] INFO  server.RaftServer$Division (RaftServerImpl.java:setRole(285)) - 1a275f92-aa29-4e99-8b54-16510abadaea@group-C2C9DE719BAF: changes role from      null to FOLLOWER at term 0 for startAsFollower
2021-10-12 06:05:34,425 [pool-600-thread-1] INFO  impl.RoleInfo (RoleInfo.java:updateAndGet(130)) - 1a275f92-aa29-4e99-8b54-16510abadaea: start 1a275f92-aa29-4e99-8b54-16510abadaea@group-C2C9DE719BAF-FollowerState
2021-10-12 06:05:34,427 [pool-600-thread-1] INFO  util.JmxRegister (JmxRegister.java:tryRegister(44)) - Successfully registered JMX Bean with object name Ratis:service=RaftServer,group=group-C2C9DE719BAF,id=1a275f92-aa29-4e99-8b54-16510abadaea
2021-10-12 06:05:34,430 [pool-600-thread-1] INFO  server.RaftServer$Division (RaftServerImpl.java:<init>(181)) - 1a275f92-aa29-4e99-8b54-16510abadaea: new RaftServerImpl for group-C5477E2A5DAB:[1a275f92-aa29-4e99-8b54-16510abadaea|rpc:10.1.0.59:35911|priority:0, fd6d4eb7-d4eb-4c85-951f-7fa23d5c4e33|rpc:10.1.0.59:37125|priority:1, fdd2c237-e414-4605-b3b4-833d5e073368|rpc:10.1.0.59:38743|priority:0] with ContainerStateMachine:uninitialized
2021-10-12 06:05:34,430 [pool-600-thread-1] INFO  server.RaftServerConfigKeys (ConfUtils.java:logGet(44)) - raft.server.rpc.timeout.min = 5s (custom)
2021-10-12 06:05:34,430 [pool-600-thread-1] INFO  server.RaftServerConfigKeys (ConfUtils.java:logGet(44)) - raft.server.rpc.timeout.max = 5200ms (custom)
2021-10-12 06:05:34,430 [pool-600-thread-1] INFO  server.RaftServerConfigKeys (ConfUtils.java:logGet(44)) - raft.server.rpc.sleep.time = 25ms (default)
2021-10-12 06:05:34,430 [pool-600-thread-1] INFO  server.RaftServerConfigKeys (ConfUtils.java:logGet(44)) - raft.server.rpc.slowness.timeout = 300000ms (custom)
2021-10-12 06:05:34,430 [pool-600-thread-1] INFO  server.RaftServerConfigKeys (ConfUtils.java:logGet(44)) - raft.server.leaderelection.leader.step-down.wait-time = 10s (default)
2021-10-12 06:05:34,430 [pool-600-thread-1] INFO  server.RaftServerConfigKeys (ConfUtils.java:logGet(44)) - raft.server.sleep.deviation.threshold = 300ms (default)
2021-10-12 06:05:34,430 [pool-600-thread-1] INFO  server.RaftServerConfigKeys (ConfUtils.java:logGet(44)) - raft.server.log.appender.install.snapshot.enabled = false (custom)
2021-10-12 06:05:34,430 [pool-600-thread-1] INFO  server.RaftServer$Division (ServerState.java:<init>(105)) - 1a275f92-aa29-4e99-8b54-16510abadaea@group-C5477E2A5DAB: ConfigurationManager, init=-1: [1a275f92-aa29-4e99-8b54-16510abadaea|rpc:10.1.0.59:35911|priority:0, fd6d4eb7-d4eb-4c85-951f-7fa23d5c4e33|rpc:10.1.0.59:37125|priority:1, fdd2c237-e414-4605-b3b4-833d5e073368|rpc:10.1.0.59:38743|priority:0], old=null, confs=<EMPTY_MAP>
2021-10-12 06:05:34,430 [pool-600-thread-1] INFO  server.RaftServerConfigKeys (ConfUtils.java:logGet(44)) - raft.server.storage.dir = [/home/runner/work/ozone/ozone/hadoop-ozone/integration-test/target/test-dir/MiniOzoneClusterImpl-c6dc50ab-6fac-4554-b78d-9440f3e38bfb/datanode-4/data/ratis] (custom)
2021-10-12 06:05:34,430 [pool-600-thread-1] INFO  server.RaftServerConfigKeys (ConfUtils.java:logGet(44)) - raft.server.log.corruption.policy = EXCEPTION (default)
2021-10-12 06:05:34,430 [pool-600-thread-1] INFO  server.RaftServerConfigKeys (ConfUtils.java:logGet(44)) - raft.server.storage.free-space.min = 0MB (=0) (default)
2021-10-12 06:05:34,431 [pool-600-thread-1] INFO  storage.RaftStorageDirectory (RaftStorageDirectoryImpl.java:analyzeStorage(135)) - The storage directory /home/runner/work/ozone/ozone/hadoop-ozone/integration-test/target/test-dir/MiniOzoneClusterImpl-c6dc50ab-6fac-4554-b78d-9440f3e38bfb/datanode-4/data/ratis/11f238a1-a81c-4d19-9df2-c5477e2a5dab does not exist. Creating ...
2021-10-12 06:05:34,432 [pool-600-thread-1] INFO  storage.RaftStorageDirectory (RaftStorageDirectoryImpl.java:tryLock(230)) - Lock on /home/runner/work/ozone/ozone/hadoop-ozone/integration-test/target/test-dir/MiniOzoneClusterImpl-c6dc50ab-6fac-4554-b78d-9440f3e38bfb/datanode-4/data/ratis/11f238a1-a81c-4d19-9df2-c5477e2a5dab/in_use.lock acquired by nodename 8742@fv-az297-361
2021-10-12 06:05:34,442 [pool-600-thread-1] INFO  storage.RaftStorage (RaftStorageImpl.java:format(89)) - Storage directory /home/runner/work/ozone/ozone/hadoop-ozone/integration-test/target/test-dir/MiniOzoneClusterImpl-c6dc50ab-6fac-4554-b78d-9440f3e38bfb/datanode-4/data/ratis/11f238a1-a81c-4d19-9df2-c5477e2a5dab has been successfully formatted.
2021-10-12 06:05:34,442 [pool-600-thread-1] INFO  ratis.ContainerStateMachine (ContainerStateMachine.java:loadSnapshot(224)) - group-C5477E2A5DAB: The snapshot info is null. Setting the last applied indexto:(t:0, i:~)
2021-10-12 06:05:34,442 [pool-600-thread-1] INFO  server.RaftServerConfigKeys (ConfUtils.java:logGet(44)) - raft.server.notification.no-leader.timeout = 300000ms (custom)
2021-10-12 06:05:34,442 [pool-600-thread-1] INFO  server.RaftServerConfigKeys (ConfUtils.java:logGet(44)) - raft.server.log.use.memory = false (default)
2021-10-12 06:05:34,442 [pool-600-thread-1] INFO  server.RaftServerConfigKeys (ConfUtils.java:logGet(44)) - raft.server.log.purge.gap = 1000000 (custom)
2021-10-12 06:05:34,442 [pool-600-thread-1] INFO  server.RaftServerConfigKeys (ConfUtils.java:logGet(44)) - raft.server.log.appender.buffer.byte-limit = 33554432 (custom)
2021-10-12 06:05:34,442 [pool-600-thread-1] INFO  server.RaftServerConfigKeys (ConfUtils.java:logGet(44)) - raft.server.log.segment.size.max = 1048576 (custom)
2021-10-12 06:05:34,443 [pool-600-thread-1] INFO  server.RaftServerConfigKeys (ConfUtils.java:logGet(44)) - raft.server.log.segment.cache.num.max = 2 (custom)
2021-10-12 06:05:34,443 [pool-600-thread-1] INFO  server.RaftServerConfigKeys (ConfUtils.java:logGet(44)) - raft.server.log.segment.cache.size.max = 200MB (=209715200) (default)
2021-10-12 06:05:34,443 [pool-600-thread-1] INFO  segmented.SegmentedRaftLogWorker (SegmentedRaftLogWorker.java:<init>(182)) - new 1a275f92-aa29-4e99-8b54-16510abadaea@group-C5477E2A5DAB-SegmentedRaftLogWorker for RaftStorageImpl:Storage Directory /home/runner/work/ozone/ozone/hadoop-ozone/integration-test/target/test-dir/MiniOzoneClusterImpl-c6dc50ab-6fac-4554-b78d-9440f3e38bfb/datanode-4/data/ratis/11f238a1-a81c-4d19-9df2-c5477e2a5dab
2021-10-12 06:05:34,443 [pool-600-thread-1] INFO  server.RaftServerConfigKeys (ConfUtils.java:logGet(44)) - raft.server.log.queue.byte-limit = 2147483647 (custom)
2021-10-12 06:05:34,443 [pool-600-thread-1] INFO  server.RaftServerConfigKeys (ConfUtils.java:logGet(44)) - raft.server.log.queue.element-limit = 1024 (custom)
2021-10-12 06:05:34,443 [pool-600-thread-1] INFO  server.RaftServerConfigKeys (ConfUtils.java:logGet(44)) - raft.server.log.segment.size.max = 1048576 (custom)
2021-10-12 06:05:34,443 [pool-600-thread-1] INFO  server.RaftServerConfigKeys (ConfUtils.java:logGet(44)) - raft.server.log.preallocated.size = 16384 (custom)
2021-10-12 06:05:34,443 [pool-600-thread-1] INFO  server.RaftServerConfigKeys (ConfUtils.java:logGet(44)) - raft.server.log.force.sync.num = 128 (default)
2021-10-12 06:05:34,443 [pool-600-thread-1] INFO  server.RaftServerConfigKeys (ConfUtils.java:logGet(44)) - raft.server.log.statemachine.data.sync = true (default)
2021-10-12 06:05:34,443 [pool-600-thread-1] INFO  server.RaftServerConfigKeys (ConfUtils.java:logGet(44)) - raft.server.log.statemachine.data.sync.timeout = 10s (default)
2021-10-12 06:05:34,443 [pool-600-thread-1] INFO  server.RaftServerConfigKeys (ConfUtils.java:logGet(44)) - raft.server.log.statemachine.data.sync.timeout.retry = -1 (default)
2021-10-12 06:05:34,444 [pool-600-thread-1] INFO  server.RaftServerConfigKeys (ConfUtils.java:logGet(44)) - raft.server.log.write.buffer.size = 1048576 (custom)
2021-10-12 06:05:34,444 [pool-600-thread-1] INFO  server.RaftServerConfigKeys (ConfUtils.java:logGet(44)) - raft.server.log.statemachine.data.caching.enabled = true (custom)
2021-10-12 06:05:34,445 [pool-600-thread-1] INFO  segmented.SegmentedRaftLogWorker (SegmentedRaftLogWorker.java:lambda$new$0(133)) - 1a275f92-aa29-4e99-8b54-16510abadaea@group-C5477E2A5DAB-SegmentedRaftLogWorker: flushIndex: setUnconditionally 0 -> -1
2021-10-12 06:05:34,445 [pool-600-thread-1] INFO  segmented.SegmentedRaftLogWorker (SegmentedRaftLogWorker.java:lambda$new$0(133)) - 1a275f92-aa29-4e99-8b54-16510abadaea@group-C5477E2A5DAB-SegmentedRaftLogWorker: safeCacheEvictIndex: setUnconditionally 0 -> -1
2021-10-12 06:05:34,445 [Datanode State Machine Thread - 0] WARN  statemachine.StateContext (StateContext.java:execute(621)) - No available thread in pool for past 1 seconds.
2021-10-12 06:05:34,455 [pool-600-thread-1] INFO  server.RaftServerConfigKeys (ConfUtils.java:logGet(44)) - raft.server.snapshot.auto.trigger.enabled = true (custom)
2021-10-12 06:05:34,455 [pool-600-thread-1] INFO  server.RaftServerConfigKeys (ConfUtils.java:logGet(44)) - raft.server.snapshot.auto.trigger.threshold = 10000 (custom)
2021-10-12 06:05:34,456 [pool-600-thread-1] INFO  server.RaftServerConfigKeys (ConfUtils.java:logGet(44)) - raft.server.snapshot.retention.file.num = 5 (custom)
2021-10-12 06:05:34,456 [pool-600-thread-1] INFO  server.RaftServerConfigKeys (ConfUtils.java:logGet(44)) - raft.server.log.purge.upto.snapshot.index = false (default)
2021-10-12 06:05:34,456 [pool-600-thread-1] INFO  server.RaftServerConfigKeys (ConfUtils.java:logGet(44)) - raft.server.retrycache.expirytime = 600000ms (custom)
2021-10-12 06:05:34,456 [pool-600-thread-1] INFO  server.RaftServerConfigKeys (ConfUtils.java:logGet(44)) - raft.server.retrycache.statistics.expirytime = 100μs (default)
2021-10-12 06:05:34,457 [pool-600-thread-1] INFO  server.RaftServer$Division (RaftServerImpl.java:start(296)) - 1a275f92-aa29-4e99-8b54-16510abadaea@group-C5477E2A5DAB: start as a follower, conf=-1: [1a275f92-aa29-4e99-8b54-16510abadaea|rpc:10.1.0.59:35911|priority:0, fd6d4eb7-d4eb-4c85-951f-7fa23d5c4e33|rpc:10.1.0.59:37125|priority:1, fdd2c237-e414-4605-b3b4-833d5e073368|rpc:10.1.0.59:38743|priority:0], old=null
2021-10-12 06:05:34,457 [pool-600-thread-1] INFO  server.RaftServer$Division (RaftServerImpl.java:setRole(285)) - 1a275f92-aa29-4e99-8b54-16510abadaea@group-C5477E2A5DAB: changes role from      null to FOLLOWER at term 0 for startAsFollower
2021-10-12 06:05:34,457 [pool-600-thread-1] INFO  impl.RoleInfo (RoleInfo.java:updateAndGet(130)) - 1a275f92-aa29-4e99-8b54-16510abadaea: start 1a275f92-aa29-4e99-8b54-16510abadaea@group-C5477E2A5DAB-FollowerState
2021-10-12 06:05:34,485 [pool-600-thread-1] INFO  util.JmxRegister (JmxRegister.java:tryRegister(44)) - Successfully registered JMX Bean with object name Ratis:service=RaftServer,group=group-C5477E2A5DAB,id=1a275f92-aa29-4e99-8b54-16510abadaea
2021-10-12 06:05:34,486 [Command processor thread] INFO  ratis.XceiverServerRatis (XceiverServerRatis.java:addGroup(763)) - Created group PipelineID=11f238a1-a81c-4d19-9df2-c5477e2a5dab
2021-10-12 06:05:34,490 [EventQueue-OpenPipelineForHealthyPipelineSafeModeRule] INFO  safemode.SCMSafeModeManager (HealthyPipelineSafeModeRule.java:process(124)) - SCM in safe mode. Healthy pipelines reported count is 0, required healthy pipeline reported count is 1
2021-10-12 06:05:34,494 [Command processor thread] INFO  commandhandler.CreatePipelineCommandHandler (CreatePipelineCommandHandler.java:handle(106)) - Created Pipeline RATIS THREE PipelineID=329bb935-cfae-4e84-a629-c2c9de719baf.
2021-10-12 06:05:34,494 [Command processor thread] INFO  server.RaftServer (RaftServerProxy.java:addNew(95)) - fdd2c237-e414-4605-b3b4-833d5e073368: addNew group-C5477E2A5DAB:[1a275f92-aa29-4e99-8b54-16510abadaea|rpc:10.1.0.59:35911|priority:0, fd6d4eb7-d4eb-4c85-951f-7fa23d5c4e33|rpc:10.1.0.59:37125|priority:1, fdd2c237-e414-4605-b3b4-833d5e073368|rpc:10.1.0.59:38743|priority:0] returns group-C5477E2A5DAB:java.util.concurrent.CompletableFuture@54124e19[Not completed]
2021-10-12 06:05:34,495 [pool-581-thread-1] INFO  server.RaftServer$Division (RaftServerImpl.java:<init>(181)) - fdd2c237-e414-4605-b3b4-833d5e073368: new RaftServerImpl for group-C5477E2A5DAB:[1a275f92-aa29-4e99-8b54-16510abadaea|rpc:10.1.0.59:35911|priority:0, fd6d4eb7-d4eb-4c85-951f-7fa23d5c4e33|rpc:10.1.0.59:37125|priority:1, fdd2c237-e414-4605-b3b4-833d5e073368|rpc:10.1.0.59:38743|priority:0] with ContainerStateMachine:uninitialized
2021-10-12 06:05:34,495 [pool-581-thread-1] INFO  server.RaftServerConfigKeys (ConfUtils.java:logGet(44)) - raft.server.rpc.timeout.min = 5s (custom)
2021-10-12 06:05:34,495 [pool-581-thread-1] INFO  server.RaftServerConfigKeys (ConfUtils.java:logGet(44)) - raft.server.rpc.timeout.max = 5200ms (custom)
2021-10-12 06:05:34,495 [pool-581-thread-1] INFO  server.RaftServerConfigKeys (ConfUtils.java:logGet(44)) - raft.server.rpc.sleep.time = 25ms (default)
2021-10-12 06:05:34,495 [pool-581-thread-1] INFO  server.RaftServerConfigKeys (ConfUtils.java:logGet(44)) - raft.server.rpc.slowness.timeout = 300000ms (custom)
2021-10-12 06:05:34,495 [pool-581-thread-1] INFO  server.RaftServerConfigKeys (ConfUtils.java:logGet(44)) - raft.server.leaderelection.leader.step-down.wait-time = 10s (default)
2021-10-12 06:05:34,495 [pool-581-thread-1] INFO  server.RaftServerConfigKeys (ConfUtils.java:logGet(44)) - raft.server.sleep.deviation.threshold = 300ms (default)
2021-10-12 06:05:34,495 [pool-581-thread-1] INFO  server.RaftServerConfigKeys (ConfUtils.java:logGet(44)) - raft.server.log.appender.install.snapshot.enabled = false (custom)
2021-10-12 06:05:34,495 [pool-581-thread-1] INFO  server.RaftServer$Division (ServerState.java:<init>(105)) - fdd2c237-e414-4605-b3b4-833d5e073368@group-C5477E2A5DAB: ConfigurationManager, init=-1: [1a275f92-aa29-4e99-8b54-16510abadaea|rpc:10.1.0.59:35911|priority:0, fd6d4eb7-d4eb-4c85-951f-7fa23d5c4e33|rpc:10.1.0.59:37125|priority:1, fdd2c237-e414-4605-b3b4-833d5e073368|rpc:10.1.0.59:38743|priority:0], old=null, confs=<EMPTY_MAP>
2021-10-12 06:05:34,495 [pool-581-thread-1] INFO  server.RaftServerConfigKeys (ConfUtils.java:logGet(44)) - raft.server.storage.dir = [/home/runner/work/ozone/ozone/hadoop-ozone/integration-test/target/test-dir/MiniOzoneClusterImpl-c6dc50ab-6fac-4554-b78d-9440f3e38bfb/datanode-3/data/ratis] (custom)
2021-10-12 06:05:34,495 [pool-581-thread-1] INFO  server.RaftServerConfigKeys (ConfUtils.java:logGet(44)) - raft.server.log.corruption.policy = EXCEPTION (default)
2021-10-12 06:05:34,495 [pool-581-thread-1] INFO  server.RaftServerConfigKeys (ConfUtils.java:logGet(44)) - raft.server.storage.free-space.min = 0MB (=0) (default)
2021-10-12 06:05:34,495 [pool-581-thread-1] INFO  storage.RaftStorageDirectory (RaftStorageDirectoryImpl.java:analyzeStorage(135)) - The storage directory /home/runner/work/ozone/ozone/hadoop-ozone/integration-test/target/test-dir/MiniOzoneClusterImpl-c6dc50ab-6fac-4554-b78d-9440f3e38bfb/datanode-3/data/ratis/11f238a1-a81c-4d19-9df2-c5477e2a5dab does not exist. Creating ...
2021-10-12 06:05:34,496 [pool-581-thread-1] INFO  storage.RaftStorageDirectory (RaftStorageDirectoryImpl.java:tryLock(230)) - Lock on /home/runner/work/ozone/ozone/hadoop-ozone/integration-test/target/test-dir/MiniOzoneClusterImpl-c6dc50ab-6fac-4554-b78d-9440f3e38bfb/datanode-3/data/ratis/11f238a1-a81c-4d19-9df2-c5477e2a5dab/in_use.lock acquired by nodename 8742@fv-az297-361
2021-10-12 06:05:34,503 [pool-581-thread-1] INFO  storage.RaftStorage (RaftStorageImpl.java:format(89)) - Storage directory /home/runner/work/ozone/ozone/hadoop-ozone/integration-test/target/test-dir/MiniOzoneClusterImpl-c6dc50ab-6fac-4554-b78d-9440f3e38bfb/datanode-3/data/ratis/11f238a1-a81c-4d19-9df2-c5477e2a5dab has been successfully formatted.
2021-10-12 06:05:34,503 [pool-581-thread-1] INFO  ratis.ContainerStateMachine (ContainerStateMachine.java:loadSnapshot(224)) - group-C5477E2A5DAB: The snapshot info is null. Setting the last applied indexto:(t:0, i:~)
2021-10-12 06:05:34,503 [Datanode State Machine Thread - 0] WARN  statemachine.StateContext (StateContext.java:execute(621)) - No available thread in pool for past 1 seconds.
2021-10-12 06:05:34,503 [pool-581-thread-1] INFO  server.RaftServerConfigKeys (ConfUtils.java:logGet(44)) - raft.server.notification.no-leader.timeout = 300000ms (custom)
2021-10-12 06:05:34,503 [pool-581-thread-1] INFO  server.RaftServerConfigKeys (ConfUtils.java:logGet(44)) - raft.server.log.use.memory = false (default)
2021-10-12 06:05:34,504 [pool-581-thread-1] INFO  server.RaftServerConfigKeys (ConfUtils.java:logGet(44)) - raft.server.log.purge.gap = 1000000 (custom)
2021-10-12 06:05:34,504 [pool-581-thread-1] INFO  server.RaftServerConfigKeys (ConfUtils.java:logGet(44)) - raft.server.log.appender.buffer.byte-limit = 33554432 (custom)
2021-10-12 06:05:34,504 [pool-581-thread-1] INFO  server.RaftServerConfigKeys (ConfUtils.java:logGet(44)) - raft.server.log.segment.size.max = 1048576 (custom)
2021-10-12 06:05:34,504 [EventQueue-OpenPipelineForHealthyPipelineSafeModeRule] INFO  safemode.SCMSafeModeManager (HealthyPipelineSafeModeRule.java:process(124)) - SCM in safe mode. Healthy pipelines reported count is 0, required healthy pipeline reported count is 1
2021-10-12 06:05:34,504 [pool-581-thread-1] INFO  server.RaftServerConfigKeys (ConfUtils.java:logGet(44)) - raft.server.log.segment.cache.num.max = 2 (custom)
2021-10-12 06:05:34,504 [pool-581-thread-1] INFO  server.RaftServerConfigKeys (ConfUtils.java:logGet(44)) - raft.server.log.segment.cache.size.max = 200MB (=209715200) (default)
2021-10-12 06:05:34,504 [pool-581-thread-1] INFO  segmented.SegmentedRaftLogWorker (SegmentedRaftLogWorker.java:<init>(182)) - new fdd2c237-e414-4605-b3b4-833d5e073368@group-C5477E2A5DAB-SegmentedRaftLogWorker for RaftStorageImpl:Storage Directory /home/runner/work/ozone/ozone/hadoop-ozone/integration-test/target/test-dir/MiniOzoneClusterImpl-c6dc50ab-6fac-4554-b78d-9440f3e38bfb/datanode-3/data/ratis/11f238a1-a81c-4d19-9df2-c5477e2a5dab
2021-10-12 06:05:34,505 [pool-581-thread-1] INFO  server.RaftServerConfigKeys (ConfUtils.java:logGet(44)) - raft.server.log.queue.byte-limit = 2147483647 (custom)
2021-10-12 06:05:34,505 [pool-581-thread-1] INFO  server.RaftServerConfigKeys (ConfUtils.java:logGet(44)) - raft.server.log.queue.element-limit = 1024 (custom)
2021-10-12 06:05:34,505 [pool-581-thread-1] INFO  server.RaftServerConfigKeys (ConfUtils.java:logGet(44)) - raft.server.log.segment.size.max = 1048576 (custom)
2021-10-12 06:05:34,505 [pool-581-thread-1] INFO  server.RaftServerConfigKeys (ConfUtils.java:logGet(44)) - raft.server.log.preallocated.size = 16384 (custom)
2021-10-12 06:05:34,505 [pool-581-thread-1] INFO  server.RaftServerConfigKeys (ConfUtils.java:logGet(44)) - raft.server.log.force.sync.num = 128 (default)
2021-10-12 06:05:34,505 [pool-581-thread-1] INFO  server.RaftServerConfigKeys (ConfUtils.java:logGet(44)) - raft.server.log.statemachine.data.sync = true (default)
2021-10-12 06:05:34,505 [pool-581-thread-1] INFO  server.RaftServerConfigKeys (ConfUtils.java:logGet(44)) - raft.server.log.statemachine.data.sync.timeout = 10s (default)
2021-10-12 06:05:34,505 [pool-581-thread-1] INFO  server.RaftServerConfigKeys (ConfUtils.java:logGet(44)) - raft.server.log.statemachine.data.sync.timeout.retry = -1 (default)
2021-10-12 06:05:34,506 [pool-581-thread-1] INFO  server.RaftServerConfigKeys (ConfUtils.java:logGet(44)) - raft.server.log.write.buffer.size = 1048576 (custom)
2021-10-12 06:05:34,506 [pool-581-thread-1] INFO  server.RaftServerConfigKeys (ConfUtils.java:logGet(44)) - raft.server.log.statemachine.data.caching.enabled = true (custom)
2021-10-12 06:05:34,506 [pool-581-thread-1] INFO  segmented.SegmentedRaftLogWorker (SegmentedRaftLogWorker.java:lambda$new$0(133)) - fdd2c237-e414-4605-b3b4-833d5e073368@group-C5477E2A5DAB-SegmentedRaftLogWorker: flushIndex: setUnconditionally 0 -> -1
2021-10-12 06:05:34,507 [pool-581-thread-1] INFO  segmented.SegmentedRaftLogWorker (SegmentedRaftLogWorker.java:lambda$new$0(133)) - fdd2c237-e414-4605-b3b4-833d5e073368@group-C5477E2A5DAB-SegmentedRaftLogWorker: safeCacheEvictIndex: setUnconditionally 0 -> -1
2021-10-12 06:05:34,514 [pool-581-thread-1] INFO  server.RaftServerConfigKeys (ConfUtils.java:logGet(44)) - raft.server.snapshot.auto.trigger.enabled = true (custom)
2021-10-12 06:05:34,515 [pool-581-thread-1] INFO  server.RaftServerConfigKeys (ConfUtils.java:logGet(44)) - raft.server.snapshot.auto.trigger.threshold = 10000 (custom)
2021-10-12 06:05:34,515 [pool-581-thread-1] INFO  server.RaftServerConfigKeys (ConfUtils.java:logGet(44)) - raft.server.snapshot.retention.file.num = 5 (custom)
2021-10-12 06:05:34,515 [pool-581-thread-1] INFO  server.RaftServerConfigKeys (ConfUtils.java:logGet(44)) - raft.server.log.purge.upto.snapshot.index = false (default)
2021-10-12 06:05:34,515 [pool-581-thread-1] INFO  server.RaftServerConfigKeys (ConfUtils.java:logGet(44)) - raft.server.retrycache.expirytime = 600000ms (custom)
2021-10-12 06:05:34,515 [pool-581-thread-1] INFO  server.RaftServerConfigKeys (ConfUtils.java:logGet(44)) - raft.server.retrycache.statistics.expirytime = 100μs (default)
2021-10-12 06:05:34,516 [pool-581-thread-1] INFO  server.RaftServer$Division (RaftServerImpl.java:start(296)) - fdd2c237-e414-4605-b3b4-833d5e073368@group-C5477E2A5DAB: start as a follower, conf=-1: [1a275f92-aa29-4e99-8b54-16510abadaea|rpc:10.1.0.59:35911|priority:0, fd6d4eb7-d4eb-4c85-951f-7fa23d5c4e33|rpc:10.1.0.59:37125|priority:1, fdd2c237-e414-4605-b3b4-833d5e073368|rpc:10.1.0.59:38743|priority:0], old=null
2021-10-12 06:05:34,526 [grpc-default-executor-2] INFO  server.RaftServer (RaftServerProxy.java:addNew(95)) - fd6d4eb7-d4eb-4c85-951f-7fa23d5c4e33: addNew group-C5477E2A5DAB:[1a275f92-aa29-4e99-8b54-16510abadaea|rpc:10.1.0.59:35911|dataStream:|priority:0, fd6d4eb7-d4eb-4c85-951f-7fa23d5c4e33|rpc:10.1.0.59:37125|dataStream:|priority:1, fdd2c237-e414-4605-b3b4-833d5e073368|rpc:10.1.0.59:38743|dataStream:|priority:0] returns group-C5477E2A5DAB:java.util.concurrent.CompletableFuture@4625b0dd[Not completed]
2021-10-12 06:05:34,527 [pool-619-thread-1] INFO  server.RaftServer$Division (RaftServerImpl.java:<init>(181)) - fd6d4eb7-d4eb-4c85-951f-7fa23d5c4e33: new RaftServerImpl for group-C5477E2A5DAB:[1a275f92-aa29-4e99-8b54-16510abadaea|rpc:10.1.0.59:35911|dataStream:|priority:0, fd6d4eb7-d4eb-4c85-951f-7fa23d5c4e33|rpc:10.1.0.59:37125|dataStream:|priority:1, fdd2c237-e414-4605-b3b4-833d5e073368|rpc:10.1.0.59:38743|dataStream:|priority:0] with ContainerStateMachine:uninitialized
2021-10-12 06:05:34,527 [pool-619-thread-1] INFO  server.RaftServerConfigKeys (ConfUtils.java:logGet(44)) - raft.server.rpc.timeout.min = 5s (custom)
2021-10-12 06:05:34,527 [pool-619-thread-1] INFO  server.RaftServerConfigKeys (ConfUtils.java:logGet(44)) - raft.server.rpc.timeout.max = 5200ms (custom)
2021-10-12 06:05:34,527 [pool-619-thread-1] INFO  server.RaftServerConfigKeys (ConfUtils.java:logGet(44)) - raft.server.rpc.sleep.time = 25ms (default)
2021-10-12 06:05:34,527 [pool-619-thread-1] INFO  server.RaftServerConfigKeys (ConfUtils.java:logGet(44)) - raft.server.rpc.slowness.timeout = 300000ms (custom)
2021-10-12 06:05:34,527 [pool-619-thread-1] INFO  server.RaftServerConfigKeys (ConfUtils.java:logGet(44)) - raft.server.leaderelection.leader.step-down.wait-time = 10s (default)
2021-10-12 06:05:34,527 [pool-619-thread-1] INFO  server.RaftServerConfigKeys (ConfUtils.java:logGet(44)) - raft.server.sleep.deviation.threshold = 300ms (default)
2021-10-12 06:05:34,527 [pool-619-thread-1] INFO  server.RaftServerConfigKeys (ConfUtils.java:logGet(44)) - raft.server.log.appender.install.snapshot.enabled = false (custom)
2021-10-12 06:05:34,527 [pool-619-thread-1] INFO  server.RaftServer$Division (ServerState.java:<init>(105)) - fd6d4eb7-d4eb-4c85-951f-7fa23d5c4e33@group-C5477E2A5DAB: ConfigurationManager, init=-1: [1a275f92-aa29-4e99-8b54-16510abadaea|rpc:10.1.0.59:35911|dataStream:|priority:0, fd6d4eb7-d4eb-4c85-951f-7fa23d5c4e33|rpc:10.1.0.59:37125|dataStream:|priority:1, fdd2c237-e414-4605-b3b4-833d5e073368|rpc:10.1.0.59:38743|dataStream:|priority:0], old=null, confs=<EMPTY_MAP>
2021-10-12 06:05:34,527 [pool-619-thread-1] INFO  server.RaftServerConfigKeys (ConfUtils.java:logGet(44)) - raft.server.storage.dir = [/home/runner/work/ozone/ozone/hadoop-ozone/integration-test/target/test-dir/MiniOzoneClusterImpl-c6dc50ab-6fac-4554-b78d-9440f3e38bfb/datanode-5/data/ratis] (custom)
2021-10-12 06:05:34,528 [pool-619-thread-1] INFO  server.RaftServerConfigKeys (ConfUtils.java:logGet(44)) - raft.server.log.corruption.policy = EXCEPTION (default)
2021-10-12 06:05:34,528 [pool-619-thread-1] INFO  server.RaftServerConfigKeys (ConfUtils.java:logGet(44)) - raft.server.storage.free-space.min = 0MB (=0) (default)
2021-10-12 06:05:34,528 [pool-619-thread-1] INFO  storage.RaftStorageDirectory (RaftStorageDirectoryImpl.java:analyzeStorage(135)) - The storage directory /home/runner/work/ozone/ozone/hadoop-ozone/integration-test/target/test-dir/MiniOzoneClusterImpl-c6dc50ab-6fac-4554-b78d-9440f3e38bfb/datanode-5/data/ratis/11f238a1-a81c-4d19-9df2-c5477e2a5dab does not exist. Creating ...
2021-10-12 06:05:34,528 [pool-581-thread-1] INFO  server.RaftServer$Division (RaftServerImpl.java:setRole(285)) - fdd2c237-e414-4605-b3b4-833d5e073368@group-C5477E2A5DAB: changes role from      null to FOLLOWER at term 0 for startAsFollower
2021-10-12 06:05:34,528 [pool-581-thread-1] INFO  impl.RoleInfo (RoleInfo.java:updateAndGet(130)) - fdd2c237-e414-4605-b3b4-833d5e073368: start fdd2c237-e414-4605-b3b4-833d5e073368@group-C5477E2A5DAB-FollowerState
2021-10-12 06:05:34,529 [pool-619-thread-1] INFO  storage.RaftStorageDirectory (RaftStorageDirectoryImpl.java:tryLock(230)) - Lock on /home/runner/work/ozone/ozone/hadoop-ozone/integration-test/target/test-dir/MiniOzoneClusterImpl-c6dc50ab-6fac-4554-b78d-9440f3e38bfb/datanode-5/data/ratis/11f238a1-a81c-4d19-9df2-c5477e2a5dab/in_use.lock acquired by nodename 8742@fv-az297-361
2021-10-12 06:05:34,534 [pool-581-thread-1] INFO  util.JmxRegister (JmxRegister.java:tryRegister(44)) - Successfully registered JMX Bean with object name Ratis:service=RaftServer,group=group-C5477E2A5DAB,id=fdd2c237-e414-4605-b3b4-833d5e073368
2021-10-12 06:05:34,539 [Command processor thread] INFO  ratis.XceiverServerRatis (XceiverServerRatis.java:addGroup(763)) - Created group PipelineID=11f238a1-a81c-4d19-9df2-c5477e2a5dab
2021-10-12 06:05:34,580 [pool-619-thread-1] INFO  storage.RaftStorage (RaftStorageImpl.java:format(89)) - Storage directory /home/runner/work/ozone/ozone/hadoop-ozone/integration-test/target/test-dir/MiniOzoneClusterImpl-c6dc50ab-6fac-4554-b78d-9440f3e38bfb/datanode-5/data/ratis/11f238a1-a81c-4d19-9df2-c5477e2a5dab has been successfully formatted.
2021-10-12 06:05:34,581 [pool-619-thread-1] INFO  ratis.ContainerStateMachine (ContainerStateMachine.java:loadSnapshot(224)) - group-C5477E2A5DAB: The snapshot info is null. Setting the last applied indexto:(t:0, i:~)
2021-10-12 06:05:34,598 [Datanode State Machine Thread - 0] WARN  statemachine.StateContext (StateContext.java:execute(621)) - No available thread in pool for past 1 seconds.
2021-10-12 06:05:34,598 [pool-619-thread-1] INFO  server.RaftServerConfigKeys (ConfUtils.java:logGet(44)) - raft.server.notification.no-leader.timeout = 300000ms (custom)
2021-10-12 06:05:34,598 [pool-619-thread-1] INFO  server.RaftServerConfigKeys (ConfUtils.java:logGet(44)) - raft.server.log.use.memory = false (default)
2021-10-12 06:05:34,598 [pool-619-thread-1] INFO  server.RaftServerConfigKeys (ConfUtils.java:logGet(44)) - raft.server.log.purge.gap = 1000000 (custom)
2021-10-12 06:05:34,598 [pool-619-thread-1] INFO  server.RaftServerConfigKeys (ConfUtils.java:logGet(44)) - raft.server.log.appender.buffer.byte-limit = 33554432 (custom)
2021-10-12 06:05:34,599 [pool-619-thread-1] INFO  server.RaftServerConfigKeys (ConfUtils.java:logGet(44)) - raft.server.log.segment.size.max = 1048576 (custom)
2021-10-12 06:05:34,599 [pool-619-thread-1] INFO  server.RaftServerConfigKeys (ConfUtils.java:logGet(44)) - raft.server.log.segment.cache.num.max = 2 (custom)
2021-10-12 06:05:34,599 [pool-619-thread-1] INFO  server.RaftServerConfigKeys (ConfUtils.java:logGet(44)) - raft.server.log.segment.cache.size.max = 200MB (=209715200) (default)
2021-10-12 06:05:34,599 [pool-619-thread-1] INFO  segmented.SegmentedRaftLogWorker (SegmentedRaftLogWorker.java:<init>(182)) - new fd6d4eb7-d4eb-4c85-951f-7fa23d5c4e33@group-C5477E2A5DAB-SegmentedRaftLogWorker for RaftStorageImpl:Storage Directory /home/runner/work/ozone/ozone/hadoop-ozone/integration-test/target/test-dir/MiniOzoneClusterImpl-c6dc50ab-6fac-4554-b78d-9440f3e38bfb/datanode-5/data/ratis/11f238a1-a81c-4d19-9df2-c5477e2a5dab
2021-10-12 06:05:34,599 [pool-619-thread-1] INFO  server.RaftServerConfigKeys (ConfUtils.java:logGet(44)) - raft.server.log.queue.byte-limit = 2147483647 (custom)
2021-10-12 06:05:34,599 [pool-619-thread-1] INFO  server.RaftServerConfigKeys (ConfUtils.java:logGet(44)) - raft.server.log.queue.element-limit = 1024 (custom)
2021-10-12 06:05:34,599 [pool-619-thread-1] INFO  server.RaftServerConfigKeys (ConfUtils.java:logGet(44)) - raft.server.log.segment.size.max = 1048576 (custom)
2021-10-12 06:05:34,599 [pool-619-thread-1] INFO  server.RaftServerConfigKeys (ConfUtils.java:logGet(44)) - raft.server.log.preallocated.size = 16384 (custom)
2021-10-12 06:05:34,599 [pool-619-thread-1] INFO  server.RaftServerConfigKeys (ConfUtils.java:logGet(44)) - raft.server.log.force.sync.num = 128 (default)
2021-10-12 06:05:34,599 [pool-619-thread-1] INFO  server.RaftServerConfigKeys (ConfUtils.java:logGet(44)) - raft.server.log.statemachine.data.sync = true (default)
2021-10-12 06:05:34,599 [pool-619-thread-1] INFO  server.RaftServerConfigKeys (ConfUtils.java:logGet(44)) - raft.server.log.statemachine.data.sync.timeout = 10s (default)
2021-10-12 06:05:34,599 [pool-619-thread-1] INFO  server.RaftServerConfigKeys (ConfUtils.java:logGet(44)) - raft.server.log.statemachine.data.sync.timeout.retry = -1 (default)
2021-10-12 06:05:34,601 [pool-619-thread-1] INFO  server.RaftServerConfigKeys (ConfUtils.java:logGet(44)) - raft.server.log.write.buffer.size = 1048576 (custom)
2021-10-12 06:05:34,605 [pool-619-thread-1] INFO  server.RaftServerConfigKeys (ConfUtils.java:logGet(44)) - raft.server.log.statemachine.data.caching.enabled = true (custom)
2021-10-12 06:05:34,605 [pool-619-thread-1] INFO  segmented.SegmentedRaftLogWorker (SegmentedRaftLogWorker.java:lambda$new$0(133)) - fd6d4eb7-d4eb-4c85-951f-7fa23d5c4e33@group-C5477E2A5DAB-SegmentedRaftLogWorker: flushIndex: setUnconditionally 0 -> -1
2021-10-12 06:05:34,605 [pool-619-thread-1] INFO  segmented.SegmentedRaftLogWorker (SegmentedRaftLogWorker.java:lambda$new$0(133)) - fd6d4eb7-d4eb-4c85-951f-7fa23d5c4e33@group-C5477E2A5DAB-SegmentedRaftLogWorker: safeCacheEvictIndex: setUnconditionally 0 -> -1
2021-10-12 06:05:34,608 [pool-619-thread-1] INFO  server.RaftServerConfigKeys (ConfUtils.java:logGet(44)) - raft.server.snapshot.auto.trigger.enabled = true (custom)
2021-10-12 06:05:34,608 [pool-619-thread-1] INFO  server.RaftServerConfigKeys (ConfUtils.java:logGet(44)) - raft.server.snapshot.auto.trigger.threshold = 10000 (custom)
2021-10-12 06:05:34,608 [pool-619-thread-1] INFO  server.RaftServerConfigKeys (ConfUtils.java:logGet(44)) - raft.server.snapshot.retention.file.num = 5 (custom)
2021-10-12 06:05:34,608 [pool-619-thread-1] INFO  server.RaftServerConfigKeys (ConfUtils.java:logGet(44)) - raft.server.log.purge.upto.snapshot.index = false (default)
2021-10-12 06:05:34,609 [pool-619-thread-1] INFO  server.RaftServerConfigKeys (ConfUtils.java:logGet(44)) - raft.server.retrycache.expirytime = 600000ms (custom)
2021-10-12 06:05:34,609 [pool-619-thread-1] INFO  server.RaftServerConfigKeys (ConfUtils.java:logGet(44)) - raft.server.retrycache.statistics.expirytime = 100μs (default)
2021-10-12 06:05:34,610 [pool-619-thread-1] INFO  server.RaftServer$Division (RaftServerImpl.java:start(296)) - fd6d4eb7-d4eb-4c85-951f-7fa23d5c4e33@group-C5477E2A5DAB: start as a follower, conf=-1: [1a275f92-aa29-4e99-8b54-16510abadaea|rpc:10.1.0.59:35911|dataStream:|priority:0, fd6d4eb7-d4eb-4c85-951f-7fa23d5c4e33|rpc:10.1.0.59:37125|dataStream:|priority:1, fdd2c237-e414-4605-b3b4-833d5e073368|rpc:10.1.0.59:38743|dataStream:|priority:0], old=null
2021-10-12 06:05:34,632 [pool-619-thread-1] INFO  server.RaftServer$Division (RaftServerImpl.java:setRole(285)) - fd6d4eb7-d4eb-4c85-951f-7fa23d5c4e33@group-C5477E2A5DAB: changes role from      null to FOLLOWER at term 0 for startAsFollower
2021-10-12 06:05:34,632 [pool-619-thread-1] INFO  impl.RoleInfo (RoleInfo.java:updateAndGet(130)) - fd6d4eb7-d4eb-4c85-951f-7fa23d5c4e33: start fd6d4eb7-d4eb-4c85-951f-7fa23d5c4e33@group-C5477E2A5DAB-FollowerState
2021-10-12 06:05:34,638 [pool-619-thread-1] INFO  util.JmxRegister (JmxRegister.java:tryRegister(44)) - Successfully registered JMX Bean with object name Ratis:service=RaftServer,group=group-C5477E2A5DAB,id=fd6d4eb7-d4eb-4c85-951f-7fa23d5c4e33
2021-10-12 06:05:34,728 [Command processor thread] INFO  commandhandler.CreatePipelineCommandHandler (CreatePipelineCommandHandler.java:handle(106)) - Created Pipeline RATIS THREE PipelineID=11f238a1-a81c-4d19-9df2-c5477e2a5dab.
2021-10-12 06:05:34,814 [Command processor thread] INFO  commandhandler.CreatePipelineCommandHandler (CreatePipelineCommandHandler.java:handle(106)) - Created Pipeline RATIS THREE PipelineID=11f238a1-a81c-4d19-9df2-c5477e2a5dab.
2021-10-12 06:05:34,867 [Command processor thread] INFO  server.RaftServer (RaftServerProxy.java:addNew(95)) - fd6d4eb7-d4eb-4c85-951f-7fa23d5c4e33: addNew group-D1D5ABD2796E:[fd6d4eb7-d4eb-4c85-951f-7fa23d5c4e33|rpc:10.1.0.59:37125|priority:1] returns group-D1D5ABD2796E:java.util.concurrent.CompletableFuture@e112f34[Not completed]
2021-10-12 06:05:34,868 [pool-619-thread-1] INFO  server.RaftServer$Division (RaftServerImpl.java:<init>(181)) - fd6d4eb7-d4eb-4c85-951f-7fa23d5c4e33: new RaftServerImpl for group-D1D5ABD2796E:[fd6d4eb7-d4eb-4c85-951f-7fa23d5c4e33|rpc:10.1.0.59:37125|priority:1] with ContainerStateMachine:uninitialized
2021-10-12 06:05:34,868 [pool-619-thread-1] INFO  server.RaftServerConfigKeys (ConfUtils.java:logGet(44)) - raft.server.rpc.timeout.min = 5s (custom)
2021-10-12 06:05:34,868 [pool-619-thread-1] INFO  server.RaftServerConfigKeys (ConfUtils.java:logGet(44)) - raft.server.rpc.timeout.max = 5200ms (custom)
2021-10-12 06:05:34,868 [pool-619-thread-1] INFO  server.RaftServerConfigKeys (ConfUtils.java:logGet(44)) - raft.server.rpc.sleep.time = 25ms (default)
2021-10-12 06:05:34,868 [pool-619-thread-1] INFO  server.RaftServerConfigKeys (ConfUtils.java:logGet(44)) - raft.server.rpc.slowness.timeout = 300000ms (custom)
2021-10-12 06:05:34,868 [pool-619-thread-1] INFO  server.RaftServerConfigKeys (ConfUtils.java:logGet(44)) - raft.server.leaderelection.leader.step-down.wait-time = 10s (default)
2021-10-12 06:05:34,868 [pool-619-thread-1] INFO  server.RaftServerConfigKeys (ConfUtils.java:logGet(44)) - raft.server.sleep.deviation.threshold = 300ms (default)
2021-10-12 06:05:34,868 [pool-619-thread-1] INFO  server.RaftServerConfigKeys (ConfUtils.java:logGet(44)) - raft.server.log.appender.install.snapshot.enabled = false (custom)
2021-10-12 06:05:34,868 [pool-619-thread-1] INFO  server.RaftServer$Division (ServerState.java:<init>(105)) - fd6d4eb7-d4eb-4c85-951f-7fa23d5c4e33@group-D1D5ABD2796E: ConfigurationManager, init=-1: [fd6d4eb7-d4eb-4c85-951f-7fa23d5c4e33|rpc:10.1.0.59:37125|priority:1], old=null, confs=<EMPTY_MAP>
2021-10-12 06:05:34,868 [pool-619-thread-1] INFO  server.RaftServerConfigKeys (ConfUtils.java:logGet(44)) - raft.server.storage.dir = [/home/runner/work/ozone/ozone/hadoop-ozone/integration-test/target/test-dir/MiniOzoneClusterImpl-c6dc50ab-6fac-4554-b78d-9440f3e38bfb/datanode-5/data/ratis] (custom)
2021-10-12 06:05:34,868 [pool-619-thread-1] INFO  server.RaftServerConfigKeys (ConfUtils.java:logGet(44)) - raft.server.log.corruption.policy = EXCEPTION (default)
2021-10-12 06:05:34,868 [pool-619-thread-1] INFO  server.RaftServerConfigKeys (ConfUtils.java:logGet(44)) - raft.server.storage.free-space.min = 0MB (=0) (default)
2021-10-12 06:05:34,868 [pool-619-thread-1] INFO  storage.RaftStorageDirectory (RaftStorageDirectoryImpl.java:analyzeStorage(135)) - The storage directory /home/runner/work/ozone/ozone/hadoop-ozone/integration-test/target/test-dir/MiniOzoneClusterImpl-c6dc50ab-6fac-4554-b78d-9440f3e38bfb/datanode-5/data/ratis/7e7a9f65-9827-4b9c-af70-d1d5abd2796e does not exist. Creating ...
2021-10-12 06:05:34,869 [pool-619-thread-1] INFO  storage.RaftStorageDirectory (RaftStorageDirectoryImpl.java:tryLock(230)) - Lock on /home/runner/work/ozone/ozone/hadoop-ozone/integration-test/target/test-dir/MiniOzoneClusterImpl-c6dc50ab-6fac-4554-b78d-9440f3e38bfb/datanode-5/data/ratis/7e7a9f65-9827-4b9c-af70-d1d5abd2796e/in_use.lock acquired by nodename 8742@fv-az297-361
2021-10-12 06:05:34,870 [pool-619-thread-1] INFO  storage.RaftStorage (RaftStorageImpl.java:format(89)) - Storage directory /home/runner/work/ozone/ozone/hadoop-ozone/integration-test/target/test-dir/MiniOzoneClusterImpl-c6dc50ab-6fac-4554-b78d-9440f3e38bfb/datanode-5/data/ratis/7e7a9f65-9827-4b9c-af70-d1d5abd2796e has been successfully formatted.
2021-10-12 06:05:34,870 [Datanode State Machine Thread - 0] WARN  statemachine.StateContext (StateContext.java:execute(621)) - No available thread in pool for past 1 seconds.
2021-10-12 06:05:34,871 [pool-619-thread-1] INFO  ratis.ContainerStateMachine (ContainerStateMachine.java:loadSnapshot(224)) - group-D1D5ABD2796E: The snapshot info is null. Setting the last applied indexto:(t:0, i:~)
2021-10-12 06:05:34,871 [pool-619-thread-1] INFO  server.RaftServerConfigKeys (ConfUtils.java:logGet(44)) - raft.server.notification.no-leader.timeout = 300000ms (custom)
2021-10-12 06:05:34,871 [pool-619-thread-1] INFO  server.RaftServerConfigKeys (ConfUtils.java:logGet(44)) - raft.server.log.use.memory = false (default)
2021-10-12 06:05:34,871 [EventQueue-PipelineReportForPipelineReportHandler] INFO  pipeline.PipelineManagerImpl (PipelineManagerImpl.java:openPipeline(282)) - Pipeline Pipeline[ Id: 7e7a9f65-9827-4b9c-af70-d1d5abd2796e, Nodes: fd6d4eb7-d4eb-4c85-951f-7fa23d5c4e33{ip: 10.1.0.59, host: fv-az297-361.nmf1rxwemy4u5di1sxxf4ejcwb.jx.internal.cloudapp.net, ports: [REPLICATION=36033, RATIS=37125, RATIS_ADMIN=37125, RATIS_SERVER=37125, STANDALONE=44425], networkLocation: /default-rack, certSerialId: null, persistedOpState: IN_SERVICE, persistedOpStateExpiryEpochSec: 0}, ReplicationConfig: RATIS/ONE, State:ALLOCATED, leaderId:fd6d4eb7-d4eb-4c85-951f-7fa23d5c4e33, CreationTimestamp2021-10-12T06:05:31.876Z[Etc/UTC]] moved to OPEN state
2021-10-12 06:05:34,872 [EventQueue-OpenPipelineForHealthyPipelineSafeModeRule] INFO  safemode.SCMSafeModeManager (HealthyPipelineSafeModeRule.java:process(124)) - SCM in safe mode. Healthy pipelines reported count is 0, required healthy pipeline reported count is 1
2021-10-12 06:05:34,872 [pool-619-thread-1] INFO  server.RaftServerConfigKeys (ConfUtils.java:logGet(44)) - raft.server.log.purge.gap = 1000000 (custom)
2021-10-12 06:05:34,872 [pool-619-thread-1] INFO  server.RaftServerConfigKeys (ConfUtils.java:logGet(44)) - raft.server.log.appender.buffer.byte-limit = 33554432 (custom)
2021-10-12 06:05:34,872 [pool-619-thread-1] INFO  server.RaftServerConfigKeys (ConfUtils.java:logGet(44)) - raft.server.log.segment.size.max = 1048576 (custom)
2021-10-12 06:05:34,872 [pool-619-thread-1] INFO  server.RaftServerConfigKeys (ConfUtils.java:logGet(44)) - raft.server.log.segment.cache.num.max = 2 (custom)
2021-10-12 06:05:34,873 [pool-619-thread-1] INFO  server.RaftServerConfigKeys (ConfUtils.java:logGet(44)) - raft.server.log.segment.cache.size.max = 200MB (=209715200) (default)
2021-10-12 06:05:34,873 [pool-619-thread-1] INFO  segmented.SegmentedRaftLogWorker (SegmentedRaftLogWorker.java:<init>(182)) - new fd6d4eb7-d4eb-4c85-951f-7fa23d5c4e33@group-D1D5ABD2796E-SegmentedRaftLogWorker for RaftStorageImpl:Storage Directory /home/runner/work/ozone/ozone/hadoop-ozone/integration-test/target/test-dir/MiniOzoneClusterImpl-c6dc50ab-6fac-4554-b78d-9440f3e38bfb/datanode-5/data/ratis/7e7a9f65-9827-4b9c-af70-d1d5abd2796e
2021-10-12 06:05:34,873 [pool-619-thread-1] INFO  server.RaftServerConfigKeys (ConfUtils.java:logGet(44)) - raft.server.log.queue.byte-limit = 2147483647 (custom)
2021-10-12 06:05:34,873 [pool-619-thread-1] INFO  server.RaftServerConfigKeys (ConfUtils.java:logGet(44)) - raft.server.log.queue.element-limit = 1024 (custom)
2021-10-12 06:05:34,873 [pool-619-thread-1] INFO  server.RaftServerConfigKeys (ConfUtils.java:logGet(44)) - raft.server.log.segment.size.max = 1048576 (custom)
2021-10-12 06:05:34,873 [pool-619-thread-1] INFO  server.RaftServerConfigKeys (ConfUtils.java:logGet(44)) - raft.server.log.preallocated.size = 16384 (custom)
2021-10-12 06:05:34,873 [pool-619-thread-1] INFO  server.RaftServerConfigKeys (ConfUtils.java:logGet(44)) - raft.server.log.force.sync.num = 128 (default)
2021-10-12 06:05:34,873 [pool-619-thread-1] INFO  server.RaftServerConfigKeys (ConfUtils.java:logGet(44)) - raft.server.log.statemachine.data.sync = true (default)
2021-10-12 06:05:34,873 [pool-619-thread-1] INFO  server.RaftServerConfigKeys (ConfUtils.java:logGet(44)) - raft.server.log.statemachine.data.sync.timeout = 10s (default)
2021-10-12 06:05:34,873 [pool-619-thread-1] INFO  server.RaftServerConfigKeys (ConfUtils.java:logGet(44)) - raft.server.log.statemachine.data.sync.timeout.retry = -1 (default)
2021-10-12 06:05:34,874 [pool-619-thread-1] INFO  server.RaftServerConfigKeys (ConfUtils.java:logGet(44)) - raft.server.log.write.buffer.size = 1048576 (custom)
2021-10-12 06:05:34,875 [pool-619-thread-1] INFO  server.RaftServerConfigKeys (ConfUtils.java:logGet(44)) - raft.server.log.statemachine.data.caching.enabled = true (custom)
2021-10-12 06:05:34,878 [pool-619-thread-1] INFO  segmented.SegmentedRaftLogWorker (SegmentedRaftLogWorker.java:lambda$new$0(133)) - fd6d4eb7-d4eb-4c85-951f-7fa23d5c4e33@group-D1D5ABD2796E-SegmentedRaftLogWorker: flushIndex: setUnconditionally 0 -> -1
2021-10-12 06:05:34,878 [pool-619-thread-1] INFO  segmented.SegmentedRaftLogWorker (SegmentedRaftLogWorker.java:lambda$new$0(133)) - fd6d4eb7-d4eb-4c85-951f-7fa23d5c4e33@group-D1D5ABD2796E-SegmentedRaftLogWorker: safeCacheEvictIndex: setUnconditionally 0 -> -1
2021-10-12 06:05:34,887 [pool-619-thread-1] INFO  server.RaftServerConfigKeys (ConfUtils.java:logGet(44)) - raft.server.snapshot.auto.trigger.enabled = true (custom)
2021-10-12 06:05:34,887 [pool-619-thread-1] INFO  server.RaftServerConfigKeys (ConfUtils.java:logGet(44)) - raft.server.snapshot.auto.trigger.threshold = 10000 (custom)
2021-10-12 06:05:34,887 [pool-619-thread-1] INFO  server.RaftServerConfigKeys (ConfUtils.java:logGet(44)) - raft.server.snapshot.retention.file.num = 5 (custom)
2021-10-12 06:05:34,887 [pool-619-thread-1] INFO  server.RaftServerConfigKeys (ConfUtils.java:logGet(44)) - raft.server.log.purge.upto.snapshot.index = false (default)
2021-10-12 06:05:34,887 [pool-619-thread-1] INFO  server.RaftServerConfigKeys (ConfUtils.java:logGet(44)) - raft.server.retrycache.expirytime = 600000ms (custom)
2021-10-12 06:05:34,887 [pool-619-thread-1] INFO  server.RaftServerConfigKeys (ConfUtils.java:logGet(44)) - raft.server.retrycache.statistics.expirytime = 100μs (default)
2021-10-12 06:05:34,888 [pool-619-thread-1] INFO  server.RaftServer$Division (RaftServerImpl.java:start(296)) - fd6d4eb7-d4eb-4c85-951f-7fa23d5c4e33@group-D1D5ABD2796E: start as a follower, conf=-1: [fd6d4eb7-d4eb-4c85-951f-7fa23d5c4e33|rpc:10.1.0.59:37125|priority:1], old=null
2021-10-12 06:05:34,888 [pool-619-thread-1] INFO  server.RaftServer$Division (RaftServerImpl.java:setRole(285)) - fd6d4eb7-d4eb-4c85-951f-7fa23d5c4e33@group-D1D5ABD2796E: changes role from      null to FOLLOWER at term 0 for startAsFollower
2021-10-12 06:05:34,888 [pool-619-thread-1] INFO  impl.RoleInfo (RoleInfo.java:updateAndGet(130)) - fd6d4eb7-d4eb-4c85-951f-7fa23d5c4e33: start fd6d4eb7-d4eb-4c85-951f-7fa23d5c4e33@group-D1D5ABD2796E-FollowerState
2021-10-12 06:05:34,899 [pool-619-thread-1] INFO  util.JmxRegister (JmxRegister.java:tryRegister(44)) - Successfully registered JMX Bean with object name Ratis:service=RaftServer,group=group-D1D5ABD2796E,id=fd6d4eb7-d4eb-4c85-951f-7fa23d5c4e33
2021-10-12 06:05:34,900 [Command processor thread] INFO  ratis.XceiverServerRatis (XceiverServerRatis.java:addGroup(763)) - Created group PipelineID=7e7a9f65-9827-4b9c-af70-d1d5abd2796e
2021-10-12 06:05:34,900 [Command processor thread] INFO  commandhandler.CreatePipelineCommandHandler (CreatePipelineCommandHandler.java:handle(106)) - Created Pipeline RATIS ONE PipelineID=7e7a9f65-9827-4b9c-af70-d1d5abd2796e.
2021-10-12 06:05:35,374 [Listener at 127.0.0.1/38829] INFO  ozone.MiniOzoneClusterImpl (MiniOzoneClusterImpl.java:lambda$waitForClusterToBeReady$0(235)) - Nodes are ready. Got 7 of 7 DN Heartbeats.
2021-10-12 06:05:35,374 [Listener at 127.0.0.1/38829] INFO  ozone.MiniOzoneClusterImpl (MiniOzoneClusterImpl.java:lambda$waitForClusterToBeReady$0(238)) - Waiting for cluster to exit safe mode
2021-10-12 06:05:35,374 [Listener at 127.0.0.1/38829] INFO  ozone.MiniOzoneClusterImpl (MiniOzoneClusterImpl.java:lambda$waitForClusterToBeReady$0(240)) - SCM became leader
2021-10-12 06:05:35,602 [Command processor thread] INFO  server.RaftServer (RaftServerProxy.java:addNew(95)) - 8094cd77-30c2-47d7-ab82-7abee48b2f8b: addNew group-563C7752DC70:[8094cd77-30c2-47d7-ab82-7abee48b2f8b|rpc:10.1.0.59:44663|priority:1] returns group-563C7752DC70:java.util.concurrent.CompletableFuture@34a7083f[Not completed]
2021-10-12 06:05:35,602 [pool-638-thread-1] INFO  server.RaftServer$Division (RaftServerImpl.java:<init>(181)) - 8094cd77-30c2-47d7-ab82-7abee48b2f8b: new RaftServerImpl for group-563C7752DC70:[8094cd77-30c2-47d7-ab82-7abee48b2f8b|rpc:10.1.0.59:44663|priority:1] with ContainerStateMachine:uninitialized
2021-10-12 06:05:35,603 [pool-638-thread-1] INFO  server.RaftServerConfigKeys (ConfUtils.java:logGet(44)) - raft.server.rpc.timeout.min = 5s (custom)
2021-10-12 06:05:35,603 [pool-638-thread-1] INFO  server.RaftServerConfigKeys (ConfUtils.java:logGet(44)) - raft.server.rpc.timeout.max = 5200ms (custom)
2021-10-12 06:05:35,603 [pool-638-thread-1] INFO  server.RaftServerConfigKeys (ConfUtils.java:logGet(44)) - raft.server.rpc.sleep.time = 25ms (default)
2021-10-12 06:05:35,603 [pool-638-thread-1] INFO  server.RaftServerConfigKeys (ConfUtils.java:logGet(44)) - raft.server.rpc.slowness.timeout = 300000ms (custom)
2021-10-12 06:05:35,603 [pool-638-thread-1] INFO  server.RaftServerConfigKeys (ConfUtils.java:logGet(44)) - raft.server.leaderelection.leader.step-down.wait-time = 10s (default)
2021-10-12 06:05:35,603 [pool-638-thread-1] INFO  server.RaftServerConfigKeys (ConfUtils.java:logGet(44)) - raft.server.sleep.deviation.threshold = 300ms (default)
2021-10-12 06:05:35,603 [pool-638-thread-1] INFO  server.RaftServerConfigKeys (ConfUtils.java:logGet(44)) - raft.server.log.appender.install.snapshot.enabled = false (custom)
2021-10-12 06:05:35,603 [pool-638-thread-1] INFO  server.RaftServer$Division (ServerState.java:<init>(105)) - 8094cd77-30c2-47d7-ab82-7abee48b2f8b@group-563C7752DC70: ConfigurationManager, init=-1: [8094cd77-30c2-47d7-ab82-7abee48b2f8b|rpc:10.1.0.59:44663|priority:1], old=null, confs=<EMPTY_MAP>
2021-10-12 06:05:35,603 [pool-638-thread-1] INFO  server.RaftServerConfigKeys (ConfUtils.java:logGet(44)) - raft.server.storage.dir = [/home/runner/work/ozone/ozone/hadoop-ozone/integration-test/target/test-dir/MiniOzoneClusterImpl-c6dc50ab-6fac-4554-b78d-9440f3e38bfb/datanode-6/data/ratis] (custom)
2021-10-12 06:05:35,603 [pool-638-thread-1] INFO  server.RaftServerConfigKeys (ConfUtils.java:logGet(44)) - raft.server.log.corruption.policy = EXCEPTION (default)
2021-10-12 06:05:35,603 [pool-638-thread-1] INFO  server.RaftServerConfigKeys (ConfUtils.java:logGet(44)) - raft.server.storage.free-space.min = 0MB (=0) (default)
2021-10-12 06:05:35,604 [pool-638-thread-1] INFO  storage.RaftStorageDirectory (RaftStorageDirectoryImpl.java:analyzeStorage(135)) - The storage directory /home/runner/work/ozone/ozone/hadoop-ozone/integration-test/target/test-dir/MiniOzoneClusterImpl-c6dc50ab-6fac-4554-b78d-9440f3e38bfb/datanode-6/data/ratis/43352944-ce4e-4e88-a3a6-563c7752dc70 does not exist. Creating ...
2021-10-12 06:05:35,610 [pool-638-thread-1] INFO  storage.RaftStorageDirectory (RaftStorageDirectoryImpl.java:tryLock(230)) - Lock on /home/runner/work/ozone/ozone/hadoop-ozone/integration-test/target/test-dir/MiniOzoneClusterImpl-c6dc50ab-6fac-4554-b78d-9440f3e38bfb/datanode-6/data/ratis/43352944-ce4e-4e88-a3a6-563c7752dc70/in_use.lock acquired by nodename 8742@fv-az297-361
2021-10-12 06:05:35,625 [pool-638-thread-1] INFO  storage.RaftStorage (RaftStorageImpl.java:format(89)) - Storage directory /home/runner/work/ozone/ozone/hadoop-ozone/integration-test/target/test-dir/MiniOzoneClusterImpl-c6dc50ab-6fac-4554-b78d-9440f3e38bfb/datanode-6/data/ratis/43352944-ce4e-4e88-a3a6-563c7752dc70 has been successfully formatted.
2021-10-12 06:05:35,664 [Datanode State Machine Thread - 0] WARN  statemachine.StateContext (StateContext.java:execute(621)) - No available thread in pool for past 1 seconds.
2021-10-12 06:05:35,664 [pool-638-thread-1] INFO  ratis.ContainerStateMachine (ContainerStateMachine.java:loadSnapshot(224)) - group-563C7752DC70: The snapshot info is null. Setting the last applied indexto:(t:0, i:~)
2021-10-12 06:05:35,664 [pool-638-thread-1] INFO  server.RaftServerConfigKeys (ConfUtils.java:logGet(44)) - raft.server.notification.no-leader.timeout = 300000ms (custom)
2021-10-12 06:05:35,664 [pool-638-thread-1] INFO  server.RaftServerConfigKeys (ConfUtils.java:logGet(44)) - raft.server.log.use.memory = false (default)
2021-10-12 06:05:35,664 [pool-638-thread-1] INFO  server.RaftServerConfigKeys (ConfUtils.java:logGet(44)) - raft.server.log.purge.gap = 1000000 (custom)
2021-10-12 06:05:35,664 [pool-638-thread-1] INFO  server.RaftServerConfigKeys (ConfUtils.java:logGet(44)) - raft.server.log.appender.buffer.byte-limit = 33554432 (custom)
2021-10-12 06:05:35,665 [pool-638-thread-1] INFO  server.RaftServerConfigKeys (ConfUtils.java:logGet(44)) - raft.server.log.segment.size.max = 1048576 (custom)
2021-10-12 06:05:35,665 [EventQueue-PipelineReportForPipelineReportHandler] INFO  pipeline.PipelineManagerImpl (PipelineManagerImpl.java:openPipeline(282)) - Pipeline Pipeline[ Id: 43352944-ce4e-4e88-a3a6-563c7752dc70, Nodes: 8094cd77-30c2-47d7-ab82-7abee48b2f8b{ip: 10.1.0.59, host: fv-az297-361.nmf1rxwemy4u5di1sxxf4ejcwb.jx.internal.cloudapp.net, ports: [REPLICATION=39463, RATIS=44663, RATIS_ADMIN=44663, RATIS_SERVER=44663, STANDALONE=42885], networkLocation: /default-rack, certSerialId: null, persistedOpState: IN_SERVICE, persistedOpStateExpiryEpochSec: 0}, ReplicationConfig: RATIS/ONE, State:ALLOCATED, leaderId:8094cd77-30c2-47d7-ab82-7abee48b2f8b, CreationTimestamp2021-10-12T06:05:32.611Z[Etc/UTC]] moved to OPEN state
2021-10-12 06:05:35,665 [EventQueue-OpenPipelineForHealthyPipelineSafeModeRule] INFO  safemode.SCMSafeModeManager (HealthyPipelineSafeModeRule.java:process(124)) - SCM in safe mode. Healthy pipelines reported count is 0, required healthy pipeline reported count is 1
2021-10-12 06:05:35,665 [pool-638-thread-1] INFO  server.RaftServerConfigKeys (ConfUtils.java:logGet(44)) - raft.server.log.segment.cache.num.max = 2 (custom)
2021-10-12 06:05:35,665 [pool-638-thread-1] INFO  server.RaftServerConfigKeys (ConfUtils.java:logGet(44)) - raft.server.log.segment.cache.size.max = 200MB (=209715200) (default)
2021-10-12 06:05:35,665 [pool-638-thread-1] INFO  segmented.SegmentedRaftLogWorker (SegmentedRaftLogWorker.java:<init>(182)) - new 8094cd77-30c2-47d7-ab82-7abee48b2f8b@group-563C7752DC70-SegmentedRaftLogWorker for RaftStorageImpl:Storage Directory /home/runner/work/ozone/ozone/hadoop-ozone/integration-test/target/test-dir/MiniOzoneClusterImpl-c6dc50ab-6fac-4554-b78d-9440f3e38bfb/datanode-6/data/ratis/43352944-ce4e-4e88-a3a6-563c7752dc70
2021-10-12 06:05:35,665 [pool-638-thread-1] INFO  server.RaftServerConfigKeys (ConfUtils.java:logGet(44)) - raft.server.log.queue.byte-limit = 2147483647 (custom)
2021-10-12 06:05:35,665 [pool-638-thread-1] INFO  server.RaftServerConfigKeys (ConfUtils.java:logGet(44)) - raft.server.log.queue.element-limit = 1024 (custom)
2021-10-12 06:05:35,665 [pool-638-thread-1] INFO  server.RaftServerConfigKeys (ConfUtils.java:logGet(44)) - raft.server.log.segment.size.max = 1048576 (custom)
2021-10-12 06:05:35,665 [pool-638-thread-1] INFO  server.RaftServerConfigKeys (ConfUtils.java:logGet(44)) - raft.server.log.preallocated.size = 16384 (custom)
2021-10-12 06:05:35,665 [pool-638-thread-1] INFO  server.RaftServerConfigKeys (ConfUtils.java:logGet(44)) - raft.server.log.force.sync.num = 128 (default)
2021-10-12 06:05:35,665 [pool-638-thread-1] INFO  server.RaftServerConfigKeys (ConfUtils.java:logGet(44)) - raft.server.log.statemachine.data.sync = true (default)
2021-10-12 06:05:35,665 [pool-638-thread-1] INFO  server.RaftServerConfigKeys (ConfUtils.java:logGet(44)) - raft.server.log.statemachine.data.sync.timeout = 10s (default)
2021-10-12 06:05:35,665 [pool-638-thread-1] INFO  server.RaftServerConfigKeys (ConfUtils.java:logGet(44)) - raft.server.log.statemachine.data.sync.timeout.retry = -1 (default)
2021-10-12 06:05:35,666 [pool-638-thread-1] INFO  server.RaftServerConfigKeys (ConfUtils.java:logGet(44)) - raft.server.log.write.buffer.size = 1048576 (custom)
2021-10-12 06:05:35,667 [pool-638-thread-1] INFO  server.RaftServerConfigKeys (ConfUtils.java:logGet(44)) - raft.server.log.statemachine.data.caching.enabled = true (custom)
2021-10-12 06:05:35,667 [pool-638-thread-1] INFO  segmented.SegmentedRaftLogWorker (SegmentedRaftLogWorker.java:lambda$new$0(133)) - 8094cd77-30c2-47d7-ab82-7abee48b2f8b@group-563C7752DC70-SegmentedRaftLogWorker: flushIndex: setUnconditionally 0 -> -1
2021-10-12 06:05:35,667 [pool-638-thread-1] INFO  segmented.SegmentedRaftLogWorker (SegmentedRaftLogWorker.java:lambda$new$0(133)) - 8094cd77-30c2-47d7-ab82-7abee48b2f8b@group-563C7752DC70-SegmentedRaftLogWorker: safeCacheEvictIndex: setUnconditionally 0 -> -1
2021-10-12 06:05:35,673 [pool-638-thread-1] INFO  server.RaftServerConfigKeys (ConfUtils.java:logGet(44)) - raft.server.snapshot.auto.trigger.enabled = true (custom)
2021-10-12 06:05:35,673 [pool-638-thread-1] INFO  server.RaftServerConfigKeys (ConfUtils.java:logGet(44)) - raft.server.snapshot.auto.trigger.threshold = 10000 (custom)
2021-10-12 06:05:35,673 [pool-638-thread-1] INFO  server.RaftServerConfigKeys (ConfUtils.java:logGet(44)) - raft.server.snapshot.retention.file.num = 5 (custom)
2021-10-12 06:05:35,673 [pool-638-thread-1] INFO  server.RaftServerConfigKeys (ConfUtils.java:logGet(44)) - raft.server.log.purge.upto.snapshot.index = false (default)
2021-10-12 06:05:35,673 [pool-638-thread-1] INFO  server.RaftServerConfigKeys (ConfUtils.java:logGet(44)) - raft.server.retrycache.expirytime = 600000ms (custom)
2021-10-12 06:05:35,673 [pool-638-thread-1] INFO  server.RaftServerConfigKeys (ConfUtils.java:logGet(44)) - raft.server.retrycache.statistics.expirytime = 100μs (default)
2021-10-12 06:05:35,674 [pool-638-thread-1] INFO  server.RaftServer$Division (RaftServerImpl.java:start(296)) - 8094cd77-30c2-47d7-ab82-7abee48b2f8b@group-563C7752DC70: start as a follower, conf=-1: [8094cd77-30c2-47d7-ab82-7abee48b2f8b|rpc:10.1.0.59:44663|priority:1], old=null
2021-10-12 06:05:35,674 [pool-638-thread-1] INFO  server.RaftServer$Division (RaftServerImpl.java:setRole(285)) - 8094cd77-30c2-47d7-ab82-7abee48b2f8b@group-563C7752DC70: changes role from      null to FOLLOWER at term 0 for startAsFollower
2021-10-12 06:05:35,674 [pool-638-thread-1] INFO  impl.RoleInfo (RoleInfo.java:updateAndGet(130)) - 8094cd77-30c2-47d7-ab82-7abee48b2f8b: start 8094cd77-30c2-47d7-ab82-7abee48b2f8b@group-563C7752DC70-FollowerState
2021-10-12 06:05:35,691 [pool-638-thread-1] INFO  util.JmxRegister (JmxRegister.java:tryRegister(44)) - Successfully registered JMX Bean with object name Ratis:service=RaftServer,group=group-563C7752DC70,id=8094cd77-30c2-47d7-ab82-7abee48b2f8b
2021-10-12 06:05:35,692 [Command processor thread] INFO  ratis.XceiverServerRatis (XceiverServerRatis.java:addGroup(763)) - Created group PipelineID=43352944-ce4e-4e88-a3a6-563c7752dc70
2021-10-12 06:05:35,692 [Command processor thread] INFO  commandhandler.CreatePipelineCommandHandler (CreatePipelineCommandHandler.java:handle(106)) - Created Pipeline RATIS ONE PipelineID=43352944-ce4e-4e88-a3a6-563c7752dc70.
2021-10-12 06:05:36,375 [Listener at 127.0.0.1/38829] INFO  ozone.MiniOzoneClusterImpl (MiniOzoneClusterImpl.java:lambda$waitForClusterToBeReady$0(235)) - Nodes are ready. Got 7 of 7 DN Heartbeats.
2021-10-12 06:05:36,375 [Listener at 127.0.0.1/38829] INFO  ozone.MiniOzoneClusterImpl (MiniOzoneClusterImpl.java:lambda$waitForClusterToBeReady$0(238)) - Waiting for cluster to exit safe mode
2021-10-12 06:05:36,375 [Listener at 127.0.0.1/38829] INFO  ozone.MiniOzoneClusterImpl (MiniOzoneClusterImpl.java:lambda$waitForClusterToBeReady$0(240)) - SCM became leader
2021-10-12 06:05:37,375 [Listener at 127.0.0.1/38829] INFO  ozone.MiniOzoneClusterImpl (MiniOzoneClusterImpl.java:lambda$waitForClusterToBeReady$0(235)) - Nodes are ready. Got 7 of 7 DN Heartbeats.
2021-10-12 06:05:37,375 [Listener at 127.0.0.1/38829] INFO  ozone.MiniOzoneClusterImpl (MiniOzoneClusterImpl.java:lambda$waitForClusterToBeReady$0(238)) - Waiting for cluster to exit safe mode
2021-10-12 06:05:37,375 [Listener at 127.0.0.1/38829] INFO  ozone.MiniOzoneClusterImpl (MiniOzoneClusterImpl.java:lambda$waitForClusterToBeReady$0(240)) - SCM became leader
2021-10-12 06:05:37,390 [69929a81-75b5-4e59-a9cb-c7e6f0fb6fd6@group-6FE44C8B7884-FollowerState] INFO  impl.FollowerState (FollowerState.java:run(134)) - 69929a81-75b5-4e59-a9cb-c7e6f0fb6fd6@group-6FE44C8B7884-FollowerState: change to CANDIDATE, lastRpcElapsedTime:5114895782ns, electionTimeout:5096ms
2021-10-12 06:05:37,391 [69929a81-75b5-4e59-a9cb-c7e6f0fb6fd6@group-6FE44C8B7884-FollowerState] INFO  impl.RoleInfo (RoleInfo.java:shutdownFollowerState(108)) - 69929a81-75b5-4e59-a9cb-c7e6f0fb6fd6: shutdown 69929a81-75b5-4e59-a9cb-c7e6f0fb6fd6@group-6FE44C8B7884-FollowerState
2021-10-12 06:05:37,391 [69929a81-75b5-4e59-a9cb-c7e6f0fb6fd6@group-6FE44C8B7884-FollowerState] INFO  server.RaftServer$Division (RaftServerImpl.java:setRole(285)) - 69929a81-75b5-4e59-a9cb-c7e6f0fb6fd6@group-6FE44C8B7884: changes role from  FOLLOWER to CANDIDATE at term 0 for changeToCandidate
2021-10-12 06:05:37,392 [69929a81-75b5-4e59-a9cb-c7e6f0fb6fd6@group-6FE44C8B7884-FollowerState] INFO  server.RaftServerConfigKeys (ConfUtils.java:logGet(44)) - raft.server.leaderelection.pre-vote = false (custom)
2021-10-12 06:05:37,392 [69929a81-75b5-4e59-a9cb-c7e6f0fb6fd6@group-6FE44C8B7884-FollowerState] INFO  impl.RoleInfo (RoleInfo.java:updateAndGet(130)) - 69929a81-75b5-4e59-a9cb-c7e6f0fb6fd6: start 69929a81-75b5-4e59-a9cb-c7e6f0fb6fd6@group-6FE44C8B7884-LeaderElection74
2021-10-12 06:05:37,474 [69929a81-75b5-4e59-a9cb-c7e6f0fb6fd6@group-6FE44C8B7884-LeaderElection74] INFO  impl.LeaderElection (LeaderElection.java:askForVotes(306)) - 69929a81-75b5-4e59-a9cb-c7e6f0fb6fd6@group-6FE44C8B7884-LeaderElection74 ELECTION round 0: submit vote requests at term 1 for -1: [69929a81-75b5-4e59-a9cb-c7e6f0fb6fd6|rpc:10.1.0.59:40555|priority:1], old=null
2021-10-12 06:05:37,474 [69929a81-75b5-4e59-a9cb-c7e6f0fb6fd6@group-6FE44C8B7884-LeaderElection74] INFO  impl.LeaderElection (LeaderElection.java:askForVotes(308)) - 69929a81-75b5-4e59-a9cb-c7e6f0fb6fd6@group-6FE44C8B7884-LeaderElection74 ELECTION round 0: result PASSED (term=1)
2021-10-12 06:05:37,474 [69929a81-75b5-4e59-a9cb-c7e6f0fb6fd6@group-6FE44C8B7884-LeaderElection74] INFO  impl.RoleInfo (RoleInfo.java:shutdownLeaderElection(121)) - 69929a81-75b5-4e59-a9cb-c7e6f0fb6fd6: shutdown 69929a81-75b5-4e59-a9cb-c7e6f0fb6fd6@group-6FE44C8B7884-LeaderElection74
2021-10-12 06:05:37,474 [69929a81-75b5-4e59-a9cb-c7e6f0fb6fd6@group-6FE44C8B7884-LeaderElection74] INFO  server.RaftServer$Division (RaftServerImpl.java:setRole(285)) - 69929a81-75b5-4e59-a9cb-c7e6f0fb6fd6@group-6FE44C8B7884: changes role from CANDIDATE to LEADER at term 1 for changeToLeader
2021-10-12 06:05:37,474 [69929a81-75b5-4e59-a9cb-c7e6f0fb6fd6@group-6FE44C8B7884-LeaderElection74] INFO  ratis.XceiverServerRatis (XceiverServerRatis.java:handleLeaderChangedNotification(861)) - Leader change notification received for group: group-6FE44C8B7884 with new leaderId: 69929a81-75b5-4e59-a9cb-c7e6f0fb6fd6
2021-10-12 06:05:37,474 [69929a81-75b5-4e59-a9cb-c7e6f0fb6fd6@group-6FE44C8B7884-LeaderElection74] INFO  server.RaftServer$Division (ServerState.java:setLeader(285)) - 69929a81-75b5-4e59-a9cb-c7e6f0fb6fd6@group-6FE44C8B7884: change Leader from null to 69929a81-75b5-4e59-a9cb-c7e6f0fb6fd6 at term 1 for becomeLeader, leader elected after 5212ms
2021-10-12 06:05:37,474 [69929a81-75b5-4e59-a9cb-c7e6f0fb6fd6@group-6FE44C8B7884-LeaderElection74] INFO  server.RaftServerConfigKeys (ConfUtils.java:logGet(44)) - raft.server.staging.catchup.gap = 1000 (default)
2021-10-12 06:05:37,474 [69929a81-75b5-4e59-a9cb-c7e6f0fb6fd6@group-6FE44C8B7884-LeaderElection74] INFO  server.RaftServerConfigKeys (ConfUtils.java:logGet(44)) - raft.server.write.element-limit = 1024 (custom)
2021-10-12 06:05:37,474 [69929a81-75b5-4e59-a9cb-c7e6f0fb6fd6@group-6FE44C8B7884-LeaderElection74] INFO  server.RaftServerConfigKeys (ConfUtils.java:logGet(44)) - raft.server.write.byte-limit = 1024 M (=1073741824) (custom)
2021-10-12 06:05:37,475 [69929a81-75b5-4e59-a9cb-c7e6f0fb6fd6@group-6FE44C8B7884-LeaderElection74] INFO  server.RaftServerConfigKeys (ConfUtils.java:logGet(44)) - raft.server.watch.timeout = 3000ms (custom)
2021-10-12 06:05:37,475 [69929a81-75b5-4e59-a9cb-c7e6f0fb6fd6@group-6FE44C8B7884-LeaderElection74] INFO  server.RaftServerConfigKeys (ConfUtils.java:logGet(44)) - raft.server.watch.timeout.denomination = 1s (default)
2021-10-12 06:05:37,475 [69929a81-75b5-4e59-a9cb-c7e6f0fb6fd6@group-6FE44C8B7884-LeaderElection74] INFO  server.RaftServerConfigKeys (ConfUtils.java:logGet(44)) - raft.server.watch.element-limit = 65536 (default)
2021-10-12 06:05:37,475 [69929a81-75b5-4e59-a9cb-c7e6f0fb6fd6@group-6FE44C8B7884-LeaderElection74] INFO  impl.RoleInfo (RoleInfo.java:updateAndGet(130)) - 69929a81-75b5-4e59-a9cb-c7e6f0fb6fd6: start 69929a81-75b5-4e59-a9cb-c7e6f0fb6fd6@group-6FE44C8B7884-LeaderStateImpl
2021-10-12 06:05:37,475 [69929a81-75b5-4e59-a9cb-c7e6f0fb6fd6@group-6FE44C8B7884-LeaderElection74] INFO  segmented.SegmentedRaftLogWorker (SegmentedRaftLogWorker.java:startLogSegment(394)) - 69929a81-75b5-4e59-a9cb-c7e6f0fb6fd6@group-6FE44C8B7884-SegmentedRaftLogWorker: Starting segment from index:0
2021-10-12 06:05:37,476 [Datanode State Machine Thread - 0] WARN  statemachine.StateContext (StateContext.java:execute(621)) - No available thread in pool for past 1 seconds.
2021-10-12 06:05:37,477 [69929a81-75b5-4e59-a9cb-c7e6f0fb6fd6@group-AB0AE3F98C36-FollowerState] INFO  impl.FollowerState (FollowerState.java:run(134)) - 69929a81-75b5-4e59-a9cb-c7e6f0fb6fd6@group-AB0AE3F98C36-FollowerState: change to CANDIDATE, lastRpcElapsedTime:5103371236ns, electionTimeout:5049ms
2021-10-12 06:05:37,477 [69929a81-75b5-4e59-a9cb-c7e6f0fb6fd6@group-AB0AE3F98C36-FollowerState] INFO  impl.RoleInfo (RoleInfo.java:shutdownFollowerState(108)) - 69929a81-75b5-4e59-a9cb-c7e6f0fb6fd6: shutdown 69929a81-75b5-4e59-a9cb-c7e6f0fb6fd6@group-AB0AE3F98C36-FollowerState
2021-10-12 06:05:37,477 [69929a81-75b5-4e59-a9cb-c7e6f0fb6fd6@group-AB0AE3F98C36-FollowerState] INFO  server.RaftServer$Division (RaftServerImpl.java:setRole(285)) - 69929a81-75b5-4e59-a9cb-c7e6f0fb6fd6@group-AB0AE3F98C36: changes role from  FOLLOWER to CANDIDATE at term 0 for changeToCandidate
2021-10-12 06:05:37,478 [EventQueue-OpenPipelineForHealthyPipelineSafeModeRule] INFO  safemode.SCMSafeModeManager (HealthyPipelineSafeModeRule.java:process(124)) - SCM in safe mode. Healthy pipelines reported count is 0, required healthy pipeline reported count is 1
2021-10-12 06:05:37,482 [69929a81-75b5-4e59-a9cb-c7e6f0fb6fd6@group-6FE44C8B7884-SegmentedRaftLogWorker] INFO  segmented.SegmentedRaftLogWorker (SegmentedRaftLogWorker.java:execute(601)) - 69929a81-75b5-4e59-a9cb-c7e6f0fb6fd6@group-6FE44C8B7884-SegmentedRaftLogWorker: created new log segment /home/runner/work/ozone/ozone/hadoop-ozone/integration-test/target/test-dir/MiniOzoneClusterImpl-c6dc50ab-6fac-4554-b78d-9440f3e38bfb/datanode-0/data/ratis/4849bb7a-8d21-4c61-9174-6fe44c8b7884/current/log_inprogress_0
2021-10-12 06:05:37,495 [69929a81-75b5-4e59-a9cb-c7e6f0fb6fd6@group-AB0AE3F98C36-FollowerState] INFO  server.RaftServerConfigKeys (ConfUtils.java:logGet(44)) - raft.server.leaderelection.pre-vote = false (custom)
2021-10-12 06:05:37,495 [69929a81-75b5-4e59-a9cb-c7e6f0fb6fd6@group-AB0AE3F98C36-FollowerState] INFO  impl.RoleInfo (RoleInfo.java:updateAndGet(130)) - 69929a81-75b5-4e59-a9cb-c7e6f0fb6fd6: start 69929a81-75b5-4e59-a9cb-c7e6f0fb6fd6@group-AB0AE3F98C36-LeaderElection75
2021-10-12 06:05:37,503 [69929a81-75b5-4e59-a9cb-c7e6f0fb6fd6@group-6FE44C8B7884-LeaderElection74] INFO  server.RaftServer$Division (ServerState.java:setRaftConf(387)) - 69929a81-75b5-4e59-a9cb-c7e6f0fb6fd6@group-6FE44C8B7884: set configuration 0: [69929a81-75b5-4e59-a9cb-c7e6f0fb6fd6|rpc:10.1.0.59:40555|dataStream:|priority:1], old=null
2021-10-12 06:05:37,546 [69929a81-75b5-4e59-a9cb-c7e6f0fb6fd6@group-AB0AE3F98C36-LeaderElection75] INFO  impl.LeaderElection (LeaderElection.java:askForVotes(306)) - 69929a81-75b5-4e59-a9cb-c7e6f0fb6fd6@group-AB0AE3F98C36-LeaderElection75 ELECTION round 0: submit vote requests at term 1 for -1: [69929a81-75b5-4e59-a9cb-c7e6f0fb6fd6|rpc:10.1.0.59:40555|priority:0, a928fc34-d4b3-4f47-b859-83818f25ed6e|rpc:10.1.0.59:35709|priority:1, f6edce37-208d-40f1-ab7e-323414b00593|rpc:10.1.0.59:35829|priority:0], old=null
2021-10-12 06:05:37,587 [grpc-default-executor-2] INFO  server.RaftServer$Division (RaftServerImpl.java:requestVote(1043)) - a928fc34-d4b3-4f47-b859-83818f25ed6e@group-AB0AE3F98C36: receive requestVote(ELECTION, 69929a81-75b5-4e59-a9cb-c7e6f0fb6fd6, group-AB0AE3F98C36, 1, (t:0, i:0))
2021-10-12 06:05:37,587 [grpc-default-executor-2] INFO  impl.VoteContext (VoteContext.java:log(48)) - a928fc34-d4b3-4f47-b859-83818f25ed6e@group-AB0AE3F98C36-FOLLOWER: reject ELECTION from 69929a81-75b5-4e59-a9cb-c7e6f0fb6fd6: our priority 1 > candidate's priority 0
2021-10-12 06:05:37,587 [grpc-default-executor-2] INFO  server.RaftServer$Division (RaftServerImpl.java:setRole(285)) - a928fc34-d4b3-4f47-b859-83818f25ed6e@group-AB0AE3F98C36: changes role from  FOLLOWER to FOLLOWER at term 1 for candidate:69929a81-75b5-4e59-a9cb-c7e6f0fb6fd6
2021-10-12 06:05:37,587 [grpc-default-executor-2] INFO  impl.RoleInfo (RoleInfo.java:shutdownFollowerState(108)) - a928fc34-d4b3-4f47-b859-83818f25ed6e: shutdown a928fc34-d4b3-4f47-b859-83818f25ed6e@group-AB0AE3F98C36-FollowerState
2021-10-12 06:05:37,588 [grpc-default-executor-2] INFO  impl.RoleInfo (RoleInfo.java:updateAndGet(130)) - a928fc34-d4b3-4f47-b859-83818f25ed6e: start a928fc34-d4b3-4f47-b859-83818f25ed6e@group-AB0AE3F98C36-FollowerState
2021-10-12 06:05:37,588 [a928fc34-d4b3-4f47-b859-83818f25ed6e@group-AB0AE3F98C36-FollowerState] INFO  impl.FollowerState (FollowerState.java:run(143)) - a928fc34-d4b3-4f47-b859-83818f25ed6e@group-AB0AE3F98C36-FollowerState was interrupted: {}
java.lang.InterruptedException: sleep interrupted
	at java.lang.Thread.sleep(Native Method)
	at java.lang.Thread.sleep(Thread.java:340)
	at java.util.concurrent.TimeUnit.sleep(TimeUnit.java:386)
	at org.apache.ratis.util.TimeDuration.sleep(TimeDuration.java:324)
	at org.apache.ratis.util.TimeDuration.sleep(TimeDuration.java:309)
	at org.apache.ratis.server.impl.FollowerState.run(FollowerState.java:118)
2021-10-12 06:05:37,601 [grpc-default-executor-2] INFO  server.RaftServer$Division (RaftServerImpl.java:requestVote(1075)) - a928fc34-d4b3-4f47-b859-83818f25ed6e@group-AB0AE3F98C36 replies to ELECTION vote request: 69929a81-75b5-4e59-a9cb-c7e6f0fb6fd6<-a928fc34-d4b3-4f47-b859-83818f25ed6e#0:FAIL-t1. Peer's state: a928fc34-d4b3-4f47-b859-83818f25ed6e@group-AB0AE3F98C36:t1, leader=null, voted=null, raftlog=a928fc34-d4b3-4f47-b859-83818f25ed6e@group-AB0AE3F98C36-SegmentedRaftLog:OPENED:c-1,f-1,i0, conf=-1: [69929a81-75b5-4e59-a9cb-c7e6f0fb6fd6|rpc:10.1.0.59:40555|dataStream:|priority:0, a928fc34-d4b3-4f47-b859-83818f25ed6e|rpc:10.1.0.59:35709|dataStream:|priority:1, f6edce37-208d-40f1-ab7e-323414b00593|rpc:10.1.0.59:35829|dataStream:|priority:0], old=null
2021-10-12 06:05:37,602 [69929a81-75b5-4e59-a9cb-c7e6f0fb6fd6@group-AB0AE3F98C36-LeaderElection75] INFO  impl.LeaderElection (LeaderElection.java:logAndReturn(89)) - 69929a81-75b5-4e59-a9cb-c7e6f0fb6fd6@group-AB0AE3F98C36-LeaderElection75: ELECTION REJECTED received 1 response(s) and 0 exception(s):
2021-10-12 06:05:37,602 [69929a81-75b5-4e59-a9cb-c7e6f0fb6fd6@group-AB0AE3F98C36-LeaderElection75] INFO  impl.LeaderElection (LeaderElection.java:logAndReturn(93)) -   Response 0: 69929a81-75b5-4e59-a9cb-c7e6f0fb6fd6<-a928fc34-d4b3-4f47-b859-83818f25ed6e#0:FAIL-t1
2021-10-12 06:05:37,602 [69929a81-75b5-4e59-a9cb-c7e6f0fb6fd6@group-AB0AE3F98C36-LeaderElection75] INFO  impl.LeaderElection (LeaderElection.java:askForVotes(308)) - 69929a81-75b5-4e59-a9cb-c7e6f0fb6fd6@group-AB0AE3F98C36-LeaderElection75 ELECTION round 0: result REJECTED
2021-10-12 06:05:37,602 [69929a81-75b5-4e59-a9cb-c7e6f0fb6fd6@group-AB0AE3F98C36-LeaderElection75] INFO  server.RaftServer$Division (RaftServerImpl.java:setRole(285)) - 69929a81-75b5-4e59-a9cb-c7e6f0fb6fd6@group-AB0AE3F98C36: changes role from CANDIDATE to FOLLOWER at term 1 for REJECTED
2021-10-12 06:05:37,602 [69929a81-75b5-4e59-a9cb-c7e6f0fb6fd6@group-AB0AE3F98C36-LeaderElection75] INFO  impl.RoleInfo (RoleInfo.java:shutdownLeaderElection(121)) - 69929a81-75b5-4e59-a9cb-c7e6f0fb6fd6: shutdown 69929a81-75b5-4e59-a9cb-c7e6f0fb6fd6@group-AB0AE3F98C36-LeaderElection75
2021-10-12 06:05:37,602 [69929a81-75b5-4e59-a9cb-c7e6f0fb6fd6@group-AB0AE3F98C36-LeaderElection75] INFO  impl.RoleInfo (RoleInfo.java:updateAndGet(130)) - 69929a81-75b5-4e59-a9cb-c7e6f0fb6fd6: start 69929a81-75b5-4e59-a9cb-c7e6f0fb6fd6@group-AB0AE3F98C36-FollowerState
2021-10-12 06:05:37,622 [grpc-default-executor-2] INFO  server.RaftServer$Division (RaftServerImpl.java:requestVote(1043)) - f6edce37-208d-40f1-ab7e-323414b00593@group-AB0AE3F98C36: receive requestVote(ELECTION, 69929a81-75b5-4e59-a9cb-c7e6f0fb6fd6, group-AB0AE3F98C36, 1, (t:0, i:0))
2021-10-12 06:05:37,622 [grpc-default-executor-2] INFO  impl.VoteContext (VoteContext.java:log(48)) - f6edce37-208d-40f1-ab7e-323414b00593@group-AB0AE3F98C36-FOLLOWER: accept ELECTION from 69929a81-75b5-4e59-a9cb-c7e6f0fb6fd6: our priority 0 <= candidate's priority 0
2021-10-12 06:05:37,622 [grpc-default-executor-2] INFO  server.RaftServer$Division (RaftServerImpl.java:setRole(285)) - f6edce37-208d-40f1-ab7e-323414b00593@group-AB0AE3F98C36: changes role from  FOLLOWER to FOLLOWER at term 1 for candidate:69929a81-75b5-4e59-a9cb-c7e6f0fb6fd6
2021-10-12 06:05:37,622 [grpc-default-executor-2] INFO  impl.RoleInfo (RoleInfo.java:shutdownFollowerState(108)) - f6edce37-208d-40f1-ab7e-323414b00593: shutdown f6edce37-208d-40f1-ab7e-323414b00593@group-AB0AE3F98C36-FollowerState
2021-10-12 06:05:37,623 [grpc-default-executor-2] INFO  impl.RoleInfo (RoleInfo.java:updateAndGet(130)) - f6edce37-208d-40f1-ab7e-323414b00593: start f6edce37-208d-40f1-ab7e-323414b00593@group-AB0AE3F98C36-FollowerState
2021-10-12 06:05:37,623 [f6edce37-208d-40f1-ab7e-323414b00593@group-AB0AE3F98C36-FollowerState] INFO  impl.FollowerState (FollowerState.java:run(143)) - f6edce37-208d-40f1-ab7e-323414b00593@group-AB0AE3F98C36-FollowerState was interrupted: {}
java.lang.InterruptedException: sleep interrupted
	at java.lang.Thread.sleep(Native Method)
	at java.lang.Thread.sleep(Thread.java:340)
	at java.util.concurrent.TimeUnit.sleep(TimeUnit.java:386)
	at org.apache.ratis.util.TimeDuration.sleep(TimeDuration.java:324)
	at org.apache.ratis.util.TimeDuration.sleep(TimeDuration.java:309)
	at org.apache.ratis.server.impl.FollowerState.run(FollowerState.java:118)
2021-10-12 06:05:37,628 [grpc-default-executor-2] INFO  server.RaftServer$Division (RaftServerImpl.java:requestVote(1075)) - f6edce37-208d-40f1-ab7e-323414b00593@group-AB0AE3F98C36 replies to ELECTION vote request: 69929a81-75b5-4e59-a9cb-c7e6f0fb6fd6<-f6edce37-208d-40f1-ab7e-323414b00593#0:OK-t1. Peer's state: f6edce37-208d-40f1-ab7e-323414b00593@group-AB0AE3F98C36:t1, leader=null, voted=69929a81-75b5-4e59-a9cb-c7e6f0fb6fd6, raftlog=f6edce37-208d-40f1-ab7e-323414b00593@group-AB0AE3F98C36-SegmentedRaftLog:OPENED:c-1,f-1,i0, conf=-1: [69929a81-75b5-4e59-a9cb-c7e6f0fb6fd6|rpc:10.1.0.59:40555|dataStream:|priority:0, a928fc34-d4b3-4f47-b859-83818f25ed6e|rpc:10.1.0.59:35709|dataStream:|priority:1, f6edce37-208d-40f1-ab7e-323414b00593|rpc:10.1.0.59:35829|dataStream:|priority:0], old=null
2021-10-12 06:05:37,932 [f6edce37-208d-40f1-ab7e-323414b00593@group-75F6817CE003-FollowerState] INFO  impl.FollowerState (FollowerState.java:run(134)) - f6edce37-208d-40f1-ab7e-323414b00593@group-75F6817CE003-FollowerState: change to CANDIDATE, lastRpcElapsedTime:5045977610ns, electionTimeout:5045ms
2021-10-12 06:05:37,932 [f6edce37-208d-40f1-ab7e-323414b00593@group-75F6817CE003-FollowerState] INFO  impl.RoleInfo (RoleInfo.java:shutdownFollowerState(108)) - f6edce37-208d-40f1-ab7e-323414b00593: shutdown f6edce37-208d-40f1-ab7e-323414b00593@group-75F6817CE003-FollowerState
2021-10-12 06:05:37,932 [f6edce37-208d-40f1-ab7e-323414b00593@group-75F6817CE003-FollowerState] INFO  server.RaftServer$Division (RaftServerImpl.java:setRole(285)) - f6edce37-208d-40f1-ab7e-323414b00593@group-75F6817CE003: changes role from  FOLLOWER to CANDIDATE at term 0 for changeToCandidate
2021-10-12 06:05:37,934 [f6edce37-208d-40f1-ab7e-323414b00593@group-75F6817CE003-FollowerState] INFO  server.RaftServerConfigKeys (ConfUtils.java:logGet(44)) - raft.server.leaderelection.pre-vote = false (custom)
2021-10-12 06:05:37,934 [f6edce37-208d-40f1-ab7e-323414b00593@group-75F6817CE003-FollowerState] INFO  impl.RoleInfo (RoleInfo.java:updateAndGet(130)) - f6edce37-208d-40f1-ab7e-323414b00593: start f6edce37-208d-40f1-ab7e-323414b00593@group-75F6817CE003-LeaderElection76
2021-10-12 06:05:37,955 [f6edce37-208d-40f1-ab7e-323414b00593@group-D75B06A36D76-FollowerState] INFO  impl.FollowerState (FollowerState.java:run(134)) - f6edce37-208d-40f1-ab7e-323414b00593@group-D75B06A36D76-FollowerState: change to CANDIDATE, lastRpcElapsedTime:5068196486ns, electionTimeout:5067ms
2021-10-12 06:05:37,955 [f6edce37-208d-40f1-ab7e-323414b00593@group-D75B06A36D76-FollowerState] INFO  impl.RoleInfo (RoleInfo.java:shutdownFollowerState(108)) - f6edce37-208d-40f1-ab7e-323414b00593: shutdown f6edce37-208d-40f1-ab7e-323414b00593@group-D75B06A36D76-FollowerState
2021-10-12 06:05:37,955 [f6edce37-208d-40f1-ab7e-323414b00593@group-D75B06A36D76-FollowerState] INFO  server.RaftServer$Division (RaftServerImpl.java:setRole(285)) - f6edce37-208d-40f1-ab7e-323414b00593@group-D75B06A36D76: changes role from  FOLLOWER to CANDIDATE at term 0 for changeToCandidate
2021-10-12 06:05:37,955 [f6edce37-208d-40f1-ab7e-323414b00593@group-D75B06A36D76-FollowerState] INFO  server.RaftServerConfigKeys (ConfUtils.java:logGet(44)) - raft.server.leaderelection.pre-vote = false (custom)
2021-10-12 06:05:37,955 [f6edce37-208d-40f1-ab7e-323414b00593@group-D75B06A36D76-FollowerState] INFO  impl.RoleInfo (RoleInfo.java:updateAndGet(130)) - f6edce37-208d-40f1-ab7e-323414b00593: start f6edce37-208d-40f1-ab7e-323414b00593@group-D75B06A36D76-LeaderElection77
2021-10-12 06:05:37,962 [69929a81-75b5-4e59-a9cb-c7e6f0fb6fd6@group-D75B06A36D76-FollowerState] INFO  impl.FollowerState (FollowerState.java:run(134)) - 69929a81-75b5-4e59-a9cb-c7e6f0fb6fd6@group-D75B06A36D76-FollowerState: change to CANDIDATE, lastRpcElapsedTime:5199573323ns, electionTimeout:5150ms
2021-10-12 06:05:37,962 [69929a81-75b5-4e59-a9cb-c7e6f0fb6fd6@group-D75B06A36D76-FollowerState] INFO  impl.RoleInfo (RoleInfo.java:shutdownFollowerState(108)) - 69929a81-75b5-4e59-a9cb-c7e6f0fb6fd6: shutdown 69929a81-75b5-4e59-a9cb-c7e6f0fb6fd6@group-D75B06A36D76-FollowerState
2021-10-12 06:05:37,962 [69929a81-75b5-4e59-a9cb-c7e6f0fb6fd6@group-D75B06A36D76-FollowerState] INFO  server.RaftServer$Division (RaftServerImpl.java:setRole(285)) - 69929a81-75b5-4e59-a9cb-c7e6f0fb6fd6@group-D75B06A36D76: changes role from  FOLLOWER to CANDIDATE at term 0 for changeToCandidate
2021-10-12 06:05:37,962 [69929a81-75b5-4e59-a9cb-c7e6f0fb6fd6@group-D75B06A36D76-FollowerState] INFO  server.RaftServerConfigKeys (ConfUtils.java:logGet(44)) - raft.server.leaderelection.pre-vote = false (custom)
2021-10-12 06:05:37,962 [69929a81-75b5-4e59-a9cb-c7e6f0fb6fd6@group-D75B06A36D76-FollowerState] INFO  impl.RoleInfo (RoleInfo.java:updateAndGet(130)) - 69929a81-75b5-4e59-a9cb-c7e6f0fb6fd6: start 69929a81-75b5-4e59-a9cb-c7e6f0fb6fd6@group-D75B06A36D76-LeaderElection78
2021-10-12 06:05:37,971 [f6edce37-208d-40f1-ab7e-323414b00593@group-75F6817CE003-LeaderElection76] INFO  impl.LeaderElection (LeaderElection.java:askForVotes(306)) - f6edce37-208d-40f1-ab7e-323414b00593@group-75F6817CE003-LeaderElection76 ELECTION round 0: submit vote requests at term 1 for -1: [f6edce37-208d-40f1-ab7e-323414b00593|rpc:10.1.0.59:35829|priority:1], old=null
2021-10-12 06:05:37,971 [f6edce37-208d-40f1-ab7e-323414b00593@group-75F6817CE003-LeaderElection76] INFO  impl.LeaderElection (LeaderElection.java:askForVotes(308)) - f6edce37-208d-40f1-ab7e-323414b00593@group-75F6817CE003-LeaderElection76 ELECTION round 0: result PASSED (term=1)
2021-10-12 06:05:37,971 [f6edce37-208d-40f1-ab7e-323414b00593@group-75F6817CE003-LeaderElection76] INFO  impl.RoleInfo (RoleInfo.java:shutdownLeaderElection(121)) - f6edce37-208d-40f1-ab7e-323414b00593: shutdown f6edce37-208d-40f1-ab7e-323414b00593@group-75F6817CE003-LeaderElection76
2021-10-12 06:05:37,971 [f6edce37-208d-40f1-ab7e-323414b00593@group-75F6817CE003-LeaderElection76] INFO  server.RaftServer$Division (RaftServerImpl.java:setRole(285)) - f6edce37-208d-40f1-ab7e-323414b00593@group-75F6817CE003: changes role from CANDIDATE to LEADER at term 1 for changeToLeader
2021-10-12 06:05:37,971 [f6edce37-208d-40f1-ab7e-323414b00593@group-75F6817CE003-LeaderElection76] INFO  ratis.XceiverServerRatis (XceiverServerRatis.java:handleLeaderChangedNotification(861)) - Leader change notification received for group: group-75F6817CE003 with new leaderId: f6edce37-208d-40f1-ab7e-323414b00593
2021-10-12 06:05:37,975 [Datanode State Machine Thread - 0] WARN  statemachine.StateContext (StateContext.java:execute(621)) - No available thread in pool for past 1 seconds.
2021-10-12 06:05:37,987 [f6edce37-208d-40f1-ab7e-323414b00593@group-D75B06A36D76-LeaderElection77] INFO  impl.LeaderElection (LeaderElection.java:askForVotes(306)) - f6edce37-208d-40f1-ab7e-323414b00593@group-D75B06A36D76-LeaderElection77 ELECTION round 0: submit vote requests at term 1 for -1: [69929a81-75b5-4e59-a9cb-c7e6f0fb6fd6|rpc:10.1.0.59:40555|dataStream:|priority:0, a928fc34-d4b3-4f47-b859-83818f25ed6e|rpc:10.1.0.59:35709|dataStream:|priority:0, f6edce37-208d-40f1-ab7e-323414b00593|rpc:10.1.0.59:35829|dataStream:|priority:1], old=null
2021-10-12 06:05:38,003 [grpc-default-executor-2] INFO  server.RaftServer$Division (RaftServerImpl.java:requestVote(1043)) - a928fc34-d4b3-4f47-b859-83818f25ed6e@group-D75B06A36D76: receive requestVote(ELECTION, f6edce37-208d-40f1-ab7e-323414b00593, group-D75B06A36D76, 1, (t:0, i:0))
2021-10-12 06:05:38,003 [grpc-default-executor-2] INFO  impl.VoteContext (VoteContext.java:log(48)) - a928fc34-d4b3-4f47-b859-83818f25ed6e@group-D75B06A36D76-FOLLOWER: accept ELECTION from f6edce37-208d-40f1-ab7e-323414b00593: our priority 0 <= candidate's priority 1
2021-10-12 06:05:38,004 [grpc-default-executor-2] INFO  server.RaftServer$Division (RaftServerImpl.java:setRole(285)) - a928fc34-d4b3-4f47-b859-83818f25ed6e@group-D75B06A36D76: changes role from  FOLLOWER to FOLLOWER at term 1 for candidate:f6edce37-208d-40f1-ab7e-323414b00593
2021-10-12 06:05:38,004 [grpc-default-executor-2] INFO  impl.RoleInfo (RoleInfo.java:shutdownFollowerState(108)) - a928fc34-d4b3-4f47-b859-83818f25ed6e: shutdown a928fc34-d4b3-4f47-b859-83818f25ed6e@group-D75B06A36D76-FollowerState
2021-10-12 06:05:38,004 [grpc-default-executor-2] INFO  impl.RoleInfo (RoleInfo.java:updateAndGet(130)) - a928fc34-d4b3-4f47-b859-83818f25ed6e: start a928fc34-d4b3-4f47-b859-83818f25ed6e@group-D75B06A36D76-FollowerState
2021-10-12 06:05:38,006 [f6edce37-208d-40f1-ab7e-323414b00593@group-75F6817CE003-LeaderElection76] INFO  server.RaftServer$Division (ServerState.java:setLeader(285)) - f6edce37-208d-40f1-ab7e-323414b00593@group-75F6817CE003: change Leader from null to f6edce37-208d-40f1-ab7e-323414b00593 at term 1 for becomeLeader, leader elected after 5145ms
2021-10-12 06:05:38,006 [f6edce37-208d-40f1-ab7e-323414b00593@group-75F6817CE003-LeaderElection76] INFO  server.RaftServerConfigKeys (ConfUtils.java:logGet(44)) - raft.server.staging.catchup.gap = 1000 (default)
2021-10-12 06:05:38,006 [f6edce37-208d-40f1-ab7e-323414b00593@group-75F6817CE003-LeaderElection76] INFO  server.RaftServerConfigKeys (ConfUtils.java:logGet(44)) - raft.server.write.element-limit = 1024 (custom)
2021-10-12 06:05:38,006 [f6edce37-208d-40f1-ab7e-323414b00593@group-75F6817CE003-LeaderElection76] INFO  server.RaftServerConfigKeys (ConfUtils.java:logGet(44)) - raft.server.write.byte-limit = 1024 M (=1073741824) (custom)
2021-10-12 06:05:38,007 [f6edce37-208d-40f1-ab7e-323414b00593@group-75F6817CE003-LeaderElection76] INFO  server.RaftServerConfigKeys (ConfUtils.java:logGet(44)) - raft.server.watch.timeout = 3000ms (custom)
2021-10-12 06:05:38,007 [f6edce37-208d-40f1-ab7e-323414b00593@group-75F6817CE003-LeaderElection76] INFO  server.RaftServerConfigKeys (ConfUtils.java:logGet(44)) - raft.server.watch.timeout.denomination = 1s (default)
2021-10-12 06:05:38,007 [f6edce37-208d-40f1-ab7e-323414b00593@group-75F6817CE003-LeaderElection76] INFO  server.RaftServerConfigKeys (ConfUtils.java:logGet(44)) - raft.server.watch.element-limit = 65536 (default)
2021-10-12 06:05:38,007 [f6edce37-208d-40f1-ab7e-323414b00593@group-75F6817CE003-LeaderElection76] INFO  impl.RoleInfo (RoleInfo.java:updateAndGet(130)) - f6edce37-208d-40f1-ab7e-323414b00593: start f6edce37-208d-40f1-ab7e-323414b00593@group-75F6817CE003-LeaderStateImpl
2021-10-12 06:05:38,008 [f6edce37-208d-40f1-ab7e-323414b00593@group-75F6817CE003-LeaderElection76] INFO  segmented.SegmentedRaftLogWorker (SegmentedRaftLogWorker.java:startLogSegment(394)) - f6edce37-208d-40f1-ab7e-323414b00593@group-75F6817CE003-SegmentedRaftLogWorker: Starting segment from index:0
2021-10-12 06:05:38,009 [grpc-default-executor-2] INFO  server.RaftServer$Division (RaftServerImpl.java:requestVote(1075)) - a928fc34-d4b3-4f47-b859-83818f25ed6e@group-D75B06A36D76 replies to ELECTION vote request: f6edce37-208d-40f1-ab7e-323414b00593<-a928fc34-d4b3-4f47-b859-83818f25ed6e#0:OK-t1. Peer's state: a928fc34-d4b3-4f47-b859-83818f25ed6e@group-D75B06A36D76:t1, leader=null, voted=f6edce37-208d-40f1-ab7e-323414b00593, raftlog=a928fc34-d4b3-4f47-b859-83818f25ed6e@group-D75B06A36D76-SegmentedRaftLog:OPENED:c-1,f-1,i0, conf=-1: [69929a81-75b5-4e59-a9cb-c7e6f0fb6fd6|rpc:10.1.0.59:40555|dataStream:|priority:0, a928fc34-d4b3-4f47-b859-83818f25ed6e|rpc:10.1.0.59:35709|dataStream:|priority:0, f6edce37-208d-40f1-ab7e-323414b00593|rpc:10.1.0.59:35829|dataStream:|priority:1], old=null
2021-10-12 06:05:38,009 [f6edce37-208d-40f1-ab7e-323414b00593@group-75F6817CE003-SegmentedRaftLogWorker] INFO  segmented.SegmentedRaftLogWorker (SegmentedRaftLogWorker.java:execute(601)) - f6edce37-208d-40f1-ab7e-323414b00593@group-75F6817CE003-SegmentedRaftLogWorker: created new log segment /home/runner/work/ozone/ozone/hadoop-ozone/integration-test/target/test-dir/MiniOzoneClusterImpl-c6dc50ab-6fac-4554-b78d-9440f3e38bfb/datanode-1/data/ratis/16439a66-d4b8-45be-a9c3-75f6817ce003/current/log_inprogress_0
2021-10-12 06:05:38,019 [f6edce37-208d-40f1-ab7e-323414b00593@group-75F6817CE003-LeaderElection76] INFO  server.RaftServer$Division (ServerState.java:setRaftConf(387)) - f6edce37-208d-40f1-ab7e-323414b00593@group-75F6817CE003: set configuration 0: [f6edce37-208d-40f1-ab7e-323414b00593|rpc:10.1.0.59:35829|dataStream:|priority:1], old=null
2021-10-12 06:05:38,019 [EventQueue-OpenPipelineForHealthyPipelineSafeModeRule] INFO  safemode.SCMSafeModeManager (HealthyPipelineSafeModeRule.java:process(124)) - SCM in safe mode. Healthy pipelines reported count is 0, required healthy pipeline reported count is 1
2021-10-12 06:05:38,034 [f6edce37-208d-40f1-ab7e-323414b00593@group-C2DAA97EBB05-FollowerState] INFO  impl.FollowerState (FollowerState.java:run(134)) - f6edce37-208d-40f1-ab7e-323414b00593@group-C2DAA97EBB05-FollowerState: change to CANDIDATE, lastRpcElapsedTime:5105322647ns, electionTimeout:5098ms
2021-10-12 06:05:38,035 [a928fc34-d4b3-4f47-b859-83818f25ed6e@group-D75B06A36D76-FollowerState] INFO  impl.FollowerState (FollowerState.java:run(143)) - a928fc34-d4b3-4f47-b859-83818f25ed6e@group-D75B06A36D76-FollowerState was interrupted: {}
java.lang.InterruptedException: sleep interrupted
	at java.lang.Thread.sleep(Native Method)
	at java.lang.Thread.sleep(Thread.java:340)
	at java.util.concurrent.TimeUnit.sleep(TimeUnit.java:386)
	at org.apache.ratis.util.TimeDuration.sleep(TimeDuration.java:324)
	at org.apache.ratis.util.TimeDuration.sleep(TimeDuration.java:309)
	at org.apache.ratis.server.impl.FollowerState.run(FollowerState.java:118)
2021-10-12 06:05:38,045 [f6edce37-208d-40f1-ab7e-323414b00593@group-D75B06A36D76-LeaderElection77] INFO  impl.LeaderElection (LeaderElection.java:logAndReturn(89)) - f6edce37-208d-40f1-ab7e-323414b00593@group-D75B06A36D76-LeaderElection77: ELECTION PASSED received 1 response(s) and 0 exception(s):
2021-10-12 06:05:38,045 [f6edce37-208d-40f1-ab7e-323414b00593@group-D75B06A36D76-LeaderElection77] INFO  impl.LeaderElection (LeaderElection.java:logAndReturn(93)) -   Response 0: f6edce37-208d-40f1-ab7e-323414b00593<-a928fc34-d4b3-4f47-b859-83818f25ed6e#0:OK-t1
2021-10-12 06:05:38,045 [f6edce37-208d-40f1-ab7e-323414b00593@group-D75B06A36D76-LeaderElection77] INFO  impl.LeaderElection (LeaderElection.java:askForVotes(308)) - f6edce37-208d-40f1-ab7e-323414b00593@group-D75B06A36D76-LeaderElection77 ELECTION round 0: result PASSED
2021-10-12 06:05:38,045 [f6edce37-208d-40f1-ab7e-323414b00593@group-D75B06A36D76-LeaderElection77] INFO  impl.RoleInfo (RoleInfo.java:shutdownLeaderElection(121)) - f6edce37-208d-40f1-ab7e-323414b00593: shutdown f6edce37-208d-40f1-ab7e-323414b00593@group-D75B06A36D76-LeaderElection77
2021-10-12 06:05:38,045 [f6edce37-208d-40f1-ab7e-323414b00593@group-D75B06A36D76-LeaderElection77] INFO  server.RaftServer$Division (RaftServerImpl.java:setRole(285)) - f6edce37-208d-40f1-ab7e-323414b00593@group-D75B06A36D76: changes role from CANDIDATE to LEADER at term 1 for changeToLeader
2021-10-12 06:05:38,046 [f6edce37-208d-40f1-ab7e-323414b00593@group-D75B06A36D76-LeaderElection77] INFO  ratis.XceiverServerRatis (XceiverServerRatis.java:handleLeaderChangedNotification(861)) - Leader change notification received for group: group-D75B06A36D76 with new leaderId: f6edce37-208d-40f1-ab7e-323414b00593
2021-10-12 06:05:38,046 [f6edce37-208d-40f1-ab7e-323414b00593@group-D75B06A36D76-LeaderElection77] INFO  server.RaftServer$Division (ServerState.java:setLeader(285)) - f6edce37-208d-40f1-ab7e-323414b00593@group-D75B06A36D76: change Leader from null to f6edce37-208d-40f1-ab7e-323414b00593 at term 1 for becomeLeader, leader elected after 5170ms
2021-10-12 06:05:38,046 [f6edce37-208d-40f1-ab7e-323414b00593@group-D75B06A36D76-LeaderElection77] INFO  server.RaftServerConfigKeys (ConfUtils.java:logGet(44)) - raft.server.staging.catchup.gap = 1000 (default)
2021-10-12 06:05:38,046 [Datanode State Machine Thread - 0] WARN  statemachine.StateContext (StateContext.java:execute(621)) - No available thread in pool for past 1 seconds.
2021-10-12 06:05:38,046 [f6edce37-208d-40f1-ab7e-323414b00593@group-D75B06A36D76-LeaderElection77] INFO  server.RaftServerConfigKeys (ConfUtils.java:logGet(44)) - raft.server.write.element-limit = 1024 (custom)
2021-10-12 06:05:38,046 [f6edce37-208d-40f1-ab7e-323414b00593@group-D75B06A36D76-LeaderElection77] INFO  server.RaftServerConfigKeys (ConfUtils.java:logGet(44)) - raft.server.write.byte-limit = 1024 M (=1073741824) (custom)
2021-10-12 06:05:38,047 [EventQueue-PipelineReportForPipelineReportHandler] INFO  pipeline.PipelineManagerImpl (PipelineManagerImpl.java:openPipeline(282)) - Pipeline Pipeline[ Id: 9543044a-5f3d-4b0d-98d7-d75b06a36d76, Nodes: f6edce37-208d-40f1-ab7e-323414b00593{ip: 10.1.0.59, host: fv-az297-361.nmf1rxwemy4u5di1sxxf4ejcwb.jx.internal.cloudapp.net, ports: [REPLICATION=37231, RATIS=35829, RATIS_ADMIN=35829, RATIS_SERVER=35829, STANDALONE=34061], networkLocation: /default-rack, certSerialId: null, persistedOpState: IN_SERVICE, persistedOpStateExpiryEpochSec: 0}69929a81-75b5-4e59-a9cb-c7e6f0fb6fd6{ip: 10.1.0.59, host: fv-az297-361.nmf1rxwemy4u5di1sxxf4ejcwb.jx.internal.cloudapp.net, ports: [REPLICATION=46479, RATIS=40555, RATIS_ADMIN=40555, RATIS_SERVER=40555, STANDALONE=34613], networkLocation: /default-rack, certSerialId: null, persistedOpState: IN_SERVICE, persistedOpStateExpiryEpochSec: 0}a928fc34-d4b3-4f47-b859-83818f25ed6e{ip: 10.1.0.59, host: fv-az297-361.nmf1rxwemy4u5di1sxxf4ejcwb.jx.internal.cloudapp.net, ports: [REPLICATION=46425, RATIS=35709, RATIS_ADMIN=35709, RATIS_SERVER=35709, STANDALONE=38129], networkLocation: /default-rack, certSerialId: null, persistedOpState: IN_SERVICE, persistedOpStateExpiryEpochSec: 0}, ReplicationConfig: RATIS/THREE, State:ALLOCATED, leaderId:f6edce37-208d-40f1-ab7e-323414b00593, CreationTimestamp2021-10-12T06:05:30.355Z[Etc/UTC]] moved to OPEN state
2021-10-12 06:05:38,047 [EventQueue-OpenPipelineForHealthyPipelineSafeModeRule] INFO  safemode.SCMSafeModeManager (HealthyPipelineSafeModeRule.java:process(124)) - SCM in safe mode. Healthy pipelines reported count is 1, required healthy pipeline reported count is 1
2021-10-12 06:05:38,047 [EventQueue-OpenPipelineForHealthyPipelineSafeModeRule] INFO  safemode.SCMSafeModeManager (SCMSafeModeManager.java:validateSafeModeExitRules(204)) - HealthyPipelineSafeModeRule rule is successfully validated
2021-10-12 06:05:38,047 [EventQueue-OpenPipelineForHealthyPipelineSafeModeRule] INFO  safemode.SCMSafeModeManager (SCMSafeModeManager.java:validateSafeModeExitRules(219)) - ScmSafeModeManager, all rules are successfully validated
2021-10-12 06:05:38,047 [EventQueue-OpenPipelineForHealthyPipelineSafeModeRule] INFO  safemode.SCMSafeModeManager (SCMSafeModeManager.java:exitSafeMode(248)) - SCM exiting safe mode.
2021-10-12 06:05:38,047 [EventQueue-OpenPipelineForHealthyPipelineSafeModeRule] WARN  events.EventQueue (EventQueue.java:fireEvent(194)) - No event handler registered for event TypedEvent{payloadType=SafeModeStatus, name='Safe mode status'}
2021-10-12 06:05:38,047 [EventQueue-OpenPipelineForHealthyPipelineSafeModeRule] INFO  ha.SCMContext (SCMContext.java:updateSafeModeStatus(205)) - Update SafeModeStatus from SafeModeStatus{safeModeStatus=true, preCheckPassed=true} to SafeModeStatus{safeModeStatus=false, preCheckPassed=true}.
2021-10-12 06:05:38,047 [EventQueue-OpenPipelineForHealthyPipelineSafeModeRule] INFO  pipeline.BackgroundPipelineCreator (BackgroundPipelineCreator.java:notifyStatusChanged(264)) - Service BackgroundPipelineCreator transitions to RUNNING.
2021-10-12 06:05:38,047 [EventQueue-OpenPipelineForHealthyPipelineSafeModeRule] INFO  container.ReplicationManager (ReplicationManager.java:notifyStatusChanged(1743)) - Service ReplicationManager transitions to RUNNING.
2021-10-12 06:05:38,049 [f6edce37-208d-40f1-ab7e-323414b00593@group-C2DAA97EBB05-FollowerState] INFO  impl.RoleInfo (RoleInfo.java:shutdownFollowerState(108)) - f6edce37-208d-40f1-ab7e-323414b00593: shutdown f6edce37-208d-40f1-ab7e-323414b00593@group-C2DAA97EBB05-FollowerState
2021-10-12 06:05:38,049 [f6edce37-208d-40f1-ab7e-323414b00593@group-C2DAA97EBB05-FollowerState] INFO  server.RaftServer$Division (RaftServerImpl.java:setRole(285)) - f6edce37-208d-40f1-ab7e-323414b00593@group-C2DAA97EBB05: changes role from  FOLLOWER to CANDIDATE at term 0 for changeToCandidate
2021-10-12 06:05:38,049 [f6edce37-208d-40f1-ab7e-323414b00593@group-C2DAA97EBB05-FollowerState] INFO  server.RaftServerConfigKeys (ConfUtils.java:logGet(44)) - raft.server.leaderelection.pre-vote = false (custom)
2021-10-12 06:05:38,049 [f6edce37-208d-40f1-ab7e-323414b00593@group-C2DAA97EBB05-FollowerState] INFO  impl.RoleInfo (RoleInfo.java:updateAndGet(130)) - f6edce37-208d-40f1-ab7e-323414b00593: start f6edce37-208d-40f1-ab7e-323414b00593@group-C2DAA97EBB05-LeaderElection79
2021-10-12 06:05:38,050 [f6edce37-208d-40f1-ab7e-323414b00593@group-D75B06A36D76-LeaderElection77] INFO  server.RaftServerConfigKeys (ConfUtils.java:logGet(44)) - raft.server.watch.timeout = 3000ms (custom)
2021-10-12 06:05:38,050 [f6edce37-208d-40f1-ab7e-323414b00593@group-D75B06A36D76-LeaderElection77] INFO  server.RaftServerConfigKeys (ConfUtils.java:logGet(44)) - raft.server.watch.timeout.denomination = 1s (default)
2021-10-12 06:05:38,050 [f6edce37-208d-40f1-ab7e-323414b00593@group-D75B06A36D76-LeaderElection77] INFO  server.RaftServerConfigKeys (ConfUtils.java:logGet(44)) - raft.server.watch.element-limit = 65536 (default)
2021-10-12 06:05:38,050 [f6edce37-208d-40f1-ab7e-323414b00593@group-D75B06A36D76-LeaderElection77] INFO  server.RaftServerConfigKeys (ConfUtils.java:logGet(44)) - raft.server.log.appender.snapshot.chunk.size.max = 16MB (=16777216) (default)
2021-10-12 06:05:38,050 [f6edce37-208d-40f1-ab7e-323414b00593@group-D75B06A36D76-LeaderElection77] INFO  server.RaftServerConfigKeys (ConfUtils.java:logGet(44)) - raft.server.log.appender.buffer.byte-limit = 33554432 (custom)
2021-10-12 06:05:38,050 [f6edce37-208d-40f1-ab7e-323414b00593@group-D75B06A36D76-LeaderElection77] INFO  server.RaftServerConfigKeys (ConfUtils.java:logGet(44)) - raft.server.log.appender.buffer.element-limit = 1 (custom)
2021-10-12 06:05:38,050 [grpc-default-executor-2] INFO  server.RaftServer$Division (RaftServerImpl.java:requestVote(1043)) - 69929a81-75b5-4e59-a9cb-c7e6f0fb6fd6@group-D75B06A36D76: receive requestVote(ELECTION, f6edce37-208d-40f1-ab7e-323414b00593, group-D75B06A36D76, 1, (t:0, i:0))
2021-10-12 06:05:38,051 [grpc-default-executor-2] INFO  impl.VoteContext (VoteContext.java:log(48)) - 69929a81-75b5-4e59-a9cb-c7e6f0fb6fd6@group-D75B06A36D76-CANDIDATE: reject ELECTION from f6edce37-208d-40f1-ab7e-323414b00593: already has voted for 69929a81-75b5-4e59-a9cb-c7e6f0fb6fd6 at current term 1
2021-10-12 06:05:38,051 [grpc-default-executor-2] INFO  server.RaftServer$Division (RaftServerImpl.java:requestVote(1075)) - 69929a81-75b5-4e59-a9cb-c7e6f0fb6fd6@group-D75B06A36D76 replies to ELECTION vote request: f6edce37-208d-40f1-ab7e-323414b00593<-69929a81-75b5-4e59-a9cb-c7e6f0fb6fd6#0:FAIL-t1. Peer's state: 69929a81-75b5-4e59-a9cb-c7e6f0fb6fd6@group-D75B06A36D76:t1, leader=null, voted=69929a81-75b5-4e59-a9cb-c7e6f0fb6fd6, raftlog=69929a81-75b5-4e59-a9cb-c7e6f0fb6fd6@group-D75B06A36D76-SegmentedRaftLog:OPENED:c-1,f-1,i0, conf=-1: [69929a81-75b5-4e59-a9cb-c7e6f0fb6fd6|rpc:10.1.0.59:40555|priority:0, a928fc34-d4b3-4f47-b859-83818f25ed6e|rpc:10.1.0.59:35709|priority:0, f6edce37-208d-40f1-ab7e-323414b00593|rpc:10.1.0.59:35829|priority:1], old=null
2021-10-12 06:05:38,050 [69929a81-75b5-4e59-a9cb-c7e6f0fb6fd6@group-D75B06A36D76-LeaderElection78] INFO  impl.LeaderElection (LeaderElection.java:askForVotes(306)) - 69929a81-75b5-4e59-a9cb-c7e6f0fb6fd6@group-D75B06A36D76-LeaderElection78 ELECTION round 0: submit vote requests at term 1 for -1: [69929a81-75b5-4e59-a9cb-c7e6f0fb6fd6|rpc:10.1.0.59:40555|priority:0, a928fc34-d4b3-4f47-b859-83818f25ed6e|rpc:10.1.0.59:35709|priority:0, f6edce37-208d-40f1-ab7e-323414b00593|rpc:10.1.0.59:35829|priority:1], old=null
2021-10-12 06:05:38,070 [grpc-default-executor-2] INFO  server.RaftServer$Division (RaftServerImpl.java:requestVote(1043)) - a928fc34-d4b3-4f47-b859-83818f25ed6e@group-D75B06A36D76: receive requestVote(ELECTION, 69929a81-75b5-4e59-a9cb-c7e6f0fb6fd6, group-D75B06A36D76, 1, (t:0, i:0))
2021-10-12 06:05:38,070 [grpc-default-executor-2] INFO  impl.VoteContext (VoteContext.java:log(48)) - a928fc34-d4b3-4f47-b859-83818f25ed6e@group-D75B06A36D76-FOLLOWER: reject ELECTION from 69929a81-75b5-4e59-a9cb-c7e6f0fb6fd6: already has voted for f6edce37-208d-40f1-ab7e-323414b00593 at current term 1
2021-10-12 06:05:38,070 [grpc-default-executor-2] INFO  server.RaftServer$Division (RaftServerImpl.java:requestVote(1075)) - a928fc34-d4b3-4f47-b859-83818f25ed6e@group-D75B06A36D76 replies to ELECTION vote request: 69929a81-75b5-4e59-a9cb-c7e6f0fb6fd6<-a928fc34-d4b3-4f47-b859-83818f25ed6e#0:FAIL-t1. Peer's state: a928fc34-d4b3-4f47-b859-83818f25ed6e@group-D75B06A36D76:t1, leader=null, voted=f6edce37-208d-40f1-ab7e-323414b00593, raftlog=a928fc34-d4b3-4f47-b859-83818f25ed6e@group-D75B06A36D76-SegmentedRaftLog:OPENED:c-1,f-1,i0, conf=-1: [69929a81-75b5-4e59-a9cb-c7e6f0fb6fd6|rpc:10.1.0.59:40555|dataStream:|priority:0, a928fc34-d4b3-4f47-b859-83818f25ed6e|rpc:10.1.0.59:35709|dataStream:|priority:0, f6edce37-208d-40f1-ab7e-323414b00593|rpc:10.1.0.59:35829|dataStream:|priority:1], old=null
2021-10-12 06:05:38,072 [f6edce37-208d-40f1-ab7e-323414b00593@group-D75B06A36D76-LeaderElection77] INFO  grpc.GrpcConfigKeys (ConfUtils.java:logGet(44)) - raft.grpc.server.leader.outstanding.appends.max = 128 (default)
2021-10-12 06:05:38,072 [f6edce37-208d-40f1-ab7e-323414b00593@group-D75B06A36D76-LeaderElection77] INFO  server.RaftServerConfigKeys (ConfUtils.java:logGet(44)) - raft.server.rpc.request.timeout = 3000ms (default)
2021-10-12 06:05:38,072 [f6edce37-208d-40f1-ab7e-323414b00593@group-D75B06A36D76-LeaderElection77] INFO  server.RaftServerConfigKeys (ConfUtils.java:logGet(44)) - raft.server.log.appender.install.snapshot.enabled = false (custom)
2021-10-12 06:05:38,073 [f6edce37-208d-40f1-ab7e-323414b00593@group-D75B06A36D76-LeaderElection77] INFO  server.RaftServerConfigKeys (ConfUtils.java:logGet(44)) - raft.server.log.appender.snapshot.chunk.size.max = 16MB (=16777216) (default)
2021-10-12 06:05:38,073 [f6edce37-208d-40f1-ab7e-323414b00593@group-D75B06A36D76-LeaderElection77] INFO  server.RaftServerConfigKeys (ConfUtils.java:logGet(44)) - raft.server.log.appender.buffer.byte-limit = 33554432 (custom)
2021-10-12 06:05:38,073 [f6edce37-208d-40f1-ab7e-323414b00593@group-D75B06A36D76-LeaderElection77] INFO  server.RaftServerConfigKeys (ConfUtils.java:logGet(44)) - raft.server.log.appender.buffer.element-limit = 1 (custom)
2021-10-12 06:05:38,073 [f6edce37-208d-40f1-ab7e-323414b00593@group-D75B06A36D76-LeaderElection77] INFO  grpc.GrpcConfigKeys (ConfUtils.java:logGet(44)) - raft.grpc.server.leader.outstanding.appends.max = 128 (default)
2021-10-12 06:05:38,073 [f6edce37-208d-40f1-ab7e-323414b00593@group-D75B06A36D76-LeaderElection77] INFO  server.RaftServerConfigKeys (ConfUtils.java:logGet(44)) - raft.server.rpc.request.timeout = 3000ms (default)
2021-10-12 06:05:38,073 [f6edce37-208d-40f1-ab7e-323414b00593@group-D75B06A36D76-LeaderElection77] INFO  server.RaftServerConfigKeys (ConfUtils.java:logGet(44)) - raft.server.log.appender.install.snapshot.enabled = false (custom)
2021-10-12 06:05:38,074 [f6edce37-208d-40f1-ab7e-323414b00593@group-D75B06A36D76-LeaderElection77] INFO  impl.RoleInfo (RoleInfo.java:updateAndGet(130)) - f6edce37-208d-40f1-ab7e-323414b00593: start f6edce37-208d-40f1-ab7e-323414b00593@group-D75B06A36D76-LeaderStateImpl
2021-10-12 06:05:38,075 [f6edce37-208d-40f1-ab7e-323414b00593@group-D75B06A36D76-LeaderElection77] INFO  segmented.SegmentedRaftLogWorker (SegmentedRaftLogWorker.java:startLogSegment(394)) - f6edce37-208d-40f1-ab7e-323414b00593@group-D75B06A36D76-SegmentedRaftLogWorker: Starting segment from index:0
2021-10-12 06:05:38,076 [f6edce37-208d-40f1-ab7e-323414b00593@group-D75B06A36D76-SegmentedRaftLogWorker] INFO  segmented.SegmentedRaftLogWorker (SegmentedRaftLogWorker.java:execute(601)) - f6edce37-208d-40f1-ab7e-323414b00593@group-D75B06A36D76-SegmentedRaftLogWorker: created new log segment /home/runner/work/ozone/ozone/hadoop-ozone/integration-test/target/test-dir/MiniOzoneClusterImpl-c6dc50ab-6fac-4554-b78d-9440f3e38bfb/datanode-1/data/ratis/9543044a-5f3d-4b0d-98d7-d75b06a36d76/current/log_inprogress_0
2021-10-12 06:05:38,077 [grpc-default-executor-2] INFO  server.RaftServer$Division (RaftServerImpl.java:requestVote(1043)) - f6edce37-208d-40f1-ab7e-323414b00593@group-D75B06A36D76: receive requestVote(ELECTION, 69929a81-75b5-4e59-a9cb-c7e6f0fb6fd6, group-D75B06A36D76, 1, (t:0, i:0))
2021-10-12 06:05:38,082 [grpc-default-executor-1] INFO  server.RaftServer$Division (RaftServerImpl.java:setRole(285)) - 69929a81-75b5-4e59-a9cb-c7e6f0fb6fd6@group-D75B06A36D76: changes role from CANDIDATE to FOLLOWER at term 1 for appendEntries
2021-10-12 06:05:38,082 [grpc-default-executor-1] INFO  impl.RoleInfo (RoleInfo.java:shutdownLeaderElection(121)) - 69929a81-75b5-4e59-a9cb-c7e6f0fb6fd6: shutdown 69929a81-75b5-4e59-a9cb-c7e6f0fb6fd6@group-D75B06A36D76-LeaderElection78
2021-10-12 06:05:38,082 [grpc-default-executor-1] INFO  impl.RoleInfo (RoleInfo.java:updateAndGet(130)) - 69929a81-75b5-4e59-a9cb-c7e6f0fb6fd6: start 69929a81-75b5-4e59-a9cb-c7e6f0fb6fd6@group-D75B06A36D76-FollowerState
2021-10-12 06:05:38,092 [grpc-default-executor-1] INFO  ratis.XceiverServerRatis (XceiverServerRatis.java:handleLeaderChangedNotification(861)) - Leader change notification received for group: group-D75B06A36D76 with new leaderId: f6edce37-208d-40f1-ab7e-323414b00593
2021-10-12 06:05:38,092 [grpc-default-executor-1] INFO  server.RaftServer$Division (ServerState.java:setLeader(285)) - 69929a81-75b5-4e59-a9cb-c7e6f0fb6fd6@group-D75B06A36D76: change Leader from null to f6edce37-208d-40f1-ab7e-323414b00593 at term 1 for appendEntries, leader elected after 5361ms
2021-10-12 06:05:38,094 [f6edce37-208d-40f1-ab7e-323414b00593@group-D75B06A36D76-LeaderElection77] INFO  server.RaftServer$Division (ServerState.java:setRaftConf(387)) - f6edce37-208d-40f1-ab7e-323414b00593@group-D75B06A36D76: set configuration 0: [69929a81-75b5-4e59-a9cb-c7e6f0fb6fd6|rpc:10.1.0.59:40555|dataStream:|priority:0, a928fc34-d4b3-4f47-b859-83818f25ed6e|rpc:10.1.0.59:35709|dataStream:|priority:0, f6edce37-208d-40f1-ab7e-323414b00593|rpc:10.1.0.59:35829|dataStream:|priority:1], old=null
2021-10-12 06:05:38,096 [grpc-default-executor-4] INFO  ratis.XceiverServerRatis (XceiverServerRatis.java:handleLeaderChangedNotification(861)) - Leader change notification received for group: group-D75B06A36D76 with new leaderId: f6edce37-208d-40f1-ab7e-323414b00593
2021-10-12 06:05:38,096 [grpc-default-executor-4] INFO  server.RaftServer$Division (ServerState.java:setLeader(285)) - a928fc34-d4b3-4f47-b859-83818f25ed6e@group-D75B06A36D76: change Leader from null to f6edce37-208d-40f1-ab7e-323414b00593 at term 1 for appendEntries, leader elected after 5132ms
2021-10-12 06:05:38,102 [f6edce37-208d-40f1-ab7e-323414b00593@group-C2DAA97EBB05-LeaderElection79] INFO  impl.LeaderElection (LeaderElection.java:askForVotes(306)) - f6edce37-208d-40f1-ab7e-323414b00593@group-C2DAA97EBB05-LeaderElection79 ELECTION round 0: submit vote requests at term 1 for -1: [69929a81-75b5-4e59-a9cb-c7e6f0fb6fd6|rpc:10.1.0.59:40555|priority:1, a928fc34-d4b3-4f47-b859-83818f25ed6e|rpc:10.1.0.59:35709|priority:0, f6edce37-208d-40f1-ab7e-323414b00593|rpc:10.1.0.59:35829|priority:0], old=null
2021-10-12 06:05:38,123 [grpc-default-executor-2] INFO  impl.VoteContext (VoteContext.java:log(48)) - f6edce37-208d-40f1-ab7e-323414b00593@group-D75B06A36D76-LEADER: reject ELECTION from 69929a81-75b5-4e59-a9cb-c7e6f0fb6fd6: already has voted for f6edce37-208d-40f1-ab7e-323414b00593 at current term 1
2021-10-12 06:05:38,123 [grpc-default-executor-2] INFO  server.RaftServer$Division (RaftServerImpl.java:requestVote(1075)) - f6edce37-208d-40f1-ab7e-323414b00593@group-D75B06A36D76 replies to ELECTION vote request: 69929a81-75b5-4e59-a9cb-c7e6f0fb6fd6<-f6edce37-208d-40f1-ab7e-323414b00593#0:FAIL-t1. Peer's state: f6edce37-208d-40f1-ab7e-323414b00593@group-D75B06A36D76:t1, leader=f6edce37-208d-40f1-ab7e-323414b00593, voted=f6edce37-208d-40f1-ab7e-323414b00593, raftlog=f6edce37-208d-40f1-ab7e-323414b00593@group-D75B06A36D76-SegmentedRaftLog:OPENED:c0,f0,i0, conf=0: [69929a81-75b5-4e59-a9cb-c7e6f0fb6fd6|rpc:10.1.0.59:40555|dataStream:|priority:0, a928fc34-d4b3-4f47-b859-83818f25ed6e|rpc:10.1.0.59:35709|dataStream:|priority:0, f6edce37-208d-40f1-ab7e-323414b00593|rpc:10.1.0.59:35829|dataStream:|priority:1], old=null
2021-10-12 06:05:38,143 [69929a81-75b5-4e59-a9cb-c7e6f0fb6fd6@group-D75B06A36D76-LeaderElection78] INFO  impl.LeaderElection (LeaderElection.java:logAndReturn(89)) - 69929a81-75b5-4e59-a9cb-c7e6f0fb6fd6@group-D75B06A36D76-LeaderElection78: ELECTION REJECTED received 2 response(s) and 0 exception(s):
2021-10-12 06:05:38,143 [69929a81-75b5-4e59-a9cb-c7e6f0fb6fd6@group-D75B06A36D76-LeaderElection78] INFO  impl.LeaderElection (LeaderElection.java:logAndReturn(93)) -   Response 0: 69929a81-75b5-4e59-a9cb-c7e6f0fb6fd6<-a928fc34-d4b3-4f47-b859-83818f25ed6e#0:FAIL-t1
2021-10-12 06:05:38,143 [69929a81-75b5-4e59-a9cb-c7e6f0fb6fd6@group-D75B06A36D76-LeaderElection78] INFO  impl.LeaderElection (LeaderElection.java:logAndReturn(93)) -   Response 1: 69929a81-75b5-4e59-a9cb-c7e6f0fb6fd6<-f6edce37-208d-40f1-ab7e-323414b00593#0:FAIL-t1
2021-10-12 06:05:38,143 [69929a81-75b5-4e59-a9cb-c7e6f0fb6fd6@group-D75B06A36D76-LeaderElection78] INFO  impl.LeaderElection (LeaderElection.java:askForVotes(308)) - 69929a81-75b5-4e59-a9cb-c7e6f0fb6fd6@group-D75B06A36D76-LeaderElection78 ELECTION round 0: result REJECTED
2021-10-12 06:05:38,144 [grpc-default-executor-4] INFO  server.RaftServer$Division (RaftServerImpl.java:requestVote(1043)) - 69929a81-75b5-4e59-a9cb-c7e6f0fb6fd6@group-C2DAA97EBB05: receive requestVote(ELECTION, f6edce37-208d-40f1-ab7e-323414b00593, group-C2DAA97EBB05, 1, (t:0, i:0))
2021-10-12 06:05:38,144 [grpc-default-executor-4] INFO  impl.VoteContext (VoteContext.java:log(48)) - 69929a81-75b5-4e59-a9cb-c7e6f0fb6fd6@group-C2DAA97EBB05-FOLLOWER: reject ELECTION from f6edce37-208d-40f1-ab7e-323414b00593: our priority 1 > candidate's priority 0
2021-10-12 06:05:38,144 [grpc-default-executor-4] INFO  server.RaftServer$Division (RaftServerImpl.java:setRole(285)) - 69929a81-75b5-4e59-a9cb-c7e6f0fb6fd6@group-C2DAA97EBB05: changes role from  FOLLOWER to FOLLOWER at term 1 for candidate:f6edce37-208d-40f1-ab7e-323414b00593
2021-10-12 06:05:38,144 [grpc-default-executor-4] INFO  impl.RoleInfo (RoleInfo.java:shutdownFollowerState(108)) - 69929a81-75b5-4e59-a9cb-c7e6f0fb6fd6: shutdown 69929a81-75b5-4e59-a9cb-c7e6f0fb6fd6@group-C2DAA97EBB05-FollowerState
2021-10-12 06:05:38,144 [grpc-default-executor-4] INFO  impl.RoleInfo (RoleInfo.java:updateAndGet(130)) - 69929a81-75b5-4e59-a9cb-c7e6f0fb6fd6: start 69929a81-75b5-4e59-a9cb-c7e6f0fb6fd6@group-C2DAA97EBB05-FollowerState
2021-10-12 06:05:38,144 [69929a81-75b5-4e59-a9cb-c7e6f0fb6fd6@group-C2DAA97EBB05-FollowerState] INFO  impl.FollowerState (FollowerState.java:run(143)) - 69929a81-75b5-4e59-a9cb-c7e6f0fb6fd6@group-C2DAA97EBB05-FollowerState was interrupted: {}
java.lang.InterruptedException: sleep interrupted
	at java.lang.Thread.sleep(Native Method)
	at java.lang.Thread.sleep(Thread.java:340)
	at java.util.concurrent.TimeUnit.sleep(TimeUnit.java:386)
	at org.apache.ratis.util.TimeDuration.sleep(TimeDuration.java:324)
	at org.apache.ratis.util.TimeDuration.sleep(TimeDuration.java:309)
	at org.apache.ratis.server.impl.FollowerState.run(FollowerState.java:118)
2021-10-12 06:05:38,145 [grpc-default-executor-3] INFO  server.RaftServer$Division (RaftServerImpl.java:requestVote(1043)) - a928fc34-d4b3-4f47-b859-83818f25ed6e@group-C2DAA97EBB05: receive requestVote(ELECTION, f6edce37-208d-40f1-ab7e-323414b00593, group-C2DAA97EBB05, 1, (t:0, i:0))
2021-10-12 06:05:38,145 [grpc-default-executor-3] INFO  impl.VoteContext (VoteContext.java:log(48)) - a928fc34-d4b3-4f47-b859-83818f25ed6e@group-C2DAA97EBB05-FOLLOWER: accept ELECTION from f6edce37-208d-40f1-ab7e-323414b00593: our priority 0 <= candidate's priority 0
2021-10-12 06:05:38,145 [grpc-default-executor-3] INFO  server.RaftServer$Division (RaftServerImpl.java:setRole(285)) - a928fc34-d4b3-4f47-b859-83818f25ed6e@group-C2DAA97EBB05: changes role from  FOLLOWER to FOLLOWER at term 1 for candidate:f6edce37-208d-40f1-ab7e-323414b00593
2021-10-12 06:05:38,145 [grpc-default-executor-3] INFO  impl.RoleInfo (RoleInfo.java:shutdownFollowerState(108)) - a928fc34-d4b3-4f47-b859-83818f25ed6e: shutdown a928fc34-d4b3-4f47-b859-83818f25ed6e@group-C2DAA97EBB05-FollowerState
2021-10-12 06:05:38,153 [grpc-default-executor-2] INFO  server.RaftServer$Division (ServerState.java:setRaftConf(387)) - 69929a81-75b5-4e59-a9cb-c7e6f0fb6fd6@group-D75B06A36D76: set configuration 0: [69929a81-75b5-4e59-a9cb-c7e6f0fb6fd6|rpc:10.1.0.59:40555|dataStream:|priority:0, a928fc34-d4b3-4f47-b859-83818f25ed6e|rpc:10.1.0.59:35709|dataStream:|priority:0, f6edce37-208d-40f1-ab7e-323414b00593|rpc:10.1.0.59:35829|dataStream:|priority:1], old=null
2021-10-12 06:05:38,153 [grpc-default-executor-1] INFO  server.RaftServer$Division (ServerState.java:setRaftConf(387)) - a928fc34-d4b3-4f47-b859-83818f25ed6e@group-D75B06A36D76: set configuration 0: [69929a81-75b5-4e59-a9cb-c7e6f0fb6fd6|rpc:10.1.0.59:40555|dataStream:|priority:0, a928fc34-d4b3-4f47-b859-83818f25ed6e|rpc:10.1.0.59:35709|dataStream:|priority:0, f6edce37-208d-40f1-ab7e-323414b00593|rpc:10.1.0.59:35829|dataStream:|priority:1], old=null
2021-10-12 06:05:38,160 [grpc-default-executor-2] INFO  segmented.SegmentedRaftLogWorker (SegmentedRaftLogWorker.java:startLogSegment(394)) - 69929a81-75b5-4e59-a9cb-c7e6f0fb6fd6@group-D75B06A36D76-SegmentedRaftLogWorker: Starting segment from index:0
2021-10-12 06:05:38,163 [grpc-default-executor-1] INFO  segmented.SegmentedRaftLogWorker (SegmentedRaftLogWorker.java:startLogSegment(394)) - a928fc34-d4b3-4f47-b859-83818f25ed6e@group-D75B06A36D76-SegmentedRaftLogWorker: Starting segment from index:0
2021-10-12 06:05:38,163 [grpc-default-executor-4] INFO  server.RaftServer$Division (RaftServerImpl.java:requestVote(1075)) - 69929a81-75b5-4e59-a9cb-c7e6f0fb6fd6@group-C2DAA97EBB05 replies to ELECTION vote request: f6edce37-208d-40f1-ab7e-323414b00593<-69929a81-75b5-4e59-a9cb-c7e6f0fb6fd6#0:FAIL-t1. Peer's state: 69929a81-75b5-4e59-a9cb-c7e6f0fb6fd6@group-C2DAA97EBB05:t1, leader=null, voted=null, raftlog=69929a81-75b5-4e59-a9cb-c7e6f0fb6fd6@group-C2DAA97EBB05-SegmentedRaftLog:OPENED:c-1,f-1,i0, conf=-1: [69929a81-75b5-4e59-a9cb-c7e6f0fb6fd6|rpc:10.1.0.59:40555|priority:1, a928fc34-d4b3-4f47-b859-83818f25ed6e|rpc:10.1.0.59:35709|priority:0, f6edce37-208d-40f1-ab7e-323414b00593|rpc:10.1.0.59:35829|priority:0], old=null
2021-10-12 06:05:38,164 [f6edce37-208d-40f1-ab7e-323414b00593@group-C2DAA97EBB05-LeaderElection79] INFO  impl.LeaderElection (LeaderElection.java:logAndReturn(89)) - f6edce37-208d-40f1-ab7e-323414b00593@group-C2DAA97EBB05-LeaderElection79: ELECTION REJECTED received 1 response(s) and 0 exception(s):
2021-10-12 06:05:38,164 [f6edce37-208d-40f1-ab7e-323414b00593@group-C2DAA97EBB05-LeaderElection79] INFO  impl.LeaderElection (LeaderElection.java:logAndReturn(93)) -   Response 0: f6edce37-208d-40f1-ab7e-323414b00593<-69929a81-75b5-4e59-a9cb-c7e6f0fb6fd6#0:FAIL-t1
2021-10-12 06:05:38,164 [f6edce37-208d-40f1-ab7e-323414b00593@group-C2DAA97EBB05-LeaderElection79] INFO  impl.LeaderElection (LeaderElection.java:askForVotes(308)) - f6edce37-208d-40f1-ab7e-323414b00593@group-C2DAA97EBB05-LeaderElection79 ELECTION round 0: result REJECTED
2021-10-12 06:05:38,164 [f6edce37-208d-40f1-ab7e-323414b00593@group-C2DAA97EBB05-LeaderElection79] INFO  server.RaftServer$Division (RaftServerImpl.java:setRole(285)) - f6edce37-208d-40f1-ab7e-323414b00593@group-C2DAA97EBB05: changes role from CANDIDATE to FOLLOWER at term 1 for REJECTED
2021-10-12 06:05:38,164 [f6edce37-208d-40f1-ab7e-323414b00593@group-C2DAA97EBB05-LeaderElection79] INFO  impl.RoleInfo (RoleInfo.java:shutdownLeaderElection(121)) - f6edce37-208d-40f1-ab7e-323414b00593: shutdown f6edce37-208d-40f1-ab7e-323414b00593@group-C2DAA97EBB05-LeaderElection79
2021-10-12 06:05:38,164 [f6edce37-208d-40f1-ab7e-323414b00593@group-C2DAA97EBB05-LeaderElection79] INFO  impl.RoleInfo (RoleInfo.java:updateAndGet(130)) - f6edce37-208d-40f1-ab7e-323414b00593: start f6edce37-208d-40f1-ab7e-323414b00593@group-C2DAA97EBB05-FollowerState
2021-10-12 06:05:38,171 [69929a81-75b5-4e59-a9cb-c7e6f0fb6fd6@group-D75B06A36D76-SegmentedRaftLogWorker] INFO  segmented.SegmentedRaftLogWorker (SegmentedRaftLogWorker.java:execute(601)) - 69929a81-75b5-4e59-a9cb-c7e6f0fb6fd6@group-D75B06A36D76-SegmentedRaftLogWorker: created new log segment /home/runner/work/ozone/ozone/hadoop-ozone/integration-test/target/test-dir/MiniOzoneClusterImpl-c6dc50ab-6fac-4554-b78d-9440f3e38bfb/datanode-0/data/ratis/9543044a-5f3d-4b0d-98d7-d75b06a36d76/current/log_inprogress_0
2021-10-12 06:05:38,175 [a928fc34-d4b3-4f47-b859-83818f25ed6e@group-D75B06A36D76-SegmentedRaftLogWorker] INFO  segmented.SegmentedRaftLogWorker (SegmentedRaftLogWorker.java:execute(601)) - a928fc34-d4b3-4f47-b859-83818f25ed6e@group-D75B06A36D76-SegmentedRaftLogWorker: created new log segment /home/runner/work/ozone/ozone/hadoop-ozone/integration-test/target/test-dir/MiniOzoneClusterImpl-c6dc50ab-6fac-4554-b78d-9440f3e38bfb/datanode-2/data/ratis/9543044a-5f3d-4b0d-98d7-d75b06a36d76/current/log_inprogress_0
2021-10-12 06:05:38,201 [a928fc34-d4b3-4f47-b859-83818f25ed6e@group-C2DAA97EBB05-FollowerState] INFO  impl.FollowerState (FollowerState.java:run(143)) - a928fc34-d4b3-4f47-b859-83818f25ed6e@group-C2DAA97EBB05-FollowerState was interrupted: {}
java.lang.InterruptedException: sleep interrupted
	at java.lang.Thread.sleep(Native Method)
	at java.lang.Thread.sleep(Thread.java:340)
	at java.util.concurrent.TimeUnit.sleep(TimeUnit.java:386)
	at org.apache.ratis.util.TimeDuration.sleep(TimeDuration.java:324)
	at org.apache.ratis.util.TimeDuration.sleep(TimeDuration.java:309)
	at org.apache.ratis.server.impl.FollowerState.run(FollowerState.java:118)
2021-10-12 06:05:38,201 [grpc-default-executor-3] INFO  impl.RoleInfo (RoleInfo.java:updateAndGet(130)) - a928fc34-d4b3-4f47-b859-83818f25ed6e: start a928fc34-d4b3-4f47-b859-83818f25ed6e@group-C2DAA97EBB05-FollowerState
2021-10-12 06:05:38,218 [grpc-default-executor-3] INFO  server.RaftServer$Division (RaftServerImpl.java:requestVote(1075)) - a928fc34-d4b3-4f47-b859-83818f25ed6e@group-C2DAA97EBB05 replies to ELECTION vote request: f6edce37-208d-40f1-ab7e-323414b00593<-a928fc34-d4b3-4f47-b859-83818f25ed6e#0:OK-t1. Peer's state: a928fc34-d4b3-4f47-b859-83818f25ed6e@group-C2DAA97EBB05:t1, leader=null, voted=f6edce37-208d-40f1-ab7e-323414b00593, raftlog=a928fc34-d4b3-4f47-b859-83818f25ed6e@group-C2DAA97EBB05-SegmentedRaftLog:OPENED:c-1,f-1,i0, conf=-1: [69929a81-75b5-4e59-a9cb-c7e6f0fb6fd6|rpc:10.1.0.59:40555|dataStream:|priority:1, a928fc34-d4b3-4f47-b859-83818f25ed6e|rpc:10.1.0.59:35709|dataStream:|priority:0, f6edce37-208d-40f1-ab7e-323414b00593|rpc:10.1.0.59:35829|dataStream:|priority:0], old=null
2021-10-12 06:05:38,375 [Listener at 127.0.0.1/38829] INFO  ozone.MiniOzoneClusterImpl (MiniOzoneClusterImpl.java:lambda$waitForClusterToBeReady$0(235)) - Nodes are ready. Got 7 of 7 DN Heartbeats.
2021-10-12 06:05:38,376 [Listener at 127.0.0.1/38829] INFO  ozone.MiniOzoneClusterImpl (MiniOzoneClusterImpl.java:lambda$waitForClusterToBeReady$0(238)) - Cluster exits safe mode
2021-10-12 06:05:38,376 [Listener at 127.0.0.1/38829] INFO  ozone.MiniOzoneClusterImpl (MiniOzoneClusterImpl.java:lambda$waitForClusterToBeReady$0(240)) - SCM became leader
2021-10-12 06:05:38,414 [Listener at 127.0.0.1/38829] INFO  rpc.RpcClient (RpcClient.java:createVolume(342)) - Creating Volume: testblockoutputstream, with runner as owner and space quota set to -1 bytes, counts quota set to -1
2021-10-12 06:05:38,423 [OM StateMachine ApplyTransaction Thread - 0] INFO  volume.OMVolumeCreateRequest (OMVolumeCreateRequest.java:validateAndUpdateCache(195)) - created volume:testblockoutputstream for user:runner
2021-10-12 06:05:38,459 [Listener at 127.0.0.1/38829] INFO  rpc.RpcClient (RpcClient.java:createBucket(502)) - Creating Bucket: testblockoutputstream/testblockoutputstream, with Versioning false and Storage Type set to DISK and Encryption set to false 
2021-10-12 06:05:38,528 [IPC Server handler 7 on default port 45083] INFO  ha.SequenceIdGenerator (SequenceIdGenerator.java:getNextId(127)) - Allocate a batch for containerId, change lastId from 0 to 1000.
2021-10-12 06:05:38,529 [IPC Server handler 7 on default port 45083] WARN  ha.SequenceIdGenerator (SequenceIdGenerator.java:allocateBatch(235)) - Failed to allocate a batch for localId, expected lastId is 0, actual lastId is 107544261427200000.
2021-10-12 06:05:38,529 [IPC Server handler 7 on default port 45083] INFO  ha.SequenceIdGenerator (SequenceIdGenerator.java:getNextId(127)) - Allocate a batch for localId, change lastId from 107544261427200000 to 107544261427201000.
2021-10-12 06:05:38,571 [a928fc34-d4b3-4f47-b859-83818f25ed6e@group-A54A29D33CF6-FollowerState] INFO  impl.FollowerState (FollowerState.java:run(134)) - a928fc34-d4b3-4f47-b859-83818f25ed6e@group-A54A29D33CF6-FollowerState: change to CANDIDATE, lastRpcElapsedTime:5183629809ns, electionTimeout:5179ms
2021-10-12 06:05:38,571 [a928fc34-d4b3-4f47-b859-83818f25ed6e@group-A54A29D33CF6-FollowerState] INFO  impl.RoleInfo (RoleInfo.java:shutdownFollowerState(108)) - a928fc34-d4b3-4f47-b859-83818f25ed6e: shutdown a928fc34-d4b3-4f47-b859-83818f25ed6e@group-A54A29D33CF6-FollowerState
2021-10-12 06:05:38,571 [a928fc34-d4b3-4f47-b859-83818f25ed6e@group-A54A29D33CF6-FollowerState] INFO  server.RaftServer$Division (RaftServerImpl.java:setRole(285)) - a928fc34-d4b3-4f47-b859-83818f25ed6e@group-A54A29D33CF6: changes role from  FOLLOWER to CANDIDATE at term 0 for changeToCandidate
2021-10-12 06:05:38,574 [a928fc34-d4b3-4f47-b859-83818f25ed6e@group-A54A29D33CF6-FollowerState] INFO  server.RaftServerConfigKeys (ConfUtils.java:logGet(44)) - raft.server.leaderelection.pre-vote = false (custom)
2021-10-12 06:05:38,574 [a928fc34-d4b3-4f47-b859-83818f25ed6e@group-A54A29D33CF6-FollowerState] INFO  impl.RoleInfo (RoleInfo.java:updateAndGet(130)) - a928fc34-d4b3-4f47-b859-83818f25ed6e: start a928fc34-d4b3-4f47-b859-83818f25ed6e@group-A54A29D33CF6-LeaderElection80
2021-10-12 06:05:38,619 [a928fc34-d4b3-4f47-b859-83818f25ed6e@group-A54A29D33CF6-LeaderElection80] INFO  impl.LeaderElection (LeaderElection.java:askForVotes(306)) - a928fc34-d4b3-4f47-b859-83818f25ed6e@group-A54A29D33CF6-LeaderElection80 ELECTION round 0: submit vote requests at term 1 for -1: [a928fc34-d4b3-4f47-b859-83818f25ed6e|rpc:10.1.0.59:35709|priority:1], old=null
2021-10-12 06:05:38,619 [a928fc34-d4b3-4f47-b859-83818f25ed6e@group-A54A29D33CF6-LeaderElection80] INFO  impl.LeaderElection (LeaderElection.java:askForVotes(308)) - a928fc34-d4b3-4f47-b859-83818f25ed6e@group-A54A29D33CF6-LeaderElection80 ELECTION round 0: result PASSED (term=1)
2021-10-12 06:05:38,619 [a928fc34-d4b3-4f47-b859-83818f25ed6e@group-A54A29D33CF6-LeaderElection80] INFO  impl.RoleInfo (RoleInfo.java:shutdownLeaderElection(121)) - a928fc34-d4b3-4f47-b859-83818f25ed6e: shutdown a928fc34-d4b3-4f47-b859-83818f25ed6e@group-A54A29D33CF6-LeaderElection80
2021-10-12 06:05:38,619 [a928fc34-d4b3-4f47-b859-83818f25ed6e@group-A54A29D33CF6-LeaderElection80] INFO  server.RaftServer$Division (RaftServerImpl.java:setRole(285)) - a928fc34-d4b3-4f47-b859-83818f25ed6e@group-A54A29D33CF6: changes role from CANDIDATE to LEADER at term 1 for changeToLeader
2021-10-12 06:05:38,619 [a928fc34-d4b3-4f47-b859-83818f25ed6e@group-A54A29D33CF6-LeaderElection80] INFO  ratis.XceiverServerRatis (XceiverServerRatis.java:handleLeaderChangedNotification(861)) - Leader change notification received for group: group-A54A29D33CF6 with new leaderId: a928fc34-d4b3-4f47-b859-83818f25ed6e
2021-10-12 06:05:38,623 [a928fc34-d4b3-4f47-b859-83818f25ed6e@group-A54A29D33CF6-LeaderElection80] INFO  server.RaftServer$Division (ServerState.java:setLeader(285)) - a928fc34-d4b3-4f47-b859-83818f25ed6e@group-A54A29D33CF6: change Leader from null to a928fc34-d4b3-4f47-b859-83818f25ed6e at term 1 for becomeLeader, leader elected after 5256ms
2021-10-12 06:05:38,623 [Datanode State Machine Thread - 0] WARN  statemachine.StateContext (StateContext.java:execute(621)) - No available thread in pool for past 1 seconds.
2021-10-12 06:05:38,623 [a928fc34-d4b3-4f47-b859-83818f25ed6e@group-A54A29D33CF6-LeaderElection80] INFO  server.RaftServerConfigKeys (ConfUtils.java:logGet(44)) - raft.server.staging.catchup.gap = 1000 (default)
2021-10-12 06:05:38,624 [a928fc34-d4b3-4f47-b859-83818f25ed6e@group-A54A29D33CF6-LeaderElection80] INFO  server.RaftServerConfigKeys (ConfUtils.java:logGet(44)) - raft.server.write.element-limit = 1024 (custom)
2021-10-12 06:05:38,624 [a928fc34-d4b3-4f47-b859-83818f25ed6e@group-A54A29D33CF6-LeaderElection80] INFO  server.RaftServerConfigKeys (ConfUtils.java:logGet(44)) - raft.server.write.byte-limit = 1024 M (=1073741824) (custom)
2021-10-12 06:05:38,624 [a928fc34-d4b3-4f47-b859-83818f25ed6e@group-A54A29D33CF6-LeaderElection80] INFO  server.RaftServerConfigKeys (ConfUtils.java:logGet(44)) - raft.server.watch.timeout = 3000ms (custom)
2021-10-12 06:05:38,625 [a928fc34-d4b3-4f47-b859-83818f25ed6e@group-A54A29D33CF6-LeaderElection80] INFO  server.RaftServerConfigKeys (ConfUtils.java:logGet(44)) - raft.server.watch.timeout.denomination = 1s (default)
2021-10-12 06:05:38,625 [a928fc34-d4b3-4f47-b859-83818f25ed6e@group-A54A29D33CF6-LeaderElection80] INFO  server.RaftServerConfigKeys (ConfUtils.java:logGet(44)) - raft.server.watch.element-limit = 65536 (default)
2021-10-12 06:05:38,625 [a928fc34-d4b3-4f47-b859-83818f25ed6e@group-A54A29D33CF6-LeaderElection80] INFO  impl.RoleInfo (RoleInfo.java:updateAndGet(130)) - a928fc34-d4b3-4f47-b859-83818f25ed6e: start a928fc34-d4b3-4f47-b859-83818f25ed6e@group-A54A29D33CF6-LeaderStateImpl
2021-10-12 06:05:38,625 [a928fc34-d4b3-4f47-b859-83818f25ed6e@group-A54A29D33CF6-LeaderElection80] INFO  segmented.SegmentedRaftLogWorker (SegmentedRaftLogWorker.java:startLogSegment(394)) - a928fc34-d4b3-4f47-b859-83818f25ed6e@group-A54A29D33CF6-SegmentedRaftLogWorker: Starting segment from index:0
2021-10-12 06:05:38,626 [a928fc34-d4b3-4f47-b859-83818f25ed6e@group-A54A29D33CF6-SegmentedRaftLogWorker] INFO  segmented.SegmentedRaftLogWorker (SegmentedRaftLogWorker.java:execute(601)) - a928fc34-d4b3-4f47-b859-83818f25ed6e@group-A54A29D33CF6-SegmentedRaftLogWorker: created new log segment /home/runner/work/ozone/ozone/hadoop-ozone/integration-test/target/test-dir/MiniOzoneClusterImpl-c6dc50ab-6fac-4554-b78d-9440f3e38bfb/datanode-2/data/ratis/fb1f687b-0b6e-4734-b0ab-a54a29d33cf6/current/log_inprogress_0
2021-10-12 06:05:38,642 [a928fc34-d4b3-4f47-b859-83818f25ed6e@group-A54A29D33CF6-LeaderElection80] INFO  server.RaftServer$Division (ServerState.java:setRaftConf(387)) - a928fc34-d4b3-4f47-b859-83818f25ed6e@group-A54A29D33CF6: set configuration 0: [a928fc34-d4b3-4f47-b859-83818f25ed6e|rpc:10.1.0.59:35709|dataStream:|priority:1], old=null
2021-10-12 06:05:38,755 [Datanode State Machine Thread - 0] WARN  statemachine.StateContext (StateContext.java:execute(621)) - No available thread in pool for past 1 seconds.
2021-10-12 06:05:38,893 [fdd2c237-e414-4605-b3b4-833d5e073368@group-38AEEACB237B-FollowerState] INFO  impl.FollowerState (FollowerState.java:run(134)) - fdd2c237-e414-4605-b3b4-833d5e073368@group-38AEEACB237B-FollowerState: change to CANDIDATE, lastRpcElapsedTime:5032719821ns, electionTimeout:5009ms
2021-10-12 06:05:38,893 [fdd2c237-e414-4605-b3b4-833d5e073368@group-38AEEACB237B-FollowerState] INFO  impl.RoleInfo (RoleInfo.java:shutdownFollowerState(108)) - fdd2c237-e414-4605-b3b4-833d5e073368: shutdown fdd2c237-e414-4605-b3b4-833d5e073368@group-38AEEACB237B-FollowerState
2021-10-12 06:05:38,893 [fdd2c237-e414-4605-b3b4-833d5e073368@group-38AEEACB237B-FollowerState] INFO  server.RaftServer$Division (RaftServerImpl.java:setRole(285)) - fdd2c237-e414-4605-b3b4-833d5e073368@group-38AEEACB237B: changes role from  FOLLOWER to CANDIDATE at term 0 for changeToCandidate
2021-10-12 06:05:38,894 [fdd2c237-e414-4605-b3b4-833d5e073368@group-38AEEACB237B-FollowerState] INFO  server.RaftServerConfigKeys (ConfUtils.java:logGet(44)) - raft.server.leaderelection.pre-vote = false (custom)
2021-10-12 06:05:38,894 [fdd2c237-e414-4605-b3b4-833d5e073368@group-38AEEACB237B-FollowerState] INFO  impl.RoleInfo (RoleInfo.java:updateAndGet(130)) - fdd2c237-e414-4605-b3b4-833d5e073368: start fdd2c237-e414-4605-b3b4-833d5e073368@group-38AEEACB237B-LeaderElection81
2021-10-12 06:05:38,912 [fdd2c237-e414-4605-b3b4-833d5e073368@group-38AEEACB237B-LeaderElection81] INFO  impl.LeaderElection (LeaderElection.java:askForVotes(306)) - fdd2c237-e414-4605-b3b4-833d5e073368@group-38AEEACB237B-LeaderElection81 ELECTION round 0: submit vote requests at term 1 for -1: [fdd2c237-e414-4605-b3b4-833d5e073368|rpc:10.1.0.59:38743|priority:1], old=null
2021-10-12 06:05:38,912 [fdd2c237-e414-4605-b3b4-833d5e073368@group-38AEEACB237B-LeaderElection81] INFO  impl.LeaderElection (LeaderElection.java:askForVotes(308)) - fdd2c237-e414-4605-b3b4-833d5e073368@group-38AEEACB237B-LeaderElection81 ELECTION round 0: result PASSED (term=1)
2021-10-12 06:05:38,912 [fdd2c237-e414-4605-b3b4-833d5e073368@group-38AEEACB237B-LeaderElection81] INFO  impl.RoleInfo (RoleInfo.java:shutdownLeaderElection(121)) - fdd2c237-e414-4605-b3b4-833d5e073368: shutdown fdd2c237-e414-4605-b3b4-833d5e073368@group-38AEEACB237B-LeaderElection81
2021-10-12 06:05:38,912 [fdd2c237-e414-4605-b3b4-833d5e073368@group-38AEEACB237B-LeaderElection81] INFO  server.RaftServer$Division (RaftServerImpl.java:setRole(285)) - fdd2c237-e414-4605-b3b4-833d5e073368@group-38AEEACB237B: changes role from CANDIDATE to LEADER at term 1 for changeToLeader
2021-10-12 06:05:38,912 [fdd2c237-e414-4605-b3b4-833d5e073368@group-38AEEACB237B-LeaderElection81] INFO  ratis.XceiverServerRatis (XceiverServerRatis.java:handleLeaderChangedNotification(861)) - Leader change notification received for group: group-38AEEACB237B with new leaderId: fdd2c237-e414-4605-b3b4-833d5e073368
2021-10-12 06:05:38,913 [Datanode State Machine Thread - 0] WARN  statemachine.StateContext (StateContext.java:execute(621)) - No available thread in pool for past 1 seconds.
2021-10-12 06:05:38,914 [fdd2c237-e414-4605-b3b4-833d5e073368@group-38AEEACB237B-LeaderElection81] INFO  server.RaftServer$Division (ServerState.java:setLeader(285)) - fdd2c237-e414-4605-b3b4-833d5e073368@group-38AEEACB237B: change Leader from null to fdd2c237-e414-4605-b3b4-833d5e073368 at term 1 for becomeLeader, leader elected after 5070ms
2021-10-12 06:05:38,914 [fdd2c237-e414-4605-b3b4-833d5e073368@group-38AEEACB237B-LeaderElection81] INFO  server.RaftServerConfigKeys (ConfUtils.java:logGet(44)) - raft.server.staging.catchup.gap = 1000 (default)
2021-10-12 06:05:38,914 [fdd2c237-e414-4605-b3b4-833d5e073368@group-38AEEACB237B-LeaderElection81] INFO  server.RaftServerConfigKeys (ConfUtils.java:logGet(44)) - raft.server.write.element-limit = 1024 (custom)
2021-10-12 06:05:38,915 [fdd2c237-e414-4605-b3b4-833d5e073368@group-38AEEACB237B-LeaderElection81] INFO  server.RaftServerConfigKeys (ConfUtils.java:logGet(44)) - raft.server.write.byte-limit = 1024 M (=1073741824) (custom)
2021-10-12 06:05:38,915 [fdd2c237-e414-4605-b3b4-833d5e073368@group-38AEEACB237B-LeaderElection81] INFO  server.RaftServerConfigKeys (ConfUtils.java:logGet(44)) - raft.server.watch.timeout = 3000ms (custom)
2021-10-12 06:05:38,915 [fdd2c237-e414-4605-b3b4-833d5e073368@group-38AEEACB237B-LeaderElection81] INFO  server.RaftServerConfigKeys (ConfUtils.java:logGet(44)) - raft.server.watch.timeout.denomination = 1s (default)
2021-10-12 06:05:38,916 [fdd2c237-e414-4605-b3b4-833d5e073368@group-38AEEACB237B-LeaderElection81] INFO  server.RaftServerConfigKeys (ConfUtils.java:logGet(44)) - raft.server.watch.element-limit = 65536 (default)
2021-10-12 06:05:38,916 [fdd2c237-e414-4605-b3b4-833d5e073368@group-38AEEACB237B-LeaderElection81] INFO  impl.RoleInfo (RoleInfo.java:updateAndGet(130)) - fdd2c237-e414-4605-b3b4-833d5e073368: start fdd2c237-e414-4605-b3b4-833d5e073368@group-38AEEACB237B-LeaderStateImpl
2021-10-12 06:05:38,916 [fdd2c237-e414-4605-b3b4-833d5e073368@group-38AEEACB237B-LeaderElection81] INFO  segmented.SegmentedRaftLogWorker (SegmentedRaftLogWorker.java:startLogSegment(394)) - fdd2c237-e414-4605-b3b4-833d5e073368@group-38AEEACB237B-SegmentedRaftLogWorker: Starting segment from index:0
2021-10-12 06:05:38,922 [fdd2c237-e414-4605-b3b4-833d5e073368@group-38AEEACB237B-LeaderElection81] INFO  server.RaftServer$Division (ServerState.java:setRaftConf(387)) - fdd2c237-e414-4605-b3b4-833d5e073368@group-38AEEACB237B: set configuration 0: [fdd2c237-e414-4605-b3b4-833d5e073368|rpc:10.1.0.59:38743|dataStream:|priority:1], old=null
2021-10-12 06:05:38,932 [fdd2c237-e414-4605-b3b4-833d5e073368@group-38AEEACB237B-SegmentedRaftLogWorker] INFO  segmented.SegmentedRaftLogWorker (SegmentedRaftLogWorker.java:execute(601)) - fdd2c237-e414-4605-b3b4-833d5e073368@group-38AEEACB237B-SegmentedRaftLogWorker: created new log segment /home/runner/work/ozone/ozone/hadoop-ozone/integration-test/target/test-dir/MiniOzoneClusterImpl-c6dc50ab-6fac-4554-b78d-9440f3e38bfb/datanode-3/data/ratis/7608d580-c439-4c58-a09b-38aeeacb237b/current/log_inprogress_0
2021-10-12 06:05:39,117 [fdd2c237-e414-4605-b3b4-833d5e073368@group-280CF83C0957-FollowerState] INFO  impl.FollowerState (FollowerState.java:run(134)) - fdd2c237-e414-4605-b3b4-833d5e073368@group-280CF83C0957-FollowerState: change to CANDIDATE, lastRpcElapsedTime:5180006050ns, electionTimeout:5179ms
2021-10-12 06:05:39,117 [fdd2c237-e414-4605-b3b4-833d5e073368@group-280CF83C0957-FollowerState] INFO  impl.RoleInfo (RoleInfo.java:shutdownFollowerState(108)) - fdd2c237-e414-4605-b3b4-833d5e073368: shutdown fdd2c237-e414-4605-b3b4-833d5e073368@group-280CF83C0957-FollowerState
2021-10-12 06:05:39,117 [fdd2c237-e414-4605-b3b4-833d5e073368@group-280CF83C0957-FollowerState] INFO  server.RaftServer$Division (RaftServerImpl.java:setRole(285)) - fdd2c237-e414-4605-b3b4-833d5e073368@group-280CF83C0957: changes role from  FOLLOWER to CANDIDATE at term 0 for changeToCandidate
2021-10-12 06:05:39,117 [fdd2c237-e414-4605-b3b4-833d5e073368@group-280CF83C0957-FollowerState] INFO  server.RaftServerConfigKeys (ConfUtils.java:logGet(44)) - raft.server.leaderelection.pre-vote = false (custom)
2021-10-12 06:05:39,117 [fdd2c237-e414-4605-b3b4-833d5e073368@group-280CF83C0957-FollowerState] INFO  impl.RoleInfo (RoleInfo.java:updateAndGet(130)) - fdd2c237-e414-4605-b3b4-833d5e073368: start fdd2c237-e414-4605-b3b4-833d5e073368@group-280CF83C0957-LeaderElection82
2021-10-12 06:05:39,134 [fdd2c237-e414-4605-b3b4-833d5e073368@group-280CF83C0957-LeaderElection82] INFO  impl.LeaderElection (LeaderElection.java:askForVotes(306)) - fdd2c237-e414-4605-b3b4-833d5e073368@group-280CF83C0957-LeaderElection82 ELECTION round 0: submit vote requests at term 1 for -1: [1a275f92-aa29-4e99-8b54-16510abadaea|rpc:10.1.0.59:35911|priority:1, fd6d4eb7-d4eb-4c85-951f-7fa23d5c4e33|rpc:10.1.0.59:37125|priority:0, fdd2c237-e414-4605-b3b4-833d5e073368|rpc:10.1.0.59:38743|priority:0], old=null
2021-10-12 06:05:39,147 [1a275f92-aa29-4e99-8b54-16510abadaea@group-280CF83C0957-FollowerState] INFO  impl.FollowerState (FollowerState.java:run(134)) - 1a275f92-aa29-4e99-8b54-16510abadaea@group-280CF83C0957-FollowerState: change to CANDIDATE, lastRpcElapsedTime:5098245230ns, electionTimeout:5096ms
2021-10-12 06:05:39,147 [1a275f92-aa29-4e99-8b54-16510abadaea@group-280CF83C0957-FollowerState] INFO  impl.RoleInfo (RoleInfo.java:shutdownFollowerState(108)) - 1a275f92-aa29-4e99-8b54-16510abadaea: shutdown 1a275f92-aa29-4e99-8b54-16510abadaea@group-280CF83C0957-FollowerState
2021-10-12 06:05:39,147 [1a275f92-aa29-4e99-8b54-16510abadaea@group-280CF83C0957-FollowerState] INFO  server.RaftServer$Division (RaftServerImpl.java:setRole(285)) - 1a275f92-aa29-4e99-8b54-16510abadaea@group-280CF83C0957: changes role from  FOLLOWER to CANDIDATE at term 0 for changeToCandidate
2021-10-12 06:05:39,148 [1a275f92-aa29-4e99-8b54-16510abadaea@group-280CF83C0957-FollowerState] INFO  server.RaftServerConfigKeys (ConfUtils.java:logGet(44)) - raft.server.leaderelection.pre-vote = false (custom)
2021-10-12 06:05:39,148 [1a275f92-aa29-4e99-8b54-16510abadaea@group-280CF83C0957-FollowerState] INFO  impl.RoleInfo (RoleInfo.java:updateAndGet(130)) - 1a275f92-aa29-4e99-8b54-16510abadaea: start 1a275f92-aa29-4e99-8b54-16510abadaea@group-280CF83C0957-LeaderElection83
2021-10-12 06:05:39,177 [grpc-default-executor-3] INFO  server.RaftServer$Division (RaftServerImpl.java:requestVote(1043)) - fd6d4eb7-d4eb-4c85-951f-7fa23d5c4e33@group-280CF83C0957: receive requestVote(ELECTION, fdd2c237-e414-4605-b3b4-833d5e073368, group-280CF83C0957, 1, (t:0, i:0))
2021-10-12 06:05:39,177 [grpc-default-executor-3] INFO  impl.VoteContext (VoteContext.java:log(48)) - fd6d4eb7-d4eb-4c85-951f-7fa23d5c4e33@group-280CF83C0957-FOLLOWER: accept ELECTION from fdd2c237-e414-4605-b3b4-833d5e073368: our priority 0 <= candidate's priority 0
2021-10-12 06:05:39,177 [grpc-default-executor-3] INFO  server.RaftServer$Division (RaftServerImpl.java:setRole(285)) - fd6d4eb7-d4eb-4c85-951f-7fa23d5c4e33@group-280CF83C0957: changes role from  FOLLOWER to FOLLOWER at term 1 for candidate:fdd2c237-e414-4605-b3b4-833d5e073368
2021-10-12 06:05:39,177 [grpc-default-executor-3] INFO  impl.RoleInfo (RoleInfo.java:shutdownFollowerState(108)) - fd6d4eb7-d4eb-4c85-951f-7fa23d5c4e33: shutdown fd6d4eb7-d4eb-4c85-951f-7fa23d5c4e33@group-280CF83C0957-FollowerState
2021-10-12 06:05:39,177 [grpc-default-executor-3] INFO  impl.RoleInfo (RoleInfo.java:updateAndGet(130)) - fd6d4eb7-d4eb-4c85-951f-7fa23d5c4e33: start fd6d4eb7-d4eb-4c85-951f-7fa23d5c4e33@group-280CF83C0957-FollowerState
2021-10-12 06:05:39,177 [fd6d4eb7-d4eb-4c85-951f-7fa23d5c4e33@group-280CF83C0957-FollowerState] INFO  impl.FollowerState (FollowerState.java:run(143)) - fd6d4eb7-d4eb-4c85-951f-7fa23d5c4e33@group-280CF83C0957-FollowerState was interrupted: {}
java.lang.InterruptedException: sleep interrupted
	at java.lang.Thread.sleep(Native Method)
	at java.lang.Thread.sleep(Thread.java:340)
	at java.util.concurrent.TimeUnit.sleep(TimeUnit.java:386)
	at org.apache.ratis.util.TimeDuration.sleep(TimeDuration.java:324)
	at org.apache.ratis.util.TimeDuration.sleep(TimeDuration.java:309)
	at org.apache.ratis.server.impl.FollowerState.run(FollowerState.java:118)
2021-10-12 06:05:39,195 [grpc-default-executor-3] INFO  server.RaftServer$Division (RaftServerImpl.java:requestVote(1075)) - fd6d4eb7-d4eb-4c85-951f-7fa23d5c4e33@group-280CF83C0957 replies to ELECTION vote request: fdd2c237-e414-4605-b3b4-833d5e073368<-fd6d4eb7-d4eb-4c85-951f-7fa23d5c4e33#0:OK-t1. Peer's state: fd6d4eb7-d4eb-4c85-951f-7fa23d5c4e33@group-280CF83C0957:t1, leader=null, voted=fdd2c237-e414-4605-b3b4-833d5e073368, raftlog=fd6d4eb7-d4eb-4c85-951f-7fa23d5c4e33@group-280CF83C0957-SegmentedRaftLog:OPENED:c-1,f-1,i0, conf=-1: [1a275f92-aa29-4e99-8b54-16510abadaea|rpc:10.1.0.59:35911|dataStream:|priority:1, fd6d4eb7-d4eb-4c85-951f-7fa23d5c4e33|rpc:10.1.0.59:37125|dataStream:|priority:0, fdd2c237-e414-4605-b3b4-833d5e073368|rpc:10.1.0.59:38743|dataStream:|priority:0], old=null
2021-10-12 06:05:39,198 [1a275f92-aa29-4e99-8b54-16510abadaea@group-280CF83C0957-LeaderElection83] INFO  impl.LeaderElection (LeaderElection.java:askForVotes(306)) - 1a275f92-aa29-4e99-8b54-16510abadaea@group-280CF83C0957-LeaderElection83 ELECTION round 0: submit vote requests at term 1 for -1: [1a275f92-aa29-4e99-8b54-16510abadaea|rpc:10.1.0.59:35911|dataStream:|priority:1, fd6d4eb7-d4eb-4c85-951f-7fa23d5c4e33|rpc:10.1.0.59:37125|dataStream:|priority:0, fdd2c237-e414-4605-b3b4-833d5e073368|rpc:10.1.0.59:38743|dataStream:|priority:0], old=null
2021-10-12 06:05:39,199 [grpc-default-executor-3] INFO  server.RaftServer$Division (RaftServerImpl.java:requestVote(1043)) - 1a275f92-aa29-4e99-8b54-16510abadaea@group-280CF83C0957: receive requestVote(ELECTION, fdd2c237-e414-4605-b3b4-833d5e073368, group-280CF83C0957, 1, (t:0, i:0))
2021-10-12 06:05:39,199 [grpc-default-executor-3] INFO  impl.VoteContext (VoteContext.java:log(48)) - 1a275f92-aa29-4e99-8b54-16510abadaea@group-280CF83C0957-CANDIDATE: reject ELECTION from fdd2c237-e414-4605-b3b4-833d5e073368: already has voted for 1a275f92-aa29-4e99-8b54-16510abadaea at current term 1
2021-10-12 06:05:39,199 [grpc-default-executor-3] INFO  server.RaftServer$Division (RaftServerImpl.java:requestVote(1075)) - 1a275f92-aa29-4e99-8b54-16510abadaea@group-280CF83C0957 replies to ELECTION vote request: fdd2c237-e414-4605-b3b4-833d5e073368<-1a275f92-aa29-4e99-8b54-16510abadaea#0:FAIL-t1. Peer's state: 1a275f92-aa29-4e99-8b54-16510abadaea@group-280CF83C0957:t1, leader=null, voted=1a275f92-aa29-4e99-8b54-16510abadaea, raftlog=1a275f92-aa29-4e99-8b54-16510abadaea@group-280CF83C0957-SegmentedRaftLog:OPENED:c-1,f-1,i0, conf=-1: [1a275f92-aa29-4e99-8b54-16510abadaea|rpc:10.1.0.59:35911|dataStream:|priority:1, fd6d4eb7-d4eb-4c85-951f-7fa23d5c4e33|rpc:10.1.0.59:37125|dataStream:|priority:0, fdd2c237-e414-4605-b3b4-833d5e073368|rpc:10.1.0.59:38743|dataStream:|priority:0], old=null
2021-10-12 06:05:39,223 [grpc-default-executor-3] INFO  server.RaftServer$Division (RaftServerImpl.java:requestVote(1043)) - fdd2c237-e414-4605-b3b4-833d5e073368@group-280CF83C0957: receive requestVote(ELECTION, 1a275f92-aa29-4e99-8b54-16510abadaea, group-280CF83C0957, 1, (t:0, i:0))
2021-10-12 06:05:39,223 [grpc-default-executor-3] INFO  impl.VoteContext (VoteContext.java:log(48)) - fdd2c237-e414-4605-b3b4-833d5e073368@group-280CF83C0957-CANDIDATE: reject ELECTION from 1a275f92-aa29-4e99-8b54-16510abadaea: already has voted for fdd2c237-e414-4605-b3b4-833d5e073368 at current term 1
2021-10-12 06:05:39,224 [grpc-default-executor-3] INFO  server.RaftServer$Division (RaftServerImpl.java:requestVote(1075)) - fdd2c237-e414-4605-b3b4-833d5e073368@group-280CF83C0957 replies to ELECTION vote request: 1a275f92-aa29-4e99-8b54-16510abadaea<-fdd2c237-e414-4605-b3b4-833d5e073368#0:FAIL-t1. Peer's state: fdd2c237-e414-4605-b3b4-833d5e073368@group-280CF83C0957:t1, leader=null, voted=fdd2c237-e414-4605-b3b4-833d5e073368, raftlog=fdd2c237-e414-4605-b3b4-833d5e073368@group-280CF83C0957-SegmentedRaftLog:OPENED:c-1,f-1,i0, conf=-1: [1a275f92-aa29-4e99-8b54-16510abadaea|rpc:10.1.0.59:35911|priority:1, fd6d4eb7-d4eb-4c85-951f-7fa23d5c4e33|rpc:10.1.0.59:37125|priority:0, fdd2c237-e414-4605-b3b4-833d5e073368|rpc:10.1.0.59:38743|priority:0], old=null
2021-10-12 06:05:39,236 [fdd2c237-e414-4605-b3b4-833d5e073368@group-280CF83C0957-LeaderElection82] INFO  impl.LeaderElection (LeaderElection.java:logAndReturn(89)) - fdd2c237-e414-4605-b3b4-833d5e073368@group-280CF83C0957-LeaderElection82: ELECTION REJECTED received 2 response(s) and 0 exception(s):
2021-10-12 06:05:39,236 [fdd2c237-e414-4605-b3b4-833d5e073368@group-280CF83C0957-LeaderElection82] INFO  impl.LeaderElection (LeaderElection.java:logAndReturn(93)) -   Response 0: fdd2c237-e414-4605-b3b4-833d5e073368<-1a275f92-aa29-4e99-8b54-16510abadaea#0:FAIL-t1
2021-10-12 06:05:39,236 [fdd2c237-e414-4605-b3b4-833d5e073368@group-280CF83C0957-LeaderElection82] INFO  impl.LeaderElection (LeaderElection.java:logAndReturn(93)) -   Response 1: fdd2c237-e414-4605-b3b4-833d5e073368<-fd6d4eb7-d4eb-4c85-951f-7fa23d5c4e33#0:OK-t1
2021-10-12 06:05:39,236 [fdd2c237-e414-4605-b3b4-833d5e073368@group-280CF83C0957-LeaderElection82] INFO  impl.LeaderElection (LeaderElection.java:askForVotes(308)) - fdd2c237-e414-4605-b3b4-833d5e073368@group-280CF83C0957-LeaderElection82 ELECTION round 0: result REJECTED
2021-10-12 06:05:39,236 [fdd2c237-e414-4605-b3b4-833d5e073368@group-280CF83C0957-LeaderElection82] INFO  server.RaftServer$Division (RaftServerImpl.java:setRole(285)) - fdd2c237-e414-4605-b3b4-833d5e073368@group-280CF83C0957: changes role from CANDIDATE to FOLLOWER at term 1 for REJECTED
2021-10-12 06:05:39,237 [fdd2c237-e414-4605-b3b4-833d5e073368@group-280CF83C0957-LeaderElection82] INFO  impl.RoleInfo (RoleInfo.java:shutdownLeaderElection(121)) - fdd2c237-e414-4605-b3b4-833d5e073368: shutdown fdd2c237-e414-4605-b3b4-833d5e073368@group-280CF83C0957-LeaderElection82
2021-10-12 06:05:39,237 [fdd2c237-e414-4605-b3b4-833d5e073368@group-280CF83C0957-LeaderElection82] INFO  impl.RoleInfo (RoleInfo.java:updateAndGet(130)) - fdd2c237-e414-4605-b3b4-833d5e073368: start fdd2c237-e414-4605-b3b4-833d5e073368@group-280CF83C0957-FollowerState
2021-10-12 06:05:39,239 [grpc-default-executor-3] INFO  server.RaftServer$Division (RaftServerImpl.java:requestVote(1043)) - fd6d4eb7-d4eb-4c85-951f-7fa23d5c4e33@group-280CF83C0957: receive requestVote(ELECTION, 1a275f92-aa29-4e99-8b54-16510abadaea, group-280CF83C0957, 1, (t:0, i:0))
2021-10-12 06:05:39,239 [grpc-default-executor-3] INFO  impl.VoteContext (VoteContext.java:log(48)) - fd6d4eb7-d4eb-4c85-951f-7fa23d5c4e33@group-280CF83C0957-FOLLOWER: reject ELECTION from 1a275f92-aa29-4e99-8b54-16510abadaea: already has voted for fdd2c237-e414-4605-b3b4-833d5e073368 at current term 1
2021-10-12 06:05:39,239 [grpc-default-executor-3] INFO  server.RaftServer$Division (RaftServerImpl.java:requestVote(1075)) - fd6d4eb7-d4eb-4c85-951f-7fa23d5c4e33@group-280CF83C0957 replies to ELECTION vote request: 1a275f92-aa29-4e99-8b54-16510abadaea<-fd6d4eb7-d4eb-4c85-951f-7fa23d5c4e33#0:FAIL-t1. Peer's state: fd6d4eb7-d4eb-4c85-951f-7fa23d5c4e33@group-280CF83C0957:t1, leader=null, voted=fdd2c237-e414-4605-b3b4-833d5e073368, raftlog=fd6d4eb7-d4eb-4c85-951f-7fa23d5c4e33@group-280CF83C0957-SegmentedRaftLog:OPENED:c-1,f-1,i0, conf=-1: [1a275f92-aa29-4e99-8b54-16510abadaea|rpc:10.1.0.59:35911|dataStream:|priority:1, fd6d4eb7-d4eb-4c85-951f-7fa23d5c4e33|rpc:10.1.0.59:37125|dataStream:|priority:0, fdd2c237-e414-4605-b3b4-833d5e073368|rpc:10.1.0.59:38743|dataStream:|priority:0], old=null
2021-10-12 06:05:39,242 [1a275f92-aa29-4e99-8b54-16510abadaea@group-280CF83C0957-LeaderElection83] INFO  impl.LeaderElection (LeaderElection.java:logAndReturn(89)) - 1a275f92-aa29-4e99-8b54-16510abadaea@group-280CF83C0957-LeaderElection83: ELECTION REJECTED received 2 response(s) and 0 exception(s):
2021-10-12 06:05:39,242 [1a275f92-aa29-4e99-8b54-16510abadaea@group-280CF83C0957-LeaderElection83] INFO  impl.LeaderElection (LeaderElection.java:logAndReturn(93)) -   Response 0: 1a275f92-aa29-4e99-8b54-16510abadaea<-fdd2c237-e414-4605-b3b4-833d5e073368#0:FAIL-t1
2021-10-12 06:05:39,242 [1a275f92-aa29-4e99-8b54-16510abadaea@group-280CF83C0957-LeaderElection83] INFO  impl.LeaderElection (LeaderElection.java:logAndReturn(93)) -   Response 1: 1a275f92-aa29-4e99-8b54-16510abadaea<-fd6d4eb7-d4eb-4c85-951f-7fa23d5c4e33#0:FAIL-t1
2021-10-12 06:05:39,242 [1a275f92-aa29-4e99-8b54-16510abadaea@group-280CF83C0957-LeaderElection83] INFO  impl.LeaderElection (LeaderElection.java:askForVotes(308)) - 1a275f92-aa29-4e99-8b54-16510abadaea@group-280CF83C0957-LeaderElection83 ELECTION round 0: result REJECTED
2021-10-12 06:05:39,242 [1a275f92-aa29-4e99-8b54-16510abadaea@group-280CF83C0957-LeaderElection83] INFO  server.RaftServer$Division (RaftServerImpl.java:setRole(285)) - 1a275f92-aa29-4e99-8b54-16510abadaea@group-280CF83C0957: changes role from CANDIDATE to FOLLOWER at term 1 for REJECTED
2021-10-12 06:05:39,242 [1a275f92-aa29-4e99-8b54-16510abadaea@group-280CF83C0957-LeaderElection83] INFO  impl.RoleInfo (RoleInfo.java:shutdownLeaderElection(121)) - 1a275f92-aa29-4e99-8b54-16510abadaea: shutdown 1a275f92-aa29-4e99-8b54-16510abadaea@group-280CF83C0957-LeaderElection83
2021-10-12 06:05:39,242 [1a275f92-aa29-4e99-8b54-16510abadaea@group-280CF83C0957-LeaderElection83] INFO  impl.RoleInfo (RoleInfo.java:updateAndGet(130)) - 1a275f92-aa29-4e99-8b54-16510abadaea: start 1a275f92-aa29-4e99-8b54-16510abadaea@group-280CF83C0957-FollowerState
2021-10-12 06:05:39,315 [fd6d4eb7-d4eb-4c85-951f-7fa23d5c4e33@group-C2C9DE719BAF-FollowerState] INFO  impl.FollowerState (FollowerState.java:run(134)) - fd6d4eb7-d4eb-4c85-951f-7fa23d5c4e33@group-C2C9DE719BAF-FollowerState: change to CANDIDATE, lastRpcElapsedTime:5012863863ns, electionTimeout:5012ms
2021-10-12 06:05:39,315 [fd6d4eb7-d4eb-4c85-951f-7fa23d5c4e33@group-C2C9DE719BAF-FollowerState] INFO  impl.RoleInfo (RoleInfo.java:shutdownFollowerState(108)) - fd6d4eb7-d4eb-4c85-951f-7fa23d5c4e33: shutdown fd6d4eb7-d4eb-4c85-951f-7fa23d5c4e33@group-C2C9DE719BAF-FollowerState
2021-10-12 06:05:39,315 [fd6d4eb7-d4eb-4c85-951f-7fa23d5c4e33@group-C2C9DE719BAF-FollowerState] INFO  server.RaftServer$Division (RaftServerImpl.java:setRole(285)) - fd6d4eb7-d4eb-4c85-951f-7fa23d5c4e33@group-C2C9DE719BAF: changes role from  FOLLOWER to CANDIDATE at term 0 for changeToCandidate
2021-10-12 06:05:39,316 [fd6d4eb7-d4eb-4c85-951f-7fa23d5c4e33@group-C2C9DE719BAF-FollowerState] INFO  server.RaftServerConfigKeys (ConfUtils.java:logGet(44)) - raft.server.leaderelection.pre-vote = false (custom)
2021-10-12 06:05:39,316 [fd6d4eb7-d4eb-4c85-951f-7fa23d5c4e33@group-C2C9DE719BAF-FollowerState] INFO  impl.RoleInfo (RoleInfo.java:updateAndGet(130)) - fd6d4eb7-d4eb-4c85-951f-7fa23d5c4e33: start fd6d4eb7-d4eb-4c85-951f-7fa23d5c4e33@group-C2C9DE719BAF-LeaderElection84
2021-10-12 06:05:39,342 [fd6d4eb7-d4eb-4c85-951f-7fa23d5c4e33@group-C2C9DE719BAF-LeaderElection84] INFO  impl.LeaderElection (LeaderElection.java:askForVotes(306)) - fd6d4eb7-d4eb-4c85-951f-7fa23d5c4e33@group-C2C9DE719BAF-LeaderElection84 ELECTION round 0: submit vote requests at term 1 for -1: [1a275f92-aa29-4e99-8b54-16510abadaea|rpc:10.1.0.59:35911|dataStream:|priority:0, fd6d4eb7-d4eb-4c85-951f-7fa23d5c4e33|rpc:10.1.0.59:37125|dataStream:|priority:0, fdd2c237-e414-4605-b3b4-833d5e073368|rpc:10.1.0.59:38743|dataStream:|priority:1], old=null
2021-10-12 06:05:39,376 [fdd2c237-e414-4605-b3b4-833d5e073368@group-C2C9DE719BAF-FollowerState] INFO  impl.FollowerState (FollowerState.java:run(134)) - fdd2c237-e414-4605-b3b4-833d5e073368@group-C2C9DE719BAF-FollowerState: change to CANDIDATE, lastRpcElapsedTime:5146912731ns, electionTimeout:5146ms
2021-10-12 06:05:39,376 [fdd2c237-e414-4605-b3b4-833d5e073368@group-C2C9DE719BAF-FollowerState] INFO  impl.RoleInfo (RoleInfo.java:shutdownFollowerState(108)) - fdd2c237-e414-4605-b3b4-833d5e073368: shutdown fdd2c237-e414-4605-b3b4-833d5e073368@group-C2C9DE719BAF-FollowerState
2021-10-12 06:05:39,376 [fdd2c237-e414-4605-b3b4-833d5e073368@group-C2C9DE719BAF-FollowerState] INFO  server.RaftServer$Division (RaftServerImpl.java:setRole(285)) - fdd2c237-e414-4605-b3b4-833d5e073368@group-C2C9DE719BAF: changes role from  FOLLOWER to CANDIDATE at term 0 for changeToCandidate
2021-10-12 06:05:39,376 [fdd2c237-e414-4605-b3b4-833d5e073368@group-C2C9DE719BAF-FollowerState] INFO  server.RaftServerConfigKeys (ConfUtils.java:logGet(44)) - raft.server.leaderelection.pre-vote = false (custom)
2021-10-12 06:05:39,376 [fdd2c237-e414-4605-b3b4-833d5e073368@group-C2C9DE719BAF-FollowerState] INFO  impl.RoleInfo (RoleInfo.java:updateAndGet(130)) - fdd2c237-e414-4605-b3b4-833d5e073368: start fdd2c237-e414-4605-b3b4-833d5e073368@group-C2C9DE719BAF-LeaderElection85
2021-10-12 06:05:39,395 [grpc-default-executor-3] INFO  server.RaftServer$Division (RaftServerImpl.java:requestVote(1043)) - fdd2c237-e414-4605-b3b4-833d5e073368@group-C2C9DE719BAF: receive requestVote(ELECTION, fd6d4eb7-d4eb-4c85-951f-7fa23d5c4e33, group-C2C9DE719BAF, 1, (t:0, i:0))
2021-10-12 06:05:39,395 [grpc-default-executor-3] INFO  impl.VoteContext (VoteContext.java:log(48)) - fdd2c237-e414-4605-b3b4-833d5e073368@group-C2C9DE719BAF-CANDIDATE: reject ELECTION from fd6d4eb7-d4eb-4c85-951f-7fa23d5c4e33: our priority 1 > candidate's priority 0
2021-10-12 06:05:39,395 [grpc-default-executor-3] INFO  server.RaftServer$Division (RaftServerImpl.java:setRole(285)) - fdd2c237-e414-4605-b3b4-833d5e073368@group-C2C9DE719BAF: changes role from CANDIDATE to FOLLOWER at term 1 for candidate:fd6d4eb7-d4eb-4c85-951f-7fa23d5c4e33
2021-10-12 06:05:39,395 [grpc-default-executor-3] INFO  impl.RoleInfo (RoleInfo.java:shutdownLeaderElection(121)) - fdd2c237-e414-4605-b3b4-833d5e073368: shutdown fdd2c237-e414-4605-b3b4-833d5e073368@group-C2C9DE719BAF-LeaderElection85
2021-10-12 06:05:39,395 [grpc-default-executor-3] INFO  impl.RoleInfo (RoleInfo.java:updateAndGet(130)) - fdd2c237-e414-4605-b3b4-833d5e073368: start fdd2c237-e414-4605-b3b4-833d5e073368@group-C2C9DE719BAF-FollowerState
2021-10-12 06:05:39,398 [grpc-default-executor-4] INFO  server.RaftServer$Division (RaftServerImpl.java:requestVote(1043)) - 1a275f92-aa29-4e99-8b54-16510abadaea@group-C2C9DE719BAF: receive requestVote(ELECTION, fd6d4eb7-d4eb-4c85-951f-7fa23d5c4e33, group-C2C9DE719BAF, 1, (t:0, i:0))
2021-10-12 06:05:39,398 [grpc-default-executor-4] INFO  impl.VoteContext (VoteContext.java:log(48)) - 1a275f92-aa29-4e99-8b54-16510abadaea@group-C2C9DE719BAF-FOLLOWER: accept ELECTION from fd6d4eb7-d4eb-4c85-951f-7fa23d5c4e33: our priority 0 <= candidate's priority 0
2021-10-12 06:05:39,398 [grpc-default-executor-4] INFO  server.RaftServer$Division (RaftServerImpl.java:setRole(285)) - 1a275f92-aa29-4e99-8b54-16510abadaea@group-C2C9DE719BAF: changes role from  FOLLOWER to FOLLOWER at term 1 for candidate:fd6d4eb7-d4eb-4c85-951f-7fa23d5c4e33
2021-10-12 06:05:39,398 [grpc-default-executor-4] INFO  impl.RoleInfo (RoleInfo.java:shutdownFollowerState(108)) - 1a275f92-aa29-4e99-8b54-16510abadaea: shutdown 1a275f92-aa29-4e99-8b54-16510abadaea@group-C2C9DE719BAF-FollowerState
2021-10-12 06:05:39,400 [grpc-default-executor-3] INFO  server.RaftServer$Division (RaftServerImpl.java:requestVote(1075)) - fdd2c237-e414-4605-b3b4-833d5e073368@group-C2C9DE719BAF replies to ELECTION vote request: fd6d4eb7-d4eb-4c85-951f-7fa23d5c4e33<-fdd2c237-e414-4605-b3b4-833d5e073368#0:FAIL-t1. Peer's state: fdd2c237-e414-4605-b3b4-833d5e073368@group-C2C9DE719BAF:t1, leader=null, voted=null, raftlog=fdd2c237-e414-4605-b3b4-833d5e073368@group-C2C9DE719BAF-SegmentedRaftLog:OPENED:c-1,f-1,i0, conf=-1: [1a275f92-aa29-4e99-8b54-16510abadaea|rpc:10.1.0.59:35911|priority:0, fd6d4eb7-d4eb-4c85-951f-7fa23d5c4e33|rpc:10.1.0.59:37125|priority:0, fdd2c237-e414-4605-b3b4-833d5e073368|rpc:10.1.0.59:38743|priority:1], old=null
2021-10-12 06:05:39,402 [fd6d4eb7-d4eb-4c85-951f-7fa23d5c4e33@group-C2C9DE719BAF-LeaderElection84] INFO  impl.LeaderElection (LeaderElection.java:logAndReturn(89)) - fd6d4eb7-d4eb-4c85-951f-7fa23d5c4e33@group-C2C9DE719BAF-LeaderElection84: ELECTION REJECTED received 1 response(s) and 0 exception(s):
2021-10-12 06:05:39,402 [fd6d4eb7-d4eb-4c85-951f-7fa23d5c4e33@group-C2C9DE719BAF-LeaderElection84] INFO  impl.LeaderElection (LeaderElection.java:logAndReturn(93)) -   Response 0: fd6d4eb7-d4eb-4c85-951f-7fa23d5c4e33<-fdd2c237-e414-4605-b3b4-833d5e073368#0:FAIL-t1
2021-10-12 06:05:39,402 [fd6d4eb7-d4eb-4c85-951f-7fa23d5c4e33@group-C2C9DE719BAF-LeaderElection84] INFO  impl.LeaderElection (LeaderElection.java:askForVotes(308)) - fd6d4eb7-d4eb-4c85-951f-7fa23d5c4e33@group-C2C9DE719BAF-LeaderElection84 ELECTION round 0: result REJECTED
2021-10-12 06:05:39,402 [fd6d4eb7-d4eb-4c85-951f-7fa23d5c4e33@group-C2C9DE719BAF-LeaderElection84] INFO  server.RaftServer$Division (RaftServerImpl.java:setRole(285)) - fd6d4eb7-d4eb-4c85-951f-7fa23d5c4e33@group-C2C9DE719BAF: changes role from CANDIDATE to FOLLOWER at term 1 for REJECTED
2021-10-12 06:05:39,402 [fd6d4eb7-d4eb-4c85-951f-7fa23d5c4e33@group-C2C9DE719BAF-LeaderElection84] INFO  impl.RoleInfo (RoleInfo.java:shutdownLeaderElection(121)) - fd6d4eb7-d4eb-4c85-951f-7fa23d5c4e33: shutdown fd6d4eb7-d4eb-4c85-951f-7fa23d5c4e33@group-C2C9DE719BAF-LeaderElection84
2021-10-12 06:05:39,402 [fd6d4eb7-d4eb-4c85-951f-7fa23d5c4e33@group-C2C9DE719BAF-LeaderElection84] INFO  impl.RoleInfo (RoleInfo.java:updateAndGet(130)) - fd6d4eb7-d4eb-4c85-951f-7fa23d5c4e33: start fd6d4eb7-d4eb-4c85-951f-7fa23d5c4e33@group-C2C9DE719BAF-FollowerState
2021-10-12 06:05:39,412 [grpc-default-executor-4] INFO  impl.RoleInfo (RoleInfo.java:updateAndGet(130)) - 1a275f92-aa29-4e99-8b54-16510abadaea: start 1a275f92-aa29-4e99-8b54-16510abadaea@group-C2C9DE719BAF-FollowerState
2021-10-12 06:05:39,413 [grpc-default-executor-4] INFO  server.RaftServer$Division (RaftServerImpl.java:requestVote(1075)) - 1a275f92-aa29-4e99-8b54-16510abadaea@group-C2C9DE719BAF replies to ELECTION vote request: fd6d4eb7-d4eb-4c85-951f-7fa23d5c4e33<-1a275f92-aa29-4e99-8b54-16510abadaea#0:OK-t1. Peer's state: 1a275f92-aa29-4e99-8b54-16510abadaea@group-C2C9DE719BAF:t1, leader=null, voted=fd6d4eb7-d4eb-4c85-951f-7fa23d5c4e33, raftlog=1a275f92-aa29-4e99-8b54-16510abadaea@group-C2C9DE719BAF-SegmentedRaftLog:OPENED:c-1,f-1,i0, conf=-1: [1a275f92-aa29-4e99-8b54-16510abadaea|rpc:10.1.0.59:35911|dataStream:|priority:0, fd6d4eb7-d4eb-4c85-951f-7fa23d5c4e33|rpc:10.1.0.59:37125|dataStream:|priority:0, fdd2c237-e414-4605-b3b4-833d5e073368|rpc:10.1.0.59:38743|dataStream:|priority:1], old=null
2021-10-12 06:05:39,426 [1a275f92-aa29-4e99-8b54-16510abadaea@group-C2C9DE719BAF-FollowerState] INFO  impl.FollowerState (FollowerState.java:run(143)) - 1a275f92-aa29-4e99-8b54-16510abadaea@group-C2C9DE719BAF-FollowerState was interrupted: {}
java.lang.InterruptedException: sleep interrupted
	at java.lang.Thread.sleep(Native Method)
	at java.lang.Thread.sleep(Thread.java:340)
	at java.util.concurrent.TimeUnit.sleep(TimeUnit.java:386)
	at org.apache.ratis.util.TimeDuration.sleep(TimeDuration.java:324)
	at org.apache.ratis.util.TimeDuration.sleep(TimeDuration.java:309)
	at org.apache.ratis.server.impl.FollowerState.run(FollowerState.java:118)
2021-10-12 06:05:39,459 [1a275f92-aa29-4e99-8b54-16510abadaea@group-DF8A7E27A5EC-FollowerState] INFO  impl.FollowerState (FollowerState.java:run(134)) - 1a275f92-aa29-4e99-8b54-16510abadaea@group-DF8A7E27A5EC-FollowerState: change to CANDIDATE, lastRpcElapsedTime:5038341077ns, electionTimeout:5035ms
2021-10-12 06:05:39,459 [1a275f92-aa29-4e99-8b54-16510abadaea@group-DF8A7E27A5EC-FollowerState] INFO  impl.RoleInfo (RoleInfo.java:shutdownFollowerState(108)) - 1a275f92-aa29-4e99-8b54-16510abadaea: shutdown 1a275f92-aa29-4e99-8b54-16510abadaea@group-DF8A7E27A5EC-FollowerState
2021-10-12 06:05:39,459 [1a275f92-aa29-4e99-8b54-16510abadaea@group-DF8A7E27A5EC-FollowerState] INFO  server.RaftServer$Division (RaftServerImpl.java:setRole(285)) - 1a275f92-aa29-4e99-8b54-16510abadaea@group-DF8A7E27A5EC: changes role from  FOLLOWER to CANDIDATE at term 0 for changeToCandidate
2021-10-12 06:05:39,460 [1a275f92-aa29-4e99-8b54-16510abadaea@group-DF8A7E27A5EC-FollowerState] INFO  server.RaftServerConfigKeys (ConfUtils.java:logGet(44)) - raft.server.leaderelection.pre-vote = false (custom)
2021-10-12 06:05:39,460 [1a275f92-aa29-4e99-8b54-16510abadaea@group-DF8A7E27A5EC-FollowerState] INFO  impl.RoleInfo (RoleInfo.java:updateAndGet(130)) - 1a275f92-aa29-4e99-8b54-16510abadaea: start 1a275f92-aa29-4e99-8b54-16510abadaea@group-DF8A7E27A5EC-LeaderElection86
2021-10-12 06:05:39,476 [1a275f92-aa29-4e99-8b54-16510abadaea@group-DF8A7E27A5EC-LeaderElection86] INFO  impl.LeaderElection (LeaderElection.java:askForVotes(306)) - 1a275f92-aa29-4e99-8b54-16510abadaea@group-DF8A7E27A5EC-LeaderElection86 ELECTION round 0: submit vote requests at term 1 for -1: [1a275f92-aa29-4e99-8b54-16510abadaea|rpc:10.1.0.59:35911|priority:1], old=null
2021-10-12 06:05:39,477 [1a275f92-aa29-4e99-8b54-16510abadaea@group-DF8A7E27A5EC-LeaderElection86] INFO  impl.LeaderElection (LeaderElection.java:askForVotes(308)) - 1a275f92-aa29-4e99-8b54-16510abadaea@group-DF8A7E27A5EC-LeaderElection86 ELECTION round 0: result PASSED (term=1)
2021-10-12 06:05:39,477 [1a275f92-aa29-4e99-8b54-16510abadaea@group-DF8A7E27A5EC-LeaderElection86] INFO  impl.RoleInfo (RoleInfo.java:shutdownLeaderElection(121)) - 1a275f92-aa29-4e99-8b54-16510abadaea: shutdown 1a275f92-aa29-4e99-8b54-16510abadaea@group-DF8A7E27A5EC-LeaderElection86
2021-10-12 06:05:39,477 [1a275f92-aa29-4e99-8b54-16510abadaea@group-DF8A7E27A5EC-LeaderElection86] INFO  server.RaftServer$Division (RaftServerImpl.java:setRole(285)) - 1a275f92-aa29-4e99-8b54-16510abadaea@group-DF8A7E27A5EC: changes role from CANDIDATE to LEADER at term 1 for changeToLeader
2021-10-12 06:05:39,477 [1a275f92-aa29-4e99-8b54-16510abadaea@group-DF8A7E27A5EC-LeaderElection86] INFO  ratis.XceiverServerRatis (XceiverServerRatis.java:handleLeaderChangedNotification(861)) - Leader change notification received for group: group-DF8A7E27A5EC with new leaderId: 1a275f92-aa29-4e99-8b54-16510abadaea
2021-10-12 06:05:39,477 [Datanode State Machine Thread - 0] WARN  statemachine.StateContext (StateContext.java:execute(621)) - No available thread in pool for past 1 seconds.
2021-10-12 06:05:39,478 [1a275f92-aa29-4e99-8b54-16510abadaea@group-DF8A7E27A5EC-LeaderElection86] INFO  server.RaftServer$Division (ServerState.java:setLeader(285)) - 1a275f92-aa29-4e99-8b54-16510abadaea@group-DF8A7E27A5EC: change Leader from null to 1a275f92-aa29-4e99-8b54-16510abadaea at term 1 for becomeLeader, leader elected after 5125ms
2021-10-12 06:05:39,478 [1a275f92-aa29-4e99-8b54-16510abadaea@group-DF8A7E27A5EC-LeaderElection86] INFO  server.RaftServerConfigKeys (ConfUtils.java:logGet(44)) - raft.server.staging.catchup.gap = 1000 (default)
2021-10-12 06:05:39,478 [1a275f92-aa29-4e99-8b54-16510abadaea@group-DF8A7E27A5EC-LeaderElection86] INFO  server.RaftServerConfigKeys (ConfUtils.java:logGet(44)) - raft.server.write.element-limit = 1024 (custom)
2021-10-12 06:05:39,478 [1a275f92-aa29-4e99-8b54-16510abadaea@group-DF8A7E27A5EC-LeaderElection86] INFO  server.RaftServerConfigKeys (ConfUtils.java:logGet(44)) - raft.server.write.byte-limit = 1024 M (=1073741824) (custom)
2021-10-12 06:05:39,479 [1a275f92-aa29-4e99-8b54-16510abadaea@group-DF8A7E27A5EC-LeaderElection86] INFO  server.RaftServerConfigKeys (ConfUtils.java:logGet(44)) - raft.server.watch.timeout = 3000ms (custom)
2021-10-12 06:05:39,481 [1a275f92-aa29-4e99-8b54-16510abadaea@group-DF8A7E27A5EC-LeaderElection86] INFO  server.RaftServerConfigKeys (ConfUtils.java:logGet(44)) - raft.server.watch.timeout.denomination = 1s (default)
2021-10-12 06:05:39,481 [1a275f92-aa29-4e99-8b54-16510abadaea@group-DF8A7E27A5EC-LeaderElection86] INFO  server.RaftServerConfigKeys (ConfUtils.java:logGet(44)) - raft.server.watch.element-limit = 65536 (default)
2021-10-12 06:05:39,481 [1a275f92-aa29-4e99-8b54-16510abadaea@group-DF8A7E27A5EC-LeaderElection86] INFO  impl.RoleInfo (RoleInfo.java:updateAndGet(130)) - 1a275f92-aa29-4e99-8b54-16510abadaea: start 1a275f92-aa29-4e99-8b54-16510abadaea@group-DF8A7E27A5EC-LeaderStateImpl
2021-10-12 06:05:39,481 [1a275f92-aa29-4e99-8b54-16510abadaea@group-DF8A7E27A5EC-LeaderElection86] INFO  segmented.SegmentedRaftLogWorker (SegmentedRaftLogWorker.java:startLogSegment(394)) - 1a275f92-aa29-4e99-8b54-16510abadaea@group-DF8A7E27A5EC-SegmentedRaftLogWorker: Starting segment from index:0
2021-10-12 06:05:39,485 [1a275f92-aa29-4e99-8b54-16510abadaea@group-DF8A7E27A5EC-SegmentedRaftLogWorker] INFO  segmented.SegmentedRaftLogWorker (SegmentedRaftLogWorker.java:execute(601)) - 1a275f92-aa29-4e99-8b54-16510abadaea@group-DF8A7E27A5EC-SegmentedRaftLogWorker: created new log segment /home/runner/work/ozone/ozone/hadoop-ozone/integration-test/target/test-dir/MiniOzoneClusterImpl-c6dc50ab-6fac-4554-b78d-9440f3e38bfb/datanode-4/data/ratis/cef31069-88dc-41f3-881d-df8a7e27a5ec/current/log_inprogress_0
2021-10-12 06:05:39,485 [1a275f92-aa29-4e99-8b54-16510abadaea@group-DF8A7E27A5EC-LeaderElection86] INFO  server.RaftServer$Division (ServerState.java:setRaftConf(387)) - 1a275f92-aa29-4e99-8b54-16510abadaea@group-DF8A7E27A5EC: set configuration 0: [1a275f92-aa29-4e99-8b54-16510abadaea|rpc:10.1.0.59:35911|dataStream:|priority:1], old=null
2021-10-12 06:05:39,635 [fdd2c237-e414-4605-b3b4-833d5e073368@group-C5477E2A5DAB-FollowerState] INFO  impl.FollowerState (FollowerState.java:run(134)) - fdd2c237-e414-4605-b3b4-833d5e073368@group-C5477E2A5DAB-FollowerState: change to CANDIDATE, lastRpcElapsedTime:5106261618ns, electionTimeout:5075ms
2021-10-12 06:05:39,635 [fdd2c237-e414-4605-b3b4-833d5e073368@group-C5477E2A5DAB-FollowerState] INFO  impl.RoleInfo (RoleInfo.java:shutdownFollowerState(108)) - fdd2c237-e414-4605-b3b4-833d5e073368: shutdown fdd2c237-e414-4605-b3b4-833d5e073368@group-C5477E2A5DAB-FollowerState
2021-10-12 06:05:39,635 [fdd2c237-e414-4605-b3b4-833d5e073368@group-C5477E2A5DAB-FollowerState] INFO  server.RaftServer$Division (RaftServerImpl.java:setRole(285)) - fdd2c237-e414-4605-b3b4-833d5e073368@group-C5477E2A5DAB: changes role from  FOLLOWER to CANDIDATE at term 0 for changeToCandidate
2021-10-12 06:05:39,635 [fdd2c237-e414-4605-b3b4-833d5e073368@group-C5477E2A5DAB-FollowerState] INFO  server.RaftServerConfigKeys (ConfUtils.java:logGet(44)) - raft.server.leaderelection.pre-vote = false (custom)
2021-10-12 06:05:39,635 [fdd2c237-e414-4605-b3b4-833d5e073368@group-C5477E2A5DAB-FollowerState] INFO  impl.RoleInfo (RoleInfo.java:updateAndGet(130)) - fdd2c237-e414-4605-b3b4-833d5e073368: start fdd2c237-e414-4605-b3b4-833d5e073368@group-C5477E2A5DAB-LeaderElection87
2021-10-12 06:05:39,652 [fdd2c237-e414-4605-b3b4-833d5e073368@group-C5477E2A5DAB-LeaderElection87] INFO  impl.LeaderElection (LeaderElection.java:askForVotes(306)) - fdd2c237-e414-4605-b3b4-833d5e073368@group-C5477E2A5DAB-LeaderElection87 ELECTION round 0: submit vote requests at term 1 for -1: [1a275f92-aa29-4e99-8b54-16510abadaea|rpc:10.1.0.59:35911|priority:0, fd6d4eb7-d4eb-4c85-951f-7fa23d5c4e33|rpc:10.1.0.59:37125|priority:1, fdd2c237-e414-4605-b3b4-833d5e073368|rpc:10.1.0.59:38743|priority:0], old=null
2021-10-12 06:05:39,664 [grpc-default-executor-4] INFO  server.RaftServer$Division (RaftServerImpl.java:requestVote(1043)) - 1a275f92-aa29-4e99-8b54-16510abadaea@group-C5477E2A5DAB: receive requestVote(ELECTION, fdd2c237-e414-4605-b3b4-833d5e073368, group-C5477E2A5DAB, 1, (t:0, i:0))
2021-10-12 06:05:39,664 [grpc-default-executor-4] INFO  impl.VoteContext (VoteContext.java:log(48)) - 1a275f92-aa29-4e99-8b54-16510abadaea@group-C5477E2A5DAB-FOLLOWER: accept ELECTION from fdd2c237-e414-4605-b3b4-833d5e073368: our priority 0 <= candidate's priority 0
2021-10-12 06:05:39,664 [grpc-default-executor-4] INFO  server.RaftServer$Division (RaftServerImpl.java:setRole(285)) - 1a275f92-aa29-4e99-8b54-16510abadaea@group-C5477E2A5DAB: changes role from  FOLLOWER to FOLLOWER at term 1 for candidate:fdd2c237-e414-4605-b3b4-833d5e073368
2021-10-12 06:05:39,664 [grpc-default-executor-4] INFO  impl.RoleInfo (RoleInfo.java:shutdownFollowerState(108)) - 1a275f92-aa29-4e99-8b54-16510abadaea: shutdown 1a275f92-aa29-4e99-8b54-16510abadaea@group-C5477E2A5DAB-FollowerState
2021-10-12 06:05:39,676 [grpc-default-executor-4] INFO  impl.RoleInfo (RoleInfo.java:updateAndGet(130)) - 1a275f92-aa29-4e99-8b54-16510abadaea: start 1a275f92-aa29-4e99-8b54-16510abadaea@group-C5477E2A5DAB-FollowerState
2021-10-12 06:05:39,676 [1a275f92-aa29-4e99-8b54-16510abadaea@group-C5477E2A5DAB-FollowerState] INFO  impl.FollowerState (FollowerState.java:run(143)) - 1a275f92-aa29-4e99-8b54-16510abadaea@group-C5477E2A5DAB-FollowerState was interrupted: {}
java.lang.InterruptedException: sleep interrupted
	at java.lang.Thread.sleep(Native Method)
	at java.lang.Thread.sleep(Thread.java:340)
	at java.util.concurrent.TimeUnit.sleep(TimeUnit.java:386)
	at org.apache.ratis.util.TimeDuration.sleep(TimeDuration.java:324)
	at org.apache.ratis.util.TimeDuration.sleep(TimeDuration.java:309)
	at org.apache.ratis.server.impl.FollowerState.run(FollowerState.java:118)
2021-10-12 06:05:39,686 [grpc-default-executor-4] INFO  server.RaftServer$Division (RaftServerImpl.java:requestVote(1075)) - 1a275f92-aa29-4e99-8b54-16510abadaea@group-C5477E2A5DAB replies to ELECTION vote request: fdd2c237-e414-4605-b3b4-833d5e073368<-1a275f92-aa29-4e99-8b54-16510abadaea#0:OK-t1. Peer's state: 1a275f92-aa29-4e99-8b54-16510abadaea@group-C5477E2A5DAB:t1, leader=null, voted=fdd2c237-e414-4605-b3b4-833d5e073368, raftlog=1a275f92-aa29-4e99-8b54-16510abadaea@group-C5477E2A5DAB-SegmentedRaftLog:OPENED:c-1,f-1,i0, conf=-1: [1a275f92-aa29-4e99-8b54-16510abadaea|rpc:10.1.0.59:35911|priority:0, fd6d4eb7-d4eb-4c85-951f-7fa23d5c4e33|rpc:10.1.0.59:37125|priority:1, fdd2c237-e414-4605-b3b4-833d5e073368|rpc:10.1.0.59:38743|priority:0], old=null
2021-10-12 06:05:39,686 [fd6d4eb7-d4eb-4c85-951f-7fa23d5c4e33@group-C5477E2A5DAB-FollowerState] INFO  impl.FollowerState (FollowerState.java:run(134)) - fd6d4eb7-d4eb-4c85-951f-7fa23d5c4e33@group-C5477E2A5DAB-FollowerState: change to CANDIDATE, lastRpcElapsedTime:5054521872ns, electionTimeout:5047ms
2021-10-12 06:05:39,686 [fd6d4eb7-d4eb-4c85-951f-7fa23d5c4e33@group-C5477E2A5DAB-FollowerState] INFO  impl.RoleInfo (RoleInfo.java:shutdownFollowerState(108)) - fd6d4eb7-d4eb-4c85-951f-7fa23d5c4e33: shutdown fd6d4eb7-d4eb-4c85-951f-7fa23d5c4e33@group-C5477E2A5DAB-FollowerState
2021-10-12 06:05:39,687 [fd6d4eb7-d4eb-4c85-951f-7fa23d5c4e33@group-C5477E2A5DAB-FollowerState] INFO  server.RaftServer$Division (RaftServerImpl.java:setRole(285)) - fd6d4eb7-d4eb-4c85-951f-7fa23d5c4e33@group-C5477E2A5DAB: changes role from  FOLLOWER to CANDIDATE at term 0 for changeToCandidate
2021-10-12 06:05:39,687 [fd6d4eb7-d4eb-4c85-951f-7fa23d5c4e33@group-C5477E2A5DAB-FollowerState] INFO  server.RaftServerConfigKeys (ConfUtils.java:logGet(44)) - raft.server.leaderelection.pre-vote = false (custom)
2021-10-12 06:05:39,687 [fd6d4eb7-d4eb-4c85-951f-7fa23d5c4e33@group-C5477E2A5DAB-FollowerState] INFO  impl.RoleInfo (RoleInfo.java:updateAndGet(130)) - fd6d4eb7-d4eb-4c85-951f-7fa23d5c4e33: start fd6d4eb7-d4eb-4c85-951f-7fa23d5c4e33@group-C5477E2A5DAB-LeaderElection88
2021-10-12 06:05:39,688 [grpc-default-executor-4] INFO  server.RaftServer$Division (RaftServerImpl.java:requestVote(1043)) - fd6d4eb7-d4eb-4c85-951f-7fa23d5c4e33@group-C5477E2A5DAB: receive requestVote(ELECTION, fdd2c237-e414-4605-b3b4-833d5e073368, group-C5477E2A5DAB, 1, (t:0, i:0))
2021-10-12 06:05:39,697 [grpc-default-executor-4] INFO  impl.VoteContext (VoteContext.java:log(48)) - fd6d4eb7-d4eb-4c85-951f-7fa23d5c4e33@group-C5477E2A5DAB-CANDIDATE: reject ELECTION from fdd2c237-e414-4605-b3b4-833d5e073368: our priority 1 > candidate's priority 0
2021-10-12 06:05:39,697 [grpc-default-executor-4] INFO  server.RaftServer$Division (RaftServerImpl.java:setRole(285)) - fd6d4eb7-d4eb-4c85-951f-7fa23d5c4e33@group-C5477E2A5DAB: changes role from CANDIDATE to FOLLOWER at term 1 for candidate:fdd2c237-e414-4605-b3b4-833d5e073368
2021-10-12 06:05:39,697 [grpc-default-executor-4] INFO  impl.RoleInfo (RoleInfo.java:shutdownLeaderElection(121)) - fd6d4eb7-d4eb-4c85-951f-7fa23d5c4e33: shutdown fd6d4eb7-d4eb-4c85-951f-7fa23d5c4e33@group-C5477E2A5DAB-LeaderElection88
2021-10-12 06:05:39,697 [grpc-default-executor-4] INFO  impl.RoleInfo (RoleInfo.java:updateAndGet(130)) - fd6d4eb7-d4eb-4c85-951f-7fa23d5c4e33: start fd6d4eb7-d4eb-4c85-951f-7fa23d5c4e33@group-C5477E2A5DAB-FollowerState
2021-10-12 06:05:39,699 [grpc-default-executor-4] INFO  server.RaftServer$Division (RaftServerImpl.java:requestVote(1075)) - fd6d4eb7-d4eb-4c85-951f-7fa23d5c4e33@group-C5477E2A5DAB replies to ELECTION vote request: fdd2c237-e414-4605-b3b4-833d5e073368<-fd6d4eb7-d4eb-4c85-951f-7fa23d5c4e33#0:FAIL-t1. Peer's state: fd6d4eb7-d4eb-4c85-951f-7fa23d5c4e33@group-C5477E2A5DAB:t1, leader=null, voted=null, raftlog=fd6d4eb7-d4eb-4c85-951f-7fa23d5c4e33@group-C5477E2A5DAB-SegmentedRaftLog:OPENED:c-1,f-1,i0, conf=-1: [1a275f92-aa29-4e99-8b54-16510abadaea|rpc:10.1.0.59:35911|dataStream:|priority:0, fd6d4eb7-d4eb-4c85-951f-7fa23d5c4e33|rpc:10.1.0.59:37125|dataStream:|priority:1, fdd2c237-e414-4605-b3b4-833d5e073368|rpc:10.1.0.59:38743|dataStream:|priority:0], old=null
2021-10-12 06:05:39,703 [fdd2c237-e414-4605-b3b4-833d5e073368@group-C5477E2A5DAB-LeaderElection87] INFO  impl.LeaderElection (LeaderElection.java:logAndReturn(89)) - fdd2c237-e414-4605-b3b4-833d5e073368@group-C5477E2A5DAB-LeaderElection87: ELECTION REJECTED received 2 response(s) and 0 exception(s):
2021-10-12 06:05:39,703 [fdd2c237-e414-4605-b3b4-833d5e073368@group-C5477E2A5DAB-LeaderElection87] INFO  impl.LeaderElection (LeaderElection.java:logAndReturn(93)) -   Response 0: fdd2c237-e414-4605-b3b4-833d5e073368<-1a275f92-aa29-4e99-8b54-16510abadaea#0:OK-t1
2021-10-12 06:05:39,703 [fdd2c237-e414-4605-b3b4-833d5e073368@group-C5477E2A5DAB-LeaderElection87] INFO  impl.LeaderElection (LeaderElection.java:logAndReturn(93)) -   Response 1: fdd2c237-e414-4605-b3b4-833d5e073368<-fd6d4eb7-d4eb-4c85-951f-7fa23d5c4e33#0:FAIL-t1
2021-10-12 06:05:39,703 [fdd2c237-e414-4605-b3b4-833d5e073368@group-C5477E2A5DAB-LeaderElection87] INFO  impl.LeaderElection (LeaderElection.java:askForVotes(308)) - fdd2c237-e414-4605-b3b4-833d5e073368@group-C5477E2A5DAB-LeaderElection87 ELECTION round 0: result REJECTED
2021-10-12 06:05:39,703 [fdd2c237-e414-4605-b3b4-833d5e073368@group-C5477E2A5DAB-LeaderElection87] INFO  server.RaftServer$Division (RaftServerImpl.java:setRole(285)) - fdd2c237-e414-4605-b3b4-833d5e073368@group-C5477E2A5DAB: changes role from CANDIDATE to FOLLOWER at term 1 for REJECTED
2021-10-12 06:05:39,703 [fdd2c237-e414-4605-b3b4-833d5e073368@group-C5477E2A5DAB-LeaderElection87] INFO  impl.RoleInfo (RoleInfo.java:shutdownLeaderElection(121)) - fdd2c237-e414-4605-b3b4-833d5e073368: shutdown fdd2c237-e414-4605-b3b4-833d5e073368@group-C5477E2A5DAB-LeaderElection87
2021-10-12 06:05:39,703 [fdd2c237-e414-4605-b3b4-833d5e073368@group-C5477E2A5DAB-LeaderElection87] INFO  impl.RoleInfo (RoleInfo.java:updateAndGet(130)) - fdd2c237-e414-4605-b3b4-833d5e073368: start fdd2c237-e414-4605-b3b4-833d5e073368@group-C5477E2A5DAB-FollowerState
2021-10-12 06:05:40,069 [fd6d4eb7-d4eb-4c85-951f-7fa23d5c4e33@group-D1D5ABD2796E-FollowerState] INFO  impl.FollowerState (FollowerState.java:run(134)) - fd6d4eb7-d4eb-4c85-951f-7fa23d5c4e33@group-D1D5ABD2796E-FollowerState: change to CANDIDATE, lastRpcElapsedTime:5181047139ns, electionTimeout:5170ms
2021-10-12 06:05:40,069 [fd6d4eb7-d4eb-4c85-951f-7fa23d5c4e33@group-D1D5ABD2796E-FollowerState] INFO  impl.RoleInfo (RoleInfo.java:shutdownFollowerState(108)) - fd6d4eb7-d4eb-4c85-951f-7fa23d5c4e33: shutdown fd6d4eb7-d4eb-4c85-951f-7fa23d5c4e33@group-D1D5ABD2796E-FollowerState
2021-10-12 06:05:40,069 [fd6d4eb7-d4eb-4c85-951f-7fa23d5c4e33@group-D1D5ABD2796E-FollowerState] INFO  server.RaftServer$Division (RaftServerImpl.java:setRole(285)) - fd6d4eb7-d4eb-4c85-951f-7fa23d5c4e33@group-D1D5ABD2796E: changes role from  FOLLOWER to CANDIDATE at term 0 for changeToCandidate
2021-10-12 06:05:40,069 [fd6d4eb7-d4eb-4c85-951f-7fa23d5c4e33@group-D1D5ABD2796E-FollowerState] INFO  server.RaftServerConfigKeys (ConfUtils.java:logGet(44)) - raft.server.leaderelection.pre-vote = false (custom)
2021-10-12 06:05:40,070 [fd6d4eb7-d4eb-4c85-951f-7fa23d5c4e33@group-D1D5ABD2796E-FollowerState] INFO  impl.RoleInfo (RoleInfo.java:updateAndGet(130)) - fd6d4eb7-d4eb-4c85-951f-7fa23d5c4e33: start fd6d4eb7-d4eb-4c85-951f-7fa23d5c4e33@group-D1D5ABD2796E-LeaderElection89
2021-10-12 06:05:40,103 [fd6d4eb7-d4eb-4c85-951f-7fa23d5c4e33@group-D1D5ABD2796E-LeaderElection89] INFO  impl.LeaderElection (LeaderElection.java:askForVotes(306)) - fd6d4eb7-d4eb-4c85-951f-7fa23d5c4e33@group-D1D5ABD2796E-LeaderElection89 ELECTION round 0: submit vote requests at term 1 for -1: [fd6d4eb7-d4eb-4c85-951f-7fa23d5c4e33|rpc:10.1.0.59:37125|priority:1], old=null
2021-10-12 06:05:40,103 [fd6d4eb7-d4eb-4c85-951f-7fa23d5c4e33@group-D1D5ABD2796E-LeaderElection89] INFO  impl.LeaderElection (LeaderElection.java:askForVotes(308)) - fd6d4eb7-d4eb-4c85-951f-7fa23d5c4e33@group-D1D5ABD2796E-LeaderElection89 ELECTION round 0: result PASSED (term=1)
2021-10-12 06:05:40,103 [fd6d4eb7-d4eb-4c85-951f-7fa23d5c4e33@group-D1D5ABD2796E-LeaderElection89] INFO  impl.RoleInfo (RoleInfo.java:shutdownLeaderElection(121)) - fd6d4eb7-d4eb-4c85-951f-7fa23d5c4e33: shutdown fd6d4eb7-d4eb-4c85-951f-7fa23d5c4e33@group-D1D5ABD2796E-LeaderElection89
2021-10-12 06:05:40,103 [fd6d4eb7-d4eb-4c85-951f-7fa23d5c4e33@group-D1D5ABD2796E-LeaderElection89] INFO  server.RaftServer$Division (RaftServerImpl.java:setRole(285)) - fd6d4eb7-d4eb-4c85-951f-7fa23d5c4e33@group-D1D5ABD2796E: changes role from CANDIDATE to LEADER at term 1 for changeToLeader
2021-10-12 06:05:40,103 [fd6d4eb7-d4eb-4c85-951f-7fa23d5c4e33@group-D1D5ABD2796E-LeaderElection89] INFO  ratis.XceiverServerRatis (XceiverServerRatis.java:handleLeaderChangedNotification(861)) - Leader change notification received for group: group-D1D5ABD2796E with new leaderId: fd6d4eb7-d4eb-4c85-951f-7fa23d5c4e33
2021-10-12 06:05:40,104 [Datanode State Machine Thread - 0] WARN  statemachine.StateContext (StateContext.java:execute(621)) - No available thread in pool for past 1 seconds.
2021-10-12 06:05:40,104 [fd6d4eb7-d4eb-4c85-951f-7fa23d5c4e33@group-D1D5ABD2796E-LeaderElection89] INFO  server.RaftServer$Division (ServerState.java:setLeader(285)) - fd6d4eb7-d4eb-4c85-951f-7fa23d5c4e33@group-D1D5ABD2796E: change Leader from null to fd6d4eb7-d4eb-4c85-951f-7fa23d5c4e33 at term 1 for becomeLeader, leader elected after 5232ms
2021-10-12 06:05:40,104 [fd6d4eb7-d4eb-4c85-951f-7fa23d5c4e33@group-D1D5ABD2796E-LeaderElection89] INFO  server.RaftServerConfigKeys (ConfUtils.java:logGet(44)) - raft.server.staging.catchup.gap = 1000 (default)
2021-10-12 06:05:40,105 [fd6d4eb7-d4eb-4c85-951f-7fa23d5c4e33@group-D1D5ABD2796E-LeaderElection89] INFO  server.RaftServerConfigKeys (ConfUtils.java:logGet(44)) - raft.server.write.element-limit = 1024 (custom)
2021-10-12 06:05:40,105 [fd6d4eb7-d4eb-4c85-951f-7fa23d5c4e33@group-D1D5ABD2796E-LeaderElection89] INFO  server.RaftServerConfigKeys (ConfUtils.java:logGet(44)) - raft.server.write.byte-limit = 1024 M (=1073741824) (custom)
2021-10-12 06:05:40,105 [fd6d4eb7-d4eb-4c85-951f-7fa23d5c4e33@group-D1D5ABD2796E-LeaderElection89] INFO  server.RaftServerConfigKeys (ConfUtils.java:logGet(44)) - raft.server.watch.timeout = 3000ms (custom)
2021-10-12 06:05:40,105 [fd6d4eb7-d4eb-4c85-951f-7fa23d5c4e33@group-D1D5ABD2796E-LeaderElection89] INFO  server.RaftServerConfigKeys (ConfUtils.java:logGet(44)) - raft.server.watch.timeout.denomination = 1s (default)
2021-10-12 06:05:40,105 [fd6d4eb7-d4eb-4c85-951f-7fa23d5c4e33@group-D1D5ABD2796E-LeaderElection89] INFO  server.RaftServerConfigKeys (ConfUtils.java:logGet(44)) - raft.server.watch.element-limit = 65536 (default)
2021-10-12 06:05:40,106 [fd6d4eb7-d4eb-4c85-951f-7fa23d5c4e33@group-D1D5ABD2796E-LeaderElection89] INFO  impl.RoleInfo (RoleInfo.java:updateAndGet(130)) - fd6d4eb7-d4eb-4c85-951f-7fa23d5c4e33: start fd6d4eb7-d4eb-4c85-951f-7fa23d5c4e33@group-D1D5ABD2796E-LeaderStateImpl
2021-10-12 06:05:40,106 [fd6d4eb7-d4eb-4c85-951f-7fa23d5c4e33@group-D1D5ABD2796E-LeaderElection89] INFO  segmented.SegmentedRaftLogWorker (SegmentedRaftLogWorker.java:startLogSegment(394)) - fd6d4eb7-d4eb-4c85-951f-7fa23d5c4e33@group-D1D5ABD2796E-SegmentedRaftLogWorker: Starting segment from index:0
2021-10-12 06:05:40,107 [fd6d4eb7-d4eb-4c85-951f-7fa23d5c4e33@group-D1D5ABD2796E-LeaderElection89] INFO  server.RaftServer$Division (ServerState.java:setRaftConf(387)) - fd6d4eb7-d4eb-4c85-951f-7fa23d5c4e33@group-D1D5ABD2796E: set configuration 0: [fd6d4eb7-d4eb-4c85-951f-7fa23d5c4e33|rpc:10.1.0.59:37125|dataStream:|priority:1], old=null
2021-10-12 06:05:40,107 [fd6d4eb7-d4eb-4c85-951f-7fa23d5c4e33@group-D1D5ABD2796E-SegmentedRaftLogWorker] INFO  segmented.SegmentedRaftLogWorker (SegmentedRaftLogWorker.java:execute(601)) - fd6d4eb7-d4eb-4c85-951f-7fa23d5c4e33@group-D1D5ABD2796E-SegmentedRaftLogWorker: created new log segment /home/runner/work/ozone/ozone/hadoop-ozone/integration-test/target/test-dir/MiniOzoneClusterImpl-c6dc50ab-6fac-4554-b78d-9440f3e38bfb/datanode-5/data/ratis/7e7a9f65-9827-4b9c-af70-d1d5abd2796e/current/log_inprogress_0
2021-10-12 06:05:40,810 [8094cd77-30c2-47d7-ab82-7abee48b2f8b@group-563C7752DC70-FollowerState] INFO  impl.FollowerState (FollowerState.java:run(134)) - 8094cd77-30c2-47d7-ab82-7abee48b2f8b@group-563C7752DC70-FollowerState: change to CANDIDATE, lastRpcElapsedTime:5136012659ns, electionTimeout:5119ms
2021-10-12 06:05:40,811 [8094cd77-30c2-47d7-ab82-7abee48b2f8b@group-563C7752DC70-FollowerState] INFO  impl.RoleInfo (RoleInfo.java:shutdownFollowerState(108)) - 8094cd77-30c2-47d7-ab82-7abee48b2f8b: shutdown 8094cd77-30c2-47d7-ab82-7abee48b2f8b@group-563C7752DC70-FollowerState
2021-10-12 06:05:40,811 [8094cd77-30c2-47d7-ab82-7abee48b2f8b@group-563C7752DC70-FollowerState] INFO  server.RaftServer$Division (RaftServerImpl.java:setRole(285)) - 8094cd77-30c2-47d7-ab82-7abee48b2f8b@group-563C7752DC70: changes role from  FOLLOWER to CANDIDATE at term 0 for changeToCandidate
2021-10-12 06:05:40,812 [8094cd77-30c2-47d7-ab82-7abee48b2f8b@group-563C7752DC70-FollowerState] INFO  server.RaftServerConfigKeys (ConfUtils.java:logGet(44)) - raft.server.leaderelection.pre-vote = false (custom)
2021-10-12 06:05:40,812 [8094cd77-30c2-47d7-ab82-7abee48b2f8b@group-563C7752DC70-FollowerState] INFO  impl.RoleInfo (RoleInfo.java:updateAndGet(130)) - 8094cd77-30c2-47d7-ab82-7abee48b2f8b: start 8094cd77-30c2-47d7-ab82-7abee48b2f8b@group-563C7752DC70-LeaderElection90
2021-10-12 06:05:40,850 [8094cd77-30c2-47d7-ab82-7abee48b2f8b@group-563C7752DC70-LeaderElection90] INFO  impl.LeaderElection (LeaderElection.java:askForVotes(306)) - 8094cd77-30c2-47d7-ab82-7abee48b2f8b@group-563C7752DC70-LeaderElection90 ELECTION round 0: submit vote requests at term 1 for -1: [8094cd77-30c2-47d7-ab82-7abee48b2f8b|rpc:10.1.0.59:44663|priority:1], old=null
2021-10-12 06:05:40,850 [8094cd77-30c2-47d7-ab82-7abee48b2f8b@group-563C7752DC70-LeaderElection90] INFO  impl.LeaderElection (LeaderElection.java:askForVotes(308)) - 8094cd77-30c2-47d7-ab82-7abee48b2f8b@group-563C7752DC70-LeaderElection90 ELECTION round 0: result PASSED (term=1)
2021-10-12 06:05:40,850 [8094cd77-30c2-47d7-ab82-7abee48b2f8b@group-563C7752DC70-LeaderElection90] INFO  impl.RoleInfo (RoleInfo.java:shutdownLeaderElection(121)) - 8094cd77-30c2-47d7-ab82-7abee48b2f8b: shutdown 8094cd77-30c2-47d7-ab82-7abee48b2f8b@group-563C7752DC70-LeaderElection90
2021-10-12 06:05:40,850 [8094cd77-30c2-47d7-ab82-7abee48b2f8b@group-563C7752DC70-LeaderElection90] INFO  server.RaftServer$Division (RaftServerImpl.java:setRole(285)) - 8094cd77-30c2-47d7-ab82-7abee48b2f8b@group-563C7752DC70: changes role from CANDIDATE to LEADER at term 1 for changeToLeader
2021-10-12 06:05:40,850 [8094cd77-30c2-47d7-ab82-7abee48b2f8b@group-563C7752DC70-LeaderElection90] INFO  ratis.XceiverServerRatis (XceiverServerRatis.java:handleLeaderChangedNotification(861)) - Leader change notification received for group: group-563C7752DC70 with new leaderId: 8094cd77-30c2-47d7-ab82-7abee48b2f8b
2021-10-12 06:05:40,851 [8094cd77-30c2-47d7-ab82-7abee48b2f8b@group-563C7752DC70-LeaderElection90] INFO  server.RaftServer$Division (ServerState.java:setLeader(285)) - 8094cd77-30c2-47d7-ab82-7abee48b2f8b@group-563C7752DC70: change Leader from null to 8094cd77-30c2-47d7-ab82-7abee48b2f8b at term 1 for becomeLeader, leader elected after 5186ms
2021-10-12 06:05:40,851 [8094cd77-30c2-47d7-ab82-7abee48b2f8b@group-563C7752DC70-LeaderElection90] INFO  server.RaftServerConfigKeys (ConfUtils.java:logGet(44)) - raft.server.staging.catchup.gap = 1000 (default)
2021-10-12 06:05:40,851 [Datanode State Machine Thread - 0] WARN  statemachine.StateContext (StateContext.java:execute(621)) - No available thread in pool for past 1 seconds.
2021-10-12 06:05:40,851 [8094cd77-30c2-47d7-ab82-7abee48b2f8b@group-563C7752DC70-LeaderElection90] INFO  server.RaftServerConfigKeys (ConfUtils.java:logGet(44)) - raft.server.write.element-limit = 1024 (custom)
2021-10-12 06:05:40,851 [8094cd77-30c2-47d7-ab82-7abee48b2f8b@group-563C7752DC70-LeaderElection90] INFO  server.RaftServerConfigKeys (ConfUtils.java:logGet(44)) - raft.server.write.byte-limit = 1024 M (=1073741824) (custom)
2021-10-12 06:05:40,851 [8094cd77-30c2-47d7-ab82-7abee48b2f8b@group-563C7752DC70-LeaderElection90] INFO  server.RaftServerConfigKeys (ConfUtils.java:logGet(44)) - raft.server.watch.timeout = 3000ms (custom)
2021-10-12 06:05:40,851 [8094cd77-30c2-47d7-ab82-7abee48b2f8b@group-563C7752DC70-LeaderElection90] INFO  server.RaftServerConfigKeys (ConfUtils.java:logGet(44)) - raft.server.watch.timeout.denomination = 1s (default)
2021-10-12 06:05:40,853 [8094cd77-30c2-47d7-ab82-7abee48b2f8b@group-563C7752DC70-LeaderElection90] INFO  server.RaftServerConfigKeys (ConfUtils.java:logGet(44)) - raft.server.watch.element-limit = 65536 (default)
2021-10-12 06:05:40,853 [8094cd77-30c2-47d7-ab82-7abee48b2f8b@group-563C7752DC70-LeaderElection90] INFO  impl.RoleInfo (RoleInfo.java:updateAndGet(130)) - 8094cd77-30c2-47d7-ab82-7abee48b2f8b: start 8094cd77-30c2-47d7-ab82-7abee48b2f8b@group-563C7752DC70-LeaderStateImpl
2021-10-12 06:05:40,854 [8094cd77-30c2-47d7-ab82-7abee48b2f8b@group-563C7752DC70-LeaderElection90] INFO  segmented.SegmentedRaftLogWorker (SegmentedRaftLogWorker.java:startLogSegment(394)) - 8094cd77-30c2-47d7-ab82-7abee48b2f8b@group-563C7752DC70-SegmentedRaftLogWorker: Starting segment from index:0
2021-10-12 06:05:40,855 [8094cd77-30c2-47d7-ab82-7abee48b2f8b@group-563C7752DC70-LeaderElection90] INFO  server.RaftServer$Division (ServerState.java:setRaftConf(387)) - 8094cd77-30c2-47d7-ab82-7abee48b2f8b@group-563C7752DC70: set configuration 0: [8094cd77-30c2-47d7-ab82-7abee48b2f8b|rpc:10.1.0.59:44663|dataStream:|priority:1], old=null
2021-10-12 06:05:40,859 [8094cd77-30c2-47d7-ab82-7abee48b2f8b@group-563C7752DC70-SegmentedRaftLogWorker] INFO  segmented.SegmentedRaftLogWorker (SegmentedRaftLogWorker.java:execute(601)) - 8094cd77-30c2-47d7-ab82-7abee48b2f8b@group-563C7752DC70-SegmentedRaftLogWorker: created new log segment /home/runner/work/ozone/ozone/hadoop-ozone/integration-test/target/test-dir/MiniOzoneClusterImpl-c6dc50ab-6fac-4554-b78d-9440f3e38bfb/datanode-6/data/ratis/43352944-ce4e-4e88-a3a6-563c7752dc70/current/log_inprogress_0
2021-10-12 06:05:42,649 [a928fc34-d4b3-4f47-b859-83818f25ed6e@group-AB0AE3F98C36-FollowerState] INFO  impl.FollowerState (FollowerState.java:run(134)) - a928fc34-d4b3-4f47-b859-83818f25ed6e@group-AB0AE3F98C36-FollowerState: change to CANDIDATE, lastRpcElapsedTime:5061278784ns, electionTimeout:5027ms
2021-10-12 06:05:42,649 [a928fc34-d4b3-4f47-b859-83818f25ed6e@group-AB0AE3F98C36-FollowerState] INFO  impl.RoleInfo (RoleInfo.java:shutdownFollowerState(108)) - a928fc34-d4b3-4f47-b859-83818f25ed6e: shutdown a928fc34-d4b3-4f47-b859-83818f25ed6e@group-AB0AE3F98C36-FollowerState
2021-10-12 06:05:42,649 [a928fc34-d4b3-4f47-b859-83818f25ed6e@group-AB0AE3F98C36-FollowerState] INFO  server.RaftServer$Division (RaftServerImpl.java:setRole(285)) - a928fc34-d4b3-4f47-b859-83818f25ed6e@group-AB0AE3F98C36: changes role from  FOLLOWER to CANDIDATE at term 1 for changeToCandidate
2021-10-12 06:05:42,649 [a928fc34-d4b3-4f47-b859-83818f25ed6e@group-AB0AE3F98C36-FollowerState] INFO  server.RaftServerConfigKeys (ConfUtils.java:logGet(44)) - raft.server.leaderelection.pre-vote = false (custom)
2021-10-12 06:05:42,649 [a928fc34-d4b3-4f47-b859-83818f25ed6e@group-AB0AE3F98C36-FollowerState] INFO  impl.RoleInfo (RoleInfo.java:updateAndGet(130)) - a928fc34-d4b3-4f47-b859-83818f25ed6e: start a928fc34-d4b3-4f47-b859-83818f25ed6e@group-AB0AE3F98C36-LeaderElection91
2021-10-12 06:05:42,656 [69929a81-75b5-4e59-a9cb-c7e6f0fb6fd6@group-AB0AE3F98C36-FollowerState] INFO  impl.FollowerState (FollowerState.java:run(134)) - 69929a81-75b5-4e59-a9cb-c7e6f0fb6fd6@group-AB0AE3F98C36-FollowerState: change to CANDIDATE, lastRpcElapsedTime:5053783090ns, electionTimeout:5046ms
2021-10-12 06:05:42,656 [69929a81-75b5-4e59-a9cb-c7e6f0fb6fd6@group-AB0AE3F98C36-FollowerState] INFO  impl.RoleInfo (RoleInfo.java:shutdownFollowerState(108)) - 69929a81-75b5-4e59-a9cb-c7e6f0fb6fd6: shutdown 69929a81-75b5-4e59-a9cb-c7e6f0fb6fd6@group-AB0AE3F98C36-FollowerState
2021-10-12 06:05:42,656 [69929a81-75b5-4e59-a9cb-c7e6f0fb6fd6@group-AB0AE3F98C36-FollowerState] INFO  server.RaftServer$Division (RaftServerImpl.java:setRole(285)) - 69929a81-75b5-4e59-a9cb-c7e6f0fb6fd6@group-AB0AE3F98C36: changes role from  FOLLOWER to CANDIDATE at term 1 for changeToCandidate
2021-10-12 06:05:42,656 [69929a81-75b5-4e59-a9cb-c7e6f0fb6fd6@group-AB0AE3F98C36-FollowerState] INFO  server.RaftServerConfigKeys (ConfUtils.java:logGet(44)) - raft.server.leaderelection.pre-vote = false (custom)
2021-10-12 06:05:42,656 [69929a81-75b5-4e59-a9cb-c7e6f0fb6fd6@group-AB0AE3F98C36-FollowerState] INFO  impl.RoleInfo (RoleInfo.java:updateAndGet(130)) - 69929a81-75b5-4e59-a9cb-c7e6f0fb6fd6: start 69929a81-75b5-4e59-a9cb-c7e6f0fb6fd6@group-AB0AE3F98C36-LeaderElection92
2021-10-12 06:05:42,665 [69929a81-75b5-4e59-a9cb-c7e6f0fb6fd6@group-AB0AE3F98C36-LeaderElection92] INFO  impl.LeaderElection (LeaderElection.java:askForVotes(306)) - 69929a81-75b5-4e59-a9cb-c7e6f0fb6fd6@group-AB0AE3F98C36-LeaderElection92 ELECTION round 0: submit vote requests at term 2 for -1: [69929a81-75b5-4e59-a9cb-c7e6f0fb6fd6|rpc:10.1.0.59:40555|priority:0, a928fc34-d4b3-4f47-b859-83818f25ed6e|rpc:10.1.0.59:35709|priority:1, f6edce37-208d-40f1-ab7e-323414b00593|rpc:10.1.0.59:35829|priority:0], old=null
2021-10-12 06:05:42,667 [grpc-default-executor-3] INFO  server.RaftServer$Division (RaftServerImpl.java:requestVote(1043)) - a928fc34-d4b3-4f47-b859-83818f25ed6e@group-AB0AE3F98C36: receive requestVote(ELECTION, 69929a81-75b5-4e59-a9cb-c7e6f0fb6fd6, group-AB0AE3F98C36, 2, (t:0, i:0))
2021-10-12 06:05:42,667 [grpc-default-executor-3] INFO  impl.VoteContext (VoteContext.java:log(48)) - a928fc34-d4b3-4f47-b859-83818f25ed6e@group-AB0AE3F98C36-CANDIDATE: reject ELECTION from 69929a81-75b5-4e59-a9cb-c7e6f0fb6fd6: our priority 1 > candidate's priority 0
2021-10-12 06:05:42,667 [grpc-default-executor-3] INFO  server.RaftServer$Division (RaftServerImpl.java:setRole(285)) - a928fc34-d4b3-4f47-b859-83818f25ed6e@group-AB0AE3F98C36: changes role from CANDIDATE to FOLLOWER at term 2 for candidate:69929a81-75b5-4e59-a9cb-c7e6f0fb6fd6
2021-10-12 06:05:42,667 [grpc-default-executor-3] INFO  impl.RoleInfo (RoleInfo.java:shutdownLeaderElection(121)) - a928fc34-d4b3-4f47-b859-83818f25ed6e: shutdown a928fc34-d4b3-4f47-b859-83818f25ed6e@group-AB0AE3F98C36-LeaderElection91
2021-10-12 06:05:42,670 [grpc-default-executor-4] INFO  server.RaftServer$Division (RaftServerImpl.java:requestVote(1043)) - f6edce37-208d-40f1-ab7e-323414b00593@group-AB0AE3F98C36: receive requestVote(ELECTION, 69929a81-75b5-4e59-a9cb-c7e6f0fb6fd6, group-AB0AE3F98C36, 2, (t:0, i:0))
2021-10-12 06:05:42,674 [grpc-default-executor-3] INFO  impl.RoleInfo (RoleInfo.java:updateAndGet(130)) - a928fc34-d4b3-4f47-b859-83818f25ed6e: start a928fc34-d4b3-4f47-b859-83818f25ed6e@group-AB0AE3F98C36-FollowerState
2021-10-12 06:05:42,706 [grpc-default-executor-3] INFO  server.RaftServer$Division (RaftServerImpl.java:requestVote(1075)) - a928fc34-d4b3-4f47-b859-83818f25ed6e@group-AB0AE3F98C36 replies to ELECTION vote request: 69929a81-75b5-4e59-a9cb-c7e6f0fb6fd6<-a928fc34-d4b3-4f47-b859-83818f25ed6e#0:FAIL-t2. Peer's state: a928fc34-d4b3-4f47-b859-83818f25ed6e@group-AB0AE3F98C36:t2, leader=null, voted=null, raftlog=a928fc34-d4b3-4f47-b859-83818f25ed6e@group-AB0AE3F98C36-SegmentedRaftLog:OPENED:c-1,f-1,i0, conf=-1: [69929a81-75b5-4e59-a9cb-c7e6f0fb6fd6|rpc:10.1.0.59:40555|dataStream:|priority:0, a928fc34-d4b3-4f47-b859-83818f25ed6e|rpc:10.1.0.59:35709|dataStream:|priority:1, f6edce37-208d-40f1-ab7e-323414b00593|rpc:10.1.0.59:35829|dataStream:|priority:0], old=null
2021-10-12 06:05:42,706 [grpc-default-executor-4] INFO  impl.VoteContext (VoteContext.java:log(48)) - f6edce37-208d-40f1-ab7e-323414b00593@group-AB0AE3F98C36-FOLLOWER: accept ELECTION from 69929a81-75b5-4e59-a9cb-c7e6f0fb6fd6: our priority 0 <= candidate's priority 0
2021-10-12 06:05:42,706 [grpc-default-executor-4] INFO  server.RaftServer$Division (RaftServerImpl.java:setRole(285)) - f6edce37-208d-40f1-ab7e-323414b00593@group-AB0AE3F98C36: changes role from  FOLLOWER to FOLLOWER at term 2 for candidate:69929a81-75b5-4e59-a9cb-c7e6f0fb6fd6
2021-10-12 06:05:42,706 [grpc-default-executor-4] INFO  impl.RoleInfo (RoleInfo.java:shutdownFollowerState(108)) - f6edce37-208d-40f1-ab7e-323414b00593: shutdown f6edce37-208d-40f1-ab7e-323414b00593@group-AB0AE3F98C36-FollowerState
2021-10-12 06:05:42,706 [grpc-default-executor-4] INFO  impl.RoleInfo (RoleInfo.java:updateAndGet(130)) - f6edce37-208d-40f1-ab7e-323414b00593: start f6edce37-208d-40f1-ab7e-323414b00593@group-AB0AE3F98C36-FollowerState
2021-10-12 06:05:42,710 [69929a81-75b5-4e59-a9cb-c7e6f0fb6fd6@group-AB0AE3F98C36-LeaderElection92] INFO  impl.LeaderElection (LeaderElection.java:logAndReturn(89)) - 69929a81-75b5-4e59-a9cb-c7e6f0fb6fd6@group-AB0AE3F98C36-LeaderElection92: ELECTION REJECTED received 1 response(s) and 0 exception(s):
2021-10-12 06:05:42,710 [69929a81-75b5-4e59-a9cb-c7e6f0fb6fd6@group-AB0AE3F98C36-LeaderElection92] INFO  impl.LeaderElection (LeaderElection.java:logAndReturn(93)) -   Response 0: 69929a81-75b5-4e59-a9cb-c7e6f0fb6fd6<-a928fc34-d4b3-4f47-b859-83818f25ed6e#0:FAIL-t2
2021-10-12 06:05:42,710 [69929a81-75b5-4e59-a9cb-c7e6f0fb6fd6@group-AB0AE3F98C36-LeaderElection92] INFO  impl.LeaderElection (LeaderElection.java:askForVotes(308)) - 69929a81-75b5-4e59-a9cb-c7e6f0fb6fd6@group-AB0AE3F98C36-LeaderElection92 ELECTION round 0: result REJECTED
2021-10-12 06:05:42,711 [69929a81-75b5-4e59-a9cb-c7e6f0fb6fd6@group-AB0AE3F98C36-LeaderElection92] INFO  server.RaftServer$Division (RaftServerImpl.java:setRole(285)) - 69929a81-75b5-4e59-a9cb-c7e6f0fb6fd6@group-AB0AE3F98C36: changes role from CANDIDATE to FOLLOWER at term 2 for REJECTED
2021-10-12 06:05:42,711 [69929a81-75b5-4e59-a9cb-c7e6f0fb6fd6@group-AB0AE3F98C36-LeaderElection92] INFO  impl.RoleInfo (RoleInfo.java:shutdownLeaderElection(121)) - 69929a81-75b5-4e59-a9cb-c7e6f0fb6fd6: shutdown 69929a81-75b5-4e59-a9cb-c7e6f0fb6fd6@group-AB0AE3F98C36-LeaderElection92
2021-10-12 06:05:42,711 [69929a81-75b5-4e59-a9cb-c7e6f0fb6fd6@group-AB0AE3F98C36-LeaderElection92] INFO  impl.RoleInfo (RoleInfo.java:updateAndGet(130)) - 69929a81-75b5-4e59-a9cb-c7e6f0fb6fd6: start 69929a81-75b5-4e59-a9cb-c7e6f0fb6fd6@group-AB0AE3F98C36-FollowerState
2021-10-12 06:05:42,711 [f6edce37-208d-40f1-ab7e-323414b00593@group-AB0AE3F98C36-FollowerState] INFO  impl.FollowerState (FollowerState.java:run(143)) - f6edce37-208d-40f1-ab7e-323414b00593@group-AB0AE3F98C36-FollowerState was interrupted: {}
java.lang.InterruptedException: sleep interrupted
	at java.lang.Thread.sleep(Native Method)
	at java.lang.Thread.sleep(Thread.java:340)
	at java.util.concurrent.TimeUnit.sleep(TimeUnit.java:386)
	at org.apache.ratis.util.TimeDuration.sleep(TimeDuration.java:324)
	at org.apache.ratis.util.TimeDuration.sleep(TimeDuration.java:309)
	at org.apache.ratis.server.impl.FollowerState.run(FollowerState.java:118)
2021-10-12 06:05:42,711 [grpc-default-executor-4] INFO  server.RaftServer$Division (RaftServerImpl.java:requestVote(1075)) - f6edce37-208d-40f1-ab7e-323414b00593@group-AB0AE3F98C36 replies to ELECTION vote request: 69929a81-75b5-4e59-a9cb-c7e6f0fb6fd6<-f6edce37-208d-40f1-ab7e-323414b00593#0:OK-t2. Peer's state: f6edce37-208d-40f1-ab7e-323414b00593@group-AB0AE3F98C36:t2, leader=null, voted=69929a81-75b5-4e59-a9cb-c7e6f0fb6fd6, raftlog=f6edce37-208d-40f1-ab7e-323414b00593@group-AB0AE3F98C36-SegmentedRaftLog:OPENED:c-1,f-1,i0, conf=-1: [69929a81-75b5-4e59-a9cb-c7e6f0fb6fd6|rpc:10.1.0.59:40555|dataStream:|priority:0, a928fc34-d4b3-4f47-b859-83818f25ed6e|rpc:10.1.0.59:35709|dataStream:|priority:1, f6edce37-208d-40f1-ab7e-323414b00593|rpc:10.1.0.59:35829|dataStream:|priority:0], old=null
2021-10-12 06:05:43,241 [69929a81-75b5-4e59-a9cb-c7e6f0fb6fd6@group-C2DAA97EBB05-FollowerState] INFO  impl.FollowerState (FollowerState.java:run(134)) - 69929a81-75b5-4e59-a9cb-c7e6f0fb6fd6@group-C2DAA97EBB05-FollowerState: change to CANDIDATE, lastRpcElapsedTime:5096858912ns, electionTimeout:5040ms
2021-10-12 06:05:43,241 [69929a81-75b5-4e59-a9cb-c7e6f0fb6fd6@group-C2DAA97EBB05-FollowerState] INFO  impl.RoleInfo (RoleInfo.java:shutdownFollowerState(108)) - 69929a81-75b5-4e59-a9cb-c7e6f0fb6fd6: shutdown 69929a81-75b5-4e59-a9cb-c7e6f0fb6fd6@group-C2DAA97EBB05-FollowerState
2021-10-12 06:05:43,241 [69929a81-75b5-4e59-a9cb-c7e6f0fb6fd6@group-C2DAA97EBB05-FollowerState] INFO  server.RaftServer$Division (RaftServerImpl.java:setRole(285)) - 69929a81-75b5-4e59-a9cb-c7e6f0fb6fd6@group-C2DAA97EBB05: changes role from  FOLLOWER to CANDIDATE at term 1 for changeToCandidate
2021-10-12 06:05:43,246 [69929a81-75b5-4e59-a9cb-c7e6f0fb6fd6@group-C2DAA97EBB05-FollowerState] INFO  server.RaftServerConfigKeys (ConfUtils.java:logGet(44)) - raft.server.leaderelection.pre-vote = false (custom)
2021-10-12 06:05:43,246 [69929a81-75b5-4e59-a9cb-c7e6f0fb6fd6@group-C2DAA97EBB05-FollowerState] INFO  impl.RoleInfo (RoleInfo.java:updateAndGet(130)) - 69929a81-75b5-4e59-a9cb-c7e6f0fb6fd6: start 69929a81-75b5-4e59-a9cb-c7e6f0fb6fd6@group-C2DAA97EBB05-LeaderElection93
2021-10-12 06:05:43,284 [69929a81-75b5-4e59-a9cb-c7e6f0fb6fd6@group-C2DAA97EBB05-LeaderElection93] INFO  impl.LeaderElection (LeaderElection.java:askForVotes(306)) - 69929a81-75b5-4e59-a9cb-c7e6f0fb6fd6@group-C2DAA97EBB05-LeaderElection93 ELECTION round 0: submit vote requests at term 2 for -1: [69929a81-75b5-4e59-a9cb-c7e6f0fb6fd6|rpc:10.1.0.59:40555|priority:1, a928fc34-d4b3-4f47-b859-83818f25ed6e|rpc:10.1.0.59:35709|priority:0, f6edce37-208d-40f1-ab7e-323414b00593|rpc:10.1.0.59:35829|priority:0], old=null
2021-10-12 06:05:43,285 [grpc-default-executor-4] INFO  server.RaftServer$Division (RaftServerImpl.java:requestVote(1043)) - a928fc34-d4b3-4f47-b859-83818f25ed6e@group-C2DAA97EBB05: receive requestVote(ELECTION, 69929a81-75b5-4e59-a9cb-c7e6f0fb6fd6, group-C2DAA97EBB05, 2, (t:0, i:0))
2021-10-12 06:05:43,287 [grpc-default-executor-4] INFO  impl.VoteContext (VoteContext.java:log(48)) - a928fc34-d4b3-4f47-b859-83818f25ed6e@group-C2DAA97EBB05-FOLLOWER: accept ELECTION from 69929a81-75b5-4e59-a9cb-c7e6f0fb6fd6: our priority 0 <= candidate's priority 1
2021-10-12 06:05:43,287 [grpc-default-executor-4] INFO  server.RaftServer$Division (RaftServerImpl.java:setRole(285)) - a928fc34-d4b3-4f47-b859-83818f25ed6e@group-C2DAA97EBB05: changes role from  FOLLOWER to FOLLOWER at term 2 for candidate:69929a81-75b5-4e59-a9cb-c7e6f0fb6fd6
2021-10-12 06:05:43,287 [grpc-default-executor-4] INFO  impl.RoleInfo (RoleInfo.java:shutdownFollowerState(108)) - a928fc34-d4b3-4f47-b859-83818f25ed6e: shutdown a928fc34-d4b3-4f47-b859-83818f25ed6e@group-C2DAA97EBB05-FollowerState
2021-10-12 06:05:43,287 [grpc-default-executor-4] INFO  impl.RoleInfo (RoleInfo.java:updateAndGet(130)) - a928fc34-d4b3-4f47-b859-83818f25ed6e: start a928fc34-d4b3-4f47-b859-83818f25ed6e@group-C2DAA97EBB05-FollowerState
2021-10-12 06:05:43,287 [a928fc34-d4b3-4f47-b859-83818f25ed6e@group-C2DAA97EBB05-FollowerState] INFO  impl.FollowerState (FollowerState.java:run(143)) - a928fc34-d4b3-4f47-b859-83818f25ed6e@group-C2DAA97EBB05-FollowerState was interrupted: {}
java.lang.InterruptedException: sleep interrupted
	at java.lang.Thread.sleep(Native Method)
	at java.lang.Thread.sleep(Thread.java:340)
	at java.util.concurrent.TimeUnit.sleep(TimeUnit.java:386)
	at org.apache.ratis.util.TimeDuration.sleep(TimeDuration.java:324)
	at org.apache.ratis.util.TimeDuration.sleep(TimeDuration.java:309)
	at org.apache.ratis.server.impl.FollowerState.run(FollowerState.java:118)
2021-10-12 06:05:43,290 [grpc-default-executor-4] INFO  server.RaftServer$Division (RaftServerImpl.java:requestVote(1075)) - a928fc34-d4b3-4f47-b859-83818f25ed6e@group-C2DAA97EBB05 replies to ELECTION vote request: 69929a81-75b5-4e59-a9cb-c7e6f0fb6fd6<-a928fc34-d4b3-4f47-b859-83818f25ed6e#0:OK-t2. Peer's state: a928fc34-d4b3-4f47-b859-83818f25ed6e@group-C2DAA97EBB05:t2, leader=null, voted=69929a81-75b5-4e59-a9cb-c7e6f0fb6fd6, raftlog=a928fc34-d4b3-4f47-b859-83818f25ed6e@group-C2DAA97EBB05-SegmentedRaftLog:OPENED:c-1,f-1,i0, conf=-1: [69929a81-75b5-4e59-a9cb-c7e6f0fb6fd6|rpc:10.1.0.59:40555|dataStream:|priority:1, a928fc34-d4b3-4f47-b859-83818f25ed6e|rpc:10.1.0.59:35709|dataStream:|priority:0, f6edce37-208d-40f1-ab7e-323414b00593|rpc:10.1.0.59:35829|dataStream:|priority:0], old=null
2021-10-12 06:05:43,290 [69929a81-75b5-4e59-a9cb-c7e6f0fb6fd6@group-C2DAA97EBB05-LeaderElection93] INFO  impl.LeaderElection (LeaderElection.java:logAndReturn(89)) - 69929a81-75b5-4e59-a9cb-c7e6f0fb6fd6@group-C2DAA97EBB05-LeaderElection93: ELECTION PASSED received 1 response(s) and 0 exception(s):
2021-10-12 06:05:43,290 [69929a81-75b5-4e59-a9cb-c7e6f0fb6fd6@group-C2DAA97EBB05-LeaderElection93] INFO  impl.LeaderElection (LeaderElection.java:logAndReturn(93)) -   Response 0: 69929a81-75b5-4e59-a9cb-c7e6f0fb6fd6<-a928fc34-d4b3-4f47-b859-83818f25ed6e#0:OK-t2
2021-10-12 06:05:43,291 [69929a81-75b5-4e59-a9cb-c7e6f0fb6fd6@group-C2DAA97EBB05-LeaderElection93] INFO  impl.LeaderElection (LeaderElection.java:askForVotes(308)) - 69929a81-75b5-4e59-a9cb-c7e6f0fb6fd6@group-C2DAA97EBB05-LeaderElection93 ELECTION round 0: result PASSED
2021-10-12 06:05:43,291 [69929a81-75b5-4e59-a9cb-c7e6f0fb6fd6@group-C2DAA97EBB05-LeaderElection93] INFO  impl.RoleInfo (RoleInfo.java:shutdownLeaderElection(121)) - 69929a81-75b5-4e59-a9cb-c7e6f0fb6fd6: shutdown 69929a81-75b5-4e59-a9cb-c7e6f0fb6fd6@group-C2DAA97EBB05-LeaderElection93
2021-10-12 06:05:43,291 [69929a81-75b5-4e59-a9cb-c7e6f0fb6fd6@group-C2DAA97EBB05-LeaderElection93] INFO  server.RaftServer$Division (RaftServerImpl.java:setRole(285)) - 69929a81-75b5-4e59-a9cb-c7e6f0fb6fd6@group-C2DAA97EBB05: changes role from CANDIDATE to LEADER at term 2 for changeToLeader
2021-10-12 06:05:43,291 [69929a81-75b5-4e59-a9cb-c7e6f0fb6fd6@group-C2DAA97EBB05-LeaderElection93] INFO  ratis.XceiverServerRatis (XceiverServerRatis.java:handleLeaderChangedNotification(861)) - Leader change notification received for group: group-C2DAA97EBB05 with new leaderId: 69929a81-75b5-4e59-a9cb-c7e6f0fb6fd6
2021-10-12 06:05:43,291 [69929a81-75b5-4e59-a9cb-c7e6f0fb6fd6@group-C2DAA97EBB05-LeaderElection93] INFO  server.RaftServer$Division (ServerState.java:setLeader(285)) - 69929a81-75b5-4e59-a9cb-c7e6f0fb6fd6@group-C2DAA97EBB05: change Leader from null to 69929a81-75b5-4e59-a9cb-c7e6f0fb6fd6 at term 2 for becomeLeader, leader elected after 10260ms
2021-10-12 06:05:43,291 [69929a81-75b5-4e59-a9cb-c7e6f0fb6fd6@group-C2DAA97EBB05-LeaderElection93] INFO  server.RaftServerConfigKeys (ConfUtils.java:logGet(44)) - raft.server.staging.catchup.gap = 1000 (default)
2021-10-12 06:05:43,291 [69929a81-75b5-4e59-a9cb-c7e6f0fb6fd6@group-C2DAA97EBB05-LeaderElection93] INFO  server.RaftServerConfigKeys (ConfUtils.java:logGet(44)) - raft.server.write.element-limit = 1024 (custom)
2021-10-12 06:05:43,291 [69929a81-75b5-4e59-a9cb-c7e6f0fb6fd6@group-C2DAA97EBB05-LeaderElection93] INFO  server.RaftServerConfigKeys (ConfUtils.java:logGet(44)) - raft.server.write.byte-limit = 1024 M (=1073741824) (custom)
2021-10-12 06:05:43,291 [69929a81-75b5-4e59-a9cb-c7e6f0fb6fd6@group-C2DAA97EBB05-LeaderElection93] INFO  server.RaftServerConfigKeys (ConfUtils.java:logGet(44)) - raft.server.watch.timeout = 3000ms (custom)
2021-10-12 06:05:43,291 [69929a81-75b5-4e59-a9cb-c7e6f0fb6fd6@group-C2DAA97EBB05-LeaderElection93] INFO  server.RaftServerConfigKeys (ConfUtils.java:logGet(44)) - raft.server.watch.timeout.denomination = 1s (default)
2021-10-12 06:05:43,291 [69929a81-75b5-4e59-a9cb-c7e6f0fb6fd6@group-C2DAA97EBB05-LeaderElection93] INFO  server.RaftServerConfigKeys (ConfUtils.java:logGet(44)) - raft.server.watch.element-limit = 65536 (default)
2021-10-12 06:05:43,292 [69929a81-75b5-4e59-a9cb-c7e6f0fb6fd6@group-C2DAA97EBB05-LeaderElection93] INFO  server.RaftServerConfigKeys (ConfUtils.java:logGet(44)) - raft.server.log.appender.snapshot.chunk.size.max = 16MB (=16777216) (default)
2021-10-12 06:05:43,292 [69929a81-75b5-4e59-a9cb-c7e6f0fb6fd6@group-C2DAA97EBB05-LeaderElection93] INFO  server.RaftServerConfigKeys (ConfUtils.java:logGet(44)) - raft.server.log.appender.buffer.byte-limit = 33554432 (custom)
2021-10-12 06:05:43,292 [69929a81-75b5-4e59-a9cb-c7e6f0fb6fd6@group-C2DAA97EBB05-LeaderElection93] INFO  server.RaftServerConfigKeys (ConfUtils.java:logGet(44)) - raft.server.log.appender.buffer.element-limit = 1 (custom)
2021-10-12 06:05:43,292 [69929a81-75b5-4e59-a9cb-c7e6f0fb6fd6@group-C2DAA97EBB05-LeaderElection93] INFO  grpc.GrpcConfigKeys (ConfUtils.java:logGet(44)) - raft.grpc.server.leader.outstanding.appends.max = 128 (default)
2021-10-12 06:05:43,292 [69929a81-75b5-4e59-a9cb-c7e6f0fb6fd6@group-C2DAA97EBB05-LeaderElection93] INFO  server.RaftServerConfigKeys (ConfUtils.java:logGet(44)) - raft.server.rpc.request.timeout = 3000ms (default)
2021-10-12 06:05:43,292 [69929a81-75b5-4e59-a9cb-c7e6f0fb6fd6@group-C2DAA97EBB05-LeaderElection93] INFO  server.RaftServerConfigKeys (ConfUtils.java:logGet(44)) - raft.server.log.appender.install.snapshot.enabled = false (custom)
2021-10-12 06:05:43,293 [69929a81-75b5-4e59-a9cb-c7e6f0fb6fd6@group-C2DAA97EBB05-LeaderElection93] INFO  server.RaftServerConfigKeys (ConfUtils.java:logGet(44)) - raft.server.log.appender.snapshot.chunk.size.max = 16MB (=16777216) (default)
2021-10-12 06:05:43,293 [69929a81-75b5-4e59-a9cb-c7e6f0fb6fd6@group-C2DAA97EBB05-LeaderElection93] INFO  server.RaftServerConfigKeys (ConfUtils.java:logGet(44)) - raft.server.log.appender.buffer.byte-limit = 33554432 (custom)
2021-10-12 06:05:43,293 [69929a81-75b5-4e59-a9cb-c7e6f0fb6fd6@group-C2DAA97EBB05-LeaderElection93] INFO  server.RaftServerConfigKeys (ConfUtils.java:logGet(44)) - raft.server.log.appender.buffer.element-limit = 1 (custom)
2021-10-12 06:05:43,293 [69929a81-75b5-4e59-a9cb-c7e6f0fb6fd6@group-C2DAA97EBB05-LeaderElection93] INFO  grpc.GrpcConfigKeys (ConfUtils.java:logGet(44)) - raft.grpc.server.leader.outstanding.appends.max = 128 (default)
2021-10-12 06:05:43,293 [69929a81-75b5-4e59-a9cb-c7e6f0fb6fd6@group-C2DAA97EBB05-LeaderElection93] INFO  server.RaftServerConfigKeys (ConfUtils.java:logGet(44)) - raft.server.rpc.request.timeout = 3000ms (default)
2021-10-12 06:05:43,293 [69929a81-75b5-4e59-a9cb-c7e6f0fb6fd6@group-C2DAA97EBB05-LeaderElection93] INFO  server.RaftServerConfigKeys (ConfUtils.java:logGet(44)) - raft.server.log.appender.install.snapshot.enabled = false (custom)
2021-10-12 06:05:43,294 [69929a81-75b5-4e59-a9cb-c7e6f0fb6fd6@group-C2DAA97EBB05-LeaderElection93] INFO  impl.RoleInfo (RoleInfo.java:updateAndGet(130)) - 69929a81-75b5-4e59-a9cb-c7e6f0fb6fd6: start 69929a81-75b5-4e59-a9cb-c7e6f0fb6fd6@group-C2DAA97EBB05-LeaderStateImpl
2021-10-12 06:05:43,295 [69929a81-75b5-4e59-a9cb-c7e6f0fb6fd6@group-C2DAA97EBB05-LeaderElection93] INFO  segmented.SegmentedRaftLogWorker (SegmentedRaftLogWorker.java:startLogSegment(394)) - 69929a81-75b5-4e59-a9cb-c7e6f0fb6fd6@group-C2DAA97EBB05-SegmentedRaftLogWorker: Starting segment from index:0
2021-10-12 06:05:43,297 [grpc-default-executor-3] INFO  ratis.XceiverServerRatis (XceiverServerRatis.java:handleLeaderChangedNotification(861)) - Leader change notification received for group: group-C2DAA97EBB05 with new leaderId: 69929a81-75b5-4e59-a9cb-c7e6f0fb6fd6
2021-10-12 06:05:43,297 [grpc-default-executor-3] INFO  server.RaftServer$Division (ServerState.java:setLeader(285)) - a928fc34-d4b3-4f47-b859-83818f25ed6e@group-C2DAA97EBB05: change Leader from null to 69929a81-75b5-4e59-a9cb-c7e6f0fb6fd6 at term 2 for appendEntries, leader elected after 10234ms
2021-10-12 06:05:43,298 [69929a81-75b5-4e59-a9cb-c7e6f0fb6fd6@group-C2DAA97EBB05-LeaderElection93] INFO  server.RaftServer$Division (ServerState.java:setRaftConf(387)) - 69929a81-75b5-4e59-a9cb-c7e6f0fb6fd6@group-C2DAA97EBB05: set configuration 0: [69929a81-75b5-4e59-a9cb-c7e6f0fb6fd6|rpc:10.1.0.59:40555|dataStream:|priority:1, a928fc34-d4b3-4f47-b859-83818f25ed6e|rpc:10.1.0.59:35709|dataStream:|priority:0, f6edce37-208d-40f1-ab7e-323414b00593|rpc:10.1.0.59:35829|dataStream:|priority:0], old=null
2021-10-12 06:05:43,298 [Datanode State Machine Thread - 0] WARN  statemachine.StateContext (StateContext.java:execute(621)) - No available thread in pool for past 1 seconds.
2021-10-12 06:05:43,299 [EventQueue-PipelineReportForPipelineReportHandler] INFO  pipeline.PipelineManagerImpl (PipelineManagerImpl.java:openPipeline(282)) - Pipeline Pipeline[ Id: 7390dcda-dbd8-4381-851a-c2daa97ebb05, Nodes: f6edce37-208d-40f1-ab7e-323414b00593{ip: 10.1.0.59, host: fv-az297-361.nmf1rxwemy4u5di1sxxf4ejcwb.jx.internal.cloudapp.net, ports: [REPLICATION=37231, RATIS=35829, RATIS_ADMIN=35829, RATIS_SERVER=35829, STANDALONE=34061], networkLocation: /default-rack, certSerialId: null, persistedOpState: IN_SERVICE, persistedOpStateExpiryEpochSec: 0}a928fc34-d4b3-4f47-b859-83818f25ed6e{ip: 10.1.0.59, host: fv-az297-361.nmf1rxwemy4u5di1sxxf4ejcwb.jx.internal.cloudapp.net, ports: [REPLICATION=46425, RATIS=35709, RATIS_ADMIN=35709, RATIS_SERVER=35709, STANDALONE=38129], networkLocation: /default-rack, certSerialId: null, persistedOpState: IN_SERVICE, persistedOpStateExpiryEpochSec: 0}69929a81-75b5-4e59-a9cb-c7e6f0fb6fd6{ip: 10.1.0.59, host: fv-az297-361.nmf1rxwemy4u5di1sxxf4ejcwb.jx.internal.cloudapp.net, ports: [REPLICATION=46479, RATIS=40555, RATIS_ADMIN=40555, RATIS_SERVER=40555, STANDALONE=34613], networkLocation: /default-rack, certSerialId: null, persistedOpState: IN_SERVICE, persistedOpStateExpiryEpochSec: 0}, ReplicationConfig: RATIS/THREE, State:ALLOCATED, leaderId:69929a81-75b5-4e59-a9cb-c7e6f0fb6fd6, CreationTimestamp2021-10-12T06:05:30.355Z[Etc/UTC]] moved to OPEN state
2021-10-12 06:05:43,300 [69929a81-75b5-4e59-a9cb-c7e6f0fb6fd6@group-C2DAA97EBB05-SegmentedRaftLogWorker] INFO  segmented.SegmentedRaftLogWorker (SegmentedRaftLogWorker.java:execute(601)) - 69929a81-75b5-4e59-a9cb-c7e6f0fb6fd6@group-C2DAA97EBB05-SegmentedRaftLogWorker: created new log segment /home/runner/work/ozone/ozone/hadoop-ozone/integration-test/target/test-dir/MiniOzoneClusterImpl-c6dc50ab-6fac-4554-b78d-9440f3e38bfb/datanode-0/data/ratis/7390dcda-dbd8-4381-851a-c2daa97ebb05/current/log_inprogress_0
2021-10-12 06:05:43,300 [grpc-default-executor-1] INFO  ratis.XceiverServerRatis (XceiverServerRatis.java:handleLeaderChangedNotification(861)) - Leader change notification received for group: group-C2DAA97EBB05 with new leaderId: 69929a81-75b5-4e59-a9cb-c7e6f0fb6fd6
2021-10-12 06:05:43,301 [grpc-default-executor-1] INFO  server.RaftServer$Division (ServerState.java:setLeader(285)) - f6edce37-208d-40f1-ab7e-323414b00593@group-C2DAA97EBB05: change Leader from null to 69929a81-75b5-4e59-a9cb-c7e6f0fb6fd6 at term 2 for appendEntries, leader elected after 10387ms
2021-10-12 06:05:43,305 [grpc-default-executor-4] INFO  server.RaftServer$Division (ServerState.java:setRaftConf(387)) - f6edce37-208d-40f1-ab7e-323414b00593@group-C2DAA97EBB05: set configuration 0: [69929a81-75b5-4e59-a9cb-c7e6f0fb6fd6|rpc:10.1.0.59:40555|dataStream:|priority:1, a928fc34-d4b3-4f47-b859-83818f25ed6e|rpc:10.1.0.59:35709|dataStream:|priority:0, f6edce37-208d-40f1-ab7e-323414b00593|rpc:10.1.0.59:35829|dataStream:|priority:0], old=null
2021-10-12 06:05:43,305 [grpc-default-executor-4] INFO  segmented.SegmentedRaftLogWorker (SegmentedRaftLogWorker.java:startLogSegment(394)) - f6edce37-208d-40f1-ab7e-323414b00593@group-C2DAA97EBB05-SegmentedRaftLogWorker: Starting segment from index:0
2021-10-12 06:05:43,307 [f6edce37-208d-40f1-ab7e-323414b00593@group-C2DAA97EBB05-SegmentedRaftLogWorker] INFO  segmented.SegmentedRaftLogWorker (SegmentedRaftLogWorker.java:execute(601)) - f6edce37-208d-40f1-ab7e-323414b00593@group-C2DAA97EBB05-SegmentedRaftLogWorker: created new log segment /home/runner/work/ozone/ozone/hadoop-ozone/integration-test/target/test-dir/MiniOzoneClusterImpl-c6dc50ab-6fac-4554-b78d-9440f3e38bfb/datanode-1/data/ratis/7390dcda-dbd8-4381-851a-c2daa97ebb05/current/log_inprogress_0
2021-10-12 06:05:43,324 [grpc-default-executor-4] INFO  server.RaftServer$Division (RaftServerImpl.java:requestVote(1043)) - f6edce37-208d-40f1-ab7e-323414b00593@group-C2DAA97EBB05: receive requestVote(ELECTION, 69929a81-75b5-4e59-a9cb-c7e6f0fb6fd6, group-C2DAA97EBB05, 2, (t:0, i:0))
2021-10-12 06:05:43,325 [grpc-default-executor-4] INFO  impl.VoteContext (VoteContext.java:log(48)) - f6edce37-208d-40f1-ab7e-323414b00593@group-C2DAA97EBB05-FOLLOWER: reject ELECTION from 69929a81-75b5-4e59-a9cb-c7e6f0fb6fd6: this server is a follower and still has a valid leader 69929a81-75b5-4e59-a9cb-c7e6f0fb6fd6
2021-10-12 06:05:43,325 [grpc-default-executor-4] INFO  server.RaftServer$Division (RaftServerImpl.java:requestVote(1075)) - f6edce37-208d-40f1-ab7e-323414b00593@group-C2DAA97EBB05 replies to ELECTION vote request: 69929a81-75b5-4e59-a9cb-c7e6f0fb6fd6<-f6edce37-208d-40f1-ab7e-323414b00593#0:FAIL-t2. Peer's state: f6edce37-208d-40f1-ab7e-323414b00593@group-C2DAA97EBB05:t2, leader=69929a81-75b5-4e59-a9cb-c7e6f0fb6fd6, voted=null, raftlog=f6edce37-208d-40f1-ab7e-323414b00593@group-C2DAA97EBB05-SegmentedRaftLog:OPENED:c-1,f0,i0, conf=0: [69929a81-75b5-4e59-a9cb-c7e6f0fb6fd6|rpc:10.1.0.59:40555|dataStream:|priority:1, a928fc34-d4b3-4f47-b859-83818f25ed6e|rpc:10.1.0.59:35709|dataStream:|priority:0, f6edce37-208d-40f1-ab7e-323414b00593|rpc:10.1.0.59:35829|dataStream:|priority:0], old=null
2021-10-12 06:05:43,346 [grpc-default-executor-3] INFO  server.RaftServer$Division (ServerState.java:setRaftConf(387)) - a928fc34-d4b3-4f47-b859-83818f25ed6e@group-C2DAA97EBB05: set configuration 0: [69929a81-75b5-4e59-a9cb-c7e6f0fb6fd6|rpc:10.1.0.59:40555|dataStream:|priority:1, a928fc34-d4b3-4f47-b859-83818f25ed6e|rpc:10.1.0.59:35709|dataStream:|priority:0, f6edce37-208d-40f1-ab7e-323414b00593|rpc:10.1.0.59:35829|dataStream:|priority:0], old=null
2021-10-12 06:05:43,347 [grpc-default-executor-3] INFO  segmented.SegmentedRaftLogWorker (SegmentedRaftLogWorker.java:startLogSegment(394)) - a928fc34-d4b3-4f47-b859-83818f25ed6e@group-C2DAA97EBB05-SegmentedRaftLogWorker: Starting segment from index:0
2021-10-12 06:05:43,348 [a928fc34-d4b3-4f47-b859-83818f25ed6e@group-C2DAA97EBB05-SegmentedRaftLogWorker] INFO  segmented.SegmentedRaftLogWorker (SegmentedRaftLogWorker.java:execute(601)) - a928fc34-d4b3-4f47-b859-83818f25ed6e@group-C2DAA97EBB05-SegmentedRaftLogWorker: created new log segment /home/runner/work/ozone/ozone/hadoop-ozone/integration-test/target/test-dir/MiniOzoneClusterImpl-c6dc50ab-6fac-4554-b78d-9440f3e38bfb/datanode-2/data/ratis/7390dcda-dbd8-4381-851a-c2daa97ebb05/current/log_inprogress_0
2021-10-12 06:05:44,009 [Listener at 127.0.0.1/38829] INFO  ozoneimpl.OzoneContainer (OzoneContainer.java:stop(325)) - Attempting to stop container services.
2021-10-12 06:05:44,014 [Listener at 127.0.0.1/38829] INFO  server.RaftServer (RaftServerProxy.java:lambda$close$6(391)) - f6edce37-208d-40f1-ab7e-323414b00593: close
2021-10-12 06:05:44,019 [Listener at 127.0.0.1/38829] INFO  server.RaftServer$Division (RaftServerImpl.java:lambda$close$4(407)) - f6edce37-208d-40f1-ab7e-323414b00593@group-D75B06A36D76: shutdown
2021-10-12 06:05:44,019 [Listener at 127.0.0.1/38829] INFO  util.JmxRegister (JmxRegister.java:unregister(73)) - Successfully un-registered JMX Bean with object name Ratis:service=RaftServer,group=group-D75B06A36D76,id=f6edce37-208d-40f1-ab7e-323414b00593
2021-10-12 06:05:44,019 [Listener at 127.0.0.1/38829] INFO  impl.RoleInfo (RoleInfo.java:shutdownLeaderState(91)) - f6edce37-208d-40f1-ab7e-323414b00593: shutdown f6edce37-208d-40f1-ab7e-323414b00593@group-D75B06A36D76-LeaderStateImpl
2021-10-12 06:05:44,019 [Listener at 127.0.0.1/38829] INFO  impl.PendingRequests (PendingRequests.java:sendNotLeaderResponses(282)) - f6edce37-208d-40f1-ab7e-323414b00593@group-D75B06A36D76-PendingRequests: sendNotLeaderResponses
2021-10-12 06:05:44,020 [Listener at 127.0.0.1/38829] INFO  impl.StateMachineUpdater (StateMachineUpdater.java:stopAndJoin(149)) - f6edce37-208d-40f1-ab7e-323414b00593@group-D75B06A36D76-StateMachineUpdater: set stopIndex = 0
2021-10-12 06:05:44,020 [f6edce37-208d-40f1-ab7e-323414b00593@group-D75B06A36D76->a928fc34-d4b3-4f47-b859-83818f25ed6e-GrpcLogAppender-LogAppenderDaemon] WARN  server.GrpcLogAppender (GrpcLogAppender.java:mayWait(175)) - f6edce37-208d-40f1-ab7e-323414b00593@group-D75B06A36D76->a928fc34-d4b3-4f47-b859-83818f25ed6e-GrpcLogAppender: Wait interrupted by java.lang.InterruptedException
2021-10-12 06:05:44,020 [f6edce37-208d-40f1-ab7e-323414b00593@group-D75B06A36D76-StateMachineUpdater] INFO  ratis.ContainerStateMachine (ContainerStateMachine.java:takeSnapshot(292)) - group-D75B06A36D76: Taking a snapshot at:(t:1, i:0) file /home/runner/work/ozone/ozone/hadoop-ozone/integration-test/target/test-dir/MiniOzoneClusterImpl-c6dc50ab-6fac-4554-b78d-9440f3e38bfb/datanode-1/data/ratis/9543044a-5f3d-4b0d-98d7-d75b06a36d76/sm/snapshot.1_0
2021-10-12 06:05:44,021 [grpc-default-executor-3] INFO  server.GrpcServerProtocolService (GrpcServerProtocolService.java:onCompleted(140)) - a928fc34-d4b3-4f47-b859-83818f25ed6e: Completed APPEND_ENTRIES, lastRequest: f6edce37-208d-40f1-ab7e-323414b00593->a928fc34-d4b3-4f47-b859-83818f25ed6e#1-t1,previous=(t:0, i:0),leaderCommit=0,initializing? true,entries: size=1, first=(t:1, i:0), CONFIGURATIONENTRY
2021-10-12 06:05:44,021 [f6edce37-208d-40f1-ab7e-323414b00593@group-D75B06A36D76-StateMachineUpdater] INFO  ratis.ContainerStateMachine (ContainerStateMachine.java:takeSnapshot(303)) - group-D75B06A36D76: Finished taking a snapshot at:(t:1, i:0) file:/home/runner/work/ozone/ozone/hadoop-ozone/integration-test/target/test-dir/MiniOzoneClusterImpl-c6dc50ab-6fac-4554-b78d-9440f3e38bfb/datanode-1/data/ratis/9543044a-5f3d-4b0d-98d7-d75b06a36d76/sm/snapshot.1_0 took: 2 ms
2021-10-12 06:05:44,022 [f6edce37-208d-40f1-ab7e-323414b00593@group-D75B06A36D76-StateMachineUpdater] INFO  impl.StateMachineUpdater (StateMachineUpdater.java:takeSnapshot(281)) - f6edce37-208d-40f1-ab7e-323414b00593@group-D75B06A36D76-StateMachineUpdater: Took a snapshot at index 0
2021-10-12 06:05:44,022 [f6edce37-208d-40f1-ab7e-323414b00593@group-D75B06A36D76-StateMachineUpdater] INFO  impl.StateMachineUpdater (StateMachineUpdater.java:lambda$new$0(89)) - f6edce37-208d-40f1-ab7e-323414b00593@group-D75B06A36D76-StateMachineUpdater: snapshotIndex: updateIncreasingly -1 -> 0
2021-10-12 06:05:44,022 [grpc-default-executor-4] INFO  server.GrpcLogAppender (GrpcLogAppender.java:onCompleted(344)) - f6edce37-208d-40f1-ab7e-323414b00593@group-D75B06A36D76->a928fc34-d4b3-4f47-b859-83818f25ed6e-AppendLogResponseHandler: follower responses appendEntries COMPLETED
2021-10-12 06:05:44,022 [grpc-default-executor-4] INFO  leader.FollowerInfo (FollowerInfoImpl.java:lambda$new$0(46)) - f6edce37-208d-40f1-ab7e-323414b00593@group-D75B06A36D76->a928fc34-d4b3-4f47-b859-83818f25ed6e: nextIndex: updateUnconditionally 1 -> 0
2021-10-12 06:05:44,024 [Listener at 127.0.0.1/38829] INFO  server.RaftServer$Division (ServerState.java:close(419)) - f6edce37-208d-40f1-ab7e-323414b00593@group-D75B06A36D76: closes. applyIndex: 0
2021-10-12 06:05:44,024 [f6edce37-208d-40f1-ab7e-323414b00593@group-D75B06A36D76-SegmentedRaftLogWorker] INFO  segmented.SegmentedRaftLogWorker (SegmentedRaftLogWorker.java:run(327)) - f6edce37-208d-40f1-ab7e-323414b00593@group-D75B06A36D76-SegmentedRaftLogWorker was interrupted, exiting. There are 0 tasks remaining in the queue.
2021-10-12 06:05:44,026 [Listener at 127.0.0.1/38829] INFO  segmented.SegmentedRaftLogWorker (SegmentedRaftLogWorker.java:close(237)) - f6edce37-208d-40f1-ab7e-323414b00593@group-D75B06A36D76-SegmentedRaftLogWorker close()
2021-10-12 06:05:44,028 [Listener at 127.0.0.1/38829] INFO  server.RaftServer$Division (RaftServerImpl.java:lambda$close$4(407)) - f6edce37-208d-40f1-ab7e-323414b00593@group-C2DAA97EBB05: shutdown
2021-10-12 06:05:44,028 [Listener at 127.0.0.1/38829] INFO  util.JmxRegister (JmxRegister.java:unregister(73)) - Successfully un-registered JMX Bean with object name Ratis:service=RaftServer,group=group-C2DAA97EBB05,id=f6edce37-208d-40f1-ab7e-323414b00593
2021-10-12 06:05:44,028 [Listener at 127.0.0.1/38829] INFO  impl.RoleInfo (RoleInfo.java:shutdownFollowerState(108)) - f6edce37-208d-40f1-ab7e-323414b00593: shutdown f6edce37-208d-40f1-ab7e-323414b00593@group-C2DAA97EBB05-FollowerState
2021-10-12 06:05:44,028 [Listener at 127.0.0.1/38829] INFO  impl.StateMachineUpdater (StateMachineUpdater.java:stopAndJoin(149)) - f6edce37-208d-40f1-ab7e-323414b00593@group-C2DAA97EBB05-StateMachineUpdater: set stopIndex = -1
2021-10-12 06:05:44,028 [Listener at 127.0.0.1/38829] INFO  server.RaftServer$Division (ServerState.java:close(419)) - f6edce37-208d-40f1-ab7e-323414b00593@group-C2DAA97EBB05: closes. applyIndex: -1
2021-10-12 06:05:44,029 [f6edce37-208d-40f1-ab7e-323414b00593@group-C2DAA97EBB05-SegmentedRaftLogWorker] INFO  segmented.SegmentedRaftLogWorker (SegmentedRaftLogWorker.java:run(327)) - f6edce37-208d-40f1-ab7e-323414b00593@group-C2DAA97EBB05-SegmentedRaftLogWorker was interrupted, exiting. There are 0 tasks remaining in the queue.
2021-10-12 06:05:44,029 [f6edce37-208d-40f1-ab7e-323414b00593@group-C2DAA97EBB05-FollowerState] INFO  impl.FollowerState (FollowerState.java:run(143)) - f6edce37-208d-40f1-ab7e-323414b00593@group-C2DAA97EBB05-FollowerState was interrupted: {}
java.lang.InterruptedException: sleep interrupted
	at java.lang.Thread.sleep(Native Method)
	at java.lang.Thread.sleep(Thread.java:340)
	at java.util.concurrent.TimeUnit.sleep(TimeUnit.java:386)
	at org.apache.ratis.util.TimeDuration.sleep(TimeDuration.java:324)
	at org.apache.ratis.util.TimeDuration.sleep(TimeDuration.java:309)
	at org.apache.ratis.server.impl.FollowerState.run(FollowerState.java:118)
2021-10-12 06:05:44,034 [Listener at 127.0.0.1/38829] INFO  segmented.SegmentedRaftLogWorker (SegmentedRaftLogWorker.java:close(237)) - f6edce37-208d-40f1-ab7e-323414b00593@group-C2DAA97EBB05-SegmentedRaftLogWorker close()
2021-10-12 06:05:44,038 [f6edce37-208d-40f1-ab7e-323414b00593@group-D75B06A36D76->69929a81-75b5-4e59-a9cb-c7e6f0fb6fd6-GrpcLogAppender-LogAppenderDaemon] WARN  server.GrpcLogAppender (GrpcLogAppender.java:mayWait(175)) - f6edce37-208d-40f1-ab7e-323414b00593@group-D75B06A36D76->69929a81-75b5-4e59-a9cb-c7e6f0fb6fd6-GrpcLogAppender: Wait interrupted by java.lang.InterruptedException
2021-10-12 06:05:44,040 [grpc-default-executor-3] INFO  server.GrpcServerProtocolService (GrpcServerProtocolService.java:onCompleted(140)) - 69929a81-75b5-4e59-a9cb-c7e6f0fb6fd6: Completed APPEND_ENTRIES, lastRequest: f6edce37-208d-40f1-ab7e-323414b00593->69929a81-75b5-4e59-a9cb-c7e6f0fb6fd6#1-t1,previous=(t:0, i:0),leaderCommit=0,initializing? true,entries: size=1, first=(t:1, i:0), CONFIGURATIONENTRY
2021-10-12 06:05:44,041 [grpc-default-executor-4] INFO  server.GrpcLogAppender (GrpcLogAppender.java:onCompleted(344)) - f6edce37-208d-40f1-ab7e-323414b00593@group-D75B06A36D76->69929a81-75b5-4e59-a9cb-c7e6f0fb6fd6-AppendLogResponseHandler: follower responses appendEntries COMPLETED
2021-10-12 06:05:44,041 [grpc-default-executor-4] INFO  leader.FollowerInfo (FollowerInfoImpl.java:lambda$new$0(46)) - f6edce37-208d-40f1-ab7e-323414b00593@group-D75B06A36D76->69929a81-75b5-4e59-a9cb-c7e6f0fb6fd6: nextIndex: updateUnconditionally 1 -> 0
2021-10-12 06:05:44,043 [Listener at 127.0.0.1/38829] INFO  server.RaftServer$Division (RaftServerImpl.java:lambda$close$4(407)) - f6edce37-208d-40f1-ab7e-323414b00593@group-75F6817CE003: shutdown
2021-10-12 06:05:44,043 [Listener at 127.0.0.1/38829] INFO  util.JmxRegister (JmxRegister.java:unregister(73)) - Successfully un-registered JMX Bean with object name Ratis:service=RaftServer,group=group-75F6817CE003,id=f6edce37-208d-40f1-ab7e-323414b00593
2021-10-12 06:05:44,043 [Listener at 127.0.0.1/38829] INFO  impl.RoleInfo (RoleInfo.java:shutdownLeaderState(91)) - f6edce37-208d-40f1-ab7e-323414b00593: shutdown f6edce37-208d-40f1-ab7e-323414b00593@group-75F6817CE003-LeaderStateImpl
2021-10-12 06:05:44,043 [Listener at 127.0.0.1/38829] INFO  impl.PendingRequests (PendingRequests.java:sendNotLeaderResponses(282)) - f6edce37-208d-40f1-ab7e-323414b00593@group-75F6817CE003-PendingRequests: sendNotLeaderResponses
2021-10-12 06:05:44,055 [f6edce37-208d-40f1-ab7e-323414b00593@group-75F6817CE003-StateMachineUpdater] INFO  ratis.ContainerStateMachine (ContainerStateMachine.java:takeSnapshot(292)) - group-75F6817CE003: Taking a snapshot at:(t:1, i:11) file /home/runner/work/ozone/ozone/hadoop-ozone/integration-test/target/test-dir/MiniOzoneClusterImpl-c6dc50ab-6fac-4554-b78d-9440f3e38bfb/datanode-1/data/ratis/16439a66-d4b8-45be-a9c3-75f6817ce003/sm/snapshot.1_11
2021-10-12 06:05:44,056 [Listener at 127.0.0.1/38829] INFO  impl.StateMachineUpdater (StateMachineUpdater.java:stopAndJoin(149)) - f6edce37-208d-40f1-ab7e-323414b00593@group-75F6817CE003-StateMachineUpdater: set stopIndex = 11
2021-10-12 06:05:44,057 [f6edce37-208d-40f1-ab7e-323414b00593@group-75F6817CE003-StateMachineUpdater] INFO  ratis.ContainerStateMachine (ContainerStateMachine.java:takeSnapshot(303)) - group-75F6817CE003: Finished taking a snapshot at:(t:1, i:11) file:/home/runner/work/ozone/ozone/hadoop-ozone/integration-test/target/test-dir/MiniOzoneClusterImpl-c6dc50ab-6fac-4554-b78d-9440f3e38bfb/datanode-1/data/ratis/16439a66-d4b8-45be-a9c3-75f6817ce003/sm/snapshot.1_11 took: 2 ms
2021-10-12 06:05:44,057 [f6edce37-208d-40f1-ab7e-323414b00593@group-75F6817CE003-StateMachineUpdater] INFO  impl.StateMachineUpdater (StateMachineUpdater.java:takeSnapshot(281)) - f6edce37-208d-40f1-ab7e-323414b00593@group-75F6817CE003-StateMachineUpdater: Took a snapshot at index 11
2021-10-12 06:05:44,057 [f6edce37-208d-40f1-ab7e-323414b00593@group-75F6817CE003-StateMachineUpdater] INFO  impl.StateMachineUpdater (StateMachineUpdater.java:lambda$new$0(89)) - f6edce37-208d-40f1-ab7e-323414b00593@group-75F6817CE003-StateMachineUpdater: snapshotIndex: updateIncreasingly -1 -> 11
2021-10-12 06:05:44,057 [Listener at 127.0.0.1/38829] INFO  server.RaftServer$Division (ServerState.java:close(419)) - f6edce37-208d-40f1-ab7e-323414b00593@group-75F6817CE003: closes. applyIndex: 11
2021-10-12 06:05:44,057 [f6edce37-208d-40f1-ab7e-323414b00593@group-75F6817CE003-SegmentedRaftLogWorker] INFO  segmented.SegmentedRaftLogWorker (SegmentedRaftLogWorker.java:run(327)) - f6edce37-208d-40f1-ab7e-323414b00593@group-75F6817CE003-SegmentedRaftLogWorker was interrupted, exiting. There are 0 tasks remaining in the queue.
2021-10-12 06:05:44,058 [Listener at 127.0.0.1/38829] INFO  segmented.SegmentedRaftLogWorker (SegmentedRaftLogWorker.java:close(237)) - f6edce37-208d-40f1-ab7e-323414b00593@group-75F6817CE003-SegmentedRaftLogWorker close()
2021-10-12 06:05:44,060 [Listener at 127.0.0.1/38829] INFO  server.RaftServer$Division (RaftServerImpl.java:lambda$close$4(407)) - f6edce37-208d-40f1-ab7e-323414b00593@group-AB0AE3F98C36: shutdown
2021-10-12 06:05:44,060 [Listener at 127.0.0.1/38829] INFO  util.JmxRegister (JmxRegister.java:unregister(73)) - Successfully un-registered JMX Bean with object name Ratis:service=RaftServer,group=group-AB0AE3F98C36,id=f6edce37-208d-40f1-ab7e-323414b00593
2021-10-12 06:05:44,060 [Listener at 127.0.0.1/38829] INFO  impl.RoleInfo (RoleInfo.java:shutdownFollowerState(108)) - f6edce37-208d-40f1-ab7e-323414b00593: shutdown f6edce37-208d-40f1-ab7e-323414b00593@group-AB0AE3F98C36-FollowerState
2021-10-12 06:05:44,060 [Listener at 127.0.0.1/38829] INFO  impl.StateMachineUpdater (StateMachineUpdater.java:stopAndJoin(149)) - f6edce37-208d-40f1-ab7e-323414b00593@group-AB0AE3F98C36-StateMachineUpdater: set stopIndex = -1
2021-10-12 06:05:44,060 [f6edce37-208d-40f1-ab7e-323414b00593@group-AB0AE3F98C36-FollowerState] INFO  impl.FollowerState (FollowerState.java:run(143)) - f6edce37-208d-40f1-ab7e-323414b00593@group-AB0AE3F98C36-FollowerState was interrupted: {}
java.lang.InterruptedException: sleep interrupted
	at java.lang.Thread.sleep(Native Method)
	at java.lang.Thread.sleep(Thread.java:340)
	at java.util.concurrent.TimeUnit.sleep(TimeUnit.java:386)
	at org.apache.ratis.util.TimeDuration.sleep(TimeDuration.java:324)
	at org.apache.ratis.util.TimeDuration.sleep(TimeDuration.java:309)
	at org.apache.ratis.server.impl.FollowerState.run(FollowerState.java:118)
2021-10-12 06:05:44,061 [Listener at 127.0.0.1/38829] INFO  server.RaftServer$Division (ServerState.java:close(419)) - f6edce37-208d-40f1-ab7e-323414b00593@group-AB0AE3F98C36: closes. applyIndex: -1
2021-10-12 06:05:44,062 [f6edce37-208d-40f1-ab7e-323414b00593@group-AB0AE3F98C36-SegmentedRaftLogWorker] INFO  segmented.SegmentedRaftLogWorker (SegmentedRaftLogWorker.java:run(327)) - f6edce37-208d-40f1-ab7e-323414b00593@group-AB0AE3F98C36-SegmentedRaftLogWorker was interrupted, exiting. There are 0 tasks remaining in the queue.
2021-10-12 06:05:44,062 [Listener at 127.0.0.1/38829] INFO  segmented.SegmentedRaftLogWorker (SegmentedRaftLogWorker.java:close(237)) - f6edce37-208d-40f1-ab7e-323414b00593@group-AB0AE3F98C36-SegmentedRaftLogWorker close()
2021-10-12 06:05:44,063 [Listener at 127.0.0.1/38829] INFO  server.GrpcService (GrpcService.java:closeImpl(262)) - f6edce37-208d-40f1-ab7e-323414b00593: shutdown server with port 35829 now
2021-10-12 06:05:44,075 [grpc-default-executor-3] WARN  server.GrpcServerProtocolService (LogUtils.java:warn(122)) - f6edce37-208d-40f1-ab7e-323414b00593: installSnapshot onError, lastRequest: 69929a81-75b5-4e59-a9cb-c7e6f0fb6fd6->f6edce37-208d-40f1-ab7e-323414b00593#1-t2,previous=(t:0, i:0),leaderCommit=-1,initializing? true,entries: size=1, first=(t:2, i:0), CONFIGURATIONENTRY: org.apache.ratis.thirdparty.io.grpc.StatusRuntimeException: CANCELLED: client cancelled
2021-10-12 06:05:44,075 [grpc-default-executor-3] WARN  server.GrpcLogAppender (LogUtils.java:warn(122)) - 69929a81-75b5-4e59-a9cb-c7e6f0fb6fd6@group-C2DAA97EBB05->f6edce37-208d-40f1-ab7e-323414b00593-AppendLogResponseHandler: Failed appendEntries: org.apache.ratis.thirdparty.io.grpc.StatusRuntimeException: CANCELLED: HTTP/2 error code: CANCEL
Received Rst Stream
2021-10-12 06:05:44,076 [grpc-default-executor-3] WARN  server.GrpcLogAppender (GrpcLogAppender.java:resetClient(111)) - 69929a81-75b5-4e59-a9cb-c7e6f0fb6fd6@group-C2DAA97EBB05->f6edce37-208d-40f1-ab7e-323414b00593-GrpcLogAppender: Leader has not got in touch with Follower 69929a81-75b5-4e59-a9cb-c7e6f0fb6fd6@group-C2DAA97EBB05->f6edce37-208d-40f1-ab7e-323414b00593(c-1,m0,n1, attendVote=true, lastRpcSendTime=771, lastRpcResponseTime=751) yet, just keep nextIndex unchanged and retry.
2021-10-12 06:05:44,084 [Listener at 127.0.0.1/38829] INFO  server.GrpcService (GrpcService.java:closeImpl(271)) - f6edce37-208d-40f1-ab7e-323414b00593: shutdown server with port 35829 successfully
2021-10-12 06:05:44,084 [org.apache.ratis.util.JvmPauseMonitor$$Lambda$531/599601214@4faffca] INFO  util.JvmPauseMonitor (JvmPauseMonitor.java:run(109)) - JvmPauseMonitor-f6edce37-208d-40f1-ab7e-323414b00593: Stopped
2021-10-12 06:05:44,085 [Listener at 127.0.0.1/38829] INFO  utils.BackgroundService (BackgroundService.java:shutdown(132)) - Shutting down service BlockDeletingService
2021-10-12 06:05:44,396 [fdd2c237-e414-4605-b3b4-833d5e073368@group-280CF83C0957-FollowerState] INFO  impl.FollowerState (FollowerState.java:run(134)) - fdd2c237-e414-4605-b3b4-833d5e073368@group-280CF83C0957-FollowerState: change to CANDIDATE, lastRpcElapsedTime:5159402860ns, electionTimeout:5136ms
2021-10-12 06:05:44,396 [fdd2c237-e414-4605-b3b4-833d5e073368@group-280CF83C0957-FollowerState] INFO  impl.RoleInfo (RoleInfo.java:shutdownFollowerState(108)) - fdd2c237-e414-4605-b3b4-833d5e073368: shutdown fdd2c237-e414-4605-b3b4-833d5e073368@group-280CF83C0957-FollowerState
2021-10-12 06:05:44,396 [fdd2c237-e414-4605-b3b4-833d5e073368@group-280CF83C0957-FollowerState] INFO  server.RaftServer$Division (RaftServerImpl.java:setRole(285)) - fdd2c237-e414-4605-b3b4-833d5e073368@group-280CF83C0957: changes role from  FOLLOWER to CANDIDATE at term 1 for changeToCandidate
2021-10-12 06:05:44,396 [fdd2c237-e414-4605-b3b4-833d5e073368@group-280CF83C0957-FollowerState] INFO  server.RaftServerConfigKeys (ConfUtils.java:logGet(44)) - raft.server.leaderelection.pre-vote = false (custom)
2021-10-12 06:05:44,396 [fdd2c237-e414-4605-b3b4-833d5e073368@group-280CF83C0957-FollowerState] INFO  impl.RoleInfo (RoleInfo.java:updateAndGet(130)) - fdd2c237-e414-4605-b3b4-833d5e073368: start fdd2c237-e414-4605-b3b4-833d5e073368@group-280CF83C0957-LeaderElection94
2021-10-12 06:05:44,408 [1a275f92-aa29-4e99-8b54-16510abadaea@group-280CF83C0957-FollowerState] INFO  impl.FollowerState (FollowerState.java:run(134)) - 1a275f92-aa29-4e99-8b54-16510abadaea@group-280CF83C0957-FollowerState: change to CANDIDATE, lastRpcElapsedTime:5166116743ns, electionTimeout:5159ms
2021-10-12 06:05:44,408 [1a275f92-aa29-4e99-8b54-16510abadaea@group-280CF83C0957-FollowerState] INFO  impl.RoleInfo (RoleInfo.java:shutdownFollowerState(108)) - 1a275f92-aa29-4e99-8b54-16510abadaea: shutdown 1a275f92-aa29-4e99-8b54-16510abadaea@group-280CF83C0957-FollowerState
2021-10-12 06:05:44,408 [1a275f92-aa29-4e99-8b54-16510abadaea@group-280CF83C0957-FollowerState] INFO  server.RaftServer$Division (RaftServerImpl.java:setRole(285)) - 1a275f92-aa29-4e99-8b54-16510abadaea@group-280CF83C0957: changes role from  FOLLOWER to CANDIDATE at term 1 for changeToCandidate
2021-10-12 06:05:44,412 [1a275f92-aa29-4e99-8b54-16510abadaea@group-280CF83C0957-FollowerState] INFO  server.RaftServerConfigKeys (ConfUtils.java:logGet(44)) - raft.server.leaderelection.pre-vote = false (custom)
2021-10-12 06:05:44,412 [1a275f92-aa29-4e99-8b54-16510abadaea@group-280CF83C0957-FollowerState] INFO  impl.RoleInfo (RoleInfo.java:updateAndGet(130)) - 1a275f92-aa29-4e99-8b54-16510abadaea: start 1a275f92-aa29-4e99-8b54-16510abadaea@group-280CF83C0957-LeaderElection95
2021-10-12 06:05:44,416 [fdd2c237-e414-4605-b3b4-833d5e073368@group-C2C9DE719BAF-FollowerState] INFO  impl.FollowerState (FollowerState.java:run(134)) - fdd2c237-e414-4605-b3b4-833d5e073368@group-C2C9DE719BAF-FollowerState: change to CANDIDATE, lastRpcElapsedTime:5020376132ns, electionTimeout:5016ms
2021-10-12 06:05:44,416 [fdd2c237-e414-4605-b3b4-833d5e073368@group-C2C9DE719BAF-FollowerState] INFO  impl.RoleInfo (RoleInfo.java:shutdownFollowerState(108)) - fdd2c237-e414-4605-b3b4-833d5e073368: shutdown fdd2c237-e414-4605-b3b4-833d5e073368@group-C2C9DE719BAF-FollowerState
2021-10-12 06:05:44,416 [fdd2c237-e414-4605-b3b4-833d5e073368@group-C2C9DE719BAF-FollowerState] INFO  server.RaftServer$Division (RaftServerImpl.java:setRole(285)) - fdd2c237-e414-4605-b3b4-833d5e073368@group-C2C9DE719BAF: changes role from  FOLLOWER to CANDIDATE at term 1 for changeToCandidate
2021-10-12 06:05:44,417 [fdd2c237-e414-4605-b3b4-833d5e073368@group-C2C9DE719BAF-FollowerState] INFO  server.RaftServerConfigKeys (ConfUtils.java:logGet(44)) - raft.server.leaderelection.pre-vote = false (custom)
2021-10-12 06:05:44,417 [fdd2c237-e414-4605-b3b4-833d5e073368@group-C2C9DE719BAF-FollowerState] INFO  impl.RoleInfo (RoleInfo.java:updateAndGet(130)) - fdd2c237-e414-4605-b3b4-833d5e073368: start fdd2c237-e414-4605-b3b4-833d5e073368@group-C2C9DE719BAF-LeaderElection96
2021-10-12 06:05:44,420 [1a275f92-aa29-4e99-8b54-16510abadaea@group-280CF83C0957-LeaderElection95] INFO  impl.LeaderElection (LeaderElection.java:askForVotes(306)) - 1a275f92-aa29-4e99-8b54-16510abadaea@group-280CF83C0957-LeaderElection95 ELECTION round 0: submit vote requests at term 2 for -1: [1a275f92-aa29-4e99-8b54-16510abadaea|rpc:10.1.0.59:35911|dataStream:|priority:1, fd6d4eb7-d4eb-4c85-951f-7fa23d5c4e33|rpc:10.1.0.59:37125|dataStream:|priority:0, fdd2c237-e414-4605-b3b4-833d5e073368|rpc:10.1.0.59:38743|dataStream:|priority:0], old=null
2021-10-12 06:05:44,426 [fdd2c237-e414-4605-b3b4-833d5e073368@group-280CF83C0957-LeaderElection94] INFO  impl.LeaderElection (LeaderElection.java:askForVotes(306)) - fdd2c237-e414-4605-b3b4-833d5e073368@group-280CF83C0957-LeaderElection94 ELECTION round 0: submit vote requests at term 2 for -1: [1a275f92-aa29-4e99-8b54-16510abadaea|rpc:10.1.0.59:35911|priority:1, fd6d4eb7-d4eb-4c85-951f-7fa23d5c4e33|rpc:10.1.0.59:37125|priority:0, fdd2c237-e414-4605-b3b4-833d5e073368|rpc:10.1.0.59:38743|priority:0], old=null
2021-10-12 06:05:44,456 [grpc-default-executor-3] INFO  server.RaftServer$Division (RaftServerImpl.java:requestVote(1043)) - 1a275f92-aa29-4e99-8b54-16510abadaea@group-280CF83C0957: receive requestVote(ELECTION, fdd2c237-e414-4605-b3b4-833d5e073368, group-280CF83C0957, 2, (t:0, i:0))
2021-10-12 06:05:44,456 [grpc-default-executor-3] INFO  impl.VoteContext (VoteContext.java:log(48)) - 1a275f92-aa29-4e99-8b54-16510abadaea@group-280CF83C0957-CANDIDATE: reject ELECTION from fdd2c237-e414-4605-b3b4-833d5e073368: already has voted for 1a275f92-aa29-4e99-8b54-16510abadaea at current term 2
2021-10-12 06:05:44,456 [grpc-default-executor-3] INFO  server.RaftServer$Division (RaftServerImpl.java:requestVote(1075)) - 1a275f92-aa29-4e99-8b54-16510abadaea@group-280CF83C0957 replies to ELECTION vote request: fdd2c237-e414-4605-b3b4-833d5e073368<-1a275f92-aa29-4e99-8b54-16510abadaea#0:FAIL-t2. Peer's state: 1a275f92-aa29-4e99-8b54-16510abadaea@group-280CF83C0957:t2, leader=null, voted=1a275f92-aa29-4e99-8b54-16510abadaea, raftlog=1a275f92-aa29-4e99-8b54-16510abadaea@group-280CF83C0957-SegmentedRaftLog:OPENED:c-1,f-1,i0, conf=-1: [1a275f92-aa29-4e99-8b54-16510abadaea|rpc:10.1.0.59:35911|dataStream:|priority:1, fd6d4eb7-d4eb-4c85-951f-7fa23d5c4e33|rpc:10.1.0.59:37125|dataStream:|priority:0, fdd2c237-e414-4605-b3b4-833d5e073368|rpc:10.1.0.59:38743|dataStream:|priority:0], old=null
2021-10-12 06:05:44,457 [fdd2c237-e414-4605-b3b4-833d5e073368@group-280CF83C0957-LeaderElection94] INFO  impl.LeaderElection (LeaderElection.java:logAndReturn(89)) - fdd2c237-e414-4605-b3b4-833d5e073368@group-280CF83C0957-LeaderElection94: ELECTION REJECTED received 1 response(s) and 0 exception(s):
2021-10-12 06:05:44,457 [fdd2c237-e414-4605-b3b4-833d5e073368@group-280CF83C0957-LeaderElection94] INFO  impl.LeaderElection (LeaderElection.java:logAndReturn(93)) -   Response 0: fdd2c237-e414-4605-b3b4-833d5e073368<-1a275f92-aa29-4e99-8b54-16510abadaea#0:FAIL-t2
2021-10-12 06:05:44,457 [fdd2c237-e414-4605-b3b4-833d5e073368@group-280CF83C0957-LeaderElection94] INFO  impl.LeaderElection (LeaderElection.java:askForVotes(308)) - fdd2c237-e414-4605-b3b4-833d5e073368@group-280CF83C0957-LeaderElection94 ELECTION round 0: result REJECTED
2021-10-12 06:05:44,457 [fdd2c237-e414-4605-b3b4-833d5e073368@group-280CF83C0957-LeaderElection94] INFO  server.RaftServer$Division (RaftServerImpl.java:setRole(285)) - fdd2c237-e414-4605-b3b4-833d5e073368@group-280CF83C0957: changes role from CANDIDATE to FOLLOWER at term 2 for REJECTED
2021-10-12 06:05:44,457 [fdd2c237-e414-4605-b3b4-833d5e073368@group-280CF83C0957-LeaderElection94] INFO  impl.RoleInfo (RoleInfo.java:shutdownLeaderElection(121)) - fdd2c237-e414-4605-b3b4-833d5e073368: shutdown fdd2c237-e414-4605-b3b4-833d5e073368@group-280CF83C0957-LeaderElection94
2021-10-12 06:05:44,457 [fdd2c237-e414-4605-b3b4-833d5e073368@group-280CF83C0957-LeaderElection94] INFO  impl.RoleInfo (RoleInfo.java:updateAndGet(130)) - fdd2c237-e414-4605-b3b4-833d5e073368: start fdd2c237-e414-4605-b3b4-833d5e073368@group-280CF83C0957-FollowerState
2021-10-12 06:05:44,458 [grpc-default-executor-3] INFO  server.RaftServer$Division (RaftServerImpl.java:requestVote(1043)) - fd6d4eb7-d4eb-4c85-951f-7fa23d5c4e33@group-280CF83C0957: receive requestVote(ELECTION, fdd2c237-e414-4605-b3b4-833d5e073368, group-280CF83C0957, 2, (t:0, i:0))
2021-10-12 06:05:44,458 [grpc-default-executor-3] INFO  impl.VoteContext (VoteContext.java:log(48)) - fd6d4eb7-d4eb-4c85-951f-7fa23d5c4e33@group-280CF83C0957-FOLLOWER: accept ELECTION from fdd2c237-e414-4605-b3b4-833d5e073368: our priority 0 <= candidate's priority 0
2021-10-12 06:05:44,458 [grpc-default-executor-3] INFO  server.RaftServer$Division (RaftServerImpl.java:setRole(285)) - fd6d4eb7-d4eb-4c85-951f-7fa23d5c4e33@group-280CF83C0957: changes role from  FOLLOWER to FOLLOWER at term 2 for candidate:fdd2c237-e414-4605-b3b4-833d5e073368
2021-10-12 06:05:44,458 [grpc-default-executor-3] INFO  impl.RoleInfo (RoleInfo.java:shutdownFollowerState(108)) - fd6d4eb7-d4eb-4c85-951f-7fa23d5c4e33: shutdown fd6d4eb7-d4eb-4c85-951f-7fa23d5c4e33@group-280CF83C0957-FollowerState
2021-10-12 06:05:44,478 [grpc-default-executor-4] INFO  server.RaftServer$Division (RaftServerImpl.java:requestVote(1043)) - fd6d4eb7-d4eb-4c85-951f-7fa23d5c4e33@group-280CF83C0957: receive requestVote(ELECTION, 1a275f92-aa29-4e99-8b54-16510abadaea, group-280CF83C0957, 2, (t:0, i:0))
2021-10-12 06:05:44,482 [grpc-default-executor-3] INFO  impl.RoleInfo (RoleInfo.java:updateAndGet(130)) - fd6d4eb7-d4eb-4c85-951f-7fa23d5c4e33: start fd6d4eb7-d4eb-4c85-951f-7fa23d5c4e33@group-280CF83C0957-FollowerState
2021-10-12 06:05:44,482 [fd6d4eb7-d4eb-4c85-951f-7fa23d5c4e33@group-280CF83C0957-FollowerState] INFO  impl.FollowerState (FollowerState.java:run(143)) - fd6d4eb7-d4eb-4c85-951f-7fa23d5c4e33@group-280CF83C0957-FollowerState was interrupted: {}
java.lang.InterruptedException: sleep interrupted
	at java.lang.Thread.sleep(Native Method)
	at java.lang.Thread.sleep(Thread.java:340)
	at java.util.concurrent.TimeUnit.sleep(TimeUnit.java:386)
	at org.apache.ratis.util.TimeDuration.sleep(TimeDuration.java:324)
	at org.apache.ratis.util.TimeDuration.sleep(TimeDuration.java:309)
	at org.apache.ratis.server.impl.FollowerState.run(FollowerState.java:118)
2021-10-12 06:05:44,484 [grpc-default-executor-1] INFO  server.RaftServer$Division (RaftServerImpl.java:requestVote(1043)) - fdd2c237-e414-4605-b3b4-833d5e073368@group-280CF83C0957: receive requestVote(ELECTION, 1a275f92-aa29-4e99-8b54-16510abadaea, group-280CF83C0957, 2, (t:0, i:0))
2021-10-12 06:05:44,484 [grpc-default-executor-1] INFO  impl.VoteContext (VoteContext.java:log(48)) - fdd2c237-e414-4605-b3b4-833d5e073368@group-280CF83C0957-FOLLOWER: reject ELECTION from 1a275f92-aa29-4e99-8b54-16510abadaea: already has voted for fdd2c237-e414-4605-b3b4-833d5e073368 at current term 2
2021-10-12 06:05:44,484 [grpc-default-executor-1] INFO  server.RaftServer$Division (RaftServerImpl.java:requestVote(1075)) - fdd2c237-e414-4605-b3b4-833d5e073368@group-280CF83C0957 replies to ELECTION vote request: 1a275f92-aa29-4e99-8b54-16510abadaea<-fdd2c237-e414-4605-b3b4-833d5e073368#0:FAIL-t2. Peer's state: fdd2c237-e414-4605-b3b4-833d5e073368@group-280CF83C0957:t2, leader=null, voted=fdd2c237-e414-4605-b3b4-833d5e073368, raftlog=fdd2c237-e414-4605-b3b4-833d5e073368@group-280CF83C0957-SegmentedRaftLog:OPENED:c-1,f-1,i0, conf=-1: [1a275f92-aa29-4e99-8b54-16510abadaea|rpc:10.1.0.59:35911|priority:1, fd6d4eb7-d4eb-4c85-951f-7fa23d5c4e33|rpc:10.1.0.59:37125|priority:0, fdd2c237-e414-4605-b3b4-833d5e073368|rpc:10.1.0.59:38743|priority:0], old=null
2021-10-12 06:05:44,495 [grpc-default-executor-3] INFO  server.RaftServer$Division (RaftServerImpl.java:requestVote(1075)) - fd6d4eb7-d4eb-4c85-951f-7fa23d5c4e33@group-280CF83C0957 replies to ELECTION vote request: fdd2c237-e414-4605-b3b4-833d5e073368<-fd6d4eb7-d4eb-4c85-951f-7fa23d5c4e33#0:OK-t2. Peer's state: fd6d4eb7-d4eb-4c85-951f-7fa23d5c4e33@group-280CF83C0957:t2, leader=null, voted=fdd2c237-e414-4605-b3b4-833d5e073368, raftlog=fd6d4eb7-d4eb-4c85-951f-7fa23d5c4e33@group-280CF83C0957-SegmentedRaftLog:OPENED:c-1,f-1,i0, conf=-1: [1a275f92-aa29-4e99-8b54-16510abadaea|rpc:10.1.0.59:35911|dataStream:|priority:1, fd6d4eb7-d4eb-4c85-951f-7fa23d5c4e33|rpc:10.1.0.59:37125|dataStream:|priority:0, fdd2c237-e414-4605-b3b4-833d5e073368|rpc:10.1.0.59:38743|dataStream:|priority:0], old=null
2021-10-12 06:05:44,495 [grpc-default-executor-4] INFO  impl.VoteContext (VoteContext.java:log(48)) - fd6d4eb7-d4eb-4c85-951f-7fa23d5c4e33@group-280CF83C0957-FOLLOWER: reject ELECTION from 1a275f92-aa29-4e99-8b54-16510abadaea: already has voted for fdd2c237-e414-4605-b3b4-833d5e073368 at current term 2
2021-10-12 06:05:44,495 [grpc-default-executor-4] INFO  server.RaftServer$Division (RaftServerImpl.java:requestVote(1075)) - fd6d4eb7-d4eb-4c85-951f-7fa23d5c4e33@group-280CF83C0957 replies to ELECTION vote request: 1a275f92-aa29-4e99-8b54-16510abadaea<-fd6d4eb7-d4eb-4c85-951f-7fa23d5c4e33#0:FAIL-t2. Peer's state: fd6d4eb7-d4eb-4c85-951f-7fa23d5c4e33@group-280CF83C0957:t2, leader=null, voted=fdd2c237-e414-4605-b3b4-833d5e073368, raftlog=fd6d4eb7-d4eb-4c85-951f-7fa23d5c4e33@group-280CF83C0957-SegmentedRaftLog:OPENED:c-1,f-1,i0, conf=-1: [1a275f92-aa29-4e99-8b54-16510abadaea|rpc:10.1.0.59:35911|dataStream:|priority:1, fd6d4eb7-d4eb-4c85-951f-7fa23d5c4e33|rpc:10.1.0.59:37125|dataStream:|priority:0, fdd2c237-e414-4605-b3b4-833d5e073368|rpc:10.1.0.59:38743|dataStream:|priority:0], old=null
2021-10-12 06:05:44,502 [1a275f92-aa29-4e99-8b54-16510abadaea@group-280CF83C0957-LeaderElection95] INFO  impl.LeaderElection (LeaderElection.java:logAndReturn(89)) - 1a275f92-aa29-4e99-8b54-16510abadaea@group-280CF83C0957-LeaderElection95: ELECTION REJECTED received 2 response(s) and 0 exception(s):
2021-10-12 06:05:44,502 [1a275f92-aa29-4e99-8b54-16510abadaea@group-280CF83C0957-LeaderElection95] INFO  impl.LeaderElection (LeaderElection.java:logAndReturn(93)) -   Response 0: 1a275f92-aa29-4e99-8b54-16510abadaea<-fd6d4eb7-d4eb-4c85-951f-7fa23d5c4e33#0:FAIL-t2
2021-10-12 06:05:44,502 [1a275f92-aa29-4e99-8b54-16510abadaea@group-280CF83C0957-LeaderElection95] INFO  impl.LeaderElection (LeaderElection.java:logAndReturn(93)) -   Response 1: 1a275f92-aa29-4e99-8b54-16510abadaea<-fdd2c237-e414-4605-b3b4-833d5e073368#0:FAIL-t2
2021-10-12 06:05:44,502 [1a275f92-aa29-4e99-8b54-16510abadaea@group-280CF83C0957-LeaderElection95] INFO  impl.LeaderElection (LeaderElection.java:askForVotes(308)) - 1a275f92-aa29-4e99-8b54-16510abadaea@group-280CF83C0957-LeaderElection95 ELECTION round 0: result REJECTED
2021-10-12 06:05:44,502 [1a275f92-aa29-4e99-8b54-16510abadaea@group-280CF83C0957-LeaderElection95] INFO  server.RaftServer$Division (RaftServerImpl.java:setRole(285)) - 1a275f92-aa29-4e99-8b54-16510abadaea@group-280CF83C0957: changes role from CANDIDATE to FOLLOWER at term 2 for REJECTED
2021-10-12 06:05:44,502 [1a275f92-aa29-4e99-8b54-16510abadaea@group-280CF83C0957-LeaderElection95] INFO  impl.RoleInfo (RoleInfo.java:shutdownLeaderElection(121)) - 1a275f92-aa29-4e99-8b54-16510abadaea: shutdown 1a275f92-aa29-4e99-8b54-16510abadaea@group-280CF83C0957-LeaderElection95
2021-10-12 06:05:44,502 [1a275f92-aa29-4e99-8b54-16510abadaea@group-280CF83C0957-LeaderElection95] INFO  impl.RoleInfo (RoleInfo.java:updateAndGet(130)) - 1a275f92-aa29-4e99-8b54-16510abadaea: start 1a275f92-aa29-4e99-8b54-16510abadaea@group-280CF83C0957-FollowerState
2021-10-12 06:05:44,510 [fdd2c237-e414-4605-b3b4-833d5e073368@group-C2C9DE719BAF-LeaderElection96] INFO  impl.LeaderElection (LeaderElection.java:askForVotes(306)) - fdd2c237-e414-4605-b3b4-833d5e073368@group-C2C9DE719BAF-LeaderElection96 ELECTION round 0: submit vote requests at term 2 for -1: [1a275f92-aa29-4e99-8b54-16510abadaea|rpc:10.1.0.59:35911|priority:0, fd6d4eb7-d4eb-4c85-951f-7fa23d5c4e33|rpc:10.1.0.59:37125|priority:0, fdd2c237-e414-4605-b3b4-833d5e073368|rpc:10.1.0.59:38743|priority:1], old=null
2021-10-12 06:05:44,524 [grpc-default-executor-4] INFO  server.RaftServer$Division (RaftServerImpl.java:requestVote(1043)) - 1a275f92-aa29-4e99-8b54-16510abadaea@group-C2C9DE719BAF: receive requestVote(ELECTION, fdd2c237-e414-4605-b3b4-833d5e073368, group-C2C9DE719BAF, 2, (t:0, i:0))
2021-10-12 06:05:44,524 [grpc-default-executor-4] INFO  impl.VoteContext (VoteContext.java:log(48)) - 1a275f92-aa29-4e99-8b54-16510abadaea@group-C2C9DE719BAF-FOLLOWER: accept ELECTION from fdd2c237-e414-4605-b3b4-833d5e073368: our priority 0 <= candidate's priority 1
2021-10-12 06:05:44,524 [grpc-default-executor-4] INFO  server.RaftServer$Division (RaftServerImpl.java:setRole(285)) - 1a275f92-aa29-4e99-8b54-16510abadaea@group-C2C9DE719BAF: changes role from  FOLLOWER to FOLLOWER at term 2 for candidate:fdd2c237-e414-4605-b3b4-833d5e073368
2021-10-12 06:05:44,524 [grpc-default-executor-4] INFO  impl.RoleInfo (RoleInfo.java:shutdownFollowerState(108)) - 1a275f92-aa29-4e99-8b54-16510abadaea: shutdown 1a275f92-aa29-4e99-8b54-16510abadaea@group-C2C9DE719BAF-FollowerState
2021-10-12 06:05:44,530 [grpc-default-executor-4] INFO  impl.RoleInfo (RoleInfo.java:updateAndGet(130)) - 1a275f92-aa29-4e99-8b54-16510abadaea: start 1a275f92-aa29-4e99-8b54-16510abadaea@group-C2C9DE719BAF-FollowerState
2021-10-12 06:05:44,530 [1a275f92-aa29-4e99-8b54-16510abadaea@group-C2C9DE719BAF-FollowerState] INFO  impl.FollowerState (FollowerState.java:run(143)) - 1a275f92-aa29-4e99-8b54-16510abadaea@group-C2C9DE719BAF-FollowerState was interrupted: {}
java.lang.InterruptedException: sleep interrupted
	at java.lang.Thread.sleep(Native Method)
	at java.lang.Thread.sleep(Thread.java:340)
	at java.util.concurrent.TimeUnit.sleep(TimeUnit.java:386)
	at org.apache.ratis.util.TimeDuration.sleep(TimeDuration.java:324)
	at org.apache.ratis.util.TimeDuration.sleep(TimeDuration.java:309)
	at org.apache.ratis.server.impl.FollowerState.run(FollowerState.java:118)
2021-10-12 06:05:44,535 [grpc-default-executor-3] INFO  server.RaftServer$Division (RaftServerImpl.java:requestVote(1043)) - fd6d4eb7-d4eb-4c85-951f-7fa23d5c4e33@group-C2C9DE719BAF: receive requestVote(ELECTION, fdd2c237-e414-4605-b3b4-833d5e073368, group-C2C9DE719BAF, 2, (t:0, i:0))
2021-10-12 06:05:44,535 [grpc-default-executor-3] INFO  impl.VoteContext (VoteContext.java:log(48)) - fd6d4eb7-d4eb-4c85-951f-7fa23d5c4e33@group-C2C9DE719BAF-FOLLOWER: accept ELECTION from fdd2c237-e414-4605-b3b4-833d5e073368: our priority 0 <= candidate's priority 1
2021-10-12 06:05:44,535 [grpc-default-executor-3] INFO  server.RaftServer$Division (RaftServerImpl.java:setRole(285)) - fd6d4eb7-d4eb-4c85-951f-7fa23d5c4e33@group-C2C9DE719BAF: changes role from  FOLLOWER to FOLLOWER at term 2 for candidate:fdd2c237-e414-4605-b3b4-833d5e073368
2021-10-12 06:05:44,535 [grpc-default-executor-3] INFO  impl.RoleInfo (RoleInfo.java:shutdownFollowerState(108)) - fd6d4eb7-d4eb-4c85-951f-7fa23d5c4e33: shutdown fd6d4eb7-d4eb-4c85-951f-7fa23d5c4e33@group-C2C9DE719BAF-FollowerState
2021-10-12 06:05:44,535 [fd6d4eb7-d4eb-4c85-951f-7fa23d5c4e33@group-C2C9DE719BAF-FollowerState] INFO  impl.FollowerState (FollowerState.java:run(127)) - fd6d4eb7-d4eb-4c85-951f-7fa23d5c4e33@group-C2C9DE719BAF-FollowerState: Stopping now (isRunning? false, isFollower? true)
2021-10-12 06:05:44,542 [grpc-default-executor-3] INFO  impl.RoleInfo (RoleInfo.java:updateAndGet(130)) - fd6d4eb7-d4eb-4c85-951f-7fa23d5c4e33: start fd6d4eb7-d4eb-4c85-951f-7fa23d5c4e33@group-C2C9DE719BAF-FollowerState
2021-10-12 06:05:44,551 [grpc-default-executor-4] INFO  server.RaftServer$Division (RaftServerImpl.java:requestVote(1075)) - 1a275f92-aa29-4e99-8b54-16510abadaea@group-C2C9DE719BAF replies to ELECTION vote request: fdd2c237-e414-4605-b3b4-833d5e073368<-1a275f92-aa29-4e99-8b54-16510abadaea#0:OK-t2. Peer's state: 1a275f92-aa29-4e99-8b54-16510abadaea@group-C2C9DE719BAF:t2, leader=null, voted=fdd2c237-e414-4605-b3b4-833d5e073368, raftlog=1a275f92-aa29-4e99-8b54-16510abadaea@group-C2C9DE719BAF-SegmentedRaftLog:OPENED:c-1,f-1,i0, conf=-1: [1a275f92-aa29-4e99-8b54-16510abadaea|rpc:10.1.0.59:35911|dataStream:|priority:0, fd6d4eb7-d4eb-4c85-951f-7fa23d5c4e33|rpc:10.1.0.59:37125|dataStream:|priority:0, fdd2c237-e414-4605-b3b4-833d5e073368|rpc:10.1.0.59:38743|dataStream:|priority:1], old=null
2021-10-12 06:05:44,552 [fdd2c237-e414-4605-b3b4-833d5e073368@group-C2C9DE719BAF-LeaderElection96] INFO  impl.LeaderElection (LeaderElection.java:logAndReturn(89)) - fdd2c237-e414-4605-b3b4-833d5e073368@group-C2C9DE719BAF-LeaderElection96: ELECTION PASSED received 1 response(s) and 0 exception(s):
2021-10-12 06:05:44,552 [fdd2c237-e414-4605-b3b4-833d5e073368@group-C2C9DE719BAF-LeaderElection96] INFO  impl.LeaderElection (LeaderElection.java:logAndReturn(93)) -   Response 0: fdd2c237-e414-4605-b3b4-833d5e073368<-1a275f92-aa29-4e99-8b54-16510abadaea#0:OK-t2
2021-10-12 06:05:44,552 [fdd2c237-e414-4605-b3b4-833d5e073368@group-C2C9DE719BAF-LeaderElection96] INFO  impl.LeaderElection (LeaderElection.java:askForVotes(308)) - fdd2c237-e414-4605-b3b4-833d5e073368@group-C2C9DE719BAF-LeaderElection96 ELECTION round 0: result PASSED
2021-10-12 06:05:44,552 [fdd2c237-e414-4605-b3b4-833d5e073368@group-C2C9DE719BAF-LeaderElection96] INFO  impl.RoleInfo (RoleInfo.java:shutdownLeaderElection(121)) - fdd2c237-e414-4605-b3b4-833d5e073368: shutdown fdd2c237-e414-4605-b3b4-833d5e073368@group-C2C9DE719BAF-LeaderElection96
2021-10-12 06:05:44,552 [fdd2c237-e414-4605-b3b4-833d5e073368@group-C2C9DE719BAF-LeaderElection96] INFO  server.RaftServer$Division (RaftServerImpl.java:setRole(285)) - fdd2c237-e414-4605-b3b4-833d5e073368@group-C2C9DE719BAF: changes role from CANDIDATE to LEADER at term 2 for changeToLeader
2021-10-12 06:05:44,552 [fdd2c237-e414-4605-b3b4-833d5e073368@group-C2C9DE719BAF-LeaderElection96] INFO  ratis.XceiverServerRatis (XceiverServerRatis.java:handleLeaderChangedNotification(861)) - Leader change notification received for group: group-C2C9DE719BAF with new leaderId: fdd2c237-e414-4605-b3b4-833d5e073368
2021-10-12 06:05:44,552 [fdd2c237-e414-4605-b3b4-833d5e073368@group-C2C9DE719BAF-LeaderElection96] INFO  server.RaftServer$Division (ServerState.java:setLeader(285)) - fdd2c237-e414-4605-b3b4-833d5e073368@group-C2C9DE719BAF: change Leader from null to fdd2c237-e414-4605-b3b4-833d5e073368 at term 2 for becomeLeader, leader elected after 10335ms
2021-10-12 06:05:44,552 [fdd2c237-e414-4605-b3b4-833d5e073368@group-C2C9DE719BAF-LeaderElection96] INFO  server.RaftServerConfigKeys (ConfUtils.java:logGet(44)) - raft.server.staging.catchup.gap = 1000 (default)
2021-10-12 06:05:44,552 [fdd2c237-e414-4605-b3b4-833d5e073368@group-C2C9DE719BAF-LeaderElection96] INFO  server.RaftServerConfigKeys (ConfUtils.java:logGet(44)) - raft.server.write.element-limit = 1024 (custom)
2021-10-12 06:05:44,552 [fdd2c237-e414-4605-b3b4-833d5e073368@group-C2C9DE719BAF-LeaderElection96] INFO  server.RaftServerConfigKeys (ConfUtils.java:logGet(44)) - raft.server.write.byte-limit = 1024 M (=1073741824) (custom)
2021-10-12 06:05:44,553 [fdd2c237-e414-4605-b3b4-833d5e073368@group-C2C9DE719BAF-LeaderElection96] INFO  server.RaftServerConfigKeys (ConfUtils.java:logGet(44)) - raft.server.watch.timeout = 3000ms (custom)
2021-10-12 06:05:44,553 [fdd2c237-e414-4605-b3b4-833d5e073368@group-C2C9DE719BAF-LeaderElection96] INFO  server.RaftServerConfigKeys (ConfUtils.java:logGet(44)) - raft.server.watch.timeout.denomination = 1s (default)
2021-10-12 06:05:44,553 [fdd2c237-e414-4605-b3b4-833d5e073368@group-C2C9DE719BAF-LeaderElection96] INFO  server.RaftServerConfigKeys (ConfUtils.java:logGet(44)) - raft.server.watch.element-limit = 65536 (default)
2021-10-12 06:05:44,553 [fdd2c237-e414-4605-b3b4-833d5e073368@group-C2C9DE719BAF-LeaderElection96] INFO  server.RaftServerConfigKeys (ConfUtils.java:logGet(44)) - raft.server.log.appender.snapshot.chunk.size.max = 16MB (=16777216) (default)
2021-10-12 06:05:44,553 [fdd2c237-e414-4605-b3b4-833d5e073368@group-C2C9DE719BAF-LeaderElection96] INFO  server.RaftServerConfigKeys (ConfUtils.java:logGet(44)) - raft.server.log.appender.buffer.byte-limit = 33554432 (custom)
2021-10-12 06:05:44,553 [fdd2c237-e414-4605-b3b4-833d5e073368@group-C2C9DE719BAF-LeaderElection96] INFO  server.RaftServerConfigKeys (ConfUtils.java:logGet(44)) - raft.server.log.appender.buffer.element-limit = 1 (custom)
2021-10-12 06:05:44,553 [fdd2c237-e414-4605-b3b4-833d5e073368@group-C2C9DE719BAF-LeaderElection96] INFO  grpc.GrpcConfigKeys (ConfUtils.java:logGet(44)) - raft.grpc.server.leader.outstanding.appends.max = 128 (default)
2021-10-12 06:05:44,553 [fdd2c237-e414-4605-b3b4-833d5e073368@group-C2C9DE719BAF-LeaderElection96] INFO  server.RaftServerConfigKeys (ConfUtils.java:logGet(44)) - raft.server.rpc.request.timeout = 3000ms (default)
2021-10-12 06:05:44,553 [fdd2c237-e414-4605-b3b4-833d5e073368@group-C2C9DE719BAF-LeaderElection96] INFO  server.RaftServerConfigKeys (ConfUtils.java:logGet(44)) - raft.server.log.appender.install.snapshot.enabled = false (custom)
2021-10-12 06:05:44,554 [fdd2c237-e414-4605-b3b4-833d5e073368@group-C2C9DE719BAF-LeaderElection96] INFO  server.RaftServerConfigKeys (ConfUtils.java:logGet(44)) - raft.server.log.appender.snapshot.chunk.size.max = 16MB (=16777216) (default)
2021-10-12 06:05:44,554 [fdd2c237-e414-4605-b3b4-833d5e073368@group-C2C9DE719BAF-LeaderElection96] INFO  server.RaftServerConfigKeys (ConfUtils.java:logGet(44)) - raft.server.log.appender.buffer.byte-limit = 33554432 (custom)
2021-10-12 06:05:44,554 [fdd2c237-e414-4605-b3b4-833d5e073368@group-C2C9DE719BAF-LeaderElection96] INFO  server.RaftServerConfigKeys (ConfUtils.java:logGet(44)) - raft.server.log.appender.buffer.element-limit = 1 (custom)
2021-10-12 06:05:44,555 [fdd2c237-e414-4605-b3b4-833d5e073368@group-C2C9DE719BAF-LeaderElection96] INFO  grpc.GrpcConfigKeys (ConfUtils.java:logGet(44)) - raft.grpc.server.leader.outstanding.appends.max = 128 (default)
2021-10-12 06:05:44,555 [fdd2c237-e414-4605-b3b4-833d5e073368@group-C2C9DE719BAF-LeaderElection96] INFO  server.RaftServerConfigKeys (ConfUtils.java:logGet(44)) - raft.server.rpc.request.timeout = 3000ms (default)
2021-10-12 06:05:44,555 [fdd2c237-e414-4605-b3b4-833d5e073368@group-C2C9DE719BAF-LeaderElection96] INFO  server.RaftServerConfigKeys (ConfUtils.java:logGet(44)) - raft.server.log.appender.install.snapshot.enabled = false (custom)
2021-10-12 06:05:44,556 [fdd2c237-e414-4605-b3b4-833d5e073368@group-C2C9DE719BAF-LeaderElection96] INFO  impl.RoleInfo (RoleInfo.java:updateAndGet(130)) - fdd2c237-e414-4605-b3b4-833d5e073368: start fdd2c237-e414-4605-b3b4-833d5e073368@group-C2C9DE719BAF-LeaderStateImpl
2021-10-12 06:05:44,556 [fdd2c237-e414-4605-b3b4-833d5e073368@group-C2C9DE719BAF-LeaderElection96] INFO  segmented.SegmentedRaftLogWorker (SegmentedRaftLogWorker.java:startLogSegment(394)) - fdd2c237-e414-4605-b3b4-833d5e073368@group-C2C9DE719BAF-SegmentedRaftLogWorker: Starting segment from index:0
2021-10-12 06:05:44,559 [grpc-default-executor-3] INFO  server.RaftServer$Division (RaftServerImpl.java:requestVote(1075)) - fd6d4eb7-d4eb-4c85-951f-7fa23d5c4e33@group-C2C9DE719BAF replies to ELECTION vote request: fdd2c237-e414-4605-b3b4-833d5e073368<-fd6d4eb7-d4eb-4c85-951f-7fa23d5c4e33#0:OK-t2. Peer's state: fd6d4eb7-d4eb-4c85-951f-7fa23d5c4e33@group-C2C9DE719BAF:t2, leader=null, voted=fdd2c237-e414-4605-b3b4-833d5e073368, raftlog=fd6d4eb7-d4eb-4c85-951f-7fa23d5c4e33@group-C2C9DE719BAF-SegmentedRaftLog:OPENED:c-1,f-1,i0, conf=-1: [1a275f92-aa29-4e99-8b54-16510abadaea|rpc:10.1.0.59:35911|dataStream:|priority:0, fd6d4eb7-d4eb-4c85-951f-7fa23d5c4e33|rpc:10.1.0.59:37125|dataStream:|priority:0, fdd2c237-e414-4605-b3b4-833d5e073368|rpc:10.1.0.59:38743|dataStream:|priority:1], old=null
2021-10-12 06:05:44,563 [fdd2c237-e414-4605-b3b4-833d5e073368@group-C2C9DE719BAF-SegmentedRaftLogWorker] INFO  segmented.SegmentedRaftLogWorker (SegmentedRaftLogWorker.java:execute(601)) - fdd2c237-e414-4605-b3b4-833d5e073368@group-C2C9DE719BAF-SegmentedRaftLogWorker: created new log segment /home/runner/work/ozone/ozone/hadoop-ozone/integration-test/target/test-dir/MiniOzoneClusterImpl-c6dc50ab-6fac-4554-b78d-9440f3e38bfb/datanode-3/data/ratis/329bb935-cfae-4e84-a629-c2c9de719baf/current/log_inprogress_0
2021-10-12 06:05:44,582 [Datanode State Machine Thread - 0] WARN  statemachine.StateContext (StateContext.java:execute(621)) - No available thread in pool for past 1 seconds.
2021-10-12 06:05:44,592 [EventQueue-PipelineReportForPipelineReportHandler] INFO  pipeline.PipelineManagerImpl (PipelineManagerImpl.java:openPipeline(282)) - Pipeline Pipeline[ Id: 329bb935-cfae-4e84-a629-c2c9de719baf, Nodes: fd6d4eb7-d4eb-4c85-951f-7fa23d5c4e33{ip: 10.1.0.59, host: fv-az297-361.nmf1rxwemy4u5di1sxxf4ejcwb.jx.internal.cloudapp.net, ports: [REPLICATION=36033, RATIS=37125, RATIS_ADMIN=37125, RATIS_SERVER=37125, STANDALONE=44425], networkLocation: /default-rack, certSerialId: null, persistedOpState: IN_SERVICE, persistedOpStateExpiryEpochSec: 0}1a275f92-aa29-4e99-8b54-16510abadaea{ip: 10.1.0.59, host: fv-az297-361.nmf1rxwemy4u5di1sxxf4ejcwb.jx.internal.cloudapp.net, ports: [REPLICATION=44151, RATIS=35911, RATIS_ADMIN=35911, RATIS_SERVER=35911, STANDALONE=45949], networkLocation: /default-rack, certSerialId: null, persistedOpState: IN_SERVICE, persistedOpStateExpiryEpochSec: 0}fdd2c237-e414-4605-b3b4-833d5e073368{ip: 10.1.0.59, host: fv-az297-361.nmf1rxwemy4u5di1sxxf4ejcwb.jx.internal.cloudapp.net, ports: [REPLICATION=33853, RATIS=38743, RATIS_ADMIN=38743, RATIS_SERVER=38743, STANDALONE=36483], networkLocation: /default-rack, certSerialId: null, persistedOpState: IN_SERVICE, persistedOpStateExpiryEpochSec: 0}, ReplicationConfig: RATIS/THREE, State:ALLOCATED, leaderId:fdd2c237-e414-4605-b3b4-833d5e073368, CreationTimestamp2021-10-12T06:05:31.878Z[Etc/UTC]] moved to OPEN state
2021-10-12 06:05:44,636 [fdd2c237-e414-4605-b3b4-833d5e073368@group-C2C9DE719BAF-LeaderElection96] INFO  server.RaftServer$Division (ServerState.java:setRaftConf(387)) - fdd2c237-e414-4605-b3b4-833d5e073368@group-C2C9DE719BAF: set configuration 0: [1a275f92-aa29-4e99-8b54-16510abadaea|rpc:10.1.0.59:35911|dataStream:|priority:0, fd6d4eb7-d4eb-4c85-951f-7fa23d5c4e33|rpc:10.1.0.59:37125|dataStream:|priority:0, fdd2c237-e414-4605-b3b4-833d5e073368|rpc:10.1.0.59:38743|dataStream:|priority:1], old=null
2021-10-12 06:05:44,641 [grpc-default-executor-3] INFO  ratis.XceiverServerRatis (XceiverServerRatis.java:handleLeaderChangedNotification(861)) - Leader change notification received for group: group-C2C9DE719BAF with new leaderId: fdd2c237-e414-4605-b3b4-833d5e073368
2021-10-12 06:05:44,641 [grpc-default-executor-3] INFO  server.RaftServer$Division (ServerState.java:setLeader(285)) - 1a275f92-aa29-4e99-8b54-16510abadaea@group-C2C9DE719BAF: change Leader from null to fdd2c237-e414-4605-b3b4-833d5e073368 at term 2 for appendEntries, leader elected after 10248ms
2021-10-12 06:05:44,642 [grpc-default-executor-3] INFO  server.RaftServer$Division (ServerState.java:setRaftConf(387)) - 1a275f92-aa29-4e99-8b54-16510abadaea@group-C2C9DE719BAF: set configuration 0: [1a275f92-aa29-4e99-8b54-16510abadaea|rpc:10.1.0.59:35911|dataStream:|priority:0, fd6d4eb7-d4eb-4c85-951f-7fa23d5c4e33|rpc:10.1.0.59:37125|dataStream:|priority:0, fdd2c237-e414-4605-b3b4-833d5e073368|rpc:10.1.0.59:38743|dataStream:|priority:1], old=null
2021-10-12 06:05:44,642 [grpc-default-executor-3] INFO  segmented.SegmentedRaftLogWorker (SegmentedRaftLogWorker.java:startLogSegment(394)) - 1a275f92-aa29-4e99-8b54-16510abadaea@group-C2C9DE719BAF-SegmentedRaftLogWorker: Starting segment from index:0
2021-10-12 06:05:44,667 [1a275f92-aa29-4e99-8b54-16510abadaea@group-C2C9DE719BAF-SegmentedRaftLogWorker] INFO  segmented.SegmentedRaftLogWorker (SegmentedRaftLogWorker.java:execute(601)) - 1a275f92-aa29-4e99-8b54-16510abadaea@group-C2C9DE719BAF-SegmentedRaftLogWorker: created new log segment /home/runner/work/ozone/ozone/hadoop-ozone/integration-test/target/test-dir/MiniOzoneClusterImpl-c6dc50ab-6fac-4554-b78d-9440f3e38bfb/datanode-4/data/ratis/329bb935-cfae-4e84-a629-c2c9de719baf/current/log_inprogress_0
2021-10-12 06:05:44,669 [grpc-default-executor-4] INFO  ratis.XceiverServerRatis (XceiverServerRatis.java:handleLeaderChangedNotification(861)) - Leader change notification received for group: group-C2C9DE719BAF with new leaderId: fdd2c237-e414-4605-b3b4-833d5e073368
2021-10-12 06:05:44,669 [grpc-default-executor-4] INFO  server.RaftServer$Division (ServerState.java:setLeader(285)) - fd6d4eb7-d4eb-4c85-951f-7fa23d5c4e33@group-C2C9DE719BAF: change Leader from null to fdd2c237-e414-4605-b3b4-833d5e073368 at term 2 for appendEntries, leader elected after 10386ms
2021-10-12 06:05:44,675 [grpc-default-executor-4] INFO  server.RaftServer$Division (ServerState.java:setRaftConf(387)) - fd6d4eb7-d4eb-4c85-951f-7fa23d5c4e33@group-C2C9DE719BAF: set configuration 0: [1a275f92-aa29-4e99-8b54-16510abadaea|rpc:10.1.0.59:35911|dataStream:|priority:0, fd6d4eb7-d4eb-4c85-951f-7fa23d5c4e33|rpc:10.1.0.59:37125|dataStream:|priority:0, fdd2c237-e414-4605-b3b4-833d5e073368|rpc:10.1.0.59:38743|dataStream:|priority:1], old=null
2021-10-12 06:05:44,675 [grpc-default-executor-4] INFO  segmented.SegmentedRaftLogWorker (SegmentedRaftLogWorker.java:startLogSegment(394)) - fd6d4eb7-d4eb-4c85-951f-7fa23d5c4e33@group-C2C9DE719BAF-SegmentedRaftLogWorker: Starting segment from index:0
2021-10-12 06:05:44,680 [fd6d4eb7-d4eb-4c85-951f-7fa23d5c4e33@group-C2C9DE719BAF-SegmentedRaftLogWorker] INFO  segmented.SegmentedRaftLogWorker (SegmentedRaftLogWorker.java:execute(601)) - fd6d4eb7-d4eb-4c85-951f-7fa23d5c4e33@group-C2C9DE719BAF-SegmentedRaftLogWorker: created new log segment /home/runner/work/ozone/ozone/hadoop-ozone/integration-test/target/test-dir/MiniOzoneClusterImpl-c6dc50ab-6fac-4554-b78d-9440f3e38bfb/datanode-5/data/ratis/329bb935-cfae-4e84-a629-c2c9de719baf/current/log_inprogress_0
2021-10-12 06:05:44,713 [fd6d4eb7-d4eb-4c85-951f-7fa23d5c4e33@group-C5477E2A5DAB-FollowerState] INFO  impl.FollowerState (FollowerState.java:run(134)) - fd6d4eb7-d4eb-4c85-951f-7fa23d5c4e33@group-C5477E2A5DAB-FollowerState: change to CANDIDATE, lastRpcElapsedTime:5015982470ns, electionTimeout:5004ms
2021-10-12 06:05:44,713 [fd6d4eb7-d4eb-4c85-951f-7fa23d5c4e33@group-C5477E2A5DAB-FollowerState] INFO  impl.RoleInfo (RoleInfo.java:shutdownFollowerState(108)) - fd6d4eb7-d4eb-4c85-951f-7fa23d5c4e33: shutdown fd6d4eb7-d4eb-4c85-951f-7fa23d5c4e33@group-C5477E2A5DAB-FollowerState
2021-10-12 06:05:44,713 [fd6d4eb7-d4eb-4c85-951f-7fa23d5c4e33@group-C5477E2A5DAB-FollowerState] INFO  server.RaftServer$Division (RaftServerImpl.java:setRole(285)) - fd6d4eb7-d4eb-4c85-951f-7fa23d5c4e33@group-C5477E2A5DAB: changes role from  FOLLOWER to CANDIDATE at term 1 for changeToCandidate
2021-10-12 06:05:44,713 [fd6d4eb7-d4eb-4c85-951f-7fa23d5c4e33@group-C5477E2A5DAB-FollowerState] INFO  server.RaftServerConfigKeys (ConfUtils.java:logGet(44)) - raft.server.leaderelection.pre-vote = false (custom)
2021-10-12 06:05:44,713 [fd6d4eb7-d4eb-4c85-951f-7fa23d5c4e33@group-C5477E2A5DAB-FollowerState] INFO  impl.RoleInfo (RoleInfo.java:updateAndGet(130)) - fd6d4eb7-d4eb-4c85-951f-7fa23d5c4e33: start fd6d4eb7-d4eb-4c85-951f-7fa23d5c4e33@group-C5477E2A5DAB-LeaderElection97
2021-10-12 06:05:44,730 [fd6d4eb7-d4eb-4c85-951f-7fa23d5c4e33@group-C5477E2A5DAB-LeaderElection97] INFO  impl.LeaderElection (LeaderElection.java:askForVotes(306)) - fd6d4eb7-d4eb-4c85-951f-7fa23d5c4e33@group-C5477E2A5DAB-LeaderElection97 ELECTION round 0: submit vote requests at term 2 for -1: [1a275f92-aa29-4e99-8b54-16510abadaea|rpc:10.1.0.59:35911|dataStream:|priority:0, fd6d4eb7-d4eb-4c85-951f-7fa23d5c4e33|rpc:10.1.0.59:37125|dataStream:|priority:1, fdd2c237-e414-4605-b3b4-833d5e073368|rpc:10.1.0.59:38743|dataStream:|priority:0], old=null
2021-10-12 06:05:44,735 [grpc-default-executor-4] INFO  server.RaftServer$Division (RaftServerImpl.java:requestVote(1043)) - 1a275f92-aa29-4e99-8b54-16510abadaea@group-C5477E2A5DAB: receive requestVote(ELECTION, fd6d4eb7-d4eb-4c85-951f-7fa23d5c4e33, group-C5477E2A5DAB, 2, (t:0, i:0))
2021-10-12 06:05:44,735 [grpc-default-executor-4] INFO  impl.VoteContext (VoteContext.java:log(48)) - 1a275f92-aa29-4e99-8b54-16510abadaea@group-C5477E2A5DAB-FOLLOWER: accept ELECTION from fd6d4eb7-d4eb-4c85-951f-7fa23d5c4e33: our priority 0 <= candidate's priority 1
2021-10-12 06:05:44,735 [grpc-default-executor-4] INFO  server.RaftServer$Division (RaftServerImpl.java:setRole(285)) - 1a275f92-aa29-4e99-8b54-16510abadaea@group-C5477E2A5DAB: changes role from  FOLLOWER to FOLLOWER at term 2 for candidate:fd6d4eb7-d4eb-4c85-951f-7fa23d5c4e33
2021-10-12 06:05:44,735 [grpc-default-executor-4] INFO  impl.RoleInfo (RoleInfo.java:shutdownFollowerState(108)) - 1a275f92-aa29-4e99-8b54-16510abadaea: shutdown 1a275f92-aa29-4e99-8b54-16510abadaea@group-C5477E2A5DAB-FollowerState
2021-10-12 06:05:44,735 [grpc-default-executor-4] INFO  impl.RoleInfo (RoleInfo.java:updateAndGet(130)) - 1a275f92-aa29-4e99-8b54-16510abadaea: start 1a275f92-aa29-4e99-8b54-16510abadaea@group-C5477E2A5DAB-FollowerState
2021-10-12 06:05:44,735 [1a275f92-aa29-4e99-8b54-16510abadaea@group-C5477E2A5DAB-FollowerState] INFO  impl.FollowerState (FollowerState.java:run(143)) - 1a275f92-aa29-4e99-8b54-16510abadaea@group-C5477E2A5DAB-FollowerState was interrupted: {}
java.lang.InterruptedException: sleep interrupted
	at java.lang.Thread.sleep(Native Method)
	at java.lang.Thread.sleep(Thread.java:340)
	at java.util.concurrent.TimeUnit.sleep(TimeUnit.java:386)
	at org.apache.ratis.util.TimeDuration.sleep(TimeDuration.java:324)
	at org.apache.ratis.util.TimeDuration.sleep(TimeDuration.java:309)
	at org.apache.ratis.server.impl.FollowerState.run(FollowerState.java:118)
2021-10-12 06:05:44,736 [grpc-default-executor-3] INFO  server.RaftServer$Division (RaftServerImpl.java:requestVote(1043)) - fdd2c237-e414-4605-b3b4-833d5e073368@group-C5477E2A5DAB: receive requestVote(ELECTION, fd6d4eb7-d4eb-4c85-951f-7fa23d5c4e33, group-C5477E2A5DAB, 2, (t:0, i:0))
2021-10-12 06:05:44,736 [grpc-default-executor-3] INFO  impl.VoteContext (VoteContext.java:log(48)) - fdd2c237-e414-4605-b3b4-833d5e073368@group-C5477E2A5DAB-FOLLOWER: accept ELECTION from fd6d4eb7-d4eb-4c85-951f-7fa23d5c4e33: our priority 0 <= candidate's priority 1
2021-10-12 06:05:44,736 [grpc-default-executor-3] INFO  server.RaftServer$Division (RaftServerImpl.java:setRole(285)) - fdd2c237-e414-4605-b3b4-833d5e073368@group-C5477E2A5DAB: changes role from  FOLLOWER to FOLLOWER at term 2 for candidate:fd6d4eb7-d4eb-4c85-951f-7fa23d5c4e33
2021-10-12 06:05:44,736 [grpc-default-executor-3] INFO  impl.RoleInfo (RoleInfo.java:shutdownFollowerState(108)) - fdd2c237-e414-4605-b3b4-833d5e073368: shutdown fdd2c237-e414-4605-b3b4-833d5e073368@group-C5477E2A5DAB-FollowerState
2021-10-12 06:05:44,739 [fdd2c237-e414-4605-b3b4-833d5e073368@group-C5477E2A5DAB-FollowerState] INFO  impl.FollowerState (FollowerState.java:run(127)) - fdd2c237-e414-4605-b3b4-833d5e073368@group-C5477E2A5DAB-FollowerState: Stopping now (isRunning? false, isFollower? true)
2021-10-12 06:05:44,750 [grpc-default-executor-3] INFO  impl.RoleInfo (RoleInfo.java:updateAndGet(130)) - fdd2c237-e414-4605-b3b4-833d5e073368: start fdd2c237-e414-4605-b3b4-833d5e073368@group-C5477E2A5DAB-FollowerState
2021-10-12 06:05:44,758 [grpc-default-executor-4] INFO  server.RaftServer$Division (RaftServerImpl.java:requestVote(1075)) - 1a275f92-aa29-4e99-8b54-16510abadaea@group-C5477E2A5DAB replies to ELECTION vote request: fd6d4eb7-d4eb-4c85-951f-7fa23d5c4e33<-1a275f92-aa29-4e99-8b54-16510abadaea#0:OK-t2. Peer's state: 1a275f92-aa29-4e99-8b54-16510abadaea@group-C5477E2A5DAB:t2, leader=null, voted=fd6d4eb7-d4eb-4c85-951f-7fa23d5c4e33, raftlog=1a275f92-aa29-4e99-8b54-16510abadaea@group-C5477E2A5DAB-SegmentedRaftLog:OPENED:c-1,f-1,i0, conf=-1: [1a275f92-aa29-4e99-8b54-16510abadaea|rpc:10.1.0.59:35911|priority:0, fd6d4eb7-d4eb-4c85-951f-7fa23d5c4e33|rpc:10.1.0.59:37125|priority:1, fdd2c237-e414-4605-b3b4-833d5e073368|rpc:10.1.0.59:38743|priority:0], old=null
2021-10-12 06:05:44,759 [fd6d4eb7-d4eb-4c85-951f-7fa23d5c4e33@group-C5477E2A5DAB-LeaderElection97] INFO  impl.LeaderElection (LeaderElection.java:logAndReturn(89)) - fd6d4eb7-d4eb-4c85-951f-7fa23d5c4e33@group-C5477E2A5DAB-LeaderElection97: ELECTION PASSED received 1 response(s) and 0 exception(s):
2021-10-12 06:05:44,759 [fd6d4eb7-d4eb-4c85-951f-7fa23d5c4e33@group-C5477E2A5DAB-LeaderElection97] INFO  impl.LeaderElection (LeaderElection.java:logAndReturn(93)) -   Response 0: fd6d4eb7-d4eb-4c85-951f-7fa23d5c4e33<-1a275f92-aa29-4e99-8b54-16510abadaea#0:OK-t2
2021-10-12 06:05:44,759 [fd6d4eb7-d4eb-4c85-951f-7fa23d5c4e33@group-C5477E2A5DAB-LeaderElection97] INFO  impl.LeaderElection (LeaderElection.java:askForVotes(308)) - fd6d4eb7-d4eb-4c85-951f-7fa23d5c4e33@group-C5477E2A5DAB-LeaderElection97 ELECTION round 0: result PASSED
2021-10-12 06:05:44,759 [fd6d4eb7-d4eb-4c85-951f-7fa23d5c4e33@group-C5477E2A5DAB-LeaderElection97] INFO  impl.RoleInfo (RoleInfo.java:shutdownLeaderElection(121)) - fd6d4eb7-d4eb-4c85-951f-7fa23d5c4e33: shutdown fd6d4eb7-d4eb-4c85-951f-7fa23d5c4e33@group-C5477E2A5DAB-LeaderElection97
2021-10-12 06:05:44,759 [fd6d4eb7-d4eb-4c85-951f-7fa23d5c4e33@group-C5477E2A5DAB-LeaderElection97] INFO  server.RaftServer$Division (RaftServerImpl.java:setRole(285)) - fd6d4eb7-d4eb-4c85-951f-7fa23d5c4e33@group-C5477E2A5DAB: changes role from CANDIDATE to LEADER at term 2 for changeToLeader
2021-10-12 06:05:44,759 [fd6d4eb7-d4eb-4c85-951f-7fa23d5c4e33@group-C5477E2A5DAB-LeaderElection97] INFO  ratis.XceiverServerRatis (XceiverServerRatis.java:handleLeaderChangedNotification(861)) - Leader change notification received for group: group-C5477E2A5DAB with new leaderId: fd6d4eb7-d4eb-4c85-951f-7fa23d5c4e33
2021-10-12 06:05:44,759 [fd6d4eb7-d4eb-4c85-951f-7fa23d5c4e33@group-C5477E2A5DAB-LeaderElection97] INFO  server.RaftServer$Division (ServerState.java:setLeader(285)) - fd6d4eb7-d4eb-4c85-951f-7fa23d5c4e33@group-C5477E2A5DAB: change Leader from null to fd6d4eb7-d4eb-4c85-951f-7fa23d5c4e33 at term 2 for becomeLeader, leader elected after 10160ms
2021-10-12 06:05:44,759 [fd6d4eb7-d4eb-4c85-951f-7fa23d5c4e33@group-C5477E2A5DAB-LeaderElection97] INFO  server.RaftServerConfigKeys (ConfUtils.java:logGet(44)) - raft.server.staging.catchup.gap = 1000 (default)
2021-10-12 06:05:44,759 [fd6d4eb7-d4eb-4c85-951f-7fa23d5c4e33@group-C5477E2A5DAB-LeaderElection97] INFO  server.RaftServerConfigKeys (ConfUtils.java:logGet(44)) - raft.server.write.element-limit = 1024 (custom)
2021-10-12 06:05:44,759 [fd6d4eb7-d4eb-4c85-951f-7fa23d5c4e33@group-C5477E2A5DAB-LeaderElection97] INFO  server.RaftServerConfigKeys (ConfUtils.java:logGet(44)) - raft.server.write.byte-limit = 1024 M (=1073741824) (custom)
2021-10-12 06:05:44,760 [fd6d4eb7-d4eb-4c85-951f-7fa23d5c4e33@group-C5477E2A5DAB-LeaderElection97] INFO  server.RaftServerConfigKeys (ConfUtils.java:logGet(44)) - raft.server.watch.timeout = 3000ms (custom)
2021-10-12 06:05:44,760 [fd6d4eb7-d4eb-4c85-951f-7fa23d5c4e33@group-C5477E2A5DAB-LeaderElection97] INFO  server.RaftServerConfigKeys (ConfUtils.java:logGet(44)) - raft.server.watch.timeout.denomination = 1s (default)
2021-10-12 06:05:44,760 [fd6d4eb7-d4eb-4c85-951f-7fa23d5c4e33@group-C5477E2A5DAB-LeaderElection97] INFO  server.RaftServerConfigKeys (ConfUtils.java:logGet(44)) - raft.server.watch.element-limit = 65536 (default)
2021-10-12 06:05:44,760 [fd6d4eb7-d4eb-4c85-951f-7fa23d5c4e33@group-C5477E2A5DAB-LeaderElection97] INFO  server.RaftServerConfigKeys (ConfUtils.java:logGet(44)) - raft.server.log.appender.snapshot.chunk.size.max = 16MB (=16777216) (default)
2021-10-12 06:05:44,760 [fd6d4eb7-d4eb-4c85-951f-7fa23d5c4e33@group-C5477E2A5DAB-LeaderElection97] INFO  server.RaftServerConfigKeys (ConfUtils.java:logGet(44)) - raft.server.log.appender.buffer.byte-limit = 33554432 (custom)
2021-10-12 06:05:44,760 [fd6d4eb7-d4eb-4c85-951f-7fa23d5c4e33@group-C5477E2A5DAB-LeaderElection97] INFO  server.RaftServerConfigKeys (ConfUtils.java:logGet(44)) - raft.server.log.appender.buffer.element-limit = 1 (custom)
2021-10-12 06:05:44,760 [fd6d4eb7-d4eb-4c85-951f-7fa23d5c4e33@group-C5477E2A5DAB-LeaderElection97] INFO  grpc.GrpcConfigKeys (ConfUtils.java:logGet(44)) - raft.grpc.server.leader.outstanding.appends.max = 128 (default)
2021-10-12 06:05:44,760 [fd6d4eb7-d4eb-4c85-951f-7fa23d5c4e33@group-C5477E2A5DAB-LeaderElection97] INFO  server.RaftServerConfigKeys (ConfUtils.java:logGet(44)) - raft.server.rpc.request.timeout = 3000ms (default)
2021-10-12 06:05:44,760 [fd6d4eb7-d4eb-4c85-951f-7fa23d5c4e33@group-C5477E2A5DAB-LeaderElection97] INFO  server.RaftServerConfigKeys (ConfUtils.java:logGet(44)) - raft.server.log.appender.install.snapshot.enabled = false (custom)
2021-10-12 06:05:44,761 [fd6d4eb7-d4eb-4c85-951f-7fa23d5c4e33@group-C5477E2A5DAB-LeaderElection97] INFO  server.RaftServerConfigKeys (ConfUtils.java:logGet(44)) - raft.server.log.appender.snapshot.chunk.size.max = 16MB (=16777216) (default)
2021-10-12 06:05:44,761 [fd6d4eb7-d4eb-4c85-951f-7fa23d5c4e33@group-C5477E2A5DAB-LeaderElection97] INFO  server.RaftServerConfigKeys (ConfUtils.java:logGet(44)) - raft.server.log.appender.buffer.byte-limit = 33554432 (custom)
2021-10-12 06:05:44,761 [fd6d4eb7-d4eb-4c85-951f-7fa23d5c4e33@group-C5477E2A5DAB-LeaderElection97] INFO  server.RaftServerConfigKeys (ConfUtils.java:logGet(44)) - raft.server.log.appender.buffer.element-limit = 1 (custom)
2021-10-12 06:05:44,761 [fd6d4eb7-d4eb-4c85-951f-7fa23d5c4e33@group-C5477E2A5DAB-LeaderElection97] INFO  grpc.GrpcConfigKeys (ConfUtils.java:logGet(44)) - raft.grpc.server.leader.outstanding.appends.max = 128 (default)
2021-10-12 06:05:44,761 [fd6d4eb7-d4eb-4c85-951f-7fa23d5c4e33@group-C5477E2A5DAB-LeaderElection97] INFO  server.RaftServerConfigKeys (ConfUtils.java:logGet(44)) - raft.server.rpc.request.timeout = 3000ms (default)
2021-10-12 06:05:44,761 [fd6d4eb7-d4eb-4c85-951f-7fa23d5c4e33@group-C5477E2A5DAB-LeaderElection97] INFO  server.RaftServerConfigKeys (ConfUtils.java:logGet(44)) - raft.server.log.appender.install.snapshot.enabled = false (custom)
2021-10-12 06:05:44,762 [Datanode State Machine Thread - 0] WARN  statemachine.StateContext (StateContext.java:execute(621)) - No available thread in pool for past 1 seconds.
2021-10-12 06:05:44,763 [EventQueue-PipelineReportForPipelineReportHandler] INFO  pipeline.PipelineManagerImpl (PipelineManagerImpl.java:openPipeline(282)) - Pipeline Pipeline[ Id: 11f238a1-a81c-4d19-9df2-c5477e2a5dab, Nodes: 1a275f92-aa29-4e99-8b54-16510abadaea{ip: 10.1.0.59, host: fv-az297-361.nmf1rxwemy4u5di1sxxf4ejcwb.jx.internal.cloudapp.net, ports: [REPLICATION=44151, RATIS=35911, RATIS_ADMIN=35911, RATIS_SERVER=35911, STANDALONE=45949], networkLocation: /default-rack, certSerialId: null, persistedOpState: IN_SERVICE, persistedOpStateExpiryEpochSec: 0}fd6d4eb7-d4eb-4c85-951f-7fa23d5c4e33{ip: 10.1.0.59, host: fv-az297-361.nmf1rxwemy4u5di1sxxf4ejcwb.jx.internal.cloudapp.net, ports: [REPLICATION=36033, RATIS=37125, RATIS_ADMIN=37125, RATIS_SERVER=37125, STANDALONE=44425], networkLocation: /default-rack, certSerialId: null, persistedOpState: IN_SERVICE, persistedOpStateExpiryEpochSec: 0}fdd2c237-e414-4605-b3b4-833d5e073368{ip: 10.1.0.59, host: fv-az297-361.nmf1rxwemy4u5di1sxxf4ejcwb.jx.internal.cloudapp.net, ports: [REPLICATION=33853, RATIS=38743, RATIS_ADMIN=38743, RATIS_SERVER=38743, STANDALONE=36483], networkLocation: /default-rack, certSerialId: null, persistedOpState: IN_SERVICE, persistedOpStateExpiryEpochSec: 0}, ReplicationConfig: RATIS/THREE, State:ALLOCATED, leaderId:fd6d4eb7-d4eb-4c85-951f-7fa23d5c4e33, CreationTimestamp2021-10-12T06:05:31.879Z[Etc/UTC]] moved to OPEN state
2021-10-12 06:05:44,766 [grpc-default-executor-3] INFO  server.RaftServer$Division (RaftServerImpl.java:requestVote(1075)) - fdd2c237-e414-4605-b3b4-833d5e073368@group-C5477E2A5DAB replies to ELECTION vote request: fd6d4eb7-d4eb-4c85-951f-7fa23d5c4e33<-fdd2c237-e414-4605-b3b4-833d5e073368#0:OK-t2. Peer's state: fdd2c237-e414-4605-b3b4-833d5e073368@group-C5477E2A5DAB:t2, leader=null, voted=fd6d4eb7-d4eb-4c85-951f-7fa23d5c4e33, raftlog=fdd2c237-e414-4605-b3b4-833d5e073368@group-C5477E2A5DAB-SegmentedRaftLog:OPENED:c-1,f-1,i0, conf=-1: [1a275f92-aa29-4e99-8b54-16510abadaea|rpc:10.1.0.59:35911|priority:0, fd6d4eb7-d4eb-4c85-951f-7fa23d5c4e33|rpc:10.1.0.59:37125|priority:1, fdd2c237-e414-4605-b3b4-833d5e073368|rpc:10.1.0.59:38743|priority:0], old=null
2021-10-12 06:05:44,769 [fd6d4eb7-d4eb-4c85-951f-7fa23d5c4e33@group-C5477E2A5DAB-LeaderElection97] INFO  impl.RoleInfo (RoleInfo.java:updateAndGet(130)) - fd6d4eb7-d4eb-4c85-951f-7fa23d5c4e33: start fd6d4eb7-d4eb-4c85-951f-7fa23d5c4e33@group-C5477E2A5DAB-LeaderStateImpl
2021-10-12 06:05:44,769 [fd6d4eb7-d4eb-4c85-951f-7fa23d5c4e33@group-C5477E2A5DAB-LeaderElection97] INFO  segmented.SegmentedRaftLogWorker (SegmentedRaftLogWorker.java:startLogSegment(394)) - fd6d4eb7-d4eb-4c85-951f-7fa23d5c4e33@group-C5477E2A5DAB-SegmentedRaftLogWorker: Starting segment from index:0
2021-10-12 06:05:44,771 [fd6d4eb7-d4eb-4c85-951f-7fa23d5c4e33@group-C5477E2A5DAB-SegmentedRaftLogWorker] INFO  segmented.SegmentedRaftLogWorker (SegmentedRaftLogWorker.java:execute(601)) - fd6d4eb7-d4eb-4c85-951f-7fa23d5c4e33@group-C5477E2A5DAB-SegmentedRaftLogWorker: created new log segment /home/runner/work/ozone/ozone/hadoop-ozone/integration-test/target/test-dir/MiniOzoneClusterImpl-c6dc50ab-6fac-4554-b78d-9440f3e38bfb/datanode-5/data/ratis/11f238a1-a81c-4d19-9df2-c5477e2a5dab/current/log_inprogress_0
2021-10-12 06:05:44,804 [fd6d4eb7-d4eb-4c85-951f-7fa23d5c4e33@group-C5477E2A5DAB-LeaderElection97] INFO  server.RaftServer$Division (ServerState.java:setRaftConf(387)) - fd6d4eb7-d4eb-4c85-951f-7fa23d5c4e33@group-C5477E2A5DAB: set configuration 0: [1a275f92-aa29-4e99-8b54-16510abadaea|rpc:10.1.0.59:35911|dataStream:|priority:0, fd6d4eb7-d4eb-4c85-951f-7fa23d5c4e33|rpc:10.1.0.59:37125|dataStream:|priority:1, fdd2c237-e414-4605-b3b4-833d5e073368|rpc:10.1.0.59:38743|dataStream:|priority:0], old=null
2021-10-12 06:05:44,807 [grpc-default-executor-3] INFO  ratis.XceiverServerRatis (XceiverServerRatis.java:handleLeaderChangedNotification(861)) - Leader change notification received for group: group-C5477E2A5DAB with new leaderId: fd6d4eb7-d4eb-4c85-951f-7fa23d5c4e33
2021-10-12 06:05:44,807 [grpc-default-executor-3] INFO  server.RaftServer$Division (ServerState.java:setLeader(285)) - 1a275f92-aa29-4e99-8b54-16510abadaea@group-C5477E2A5DAB: change Leader from null to fd6d4eb7-d4eb-4c85-951f-7fa23d5c4e33 at term 2 for appendEntries, leader elected after 10365ms
2021-10-12 06:05:44,810 [grpc-default-executor-3] INFO  server.RaftServer$Division (ServerState.java:setRaftConf(387)) - 1a275f92-aa29-4e99-8b54-16510abadaea@group-C5477E2A5DAB: set configuration 0: [1a275f92-aa29-4e99-8b54-16510abadaea|rpc:10.1.0.59:35911|dataStream:|priority:0, fd6d4eb7-d4eb-4c85-951f-7fa23d5c4e33|rpc:10.1.0.59:37125|dataStream:|priority:1, fdd2c237-e414-4605-b3b4-833d5e073368|rpc:10.1.0.59:38743|dataStream:|priority:0], old=null
2021-10-12 06:05:44,810 [grpc-default-executor-3] INFO  segmented.SegmentedRaftLogWorker (SegmentedRaftLogWorker.java:startLogSegment(394)) - 1a275f92-aa29-4e99-8b54-16510abadaea@group-C5477E2A5DAB-SegmentedRaftLogWorker: Starting segment from index:0
2021-10-12 06:05:44,812 [1a275f92-aa29-4e99-8b54-16510abadaea@group-C5477E2A5DAB-SegmentedRaftLogWorker] INFO  segmented.SegmentedRaftLogWorker (SegmentedRaftLogWorker.java:execute(601)) - 1a275f92-aa29-4e99-8b54-16510abadaea@group-C5477E2A5DAB-SegmentedRaftLogWorker: created new log segment /home/runner/work/ozone/ozone/hadoop-ozone/integration-test/target/test-dir/MiniOzoneClusterImpl-c6dc50ab-6fac-4554-b78d-9440f3e38bfb/datanode-4/data/ratis/11f238a1-a81c-4d19-9df2-c5477e2a5dab/current/log_inprogress_0
2021-10-12 06:05:44,862 [grpc-default-executor-1] INFO  ratis.XceiverServerRatis (XceiverServerRatis.java:handleLeaderChangedNotification(861)) - Leader change notification received for group: group-C5477E2A5DAB with new leaderId: fd6d4eb7-d4eb-4c85-951f-7fa23d5c4e33
2021-10-12 06:05:44,862 [grpc-default-executor-1] INFO  server.RaftServer$Division (ServerState.java:setLeader(285)) - fdd2c237-e414-4605-b3b4-833d5e073368@group-C5477E2A5DAB: change Leader from null to fd6d4eb7-d4eb-4c85-951f-7fa23d5c4e33 at term 2 for appendEntries, leader elected after 10358ms
2021-10-12 06:05:44,877 [grpc-default-executor-4] INFO  server.RaftServer$Division (ServerState.java:setRaftConf(387)) - fdd2c237-e414-4605-b3b4-833d5e073368@group-C5477E2A5DAB: set configuration 0: [1a275f92-aa29-4e99-8b54-16510abadaea|rpc:10.1.0.59:35911|dataStream:|priority:0, fd6d4eb7-d4eb-4c85-951f-7fa23d5c4e33|rpc:10.1.0.59:37125|dataStream:|priority:1, fdd2c237-e414-4605-b3b4-833d5e073368|rpc:10.1.0.59:38743|dataStream:|priority:0], old=null
2021-10-12 06:05:44,877 [grpc-default-executor-4] INFO  segmented.SegmentedRaftLogWorker (SegmentedRaftLogWorker.java:startLogSegment(394)) - fdd2c237-e414-4605-b3b4-833d5e073368@group-C5477E2A5DAB-SegmentedRaftLogWorker: Starting segment from index:0
2021-10-12 06:05:44,882 [fdd2c237-e414-4605-b3b4-833d5e073368@group-C5477E2A5DAB-SegmentedRaftLogWorker] INFO  segmented.SegmentedRaftLogWorker (SegmentedRaftLogWorker.java:execute(601)) - fdd2c237-e414-4605-b3b4-833d5e073368@group-C5477E2A5DAB-SegmentedRaftLogWorker: created new log segment /home/runner/work/ozone/ozone/hadoop-ozone/integration-test/target/test-dir/MiniOzoneClusterImpl-c6dc50ab-6fac-4554-b78d-9440f3e38bfb/datanode-3/data/ratis/11f238a1-a81c-4d19-9df2-c5477e2a5dab/current/log_inprogress_0
2021-10-12 06:05:45,826 [grpc-default-executor-4] WARN  server.GrpcLogAppender (LogUtils.java:warn(122)) - 69929a81-75b5-4e59-a9cb-c7e6f0fb6fd6@group-C2DAA97EBB05->f6edce37-208d-40f1-ab7e-323414b00593-AppendLogResponseHandler: Failed appendEntries: org.apache.ratis.thirdparty.io.grpc.StatusRuntimeException: UNAVAILABLE: io exception
2021-10-12 06:05:45,827 [grpc-default-executor-4] WARN  server.GrpcLogAppender (GrpcLogAppender.java:resetClient(111)) - 69929a81-75b5-4e59-a9cb-c7e6f0fb6fd6@group-C2DAA97EBB05->f6edce37-208d-40f1-ab7e-323414b00593-GrpcLogAppender: Leader has not got in touch with Follower 69929a81-75b5-4e59-a9cb-c7e6f0fb6fd6@group-C2DAA97EBB05->f6edce37-208d-40f1-ab7e-323414b00593(c-1,m0,n1, attendVote=true, lastRpcSendTime=2523, lastRpcResponseTime=2503) yet, just keep nextIndex unchanged and retry.
2021-10-12 06:05:47,114 [Listener at 127.0.0.1/38829] INFO  statemachine.DatanodeStateMachine (DatanodeStateMachine.java:stopDaemon(522)) - Ozone container server stopped.
2021-10-12 06:05:47,115 [Listener at 127.0.0.1/38829] INFO  handler.ContextHandler (ContextHandler.java:doStop(1153)) - Stopped o.e.j.w.WebAppContext@1b8a1fed{hddsDatanode,/,null,STOPPED}{jar:file:/home/runner/.m2/repository/org/apache/ozone/hdds-container-service/1.2.0-SNAPSHOT/hdds-container-service-1.2.0-SNAPSHOT.jar!/webapps/hddsDatanode}
2021-10-12 06:05:47,127 [Listener at 127.0.0.1/38829] INFO  server.AbstractConnector (AbstractConnector.java:doStop(381)) - Stopped ServerConnector@72715a52{HTTP/1.1, (http/1.1)}{0.0.0.0:0}
2021-10-12 06:05:47,128 [Listener at 127.0.0.1/38829] INFO  server.session (HouseKeeper.java:stopScavenging(149)) - node0 Stopped scavenging
2021-10-12 06:05:47,128 [Listener at 127.0.0.1/38829] INFO  handler.ContextHandler (ContextHandler.java:doStop(1153)) - Stopped o.e.j.s.ServletContextHandler@5e4abd64{static,/static,jar:file:/home/runner/.m2/repository/org/apache/ozone/hdds-container-service/1.2.0-SNAPSHOT/hdds-container-service-1.2.0-SNAPSHOT.jar!/webapps/static,STOPPED}
2021-10-12 06:05:47,128 [Listener at 127.0.0.1/38829] INFO  handler.ContextHandler (ContextHandler.java:doStop(1153)) - Stopped o.e.j.s.ServletContextHandler@177981fa{logs,/logs,file:///home/runner/work/ozone/ozone/hadoop-ozone/integration-test/target/log,STOPPED}
2021-10-12 06:05:47,735 [a928fc34-d4b3-4f47-b859-83818f25ed6e@group-AB0AE3F98C36-FollowerState] INFO  impl.FollowerState (FollowerState.java:run(134)) - a928fc34-d4b3-4f47-b859-83818f25ed6e@group-AB0AE3F98C36-FollowerState: change to CANDIDATE, lastRpcElapsedTime:5060806053ns, electionTimeout:5028ms
2021-10-12 06:05:47,735 [a928fc34-d4b3-4f47-b859-83818f25ed6e@group-AB0AE3F98C36-FollowerState] INFO  impl.RoleInfo (RoleInfo.java:shutdownFollowerState(108)) - a928fc34-d4b3-4f47-b859-83818f25ed6e: shutdown a928fc34-d4b3-4f47-b859-83818f25ed6e@group-AB0AE3F98C36-FollowerState
2021-10-12 06:05:47,735 [a928fc34-d4b3-4f47-b859-83818f25ed6e@group-AB0AE3F98C36-FollowerState] INFO  server.RaftServer$Division (RaftServerImpl.java:setRole(285)) - a928fc34-d4b3-4f47-b859-83818f25ed6e@group-AB0AE3F98C36: changes role from  FOLLOWER to CANDIDATE at term 2 for changeToCandidate
2021-10-12 06:05:47,735 [a928fc34-d4b3-4f47-b859-83818f25ed6e@group-AB0AE3F98C36-FollowerState] INFO  server.RaftServerConfigKeys (ConfUtils.java:logGet(44)) - raft.server.leaderelection.pre-vote = false (custom)
2021-10-12 06:05:47,735 [a928fc34-d4b3-4f47-b859-83818f25ed6e@group-AB0AE3F98C36-FollowerState] INFO  impl.RoleInfo (RoleInfo.java:updateAndGet(130)) - a928fc34-d4b3-4f47-b859-83818f25ed6e: start a928fc34-d4b3-4f47-b859-83818f25ed6e@group-AB0AE3F98C36-LeaderElection98
2021-10-12 06:05:47,745 [a928fc34-d4b3-4f47-b859-83818f25ed6e@group-AB0AE3F98C36-LeaderElection98] INFO  impl.LeaderElection (LeaderElection.java:askForVotes(306)) - a928fc34-d4b3-4f47-b859-83818f25ed6e@group-AB0AE3F98C36-LeaderElection98 ELECTION round 0: submit vote requests at term 3 for -1: [69929a81-75b5-4e59-a9cb-c7e6f0fb6fd6|rpc:10.1.0.59:40555|dataStream:|priority:0, a928fc34-d4b3-4f47-b859-83818f25ed6e|rpc:10.1.0.59:35709|dataStream:|priority:1, f6edce37-208d-40f1-ab7e-323414b00593|rpc:10.1.0.59:35829|dataStream:|priority:0], old=null
2021-10-12 06:05:47,797 [grpc-default-executor-4] INFO  server.RaftServer$Division (RaftServerImpl.java:requestVote(1043)) - 69929a81-75b5-4e59-a9cb-c7e6f0fb6fd6@group-AB0AE3F98C36: receive requestVote(ELECTION, a928fc34-d4b3-4f47-b859-83818f25ed6e, group-AB0AE3F98C36, 3, (t:0, i:0))
2021-10-12 06:05:47,797 [grpc-default-executor-4] INFO  impl.VoteContext (VoteContext.java:log(48)) - 69929a81-75b5-4e59-a9cb-c7e6f0fb6fd6@group-AB0AE3F98C36-FOLLOWER: accept ELECTION from a928fc34-d4b3-4f47-b859-83818f25ed6e: our priority 0 <= candidate's priority 1
2021-10-12 06:05:47,797 [grpc-default-executor-4] INFO  server.RaftServer$Division (RaftServerImpl.java:setRole(285)) - 69929a81-75b5-4e59-a9cb-c7e6f0fb6fd6@group-AB0AE3F98C36: changes role from  FOLLOWER to FOLLOWER at term 3 for candidate:a928fc34-d4b3-4f47-b859-83818f25ed6e
2021-10-12 06:05:47,797 [grpc-default-executor-4] INFO  impl.RoleInfo (RoleInfo.java:shutdownFollowerState(108)) - 69929a81-75b5-4e59-a9cb-c7e6f0fb6fd6: shutdown 69929a81-75b5-4e59-a9cb-c7e6f0fb6fd6@group-AB0AE3F98C36-FollowerState
2021-10-12 06:05:47,797 [grpc-default-executor-4] INFO  impl.RoleInfo (RoleInfo.java:updateAndGet(130)) - 69929a81-75b5-4e59-a9cb-c7e6f0fb6fd6: start 69929a81-75b5-4e59-a9cb-c7e6f0fb6fd6@group-AB0AE3F98C36-FollowerState
2021-10-12 06:05:47,797 [69929a81-75b5-4e59-a9cb-c7e6f0fb6fd6@group-AB0AE3F98C36-FollowerState] INFO  impl.FollowerState (FollowerState.java:run(143)) - 69929a81-75b5-4e59-a9cb-c7e6f0fb6fd6@group-AB0AE3F98C36-FollowerState was interrupted: {}
java.lang.InterruptedException: sleep interrupted
	at java.lang.Thread.sleep(Native Method)
	at java.lang.Thread.sleep(Thread.java:340)
	at java.util.concurrent.TimeUnit.sleep(TimeUnit.java:386)
	at org.apache.ratis.util.TimeDuration.sleep(TimeDuration.java:324)
	at org.apache.ratis.util.TimeDuration.sleep(TimeDuration.java:309)
	at org.apache.ratis.server.impl.FollowerState.run(FollowerState.java:118)
2021-10-12 06:05:47,818 [grpc-default-executor-4] INFO  server.RaftServer$Division (RaftServerImpl.java:requestVote(1075)) - 69929a81-75b5-4e59-a9cb-c7e6f0fb6fd6@group-AB0AE3F98C36 replies to ELECTION vote request: a928fc34-d4b3-4f47-b859-83818f25ed6e<-69929a81-75b5-4e59-a9cb-c7e6f0fb6fd6#0:OK-t3. Peer's state: 69929a81-75b5-4e59-a9cb-c7e6f0fb6fd6@group-AB0AE3F98C36:t3, leader=null, voted=a928fc34-d4b3-4f47-b859-83818f25ed6e, raftlog=69929a81-75b5-4e59-a9cb-c7e6f0fb6fd6@group-AB0AE3F98C36-SegmentedRaftLog:OPENED:c-1,f-1,i0, conf=-1: [69929a81-75b5-4e59-a9cb-c7e6f0fb6fd6|rpc:10.1.0.59:40555|priority:0, a928fc34-d4b3-4f47-b859-83818f25ed6e|rpc:10.1.0.59:35709|priority:1, f6edce37-208d-40f1-ab7e-323414b00593|rpc:10.1.0.59:35829|priority:0], old=null
2021-10-12 06:05:47,830 [a928fc34-d4b3-4f47-b859-83818f25ed6e@group-AB0AE3F98C36-LeaderElection98] INFO  impl.LeaderElection (LeaderElection.java:logAndReturn(89)) - a928fc34-d4b3-4f47-b859-83818f25ed6e@group-AB0AE3F98C36-LeaderElection98: ELECTION PASSED received 1 response(s) and 0 exception(s):
2021-10-12 06:05:47,830 [a928fc34-d4b3-4f47-b859-83818f25ed6e@group-AB0AE3F98C36-LeaderElection98] INFO  impl.LeaderElection (LeaderElection.java:logAndReturn(93)) -   Response 0: a928fc34-d4b3-4f47-b859-83818f25ed6e<-69929a81-75b5-4e59-a9cb-c7e6f0fb6fd6#0:OK-t3
2021-10-12 06:05:47,830 [a928fc34-d4b3-4f47-b859-83818f25ed6e@group-AB0AE3F98C36-LeaderElection98] INFO  impl.LeaderElection (LeaderElection.java:askForVotes(308)) - a928fc34-d4b3-4f47-b859-83818f25ed6e@group-AB0AE3F98C36-LeaderElection98 ELECTION round 0: result PASSED
2021-10-12 06:05:47,830 [a928fc34-d4b3-4f47-b859-83818f25ed6e@group-AB0AE3F98C36-LeaderElection98] INFO  impl.RoleInfo (RoleInfo.java:shutdownLeaderElection(121)) - a928fc34-d4b3-4f47-b859-83818f25ed6e: shutdown a928fc34-d4b3-4f47-b859-83818f25ed6e@group-AB0AE3F98C36-LeaderElection98
2021-10-12 06:05:47,830 [a928fc34-d4b3-4f47-b859-83818f25ed6e@group-AB0AE3F98C36-LeaderElection98] INFO  server.RaftServer$Division (RaftServerImpl.java:setRole(285)) - a928fc34-d4b3-4f47-b859-83818f25ed6e@group-AB0AE3F98C36: changes role from CANDIDATE to LEADER at term 3 for changeToLeader
2021-10-12 06:05:47,830 [a928fc34-d4b3-4f47-b859-83818f25ed6e@group-AB0AE3F98C36-LeaderElection98] INFO  ratis.XceiverServerRatis (XceiverServerRatis.java:handleLeaderChangedNotification(861)) - Leader change notification received for group: group-AB0AE3F98C36 with new leaderId: a928fc34-d4b3-4f47-b859-83818f25ed6e
2021-10-12 06:05:47,830 [a928fc34-d4b3-4f47-b859-83818f25ed6e@group-AB0AE3F98C36-LeaderElection98] INFO  server.RaftServer$Division (ServerState.java:setLeader(285)) - a928fc34-d4b3-4f47-b859-83818f25ed6e@group-AB0AE3F98C36: change Leader from null to a928fc34-d4b3-4f47-b859-83818f25ed6e at term 3 for becomeLeader, leader elected after 15155ms
2021-10-12 06:05:47,830 [a928fc34-d4b3-4f47-b859-83818f25ed6e@group-AB0AE3F98C36-LeaderElection98] INFO  server.RaftServerConfigKeys (ConfUtils.java:logGet(44)) - raft.server.staging.catchup.gap = 1000 (default)
2021-10-12 06:05:47,830 [a928fc34-d4b3-4f47-b859-83818f25ed6e@group-AB0AE3F98C36-LeaderElection98] INFO  server.RaftServerConfigKeys (ConfUtils.java:logGet(44)) - raft.server.write.element-limit = 1024 (custom)
2021-10-12 06:05:47,830 [a928fc34-d4b3-4f47-b859-83818f25ed6e@group-AB0AE3F98C36-LeaderElection98] INFO  server.RaftServerConfigKeys (ConfUtils.java:logGet(44)) - raft.server.write.byte-limit = 1024 M (=1073741824) (custom)
2021-10-12 06:05:47,831 [a928fc34-d4b3-4f47-b859-83818f25ed6e@group-AB0AE3F98C36-LeaderElection98] INFO  server.RaftServerConfigKeys (ConfUtils.java:logGet(44)) - raft.server.watch.timeout = 3000ms (custom)
2021-10-12 06:05:47,831 [a928fc34-d4b3-4f47-b859-83818f25ed6e@group-AB0AE3F98C36-LeaderElection98] INFO  server.RaftServerConfigKeys (ConfUtils.java:logGet(44)) - raft.server.watch.timeout.denomination = 1s (default)
2021-10-12 06:05:47,831 [a928fc34-d4b3-4f47-b859-83818f25ed6e@group-AB0AE3F98C36-LeaderElection98] INFO  server.RaftServerConfigKeys (ConfUtils.java:logGet(44)) - raft.server.watch.element-limit = 65536 (default)
2021-10-12 06:05:47,831 [a928fc34-d4b3-4f47-b859-83818f25ed6e@group-AB0AE3F98C36-LeaderElection98] INFO  server.RaftServerConfigKeys (ConfUtils.java:logGet(44)) - raft.server.log.appender.snapshot.chunk.size.max = 16MB (=16777216) (default)
2021-10-12 06:05:47,831 [a928fc34-d4b3-4f47-b859-83818f25ed6e@group-AB0AE3F98C36-LeaderElection98] INFO  server.RaftServerConfigKeys (ConfUtils.java:logGet(44)) - raft.server.log.appender.buffer.byte-limit = 33554432 (custom)
2021-10-12 06:05:47,831 [Datanode State Machine Thread - 0] WARN  statemachine.StateContext (StateContext.java:execute(621)) - No available thread in pool for past 1 seconds.
2021-10-12 06:05:47,864 [a928fc34-d4b3-4f47-b859-83818f25ed6e@group-AB0AE3F98C36-LeaderElection98] INFO  server.RaftServerConfigKeys (ConfUtils.java:logGet(44)) - raft.server.log.appender.buffer.element-limit = 1 (custom)
2021-10-12 06:05:47,864 [a928fc34-d4b3-4f47-b859-83818f25ed6e@group-AB0AE3F98C36-LeaderElection98] INFO  grpc.GrpcConfigKeys (ConfUtils.java:logGet(44)) - raft.grpc.server.leader.outstanding.appends.max = 128 (default)
2021-10-12 06:05:47,864 [a928fc34-d4b3-4f47-b859-83818f25ed6e@group-AB0AE3F98C36-LeaderElection98] INFO  server.RaftServerConfigKeys (ConfUtils.java:logGet(44)) - raft.server.rpc.request.timeout = 3000ms (default)
2021-10-12 06:05:47,865 [a928fc34-d4b3-4f47-b859-83818f25ed6e@group-AB0AE3F98C36-LeaderElection98] INFO  server.RaftServerConfigKeys (ConfUtils.java:logGet(44)) - raft.server.log.appender.install.snapshot.enabled = false (custom)
2021-10-12 06:05:47,866 [a928fc34-d4b3-4f47-b859-83818f25ed6e@group-AB0AE3F98C36-LeaderElection98] INFO  server.RaftServerConfigKeys (ConfUtils.java:logGet(44)) - raft.server.log.appender.snapshot.chunk.size.max = 16MB (=16777216) (default)
2021-10-12 06:05:47,866 [a928fc34-d4b3-4f47-b859-83818f25ed6e@group-AB0AE3F98C36-LeaderElection98] INFO  server.RaftServerConfigKeys (ConfUtils.java:logGet(44)) - raft.server.log.appender.buffer.byte-limit = 33554432 (custom)
2021-10-12 06:05:47,866 [a928fc34-d4b3-4f47-b859-83818f25ed6e@group-AB0AE3F98C36-LeaderElection98] INFO  server.RaftServerConfigKeys (ConfUtils.java:logGet(44)) - raft.server.log.appender.buffer.element-limit = 1 (custom)
2021-10-12 06:05:47,866 [a928fc34-d4b3-4f47-b859-83818f25ed6e@group-AB0AE3F98C36-LeaderElection98] INFO  grpc.GrpcConfigKeys (ConfUtils.java:logGet(44)) - raft.grpc.server.leader.outstanding.appends.max = 128 (default)
2021-10-12 06:05:47,866 [a928fc34-d4b3-4f47-b859-83818f25ed6e@group-AB0AE3F98C36-LeaderElection98] INFO  server.RaftServerConfigKeys (ConfUtils.java:logGet(44)) - raft.server.rpc.request.timeout = 3000ms (default)
2021-10-12 06:05:47,866 [a928fc34-d4b3-4f47-b859-83818f25ed6e@group-AB0AE3F98C36-LeaderElection98] INFO  server.RaftServerConfigKeys (ConfUtils.java:logGet(44)) - raft.server.log.appender.install.snapshot.enabled = false (custom)
2021-10-12 06:05:47,867 [a928fc34-d4b3-4f47-b859-83818f25ed6e@group-AB0AE3F98C36-LeaderElection98] INFO  impl.RoleInfo (RoleInfo.java:updateAndGet(130)) - a928fc34-d4b3-4f47-b859-83818f25ed6e: start a928fc34-d4b3-4f47-b859-83818f25ed6e@group-AB0AE3F98C36-LeaderStateImpl
2021-10-12 06:05:47,867 [a928fc34-d4b3-4f47-b859-83818f25ed6e@group-AB0AE3F98C36-LeaderElection98] INFO  segmented.SegmentedRaftLogWorker (SegmentedRaftLogWorker.java:startLogSegment(394)) - a928fc34-d4b3-4f47-b859-83818f25ed6e@group-AB0AE3F98C36-SegmentedRaftLogWorker: Starting segment from index:0
2021-10-12 06:05:47,868 [EventQueue-PipelineReportForPipelineReportHandler] INFO  pipeline.PipelineManagerImpl (PipelineManagerImpl.java:openPipeline(282)) - Pipeline Pipeline[ Id: 24fc6951-c623-41b7-8dc3-ab0ae3f98c36, Nodes: f6edce37-208d-40f1-ab7e-323414b00593{ip: 10.1.0.59, host: fv-az297-361.nmf1rxwemy4u5di1sxxf4ejcwb.jx.internal.cloudapp.net, ports: [REPLICATION=37231, RATIS=35829, RATIS_ADMIN=35829, RATIS_SERVER=35829, STANDALONE=34061], networkLocation: /default-rack, certSerialId: null, persistedOpState: IN_SERVICE, persistedOpStateExpiryEpochSec: 0}69929a81-75b5-4e59-a9cb-c7e6f0fb6fd6{ip: 10.1.0.59, host: fv-az297-361.nmf1rxwemy4u5di1sxxf4ejcwb.jx.internal.cloudapp.net, ports: [REPLICATION=46479, RATIS=40555, RATIS_ADMIN=40555, RATIS_SERVER=40555, STANDALONE=34613], networkLocation: /default-rack, certSerialId: null, persistedOpState: IN_SERVICE, persistedOpStateExpiryEpochSec: 0}a928fc34-d4b3-4f47-b859-83818f25ed6e{ip: 10.1.0.59, host: fv-az297-361.nmf1rxwemy4u5di1sxxf4ejcwb.jx.internal.cloudapp.net, ports: [REPLICATION=46425, RATIS=35709, RATIS_ADMIN=35709, RATIS_SERVER=35709, STANDALONE=38129], networkLocation: /default-rack, certSerialId: null, persistedOpState: IN_SERVICE, persistedOpStateExpiryEpochSec: 0}, ReplicationConfig: RATIS/THREE, State:ALLOCATED, leaderId:a928fc34-d4b3-4f47-b859-83818f25ed6e, CreationTimestamp2021-10-12T06:05:30.354Z[Etc/UTC]] moved to OPEN state
2021-10-12 06:05:47,883 [a928fc34-d4b3-4f47-b859-83818f25ed6e@group-AB0AE3F98C36-SegmentedRaftLogWorker] INFO  segmented.SegmentedRaftLogWorker (SegmentedRaftLogWorker.java:execute(601)) - a928fc34-d4b3-4f47-b859-83818f25ed6e@group-AB0AE3F98C36-SegmentedRaftLogWorker: created new log segment /home/runner/work/ozone/ozone/hadoop-ozone/integration-test/target/test-dir/MiniOzoneClusterImpl-c6dc50ab-6fac-4554-b78d-9440f3e38bfb/datanode-2/data/ratis/24fc6951-c623-41b7-8dc3-ab0ae3f98c36/current/log_inprogress_0
2021-10-12 06:05:47,894 [a928fc34-d4b3-4f47-b859-83818f25ed6e@group-AB0AE3F98C36-LeaderElection98] INFO  server.RaftServer$Division (ServerState.java:setRaftConf(387)) - a928fc34-d4b3-4f47-b859-83818f25ed6e@group-AB0AE3F98C36: set configuration 0: [69929a81-75b5-4e59-a9cb-c7e6f0fb6fd6|rpc:10.1.0.59:40555|dataStream:|priority:0, a928fc34-d4b3-4f47-b859-83818f25ed6e|rpc:10.1.0.59:35709|dataStream:|priority:1, f6edce37-208d-40f1-ab7e-323414b00593|rpc:10.1.0.59:35829|dataStream:|priority:0], old=null
2021-10-12 06:05:47,895 [grpc-default-executor-4] INFO  ratis.XceiverServerRatis (XceiverServerRatis.java:handleLeaderChangedNotification(861)) - Leader change notification received for group: group-AB0AE3F98C36 with new leaderId: a928fc34-d4b3-4f47-b859-83818f25ed6e
2021-10-12 06:05:47,895 [grpc-default-executor-4] INFO  server.RaftServer$Division (ServerState.java:setLeader(285)) - 69929a81-75b5-4e59-a9cb-c7e6f0fb6fd6@group-AB0AE3F98C36: change Leader from null to a928fc34-d4b3-4f47-b859-83818f25ed6e at term 3 for appendEntries, leader elected after 15539ms
2021-10-12 06:05:47,915 [grpc-default-executor-3] INFO  server.RaftServer$Division (ServerState.java:setRaftConf(387)) - 69929a81-75b5-4e59-a9cb-c7e6f0fb6fd6@group-AB0AE3F98C36: set configuration 0: [69929a81-75b5-4e59-a9cb-c7e6f0fb6fd6|rpc:10.1.0.59:40555|dataStream:|priority:0, a928fc34-d4b3-4f47-b859-83818f25ed6e|rpc:10.1.0.59:35709|dataStream:|priority:1, f6edce37-208d-40f1-ab7e-323414b00593|rpc:10.1.0.59:35829|dataStream:|priority:0], old=null
2021-10-12 06:05:47,915 [grpc-default-executor-3] INFO  segmented.SegmentedRaftLogWorker (SegmentedRaftLogWorker.java:startLogSegment(394)) - 69929a81-75b5-4e59-a9cb-c7e6f0fb6fd6@group-AB0AE3F98C36-SegmentedRaftLogWorker: Starting segment from index:0
2021-10-12 06:05:47,916 [grpc-default-executor-4] WARN  server.GrpcLogAppender (LogUtils.java:warn(122)) - a928fc34-d4b3-4f47-b859-83818f25ed6e@group-AB0AE3F98C36->f6edce37-208d-40f1-ab7e-323414b00593-AppendLogResponseHandler: Failed appendEntries: org.apache.ratis.thirdparty.io.grpc.StatusRuntimeException: UNAVAILABLE: io exception
2021-10-12 06:05:47,916 [grpc-default-executor-4] WARN  server.GrpcLogAppender (GrpcLogAppender.java:resetClient(111)) - a928fc34-d4b3-4f47-b859-83818f25ed6e@group-AB0AE3F98C36->f6edce37-208d-40f1-ab7e-323414b00593-GrpcLogAppender: Leader has not got in touch with Follower a928fc34-d4b3-4f47-b859-83818f25ed6e@group-AB0AE3F98C36->f6edce37-208d-40f1-ab7e-323414b00593(c-1,m0,n1, attendVote=true, lastRpcSendTime=2, lastRpcResponseTime=5285) yet, just keep nextIndex unchanged and retry.
2021-10-12 06:05:47,928 [69929a81-75b5-4e59-a9cb-c7e6f0fb6fd6@group-AB0AE3F98C36-SegmentedRaftLogWorker] INFO  segmented.SegmentedRaftLogWorker (SegmentedRaftLogWorker.java:execute(601)) - 69929a81-75b5-4e59-a9cb-c7e6f0fb6fd6@group-AB0AE3F98C36-SegmentedRaftLogWorker: created new log segment /home/runner/work/ozone/ozone/hadoop-ozone/integration-test/target/test-dir/MiniOzoneClusterImpl-c6dc50ab-6fac-4554-b78d-9440f3e38bfb/datanode-0/data/ratis/24fc6951-c623-41b7-8dc3-ab0ae3f98c36/current/log_inprogress_0
2021-10-12 06:05:48,330 [grpc-default-executor-4] WARN  server.GrpcLogAppender (LogUtils.java:warn(122)) - 69929a81-75b5-4e59-a9cb-c7e6f0fb6fd6@group-C2DAA97EBB05->f6edce37-208d-40f1-ab7e-323414b00593-AppendLogResponseHandler: Failed appendEntries: org.apache.ratis.thirdparty.io.grpc.StatusRuntimeException: UNAVAILABLE: io exception
2021-10-12 06:05:48,331 [grpc-default-executor-4] WARN  server.GrpcLogAppender (GrpcLogAppender.java:resetClient(111)) - 69929a81-75b5-4e59-a9cb-c7e6f0fb6fd6@group-C2DAA97EBB05->f6edce37-208d-40f1-ab7e-323414b00593-GrpcLogAppender: Leader has not got in touch with Follower 69929a81-75b5-4e59-a9cb-c7e6f0fb6fd6@group-C2DAA97EBB05->f6edce37-208d-40f1-ab7e-323414b00593(c-1,m0,n1, attendVote=true, lastRpcSendTime=0, lastRpcResponseTime=5006) yet, just keep nextIndex unchanged and retry.
2021-10-12 06:05:48,452 [69929a81-75b5-4e59-a9cb-c7e6f0fb6fd6@group-D75B06A36D76-FollowerState] INFO  impl.FollowerState (FollowerState.java:run(134)) - 69929a81-75b5-4e59-a9cb-c7e6f0fb6fd6@group-D75B06A36D76-FollowerState: change to CANDIDATE, lastRpcElapsedTime:5225212876ns, electionTimeout:5180ms
2021-10-12 06:05:48,452 [69929a81-75b5-4e59-a9cb-c7e6f0fb6fd6@group-D75B06A36D76-FollowerState] INFO  impl.RoleInfo (RoleInfo.java:shutdownFollowerState(108)) - 69929a81-75b5-4e59-a9cb-c7e6f0fb6fd6: shutdown 69929a81-75b5-4e59-a9cb-c7e6f0fb6fd6@group-D75B06A36D76-FollowerState
2021-10-12 06:05:48,452 [69929a81-75b5-4e59-a9cb-c7e6f0fb6fd6@group-D75B06A36D76-FollowerState] INFO  server.RaftServer$Division (RaftServerImpl.java:setRole(285)) - 69929a81-75b5-4e59-a9cb-c7e6f0fb6fd6@group-D75B06A36D76: changes role from  FOLLOWER to CANDIDATE at term 1 for changeToCandidate
2021-10-12 06:05:48,452 [69929a81-75b5-4e59-a9cb-c7e6f0fb6fd6@group-D75B06A36D76-FollowerState] INFO  server.RaftServerConfigKeys (ConfUtils.java:logGet(44)) - raft.server.leaderelection.pre-vote = false (custom)
2021-10-12 06:05:48,452 [69929a81-75b5-4e59-a9cb-c7e6f0fb6fd6@group-D75B06A36D76-FollowerState] INFO  impl.RoleInfo (RoleInfo.java:updateAndGet(130)) - 69929a81-75b5-4e59-a9cb-c7e6f0fb6fd6: start 69929a81-75b5-4e59-a9cb-c7e6f0fb6fd6@group-D75B06A36D76-LeaderElection99
2021-10-12 06:05:48,462 [69929a81-75b5-4e59-a9cb-c7e6f0fb6fd6@group-D75B06A36D76-LeaderElection99] INFO  server.RaftServer$Division (ServerState.java:setLeader(285)) - 69929a81-75b5-4e59-a9cb-c7e6f0fb6fd6@group-D75B06A36D76: change Leader from f6edce37-208d-40f1-ab7e-323414b00593 to null at term 1 for ELECTION
2021-10-12 06:05:48,475 [69929a81-75b5-4e59-a9cb-c7e6f0fb6fd6@group-D75B06A36D76-LeaderElection99] INFO  impl.LeaderElection (LeaderElection.java:askForVotes(306)) - 69929a81-75b5-4e59-a9cb-c7e6f0fb6fd6@group-D75B06A36D76-LeaderElection99 ELECTION round 0: submit vote requests at term 2 for 0: [69929a81-75b5-4e59-a9cb-c7e6f0fb6fd6|rpc:10.1.0.59:40555|dataStream:|priority:0, a928fc34-d4b3-4f47-b859-83818f25ed6e|rpc:10.1.0.59:35709|dataStream:|priority:0, f6edce37-208d-40f1-ab7e-323414b00593|rpc:10.1.0.59:35829|dataStream:|priority:1], old=null
2021-10-12 06:05:48,501 [69929a81-75b5-4e59-a9cb-c7e6f0fb6fd6@group-D75B06A36D76-LeaderElection99] INFO  impl.LeaderElection (LogUtils.java:infoOrTrace(137)) - 69929a81-75b5-4e59-a9cb-c7e6f0fb6fd6@group-D75B06A36D76-LeaderElection99 got exception when requesting votes: java.util.concurrent.ExecutionException: org.apache.ratis.thirdparty.io.grpc.StatusRuntimeException: UNAVAILABLE: io exception
2021-10-12 06:05:48,504 [grpc-default-executor-4] INFO  server.RaftServer$Division (RaftServerImpl.java:requestVote(1043)) - a928fc34-d4b3-4f47-b859-83818f25ed6e@group-D75B06A36D76: receive requestVote(ELECTION, 69929a81-75b5-4e59-a9cb-c7e6f0fb6fd6, group-D75B06A36D76, 2, (t:1, i:0))
2021-10-12 06:05:48,504 [grpc-default-executor-4] INFO  impl.VoteContext (VoteContext.java:log(48)) - a928fc34-d4b3-4f47-b859-83818f25ed6e@group-D75B06A36D76-FOLLOWER: accept ELECTION from 69929a81-75b5-4e59-a9cb-c7e6f0fb6fd6: our priority 0 <= candidate's priority 0
2021-10-12 06:05:48,504 [grpc-default-executor-4] INFO  server.RaftServer$Division (ServerState.java:setLeader(285)) - a928fc34-d4b3-4f47-b859-83818f25ed6e@group-D75B06A36D76: change Leader from f6edce37-208d-40f1-ab7e-323414b00593 to null at term 2 for updateCurrentTerm
2021-10-12 06:05:48,505 [grpc-default-executor-4] INFO  server.RaftServer$Division (RaftServerImpl.java:setRole(285)) - a928fc34-d4b3-4f47-b859-83818f25ed6e@group-D75B06A36D76: changes role from  FOLLOWER to FOLLOWER at term 2 for candidate:69929a81-75b5-4e59-a9cb-c7e6f0fb6fd6
2021-10-12 06:05:48,505 [grpc-default-executor-4] INFO  impl.RoleInfo (RoleInfo.java:shutdownFollowerState(108)) - a928fc34-d4b3-4f47-b859-83818f25ed6e: shutdown a928fc34-d4b3-4f47-b859-83818f25ed6e@group-D75B06A36D76-FollowerState
2021-10-12 06:05:48,505 [grpc-default-executor-4] INFO  impl.RoleInfo (RoleInfo.java:updateAndGet(130)) - a928fc34-d4b3-4f47-b859-83818f25ed6e: start a928fc34-d4b3-4f47-b859-83818f25ed6e@group-D75B06A36D76-FollowerState
2021-10-12 06:05:48,505 [a928fc34-d4b3-4f47-b859-83818f25ed6e@group-D75B06A36D76-FollowerState] INFO  impl.FollowerState (FollowerState.java:run(143)) - a928fc34-d4b3-4f47-b859-83818f25ed6e@group-D75B06A36D76-FollowerState was interrupted: {}
java.lang.InterruptedException: sleep interrupted
	at java.lang.Thread.sleep(Native Method)
	at java.lang.Thread.sleep(Thread.java:340)
	at java.util.concurrent.TimeUnit.sleep(TimeUnit.java:386)
	at org.apache.ratis.util.TimeDuration.sleep(TimeDuration.java:324)
	at org.apache.ratis.util.TimeDuration.sleep(TimeDuration.java:309)
	at org.apache.ratis.server.impl.FollowerState.run(FollowerState.java:118)
2021-10-12 06:05:48,512 [grpc-default-executor-4] INFO  server.RaftServer$Division (RaftServerImpl.java:requestVote(1075)) - a928fc34-d4b3-4f47-b859-83818f25ed6e@group-D75B06A36D76 replies to ELECTION vote request: 69929a81-75b5-4e59-a9cb-c7e6f0fb6fd6<-a928fc34-d4b3-4f47-b859-83818f25ed6e#0:OK-t2. Peer's state: a928fc34-d4b3-4f47-b859-83818f25ed6e@group-D75B06A36D76:t2, leader=null, voted=69929a81-75b5-4e59-a9cb-c7e6f0fb6fd6, raftlog=a928fc34-d4b3-4f47-b859-83818f25ed6e@group-D75B06A36D76-SegmentedRaftLog:OPENED:c0,f0,i0, conf=0: [69929a81-75b5-4e59-a9cb-c7e6f0fb6fd6|rpc:10.1.0.59:40555|dataStream:|priority:0, a928fc34-d4b3-4f47-b859-83818f25ed6e|rpc:10.1.0.59:35709|dataStream:|priority:0, f6edce37-208d-40f1-ab7e-323414b00593|rpc:10.1.0.59:35829|dataStream:|priority:1], old=null
2021-10-12 06:05:48,533 [69929a81-75b5-4e59-a9cb-c7e6f0fb6fd6@group-D75B06A36D76-LeaderElection99] INFO  impl.LeaderElection (LeaderElection.java:logAndReturn(89)) - 69929a81-75b5-4e59-a9cb-c7e6f0fb6fd6@group-D75B06A36D76-LeaderElection99: ELECTION PASSED received 1 response(s) and 1 exception(s):
2021-10-12 06:05:48,533 [69929a81-75b5-4e59-a9cb-c7e6f0fb6fd6@group-D75B06A36D76-LeaderElection99] INFO  impl.LeaderElection (LeaderElection.java:logAndReturn(93)) -   Response 0: 69929a81-75b5-4e59-a9cb-c7e6f0fb6fd6<-a928fc34-d4b3-4f47-b859-83818f25ed6e#0:OK-t2
2021-10-12 06:05:48,533 [69929a81-75b5-4e59-a9cb-c7e6f0fb6fd6@group-D75B06A36D76-LeaderElection99] INFO  impl.LeaderElection (LogUtils.java:infoOrTrace(137)) -   Exception 1: java.util.concurrent.ExecutionException: org.apache.ratis.thirdparty.io.grpc.StatusRuntimeException: UNAVAILABLE: io exception
2021-10-12 06:05:48,534 [69929a81-75b5-4e59-a9cb-c7e6f0fb6fd6@group-D75B06A36D76-LeaderElection99] INFO  impl.LeaderElection (LeaderElection.java:askForVotes(308)) - 69929a81-75b5-4e59-a9cb-c7e6f0fb6fd6@group-D75B06A36D76-LeaderElection99 ELECTION round 0: result PASSED
2021-10-12 06:05:48,534 [69929a81-75b5-4e59-a9cb-c7e6f0fb6fd6@group-D75B06A36D76-LeaderElection99] INFO  impl.RoleInfo (RoleInfo.java:shutdownLeaderElection(121)) - 69929a81-75b5-4e59-a9cb-c7e6f0fb6fd6: shutdown 69929a81-75b5-4e59-a9cb-c7e6f0fb6fd6@group-D75B06A36D76-LeaderElection99
2021-10-12 06:05:48,534 [69929a81-75b5-4e59-a9cb-c7e6f0fb6fd6@group-D75B06A36D76-LeaderElection99] INFO  server.RaftServer$Division (RaftServerImpl.java:setRole(285)) - 69929a81-75b5-4e59-a9cb-c7e6f0fb6fd6@group-D75B06A36D76: changes role from CANDIDATE to LEADER at term 2 for changeToLeader
2021-10-12 06:05:48,534 [69929a81-75b5-4e59-a9cb-c7e6f0fb6fd6@group-D75B06A36D76-LeaderElection99] INFO  ratis.XceiverServerRatis (XceiverServerRatis.java:handleLeaderChangedNotification(861)) - Leader change notification received for group: group-D75B06A36D76 with new leaderId: 69929a81-75b5-4e59-a9cb-c7e6f0fb6fd6
2021-10-12 06:05:48,534 [69929a81-75b5-4e59-a9cb-c7e6f0fb6fd6@group-D75B06A36D76-LeaderElection99] INFO  server.RaftServer$Division (ServerState.java:setLeader(285)) - 69929a81-75b5-4e59-a9cb-c7e6f0fb6fd6@group-D75B06A36D76: change Leader from null to 69929a81-75b5-4e59-a9cb-c7e6f0fb6fd6 at term 2 for becomeLeader, leader elected after 71ms
2021-10-12 06:05:48,534 [69929a81-75b5-4e59-a9cb-c7e6f0fb6fd6@group-D75B06A36D76-LeaderElection99] INFO  server.RaftServerConfigKeys (ConfUtils.java:logGet(44)) - raft.server.staging.catchup.gap = 1000 (default)
2021-10-12 06:05:48,534 [69929a81-75b5-4e59-a9cb-c7e6f0fb6fd6@group-D75B06A36D76-LeaderElection99] INFO  server.RaftServerConfigKeys (ConfUtils.java:logGet(44)) - raft.server.write.element-limit = 1024 (custom)
2021-10-12 06:05:48,534 [69929a81-75b5-4e59-a9cb-c7e6f0fb6fd6@group-D75B06A36D76-LeaderElection99] INFO  server.RaftServerConfigKeys (ConfUtils.java:logGet(44)) - raft.server.write.byte-limit = 1024 M (=1073741824) (custom)
2021-10-12 06:05:48,534 [69929a81-75b5-4e59-a9cb-c7e6f0fb6fd6@group-D75B06A36D76-LeaderElection99] INFO  server.RaftServerConfigKeys (ConfUtils.java:logGet(44)) - raft.server.watch.timeout = 3000ms (custom)
2021-10-12 06:05:48,534 [69929a81-75b5-4e59-a9cb-c7e6f0fb6fd6@group-D75B06A36D76-LeaderElection99] INFO  server.RaftServerConfigKeys (ConfUtils.java:logGet(44)) - raft.server.watch.timeout.denomination = 1s (default)
2021-10-12 06:05:48,534 [69929a81-75b5-4e59-a9cb-c7e6f0fb6fd6@group-D75B06A36D76-LeaderElection99] INFO  server.RaftServerConfigKeys (ConfUtils.java:logGet(44)) - raft.server.watch.element-limit = 65536 (default)
2021-10-12 06:05:48,535 [69929a81-75b5-4e59-a9cb-c7e6f0fb6fd6@group-D75B06A36D76-LeaderElection99] INFO  server.RaftServerConfigKeys (ConfUtils.java:logGet(44)) - raft.server.log.appender.snapshot.chunk.size.max = 16MB (=16777216) (default)
2021-10-12 06:05:48,535 [69929a81-75b5-4e59-a9cb-c7e6f0fb6fd6@group-D75B06A36D76-LeaderElection99] INFO  server.RaftServerConfigKeys (ConfUtils.java:logGet(44)) - raft.server.log.appender.buffer.byte-limit = 33554432 (custom)
2021-10-12 06:05:48,535 [69929a81-75b5-4e59-a9cb-c7e6f0fb6fd6@group-D75B06A36D76-LeaderElection99] INFO  server.RaftServerConfigKeys (ConfUtils.java:logGet(44)) - raft.server.log.appender.buffer.element-limit = 1 (custom)
2021-10-12 06:05:48,535 [69929a81-75b5-4e59-a9cb-c7e6f0fb6fd6@group-D75B06A36D76-LeaderElection99] INFO  grpc.GrpcConfigKeys (ConfUtils.java:logGet(44)) - raft.grpc.server.leader.outstanding.appends.max = 128 (default)
2021-10-12 06:05:48,535 [69929a81-75b5-4e59-a9cb-c7e6f0fb6fd6@group-D75B06A36D76-LeaderElection99] INFO  server.RaftServerConfigKeys (ConfUtils.java:logGet(44)) - raft.server.rpc.request.timeout = 3000ms (default)
2021-10-12 06:05:48,535 [69929a81-75b5-4e59-a9cb-c7e6f0fb6fd6@group-D75B06A36D76-LeaderElection99] INFO  server.RaftServerConfigKeys (ConfUtils.java:logGet(44)) - raft.server.log.appender.install.snapshot.enabled = false (custom)
2021-10-12 06:05:48,536 [69929a81-75b5-4e59-a9cb-c7e6f0fb6fd6@group-D75B06A36D76-LeaderElection99] INFO  server.RaftServerConfigKeys (ConfUtils.java:logGet(44)) - raft.server.log.appender.snapshot.chunk.size.max = 16MB (=16777216) (default)
2021-10-12 06:05:48,536 [69929a81-75b5-4e59-a9cb-c7e6f0fb6fd6@group-D75B06A36D76-LeaderElection99] INFO  server.RaftServerConfigKeys (ConfUtils.java:logGet(44)) - raft.server.log.appender.buffer.byte-limit = 33554432 (custom)
2021-10-12 06:05:48,536 [69929a81-75b5-4e59-a9cb-c7e6f0fb6fd6@group-D75B06A36D76-LeaderElection99] INFO  server.RaftServerConfigKeys (ConfUtils.java:logGet(44)) - raft.server.log.appender.buffer.element-limit = 1 (custom)
2021-10-12 06:05:48,536 [69929a81-75b5-4e59-a9cb-c7e6f0fb6fd6@group-D75B06A36D76-LeaderElection99] INFO  grpc.GrpcConfigKeys (ConfUtils.java:logGet(44)) - raft.grpc.server.leader.outstanding.appends.max = 128 (default)
2021-10-12 06:05:48,536 [69929a81-75b5-4e59-a9cb-c7e6f0fb6fd6@group-D75B06A36D76-LeaderElection99] INFO  server.RaftServerConfigKeys (ConfUtils.java:logGet(44)) - raft.server.rpc.request.timeout = 3000ms (default)
2021-10-12 06:05:48,536 [69929a81-75b5-4e59-a9cb-c7e6f0fb6fd6@group-D75B06A36D76-LeaderElection99] INFO  server.RaftServerConfigKeys (ConfUtils.java:logGet(44)) - raft.server.log.appender.install.snapshot.enabled = false (custom)
2021-10-12 06:05:48,537 [69929a81-75b5-4e59-a9cb-c7e6f0fb6fd6@group-D75B06A36D76-LeaderElection99] INFO  impl.RoleInfo (RoleInfo.java:updateAndGet(130)) - 69929a81-75b5-4e59-a9cb-c7e6f0fb6fd6: start 69929a81-75b5-4e59-a9cb-c7e6f0fb6fd6@group-D75B06A36D76-LeaderStateImpl
2021-10-12 06:05:48,537 [69929a81-75b5-4e59-a9cb-c7e6f0fb6fd6@group-D75B06A36D76-LeaderElection99] INFO  segmented.SegmentedRaftLogWorker (SegmentedRaftLogWorker.java:rollLogSegment(399)) - 69929a81-75b5-4e59-a9cb-c7e6f0fb6fd6@group-D75B06A36D76-SegmentedRaftLogWorker: Rolling segment log-0_0 to index:0
2021-10-12 06:05:48,538 [Datanode State Machine Thread - 0] WARN  statemachine.StateContext (StateContext.java:execute(621)) - No available thread in pool for past 1 seconds.
2021-10-12 06:05:48,566 [69929a81-75b5-4e59-a9cb-c7e6f0fb6fd6@group-D75B06A36D76-SegmentedRaftLogWorker] INFO  segmented.SegmentedRaftLogWorker (SegmentedRaftLogWorker.java:execute(558)) - 69929a81-75b5-4e59-a9cb-c7e6f0fb6fd6@group-D75B06A36D76-SegmentedRaftLogWorker: Rolled log segment from /home/runner/work/ozone/ozone/hadoop-ozone/integration-test/target/test-dir/MiniOzoneClusterImpl-c6dc50ab-6fac-4554-b78d-9440f3e38bfb/datanode-0/data/ratis/9543044a-5f3d-4b0d-98d7-d75b06a36d76/current/log_inprogress_0 to /home/runner/work/ozone/ozone/hadoop-ozone/integration-test/target/test-dir/MiniOzoneClusterImpl-c6dc50ab-6fac-4554-b78d-9440f3e38bfb/datanode-0/data/ratis/9543044a-5f3d-4b0d-98d7-d75b06a36d76/current/log_0-0
2021-10-12 06:05:48,570 [69929a81-75b5-4e59-a9cb-c7e6f0fb6fd6@group-D75B06A36D76-SegmentedRaftLogWorker] INFO  segmented.SegmentedRaftLogWorker (SegmentedRaftLogWorker.java:execute(601)) - 69929a81-75b5-4e59-a9cb-c7e6f0fb6fd6@group-D75B06A36D76-SegmentedRaftLogWorker: created new log segment /home/runner/work/ozone/ozone/hadoop-ozone/integration-test/target/test-dir/MiniOzoneClusterImpl-c6dc50ab-6fac-4554-b78d-9440f3e38bfb/datanode-0/data/ratis/9543044a-5f3d-4b0d-98d7-d75b06a36d76/current/log_inprogress_1
2021-10-12 06:05:48,604 [grpc-default-executor-3] INFO  ratis.XceiverServerRatis (XceiverServerRatis.java:handleLeaderChangedNotification(861)) - Leader change notification received for group: group-D75B06A36D76 with new leaderId: 69929a81-75b5-4e59-a9cb-c7e6f0fb6fd6
2021-10-12 06:05:48,604 [grpc-default-executor-3] INFO  server.RaftServer$Division (ServerState.java:setLeader(285)) - a928fc34-d4b3-4f47-b859-83818f25ed6e@group-D75B06A36D76: change Leader from null to 69929a81-75b5-4e59-a9cb-c7e6f0fb6fd6 at term 2 for appendEntries, leader elected after 99ms
2021-10-12 06:05:48,608 [69929a81-75b5-4e59-a9cb-c7e6f0fb6fd6@group-D75B06A36D76-LeaderElection99] INFO  server.RaftServer$Division (ServerState.java:setRaftConf(387)) - 69929a81-75b5-4e59-a9cb-c7e6f0fb6fd6@group-D75B06A36D76: set configuration 1: [69929a81-75b5-4e59-a9cb-c7e6f0fb6fd6|rpc:10.1.0.59:40555|dataStream:|priority:0, a928fc34-d4b3-4f47-b859-83818f25ed6e|rpc:10.1.0.59:35709|dataStream:|priority:0, f6edce37-208d-40f1-ab7e-323414b00593|rpc:10.1.0.59:35829|dataStream:|priority:1], old=null
2021-10-12 06:05:48,611 [grpc-default-executor-4] WARN  server.GrpcLogAppender (LogUtils.java:warn(122)) - 69929a81-75b5-4e59-a9cb-c7e6f0fb6fd6@group-D75B06A36D76->f6edce37-208d-40f1-ab7e-323414b00593-AppendLogResponseHandler: Failed appendEntries: org.apache.ratis.thirdparty.io.grpc.StatusRuntimeException: UNAVAILABLE: io exception
2021-10-12 06:05:48,629 [grpc-default-executor-4] WARN  server.GrpcLogAppender (GrpcLogAppender.java:resetClient(111)) - 69929a81-75b5-4e59-a9cb-c7e6f0fb6fd6@group-D75B06A36D76->f6edce37-208d-40f1-ab7e-323414b00593-GrpcLogAppender: Leader has not got in touch with Follower 69929a81-75b5-4e59-a9cb-c7e6f0fb6fd6@group-D75B06A36D76->f6edce37-208d-40f1-ab7e-323414b00593(c-1,m0,n1, attendVote=true, lastRpcSendTime=5294, lastRpcResponseTime=5294) yet, just keep nextIndex unchanged and retry.
2021-10-12 06:05:48,639 [grpc-default-executor-4] WARN  server.GrpcLogAppender (LogUtils.java:warn(122)) - 69929a81-75b5-4e59-a9cb-c7e6f0fb6fd6@group-D75B06A36D76->f6edce37-208d-40f1-ab7e-323414b00593-AppendLogResponseHandler: Failed appendEntries: org.apache.ratis.thirdparty.io.grpc.StatusRuntimeException: UNAVAILABLE: io exception
2021-10-12 06:05:48,639 [grpc-default-executor-4] WARN  server.GrpcLogAppender (GrpcLogAppender.java:resetClient(111)) - 69929a81-75b5-4e59-a9cb-c7e6f0fb6fd6@group-D75B06A36D76->f6edce37-208d-40f1-ab7e-323414b00593-GrpcLogAppender: Leader has not got in touch with Follower 69929a81-75b5-4e59-a9cb-c7e6f0fb6fd6@group-D75B06A36D76->f6edce37-208d-40f1-ab7e-323414b00593(c-1,m0,n2, attendVote=true, lastRpcSendTime=9, lastRpcResponseTime=5304) yet, just keep nextIndex unchanged and retry.
2021-10-12 06:05:48,648 [grpc-default-executor-4] INFO  server.RaftServer$Division (ServerState.java:setRaftConf(387)) - a928fc34-d4b3-4f47-b859-83818f25ed6e@group-D75B06A36D76: set configuration 1: [69929a81-75b5-4e59-a9cb-c7e6f0fb6fd6|rpc:10.1.0.59:40555|dataStream:|priority:0, a928fc34-d4b3-4f47-b859-83818f25ed6e|rpc:10.1.0.59:35709|dataStream:|priority:0, f6edce37-208d-40f1-ab7e-323414b00593|rpc:10.1.0.59:35829|dataStream:|priority:1], old=null
2021-10-12 06:05:48,648 [grpc-default-executor-4] INFO  segmented.SegmentedRaftLogWorker (SegmentedRaftLogWorker.java:rollLogSegment(399)) - a928fc34-d4b3-4f47-b859-83818f25ed6e@group-D75B06A36D76-SegmentedRaftLogWorker: Rolling segment log-0_0 to index:0
2021-10-12 06:05:48,649 [a928fc34-d4b3-4f47-b859-83818f25ed6e@group-D75B06A36D76-SegmentedRaftLogWorker] INFO  segmented.SegmentedRaftLogWorker (SegmentedRaftLogWorker.java:execute(558)) - a928fc34-d4b3-4f47-b859-83818f25ed6e@group-D75B06A36D76-SegmentedRaftLogWorker: Rolled log segment from /home/runner/work/ozone/ozone/hadoop-ozone/integration-test/target/test-dir/MiniOzoneClusterImpl-c6dc50ab-6fac-4554-b78d-9440f3e38bfb/datanode-2/data/ratis/9543044a-5f3d-4b0d-98d7-d75b06a36d76/current/log_inprogress_0 to /home/runner/work/ozone/ozone/hadoop-ozone/integration-test/target/test-dir/MiniOzoneClusterImpl-c6dc50ab-6fac-4554-b78d-9440f3e38bfb/datanode-2/data/ratis/9543044a-5f3d-4b0d-98d7-d75b06a36d76/current/log_0-0
2021-10-12 06:05:48,653 [a928fc34-d4b3-4f47-b859-83818f25ed6e@group-D75B06A36D76-SegmentedRaftLogWorker] INFO  segmented.SegmentedRaftLogWorker (SegmentedRaftLogWorker.java:execute(601)) - a928fc34-d4b3-4f47-b859-83818f25ed6e@group-D75B06A36D76-SegmentedRaftLogWorker: created new log segment /home/runner/work/ozone/ozone/hadoop-ozone/integration-test/target/test-dir/MiniOzoneClusterImpl-c6dc50ab-6fac-4554-b78d-9440f3e38bfb/datanode-2/data/ratis/9543044a-5f3d-4b0d-98d7-d75b06a36d76/current/log_inprogress_1
2021-10-12 06:05:48,699 [grpc-default-executor-4] WARN  server.GrpcLogAppender (LogUtils.java:warn(122)) - 69929a81-75b5-4e59-a9cb-c7e6f0fb6fd6@group-D75B06A36D76->f6edce37-208d-40f1-ab7e-323414b00593-AppendLogResponseHandler: Failed appendEntries: org.apache.ratis.thirdparty.io.grpc.StatusRuntimeException: UNAVAILABLE: io exception
2021-10-12 06:05:48,700 [grpc-default-executor-4] WARN  server.GrpcLogAppender (GrpcLogAppender.java:resetClient(111)) - 69929a81-75b5-4e59-a9cb-c7e6f0fb6fd6@group-D75B06A36D76->f6edce37-208d-40f1-ab7e-323414b00593-GrpcLogAppender: Leader has not got in touch with Follower 69929a81-75b5-4e59-a9cb-c7e6f0fb6fd6@group-D75B06A36D76->f6edce37-208d-40f1-ab7e-323414b00593(c-1,m0,n3, attendVote=true, lastRpcSendTime=60, lastRpcResponseTime=5365) yet, just keep nextIndex unchanged and retry.
2021-10-12 06:05:48,885 [EventQueue-StaleNodeForStaleNodeHandler] INFO  node.StaleNodeHandler (StaleNodeHandler.java:onMessage(58)) - Datanode f6edce37-208d-40f1-ab7e-323414b00593{ip: 10.1.0.59, host: fv-az297-361.nmf1rxwemy4u5di1sxxf4ejcwb.jx.internal.cloudapp.net, ports: [REPLICATION=37231, RATIS=35829, RATIS_ADMIN=35829, RATIS_SERVER=35829, STANDALONE=34061], networkLocation: /default-rack, certSerialId: null, persistedOpState: IN_SERVICE, persistedOpStateExpiryEpochSec: 0} moved to stale state. Finalizing its pipelines [PipelineID=9543044a-5f3d-4b0d-98d7-d75b06a36d76, PipelineID=7390dcda-dbd8-4381-851a-c2daa97ebb05, PipelineID=16439a66-d4b8-45be-a9c3-75f6817ce003, PipelineID=24fc6951-c623-41b7-8dc3-ab0ae3f98c36]
2021-10-12 06:05:48,894 [EventQueue-StaleNodeForStaleNodeHandler] INFO  pipeline.PipelineManagerImpl (PipelineManagerImpl.java:closePipeline(342)) - Pipeline Pipeline[ Id: 9543044a-5f3d-4b0d-98d7-d75b06a36d76, Nodes: f6edce37-208d-40f1-ab7e-323414b00593{ip: 10.1.0.59, host: fv-az297-361.nmf1rxwemy4u5di1sxxf4ejcwb.jx.internal.cloudapp.net, ports: [REPLICATION=37231, RATIS=35829, RATIS_ADMIN=35829, RATIS_SERVER=35829, STANDALONE=34061], networkLocation: /default-rack, certSerialId: null, persistedOpState: IN_SERVICE, persistedOpStateExpiryEpochSec: 0}69929a81-75b5-4e59-a9cb-c7e6f0fb6fd6{ip: 10.1.0.59, host: fv-az297-361.nmf1rxwemy4u5di1sxxf4ejcwb.jx.internal.cloudapp.net, ports: [REPLICATION=46479, RATIS=40555, RATIS_ADMIN=40555, RATIS_SERVER=40555, STANDALONE=34613], networkLocation: /default-rack, certSerialId: null, persistedOpState: IN_SERVICE, persistedOpStateExpiryEpochSec: 0}a928fc34-d4b3-4f47-b859-83818f25ed6e{ip: 10.1.0.59, host: fv-az297-361.nmf1rxwemy4u5di1sxxf4ejcwb.jx.internal.cloudapp.net, ports: [REPLICATION=46425, RATIS=35709, RATIS_ADMIN=35709, RATIS_SERVER=35709, STANDALONE=38129], networkLocation: /default-rack, certSerialId: null, persistedOpState: IN_SERVICE, persistedOpStateExpiryEpochSec: 0}, ReplicationConfig: RATIS/THREE, State:OPEN, leaderId:69929a81-75b5-4e59-a9cb-c7e6f0fb6fd6, CreationTimestamp2021-10-12T06:05:30.355Z[Etc/UTC]] moved to CLOSED state
2021-10-12 06:05:48,902 [EventQueue-StaleNodeForStaleNodeHandler] INFO  pipeline.PipelineManagerImpl (PipelineManagerImpl.java:closePipeline(342)) - Pipeline Pipeline[ Id: 7390dcda-dbd8-4381-851a-c2daa97ebb05, Nodes: f6edce37-208d-40f1-ab7e-323414b00593{ip: 10.1.0.59, host: fv-az297-361.nmf1rxwemy4u5di1sxxf4ejcwb.jx.internal.cloudapp.net, ports: [REPLICATION=37231, RATIS=35829, RATIS_ADMIN=35829, RATIS_SERVER=35829, STANDALONE=34061], networkLocation: /default-rack, certSerialId: null, persistedOpState: IN_SERVICE, persistedOpStateExpiryEpochSec: 0}a928fc34-d4b3-4f47-b859-83818f25ed6e{ip: 10.1.0.59, host: fv-az297-361.nmf1rxwemy4u5di1sxxf4ejcwb.jx.internal.cloudapp.net, ports: [REPLICATION=46425, RATIS=35709, RATIS_ADMIN=35709, RATIS_SERVER=35709, STANDALONE=38129], networkLocation: /default-rack, certSerialId: null, persistedOpState: IN_SERVICE, persistedOpStateExpiryEpochSec: 0}69929a81-75b5-4e59-a9cb-c7e6f0fb6fd6{ip: 10.1.0.59, host: fv-az297-361.nmf1rxwemy4u5di1sxxf4ejcwb.jx.internal.cloudapp.net, ports: [REPLICATION=46479, RATIS=40555, RATIS_ADMIN=40555, RATIS_SERVER=40555, STANDALONE=34613], networkLocation: /default-rack, certSerialId: null, persistedOpState: IN_SERVICE, persistedOpStateExpiryEpochSec: 0}, ReplicationConfig: RATIS/THREE, State:OPEN, leaderId:69929a81-75b5-4e59-a9cb-c7e6f0fb6fd6, CreationTimestamp2021-10-12T06:05:30.355Z[Etc/UTC]] moved to CLOSED state
2021-10-12 06:05:48,902 [EventQueue-StaleNodeForStaleNodeHandler] INFO  pipeline.PipelineManagerImpl (PipelineManagerImpl.java:closePipeline(342)) - Pipeline Pipeline[ Id: 16439a66-d4b8-45be-a9c3-75f6817ce003, Nodes: f6edce37-208d-40f1-ab7e-323414b00593{ip: 10.1.0.59, host: fv-az297-361.nmf1rxwemy4u5di1sxxf4ejcwb.jx.internal.cloudapp.net, ports: [REPLICATION=37231, RATIS=35829, RATIS_ADMIN=35829, RATIS_SERVER=35829, STANDALONE=34061], networkLocation: /default-rack, certSerialId: null, persistedOpState: IN_SERVICE, persistedOpStateExpiryEpochSec: 0}, ReplicationConfig: RATIS/ONE, State:OPEN, leaderId:f6edce37-208d-40f1-ab7e-323414b00593, CreationTimestamp2021-10-12T06:05:29.752Z[Etc/UTC]] moved to CLOSED state
2021-10-12 06:05:48,916 [EventQueue-StaleNodeForStaleNodeHandler] INFO  pipeline.PipelineManagerImpl (PipelineManagerImpl.java:closePipeline(342)) - Pipeline Pipeline[ Id: 24fc6951-c623-41b7-8dc3-ab0ae3f98c36, Nodes: f6edce37-208d-40f1-ab7e-323414b00593{ip: 10.1.0.59, host: fv-az297-361.nmf1rxwemy4u5di1sxxf4ejcwb.jx.internal.cloudapp.net, ports: [REPLICATION=37231, RATIS=35829, RATIS_ADMIN=35829, RATIS_SERVER=35829, STANDALONE=34061], networkLocation: /default-rack, certSerialId: null, persistedOpState: IN_SERVICE, persistedOpStateExpiryEpochSec: 0}69929a81-75b5-4e59-a9cb-c7e6f0fb6fd6{ip: 10.1.0.59, host: fv-az297-361.nmf1rxwemy4u5di1sxxf4ejcwb.jx.internal.cloudapp.net, ports: [REPLICATION=46479, RATIS=40555, RATIS_ADMIN=40555, RATIS_SERVER=40555, STANDALONE=34613], networkLocation: /default-rack, certSerialId: null, persistedOpState: IN_SERVICE, persistedOpStateExpiryEpochSec: 0}a928fc34-d4b3-4f47-b859-83818f25ed6e{ip: 10.1.0.59, host: fv-az297-361.nmf1rxwemy4u5di1sxxf4ejcwb.jx.internal.cloudapp.net, ports: [REPLICATION=46425, RATIS=35709, RATIS_ADMIN=35709, RATIS_SERVER=35709, STANDALONE=38129], networkLocation: /default-rack, certSerialId: null, persistedOpState: IN_SERVICE, persistedOpStateExpiryEpochSec: 0}, ReplicationConfig: RATIS/THREE, State:OPEN, leaderId:a928fc34-d4b3-4f47-b859-83818f25ed6e, CreationTimestamp2021-10-12T06:05:30.354Z[Etc/UTC]] moved to CLOSED state
2021-10-12 06:05:48,916 [EventQueue-CloseContainerForCloseContainerEventHandler] INFO  container.CloseContainerEventHandler (CloseContainerEventHandler.java:onMessage(69)) - Close container Event triggered for container : #1
2021-10-12 06:05:49,586 [fdd2c237-e414-4605-b3b4-833d5e073368@group-280CF83C0957-FollowerState] INFO  impl.FollowerState (FollowerState.java:run(134)) - fdd2c237-e414-4605-b3b4-833d5e073368@group-280CF83C0957-FollowerState: change to CANDIDATE, lastRpcElapsedTime:5128851452ns, electionTimeout:5124ms
2021-10-12 06:05:49,586 [fdd2c237-e414-4605-b3b4-833d5e073368@group-280CF83C0957-FollowerState] INFO  impl.RoleInfo (RoleInfo.java:shutdownFollowerState(108)) - fdd2c237-e414-4605-b3b4-833d5e073368: shutdown fdd2c237-e414-4605-b3b4-833d5e073368@group-280CF83C0957-FollowerState
2021-10-12 06:05:49,586 [fdd2c237-e414-4605-b3b4-833d5e073368@group-280CF83C0957-FollowerState] INFO  server.RaftServer$Division (RaftServerImpl.java:setRole(285)) - fdd2c237-e414-4605-b3b4-833d5e073368@group-280CF83C0957: changes role from  FOLLOWER to CANDIDATE at term 2 for changeToCandidate
2021-10-12 06:05:49,586 [fdd2c237-e414-4605-b3b4-833d5e073368@group-280CF83C0957-FollowerState] INFO  server.RaftServerConfigKeys (ConfUtils.java:logGet(44)) - raft.server.leaderelection.pre-vote = false (custom)
2021-10-12 06:05:49,586 [fdd2c237-e414-4605-b3b4-833d5e073368@group-280CF83C0957-FollowerState] INFO  impl.RoleInfo (RoleInfo.java:updateAndGet(130)) - fdd2c237-e414-4605-b3b4-833d5e073368: start fdd2c237-e414-4605-b3b4-833d5e073368@group-280CF83C0957-LeaderElection100
2021-10-12 06:05:49,592 [fdd2c237-e414-4605-b3b4-833d5e073368@group-280CF83C0957-LeaderElection100] INFO  impl.LeaderElection (LeaderElection.java:askForVotes(306)) - fdd2c237-e414-4605-b3b4-833d5e073368@group-280CF83C0957-LeaderElection100 ELECTION round 0: submit vote requests at term 3 for -1: [1a275f92-aa29-4e99-8b54-16510abadaea|rpc:10.1.0.59:35911|priority:1, fd6d4eb7-d4eb-4c85-951f-7fa23d5c4e33|rpc:10.1.0.59:37125|priority:0, fdd2c237-e414-4605-b3b4-833d5e073368|rpc:10.1.0.59:38743|priority:0], old=null
2021-10-12 06:05:49,609 [grpc-default-executor-4] INFO  server.RaftServer$Division (RaftServerImpl.java:requestVote(1043)) - 1a275f92-aa29-4e99-8b54-16510abadaea@group-280CF83C0957: receive requestVote(ELECTION, fdd2c237-e414-4605-b3b4-833d5e073368, group-280CF83C0957, 3, (t:0, i:0))
2021-10-12 06:05:49,609 [grpc-default-executor-4] INFO  impl.VoteContext (VoteContext.java:log(48)) - 1a275f92-aa29-4e99-8b54-16510abadaea@group-280CF83C0957-FOLLOWER: reject ELECTION from fdd2c237-e414-4605-b3b4-833d5e073368: our priority 1 > candidate's priority 0
2021-10-12 06:05:49,609 [grpc-default-executor-4] INFO  server.RaftServer$Division (RaftServerImpl.java:setRole(285)) - 1a275f92-aa29-4e99-8b54-16510abadaea@group-280CF83C0957: changes role from  FOLLOWER to FOLLOWER at term 3 for candidate:fdd2c237-e414-4605-b3b4-833d5e073368
2021-10-12 06:05:49,609 [grpc-default-executor-4] INFO  impl.RoleInfo (RoleInfo.java:shutdownFollowerState(108)) - 1a275f92-aa29-4e99-8b54-16510abadaea: shutdown 1a275f92-aa29-4e99-8b54-16510abadaea@group-280CF83C0957-FollowerState
2021-10-12 06:05:49,624 [1a275f92-aa29-4e99-8b54-16510abadaea@group-280CF83C0957-FollowerState] INFO  impl.FollowerState (FollowerState.java:run(143)) - 1a275f92-aa29-4e99-8b54-16510abadaea@group-280CF83C0957-FollowerState was interrupted: {}
java.lang.InterruptedException: sleep interrupted
	at java.lang.Thread.sleep(Native Method)
	at java.lang.Thread.sleep(Thread.java:340)
	at java.util.concurrent.TimeUnit.sleep(TimeUnit.java:386)
	at org.apache.ratis.util.TimeDuration.sleep(TimeDuration.java:324)
	at org.apache.ratis.util.TimeDuration.sleep(TimeDuration.java:309)
	at org.apache.ratis.server.impl.FollowerState.run(FollowerState.java:118)
2021-10-12 06:05:49,624 [grpc-default-executor-4] INFO  impl.RoleInfo (RoleInfo.java:updateAndGet(130)) - 1a275f92-aa29-4e99-8b54-16510abadaea: start 1a275f92-aa29-4e99-8b54-16510abadaea@group-280CF83C0957-FollowerState
2021-10-12 06:05:49,628 [grpc-default-executor-3] INFO  server.RaftServer$Division (RaftServerImpl.java:requestVote(1043)) - fd6d4eb7-d4eb-4c85-951f-7fa23d5c4e33@group-280CF83C0957: receive requestVote(ELECTION, fdd2c237-e414-4605-b3b4-833d5e073368, group-280CF83C0957, 3, (t:0, i:0))
2021-10-12 06:05:49,628 [grpc-default-executor-3] INFO  impl.VoteContext (VoteContext.java:log(48)) - fd6d4eb7-d4eb-4c85-951f-7fa23d5c4e33@group-280CF83C0957-FOLLOWER: accept ELECTION from fdd2c237-e414-4605-b3b4-833d5e073368: our priority 0 <= candidate's priority 0
2021-10-12 06:05:49,628 [grpc-default-executor-3] INFO  server.RaftServer$Division (RaftServerImpl.java:setRole(285)) - fd6d4eb7-d4eb-4c85-951f-7fa23d5c4e33@group-280CF83C0957: changes role from  FOLLOWER to FOLLOWER at term 3 for candidate:fdd2c237-e414-4605-b3b4-833d5e073368
2021-10-12 06:05:49,628 [grpc-default-executor-3] INFO  impl.RoleInfo (RoleInfo.java:shutdownFollowerState(108)) - fd6d4eb7-d4eb-4c85-951f-7fa23d5c4e33: shutdown fd6d4eb7-d4eb-4c85-951f-7fa23d5c4e33@group-280CF83C0957-FollowerState
2021-10-12 06:05:49,634 [grpc-default-executor-3] INFO  impl.RoleInfo (RoleInfo.java:updateAndGet(130)) - fd6d4eb7-d4eb-4c85-951f-7fa23d5c4e33: start fd6d4eb7-d4eb-4c85-951f-7fa23d5c4e33@group-280CF83C0957-FollowerState
2021-10-12 06:05:49,634 [fd6d4eb7-d4eb-4c85-951f-7fa23d5c4e33@group-280CF83C0957-FollowerState] INFO  impl.FollowerState (FollowerState.java:run(143)) - fd6d4eb7-d4eb-4c85-951f-7fa23d5c4e33@group-280CF83C0957-FollowerState was interrupted: {}
java.lang.InterruptedException: sleep interrupted
	at java.lang.Thread.sleep(Native Method)
	at java.lang.Thread.sleep(Thread.java:340)
	at java.util.concurrent.TimeUnit.sleep(TimeUnit.java:386)
	at org.apache.ratis.util.TimeDuration.sleep(TimeDuration.java:324)
	at org.apache.ratis.util.TimeDuration.sleep(TimeDuration.java:309)
	at org.apache.ratis.server.impl.FollowerState.run(FollowerState.java:118)
2021-10-12 06:05:49,635 [grpc-default-executor-4] INFO  server.RaftServer$Division (RaftServerImpl.java:requestVote(1075)) - 1a275f92-aa29-4e99-8b54-16510abadaea@group-280CF83C0957 replies to ELECTION vote request: fdd2c237-e414-4605-b3b4-833d5e073368<-1a275f92-aa29-4e99-8b54-16510abadaea#0:FAIL-t3. Peer's state: 1a275f92-aa29-4e99-8b54-16510abadaea@group-280CF83C0957:t3, leader=null, voted=null, raftlog=1a275f92-aa29-4e99-8b54-16510abadaea@group-280CF83C0957-SegmentedRaftLog:OPENED:c-1,f-1,i0, conf=-1: [1a275f92-aa29-4e99-8b54-16510abadaea|rpc:10.1.0.59:35911|dataStream:|priority:1, fd6d4eb7-d4eb-4c85-951f-7fa23d5c4e33|rpc:10.1.0.59:37125|dataStream:|priority:0, fdd2c237-e414-4605-b3b4-833d5e073368|rpc:10.1.0.59:38743|dataStream:|priority:0], old=null
2021-10-12 06:05:49,642 [fdd2c237-e414-4605-b3b4-833d5e073368@group-280CF83C0957-LeaderElection100] INFO  impl.LeaderElection (LeaderElection.java:logAndReturn(89)) - fdd2c237-e414-4605-b3b4-833d5e073368@group-280CF83C0957-LeaderElection100: ELECTION REJECTED received 1 response(s) and 0 exception(s):
2021-10-12 06:05:49,642 [fdd2c237-e414-4605-b3b4-833d5e073368@group-280CF83C0957-LeaderElection100] INFO  impl.LeaderElection (LeaderElection.java:logAndReturn(93)) -   Response 0: fdd2c237-e414-4605-b3b4-833d5e073368<-1a275f92-aa29-4e99-8b54-16510abadaea#0:FAIL-t3
2021-10-12 06:05:49,642 [fdd2c237-e414-4605-b3b4-833d5e073368@group-280CF83C0957-LeaderElection100] INFO  impl.LeaderElection (LeaderElection.java:askForVotes(308)) - fdd2c237-e414-4605-b3b4-833d5e073368@group-280CF83C0957-LeaderElection100 ELECTION round 0: result REJECTED
2021-10-12 06:05:49,643 [fdd2c237-e414-4605-b3b4-833d5e073368@group-280CF83C0957-LeaderElection100] INFO  server.RaftServer$Division (RaftServerImpl.java:setRole(285)) - fdd2c237-e414-4605-b3b4-833d5e073368@group-280CF83C0957: changes role from CANDIDATE to FOLLOWER at term 3 for REJECTED
2021-10-12 06:05:49,643 [fdd2c237-e414-4605-b3b4-833d5e073368@group-280CF83C0957-LeaderElection100] INFO  impl.RoleInfo (RoleInfo.java:shutdownLeaderElection(121)) - fdd2c237-e414-4605-b3b4-833d5e073368: shutdown fdd2c237-e414-4605-b3b4-833d5e073368@group-280CF83C0957-LeaderElection100
2021-10-12 06:05:49,643 [fdd2c237-e414-4605-b3b4-833d5e073368@group-280CF83C0957-LeaderElection100] INFO  impl.RoleInfo (RoleInfo.java:updateAndGet(130)) - fdd2c237-e414-4605-b3b4-833d5e073368: start fdd2c237-e414-4605-b3b4-833d5e073368@group-280CF83C0957-FollowerState
2021-10-12 06:05:49,646 [grpc-default-executor-3] INFO  server.RaftServer$Division (RaftServerImpl.java:requestVote(1075)) - fd6d4eb7-d4eb-4c85-951f-7fa23d5c4e33@group-280CF83C0957 replies to ELECTION vote request: fdd2c237-e414-4605-b3b4-833d5e073368<-fd6d4eb7-d4eb-4c85-951f-7fa23d5c4e33#0:OK-t3. Peer's state: fd6d4eb7-d4eb-4c85-951f-7fa23d5c4e33@group-280CF83C0957:t3, leader=null, voted=fdd2c237-e414-4605-b3b4-833d5e073368, raftlog=fd6d4eb7-d4eb-4c85-951f-7fa23d5c4e33@group-280CF83C0957-SegmentedRaftLog:OPENED:c-1,f-1,i0, conf=-1: [1a275f92-aa29-4e99-8b54-16510abadaea|rpc:10.1.0.59:35911|dataStream:|priority:1, fd6d4eb7-d4eb-4c85-951f-7fa23d5c4e33|rpc:10.1.0.59:37125|dataStream:|priority:0, fdd2c237-e414-4605-b3b4-833d5e073368|rpc:10.1.0.59:38743|dataStream:|priority:0], old=null
2021-10-12 06:05:50,418 [grpc-default-executor-3] WARN  server.GrpcLogAppender (LogUtils.java:warn(122)) - a928fc34-d4b3-4f47-b859-83818f25ed6e@group-AB0AE3F98C36->f6edce37-208d-40f1-ab7e-323414b00593-AppendLogResponseHandler: Failed appendEntries: org.apache.ratis.thirdparty.io.grpc.StatusRuntimeException: UNAVAILABLE: io exception
2021-10-12 06:05:50,419 [grpc-default-executor-3] WARN  server.GrpcLogAppender (GrpcLogAppender.java:resetClient(111)) - a928fc34-d4b3-4f47-b859-83818f25ed6e@group-AB0AE3F98C36->f6edce37-208d-40f1-ab7e-323414b00593-GrpcLogAppender: Leader has not got in touch with Follower a928fc34-d4b3-4f47-b859-83818f25ed6e@group-AB0AE3F98C36->f6edce37-208d-40f1-ab7e-323414b00593(c-1,m0,n1, attendVote=true, lastRpcSendTime=3, lastRpcResponseTime=7787) yet, just keep nextIndex unchanged and retry.
2021-10-12 06:05:50,838 [grpc-default-executor-3] WARN  server.GrpcLogAppender (LogUtils.java:warn(122)) - 69929a81-75b5-4e59-a9cb-c7e6f0fb6fd6@group-C2DAA97EBB05->f6edce37-208d-40f1-ab7e-323414b00593-AppendLogResponseHandler: Failed appendEntries: org.apache.ratis.thirdparty.io.grpc.StatusRuntimeException: UNAVAILABLE: io exception
2021-10-12 06:05:50,839 [grpc-default-executor-3] WARN  server.GrpcLogAppender (GrpcLogAppender.java:resetClient(111)) - 69929a81-75b5-4e59-a9cb-c7e6f0fb6fd6@group-C2DAA97EBB05->f6edce37-208d-40f1-ab7e-323414b00593-GrpcLogAppender: Leader has not got in touch with Follower 69929a81-75b5-4e59-a9cb-c7e6f0fb6fd6@group-C2DAA97EBB05->f6edce37-208d-40f1-ab7e-323414b00593(c-1,m0,n1, attendVote=true, lastRpcSendTime=2509, lastRpcResponseTime=7515) yet, just keep nextIndex unchanged and retry.
2021-10-12 06:05:51,219 [grpc-default-executor-4] WARN  server.GrpcLogAppender (LogUtils.java:warn(122)) - 69929a81-75b5-4e59-a9cb-c7e6f0fb6fd6@group-D75B06A36D76->f6edce37-208d-40f1-ab7e-323414b00593-AppendLogResponseHandler: Failed appendEntries: org.apache.ratis.thirdparty.io.grpc.StatusRuntimeException: UNAVAILABLE: io exception
2021-10-12 06:05:51,219 [grpc-default-executor-4] WARN  server.GrpcLogAppender (GrpcLogAppender.java:resetClient(111)) - 69929a81-75b5-4e59-a9cb-c7e6f0fb6fd6@group-D75B06A36D76->f6edce37-208d-40f1-ab7e-323414b00593-GrpcLogAppender: Leader has not got in touch with Follower 69929a81-75b5-4e59-a9cb-c7e6f0fb6fd6@group-D75B06A36D76->f6edce37-208d-40f1-ab7e-323414b00593(c-1,m0,n3, attendVote=true, lastRpcSendTime=2519, lastRpcResponseTime=7884) yet, just keep nextIndex unchanged and retry.
2021-10-12 06:05:52,919 [grpc-default-executor-3] WARN  server.GrpcLogAppender (LogUtils.java:warn(122)) - a928fc34-d4b3-4f47-b859-83818f25ed6e@group-AB0AE3F98C36->f6edce37-208d-40f1-ab7e-323414b00593-AppendLogResponseHandler: Failed appendEntries: org.apache.ratis.thirdparty.io.grpc.StatusRuntimeException: UNAVAILABLE: io exception
2021-10-12 06:05:52,919 [grpc-default-executor-3] WARN  server.GrpcLogAppender (GrpcLogAppender.java:resetClient(111)) - a928fc34-d4b3-4f47-b859-83818f25ed6e@group-AB0AE3F98C36->f6edce37-208d-40f1-ab7e-323414b00593-GrpcLogAppender: Leader has not got in touch with Follower a928fc34-d4b3-4f47-b859-83818f25ed6e@group-AB0AE3F98C36->f6edce37-208d-40f1-ab7e-323414b00593(c-1,m0,n1, attendVote=true, lastRpcSendTime=2504, lastRpcResponseTime=10288) yet, just keep nextIndex unchanged and retry.
2021-10-12 06:05:53,342 [grpc-default-executor-3] WARN  server.GrpcLogAppender (LogUtils.java:warn(122)) - 69929a81-75b5-4e59-a9cb-c7e6f0fb6fd6@group-C2DAA97EBB05->f6edce37-208d-40f1-ab7e-323414b00593-AppendLogResponseHandler: Failed appendEntries: org.apache.ratis.thirdparty.io.grpc.StatusRuntimeException: UNAVAILABLE: io exception
2021-10-12 06:05:53,343 [grpc-default-executor-3] WARN  server.GrpcLogAppender (GrpcLogAppender.java:resetClient(111)) - 69929a81-75b5-4e59-a9cb-c7e6f0fb6fd6@group-C2DAA97EBB05->f6edce37-208d-40f1-ab7e-323414b00593-GrpcLogAppender: Leader has not got in touch with Follower 69929a81-75b5-4e59-a9cb-c7e6f0fb6fd6@group-C2DAA97EBB05->f6edce37-208d-40f1-ab7e-323414b00593(c-1,m0,n1, attendVote=true, lastRpcSendTime=2502, lastRpcResponseTime=10018) yet, just keep nextIndex unchanged and retry.
2021-10-12 06:05:53,746 [grpc-default-executor-3] WARN  server.GrpcLogAppender (LogUtils.java:warn(122)) - 69929a81-75b5-4e59-a9cb-c7e6f0fb6fd6@group-D75B06A36D76->f6edce37-208d-40f1-ab7e-323414b00593-AppendLogResponseHandler: Failed appendEntries: org.apache.ratis.thirdparty.io.grpc.StatusRuntimeException: UNAVAILABLE: io exception
2021-10-12 06:05:53,747 [grpc-default-executor-3] WARN  server.GrpcLogAppender (GrpcLogAppender.java:resetClient(111)) - 69929a81-75b5-4e59-a9cb-c7e6f0fb6fd6@group-D75B06A36D76->f6edce37-208d-40f1-ab7e-323414b00593-GrpcLogAppender: Leader has not got in touch with Follower 69929a81-75b5-4e59-a9cb-c7e6f0fb6fd6@group-D75B06A36D76->f6edce37-208d-40f1-ab7e-323414b00593(c-1,m0,n3, attendVote=true, lastRpcSendTime=2526, lastRpcResponseTime=10412) yet, just keep nextIndex unchanged and retry.
2021-10-12 06:05:54,693 [1a275f92-aa29-4e99-8b54-16510abadaea@group-280CF83C0957-FollowerState] INFO  impl.FollowerState (FollowerState.java:run(134)) - 1a275f92-aa29-4e99-8b54-16510abadaea@group-280CF83C0957-FollowerState: change to CANDIDATE, lastRpcElapsedTime:5068644882ns, electionTimeout:5059ms
2021-10-12 06:05:54,693 [1a275f92-aa29-4e99-8b54-16510abadaea@group-280CF83C0957-FollowerState] INFO  impl.RoleInfo (RoleInfo.java:shutdownFollowerState(108)) - 1a275f92-aa29-4e99-8b54-16510abadaea: shutdown 1a275f92-aa29-4e99-8b54-16510abadaea@group-280CF83C0957-FollowerState
2021-10-12 06:05:54,693 [1a275f92-aa29-4e99-8b54-16510abadaea@group-280CF83C0957-FollowerState] INFO  server.RaftServer$Division (RaftServerImpl.java:setRole(285)) - 1a275f92-aa29-4e99-8b54-16510abadaea@group-280CF83C0957: changes role from  FOLLOWER to CANDIDATE at term 3 for changeToCandidate
2021-10-12 06:05:54,693 [1a275f92-aa29-4e99-8b54-16510abadaea@group-280CF83C0957-FollowerState] INFO  server.RaftServerConfigKeys (ConfUtils.java:logGet(44)) - raft.server.leaderelection.pre-vote = false (custom)
2021-10-12 06:05:54,693 [1a275f92-aa29-4e99-8b54-16510abadaea@group-280CF83C0957-FollowerState] INFO  impl.RoleInfo (RoleInfo.java:updateAndGet(130)) - 1a275f92-aa29-4e99-8b54-16510abadaea: start 1a275f92-aa29-4e99-8b54-16510abadaea@group-280CF83C0957-LeaderElection101
2021-10-12 06:05:54,721 [1a275f92-aa29-4e99-8b54-16510abadaea@group-280CF83C0957-LeaderElection101] INFO  impl.LeaderElection (LeaderElection.java:askForVotes(306)) - 1a275f92-aa29-4e99-8b54-16510abadaea@group-280CF83C0957-LeaderElection101 ELECTION round 0: submit vote requests at term 4 for -1: [1a275f92-aa29-4e99-8b54-16510abadaea|rpc:10.1.0.59:35911|dataStream:|priority:1, fd6d4eb7-d4eb-4c85-951f-7fa23d5c4e33|rpc:10.1.0.59:37125|dataStream:|priority:0, fdd2c237-e414-4605-b3b4-833d5e073368|rpc:10.1.0.59:38743|dataStream:|priority:0], old=null
2021-10-12 06:05:54,739 [grpc-default-executor-1] INFO  server.RaftServer$Division (RaftServerImpl.java:requestVote(1043)) - fd6d4eb7-d4eb-4c85-951f-7fa23d5c4e33@group-280CF83C0957: receive requestVote(ELECTION, 1a275f92-aa29-4e99-8b54-16510abadaea, group-280CF83C0957, 4, (t:0, i:0))
2021-10-12 06:05:54,739 [grpc-default-executor-1] INFO  impl.VoteContext (VoteContext.java:log(48)) - fd6d4eb7-d4eb-4c85-951f-7fa23d5c4e33@group-280CF83C0957-FOLLOWER: accept ELECTION from 1a275f92-aa29-4e99-8b54-16510abadaea: our priority 0 <= candidate's priority 1
2021-10-12 06:05:54,740 [grpc-default-executor-1] INFO  server.RaftServer$Division (RaftServerImpl.java:setRole(285)) - fd6d4eb7-d4eb-4c85-951f-7fa23d5c4e33@group-280CF83C0957: changes role from  FOLLOWER to FOLLOWER at term 4 for candidate:1a275f92-aa29-4e99-8b54-16510abadaea
2021-10-12 06:05:54,740 [grpc-default-executor-1] INFO  impl.RoleInfo (RoleInfo.java:shutdownFollowerState(108)) - fd6d4eb7-d4eb-4c85-951f-7fa23d5c4e33: shutdown fd6d4eb7-d4eb-4c85-951f-7fa23d5c4e33@group-280CF83C0957-FollowerState
2021-10-12 06:05:54,760 [grpc-default-executor-1] INFO  impl.RoleInfo (RoleInfo.java:updateAndGet(130)) - fd6d4eb7-d4eb-4c85-951f-7fa23d5c4e33: start fd6d4eb7-d4eb-4c85-951f-7fa23d5c4e33@group-280CF83C0957-FollowerState
2021-10-12 06:05:54,760 [fd6d4eb7-d4eb-4c85-951f-7fa23d5c4e33@group-280CF83C0957-FollowerState] INFO  impl.FollowerState (FollowerState.java:run(143)) - fd6d4eb7-d4eb-4c85-951f-7fa23d5c4e33@group-280CF83C0957-FollowerState was interrupted: {}
java.lang.InterruptedException: sleep interrupted
	at java.lang.Thread.sleep(Native Method)
	at java.lang.Thread.sleep(Thread.java:340)
	at java.util.concurrent.TimeUnit.sleep(TimeUnit.java:386)
	at org.apache.ratis.util.TimeDuration.sleep(TimeDuration.java:324)
	at org.apache.ratis.util.TimeDuration.sleep(TimeDuration.java:309)
	at org.apache.ratis.server.impl.FollowerState.run(FollowerState.java:118)
2021-10-12 06:05:54,777 [fdd2c237-e414-4605-b3b4-833d5e073368@group-280CF83C0957-FollowerState] INFO  impl.FollowerState (FollowerState.java:run(134)) - fdd2c237-e414-4605-b3b4-833d5e073368@group-280CF83C0957-FollowerState: change to CANDIDATE, lastRpcElapsedTime:5134485195ns, electionTimeout:5134ms
2021-10-12 06:05:54,802 [fdd2c237-e414-4605-b3b4-833d5e073368@group-280CF83C0957-FollowerState] INFO  impl.RoleInfo (RoleInfo.java:shutdownFollowerState(108)) - fdd2c237-e414-4605-b3b4-833d5e073368: shutdown fdd2c237-e414-4605-b3b4-833d5e073368@group-280CF83C0957-FollowerState
2021-10-12 06:05:54,802 [fdd2c237-e414-4605-b3b4-833d5e073368@group-280CF83C0957-FollowerState] INFO  server.RaftServer$Division (RaftServerImpl.java:setRole(285)) - fdd2c237-e414-4605-b3b4-833d5e073368@group-280CF83C0957: changes role from  FOLLOWER to CANDIDATE at term 3 for changeToCandidate
2021-10-12 06:05:54,802 [fdd2c237-e414-4605-b3b4-833d5e073368@group-280CF83C0957-FollowerState] INFO  server.RaftServerConfigKeys (ConfUtils.java:logGet(44)) - raft.server.leaderelection.pre-vote = false (custom)
2021-10-12 06:05:54,802 [fdd2c237-e414-4605-b3b4-833d5e073368@group-280CF83C0957-FollowerState] INFO  impl.RoleInfo (RoleInfo.java:updateAndGet(130)) - fdd2c237-e414-4605-b3b4-833d5e073368: start fdd2c237-e414-4605-b3b4-833d5e073368@group-280CF83C0957-LeaderElection102
2021-10-12 06:05:54,826 [fdd2c237-e414-4605-b3b4-833d5e073368@group-280CF83C0957-LeaderElection102] INFO  impl.LeaderElection (LeaderElection.java:askForVotes(306)) - fdd2c237-e414-4605-b3b4-833d5e073368@group-280CF83C0957-LeaderElection102 ELECTION round 0: submit vote requests at term 4 for -1: [1a275f92-aa29-4e99-8b54-16510abadaea|rpc:10.1.0.59:35911|priority:1, fd6d4eb7-d4eb-4c85-951f-7fa23d5c4e33|rpc:10.1.0.59:37125|priority:0, fdd2c237-e414-4605-b3b4-833d5e073368|rpc:10.1.0.59:38743|priority:0], old=null
2021-10-12 06:05:54,827 [grpc-default-executor-3] INFO  server.RaftServer$Division (RaftServerImpl.java:requestVote(1043)) - 1a275f92-aa29-4e99-8b54-16510abadaea@group-280CF83C0957: receive requestVote(ELECTION, fdd2c237-e414-4605-b3b4-833d5e073368, group-280CF83C0957, 4, (t:0, i:0))
2021-10-12 06:05:54,827 [grpc-default-executor-3] INFO  impl.VoteContext (VoteContext.java:log(48)) - 1a275f92-aa29-4e99-8b54-16510abadaea@group-280CF83C0957-CANDIDATE: reject ELECTION from fdd2c237-e414-4605-b3b4-833d5e073368: already has voted for 1a275f92-aa29-4e99-8b54-16510abadaea at current term 4
2021-10-12 06:05:54,827 [grpc-default-executor-3] INFO  server.RaftServer$Division (RaftServerImpl.java:requestVote(1075)) - 1a275f92-aa29-4e99-8b54-16510abadaea@group-280CF83C0957 replies to ELECTION vote request: fdd2c237-e414-4605-b3b4-833d5e073368<-1a275f92-aa29-4e99-8b54-16510abadaea#0:FAIL-t4. Peer's state: 1a275f92-aa29-4e99-8b54-16510abadaea@group-280CF83C0957:t4, leader=null, voted=1a275f92-aa29-4e99-8b54-16510abadaea, raftlog=1a275f92-aa29-4e99-8b54-16510abadaea@group-280CF83C0957-SegmentedRaftLog:OPENED:c-1,f-1,i0, conf=-1: [1a275f92-aa29-4e99-8b54-16510abadaea|rpc:10.1.0.59:35911|dataStream:|priority:1, fd6d4eb7-d4eb-4c85-951f-7fa23d5c4e33|rpc:10.1.0.59:37125|dataStream:|priority:0, fdd2c237-e414-4605-b3b4-833d5e073368|rpc:10.1.0.59:38743|dataStream:|priority:0], old=null
2021-10-12 06:05:54,834 [grpc-default-executor-1] INFO  server.RaftServer$Division (RaftServerImpl.java:requestVote(1075)) - fd6d4eb7-d4eb-4c85-951f-7fa23d5c4e33@group-280CF83C0957 replies to ELECTION vote request: 1a275f92-aa29-4e99-8b54-16510abadaea<-fd6d4eb7-d4eb-4c85-951f-7fa23d5c4e33#0:OK-t4. Peer's state: fd6d4eb7-d4eb-4c85-951f-7fa23d5c4e33@group-280CF83C0957:t4, leader=null, voted=1a275f92-aa29-4e99-8b54-16510abadaea, raftlog=fd6d4eb7-d4eb-4c85-951f-7fa23d5c4e33@group-280CF83C0957-SegmentedRaftLog:OPENED:c-1,f-1,i0, conf=-1: [1a275f92-aa29-4e99-8b54-16510abadaea|rpc:10.1.0.59:35911|dataStream:|priority:1, fd6d4eb7-d4eb-4c85-951f-7fa23d5c4e33|rpc:10.1.0.59:37125|dataStream:|priority:0, fdd2c237-e414-4605-b3b4-833d5e073368|rpc:10.1.0.59:38743|dataStream:|priority:0], old=null
2021-10-12 06:05:54,835 [1a275f92-aa29-4e99-8b54-16510abadaea@group-280CF83C0957-LeaderElection101] INFO  impl.LeaderElection (LeaderElection.java:logAndReturn(89)) - 1a275f92-aa29-4e99-8b54-16510abadaea@group-280CF83C0957-LeaderElection101: ELECTION PASSED received 1 response(s) and 0 exception(s):
2021-10-12 06:05:54,835 [1a275f92-aa29-4e99-8b54-16510abadaea@group-280CF83C0957-LeaderElection101] INFO  impl.LeaderElection (LeaderElection.java:logAndReturn(93)) -   Response 0: 1a275f92-aa29-4e99-8b54-16510abadaea<-fd6d4eb7-d4eb-4c85-951f-7fa23d5c4e33#0:OK-t4
2021-10-12 06:05:54,835 [1a275f92-aa29-4e99-8b54-16510abadaea@group-280CF83C0957-LeaderElection101] INFO  impl.LeaderElection (LeaderElection.java:askForVotes(308)) - 1a275f92-aa29-4e99-8b54-16510abadaea@group-280CF83C0957-LeaderElection101 ELECTION round 0: result PASSED
2021-10-12 06:05:54,835 [1a275f92-aa29-4e99-8b54-16510abadaea@group-280CF83C0957-LeaderElection101] INFO  impl.RoleInfo (RoleInfo.java:shutdownLeaderElection(121)) - 1a275f92-aa29-4e99-8b54-16510abadaea: shutdown 1a275f92-aa29-4e99-8b54-16510abadaea@group-280CF83C0957-LeaderElection101
2021-10-12 06:05:54,835 [grpc-default-executor-1] INFO  server.RaftServer$Division (RaftServerImpl.java:requestVote(1043)) - fdd2c237-e414-4605-b3b4-833d5e073368@group-280CF83C0957: receive requestVote(ELECTION, 1a275f92-aa29-4e99-8b54-16510abadaea, group-280CF83C0957, 4, (t:0, i:0))
2021-10-12 06:05:54,835 [grpc-default-executor-1] INFO  impl.VoteContext (VoteContext.java:log(48)) - fdd2c237-e414-4605-b3b4-833d5e073368@group-280CF83C0957-CANDIDATE: reject ELECTION from 1a275f92-aa29-4e99-8b54-16510abadaea: already has voted for fdd2c237-e414-4605-b3b4-833d5e073368 at current term 4
2021-10-12 06:05:54,836 [grpc-default-executor-1] INFO  server.RaftServer$Division (RaftServerImpl.java:requestVote(1075)) - fdd2c237-e414-4605-b3b4-833d5e073368@group-280CF83C0957 replies to ELECTION vote request: 1a275f92-aa29-4e99-8b54-16510abadaea<-fdd2c237-e414-4605-b3b4-833d5e073368#0:FAIL-t4. Peer's state: fdd2c237-e414-4605-b3b4-833d5e073368@group-280CF83C0957:t4, leader=null, voted=fdd2c237-e414-4605-b3b4-833d5e073368, raftlog=fdd2c237-e414-4605-b3b4-833d5e073368@group-280CF83C0957-SegmentedRaftLog:OPENED:c-1,f-1,i0, conf=-1: [1a275f92-aa29-4e99-8b54-16510abadaea|rpc:10.1.0.59:35911|priority:1, fd6d4eb7-d4eb-4c85-951f-7fa23d5c4e33|rpc:10.1.0.59:37125|priority:0, fdd2c237-e414-4605-b3b4-833d5e073368|rpc:10.1.0.59:38743|priority:0], old=null
2021-10-12 06:05:54,835 [1a275f92-aa29-4e99-8b54-16510abadaea@group-280CF83C0957-LeaderElection101] INFO  server.RaftServer$Division (RaftServerImpl.java:setRole(285)) - 1a275f92-aa29-4e99-8b54-16510abadaea@group-280CF83C0957: changes role from CANDIDATE to LEADER at term 4 for changeToLeader
2021-10-12 06:05:54,836 [1a275f92-aa29-4e99-8b54-16510abadaea@group-280CF83C0957-LeaderElection101] INFO  ratis.XceiverServerRatis (XceiverServerRatis.java:handleLeaderChangedNotification(861)) - Leader change notification received for group: group-280CF83C0957 with new leaderId: 1a275f92-aa29-4e99-8b54-16510abadaea
2021-10-12 06:05:54,836 [fdd2c237-e414-4605-b3b4-833d5e073368@group-280CF83C0957-LeaderElection102] INFO  impl.LeaderElection (LeaderElection.java:logAndReturn(89)) - fdd2c237-e414-4605-b3b4-833d5e073368@group-280CF83C0957-LeaderElection102: ELECTION REJECTED received 1 response(s) and 0 exception(s):
2021-10-12 06:05:54,836 [fdd2c237-e414-4605-b3b4-833d5e073368@group-280CF83C0957-LeaderElection102] INFO  impl.LeaderElection (LeaderElection.java:logAndReturn(93)) -   Response 0: fdd2c237-e414-4605-b3b4-833d5e073368<-1a275f92-aa29-4e99-8b54-16510abadaea#0:FAIL-t4
2021-10-12 06:05:54,836 [1a275f92-aa29-4e99-8b54-16510abadaea@group-280CF83C0957-LeaderElection101] INFO  server.RaftServer$Division (ServerState.java:setLeader(285)) - 1a275f92-aa29-4e99-8b54-16510abadaea@group-280CF83C0957: change Leader from null to 1a275f92-aa29-4e99-8b54-16510abadaea at term 4 for becomeLeader, leader elected after 20813ms
2021-10-12 06:05:54,836 [fdd2c237-e414-4605-b3b4-833d5e073368@group-280CF83C0957-LeaderElection102] INFO  impl.LeaderElection (LeaderElection.java:askForVotes(308)) - fdd2c237-e414-4605-b3b4-833d5e073368@group-280CF83C0957-LeaderElection102 ELECTION round 0: result REJECTED
2021-10-12 06:05:54,836 [1a275f92-aa29-4e99-8b54-16510abadaea@group-280CF83C0957-LeaderElection101] INFO  server.RaftServerConfigKeys (ConfUtils.java:logGet(44)) - raft.server.staging.catchup.gap = 1000 (default)
2021-10-12 06:05:54,836 [fdd2c237-e414-4605-b3b4-833d5e073368@group-280CF83C0957-LeaderElection102] INFO  server.RaftServer$Division (RaftServerImpl.java:setRole(285)) - fdd2c237-e414-4605-b3b4-833d5e073368@group-280CF83C0957: changes role from CANDIDATE to FOLLOWER at term 4 for REJECTED
2021-10-12 06:05:54,836 [fdd2c237-e414-4605-b3b4-833d5e073368@group-280CF83C0957-LeaderElection102] INFO  impl.RoleInfo (RoleInfo.java:shutdownLeaderElection(121)) - fdd2c237-e414-4605-b3b4-833d5e073368: shutdown fdd2c237-e414-4605-b3b4-833d5e073368@group-280CF83C0957-LeaderElection102
2021-10-12 06:05:54,836 [fdd2c237-e414-4605-b3b4-833d5e073368@group-280CF83C0957-LeaderElection102] INFO  impl.RoleInfo (RoleInfo.java:updateAndGet(130)) - fdd2c237-e414-4605-b3b4-833d5e073368: start fdd2c237-e414-4605-b3b4-833d5e073368@group-280CF83C0957-FollowerState
2021-10-12 06:05:54,836 [1a275f92-aa29-4e99-8b54-16510abadaea@group-280CF83C0957-LeaderElection101] INFO  server.RaftServerConfigKeys (ConfUtils.java:logGet(44)) - raft.server.write.element-limit = 1024 (custom)
2021-10-12 06:05:54,836 [1a275f92-aa29-4e99-8b54-16510abadaea@group-280CF83C0957-LeaderElection101] INFO  server.RaftServerConfigKeys (ConfUtils.java:logGet(44)) - raft.server.write.byte-limit = 1024 M (=1073741824) (custom)
2021-10-12 06:05:54,837 [1a275f92-aa29-4e99-8b54-16510abadaea@group-280CF83C0957-LeaderElection101] INFO  server.RaftServerConfigKeys (ConfUtils.java:logGet(44)) - raft.server.watch.timeout = 3000ms (custom)
2021-10-12 06:05:54,837 [1a275f92-aa29-4e99-8b54-16510abadaea@group-280CF83C0957-LeaderElection101] INFO  server.RaftServerConfigKeys (ConfUtils.java:logGet(44)) - raft.server.watch.timeout.denomination = 1s (default)
2021-10-12 06:05:54,837 [1a275f92-aa29-4e99-8b54-16510abadaea@group-280CF83C0957-LeaderElection101] INFO  server.RaftServerConfigKeys (ConfUtils.java:logGet(44)) - raft.server.watch.element-limit = 65536 (default)
2021-10-12 06:05:54,837 [1a275f92-aa29-4e99-8b54-16510abadaea@group-280CF83C0957-LeaderElection101] INFO  server.RaftServerConfigKeys (ConfUtils.java:logGet(44)) - raft.server.log.appender.snapshot.chunk.size.max = 16MB (=16777216) (default)
2021-10-12 06:05:54,837 [1a275f92-aa29-4e99-8b54-16510abadaea@group-280CF83C0957-LeaderElection101] INFO  server.RaftServerConfigKeys (ConfUtils.java:logGet(44)) - raft.server.log.appender.buffer.byte-limit = 33554432 (custom)
2021-10-12 06:05:54,837 [1a275f92-aa29-4e99-8b54-16510abadaea@group-280CF83C0957-LeaderElection101] INFO  server.RaftServerConfigKeys (ConfUtils.java:logGet(44)) - raft.server.log.appender.buffer.element-limit = 1 (custom)
2021-10-12 06:05:54,837 [Datanode State Machine Thread - 0] WARN  statemachine.StateContext (StateContext.java:execute(621)) - No available thread in pool for past 1 seconds.
2021-10-12 06:05:54,838 [EventQueue-PipelineReportForPipelineReportHandler] INFO  pipeline.PipelineManagerImpl (PipelineManagerImpl.java:openPipeline(282)) - Pipeline Pipeline[ Id: 0347fa64-7ac4-4e26-893b-280cf83c0957, Nodes: 1a275f92-aa29-4e99-8b54-16510abadaea{ip: 10.1.0.59, host: fv-az297-361.nmf1rxwemy4u5di1sxxf4ejcwb.jx.internal.cloudapp.net, ports: [REPLICATION=44151, RATIS=35911, RATIS_ADMIN=35911, RATIS_SERVER=35911, STANDALONE=45949], networkLocation: /default-rack, certSerialId: null, persistedOpState: IN_SERVICE, persistedOpStateExpiryEpochSec: 0}fd6d4eb7-d4eb-4c85-951f-7fa23d5c4e33{ip: 10.1.0.59, host: fv-az297-361.nmf1rxwemy4u5di1sxxf4ejcwb.jx.internal.cloudapp.net, ports: [REPLICATION=36033, RATIS=37125, RATIS_ADMIN=37125, RATIS_SERVER=37125, STANDALONE=44425], networkLocation: /default-rack, certSerialId: null, persistedOpState: IN_SERVICE, persistedOpStateExpiryEpochSec: 0}fdd2c237-e414-4605-b3b4-833d5e073368{ip: 10.1.0.59, host: fv-az297-361.nmf1rxwemy4u5di1sxxf4ejcwb.jx.internal.cloudapp.net, ports: [REPLICATION=33853, RATIS=38743, RATIS_ADMIN=38743, RATIS_SERVER=38743, STANDALONE=36483], networkLocation: /default-rack, certSerialId: null, persistedOpState: IN_SERVICE, persistedOpStateExpiryEpochSec: 0}, ReplicationConfig: RATIS/THREE, State:ALLOCATED, leaderId:1a275f92-aa29-4e99-8b54-16510abadaea, CreationTimestamp2021-10-12T06:05:31.877Z[Etc/UTC]] moved to OPEN state
2021-10-12 06:05:54,855 [1a275f92-aa29-4e99-8b54-16510abadaea@group-280CF83C0957-LeaderElection101] INFO  grpc.GrpcConfigKeys (ConfUtils.java:logGet(44)) - raft.grpc.server.leader.outstanding.appends.max = 128 (default)
2021-10-12 06:05:54,855 [1a275f92-aa29-4e99-8b54-16510abadaea@group-280CF83C0957-LeaderElection101] INFO  server.RaftServerConfigKeys (ConfUtils.java:logGet(44)) - raft.server.rpc.request.timeout = 3000ms (default)
2021-10-12 06:05:54,855 [1a275f92-aa29-4e99-8b54-16510abadaea@group-280CF83C0957-LeaderElection101] INFO  server.RaftServerConfigKeys (ConfUtils.java:logGet(44)) - raft.server.log.appender.install.snapshot.enabled = false (custom)
2021-10-12 06:05:54,856 [1a275f92-aa29-4e99-8b54-16510abadaea@group-280CF83C0957-LeaderElection101] INFO  server.RaftServerConfigKeys (ConfUtils.java:logGet(44)) - raft.server.log.appender.snapshot.chunk.size.max = 16MB (=16777216) (default)
2021-10-12 06:05:54,856 [1a275f92-aa29-4e99-8b54-16510abadaea@group-280CF83C0957-LeaderElection101] INFO  server.RaftServerConfigKeys (ConfUtils.java:logGet(44)) - raft.server.log.appender.buffer.byte-limit = 33554432 (custom)
2021-10-12 06:05:54,856 [1a275f92-aa29-4e99-8b54-16510abadaea@group-280CF83C0957-LeaderElection101] INFO  server.RaftServerConfigKeys (ConfUtils.java:logGet(44)) - raft.server.log.appender.buffer.element-limit = 1 (custom)
2021-10-12 06:05:54,856 [1a275f92-aa29-4e99-8b54-16510abadaea@group-280CF83C0957-LeaderElection101] INFO  grpc.GrpcConfigKeys (ConfUtils.java:logGet(44)) - raft.grpc.server.leader.outstanding.appends.max = 128 (default)
2021-10-12 06:05:54,856 [1a275f92-aa29-4e99-8b54-16510abadaea@group-280CF83C0957-LeaderElection101] INFO  server.RaftServerConfigKeys (ConfUtils.java:logGet(44)) - raft.server.rpc.request.timeout = 3000ms (default)
2021-10-12 06:05:54,856 [1a275f92-aa29-4e99-8b54-16510abadaea@group-280CF83C0957-LeaderElection101] INFO  server.RaftServerConfigKeys (ConfUtils.java:logGet(44)) - raft.server.log.appender.install.snapshot.enabled = false (custom)
2021-10-12 06:05:54,857 [1a275f92-aa29-4e99-8b54-16510abadaea@group-280CF83C0957-LeaderElection101] INFO  impl.RoleInfo (RoleInfo.java:updateAndGet(130)) - 1a275f92-aa29-4e99-8b54-16510abadaea: start 1a275f92-aa29-4e99-8b54-16510abadaea@group-280CF83C0957-LeaderStateImpl
2021-10-12 06:05:54,874 [grpc-default-executor-1] INFO  server.RaftServer$Division (RaftServerImpl.java:requestVote(1043)) - fd6d4eb7-d4eb-4c85-951f-7fa23d5c4e33@group-280CF83C0957: receive requestVote(ELECTION, fdd2c237-e414-4605-b3b4-833d5e073368, group-280CF83C0957, 4, (t:0, i:0))
2021-10-12 06:05:54,874 [grpc-default-executor-1] INFO  impl.VoteContext (VoteContext.java:log(48)) - fd6d4eb7-d4eb-4c85-951f-7fa23d5c4e33@group-280CF83C0957-FOLLOWER: reject ELECTION from fdd2c237-e414-4605-b3b4-833d5e073368: already has voted for 1a275f92-aa29-4e99-8b54-16510abadaea at current term 4
2021-10-12 06:05:54,874 [grpc-default-executor-1] INFO  server.RaftServer$Division (RaftServerImpl.java:requestVote(1075)) - fd6d4eb7-d4eb-4c85-951f-7fa23d5c4e33@group-280CF83C0957 replies to ELECTION vote request: fdd2c237-e414-4605-b3b4-833d5e073368<-fd6d4eb7-d4eb-4c85-951f-7fa23d5c4e33#0:FAIL-t4. Peer's state: fd6d4eb7-d4eb-4c85-951f-7fa23d5c4e33@group-280CF83C0957:t4, leader=null, voted=1a275f92-aa29-4e99-8b54-16510abadaea, raftlog=fd6d4eb7-d4eb-4c85-951f-7fa23d5c4e33@group-280CF83C0957-SegmentedRaftLog:OPENED:c-1,f-1,i0, conf=-1: [1a275f92-aa29-4e99-8b54-16510abadaea|rpc:10.1.0.59:35911|dataStream:|priority:1, fd6d4eb7-d4eb-4c85-951f-7fa23d5c4e33|rpc:10.1.0.59:37125|dataStream:|priority:0, fdd2c237-e414-4605-b3b4-833d5e073368|rpc:10.1.0.59:38743|dataStream:|priority:0], old=null
2021-10-12 06:05:54,878 [1a275f92-aa29-4e99-8b54-16510abadaea@group-280CF83C0957-LeaderElection101] INFO  segmented.SegmentedRaftLogWorker (SegmentedRaftLogWorker.java:startLogSegment(394)) - 1a275f92-aa29-4e99-8b54-16510abadaea@group-280CF83C0957-SegmentedRaftLogWorker: Starting segment from index:0
2021-10-12 06:05:54,880 [1a275f92-aa29-4e99-8b54-16510abadaea@group-280CF83C0957-SegmentedRaftLogWorker] INFO  segmented.SegmentedRaftLogWorker (SegmentedRaftLogWorker.java:execute(601)) - 1a275f92-aa29-4e99-8b54-16510abadaea@group-280CF83C0957-SegmentedRaftLogWorker: created new log segment /home/runner/work/ozone/ozone/hadoop-ozone/integration-test/target/test-dir/MiniOzoneClusterImpl-c6dc50ab-6fac-4554-b78d-9440f3e38bfb/datanode-4/data/ratis/0347fa64-7ac4-4e26-893b-280cf83c0957/current/log_inprogress_0
2021-10-12 06:05:54,908 [grpc-default-executor-3] INFO  ratis.XceiverServerRatis (XceiverServerRatis.java:handleLeaderChangedNotification(861)) - Leader change notification received for group: group-280CF83C0957 with new leaderId: 1a275f92-aa29-4e99-8b54-16510abadaea
2021-10-12 06:05:54,908 [grpc-default-executor-3] INFO  server.RaftServer$Division (ServerState.java:setLeader(285)) - fd6d4eb7-d4eb-4c85-951f-7fa23d5c4e33@group-280CF83C0957: change Leader from null to 1a275f92-aa29-4e99-8b54-16510abadaea at term 4 for appendEntries, leader elected after 20763ms
2021-10-12 06:05:54,914 [1a275f92-aa29-4e99-8b54-16510abadaea@group-280CF83C0957-LeaderElection101] INFO  server.RaftServer$Division (ServerState.java:setRaftConf(387)) - 1a275f92-aa29-4e99-8b54-16510abadaea@group-280CF83C0957: set configuration 0: [1a275f92-aa29-4e99-8b54-16510abadaea|rpc:10.1.0.59:35911|dataStream:|priority:1, fd6d4eb7-d4eb-4c85-951f-7fa23d5c4e33|rpc:10.1.0.59:37125|dataStream:|priority:0, fdd2c237-e414-4605-b3b4-833d5e073368|rpc:10.1.0.59:38743|dataStream:|priority:0], old=null
2021-10-12 06:05:54,918 [grpc-default-executor-1] INFO  ratis.XceiverServerRatis (XceiverServerRatis.java:handleLeaderChangedNotification(861)) - Leader change notification received for group: group-280CF83C0957 with new leaderId: 1a275f92-aa29-4e99-8b54-16510abadaea
2021-10-12 06:05:54,918 [grpc-default-executor-1] INFO  server.RaftServer$Division (ServerState.java:setLeader(285)) - fdd2c237-e414-4605-b3b4-833d5e073368@group-280CF83C0957: change Leader from null to 1a275f92-aa29-4e99-8b54-16510abadaea at term 4 for appendEntries, leader elected after 21004ms
2021-10-12 06:05:54,930 [grpc-default-executor-3] INFO  server.RaftServer$Division (ServerState.java:setRaftConf(387)) - fd6d4eb7-d4eb-4c85-951f-7fa23d5c4e33@group-280CF83C0957: set configuration 0: [1a275f92-aa29-4e99-8b54-16510abadaea|rpc:10.1.0.59:35911|dataStream:|priority:1, fd6d4eb7-d4eb-4c85-951f-7fa23d5c4e33|rpc:10.1.0.59:37125|dataStream:|priority:0, fdd2c237-e414-4605-b3b4-833d5e073368|rpc:10.1.0.59:38743|dataStream:|priority:0], old=null
2021-10-12 06:05:54,931 [grpc-default-executor-3] INFO  segmented.SegmentedRaftLogWorker (SegmentedRaftLogWorker.java:startLogSegment(394)) - fd6d4eb7-d4eb-4c85-951f-7fa23d5c4e33@group-280CF83C0957-SegmentedRaftLogWorker: Starting segment from index:0
2021-10-12 06:05:54,935 [grpc-default-executor-3] INFO  server.RaftServer$Division (ServerState.java:setRaftConf(387)) - fdd2c237-e414-4605-b3b4-833d5e073368@group-280CF83C0957: set configuration 0: [1a275f92-aa29-4e99-8b54-16510abadaea|rpc:10.1.0.59:35911|dataStream:|priority:1, fd6d4eb7-d4eb-4c85-951f-7fa23d5c4e33|rpc:10.1.0.59:37125|dataStream:|priority:0, fdd2c237-e414-4605-b3b4-833d5e073368|rpc:10.1.0.59:38743|dataStream:|priority:0], old=null
2021-10-12 06:05:54,935 [fd6d4eb7-d4eb-4c85-951f-7fa23d5c4e33@group-280CF83C0957-SegmentedRaftLogWorker] INFO  segmented.SegmentedRaftLogWorker (SegmentedRaftLogWorker.java:execute(601)) - fd6d4eb7-d4eb-4c85-951f-7fa23d5c4e33@group-280CF83C0957-SegmentedRaftLogWorker: created new log segment /home/runner/work/ozone/ozone/hadoop-ozone/integration-test/target/test-dir/MiniOzoneClusterImpl-c6dc50ab-6fac-4554-b78d-9440f3e38bfb/datanode-5/data/ratis/0347fa64-7ac4-4e26-893b-280cf83c0957/current/log_inprogress_0
2021-10-12 06:05:54,935 [grpc-default-executor-3] INFO  segmented.SegmentedRaftLogWorker (SegmentedRaftLogWorker.java:startLogSegment(394)) - fdd2c237-e414-4605-b3b4-833d5e073368@group-280CF83C0957-SegmentedRaftLogWorker: Starting segment from index:0
2021-10-12 06:05:54,937 [fdd2c237-e414-4605-b3b4-833d5e073368@group-280CF83C0957-SegmentedRaftLogWorker] INFO  segmented.SegmentedRaftLogWorker (SegmentedRaftLogWorker.java:execute(601)) - fdd2c237-e414-4605-b3b4-833d5e073368@group-280CF83C0957-SegmentedRaftLogWorker: created new log segment /home/runner/work/ozone/ozone/hadoop-ozone/integration-test/target/test-dir/MiniOzoneClusterImpl-c6dc50ab-6fac-4554-b78d-9440f3e38bfb/datanode-3/data/ratis/0347fa64-7ac4-4e26-893b-280cf83c0957/current/log_inprogress_0
2021-10-12 06:05:55,462 [grpc-default-executor-3] WARN  server.GrpcLogAppender (LogUtils.java:warn(122)) - a928fc34-d4b3-4f47-b859-83818f25ed6e@group-AB0AE3F98C36->f6edce37-208d-40f1-ab7e-323414b00593-AppendLogResponseHandler: Failed appendEntries: org.apache.ratis.thirdparty.io.grpc.StatusRuntimeException: UNAVAILABLE: io exception
2021-10-12 06:05:55,463 [grpc-default-executor-3] WARN  server.GrpcLogAppender (GrpcLogAppender.java:resetClient(111)) - a928fc34-d4b3-4f47-b859-83818f25ed6e@group-AB0AE3F98C36->f6edce37-208d-40f1-ab7e-323414b00593-GrpcLogAppender: Leader has not got in touch with Follower a928fc34-d4b3-4f47-b859-83818f25ed6e@group-AB0AE3F98C36->f6edce37-208d-40f1-ab7e-323414b00593(c-1,m0,n1, attendVote=true, lastRpcSendTime=2536, lastRpcResponseTime=12831) yet, just keep nextIndex unchanged and retry.
2021-10-12 06:05:55,850 [grpc-default-executor-3] WARN  server.GrpcLogAppender (LogUtils.java:warn(122)) - 69929a81-75b5-4e59-a9cb-c7e6f0fb6fd6@group-C2DAA97EBB05->f6edce37-208d-40f1-ab7e-323414b00593-AppendLogResponseHandler: Failed appendEntries: org.apache.ratis.thirdparty.io.grpc.StatusRuntimeException: UNAVAILABLE: io exception
2021-10-12 06:05:55,851 [grpc-default-executor-3] WARN  server.GrpcLogAppender (GrpcLogAppender.java:resetClient(111)) - 69929a81-75b5-4e59-a9cb-c7e6f0fb6fd6@group-C2DAA97EBB05->f6edce37-208d-40f1-ab7e-323414b00593-GrpcLogAppender: Leader has not got in touch with Follower 69929a81-75b5-4e59-a9cb-c7e6f0fb6fd6@group-C2DAA97EBB05->f6edce37-208d-40f1-ab7e-323414b00593(c-1,m0,n1, attendVote=true, lastRpcSendTime=2508, lastRpcResponseTime=12526) yet, just keep nextIndex unchanged and retry.
2021-10-12 06:05:56,266 [grpc-default-executor-3] WARN  server.GrpcLogAppender (LogUtils.java:warn(122)) - 69929a81-75b5-4e59-a9cb-c7e6f0fb6fd6@group-D75B06A36D76->f6edce37-208d-40f1-ab7e-323414b00593-AppendLogResponseHandler: Failed appendEntries: org.apache.ratis.thirdparty.io.grpc.StatusRuntimeException: UNAVAILABLE: io exception
2021-10-12 06:05:56,267 [grpc-default-executor-3] WARN  server.GrpcLogAppender (GrpcLogAppender.java:resetClient(111)) - 69929a81-75b5-4e59-a9cb-c7e6f0fb6fd6@group-D75B06A36D76->f6edce37-208d-40f1-ab7e-323414b00593-GrpcLogAppender: Leader has not got in touch with Follower 69929a81-75b5-4e59-a9cb-c7e6f0fb6fd6@group-D75B06A36D76->f6edce37-208d-40f1-ab7e-323414b00593(c-1,m0,n3, attendVote=true, lastRpcSendTime=0, lastRpcResponseTime=12932) yet, just keep nextIndex unchanged and retry.
2021-10-12 06:05:57,968 [grpc-default-executor-4] WARN  server.GrpcLogAppender (LogUtils.java:warn(122)) - a928fc34-d4b3-4f47-b859-83818f25ed6e@group-AB0AE3F98C36->f6edce37-208d-40f1-ab7e-323414b00593-AppendLogResponseHandler: Failed appendEntries: org.apache.ratis.thirdparty.io.grpc.StatusRuntimeException: UNAVAILABLE: io exception
2021-10-12 06:05:57,969 [grpc-default-executor-4] WARN  server.GrpcLogAppender (GrpcLogAppender.java:resetClient(111)) - a928fc34-d4b3-4f47-b859-83818f25ed6e@group-AB0AE3F98C36->f6edce37-208d-40f1-ab7e-323414b00593-GrpcLogAppender: Leader has not got in touch with Follower a928fc34-d4b3-4f47-b859-83818f25ed6e@group-AB0AE3F98C36->f6edce37-208d-40f1-ab7e-323414b00593(c-1,m0,n1, attendVote=true, lastRpcSendTime=0, lastRpcResponseTime=15337) yet, just keep nextIndex unchanged and retry.
2021-10-12 06:05:58,352 [grpc-default-executor-4] WARN  server.GrpcLogAppender (LogUtils.java:warn(122)) - 69929a81-75b5-4e59-a9cb-c7e6f0fb6fd6@group-C2DAA97EBB05->f6edce37-208d-40f1-ab7e-323414b00593-AppendLogResponseHandler: Failed appendEntries: org.apache.ratis.thirdparty.io.grpc.StatusRuntimeException: UNAVAILABLE: io exception
2021-10-12 06:05:58,352 [grpc-default-executor-4] WARN  server.GrpcLogAppender (GrpcLogAppender.java:resetClient(111)) - 69929a81-75b5-4e59-a9cb-c7e6f0fb6fd6@group-C2DAA97EBB05->f6edce37-208d-40f1-ab7e-323414b00593-GrpcLogAppender: Leader has not got in touch with Follower 69929a81-75b5-4e59-a9cb-c7e6f0fb6fd6@group-C2DAA97EBB05->f6edce37-208d-40f1-ab7e-323414b00593(c-1,m0,n1, attendVote=true, lastRpcSendTime=2500, lastRpcResponseTime=15028) yet, just keep nextIndex unchanged and retry.
2021-10-12 06:05:58,773 [grpc-default-executor-1] WARN  server.GrpcLogAppender (LogUtils.java:warn(122)) - 69929a81-75b5-4e59-a9cb-c7e6f0fb6fd6@group-D75B06A36D76->f6edce37-208d-40f1-ab7e-323414b00593-AppendLogResponseHandler: Failed appendEntries: org.apache.ratis.thirdparty.io.grpc.StatusRuntimeException: UNAVAILABLE: io exception
2021-10-12 06:05:58,774 [grpc-default-executor-1] WARN  server.GrpcLogAppender (GrpcLogAppender.java:resetClient(111)) - 69929a81-75b5-4e59-a9cb-c7e6f0fb6fd6@group-D75B06A36D76->f6edce37-208d-40f1-ab7e-323414b00593-GrpcLogAppender: Leader has not got in touch with Follower 69929a81-75b5-4e59-a9cb-c7e6f0fb6fd6@group-D75B06A36D76->f6edce37-208d-40f1-ab7e-323414b00593(c-1,m0,n3, attendVote=true, lastRpcSendTime=2507, lastRpcResponseTime=15439) yet, just keep nextIndex unchanged and retry.
2021-10-12 06:05:58,877 [EventQueue-DeadNodeForDeadNodeHandler] INFO  node.DeadNodeHandler (DeadNodeHandler.java:onMessage(80)) - A dead datanode is detected. f6edce37-208d-40f1-ab7e-323414b00593{ip: 10.1.0.59, host: fv-az297-361.nmf1rxwemy4u5di1sxxf4ejcwb.jx.internal.cloudapp.net, ports: [REPLICATION=37231, RATIS=35829, RATIS_ADMIN=35829, RATIS_SERVER=35829, STANDALONE=34061], networkLocation: /default-rack, certSerialId: null, persistedOpState: IN_SERVICE, persistedOpStateExpiryEpochSec: 0}
2021-10-12 06:05:58,882 [EventQueue-DeadNodeForDeadNodeHandler] INFO  pipeline.RatisPipelineProvider (RatisPipelineProvider.java:lambda$close$1(222)) - Send pipeline:PipelineID=9543044a-5f3d-4b0d-98d7-d75b06a36d76 close command to datanode f6edce37-208d-40f1-ab7e-323414b00593
2021-10-12 06:05:58,882 [EventQueue-DeadNodeForDeadNodeHandler] INFO  pipeline.RatisPipelineProvider (RatisPipelineProvider.java:lambda$close$1(222)) - Send pipeline:PipelineID=9543044a-5f3d-4b0d-98d7-d75b06a36d76 close command to datanode 69929a81-75b5-4e59-a9cb-c7e6f0fb6fd6
2021-10-12 06:05:58,882 [EventQueue-DeadNodeForDeadNodeHandler] INFO  pipeline.RatisPipelineProvider (RatisPipelineProvider.java:lambda$close$1(222)) - Send pipeline:PipelineID=9543044a-5f3d-4b0d-98d7-d75b06a36d76 close command to datanode a928fc34-d4b3-4f47-b859-83818f25ed6e
2021-10-12 06:05:58,913 [EventQueue-DeadNodeForDeadNodeHandler] INFO  pipeline.PipelineStateManagerImpl (PipelineStateManagerImpl.java:removePipeline(211)) - Pipeline Pipeline[ Id: 9543044a-5f3d-4b0d-98d7-d75b06a36d76, Nodes: f6edce37-208d-40f1-ab7e-323414b00593{ip: 10.1.0.59, host: fv-az297-361.nmf1rxwemy4u5di1sxxf4ejcwb.jx.internal.cloudapp.net, ports: [REPLICATION=37231, RATIS=35829, RATIS_ADMIN=35829, RATIS_SERVER=35829, STANDALONE=34061], networkLocation: /default-rack, certSerialId: null, persistedOpState: IN_SERVICE, persistedOpStateExpiryEpochSec: 0}69929a81-75b5-4e59-a9cb-c7e6f0fb6fd6{ip: 10.1.0.59, host: fv-az297-361.nmf1rxwemy4u5di1sxxf4ejcwb.jx.internal.cloudapp.net, ports: [REPLICATION=46479, RATIS=40555, RATIS_ADMIN=40555, RATIS_SERVER=40555, STANDALONE=34613], networkLocation: /default-rack, certSerialId: null, persistedOpState: IN_SERVICE, persistedOpStateExpiryEpochSec: 0}a928fc34-d4b3-4f47-b859-83818f25ed6e{ip: 10.1.0.59, host: fv-az297-361.nmf1rxwemy4u5di1sxxf4ejcwb.jx.internal.cloudapp.net, ports: [REPLICATION=46425, RATIS=35709, RATIS_ADMIN=35709, RATIS_SERVER=35709, STANDALONE=38129], networkLocation: /default-rack, certSerialId: null, persistedOpState: IN_SERVICE, persistedOpStateExpiryEpochSec: 0}, ReplicationConfig: RATIS/THREE, State:CLOSED, leaderId:69929a81-75b5-4e59-a9cb-c7e6f0fb6fd6, CreationTimestamp2021-10-12T06:05:30.355Z[Etc/UTC]] removed.
2021-10-12 06:05:58,913 [EventQueue-DeadNodeForDeadNodeHandler] INFO  pipeline.RatisPipelineProvider (RatisPipelineProvider.java:lambda$close$1(222)) - Send pipeline:PipelineID=7390dcda-dbd8-4381-851a-c2daa97ebb05 close command to datanode f6edce37-208d-40f1-ab7e-323414b00593
2021-10-12 06:05:58,913 [EventQueue-DeadNodeForDeadNodeHandler] INFO  pipeline.RatisPipelineProvider (RatisPipelineProvider.java:lambda$close$1(222)) - Send pipeline:PipelineID=7390dcda-dbd8-4381-851a-c2daa97ebb05 close command to datanode a928fc34-d4b3-4f47-b859-83818f25ed6e
2021-10-12 06:05:58,913 [EventQueue-DeadNodeForDeadNodeHandler] INFO  pipeline.RatisPipelineProvider (RatisPipelineProvider.java:lambda$close$1(222)) - Send pipeline:PipelineID=7390dcda-dbd8-4381-851a-c2daa97ebb05 close command to datanode 69929a81-75b5-4e59-a9cb-c7e6f0fb6fd6
2021-10-12 06:05:58,913 [EventQueue-DeadNodeForDeadNodeHandler] INFO  pipeline.PipelineStateManagerImpl (PipelineStateManagerImpl.java:removePipeline(211)) - Pipeline Pipeline[ Id: 7390dcda-dbd8-4381-851a-c2daa97ebb05, Nodes: f6edce37-208d-40f1-ab7e-323414b00593{ip: 10.1.0.59, host: fv-az297-361.nmf1rxwemy4u5di1sxxf4ejcwb.jx.internal.cloudapp.net, ports: [REPLICATION=37231, RATIS=35829, RATIS_ADMIN=35829, RATIS_SERVER=35829, STANDALONE=34061], networkLocation: /default-rack, certSerialId: null, persistedOpState: IN_SERVICE, persistedOpStateExpiryEpochSec: 0}a928fc34-d4b3-4f47-b859-83818f25ed6e{ip: 10.1.0.59, host: fv-az297-361.nmf1rxwemy4u5di1sxxf4ejcwb.jx.internal.cloudapp.net, ports: [REPLICATION=46425, RATIS=35709, RATIS_ADMIN=35709, RATIS_SERVER=35709, STANDALONE=38129], networkLocation: /default-rack, certSerialId: null, persistedOpState: IN_SERVICE, persistedOpStateExpiryEpochSec: 0}69929a81-75b5-4e59-a9cb-c7e6f0fb6fd6{ip: 10.1.0.59, host: fv-az297-361.nmf1rxwemy4u5di1sxxf4ejcwb.jx.internal.cloudapp.net, ports: [REPLICATION=46479, RATIS=40555, RATIS_ADMIN=40555, RATIS_SERVER=40555, STANDALONE=34613], networkLocation: /default-rack, certSerialId: null, persistedOpState: IN_SERVICE, persistedOpStateExpiryEpochSec: 0}, ReplicationConfig: RATIS/THREE, State:CLOSED, leaderId:69929a81-75b5-4e59-a9cb-c7e6f0fb6fd6, CreationTimestamp2021-10-12T06:05:30.355Z[Etc/UTC]] removed.
2021-10-12 06:05:58,913 [EventQueue-DeadNodeForDeadNodeHandler] INFO  pipeline.RatisPipelineProvider (RatisPipelineProvider.java:lambda$close$1(222)) - Send pipeline:PipelineID=16439a66-d4b8-45be-a9c3-75f6817ce003 close command to datanode f6edce37-208d-40f1-ab7e-323414b00593
2021-10-12 06:05:58,913 [EventQueue-DeadNodeForDeadNodeHandler] INFO  pipeline.PipelineStateManagerImpl (PipelineStateManagerImpl.java:removePipeline(211)) - Pipeline Pipeline[ Id: 16439a66-d4b8-45be-a9c3-75f6817ce003, Nodes: f6edce37-208d-40f1-ab7e-323414b00593{ip: 10.1.0.59, host: fv-az297-361.nmf1rxwemy4u5di1sxxf4ejcwb.jx.internal.cloudapp.net, ports: [REPLICATION=37231, RATIS=35829, RATIS_ADMIN=35829, RATIS_SERVER=35829, STANDALONE=34061], networkLocation: /default-rack, certSerialId: null, persistedOpState: IN_SERVICE, persistedOpStateExpiryEpochSec: 0}, ReplicationConfig: RATIS/ONE, State:CLOSED, leaderId:f6edce37-208d-40f1-ab7e-323414b00593, CreationTimestamp2021-10-12T06:05:29.752Z[Etc/UTC]] removed.
2021-10-12 06:05:58,914 [EventQueue-DeadNodeForDeadNodeHandler] INFO  pipeline.RatisPipelineProvider (RatisPipelineProvider.java:lambda$close$1(222)) - Send pipeline:PipelineID=24fc6951-c623-41b7-8dc3-ab0ae3f98c36 close command to datanode f6edce37-208d-40f1-ab7e-323414b00593
2021-10-12 06:05:58,914 [EventQueue-DeadNodeForDeadNodeHandler] INFO  pipeline.RatisPipelineProvider (RatisPipelineProvider.java:lambda$close$1(222)) - Send pipeline:PipelineID=24fc6951-c623-41b7-8dc3-ab0ae3f98c36 close command to datanode 69929a81-75b5-4e59-a9cb-c7e6f0fb6fd6
2021-10-12 06:05:58,914 [EventQueue-DeadNodeForDeadNodeHandler] INFO  pipeline.RatisPipelineProvider (RatisPipelineProvider.java:lambda$close$1(222)) - Send pipeline:PipelineID=24fc6951-c623-41b7-8dc3-ab0ae3f98c36 close command to datanode a928fc34-d4b3-4f47-b859-83818f25ed6e
2021-10-12 06:05:58,914 [EventQueue-DeadNodeForDeadNodeHandler] INFO  pipeline.PipelineStateManagerImpl (PipelineStateManagerImpl.java:removePipeline(211)) - Pipeline Pipeline[ Id: 24fc6951-c623-41b7-8dc3-ab0ae3f98c36, Nodes: f6edce37-208d-40f1-ab7e-323414b00593{ip: 10.1.0.59, host: fv-az297-361.nmf1rxwemy4u5di1sxxf4ejcwb.jx.internal.cloudapp.net, ports: [REPLICATION=37231, RATIS=35829, RATIS_ADMIN=35829, RATIS_SERVER=35829, STANDALONE=34061], networkLocation: /default-rack, certSerialId: null, persistedOpState: IN_SERVICE, persistedOpStateExpiryEpochSec: 0}69929a81-75b5-4e59-a9cb-c7e6f0fb6fd6{ip: 10.1.0.59, host: fv-az297-361.nmf1rxwemy4u5di1sxxf4ejcwb.jx.internal.cloudapp.net, ports: [REPLICATION=46479, RATIS=40555, RATIS_ADMIN=40555, RATIS_SERVER=40555, STANDALONE=34613], networkLocation: /default-rack, certSerialId: null, persistedOpState: IN_SERVICE, persistedOpStateExpiryEpochSec: 0}a928fc34-d4b3-4f47-b859-83818f25ed6e{ip: 10.1.0.59, host: fv-az297-361.nmf1rxwemy4u5di1sxxf4ejcwb.jx.internal.cloudapp.net, ports: [REPLICATION=46425, RATIS=35709, RATIS_ADMIN=35709, RATIS_SERVER=35709, STANDALONE=38129], networkLocation: /default-rack, certSerialId: null, persistedOpState: IN_SERVICE, persistedOpStateExpiryEpochSec: 0}, ReplicationConfig: RATIS/THREE, State:CLOSED, leaderId:a928fc34-d4b3-4f47-b859-83818f25ed6e, CreationTimestamp2021-10-12T06:05:30.354Z[Etc/UTC]] removed.
2021-10-12 06:05:58,914 [EventQueue-DeadNodeForDeadNodeHandler] INFO  net.NetworkTopologyImpl (NetworkTopologyImpl.java:remove(137)) - Removed a node: /default-rack/f6edce37-208d-40f1-ab7e-323414b00593
2021-10-12 06:06:00,534 [grpc-default-executor-1] WARN  server.GrpcLogAppender (LogUtils.java:warn(122)) - a928fc34-d4b3-4f47-b859-83818f25ed6e@group-AB0AE3F98C36->f6edce37-208d-40f1-ab7e-323414b00593-AppendLogResponseHandler: Failed appendEntries: org.apache.ratis.thirdparty.io.grpc.StatusRuntimeException: UNAVAILABLE: io exception
2021-10-12 06:06:00,534 [grpc-default-executor-1] WARN  server.GrpcLogAppender (GrpcLogAppender.java:resetClient(111)) - a928fc34-d4b3-4f47-b859-83818f25ed6e@group-AB0AE3F98C36->f6edce37-208d-40f1-ab7e-323414b00593-GrpcLogAppender: Leader has not got in touch with Follower a928fc34-d4b3-4f47-b859-83818f25ed6e@group-AB0AE3F98C36->f6edce37-208d-40f1-ab7e-323414b00593(c-1,m0,n1, attendVote=true, lastRpcSendTime=57, lastRpcResponseTime=17903) yet, just keep nextIndex unchanged and retry.
2021-10-12 06:06:00,541 [Command processor thread] INFO  server.RaftServer (RaftServerProxy.java:remove(106)) - 69929a81-75b5-4e59-a9cb-c7e6f0fb6fd6: remove    LEADER 69929a81-75b5-4e59-a9cb-c7e6f0fb6fd6@group-D75B06A36D76:t2, leader=69929a81-75b5-4e59-a9cb-c7e6f0fb6fd6, voted=69929a81-75b5-4e59-a9cb-c7e6f0fb6fd6, raftlog=69929a81-75b5-4e59-a9cb-c7e6f0fb6fd6@group-D75B06A36D76-SegmentedRaftLog:OPENED:c2,f2,i2, conf=1: [69929a81-75b5-4e59-a9cb-c7e6f0fb6fd6|rpc:10.1.0.59:40555|dataStream:|priority:0, a928fc34-d4b3-4f47-b859-83818f25ed6e|rpc:10.1.0.59:35709|dataStream:|priority:0, f6edce37-208d-40f1-ab7e-323414b00593|rpc:10.1.0.59:35829|dataStream:|priority:1], old=null RUNNING
2021-10-12 06:06:00,542 [Command processor thread] INFO  server.RaftServer$Division (RaftServerImpl.java:lambda$close$4(407)) - 69929a81-75b5-4e59-a9cb-c7e6f0fb6fd6@group-D75B06A36D76: shutdown
2021-10-12 06:06:00,542 [Command processor thread] INFO  util.JmxRegister (JmxRegister.java:unregister(73)) - Successfully un-registered JMX Bean with object name Ratis:service=RaftServer,group=group-D75B06A36D76,id=69929a81-75b5-4e59-a9cb-c7e6f0fb6fd6
2021-10-12 06:06:00,542 [Command processor thread] INFO  impl.RoleInfo (RoleInfo.java:shutdownLeaderState(91)) - 69929a81-75b5-4e59-a9cb-c7e6f0fb6fd6: shutdown 69929a81-75b5-4e59-a9cb-c7e6f0fb6fd6@group-D75B06A36D76-LeaderStateImpl
2021-10-12 06:06:00,542 [69929a81-75b5-4e59-a9cb-c7e6f0fb6fd6@group-D75B06A36D76->a928fc34-d4b3-4f47-b859-83818f25ed6e-GrpcLogAppender-LogAppenderDaemon] WARN  server.GrpcLogAppender (GrpcLogAppender.java:mayWait(175)) - 69929a81-75b5-4e59-a9cb-c7e6f0fb6fd6@group-D75B06A36D76->a928fc34-d4b3-4f47-b859-83818f25ed6e-GrpcLogAppender: Wait interrupted by java.lang.InterruptedException
2021-10-12 06:06:00,542 [Command processor thread] INFO  impl.PendingRequests (PendingRequests.java:sendNotLeaderResponses(282)) - 69929a81-75b5-4e59-a9cb-c7e6f0fb6fd6@group-D75B06A36D76-PendingRequests: sendNotLeaderResponses
2021-10-12 06:06:00,547 [Command processor thread] INFO  impl.StateMachineUpdater (StateMachineUpdater.java:stopAndJoin(149)) - 69929a81-75b5-4e59-a9cb-c7e6f0fb6fd6@group-D75B06A36D76-StateMachineUpdater: set stopIndex = 2
2021-10-12 06:06:00,547 [69929a81-75b5-4e59-a9cb-c7e6f0fb6fd6@group-D75B06A36D76-StateMachineUpdater] INFO  ratis.ContainerStateMachine (ContainerStateMachine.java:takeSnapshot(292)) - group-D75B06A36D76: Taking a snapshot at:(t:2, i:2) file /home/runner/work/ozone/ozone/hadoop-ozone/integration-test/target/test-dir/MiniOzoneClusterImpl-c6dc50ab-6fac-4554-b78d-9440f3e38bfb/datanode-0/data/ratis/9543044a-5f3d-4b0d-98d7-d75b06a36d76/sm/snapshot.2_2
2021-10-12 06:06:00,554 [69929a81-75b5-4e59-a9cb-c7e6f0fb6fd6@group-D75B06A36D76-StateMachineUpdater] INFO  ratis.ContainerStateMachine (ContainerStateMachine.java:takeSnapshot(303)) - group-D75B06A36D76: Finished taking a snapshot at:(t:2, i:2) file:/home/runner/work/ozone/ozone/hadoop-ozone/integration-test/target/test-dir/MiniOzoneClusterImpl-c6dc50ab-6fac-4554-b78d-9440f3e38bfb/datanode-0/data/ratis/9543044a-5f3d-4b0d-98d7-d75b06a36d76/sm/snapshot.2_2 took: 7 ms
2021-10-12 06:06:00,554 [69929a81-75b5-4e59-a9cb-c7e6f0fb6fd6@group-D75B06A36D76-StateMachineUpdater] INFO  impl.StateMachineUpdater (StateMachineUpdater.java:takeSnapshot(281)) - 69929a81-75b5-4e59-a9cb-c7e6f0fb6fd6@group-D75B06A36D76-StateMachineUpdater: Took a snapshot at index 2
2021-10-12 06:06:00,554 [69929a81-75b5-4e59-a9cb-c7e6f0fb6fd6@group-D75B06A36D76-StateMachineUpdater] INFO  impl.StateMachineUpdater (StateMachineUpdater.java:lambda$new$0(89)) - 69929a81-75b5-4e59-a9cb-c7e6f0fb6fd6@group-D75B06A36D76-StateMachineUpdater: snapshotIndex: updateIncreasingly -1 -> 2
2021-10-12 06:06:00,555 [Command processor thread] INFO  server.RaftServer$Division (ServerState.java:close(419)) - 69929a81-75b5-4e59-a9cb-c7e6f0fb6fd6@group-D75B06A36D76: closes. applyIndex: 2
2021-10-12 06:06:00,555 [69929a81-75b5-4e59-a9cb-c7e6f0fb6fd6@group-D75B06A36D76-SegmentedRaftLogWorker] INFO  segmented.SegmentedRaftLogWorker (SegmentedRaftLogWorker.java:run(327)) - 69929a81-75b5-4e59-a9cb-c7e6f0fb6fd6@group-D75B06A36D76-SegmentedRaftLogWorker was interrupted, exiting. There are 0 tasks remaining in the queue.
2021-10-12 06:06:00,559 [Command processor thread] INFO  segmented.SegmentedRaftLogWorker (SegmentedRaftLogWorker.java:close(237)) - 69929a81-75b5-4e59-a9cb-c7e6f0fb6fd6@group-D75B06A36D76-SegmentedRaftLogWorker close()
2021-10-12 06:06:00,575 [Command processor thread] INFO  server.RaftServer$Division (RaftServerImpl.java:groupRemove(377)) - 69929a81-75b5-4e59-a9cb-c7e6f0fb6fd6@group-D75B06A36D76: Succeed to remove RaftStorageDirectory Storage Directory /home/runner/work/ozone/ozone/hadoop-ozone/integration-test/target/test-dir/MiniOzoneClusterImpl-c6dc50ab-6fac-4554-b78d-9440f3e38bfb/datanode-0/data/ratis/9543044a-5f3d-4b0d-98d7-d75b06a36d76
2021-10-12 06:06:00,575 [grpc-default-executor-1] INFO  server.GrpcServerProtocolService (GrpcServerProtocolService.java:onCompleted(140)) - a928fc34-d4b3-4f47-b859-83818f25ed6e: Completed APPEND_ENTRIES, lastRequest: 69929a81-75b5-4e59-a9cb-c7e6f0fb6fd6->a928fc34-d4b3-4f47-b859-83818f25ed6e#2-t2,previous=(t:2, i:1),leaderCommit=1,initializing? true,entries: size=1, first=(t:2, i:2), METADATAENTRY(c:1)
2021-10-12 06:06:00,575 [Command processor thread] INFO  commandhandler.ClosePipelineCommandHandler (ClosePipelineCommandHandler.java:handle(78)) - Close Pipeline PipelineID=9543044a-5f3d-4b0d-98d7-d75b06a36d76 command on datanode 69929a81-75b5-4e59-a9cb-c7e6f0fb6fd6.
2021-10-12 06:06:00,576 [grpc-default-executor-4] INFO  server.GrpcLogAppender (GrpcLogAppender.java:onCompleted(344)) - 69929a81-75b5-4e59-a9cb-c7e6f0fb6fd6@group-D75B06A36D76->a928fc34-d4b3-4f47-b859-83818f25ed6e-AppendLogResponseHandler: follower responses appendEntries COMPLETED
2021-10-12 06:06:00,578 [Command processor thread] INFO  server.RaftServer (RaftServerProxy.java:remove(106)) - 69929a81-75b5-4e59-a9cb-c7e6f0fb6fd6: remove    LEADER 69929a81-75b5-4e59-a9cb-c7e6f0fb6fd6@group-C2DAA97EBB05:t2, leader=69929a81-75b5-4e59-a9cb-c7e6f0fb6fd6, voted=69929a81-75b5-4e59-a9cb-c7e6f0fb6fd6, raftlog=69929a81-75b5-4e59-a9cb-c7e6f0fb6fd6@group-C2DAA97EBB05-SegmentedRaftLog:OPENED:c0,f0,i0, conf=0: [69929a81-75b5-4e59-a9cb-c7e6f0fb6fd6|rpc:10.1.0.59:40555|dataStream:|priority:1, a928fc34-d4b3-4f47-b859-83818f25ed6e|rpc:10.1.0.59:35709|dataStream:|priority:0, f6edce37-208d-40f1-ab7e-323414b00593|rpc:10.1.0.59:35829|dataStream:|priority:0], old=null RUNNING
2021-10-12 06:06:00,578 [Command processor thread] INFO  server.RaftServer$Division (RaftServerImpl.java:lambda$close$4(407)) - 69929a81-75b5-4e59-a9cb-c7e6f0fb6fd6@group-C2DAA97EBB05: shutdown
2021-10-12 06:06:00,578 [grpc-default-executor-4] INFO  leader.FollowerInfo (FollowerInfoImpl.java:lambda$new$0(46)) - 69929a81-75b5-4e59-a9cb-c7e6f0fb6fd6@group-D75B06A36D76->a928fc34-d4b3-4f47-b859-83818f25ed6e: nextIndex: updateUnconditionally 3 -> 2
2021-10-12 06:06:00,578 [Command processor thread] INFO  util.JmxRegister (JmxRegister.java:unregister(73)) - Successfully un-registered JMX Bean with object name Ratis:service=RaftServer,group=group-C2DAA97EBB05,id=69929a81-75b5-4e59-a9cb-c7e6f0fb6fd6
2021-10-12 06:06:00,579 [Command processor thread] INFO  impl.RoleInfo (RoleInfo.java:shutdownLeaderState(91)) - 69929a81-75b5-4e59-a9cb-c7e6f0fb6fd6: shutdown 69929a81-75b5-4e59-a9cb-c7e6f0fb6fd6@group-C2DAA97EBB05-LeaderStateImpl
2021-10-12 06:06:00,580 [Command processor thread] INFO  impl.PendingRequests (PendingRequests.java:sendNotLeaderResponses(282)) - 69929a81-75b5-4e59-a9cb-c7e6f0fb6fd6@group-C2DAA97EBB05-PendingRequests: sendNotLeaderResponses
2021-10-12 06:06:00,580 [Command processor thread] INFO  impl.StateMachineUpdater (StateMachineUpdater.java:stopAndJoin(149)) - 69929a81-75b5-4e59-a9cb-c7e6f0fb6fd6@group-C2DAA97EBB05-StateMachineUpdater: set stopIndex = 0
2021-10-12 06:06:00,580 [69929a81-75b5-4e59-a9cb-c7e6f0fb6fd6@group-C2DAA97EBB05-StateMachineUpdater] INFO  ratis.ContainerStateMachine (ContainerStateMachine.java:takeSnapshot(292)) - group-C2DAA97EBB05: Taking a snapshot at:(t:2, i:0) file /home/runner/work/ozone/ozone/hadoop-ozone/integration-test/target/test-dir/MiniOzoneClusterImpl-c6dc50ab-6fac-4554-b78d-9440f3e38bfb/datanode-0/data/ratis/7390dcda-dbd8-4381-851a-c2daa97ebb05/sm/snapshot.2_0
2021-10-12 06:06:00,580 [69929a81-75b5-4e59-a9cb-c7e6f0fb6fd6@group-C2DAA97EBB05->a928fc34-d4b3-4f47-b859-83818f25ed6e-GrpcLogAppender-LogAppenderDaemon] WARN  server.GrpcLogAppender (GrpcLogAppender.java:mayWait(175)) - 69929a81-75b5-4e59-a9cb-c7e6f0fb6fd6@group-C2DAA97EBB05->a928fc34-d4b3-4f47-b859-83818f25ed6e-GrpcLogAppender: Wait interrupted by java.lang.InterruptedException
2021-10-12 06:06:00,581 [grpc-default-executor-4] INFO  server.GrpcServerProtocolService (GrpcServerProtocolService.java:onCompleted(140)) - a928fc34-d4b3-4f47-b859-83818f25ed6e: Completed APPEND_ENTRIES, lastRequest: 69929a81-75b5-4e59-a9cb-c7e6f0fb6fd6->a928fc34-d4b3-4f47-b859-83818f25ed6e#1-t2,previous=(t:0, i:0),leaderCommit=-1,initializing? true,entries: size=1, first=(t:2, i:0), CONFIGURATIONENTRY
2021-10-12 06:06:00,581 [69929a81-75b5-4e59-a9cb-c7e6f0fb6fd6@group-C2DAA97EBB05-StateMachineUpdater] INFO  ratis.ContainerStateMachine (ContainerStateMachine.java:takeSnapshot(303)) - group-C2DAA97EBB05: Finished taking a snapshot at:(t:2, i:0) file:/home/runner/work/ozone/ozone/hadoop-ozone/integration-test/target/test-dir/MiniOzoneClusterImpl-c6dc50ab-6fac-4554-b78d-9440f3e38bfb/datanode-0/data/ratis/7390dcda-dbd8-4381-851a-c2daa97ebb05/sm/snapshot.2_0 took: 1 ms
2021-10-12 06:06:00,581 [69929a81-75b5-4e59-a9cb-c7e6f0fb6fd6@group-C2DAA97EBB05-StateMachineUpdater] INFO  impl.StateMachineUpdater (StateMachineUpdater.java:takeSnapshot(281)) - 69929a81-75b5-4e59-a9cb-c7e6f0fb6fd6@group-C2DAA97EBB05-StateMachineUpdater: Took a snapshot at index 0
2021-10-12 06:06:00,581 [69929a81-75b5-4e59-a9cb-c7e6f0fb6fd6@group-C2DAA97EBB05-StateMachineUpdater] INFO  impl.StateMachineUpdater (StateMachineUpdater.java:lambda$new$0(89)) - 69929a81-75b5-4e59-a9cb-c7e6f0fb6fd6@group-C2DAA97EBB05-StateMachineUpdater: snapshotIndex: updateIncreasingly -1 -> 0
2021-10-12 06:06:00,582 [grpc-default-executor-1] INFO  server.GrpcLogAppender (GrpcLogAppender.java:onCompleted(344)) - 69929a81-75b5-4e59-a9cb-c7e6f0fb6fd6@group-C2DAA97EBB05->a928fc34-d4b3-4f47-b859-83818f25ed6e-AppendLogResponseHandler: follower responses appendEntries COMPLETED
2021-10-12 06:06:00,582 [grpc-default-executor-1] INFO  leader.FollowerInfo (FollowerInfoImpl.java:lambda$new$0(46)) - 69929a81-75b5-4e59-a9cb-c7e6f0fb6fd6@group-C2DAA97EBB05->a928fc34-d4b3-4f47-b859-83818f25ed6e: nextIndex: updateUnconditionally 1 -> 0
2021-10-12 06:06:00,586 [Command processor thread] INFO  server.RaftServer$Division (ServerState.java:close(419)) - 69929a81-75b5-4e59-a9cb-c7e6f0fb6fd6@group-C2DAA97EBB05: closes. applyIndex: 0
2021-10-12 06:06:00,586 [69929a81-75b5-4e59-a9cb-c7e6f0fb6fd6@group-C2DAA97EBB05-SegmentedRaftLogWorker] INFO  segmented.SegmentedRaftLogWorker (SegmentedRaftLogWorker.java:run(327)) - 69929a81-75b5-4e59-a9cb-c7e6f0fb6fd6@group-C2DAA97EBB05-SegmentedRaftLogWorker was interrupted, exiting. There are 0 tasks remaining in the queue.
2021-10-12 06:06:00,590 [Command processor thread] INFO  segmented.SegmentedRaftLogWorker (SegmentedRaftLogWorker.java:close(237)) - 69929a81-75b5-4e59-a9cb-c7e6f0fb6fd6@group-C2DAA97EBB05-SegmentedRaftLogWorker close()
2021-10-12 06:06:00,591 [Command processor thread] INFO  server.RaftServer$Division (RaftServerImpl.java:groupRemove(377)) - 69929a81-75b5-4e59-a9cb-c7e6f0fb6fd6@group-C2DAA97EBB05: Succeed to remove RaftStorageDirectory Storage Directory /home/runner/work/ozone/ozone/hadoop-ozone/integration-test/target/test-dir/MiniOzoneClusterImpl-c6dc50ab-6fac-4554-b78d-9440f3e38bfb/datanode-0/data/ratis/7390dcda-dbd8-4381-851a-c2daa97ebb05
2021-10-12 06:06:00,592 [Command processor thread] INFO  commandhandler.ClosePipelineCommandHandler (ClosePipelineCommandHandler.java:handle(78)) - Close Pipeline PipelineID=7390dcda-dbd8-4381-851a-c2daa97ebb05 command on datanode 69929a81-75b5-4e59-a9cb-c7e6f0fb6fd6.
2021-10-12 06:06:00,592 [Command processor thread] INFO  server.RaftServer (RaftServerProxy.java:remove(106)) - 69929a81-75b5-4e59-a9cb-c7e6f0fb6fd6: remove  FOLLOWER 69929a81-75b5-4e59-a9cb-c7e6f0fb6fd6@group-AB0AE3F98C36:t3, leader=a928fc34-d4b3-4f47-b859-83818f25ed6e, voted=a928fc34-d4b3-4f47-b859-83818f25ed6e, raftlog=69929a81-75b5-4e59-a9cb-c7e6f0fb6fd6@group-AB0AE3F98C36-SegmentedRaftLog:OPENED:c0,f0,i0, conf=0: [69929a81-75b5-4e59-a9cb-c7e6f0fb6fd6|rpc:10.1.0.59:40555|dataStream:|priority:0, a928fc34-d4b3-4f47-b859-83818f25ed6e|rpc:10.1.0.59:35709|dataStream:|priority:1, f6edce37-208d-40f1-ab7e-323414b00593|rpc:10.1.0.59:35829|dataStream:|priority:0], old=null RUNNING
2021-10-12 06:06:00,592 [Command processor thread] INFO  server.RaftServer$Division (RaftServerImpl.java:lambda$close$4(407)) - 69929a81-75b5-4e59-a9cb-c7e6f0fb6fd6@group-AB0AE3F98C36: shutdown
2021-10-12 06:06:00,592 [Command processor thread] INFO  util.JmxRegister (JmxRegister.java:unregister(73)) - Successfully un-registered JMX Bean with object name Ratis:service=RaftServer,group=group-AB0AE3F98C36,id=69929a81-75b5-4e59-a9cb-c7e6f0fb6fd6
2021-10-12 06:06:00,592 [Command processor thread] INFO  impl.RoleInfo (RoleInfo.java:shutdownFollowerState(108)) - 69929a81-75b5-4e59-a9cb-c7e6f0fb6fd6: shutdown 69929a81-75b5-4e59-a9cb-c7e6f0fb6fd6@group-AB0AE3F98C36-FollowerState
2021-10-12 06:06:00,592 [Command processor thread] INFO  impl.StateMachineUpdater (StateMachineUpdater.java:stopAndJoin(149)) - 69929a81-75b5-4e59-a9cb-c7e6f0fb6fd6@group-AB0AE3F98C36-StateMachineUpdater: set stopIndex = 0
2021-10-12 06:06:00,592 [69929a81-75b5-4e59-a9cb-c7e6f0fb6fd6@group-AB0AE3F98C36-FollowerState] INFO  impl.FollowerState (FollowerState.java:run(143)) - 69929a81-75b5-4e59-a9cb-c7e6f0fb6fd6@group-AB0AE3F98C36-FollowerState was interrupted: {}
java.lang.InterruptedException: sleep interrupted
	at java.lang.Thread.sleep(Native Method)
	at java.lang.Thread.sleep(Thread.java:340)
	at java.util.concurrent.TimeUnit.sleep(TimeUnit.java:386)
	at org.apache.ratis.util.TimeDuration.sleep(TimeDuration.java:324)
	at org.apache.ratis.util.TimeDuration.sleep(TimeDuration.java:309)
	at org.apache.ratis.server.impl.FollowerState.run(FollowerState.java:118)
2021-10-12 06:06:00,594 [69929a81-75b5-4e59-a9cb-c7e6f0fb6fd6@group-AB0AE3F98C36-StateMachineUpdater] INFO  ratis.ContainerStateMachine (ContainerStateMachine.java:takeSnapshot(292)) - group-AB0AE3F98C36: Taking a snapshot at:(t:3, i:0) file /home/runner/work/ozone/ozone/hadoop-ozone/integration-test/target/test-dir/MiniOzoneClusterImpl-c6dc50ab-6fac-4554-b78d-9440f3e38bfb/datanode-0/data/ratis/24fc6951-c623-41b7-8dc3-ab0ae3f98c36/sm/snapshot.3_0
2021-10-12 06:06:00,610 [69929a81-75b5-4e59-a9cb-c7e6f0fb6fd6@group-AB0AE3F98C36-StateMachineUpdater] INFO  ratis.ContainerStateMachine (ContainerStateMachine.java:takeSnapshot(303)) - group-AB0AE3F98C36: Finished taking a snapshot at:(t:3, i:0) file:/home/runner/work/ozone/ozone/hadoop-ozone/integration-test/target/test-dir/MiniOzoneClusterImpl-c6dc50ab-6fac-4554-b78d-9440f3e38bfb/datanode-0/data/ratis/24fc6951-c623-41b7-8dc3-ab0ae3f98c36/sm/snapshot.3_0 took: 16 ms
2021-10-12 06:06:00,610 [69929a81-75b5-4e59-a9cb-c7e6f0fb6fd6@group-AB0AE3F98C36-StateMachineUpdater] INFO  impl.StateMachineUpdater (StateMachineUpdater.java:takeSnapshot(281)) - 69929a81-75b5-4e59-a9cb-c7e6f0fb6fd6@group-AB0AE3F98C36-StateMachineUpdater: Took a snapshot at index 0
2021-10-12 06:06:00,610 [69929a81-75b5-4e59-a9cb-c7e6f0fb6fd6@group-AB0AE3F98C36-StateMachineUpdater] INFO  impl.StateMachineUpdater (StateMachineUpdater.java:lambda$new$0(89)) - 69929a81-75b5-4e59-a9cb-c7e6f0fb6fd6@group-AB0AE3F98C36-StateMachineUpdater: snapshotIndex: updateIncreasingly -1 -> 0
2021-10-12 06:06:00,610 [Command processor thread] INFO  server.RaftServer$Division (ServerState.java:close(419)) - 69929a81-75b5-4e59-a9cb-c7e6f0fb6fd6@group-AB0AE3F98C36: closes. applyIndex: 0
2021-10-12 06:06:00,615 [69929a81-75b5-4e59-a9cb-c7e6f0fb6fd6@group-AB0AE3F98C36-SegmentedRaftLogWorker] INFO  segmented.SegmentedRaftLogWorker (SegmentedRaftLogWorker.java:run(327)) - 69929a81-75b5-4e59-a9cb-c7e6f0fb6fd6@group-AB0AE3F98C36-SegmentedRaftLogWorker was interrupted, exiting. There are 0 tasks remaining in the queue.
2021-10-12 06:06:00,620 [Command processor thread] INFO  segmented.SegmentedRaftLogWorker (SegmentedRaftLogWorker.java:close(237)) - 69929a81-75b5-4e59-a9cb-c7e6f0fb6fd6@group-AB0AE3F98C36-SegmentedRaftLogWorker close()
2021-10-12 06:06:00,622 [Command processor thread] INFO  server.RaftServer$Division (RaftServerImpl.java:groupRemove(377)) - 69929a81-75b5-4e59-a9cb-c7e6f0fb6fd6@group-AB0AE3F98C36: Succeed to remove RaftStorageDirectory Storage Directory /home/runner/work/ozone/ozone/hadoop-ozone/integration-test/target/test-dir/MiniOzoneClusterImpl-c6dc50ab-6fac-4554-b78d-9440f3e38bfb/datanode-0/data/ratis/24fc6951-c623-41b7-8dc3-ab0ae3f98c36
2021-10-12 06:06:00,622 [Command processor thread] INFO  commandhandler.ClosePipelineCommandHandler (ClosePipelineCommandHandler.java:handle(78)) - Close Pipeline PipelineID=24fc6951-c623-41b7-8dc3-ab0ae3f98c36 command on datanode 69929a81-75b5-4e59-a9cb-c7e6f0fb6fd6.
2021-10-12 06:06:00,849 [Command processor thread] INFO  server.RaftServer (RaftServerProxy.java:remove(106)) - a928fc34-d4b3-4f47-b859-83818f25ed6e: remove  FOLLOWER a928fc34-d4b3-4f47-b859-83818f25ed6e@group-D75B06A36D76:t2, leader=69929a81-75b5-4e59-a9cb-c7e6f0fb6fd6, voted=69929a81-75b5-4e59-a9cb-c7e6f0fb6fd6, raftlog=a928fc34-d4b3-4f47-b859-83818f25ed6e@group-D75B06A36D76-SegmentedRaftLog:OPENED:c2,f2,i2, conf=1: [69929a81-75b5-4e59-a9cb-c7e6f0fb6fd6|rpc:10.1.0.59:40555|dataStream:|priority:0, a928fc34-d4b3-4f47-b859-83818f25ed6e|rpc:10.1.0.59:35709|dataStream:|priority:0, f6edce37-208d-40f1-ab7e-323414b00593|rpc:10.1.0.59:35829|dataStream:|priority:1], old=null RUNNING
2021-10-12 06:06:00,849 [Command processor thread] INFO  server.RaftServer$Division (RaftServerImpl.java:lambda$close$4(407)) - a928fc34-d4b3-4f47-b859-83818f25ed6e@group-D75B06A36D76: shutdown
2021-10-12 06:06:00,849 [Command processor thread] INFO  util.JmxRegister (JmxRegister.java:unregister(73)) - Successfully un-registered JMX Bean with object name Ratis:service=RaftServer,group=group-D75B06A36D76,id=a928fc34-d4b3-4f47-b859-83818f25ed6e
2021-10-12 06:06:00,849 [Command processor thread] INFO  impl.RoleInfo (RoleInfo.java:shutdownFollowerState(108)) - a928fc34-d4b3-4f47-b859-83818f25ed6e: shutdown a928fc34-d4b3-4f47-b859-83818f25ed6e@group-D75B06A36D76-FollowerState
2021-10-12 06:06:00,849 [Command processor thread] INFO  impl.StateMachineUpdater (StateMachineUpdater.java:stopAndJoin(149)) - a928fc34-d4b3-4f47-b859-83818f25ed6e@group-D75B06A36D76-StateMachineUpdater: set stopIndex = 2
2021-10-12 06:06:00,852 [a928fc34-d4b3-4f47-b859-83818f25ed6e@group-D75B06A36D76-StateMachineUpdater] INFO  ratis.ContainerStateMachine (ContainerStateMachine.java:takeSnapshot(292)) - group-D75B06A36D76: Taking a snapshot at:(t:2, i:2) file /home/runner/work/ozone/ozone/hadoop-ozone/integration-test/target/test-dir/MiniOzoneClusterImpl-c6dc50ab-6fac-4554-b78d-9440f3e38bfb/datanode-2/data/ratis/9543044a-5f3d-4b0d-98d7-d75b06a36d76/sm/snapshot.2_2
2021-10-12 06:06:00,857 [a928fc34-d4b3-4f47-b859-83818f25ed6e@group-D75B06A36D76-StateMachineUpdater] INFO  ratis.ContainerStateMachine (ContainerStateMachine.java:takeSnapshot(303)) - group-D75B06A36D76: Finished taking a snapshot at:(t:2, i:2) file:/home/runner/work/ozone/ozone/hadoop-ozone/integration-test/target/test-dir/MiniOzoneClusterImpl-c6dc50ab-6fac-4554-b78d-9440f3e38bfb/datanode-2/data/ratis/9543044a-5f3d-4b0d-98d7-d75b06a36d76/sm/snapshot.2_2 took: 5 ms
2021-10-12 06:06:00,858 [a928fc34-d4b3-4f47-b859-83818f25ed6e@group-D75B06A36D76-StateMachineUpdater] INFO  impl.StateMachineUpdater (StateMachineUpdater.java:takeSnapshot(281)) - a928fc34-d4b3-4f47-b859-83818f25ed6e@group-D75B06A36D76-StateMachineUpdater: Took a snapshot at index 2
2021-10-12 06:06:00,858 [a928fc34-d4b3-4f47-b859-83818f25ed6e@group-D75B06A36D76-StateMachineUpdater] INFO  impl.StateMachineUpdater (StateMachineUpdater.java:lambda$new$0(89)) - a928fc34-d4b3-4f47-b859-83818f25ed6e@group-D75B06A36D76-StateMachineUpdater: snapshotIndex: updateIncreasingly -1 -> 2
2021-10-12 06:06:00,858 [a928fc34-d4b3-4f47-b859-83818f25ed6e@group-D75B06A36D76-FollowerState] INFO  impl.FollowerState (FollowerState.java:run(143)) - a928fc34-d4b3-4f47-b859-83818f25ed6e@group-D75B06A36D76-FollowerState was interrupted: {}
java.lang.InterruptedException: sleep interrupted
	at java.lang.Thread.sleep(Native Method)
	at java.lang.Thread.sleep(Thread.java:340)
	at java.util.concurrent.TimeUnit.sleep(TimeUnit.java:386)
	at org.apache.ratis.util.TimeDuration.sleep(TimeDuration.java:324)
	at org.apache.ratis.util.TimeDuration.sleep(TimeDuration.java:309)
	at org.apache.ratis.server.impl.FollowerState.run(FollowerState.java:118)
2021-10-12 06:06:00,860 [Command processor thread] INFO  server.RaftServer$Division (ServerState.java:close(419)) - a928fc34-d4b3-4f47-b859-83818f25ed6e@group-D75B06A36D76: closes. applyIndex: 2
2021-10-12 06:06:00,860 [a928fc34-d4b3-4f47-b859-83818f25ed6e@group-D75B06A36D76-SegmentedRaftLogWorker] INFO  segmented.SegmentedRaftLogWorker (SegmentedRaftLogWorker.java:run(327)) - a928fc34-d4b3-4f47-b859-83818f25ed6e@group-D75B06A36D76-SegmentedRaftLogWorker was interrupted, exiting. There are 0 tasks remaining in the queue.
2021-10-12 06:06:00,862 [Command processor thread] INFO  segmented.SegmentedRaftLogWorker (SegmentedRaftLogWorker.java:close(237)) - a928fc34-d4b3-4f47-b859-83818f25ed6e@group-D75B06A36D76-SegmentedRaftLogWorker close()
2021-10-12 06:06:00,864 [Command processor thread] INFO  server.RaftServer$Division (RaftServerImpl.java:groupRemove(377)) - a928fc34-d4b3-4f47-b859-83818f25ed6e@group-D75B06A36D76: Succeed to remove RaftStorageDirectory Storage Directory /home/runner/work/ozone/ozone/hadoop-ozone/integration-test/target/test-dir/MiniOzoneClusterImpl-c6dc50ab-6fac-4554-b78d-9440f3e38bfb/datanode-2/data/ratis/9543044a-5f3d-4b0d-98d7-d75b06a36d76
2021-10-12 06:06:00,864 [Command processor thread] INFO  commandhandler.ClosePipelineCommandHandler (ClosePipelineCommandHandler.java:handle(78)) - Close Pipeline PipelineID=9543044a-5f3d-4b0d-98d7-d75b06a36d76 command on datanode a928fc34-d4b3-4f47-b859-83818f25ed6e.
2021-10-12 06:06:00,864 [Command processor thread] INFO  server.RaftServer (RaftServerProxy.java:remove(106)) - a928fc34-d4b3-4f47-b859-83818f25ed6e: remove  FOLLOWER a928fc34-d4b3-4f47-b859-83818f25ed6e@group-C2DAA97EBB05:t2, leader=69929a81-75b5-4e59-a9cb-c7e6f0fb6fd6, voted=69929a81-75b5-4e59-a9cb-c7e6f0fb6fd6, raftlog=a928fc34-d4b3-4f47-b859-83818f25ed6e@group-C2DAA97EBB05-SegmentedRaftLog:OPENED:c0,f0,i0, conf=0: [69929a81-75b5-4e59-a9cb-c7e6f0fb6fd6|rpc:10.1.0.59:40555|dataStream:|priority:1, a928fc34-d4b3-4f47-b859-83818f25ed6e|rpc:10.1.0.59:35709|dataStream:|priority:0, f6edce37-208d-40f1-ab7e-323414b00593|rpc:10.1.0.59:35829|dataStream:|priority:0], old=null RUNNING
2021-10-12 06:06:00,864 [Command processor thread] INFO  server.RaftServer$Division (RaftServerImpl.java:lambda$close$4(407)) - a928fc34-d4b3-4f47-b859-83818f25ed6e@group-C2DAA97EBB05: shutdown
2021-10-12 06:06:00,864 [Command processor thread] INFO  util.JmxRegister (JmxRegister.java:unregister(73)) - Successfully un-registered JMX Bean with object name Ratis:service=RaftServer,group=group-C2DAA97EBB05,id=a928fc34-d4b3-4f47-b859-83818f25ed6e
2021-10-12 06:06:00,864 [Command processor thread] INFO  impl.RoleInfo (RoleInfo.java:shutdownFollowerState(108)) - a928fc34-d4b3-4f47-b859-83818f25ed6e: shutdown a928fc34-d4b3-4f47-b859-83818f25ed6e@group-C2DAA97EBB05-FollowerState
2021-10-12 06:06:00,864 [Command processor thread] INFO  impl.StateMachineUpdater (StateMachineUpdater.java:stopAndJoin(149)) - a928fc34-d4b3-4f47-b859-83818f25ed6e@group-C2DAA97EBB05-StateMachineUpdater: set stopIndex = 0
2021-10-12 06:06:00,870 [a928fc34-d4b3-4f47-b859-83818f25ed6e@group-C2DAA97EBB05-FollowerState] INFO  impl.FollowerState (FollowerState.java:run(143)) - a928fc34-d4b3-4f47-b859-83818f25ed6e@group-C2DAA97EBB05-FollowerState was interrupted: {}
java.lang.InterruptedException: sleep interrupted
	at java.lang.Thread.sleep(Native Method)
	at java.lang.Thread.sleep(Thread.java:340)
	at java.util.concurrent.TimeUnit.sleep(TimeUnit.java:386)
	at org.apache.ratis.util.TimeDuration.sleep(TimeDuration.java:324)
	at org.apache.ratis.util.TimeDuration.sleep(TimeDuration.java:309)
	at org.apache.ratis.server.impl.FollowerState.run(FollowerState.java:118)
2021-10-12 06:06:00,870 [a928fc34-d4b3-4f47-b859-83818f25ed6e@group-C2DAA97EBB05-StateMachineUpdater] INFO  ratis.ContainerStateMachine (ContainerStateMachine.java:takeSnapshot(292)) - group-C2DAA97EBB05: Taking a snapshot at:(t:2, i:0) file /home/runner/work/ozone/ozone/hadoop-ozone/integration-test/target/test-dir/MiniOzoneClusterImpl-c6dc50ab-6fac-4554-b78d-9440f3e38bfb/datanode-2/data/ratis/7390dcda-dbd8-4381-851a-c2daa97ebb05/sm/snapshot.2_0
2021-10-12 06:06:00,874 [a928fc34-d4b3-4f47-b859-83818f25ed6e@group-C2DAA97EBB05-StateMachineUpdater] INFO  ratis.ContainerStateMachine (ContainerStateMachine.java:takeSnapshot(303)) - group-C2DAA97EBB05: Finished taking a snapshot at:(t:2, i:0) file:/home/runner/work/ozone/ozone/hadoop-ozone/integration-test/target/test-dir/MiniOzoneClusterImpl-c6dc50ab-6fac-4554-b78d-9440f3e38bfb/datanode-2/data/ratis/7390dcda-dbd8-4381-851a-c2daa97ebb05/sm/snapshot.2_0 took: 4 ms
2021-10-12 06:06:00,874 [a928fc34-d4b3-4f47-b859-83818f25ed6e@group-C2DAA97EBB05-StateMachineUpdater] INFO  impl.StateMachineUpdater (StateMachineUpdater.java:takeSnapshot(281)) - a928fc34-d4b3-4f47-b859-83818f25ed6e@group-C2DAA97EBB05-StateMachineUpdater: Took a snapshot at index 0
2021-10-12 06:06:00,874 [a928fc34-d4b3-4f47-b859-83818f25ed6e@group-C2DAA97EBB05-StateMachineUpdater] INFO  impl.StateMachineUpdater (StateMachineUpdater.java:lambda$new$0(89)) - a928fc34-d4b3-4f47-b859-83818f25ed6e@group-C2DAA97EBB05-StateMachineUpdater: snapshotIndex: updateIncreasingly -1 -> 0
2021-10-12 06:06:00,882 [Command processor thread] INFO  server.RaftServer$Division (ServerState.java:close(419)) - a928fc34-d4b3-4f47-b859-83818f25ed6e@group-C2DAA97EBB05: closes. applyIndex: 0
2021-10-12 06:06:00,882 [a928fc34-d4b3-4f47-b859-83818f25ed6e@group-C2DAA97EBB05-SegmentedRaftLogWorker] INFO  segmented.SegmentedRaftLogWorker (SegmentedRaftLogWorker.java:run(327)) - a928fc34-d4b3-4f47-b859-83818f25ed6e@group-C2DAA97EBB05-SegmentedRaftLogWorker was interrupted, exiting. There are 0 tasks remaining in the queue.
2021-10-12 06:06:00,883 [Command processor thread] INFO  segmented.SegmentedRaftLogWorker (SegmentedRaftLogWorker.java:close(237)) - a928fc34-d4b3-4f47-b859-83818f25ed6e@group-C2DAA97EBB05-SegmentedRaftLogWorker close()
2021-10-12 06:06:00,884 [Command processor thread] INFO  server.RaftServer$Division (RaftServerImpl.java:groupRemove(377)) - a928fc34-d4b3-4f47-b859-83818f25ed6e@group-C2DAA97EBB05: Succeed to remove RaftStorageDirectory Storage Directory /home/runner/work/ozone/ozone/hadoop-ozone/integration-test/target/test-dir/MiniOzoneClusterImpl-c6dc50ab-6fac-4554-b78d-9440f3e38bfb/datanode-2/data/ratis/7390dcda-dbd8-4381-851a-c2daa97ebb05
2021-10-12 06:06:00,885 [Command processor thread] INFO  commandhandler.ClosePipelineCommandHandler (ClosePipelineCommandHandler.java:handle(78)) - Close Pipeline PipelineID=7390dcda-dbd8-4381-851a-c2daa97ebb05 command on datanode a928fc34-d4b3-4f47-b859-83818f25ed6e.
2021-10-12 06:06:00,885 [Command processor thread] INFO  server.RaftServer (RaftServerProxy.java:remove(106)) - a928fc34-d4b3-4f47-b859-83818f25ed6e: remove    LEADER a928fc34-d4b3-4f47-b859-83818f25ed6e@group-AB0AE3F98C36:t3, leader=a928fc34-d4b3-4f47-b859-83818f25ed6e, voted=a928fc34-d4b3-4f47-b859-83818f25ed6e, raftlog=a928fc34-d4b3-4f47-b859-83818f25ed6e@group-AB0AE3F98C36-SegmentedRaftLog:OPENED:c0,f0,i0, conf=0: [69929a81-75b5-4e59-a9cb-c7e6f0fb6fd6|rpc:10.1.0.59:40555|dataStream:|priority:0, a928fc34-d4b3-4f47-b859-83818f25ed6e|rpc:10.1.0.59:35709|dataStream:|priority:1, f6edce37-208d-40f1-ab7e-323414b00593|rpc:10.1.0.59:35829|dataStream:|priority:0], old=null RUNNING
2021-10-12 06:06:00,885 [Command processor thread] INFO  server.RaftServer$Division (RaftServerImpl.java:lambda$close$4(407)) - a928fc34-d4b3-4f47-b859-83818f25ed6e@group-AB0AE3F98C36: shutdown
2021-10-12 06:06:00,885 [Command processor thread] INFO  util.JmxRegister (JmxRegister.java:unregister(73)) - Successfully un-registered JMX Bean with object name Ratis:service=RaftServer,group=group-AB0AE3F98C36,id=a928fc34-d4b3-4f47-b859-83818f25ed6e
2021-10-12 06:06:00,885 [Command processor thread] INFO  impl.RoleInfo (RoleInfo.java:shutdownLeaderState(91)) - a928fc34-d4b3-4f47-b859-83818f25ed6e: shutdown a928fc34-d4b3-4f47-b859-83818f25ed6e@group-AB0AE3F98C36-LeaderStateImpl
2021-10-12 06:06:00,885 [Command processor thread] INFO  impl.PendingRequests (PendingRequests.java:sendNotLeaderResponses(282)) - a928fc34-d4b3-4f47-b859-83818f25ed6e@group-AB0AE3F98C36-PendingRequests: sendNotLeaderResponses
2021-10-12 06:06:00,886 [a928fc34-d4b3-4f47-b859-83818f25ed6e@group-AB0AE3F98C36-StateMachineUpdater] INFO  ratis.ContainerStateMachine (ContainerStateMachine.java:takeSnapshot(292)) - group-AB0AE3F98C36: Taking a snapshot at:(t:3, i:0) file /home/runner/work/ozone/ozone/hadoop-ozone/integration-test/target/test-dir/MiniOzoneClusterImpl-c6dc50ab-6fac-4554-b78d-9440f3e38bfb/datanode-2/data/ratis/24fc6951-c623-41b7-8dc3-ab0ae3f98c36/sm/snapshot.3_0
2021-10-12 06:06:00,887 [a928fc34-d4b3-4f47-b859-83818f25ed6e@group-AB0AE3F98C36-StateMachineUpdater] INFO  ratis.ContainerStateMachine (ContainerStateMachine.java:takeSnapshot(303)) - group-AB0AE3F98C36: Finished taking a snapshot at:(t:3, i:0) file:/home/runner/work/ozone/ozone/hadoop-ozone/integration-test/target/test-dir/MiniOzoneClusterImpl-c6dc50ab-6fac-4554-b78d-9440f3e38bfb/datanode-2/data/ratis/24fc6951-c623-41b7-8dc3-ab0ae3f98c36/sm/snapshot.3_0 took: 1 ms
2021-10-12 06:06:00,887 [a928fc34-d4b3-4f47-b859-83818f25ed6e@group-AB0AE3F98C36-StateMachineUpdater] INFO  impl.StateMachineUpdater (StateMachineUpdater.java:takeSnapshot(281)) - a928fc34-d4b3-4f47-b859-83818f25ed6e@group-AB0AE3F98C36-StateMachineUpdater: Took a snapshot at index 0
2021-10-12 06:06:00,887 [a928fc34-d4b3-4f47-b859-83818f25ed6e@group-AB0AE3F98C36-StateMachineUpdater] INFO  impl.StateMachineUpdater (StateMachineUpdater.java:lambda$new$0(89)) - a928fc34-d4b3-4f47-b859-83818f25ed6e@group-AB0AE3F98C36-StateMachineUpdater: snapshotIndex: updateIncreasingly -1 -> 0
2021-10-12 06:06:00,888 [Command processor thread] INFO  impl.StateMachineUpdater (StateMachineUpdater.java:stopAndJoin(149)) - a928fc34-d4b3-4f47-b859-83818f25ed6e@group-AB0AE3F98C36-StateMachineUpdater: set stopIndex = 0
2021-10-12 06:06:00,888 [Command processor thread] INFO  server.RaftServer$Division (ServerState.java:close(419)) - a928fc34-d4b3-4f47-b859-83818f25ed6e@group-AB0AE3F98C36: closes. applyIndex: 0
2021-10-12 06:06:00,888 [a928fc34-d4b3-4f47-b859-83818f25ed6e@group-AB0AE3F98C36-SegmentedRaftLogWorker] INFO  segmented.SegmentedRaftLogWorker (SegmentedRaftLogWorker.java:run(327)) - a928fc34-d4b3-4f47-b859-83818f25ed6e@group-AB0AE3F98C36-SegmentedRaftLogWorker was interrupted, exiting. There are 0 tasks remaining in the queue.
2021-10-12 06:06:00,889 [Command processor thread] INFO  segmented.SegmentedRaftLogWorker (SegmentedRaftLogWorker.java:close(237)) - a928fc34-d4b3-4f47-b859-83818f25ed6e@group-AB0AE3F98C36-SegmentedRaftLogWorker close()
2021-10-12 06:06:00,891 [Command processor thread] INFO  server.RaftServer$Division (RaftServerImpl.java:groupRemove(377)) - a928fc34-d4b3-4f47-b859-83818f25ed6e@group-AB0AE3F98C36: Succeed to remove RaftStorageDirectory Storage Directory /home/runner/work/ozone/ozone/hadoop-ozone/integration-test/target/test-dir/MiniOzoneClusterImpl-c6dc50ab-6fac-4554-b78d-9440f3e38bfb/datanode-2/data/ratis/24fc6951-c623-41b7-8dc3-ab0ae3f98c36
2021-10-12 06:06:00,891 [Command processor thread] INFO  commandhandler.ClosePipelineCommandHandler (ClosePipelineCommandHandler.java:handle(78)) - Close Pipeline PipelineID=24fc6951-c623-41b7-8dc3-ab0ae3f98c36 command on datanode a928fc34-d4b3-4f47-b859-83818f25ed6e.
2021-10-12 06:06:00,898 [a928fc34-d4b3-4f47-b859-83818f25ed6e@group-AB0AE3F98C36->69929a81-75b5-4e59-a9cb-c7e6f0fb6fd6-GrpcLogAppender-LogAppenderDaemon] WARN  server.GrpcLogAppender (GrpcLogAppender.java:mayWait(175)) - a928fc34-d4b3-4f47-b859-83818f25ed6e@group-AB0AE3F98C36->69929a81-75b5-4e59-a9cb-c7e6f0fb6fd6-GrpcLogAppender: Wait interrupted by java.lang.InterruptedException
2021-10-12 06:06:00,898 [grpc-default-executor-4] INFO  server.GrpcServerProtocolService (GrpcServerProtocolService.java:onCompleted(140)) - 69929a81-75b5-4e59-a9cb-c7e6f0fb6fd6: Completed APPEND_ENTRIES, lastRequest: a928fc34-d4b3-4f47-b859-83818f25ed6e->69929a81-75b5-4e59-a9cb-c7e6f0fb6fd6#1-t3,previous=(t:0, i:0),leaderCommit=-1,initializing? true,entries: size=1, first=(t:3, i:0), CONFIGURATIONENTRY
2021-10-12 06:06:00,899 [grpc-default-executor-1] INFO  server.GrpcLogAppender (GrpcLogAppender.java:onCompleted(344)) - a928fc34-d4b3-4f47-b859-83818f25ed6e@group-AB0AE3F98C36->69929a81-75b5-4e59-a9cb-c7e6f0fb6fd6-AppendLogResponseHandler: follower responses appendEntries COMPLETED
2021-10-12 06:06:00,899 [grpc-default-executor-1] INFO  leader.FollowerInfo (FollowerInfoImpl.java:lambda$new$0(46)) - a928fc34-d4b3-4f47-b859-83818f25ed6e@group-AB0AE3F98C36->69929a81-75b5-4e59-a9cb-c7e6f0fb6fd6: nextIndex: updateUnconditionally 1 -> 0
2021-10-12 06:06:20,826 [Listener at 127.0.0.1/38829] WARN  io.KeyOutputStream (KeyOutputStream.java:handleException(310)) - Encountered exception java.io.IOException: Unexpected Storage Container Exception: java.util.concurrent.CompletionException: Failed to write chunk 107544261427200001_chunk_6 into block conID: 1 locID: 107544261427200001 bcsId: 9 on the pipeline Pipeline[ Id: 16439a66-d4b8-45be-a9c3-75f6817ce003, Nodes: f6edce37-208d-40f1-ab7e-323414b00593{ip: 10.1.0.59, host: fv-az297-361.nmf1rxwemy4u5di1sxxf4ejcwb.jx.internal.cloudapp.net, ports: [REPLICATION=37231, RATIS=35829, RATIS_ADMIN=35829, RATIS_SERVER=35829, STANDALONE=34061], networkLocation: /default-rack, certSerialId: null, persistedOpState: IN_SERVICE, persistedOpStateExpiryEpochSec: 0}, ReplicationConfig: RATIS/ONE, State:OPEN, leaderId:f6edce37-208d-40f1-ab7e-323414b00593, CreationTimestamp2021-10-12T06:05:29.752Z[Etc/UTC]]. The last committed block length is 500, uncommitted data length is 300 retry count 0
2021-10-12 06:06:21,182 [Datanode State Machine Thread - 0] WARN  statemachine.StateContext (StateContext.java:execute(621)) - No available thread in pool for past 1 seconds.
2021-10-12 06:06:21,391 [Listener at 127.0.0.1/38829] WARN  impl.MetricRegistriesImpl (MetricRegistriesImpl.java:addReporterRegistration(111)) - New reporters are added after registries were created. Some metrics will be missing from the reporter. Please add reporter before adding any new registry.
2021-10-12 06:06:21,391 [Listener at 127.0.0.1/38829] WARN  impl.MetricRegistriesImpl (MetricRegistriesImpl.java:addReporterRegistration(111)) - New reporters are added after registries were created. Some metrics will be missing from the reporter. Please add reporter before adding any new registry.
2021-10-12 06:06:21,391 [Listener at 127.0.0.1/38829] INFO  impl.MetricsSystemImpl (MetricsSystemImpl.java:init(158)) - HddsDatanode metrics system started (again)
2021-10-12 06:06:21,445 [Listener at 127.0.0.1/38829] INFO  ozone.HddsDatanodeService (HddsDatanodeService.java:start(234)) - HddsDatanodeService host:fv-az297-361.nmf1rxwemy4u5di1sxxf4ejcwb.jx.internal.cloudapp.net ip:10.1.0.59
2021-10-12 06:06:21,550 [Listener at 127.0.0.1/38829] INFO  upgrade.AbstractLayoutVersionManager (AbstractLayoutVersionManager.java:init(79)) - Initializing Layout version manager with metadata layout = SCM_HA (version = 2), software layout = SCM_HA (version = 2)
2021-10-12 06:06:21,694 [Listener at 127.0.0.1/38829] INFO  reflections.Reflections (Reflections.java:scan(232)) - Reflections took 142 ms to scan 7 urls, producing 119 keys and 278 values 
2021-10-12 06:06:21,696 [Listener at 127.0.0.1/38829] INFO  volume.HddsVolume (HddsVolume.java:<init>(120)) - Creating HddsVolume: /home/runner/work/ozone/ozone/hadoop-ozone/integration-test/target/test-dir/MiniOzoneClusterImpl-c6dc50ab-6fac-4554-b78d-9440f3e38bfb/datanode-1/data-0/containers/hdds of storage type : DISK capacity : 9223372036854775807
2021-10-12 06:06:21,696 [Listener at 127.0.0.1/38829] INFO  volume.MutableVolumeSet (MutableVolumeSet.java:initializeVolumeSet(168)) - Added Volume : /home/runner/work/ozone/ozone/hadoop-ozone/integration-test/target/test-dir/MiniOzoneClusterImpl-c6dc50ab-6fac-4554-b78d-9440f3e38bfb/datanode-1/data-0/containers/hdds to VolumeSet
2021-10-12 06:06:21,696 [Listener at 127.0.0.1/38829] INFO  volume.ThrottledAsyncChecker (ThrottledAsyncChecker.java:schedule(141)) - Scheduling a check for /home/runner/work/ozone/ozone/hadoop-ozone/integration-test/target/test-dir/MiniOzoneClusterImpl-c6dc50ab-6fac-4554-b78d-9440f3e38bfb/datanode-1/data-0/containers/hdds
2021-10-12 06:06:21,720 [Listener at 127.0.0.1/38829] INFO  volume.StorageVolumeChecker (StorageVolumeChecker.java:checkAllVolumes(202)) - Scheduled health check for volume /home/runner/work/ozone/ozone/hadoop-ozone/integration-test/target/test-dir/MiniOzoneClusterImpl-c6dc50ab-6fac-4554-b78d-9440f3e38bfb/datanode-1/data-0/containers/hdds
2021-10-12 06:06:21,757 [Listener at 127.0.0.1/38829] INFO  volume.MutableVolumeSet (MutableVolumeSet.java:initializeVolumeSet(168)) - Added Volume : /home/runner/work/ozone/ozone/hadoop-ozone/integration-test/target/test-dir/MiniOzoneClusterImpl-c6dc50ab-6fac-4554-b78d-9440f3e38bfb/datanode-1/data/ratis to VolumeSet
2021-10-12 06:06:21,758 [Listener at 127.0.0.1/38829] INFO  volume.ThrottledAsyncChecker (ThrottledAsyncChecker.java:schedule(141)) - Scheduling a check for /home/runner/work/ozone/ozone/hadoop-ozone/integration-test/target/test-dir/MiniOzoneClusterImpl-c6dc50ab-6fac-4554-b78d-9440f3e38bfb/datanode-1/data/ratis
2021-10-12 06:06:21,759 [Listener at 127.0.0.1/38829] INFO  volume.StorageVolumeChecker (StorageVolumeChecker.java:checkAllVolumes(202)) - Scheduled health check for volume /home/runner/work/ozone/ozone/hadoop-ozone/integration-test/target/test-dir/MiniOzoneClusterImpl-c6dc50ab-6fac-4554-b78d-9440f3e38bfb/datanode-1/data/ratis
2021-10-12 06:06:21,783 [Thread-2092] INFO  ozoneimpl.ContainerReader (ContainerReader.java:readVolume(142)) - Start to verify containers on volume /home/runner/work/ozone/ozone/hadoop-ozone/integration-test/target/test-dir/MiniOzoneClusterImpl-c6dc50ab-6fac-4554-b78d-9440f3e38bfb/datanode-1/data-0/containers/hdds
2021-10-12 06:06:21,836 [Thread-2092] INFO  ozoneimpl.ContainerReader (ContainerReader.java:readVolume(172)) - Finish verifying containers on volume /home/runner/work/ozone/ozone/hadoop-ozone/integration-test/target/test-dir/MiniOzoneClusterImpl-c6dc50ab-6fac-4554-b78d-9440f3e38bfb/datanode-1/data-0/containers/hdds
2021-10-12 06:06:21,836 [Listener at 127.0.0.1/38829] INFO  ozoneimpl.OzoneContainer (OzoneContainer.java:buildContainerSet(236)) - Build ContainerSet costs 0s
2021-10-12 06:06:21,867 [Listener at 127.0.0.1/38829] INFO  server.RaftServer (ConfUtils.java:logGet(44)) - raft.rpc.type = GRPC (default)
2021-10-12 06:06:21,867 [Listener at 127.0.0.1/38829] INFO  grpc.GrpcFactory (GrpcFactory.java:checkPooledByteBufAllocatorUseCacheForAllThreads(48)) - PERFORMANCE WARNING: useCacheForAllThreads is true that may cause Netty to create a lot garbage objects and, as a result, trigger GC.
	It is recommended to disable useCacheForAllThreads by setting -Dorg.apache.ratis.thirdparty.io.netty.allocator.useCacheForAllThreads=false in command line.
2021-10-12 06:06:21,867 [Listener at 127.0.0.1/38829] INFO  grpc.GrpcConfigKeys (ConfUtils.java:logGet(44)) - raft.grpc.admin.port = 35829 (custom)
2021-10-12 06:06:21,867 [Listener at 127.0.0.1/38829] INFO  grpc.GrpcConfigKeys (ConfUtils.java:logGet(44)) - raft.grpc.client.port = 35829 (custom)
2021-10-12 06:06:21,867 [Listener at 127.0.0.1/38829] INFO  grpc.GrpcConfigKeys (ConfUtils.java:logGet(44)) - raft.grpc.server.port = 35829 (custom)
2021-10-12 06:06:21,867 [Listener at 127.0.0.1/38829] INFO  server.GrpcService (ConfUtils.java:logGet(44)) - raft.grpc.message.size.max = 32MB (=33554432) (custom)
2021-10-12 06:06:21,868 [Listener at 127.0.0.1/38829] INFO  server.RaftServerConfigKeys (ConfUtils.java:logGet(44)) - raft.server.log.appender.buffer.byte-limit = 33554432 (custom)
2021-10-12 06:06:21,868 [Listener at 127.0.0.1/38829] INFO  server.GrpcService (ConfUtils.java:logGet(44)) - raft.grpc.flow.control.window = 5MB (=5242880) (custom)
2021-10-12 06:06:21,868 [Listener at 127.0.0.1/38829] INFO  server.RaftServerConfigKeys (ConfUtils.java:logGet(44)) - raft.server.rpc.request.timeout = 3000ms (default)
2021-10-12 06:06:21,871 [Listener at 127.0.0.1/38829] INFO  impl.DataStreamServerImpl (ConfUtils.java:logGet(44)) - raft.datastream.type = DISABLED (default)
2021-10-12 06:06:21,871 [Listener at 127.0.0.1/38829] INFO  server.RaftServerConfigKeys (ConfUtils.java:logGet(44)) - raft.server.rpc.slowness.timeout = 300000ms (custom)
2021-10-12 06:06:21,871 [Listener at 127.0.0.1/38829] INFO  server.RaftServerConfigKeys (ConfUtils.java:logGet(44)) - raft.server.leaderelection.leader.step-down.wait-time = 10s (default)
2021-10-12 06:06:21,871 [Listener at 127.0.0.1/38829] INFO  server.RaftServerConfigKeys (ConfUtils.java:logGet(44)) - raft.server.storage.dir = [/home/runner/work/ozone/ozone/hadoop-ozone/integration-test/target/test-dir/MiniOzoneClusterImpl-c6dc50ab-6fac-4554-b78d-9440f3e38bfb/datanode-1/data/ratis] (custom)
2021-10-12 06:06:21,872 [Listener at 127.0.0.1/38829] INFO  server.RaftServer (RaftServerProxy.java:lambda$null$1(235)) - f6edce37-208d-40f1-ab7e-323414b00593: found a subdirectory /home/runner/work/ozone/ozone/hadoop-ozone/integration-test/target/test-dir/MiniOzoneClusterImpl-c6dc50ab-6fac-4554-b78d-9440f3e38bfb/datanode-1/data/ratis/9543044a-5f3d-4b0d-98d7-d75b06a36d76
2021-10-12 06:06:21,890 [Listener at 127.0.0.1/38829] INFO  server.RaftServer (RaftServerProxy.java:addNew(95)) - f6edce37-208d-40f1-ab7e-323414b00593: addNew group-D75B06A36D76:[] returns group-D75B06A36D76:java.util.concurrent.CompletableFuture@2a7f206c[Not completed]
2021-10-12 06:06:21,890 [Listener at 127.0.0.1/38829] INFO  server.RaftServer (RaftServerProxy.java:lambda$null$1(235)) - f6edce37-208d-40f1-ab7e-323414b00593: found a subdirectory /home/runner/work/ozone/ozone/hadoop-ozone/integration-test/target/test-dir/MiniOzoneClusterImpl-c6dc50ab-6fac-4554-b78d-9440f3e38bfb/datanode-1/data/ratis/7390dcda-dbd8-4381-851a-c2daa97ebb05
2021-10-12 06:06:21,890 [Listener at 127.0.0.1/38829] INFO  server.RaftServer (RaftServerProxy.java:addNew(95)) - f6edce37-208d-40f1-ab7e-323414b00593: addNew group-C2DAA97EBB05:[] returns group-C2DAA97EBB05:java.util.concurrent.CompletableFuture@493ea41[Not completed]
2021-10-12 06:06:21,890 [Listener at 127.0.0.1/38829] INFO  server.RaftServer (RaftServerProxy.java:lambda$null$1(235)) - f6edce37-208d-40f1-ab7e-323414b00593: found a subdirectory /home/runner/work/ozone/ozone/hadoop-ozone/integration-test/target/test-dir/MiniOzoneClusterImpl-c6dc50ab-6fac-4554-b78d-9440f3e38bfb/datanode-1/data/ratis/16439a66-d4b8-45be-a9c3-75f6817ce003
2021-10-12 06:06:21,890 [Listener at 127.0.0.1/38829] INFO  server.RaftServer (RaftServerProxy.java:addNew(95)) - f6edce37-208d-40f1-ab7e-323414b00593: addNew group-75F6817CE003:[] returns group-75F6817CE003:java.util.concurrent.CompletableFuture@61f8bd9f[Not completed]
2021-10-12 06:06:21,891 [Listener at 127.0.0.1/38829] INFO  server.RaftServer (RaftServerProxy.java:lambda$null$1(235)) - f6edce37-208d-40f1-ab7e-323414b00593: found a subdirectory /home/runner/work/ozone/ozone/hadoop-ozone/integration-test/target/test-dir/MiniOzoneClusterImpl-c6dc50ab-6fac-4554-b78d-9440f3e38bfb/datanode-1/data/ratis/24fc6951-c623-41b7-8dc3-ab0ae3f98c36
2021-10-12 06:06:21,891 [Listener at 127.0.0.1/38829] INFO  server.RaftServer (RaftServerProxy.java:addNew(95)) - f6edce37-208d-40f1-ab7e-323414b00593: addNew group-AB0AE3F98C36:[] returns group-AB0AE3F98C36:java.util.concurrent.CompletableFuture@6155eb43[Not completed]
2021-10-12 06:06:21,893 [pool-696-thread-1] INFO  server.RaftServer$Division (RaftServerImpl.java:<init>(181)) - f6edce37-208d-40f1-ab7e-323414b00593: new RaftServerImpl for group-D75B06A36D76:[] with ContainerStateMachine:uninitialized
2021-10-12 06:06:21,922 [pool-696-thread-1] INFO  server.RaftServerConfigKeys (ConfUtils.java:logGet(44)) - raft.server.rpc.timeout.min = 5s (custom)
2021-10-12 06:06:21,922 [pool-696-thread-1] INFO  server.RaftServerConfigKeys (ConfUtils.java:logGet(44)) - raft.server.rpc.timeout.max = 5200ms (custom)
2021-10-12 06:06:21,922 [pool-696-thread-1] INFO  server.RaftServerConfigKeys (ConfUtils.java:logGet(44)) - raft.server.rpc.sleep.time = 25ms (default)
2021-10-12 06:06:21,922 [pool-696-thread-1] INFO  server.RaftServerConfigKeys (ConfUtils.java:logGet(44)) - raft.server.rpc.slowness.timeout = 300000ms (custom)
2021-10-12 06:06:21,922 [pool-696-thread-1] INFO  server.RaftServerConfigKeys (ConfUtils.java:logGet(44)) - raft.server.leaderelection.leader.step-down.wait-time = 10s (default)
2021-10-12 06:06:21,923 [pool-696-thread-1] INFO  server.RaftServerConfigKeys (ConfUtils.java:logGet(44)) - raft.server.sleep.deviation.threshold = 300ms (default)
2021-10-12 06:06:21,923 [pool-696-thread-1] INFO  server.RaftServerConfigKeys (ConfUtils.java:logGet(44)) - raft.server.log.appender.install.snapshot.enabled = false (custom)
2021-10-12 06:06:21,923 [pool-696-thread-1] INFO  server.RaftServer$Division (ServerState.java:<init>(105)) - f6edce37-208d-40f1-ab7e-323414b00593@group-D75B06A36D76: ConfigurationManager, init=-1: [], old=null, confs=<EMPTY_MAP>
2021-10-12 06:06:21,937 [Listener at 127.0.0.1/38829] INFO  http.BaseHttpServer (BaseHttpServer.java:newHttpServer2BuilderForOzone(209)) - Starting Web-server for hddsDatanode at: http://0.0.0.0:34445
2021-10-12 06:06:21,937 [Listener at 127.0.0.1/38829] INFO  http.BaseHttpServer (BaseHttpServer.java:<init>(107)) - Hadoop Security Enabled: false Ozone Security Enabled: false Ozone HTTP Security Enabled: false 
2021-10-12 06:06:21,938 [Listener at 127.0.0.1/38829] INFO  server.AuthenticationFilter (AuthenticationFilter.java:constructSecretProvider(240)) - Unable to initialize FileSignerSecretProvider, falling back to use random secrets.
2021-10-12 06:06:21,938 [Listener at 127.0.0.1/38829] WARN  http.HttpRequestLog (HttpRequestLog.java:getRequestLog(103)) - Jetty request log can only be enabled using Log4j
2021-10-12 06:06:21,939 [pool-696-thread-1] INFO  server.RaftServerConfigKeys (ConfUtils.java:logGet(44)) - raft.server.storage.dir = [/home/runner/work/ozone/ozone/hadoop-ozone/integration-test/target/test-dir/MiniOzoneClusterImpl-c6dc50ab-6fac-4554-b78d-9440f3e38bfb/datanode-1/data/ratis] (custom)
2021-10-12 06:06:21,939 [pool-696-thread-1] INFO  server.RaftServerConfigKeys (ConfUtils.java:logGet(44)) - raft.server.log.corruption.policy = EXCEPTION (default)
2021-10-12 06:06:21,939 [pool-696-thread-1] INFO  server.RaftServerConfigKeys (ConfUtils.java:logGet(44)) - raft.server.storage.free-space.min = 0MB (=0) (default)
2021-10-12 06:06:21,939 [Listener at 127.0.0.1/38829] INFO  http.HttpServer2 (HttpServer2.java:addGlobalFilter(1030)) - Added global filter 'safety' (class=org.apache.hadoop.hdds.server.http.HttpServer2$QuotingInputFilter)
2021-10-12 06:06:21,940 [Listener at 127.0.0.1/38829] INFO  http.HttpServer2 (HttpServer2.java:addFilter(1006)) - Added filter static_user_filter (class=org.apache.hadoop.http.lib.StaticUserWebFilter$StaticUserFilter) to context hddsDatanode
2021-10-12 06:06:21,940 [Listener at 127.0.0.1/38829] INFO  http.HttpServer2 (HttpServer2.java:addFilter(1014)) - Added filter static_user_filter (class=org.apache.hadoop.http.lib.StaticUserWebFilter$StaticUserFilter) to context static
2021-10-12 06:06:21,940 [Listener at 127.0.0.1/38829] INFO  http.HttpServer2 (HttpServer2.java:addFilter(1014)) - Added filter static_user_filter (class=org.apache.hadoop.http.lib.StaticUserWebFilter$StaticUserFilter) to context logs
2021-10-12 06:06:21,940 [pool-696-thread-1] INFO  storage.RaftStorageDirectory (RaftStorageDirectoryImpl.java:tryLock(230)) - Lock on /home/runner/work/ozone/ozone/hadoop-ozone/integration-test/target/test-dir/MiniOzoneClusterImpl-c6dc50ab-6fac-4554-b78d-9440f3e38bfb/datanode-1/data/ratis/9543044a-5f3d-4b0d-98d7-d75b06a36d76/in_use.lock acquired by nodename 8742@fv-az297-361
2021-10-12 06:06:21,940 [pool-696-thread-1] INFO  storage.RaftStorage (RaftStorageImpl.java:analyzeAndRecoverStorage(110)) - Read RaftStorageMetadata{term=1, votedFor=f6edce37-208d-40f1-ab7e-323414b00593} from /home/runner/work/ozone/ozone/hadoop-ozone/integration-test/target/test-dir/MiniOzoneClusterImpl-c6dc50ab-6fac-4554-b78d-9440f3e38bfb/datanode-1/data/ratis/9543044a-5f3d-4b0d-98d7-d75b06a36d76/current/raft-meta
2021-10-12 06:06:21,940 [Listener at 127.0.0.1/38829] INFO  http.HttpServer2 (HttpServer2.java:bindListener(1249)) - Jetty bound to port 34445
2021-10-12 06:06:21,940 [Listener at 127.0.0.1/38829] INFO  server.Server (Server.java:doStart(375)) - jetty-9.4.43.v20210629; built: 2021-06-30T11:07:22.254Z; git: 526006ecfa3af7f1a27ef3a288e2bef7ea9dd7e8; jvm 1.8.0_292-b10
2021-10-12 06:06:21,942 [pool-696-thread-1] INFO  ratis.ContainerStateMachine (ContainerStateMachine.java:loadSnapshot(233)) - group-D75B06A36D76: Setting the last applied index to (t:1, i:0)
2021-10-12 06:06:21,946 [pool-696-thread-1] INFO  server.RaftServer$Division (ServerState.java:setRaftConf(387)) - f6edce37-208d-40f1-ab7e-323414b00593@group-D75B06A36D76: set configuration 0: [69929a81-75b5-4e59-a9cb-c7e6f0fb6fd6|rpc:10.1.0.59:40555|dataStream:|priority:0, a928fc34-d4b3-4f47-b859-83818f25ed6e|rpc:10.1.0.59:35709|dataStream:|priority:0, f6edce37-208d-40f1-ab7e-323414b00593|rpc:10.1.0.59:35829|dataStream:|priority:1], old=null
2021-10-12 06:06:21,946 [pool-696-thread-1] INFO  server.RaftServerConfigKeys (ConfUtils.java:logGet(44)) - raft.server.notification.no-leader.timeout = 300000ms (custom)
2021-10-12 06:06:21,946 [pool-696-thread-1] INFO  server.RaftServerConfigKeys (ConfUtils.java:logGet(44)) - raft.server.log.use.memory = false (default)
2021-10-12 06:06:21,946 [pool-696-thread-1] INFO  server.RaftServerConfigKeys (ConfUtils.java:logGet(44)) - raft.server.log.purge.gap = 1000000 (custom)
2021-10-12 06:06:21,946 [pool-696-thread-1] INFO  server.RaftServerConfigKeys (ConfUtils.java:logGet(44)) - raft.server.log.appender.buffer.byte-limit = 33554432 (custom)
2021-10-12 06:06:21,947 [pool-696-thread-1] INFO  server.RaftServerConfigKeys (ConfUtils.java:logGet(44)) - raft.server.log.segment.size.max = 1048576 (custom)
2021-10-12 06:06:21,947 [pool-696-thread-1] INFO  server.RaftServerConfigKeys (ConfUtils.java:logGet(44)) - raft.server.log.segment.cache.num.max = 2 (custom)
2021-10-12 06:06:21,947 [pool-696-thread-1] INFO  server.RaftServerConfigKeys (ConfUtils.java:logGet(44)) - raft.server.log.segment.cache.size.max = 200MB (=209715200) (default)
2021-10-12 06:06:21,947 [pool-696-thread-1] INFO  segmented.SegmentedRaftLogWorker (SegmentedRaftLogWorker.java:<init>(182)) - new f6edce37-208d-40f1-ab7e-323414b00593@group-D75B06A36D76-SegmentedRaftLogWorker for RaftStorageImpl:Storage Directory /home/runner/work/ozone/ozone/hadoop-ozone/integration-test/target/test-dir/MiniOzoneClusterImpl-c6dc50ab-6fac-4554-b78d-9440f3e38bfb/datanode-1/data/ratis/9543044a-5f3d-4b0d-98d7-d75b06a36d76
2021-10-12 06:06:21,947 [pool-696-thread-1] INFO  server.RaftServerConfigKeys (ConfUtils.java:logGet(44)) - raft.server.log.queue.byte-limit = 2147483647 (custom)
2021-10-12 06:06:21,947 [pool-696-thread-1] INFO  server.RaftServerConfigKeys (ConfUtils.java:logGet(44)) - raft.server.log.queue.element-limit = 1024 (custom)
2021-10-12 06:06:21,947 [pool-696-thread-1] INFO  server.RaftServerConfigKeys (ConfUtils.java:logGet(44)) - raft.server.log.segment.size.max = 1048576 (custom)
2021-10-12 06:06:21,948 [pool-696-thread-1] INFO  server.RaftServerConfigKeys (ConfUtils.java:logGet(44)) - raft.server.log.preallocated.size = 16384 (custom)
2021-10-12 06:06:21,948 [pool-696-thread-1] INFO  server.RaftServerConfigKeys (ConfUtils.java:logGet(44)) - raft.server.log.force.sync.num = 128 (default)
2021-10-12 06:06:21,948 [pool-696-thread-1] INFO  server.RaftServerConfigKeys (ConfUtils.java:logGet(44)) - raft.server.log.statemachine.data.sync = true (default)
2021-10-12 06:06:21,948 [pool-696-thread-1] INFO  server.RaftServerConfigKeys (ConfUtils.java:logGet(44)) - raft.server.log.statemachine.data.sync.timeout = 10s (default)
2021-10-12 06:06:21,948 [pool-696-thread-1] INFO  server.RaftServerConfigKeys (ConfUtils.java:logGet(44)) - raft.server.log.statemachine.data.sync.timeout.retry = -1 (default)
2021-10-12 06:06:21,949 [Listener at 127.0.0.1/38829] INFO  server.session (DefaultSessionIdManager.java:doStart(334)) - DefaultSessionIdManager workerName=node0
2021-10-12 06:06:21,949 [Listener at 127.0.0.1/38829] INFO  server.session (DefaultSessionIdManager.java:doStart(339)) - No SessionScavenger set, using defaults
2021-10-12 06:06:21,949 [Listener at 127.0.0.1/38829] INFO  server.session (HouseKeeper.java:startScavenging(132)) - node0 Scavenging every 600000ms
2021-10-12 06:06:21,950 [Listener at 127.0.0.1/38829] INFO  handler.ContextHandler (ContextHandler.java:doStart(915)) - Started o.e.j.s.ServletContextHandler@9ee6b64{logs,/logs,file:///home/runner/work/ozone/ozone/hadoop-ozone/integration-test/target/log,AVAILABLE}
2021-10-12 06:06:21,964 [Listener at 127.0.0.1/38829] INFO  handler.ContextHandler (ContextHandler.java:doStart(915)) - Started o.e.j.s.ServletContextHandler@4806be12{static,/static,jar:file:/home/runner/.m2/repository/org/apache/ozone/hdds-container-service/1.2.0-SNAPSHOT/hdds-container-service-1.2.0-SNAPSHOT.jar!/webapps/static,AVAILABLE}
2021-10-12 06:06:21,978 [pool-696-thread-1] INFO  server.RaftServerConfigKeys (ConfUtils.java:logGet(44)) - raft.server.log.write.buffer.size = 1048576 (custom)
2021-10-12 06:06:21,979 [pool-696-thread-1] INFO  server.RaftServerConfigKeys (ConfUtils.java:logGet(44)) - raft.server.log.statemachine.data.caching.enabled = true (custom)
2021-10-12 06:06:21,979 [pool-696-thread-1] INFO  server.RaftServer$Division (ServerState.java:setRaftConf(387)) - f6edce37-208d-40f1-ab7e-323414b00593@group-D75B06A36D76: set configuration 0: [69929a81-75b5-4e59-a9cb-c7e6f0fb6fd6|rpc:10.1.0.59:40555|dataStream:|priority:0, a928fc34-d4b3-4f47-b859-83818f25ed6e|rpc:10.1.0.59:35709|dataStream:|priority:0, f6edce37-208d-40f1-ab7e-323414b00593|rpc:10.1.0.59:35829|dataStream:|priority:1], old=null
2021-10-12 06:06:21,979 [pool-696-thread-1] INFO  segmented.LogSegment (LogSegment.java:loadSegment(173)) - Successfully read 1 entries from segment file /home/runner/work/ozone/ozone/hadoop-ozone/integration-test/target/test-dir/MiniOzoneClusterImpl-c6dc50ab-6fac-4554-b78d-9440f3e38bfb/datanode-1/data/ratis/9543044a-5f3d-4b0d-98d7-d75b06a36d76/current/log_inprogress_0
2021-10-12 06:06:21,979 [pool-696-thread-1] INFO  segmented.SegmentedRaftLogWorker (SegmentedRaftLogWorker.java:lambda$new$0(133)) - f6edce37-208d-40f1-ab7e-323414b00593@group-D75B06A36D76-SegmentedRaftLogWorker: flushIndex: setUnconditionally 0 -> 0
2021-10-12 06:06:21,979 [pool-696-thread-1] INFO  segmented.SegmentedRaftLogWorker (SegmentedRaftLogWorker.java:lambda$new$0(133)) - f6edce37-208d-40f1-ab7e-323414b00593@group-D75B06A36D76-SegmentedRaftLogWorker: safeCacheEvictIndex: setUnconditionally 0 -> -1
2021-10-12 06:06:21,997 [pool-696-thread-1] INFO  server.RaftServerConfigKeys (ConfUtils.java:logGet(44)) - raft.server.snapshot.auto.trigger.enabled = true (custom)
2021-10-12 06:06:21,997 [pool-696-thread-1] INFO  server.RaftServerConfigKeys (ConfUtils.java:logGet(44)) - raft.server.snapshot.auto.trigger.threshold = 10000 (custom)
2021-10-12 06:06:21,997 [pool-696-thread-1] INFO  server.RaftServerConfigKeys (ConfUtils.java:logGet(44)) - raft.server.snapshot.retention.file.num = 5 (custom)
2021-10-12 06:06:21,997 [pool-696-thread-1] INFO  server.RaftServerConfigKeys (ConfUtils.java:logGet(44)) - raft.server.log.purge.upto.snapshot.index = false (default)
2021-10-12 06:06:21,997 [pool-696-thread-1] INFO  server.RaftServerConfigKeys (ConfUtils.java:logGet(44)) - raft.server.retrycache.expirytime = 600000ms (custom)
2021-10-12 06:06:21,997 [pool-696-thread-1] INFO  server.RaftServerConfigKeys (ConfUtils.java:logGet(44)) - raft.server.retrycache.statistics.expirytime = 100μs (default)
2021-10-12 06:06:22,002 [pool-696-thread-1] INFO  server.RaftServer$Division (RaftServerImpl.java:<init>(181)) - f6edce37-208d-40f1-ab7e-323414b00593: new RaftServerImpl for group-C2DAA97EBB05:[] with ContainerStateMachine:uninitialized
2021-10-12 06:06:22,002 [pool-696-thread-1] INFO  server.RaftServerConfigKeys (ConfUtils.java:logGet(44)) - raft.server.rpc.timeout.min = 5s (custom)
2021-10-12 06:06:22,002 [pool-696-thread-1] INFO  server.RaftServerConfigKeys (ConfUtils.java:logGet(44)) - raft.server.rpc.timeout.max = 5200ms (custom)
2021-10-12 06:06:22,002 [pool-696-thread-1] INFO  server.RaftServerConfigKeys (ConfUtils.java:logGet(44)) - raft.server.rpc.sleep.time = 25ms (default)
2021-10-12 06:06:22,002 [pool-696-thread-1] INFO  server.RaftServerConfigKeys (ConfUtils.java:logGet(44)) - raft.server.rpc.slowness.timeout = 300000ms (custom)
2021-10-12 06:06:22,003 [pool-696-thread-1] INFO  server.RaftServerConfigKeys (ConfUtils.java:logGet(44)) - raft.server.leaderelection.leader.step-down.wait-time = 10s (default)
2021-10-12 06:06:22,003 [pool-696-thread-1] INFO  server.RaftServerConfigKeys (ConfUtils.java:logGet(44)) - raft.server.sleep.deviation.threshold = 300ms (default)
2021-10-12 06:06:22,003 [pool-696-thread-1] INFO  server.RaftServerConfigKeys (ConfUtils.java:logGet(44)) - raft.server.log.appender.install.snapshot.enabled = false (custom)
2021-10-12 06:06:22,003 [pool-696-thread-1] INFO  server.RaftServer$Division (ServerState.java:<init>(105)) - f6edce37-208d-40f1-ab7e-323414b00593@group-C2DAA97EBB05: ConfigurationManager, init=-1: [], old=null, confs=<EMPTY_MAP>
2021-10-12 06:06:22,003 [pool-696-thread-1] INFO  server.RaftServerConfigKeys (ConfUtils.java:logGet(44)) - raft.server.storage.dir = [/home/runner/work/ozone/ozone/hadoop-ozone/integration-test/target/test-dir/MiniOzoneClusterImpl-c6dc50ab-6fac-4554-b78d-9440f3e38bfb/datanode-1/data/ratis] (custom)
2021-10-12 06:06:22,003 [pool-696-thread-1] INFO  server.RaftServerConfigKeys (ConfUtils.java:logGet(44)) - raft.server.log.corruption.policy = EXCEPTION (default)
2021-10-12 06:06:22,003 [pool-696-thread-1] INFO  server.RaftServerConfigKeys (ConfUtils.java:logGet(44)) - raft.server.storage.free-space.min = 0MB (=0) (default)
2021-10-12 06:06:22,005 [pool-696-thread-1] INFO  storage.RaftStorageDirectory (RaftStorageDirectoryImpl.java:tryLock(230)) - Lock on /home/runner/work/ozone/ozone/hadoop-ozone/integration-test/target/test-dir/MiniOzoneClusterImpl-c6dc50ab-6fac-4554-b78d-9440f3e38bfb/datanode-1/data/ratis/7390dcda-dbd8-4381-851a-c2daa97ebb05/in_use.lock acquired by nodename 8742@fv-az297-361
2021-10-12 06:06:22,006 [pool-696-thread-1] INFO  storage.RaftStorage (RaftStorageImpl.java:analyzeAndRecoverStorage(110)) - Read RaftStorageMetadata{term=2, votedFor=} from /home/runner/work/ozone/ozone/hadoop-ozone/integration-test/target/test-dir/MiniOzoneClusterImpl-c6dc50ab-6fac-4554-b78d-9440f3e38bfb/datanode-1/data/ratis/7390dcda-dbd8-4381-851a-c2daa97ebb05/current/raft-meta
2021-10-12 06:06:22,006 [pool-696-thread-1] INFO  ratis.ContainerStateMachine (ContainerStateMachine.java:loadSnapshot(224)) - group-C2DAA97EBB05: The snapshot info is null. Setting the last applied indexto:(t:0, i:~)
2021-10-12 06:06:22,007 [pool-696-thread-1] INFO  server.RaftServerConfigKeys (ConfUtils.java:logGet(44)) - raft.server.notification.no-leader.timeout = 300000ms (custom)
2021-10-12 06:06:22,013 [pool-696-thread-1] INFO  server.RaftServerConfigKeys (ConfUtils.java:logGet(44)) - raft.server.log.use.memory = false (default)
2021-10-12 06:06:22,013 [pool-696-thread-1] INFO  server.RaftServerConfigKeys (ConfUtils.java:logGet(44)) - raft.server.log.purge.gap = 1000000 (custom)
2021-10-12 06:06:22,013 [pool-696-thread-1] INFO  server.RaftServerConfigKeys (ConfUtils.java:logGet(44)) - raft.server.log.appender.buffer.byte-limit = 33554432 (custom)
2021-10-12 06:06:22,013 [pool-696-thread-1] INFO  server.RaftServerConfigKeys (ConfUtils.java:logGet(44)) - raft.server.log.segment.size.max = 1048576 (custom)
2021-10-12 06:06:22,013 [pool-696-thread-1] INFO  server.RaftServerConfigKeys (ConfUtils.java:logGet(44)) - raft.server.log.segment.cache.num.max = 2 (custom)
2021-10-12 06:06:22,014 [pool-696-thread-1] INFO  server.RaftServerConfigKeys (ConfUtils.java:logGet(44)) - raft.server.log.segment.cache.size.max = 200MB (=209715200) (default)
2021-10-12 06:06:22,014 [pool-696-thread-1] INFO  segmented.SegmentedRaftLogWorker (SegmentedRaftLogWorker.java:<init>(182)) - new f6edce37-208d-40f1-ab7e-323414b00593@group-C2DAA97EBB05-SegmentedRaftLogWorker for RaftStorageImpl:Storage Directory /home/runner/work/ozone/ozone/hadoop-ozone/integration-test/target/test-dir/MiniOzoneClusterImpl-c6dc50ab-6fac-4554-b78d-9440f3e38bfb/datanode-1/data/ratis/7390dcda-dbd8-4381-851a-c2daa97ebb05
2021-10-12 06:06:22,014 [pool-696-thread-1] INFO  server.RaftServerConfigKeys (ConfUtils.java:logGet(44)) - raft.server.log.queue.byte-limit = 2147483647 (custom)
2021-10-12 06:06:22,025 [pool-696-thread-1] INFO  server.RaftServerConfigKeys (ConfUtils.java:logGet(44)) - raft.server.log.queue.element-limit = 1024 (custom)
2021-10-12 06:06:22,025 [pool-696-thread-1] INFO  server.RaftServerConfigKeys (ConfUtils.java:logGet(44)) - raft.server.log.segment.size.max = 1048576 (custom)
2021-10-12 06:06:22,026 [pool-696-thread-1] INFO  server.RaftServerConfigKeys (ConfUtils.java:logGet(44)) - raft.server.log.preallocated.size = 16384 (custom)
2021-10-12 06:06:22,026 [pool-696-thread-1] INFO  server.RaftServerConfigKeys (ConfUtils.java:logGet(44)) - raft.server.log.force.sync.num = 128 (default)
2021-10-12 06:06:22,026 [pool-696-thread-1] INFO  server.RaftServerConfigKeys (ConfUtils.java:logGet(44)) - raft.server.log.statemachine.data.sync = true (default)
2021-10-12 06:06:22,026 [pool-696-thread-1] INFO  server.RaftServerConfigKeys (ConfUtils.java:logGet(44)) - raft.server.log.statemachine.data.sync.timeout = 10s (default)
2021-10-12 06:06:22,026 [pool-696-thread-1] INFO  server.RaftServerConfigKeys (ConfUtils.java:logGet(44)) - raft.server.log.statemachine.data.sync.timeout.retry = -1 (default)
2021-10-12 06:06:22,027 [pool-696-thread-1] INFO  server.RaftServerConfigKeys (ConfUtils.java:logGet(44)) - raft.server.log.write.buffer.size = 1048576 (custom)
2021-10-12 06:06:22,048 [pool-696-thread-1] INFO  server.RaftServerConfigKeys (ConfUtils.java:logGet(44)) - raft.server.log.statemachine.data.caching.enabled = true (custom)
2021-10-12 06:06:22,048 [pool-696-thread-1] INFO  server.RaftServer$Division (ServerState.java:setRaftConf(387)) - f6edce37-208d-40f1-ab7e-323414b00593@group-C2DAA97EBB05: set configuration 0: [69929a81-75b5-4e59-a9cb-c7e6f0fb6fd6|rpc:10.1.0.59:40555|dataStream:|priority:1, a928fc34-d4b3-4f47-b859-83818f25ed6e|rpc:10.1.0.59:35709|dataStream:|priority:0, f6edce37-208d-40f1-ab7e-323414b00593|rpc:10.1.0.59:35829|dataStream:|priority:0], old=null
2021-10-12 06:06:22,050 [pool-696-thread-1] INFO  segmented.LogSegment (LogSegment.java:loadSegment(173)) - Successfully read 1 entries from segment file /home/runner/work/ozone/ozone/hadoop-ozone/integration-test/target/test-dir/MiniOzoneClusterImpl-c6dc50ab-6fac-4554-b78d-9440f3e38bfb/datanode-1/data/ratis/7390dcda-dbd8-4381-851a-c2daa97ebb05/current/log_inprogress_0
2021-10-12 06:06:22,051 [pool-696-thread-1] INFO  segmented.SegmentedRaftLogWorker (SegmentedRaftLogWorker.java:lambda$new$0(133)) - f6edce37-208d-40f1-ab7e-323414b00593@group-C2DAA97EBB05-SegmentedRaftLogWorker: flushIndex: setUnconditionally 0 -> 0
2021-10-12 06:06:22,051 [pool-696-thread-1] INFO  segmented.SegmentedRaftLogWorker (SegmentedRaftLogWorker.java:lambda$new$0(133)) - f6edce37-208d-40f1-ab7e-323414b00593@group-C2DAA97EBB05-SegmentedRaftLogWorker: safeCacheEvictIndex: setUnconditionally 0 -> -1
2021-10-12 06:06:22,064 [pool-696-thread-1] INFO  server.RaftServerConfigKeys (ConfUtils.java:logGet(44)) - raft.server.snapshot.auto.trigger.enabled = true (custom)
2021-10-12 06:06:22,064 [pool-696-thread-1] INFO  server.RaftServerConfigKeys (ConfUtils.java:logGet(44)) - raft.server.snapshot.auto.trigger.threshold = 10000 (custom)
2021-10-12 06:06:22,064 [pool-696-thread-1] INFO  server.RaftServerConfigKeys (ConfUtils.java:logGet(44)) - raft.server.snapshot.retention.file.num = 5 (custom)
2021-10-12 06:06:22,064 [pool-696-thread-1] INFO  server.RaftServerConfigKeys (ConfUtils.java:logGet(44)) - raft.server.log.purge.upto.snapshot.index = false (default)
2021-10-12 06:06:22,064 [pool-696-thread-1] INFO  server.RaftServerConfigKeys (ConfUtils.java:logGet(44)) - raft.server.retrycache.expirytime = 600000ms (custom)
2021-10-12 06:06:22,064 [pool-696-thread-1] INFO  server.RaftServerConfigKeys (ConfUtils.java:logGet(44)) - raft.server.retrycache.statistics.expirytime = 100μs (default)
2021-10-12 06:06:22,066 [pool-696-thread-1] INFO  server.RaftServer$Division (RaftServerImpl.java:<init>(181)) - f6edce37-208d-40f1-ab7e-323414b00593: new RaftServerImpl for group-75F6817CE003:[] with ContainerStateMachine:uninitialized
2021-10-12 06:06:22,066 [pool-696-thread-1] INFO  server.RaftServerConfigKeys (ConfUtils.java:logGet(44)) - raft.server.rpc.timeout.min = 5s (custom)
2021-10-12 06:06:22,066 [pool-696-thread-1] INFO  server.RaftServerConfigKeys (ConfUtils.java:logGet(44)) - raft.server.rpc.timeout.max = 5200ms (custom)
2021-10-12 06:06:22,066 [pool-696-thread-1] INFO  server.RaftServerConfigKeys (ConfUtils.java:logGet(44)) - raft.server.rpc.sleep.time = 25ms (default)
2021-10-12 06:06:22,066 [pool-696-thread-1] INFO  server.RaftServerConfigKeys (ConfUtils.java:logGet(44)) - raft.server.rpc.slowness.timeout = 300000ms (custom)
2021-10-12 06:06:22,066 [pool-696-thread-1] INFO  server.RaftServerConfigKeys (ConfUtils.java:logGet(44)) - raft.server.leaderelection.leader.step-down.wait-time = 10s (default)
2021-10-12 06:06:22,066 [pool-696-thread-1] INFO  server.RaftServerConfigKeys (ConfUtils.java:logGet(44)) - raft.server.sleep.deviation.threshold = 300ms (default)
2021-10-12 06:06:22,066 [pool-696-thread-1] INFO  server.RaftServerConfigKeys (ConfUtils.java:logGet(44)) - raft.server.log.appender.install.snapshot.enabled = false (custom)
2021-10-12 06:06:22,067 [pool-696-thread-1] INFO  server.RaftServer$Division (ServerState.java:<init>(105)) - f6edce37-208d-40f1-ab7e-323414b00593@group-75F6817CE003: ConfigurationManager, init=-1: [], old=null, confs=<EMPTY_MAP>
2021-10-12 06:06:22,067 [pool-696-thread-1] INFO  server.RaftServerConfigKeys (ConfUtils.java:logGet(44)) - raft.server.storage.dir = [/home/runner/work/ozone/ozone/hadoop-ozone/integration-test/target/test-dir/MiniOzoneClusterImpl-c6dc50ab-6fac-4554-b78d-9440f3e38bfb/datanode-1/data/ratis] (custom)
2021-10-12 06:06:22,067 [pool-696-thread-1] INFO  server.RaftServerConfigKeys (ConfUtils.java:logGet(44)) - raft.server.log.corruption.policy = EXCEPTION (default)
2021-10-12 06:06:22,067 [pool-696-thread-1] INFO  server.RaftServerConfigKeys (ConfUtils.java:logGet(44)) - raft.server.storage.free-space.min = 0MB (=0) (default)
2021-10-12 06:06:22,067 [pool-696-thread-1] INFO  storage.RaftStorageDirectory (RaftStorageDirectoryImpl.java:tryLock(230)) - Lock on /home/runner/work/ozone/ozone/hadoop-ozone/integration-test/target/test-dir/MiniOzoneClusterImpl-c6dc50ab-6fac-4554-b78d-9440f3e38bfb/datanode-1/data/ratis/16439a66-d4b8-45be-a9c3-75f6817ce003/in_use.lock acquired by nodename 8742@fv-az297-361
2021-10-12 06:06:22,068 [pool-696-thread-1] INFO  storage.RaftStorage (RaftStorageImpl.java:analyzeAndRecoverStorage(110)) - Read RaftStorageMetadata{term=1, votedFor=f6edce37-208d-40f1-ab7e-323414b00593} from /home/runner/work/ozone/ozone/hadoop-ozone/integration-test/target/test-dir/MiniOzoneClusterImpl-c6dc50ab-6fac-4554-b78d-9440f3e38bfb/datanode-1/data/ratis/16439a66-d4b8-45be-a9c3-75f6817ce003/current/raft-meta
2021-10-12 06:06:22,068 [pool-696-thread-1] INFO  ratis.ContainerStateMachine (ContainerStateMachine.java:loadSnapshot(233)) - group-75F6817CE003: Setting the last applied index to (t:1, i:11)
2021-10-12 06:06:22,068 [pool-696-thread-1] INFO  server.RaftServer$Division (ServerState.java:setRaftConf(387)) - f6edce37-208d-40f1-ab7e-323414b00593@group-75F6817CE003: set configuration 0: [f6edce37-208d-40f1-ab7e-323414b00593|rpc:10.1.0.59:35829|dataStream:|priority:1], old=null
2021-10-12 06:06:22,068 [pool-696-thread-1] INFO  server.RaftServerConfigKeys (ConfUtils.java:logGet(44)) - raft.server.notification.no-leader.timeout = 300000ms (custom)
2021-10-12 06:06:22,068 [pool-696-thread-1] INFO  server.RaftServerConfigKeys (ConfUtils.java:logGet(44)) - raft.server.log.use.memory = false (default)
2021-10-12 06:06:22,068 [pool-696-thread-1] INFO  server.RaftServerConfigKeys (ConfUtils.java:logGet(44)) - raft.server.log.purge.gap = 1000000 (custom)
2021-10-12 06:06:22,068 [pool-696-thread-1] INFO  server.RaftServerConfigKeys (ConfUtils.java:logGet(44)) - raft.server.log.appender.buffer.byte-limit = 33554432 (custom)
2021-10-12 06:06:22,069 [pool-696-thread-1] INFO  server.RaftServerConfigKeys (ConfUtils.java:logGet(44)) - raft.server.log.segment.size.max = 1048576 (custom)
2021-10-12 06:06:22,073 [pool-696-thread-1] INFO  server.RaftServerConfigKeys (ConfUtils.java:logGet(44)) - raft.server.log.segment.cache.num.max = 2 (custom)
2021-10-12 06:06:22,073 [pool-696-thread-1] INFO  server.RaftServerConfigKeys (ConfUtils.java:logGet(44)) - raft.server.log.segment.cache.size.max = 200MB (=209715200) (default)
2021-10-12 06:06:22,073 [pool-696-thread-1] INFO  segmented.SegmentedRaftLogWorker (SegmentedRaftLogWorker.java:<init>(182)) - new f6edce37-208d-40f1-ab7e-323414b00593@group-75F6817CE003-SegmentedRaftLogWorker for RaftStorageImpl:Storage Directory /home/runner/work/ozone/ozone/hadoop-ozone/integration-test/target/test-dir/MiniOzoneClusterImpl-c6dc50ab-6fac-4554-b78d-9440f3e38bfb/datanode-1/data/ratis/16439a66-d4b8-45be-a9c3-75f6817ce003
2021-10-12 06:06:22,073 [pool-696-thread-1] INFO  server.RaftServerConfigKeys (ConfUtils.java:logGet(44)) - raft.server.log.queue.byte-limit = 2147483647 (custom)
2021-10-12 06:06:22,073 [pool-696-thread-1] INFO  server.RaftServerConfigKeys (ConfUtils.java:logGet(44)) - raft.server.log.queue.element-limit = 1024 (custom)
2021-10-12 06:06:22,073 [pool-696-thread-1] INFO  server.RaftServerConfigKeys (ConfUtils.java:logGet(44)) - raft.server.log.segment.size.max = 1048576 (custom)
2021-10-12 06:06:22,073 [pool-696-thread-1] INFO  server.RaftServerConfigKeys (ConfUtils.java:logGet(44)) - raft.server.log.preallocated.size = 16384 (custom)
2021-10-12 06:06:22,073 [pool-696-thread-1] INFO  server.RaftServerConfigKeys (ConfUtils.java:logGet(44)) - raft.server.log.force.sync.num = 128 (default)
2021-10-12 06:06:22,073 [pool-696-thread-1] INFO  server.RaftServerConfigKeys (ConfUtils.java:logGet(44)) - raft.server.log.statemachine.data.sync = true (default)
2021-10-12 06:06:22,073 [pool-696-thread-1] INFO  server.RaftServerConfigKeys (ConfUtils.java:logGet(44)) - raft.server.log.statemachine.data.sync.timeout = 10s (default)
2021-10-12 06:06:22,073 [pool-696-thread-1] INFO  server.RaftServerConfigKeys (ConfUtils.java:logGet(44)) - raft.server.log.statemachine.data.sync.timeout.retry = -1 (default)
2021-10-12 06:06:22,074 [pool-696-thread-1] INFO  server.RaftServerConfigKeys (ConfUtils.java:logGet(44)) - raft.server.log.write.buffer.size = 1048576 (custom)
2021-10-12 06:06:22,078 [pool-696-thread-1] INFO  server.RaftServerConfigKeys (ConfUtils.java:logGet(44)) - raft.server.log.statemachine.data.caching.enabled = true (custom)
2021-10-12 06:06:22,080 [pool-696-thread-1] INFO  server.RaftServer$Division (ServerState.java:setRaftConf(387)) - f6edce37-208d-40f1-ab7e-323414b00593@group-75F6817CE003: set configuration 0: [f6edce37-208d-40f1-ab7e-323414b00593|rpc:10.1.0.59:35829|dataStream:|priority:1], old=null
2021-10-12 06:06:22,080 [pool-696-thread-1] INFO  segmented.LogSegment (LogSegment.java:loadSegment(173)) - Successfully read 12 entries from segment file /home/runner/work/ozone/ozone/hadoop-ozone/integration-test/target/test-dir/MiniOzoneClusterImpl-c6dc50ab-6fac-4554-b78d-9440f3e38bfb/datanode-1/data/ratis/16439a66-d4b8-45be-a9c3-75f6817ce003/current/log_inprogress_0
2021-10-12 06:06:22,080 [pool-696-thread-1] INFO  segmented.SegmentedRaftLogWorker (SegmentedRaftLogWorker.java:lambda$new$0(133)) - f6edce37-208d-40f1-ab7e-323414b00593@group-75F6817CE003-SegmentedRaftLogWorker: flushIndex: setUnconditionally 0 -> 11
2021-10-12 06:06:22,080 [pool-696-thread-1] INFO  segmented.SegmentedRaftLogWorker (SegmentedRaftLogWorker.java:lambda$new$0(133)) - f6edce37-208d-40f1-ab7e-323414b00593@group-75F6817CE003-SegmentedRaftLogWorker: safeCacheEvictIndex: setUnconditionally 0 -> -1
2021-10-12 06:06:22,081 [pool-696-thread-1] INFO  raftlog.RaftLog (RaftLogBase.java:lambda$new$0(53)) - f6edce37-208d-40f1-ab7e-323414b00593@group-75F6817CE003-SegmentedRaftLog: commitIndex: updateToMax old=11, new=9, updated? false
2021-10-12 06:06:22,081 [pool-696-thread-1] INFO  server.RaftServerConfigKeys (ConfUtils.java:logGet(44)) - raft.server.snapshot.auto.trigger.enabled = true (custom)
2021-10-12 06:06:22,081 [pool-696-thread-1] INFO  server.RaftServerConfigKeys (ConfUtils.java:logGet(44)) - raft.server.snapshot.auto.trigger.threshold = 10000 (custom)
2021-10-12 06:06:22,081 [pool-696-thread-1] INFO  server.RaftServerConfigKeys (ConfUtils.java:logGet(44)) - raft.server.snapshot.retention.file.num = 5 (custom)
2021-10-12 06:06:22,081 [pool-696-thread-1] INFO  server.RaftServerConfigKeys (ConfUtils.java:logGet(44)) - raft.server.log.purge.upto.snapshot.index = false (default)
2021-10-12 06:06:22,081 [pool-696-thread-1] INFO  server.RaftServerConfigKeys (ConfUtils.java:logGet(44)) - raft.server.retrycache.expirytime = 600000ms (custom)
2021-10-12 06:06:22,081 [pool-696-thread-1] INFO  server.RaftServerConfigKeys (ConfUtils.java:logGet(44)) - raft.server.retrycache.statistics.expirytime = 100μs (default)
2021-10-12 06:06:22,083 [pool-696-thread-1] INFO  server.RaftServer$Division (RaftServerImpl.java:<init>(181)) - f6edce37-208d-40f1-ab7e-323414b00593: new RaftServerImpl for group-AB0AE3F98C36:[] with ContainerStateMachine:uninitialized
2021-10-12 06:06:22,083 [pool-696-thread-1] INFO  server.RaftServerConfigKeys (ConfUtils.java:logGet(44)) - raft.server.rpc.timeout.min = 5s (custom)
2021-10-12 06:06:22,083 [pool-696-thread-1] INFO  server.RaftServerConfigKeys (ConfUtils.java:logGet(44)) - raft.server.rpc.timeout.max = 5200ms (custom)
2021-10-12 06:06:22,083 [pool-696-thread-1] INFO  server.RaftServerConfigKeys (ConfUtils.java:logGet(44)) - raft.server.rpc.sleep.time = 25ms (default)
2021-10-12 06:06:22,083 [pool-696-thread-1] INFO  server.RaftServerConfigKeys (ConfUtils.java:logGet(44)) - raft.server.rpc.slowness.timeout = 300000ms (custom)
2021-10-12 06:06:22,083 [pool-696-thread-1] INFO  server.RaftServerConfigKeys (ConfUtils.java:logGet(44)) - raft.server.leaderelection.leader.step-down.wait-time = 10s (default)
2021-10-12 06:06:22,084 [pool-696-thread-1] INFO  server.RaftServerConfigKeys (ConfUtils.java:logGet(44)) - raft.server.sleep.deviation.threshold = 300ms (default)
2021-10-12 06:06:22,084 [pool-696-thread-1] INFO  server.RaftServerConfigKeys (ConfUtils.java:logGet(44)) - raft.server.log.appender.install.snapshot.enabled = false (custom)
2021-10-12 06:06:22,084 [pool-696-thread-1] INFO  server.RaftServer$Division (ServerState.java:<init>(105)) - f6edce37-208d-40f1-ab7e-323414b00593@group-AB0AE3F98C36: ConfigurationManager, init=-1: [], old=null, confs=<EMPTY_MAP>
2021-10-12 06:06:22,084 [pool-696-thread-1] INFO  server.RaftServerConfigKeys (ConfUtils.java:logGet(44)) - raft.server.storage.dir = [/home/runner/work/ozone/ozone/hadoop-ozone/integration-test/target/test-dir/MiniOzoneClusterImpl-c6dc50ab-6fac-4554-b78d-9440f3e38bfb/datanode-1/data/ratis] (custom)
2021-10-12 06:06:22,084 [pool-696-thread-1] INFO  server.RaftServerConfigKeys (ConfUtils.java:logGet(44)) - raft.server.log.corruption.policy = EXCEPTION (default)
2021-10-12 06:06:22,084 [pool-696-thread-1] INFO  server.RaftServerConfigKeys (ConfUtils.java:logGet(44)) - raft.server.storage.free-space.min = 0MB (=0) (default)
2021-10-12 06:06:22,086 [pool-696-thread-1] INFO  storage.RaftStorageDirectory (RaftStorageDirectoryImpl.java:tryLock(230)) - Lock on /home/runner/work/ozone/ozone/hadoop-ozone/integration-test/target/test-dir/MiniOzoneClusterImpl-c6dc50ab-6fac-4554-b78d-9440f3e38bfb/datanode-1/data/ratis/24fc6951-c623-41b7-8dc3-ab0ae3f98c36/in_use.lock acquired by nodename 8742@fv-az297-361
2021-10-12 06:06:22,086 [pool-696-thread-1] INFO  storage.RaftStorage (RaftStorageImpl.java:analyzeAndRecoverStorage(110)) - Read RaftStorageMetadata{term=2, votedFor=69929a81-75b5-4e59-a9cb-c7e6f0fb6fd6} from /home/runner/work/ozone/ozone/hadoop-ozone/integration-test/target/test-dir/MiniOzoneClusterImpl-c6dc50ab-6fac-4554-b78d-9440f3e38bfb/datanode-1/data/ratis/24fc6951-c623-41b7-8dc3-ab0ae3f98c36/current/raft-meta
2021-10-12 06:06:22,087 [pool-696-thread-1] INFO  ratis.ContainerStateMachine (ContainerStateMachine.java:loadSnapshot(224)) - group-AB0AE3F98C36: The snapshot info is null. Setting the last applied indexto:(t:0, i:~)
2021-10-12 06:06:22,087 [pool-696-thread-1] INFO  server.RaftServerConfigKeys (ConfUtils.java:logGet(44)) - raft.server.notification.no-leader.timeout = 300000ms (custom)
2021-10-12 06:06:22,087 [pool-696-thread-1] INFO  server.RaftServerConfigKeys (ConfUtils.java:logGet(44)) - raft.server.log.use.memory = false (default)
2021-10-12 06:06:22,087 [pool-696-thread-1] INFO  server.RaftServerConfigKeys (ConfUtils.java:logGet(44)) - raft.server.log.purge.gap = 1000000 (custom)
2021-10-12 06:06:22,087 [pool-696-thread-1] INFO  server.RaftServerConfigKeys (ConfUtils.java:logGet(44)) - raft.server.log.appender.buffer.byte-limit = 33554432 (custom)
2021-10-12 06:06:22,087 [pool-696-thread-1] INFO  server.RaftServerConfigKeys (ConfUtils.java:logGet(44)) - raft.server.log.segment.size.max = 1048576 (custom)
2021-10-12 06:06:22,087 [pool-696-thread-1] INFO  server.RaftServerConfigKeys (ConfUtils.java:logGet(44)) - raft.server.log.segment.cache.num.max = 2 (custom)
2021-10-12 06:06:22,087 [pool-696-thread-1] INFO  server.RaftServerConfigKeys (ConfUtils.java:logGet(44)) - raft.server.log.segment.cache.size.max = 200MB (=209715200) (default)
2021-10-12 06:06:22,088 [pool-696-thread-1] INFO  segmented.SegmentedRaftLogWorker (SegmentedRaftLogWorker.java:<init>(182)) - new f6edce37-208d-40f1-ab7e-323414b00593@group-AB0AE3F98C36-SegmentedRaftLogWorker for RaftStorageImpl:Storage Directory /home/runner/work/ozone/ozone/hadoop-ozone/integration-test/target/test-dir/MiniOzoneClusterImpl-c6dc50ab-6fac-4554-b78d-9440f3e38bfb/datanode-1/data/ratis/24fc6951-c623-41b7-8dc3-ab0ae3f98c36
2021-10-12 06:06:22,088 [pool-696-thread-1] INFO  server.RaftServerConfigKeys (ConfUtils.java:logGet(44)) - raft.server.log.queue.byte-limit = 2147483647 (custom)
2021-10-12 06:06:22,088 [pool-696-thread-1] INFO  server.RaftServerConfigKeys (ConfUtils.java:logGet(44)) - raft.server.log.queue.element-limit = 1024 (custom)
2021-10-12 06:06:22,088 [pool-696-thread-1] INFO  server.RaftServerConfigKeys (ConfUtils.java:logGet(44)) - raft.server.log.segment.size.max = 1048576 (custom)
2021-10-12 06:06:22,088 [pool-696-thread-1] INFO  server.RaftServerConfigKeys (ConfUtils.java:logGet(44)) - raft.server.log.preallocated.size = 16384 (custom)
2021-10-12 06:06:22,088 [pool-696-thread-1] INFO  server.RaftServerConfigKeys (ConfUtils.java:logGet(44)) - raft.server.log.force.sync.num = 128 (default)
2021-10-12 06:06:22,088 [pool-696-thread-1] INFO  server.RaftServerConfigKeys (ConfUtils.java:logGet(44)) - raft.server.log.statemachine.data.sync = true (default)
2021-10-12 06:06:22,088 [pool-696-thread-1] INFO  server.RaftServerConfigKeys (ConfUtils.java:logGet(44)) - raft.server.log.statemachine.data.sync.timeout = 10s (default)
2021-10-12 06:06:22,090 [pool-696-thread-1] INFO  server.RaftServerConfigKeys (ConfUtils.java:logGet(44)) - raft.server.log.statemachine.data.sync.timeout.retry = -1 (default)
2021-10-12 06:06:22,091 [pool-696-thread-1] INFO  server.RaftServerConfigKeys (ConfUtils.java:logGet(44)) - raft.server.log.write.buffer.size = 1048576 (custom)
2021-10-12 06:06:22,093 [pool-696-thread-1] INFO  server.RaftServerConfigKeys (ConfUtils.java:logGet(44)) - raft.server.log.statemachine.data.caching.enabled = true (custom)
2021-10-12 06:06:22,093 [pool-696-thread-1] INFO  segmented.SegmentedRaftLogWorker (SegmentedRaftLogWorker.java:lambda$new$0(133)) - f6edce37-208d-40f1-ab7e-323414b00593@group-AB0AE3F98C36-SegmentedRaftLogWorker: flushIndex: setUnconditionally 0 -> -1
2021-10-12 06:06:22,098 [pool-696-thread-1] INFO  segmented.SegmentedRaftLogWorker (SegmentedRaftLogWorker.java:lambda$new$0(133)) - f6edce37-208d-40f1-ab7e-323414b00593@group-AB0AE3F98C36-SegmentedRaftLogWorker: safeCacheEvictIndex: setUnconditionally 0 -> -1
2021-10-12 06:06:22,107 [pool-696-thread-1] INFO  server.RaftServerConfigKeys (ConfUtils.java:logGet(44)) - raft.server.snapshot.auto.trigger.enabled = true (custom)
2021-10-12 06:06:22,107 [pool-696-thread-1] INFO  server.RaftServerConfigKeys (ConfUtils.java:logGet(44)) - raft.server.snapshot.auto.trigger.threshold = 10000 (custom)
2021-10-12 06:06:22,107 [pool-696-thread-1] INFO  server.RaftServerConfigKeys (ConfUtils.java:logGet(44)) - raft.server.snapshot.retention.file.num = 5 (custom)
2021-10-12 06:06:22,107 [pool-696-thread-1] INFO  server.RaftServerConfigKeys (ConfUtils.java:logGet(44)) - raft.server.log.purge.upto.snapshot.index = false (default)
2021-10-12 06:06:22,107 [pool-696-thread-1] INFO  server.RaftServerConfigKeys (ConfUtils.java:logGet(44)) - raft.server.retrycache.expirytime = 600000ms (custom)
2021-10-12 06:06:22,107 [pool-696-thread-1] INFO  server.RaftServerConfigKeys (ConfUtils.java:logGet(44)) - raft.server.retrycache.statistics.expirytime = 100μs (default)
2021-10-12 06:06:22,158 [Listener at 127.0.0.1/38829] INFO  handler.ContextHandler (ContextHandler.java:doStart(915)) - Started o.e.j.w.WebAppContext@409d6812{hddsDatanode,/,file:///tmp/jetty-0_0_0_0-34445-hdds-container-service-1_2_0-SNAPSHOT_jar-_-any-5968432365530901632/webapp/,AVAILABLE}{jar:file:/home/runner/.m2/repository/org/apache/ozone/hdds-container-service/1.2.0-SNAPSHOT/hdds-container-service-1.2.0-SNAPSHOT.jar!/webapps/hddsDatanode}
2021-10-12 06:06:22,210 [Listener at 127.0.0.1/38829] INFO  server.AbstractConnector (AbstractConnector.java:doStart(331)) - Started ServerConnector@61908d30{HTTP/1.1, (http/1.1)}{0.0.0.0:34445}
2021-10-12 06:06:22,210 [Listener at 127.0.0.1/38829] INFO  server.Server (Server.java:doStart(415)) - Started @237228ms
2021-10-12 06:06:22,210 [Listener at 127.0.0.1/38829] WARN  impl.MetricsSystemImpl (MetricsSystemImpl.java:register(279)) - Sink prometheus already exists!
2021-10-12 06:06:22,252 [Listener at 127.0.0.1/38829] INFO  http.BaseHttpServer (BaseHttpServer.java:updateConnectorAddress(329)) - HTTP server of hddsDatanode listening at http://0.0.0.0:34445
2021-10-12 06:06:22,276 [Datanode State Machine Thread - 0] INFO  statemachine.DatanodeStateMachine (DatanodeStateMachine.java:lambda$startDaemon$0(463)) - Ozone container server started.
2021-10-12 06:06:22,276 [Listener at 127.0.0.1/38829] INFO  ozone.MiniOzoneClusterImpl (MiniOzoneClusterImpl.java:lambda$waitForClusterToBeReady$0(235)) - Waiting for nodes to be ready. Got 6 of 7 DN Heartbeats.
2021-10-12 06:06:22,276 [Listener at 127.0.0.1/38829] INFO  ozone.MiniOzoneClusterImpl (MiniOzoneClusterImpl.java:lambda$waitForClusterToBeReady$0(238)) - Cluster exits safe mode
2021-10-12 06:06:22,276 [Listener at 127.0.0.1/38829] INFO  ozone.MiniOzoneClusterImpl (MiniOzoneClusterImpl.java:lambda$waitForClusterToBeReady$0(240)) - SCM became leader
2021-10-12 06:06:22,362 [org.apache.hadoop.util.JvmPauseMonitor$Monitor@662155a] INFO  util.JvmPauseMonitor (JvmPauseMonitor.java:run(188)) - Starting JVM pause monitor
2021-10-12 06:06:23,276 [Listener at 127.0.0.1/38829] INFO  ozone.MiniOzoneClusterImpl (MiniOzoneClusterImpl.java:lambda$waitForClusterToBeReady$0(235)) - Waiting for nodes to be ready. Got 6 of 7 DN Heartbeats.
2021-10-12 06:06:23,276 [Listener at 127.0.0.1/38829] INFO  ozone.MiniOzoneClusterImpl (MiniOzoneClusterImpl.java:lambda$waitForClusterToBeReady$0(238)) - Cluster exits safe mode
2021-10-12 06:06:23,276 [Listener at 127.0.0.1/38829] INFO  ozone.MiniOzoneClusterImpl (MiniOzoneClusterImpl.java:lambda$waitForClusterToBeReady$0(240)) - SCM became leader
2021-10-12 06:06:24,282 [Listener at 127.0.0.1/38829] INFO  ozone.MiniOzoneClusterImpl (MiniOzoneClusterImpl.java:lambda$waitForClusterToBeReady$0(235)) - Waiting for nodes to be ready. Got 6 of 7 DN Heartbeats.
2021-10-12 06:06:24,282 [Listener at 127.0.0.1/38829] INFO  ozone.MiniOzoneClusterImpl (MiniOzoneClusterImpl.java:lambda$waitForClusterToBeReady$0(238)) - Cluster exits safe mode
2021-10-12 06:06:24,282 [Listener at 127.0.0.1/38829] INFO  ozone.MiniOzoneClusterImpl (MiniOzoneClusterImpl.java:lambda$waitForClusterToBeReady$0(240)) - SCM became leader
2021-10-12 06:06:24,356 [EndpointStateMachine task thread for /0.0.0.0:41079 - 0 ] INFO  ozoneimpl.OzoneContainer (OzoneContainer.java:start(304)) - Attempting to start container services.
2021-10-12 06:06:24,356 [EndpointStateMachine task thread for /0.0.0.0:41079 - 0 ] INFO  ozoneimpl.OzoneContainer (OzoneContainer.java:startContainerScrub(249)) - Background container scanner has been disabled.
2021-10-12 06:06:24,356 [EndpointStateMachine task thread for /0.0.0.0:41079 - 0 ] INFO  replication.ReplicationServer (ReplicationServer.java:start(107)) - ReplicationServer is started using port 33089
2021-10-12 06:06:24,356 [EndpointStateMachine task thread for /0.0.0.0:41079 - 0 ] INFO  ratis.XceiverServerRatis (XceiverServerRatis.java:start(482)) - Starting XceiverServerRatis f6edce37-208d-40f1-ab7e-323414b00593
2021-10-12 06:06:24,357 [EndpointStateMachine task thread for /0.0.0.0:41079 - 0 ] INFO  server.RaftServer$Division (RaftServerImpl.java:start(296)) - f6edce37-208d-40f1-ab7e-323414b00593@group-75F6817CE003: start as a follower, conf=0: [f6edce37-208d-40f1-ab7e-323414b00593|rpc:10.1.0.59:35829|dataStream:|priority:1], old=null
2021-10-12 06:06:24,357 [EndpointStateMachine task thread for /0.0.0.0:41079 - 0 ] INFO  server.RaftServer$Division (RaftServerImpl.java:setRole(285)) - f6edce37-208d-40f1-ab7e-323414b00593@group-75F6817CE003: changes role from      null to FOLLOWER at term 1 for startAsFollower
2021-10-12 06:06:24,357 [EndpointStateMachine task thread for /0.0.0.0:41079 - 0 ] INFO  impl.RoleInfo (RoleInfo.java:updateAndGet(130)) - f6edce37-208d-40f1-ab7e-323414b00593: start f6edce37-208d-40f1-ab7e-323414b00593@group-75F6817CE003-FollowerState
2021-10-12 06:06:24,358 [ForkJoinPool.commonPool-worker-0] INFO  server.RaftServer$Division (RaftServerImpl.java:start(296)) - f6edce37-208d-40f1-ab7e-323414b00593@group-C2DAA97EBB05: start as a follower, conf=0: [69929a81-75b5-4e59-a9cb-c7e6f0fb6fd6|rpc:10.1.0.59:40555|dataStream:|priority:1, a928fc34-d4b3-4f47-b859-83818f25ed6e|rpc:10.1.0.59:35709|dataStream:|priority:0, f6edce37-208d-40f1-ab7e-323414b00593|rpc:10.1.0.59:35829|dataStream:|priority:0], old=null
2021-10-12 06:06:24,358 [ForkJoinPool.commonPool-worker-0] INFO  server.RaftServer$Division (RaftServerImpl.java:setRole(285)) - f6edce37-208d-40f1-ab7e-323414b00593@group-C2DAA97EBB05: changes role from      null to FOLLOWER at term 2 for startAsFollower
2021-10-12 06:06:24,358 [EndpointStateMachine task thread for /0.0.0.0:41079 - 0 ] INFO  util.JmxRegister (JmxRegister.java:tryRegister(44)) - Successfully registered JMX Bean with object name Ratis:service=RaftServer,group=group-75F6817CE003,id=f6edce37-208d-40f1-ab7e-323414b00593
2021-10-12 06:06:24,362 [EndpointStateMachine task thread for /0.0.0.0:41079 - 0 ] INFO  server.RaftServer$Division (RaftServerImpl.java:start(299)) - f6edce37-208d-40f1-ab7e-323414b00593@group-AB0AE3F98C36: start with initializing state, conf=-1: [], old=null
2021-10-12 06:06:24,362 [EndpointStateMachine task thread for /0.0.0.0:41079 - 0 ] INFO  server.RaftServer$Division (RaftServerImpl.java:setRole(285)) - f6edce37-208d-40f1-ab7e-323414b00593@group-AB0AE3F98C36: changes role from      null to FOLLOWER at term 2 for startInitializing
2021-10-12 06:06:24,362 [EndpointStateMachine task thread for /0.0.0.0:41079 - 0 ] INFO  util.JmxRegister (JmxRegister.java:tryRegister(44)) - Successfully registered JMX Bean with object name Ratis:service=RaftServer,group=group-AB0AE3F98C36,id=f6edce37-208d-40f1-ab7e-323414b00593
2021-10-12 06:06:24,365 [EndpointStateMachine task thread for /0.0.0.0:41079 - 0 ] INFO  server.RaftServer$Division (RaftServerImpl.java:start(296)) - f6edce37-208d-40f1-ab7e-323414b00593@group-D75B06A36D76: start as a follower, conf=0: [69929a81-75b5-4e59-a9cb-c7e6f0fb6fd6|rpc:10.1.0.59:40555|dataStream:|priority:0, a928fc34-d4b3-4f47-b859-83818f25ed6e|rpc:10.1.0.59:35709|dataStream:|priority:0, f6edce37-208d-40f1-ab7e-323414b00593|rpc:10.1.0.59:35829|dataStream:|priority:1], old=null
2021-10-12 06:06:24,365 [EndpointStateMachine task thread for /0.0.0.0:41079 - 0 ] INFO  server.RaftServer$Division (RaftServerImpl.java:setRole(285)) - f6edce37-208d-40f1-ab7e-323414b00593@group-D75B06A36D76: changes role from      null to FOLLOWER at term 1 for startAsFollower
2021-10-12 06:06:24,365 [EndpointStateMachine task thread for /0.0.0.0:41079 - 0 ] INFO  impl.RoleInfo (RoleInfo.java:updateAndGet(130)) - f6edce37-208d-40f1-ab7e-323414b00593: start f6edce37-208d-40f1-ab7e-323414b00593@group-D75B06A36D76-FollowerState
2021-10-12 06:06:24,366 [EndpointStateMachine task thread for /0.0.0.0:41079 - 0 ] INFO  util.JmxRegister (JmxRegister.java:tryRegister(44)) - Successfully registered JMX Bean with object name Ratis:service=RaftServer,group=group-D75B06A36D76,id=f6edce37-208d-40f1-ab7e-323414b00593
2021-10-12 06:06:24,373 [ForkJoinPool.commonPool-worker-0] INFO  impl.RoleInfo (RoleInfo.java:updateAndGet(130)) - f6edce37-208d-40f1-ab7e-323414b00593: start f6edce37-208d-40f1-ab7e-323414b00593@group-C2DAA97EBB05-FollowerState
2021-10-12 06:06:24,374 [ForkJoinPool.commonPool-worker-0] INFO  util.JmxRegister (JmxRegister.java:tryRegister(44)) - Successfully registered JMX Bean with object name Ratis:service=RaftServer,group=group-C2DAA97EBB05,id=f6edce37-208d-40f1-ab7e-323414b00593
2021-10-12 06:06:24,375 [EndpointStateMachine task thread for /0.0.0.0:41079 - 0 ] INFO  server.RaftServer (RaftServerProxy.java:lambda$start$5(374)) - f6edce37-208d-40f1-ab7e-323414b00593: start RPC server
2021-10-12 06:06:24,375 [EndpointStateMachine task thread for /0.0.0.0:41079 - 0 ] INFO  server.GrpcService (GrpcService.java:startImpl(253)) - f6edce37-208d-40f1-ab7e-323414b00593: GrpcService started, listening on 35829
2021-10-12 06:06:24,377 [EndpointStateMachine task thread for /0.0.0.0:41079 - 0 ] INFO  ratis.XceiverServerRatis (XceiverServerRatis.java:getRealPort(503)) - XceiverServerRatis f6edce37-208d-40f1-ab7e-323414b00593 is started using port 35829 for RATIS
2021-10-12 06:06:24,377 [EndpointStateMachine task thread for /0.0.0.0:41079 - 0 ] INFO  ratis.XceiverServerRatis (XceiverServerRatis.java:getRealPort(503)) - XceiverServerRatis f6edce37-208d-40f1-ab7e-323414b00593 is started using port 35829 for RATIS_ADMIN
2021-10-12 06:06:24,377 [EndpointStateMachine task thread for /0.0.0.0:41079 - 0 ] INFO  ratis.XceiverServerRatis (XceiverServerRatis.java:getRealPort(503)) - XceiverServerRatis f6edce37-208d-40f1-ab7e-323414b00593 is started using port 35829 for RATIS_SERVER
2021-10-12 06:06:24,377 [org.apache.ratis.util.JvmPauseMonitor$$Lambda$531/599601214@4956d5f7] INFO  util.JvmPauseMonitor (JvmPauseMonitor.java:run(103)) - JvmPauseMonitor-f6edce37-208d-40f1-ab7e-323414b00593: Started
2021-10-12 06:06:25,283 [Listener at 127.0.0.1/38829] INFO  ozone.MiniOzoneClusterImpl (MiniOzoneClusterImpl.java:lambda$waitForClusterToBeReady$0(235)) - Waiting for nodes to be ready. Got 6 of 7 DN Heartbeats.
2021-10-12 06:06:25,284 [Listener at 127.0.0.1/38829] INFO  ozone.MiniOzoneClusterImpl (MiniOzoneClusterImpl.java:lambda$waitForClusterToBeReady$0(238)) - Cluster exits safe mode
2021-10-12 06:06:25,284 [Listener at 127.0.0.1/38829] INFO  ozone.MiniOzoneClusterImpl (MiniOzoneClusterImpl.java:lambda$waitForClusterToBeReady$0(240)) - SCM became leader
2021-10-12 06:06:26,284 [Listener at 127.0.0.1/38829] INFO  ozone.MiniOzoneClusterImpl (MiniOzoneClusterImpl.java:lambda$waitForClusterToBeReady$0(235)) - Waiting for nodes to be ready. Got 6 of 7 DN Heartbeats.
2021-10-12 06:06:26,284 [Listener at 127.0.0.1/38829] INFO  ozone.MiniOzoneClusterImpl (MiniOzoneClusterImpl.java:lambda$waitForClusterToBeReady$0(238)) - Cluster exits safe mode
2021-10-12 06:06:26,284 [Listener at 127.0.0.1/38829] INFO  ozone.MiniOzoneClusterImpl (MiniOzoneClusterImpl.java:lambda$waitForClusterToBeReady$0(240)) - SCM became leader
2021-10-12 06:06:26,361 [EventQueue-PipelineReportForPipelineReportHandler] INFO  pipeline.PipelineReportHandler (PipelineReportHandler.java:processPipelineReport(113)) - Reported pipeline PipelineID=9543044a-5f3d-4b0d-98d7-d75b06a36d76 is not found
2021-10-12 06:06:26,361 [EventQueue-PipelineReportForPipelineReportHandler] INFO  pipeline.PipelineReportHandler (PipelineReportHandler.java:processPipelineReport(113)) - Reported pipeline PipelineID=7390dcda-dbd8-4381-851a-c2daa97ebb05 is not found
2021-10-12 06:06:26,361 [EventQueue-PipelineReportForPipelineReportHandler] INFO  pipeline.PipelineReportHandler (PipelineReportHandler.java:processPipelineReport(113)) - Reported pipeline PipelineID=16439a66-d4b8-45be-a9c3-75f6817ce003 is not found
2021-10-12 06:06:26,361 [EventQueue-PipelineReportForPipelineReportHandler] INFO  pipeline.PipelineReportHandler (PipelineReportHandler.java:processPipelineReport(113)) - Reported pipeline PipelineID=24fc6951-c623-41b7-8dc3-ab0ae3f98c36 is not found
2021-10-12 06:06:27,286 [Listener at 127.0.0.1/38829] INFO  ozone.MiniOzoneClusterImpl (MiniOzoneClusterImpl.java:lambda$waitForClusterToBeReady$0(235)) - Waiting for nodes to be ready. Got 6 of 7 DN Heartbeats.
2021-10-12 06:06:27,286 [Listener at 127.0.0.1/38829] INFO  ozone.MiniOzoneClusterImpl (MiniOzoneClusterImpl.java:lambda$waitForClusterToBeReady$0(238)) - Cluster exits safe mode
2021-10-12 06:06:27,286 [Listener at 127.0.0.1/38829] INFO  ozone.MiniOzoneClusterImpl (MiniOzoneClusterImpl.java:lambda$waitForClusterToBeReady$0(240)) - SCM became leader
2021-10-12 06:06:28,288 [Listener at 127.0.0.1/38829] INFO  ozone.MiniOzoneClusterImpl (MiniOzoneClusterImpl.java:lambda$waitForClusterToBeReady$0(235)) - Waiting for nodes to be ready. Got 6 of 7 DN Heartbeats.
2021-10-12 06:06:28,288 [Listener at 127.0.0.1/38829] INFO  ozone.MiniOzoneClusterImpl (MiniOzoneClusterImpl.java:lambda$waitForClusterToBeReady$0(238)) - Cluster exits safe mode
2021-10-12 06:06:28,288 [Listener at 127.0.0.1/38829] INFO  ozone.MiniOzoneClusterImpl (MiniOzoneClusterImpl.java:lambda$waitForClusterToBeReady$0(240)) - SCM became leader
2021-10-12 06:06:28,411 [EventQueue-HealthyReadonlyNodeForHealthyReadOnlyNodeHandler] INFO  node.HealthyReadOnlyNodeHandler (HealthyReadOnlyNodeHandler.java:onMessage(58)) - Datanode f6edce37-208d-40f1-ab7e-323414b00593{ip: 10.1.0.59, host: fv-az297-361.nmf1rxwemy4u5di1sxxf4ejcwb.jx.internal.cloudapp.net, ports: [REPLICATION=37231, RATIS=35829, RATIS_ADMIN=35829, RATIS_SERVER=35829, STANDALONE=34061], networkLocation: /default-rack, certSerialId: null, persistedOpState: IN_SERVICE, persistedOpStateExpiryEpochSec: 0} moved to HEALTHY READONLY state.
2021-10-12 06:06:28,411 [EventQueue-HealthyReadonlyNodeForHealthyReadOnlyNodeHandler] INFO  net.NetworkTopologyImpl (NetworkTopologyImpl.java:add(112)) - Added a new node: /default-rack/f6edce37-208d-40f1-ab7e-323414b00593
2021-10-12 06:06:28,512 [EventQueue-HealthyReadonlyToHealthyNodeForReadOnlyHealthyToHealthyNodeHandler] INFO  node.ReadOnlyHealthyToHealthyNodeHandler (ReadOnlyHealthyToHealthyNodeHandler.java:onMessage(51)) - Datanode f6edce37-208d-40f1-ab7e-323414b00593{ip: 10.1.0.59, host: fv-az297-361.nmf1rxwemy4u5di1sxxf4ejcwb.jx.internal.cloudapp.net, ports: [REPLICATION=37231, RATIS=35829, RATIS_ADMIN=35829, RATIS_SERVER=35829, STANDALONE=34061], networkLocation: /default-rack, certSerialId: null, persistedOpState: IN_SERVICE, persistedOpStateExpiryEpochSec: 0} moved to HEALTHY state.
2021-10-12 06:06:28,512 [EventQueue-HealthyReadonlyToHealthyNodeForReadOnlyHealthyToHealthyNodeHandler] INFO  pipeline.BackgroundPipelineCreator (BackgroundPipelineCreator.java:notifyEventTriggered(285)) - trigger a one-shot run on RatisPipelineUtilsThread.
2021-10-12 06:06:28,512 [RatisPipelineUtilsThread - 0] INFO  pipeline.RatisPipelineProvider (RatisPipelineProvider.java:lambda$create$0(183)) - Sending CreatePipelineCommand for pipeline:PipelineID=1052ff25-57f6-44ce-bc84-ecb93fb1a688 to datanode:f6edce37-208d-40f1-ab7e-323414b00593
2021-10-12 06:06:28,513 [RatisPipelineUtilsThread - 0] INFO  pipeline.PipelineStateManagerImpl (PipelineStateManagerImpl.java:addPipeline(101)) - Created pipeline Pipeline[ Id: 1052ff25-57f6-44ce-bc84-ecb93fb1a688, Nodes: f6edce37-208d-40f1-ab7e-323414b00593{ip: 10.1.0.59, host: fv-az297-361.nmf1rxwemy4u5di1sxxf4ejcwb.jx.internal.cloudapp.net, ports: [REPLICATION=37231, RATIS=35829, RATIS_ADMIN=35829, RATIS_SERVER=35829, STANDALONE=34061], networkLocation: /default-rack, certSerialId: null, persistedOpState: IN_SERVICE, persistedOpStateExpiryEpochSec: 0}, ReplicationConfig: RATIS/ONE, State:ALLOCATED, leaderId:, CreationTimestamp2021-10-12T06:06:28.512Z[Etc/UTC]].
2021-10-12 06:06:28,513 [RatisPipelineUtilsThread - 0] INFO  pipeline.RatisPipelineProvider (RatisPipelineProvider.java:lambda$create$0(183)) - Sending CreatePipelineCommand for pipeline:PipelineID=8f317fee-cc95-4c93-953a-d184f90dd9f3 to datanode:a928fc34-d4b3-4f47-b859-83818f25ed6e
2021-10-12 06:06:28,513 [RatisPipelineUtilsThread - 0] INFO  pipeline.RatisPipelineProvider (RatisPipelineProvider.java:lambda$create$0(183)) - Sending CreatePipelineCommand for pipeline:PipelineID=8f317fee-cc95-4c93-953a-d184f90dd9f3 to datanode:f6edce37-208d-40f1-ab7e-323414b00593
2021-10-12 06:06:28,513 [RatisPipelineUtilsThread - 0] INFO  pipeline.RatisPipelineProvider (RatisPipelineProvider.java:lambda$create$0(183)) - Sending CreatePipelineCommand for pipeline:PipelineID=8f317fee-cc95-4c93-953a-d184f90dd9f3 to datanode:8094cd77-30c2-47d7-ab82-7abee48b2f8b
2021-10-12 06:06:28,513 [RatisPipelineUtilsThread - 0] INFO  pipeline.PipelineStateManagerImpl (PipelineStateManagerImpl.java:addPipeline(101)) - Created pipeline Pipeline[ Id: 8f317fee-cc95-4c93-953a-d184f90dd9f3, Nodes: a928fc34-d4b3-4f47-b859-83818f25ed6e{ip: 10.1.0.59, host: fv-az297-361.nmf1rxwemy4u5di1sxxf4ejcwb.jx.internal.cloudapp.net, ports: [REPLICATION=46425, RATIS=35709, RATIS_ADMIN=35709, RATIS_SERVER=35709, STANDALONE=38129], networkLocation: /default-rack, certSerialId: null, persistedOpState: IN_SERVICE, persistedOpStateExpiryEpochSec: 0}f6edce37-208d-40f1-ab7e-323414b00593{ip: 10.1.0.59, host: fv-az297-361.nmf1rxwemy4u5di1sxxf4ejcwb.jx.internal.cloudapp.net, ports: [REPLICATION=37231, RATIS=35829, RATIS_ADMIN=35829, RATIS_SERVER=35829, STANDALONE=34061], networkLocation: /default-rack, certSerialId: null, persistedOpState: IN_SERVICE, persistedOpStateExpiryEpochSec: 0}8094cd77-30c2-47d7-ab82-7abee48b2f8b{ip: 10.1.0.59, host: fv-az297-361.nmf1rxwemy4u5di1sxxf4ejcwb.jx.internal.cloudapp.net, ports: [REPLICATION=39463, RATIS=44663, RATIS_ADMIN=44663, RATIS_SERVER=44663, STANDALONE=42885], networkLocation: /default-rack, certSerialId: null, persistedOpState: IN_SERVICE, persistedOpStateExpiryEpochSec: 0}, ReplicationConfig: RATIS/THREE, State:ALLOCATED, leaderId:, CreationTimestamp2021-10-12T06:06:28.513Z[Etc/UTC]].
2021-10-12 06:06:28,514 [RatisPipelineUtilsThread - 0] INFO  pipeline.RatisPipelineProvider (RatisPipelineProvider.java:lambda$create$0(183)) - Sending CreatePipelineCommand for pipeline:PipelineID=5ecef51f-4e59-4141-a865-d0bf975ceda1 to datanode:69929a81-75b5-4e59-a9cb-c7e6f0fb6fd6
2021-10-12 06:06:28,514 [RatisPipelineUtilsThread - 0] INFO  pipeline.RatisPipelineProvider (RatisPipelineProvider.java:lambda$create$0(183)) - Sending CreatePipelineCommand for pipeline:PipelineID=5ecef51f-4e59-4141-a865-d0bf975ceda1 to datanode:f6edce37-208d-40f1-ab7e-323414b00593
2021-10-12 06:06:28,514 [RatisPipelineUtilsThread - 0] INFO  pipeline.RatisPipelineProvider (RatisPipelineProvider.java:lambda$create$0(183)) - Sending CreatePipelineCommand for pipeline:PipelineID=5ecef51f-4e59-4141-a865-d0bf975ceda1 to datanode:8094cd77-30c2-47d7-ab82-7abee48b2f8b
2021-10-12 06:06:28,514 [RatisPipelineUtilsThread - 0] INFO  pipeline.PipelineStateManagerImpl (PipelineStateManagerImpl.java:addPipeline(101)) - Created pipeline Pipeline[ Id: 5ecef51f-4e59-4141-a865-d0bf975ceda1, Nodes: 69929a81-75b5-4e59-a9cb-c7e6f0fb6fd6{ip: 10.1.0.59, host: fv-az297-361.nmf1rxwemy4u5di1sxxf4ejcwb.jx.internal.cloudapp.net, ports: [REPLICATION=46479, RATIS=40555, RATIS_ADMIN=40555, RATIS_SERVER=40555, STANDALONE=34613], networkLocation: /default-rack, certSerialId: null, persistedOpState: IN_SERVICE, persistedOpStateExpiryEpochSec: 0}f6edce37-208d-40f1-ab7e-323414b00593{ip: 10.1.0.59, host: fv-az297-361.nmf1rxwemy4u5di1sxxf4ejcwb.jx.internal.cloudapp.net, ports: [REPLICATION=37231, RATIS=35829, RATIS_ADMIN=35829, RATIS_SERVER=35829, STANDALONE=34061], networkLocation: /default-rack, certSerialId: null, persistedOpState: IN_SERVICE, persistedOpStateExpiryEpochSec: 0}8094cd77-30c2-47d7-ab82-7abee48b2f8b{ip: 10.1.0.59, host: fv-az297-361.nmf1rxwemy4u5di1sxxf4ejcwb.jx.internal.cloudapp.net, ports: [REPLICATION=39463, RATIS=44663, RATIS_ADMIN=44663, RATIS_SERVER=44663, STANDALONE=42885], networkLocation: /default-rack, certSerialId: null, persistedOpState: IN_SERVICE, persistedOpStateExpiryEpochSec: 0}, ReplicationConfig: RATIS/THREE, State:ALLOCATED, leaderId:, CreationTimestamp2021-10-12T06:06:28.514Z[Etc/UTC]].
2021-10-12 06:06:28,514 [RatisPipelineUtilsThread - 0] INFO  pipeline.RatisPipelineProvider (RatisPipelineProvider.java:lambda$create$0(183)) - Sending CreatePipelineCommand for pipeline:PipelineID=65b688dd-5a9d-435b-8fed-510924d56746 to datanode:69929a81-75b5-4e59-a9cb-c7e6f0fb6fd6
2021-10-12 06:06:28,514 [RatisPipelineUtilsThread - 0] INFO  pipeline.RatisPipelineProvider (RatisPipelineProvider.java:lambda$create$0(183)) - Sending CreatePipelineCommand for pipeline:PipelineID=65b688dd-5a9d-435b-8fed-510924d56746 to datanode:a928fc34-d4b3-4f47-b859-83818f25ed6e
2021-10-12 06:06:28,514 [RatisPipelineUtilsThread - 0] INFO  pipeline.RatisPipelineProvider (RatisPipelineProvider.java:lambda$create$0(183)) - Sending CreatePipelineCommand for pipeline:PipelineID=65b688dd-5a9d-435b-8fed-510924d56746 to datanode:f6edce37-208d-40f1-ab7e-323414b00593
2021-10-12 06:06:28,515 [RatisPipelineUtilsThread - 0] INFO  pipeline.PipelineStateManagerImpl (PipelineStateManagerImpl.java:addPipeline(101)) - Created pipeline Pipeline[ Id: 65b688dd-5a9d-435b-8fed-510924d56746, Nodes: 69929a81-75b5-4e59-a9cb-c7e6f0fb6fd6{ip: 10.1.0.59, host: fv-az297-361.nmf1rxwemy4u5di1sxxf4ejcwb.jx.internal.cloudapp.net, ports: [REPLICATION=46479, RATIS=40555, RATIS_ADMIN=40555, RATIS_SERVER=40555, STANDALONE=34613], networkLocation: /default-rack, certSerialId: null, persistedOpState: IN_SERVICE, persistedOpStateExpiryEpochSec: 0}a928fc34-d4b3-4f47-b859-83818f25ed6e{ip: 10.1.0.59, host: fv-az297-361.nmf1rxwemy4u5di1sxxf4ejcwb.jx.internal.cloudapp.net, ports: [REPLICATION=46425, RATIS=35709, RATIS_ADMIN=35709, RATIS_SERVER=35709, STANDALONE=38129], networkLocation: /default-rack, certSerialId: null, persistedOpState: IN_SERVICE, persistedOpStateExpiryEpochSec: 0}f6edce37-208d-40f1-ab7e-323414b00593{ip: 10.1.0.59, host: fv-az297-361.nmf1rxwemy4u5di1sxxf4ejcwb.jx.internal.cloudapp.net, ports: [REPLICATION=37231, RATIS=35829, RATIS_ADMIN=35829, RATIS_SERVER=35829, STANDALONE=34061], networkLocation: /default-rack, certSerialId: null, persistedOpState: IN_SERVICE, persistedOpStateExpiryEpochSec: 0}, ReplicationConfig: RATIS/THREE, State:ALLOCATED, leaderId:, CreationTimestamp2021-10-12T06:06:28.514Z[Etc/UTC]].
2021-10-12 06:06:28,515 [RatisPipelineUtilsThread - 0] INFO  pipeline.RatisPipelineProvider (RatisPipelineProvider.java:lambda$create$0(183)) - Sending CreatePipelineCommand for pipeline:PipelineID=9932fe54-2ba2-4d09-8578-1d5c0641f7b2 to datanode:a928fc34-d4b3-4f47-b859-83818f25ed6e
2021-10-12 06:06:28,515 [RatisPipelineUtilsThread - 0] INFO  pipeline.RatisPipelineProvider (RatisPipelineProvider.java:lambda$create$0(183)) - Sending CreatePipelineCommand for pipeline:PipelineID=9932fe54-2ba2-4d09-8578-1d5c0641f7b2 to datanode:8094cd77-30c2-47d7-ab82-7abee48b2f8b
2021-10-12 06:06:28,515 [RatisPipelineUtilsThread - 0] INFO  pipeline.RatisPipelineProvider (RatisPipelineProvider.java:lambda$create$0(183)) - Sending CreatePipelineCommand for pipeline:PipelineID=9932fe54-2ba2-4d09-8578-1d5c0641f7b2 to datanode:69929a81-75b5-4e59-a9cb-c7e6f0fb6fd6
2021-10-12 06:06:28,515 [RatisPipelineUtilsThread - 0] INFO  pipeline.PipelineStateManagerImpl (PipelineStateManagerImpl.java:addPipeline(101)) - Created pipeline Pipeline[ Id: 9932fe54-2ba2-4d09-8578-1d5c0641f7b2, Nodes: a928fc34-d4b3-4f47-b859-83818f25ed6e{ip: 10.1.0.59, host: fv-az297-361.nmf1rxwemy4u5di1sxxf4ejcwb.jx.internal.cloudapp.net, ports: [REPLICATION=46425, RATIS=35709, RATIS_ADMIN=35709, RATIS_SERVER=35709, STANDALONE=38129], networkLocation: /default-rack, certSerialId: null, persistedOpState: IN_SERVICE, persistedOpStateExpiryEpochSec: 0}8094cd77-30c2-47d7-ab82-7abee48b2f8b{ip: 10.1.0.59, host: fv-az297-361.nmf1rxwemy4u5di1sxxf4ejcwb.jx.internal.cloudapp.net, ports: [REPLICATION=39463, RATIS=44663, RATIS_ADMIN=44663, RATIS_SERVER=44663, STANDALONE=42885], networkLocation: /default-rack, certSerialId: null, persistedOpState: IN_SERVICE, persistedOpStateExpiryEpochSec: 0}69929a81-75b5-4e59-a9cb-c7e6f0fb6fd6{ip: 10.1.0.59, host: fv-az297-361.nmf1rxwemy4u5di1sxxf4ejcwb.jx.internal.cloudapp.net, ports: [REPLICATION=46479, RATIS=40555, RATIS_ADMIN=40555, RATIS_SERVER=40555, STANDALONE=34613], networkLocation: /default-rack, certSerialId: null, persistedOpState: IN_SERVICE, persistedOpStateExpiryEpochSec: 0}, ReplicationConfig: RATIS/THREE, State:ALLOCATED, leaderId:, CreationTimestamp2021-10-12T06:06:28.515Z[Etc/UTC]].
2021-10-12 06:06:29,288 [Listener at 127.0.0.1/38829] INFO  ozone.MiniOzoneClusterImpl (MiniOzoneClusterImpl.java:lambda$waitForClusterToBeReady$0(235)) - Nodes are ready. Got 7 of 7 DN Heartbeats.
2021-10-12 06:06:29,289 [Listener at 127.0.0.1/38829] INFO  ozone.MiniOzoneClusterImpl (MiniOzoneClusterImpl.java:lambda$waitForClusterToBeReady$0(238)) - Cluster exits safe mode
2021-10-12 06:06:29,289 [Listener at 127.0.0.1/38829] INFO  ozone.MiniOzoneClusterImpl (MiniOzoneClusterImpl.java:lambda$waitForClusterToBeReady$0(240)) - SCM became leader
2021-10-12 06:06:29,371 [Command processor thread] INFO  server.RaftServer (RaftServerProxy.java:remove(106)) - f6edce37-208d-40f1-ab7e-323414b00593: remove  FOLLOWER f6edce37-208d-40f1-ab7e-323414b00593@group-D75B06A36D76:t1, leader=null, voted=f6edce37-208d-40f1-ab7e-323414b00593, raftlog=f6edce37-208d-40f1-ab7e-323414b00593@group-D75B06A36D76-SegmentedRaftLog:OPENED:c0,f0,i0, conf=0: [69929a81-75b5-4e59-a9cb-c7e6f0fb6fd6|rpc:10.1.0.59:40555|dataStream:|priority:0, a928fc34-d4b3-4f47-b859-83818f25ed6e|rpc:10.1.0.59:35709|dataStream:|priority:0, f6edce37-208d-40f1-ab7e-323414b00593|rpc:10.1.0.59:35829|dataStream:|priority:1], old=null RUNNING
2021-10-12 06:06:29,371 [Command processor thread] INFO  server.RaftServer$Division (RaftServerImpl.java:lambda$close$4(407)) - f6edce37-208d-40f1-ab7e-323414b00593@group-D75B06A36D76: shutdown
2021-10-12 06:06:29,371 [Command processor thread] INFO  util.JmxRegister (JmxRegister.java:unregister(73)) - Successfully un-registered JMX Bean with object name Ratis:service=RaftServer,group=group-D75B06A36D76,id=f6edce37-208d-40f1-ab7e-323414b00593
2021-10-12 06:06:29,371 [Command processor thread] INFO  impl.RoleInfo (RoleInfo.java:shutdownFollowerState(108)) - f6edce37-208d-40f1-ab7e-323414b00593: shutdown f6edce37-208d-40f1-ab7e-323414b00593@group-D75B06A36D76-FollowerState
2021-10-12 06:06:29,371 [Command processor thread] INFO  impl.StateMachineUpdater (StateMachineUpdater.java:stopAndJoin(149)) - f6edce37-208d-40f1-ab7e-323414b00593@group-D75B06A36D76-StateMachineUpdater: set stopIndex = 0
2021-10-12 06:06:29,371 [f6edce37-208d-40f1-ab7e-323414b00593@group-D75B06A36D76-FollowerState] INFO  impl.FollowerState (FollowerState.java:run(143)) - f6edce37-208d-40f1-ab7e-323414b00593@group-D75B06A36D76-FollowerState was interrupted: {}
java.lang.InterruptedException: sleep interrupted
	at java.lang.Thread.sleep(Native Method)
	at java.lang.Thread.sleep(Thread.java:340)
	at java.util.concurrent.TimeUnit.sleep(TimeUnit.java:386)
	at org.apache.ratis.util.TimeDuration.sleep(TimeDuration.java:324)
	at org.apache.ratis.util.TimeDuration.sleep(TimeDuration.java:309)
	at org.apache.ratis.server.impl.FollowerState.run(FollowerState.java:118)
2021-10-12 06:06:29,373 [Command processor thread] INFO  server.RaftServer$Division (ServerState.java:close(419)) - f6edce37-208d-40f1-ab7e-323414b00593@group-D75B06A36D76: closes. applyIndex: 0
2021-10-12 06:06:29,373 [f6edce37-208d-40f1-ab7e-323414b00593@group-D75B06A36D76-SegmentedRaftLogWorker] INFO  segmented.SegmentedRaftLogWorker (SegmentedRaftLogWorker.java:run(327)) - f6edce37-208d-40f1-ab7e-323414b00593@group-D75B06A36D76-SegmentedRaftLogWorker was interrupted, exiting. There are 0 tasks remaining in the queue.
2021-10-12 06:06:29,395 [Command processor thread] INFO  segmented.SegmentedRaftLogWorker (SegmentedRaftLogWorker.java:close(237)) - f6edce37-208d-40f1-ab7e-323414b00593@group-D75B06A36D76-SegmentedRaftLogWorker close()
2021-10-12 06:06:29,404 [Command processor thread] INFO  server.RaftServer$Division (RaftServerImpl.java:groupRemove(377)) - f6edce37-208d-40f1-ab7e-323414b00593@group-D75B06A36D76: Succeed to remove RaftStorageDirectory Storage Directory /home/runner/work/ozone/ozone/hadoop-ozone/integration-test/target/test-dir/MiniOzoneClusterImpl-c6dc50ab-6fac-4554-b78d-9440f3e38bfb/datanode-1/data/ratis/9543044a-5f3d-4b0d-98d7-d75b06a36d76
2021-10-12 06:06:29,404 [Command processor thread] INFO  commandhandler.ClosePipelineCommandHandler (ClosePipelineCommandHandler.java:handle(78)) - Close Pipeline PipelineID=9543044a-5f3d-4b0d-98d7-d75b06a36d76 command on datanode f6edce37-208d-40f1-ab7e-323414b00593.
2021-10-12 06:06:29,412 [Command processor thread] INFO  server.RaftServer (RaftServerProxy.java:remove(106)) - f6edce37-208d-40f1-ab7e-323414b00593: remove  FOLLOWER f6edce37-208d-40f1-ab7e-323414b00593@group-C2DAA97EBB05:t2, leader=null, voted=, raftlog=f6edce37-208d-40f1-ab7e-323414b00593@group-C2DAA97EBB05-SegmentedRaftLog:OPENED:c-1,f0,i0, conf=0: [69929a81-75b5-4e59-a9cb-c7e6f0fb6fd6|rpc:10.1.0.59:40555|dataStream:|priority:1, a928fc34-d4b3-4f47-b859-83818f25ed6e|rpc:10.1.0.59:35709|dataStream:|priority:0, f6edce37-208d-40f1-ab7e-323414b00593|rpc:10.1.0.59:35829|dataStream:|priority:0], old=null RUNNING
2021-10-12 06:06:29,412 [Command processor thread] INFO  server.RaftServer$Division (RaftServerImpl.java:lambda$close$4(407)) - f6edce37-208d-40f1-ab7e-323414b00593@group-C2DAA97EBB05: shutdown
2021-10-12 06:06:29,412 [Command processor thread] INFO  util.JmxRegister (JmxRegister.java:unregister(73)) - Successfully un-registered JMX Bean with object name Ratis:service=RaftServer,group=group-C2DAA97EBB05,id=f6edce37-208d-40f1-ab7e-323414b00593
2021-10-12 06:06:29,412 [Command processor thread] INFO  impl.RoleInfo (RoleInfo.java:shutdownFollowerState(108)) - f6edce37-208d-40f1-ab7e-323414b00593: shutdown f6edce37-208d-40f1-ab7e-323414b00593@group-C2DAA97EBB05-FollowerState
2021-10-12 06:06:29,412 [Command processor thread] INFO  impl.StateMachineUpdater (StateMachineUpdater.java:stopAndJoin(149)) - f6edce37-208d-40f1-ab7e-323414b00593@group-C2DAA97EBB05-StateMachineUpdater: set stopIndex = -1
2021-10-12 06:06:29,412 [f6edce37-208d-40f1-ab7e-323414b00593@group-C2DAA97EBB05-FollowerState] INFO  impl.FollowerState (FollowerState.java:run(143)) - f6edce37-208d-40f1-ab7e-323414b00593@group-C2DAA97EBB05-FollowerState was interrupted: {}
java.lang.InterruptedException: sleep interrupted
	at java.lang.Thread.sleep(Native Method)
	at java.lang.Thread.sleep(Thread.java:340)
	at java.util.concurrent.TimeUnit.sleep(TimeUnit.java:386)
	at org.apache.ratis.util.TimeDuration.sleep(TimeDuration.java:324)
	at org.apache.ratis.util.TimeDuration.sleep(TimeDuration.java:309)
	at org.apache.ratis.server.impl.FollowerState.run(FollowerState.java:118)
2021-10-12 06:06:29,414 [Command processor thread] INFO  server.RaftServer$Division (ServerState.java:close(419)) - f6edce37-208d-40f1-ab7e-323414b00593@group-C2DAA97EBB05: closes. applyIndex: -1
2021-10-12 06:06:29,414 [f6edce37-208d-40f1-ab7e-323414b00593@group-C2DAA97EBB05-SegmentedRaftLogWorker] INFO  segmented.SegmentedRaftLogWorker (SegmentedRaftLogWorker.java:run(327)) - f6edce37-208d-40f1-ab7e-323414b00593@group-C2DAA97EBB05-SegmentedRaftLogWorker was interrupted, exiting. There are 0 tasks remaining in the queue.
2021-10-12 06:06:29,427 [Command processor thread] INFO  segmented.SegmentedRaftLogWorker (SegmentedRaftLogWorker.java:close(237)) - f6edce37-208d-40f1-ab7e-323414b00593@group-C2DAA97EBB05-SegmentedRaftLogWorker close()
2021-10-12 06:06:29,429 [Command processor thread] INFO  server.RaftServer$Division (RaftServerImpl.java:groupRemove(377)) - f6edce37-208d-40f1-ab7e-323414b00593@group-C2DAA97EBB05: Succeed to remove RaftStorageDirectory Storage Directory /home/runner/work/ozone/ozone/hadoop-ozone/integration-test/target/test-dir/MiniOzoneClusterImpl-c6dc50ab-6fac-4554-b78d-9440f3e38bfb/datanode-1/data/ratis/7390dcda-dbd8-4381-851a-c2daa97ebb05
2021-10-12 06:06:29,429 [Command processor thread] INFO  commandhandler.ClosePipelineCommandHandler (ClosePipelineCommandHandler.java:handle(78)) - Close Pipeline PipelineID=7390dcda-dbd8-4381-851a-c2daa97ebb05 command on datanode f6edce37-208d-40f1-ab7e-323414b00593.
2021-10-12 06:06:29,429 [Command processor thread] INFO  server.RaftServer (RaftServerProxy.java:remove(106)) - f6edce37-208d-40f1-ab7e-323414b00593: remove  FOLLOWER f6edce37-208d-40f1-ab7e-323414b00593@group-75F6817CE003:t1, leader=null, voted=f6edce37-208d-40f1-ab7e-323414b00593, raftlog=f6edce37-208d-40f1-ab7e-323414b00593@group-75F6817CE003-SegmentedRaftLog:OPENED:c11,f11,i11, conf=0: [f6edce37-208d-40f1-ab7e-323414b00593|rpc:10.1.0.59:35829|dataStream:|priority:1], old=null RUNNING
2021-10-12 06:06:29,429 [Command processor thread] INFO  server.RaftServer$Division (RaftServerImpl.java:lambda$close$4(407)) - f6edce37-208d-40f1-ab7e-323414b00593@group-75F6817CE003: shutdown
2021-10-12 06:06:29,429 [Command processor thread] INFO  util.JmxRegister (JmxRegister.java:unregister(73)) - Successfully un-registered JMX Bean with object name Ratis:service=RaftServer,group=group-75F6817CE003,id=f6edce37-208d-40f1-ab7e-323414b00593
2021-10-12 06:06:29,429 [Command processor thread] INFO  impl.RoleInfo (RoleInfo.java:shutdownFollowerState(108)) - f6edce37-208d-40f1-ab7e-323414b00593: shutdown f6edce37-208d-40f1-ab7e-323414b00593@group-75F6817CE003-FollowerState
2021-10-12 06:06:29,430 [Command processor thread] INFO  impl.StateMachineUpdater (StateMachineUpdater.java:stopAndJoin(149)) - f6edce37-208d-40f1-ab7e-323414b00593@group-75F6817CE003-StateMachineUpdater: set stopIndex = 11
2021-10-12 06:06:29,430 [f6edce37-208d-40f1-ab7e-323414b00593@group-75F6817CE003-FollowerState] INFO  impl.FollowerState (FollowerState.java:run(143)) - f6edce37-208d-40f1-ab7e-323414b00593@group-75F6817CE003-FollowerState was interrupted: {}
java.lang.InterruptedException: sleep interrupted
	at java.lang.Thread.sleep(Native Method)
	at java.lang.Thread.sleep(Thread.java:340)
	at java.util.concurrent.TimeUnit.sleep(TimeUnit.java:386)
	at org.apache.ratis.util.TimeDuration.sleep(TimeDuration.java:324)
	at org.apache.ratis.util.TimeDuration.sleep(TimeDuration.java:309)
	at org.apache.ratis.server.impl.FollowerState.run(FollowerState.java:118)
2021-10-12 06:06:29,430 [Command processor thread] INFO  server.RaftServer$Division (ServerState.java:close(419)) - f6edce37-208d-40f1-ab7e-323414b00593@group-75F6817CE003: closes. applyIndex: 11
2021-10-12 06:06:29,430 [f6edce37-208d-40f1-ab7e-323414b00593@group-75F6817CE003-SegmentedRaftLogWorker] INFO  segmented.SegmentedRaftLogWorker (SegmentedRaftLogWorker.java:run(327)) - f6edce37-208d-40f1-ab7e-323414b00593@group-75F6817CE003-SegmentedRaftLogWorker was interrupted, exiting. There are 0 tasks remaining in the queue.
2021-10-12 06:06:29,431 [Command processor thread] INFO  segmented.SegmentedRaftLogWorker (SegmentedRaftLogWorker.java:close(237)) - f6edce37-208d-40f1-ab7e-323414b00593@group-75F6817CE003-SegmentedRaftLogWorker close()
2021-10-12 06:06:29,450 [Command processor thread] INFO  keyvalue.KeyValueContainer (KeyValueContainer.java:flushAndSyncDB(397)) - Container 1 is synced with bcsId 9.
2021-10-12 06:06:29,450 [Command processor thread] INFO  keyvalue.KeyValueContainer (KeyValueContainer.java:flushAndSyncDB(397)) - Container 1 is synced with bcsId 9.
2021-10-12 06:06:29,469 [Command processor thread] INFO  server.RaftServer$Division (RaftServerImpl.java:groupRemove(377)) - f6edce37-208d-40f1-ab7e-323414b00593@group-75F6817CE003: Succeed to remove RaftStorageDirectory Storage Directory /home/runner/work/ozone/ozone/hadoop-ozone/integration-test/target/test-dir/MiniOzoneClusterImpl-c6dc50ab-6fac-4554-b78d-9440f3e38bfb/datanode-1/data/ratis/16439a66-d4b8-45be-a9c3-75f6817ce003
2021-10-12 06:06:29,469 [Command processor thread] INFO  commandhandler.ClosePipelineCommandHandler (ClosePipelineCommandHandler.java:handle(78)) - Close Pipeline PipelineID=16439a66-d4b8-45be-a9c3-75f6817ce003 command on datanode f6edce37-208d-40f1-ab7e-323414b00593.
2021-10-12 06:06:29,469 [Command processor thread] INFO  server.RaftServer (RaftServerProxy.java:remove(106)) - f6edce37-208d-40f1-ab7e-323414b00593: remove  FOLLOWER f6edce37-208d-40f1-ab7e-323414b00593@group-AB0AE3F98C36:t2, leader=null, voted=69929a81-75b5-4e59-a9cb-c7e6f0fb6fd6, raftlog=f6edce37-208d-40f1-ab7e-323414b00593@group-AB0AE3F98C36-SegmentedRaftLog:OPENED:c-1,f-1,i0, conf=-1: [], old=null STARTING
2021-10-12 06:06:29,469 [Command processor thread] INFO  server.RaftServer$Division (RaftServerImpl.java:lambda$close$4(407)) - f6edce37-208d-40f1-ab7e-323414b00593@group-AB0AE3F98C36: shutdown
2021-10-12 06:06:29,469 [Command processor thread] INFO  util.JmxRegister (JmxRegister.java:unregister(73)) - Successfully un-registered JMX Bean with object name Ratis:service=RaftServer,group=group-AB0AE3F98C36,id=f6edce37-208d-40f1-ab7e-323414b00593
2021-10-12 06:06:29,469 [Datanode State Machine Thread - 0] WARN  statemachine.StateContext (StateContext.java:execute(621)) - No available thread in pool for past 1 seconds.
2021-10-12 06:06:29,470 [EventQueue-IncrementalContainerReportForIncrementalContainerReportHandler] INFO  container.IncrementalContainerReportHandler (AbstractContainerReportHandler.java:updateContainerState(216)) - Moving container #1 to QUASI_CLOSED state, datanode f6edce37-208d-40f1-ab7e-323414b00593{ip: 10.1.0.59, host: fv-az297-361.nmf1rxwemy4u5di1sxxf4ejcwb.jx.internal.cloudapp.net, ports: [REPLICATION=37231, RATIS=35829, RATIS_ADMIN=35829, RATIS_SERVER=35829, STANDALONE=34061], networkLocation: /default-rack, certSerialId: null, persistedOpState: IN_SERVICE, persistedOpStateExpiryEpochSec: 0} reported QUASI_CLOSED replica.
2021-10-12 06:06:29,471 [Command processor thread] INFO  impl.StateMachineUpdater (StateMachineUpdater.java:stopAndJoin(149)) - f6edce37-208d-40f1-ab7e-323414b00593@group-AB0AE3F98C36-StateMachineUpdater: set stopIndex = -1
2021-10-12 06:06:29,471 [Command processor thread] INFO  server.RaftServer$Division (ServerState.java:close(419)) - f6edce37-208d-40f1-ab7e-323414b00593@group-AB0AE3F98C36: closes. applyIndex: -1
2021-10-12 06:06:29,473 [f6edce37-208d-40f1-ab7e-323414b00593@group-AB0AE3F98C36-SegmentedRaftLogWorker] INFO  segmented.SegmentedRaftLogWorker (SegmentedRaftLogWorker.java:run(327)) - f6edce37-208d-40f1-ab7e-323414b00593@group-AB0AE3F98C36-SegmentedRaftLogWorker was interrupted, exiting. There are 0 tasks remaining in the queue.
2021-10-12 06:06:29,474 [Command processor thread] INFO  segmented.SegmentedRaftLogWorker (SegmentedRaftLogWorker.java:close(237)) - f6edce37-208d-40f1-ab7e-323414b00593@group-AB0AE3F98C36-SegmentedRaftLogWorker close()
2021-10-12 06:06:29,492 [Command processor thread] INFO  server.RaftServer$Division (RaftServerImpl.java:groupRemove(377)) - f6edce37-208d-40f1-ab7e-323414b00593@group-AB0AE3F98C36: Succeed to remove RaftStorageDirectory Storage Directory /home/runner/work/ozone/ozone/hadoop-ozone/integration-test/target/test-dir/MiniOzoneClusterImpl-c6dc50ab-6fac-4554-b78d-9440f3e38bfb/datanode-1/data/ratis/24fc6951-c623-41b7-8dc3-ab0ae3f98c36
2021-10-12 06:06:29,492 [Command processor thread] INFO  commandhandler.ClosePipelineCommandHandler (ClosePipelineCommandHandler.java:handle(78)) - Close Pipeline PipelineID=24fc6951-c623-41b7-8dc3-ab0ae3f98c36 command on datanode f6edce37-208d-40f1-ab7e-323414b00593.
2021-10-12 06:06:29,492 [Command processor thread] INFO  server.RaftServer (RaftServerProxy.java:addNew(95)) - f6edce37-208d-40f1-ab7e-323414b00593: addNew group-ECB93FB1A688:[f6edce37-208d-40f1-ab7e-323414b00593|rpc:10.1.0.59:35829|priority:1] returns group-ECB93FB1A688:java.util.concurrent.CompletableFuture@5bed0a84[Not completed]
2021-10-12 06:06:29,493 [pool-696-thread-1] INFO  server.RaftServer$Division (RaftServerImpl.java:<init>(181)) - f6edce37-208d-40f1-ab7e-323414b00593: new RaftServerImpl for group-ECB93FB1A688:[f6edce37-208d-40f1-ab7e-323414b00593|rpc:10.1.0.59:35829|priority:1] with ContainerStateMachine:uninitialized
2021-10-12 06:06:29,493 [pool-696-thread-1] INFO  server.RaftServerConfigKeys (ConfUtils.java:logGet(44)) - raft.server.rpc.timeout.min = 5s (custom)
2021-10-12 06:06:29,493 [pool-696-thread-1] INFO  server.RaftServerConfigKeys (ConfUtils.java:logGet(44)) - raft.server.rpc.timeout.max = 5200ms (custom)
2021-10-12 06:06:29,493 [pool-696-thread-1] INFO  server.RaftServerConfigKeys (ConfUtils.java:logGet(44)) - raft.server.rpc.sleep.time = 25ms (default)
2021-10-12 06:06:29,493 [pool-696-thread-1] INFO  server.RaftServerConfigKeys (ConfUtils.java:logGet(44)) - raft.server.rpc.slowness.timeout = 300000ms (custom)
2021-10-12 06:06:29,493 [pool-696-thread-1] INFO  server.RaftServerConfigKeys (ConfUtils.java:logGet(44)) - raft.server.leaderelection.leader.step-down.wait-time = 10s (default)
2021-10-12 06:06:29,493 [pool-696-thread-1] INFO  server.RaftServerConfigKeys (ConfUtils.java:logGet(44)) - raft.server.sleep.deviation.threshold = 300ms (default)
2021-10-12 06:06:29,493 [pool-696-thread-1] INFO  server.RaftServerConfigKeys (ConfUtils.java:logGet(44)) - raft.server.log.appender.install.snapshot.enabled = false (custom)
2021-10-12 06:06:29,493 [pool-696-thread-1] INFO  server.RaftServer$Division (ServerState.java:<init>(105)) - f6edce37-208d-40f1-ab7e-323414b00593@group-ECB93FB1A688: ConfigurationManager, init=-1: [f6edce37-208d-40f1-ab7e-323414b00593|rpc:10.1.0.59:35829|priority:1], old=null, confs=<EMPTY_MAP>
2021-10-12 06:06:29,493 [pool-696-thread-1] INFO  server.RaftServerConfigKeys (ConfUtils.java:logGet(44)) - raft.server.storage.dir = [/home/runner/work/ozone/ozone/hadoop-ozone/integration-test/target/test-dir/MiniOzoneClusterImpl-c6dc50ab-6fac-4554-b78d-9440f3e38bfb/datanode-1/data/ratis] (custom)
2021-10-12 06:06:29,493 [pool-696-thread-1] INFO  server.RaftServerConfigKeys (ConfUtils.java:logGet(44)) - raft.server.log.corruption.policy = EXCEPTION (default)
2021-10-12 06:06:29,493 [pool-696-thread-1] INFO  server.RaftServerConfigKeys (ConfUtils.java:logGet(44)) - raft.server.storage.free-space.min = 0MB (=0) (default)
2021-10-12 06:06:29,494 [pool-696-thread-1] INFO  storage.RaftStorageDirectory (RaftStorageDirectoryImpl.java:analyzeStorage(135)) - The storage directory /home/runner/work/ozone/ozone/hadoop-ozone/integration-test/target/test-dir/MiniOzoneClusterImpl-c6dc50ab-6fac-4554-b78d-9440f3e38bfb/datanode-1/data/ratis/1052ff25-57f6-44ce-bc84-ecb93fb1a688 does not exist. Creating ...
2021-10-12 06:06:29,495 [pool-696-thread-1] INFO  storage.RaftStorageDirectory (RaftStorageDirectoryImpl.java:tryLock(230)) - Lock on /home/runner/work/ozone/ozone/hadoop-ozone/integration-test/target/test-dir/MiniOzoneClusterImpl-c6dc50ab-6fac-4554-b78d-9440f3e38bfb/datanode-1/data/ratis/1052ff25-57f6-44ce-bc84-ecb93fb1a688/in_use.lock acquired by nodename 8742@fv-az297-361
2021-10-12 06:06:29,497 [pool-696-thread-1] INFO  storage.RaftStorage (RaftStorageImpl.java:format(89)) - Storage directory /home/runner/work/ozone/ozone/hadoop-ozone/integration-test/target/test-dir/MiniOzoneClusterImpl-c6dc50ab-6fac-4554-b78d-9440f3e38bfb/datanode-1/data/ratis/1052ff25-57f6-44ce-bc84-ecb93fb1a688 has been successfully formatted.
2021-10-12 06:06:29,497 [pool-696-thread-1] INFO  ratis.ContainerStateMachine (ContainerStateMachine.java:loadSnapshot(224)) - group-ECB93FB1A688: The snapshot info is null. Setting the last applied indexto:(t:0, i:~)
2021-10-12 06:06:29,497 [Datanode State Machine Thread - 0] WARN  statemachine.StateContext (StateContext.java:execute(621)) - No available thread in pool for past 1 seconds.
2021-10-12 06:06:29,497 [pool-696-thread-1] INFO  server.RaftServerConfigKeys (ConfUtils.java:logGet(44)) - raft.server.notification.no-leader.timeout = 300000ms (custom)
2021-10-12 06:06:29,497 [pool-696-thread-1] INFO  server.RaftServerConfigKeys (ConfUtils.java:logGet(44)) - raft.server.log.use.memory = false (default)
2021-10-12 06:06:29,497 [pool-696-thread-1] INFO  server.RaftServerConfigKeys (ConfUtils.java:logGet(44)) - raft.server.log.purge.gap = 1000000 (custom)
2021-10-12 06:06:29,497 [pool-696-thread-1] INFO  server.RaftServerConfigKeys (ConfUtils.java:logGet(44)) - raft.server.log.appender.buffer.byte-limit = 33554432 (custom)
2021-10-12 06:06:29,497 [pool-696-thread-1] INFO  server.RaftServerConfigKeys (ConfUtils.java:logGet(44)) - raft.server.log.segment.size.max = 1048576 (custom)
2021-10-12 06:06:29,498 [pool-696-thread-1] INFO  server.RaftServerConfigKeys (ConfUtils.java:logGet(44)) - raft.server.log.segment.cache.num.max = 2 (custom)
2021-10-12 06:06:29,498 [pool-696-thread-1] INFO  server.RaftServerConfigKeys (ConfUtils.java:logGet(44)) - raft.server.log.segment.cache.size.max = 200MB (=209715200) (default)
2021-10-12 06:06:29,498 [pool-696-thread-1] INFO  segmented.SegmentedRaftLogWorker (SegmentedRaftLogWorker.java:<init>(182)) - new f6edce37-208d-40f1-ab7e-323414b00593@group-ECB93FB1A688-SegmentedRaftLogWorker for RaftStorageImpl:Storage Directory /home/runner/work/ozone/ozone/hadoop-ozone/integration-test/target/test-dir/MiniOzoneClusterImpl-c6dc50ab-6fac-4554-b78d-9440f3e38bfb/datanode-1/data/ratis/1052ff25-57f6-44ce-bc84-ecb93fb1a688
2021-10-12 06:06:29,498 [pool-696-thread-1] INFO  server.RaftServerConfigKeys (ConfUtils.java:logGet(44)) - raft.server.log.queue.byte-limit = 2147483647 (custom)
2021-10-12 06:06:29,498 [pool-696-thread-1] INFO  server.RaftServerConfigKeys (ConfUtils.java:logGet(44)) - raft.server.log.queue.element-limit = 1024 (custom)
2021-10-12 06:06:29,498 [pool-696-thread-1] INFO  server.RaftServerConfigKeys (ConfUtils.java:logGet(44)) - raft.server.log.segment.size.max = 1048576 (custom)
2021-10-12 06:06:29,498 [pool-696-thread-1] INFO  server.RaftServerConfigKeys (ConfUtils.java:logGet(44)) - raft.server.log.preallocated.size = 16384 (custom)
2021-10-12 06:06:29,498 [pool-696-thread-1] INFO  server.RaftServerConfigKeys (ConfUtils.java:logGet(44)) - raft.server.log.force.sync.num = 128 (default)
2021-10-12 06:06:29,498 [pool-696-thread-1] INFO  server.RaftServerConfigKeys (ConfUtils.java:logGet(44)) - raft.server.log.statemachine.data.sync = true (default)
2021-10-12 06:06:29,498 [pool-696-thread-1] INFO  server.RaftServerConfigKeys (ConfUtils.java:logGet(44)) - raft.server.log.statemachine.data.sync.timeout = 10s (default)
2021-10-12 06:06:29,498 [pool-696-thread-1] INFO  server.RaftServerConfigKeys (ConfUtils.java:logGet(44)) - raft.server.log.statemachine.data.sync.timeout.retry = -1 (default)
2021-10-12 06:06:29,499 [pool-696-thread-1] INFO  server.RaftServerConfigKeys (ConfUtils.java:logGet(44)) - raft.server.log.write.buffer.size = 1048576 (custom)
2021-10-12 06:06:29,499 [pool-696-thread-1] INFO  server.RaftServerConfigKeys (ConfUtils.java:logGet(44)) - raft.server.log.statemachine.data.caching.enabled = true (custom)
2021-10-12 06:06:29,516 [EventQueue-PipelineReportForPipelineReportHandler] INFO  pipeline.PipelineManagerImpl (PipelineManagerImpl.java:openPipeline(282)) - Pipeline Pipeline[ Id: 1052ff25-57f6-44ce-bc84-ecb93fb1a688, Nodes: f6edce37-208d-40f1-ab7e-323414b00593{ip: 10.1.0.59, host: fv-az297-361.nmf1rxwemy4u5di1sxxf4ejcwb.jx.internal.cloudapp.net, ports: [REPLICATION=37231, RATIS=35829, RATIS_ADMIN=35829, RATIS_SERVER=35829, STANDALONE=34061], networkLocation: /default-rack, certSerialId: null, persistedOpState: IN_SERVICE, persistedOpStateExpiryEpochSec: 0}, ReplicationConfig: RATIS/ONE, State:ALLOCATED, leaderId:f6edce37-208d-40f1-ab7e-323414b00593, CreationTimestamp2021-10-12T06:06:28.512Z[Etc/UTC]] moved to OPEN state
2021-10-12 06:06:29,517 [pool-696-thread-1] INFO  segmented.SegmentedRaftLogWorker (SegmentedRaftLogWorker.java:lambda$new$0(133)) - f6edce37-208d-40f1-ab7e-323414b00593@group-ECB93FB1A688-SegmentedRaftLogWorker: flushIndex: setUnconditionally 0 -> -1
2021-10-12 06:06:29,517 [pool-696-thread-1] INFO  segmented.SegmentedRaftLogWorker (SegmentedRaftLogWorker.java:lambda$new$0(133)) - f6edce37-208d-40f1-ab7e-323414b00593@group-ECB93FB1A688-SegmentedRaftLogWorker: safeCacheEvictIndex: setUnconditionally 0 -> -1
2021-10-12 06:06:29,518 [pool-696-thread-1] INFO  server.RaftServerConfigKeys (ConfUtils.java:logGet(44)) - raft.server.snapshot.auto.trigger.enabled = true (custom)
2021-10-12 06:06:29,518 [pool-696-thread-1] INFO  server.RaftServerConfigKeys (ConfUtils.java:logGet(44)) - raft.server.snapshot.auto.trigger.threshold = 10000 (custom)
2021-10-12 06:06:29,518 [pool-696-thread-1] INFO  server.RaftServerConfigKeys (ConfUtils.java:logGet(44)) - raft.server.snapshot.retention.file.num = 5 (custom)
2021-10-12 06:06:29,518 [pool-696-thread-1] INFO  server.RaftServerConfigKeys (ConfUtils.java:logGet(44)) - raft.server.log.purge.upto.snapshot.index = false (default)
2021-10-12 06:06:29,518 [pool-696-thread-1] INFO  server.RaftServerConfigKeys (ConfUtils.java:logGet(44)) - raft.server.retrycache.expirytime = 600000ms (custom)
2021-10-12 06:06:29,518 [pool-696-thread-1] INFO  server.RaftServerConfigKeys (ConfUtils.java:logGet(44)) - raft.server.retrycache.statistics.expirytime = 100μs (default)
2021-10-12 06:06:29,519 [pool-696-thread-1] INFO  server.RaftServer$Division (RaftServerImpl.java:start(296)) - f6edce37-208d-40f1-ab7e-323414b00593@group-ECB93FB1A688: start as a follower, conf=-1: [f6edce37-208d-40f1-ab7e-323414b00593|rpc:10.1.0.59:35829|priority:1], old=null
2021-10-12 06:06:29,520 [pool-696-thread-1] INFO  server.RaftServer$Division (RaftServerImpl.java:setRole(285)) - f6edce37-208d-40f1-ab7e-323414b00593@group-ECB93FB1A688: changes role from      null to FOLLOWER at term 0 for startAsFollower
2021-10-12 06:06:29,520 [pool-696-thread-1] INFO  impl.RoleInfo (RoleInfo.java:updateAndGet(130)) - f6edce37-208d-40f1-ab7e-323414b00593: start f6edce37-208d-40f1-ab7e-323414b00593@group-ECB93FB1A688-FollowerState
2021-10-12 06:06:29,541 [pool-696-thread-1] INFO  util.JmxRegister (JmxRegister.java:tryRegister(44)) - Successfully registered JMX Bean with object name Ratis:service=RaftServer,group=group-ECB93FB1A688,id=f6edce37-208d-40f1-ab7e-323414b00593
2021-10-12 06:06:29,558 [Listener at 127.0.0.1/38829] INFO  ozone.MiniOzoneClusterImpl (MiniOzoneClusterImpl.java:shutdown(453)) - Shutting down the Mini Ozone Cluster
2021-10-12 06:06:29,559 [Listener at 127.0.0.1/38829] INFO  ozone.MiniOzoneClusterImpl (MiniOzoneClusterImpl.java:stop(468)) - Stopping the Mini Ozone Cluster
2021-10-12 06:06:29,559 [Listener at 127.0.0.1/38829] INFO  ozone.MiniOzoneClusterImpl (MiniOzoneClusterImpl.java:stopOM(550)) - Stopping the OzoneManager
2021-10-12 06:06:29,559 [Listener at 127.0.0.1/38829] INFO  om.OzoneManager (OzoneManager.java:stop(1664)) - Stopping Ozone Manager
2021-10-12 06:06:29,559 [Listener at 127.0.0.1/38829] INFO  ipc.Server (Server.java:stop(3414)) - Stopping server on 38829
2021-10-12 06:06:29,571 [pool-524-thread-1] INFO  server.RaftServer$Division (RaftServerImpl.java:<init>(181)) - 69929a81-75b5-4e59-a9cb-c7e6f0fb6fd6: new RaftServerImpl for group-D0BF975CEDA1:[69929a81-75b5-4e59-a9cb-c7e6f0fb6fd6|rpc:10.1.0.59:40555|priority:1, 8094cd77-30c2-47d7-ab82-7abee48b2f8b|rpc:10.1.0.59:44663|priority:0, f6edce37-208d-40f1-ab7e-323414b00593|rpc:10.1.0.59:35829|priority:0] with ContainerStateMachine:uninitialized
2021-10-12 06:06:29,571 [pool-524-thread-1] INFO  server.RaftServerConfigKeys (ConfUtils.java:logGet(44)) - raft.server.rpc.timeout.min = 5s (custom)
2021-10-12 06:06:29,571 [pool-524-thread-1] INFO  server.RaftServerConfigKeys (ConfUtils.java:logGet(44)) - raft.server.rpc.timeout.max = 5200ms (custom)
2021-10-12 06:06:29,571 [pool-524-thread-1] INFO  server.RaftServerConfigKeys (ConfUtils.java:logGet(44)) - raft.server.rpc.sleep.time = 25ms (default)
2021-10-12 06:06:29,572 [pool-524-thread-1] INFO  server.RaftServerConfigKeys (ConfUtils.java:logGet(44)) - raft.server.rpc.slowness.timeout = 300000ms (custom)
2021-10-12 06:06:29,572 [pool-524-thread-1] INFO  server.RaftServerConfigKeys (ConfUtils.java:logGet(44)) - raft.server.leaderelection.leader.step-down.wait-time = 10s (default)
2021-10-12 06:06:29,572 [pool-524-thread-1] INFO  server.RaftServerConfigKeys (ConfUtils.java:logGet(44)) - raft.server.sleep.deviation.threshold = 300ms (default)
2021-10-12 06:06:29,572 [pool-524-thread-1] INFO  server.RaftServerConfigKeys (ConfUtils.java:logGet(44)) - raft.server.log.appender.install.snapshot.enabled = false (custom)
2021-10-12 06:06:29,572 [pool-524-thread-1] INFO  server.RaftServer$Division (ServerState.java:<init>(105)) - 69929a81-75b5-4e59-a9cb-c7e6f0fb6fd6@group-D0BF975CEDA1: ConfigurationManager, init=-1: [69929a81-75b5-4e59-a9cb-c7e6f0fb6fd6|rpc:10.1.0.59:40555|priority:1, 8094cd77-30c2-47d7-ab82-7abee48b2f8b|rpc:10.1.0.59:44663|priority:0, f6edce37-208d-40f1-ab7e-323414b00593|rpc:10.1.0.59:35829|priority:0], old=null, confs=<EMPTY_MAP>
2021-10-12 06:06:29,572 [pool-524-thread-1] INFO  server.RaftServerConfigKeys (ConfUtils.java:logGet(44)) - raft.server.storage.dir = [/home/runner/work/ozone/ozone/hadoop-ozone/integration-test/target/test-dir/MiniOzoneClusterImpl-c6dc50ab-6fac-4554-b78d-9440f3e38bfb/datanode-0/data/ratis] (custom)
2021-10-12 06:06:29,572 [pool-524-thread-1] INFO  server.RaftServerConfigKeys (ConfUtils.java:logGet(44)) - raft.server.log.corruption.policy = EXCEPTION (default)
2021-10-12 06:06:29,572 [pool-524-thread-1] INFO  server.RaftServerConfigKeys (ConfUtils.java:logGet(44)) - raft.server.storage.free-space.min = 0MB (=0) (default)
2021-10-12 06:06:29,572 [pool-524-thread-1] INFO  storage.RaftStorageDirectory (RaftStorageDirectoryImpl.java:analyzeStorage(135)) - The storage directory /home/runner/work/ozone/ozone/hadoop-ozone/integration-test/target/test-dir/MiniOzoneClusterImpl-c6dc50ab-6fac-4554-b78d-9440f3e38bfb/datanode-0/data/ratis/5ecef51f-4e59-4141-a865-d0bf975ceda1 does not exist. Creating ...
2021-10-12 06:06:29,573 [Command processor thread] INFO  ratis.XceiverServerRatis (XceiverServerRatis.java:addGroup(763)) - Created group PipelineID=1052ff25-57f6-44ce-bc84-ecb93fb1a688
2021-10-12 06:06:29,573 [Command processor thread] INFO  commandhandler.CreatePipelineCommandHandler (CreatePipelineCommandHandler.java:handle(106)) - Created Pipeline RATIS ONE PipelineID=1052ff25-57f6-44ce-bc84-ecb93fb1a688.
2021-10-12 06:06:29,573 [Command processor thread] INFO  server.RaftServer (RaftServerProxy.java:addNew(95)) - f6edce37-208d-40f1-ab7e-323414b00593: addNew group-D184F90DD9F3:[a928fc34-d4b3-4f47-b859-83818f25ed6e|rpc:10.1.0.59:35709|priority:0, 8094cd77-30c2-47d7-ab82-7abee48b2f8b|rpc:10.1.0.59:44663|priority:1, f6edce37-208d-40f1-ab7e-323414b00593|rpc:10.1.0.59:35829|priority:0] returns group-D184F90DD9F3:java.util.concurrent.CompletableFuture@5229d7f[Not completed]
2021-10-12 06:06:29,574 [pool-696-thread-1] INFO  server.RaftServer$Division (RaftServerImpl.java:<init>(181)) - f6edce37-208d-40f1-ab7e-323414b00593: new RaftServerImpl for group-D184F90DD9F3:[a928fc34-d4b3-4f47-b859-83818f25ed6e|rpc:10.1.0.59:35709|priority:0, 8094cd77-30c2-47d7-ab82-7abee48b2f8b|rpc:10.1.0.59:44663|priority:1, f6edce37-208d-40f1-ab7e-323414b00593|rpc:10.1.0.59:35829|priority:0] with ContainerStateMachine:uninitialized
2021-10-12 06:06:29,574 [pool-696-thread-1] INFO  server.RaftServerConfigKeys (ConfUtils.java:logGet(44)) - raft.server.rpc.timeout.min = 5s (custom)
2021-10-12 06:06:29,574 [pool-696-thread-1] INFO  server.RaftServerConfigKeys (ConfUtils.java:logGet(44)) - raft.server.rpc.timeout.max = 5200ms (custom)
2021-10-12 06:06:29,574 [pool-696-thread-1] INFO  server.RaftServerConfigKeys (ConfUtils.java:logGet(44)) - raft.server.rpc.sleep.time = 25ms (default)
2021-10-12 06:06:29,574 [pool-696-thread-1] INFO  server.RaftServerConfigKeys (ConfUtils.java:logGet(44)) - raft.server.rpc.slowness.timeout = 300000ms (custom)
2021-10-12 06:06:29,574 [pool-696-thread-1] INFO  server.RaftServerConfigKeys (ConfUtils.java:logGet(44)) - raft.server.leaderelection.leader.step-down.wait-time = 10s (default)
2021-10-12 06:06:29,574 [pool-696-thread-1] INFO  server.RaftServerConfigKeys (ConfUtils.java:logGet(44)) - raft.server.sleep.deviation.threshold = 300ms (default)
2021-10-12 06:06:29,574 [pool-696-thread-1] INFO  server.RaftServerConfigKeys (ConfUtils.java:logGet(44)) - raft.server.log.appender.install.snapshot.enabled = false (custom)
2021-10-12 06:06:29,574 [pool-696-thread-1] INFO  server.RaftServer$Division (ServerState.java:<init>(105)) - f6edce37-208d-40f1-ab7e-323414b00593@group-D184F90DD9F3: ConfigurationManager, init=-1: [a928fc34-d4b3-4f47-b859-83818f25ed6e|rpc:10.1.0.59:35709|priority:0, 8094cd77-30c2-47d7-ab82-7abee48b2f8b|rpc:10.1.0.59:44663|priority:1, f6edce37-208d-40f1-ab7e-323414b00593|rpc:10.1.0.59:35829|priority:0], old=null, confs=<EMPTY_MAP>
2021-10-12 06:06:29,574 [pool-696-thread-1] INFO  server.RaftServerConfigKeys (ConfUtils.java:logGet(44)) - raft.server.storage.dir = [/home/runner/work/ozone/ozone/hadoop-ozone/integration-test/target/test-dir/MiniOzoneClusterImpl-c6dc50ab-6fac-4554-b78d-9440f3e38bfb/datanode-1/data/ratis] (custom)
2021-10-12 06:06:29,574 [pool-696-thread-1] INFO  server.RaftServerConfigKeys (ConfUtils.java:logGet(44)) - raft.server.log.corruption.policy = EXCEPTION (default)
2021-10-12 06:06:29,574 [pool-696-thread-1] INFO  server.RaftServerConfigKeys (ConfUtils.java:logGet(44)) - raft.server.storage.free-space.min = 0MB (=0) (default)
2021-10-12 06:06:29,574 [pool-696-thread-1] INFO  storage.RaftStorageDirectory (RaftStorageDirectoryImpl.java:analyzeStorage(135)) - The storage directory /home/runner/work/ozone/ozone/hadoop-ozone/integration-test/target/test-dir/MiniOzoneClusterImpl-c6dc50ab-6fac-4554-b78d-9440f3e38bfb/datanode-1/data/ratis/8f317fee-cc95-4c93-953a-d184f90dd9f3 does not exist. Creating ...
2021-10-12 06:06:29,579 [IPC Server Responder] INFO  ipc.Server (Server.java:run(1512)) - Stopping IPC Server Responder
2021-10-12 06:06:29,579 [Listener at 127.0.0.1/38829] INFO  server.RaftServer (RaftServerProxy.java:lambda$close$6(391)) - om1: close
2021-10-12 06:06:29,579 [Listener at 127.0.0.1/38829] INFO  server.RaftServer$Division (RaftServerImpl.java:lambda$close$4(407)) - om1@group-C5BA1605619E: shutdown
2021-10-12 06:06:29,579 [Listener at 127.0.0.1/38829] INFO  util.JmxRegister (JmxRegister.java:unregister(73)) - Successfully un-registered JMX Bean with object name Ratis:service=RaftServer,group=group-C5BA1605619E,id=om1
2021-10-12 06:06:29,579 [Listener at 127.0.0.1/38829] INFO  impl.RoleInfo (RoleInfo.java:shutdownLeaderState(91)) - om1: shutdown om1@group-C5BA1605619E-LeaderStateImpl
2021-10-12 06:06:29,580 [Listener at 127.0.0.1/38829] INFO  impl.PendingRequests (PendingRequests.java:sendNotLeaderResponses(282)) - om1@group-C5BA1605619E-PendingRequests: sendNotLeaderResponses
2021-10-12 06:06:29,583 [Listener at 127.0.0.1/38829] INFO  impl.StateMachineUpdater (StateMachineUpdater.java:stopAndJoin(149)) - om1@group-C5BA1605619E-StateMachineUpdater: set stopIndex = 10
2021-10-12 06:06:29,583 [om1@group-C5BA1605619E-StateMachineUpdater] INFO  ratis.OzoneManagerStateMachine (OzoneManagerStateMachine.java:takeSnapshot(417)) - Current Snapshot Index (t:1, i:10)
2021-10-12 06:06:29,583 [om1@group-C5BA1605619E-StateMachineUpdater] INFO  impl.StateMachineUpdater (StateMachineUpdater.java:takeSnapshot(281)) - om1@group-C5BA1605619E-StateMachineUpdater: Took a snapshot at index 10
2021-10-12 06:06:29,583 [om1@group-C5BA1605619E-StateMachineUpdater] INFO  impl.StateMachineUpdater (StateMachineUpdater.java:lambda$new$0(89)) - om1@group-C5BA1605619E-StateMachineUpdater: snapshotIndex: updateIncreasingly -1 -> 10
2021-10-12 06:06:29,583 [om1@group-C5BA1605619E-StateMachineUpdater] INFO  ratis.OzoneManagerStateMachine (OzoneManagerStateMachine.java:close(471)) - StateMachine has shutdown. Shutdown OzoneManager if not already shutdown.
2021-10-12 06:06:29,583 [Command processor thread] INFO  server.RaftServer (RaftServerProxy.java:addNew(95)) - 69929a81-75b5-4e59-a9cb-c7e6f0fb6fd6: addNew group-D0BF975CEDA1:[69929a81-75b5-4e59-a9cb-c7e6f0fb6fd6|rpc:10.1.0.59:40555|priority:1, 8094cd77-30c2-47d7-ab82-7abee48b2f8b|rpc:10.1.0.59:44663|priority:0, f6edce37-208d-40f1-ab7e-323414b00593|rpc:10.1.0.59:35829|priority:0] returns group-D0BF975CEDA1:java.util.concurrent.CompletableFuture@728c8b50[Not completed]
2021-10-12 06:06:29,584 [pool-696-thread-1] INFO  storage.RaftStorageDirectory (RaftStorageDirectoryImpl.java:tryLock(230)) - Lock on /home/runner/work/ozone/ozone/hadoop-ozone/integration-test/target/test-dir/MiniOzoneClusterImpl-c6dc50ab-6fac-4554-b78d-9440f3e38bfb/datanode-1/data/ratis/8f317fee-cc95-4c93-953a-d184f90dd9f3/in_use.lock acquired by nodename 8742@fv-az297-361
2021-10-12 06:06:29,585 [Listener at 127.0.0.1/38829] INFO  server.RaftServer$Division (ServerState.java:close(419)) - om1@group-C5BA1605619E: closes. applyIndex: 10
2021-10-12 06:06:29,585 [pool-524-thread-1] INFO  storage.RaftStorageDirectory (RaftStorageDirectoryImpl.java:tryLock(230)) - Lock on /home/runner/work/ozone/ozone/hadoop-ozone/integration-test/target/test-dir/MiniOzoneClusterImpl-c6dc50ab-6fac-4554-b78d-9440f3e38bfb/datanode-0/data/ratis/5ecef51f-4e59-4141-a865-d0bf975ceda1/in_use.lock acquired by nodename 8742@fv-az297-361
2021-10-12 06:06:29,585 [om1@group-C5BA1605619E-SegmentedRaftLogWorker] INFO  segmented.SegmentedRaftLogWorker (SegmentedRaftLogWorker.java:run(327)) - om1@group-C5BA1605619E-SegmentedRaftLogWorker was interrupted, exiting. There are 0 tasks remaining in the queue.
2021-10-12 06:06:29,595 [Listener at 127.0.0.1/38829] INFO  segmented.SegmentedRaftLogWorker (SegmentedRaftLogWorker.java:close(237)) - om1@group-C5BA1605619E-SegmentedRaftLogWorker close()
2021-10-12 06:06:29,596 [Listener at 127.0.0.1/38829] INFO  server.GrpcService (GrpcService.java:closeImpl(262)) - om1: shutdown server with port 9872 now
2021-10-12 06:06:29,598 [Listener at 127.0.0.1/38829] INFO  server.GrpcService (GrpcService.java:closeImpl(271)) - om1: shutdown server with port 9872 successfully
2021-10-12 06:06:29,598 [org.apache.ratis.util.JvmPauseMonitor$$Lambda$531/599601214@18cb40f0] INFO  util.JvmPauseMonitor (JvmPauseMonitor.java:run(109)) - JvmPauseMonitor-om1: Stopped
2021-10-12 06:06:29,598 [Listener at 127.0.0.1/38829] INFO  ratis.OzoneManagerDoubleBuffer (OzoneManagerDoubleBuffer.java:stop(437)) - Stopping OMDoubleBuffer flush thread
2021-10-12 06:06:29,598 [OMDoubleBufferFlushThread] INFO  ratis.OzoneManagerDoubleBuffer (OzoneManagerDoubleBuffer.java:flushTransactions(356)) - OMDoubleBuffer flush thread OMDoubleBufferFlushThread is interrupted and will exit. OMDoubleBufferFlushThread
2021-10-12 06:06:29,600 [Listener at 127.0.0.1/38829] INFO  utils.BackgroundService (BackgroundService.java:shutdown(132)) - Shutting down service KeyDeletingService
2021-10-12 06:06:29,600 [Listener at 127.0.0.1/38829] INFO  utils.BackgroundService (BackgroundService.java:shutdown(132)) - Shutting down service DirectoryDeletingService
2021-10-12 06:06:29,601 [Listener at 127.0.0.1/38829] INFO  handler.ContextHandler (ContextHandler.java:doStop(1153)) - Stopped o.e.j.w.WebAppContext@1217f947{ozoneManager,/,null,STOPPED}{file:/home/runner/work/ozone/ozone/hadoop-ozone/integration-test/target/test-classes/webapps/ozoneManager}
2021-10-12 06:06:29,613 [Listener at 127.0.0.1/38829] INFO  server.AbstractConnector (AbstractConnector.java:doStop(381)) - Stopped ServerConnector@4b7a0e2d{HTTP/1.1, (http/1.1)}{0.0.0.0:0}
2021-10-12 06:06:29,614 [Listener at 127.0.0.1/38829] INFO  server.session (HouseKeeper.java:stopScavenging(149)) - node0 Stopped scavenging
2021-10-12 06:06:29,614 [Listener at 127.0.0.1/38829] INFO  handler.ContextHandler (ContextHandler.java:doStop(1153)) - Stopped o.e.j.s.ServletContextHandler@11e7a905{static,/static,file:///home/runner/work/ozone/ozone/hadoop-ozone/integration-test/target/test-classes/webapps/static,STOPPED}
2021-10-12 06:06:29,614 [Listener at 127.0.0.1/38829] INFO  handler.ContextHandler (ContextHandler.java:doStop(1153)) - Stopped o.e.j.s.ServletContextHandler@cffd133{logs,/logs,file:///home/runner/work/ozone/ozone/hadoop-ozone/integration-test/target/log,STOPPED}
2021-10-12 06:06:29,615 [pool-696-thread-1] INFO  storage.RaftStorage (RaftStorageImpl.java:format(89)) - Storage directory /home/runner/work/ozone/ozone/hadoop-ozone/integration-test/target/test-dir/MiniOzoneClusterImpl-c6dc50ab-6fac-4554-b78d-9440f3e38bfb/datanode-1/data/ratis/8f317fee-cc95-4c93-953a-d184f90dd9f3 has been successfully formatted.
2021-10-12 06:06:29,615 [pool-696-thread-1] INFO  ratis.ContainerStateMachine (ContainerStateMachine.java:loadSnapshot(224)) - group-D184F90DD9F3: The snapshot info is null. Setting the last applied indexto:(t:0, i:~)
2021-10-12 06:06:29,616 [IPC Server listener on 0] INFO  ipc.Server (Server.java:run(1376)) - Stopping IPC Server listener on 0
2021-10-12 06:06:29,617 [pool-524-thread-1] INFO  storage.RaftStorage (RaftStorageImpl.java:format(89)) - Storage directory /home/runner/work/ozone/ozone/hadoop-ozone/integration-test/target/test-dir/MiniOzoneClusterImpl-c6dc50ab-6fac-4554-b78d-9440f3e38bfb/datanode-0/data/ratis/5ecef51f-4e59-4141-a865-d0bf975ceda1 has been successfully formatted.
2021-10-12 06:06:29,618 [pool-524-thread-1] INFO  ratis.ContainerStateMachine (ContainerStateMachine.java:loadSnapshot(224)) - group-D0BF975CEDA1: The snapshot info is null. Setting the last applied indexto:(t:0, i:~)
2021-10-12 06:06:29,620 [pool-696-thread-1] INFO  server.RaftServerConfigKeys (ConfUtils.java:logGet(44)) - raft.server.notification.no-leader.timeout = 300000ms (custom)
2021-10-12 06:06:29,620 [pool-696-thread-1] INFO  server.RaftServerConfigKeys (ConfUtils.java:logGet(44)) - raft.server.log.use.memory = false (default)
2021-10-12 06:06:29,620 [pool-696-thread-1] INFO  server.RaftServerConfigKeys (ConfUtils.java:logGet(44)) - raft.server.log.purge.gap = 1000000 (custom)
2021-10-12 06:06:29,620 [pool-696-thread-1] INFO  server.RaftServerConfigKeys (ConfUtils.java:logGet(44)) - raft.server.log.appender.buffer.byte-limit = 33554432 (custom)
2021-10-12 06:06:29,621 [pool-696-thread-1] INFO  server.RaftServerConfigKeys (ConfUtils.java:logGet(44)) - raft.server.log.segment.size.max = 1048576 (custom)
2021-10-12 06:06:29,621 [pool-696-thread-1] INFO  server.RaftServerConfigKeys (ConfUtils.java:logGet(44)) - raft.server.log.segment.cache.num.max = 2 (custom)
2021-10-12 06:06:29,621 [pool-696-thread-1] INFO  server.RaftServerConfigKeys (ConfUtils.java:logGet(44)) - raft.server.log.segment.cache.size.max = 200MB (=209715200) (default)
2021-10-12 06:06:29,621 [pool-696-thread-1] INFO  segmented.SegmentedRaftLogWorker (SegmentedRaftLogWorker.java:<init>(182)) - new f6edce37-208d-40f1-ab7e-323414b00593@group-D184F90DD9F3-SegmentedRaftLogWorker for RaftStorageImpl:Storage Directory /home/runner/work/ozone/ozone/hadoop-ozone/integration-test/target/test-dir/MiniOzoneClusterImpl-c6dc50ab-6fac-4554-b78d-9440f3e38bfb/datanode-1/data/ratis/8f317fee-cc95-4c93-953a-d184f90dd9f3
2021-10-12 06:06:29,621 [pool-696-thread-1] INFO  server.RaftServerConfigKeys (ConfUtils.java:logGet(44)) - raft.server.log.queue.byte-limit = 2147483647 (custom)
2021-10-12 06:06:29,621 [pool-696-thread-1] INFO  server.RaftServerConfigKeys (ConfUtils.java:logGet(44)) - raft.server.log.queue.element-limit = 1024 (custom)
2021-10-12 06:06:29,621 [pool-696-thread-1] INFO  server.RaftServerConfigKeys (ConfUtils.java:logGet(44)) - raft.server.log.segment.size.max = 1048576 (custom)
2021-10-12 06:06:29,621 [pool-696-thread-1] INFO  server.RaftServerConfigKeys (ConfUtils.java:logGet(44)) - raft.server.log.preallocated.size = 16384 (custom)
2021-10-12 06:06:29,621 [pool-696-thread-1] INFO  server.RaftServerConfigKeys (ConfUtils.java:logGet(44)) - raft.server.log.force.sync.num = 128 (default)
2021-10-12 06:06:29,621 [pool-696-thread-1] INFO  server.RaftServerConfigKeys (ConfUtils.java:logGet(44)) - raft.server.log.statemachine.data.sync = true (default)
2021-10-12 06:06:29,621 [pool-696-thread-1] INFO  server.RaftServerConfigKeys (ConfUtils.java:logGet(44)) - raft.server.log.statemachine.data.sync.timeout = 10s (default)
2021-10-12 06:06:29,621 [pool-696-thread-1] INFO  server.RaftServerConfigKeys (ConfUtils.java:logGet(44)) - raft.server.log.statemachine.data.sync.timeout.retry = -1 (default)
2021-10-12 06:06:29,622 [pool-696-thread-1] INFO  server.RaftServerConfigKeys (ConfUtils.java:logGet(44)) - raft.server.log.write.buffer.size = 1048576 (custom)
2021-10-12 06:06:29,623 [pool-696-thread-1] INFO  server.RaftServerConfigKeys (ConfUtils.java:logGet(44)) - raft.server.log.statemachine.data.caching.enabled = true (custom)
2021-10-12 06:06:29,623 [pool-696-thread-1] INFO  segmented.SegmentedRaftLogWorker (SegmentedRaftLogWorker.java:lambda$new$0(133)) - f6edce37-208d-40f1-ab7e-323414b00593@group-D184F90DD9F3-SegmentedRaftLogWorker: flushIndex: setUnconditionally 0 -> -1
2021-10-12 06:06:29,623 [pool-696-thread-1] INFO  segmented.SegmentedRaftLogWorker (SegmentedRaftLogWorker.java:lambda$new$0(133)) - f6edce37-208d-40f1-ab7e-323414b00593@group-D184F90DD9F3-SegmentedRaftLogWorker: safeCacheEvictIndex: setUnconditionally 0 -> -1
2021-10-12 06:06:29,623 [Datanode State Machine Thread - 0] WARN  statemachine.StateContext (StateContext.java:execute(621)) - No available thread in pool for past 1 seconds.
2021-10-12 06:06:29,626 [pool-524-thread-1] INFO  server.RaftServerConfigKeys (ConfUtils.java:logGet(44)) - raft.server.notification.no-leader.timeout = 300000ms (custom)
2021-10-12 06:06:29,626 [pool-524-thread-1] INFO  server.RaftServerConfigKeys (ConfUtils.java:logGet(44)) - raft.server.log.use.memory = false (default)
2021-10-12 06:06:29,626 [pool-524-thread-1] INFO  server.RaftServerConfigKeys (ConfUtils.java:logGet(44)) - raft.server.log.purge.gap = 1000000 (custom)
2021-10-12 06:06:29,626 [pool-524-thread-1] INFO  server.RaftServerConfigKeys (ConfUtils.java:logGet(44)) - raft.server.log.appender.buffer.byte-limit = 33554432 (custom)
2021-10-12 06:06:29,626 [pool-524-thread-1] INFO  server.RaftServerConfigKeys (ConfUtils.java:logGet(44)) - raft.server.log.segment.size.max = 1048576 (custom)
2021-10-12 06:06:29,626 [pool-524-thread-1] INFO  server.RaftServerConfigKeys (ConfUtils.java:logGet(44)) - raft.server.log.segment.cache.num.max = 2 (custom)
2021-10-12 06:06:29,626 [pool-524-thread-1] INFO  server.RaftServerConfigKeys (ConfUtils.java:logGet(44)) - raft.server.log.segment.cache.size.max = 200MB (=209715200) (default)
2021-10-12 06:06:29,627 [pool-524-thread-1] INFO  segmented.SegmentedRaftLogWorker (SegmentedRaftLogWorker.java:<init>(182)) - new 69929a81-75b5-4e59-a9cb-c7e6f0fb6fd6@group-D0BF975CEDA1-SegmentedRaftLogWorker for RaftStorageImpl:Storage Directory /home/runner/work/ozone/ozone/hadoop-ozone/integration-test/target/test-dir/MiniOzoneClusterImpl-c6dc50ab-6fac-4554-b78d-9440f3e38bfb/datanode-0/data/ratis/5ecef51f-4e59-4141-a865-d0bf975ceda1
2021-10-12 06:06:29,627 [pool-524-thread-1] INFO  server.RaftServerConfigKeys (ConfUtils.java:logGet(44)) - raft.server.log.queue.byte-limit = 2147483647 (custom)
2021-10-12 06:06:29,627 [pool-524-thread-1] INFO  server.RaftServerConfigKeys (ConfUtils.java:logGet(44)) - raft.server.log.queue.element-limit = 1024 (custom)
2021-10-12 06:06:29,627 [pool-524-thread-1] INFO  server.RaftServerConfigKeys (ConfUtils.java:logGet(44)) - raft.server.log.segment.size.max = 1048576 (custom)
2021-10-12 06:06:29,627 [pool-524-thread-1] INFO  server.RaftServerConfigKeys (ConfUtils.java:logGet(44)) - raft.server.log.preallocated.size = 16384 (custom)
2021-10-12 06:06:29,627 [pool-524-thread-1] INFO  server.RaftServerConfigKeys (ConfUtils.java:logGet(44)) - raft.server.log.force.sync.num = 128 (default)
2021-10-12 06:06:29,627 [pool-524-thread-1] INFO  server.RaftServerConfigKeys (ConfUtils.java:logGet(44)) - raft.server.log.statemachine.data.sync = true (default)
2021-10-12 06:06:29,627 [pool-524-thread-1] INFO  server.RaftServerConfigKeys (ConfUtils.java:logGet(44)) - raft.server.log.statemachine.data.sync.timeout = 10s (default)
2021-10-12 06:06:29,627 [pool-524-thread-1] INFO  server.RaftServerConfigKeys (ConfUtils.java:logGet(44)) - raft.server.log.statemachine.data.sync.timeout.retry = -1 (default)
2021-10-12 06:06:29,630 [pool-524-thread-1] INFO  server.RaftServerConfigKeys (ConfUtils.java:logGet(44)) - raft.server.log.write.buffer.size = 1048576 (custom)
2021-10-12 06:06:29,631 [pool-524-thread-1] INFO  server.RaftServerConfigKeys (ConfUtils.java:logGet(44)) - raft.server.log.statemachine.data.caching.enabled = true (custom)
2021-10-12 06:06:29,631 [pool-524-thread-1] INFO  segmented.SegmentedRaftLogWorker (SegmentedRaftLogWorker.java:lambda$new$0(133)) - 69929a81-75b5-4e59-a9cb-c7e6f0fb6fd6@group-D0BF975CEDA1-SegmentedRaftLogWorker: flushIndex: setUnconditionally 0 -> -1
2021-10-12 06:06:29,631 [pool-524-thread-1] INFO  segmented.SegmentedRaftLogWorker (SegmentedRaftLogWorker.java:lambda$new$0(133)) - 69929a81-75b5-4e59-a9cb-c7e6f0fb6fd6@group-D0BF975CEDA1-SegmentedRaftLogWorker: safeCacheEvictIndex: setUnconditionally 0 -> -1
2021-10-12 06:06:29,631 [pool-696-thread-1] INFO  server.RaftServerConfigKeys (ConfUtils.java:logGet(44)) - raft.server.snapshot.auto.trigger.enabled = true (custom)
2021-10-12 06:06:29,632 [pool-696-thread-1] INFO  server.RaftServerConfigKeys (ConfUtils.java:logGet(44)) - raft.server.snapshot.auto.trigger.threshold = 10000 (custom)
2021-10-12 06:06:29,632 [pool-696-thread-1] INFO  server.RaftServerConfigKeys (ConfUtils.java:logGet(44)) - raft.server.snapshot.retention.file.num = 5 (custom)
2021-10-12 06:06:29,632 [pool-696-thread-1] INFO  server.RaftServerConfigKeys (ConfUtils.java:logGet(44)) - raft.server.log.purge.upto.snapshot.index = false (default)
2021-10-12 06:06:29,642 [pool-524-thread-1] INFO  server.RaftServerConfigKeys (ConfUtils.java:logGet(44)) - raft.server.snapshot.auto.trigger.enabled = true (custom)
2021-10-12 06:06:29,642 [pool-524-thread-1] INFO  server.RaftServerConfigKeys (ConfUtils.java:logGet(44)) - raft.server.snapshot.auto.trigger.threshold = 10000 (custom)
2021-10-12 06:06:29,642 [pool-524-thread-1] INFO  server.RaftServerConfigKeys (ConfUtils.java:logGet(44)) - raft.server.snapshot.retention.file.num = 5 (custom)
2021-10-12 06:06:29,642 [pool-524-thread-1] INFO  server.RaftServerConfigKeys (ConfUtils.java:logGet(44)) - raft.server.log.purge.upto.snapshot.index = false (default)
2021-10-12 06:06:29,642 [pool-524-thread-1] INFO  server.RaftServerConfigKeys (ConfUtils.java:logGet(44)) - raft.server.retrycache.expirytime = 600000ms (custom)
2021-10-12 06:06:29,642 [pool-524-thread-1] INFO  server.RaftServerConfigKeys (ConfUtils.java:logGet(44)) - raft.server.retrycache.statistics.expirytime = 100μs (default)
2021-10-12 06:06:29,643 [pool-524-thread-1] INFO  server.RaftServer$Division (RaftServerImpl.java:start(296)) - 69929a81-75b5-4e59-a9cb-c7e6f0fb6fd6@group-D0BF975CEDA1: start as a follower, conf=-1: [69929a81-75b5-4e59-a9cb-c7e6f0fb6fd6|rpc:10.1.0.59:40555|priority:1, 8094cd77-30c2-47d7-ab82-7abee48b2f8b|rpc:10.1.0.59:44663|priority:0, f6edce37-208d-40f1-ab7e-323414b00593|rpc:10.1.0.59:35829|priority:0], old=null
2021-10-12 06:06:29,643 [pool-524-thread-1] INFO  server.RaftServer$Division (RaftServerImpl.java:setRole(285)) - 69929a81-75b5-4e59-a9cb-c7e6f0fb6fd6@group-D0BF975CEDA1: changes role from      null to FOLLOWER at term 0 for startAsFollower
2021-10-12 06:06:29,643 [pool-524-thread-1] INFO  impl.RoleInfo (RoleInfo.java:updateAndGet(130)) - 69929a81-75b5-4e59-a9cb-c7e6f0fb6fd6: start 69929a81-75b5-4e59-a9cb-c7e6f0fb6fd6@group-D0BF975CEDA1-FollowerState
2021-10-12 06:06:29,647 [pool-524-thread-1] INFO  util.JmxRegister (JmxRegister.java:tryRegister(44)) - Successfully registered JMX Bean with object name Ratis:service=RaftServer,group=group-D0BF975CEDA1,id=69929a81-75b5-4e59-a9cb-c7e6f0fb6fd6
2021-10-12 06:06:29,658 [Listener at 127.0.0.1/38829] INFO  ozone.MiniOzoneClusterImpl (MiniOzoneClusterImpl.java:stopDatanodes(527)) - Stopping the HddsDatanodes
2021-10-12 06:06:29,682 [Command processor thread] INFO  ratis.XceiverServerRatis (XceiverServerRatis.java:addGroup(763)) - Created group PipelineID=5ecef51f-4e59-4141-a865-d0bf975ceda1
2021-10-12 06:06:29,685 [pool-696-thread-1] INFO  server.RaftServerConfigKeys (ConfUtils.java:logGet(44)) - raft.server.retrycache.expirytime = 600000ms (custom)
2021-10-12 06:06:29,685 [pool-696-thread-1] INFO  server.RaftServerConfigKeys (ConfUtils.java:logGet(44)) - raft.server.retrycache.statistics.expirytime = 100μs (default)
2021-10-12 06:06:29,686 [pool-696-thread-1] INFO  server.RaftServer$Division (RaftServerImpl.java:start(296)) - f6edce37-208d-40f1-ab7e-323414b00593@group-D184F90DD9F3: start as a follower, conf=-1: [a928fc34-d4b3-4f47-b859-83818f25ed6e|rpc:10.1.0.59:35709|priority:0, 8094cd77-30c2-47d7-ab82-7abee48b2f8b|rpc:10.1.0.59:44663|priority:1, f6edce37-208d-40f1-ab7e-323414b00593|rpc:10.1.0.59:35829|priority:0], old=null
2021-10-12 06:06:29,686 [pool-696-thread-1] INFO  server.RaftServer$Division (RaftServerImpl.java:setRole(285)) - f6edce37-208d-40f1-ab7e-323414b00593@group-D184F90DD9F3: changes role from      null to FOLLOWER at term 0 for startAsFollower
2021-10-12 06:06:29,686 [pool-696-thread-1] INFO  impl.RoleInfo (RoleInfo.java:updateAndGet(130)) - f6edce37-208d-40f1-ab7e-323414b00593: start f6edce37-208d-40f1-ab7e-323414b00593@group-D184F90DD9F3-FollowerState
2021-10-12 06:06:29,691 [grpc-default-executor-4] INFO  server.RaftServer (RaftServerProxy.java:addNew(95)) - f6edce37-208d-40f1-ab7e-323414b00593: addNew group-D0BF975CEDA1:[69929a81-75b5-4e59-a9cb-c7e6f0fb6fd6|rpc:10.1.0.59:40555|dataStream:|priority:1, 8094cd77-30c2-47d7-ab82-7abee48b2f8b|rpc:10.1.0.59:44663|dataStream:|priority:0, f6edce37-208d-40f1-ab7e-323414b00593|rpc:10.1.0.59:35829|dataStream:|priority:0] returns group-D0BF975CEDA1:java.util.concurrent.CompletableFuture@701efc0[Not completed]
2021-10-12 06:06:29,712 [pool-696-thread-1] INFO  util.JmxRegister (JmxRegister.java:tryRegister(44)) - Successfully registered JMX Bean with object name Ratis:service=RaftServer,group=group-D184F90DD9F3,id=f6edce37-208d-40f1-ab7e-323414b00593
2021-10-12 06:06:29,714 [pool-696-thread-1] INFO  server.RaftServer$Division (RaftServerImpl.java:<init>(181)) - f6edce37-208d-40f1-ab7e-323414b00593: new RaftServerImpl for group-D0BF975CEDA1:[69929a81-75b5-4e59-a9cb-c7e6f0fb6fd6|rpc:10.1.0.59:40555|dataStream:|priority:1, 8094cd77-30c2-47d7-ab82-7abee48b2f8b|rpc:10.1.0.59:44663|dataStream:|priority:0, f6edce37-208d-40f1-ab7e-323414b00593|rpc:10.1.0.59:35829|dataStream:|priority:0] with ContainerStateMachine:uninitialized
2021-10-12 06:06:29,714 [pool-696-thread-1] INFO  server.RaftServerConfigKeys (ConfUtils.java:logGet(44)) - raft.server.rpc.timeout.min = 5s (custom)
2021-10-12 06:06:29,714 [pool-696-thread-1] INFO  server.RaftServerConfigKeys (ConfUtils.java:logGet(44)) - raft.server.rpc.timeout.max = 5200ms (custom)
2021-10-12 06:06:29,714 [pool-696-thread-1] INFO  server.RaftServerConfigKeys (ConfUtils.java:logGet(44)) - raft.server.rpc.sleep.time = 25ms (default)
2021-10-12 06:06:29,714 [pool-696-thread-1] INFO  server.RaftServerConfigKeys (ConfUtils.java:logGet(44)) - raft.server.rpc.slowness.timeout = 300000ms (custom)
2021-10-12 06:06:29,714 [pool-696-thread-1] INFO  server.RaftServerConfigKeys (ConfUtils.java:logGet(44)) - raft.server.leaderelection.leader.step-down.wait-time = 10s (default)
2021-10-12 06:06:29,714 [pool-696-thread-1] INFO  server.RaftServerConfigKeys (ConfUtils.java:logGet(44)) - raft.server.sleep.deviation.threshold = 300ms (default)
2021-10-12 06:06:29,714 [pool-696-thread-1] INFO  server.RaftServerConfigKeys (ConfUtils.java:logGet(44)) - raft.server.log.appender.install.snapshot.enabled = false (custom)
2021-10-12 06:06:29,714 [pool-696-thread-1] INFO  server.RaftServer$Division (ServerState.java:<init>(105)) - f6edce37-208d-40f1-ab7e-323414b00593@group-D0BF975CEDA1: ConfigurationManager, init=-1: [69929a81-75b5-4e59-a9cb-c7e6f0fb6fd6|rpc:10.1.0.59:40555|dataStream:|priority:1, 8094cd77-30c2-47d7-ab82-7abee48b2f8b|rpc:10.1.0.59:44663|dataStream:|priority:0, f6edce37-208d-40f1-ab7e-323414b00593|rpc:10.1.0.59:35829|dataStream:|priority:0], old=null, confs=<EMPTY_MAP>
2021-10-12 06:06:29,714 [pool-696-thread-1] INFO  server.RaftServerConfigKeys (ConfUtils.java:logGet(44)) - raft.server.storage.dir = [/home/runner/work/ozone/ozone/hadoop-ozone/integration-test/target/test-dir/MiniOzoneClusterImpl-c6dc50ab-6fac-4554-b78d-9440f3e38bfb/datanode-1/data/ratis] (custom)
2021-10-12 06:06:29,714 [pool-696-thread-1] INFO  server.RaftServerConfigKeys (ConfUtils.java:logGet(44)) - raft.server.log.corruption.policy = EXCEPTION (default)
2021-10-12 06:06:29,714 [pool-696-thread-1] INFO  server.RaftServerConfigKeys (ConfUtils.java:logGet(44)) - raft.server.storage.free-space.min = 0MB (=0) (default)
2021-10-12 06:06:29,714 [pool-696-thread-1] INFO  storage.RaftStorageDirectory (RaftStorageDirectoryImpl.java:analyzeStorage(135)) - The storage directory /home/runner/work/ozone/ozone/hadoop-ozone/integration-test/target/test-dir/MiniOzoneClusterImpl-c6dc50ab-6fac-4554-b78d-9440f3e38bfb/datanode-1/data/ratis/5ecef51f-4e59-4141-a865-d0bf975ceda1 does not exist. Creating ...
2021-10-12 06:06:29,715 [Command processor thread] INFO  ratis.XceiverServerRatis (XceiverServerRatis.java:addGroup(763)) - Created group PipelineID=8f317fee-cc95-4c93-953a-d184f90dd9f3
2021-10-12 06:06:29,717 [pool-696-thread-1] INFO  storage.RaftStorageDirectory (RaftStorageDirectoryImpl.java:tryLock(230)) - Lock on /home/runner/work/ozone/ozone/hadoop-ozone/integration-test/target/test-dir/MiniOzoneClusterImpl-c6dc50ab-6fac-4554-b78d-9440f3e38bfb/datanode-1/data/ratis/5ecef51f-4e59-4141-a865-d0bf975ceda1/in_use.lock acquired by nodename 8742@fv-az297-361
2021-10-12 06:06:29,720 [grpc-default-executor-4] INFO  server.RaftServer (RaftServerProxy.java:addNew(95)) - a928fc34-d4b3-4f47-b859-83818f25ed6e: addNew group-D184F90DD9F3:[a928fc34-d4b3-4f47-b859-83818f25ed6e|rpc:10.1.0.59:35709|dataStream:|priority:0, 8094cd77-30c2-47d7-ab82-7abee48b2f8b|rpc:10.1.0.59:44663|dataStream:|priority:1, f6edce37-208d-40f1-ab7e-323414b00593|rpc:10.1.0.59:35829|dataStream:|priority:0] returns group-D184F90DD9F3:java.util.concurrent.CompletableFuture@2d8b9903[Not completed]
2021-10-12 06:06:29,721 [pool-562-thread-1] INFO  server.RaftServer$Division (RaftServerImpl.java:<init>(181)) - a928fc34-d4b3-4f47-b859-83818f25ed6e: new RaftServerImpl for group-D184F90DD9F3:[a928fc34-d4b3-4f47-b859-83818f25ed6e|rpc:10.1.0.59:35709|dataStream:|priority:0, 8094cd77-30c2-47d7-ab82-7abee48b2f8b|rpc:10.1.0.59:44663|dataStream:|priority:1, f6edce37-208d-40f1-ab7e-323414b00593|rpc:10.1.0.59:35829|dataStream:|priority:0] with ContainerStateMachine:uninitialized
2021-10-12 06:06:29,721 [pool-562-thread-1] INFO  server.RaftServerConfigKeys (ConfUtils.java:logGet(44)) - raft.server.rpc.timeout.min = 5s (custom)
2021-10-12 06:06:29,721 [pool-562-thread-1] INFO  server.RaftServerConfigKeys (ConfUtils.java:logGet(44)) - raft.server.rpc.timeout.max = 5200ms (custom)
2021-10-12 06:06:29,721 [pool-562-thread-1] INFO  server.RaftServerConfigKeys (ConfUtils.java:logGet(44)) - raft.server.rpc.sleep.time = 25ms (default)
2021-10-12 06:06:29,721 [pool-562-thread-1] INFO  server.RaftServerConfigKeys (ConfUtils.java:logGet(44)) - raft.server.rpc.slowness.timeout = 300000ms (custom)
2021-10-12 06:06:29,721 [pool-562-thread-1] INFO  server.RaftServerConfigKeys (ConfUtils.java:logGet(44)) - raft.server.leaderelection.leader.step-down.wait-time = 10s (default)
2021-10-12 06:06:29,721 [pool-562-thread-1] INFO  server.RaftServerConfigKeys (ConfUtils.java:logGet(44)) - raft.server.sleep.deviation.threshold = 300ms (default)
2021-10-12 06:06:29,721 [pool-562-thread-1] INFO  server.RaftServerConfigKeys (ConfUtils.java:logGet(44)) - raft.server.log.appender.install.snapshot.enabled = false (custom)
2021-10-12 06:06:29,721 [pool-562-thread-1] INFO  server.RaftServer$Division (ServerState.java:<init>(105)) - a928fc34-d4b3-4f47-b859-83818f25ed6e@group-D184F90DD9F3: ConfigurationManager, init=-1: [a928fc34-d4b3-4f47-b859-83818f25ed6e|rpc:10.1.0.59:35709|dataStream:|priority:0, 8094cd77-30c2-47d7-ab82-7abee48b2f8b|rpc:10.1.0.59:44663|dataStream:|priority:1, f6edce37-208d-40f1-ab7e-323414b00593|rpc:10.1.0.59:35829|dataStream:|priority:0], old=null, confs=<EMPTY_MAP>
2021-10-12 06:06:29,721 [pool-562-thread-1] INFO  server.RaftServerConfigKeys (ConfUtils.java:logGet(44)) - raft.server.storage.dir = [/home/runner/work/ozone/ozone/hadoop-ozone/integration-test/target/test-dir/MiniOzoneClusterImpl-c6dc50ab-6fac-4554-b78d-9440f3e38bfb/datanode-2/data/ratis] (custom)
2021-10-12 06:06:29,721 [pool-562-thread-1] INFO  server.RaftServerConfigKeys (ConfUtils.java:logGet(44)) - raft.server.log.corruption.policy = EXCEPTION (default)
2021-10-12 06:06:29,721 [pool-562-thread-1] INFO  server.RaftServerConfigKeys (ConfUtils.java:logGet(44)) - raft.server.storage.free-space.min = 0MB (=0) (default)
2021-10-12 06:06:29,721 [pool-562-thread-1] INFO  storage.RaftStorageDirectory (RaftStorageDirectoryImpl.java:analyzeStorage(135)) - The storage directory /home/runner/work/ozone/ozone/hadoop-ozone/integration-test/target/test-dir/MiniOzoneClusterImpl-c6dc50ab-6fac-4554-b78d-9440f3e38bfb/datanode-2/data/ratis/8f317fee-cc95-4c93-953a-d184f90dd9f3 does not exist. Creating ...
2021-10-12 06:06:29,730 [pool-696-thread-1] INFO  storage.RaftStorage (RaftStorageImpl.java:format(89)) - Storage directory /home/runner/work/ozone/ozone/hadoop-ozone/integration-test/target/test-dir/MiniOzoneClusterImpl-c6dc50ab-6fac-4554-b78d-9440f3e38bfb/datanode-1/data/ratis/5ecef51f-4e59-4141-a865-d0bf975ceda1 has been successfully formatted.
2021-10-12 06:06:29,731 [pool-696-thread-1] INFO  ratis.ContainerStateMachine (ContainerStateMachine.java:loadSnapshot(224)) - group-D0BF975CEDA1: The snapshot info is null. Setting the last applied indexto:(t:0, i:~)
2021-10-12 06:06:29,731 [pool-696-thread-1] INFO  server.RaftServerConfigKeys (ConfUtils.java:logGet(44)) - raft.server.notification.no-leader.timeout = 300000ms (custom)
2021-10-12 06:06:29,731 [pool-696-thread-1] INFO  server.RaftServerConfigKeys (ConfUtils.java:logGet(44)) - raft.server.log.use.memory = false (default)
2021-10-12 06:06:29,731 [pool-696-thread-1] INFO  server.RaftServerConfigKeys (ConfUtils.java:logGet(44)) - raft.server.log.purge.gap = 1000000 (custom)
2021-10-12 06:06:29,731 [pool-696-thread-1] INFO  server.RaftServerConfigKeys (ConfUtils.java:logGet(44)) - raft.server.log.appender.buffer.byte-limit = 33554432 (custom)
2021-10-12 06:06:29,731 [pool-696-thread-1] INFO  server.RaftServerConfigKeys (ConfUtils.java:logGet(44)) - raft.server.log.segment.size.max = 1048576 (custom)
2021-10-12 06:06:29,731 [pool-696-thread-1] INFO  server.RaftServerConfigKeys (ConfUtils.java:logGet(44)) - raft.server.log.segment.cache.num.max = 2 (custom)
2021-10-12 06:06:29,731 [pool-696-thread-1] INFO  server.RaftServerConfigKeys (ConfUtils.java:logGet(44)) - raft.server.log.segment.cache.size.max = 200MB (=209715200) (default)
2021-10-12 06:06:29,732 [pool-696-thread-1] INFO  segmented.SegmentedRaftLogWorker (SegmentedRaftLogWorker.java:<init>(182)) - new f6edce37-208d-40f1-ab7e-323414b00593@group-D0BF975CEDA1-SegmentedRaftLogWorker for RaftStorageImpl:Storage Directory /home/runner/work/ozone/ozone/hadoop-ozone/integration-test/target/test-dir/MiniOzoneClusterImpl-c6dc50ab-6fac-4554-b78d-9440f3e38bfb/datanode-1/data/ratis/5ecef51f-4e59-4141-a865-d0bf975ceda1
2021-10-12 06:06:29,732 [pool-696-thread-1] INFO  server.RaftServerConfigKeys (ConfUtils.java:logGet(44)) - raft.server.log.queue.byte-limit = 2147483647 (custom)
2021-10-12 06:06:29,732 [pool-696-thread-1] INFO  server.RaftServerConfigKeys (ConfUtils.java:logGet(44)) - raft.server.log.queue.element-limit = 1024 (custom)
2021-10-12 06:06:29,732 [pool-696-thread-1] INFO  server.RaftServerConfigKeys (ConfUtils.java:logGet(44)) - raft.server.log.segment.size.max = 1048576 (custom)
2021-10-12 06:06:29,732 [pool-696-thread-1] INFO  server.RaftServerConfigKeys (ConfUtils.java:logGet(44)) - raft.server.log.preallocated.size = 16384 (custom)
2021-10-12 06:06:29,732 [pool-696-thread-1] INFO  server.RaftServerConfigKeys (ConfUtils.java:logGet(44)) - raft.server.log.force.sync.num = 128 (default)
2021-10-12 06:06:29,732 [pool-696-thread-1] INFO  server.RaftServerConfigKeys (ConfUtils.java:logGet(44)) - raft.server.log.statemachine.data.sync = true (default)
2021-10-12 06:06:29,732 [pool-696-thread-1] INFO  server.RaftServerConfigKeys (ConfUtils.java:logGet(44)) - raft.server.log.statemachine.data.sync.timeout = 10s (default)
2021-10-12 06:06:29,732 [pool-696-thread-1] INFO  server.RaftServerConfigKeys (ConfUtils.java:logGet(44)) - raft.server.log.statemachine.data.sync.timeout.retry = -1 (default)
2021-10-12 06:06:29,733 [pool-696-thread-1] INFO  server.RaftServerConfigKeys (ConfUtils.java:logGet(44)) - raft.server.log.write.buffer.size = 1048576 (custom)
2021-10-12 06:06:29,733 [pool-696-thread-1] INFO  server.RaftServerConfigKeys (ConfUtils.java:logGet(44)) - raft.server.log.statemachine.data.caching.enabled = true (custom)
2021-10-12 06:06:29,738 [pool-562-thread-1] INFO  storage.RaftStorageDirectory (RaftStorageDirectoryImpl.java:tryLock(230)) - Lock on /home/runner/work/ozone/ozone/hadoop-ozone/integration-test/target/test-dir/MiniOzoneClusterImpl-c6dc50ab-6fac-4554-b78d-9440f3e38bfb/datanode-2/data/ratis/8f317fee-cc95-4c93-953a-d184f90dd9f3/in_use.lock acquired by nodename 8742@fv-az297-361
2021-10-12 06:06:29,738 [pool-696-thread-1] INFO  segmented.SegmentedRaftLogWorker (SegmentedRaftLogWorker.java:lambda$new$0(133)) - f6edce37-208d-40f1-ab7e-323414b00593@group-D0BF975CEDA1-SegmentedRaftLogWorker: flushIndex: setUnconditionally 0 -> -1
2021-10-12 06:06:29,738 [pool-696-thread-1] INFO  segmented.SegmentedRaftLogWorker (SegmentedRaftLogWorker.java:lambda$new$0(133)) - f6edce37-208d-40f1-ab7e-323414b00593@group-D0BF975CEDA1-SegmentedRaftLogWorker: safeCacheEvictIndex: setUnconditionally 0 -> -1
2021-10-12 06:06:29,739 [pool-562-thread-1] INFO  storage.RaftStorage (RaftStorageImpl.java:format(89)) - Storage directory /home/runner/work/ozone/ozone/hadoop-ozone/integration-test/target/test-dir/MiniOzoneClusterImpl-c6dc50ab-6fac-4554-b78d-9440f3e38bfb/datanode-2/data/ratis/8f317fee-cc95-4c93-953a-d184f90dd9f3 has been successfully formatted.
2021-10-12 06:06:29,763 [pool-562-thread-1] INFO  ratis.ContainerStateMachine (ContainerStateMachine.java:loadSnapshot(224)) - group-D184F90DD9F3: The snapshot info is null. Setting the last applied indexto:(t:0, i:~)
2021-10-12 06:06:29,763 [Datanode State Machine Thread - 0] WARN  statemachine.StateContext (StateContext.java:execute(621)) - No available thread in pool for past 1 seconds.
2021-10-12 06:06:29,763 [pool-562-thread-1] INFO  server.RaftServerConfigKeys (ConfUtils.java:logGet(44)) - raft.server.notification.no-leader.timeout = 300000ms (custom)
2021-10-12 06:06:29,763 [pool-562-thread-1] INFO  server.RaftServerConfigKeys (ConfUtils.java:logGet(44)) - raft.server.log.use.memory = false (default)
2021-10-12 06:06:29,763 [pool-562-thread-1] INFO  server.RaftServerConfigKeys (ConfUtils.java:logGet(44)) - raft.server.log.purge.gap = 1000000 (custom)
2021-10-12 06:06:29,763 [pool-562-thread-1] INFO  server.RaftServerConfigKeys (ConfUtils.java:logGet(44)) - raft.server.log.appender.buffer.byte-limit = 33554432 (custom)
2021-10-12 06:06:29,763 [pool-562-thread-1] INFO  server.RaftServerConfigKeys (ConfUtils.java:logGet(44)) - raft.server.log.segment.size.max = 1048576 (custom)
2021-10-12 06:06:29,764 [pool-562-thread-1] INFO  server.RaftServerConfigKeys (ConfUtils.java:logGet(44)) - raft.server.log.segment.cache.num.max = 2 (custom)
2021-10-12 06:06:29,764 [pool-562-thread-1] INFO  server.RaftServerConfigKeys (ConfUtils.java:logGet(44)) - raft.server.log.segment.cache.size.max = 200MB (=209715200) (default)
2021-10-12 06:06:29,764 [pool-562-thread-1] INFO  segmented.SegmentedRaftLogWorker (SegmentedRaftLogWorker.java:<init>(182)) - new a928fc34-d4b3-4f47-b859-83818f25ed6e@group-D184F90DD9F3-SegmentedRaftLogWorker for RaftStorageImpl:Storage Directory /home/runner/work/ozone/ozone/hadoop-ozone/integration-test/target/test-dir/MiniOzoneClusterImpl-c6dc50ab-6fac-4554-b78d-9440f3e38bfb/datanode-2/data/ratis/8f317fee-cc95-4c93-953a-d184f90dd9f3
2021-10-12 06:06:29,764 [pool-562-thread-1] INFO  server.RaftServerConfigKeys (ConfUtils.java:logGet(44)) - raft.server.log.queue.byte-limit = 2147483647 (custom)
2021-10-12 06:06:29,764 [pool-562-thread-1] INFO  server.RaftServerConfigKeys (ConfUtils.java:logGet(44)) - raft.server.log.queue.element-limit = 1024 (custom)
2021-10-12 06:06:29,764 [pool-562-thread-1] INFO  server.RaftServerConfigKeys (ConfUtils.java:logGet(44)) - raft.server.log.segment.size.max = 1048576 (custom)
2021-10-12 06:06:29,764 [pool-562-thread-1] INFO  server.RaftServerConfigKeys (ConfUtils.java:logGet(44)) - raft.server.log.preallocated.size = 16384 (custom)
2021-10-12 06:06:29,764 [pool-562-thread-1] INFO  server.RaftServerConfigKeys (ConfUtils.java:logGet(44)) - raft.server.log.force.sync.num = 128 (default)
2021-10-12 06:06:29,764 [pool-562-thread-1] INFO  server.RaftServerConfigKeys (ConfUtils.java:logGet(44)) - raft.server.log.statemachine.data.sync = true (default)
2021-10-12 06:06:29,764 [pool-562-thread-1] INFO  server.RaftServerConfigKeys (ConfUtils.java:logGet(44)) - raft.server.log.statemachine.data.sync.timeout = 10s (default)
2021-10-12 06:06:29,764 [pool-562-thread-1] INFO  server.RaftServerConfigKeys (ConfUtils.java:logGet(44)) - raft.server.log.statemachine.data.sync.timeout.retry = -1 (default)
2021-10-12 06:06:29,765 [pool-562-thread-1] INFO  server.RaftServerConfigKeys (ConfUtils.java:logGet(44)) - raft.server.log.write.buffer.size = 1048576 (custom)
2021-10-12 06:06:29,765 [pool-562-thread-1] INFO  server.RaftServerConfigKeys (ConfUtils.java:logGet(44)) - raft.server.log.statemachine.data.caching.enabled = true (custom)
2021-10-12 06:06:29,765 [pool-562-thread-1] INFO  segmented.SegmentedRaftLogWorker (SegmentedRaftLogWorker.java:lambda$new$0(133)) - a928fc34-d4b3-4f47-b859-83818f25ed6e@group-D184F90DD9F3-SegmentedRaftLogWorker: flushIndex: setUnconditionally 0 -> -1
2021-10-12 06:06:29,765 [pool-562-thread-1] INFO  segmented.SegmentedRaftLogWorker (SegmentedRaftLogWorker.java:lambda$new$0(133)) - a928fc34-d4b3-4f47-b859-83818f25ed6e@group-D184F90DD9F3-SegmentedRaftLogWorker: safeCacheEvictIndex: setUnconditionally 0 -> -1
2021-10-12 06:06:29,765 [pool-562-thread-1] INFO  server.RaftServerConfigKeys (ConfUtils.java:logGet(44)) - raft.server.snapshot.auto.trigger.enabled = true (custom)
2021-10-12 06:06:29,766 [pool-562-thread-1] INFO  server.RaftServerConfigKeys (ConfUtils.java:logGet(44)) - raft.server.snapshot.auto.trigger.threshold = 10000 (custom)
2021-10-12 06:06:29,766 [pool-562-thread-1] INFO  server.RaftServerConfigKeys (ConfUtils.java:logGet(44)) - raft.server.snapshot.retention.file.num = 5 (custom)
2021-10-12 06:06:29,766 [pool-562-thread-1] INFO  server.RaftServerConfigKeys (ConfUtils.java:logGet(44)) - raft.server.log.purge.upto.snapshot.index = false (default)
2021-10-12 06:06:29,766 [pool-562-thread-1] INFO  server.RaftServerConfigKeys (ConfUtils.java:logGet(44)) - raft.server.retrycache.expirytime = 600000ms (custom)
2021-10-12 06:06:29,766 [pool-562-thread-1] INFO  server.RaftServerConfigKeys (ConfUtils.java:logGet(44)) - raft.server.retrycache.statistics.expirytime = 100μs (default)
2021-10-12 06:06:29,767 [pool-562-thread-1] INFO  server.RaftServer$Division (RaftServerImpl.java:start(296)) - a928fc34-d4b3-4f47-b859-83818f25ed6e@group-D184F90DD9F3: start as a follower, conf=-1: [a928fc34-d4b3-4f47-b859-83818f25ed6e|rpc:10.1.0.59:35709|dataStream:|priority:0, 8094cd77-30c2-47d7-ab82-7abee48b2f8b|rpc:10.1.0.59:44663|dataStream:|priority:1, f6edce37-208d-40f1-ab7e-323414b00593|rpc:10.1.0.59:35829|dataStream:|priority:0], old=null
2021-10-12 06:06:29,767 [pool-562-thread-1] INFO  server.RaftServer$Division (RaftServerImpl.java:setRole(285)) - a928fc34-d4b3-4f47-b859-83818f25ed6e@group-D184F90DD9F3: changes role from      null to FOLLOWER at term 0 for startAsFollower
2021-10-12 06:06:29,767 [pool-562-thread-1] INFO  impl.RoleInfo (RoleInfo.java:updateAndGet(130)) - a928fc34-d4b3-4f47-b859-83818f25ed6e: start a928fc34-d4b3-4f47-b859-83818f25ed6e@group-D184F90DD9F3-FollowerState
2021-10-12 06:06:29,767 [pool-562-thread-1] INFO  util.JmxRegister (JmxRegister.java:tryRegister(44)) - Successfully registered JMX Bean with object name Ratis:service=RaftServer,group=group-D184F90DD9F3,id=a928fc34-d4b3-4f47-b859-83818f25ed6e
2021-10-12 06:06:29,782 [pool-696-thread-1] INFO  server.RaftServerConfigKeys (ConfUtils.java:logGet(44)) - raft.server.snapshot.auto.trigger.enabled = true (custom)
2021-10-12 06:06:29,782 [pool-696-thread-1] INFO  server.RaftServerConfigKeys (ConfUtils.java:logGet(44)) - raft.server.snapshot.auto.trigger.threshold = 10000 (custom)
2021-10-12 06:06:29,782 [pool-696-thread-1] INFO  server.RaftServerConfigKeys (ConfUtils.java:logGet(44)) - raft.server.snapshot.retention.file.num = 5 (custom)
2021-10-12 06:06:29,782 [pool-696-thread-1] INFO  server.RaftServerConfigKeys (ConfUtils.java:logGet(44)) - raft.server.log.purge.upto.snapshot.index = false (default)
2021-10-12 06:06:29,782 [pool-696-thread-1] INFO  server.RaftServerConfigKeys (ConfUtils.java:logGet(44)) - raft.server.retrycache.expirytime = 600000ms (custom)
2021-10-12 06:06:29,782 [pool-696-thread-1] INFO  server.RaftServerConfigKeys (ConfUtils.java:logGet(44)) - raft.server.retrycache.statistics.expirytime = 100μs (default)
2021-10-12 06:06:29,783 [pool-696-thread-1] INFO  server.RaftServer$Division (RaftServerImpl.java:start(296)) - f6edce37-208d-40f1-ab7e-323414b00593@group-D0BF975CEDA1: start as a follower, conf=-1: [69929a81-75b5-4e59-a9cb-c7e6f0fb6fd6|rpc:10.1.0.59:40555|dataStream:|priority:1, 8094cd77-30c2-47d7-ab82-7abee48b2f8b|rpc:10.1.0.59:44663|dataStream:|priority:0, f6edce37-208d-40f1-ab7e-323414b00593|rpc:10.1.0.59:35829|dataStream:|priority:0], old=null
2021-10-12 06:06:29,783 [pool-696-thread-1] INFO  server.RaftServer$Division (RaftServerImpl.java:setRole(285)) - f6edce37-208d-40f1-ab7e-323414b00593@group-D0BF975CEDA1: changes role from      null to FOLLOWER at term 0 for startAsFollower
2021-10-12 06:06:29,783 [pool-696-thread-1] INFO  impl.RoleInfo (RoleInfo.java:updateAndGet(130)) - f6edce37-208d-40f1-ab7e-323414b00593: start f6edce37-208d-40f1-ab7e-323414b00593@group-D0BF975CEDA1-FollowerState
2021-10-12 06:06:29,792 [pool-696-thread-1] INFO  util.JmxRegister (JmxRegister.java:tryRegister(44)) - Successfully registered JMX Bean with object name Ratis:service=RaftServer,group=group-D0BF975CEDA1,id=f6edce37-208d-40f1-ab7e-323414b00593
2021-10-12 06:06:29,831 [grpc-default-executor-4] INFO  server.RaftServer (RaftServerProxy.java:addNew(95)) - 8094cd77-30c2-47d7-ab82-7abee48b2f8b: addNew group-D184F90DD9F3:[a928fc34-d4b3-4f47-b859-83818f25ed6e|rpc:10.1.0.59:35709|dataStream:|priority:0, 8094cd77-30c2-47d7-ab82-7abee48b2f8b|rpc:10.1.0.59:44663|dataStream:|priority:1, f6edce37-208d-40f1-ab7e-323414b00593|rpc:10.1.0.59:35829|dataStream:|priority:0] returns group-D184F90DD9F3:java.util.concurrent.CompletableFuture@45be1e5f[Not completed]
2021-10-12 06:06:29,831 [pool-638-thread-1] INFO  server.RaftServer$Division (RaftServerImpl.java:<init>(181)) - 8094cd77-30c2-47d7-ab82-7abee48b2f8b: new RaftServerImpl for group-D184F90DD9F3:[a928fc34-d4b3-4f47-b859-83818f25ed6e|rpc:10.1.0.59:35709|dataStream:|priority:0, 8094cd77-30c2-47d7-ab82-7abee48b2f8b|rpc:10.1.0.59:44663|dataStream:|priority:1, f6edce37-208d-40f1-ab7e-323414b00593|rpc:10.1.0.59:35829|dataStream:|priority:0] with ContainerStateMachine:uninitialized
2021-10-12 06:06:29,831 [pool-638-thread-1] INFO  server.RaftServerConfigKeys (ConfUtils.java:logGet(44)) - raft.server.rpc.timeout.min = 5s (custom)
2021-10-12 06:06:29,831 [pool-638-thread-1] INFO  server.RaftServerConfigKeys (ConfUtils.java:logGet(44)) - raft.server.rpc.timeout.max = 5200ms (custom)
2021-10-12 06:06:29,831 [pool-638-thread-1] INFO  server.RaftServerConfigKeys (ConfUtils.java:logGet(44)) - raft.server.rpc.sleep.time = 25ms (default)
2021-10-12 06:06:29,831 [pool-638-thread-1] INFO  server.RaftServerConfigKeys (ConfUtils.java:logGet(44)) - raft.server.rpc.slowness.timeout = 300000ms (custom)
2021-10-12 06:06:29,831 [pool-638-thread-1] INFO  server.RaftServerConfigKeys (ConfUtils.java:logGet(44)) - raft.server.leaderelection.leader.step-down.wait-time = 10s (default)
2021-10-12 06:06:29,831 [pool-638-thread-1] INFO  server.RaftServerConfigKeys (ConfUtils.java:logGet(44)) - raft.server.sleep.deviation.threshold = 300ms (default)
2021-10-12 06:06:29,831 [pool-638-thread-1] INFO  server.RaftServerConfigKeys (ConfUtils.java:logGet(44)) - raft.server.log.appender.install.snapshot.enabled = false (custom)
2021-10-12 06:06:29,832 [pool-638-thread-1] INFO  server.RaftServer$Division (ServerState.java:<init>(105)) - 8094cd77-30c2-47d7-ab82-7abee48b2f8b@group-D184F90DD9F3: ConfigurationManager, init=-1: [a928fc34-d4b3-4f47-b859-83818f25ed6e|rpc:10.1.0.59:35709|dataStream:|priority:0, 8094cd77-30c2-47d7-ab82-7abee48b2f8b|rpc:10.1.0.59:44663|dataStream:|priority:1, f6edce37-208d-40f1-ab7e-323414b00593|rpc:10.1.0.59:35829|dataStream:|priority:0], old=null, confs=<EMPTY_MAP>
2021-10-12 06:06:29,832 [pool-638-thread-1] INFO  server.RaftServerConfigKeys (ConfUtils.java:logGet(44)) - raft.server.storage.dir = [/home/runner/work/ozone/ozone/hadoop-ozone/integration-test/target/test-dir/MiniOzoneClusterImpl-c6dc50ab-6fac-4554-b78d-9440f3e38bfb/datanode-6/data/ratis] (custom)
2021-10-12 06:06:29,832 [pool-638-thread-1] INFO  server.RaftServerConfigKeys (ConfUtils.java:logGet(44)) - raft.server.log.corruption.policy = EXCEPTION (default)
2021-10-12 06:06:29,832 [pool-638-thread-1] INFO  server.RaftServerConfigKeys (ConfUtils.java:logGet(44)) - raft.server.storage.free-space.min = 0MB (=0) (default)
2021-10-12 06:06:29,832 [pool-638-thread-1] INFO  storage.RaftStorageDirectory (RaftStorageDirectoryImpl.java:analyzeStorage(135)) - The storage directory /home/runner/work/ozone/ozone/hadoop-ozone/integration-test/target/test-dir/MiniOzoneClusterImpl-c6dc50ab-6fac-4554-b78d-9440f3e38bfb/datanode-6/data/ratis/8f317fee-cc95-4c93-953a-d184f90dd9f3 does not exist. Creating ...
2021-10-12 06:06:29,834 [pool-638-thread-1] INFO  storage.RaftStorageDirectory (RaftStorageDirectoryImpl.java:tryLock(230)) - Lock on /home/runner/work/ozone/ozone/hadoop-ozone/integration-test/target/test-dir/MiniOzoneClusterImpl-c6dc50ab-6fac-4554-b78d-9440f3e38bfb/datanode-6/data/ratis/8f317fee-cc95-4c93-953a-d184f90dd9f3/in_use.lock acquired by nodename 8742@fv-az297-361
2021-10-12 06:06:29,837 [pool-638-thread-1] INFO  storage.RaftStorage (RaftStorageImpl.java:format(89)) - Storage directory /home/runner/work/ozone/ozone/hadoop-ozone/integration-test/target/test-dir/MiniOzoneClusterImpl-c6dc50ab-6fac-4554-b78d-9440f3e38bfb/datanode-6/data/ratis/8f317fee-cc95-4c93-953a-d184f90dd9f3 has been successfully formatted.
2021-10-12 06:06:29,837 [pool-638-thread-1] INFO  ratis.ContainerStateMachine (ContainerStateMachine.java:loadSnapshot(224)) - group-D184F90DD9F3: The snapshot info is null. Setting the last applied indexto:(t:0, i:~)
2021-10-12 06:06:29,837 [Datanode State Machine Thread - 0] WARN  statemachine.StateContext (StateContext.java:execute(621)) - No available thread in pool for past 1 seconds.
2021-10-12 06:06:29,837 [pool-638-thread-1] INFO  server.RaftServerConfigKeys (ConfUtils.java:logGet(44)) - raft.server.notification.no-leader.timeout = 300000ms (custom)
2021-10-12 06:06:29,837 [pool-638-thread-1] INFO  server.RaftServerConfigKeys (ConfUtils.java:logGet(44)) - raft.server.log.use.memory = false (default)
2021-10-12 06:06:29,838 [pool-638-thread-1] INFO  server.RaftServerConfigKeys (ConfUtils.java:logGet(44)) - raft.server.log.purge.gap = 1000000 (custom)
2021-10-12 06:06:29,838 [pool-638-thread-1] INFO  server.RaftServerConfigKeys (ConfUtils.java:logGet(44)) - raft.server.log.appender.buffer.byte-limit = 33554432 (custom)
2021-10-12 06:06:29,838 [pool-638-thread-1] INFO  server.RaftServerConfigKeys (ConfUtils.java:logGet(44)) - raft.server.log.segment.size.max = 1048576 (custom)
2021-10-12 06:06:29,839 [pool-638-thread-1] INFO  server.RaftServerConfigKeys (ConfUtils.java:logGet(44)) - raft.server.log.segment.cache.num.max = 2 (custom)
2021-10-12 06:06:29,839 [pool-638-thread-1] INFO  server.RaftServerConfigKeys (ConfUtils.java:logGet(44)) - raft.server.log.segment.cache.size.max = 200MB (=209715200) (default)
2021-10-12 06:06:29,839 [pool-638-thread-1] INFO  segmented.SegmentedRaftLogWorker (SegmentedRaftLogWorker.java:<init>(182)) - new 8094cd77-30c2-47d7-ab82-7abee48b2f8b@group-D184F90DD9F3-SegmentedRaftLogWorker for RaftStorageImpl:Storage Directory /home/runner/work/ozone/ozone/hadoop-ozone/integration-test/target/test-dir/MiniOzoneClusterImpl-c6dc50ab-6fac-4554-b78d-9440f3e38bfb/datanode-6/data/ratis/8f317fee-cc95-4c93-953a-d184f90dd9f3
2021-10-12 06:06:29,839 [pool-638-thread-1] INFO  server.RaftServerConfigKeys (ConfUtils.java:logGet(44)) - raft.server.log.queue.byte-limit = 2147483647 (custom)
2021-10-12 06:06:29,839 [pool-638-thread-1] INFO  server.RaftServerConfigKeys (ConfUtils.java:logGet(44)) - raft.server.log.queue.element-limit = 1024 (custom)
2021-10-12 06:06:29,839 [pool-638-thread-1] INFO  server.RaftServerConfigKeys (ConfUtils.java:logGet(44)) - raft.server.log.segment.size.max = 1048576 (custom)
2021-10-12 06:06:29,839 [pool-638-thread-1] INFO  server.RaftServerConfigKeys (ConfUtils.java:logGet(44)) - raft.server.log.preallocated.size = 16384 (custom)
2021-10-12 06:06:29,839 [pool-638-thread-1] INFO  server.RaftServerConfigKeys (ConfUtils.java:logGet(44)) - raft.server.log.force.sync.num = 128 (default)
2021-10-12 06:06:29,839 [pool-638-thread-1] INFO  server.RaftServerConfigKeys (ConfUtils.java:logGet(44)) - raft.server.log.statemachine.data.sync = true (default)
2021-10-12 06:06:29,841 [pool-638-thread-1] INFO  server.RaftServerConfigKeys (ConfUtils.java:logGet(44)) - raft.server.log.statemachine.data.sync.timeout = 10s (default)
2021-10-12 06:06:29,841 [pool-638-thread-1] INFO  server.RaftServerConfigKeys (ConfUtils.java:logGet(44)) - raft.server.log.statemachine.data.sync.timeout.retry = -1 (default)
2021-10-12 06:06:29,842 [pool-638-thread-1] INFO  server.RaftServerConfigKeys (ConfUtils.java:logGet(44)) - raft.server.log.write.buffer.size = 1048576 (custom)
2021-10-12 06:06:29,844 [pool-638-thread-1] INFO  server.RaftServerConfigKeys (ConfUtils.java:logGet(44)) - raft.server.log.statemachine.data.caching.enabled = true (custom)
2021-10-12 06:06:29,886 [pool-638-thread-1] INFO  segmented.SegmentedRaftLogWorker (SegmentedRaftLogWorker.java:lambda$new$0(133)) - 8094cd77-30c2-47d7-ab82-7abee48b2f8b@group-D184F90DD9F3-SegmentedRaftLogWorker: flushIndex: setUnconditionally 0 -> -1
2021-10-12 06:06:29,886 [pool-638-thread-1] INFO  segmented.SegmentedRaftLogWorker (SegmentedRaftLogWorker.java:lambda$new$0(133)) - 8094cd77-30c2-47d7-ab82-7abee48b2f8b@group-D184F90DD9F3-SegmentedRaftLogWorker: safeCacheEvictIndex: setUnconditionally 0 -> -1
2021-10-12 06:06:29,875 [pool-562-thread-1] INFO  server.RaftServer$Division (RaftServerImpl.java:<init>(181)) - a928fc34-d4b3-4f47-b859-83818f25ed6e: new RaftServerImpl for group-510924D56746:[69929a81-75b5-4e59-a9cb-c7e6f0fb6fd6|rpc:10.1.0.59:40555|priority:0, a928fc34-d4b3-4f47-b859-83818f25ed6e|rpc:10.1.0.59:35709|priority:1, f6edce37-208d-40f1-ab7e-323414b00593|rpc:10.1.0.59:35829|priority:0] with ContainerStateMachine:uninitialized
2021-10-12 06:06:29,875 [Command processor thread] INFO  server.RaftServer (RaftServerProxy.java:addNew(95)) - a928fc34-d4b3-4f47-b859-83818f25ed6e: addNew group-510924D56746:[69929a81-75b5-4e59-a9cb-c7e6f0fb6fd6|rpc:10.1.0.59:40555|priority:0, a928fc34-d4b3-4f47-b859-83818f25ed6e|rpc:10.1.0.59:35709|priority:1, f6edce37-208d-40f1-ab7e-323414b00593|rpc:10.1.0.59:35829|priority:0] returns group-510924D56746:java.util.concurrent.CompletableFuture@23664e4b[Not completed]
2021-10-12 06:06:29,863 [grpc-default-executor-4] INFO  server.RaftServer (RaftServerProxy.java:addNew(95)) - 8094cd77-30c2-47d7-ab82-7abee48b2f8b: addNew group-D0BF975CEDA1:[69929a81-75b5-4e59-a9cb-c7e6f0fb6fd6|rpc:10.1.0.59:40555|dataStream:|priority:1, 8094cd77-30c2-47d7-ab82-7abee48b2f8b|rpc:10.1.0.59:44663|dataStream:|priority:0, f6edce37-208d-40f1-ab7e-323414b00593|rpc:10.1.0.59:35829|dataStream:|priority:0] returns group-D0BF975CEDA1:java.util.concurrent.CompletableFuture@67769d8[Not completed]
2021-10-12 06:06:29,894 [pool-562-thread-1] INFO  server.RaftServerConfigKeys (ConfUtils.java:logGet(44)) - raft.server.rpc.timeout.min = 5s (custom)
2021-10-12 06:06:29,894 [pool-562-thread-1] INFO  server.RaftServerConfigKeys (ConfUtils.java:logGet(44)) - raft.server.rpc.timeout.max = 5200ms (custom)
2021-10-12 06:06:29,894 [pool-562-thread-1] INFO  server.RaftServerConfigKeys (ConfUtils.java:logGet(44)) - raft.server.rpc.sleep.time = 25ms (default)
2021-10-12 06:06:29,894 [pool-562-thread-1] INFO  server.RaftServerConfigKeys (ConfUtils.java:logGet(44)) - raft.server.rpc.slowness.timeout = 300000ms (custom)
2021-10-12 06:06:29,894 [pool-562-thread-1] INFO  server.RaftServerConfigKeys (ConfUtils.java:logGet(44)) - raft.server.leaderelection.leader.step-down.wait-time = 10s (default)
2021-10-12 06:06:29,894 [pool-562-thread-1] INFO  server.RaftServerConfigKeys (ConfUtils.java:logGet(44)) - raft.server.sleep.deviation.threshold = 300ms (default)
2021-10-12 06:06:29,894 [pool-562-thread-1] INFO  server.RaftServerConfigKeys (ConfUtils.java:logGet(44)) - raft.server.log.appender.install.snapshot.enabled = false (custom)
2021-10-12 06:06:29,894 [pool-562-thread-1] INFO  server.RaftServer$Division (ServerState.java:<init>(105)) - a928fc34-d4b3-4f47-b859-83818f25ed6e@group-510924D56746: ConfigurationManager, init=-1: [69929a81-75b5-4e59-a9cb-c7e6f0fb6fd6|rpc:10.1.0.59:40555|priority:0, a928fc34-d4b3-4f47-b859-83818f25ed6e|rpc:10.1.0.59:35709|priority:1, f6edce37-208d-40f1-ab7e-323414b00593|rpc:10.1.0.59:35829|priority:0], old=null, confs=<EMPTY_MAP>
2021-10-12 06:06:29,894 [pool-562-thread-1] INFO  server.RaftServerConfigKeys (ConfUtils.java:logGet(44)) - raft.server.storage.dir = [/home/runner/work/ozone/ozone/hadoop-ozone/integration-test/target/test-dir/MiniOzoneClusterImpl-c6dc50ab-6fac-4554-b78d-9440f3e38bfb/datanode-2/data/ratis] (custom)
2021-10-12 06:06:29,894 [pool-562-thread-1] INFO  server.RaftServerConfigKeys (ConfUtils.java:logGet(44)) - raft.server.log.corruption.policy = EXCEPTION (default)
2021-10-12 06:06:29,894 [pool-562-thread-1] INFO  server.RaftServerConfigKeys (ConfUtils.java:logGet(44)) - raft.server.storage.free-space.min = 0MB (=0) (default)
2021-10-12 06:06:29,894 [pool-562-thread-1] INFO  storage.RaftStorageDirectory (RaftStorageDirectoryImpl.java:analyzeStorage(135)) - The storage directory /home/runner/work/ozone/ozone/hadoop-ozone/integration-test/target/test-dir/MiniOzoneClusterImpl-c6dc50ab-6fac-4554-b78d-9440f3e38bfb/datanode-2/data/ratis/65b688dd-5a9d-435b-8fed-510924d56746 does not exist. Creating ...
2021-10-12 06:06:29,896 [pool-562-thread-1] INFO  storage.RaftStorageDirectory (RaftStorageDirectoryImpl.java:tryLock(230)) - Lock on /home/runner/work/ozone/ozone/hadoop-ozone/integration-test/target/test-dir/MiniOzoneClusterImpl-c6dc50ab-6fac-4554-b78d-9440f3e38bfb/datanode-2/data/ratis/65b688dd-5a9d-435b-8fed-510924d56746/in_use.lock acquired by nodename 8742@fv-az297-361
2021-10-12 06:06:29,897 [pool-562-thread-1] INFO  storage.RaftStorage (RaftStorageImpl.java:format(89)) - Storage directory /home/runner/work/ozone/ozone/hadoop-ozone/integration-test/target/test-dir/MiniOzoneClusterImpl-c6dc50ab-6fac-4554-b78d-9440f3e38bfb/datanode-2/data/ratis/65b688dd-5a9d-435b-8fed-510924d56746 has been successfully formatted.
2021-10-12 06:06:29,901 [pool-638-thread-1] INFO  server.RaftServerConfigKeys (ConfUtils.java:logGet(44)) - raft.server.snapshot.auto.trigger.enabled = true (custom)
2021-10-12 06:06:29,901 [pool-638-thread-1] INFO  server.RaftServerConfigKeys (ConfUtils.java:logGet(44)) - raft.server.snapshot.auto.trigger.threshold = 10000 (custom)
2021-10-12 06:06:29,901 [pool-638-thread-1] INFO  server.RaftServerConfigKeys (ConfUtils.java:logGet(44)) - raft.server.snapshot.retention.file.num = 5 (custom)
2021-10-12 06:06:29,901 [pool-638-thread-1] INFO  server.RaftServerConfigKeys (ConfUtils.java:logGet(44)) - raft.server.log.purge.upto.snapshot.index = false (default)
2021-10-12 06:06:29,901 [pool-638-thread-1] INFO  server.RaftServerConfigKeys (ConfUtils.java:logGet(44)) - raft.server.retrycache.expirytime = 600000ms (custom)
2021-10-12 06:06:29,901 [pool-638-thread-1] INFO  server.RaftServerConfigKeys (ConfUtils.java:logGet(44)) - raft.server.retrycache.statistics.expirytime = 100μs (default)
2021-10-12 06:06:29,903 [pool-562-thread-1] INFO  ratis.ContainerStateMachine (ContainerStateMachine.java:loadSnapshot(224)) - group-510924D56746: The snapshot info is null. Setting the last applied indexto:(t:0, i:~)
2021-10-12 06:06:29,903 [pool-562-thread-1] INFO  server.RaftServerConfigKeys (ConfUtils.java:logGet(44)) - raft.server.notification.no-leader.timeout = 300000ms (custom)
2021-10-12 06:06:29,903 [pool-562-thread-1] INFO  server.RaftServerConfigKeys (ConfUtils.java:logGet(44)) - raft.server.log.use.memory = false (default)
2021-10-12 06:06:29,903 [pool-562-thread-1] INFO  server.RaftServerConfigKeys (ConfUtils.java:logGet(44)) - raft.server.log.purge.gap = 1000000 (custom)
2021-10-12 06:06:29,903 [pool-562-thread-1] INFO  server.RaftServerConfigKeys (ConfUtils.java:logGet(44)) - raft.server.log.appender.buffer.byte-limit = 33554432 (custom)
2021-10-12 06:06:29,903 [pool-562-thread-1] INFO  server.RaftServerConfigKeys (ConfUtils.java:logGet(44)) - raft.server.log.segment.size.max = 1048576 (custom)
2021-10-12 06:06:29,904 [pool-562-thread-1] INFO  server.RaftServerConfigKeys (ConfUtils.java:logGet(44)) - raft.server.log.segment.cache.num.max = 2 (custom)
2021-10-12 06:06:29,904 [pool-562-thread-1] INFO  server.RaftServerConfigKeys (ConfUtils.java:logGet(44)) - raft.server.log.segment.cache.size.max = 200MB (=209715200) (default)
2021-10-12 06:06:29,904 [pool-562-thread-1] INFO  segmented.SegmentedRaftLogWorker (SegmentedRaftLogWorker.java:<init>(182)) - new a928fc34-d4b3-4f47-b859-83818f25ed6e@group-510924D56746-SegmentedRaftLogWorker for RaftStorageImpl:Storage Directory /home/runner/work/ozone/ozone/hadoop-ozone/integration-test/target/test-dir/MiniOzoneClusterImpl-c6dc50ab-6fac-4554-b78d-9440f3e38bfb/datanode-2/data/ratis/65b688dd-5a9d-435b-8fed-510924d56746
2021-10-12 06:06:29,904 [pool-562-thread-1] INFO  server.RaftServerConfigKeys (ConfUtils.java:logGet(44)) - raft.server.log.queue.byte-limit = 2147483647 (custom)
2021-10-12 06:06:29,904 [pool-562-thread-1] INFO  server.RaftServerConfigKeys (ConfUtils.java:logGet(44)) - raft.server.log.queue.element-limit = 1024 (custom)
2021-10-12 06:06:29,904 [pool-562-thread-1] INFO  server.RaftServerConfigKeys (ConfUtils.java:logGet(44)) - raft.server.log.segment.size.max = 1048576 (custom)
2021-10-12 06:06:29,904 [pool-562-thread-1] INFO  server.RaftServerConfigKeys (ConfUtils.java:logGet(44)) - raft.server.log.preallocated.size = 16384 (custom)
2021-10-12 06:06:29,904 [pool-562-thread-1] INFO  server.RaftServerConfigKeys (ConfUtils.java:logGet(44)) - raft.server.log.force.sync.num = 128 (default)
2021-10-12 06:06:29,904 [pool-562-thread-1] INFO  server.RaftServerConfigKeys (ConfUtils.java:logGet(44)) - raft.server.log.statemachine.data.sync = true (default)
2021-10-12 06:06:29,904 [pool-562-thread-1] INFO  server.RaftServerConfigKeys (ConfUtils.java:logGet(44)) - raft.server.log.statemachine.data.sync.timeout = 10s (default)
2021-10-12 06:06:29,904 [pool-562-thread-1] INFO  server.RaftServerConfigKeys (ConfUtils.java:logGet(44)) - raft.server.log.statemachine.data.sync.timeout.retry = -1 (default)
2021-10-12 06:06:29,905 [pool-562-thread-1] INFO  server.RaftServerConfigKeys (ConfUtils.java:logGet(44)) - raft.server.log.write.buffer.size = 1048576 (custom)
2021-10-12 06:06:29,905 [pool-562-thread-1] INFO  server.RaftServerConfigKeys (ConfUtils.java:logGet(44)) - raft.server.log.statemachine.data.caching.enabled = true (custom)
2021-10-12 06:06:29,905 [pool-562-thread-1] INFO  segmented.SegmentedRaftLogWorker (SegmentedRaftLogWorker.java:lambda$new$0(133)) - a928fc34-d4b3-4f47-b859-83818f25ed6e@group-510924D56746-SegmentedRaftLogWorker: flushIndex: setUnconditionally 0 -> -1
2021-10-12 06:06:29,905 [pool-562-thread-1] INFO  segmented.SegmentedRaftLogWorker (SegmentedRaftLogWorker.java:lambda$new$0(133)) - a928fc34-d4b3-4f47-b859-83818f25ed6e@group-510924D56746-SegmentedRaftLogWorker: safeCacheEvictIndex: setUnconditionally 0 -> -1
2021-10-12 06:06:29,905 [Datanode State Machine Thread - 0] WARN  statemachine.StateContext (StateContext.java:execute(621)) - No available thread in pool for past 1 seconds.
2021-10-12 06:06:29,911 [pool-562-thread-1] INFO  server.RaftServerConfigKeys (ConfUtils.java:logGet(44)) - raft.server.snapshot.auto.trigger.enabled = true (custom)
2021-10-12 06:06:29,911 [pool-562-thread-1] INFO  server.RaftServerConfigKeys (ConfUtils.java:logGet(44)) - raft.server.snapshot.auto.trigger.threshold = 10000 (custom)
2021-10-12 06:06:29,911 [pool-562-thread-1] INFO  server.RaftServerConfigKeys (ConfUtils.java:logGet(44)) - raft.server.snapshot.retention.file.num = 5 (custom)
2021-10-12 06:06:29,911 [pool-562-thread-1] INFO  server.RaftServerConfigKeys (ConfUtils.java:logGet(44)) - raft.server.log.purge.upto.snapshot.index = false (default)
2021-10-12 06:06:29,911 [pool-562-thread-1] INFO  server.RaftServerConfigKeys (ConfUtils.java:logGet(44)) - raft.server.retrycache.expirytime = 600000ms (custom)
2021-10-12 06:06:29,911 [pool-562-thread-1] INFO  server.RaftServerConfigKeys (ConfUtils.java:logGet(44)) - raft.server.retrycache.statistics.expirytime = 100μs (default)
2021-10-12 06:06:29,912 [pool-562-thread-1] INFO  server.RaftServer$Division (RaftServerImpl.java:start(296)) - a928fc34-d4b3-4f47-b859-83818f25ed6e@group-510924D56746: start as a follower, conf=-1: [69929a81-75b5-4e59-a9cb-c7e6f0fb6fd6|rpc:10.1.0.59:40555|priority:0, a928fc34-d4b3-4f47-b859-83818f25ed6e|rpc:10.1.0.59:35709|priority:1, f6edce37-208d-40f1-ab7e-323414b00593|rpc:10.1.0.59:35829|priority:0], old=null
2021-10-12 06:06:29,912 [pool-562-thread-1] INFO  server.RaftServer$Division (RaftServerImpl.java:setRole(285)) - a928fc34-d4b3-4f47-b859-83818f25ed6e@group-510924D56746: changes role from      null to FOLLOWER at term 0 for startAsFollower
2021-10-12 06:06:29,912 [pool-562-thread-1] INFO  impl.RoleInfo (RoleInfo.java:updateAndGet(130)) - a928fc34-d4b3-4f47-b859-83818f25ed6e: start a928fc34-d4b3-4f47-b859-83818f25ed6e@group-510924D56746-FollowerState
2021-10-12 06:06:29,913 [pool-638-thread-1] INFO  server.RaftServer$Division (RaftServerImpl.java:<init>(181)) - 8094cd77-30c2-47d7-ab82-7abee48b2f8b: new RaftServerImpl for group-D0BF975CEDA1:[69929a81-75b5-4e59-a9cb-c7e6f0fb6fd6|rpc:10.1.0.59:40555|dataStream:|priority:1, 8094cd77-30c2-47d7-ab82-7abee48b2f8b|rpc:10.1.0.59:44663|dataStream:|priority:0, f6edce37-208d-40f1-ab7e-323414b00593|rpc:10.1.0.59:35829|dataStream:|priority:0] with ContainerStateMachine:uninitialized
2021-10-12 06:06:29,913 [pool-638-thread-1] INFO  server.RaftServerConfigKeys (ConfUtils.java:logGet(44)) - raft.server.rpc.timeout.min = 5s (custom)
2021-10-12 06:06:29,913 [pool-638-thread-1] INFO  server.RaftServerConfigKeys (ConfUtils.java:logGet(44)) - raft.server.rpc.timeout.max = 5200ms (custom)
2021-10-12 06:06:29,913 [pool-638-thread-1] INFO  server.RaftServerConfigKeys (ConfUtils.java:logGet(44)) - raft.server.rpc.sleep.time = 25ms (default)
2021-10-12 06:06:29,913 [pool-638-thread-1] INFO  server.RaftServerConfigKeys (ConfUtils.java:logGet(44)) - raft.server.rpc.slowness.timeout = 300000ms (custom)
2021-10-12 06:06:29,913 [pool-638-thread-1] INFO  server.RaftServerConfigKeys (ConfUtils.java:logGet(44)) - raft.server.leaderelection.leader.step-down.wait-time = 10s (default)
2021-10-12 06:06:29,913 [pool-638-thread-1] INFO  server.RaftServerConfigKeys (ConfUtils.java:logGet(44)) - raft.server.sleep.deviation.threshold = 300ms (default)
2021-10-12 06:06:29,913 [pool-638-thread-1] INFO  server.RaftServerConfigKeys (ConfUtils.java:logGet(44)) - raft.server.log.appender.install.snapshot.enabled = false (custom)
2021-10-12 06:06:29,913 [pool-638-thread-1] INFO  server.RaftServer$Division (ServerState.java:<init>(105)) - 8094cd77-30c2-47d7-ab82-7abee48b2f8b@group-D0BF975CEDA1: ConfigurationManager, init=-1: [69929a81-75b5-4e59-a9cb-c7e6f0fb6fd6|rpc:10.1.0.59:40555|dataStream:|priority:1, 8094cd77-30c2-47d7-ab82-7abee48b2f8b|rpc:10.1.0.59:44663|dataStream:|priority:0, f6edce37-208d-40f1-ab7e-323414b00593|rpc:10.1.0.59:35829|dataStream:|priority:0], old=null, confs=<EMPTY_MAP>
2021-10-12 06:06:29,913 [pool-638-thread-1] INFO  server.RaftServerConfigKeys (ConfUtils.java:logGet(44)) - raft.server.storage.dir = [/home/runner/work/ozone/ozone/hadoop-ozone/integration-test/target/test-dir/MiniOzoneClusterImpl-c6dc50ab-6fac-4554-b78d-9440f3e38bfb/datanode-6/data/ratis] (custom)
2021-10-12 06:06:29,913 [pool-638-thread-1] INFO  server.RaftServerConfigKeys (ConfUtils.java:logGet(44)) - raft.server.log.corruption.policy = EXCEPTION (default)
2021-10-12 06:06:29,913 [pool-638-thread-1] INFO  server.RaftServerConfigKeys (ConfUtils.java:logGet(44)) - raft.server.storage.free-space.min = 0MB (=0) (default)
2021-10-12 06:06:29,914 [pool-638-thread-1] INFO  storage.RaftStorageDirectory (RaftStorageDirectoryImpl.java:analyzeStorage(135)) - The storage directory /home/runner/work/ozone/ozone/hadoop-ozone/integration-test/target/test-dir/MiniOzoneClusterImpl-c6dc50ab-6fac-4554-b78d-9440f3e38bfb/datanode-6/data/ratis/5ecef51f-4e59-4141-a865-d0bf975ceda1 does not exist. Creating ...
2021-10-12 06:06:29,914 [pool-638-thread-1] INFO  storage.RaftStorageDirectory (RaftStorageDirectoryImpl.java:tryLock(230)) - Lock on /home/runner/work/ozone/ozone/hadoop-ozone/integration-test/target/test-dir/MiniOzoneClusterImpl-c6dc50ab-6fac-4554-b78d-9440f3e38bfb/datanode-6/data/ratis/5ecef51f-4e59-4141-a865-d0bf975ceda1/in_use.lock acquired by nodename 8742@fv-az297-361
2021-10-12 06:06:29,924 [pool-638-thread-1] INFO  storage.RaftStorage (RaftStorageImpl.java:format(89)) - Storage directory /home/runner/work/ozone/ozone/hadoop-ozone/integration-test/target/test-dir/MiniOzoneClusterImpl-c6dc50ab-6fac-4554-b78d-9440f3e38bfb/datanode-6/data/ratis/5ecef51f-4e59-4141-a865-d0bf975ceda1 has been successfully formatted.
2021-10-12 06:06:29,945 [pool-638-thread-1] INFO  ratis.ContainerStateMachine (ContainerStateMachine.java:loadSnapshot(224)) - group-D0BF975CEDA1: The snapshot info is null. Setting the last applied indexto:(t:0, i:~)
2021-10-12 06:06:29,945 [pool-562-thread-1] INFO  util.JmxRegister (JmxRegister.java:tryRegister(44)) - Successfully registered JMX Bean with object name Ratis:service=RaftServer,group=group-510924D56746,id=a928fc34-d4b3-4f47-b859-83818f25ed6e
2021-10-12 06:06:29,945 [pool-638-thread-1] INFO  server.RaftServerConfigKeys (ConfUtils.java:logGet(44)) - raft.server.notification.no-leader.timeout = 300000ms (custom)
2021-10-12 06:06:29,946 [pool-638-thread-1] INFO  server.RaftServerConfigKeys (ConfUtils.java:logGet(44)) - raft.server.log.use.memory = false (default)
2021-10-12 06:06:29,946 [pool-638-thread-1] INFO  server.RaftServerConfigKeys (ConfUtils.java:logGet(44)) - raft.server.log.purge.gap = 1000000 (custom)
2021-10-12 06:06:29,946 [pool-638-thread-1] INFO  server.RaftServerConfigKeys (ConfUtils.java:logGet(44)) - raft.server.log.appender.buffer.byte-limit = 33554432 (custom)
2021-10-12 06:06:29,946 [Datanode State Machine Thread - 0] WARN  statemachine.StateContext (StateContext.java:execute(621)) - No available thread in pool for past 1 seconds.
2021-10-12 06:06:29,947 [pool-638-thread-1] INFO  server.RaftServerConfigKeys (ConfUtils.java:logGet(44)) - raft.server.log.segment.size.max = 1048576 (custom)
2021-10-12 06:06:29,947 [pool-638-thread-1] INFO  server.RaftServerConfigKeys (ConfUtils.java:logGet(44)) - raft.server.log.segment.cache.num.max = 2 (custom)
2021-10-12 06:06:29,947 [pool-638-thread-1] INFO  server.RaftServerConfigKeys (ConfUtils.java:logGet(44)) - raft.server.log.segment.cache.size.max = 200MB (=209715200) (default)
2021-10-12 06:06:29,947 [pool-638-thread-1] INFO  segmented.SegmentedRaftLogWorker (SegmentedRaftLogWorker.java:<init>(182)) - new 8094cd77-30c2-47d7-ab82-7abee48b2f8b@group-D0BF975CEDA1-SegmentedRaftLogWorker for RaftStorageImpl:Storage Directory /home/runner/work/ozone/ozone/hadoop-ozone/integration-test/target/test-dir/MiniOzoneClusterImpl-c6dc50ab-6fac-4554-b78d-9440f3e38bfb/datanode-6/data/ratis/5ecef51f-4e59-4141-a865-d0bf975ceda1
2021-10-12 06:06:29,947 [pool-638-thread-1] INFO  server.RaftServerConfigKeys (ConfUtils.java:logGet(44)) - raft.server.log.queue.byte-limit = 2147483647 (custom)
2021-10-12 06:06:29,947 [pool-638-thread-1] INFO  server.RaftServerConfigKeys (ConfUtils.java:logGet(44)) - raft.server.log.queue.element-limit = 1024 (custom)
2021-10-12 06:06:29,947 [pool-638-thread-1] INFO  server.RaftServerConfigKeys (ConfUtils.java:logGet(44)) - raft.server.log.segment.size.max = 1048576 (custom)
2021-10-12 06:06:29,947 [pool-638-thread-1] INFO  server.RaftServerConfigKeys (ConfUtils.java:logGet(44)) - raft.server.log.preallocated.size = 16384 (custom)
2021-10-12 06:06:29,947 [pool-638-thread-1] INFO  server.RaftServerConfigKeys (ConfUtils.java:logGet(44)) - raft.server.log.force.sync.num = 128 (default)
2021-10-12 06:06:29,947 [pool-638-thread-1] INFO  server.RaftServerConfigKeys (ConfUtils.java:logGet(44)) - raft.server.log.statemachine.data.sync = true (default)
2021-10-12 06:06:29,947 [pool-638-thread-1] INFO  server.RaftServerConfigKeys (ConfUtils.java:logGet(44)) - raft.server.log.statemachine.data.sync.timeout = 10s (default)
2021-10-12 06:06:29,947 [pool-638-thread-1] INFO  server.RaftServerConfigKeys (ConfUtils.java:logGet(44)) - raft.server.log.statemachine.data.sync.timeout.retry = -1 (default)
2021-10-12 06:06:29,951 [Command processor thread] INFO  ratis.XceiverServerRatis (XceiverServerRatis.java:addGroup(763)) - Created group PipelineID=65b688dd-5a9d-435b-8fed-510924d56746
2021-10-12 06:06:29,960 [grpc-default-executor-1] INFO  server.RaftServer (RaftServerProxy.java:addNew(95)) - 69929a81-75b5-4e59-a9cb-c7e6f0fb6fd6: addNew group-510924D56746:[69929a81-75b5-4e59-a9cb-c7e6f0fb6fd6|rpc:10.1.0.59:40555|dataStream:|priority:0, a928fc34-d4b3-4f47-b859-83818f25ed6e|rpc:10.1.0.59:35709|dataStream:|priority:1, f6edce37-208d-40f1-ab7e-323414b00593|rpc:10.1.0.59:35829|dataStream:|priority:0] returns group-510924D56746:java.util.concurrent.CompletableFuture@3253c58b[Not completed]
2021-10-12 06:06:29,961 [pool-524-thread-1] INFO  server.RaftServer$Division (RaftServerImpl.java:<init>(181)) - 69929a81-75b5-4e59-a9cb-c7e6f0fb6fd6: new RaftServerImpl for group-510924D56746:[69929a81-75b5-4e59-a9cb-c7e6f0fb6fd6|rpc:10.1.0.59:40555|dataStream:|priority:0, a928fc34-d4b3-4f47-b859-83818f25ed6e|rpc:10.1.0.59:35709|dataStream:|priority:1, f6edce37-208d-40f1-ab7e-323414b00593|rpc:10.1.0.59:35829|dataStream:|priority:0] with ContainerStateMachine:uninitialized
2021-10-12 06:06:29,961 [pool-524-thread-1] INFO  server.RaftServerConfigKeys (ConfUtils.java:logGet(44)) - raft.server.rpc.timeout.min = 5s (custom)
2021-10-12 06:06:29,961 [pool-524-thread-1] INFO  server.RaftServerConfigKeys (ConfUtils.java:logGet(44)) - raft.server.rpc.timeout.max = 5200ms (custom)
2021-10-12 06:06:29,961 [pool-524-thread-1] INFO  server.RaftServerConfigKeys (ConfUtils.java:logGet(44)) - raft.server.rpc.sleep.time = 25ms (default)
2021-10-12 06:06:29,961 [pool-524-thread-1] INFO  server.RaftServerConfigKeys (ConfUtils.java:logGet(44)) - raft.server.rpc.slowness.timeout = 300000ms (custom)
2021-10-12 06:06:29,961 [pool-524-thread-1] INFO  server.RaftServerConfigKeys (ConfUtils.java:logGet(44)) - raft.server.leaderelection.leader.step-down.wait-time = 10s (default)
2021-10-12 06:06:29,961 [pool-524-thread-1] INFO  server.RaftServerConfigKeys (ConfUtils.java:logGet(44)) - raft.server.sleep.deviation.threshold = 300ms (default)
2021-10-12 06:06:29,961 [pool-524-thread-1] INFO  server.RaftServerConfigKeys (ConfUtils.java:logGet(44)) - raft.server.log.appender.install.snapshot.enabled = false (custom)
2021-10-12 06:06:29,961 [pool-524-thread-1] INFO  server.RaftServer$Division (ServerState.java:<init>(105)) - 69929a81-75b5-4e59-a9cb-c7e6f0fb6fd6@group-510924D56746: ConfigurationManager, init=-1: [69929a81-75b5-4e59-a9cb-c7e6f0fb6fd6|rpc:10.1.0.59:40555|dataStream:|priority:0, a928fc34-d4b3-4f47-b859-83818f25ed6e|rpc:10.1.0.59:35709|dataStream:|priority:1, f6edce37-208d-40f1-ab7e-323414b00593|rpc:10.1.0.59:35829|dataStream:|priority:0], old=null, confs=<EMPTY_MAP>
2021-10-12 06:06:29,961 [pool-524-thread-1] INFO  server.RaftServerConfigKeys (ConfUtils.java:logGet(44)) - raft.server.storage.dir = [/home/runner/work/ozone/ozone/hadoop-ozone/integration-test/target/test-dir/MiniOzoneClusterImpl-c6dc50ab-6fac-4554-b78d-9440f3e38bfb/datanode-0/data/ratis] (custom)
2021-10-12 06:06:29,961 [pool-524-thread-1] INFO  server.RaftServerConfigKeys (ConfUtils.java:logGet(44)) - raft.server.log.corruption.policy = EXCEPTION (default)
2021-10-12 06:06:29,961 [pool-524-thread-1] INFO  server.RaftServerConfigKeys (ConfUtils.java:logGet(44)) - raft.server.storage.free-space.min = 0MB (=0) (default)
2021-10-12 06:06:29,961 [pool-524-thread-1] INFO  storage.RaftStorageDirectory (RaftStorageDirectoryImpl.java:analyzeStorage(135)) - The storage directory /home/runner/work/ozone/ozone/hadoop-ozone/integration-test/target/test-dir/MiniOzoneClusterImpl-c6dc50ab-6fac-4554-b78d-9440f3e38bfb/datanode-0/data/ratis/65b688dd-5a9d-435b-8fed-510924d56746 does not exist. Creating ...
2021-10-12 06:06:29,967 [pool-524-thread-1] INFO  storage.RaftStorageDirectory (RaftStorageDirectoryImpl.java:tryLock(230)) - Lock on /home/runner/work/ozone/ozone/hadoop-ozone/integration-test/target/test-dir/MiniOzoneClusterImpl-c6dc50ab-6fac-4554-b78d-9440f3e38bfb/datanode-0/data/ratis/65b688dd-5a9d-435b-8fed-510924d56746/in_use.lock acquired by nodename 8742@fv-az297-361
2021-10-12 06:06:29,969 [pool-524-thread-1] INFO  storage.RaftStorage (RaftStorageImpl.java:format(89)) - Storage directory /home/runner/work/ozone/ozone/hadoop-ozone/integration-test/target/test-dir/MiniOzoneClusterImpl-c6dc50ab-6fac-4554-b78d-9440f3e38bfb/datanode-0/data/ratis/65b688dd-5a9d-435b-8fed-510924d56746 has been successfully formatted.
2021-10-12 06:06:29,990 [pool-524-thread-1] INFO  ratis.ContainerStateMachine (ContainerStateMachine.java:loadSnapshot(224)) - group-510924D56746: The snapshot info is null. Setting the last applied indexto:(t:0, i:~)
2021-10-12 06:06:29,990 [pool-524-thread-1] INFO  server.RaftServerConfigKeys (ConfUtils.java:logGet(44)) - raft.server.notification.no-leader.timeout = 300000ms (custom)
2021-10-12 06:06:29,990 [pool-524-thread-1] INFO  server.RaftServerConfigKeys (ConfUtils.java:logGet(44)) - raft.server.log.use.memory = false (default)
2021-10-12 06:06:29,990 [pool-524-thread-1] INFO  server.RaftServerConfigKeys (ConfUtils.java:logGet(44)) - raft.server.log.purge.gap = 1000000 (custom)
2021-10-12 06:06:29,990 [pool-524-thread-1] INFO  server.RaftServerConfigKeys (ConfUtils.java:logGet(44)) - raft.server.log.appender.buffer.byte-limit = 33554432 (custom)
2021-10-12 06:06:29,990 [pool-524-thread-1] INFO  server.RaftServerConfigKeys (ConfUtils.java:logGet(44)) - raft.server.log.segment.size.max = 1048576 (custom)
2021-10-12 06:06:29,991 [pool-524-thread-1] INFO  server.RaftServerConfigKeys (ConfUtils.java:logGet(44)) - raft.server.log.segment.cache.num.max = 2 (custom)
2021-10-12 06:06:29,991 [pool-524-thread-1] INFO  server.RaftServerConfigKeys (ConfUtils.java:logGet(44)) - raft.server.log.segment.cache.size.max = 200MB (=209715200) (default)
2021-10-12 06:06:29,991 [pool-524-thread-1] INFO  segmented.SegmentedRaftLogWorker (SegmentedRaftLogWorker.java:<init>(182)) - new 69929a81-75b5-4e59-a9cb-c7e6f0fb6fd6@group-510924D56746-SegmentedRaftLogWorker for RaftStorageImpl:Storage Directory /home/runner/work/ozone/ozone/hadoop-ozone/integration-test/target/test-dir/MiniOzoneClusterImpl-c6dc50ab-6fac-4554-b78d-9440f3e38bfb/datanode-0/data/ratis/65b688dd-5a9d-435b-8fed-510924d56746
2021-10-12 06:06:29,991 [pool-524-thread-1] INFO  server.RaftServerConfigKeys (ConfUtils.java:logGet(44)) - raft.server.log.queue.byte-limit = 2147483647 (custom)
2021-10-12 06:06:29,991 [pool-524-thread-1] INFO  server.RaftServerConfigKeys (ConfUtils.java:logGet(44)) - raft.server.log.queue.element-limit = 1024 (custom)
2021-10-12 06:06:29,991 [pool-524-thread-1] INFO  server.RaftServerConfigKeys (ConfUtils.java:logGet(44)) - raft.server.log.segment.size.max = 1048576 (custom)
2021-10-12 06:06:29,991 [pool-524-thread-1] INFO  server.RaftServerConfigKeys (ConfUtils.java:logGet(44)) - raft.server.log.preallocated.size = 16384 (custom)
2021-10-12 06:06:29,991 [pool-524-thread-1] INFO  server.RaftServerConfigKeys (ConfUtils.java:logGet(44)) - raft.server.log.force.sync.num = 128 (default)
2021-10-12 06:06:29,991 [pool-524-thread-1] INFO  server.RaftServerConfigKeys (ConfUtils.java:logGet(44)) - raft.server.log.statemachine.data.sync = true (default)
2021-10-12 06:06:29,991 [pool-524-thread-1] INFO  server.RaftServerConfigKeys (ConfUtils.java:logGet(44)) - raft.server.log.statemachine.data.sync.timeout = 10s (default)
2021-10-12 06:06:29,991 [pool-524-thread-1] INFO  server.RaftServerConfigKeys (ConfUtils.java:logGet(44)) - raft.server.log.statemachine.data.sync.timeout.retry = -1 (default)
2021-10-12 06:06:29,992 [pool-524-thread-1] INFO  server.RaftServerConfigKeys (ConfUtils.java:logGet(44)) - raft.server.log.write.buffer.size = 1048576 (custom)
2021-10-12 06:06:29,992 [pool-524-thread-1] INFO  server.RaftServerConfigKeys (ConfUtils.java:logGet(44)) - raft.server.log.statemachine.data.caching.enabled = true (custom)
2021-10-12 06:06:29,993 [pool-524-thread-1] INFO  segmented.SegmentedRaftLogWorker (SegmentedRaftLogWorker.java:lambda$new$0(133)) - 69929a81-75b5-4e59-a9cb-c7e6f0fb6fd6@group-510924D56746-SegmentedRaftLogWorker: flushIndex: setUnconditionally 0 -> -1
2021-10-12 06:06:29,993 [pool-524-thread-1] INFO  segmented.SegmentedRaftLogWorker (SegmentedRaftLogWorker.java:lambda$new$0(133)) - 69929a81-75b5-4e59-a9cb-c7e6f0fb6fd6@group-510924D56746-SegmentedRaftLogWorker: safeCacheEvictIndex: setUnconditionally 0 -> -1
2021-10-12 06:06:29,995 [pool-524-thread-1] INFO  server.RaftServerConfigKeys (ConfUtils.java:logGet(44)) - raft.server.snapshot.auto.trigger.enabled = true (custom)
2021-10-12 06:06:29,995 [pool-524-thread-1] INFO  server.RaftServerConfigKeys (ConfUtils.java:logGet(44)) - raft.server.snapshot.auto.trigger.threshold = 10000 (custom)
2021-10-12 06:06:29,995 [pool-524-thread-1] INFO  server.RaftServerConfigKeys (ConfUtils.java:logGet(44)) - raft.server.snapshot.retention.file.num = 5 (custom)
2021-10-12 06:06:29,995 [pool-524-thread-1] INFO  server.RaftServerConfigKeys (ConfUtils.java:logGet(44)) - raft.server.log.purge.upto.snapshot.index = false (default)
2021-10-12 06:06:29,995 [pool-524-thread-1] INFO  server.RaftServerConfigKeys (ConfUtils.java:logGet(44)) - raft.server.retrycache.expirytime = 600000ms (custom)
2021-10-12 06:06:29,995 [pool-524-thread-1] INFO  server.RaftServerConfigKeys (ConfUtils.java:logGet(44)) - raft.server.retrycache.statistics.expirytime = 100μs (default)
2021-10-12 06:06:29,996 [pool-524-thread-1] INFO  server.RaftServer$Division (RaftServerImpl.java:start(296)) - 69929a81-75b5-4e59-a9cb-c7e6f0fb6fd6@group-510924D56746: start as a follower, conf=-1: [69929a81-75b5-4e59-a9cb-c7e6f0fb6fd6|rpc:10.1.0.59:40555|dataStream:|priority:0, a928fc34-d4b3-4f47-b859-83818f25ed6e|rpc:10.1.0.59:35709|dataStream:|priority:1, f6edce37-208d-40f1-ab7e-323414b00593|rpc:10.1.0.59:35829|dataStream:|priority:0], old=null
2021-10-12 06:06:29,997 [pool-524-thread-1] INFO  server.RaftServer$Division (RaftServerImpl.java:setRole(285)) - 69929a81-75b5-4e59-a9cb-c7e6f0fb6fd6@group-510924D56746: changes role from      null to FOLLOWER at term 0 for startAsFollower
2021-10-12 06:06:29,997 [pool-524-thread-1] INFO  impl.RoleInfo (RoleInfo.java:updateAndGet(130)) - 69929a81-75b5-4e59-a9cb-c7e6f0fb6fd6: start 69929a81-75b5-4e59-a9cb-c7e6f0fb6fd6@group-510924D56746-FollowerState
2021-10-12 06:06:29,997 [pool-524-thread-1] INFO  util.JmxRegister (JmxRegister.java:tryRegister(44)) - Successfully registered JMX Bean with object name Ratis:service=RaftServer,group=group-510924D56746,id=69929a81-75b5-4e59-a9cb-c7e6f0fb6fd6
2021-10-12 06:06:29,998 [pool-638-thread-1] INFO  server.RaftServerConfigKeys (ConfUtils.java:logGet(44)) - raft.server.log.write.buffer.size = 1048576 (custom)
2021-10-12 06:06:29,999 [pool-638-thread-1] INFO  server.RaftServerConfigKeys (ConfUtils.java:logGet(44)) - raft.server.log.statemachine.data.caching.enabled = true (custom)
2021-10-12 06:06:29,999 [pool-638-thread-1] INFO  segmented.SegmentedRaftLogWorker (SegmentedRaftLogWorker.java:lambda$new$0(133)) - 8094cd77-30c2-47d7-ab82-7abee48b2f8b@group-D0BF975CEDA1-SegmentedRaftLogWorker: flushIndex: setUnconditionally 0 -> -1
2021-10-12 06:06:29,999 [pool-638-thread-1] INFO  segmented.SegmentedRaftLogWorker (SegmentedRaftLogWorker.java:lambda$new$0(133)) - 8094cd77-30c2-47d7-ab82-7abee48b2f8b@group-D0BF975CEDA1-SegmentedRaftLogWorker: safeCacheEvictIndex: setUnconditionally 0 -> -1
2021-10-12 06:06:30,010 [pool-638-thread-1] INFO  server.RaftServerConfigKeys (ConfUtils.java:logGet(44)) - raft.server.snapshot.auto.trigger.enabled = true (custom)
2021-10-12 06:06:30,010 [pool-638-thread-1] INFO  server.RaftServerConfigKeys (ConfUtils.java:logGet(44)) - raft.server.snapshot.auto.trigger.threshold = 10000 (custom)
2021-10-12 06:06:30,010 [pool-638-thread-1] INFO  server.RaftServerConfigKeys (ConfUtils.java:logGet(44)) - raft.server.snapshot.retention.file.num = 5 (custom)
2021-10-12 06:06:30,010 [pool-638-thread-1] INFO  server.RaftServerConfigKeys (ConfUtils.java:logGet(44)) - raft.server.log.purge.upto.snapshot.index = false (default)
2021-10-12 06:06:30,010 [pool-638-thread-1] INFO  server.RaftServerConfigKeys (ConfUtils.java:logGet(44)) - raft.server.retrycache.expirytime = 600000ms (custom)
2021-10-12 06:06:30,010 [pool-638-thread-1] INFO  server.RaftServerConfigKeys (ConfUtils.java:logGet(44)) - raft.server.retrycache.statistics.expirytime = 100μs (default)
2021-10-12 06:06:30,011 [pool-638-thread-1] INFO  server.RaftServer$Division (RaftServerImpl.java:start(296)) - 8094cd77-30c2-47d7-ab82-7abee48b2f8b@group-D184F90DD9F3: start as a follower, conf=-1: [a928fc34-d4b3-4f47-b859-83818f25ed6e|rpc:10.1.0.59:35709|dataStream:|priority:0, 8094cd77-30c2-47d7-ab82-7abee48b2f8b|rpc:10.1.0.59:44663|dataStream:|priority:1, f6edce37-208d-40f1-ab7e-323414b00593|rpc:10.1.0.59:35829|dataStream:|priority:0], old=null
2021-10-12 06:06:30,011 [pool-638-thread-1] INFO  server.RaftServer$Division (RaftServerImpl.java:setRole(285)) - 8094cd77-30c2-47d7-ab82-7abee48b2f8b@group-D184F90DD9F3: changes role from      null to FOLLOWER at term 0 for startAsFollower
2021-10-12 06:06:30,011 [pool-638-thread-1] INFO  impl.RoleInfo (RoleInfo.java:updateAndGet(130)) - 8094cd77-30c2-47d7-ab82-7abee48b2f8b: start 8094cd77-30c2-47d7-ab82-7abee48b2f8b@group-D184F90DD9F3-FollowerState
2021-10-12 06:06:30,023 [pool-638-thread-1] INFO  util.JmxRegister (JmxRegister.java:tryRegister(44)) - Successfully registered JMX Bean with object name Ratis:service=RaftServer,group=group-D184F90DD9F3,id=8094cd77-30c2-47d7-ab82-7abee48b2f8b
2021-10-12 06:06:30,045 [pool-638-thread-1] INFO  server.RaftServer$Division (RaftServerImpl.java:start(296)) - 8094cd77-30c2-47d7-ab82-7abee48b2f8b@group-D0BF975CEDA1: start as a follower, conf=-1: [69929a81-75b5-4e59-a9cb-c7e6f0fb6fd6|rpc:10.1.0.59:40555|dataStream:|priority:1, 8094cd77-30c2-47d7-ab82-7abee48b2f8b|rpc:10.1.0.59:44663|dataStream:|priority:0, f6edce37-208d-40f1-ab7e-323414b00593|rpc:10.1.0.59:35829|dataStream:|priority:0], old=null
2021-10-12 06:06:30,045 [pool-638-thread-1] INFO  server.RaftServer$Division (RaftServerImpl.java:setRole(285)) - 8094cd77-30c2-47d7-ab82-7abee48b2f8b@group-D0BF975CEDA1: changes role from      null to FOLLOWER at term 0 for startAsFollower
2021-10-12 06:06:30,045 [pool-638-thread-1] INFO  impl.RoleInfo (RoleInfo.java:updateAndGet(130)) - 8094cd77-30c2-47d7-ab82-7abee48b2f8b: start 8094cd77-30c2-47d7-ab82-7abee48b2f8b@group-D0BF975CEDA1-FollowerState
2021-10-12 06:06:30,046 [pool-638-thread-1] INFO  util.JmxRegister (JmxRegister.java:tryRegister(44)) - Successfully registered JMX Bean with object name Ratis:service=RaftServer,group=group-D0BF975CEDA1,id=8094cd77-30c2-47d7-ab82-7abee48b2f8b
2021-10-12 06:06:30,126 [Command processor thread] INFO  commandhandler.CreatePipelineCommandHandler (CreatePipelineCommandHandler.java:handle(106)) - Created Pipeline RATIS THREE PipelineID=5ecef51f-4e59-4141-a865-d0bf975ceda1.
2021-10-12 06:06:30,126 [Command processor thread] INFO  server.RaftServer (RaftServerProxy.java:addNew(95)) - 69929a81-75b5-4e59-a9cb-c7e6f0fb6fd6: addNew group-1D5C0641F7B2:[69929a81-75b5-4e59-a9cb-c7e6f0fb6fd6|rpc:10.1.0.59:40555|priority:0, a928fc34-d4b3-4f47-b859-83818f25ed6e|rpc:10.1.0.59:35709|priority:0, 8094cd77-30c2-47d7-ab82-7abee48b2f8b|rpc:10.1.0.59:44663|priority:1] returns group-1D5C0641F7B2:java.util.concurrent.CompletableFuture@2884fdb9[Not completed]
2021-10-12 06:06:30,127 [pool-524-thread-1] INFO  server.RaftServer$Division (RaftServerImpl.java:<init>(181)) - 69929a81-75b5-4e59-a9cb-c7e6f0fb6fd6: new RaftServerImpl for group-1D5C0641F7B2:[69929a81-75b5-4e59-a9cb-c7e6f0fb6fd6|rpc:10.1.0.59:40555|priority:0, a928fc34-d4b3-4f47-b859-83818f25ed6e|rpc:10.1.0.59:35709|priority:0, 8094cd77-30c2-47d7-ab82-7abee48b2f8b|rpc:10.1.0.59:44663|priority:1] with ContainerStateMachine:uninitialized
2021-10-12 06:06:30,127 [pool-524-thread-1] INFO  server.RaftServerConfigKeys (ConfUtils.java:logGet(44)) - raft.server.rpc.timeout.min = 5s (custom)
2021-10-12 06:06:30,127 [pool-524-thread-1] INFO  server.RaftServerConfigKeys (ConfUtils.java:logGet(44)) - raft.server.rpc.timeout.max = 5200ms (custom)
2021-10-12 06:06:30,127 [pool-524-thread-1] INFO  server.RaftServerConfigKeys (ConfUtils.java:logGet(44)) - raft.server.rpc.sleep.time = 25ms (default)
2021-10-12 06:06:30,127 [pool-524-thread-1] INFO  server.RaftServerConfigKeys (ConfUtils.java:logGet(44)) - raft.server.rpc.slowness.timeout = 300000ms (custom)
2021-10-12 06:06:30,127 [pool-524-thread-1] INFO  server.RaftServerConfigKeys (ConfUtils.java:logGet(44)) - raft.server.leaderelection.leader.step-down.wait-time = 10s (default)
2021-10-12 06:06:30,127 [pool-524-thread-1] INFO  server.RaftServerConfigKeys (ConfUtils.java:logGet(44)) - raft.server.sleep.deviation.threshold = 300ms (default)
2021-10-12 06:06:30,127 [pool-524-thread-1] INFO  server.RaftServerConfigKeys (ConfUtils.java:logGet(44)) - raft.server.log.appender.install.snapshot.enabled = false (custom)
2021-10-12 06:06:30,127 [pool-524-thread-1] INFO  server.RaftServer$Division (ServerState.java:<init>(105)) - 69929a81-75b5-4e59-a9cb-c7e6f0fb6fd6@group-1D5C0641F7B2: ConfigurationManager, init=-1: [69929a81-75b5-4e59-a9cb-c7e6f0fb6fd6|rpc:10.1.0.59:40555|priority:0, a928fc34-d4b3-4f47-b859-83818f25ed6e|rpc:10.1.0.59:35709|priority:0, 8094cd77-30c2-47d7-ab82-7abee48b2f8b|rpc:10.1.0.59:44663|priority:1], old=null, confs=<EMPTY_MAP>
2021-10-12 06:06:30,127 [pool-524-thread-1] INFO  server.RaftServerConfigKeys (ConfUtils.java:logGet(44)) - raft.server.storage.dir = [/home/runner/work/ozone/ozone/hadoop-ozone/integration-test/target/test-dir/MiniOzoneClusterImpl-c6dc50ab-6fac-4554-b78d-9440f3e38bfb/datanode-0/data/ratis] (custom)
2021-10-12 06:06:30,127 [pool-524-thread-1] INFO  server.RaftServerConfigKeys (ConfUtils.java:logGet(44)) - raft.server.log.corruption.policy = EXCEPTION (default)
2021-10-12 06:06:30,127 [pool-524-thread-1] INFO  server.RaftServerConfigKeys (ConfUtils.java:logGet(44)) - raft.server.storage.free-space.min = 0MB (=0) (default)
2021-10-12 06:06:30,127 [pool-524-thread-1] INFO  storage.RaftStorageDirectory (RaftStorageDirectoryImpl.java:analyzeStorage(135)) - The storage directory /home/runner/work/ozone/ozone/hadoop-ozone/integration-test/target/test-dir/MiniOzoneClusterImpl-c6dc50ab-6fac-4554-b78d-9440f3e38bfb/datanode-0/data/ratis/9932fe54-2ba2-4d09-8578-1d5c0641f7b2 does not exist. Creating ...
2021-10-12 06:06:30,129 [pool-524-thread-1] INFO  storage.RaftStorageDirectory (RaftStorageDirectoryImpl.java:tryLock(230)) - Lock on /home/runner/work/ozone/ozone/hadoop-ozone/integration-test/target/test-dir/MiniOzoneClusterImpl-c6dc50ab-6fac-4554-b78d-9440f3e38bfb/datanode-0/data/ratis/9932fe54-2ba2-4d09-8578-1d5c0641f7b2/in_use.lock acquired by nodename 8742@fv-az297-361
2021-10-12 06:06:30,130 [pool-524-thread-1] INFO  storage.RaftStorage (RaftStorageImpl.java:format(89)) - Storage directory /home/runner/work/ozone/ozone/hadoop-ozone/integration-test/target/test-dir/MiniOzoneClusterImpl-c6dc50ab-6fac-4554-b78d-9440f3e38bfb/datanode-0/data/ratis/9932fe54-2ba2-4d09-8578-1d5c0641f7b2 has been successfully formatted.
2021-10-12 06:06:30,130 [pool-524-thread-1] INFO  ratis.ContainerStateMachine (ContainerStateMachine.java:loadSnapshot(224)) - group-1D5C0641F7B2: The snapshot info is null. Setting the last applied indexto:(t:0, i:~)
2021-10-12 06:06:30,130 [pool-524-thread-1] INFO  server.RaftServerConfigKeys (ConfUtils.java:logGet(44)) - raft.server.notification.no-leader.timeout = 300000ms (custom)
2021-10-12 06:06:30,130 [pool-524-thread-1] INFO  server.RaftServerConfigKeys (ConfUtils.java:logGet(44)) - raft.server.log.use.memory = false (default)
2021-10-12 06:06:30,130 [pool-524-thread-1] INFO  server.RaftServerConfigKeys (ConfUtils.java:logGet(44)) - raft.server.log.purge.gap = 1000000 (custom)
2021-10-12 06:06:30,131 [pool-524-thread-1] INFO  server.RaftServerConfigKeys (ConfUtils.java:logGet(44)) - raft.server.log.appender.buffer.byte-limit = 33554432 (custom)
2021-10-12 06:06:30,131 [pool-524-thread-1] INFO  server.RaftServerConfigKeys (ConfUtils.java:logGet(44)) - raft.server.log.segment.size.max = 1048576 (custom)
2021-10-12 06:06:30,131 [pool-524-thread-1] INFO  server.RaftServerConfigKeys (ConfUtils.java:logGet(44)) - raft.server.log.segment.cache.num.max = 2 (custom)
2021-10-12 06:06:30,131 [pool-524-thread-1] INFO  server.RaftServerConfigKeys (ConfUtils.java:logGet(44)) - raft.server.log.segment.cache.size.max = 200MB (=209715200) (default)
2021-10-12 06:06:30,131 [pool-524-thread-1] INFO  segmented.SegmentedRaftLogWorker (SegmentedRaftLogWorker.java:<init>(182)) - new 69929a81-75b5-4e59-a9cb-c7e6f0fb6fd6@group-1D5C0641F7B2-SegmentedRaftLogWorker for RaftStorageImpl:Storage Directory /home/runner/work/ozone/ozone/hadoop-ozone/integration-test/target/test-dir/MiniOzoneClusterImpl-c6dc50ab-6fac-4554-b78d-9440f3e38bfb/datanode-0/data/ratis/9932fe54-2ba2-4d09-8578-1d5c0641f7b2
2021-10-12 06:06:30,131 [pool-524-thread-1] INFO  server.RaftServerConfigKeys (ConfUtils.java:logGet(44)) - raft.server.log.queue.byte-limit = 2147483647 (custom)
2021-10-12 06:06:30,131 [pool-524-thread-1] INFO  server.RaftServerConfigKeys (ConfUtils.java:logGet(44)) - raft.server.log.queue.element-limit = 1024 (custom)
2021-10-12 06:06:30,131 [pool-524-thread-1] INFO  server.RaftServerConfigKeys (ConfUtils.java:logGet(44)) - raft.server.log.segment.size.max = 1048576 (custom)
2021-10-12 06:06:30,131 [pool-524-thread-1] INFO  server.RaftServerConfigKeys (ConfUtils.java:logGet(44)) - raft.server.log.preallocated.size = 16384 (custom)
2021-10-12 06:06:30,131 [pool-524-thread-1] INFO  server.RaftServerConfigKeys (ConfUtils.java:logGet(44)) - raft.server.log.force.sync.num = 128 (default)
2021-10-12 06:06:30,131 [pool-524-thread-1] INFO  server.RaftServerConfigKeys (ConfUtils.java:logGet(44)) - raft.server.log.statemachine.data.sync = true (default)
2021-10-12 06:06:30,131 [pool-524-thread-1] INFO  server.RaftServerConfigKeys (ConfUtils.java:logGet(44)) - raft.server.log.statemachine.data.sync.timeout = 10s (default)
2021-10-12 06:06:30,131 [pool-524-thread-1] INFO  server.RaftServerConfigKeys (ConfUtils.java:logGet(44)) - raft.server.log.statemachine.data.sync.timeout.retry = -1 (default)
2021-10-12 06:06:30,134 [pool-524-thread-1] INFO  server.RaftServerConfigKeys (ConfUtils.java:logGet(44)) - raft.server.log.write.buffer.size = 1048576 (custom)
2021-10-12 06:06:30,134 [pool-524-thread-1] INFO  server.RaftServerConfigKeys (ConfUtils.java:logGet(44)) - raft.server.log.statemachine.data.caching.enabled = true (custom)
2021-10-12 06:06:30,135 [pool-524-thread-1] INFO  segmented.SegmentedRaftLogWorker (SegmentedRaftLogWorker.java:lambda$new$0(133)) - 69929a81-75b5-4e59-a9cb-c7e6f0fb6fd6@group-1D5C0641F7B2-SegmentedRaftLogWorker: flushIndex: setUnconditionally 0 -> -1
2021-10-12 06:06:30,135 [pool-524-thread-1] INFO  segmented.SegmentedRaftLogWorker (SegmentedRaftLogWorker.java:lambda$new$0(133)) - 69929a81-75b5-4e59-a9cb-c7e6f0fb6fd6@group-1D5C0641F7B2-SegmentedRaftLogWorker: safeCacheEvictIndex: setUnconditionally 0 -> -1
2021-10-12 06:06:30,189 [grpc-default-executor-4] INFO  server.RaftServer (RaftServerProxy.java:addNew(95)) - f6edce37-208d-40f1-ab7e-323414b00593: addNew group-510924D56746:[69929a81-75b5-4e59-a9cb-c7e6f0fb6fd6|rpc:10.1.0.59:40555|dataStream:|priority:0, a928fc34-d4b3-4f47-b859-83818f25ed6e|rpc:10.1.0.59:35709|dataStream:|priority:1, f6edce37-208d-40f1-ab7e-323414b00593|rpc:10.1.0.59:35829|dataStream:|priority:0] returns group-510924D56746:java.util.concurrent.CompletableFuture@64216e28[Not completed]
2021-10-12 06:06:30,190 [pool-696-thread-1] INFO  server.RaftServer$Division (RaftServerImpl.java:<init>(181)) - f6edce37-208d-40f1-ab7e-323414b00593: new RaftServerImpl for group-510924D56746:[69929a81-75b5-4e59-a9cb-c7e6f0fb6fd6|rpc:10.1.0.59:40555|dataStream:|priority:0, a928fc34-d4b3-4f47-b859-83818f25ed6e|rpc:10.1.0.59:35709|dataStream:|priority:1, f6edce37-208d-40f1-ab7e-323414b00593|rpc:10.1.0.59:35829|dataStream:|priority:0] with ContainerStateMachine:uninitialized
2021-10-12 06:06:30,190 [pool-696-thread-1] INFO  server.RaftServerConfigKeys (ConfUtils.java:logGet(44)) - raft.server.rpc.timeout.min = 5s (custom)
2021-10-12 06:06:30,190 [pool-696-thread-1] INFO  server.RaftServerConfigKeys (ConfUtils.java:logGet(44)) - raft.server.rpc.timeout.max = 5200ms (custom)
2021-10-12 06:06:30,190 [pool-696-thread-1] INFO  server.RaftServerConfigKeys (ConfUtils.java:logGet(44)) - raft.server.rpc.sleep.time = 25ms (default)
2021-10-12 06:06:30,190 [pool-696-thread-1] INFO  server.RaftServerConfigKeys (ConfUtils.java:logGet(44)) - raft.server.rpc.slowness.timeout = 300000ms (custom)
2021-10-12 06:06:30,191 [pool-696-thread-1] INFO  server.RaftServerConfigKeys (ConfUtils.java:logGet(44)) - raft.server.leaderelection.leader.step-down.wait-time = 10s (default)
2021-10-12 06:06:30,191 [pool-696-thread-1] INFO  server.RaftServerConfigKeys (ConfUtils.java:logGet(44)) - raft.server.sleep.deviation.threshold = 300ms (default)
2021-10-12 06:06:30,191 [pool-696-thread-1] INFO  server.RaftServerConfigKeys (ConfUtils.java:logGet(44)) - raft.server.log.appender.install.snapshot.enabled = false (custom)
2021-10-12 06:06:30,191 [pool-696-thread-1] INFO  server.RaftServer$Division (ServerState.java:<init>(105)) - f6edce37-208d-40f1-ab7e-323414b00593@group-510924D56746: ConfigurationManager, init=-1: [69929a81-75b5-4e59-a9cb-c7e6f0fb6fd6|rpc:10.1.0.59:40555|dataStream:|priority:0, a928fc34-d4b3-4f47-b859-83818f25ed6e|rpc:10.1.0.59:35709|dataStream:|priority:1, f6edce37-208d-40f1-ab7e-323414b00593|rpc:10.1.0.59:35829|dataStream:|priority:0], old=null, confs=<EMPTY_MAP>
2021-10-12 06:06:30,191 [pool-696-thread-1] INFO  server.RaftServerConfigKeys (ConfUtils.java:logGet(44)) - raft.server.storage.dir = [/home/runner/work/ozone/ozone/hadoop-ozone/integration-test/target/test-dir/MiniOzoneClusterImpl-c6dc50ab-6fac-4554-b78d-9440f3e38bfb/datanode-1/data/ratis] (custom)
2021-10-12 06:06:30,191 [pool-524-thread-1] INFO  server.RaftServerConfigKeys (ConfUtils.java:logGet(44)) - raft.server.snapshot.auto.trigger.enabled = true (custom)
2021-10-12 06:06:30,191 [pool-524-thread-1] INFO  server.RaftServerConfigKeys (ConfUtils.java:logGet(44)) - raft.server.snapshot.auto.trigger.threshold = 10000 (custom)
2021-10-12 06:06:30,191 [pool-696-thread-1] INFO  server.RaftServerConfigKeys (ConfUtils.java:logGet(44)) - raft.server.log.corruption.policy = EXCEPTION (default)
2021-10-12 06:06:30,191 [pool-696-thread-1] INFO  server.RaftServerConfigKeys (ConfUtils.java:logGet(44)) - raft.server.storage.free-space.min = 0MB (=0) (default)
2021-10-12 06:06:30,191 [pool-696-thread-1] INFO  storage.RaftStorageDirectory (RaftStorageDirectoryImpl.java:analyzeStorage(135)) - The storage directory /home/runner/work/ozone/ozone/hadoop-ozone/integration-test/target/test-dir/MiniOzoneClusterImpl-c6dc50ab-6fac-4554-b78d-9440f3e38bfb/datanode-1/data/ratis/65b688dd-5a9d-435b-8fed-510924d56746 does not exist. Creating ...
2021-10-12 06:06:30,191 [pool-524-thread-1] INFO  server.RaftServerConfigKeys (ConfUtils.java:logGet(44)) - raft.server.snapshot.retention.file.num = 5 (custom)
2021-10-12 06:06:30,192 [pool-524-thread-1] INFO  server.RaftServerConfigKeys (ConfUtils.java:logGet(44)) - raft.server.log.purge.upto.snapshot.index = false (default)
2021-10-12 06:06:30,192 [pool-524-thread-1] INFO  server.RaftServerConfigKeys (ConfUtils.java:logGet(44)) - raft.server.retrycache.expirytime = 600000ms (custom)
2021-10-12 06:06:30,192 [pool-524-thread-1] INFO  server.RaftServerConfigKeys (ConfUtils.java:logGet(44)) - raft.server.retrycache.statistics.expirytime = 100μs (default)
2021-10-12 06:06:30,193 [pool-524-thread-1] INFO  server.RaftServer$Division (RaftServerImpl.java:start(296)) - 69929a81-75b5-4e59-a9cb-c7e6f0fb6fd6@group-1D5C0641F7B2: start as a follower, conf=-1: [69929a81-75b5-4e59-a9cb-c7e6f0fb6fd6|rpc:10.1.0.59:40555|priority:0, a928fc34-d4b3-4f47-b859-83818f25ed6e|rpc:10.1.0.59:35709|priority:0, 8094cd77-30c2-47d7-ab82-7abee48b2f8b|rpc:10.1.0.59:44663|priority:1], old=null
2021-10-12 06:06:30,193 [pool-524-thread-1] INFO  server.RaftServer$Division (RaftServerImpl.java:setRole(285)) - 69929a81-75b5-4e59-a9cb-c7e6f0fb6fd6@group-1D5C0641F7B2: changes role from      null to FOLLOWER at term 0 for startAsFollower
2021-10-12 06:06:30,193 [pool-524-thread-1] INFO  impl.RoleInfo (RoleInfo.java:updateAndGet(130)) - 69929a81-75b5-4e59-a9cb-c7e6f0fb6fd6: start 69929a81-75b5-4e59-a9cb-c7e6f0fb6fd6@group-1D5C0641F7B2-FollowerState
2021-10-12 06:06:30,194 [pool-696-thread-1] INFO  storage.RaftStorageDirectory (RaftStorageDirectoryImpl.java:tryLock(230)) - Lock on /home/runner/work/ozone/ozone/hadoop-ozone/integration-test/target/test-dir/MiniOzoneClusterImpl-c6dc50ab-6fac-4554-b78d-9440f3e38bfb/datanode-1/data/ratis/65b688dd-5a9d-435b-8fed-510924d56746/in_use.lock acquired by nodename 8742@fv-az297-361
2021-10-12 06:06:30,195 [pool-696-thread-1] INFO  storage.RaftStorage (RaftStorageImpl.java:format(89)) - Storage directory /home/runner/work/ozone/ozone/hadoop-ozone/integration-test/target/test-dir/MiniOzoneClusterImpl-c6dc50ab-6fac-4554-b78d-9440f3e38bfb/datanode-1/data/ratis/65b688dd-5a9d-435b-8fed-510924d56746 has been successfully formatted.
2021-10-12 06:06:30,202 [pool-524-thread-1] INFO  util.JmxRegister (JmxRegister.java:tryRegister(44)) - Successfully registered JMX Bean with object name Ratis:service=RaftServer,group=group-1D5C0641F7B2,id=69929a81-75b5-4e59-a9cb-c7e6f0fb6fd6
2021-10-12 06:06:30,203 [Command processor thread] INFO  ratis.XceiverServerRatis (XceiverServerRatis.java:addGroup(763)) - Created group PipelineID=9932fe54-2ba2-4d09-8578-1d5c0641f7b2
2021-10-12 06:06:30,208 [grpc-default-executor-4] INFO  server.RaftServer (RaftServerProxy.java:addNew(95)) - a928fc34-d4b3-4f47-b859-83818f25ed6e: addNew group-1D5C0641F7B2:[69929a81-75b5-4e59-a9cb-c7e6f0fb6fd6|rpc:10.1.0.59:40555|dataStream:|priority:0, a928fc34-d4b3-4f47-b859-83818f25ed6e|rpc:10.1.0.59:35709|dataStream:|priority:0, 8094cd77-30c2-47d7-ab82-7abee48b2f8b|rpc:10.1.0.59:44663|dataStream:|priority:1] returns group-1D5C0641F7B2:java.util.concurrent.CompletableFuture@5925f2dd[Not completed]
2021-10-12 06:06:30,208 [pool-562-thread-1] INFO  server.RaftServer$Division (RaftServerImpl.java:<init>(181)) - a928fc34-d4b3-4f47-b859-83818f25ed6e: new RaftServerImpl for group-1D5C0641F7B2:[69929a81-75b5-4e59-a9cb-c7e6f0fb6fd6|rpc:10.1.0.59:40555|dataStream:|priority:0, a928fc34-d4b3-4f47-b859-83818f25ed6e|rpc:10.1.0.59:35709|dataStream:|priority:0, 8094cd77-30c2-47d7-ab82-7abee48b2f8b|rpc:10.1.0.59:44663|dataStream:|priority:1] with ContainerStateMachine:uninitialized
2021-10-12 06:06:30,208 [pool-562-thread-1] INFO  server.RaftServerConfigKeys (ConfUtils.java:logGet(44)) - raft.server.rpc.timeout.min = 5s (custom)
2021-10-12 06:06:30,209 [pool-562-thread-1] INFO  server.RaftServerConfigKeys (ConfUtils.java:logGet(44)) - raft.server.rpc.timeout.max = 5200ms (custom)
2021-10-12 06:06:30,209 [pool-562-thread-1] INFO  server.RaftServerConfigKeys (ConfUtils.java:logGet(44)) - raft.server.rpc.sleep.time = 25ms (default)
2021-10-12 06:06:30,209 [pool-562-thread-1] INFO  server.RaftServerConfigKeys (ConfUtils.java:logGet(44)) - raft.server.rpc.slowness.timeout = 300000ms (custom)
2021-10-12 06:06:30,209 [pool-562-thread-1] INFO  server.RaftServerConfigKeys (ConfUtils.java:logGet(44)) - raft.server.leaderelection.leader.step-down.wait-time = 10s (default)
2021-10-12 06:06:30,209 [pool-562-thread-1] INFO  server.RaftServerConfigKeys (ConfUtils.java:logGet(44)) - raft.server.sleep.deviation.threshold = 300ms (default)
2021-10-12 06:06:30,209 [pool-562-thread-1] INFO  server.RaftServerConfigKeys (ConfUtils.java:logGet(44)) - raft.server.log.appender.install.snapshot.enabled = false (custom)
2021-10-12 06:06:30,209 [pool-562-thread-1] INFO  server.RaftServer$Division (ServerState.java:<init>(105)) - a928fc34-d4b3-4f47-b859-83818f25ed6e@group-1D5C0641F7B2: ConfigurationManager, init=-1: [69929a81-75b5-4e59-a9cb-c7e6f0fb6fd6|rpc:10.1.0.59:40555|dataStream:|priority:0, a928fc34-d4b3-4f47-b859-83818f25ed6e|rpc:10.1.0.59:35709|dataStream:|priority:0, 8094cd77-30c2-47d7-ab82-7abee48b2f8b|rpc:10.1.0.59:44663|dataStream:|priority:1], old=null, confs=<EMPTY_MAP>
2021-10-12 06:06:30,209 [pool-562-thread-1] INFO  server.RaftServerConfigKeys (ConfUtils.java:logGet(44)) - raft.server.storage.dir = [/home/runner/work/ozone/ozone/hadoop-ozone/integration-test/target/test-dir/MiniOzoneClusterImpl-c6dc50ab-6fac-4554-b78d-9440f3e38bfb/datanode-2/data/ratis] (custom)
2021-10-12 06:06:30,209 [pool-562-thread-1] INFO  server.RaftServerConfigKeys (ConfUtils.java:logGet(44)) - raft.server.log.corruption.policy = EXCEPTION (default)
2021-10-12 06:06:30,209 [pool-562-thread-1] INFO  server.RaftServerConfigKeys (ConfUtils.java:logGet(44)) - raft.server.storage.free-space.min = 0MB (=0) (default)
2021-10-12 06:06:30,209 [pool-562-thread-1] INFO  storage.RaftStorageDirectory (RaftStorageDirectoryImpl.java:analyzeStorage(135)) - The storage directory /home/runner/work/ozone/ozone/hadoop-ozone/integration-test/target/test-dir/MiniOzoneClusterImpl-c6dc50ab-6fac-4554-b78d-9440f3e38bfb/datanode-2/data/ratis/9932fe54-2ba2-4d09-8578-1d5c0641f7b2 does not exist. Creating ...
2021-10-12 06:06:30,217 [pool-562-thread-1] INFO  storage.RaftStorageDirectory (RaftStorageDirectoryImpl.java:tryLock(230)) - Lock on /home/runner/work/ozone/ozone/hadoop-ozone/integration-test/target/test-dir/MiniOzoneClusterImpl-c6dc50ab-6fac-4554-b78d-9440f3e38bfb/datanode-2/data/ratis/9932fe54-2ba2-4d09-8578-1d5c0641f7b2/in_use.lock acquired by nodename 8742@fv-az297-361
2021-10-12 06:06:30,222 [pool-696-thread-1] INFO  ratis.ContainerStateMachine (ContainerStateMachine.java:loadSnapshot(224)) - group-510924D56746: The snapshot info is null. Setting the last applied indexto:(t:0, i:~)
2021-10-12 06:06:30,222 [pool-696-thread-1] INFO  server.RaftServerConfigKeys (ConfUtils.java:logGet(44)) - raft.server.notification.no-leader.timeout = 300000ms (custom)
2021-10-12 06:06:30,222 [pool-696-thread-1] INFO  server.RaftServerConfigKeys (ConfUtils.java:logGet(44)) - raft.server.log.use.memory = false (default)
2021-10-12 06:06:30,222 [pool-696-thread-1] INFO  server.RaftServerConfigKeys (ConfUtils.java:logGet(44)) - raft.server.log.purge.gap = 1000000 (custom)
2021-10-12 06:06:30,222 [pool-696-thread-1] INFO  server.RaftServerConfigKeys (ConfUtils.java:logGet(44)) - raft.server.log.appender.buffer.byte-limit = 33554432 (custom)
2021-10-12 06:06:30,222 [pool-696-thread-1] INFO  server.RaftServerConfigKeys (ConfUtils.java:logGet(44)) - raft.server.log.segment.size.max = 1048576 (custom)
2021-10-12 06:06:30,223 [pool-696-thread-1] INFO  server.RaftServerConfigKeys (ConfUtils.java:logGet(44)) - raft.server.log.segment.cache.num.max = 2 (custom)
2021-10-12 06:06:30,223 [pool-696-thread-1] INFO  server.RaftServerConfigKeys (ConfUtils.java:logGet(44)) - raft.server.log.segment.cache.size.max = 200MB (=209715200) (default)
2021-10-12 06:06:30,223 [pool-696-thread-1] INFO  segmented.SegmentedRaftLogWorker (SegmentedRaftLogWorker.java:<init>(182)) - new f6edce37-208d-40f1-ab7e-323414b00593@group-510924D56746-SegmentedRaftLogWorker for RaftStorageImpl:Storage Directory /home/runner/work/ozone/ozone/hadoop-ozone/integration-test/target/test-dir/MiniOzoneClusterImpl-c6dc50ab-6fac-4554-b78d-9440f3e38bfb/datanode-1/data/ratis/65b688dd-5a9d-435b-8fed-510924d56746
2021-10-12 06:06:30,223 [pool-696-thread-1] INFO  server.RaftServerConfigKeys (ConfUtils.java:logGet(44)) - raft.server.log.queue.byte-limit = 2147483647 (custom)
2021-10-12 06:06:30,223 [pool-696-thread-1] INFO  server.RaftServerConfigKeys (ConfUtils.java:logGet(44)) - raft.server.log.queue.element-limit = 1024 (custom)
2021-10-12 06:06:30,223 [pool-696-thread-1] INFO  server.RaftServerConfigKeys (ConfUtils.java:logGet(44)) - raft.server.log.segment.size.max = 1048576 (custom)
2021-10-12 06:06:30,223 [pool-696-thread-1] INFO  server.RaftServerConfigKeys (ConfUtils.java:logGet(44)) - raft.server.log.preallocated.size = 16384 (custom)
2021-10-12 06:06:30,223 [pool-696-thread-1] INFO  server.RaftServerConfigKeys (ConfUtils.java:logGet(44)) - raft.server.log.force.sync.num = 128 (default)
2021-10-12 06:06:30,223 [pool-696-thread-1] INFO  server.RaftServerConfigKeys (ConfUtils.java:logGet(44)) - raft.server.log.statemachine.data.sync = true (default)
2021-10-12 06:06:30,223 [pool-696-thread-1] INFO  server.RaftServerConfigKeys (ConfUtils.java:logGet(44)) - raft.server.log.statemachine.data.sync.timeout = 10s (default)
2021-10-12 06:06:30,223 [pool-696-thread-1] INFO  server.RaftServerConfigKeys (ConfUtils.java:logGet(44)) - raft.server.log.statemachine.data.sync.timeout.retry = -1 (default)
2021-10-12 06:06:30,224 [pool-696-thread-1] INFO  server.RaftServerConfigKeys (ConfUtils.java:logGet(44)) - raft.server.log.write.buffer.size = 1048576 (custom)
2021-10-12 06:06:30,224 [pool-696-thread-1] INFO  server.RaftServerConfigKeys (ConfUtils.java:logGet(44)) - raft.server.log.statemachine.data.caching.enabled = true (custom)
2021-10-12 06:06:30,227 [pool-696-thread-1] INFO  segmented.SegmentedRaftLogWorker (SegmentedRaftLogWorker.java:lambda$new$0(133)) - f6edce37-208d-40f1-ab7e-323414b00593@group-510924D56746-SegmentedRaftLogWorker: flushIndex: setUnconditionally 0 -> -1
2021-10-12 06:06:30,227 [pool-696-thread-1] INFO  segmented.SegmentedRaftLogWorker (SegmentedRaftLogWorker.java:lambda$new$0(133)) - f6edce37-208d-40f1-ab7e-323414b00593@group-510924D56746-SegmentedRaftLogWorker: safeCacheEvictIndex: setUnconditionally 0 -> -1
2021-10-12 06:06:30,230 [pool-562-thread-1] INFO  storage.RaftStorage (RaftStorageImpl.java:format(89)) - Storage directory /home/runner/work/ozone/ozone/hadoop-ozone/integration-test/target/test-dir/MiniOzoneClusterImpl-c6dc50ab-6fac-4554-b78d-9440f3e38bfb/datanode-2/data/ratis/9932fe54-2ba2-4d09-8578-1d5c0641f7b2 has been successfully formatted.
2021-10-12 06:06:30,242 [pool-696-thread-1] INFO  server.RaftServerConfigKeys (ConfUtils.java:logGet(44)) - raft.server.snapshot.auto.trigger.enabled = true (custom)
2021-10-12 06:06:30,242 [pool-696-thread-1] INFO  server.RaftServerConfigKeys (ConfUtils.java:logGet(44)) - raft.server.snapshot.auto.trigger.threshold = 10000 (custom)
2021-10-12 06:06:30,242 [pool-696-thread-1] INFO  server.RaftServerConfigKeys (ConfUtils.java:logGet(44)) - raft.server.snapshot.retention.file.num = 5 (custom)
2021-10-12 06:06:30,242 [pool-696-thread-1] INFO  server.RaftServerConfigKeys (ConfUtils.java:logGet(44)) - raft.server.log.purge.upto.snapshot.index = false (default)
2021-10-12 06:06:30,242 [pool-696-thread-1] INFO  server.RaftServerConfigKeys (ConfUtils.java:logGet(44)) - raft.server.retrycache.expirytime = 600000ms (custom)
2021-10-12 06:06:30,242 [pool-696-thread-1] INFO  server.RaftServerConfigKeys (ConfUtils.java:logGet(44)) - raft.server.retrycache.statistics.expirytime = 100μs (default)
2021-10-12 06:06:30,244 [pool-696-thread-1] INFO  server.RaftServer$Division (RaftServerImpl.java:start(296)) - f6edce37-208d-40f1-ab7e-323414b00593@group-510924D56746: start as a follower, conf=-1: [69929a81-75b5-4e59-a9cb-c7e6f0fb6fd6|rpc:10.1.0.59:40555|dataStream:|priority:0, a928fc34-d4b3-4f47-b859-83818f25ed6e|rpc:10.1.0.59:35709|dataStream:|priority:1, f6edce37-208d-40f1-ab7e-323414b00593|rpc:10.1.0.59:35829|dataStream:|priority:0], old=null
2021-10-12 06:06:30,244 [pool-696-thread-1] INFO  server.RaftServer$Division (RaftServerImpl.java:setRole(285)) - f6edce37-208d-40f1-ab7e-323414b00593@group-510924D56746: changes role from      null to FOLLOWER at term 0 for startAsFollower
2021-10-12 06:06:30,244 [pool-696-thread-1] INFO  impl.RoleInfo (RoleInfo.java:updateAndGet(130)) - f6edce37-208d-40f1-ab7e-323414b00593: start f6edce37-208d-40f1-ab7e-323414b00593@group-510924D56746-FollowerState
2021-10-12 06:06:30,244 [pool-696-thread-1] INFO  util.JmxRegister (JmxRegister.java:tryRegister(44)) - Successfully registered JMX Bean with object name Ratis:service=RaftServer,group=group-510924D56746,id=f6edce37-208d-40f1-ab7e-323414b00593
2021-10-12 06:06:30,246 [pool-562-thread-1] INFO  ratis.ContainerStateMachine (ContainerStateMachine.java:loadSnapshot(224)) - group-1D5C0641F7B2: The snapshot info is null. Setting the last applied indexto:(t:0, i:~)
2021-10-12 06:06:30,246 [pool-562-thread-1] INFO  server.RaftServerConfigKeys (ConfUtils.java:logGet(44)) - raft.server.notification.no-leader.timeout = 300000ms (custom)
2021-10-12 06:06:30,246 [pool-562-thread-1] INFO  server.RaftServerConfigKeys (ConfUtils.java:logGet(44)) - raft.server.log.use.memory = false (default)
2021-10-12 06:06:30,246 [pool-562-thread-1] INFO  server.RaftServerConfigKeys (ConfUtils.java:logGet(44)) - raft.server.log.purge.gap = 1000000 (custom)
2021-10-12 06:06:30,246 [pool-562-thread-1] INFO  server.RaftServerConfigKeys (ConfUtils.java:logGet(44)) - raft.server.log.appender.buffer.byte-limit = 33554432 (custom)
2021-10-12 06:06:30,246 [pool-562-thread-1] INFO  server.RaftServerConfigKeys (ConfUtils.java:logGet(44)) - raft.server.log.segment.size.max = 1048576 (custom)
2021-10-12 06:06:30,247 [pool-562-thread-1] INFO  server.RaftServerConfigKeys (ConfUtils.java:logGet(44)) - raft.server.log.segment.cache.num.max = 2 (custom)
2021-10-12 06:06:30,247 [pool-562-thread-1] INFO  server.RaftServerConfigKeys (ConfUtils.java:logGet(44)) - raft.server.log.segment.cache.size.max = 200MB (=209715200) (default)
2021-10-12 06:06:30,247 [pool-562-thread-1] INFO  segmented.SegmentedRaftLogWorker (SegmentedRaftLogWorker.java:<init>(182)) - new a928fc34-d4b3-4f47-b859-83818f25ed6e@group-1D5C0641F7B2-SegmentedRaftLogWorker for RaftStorageImpl:Storage Directory /home/runner/work/ozone/ozone/hadoop-ozone/integration-test/target/test-dir/MiniOzoneClusterImpl-c6dc50ab-6fac-4554-b78d-9440f3e38bfb/datanode-2/data/ratis/9932fe54-2ba2-4d09-8578-1d5c0641f7b2
2021-10-12 06:06:30,247 [pool-562-thread-1] INFO  server.RaftServerConfigKeys (ConfUtils.java:logGet(44)) - raft.server.log.queue.byte-limit = 2147483647 (custom)
2021-10-12 06:06:30,247 [pool-562-thread-1] INFO  server.RaftServerConfigKeys (ConfUtils.java:logGet(44)) - raft.server.log.queue.element-limit = 1024 (custom)
2021-10-12 06:06:30,247 [pool-562-thread-1] INFO  server.RaftServerConfigKeys (ConfUtils.java:logGet(44)) - raft.server.log.segment.size.max = 1048576 (custom)
2021-10-12 06:06:30,247 [pool-562-thread-1] INFO  server.RaftServerConfigKeys (ConfUtils.java:logGet(44)) - raft.server.log.preallocated.size = 16384 (custom)
2021-10-12 06:06:30,247 [pool-562-thread-1] INFO  server.RaftServerConfigKeys (ConfUtils.java:logGet(44)) - raft.server.log.force.sync.num = 128 (default)
2021-10-12 06:06:30,247 [pool-562-thread-1] INFO  server.RaftServerConfigKeys (ConfUtils.java:logGet(44)) - raft.server.log.statemachine.data.sync = true (default)
2021-10-12 06:06:30,247 [pool-562-thread-1] INFO  server.RaftServerConfigKeys (ConfUtils.java:logGet(44)) - raft.server.log.statemachine.data.sync.timeout = 10s (default)
2021-10-12 06:06:30,247 [pool-562-thread-1] INFO  server.RaftServerConfigKeys (ConfUtils.java:logGet(44)) - raft.server.log.statemachine.data.sync.timeout.retry = -1 (default)
2021-10-12 06:06:30,247 [Datanode State Machine Thread - 0] WARN  statemachine.StateContext (StateContext.java:execute(621)) - No available thread in pool for past 1 seconds.
2021-10-12 06:06:30,273 [pool-562-thread-1] INFO  server.RaftServerConfigKeys (ConfUtils.java:logGet(44)) - raft.server.log.write.buffer.size = 1048576 (custom)
2021-10-12 06:06:30,273 [pool-562-thread-1] INFO  server.RaftServerConfigKeys (ConfUtils.java:logGet(44)) - raft.server.log.statemachine.data.caching.enabled = true (custom)
2021-10-12 06:06:30,274 [pool-562-thread-1] INFO  segmented.SegmentedRaftLogWorker (SegmentedRaftLogWorker.java:lambda$new$0(133)) - a928fc34-d4b3-4f47-b859-83818f25ed6e@group-1D5C0641F7B2-SegmentedRaftLogWorker: flushIndex: setUnconditionally 0 -> -1
2021-10-12 06:06:30,274 [pool-562-thread-1] INFO  segmented.SegmentedRaftLogWorker (SegmentedRaftLogWorker.java:lambda$new$0(133)) - a928fc34-d4b3-4f47-b859-83818f25ed6e@group-1D5C0641F7B2-SegmentedRaftLogWorker: safeCacheEvictIndex: setUnconditionally 0 -> -1
2021-10-12 06:06:30,274 [pool-562-thread-1] INFO  server.RaftServerConfigKeys (ConfUtils.java:logGet(44)) - raft.server.snapshot.auto.trigger.enabled = true (custom)
2021-10-12 06:06:30,274 [pool-562-thread-1] INFO  server.RaftServerConfigKeys (ConfUtils.java:logGet(44)) - raft.server.snapshot.auto.trigger.threshold = 10000 (custom)
2021-10-12 06:06:30,274 [pool-562-thread-1] INFO  server.RaftServerConfigKeys (ConfUtils.java:logGet(44)) - raft.server.snapshot.retention.file.num = 5 (custom)
2021-10-12 06:06:30,274 [pool-562-thread-1] INFO  server.RaftServerConfigKeys (ConfUtils.java:logGet(44)) - raft.server.log.purge.upto.snapshot.index = false (default)
2021-10-12 06:06:30,274 [pool-562-thread-1] INFO  server.RaftServerConfigKeys (ConfUtils.java:logGet(44)) - raft.server.retrycache.expirytime = 600000ms (custom)
2021-10-12 06:06:30,274 [pool-562-thread-1] INFO  server.RaftServerConfigKeys (ConfUtils.java:logGet(44)) - raft.server.retrycache.statistics.expirytime = 100μs (default)
2021-10-12 06:06:30,276 [pool-562-thread-1] INFO  server.RaftServer$Division (RaftServerImpl.java:start(296)) - a928fc34-d4b3-4f47-b859-83818f25ed6e@group-1D5C0641F7B2: start as a follower, conf=-1: [69929a81-75b5-4e59-a9cb-c7e6f0fb6fd6|rpc:10.1.0.59:40555|dataStream:|priority:0, a928fc34-d4b3-4f47-b859-83818f25ed6e|rpc:10.1.0.59:35709|dataStream:|priority:0, 8094cd77-30c2-47d7-ab82-7abee48b2f8b|rpc:10.1.0.59:44663|dataStream:|priority:1], old=null
2021-10-12 06:06:30,276 [pool-562-thread-1] INFO  server.RaftServer$Division (RaftServerImpl.java:setRole(285)) - a928fc34-d4b3-4f47-b859-83818f25ed6e@group-1D5C0641F7B2: changes role from      null to FOLLOWER at term 0 for startAsFollower
2021-10-12 06:06:30,276 [pool-562-thread-1] INFO  impl.RoleInfo (RoleInfo.java:updateAndGet(130)) - a928fc34-d4b3-4f47-b859-83818f25ed6e: start a928fc34-d4b3-4f47-b859-83818f25ed6e@group-1D5C0641F7B2-FollowerState
2021-10-12 06:06:30,276 [pool-562-thread-1] INFO  util.JmxRegister (JmxRegister.java:tryRegister(44)) - Successfully registered JMX Bean with object name Ratis:service=RaftServer,group=group-1D5C0641F7B2,id=a928fc34-d4b3-4f47-b859-83818f25ed6e
2021-10-12 06:06:30,296 [Command processor thread] INFO  commandhandler.CreatePipelineCommandHandler (CreatePipelineCommandHandler.java:handle(106)) - Created Pipeline RATIS THREE PipelineID=65b688dd-5a9d-435b-8fed-510924d56746.
2021-10-12 06:06:30,302 [grpc-default-executor-2] INFO  server.RaftServer (RaftServerProxy.java:addNew(95)) - 8094cd77-30c2-47d7-ab82-7abee48b2f8b: addNew group-1D5C0641F7B2:[69929a81-75b5-4e59-a9cb-c7e6f0fb6fd6|rpc:10.1.0.59:40555|dataStream:|priority:0, a928fc34-d4b3-4f47-b859-83818f25ed6e|rpc:10.1.0.59:35709|dataStream:|priority:0, 8094cd77-30c2-47d7-ab82-7abee48b2f8b|rpc:10.1.0.59:44663|dataStream:|priority:1] returns group-1D5C0641F7B2:java.util.concurrent.CompletableFuture@243168d1[Not completed]
2021-10-12 06:06:30,303 [pool-638-thread-1] INFO  server.RaftServer$Division (RaftServerImpl.java:<init>(181)) - 8094cd77-30c2-47d7-ab82-7abee48b2f8b: new RaftServerImpl for group-1D5C0641F7B2:[69929a81-75b5-4e59-a9cb-c7e6f0fb6fd6|rpc:10.1.0.59:40555|dataStream:|priority:0, a928fc34-d4b3-4f47-b859-83818f25ed6e|rpc:10.1.0.59:35709|dataStream:|priority:0, 8094cd77-30c2-47d7-ab82-7abee48b2f8b|rpc:10.1.0.59:44663|dataStream:|priority:1] with ContainerStateMachine:uninitialized
2021-10-12 06:06:30,303 [pool-638-thread-1] INFO  server.RaftServerConfigKeys (ConfUtils.java:logGet(44)) - raft.server.rpc.timeout.min = 5s (custom)
2021-10-12 06:06:30,303 [pool-638-thread-1] INFO  server.RaftServerConfigKeys (ConfUtils.java:logGet(44)) - raft.server.rpc.timeout.max = 5200ms (custom)
2021-10-12 06:06:30,303 [pool-638-thread-1] INFO  server.RaftServerConfigKeys (ConfUtils.java:logGet(44)) - raft.server.rpc.sleep.time = 25ms (default)
2021-10-12 06:06:30,303 [pool-638-thread-1] INFO  server.RaftServerConfigKeys (ConfUtils.java:logGet(44)) - raft.server.rpc.slowness.timeout = 300000ms (custom)
2021-10-12 06:06:30,303 [pool-638-thread-1] INFO  server.RaftServerConfigKeys (ConfUtils.java:logGet(44)) - raft.server.leaderelection.leader.step-down.wait-time = 10s (default)
2021-10-12 06:06:30,303 [pool-638-thread-1] INFO  server.RaftServerConfigKeys (ConfUtils.java:logGet(44)) - raft.server.sleep.deviation.threshold = 300ms (default)
2021-10-12 06:06:30,303 [pool-638-thread-1] INFO  server.RaftServerConfigKeys (ConfUtils.java:logGet(44)) - raft.server.log.appender.install.snapshot.enabled = false (custom)
2021-10-12 06:06:30,303 [pool-638-thread-1] INFO  server.RaftServer$Division (ServerState.java:<init>(105)) - 8094cd77-30c2-47d7-ab82-7abee48b2f8b@group-1D5C0641F7B2: ConfigurationManager, init=-1: [69929a81-75b5-4e59-a9cb-c7e6f0fb6fd6|rpc:10.1.0.59:40555|dataStream:|priority:0, a928fc34-d4b3-4f47-b859-83818f25ed6e|rpc:10.1.0.59:35709|dataStream:|priority:0, 8094cd77-30c2-47d7-ab82-7abee48b2f8b|rpc:10.1.0.59:44663|dataStream:|priority:1], old=null, confs=<EMPTY_MAP>
2021-10-12 06:06:30,303 [pool-638-thread-1] INFO  server.RaftServerConfigKeys (ConfUtils.java:logGet(44)) - raft.server.storage.dir = [/home/runner/work/ozone/ozone/hadoop-ozone/integration-test/target/test-dir/MiniOzoneClusterImpl-c6dc50ab-6fac-4554-b78d-9440f3e38bfb/datanode-6/data/ratis] (custom)
2021-10-12 06:06:30,303 [pool-638-thread-1] INFO  server.RaftServerConfigKeys (ConfUtils.java:logGet(44)) - raft.server.log.corruption.policy = EXCEPTION (default)
2021-10-12 06:06:30,303 [pool-638-thread-1] INFO  server.RaftServerConfigKeys (ConfUtils.java:logGet(44)) - raft.server.storage.free-space.min = 0MB (=0) (default)
2021-10-12 06:06:30,303 [pool-638-thread-1] INFO  storage.RaftStorageDirectory (RaftStorageDirectoryImpl.java:analyzeStorage(135)) - The storage directory /home/runner/work/ozone/ozone/hadoop-ozone/integration-test/target/test-dir/MiniOzoneClusterImpl-c6dc50ab-6fac-4554-b78d-9440f3e38bfb/datanode-6/data/ratis/9932fe54-2ba2-4d09-8578-1d5c0641f7b2 does not exist. Creating ...
2021-10-12 06:06:30,316 [pool-638-thread-1] INFO  storage.RaftStorageDirectory (RaftStorageDirectoryImpl.java:tryLock(230)) - Lock on /home/runner/work/ozone/ozone/hadoop-ozone/integration-test/target/test-dir/MiniOzoneClusterImpl-c6dc50ab-6fac-4554-b78d-9440f3e38bfb/datanode-6/data/ratis/9932fe54-2ba2-4d09-8578-1d5c0641f7b2/in_use.lock acquired by nodename 8742@fv-az297-361
2021-10-12 06:06:30,322 [pool-638-thread-1] INFO  storage.RaftStorage (RaftStorageImpl.java:format(89)) - Storage directory /home/runner/work/ozone/ozone/hadoop-ozone/integration-test/target/test-dir/MiniOzoneClusterImpl-c6dc50ab-6fac-4554-b78d-9440f3e38bfb/datanode-6/data/ratis/9932fe54-2ba2-4d09-8578-1d5c0641f7b2 has been successfully formatted.
2021-10-12 06:06:30,322 [pool-638-thread-1] INFO  ratis.ContainerStateMachine (ContainerStateMachine.java:loadSnapshot(224)) - group-1D5C0641F7B2: The snapshot info is null. Setting the last applied indexto:(t:0, i:~)
2021-10-12 06:06:30,322 [pool-638-thread-1] INFO  server.RaftServerConfigKeys (ConfUtils.java:logGet(44)) - raft.server.notification.no-leader.timeout = 300000ms (custom)
2021-10-12 06:06:30,322 [pool-638-thread-1] INFO  server.RaftServerConfigKeys (ConfUtils.java:logGet(44)) - raft.server.log.use.memory = false (default)
2021-10-12 06:06:30,322 [pool-638-thread-1] INFO  server.RaftServerConfigKeys (ConfUtils.java:logGet(44)) - raft.server.log.purge.gap = 1000000 (custom)
2021-10-12 06:06:30,322 [pool-638-thread-1] INFO  server.RaftServerConfigKeys (ConfUtils.java:logGet(44)) - raft.server.log.appender.buffer.byte-limit = 33554432 (custom)
2021-10-12 06:06:30,322 [pool-638-thread-1] INFO  server.RaftServerConfigKeys (ConfUtils.java:logGet(44)) - raft.server.log.segment.size.max = 1048576 (custom)
2021-10-12 06:06:30,323 [pool-638-thread-1] INFO  server.RaftServerConfigKeys (ConfUtils.java:logGet(44)) - raft.server.log.segment.cache.num.max = 2 (custom)
2021-10-12 06:06:30,323 [pool-638-thread-1] INFO  server.RaftServerConfigKeys (ConfUtils.java:logGet(44)) - raft.server.log.segment.cache.size.max = 200MB (=209715200) (default)
2021-10-12 06:06:30,323 [pool-638-thread-1] INFO  segmented.SegmentedRaftLogWorker (SegmentedRaftLogWorker.java:<init>(182)) - new 8094cd77-30c2-47d7-ab82-7abee48b2f8b@group-1D5C0641F7B2-SegmentedRaftLogWorker for RaftStorageImpl:Storage Directory /home/runner/work/ozone/ozone/hadoop-ozone/integration-test/target/test-dir/MiniOzoneClusterImpl-c6dc50ab-6fac-4554-b78d-9440f3e38bfb/datanode-6/data/ratis/9932fe54-2ba2-4d09-8578-1d5c0641f7b2
2021-10-12 06:06:30,323 [pool-638-thread-1] INFO  server.RaftServerConfigKeys (ConfUtils.java:logGet(44)) - raft.server.log.queue.byte-limit = 2147483647 (custom)
2021-10-12 06:06:30,323 [pool-638-thread-1] INFO  server.RaftServerConfigKeys (ConfUtils.java:logGet(44)) - raft.server.log.queue.element-limit = 1024 (custom)
2021-10-12 06:06:30,323 [pool-638-thread-1] INFO  server.RaftServerConfigKeys (ConfUtils.java:logGet(44)) - raft.server.log.segment.size.max = 1048576 (custom)
2021-10-12 06:06:30,323 [pool-638-thread-1] INFO  server.RaftServerConfigKeys (ConfUtils.java:logGet(44)) - raft.server.log.preallocated.size = 16384 (custom)
2021-10-12 06:06:30,323 [pool-638-thread-1] INFO  server.RaftServerConfigKeys (ConfUtils.java:logGet(44)) - raft.server.log.force.sync.num = 128 (default)
2021-10-12 06:06:30,323 [pool-638-thread-1] INFO  server.RaftServerConfigKeys (ConfUtils.java:logGet(44)) - raft.server.log.statemachine.data.sync = true (default)
2021-10-12 06:06:30,323 [pool-638-thread-1] INFO  server.RaftServerConfigKeys (ConfUtils.java:logGet(44)) - raft.server.log.statemachine.data.sync.timeout = 10s (default)
2021-10-12 06:06:30,323 [pool-638-thread-1] INFO  server.RaftServerConfigKeys (ConfUtils.java:logGet(44)) - raft.server.log.statemachine.data.sync.timeout.retry = -1 (default)
2021-10-12 06:06:30,323 [Datanode State Machine Thread - 0] WARN  statemachine.StateContext (StateContext.java:execute(621)) - No available thread in pool for past 1 seconds.
2021-10-12 06:06:30,324 [pool-638-thread-1] INFO  server.RaftServerConfigKeys (ConfUtils.java:logGet(44)) - raft.server.log.write.buffer.size = 1048576 (custom)
2021-10-12 06:06:30,324 [pool-638-thread-1] INFO  server.RaftServerConfigKeys (ConfUtils.java:logGet(44)) - raft.server.log.statemachine.data.caching.enabled = true (custom)
2021-10-12 06:06:30,325 [pool-638-thread-1] INFO  segmented.SegmentedRaftLogWorker (SegmentedRaftLogWorker.java:lambda$new$0(133)) - 8094cd77-30c2-47d7-ab82-7abee48b2f8b@group-1D5C0641F7B2-SegmentedRaftLogWorker: flushIndex: setUnconditionally 0 -> -1
2021-10-12 06:06:30,325 [pool-638-thread-1] INFO  segmented.SegmentedRaftLogWorker (SegmentedRaftLogWorker.java:lambda$new$0(133)) - 8094cd77-30c2-47d7-ab82-7abee48b2f8b@group-1D5C0641F7B2-SegmentedRaftLogWorker: safeCacheEvictIndex: setUnconditionally 0 -> -1
2021-10-12 06:06:30,335 [pool-638-thread-1] INFO  server.RaftServerConfigKeys (ConfUtils.java:logGet(44)) - raft.server.snapshot.auto.trigger.enabled = true (custom)
2021-10-12 06:06:30,335 [pool-638-thread-1] INFO  server.RaftServerConfigKeys (ConfUtils.java:logGet(44)) - raft.server.snapshot.auto.trigger.threshold = 10000 (custom)
2021-10-12 06:06:30,335 [pool-638-thread-1] INFO  server.RaftServerConfigKeys (ConfUtils.java:logGet(44)) - raft.server.snapshot.retention.file.num = 5 (custom)
2021-10-12 06:06:30,335 [pool-638-thread-1] INFO  server.RaftServerConfigKeys (ConfUtils.java:logGet(44)) - raft.server.log.purge.upto.snapshot.index = false (default)
2021-10-12 06:06:30,335 [pool-638-thread-1] INFO  server.RaftServerConfigKeys (ConfUtils.java:logGet(44)) - raft.server.retrycache.expirytime = 600000ms (custom)
2021-10-12 06:06:30,335 [pool-638-thread-1] INFO  server.RaftServerConfigKeys (ConfUtils.java:logGet(44)) - raft.server.retrycache.statistics.expirytime = 100μs (default)
2021-10-12 06:06:30,336 [pool-638-thread-1] INFO  server.RaftServer$Division (RaftServerImpl.java:start(296)) - 8094cd77-30c2-47d7-ab82-7abee48b2f8b@group-1D5C0641F7B2: start as a follower, conf=-1: [69929a81-75b5-4e59-a9cb-c7e6f0fb6fd6|rpc:10.1.0.59:40555|dataStream:|priority:0, a928fc34-d4b3-4f47-b859-83818f25ed6e|rpc:10.1.0.59:35709|dataStream:|priority:0, 8094cd77-30c2-47d7-ab82-7abee48b2f8b|rpc:10.1.0.59:44663|dataStream:|priority:1], old=null
2021-10-12 06:06:30,336 [pool-638-thread-1] INFO  server.RaftServer$Division (RaftServerImpl.java:setRole(285)) - 8094cd77-30c2-47d7-ab82-7abee48b2f8b@group-1D5C0641F7B2: changes role from      null to FOLLOWER at term 0 for startAsFollower
2021-10-12 06:06:30,337 [pool-638-thread-1] INFO  impl.RoleInfo (RoleInfo.java:updateAndGet(130)) - 8094cd77-30c2-47d7-ab82-7abee48b2f8b: start 8094cd77-30c2-47d7-ab82-7abee48b2f8b@group-1D5C0641F7B2-FollowerState
2021-10-12 06:06:30,339 [pool-638-thread-1] INFO  util.JmxRegister (JmxRegister.java:tryRegister(44)) - Successfully registered JMX Bean with object name Ratis:service=RaftServer,group=group-1D5C0641F7B2,id=8094cd77-30c2-47d7-ab82-7abee48b2f8b
2021-10-12 06:06:30,359 [Command processor thread] INFO  commandhandler.CreatePipelineCommandHandler (CreatePipelineCommandHandler.java:handle(106)) - Created Pipeline RATIS THREE PipelineID=9932fe54-2ba2-4d09-8578-1d5c0641f7b2.
2021-10-12 06:06:34,622 [f6edce37-208d-40f1-ab7e-323414b00593@group-ECB93FB1A688-FollowerState] INFO  impl.FollowerState (FollowerState.java:run(134)) - f6edce37-208d-40f1-ab7e-323414b00593@group-ECB93FB1A688-FollowerState: change to CANDIDATE, lastRpcElapsedTime:5102142867ns, electionTimeout:5080ms
2021-10-12 06:06:34,622 [f6edce37-208d-40f1-ab7e-323414b00593@group-ECB93FB1A688-FollowerState] INFO  impl.RoleInfo (RoleInfo.java:shutdownFollowerState(108)) - f6edce37-208d-40f1-ab7e-323414b00593: shutdown f6edce37-208d-40f1-ab7e-323414b00593@group-ECB93FB1A688-FollowerState
2021-10-12 06:06:34,622 [f6edce37-208d-40f1-ab7e-323414b00593@group-ECB93FB1A688-FollowerState] INFO  server.RaftServer$Division (RaftServerImpl.java:setRole(285)) - f6edce37-208d-40f1-ab7e-323414b00593@group-ECB93FB1A688: changes role from  FOLLOWER to CANDIDATE at term 0 for changeToCandidate
2021-10-12 06:06:34,622 [f6edce37-208d-40f1-ab7e-323414b00593@group-ECB93FB1A688-FollowerState] INFO  server.RaftServerConfigKeys (ConfUtils.java:logGet(44)) - raft.server.leaderelection.pre-vote = false (custom)
2021-10-12 06:06:34,622 [f6edce37-208d-40f1-ab7e-323414b00593@group-ECB93FB1A688-FollowerState] INFO  impl.RoleInfo (RoleInfo.java:updateAndGet(130)) - f6edce37-208d-40f1-ab7e-323414b00593: start f6edce37-208d-40f1-ab7e-323414b00593@group-ECB93FB1A688-LeaderElection103
2021-10-12 06:06:34,645 [f6edce37-208d-40f1-ab7e-323414b00593@group-ECB93FB1A688-LeaderElection103] INFO  impl.LeaderElection (LeaderElection.java:askForVotes(306)) - f6edce37-208d-40f1-ab7e-323414b00593@group-ECB93FB1A688-LeaderElection103 ELECTION round 0: submit vote requests at term 1 for -1: [f6edce37-208d-40f1-ab7e-323414b00593|rpc:10.1.0.59:35829|priority:1], old=null
2021-10-12 06:06:34,645 [f6edce37-208d-40f1-ab7e-323414b00593@group-ECB93FB1A688-LeaderElection103] INFO  impl.LeaderElection (LeaderElection.java:askForVotes(308)) - f6edce37-208d-40f1-ab7e-323414b00593@group-ECB93FB1A688-LeaderElection103 ELECTION round 0: result PASSED (term=1)
2021-10-12 06:06:34,645 [f6edce37-208d-40f1-ab7e-323414b00593@group-ECB93FB1A688-LeaderElection103] INFO  impl.RoleInfo (RoleInfo.java:shutdownLeaderElection(121)) - f6edce37-208d-40f1-ab7e-323414b00593: shutdown f6edce37-208d-40f1-ab7e-323414b00593@group-ECB93FB1A688-LeaderElection103
2021-10-12 06:06:34,645 [f6edce37-208d-40f1-ab7e-323414b00593@group-ECB93FB1A688-LeaderElection103] INFO  server.RaftServer$Division (RaftServerImpl.java:setRole(285)) - f6edce37-208d-40f1-ab7e-323414b00593@group-ECB93FB1A688: changes role from CANDIDATE to LEADER at term 1 for changeToLeader
2021-10-12 06:06:34,645 [f6edce37-208d-40f1-ab7e-323414b00593@group-ECB93FB1A688-LeaderElection103] INFO  ratis.XceiverServerRatis (XceiverServerRatis.java:handleLeaderChangedNotification(861)) - Leader change notification received for group: group-ECB93FB1A688 with new leaderId: f6edce37-208d-40f1-ab7e-323414b00593
2021-10-12 06:06:34,645 [f6edce37-208d-40f1-ab7e-323414b00593@group-ECB93FB1A688-LeaderElection103] INFO  server.RaftServer$Division (ServerState.java:setLeader(285)) - f6edce37-208d-40f1-ab7e-323414b00593@group-ECB93FB1A688: change Leader from null to f6edce37-208d-40f1-ab7e-323414b00593 at term 1 for becomeLeader, leader elected after 5148ms
2021-10-12 06:06:34,648 [f6edce37-208d-40f1-ab7e-323414b00593@group-ECB93FB1A688-LeaderElection103] INFO  server.RaftServerConfigKeys (ConfUtils.java:logGet(44)) - raft.server.staging.catchup.gap = 1000 (default)
2021-10-12 06:06:34,649 [f6edce37-208d-40f1-ab7e-323414b00593@group-ECB93FB1A688-LeaderElection103] INFO  server.RaftServerConfigKeys (ConfUtils.java:logGet(44)) - raft.server.write.element-limit = 1024 (custom)
2021-10-12 06:06:34,651 [f6edce37-208d-40f1-ab7e-323414b00593@group-ECB93FB1A688-LeaderElection103] INFO  server.RaftServerConfigKeys (ConfUtils.java:logGet(44)) - raft.server.write.byte-limit = 1024 M (=1073741824) (custom)
2021-10-12 06:06:34,651 [f6edce37-208d-40f1-ab7e-323414b00593@group-ECB93FB1A688-LeaderElection103] INFO  server.RaftServerConfigKeys (ConfUtils.java:logGet(44)) - raft.server.watch.timeout = 3000ms (custom)
2021-10-12 06:06:34,651 [f6edce37-208d-40f1-ab7e-323414b00593@group-ECB93FB1A688-LeaderElection103] INFO  server.RaftServerConfigKeys (ConfUtils.java:logGet(44)) - raft.server.watch.timeout.denomination = 1s (default)
2021-10-12 06:06:34,652 [f6edce37-208d-40f1-ab7e-323414b00593@group-ECB93FB1A688-LeaderElection103] INFO  server.RaftServerConfigKeys (ConfUtils.java:logGet(44)) - raft.server.watch.element-limit = 65536 (default)
2021-10-12 06:06:34,653 [f6edce37-208d-40f1-ab7e-323414b00593@group-ECB93FB1A688-LeaderElection103] INFO  impl.RoleInfo (RoleInfo.java:updateAndGet(130)) - f6edce37-208d-40f1-ab7e-323414b00593: start f6edce37-208d-40f1-ab7e-323414b00593@group-ECB93FB1A688-LeaderStateImpl
2021-10-12 06:06:34,653 [f6edce37-208d-40f1-ab7e-323414b00593@group-ECB93FB1A688-LeaderElection103] INFO  segmented.SegmentedRaftLogWorker (SegmentedRaftLogWorker.java:startLogSegment(394)) - f6edce37-208d-40f1-ab7e-323414b00593@group-ECB93FB1A688-SegmentedRaftLogWorker: Starting segment from index:0
2021-10-12 06:06:34,655 [f6edce37-208d-40f1-ab7e-323414b00593@group-ECB93FB1A688-SegmentedRaftLogWorker] INFO  segmented.SegmentedRaftLogWorker (SegmentedRaftLogWorker.java:execute(601)) - f6edce37-208d-40f1-ab7e-323414b00593@group-ECB93FB1A688-SegmentedRaftLogWorker: created new log segment /home/runner/work/ozone/ozone/hadoop-ozone/integration-test/target/test-dir/MiniOzoneClusterImpl-c6dc50ab-6fac-4554-b78d-9440f3e38bfb/datanode-1/data/ratis/1052ff25-57f6-44ce-bc84-ecb93fb1a688/current/log_inprogress_0
2021-10-12 06:06:34,679 [ForkJoinPool.commonPool-worker-1] INFO  ozoneimpl.OzoneContainer (OzoneContainer.java:stop(325)) - Attempting to stop container services.
2021-10-12 06:06:34,679 [f6edce37-208d-40f1-ab7e-323414b00593@group-ECB93FB1A688-LeaderElection103] INFO  server.RaftServer$Division (ServerState.java:setRaftConf(387)) - f6edce37-208d-40f1-ab7e-323414b00593@group-ECB93FB1A688: set configuration 0: [f6edce37-208d-40f1-ab7e-323414b00593|rpc:10.1.0.59:35829|dataStream:|priority:1], old=null
2021-10-12 06:06:34,683 [Listener at 127.0.0.1/38829] INFO  ozoneimpl.OzoneContainer (OzoneContainer.java:stop(325)) - Attempting to stop container services.
2021-10-12 06:06:34,684 [ForkJoinPool.commonPool-worker-1] INFO  server.RaftServer (RaftServerProxy.java:lambda$close$6(391)) - f6edce37-208d-40f1-ab7e-323414b00593: close
2021-10-12 06:06:34,684 [ForkJoinPool.commonPool-worker-1] INFO  server.RaftServer$Division (RaftServerImpl.java:lambda$close$4(407)) - f6edce37-208d-40f1-ab7e-323414b00593@group-D184F90DD9F3: shutdown
2021-10-12 06:06:34,685 [ForkJoinPool.commonPool-worker-1] INFO  util.JmxRegister (JmxRegister.java:unregister(73)) - Successfully un-registered JMX Bean with object name Ratis:service=RaftServer,group=group-D184F90DD9F3,id=f6edce37-208d-40f1-ab7e-323414b00593
2021-10-12 06:06:34,685 [ForkJoinPool.commonPool-worker-1] INFO  impl.RoleInfo (RoleInfo.java:shutdownFollowerState(108)) - f6edce37-208d-40f1-ab7e-323414b00593: shutdown f6edce37-208d-40f1-ab7e-323414b00593@group-D184F90DD9F3-FollowerState
2021-10-12 06:06:34,685 [ForkJoinPool.commonPool-worker-1] INFO  impl.StateMachineUpdater (StateMachineUpdater.java:stopAndJoin(149)) - f6edce37-208d-40f1-ab7e-323414b00593@group-D184F90DD9F3-StateMachineUpdater: set stopIndex = -1
2021-10-12 06:06:34,685 [Listener at 127.0.0.1/38829] INFO  server.RaftServer (RaftServerProxy.java:lambda$close$6(391)) - 1a275f92-aa29-4e99-8b54-16510abadaea: close
2021-10-12 06:06:34,685 [Listener at 127.0.0.1/38829] INFO  server.RaftServer$Division (RaftServerImpl.java:lambda$close$4(407)) - 1a275f92-aa29-4e99-8b54-16510abadaea@group-C5477E2A5DAB: shutdown
2021-10-12 06:06:34,685 [Listener at 127.0.0.1/38829] INFO  util.JmxRegister (JmxRegister.java:unregister(73)) - Successfully un-registered JMX Bean with object name Ratis:service=RaftServer,group=group-C5477E2A5DAB,id=1a275f92-aa29-4e99-8b54-16510abadaea
2021-10-12 06:06:34,685 [Listener at 127.0.0.1/38829] INFO  impl.RoleInfo (RoleInfo.java:shutdownFollowerState(108)) - 1a275f92-aa29-4e99-8b54-16510abadaea: shutdown 1a275f92-aa29-4e99-8b54-16510abadaea@group-C5477E2A5DAB-FollowerState
2021-10-12 06:06:34,685 [Listener at 127.0.0.1/38829] INFO  impl.StateMachineUpdater (StateMachineUpdater.java:stopAndJoin(149)) - 1a275f92-aa29-4e99-8b54-16510abadaea@group-C5477E2A5DAB-StateMachineUpdater: set stopIndex = 0
2021-10-12 06:06:34,685 [1a275f92-aa29-4e99-8b54-16510abadaea@group-C5477E2A5DAB-FollowerState] INFO  impl.FollowerState (FollowerState.java:run(143)) - 1a275f92-aa29-4e99-8b54-16510abadaea@group-C5477E2A5DAB-FollowerState was interrupted: {}
java.lang.InterruptedException: sleep interrupted
	at java.lang.Thread.sleep(Native Method)
	at java.lang.Thread.sleep(Thread.java:340)
	at java.util.concurrent.TimeUnit.sleep(TimeUnit.java:386)
	at org.apache.ratis.util.TimeDuration.sleep(TimeDuration.java:324)
	at org.apache.ratis.util.TimeDuration.sleep(TimeDuration.java:309)
	at org.apache.ratis.server.impl.FollowerState.run(FollowerState.java:118)
2021-10-12 06:06:34,686 [1a275f92-aa29-4e99-8b54-16510abadaea@group-C5477E2A5DAB-StateMachineUpdater] INFO  ratis.ContainerStateMachine (ContainerStateMachine.java:takeSnapshot(292)) - group-C5477E2A5DAB: Taking a snapshot at:(t:2, i:0) file /home/runner/work/ozone/ozone/hadoop-ozone/integration-test/target/test-dir/MiniOzoneClusterImpl-c6dc50ab-6fac-4554-b78d-9440f3e38bfb/datanode-4/data/ratis/11f238a1-a81c-4d19-9df2-c5477e2a5dab/sm/snapshot.2_0
2021-10-12 06:06:34,685 [f6edce37-208d-40f1-ab7e-323414b00593@group-D184F90DD9F3-FollowerState] INFO  impl.FollowerState (FollowerState.java:run(143)) - f6edce37-208d-40f1-ab7e-323414b00593@group-D184F90DD9F3-FollowerState was interrupted: {}
java.lang.InterruptedException: sleep interrupted
	at java.lang.Thread.sleep(Native Method)
	at java.lang.Thread.sleep(Thread.java:340)
	at java.util.concurrent.TimeUnit.sleep(TimeUnit.java:386)
	at org.apache.ratis.util.TimeDuration.sleep(TimeDuration.java:324)
	at org.apache.ratis.util.TimeDuration.sleep(TimeDuration.java:309)
	at org.apache.ratis.server.impl.FollowerState.run(FollowerState.java:118)
2021-10-12 06:06:34,686 [1a275f92-aa29-4e99-8b54-16510abadaea@group-C5477E2A5DAB-StateMachineUpdater] INFO  ratis.ContainerStateMachine (ContainerStateMachine.java:takeSnapshot(303)) - group-C5477E2A5DAB: Finished taking a snapshot at:(t:2, i:0) file:/home/runner/work/ozone/ozone/hadoop-ozone/integration-test/target/test-dir/MiniOzoneClusterImpl-c6dc50ab-6fac-4554-b78d-9440f3e38bfb/datanode-4/data/ratis/11f238a1-a81c-4d19-9df2-c5477e2a5dab/sm/snapshot.2_0 took: 0 ms
2021-10-12 06:06:34,687 [1a275f92-aa29-4e99-8b54-16510abadaea@group-C5477E2A5DAB-StateMachineUpdater] INFO  impl.StateMachineUpdater (StateMachineUpdater.java:takeSnapshot(281)) - 1a275f92-aa29-4e99-8b54-16510abadaea@group-C5477E2A5DAB-StateMachineUpdater: Took a snapshot at index 0
2021-10-12 06:06:34,687 [1a275f92-aa29-4e99-8b54-16510abadaea@group-C5477E2A5DAB-StateMachineUpdater] INFO  impl.StateMachineUpdater (StateMachineUpdater.java:lambda$new$0(89)) - 1a275f92-aa29-4e99-8b54-16510abadaea@group-C5477E2A5DAB-StateMachineUpdater: snapshotIndex: updateIncreasingly -1 -> 0
2021-10-12 06:06:34,689 [ForkJoinPool.commonPool-worker-1] INFO  server.RaftServer$Division (ServerState.java:close(419)) - f6edce37-208d-40f1-ab7e-323414b00593@group-D184F90DD9F3: closes. applyIndex: -1
2021-10-12 06:06:34,690 [f6edce37-208d-40f1-ab7e-323414b00593@group-D184F90DD9F3-SegmentedRaftLogWorker] INFO  segmented.SegmentedRaftLogWorker (SegmentedRaftLogWorker.java:run(327)) - f6edce37-208d-40f1-ab7e-323414b00593@group-D184F90DD9F3-SegmentedRaftLogWorker was interrupted, exiting. There are 0 tasks remaining in the queue.
2021-10-12 06:06:34,690 [Listener at 127.0.0.1/38829] INFO  server.RaftServer$Division (ServerState.java:close(419)) - 1a275f92-aa29-4e99-8b54-16510abadaea@group-C5477E2A5DAB: closes. applyIndex: 0
2021-10-12 06:06:34,690 [1a275f92-aa29-4e99-8b54-16510abadaea@group-C5477E2A5DAB-SegmentedRaftLogWorker] INFO  segmented.SegmentedRaftLogWorker (SegmentedRaftLogWorker.java:run(327)) - 1a275f92-aa29-4e99-8b54-16510abadaea@group-C5477E2A5DAB-SegmentedRaftLogWorker was interrupted, exiting. There are 0 tasks remaining in the queue.
2021-10-12 06:06:34,690 [ForkJoinPool.commonPool-worker-1] INFO  segmented.SegmentedRaftLogWorker (SegmentedRaftLogWorker.java:close(237)) - f6edce37-208d-40f1-ab7e-323414b00593@group-D184F90DD9F3-SegmentedRaftLogWorker close()
2021-10-12 06:06:34,690 [Listener at 127.0.0.1/38829] INFO  segmented.SegmentedRaftLogWorker (SegmentedRaftLogWorker.java:close(237)) - 1a275f92-aa29-4e99-8b54-16510abadaea@group-C5477E2A5DAB-SegmentedRaftLogWorker close()
2021-10-12 06:06:34,706 [Listener at 127.0.0.1/38829] INFO  server.RaftServer$Division (RaftServerImpl.java:lambda$close$4(407)) - 1a275f92-aa29-4e99-8b54-16510abadaea@group-DF8A7E27A5EC: shutdown
2021-10-12 06:06:34,706 [Listener at 127.0.0.1/38829] INFO  util.JmxRegister (JmxRegister.java:unregister(73)) - Successfully un-registered JMX Bean with object name Ratis:service=RaftServer,group=group-DF8A7E27A5EC,id=1a275f92-aa29-4e99-8b54-16510abadaea
2021-10-12 06:06:34,706 [Listener at 127.0.0.1/38829] INFO  impl.RoleInfo (RoleInfo.java:shutdownLeaderState(91)) - 1a275f92-aa29-4e99-8b54-16510abadaea: shutdown 1a275f92-aa29-4e99-8b54-16510abadaea@group-DF8A7E27A5EC-LeaderStateImpl
2021-10-12 06:06:34,706 [Listener at 127.0.0.1/38829] INFO  impl.PendingRequests (PendingRequests.java:sendNotLeaderResponses(282)) - 1a275f92-aa29-4e99-8b54-16510abadaea@group-DF8A7E27A5EC-PendingRequests: sendNotLeaderResponses
2021-10-12 06:06:34,707 [Listener at 127.0.0.1/38829] INFO  impl.StateMachineUpdater (StateMachineUpdater.java:stopAndJoin(149)) - 1a275f92-aa29-4e99-8b54-16510abadaea@group-DF8A7E27A5EC-StateMachineUpdater: set stopIndex = 0
2021-10-12 06:06:34,708 [ForkJoinPool.commonPool-worker-1] INFO  server.RaftServer$Division (RaftServerImpl.java:lambda$close$4(407)) - f6edce37-208d-40f1-ab7e-323414b00593@group-510924D56746: shutdown
2021-10-12 06:06:34,708 [ForkJoinPool.commonPool-worker-1] INFO  util.JmxRegister (JmxRegister.java:unregister(73)) - Successfully un-registered JMX Bean with object name Ratis:service=RaftServer,group=group-510924D56746,id=f6edce37-208d-40f1-ab7e-323414b00593
2021-10-12 06:06:34,708 [ForkJoinPool.commonPool-worker-1] INFO  impl.RoleInfo (RoleInfo.java:shutdownFollowerState(108)) - f6edce37-208d-40f1-ab7e-323414b00593: shutdown f6edce37-208d-40f1-ab7e-323414b00593@group-510924D56746-FollowerState
2021-10-12 06:06:34,708 [ForkJoinPool.commonPool-worker-1] INFO  impl.StateMachineUpdater (StateMachineUpdater.java:stopAndJoin(149)) - f6edce37-208d-40f1-ab7e-323414b00593@group-510924D56746-StateMachineUpdater: set stopIndex = -1
2021-10-12 06:06:34,708 [ForkJoinPool.commonPool-worker-1] INFO  server.RaftServer$Division (ServerState.java:close(419)) - f6edce37-208d-40f1-ab7e-323414b00593@group-510924D56746: closes. applyIndex: -1
2021-10-12 06:06:34,710 [f6edce37-208d-40f1-ab7e-323414b00593@group-510924D56746-SegmentedRaftLogWorker] INFO  segmented.SegmentedRaftLogWorker (SegmentedRaftLogWorker.java:run(327)) - f6edce37-208d-40f1-ab7e-323414b00593@group-510924D56746-SegmentedRaftLogWorker was interrupted, exiting. There are 0 tasks remaining in the queue.
2021-10-12 06:06:34,710 [f6edce37-208d-40f1-ab7e-323414b00593@group-510924D56746-FollowerState] INFO  impl.FollowerState (FollowerState.java:run(143)) - f6edce37-208d-40f1-ab7e-323414b00593@group-510924D56746-FollowerState was interrupted: {}
java.lang.InterruptedException: sleep interrupted
	at java.lang.Thread.sleep(Native Method)
	at java.lang.Thread.sleep(Thread.java:340)
	at java.util.concurrent.TimeUnit.sleep(TimeUnit.java:386)
	at org.apache.ratis.util.TimeDuration.sleep(TimeDuration.java:324)
	at org.apache.ratis.util.TimeDuration.sleep(TimeDuration.java:309)
	at org.apache.ratis.server.impl.FollowerState.run(FollowerState.java:118)
2021-10-12 06:06:34,710 [ForkJoinPool.commonPool-worker-1] INFO  segmented.SegmentedRaftLogWorker (SegmentedRaftLogWorker.java:close(237)) - f6edce37-208d-40f1-ab7e-323414b00593@group-510924D56746-SegmentedRaftLogWorker close()
2021-10-12 06:06:34,714 [1a275f92-aa29-4e99-8b54-16510abadaea@group-DF8A7E27A5EC-StateMachineUpdater] INFO  ratis.ContainerStateMachine (ContainerStateMachine.java:takeSnapshot(292)) - group-DF8A7E27A5EC: Taking a snapshot at:(t:1, i:0) file /home/runner/work/ozone/ozone/hadoop-ozone/integration-test/target/test-dir/MiniOzoneClusterImpl-c6dc50ab-6fac-4554-b78d-9440f3e38bfb/datanode-4/data/ratis/cef31069-88dc-41f3-881d-df8a7e27a5ec/sm/snapshot.1_0
2021-10-12 06:06:34,720 [1a275f92-aa29-4e99-8b54-16510abadaea@group-DF8A7E27A5EC-StateMachineUpdater] INFO  ratis.ContainerStateMachine (ContainerStateMachine.java:takeSnapshot(303)) - group-DF8A7E27A5EC: Finished taking a snapshot at:(t:1, i:0) file:/home/runner/work/ozone/ozone/hadoop-ozone/integration-test/target/test-dir/MiniOzoneClusterImpl-c6dc50ab-6fac-4554-b78d-9440f3e38bfb/datanode-4/data/ratis/cef31069-88dc-41f3-881d-df8a7e27a5ec/sm/snapshot.1_0 took: 6 ms
2021-10-12 06:06:34,721 [1a275f92-aa29-4e99-8b54-16510abadaea@group-DF8A7E27A5EC-StateMachineUpdater] INFO  impl.StateMachineUpdater (StateMachineUpdater.java:takeSnapshot(281)) - 1a275f92-aa29-4e99-8b54-16510abadaea@group-DF8A7E27A5EC-StateMachineUpdater: Took a snapshot at index 0
2021-10-12 06:06:34,721 [1a275f92-aa29-4e99-8b54-16510abadaea@group-DF8A7E27A5EC-StateMachineUpdater] INFO  impl.StateMachineUpdater (StateMachineUpdater.java:lambda$new$0(89)) - 1a275f92-aa29-4e99-8b54-16510abadaea@group-DF8A7E27A5EC-StateMachineUpdater: snapshotIndex: updateIncreasingly -1 -> 0
2021-10-12 06:06:34,721 [Listener at 127.0.0.1/38829] INFO  server.RaftServer$Division (ServerState.java:close(419)) - 1a275f92-aa29-4e99-8b54-16510abadaea@group-DF8A7E27A5EC: closes. applyIndex: 0
2021-10-12 06:06:34,724 [1a275f92-aa29-4e99-8b54-16510abadaea@group-DF8A7E27A5EC-SegmentedRaftLogWorker] INFO  segmented.SegmentedRaftLogWorker (SegmentedRaftLogWorker.java:run(327)) - 1a275f92-aa29-4e99-8b54-16510abadaea@group-DF8A7E27A5EC-SegmentedRaftLogWorker was interrupted, exiting. There are 0 tasks remaining in the queue.
2021-10-12 06:06:34,724 [Listener at 127.0.0.1/38829] INFO  segmented.SegmentedRaftLogWorker (SegmentedRaftLogWorker.java:close(237)) - 1a275f92-aa29-4e99-8b54-16510abadaea@group-DF8A7E27A5EC-SegmentedRaftLogWorker close()
2021-10-12 06:06:34,726 [Listener at 127.0.0.1/38829] INFO  server.RaftServer$Division (RaftServerImpl.java:lambda$close$4(407)) - 1a275f92-aa29-4e99-8b54-16510abadaea@group-C2C9DE719BAF: shutdown
2021-10-12 06:06:34,726 [Listener at 127.0.0.1/38829] INFO  util.JmxRegister (JmxRegister.java:unregister(73)) - Successfully un-registered JMX Bean with object name Ratis:service=RaftServer,group=group-C2C9DE719BAF,id=1a275f92-aa29-4e99-8b54-16510abadaea
2021-10-12 06:06:34,726 [Listener at 127.0.0.1/38829] INFO  impl.RoleInfo (RoleInfo.java:shutdownFollowerState(108)) - 1a275f92-aa29-4e99-8b54-16510abadaea: shutdown 1a275f92-aa29-4e99-8b54-16510abadaea@group-C2C9DE719BAF-FollowerState
2021-10-12 06:06:34,726 [Listener at 127.0.0.1/38829] INFO  impl.StateMachineUpdater (StateMachineUpdater.java:stopAndJoin(149)) - 1a275f92-aa29-4e99-8b54-16510abadaea@group-C2C9DE719BAF-StateMachineUpdater: set stopIndex = 0
2021-10-12 06:06:34,726 [1a275f92-aa29-4e99-8b54-16510abadaea@group-C2C9DE719BAF-FollowerState] INFO  impl.FollowerState (FollowerState.java:run(143)) - 1a275f92-aa29-4e99-8b54-16510abadaea@group-C2C9DE719BAF-FollowerState was interrupted: {}
java.lang.InterruptedException: sleep interrupted
	at java.lang.Thread.sleep(Native Method)
	at java.lang.Thread.sleep(Thread.java:340)
	at java.util.concurrent.TimeUnit.sleep(TimeUnit.java:386)
	at org.apache.ratis.util.TimeDuration.sleep(TimeDuration.java:324)
	at org.apache.ratis.util.TimeDuration.sleep(TimeDuration.java:309)
	at org.apache.ratis.server.impl.FollowerState.run(FollowerState.java:118)
2021-10-12 06:06:34,726 [1a275f92-aa29-4e99-8b54-16510abadaea@group-C2C9DE719BAF-StateMachineUpdater] INFO  ratis.ContainerStateMachine (ContainerStateMachine.java:takeSnapshot(292)) - group-C2C9DE719BAF: Taking a snapshot at:(t:2, i:0) file /home/runner/work/ozone/ozone/hadoop-ozone/integration-test/target/test-dir/MiniOzoneClusterImpl-c6dc50ab-6fac-4554-b78d-9440f3e38bfb/datanode-4/data/ratis/329bb935-cfae-4e84-a629-c2c9de719baf/sm/snapshot.2_0
2021-10-12 06:06:34,727 [ForkJoinPool.commonPool-worker-1] INFO  server.RaftServer$Division (RaftServerImpl.java:lambda$close$4(407)) - f6edce37-208d-40f1-ab7e-323414b00593@group-ECB93FB1A688: shutdown
2021-10-12 06:06:34,727 [ForkJoinPool.commonPool-worker-1] INFO  util.JmxRegister (JmxRegister.java:unregister(73)) - Successfully un-registered JMX Bean with object name Ratis:service=RaftServer,group=group-ECB93FB1A688,id=f6edce37-208d-40f1-ab7e-323414b00593
2021-10-12 06:06:34,727 [ForkJoinPool.commonPool-worker-1] INFO  impl.RoleInfo (RoleInfo.java:shutdownLeaderState(91)) - f6edce37-208d-40f1-ab7e-323414b00593: shutdown f6edce37-208d-40f1-ab7e-323414b00593@group-ECB93FB1A688-LeaderStateImpl
2021-10-12 06:06:34,727 [ForkJoinPool.commonPool-worker-1] INFO  impl.PendingRequests (PendingRequests.java:sendNotLeaderResponses(282)) - f6edce37-208d-40f1-ab7e-323414b00593@group-ECB93FB1A688-PendingRequests: sendNotLeaderResponses
2021-10-12 06:06:34,727 [ForkJoinPool.commonPool-worker-1] INFO  impl.StateMachineUpdater (StateMachineUpdater.java:stopAndJoin(149)) - f6edce37-208d-40f1-ab7e-323414b00593@group-ECB93FB1A688-StateMachineUpdater: set stopIndex = 0
2021-10-12 06:06:34,728 [f6edce37-208d-40f1-ab7e-323414b00593@group-ECB93FB1A688-StateMachineUpdater] INFO  ratis.ContainerStateMachine (ContainerStateMachine.java:takeSnapshot(292)) - group-ECB93FB1A688: Taking a snapshot at:(t:1, i:0) file /home/runner/work/ozone/ozone/hadoop-ozone/integration-test/target/test-dir/MiniOzoneClusterImpl-c6dc50ab-6fac-4554-b78d-9440f3e38bfb/datanode-1/data/ratis/1052ff25-57f6-44ce-bc84-ecb93fb1a688/sm/snapshot.1_0
2021-10-12 06:06:34,728 [1a275f92-aa29-4e99-8b54-16510abadaea@group-C2C9DE719BAF-StateMachineUpdater] INFO  ratis.ContainerStateMachine (ContainerStateMachine.java:takeSnapshot(303)) - group-C2C9DE719BAF: Finished taking a snapshot at:(t:2, i:0) file:/home/runner/work/ozone/ozone/hadoop-ozone/integration-test/target/test-dir/MiniOzoneClusterImpl-c6dc50ab-6fac-4554-b78d-9440f3e38bfb/datanode-4/data/ratis/329bb935-cfae-4e84-a629-c2c9de719baf/sm/snapshot.2_0 took: 2 ms
2021-10-12 06:06:34,728 [1a275f92-aa29-4e99-8b54-16510abadaea@group-C2C9DE719BAF-StateMachineUpdater] INFO  impl.StateMachineUpdater (StateMachineUpdater.java:takeSnapshot(281)) - 1a275f92-aa29-4e99-8b54-16510abadaea@group-C2C9DE719BAF-StateMachineUpdater: Took a snapshot at index 0
2021-10-12 06:06:34,728 [1a275f92-aa29-4e99-8b54-16510abadaea@group-C2C9DE719BAF-StateMachineUpdater] INFO  impl.StateMachineUpdater (StateMachineUpdater.java:lambda$new$0(89)) - 1a275f92-aa29-4e99-8b54-16510abadaea@group-C2C9DE719BAF-StateMachineUpdater: snapshotIndex: updateIncreasingly -1 -> 0
2021-10-12 06:06:34,728 [Listener at 127.0.0.1/38829] INFO  server.RaftServer$Division (ServerState.java:close(419)) - 1a275f92-aa29-4e99-8b54-16510abadaea@group-C2C9DE719BAF: closes. applyIndex: 0
2021-10-12 06:06:34,728 [f6edce37-208d-40f1-ab7e-323414b00593@group-ECB93FB1A688-StateMachineUpdater] INFO  ratis.ContainerStateMachine (ContainerStateMachine.java:takeSnapshot(303)) - group-ECB93FB1A688: Finished taking a snapshot at:(t:1, i:0) file:/home/runner/work/ozone/ozone/hadoop-ozone/integration-test/target/test-dir/MiniOzoneClusterImpl-c6dc50ab-6fac-4554-b78d-9440f3e38bfb/datanode-1/data/ratis/1052ff25-57f6-44ce-bc84-ecb93fb1a688/sm/snapshot.1_0 took: 0 ms
2021-10-12 06:06:34,729 [f6edce37-208d-40f1-ab7e-323414b00593@group-ECB93FB1A688-StateMachineUpdater] INFO  impl.StateMachineUpdater (StateMachineUpdater.java:takeSnapshot(281)) - f6edce37-208d-40f1-ab7e-323414b00593@group-ECB93FB1A688-StateMachineUpdater: Took a snapshot at index 0
2021-10-12 06:06:34,729 [f6edce37-208d-40f1-ab7e-323414b00593@group-ECB93FB1A688-StateMachineUpdater] INFO  impl.StateMachineUpdater (StateMachineUpdater.java:lambda$new$0(89)) - f6edce37-208d-40f1-ab7e-323414b00593@group-ECB93FB1A688-StateMachineUpdater: snapshotIndex: updateIncreasingly -1 -> 0
2021-10-12 06:06:34,729 [1a275f92-aa29-4e99-8b54-16510abadaea@group-C2C9DE719BAF-SegmentedRaftLogWorker] INFO  segmented.SegmentedRaftLogWorker (SegmentedRaftLogWorker.java:run(327)) - 1a275f92-aa29-4e99-8b54-16510abadaea@group-C2C9DE719BAF-SegmentedRaftLogWorker was interrupted, exiting. There are 0 tasks remaining in the queue.
2021-10-12 06:06:34,729 [Listener at 127.0.0.1/38829] INFO  segmented.SegmentedRaftLogWorker (SegmentedRaftLogWorker.java:close(237)) - 1a275f92-aa29-4e99-8b54-16510abadaea@group-C2C9DE719BAF-SegmentedRaftLogWorker close()
2021-10-12 06:06:34,729 [ForkJoinPool.commonPool-worker-1] INFO  server.RaftServer$Division (ServerState.java:close(419)) - f6edce37-208d-40f1-ab7e-323414b00593@group-ECB93FB1A688: closes. applyIndex: 0
2021-10-12 06:06:34,729 [f6edce37-208d-40f1-ab7e-323414b00593@group-ECB93FB1A688-SegmentedRaftLogWorker] INFO  segmented.SegmentedRaftLogWorker (SegmentedRaftLogWorker.java:run(327)) - f6edce37-208d-40f1-ab7e-323414b00593@group-ECB93FB1A688-SegmentedRaftLogWorker was interrupted, exiting. There are 0 tasks remaining in the queue.
2021-10-12 06:06:34,733 [Listener at 127.0.0.1/38829] INFO  server.RaftServer$Division (RaftServerImpl.java:lambda$close$4(407)) - 1a275f92-aa29-4e99-8b54-16510abadaea@group-280CF83C0957: shutdown
2021-10-12 06:06:34,733 [Listener at 127.0.0.1/38829] INFO  util.JmxRegister (JmxRegister.java:unregister(73)) - Successfully un-registered JMX Bean with object name Ratis:service=RaftServer,group=group-280CF83C0957,id=1a275f92-aa29-4e99-8b54-16510abadaea
2021-10-12 06:06:34,733 [Listener at 127.0.0.1/38829] INFO  impl.RoleInfo (RoleInfo.java:shutdownLeaderState(91)) - 1a275f92-aa29-4e99-8b54-16510abadaea: shutdown 1a275f92-aa29-4e99-8b54-16510abadaea@group-280CF83C0957-LeaderStateImpl
2021-10-12 06:06:34,733 [1a275f92-aa29-4e99-8b54-16510abadaea@group-280CF83C0957->fd6d4eb7-d4eb-4c85-951f-7fa23d5c4e33-GrpcLogAppender-LogAppenderDaemon] WARN  server.GrpcLogAppender (GrpcLogAppender.java:mayWait(175)) - 1a275f92-aa29-4e99-8b54-16510abadaea@group-280CF83C0957->fd6d4eb7-d4eb-4c85-951f-7fa23d5c4e33-GrpcLogAppender: Wait interrupted by java.lang.InterruptedException
2021-10-12 06:06:34,733 [ForkJoinPool.commonPool-worker-1] INFO  segmented.SegmentedRaftLogWorker (SegmentedRaftLogWorker.java:close(237)) - f6edce37-208d-40f1-ab7e-323414b00593@group-ECB93FB1A688-SegmentedRaftLogWorker close()
2021-10-12 06:06:34,734 [grpc-default-executor-4] INFO  server.GrpcServerProtocolService (GrpcServerProtocolService.java:onCompleted(140)) - fd6d4eb7-d4eb-4c85-951f-7fa23d5c4e33: Completed APPEND_ENTRIES, lastRequest: 1a275f92-aa29-4e99-8b54-16510abadaea->fd6d4eb7-d4eb-4c85-951f-7fa23d5c4e33#1-t4,previous=(t:0, i:0),leaderCommit=-1,initializing? true,entries: size=1, first=(t:4, i:0), CONFIGURATIONENTRY
2021-10-12 06:06:34,735 [grpc-default-executor-2] INFO  server.GrpcLogAppender (GrpcLogAppender.java:onCompleted(344)) - 1a275f92-aa29-4e99-8b54-16510abadaea@group-280CF83C0957->fd6d4eb7-d4eb-4c85-951f-7fa23d5c4e33-AppendLogResponseHandler: follower responses appendEntries COMPLETED
2021-10-12 06:06:34,735 [grpc-default-executor-2] INFO  leader.FollowerInfo (FollowerInfoImpl.java:lambda$new$0(46)) - 1a275f92-aa29-4e99-8b54-16510abadaea@group-280CF83C0957->fd6d4eb7-d4eb-4c85-951f-7fa23d5c4e33: nextIndex: updateUnconditionally 1 -> 0
2021-10-12 06:06:34,733 [Listener at 127.0.0.1/38829] INFO  impl.PendingRequests (PendingRequests.java:sendNotLeaderResponses(282)) - 1a275f92-aa29-4e99-8b54-16510abadaea@group-280CF83C0957-PendingRequests: sendNotLeaderResponses
2021-10-12 06:06:34,736 [Listener at 127.0.0.1/38829] INFO  impl.StateMachineUpdater (StateMachineUpdater.java:stopAndJoin(149)) - 1a275f92-aa29-4e99-8b54-16510abadaea@group-280CF83C0957-StateMachineUpdater: set stopIndex = 0
2021-10-12 06:06:34,736 [1a275f92-aa29-4e99-8b54-16510abadaea@group-280CF83C0957-StateMachineUpdater] INFO  ratis.ContainerStateMachine (ContainerStateMachine.java:takeSnapshot(292)) - group-280CF83C0957: Taking a snapshot at:(t:4, i:0) file /home/runner/work/ozone/ozone/hadoop-ozone/integration-test/target/test-dir/MiniOzoneClusterImpl-c6dc50ab-6fac-4554-b78d-9440f3e38bfb/datanode-4/data/ratis/0347fa64-7ac4-4e26-893b-280cf83c0957/sm/snapshot.4_0
2021-10-12 06:06:34,737 [ForkJoinPool.commonPool-worker-1] INFO  server.RaftServer$Division (RaftServerImpl.java:lambda$close$4(407)) - f6edce37-208d-40f1-ab7e-323414b00593@group-D0BF975CEDA1: shutdown
2021-10-12 06:06:34,737 [ForkJoinPool.commonPool-worker-1] INFO  util.JmxRegister (JmxRegister.java:unregister(73)) - Successfully un-registered JMX Bean with object name Ratis:service=RaftServer,group=group-D0BF975CEDA1,id=f6edce37-208d-40f1-ab7e-323414b00593
2021-10-12 06:06:34,737 [ForkJoinPool.commonPool-worker-1] INFO  impl.RoleInfo (RoleInfo.java:shutdownFollowerState(108)) - f6edce37-208d-40f1-ab7e-323414b00593: shutdown f6edce37-208d-40f1-ab7e-323414b00593@group-D0BF975CEDA1-FollowerState
2021-10-12 06:06:34,738 [ForkJoinPool.commonPool-worker-1] INFO  impl.StateMachineUpdater (StateMachineUpdater.java:stopAndJoin(149)) - f6edce37-208d-40f1-ab7e-323414b00593@group-D0BF975CEDA1-StateMachineUpdater: set stopIndex = -1
2021-10-12 06:06:34,738 [f6edce37-208d-40f1-ab7e-323414b00593@group-D0BF975CEDA1-FollowerState] INFO  impl.FollowerState (FollowerState.java:run(143)) - f6edce37-208d-40f1-ab7e-323414b00593@group-D0BF975CEDA1-FollowerState was interrupted: {}
java.lang.InterruptedException: sleep interrupted
	at java.lang.Thread.sleep(Native Method)
	at java.lang.Thread.sleep(Thread.java:340)
	at java.util.concurrent.TimeUnit.sleep(TimeUnit.java:386)
	at org.apache.ratis.util.TimeDuration.sleep(TimeDuration.java:324)
	at org.apache.ratis.util.TimeDuration.sleep(TimeDuration.java:309)
	at org.apache.ratis.server.impl.FollowerState.run(FollowerState.java:118)
2021-10-12 06:06:34,740 [ForkJoinPool.commonPool-worker-1] INFO  server.RaftServer$Division (ServerState.java:close(419)) - f6edce37-208d-40f1-ab7e-323414b00593@group-D0BF975CEDA1: closes. applyIndex: -1
2021-10-12 06:06:34,741 [f6edce37-208d-40f1-ab7e-323414b00593@group-D0BF975CEDA1-SegmentedRaftLogWorker] INFO  segmented.SegmentedRaftLogWorker (SegmentedRaftLogWorker.java:run(327)) - f6edce37-208d-40f1-ab7e-323414b00593@group-D0BF975CEDA1-SegmentedRaftLogWorker was interrupted, exiting. There are 0 tasks remaining in the queue.
2021-10-12 06:06:34,741 [ForkJoinPool.commonPool-worker-1] INFO  segmented.SegmentedRaftLogWorker (SegmentedRaftLogWorker.java:close(237)) - f6edce37-208d-40f1-ab7e-323414b00593@group-D0BF975CEDA1-SegmentedRaftLogWorker close()
2021-10-12 06:06:34,742 [ForkJoinPool.commonPool-worker-1] INFO  server.GrpcService (GrpcService.java:closeImpl(262)) - f6edce37-208d-40f1-ab7e-323414b00593: shutdown server with port 35829 now
2021-10-12 06:06:34,743 [ForkJoinPool.commonPool-worker-1] INFO  server.GrpcService (GrpcService.java:closeImpl(271)) - f6edce37-208d-40f1-ab7e-323414b00593: shutdown server with port 35829 successfully
2021-10-12 06:06:34,743 [org.apache.ratis.util.JvmPauseMonitor$$Lambda$531/599601214@4956d5f7] INFO  util.JvmPauseMonitor (JvmPauseMonitor.java:run(109)) - JvmPauseMonitor-f6edce37-208d-40f1-ab7e-323414b00593: Stopped
2021-10-12 06:06:34,749 [1a275f92-aa29-4e99-8b54-16510abadaea@group-280CF83C0957-StateMachineUpdater] INFO  ratis.ContainerStateMachine (ContainerStateMachine.java:takeSnapshot(303)) - group-280CF83C0957: Finished taking a snapshot at:(t:4, i:0) file:/home/runner/work/ozone/ozone/hadoop-ozone/integration-test/target/test-dir/MiniOzoneClusterImpl-c6dc50ab-6fac-4554-b78d-9440f3e38bfb/datanode-4/data/ratis/0347fa64-7ac4-4e26-893b-280cf83c0957/sm/snapshot.4_0 took: 13 ms
2021-10-12 06:06:34,749 [1a275f92-aa29-4e99-8b54-16510abadaea@group-280CF83C0957-StateMachineUpdater] INFO  impl.StateMachineUpdater (StateMachineUpdater.java:takeSnapshot(281)) - 1a275f92-aa29-4e99-8b54-16510abadaea@group-280CF83C0957-StateMachineUpdater: Took a snapshot at index 0
2021-10-12 06:06:34,749 [1a275f92-aa29-4e99-8b54-16510abadaea@group-280CF83C0957-StateMachineUpdater] INFO  impl.StateMachineUpdater (StateMachineUpdater.java:lambda$new$0(89)) - 1a275f92-aa29-4e99-8b54-16510abadaea@group-280CF83C0957-StateMachineUpdater: snapshotIndex: updateIncreasingly -1 -> 0
2021-10-12 06:06:34,750 [Listener at 127.0.0.1/38829] INFO  server.RaftServer$Division (ServerState.java:close(419)) - 1a275f92-aa29-4e99-8b54-16510abadaea@group-280CF83C0957: closes. applyIndex: 0
2021-10-12 06:06:34,750 [1a275f92-aa29-4e99-8b54-16510abadaea@group-280CF83C0957-SegmentedRaftLogWorker] INFO  segmented.SegmentedRaftLogWorker (SegmentedRaftLogWorker.java:run(327)) - 1a275f92-aa29-4e99-8b54-16510abadaea@group-280CF83C0957-SegmentedRaftLogWorker was interrupted, exiting. There are 0 tasks remaining in the queue.
2021-10-12 06:06:34,750 [Listener at 127.0.0.1/38829] INFO  segmented.SegmentedRaftLogWorker (SegmentedRaftLogWorker.java:close(237)) - 1a275f92-aa29-4e99-8b54-16510abadaea@group-280CF83C0957-SegmentedRaftLogWorker close()
2021-10-12 06:06:34,750 [Listener at 127.0.0.1/38829] INFO  server.GrpcService (GrpcService.java:closeImpl(262)) - 1a275f92-aa29-4e99-8b54-16510abadaea: shutdown server with port 35911 now
2021-10-12 06:06:34,755 [grpc-default-executor-2] WARN  server.GrpcServerProtocolService (LogUtils.java:warn(122)) - 1a275f92-aa29-4e99-8b54-16510abadaea: installSnapshot onError, lastRequest: fdd2c237-e414-4605-b3b4-833d5e073368->1a275f92-aa29-4e99-8b54-16510abadaea#1-t2,previous=(t:0, i:0),leaderCommit=-1,initializing? true,entries: size=1, first=(t:2, i:0), CONFIGURATIONENTRY: org.apache.ratis.thirdparty.io.grpc.StatusRuntimeException: CANCELLED: client cancelled
2021-10-12 06:06:34,756 [grpc-default-executor-1] WARN  server.GrpcServerProtocolService (LogUtils.java:warn(122)) - 1a275f92-aa29-4e99-8b54-16510abadaea: installSnapshot onError, lastRequest: fd6d4eb7-d4eb-4c85-951f-7fa23d5c4e33->1a275f92-aa29-4e99-8b54-16510abadaea#1-t2,previous=(t:0, i:0),leaderCommit=-1,initializing? true,entries: size=1, first=(t:2, i:0), CONFIGURATIONENTRY: org.apache.ratis.thirdparty.io.grpc.StatusRuntimeException: CANCELLED: client cancelled
2021-10-12 06:06:34,757 [grpc-default-executor-1] WARN  server.GrpcLogAppender (LogUtils.java:warn(122)) - fdd2c237-e414-4605-b3b4-833d5e073368@group-C2C9DE719BAF->1a275f92-aa29-4e99-8b54-16510abadaea-AppendLogResponseHandler: Failed appendEntries: org.apache.ratis.thirdparty.io.grpc.StatusRuntimeException: CANCELLED: HTTP/2 error code: CANCEL
Received Rst Stream
2021-10-12 06:06:34,757 [grpc-default-executor-1] WARN  server.GrpcLogAppender (GrpcLogAppender.java:resetClient(111)) - fdd2c237-e414-4605-b3b4-833d5e073368@group-C2C9DE719BAF->1a275f92-aa29-4e99-8b54-16510abadaea-GrpcLogAppender: Leader has not got in touch with Follower fdd2c237-e414-4605-b3b4-833d5e073368@group-C2C9DE719BAF->1a275f92-aa29-4e99-8b54-16510abadaea(c0,m0,n1, attendVote=true, lastRpcSendTime=2203, lastRpcResponseTime=2203) yet, just keep nextIndex unchanged and retry.
2021-10-12 06:06:34,758 [grpc-default-executor-1] WARN  server.GrpcLogAppender (LogUtils.java:warn(122)) - fd6d4eb7-d4eb-4c85-951f-7fa23d5c4e33@group-C5477E2A5DAB->1a275f92-aa29-4e99-8b54-16510abadaea-AppendLogResponseHandler: Failed appendEntries: org.apache.ratis.thirdparty.io.grpc.StatusRuntimeException: CANCELLED: HTTP/2 error code: CANCEL
Received Rst Stream
2021-10-12 06:06:34,758 [grpc-default-executor-1] WARN  server.GrpcLogAppender (GrpcLogAppender.java:resetClient(111)) - fd6d4eb7-d4eb-4c85-951f-7fa23d5c4e33@group-C5477E2A5DAB->1a275f92-aa29-4e99-8b54-16510abadaea-GrpcLogAppender: Leader has not got in touch with Follower fd6d4eb7-d4eb-4c85-951f-7fa23d5c4e33@group-C5477E2A5DAB->1a275f92-aa29-4e99-8b54-16510abadaea(c0,m0,n1, attendVote=true, lastRpcSendTime=1977, lastRpcResponseTime=1974) yet, just keep nextIndex unchanged and retry.
2021-10-12 06:06:34,764 [1a275f92-aa29-4e99-8b54-16510abadaea@group-280CF83C0957->fdd2c237-e414-4605-b3b4-833d5e073368-GrpcLogAppender-LogAppenderDaemon] WARN  server.GrpcLogAppender (GrpcLogAppender.java:mayWait(175)) - 1a275f92-aa29-4e99-8b54-16510abadaea@group-280CF83C0957->fdd2c237-e414-4605-b3b4-833d5e073368-GrpcLogAppender: Wait interrupted by java.lang.InterruptedException
2021-10-12 06:06:34,802 [69929a81-75b5-4e59-a9cb-c7e6f0fb6fd6@group-D0BF975CEDA1-FollowerState] INFO  impl.FollowerState (FollowerState.java:run(134)) - 69929a81-75b5-4e59-a9cb-c7e6f0fb6fd6@group-D0BF975CEDA1-FollowerState: change to CANDIDATE, lastRpcElapsedTime:5159146058ns, electionTimeout:5155ms
2021-10-12 06:06:34,803 [69929a81-75b5-4e59-a9cb-c7e6f0fb6fd6@group-D0BF975CEDA1-FollowerState] INFO  impl.RoleInfo (RoleInfo.java:shutdownFollowerState(108)) - 69929a81-75b5-4e59-a9cb-c7e6f0fb6fd6: shutdown 69929a81-75b5-4e59-a9cb-c7e6f0fb6fd6@group-D0BF975CEDA1-FollowerState
2021-10-12 06:06:34,803 [69929a81-75b5-4e59-a9cb-c7e6f0fb6fd6@group-D0BF975CEDA1-FollowerState] INFO  server.RaftServer$Division (RaftServerImpl.java:setRole(285)) - 69929a81-75b5-4e59-a9cb-c7e6f0fb6fd6@group-D0BF975CEDA1: changes role from  FOLLOWER to CANDIDATE at term 0 for changeToCandidate
2021-10-12 06:06:34,803 [69929a81-75b5-4e59-a9cb-c7e6f0fb6fd6@group-D0BF975CEDA1-FollowerState] INFO  server.RaftServerConfigKeys (ConfUtils.java:logGet(44)) - raft.server.leaderelection.pre-vote = false (custom)
2021-10-12 06:06:34,803 [69929a81-75b5-4e59-a9cb-c7e6f0fb6fd6@group-D0BF975CEDA1-FollowerState] INFO  impl.RoleInfo (RoleInfo.java:updateAndGet(130)) - 69929a81-75b5-4e59-a9cb-c7e6f0fb6fd6: start 69929a81-75b5-4e59-a9cb-c7e6f0fb6fd6@group-D0BF975CEDA1-LeaderElection104
2021-10-12 06:06:34,831 [grpc-default-executor-4] INFO  server.GrpcServerProtocolService (GrpcServerProtocolService.java:onCompleted(140)) - fdd2c237-e414-4605-b3b4-833d5e073368: Completed APPEND_ENTRIES, lastRequest: 1a275f92-aa29-4e99-8b54-16510abadaea->fdd2c237-e414-4605-b3b4-833d5e073368#1-t4,previous=(t:0, i:0),leaderCommit=0,initializing? true,entries: size=1, first=(t:4, i:0), CONFIGURATIONENTRY
2021-10-12 06:06:34,832 [grpc-default-executor-1] INFO  server.GrpcLogAppender (GrpcLogAppender.java:onCompleted(344)) - 1a275f92-aa29-4e99-8b54-16510abadaea@group-280CF83C0957->fdd2c237-e414-4605-b3b4-833d5e073368-AppendLogResponseHandler: follower responses appendEntries COMPLETED
2021-10-12 06:06:34,832 [grpc-default-executor-1] WARN  server.GrpcLogAppender (GrpcLogAppender.java:resetClient(96)) - 1a275f92-aa29-4e99-8b54-16510abadaea@group-280CF83C0957->fdd2c237-e414-4605-b3b4-833d5e073368-GrpcLogAppender: Failed to getClient for fdd2c237-e414-4605-b3b4-833d5e073368
org.apache.ratis.protocol.exceptions.AlreadyClosedException: 1a275f92-aa29-4e99-8b54-16510abadaea is already CLOSED
	at org.apache.ratis.util.PeerProxyMap$PeerAndProxy.getProxy(PeerProxyMap.java:60)
	at org.apache.ratis.util.PeerProxyMap.getProxy(PeerProxyMap.java:114)
	at org.apache.ratis.grpc.server.GrpcLogAppender.getClient(GrpcLogAppender.java:89)
	at org.apache.ratis.grpc.server.GrpcLogAppender.resetClient(GrpcLogAppender.java:94)
	at org.apache.ratis.grpc.server.GrpcLogAppender.access$500(GrpcLogAppender.java:53)
	at org.apache.ratis.grpc.server.GrpcLogAppender$AppendLogResponseHandler.onCompleted(GrpcLogAppender.java:345)
	at org.apache.ratis.thirdparty.io.grpc.stub.ClientCalls$StreamObserverToCallListenerAdapter.onClose(ClientCalls.java:476)
	at org.apache.ratis.thirdparty.io.grpc.internal.ClientCallImpl.closeObserver(ClientCallImpl.java:616)
	at org.apache.ratis.thirdparty.io.grpc.internal.ClientCallImpl.access$300(ClientCallImpl.java:69)
	at org.apache.ratis.thirdparty.io.grpc.internal.ClientCallImpl$ClientStreamListenerImpl$1StreamClosed.runInternal(ClientCallImpl.java:802)
	at org.apache.ratis.thirdparty.io.grpc.internal.ClientCallImpl$ClientStreamListenerImpl$1StreamClosed.runInContext(ClientCallImpl.java:781)
	at org.apache.ratis.thirdparty.io.grpc.internal.ContextRunnable.run(ContextRunnable.java:37)
	at org.apache.ratis.thirdparty.io.grpc.internal.SerializingExecutor.run(SerializingExecutor.java:123)
	at java.util.concurrent.ThreadPoolExecutor.runWorker(ThreadPoolExecutor.java:1149)
	at java.util.concurrent.ThreadPoolExecutor$Worker.run(ThreadPoolExecutor.java:624)
	at java.lang.Thread.run(Thread.java:748)
2021-10-12 06:06:34,832 [grpc-default-executor-1] INFO  leader.FollowerInfo (FollowerInfoImpl.java:lambda$new$0(46)) - 1a275f92-aa29-4e99-8b54-16510abadaea@group-280CF83C0957->fdd2c237-e414-4605-b3b4-833d5e073368: nextIndex: updateUnconditionally 1 -> 0
2021-10-12 06:06:34,842 [ForkJoinPool.commonPool-worker-1] INFO  utils.BackgroundService (BackgroundService.java:shutdown(132)) - Shutting down service BlockDeletingService
2021-10-12 06:06:34,874 [69929a81-75b5-4e59-a9cb-c7e6f0fb6fd6@group-D0BF975CEDA1-LeaderElection104] INFO  impl.LeaderElection (LeaderElection.java:askForVotes(306)) - 69929a81-75b5-4e59-a9cb-c7e6f0fb6fd6@group-D0BF975CEDA1-LeaderElection104 ELECTION round 0: submit vote requests at term 1 for -1: [69929a81-75b5-4e59-a9cb-c7e6f0fb6fd6|rpc:10.1.0.59:40555|priority:1, 8094cd77-30c2-47d7-ab82-7abee48b2f8b|rpc:10.1.0.59:44663|priority:0, f6edce37-208d-40f1-ab7e-323414b00593|rpc:10.1.0.59:35829|priority:0], old=null
2021-10-12 06:06:34,889 [Listener at 127.0.0.1/38829] INFO  server.GrpcService (GrpcService.java:closeImpl(271)) - 1a275f92-aa29-4e99-8b54-16510abadaea: shutdown server with port 35911 successfully
2021-10-12 06:06:34,923 [org.apache.ratis.util.JvmPauseMonitor$$Lambda$531/599601214@4cb8cfa7] INFO  util.JvmPauseMonitor (JvmPauseMonitor.java:run(109)) - JvmPauseMonitor-1a275f92-aa29-4e99-8b54-16510abadaea: Stopped
2021-10-12 06:06:34,924 [Listener at 127.0.0.1/38829] INFO  utils.BackgroundService (BackgroundService.java:shutdown(132)) - Shutting down service BlockDeletingService
2021-10-12 06:06:34,926 [grpc-default-executor-4] INFO  server.RaftServer$Division (RaftServerImpl.java:requestVote(1043)) - 8094cd77-30c2-47d7-ab82-7abee48b2f8b@group-D0BF975CEDA1: receive requestVote(ELECTION, 69929a81-75b5-4e59-a9cb-c7e6f0fb6fd6, group-D0BF975CEDA1, 1, (t:0, i:0))
2021-10-12 06:06:34,926 [grpc-default-executor-4] INFO  impl.VoteContext (VoteContext.java:log(48)) - 8094cd77-30c2-47d7-ab82-7abee48b2f8b@group-D0BF975CEDA1-FOLLOWER: accept ELECTION from 69929a81-75b5-4e59-a9cb-c7e6f0fb6fd6: our priority 0 <= candidate's priority 1
2021-10-12 06:06:34,926 [grpc-default-executor-4] INFO  server.RaftServer$Division (RaftServerImpl.java:setRole(285)) - 8094cd77-30c2-47d7-ab82-7abee48b2f8b@group-D0BF975CEDA1: changes role from  FOLLOWER to FOLLOWER at term 1 for candidate:69929a81-75b5-4e59-a9cb-c7e6f0fb6fd6
2021-10-12 06:06:34,926 [grpc-default-executor-4] INFO  impl.RoleInfo (RoleInfo.java:shutdownFollowerState(108)) - 8094cd77-30c2-47d7-ab82-7abee48b2f8b: shutdown 8094cd77-30c2-47d7-ab82-7abee48b2f8b@group-D0BF975CEDA1-FollowerState
2021-10-12 06:06:34,926 [grpc-default-executor-4] INFO  impl.RoleInfo (RoleInfo.java:updateAndGet(130)) - 8094cd77-30c2-47d7-ab82-7abee48b2f8b: start 8094cd77-30c2-47d7-ab82-7abee48b2f8b@group-D0BF975CEDA1-FollowerState
2021-10-12 06:06:34,926 [8094cd77-30c2-47d7-ab82-7abee48b2f8b@group-D0BF975CEDA1-FollowerState] INFO  impl.FollowerState (FollowerState.java:run(143)) - 8094cd77-30c2-47d7-ab82-7abee48b2f8b@group-D0BF975CEDA1-FollowerState was interrupted: {}
java.lang.InterruptedException: sleep interrupted
	at java.lang.Thread.sleep(Native Method)
	at java.lang.Thread.sleep(Thread.java:340)
	at java.util.concurrent.TimeUnit.sleep(TimeUnit.java:386)
	at org.apache.ratis.util.TimeDuration.sleep(TimeDuration.java:324)
	at org.apache.ratis.util.TimeDuration.sleep(TimeDuration.java:309)
	at org.apache.ratis.server.impl.FollowerState.run(FollowerState.java:118)
2021-10-12 06:06:34,932 [grpc-default-executor-4] INFO  server.RaftServer$Division (RaftServerImpl.java:requestVote(1075)) - 8094cd77-30c2-47d7-ab82-7abee48b2f8b@group-D0BF975CEDA1 replies to ELECTION vote request: 69929a81-75b5-4e59-a9cb-c7e6f0fb6fd6<-8094cd77-30c2-47d7-ab82-7abee48b2f8b#0:OK-t1. Peer's state: 8094cd77-30c2-47d7-ab82-7abee48b2f8b@group-D0BF975CEDA1:t1, leader=null, voted=69929a81-75b5-4e59-a9cb-c7e6f0fb6fd6, raftlog=8094cd77-30c2-47d7-ab82-7abee48b2f8b@group-D0BF975CEDA1-SegmentedRaftLog:OPENED:c-1,f-1,i0, conf=-1: [69929a81-75b5-4e59-a9cb-c7e6f0fb6fd6|rpc:10.1.0.59:40555|dataStream:|priority:1, 8094cd77-30c2-47d7-ab82-7abee48b2f8b|rpc:10.1.0.59:44663|dataStream:|priority:0, f6edce37-208d-40f1-ab7e-323414b00593|rpc:10.1.0.59:35829|dataStream:|priority:0], old=null
2021-10-12 06:06:34,950 [69929a81-75b5-4e59-a9cb-c7e6f0fb6fd6@group-D0BF975CEDA1-LeaderElection104] INFO  impl.LeaderElection (LogUtils.java:infoOrTrace(137)) - 69929a81-75b5-4e59-a9cb-c7e6f0fb6fd6@group-D0BF975CEDA1-LeaderElection104 got exception when requesting votes: java.util.concurrent.ExecutionException: org.apache.ratis.thirdparty.io.grpc.StatusRuntimeException: UNAVAILABLE: io exception
2021-10-12 06:06:34,967 [a928fc34-d4b3-4f47-b859-83818f25ed6e@group-D184F90DD9F3-FollowerState] INFO  impl.FollowerState (FollowerState.java:run(134)) - a928fc34-d4b3-4f47-b859-83818f25ed6e@group-D184F90DD9F3-FollowerState: change to CANDIDATE, lastRpcElapsedTime:5199843851ns, electionTimeout:5199ms
2021-10-12 06:06:34,967 [a928fc34-d4b3-4f47-b859-83818f25ed6e@group-D184F90DD9F3-FollowerState] INFO  impl.RoleInfo (RoleInfo.java:shutdownFollowerState(108)) - a928fc34-d4b3-4f47-b859-83818f25ed6e: shutdown a928fc34-d4b3-4f47-b859-83818f25ed6e@group-D184F90DD9F3-FollowerState
2021-10-12 06:06:34,967 [a928fc34-d4b3-4f47-b859-83818f25ed6e@group-D184F90DD9F3-FollowerState] INFO  server.RaftServer$Division (RaftServerImpl.java:setRole(285)) - a928fc34-d4b3-4f47-b859-83818f25ed6e@group-D184F90DD9F3: changes role from  FOLLOWER to CANDIDATE at term 0 for changeToCandidate
2021-10-12 06:06:34,967 [a928fc34-d4b3-4f47-b859-83818f25ed6e@group-D184F90DD9F3-FollowerState] INFO  server.RaftServerConfigKeys (ConfUtils.java:logGet(44)) - raft.server.leaderelection.pre-vote = false (custom)
2021-10-12 06:06:34,967 [a928fc34-d4b3-4f47-b859-83818f25ed6e@group-D184F90DD9F3-FollowerState] INFO  impl.RoleInfo (RoleInfo.java:updateAndGet(130)) - a928fc34-d4b3-4f47-b859-83818f25ed6e: start a928fc34-d4b3-4f47-b859-83818f25ed6e@group-D184F90DD9F3-LeaderElection105
2021-10-12 06:06:34,978 [69929a81-75b5-4e59-a9cb-c7e6f0fb6fd6@group-D0BF975CEDA1-LeaderElection104] INFO  impl.LeaderElection (LeaderElection.java:logAndReturn(89)) - 69929a81-75b5-4e59-a9cb-c7e6f0fb6fd6@group-D0BF975CEDA1-LeaderElection104: ELECTION PASSED received 1 response(s) and 1 exception(s):
2021-10-12 06:06:34,978 [69929a81-75b5-4e59-a9cb-c7e6f0fb6fd6@group-D0BF975CEDA1-LeaderElection104] INFO  impl.LeaderElection (LeaderElection.java:logAndReturn(93)) -   Response 0: 69929a81-75b5-4e59-a9cb-c7e6f0fb6fd6<-8094cd77-30c2-47d7-ab82-7abee48b2f8b#0:OK-t1
2021-10-12 06:06:34,978 [69929a81-75b5-4e59-a9cb-c7e6f0fb6fd6@group-D0BF975CEDA1-LeaderElection104] INFO  impl.LeaderElection (LogUtils.java:infoOrTrace(137)) -   Exception 1: java.util.concurrent.ExecutionException: org.apache.ratis.thirdparty.io.grpc.StatusRuntimeException: UNAVAILABLE: io exception
2021-10-12 06:06:34,978 [69929a81-75b5-4e59-a9cb-c7e6f0fb6fd6@group-D0BF975CEDA1-LeaderElection104] INFO  impl.LeaderElection (LeaderElection.java:askForVotes(308)) - 69929a81-75b5-4e59-a9cb-c7e6f0fb6fd6@group-D0BF975CEDA1-LeaderElection104 ELECTION round 0: result PASSED
2021-10-12 06:06:34,978 [69929a81-75b5-4e59-a9cb-c7e6f0fb6fd6@group-D0BF975CEDA1-LeaderElection104] INFO  impl.RoleInfo (RoleInfo.java:shutdownLeaderElection(121)) - 69929a81-75b5-4e59-a9cb-c7e6f0fb6fd6: shutdown 69929a81-75b5-4e59-a9cb-c7e6f0fb6fd6@group-D0BF975CEDA1-LeaderElection104
2021-10-12 06:06:34,978 [69929a81-75b5-4e59-a9cb-c7e6f0fb6fd6@group-D0BF975CEDA1-LeaderElection104] INFO  server.RaftServer$Division (RaftServerImpl.java:setRole(285)) - 69929a81-75b5-4e59-a9cb-c7e6f0fb6fd6@group-D0BF975CEDA1: changes role from CANDIDATE to LEADER at term 1 for changeToLeader
2021-10-12 06:06:34,979 [69929a81-75b5-4e59-a9cb-c7e6f0fb6fd6@group-D0BF975CEDA1-LeaderElection104] INFO  ratis.XceiverServerRatis (XceiverServerRatis.java:handleLeaderChangedNotification(861)) - Leader change notification received for group: group-D0BF975CEDA1 with new leaderId: 69929a81-75b5-4e59-a9cb-c7e6f0fb6fd6
2021-10-12 06:06:34,979 [69929a81-75b5-4e59-a9cb-c7e6f0fb6fd6@group-D0BF975CEDA1-LeaderElection104] INFO  server.RaftServer$Division (ServerState.java:setLeader(285)) - 69929a81-75b5-4e59-a9cb-c7e6f0fb6fd6@group-D0BF975CEDA1: change Leader from null to 69929a81-75b5-4e59-a9cb-c7e6f0fb6fd6 at term 1 for becomeLeader, leader elected after 5352ms
2021-10-12 06:06:34,979 [69929a81-75b5-4e59-a9cb-c7e6f0fb6fd6@group-D0BF975CEDA1-LeaderElection104] INFO  server.RaftServerConfigKeys (ConfUtils.java:logGet(44)) - raft.server.staging.catchup.gap = 1000 (default)
2021-10-12 06:06:34,979 [69929a81-75b5-4e59-a9cb-c7e6f0fb6fd6@group-D0BF975CEDA1-LeaderElection104] INFO  server.RaftServerConfigKeys (ConfUtils.java:logGet(44)) - raft.server.write.element-limit = 1024 (custom)
2021-10-12 06:06:34,979 [69929a81-75b5-4e59-a9cb-c7e6f0fb6fd6@group-D0BF975CEDA1-LeaderElection104] INFO  server.RaftServerConfigKeys (ConfUtils.java:logGet(44)) - raft.server.write.byte-limit = 1024 M (=1073741824) (custom)
2021-10-12 06:06:34,979 [69929a81-75b5-4e59-a9cb-c7e6f0fb6fd6@group-D0BF975CEDA1-LeaderElection104] INFO  server.RaftServerConfigKeys (ConfUtils.java:logGet(44)) - raft.server.watch.timeout = 3000ms (custom)
2021-10-12 06:06:34,979 [69929a81-75b5-4e59-a9cb-c7e6f0fb6fd6@group-D0BF975CEDA1-LeaderElection104] INFO  server.RaftServerConfigKeys (ConfUtils.java:logGet(44)) - raft.server.watch.timeout.denomination = 1s (default)
2021-10-12 06:06:34,979 [69929a81-75b5-4e59-a9cb-c7e6f0fb6fd6@group-D0BF975CEDA1-LeaderElection104] INFO  server.RaftServerConfigKeys (ConfUtils.java:logGet(44)) - raft.server.watch.element-limit = 65536 (default)
2021-10-12 06:06:34,979 [69929a81-75b5-4e59-a9cb-c7e6f0fb6fd6@group-D0BF975CEDA1-LeaderElection104] INFO  server.RaftServerConfigKeys (ConfUtils.java:logGet(44)) - raft.server.log.appender.snapshot.chunk.size.max = 16MB (=16777216) (default)
2021-10-12 06:06:34,979 [69929a81-75b5-4e59-a9cb-c7e6f0fb6fd6@group-D0BF975CEDA1-LeaderElection104] INFO  server.RaftServerConfigKeys (ConfUtils.java:logGet(44)) - raft.server.log.appender.buffer.byte-limit = 33554432 (custom)
2021-10-12 06:06:34,980 [69929a81-75b5-4e59-a9cb-c7e6f0fb6fd6@group-D0BF975CEDA1-LeaderElection104] INFO  server.RaftServerConfigKeys (ConfUtils.java:logGet(44)) - raft.server.log.appender.buffer.element-limit = 1 (custom)
2021-10-12 06:06:34,980 [69929a81-75b5-4e59-a9cb-c7e6f0fb6fd6@group-D0BF975CEDA1-LeaderElection104] INFO  grpc.GrpcConfigKeys (ConfUtils.java:logGet(44)) - raft.grpc.server.leader.outstanding.appends.max = 128 (default)
2021-10-12 06:06:34,980 [69929a81-75b5-4e59-a9cb-c7e6f0fb6fd6@group-D0BF975CEDA1-LeaderElection104] INFO  server.RaftServerConfigKeys (ConfUtils.java:logGet(44)) - raft.server.rpc.request.timeout = 3000ms (default)
2021-10-12 06:06:34,980 [69929a81-75b5-4e59-a9cb-c7e6f0fb6fd6@group-D0BF975CEDA1-LeaderElection104] INFO  server.RaftServerConfigKeys (ConfUtils.java:logGet(44)) - raft.server.log.appender.install.snapshot.enabled = false (custom)
2021-10-12 06:06:34,981 [69929a81-75b5-4e59-a9cb-c7e6f0fb6fd6@group-D0BF975CEDA1-LeaderElection104] INFO  server.RaftServerConfigKeys (ConfUtils.java:logGet(44)) - raft.server.log.appender.snapshot.chunk.size.max = 16MB (=16777216) (default)
2021-10-12 06:06:34,981 [69929a81-75b5-4e59-a9cb-c7e6f0fb6fd6@group-D0BF975CEDA1-LeaderElection104] INFO  server.RaftServerConfigKeys (ConfUtils.java:logGet(44)) - raft.server.log.appender.buffer.byte-limit = 33554432 (custom)
2021-10-12 06:06:34,981 [69929a81-75b5-4e59-a9cb-c7e6f0fb6fd6@group-D0BF975CEDA1-LeaderElection104] INFO  server.RaftServerConfigKeys (ConfUtils.java:logGet(44)) - raft.server.log.appender.buffer.element-limit = 1 (custom)
2021-10-12 06:06:34,981 [69929a81-75b5-4e59-a9cb-c7e6f0fb6fd6@group-D0BF975CEDA1-LeaderElection104] INFO  grpc.GrpcConfigKeys (ConfUtils.java:logGet(44)) - raft.grpc.server.leader.outstanding.appends.max = 128 (default)
2021-10-12 06:06:34,981 [69929a81-75b5-4e59-a9cb-c7e6f0fb6fd6@group-D0BF975CEDA1-LeaderElection104] INFO  server.RaftServerConfigKeys (ConfUtils.java:logGet(44)) - raft.server.rpc.request.timeout = 3000ms (default)
2021-10-12 06:06:34,981 [69929a81-75b5-4e59-a9cb-c7e6f0fb6fd6@group-D0BF975CEDA1-LeaderElection104] INFO  server.RaftServerConfigKeys (ConfUtils.java:logGet(44)) - raft.server.log.appender.install.snapshot.enabled = false (custom)
2021-10-12 06:06:34,982 [Datanode State Machine Thread - 0] WARN  statemachine.StateContext (StateContext.java:execute(621)) - No available thread in pool for past 1 seconds.
2021-10-12 06:06:34,998 [69929a81-75b5-4e59-a9cb-c7e6f0fb6fd6@group-D0BF975CEDA1-LeaderElection104] INFO  impl.RoleInfo (RoleInfo.java:updateAndGet(130)) - 69929a81-75b5-4e59-a9cb-c7e6f0fb6fd6: start 69929a81-75b5-4e59-a9cb-c7e6f0fb6fd6@group-D0BF975CEDA1-LeaderStateImpl
2021-10-12 06:06:34,999 [69929a81-75b5-4e59-a9cb-c7e6f0fb6fd6@group-D0BF975CEDA1-LeaderElection104] INFO  segmented.SegmentedRaftLogWorker (SegmentedRaftLogWorker.java:startLogSegment(394)) - 69929a81-75b5-4e59-a9cb-c7e6f0fb6fd6@group-D0BF975CEDA1-SegmentedRaftLogWorker: Starting segment from index:0
2021-10-12 06:06:35,004 [69929a81-75b5-4e59-a9cb-c7e6f0fb6fd6@group-D0BF975CEDA1-SegmentedRaftLogWorker] INFO  segmented.SegmentedRaftLogWorker (SegmentedRaftLogWorker.java:execute(601)) - 69929a81-75b5-4e59-a9cb-c7e6f0fb6fd6@group-D0BF975CEDA1-SegmentedRaftLogWorker: created new log segment /home/runner/work/ozone/ozone/hadoop-ozone/integration-test/target/test-dir/MiniOzoneClusterImpl-c6dc50ab-6fac-4554-b78d-9440f3e38bfb/datanode-0/data/ratis/5ecef51f-4e59-4141-a865-d0bf975ceda1/current/log_inprogress_0
2021-10-12 06:06:35,009 [grpc-default-executor-4] INFO  ratis.XceiverServerRatis (XceiverServerRatis.java:handleLeaderChangedNotification(861)) - Leader change notification received for group: group-D0BF975CEDA1 with new leaderId: 69929a81-75b5-4e59-a9cb-c7e6f0fb6fd6
2021-10-12 06:06:35,009 [grpc-default-executor-4] INFO  server.RaftServer$Division (ServerState.java:setLeader(285)) - 8094cd77-30c2-47d7-ab82-7abee48b2f8b@group-D0BF975CEDA1: change Leader from null to 69929a81-75b5-4e59-a9cb-c7e6f0fb6fd6 at term 1 for appendEntries, leader elected after 5063ms
2021-10-12 06:06:35,018 [69929a81-75b5-4e59-a9cb-c7e6f0fb6fd6@group-D0BF975CEDA1-LeaderElection104] INFO  server.RaftServer$Division (ServerState.java:setRaftConf(387)) - 69929a81-75b5-4e59-a9cb-c7e6f0fb6fd6@group-D0BF975CEDA1: set configuration 0: [69929a81-75b5-4e59-a9cb-c7e6f0fb6fd6|rpc:10.1.0.59:40555|dataStream:|priority:1, 8094cd77-30c2-47d7-ab82-7abee48b2f8b|rpc:10.1.0.59:44663|dataStream:|priority:0, f6edce37-208d-40f1-ab7e-323414b00593|rpc:10.1.0.59:35829|dataStream:|priority:0], old=null
2021-10-12 06:06:35,032 [a928fc34-d4b3-4f47-b859-83818f25ed6e@group-D184F90DD9F3-LeaderElection105] INFO  impl.LeaderElection (LeaderElection.java:askForVotes(306)) - a928fc34-d4b3-4f47-b859-83818f25ed6e@group-D184F90DD9F3-LeaderElection105 ELECTION round 0: submit vote requests at term 1 for -1: [a928fc34-d4b3-4f47-b859-83818f25ed6e|rpc:10.1.0.59:35709|dataStream:|priority:0, 8094cd77-30c2-47d7-ab82-7abee48b2f8b|rpc:10.1.0.59:44663|dataStream:|priority:1, f6edce37-208d-40f1-ab7e-323414b00593|rpc:10.1.0.59:35829|dataStream:|priority:0], old=null
2021-10-12 06:06:35,074 [grpc-default-executor-1] WARN  server.GrpcLogAppender (LogUtils.java:warn(122)) - 69929a81-75b5-4e59-a9cb-c7e6f0fb6fd6@group-D0BF975CEDA1->f6edce37-208d-40f1-ab7e-323414b00593-AppendLogResponseHandler: Failed appendEntries: org.apache.ratis.thirdparty.io.grpc.StatusRuntimeException: UNAVAILABLE: io exception
2021-10-12 06:06:35,074 [grpc-default-executor-1] WARN  server.GrpcLogAppender (GrpcLogAppender.java:resetClient(111)) - 69929a81-75b5-4e59-a9cb-c7e6f0fb6fd6@group-D0BF975CEDA1->f6edce37-208d-40f1-ab7e-323414b00593-GrpcLogAppender: Leader has not got in touch with Follower 69929a81-75b5-4e59-a9cb-c7e6f0fb6fd6@group-D0BF975CEDA1->f6edce37-208d-40f1-ab7e-323414b00593(c-1,m0,n1, attendVote=true, lastRpcSendTime=0, lastRpcResponseTime=5294) yet, just keep nextIndex unchanged and retry.
2021-10-12 06:06:35,085 [a928fc34-d4b3-4f47-b859-83818f25ed6e@group-D184F90DD9F3-LeaderElection105] INFO  impl.LeaderElection (LogUtils.java:infoOrTrace(137)) - a928fc34-d4b3-4f47-b859-83818f25ed6e@group-D184F90DD9F3-LeaderElection105 got exception when requesting votes: java.util.concurrent.ExecutionException: org.apache.ratis.thirdparty.io.grpc.StatusRuntimeException: UNAVAILABLE: io exception
2021-10-12 06:06:35,090 [a928fc34-d4b3-4f47-b859-83818f25ed6e@group-510924D56746-FollowerState] INFO  impl.FollowerState (FollowerState.java:run(134)) - a928fc34-d4b3-4f47-b859-83818f25ed6e@group-510924D56746-FollowerState: change to CANDIDATE, lastRpcElapsedTime:5177692377ns, electionTimeout:5144ms
2021-10-12 06:06:35,090 [a928fc34-d4b3-4f47-b859-83818f25ed6e@group-510924D56746-FollowerState] INFO  impl.RoleInfo (RoleInfo.java:shutdownFollowerState(108)) - a928fc34-d4b3-4f47-b859-83818f25ed6e: shutdown a928fc34-d4b3-4f47-b859-83818f25ed6e@group-510924D56746-FollowerState
2021-10-12 06:06:35,090 [a928fc34-d4b3-4f47-b859-83818f25ed6e@group-510924D56746-FollowerState] INFO  server.RaftServer$Division (RaftServerImpl.java:setRole(285)) - a928fc34-d4b3-4f47-b859-83818f25ed6e@group-510924D56746: changes role from  FOLLOWER to CANDIDATE at term 0 for changeToCandidate
2021-10-12 06:06:35,090 [a928fc34-d4b3-4f47-b859-83818f25ed6e@group-510924D56746-FollowerState] INFO  server.RaftServerConfigKeys (ConfUtils.java:logGet(44)) - raft.server.leaderelection.pre-vote = false (custom)
2021-10-12 06:06:35,090 [a928fc34-d4b3-4f47-b859-83818f25ed6e@group-510924D56746-FollowerState] INFO  impl.RoleInfo (RoleInfo.java:updateAndGet(130)) - a928fc34-d4b3-4f47-b859-83818f25ed6e: start a928fc34-d4b3-4f47-b859-83818f25ed6e@group-510924D56746-LeaderElection106
2021-10-12 06:06:35,119 [grpc-default-executor-4] INFO  server.RaftServer$Division (ServerState.java:setRaftConf(387)) - 8094cd77-30c2-47d7-ab82-7abee48b2f8b@group-D0BF975CEDA1: set configuration 0: [69929a81-75b5-4e59-a9cb-c7e6f0fb6fd6|rpc:10.1.0.59:40555|dataStream:|priority:1, 8094cd77-30c2-47d7-ab82-7abee48b2f8b|rpc:10.1.0.59:44663|dataStream:|priority:0, f6edce37-208d-40f1-ab7e-323414b00593|rpc:10.1.0.59:35829|dataStream:|priority:0], old=null
2021-10-12 06:06:35,119 [grpc-default-executor-4] INFO  segmented.SegmentedRaftLogWorker (SegmentedRaftLogWorker.java:startLogSegment(394)) - 8094cd77-30c2-47d7-ab82-7abee48b2f8b@group-D0BF975CEDA1-SegmentedRaftLogWorker: Starting segment from index:0
2021-10-12 06:06:35,127 [8094cd77-30c2-47d7-ab82-7abee48b2f8b@group-D184F90DD9F3-FollowerState] INFO  impl.FollowerState (FollowerState.java:run(134)) - 8094cd77-30c2-47d7-ab82-7abee48b2f8b@group-D184F90DD9F3-FollowerState: change to CANDIDATE, lastRpcElapsedTime:5115597619ns, electionTimeout:5085ms
2021-10-12 06:06:35,127 [8094cd77-30c2-47d7-ab82-7abee48b2f8b@group-D184F90DD9F3-FollowerState] INFO  impl.RoleInfo (RoleInfo.java:shutdownFollowerState(108)) - 8094cd77-30c2-47d7-ab82-7abee48b2f8b: shutdown 8094cd77-30c2-47d7-ab82-7abee48b2f8b@group-D184F90DD9F3-FollowerState
2021-10-12 06:06:35,127 [8094cd77-30c2-47d7-ab82-7abee48b2f8b@group-D184F90DD9F3-FollowerState] INFO  server.RaftServer$Division (RaftServerImpl.java:setRole(285)) - 8094cd77-30c2-47d7-ab82-7abee48b2f8b@group-D184F90DD9F3: changes role from  FOLLOWER to CANDIDATE at term 0 for changeToCandidate
2021-10-12 06:06:35,127 [8094cd77-30c2-47d7-ab82-7abee48b2f8b@group-D0BF975CEDA1-SegmentedRaftLogWorker] INFO  segmented.SegmentedRaftLogWorker (SegmentedRaftLogWorker.java:execute(601)) - 8094cd77-30c2-47d7-ab82-7abee48b2f8b@group-D0BF975CEDA1-SegmentedRaftLogWorker: created new log segment /home/runner/work/ozone/ozone/hadoop-ozone/integration-test/target/test-dir/MiniOzoneClusterImpl-c6dc50ab-6fac-4554-b78d-9440f3e38bfb/datanode-6/data/ratis/5ecef51f-4e59-4141-a865-d0bf975ceda1/current/log_inprogress_0
2021-10-12 06:06:35,136 [69929a81-75b5-4e59-a9cb-c7e6f0fb6fd6@group-510924D56746-FollowerState] INFO  impl.FollowerState (FollowerState.java:run(134)) - 69929a81-75b5-4e59-a9cb-c7e6f0fb6fd6@group-510924D56746-FollowerState: change to CANDIDATE, lastRpcElapsedTime:5139809614ns, electionTimeout:5139ms
2021-10-12 06:06:35,137 [69929a81-75b5-4e59-a9cb-c7e6f0fb6fd6@group-510924D56746-FollowerState] INFO  impl.RoleInfo (RoleInfo.java:shutdownFollowerState(108)) - 69929a81-75b5-4e59-a9cb-c7e6f0fb6fd6: shutdown 69929a81-75b5-4e59-a9cb-c7e6f0fb6fd6@group-510924D56746-FollowerState
2021-10-12 06:06:35,137 [69929a81-75b5-4e59-a9cb-c7e6f0fb6fd6@group-510924D56746-FollowerState] INFO  server.RaftServer$Division (RaftServerImpl.java:setRole(285)) - 69929a81-75b5-4e59-a9cb-c7e6f0fb6fd6@group-510924D56746: changes role from  FOLLOWER to CANDIDATE at term 0 for changeToCandidate
2021-10-12 06:06:35,138 [grpc-default-executor-3] WARN  server.GrpcLogAppender (LogUtils.java:warn(122)) - fdd2c237-e414-4605-b3b4-833d5e073368@group-C2C9DE719BAF->1a275f92-aa29-4e99-8b54-16510abadaea-AppendLogResponseHandler: Failed appendEntries: org.apache.ratis.thirdparty.io.grpc.StatusRuntimeException: UNAVAILABLE: io exception
2021-10-12 06:06:35,138 [grpc-default-executor-3] WARN  server.GrpcLogAppender (GrpcLogAppender.java:resetClient(111)) - fdd2c237-e414-4605-b3b4-833d5e073368@group-C2C9DE719BAF->1a275f92-aa29-4e99-8b54-16510abadaea-GrpcLogAppender: Leader has not got in touch with Follower fdd2c237-e414-4605-b3b4-833d5e073368@group-C2C9DE719BAF->1a275f92-aa29-4e99-8b54-16510abadaea(c0,m0,n1, attendVote=true, lastRpcSendTime=3, lastRpcResponseTime=2584) yet, just keep nextIndex unchanged and retry.
2021-10-12 06:06:35,138 [grpc-default-executor-1] INFO  server.RaftServer$Division (RaftServerImpl.java:requestVote(1043)) - 8094cd77-30c2-47d7-ab82-7abee48b2f8b@group-D184F90DD9F3: receive requestVote(ELECTION, a928fc34-d4b3-4f47-b859-83818f25ed6e, group-D184F90DD9F3, 1, (t:0, i:0))
2021-10-12 06:06:35,138 [8094cd77-30c2-47d7-ab82-7abee48b2f8b@group-D184F90DD9F3-FollowerState] INFO  server.RaftServerConfigKeys (ConfUtils.java:logGet(44)) - raft.server.leaderelection.pre-vote = false (custom)
2021-10-12 06:06:35,139 [8094cd77-30c2-47d7-ab82-7abee48b2f8b@group-D184F90DD9F3-FollowerState] INFO  impl.RoleInfo (RoleInfo.java:updateAndGet(130)) - 8094cd77-30c2-47d7-ab82-7abee48b2f8b: start 8094cd77-30c2-47d7-ab82-7abee48b2f8b@group-D184F90DD9F3-LeaderElection107
2021-10-12 06:06:35,219 [69929a81-75b5-4e59-a9cb-c7e6f0fb6fd6@group-510924D56746-FollowerState] INFO  server.RaftServerConfigKeys (ConfUtils.java:logGet(44)) - raft.server.leaderelection.pre-vote = false (custom)
2021-10-12 06:06:35,219 [69929a81-75b5-4e59-a9cb-c7e6f0fb6fd6@group-510924D56746-FollowerState] INFO  impl.RoleInfo (RoleInfo.java:updateAndGet(130)) - 69929a81-75b5-4e59-a9cb-c7e6f0fb6fd6: start 69929a81-75b5-4e59-a9cb-c7e6f0fb6fd6@group-510924D56746-LeaderElection108
2021-10-12 06:06:35,219 [grpc-default-executor-1] INFO  impl.VoteContext (VoteContext.java:log(48)) - 8094cd77-30c2-47d7-ab82-7abee48b2f8b@group-D184F90DD9F3-CANDIDATE: reject ELECTION from a928fc34-d4b3-4f47-b859-83818f25ed6e: our priority 1 > candidate's priority 0
2021-10-12 06:06:35,219 [grpc-default-executor-1] INFO  server.RaftServer$Division (RaftServerImpl.java:setRole(285)) - 8094cd77-30c2-47d7-ab82-7abee48b2f8b@group-D184F90DD9F3: changes role from CANDIDATE to FOLLOWER at term 1 for candidate:a928fc34-d4b3-4f47-b859-83818f25ed6e
2021-10-12 06:06:35,219 [grpc-default-executor-1] INFO  impl.RoleInfo (RoleInfo.java:shutdownLeaderElection(121)) - 8094cd77-30c2-47d7-ab82-7abee48b2f8b: shutdown 8094cd77-30c2-47d7-ab82-7abee48b2f8b@group-D184F90DD9F3-LeaderElection107
2021-10-12 06:06:35,246 [grpc-default-executor-1] INFO  impl.RoleInfo (RoleInfo.java:updateAndGet(130)) - 8094cd77-30c2-47d7-ab82-7abee48b2f8b: start 8094cd77-30c2-47d7-ab82-7abee48b2f8b@group-D184F90DD9F3-FollowerState
2021-10-12 06:06:35,247 [a928fc34-d4b3-4f47-b859-83818f25ed6e@group-510924D56746-LeaderElection106] INFO  impl.LeaderElection (LeaderElection.java:askForVotes(306)) - a928fc34-d4b3-4f47-b859-83818f25ed6e@group-510924D56746-LeaderElection106 ELECTION round 0: submit vote requests at term 1 for -1: [69929a81-75b5-4e59-a9cb-c7e6f0fb6fd6|rpc:10.1.0.59:40555|priority:0, a928fc34-d4b3-4f47-b859-83818f25ed6e|rpc:10.1.0.59:35709|priority:1, f6edce37-208d-40f1-ab7e-323414b00593|rpc:10.1.0.59:35829|priority:0], old=null
2021-10-12 06:06:35,250 [grpc-default-executor-1] INFO  server.RaftServer$Division (RaftServerImpl.java:requestVote(1075)) - 8094cd77-30c2-47d7-ab82-7abee48b2f8b@group-D184F90DD9F3 replies to ELECTION vote request: a928fc34-d4b3-4f47-b859-83818f25ed6e<-8094cd77-30c2-47d7-ab82-7abee48b2f8b#0:FAIL-t1. Peer's state: 8094cd77-30c2-47d7-ab82-7abee48b2f8b@group-D184F90DD9F3:t1, leader=null, voted=null, raftlog=8094cd77-30c2-47d7-ab82-7abee48b2f8b@group-D184F90DD9F3-SegmentedRaftLog:OPENED:c-1,f-1,i0, conf=-1: [a928fc34-d4b3-4f47-b859-83818f25ed6e|rpc:10.1.0.59:35709|dataStream:|priority:0, 8094cd77-30c2-47d7-ab82-7abee48b2f8b|rpc:10.1.0.59:44663|dataStream:|priority:1, f6edce37-208d-40f1-ab7e-323414b00593|rpc:10.1.0.59:35829|dataStream:|priority:0], old=null
2021-10-12 06:06:35,262 [69929a81-75b5-4e59-a9cb-c7e6f0fb6fd6@group-510924D56746-LeaderElection108] INFO  impl.LeaderElection (LeaderElection.java:askForVotes(306)) - 69929a81-75b5-4e59-a9cb-c7e6f0fb6fd6@group-510924D56746-LeaderElection108 ELECTION round 0: submit vote requests at term 1 for -1: [69929a81-75b5-4e59-a9cb-c7e6f0fb6fd6|rpc:10.1.0.59:40555|dataStream:|priority:0, a928fc34-d4b3-4f47-b859-83818f25ed6e|rpc:10.1.0.59:35709|dataStream:|priority:1, f6edce37-208d-40f1-ab7e-323414b00593|rpc:10.1.0.59:35829|dataStream:|priority:0], old=null
2021-10-12 06:06:35,286 [69929a81-75b5-4e59-a9cb-c7e6f0fb6fd6@group-1D5C0641F7B2-FollowerState] INFO  impl.FollowerState (FollowerState.java:run(134)) - 69929a81-75b5-4e59-a9cb-c7e6f0fb6fd6@group-1D5C0641F7B2-FollowerState: change to CANDIDATE, lastRpcElapsedTime:5092933640ns, electionTimeout:5084ms
2021-10-12 06:06:35,286 [69929a81-75b5-4e59-a9cb-c7e6f0fb6fd6@group-1D5C0641F7B2-FollowerState] INFO  impl.RoleInfo (RoleInfo.java:shutdownFollowerState(108)) - 69929a81-75b5-4e59-a9cb-c7e6f0fb6fd6: shutdown 69929a81-75b5-4e59-a9cb-c7e6f0fb6fd6@group-1D5C0641F7B2-FollowerState
2021-10-12 06:06:35,287 [69929a81-75b5-4e59-a9cb-c7e6f0fb6fd6@group-1D5C0641F7B2-FollowerState] INFO  server.RaftServer$Division (RaftServerImpl.java:setRole(285)) - 69929a81-75b5-4e59-a9cb-c7e6f0fb6fd6@group-1D5C0641F7B2: changes role from  FOLLOWER to CANDIDATE at term 0 for changeToCandidate
2021-10-12 06:06:35,307 [grpc-default-executor-1] WARN  server.GrpcLogAppender (LogUtils.java:warn(122)) - fd6d4eb7-d4eb-4c85-951f-7fa23d5c4e33@group-C5477E2A5DAB->1a275f92-aa29-4e99-8b54-16510abadaea-AppendLogResponseHandler: Failed appendEntries: org.apache.ratis.thirdparty.io.grpc.StatusRuntimeException: UNAVAILABLE: io exception
2021-10-12 06:06:35,307 [grpc-default-executor-1] WARN  server.GrpcLogAppender (GrpcLogAppender.java:resetClient(111)) - fd6d4eb7-d4eb-4c85-951f-7fa23d5c4e33@group-C5477E2A5DAB->1a275f92-aa29-4e99-8b54-16510abadaea-GrpcLogAppender: Leader has not got in touch with Follower fd6d4eb7-d4eb-4c85-951f-7fa23d5c4e33@group-C5477E2A5DAB->1a275f92-aa29-4e99-8b54-16510abadaea(c0,m0,n1, attendVote=true, lastRpcSendTime=2526, lastRpcResponseTime=2522) yet, just keep nextIndex unchanged and retry.
2021-10-12 06:06:35,326 [69929a81-75b5-4e59-a9cb-c7e6f0fb6fd6@group-1D5C0641F7B2-FollowerState] INFO  server.RaftServerConfigKeys (ConfUtils.java:logGet(44)) - raft.server.leaderelection.pre-vote = false (custom)
2021-10-12 06:06:35,327 [69929a81-75b5-4e59-a9cb-c7e6f0fb6fd6@group-1D5C0641F7B2-FollowerState] INFO  impl.RoleInfo (RoleInfo.java:updateAndGet(130)) - 69929a81-75b5-4e59-a9cb-c7e6f0fb6fd6: start 69929a81-75b5-4e59-a9cb-c7e6f0fb6fd6@group-1D5C0641F7B2-LeaderElection109
2021-10-12 06:06:35,347 [69929a81-75b5-4e59-a9cb-c7e6f0fb6fd6@group-510924D56746-LeaderElection108] INFO  impl.LeaderElection (LogUtils.java:infoOrTrace(137)) - 69929a81-75b5-4e59-a9cb-c7e6f0fb6fd6@group-510924D56746-LeaderElection108 got exception when requesting votes: java.util.concurrent.ExecutionException: org.apache.ratis.thirdparty.io.grpc.StatusRuntimeException: UNAVAILABLE: io exception
2021-10-12 06:06:35,359 [a928fc34-d4b3-4f47-b859-83818f25ed6e@group-D184F90DD9F3-LeaderElection105] INFO  impl.LeaderElection (LeaderElection.java:logAndReturn(89)) - a928fc34-d4b3-4f47-b859-83818f25ed6e@group-D184F90DD9F3-LeaderElection105: ELECTION REJECTED received 1 response(s) and 1 exception(s):
2021-10-12 06:06:35,359 [a928fc34-d4b3-4f47-b859-83818f25ed6e@group-D184F90DD9F3-LeaderElection105] INFO  impl.LeaderElection (LeaderElection.java:logAndReturn(93)) -   Response 0: a928fc34-d4b3-4f47-b859-83818f25ed6e<-8094cd77-30c2-47d7-ab82-7abee48b2f8b#0:FAIL-t1
2021-10-12 06:06:35,359 [a928fc34-d4b3-4f47-b859-83818f25ed6e@group-D184F90DD9F3-LeaderElection105] INFO  impl.LeaderElection (LogUtils.java:infoOrTrace(137)) -   Exception 1: java.util.concurrent.ExecutionException: org.apache.ratis.thirdparty.io.grpc.StatusRuntimeException: UNAVAILABLE: io exception
2021-10-12 06:06:35,359 [a928fc34-d4b3-4f47-b859-83818f25ed6e@group-D184F90DD9F3-LeaderElection105] INFO  impl.LeaderElection (LeaderElection.java:askForVotes(308)) - a928fc34-d4b3-4f47-b859-83818f25ed6e@group-D184F90DD9F3-LeaderElection105 ELECTION round 0: result REJECTED
2021-10-12 06:06:35,359 [a928fc34-d4b3-4f47-b859-83818f25ed6e@group-D184F90DD9F3-LeaderElection105] INFO  server.RaftServer$Division (RaftServerImpl.java:setRole(285)) - a928fc34-d4b3-4f47-b859-83818f25ed6e@group-D184F90DD9F3: changes role from CANDIDATE to FOLLOWER at term 1 for REJECTED
2021-10-12 06:06:35,359 [a928fc34-d4b3-4f47-b859-83818f25ed6e@group-D184F90DD9F3-LeaderElection105] INFO  impl.RoleInfo (RoleInfo.java:shutdownLeaderElection(121)) - a928fc34-d4b3-4f47-b859-83818f25ed6e: shutdown a928fc34-d4b3-4f47-b859-83818f25ed6e@group-D184F90DD9F3-LeaderElection105
2021-10-12 06:06:35,359 [a928fc34-d4b3-4f47-b859-83818f25ed6e@group-D184F90DD9F3-LeaderElection105] INFO  impl.RoleInfo (RoleInfo.java:updateAndGet(130)) - a928fc34-d4b3-4f47-b859-83818f25ed6e: start a928fc34-d4b3-4f47-b859-83818f25ed6e@group-D184F90DD9F3-FollowerState
2021-10-12 06:06:35,360 [grpc-default-executor-3] INFO  server.RaftServer$Division (RaftServerImpl.java:requestVote(1043)) - a928fc34-d4b3-4f47-b859-83818f25ed6e@group-510924D56746: receive requestVote(ELECTION, 69929a81-75b5-4e59-a9cb-c7e6f0fb6fd6, group-510924D56746, 1, (t:0, i:0))
2021-10-12 06:06:35,360 [grpc-default-executor-3] INFO  impl.VoteContext (VoteContext.java:log(48)) - a928fc34-d4b3-4f47-b859-83818f25ed6e@group-510924D56746-CANDIDATE: reject ELECTION from 69929a81-75b5-4e59-a9cb-c7e6f0fb6fd6: already has voted for a928fc34-d4b3-4f47-b859-83818f25ed6e at current term 1
2021-10-12 06:06:35,360 [grpc-default-executor-3] INFO  server.RaftServer$Division (RaftServerImpl.java:requestVote(1075)) - a928fc34-d4b3-4f47-b859-83818f25ed6e@group-510924D56746 replies to ELECTION vote request: 69929a81-75b5-4e59-a9cb-c7e6f0fb6fd6<-a928fc34-d4b3-4f47-b859-83818f25ed6e#0:FAIL-t1. Peer's state: a928fc34-d4b3-4f47-b859-83818f25ed6e@group-510924D56746:t1, leader=null, voted=a928fc34-d4b3-4f47-b859-83818f25ed6e, raftlog=a928fc34-d4b3-4f47-b859-83818f25ed6e@group-510924D56746-SegmentedRaftLog:OPENED:c-1,f-1,i0, conf=-1: [69929a81-75b5-4e59-a9cb-c7e6f0fb6fd6|rpc:10.1.0.59:40555|priority:0, a928fc34-d4b3-4f47-b859-83818f25ed6e|rpc:10.1.0.59:35709|priority:1, f6edce37-208d-40f1-ab7e-323414b00593|rpc:10.1.0.59:35829|priority:0], old=null
2021-10-12 06:06:35,360 [grpc-default-executor-4] INFO  server.RaftServer$Division (RaftServerImpl.java:requestVote(1043)) - 69929a81-75b5-4e59-a9cb-c7e6f0fb6fd6@group-510924D56746: receive requestVote(ELECTION, a928fc34-d4b3-4f47-b859-83818f25ed6e, group-510924D56746, 1, (t:0, i:0))
2021-10-12 06:06:35,360 [grpc-default-executor-4] INFO  impl.VoteContext (VoteContext.java:log(48)) - 69929a81-75b5-4e59-a9cb-c7e6f0fb6fd6@group-510924D56746-CANDIDATE: reject ELECTION from a928fc34-d4b3-4f47-b859-83818f25ed6e: already has voted for 69929a81-75b5-4e59-a9cb-c7e6f0fb6fd6 at current term 1
2021-10-12 06:06:35,360 [grpc-default-executor-4] INFO  server.RaftServer$Division (RaftServerImpl.java:requestVote(1075)) - 69929a81-75b5-4e59-a9cb-c7e6f0fb6fd6@group-510924D56746 replies to ELECTION vote request: a928fc34-d4b3-4f47-b859-83818f25ed6e<-69929a81-75b5-4e59-a9cb-c7e6f0fb6fd6#0:FAIL-t1. Peer's state: 69929a81-75b5-4e59-a9cb-c7e6f0fb6fd6@group-510924D56746:t1, leader=null, voted=69929a81-75b5-4e59-a9cb-c7e6f0fb6fd6, raftlog=69929a81-75b5-4e59-a9cb-c7e6f0fb6fd6@group-510924D56746-SegmentedRaftLog:OPENED:c-1,f-1,i0, conf=-1: [69929a81-75b5-4e59-a9cb-c7e6f0fb6fd6|rpc:10.1.0.59:40555|dataStream:|priority:0, a928fc34-d4b3-4f47-b859-83818f25ed6e|rpc:10.1.0.59:35709|dataStream:|priority:1, f6edce37-208d-40f1-ab7e-323414b00593|rpc:10.1.0.59:35829|dataStream:|priority:0], old=null
2021-10-12 06:06:35,368 [a928fc34-d4b3-4f47-b859-83818f25ed6e@group-1D5C0641F7B2-FollowerState] INFO  impl.FollowerState (FollowerState.java:run(134)) - a928fc34-d4b3-4f47-b859-83818f25ed6e@group-1D5C0641F7B2-FollowerState: change to CANDIDATE, lastRpcElapsedTime:5091960026ns, electionTimeout:5091ms
2021-10-12 06:06:35,368 [a928fc34-d4b3-4f47-b859-83818f25ed6e@group-1D5C0641F7B2-FollowerState] INFO  impl.RoleInfo (RoleInfo.java:shutdownFollowerState(108)) - a928fc34-d4b3-4f47-b859-83818f25ed6e: shutdown a928fc34-d4b3-4f47-b859-83818f25ed6e@group-1D5C0641F7B2-FollowerState
2021-10-12 06:06:35,368 [a928fc34-d4b3-4f47-b859-83818f25ed6e@group-1D5C0641F7B2-FollowerState] INFO  server.RaftServer$Division (RaftServerImpl.java:setRole(285)) - a928fc34-d4b3-4f47-b859-83818f25ed6e@group-1D5C0641F7B2: changes role from  FOLLOWER to CANDIDATE at term 0 for changeToCandidate
2021-10-12 06:06:35,368 [a928fc34-d4b3-4f47-b859-83818f25ed6e@group-1D5C0641F7B2-FollowerState] INFO  server.RaftServerConfigKeys (ConfUtils.java:logGet(44)) - raft.server.leaderelection.pre-vote = false (custom)
2021-10-12 06:06:35,368 [a928fc34-d4b3-4f47-b859-83818f25ed6e@group-1D5C0641F7B2-FollowerState] INFO  impl.RoleInfo (RoleInfo.java:updateAndGet(130)) - a928fc34-d4b3-4f47-b859-83818f25ed6e: start a928fc34-d4b3-4f47-b859-83818f25ed6e@group-1D5C0641F7B2-LeaderElection110
2021-10-12 06:06:35,370 [69929a81-75b5-4e59-a9cb-c7e6f0fb6fd6@group-1D5C0641F7B2-LeaderElection109] INFO  impl.LeaderElection (LeaderElection.java:askForVotes(306)) - 69929a81-75b5-4e59-a9cb-c7e6f0fb6fd6@group-1D5C0641F7B2-LeaderElection109 ELECTION round 0: submit vote requests at term 1 for -1: [69929a81-75b5-4e59-a9cb-c7e6f0fb6fd6|rpc:10.1.0.59:40555|priority:0, a928fc34-d4b3-4f47-b859-83818f25ed6e|rpc:10.1.0.59:35709|priority:0, 8094cd77-30c2-47d7-ab82-7abee48b2f8b|rpc:10.1.0.59:44663|priority:1], old=null
2021-10-12 06:06:35,404 [a928fc34-d4b3-4f47-b859-83818f25ed6e@group-510924D56746-LeaderElection106] INFO  impl.LeaderElection (LogUtils.java:infoOrTrace(137)) - a928fc34-d4b3-4f47-b859-83818f25ed6e@group-510924D56746-LeaderElection106 got exception when requesting votes: java.util.concurrent.ExecutionException: org.apache.ratis.thirdparty.io.grpc.StatusRuntimeException: UNAVAILABLE: io exception
2021-10-12 06:06:35,407 [8094cd77-30c2-47d7-ab82-7abee48b2f8b@group-1D5C0641F7B2-FollowerState] INFO  impl.FollowerState (FollowerState.java:run(134)) - 8094cd77-30c2-47d7-ab82-7abee48b2f8b@group-1D5C0641F7B2-FollowerState: change to CANDIDATE, lastRpcElapsedTime:5070321061ns, electionTimeout:5067ms
2021-10-12 06:06:35,407 [8094cd77-30c2-47d7-ab82-7abee48b2f8b@group-1D5C0641F7B2-FollowerState] INFO  impl.RoleInfo (RoleInfo.java:shutdownFollowerState(108)) - 8094cd77-30c2-47d7-ab82-7abee48b2f8b: shutdown 8094cd77-30c2-47d7-ab82-7abee48b2f8b@group-1D5C0641F7B2-FollowerState
2021-10-12 06:06:35,407 [8094cd77-30c2-47d7-ab82-7abee48b2f8b@group-1D5C0641F7B2-FollowerState] INFO  server.RaftServer$Division (RaftServerImpl.java:setRole(285)) - 8094cd77-30c2-47d7-ab82-7abee48b2f8b@group-1D5C0641F7B2: changes role from  FOLLOWER to CANDIDATE at term 0 for changeToCandidate
2021-10-12 06:06:35,407 [8094cd77-30c2-47d7-ab82-7abee48b2f8b@group-1D5C0641F7B2-FollowerState] INFO  server.RaftServerConfigKeys (ConfUtils.java:logGet(44)) - raft.server.leaderelection.pre-vote = false (custom)
2021-10-12 06:06:35,407 [8094cd77-30c2-47d7-ab82-7abee48b2f8b@group-1D5C0641F7B2-FollowerState] INFO  impl.RoleInfo (RoleInfo.java:updateAndGet(130)) - 8094cd77-30c2-47d7-ab82-7abee48b2f8b: start 8094cd77-30c2-47d7-ab82-7abee48b2f8b@group-1D5C0641F7B2-LeaderElection111
2021-10-12 06:06:35,455 [a928fc34-d4b3-4f47-b859-83818f25ed6e@group-1D5C0641F7B2-LeaderElection110] INFO  impl.LeaderElection (LeaderElection.java:askForVotes(306)) - a928fc34-d4b3-4f47-b859-83818f25ed6e@group-1D5C0641F7B2-LeaderElection110 ELECTION round 0: submit vote requests at term 1 for -1: [69929a81-75b5-4e59-a9cb-c7e6f0fb6fd6|rpc:10.1.0.59:40555|dataStream:|priority:0, a928fc34-d4b3-4f47-b859-83818f25ed6e|rpc:10.1.0.59:35709|dataStream:|priority:0, 8094cd77-30c2-47d7-ab82-7abee48b2f8b|rpc:10.1.0.59:44663|dataStream:|priority:1], old=null
2021-10-12 06:06:35,464 [a928fc34-d4b3-4f47-b859-83818f25ed6e@group-510924D56746-LeaderElection106] INFO  impl.LeaderElection (LeaderElection.java:logAndReturn(89)) - a928fc34-d4b3-4f47-b859-83818f25ed6e@group-510924D56746-LeaderElection106: ELECTION REJECTED received 1 response(s) and 1 exception(s):
2021-10-12 06:06:35,464 [a928fc34-d4b3-4f47-b859-83818f25ed6e@group-510924D56746-LeaderElection106] INFO  impl.LeaderElection (LeaderElection.java:logAndReturn(93)) -   Response 0: a928fc34-d4b3-4f47-b859-83818f25ed6e<-69929a81-75b5-4e59-a9cb-c7e6f0fb6fd6#0:FAIL-t1
2021-10-12 06:06:35,464 [a928fc34-d4b3-4f47-b859-83818f25ed6e@group-510924D56746-LeaderElection106] INFO  impl.LeaderElection (LogUtils.java:infoOrTrace(137)) -   Exception 1: java.util.concurrent.ExecutionException: org.apache.ratis.thirdparty.io.grpc.StatusRuntimeException: UNAVAILABLE: io exception
2021-10-12 06:06:35,464 [69929a81-75b5-4e59-a9cb-c7e6f0fb6fd6@group-510924D56746-LeaderElection108] INFO  impl.LeaderElection (LeaderElection.java:logAndReturn(89)) - 69929a81-75b5-4e59-a9cb-c7e6f0fb6fd6@group-510924D56746-LeaderElection108: ELECTION REJECTED received 1 response(s) and 1 exception(s):
2021-10-12 06:06:35,464 [69929a81-75b5-4e59-a9cb-c7e6f0fb6fd6@group-510924D56746-LeaderElection108] INFO  impl.LeaderElection (LeaderElection.java:logAndReturn(93)) -   Response 0: 69929a81-75b5-4e59-a9cb-c7e6f0fb6fd6<-a928fc34-d4b3-4f47-b859-83818f25ed6e#0:FAIL-t1
2021-10-12 06:06:35,464 [69929a81-75b5-4e59-a9cb-c7e6f0fb6fd6@group-510924D56746-LeaderElection108] INFO  impl.LeaderElection (LogUtils.java:infoOrTrace(137)) -   Exception 1: java.util.concurrent.ExecutionException: org.apache.ratis.thirdparty.io.grpc.StatusRuntimeException: UNAVAILABLE: io exception
2021-10-12 06:06:35,465 [grpc-default-executor-4] INFO  server.RaftServer$Division (RaftServerImpl.java:requestVote(1043)) - 8094cd77-30c2-47d7-ab82-7abee48b2f8b@group-1D5C0641F7B2: receive requestVote(ELECTION, 69929a81-75b5-4e59-a9cb-c7e6f0fb6fd6, group-1D5C0641F7B2, 1, (t:0, i:0))
2021-10-12 06:06:35,466 [grpc-default-executor-3] INFO  server.RaftServer$Division (RaftServerImpl.java:requestVote(1043)) - a928fc34-d4b3-4f47-b859-83818f25ed6e@group-1D5C0641F7B2: receive requestVote(ELECTION, 69929a81-75b5-4e59-a9cb-c7e6f0fb6fd6, group-1D5C0641F7B2, 1, (t:0, i:0))
2021-10-12 06:06:35,466 [grpc-default-executor-3] INFO  impl.VoteContext (VoteContext.java:log(48)) - a928fc34-d4b3-4f47-b859-83818f25ed6e@group-1D5C0641F7B2-CANDIDATE: reject ELECTION from 69929a81-75b5-4e59-a9cb-c7e6f0fb6fd6: already has voted for a928fc34-d4b3-4f47-b859-83818f25ed6e at current term 1
2021-10-12 06:06:35,466 [grpc-default-executor-3] INFO  server.RaftServer$Division (RaftServerImpl.java:requestVote(1075)) - a928fc34-d4b3-4f47-b859-83818f25ed6e@group-1D5C0641F7B2 replies to ELECTION vote request: 69929a81-75b5-4e59-a9cb-c7e6f0fb6fd6<-a928fc34-d4b3-4f47-b859-83818f25ed6e#0:FAIL-t1. Peer's state: a928fc34-d4b3-4f47-b859-83818f25ed6e@group-1D5C0641F7B2:t1, leader=null, voted=a928fc34-d4b3-4f47-b859-83818f25ed6e, raftlog=a928fc34-d4b3-4f47-b859-83818f25ed6e@group-1D5C0641F7B2-SegmentedRaftLog:OPENED:c-1,f-1,i0, conf=-1: [69929a81-75b5-4e59-a9cb-c7e6f0fb6fd6|rpc:10.1.0.59:40555|dataStream:|priority:0, a928fc34-d4b3-4f47-b859-83818f25ed6e|rpc:10.1.0.59:35709|dataStream:|priority:0, 8094cd77-30c2-47d7-ab82-7abee48b2f8b|rpc:10.1.0.59:44663|dataStream:|priority:1], old=null
2021-10-12 06:06:35,526 [8094cd77-30c2-47d7-ab82-7abee48b2f8b@group-1D5C0641F7B2-LeaderElection111] INFO  impl.LeaderElection (LeaderElection.java:askForVotes(306)) - 8094cd77-30c2-47d7-ab82-7abee48b2f8b@group-1D5C0641F7B2-LeaderElection111 ELECTION round 0: submit vote requests at term 1 for -1: [69929a81-75b5-4e59-a9cb-c7e6f0fb6fd6|rpc:10.1.0.59:40555|dataStream:|priority:0, a928fc34-d4b3-4f47-b859-83818f25ed6e|rpc:10.1.0.59:35709|dataStream:|priority:0, 8094cd77-30c2-47d7-ab82-7abee48b2f8b|rpc:10.1.0.59:44663|dataStream:|priority:1], old=null
2021-10-12 06:06:35,526 [grpc-default-executor-4] INFO  impl.VoteContext (VoteContext.java:log(48)) - 8094cd77-30c2-47d7-ab82-7abee48b2f8b@group-1D5C0641F7B2-CANDIDATE: reject ELECTION from 69929a81-75b5-4e59-a9cb-c7e6f0fb6fd6: already has voted for 8094cd77-30c2-47d7-ab82-7abee48b2f8b at current term 1
2021-10-12 06:06:35,526 [grpc-default-executor-4] INFO  server.RaftServer$Division (RaftServerImpl.java:requestVote(1075)) - 8094cd77-30c2-47d7-ab82-7abee48b2f8b@group-1D5C0641F7B2 replies to ELECTION vote request: 69929a81-75b5-4e59-a9cb-c7e6f0fb6fd6<-8094cd77-30c2-47d7-ab82-7abee48b2f8b#0:FAIL-t1. Peer's state: 8094cd77-30c2-47d7-ab82-7abee48b2f8b@group-1D5C0641F7B2:t1, leader=null, voted=8094cd77-30c2-47d7-ab82-7abee48b2f8b, raftlog=8094cd77-30c2-47d7-ab82-7abee48b2f8b@group-1D5C0641F7B2-SegmentedRaftLog:OPENED:c-1,f-1,i0, conf=-1: [69929a81-75b5-4e59-a9cb-c7e6f0fb6fd6|rpc:10.1.0.59:40555|dataStream:|priority:0, a928fc34-d4b3-4f47-b859-83818f25ed6e|rpc:10.1.0.59:35709|dataStream:|priority:0, 8094cd77-30c2-47d7-ab82-7abee48b2f8b|rpc:10.1.0.59:44663|dataStream:|priority:1], old=null
2021-10-12 06:06:35,571 [grpc-default-executor-3] INFO  server.RaftServer$Division (RaftServerImpl.java:requestVote(1043)) - 69929a81-75b5-4e59-a9cb-c7e6f0fb6fd6@group-1D5C0641F7B2: receive requestVote(ELECTION, a928fc34-d4b3-4f47-b859-83818f25ed6e, group-1D5C0641F7B2, 1, (t:0, i:0))
2021-10-12 06:06:35,571 [grpc-default-executor-3] INFO  impl.VoteContext (VoteContext.java:log(48)) - 69929a81-75b5-4e59-a9cb-c7e6f0fb6fd6@group-1D5C0641F7B2-CANDIDATE: reject ELECTION from a928fc34-d4b3-4f47-b859-83818f25ed6e: already has voted for 69929a81-75b5-4e59-a9cb-c7e6f0fb6fd6 at current term 1
2021-10-12 06:06:35,571 [grpc-default-executor-3] INFO  server.RaftServer$Division (RaftServerImpl.java:requestVote(1075)) - 69929a81-75b5-4e59-a9cb-c7e6f0fb6fd6@group-1D5C0641F7B2 replies to ELECTION vote request: a928fc34-d4b3-4f47-b859-83818f25ed6e<-69929a81-75b5-4e59-a9cb-c7e6f0fb6fd6#0:FAIL-t1. Peer's state: 69929a81-75b5-4e59-a9cb-c7e6f0fb6fd6@group-1D5C0641F7B2:t1, leader=null, voted=69929a81-75b5-4e59-a9cb-c7e6f0fb6fd6, raftlog=69929a81-75b5-4e59-a9cb-c7e6f0fb6fd6@group-1D5C0641F7B2-SegmentedRaftLog:OPENED:c-1,f-1,i0, conf=-1: [69929a81-75b5-4e59-a9cb-c7e6f0fb6fd6|rpc:10.1.0.59:40555|priority:0, a928fc34-d4b3-4f47-b859-83818f25ed6e|rpc:10.1.0.59:35709|priority:0, 8094cd77-30c2-47d7-ab82-7abee48b2f8b|rpc:10.1.0.59:44663|priority:1], old=null
2021-10-12 06:06:35,571 [grpc-default-executor-1] INFO  server.RaftServer$Division (RaftServerImpl.java:requestVote(1043)) - 8094cd77-30c2-47d7-ab82-7abee48b2f8b@group-1D5C0641F7B2: receive requestVote(ELECTION, a928fc34-d4b3-4f47-b859-83818f25ed6e, group-1D5C0641F7B2, 1, (t:0, i:0))
2021-10-12 06:06:35,571 [grpc-default-executor-1] INFO  impl.VoteContext (VoteContext.java:log(48)) - 8094cd77-30c2-47d7-ab82-7abee48b2f8b@group-1D5C0641F7B2-CANDIDATE: reject ELECTION from a928fc34-d4b3-4f47-b859-83818f25ed6e: already has voted for 8094cd77-30c2-47d7-ab82-7abee48b2f8b at current term 1
2021-10-12 06:06:35,571 [grpc-default-executor-1] INFO  server.RaftServer$Division (RaftServerImpl.java:requestVote(1075)) - 8094cd77-30c2-47d7-ab82-7abee48b2f8b@group-1D5C0641F7B2 replies to ELECTION vote request: a928fc34-d4b3-4f47-b859-83818f25ed6e<-8094cd77-30c2-47d7-ab82-7abee48b2f8b#0:FAIL-t1. Peer's state: 8094cd77-30c2-47d7-ab82-7abee48b2f8b@group-1D5C0641F7B2:t1, leader=null, voted=8094cd77-30c2-47d7-ab82-7abee48b2f8b, raftlog=8094cd77-30c2-47d7-ab82-7abee48b2f8b@group-1D5C0641F7B2-SegmentedRaftLog:OPENED:c-1,f-1,i0, conf=-1: [69929a81-75b5-4e59-a9cb-c7e6f0fb6fd6|rpc:10.1.0.59:40555|dataStream:|priority:0, a928fc34-d4b3-4f47-b859-83818f25ed6e|rpc:10.1.0.59:35709|dataStream:|priority:0, 8094cd77-30c2-47d7-ab82-7abee48b2f8b|rpc:10.1.0.59:44663|dataStream:|priority:1], old=null
2021-10-12 06:06:35,571 [69929a81-75b5-4e59-a9cb-c7e6f0fb6fd6@group-510924D56746-LeaderElection108] INFO  impl.LeaderElection (LeaderElection.java:askForVotes(308)) - 69929a81-75b5-4e59-a9cb-c7e6f0fb6fd6@group-510924D56746-LeaderElection108 ELECTION round 0: result REJECTED
2021-10-12 06:06:35,572 [69929a81-75b5-4e59-a9cb-c7e6f0fb6fd6@group-510924D56746-LeaderElection108] INFO  server.RaftServer$Division (RaftServerImpl.java:setRole(285)) - 69929a81-75b5-4e59-a9cb-c7e6f0fb6fd6@group-510924D56746: changes role from CANDIDATE to FOLLOWER at term 1 for REJECTED
2021-10-12 06:06:35,572 [69929a81-75b5-4e59-a9cb-c7e6f0fb6fd6@group-510924D56746-LeaderElection108] INFO  impl.RoleInfo (RoleInfo.java:shutdownLeaderElection(121)) - 69929a81-75b5-4e59-a9cb-c7e6f0fb6fd6: shutdown 69929a81-75b5-4e59-a9cb-c7e6f0fb6fd6@group-510924D56746-LeaderElection108
2021-10-12 06:06:35,572 [69929a81-75b5-4e59-a9cb-c7e6f0fb6fd6@group-510924D56746-LeaderElection108] INFO  impl.RoleInfo (RoleInfo.java:updateAndGet(130)) - 69929a81-75b5-4e59-a9cb-c7e6f0fb6fd6: start 69929a81-75b5-4e59-a9cb-c7e6f0fb6fd6@group-510924D56746-FollowerState
2021-10-12 06:06:35,590 [a928fc34-d4b3-4f47-b859-83818f25ed6e@group-510924D56746-LeaderElection106] INFO  impl.LeaderElection (LeaderElection.java:askForVotes(308)) - a928fc34-d4b3-4f47-b859-83818f25ed6e@group-510924D56746-LeaderElection106 ELECTION round 0: result REJECTED
2021-10-12 06:06:35,590 [a928fc34-d4b3-4f47-b859-83818f25ed6e@group-510924D56746-LeaderElection106] INFO  server.RaftServer$Division (RaftServerImpl.java:setRole(285)) - a928fc34-d4b3-4f47-b859-83818f25ed6e@group-510924D56746: changes role from CANDIDATE to FOLLOWER at term 1 for REJECTED
2021-10-12 06:06:35,590 [a928fc34-d4b3-4f47-b859-83818f25ed6e@group-510924D56746-LeaderElection106] INFO  impl.RoleInfo (RoleInfo.java:shutdownLeaderElection(121)) - a928fc34-d4b3-4f47-b859-83818f25ed6e: shutdown a928fc34-d4b3-4f47-b859-83818f25ed6e@group-510924D56746-LeaderElection106
2021-10-12 06:06:35,590 [a928fc34-d4b3-4f47-b859-83818f25ed6e@group-510924D56746-LeaderElection106] INFO  impl.RoleInfo (RoleInfo.java:updateAndGet(130)) - a928fc34-d4b3-4f47-b859-83818f25ed6e: start a928fc34-d4b3-4f47-b859-83818f25ed6e@group-510924D56746-FollowerState
2021-10-12 06:06:35,608 [a928fc34-d4b3-4f47-b859-83818f25ed6e@group-1D5C0641F7B2-LeaderElection110] INFO  impl.LeaderElection (LeaderElection.java:logAndReturn(89)) - a928fc34-d4b3-4f47-b859-83818f25ed6e@group-1D5C0641F7B2-LeaderElection110: ELECTION REJECTED received 1 response(s) and 0 exception(s):
2021-10-12 06:06:35,608 [a928fc34-d4b3-4f47-b859-83818f25ed6e@group-1D5C0641F7B2-LeaderElection110] INFO  impl.LeaderElection (LeaderElection.java:logAndReturn(93)) -   Response 0: a928fc34-d4b3-4f47-b859-83818f25ed6e<-8094cd77-30c2-47d7-ab82-7abee48b2f8b#0:FAIL-t1
2021-10-12 06:06:35,608 [a928fc34-d4b3-4f47-b859-83818f25ed6e@group-1D5C0641F7B2-LeaderElection110] INFO  impl.LeaderElection (LeaderElection.java:askForVotes(308)) - a928fc34-d4b3-4f47-b859-83818f25ed6e@group-1D5C0641F7B2-LeaderElection110 ELECTION round 0: result REJECTED
2021-10-12 06:06:35,608 [a928fc34-d4b3-4f47-b859-83818f25ed6e@group-1D5C0641F7B2-LeaderElection110] INFO  server.RaftServer$Division (RaftServerImpl.java:setRole(285)) - a928fc34-d4b3-4f47-b859-83818f25ed6e@group-1D5C0641F7B2: changes role from CANDIDATE to FOLLOWER at term 1 for REJECTED
2021-10-12 06:06:35,608 [a928fc34-d4b3-4f47-b859-83818f25ed6e@group-1D5C0641F7B2-LeaderElection110] INFO  impl.RoleInfo (RoleInfo.java:shutdownLeaderElection(121)) - a928fc34-d4b3-4f47-b859-83818f25ed6e: shutdown a928fc34-d4b3-4f47-b859-83818f25ed6e@group-1D5C0641F7B2-LeaderElection110
2021-10-12 06:06:35,608 [a928fc34-d4b3-4f47-b859-83818f25ed6e@group-1D5C0641F7B2-LeaderElection110] INFO  impl.RoleInfo (RoleInfo.java:updateAndGet(130)) - a928fc34-d4b3-4f47-b859-83818f25ed6e: start a928fc34-d4b3-4f47-b859-83818f25ed6e@group-1D5C0641F7B2-FollowerState
2021-10-12 06:06:35,614 [69929a81-75b5-4e59-a9cb-c7e6f0fb6fd6@group-1D5C0641F7B2-LeaderElection109] INFO  impl.LeaderElection (LeaderElection.java:logAndReturn(89)) - 69929a81-75b5-4e59-a9cb-c7e6f0fb6fd6@group-1D5C0641F7B2-LeaderElection109: ELECTION REJECTED received 2 response(s) and 0 exception(s):
2021-10-12 06:06:35,614 [69929a81-75b5-4e59-a9cb-c7e6f0fb6fd6@group-1D5C0641F7B2-LeaderElection109] INFO  impl.LeaderElection (LeaderElection.java:logAndReturn(93)) -   Response 0: 69929a81-75b5-4e59-a9cb-c7e6f0fb6fd6<-a928fc34-d4b3-4f47-b859-83818f25ed6e#0:FAIL-t1
2021-10-12 06:06:35,614 [69929a81-75b5-4e59-a9cb-c7e6f0fb6fd6@group-1D5C0641F7B2-LeaderElection109] INFO  impl.LeaderElection (LeaderElection.java:logAndReturn(93)) -   Response 1: 69929a81-75b5-4e59-a9cb-c7e6f0fb6fd6<-8094cd77-30c2-47d7-ab82-7abee48b2f8b#0:FAIL-t1
2021-10-12 06:06:35,614 [69929a81-75b5-4e59-a9cb-c7e6f0fb6fd6@group-1D5C0641F7B2-LeaderElection109] INFO  impl.LeaderElection (LeaderElection.java:askForVotes(308)) - 69929a81-75b5-4e59-a9cb-c7e6f0fb6fd6@group-1D5C0641F7B2-LeaderElection109 ELECTION round 0: result REJECTED
2021-10-12 06:06:35,614 [69929a81-75b5-4e59-a9cb-c7e6f0fb6fd6@group-1D5C0641F7B2-LeaderElection109] INFO  server.RaftServer$Division (RaftServerImpl.java:setRole(285)) - 69929a81-75b5-4e59-a9cb-c7e6f0fb6fd6@group-1D5C0641F7B2: changes role from CANDIDATE to FOLLOWER at term 1 for REJECTED
2021-10-12 06:06:35,614 [69929a81-75b5-4e59-a9cb-c7e6f0fb6fd6@group-1D5C0641F7B2-LeaderElection109] INFO  impl.RoleInfo (RoleInfo.java:shutdownLeaderElection(121)) - 69929a81-75b5-4e59-a9cb-c7e6f0fb6fd6: shutdown 69929a81-75b5-4e59-a9cb-c7e6f0fb6fd6@group-1D5C0641F7B2-LeaderElection109
2021-10-12 06:06:35,614 [69929a81-75b5-4e59-a9cb-c7e6f0fb6fd6@group-1D5C0641F7B2-LeaderElection109] INFO  impl.RoleInfo (RoleInfo.java:updateAndGet(130)) - 69929a81-75b5-4e59-a9cb-c7e6f0fb6fd6: start 69929a81-75b5-4e59-a9cb-c7e6f0fb6fd6@group-1D5C0641F7B2-FollowerState
2021-10-12 06:06:35,615 [grpc-default-executor-4] INFO  server.RaftServer$Division (RaftServerImpl.java:requestVote(1043)) - 69929a81-75b5-4e59-a9cb-c7e6f0fb6fd6@group-1D5C0641F7B2: receive requestVote(ELECTION, 8094cd77-30c2-47d7-ab82-7abee48b2f8b, group-1D5C0641F7B2, 1, (t:0, i:0))
2021-10-12 06:06:35,618 [grpc-default-executor-1] INFO  server.RaftServer$Division (RaftServerImpl.java:requestVote(1043)) - a928fc34-d4b3-4f47-b859-83818f25ed6e@group-1D5C0641F7B2: receive requestVote(ELECTION, 8094cd77-30c2-47d7-ab82-7abee48b2f8b, group-1D5C0641F7B2, 1, (t:0, i:0))
2021-10-12 06:06:35,618 [grpc-default-executor-1] INFO  impl.VoteContext (VoteContext.java:log(48)) - a928fc34-d4b3-4f47-b859-83818f25ed6e@group-1D5C0641F7B2-FOLLOWER: reject ELECTION from 8094cd77-30c2-47d7-ab82-7abee48b2f8b: already has voted for a928fc34-d4b3-4f47-b859-83818f25ed6e at current term 1
2021-10-12 06:06:35,618 [grpc-default-executor-1] INFO  server.RaftServer$Division (RaftServerImpl.java:requestVote(1075)) - a928fc34-d4b3-4f47-b859-83818f25ed6e@group-1D5C0641F7B2 replies to ELECTION vote request: 8094cd77-30c2-47d7-ab82-7abee48b2f8b<-a928fc34-d4b3-4f47-b859-83818f25ed6e#0:FAIL-t1. Peer's state: a928fc34-d4b3-4f47-b859-83818f25ed6e@group-1D5C0641F7B2:t1, leader=null, voted=a928fc34-d4b3-4f47-b859-83818f25ed6e, raftlog=a928fc34-d4b3-4f47-b859-83818f25ed6e@group-1D5C0641F7B2-SegmentedRaftLog:OPENED:c-1,f-1,i0, conf=-1: [69929a81-75b5-4e59-a9cb-c7e6f0fb6fd6|rpc:10.1.0.59:40555|dataStream:|priority:0, a928fc34-d4b3-4f47-b859-83818f25ed6e|rpc:10.1.0.59:35709|dataStream:|priority:0, 8094cd77-30c2-47d7-ab82-7abee48b2f8b|rpc:10.1.0.59:44663|dataStream:|priority:1], old=null
2021-10-12 06:06:35,630 [grpc-default-executor-4] INFO  impl.VoteContext (VoteContext.java:log(48)) - 69929a81-75b5-4e59-a9cb-c7e6f0fb6fd6@group-1D5C0641F7B2-FOLLOWER: reject ELECTION from 8094cd77-30c2-47d7-ab82-7abee48b2f8b: already has voted for 69929a81-75b5-4e59-a9cb-c7e6f0fb6fd6 at current term 1
2021-10-12 06:06:35,630 [grpc-default-executor-4] INFO  server.RaftServer$Division (RaftServerImpl.java:requestVote(1075)) - 69929a81-75b5-4e59-a9cb-c7e6f0fb6fd6@group-1D5C0641F7B2 replies to ELECTION vote request: 8094cd77-30c2-47d7-ab82-7abee48b2f8b<-69929a81-75b5-4e59-a9cb-c7e6f0fb6fd6#0:FAIL-t1. Peer's state: 69929a81-75b5-4e59-a9cb-c7e6f0fb6fd6@group-1D5C0641F7B2:t1, leader=null, voted=69929a81-75b5-4e59-a9cb-c7e6f0fb6fd6, raftlog=69929a81-75b5-4e59-a9cb-c7e6f0fb6fd6@group-1D5C0641F7B2-SegmentedRaftLog:OPENED:c-1,f-1,i0, conf=-1: [69929a81-75b5-4e59-a9cb-c7e6f0fb6fd6|rpc:10.1.0.59:40555|priority:0, a928fc34-d4b3-4f47-b859-83818f25ed6e|rpc:10.1.0.59:35709|priority:0, 8094cd77-30c2-47d7-ab82-7abee48b2f8b|rpc:10.1.0.59:44663|priority:1], old=null
2021-10-12 06:06:35,653 [8094cd77-30c2-47d7-ab82-7abee48b2f8b@group-1D5C0641F7B2-LeaderElection111] INFO  impl.LeaderElection (LeaderElection.java:logAndReturn(89)) - 8094cd77-30c2-47d7-ab82-7abee48b2f8b@group-1D5C0641F7B2-LeaderElection111: ELECTION REJECTED received 2 response(s) and 0 exception(s):
2021-10-12 06:06:35,653 [8094cd77-30c2-47d7-ab82-7abee48b2f8b@group-1D5C0641F7B2-LeaderElection111] INFO  impl.LeaderElection (LeaderElection.java:logAndReturn(93)) -   Response 0: 8094cd77-30c2-47d7-ab82-7abee48b2f8b<-69929a81-75b5-4e59-a9cb-c7e6f0fb6fd6#0:FAIL-t1
2021-10-12 06:06:35,653 [8094cd77-30c2-47d7-ab82-7abee48b2f8b@group-1D5C0641F7B2-LeaderElection111] INFO  impl.LeaderElection (LeaderElection.java:logAndReturn(93)) -   Response 1: 8094cd77-30c2-47d7-ab82-7abee48b2f8b<-a928fc34-d4b3-4f47-b859-83818f25ed6e#0:FAIL-t1
2021-10-12 06:06:35,653 [8094cd77-30c2-47d7-ab82-7abee48b2f8b@group-1D5C0641F7B2-LeaderElection111] INFO  impl.LeaderElection (LeaderElection.java:askForVotes(308)) - 8094cd77-30c2-47d7-ab82-7abee48b2f8b@group-1D5C0641F7B2-LeaderElection111 ELECTION round 0: result REJECTED
2021-10-12 06:06:35,653 [8094cd77-30c2-47d7-ab82-7abee48b2f8b@group-1D5C0641F7B2-LeaderElection111] INFO  server.RaftServer$Division (RaftServerImpl.java:setRole(285)) - 8094cd77-30c2-47d7-ab82-7abee48b2f8b@group-1D5C0641F7B2: changes role from CANDIDATE to FOLLOWER at term 1 for REJECTED
2021-10-12 06:06:35,653 [8094cd77-30c2-47d7-ab82-7abee48b2f8b@group-1D5C0641F7B2-LeaderElection111] INFO  impl.RoleInfo (RoleInfo.java:shutdownLeaderElection(121)) - 8094cd77-30c2-47d7-ab82-7abee48b2f8b: shutdown 8094cd77-30c2-47d7-ab82-7abee48b2f8b@group-1D5C0641F7B2-LeaderElection111
2021-10-12 06:06:35,653 [8094cd77-30c2-47d7-ab82-7abee48b2f8b@group-1D5C0641F7B2-LeaderElection111] INFO  impl.RoleInfo (RoleInfo.java:updateAndGet(130)) - 8094cd77-30c2-47d7-ab82-7abee48b2f8b: start 8094cd77-30c2-47d7-ab82-7abee48b2f8b@group-1D5C0641F7B2-FollowerState
2021-10-12 06:06:37,586 [grpc-default-executor-4] WARN  server.GrpcLogAppender (LogUtils.java:warn(122)) - 69929a81-75b5-4e59-a9cb-c7e6f0fb6fd6@group-D0BF975CEDA1->f6edce37-208d-40f1-ab7e-323414b00593-AppendLogResponseHandler: Failed appendEntries: org.apache.ratis.thirdparty.io.grpc.StatusRuntimeException: UNAVAILABLE: io exception
2021-10-12 06:06:37,587 [grpc-default-executor-4] WARN  server.GrpcLogAppender (GrpcLogAppender.java:resetClient(111)) - 69929a81-75b5-4e59-a9cb-c7e6f0fb6fd6@group-D0BF975CEDA1->f6edce37-208d-40f1-ab7e-323414b00593-GrpcLogAppender: Leader has not got in touch with Follower 69929a81-75b5-4e59-a9cb-c7e6f0fb6fd6@group-D0BF975CEDA1->f6edce37-208d-40f1-ab7e-323414b00593(c-1,m0,n1, attendVote=true, lastRpcSendTime=2513, lastRpcResponseTime=7807) yet, just keep nextIndex unchanged and retry.
2021-10-12 06:06:37,642 [grpc-default-executor-4] WARN  server.GrpcLogAppender (LogUtils.java:warn(122)) - fdd2c237-e414-4605-b3b4-833d5e073368@group-C2C9DE719BAF->1a275f92-aa29-4e99-8b54-16510abadaea-AppendLogResponseHandler: Failed appendEntries: org.apache.ratis.thirdparty.io.grpc.StatusRuntimeException: UNAVAILABLE: io exception
2021-10-12 06:06:37,642 [grpc-default-executor-4] WARN  server.GrpcLogAppender (GrpcLogAppender.java:resetClient(111)) - fdd2c237-e414-4605-b3b4-833d5e073368@group-C2C9DE719BAF->1a275f92-aa29-4e99-8b54-16510abadaea-GrpcLogAppender: Leader has not got in touch with Follower fdd2c237-e414-4605-b3b4-833d5e073368@group-C2C9DE719BAF->1a275f92-aa29-4e99-8b54-16510abadaea(c0,m0,n1, attendVote=true, lastRpcSendTime=2507, lastRpcResponseTime=5088) yet, just keep nextIndex unchanged and retry.
2021-10-12 06:06:37,808 [grpc-default-executor-4] WARN  server.GrpcLogAppender (LogUtils.java:warn(122)) - fd6d4eb7-d4eb-4c85-951f-7fa23d5c4e33@group-C5477E2A5DAB->1a275f92-aa29-4e99-8b54-16510abadaea-AppendLogResponseHandler: Failed appendEntries: org.apache.ratis.thirdparty.io.grpc.StatusRuntimeException: UNAVAILABLE: io exception
2021-10-12 06:06:37,809 [grpc-default-executor-4] WARN  server.GrpcLogAppender (GrpcLogAppender.java:resetClient(111)) - fd6d4eb7-d4eb-4c85-951f-7fa23d5c4e33@group-C5477E2A5DAB->1a275f92-aa29-4e99-8b54-16510abadaea-GrpcLogAppender: Leader has not got in touch with Follower fd6d4eb7-d4eb-4c85-951f-7fa23d5c4e33@group-C5477E2A5DAB->1a275f92-aa29-4e99-8b54-16510abadaea(c0,m0,n1, attendVote=true, lastRpcSendTime=2501, lastRpcResponseTime=5024) yet, just keep nextIndex unchanged and retry.
2021-10-12 06:06:37,998 [ForkJoinPool.commonPool-worker-1] INFO  statemachine.DatanodeStateMachine (DatanodeStateMachine.java:stopDaemon(522)) - Ozone container server stopped.
2021-10-12 06:06:38,029 [ForkJoinPool.commonPool-worker-1] INFO  handler.ContextHandler (ContextHandler.java:doStop(1153)) - Stopped o.e.j.w.WebAppContext@409d6812{hddsDatanode,/,null,STOPPED}{jar:file:/home/runner/.m2/repository/org/apache/ozone/hdds-container-service/1.2.0-SNAPSHOT/hdds-container-service-1.2.0-SNAPSHOT.jar!/webapps/hddsDatanode}
2021-10-12 06:06:38,042 [ForkJoinPool.commonPool-worker-1] INFO  server.AbstractConnector (AbstractConnector.java:doStop(381)) - Stopped ServerConnector@61908d30{HTTP/1.1, (http/1.1)}{0.0.0.0:34445}
2021-10-12 06:06:38,042 [ForkJoinPool.commonPool-worker-1] INFO  server.session (HouseKeeper.java:stopScavenging(149)) - node0 Stopped scavenging
2021-10-12 06:06:38,046 [ForkJoinPool.commonPool-worker-1] INFO  handler.ContextHandler (ContextHandler.java:doStop(1153)) - Stopped o.e.j.s.ServletContextHandler@4806be12{static,/static,jar:file:/home/runner/.m2/repository/org/apache/ozone/hdds-container-service/1.2.0-SNAPSHOT/hdds-container-service-1.2.0-SNAPSHOT.jar!/webapps/static,STOPPED}
2021-10-12 06:06:38,047 [ForkJoinPool.commonPool-worker-1] INFO  handler.ContextHandler (ContextHandler.java:doStop(1153)) - Stopped o.e.j.s.ServletContextHandler@9ee6b64{logs,/logs,file:///home/runner/work/ozone/ozone/hadoop-ozone/integration-test/target/log,STOPPED}
2021-10-12 06:06:38,078 [Listener at 127.0.0.1/38829] INFO  statemachine.DatanodeStateMachine (DatanodeStateMachine.java:stopDaemon(522)) - Ozone container server stopped.
2021-10-12 06:06:38,079 [Listener at 127.0.0.1/38829] INFO  handler.ContextHandler (ContextHandler.java:doStop(1153)) - Stopped o.e.j.w.WebAppContext@588a78a2{hddsDatanode,/,null,STOPPED}{jar:file:/home/runner/.m2/repository/org/apache/ozone/hdds-container-service/1.2.0-SNAPSHOT/hdds-container-service-1.2.0-SNAPSHOT.jar!/webapps/hddsDatanode}
2021-10-12 06:06:38,079 [Listener at 127.0.0.1/38829] INFO  server.AbstractConnector (AbstractConnector.java:doStop(381)) - Stopped ServerConnector@23660af5{HTTP/1.1, (http/1.1)}{0.0.0.0:0}
2021-10-12 06:06:38,079 [Listener at 127.0.0.1/38829] INFO  server.session (HouseKeeper.java:stopScavenging(149)) - node0 Stopped scavenging
2021-10-12 06:06:38,079 [Listener at 127.0.0.1/38829] INFO  handler.ContextHandler (ContextHandler.java:doStop(1153)) - Stopped o.e.j.s.ServletContextHandler@15db8860{static,/static,jar:file:/home/runner/.m2/repository/org/apache/ozone/hdds-container-service/1.2.0-SNAPSHOT/hdds-container-service-1.2.0-SNAPSHOT.jar!/webapps/static,STOPPED}
2021-10-12 06:06:38,079 [Listener at 127.0.0.1/38829] INFO  handler.ContextHandler (ContextHandler.java:doStop(1153)) - Stopped o.e.j.s.ServletContextHandler@be25bab{logs,/logs,file:///home/runner/work/ozone/ozone/hadoop-ozone/integration-test/target/log,STOPPED}
2021-10-12 06:06:39,016 [EventQueue-StaleNodeForStaleNodeHandler] INFO  node.StaleNodeHandler (StaleNodeHandler.java:onMessage(58)) - Datanode 1a275f92-aa29-4e99-8b54-16510abadaea{ip: 10.1.0.59, host: fv-az297-361.nmf1rxwemy4u5di1sxxf4ejcwb.jx.internal.cloudapp.net, ports: [REPLICATION=44151, RATIS=35911, RATIS_ADMIN=35911, RATIS_SERVER=35911, STANDALONE=45949], networkLocation: /default-rack, certSerialId: null, persistedOpState: IN_SERVICE, persistedOpStateExpiryEpochSec: 0} moved to stale state. Finalizing its pipelines [PipelineID=11f238a1-a81c-4d19-9df2-c5477e2a5dab, PipelineID=cef31069-88dc-41f3-881d-df8a7e27a5ec, PipelineID=329bb935-cfae-4e84-a629-c2c9de719baf, PipelineID=0347fa64-7ac4-4e26-893b-280cf83c0957]
2021-10-12 06:06:39,017 [EventQueue-StaleNodeForStaleNodeHandler] INFO  pipeline.PipelineManagerImpl (PipelineManagerImpl.java:closePipeline(342)) - Pipeline Pipeline[ Id: 11f238a1-a81c-4d19-9df2-c5477e2a5dab, Nodes: 1a275f92-aa29-4e99-8b54-16510abadaea{ip: 10.1.0.59, host: fv-az297-361.nmf1rxwemy4u5di1sxxf4ejcwb.jx.internal.cloudapp.net, ports: [REPLICATION=44151, RATIS=35911, RATIS_ADMIN=35911, RATIS_SERVER=35911, STANDALONE=45949], networkLocation: /default-rack, certSerialId: null, persistedOpState: IN_SERVICE, persistedOpStateExpiryEpochSec: 0}fd6d4eb7-d4eb-4c85-951f-7fa23d5c4e33{ip: 10.1.0.59, host: fv-az297-361.nmf1rxwemy4u5di1sxxf4ejcwb.jx.internal.cloudapp.net, ports: [REPLICATION=36033, RATIS=37125, RATIS_ADMIN=37125, RATIS_SERVER=37125, STANDALONE=44425], networkLocation: /default-rack, certSerialId: null, persistedOpState: IN_SERVICE, persistedOpStateExpiryEpochSec: 0}fdd2c237-e414-4605-b3b4-833d5e073368{ip: 10.1.0.59, host: fv-az297-361.nmf1rxwemy4u5di1sxxf4ejcwb.jx.internal.cloudapp.net, ports: [REPLICATION=33853, RATIS=38743, RATIS_ADMIN=38743, RATIS_SERVER=38743, STANDALONE=36483], networkLocation: /default-rack, certSerialId: null, persistedOpState: IN_SERVICE, persistedOpStateExpiryEpochSec: 0}, ReplicationConfig: RATIS/THREE, State:OPEN, leaderId:fd6d4eb7-d4eb-4c85-951f-7fa23d5c4e33, CreationTimestamp2021-10-12T06:05:31.879Z[Etc/UTC]] moved to CLOSED state
2021-10-12 06:06:39,017 [EventQueue-StaleNodeForStaleNodeHandler] INFO  pipeline.PipelineManagerImpl (PipelineManagerImpl.java:closePipeline(342)) - Pipeline Pipeline[ Id: cef31069-88dc-41f3-881d-df8a7e27a5ec, Nodes: 1a275f92-aa29-4e99-8b54-16510abadaea{ip: 10.1.0.59, host: fv-az297-361.nmf1rxwemy4u5di1sxxf4ejcwb.jx.internal.cloudapp.net, ports: [REPLICATION=44151, RATIS=35911, RATIS_ADMIN=35911, RATIS_SERVER=35911, STANDALONE=45949], networkLocation: /default-rack, certSerialId: null, persistedOpState: IN_SERVICE, persistedOpStateExpiryEpochSec: 0}, ReplicationConfig: RATIS/ONE, State:OPEN, leaderId:1a275f92-aa29-4e99-8b54-16510abadaea, CreationTimestamp2021-10-12T06:05:31.308Z[Etc/UTC]] moved to CLOSED state
2021-10-12 06:06:39,018 [EventQueue-StaleNodeForStaleNodeHandler] INFO  pipeline.PipelineManagerImpl (PipelineManagerImpl.java:closePipeline(342)) - Pipeline Pipeline[ Id: 329bb935-cfae-4e84-a629-c2c9de719baf, Nodes: fd6d4eb7-d4eb-4c85-951f-7fa23d5c4e33{ip: 10.1.0.59, host: fv-az297-361.nmf1rxwemy4u5di1sxxf4ejcwb.jx.internal.cloudapp.net, ports: [REPLICATION=36033, RATIS=37125, RATIS_ADMIN=37125, RATIS_SERVER=37125, STANDALONE=44425], networkLocation: /default-rack, certSerialId: null, persistedOpState: IN_SERVICE, persistedOpStateExpiryEpochSec: 0}1a275f92-aa29-4e99-8b54-16510abadaea{ip: 10.1.0.59, host: fv-az297-361.nmf1rxwemy4u5di1sxxf4ejcwb.jx.internal.cloudapp.net, ports: [REPLICATION=44151, RATIS=35911, RATIS_ADMIN=35911, RATIS_SERVER=35911, STANDALONE=45949], networkLocation: /default-rack, certSerialId: null, persistedOpState: IN_SERVICE, persistedOpStateExpiryEpochSec: 0}fdd2c237-e414-4605-b3b4-833d5e073368{ip: 10.1.0.59, host: fv-az297-361.nmf1rxwemy4u5di1sxxf4ejcwb.jx.internal.cloudapp.net, ports: [REPLICATION=33853, RATIS=38743, RATIS_ADMIN=38743, RATIS_SERVER=38743, STANDALONE=36483], networkLocation: /default-rack, certSerialId: null, persistedOpState: IN_SERVICE, persistedOpStateExpiryEpochSec: 0}, ReplicationConfig: RATIS/THREE, State:OPEN, leaderId:fdd2c237-e414-4605-b3b4-833d5e073368, CreationTimestamp2021-10-12T06:05:31.878Z[Etc/UTC]] moved to CLOSED state
2021-10-12 06:06:39,018 [EventQueue-StaleNodeForStaleNodeHandler] INFO  pipeline.PipelineManagerImpl (PipelineManagerImpl.java:closePipeline(342)) - Pipeline Pipeline[ Id: 0347fa64-7ac4-4e26-893b-280cf83c0957, Nodes: 1a275f92-aa29-4e99-8b54-16510abadaea{ip: 10.1.0.59, host: fv-az297-361.nmf1rxwemy4u5di1sxxf4ejcwb.jx.internal.cloudapp.net, ports: [REPLICATION=44151, RATIS=35911, RATIS_ADMIN=35911, RATIS_SERVER=35911, STANDALONE=45949], networkLocation: /default-rack, certSerialId: null, persistedOpState: IN_SERVICE, persistedOpStateExpiryEpochSec: 0}fd6d4eb7-d4eb-4c85-951f-7fa23d5c4e33{ip: 10.1.0.59, host: fv-az297-361.nmf1rxwemy4u5di1sxxf4ejcwb.jx.internal.cloudapp.net, ports: [REPLICATION=36033, RATIS=37125, RATIS_ADMIN=37125, RATIS_SERVER=37125, STANDALONE=44425], networkLocation: /default-rack, certSerialId: null, persistedOpState: IN_SERVICE, persistedOpStateExpiryEpochSec: 0}fdd2c237-e414-4605-b3b4-833d5e073368{ip: 10.1.0.59, host: fv-az297-361.nmf1rxwemy4u5di1sxxf4ejcwb.jx.internal.cloudapp.net, ports: [REPLICATION=33853, RATIS=38743, RATIS_ADMIN=38743, RATIS_SERVER=38743, STANDALONE=36483], networkLocation: /default-rack, certSerialId: null, persistedOpState: IN_SERVICE, persistedOpStateExpiryEpochSec: 0}, ReplicationConfig: RATIS/THREE, State:OPEN, leaderId:1a275f92-aa29-4e99-8b54-16510abadaea, CreationTimestamp2021-10-12T06:05:31.877Z[Etc/UTC]] moved to CLOSED state
2021-10-12 06:06:39,625 [EventQueue-StaleNodeForStaleNodeHandler] INFO  node.StaleNodeHandler (StaleNodeHandler.java:onMessage(58)) - Datanode f6edce37-208d-40f1-ab7e-323414b00593{ip: 10.1.0.59, host: fv-az297-361.nmf1rxwemy4u5di1sxxf4ejcwb.jx.internal.cloudapp.net, ports: [REPLICATION=37231, RATIS=35829, RATIS_ADMIN=35829, RATIS_SERVER=35829, STANDALONE=34061], networkLocation: /default-rack, certSerialId: null, persistedOpState: IN_SERVICE, persistedOpStateExpiryEpochSec: 0} moved to stale state. Finalizing its pipelines [PipelineID=8f317fee-cc95-4c93-953a-d184f90dd9f3, PipelineID=65b688dd-5a9d-435b-8fed-510924d56746, PipelineID=1052ff25-57f6-44ce-bc84-ecb93fb1a688, PipelineID=5ecef51f-4e59-4141-a865-d0bf975ceda1]
2021-10-12 06:06:39,626 [EventQueue-StaleNodeForStaleNodeHandler] INFO  pipeline.PipelineManagerImpl (PipelineManagerImpl.java:closePipeline(342)) - Pipeline Pipeline[ Id: 8f317fee-cc95-4c93-953a-d184f90dd9f3, Nodes: a928fc34-d4b3-4f47-b859-83818f25ed6e{ip: 10.1.0.59, host: fv-az297-361.nmf1rxwemy4u5di1sxxf4ejcwb.jx.internal.cloudapp.net, ports: [REPLICATION=46425, RATIS=35709, RATIS_ADMIN=35709, RATIS_SERVER=35709, STANDALONE=38129], networkLocation: /default-rack, certSerialId: null, persistedOpState: IN_SERVICE, persistedOpStateExpiryEpochSec: 0}f6edce37-208d-40f1-ab7e-323414b00593{ip: 10.1.0.59, host: fv-az297-361.nmf1rxwemy4u5di1sxxf4ejcwb.jx.internal.cloudapp.net, ports: [REPLICATION=37231, RATIS=35829, RATIS_ADMIN=35829, RATIS_SERVER=35829, STANDALONE=34061], networkLocation: /default-rack, certSerialId: null, persistedOpState: IN_SERVICE, persistedOpStateExpiryEpochSec: 0}8094cd77-30c2-47d7-ab82-7abee48b2f8b{ip: 10.1.0.59, host: fv-az297-361.nmf1rxwemy4u5di1sxxf4ejcwb.jx.internal.cloudapp.net, ports: [REPLICATION=39463, RATIS=44663, RATIS_ADMIN=44663, RATIS_SERVER=44663, STANDALONE=42885], networkLocation: /default-rack, certSerialId: null, persistedOpState: IN_SERVICE, persistedOpStateExpiryEpochSec: 0}, ReplicationConfig: RATIS/THREE, State:ALLOCATED, leaderId:, CreationTimestamp2021-10-12T06:06:28.513Z[Etc/UTC]] moved to CLOSED state
2021-10-12 06:06:39,626 [EventQueue-StaleNodeForStaleNodeHandler] INFO  pipeline.PipelineManagerImpl (PipelineManagerImpl.java:closePipeline(342)) - Pipeline Pipeline[ Id: 65b688dd-5a9d-435b-8fed-510924d56746, Nodes: 69929a81-75b5-4e59-a9cb-c7e6f0fb6fd6{ip: 10.1.0.59, host: fv-az297-361.nmf1rxwemy4u5di1sxxf4ejcwb.jx.internal.cloudapp.net, ports: [REPLICATION=46479, RATIS=40555, RATIS_ADMIN=40555, RATIS_SERVER=40555, STANDALONE=34613], networkLocation: /default-rack, certSerialId: null, persistedOpState: IN_SERVICE, persistedOpStateExpiryEpochSec: 0}a928fc34-d4b3-4f47-b859-83818f25ed6e{ip: 10.1.0.59, host: fv-az297-361.nmf1rxwemy4u5di1sxxf4ejcwb.jx.internal.cloudapp.net, ports: [REPLICATION=46425, RATIS=35709, RATIS_ADMIN=35709, RATIS_SERVER=35709, STANDALONE=38129], networkLocation: /default-rack, certSerialId: null, persistedOpState: IN_SERVICE, persistedOpStateExpiryEpochSec: 0}f6edce37-208d-40f1-ab7e-323414b00593{ip: 10.1.0.59, host: fv-az297-361.nmf1rxwemy4u5di1sxxf4ejcwb.jx.internal.cloudapp.net, ports: [REPLICATION=37231, RATIS=35829, RATIS_ADMIN=35829, RATIS_SERVER=35829, STANDALONE=34061], networkLocation: /default-rack, certSerialId: null, persistedOpState: IN_SERVICE, persistedOpStateExpiryEpochSec: 0}, ReplicationConfig: RATIS/THREE, State:ALLOCATED, leaderId:, CreationTimestamp2021-10-12T06:06:28.514Z[Etc/UTC]] moved to CLOSED state
2021-10-12 06:06:39,626 [EventQueue-StaleNodeForStaleNodeHandler] INFO  pipeline.PipelineManagerImpl (PipelineManagerImpl.java:closePipeline(342)) - Pipeline Pipeline[ Id: 1052ff25-57f6-44ce-bc84-ecb93fb1a688, Nodes: f6edce37-208d-40f1-ab7e-323414b00593{ip: 10.1.0.59, host: fv-az297-361.nmf1rxwemy4u5di1sxxf4ejcwb.jx.internal.cloudapp.net, ports: [REPLICATION=37231, RATIS=35829, RATIS_ADMIN=35829, RATIS_SERVER=35829, STANDALONE=34061], networkLocation: /default-rack, certSerialId: null, persistedOpState: IN_SERVICE, persistedOpStateExpiryEpochSec: 0}, ReplicationConfig: RATIS/ONE, State:OPEN, leaderId:f6edce37-208d-40f1-ab7e-323414b00593, CreationTimestamp2021-10-12T06:06:28.512Z[Etc/UTC]] moved to CLOSED state
2021-10-12 06:06:39,626 [EventQueue-StaleNodeForStaleNodeHandler] INFO  pipeline.PipelineManagerImpl (PipelineManagerImpl.java:closePipeline(342)) - Pipeline Pipeline[ Id: 5ecef51f-4e59-4141-a865-d0bf975ceda1, Nodes: 69929a81-75b5-4e59-a9cb-c7e6f0fb6fd6{ip: 10.1.0.59, host: fv-az297-361.nmf1rxwemy4u5di1sxxf4ejcwb.jx.internal.cloudapp.net, ports: [REPLICATION=46479, RATIS=40555, RATIS_ADMIN=40555, RATIS_SERVER=40555, STANDALONE=34613], networkLocation: /default-rack, certSerialId: null, persistedOpState: IN_SERVICE, persistedOpStateExpiryEpochSec: 0}f6edce37-208d-40f1-ab7e-323414b00593{ip: 10.1.0.59, host: fv-az297-361.nmf1rxwemy4u5di1sxxf4ejcwb.jx.internal.cloudapp.net, ports: [REPLICATION=37231, RATIS=35829, RATIS_ADMIN=35829, RATIS_SERVER=35829, STANDALONE=34061], networkLocation: /default-rack, certSerialId: null, persistedOpState: IN_SERVICE, persistedOpStateExpiryEpochSec: 0}8094cd77-30c2-47d7-ab82-7abee48b2f8b{ip: 10.1.0.59, host: fv-az297-361.nmf1rxwemy4u5di1sxxf4ejcwb.jx.internal.cloudapp.net, ports: [REPLICATION=39463, RATIS=44663, RATIS_ADMIN=44663, RATIS_SERVER=44663, STANDALONE=42885], networkLocation: /default-rack, certSerialId: null, persistedOpState: IN_SERVICE, persistedOpStateExpiryEpochSec: 0}, ReplicationConfig: RATIS/THREE, State:ALLOCATED, leaderId:69929a81-75b5-4e59-a9cb-c7e6f0fb6fd6, CreationTimestamp2021-10-12T06:06:28.514Z[Etc/UTC]] moved to CLOSED state
2021-10-12 06:06:40,116 [grpc-default-executor-4] WARN  server.GrpcLogAppender (LogUtils.java:warn(122)) - 69929a81-75b5-4e59-a9cb-c7e6f0fb6fd6@group-D0BF975CEDA1->f6edce37-208d-40f1-ab7e-323414b00593-AppendLogResponseHandler: Failed appendEntries: org.apache.ratis.thirdparty.io.grpc.StatusRuntimeException: UNAVAILABLE: io exception
2021-10-12 06:06:40,116 [grpc-default-executor-4] WARN  server.GrpcLogAppender (GrpcLogAppender.java:resetClient(111)) - 69929a81-75b5-4e59-a9cb-c7e6f0fb6fd6@group-D0BF975CEDA1->f6edce37-208d-40f1-ab7e-323414b00593-GrpcLogAppender: Leader has not got in touch with Follower 69929a81-75b5-4e59-a9cb-c7e6f0fb6fd6@group-D0BF975CEDA1->f6edce37-208d-40f1-ab7e-323414b00593(c-1,m0,n1, attendVote=true, lastRpcSendTime=2529, lastRpcResponseTime=10336) yet, just keep nextIndex unchanged and retry.
2021-10-12 06:06:40,187 [grpc-default-executor-4] WARN  server.GrpcLogAppender (LogUtils.java:warn(122)) - fdd2c237-e414-4605-b3b4-833d5e073368@group-C2C9DE719BAF->1a275f92-aa29-4e99-8b54-16510abadaea-AppendLogResponseHandler: Failed appendEntries: org.apache.ratis.thirdparty.io.grpc.StatusRuntimeException: UNAVAILABLE: io exception
2021-10-12 06:06:40,187 [grpc-default-executor-4] WARN  server.GrpcLogAppender (GrpcLogAppender.java:resetClient(111)) - fdd2c237-e414-4605-b3b4-833d5e073368@group-C2C9DE719BAF->1a275f92-aa29-4e99-8b54-16510abadaea-GrpcLogAppender: Leader has not got in touch with Follower fdd2c237-e414-4605-b3b4-833d5e073368@group-C2C9DE719BAF->1a275f92-aa29-4e99-8b54-16510abadaea(c0,m0,n1, attendVote=true, lastRpcSendTime=2539, lastRpcResponseTime=7633) yet, just keep nextIndex unchanged and retry.
2021-10-12 06:06:40,324 [grpc-default-executor-1] WARN  server.GrpcLogAppender (LogUtils.java:warn(122)) - fd6d4eb7-d4eb-4c85-951f-7fa23d5c4e33@group-C5477E2A5DAB->1a275f92-aa29-4e99-8b54-16510abadaea-AppendLogResponseHandler: Failed appendEntries: org.apache.ratis.thirdparty.io.grpc.StatusRuntimeException: UNAVAILABLE: io exception
2021-10-12 06:06:40,325 [grpc-default-executor-1] WARN  server.GrpcLogAppender (GrpcLogAppender.java:resetClient(111)) - fd6d4eb7-d4eb-4c85-951f-7fa23d5c4e33@group-C5477E2A5DAB->1a275f92-aa29-4e99-8b54-16510abadaea-GrpcLogAppender: Leader has not got in touch with Follower fd6d4eb7-d4eb-4c85-951f-7fa23d5c4e33@group-C5477E2A5DAB->1a275f92-aa29-4e99-8b54-16510abadaea(c0,m0,n1, attendVote=true, lastRpcSendTime=2515, lastRpcResponseTime=7540) yet, just keep nextIndex unchanged and retry.
2021-10-12 06:06:40,370 [8094cd77-30c2-47d7-ab82-7abee48b2f8b@group-D184F90DD9F3-FollowerState] INFO  impl.FollowerState (FollowerState.java:run(134)) - 8094cd77-30c2-47d7-ab82-7abee48b2f8b@group-D184F90DD9F3-FollowerState: change to CANDIDATE, lastRpcElapsedTime:5123665201ns, electionTimeout:5119ms
2021-10-12 06:06:40,370 [8094cd77-30c2-47d7-ab82-7abee48b2f8b@group-D184F90DD9F3-FollowerState] INFO  impl.RoleInfo (RoleInfo.java:shutdownFollowerState(108)) - 8094cd77-30c2-47d7-ab82-7abee48b2f8b: shutdown 8094cd77-30c2-47d7-ab82-7abee48b2f8b@group-D184F90DD9F3-FollowerState
2021-10-12 06:06:40,370 [8094cd77-30c2-47d7-ab82-7abee48b2f8b@group-D184F90DD9F3-FollowerState] INFO  server.RaftServer$Division (RaftServerImpl.java:setRole(285)) - 8094cd77-30c2-47d7-ab82-7abee48b2f8b@group-D184F90DD9F3: changes role from  FOLLOWER to CANDIDATE at term 1 for changeToCandidate
2021-10-12 06:06:40,370 [8094cd77-30c2-47d7-ab82-7abee48b2f8b@group-D184F90DD9F3-FollowerState] INFO  server.RaftServerConfigKeys (ConfUtils.java:logGet(44)) - raft.server.leaderelection.pre-vote = false (custom)
2021-10-12 06:06:40,370 [8094cd77-30c2-47d7-ab82-7abee48b2f8b@group-D184F90DD9F3-FollowerState] INFO  impl.RoleInfo (RoleInfo.java:updateAndGet(130)) - 8094cd77-30c2-47d7-ab82-7abee48b2f8b: start 8094cd77-30c2-47d7-ab82-7abee48b2f8b@group-D184F90DD9F3-LeaderElection112
2021-10-12 06:06:40,414 [8094cd77-30c2-47d7-ab82-7abee48b2f8b@group-D184F90DD9F3-LeaderElection112] INFO  impl.LeaderElection (LeaderElection.java:askForVotes(306)) - 8094cd77-30c2-47d7-ab82-7abee48b2f8b@group-D184F90DD9F3-LeaderElection112 ELECTION round 0: submit vote requests at term 2 for -1: [a928fc34-d4b3-4f47-b859-83818f25ed6e|rpc:10.1.0.59:35709|dataStream:|priority:0, 8094cd77-30c2-47d7-ab82-7abee48b2f8b|rpc:10.1.0.59:44663|dataStream:|priority:1, f6edce37-208d-40f1-ab7e-323414b00593|rpc:10.1.0.59:35829|dataStream:|priority:0], old=null
2021-10-12 06:06:40,424 [grpc-default-executor-4] INFO  server.RaftServer$Division (RaftServerImpl.java:requestVote(1043)) - a928fc34-d4b3-4f47-b859-83818f25ed6e@group-D184F90DD9F3: receive requestVote(ELECTION, 8094cd77-30c2-47d7-ab82-7abee48b2f8b, group-D184F90DD9F3, 2, (t:0, i:0))
2021-10-12 06:06:40,424 [grpc-default-executor-4] INFO  impl.VoteContext (VoteContext.java:log(48)) - a928fc34-d4b3-4f47-b859-83818f25ed6e@group-D184F90DD9F3-FOLLOWER: accept ELECTION from 8094cd77-30c2-47d7-ab82-7abee48b2f8b: our priority 0 <= candidate's priority 1
2021-10-12 06:06:40,424 [grpc-default-executor-4] INFO  server.RaftServer$Division (RaftServerImpl.java:setRole(285)) - a928fc34-d4b3-4f47-b859-83818f25ed6e@group-D184F90DD9F3: changes role from  FOLLOWER to FOLLOWER at term 2 for candidate:8094cd77-30c2-47d7-ab82-7abee48b2f8b
2021-10-12 06:06:40,424 [grpc-default-executor-4] INFO  impl.RoleInfo (RoleInfo.java:shutdownFollowerState(108)) - a928fc34-d4b3-4f47-b859-83818f25ed6e: shutdown a928fc34-d4b3-4f47-b859-83818f25ed6e@group-D184F90DD9F3-FollowerState
2021-10-12 06:06:40,440 [a928fc34-d4b3-4f47-b859-83818f25ed6e@group-D184F90DD9F3-FollowerState] INFO  impl.FollowerState (FollowerState.java:run(143)) - a928fc34-d4b3-4f47-b859-83818f25ed6e@group-D184F90DD9F3-FollowerState was interrupted: {}
java.lang.InterruptedException: sleep interrupted
	at java.lang.Thread.sleep(Native Method)
	at java.lang.Thread.sleep(Thread.java:340)
	at java.util.concurrent.TimeUnit.sleep(TimeUnit.java:386)
	at org.apache.ratis.util.TimeDuration.sleep(TimeDuration.java:324)
	at org.apache.ratis.util.TimeDuration.sleep(TimeDuration.java:309)
	at org.apache.ratis.server.impl.FollowerState.run(FollowerState.java:118)
2021-10-12 06:06:40,440 [grpc-default-executor-4] INFO  impl.RoleInfo (RoleInfo.java:updateAndGet(130)) - a928fc34-d4b3-4f47-b859-83818f25ed6e: start a928fc34-d4b3-4f47-b859-83818f25ed6e@group-D184F90DD9F3-FollowerState
2021-10-12 06:06:40,461 [grpc-default-executor-4] INFO  server.RaftServer$Division (RaftServerImpl.java:requestVote(1075)) - a928fc34-d4b3-4f47-b859-83818f25ed6e@group-D184F90DD9F3 replies to ELECTION vote request: 8094cd77-30c2-47d7-ab82-7abee48b2f8b<-a928fc34-d4b3-4f47-b859-83818f25ed6e#0:OK-t2. Peer's state: a928fc34-d4b3-4f47-b859-83818f25ed6e@group-D184F90DD9F3:t2, leader=null, voted=8094cd77-30c2-47d7-ab82-7abee48b2f8b, raftlog=a928fc34-d4b3-4f47-b859-83818f25ed6e@group-D184F90DD9F3-SegmentedRaftLog:OPENED:c-1,f-1,i0, conf=-1: [a928fc34-d4b3-4f47-b859-83818f25ed6e|rpc:10.1.0.59:35709|dataStream:|priority:0, 8094cd77-30c2-47d7-ab82-7abee48b2f8b|rpc:10.1.0.59:44663|dataStream:|priority:1, f6edce37-208d-40f1-ab7e-323414b00593|rpc:10.1.0.59:35829|dataStream:|priority:0], old=null
2021-10-12 06:06:40,461 [8094cd77-30c2-47d7-ab82-7abee48b2f8b@group-D184F90DD9F3-LeaderElection112] INFO  impl.LeaderElection (LeaderElection.java:logAndReturn(89)) - 8094cd77-30c2-47d7-ab82-7abee48b2f8b@group-D184F90DD9F3-LeaderElection112: ELECTION PASSED received 1 response(s) and 0 exception(s):
2021-10-12 06:06:40,461 [8094cd77-30c2-47d7-ab82-7abee48b2f8b@group-D184F90DD9F3-LeaderElection112] INFO  impl.LeaderElection (LeaderElection.java:logAndReturn(93)) -   Response 0: 8094cd77-30c2-47d7-ab82-7abee48b2f8b<-a928fc34-d4b3-4f47-b859-83818f25ed6e#0:OK-t2
2021-10-12 06:06:40,461 [8094cd77-30c2-47d7-ab82-7abee48b2f8b@group-D184F90DD9F3-LeaderElection112] INFO  impl.LeaderElection (LeaderElection.java:askForVotes(308)) - 8094cd77-30c2-47d7-ab82-7abee48b2f8b@group-D184F90DD9F3-LeaderElection112 ELECTION round 0: result PASSED
2021-10-12 06:06:40,461 [8094cd77-30c2-47d7-ab82-7abee48b2f8b@group-D184F90DD9F3-LeaderElection112] INFO  impl.RoleInfo (RoleInfo.java:shutdownLeaderElection(121)) - 8094cd77-30c2-47d7-ab82-7abee48b2f8b: shutdown 8094cd77-30c2-47d7-ab82-7abee48b2f8b@group-D184F90DD9F3-LeaderElection112
2021-10-12 06:06:40,461 [8094cd77-30c2-47d7-ab82-7abee48b2f8b@group-D184F90DD9F3-LeaderElection112] INFO  server.RaftServer$Division (RaftServerImpl.java:setRole(285)) - 8094cd77-30c2-47d7-ab82-7abee48b2f8b@group-D184F90DD9F3: changes role from CANDIDATE to LEADER at term 2 for changeToLeader
2021-10-12 06:06:40,461 [8094cd77-30c2-47d7-ab82-7abee48b2f8b@group-D184F90DD9F3-LeaderElection112] INFO  ratis.XceiverServerRatis (XceiverServerRatis.java:handleLeaderChangedNotification(861)) - Leader change notification received for group: group-D184F90DD9F3 with new leaderId: 8094cd77-30c2-47d7-ab82-7abee48b2f8b
2021-10-12 06:06:40,462 [8094cd77-30c2-47d7-ab82-7abee48b2f8b@group-D184F90DD9F3-LeaderElection112] INFO  server.RaftServer$Division (ServerState.java:setLeader(285)) - 8094cd77-30c2-47d7-ab82-7abee48b2f8b@group-D184F90DD9F3: change Leader from null to 8094cd77-30c2-47d7-ab82-7abee48b2f8b at term 2 for becomeLeader, leader elected after 10624ms
2021-10-12 06:06:40,462 [8094cd77-30c2-47d7-ab82-7abee48b2f8b@group-D184F90DD9F3-LeaderElection112] INFO  server.RaftServerConfigKeys (ConfUtils.java:logGet(44)) - raft.server.staging.catchup.gap = 1000 (default)
2021-10-12 06:06:40,462 [8094cd77-30c2-47d7-ab82-7abee48b2f8b@group-D184F90DD9F3-LeaderElection112] INFO  server.RaftServerConfigKeys (ConfUtils.java:logGet(44)) - raft.server.write.element-limit = 1024 (custom)
2021-10-12 06:06:40,462 [8094cd77-30c2-47d7-ab82-7abee48b2f8b@group-D184F90DD9F3-LeaderElection112] INFO  server.RaftServerConfigKeys (ConfUtils.java:logGet(44)) - raft.server.write.byte-limit = 1024 M (=1073741824) (custom)
2021-10-12 06:06:40,462 [8094cd77-30c2-47d7-ab82-7abee48b2f8b@group-D184F90DD9F3-LeaderElection112] INFO  server.RaftServerConfigKeys (ConfUtils.java:logGet(44)) - raft.server.watch.timeout = 3000ms (custom)
2021-10-12 06:06:40,462 [8094cd77-30c2-47d7-ab82-7abee48b2f8b@group-D184F90DD9F3-LeaderElection112] INFO  server.RaftServerConfigKeys (ConfUtils.java:logGet(44)) - raft.server.watch.timeout.denomination = 1s (default)
2021-10-12 06:06:40,463 [8094cd77-30c2-47d7-ab82-7abee48b2f8b@group-D184F90DD9F3-LeaderElection112] INFO  server.RaftServerConfigKeys (ConfUtils.java:logGet(44)) - raft.server.watch.element-limit = 65536 (default)
2021-10-12 06:06:40,463 [8094cd77-30c2-47d7-ab82-7abee48b2f8b@group-D184F90DD9F3-LeaderElection112] INFO  server.RaftServerConfigKeys (ConfUtils.java:logGet(44)) - raft.server.log.appender.snapshot.chunk.size.max = 16MB (=16777216) (default)
2021-10-12 06:06:40,463 [8094cd77-30c2-47d7-ab82-7abee48b2f8b@group-D184F90DD9F3-LeaderElection112] INFO  server.RaftServerConfigKeys (ConfUtils.java:logGet(44)) - raft.server.log.appender.buffer.byte-limit = 33554432 (custom)
2021-10-12 06:06:40,463 [8094cd77-30c2-47d7-ab82-7abee48b2f8b@group-D184F90DD9F3-LeaderElection112] INFO  server.RaftServerConfigKeys (ConfUtils.java:logGet(44)) - raft.server.log.appender.buffer.element-limit = 1 (custom)
2021-10-12 06:06:40,463 [8094cd77-30c2-47d7-ab82-7abee48b2f8b@group-D184F90DD9F3-LeaderElection112] INFO  grpc.GrpcConfigKeys (ConfUtils.java:logGet(44)) - raft.grpc.server.leader.outstanding.appends.max = 128 (default)
2021-10-12 06:06:40,463 [8094cd77-30c2-47d7-ab82-7abee48b2f8b@group-D184F90DD9F3-LeaderElection112] INFO  server.RaftServerConfigKeys (ConfUtils.java:logGet(44)) - raft.server.rpc.request.timeout = 3000ms (default)
2021-10-12 06:06:40,463 [8094cd77-30c2-47d7-ab82-7abee48b2f8b@group-D184F90DD9F3-LeaderElection112] INFO  server.RaftServerConfigKeys (ConfUtils.java:logGet(44)) - raft.server.log.appender.install.snapshot.enabled = false (custom)
2021-10-12 06:06:40,464 [8094cd77-30c2-47d7-ab82-7abee48b2f8b@group-D184F90DD9F3-LeaderElection112] INFO  server.RaftServerConfigKeys (ConfUtils.java:logGet(44)) - raft.server.log.appender.snapshot.chunk.size.max = 16MB (=16777216) (default)
2021-10-12 06:06:40,464 [8094cd77-30c2-47d7-ab82-7abee48b2f8b@group-D184F90DD9F3-LeaderElection112] INFO  server.RaftServerConfigKeys (ConfUtils.java:logGet(44)) - raft.server.log.appender.buffer.byte-limit = 33554432 (custom)
2021-10-12 06:06:40,464 [8094cd77-30c2-47d7-ab82-7abee48b2f8b@group-D184F90DD9F3-LeaderElection112] INFO  server.RaftServerConfigKeys (ConfUtils.java:logGet(44)) - raft.server.log.appender.buffer.element-limit = 1 (custom)
2021-10-12 06:06:40,464 [8094cd77-30c2-47d7-ab82-7abee48b2f8b@group-D184F90DD9F3-LeaderElection112] INFO  grpc.GrpcConfigKeys (ConfUtils.java:logGet(44)) - raft.grpc.server.leader.outstanding.appends.max = 128 (default)
2021-10-12 06:06:40,464 [8094cd77-30c2-47d7-ab82-7abee48b2f8b@group-D184F90DD9F3-LeaderElection112] INFO  server.RaftServerConfigKeys (ConfUtils.java:logGet(44)) - raft.server.rpc.request.timeout = 3000ms (default)
2021-10-12 06:06:40,464 [8094cd77-30c2-47d7-ab82-7abee48b2f8b@group-D184F90DD9F3-LeaderElection112] INFO  server.RaftServerConfigKeys (ConfUtils.java:logGet(44)) - raft.server.log.appender.install.snapshot.enabled = false (custom)
2021-10-12 06:06:40,465 [8094cd77-30c2-47d7-ab82-7abee48b2f8b@group-D184F90DD9F3-LeaderElection112] INFO  impl.RoleInfo (RoleInfo.java:updateAndGet(130)) - 8094cd77-30c2-47d7-ab82-7abee48b2f8b: start 8094cd77-30c2-47d7-ab82-7abee48b2f8b@group-D184F90DD9F3-LeaderStateImpl
2021-10-12 06:06:40,466 [8094cd77-30c2-47d7-ab82-7abee48b2f8b@group-D184F90DD9F3-LeaderElection112] INFO  segmented.SegmentedRaftLogWorker (SegmentedRaftLogWorker.java:startLogSegment(394)) - 8094cd77-30c2-47d7-ab82-7abee48b2f8b@group-D184F90DD9F3-SegmentedRaftLogWorker: Starting segment from index:0
2021-10-12 06:06:40,468 [8094cd77-30c2-47d7-ab82-7abee48b2f8b@group-D184F90DD9F3-SegmentedRaftLogWorker] INFO  segmented.SegmentedRaftLogWorker (SegmentedRaftLogWorker.java:execute(601)) - 8094cd77-30c2-47d7-ab82-7abee48b2f8b@group-D184F90DD9F3-SegmentedRaftLogWorker: created new log segment /home/runner/work/ozone/ozone/hadoop-ozone/integration-test/target/test-dir/MiniOzoneClusterImpl-c6dc50ab-6fac-4554-b78d-9440f3e38bfb/datanode-6/data/ratis/8f317fee-cc95-4c93-953a-d184f90dd9f3/current/log_inprogress_0
2021-10-12 06:06:40,496 [grpc-default-executor-3] INFO  ratis.XceiverServerRatis (XceiverServerRatis.java:handleLeaderChangedNotification(861)) - Leader change notification received for group: group-D184F90DD9F3 with new leaderId: 8094cd77-30c2-47d7-ab82-7abee48b2f8b
2021-10-12 06:06:40,496 [grpc-default-executor-3] INFO  server.RaftServer$Division (ServerState.java:setLeader(285)) - a928fc34-d4b3-4f47-b859-83818f25ed6e@group-D184F90DD9F3: change Leader from null to 8094cd77-30c2-47d7-ab82-7abee48b2f8b at term 2 for appendEntries, leader elected after 10733ms
2021-10-12 06:06:40,543 [grpc-default-executor-3] INFO  server.RaftServer$Division (ServerState.java:setRaftConf(387)) - a928fc34-d4b3-4f47-b859-83818f25ed6e@group-D184F90DD9F3: set configuration 0: [a928fc34-d4b3-4f47-b859-83818f25ed6e|rpc:10.1.0.59:35709|dataStream:|priority:0, 8094cd77-30c2-47d7-ab82-7abee48b2f8b|rpc:10.1.0.59:44663|dataStream:|priority:1, f6edce37-208d-40f1-ab7e-323414b00593|rpc:10.1.0.59:35829|dataStream:|priority:0], old=null
2021-10-12 06:06:40,543 [grpc-default-executor-3] INFO  segmented.SegmentedRaftLogWorker (SegmentedRaftLogWorker.java:startLogSegment(394)) - a928fc34-d4b3-4f47-b859-83818f25ed6e@group-D184F90DD9F3-SegmentedRaftLogWorker: Starting segment from index:0
2021-10-12 06:06:40,544 [8094cd77-30c2-47d7-ab82-7abee48b2f8b@group-D184F90DD9F3-LeaderElection112] INFO  server.RaftServer$Division (ServerState.java:setRaftConf(387)) - 8094cd77-30c2-47d7-ab82-7abee48b2f8b@group-D184F90DD9F3: set configuration 0: [a928fc34-d4b3-4f47-b859-83818f25ed6e|rpc:10.1.0.59:35709|dataStream:|priority:0, 8094cd77-30c2-47d7-ab82-7abee48b2f8b|rpc:10.1.0.59:44663|dataStream:|priority:1, f6edce37-208d-40f1-ab7e-323414b00593|rpc:10.1.0.59:35829|dataStream:|priority:0], old=null
2021-10-12 06:06:40,545 [a928fc34-d4b3-4f47-b859-83818f25ed6e@group-D184F90DD9F3-SegmentedRaftLogWorker] INFO  segmented.SegmentedRaftLogWorker (SegmentedRaftLogWorker.java:execute(601)) - a928fc34-d4b3-4f47-b859-83818f25ed6e@group-D184F90DD9F3-SegmentedRaftLogWorker: created new log segment /home/runner/work/ozone/ozone/hadoop-ozone/integration-test/target/test-dir/MiniOzoneClusterImpl-c6dc50ab-6fac-4554-b78d-9440f3e38bfb/datanode-2/data/ratis/8f317fee-cc95-4c93-953a-d184f90dd9f3/current/log_inprogress_0
2021-10-12 06:06:40,578 [grpc-default-executor-3] WARN  server.GrpcLogAppender (LogUtils.java:warn(122)) - 8094cd77-30c2-47d7-ab82-7abee48b2f8b@group-D184F90DD9F3->f6edce37-208d-40f1-ab7e-323414b00593-AppendLogResponseHandler: Failed appendEntries: org.apache.ratis.thirdparty.io.grpc.StatusRuntimeException: UNAVAILABLE: io exception
2021-10-12 06:06:40,579 [grpc-default-executor-3] WARN  server.GrpcLogAppender (GrpcLogAppender.java:resetClient(111)) - 8094cd77-30c2-47d7-ab82-7abee48b2f8b@group-D184F90DD9F3->f6edce37-208d-40f1-ab7e-323414b00593-GrpcLogAppender: Leader has not got in touch with Follower 8094cd77-30c2-47d7-ab82-7abee48b2f8b@group-D184F90DD9F3->f6edce37-208d-40f1-ab7e-323414b00593(c-1,m0,n0, attendVote=true, lastRpcSendTime=5316, lastRpcResponseTime=5316) yet, just keep nextIndex unchanged and retry.
2021-10-12 06:06:40,579 [grpc-default-executor-3] WARN  server.GrpcLogAppender (LogUtils.java:warn(122)) - 8094cd77-30c2-47d7-ab82-7abee48b2f8b@group-D184F90DD9F3->f6edce37-208d-40f1-ab7e-323414b00593-AppendLogResponseHandler: Failed appendEntries: org.apache.ratis.thirdparty.io.grpc.StatusRuntimeException: UNAVAILABLE: io exception
2021-10-12 06:06:40,579 [grpc-default-executor-3] WARN  server.GrpcLogAppender (GrpcLogAppender.java:resetClient(111)) - 8094cd77-30c2-47d7-ab82-7abee48b2f8b@group-D184F90DD9F3->f6edce37-208d-40f1-ab7e-323414b00593-GrpcLogAppender: Leader has not got in touch with Follower 8094cd77-30c2-47d7-ab82-7abee48b2f8b@group-D184F90DD9F3->f6edce37-208d-40f1-ab7e-323414b00593(c-1,m0,n1, attendVote=true, lastRpcSendTime=0, lastRpcResponseTime=5316) yet, just keep nextIndex unchanged and retry.
2021-10-12 06:06:40,676 [a928fc34-d4b3-4f47-b859-83818f25ed6e@group-510924D56746-FollowerState] INFO  impl.FollowerState (FollowerState.java:run(134)) - a928fc34-d4b3-4f47-b859-83818f25ed6e@group-510924D56746-FollowerState: change to CANDIDATE, lastRpcElapsedTime:5085339428ns, electionTimeout:5027ms
2021-10-12 06:06:40,676 [a928fc34-d4b3-4f47-b859-83818f25ed6e@group-510924D56746-FollowerState] INFO  impl.RoleInfo (RoleInfo.java:shutdownFollowerState(108)) - a928fc34-d4b3-4f47-b859-83818f25ed6e: shutdown a928fc34-d4b3-4f47-b859-83818f25ed6e@group-510924D56746-FollowerState
2021-10-12 06:06:40,676 [a928fc34-d4b3-4f47-b859-83818f25ed6e@group-510924D56746-FollowerState] INFO  server.RaftServer$Division (RaftServerImpl.java:setRole(285)) - a928fc34-d4b3-4f47-b859-83818f25ed6e@group-510924D56746: changes role from  FOLLOWER to CANDIDATE at term 1 for changeToCandidate
2021-10-12 06:06:40,676 [a928fc34-d4b3-4f47-b859-83818f25ed6e@group-510924D56746-FollowerState] INFO  server.RaftServerConfigKeys (ConfUtils.java:logGet(44)) - raft.server.leaderelection.pre-vote = false (custom)
2021-10-12 06:06:40,676 [a928fc34-d4b3-4f47-b859-83818f25ed6e@group-510924D56746-FollowerState] INFO  impl.RoleInfo (RoleInfo.java:updateAndGet(130)) - a928fc34-d4b3-4f47-b859-83818f25ed6e: start a928fc34-d4b3-4f47-b859-83818f25ed6e@group-510924D56746-LeaderElection113
2021-10-12 06:06:40,688 [8094cd77-30c2-47d7-ab82-7abee48b2f8b@group-1D5C0641F7B2-FollowerState] INFO  impl.FollowerState (FollowerState.java:run(134)) - 8094cd77-30c2-47d7-ab82-7abee48b2f8b@group-1D5C0641F7B2-FollowerState: change to CANDIDATE, lastRpcElapsedTime:5034504009ns, electionTimeout:5027ms
2021-10-12 06:06:40,688 [8094cd77-30c2-47d7-ab82-7abee48b2f8b@group-1D5C0641F7B2-FollowerState] INFO  impl.RoleInfo (RoleInfo.java:shutdownFollowerState(108)) - 8094cd77-30c2-47d7-ab82-7abee48b2f8b: shutdown 8094cd77-30c2-47d7-ab82-7abee48b2f8b@group-1D5C0641F7B2-FollowerState
2021-10-12 06:06:40,688 [8094cd77-30c2-47d7-ab82-7abee48b2f8b@group-1D5C0641F7B2-FollowerState] INFO  server.RaftServer$Division (RaftServerImpl.java:setRole(285)) - 8094cd77-30c2-47d7-ab82-7abee48b2f8b@group-1D5C0641F7B2: changes role from  FOLLOWER to CANDIDATE at term 1 for changeToCandidate
2021-10-12 06:06:40,710 [8094cd77-30c2-47d7-ab82-7abee48b2f8b@group-1D5C0641F7B2-FollowerState] INFO  server.RaftServerConfigKeys (ConfUtils.java:logGet(44)) - raft.server.leaderelection.pre-vote = false (custom)
2021-10-12 06:06:40,710 [8094cd77-30c2-47d7-ab82-7abee48b2f8b@group-1D5C0641F7B2-FollowerState] INFO  impl.RoleInfo (RoleInfo.java:updateAndGet(130)) - 8094cd77-30c2-47d7-ab82-7abee48b2f8b: start 8094cd77-30c2-47d7-ab82-7abee48b2f8b@group-1D5C0641F7B2-LeaderElection114
2021-10-12 06:06:40,712 [a928fc34-d4b3-4f47-b859-83818f25ed6e@group-510924D56746-LeaderElection113] INFO  impl.LeaderElection (LeaderElection.java:askForVotes(306)) - a928fc34-d4b3-4f47-b859-83818f25ed6e@group-510924D56746-LeaderElection113 ELECTION round 0: submit vote requests at term 2 for -1: [69929a81-75b5-4e59-a9cb-c7e6f0fb6fd6|rpc:10.1.0.59:40555|priority:0, a928fc34-d4b3-4f47-b859-83818f25ed6e|rpc:10.1.0.59:35709|priority:1, f6edce37-208d-40f1-ab7e-323414b00593|rpc:10.1.0.59:35829|priority:0], old=null
2021-10-12 06:06:40,735 [8094cd77-30c2-47d7-ab82-7abee48b2f8b@group-1D5C0641F7B2-LeaderElection114] INFO  impl.LeaderElection (LeaderElection.java:askForVotes(306)) - 8094cd77-30c2-47d7-ab82-7abee48b2f8b@group-1D5C0641F7B2-LeaderElection114 ELECTION round 0: submit vote requests at term 2 for -1: [69929a81-75b5-4e59-a9cb-c7e6f0fb6fd6|rpc:10.1.0.59:40555|dataStream:|priority:0, a928fc34-d4b3-4f47-b859-83818f25ed6e|rpc:10.1.0.59:35709|dataStream:|priority:0, 8094cd77-30c2-47d7-ab82-7abee48b2f8b|rpc:10.1.0.59:44663|dataStream:|priority:1], old=null
2021-10-12 06:06:40,763 [grpc-default-executor-3] INFO  server.RaftServer$Division (RaftServerImpl.java:requestVote(1043)) - 69929a81-75b5-4e59-a9cb-c7e6f0fb6fd6@group-510924D56746: receive requestVote(ELECTION, a928fc34-d4b3-4f47-b859-83818f25ed6e, group-510924D56746, 2, (t:0, i:0))
2021-10-12 06:06:40,763 [grpc-default-executor-3] INFO  impl.VoteContext (VoteContext.java:log(48)) - 69929a81-75b5-4e59-a9cb-c7e6f0fb6fd6@group-510924D56746-FOLLOWER: accept ELECTION from a928fc34-d4b3-4f47-b859-83818f25ed6e: our priority 0 <= candidate's priority 1
2021-10-12 06:06:40,763 [grpc-default-executor-3] INFO  server.RaftServer$Division (RaftServerImpl.java:setRole(285)) - 69929a81-75b5-4e59-a9cb-c7e6f0fb6fd6@group-510924D56746: changes role from  FOLLOWER to FOLLOWER at term 2 for candidate:a928fc34-d4b3-4f47-b859-83818f25ed6e
2021-10-12 06:06:40,763 [grpc-default-executor-3] INFO  impl.RoleInfo (RoleInfo.java:shutdownFollowerState(108)) - 69929a81-75b5-4e59-a9cb-c7e6f0fb6fd6: shutdown 69929a81-75b5-4e59-a9cb-c7e6f0fb6fd6@group-510924D56746-FollowerState
2021-10-12 06:06:40,773 [a928fc34-d4b3-4f47-b859-83818f25ed6e@group-1D5C0641F7B2-FollowerState] INFO  impl.FollowerState (FollowerState.java:run(134)) - a928fc34-d4b3-4f47-b859-83818f25ed6e@group-1D5C0641F7B2-FollowerState: change to CANDIDATE, lastRpcElapsedTime:5164800993ns, electionTimeout:5147ms
2021-10-12 06:06:40,773 [a928fc34-d4b3-4f47-b859-83818f25ed6e@group-1D5C0641F7B2-FollowerState] INFO  impl.RoleInfo (RoleInfo.java:shutdownFollowerState(108)) - a928fc34-d4b3-4f47-b859-83818f25ed6e: shutdown a928fc34-d4b3-4f47-b859-83818f25ed6e@group-1D5C0641F7B2-FollowerState
2021-10-12 06:06:40,773 [a928fc34-d4b3-4f47-b859-83818f25ed6e@group-1D5C0641F7B2-FollowerState] INFO  server.RaftServer$Division (RaftServerImpl.java:setRole(285)) - a928fc34-d4b3-4f47-b859-83818f25ed6e@group-1D5C0641F7B2: changes role from  FOLLOWER to CANDIDATE at term 1 for changeToCandidate
2021-10-12 06:06:40,790 [69929a81-75b5-4e59-a9cb-c7e6f0fb6fd6@group-510924D56746-FollowerState] INFO  impl.FollowerState (FollowerState.java:run(127)) - 69929a81-75b5-4e59-a9cb-c7e6f0fb6fd6@group-510924D56746-FollowerState: Stopping now (isRunning? false, isFollower? true)
2021-10-12 06:06:40,792 [69929a81-75b5-4e59-a9cb-c7e6f0fb6fd6@group-1D5C0641F7B2-FollowerState] INFO  impl.FollowerState (FollowerState.java:run(134)) - 69929a81-75b5-4e59-a9cb-c7e6f0fb6fd6@group-1D5C0641F7B2-FollowerState: change to CANDIDATE, lastRpcElapsedTime:5178107155ns, electionTimeout:5162ms
2021-10-12 06:06:40,792 [69929a81-75b5-4e59-a9cb-c7e6f0fb6fd6@group-1D5C0641F7B2-FollowerState] INFO  impl.RoleInfo (RoleInfo.java:shutdownFollowerState(108)) - 69929a81-75b5-4e59-a9cb-c7e6f0fb6fd6: shutdown 69929a81-75b5-4e59-a9cb-c7e6f0fb6fd6@group-1D5C0641F7B2-FollowerState
2021-10-12 06:06:40,792 [69929a81-75b5-4e59-a9cb-c7e6f0fb6fd6@group-1D5C0641F7B2-FollowerState] INFO  server.RaftServer$Division (RaftServerImpl.java:setRole(285)) - 69929a81-75b5-4e59-a9cb-c7e6f0fb6fd6@group-1D5C0641F7B2: changes role from  FOLLOWER to CANDIDATE at term 1 for changeToCandidate
2021-10-12 06:06:40,801 [grpc-default-executor-1] INFO  server.RaftServer$Division (RaftServerImpl.java:requestVote(1043)) - 69929a81-75b5-4e59-a9cb-c7e6f0fb6fd6@group-1D5C0641F7B2: receive requestVote(ELECTION, 8094cd77-30c2-47d7-ab82-7abee48b2f8b, group-1D5C0641F7B2, 2, (t:0, i:0))
2021-10-12 06:06:40,826 [grpc-default-executor-3] INFO  impl.RoleInfo (RoleInfo.java:updateAndGet(130)) - 69929a81-75b5-4e59-a9cb-c7e6f0fb6fd6: start 69929a81-75b5-4e59-a9cb-c7e6f0fb6fd6@group-510924D56746-FollowerState
2021-10-12 06:06:40,827 [grpc-default-executor-4] INFO  server.RaftServer$Division (RaftServerImpl.java:requestVote(1043)) - a928fc34-d4b3-4f47-b859-83818f25ed6e@group-1D5C0641F7B2: receive requestVote(ELECTION, 8094cd77-30c2-47d7-ab82-7abee48b2f8b, group-1D5C0641F7B2, 2, (t:0, i:0))
2021-10-12 06:06:40,858 [69929a81-75b5-4e59-a9cb-c7e6f0fb6fd6@group-1D5C0641F7B2-FollowerState] INFO  server.RaftServerConfigKeys (ConfUtils.java:logGet(44)) - raft.server.leaderelection.pre-vote = false (custom)
2021-10-12 06:06:40,858 [69929a81-75b5-4e59-a9cb-c7e6f0fb6fd6@group-1D5C0641F7B2-FollowerState] INFO  impl.RoleInfo (RoleInfo.java:updateAndGet(130)) - 69929a81-75b5-4e59-a9cb-c7e6f0fb6fd6: start 69929a81-75b5-4e59-a9cb-c7e6f0fb6fd6@group-1D5C0641F7B2-LeaderElection116
2021-10-12 06:06:40,864 [grpc-default-executor-3] INFO  server.RaftServer$Division (RaftServerImpl.java:requestVote(1075)) - 69929a81-75b5-4e59-a9cb-c7e6f0fb6fd6@group-510924D56746 replies to ELECTION vote request: a928fc34-d4b3-4f47-b859-83818f25ed6e<-69929a81-75b5-4e59-a9cb-c7e6f0fb6fd6#0:OK-t2. Peer's state: 69929a81-75b5-4e59-a9cb-c7e6f0fb6fd6@group-510924D56746:t2, leader=null, voted=a928fc34-d4b3-4f47-b859-83818f25ed6e, raftlog=69929a81-75b5-4e59-a9cb-c7e6f0fb6fd6@group-510924D56746-SegmentedRaftLog:OPENED:c-1,f-1,i0, conf=-1: [69929a81-75b5-4e59-a9cb-c7e6f0fb6fd6|rpc:10.1.0.59:40555|dataStream:|priority:0, a928fc34-d4b3-4f47-b859-83818f25ed6e|rpc:10.1.0.59:35709|dataStream:|priority:1, f6edce37-208d-40f1-ab7e-323414b00593|rpc:10.1.0.59:35829|dataStream:|priority:0], old=null
2021-10-12 06:06:40,873 [fd6d4eb7-d4eb-4c85-951f-7fa23d5c4e33@group-280CF83C0957-FollowerState] INFO  impl.FollowerState (FollowerState.java:run(134)) - fd6d4eb7-d4eb-4c85-951f-7fa23d5c4e33@group-280CF83C0957-FollowerState: change to CANDIDATE, lastRpcElapsedTime:8086161858ns, electionTimeout:5195ms
2021-10-12 06:06:40,873 [fd6d4eb7-d4eb-4c85-951f-7fa23d5c4e33@group-280CF83C0957-FollowerState] INFO  impl.RoleInfo (RoleInfo.java:shutdownFollowerState(108)) - fd6d4eb7-d4eb-4c85-951f-7fa23d5c4e33: shutdown fd6d4eb7-d4eb-4c85-951f-7fa23d5c4e33@group-280CF83C0957-FollowerState
2021-10-12 06:06:40,873 [fd6d4eb7-d4eb-4c85-951f-7fa23d5c4e33@group-280CF83C0957-FollowerState] INFO  server.RaftServer$Division (RaftServerImpl.java:setRole(285)) - fd6d4eb7-d4eb-4c85-951f-7fa23d5c4e33@group-280CF83C0957: changes role from  FOLLOWER to CANDIDATE at term 4 for changeToCandidate
2021-10-12 06:06:40,900 [grpc-default-executor-1] INFO  impl.VoteContext (VoteContext.java:log(48)) - 69929a81-75b5-4e59-a9cb-c7e6f0fb6fd6@group-1D5C0641F7B2-CANDIDATE: accept ELECTION from 8094cd77-30c2-47d7-ab82-7abee48b2f8b: our priority 0 <= candidate's priority 1
2021-10-12 06:06:40,900 [grpc-default-executor-1] INFO  server.RaftServer$Division (RaftServerImpl.java:setRole(285)) - 69929a81-75b5-4e59-a9cb-c7e6f0fb6fd6@group-1D5C0641F7B2: changes role from CANDIDATE to FOLLOWER at term 2 for candidate:8094cd77-30c2-47d7-ab82-7abee48b2f8b
2021-10-12 06:06:40,900 [grpc-default-executor-1] INFO  impl.RoleInfo (RoleInfo.java:shutdownLeaderElection(121)) - 69929a81-75b5-4e59-a9cb-c7e6f0fb6fd6: shutdown 69929a81-75b5-4e59-a9cb-c7e6f0fb6fd6@group-1D5C0641F7B2-LeaderElection116
2021-10-12 06:06:40,900 [grpc-default-executor-1] INFO  impl.RoleInfo (RoleInfo.java:updateAndGet(130)) - 69929a81-75b5-4e59-a9cb-c7e6f0fb6fd6: start 69929a81-75b5-4e59-a9cb-c7e6f0fb6fd6@group-1D5C0641F7B2-FollowerState
2021-10-12 06:06:40,901 [69929a81-75b5-4e59-a9cb-c7e6f0fb6fd6@group-1D5C0641F7B2-LeaderElection116] INFO  impl.LeaderElection (LeaderElection.java:run(230)) - 69929a81-75b5-4e59-a9cb-c7e6f0fb6fd6@group-1D5C0641F7B2-LeaderElection116: skip running since this is already CLOSING
2021-10-12 06:06:40,922 [a928fc34-d4b3-4f47-b859-83818f25ed6e@group-1D5C0641F7B2-FollowerState] INFO  server.RaftServerConfigKeys (ConfUtils.java:logGet(44)) - raft.server.leaderelection.pre-vote = false (custom)
2021-10-12 06:06:40,922 [a928fc34-d4b3-4f47-b859-83818f25ed6e@group-1D5C0641F7B2-FollowerState] INFO  impl.RoleInfo (RoleInfo.java:updateAndGet(130)) - a928fc34-d4b3-4f47-b859-83818f25ed6e: start a928fc34-d4b3-4f47-b859-83818f25ed6e@group-1D5C0641F7B2-LeaderElection115
2021-10-12 06:06:40,922 [a928fc34-d4b3-4f47-b859-83818f25ed6e@group-510924D56746-LeaderElection113] INFO  impl.LeaderElection (LogUtils.java:infoOrTrace(137)) - a928fc34-d4b3-4f47-b859-83818f25ed6e@group-510924D56746-LeaderElection113 got exception when requesting votes: java.util.concurrent.ExecutionException: org.apache.ratis.thirdparty.io.grpc.StatusRuntimeException: UNAVAILABLE: io exception
2021-10-12 06:06:40,923 [grpc-default-executor-1] INFO  server.RaftServer$Division (RaftServerImpl.java:requestVote(1075)) - 69929a81-75b5-4e59-a9cb-c7e6f0fb6fd6@group-1D5C0641F7B2 replies to ELECTION vote request: 8094cd77-30c2-47d7-ab82-7abee48b2f8b<-69929a81-75b5-4e59-a9cb-c7e6f0fb6fd6#0:OK-t2. Peer's state: 69929a81-75b5-4e59-a9cb-c7e6f0fb6fd6@group-1D5C0641F7B2:t2, leader=null, voted=8094cd77-30c2-47d7-ab82-7abee48b2f8b, raftlog=69929a81-75b5-4e59-a9cb-c7e6f0fb6fd6@group-1D5C0641F7B2-SegmentedRaftLog:OPENED:c-1,f-1,i0, conf=-1: [69929a81-75b5-4e59-a9cb-c7e6f0fb6fd6|rpc:10.1.0.59:40555|priority:0, a928fc34-d4b3-4f47-b859-83818f25ed6e|rpc:10.1.0.59:35709|priority:0, 8094cd77-30c2-47d7-ab82-7abee48b2f8b|rpc:10.1.0.59:44663|priority:1], old=null
2021-10-12 06:06:40,925 [grpc-default-executor-4] INFO  impl.VoteContext (VoteContext.java:log(48)) - a928fc34-d4b3-4f47-b859-83818f25ed6e@group-1D5C0641F7B2-CANDIDATE: accept ELECTION from 8094cd77-30c2-47d7-ab82-7abee48b2f8b: our priority 0 <= candidate's priority 1
2021-10-12 06:06:40,926 [grpc-default-executor-4] INFO  server.RaftServer$Division (RaftServerImpl.java:setRole(285)) - a928fc34-d4b3-4f47-b859-83818f25ed6e@group-1D5C0641F7B2: changes role from CANDIDATE to FOLLOWER at term 2 for candidate:8094cd77-30c2-47d7-ab82-7abee48b2f8b
2021-10-12 06:06:40,926 [grpc-default-executor-4] INFO  impl.RoleInfo (RoleInfo.java:shutdownLeaderElection(121)) - a928fc34-d4b3-4f47-b859-83818f25ed6e: shutdown a928fc34-d4b3-4f47-b859-83818f25ed6e@group-1D5C0641F7B2-LeaderElection115
2021-10-12 06:06:40,926 [grpc-default-executor-4] INFO  impl.RoleInfo (RoleInfo.java:updateAndGet(130)) - a928fc34-d4b3-4f47-b859-83818f25ed6e: start a928fc34-d4b3-4f47-b859-83818f25ed6e@group-1D5C0641F7B2-FollowerState
2021-10-12 06:06:40,926 [a928fc34-d4b3-4f47-b859-83818f25ed6e@group-1D5C0641F7B2-LeaderElection115] INFO  impl.LeaderElection (LeaderElection.java:run(230)) - a928fc34-d4b3-4f47-b859-83818f25ed6e@group-1D5C0641F7B2-LeaderElection115: skip running since this is already CLOSING
2021-10-12 06:06:40,933 [fd6d4eb7-d4eb-4c85-951f-7fa23d5c4e33@group-280CF83C0957-FollowerState] INFO  server.RaftServerConfigKeys (ConfUtils.java:logGet(44)) - raft.server.leaderelection.pre-vote = false (custom)
2021-10-12 06:06:40,933 [fd6d4eb7-d4eb-4c85-951f-7fa23d5c4e33@group-280CF83C0957-FollowerState] INFO  impl.RoleInfo (RoleInfo.java:updateAndGet(130)) - fd6d4eb7-d4eb-4c85-951f-7fa23d5c4e33: start fd6d4eb7-d4eb-4c85-951f-7fa23d5c4e33@group-280CF83C0957-LeaderElection117
2021-10-12 06:06:40,940 [grpc-default-executor-4] INFO  server.RaftServer$Division (RaftServerImpl.java:requestVote(1075)) - a928fc34-d4b3-4f47-b859-83818f25ed6e@group-1D5C0641F7B2 replies to ELECTION vote request: 8094cd77-30c2-47d7-ab82-7abee48b2f8b<-a928fc34-d4b3-4f47-b859-83818f25ed6e#0:OK-t2. Peer's state: a928fc34-d4b3-4f47-b859-83818f25ed6e@group-1D5C0641F7B2:t2, leader=null, voted=8094cd77-30c2-47d7-ab82-7abee48b2f8b, raftlog=a928fc34-d4b3-4f47-b859-83818f25ed6e@group-1D5C0641F7B2-SegmentedRaftLog:OPENED:c-1,f-1,i0, conf=-1: [69929a81-75b5-4e59-a9cb-c7e6f0fb6fd6|rpc:10.1.0.59:40555|dataStream:|priority:0, a928fc34-d4b3-4f47-b859-83818f25ed6e|rpc:10.1.0.59:35709|dataStream:|priority:0, 8094cd77-30c2-47d7-ab82-7abee48b2f8b|rpc:10.1.0.59:44663|dataStream:|priority:1], old=null
2021-10-12 06:06:40,942 [a928fc34-d4b3-4f47-b859-83818f25ed6e@group-510924D56746-LeaderElection113] INFO  impl.LeaderElection (LeaderElection.java:logAndReturn(89)) - a928fc34-d4b3-4f47-b859-83818f25ed6e@group-510924D56746-LeaderElection113: ELECTION PASSED received 1 response(s) and 1 exception(s):
2021-10-12 06:06:40,942 [a928fc34-d4b3-4f47-b859-83818f25ed6e@group-510924D56746-LeaderElection113] INFO  impl.LeaderElection (LeaderElection.java:logAndReturn(93)) -   Response 0: a928fc34-d4b3-4f47-b859-83818f25ed6e<-69929a81-75b5-4e59-a9cb-c7e6f0fb6fd6#0:OK-t2
2021-10-12 06:06:40,942 [a928fc34-d4b3-4f47-b859-83818f25ed6e@group-510924D56746-LeaderElection113] INFO  impl.LeaderElection (LogUtils.java:infoOrTrace(137)) -   Exception 1: java.util.concurrent.ExecutionException: org.apache.ratis.thirdparty.io.grpc.StatusRuntimeException: UNAVAILABLE: io exception
2021-10-12 06:06:40,942 [a928fc34-d4b3-4f47-b859-83818f25ed6e@group-510924D56746-LeaderElection113] INFO  impl.LeaderElection (LeaderElection.java:askForVotes(308)) - a928fc34-d4b3-4f47-b859-83818f25ed6e@group-510924D56746-LeaderElection113 ELECTION round 0: result PASSED
2021-10-12 06:06:40,942 [a928fc34-d4b3-4f47-b859-83818f25ed6e@group-510924D56746-LeaderElection113] INFO  impl.RoleInfo (RoleInfo.java:shutdownLeaderElection(121)) - a928fc34-d4b3-4f47-b859-83818f25ed6e: shutdown a928fc34-d4b3-4f47-b859-83818f25ed6e@group-510924D56746-LeaderElection113
2021-10-12 06:06:40,942 [a928fc34-d4b3-4f47-b859-83818f25ed6e@group-510924D56746-LeaderElection113] INFO  server.RaftServer$Division (RaftServerImpl.java:setRole(285)) - a928fc34-d4b3-4f47-b859-83818f25ed6e@group-510924D56746: changes role from CANDIDATE to LEADER at term 2 for changeToLeader
2021-10-12 06:06:40,942 [a928fc34-d4b3-4f47-b859-83818f25ed6e@group-510924D56746-LeaderElection113] INFO  ratis.XceiverServerRatis (XceiverServerRatis.java:handleLeaderChangedNotification(861)) - Leader change notification received for group: group-510924D56746 with new leaderId: a928fc34-d4b3-4f47-b859-83818f25ed6e
2021-10-12 06:06:40,942 [a928fc34-d4b3-4f47-b859-83818f25ed6e@group-510924D56746-LeaderElection113] INFO  server.RaftServer$Division (ServerState.java:setLeader(285)) - a928fc34-d4b3-4f47-b859-83818f25ed6e@group-510924D56746: change Leader from null to a928fc34-d4b3-4f47-b859-83818f25ed6e at term 2 for becomeLeader, leader elected after 11039ms
2021-10-12 06:06:40,942 [a928fc34-d4b3-4f47-b859-83818f25ed6e@group-510924D56746-LeaderElection113] INFO  server.RaftServerConfigKeys (ConfUtils.java:logGet(44)) - raft.server.staging.catchup.gap = 1000 (default)
2021-10-12 06:06:40,942 [a928fc34-d4b3-4f47-b859-83818f25ed6e@group-510924D56746-LeaderElection113] INFO  server.RaftServerConfigKeys (ConfUtils.java:logGet(44)) - raft.server.write.element-limit = 1024 (custom)
2021-10-12 06:06:40,942 [a928fc34-d4b3-4f47-b859-83818f25ed6e@group-510924D56746-LeaderElection113] INFO  server.RaftServerConfigKeys (ConfUtils.java:logGet(44)) - raft.server.write.byte-limit = 1024 M (=1073741824) (custom)
2021-10-12 06:06:40,943 [a928fc34-d4b3-4f47-b859-83818f25ed6e@group-510924D56746-LeaderElection113] INFO  server.RaftServerConfigKeys (ConfUtils.java:logGet(44)) - raft.server.watch.timeout = 3000ms (custom)
2021-10-12 06:06:40,943 [a928fc34-d4b3-4f47-b859-83818f25ed6e@group-510924D56746-LeaderElection113] INFO  server.RaftServerConfigKeys (ConfUtils.java:logGet(44)) - raft.server.watch.timeout.denomination = 1s (default)
2021-10-12 06:06:40,943 [a928fc34-d4b3-4f47-b859-83818f25ed6e@group-510924D56746-LeaderElection113] INFO  server.RaftServerConfigKeys (ConfUtils.java:logGet(44)) - raft.server.watch.element-limit = 65536 (default)
2021-10-12 06:06:40,943 [a928fc34-d4b3-4f47-b859-83818f25ed6e@group-510924D56746-LeaderElection113] INFO  server.RaftServerConfigKeys (ConfUtils.java:logGet(44)) - raft.server.log.appender.snapshot.chunk.size.max = 16MB (=16777216) (default)
2021-10-12 06:06:40,943 [a928fc34-d4b3-4f47-b859-83818f25ed6e@group-510924D56746-LeaderElection113] INFO  server.RaftServerConfigKeys (ConfUtils.java:logGet(44)) - raft.server.log.appender.buffer.byte-limit = 33554432 (custom)
2021-10-12 06:06:40,943 [a928fc34-d4b3-4f47-b859-83818f25ed6e@group-510924D56746-LeaderElection113] INFO  server.RaftServerConfigKeys (ConfUtils.java:logGet(44)) - raft.server.log.appender.buffer.element-limit = 1 (custom)
2021-10-12 06:06:40,943 [a928fc34-d4b3-4f47-b859-83818f25ed6e@group-510924D56746-LeaderElection113] INFO  grpc.GrpcConfigKeys (ConfUtils.java:logGet(44)) - raft.grpc.server.leader.outstanding.appends.max = 128 (default)
2021-10-12 06:06:40,943 [a928fc34-d4b3-4f47-b859-83818f25ed6e@group-510924D56746-LeaderElection113] INFO  server.RaftServerConfigKeys (ConfUtils.java:logGet(44)) - raft.server.rpc.request.timeout = 3000ms (default)
2021-10-12 06:06:40,943 [a928fc34-d4b3-4f47-b859-83818f25ed6e@group-510924D56746-LeaderElection113] INFO  server.RaftServerConfigKeys (ConfUtils.java:logGet(44)) - raft.server.log.appender.install.snapshot.enabled = false (custom)
2021-10-12 06:06:40,944 [a928fc34-d4b3-4f47-b859-83818f25ed6e@group-510924D56746-LeaderElection113] INFO  server.RaftServerConfigKeys (ConfUtils.java:logGet(44)) - raft.server.log.appender.snapshot.chunk.size.max = 16MB (=16777216) (default)
2021-10-12 06:06:40,944 [a928fc34-d4b3-4f47-b859-83818f25ed6e@group-510924D56746-LeaderElection113] INFO  server.RaftServerConfigKeys (ConfUtils.java:logGet(44)) - raft.server.log.appender.buffer.byte-limit = 33554432 (custom)
2021-10-12 06:06:40,944 [a928fc34-d4b3-4f47-b859-83818f25ed6e@group-510924D56746-LeaderElection113] INFO  server.RaftServerConfigKeys (ConfUtils.java:logGet(44)) - raft.server.log.appender.buffer.element-limit = 1 (custom)
2021-10-12 06:06:40,944 [a928fc34-d4b3-4f47-b859-83818f25ed6e@group-510924D56746-LeaderElection113] INFO  grpc.GrpcConfigKeys (ConfUtils.java:logGet(44)) - raft.grpc.server.leader.outstanding.appends.max = 128 (default)
2021-10-12 06:06:40,944 [a928fc34-d4b3-4f47-b859-83818f25ed6e@group-510924D56746-LeaderElection113] INFO  server.RaftServerConfigKeys (ConfUtils.java:logGet(44)) - raft.server.rpc.request.timeout = 3000ms (default)
2021-10-12 06:06:40,944 [a928fc34-d4b3-4f47-b859-83818f25ed6e@group-510924D56746-LeaderElection113] INFO  server.RaftServerConfigKeys (ConfUtils.java:logGet(44)) - raft.server.log.appender.install.snapshot.enabled = false (custom)
2021-10-12 06:06:40,945 [a928fc34-d4b3-4f47-b859-83818f25ed6e@group-510924D56746-LeaderElection113] INFO  impl.RoleInfo (RoleInfo.java:updateAndGet(130)) - a928fc34-d4b3-4f47-b859-83818f25ed6e: start a928fc34-d4b3-4f47-b859-83818f25ed6e@group-510924D56746-LeaderStateImpl
2021-10-12 06:06:40,946 [a928fc34-d4b3-4f47-b859-83818f25ed6e@group-510924D56746-LeaderElection113] INFO  segmented.SegmentedRaftLogWorker (SegmentedRaftLogWorker.java:startLogSegment(394)) - a928fc34-d4b3-4f47-b859-83818f25ed6e@group-510924D56746-SegmentedRaftLogWorker: Starting segment from index:0
2021-10-12 06:06:40,946 [8094cd77-30c2-47d7-ab82-7abee48b2f8b@group-1D5C0641F7B2-LeaderElection114] INFO  impl.LeaderElection (LeaderElection.java:logAndReturn(89)) - 8094cd77-30c2-47d7-ab82-7abee48b2f8b@group-1D5C0641F7B2-LeaderElection114: ELECTION PASSED received 1 response(s) and 0 exception(s):
2021-10-12 06:06:40,946 [8094cd77-30c2-47d7-ab82-7abee48b2f8b@group-1D5C0641F7B2-LeaderElection114] INFO  impl.LeaderElection (LeaderElection.java:logAndReturn(93)) -   Response 0: 8094cd77-30c2-47d7-ab82-7abee48b2f8b<-a928fc34-d4b3-4f47-b859-83818f25ed6e#0:OK-t2
2021-10-12 06:06:40,946 [Datanode State Machine Thread - 0] WARN  statemachine.StateContext (StateContext.java:execute(621)) - No available thread in pool for past 1 seconds.
2021-10-12 06:06:40,946 [8094cd77-30c2-47d7-ab82-7abee48b2f8b@group-1D5C0641F7B2-LeaderElection114] INFO  impl.LeaderElection (LeaderElection.java:askForVotes(308)) - 8094cd77-30c2-47d7-ab82-7abee48b2f8b@group-1D5C0641F7B2-LeaderElection114 ELECTION round 0: result PASSED
2021-10-12 06:06:40,947 [8094cd77-30c2-47d7-ab82-7abee48b2f8b@group-1D5C0641F7B2-LeaderElection114] INFO  impl.RoleInfo (RoleInfo.java:shutdownLeaderElection(121)) - 8094cd77-30c2-47d7-ab82-7abee48b2f8b: shutdown 8094cd77-30c2-47d7-ab82-7abee48b2f8b@group-1D5C0641F7B2-LeaderElection114
2021-10-12 06:06:40,947 [8094cd77-30c2-47d7-ab82-7abee48b2f8b@group-1D5C0641F7B2-LeaderElection114] INFO  server.RaftServer$Division (RaftServerImpl.java:setRole(285)) - 8094cd77-30c2-47d7-ab82-7abee48b2f8b@group-1D5C0641F7B2: changes role from CANDIDATE to LEADER at term 2 for changeToLeader
2021-10-12 06:06:40,947 [8094cd77-30c2-47d7-ab82-7abee48b2f8b@group-1D5C0641F7B2-LeaderElection114] INFO  ratis.XceiverServerRatis (XceiverServerRatis.java:handleLeaderChangedNotification(861)) - Leader change notification received for group: group-1D5C0641F7B2 with new leaderId: 8094cd77-30c2-47d7-ab82-7abee48b2f8b
2021-10-12 06:06:40,947 [8094cd77-30c2-47d7-ab82-7abee48b2f8b@group-1D5C0641F7B2-LeaderElection114] INFO  server.RaftServer$Division (ServerState.java:setLeader(285)) - 8094cd77-30c2-47d7-ab82-7abee48b2f8b@group-1D5C0641F7B2: change Leader from null to 8094cd77-30c2-47d7-ab82-7abee48b2f8b at term 2 for becomeLeader, leader elected after 10624ms
2021-10-12 06:06:40,947 [8094cd77-30c2-47d7-ab82-7abee48b2f8b@group-1D5C0641F7B2-LeaderElection114] INFO  server.RaftServerConfigKeys (ConfUtils.java:logGet(44)) - raft.server.staging.catchup.gap = 1000 (default)
2021-10-12 06:06:40,947 [8094cd77-30c2-47d7-ab82-7abee48b2f8b@group-1D5C0641F7B2-LeaderElection114] INFO  server.RaftServerConfigKeys (ConfUtils.java:logGet(44)) - raft.server.write.element-limit = 1024 (custom)
2021-10-12 06:06:40,947 [8094cd77-30c2-47d7-ab82-7abee48b2f8b@group-1D5C0641F7B2-LeaderElection114] INFO  server.RaftServerConfigKeys (ConfUtils.java:logGet(44)) - raft.server.write.byte-limit = 1024 M (=1073741824) (custom)
2021-10-12 06:06:40,947 [8094cd77-30c2-47d7-ab82-7abee48b2f8b@group-1D5C0641F7B2-LeaderElection114] INFO  server.RaftServerConfigKeys (ConfUtils.java:logGet(44)) - raft.server.watch.timeout = 3000ms (custom)
2021-10-12 06:06:40,948 [8094cd77-30c2-47d7-ab82-7abee48b2f8b@group-1D5C0641F7B2-LeaderElection114] INFO  server.RaftServerConfigKeys (ConfUtils.java:logGet(44)) - raft.server.watch.timeout.denomination = 1s (default)
2021-10-12 06:06:40,948 [8094cd77-30c2-47d7-ab82-7abee48b2f8b@group-1D5C0641F7B2-LeaderElection114] INFO  server.RaftServerConfigKeys (ConfUtils.java:logGet(44)) - raft.server.watch.element-limit = 65536 (default)
2021-10-12 06:06:40,948 [8094cd77-30c2-47d7-ab82-7abee48b2f8b@group-1D5C0641F7B2-LeaderElection114] INFO  server.RaftServerConfigKeys (ConfUtils.java:logGet(44)) - raft.server.log.appender.snapshot.chunk.size.max = 16MB (=16777216) (default)
2021-10-12 06:06:40,948 [8094cd77-30c2-47d7-ab82-7abee48b2f8b@group-1D5C0641F7B2-LeaderElection114] INFO  server.RaftServerConfigKeys (ConfUtils.java:logGet(44)) - raft.server.log.appender.buffer.byte-limit = 33554432 (custom)
2021-10-12 06:06:40,948 [8094cd77-30c2-47d7-ab82-7abee48b2f8b@group-1D5C0641F7B2-LeaderElection114] INFO  server.RaftServerConfigKeys (ConfUtils.java:logGet(44)) - raft.server.log.appender.buffer.element-limit = 1 (custom)
2021-10-12 06:06:40,948 [8094cd77-30c2-47d7-ab82-7abee48b2f8b@group-1D5C0641F7B2-LeaderElection114] INFO  grpc.GrpcConfigKeys (ConfUtils.java:logGet(44)) - raft.grpc.server.leader.outstanding.appends.max = 128 (default)
2021-10-12 06:06:40,948 [8094cd77-30c2-47d7-ab82-7abee48b2f8b@group-1D5C0641F7B2-LeaderElection114] INFO  server.RaftServerConfigKeys (ConfUtils.java:logGet(44)) - raft.server.rpc.request.timeout = 3000ms (default)
2021-10-12 06:06:40,948 [8094cd77-30c2-47d7-ab82-7abee48b2f8b@group-1D5C0641F7B2-LeaderElection114] INFO  server.RaftServerConfigKeys (ConfUtils.java:logGet(44)) - raft.server.log.appender.install.snapshot.enabled = false (custom)
2021-10-12 06:06:40,949 [8094cd77-30c2-47d7-ab82-7abee48b2f8b@group-1D5C0641F7B2-LeaderElection114] INFO  server.RaftServerConfigKeys (ConfUtils.java:logGet(44)) - raft.server.log.appender.snapshot.chunk.size.max = 16MB (=16777216) (default)
2021-10-12 06:06:40,949 [8094cd77-30c2-47d7-ab82-7abee48b2f8b@group-1D5C0641F7B2-LeaderElection114] INFO  server.RaftServerConfigKeys (ConfUtils.java:logGet(44)) - raft.server.log.appender.buffer.byte-limit = 33554432 (custom)
2021-10-12 06:06:40,949 [8094cd77-30c2-47d7-ab82-7abee48b2f8b@group-1D5C0641F7B2-LeaderElection114] INFO  server.RaftServerConfigKeys (ConfUtils.java:logGet(44)) - raft.server.log.appender.buffer.element-limit = 1 (custom)
2021-10-12 06:06:40,949 [8094cd77-30c2-47d7-ab82-7abee48b2f8b@group-1D5C0641F7B2-LeaderElection114] INFO  grpc.GrpcConfigKeys (ConfUtils.java:logGet(44)) - raft.grpc.server.leader.outstanding.appends.max = 128 (default)
2021-10-12 06:06:40,949 [8094cd77-30c2-47d7-ab82-7abee48b2f8b@group-1D5C0641F7B2-LeaderElection114] INFO  server.RaftServerConfigKeys (ConfUtils.java:logGet(44)) - raft.server.rpc.request.timeout = 3000ms (default)
2021-10-12 06:06:40,949 [8094cd77-30c2-47d7-ab82-7abee48b2f8b@group-1D5C0641F7B2-LeaderElection114] INFO  server.RaftServerConfigKeys (ConfUtils.java:logGet(44)) - raft.server.log.appender.install.snapshot.enabled = false (custom)
2021-10-12 06:06:40,952 [8094cd77-30c2-47d7-ab82-7abee48b2f8b@group-1D5C0641F7B2-LeaderElection114] INFO  impl.RoleInfo (RoleInfo.java:updateAndGet(130)) - 8094cd77-30c2-47d7-ab82-7abee48b2f8b: start 8094cd77-30c2-47d7-ab82-7abee48b2f8b@group-1D5C0641F7B2-LeaderStateImpl
2021-10-12 06:06:40,963 [8094cd77-30c2-47d7-ab82-7abee48b2f8b@group-1D5C0641F7B2-LeaderElection114] INFO  segmented.SegmentedRaftLogWorker (SegmentedRaftLogWorker.java:startLogSegment(394)) - 8094cd77-30c2-47d7-ab82-7abee48b2f8b@group-1D5C0641F7B2-SegmentedRaftLogWorker: Starting segment from index:0
2021-10-12 06:06:40,966 [8094cd77-30c2-47d7-ab82-7abee48b2f8b@group-1D5C0641F7B2-SegmentedRaftLogWorker] INFO  segmented.SegmentedRaftLogWorker (SegmentedRaftLogWorker.java:execute(601)) - 8094cd77-30c2-47d7-ab82-7abee48b2f8b@group-1D5C0641F7B2-SegmentedRaftLogWorker: created new log segment /home/runner/work/ozone/ozone/hadoop-ozone/integration-test/target/test-dir/MiniOzoneClusterImpl-c6dc50ab-6fac-4554-b78d-9440f3e38bfb/datanode-6/data/ratis/9932fe54-2ba2-4d09-8578-1d5c0641f7b2/current/log_inprogress_0
2021-10-12 06:06:40,978 [fd6d4eb7-d4eb-4c85-951f-7fa23d5c4e33@group-280CF83C0957-LeaderElection117] INFO  server.RaftServer$Division (ServerState.java:setLeader(285)) - fd6d4eb7-d4eb-4c85-951f-7fa23d5c4e33@group-280CF83C0957: change Leader from 1a275f92-aa29-4e99-8b54-16510abadaea to null at term 4 for ELECTION
2021-10-12 06:06:40,984 [fdd2c237-e414-4605-b3b4-833d5e073368@group-280CF83C0957-FollowerState] INFO  impl.FollowerState (FollowerState.java:run(134)) - fdd2c237-e414-4605-b3b4-833d5e073368@group-280CF83C0957-FollowerState: change to CANDIDATE, lastRpcElapsedTime:8244432182ns, electionTimeout:5185ms
2021-10-12 06:06:40,984 [fdd2c237-e414-4605-b3b4-833d5e073368@group-280CF83C0957-FollowerState] INFO  impl.RoleInfo (RoleInfo.java:shutdownFollowerState(108)) - fdd2c237-e414-4605-b3b4-833d5e073368: shutdown fdd2c237-e414-4605-b3b4-833d5e073368@group-280CF83C0957-FollowerState
2021-10-12 06:06:40,984 [fdd2c237-e414-4605-b3b4-833d5e073368@group-280CF83C0957-FollowerState] INFO  server.RaftServer$Division (RaftServerImpl.java:setRole(285)) - fdd2c237-e414-4605-b3b4-833d5e073368@group-280CF83C0957: changes role from  FOLLOWER to CANDIDATE at term 4 for changeToCandidate
2021-10-12 06:06:41,007 [fd6d4eb7-d4eb-4c85-951f-7fa23d5c4e33@group-280CF83C0957-LeaderElection117] INFO  impl.LeaderElection (LeaderElection.java:askForVotes(306)) - fd6d4eb7-d4eb-4c85-951f-7fa23d5c4e33@group-280CF83C0957-LeaderElection117 ELECTION round 0: submit vote requests at term 5 for 0: [1a275f92-aa29-4e99-8b54-16510abadaea|rpc:10.1.0.59:35911|dataStream:|priority:1, fd6d4eb7-d4eb-4c85-951f-7fa23d5c4e33|rpc:10.1.0.59:37125|dataStream:|priority:0, fdd2c237-e414-4605-b3b4-833d5e073368|rpc:10.1.0.59:38743|dataStream:|priority:0], old=null
2021-10-12 06:06:41,015 [grpc-default-executor-1] INFO  ratis.XceiverServerRatis (XceiverServerRatis.java:handleLeaderChangedNotification(861)) - Leader change notification received for group: group-1D5C0641F7B2 with new leaderId: 8094cd77-30c2-47d7-ab82-7abee48b2f8b
2021-10-12 06:06:41,015 [grpc-default-executor-1] INFO  server.RaftServer$Division (ServerState.java:setLeader(285)) - 69929a81-75b5-4e59-a9cb-c7e6f0fb6fd6@group-1D5C0641F7B2: change Leader from null to 8094cd77-30c2-47d7-ab82-7abee48b2f8b at term 2 for appendEntries, leader elected after 10884ms
2021-10-12 06:06:41,037 [fdd2c237-e414-4605-b3b4-833d5e073368@group-280CF83C0957-FollowerState] INFO  server.RaftServerConfigKeys (ConfUtils.java:logGet(44)) - raft.server.leaderelection.pre-vote = false (custom)
2021-10-12 06:06:41,037 [fdd2c237-e414-4605-b3b4-833d5e073368@group-280CF83C0957-FollowerState] INFO  impl.RoleInfo (RoleInfo.java:updateAndGet(130)) - fdd2c237-e414-4605-b3b4-833d5e073368: start fdd2c237-e414-4605-b3b4-833d5e073368@group-280CF83C0957-LeaderElection118
2021-10-12 06:06:41,037 [8094cd77-30c2-47d7-ab82-7abee48b2f8b@group-1D5C0641F7B2-LeaderElection114] INFO  server.RaftServer$Division (ServerState.java:setRaftConf(387)) - 8094cd77-30c2-47d7-ab82-7abee48b2f8b@group-1D5C0641F7B2: set configuration 0: [69929a81-75b5-4e59-a9cb-c7e6f0fb6fd6|rpc:10.1.0.59:40555|dataStream:|priority:0, a928fc34-d4b3-4f47-b859-83818f25ed6e|rpc:10.1.0.59:35709|dataStream:|priority:0, 8094cd77-30c2-47d7-ab82-7abee48b2f8b|rpc:10.1.0.59:44663|dataStream:|priority:1], old=null
2021-10-12 06:06:41,037 [fdd2c237-e414-4605-b3b4-833d5e073368@group-280CF83C0957-LeaderElection118] INFO  server.RaftServer$Division (ServerState.java:setLeader(285)) - fdd2c237-e414-4605-b3b4-833d5e073368@group-280CF83C0957: change Leader from 1a275f92-aa29-4e99-8b54-16510abadaea to null at term 4 for ELECTION
2021-10-12 06:06:41,039 [grpc-default-executor-4] INFO  ratis.XceiverServerRatis (XceiverServerRatis.java:handleLeaderChangedNotification(861)) - Leader change notification received for group: group-510924D56746 with new leaderId: a928fc34-d4b3-4f47-b859-83818f25ed6e
2021-10-12 06:06:41,108 [grpc-default-executor-5] INFO  ratis.XceiverServerRatis (XceiverServerRatis.java:handleLeaderChangedNotification(861)) - Leader change notification received for group: group-1D5C0641F7B2 with new leaderId: 8094cd77-30c2-47d7-ab82-7abee48b2f8b
2021-10-12 06:06:41,118 [grpc-default-executor-5] INFO  server.RaftServer$Division (ServerState.java:setLeader(285)) - a928fc34-d4b3-4f47-b859-83818f25ed6e@group-1D5C0641F7B2: change Leader from null to 8094cd77-30c2-47d7-ab82-7abee48b2f8b at term 2 for appendEntries, leader elected after 10861ms
2021-10-12 06:06:41,051 [a928fc34-d4b3-4f47-b859-83818f25ed6e@group-510924D56746-SegmentedRaftLogWorker] INFO  segmented.SegmentedRaftLogWorker (SegmentedRaftLogWorker.java:execute(601)) - a928fc34-d4b3-4f47-b859-83818f25ed6e@group-510924D56746-SegmentedRaftLogWorker: created new log segment /home/runner/work/ozone/ozone/hadoop-ozone/integration-test/target/test-dir/MiniOzoneClusterImpl-c6dc50ab-6fac-4554-b78d-9440f3e38bfb/datanode-2/data/ratis/65b688dd-5a9d-435b-8fed-510924d56746/current/log_inprogress_0
2021-10-12 06:06:41,047 [grpc-default-executor-3] INFO  server.RaftServer$Division (RaftServerImpl.java:requestVote(1043)) - fdd2c237-e414-4605-b3b4-833d5e073368@group-280CF83C0957: receive requestVote(ELECTION, fd6d4eb7-d4eb-4c85-951f-7fa23d5c4e33, group-280CF83C0957, 5, (t:4, i:0))
2021-10-12 06:06:41,046 [fd6d4eb7-d4eb-4c85-951f-7fa23d5c4e33@group-280CF83C0957-LeaderElection117] INFO  impl.LeaderElection (LogUtils.java:infoOrTrace(137)) - fd6d4eb7-d4eb-4c85-951f-7fa23d5c4e33@group-280CF83C0957-LeaderElection117 got exception when requesting votes: java.util.concurrent.ExecutionException: org.apache.ratis.thirdparty.io.grpc.StatusRuntimeException: UNAVAILABLE: io exception
2021-10-12 06:06:41,043 [a928fc34-d4b3-4f47-b859-83818f25ed6e@group-510924D56746-LeaderElection113] INFO  server.RaftServer$Division (ServerState.java:setRaftConf(387)) - a928fc34-d4b3-4f47-b859-83818f25ed6e@group-510924D56746: set configuration 0: [69929a81-75b5-4e59-a9cb-c7e6f0fb6fd6|rpc:10.1.0.59:40555|dataStream:|priority:0, a928fc34-d4b3-4f47-b859-83818f25ed6e|rpc:10.1.0.59:35709|dataStream:|priority:1, f6edce37-208d-40f1-ab7e-323414b00593|rpc:10.1.0.59:35829|dataStream:|priority:0], old=null
2021-10-12 06:06:41,118 [grpc-default-executor-4] INFO  server.RaftServer$Division (ServerState.java:setLeader(285)) - 69929a81-75b5-4e59-a9cb-c7e6f0fb6fd6@group-510924D56746: change Leader from null to a928fc34-d4b3-4f47-b859-83818f25ed6e at term 2 for appendEntries, leader elected after 11049ms
2021-10-12 06:06:41,121 [fdd2c237-e414-4605-b3b4-833d5e073368@group-280CF83C0957-LeaderElection118] INFO  impl.LeaderElection (LeaderElection.java:askForVotes(306)) - fdd2c237-e414-4605-b3b4-833d5e073368@group-280CF83C0957-LeaderElection118 ELECTION round 0: submit vote requests at term 5 for 0: [1a275f92-aa29-4e99-8b54-16510abadaea|rpc:10.1.0.59:35911|dataStream:|priority:1, fd6d4eb7-d4eb-4c85-951f-7fa23d5c4e33|rpc:10.1.0.59:37125|dataStream:|priority:0, fdd2c237-e414-4605-b3b4-833d5e073368|rpc:10.1.0.59:38743|dataStream:|priority:0], old=null
2021-10-12 06:06:41,121 [grpc-default-executor-3] INFO  impl.VoteContext (VoteContext.java:log(48)) - fdd2c237-e414-4605-b3b4-833d5e073368@group-280CF83C0957-CANDIDATE: reject ELECTION from fd6d4eb7-d4eb-4c85-951f-7fa23d5c4e33: already has voted for fdd2c237-e414-4605-b3b4-833d5e073368 at current term 5
2021-10-12 06:06:41,126 [grpc-default-executor-3] INFO  server.RaftServer$Division (RaftServerImpl.java:requestVote(1075)) - fdd2c237-e414-4605-b3b4-833d5e073368@group-280CF83C0957 replies to ELECTION vote request: fd6d4eb7-d4eb-4c85-951f-7fa23d5c4e33<-fdd2c237-e414-4605-b3b4-833d5e073368#0:FAIL-t5. Peer's state: fdd2c237-e414-4605-b3b4-833d5e073368@group-280CF83C0957:t5, leader=null, voted=fdd2c237-e414-4605-b3b4-833d5e073368, raftlog=fdd2c237-e414-4605-b3b4-833d5e073368@group-280CF83C0957-SegmentedRaftLog:OPENED:c0,f0,i0, conf=0: [1a275f92-aa29-4e99-8b54-16510abadaea|rpc:10.1.0.59:35911|dataStream:|priority:1, fd6d4eb7-d4eb-4c85-951f-7fa23d5c4e33|rpc:10.1.0.59:37125|dataStream:|priority:0, fdd2c237-e414-4605-b3b4-833d5e073368|rpc:10.1.0.59:38743|dataStream:|priority:0], old=null
2021-10-12 06:06:41,137 [fd6d4eb7-d4eb-4c85-951f-7fa23d5c4e33@group-280CF83C0957-LeaderElection117] INFO  impl.LeaderElection (LeaderElection.java:logAndReturn(89)) - fd6d4eb7-d4eb-4c85-951f-7fa23d5c4e33@group-280CF83C0957-LeaderElection117: ELECTION REJECTED received 1 response(s) and 1 exception(s):
2021-10-12 06:06:41,137 [fd6d4eb7-d4eb-4c85-951f-7fa23d5c4e33@group-280CF83C0957-LeaderElection117] INFO  impl.LeaderElection (LeaderElection.java:logAndReturn(93)) -   Response 0: fd6d4eb7-d4eb-4c85-951f-7fa23d5c4e33<-fdd2c237-e414-4605-b3b4-833d5e073368#0:FAIL-t5
2021-10-12 06:06:41,137 [fd6d4eb7-d4eb-4c85-951f-7fa23d5c4e33@group-280CF83C0957-LeaderElection117] INFO  impl.LeaderElection (LogUtils.java:infoOrTrace(137)) -   Exception 1: java.util.concurrent.ExecutionException: org.apache.ratis.thirdparty.io.grpc.StatusRuntimeException: UNAVAILABLE: io exception
2021-10-12 06:06:41,137 [fd6d4eb7-d4eb-4c85-951f-7fa23d5c4e33@group-280CF83C0957-LeaderElection117] INFO  impl.LeaderElection (LeaderElection.java:askForVotes(308)) - fd6d4eb7-d4eb-4c85-951f-7fa23d5c4e33@group-280CF83C0957-LeaderElection117 ELECTION round 0: result REJECTED
2021-10-12 06:06:41,137 [fd6d4eb7-d4eb-4c85-951f-7fa23d5c4e33@group-280CF83C0957-LeaderElection117] INFO  server.RaftServer$Division (RaftServerImpl.java:setRole(285)) - fd6d4eb7-d4eb-4c85-951f-7fa23d5c4e33@group-280CF83C0957: changes role from CANDIDATE to FOLLOWER at term 5 for REJECTED
2021-10-12 06:06:41,137 [fd6d4eb7-d4eb-4c85-951f-7fa23d5c4e33@group-280CF83C0957-LeaderElection117] INFO  impl.RoleInfo (RoleInfo.java:shutdownLeaderElection(121)) - fd6d4eb7-d4eb-4c85-951f-7fa23d5c4e33: shutdown fd6d4eb7-d4eb-4c85-951f-7fa23d5c4e33@group-280CF83C0957-LeaderElection117
2021-10-12 06:06:41,137 [fd6d4eb7-d4eb-4c85-951f-7fa23d5c4e33@group-280CF83C0957-LeaderElection117] INFO  impl.RoleInfo (RoleInfo.java:updateAndGet(130)) - fd6d4eb7-d4eb-4c85-951f-7fa23d5c4e33: start fd6d4eb7-d4eb-4c85-951f-7fa23d5c4e33@group-280CF83C0957-FollowerState
2021-10-12 06:06:41,155 [grpc-default-executor-1] INFO  server.RaftServer$Division (ServerState.java:setRaftConf(387)) - 69929a81-75b5-4e59-a9cb-c7e6f0fb6fd6@group-1D5C0641F7B2: set configuration 0: [69929a81-75b5-4e59-a9cb-c7e6f0fb6fd6|rpc:10.1.0.59:40555|dataStream:|priority:0, a928fc34-d4b3-4f47-b859-83818f25ed6e|rpc:10.1.0.59:35709|dataStream:|priority:0, 8094cd77-30c2-47d7-ab82-7abee48b2f8b|rpc:10.1.0.59:44663|dataStream:|priority:1], old=null
2021-10-12 06:06:41,155 [grpc-default-executor-5] INFO  server.RaftServer$Division (ServerState.java:setRaftConf(387)) - a928fc34-d4b3-4f47-b859-83818f25ed6e@group-1D5C0641F7B2: set configuration 0: [69929a81-75b5-4e59-a9cb-c7e6f0fb6fd6|rpc:10.1.0.59:40555|dataStream:|priority:0, a928fc34-d4b3-4f47-b859-83818f25ed6e|rpc:10.1.0.59:35709|dataStream:|priority:0, 8094cd77-30c2-47d7-ab82-7abee48b2f8b|rpc:10.1.0.59:44663|dataStream:|priority:1], old=null
2021-10-12 06:06:41,155 [grpc-default-executor-6] WARN  server.GrpcLogAppender (LogUtils.java:warn(122)) - a928fc34-d4b3-4f47-b859-83818f25ed6e@group-510924D56746->f6edce37-208d-40f1-ab7e-323414b00593-AppendLogResponseHandler: Failed appendEntries: org.apache.ratis.thirdparty.io.grpc.StatusRuntimeException: UNAVAILABLE: io exception
2021-10-12 06:06:41,163 [grpc-default-executor-1] INFO  segmented.SegmentedRaftLogWorker (SegmentedRaftLogWorker.java:startLogSegment(394)) - 69929a81-75b5-4e59-a9cb-c7e6f0fb6fd6@group-1D5C0641F7B2-SegmentedRaftLogWorker: Starting segment from index:0
2021-10-12 06:06:41,163 [grpc-default-executor-5] INFO  segmented.SegmentedRaftLogWorker (SegmentedRaftLogWorker.java:startLogSegment(394)) - a928fc34-d4b3-4f47-b859-83818f25ed6e@group-1D5C0641F7B2-SegmentedRaftLogWorker: Starting segment from index:0
2021-10-12 06:06:41,164 [grpc-default-executor-6] WARN  server.GrpcLogAppender (GrpcLogAppender.java:resetClient(111)) - a928fc34-d4b3-4f47-b859-83818f25ed6e@group-510924D56746->f6edce37-208d-40f1-ab7e-323414b00593-GrpcLogAppender: Leader has not got in touch with Follower a928fc34-d4b3-4f47-b859-83818f25ed6e@group-510924D56746->f6edce37-208d-40f1-ab7e-323414b00593(c-1,m0,n1, attendVote=true, lastRpcSendTime=2, lastRpcResponseTime=5421) yet, just keep nextIndex unchanged and retry.
2021-10-12 06:06:41,165 [fdd2c237-e414-4605-b3b4-833d5e073368@group-280CF83C0957-LeaderElection118] INFO  impl.LeaderElection (LogUtils.java:infoOrTrace(137)) - fdd2c237-e414-4605-b3b4-833d5e073368@group-280CF83C0957-LeaderElection118 got exception when requesting votes: java.util.concurrent.ExecutionException: org.apache.ratis.thirdparty.io.grpc.StatusRuntimeException: UNAVAILABLE: io exception
2021-10-12 06:06:41,166 [grpc-default-executor-6] INFO  server.RaftServer$Division (RaftServerImpl.java:requestVote(1043)) - fd6d4eb7-d4eb-4c85-951f-7fa23d5c4e33@group-280CF83C0957: receive requestVote(ELECTION, fdd2c237-e414-4605-b3b4-833d5e073368, group-280CF83C0957, 5, (t:4, i:0))
2021-10-12 06:06:41,166 [grpc-default-executor-6] INFO  impl.VoteContext (VoteContext.java:log(48)) - fd6d4eb7-d4eb-4c85-951f-7fa23d5c4e33@group-280CF83C0957-FOLLOWER: reject ELECTION from fdd2c237-e414-4605-b3b4-833d5e073368: already has voted for fd6d4eb7-d4eb-4c85-951f-7fa23d5c4e33 at current term 5
2021-10-12 06:06:41,166 [grpc-default-executor-6] INFO  server.RaftServer$Division (RaftServerImpl.java:requestVote(1075)) - fd6d4eb7-d4eb-4c85-951f-7fa23d5c4e33@group-280CF83C0957 replies to ELECTION vote request: fdd2c237-e414-4605-b3b4-833d5e073368<-fd6d4eb7-d4eb-4c85-951f-7fa23d5c4e33#0:FAIL-t5. Peer's state: fd6d4eb7-d4eb-4c85-951f-7fa23d5c4e33@group-280CF83C0957:t5, leader=null, voted=fd6d4eb7-d4eb-4c85-951f-7fa23d5c4e33, raftlog=fd6d4eb7-d4eb-4c85-951f-7fa23d5c4e33@group-280CF83C0957-SegmentedRaftLog:OPENED:c0,f0,i0, conf=0: [1a275f92-aa29-4e99-8b54-16510abadaea|rpc:10.1.0.59:35911|dataStream:|priority:1, fd6d4eb7-d4eb-4c85-951f-7fa23d5c4e33|rpc:10.1.0.59:37125|dataStream:|priority:0, fdd2c237-e414-4605-b3b4-833d5e073368|rpc:10.1.0.59:38743|dataStream:|priority:0], old=null
2021-10-12 06:06:41,167 [fdd2c237-e414-4605-b3b4-833d5e073368@group-280CF83C0957-LeaderElection118] INFO  impl.LeaderElection (LeaderElection.java:logAndReturn(89)) - fdd2c237-e414-4605-b3b4-833d5e073368@group-280CF83C0957-LeaderElection118: ELECTION REJECTED received 1 response(s) and 1 exception(s):
2021-10-12 06:06:41,167 [fdd2c237-e414-4605-b3b4-833d5e073368@group-280CF83C0957-LeaderElection118] INFO  impl.LeaderElection (LeaderElection.java:logAndReturn(93)) -   Response 0: fdd2c237-e414-4605-b3b4-833d5e073368<-fd6d4eb7-d4eb-4c85-951f-7fa23d5c4e33#0:FAIL-t5
2021-10-12 06:06:41,167 [fdd2c237-e414-4605-b3b4-833d5e073368@group-280CF83C0957-LeaderElection118] INFO  impl.LeaderElection (LogUtils.java:infoOrTrace(137)) -   Exception 1: java.util.concurrent.ExecutionException: org.apache.ratis.thirdparty.io.grpc.StatusRuntimeException: UNAVAILABLE: io exception
2021-10-12 06:06:41,167 [fdd2c237-e414-4605-b3b4-833d5e073368@group-280CF83C0957-LeaderElection118] INFO  impl.LeaderElection (LeaderElection.java:askForVotes(308)) - fdd2c237-e414-4605-b3b4-833d5e073368@group-280CF83C0957-LeaderElection118 ELECTION round 0: result REJECTED
2021-10-12 06:06:41,167 [fdd2c237-e414-4605-b3b4-833d5e073368@group-280CF83C0957-LeaderElection118] INFO  server.RaftServer$Division (RaftServerImpl.java:setRole(285)) - fdd2c237-e414-4605-b3b4-833d5e073368@group-280CF83C0957: changes role from CANDIDATE to FOLLOWER at term 5 for REJECTED
2021-10-12 06:06:41,167 [fdd2c237-e414-4605-b3b4-833d5e073368@group-280CF83C0957-LeaderElection118] INFO  impl.RoleInfo (RoleInfo.java:shutdownLeaderElection(121)) - fdd2c237-e414-4605-b3b4-833d5e073368: shutdown fdd2c237-e414-4605-b3b4-833d5e073368@group-280CF83C0957-LeaderElection118
2021-10-12 06:06:41,167 [fdd2c237-e414-4605-b3b4-833d5e073368@group-280CF83C0957-LeaderElection118] INFO  impl.RoleInfo (RoleInfo.java:updateAndGet(130)) - fdd2c237-e414-4605-b3b4-833d5e073368: start fdd2c237-e414-4605-b3b4-833d5e073368@group-280CF83C0957-FollowerState
2021-10-12 06:06:41,199 [grpc-default-executor-4] INFO  server.RaftServer$Division (ServerState.java:setRaftConf(387)) - 69929a81-75b5-4e59-a9cb-c7e6f0fb6fd6@group-510924D56746: set configuration 0: [69929a81-75b5-4e59-a9cb-c7e6f0fb6fd6|rpc:10.1.0.59:40555|dataStream:|priority:0, a928fc34-d4b3-4f47-b859-83818f25ed6e|rpc:10.1.0.59:35709|dataStream:|priority:1, f6edce37-208d-40f1-ab7e-323414b00593|rpc:10.1.0.59:35829|dataStream:|priority:0], old=null
2021-10-12 06:06:41,201 [grpc-default-executor-4] INFO  segmented.SegmentedRaftLogWorker (SegmentedRaftLogWorker.java:startLogSegment(394)) - 69929a81-75b5-4e59-a9cb-c7e6f0fb6fd6@group-510924D56746-SegmentedRaftLogWorker: Starting segment from index:0
2021-10-12 06:06:41,202 [69929a81-75b5-4e59-a9cb-c7e6f0fb6fd6@group-1D5C0641F7B2-SegmentedRaftLogWorker] INFO  segmented.SegmentedRaftLogWorker (SegmentedRaftLogWorker.java:execute(601)) - 69929a81-75b5-4e59-a9cb-c7e6f0fb6fd6@group-1D5C0641F7B2-SegmentedRaftLogWorker: created new log segment /home/runner/work/ozone/ozone/hadoop-ozone/integration-test/target/test-dir/MiniOzoneClusterImpl-c6dc50ab-6fac-4554-b78d-9440f3e38bfb/datanode-0/data/ratis/9932fe54-2ba2-4d09-8578-1d5c0641f7b2/current/log_inprogress_0
2021-10-12 06:06:41,202 [a928fc34-d4b3-4f47-b859-83818f25ed6e@group-1D5C0641F7B2-SegmentedRaftLogWorker] INFO  segmented.SegmentedRaftLogWorker (SegmentedRaftLogWorker.java:execute(601)) - a928fc34-d4b3-4f47-b859-83818f25ed6e@group-1D5C0641F7B2-SegmentedRaftLogWorker: created new log segment /home/runner/work/ozone/ozone/hadoop-ozone/integration-test/target/test-dir/MiniOzoneClusterImpl-c6dc50ab-6fac-4554-b78d-9440f3e38bfb/datanode-2/data/ratis/9932fe54-2ba2-4d09-8578-1d5c0641f7b2/current/log_inprogress_0
2021-10-12 06:06:41,314 [69929a81-75b5-4e59-a9cb-c7e6f0fb6fd6@group-510924D56746-SegmentedRaftLogWorker] INFO  segmented.SegmentedRaftLogWorker (SegmentedRaftLogWorker.java:execute(601)) - 69929a81-75b5-4e59-a9cb-c7e6f0fb6fd6@group-510924D56746-SegmentedRaftLogWorker: created new log segment /home/runner/work/ozone/ozone/hadoop-ozone/integration-test/target/test-dir/MiniOzoneClusterImpl-c6dc50ab-6fac-4554-b78d-9440f3e38bfb/datanode-0/data/ratis/65b688dd-5a9d-435b-8fed-510924d56746/current/log_inprogress_0
2021-10-12 06:06:42,626 [grpc-default-executor-1] WARN  server.GrpcLogAppender (LogUtils.java:warn(122)) - 69929a81-75b5-4e59-a9cb-c7e6f0fb6fd6@group-D0BF975CEDA1->f6edce37-208d-40f1-ab7e-323414b00593-AppendLogResponseHandler: Failed appendEntries: org.apache.ratis.thirdparty.io.grpc.StatusRuntimeException: UNAVAILABLE: io exception
2021-10-12 06:06:42,627 [grpc-default-executor-1] WARN  server.GrpcLogAppender (GrpcLogAppender.java:resetClient(111)) - 69929a81-75b5-4e59-a9cb-c7e6f0fb6fd6@group-D0BF975CEDA1->f6edce37-208d-40f1-ab7e-323414b00593-GrpcLogAppender: Leader has not got in touch with Follower 69929a81-75b5-4e59-a9cb-c7e6f0fb6fd6@group-D0BF975CEDA1->f6edce37-208d-40f1-ab7e-323414b00593(c-1,m0,n1, attendVote=true, lastRpcSendTime=2501, lastRpcResponseTime=12847) yet, just keep nextIndex unchanged and retry.
2021-10-12 06:06:42,688 [grpc-default-executor-1] WARN  server.GrpcLogAppender (LogUtils.java:warn(122)) - fdd2c237-e414-4605-b3b4-833d5e073368@group-C2C9DE719BAF->1a275f92-aa29-4e99-8b54-16510abadaea-AppendLogResponseHandler: Failed appendEntries: org.apache.ratis.thirdparty.io.grpc.StatusRuntimeException: UNAVAILABLE: io exception
2021-10-12 06:06:42,689 [grpc-default-executor-1] WARN  server.GrpcLogAppender (GrpcLogAppender.java:resetClient(111)) - fdd2c237-e414-4605-b3b4-833d5e073368@group-C2C9DE719BAF->1a275f92-aa29-4e99-8b54-16510abadaea-GrpcLogAppender: Leader has not got in touch with Follower fdd2c237-e414-4605-b3b4-833d5e073368@group-C2C9DE719BAF->1a275f92-aa29-4e99-8b54-16510abadaea(c0,m0,n1, attendVote=true, lastRpcSendTime=2501, lastRpcResponseTime=10134) yet, just keep nextIndex unchanged and retry.
2021-10-12 06:06:42,860 [grpc-default-executor-1] WARN  server.GrpcLogAppender (LogUtils.java:warn(122)) - fd6d4eb7-d4eb-4c85-951f-7fa23d5c4e33@group-C5477E2A5DAB->1a275f92-aa29-4e99-8b54-16510abadaea-AppendLogResponseHandler: Failed appendEntries: org.apache.ratis.thirdparty.io.grpc.StatusRuntimeException: UNAVAILABLE: io exception
2021-10-12 06:06:42,860 [grpc-default-executor-1] WARN  server.GrpcLogAppender (GrpcLogAppender.java:resetClient(111)) - fd6d4eb7-d4eb-4c85-951f-7fa23d5c4e33@group-C5477E2A5DAB->1a275f92-aa29-4e99-8b54-16510abadaea-GrpcLogAppender: Leader has not got in touch with Follower fd6d4eb7-d4eb-4c85-951f-7fa23d5c4e33@group-C5477E2A5DAB->1a275f92-aa29-4e99-8b54-16510abadaea(c0,m0,n1, attendVote=true, lastRpcSendTime=0, lastRpcResponseTime=10076) yet, just keep nextIndex unchanged and retry.
2021-10-12 06:06:43,082 [Listener at 127.0.0.1/38829] INFO  ozoneimpl.OzoneContainer (OzoneContainer.java:stop(325)) - Attempting to stop container services.
2021-10-12 06:06:43,083 [Listener at 127.0.0.1/38829] INFO  server.RaftServer (RaftServerProxy.java:lambda$close$6(391)) - 8094cd77-30c2-47d7-ab82-7abee48b2f8b: close
2021-10-12 06:06:43,083 [Listener at 127.0.0.1/38829] INFO  server.RaftServer$Division (RaftServerImpl.java:lambda$close$4(407)) - 8094cd77-30c2-47d7-ab82-7abee48b2f8b@group-D184F90DD9F3: shutdown
2021-10-12 06:06:43,083 [Listener at 127.0.0.1/38829] INFO  util.JmxRegister (JmxRegister.java:unregister(73)) - Successfully un-registered JMX Bean with object name Ratis:service=RaftServer,group=group-D184F90DD9F3,id=8094cd77-30c2-47d7-ab82-7abee48b2f8b
2021-10-12 06:06:43,083 [Listener at 127.0.0.1/38829] INFO  impl.RoleInfo (RoleInfo.java:shutdownLeaderState(91)) - 8094cd77-30c2-47d7-ab82-7abee48b2f8b: shutdown 8094cd77-30c2-47d7-ab82-7abee48b2f8b@group-D184F90DD9F3-LeaderStateImpl
2021-10-12 06:06:43,083 [Listener at 127.0.0.1/38829] INFO  impl.PendingRequests (PendingRequests.java:sendNotLeaderResponses(282)) - 8094cd77-30c2-47d7-ab82-7abee48b2f8b@group-D184F90DD9F3-PendingRequests: sendNotLeaderResponses
2021-10-12 06:06:43,084 [Listener at 127.0.0.1/38829] INFO  impl.StateMachineUpdater (StateMachineUpdater.java:stopAndJoin(149)) - 8094cd77-30c2-47d7-ab82-7abee48b2f8b@group-D184F90DD9F3-StateMachineUpdater: set stopIndex = 0
2021-10-12 06:06:43,085 [8094cd77-30c2-47d7-ab82-7abee48b2f8b@group-D184F90DD9F3-StateMachineUpdater] INFO  ratis.ContainerStateMachine (ContainerStateMachine.java:takeSnapshot(292)) - group-D184F90DD9F3: Taking a snapshot at:(t:2, i:0) file /home/runner/work/ozone/ozone/hadoop-ozone/integration-test/target/test-dir/MiniOzoneClusterImpl-c6dc50ab-6fac-4554-b78d-9440f3e38bfb/datanode-6/data/ratis/8f317fee-cc95-4c93-953a-d184f90dd9f3/sm/snapshot.2_0
2021-10-12 06:06:43,085 [8094cd77-30c2-47d7-ab82-7abee48b2f8b@group-D184F90DD9F3-StateMachineUpdater] INFO  ratis.ContainerStateMachine (ContainerStateMachine.java:takeSnapshot(303)) - group-D184F90DD9F3: Finished taking a snapshot at:(t:2, i:0) file:/home/runner/work/ozone/ozone/hadoop-ozone/integration-test/target/test-dir/MiniOzoneClusterImpl-c6dc50ab-6fac-4554-b78d-9440f3e38bfb/datanode-6/data/ratis/8f317fee-cc95-4c93-953a-d184f90dd9f3/sm/snapshot.2_0 took: 0 ms
2021-10-12 06:06:43,086 [8094cd77-30c2-47d7-ab82-7abee48b2f8b@group-D184F90DD9F3-StateMachineUpdater] INFO  impl.StateMachineUpdater (StateMachineUpdater.java:takeSnapshot(281)) - 8094cd77-30c2-47d7-ab82-7abee48b2f8b@group-D184F90DD9F3-StateMachineUpdater: Took a snapshot at index 0
2021-10-12 06:06:43,086 [8094cd77-30c2-47d7-ab82-7abee48b2f8b@group-D184F90DD9F3-StateMachineUpdater] INFO  impl.StateMachineUpdater (StateMachineUpdater.java:lambda$new$0(89)) - 8094cd77-30c2-47d7-ab82-7abee48b2f8b@group-D184F90DD9F3-StateMachineUpdater: snapshotIndex: updateIncreasingly -1 -> 0
2021-10-12 06:06:43,086 [Listener at 127.0.0.1/38829] INFO  server.RaftServer$Division (ServerState.java:close(419)) - 8094cd77-30c2-47d7-ab82-7abee48b2f8b@group-D184F90DD9F3: closes. applyIndex: 0
2021-10-12 06:06:43,116 [8094cd77-30c2-47d7-ab82-7abee48b2f8b@group-D184F90DD9F3-SegmentedRaftLogWorker] INFO  segmented.SegmentedRaftLogWorker (SegmentedRaftLogWorker.java:run(327)) - 8094cd77-30c2-47d7-ab82-7abee48b2f8b@group-D184F90DD9F3-SegmentedRaftLogWorker was interrupted, exiting. There are 0 tasks remaining in the queue.
2021-10-12 06:06:43,125 [Listener at 127.0.0.1/38829] INFO  segmented.SegmentedRaftLogWorker (SegmentedRaftLogWorker.java:close(237)) - 8094cd77-30c2-47d7-ab82-7abee48b2f8b@group-D184F90DD9F3-SegmentedRaftLogWorker close()
2021-10-12 06:06:43,126 [Listener at 127.0.0.1/38829] INFO  server.RaftServer$Division (RaftServerImpl.java:lambda$close$4(407)) - 8094cd77-30c2-47d7-ab82-7abee48b2f8b@group-1D5C0641F7B2: shutdown
2021-10-12 06:06:43,126 [Listener at 127.0.0.1/38829] INFO  util.JmxRegister (JmxRegister.java:unregister(73)) - Successfully un-registered JMX Bean with object name Ratis:service=RaftServer,group=group-1D5C0641F7B2,id=8094cd77-30c2-47d7-ab82-7abee48b2f8b
2021-10-12 06:06:43,126 [Listener at 127.0.0.1/38829] INFO  impl.RoleInfo (RoleInfo.java:shutdownLeaderState(91)) - 8094cd77-30c2-47d7-ab82-7abee48b2f8b: shutdown 8094cd77-30c2-47d7-ab82-7abee48b2f8b@group-1D5C0641F7B2-LeaderStateImpl
2021-10-12 06:06:43,126 [Listener at 127.0.0.1/38829] INFO  impl.PendingRequests (PendingRequests.java:sendNotLeaderResponses(282)) - 8094cd77-30c2-47d7-ab82-7abee48b2f8b@group-1D5C0641F7B2-PendingRequests: sendNotLeaderResponses
2021-10-12 06:06:43,127 [Listener at 127.0.0.1/38829] INFO  impl.StateMachineUpdater (StateMachineUpdater.java:stopAndJoin(149)) - 8094cd77-30c2-47d7-ab82-7abee48b2f8b@group-1D5C0641F7B2-StateMachineUpdater: set stopIndex = 0
2021-10-12 06:06:43,127 [8094cd77-30c2-47d7-ab82-7abee48b2f8b@group-1D5C0641F7B2-StateMachineUpdater] INFO  ratis.ContainerStateMachine (ContainerStateMachine.java:takeSnapshot(292)) - group-1D5C0641F7B2: Taking a snapshot at:(t:2, i:0) file /home/runner/work/ozone/ozone/hadoop-ozone/integration-test/target/test-dir/MiniOzoneClusterImpl-c6dc50ab-6fac-4554-b78d-9440f3e38bfb/datanode-6/data/ratis/9932fe54-2ba2-4d09-8578-1d5c0641f7b2/sm/snapshot.2_0
2021-10-12 06:06:43,128 [8094cd77-30c2-47d7-ab82-7abee48b2f8b@group-D184F90DD9F3->a928fc34-d4b3-4f47-b859-83818f25ed6e-GrpcLogAppender-LogAppenderDaemon] WARN  server.GrpcLogAppender (GrpcLogAppender.java:mayWait(175)) - 8094cd77-30c2-47d7-ab82-7abee48b2f8b@group-D184F90DD9F3->a928fc34-d4b3-4f47-b859-83818f25ed6e-GrpcLogAppender: Wait interrupted by java.lang.InterruptedException
2021-10-12 06:06:43,128 [grpc-default-executor-1] INFO  server.GrpcServerProtocolService (GrpcServerProtocolService.java:onCompleted(140)) - a928fc34-d4b3-4f47-b859-83818f25ed6e: Completed APPEND_ENTRIES, lastRequest: 8094cd77-30c2-47d7-ab82-7abee48b2f8b->a928fc34-d4b3-4f47-b859-83818f25ed6e#1-t2,previous=(t:0, i:0),leaderCommit=-1,initializing? true,entries: size=1, first=(t:2, i:0), CONFIGURATIONENTRY
2021-10-12 06:06:43,129 [8094cd77-30c2-47d7-ab82-7abee48b2f8b@group-1D5C0641F7B2-StateMachineUpdater] INFO  ratis.ContainerStateMachine (ContainerStateMachine.java:takeSnapshot(303)) - group-1D5C0641F7B2: Finished taking a snapshot at:(t:2, i:0) file:/home/runner/work/ozone/ozone/hadoop-ozone/integration-test/target/test-dir/MiniOzoneClusterImpl-c6dc50ab-6fac-4554-b78d-9440f3e38bfb/datanode-6/data/ratis/9932fe54-2ba2-4d09-8578-1d5c0641f7b2/sm/snapshot.2_0 took: 2 ms
2021-10-12 06:06:43,129 [8094cd77-30c2-47d7-ab82-7abee48b2f8b@group-1D5C0641F7B2-StateMachineUpdater] INFO  impl.StateMachineUpdater (StateMachineUpdater.java:takeSnapshot(281)) - 8094cd77-30c2-47d7-ab82-7abee48b2f8b@group-1D5C0641F7B2-StateMachineUpdater: Took a snapshot at index 0
2021-10-12 06:06:43,129 [8094cd77-30c2-47d7-ab82-7abee48b2f8b@group-1D5C0641F7B2-StateMachineUpdater] INFO  impl.StateMachineUpdater (StateMachineUpdater.java:lambda$new$0(89)) - 8094cd77-30c2-47d7-ab82-7abee48b2f8b@group-1D5C0641F7B2-StateMachineUpdater: snapshotIndex: updateIncreasingly -1 -> 0
2021-10-12 06:06:43,130 [Listener at 127.0.0.1/38829] INFO  server.RaftServer$Division (ServerState.java:close(419)) - 8094cd77-30c2-47d7-ab82-7abee48b2f8b@group-1D5C0641F7B2: closes. applyIndex: 0
2021-10-12 06:06:43,130 [8094cd77-30c2-47d7-ab82-7abee48b2f8b@group-1D5C0641F7B2-SegmentedRaftLogWorker] INFO  segmented.SegmentedRaftLogWorker (SegmentedRaftLogWorker.java:run(327)) - 8094cd77-30c2-47d7-ab82-7abee48b2f8b@group-1D5C0641F7B2-SegmentedRaftLogWorker was interrupted, exiting. There are 0 tasks remaining in the queue.
2021-10-12 06:06:43,146 [Listener at 127.0.0.1/38829] INFO  segmented.SegmentedRaftLogWorker (SegmentedRaftLogWorker.java:close(237)) - 8094cd77-30c2-47d7-ab82-7abee48b2f8b@group-1D5C0641F7B2-SegmentedRaftLogWorker close()
2021-10-12 06:06:43,163 [Listener at 127.0.0.1/38829] INFO  server.RaftServer$Division (RaftServerImpl.java:lambda$close$4(407)) - 8094cd77-30c2-47d7-ab82-7abee48b2f8b@group-D0BF975CEDA1: shutdown
2021-10-12 06:06:43,163 [Listener at 127.0.0.1/38829] INFO  util.JmxRegister (JmxRegister.java:unregister(73)) - Successfully un-registered JMX Bean with object name Ratis:service=RaftServer,group=group-D0BF975CEDA1,id=8094cd77-30c2-47d7-ab82-7abee48b2f8b
2021-10-12 06:06:43,163 [Listener at 127.0.0.1/38829] INFO  impl.RoleInfo (RoleInfo.java:shutdownFollowerState(108)) - 8094cd77-30c2-47d7-ab82-7abee48b2f8b: shutdown 8094cd77-30c2-47d7-ab82-7abee48b2f8b@group-D0BF975CEDA1-FollowerState
2021-10-12 06:06:43,163 [Listener at 127.0.0.1/38829] INFO  impl.StateMachineUpdater (StateMachineUpdater.java:stopAndJoin(149)) - 8094cd77-30c2-47d7-ab82-7abee48b2f8b@group-D0BF975CEDA1-StateMachineUpdater: set stopIndex = 0
2021-10-12 06:06:43,163 [8094cd77-30c2-47d7-ab82-7abee48b2f8b@group-D0BF975CEDA1-FollowerState] INFO  impl.FollowerState (FollowerState.java:run(143)) - 8094cd77-30c2-47d7-ab82-7abee48b2f8b@group-D0BF975CEDA1-FollowerState was interrupted: {}
java.lang.InterruptedException: sleep interrupted
	at java.lang.Thread.sleep(Native Method)
	at java.lang.Thread.sleep(Thread.java:340)
	at java.util.concurrent.TimeUnit.sleep(TimeUnit.java:386)
	at org.apache.ratis.util.TimeDuration.sleep(TimeDuration.java:324)
	at org.apache.ratis.util.TimeDuration.sleep(TimeDuration.java:309)
	at org.apache.ratis.server.impl.FollowerState.run(FollowerState.java:118)
2021-10-12 06:06:43,163 [8094cd77-30c2-47d7-ab82-7abee48b2f8b@group-D0BF975CEDA1-StateMachineUpdater] INFO  ratis.ContainerStateMachine (ContainerStateMachine.java:takeSnapshot(292)) - group-D0BF975CEDA1: Taking a snapshot at:(t:1, i:0) file /home/runner/work/ozone/ozone/hadoop-ozone/integration-test/target/test-dir/MiniOzoneClusterImpl-c6dc50ab-6fac-4554-b78d-9440f3e38bfb/datanode-6/data/ratis/5ecef51f-4e59-4141-a865-d0bf975ceda1/sm/snapshot.1_0
2021-10-12 06:06:43,170 [8094cd77-30c2-47d7-ab82-7abee48b2f8b@group-1D5C0641F7B2->a928fc34-d4b3-4f47-b859-83818f25ed6e-GrpcLogAppender-LogAppenderDaemon] WARN  server.GrpcLogAppender (GrpcLogAppender.java:mayWait(175)) - 8094cd77-30c2-47d7-ab82-7abee48b2f8b@group-1D5C0641F7B2->a928fc34-d4b3-4f47-b859-83818f25ed6e-GrpcLogAppender: Wait interrupted by java.lang.InterruptedException
2021-10-12 06:06:43,170 [8094cd77-30c2-47d7-ab82-7abee48b2f8b@group-1D5C0641F7B2->69929a81-75b5-4e59-a9cb-c7e6f0fb6fd6-GrpcLogAppender-LogAppenderDaemon] WARN  server.GrpcLogAppender (GrpcLogAppender.java:mayWait(175)) - 8094cd77-30c2-47d7-ab82-7abee48b2f8b@group-1D5C0641F7B2->69929a81-75b5-4e59-a9cb-c7e6f0fb6fd6-GrpcLogAppender: Wait interrupted by java.lang.InterruptedException
2021-10-12 06:06:43,171 [grpc-default-executor-1] INFO  server.GrpcServerProtocolService (GrpcServerProtocolService.java:onCompleted(140)) - a928fc34-d4b3-4f47-b859-83818f25ed6e: Completed APPEND_ENTRIES, lastRequest: 8094cd77-30c2-47d7-ab82-7abee48b2f8b->a928fc34-d4b3-4f47-b859-83818f25ed6e#1-t2,previous=(t:0, i:0),leaderCommit=0,initializing? true,entries: size=1, first=(t:2, i:0), CONFIGURATIONENTRY
2021-10-12 06:06:43,171 [grpc-default-executor-5] INFO  server.GrpcServerProtocolService (GrpcServerProtocolService.java:onCompleted(140)) - 69929a81-75b5-4e59-a9cb-c7e6f0fb6fd6: Completed APPEND_ENTRIES, lastRequest: 8094cd77-30c2-47d7-ab82-7abee48b2f8b->69929a81-75b5-4e59-a9cb-c7e6f0fb6fd6#1-t2,previous=(t:0, i:0),leaderCommit=-1,initializing? true,entries: size=1, first=(t:2, i:0), CONFIGURATIONENTRY
2021-10-12 06:06:43,174 [grpc-default-executor-6] INFO  server.GrpcLogAppender (GrpcLogAppender.java:onCompleted(344)) - 8094cd77-30c2-47d7-ab82-7abee48b2f8b@group-1D5C0641F7B2->a928fc34-d4b3-4f47-b859-83818f25ed6e-AppendLogResponseHandler: follower responses appendEntries COMPLETED
2021-10-12 06:06:43,174 [grpc-default-executor-1] INFO  server.GrpcLogAppender (GrpcLogAppender.java:onCompleted(344)) - 8094cd77-30c2-47d7-ab82-7abee48b2f8b@group-1D5C0641F7B2->69929a81-75b5-4e59-a9cb-c7e6f0fb6fd6-AppendLogResponseHandler: follower responses appendEntries COMPLETED
2021-10-12 06:06:43,174 [grpc-default-executor-1] INFO  leader.FollowerInfo (FollowerInfoImpl.java:lambda$new$0(46)) - 8094cd77-30c2-47d7-ab82-7abee48b2f8b@group-1D5C0641F7B2->69929a81-75b5-4e59-a9cb-c7e6f0fb6fd6: nextIndex: updateUnconditionally 1 -> 0
2021-10-12 06:06:43,174 [grpc-default-executor-6] INFO  leader.FollowerInfo (FollowerInfoImpl.java:lambda$new$0(46)) - 8094cd77-30c2-47d7-ab82-7abee48b2f8b@group-1D5C0641F7B2->a928fc34-d4b3-4f47-b859-83818f25ed6e: nextIndex: updateUnconditionally 1 -> 0
2021-10-12 06:06:43,178 [8094cd77-30c2-47d7-ab82-7abee48b2f8b@group-D0BF975CEDA1-StateMachineUpdater] INFO  ratis.ContainerStateMachine (ContainerStateMachine.java:takeSnapshot(303)) - group-D0BF975CEDA1: Finished taking a snapshot at:(t:1, i:0) file:/home/runner/work/ozone/ozone/hadoop-ozone/integration-test/target/test-dir/MiniOzoneClusterImpl-c6dc50ab-6fac-4554-b78d-9440f3e38bfb/datanode-6/data/ratis/5ecef51f-4e59-4141-a865-d0bf975ceda1/sm/snapshot.1_0 took: 15 ms
2021-10-12 06:06:43,178 [8094cd77-30c2-47d7-ab82-7abee48b2f8b@group-D0BF975CEDA1-StateMachineUpdater] INFO  impl.StateMachineUpdater (StateMachineUpdater.java:takeSnapshot(281)) - 8094cd77-30c2-47d7-ab82-7abee48b2f8b@group-D0BF975CEDA1-StateMachineUpdater: Took a snapshot at index 0
2021-10-12 06:06:43,178 [8094cd77-30c2-47d7-ab82-7abee48b2f8b@group-D0BF975CEDA1-StateMachineUpdater] INFO  impl.StateMachineUpdater (StateMachineUpdater.java:lambda$new$0(89)) - 8094cd77-30c2-47d7-ab82-7abee48b2f8b@group-D0BF975CEDA1-StateMachineUpdater: snapshotIndex: updateIncreasingly -1 -> 0
2021-10-12 06:06:43,178 [Listener at 127.0.0.1/38829] INFO  server.RaftServer$Division (ServerState.java:close(419)) - 8094cd77-30c2-47d7-ab82-7abee48b2f8b@group-D0BF975CEDA1: closes. applyIndex: 0
2021-10-12 06:06:43,178 [8094cd77-30c2-47d7-ab82-7abee48b2f8b@group-D0BF975CEDA1-SegmentedRaftLogWorker] INFO  segmented.SegmentedRaftLogWorker (SegmentedRaftLogWorker.java:run(327)) - 8094cd77-30c2-47d7-ab82-7abee48b2f8b@group-D0BF975CEDA1-SegmentedRaftLogWorker was interrupted, exiting. There are 0 tasks remaining in the queue.
2021-10-12 06:06:43,208 [Listener at 127.0.0.1/38829] INFO  segmented.SegmentedRaftLogWorker (SegmentedRaftLogWorker.java:close(237)) - 8094cd77-30c2-47d7-ab82-7abee48b2f8b@group-D0BF975CEDA1-SegmentedRaftLogWorker close()
2021-10-12 06:06:43,209 [grpc-default-executor-4] INFO  server.GrpcLogAppender (GrpcLogAppender.java:onCompleted(344)) - 8094cd77-30c2-47d7-ab82-7abee48b2f8b@group-D184F90DD9F3->a928fc34-d4b3-4f47-b859-83818f25ed6e-AppendLogResponseHandler: follower responses appendEntries COMPLETED
2021-10-12 06:06:43,209 [grpc-default-executor-4] INFO  leader.FollowerInfo (FollowerInfoImpl.java:lambda$new$0(46)) - 8094cd77-30c2-47d7-ab82-7abee48b2f8b@group-D184F90DD9F3->a928fc34-d4b3-4f47-b859-83818f25ed6e: nextIndex: updateUnconditionally 1 -> 0
2021-10-12 06:06:43,251 [Listener at 127.0.0.1/38829] INFO  server.RaftServer$Division (RaftServerImpl.java:lambda$close$4(407)) - 8094cd77-30c2-47d7-ab82-7abee48b2f8b@group-563C7752DC70: shutdown
2021-10-12 06:06:43,251 [Listener at 127.0.0.1/38829] INFO  util.JmxRegister (JmxRegister.java:unregister(73)) - Successfully un-registered JMX Bean with object name Ratis:service=RaftServer,group=group-563C7752DC70,id=8094cd77-30c2-47d7-ab82-7abee48b2f8b
2021-10-12 06:06:43,251 [Listener at 127.0.0.1/38829] INFO  impl.RoleInfo (RoleInfo.java:shutdownLeaderState(91)) - 8094cd77-30c2-47d7-ab82-7abee48b2f8b: shutdown 8094cd77-30c2-47d7-ab82-7abee48b2f8b@group-563C7752DC70-LeaderStateImpl
2021-10-12 06:06:43,251 [Listener at 127.0.0.1/38829] INFO  impl.PendingRequests (PendingRequests.java:sendNotLeaderResponses(282)) - 8094cd77-30c2-47d7-ab82-7abee48b2f8b@group-563C7752DC70-PendingRequests: sendNotLeaderResponses
2021-10-12 06:06:43,252 [Listener at 127.0.0.1/38829] INFO  impl.StateMachineUpdater (StateMachineUpdater.java:stopAndJoin(149)) - 8094cd77-30c2-47d7-ab82-7abee48b2f8b@group-563C7752DC70-StateMachineUpdater: set stopIndex = 0
2021-10-12 06:06:43,252 [8094cd77-30c2-47d7-ab82-7abee48b2f8b@group-563C7752DC70-StateMachineUpdater] INFO  ratis.ContainerStateMachine (ContainerStateMachine.java:takeSnapshot(292)) - group-563C7752DC70: Taking a snapshot at:(t:1, i:0) file /home/runner/work/ozone/ozone/hadoop-ozone/integration-test/target/test-dir/MiniOzoneClusterImpl-c6dc50ab-6fac-4554-b78d-9440f3e38bfb/datanode-6/data/ratis/43352944-ce4e-4e88-a3a6-563c7752dc70/sm/snapshot.1_0
2021-10-12 06:06:43,260 [8094cd77-30c2-47d7-ab82-7abee48b2f8b@group-563C7752DC70-StateMachineUpdater] INFO  ratis.ContainerStateMachine (ContainerStateMachine.java:takeSnapshot(303)) - group-563C7752DC70: Finished taking a snapshot at:(t:1, i:0) file:/home/runner/work/ozone/ozone/hadoop-ozone/integration-test/target/test-dir/MiniOzoneClusterImpl-c6dc50ab-6fac-4554-b78d-9440f3e38bfb/datanode-6/data/ratis/43352944-ce4e-4e88-a3a6-563c7752dc70/sm/snapshot.1_0 took: 8 ms
2021-10-12 06:06:43,260 [8094cd77-30c2-47d7-ab82-7abee48b2f8b@group-563C7752DC70-StateMachineUpdater] INFO  impl.StateMachineUpdater (StateMachineUpdater.java:takeSnapshot(281)) - 8094cd77-30c2-47d7-ab82-7abee48b2f8b@group-563C7752DC70-StateMachineUpdater: Took a snapshot at index 0
2021-10-12 06:06:43,260 [8094cd77-30c2-47d7-ab82-7abee48b2f8b@group-563C7752DC70-StateMachineUpdater] INFO  impl.StateMachineUpdater (StateMachineUpdater.java:lambda$new$0(89)) - 8094cd77-30c2-47d7-ab82-7abee48b2f8b@group-563C7752DC70-StateMachineUpdater: snapshotIndex: updateIncreasingly -1 -> 0
2021-10-12 06:06:43,260 [Listener at 127.0.0.1/38829] INFO  server.RaftServer$Division (ServerState.java:close(419)) - 8094cd77-30c2-47d7-ab82-7abee48b2f8b@group-563C7752DC70: closes. applyIndex: 0
2021-10-12 06:06:43,261 [8094cd77-30c2-47d7-ab82-7abee48b2f8b@group-563C7752DC70-SegmentedRaftLogWorker] INFO  segmented.SegmentedRaftLogWorker (SegmentedRaftLogWorker.java:run(327)) - 8094cd77-30c2-47d7-ab82-7abee48b2f8b@group-563C7752DC70-SegmentedRaftLogWorker was interrupted, exiting. There are 0 tasks remaining in the queue.
2021-10-12 06:06:43,264 [Listener at 127.0.0.1/38829] INFO  segmented.SegmentedRaftLogWorker (SegmentedRaftLogWorker.java:close(237)) - 8094cd77-30c2-47d7-ab82-7abee48b2f8b@group-563C7752DC70-SegmentedRaftLogWorker close()
2021-10-12 06:06:43,264 [Listener at 127.0.0.1/38829] INFO  server.GrpcService (GrpcService.java:closeImpl(262)) - 8094cd77-30c2-47d7-ab82-7abee48b2f8b: shutdown server with port 44663 now
2021-10-12 06:06:43,290 [grpc-default-executor-6] WARN  server.GrpcServerProtocolService (LogUtils.java:warn(122)) - 8094cd77-30c2-47d7-ab82-7abee48b2f8b: installSnapshot onError, lastRequest: 69929a81-75b5-4e59-a9cb-c7e6f0fb6fd6->8094cd77-30c2-47d7-ab82-7abee48b2f8b#1-t1,previous=(t:0, i:0),leaderCommit=-1,initializing? true,entries: size=1, first=(t:1, i:0), CONFIGURATIONENTRY: org.apache.ratis.thirdparty.io.grpc.StatusRuntimeException: CANCELLED: client cancelled
2021-10-12 06:06:43,294 [grpc-default-executor-4] WARN  server.GrpcLogAppender (LogUtils.java:warn(122)) - 69929a81-75b5-4e59-a9cb-c7e6f0fb6fd6@group-D0BF975CEDA1->8094cd77-30c2-47d7-ab82-7abee48b2f8b-AppendLogResponseHandler: Failed appendEntries: org.apache.ratis.thirdparty.io.grpc.StatusRuntimeException: CANCELLED: HTTP/2 error code: CANCEL
Received Rst Stream
2021-10-12 06:06:43,294 [grpc-default-executor-4] WARN  server.GrpcLogAppender (GrpcLogAppender.java:resetClient(111)) - 69929a81-75b5-4e59-a9cb-c7e6f0fb6fd6@group-D0BF975CEDA1->8094cd77-30c2-47d7-ab82-7abee48b2f8b-GrpcLogAppender: Leader has not got in touch with Follower 69929a81-75b5-4e59-a9cb-c7e6f0fb6fd6@group-D0BF975CEDA1->8094cd77-30c2-47d7-ab82-7abee48b2f8b(c0,m0,n1, attendVote=true, lastRpcSendTime=495, lastRpcResponseTime=466) yet, just keep nextIndex unchanged and retry.
2021-10-12 06:06:43,354 [Listener at 127.0.0.1/38829] INFO  server.GrpcService (GrpcService.java:closeImpl(271)) - 8094cd77-30c2-47d7-ab82-7abee48b2f8b: shutdown server with port 44663 successfully
2021-10-12 06:06:43,358 [org.apache.ratis.util.JvmPauseMonitor$$Lambda$531/599601214@49ca3df9] INFO  util.JvmPauseMonitor (JvmPauseMonitor.java:run(109)) - JvmPauseMonitor-8094cd77-30c2-47d7-ab82-7abee48b2f8b: Stopped
2021-10-12 06:06:43,362 [Listener at 127.0.0.1/38829] INFO  utils.BackgroundService (BackgroundService.java:shutdown(132)) - Shutting down service BlockDeletingService
2021-10-12 06:06:43,662 [grpc-default-executor-4] WARN  server.GrpcLogAppender (LogUtils.java:warn(122)) - a928fc34-d4b3-4f47-b859-83818f25ed6e@group-510924D56746->f6edce37-208d-40f1-ab7e-323414b00593-AppendLogResponseHandler: Failed appendEntries: org.apache.ratis.thirdparty.io.grpc.StatusRuntimeException: UNAVAILABLE: io exception
2021-10-12 06:06:43,663 [grpc-default-executor-4] WARN  server.GrpcLogAppender (GrpcLogAppender.java:resetClient(111)) - a928fc34-d4b3-4f47-b859-83818f25ed6e@group-510924D56746->f6edce37-208d-40f1-ab7e-323414b00593-GrpcLogAppender: Leader has not got in touch with Follower a928fc34-d4b3-4f47-b859-83818f25ed6e@group-510924D56746->f6edce37-208d-40f1-ab7e-323414b00593(c-1,m0,n1, attendVote=true, lastRpcSendTime=0, lastRpcResponseTime=7919) yet, just keep nextIndex unchanged and retry.
2021-10-12 06:06:45,189 [grpc-default-executor-4] WARN  server.GrpcLogAppender (LogUtils.java:warn(122)) - fdd2c237-e414-4605-b3b4-833d5e073368@group-C2C9DE719BAF->1a275f92-aa29-4e99-8b54-16510abadaea-AppendLogResponseHandler: Failed appendEntries: org.apache.ratis.thirdparty.io.grpc.StatusRuntimeException: UNAVAILABLE: io exception
2021-10-12 06:06:45,190 [grpc-default-executor-4] WARN  server.GrpcLogAppender (GrpcLogAppender.java:resetClient(111)) - fdd2c237-e414-4605-b3b4-833d5e073368@group-C2C9DE719BAF->1a275f92-aa29-4e99-8b54-16510abadaea-GrpcLogAppender: Leader has not got in touch with Follower fdd2c237-e414-4605-b3b4-833d5e073368@group-C2C9DE719BAF->1a275f92-aa29-4e99-8b54-16510abadaea(c0,m0,n1, attendVote=true, lastRpcSendTime=0, lastRpcResponseTime=12636) yet, just keep nextIndex unchanged and retry.
2021-10-12 06:06:45,226 [grpc-default-executor-4] WARN  server.GrpcLogAppender (LogUtils.java:warn(122)) - 69929a81-75b5-4e59-a9cb-c7e6f0fb6fd6@group-D0BF975CEDA1->f6edce37-208d-40f1-ab7e-323414b00593-AppendLogResponseHandler: Failed appendEntries: org.apache.ratis.thirdparty.io.grpc.StatusRuntimeException: UNAVAILABLE: io exception
2021-10-12 06:06:45,227 [grpc-default-executor-4] WARN  server.GrpcLogAppender (GrpcLogAppender.java:resetClient(111)) - 69929a81-75b5-4e59-a9cb-c7e6f0fb6fd6@group-D0BF975CEDA1->f6edce37-208d-40f1-ab7e-323414b00593-GrpcLogAppender: Leader has not got in touch with Follower 69929a81-75b5-4e59-a9cb-c7e6f0fb6fd6@group-D0BF975CEDA1->f6edce37-208d-40f1-ab7e-323414b00593(c-1,m0,n1, attendVote=true, lastRpcSendTime=2599, lastRpcResponseTime=15447) yet, just keep nextIndex unchanged and retry.
2021-10-12 06:06:45,329 [grpc-default-executor-6] WARN  server.GrpcLogAppender (LogUtils.java:warn(122)) - 69929a81-75b5-4e59-a9cb-c7e6f0fb6fd6@group-D0BF975CEDA1->8094cd77-30c2-47d7-ab82-7abee48b2f8b-AppendLogResponseHandler: Failed appendEntries: org.apache.ratis.thirdparty.io.grpc.StatusRuntimeException: UNAVAILABLE: io exception
2021-10-12 06:06:45,329 [grpc-default-executor-6] WARN  server.GrpcLogAppender (GrpcLogAppender.java:resetClient(111)) - 69929a81-75b5-4e59-a9cb-c7e6f0fb6fd6@group-D0BF975CEDA1->8094cd77-30c2-47d7-ab82-7abee48b2f8b-GrpcLogAppender: Leader has not got in touch with Follower 69929a81-75b5-4e59-a9cb-c7e6f0fb6fd6@group-D0BF975CEDA1->8094cd77-30c2-47d7-ab82-7abee48b2f8b(c0,m0,n1, attendVote=true, lastRpcSendTime=0, lastRpcResponseTime=2501) yet, just keep nextIndex unchanged and retry.
2021-10-12 06:06:45,378 [grpc-default-executor-4] WARN  server.GrpcLogAppender (LogUtils.java:warn(122)) - fd6d4eb7-d4eb-4c85-951f-7fa23d5c4e33@group-C5477E2A5DAB->1a275f92-aa29-4e99-8b54-16510abadaea-AppendLogResponseHandler: Failed appendEntries: org.apache.ratis.thirdparty.io.grpc.StatusRuntimeException: UNAVAILABLE: io exception
2021-10-12 06:06:45,379 [grpc-default-executor-4] WARN  server.GrpcLogAppender (GrpcLogAppender.java:resetClient(111)) - fd6d4eb7-d4eb-4c85-951f-7fa23d5c4e33@group-C5477E2A5DAB->1a275f92-aa29-4e99-8b54-16510abadaea-GrpcLogAppender: Leader has not got in touch with Follower fd6d4eb7-d4eb-4c85-951f-7fa23d5c4e33@group-C5477E2A5DAB->1a275f92-aa29-4e99-8b54-16510abadaea(c0,m0,n1, attendVote=true, lastRpcSendTime=0, lastRpcResponseTime=12594) yet, just keep nextIndex unchanged and retry.
2021-10-12 06:06:46,183 [grpc-default-executor-6] WARN  server.GrpcLogAppender (LogUtils.java:warn(122)) - a928fc34-d4b3-4f47-b859-83818f25ed6e@group-510924D56746->f6edce37-208d-40f1-ab7e-323414b00593-AppendLogResponseHandler: Failed appendEntries: org.apache.ratis.thirdparty.io.grpc.StatusRuntimeException: UNAVAILABLE: io exception
2021-10-12 06:06:46,183 [grpc-default-executor-6] WARN  server.GrpcLogAppender (GrpcLogAppender.java:resetClient(111)) - a928fc34-d4b3-4f47-b859-83818f25ed6e@group-510924D56746->f6edce37-208d-40f1-ab7e-323414b00593-GrpcLogAppender: Leader has not got in touch with Follower a928fc34-d4b3-4f47-b859-83818f25ed6e@group-510924D56746->f6edce37-208d-40f1-ab7e-323414b00593(c-1,m0,n1, attendVote=true, lastRpcSendTime=2521, lastRpcResponseTime=10440) yet, just keep nextIndex unchanged and retry.
2021-10-12 06:06:46,233 [fdd2c237-e414-4605-b3b4-833d5e073368@group-280CF83C0957-FollowerState] INFO  impl.FollowerState (FollowerState.java:run(134)) - fdd2c237-e414-4605-b3b4-833d5e073368@group-280CF83C0957-FollowerState: change to CANDIDATE, lastRpcElapsedTime:5065803068ns, electionTimeout:5064ms
2021-10-12 06:06:46,233 [fdd2c237-e414-4605-b3b4-833d5e073368@group-280CF83C0957-FollowerState] INFO  impl.RoleInfo (RoleInfo.java:shutdownFollowerState(108)) - fdd2c237-e414-4605-b3b4-833d5e073368: shutdown fdd2c237-e414-4605-b3b4-833d5e073368@group-280CF83C0957-FollowerState
2021-10-12 06:06:46,233 [fdd2c237-e414-4605-b3b4-833d5e073368@group-280CF83C0957-FollowerState] INFO  server.RaftServer$Division (RaftServerImpl.java:setRole(285)) - fdd2c237-e414-4605-b3b4-833d5e073368@group-280CF83C0957: changes role from  FOLLOWER to CANDIDATE at term 5 for changeToCandidate
2021-10-12 06:06:46,233 [fdd2c237-e414-4605-b3b4-833d5e073368@group-280CF83C0957-FollowerState] INFO  server.RaftServerConfigKeys (ConfUtils.java:logGet(44)) - raft.server.leaderelection.pre-vote = false (custom)
2021-10-12 06:06:46,233 [fdd2c237-e414-4605-b3b4-833d5e073368@group-280CF83C0957-FollowerState] INFO  impl.RoleInfo (RoleInfo.java:updateAndGet(130)) - fdd2c237-e414-4605-b3b4-833d5e073368: start fdd2c237-e414-4605-b3b4-833d5e073368@group-280CF83C0957-LeaderElection119
2021-10-12 06:06:46,317 [fd6d4eb7-d4eb-4c85-951f-7fa23d5c4e33@group-280CF83C0957-FollowerState] INFO  impl.FollowerState (FollowerState.java:run(134)) - fd6d4eb7-d4eb-4c85-951f-7fa23d5c4e33@group-280CF83C0957-FollowerState: change to CANDIDATE, lastRpcElapsedTime:5179749351ns, electionTimeout:5123ms
2021-10-12 06:06:46,317 [fd6d4eb7-d4eb-4c85-951f-7fa23d5c4e33@group-280CF83C0957-FollowerState] INFO  impl.RoleInfo (RoleInfo.java:shutdownFollowerState(108)) - fd6d4eb7-d4eb-4c85-951f-7fa23d5c4e33: shutdown fd6d4eb7-d4eb-4c85-951f-7fa23d5c4e33@group-280CF83C0957-FollowerState
2021-10-12 06:06:46,317 [fd6d4eb7-d4eb-4c85-951f-7fa23d5c4e33@group-280CF83C0957-FollowerState] INFO  server.RaftServer$Division (RaftServerImpl.java:setRole(285)) - fd6d4eb7-d4eb-4c85-951f-7fa23d5c4e33@group-280CF83C0957: changes role from  FOLLOWER to CANDIDATE at term 5 for changeToCandidate
2021-10-12 06:06:46,317 [fd6d4eb7-d4eb-4c85-951f-7fa23d5c4e33@group-280CF83C0957-FollowerState] INFO  server.RaftServerConfigKeys (ConfUtils.java:logGet(44)) - raft.server.leaderelection.pre-vote = false (custom)
2021-10-12 06:06:46,317 [fd6d4eb7-d4eb-4c85-951f-7fa23d5c4e33@group-280CF83C0957-FollowerState] INFO  impl.RoleInfo (RoleInfo.java:updateAndGet(130)) - fd6d4eb7-d4eb-4c85-951f-7fa23d5c4e33: start fd6d4eb7-d4eb-4c85-951f-7fa23d5c4e33@group-280CF83C0957-LeaderElection120
2021-10-12 06:06:46,364 [fdd2c237-e414-4605-b3b4-833d5e073368@group-280CF83C0957-LeaderElection119] INFO  impl.LeaderElection (LeaderElection.java:askForVotes(306)) - fdd2c237-e414-4605-b3b4-833d5e073368@group-280CF83C0957-LeaderElection119 ELECTION round 0: submit vote requests at term 6 for 0: [1a275f92-aa29-4e99-8b54-16510abadaea|rpc:10.1.0.59:35911|dataStream:|priority:1, fd6d4eb7-d4eb-4c85-951f-7fa23d5c4e33|rpc:10.1.0.59:37125|dataStream:|priority:0, fdd2c237-e414-4605-b3b4-833d5e073368|rpc:10.1.0.59:38743|dataStream:|priority:0], old=null
2021-10-12 06:06:46,365 [fd6d4eb7-d4eb-4c85-951f-7fa23d5c4e33@group-280CF83C0957-LeaderElection120] INFO  impl.LeaderElection (LeaderElection.java:askForVotes(306)) - fd6d4eb7-d4eb-4c85-951f-7fa23d5c4e33@group-280CF83C0957-LeaderElection120 ELECTION round 0: submit vote requests at term 6 for 0: [1a275f92-aa29-4e99-8b54-16510abadaea|rpc:10.1.0.59:35911|dataStream:|priority:1, fd6d4eb7-d4eb-4c85-951f-7fa23d5c4e33|rpc:10.1.0.59:37125|dataStream:|priority:0, fdd2c237-e414-4605-b3b4-833d5e073368|rpc:10.1.0.59:38743|dataStream:|priority:0], old=null
2021-10-12 06:06:46,409 [Listener at 127.0.0.1/38829] INFO  statemachine.DatanodeStateMachine (DatanodeStateMachine.java:stopDaemon(522)) - Ozone container server stopped.
2021-10-12 06:06:46,409 [fdd2c237-e414-4605-b3b4-833d5e073368@group-280CF83C0957-LeaderElection119] INFO  impl.LeaderElection (LogUtils.java:infoOrTrace(137)) - fdd2c237-e414-4605-b3b4-833d5e073368@group-280CF83C0957-LeaderElection119 got exception when requesting votes: java.util.concurrent.ExecutionException: org.apache.ratis.thirdparty.io.grpc.StatusRuntimeException: UNAVAILABLE: io exception
2021-10-12 06:06:46,411 [grpc-default-executor-6] INFO  server.RaftServer$Division (RaftServerImpl.java:requestVote(1043)) - fd6d4eb7-d4eb-4c85-951f-7fa23d5c4e33@group-280CF83C0957: receive requestVote(ELECTION, fdd2c237-e414-4605-b3b4-833d5e073368, group-280CF83C0957, 6, (t:4, i:0))
2021-10-12 06:06:46,411 [grpc-default-executor-6] INFO  impl.VoteContext (VoteContext.java:log(48)) - fd6d4eb7-d4eb-4c85-951f-7fa23d5c4e33@group-280CF83C0957-CANDIDATE: reject ELECTION from fdd2c237-e414-4605-b3b4-833d5e073368: already has voted for fd6d4eb7-d4eb-4c85-951f-7fa23d5c4e33 at current term 6
2021-10-12 06:06:46,411 [grpc-default-executor-6] INFO  server.RaftServer$Division (RaftServerImpl.java:requestVote(1075)) - fd6d4eb7-d4eb-4c85-951f-7fa23d5c4e33@group-280CF83C0957 replies to ELECTION vote request: fdd2c237-e414-4605-b3b4-833d5e073368<-fd6d4eb7-d4eb-4c85-951f-7fa23d5c4e33#0:FAIL-t6. Peer's state: fd6d4eb7-d4eb-4c85-951f-7fa23d5c4e33@group-280CF83C0957:t6, leader=null, voted=fd6d4eb7-d4eb-4c85-951f-7fa23d5c4e33, raftlog=fd6d4eb7-d4eb-4c85-951f-7fa23d5c4e33@group-280CF83C0957-SegmentedRaftLog:OPENED:c0,f0,i0, conf=0: [1a275f92-aa29-4e99-8b54-16510abadaea|rpc:10.1.0.59:35911|dataStream:|priority:1, fd6d4eb7-d4eb-4c85-951f-7fa23d5c4e33|rpc:10.1.0.59:37125|dataStream:|priority:0, fdd2c237-e414-4605-b3b4-833d5e073368|rpc:10.1.0.59:38743|dataStream:|priority:0], old=null
2021-10-12 06:06:46,444 [fd6d4eb7-d4eb-4c85-951f-7fa23d5c4e33@group-280CF83C0957-LeaderElection120] INFO  impl.LeaderElection (LogUtils.java:infoOrTrace(137)) - fd6d4eb7-d4eb-4c85-951f-7fa23d5c4e33@group-280CF83C0957-LeaderElection120 got exception when requesting votes: java.util.concurrent.ExecutionException: org.apache.ratis.thirdparty.io.grpc.StatusRuntimeException: UNAVAILABLE: io exception
2021-10-12 06:06:46,444 [fdd2c237-e414-4605-b3b4-833d5e073368@group-280CF83C0957-LeaderElection119] INFO  impl.LeaderElection (LeaderElection.java:logAndReturn(89)) - fdd2c237-e414-4605-b3b4-833d5e073368@group-280CF83C0957-LeaderElection119: ELECTION REJECTED received 1 response(s) and 1 exception(s):
2021-10-12 06:06:46,444 [fdd2c237-e414-4605-b3b4-833d5e073368@group-280CF83C0957-LeaderElection119] INFO  impl.LeaderElection (LeaderElection.java:logAndReturn(93)) -   Response 0: fdd2c237-e414-4605-b3b4-833d5e073368<-fd6d4eb7-d4eb-4c85-951f-7fa23d5c4e33#0:FAIL-t6
2021-10-12 06:06:46,444 [fdd2c237-e414-4605-b3b4-833d5e073368@group-280CF83C0957-LeaderElection119] INFO  impl.LeaderElection (LogUtils.java:infoOrTrace(137)) -   Exception 1: java.util.concurrent.ExecutionException: org.apache.ratis.thirdparty.io.grpc.StatusRuntimeException: UNAVAILABLE: io exception
2021-10-12 06:06:46,444 [fdd2c237-e414-4605-b3b4-833d5e073368@group-280CF83C0957-LeaderElection119] INFO  impl.LeaderElection (LeaderElection.java:askForVotes(308)) - fdd2c237-e414-4605-b3b4-833d5e073368@group-280CF83C0957-LeaderElection119 ELECTION round 0: result REJECTED
2021-10-12 06:06:46,444 [fdd2c237-e414-4605-b3b4-833d5e073368@group-280CF83C0957-LeaderElection119] INFO  server.RaftServer$Division (RaftServerImpl.java:setRole(285)) - fdd2c237-e414-4605-b3b4-833d5e073368@group-280CF83C0957: changes role from CANDIDATE to FOLLOWER at term 6 for REJECTED
2021-10-12 06:06:46,444 [fdd2c237-e414-4605-b3b4-833d5e073368@group-280CF83C0957-LeaderElection119] INFO  impl.RoleInfo (RoleInfo.java:shutdownLeaderElection(121)) - fdd2c237-e414-4605-b3b4-833d5e073368: shutdown fdd2c237-e414-4605-b3b4-833d5e073368@group-280CF83C0957-LeaderElection119
2021-10-12 06:06:46,444 [fdd2c237-e414-4605-b3b4-833d5e073368@group-280CF83C0957-LeaderElection119] INFO  impl.RoleInfo (RoleInfo.java:updateAndGet(130)) - fdd2c237-e414-4605-b3b4-833d5e073368: start fdd2c237-e414-4605-b3b4-833d5e073368@group-280CF83C0957-FollowerState
2021-10-12 06:06:46,445 [grpc-default-executor-6] INFO  server.RaftServer$Division (RaftServerImpl.java:requestVote(1043)) - fdd2c237-e414-4605-b3b4-833d5e073368@group-280CF83C0957: receive requestVote(ELECTION, fd6d4eb7-d4eb-4c85-951f-7fa23d5c4e33, group-280CF83C0957, 6, (t:4, i:0))
2021-10-12 06:06:46,472 [grpc-default-executor-6] INFO  impl.VoteContext (VoteContext.java:log(48)) - fdd2c237-e414-4605-b3b4-833d5e073368@group-280CF83C0957-FOLLOWER: reject ELECTION from fd6d4eb7-d4eb-4c85-951f-7fa23d5c4e33: already has voted for fdd2c237-e414-4605-b3b4-833d5e073368 at current term 6
2021-10-12 06:06:46,472 [grpc-default-executor-6] INFO  server.RaftServer$Division (RaftServerImpl.java:requestVote(1075)) - fdd2c237-e414-4605-b3b4-833d5e073368@group-280CF83C0957 replies to ELECTION vote request: fd6d4eb7-d4eb-4c85-951f-7fa23d5c4e33<-fdd2c237-e414-4605-b3b4-833d5e073368#0:FAIL-t6. Peer's state: fdd2c237-e414-4605-b3b4-833d5e073368@group-280CF83C0957:t6, leader=null, voted=fdd2c237-e414-4605-b3b4-833d5e073368, raftlog=fdd2c237-e414-4605-b3b4-833d5e073368@group-280CF83C0957-SegmentedRaftLog:OPENED:c0,f0,i0, conf=0: [1a275f92-aa29-4e99-8b54-16510abadaea|rpc:10.1.0.59:35911|dataStream:|priority:1, fd6d4eb7-d4eb-4c85-951f-7fa23d5c4e33|rpc:10.1.0.59:37125|dataStream:|priority:0, fdd2c237-e414-4605-b3b4-833d5e073368|rpc:10.1.0.59:38743|dataStream:|priority:0], old=null
2021-10-12 06:06:46,473 [Listener at 127.0.0.1/38829] INFO  handler.ContextHandler (ContextHandler.java:doStop(1153)) - Stopped o.e.j.w.WebAppContext@d3cdaee{hddsDatanode,/,null,STOPPED}{jar:file:/home/runner/.m2/repository/org/apache/ozone/hdds-container-service/1.2.0-SNAPSHOT/hdds-container-service-1.2.0-SNAPSHOT.jar!/webapps/hddsDatanode}
2021-10-12 06:06:46,473 [fd6d4eb7-d4eb-4c85-951f-7fa23d5c4e33@group-280CF83C0957-LeaderElection120] INFO  impl.LeaderElection (LeaderElection.java:logAndReturn(89)) - fd6d4eb7-d4eb-4c85-951f-7fa23d5c4e33@group-280CF83C0957-LeaderElection120: ELECTION REJECTED received 1 response(s) and 1 exception(s):
2021-10-12 06:06:46,473 [fd6d4eb7-d4eb-4c85-951f-7fa23d5c4e33@group-280CF83C0957-LeaderElection120] INFO  impl.LeaderElection (LeaderElection.java:logAndReturn(93)) -   Response 0: fd6d4eb7-d4eb-4c85-951f-7fa23d5c4e33<-fdd2c237-e414-4605-b3b4-833d5e073368#0:FAIL-t6
2021-10-12 06:06:46,473 [fd6d4eb7-d4eb-4c85-951f-7fa23d5c4e33@group-280CF83C0957-LeaderElection120] INFO  impl.LeaderElection (LogUtils.java:infoOrTrace(137)) -   Exception 1: java.util.concurrent.ExecutionException: org.apache.ratis.thirdparty.io.grpc.StatusRuntimeException: UNAVAILABLE: io exception
2021-10-12 06:06:46,473 [fd6d4eb7-d4eb-4c85-951f-7fa23d5c4e33@group-280CF83C0957-LeaderElection120] INFO  impl.LeaderElection (LeaderElection.java:askForVotes(308)) - fd6d4eb7-d4eb-4c85-951f-7fa23d5c4e33@group-280CF83C0957-LeaderElection120 ELECTION round 0: result REJECTED
2021-10-12 06:06:46,473 [fd6d4eb7-d4eb-4c85-951f-7fa23d5c4e33@group-280CF83C0957-LeaderElection120] INFO  server.RaftServer$Division (RaftServerImpl.java:setRole(285)) - fd6d4eb7-d4eb-4c85-951f-7fa23d5c4e33@group-280CF83C0957: changes role from CANDIDATE to FOLLOWER at term 6 for REJECTED
2021-10-12 06:06:46,473 [fd6d4eb7-d4eb-4c85-951f-7fa23d5c4e33@group-280CF83C0957-LeaderElection120] INFO  impl.RoleInfo (RoleInfo.java:shutdownLeaderElection(121)) - fd6d4eb7-d4eb-4c85-951f-7fa23d5c4e33: shutdown fd6d4eb7-d4eb-4c85-951f-7fa23d5c4e33@group-280CF83C0957-LeaderElection120
2021-10-12 06:06:46,473 [fd6d4eb7-d4eb-4c85-951f-7fa23d5c4e33@group-280CF83C0957-LeaderElection120] INFO  impl.RoleInfo (RoleInfo.java:updateAndGet(130)) - fd6d4eb7-d4eb-4c85-951f-7fa23d5c4e33: start fd6d4eb7-d4eb-4c85-951f-7fa23d5c4e33@group-280CF83C0957-FollowerState
2021-10-12 06:06:46,474 [Listener at 127.0.0.1/38829] INFO  server.AbstractConnector (AbstractConnector.java:doStop(381)) - Stopped ServerConnector@24d0e22a{HTTP/1.1, (http/1.1)}{0.0.0.0:0}
2021-10-12 06:06:46,474 [Listener at 127.0.0.1/38829] INFO  server.session (HouseKeeper.java:stopScavenging(149)) - node0 Stopped scavenging
2021-10-12 06:06:46,493 [Listener at 127.0.0.1/38829] INFO  handler.ContextHandler (ContextHandler.java:doStop(1153)) - Stopped o.e.j.s.ServletContextHandler@757f37da{static,/static,jar:file:/home/runner/.m2/repository/org/apache/ozone/hdds-container-service/1.2.0-SNAPSHOT/hdds-container-service-1.2.0-SNAPSHOT.jar!/webapps/static,STOPPED}
2021-10-12 06:06:46,494 [Listener at 127.0.0.1/38829] INFO  handler.ContextHandler (ContextHandler.java:doStop(1153)) - Stopped o.e.j.s.ServletContextHandler@56868738{logs,/logs,file:///home/runner/work/ozone/ozone/hadoop-ozone/integration-test/target/log,STOPPED}
2021-10-12 06:06:47,380 [EventQueue-StaleNodeForStaleNodeHandler] INFO  node.StaleNodeHandler (StaleNodeHandler.java:onMessage(58)) - Datanode 8094cd77-30c2-47d7-ab82-7abee48b2f8b{ip: 10.1.0.59, host: fv-az297-361.nmf1rxwemy4u5di1sxxf4ejcwb.jx.internal.cloudapp.net, ports: [REPLICATION=39463, RATIS=44663, RATIS_ADMIN=44663, RATIS_SERVER=44663, STANDALONE=42885], networkLocation: /default-rack, certSerialId: null, persistedOpState: IN_SERVICE, persistedOpStateExpiryEpochSec: 0} moved to stale state. Finalizing its pipelines [PipelineID=8f317fee-cc95-4c93-953a-d184f90dd9f3, PipelineID=9932fe54-2ba2-4d09-8578-1d5c0641f7b2, PipelineID=5ecef51f-4e59-4141-a865-d0bf975ceda1, PipelineID=43352944-ce4e-4e88-a3a6-563c7752dc70]
2021-10-12 06:06:47,380 [EventQueue-StaleNodeForStaleNodeHandler] INFO  pipeline.PipelineManagerImpl (PipelineManagerImpl.java:closePipeline(342)) - Pipeline Pipeline[ Id: 9932fe54-2ba2-4d09-8578-1d5c0641f7b2, Nodes: a928fc34-d4b3-4f47-b859-83818f25ed6e{ip: 10.1.0.59, host: fv-az297-361.nmf1rxwemy4u5di1sxxf4ejcwb.jx.internal.cloudapp.net, ports: [REPLICATION=46425, RATIS=35709, RATIS_ADMIN=35709, RATIS_SERVER=35709, STANDALONE=38129], networkLocation: /default-rack, certSerialId: null, persistedOpState: IN_SERVICE, persistedOpStateExpiryEpochSec: 0}8094cd77-30c2-47d7-ab82-7abee48b2f8b{ip: 10.1.0.59, host: fv-az297-361.nmf1rxwemy4u5di1sxxf4ejcwb.jx.internal.cloudapp.net, ports: [REPLICATION=39463, RATIS=44663, RATIS_ADMIN=44663, RATIS_SERVER=44663, STANDALONE=42885], networkLocation: /default-rack, certSerialId: null, persistedOpState: IN_SERVICE, persistedOpStateExpiryEpochSec: 0}69929a81-75b5-4e59-a9cb-c7e6f0fb6fd6{ip: 10.1.0.59, host: fv-az297-361.nmf1rxwemy4u5di1sxxf4ejcwb.jx.internal.cloudapp.net, ports: [REPLICATION=46479, RATIS=40555, RATIS_ADMIN=40555, RATIS_SERVER=40555, STANDALONE=34613], networkLocation: /default-rack, certSerialId: null, persistedOpState: IN_SERVICE, persistedOpStateExpiryEpochSec: 0}, ReplicationConfig: RATIS/THREE, State:ALLOCATED, leaderId:, CreationTimestamp2021-10-12T06:06:28.515Z[Etc/UTC]] moved to CLOSED state
2021-10-12 06:06:47,381 [EventQueue-StaleNodeForStaleNodeHandler] INFO  pipeline.PipelineManagerImpl (PipelineManagerImpl.java:closePipeline(342)) - Pipeline Pipeline[ Id: 43352944-ce4e-4e88-a3a6-563c7752dc70, Nodes: 8094cd77-30c2-47d7-ab82-7abee48b2f8b{ip: 10.1.0.59, host: fv-az297-361.nmf1rxwemy4u5di1sxxf4ejcwb.jx.internal.cloudapp.net, ports: [REPLICATION=39463, RATIS=44663, RATIS_ADMIN=44663, RATIS_SERVER=44663, STANDALONE=42885], networkLocation: /default-rack, certSerialId: null, persistedOpState: IN_SERVICE, persistedOpStateExpiryEpochSec: 0}, ReplicationConfig: RATIS/ONE, State:OPEN, leaderId:8094cd77-30c2-47d7-ab82-7abee48b2f8b, CreationTimestamp2021-10-12T06:05:32.611Z[Etc/UTC]] moved to CLOSED state
2021-10-12 06:06:47,693 [grpc-default-executor-6] WARN  server.GrpcLogAppender (LogUtils.java:warn(122)) - fdd2c237-e414-4605-b3b4-833d5e073368@group-C2C9DE719BAF->1a275f92-aa29-4e99-8b54-16510abadaea-AppendLogResponseHandler: Failed appendEntries: org.apache.ratis.thirdparty.io.grpc.StatusRuntimeException: UNAVAILABLE: io exception
2021-10-12 06:06:47,693 [grpc-default-executor-6] WARN  server.GrpcLogAppender (GrpcLogAppender.java:resetClient(111)) - fdd2c237-e414-4605-b3b4-833d5e073368@group-C2C9DE719BAF->1a275f92-aa29-4e99-8b54-16510abadaea-GrpcLogAppender: Leader has not got in touch with Follower fdd2c237-e414-4605-b3b4-833d5e073368@group-C2C9DE719BAF->1a275f92-aa29-4e99-8b54-16510abadaea(c0,m0,n1, attendVote=true, lastRpcSendTime=2503, lastRpcResponseTime=15139) yet, just keep nextIndex unchanged and retry.
2021-10-12 06:06:47,734 [grpc-default-executor-6] WARN  server.GrpcLogAppender (LogUtils.java:warn(122)) - 69929a81-75b5-4e59-a9cb-c7e6f0fb6fd6@group-D0BF975CEDA1->f6edce37-208d-40f1-ab7e-323414b00593-AppendLogResponseHandler: Failed appendEntries: org.apache.ratis.thirdparty.io.grpc.StatusRuntimeException: UNAVAILABLE: io exception
2021-10-12 06:06:47,734 [grpc-default-executor-6] WARN  server.GrpcLogAppender (GrpcLogAppender.java:resetClient(111)) - 69929a81-75b5-4e59-a9cb-c7e6f0fb6fd6@group-D0BF975CEDA1->f6edce37-208d-40f1-ab7e-323414b00593-GrpcLogAppender: Leader has not got in touch with Follower 69929a81-75b5-4e59-a9cb-c7e6f0fb6fd6@group-D0BF975CEDA1->f6edce37-208d-40f1-ab7e-323414b00593(c-1,m0,n1, attendVote=true, lastRpcSendTime=2507, lastRpcResponseTime=17954) yet, just keep nextIndex unchanged and retry.
2021-10-12 06:06:47,838 [grpc-default-executor-6] WARN  server.GrpcLogAppender (LogUtils.java:warn(122)) - 69929a81-75b5-4e59-a9cb-c7e6f0fb6fd6@group-D0BF975CEDA1->8094cd77-30c2-47d7-ab82-7abee48b2f8b-AppendLogResponseHandler: Failed appendEntries: org.apache.ratis.thirdparty.io.grpc.StatusRuntimeException: UNAVAILABLE: io exception
2021-10-12 06:06:47,839 [grpc-default-executor-6] WARN  server.GrpcLogAppender (GrpcLogAppender.java:resetClient(111)) - 69929a81-75b5-4e59-a9cb-c7e6f0fb6fd6@group-D0BF975CEDA1->8094cd77-30c2-47d7-ab82-7abee48b2f8b-GrpcLogAppender: Leader has not got in touch with Follower 69929a81-75b5-4e59-a9cb-c7e6f0fb6fd6@group-D0BF975CEDA1->8094cd77-30c2-47d7-ab82-7abee48b2f8b(c0,m0,n1, attendVote=true, lastRpcSendTime=2509, lastRpcResponseTime=5010) yet, just keep nextIndex unchanged and retry.
2021-10-12 06:06:47,886 [grpc-default-executor-6] WARN  server.GrpcLogAppender (LogUtils.java:warn(122)) - fd6d4eb7-d4eb-4c85-951f-7fa23d5c4e33@group-C5477E2A5DAB->1a275f92-aa29-4e99-8b54-16510abadaea-AppendLogResponseHandler: Failed appendEntries: org.apache.ratis.thirdparty.io.grpc.StatusRuntimeException: UNAVAILABLE: io exception
2021-10-12 06:06:47,887 [grpc-default-executor-6] WARN  server.GrpcLogAppender (GrpcLogAppender.java:resetClient(111)) - fd6d4eb7-d4eb-4c85-951f-7fa23d5c4e33@group-C5477E2A5DAB->1a275f92-aa29-4e99-8b54-16510abadaea-GrpcLogAppender: Leader has not got in touch with Follower fd6d4eb7-d4eb-4c85-951f-7fa23d5c4e33@group-C5477E2A5DAB->1a275f92-aa29-4e99-8b54-16510abadaea(c0,m0,n1, attendVote=true, lastRpcSendTime=2508, lastRpcResponseTime=15103) yet, just keep nextIndex unchanged and retry.
2021-10-12 06:06:48,684 [grpc-default-executor-6] WARN  server.GrpcLogAppender (LogUtils.java:warn(122)) - a928fc34-d4b3-4f47-b859-83818f25ed6e@group-510924D56746->f6edce37-208d-40f1-ab7e-323414b00593-AppendLogResponseHandler: Failed appendEntries: org.apache.ratis.thirdparty.io.grpc.StatusRuntimeException: UNAVAILABLE: io exception
2021-10-12 06:06:48,685 [grpc-default-executor-6] WARN  server.GrpcLogAppender (GrpcLogAppender.java:resetClient(111)) - a928fc34-d4b3-4f47-b859-83818f25ed6e@group-510924D56746->f6edce37-208d-40f1-ab7e-323414b00593-GrpcLogAppender: Leader has not got in touch with Follower a928fc34-d4b3-4f47-b859-83818f25ed6e@group-510924D56746->f6edce37-208d-40f1-ab7e-323414b00593(c-1,m0,n1, attendVote=true, lastRpcSendTime=0, lastRpcResponseTime=12941) yet, just keep nextIndex unchanged and retry.
2021-10-12 06:06:48,984 [EventQueue-DeadNodeForDeadNodeHandler] INFO  node.DeadNodeHandler (DeadNodeHandler.java:onMessage(80)) - A dead datanode is detected. 1a275f92-aa29-4e99-8b54-16510abadaea{ip: 10.1.0.59, host: fv-az297-361.nmf1rxwemy4u5di1sxxf4ejcwb.jx.internal.cloudapp.net, ports: [REPLICATION=44151, RATIS=35911, RATIS_ADMIN=35911, RATIS_SERVER=35911, STANDALONE=45949], networkLocation: /default-rack, certSerialId: null, persistedOpState: IN_SERVICE, persistedOpStateExpiryEpochSec: 0}
2021-10-12 06:06:48,985 [EventQueue-DeadNodeForDeadNodeHandler] INFO  pipeline.RatisPipelineProvider (RatisPipelineProvider.java:lambda$close$1(222)) - Send pipeline:PipelineID=11f238a1-a81c-4d19-9df2-c5477e2a5dab close command to datanode 1a275f92-aa29-4e99-8b54-16510abadaea
2021-10-12 06:06:48,985 [EventQueue-DeadNodeForDeadNodeHandler] INFO  pipeline.RatisPipelineProvider (RatisPipelineProvider.java:lambda$close$1(222)) - Send pipeline:PipelineID=11f238a1-a81c-4d19-9df2-c5477e2a5dab close command to datanode fd6d4eb7-d4eb-4c85-951f-7fa23d5c4e33
2021-10-12 06:06:48,985 [EventQueue-DeadNodeForDeadNodeHandler] INFO  pipeline.RatisPipelineProvider (RatisPipelineProvider.java:lambda$close$1(222)) - Send pipeline:PipelineID=11f238a1-a81c-4d19-9df2-c5477e2a5dab close command to datanode fdd2c237-e414-4605-b3b4-833d5e073368
2021-10-12 06:06:48,985 [EventQueue-DeadNodeForDeadNodeHandler] INFO  pipeline.PipelineStateManagerImpl (PipelineStateManagerImpl.java:removePipeline(211)) - Pipeline Pipeline[ Id: 11f238a1-a81c-4d19-9df2-c5477e2a5dab, Nodes: 1a275f92-aa29-4e99-8b54-16510abadaea{ip: 10.1.0.59, host: fv-az297-361.nmf1rxwemy4u5di1sxxf4ejcwb.jx.internal.cloudapp.net, ports: [REPLICATION=44151, RATIS=35911, RATIS_ADMIN=35911, RATIS_SERVER=35911, STANDALONE=45949], networkLocation: /default-rack, certSerialId: null, persistedOpState: IN_SERVICE, persistedOpStateExpiryEpochSec: 0}fd6d4eb7-d4eb-4c85-951f-7fa23d5c4e33{ip: 10.1.0.59, host: fv-az297-361.nmf1rxwemy4u5di1sxxf4ejcwb.jx.internal.cloudapp.net, ports: [REPLICATION=36033, RATIS=37125, RATIS_ADMIN=37125, RATIS_SERVER=37125, STANDALONE=44425], networkLocation: /default-rack, certSerialId: null, persistedOpState: IN_SERVICE, persistedOpStateExpiryEpochSec: 0}fdd2c237-e414-4605-b3b4-833d5e073368{ip: 10.1.0.59, host: fv-az297-361.nmf1rxwemy4u5di1sxxf4ejcwb.jx.internal.cloudapp.net, ports: [REPLICATION=33853, RATIS=38743, RATIS_ADMIN=38743, RATIS_SERVER=38743, STANDALONE=36483], networkLocation: /default-rack, certSerialId: null, persistedOpState: IN_SERVICE, persistedOpStateExpiryEpochSec: 0}, ReplicationConfig: RATIS/THREE, State:CLOSED, leaderId:fd6d4eb7-d4eb-4c85-951f-7fa23d5c4e33, CreationTimestamp2021-10-12T06:05:31.879Z[Etc/UTC]] removed.
2021-10-12 06:06:48,985 [EventQueue-DeadNodeForDeadNodeHandler] INFO  pipeline.RatisPipelineProvider (RatisPipelineProvider.java:lambda$close$1(222)) - Send pipeline:PipelineID=cef31069-88dc-41f3-881d-df8a7e27a5ec close command to datanode 1a275f92-aa29-4e99-8b54-16510abadaea
2021-10-12 06:06:48,985 [EventQueue-DeadNodeForDeadNodeHandler] INFO  pipeline.PipelineStateManagerImpl (PipelineStateManagerImpl.java:removePipeline(211)) - Pipeline Pipeline[ Id: cef31069-88dc-41f3-881d-df8a7e27a5ec, Nodes: 1a275f92-aa29-4e99-8b54-16510abadaea{ip: 10.1.0.59, host: fv-az297-361.nmf1rxwemy4u5di1sxxf4ejcwb.jx.internal.cloudapp.net, ports: [REPLICATION=44151, RATIS=35911, RATIS_ADMIN=35911, RATIS_SERVER=35911, STANDALONE=45949], networkLocation: /default-rack, certSerialId: null, persistedOpState: IN_SERVICE, persistedOpStateExpiryEpochSec: 0}, ReplicationConfig: RATIS/ONE, State:CLOSED, leaderId:1a275f92-aa29-4e99-8b54-16510abadaea, CreationTimestamp2021-10-12T06:05:31.308Z[Etc/UTC]] removed.
2021-10-12 06:06:48,985 [EventQueue-DeadNodeForDeadNodeHandler] INFO  pipeline.RatisPipelineProvider (RatisPipelineProvider.java:lambda$close$1(222)) - Send pipeline:PipelineID=329bb935-cfae-4e84-a629-c2c9de719baf close command to datanode fd6d4eb7-d4eb-4c85-951f-7fa23d5c4e33
2021-10-12 06:06:48,985 [EventQueue-DeadNodeForDeadNodeHandler] INFO  pipeline.RatisPipelineProvider (RatisPipelineProvider.java:lambda$close$1(222)) - Send pipeline:PipelineID=329bb935-cfae-4e84-a629-c2c9de719baf close command to datanode 1a275f92-aa29-4e99-8b54-16510abadaea
2021-10-12 06:06:48,985 [EventQueue-DeadNodeForDeadNodeHandler] INFO  pipeline.RatisPipelineProvider (RatisPipelineProvider.java:lambda$close$1(222)) - Send pipeline:PipelineID=329bb935-cfae-4e84-a629-c2c9de719baf close command to datanode fdd2c237-e414-4605-b3b4-833d5e073368
2021-10-12 06:06:48,986 [EventQueue-DeadNodeForDeadNodeHandler] INFO  pipeline.PipelineStateManagerImpl (PipelineStateManagerImpl.java:removePipeline(211)) - Pipeline Pipeline[ Id: 329bb935-cfae-4e84-a629-c2c9de719baf, Nodes: fd6d4eb7-d4eb-4c85-951f-7fa23d5c4e33{ip: 10.1.0.59, host: fv-az297-361.nmf1rxwemy4u5di1sxxf4ejcwb.jx.internal.cloudapp.net, ports: [REPLICATION=36033, RATIS=37125, RATIS_ADMIN=37125, RATIS_SERVER=37125, STANDALONE=44425], networkLocation: /default-rack, certSerialId: null, persistedOpState: IN_SERVICE, persistedOpStateExpiryEpochSec: 0}1a275f92-aa29-4e99-8b54-16510abadaea{ip: 10.1.0.59, host: fv-az297-361.nmf1rxwemy4u5di1sxxf4ejcwb.jx.internal.cloudapp.net, ports: [REPLICATION=44151, RATIS=35911, RATIS_ADMIN=35911, RATIS_SERVER=35911, STANDALONE=45949], networkLocation: /default-rack, certSerialId: null, persistedOpState: IN_SERVICE, persistedOpStateExpiryEpochSec: 0}fdd2c237-e414-4605-b3b4-833d5e073368{ip: 10.1.0.59, host: fv-az297-361.nmf1rxwemy4u5di1sxxf4ejcwb.jx.internal.cloudapp.net, ports: [REPLICATION=33853, RATIS=38743, RATIS_ADMIN=38743, RATIS_SERVER=38743, STANDALONE=36483], networkLocation: /default-rack, certSerialId: null, persistedOpState: IN_SERVICE, persistedOpStateExpiryEpochSec: 0}, ReplicationConfig: RATIS/THREE, State:CLOSED, leaderId:fdd2c237-e414-4605-b3b4-833d5e073368, CreationTimestamp2021-10-12T06:05:31.878Z[Etc/UTC]] removed.
2021-10-12 06:06:48,986 [EventQueue-DeadNodeForDeadNodeHandler] INFO  pipeline.RatisPipelineProvider (RatisPipelineProvider.java:lambda$close$1(222)) - Send pipeline:PipelineID=0347fa64-7ac4-4e26-893b-280cf83c0957 close command to datanode 1a275f92-aa29-4e99-8b54-16510abadaea
2021-10-12 06:06:48,986 [EventQueue-DeadNodeForDeadNodeHandler] INFO  pipeline.RatisPipelineProvider (RatisPipelineProvider.java:lambda$close$1(222)) - Send pipeline:PipelineID=0347fa64-7ac4-4e26-893b-280cf83c0957 close command to datanode fd6d4eb7-d4eb-4c85-951f-7fa23d5c4e33
2021-10-12 06:06:48,986 [EventQueue-DeadNodeForDeadNodeHandler] INFO  pipeline.RatisPipelineProvider (RatisPipelineProvider.java:lambda$close$1(222)) - Send pipeline:PipelineID=0347fa64-7ac4-4e26-893b-280cf83c0957 close command to datanode fdd2c237-e414-4605-b3b4-833d5e073368
2021-10-12 06:06:48,986 [EventQueue-DeadNodeForDeadNodeHandler] INFO  pipeline.PipelineStateManagerImpl (PipelineStateManagerImpl.java:removePipeline(211)) - Pipeline Pipeline[ Id: 0347fa64-7ac4-4e26-893b-280cf83c0957, Nodes: 1a275f92-aa29-4e99-8b54-16510abadaea{ip: 10.1.0.59, host: fv-az297-361.nmf1rxwemy4u5di1sxxf4ejcwb.jx.internal.cloudapp.net, ports: [REPLICATION=44151, RATIS=35911, RATIS_ADMIN=35911, RATIS_SERVER=35911, STANDALONE=45949], networkLocation: /default-rack, certSerialId: null, persistedOpState: IN_SERVICE, persistedOpStateExpiryEpochSec: 0}fd6d4eb7-d4eb-4c85-951f-7fa23d5c4e33{ip: 10.1.0.59, host: fv-az297-361.nmf1rxwemy4u5di1sxxf4ejcwb.jx.internal.cloudapp.net, ports: [REPLICATION=36033, RATIS=37125, RATIS_ADMIN=37125, RATIS_SERVER=37125, STANDALONE=44425], networkLocation: /default-rack, certSerialId: null, persistedOpState: IN_SERVICE, persistedOpStateExpiryEpochSec: 0}fdd2c237-e414-4605-b3b4-833d5e073368{ip: 10.1.0.59, host: fv-az297-361.nmf1rxwemy4u5di1sxxf4ejcwb.jx.internal.cloudapp.net, ports: [REPLICATION=33853, RATIS=38743, RATIS_ADMIN=38743, RATIS_SERVER=38743, STANDALONE=36483], networkLocation: /default-rack, certSerialId: null, persistedOpState: IN_SERVICE, persistedOpStateExpiryEpochSec: 0}, ReplicationConfig: RATIS/THREE, State:CLOSED, leaderId:1a275f92-aa29-4e99-8b54-16510abadaea, CreationTimestamp2021-10-12T06:05:31.877Z[Etc/UTC]] removed.
2021-10-12 06:06:48,986 [EventQueue-DeadNodeForDeadNodeHandler] INFO  net.NetworkTopologyImpl (NetworkTopologyImpl.java:remove(137)) - Removed a node: /default-rack/1a275f92-aa29-4e99-8b54-16510abadaea
2021-10-12 06:06:49,685 [EventQueue-DeadNodeForDeadNodeHandler] INFO  node.DeadNodeHandler (DeadNodeHandler.java:onMessage(80)) - A dead datanode is detected. f6edce37-208d-40f1-ab7e-323414b00593{ip: 10.1.0.59, host: fv-az297-361.nmf1rxwemy4u5di1sxxf4ejcwb.jx.internal.cloudapp.net, ports: [REPLICATION=37231, RATIS=35829, RATIS_ADMIN=35829, RATIS_SERVER=35829, STANDALONE=34061], networkLocation: /default-rack, certSerialId: null, persistedOpState: IN_SERVICE, persistedOpStateExpiryEpochSec: 0}
2021-10-12 06:06:49,685 [EventQueue-DeadNodeForDeadNodeHandler] INFO  pipeline.RatisPipelineProvider (RatisPipelineProvider.java:lambda$close$1(222)) - Send pipeline:PipelineID=8f317fee-cc95-4c93-953a-d184f90dd9f3 close command to datanode a928fc34-d4b3-4f47-b859-83818f25ed6e
2021-10-12 06:06:49,685 [EventQueue-DeadNodeForDeadNodeHandler] INFO  pipeline.RatisPipelineProvider (RatisPipelineProvider.java:lambda$close$1(222)) - Send pipeline:PipelineID=8f317fee-cc95-4c93-953a-d184f90dd9f3 close command to datanode f6edce37-208d-40f1-ab7e-323414b00593
2021-10-12 06:06:49,686 [EventQueue-DeadNodeForDeadNodeHandler] INFO  pipeline.RatisPipelineProvider (RatisPipelineProvider.java:lambda$close$1(222)) - Send pipeline:PipelineID=8f317fee-cc95-4c93-953a-d184f90dd9f3 close command to datanode 8094cd77-30c2-47d7-ab82-7abee48b2f8b
2021-10-12 06:06:49,686 [EventQueue-DeadNodeForDeadNodeHandler] INFO  pipeline.PipelineStateManagerImpl (PipelineStateManagerImpl.java:removePipeline(211)) - Pipeline Pipeline[ Id: 8f317fee-cc95-4c93-953a-d184f90dd9f3, Nodes: a928fc34-d4b3-4f47-b859-83818f25ed6e{ip: 10.1.0.59, host: fv-az297-361.nmf1rxwemy4u5di1sxxf4ejcwb.jx.internal.cloudapp.net, ports: [REPLICATION=46425, RATIS=35709, RATIS_ADMIN=35709, RATIS_SERVER=35709, STANDALONE=38129], networkLocation: /default-rack, certSerialId: null, persistedOpState: IN_SERVICE, persistedOpStateExpiryEpochSec: 0}f6edce37-208d-40f1-ab7e-323414b00593{ip: 10.1.0.59, host: fv-az297-361.nmf1rxwemy4u5di1sxxf4ejcwb.jx.internal.cloudapp.net, ports: [REPLICATION=37231, RATIS=35829, RATIS_ADMIN=35829, RATIS_SERVER=35829, STANDALONE=34061], networkLocation: /default-rack, certSerialId: null, persistedOpState: IN_SERVICE, persistedOpStateExpiryEpochSec: 0}8094cd77-30c2-47d7-ab82-7abee48b2f8b{ip: 10.1.0.59, host: fv-az297-361.nmf1rxwemy4u5di1sxxf4ejcwb.jx.internal.cloudapp.net, ports: [REPLICATION=39463, RATIS=44663, RATIS_ADMIN=44663, RATIS_SERVER=44663, STANDALONE=42885], networkLocation: /default-rack, certSerialId: null, persistedOpState: IN_SERVICE, persistedOpStateExpiryEpochSec: 0}, ReplicationConfig: RATIS/THREE, State:CLOSED, leaderId:, CreationTimestamp2021-10-12T06:06:28.513Z[Etc/UTC]] removed.
2021-10-12 06:06:49,686 [EventQueue-DeadNodeForDeadNodeHandler] INFO  pipeline.RatisPipelineProvider (RatisPipelineProvider.java:lambda$close$1(222)) - Send pipeline:PipelineID=65b688dd-5a9d-435b-8fed-510924d56746 close command to datanode 69929a81-75b5-4e59-a9cb-c7e6f0fb6fd6
2021-10-12 06:06:49,686 [EventQueue-DeadNodeForDeadNodeHandler] INFO  pipeline.RatisPipelineProvider (RatisPipelineProvider.java:lambda$close$1(222)) - Send pipeline:PipelineID=65b688dd-5a9d-435b-8fed-510924d56746 close command to datanode a928fc34-d4b3-4f47-b859-83818f25ed6e
2021-10-12 06:06:49,686 [EventQueue-DeadNodeForDeadNodeHandler] INFO  pipeline.RatisPipelineProvider (RatisPipelineProvider.java:lambda$close$1(222)) - Send pipeline:PipelineID=65b688dd-5a9d-435b-8fed-510924d56746 close command to datanode f6edce37-208d-40f1-ab7e-323414b00593
2021-10-12 06:06:49,686 [EventQueue-DeadNodeForDeadNodeHandler] INFO  pipeline.PipelineStateManagerImpl (PipelineStateManagerImpl.java:removePipeline(211)) - Pipeline Pipeline[ Id: 65b688dd-5a9d-435b-8fed-510924d56746, Nodes: 69929a81-75b5-4e59-a9cb-c7e6f0fb6fd6{ip: 10.1.0.59, host: fv-az297-361.nmf1rxwemy4u5di1sxxf4ejcwb.jx.internal.cloudapp.net, ports: [REPLICATION=46479, RATIS=40555, RATIS_ADMIN=40555, RATIS_SERVER=40555, STANDALONE=34613], networkLocation: /default-rack, certSerialId: null, persistedOpState: IN_SERVICE, persistedOpStateExpiryEpochSec: 0}a928fc34-d4b3-4f47-b859-83818f25ed6e{ip: 10.1.0.59, host: fv-az297-361.nmf1rxwemy4u5di1sxxf4ejcwb.jx.internal.cloudapp.net, ports: [REPLICATION=46425, RATIS=35709, RATIS_ADMIN=35709, RATIS_SERVER=35709, STANDALONE=38129], networkLocation: /default-rack, certSerialId: null, persistedOpState: IN_SERVICE, persistedOpStateExpiryEpochSec: 0}f6edce37-208d-40f1-ab7e-323414b00593{ip: 10.1.0.59, host: fv-az297-361.nmf1rxwemy4u5di1sxxf4ejcwb.jx.internal.cloudapp.net, ports: [REPLICATION=37231, RATIS=35829, RATIS_ADMIN=35829, RATIS_SERVER=35829, STANDALONE=34061], networkLocation: /default-rack, certSerialId: null, persistedOpState: IN_SERVICE, persistedOpStateExpiryEpochSec: 0}, ReplicationConfig: RATIS/THREE, State:CLOSED, leaderId:a928fc34-d4b3-4f47-b859-83818f25ed6e, CreationTimestamp2021-10-12T06:06:28.514Z[Etc/UTC]] removed.
2021-10-12 06:06:49,686 [EventQueue-DeadNodeForDeadNodeHandler] INFO  pipeline.RatisPipelineProvider (RatisPipelineProvider.java:lambda$close$1(222)) - Send pipeline:PipelineID=1052ff25-57f6-44ce-bc84-ecb93fb1a688 close command to datanode f6edce37-208d-40f1-ab7e-323414b00593
2021-10-12 06:06:49,686 [EventQueue-DeadNodeForDeadNodeHandler] INFO  pipeline.PipelineStateManagerImpl (PipelineStateManagerImpl.java:removePipeline(211)) - Pipeline Pipeline[ Id: 1052ff25-57f6-44ce-bc84-ecb93fb1a688, Nodes: f6edce37-208d-40f1-ab7e-323414b00593{ip: 10.1.0.59, host: fv-az297-361.nmf1rxwemy4u5di1sxxf4ejcwb.jx.internal.cloudapp.net, ports: [REPLICATION=37231, RATIS=35829, RATIS_ADMIN=35829, RATIS_SERVER=35829, STANDALONE=34061], networkLocation: /default-rack, certSerialId: null, persistedOpState: IN_SERVICE, persistedOpStateExpiryEpochSec: 0}, ReplicationConfig: RATIS/ONE, State:CLOSED, leaderId:f6edce37-208d-40f1-ab7e-323414b00593, CreationTimestamp2021-10-12T06:06:28.512Z[Etc/UTC]] removed.
2021-10-12 06:06:49,686 [EventQueue-DeadNodeForDeadNodeHandler] INFO  pipeline.RatisPipelineProvider (RatisPipelineProvider.java:lambda$close$1(222)) - Send pipeline:PipelineID=5ecef51f-4e59-4141-a865-d0bf975ceda1 close command to datanode 69929a81-75b5-4e59-a9cb-c7e6f0fb6fd6
2021-10-12 06:06:49,686 [EventQueue-DeadNodeForDeadNodeHandler] INFO  pipeline.RatisPipelineProvider (RatisPipelineProvider.java:lambda$close$1(222)) - Send pipeline:PipelineID=5ecef51f-4e59-4141-a865-d0bf975ceda1 close command to datanode f6edce37-208d-40f1-ab7e-323414b00593
2021-10-12 06:06:49,687 [EventQueue-DeadNodeForDeadNodeHandler] INFO  pipeline.RatisPipelineProvider (RatisPipelineProvider.java:lambda$close$1(222)) - Send pipeline:PipelineID=5ecef51f-4e59-4141-a865-d0bf975ceda1 close command to datanode 8094cd77-30c2-47d7-ab82-7abee48b2f8b
2021-10-12 06:06:49,687 [EventQueue-DeadNodeForDeadNodeHandler] INFO  pipeline.PipelineStateManagerImpl (PipelineStateManagerImpl.java:removePipeline(211)) - Pipeline Pipeline[ Id: 5ecef51f-4e59-4141-a865-d0bf975ceda1, Nodes: 69929a81-75b5-4e59-a9cb-c7e6f0fb6fd6{ip: 10.1.0.59, host: fv-az297-361.nmf1rxwemy4u5di1sxxf4ejcwb.jx.internal.cloudapp.net, ports: [REPLICATION=46479, RATIS=40555, RATIS_ADMIN=40555, RATIS_SERVER=40555, STANDALONE=34613], networkLocation: /default-rack, certSerialId: null, persistedOpState: IN_SERVICE, persistedOpStateExpiryEpochSec: 0}f6edce37-208d-40f1-ab7e-323414b00593{ip: 10.1.0.59, host: fv-az297-361.nmf1rxwemy4u5di1sxxf4ejcwb.jx.internal.cloudapp.net, ports: [REPLICATION=37231, RATIS=35829, RATIS_ADMIN=35829, RATIS_SERVER=35829, STANDALONE=34061], networkLocation: /default-rack, certSerialId: null, persistedOpState: IN_SERVICE, persistedOpStateExpiryEpochSec: 0}8094cd77-30c2-47d7-ab82-7abee48b2f8b{ip: 10.1.0.59, host: fv-az297-361.nmf1rxwemy4u5di1sxxf4ejcwb.jx.internal.cloudapp.net, ports: [REPLICATION=39463, RATIS=44663, RATIS_ADMIN=44663, RATIS_SERVER=44663, STANDALONE=42885], networkLocation: /default-rack, certSerialId: null, persistedOpState: IN_SERVICE, persistedOpStateExpiryEpochSec: 0}, ReplicationConfig: RATIS/THREE, State:CLOSED, leaderId:69929a81-75b5-4e59-a9cb-c7e6f0fb6fd6, CreationTimestamp2021-10-12T06:06:28.514Z[Etc/UTC]] removed.
2021-10-12 06:06:49,687 [EventQueue-DeadNodeForDeadNodeHandler] INFO  net.NetworkTopologyImpl (NetworkTopologyImpl.java:remove(137)) - Removed a node: /default-rack/f6edce37-208d-40f1-ab7e-323414b00593
2021-10-12 06:06:50,201 [grpc-default-executor-6] WARN  server.GrpcLogAppender (LogUtils.java:warn(122)) - fdd2c237-e414-4605-b3b4-833d5e073368@group-C2C9DE719BAF->1a275f92-aa29-4e99-8b54-16510abadaea-AppendLogResponseHandler: Failed appendEntries: org.apache.ratis.thirdparty.io.grpc.StatusRuntimeException: UNAVAILABLE: io exception
2021-10-12 06:06:50,202 [grpc-default-executor-6] WARN  server.GrpcLogAppender (GrpcLogAppender.java:resetClient(111)) - fdd2c237-e414-4605-b3b4-833d5e073368@group-C2C9DE719BAF->1a275f92-aa29-4e99-8b54-16510abadaea-GrpcLogAppender: Leader has not got in touch with Follower fdd2c237-e414-4605-b3b4-833d5e073368@group-C2C9DE719BAF->1a275f92-aa29-4e99-8b54-16510abadaea(c0,m0,n1, attendVote=true, lastRpcSendTime=2507, lastRpcResponseTime=17647) yet, just keep nextIndex unchanged and retry.
2021-10-12 06:06:50,250 [grpc-default-executor-6] WARN  server.GrpcLogAppender (LogUtils.java:warn(122)) - 69929a81-75b5-4e59-a9cb-c7e6f0fb6fd6@group-D0BF975CEDA1->f6edce37-208d-40f1-ab7e-323414b00593-AppendLogResponseHandler: Failed appendEntries: org.apache.ratis.thirdparty.io.grpc.StatusRuntimeException: UNAVAILABLE: io exception
2021-10-12 06:06:50,250 [grpc-default-executor-6] WARN  server.GrpcLogAppender (GrpcLogAppender.java:resetClient(111)) - 69929a81-75b5-4e59-a9cb-c7e6f0fb6fd6@group-D0BF975CEDA1->f6edce37-208d-40f1-ab7e-323414b00593-GrpcLogAppender: Leader has not got in touch with Follower 69929a81-75b5-4e59-a9cb-c7e6f0fb6fd6@group-D0BF975CEDA1->f6edce37-208d-40f1-ab7e-323414b00593(c-1,m0,n1, attendVote=true, lastRpcSendTime=0, lastRpcResponseTime=20470) yet, just keep nextIndex unchanged and retry.
2021-10-12 06:06:50,339 [grpc-default-executor-6] WARN  server.GrpcLogAppender (LogUtils.java:warn(122)) - 69929a81-75b5-4e59-a9cb-c7e6f0fb6fd6@group-D0BF975CEDA1->8094cd77-30c2-47d7-ab82-7abee48b2f8b-AppendLogResponseHandler: Failed appendEntries: org.apache.ratis.thirdparty.io.grpc.StatusRuntimeException: UNAVAILABLE: io exception
2021-10-12 06:06:50,340 [grpc-default-executor-6] WARN  server.GrpcLogAppender (GrpcLogAppender.java:resetClient(111)) - 69929a81-75b5-4e59-a9cb-c7e6f0fb6fd6@group-D0BF975CEDA1->8094cd77-30c2-47d7-ab82-7abee48b2f8b-GrpcLogAppender: Leader has not got in touch with Follower 69929a81-75b5-4e59-a9cb-c7e6f0fb6fd6@group-D0BF975CEDA1->8094cd77-30c2-47d7-ab82-7abee48b2f8b(c0,m0,n1, attendVote=true, lastRpcSendTime=0, lastRpcResponseTime=7511) yet, just keep nextIndex unchanged and retry.
2021-10-12 06:06:50,403 [grpc-default-executor-6] WARN  server.GrpcLogAppender (LogUtils.java:warn(122)) - fd6d4eb7-d4eb-4c85-951f-7fa23d5c4e33@group-C5477E2A5DAB->1a275f92-aa29-4e99-8b54-16510abadaea-AppendLogResponseHandler: Failed appendEntries: org.apache.ratis.thirdparty.io.grpc.StatusRuntimeException: UNAVAILABLE: io exception
2021-10-12 06:06:50,403 [grpc-default-executor-6] WARN  server.GrpcLogAppender (GrpcLogAppender.java:resetClient(111)) - fd6d4eb7-d4eb-4c85-951f-7fa23d5c4e33@group-C5477E2A5DAB->1a275f92-aa29-4e99-8b54-16510abadaea-GrpcLogAppender: Leader has not got in touch with Follower fd6d4eb7-d4eb-4c85-951f-7fa23d5c4e33@group-C5477E2A5DAB->1a275f92-aa29-4e99-8b54-16510abadaea(c0,m0,n1, attendVote=true, lastRpcSendTime=0, lastRpcResponseTime=17618) yet, just keep nextIndex unchanged and retry.
2021-10-12 06:06:50,624 [a928fc34-d4b3-4f47-b859-83818f25ed6e@group-D184F90DD9F3-FollowerState] INFO  impl.FollowerState (FollowerState.java:run(134)) - a928fc34-d4b3-4f47-b859-83818f25ed6e@group-D184F90DD9F3-FollowerState: change to CANDIDATE, lastRpcElapsedTime:10014043629ns, electionTimeout:5151ms
2021-10-12 06:06:50,624 [a928fc34-d4b3-4f47-b859-83818f25ed6e@group-D184F90DD9F3-FollowerState] INFO  impl.RoleInfo (RoleInfo.java:shutdownFollowerState(108)) - a928fc34-d4b3-4f47-b859-83818f25ed6e: shutdown a928fc34-d4b3-4f47-b859-83818f25ed6e@group-D184F90DD9F3-FollowerState
2021-10-12 06:06:50,624 [a928fc34-d4b3-4f47-b859-83818f25ed6e@group-D184F90DD9F3-FollowerState] INFO  server.RaftServer$Division (RaftServerImpl.java:setRole(285)) - a928fc34-d4b3-4f47-b859-83818f25ed6e@group-D184F90DD9F3: changes role from  FOLLOWER to CANDIDATE at term 2 for changeToCandidate
2021-10-12 06:06:50,624 [a928fc34-d4b3-4f47-b859-83818f25ed6e@group-D184F90DD9F3-FollowerState] INFO  server.RaftServerConfigKeys (ConfUtils.java:logGet(44)) - raft.server.leaderelection.pre-vote = false (custom)
2021-10-12 06:06:50,624 [a928fc34-d4b3-4f47-b859-83818f25ed6e@group-D184F90DD9F3-FollowerState] INFO  impl.RoleInfo (RoleInfo.java:updateAndGet(130)) - a928fc34-d4b3-4f47-b859-83818f25ed6e: start a928fc34-d4b3-4f47-b859-83818f25ed6e@group-D184F90DD9F3-LeaderElection121
2021-10-12 06:06:50,626 [69929a81-75b5-4e59-a9cb-c7e6f0fb6fd6@group-D0BF975CEDA1-LeaderStateImpl] WARN  server.RaftServer$Division (LeaderStateImpl.java:checkLeadership(944)) - 69929a81-75b5-4e59-a9cb-c7e6f0fb6fd6@group-D0BF975CEDA1-LeaderStateImpl: Lost leadership on term: 1. Election timeout: 5200ms. In charge for: 15647ms. Conf: 0: [69929a81-75b5-4e59-a9cb-c7e6f0fb6fd6|rpc:10.1.0.59:40555|dataStream:|priority:1, 8094cd77-30c2-47d7-ab82-7abee48b2f8b|rpc:10.1.0.59:44663|dataStream:|priority:0, f6edce37-208d-40f1-ab7e-323414b00593|rpc:10.1.0.59:35829|dataStream:|priority:0], old=null
2021-10-12 06:06:50,626 [69929a81-75b5-4e59-a9cb-c7e6f0fb6fd6@group-D0BF975CEDA1-LeaderStateImpl] WARN  server.RaftServer$Division (LeaderStateImpl.java:lambda$checkLeadership$15(948)) - Follower 69929a81-75b5-4e59-a9cb-c7e6f0fb6fd6@group-D0BF975CEDA1->8094cd77-30c2-47d7-ab82-7abee48b2f8b(c0,m0,n1, attendVote=true, lastRpcSendTime=286, lastRpcResponseTime=7797)
2021-10-12 06:06:50,626 [69929a81-75b5-4e59-a9cb-c7e6f0fb6fd6@group-D0BF975CEDA1-LeaderStateImpl] WARN  server.RaftServer$Division (LeaderStateImpl.java:lambda$checkLeadership$15(948)) - Follower 69929a81-75b5-4e59-a9cb-c7e6f0fb6fd6@group-D0BF975CEDA1->f6edce37-208d-40f1-ab7e-323414b00593(c-1,m0,n1, attendVote=true, lastRpcSendTime=376, lastRpcResponseTime=20846)
2021-10-12 06:06:50,626 [69929a81-75b5-4e59-a9cb-c7e6f0fb6fd6@group-D0BF975CEDA1-LeaderStateImpl] INFO  server.RaftServer$Division (RaftServerImpl.java:setRole(285)) - 69929a81-75b5-4e59-a9cb-c7e6f0fb6fd6@group-D0BF975CEDA1: changes role from    LEADER to FOLLOWER at term 1 for StepDownReason:LOST_MAJORITY_HEARTBEATS
2021-10-12 06:06:50,626 [69929a81-75b5-4e59-a9cb-c7e6f0fb6fd6@group-D0BF975CEDA1-LeaderStateImpl] INFO  impl.RoleInfo (RoleInfo.java:shutdownLeaderState(91)) - 69929a81-75b5-4e59-a9cb-c7e6f0fb6fd6: shutdown 69929a81-75b5-4e59-a9cb-c7e6f0fb6fd6@group-D0BF975CEDA1-LeaderStateImpl
2021-10-12 06:06:50,641 [Command processor thread] INFO  server.RaftServer (RaftServerProxy.java:remove(106)) - fdd2c237-e414-4605-b3b4-833d5e073368: remove  FOLLOWER fdd2c237-e414-4605-b3b4-833d5e073368@group-C5477E2A5DAB:t2, leader=fd6d4eb7-d4eb-4c85-951f-7fa23d5c4e33, voted=fd6d4eb7-d4eb-4c85-951f-7fa23d5c4e33, raftlog=fdd2c237-e414-4605-b3b4-833d5e073368@group-C5477E2A5DAB-SegmentedRaftLog:OPENED:c0,f0,i0, conf=0: [1a275f92-aa29-4e99-8b54-16510abadaea|rpc:10.1.0.59:35911|dataStream:|priority:0, fd6d4eb7-d4eb-4c85-951f-7fa23d5c4e33|rpc:10.1.0.59:37125|dataStream:|priority:1, fdd2c237-e414-4605-b3b4-833d5e073368|rpc:10.1.0.59:38743|dataStream:|priority:0], old=null RUNNING
2021-10-12 06:06:50,641 [Command processor thread] INFO  server.RaftServer$Division (RaftServerImpl.java:lambda$close$4(407)) - fdd2c237-e414-4605-b3b4-833d5e073368@group-C5477E2A5DAB: shutdown
2021-10-12 06:06:50,641 [Command processor thread] INFO  util.JmxRegister (JmxRegister.java:unregister(73)) - Successfully un-registered JMX Bean with object name Ratis:service=RaftServer,group=group-C5477E2A5DAB,id=fdd2c237-e414-4605-b3b4-833d5e073368
2021-10-12 06:06:50,641 [Command processor thread] INFO  impl.RoleInfo (RoleInfo.java:shutdownFollowerState(108)) - fdd2c237-e414-4605-b3b4-833d5e073368: shutdown fdd2c237-e414-4605-b3b4-833d5e073368@group-C5477E2A5DAB-FollowerState
2021-10-12 06:06:50,646 [Command processor thread] INFO  impl.StateMachineUpdater (StateMachineUpdater.java:stopAndJoin(149)) - fdd2c237-e414-4605-b3b4-833d5e073368@group-C5477E2A5DAB-StateMachineUpdater: set stopIndex = 0
2021-10-12 06:06:50,646 [a928fc34-d4b3-4f47-b859-83818f25ed6e@group-D184F90DD9F3-LeaderElection121] INFO  server.RaftServer$Division (ServerState.java:setLeader(285)) - a928fc34-d4b3-4f47-b859-83818f25ed6e@group-D184F90DD9F3: change Leader from 8094cd77-30c2-47d7-ab82-7abee48b2f8b to null at term 2 for ELECTION
2021-10-12 06:06:50,646 [fdd2c237-e414-4605-b3b4-833d5e073368@group-C5477E2A5DAB-StateMachineUpdater] INFO  ratis.ContainerStateMachine (ContainerStateMachine.java:takeSnapshot(292)) - group-C5477E2A5DAB: Taking a snapshot at:(t:2, i:0) file /home/runner/work/ozone/ozone/hadoop-ozone/integration-test/target/test-dir/MiniOzoneClusterImpl-c6dc50ab-6fac-4554-b78d-9440f3e38bfb/datanode-3/data/ratis/11f238a1-a81c-4d19-9df2-c5477e2a5dab/sm/snapshot.2_0
2021-10-12 06:06:50,646 [69929a81-75b5-4e59-a9cb-c7e6f0fb6fd6@group-D0BF975CEDA1-LeaderStateImpl] INFO  impl.PendingRequests (PendingRequests.java:sendNotLeaderResponses(282)) - 69929a81-75b5-4e59-a9cb-c7e6f0fb6fd6@group-D0BF975CEDA1-PendingRequests: sendNotLeaderResponses
2021-10-12 06:06:50,647 [69929a81-75b5-4e59-a9cb-c7e6f0fb6fd6@group-D0BF975CEDA1-LeaderStateImpl] INFO  impl.RoleInfo (RoleInfo.java:updateAndGet(130)) - 69929a81-75b5-4e59-a9cb-c7e6f0fb6fd6: start 69929a81-75b5-4e59-a9cb-c7e6f0fb6fd6@group-D0BF975CEDA1-FollowerState
2021-10-12 06:06:50,647 [fdd2c237-e414-4605-b3b4-833d5e073368@group-C5477E2A5DAB-StateMachineUpdater] INFO  ratis.ContainerStateMachine (ContainerStateMachine.java:takeSnapshot(303)) - group-C5477E2A5DAB: Finished taking a snapshot at:(t:2, i:0) file:/home/runner/work/ozone/ozone/hadoop-ozone/integration-test/target/test-dir/MiniOzoneClusterImpl-c6dc50ab-6fac-4554-b78d-9440f3e38bfb/datanode-3/data/ratis/11f238a1-a81c-4d19-9df2-c5477e2a5dab/sm/snapshot.2_0 took: 1 ms
2021-10-12 06:06:50,647 [fdd2c237-e414-4605-b3b4-833d5e073368@group-C5477E2A5DAB-StateMachineUpdater] INFO  impl.StateMachineUpdater (StateMachineUpdater.java:takeSnapshot(281)) - fdd2c237-e414-4605-b3b4-833d5e073368@group-C5477E2A5DAB-StateMachineUpdater: Took a snapshot at index 0
2021-10-12 06:06:50,647 [fdd2c237-e414-4605-b3b4-833d5e073368@group-C5477E2A5DAB-StateMachineUpdater] INFO  impl.StateMachineUpdater (StateMachineUpdater.java:lambda$new$0(89)) - fdd2c237-e414-4605-b3b4-833d5e073368@group-C5477E2A5DAB-StateMachineUpdater: snapshotIndex: updateIncreasingly -1 -> 0
2021-10-12 06:06:50,648 [Command processor thread] INFO  server.RaftServer$Division (ServerState.java:close(419)) - fdd2c237-e414-4605-b3b4-833d5e073368@group-C5477E2A5DAB: closes. applyIndex: 0
2021-10-12 06:06:50,682 [fdd2c237-e414-4605-b3b4-833d5e073368@group-C5477E2A5DAB-FollowerState] INFO  impl.FollowerState (FollowerState.java:run(143)) - fdd2c237-e414-4605-b3b4-833d5e073368@group-C5477E2A5DAB-FollowerState was interrupted: {}
java.lang.InterruptedException: sleep interrupted
	at java.lang.Thread.sleep(Native Method)
	at java.lang.Thread.sleep(Thread.java:340)
	at java.util.concurrent.TimeUnit.sleep(TimeUnit.java:386)
	at org.apache.ratis.util.TimeDuration.sleep(TimeDuration.java:324)
	at org.apache.ratis.util.TimeDuration.sleep(TimeDuration.java:309)
	at org.apache.ratis.server.impl.FollowerState.run(FollowerState.java:118)
2021-10-12 06:06:50,694 [fdd2c237-e414-4605-b3b4-833d5e073368@group-C5477E2A5DAB-SegmentedRaftLogWorker] INFO  segmented.SegmentedRaftLogWorker (SegmentedRaftLogWorker.java:run(327)) - fdd2c237-e414-4605-b3b4-833d5e073368@group-C5477E2A5DAB-SegmentedRaftLogWorker was interrupted, exiting. There are 0 tasks remaining in the queue.
2021-10-12 06:06:50,694 [Command processor thread] INFO  segmented.SegmentedRaftLogWorker (SegmentedRaftLogWorker.java:close(237)) - fdd2c237-e414-4605-b3b4-833d5e073368@group-C5477E2A5DAB-SegmentedRaftLogWorker close()
2021-10-12 06:06:50,698 [Command processor thread] INFO  server.RaftServer$Division (RaftServerImpl.java:groupRemove(377)) - fdd2c237-e414-4605-b3b4-833d5e073368@group-C5477E2A5DAB: Succeed to remove RaftStorageDirectory Storage Directory /home/runner/work/ozone/ozone/hadoop-ozone/integration-test/target/test-dir/MiniOzoneClusterImpl-c6dc50ab-6fac-4554-b78d-9440f3e38bfb/datanode-3/data/ratis/11f238a1-a81c-4d19-9df2-c5477e2a5dab
2021-10-12 06:06:50,698 [Command processor thread] INFO  commandhandler.ClosePipelineCommandHandler (ClosePipelineCommandHandler.java:handle(78)) - Close Pipeline PipelineID=11f238a1-a81c-4d19-9df2-c5477e2a5dab command on datanode fdd2c237-e414-4605-b3b4-833d5e073368.
2021-10-12 06:06:50,698 [Command processor thread] INFO  server.RaftServer (RaftServerProxy.java:remove(106)) - fdd2c237-e414-4605-b3b4-833d5e073368: remove    LEADER fdd2c237-e414-4605-b3b4-833d5e073368@group-C2C9DE719BAF:t2, leader=fdd2c237-e414-4605-b3b4-833d5e073368, voted=fdd2c237-e414-4605-b3b4-833d5e073368, raftlog=fdd2c237-e414-4605-b3b4-833d5e073368@group-C2C9DE719BAF-SegmentedRaftLog:OPENED:c0,f0,i0, conf=0: [1a275f92-aa29-4e99-8b54-16510abadaea|rpc:10.1.0.59:35911|dataStream:|priority:0, fd6d4eb7-d4eb-4c85-951f-7fa23d5c4e33|rpc:10.1.0.59:37125|dataStream:|priority:0, fdd2c237-e414-4605-b3b4-833d5e073368|rpc:10.1.0.59:38743|dataStream:|priority:1], old=null RUNNING
2021-10-12 06:06:50,698 [Command processor thread] INFO  server.RaftServer$Division (RaftServerImpl.java:lambda$close$4(407)) - fdd2c237-e414-4605-b3b4-833d5e073368@group-C2C9DE719BAF: shutdown
2021-10-12 06:06:50,698 [Command processor thread] INFO  util.JmxRegister (JmxRegister.java:unregister(73)) - Successfully un-registered JMX Bean with object name Ratis:service=RaftServer,group=group-C2C9DE719BAF,id=fdd2c237-e414-4605-b3b4-833d5e073368
2021-10-12 06:06:50,698 [Command processor thread] INFO  impl.RoleInfo (RoleInfo.java:shutdownLeaderState(91)) - fdd2c237-e414-4605-b3b4-833d5e073368: shutdown fdd2c237-e414-4605-b3b4-833d5e073368@group-C2C9DE719BAF-LeaderStateImpl
2021-10-12 06:06:50,698 [Command processor thread] INFO  impl.PendingRequests (PendingRequests.java:sendNotLeaderResponses(282)) - fdd2c237-e414-4605-b3b4-833d5e073368@group-C2C9DE719BAF-PendingRequests: sendNotLeaderResponses
2021-10-12 06:06:50,698 [fdd2c237-e414-4605-b3b4-833d5e073368@group-C2C9DE719BAF->fd6d4eb7-d4eb-4c85-951f-7fa23d5c4e33-GrpcLogAppender-LogAppenderDaemon] WARN  server.GrpcLogAppender (GrpcLogAppender.java:mayWait(175)) - fdd2c237-e414-4605-b3b4-833d5e073368@group-C2C9DE719BAF->fd6d4eb7-d4eb-4c85-951f-7fa23d5c4e33-GrpcLogAppender: Wait interrupted by java.lang.InterruptedException
2021-10-12 06:06:50,699 [a928fc34-d4b3-4f47-b859-83818f25ed6e@group-D184F90DD9F3-LeaderElection121] INFO  impl.LeaderElection (LeaderElection.java:askForVotes(306)) - a928fc34-d4b3-4f47-b859-83818f25ed6e@group-D184F90DD9F3-LeaderElection121 ELECTION round 0: submit vote requests at term 3 for 0: [a928fc34-d4b3-4f47-b859-83818f25ed6e|rpc:10.1.0.59:35709|dataStream:|priority:0, 8094cd77-30c2-47d7-ab82-7abee48b2f8b|rpc:10.1.0.59:44663|dataStream:|priority:1, f6edce37-208d-40f1-ab7e-323414b00593|rpc:10.1.0.59:35829|dataStream:|priority:0], old=null
2021-10-12 06:06:50,699 [Command processor thread] INFO  impl.StateMachineUpdater (StateMachineUpdater.java:stopAndJoin(149)) - fdd2c237-e414-4605-b3b4-833d5e073368@group-C2C9DE719BAF-StateMachineUpdater: set stopIndex = 0
2021-10-12 06:06:50,699 [fdd2c237-e414-4605-b3b4-833d5e073368@group-C2C9DE719BAF-StateMachineUpdater] INFO  ratis.ContainerStateMachine (ContainerStateMachine.java:takeSnapshot(292)) - group-C2C9DE719BAF: Taking a snapshot at:(t:2, i:0) file /home/runner/work/ozone/ozone/hadoop-ozone/integration-test/target/test-dir/MiniOzoneClusterImpl-c6dc50ab-6fac-4554-b78d-9440f3e38bfb/datanode-3/data/ratis/329bb935-cfae-4e84-a629-c2c9de719baf/sm/snapshot.2_0
2021-10-12 06:06:50,699 [grpc-default-executor-6] INFO  server.GrpcServerProtocolService (GrpcServerProtocolService.java:onCompleted(140)) - fd6d4eb7-d4eb-4c85-951f-7fa23d5c4e33: Completed APPEND_ENTRIES, lastRequest: fdd2c237-e414-4605-b3b4-833d5e073368->fd6d4eb7-d4eb-4c85-951f-7fa23d5c4e33#1-t2,previous=(t:0, i:0),leaderCommit=0,initializing? true,entries: size=1, first=(t:2, i:0), CONFIGURATIONENTRY
2021-10-12 06:06:50,700 [grpc-default-executor-4] INFO  server.GrpcLogAppender (GrpcLogAppender.java:onCompleted(344)) - fdd2c237-e414-4605-b3b4-833d5e073368@group-C2C9DE719BAF->fd6d4eb7-d4eb-4c85-951f-7fa23d5c4e33-AppendLogResponseHandler: follower responses appendEntries COMPLETED
2021-10-12 06:06:50,700 [grpc-default-executor-4] INFO  leader.FollowerInfo (FollowerInfoImpl.java:lambda$new$0(46)) - fdd2c237-e414-4605-b3b4-833d5e073368@group-C2C9DE719BAF->fd6d4eb7-d4eb-4c85-951f-7fa23d5c4e33: nextIndex: updateUnconditionally 1 -> 0
2021-10-12 06:06:50,708 [fdd2c237-e414-4605-b3b4-833d5e073368@group-C2C9DE719BAF-StateMachineUpdater] INFO  ratis.ContainerStateMachine (ContainerStateMachine.java:takeSnapshot(303)) - group-C2C9DE719BAF: Finished taking a snapshot at:(t:2, i:0) file:/home/runner/work/ozone/ozone/hadoop-ozone/integration-test/target/test-dir/MiniOzoneClusterImpl-c6dc50ab-6fac-4554-b78d-9440f3e38bfb/datanode-3/data/ratis/329bb935-cfae-4e84-a629-c2c9de719baf/sm/snapshot.2_0 took: 9 ms
2021-10-12 06:06:50,708 [fdd2c237-e414-4605-b3b4-833d5e073368@group-C2C9DE719BAF-StateMachineUpdater] INFO  impl.StateMachineUpdater (StateMachineUpdater.java:takeSnapshot(281)) - fdd2c237-e414-4605-b3b4-833d5e073368@group-C2C9DE719BAF-StateMachineUpdater: Took a snapshot at index 0
2021-10-12 06:06:50,708 [fdd2c237-e414-4605-b3b4-833d5e073368@group-C2C9DE719BAF-StateMachineUpdater] INFO  impl.StateMachineUpdater (StateMachineUpdater.java:lambda$new$0(89)) - fdd2c237-e414-4605-b3b4-833d5e073368@group-C2C9DE719BAF-StateMachineUpdater: snapshotIndex: updateIncreasingly -1 -> 0
2021-10-12 06:06:50,708 [Command processor thread] INFO  server.RaftServer$Division (ServerState.java:close(419)) - fdd2c237-e414-4605-b3b4-833d5e073368@group-C2C9DE719BAF: closes. applyIndex: 0
2021-10-12 06:06:50,710 [fdd2c237-e414-4605-b3b4-833d5e073368@group-C2C9DE719BAF->1a275f92-aa29-4e99-8b54-16510abadaea-GrpcLogAppender-LogAppenderDaemon] ERROR leader.LogAppenderDaemon (LogAppenderDaemon.java:run(86)) - fdd2c237-e414-4605-b3b4-833d5e073368@group-C2C9DE719BAF->1a275f92-aa29-4e99-8b54-16510abadaea-GrpcLogAppender-LogAppenderDaemon failed
java.lang.IllegalArgumentException: fdd2c237-e414-4605-b3b4-833d5e073368@group-C2C9DE719BAF-SegmentedRaftLog is expected to be opened but it is CLOSED
	at org.apache.ratis.util.OpenCloseState.assertOpen(OpenCloseState.java:63)
	at org.apache.ratis.server.raftlog.RaftLogBase.checkLogState(RaftLogBase.java:107)
	at org.apache.ratis.server.raftlog.segmented.SegmentedRaftLog.getLastEntryTermIndex(SegmentedRaftLog.java:339)
	at org.apache.ratis.server.raftlog.RaftLog.getNextIndex(RaftLog.java:83)
	at org.apache.ratis.server.leader.LogAppenderBase.newAppendEntriesRequest(LogAppenderBase.java:138)
	at org.apache.ratis.grpc.server.GrpcLogAppender.appendLog(GrpcLogAppender.java:211)
	at org.apache.ratis.grpc.server.GrpcLogAppender.run(GrpcLogAppender.java:145)
	at org.apache.ratis.server.leader.LogAppenderDaemon.run(LogAppenderDaemon.java:77)
	at java.lang.Thread.run(Thread.java:748)
Caused by: org.apache.ratis.util.OpenCloseState$CloseTrace: Close fdd2c237-e414-4605-b3b4-833d5e073368@group-C2C9DE719BAF-SegmentedRaftLog
	at org.apache.ratis.util.OpenCloseState.lambda$close$1(OpenCloseState.java:109)
	at java.util.concurrent.atomic.AtomicReference.getAndUpdate(AtomicReference.java:160)
	at org.apache.ratis.util.OpenCloseState.close(OpenCloseState.java:109)
	at org.apache.ratis.server.raftlog.RaftLogBase.close(RaftLogBase.java:356)
	at org.apache.ratis.server.raftlog.segmented.SegmentedRaftLog.close(SegmentedRaftLog.java:505)
	at org.apache.ratis.server.impl.ServerState.close(ServerState.java:421)
	at org.apache.ratis.server.impl.RaftServerImpl.lambda$close$4(RaftServerImpl.java:429)
	at org.apache.ratis.util.LifeCycle.lambda$checkStateAndClose$4(LifeCycle.java:299)
	at org.apache.ratis.util.LifeCycle.checkStateAndClose(LifeCycle.java:319)
	at org.apache.ratis.util.LifeCycle.checkStateAndClose(LifeCycle.java:297)
	at org.apache.ratis.server.impl.RaftServerImpl.close(RaftServerImpl.java:406)
	at org.apache.ratis.server.impl.RaftServerImpl.groupRemove(RaftServerImpl.java:371)
	at org.apache.ratis.server.impl.RaftServerProxy.lambda$groupRemoveAsync$14(RaftServerProxy.java:507)
	at java.util.concurrent.CompletableFuture.uniApply(CompletableFuture.java:616)
	at java.util.concurrent.CompletableFuture.uniApplyStage(CompletableFuture.java:628)
	at java.util.concurrent.CompletableFuture.thenApply(CompletableFuture.java:1996)
	at org.apache.ratis.server.impl.RaftServerProxy.groupRemoveAsync(RaftServerProxy.java:506)
	at org.apache.ratis.server.impl.RaftServerProxy.groupManagementAsync(RaftServerProxy.java:460)
	at org.apache.ratis.server.impl.RaftServerProxy.groupManagement(RaftServerProxy.java:440)
	at org.apache.hadoop.ozone.container.common.transport.server.ratis.XceiverServerRatis.removeGroup(XceiverServerRatis.java:779)
	at org.apache.hadoop.ozone.container.common.statemachine.commandhandler.ClosePipelineCommandHandler.handle(ClosePipelineCommandHandler.java:77)
	at org.apache.hadoop.ozone.container.common.statemachine.commandhandler.CommandDispatcher.handle(CommandDispatcher.java:99)
	at org.apache.hadoop.ozone.container.common.statemachine.DatanodeStateMachine.lambda$initCommandHandlerThread$2(DatanodeStateMachine.java:563)
	... 1 more
2021-10-12 06:06:50,734 [fdd2c237-e414-4605-b3b4-833d5e073368@group-C2C9DE719BAF-SegmentedRaftLogWorker] INFO  segmented.SegmentedRaftLogWorker (SegmentedRaftLogWorker.java:run(327)) - fdd2c237-e414-4605-b3b4-833d5e073368@group-C2C9DE719BAF-SegmentedRaftLogWorker was interrupted, exiting. There are 0 tasks remaining in the queue.
2021-10-12 06:06:50,734 [a928fc34-d4b3-4f47-b859-83818f25ed6e@group-D184F90DD9F3-LeaderElection121] INFO  impl.LeaderElection (LogUtils.java:infoOrTrace(137)) - a928fc34-d4b3-4f47-b859-83818f25ed6e@group-D184F90DD9F3-LeaderElection121 got exception when requesting votes: java.util.concurrent.ExecutionException: org.apache.ratis.thirdparty.io.grpc.StatusRuntimeException: UNAVAILABLE: io exception
2021-10-12 06:06:50,746 [a928fc34-d4b3-4f47-b859-83818f25ed6e@group-D184F90DD9F3-LeaderElection121] INFO  impl.LeaderElection (LogUtils.java:infoOrTrace(137)) - a928fc34-d4b3-4f47-b859-83818f25ed6e@group-D184F90DD9F3-LeaderElection121 got exception when requesting votes: java.util.concurrent.ExecutionException: org.apache.ratis.thirdparty.io.grpc.StatusRuntimeException: UNAVAILABLE: io exception
2021-10-12 06:06:50,746 [a928fc34-d4b3-4f47-b859-83818f25ed6e@group-D184F90DD9F3-LeaderElection121] INFO  impl.LeaderElection (LeaderElection.java:logAndReturn(89)) - a928fc34-d4b3-4f47-b859-83818f25ed6e@group-D184F90DD9F3-LeaderElection121: ELECTION REJECTED received 0 response(s) and 2 exception(s):
2021-10-12 06:06:50,746 [a928fc34-d4b3-4f47-b859-83818f25ed6e@group-D184F90DD9F3-LeaderElection121] INFO  impl.LeaderElection (LogUtils.java:infoOrTrace(137)) -   Exception 0: java.util.concurrent.ExecutionException: org.apache.ratis.thirdparty.io.grpc.StatusRuntimeException: UNAVAILABLE: io exception
2021-10-12 06:06:50,746 [a928fc34-d4b3-4f47-b859-83818f25ed6e@group-D184F90DD9F3-LeaderElection121] INFO  impl.LeaderElection (LogUtils.java:infoOrTrace(137)) -   Exception 1: java.util.concurrent.ExecutionException: org.apache.ratis.thirdparty.io.grpc.StatusRuntimeException: UNAVAILABLE: io exception
2021-10-12 06:06:50,746 [a928fc34-d4b3-4f47-b859-83818f25ed6e@group-D184F90DD9F3-LeaderElection121] INFO  impl.LeaderElection (LeaderElection.java:askForVotes(308)) - a928fc34-d4b3-4f47-b859-83818f25ed6e@group-D184F90DD9F3-LeaderElection121 ELECTION round 0: result REJECTED
2021-10-12 06:06:50,746 [a928fc34-d4b3-4f47-b859-83818f25ed6e@group-D184F90DD9F3-LeaderElection121] INFO  server.RaftServer$Division (RaftServerImpl.java:setRole(285)) - a928fc34-d4b3-4f47-b859-83818f25ed6e@group-D184F90DD9F3: changes role from CANDIDATE to FOLLOWER at term 3 for REJECTED
2021-10-12 06:06:50,746 [a928fc34-d4b3-4f47-b859-83818f25ed6e@group-D184F90DD9F3-LeaderElection121] INFO  impl.RoleInfo (RoleInfo.java:shutdownLeaderElection(121)) - a928fc34-d4b3-4f47-b859-83818f25ed6e: shutdown a928fc34-d4b3-4f47-b859-83818f25ed6e@group-D184F90DD9F3-LeaderElection121
2021-10-12 06:06:50,746 [a928fc34-d4b3-4f47-b859-83818f25ed6e@group-D184F90DD9F3-LeaderElection121] INFO  impl.RoleInfo (RoleInfo.java:updateAndGet(130)) - a928fc34-d4b3-4f47-b859-83818f25ed6e: start a928fc34-d4b3-4f47-b859-83818f25ed6e@group-D184F90DD9F3-FollowerState
2021-10-12 06:06:50,746 [Command processor thread] INFO  segmented.SegmentedRaftLogWorker (SegmentedRaftLogWorker.java:close(237)) - fdd2c237-e414-4605-b3b4-833d5e073368@group-C2C9DE719BAF-SegmentedRaftLogWorker close()
2021-10-12 06:06:50,747 [Command processor thread] INFO  server.RaftServer$Division (RaftServerImpl.java:groupRemove(377)) - fdd2c237-e414-4605-b3b4-833d5e073368@group-C2C9DE719BAF: Succeed to remove RaftStorageDirectory Storage Directory /home/runner/work/ozone/ozone/hadoop-ozone/integration-test/target/test-dir/MiniOzoneClusterImpl-c6dc50ab-6fac-4554-b78d-9440f3e38bfb/datanode-3/data/ratis/329bb935-cfae-4e84-a629-c2c9de719baf
2021-10-12 06:06:50,747 [Command processor thread] INFO  commandhandler.ClosePipelineCommandHandler (ClosePipelineCommandHandler.java:handle(78)) - Close Pipeline PipelineID=329bb935-cfae-4e84-a629-c2c9de719baf command on datanode fdd2c237-e414-4605-b3b4-833d5e073368.
2021-10-12 06:06:50,747 [Command processor thread] INFO  server.RaftServer (RaftServerProxy.java:remove(106)) - fdd2c237-e414-4605-b3b4-833d5e073368: remove  FOLLOWER fdd2c237-e414-4605-b3b4-833d5e073368@group-280CF83C0957:t6, leader=null, voted=fdd2c237-e414-4605-b3b4-833d5e073368, raftlog=fdd2c237-e414-4605-b3b4-833d5e073368@group-280CF83C0957-SegmentedRaftLog:OPENED:c0,f0,i0, conf=0: [1a275f92-aa29-4e99-8b54-16510abadaea|rpc:10.1.0.59:35911|dataStream:|priority:1, fd6d4eb7-d4eb-4c85-951f-7fa23d5c4e33|rpc:10.1.0.59:37125|dataStream:|priority:0, fdd2c237-e414-4605-b3b4-833d5e073368|rpc:10.1.0.59:38743|dataStream:|priority:0], old=null RUNNING
2021-10-12 06:06:50,747 [Command processor thread] INFO  server.RaftServer$Division (RaftServerImpl.java:lambda$close$4(407)) - fdd2c237-e414-4605-b3b4-833d5e073368@group-280CF83C0957: shutdown
2021-10-12 06:06:50,747 [Command processor thread] INFO  util.JmxRegister (JmxRegister.java:unregister(73)) - Successfully un-registered JMX Bean with object name Ratis:service=RaftServer,group=group-280CF83C0957,id=fdd2c237-e414-4605-b3b4-833d5e073368
2021-10-12 06:06:50,747 [Command processor thread] INFO  impl.RoleInfo (RoleInfo.java:shutdownFollowerState(108)) - fdd2c237-e414-4605-b3b4-833d5e073368: shutdown fdd2c237-e414-4605-b3b4-833d5e073368@group-280CF83C0957-FollowerState
2021-10-12 06:06:50,782 [Command processor thread] INFO  impl.StateMachineUpdater (StateMachineUpdater.java:stopAndJoin(149)) - fdd2c237-e414-4605-b3b4-833d5e073368@group-280CF83C0957-StateMachineUpdater: set stopIndex = 0
2021-10-12 06:06:50,782 [fdd2c237-e414-4605-b3b4-833d5e073368@group-280CF83C0957-FollowerState] INFO  impl.FollowerState (FollowerState.java:run(143)) - fdd2c237-e414-4605-b3b4-833d5e073368@group-280CF83C0957-FollowerState was interrupted: {}
java.lang.InterruptedException: sleep interrupted
	at java.lang.Thread.sleep(Native Method)
	at java.lang.Thread.sleep(Thread.java:340)
	at java.util.concurrent.TimeUnit.sleep(TimeUnit.java:386)
	at org.apache.ratis.util.TimeDuration.sleep(TimeDuration.java:324)
	at org.apache.ratis.util.TimeDuration.sleep(TimeDuration.java:309)
	at org.apache.ratis.server.impl.FollowerState.run(FollowerState.java:118)
2021-10-12 06:06:50,786 [fdd2c237-e414-4605-b3b4-833d5e073368@group-280CF83C0957-StateMachineUpdater] INFO  ratis.ContainerStateMachine (ContainerStateMachine.java:takeSnapshot(292)) - group-280CF83C0957: Taking a snapshot at:(t:4, i:0) file /home/runner/work/ozone/ozone/hadoop-ozone/integration-test/target/test-dir/MiniOzoneClusterImpl-c6dc50ab-6fac-4554-b78d-9440f3e38bfb/datanode-3/data/ratis/0347fa64-7ac4-4e26-893b-280cf83c0957/sm/snapshot.4_0
2021-10-12 06:06:50,790 [fdd2c237-e414-4605-b3b4-833d5e073368@group-280CF83C0957-StateMachineUpdater] INFO  ratis.ContainerStateMachine (ContainerStateMachine.java:takeSnapshot(303)) - group-280CF83C0957: Finished taking a snapshot at:(t:4, i:0) file:/home/runner/work/ozone/ozone/hadoop-ozone/integration-test/target/test-dir/MiniOzoneClusterImpl-c6dc50ab-6fac-4554-b78d-9440f3e38bfb/datanode-3/data/ratis/0347fa64-7ac4-4e26-893b-280cf83c0957/sm/snapshot.4_0 took: 4 ms
2021-10-12 06:06:50,790 [fdd2c237-e414-4605-b3b4-833d5e073368@group-280CF83C0957-StateMachineUpdater] INFO  impl.StateMachineUpdater (StateMachineUpdater.java:takeSnapshot(281)) - fdd2c237-e414-4605-b3b4-833d5e073368@group-280CF83C0957-StateMachineUpdater: Took a snapshot at index 0
2021-10-12 06:06:50,790 [fdd2c237-e414-4605-b3b4-833d5e073368@group-280CF83C0957-StateMachineUpdater] INFO  impl.StateMachineUpdater (StateMachineUpdater.java:lambda$new$0(89)) - fdd2c237-e414-4605-b3b4-833d5e073368@group-280CF83C0957-StateMachineUpdater: snapshotIndex: updateIncreasingly -1 -> 0
2021-10-12 06:06:50,791 [Command processor thread] INFO  server.RaftServer$Division (ServerState.java:close(419)) - fdd2c237-e414-4605-b3b4-833d5e073368@group-280CF83C0957: closes. applyIndex: 0
2021-10-12 06:06:50,791 [fdd2c237-e414-4605-b3b4-833d5e073368@group-280CF83C0957-SegmentedRaftLogWorker] INFO  segmented.SegmentedRaftLogWorker (SegmentedRaftLogWorker.java:run(327)) - fdd2c237-e414-4605-b3b4-833d5e073368@group-280CF83C0957-SegmentedRaftLogWorker was interrupted, exiting. There are 0 tasks remaining in the queue.
2021-10-12 06:06:50,791 [Command processor thread] INFO  segmented.SegmentedRaftLogWorker (SegmentedRaftLogWorker.java:close(237)) - fdd2c237-e414-4605-b3b4-833d5e073368@group-280CF83C0957-SegmentedRaftLogWorker close()
2021-10-12 06:06:50,792 [Command processor thread] INFO  server.RaftServer$Division (RaftServerImpl.java:groupRemove(377)) - fdd2c237-e414-4605-b3b4-833d5e073368@group-280CF83C0957: Succeed to remove RaftStorageDirectory Storage Directory /home/runner/work/ozone/ozone/hadoop-ozone/integration-test/target/test-dir/MiniOzoneClusterImpl-c6dc50ab-6fac-4554-b78d-9440f3e38bfb/datanode-3/data/ratis/0347fa64-7ac4-4e26-893b-280cf83c0957
2021-10-12 06:06:50,792 [Command processor thread] INFO  commandhandler.ClosePipelineCommandHandler (ClosePipelineCommandHandler.java:handle(78)) - Close Pipeline PipelineID=0347fa64-7ac4-4e26-893b-280cf83c0957 command on datanode fdd2c237-e414-4605-b3b4-833d5e073368.
2021-10-12 06:06:50,995 [Command processor thread] INFO  server.RaftServer (RaftServerProxy.java:remove(106)) - 69929a81-75b5-4e59-a9cb-c7e6f0fb6fd6: remove  FOLLOWER 69929a81-75b5-4e59-a9cb-c7e6f0fb6fd6@group-510924D56746:t2, leader=a928fc34-d4b3-4f47-b859-83818f25ed6e, voted=a928fc34-d4b3-4f47-b859-83818f25ed6e, raftlog=69929a81-75b5-4e59-a9cb-c7e6f0fb6fd6@group-510924D56746-SegmentedRaftLog:OPENED:c0,f0,i0, conf=0: [69929a81-75b5-4e59-a9cb-c7e6f0fb6fd6|rpc:10.1.0.59:40555|dataStream:|priority:0, a928fc34-d4b3-4f47-b859-83818f25ed6e|rpc:10.1.0.59:35709|dataStream:|priority:1, f6edce37-208d-40f1-ab7e-323414b00593|rpc:10.1.0.59:35829|dataStream:|priority:0], old=null RUNNING
2021-10-12 06:06:50,995 [Command processor thread] INFO  server.RaftServer$Division (RaftServerImpl.java:lambda$close$4(407)) - 69929a81-75b5-4e59-a9cb-c7e6f0fb6fd6@group-510924D56746: shutdown
2021-10-12 06:06:50,995 [Command processor thread] INFO  util.JmxRegister (JmxRegister.java:unregister(73)) - Successfully un-registered JMX Bean with object name Ratis:service=RaftServer,group=group-510924D56746,id=69929a81-75b5-4e59-a9cb-c7e6f0fb6fd6
2021-10-12 06:06:50,995 [Command processor thread] INFO  impl.RoleInfo (RoleInfo.java:shutdownFollowerState(108)) - 69929a81-75b5-4e59-a9cb-c7e6f0fb6fd6: shutdown 69929a81-75b5-4e59-a9cb-c7e6f0fb6fd6@group-510924D56746-FollowerState
2021-10-12 06:06:50,995 [Command processor thread] INFO  impl.StateMachineUpdater (StateMachineUpdater.java:stopAndJoin(149)) - 69929a81-75b5-4e59-a9cb-c7e6f0fb6fd6@group-510924D56746-StateMachineUpdater: set stopIndex = 0
2021-10-12 06:06:50,998 [69929a81-75b5-4e59-a9cb-c7e6f0fb6fd6@group-510924D56746-FollowerState] INFO  impl.FollowerState (FollowerState.java:run(143)) - 69929a81-75b5-4e59-a9cb-c7e6f0fb6fd6@group-510924D56746-FollowerState was interrupted: {}
java.lang.InterruptedException: sleep interrupted
	at java.lang.Thread.sleep(Native Method)
	at java.lang.Thread.sleep(Thread.java:340)
	at java.util.concurrent.TimeUnit.sleep(TimeUnit.java:386)
	at org.apache.ratis.util.TimeDuration.sleep(TimeDuration.java:324)
	at org.apache.ratis.util.TimeDuration.sleep(TimeDuration.java:309)
	at org.apache.ratis.server.impl.FollowerState.run(FollowerState.java:118)
2021-10-12 06:06:50,998 [69929a81-75b5-4e59-a9cb-c7e6f0fb6fd6@group-510924D56746-StateMachineUpdater] INFO  ratis.ContainerStateMachine (ContainerStateMachine.java:takeSnapshot(292)) - group-510924D56746: Taking a snapshot at:(t:2, i:0) file /home/runner/work/ozone/ozone/hadoop-ozone/integration-test/target/test-dir/MiniOzoneClusterImpl-c6dc50ab-6fac-4554-b78d-9440f3e38bfb/datanode-0/data/ratis/65b688dd-5a9d-435b-8fed-510924d56746/sm/snapshot.2_0
2021-10-12 06:06:50,999 [EventQueue-PipelineReportForPipelineReportHandler] INFO  pipeline.PipelineReportHandler (PipelineReportHandler.java:processPipelineReport(113)) - Reported pipeline PipelineID=65b688dd-5a9d-435b-8fed-510924d56746 is not found
2021-10-12 06:06:50,999 [EventQueue-PipelineReportForPipelineReportHandler] INFO  pipeline.PipelineReportHandler (PipelineReportHandler.java:processPipelineReport(113)) - Reported pipeline PipelineID=5ecef51f-4e59-4141-a865-d0bf975ceda1 is not found
2021-10-12 06:06:51,007 [69929a81-75b5-4e59-a9cb-c7e6f0fb6fd6@group-510924D56746-StateMachineUpdater] INFO  ratis.ContainerStateMachine (ContainerStateMachine.java:takeSnapshot(303)) - group-510924D56746: Finished taking a snapshot at:(t:2, i:0) file:/home/runner/work/ozone/ozone/hadoop-ozone/integration-test/target/test-dir/MiniOzoneClusterImpl-c6dc50ab-6fac-4554-b78d-9440f3e38bfb/datanode-0/data/ratis/65b688dd-5a9d-435b-8fed-510924d56746/sm/snapshot.2_0 took: 9 ms
2021-10-12 06:06:51,007 [69929a81-75b5-4e59-a9cb-c7e6f0fb6fd6@group-510924D56746-StateMachineUpdater] INFO  impl.StateMachineUpdater (StateMachineUpdater.java:takeSnapshot(281)) - 69929a81-75b5-4e59-a9cb-c7e6f0fb6fd6@group-510924D56746-StateMachineUpdater: Took a snapshot at index 0
2021-10-12 06:06:51,007 [69929a81-75b5-4e59-a9cb-c7e6f0fb6fd6@group-510924D56746-StateMachineUpdater] INFO  impl.StateMachineUpdater (StateMachineUpdater.java:lambda$new$0(89)) - 69929a81-75b5-4e59-a9cb-c7e6f0fb6fd6@group-510924D56746-StateMachineUpdater: snapshotIndex: updateIncreasingly -1 -> 0
2021-10-12 06:06:51,010 [Command processor thread] INFO  server.RaftServer$Division (ServerState.java:close(419)) - 69929a81-75b5-4e59-a9cb-c7e6f0fb6fd6@group-510924D56746: closes. applyIndex: 0
2021-10-12 06:06:51,010 [69929a81-75b5-4e59-a9cb-c7e6f0fb6fd6@group-510924D56746-SegmentedRaftLogWorker] INFO  segmented.SegmentedRaftLogWorker (SegmentedRaftLogWorker.java:run(327)) - 69929a81-75b5-4e59-a9cb-c7e6f0fb6fd6@group-510924D56746-SegmentedRaftLogWorker was interrupted, exiting. There are 0 tasks remaining in the queue.
2021-10-12 06:06:51,012 [Command processor thread] INFO  segmented.SegmentedRaftLogWorker (SegmentedRaftLogWorker.java:close(237)) - 69929a81-75b5-4e59-a9cb-c7e6f0fb6fd6@group-510924D56746-SegmentedRaftLogWorker close()
2021-10-12 06:06:51,017 [Command processor thread] INFO  server.RaftServer$Division (RaftServerImpl.java:groupRemove(377)) - 69929a81-75b5-4e59-a9cb-c7e6f0fb6fd6@group-510924D56746: Succeed to remove RaftStorageDirectory Storage Directory /home/runner/work/ozone/ozone/hadoop-ozone/integration-test/target/test-dir/MiniOzoneClusterImpl-c6dc50ab-6fac-4554-b78d-9440f3e38bfb/datanode-0/data/ratis/65b688dd-5a9d-435b-8fed-510924d56746
2021-10-12 06:06:51,017 [Command processor thread] INFO  commandhandler.ClosePipelineCommandHandler (ClosePipelineCommandHandler.java:handle(78)) - Close Pipeline PipelineID=65b688dd-5a9d-435b-8fed-510924d56746 command on datanode 69929a81-75b5-4e59-a9cb-c7e6f0fb6fd6.
2021-10-12 06:06:51,017 [Command processor thread] INFO  server.RaftServer (RaftServerProxy.java:remove(106)) - 69929a81-75b5-4e59-a9cb-c7e6f0fb6fd6: remove  FOLLOWER 69929a81-75b5-4e59-a9cb-c7e6f0fb6fd6@group-D0BF975CEDA1:t1, leader=69929a81-75b5-4e59-a9cb-c7e6f0fb6fd6, voted=69929a81-75b5-4e59-a9cb-c7e6f0fb6fd6, raftlog=69929a81-75b5-4e59-a9cb-c7e6f0fb6fd6@group-D0BF975CEDA1-SegmentedRaftLog:OPENED:c0,f0,i0, conf=0: [69929a81-75b5-4e59-a9cb-c7e6f0fb6fd6|rpc:10.1.0.59:40555|dataStream:|priority:1, 8094cd77-30c2-47d7-ab82-7abee48b2f8b|rpc:10.1.0.59:44663|dataStream:|priority:0, f6edce37-208d-40f1-ab7e-323414b00593|rpc:10.1.0.59:35829|dataStream:|priority:0], old=null RUNNING
2021-10-12 06:06:51,018 [Command processor thread] INFO  server.RaftServer$Division (RaftServerImpl.java:lambda$close$4(407)) - 69929a81-75b5-4e59-a9cb-c7e6f0fb6fd6@group-D0BF975CEDA1: shutdown
2021-10-12 06:06:51,018 [Command processor thread] INFO  util.JmxRegister (JmxRegister.java:unregister(73)) - Successfully un-registered JMX Bean with object name Ratis:service=RaftServer,group=group-D0BF975CEDA1,id=69929a81-75b5-4e59-a9cb-c7e6f0fb6fd6
2021-10-12 06:06:51,018 [Command processor thread] INFO  impl.RoleInfo (RoleInfo.java:shutdownFollowerState(108)) - 69929a81-75b5-4e59-a9cb-c7e6f0fb6fd6: shutdown 69929a81-75b5-4e59-a9cb-c7e6f0fb6fd6@group-D0BF975CEDA1-FollowerState
2021-10-12 06:06:51,018 [Command processor thread] INFO  impl.StateMachineUpdater (StateMachineUpdater.java:stopAndJoin(149)) - 69929a81-75b5-4e59-a9cb-c7e6f0fb6fd6@group-D0BF975CEDA1-StateMachineUpdater: set stopIndex = 0
2021-10-12 06:06:51,018 [69929a81-75b5-4e59-a9cb-c7e6f0fb6fd6@group-D0BF975CEDA1-StateMachineUpdater] INFO  ratis.ContainerStateMachine (ContainerStateMachine.java:takeSnapshot(292)) - group-D0BF975CEDA1: Taking a snapshot at:(t:1, i:0) file /home/runner/work/ozone/ozone/hadoop-ozone/integration-test/target/test-dir/MiniOzoneClusterImpl-c6dc50ab-6fac-4554-b78d-9440f3e38bfb/datanode-0/data/ratis/5ecef51f-4e59-4141-a865-d0bf975ceda1/sm/snapshot.1_0
2021-10-12 06:06:51,018 [69929a81-75b5-4e59-a9cb-c7e6f0fb6fd6@group-D0BF975CEDA1-FollowerState] INFO  impl.FollowerState (FollowerState.java:run(143)) - 69929a81-75b5-4e59-a9cb-c7e6f0fb6fd6@group-D0BF975CEDA1-FollowerState was interrupted: {}
java.lang.InterruptedException: sleep interrupted
	at java.lang.Thread.sleep(Native Method)
	at java.lang.Thread.sleep(Thread.java:340)
	at java.util.concurrent.TimeUnit.sleep(TimeUnit.java:386)
	at org.apache.ratis.util.TimeDuration.sleep(TimeDuration.java:324)
	at org.apache.ratis.util.TimeDuration.sleep(TimeDuration.java:309)
	at org.apache.ratis.server.impl.FollowerState.run(FollowerState.java:118)
2021-10-12 06:06:51,022 [69929a81-75b5-4e59-a9cb-c7e6f0fb6fd6@group-D0BF975CEDA1-StateMachineUpdater] INFO  ratis.ContainerStateMachine (ContainerStateMachine.java:takeSnapshot(303)) - group-D0BF975CEDA1: Finished taking a snapshot at:(t:1, i:0) file:/home/runner/work/ozone/ozone/hadoop-ozone/integration-test/target/test-dir/MiniOzoneClusterImpl-c6dc50ab-6fac-4554-b78d-9440f3e38bfb/datanode-0/data/ratis/5ecef51f-4e59-4141-a865-d0bf975ceda1/sm/snapshot.1_0 took: 4 ms
2021-10-12 06:06:51,022 [69929a81-75b5-4e59-a9cb-c7e6f0fb6fd6@group-D0BF975CEDA1-StateMachineUpdater] INFO  impl.StateMachineUpdater (StateMachineUpdater.java:takeSnapshot(281)) - 69929a81-75b5-4e59-a9cb-c7e6f0fb6fd6@group-D0BF975CEDA1-StateMachineUpdater: Took a snapshot at index 0
2021-10-12 06:06:51,022 [69929a81-75b5-4e59-a9cb-c7e6f0fb6fd6@group-D0BF975CEDA1-StateMachineUpdater] INFO  impl.StateMachineUpdater (StateMachineUpdater.java:lambda$new$0(89)) - 69929a81-75b5-4e59-a9cb-c7e6f0fb6fd6@group-D0BF975CEDA1-StateMachineUpdater: snapshotIndex: updateIncreasingly -1 -> 0
2021-10-12 06:06:51,023 [Command processor thread] INFO  server.RaftServer$Division (ServerState.java:close(419)) - 69929a81-75b5-4e59-a9cb-c7e6f0fb6fd6@group-D0BF975CEDA1: closes. applyIndex: 0
2021-10-12 06:06:51,023 [69929a81-75b5-4e59-a9cb-c7e6f0fb6fd6@group-D0BF975CEDA1-SegmentedRaftLogWorker] INFO  segmented.SegmentedRaftLogWorker (SegmentedRaftLogWorker.java:run(327)) - 69929a81-75b5-4e59-a9cb-c7e6f0fb6fd6@group-D0BF975CEDA1-SegmentedRaftLogWorker was interrupted, exiting. There are 0 tasks remaining in the queue.
2021-10-12 06:06:51,024 [Command processor thread] INFO  segmented.SegmentedRaftLogWorker (SegmentedRaftLogWorker.java:close(237)) - 69929a81-75b5-4e59-a9cb-c7e6f0fb6fd6@group-D0BF975CEDA1-SegmentedRaftLogWorker close()
2021-10-12 06:06:51,035 [Command processor thread] INFO  server.RaftServer$Division (RaftServerImpl.java:groupRemove(377)) - 69929a81-75b5-4e59-a9cb-c7e6f0fb6fd6@group-D0BF975CEDA1: Succeed to remove RaftStorageDirectory Storage Directory /home/runner/work/ozone/ozone/hadoop-ozone/integration-test/target/test-dir/MiniOzoneClusterImpl-c6dc50ab-6fac-4554-b78d-9440f3e38bfb/datanode-0/data/ratis/5ecef51f-4e59-4141-a865-d0bf975ceda1
2021-10-12 06:06:51,035 [Command processor thread] INFO  commandhandler.ClosePipelineCommandHandler (ClosePipelineCommandHandler.java:handle(78)) - Close Pipeline PipelineID=5ecef51f-4e59-4141-a865-d0bf975ceda1 command on datanode 69929a81-75b5-4e59-a9cb-c7e6f0fb6fd6.
2021-10-12 06:06:51,069 [a928fc34-d4b3-4f47-b859-83818f25ed6e@group-1D5C0641F7B2-FollowerState] INFO  impl.FollowerState (FollowerState.java:run(134)) - a928fc34-d4b3-4f47-b859-83818f25ed6e@group-1D5C0641F7B2-FollowerState: change to CANDIDATE, lastRpcElapsedTime:9816260608ns, electionTimeout:5022ms
2021-10-12 06:06:51,069 [a928fc34-d4b3-4f47-b859-83818f25ed6e@group-1D5C0641F7B2-FollowerState] INFO  impl.RoleInfo (RoleInfo.java:shutdownFollowerState(108)) - a928fc34-d4b3-4f47-b859-83818f25ed6e: shutdown a928fc34-d4b3-4f47-b859-83818f25ed6e@group-1D5C0641F7B2-FollowerState
2021-10-12 06:06:51,069 [a928fc34-d4b3-4f47-b859-83818f25ed6e@group-1D5C0641F7B2-FollowerState] INFO  server.RaftServer$Division (RaftServerImpl.java:setRole(285)) - a928fc34-d4b3-4f47-b859-83818f25ed6e@group-1D5C0641F7B2: changes role from  FOLLOWER to CANDIDATE at term 2 for changeToCandidate
2021-10-12 06:06:51,069 [a928fc34-d4b3-4f47-b859-83818f25ed6e@group-1D5C0641F7B2-FollowerState] INFO  server.RaftServerConfigKeys (ConfUtils.java:logGet(44)) - raft.server.leaderelection.pre-vote = false (custom)
2021-10-12 06:06:51,069 [a928fc34-d4b3-4f47-b859-83818f25ed6e@group-1D5C0641F7B2-FollowerState] INFO  impl.RoleInfo (RoleInfo.java:updateAndGet(130)) - a928fc34-d4b3-4f47-b859-83818f25ed6e: start a928fc34-d4b3-4f47-b859-83818f25ed6e@group-1D5C0641F7B2-LeaderElection122
2021-10-12 06:06:51,072 [a928fc34-d4b3-4f47-b859-83818f25ed6e@group-1D5C0641F7B2-LeaderElection122] INFO  server.RaftServer$Division (ServerState.java:setLeader(285)) - a928fc34-d4b3-4f47-b859-83818f25ed6e@group-1D5C0641F7B2: change Leader from 8094cd77-30c2-47d7-ab82-7abee48b2f8b to null at term 2 for ELECTION
2021-10-12 06:06:51,073 [a928fc34-d4b3-4f47-b859-83818f25ed6e@group-1D5C0641F7B2-LeaderElection122] INFO  impl.LeaderElection (LeaderElection.java:askForVotes(306)) - a928fc34-d4b3-4f47-b859-83818f25ed6e@group-1D5C0641F7B2-LeaderElection122 ELECTION round 0: submit vote requests at term 3 for 0: [69929a81-75b5-4e59-a9cb-c7e6f0fb6fd6|rpc:10.1.0.59:40555|dataStream:|priority:0, a928fc34-d4b3-4f47-b859-83818f25ed6e|rpc:10.1.0.59:35709|dataStream:|priority:0, 8094cd77-30c2-47d7-ab82-7abee48b2f8b|rpc:10.1.0.59:44663|dataStream:|priority:1], old=null
2021-10-12 06:06:51,091 [grpc-default-executor-4] INFO  server.RaftServer$Division (RaftServerImpl.java:requestVote(1043)) - 69929a81-75b5-4e59-a9cb-c7e6f0fb6fd6@group-1D5C0641F7B2: receive requestVote(ELECTION, a928fc34-d4b3-4f47-b859-83818f25ed6e, group-1D5C0641F7B2, 3, (t:2, i:0))
2021-10-12 06:06:51,091 [grpc-default-executor-4] INFO  impl.VoteContext (VoteContext.java:log(48)) - 69929a81-75b5-4e59-a9cb-c7e6f0fb6fd6@group-1D5C0641F7B2-FOLLOWER: accept ELECTION from a928fc34-d4b3-4f47-b859-83818f25ed6e: our priority 0 <= candidate's priority 0
2021-10-12 06:06:51,091 [grpc-default-executor-4] INFO  server.RaftServer$Division (ServerState.java:setLeader(285)) - 69929a81-75b5-4e59-a9cb-c7e6f0fb6fd6@group-1D5C0641F7B2: change Leader from 8094cd77-30c2-47d7-ab82-7abee48b2f8b to null at term 3 for updateCurrentTerm
2021-10-12 06:06:51,091 [grpc-default-executor-4] INFO  server.RaftServer$Division (RaftServerImpl.java:setRole(285)) - 69929a81-75b5-4e59-a9cb-c7e6f0fb6fd6@group-1D5C0641F7B2: changes role from  FOLLOWER to FOLLOWER at term 3 for candidate:a928fc34-d4b3-4f47-b859-83818f25ed6e
2021-10-12 06:06:51,091 [grpc-default-executor-4] INFO  impl.RoleInfo (RoleInfo.java:shutdownFollowerState(108)) - 69929a81-75b5-4e59-a9cb-c7e6f0fb6fd6: shutdown 69929a81-75b5-4e59-a9cb-c7e6f0fb6fd6@group-1D5C0641F7B2-FollowerState
2021-10-12 06:06:51,102 [grpc-default-executor-4] INFO  impl.RoleInfo (RoleInfo.java:updateAndGet(130)) - 69929a81-75b5-4e59-a9cb-c7e6f0fb6fd6: start 69929a81-75b5-4e59-a9cb-c7e6f0fb6fd6@group-1D5C0641F7B2-FollowerState
2021-10-12 06:06:51,102 [69929a81-75b5-4e59-a9cb-c7e6f0fb6fd6@group-1D5C0641F7B2-FollowerState] INFO  impl.FollowerState (FollowerState.java:run(143)) - 69929a81-75b5-4e59-a9cb-c7e6f0fb6fd6@group-1D5C0641F7B2-FollowerState was interrupted: {}
java.lang.InterruptedException: sleep interrupted
	at java.lang.Thread.sleep(Native Method)
	at java.lang.Thread.sleep(Thread.java:340)
	at java.util.concurrent.TimeUnit.sleep(TimeUnit.java:386)
	at org.apache.ratis.util.TimeDuration.sleep(TimeDuration.java:324)
	at org.apache.ratis.util.TimeDuration.sleep(TimeDuration.java:309)
	at org.apache.ratis.server.impl.FollowerState.run(FollowerState.java:118)
2021-10-12 06:06:51,104 [a928fc34-d4b3-4f47-b859-83818f25ed6e@group-1D5C0641F7B2-LeaderElection122] INFO  impl.LeaderElection (LogUtils.java:infoOrTrace(137)) - a928fc34-d4b3-4f47-b859-83818f25ed6e@group-1D5C0641F7B2-LeaderElection122 got exception when requesting votes: java.util.concurrent.ExecutionException: org.apache.ratis.thirdparty.io.grpc.StatusRuntimeException: UNAVAILABLE: io exception
2021-10-12 06:06:51,105 [grpc-default-executor-4] INFO  server.RaftServer$Division (RaftServerImpl.java:requestVote(1075)) - 69929a81-75b5-4e59-a9cb-c7e6f0fb6fd6@group-1D5C0641F7B2 replies to ELECTION vote request: a928fc34-d4b3-4f47-b859-83818f25ed6e<-69929a81-75b5-4e59-a9cb-c7e6f0fb6fd6#0:OK-t3. Peer's state: 69929a81-75b5-4e59-a9cb-c7e6f0fb6fd6@group-1D5C0641F7B2:t3, leader=null, voted=a928fc34-d4b3-4f47-b859-83818f25ed6e, raftlog=69929a81-75b5-4e59-a9cb-c7e6f0fb6fd6@group-1D5C0641F7B2-SegmentedRaftLog:OPENED:c0,f0,i0, conf=0: [69929a81-75b5-4e59-a9cb-c7e6f0fb6fd6|rpc:10.1.0.59:40555|dataStream:|priority:0, a928fc34-d4b3-4f47-b859-83818f25ed6e|rpc:10.1.0.59:35709|dataStream:|priority:0, 8094cd77-30c2-47d7-ab82-7abee48b2f8b|rpc:10.1.0.59:44663|dataStream:|priority:1], old=null
2021-10-12 06:06:51,107 [a928fc34-d4b3-4f47-b859-83818f25ed6e@group-1D5C0641F7B2-LeaderElection122] INFO  impl.LeaderElection (LeaderElection.java:logAndReturn(89)) - a928fc34-d4b3-4f47-b859-83818f25ed6e@group-1D5C0641F7B2-LeaderElection122: ELECTION PASSED received 1 response(s) and 1 exception(s):
2021-10-12 06:06:51,107 [a928fc34-d4b3-4f47-b859-83818f25ed6e@group-1D5C0641F7B2-LeaderElection122] INFO  impl.LeaderElection (LeaderElection.java:logAndReturn(93)) -   Response 0: a928fc34-d4b3-4f47-b859-83818f25ed6e<-69929a81-75b5-4e59-a9cb-c7e6f0fb6fd6#0:OK-t3
2021-10-12 06:06:51,107 [a928fc34-d4b3-4f47-b859-83818f25ed6e@group-1D5C0641F7B2-LeaderElection122] INFO  impl.LeaderElection (LogUtils.java:infoOrTrace(137)) -   Exception 1: java.util.concurrent.ExecutionException: org.apache.ratis.thirdparty.io.grpc.StatusRuntimeException: UNAVAILABLE: io exception
2021-10-12 06:06:51,107 [a928fc34-d4b3-4f47-b859-83818f25ed6e@group-1D5C0641F7B2-LeaderElection122] INFO  impl.LeaderElection (LeaderElection.java:askForVotes(308)) - a928fc34-d4b3-4f47-b859-83818f25ed6e@group-1D5C0641F7B2-LeaderElection122 ELECTION round 0: result PASSED
2021-10-12 06:06:51,107 [a928fc34-d4b3-4f47-b859-83818f25ed6e@group-1D5C0641F7B2-LeaderElection122] INFO  impl.RoleInfo (RoleInfo.java:shutdownLeaderElection(121)) - a928fc34-d4b3-4f47-b859-83818f25ed6e: shutdown a928fc34-d4b3-4f47-b859-83818f25ed6e@group-1D5C0641F7B2-LeaderElection122
2021-10-12 06:06:51,107 [a928fc34-d4b3-4f47-b859-83818f25ed6e@group-1D5C0641F7B2-LeaderElection122] INFO  server.RaftServer$Division (RaftServerImpl.java:setRole(285)) - a928fc34-d4b3-4f47-b859-83818f25ed6e@group-1D5C0641F7B2: changes role from CANDIDATE to LEADER at term 3 for changeToLeader
2021-10-12 06:06:51,107 [a928fc34-d4b3-4f47-b859-83818f25ed6e@group-1D5C0641F7B2-LeaderElection122] INFO  ratis.XceiverServerRatis (XceiverServerRatis.java:handleLeaderChangedNotification(861)) - Leader change notification received for group: group-1D5C0641F7B2 with new leaderId: a928fc34-d4b3-4f47-b859-83818f25ed6e
2021-10-12 06:06:51,107 [a928fc34-d4b3-4f47-b859-83818f25ed6e@group-1D5C0641F7B2-LeaderElection122] INFO  server.RaftServer$Division (ServerState.java:setLeader(285)) - a928fc34-d4b3-4f47-b859-83818f25ed6e@group-1D5C0641F7B2: change Leader from null to a928fc34-d4b3-4f47-b859-83818f25ed6e at term 3 for becomeLeader, leader elected after 35ms
2021-10-12 06:06:51,107 [a928fc34-d4b3-4f47-b859-83818f25ed6e@group-1D5C0641F7B2-LeaderElection122] INFO  server.RaftServerConfigKeys (ConfUtils.java:logGet(44)) - raft.server.staging.catchup.gap = 1000 (default)
2021-10-12 06:06:51,108 [a928fc34-d4b3-4f47-b859-83818f25ed6e@group-1D5C0641F7B2-LeaderElection122] INFO  server.RaftServerConfigKeys (ConfUtils.java:logGet(44)) - raft.server.write.element-limit = 1024 (custom)
2021-10-12 06:06:51,108 [a928fc34-d4b3-4f47-b859-83818f25ed6e@group-1D5C0641F7B2-LeaderElection122] INFO  server.RaftServerConfigKeys (ConfUtils.java:logGet(44)) - raft.server.write.byte-limit = 1024 M (=1073741824) (custom)
2021-10-12 06:06:51,108 [a928fc34-d4b3-4f47-b859-83818f25ed6e@group-1D5C0641F7B2-LeaderElection122] INFO  server.RaftServerConfigKeys (ConfUtils.java:logGet(44)) - raft.server.watch.timeout = 3000ms (custom)
2021-10-12 06:06:51,108 [a928fc34-d4b3-4f47-b859-83818f25ed6e@group-1D5C0641F7B2-LeaderElection122] INFO  server.RaftServerConfigKeys (ConfUtils.java:logGet(44)) - raft.server.watch.timeout.denomination = 1s (default)
2021-10-12 06:06:51,108 [a928fc34-d4b3-4f47-b859-83818f25ed6e@group-1D5C0641F7B2-LeaderElection122] INFO  server.RaftServerConfigKeys (ConfUtils.java:logGet(44)) - raft.server.watch.element-limit = 65536 (default)
2021-10-12 06:06:51,108 [a928fc34-d4b3-4f47-b859-83818f25ed6e@group-1D5C0641F7B2-LeaderElection122] INFO  server.RaftServerConfigKeys (ConfUtils.java:logGet(44)) - raft.server.log.appender.snapshot.chunk.size.max = 16MB (=16777216) (default)
2021-10-12 06:06:51,108 [a928fc34-d4b3-4f47-b859-83818f25ed6e@group-1D5C0641F7B2-LeaderElection122] INFO  server.RaftServerConfigKeys (ConfUtils.java:logGet(44)) - raft.server.log.appender.buffer.byte-limit = 33554432 (custom)
2021-10-12 06:06:51,108 [a928fc34-d4b3-4f47-b859-83818f25ed6e@group-1D5C0641F7B2-LeaderElection122] INFO  server.RaftServerConfigKeys (ConfUtils.java:logGet(44)) - raft.server.log.appender.buffer.element-limit = 1 (custom)
2021-10-12 06:06:51,108 [a928fc34-d4b3-4f47-b859-83818f25ed6e@group-1D5C0641F7B2-LeaderElection122] INFO  grpc.GrpcConfigKeys (ConfUtils.java:logGet(44)) - raft.grpc.server.leader.outstanding.appends.max = 128 (default)
2021-10-12 06:06:51,108 [a928fc34-d4b3-4f47-b859-83818f25ed6e@group-1D5C0641F7B2-LeaderElection122] INFO  server.RaftServerConfigKeys (ConfUtils.java:logGet(44)) - raft.server.rpc.request.timeout = 3000ms (default)
2021-10-12 06:06:51,108 [a928fc34-d4b3-4f47-b859-83818f25ed6e@group-1D5C0641F7B2-LeaderElection122] INFO  server.RaftServerConfigKeys (ConfUtils.java:logGet(44)) - raft.server.log.appender.install.snapshot.enabled = false (custom)
2021-10-12 06:06:51,109 [a928fc34-d4b3-4f47-b859-83818f25ed6e@group-1D5C0641F7B2-LeaderElection122] INFO  server.RaftServerConfigKeys (ConfUtils.java:logGet(44)) - raft.server.log.appender.snapshot.chunk.size.max = 16MB (=16777216) (default)
2021-10-12 06:06:51,109 [a928fc34-d4b3-4f47-b859-83818f25ed6e@group-1D5C0641F7B2-LeaderElection122] INFO  server.RaftServerConfigKeys (ConfUtils.java:logGet(44)) - raft.server.log.appender.buffer.byte-limit = 33554432 (custom)
2021-10-12 06:06:51,109 [a928fc34-d4b3-4f47-b859-83818f25ed6e@group-1D5C0641F7B2-LeaderElection122] INFO  server.RaftServerConfigKeys (ConfUtils.java:logGet(44)) - raft.server.log.appender.buffer.element-limit = 1 (custom)
2021-10-12 06:06:51,110 [a928fc34-d4b3-4f47-b859-83818f25ed6e@group-1D5C0641F7B2-LeaderElection122] INFO  grpc.GrpcConfigKeys (ConfUtils.java:logGet(44)) - raft.grpc.server.leader.outstanding.appends.max = 128 (default)
2021-10-12 06:06:51,110 [a928fc34-d4b3-4f47-b859-83818f25ed6e@group-1D5C0641F7B2-LeaderElection122] INFO  server.RaftServerConfigKeys (ConfUtils.java:logGet(44)) - raft.server.rpc.request.timeout = 3000ms (default)
2021-10-12 06:06:51,110 [a928fc34-d4b3-4f47-b859-83818f25ed6e@group-1D5C0641F7B2-LeaderElection122] INFO  server.RaftServerConfigKeys (ConfUtils.java:logGet(44)) - raft.server.log.appender.install.snapshot.enabled = false (custom)
2021-10-12 06:06:51,110 [Datanode State Machine Thread - 0] WARN  statemachine.StateContext (StateContext.java:execute(621)) - No available thread in pool for past 1 seconds.
2021-10-12 06:06:51,111 [a928fc34-d4b3-4f47-b859-83818f25ed6e@group-1D5C0641F7B2-LeaderElection122] INFO  impl.RoleInfo (RoleInfo.java:updateAndGet(130)) - a928fc34-d4b3-4f47-b859-83818f25ed6e: start a928fc34-d4b3-4f47-b859-83818f25ed6e@group-1D5C0641F7B2-LeaderStateImpl
2021-10-12 06:06:51,111 [a928fc34-d4b3-4f47-b859-83818f25ed6e@group-1D5C0641F7B2-LeaderElection122] INFO  segmented.SegmentedRaftLogWorker (SegmentedRaftLogWorker.java:rollLogSegment(399)) - a928fc34-d4b3-4f47-b859-83818f25ed6e@group-1D5C0641F7B2-SegmentedRaftLogWorker: Rolling segment log-0_0 to index:0
2021-10-12 06:06:51,112 [a928fc34-d4b3-4f47-b859-83818f25ed6e@group-1D5C0641F7B2-SegmentedRaftLogWorker] INFO  segmented.SegmentedRaftLogWorker (SegmentedRaftLogWorker.java:execute(558)) - a928fc34-d4b3-4f47-b859-83818f25ed6e@group-1D5C0641F7B2-SegmentedRaftLogWorker: Rolled log segment from /home/runner/work/ozone/ozone/hadoop-ozone/integration-test/target/test-dir/MiniOzoneClusterImpl-c6dc50ab-6fac-4554-b78d-9440f3e38bfb/datanode-2/data/ratis/9932fe54-2ba2-4d09-8578-1d5c0641f7b2/current/log_inprogress_0 to /home/runner/work/ozone/ozone/hadoop-ozone/integration-test/target/test-dir/MiniOzoneClusterImpl-c6dc50ab-6fac-4554-b78d-9440f3e38bfb/datanode-2/data/ratis/9932fe54-2ba2-4d09-8578-1d5c0641f7b2/current/log_0-0
2021-10-12 06:06:51,113 [a928fc34-d4b3-4f47-b859-83818f25ed6e@group-1D5C0641F7B2-SegmentedRaftLogWorker] INFO  segmented.SegmentedRaftLogWorker (SegmentedRaftLogWorker.java:execute(601)) - a928fc34-d4b3-4f47-b859-83818f25ed6e@group-1D5C0641F7B2-SegmentedRaftLogWorker: created new log segment /home/runner/work/ozone/ozone/hadoop-ozone/integration-test/target/test-dir/MiniOzoneClusterImpl-c6dc50ab-6fac-4554-b78d-9440f3e38bfb/datanode-2/data/ratis/9932fe54-2ba2-4d09-8578-1d5c0641f7b2/current/log_inprogress_1
2021-10-12 06:06:51,118 [EventQueue-PipelineReportForPipelineReportHandler] INFO  pipeline.PipelineReportHandler (PipelineReportHandler.java:processPipelineReport(113)) - Reported pipeline PipelineID=8f317fee-cc95-4c93-953a-d184f90dd9f3 is not found
2021-10-12 06:06:51,118 [EventQueue-PipelineReportForPipelineReportHandler] INFO  pipeline.PipelineReportHandler (PipelineReportHandler.java:processPipelineReport(113)) - Reported pipeline PipelineID=65b688dd-5a9d-435b-8fed-510924d56746 is not found
2021-10-12 06:06:51,169 [a928fc34-d4b3-4f47-b859-83818f25ed6e@group-1D5C0641F7B2-LeaderElection122] INFO  server.RaftServer$Division (ServerState.java:setRaftConf(387)) - a928fc34-d4b3-4f47-b859-83818f25ed6e@group-1D5C0641F7B2: set configuration 1: [69929a81-75b5-4e59-a9cb-c7e6f0fb6fd6|rpc:10.1.0.59:40555|dataStream:|priority:0, a928fc34-d4b3-4f47-b859-83818f25ed6e|rpc:10.1.0.59:35709|dataStream:|priority:0, 8094cd77-30c2-47d7-ab82-7abee48b2f8b|rpc:10.1.0.59:44663|dataStream:|priority:1], old=null
2021-10-12 06:06:51,169 [grpc-default-executor-4] WARN  server.GrpcLogAppender (LogUtils.java:warn(122)) - a928fc34-d4b3-4f47-b859-83818f25ed6e@group-1D5C0641F7B2->8094cd77-30c2-47d7-ab82-7abee48b2f8b-AppendLogResponseHandler: Failed appendEntries: org.apache.ratis.thirdparty.io.grpc.StatusRuntimeException: UNAVAILABLE: io exception
2021-10-12 06:06:51,195 [grpc-default-executor-4] WARN  server.GrpcLogAppender (GrpcLogAppender.java:resetClient(111)) - a928fc34-d4b3-4f47-b859-83818f25ed6e@group-1D5C0641F7B2->8094cd77-30c2-47d7-ab82-7abee48b2f8b-GrpcLogAppender: Leader has not got in touch with Follower a928fc34-d4b3-4f47-b859-83818f25ed6e@group-1D5C0641F7B2->8094cd77-30c2-47d7-ab82-7abee48b2f8b(c-1,m0,n1, attendVote=true, lastRpcSendTime=5286, lastRpcResponseTime=5286) yet, just keep nextIndex unchanged and retry.
2021-10-12 06:06:51,199 [grpc-default-executor-5] WARN  server.GrpcLogAppender (LogUtils.java:warn(122)) - a928fc34-d4b3-4f47-b859-83818f25ed6e@group-1D5C0641F7B2->8094cd77-30c2-47d7-ab82-7abee48b2f8b-AppendLogResponseHandler: Failed appendEntries: org.apache.ratis.thirdparty.io.grpc.StatusRuntimeException: UNAVAILABLE: io exception
2021-10-12 06:06:51,199 [grpc-default-executor-5] WARN  server.GrpcLogAppender (GrpcLogAppender.java:resetClient(111)) - a928fc34-d4b3-4f47-b859-83818f25ed6e@group-1D5C0641F7B2->8094cd77-30c2-47d7-ab82-7abee48b2f8b-GrpcLogAppender: Leader has not got in touch with Follower a928fc34-d4b3-4f47-b859-83818f25ed6e@group-1D5C0641F7B2->8094cd77-30c2-47d7-ab82-7abee48b2f8b(c-1,m0,n2, attendVote=true, lastRpcSendTime=4, lastRpcResponseTime=5290) yet, just keep nextIndex unchanged and retry.
2021-10-12 06:06:51,199 [grpc-default-executor-5] INFO  ratis.XceiverServerRatis (XceiverServerRatis.java:handleLeaderChangedNotification(861)) - Leader change notification received for group: group-1D5C0641F7B2 with new leaderId: a928fc34-d4b3-4f47-b859-83818f25ed6e
2021-10-12 06:06:51,199 [grpc-default-executor-5] INFO  server.RaftServer$Division (ServerState.java:setLeader(285)) - 69929a81-75b5-4e59-a9cb-c7e6f0fb6fd6@group-1D5C0641F7B2: change Leader from null to a928fc34-d4b3-4f47-b859-83818f25ed6e at term 3 for appendEntries, leader elected after 108ms
2021-10-12 06:06:51,209 [grpc-default-executor-4] WARN  server.GrpcLogAppender (LogUtils.java:warn(122)) - a928fc34-d4b3-4f47-b859-83818f25ed6e@group-510924D56746->f6edce37-208d-40f1-ab7e-323414b00593-AppendLogResponseHandler: Failed appendEntries: org.apache.ratis.thirdparty.io.grpc.StatusRuntimeException: UNAVAILABLE: io exception
2021-10-12 06:06:51,209 [grpc-default-executor-4] WARN  server.GrpcLogAppender (GrpcLogAppender.java:resetClient(111)) - a928fc34-d4b3-4f47-b859-83818f25ed6e@group-510924D56746->f6edce37-208d-40f1-ab7e-323414b00593-GrpcLogAppender: Leader has not got in touch with Follower a928fc34-d4b3-4f47-b859-83818f25ed6e@group-510924D56746->f6edce37-208d-40f1-ab7e-323414b00593(c-1,m0,n1, attendVote=true, lastRpcSendTime=8, lastRpcResponseTime=15466) yet, just keep nextIndex unchanged and retry.
2021-10-12 06:06:51,230 [grpc-default-executor-5] INFO  server.RaftServer$Division (ServerState.java:setRaftConf(387)) - 69929a81-75b5-4e59-a9cb-c7e6f0fb6fd6@group-1D5C0641F7B2: set configuration 1: [69929a81-75b5-4e59-a9cb-c7e6f0fb6fd6|rpc:10.1.0.59:40555|dataStream:|priority:0, a928fc34-d4b3-4f47-b859-83818f25ed6e|rpc:10.1.0.59:35709|dataStream:|priority:0, 8094cd77-30c2-47d7-ab82-7abee48b2f8b|rpc:10.1.0.59:44663|dataStream:|priority:1], old=null
2021-10-12 06:06:51,231 [grpc-default-executor-5] INFO  segmented.SegmentedRaftLogWorker (SegmentedRaftLogWorker.java:rollLogSegment(399)) - 69929a81-75b5-4e59-a9cb-c7e6f0fb6fd6@group-1D5C0641F7B2-SegmentedRaftLogWorker: Rolling segment log-0_0 to index:0
2021-10-12 06:06:51,231 [69929a81-75b5-4e59-a9cb-c7e6f0fb6fd6@group-1D5C0641F7B2-SegmentedRaftLogWorker] INFO  segmented.SegmentedRaftLogWorker (SegmentedRaftLogWorker.java:execute(558)) - 69929a81-75b5-4e59-a9cb-c7e6f0fb6fd6@group-1D5C0641F7B2-SegmentedRaftLogWorker: Rolled log segment from /home/runner/work/ozone/ozone/hadoop-ozone/integration-test/target/test-dir/MiniOzoneClusterImpl-c6dc50ab-6fac-4554-b78d-9440f3e38bfb/datanode-0/data/ratis/9932fe54-2ba2-4d09-8578-1d5c0641f7b2/current/log_inprogress_0 to /home/runner/work/ozone/ozone/hadoop-ozone/integration-test/target/test-dir/MiniOzoneClusterImpl-c6dc50ab-6fac-4554-b78d-9440f3e38bfb/datanode-0/data/ratis/9932fe54-2ba2-4d09-8578-1d5c0641f7b2/current/log_0-0
2021-10-12 06:06:51,233 [69929a81-75b5-4e59-a9cb-c7e6f0fb6fd6@group-1D5C0641F7B2-SegmentedRaftLogWorker] INFO  segmented.SegmentedRaftLogWorker (SegmentedRaftLogWorker.java:execute(601)) - 69929a81-75b5-4e59-a9cb-c7e6f0fb6fd6@group-1D5C0641F7B2-SegmentedRaftLogWorker: created new log segment /home/runner/work/ozone/ozone/hadoop-ozone/integration-test/target/test-dir/MiniOzoneClusterImpl-c6dc50ab-6fac-4554-b78d-9440f3e38bfb/datanode-0/data/ratis/9932fe54-2ba2-4d09-8578-1d5c0641f7b2/current/log_inprogress_1
2021-10-12 06:06:51,316 [grpc-default-executor-5] WARN  server.GrpcLogAppender (LogUtils.java:warn(122)) - a928fc34-d4b3-4f47-b859-83818f25ed6e@group-1D5C0641F7B2->8094cd77-30c2-47d7-ab82-7abee48b2f8b-AppendLogResponseHandler: Failed appendEntries: org.apache.ratis.thirdparty.io.grpc.StatusRuntimeException: UNAVAILABLE: io exception
2021-10-12 06:06:51,317 [grpc-default-executor-5] WARN  server.GrpcLogAppender (GrpcLogAppender.java:resetClient(111)) - a928fc34-d4b3-4f47-b859-83818f25ed6e@group-1D5C0641F7B2->8094cd77-30c2-47d7-ab82-7abee48b2f8b-GrpcLogAppender: Leader has not got in touch with Follower a928fc34-d4b3-4f47-b859-83818f25ed6e@group-1D5C0641F7B2->8094cd77-30c2-47d7-ab82-7abee48b2f8b(c-1,m0,n3, attendVote=true, lastRpcSendTime=0, lastRpcResponseTime=5408) yet, just keep nextIndex unchanged and retry.
2021-10-12 06:06:51,505 [Listener at 127.0.0.1/38829] INFO  ozoneimpl.OzoneContainer (OzoneContainer.java:stop(325)) - Attempting to stop container services.
2021-10-12 06:06:51,508 [Listener at 127.0.0.1/38829] INFO  server.RaftServer (RaftServerProxy.java:lambda$close$6(391)) - fd6d4eb7-d4eb-4c85-951f-7fa23d5c4e33: close
2021-10-12 06:06:51,508 [Listener at 127.0.0.1/38829] INFO  server.RaftServer$Division (RaftServerImpl.java:lambda$close$4(407)) - fd6d4eb7-d4eb-4c85-951f-7fa23d5c4e33@group-C5477E2A5DAB: shutdown
2021-10-12 06:06:51,508 [Listener at 127.0.0.1/38829] INFO  util.JmxRegister (JmxRegister.java:unregister(73)) - Successfully un-registered JMX Bean with object name Ratis:service=RaftServer,group=group-C5477E2A5DAB,id=fd6d4eb7-d4eb-4c85-951f-7fa23d5c4e33
2021-10-12 06:06:51,508 [Listener at 127.0.0.1/38829] INFO  impl.RoleInfo (RoleInfo.java:shutdownLeaderState(91)) - fd6d4eb7-d4eb-4c85-951f-7fa23d5c4e33: shutdown fd6d4eb7-d4eb-4c85-951f-7fa23d5c4e33@group-C5477E2A5DAB-LeaderStateImpl
2021-10-12 06:06:51,508 [Listener at 127.0.0.1/38829] INFO  impl.PendingRequests (PendingRequests.java:sendNotLeaderResponses(282)) - fd6d4eb7-d4eb-4c85-951f-7fa23d5c4e33@group-C5477E2A5DAB-PendingRequests: sendNotLeaderResponses
2021-10-12 06:06:51,509 [Listener at 127.0.0.1/38829] INFO  impl.StateMachineUpdater (StateMachineUpdater.java:stopAndJoin(149)) - fd6d4eb7-d4eb-4c85-951f-7fa23d5c4e33@group-C5477E2A5DAB-StateMachineUpdater: set stopIndex = 0
2021-10-12 06:06:51,509 [fd6d4eb7-d4eb-4c85-951f-7fa23d5c4e33@group-C5477E2A5DAB->fdd2c237-e414-4605-b3b4-833d5e073368-GrpcLogAppender-LogAppenderDaemon] WARN  server.GrpcLogAppender (GrpcLogAppender.java:mayWait(175)) - fd6d4eb7-d4eb-4c85-951f-7fa23d5c4e33@group-C5477E2A5DAB->fdd2c237-e414-4605-b3b4-833d5e073368-GrpcLogAppender: Wait interrupted by java.lang.InterruptedException
2021-10-12 06:06:51,510 [fd6d4eb7-d4eb-4c85-951f-7fa23d5c4e33@group-C5477E2A5DAB-StateMachineUpdater] INFO  ratis.ContainerStateMachine (ContainerStateMachine.java:takeSnapshot(292)) - group-C5477E2A5DAB: Taking a snapshot at:(t:2, i:0) file /home/runner/work/ozone/ozone/hadoop-ozone/integration-test/target/test-dir/MiniOzoneClusterImpl-c6dc50ab-6fac-4554-b78d-9440f3e38bfb/datanode-5/data/ratis/11f238a1-a81c-4d19-9df2-c5477e2a5dab/sm/snapshot.2_0
2021-10-12 06:06:51,510 [fd6d4eb7-d4eb-4c85-951f-7fa23d5c4e33@group-C5477E2A5DAB-StateMachineUpdater] INFO  ratis.ContainerStateMachine (ContainerStateMachine.java:takeSnapshot(303)) - group-C5477E2A5DAB: Finished taking a snapshot at:(t:2, i:0) file:/home/runner/work/ozone/ozone/hadoop-ozone/integration-test/target/test-dir/MiniOzoneClusterImpl-c6dc50ab-6fac-4554-b78d-9440f3e38bfb/datanode-5/data/ratis/11f238a1-a81c-4d19-9df2-c5477e2a5dab/sm/snapshot.2_0 took: 0 ms
2021-10-12 06:06:51,510 [fd6d4eb7-d4eb-4c85-951f-7fa23d5c4e33@group-C5477E2A5DAB-StateMachineUpdater] INFO  impl.StateMachineUpdater (StateMachineUpdater.java:takeSnapshot(281)) - fd6d4eb7-d4eb-4c85-951f-7fa23d5c4e33@group-C5477E2A5DAB-StateMachineUpdater: Took a snapshot at index 0
2021-10-12 06:06:51,510 [fd6d4eb7-d4eb-4c85-951f-7fa23d5c4e33@group-C5477E2A5DAB-StateMachineUpdater] INFO  impl.StateMachineUpdater (StateMachineUpdater.java:lambda$new$0(89)) - fd6d4eb7-d4eb-4c85-951f-7fa23d5c4e33@group-C5477E2A5DAB-StateMachineUpdater: snapshotIndex: updateIncreasingly -1 -> 0
2021-10-12 06:06:51,511 [Listener at 127.0.0.1/38829] INFO  server.RaftServer$Division (ServerState.java:close(419)) - fd6d4eb7-d4eb-4c85-951f-7fa23d5c4e33@group-C5477E2A5DAB: closes. applyIndex: 0
2021-10-12 06:06:51,518 [grpc-default-executor-5] INFO  server.GrpcServerProtocolService (GrpcServerProtocolService.java:onCompleted(140)) - fdd2c237-e414-4605-b3b4-833d5e073368: Completed APPEND_ENTRIES, lastRequest: fd6d4eb7-d4eb-4c85-951f-7fa23d5c4e33->fdd2c237-e414-4605-b3b4-833d5e073368#1-t2,previous=(t:0, i:0),leaderCommit=0,initializing? true,entries: size=1, first=(t:2, i:0), CONFIGURATIONENTRY
2021-10-12 06:06:51,518 [grpc-default-executor-5] INFO  server.GrpcLogAppender (GrpcLogAppender.java:onCompleted(344)) - fd6d4eb7-d4eb-4c85-951f-7fa23d5c4e33@group-C5477E2A5DAB->fdd2c237-e414-4605-b3b4-833d5e073368-AppendLogResponseHandler: follower responses appendEntries COMPLETED
2021-10-12 06:06:51,518 [grpc-default-executor-5] INFO  leader.FollowerInfo (FollowerInfoImpl.java:lambda$new$0(46)) - fd6d4eb7-d4eb-4c85-951f-7fa23d5c4e33@group-C5477E2A5DAB->fdd2c237-e414-4605-b3b4-833d5e073368: nextIndex: updateUnconditionally 1 -> 0
2021-10-12 06:06:51,548 [fd6d4eb7-d4eb-4c85-951f-7fa23d5c4e33@group-C5477E2A5DAB-SegmentedRaftLogWorker] INFO  segmented.SegmentedRaftLogWorker (SegmentedRaftLogWorker.java:run(327)) - fd6d4eb7-d4eb-4c85-951f-7fa23d5c4e33@group-C5477E2A5DAB-SegmentedRaftLogWorker was interrupted, exiting. There are 0 tasks remaining in the queue.
2021-10-12 06:06:51,548 [Listener at 127.0.0.1/38829] INFO  segmented.SegmentedRaftLogWorker (SegmentedRaftLogWorker.java:close(237)) - fd6d4eb7-d4eb-4c85-951f-7fa23d5c4e33@group-C5477E2A5DAB-SegmentedRaftLogWorker close()
2021-10-12 06:06:51,549 [fd6d4eb7-d4eb-4c85-951f-7fa23d5c4e33@group-C5477E2A5DAB->1a275f92-aa29-4e99-8b54-16510abadaea-GrpcLogAppender-LogAppenderDaemon] ERROR leader.LogAppenderDaemon (LogAppenderDaemon.java:run(86)) - fd6d4eb7-d4eb-4c85-951f-7fa23d5c4e33@group-C5477E2A5DAB->1a275f92-aa29-4e99-8b54-16510abadaea-GrpcLogAppender-LogAppenderDaemon failed
java.lang.IllegalArgumentException: fd6d4eb7-d4eb-4c85-951f-7fa23d5c4e33@group-C5477E2A5DAB-SegmentedRaftLog is expected to be opened but it is CLOSED
	at org.apache.ratis.util.OpenCloseState.assertOpen(OpenCloseState.java:63)
	at org.apache.ratis.server.raftlog.RaftLogBase.checkLogState(RaftLogBase.java:107)
	at org.apache.ratis.server.raftlog.segmented.SegmentedRaftLog.getLastEntryTermIndex(SegmentedRaftLog.java:339)
	at org.apache.ratis.server.raftlog.RaftLog.getNextIndex(RaftLog.java:83)
	at org.apache.ratis.server.leader.LogAppenderBase.newAppendEntriesRequest(LogAppenderBase.java:138)
	at org.apache.ratis.grpc.server.GrpcLogAppender.appendLog(GrpcLogAppender.java:211)
	at org.apache.ratis.grpc.server.GrpcLogAppender.run(GrpcLogAppender.java:145)
	at org.apache.ratis.server.leader.LogAppenderDaemon.run(LogAppenderDaemon.java:77)
	at java.lang.Thread.run(Thread.java:748)
Caused by: org.apache.ratis.util.OpenCloseState$CloseTrace: Close fd6d4eb7-d4eb-4c85-951f-7fa23d5c4e33@group-C5477E2A5DAB-SegmentedRaftLog
	at org.apache.ratis.util.OpenCloseState.lambda$close$1(OpenCloseState.java:109)
	at java.util.concurrent.atomic.AtomicReference.getAndUpdate(AtomicReference.java:160)
	at org.apache.ratis.util.OpenCloseState.close(OpenCloseState.java:109)
	at org.apache.ratis.server.raftlog.RaftLogBase.close(RaftLogBase.java:356)
	at org.apache.ratis.server.raftlog.segmented.SegmentedRaftLog.close(SegmentedRaftLog.java:505)
	at org.apache.ratis.server.impl.ServerState.close(ServerState.java:421)
	at org.apache.ratis.server.impl.RaftServerImpl.lambda$close$4(RaftServerImpl.java:429)
	at org.apache.ratis.util.LifeCycle.lambda$checkStateAndClose$4(LifeCycle.java:299)
	at org.apache.ratis.util.LifeCycle.checkStateAndClose(LifeCycle.java:319)
	at org.apache.ratis.util.LifeCycle.checkStateAndClose(LifeCycle.java:297)
	at org.apache.ratis.server.impl.RaftServerImpl.close(RaftServerImpl.java:406)
	at org.apache.ratis.server.impl.RaftServerProxy$ImplMap.close(RaftServerProxy.java:129)
	at org.apache.ratis.server.impl.RaftServerProxy$ImplMap.lambda$close$0(RaftServerProxy.java:117)
	at java.util.stream.ForEachOps$ForEachOp$OfRef.accept(ForEachOps.java:183)
	at java.util.concurrent.ConcurrentHashMap$EntrySpliterator.forEachRemaining(ConcurrentHashMap.java:3606)
	at java.util.stream.AbstractPipeline.copyInto(AbstractPipeline.java:482)
	at java.util.stream.ForEachOps$ForEachTask.compute(ForEachOps.java:290)
	at java.util.concurrent.CountedCompleter.exec(CountedCompleter.java:731)
	at java.util.concurrent.ForkJoinTask.doExec(ForkJoinTask.java:289)
	at java.util.concurrent.ForkJoinPool.helpComplete(ForkJoinPool.java:1870)
	at java.util.concurrent.ForkJoinPool.externalHelpComplete(ForkJoinPool.java:2467)
	at java.util.concurrent.ForkJoinTask.externalAwaitDone(ForkJoinTask.java:324)
	at java.util.concurrent.ForkJoinTask.doInvoke(ForkJoinTask.java:405)
	at java.util.concurrent.ForkJoinTask.invoke(ForkJoinTask.java:734)
	at java.util.stream.ForEachOps$ForEachOp.evaluateParallel(ForEachOps.java:159)
	at java.util.stream.ForEachOps$ForEachOp$OfRef.evaluateParallel(ForEachOps.java:173)
	at java.util.stream.AbstractPipeline.evaluate(AbstractPipeline.java:233)
	at java.util.stream.ReferencePipeline.forEach(ReferencePipeline.java:485)
	at java.util.stream.ReferencePipeline$Head.forEach(ReferencePipeline.java:650)
	at org.apache.ratis.server.impl.RaftServerProxy$ImplMap.close(RaftServerProxy.java:117)
	at org.apache.ratis.server.impl.RaftServerProxy.lambda$close$6(RaftServerProxy.java:392)
	at org.apache.ratis.util.LifeCycle.lambda$checkStateAndClose$4(LifeCycle.java:299)
	at org.apache.ratis.util.LifeCycle.checkStateAndClose(LifeCycle.java:319)
	at org.apache.ratis.util.LifeCycle.checkStateAndClose(LifeCycle.java:297)
	at org.apache.ratis.server.impl.RaftServerProxy.close(RaftServerProxy.java:390)
	at org.apache.hadoop.ozone.container.common.transport.server.ratis.XceiverServerRatis.stop(XceiverServerRatis.java:514)
	at org.apache.hadoop.ozone.container.ozoneimpl.OzoneContainer.stop(OzoneContainer.java:328)
	at org.apache.hadoop.ozone.container.common.statemachine.DatanodeStateMachine.close(DatanodeStateMachine.java:376)
	at org.apache.hadoop.ozone.container.common.statemachine.DatanodeStateMachine.stopDaemon(DatanodeStateMachine.java:521)
	at org.apache.hadoop.ozone.HddsDatanodeService.stop(HddsDatanodeService.java:587)
	at org.apache.hadoop.ozone.MiniOzoneClusterImpl.stopDatanode(MiniOzoneClusterImpl.java:535)
	at java.util.stream.ForEachOps$ForEachOp$OfRef.accept(ForEachOps.java:183)
	at java.util.ArrayList$ArrayListSpliterator.forEachRemaining(ArrayList.java:1384)
	at java.util.stream.AbstractPipeline.copyInto(AbstractPipeline.java:482)
	at java.util.stream.ForEachOps$ForEachTask.compute(ForEachOps.java:290)
	at java.util.concurrent.CountedCompleter.exec(CountedCompleter.java:731)
	at java.util.concurrent.ForkJoinTask.doExec(ForkJoinTask.java:289)
	at java.util.concurrent.ForkJoinPool.helpComplete(ForkJoinPool.java:1870)
	at java.util.concurrent.ForkJoinPool.externalHelpComplete(ForkJoinPool.java:2467)
	at java.util.concurrent.ForkJoinTask.externalAwaitDone(ForkJoinTask.java:324)
	at java.util.concurrent.ForkJoinTask.doInvoke(ForkJoinTask.java:405)
	at java.util.concurrent.ForkJoinTask.invoke(ForkJoinTask.java:734)
	at java.util.stream.ForEachOps$ForEachOp.evaluateParallel(ForEachOps.java:159)
	at java.util.stream.ForEachOps$ForEachOp$OfRef.evaluateParallel(ForEachOps.java:173)
	at java.util.stream.AbstractPipeline.evaluate(AbstractPipeline.java:233)
	at java.util.stream.ReferencePipeline.forEach(ReferencePipeline.java:485)
	at java.util.stream.ReferencePipeline$Head.forEach(ReferencePipeline.java:650)
	at org.apache.hadoop.ozone.MiniOzoneClusterImpl.stopDatanodes(MiniOzoneClusterImpl.java:529)
	at org.apache.hadoop.ozone.MiniOzoneClusterImpl.stop(MiniOzoneClusterImpl.java:470)
	at org.apache.hadoop.ozone.MiniOzoneClusterImpl.shutdown(MiniOzoneClusterImpl.java:457)
	at org.apache.hadoop.ozone.client.rpc.TestBlockOutputStreamWithFailuresFlushDelay.shutdown(TestBlockOutputStreamWithFailuresFlushDelay.java:160)
	at sun.reflect.NativeMethodAccessorImpl.invoke0(Native Method)
	at sun.reflect.NativeMethodAccessorImpl.invoke(NativeMethodAccessorImpl.java:62)
	at sun.reflect.DelegatingMethodAccessorImpl.invoke(DelegatingMethodAccessorImpl.java:43)
	at java.lang.reflect.Method.invoke(Method.java:498)
	at org.junit.runners.model.FrameworkMethod$1.runReflectiveCall(FrameworkMethod.java:59)
	at org.junit.internal.runners.model.ReflectiveCallable.run(ReflectiveCallable.java:12)
	at org.junit.runners.model.FrameworkMethod.invokeExplosively(FrameworkMethod.java:56)
	at org.junit.internal.runners.statements.RunAfters.invokeMethod(RunAfters.java:46)
	at org.junit.internal.runners.statements.RunAfters.evaluate(RunAfters.java:33)
	at org.junit.internal.runners.statements.FailOnTimeout$CallableStatement.call(FailOnTimeout.java:288)
	at org.junit.internal.runners.statements.FailOnTimeout$CallableStatement.call(FailOnTimeout.java:282)
	at java.util.concurrent.FutureTask.run(FutureTask.java:266)
	... 1 more
2021-10-12 06:06:51,549 [Listener at 127.0.0.1/38829] INFO  server.RaftServer$Division (RaftServerImpl.java:lambda$close$4(407)) - fd6d4eb7-d4eb-4c85-951f-7fa23d5c4e33@group-C2C9DE719BAF: shutdown
2021-10-12 06:06:51,555 [Listener at 127.0.0.1/38829] INFO  util.JmxRegister (JmxRegister.java:unregister(73)) - Successfully un-registered JMX Bean with object name Ratis:service=RaftServer,group=group-C2C9DE719BAF,id=fd6d4eb7-d4eb-4c85-951f-7fa23d5c4e33
2021-10-12 06:06:51,555 [Listener at 127.0.0.1/38829] INFO  impl.RoleInfo (RoleInfo.java:shutdownFollowerState(108)) - fd6d4eb7-d4eb-4c85-951f-7fa23d5c4e33: shutdown fd6d4eb7-d4eb-4c85-951f-7fa23d5c4e33@group-C2C9DE719BAF-FollowerState
2021-10-12 06:06:51,555 [Listener at 127.0.0.1/38829] INFO  impl.StateMachineUpdater (StateMachineUpdater.java:stopAndJoin(149)) - fd6d4eb7-d4eb-4c85-951f-7fa23d5c4e33@group-C2C9DE719BAF-StateMachineUpdater: set stopIndex = 0
2021-10-12 06:06:51,555 [fd6d4eb7-d4eb-4c85-951f-7fa23d5c4e33@group-C2C9DE719BAF-FollowerState] INFO  impl.FollowerState (FollowerState.java:run(143)) - fd6d4eb7-d4eb-4c85-951f-7fa23d5c4e33@group-C2C9DE719BAF-FollowerState was interrupted: {}
java.lang.InterruptedException: sleep interrupted
	at java.lang.Thread.sleep(Native Method)
	at java.lang.Thread.sleep(Thread.java:340)
	at java.util.concurrent.TimeUnit.sleep(TimeUnit.java:386)
	at org.apache.ratis.util.TimeDuration.sleep(TimeDuration.java:324)
	at org.apache.ratis.util.TimeDuration.sleep(TimeDuration.java:309)
	at org.apache.ratis.server.impl.FollowerState.run(FollowerState.java:118)
2021-10-12 06:06:51,555 [fd6d4eb7-d4eb-4c85-951f-7fa23d5c4e33@group-C2C9DE719BAF-StateMachineUpdater] INFO  ratis.ContainerStateMachine (ContainerStateMachine.java:takeSnapshot(292)) - group-C2C9DE719BAF: Taking a snapshot at:(t:2, i:0) file /home/runner/work/ozone/ozone/hadoop-ozone/integration-test/target/test-dir/MiniOzoneClusterImpl-c6dc50ab-6fac-4554-b78d-9440f3e38bfb/datanode-5/data/ratis/329bb935-cfae-4e84-a629-c2c9de719baf/sm/snapshot.2_0
2021-10-12 06:06:51,556 [fd6d4eb7-d4eb-4c85-951f-7fa23d5c4e33@group-C2C9DE719BAF-StateMachineUpdater] INFO  ratis.ContainerStateMachine (ContainerStateMachine.java:takeSnapshot(303)) - group-C2C9DE719BAF: Finished taking a snapshot at:(t:2, i:0) file:/home/runner/work/ozone/ozone/hadoop-ozone/integration-test/target/test-dir/MiniOzoneClusterImpl-c6dc50ab-6fac-4554-b78d-9440f3e38bfb/datanode-5/data/ratis/329bb935-cfae-4e84-a629-c2c9de719baf/sm/snapshot.2_0 took: 1 ms
2021-10-12 06:06:51,556 [fd6d4eb7-d4eb-4c85-951f-7fa23d5c4e33@group-C2C9DE719BAF-StateMachineUpdater] INFO  impl.StateMachineUpdater (StateMachineUpdater.java:takeSnapshot(281)) - fd6d4eb7-d4eb-4c85-951f-7fa23d5c4e33@group-C2C9DE719BAF-StateMachineUpdater: Took a snapshot at index 0
2021-10-12 06:06:51,556 [fd6d4eb7-d4eb-4c85-951f-7fa23d5c4e33@group-C2C9DE719BAF-StateMachineUpdater] INFO  impl.StateMachineUpdater (StateMachineUpdater.java:lambda$new$0(89)) - fd6d4eb7-d4eb-4c85-951f-7fa23d5c4e33@group-C2C9DE719BAF-StateMachineUpdater: snapshotIndex: updateIncreasingly -1 -> 0
2021-10-12 06:06:51,557 [Listener at 127.0.0.1/38829] INFO  server.RaftServer$Division (ServerState.java:close(419)) - fd6d4eb7-d4eb-4c85-951f-7fa23d5c4e33@group-C2C9DE719BAF: closes. applyIndex: 0
2021-10-12 06:06:51,557 [fd6d4eb7-d4eb-4c85-951f-7fa23d5c4e33@group-C2C9DE719BAF-SegmentedRaftLogWorker] INFO  segmented.SegmentedRaftLogWorker (SegmentedRaftLogWorker.java:run(327)) - fd6d4eb7-d4eb-4c85-951f-7fa23d5c4e33@group-C2C9DE719BAF-SegmentedRaftLogWorker was interrupted, exiting. There are 0 tasks remaining in the queue.
2021-10-12 06:06:51,557 [Listener at 127.0.0.1/38829] INFO  segmented.SegmentedRaftLogWorker (SegmentedRaftLogWorker.java:close(237)) - fd6d4eb7-d4eb-4c85-951f-7fa23d5c4e33@group-C2C9DE719BAF-SegmentedRaftLogWorker close()
2021-10-12 06:06:51,557 [Listener at 127.0.0.1/38829] INFO  server.RaftServer$Division (RaftServerImpl.java:lambda$close$4(407)) - fd6d4eb7-d4eb-4c85-951f-7fa23d5c4e33@group-280CF83C0957: shutdown
2021-10-12 06:06:51,557 [Listener at 127.0.0.1/38829] INFO  util.JmxRegister (JmxRegister.java:unregister(73)) - Successfully un-registered JMX Bean with object name Ratis:service=RaftServer,group=group-280CF83C0957,id=fd6d4eb7-d4eb-4c85-951f-7fa23d5c4e33
2021-10-12 06:06:51,557 [Listener at 127.0.0.1/38829] INFO  impl.RoleInfo (RoleInfo.java:shutdownFollowerState(108)) - fd6d4eb7-d4eb-4c85-951f-7fa23d5c4e33: shutdown fd6d4eb7-d4eb-4c85-951f-7fa23d5c4e33@group-280CF83C0957-FollowerState
2021-10-12 06:06:51,557 [Listener at 127.0.0.1/38829] INFO  impl.StateMachineUpdater (StateMachineUpdater.java:stopAndJoin(149)) - fd6d4eb7-d4eb-4c85-951f-7fa23d5c4e33@group-280CF83C0957-StateMachineUpdater: set stopIndex = 0
2021-10-12 06:06:51,558 [fd6d4eb7-d4eb-4c85-951f-7fa23d5c4e33@group-280CF83C0957-FollowerState] INFO  impl.FollowerState (FollowerState.java:run(143)) - fd6d4eb7-d4eb-4c85-951f-7fa23d5c4e33@group-280CF83C0957-FollowerState was interrupted: {}
java.lang.InterruptedException: sleep interrupted
	at java.lang.Thread.sleep(Native Method)
	at java.lang.Thread.sleep(Thread.java:340)
	at java.util.concurrent.TimeUnit.sleep(TimeUnit.java:386)
	at org.apache.ratis.util.TimeDuration.sleep(TimeDuration.java:324)
	at org.apache.ratis.util.TimeDuration.sleep(TimeDuration.java:309)
	at org.apache.ratis.server.impl.FollowerState.run(FollowerState.java:118)
2021-10-12 06:06:51,558 [fd6d4eb7-d4eb-4c85-951f-7fa23d5c4e33@group-280CF83C0957-StateMachineUpdater] INFO  ratis.ContainerStateMachine (ContainerStateMachine.java:takeSnapshot(292)) - group-280CF83C0957: Taking a snapshot at:(t:4, i:0) file /home/runner/work/ozone/ozone/hadoop-ozone/integration-test/target/test-dir/MiniOzoneClusterImpl-c6dc50ab-6fac-4554-b78d-9440f3e38bfb/datanode-5/data/ratis/0347fa64-7ac4-4e26-893b-280cf83c0957/sm/snapshot.4_0
2021-10-12 06:06:51,562 [fd6d4eb7-d4eb-4c85-951f-7fa23d5c4e33@group-280CF83C0957-StateMachineUpdater] INFO  ratis.ContainerStateMachine (ContainerStateMachine.java:takeSnapshot(303)) - group-280CF83C0957: Finished taking a snapshot at:(t:4, i:0) file:/home/runner/work/ozone/ozone/hadoop-ozone/integration-test/target/test-dir/MiniOzoneClusterImpl-c6dc50ab-6fac-4554-b78d-9440f3e38bfb/datanode-5/data/ratis/0347fa64-7ac4-4e26-893b-280cf83c0957/sm/snapshot.4_0 took: 4 ms
2021-10-12 06:06:51,562 [fd6d4eb7-d4eb-4c85-951f-7fa23d5c4e33@group-280CF83C0957-StateMachineUpdater] INFO  impl.StateMachineUpdater (StateMachineUpdater.java:takeSnapshot(281)) - fd6d4eb7-d4eb-4c85-951f-7fa23d5c4e33@group-280CF83C0957-StateMachineUpdater: Took a snapshot at index 0
2021-10-12 06:06:51,562 [fd6d4eb7-d4eb-4c85-951f-7fa23d5c4e33@group-280CF83C0957-StateMachineUpdater] INFO  impl.StateMachineUpdater (StateMachineUpdater.java:lambda$new$0(89)) - fd6d4eb7-d4eb-4c85-951f-7fa23d5c4e33@group-280CF83C0957-StateMachineUpdater: snapshotIndex: updateIncreasingly -1 -> 0
2021-10-12 06:06:51,563 [Listener at 127.0.0.1/38829] INFO  server.RaftServer$Division (ServerState.java:close(419)) - fd6d4eb7-d4eb-4c85-951f-7fa23d5c4e33@group-280CF83C0957: closes. applyIndex: 0
2021-10-12 06:06:51,563 [fd6d4eb7-d4eb-4c85-951f-7fa23d5c4e33@group-280CF83C0957-SegmentedRaftLogWorker] INFO  segmented.SegmentedRaftLogWorker (SegmentedRaftLogWorker.java:run(327)) - fd6d4eb7-d4eb-4c85-951f-7fa23d5c4e33@group-280CF83C0957-SegmentedRaftLogWorker was interrupted, exiting. There are 0 tasks remaining in the queue.
2021-10-12 06:06:51,563 [Listener at 127.0.0.1/38829] INFO  segmented.SegmentedRaftLogWorker (SegmentedRaftLogWorker.java:close(237)) - fd6d4eb7-d4eb-4c85-951f-7fa23d5c4e33@group-280CF83C0957-SegmentedRaftLogWorker close()
2021-10-12 06:06:51,563 [Listener at 127.0.0.1/38829] INFO  server.RaftServer$Division (RaftServerImpl.java:lambda$close$4(407)) - fd6d4eb7-d4eb-4c85-951f-7fa23d5c4e33@group-D1D5ABD2796E: shutdown
2021-10-12 06:06:51,563 [Listener at 127.0.0.1/38829] INFO  util.JmxRegister (JmxRegister.java:unregister(73)) - Successfully un-registered JMX Bean with object name Ratis:service=RaftServer,group=group-D1D5ABD2796E,id=fd6d4eb7-d4eb-4c85-951f-7fa23d5c4e33
2021-10-12 06:06:51,563 [Listener at 127.0.0.1/38829] INFO  impl.RoleInfo (RoleInfo.java:shutdownLeaderState(91)) - fd6d4eb7-d4eb-4c85-951f-7fa23d5c4e33: shutdown fd6d4eb7-d4eb-4c85-951f-7fa23d5c4e33@group-D1D5ABD2796E-LeaderStateImpl
2021-10-12 06:06:51,563 [Listener at 127.0.0.1/38829] INFO  impl.PendingRequests (PendingRequests.java:sendNotLeaderResponses(282)) - fd6d4eb7-d4eb-4c85-951f-7fa23d5c4e33@group-D1D5ABD2796E-PendingRequests: sendNotLeaderResponses
2021-10-12 06:06:51,603 [Listener at 127.0.0.1/38829] INFO  impl.StateMachineUpdater (StateMachineUpdater.java:stopAndJoin(149)) - fd6d4eb7-d4eb-4c85-951f-7fa23d5c4e33@group-D1D5ABD2796E-StateMachineUpdater: set stopIndex = 12
2021-10-12 06:06:51,610 [fd6d4eb7-d4eb-4c85-951f-7fa23d5c4e33@group-D1D5ABD2796E-StateMachineUpdater] INFO  ratis.ContainerStateMachine (ContainerStateMachine.java:takeSnapshot(292)) - group-D1D5ABD2796E: Taking a snapshot at:(t:1, i:12) file /home/runner/work/ozone/ozone/hadoop-ozone/integration-test/target/test-dir/MiniOzoneClusterImpl-c6dc50ab-6fac-4554-b78d-9440f3e38bfb/datanode-5/data/ratis/7e7a9f65-9827-4b9c-af70-d1d5abd2796e/sm/snapshot.1_12
2021-10-12 06:06:51,614 [fd6d4eb7-d4eb-4c85-951f-7fa23d5c4e33@group-D1D5ABD2796E-StateMachineUpdater] INFO  ratis.ContainerStateMachine (ContainerStateMachine.java:takeSnapshot(303)) - group-D1D5ABD2796E: Finished taking a snapshot at:(t:1, i:12) file:/home/runner/work/ozone/ozone/hadoop-ozone/integration-test/target/test-dir/MiniOzoneClusterImpl-c6dc50ab-6fac-4554-b78d-9440f3e38bfb/datanode-5/data/ratis/7e7a9f65-9827-4b9c-af70-d1d5abd2796e/sm/snapshot.1_12 took: 4 ms
2021-10-12 06:06:51,614 [fd6d4eb7-d4eb-4c85-951f-7fa23d5c4e33@group-D1D5ABD2796E-StateMachineUpdater] INFO  impl.StateMachineUpdater (StateMachineUpdater.java:takeSnapshot(281)) - fd6d4eb7-d4eb-4c85-951f-7fa23d5c4e33@group-D1D5ABD2796E-StateMachineUpdater: Took a snapshot at index 12
2021-10-12 06:06:51,614 [fd6d4eb7-d4eb-4c85-951f-7fa23d5c4e33@group-D1D5ABD2796E-StateMachineUpdater] INFO  impl.StateMachineUpdater (StateMachineUpdater.java:lambda$new$0(89)) - fd6d4eb7-d4eb-4c85-951f-7fa23d5c4e33@group-D1D5ABD2796E-StateMachineUpdater: snapshotIndex: updateIncreasingly -1 -> 12
2021-10-12 06:06:51,615 [Listener at 127.0.0.1/38829] INFO  server.RaftServer$Division (ServerState.java:close(419)) - fd6d4eb7-d4eb-4c85-951f-7fa23d5c4e33@group-D1D5ABD2796E: closes. applyIndex: 12
2021-10-12 06:06:51,615 [fd6d4eb7-d4eb-4c85-951f-7fa23d5c4e33@group-D1D5ABD2796E-SegmentedRaftLogWorker] INFO  segmented.SegmentedRaftLogWorker (SegmentedRaftLogWorker.java:run(327)) - fd6d4eb7-d4eb-4c85-951f-7fa23d5c4e33@group-D1D5ABD2796E-SegmentedRaftLogWorker was interrupted, exiting. There are 0 tasks remaining in the queue.
2021-10-12 06:06:51,628 [Listener at 127.0.0.1/38829] INFO  segmented.SegmentedRaftLogWorker (SegmentedRaftLogWorker.java:close(237)) - fd6d4eb7-d4eb-4c85-951f-7fa23d5c4e33@group-D1D5ABD2796E-SegmentedRaftLogWorker close()
2021-10-12 06:06:51,629 [Listener at 127.0.0.1/38829] INFO  server.GrpcService (GrpcService.java:closeImpl(262)) - fd6d4eb7-d4eb-4c85-951f-7fa23d5c4e33: shutdown server with port 37125 now
2021-10-12 06:06:51,662 [Listener at 127.0.0.1/38829] INFO  server.GrpcService (GrpcService.java:closeImpl(271)) - fd6d4eb7-d4eb-4c85-951f-7fa23d5c4e33: shutdown server with port 37125 successfully
2021-10-12 06:06:51,663 [org.apache.ratis.util.JvmPauseMonitor$$Lambda$531/599601214@712ddcad] INFO  util.JvmPauseMonitor (JvmPauseMonitor.java:run(109)) - JvmPauseMonitor-fd6d4eb7-d4eb-4c85-951f-7fa23d5c4e33: Stopped
2021-10-12 06:06:51,687 [Listener at 127.0.0.1/38829] INFO  utils.BackgroundService (BackgroundService.java:shutdown(132)) - Shutting down service BlockDeletingService
2021-10-12 06:06:51,954 [Command processor thread] INFO  server.RaftServer (RaftServerProxy.java:remove(106)) - a928fc34-d4b3-4f47-b859-83818f25ed6e: remove  FOLLOWER a928fc34-d4b3-4f47-b859-83818f25ed6e@group-D184F90DD9F3:t3, leader=null, voted=a928fc34-d4b3-4f47-b859-83818f25ed6e, raftlog=a928fc34-d4b3-4f47-b859-83818f25ed6e@group-D184F90DD9F3-SegmentedRaftLog:OPENED:c0,f0,i0, conf=0: [a928fc34-d4b3-4f47-b859-83818f25ed6e|rpc:10.1.0.59:35709|dataStream:|priority:0, 8094cd77-30c2-47d7-ab82-7abee48b2f8b|rpc:10.1.0.59:44663|dataStream:|priority:1, f6edce37-208d-40f1-ab7e-323414b00593|rpc:10.1.0.59:35829|dataStream:|priority:0], old=null RUNNING
2021-10-12 06:06:51,954 [Command processor thread] INFO  server.RaftServer$Division (RaftServerImpl.java:lambda$close$4(407)) - a928fc34-d4b3-4f47-b859-83818f25ed6e@group-D184F90DD9F3: shutdown
2021-10-12 06:06:51,954 [Command processor thread] INFO  util.JmxRegister (JmxRegister.java:unregister(73)) - Successfully un-registered JMX Bean with object name Ratis:service=RaftServer,group=group-D184F90DD9F3,id=a928fc34-d4b3-4f47-b859-83818f25ed6e
2021-10-12 06:06:51,954 [Command processor thread] INFO  impl.RoleInfo (RoleInfo.java:shutdownFollowerState(108)) - a928fc34-d4b3-4f47-b859-83818f25ed6e: shutdown a928fc34-d4b3-4f47-b859-83818f25ed6e@group-D184F90DD9F3-FollowerState
2021-10-12 06:06:51,954 [Command processor thread] INFO  impl.StateMachineUpdater (StateMachineUpdater.java:stopAndJoin(149)) - a928fc34-d4b3-4f47-b859-83818f25ed6e@group-D184F90DD9F3-StateMachineUpdater: set stopIndex = 0
2021-10-12 06:06:51,955 [a928fc34-d4b3-4f47-b859-83818f25ed6e@group-D184F90DD9F3-StateMachineUpdater] INFO  ratis.ContainerStateMachine (ContainerStateMachine.java:takeSnapshot(292)) - group-D184F90DD9F3: Taking a snapshot at:(t:2, i:0) file /home/runner/work/ozone/ozone/hadoop-ozone/integration-test/target/test-dir/MiniOzoneClusterImpl-c6dc50ab-6fac-4554-b78d-9440f3e38bfb/datanode-2/data/ratis/8f317fee-cc95-4c93-953a-d184f90dd9f3/sm/snapshot.2_0
2021-10-12 06:06:51,971 [a928fc34-d4b3-4f47-b859-83818f25ed6e@group-D184F90DD9F3-StateMachineUpdater] INFO  ratis.ContainerStateMachine (ContainerStateMachine.java:takeSnapshot(303)) - group-D184F90DD9F3: Finished taking a snapshot at:(t:2, i:0) file:/home/runner/work/ozone/ozone/hadoop-ozone/integration-test/target/test-dir/MiniOzoneClusterImpl-c6dc50ab-6fac-4554-b78d-9440f3e38bfb/datanode-2/data/ratis/8f317fee-cc95-4c93-953a-d184f90dd9f3/sm/snapshot.2_0 took: 16 ms
2021-10-12 06:06:51,971 [a928fc34-d4b3-4f47-b859-83818f25ed6e@group-D184F90DD9F3-StateMachineUpdater] INFO  impl.StateMachineUpdater (StateMachineUpdater.java:takeSnapshot(281)) - a928fc34-d4b3-4f47-b859-83818f25ed6e@group-D184F90DD9F3-StateMachineUpdater: Took a snapshot at index 0
2021-10-12 06:06:51,971 [a928fc34-d4b3-4f47-b859-83818f25ed6e@group-D184F90DD9F3-StateMachineUpdater] INFO  impl.StateMachineUpdater (StateMachineUpdater.java:lambda$new$0(89)) - a928fc34-d4b3-4f47-b859-83818f25ed6e@group-D184F90DD9F3-StateMachineUpdater: snapshotIndex: updateIncreasingly -1 -> 0
2021-10-12 06:06:51,971 [Command processor thread] INFO  server.RaftServer$Division (ServerState.java:close(419)) - a928fc34-d4b3-4f47-b859-83818f25ed6e@group-D184F90DD9F3: closes. applyIndex: 0
2021-10-12 06:06:51,971 [a928fc34-d4b3-4f47-b859-83818f25ed6e@group-D184F90DD9F3-SegmentedRaftLogWorker] INFO  segmented.SegmentedRaftLogWorker (SegmentedRaftLogWorker.java:run(327)) - a928fc34-d4b3-4f47-b859-83818f25ed6e@group-D184F90DD9F3-SegmentedRaftLogWorker was interrupted, exiting. There are 0 tasks remaining in the queue.
2021-10-12 06:06:51,974 [Command processor thread] INFO  segmented.SegmentedRaftLogWorker (SegmentedRaftLogWorker.java:close(237)) - a928fc34-d4b3-4f47-b859-83818f25ed6e@group-D184F90DD9F3-SegmentedRaftLogWorker close()
2021-10-12 06:06:51,985 [Command processor thread] INFO  server.RaftServer$Division (RaftServerImpl.java:groupRemove(377)) - a928fc34-d4b3-4f47-b859-83818f25ed6e@group-D184F90DD9F3: Succeed to remove RaftStorageDirectory Storage Directory /home/runner/work/ozone/ozone/hadoop-ozone/integration-test/target/test-dir/MiniOzoneClusterImpl-c6dc50ab-6fac-4554-b78d-9440f3e38bfb/datanode-2/data/ratis/8f317fee-cc95-4c93-953a-d184f90dd9f3
2021-10-12 06:06:51,985 [Command processor thread] INFO  commandhandler.ClosePipelineCommandHandler (ClosePipelineCommandHandler.java:handle(78)) - Close Pipeline PipelineID=8f317fee-cc95-4c93-953a-d184f90dd9f3 command on datanode a928fc34-d4b3-4f47-b859-83818f25ed6e.
2021-10-12 06:06:51,985 [Command processor thread] INFO  server.RaftServer (RaftServerProxy.java:remove(106)) - a928fc34-d4b3-4f47-b859-83818f25ed6e: remove    LEADER a928fc34-d4b3-4f47-b859-83818f25ed6e@group-510924D56746:t2, leader=a928fc34-d4b3-4f47-b859-83818f25ed6e, voted=a928fc34-d4b3-4f47-b859-83818f25ed6e, raftlog=a928fc34-d4b3-4f47-b859-83818f25ed6e@group-510924D56746-SegmentedRaftLog:OPENED:c0,f0,i0, conf=0: [69929a81-75b5-4e59-a9cb-c7e6f0fb6fd6|rpc:10.1.0.59:40555|dataStream:|priority:0, a928fc34-d4b3-4f47-b859-83818f25ed6e|rpc:10.1.0.59:35709|dataStream:|priority:1, f6edce37-208d-40f1-ab7e-323414b00593|rpc:10.1.0.59:35829|dataStream:|priority:0], old=null RUNNING
2021-10-12 06:06:51,986 [Command processor thread] INFO  server.RaftServer$Division (RaftServerImpl.java:lambda$close$4(407)) - a928fc34-d4b3-4f47-b859-83818f25ed6e@group-510924D56746: shutdown
2021-10-12 06:06:51,986 [Command processor thread] INFO  util.JmxRegister (JmxRegister.java:unregister(73)) - Successfully un-registered JMX Bean with object name Ratis:service=RaftServer,group=group-510924D56746,id=a928fc34-d4b3-4f47-b859-83818f25ed6e
2021-10-12 06:06:51,986 [Command processor thread] INFO  impl.RoleInfo (RoleInfo.java:shutdownLeaderState(91)) - a928fc34-d4b3-4f47-b859-83818f25ed6e: shutdown a928fc34-d4b3-4f47-b859-83818f25ed6e@group-510924D56746-LeaderStateImpl
2021-10-12 06:06:51,986 [Command processor thread] INFO  impl.PendingRequests (PendingRequests.java:sendNotLeaderResponses(282)) - a928fc34-d4b3-4f47-b859-83818f25ed6e@group-510924D56746-PendingRequests: sendNotLeaderResponses
2021-10-12 06:06:51,986 [Command processor thread] INFO  impl.StateMachineUpdater (StateMachineUpdater.java:stopAndJoin(149)) - a928fc34-d4b3-4f47-b859-83818f25ed6e@group-510924D56746-StateMachineUpdater: set stopIndex = 0
2021-10-12 06:06:51,986 [a928fc34-d4b3-4f47-b859-83818f25ed6e@group-510924D56746-StateMachineUpdater] INFO  ratis.ContainerStateMachine (ContainerStateMachine.java:takeSnapshot(292)) - group-510924D56746: Taking a snapshot at:(t:2, i:0) file /home/runner/work/ozone/ozone/hadoop-ozone/integration-test/target/test-dir/MiniOzoneClusterImpl-c6dc50ab-6fac-4554-b78d-9440f3e38bfb/datanode-2/data/ratis/65b688dd-5a9d-435b-8fed-510924d56746/sm/snapshot.2_0
2021-10-12 06:06:51,987 [a928fc34-d4b3-4f47-b859-83818f25ed6e@group-510924D56746->69929a81-75b5-4e59-a9cb-c7e6f0fb6fd6-GrpcLogAppender-LogAppenderDaemon] WARN  server.GrpcLogAppender (GrpcLogAppender.java:mayWait(175)) - a928fc34-d4b3-4f47-b859-83818f25ed6e@group-510924D56746->69929a81-75b5-4e59-a9cb-c7e6f0fb6fd6-GrpcLogAppender: Wait interrupted by java.lang.InterruptedException
2021-10-12 06:06:51,987 [grpc-default-executor-5] INFO  server.GrpcServerProtocolService (GrpcServerProtocolService.java:onCompleted(140)) - 69929a81-75b5-4e59-a9cb-c7e6f0fb6fd6: Completed APPEND_ENTRIES, lastRequest: a928fc34-d4b3-4f47-b859-83818f25ed6e->69929a81-75b5-4e59-a9cb-c7e6f0fb6fd6#1-t2,previous=(t:0, i:0),leaderCommit=-1,initializing? true,entries: size=1, first=(t:2, i:0), CONFIGURATIONENTRY
2021-10-12 06:06:51,987 [grpc-default-executor-4] INFO  server.GrpcLogAppender (GrpcLogAppender.java:onCompleted(344)) - a928fc34-d4b3-4f47-b859-83818f25ed6e@group-510924D56746->69929a81-75b5-4e59-a9cb-c7e6f0fb6fd6-AppendLogResponseHandler: follower responses appendEntries COMPLETED
2021-10-12 06:06:51,988 [grpc-default-executor-4] INFO  leader.FollowerInfo (FollowerInfoImpl.java:lambda$new$0(46)) - a928fc34-d4b3-4f47-b859-83818f25ed6e@group-510924D56746->69929a81-75b5-4e59-a9cb-c7e6f0fb6fd6: nextIndex: updateUnconditionally 1 -> 0
2021-10-12 06:06:51,995 [a928fc34-d4b3-4f47-b859-83818f25ed6e@group-510924D56746-StateMachineUpdater] INFO  ratis.ContainerStateMachine (ContainerStateMachine.java:takeSnapshot(303)) - group-510924D56746: Finished taking a snapshot at:(t:2, i:0) file:/home/runner/work/ozone/ozone/hadoop-ozone/integration-test/target/test-dir/MiniOzoneClusterImpl-c6dc50ab-6fac-4554-b78d-9440f3e38bfb/datanode-2/data/ratis/65b688dd-5a9d-435b-8fed-510924d56746/sm/snapshot.2_0 took: 8 ms
2021-10-12 06:06:51,995 [a928fc34-d4b3-4f47-b859-83818f25ed6e@group-510924D56746-StateMachineUpdater] INFO  impl.StateMachineUpdater (StateMachineUpdater.java:takeSnapshot(281)) - a928fc34-d4b3-4f47-b859-83818f25ed6e@group-510924D56746-StateMachineUpdater: Took a snapshot at index 0
2021-10-12 06:06:51,995 [a928fc34-d4b3-4f47-b859-83818f25ed6e@group-510924D56746-StateMachineUpdater] INFO  impl.StateMachineUpdater (StateMachineUpdater.java:lambda$new$0(89)) - a928fc34-d4b3-4f47-b859-83818f25ed6e@group-510924D56746-StateMachineUpdater: snapshotIndex: updateIncreasingly -1 -> 0
2021-10-12 06:06:51,995 [Command processor thread] INFO  server.RaftServer$Division (ServerState.java:close(419)) - a928fc34-d4b3-4f47-b859-83818f25ed6e@group-510924D56746: closes. applyIndex: 0
2021-10-12 06:06:51,995 [a928fc34-d4b3-4f47-b859-83818f25ed6e@group-510924D56746-SegmentedRaftLogWorker] INFO  segmented.SegmentedRaftLogWorker (SegmentedRaftLogWorker.java:run(327)) - a928fc34-d4b3-4f47-b859-83818f25ed6e@group-510924D56746-SegmentedRaftLogWorker was interrupted, exiting. There are 0 tasks remaining in the queue.
2021-10-12 06:06:52,002 [Command processor thread] INFO  segmented.SegmentedRaftLogWorker (SegmentedRaftLogWorker.java:close(237)) - a928fc34-d4b3-4f47-b859-83818f25ed6e@group-510924D56746-SegmentedRaftLogWorker close()
2021-10-12 06:06:52,003 [a928fc34-d4b3-4f47-b859-83818f25ed6e@group-D184F90DD9F3-FollowerState] INFO  impl.FollowerState (FollowerState.java:run(143)) - a928fc34-d4b3-4f47-b859-83818f25ed6e@group-D184F90DD9F3-FollowerState was interrupted: {}
java.lang.InterruptedException: sleep interrupted
	at java.lang.Thread.sleep(Native Method)
	at java.lang.Thread.sleep(Thread.java:340)
	at java.util.concurrent.TimeUnit.sleep(TimeUnit.java:386)
	at org.apache.ratis.util.TimeDuration.sleep(TimeDuration.java:324)
	at org.apache.ratis.util.TimeDuration.sleep(TimeDuration.java:309)
	at org.apache.ratis.server.impl.FollowerState.run(FollowerState.java:118)
2021-10-12 06:06:52,006 [a928fc34-d4b3-4f47-b859-83818f25ed6e@group-510924D56746->f6edce37-208d-40f1-ab7e-323414b00593-GrpcLogAppender-LogAppenderDaemon] ERROR leader.LogAppenderDaemon (LogAppenderDaemon.java:run(86)) - a928fc34-d4b3-4f47-b859-83818f25ed6e@group-510924D56746->f6edce37-208d-40f1-ab7e-323414b00593-GrpcLogAppender-LogAppenderDaemon failed
java.lang.IllegalArgumentException: a928fc34-d4b3-4f47-b859-83818f25ed6e@group-510924D56746-SegmentedRaftLog is expected to be opened but it is CLOSED
	at org.apache.ratis.util.OpenCloseState.assertOpen(OpenCloseState.java:63)
	at org.apache.ratis.server.raftlog.RaftLogBase.checkLogState(RaftLogBase.java:107)
	at org.apache.ratis.server.raftlog.segmented.SegmentedRaftLog.getLastEntryTermIndex(SegmentedRaftLog.java:339)
	at org.apache.ratis.server.raftlog.RaftLog.getNextIndex(RaftLog.java:83)
	at org.apache.ratis.server.leader.LogAppenderBase.newAppendEntriesRequest(LogAppenderBase.java:138)
	at org.apache.ratis.grpc.server.GrpcLogAppender.appendLog(GrpcLogAppender.java:211)
	at org.apache.ratis.grpc.server.GrpcLogAppender.run(GrpcLogAppender.java:145)
	at org.apache.ratis.server.leader.LogAppenderDaemon.run(LogAppenderDaemon.java:77)
	at java.lang.Thread.run(Thread.java:748)
Caused by: org.apache.ratis.util.OpenCloseState$CloseTrace: Close a928fc34-d4b3-4f47-b859-83818f25ed6e@group-510924D56746-SegmentedRaftLog
	at org.apache.ratis.util.OpenCloseState.lambda$close$1(OpenCloseState.java:109)
	at java.util.concurrent.atomic.AtomicReference.getAndUpdate(AtomicReference.java:160)
	at org.apache.ratis.util.OpenCloseState.close(OpenCloseState.java:109)
	at org.apache.ratis.server.raftlog.RaftLogBase.close(RaftLogBase.java:356)
	at org.apache.ratis.server.raftlog.segmented.SegmentedRaftLog.close(SegmentedRaftLog.java:505)
	at org.apache.ratis.server.impl.ServerState.close(ServerState.java:421)
	at org.apache.ratis.server.impl.RaftServerImpl.lambda$close$4(RaftServerImpl.java:429)
	at org.apache.ratis.util.LifeCycle.lambda$checkStateAndClose$4(LifeCycle.java:299)
	at org.apache.ratis.util.LifeCycle.checkStateAndClose(LifeCycle.java:319)
	at org.apache.ratis.util.LifeCycle.checkStateAndClose(LifeCycle.java:297)
	at org.apache.ratis.server.impl.RaftServerImpl.close(RaftServerImpl.java:406)
	at org.apache.ratis.server.impl.RaftServerImpl.groupRemove(RaftServerImpl.java:371)
	at org.apache.ratis.server.impl.RaftServerProxy.lambda$groupRemoveAsync$14(RaftServerProxy.java:507)
	at java.util.concurrent.CompletableFuture.uniApply(CompletableFuture.java:616)
	at java.util.concurrent.CompletableFuture.uniApplyStage(CompletableFuture.java:628)
	at java.util.concurrent.CompletableFuture.thenApply(CompletableFuture.java:1996)
	at org.apache.ratis.server.impl.RaftServerProxy.groupRemoveAsync(RaftServerProxy.java:506)
	at org.apache.ratis.server.impl.RaftServerProxy.groupManagementAsync(RaftServerProxy.java:460)
	at org.apache.ratis.server.impl.RaftServerProxy.groupManagement(RaftServerProxy.java:440)
	at org.apache.hadoop.ozone.container.common.transport.server.ratis.XceiverServerRatis.removeGroup(XceiverServerRatis.java:779)
	at org.apache.hadoop.ozone.container.common.statemachine.commandhandler.ClosePipelineCommandHandler.handle(ClosePipelineCommandHandler.java:77)
	at org.apache.hadoop.ozone.container.common.statemachine.commandhandler.CommandDispatcher.handle(CommandDispatcher.java:99)
	at org.apache.hadoop.ozone.container.common.statemachine.DatanodeStateMachine.lambda$initCommandHandlerThread$2(DatanodeStateMachine.java:563)
	... 1 more
2021-10-12 06:06:52,014 [Command processor thread] INFO  server.RaftServer$Division (RaftServerImpl.java:groupRemove(377)) - a928fc34-d4b3-4f47-b859-83818f25ed6e@group-510924D56746: Succeed to remove RaftStorageDirectory Storage Directory /home/runner/work/ozone/ozone/hadoop-ozone/integration-test/target/test-dir/MiniOzoneClusterImpl-c6dc50ab-6fac-4554-b78d-9440f3e38bfb/datanode-2/data/ratis/65b688dd-5a9d-435b-8fed-510924d56746
2021-10-12 06:06:52,026 [Command processor thread] INFO  commandhandler.ClosePipelineCommandHandler (ClosePipelineCommandHandler.java:handle(78)) - Close Pipeline PipelineID=65b688dd-5a9d-435b-8fed-510924d56746 command on datanode a928fc34-d4b3-4f47-b859-83818f25ed6e.
2021-10-12 06:06:53,822 [grpc-default-executor-5] WARN  server.GrpcLogAppender (LogUtils.java:warn(122)) - a928fc34-d4b3-4f47-b859-83818f25ed6e@group-1D5C0641F7B2->8094cd77-30c2-47d7-ab82-7abee48b2f8b-AppendLogResponseHandler: Failed appendEntries: org.apache.ratis.thirdparty.io.grpc.StatusRuntimeException: UNAVAILABLE: io exception
2021-10-12 06:06:53,823 [grpc-default-executor-5] WARN  server.GrpcLogAppender (GrpcLogAppender.java:resetClient(111)) - a928fc34-d4b3-4f47-b859-83818f25ed6e@group-1D5C0641F7B2->8094cd77-30c2-47d7-ab82-7abee48b2f8b-GrpcLogAppender: Leader has not got in touch with Follower a928fc34-d4b3-4f47-b859-83818f25ed6e@group-1D5C0641F7B2->8094cd77-30c2-47d7-ab82-7abee48b2f8b(c-1,m0,n3, attendVote=true, lastRpcSendTime=1, lastRpcResponseTime=7914) yet, just keep nextIndex unchanged and retry.
2021-10-12 06:06:54,693 [Listener at 127.0.0.1/38829] INFO  statemachine.DatanodeStateMachine (DatanodeStateMachine.java:stopDaemon(522)) - Ozone container server stopped.
2021-10-12 06:06:54,694 [Listener at 127.0.0.1/38829] INFO  handler.ContextHandler (ContextHandler.java:doStop(1153)) - Stopped o.e.j.w.WebAppContext@637e5763{hddsDatanode,/,null,STOPPED}{jar:file:/home/runner/.m2/repository/org/apache/ozone/hdds-container-service/1.2.0-SNAPSHOT/hdds-container-service-1.2.0-SNAPSHOT.jar!/webapps/hddsDatanode}
2021-10-12 06:06:54,695 [Listener at 127.0.0.1/38829] INFO  server.AbstractConnector (AbstractConnector.java:doStop(381)) - Stopped ServerConnector@74e710ad{HTTP/1.1, (http/1.1)}{0.0.0.0:0}
2021-10-12 06:06:54,695 [Listener at 127.0.0.1/38829] INFO  server.session (HouseKeeper.java:stopScavenging(149)) - node0 Stopped scavenging
2021-10-12 06:06:54,695 [Listener at 127.0.0.1/38829] INFO  handler.ContextHandler (ContextHandler.java:doStop(1153)) - Stopped o.e.j.s.ServletContextHandler@1d35652a{static,/static,jar:file:/home/runner/.m2/repository/org/apache/ozone/hdds-container-service/1.2.0-SNAPSHOT/hdds-container-service-1.2.0-SNAPSHOT.jar!/webapps/static,STOPPED}
2021-10-12 06:06:54,695 [Listener at 127.0.0.1/38829] INFO  handler.ContextHandler (ContextHandler.java:doStop(1153)) - Stopped o.e.j.s.ServletContextHandler@25c95c62{logs,/logs,file:///home/runner/work/ozone/ozone/hadoop-ozone/integration-test/target/log,STOPPED}
2021-10-12 06:06:56,246 [EventQueue-StaleNodeForStaleNodeHandler] INFO  node.StaleNodeHandler (StaleNodeHandler.java:onMessage(58)) - Datanode fd6d4eb7-d4eb-4c85-951f-7fa23d5c4e33{ip: 10.1.0.59, host: fv-az297-361.nmf1rxwemy4u5di1sxxf4ejcwb.jx.internal.cloudapp.net, ports: [REPLICATION=36033, RATIS=37125, RATIS_ADMIN=37125, RATIS_SERVER=37125, STANDALONE=44425], networkLocation: /default-rack, certSerialId: null, persistedOpState: IN_SERVICE, persistedOpStateExpiryEpochSec: 0} moved to stale state. Finalizing its pipelines [PipelineID=7e7a9f65-9827-4b9c-af70-d1d5abd2796e]
2021-10-12 06:06:56,246 [EventQueue-StaleNodeForStaleNodeHandler] INFO  pipeline.PipelineManagerImpl (PipelineManagerImpl.java:closePipeline(342)) - Pipeline Pipeline[ Id: 7e7a9f65-9827-4b9c-af70-d1d5abd2796e, Nodes: fd6d4eb7-d4eb-4c85-951f-7fa23d5c4e33{ip: 10.1.0.59, host: fv-az297-361.nmf1rxwemy4u5di1sxxf4ejcwb.jx.internal.cloudapp.net, ports: [REPLICATION=36033, RATIS=37125, RATIS_ADMIN=37125, RATIS_SERVER=37125, STANDALONE=44425], networkLocation: /default-rack, certSerialId: null, persistedOpState: IN_SERVICE, persistedOpStateExpiryEpochSec: 0}, ReplicationConfig: RATIS/ONE, State:OPEN, leaderId:fd6d4eb7-d4eb-4c85-951f-7fa23d5c4e33, CreationTimestamp2021-10-12T06:05:31.876Z[Etc/UTC]] moved to CLOSED state
2021-10-12 06:06:56,247 [EventQueue-CloseContainerForCloseContainerEventHandler] INFO  container.CloseContainerEventHandler (CloseContainerEventHandler.java:onMessage(69)) - Close container Event triggered for container : #2
2021-10-12 06:06:56,322 [grpc-default-executor-5] WARN  server.GrpcLogAppender (LogUtils.java:warn(122)) - a928fc34-d4b3-4f47-b859-83818f25ed6e@group-1D5C0641F7B2->8094cd77-30c2-47d7-ab82-7abee48b2f8b-AppendLogResponseHandler: Failed appendEntries: org.apache.ratis.thirdparty.io.grpc.StatusRuntimeException: UNAVAILABLE: io exception
2021-10-12 06:06:56,322 [grpc-default-executor-5] WARN  server.GrpcLogAppender (GrpcLogAppender.java:resetClient(111)) - a928fc34-d4b3-4f47-b859-83818f25ed6e@group-1D5C0641F7B2->8094cd77-30c2-47d7-ab82-7abee48b2f8b-GrpcLogAppender: Leader has not got in touch with Follower a928fc34-d4b3-4f47-b859-83818f25ed6e@group-1D5C0641F7B2->8094cd77-30c2-47d7-ab82-7abee48b2f8b(c-1,m0,n3, attendVote=true, lastRpcSendTime=0, lastRpcResponseTime=10414) yet, just keep nextIndex unchanged and retry.
2021-10-12 06:06:57,367 [EventQueue-DeadNodeForDeadNodeHandler] INFO  node.DeadNodeHandler (DeadNodeHandler.java:onMessage(80)) - A dead datanode is detected. 8094cd77-30c2-47d7-ab82-7abee48b2f8b{ip: 10.1.0.59, host: fv-az297-361.nmf1rxwemy4u5di1sxxf4ejcwb.jx.internal.cloudapp.net, ports: [REPLICATION=39463, RATIS=44663, RATIS_ADMIN=44663, RATIS_SERVER=44663, STANDALONE=42885], networkLocation: /default-rack, certSerialId: null, persistedOpState: IN_SERVICE, persistedOpStateExpiryEpochSec: 0}
2021-10-12 06:06:57,368 [EventQueue-DeadNodeForDeadNodeHandler] INFO  pipeline.RatisPipelineProvider (RatisPipelineProvider.java:lambda$close$1(222)) - Send pipeline:PipelineID=9932fe54-2ba2-4d09-8578-1d5c0641f7b2 close command to datanode a928fc34-d4b3-4f47-b859-83818f25ed6e
2021-10-12 06:06:57,368 [EventQueue-DeadNodeForDeadNodeHandler] INFO  pipeline.RatisPipelineProvider (RatisPipelineProvider.java:lambda$close$1(222)) - Send pipeline:PipelineID=9932fe54-2ba2-4d09-8578-1d5c0641f7b2 close command to datanode 8094cd77-30c2-47d7-ab82-7abee48b2f8b
2021-10-12 06:06:57,368 [EventQueue-DeadNodeForDeadNodeHandler] INFO  pipeline.RatisPipelineProvider (RatisPipelineProvider.java:lambda$close$1(222)) - Send pipeline:PipelineID=9932fe54-2ba2-4d09-8578-1d5c0641f7b2 close command to datanode 69929a81-75b5-4e59-a9cb-c7e6f0fb6fd6
2021-10-12 06:06:57,368 [EventQueue-DeadNodeForDeadNodeHandler] INFO  pipeline.PipelineStateManagerImpl (PipelineStateManagerImpl.java:removePipeline(211)) - Pipeline Pipeline[ Id: 9932fe54-2ba2-4d09-8578-1d5c0641f7b2, Nodes: a928fc34-d4b3-4f47-b859-83818f25ed6e{ip: 10.1.0.59, host: fv-az297-361.nmf1rxwemy4u5di1sxxf4ejcwb.jx.internal.cloudapp.net, ports: [REPLICATION=46425, RATIS=35709, RATIS_ADMIN=35709, RATIS_SERVER=35709, STANDALONE=38129], networkLocation: /default-rack, certSerialId: null, persistedOpState: IN_SERVICE, persistedOpStateExpiryEpochSec: 0}8094cd77-30c2-47d7-ab82-7abee48b2f8b{ip: 10.1.0.59, host: fv-az297-361.nmf1rxwemy4u5di1sxxf4ejcwb.jx.internal.cloudapp.net, ports: [REPLICATION=39463, RATIS=44663, RATIS_ADMIN=44663, RATIS_SERVER=44663, STANDALONE=42885], networkLocation: /default-rack, certSerialId: null, persistedOpState: IN_SERVICE, persistedOpStateExpiryEpochSec: 0}69929a81-75b5-4e59-a9cb-c7e6f0fb6fd6{ip: 10.1.0.59, host: fv-az297-361.nmf1rxwemy4u5di1sxxf4ejcwb.jx.internal.cloudapp.net, ports: [REPLICATION=46479, RATIS=40555, RATIS_ADMIN=40555, RATIS_SERVER=40555, STANDALONE=34613], networkLocation: /default-rack, certSerialId: null, persistedOpState: IN_SERVICE, persistedOpStateExpiryEpochSec: 0}, ReplicationConfig: RATIS/THREE, State:CLOSED, leaderId:a928fc34-d4b3-4f47-b859-83818f25ed6e, CreationTimestamp2021-10-12T06:06:28.515Z[Etc/UTC]] removed.
2021-10-12 06:06:57,368 [EventQueue-DeadNodeForDeadNodeHandler] INFO  pipeline.RatisPipelineProvider (RatisPipelineProvider.java:lambda$close$1(222)) - Send pipeline:PipelineID=43352944-ce4e-4e88-a3a6-563c7752dc70 close command to datanode 8094cd77-30c2-47d7-ab82-7abee48b2f8b
2021-10-12 06:06:57,368 [EventQueue-DeadNodeForDeadNodeHandler] INFO  pipeline.PipelineStateManagerImpl (PipelineStateManagerImpl.java:removePipeline(211)) - Pipeline Pipeline[ Id: 43352944-ce4e-4e88-a3a6-563c7752dc70, Nodes: 8094cd77-30c2-47d7-ab82-7abee48b2f8b{ip: 10.1.0.59, host: fv-az297-361.nmf1rxwemy4u5di1sxxf4ejcwb.jx.internal.cloudapp.net, ports: [REPLICATION=39463, RATIS=44663, RATIS_ADMIN=44663, RATIS_SERVER=44663, STANDALONE=42885], networkLocation: /default-rack, certSerialId: null, persistedOpState: IN_SERVICE, persistedOpStateExpiryEpochSec: 0}, ReplicationConfig: RATIS/ONE, State:CLOSED, leaderId:8094cd77-30c2-47d7-ab82-7abee48b2f8b, CreationTimestamp2021-10-12T06:05:32.611Z[Etc/UTC]] removed.
2021-10-12 06:06:57,368 [EventQueue-DeadNodeForDeadNodeHandler] INFO  net.NetworkTopologyImpl (NetworkTopologyImpl.java:remove(137)) - Removed a node: /default-rack/8094cd77-30c2-47d7-ab82-7abee48b2f8b
2021-10-12 06:06:58,826 [grpc-default-executor-5] WARN  server.GrpcLogAppender (LogUtils.java:warn(122)) - a928fc34-d4b3-4f47-b859-83818f25ed6e@group-1D5C0641F7B2->8094cd77-30c2-47d7-ab82-7abee48b2f8b-AppendLogResponseHandler: Failed appendEntries: org.apache.ratis.thirdparty.io.grpc.StatusRuntimeException: UNAVAILABLE: io exception
2021-10-12 06:06:58,826 [grpc-default-executor-5] WARN  server.GrpcLogAppender (GrpcLogAppender.java:resetClient(111)) - a928fc34-d4b3-4f47-b859-83818f25ed6e@group-1D5C0641F7B2->8094cd77-30c2-47d7-ab82-7abee48b2f8b-GrpcLogAppender: Leader has not got in touch with Follower a928fc34-d4b3-4f47-b859-83818f25ed6e@group-1D5C0641F7B2->8094cd77-30c2-47d7-ab82-7abee48b2f8b(c-1,m0,n3, attendVote=true, lastRpcSendTime=2504, lastRpcResponseTime=12918) yet, just keep nextIndex unchanged and retry.
2021-10-12 06:06:59,006 [Command processor thread] INFO  server.RaftServer (RaftServerProxy.java:remove(106)) - 69929a81-75b5-4e59-a9cb-c7e6f0fb6fd6: remove  FOLLOWER 69929a81-75b5-4e59-a9cb-c7e6f0fb6fd6@group-1D5C0641F7B2:t3, leader=a928fc34-d4b3-4f47-b859-83818f25ed6e, voted=a928fc34-d4b3-4f47-b859-83818f25ed6e, raftlog=69929a81-75b5-4e59-a9cb-c7e6f0fb6fd6@group-1D5C0641F7B2-SegmentedRaftLog:OPENED:c2,f2,i2, conf=1: [69929a81-75b5-4e59-a9cb-c7e6f0fb6fd6|rpc:10.1.0.59:40555|dataStream:|priority:0, a928fc34-d4b3-4f47-b859-83818f25ed6e|rpc:10.1.0.59:35709|dataStream:|priority:0, 8094cd77-30c2-47d7-ab82-7abee48b2f8b|rpc:10.1.0.59:44663|dataStream:|priority:1], old=null RUNNING
2021-10-12 06:06:59,006 [Command processor thread] INFO  server.RaftServer$Division (RaftServerImpl.java:lambda$close$4(407)) - 69929a81-75b5-4e59-a9cb-c7e6f0fb6fd6@group-1D5C0641F7B2: shutdown
2021-10-12 06:06:59,006 [Command processor thread] INFO  util.JmxRegister (JmxRegister.java:unregister(73)) - Successfully un-registered JMX Bean with object name Ratis:service=RaftServer,group=group-1D5C0641F7B2,id=69929a81-75b5-4e59-a9cb-c7e6f0fb6fd6
2021-10-12 06:06:59,006 [Command processor thread] INFO  impl.RoleInfo (RoleInfo.java:shutdownFollowerState(108)) - 69929a81-75b5-4e59-a9cb-c7e6f0fb6fd6: shutdown 69929a81-75b5-4e59-a9cb-c7e6f0fb6fd6@group-1D5C0641F7B2-FollowerState
2021-10-12 06:06:59,006 [Command processor thread] INFO  impl.StateMachineUpdater (StateMachineUpdater.java:stopAndJoin(149)) - 69929a81-75b5-4e59-a9cb-c7e6f0fb6fd6@group-1D5C0641F7B2-StateMachineUpdater: set stopIndex = 2
2021-10-12 06:06:59,009 [69929a81-75b5-4e59-a9cb-c7e6f0fb6fd6@group-1D5C0641F7B2-FollowerState] INFO  impl.FollowerState (FollowerState.java:run(143)) - 69929a81-75b5-4e59-a9cb-c7e6f0fb6fd6@group-1D5C0641F7B2-FollowerState was interrupted: {}
java.lang.InterruptedException: sleep interrupted
	at java.lang.Thread.sleep(Native Method)
	at java.lang.Thread.sleep(Thread.java:340)
	at java.util.concurrent.TimeUnit.sleep(TimeUnit.java:386)
	at org.apache.ratis.util.TimeDuration.sleep(TimeDuration.java:324)
	at org.apache.ratis.util.TimeDuration.sleep(TimeDuration.java:309)
	at org.apache.ratis.server.impl.FollowerState.run(FollowerState.java:118)
2021-10-12 06:06:59,009 [69929a81-75b5-4e59-a9cb-c7e6f0fb6fd6@group-1D5C0641F7B2-StateMachineUpdater] INFO  ratis.ContainerStateMachine (ContainerStateMachine.java:takeSnapshot(292)) - group-1D5C0641F7B2: Taking a snapshot at:(t:3, i:2) file /home/runner/work/ozone/ozone/hadoop-ozone/integration-test/target/test-dir/MiniOzoneClusterImpl-c6dc50ab-6fac-4554-b78d-9440f3e38bfb/datanode-0/data/ratis/9932fe54-2ba2-4d09-8578-1d5c0641f7b2/sm/snapshot.3_2
2021-10-12 06:06:59,022 [69929a81-75b5-4e59-a9cb-c7e6f0fb6fd6@group-1D5C0641F7B2-StateMachineUpdater] INFO  ratis.ContainerStateMachine (ContainerStateMachine.java:takeSnapshot(303)) - group-1D5C0641F7B2: Finished taking a snapshot at:(t:3, i:2) file:/home/runner/work/ozone/ozone/hadoop-ozone/integration-test/target/test-dir/MiniOzoneClusterImpl-c6dc50ab-6fac-4554-b78d-9440f3e38bfb/datanode-0/data/ratis/9932fe54-2ba2-4d09-8578-1d5c0641f7b2/sm/snapshot.3_2 took: 13 ms
2021-10-12 06:06:59,023 [69929a81-75b5-4e59-a9cb-c7e6f0fb6fd6@group-1D5C0641F7B2-StateMachineUpdater] INFO  impl.StateMachineUpdater (StateMachineUpdater.java:takeSnapshot(281)) - 69929a81-75b5-4e59-a9cb-c7e6f0fb6fd6@group-1D5C0641F7B2-StateMachineUpdater: Took a snapshot at index 2
2021-10-12 06:06:59,023 [69929a81-75b5-4e59-a9cb-c7e6f0fb6fd6@group-1D5C0641F7B2-StateMachineUpdater] INFO  impl.StateMachineUpdater (StateMachineUpdater.java:lambda$new$0(89)) - 69929a81-75b5-4e59-a9cb-c7e6f0fb6fd6@group-1D5C0641F7B2-StateMachineUpdater: snapshotIndex: updateIncreasingly -1 -> 2
2021-10-12 06:06:59,023 [Command processor thread] INFO  server.RaftServer$Division (ServerState.java:close(419)) - 69929a81-75b5-4e59-a9cb-c7e6f0fb6fd6@group-1D5C0641F7B2: closes. applyIndex: 2
2021-10-12 06:06:59,023 [69929a81-75b5-4e59-a9cb-c7e6f0fb6fd6@group-1D5C0641F7B2-SegmentedRaftLogWorker] INFO  segmented.SegmentedRaftLogWorker (SegmentedRaftLogWorker.java:run(327)) - 69929a81-75b5-4e59-a9cb-c7e6f0fb6fd6@group-1D5C0641F7B2-SegmentedRaftLogWorker was interrupted, exiting. There are 0 tasks remaining in the queue.
2021-10-12 06:06:59,024 [Command processor thread] INFO  segmented.SegmentedRaftLogWorker (SegmentedRaftLogWorker.java:close(237)) - 69929a81-75b5-4e59-a9cb-c7e6f0fb6fd6@group-1D5C0641F7B2-SegmentedRaftLogWorker close()
2021-10-12 06:06:59,025 [Command processor thread] INFO  server.RaftServer$Division (RaftServerImpl.java:groupRemove(377)) - 69929a81-75b5-4e59-a9cb-c7e6f0fb6fd6@group-1D5C0641F7B2: Succeed to remove RaftStorageDirectory Storage Directory /home/runner/work/ozone/ozone/hadoop-ozone/integration-test/target/test-dir/MiniOzoneClusterImpl-c6dc50ab-6fac-4554-b78d-9440f3e38bfb/datanode-0/data/ratis/9932fe54-2ba2-4d09-8578-1d5c0641f7b2
2021-10-12 06:06:59,025 [Command processor thread] INFO  commandhandler.ClosePipelineCommandHandler (ClosePipelineCommandHandler.java:handle(78)) - Close Pipeline PipelineID=9932fe54-2ba2-4d09-8578-1d5c0641f7b2 command on datanode 69929a81-75b5-4e59-a9cb-c7e6f0fb6fd6.
2021-10-12 06:06:59,128 [Command processor thread] INFO  server.RaftServer (RaftServerProxy.java:remove(106)) - a928fc34-d4b3-4f47-b859-83818f25ed6e: remove    LEADER a928fc34-d4b3-4f47-b859-83818f25ed6e@group-1D5C0641F7B2:t3, leader=a928fc34-d4b3-4f47-b859-83818f25ed6e, voted=a928fc34-d4b3-4f47-b859-83818f25ed6e, raftlog=a928fc34-d4b3-4f47-b859-83818f25ed6e@group-1D5C0641F7B2-SegmentedRaftLog:OPENED:c2,f2,i2, conf=1: [69929a81-75b5-4e59-a9cb-c7e6f0fb6fd6|rpc:10.1.0.59:40555|dataStream:|priority:0, a928fc34-d4b3-4f47-b859-83818f25ed6e|rpc:10.1.0.59:35709|dataStream:|priority:0, 8094cd77-30c2-47d7-ab82-7abee48b2f8b|rpc:10.1.0.59:44663|dataStream:|priority:1], old=null RUNNING
2021-10-12 06:06:59,128 [Command processor thread] INFO  server.RaftServer$Division (RaftServerImpl.java:lambda$close$4(407)) - a928fc34-d4b3-4f47-b859-83818f25ed6e@group-1D5C0641F7B2: shutdown
2021-10-12 06:06:59,128 [Command processor thread] INFO  util.JmxRegister (JmxRegister.java:unregister(73)) - Successfully un-registered JMX Bean with object name Ratis:service=RaftServer,group=group-1D5C0641F7B2,id=a928fc34-d4b3-4f47-b859-83818f25ed6e
2021-10-12 06:06:59,128 [Command processor thread] INFO  impl.RoleInfo (RoleInfo.java:shutdownLeaderState(91)) - a928fc34-d4b3-4f47-b859-83818f25ed6e: shutdown a928fc34-d4b3-4f47-b859-83818f25ed6e@group-1D5C0641F7B2-LeaderStateImpl
2021-10-12 06:06:59,128 [Command processor thread] INFO  impl.PendingRequests (PendingRequests.java:sendNotLeaderResponses(282)) - a928fc34-d4b3-4f47-b859-83818f25ed6e@group-1D5C0641F7B2-PendingRequests: sendNotLeaderResponses
2021-10-12 06:06:59,130 [Command processor thread] INFO  impl.StateMachineUpdater (StateMachineUpdater.java:stopAndJoin(149)) - a928fc34-d4b3-4f47-b859-83818f25ed6e@group-1D5C0641F7B2-StateMachineUpdater: set stopIndex = 2
2021-10-12 06:06:59,131 [a928fc34-d4b3-4f47-b859-83818f25ed6e@group-1D5C0641F7B2-StateMachineUpdater] INFO  ratis.ContainerStateMachine (ContainerStateMachine.java:takeSnapshot(292)) - group-1D5C0641F7B2: Taking a snapshot at:(t:3, i:2) file /home/runner/work/ozone/ozone/hadoop-ozone/integration-test/target/test-dir/MiniOzoneClusterImpl-c6dc50ab-6fac-4554-b78d-9440f3e38bfb/datanode-2/data/ratis/9932fe54-2ba2-4d09-8578-1d5c0641f7b2/sm/snapshot.3_2
2021-10-12 06:06:59,134 [a928fc34-d4b3-4f47-b859-83818f25ed6e@group-1D5C0641F7B2->69929a81-75b5-4e59-a9cb-c7e6f0fb6fd6-GrpcLogAppender-LogAppenderDaemon] WARN  server.GrpcLogAppender (GrpcLogAppender.java:mayWait(175)) - a928fc34-d4b3-4f47-b859-83818f25ed6e@group-1D5C0641F7B2->69929a81-75b5-4e59-a9cb-c7e6f0fb6fd6-GrpcLogAppender: Wait interrupted by java.lang.InterruptedException
2021-10-12 06:06:59,134 [grpc-default-executor-5] INFO  server.GrpcServerProtocolService (GrpcServerProtocolService.java:onCompleted(140)) - 69929a81-75b5-4e59-a9cb-c7e6f0fb6fd6: Completed APPEND_ENTRIES, lastRequest: a928fc34-d4b3-4f47-b859-83818f25ed6e->69929a81-75b5-4e59-a9cb-c7e6f0fb6fd6#2-t3,previous=(t:3, i:1),leaderCommit=1,initializing? true,entries: size=1, first=(t:3, i:2), METADATAENTRY(c:1)
2021-10-12 06:06:59,135 [grpc-default-executor-4] INFO  server.GrpcLogAppender (GrpcLogAppender.java:onCompleted(344)) - a928fc34-d4b3-4f47-b859-83818f25ed6e@group-1D5C0641F7B2->69929a81-75b5-4e59-a9cb-c7e6f0fb6fd6-AppendLogResponseHandler: follower responses appendEntries COMPLETED
2021-10-12 06:06:59,135 [grpc-default-executor-4] INFO  leader.FollowerInfo (FollowerInfoImpl.java:lambda$new$0(46)) - a928fc34-d4b3-4f47-b859-83818f25ed6e@group-1D5C0641F7B2->69929a81-75b5-4e59-a9cb-c7e6f0fb6fd6: nextIndex: updateUnconditionally 3 -> 2
2021-10-12 06:06:59,138 [a928fc34-d4b3-4f47-b859-83818f25ed6e@group-1D5C0641F7B2-StateMachineUpdater] INFO  ratis.ContainerStateMachine (ContainerStateMachine.java:takeSnapshot(303)) - group-1D5C0641F7B2: Finished taking a snapshot at:(t:3, i:2) file:/home/runner/work/ozone/ozone/hadoop-ozone/integration-test/target/test-dir/MiniOzoneClusterImpl-c6dc50ab-6fac-4554-b78d-9440f3e38bfb/datanode-2/data/ratis/9932fe54-2ba2-4d09-8578-1d5c0641f7b2/sm/snapshot.3_2 took: 7 ms
2021-10-12 06:06:59,139 [a928fc34-d4b3-4f47-b859-83818f25ed6e@group-1D5C0641F7B2-StateMachineUpdater] INFO  impl.StateMachineUpdater (StateMachineUpdater.java:takeSnapshot(281)) - a928fc34-d4b3-4f47-b859-83818f25ed6e@group-1D5C0641F7B2-StateMachineUpdater: Took a snapshot at index 2
2021-10-12 06:06:59,139 [a928fc34-d4b3-4f47-b859-83818f25ed6e@group-1D5C0641F7B2-StateMachineUpdater] INFO  impl.StateMachineUpdater (StateMachineUpdater.java:lambda$new$0(89)) - a928fc34-d4b3-4f47-b859-83818f25ed6e@group-1D5C0641F7B2-StateMachineUpdater: snapshotIndex: updateIncreasingly -1 -> 2
2021-10-12 06:06:59,139 [Command processor thread] INFO  server.RaftServer$Division (ServerState.java:close(419)) - a928fc34-d4b3-4f47-b859-83818f25ed6e@group-1D5C0641F7B2: closes. applyIndex: 2
2021-10-12 06:06:59,139 [a928fc34-d4b3-4f47-b859-83818f25ed6e@group-1D5C0641F7B2-SegmentedRaftLogWorker] INFO  segmented.SegmentedRaftLogWorker (SegmentedRaftLogWorker.java:run(327)) - a928fc34-d4b3-4f47-b859-83818f25ed6e@group-1D5C0641F7B2-SegmentedRaftLogWorker was interrupted, exiting. There are 0 tasks remaining in the queue.
2021-10-12 06:06:59,149 [Command processor thread] INFO  segmented.SegmentedRaftLogWorker (SegmentedRaftLogWorker.java:close(237)) - a928fc34-d4b3-4f47-b859-83818f25ed6e@group-1D5C0641F7B2-SegmentedRaftLogWorker close()
2021-10-12 06:06:59,150 [Command processor thread] INFO  server.RaftServer$Division (RaftServerImpl.java:groupRemove(377)) - a928fc34-d4b3-4f47-b859-83818f25ed6e@group-1D5C0641F7B2: Succeed to remove RaftStorageDirectory Storage Directory /home/runner/work/ozone/ozone/hadoop-ozone/integration-test/target/test-dir/MiniOzoneClusterImpl-c6dc50ab-6fac-4554-b78d-9440f3e38bfb/datanode-2/data/ratis/9932fe54-2ba2-4d09-8578-1d5c0641f7b2
2021-10-12 06:06:59,150 [Command processor thread] INFO  commandhandler.ClosePipelineCommandHandler (ClosePipelineCommandHandler.java:handle(78)) - Close Pipeline PipelineID=9932fe54-2ba2-4d09-8578-1d5c0641f7b2 command on datanode a928fc34-d4b3-4f47-b859-83818f25ed6e.
2021-10-12 06:06:59,167 [a928fc34-d4b3-4f47-b859-83818f25ed6e@group-1D5C0641F7B2->8094cd77-30c2-47d7-ab82-7abee48b2f8b-GrpcLogAppender-LogAppenderDaemon] ERROR leader.LogAppenderDaemon (LogAppenderDaemon.java:run(86)) - a928fc34-d4b3-4f47-b859-83818f25ed6e@group-1D5C0641F7B2->8094cd77-30c2-47d7-ab82-7abee48b2f8b-GrpcLogAppender-LogAppenderDaemon failed
java.lang.IllegalArgumentException: a928fc34-d4b3-4f47-b859-83818f25ed6e@group-1D5C0641F7B2-SegmentedRaftLog is expected to be opened but it is CLOSED
	at org.apache.ratis.util.OpenCloseState.assertOpen(OpenCloseState.java:63)
	at org.apache.ratis.server.raftlog.RaftLogBase.checkLogState(RaftLogBase.java:107)
	at org.apache.ratis.server.raftlog.segmented.SegmentedRaftLog.getTermIndex(SegmentedRaftLog.java:322)
	at org.apache.ratis.server.leader.LogAppenderBase.getPrevious(LogAppenderBase.java:110)
	at org.apache.ratis.server.leader.LogAppenderBase.newAppendEntriesRequest(LogAppenderBase.java:128)
	at org.apache.ratis.grpc.server.GrpcLogAppender.appendLog(GrpcLogAppender.java:211)
	at org.apache.ratis.grpc.server.GrpcLogAppender.run(GrpcLogAppender.java:145)
	at org.apache.ratis.server.leader.LogAppenderDaemon.run(LogAppenderDaemon.java:77)
	at java.lang.Thread.run(Thread.java:748)
Caused by: org.apache.ratis.util.OpenCloseState$CloseTrace: Close a928fc34-d4b3-4f47-b859-83818f25ed6e@group-1D5C0641F7B2-SegmentedRaftLog
	at org.apache.ratis.util.OpenCloseState.lambda$close$1(OpenCloseState.java:109)
	at java.util.concurrent.atomic.AtomicReference.getAndUpdate(AtomicReference.java:160)
	at org.apache.ratis.util.OpenCloseState.close(OpenCloseState.java:109)
	at org.apache.ratis.server.raftlog.RaftLogBase.close(RaftLogBase.java:356)
	at org.apache.ratis.server.raftlog.segmented.SegmentedRaftLog.close(SegmentedRaftLog.java:505)
	at org.apache.ratis.server.impl.ServerState.close(ServerState.java:421)
	at org.apache.ratis.server.impl.RaftServerImpl.lambda$close$4(RaftServerImpl.java:429)
	at org.apache.ratis.util.LifeCycle.lambda$checkStateAndClose$4(LifeCycle.java:299)
	at org.apache.ratis.util.LifeCycle.checkStateAndClose(LifeCycle.java:319)
	at org.apache.ratis.util.LifeCycle.checkStateAndClose(LifeCycle.java:297)
	at org.apache.ratis.server.impl.RaftServerImpl.close(RaftServerImpl.java:406)
	at org.apache.ratis.server.impl.RaftServerImpl.groupRemove(RaftServerImpl.java:371)
	at org.apache.ratis.server.impl.RaftServerProxy.lambda$groupRemoveAsync$14(RaftServerProxy.java:507)
	at java.util.concurrent.CompletableFuture.uniApply(CompletableFuture.java:616)
	at java.util.concurrent.CompletableFuture.uniApplyStage(CompletableFuture.java:628)
	at java.util.concurrent.CompletableFuture.thenApply(CompletableFuture.java:1996)
	at org.apache.ratis.server.impl.RaftServerProxy.groupRemoveAsync(RaftServerProxy.java:506)
	at org.apache.ratis.server.impl.RaftServerProxy.groupManagementAsync(RaftServerProxy.java:460)
	at org.apache.ratis.server.impl.RaftServerProxy.groupManagement(RaftServerProxy.java:440)
	at org.apache.hadoop.ozone.container.common.transport.server.ratis.XceiverServerRatis.removeGroup(XceiverServerRatis.java:779)
	at org.apache.hadoop.ozone.container.common.statemachine.commandhandler.ClosePipelineCommandHandler.handle(ClosePipelineCommandHandler.java:77)
	at org.apache.hadoop.ozone.container.common.statemachine.commandhandler.CommandDispatcher.handle(CommandDispatcher.java:99)
	at org.apache.hadoop.ozone.container.common.statemachine.DatanodeStateMachine.lambda$initCommandHandlerThread$2(DatanodeStateMachine.java:563)
	... 1 more
2021-10-12 06:06:59,700 [Listener at 127.0.0.1/38829] INFO  ozoneimpl.OzoneContainer (OzoneContainer.java:stop(325)) - Attempting to stop container services.
2021-10-12 06:06:59,705 [Listener at 127.0.0.1/38829] INFO  server.RaftServer (RaftServerProxy.java:lambda$close$6(391)) - fdd2c237-e414-4605-b3b4-833d5e073368: close
2021-10-12 06:06:59,706 [Listener at 127.0.0.1/38829] INFO  server.RaftServer$Division (RaftServerImpl.java:lambda$close$4(407)) - fdd2c237-e414-4605-b3b4-833d5e073368@group-38AEEACB237B: shutdown
2021-10-12 06:06:59,706 [Listener at 127.0.0.1/38829] INFO  util.JmxRegister (JmxRegister.java:unregister(73)) - Successfully un-registered JMX Bean with object name Ratis:service=RaftServer,group=group-38AEEACB237B,id=fdd2c237-e414-4605-b3b4-833d5e073368
2021-10-12 06:06:59,706 [Listener at 127.0.0.1/38829] INFO  impl.RoleInfo (RoleInfo.java:shutdownLeaderState(91)) - fdd2c237-e414-4605-b3b4-833d5e073368: shutdown fdd2c237-e414-4605-b3b4-833d5e073368@group-38AEEACB237B-LeaderStateImpl
2021-10-12 06:06:59,706 [Listener at 127.0.0.1/38829] INFO  impl.PendingRequests (PendingRequests.java:sendNotLeaderResponses(282)) - fdd2c237-e414-4605-b3b4-833d5e073368@group-38AEEACB237B-PendingRequests: sendNotLeaderResponses
2021-10-12 06:06:59,707 [Listener at 127.0.0.1/38829] INFO  impl.StateMachineUpdater (StateMachineUpdater.java:stopAndJoin(149)) - fdd2c237-e414-4605-b3b4-833d5e073368@group-38AEEACB237B-StateMachineUpdater: set stopIndex = 0
2021-10-12 06:06:59,710 [fdd2c237-e414-4605-b3b4-833d5e073368@group-38AEEACB237B-StateMachineUpdater] INFO  ratis.ContainerStateMachine (ContainerStateMachine.java:takeSnapshot(292)) - group-38AEEACB237B: Taking a snapshot at:(t:1, i:0) file /home/runner/work/ozone/ozone/hadoop-ozone/integration-test/target/test-dir/MiniOzoneClusterImpl-c6dc50ab-6fac-4554-b78d-9440f3e38bfb/datanode-3/data/ratis/7608d580-c439-4c58-a09b-38aeeacb237b/sm/snapshot.1_0
2021-10-12 06:06:59,717 [fdd2c237-e414-4605-b3b4-833d5e073368@group-38AEEACB237B-StateMachineUpdater] INFO  ratis.ContainerStateMachine (ContainerStateMachine.java:takeSnapshot(303)) - group-38AEEACB237B: Finished taking a snapshot at:(t:1, i:0) file:/home/runner/work/ozone/ozone/hadoop-ozone/integration-test/target/test-dir/MiniOzoneClusterImpl-c6dc50ab-6fac-4554-b78d-9440f3e38bfb/datanode-3/data/ratis/7608d580-c439-4c58-a09b-38aeeacb237b/sm/snapshot.1_0 took: 7 ms
2021-10-12 06:06:59,717 [fdd2c237-e414-4605-b3b4-833d5e073368@group-38AEEACB237B-StateMachineUpdater] INFO  impl.StateMachineUpdater (StateMachineUpdater.java:takeSnapshot(281)) - fdd2c237-e414-4605-b3b4-833d5e073368@group-38AEEACB237B-StateMachineUpdater: Took a snapshot at index 0
2021-10-12 06:06:59,717 [fdd2c237-e414-4605-b3b4-833d5e073368@group-38AEEACB237B-StateMachineUpdater] INFO  impl.StateMachineUpdater (StateMachineUpdater.java:lambda$new$0(89)) - fdd2c237-e414-4605-b3b4-833d5e073368@group-38AEEACB237B-StateMachineUpdater: snapshotIndex: updateIncreasingly -1 -> 0
2021-10-12 06:06:59,717 [Listener at 127.0.0.1/38829] INFO  server.RaftServer$Division (ServerState.java:close(419)) - fdd2c237-e414-4605-b3b4-833d5e073368@group-38AEEACB237B: closes. applyIndex: 0
2021-10-12 06:06:59,718 [fdd2c237-e414-4605-b3b4-833d5e073368@group-38AEEACB237B-SegmentedRaftLogWorker] INFO  segmented.SegmentedRaftLogWorker (SegmentedRaftLogWorker.java:run(327)) - fdd2c237-e414-4605-b3b4-833d5e073368@group-38AEEACB237B-SegmentedRaftLogWorker was interrupted, exiting. There are 0 tasks remaining in the queue.
2021-10-12 06:06:59,718 [Listener at 127.0.0.1/38829] INFO  segmented.SegmentedRaftLogWorker (SegmentedRaftLogWorker.java:close(237)) - fdd2c237-e414-4605-b3b4-833d5e073368@group-38AEEACB237B-SegmentedRaftLogWorker close()
2021-10-12 06:06:59,718 [Listener at 127.0.0.1/38829] INFO  server.GrpcService (GrpcService.java:closeImpl(262)) - fdd2c237-e414-4605-b3b4-833d5e073368: shutdown server with port 38743 now
2021-10-12 06:06:59,722 [Listener at 127.0.0.1/38829] INFO  server.GrpcService (GrpcService.java:closeImpl(271)) - fdd2c237-e414-4605-b3b4-833d5e073368: shutdown server with port 38743 successfully
2021-10-12 06:06:59,722 [org.apache.ratis.util.JvmPauseMonitor$$Lambda$531/599601214@363ec30] INFO  util.JvmPauseMonitor (JvmPauseMonitor.java:run(109)) - JvmPauseMonitor-fdd2c237-e414-4605-b3b4-833d5e073368: Stopped
2021-10-12 06:06:59,734 [Listener at 127.0.0.1/38829] INFO  utils.BackgroundService (BackgroundService.java:shutdown(132)) - Shutting down service BlockDeletingService
2021-10-12 06:07:02,738 [Listener at 127.0.0.1/38829] INFO  statemachine.DatanodeStateMachine (DatanodeStateMachine.java:stopDaemon(522)) - Ozone container server stopped.
2021-10-12 06:07:02,739 [Listener at 127.0.0.1/38829] INFO  handler.ContextHandler (ContextHandler.java:doStop(1153)) - Stopped o.e.j.w.WebAppContext@119eb91e{hddsDatanode,/,null,STOPPED}{jar:file:/home/runner/.m2/repository/org/apache/ozone/hdds-container-service/1.2.0-SNAPSHOT/hdds-container-service-1.2.0-SNAPSHOT.jar!/webapps/hddsDatanode}
2021-10-12 06:07:02,744 [Listener at 127.0.0.1/38829] INFO  server.AbstractConnector (AbstractConnector.java:doStop(381)) - Stopped ServerConnector@3999ade2{HTTP/1.1, (http/1.1)}{0.0.0.0:0}
2021-10-12 06:07:02,744 [Listener at 127.0.0.1/38829] INFO  server.session (HouseKeeper.java:stopScavenging(149)) - node0 Stopped scavenging
2021-10-12 06:07:02,744 [Listener at 127.0.0.1/38829] INFO  handler.ContextHandler (ContextHandler.java:doStop(1153)) - Stopped o.e.j.s.ServletContextHandler@422a2ce8{static,/static,jar:file:/home/runner/.m2/repository/org/apache/ozone/hdds-container-service/1.2.0-SNAPSHOT/hdds-container-service-1.2.0-SNAPSHOT.jar!/webapps/static,STOPPED}
2021-10-12 06:07:02,745 [Listener at 127.0.0.1/38829] INFO  handler.ContextHandler (ContextHandler.java:doStop(1153)) - Stopped o.e.j.s.ServletContextHandler@7e87fde5{logs,/logs,file:///home/runner/work/ozone/ozone/hadoop-ozone/integration-test/target/log,STOPPED}
2021-10-12 06:07:04,718 [EventQueue-StaleNodeForStaleNodeHandler] INFO  node.StaleNodeHandler (StaleNodeHandler.java:onMessage(58)) - Datanode fdd2c237-e414-4605-b3b4-833d5e073368{ip: 10.1.0.59, host: fv-az297-361.nmf1rxwemy4u5di1sxxf4ejcwb.jx.internal.cloudapp.net, ports: [REPLICATION=33853, RATIS=38743, RATIS_ADMIN=38743, RATIS_SERVER=38743, STANDALONE=36483], networkLocation: /default-rack, certSerialId: null, persistedOpState: IN_SERVICE, persistedOpStateExpiryEpochSec: 0} moved to stale state. Finalizing its pipelines [PipelineID=7608d580-c439-4c58-a09b-38aeeacb237b]
2021-10-12 06:07:04,719 [EventQueue-StaleNodeForStaleNodeHandler] INFO  pipeline.PipelineManagerImpl (PipelineManagerImpl.java:closePipeline(342)) - Pipeline Pipeline[ Id: 7608d580-c439-4c58-a09b-38aeeacb237b, Nodes: fdd2c237-e414-4605-b3b4-833d5e073368{ip: 10.1.0.59, host: fv-az297-361.nmf1rxwemy4u5di1sxxf4ejcwb.jx.internal.cloudapp.net, ports: [REPLICATION=33853, RATIS=38743, RATIS_ADMIN=38743, RATIS_SERVER=38743, STANDALONE=36483], networkLocation: /default-rack, certSerialId: null, persistedOpState: IN_SERVICE, persistedOpStateExpiryEpochSec: 0}, ReplicationConfig: RATIS/ONE, State:OPEN, leaderId:fdd2c237-e414-4605-b3b4-833d5e073368, CreationTimestamp2021-10-12T06:05:30.815Z[Etc/UTC]] moved to CLOSED state
2021-10-12 06:07:06,233 [EventQueue-DeadNodeForDeadNodeHandler] INFO  node.DeadNodeHandler (DeadNodeHandler.java:onMessage(80)) - A dead datanode is detected. fd6d4eb7-d4eb-4c85-951f-7fa23d5c4e33{ip: 10.1.0.59, host: fv-az297-361.nmf1rxwemy4u5di1sxxf4ejcwb.jx.internal.cloudapp.net, ports: [REPLICATION=36033, RATIS=37125, RATIS_ADMIN=37125, RATIS_SERVER=37125, STANDALONE=44425], networkLocation: /default-rack, certSerialId: null, persistedOpState: IN_SERVICE, persistedOpStateExpiryEpochSec: 0}
2021-10-12 06:07:06,233 [EventQueue-DeadNodeForDeadNodeHandler] INFO  pipeline.RatisPipelineProvider (RatisPipelineProvider.java:lambda$close$1(222)) - Send pipeline:PipelineID=7e7a9f65-9827-4b9c-af70-d1d5abd2796e close command to datanode fd6d4eb7-d4eb-4c85-951f-7fa23d5c4e33
2021-10-12 06:07:06,233 [EventQueue-DeadNodeForDeadNodeHandler] INFO  pipeline.PipelineStateManagerImpl (PipelineStateManagerImpl.java:removePipeline(211)) - Pipeline Pipeline[ Id: 7e7a9f65-9827-4b9c-af70-d1d5abd2796e, Nodes: fd6d4eb7-d4eb-4c85-951f-7fa23d5c4e33{ip: 10.1.0.59, host: fv-az297-361.nmf1rxwemy4u5di1sxxf4ejcwb.jx.internal.cloudapp.net, ports: [REPLICATION=36033, RATIS=37125, RATIS_ADMIN=37125, RATIS_SERVER=37125, STANDALONE=44425], networkLocation: /default-rack, certSerialId: null, persistedOpState: IN_SERVICE, persistedOpStateExpiryEpochSec: 0}, ReplicationConfig: RATIS/ONE, State:CLOSED, leaderId:fd6d4eb7-d4eb-4c85-951f-7fa23d5c4e33, CreationTimestamp2021-10-12T06:05:31.876Z[Etc/UTC]] removed.
2021-10-12 06:07:06,233 [EventQueue-DeadNodeForDeadNodeHandler] INFO  net.NetworkTopologyImpl (NetworkTopologyImpl.java:remove(137)) - Removed a node: /default-rack/fd6d4eb7-d4eb-4c85-951f-7fa23d5c4e33
2021-10-12 06:07:07,746 [Listener at 127.0.0.1/38829] INFO  ozoneimpl.OzoneContainer (OzoneContainer.java:stop(325)) - Attempting to stop container services.
2021-10-12 06:07:07,750 [Listener at 127.0.0.1/38829] INFO  server.RaftServer (RaftServerProxy.java:lambda$close$6(391)) - 69929a81-75b5-4e59-a9cb-c7e6f0fb6fd6: close
2021-10-12 06:07:07,750 [Listener at 127.0.0.1/38829] INFO  server.RaftServer$Division (RaftServerImpl.java:lambda$close$4(407)) - 69929a81-75b5-4e59-a9cb-c7e6f0fb6fd6@group-6FE44C8B7884: shutdown
2021-10-12 06:07:07,750 [Listener at 127.0.0.1/38829] INFO  util.JmxRegister (JmxRegister.java:unregister(73)) - Successfully un-registered JMX Bean with object name Ratis:service=RaftServer,group=group-6FE44C8B7884,id=69929a81-75b5-4e59-a9cb-c7e6f0fb6fd6
2021-10-12 06:07:07,750 [Listener at 127.0.0.1/38829] INFO  impl.RoleInfo (RoleInfo.java:shutdownLeaderState(91)) - 69929a81-75b5-4e59-a9cb-c7e6f0fb6fd6: shutdown 69929a81-75b5-4e59-a9cb-c7e6f0fb6fd6@group-6FE44C8B7884-LeaderStateImpl
2021-10-12 06:07:07,751 [Listener at 127.0.0.1/38829] INFO  impl.PendingRequests (PendingRequests.java:sendNotLeaderResponses(282)) - 69929a81-75b5-4e59-a9cb-c7e6f0fb6fd6@group-6FE44C8B7884-PendingRequests: sendNotLeaderResponses
2021-10-12 06:07:07,751 [Listener at 127.0.0.1/38829] INFO  impl.StateMachineUpdater (StateMachineUpdater.java:stopAndJoin(149)) - 69929a81-75b5-4e59-a9cb-c7e6f0fb6fd6@group-6FE44C8B7884-StateMachineUpdater: set stopIndex = 0
2021-10-12 06:07:07,752 [69929a81-75b5-4e59-a9cb-c7e6f0fb6fd6@group-6FE44C8B7884-StateMachineUpdater] INFO  ratis.ContainerStateMachine (ContainerStateMachine.java:takeSnapshot(292)) - group-6FE44C8B7884: Taking a snapshot at:(t:1, i:0) file /home/runner/work/ozone/ozone/hadoop-ozone/integration-test/target/test-dir/MiniOzoneClusterImpl-c6dc50ab-6fac-4554-b78d-9440f3e38bfb/datanode-0/data/ratis/4849bb7a-8d21-4c61-9174-6fe44c8b7884/sm/snapshot.1_0
2021-10-12 06:07:07,760 [69929a81-75b5-4e59-a9cb-c7e6f0fb6fd6@group-6FE44C8B7884-StateMachineUpdater] INFO  ratis.ContainerStateMachine (ContainerStateMachine.java:takeSnapshot(303)) - group-6FE44C8B7884: Finished taking a snapshot at:(t:1, i:0) file:/home/runner/work/ozone/ozone/hadoop-ozone/integration-test/target/test-dir/MiniOzoneClusterImpl-c6dc50ab-6fac-4554-b78d-9440f3e38bfb/datanode-0/data/ratis/4849bb7a-8d21-4c61-9174-6fe44c8b7884/sm/snapshot.1_0 took: 8 ms
2021-10-12 06:07:07,761 [69929a81-75b5-4e59-a9cb-c7e6f0fb6fd6@group-6FE44C8B7884-StateMachineUpdater] INFO  impl.StateMachineUpdater (StateMachineUpdater.java:takeSnapshot(281)) - 69929a81-75b5-4e59-a9cb-c7e6f0fb6fd6@group-6FE44C8B7884-StateMachineUpdater: Took a snapshot at index 0
2021-10-12 06:07:07,761 [69929a81-75b5-4e59-a9cb-c7e6f0fb6fd6@group-6FE44C8B7884-StateMachineUpdater] INFO  impl.StateMachineUpdater (StateMachineUpdater.java:lambda$new$0(89)) - 69929a81-75b5-4e59-a9cb-c7e6f0fb6fd6@group-6FE44C8B7884-StateMachineUpdater: snapshotIndex: updateIncreasingly -1 -> 0
2021-10-12 06:07:07,762 [Listener at 127.0.0.1/38829] INFO  server.RaftServer$Division (ServerState.java:close(419)) - 69929a81-75b5-4e59-a9cb-c7e6f0fb6fd6@group-6FE44C8B7884: closes. applyIndex: 0
2021-10-12 06:07:07,762 [69929a81-75b5-4e59-a9cb-c7e6f0fb6fd6@group-6FE44C8B7884-SegmentedRaftLogWorker] INFO  segmented.SegmentedRaftLogWorker (SegmentedRaftLogWorker.java:run(327)) - 69929a81-75b5-4e59-a9cb-c7e6f0fb6fd6@group-6FE44C8B7884-SegmentedRaftLogWorker was interrupted, exiting. There are 0 tasks remaining in the queue.
2021-10-12 06:07:07,762 [Listener at 127.0.0.1/38829] INFO  segmented.SegmentedRaftLogWorker (SegmentedRaftLogWorker.java:close(237)) - 69929a81-75b5-4e59-a9cb-c7e6f0fb6fd6@group-6FE44C8B7884-SegmentedRaftLogWorker close()
2021-10-12 06:07:07,762 [Listener at 127.0.0.1/38829] INFO  server.GrpcService (GrpcService.java:closeImpl(262)) - 69929a81-75b5-4e59-a9cb-c7e6f0fb6fd6: shutdown server with port 40555 now
2021-10-12 06:07:07,784 [Listener at 127.0.0.1/38829] INFO  server.GrpcService (GrpcService.java:closeImpl(271)) - 69929a81-75b5-4e59-a9cb-c7e6f0fb6fd6: shutdown server with port 40555 successfully
2021-10-12 06:07:07,785 [org.apache.ratis.util.JvmPauseMonitor$$Lambda$531/599601214@5ef6b9d6] INFO  util.JvmPauseMonitor (JvmPauseMonitor.java:run(109)) - JvmPauseMonitor-69929a81-75b5-4e59-a9cb-c7e6f0fb6fd6: Stopped
2021-10-12 06:07:07,787 [Listener at 127.0.0.1/38829] INFO  utils.BackgroundService (BackgroundService.java:shutdown(132)) - Shutting down service BlockDeletingService
2021-10-12 06:07:10,788 [Listener at 127.0.0.1/38829] INFO  statemachine.DatanodeStateMachine (DatanodeStateMachine.java:stopDaemon(522)) - Ozone container server stopped.
2021-10-12 06:07:10,789 [Listener at 127.0.0.1/38829] INFO  handler.ContextHandler (ContextHandler.java:doStop(1153)) - Stopped o.e.j.w.WebAppContext@173b5550{hddsDatanode,/,null,STOPPED}{jar:file:/home/runner/.m2/repository/org/apache/ozone/hdds-container-service/1.2.0-SNAPSHOT/hdds-container-service-1.2.0-SNAPSHOT.jar!/webapps/hddsDatanode}
2021-10-12 06:07:10,795 [Listener at 127.0.0.1/38829] INFO  server.AbstractConnector (AbstractConnector.java:doStop(381)) - Stopped ServerConnector@515f5b8c{HTTP/1.1, (http/1.1)}{0.0.0.0:0}
2021-10-12 06:07:10,795 [Listener at 127.0.0.1/38829] INFO  server.session (HouseKeeper.java:stopScavenging(149)) - node0 Stopped scavenging
2021-10-12 06:07:10,795 [Listener at 127.0.0.1/38829] INFO  handler.ContextHandler (ContextHandler.java:doStop(1153)) - Stopped o.e.j.s.ServletContextHandler@2dd8c375{static,/static,jar:file:/home/runner/.m2/repository/org/apache/ozone/hdds-container-service/1.2.0-SNAPSHOT/hdds-container-service-1.2.0-SNAPSHOT.jar!/webapps/static,STOPPED}
2021-10-12 06:07:10,795 [Listener at 127.0.0.1/38829] INFO  handler.ContextHandler (ContextHandler.java:doStop(1153)) - Stopped o.e.j.s.ServletContextHandler@4f296e2a{logs,/logs,file:///home/runner/work/ozone/ozone/hadoop-ozone/integration-test/target/log,STOPPED}
2021-10-12 06:07:12,073 [EventQueue-StaleNodeForStaleNodeHandler] INFO  node.StaleNodeHandler (StaleNodeHandler.java:onMessage(58)) - Datanode 69929a81-75b5-4e59-a9cb-c7e6f0fb6fd6{ip: 10.1.0.59, host: fv-az297-361.nmf1rxwemy4u5di1sxxf4ejcwb.jx.internal.cloudapp.net, ports: [REPLICATION=46479, RATIS=40555, RATIS_ADMIN=40555, RATIS_SERVER=40555, STANDALONE=34613], networkLocation: /default-rack, certSerialId: null, persistedOpState: IN_SERVICE, persistedOpStateExpiryEpochSec: 0} moved to stale state. Finalizing its pipelines [PipelineID=4849bb7a-8d21-4c61-9174-6fe44c8b7884]
2021-10-12 06:07:12,073 [EventQueue-StaleNodeForStaleNodeHandler] INFO  pipeline.PipelineManagerImpl (PipelineManagerImpl.java:closePipeline(342)) - Pipeline Pipeline[ Id: 4849bb7a-8d21-4c61-9174-6fe44c8b7884, Nodes: 69929a81-75b5-4e59-a9cb-c7e6f0fb6fd6{ip: 10.1.0.59, host: fv-az297-361.nmf1rxwemy4u5di1sxxf4ejcwb.jx.internal.cloudapp.net, ports: [REPLICATION=46479, RATIS=40555, RATIS_ADMIN=40555, RATIS_SERVER=40555, STANDALONE=34613], networkLocation: /default-rack, certSerialId: null, persistedOpState: IN_SERVICE, persistedOpStateExpiryEpochSec: 0}, ReplicationConfig: RATIS/ONE, State:OPEN, leaderId:69929a81-75b5-4e59-a9cb-c7e6f0fb6fd6, CreationTimestamp2021-10-12T06:05:29.229Z[Etc/UTC]] moved to CLOSED state
2021-10-12 06:07:14,686 [EventQueue-DeadNodeForDeadNodeHandler] INFO  node.DeadNodeHandler (DeadNodeHandler.java:onMessage(80)) - A dead datanode is detected. fdd2c237-e414-4605-b3b4-833d5e073368{ip: 10.1.0.59, host: fv-az297-361.nmf1rxwemy4u5di1sxxf4ejcwb.jx.internal.cloudapp.net, ports: [REPLICATION=33853, RATIS=38743, RATIS_ADMIN=38743, RATIS_SERVER=38743, STANDALONE=36483], networkLocation: /default-rack, certSerialId: null, persistedOpState: IN_SERVICE, persistedOpStateExpiryEpochSec: 0}
2021-10-12 06:07:14,686 [EventQueue-DeadNodeForDeadNodeHandler] INFO  pipeline.RatisPipelineProvider (RatisPipelineProvider.java:lambda$close$1(222)) - Send pipeline:PipelineID=7608d580-c439-4c58-a09b-38aeeacb237b close command to datanode fdd2c237-e414-4605-b3b4-833d5e073368
2021-10-12 06:07:14,687 [EventQueue-DeadNodeForDeadNodeHandler] INFO  pipeline.PipelineStateManagerImpl (PipelineStateManagerImpl.java:removePipeline(211)) - Pipeline Pipeline[ Id: 7608d580-c439-4c58-a09b-38aeeacb237b, Nodes: fdd2c237-e414-4605-b3b4-833d5e073368{ip: 10.1.0.59, host: fv-az297-361.nmf1rxwemy4u5di1sxxf4ejcwb.jx.internal.cloudapp.net, ports: [REPLICATION=33853, RATIS=38743, RATIS_ADMIN=38743, RATIS_SERVER=38743, STANDALONE=36483], networkLocation: /default-rack, certSerialId: null, persistedOpState: IN_SERVICE, persistedOpStateExpiryEpochSec: 0}, ReplicationConfig: RATIS/ONE, State:CLOSED, leaderId:fdd2c237-e414-4605-b3b4-833d5e073368, CreationTimestamp2021-10-12T06:05:30.815Z[Etc/UTC]] removed.
2021-10-12 06:07:14,687 [EventQueue-DeadNodeForDeadNodeHandler] INFO  net.NetworkTopologyImpl (NetworkTopologyImpl.java:remove(137)) - Removed a node: /default-rack/fdd2c237-e414-4605-b3b4-833d5e073368
2021-10-12 06:07:15,797 [Listener at 127.0.0.1/38829] INFO  ozoneimpl.OzoneContainer (OzoneContainer.java:stop(325)) - Attempting to stop container services.
2021-10-12 06:07:15,798 [Listener at 127.0.0.1/38829] INFO  server.RaftServer (RaftServerProxy.java:lambda$close$6(391)) - a928fc34-d4b3-4f47-b859-83818f25ed6e: close
2021-10-12 06:07:15,798 [Listener at 127.0.0.1/38829] INFO  server.RaftServer$Division (RaftServerImpl.java:lambda$close$4(407)) - a928fc34-d4b3-4f47-b859-83818f25ed6e@group-A54A29D33CF6: shutdown
2021-10-12 06:07:15,798 [Listener at 127.0.0.1/38829] INFO  util.JmxRegister (JmxRegister.java:unregister(73)) - Successfully un-registered JMX Bean with object name Ratis:service=RaftServer,group=group-A54A29D33CF6,id=a928fc34-d4b3-4f47-b859-83818f25ed6e
2021-10-12 06:07:15,798 [Listener at 127.0.0.1/38829] INFO  impl.RoleInfo (RoleInfo.java:shutdownLeaderState(91)) - a928fc34-d4b3-4f47-b859-83818f25ed6e: shutdown a928fc34-d4b3-4f47-b859-83818f25ed6e@group-A54A29D33CF6-LeaderStateImpl
2021-10-12 06:07:15,798 [Listener at 127.0.0.1/38829] INFO  impl.PendingRequests (PendingRequests.java:sendNotLeaderResponses(282)) - a928fc34-d4b3-4f47-b859-83818f25ed6e@group-A54A29D33CF6-PendingRequests: sendNotLeaderResponses
2021-10-12 06:07:15,799 [Listener at 127.0.0.1/38829] INFO  impl.StateMachineUpdater (StateMachineUpdater.java:stopAndJoin(149)) - a928fc34-d4b3-4f47-b859-83818f25ed6e@group-A54A29D33CF6-StateMachineUpdater: set stopIndex = 0
2021-10-12 06:07:15,799 [a928fc34-d4b3-4f47-b859-83818f25ed6e@group-A54A29D33CF6-StateMachineUpdater] INFO  ratis.ContainerStateMachine (ContainerStateMachine.java:takeSnapshot(292)) - group-A54A29D33CF6: Taking a snapshot at:(t:1, i:0) file /home/runner/work/ozone/ozone/hadoop-ozone/integration-test/target/test-dir/MiniOzoneClusterImpl-c6dc50ab-6fac-4554-b78d-9440f3e38bfb/datanode-2/data/ratis/fb1f687b-0b6e-4734-b0ab-a54a29d33cf6/sm/snapshot.1_0
2021-10-12 06:07:15,803 [a928fc34-d4b3-4f47-b859-83818f25ed6e@group-A54A29D33CF6-StateMachineUpdater] INFO  ratis.ContainerStateMachine (ContainerStateMachine.java:takeSnapshot(303)) - group-A54A29D33CF6: Finished taking a snapshot at:(t:1, i:0) file:/home/runner/work/ozone/ozone/hadoop-ozone/integration-test/target/test-dir/MiniOzoneClusterImpl-c6dc50ab-6fac-4554-b78d-9440f3e38bfb/datanode-2/data/ratis/fb1f687b-0b6e-4734-b0ab-a54a29d33cf6/sm/snapshot.1_0 took: 4 ms
2021-10-12 06:07:15,804 [a928fc34-d4b3-4f47-b859-83818f25ed6e@group-A54A29D33CF6-StateMachineUpdater] INFO  impl.StateMachineUpdater (StateMachineUpdater.java:takeSnapshot(281)) - a928fc34-d4b3-4f47-b859-83818f25ed6e@group-A54A29D33CF6-StateMachineUpdater: Took a snapshot at index 0
2021-10-12 06:07:15,804 [a928fc34-d4b3-4f47-b859-83818f25ed6e@group-A54A29D33CF6-StateMachineUpdater] INFO  impl.StateMachineUpdater (StateMachineUpdater.java:lambda$new$0(89)) - a928fc34-d4b3-4f47-b859-83818f25ed6e@group-A54A29D33CF6-StateMachineUpdater: snapshotIndex: updateIncreasingly -1 -> 0
2021-10-12 06:07:15,804 [Listener at 127.0.0.1/38829] INFO  server.RaftServer$Division (ServerState.java:close(419)) - a928fc34-d4b3-4f47-b859-83818f25ed6e@group-A54A29D33CF6: closes. applyIndex: 0
2021-10-12 06:07:15,804 [a928fc34-d4b3-4f47-b859-83818f25ed6e@group-A54A29D33CF6-SegmentedRaftLogWorker] INFO  segmented.SegmentedRaftLogWorker (SegmentedRaftLogWorker.java:run(327)) - a928fc34-d4b3-4f47-b859-83818f25ed6e@group-A54A29D33CF6-SegmentedRaftLogWorker was interrupted, exiting. There are 0 tasks remaining in the queue.
2021-10-12 06:07:15,805 [Listener at 127.0.0.1/38829] INFO  segmented.SegmentedRaftLogWorker (SegmentedRaftLogWorker.java:close(237)) - a928fc34-d4b3-4f47-b859-83818f25ed6e@group-A54A29D33CF6-SegmentedRaftLogWorker close()
2021-10-12 06:07:15,805 [Listener at 127.0.0.1/38829] INFO  server.GrpcService (GrpcService.java:closeImpl(262)) - a928fc34-d4b3-4f47-b859-83818f25ed6e: shutdown server with port 35709 now
2021-10-12 06:07:15,814 [Listener at 127.0.0.1/38829] INFO  server.GrpcService (GrpcService.java:closeImpl(271)) - a928fc34-d4b3-4f47-b859-83818f25ed6e: shutdown server with port 35709 successfully
2021-10-12 06:07:15,818 [org.apache.ratis.util.JvmPauseMonitor$$Lambda$531/599601214@4059a40c] INFO  util.JvmPauseMonitor (JvmPauseMonitor.java:run(109)) - JvmPauseMonitor-a928fc34-d4b3-4f47-b859-83818f25ed6e: Stopped
2021-10-12 06:07:15,830 [Listener at 127.0.0.1/38829] INFO  utils.BackgroundService (BackgroundService.java:shutdown(132)) - Shutting down service BlockDeletingService
2021-10-12 06:07:18,831 [Listener at 127.0.0.1/38829] INFO  statemachine.DatanodeStateMachine (DatanodeStateMachine.java:stopDaemon(522)) - Ozone container server stopped.
2021-10-12 06:07:18,832 [Listener at 127.0.0.1/38829] INFO  handler.ContextHandler (ContextHandler.java:doStop(1153)) - Stopped o.e.j.w.WebAppContext@6357aae7{hddsDatanode,/,null,STOPPED}{jar:file:/home/runner/.m2/repository/org/apache/ozone/hdds-container-service/1.2.0-SNAPSHOT/hdds-container-service-1.2.0-SNAPSHOT.jar!/webapps/hddsDatanode}
2021-10-12 06:07:18,833 [Listener at 127.0.0.1/38829] INFO  server.AbstractConnector (AbstractConnector.java:doStop(381)) - Stopped ServerConnector@5eb9ef4d{HTTP/1.1, (http/1.1)}{0.0.0.0:0}
2021-10-12 06:07:18,833 [Listener at 127.0.0.1/38829] INFO  server.session (HouseKeeper.java:stopScavenging(149)) - node0 Stopped scavenging
2021-10-12 06:07:18,833 [Listener at 127.0.0.1/38829] INFO  handler.ContextHandler (ContextHandler.java:doStop(1153)) - Stopped o.e.j.s.ServletContextHandler@57473e17{static,/static,jar:file:/home/runner/.m2/repository/org/apache/ozone/hdds-container-service/1.2.0-SNAPSHOT/hdds-container-service-1.2.0-SNAPSHOT.jar!/webapps/static,STOPPED}
2021-10-12 06:07:18,833 [Listener at 127.0.0.1/38829] INFO  handler.ContextHandler (ContextHandler.java:doStop(1153)) - Stopped o.e.j.s.ServletContextHandler@6c47525b{logs,/logs,file:///home/runner/work/ozone/ozone/hadoop-ozone/integration-test/target/log,STOPPED}
2021-10-12 06:07:20,208 [EventQueue-StaleNodeForStaleNodeHandler] INFO  node.StaleNodeHandler (StaleNodeHandler.java:onMessage(58)) - Datanode a928fc34-d4b3-4f47-b859-83818f25ed6e{ip: 10.1.0.59, host: fv-az297-361.nmf1rxwemy4u5di1sxxf4ejcwb.jx.internal.cloudapp.net, ports: [REPLICATION=46425, RATIS=35709, RATIS_ADMIN=35709, RATIS_SERVER=35709, STANDALONE=38129], networkLocation: /default-rack, certSerialId: null, persistedOpState: IN_SERVICE, persistedOpStateExpiryEpochSec: 0} moved to stale state. Finalizing its pipelines [PipelineID=fb1f687b-0b6e-4734-b0ab-a54a29d33cf6]
2021-10-12 06:07:20,208 [EventQueue-StaleNodeForStaleNodeHandler] INFO  pipeline.PipelineManagerImpl (PipelineManagerImpl.java:closePipeline(342)) - Pipeline Pipeline[ Id: fb1f687b-0b6e-4734-b0ab-a54a29d33cf6, Nodes: a928fc34-d4b3-4f47-b859-83818f25ed6e{ip: 10.1.0.59, host: fv-az297-361.nmf1rxwemy4u5di1sxxf4ejcwb.jx.internal.cloudapp.net, ports: [REPLICATION=46425, RATIS=35709, RATIS_ADMIN=35709, RATIS_SERVER=35709, STANDALONE=38129], networkLocation: /default-rack, certSerialId: null, persistedOpState: IN_SERVICE, persistedOpStateExpiryEpochSec: 0}, ReplicationConfig: RATIS/ONE, State:OPEN, leaderId:a928fc34-d4b3-4f47-b859-83818f25ed6e, CreationTimestamp2021-10-12T06:05:30.349Z[Etc/UTC]] moved to CLOSED state
2021-10-12 06:07:22,019 [EventQueue-DeadNodeForDeadNodeHandler] INFO  node.DeadNodeHandler (DeadNodeHandler.java:onMessage(80)) - A dead datanode is detected. 69929a81-75b5-4e59-a9cb-c7e6f0fb6fd6{ip: 10.1.0.59, host: fv-az297-361.nmf1rxwemy4u5di1sxxf4ejcwb.jx.internal.cloudapp.net, ports: [REPLICATION=46479, RATIS=40555, RATIS_ADMIN=40555, RATIS_SERVER=40555, STANDALONE=34613], networkLocation: /default-rack, certSerialId: null, persistedOpState: IN_SERVICE, persistedOpStateExpiryEpochSec: 0}
2021-10-12 06:07:22,019 [EventQueue-DeadNodeForDeadNodeHandler] INFO  pipeline.RatisPipelineProvider (RatisPipelineProvider.java:lambda$close$1(222)) - Send pipeline:PipelineID=4849bb7a-8d21-4c61-9174-6fe44c8b7884 close command to datanode 69929a81-75b5-4e59-a9cb-c7e6f0fb6fd6
2021-10-12 06:07:22,019 [EventQueue-DeadNodeForDeadNodeHandler] INFO  pipeline.PipelineStateManagerImpl (PipelineStateManagerImpl.java:removePipeline(211)) - Pipeline Pipeline[ Id: 4849bb7a-8d21-4c61-9174-6fe44c8b7884, Nodes: 69929a81-75b5-4e59-a9cb-c7e6f0fb6fd6{ip: 10.1.0.59, host: fv-az297-361.nmf1rxwemy4u5di1sxxf4ejcwb.jx.internal.cloudapp.net, ports: [REPLICATION=46479, RATIS=40555, RATIS_ADMIN=40555, RATIS_SERVER=40555, STANDALONE=34613], networkLocation: /default-rack, certSerialId: null, persistedOpState: IN_SERVICE, persistedOpStateExpiryEpochSec: 0}, ReplicationConfig: RATIS/ONE, State:CLOSED, leaderId:69929a81-75b5-4e59-a9cb-c7e6f0fb6fd6, CreationTimestamp2021-10-12T06:05:29.229Z[Etc/UTC]] removed.
2021-10-12 06:07:22,019 [EventQueue-DeadNodeForDeadNodeHandler] INFO  net.NetworkTopologyImpl (NetworkTopologyImpl.java:remove(137)) - Removed a node: /default-rack/69929a81-75b5-4e59-a9cb-c7e6f0fb6fd6
2021-10-12 06:07:30,158 [EventQueue-DeadNodeForDeadNodeHandler] INFO  node.DeadNodeHandler (DeadNodeHandler.java:onMessage(80)) - A dead datanode is detected. a928fc34-d4b3-4f47-b859-83818f25ed6e{ip: 10.1.0.59, host: fv-az297-361.nmf1rxwemy4u5di1sxxf4ejcwb.jx.internal.cloudapp.net, ports: [REPLICATION=46425, RATIS=35709, RATIS_ADMIN=35709, RATIS_SERVER=35709, STANDALONE=38129], networkLocation: /default-rack, certSerialId: null, persistedOpState: IN_SERVICE, persistedOpStateExpiryEpochSec: 0}
2021-10-12 06:07:30,158 [EventQueue-DeadNodeForDeadNodeHandler] INFO  pipeline.RatisPipelineProvider (RatisPipelineProvider.java:lambda$close$1(222)) - Send pipeline:PipelineID=fb1f687b-0b6e-4734-b0ab-a54a29d33cf6 close command to datanode a928fc34-d4b3-4f47-b859-83818f25ed6e
2021-10-12 06:07:30,158 [EventQueue-DeadNodeForDeadNodeHandler] INFO  pipeline.PipelineStateManagerImpl (PipelineStateManagerImpl.java:removePipeline(211)) - Pipeline Pipeline[ Id: fb1f687b-0b6e-4734-b0ab-a54a29d33cf6, Nodes: a928fc34-d4b3-4f47-b859-83818f25ed6e{ip: 10.1.0.59, host: fv-az297-361.nmf1rxwemy4u5di1sxxf4ejcwb.jx.internal.cloudapp.net, ports: [REPLICATION=46425, RATIS=35709, RATIS_ADMIN=35709, RATIS_SERVER=35709, STANDALONE=38129], networkLocation: /default-rack, certSerialId: null, persistedOpState: IN_SERVICE, persistedOpStateExpiryEpochSec: 0}, ReplicationConfig: RATIS/ONE, State:CLOSED, leaderId:a928fc34-d4b3-4f47-b859-83818f25ed6e, CreationTimestamp2021-10-12T06:05:30.349Z[Etc/UTC]] removed.
2021-10-12 06:07:30,158 [EventQueue-DeadNodeForDeadNodeHandler] INFO  net.NetworkTopologyImpl (NetworkTopologyImpl.java:remove(137)) - Removed a node: /default-rack/a928fc34-d4b3-4f47-b859-83818f25ed6e
2021-10-12 06:08:28,516 [RatisPipelineUtilsThread - 0] ERROR scm.SCMCommonPlacementPolicy (SCMCommonPlacementPolicy.java:filterNodesWithSpace(171)) - Unable to find enough nodes that meet the space requirement of 1073741824 bytes for metadata and 5368709120 bytes for data in healthy node set. Required 3. Found 0.
]]></system-out>
  </testcase>
  <testcase name="testWatchForCommitDatanodeFailure" classname="org.apache.hadoop.ozone.client.rpc.TestBlockOutputStreamWithFailuresFlushDelay" time="86.424"/>
  <testcase name="testContainerClose" classname="org.apache.hadoop.ozone.client.rpc.TestBlockOutputStreamWithFailuresFlushDelay" time="87.319"/>
</testsuite>