<?xml version="1.0" encoding="UTF-8"?>
<testsuite xmlns:xsi="http://www.w3.org/2001/XMLSchema-instance" xsi:noNamespaceSchemaLocation="https://maven.apache.org/surefire/maven-surefire-plugin/xsd/surefire-test-report-3.0.xsd" version="3.0" name="org.apache.hadoop.ozone.client.rpc.TestWatchForCommit" time="48.548" tests="1" errors="0" skipped="0" failures="0">
  <properties>
    <property name="awt.toolkit" value="sun.awt.X11.XToolkit"/>
    <property name="file.encoding.pkg" value="sun.io"/>
    <property name="java.specification.version" value="1.8"/>
    <property name="sun.cpu.isalist" value=""/>
    <property name="sun.jnu.encoding" value="UTF-8"/>
    <property name="gradle.enterprise.listener.surefire.forkId" value="1"/>
    <property name="java.class.path" value="/home/runner/work/ozone/ozone/hadoop-ozone/integration-test/target/test-classes:/home/runner/work/ozone/ozone/hadoop-ozone/integration-test/target/classes:/home/runner/.m2/repository/org/apache/ozone/ozone-common/1.5.0-SNAPSHOT/ozone-common-1.5.0-SNAPSHOT.jar:/home/runner/.m2/repository/io/grpc/grpc-netty/1.58.0/grpc-netty-1.58.0.jar:/home/runner/.m2/repository/io/grpc/grpc-core/1.58.0/grpc-core-1.58.0.jar:/home/runner/.m2/repository/com/google/android/annotations/4.1.1.4/annotations-4.1.1.4.jar:/home/runner/.m2/repository/org/codehaus/mojo/animal-sniffer-annotations/1.23/animal-sniffer-annotations-1.23.jar:/home/runner/.m2/repository/io/grpc/grpc-context/1.58.0/grpc-context-1.58.0.jar:/home/runner/.m2/repository/io/grpc/grpc-util/1.58.0/grpc-util-1.58.0.jar:/home/runner/.m2/repository/com/google/errorprone/error_prone_annotations/2.2.0/error_prone_annotations-2.2.0.jar:/home/runner/.m2/repository/io/perfmark/perfmark-api/0.26.0/perfmark-api-0.26.0.jar:/home/runner/.m2/repository/io/netty/netty-codec-http2/4.1.100.Final/netty-codec-http2-4.1.100.Final.jar:/home/runner/.m2/repository/io/netty/netty-common/4.1.100.Final/netty-common-4.1.100.Final.jar:/home/runner/.m2/repository/io/netty/netty-buffer/4.1.100.Final/netty-buffer-4.1.100.Final.jar:/home/runner/.m2/repository/io/netty/netty-codec-http/4.1.100.Final/netty-codec-http-4.1.100.Final.jar:/home/runner/.m2/repository/io/netty/netty-handler-proxy/4.1.100.Final/netty-handler-proxy-4.1.100.Final.jar:/home/runner/.m2/repository/io/netty/netty-codec-socks/4.1.100.Final/netty-codec-socks-4.1.100.Final.jar:/home/runner/.m2/repository/io/netty/netty-tcnative-boringssl-static/2.0.61.Final/netty-tcnative-boringssl-static-2.0.61.Final.jar:/home/runner/.m2/repository/io/netty/netty-tcnative-classes/2.0.61.Final/netty-tcnative-classes-2.0.61.Final.jar:/home/runner/.m2/repository/io/netty/netty-tcnative-boringssl-static/2.0.61.Final/netty-tcnative-boringssl-static-2.0.61.Final-linux-x86_64.jar:/home/runner/.m2/repository/io/netty/netty-tcnative-boringssl-static/2.0.61.Final/netty-tcnative-boringssl-static-2.0.61.Final-linux-aarch_64.jar:/home/runner/.m2/repository/io/netty/netty-tcnative-boringssl-static/2.0.61.Final/netty-tcnative-boringssl-static-2.0.61.Final-osx-x86_64.jar:/home/runner/.m2/repository/io/netty/netty-tcnative-boringssl-static/2.0.61.Final/netty-tcnative-boringssl-static-2.0.61.Final-osx-aarch_64.jar:/home/runner/.m2/repository/io/netty/netty-tcnative-boringssl-static/2.0.61.Final/netty-tcnative-boringssl-static-2.0.61.Final-windows-x86_64.jar:/home/runner/.m2/repository/org/apache/commons/commons-compress/1.25.0/commons-compress-1.25.0.jar:/home/runner/.m2/repository/org/apache/ozone/hdds-common/1.5.0-SNAPSHOT/hdds-common-1.5.0-SNAPSHOT.jar:/home/runner/.m2/repository/org/apache/ozone/hdds-client/1.5.0-SNAPSHOT/hdds-client-1.5.0-SNAPSHOT.jar:/home/runner/.m2/repository/org/apache/ozone/ozone-interface-client/1.5.0-SNAPSHOT/ozone-interface-client-1.5.0-SNAPSHOT.jar:/home/runner/.m2/repository/org/apache/hadoop/hadoop-hdfs-client/3.3.6/hadoop-hdfs-client-3.3.6.jar:/home/runner/.m2/repository/com/squareup/okhttp3/okhttp/4.12.0/okhttp-4.12.0.jar:/home/runner/.m2/repository/com/squareup/okio/okio/3.6.0/okio-3.6.0.jar:/home/runner/.m2/repository/com/squareup/okio/okio-jvm/3.6.0/okio-jvm-3.6.0.jar:/home/runner/.m2/repository/org/jetbrains/kotlin/kotlin-stdlib-jdk8/1.9.22/kotlin-stdlib-jdk8-1.9.22.jar:/home/runner/.m2/repository/org/jetbrains/kotlin/kotlin-stdlib-jdk7/1.9.22/kotlin-stdlib-jdk7-1.9.22.jar:/home/runner/.m2/repository/org/jetbrains/kotlin/kotlin-stdlib-common/1.9.22/kotlin-stdlib-common-1.9.22.jar:/home/runner/.m2/repository/org/apache/ozone/hdds-test-utils/1.5.0-SNAPSHOT/hdds-test-utils-1.5.0-SNAPSHOT.jar:/home/runner/.m2/repository/org/assertj/assertj-core/3.12.2/assertj-core-3.12.2.jar:/home/runner/.m2/repository/com/google/guava/guava/32.0.0-jre/guava-32.0.0-jre.jar:/home/runner/.m2/repository/com/google/guava/failureaccess/1.0.1/failureaccess-1.0.1.jar:/home/runner/.m2/repository/com/google/guava/listenablefuture/9999.0-empty-to-avoid-conflict-with-guava/listenablefuture-9999.0-empty-to-avoid-conflict-with-guava.jar:/home/runner/.m2/repository/com/google/code/findbugs/jsr305/3.0.0/jsr305-3.0.0.jar:/home/runner/.m2/repository/org/checkerframework/checker-qual/3.33.0/checker-qual-3.33.0.jar:/home/runner/.m2/repository/com/google/j2objc/j2objc-annotations/2.8/j2objc-annotations-2.8.jar:/home/runner/.m2/repository/commons-io/commons-io/2.11.0/commons-io-2.11.0.jar:/home/runner/.m2/repository/commons-logging/commons-logging/1.2/commons-logging-1.2.jar:/home/runner/.m2/repository/org/junit/jupiter/junit-jupiter-api/5.10.1/junit-jupiter-api-5.10.1.jar:/home/runner/.m2/repository/org/opentest4j/opentest4j/1.3.0/opentest4j-1.3.0.jar:/home/runner/.m2/repository/org/junit/platform/junit-platform-commons/1.10.1/junit-platform-commons-1.10.1.jar:/home/runner/.m2/repository/ch/qos/reload4j/reload4j/1.2.25/reload4j-1.2.25.jar:/home/runner/.m2/repository/org/slf4j/slf4j-api/2.0.10/slf4j-api-2.0.10.jar:/home/runner/.m2/repository/org/apache/logging/log4j/log4j-api/2.17.1/log4j-api-2.17.1.jar:/home/runner/.m2/repository/org/apache/ozone/hdds-server-scm/1.5.0-SNAPSHOT/hdds-server-scm-1.5.0-SNAPSHOT.jar:/home/runner/.m2/repository/com/google/protobuf/protobuf-java/2.5.0/protobuf-java-2.5.0.jar:/home/runner/.m2/repository/org/apache/ozone/hdds-container-service/1.5.0-SNAPSHOT/hdds-container-service-1.5.0-SNAPSHOT.jar:/home/runner/.m2/repository/org/apache/ozone/hdds-hadoop-dependency-server/1.5.0-SNAPSHOT/hdds-hadoop-dependency-server-1.5.0-SNAPSHOT.jar:/home/runner/.m2/repository/org/apache/hadoop/hadoop-hdfs/3.3.6/hadoop-hdfs-3.3.6.jar:/home/runner/.m2/repository/commons-daemon/commons-daemon/1.0.13/commons-daemon-1.0.13.jar:/home/runner/.m2/repository/org/apache/ozone/hdds-server-framework/1.5.0-SNAPSHOT/hdds-server-framework-1.5.0-SNAPSHOT.jar:/home/runner/.m2/repository/org/bouncycastle/bcprov-jdk15on/1.67/bcprov-jdk15on-1.67.jar:/home/runner/.m2/repository/io/dropwizard/metrics/metrics-core/3.2.4/metrics-core-3.2.4.jar:/home/runner/.m2/repository/org/apache/commons/commons-text/1.11.0/commons-text-1.11.0.jar:/home/runner/.m2/repository/org/apache/ozone/hdds-server-framework/1.5.0-SNAPSHOT/hdds-server-framework-1.5.0-SNAPSHOT-tests.jar:/home/runner/.m2/repository/org/apache/ozone/hdds-interface-server/1.5.0-SNAPSHOT/hdds-interface-server-1.5.0-SNAPSHOT.jar:/home/runner/.m2/repository/org/apache/ozone/hdds-interface-admin/1.5.0-SNAPSHOT/hdds-interface-admin-1.5.0-SNAPSHOT.jar:/home/runner/.m2/repository/org/apache/ozone/hdds-managed-rocksdb/1.5.0-SNAPSHOT/hdds-managed-rocksdb-1.5.0-SNAPSHOT.jar:/home/runner/.m2/repository/org/rocksdb/rocksdbjni/7.7.3/rocksdbjni-7.7.3.jar:/home/runner/.m2/repository/org/slf4j/slf4j-reload4j/2.0.10/slf4j-reload4j-2.0.10.jar:/home/runner/.m2/repository/org/apache/commons/commons-configuration2/2.8.0/commons-configuration2-2.8.0.jar:/home/runner/.m2/repository/commons-fileupload/commons-fileupload/1.5/commons-fileupload-1.5.jar:/home/runner/.m2/repository/org/apache/logging/log4j/log4j-core/2.17.1/log4j-core-2.17.1.jar:/home/runner/.m2/repository/com/lmax/disruptor/3.4.2/disruptor-3.4.2.jar:/home/runner/.m2/repository/org/eclipse/jetty/jetty-util/9.4.53.v20231009/jetty-util-9.4.53.v20231009.jar:/home/runner/.m2/repository/org/eclipse/jetty/jetty-server/9.4.53.v20231009/jetty-server-9.4.53.v20231009.jar:/home/runner/.m2/repository/org/eclipse/jetty/jetty-http/9.4.53.v20231009/jetty-http-9.4.53.v20231009.jar:/home/runner/.m2/repository/org/eclipse/jetty/jetty-io/9.4.53.v20231009/jetty-io-9.4.53.v20231009.jar:/home/runner/.m2/repository/org/eclipse/jetty/jetty-servlet/9.4.53.v20231009/jetty-servlet-9.4.53.v20231009.jar:/home/runner/.m2/repository/org/eclipse/jetty/jetty-security/9.4.53.v20231009/jetty-security-9.4.53.v20231009.jar:/home/runner/.m2/repository/org/eclipse/jetty/jetty-util-ajax/9.4.53.v20231009/jetty-util-ajax-9.4.53.v20231009.jar:/home/runner/.m2/repository/org/eclipse/jetty/jetty-webapp/9.4.53.v20231009/jetty-webapp-9.4.53.v20231009.jar:/home/runner/.m2/repository/org/eclipse/jetty/jetty-xml/9.4.53.v20231009/jetty-xml-9.4.53.v20231009.jar:/home/runner/.m2/repository/org/apache/ratis/ratis-server/3.0.1/ratis-server-3.0.1.jar:/home/runner/.m2/repository/org/apache/ratis/ratis-thirdparty-misc/1.0.5/ratis-thirdparty-misc-1.0.5.jar:/home/runner/.m2/repository/org/apache/ratis/ratis-proto/3.0.1/ratis-proto-3.0.1.jar:/home/runner/.m2/repository/org/apache/ratis/ratis-common/3.0.1/ratis-common-3.0.1.jar:/home/runner/.m2/repository/org/apache/ratis/ratis-client/3.0.1/ratis-client-3.0.1.jar:/home/runner/.m2/repository/org/apache/ratis/ratis-server-api/3.0.1/ratis-server-api-3.0.1.jar:/home/runner/.m2/repository/org/apache/ratis/ratis-metrics-api/3.0.1/ratis-metrics-api-3.0.1.jar:/home/runner/.m2/repository/org/apache/ratis/ratis-metrics-dropwizard3/3.0.1/ratis-metrics-dropwizard3-3.0.1.jar:/home/runner/.m2/repository/io/prometheus/simpleclient_dropwizard/0.16.0/simpleclient_dropwizard-0.16.0.jar:/home/runner/.m2/repository/io/prometheus/simpleclient/0.16.0/simpleclient-0.16.0.jar:/home/runner/.m2/repository/io/prometheus/simpleclient_common/0.16.0/simpleclient_common-0.16.0.jar:/home/runner/.m2/repository/com/fasterxml/jackson/datatype/jackson-datatype-jsr310/2.13.4/jackson-datatype-jsr310-2.13.4.jar:/home/runner/.m2/repository/com/fasterxml/jackson/core/jackson-core/2.13.4/jackson-core-2.13.4.jar:/home/runner/.m2/repository/org/apache/ozone/rocksdb-checkpoint-differ/1.5.0-SNAPSHOT/rocksdb-checkpoint-differ-1.5.0-SNAPSHOT.jar:/home/runner/.m2/repository/org/jgrapht/jgrapht-core/1.0.1/jgrapht-core-1.0.1.jar:/home/runner/.m2/repository/org/jgrapht/jgrapht-ext/1.0.1/jgrapht-ext-1.0.1.jar:/home/runner/.m2/repository/org/tinyjee/jgraphx/jgraphx/2.0.0.1/jgraphx-2.0.0.1.jar:/home/runner/.m2/repository/jgraph/jgraph/5.13.0.0/jgraph-5.13.0.0.jar:/home/runner/.m2/repository/org/antlr/antlr4-runtime/4.5.3/antlr4-runtime-4.5.3.jar:/home/runner/.m2/repository/org/apache/ozone/ozone-manager/1.5.0-SNAPSHOT/ozone-manager-1.5.0-SNAPSHOT.jar:/home/runner/.m2/repository/org/aspectj/aspectjrt/1.9.7/aspectjrt-1.9.7.jar:/home/runner/.m2/repository/org/aspectj/aspectjweaver/1.9.7/aspectjweaver-1.9.7.jar:/home/runner/.m2/repository/org/apache/ozone/hdds-interface-client/1.5.0-SNAPSHOT/hdds-interface-client-1.5.0-SNAPSHOT.jar:/home/runner/.m2/repository/org/apache/hadoop/thirdparty/hadoop-shaded-protobuf_3_7/1.1.1/hadoop-shaded-protobuf_3_7-1.1.1.jar:/home/runner/.m2/repository/org/apache/ozone/ozone-interface-storage/1.5.0-SNAPSHOT/ozone-interface-storage-1.5.0-SNAPSHOT.jar:/home/runner/.m2/repository/org/reflections/reflections/0.9.11/reflections-0.9.11.jar:/home/runner/.m2/repository/com/sun/jersey/jersey-client/1.19.4/jersey-client-1.19.4.jar:/home/runner/.m2/repository/org/codehaus/jackson/jackson-core-asl/1.9.13/jackson-core-asl-1.9.13.jar:/home/runner/.m2/repository/org/codehaus/jackson/jackson-mapper-asl/1.9.13/jackson-mapper-asl-1.9.13.jar:/home/runner/.m2/repository/org/codehaus/jackson/jackson-jaxrs/1.9.13/jackson-jaxrs-1.9.13.jar:/home/runner/.m2/repository/org/apache/ranger/ranger-intg/2.3.0/ranger-intg-2.3.0.jar:/home/runner/.m2/repository/org/apache/ranger/ranger-plugins-common/2.3.0/ranger-plugins-common-2.3.0.jar:/home/runner/.m2/repository/commons-lang/commons-lang/2.6/commons-lang-2.6.jar:/home/runner/.m2/repository/org/apache/ranger/ranger-plugins-cred/2.3.0/ranger-plugins-cred-2.3.0.jar:/home/runner/.m2/repository/org/apache/ranger/ranger-plugins-audit/2.3.0/ranger-plugins-audit-2.3.0.jar:/home/runner/.m2/repository/org/eclipse/jetty/jetty-client/9.4.53.v20231009/jetty-client-9.4.53.v20231009.jar:/home/runner/.m2/repository/org/apache/httpcomponents/httpmime/4.5.6/httpmime-4.5.6.jar:/home/runner/.m2/repository/org/apache/httpcomponents/httpcore-nio/4.4.16/httpcore-nio-4.4.16.jar:/home/runner/.m2/repository/org/apache/httpcomponents/httpasyncclient/4.1.3/httpasyncclient-4.1.3.jar:/home/runner/.m2/repository/com/carrotsearch/hppc/0.8.0/hppc-0.8.0.jar:/home/runner/.m2/repository/org/apache/orc/orc-core/1.5.8/orc-core-1.5.8.jar:/home/runner/.m2/repository/net/java/dev/jna/jna/5.2.0/jna-5.2.0.jar:/home/runner/.m2/repository/net/java/dev/jna/jna-platform/5.2.0/jna-platform-5.2.0.jar:/home/runner/.m2/repository/com/kstruct/gethostname4j/0.0.2/gethostname4j-0.0.2.jar:/home/runner/.m2/repository/org/apache/ranger/ranger-plugin-classloader/2.3.0/ranger-plugin-classloader-2.3.0.jar:/home/runner/.m2/repository/org/apache/ozone/hdds-rocks-native/1.5.0-SNAPSHOT/hdds-rocks-native-1.5.0-SNAPSHOT.jar:/home/runner/.m2/repository/org/apache/hadoop/hadoop-minikdc/3.3.6/hadoop-minikdc-3.3.6.jar:/home/runner/.m2/repository/org/apache/kerby/kerb-simplekdc/1.0.1/kerb-simplekdc-1.0.1.jar:/home/runner/.m2/repository/org/apache/kerby/kerb-client/1.0.1/kerb-client-1.0.1.jar:/home/runner/.m2/repository/org/apache/kerby/kerby-config/1.0.1/kerby-config-1.0.1.jar:/home/runner/.m2/repository/org/apache/kerby/kerb-common/1.0.1/kerb-common-1.0.1.jar:/home/runner/.m2/repository/org/apache/kerby/kerb-crypto/1.0.1/kerb-crypto-1.0.1.jar:/home/runner/.m2/repository/org/apache/kerby/kerb-util/1.0.1/kerb-util-1.0.1.jar:/home/runner/.m2/repository/org/apache/kerby/token-provider/1.0.1/token-provider-1.0.1.jar:/home/runner/.m2/repository/org/apache/kerby/kerb-admin/1.0.1/kerb-admin-1.0.1.jar:/home/runner/.m2/repository/org/apache/kerby/kerb-server/1.0.1/kerb-server-1.0.1.jar:/home/runner/.m2/repository/org/apache/kerby/kerb-identity/1.0.1/kerb-identity-1.0.1.jar:/home/runner/.m2/repository/org/apache/kerby/kerby-xdr/1.0.1/kerby-xdr-1.0.1.jar:/home/runner/.m2/repository/org/apache/ozone/ozone-s3gateway/1.5.0-SNAPSHOT/ozone-s3gateway-1.5.0-SNAPSHOT.jar:/home/runner/.m2/repository/org/javassist/javassist/3.21.0-GA/javassist-3.21.0-GA.jar:/home/runner/.m2/repository/org/jboss/weld/servlet/weld-servlet-shaded/3.1.9.Final/weld-servlet-shaded-3.1.9.Final.jar:/home/runner/.m2/repository/org/glassfish/jersey/containers/jersey-container-servlet-core/2.41/jersey-container-servlet-core-2.41.jar:/home/runner/.m2/repository/org/glassfish/hk2/external/jakarta.inject/2.6.1/jakarta.inject-2.6.1.jar:/home/runner/.m2/repository/org/glassfish/jersey/core/jersey-common/2.41/jersey-common-2.41.jar:/home/runner/.m2/repository/jakarta/ws/rs/jakarta.ws.rs-api/2.1.6/jakarta.ws.rs-api-2.1.6.jar:/home/runner/.m2/repository/org/glassfish/jersey/ext/cdi/jersey-cdi1x/2.41/jersey-cdi1x-2.41.jar:/home/runner/.m2/repository/org/glassfish/jersey/inject/jersey-hk2/2.41/jersey-hk2-2.41.jar:/home/runner/.m2/repository/org/glassfish/hk2/hk2-locator/2.6.1/hk2-locator-2.6.1.jar:/home/runner/.m2/repository/org/glassfish/jersey/media/jersey-media-jaxb/2.41/jersey-media-jaxb-2.41.jar:/home/runner/.m2/repository/org/glassfish/hk2/osgi-resource-locator/1.0.3/osgi-resource-locator-1.0.3.jar:/home/runner/.m2/repository/org/glassfish/hk2/hk2-api/2.6.1/hk2-api-2.6.1.jar:/home/runner/.m2/repository/org/glassfish/hk2/hk2-utils/2.6.1/hk2-utils-2.6.1.jar:/home/runner/.m2/repository/org/glassfish/hk2/external/aopalliance-repackaged/2.6.1/aopalliance-repackaged-2.6.1.jar:/home/runner/.m2/repository/com/fasterxml/jackson/dataformat/jackson-dataformat-xml/2.13.4/jackson-dataformat-xml-2.13.4.jar:/home/runner/.m2/repository/org/codehaus/woodstox/stax2-api/4.2.2/stax2-api-4.2.2.jar:/home/runner/.m2/repository/com/fasterxml/woodstox/woodstox-core/5.4.0/woodstox-core-5.4.0.jar:/home/runner/.m2/repository/com/fasterxml/jackson/module/jackson-module-jaxb-annotations/2.13.4/jackson-module-jaxb-annotations-2.13.4.jar:/home/runner/.m2/repository/javax/enterprise/cdi-api/2.0/cdi-api-2.0.jar:/home/runner/.m2/repository/javax/el/javax.el-api/3.0.0/javax.el-api-3.0.0.jar:/home/runner/.m2/repository/javax/interceptor/javax.interceptor-api/1.2/javax.interceptor-api-1.2.jar:/home/runner/.m2/repository/javax/inject/javax.inject/1/javax.inject-1.jar:/home/runner/.m2/repository/jakarta/xml/bind/jakarta.xml.bind-api/2.3.3/jakarta.xml.bind-api-2.3.3.jar:/home/runner/.m2/repository/org/glassfish/jaxb/jaxb-runtime/2.3.9/jaxb-runtime-2.3.9.jar:/home/runner/.m2/repository/org/glassfish/jaxb/txw2/2.3.9/txw2-2.3.9.jar:/home/runner/.m2/repository/com/sun/istack/istack-commons-runtime/3.0.12/istack-commons-runtime-3.0.12.jar:/home/runner/.m2/repository/com/sun/activation/jakarta.activation/1.2.2/jakarta.activation-1.2.2.jar:/home/runner/.m2/repository/jakarta/activation/jakarta.activation-api/1.2.2/jakarta.activation-api-1.2.2.jar:/home/runner/.m2/repository/io/grpc/grpc-protobuf/1.58.0/grpc-protobuf-1.58.0.jar:/home/runner/.m2/repository/com/google/api/grpc/proto-google-common-protos/2.22.0/proto-google-common-protos-2.22.0.jar:/home/runner/.m2/repository/io/grpc/grpc-protobuf-lite/1.58.0/grpc-protobuf-lite-1.58.0.jar:/home/runner/.m2/repository/io/grpc/grpc-stub/1.58.0/grpc-stub-1.58.0.jar:/home/runner/.m2/repository/io/netty/netty-transport/4.1.100.Final/netty-transport-4.1.100.Final.jar:/home/runner/.m2/repository/io/netty/netty-resolver/4.1.100.Final/netty-resolver-4.1.100.Final.jar:/home/runner/.m2/repository/org/apache/ozone/ozone-csi/1.5.0-SNAPSHOT/ozone-csi-1.5.0-SNAPSHOT.jar:/home/runner/.m2/repository/com/google/protobuf/protobuf-java-util/3.19.6/protobuf-java-util-3.19.6.jar:/home/runner/.m2/repository/com/google/code/gson/gson/2.9.0/gson-2.9.0.jar:/home/runner/.m2/repository/org/apache/ozone/hdds-config/1.5.0-SNAPSHOT/hdds-config-1.5.0-SNAPSHOT.jar:/home/runner/.m2/repository/io/netty/netty-transport-native-epoll/4.1.100.Final/netty-transport-native-epoll-4.1.100.Final-linux-x86_64.jar:/home/runner/.m2/repository/io/netty/netty-transport-classes-epoll/4.1.100.Final/netty-transport-classes-epoll-4.1.100.Final.jar:/home/runner/.m2/repository/io/netty/netty-transport-native-unix-common/4.1.100.Final/netty-transport-native-unix-common-4.1.100.Final.jar:/home/runner/.m2/repository/org/apache/ozone/ozone-recon/1.5.0-SNAPSHOT/ozone-recon-1.5.0-SNAPSHOT.jar:/home/runner/.m2/repository/org/apache/ozone/ozone-reconcodegen/1.5.0-SNAPSHOT/ozone-reconcodegen-1.5.0-SNAPSHOT.jar:/home/runner/.m2/repository/com/google/inject/guice/5.1.0/guice-5.1.0.jar:/home/runner/.m2/repository/aopalliance/aopalliance/1.0/aopalliance-1.0.jar:/home/runner/.m2/repository/com/google/inject/extensions/guice-assistedinject/5.1.0/guice-assistedinject-5.1.0.jar:/home/runner/.m2/repository/com/google/inject/extensions/guice-servlet/5.1.0/guice-servlet-5.1.0.jar:/home/runner/.m2/repository/org/glassfish/jersey/containers/jersey-container-servlet/2.41/jersey-container-servlet-2.41.jar:/home/runner/.m2/repository/org/glassfish/hk2/guice-bridge/2.6.1/guice-bridge-2.6.1.jar:/home/runner/.m2/repository/org/glassfish/jersey/core/jersey-server/2.41/jersey-server-2.41.jar:/home/runner/.m2/repository/org/glassfish/jersey/core/jersey-client/2.41/jersey-client-2.41.jar:/home/runner/.m2/repository/jakarta/annotation/jakarta.annotation-api/1.3.5/jakarta.annotation-api-1.3.5.jar:/home/runner/.m2/repository/jakarta/validation/jakarta.validation-api/2.0.2/jakarta.validation-api-2.0.2.jar:/home/runner/.m2/repository/org/glassfish/jersey/media/jersey-media-json-jackson/2.41/jersey-media-json-jackson-2.41.jar:/home/runner/.m2/repository/org/glassfish/jersey/ext/jersey-entity-filtering/2.41/jersey-entity-filtering-2.41.jar:/home/runner/.m2/repository/org/jooq/jooq/3.11.10/jooq-3.11.10.jar:/home/runner/.m2/repository/org/jooq/jooq-meta/3.11.10/jooq-meta-3.11.10.jar:/home/runner/.m2/repository/org/jooq/jooq-codegen/3.11.10/jooq-codegen-3.11.10.jar:/home/runner/.m2/repository/com/jolbox/bonecp/0.8.0.RELEASE/bonecp-0.8.0.RELEASE.jar:/home/runner/.m2/repository/org/apache/derby/derby/10.14.2.0/derby-10.14.2.0.jar:/home/runner/.m2/repository/org/xerial/sqlite-jdbc/3.44.1.0/sqlite-jdbc-3.44.1.0.jar:/home/runner/.m2/repository/org/springframework/spring-jdbc/5.3.27/spring-jdbc-5.3.27.jar:/home/runner/.m2/repository/org/springframework/spring-beans/5.3.27/spring-beans-5.3.27.jar:/home/runner/.m2/repository/org/springframework/spring-core/5.3.27/spring-core-5.3.27.jar:/home/runner/.m2/repository/org/springframework/spring-tx/5.3.27/spring-tx-5.3.27.jar:/home/runner/.m2/repository/org/apache/ozone/ozone-client/1.5.0-SNAPSHOT/ozone-client-1.5.0-SNAPSHOT.jar:/home/runner/.m2/repository/org/apache/ozone/hdds-erasurecode/1.5.0-SNAPSHOT/hdds-erasurecode-1.5.0-SNAPSHOT.jar:/home/runner/.m2/repository/org/apache/ozone/ozone-filesystem/1.5.0-SNAPSHOT/ozone-filesystem-1.5.0-SNAPSHOT.jar:/home/runner/.m2/repository/org/apache/ozone/ozone-filesystem-common/1.5.0-SNAPSHOT/ozone-filesystem-common-1.5.0-SNAPSHOT.jar:/home/runner/.m2/repository/org/apache/ozone/ozone-tools/1.5.0-SNAPSHOT/ozone-tools-1.5.0-SNAPSHOT.jar:/home/runner/.m2/repository/com/amazonaws/aws-java-sdk-core/1.12.632/aws-java-sdk-core-1.12.632.jar:/home/runner/.m2/repository/org/apache/httpcomponents/httpclient/4.5.13/httpclient-4.5.13.jar:/home/runner/.m2/repository/org/apache/httpcomponents/httpcore/4.4.16/httpcore-4.4.16.jar:/home/runner/.m2/repository/software/amazon/ion/ion-java/1.0.2/ion-java-1.0.2.jar:/home/runner/.m2/repository/com/fasterxml/jackson/dataformat/jackson-dataformat-cbor/2.13.4/jackson-dataformat-cbor-2.13.4.jar:/home/runner/.m2/repository/joda-time/joda-time/2.12.5/joda-time-2.12.5.jar:/home/runner/.m2/repository/com/amazonaws/aws-java-sdk-s3/1.12.632/aws-java-sdk-s3-1.12.632.jar:/home/runner/.m2/repository/com/amazonaws/aws-java-sdk-kms/1.12.632/aws-java-sdk-kms-1.12.632.jar:/home/runner/.m2/repository/com/amazonaws/jmespath-java/1.12.632/jmespath-java-1.12.632.jar:/home/runner/.m2/repository/org/kohsuke/metainf-services/metainf-services/1.8/metainf-services-1.8.jar:/home/runner/.m2/repository/org/apache/ozone/hdds-tools/1.5.0-SNAPSHOT/hdds-tools-1.5.0-SNAPSHOT.jar:/home/runner/.m2/repository/org/apache/ratis/ratis-tools/3.0.1/ratis-tools-3.0.1.jar:/home/runner/.m2/repository/commons-cli/commons-cli/1.6.0/commons-cli-1.6.0.jar:/home/runner/.m2/repository/org/apache/commons/commons-lang3/3.14.0/commons-lang3-3.14.0.jar:/home/runner/.m2/repository/org/apache/ozone/ozone-manager/1.5.0-SNAPSHOT/ozone-manager-1.5.0-SNAPSHOT-tests.jar:/home/runner/.m2/repository/org/apache/ozone/hdds-common/1.5.0-SNAPSHOT/hdds-common-1.5.0-SNAPSHOT-tests.jar:/home/runner/.m2/repository/org/apache/ozone/hdds-hadoop-dependency-client/1.5.0-SNAPSHOT/hdds-hadoop-dependency-client-1.5.0-SNAPSHOT.jar:/home/runner/.m2/repository/info/picocli/picocli/4.7.5/picocli-4.7.5.jar:/home/runner/.m2/repository/com/fasterxml/jackson/core/jackson-annotations/2.13.4/jackson-annotations-2.13.4.jar:/home/runner/.m2/repository/org/apache/ozone/hdds-annotation-processing/1.5.0-SNAPSHOT/hdds-annotation-processing-1.5.0-SNAPSHOT.jar:/home/runner/.m2/repository/javax/annotation/javax.annotation-api/1.3.2/javax.annotation-api-1.3.2.jar:/home/runner/.m2/repository/org/apache/ratis/ratis-netty/3.0.1/ratis-netty-3.0.1.jar:/home/runner/.m2/repository/org/apache/ratis/ratis-grpc/3.0.1/ratis-grpc-3.0.1.jar:/home/runner/.m2/repository/org/apache/commons/commons-pool2/2.6.0/commons-pool2-2.6.0.jar:/home/runner/.m2/repository/org/bouncycastle/bcpkix-jdk15on/1.67/bcpkix-jdk15on-1.67.jar:/home/runner/.m2/repository/commons-validator/commons-validator/1.6/commons-validator-1.6.jar:/home/runner/.m2/repository/commons-beanutils/commons-beanutils/1.9.4/commons-beanutils-1.9.4.jar:/home/runner/.m2/repository/commons-digester/commons-digester/1.8.1/commons-digester-1.8.1.jar:/home/runner/.m2/repository/commons-collections/commons-collections/3.2.2/commons-collections-3.2.2.jar:/home/runner/.m2/repository/io/jaegertracing/jaeger-client/1.6.0/jaeger-client-1.6.0.jar:/home/runner/.m2/repository/io/jaegertracing/jaeger-thrift/1.6.0/jaeger-thrift-1.6.0.jar:/home/runner/.m2/repository/org/apache/thrift/libthrift/0.14.1/libthrift-0.14.1.jar:/home/runner/.m2/repository/io/jaegertracing/jaeger-core/1.6.0/jaeger-core-1.6.0.jar:/home/runner/.m2/repository/io/jaegertracing/jaeger-tracerresolver/1.6.0/jaeger-tracerresolver-1.6.0.jar:/home/runner/.m2/repository/io/opentracing/contrib/opentracing-tracerresolver/0.1.8/opentracing-tracerresolver-0.1.8.jar:/home/runner/.m2/repository/org/jetbrains/kotlin/kotlin-stdlib/1.9.22/kotlin-stdlib-1.9.22.jar:/home/runner/.m2/repository/org/jetbrains/annotations/13.0/annotations-13.0.jar:/home/runner/.m2/repository/io/opentracing/opentracing-util/0.33.0/opentracing-util-0.33.0.jar:/home/runner/.m2/repository/io/opentracing/opentracing-api/0.33.0/opentracing-api-0.33.0.jar:/home/runner/.m2/repository/io/opentracing/opentracing-noop/0.33.0/opentracing-noop-0.33.0.jar:/home/runner/.m2/repository/org/yaml/snakeyaml/2.0/snakeyaml-2.0.jar:/home/runner/.m2/repository/io/grpc/grpc-api/1.58.0/grpc-api-1.58.0.jar:/home/runner/.m2/repository/junit/junit/4.13.1/junit-4.13.1.jar:/home/runner/.m2/repository/org/junit/jupiter/junit-jupiter-engine/5.10.1/junit-jupiter-engine-5.10.1.jar:/home/runner/.m2/repository/org/junit/platform/junit-platform-engine/1.10.1/junit-platform-engine-1.10.1.jar:/home/runner/.m2/repository/org/apiguardian/apiguardian-api/1.1.2/apiguardian-api-1.1.2.jar:/home/runner/.m2/repository/org/junit/vintage/junit-vintage-engine/5.10.1/junit-vintage-engine-5.10.1.jar:/home/runner/.m2/repository/org/junit/platform/junit-platform-launcher/1.10.1/junit-platform-launcher-1.10.1.jar:/home/runner/.m2/repository/org/apache/hadoop/hadoop-kms/3.3.6/hadoop-kms-3.3.6.jar:/home/runner/.m2/repository/org/apache/hadoop/hadoop-auth/3.3.6/hadoop-auth-3.3.6.jar:/home/runner/.m2/repository/com/nimbusds/nimbus-jose-jwt/9.8.1/nimbus-jose-jwt-9.8.1.jar:/home/runner/.m2/repository/com/github/stephenc/jcip/jcip-annotations/1.0-1/jcip-annotations-1.0-1.jar:/home/runner/.m2/repository/org/apache/zookeeper/zookeeper/3.7.2/zookeeper-3.7.2.jar:/home/runner/.m2/repository/org/apache/zookeeper/zookeeper-jute/3.7.2/zookeeper-jute-3.7.2.jar:/home/runner/.m2/repository/org/apache/yetus/audience-annotations/0.12.0/audience-annotations-0.12.0.jar:/home/runner/.m2/repository/org/apache/curator/curator-framework/4.2.0/curator-framework-4.2.0.jar:/home/runner/.m2/repository/org/apache/hadoop/thirdparty/hadoop-shaded-guava/1.1.1/hadoop-shaded-guava-1.1.1.jar:/home/runner/.m2/repository/com/sun/jersey/jersey-core/1.19.4/jersey-core-1.19.4.jar:/home/runner/.m2/repository/javax/ws/rs/jsr311-api/1.1.1/jsr311-api-1.1.1.jar:/home/runner/.m2/repository/com/sun/jersey/jersey-server/1.19.4/jersey-server-1.19.4.jar:/home/runner/.m2/repository/javax/servlet/javax.servlet-api/3.1.0/javax.servlet-api-3.1.0.jar:/home/runner/.m2/repository/org/apache/hadoop/hadoop-common/3.3.6/hadoop-common-3.3.6.jar:/home/runner/.m2/repository/org/apache/commons/commons-math3/3.1.1/commons-math3-3.1.1.jar:/home/runner/.m2/repository/commons-net/commons-net/3.10.0/commons-net-3.10.0.jar:/home/runner/.m2/repository/com/sun/jersey/jersey-servlet/1.19.4/jersey-servlet-1.19.4.jar:/home/runner/.m2/repository/com/github/pjfanning/jersey-json/1.20/jersey-json-1.20.jar:/home/runner/.m2/repository/org/codehaus/jettison/jettison/1.1/jettison-1.1.jar:/home/runner/.m2/repository/com/sun/xml/bind/jaxb-impl/2.2.3-1/jaxb-impl-2.2.3-1.jar:/home/runner/.m2/repository/com/google/re2j/re2j/1.1/re2j-1.1.jar:/home/runner/.m2/repository/com/jcraft/jsch/0.1.54/jsch-0.1.54.jar:/home/runner/.m2/repository/org/apache/curator/curator-client/4.2.0/curator-client-4.2.0.jar:/home/runner/.m2/repository/org/apache/curator/curator-recipes/5.2.0/curator-recipes-5.2.0.jar:/home/runner/.m2/repository/org/apache/kerby/kerb-core/1.0.1/kerb-core-1.0.1.jar:/home/runner/.m2/repository/org/apache/kerby/kerby-pkix/1.0.1/kerby-pkix-1.0.1.jar:/home/runner/.m2/repository/org/apache/kerby/kerby-asn1/1.0.1/kerby-asn1-1.0.1.jar:/home/runner/.m2/repository/org/apache/kerby/kerby-util/1.0.1/kerby-util-1.0.1.jar:/home/runner/.m2/repository/dnsjava/dnsjava/2.1.7/dnsjava-2.1.7.jar:/home/runner/.m2/repository/org/xerial/snappy/snappy-java/1.1.8.2/snappy-java-1.1.8.2.jar:/home/runner/.m2/repository/com/fasterxml/jackson/core/jackson-databind/2.13.4.2/jackson-databind-2.13.4.2.jar:/home/runner/.m2/repository/org/apache/hadoop/hadoop-kms/3.3.6/hadoop-kms-3.3.6-tests.jar:/home/runner/.m2/repository/org/apache/ozone/hdds-server-scm/1.5.0-SNAPSHOT/hdds-server-scm-1.5.0-SNAPSHOT-tests.jar:/home/runner/.m2/repository/org/apache/ozone/hdds-container-service/1.5.0-SNAPSHOT/hdds-container-service-1.5.0-SNAPSHOT-tests.jar:/home/runner/.m2/repository/com/github/luben/zstd-jni/1.5.2-5/zstd-jni-1.5.2-5.jar:/home/runner/.m2/repository/commons-codec/commons-codec/1.15/commons-codec-1.15.jar:/home/runner/.m2/repository/io/netty/netty-codec/4.1.100.Final/netty-codec-4.1.100.Final.jar:/home/runner/.m2/repository/io/netty/netty-handler/4.1.100.Final/netty-handler-4.1.100.Final.jar:/home/runner/.m2/repository/org/apache/ozone/hdds-hadoop-dependency-test/1.5.0-SNAPSHOT/hdds-hadoop-dependency-test-1.5.0-SNAPSHOT.jar:/home/runner/.m2/repository/org/apache/hadoop/hadoop-common/3.3.6/hadoop-common-3.3.6-tests.jar:/home/runner/.m2/repository/org/apache/hadoop/hadoop-hdfs/3.3.6/hadoop-hdfs-3.3.6-tests.jar:/home/runner/.m2/repository/org/junit/jupiter/junit-jupiter-params/5.10.1/junit-jupiter-params-5.10.1.jar:/home/runner/.m2/repository/org/mockito/mockito-core/4.11.0/mockito-core-4.11.0.jar:/home/runner/.m2/repository/net/bytebuddy/byte-buddy/1.12.19/byte-buddy-1.12.19.jar:/home/runner/.m2/repository/net/bytebuddy/byte-buddy-agent/1.12.19/byte-buddy-agent-1.12.19.jar:/home/runner/.m2/repository/org/objenesis/objenesis/1.0/objenesis-1.0.jar:/home/runner/.m2/repository/org/mockito/mockito-junit-jupiter/4.11.0/mockito-junit-jupiter-4.11.0.jar:/home/runner/.m2/repository/org/apache/hadoop/hadoop-distcp/3.3.6/hadoop-distcp-3.3.6.jar:/home/runner/.m2/repository/org/apache/hadoop/hadoop-mapreduce-client-jobclient/3.3.6/hadoop-mapreduce-client-jobclient-3.3.6.jar:/home/runner/.m2/repository/org/apache/hadoop/hadoop-mapreduce-client-common/3.3.6/hadoop-mapreduce-client-common-3.3.6.jar:/home/runner/.m2/repository/org/apache/hadoop/hadoop-yarn-common/3.3.6/hadoop-yarn-common-3.3.6.jar:/home/runner/.m2/repository/org/apache/hadoop/hadoop-yarn-api/3.3.6/hadoop-yarn-api-3.3.6.jar:/home/runner/.m2/repository/javax/xml/bind/jaxb-api/2.2.11/jaxb-api-2.2.11.jar:/home/runner/.m2/repository/com/sun/jersey/contribs/jersey-guice/1.19.4/jersey-guice-1.19.4.jar:/home/runner/.m2/repository/com/fasterxml/jackson/jaxrs/jackson-jaxrs-json-provider/2.13.4/jackson-jaxrs-json-provider-2.13.4.jar:/home/runner/.m2/repository/com/fasterxml/jackson/jaxrs/jackson-jaxrs-base/2.13.4/jackson-jaxrs-base-2.13.4.jar:/home/runner/.m2/repository/org/apache/hadoop/hadoop-yarn-client/3.3.6/hadoop-yarn-client-3.3.6.jar:/home/runner/.m2/repository/org/eclipse/jetty/websocket/websocket-client/9.4.51.v20230217/websocket-client-9.4.51.v20230217.jar:/home/runner/.m2/repository/org/eclipse/jetty/websocket/websocket-common/9.4.51.v20230217/websocket-common-9.4.51.v20230217.jar:/home/runner/.m2/repository/org/eclipse/jetty/websocket/websocket-api/9.4.51.v20230217/websocket-api-9.4.51.v20230217.jar:/home/runner/.m2/repository/org/jline/jline/3.9.0/jline-3.9.0.jar:/home/runner/.m2/repository/org/apache/hadoop/hadoop-mapreduce-client-core/3.3.6/hadoop-mapreduce-client-core-3.3.6.jar:/home/runner/.m2/repository/org/apache/avro/avro/1.7.7/avro-1.7.7.jar:/home/runner/.m2/repository/com/thoughtworks/paranamer/paranamer/2.3/paranamer-2.3.jar:/home/runner/.m2/repository/org/apache/hadoop/hadoop-annotations/3.3.6/hadoop-annotations-3.3.6.jar:/usr/lib/jvm/temurin-8-jdk-amd64/jre/../lib/tools.jar:/home/runner/.m2/repository/io/netty/netty/3.10.6.Final/netty-3.10.6.Final.jar:/home/runner/.m2/repository/org/apache/hadoop/hadoop-distcp/3.3.6/hadoop-distcp-3.3.6-tests.jar:/home/runner/.m2/repository/org/hamcrest/hamcrest/2.2/hamcrest-2.2.jar:/home/runner/.m2/repository/org/slf4j/jul-to-slf4j/2.0.10/jul-to-slf4j-2.0.10.jar:/home/runner/work/ozone/ozone/hadoop-ozone/integration-test/target/gradle-enterprise/test-listeners.jar:"/>
    <property name="java.vm.vendor" value="Temurin"/>
    <property name="sun.arch.data.model" value="64"/>
    <property name="test.build.dir" value="/home/runner/work/ozone/ozone/hadoop-ozone/integration-test/target/test-dir"/>
    <property name="test.cache.data" value=""/>
    <property name="java.vendor.url" value="https://adoptium.net/"/>
    <property name="user.timezone" value="Etc/UTC"/>
    <property name="maven-surefire-plugin.argLineAccessArgs" value=""/>
    <property name="os.name" value="Linux"/>
    <property name="java.vm.specification.version" value="1.8"/>
    <property name="test.build.data" value="/home/runner/work/ozone/ozone/hadoop-ozone/integration-test/target/test-dir"/>
    <property name="sun.java.launcher" value="SUN_STANDARD"/>
    <property name="sun.boot.library.path" value="/usr/lib/jvm/temurin-8-jdk-amd64/jre/lib/amd64"/>
    <property name="sun.java.command" value="/home/runner/work/ozone/ozone/hadoop-ozone/integration-test/target/surefire/surefirebooter-20240118205657317_77.jar /home/runner/work/ozone/ozone/hadoop-ozone/integration-test/target/surefire 2024-01-18T20-56-54_469-jvmRun1 surefire-20240118205657317_75tmp surefire_12-20240118205657317_76tmp"/>
    <property name="native.lib.tmp.dir" value="/tmp"/>
    <property name="surefire.test.class.path" value="/home/runner/work/ozone/ozone/hadoop-ozone/integration-test/target/test-classes:/home/runner/work/ozone/ozone/hadoop-ozone/integration-test/target/classes:/home/runner/.m2/repository/org/apache/ozone/ozone-common/1.5.0-SNAPSHOT/ozone-common-1.5.0-SNAPSHOT.jar:/home/runner/.m2/repository/io/grpc/grpc-netty/1.58.0/grpc-netty-1.58.0.jar:/home/runner/.m2/repository/io/grpc/grpc-core/1.58.0/grpc-core-1.58.0.jar:/home/runner/.m2/repository/com/google/android/annotations/4.1.1.4/annotations-4.1.1.4.jar:/home/runner/.m2/repository/org/codehaus/mojo/animal-sniffer-annotations/1.23/animal-sniffer-annotations-1.23.jar:/home/runner/.m2/repository/io/grpc/grpc-context/1.58.0/grpc-context-1.58.0.jar:/home/runner/.m2/repository/io/grpc/grpc-util/1.58.0/grpc-util-1.58.0.jar:/home/runner/.m2/repository/com/google/errorprone/error_prone_annotations/2.2.0/error_prone_annotations-2.2.0.jar:/home/runner/.m2/repository/io/perfmark/perfmark-api/0.26.0/perfmark-api-0.26.0.jar:/home/runner/.m2/repository/io/netty/netty-codec-http2/4.1.100.Final/netty-codec-http2-4.1.100.Final.jar:/home/runner/.m2/repository/io/netty/netty-common/4.1.100.Final/netty-common-4.1.100.Final.jar:/home/runner/.m2/repository/io/netty/netty-buffer/4.1.100.Final/netty-buffer-4.1.100.Final.jar:/home/runner/.m2/repository/io/netty/netty-codec-http/4.1.100.Final/netty-codec-http-4.1.100.Final.jar:/home/runner/.m2/repository/io/netty/netty-handler-proxy/4.1.100.Final/netty-handler-proxy-4.1.100.Final.jar:/home/runner/.m2/repository/io/netty/netty-codec-socks/4.1.100.Final/netty-codec-socks-4.1.100.Final.jar:/home/runner/.m2/repository/io/netty/netty-tcnative-boringssl-static/2.0.61.Final/netty-tcnative-boringssl-static-2.0.61.Final.jar:/home/runner/.m2/repository/io/netty/netty-tcnative-classes/2.0.61.Final/netty-tcnative-classes-2.0.61.Final.jar:/home/runner/.m2/repository/io/netty/netty-tcnative-boringssl-static/2.0.61.Final/netty-tcnative-boringssl-static-2.0.61.Final-linux-x86_64.jar:/home/runner/.m2/repository/io/netty/netty-tcnative-boringssl-static/2.0.61.Final/netty-tcnative-boringssl-static-2.0.61.Final-linux-aarch_64.jar:/home/runner/.m2/repository/io/netty/netty-tcnative-boringssl-static/2.0.61.Final/netty-tcnative-boringssl-static-2.0.61.Final-osx-x86_64.jar:/home/runner/.m2/repository/io/netty/netty-tcnative-boringssl-static/2.0.61.Final/netty-tcnative-boringssl-static-2.0.61.Final-osx-aarch_64.jar:/home/runner/.m2/repository/io/netty/netty-tcnative-boringssl-static/2.0.61.Final/netty-tcnative-boringssl-static-2.0.61.Final-windows-x86_64.jar:/home/runner/.m2/repository/org/apache/commons/commons-compress/1.25.0/commons-compress-1.25.0.jar:/home/runner/.m2/repository/org/apache/ozone/hdds-common/1.5.0-SNAPSHOT/hdds-common-1.5.0-SNAPSHOT.jar:/home/runner/.m2/repository/org/apache/ozone/hdds-client/1.5.0-SNAPSHOT/hdds-client-1.5.0-SNAPSHOT.jar:/home/runner/.m2/repository/org/apache/ozone/ozone-interface-client/1.5.0-SNAPSHOT/ozone-interface-client-1.5.0-SNAPSHOT.jar:/home/runner/.m2/repository/org/apache/hadoop/hadoop-hdfs-client/3.3.6/hadoop-hdfs-client-3.3.6.jar:/home/runner/.m2/repository/com/squareup/okhttp3/okhttp/4.12.0/okhttp-4.12.0.jar:/home/runner/.m2/repository/com/squareup/okio/okio/3.6.0/okio-3.6.0.jar:/home/runner/.m2/repository/com/squareup/okio/okio-jvm/3.6.0/okio-jvm-3.6.0.jar:/home/runner/.m2/repository/org/jetbrains/kotlin/kotlin-stdlib-jdk8/1.9.22/kotlin-stdlib-jdk8-1.9.22.jar:/home/runner/.m2/repository/org/jetbrains/kotlin/kotlin-stdlib-jdk7/1.9.22/kotlin-stdlib-jdk7-1.9.22.jar:/home/runner/.m2/repository/org/jetbrains/kotlin/kotlin-stdlib-common/1.9.22/kotlin-stdlib-common-1.9.22.jar:/home/runner/.m2/repository/org/apache/ozone/hdds-test-utils/1.5.0-SNAPSHOT/hdds-test-utils-1.5.0-SNAPSHOT.jar:/home/runner/.m2/repository/org/assertj/assertj-core/3.12.2/assertj-core-3.12.2.jar:/home/runner/.m2/repository/com/google/guava/guava/32.0.0-jre/guava-32.0.0-jre.jar:/home/runner/.m2/repository/com/google/guava/failureaccess/1.0.1/failureaccess-1.0.1.jar:/home/runner/.m2/repository/com/google/guava/listenablefuture/9999.0-empty-to-avoid-conflict-with-guava/listenablefuture-9999.0-empty-to-avoid-conflict-with-guava.jar:/home/runner/.m2/repository/com/google/code/findbugs/jsr305/3.0.0/jsr305-3.0.0.jar:/home/runner/.m2/repository/org/checkerframework/checker-qual/3.33.0/checker-qual-3.33.0.jar:/home/runner/.m2/repository/com/google/j2objc/j2objc-annotations/2.8/j2objc-annotations-2.8.jar:/home/runner/.m2/repository/commons-io/commons-io/2.11.0/commons-io-2.11.0.jar:/home/runner/.m2/repository/commons-logging/commons-logging/1.2/commons-logging-1.2.jar:/home/runner/.m2/repository/org/junit/jupiter/junit-jupiter-api/5.10.1/junit-jupiter-api-5.10.1.jar:/home/runner/.m2/repository/org/opentest4j/opentest4j/1.3.0/opentest4j-1.3.0.jar:/home/runner/.m2/repository/org/junit/platform/junit-platform-commons/1.10.1/junit-platform-commons-1.10.1.jar:/home/runner/.m2/repository/ch/qos/reload4j/reload4j/1.2.25/reload4j-1.2.25.jar:/home/runner/.m2/repository/org/slf4j/slf4j-api/2.0.10/slf4j-api-2.0.10.jar:/home/runner/.m2/repository/org/apache/logging/log4j/log4j-api/2.17.1/log4j-api-2.17.1.jar:/home/runner/.m2/repository/org/apache/ozone/hdds-server-scm/1.5.0-SNAPSHOT/hdds-server-scm-1.5.0-SNAPSHOT.jar:/home/runner/.m2/repository/com/google/protobuf/protobuf-java/2.5.0/protobuf-java-2.5.0.jar:/home/runner/.m2/repository/org/apache/ozone/hdds-container-service/1.5.0-SNAPSHOT/hdds-container-service-1.5.0-SNAPSHOT.jar:/home/runner/.m2/repository/org/apache/ozone/hdds-hadoop-dependency-server/1.5.0-SNAPSHOT/hdds-hadoop-dependency-server-1.5.0-SNAPSHOT.jar:/home/runner/.m2/repository/org/apache/hadoop/hadoop-hdfs/3.3.6/hadoop-hdfs-3.3.6.jar:/home/runner/.m2/repository/commons-daemon/commons-daemon/1.0.13/commons-daemon-1.0.13.jar:/home/runner/.m2/repository/org/apache/ozone/hdds-server-framework/1.5.0-SNAPSHOT/hdds-server-framework-1.5.0-SNAPSHOT.jar:/home/runner/.m2/repository/org/bouncycastle/bcprov-jdk15on/1.67/bcprov-jdk15on-1.67.jar:/home/runner/.m2/repository/io/dropwizard/metrics/metrics-core/3.2.4/metrics-core-3.2.4.jar:/home/runner/.m2/repository/org/apache/commons/commons-text/1.11.0/commons-text-1.11.0.jar:/home/runner/.m2/repository/org/apache/ozone/hdds-server-framework/1.5.0-SNAPSHOT/hdds-server-framework-1.5.0-SNAPSHOT-tests.jar:/home/runner/.m2/repository/org/apache/ozone/hdds-interface-server/1.5.0-SNAPSHOT/hdds-interface-server-1.5.0-SNAPSHOT.jar:/home/runner/.m2/repository/org/apache/ozone/hdds-interface-admin/1.5.0-SNAPSHOT/hdds-interface-admin-1.5.0-SNAPSHOT.jar:/home/runner/.m2/repository/org/apache/ozone/hdds-managed-rocksdb/1.5.0-SNAPSHOT/hdds-managed-rocksdb-1.5.0-SNAPSHOT.jar:/home/runner/.m2/repository/org/rocksdb/rocksdbjni/7.7.3/rocksdbjni-7.7.3.jar:/home/runner/.m2/repository/org/slf4j/slf4j-reload4j/2.0.10/slf4j-reload4j-2.0.10.jar:/home/runner/.m2/repository/org/apache/commons/commons-configuration2/2.8.0/commons-configuration2-2.8.0.jar:/home/runner/.m2/repository/commons-fileupload/commons-fileupload/1.5/commons-fileupload-1.5.jar:/home/runner/.m2/repository/org/apache/logging/log4j/log4j-core/2.17.1/log4j-core-2.17.1.jar:/home/runner/.m2/repository/com/lmax/disruptor/3.4.2/disruptor-3.4.2.jar:/home/runner/.m2/repository/org/eclipse/jetty/jetty-util/9.4.53.v20231009/jetty-util-9.4.53.v20231009.jar:/home/runner/.m2/repository/org/eclipse/jetty/jetty-server/9.4.53.v20231009/jetty-server-9.4.53.v20231009.jar:/home/runner/.m2/repository/org/eclipse/jetty/jetty-http/9.4.53.v20231009/jetty-http-9.4.53.v20231009.jar:/home/runner/.m2/repository/org/eclipse/jetty/jetty-io/9.4.53.v20231009/jetty-io-9.4.53.v20231009.jar:/home/runner/.m2/repository/org/eclipse/jetty/jetty-servlet/9.4.53.v20231009/jetty-servlet-9.4.53.v20231009.jar:/home/runner/.m2/repository/org/eclipse/jetty/jetty-security/9.4.53.v20231009/jetty-security-9.4.53.v20231009.jar:/home/runner/.m2/repository/org/eclipse/jetty/jetty-util-ajax/9.4.53.v20231009/jetty-util-ajax-9.4.53.v20231009.jar:/home/runner/.m2/repository/org/eclipse/jetty/jetty-webapp/9.4.53.v20231009/jetty-webapp-9.4.53.v20231009.jar:/home/runner/.m2/repository/org/eclipse/jetty/jetty-xml/9.4.53.v20231009/jetty-xml-9.4.53.v20231009.jar:/home/runner/.m2/repository/org/apache/ratis/ratis-server/3.0.1/ratis-server-3.0.1.jar:/home/runner/.m2/repository/org/apache/ratis/ratis-thirdparty-misc/1.0.5/ratis-thirdparty-misc-1.0.5.jar:/home/runner/.m2/repository/org/apache/ratis/ratis-proto/3.0.1/ratis-proto-3.0.1.jar:/home/runner/.m2/repository/org/apache/ratis/ratis-common/3.0.1/ratis-common-3.0.1.jar:/home/runner/.m2/repository/org/apache/ratis/ratis-client/3.0.1/ratis-client-3.0.1.jar:/home/runner/.m2/repository/org/apache/ratis/ratis-server-api/3.0.1/ratis-server-api-3.0.1.jar:/home/runner/.m2/repository/org/apache/ratis/ratis-metrics-api/3.0.1/ratis-metrics-api-3.0.1.jar:/home/runner/.m2/repository/org/apache/ratis/ratis-metrics-dropwizard3/3.0.1/ratis-metrics-dropwizard3-3.0.1.jar:/home/runner/.m2/repository/io/prometheus/simpleclient_dropwizard/0.16.0/simpleclient_dropwizard-0.16.0.jar:/home/runner/.m2/repository/io/prometheus/simpleclient/0.16.0/simpleclient-0.16.0.jar:/home/runner/.m2/repository/io/prometheus/simpleclient_common/0.16.0/simpleclient_common-0.16.0.jar:/home/runner/.m2/repository/com/fasterxml/jackson/datatype/jackson-datatype-jsr310/2.13.4/jackson-datatype-jsr310-2.13.4.jar:/home/runner/.m2/repository/com/fasterxml/jackson/core/jackson-core/2.13.4/jackson-core-2.13.4.jar:/home/runner/.m2/repository/org/apache/ozone/rocksdb-checkpoint-differ/1.5.0-SNAPSHOT/rocksdb-checkpoint-differ-1.5.0-SNAPSHOT.jar:/home/runner/.m2/repository/org/jgrapht/jgrapht-core/1.0.1/jgrapht-core-1.0.1.jar:/home/runner/.m2/repository/org/jgrapht/jgrapht-ext/1.0.1/jgrapht-ext-1.0.1.jar:/home/runner/.m2/repository/org/tinyjee/jgraphx/jgraphx/2.0.0.1/jgraphx-2.0.0.1.jar:/home/runner/.m2/repository/jgraph/jgraph/5.13.0.0/jgraph-5.13.0.0.jar:/home/runner/.m2/repository/org/antlr/antlr4-runtime/4.5.3/antlr4-runtime-4.5.3.jar:/home/runner/.m2/repository/org/apache/ozone/ozone-manager/1.5.0-SNAPSHOT/ozone-manager-1.5.0-SNAPSHOT.jar:/home/runner/.m2/repository/org/aspectj/aspectjrt/1.9.7/aspectjrt-1.9.7.jar:/home/runner/.m2/repository/org/aspectj/aspectjweaver/1.9.7/aspectjweaver-1.9.7.jar:/home/runner/.m2/repository/org/apache/ozone/hdds-interface-client/1.5.0-SNAPSHOT/hdds-interface-client-1.5.0-SNAPSHOT.jar:/home/runner/.m2/repository/org/apache/hadoop/thirdparty/hadoop-shaded-protobuf_3_7/1.1.1/hadoop-shaded-protobuf_3_7-1.1.1.jar:/home/runner/.m2/repository/org/apache/ozone/ozone-interface-storage/1.5.0-SNAPSHOT/ozone-interface-storage-1.5.0-SNAPSHOT.jar:/home/runner/.m2/repository/org/reflections/reflections/0.9.11/reflections-0.9.11.jar:/home/runner/.m2/repository/com/sun/jersey/jersey-client/1.19.4/jersey-client-1.19.4.jar:/home/runner/.m2/repository/org/codehaus/jackson/jackson-core-asl/1.9.13/jackson-core-asl-1.9.13.jar:/home/runner/.m2/repository/org/codehaus/jackson/jackson-mapper-asl/1.9.13/jackson-mapper-asl-1.9.13.jar:/home/runner/.m2/repository/org/codehaus/jackson/jackson-jaxrs/1.9.13/jackson-jaxrs-1.9.13.jar:/home/runner/.m2/repository/org/apache/ranger/ranger-intg/2.3.0/ranger-intg-2.3.0.jar:/home/runner/.m2/repository/org/apache/ranger/ranger-plugins-common/2.3.0/ranger-plugins-common-2.3.0.jar:/home/runner/.m2/repository/commons-lang/commons-lang/2.6/commons-lang-2.6.jar:/home/runner/.m2/repository/org/apache/ranger/ranger-plugins-cred/2.3.0/ranger-plugins-cred-2.3.0.jar:/home/runner/.m2/repository/org/apache/ranger/ranger-plugins-audit/2.3.0/ranger-plugins-audit-2.3.0.jar:/home/runner/.m2/repository/org/eclipse/jetty/jetty-client/9.4.53.v20231009/jetty-client-9.4.53.v20231009.jar:/home/runner/.m2/repository/org/apache/httpcomponents/httpmime/4.5.6/httpmime-4.5.6.jar:/home/runner/.m2/repository/org/apache/httpcomponents/httpcore-nio/4.4.16/httpcore-nio-4.4.16.jar:/home/runner/.m2/repository/org/apache/httpcomponents/httpasyncclient/4.1.3/httpasyncclient-4.1.3.jar:/home/runner/.m2/repository/com/carrotsearch/hppc/0.8.0/hppc-0.8.0.jar:/home/runner/.m2/repository/org/apache/orc/orc-core/1.5.8/orc-core-1.5.8.jar:/home/runner/.m2/repository/net/java/dev/jna/jna/5.2.0/jna-5.2.0.jar:/home/runner/.m2/repository/net/java/dev/jna/jna-platform/5.2.0/jna-platform-5.2.0.jar:/home/runner/.m2/repository/com/kstruct/gethostname4j/0.0.2/gethostname4j-0.0.2.jar:/home/runner/.m2/repository/org/apache/ranger/ranger-plugin-classloader/2.3.0/ranger-plugin-classloader-2.3.0.jar:/home/runner/.m2/repository/org/apache/ozone/hdds-rocks-native/1.5.0-SNAPSHOT/hdds-rocks-native-1.5.0-SNAPSHOT.jar:/home/runner/.m2/repository/org/apache/hadoop/hadoop-minikdc/3.3.6/hadoop-minikdc-3.3.6.jar:/home/runner/.m2/repository/org/apache/kerby/kerb-simplekdc/1.0.1/kerb-simplekdc-1.0.1.jar:/home/runner/.m2/repository/org/apache/kerby/kerb-client/1.0.1/kerb-client-1.0.1.jar:/home/runner/.m2/repository/org/apache/kerby/kerby-config/1.0.1/kerby-config-1.0.1.jar:/home/runner/.m2/repository/org/apache/kerby/kerb-common/1.0.1/kerb-common-1.0.1.jar:/home/runner/.m2/repository/org/apache/kerby/kerb-crypto/1.0.1/kerb-crypto-1.0.1.jar:/home/runner/.m2/repository/org/apache/kerby/kerb-util/1.0.1/kerb-util-1.0.1.jar:/home/runner/.m2/repository/org/apache/kerby/token-provider/1.0.1/token-provider-1.0.1.jar:/home/runner/.m2/repository/org/apache/kerby/kerb-admin/1.0.1/kerb-admin-1.0.1.jar:/home/runner/.m2/repository/org/apache/kerby/kerb-server/1.0.1/kerb-server-1.0.1.jar:/home/runner/.m2/repository/org/apache/kerby/kerb-identity/1.0.1/kerb-identity-1.0.1.jar:/home/runner/.m2/repository/org/apache/kerby/kerby-xdr/1.0.1/kerby-xdr-1.0.1.jar:/home/runner/.m2/repository/org/apache/ozone/ozone-s3gateway/1.5.0-SNAPSHOT/ozone-s3gateway-1.5.0-SNAPSHOT.jar:/home/runner/.m2/repository/org/javassist/javassist/3.21.0-GA/javassist-3.21.0-GA.jar:/home/runner/.m2/repository/org/jboss/weld/servlet/weld-servlet-shaded/3.1.9.Final/weld-servlet-shaded-3.1.9.Final.jar:/home/runner/.m2/repository/org/glassfish/jersey/containers/jersey-container-servlet-core/2.41/jersey-container-servlet-core-2.41.jar:/home/runner/.m2/repository/org/glassfish/hk2/external/jakarta.inject/2.6.1/jakarta.inject-2.6.1.jar:/home/runner/.m2/repository/org/glassfish/jersey/core/jersey-common/2.41/jersey-common-2.41.jar:/home/runner/.m2/repository/jakarta/ws/rs/jakarta.ws.rs-api/2.1.6/jakarta.ws.rs-api-2.1.6.jar:/home/runner/.m2/repository/org/glassfish/jersey/ext/cdi/jersey-cdi1x/2.41/jersey-cdi1x-2.41.jar:/home/runner/.m2/repository/org/glassfish/jersey/inject/jersey-hk2/2.41/jersey-hk2-2.41.jar:/home/runner/.m2/repository/org/glassfish/hk2/hk2-locator/2.6.1/hk2-locator-2.6.1.jar:/home/runner/.m2/repository/org/glassfish/jersey/media/jersey-media-jaxb/2.41/jersey-media-jaxb-2.41.jar:/home/runner/.m2/repository/org/glassfish/hk2/osgi-resource-locator/1.0.3/osgi-resource-locator-1.0.3.jar:/home/runner/.m2/repository/org/glassfish/hk2/hk2-api/2.6.1/hk2-api-2.6.1.jar:/home/runner/.m2/repository/org/glassfish/hk2/hk2-utils/2.6.1/hk2-utils-2.6.1.jar:/home/runner/.m2/repository/org/glassfish/hk2/external/aopalliance-repackaged/2.6.1/aopalliance-repackaged-2.6.1.jar:/home/runner/.m2/repository/com/fasterxml/jackson/dataformat/jackson-dataformat-xml/2.13.4/jackson-dataformat-xml-2.13.4.jar:/home/runner/.m2/repository/org/codehaus/woodstox/stax2-api/4.2.2/stax2-api-4.2.2.jar:/home/runner/.m2/repository/com/fasterxml/woodstox/woodstox-core/5.4.0/woodstox-core-5.4.0.jar:/home/runner/.m2/repository/com/fasterxml/jackson/module/jackson-module-jaxb-annotations/2.13.4/jackson-module-jaxb-annotations-2.13.4.jar:/home/runner/.m2/repository/javax/enterprise/cdi-api/2.0/cdi-api-2.0.jar:/home/runner/.m2/repository/javax/el/javax.el-api/3.0.0/javax.el-api-3.0.0.jar:/home/runner/.m2/repository/javax/interceptor/javax.interceptor-api/1.2/javax.interceptor-api-1.2.jar:/home/runner/.m2/repository/javax/inject/javax.inject/1/javax.inject-1.jar:/home/runner/.m2/repository/jakarta/xml/bind/jakarta.xml.bind-api/2.3.3/jakarta.xml.bind-api-2.3.3.jar:/home/runner/.m2/repository/org/glassfish/jaxb/jaxb-runtime/2.3.9/jaxb-runtime-2.3.9.jar:/home/runner/.m2/repository/org/glassfish/jaxb/txw2/2.3.9/txw2-2.3.9.jar:/home/runner/.m2/repository/com/sun/istack/istack-commons-runtime/3.0.12/istack-commons-runtime-3.0.12.jar:/home/runner/.m2/repository/com/sun/activation/jakarta.activation/1.2.2/jakarta.activation-1.2.2.jar:/home/runner/.m2/repository/jakarta/activation/jakarta.activation-api/1.2.2/jakarta.activation-api-1.2.2.jar:/home/runner/.m2/repository/io/grpc/grpc-protobuf/1.58.0/grpc-protobuf-1.58.0.jar:/home/runner/.m2/repository/com/google/api/grpc/proto-google-common-protos/2.22.0/proto-google-common-protos-2.22.0.jar:/home/runner/.m2/repository/io/grpc/grpc-protobuf-lite/1.58.0/grpc-protobuf-lite-1.58.0.jar:/home/runner/.m2/repository/io/grpc/grpc-stub/1.58.0/grpc-stub-1.58.0.jar:/home/runner/.m2/repository/io/netty/netty-transport/4.1.100.Final/netty-transport-4.1.100.Final.jar:/home/runner/.m2/repository/io/netty/netty-resolver/4.1.100.Final/netty-resolver-4.1.100.Final.jar:/home/runner/.m2/repository/org/apache/ozone/ozone-csi/1.5.0-SNAPSHOT/ozone-csi-1.5.0-SNAPSHOT.jar:/home/runner/.m2/repository/com/google/protobuf/protobuf-java-util/3.19.6/protobuf-java-util-3.19.6.jar:/home/runner/.m2/repository/com/google/code/gson/gson/2.9.0/gson-2.9.0.jar:/home/runner/.m2/repository/org/apache/ozone/hdds-config/1.5.0-SNAPSHOT/hdds-config-1.5.0-SNAPSHOT.jar:/home/runner/.m2/repository/io/netty/netty-transport-native-epoll/4.1.100.Final/netty-transport-native-epoll-4.1.100.Final-linux-x86_64.jar:/home/runner/.m2/repository/io/netty/netty-transport-classes-epoll/4.1.100.Final/netty-transport-classes-epoll-4.1.100.Final.jar:/home/runner/.m2/repository/io/netty/netty-transport-native-unix-common/4.1.100.Final/netty-transport-native-unix-common-4.1.100.Final.jar:/home/runner/.m2/repository/org/apache/ozone/ozone-recon/1.5.0-SNAPSHOT/ozone-recon-1.5.0-SNAPSHOT.jar:/home/runner/.m2/repository/org/apache/ozone/ozone-reconcodegen/1.5.0-SNAPSHOT/ozone-reconcodegen-1.5.0-SNAPSHOT.jar:/home/runner/.m2/repository/com/google/inject/guice/5.1.0/guice-5.1.0.jar:/home/runner/.m2/repository/aopalliance/aopalliance/1.0/aopalliance-1.0.jar:/home/runner/.m2/repository/com/google/inject/extensions/guice-assistedinject/5.1.0/guice-assistedinject-5.1.0.jar:/home/runner/.m2/repository/com/google/inject/extensions/guice-servlet/5.1.0/guice-servlet-5.1.0.jar:/home/runner/.m2/repository/org/glassfish/jersey/containers/jersey-container-servlet/2.41/jersey-container-servlet-2.41.jar:/home/runner/.m2/repository/org/glassfish/hk2/guice-bridge/2.6.1/guice-bridge-2.6.1.jar:/home/runner/.m2/repository/org/glassfish/jersey/core/jersey-server/2.41/jersey-server-2.41.jar:/home/runner/.m2/repository/org/glassfish/jersey/core/jersey-client/2.41/jersey-client-2.41.jar:/home/runner/.m2/repository/jakarta/annotation/jakarta.annotation-api/1.3.5/jakarta.annotation-api-1.3.5.jar:/home/runner/.m2/repository/jakarta/validation/jakarta.validation-api/2.0.2/jakarta.validation-api-2.0.2.jar:/home/runner/.m2/repository/org/glassfish/jersey/media/jersey-media-json-jackson/2.41/jersey-media-json-jackson-2.41.jar:/home/runner/.m2/repository/org/glassfish/jersey/ext/jersey-entity-filtering/2.41/jersey-entity-filtering-2.41.jar:/home/runner/.m2/repository/org/jooq/jooq/3.11.10/jooq-3.11.10.jar:/home/runner/.m2/repository/org/jooq/jooq-meta/3.11.10/jooq-meta-3.11.10.jar:/home/runner/.m2/repository/org/jooq/jooq-codegen/3.11.10/jooq-codegen-3.11.10.jar:/home/runner/.m2/repository/com/jolbox/bonecp/0.8.0.RELEASE/bonecp-0.8.0.RELEASE.jar:/home/runner/.m2/repository/org/apache/derby/derby/10.14.2.0/derby-10.14.2.0.jar:/home/runner/.m2/repository/org/xerial/sqlite-jdbc/3.44.1.0/sqlite-jdbc-3.44.1.0.jar:/home/runner/.m2/repository/org/springframework/spring-jdbc/5.3.27/spring-jdbc-5.3.27.jar:/home/runner/.m2/repository/org/springframework/spring-beans/5.3.27/spring-beans-5.3.27.jar:/home/runner/.m2/repository/org/springframework/spring-core/5.3.27/spring-core-5.3.27.jar:/home/runner/.m2/repository/org/springframework/spring-tx/5.3.27/spring-tx-5.3.27.jar:/home/runner/.m2/repository/org/apache/ozone/ozone-client/1.5.0-SNAPSHOT/ozone-client-1.5.0-SNAPSHOT.jar:/home/runner/.m2/repository/org/apache/ozone/hdds-erasurecode/1.5.0-SNAPSHOT/hdds-erasurecode-1.5.0-SNAPSHOT.jar:/home/runner/.m2/repository/org/apache/ozone/ozone-filesystem/1.5.0-SNAPSHOT/ozone-filesystem-1.5.0-SNAPSHOT.jar:/home/runner/.m2/repository/org/apache/ozone/ozone-filesystem-common/1.5.0-SNAPSHOT/ozone-filesystem-common-1.5.0-SNAPSHOT.jar:/home/runner/.m2/repository/org/apache/ozone/ozone-tools/1.5.0-SNAPSHOT/ozone-tools-1.5.0-SNAPSHOT.jar:/home/runner/.m2/repository/com/amazonaws/aws-java-sdk-core/1.12.632/aws-java-sdk-core-1.12.632.jar:/home/runner/.m2/repository/org/apache/httpcomponents/httpclient/4.5.13/httpclient-4.5.13.jar:/home/runner/.m2/repository/org/apache/httpcomponents/httpcore/4.4.16/httpcore-4.4.16.jar:/home/runner/.m2/repository/software/amazon/ion/ion-java/1.0.2/ion-java-1.0.2.jar:/home/runner/.m2/repository/com/fasterxml/jackson/dataformat/jackson-dataformat-cbor/2.13.4/jackson-dataformat-cbor-2.13.4.jar:/home/runner/.m2/repository/joda-time/joda-time/2.12.5/joda-time-2.12.5.jar:/home/runner/.m2/repository/com/amazonaws/aws-java-sdk-s3/1.12.632/aws-java-sdk-s3-1.12.632.jar:/home/runner/.m2/repository/com/amazonaws/aws-java-sdk-kms/1.12.632/aws-java-sdk-kms-1.12.632.jar:/home/runner/.m2/repository/com/amazonaws/jmespath-java/1.12.632/jmespath-java-1.12.632.jar:/home/runner/.m2/repository/org/kohsuke/metainf-services/metainf-services/1.8/metainf-services-1.8.jar:/home/runner/.m2/repository/org/apache/ozone/hdds-tools/1.5.0-SNAPSHOT/hdds-tools-1.5.0-SNAPSHOT.jar:/home/runner/.m2/repository/org/apache/ratis/ratis-tools/3.0.1/ratis-tools-3.0.1.jar:/home/runner/.m2/repository/commons-cli/commons-cli/1.6.0/commons-cli-1.6.0.jar:/home/runner/.m2/repository/org/apache/commons/commons-lang3/3.14.0/commons-lang3-3.14.0.jar:/home/runner/.m2/repository/org/apache/ozone/ozone-manager/1.5.0-SNAPSHOT/ozone-manager-1.5.0-SNAPSHOT-tests.jar:/home/runner/.m2/repository/org/apache/ozone/hdds-common/1.5.0-SNAPSHOT/hdds-common-1.5.0-SNAPSHOT-tests.jar:/home/runner/.m2/repository/org/apache/ozone/hdds-hadoop-dependency-client/1.5.0-SNAPSHOT/hdds-hadoop-dependency-client-1.5.0-SNAPSHOT.jar:/home/runner/.m2/repository/info/picocli/picocli/4.7.5/picocli-4.7.5.jar:/home/runner/.m2/repository/com/fasterxml/jackson/core/jackson-annotations/2.13.4/jackson-annotations-2.13.4.jar:/home/runner/.m2/repository/org/apache/ozone/hdds-annotation-processing/1.5.0-SNAPSHOT/hdds-annotation-processing-1.5.0-SNAPSHOT.jar:/home/runner/.m2/repository/javax/annotation/javax.annotation-api/1.3.2/javax.annotation-api-1.3.2.jar:/home/runner/.m2/repository/org/apache/ratis/ratis-netty/3.0.1/ratis-netty-3.0.1.jar:/home/runner/.m2/repository/org/apache/ratis/ratis-grpc/3.0.1/ratis-grpc-3.0.1.jar:/home/runner/.m2/repository/org/apache/commons/commons-pool2/2.6.0/commons-pool2-2.6.0.jar:/home/runner/.m2/repository/org/bouncycastle/bcpkix-jdk15on/1.67/bcpkix-jdk15on-1.67.jar:/home/runner/.m2/repository/commons-validator/commons-validator/1.6/commons-validator-1.6.jar:/home/runner/.m2/repository/commons-beanutils/commons-beanutils/1.9.4/commons-beanutils-1.9.4.jar:/home/runner/.m2/repository/commons-digester/commons-digester/1.8.1/commons-digester-1.8.1.jar:/home/runner/.m2/repository/commons-collections/commons-collections/3.2.2/commons-collections-3.2.2.jar:/home/runner/.m2/repository/io/jaegertracing/jaeger-client/1.6.0/jaeger-client-1.6.0.jar:/home/runner/.m2/repository/io/jaegertracing/jaeger-thrift/1.6.0/jaeger-thrift-1.6.0.jar:/home/runner/.m2/repository/org/apache/thrift/libthrift/0.14.1/libthrift-0.14.1.jar:/home/runner/.m2/repository/io/jaegertracing/jaeger-core/1.6.0/jaeger-core-1.6.0.jar:/home/runner/.m2/repository/io/jaegertracing/jaeger-tracerresolver/1.6.0/jaeger-tracerresolver-1.6.0.jar:/home/runner/.m2/repository/io/opentracing/contrib/opentracing-tracerresolver/0.1.8/opentracing-tracerresolver-0.1.8.jar:/home/runner/.m2/repository/org/jetbrains/kotlin/kotlin-stdlib/1.9.22/kotlin-stdlib-1.9.22.jar:/home/runner/.m2/repository/org/jetbrains/annotations/13.0/annotations-13.0.jar:/home/runner/.m2/repository/io/opentracing/opentracing-util/0.33.0/opentracing-util-0.33.0.jar:/home/runner/.m2/repository/io/opentracing/opentracing-api/0.33.0/opentracing-api-0.33.0.jar:/home/runner/.m2/repository/io/opentracing/opentracing-noop/0.33.0/opentracing-noop-0.33.0.jar:/home/runner/.m2/repository/org/yaml/snakeyaml/2.0/snakeyaml-2.0.jar:/home/runner/.m2/repository/io/grpc/grpc-api/1.58.0/grpc-api-1.58.0.jar:/home/runner/.m2/repository/junit/junit/4.13.1/junit-4.13.1.jar:/home/runner/.m2/repository/org/junit/jupiter/junit-jupiter-engine/5.10.1/junit-jupiter-engine-5.10.1.jar:/home/runner/.m2/repository/org/junit/platform/junit-platform-engine/1.10.1/junit-platform-engine-1.10.1.jar:/home/runner/.m2/repository/org/apiguardian/apiguardian-api/1.1.2/apiguardian-api-1.1.2.jar:/home/runner/.m2/repository/org/junit/vintage/junit-vintage-engine/5.10.1/junit-vintage-engine-5.10.1.jar:/home/runner/.m2/repository/org/junit/platform/junit-platform-launcher/1.10.1/junit-platform-launcher-1.10.1.jar:/home/runner/.m2/repository/org/apache/hadoop/hadoop-kms/3.3.6/hadoop-kms-3.3.6.jar:/home/runner/.m2/repository/org/apache/hadoop/hadoop-auth/3.3.6/hadoop-auth-3.3.6.jar:/home/runner/.m2/repository/com/nimbusds/nimbus-jose-jwt/9.8.1/nimbus-jose-jwt-9.8.1.jar:/home/runner/.m2/repository/com/github/stephenc/jcip/jcip-annotations/1.0-1/jcip-annotations-1.0-1.jar:/home/runner/.m2/repository/org/apache/zookeeper/zookeeper/3.7.2/zookeeper-3.7.2.jar:/home/runner/.m2/repository/org/apache/zookeeper/zookeeper-jute/3.7.2/zookeeper-jute-3.7.2.jar:/home/runner/.m2/repository/org/apache/yetus/audience-annotations/0.12.0/audience-annotations-0.12.0.jar:/home/runner/.m2/repository/org/apache/curator/curator-framework/4.2.0/curator-framework-4.2.0.jar:/home/runner/.m2/repository/org/apache/hadoop/thirdparty/hadoop-shaded-guava/1.1.1/hadoop-shaded-guava-1.1.1.jar:/home/runner/.m2/repository/com/sun/jersey/jersey-core/1.19.4/jersey-core-1.19.4.jar:/home/runner/.m2/repository/javax/ws/rs/jsr311-api/1.1.1/jsr311-api-1.1.1.jar:/home/runner/.m2/repository/com/sun/jersey/jersey-server/1.19.4/jersey-server-1.19.4.jar:/home/runner/.m2/repository/javax/servlet/javax.servlet-api/3.1.0/javax.servlet-api-3.1.0.jar:/home/runner/.m2/repository/org/apache/hadoop/hadoop-common/3.3.6/hadoop-common-3.3.6.jar:/home/runner/.m2/repository/org/apache/commons/commons-math3/3.1.1/commons-math3-3.1.1.jar:/home/runner/.m2/repository/commons-net/commons-net/3.10.0/commons-net-3.10.0.jar:/home/runner/.m2/repository/com/sun/jersey/jersey-servlet/1.19.4/jersey-servlet-1.19.4.jar:/home/runner/.m2/repository/com/github/pjfanning/jersey-json/1.20/jersey-json-1.20.jar:/home/runner/.m2/repository/org/codehaus/jettison/jettison/1.1/jettison-1.1.jar:/home/runner/.m2/repository/com/sun/xml/bind/jaxb-impl/2.2.3-1/jaxb-impl-2.2.3-1.jar:/home/runner/.m2/repository/com/google/re2j/re2j/1.1/re2j-1.1.jar:/home/runner/.m2/repository/com/jcraft/jsch/0.1.54/jsch-0.1.54.jar:/home/runner/.m2/repository/org/apache/curator/curator-client/4.2.0/curator-client-4.2.0.jar:/home/runner/.m2/repository/org/apache/curator/curator-recipes/5.2.0/curator-recipes-5.2.0.jar:/home/runner/.m2/repository/org/apache/kerby/kerb-core/1.0.1/kerb-core-1.0.1.jar:/home/runner/.m2/repository/org/apache/kerby/kerby-pkix/1.0.1/kerby-pkix-1.0.1.jar:/home/runner/.m2/repository/org/apache/kerby/kerby-asn1/1.0.1/kerby-asn1-1.0.1.jar:/home/runner/.m2/repository/org/apache/kerby/kerby-util/1.0.1/kerby-util-1.0.1.jar:/home/runner/.m2/repository/dnsjava/dnsjava/2.1.7/dnsjava-2.1.7.jar:/home/runner/.m2/repository/org/xerial/snappy/snappy-java/1.1.8.2/snappy-java-1.1.8.2.jar:/home/runner/.m2/repository/com/fasterxml/jackson/core/jackson-databind/2.13.4.2/jackson-databind-2.13.4.2.jar:/home/runner/.m2/repository/org/apache/hadoop/hadoop-kms/3.3.6/hadoop-kms-3.3.6-tests.jar:/home/runner/.m2/repository/org/apache/ozone/hdds-server-scm/1.5.0-SNAPSHOT/hdds-server-scm-1.5.0-SNAPSHOT-tests.jar:/home/runner/.m2/repository/org/apache/ozone/hdds-container-service/1.5.0-SNAPSHOT/hdds-container-service-1.5.0-SNAPSHOT-tests.jar:/home/runner/.m2/repository/com/github/luben/zstd-jni/1.5.2-5/zstd-jni-1.5.2-5.jar:/home/runner/.m2/repository/commons-codec/commons-codec/1.15/commons-codec-1.15.jar:/home/runner/.m2/repository/io/netty/netty-codec/4.1.100.Final/netty-codec-4.1.100.Final.jar:/home/runner/.m2/repository/io/netty/netty-handler/4.1.100.Final/netty-handler-4.1.100.Final.jar:/home/runner/.m2/repository/org/apache/ozone/hdds-hadoop-dependency-test/1.5.0-SNAPSHOT/hdds-hadoop-dependency-test-1.5.0-SNAPSHOT.jar:/home/runner/.m2/repository/org/apache/hadoop/hadoop-common/3.3.6/hadoop-common-3.3.6-tests.jar:/home/runner/.m2/repository/org/apache/hadoop/hadoop-hdfs/3.3.6/hadoop-hdfs-3.3.6-tests.jar:/home/runner/.m2/repository/org/junit/jupiter/junit-jupiter-params/5.10.1/junit-jupiter-params-5.10.1.jar:/home/runner/.m2/repository/org/mockito/mockito-core/4.11.0/mockito-core-4.11.0.jar:/home/runner/.m2/repository/net/bytebuddy/byte-buddy/1.12.19/byte-buddy-1.12.19.jar:/home/runner/.m2/repository/net/bytebuddy/byte-buddy-agent/1.12.19/byte-buddy-agent-1.12.19.jar:/home/runner/.m2/repository/org/objenesis/objenesis/1.0/objenesis-1.0.jar:/home/runner/.m2/repository/org/mockito/mockito-junit-jupiter/4.11.0/mockito-junit-jupiter-4.11.0.jar:/home/runner/.m2/repository/org/apache/hadoop/hadoop-distcp/3.3.6/hadoop-distcp-3.3.6.jar:/home/runner/.m2/repository/org/apache/hadoop/hadoop-mapreduce-client-jobclient/3.3.6/hadoop-mapreduce-client-jobclient-3.3.6.jar:/home/runner/.m2/repository/org/apache/hadoop/hadoop-mapreduce-client-common/3.3.6/hadoop-mapreduce-client-common-3.3.6.jar:/home/runner/.m2/repository/org/apache/hadoop/hadoop-yarn-common/3.3.6/hadoop-yarn-common-3.3.6.jar:/home/runner/.m2/repository/org/apache/hadoop/hadoop-yarn-api/3.3.6/hadoop-yarn-api-3.3.6.jar:/home/runner/.m2/repository/javax/xml/bind/jaxb-api/2.2.11/jaxb-api-2.2.11.jar:/home/runner/.m2/repository/com/sun/jersey/contribs/jersey-guice/1.19.4/jersey-guice-1.19.4.jar:/home/runner/.m2/repository/com/fasterxml/jackson/jaxrs/jackson-jaxrs-json-provider/2.13.4/jackson-jaxrs-json-provider-2.13.4.jar:/home/runner/.m2/repository/com/fasterxml/jackson/jaxrs/jackson-jaxrs-base/2.13.4/jackson-jaxrs-base-2.13.4.jar:/home/runner/.m2/repository/org/apache/hadoop/hadoop-yarn-client/3.3.6/hadoop-yarn-client-3.3.6.jar:/home/runner/.m2/repository/org/eclipse/jetty/websocket/websocket-client/9.4.51.v20230217/websocket-client-9.4.51.v20230217.jar:/home/runner/.m2/repository/org/eclipse/jetty/websocket/websocket-common/9.4.51.v20230217/websocket-common-9.4.51.v20230217.jar:/home/runner/.m2/repository/org/eclipse/jetty/websocket/websocket-api/9.4.51.v20230217/websocket-api-9.4.51.v20230217.jar:/home/runner/.m2/repository/org/jline/jline/3.9.0/jline-3.9.0.jar:/home/runner/.m2/repository/org/apache/hadoop/hadoop-mapreduce-client-core/3.3.6/hadoop-mapreduce-client-core-3.3.6.jar:/home/runner/.m2/repository/org/apache/avro/avro/1.7.7/avro-1.7.7.jar:/home/runner/.m2/repository/com/thoughtworks/paranamer/paranamer/2.3/paranamer-2.3.jar:/home/runner/.m2/repository/org/apache/hadoop/hadoop-annotations/3.3.6/hadoop-annotations-3.3.6.jar:/usr/lib/jvm/temurin-8-jdk-amd64/jre/../lib/tools.jar:/home/runner/.m2/repository/io/netty/netty/3.10.6.Final/netty-3.10.6.Final.jar:/home/runner/.m2/repository/org/apache/hadoop/hadoop-distcp/3.3.6/hadoop-distcp-3.3.6-tests.jar:/home/runner/.m2/repository/org/hamcrest/hamcrest/2.2/hamcrest-2.2.jar:/home/runner/.m2/repository/org/slf4j/jul-to-slf4j/2.0.10/jul-to-slf4j-2.0.10.jar:/home/runner/work/ozone/ozone/hadoop-ozone/integration-test/target/gradle-enterprise/test-listeners.jar:"/>
    <property name="sun.cpu.endian" value="little"/>
    <property name="user.home" value="/home/runner"/>
    <property name="user.language" value="en"/>
    <property name="java.specification.vendor" value="Oracle Corporation"/>
    <property name="java.home" value="/usr/lib/jvm/temurin-8-jdk-amd64/jre"/>
    <property name="java.security.krb5.conf" value="/home/runner/work/ozone/ozone/hadoop-ozone/integration-test/target/test-classes/krb5.conf"/>
    <property name="file.separator" value="/"/>
    <property name="basedir" value="/home/runner/work/ozone/ozone/hadoop-ozone/integration-test"/>
    <property name="line.separator" value="&#10;"/>
    <property name="java.vm.specification.vendor" value="Oracle Corporation"/>
    <property name="java.specification.name" value="Java Platform API Specification"/>
    <property name="skip.installnpx" value="true"/>
    <property name="java.awt.graphicsenv" value="sun.awt.X11GraphicsEnvironment"/>
    <property name="surefire.fork.timeout" value="3600"/>
    <property name="surefire.real.class.path" value="/home/runner/work/ozone/ozone/hadoop-ozone/integration-test/target/surefire/surefirebooter-20240118205657317_77.jar:/home/runner/.m2/repository/org/jacoco/org.jacoco.agent/0.8.5/org.jacoco.agent-0.8.5-runtime.jar"/>
    <property name="sun.boot.class.path" value="/usr/lib/jvm/temurin-8-jdk-amd64/jre/lib/resources.jar:/usr/lib/jvm/temurin-8-jdk-amd64/jre/lib/rt.jar:/usr/lib/jvm/temurin-8-jdk-amd64/jre/lib/sunrsasign.jar:/usr/lib/jvm/temurin-8-jdk-amd64/jre/lib/jsse.jar:/usr/lib/jvm/temurin-8-jdk-amd64/jre/lib/jce.jar:/usr/lib/jvm/temurin-8-jdk-amd64/jre/lib/charsets.jar:/usr/lib/jvm/temurin-8-jdk-amd64/jre/lib/jfr.jar:/usr/lib/jvm/temurin-8-jdk-amd64/jre/classes"/>
    <property name="hadoop.log.dir" value="/home/runner/work/ozone/ozone/hadoop-ozone/integration-test/target/log"/>
    <property name="sun.management.compiler" value="HotSpot 64-Bit Tiered Compilers"/>
    <property name="java.runtime.version" value="1.8.0_392-b08"/>
    <property name="skip.npx" value="true"/>
    <property name="user.name" value="runner"/>
    <property name="java.net.preferIPv4Stack" value="true"/>
    <property name="path.separator" value=":"/>
    <property name="java.security.egd" value="file:///dev/urandom"/>
    <property name="os.version" value="5.15.0-1053-azure"/>
    <property name="java.endorsed.dirs" value="/usr/lib/jvm/temurin-8-jdk-amd64/jre/lib/endorsed"/>
    <property name="java.runtime.name" value="OpenJDK Runtime Environment"/>
    <property name="com.gradle.maven.scan.extension.test.listener.junitplatform.NestedExecutionSafeDelegatingTestExecutionListener" value="58c68a4f"/>
    <property name="file.encoding" value="UTF-8"/>
    <property name="java.vm.name" value="OpenJDK 64-Bit Server VM"/>
    <property name="test.build.webapps" value=""/>
    <property name="localRepository" value="/home/runner/.m2/repository"/>
    <property name="gradle.enterprise.listener.port" value="34135"/>
    <property name="jetty.git.hash" value="27bde00a0b95a1d5bbee0eae7984f891d2d0f8c9"/>
    <property name="java.vendor.url.bug" value="https://github.com/adoptium/adoptium-support/issues"/>
    <property name="require.test.libhadoop" value=""/>
    <property name="java.io.tmpdir" value="/tmp"/>
    <property name="java.version" value="1.8.0_392"/>
    <property name="surefire.rerunFailingTestsCount" value="5"/>
    <property name="user.dir" value="/home/runner/work/ozone/ozone/hadoop-ozone/integration-test"/>
    <property name="os.arch" value="amd64"/>
    <property name="test.build.classes" value="/home/runner/work/ozone/ozone/hadoop-ozone/integration-test/target/test-classes"/>
    <property name="java.vm.specification.name" value="Java Virtual Machine Specification"/>
    <property name="java.awt.printerjob" value="sun.print.PSPrinterJob"/>
    <property name="sun.os.patch.level" value="unknown"/>
    <property name="org.apache.ratis.thirdparty.io.netty.allocator.useCacheForAllThreads" value="false"/>
    <property name="hadoop.tmp.dir" value="/home/runner/work/ozone/ozone/hadoop-ozone/integration-test/target/tmp"/>
    <property name="java.library.path" value="/usr/java/packages/lib/amd64:/usr/lib64:/lib64:/lib:/usr/lib"/>
    <property name="java.vendor" value="Temurin"/>
    <property name="java.vm.info" value="mixed mode"/>
    <property name="java.vm.version" value="25.392-b08"/>
    <property name="java.specification.maintenance.version" value="5"/>
    <property name="sun.io.unicode.encoding" value="UnicodeLittle"/>
    <property name="java.ext.dirs" value="/usr/lib/jvm/temurin-8-jdk-amd64/jre/lib/ext:/usr/java/packages/lib/ext"/>
    <property name="java.class.version" value="52.0"/>
  </properties>
  <testcase name="testWatchForCommitWithKeyWrite" classname="org.apache.hadoop.ozone.client.rpc.TestWatchForCommit" time="42.547"/>
  <testcase name="testWatchForCommitForRetryfailure" classname="org.apache.hadoop.ozone.client.rpc.TestWatchForCommit" time="48.547">
    <flakyFailure message="&#10;Expecting:&#10; &lt;&quot;org.apache.ratis.protocol.exceptions.RaftRetryFailureException: Failed RaftClientRequest:client-414344E17920-&gt;32a26d97-b348-45bd-baf8-7e50e45a1152@group-DFF2D486F62C, cid=47, seq=null, Watch-MAJORITY_COMMITTED(100), null for 3 attempts with RequestTypeDependentRetryPolicy{WRITE-&gt;ExceptionDependentRetry(maxAttempts=2147483647; defaultPolicy=MultipleLinearRandomRetry[5x5s, 5x10s, 5x15s, 5x20s, 5x25s, 10x60s]; map={org.apache.ratis.protocol.exceptions.GroupMismatchException-&gt;NoRetry, org.apache.ratis.protocol.exceptions.NotReplicatedException-&gt;NoRetry, org.apache.ratis.protocol.exceptions.ResourceUnavailableException-&gt;org.apache.ratis.retry.ExponentialBackoffRetry@76353a91, org.apache.ratis.protocol.exceptions.StateMachineException-&gt;NoRetry, org.apache.ratis.protocol.exceptions.TimeoutIOException-&gt;org.apache.ratis.retry.ExponentialBackoffRetry@76353a91}), WATCH-&gt;ExceptionDependentRetry(maxAttempts=2147483647; defaultPolicy=MultipleLinearRandomRetry[5x5s, 5x10s, 5x15s, 5x20s, 5x25s, 10x60s]; map={org.apache.ratis.protocol.exceptions.GroupMismatchException-&gt;NoRetry, org.apache.ratis.protocol.exceptions.NotReplicatedException-&gt;NoRetry, org.apache.ratis.protocol.exceptions.ResourceUnavailableException-&gt;org.apache.ratis.retry.ExponentialBackoffRetry@76353a91, org.apache.ratis.protocol.exceptions.StateMachineException-&gt;NoRetry, org.apache.ratis.protocol.exceptions.TimeoutIOException-&gt;NoRetry})}&quot;&gt;&#10;not to contain:&#10; &lt;&quot;Watch-MAJORITY_COMMITTED&quot;&gt;&#10;" type="java.lang.AssertionError">
      <stackTrace><![CDATA[java.lang.AssertionError: 

Expecting:
 <"org.apache.ratis.protocol.exceptions.RaftRetryFailureException: Failed RaftClientRequest:client-414344E17920->32a26d97-b348-45bd-baf8-7e50e45a1152@group-DFF2D486F62C, cid=47, seq=null, Watch-MAJORITY_COMMITTED(100), null for 3 attempts with RequestTypeDependentRetryPolicy{WRITE->ExceptionDependentRetry(maxAttempts=2147483647; defaultPolicy=MultipleLinearRandomRetry[5x5s, 5x10s, 5x15s, 5x20s, 5x25s, 10x60s]; map={org.apache.ratis.protocol.exceptions.GroupMismatchException->NoRetry, org.apache.ratis.protocol.exceptions.NotReplicatedException->NoRetry, org.apache.ratis.protocol.exceptions.ResourceUnavailableException->org.apache.ratis.retry.ExponentialBackoffRetry@76353a91, org.apache.ratis.protocol.exceptions.StateMachineException->NoRetry, org.apache.ratis.protocol.exceptions.TimeoutIOException->org.apache.ratis.retry.ExponentialBackoffRetry@76353a91}), WATCH->ExceptionDependentRetry(maxAttempts=2147483647; defaultPolicy=MultipleLinearRandomRetry[5x5s, 5x10s, 5x15s, 5x20s, 5x25s, 10x60s]; map={org.apache.ratis.protocol.exceptions.GroupMismatchException->NoRetry, org.apache.ratis.protocol.exceptions.NotReplicatedException->NoRetry, org.apache.ratis.protocol.exceptions.ResourceUnavailableException->org.apache.ratis.retry.ExponentialBackoffRetry@76353a91, org.apache.ratis.protocol.exceptions.StateMachineException->NoRetry, org.apache.ratis.protocol.exceptions.TimeoutIOException->NoRetry})}">
not to contain:
 <"Watch-MAJORITY_COMMITTED">

	at org.apache.hadoop.ozone.client.rpc.TestWatchForCommit.testWatchForCommitForRetryfailure(TestWatchForCommit.java:295)
	at java.lang.reflect.Method.invoke(Method.java:498)
	at java.util.ArrayList.forEach(ArrayList.java:1259)
	at java.util.ArrayList.forEach(ArrayList.java:1259)
]]></stackTrace>
      <system-out><![CDATA[2024-01-18 21:13:52,247 [main] WARN  server.ServerUtils (ServerUtils.java:getScmDbDir(155)) - ozone.scm.db.dirs is not configured. We recommend adding this setting. Falling back to ozone.metadata.dirs instead.
2024-01-18 21:13:52,250 [main] WARN  server.ServerUtils (ServerUtils.java:getScmDbDir(155)) - ozone.scm.db.dirs is not configured. We recommend adding this setting. Falling back to ozone.metadata.dirs instead.
2024-01-18 21:13:52,251 [main] INFO  ha.SCMHANodeDetails (SCMHANodeDetails.java:loadSCMHAConfig(207)) - ServiceID for StorageContainerManager is null
2024-01-18 21:13:52,251 [main] INFO  ha.SCMHANodeDetails (SCMHANodeDetails.java:loadSCMHAConfig(212)) - ozone.scm.default.service.id is not defined, falling back to ozone.scm.service.ids to find serviceID for StorageContainerManager if it is HA enabled cluster
2024-01-18 21:13:52,252 [main] WARN  utils.HAUtils (HAUtils.java:getMetaDir(339)) - ozone.scm.db.dirs is not configured. We recommend adding this setting. Falling back to ozone.metadata.dirs instead.
2024-01-18 21:13:52,253 [main] WARN  db.DBStoreBuilder (DBStoreBuilder.java:applyDBDefinition(167)) - ozone.scm.db.dirs is not configured. We recommend adding this setting. Falling back to ozone.metadata.dirs instead.
2024-01-18 21:13:52,332 [main] INFO  net.NodeSchemaLoader (NodeSchemaLoader.java:loadSchemaFromFile(129)) - Loading schema from [jar:file:/home/runner/.m2/repository/org/apache/ozone/hdds-common/1.5.0-SNAPSHOT/hdds-common-1.5.0-SNAPSHOT.jar!/network-topology-default.xml]
2024-01-18 21:13:52,333 [main] INFO  net.NodeSchemaLoader (NodeSchemaLoader.java:loadSchema(176)) - Loading network topology layer schema file
2024-01-18 21:13:52,335 [main] INFO  upgrade.AbstractLayoutVersionManager (AbstractLayoutVersionManager.java:init(83)) - Initializing Layout version manager with metadata layout = HADOOP_PRC_PORTS_IN_DATANODEDETAILS (version = 7), software layout = HADOOP_PRC_PORTS_IN_DATANODEDETAILS (version = 7)
2024-01-18 21:13:52,336 [main] INFO  ha.SequenceIdGenerator (SequenceIdGenerator.java:upgradeToSequenceId(370)) - upgrade localId to 113750153625600000
2024-01-18 21:13:52,337 [main] INFO  ha.SequenceIdGenerator (SequenceIdGenerator.java:upgradeToSequenceId(380)) - upgrade delTxnId to 0
2024-01-18 21:13:52,338 [main] INFO  ha.SequenceIdGenerator (SequenceIdGenerator.java:upgradeToSequenceId(397)) - upgrade containerId to 0
2024-01-18 21:13:52,340 [main] INFO  ha.SequenceIdGenerator (SequenceIdGenerator.java:upgradeToCertificateSequenceId(444)) - upgrade CertificateId to 2
2024-01-18 21:13:52,341 [main] INFO  ha.SequenceIdGenerator (SequenceIdGenerator.java:<init>(241)) - Init the HA SequenceIdGenerator.
2024-01-18 21:13:52,341 [main] INFO  node.SCMNodeManager (SCMNodeManager.java:<init>(173)) - Entering startup safe mode.
2024-01-18 21:13:52,342 [main] INFO  algorithms.ContainerPlacementPolicyFactory (ContainerPlacementPolicyFactory.java:getPolicyInternal(86)) - Create container placement policy of type org.apache.hadoop.hdds.scm.container.placement.algorithms.SCMContainerPlacementRackAware
2024-01-18 21:13:52,342 [main] INFO  algorithms.ContainerPlacementPolicyFactory (ContainerPlacementPolicyFactory.java:getPolicyInternal(86)) - Create container placement policy of type org.apache.hadoop.hdds.scm.container.placement.algorithms.SCMContainerPlacementRackScatter
2024-01-18 21:13:52,342 [main] INFO  pipeline.PipelineStateManagerImpl (PipelineStateManagerImpl.java:initialize(78)) - No pipeline exists in current db
2024-01-18 21:13:52,343 [main] INFO  algorithms.LeaderChoosePolicyFactory (LeaderChoosePolicyFactory.java:getPolicy(57)) - Create leader choose policy of type org.apache.hadoop.hdds.scm.pipeline.leader.choose.algorithms.MinLeaderCountChoosePolicy
2024-01-18 21:13:52,343 [main] INFO  algorithms.ContainerPlacementPolicyFactory (ContainerPlacementPolicyFactory.java:getPolicyInternal(86)) - Create container placement policy of type org.apache.hadoop.hdds.scm.container.placement.algorithms.SCMContainerPlacementRackScatter
2024-01-18 21:13:52,343 [main] INFO  ha.SCMServiceManager (SCMServiceManager.java:register(42)) - Registering service BackgroundPipelineCreator.
2024-01-18 21:13:52,343 [main] INFO  pipeline.BackgroundPipelineCreator (BackgroundPipelineCreator.java:start(127)) - Starting RatisPipelineUtilsThread.
2024-01-18 21:13:52,344 [main] INFO  BackgroundPipelineScrubber (BackgroundSCMService.java:start(68)) - Starting BackgroundPipelineScrubber Service.
2024-01-18 21:13:52,344 [main] INFO  ha.SCMServiceManager (SCMServiceManager.java:register(42)) - Registering service BackgroundPipelineScrubber.
2024-01-18 21:13:52,344 [main] INFO  ExpiredContainerReplicaOpScrubber (BackgroundSCMService.java:start(68)) - Starting ExpiredContainerReplicaOpScrubber Service.
2024-01-18 21:13:52,344 [main] INFO  ha.SCMServiceManager (SCMServiceManager.java:register(42)) - Registering service ExpiredContainerReplicaOpScrubber.
2024-01-18 21:13:52,345 [main] INFO  algorithms.PipelineChoosePolicyFactory (PipelineChoosePolicyFactory.java:createPipelineChoosePolicyFromClass(78)) - Create pipeline choose policy of type org.apache.hadoop.hdds.scm.pipeline.choose.algorithms.RandomPipelineChoosePolicy
2024-01-18 21:13:52,346 [main] INFO  algorithms.PipelineChoosePolicyFactory (PipelineChoosePolicyFactory.java:createPipelineChoosePolicyFromClass(78)) - Create pipeline choose policy of type org.apache.hadoop.hdds.scm.pipeline.choose.algorithms.RandomPipelineChoosePolicy
2024-01-18 21:13:52,346 [main] INFO  ha.SCMServiceManager (SCMServiceManager.java:register(42)) - Registering service SCMBlockDeletingService.
2024-01-18 21:13:52,347 [main] INFO  replication.ReplicationManager (ReplicationManager.java:start(294)) - Starting Replication Monitor Thread.
2024-01-18 21:13:52,352 [main] INFO  ha.SCMServiceManager (SCMServiceManager.java:register(42)) - Registering service ReplicationManager.
2024-01-18 21:13:52,352 [ReplicationMonitor] INFO  replication.ReplicationManager (ReplicationManager.java:processAll(369)) - Replication Manager is not ready to run until 3000ms after safemode exit
2024-01-18 21:13:52,352 [main] INFO  safemode.ContainerSafeModeRule (ContainerSafeModeRule.java:<init>(91)) - containers with one replica threshold count 0
2024-01-18 21:13:52,353 [main] INFO  safemode.HealthyPipelineSafeModeRule (HealthyPipelineSafeModeRule.java:initializeRule(176)) - Total pipeline count is 0, healthy pipeline threshold count is 1
2024-01-18 21:13:52,353 [main] INFO  safemode.OneReplicaPipelineSafeModeRule (OneReplicaPipelineSafeModeRule.java:initializeRule(193)) - Total pipeline count is 0, pipeline's with at least one datanode reported threshold count is 0
2024-01-18 21:13:52,353 [main] INFO  server.StorageContainerManager (StorageContainerManager.java:<init>(440)) - SCM start with adminUsers: [runner]
2024-01-18 21:13:52,354 [main] INFO  ipc.CallQueueManager (CallQueueManager.java:<init>(90)) - Using callQueue: class java.util.concurrent.LinkedBlockingQueue, queueCapacity: 10000, scheduler: class org.apache.hadoop.ipc.DefaultRpcScheduler, ipcBackoff: false.
2024-01-18 21:13:52,354 [main] INFO  ipc.Server (Server.java:<init>(1287)) - Listener at 0.0.0.0:15091
2024-01-18 21:13:52,354 [Socket Reader #1 for port 15091] INFO  ipc.Server (Server.java:run(1323)) - Starting Socket Reader #1 for port 15091
2024-01-18 21:13:52,355 [main] INFO  ipc.CallQueueManager (CallQueueManager.java:<init>(90)) - Using callQueue: class java.util.concurrent.LinkedBlockingQueue, queueCapacity: 10000, scheduler: class org.apache.hadoop.ipc.DefaultRpcScheduler, ipcBackoff: false.
2024-01-18 21:13:52,355 [main] INFO  ipc.Server (Server.java:<init>(1287)) - Listener at 0.0.0.0:15090
2024-01-18 21:13:52,356 [Socket Reader #1 for port 15090] INFO  ipc.Server (Server.java:run(1323)) - Starting Socket Reader #1 for port 15090
2024-01-18 21:13:52,357 [main] INFO  ipc.CallQueueManager (CallQueueManager.java:<init>(90)) - Using callQueue: class java.util.concurrent.LinkedBlockingQueue, queueCapacity: 10000, scheduler: class org.apache.hadoop.ipc.DefaultRpcScheduler, ipcBackoff: false.
2024-01-18 21:13:52,357 [main] INFO  ipc.Server (Server.java:<init>(1287)) - Listener at 0.0.0.0:15089
2024-01-18 21:13:52,357 [Socket Reader #1 for port 15089] INFO  ipc.Server (Server.java:run(1323)) - Starting Socket Reader #1 for port 15089
2024-01-18 21:13:52,362 [main] INFO  ha.SCMServiceManager (SCMServiceManager.java:register(42)) - Registering service ContainerBalancer.
2024-01-18 21:13:52,363 [main] INFO  server.StorageContainerManager (StorageContainerManager.java:<init>(453)) - 
Container Balancer status:
Key                            Value
Running                        false
Container Balancer Configuration values:
Key                                                Value
Threshold                                          10
Max Datanodes to Involve per Iteration(percent)    20
Max Size to Move per Iteration                     500GB
Max Size Entering Target per Iteration             26GB
Max Size Leaving Source per Iteration              26GB
Number of Iterations                               10
Time Limit for Single Container's Movement         65min
Time Limit for Single Container's Replication      50min
Interval between each Iteration                    70min
Whether to Enable Network Topology                 false
Whether to Trigger Refresh Datanode Usage Info     false
Container IDs to Exclude from Balancing            None
Datanodes Specified to be Balanced                 None
Datanodes Excluded from Balancing                  None

2024-01-18 21:13:52,363 [main] INFO  ha.SCMContext (SCMContext.java:updateSafeModeStatus(230)) - Update SafeModeStatus from SafeModeStatus{safeModeStatus=true, preCheckPassed=false} to SafeModeStatus{safeModeStatus=true, preCheckPassed=false}.
2024-01-18 21:13:52,363 [main] INFO  server.StorageContainerManager (StorageContainerManager.java:start(1546)) - StorageContainerLocationProtocol RPC server is listening at /0.0.0.0:15089
2024-01-18 21:13:52,365 [main] WARN  impl.MetricsConfig (MetricsConfig.java:loadFirst(136)) - Cannot locate configuration: tried hadoop-metrics2-storagecontainermanager.properties,hadoop-metrics2.properties
2024-01-18 21:13:52,365 [main] INFO  impl.MetricsSystemImpl (MetricsSystemImpl.java:startTimer(378)) - Scheduled Metric snapshot period at 10 second(s).
2024-01-18 21:13:52,365 [main] INFO  impl.MetricsSystemImpl (MetricsSystemImpl.java:start(191)) - StorageContainerManager metrics system started
2024-01-18 21:13:52,370 [main] INFO  impl.MetricsSinkAdapter (MetricsSinkAdapter.java:start(204)) - Sink prometheus started
2024-01-18 21:13:52,370 [main] INFO  impl.MetricsSystemImpl (MetricsSystemImpl.java:registerSink(305)) - Registered sink prometheus
2024-01-18 21:13:52,405 [main] INFO  server.SCMClientProtocolServer (SCMClientProtocolServer.java:start(202)) - RPC server for Client  is listening at /0.0.0.0:15089
2024-01-18 21:13:52,405 [IPC Server Responder] INFO  ipc.Server (Server.java:run(1562)) - IPC Server Responder: starting
2024-01-18 21:13:52,405 [IPC Server listener on 15089] INFO  ipc.Server (Server.java:run(1402)) - IPC Server listener on 15089: starting
2024-01-18 21:13:52,414 [main] INFO  server.StorageContainerManager (StorageContainerManager.java:start(1559)) - ScmBlockLocationProtocol RPC server is listening at /0.0.0.0:15090
2024-01-18 21:13:52,414 [main] INFO  server.SCMBlockProtocolServer (SCMBlockProtocolServer.java:start(160)) - RPC server for Block Protocol is listening at /0.0.0.0:15090
2024-01-18 21:13:52,415 [IPC Server Responder] INFO  ipc.Server (Server.java:run(1562)) - IPC Server Responder: starting
2024-01-18 21:13:52,415 [IPC Server listener on 15090] INFO  ipc.Server (Server.java:run(1402)) - IPC Server listener on 15090: starting
2024-01-18 21:13:52,423 [main] INFO  server.SCMDatanodeProtocolServer (SCMDatanodeProtocolServer.java:start(194)) - ScmDatanodeProtocol RPC server for DataNodes is listening at /0.0.0.0:15091
2024-01-18 21:13:52,423 [IPC Server Responder] INFO  ipc.Server (Server.java:run(1562)) - IPC Server Responder: starting
2024-01-18 21:13:52,423 [IPC Server listener on 15091] INFO  ipc.Server (Server.java:run(1402)) - IPC Server listener on 15091: starting
2024-01-18 21:13:52,430 [JvmPauseMonitor11] INFO  util.JvmPauseMonitor (JvmPauseMonitor.java:run(146)) - JvmPauseMonitor-a930d126-5ae9-4818-ba84-555dc3f81093: Started
2024-01-18 21:13:52,431 [main] INFO  http.BaseHttpServer (BaseHttpServer.java:newHttpServer2BuilderForOzone(223)) - Starting Web-server for scm at: http://0.0.0.0:15092
2024-01-18 21:13:52,431 [main] INFO  http.BaseHttpServer (BaseHttpServer.java:<init>(110)) - Hadoop Security Enabled: false Ozone Security Enabled: false Ozone HTTP Security Enabled: false 
2024-01-18 21:13:52,432 [main] WARN  server.AuthenticationFilter (AuthenticationFilter.java:constructSecretProvider(240)) - Unable to initialize FileSignerSecretProvider, falling back to use random secrets. Reason: Could not read signature secret file: /home/runner/hadoop-http-auth-signature-secret
2024-01-18 21:13:52,433 [main] INFO  http.HttpRequestLog (HttpRequestLog.java:getRequestLog(86)) - Http request log for http.requests.scm is not defined
2024-01-18 21:13:52,434 [main] INFO  http.HttpServer2 (HttpServer2.java:addGlobalFilter(1036)) - Added global filter 'safety' (class=org.apache.hadoop.hdds.server.http.HttpServer2$QuotingInputFilter)
2024-01-18 21:13:52,435 [main] INFO  http.HttpServer2 (HttpServer2.java:addFilter(1012)) - Added filter static_user_filter (class=org.apache.hadoop.http.lib.StaticUserWebFilter$StaticUserFilter) to context scm
2024-01-18 21:13:52,435 [main] INFO  http.HttpServer2 (HttpServer2.java:addFilter(1020)) - Added filter static_user_filter (class=org.apache.hadoop.http.lib.StaticUserWebFilter$StaticUserFilter) to context static
2024-01-18 21:13:52,435 [main] INFO  http.HttpServer2 (HttpServer2.java:addFilter(1020)) - Added filter static_user_filter (class=org.apache.hadoop.http.lib.StaticUserWebFilter$StaticUserFilter) to context logs
2024-01-18 21:13:52,436 [main] INFO  http.BaseHttpServer (BaseHttpServer.java:<init>(189)) - HTTP server of scm uses base directory /home/runner/work/ozone/ozone/hadoop-ozone/integration-test/target/test-dir/MiniOzoneClusterImpl-31edb46a-ccfd-4ac6-802d-5dd746a085ff/ozone-meta/webserver
2024-01-18 21:13:52,436 [main] INFO  http.HttpServer2 (HttpServer2.java:bindListener(1236)) - Jetty bound to port 15092
2024-01-18 21:13:52,436 [main] INFO  server.Server (Server.java:doStart(375)) - jetty-9.4.53.v20231009; built: 2023-10-09T12:29:09.265Z; git: 27bde00a0b95a1d5bbee0eae7984f891d2d0f8c9; jvm 1.8.0_392-b08
2024-01-18 21:13:52,437 [main] INFO  server.session (DefaultSessionIdManager.java:doStart(334)) - DefaultSessionIdManager workerName=node0
2024-01-18 21:13:52,438 [main] INFO  server.session (DefaultSessionIdManager.java:doStart(339)) - No SessionScavenger set, using defaults
2024-01-18 21:13:52,438 [main] INFO  server.session (HouseKeeper.java:startScavenging(132)) - node0 Scavenging every 660000ms
2024-01-18 21:13:52,438 [main] INFO  handler.ContextHandler (ContextHandler.java:doStart(921)) - Started o.e.j.s.ServletContextHandler@3b72a58{logs,/logs,file:///home/runner/work/ozone/ozone/hadoop-ozone/integration-test/target/log,AVAILABLE}
2024-01-18 21:13:52,439 [main] INFO  handler.ContextHandler (ContextHandler.java:doStart(921)) - Started o.e.j.s.ServletContextHandler@47375282{static,/static,file:///home/runner/work/ozone/ozone/hadoop-ozone/integration-test/target/test-classes/webapps/static,AVAILABLE}
2024-01-18 21:13:52,441 [main] INFO  handler.ContextHandler (ContextHandler.java:doStart(921)) - Started o.e.j.w.WebAppContext@6d951dc9{scm,/,file:///home/runner/work/ozone/ozone/hadoop-ozone/integration-test/target/test-classes/webapps/scm/,AVAILABLE}{file:/home/runner/work/ozone/ozone/hadoop-ozone/integration-test/target/test-classes/webapps/scm}
2024-01-18 21:13:52,446 [main] INFO  server.AbstractConnector (AbstractConnector.java:doStart(333)) - Started ServerConnector@417a0289{HTTP/1.1, (http/1.1)}{0.0.0.0:15092}
2024-01-18 21:13:52,447 [main] INFO  server.Server (Server.java:doStart(415)) - Started @43693ms
2024-01-18 21:13:52,447 [main] WARN  impl.MetricsSystemImpl (MetricsSystemImpl.java:register(279)) - Sink prometheus already exists!
2024-01-18 21:13:52,447 [main] INFO  http.BaseHttpServer (BaseHttpServer.java:updateConnectorAddress(354)) - HTTP server of scm listening at http://0.0.0.0:15092
2024-01-18 21:13:52,448 [main] WARN  server.ServerUtils (ServerUtils.java:getDBPath(311)) - ozone.om.db.dirs is not configured. We recommend adding this setting. Falling back to ozone.metadata.dirs instead.
2024-01-18 21:13:52,449 [main] INFO  ha.OMHANodeDetails (OMHANodeDetails.java:loadOMHAConfig(115)) - ozone.om.internal.service.id is not defined, falling back to ozone.om.service.ids to find serviceID for OzoneManager if it is HA enabled cluster
2024-01-18 21:13:52,449 [main] INFO  ha.OMHANodeDetails (OMHANodeDetails.java:loadOMHAConfig(226)) - Configuration does not have ozone.om.address set. Falling back to the default OM address /127.0.0.1:15093
2024-01-18 21:13:52,449 [main] INFO  ha.OMHANodeDetails (OMHANodeDetails.java:getOMNodeDetailsForNonHA(254)) - OM Service ID is not set. Setting it to the default ID: omServiceIdDefault
2024-01-18 21:13:52,449 [main] INFO  ha.OMHANodeDetails (OMHANodeDetails.java:getOMNodeDetailsForNonHA(261)) - OM Node ID is not set. Setting it to the default ID: om1
2024-01-18 21:13:52,450 [main] WARN  server.ServerUtils (ServerUtils.java:getDBPath(311)) - ozone.om.db.dirs is not configured. We recommend adding this setting. Falling back to ozone.metadata.dirs instead.
2024-01-18 21:13:52,451 [main] INFO  upgrade.AbstractLayoutVersionManager (AbstractLayoutVersionManager.java:init(83)) - Initializing Layout version manager with metadata layout = QUOTA (version = 6), software layout = QUOTA (version = 6)
2024-01-18 21:13:52,490 [main] INFO  upgrade.OMLayoutVersionManager (OMLayoutVersionManager.java:lambda$0(113)) - Skipping Upgrade Action MockOmUpgradeAction since it has been finalized.
2024-01-18 21:13:52,490 [main] INFO  upgrade.OMLayoutVersionManager (OMLayoutVersionManager.java:lambda$0(113)) - Skipping Upgrade Action QuotaRepairUpgradeAction since it has been finalized.
2024-01-18 21:13:52,490 [main] WARN  server.ServerUtils (ServerUtils.java:getDBPath(311)) - ozone.om.db.dirs is not configured. We recommend adding this setting. Falling back to ozone.metadata.dirs instead.
2024-01-18 21:13:52,491 [main] INFO  proxy.SCMBlockLocationFailoverProxyProvider (SCMBlockLocationFailoverProxyProvider.java:<init>(115)) - Created block location fail-over proxy with 1 nodes: [nodeId=scmNodeId,nodeAddress=/0.0.0.0:15090]
2024-01-18 21:13:52,493 [main] INFO  proxy.SCMBlockLocationFailoverProxyProvider (SCMBlockLocationFailoverProxyProvider.java:<init>(115)) - Created block location fail-over proxy with 1 nodes: [nodeId=scmNodeId,nodeAddress=/0.0.0.0:15090]
2024-01-18 21:13:52,499 [main] INFO  om.OzoneManager (OzoneManager.java:<init>(673)) - OM start with adminUsers: [runner]
2024-01-18 21:13:52,500 [main] WARN  server.ServerUtils (ServerUtils.java:getDBPath(311)) - ozone.om.db.dirs is not configured. We recommend adding this setting. Falling back to ozone.metadata.dirs instead.
2024-01-18 21:13:52,501 [main] INFO  helpers.OmKeyInfo (OmKeyInfo.java:getCodec(71)) - OmKeyInfo.getCodec ignorePipeline = true
2024-01-18 21:13:52,636 [main] INFO  om.OzoneManager (OzoneManager.java:instantiateServices(805)) - S3 Multi-Tenancy is disabled
2024-01-18 21:13:52,636 [main] INFO  om.OmSnapshotManager (OmSnapshotManager.java:<init>(176)) - Ozone filesystem snapshot feature is enabled.
2024-01-18 21:13:52,637 [main] WARN  server.ServerUtils (ServerUtils.java:getDBPath(311)) - ozone.om.snapshot.diff.db.dir is not configured. We recommend adding this setting. Falling back to ozone.metadata.dirs instead.
2024-01-18 21:13:52,659 [main] INFO  utils.NativeLibraryLoader (NativeLibraryLoader.java:loadLibrary(108)) - Loading Library: ozone_rocksdb_tools
2024-01-18 21:13:52,659 [main] INFO  snapshot.SnapshotDiffManager (SnapshotDiffManager.java:closeExecutorService(1688)) - Shutting down executorService: 'SstDumpToolExecutor'
2024-01-18 21:13:52,662 [main] INFO  om.OzoneManager (OzoneManager.java:addS3GVolumeToDB(4429)) - Created Volume s3v With Owner runner required for S3Gateway operations.
2024-01-18 21:13:52,662 [main] WARN  server.ServerUtils (ServerUtils.java:getDefaultRatisDirectory(323)) - Storage directory for Ratis is not configured. It is a good idea to map this to an SSD disk. Falling back to ozone.metadata.dirs
2024-01-18 21:13:52,662 [main] WARN  utils.OzoneManagerRatisUtils (OzoneManagerRatisUtils.java:getOMRatisSnapshotDirectory(473)) - ozone.om.ratis.snapshot.dir is not configured. Falling back to ozone.metadata.dirs config
2024-01-18 21:13:52,663 [main] WARN  server.ServerUtils (ServerUtils.java:getDefaultRatisDirectory(323)) - Storage directory for Ratis is not configured. It is a good idea to map this to an SSD disk. Falling back to ozone.metadata.dirs
2024-01-18 21:13:52,664 [main] INFO  ratis.OzoneManagerRatisServer (OzoneManagerRatisServer.java:<init>(167)) - Instantiating OM Ratis server with groupID: omServiceIdDefault and peers: localhost:15096
2024-01-18 21:13:52,664 [main] INFO  ratis.OzoneManagerStateMachine (OzoneManagerStateMachine.java:loadSnapshotInfoFromDB(608)) - TransactionInfo not found in OM DB.
2024-01-18 21:13:52,664 [main] INFO  server.RaftServer (ConfUtils.java:logGet(46)) - raft.rpc.type = GRPC (default)
2024-01-18 21:13:52,665 [main] INFO  grpc.GrpcConfigKeys (ConfUtils.java:logFallback(53)) - raft.grpc.admin.host = null (fallback to raft.grpc.server.host)
2024-01-18 21:13:52,665 [main] INFO  grpc.GrpcConfigKeys (ConfUtils.java:logFallback(53)) - raft.grpc.admin.port = 15096 (fallback to raft.grpc.server.port)
2024-01-18 21:13:52,665 [main] INFO  grpc.GrpcConfigKeys (ConfUtils.java:logFallback(53)) - raft.grpc.client.host = null (fallback to raft.grpc.server.host)
2024-01-18 21:13:52,665 [main] INFO  grpc.GrpcConfigKeys (ConfUtils.java:logFallback(53)) - raft.grpc.client.port = 15096 (fallback to raft.grpc.server.port)
2024-01-18 21:13:52,665 [main] INFO  grpc.GrpcConfigKeys (ConfUtils.java:logGet(46)) - raft.grpc.server.host = null (default)
2024-01-18 21:13:52,665 [main] INFO  grpc.GrpcConfigKeys (ConfUtils.java:logGet(46)) - raft.grpc.server.port = 15096 (custom)
2024-01-18 21:13:52,666 [main] INFO  server.GrpcService (ConfUtils.java:logGet(46)) - raft.grpc.message.size.max = 4194304 (custom)
2024-01-18 21:13:52,666 [main] INFO  server.RaftServerConfigKeys (ConfUtils.java:logGet(46)) - raft.server.log.appender.buffer.byte-limit = 4194304 (custom)
2024-01-18 21:13:52,666 [main] INFO  server.GrpcService (ConfUtils.java:logGet(46)) - raft.grpc.flow.control.window = 1MB (=1048576) (default)
2024-01-18 21:13:52,666 [main] INFO  server.RaftServerConfigKeys (ConfUtils.java:logGet(46)) - raft.server.rpc.request.timeout = 3000ms (default)
2024-01-18 21:13:52,666 [main] INFO  grpc.GrpcConfigKeys (ConfUtils.java:logGet(46)) - raft.grpc.server.heartbeat.channel = true (default)
2024-01-18 21:13:52,666 [main] INFO  grpc.GrpcConfigKeys (ConfUtils.java:logGet(46)) - raft.grpc.server.async.request.thread.pool.cached = true (default)
2024-01-18 21:13:52,667 [main] INFO  grpc.GrpcConfigKeys (ConfUtils.java:logGet(46)) - raft.grpc.server.async.request.thread.pool.size = 32 (default)
2024-01-18 21:13:52,668 [main] INFO  impl.DataStreamServerImpl (ConfUtils.java:logGet(46)) - raft.datastream.type = DISABLED (default)
2024-01-18 21:13:52,668 [main] INFO  server.RaftServerConfigKeys (ConfUtils.java:logGet(46)) - raft.server.sleep.deviation.threshold = 300ms (default)
2024-01-18 21:13:52,668 [main] INFO  server.RaftServerConfigKeys (ConfUtils.java:logGet(46)) - raft.server.close.threshold = 60s (default)
2024-01-18 21:13:52,668 [main] INFO  server.RaftServerConfigKeys (ConfUtils.java:logGet(46)) - raft.server.leaderelection.leader.step-down.wait-time = 10s (default)
2024-01-18 21:13:52,669 [main] INFO  server.RaftServerConfigKeys (ConfUtils.java:logGet(46)) - raft.server.storage.dir = [/home/runner/work/ozone/ozone/hadoop-ozone/integration-test/target/test-dir/MiniOzoneClusterImpl-31edb46a-ccfd-4ac6-802d-5dd746a085ff/ozone-meta/ratis] (custom)
2024-01-18 21:13:52,669 [main] INFO  server.RaftServerConfigKeys (ConfUtils.java:logGet(46)) - raft.server.threadpool.proxy.cached = true (default)
2024-01-18 21:13:52,669 [main] INFO  server.RaftServerConfigKeys (ConfUtils.java:logGet(46)) - raft.server.threadpool.proxy.size = 0 (default)
2024-01-18 21:13:52,670 [main] INFO  server.RaftServer (RaftServerProxy.java:addNew(100)) - om1: addNew group-C5BA1605619E:[om1|localhost:15096] returns group-C5BA1605619E:java.util.concurrent.CompletableFuture@3fa2c8e7[Not completed]
2024-01-18 21:13:52,670 [main] INFO  om.OzoneManager (OzoneManager.java:initializeRatisServer(2141)) - OzoneManager Ratis server initialized at port 15096
2024-01-18 21:13:52,670 [main] INFO  om.OzoneManager (OzoneManager.java:getRpcServer(1207)) - Creating RPC Server
2024-01-18 21:13:52,670 [om1-groupManagement] INFO  server.RaftServer$Division (RaftServerImpl.java:<init>(256)) - om1: new RaftServerImpl for group-C5BA1605619E:[om1|localhost:15096] with OzoneManagerStateMachine:uninitialized
2024-01-18 21:13:52,671 [om1-groupManagement] INFO  server.RaftServerConfigKeys (ConfUtils.java:logGet(46)) - raft.server.rpc.timeout.min = 1s (custom)
2024-01-18 21:13:52,671 [om1-groupManagement] INFO  server.RaftServerConfigKeys (ConfUtils.java:logGet(46)) - raft.server.rpc.timeout.max = 1200ms (custom)
2024-01-18 21:13:52,671 [om1-groupManagement] INFO  server.RaftServerConfigKeys (ConfUtils.java:logGet(46)) - raft.server.rpc.sleep.time = 25ms (default)
2024-01-18 21:13:52,671 [om1-groupManagement] INFO  server.RaftServerConfigKeys (ConfUtils.java:logGet(46)) - raft.server.rpc.slowness.timeout = 120s (custom)
2024-01-18 21:13:52,671 [om1-groupManagement] INFO  server.RaftServerConfigKeys (ConfUtils.java:logGet(46)) - raft.server.leaderelection.leader.step-down.wait-time = 10s (default)
2024-01-18 21:13:52,671 [om1-groupManagement] INFO  server.RaftServerConfigKeys (ConfUtils.java:logGet(46)) - raft.server.leaderelection.member.majority-add = false (default)
2024-01-18 21:13:52,672 [om1-groupManagement] INFO  server.RaftServerConfigKeys (ConfUtils.java:logGet(46)) - raft.server.sleep.deviation.threshold = 300ms (default)
2024-01-18 21:13:52,672 [om1-groupManagement] INFO  server.RaftServer$Division (ServerState.java:<init>(113)) - om1@group-C5BA1605619E: ConfigurationManager, init=-1: peers:[om1|localhost:15096]|listeners:[], old=null, confs=<EMPTY_MAP>
2024-01-18 21:13:52,672 [om1-groupManagement] INFO  server.RaftServerConfigKeys (ConfUtils.java:logGet(46)) - raft.server.notification.no-leader.timeout = 120s (custom)
2024-01-18 21:13:52,672 [om1-groupManagement] INFO  server.RaftServerConfigKeys (ConfUtils.java:logGet(46)) - raft.server.read.timeout = 10s (default)
2024-01-18 21:13:52,672 [om1-groupManagement] INFO  server.RaftServerConfigKeys (ConfUtils.java:logGet(46)) - raft.server.retrycache.expirytime = 300s (custom)
2024-01-18 21:13:52,672 [om1-groupManagement] INFO  server.RaftServerConfigKeys (ConfUtils.java:logGet(46)) - raft.server.retrycache.statistics.expirytime = 100ms (default)
2024-01-18 21:13:52,672 [om1-groupManagement] INFO  server.RaftServerConfigKeys (ConfUtils.java:logGet(46)) - raft.server.read.option = DEFAULT (default)
2024-01-18 21:13:52,673 [om1-groupManagement] INFO  server.RaftServerConfigKeys (ConfUtils.java:logGet(46)) - raft.server.read.read-after-write-consistent.write-index-cache.expiry-time = 60s (default)
2024-01-18 21:13:52,674 [om1-groupManagement] INFO  server.RaftServerConfigKeys (ConfUtils.java:logGet(46)) - raft.server.rpc.request.timeout = 3000ms (default)
2024-01-18 21:13:52,674 [om1-groupManagement] INFO  server.RaftServerConfigKeys (ConfUtils.java:logGet(46)) - raft.server.log.appender.install.snapshot.enabled = false (custom)
2024-01-18 21:13:52,674 [om1-groupManagement] INFO  server.RaftServerConfigKeys (ConfUtils.java:logGet(46)) - raft.server.threadpool.server.cached = true (default)
2024-01-18 21:13:52,675 [om1-groupManagement] INFO  server.RaftServerConfigKeys (ConfUtils.java:logGet(46)) - raft.server.threadpool.server.size = 0 (default)
2024-01-18 21:13:52,675 [om1-groupManagement] INFO  server.RaftServerConfigKeys (ConfUtils.java:logGet(46)) - raft.server.threadpool.client.cached = true (default)
2024-01-18 21:13:52,676 [om1-groupManagement] INFO  server.RaftServerConfigKeys (ConfUtils.java:logGet(46)) - raft.server.threadpool.client.size = 0 (default)
2024-01-18 21:13:52,858 [main] INFO  ipc.CallQueueManager (CallQueueManager.java:<init>(90)) - Using callQueue: class java.util.concurrent.LinkedBlockingQueue, queueCapacity: 2000, scheduler: class org.apache.hadoop.ipc.DefaultRpcScheduler, ipcBackoff: false.
2024-01-18 21:13:52,859 [main] INFO  ipc.Server (Server.java:<init>(1287)) - Listener at 127.0.0.1:15093
2024-01-18 21:13:52,859 [Socket Reader #1 for port 15093] INFO  ipc.Server (Server.java:run(1323)) - Starting Socket Reader #1 for port 15093
2024-01-18 21:13:52,873 [main] INFO  impl.MetricsSystemImpl (MetricsSystemImpl.java:init(158)) - OzoneManager metrics system started (again)
2024-01-18 21:13:52,881 [main] INFO  om.OzoneManager (OzoneManager.java:start(1629)) - OzoneManager RPC server is listening at localhost/127.0.0.1:15093
2024-01-18 21:13:52,882 [main] INFO  ratis.OzoneManagerRatisServer (OzoneManagerRatisServer.java:start(588)) - Starting OzoneManagerRatisServer om1 at port 15096
2024-01-18 21:13:52,882 [om1-impl-thread1] INFO  server.RaftServerConfigKeys (ConfUtils.java:logGet(46)) - raft.server.storage.free-space.min = 0MB (=0) (default)
2024-01-18 21:13:52,901 [om1-impl-thread1] INFO  server.RaftServerConfigKeys (ConfUtils.java:logGet(46)) - raft.server.log.corruption.policy = EXCEPTION (default)
2024-01-18 21:13:52,901 [om1-impl-thread1] INFO  server.RaftServerConfigKeys (ConfUtils.java:logGet(46)) - raft.server.storage.dir = [/home/runner/work/ozone/ozone/hadoop-ozone/integration-test/target/test-dir/MiniOzoneClusterImpl-31edb46a-ccfd-4ac6-802d-5dd746a085ff/ozone-meta/ratis] (custom)
2024-01-18 21:13:52,901 [om1-impl-thread1] INFO  storage.RaftStorageDirectory (RaftStorageDirectoryImpl.java:analyzeStorage(138)) - The storage directory /home/runner/work/ozone/ozone/hadoop-ozone/integration-test/target/test-dir/MiniOzoneClusterImpl-31edb46a-ccfd-4ac6-802d-5dd746a085ff/ozone-meta/ratis/bf265839-605b-3f16-9796-c5ba1605619e does not exist. Creating ...
2024-01-18 21:13:52,902 [om1-impl-thread1] INFO  storage.RaftStorageDirectory (RaftStorageDirectoryImpl.java:tryLock(228)) - Lock on /home/runner/work/ozone/ozone/hadoop-ozone/integration-test/target/test-dir/MiniOzoneClusterImpl-31edb46a-ccfd-4ac6-802d-5dd746a085ff/ozone-meta/ratis/bf265839-605b-3f16-9796-c5ba1605619e/in_use.lock acquired by nodename 70315@fv-az776-647
2024-01-18 21:13:52,903 [om1-impl-thread1] INFO  storage.RaftStorage (RaftStorageImpl.java:format(99)) - Storage directory /home/runner/work/ozone/ozone/hadoop-ozone/integration-test/target/test-dir/MiniOzoneClusterImpl-31edb46a-ccfd-4ac6-802d-5dd746a085ff/ozone-meta/ratis/bf265839-605b-3f16-9796-c5ba1605619e has been successfully formatted.
2024-01-18 21:13:52,903 [om1-impl-thread1] WARN  util.FileUtils (LogUtils.java:supplyAndLog(63)) - Failed to Files.newInputStream /home/runner/work/ozone/ozone/hadoop-ozone/integration-test/target/test-dir/MiniOzoneClusterImpl-31edb46a-ccfd-4ac6-802d-5dd746a085ff/ozone-meta/ratis/bf265839-605b-3f16-9796-c5ba1605619e/current/raft-meta.conf with options []: java.nio.file.NoSuchFileException: /home/runner/work/ozone/ozone/hadoop-ozone/integration-test/target/test-dir/MiniOzoneClusterImpl-31edb46a-ccfd-4ac6-802d-5dd746a085ff/ozone-meta/ratis/bf265839-605b-3f16-9796-c5ba1605619e/current/raft-meta.conf
2024-01-18 21:13:52,903 [om1-impl-thread1] INFO  server.RaftServerConfigKeys (ConfUtils.java:logGet(46)) - raft.server.log.use.memory = false (default)
2024-01-18 21:13:52,904 [om1-impl-thread1] INFO  server.RaftServerConfigKeys (ConfUtils.java:logGet(46)) - raft.server.log.purge.gap = 1000000 (custom)
2024-01-18 21:13:52,904 [om1-impl-thread1] INFO  server.RaftServerConfigKeys (ConfUtils.java:logGet(46)) - raft.server.log.appender.buffer.byte-limit = 4194304 (custom)
2024-01-18 21:13:52,904 [om1-impl-thread1] INFO  server.RaftServerConfigKeys (ConfUtils.java:logGet(46)) - raft.server.log.statemachine.data.read.timeout = 1000ms (default)
2024-01-18 21:13:52,904 [om1-impl-thread1] INFO  server.RaftServerConfigKeys (ConfUtils.java:logGet(46)) - raft.server.log.purge.preservation.log.num = 0 (default)
2024-01-18 21:13:52,904 [om1-impl-thread1] INFO  server.RaftServerConfigKeys (ConfUtils.java:logGet(46)) - raft.server.log.segment.size.max = 4194304 (custom)
2024-01-18 21:13:52,904 [om1-impl-thread1] INFO  server.RaftServerConfigKeys (ConfUtils.java:logGet(46)) - raft.server.log.segment.cache.num.max = 2 (custom)
2024-01-18 21:13:52,904 [om1-impl-thread1] INFO  server.RaftServerConfigKeys (ConfUtils.java:logGet(46)) - raft.server.log.segment.cache.size.max = 200MB (=209715200) (default)
2024-01-18 21:13:52,905 [om1-impl-thread1] INFO  server.RaftServerConfigKeys (ConfUtils.java:logGet(46)) - raft.server.log.appender.buffer.byte-limit = 4194304 (custom)
2024-01-18 21:13:52,905 [om1-impl-thread1] INFO  util.AwaitToRun (AwaitToRun.java:start(81)) - Thread[om1@group-C5BA1605619E-cacheEviction-AwaitToRun,5,main] started
2024-01-18 21:13:52,905 [om1-impl-thread1] INFO  segmented.SegmentedRaftLogWorker (SegmentedRaftLogWorker.java:<init>(182)) - new om1@group-C5BA1605619E-SegmentedRaftLogWorker for RaftStorageImpl:Storage Directory /home/runner/work/ozone/ozone/hadoop-ozone/integration-test/target/test-dir/MiniOzoneClusterImpl-31edb46a-ccfd-4ac6-802d-5dd746a085ff/ozone-meta/ratis/bf265839-605b-3f16-9796-c5ba1605619e
2024-01-18 21:13:52,905 [om1-impl-thread1] INFO  server.RaftServerConfigKeys (ConfUtils.java:logGet(46)) - raft.server.log.queue.byte-limit = 64MB (=67108864) (default)
2024-01-18 21:13:52,905 [om1-impl-thread1] INFO  server.RaftServerConfigKeys (ConfUtils.java:logGet(46)) - raft.server.log.queue.element-limit = 4096 (default)
2024-01-18 21:13:52,905 [om1-impl-thread1] INFO  server.RaftServerConfigKeys (ConfUtils.java:logGet(46)) - raft.server.log.segment.size.max = 4194304 (custom)
2024-01-18 21:13:52,905 [om1-impl-thread1] INFO  server.RaftServerConfigKeys (ConfUtils.java:logGet(46)) - raft.server.log.preallocated.size = 4194304 (custom)
2024-01-18 21:13:52,905 [om1-impl-thread1] INFO  server.RaftServerConfigKeys (ConfUtils.java:logGet(46)) - raft.server.log.force.sync.num = 128 (default)
2024-01-18 21:13:52,905 [om1-impl-thread1] INFO  server.RaftServerConfigKeys (ConfUtils.java:logGet(46)) - raft.server.log.statemachine.data.sync = true (default)
2024-01-18 21:13:52,905 [om1-impl-thread1] INFO  server.RaftServerConfigKeys (ConfUtils.java:logGet(46)) - raft.server.log.statemachine.data.sync.timeout = 10s (default)
2024-01-18 21:13:52,905 [om1-impl-thread1] INFO  server.RaftServerConfigKeys (ConfUtils.java:logGet(46)) - raft.server.log.statemachine.data.sync.timeout.retry = -1 (default)
2024-01-18 21:13:52,905 [om1-impl-thread1] INFO  server.RaftServerConfigKeys (ConfUtils.java:logGet(46)) - raft.server.log.write.buffer.size = 4194312 (custom)
2024-01-18 21:13:52,906 [om1-impl-thread1] INFO  server.RaftServerConfigKeys (ConfUtils.java:logGet(46)) - raft.server.log.appender.buffer.byte-limit = 4194304 (custom)
2024-01-18 21:13:52,906 [om1-impl-thread1] INFO  server.RaftServerConfigKeys (ConfUtils.java:logGet(46)) - raft.server.log.unsafe-flush.enabled = false (default)
2024-01-18 21:13:52,906 [om1-impl-thread1] INFO  server.RaftServerConfigKeys (ConfUtils.java:logGet(46)) - raft.server.log.async-flush.enabled = false (default)
2024-01-18 21:13:52,906 [om1-impl-thread1] INFO  server.RaftServerConfigKeys (ConfUtils.java:logGet(46)) - raft.server.log.statemachine.data.caching.enabled = false (default)
2024-01-18 21:13:52,906 [om1-impl-thread1] INFO  segmented.SegmentedRaftLogWorker (SegmentedRaftLogWorker.java:lambda$new$0(134)) - om1@group-C5BA1605619E-SegmentedRaftLogWorker: flushIndex: setUnconditionally 0 -> -1
2024-01-18 21:13:52,906 [om1-impl-thread1] INFO  segmented.SegmentedRaftLogWorker (SegmentedRaftLogWorker.java:lambda$new$0(134)) - om1@group-C5BA1605619E-SegmentedRaftLogWorker: safeCacheEvictIndex: setUnconditionally 0 -> -1
2024-01-18 21:13:52,907 [om1-impl-thread1] INFO  server.RaftServer$Division (RaftServerImpl.java:start(396)) - om1@group-C5BA1605619E: start as a follower, conf=-1: peers:[om1|localhost:15096]|listeners:[], old=null
2024-01-18 21:13:52,907 [om1-impl-thread1] INFO  server.RaftServer$Division (RaftServerImpl.java:setRole(383)) - om1@group-C5BA1605619E: changes role from      null to FOLLOWER at term 0 for startAsFollower
2024-01-18 21:13:52,907 [om1-impl-thread1] INFO  impl.RoleInfo (RoleInfo.java:updateAndGet(139)) - om1: start om1@group-C5BA1605619E-FollowerState
2024-01-18 21:13:52,907 [om1@group-C5BA1605619E-FollowerState] INFO  server.RaftServerConfigKeys (ConfUtils.java:logFallback(53)) - raft.server.rpc.first-election.timeout.min = 1s (fallback to raft.server.rpc.timeout.min)
2024-01-18 21:13:52,908 [om1-impl-thread1] INFO  util.JmxRegister (JmxRegister.java:tryRegister(44)) - Successfully registered JMX Bean with object name Ratis:service=RaftServer,group=group-C5BA1605619E,id=om1
2024-01-18 21:13:52,909 [om1@group-C5BA1605619E-FollowerState] INFO  server.RaftServerConfigKeys (ConfUtils.java:logFallback(53)) - raft.server.rpc.first-election.timeout.max = 1200ms (fallback to raft.server.rpc.timeout.max)
2024-01-18 21:13:52,909 [om1-impl-thread1] INFO  server.RaftServerConfigKeys (ConfUtils.java:logGet(46)) - raft.server.snapshot.trigger-when-stop.enabled = true (default)
2024-01-18 21:13:52,909 [om1-impl-thread1] INFO  server.RaftServerConfigKeys (ConfUtils.java:logGet(46)) - raft.server.snapshot.auto.trigger.enabled = true (custom)
2024-01-18 21:13:52,909 [om1-impl-thread1] INFO  server.RaftServerConfigKeys (ConfUtils.java:logGet(46)) - raft.server.snapshot.auto.trigger.threshold = 400000 (default)
2024-01-18 21:13:52,909 [om1-impl-thread1] INFO  server.RaftServerConfigKeys (ConfUtils.java:logGet(46)) - raft.server.snapshot.retention.file.num = -1 (default)
2024-01-18 21:13:52,909 [om1-impl-thread1] INFO  server.RaftServerConfigKeys (ConfUtils.java:logGet(46)) - raft.server.log.purge.upto.snapshot.index = true (custom)
2024-01-18 21:13:52,909 [main] INFO  server.RaftServer (RaftServerProxy.java:startImpl(406)) - om1: start RPC server
2024-01-18 21:13:52,910 [main] INFO  server.GrpcService (GrpcService.java:startImpl(302)) - om1: GrpcService started, listening on 15096
2024-01-18 21:13:52,910 [JvmPauseMonitor12] INFO  util.JvmPauseMonitor (JvmPauseMonitor.java:run(146)) - JvmPauseMonitor-om1: Started
2024-01-18 21:13:52,911 [main] INFO  om.OzoneManager (OzoneManager.java:start(1645)) - Version File has different layout version (6) than OM DB (null). That is expected if this OM has never been finalized to a newer layout version.
2024-01-18 21:13:52,913 [main] INFO  http.BaseHttpServer (BaseHttpServer.java:newHttpServer2BuilderForOzone(223)) - Starting Web-server for ozoneManager at: http://0.0.0.0:15094
2024-01-18 21:13:52,914 [main] INFO  http.BaseHttpServer (BaseHttpServer.java:<init>(110)) - Hadoop Security Enabled: false Ozone Security Enabled: false Ozone HTTP Security Enabled: false 
2024-01-18 21:13:52,915 [main] WARN  server.AuthenticationFilter (AuthenticationFilter.java:constructSecretProvider(240)) - Unable to initialize FileSignerSecretProvider, falling back to use random secrets. Reason: Could not read signature secret file: /home/runner/hadoop-http-auth-signature-secret
2024-01-18 21:13:52,915 [main] INFO  http.HttpRequestLog (HttpRequestLog.java:getRequestLog(86)) - Http request log for http.requests.ozoneManager is not defined
2024-01-18 21:13:52,916 [main] INFO  http.HttpServer2 (HttpServer2.java:addGlobalFilter(1036)) - Added global filter 'safety' (class=org.apache.hadoop.hdds.server.http.HttpServer2$QuotingInputFilter)
2024-01-18 21:13:52,917 [main] INFO  http.HttpServer2 (HttpServer2.java:addFilter(1012)) - Added filter static_user_filter (class=org.apache.hadoop.http.lib.StaticUserWebFilter$StaticUserFilter) to context ozoneManager
2024-01-18 21:13:52,917 [main] INFO  http.HttpServer2 (HttpServer2.java:addFilter(1020)) - Added filter static_user_filter (class=org.apache.hadoop.http.lib.StaticUserWebFilter$StaticUserFilter) to context static
2024-01-18 21:13:52,917 [main] INFO  http.HttpServer2 (HttpServer2.java:addFilter(1020)) - Added filter static_user_filter (class=org.apache.hadoop.http.lib.StaticUserWebFilter$StaticUserFilter) to context logs
2024-01-18 21:13:52,918 [main] INFO  http.BaseHttpServer (BaseHttpServer.java:<init>(189)) - HTTP server of ozoneManager uses base directory /home/runner/work/ozone/ozone/hadoop-ozone/integration-test/target/test-dir/MiniOzoneClusterImpl-31edb46a-ccfd-4ac6-802d-5dd746a085ff/ozone-meta/webserver
2024-01-18 21:13:52,918 [main] INFO  http.HttpServer2 (HttpServer2.java:bindListener(1236)) - Jetty bound to port 15094
2024-01-18 21:13:52,918 [main] INFO  server.Server (Server.java:doStart(375)) - jetty-9.4.53.v20231009; built: 2023-10-09T12:29:09.265Z; git: 27bde00a0b95a1d5bbee0eae7984f891d2d0f8c9; jvm 1.8.0_392-b08
2024-01-18 21:13:52,919 [main] INFO  server.session (DefaultSessionIdManager.java:doStart(334)) - DefaultSessionIdManager workerName=node0
2024-01-18 21:13:52,920 [main] INFO  server.session (DefaultSessionIdManager.java:doStart(339)) - No SessionScavenger set, using defaults
2024-01-18 21:13:52,920 [main] INFO  server.session (HouseKeeper.java:startScavenging(132)) - node0 Scavenging every 660000ms
2024-01-18 21:13:52,921 [main] INFO  handler.ContextHandler (ContextHandler.java:doStart(921)) - Started o.e.j.s.ServletContextHandler@b8a256c{logs,/logs,file:///home/runner/work/ozone/ozone/hadoop-ozone/integration-test/target/log,AVAILABLE}
2024-01-18 21:13:52,921 [main] INFO  handler.ContextHandler (ContextHandler.java:doStart(921)) - Started o.e.j.s.ServletContextHandler@2b7a7698{static,/static,file:///home/runner/work/ozone/ozone/hadoop-ozone/integration-test/target/test-classes/webapps/static,AVAILABLE}
2024-01-18 21:13:52,924 [main] INFO  handler.ContextHandler (ContextHandler.java:doStart(921)) - Started o.e.j.w.WebAppContext@c74638e{ozoneManager,/,file:///home/runner/work/ozone/ozone/hadoop-ozone/integration-test/target/test-classes/webapps/ozoneManager/,AVAILABLE}{file:/home/runner/work/ozone/ozone/hadoop-ozone/integration-test/target/test-classes/webapps/ozoneManager}
2024-01-18 21:13:52,926 [main] INFO  server.AbstractConnector (AbstractConnector.java:doStart(333)) - Started ServerConnector@52655ce3{HTTP/1.1, (http/1.1)}{0.0.0.0:15094}
2024-01-18 21:13:52,926 [main] INFO  server.Server (Server.java:doStart(415)) - Started @44172ms
2024-01-18 21:13:52,926 [main] WARN  impl.MetricsSystemImpl (MetricsSystemImpl.java:register(279)) - Sink prometheus already exists!
2024-01-18 21:13:52,927 [main] INFO  http.BaseHttpServer (BaseHttpServer.java:updateConnectorAddress(354)) - HTTP server of ozoneManager listening at http://0.0.0.0:15094
2024-01-18 21:13:52,927 [IPC Server Responder] INFO  ipc.Server (Server.java:run(1562)) - IPC Server Responder: starting
2024-01-18 21:13:52,928 [IPC Server listener on 15093] INFO  ipc.Server (Server.java:run(1402)) - IPC Server listener on 15093: starting
2024-01-18 21:13:52,936 [main] INFO  om.OzoneManager (OzoneManager.java:startTrashEmptier(2094)) - Trash Interval set to 0. Files deleted won't move to trash
2024-01-18 21:13:52,953 [main] WARN  dropwizard3.Dm3MetricRegistriesImpl (Dm3MetricRegistriesImpl.java:addReporterRegistration(113)) - New reporters are added after registries were created. Some metrics will be missing from the reporter. Please add reporter before adding any new registry.
2024-01-18 21:13:52,953 [main] WARN  dropwizard3.Dm3MetricRegistriesImpl (Dm3MetricRegistriesImpl.java:addReporterRegistration(113)) - New reporters are added after registries were created. Some metrics will be missing from the reporter. Please add reporter before adding any new registry.
2024-01-18 21:13:52,953 [main] INFO  impl.MetricsSystemImpl (MetricsSystemImpl.java:init(158)) - HddsDatanode metrics system started (again)
2024-01-18 21:13:52,962 [main] INFO  ozone.HddsDatanodeService (HddsDatanodeService.java:start(239)) - HddsDatanodeService host:fv-az776-647.gib5dkvrjkgedmzi5ptrevqpbg.bx.internal.cloudapp.net ip:10.1.0.44
2024-01-18 21:13:52,978 [main] INFO  upgrade.AbstractLayoutVersionManager (AbstractLayoutVersionManager.java:init(83)) - Initializing Layout version manager with metadata layout = HADOOP_PRC_PORTS_IN_DATANODEDETAILS (version = 7), software layout = HADOOP_PRC_PORTS_IN_DATANODEDETAILS (version = 7)
2024-01-18 21:13:52,979 [main] INFO  statemachine.DatanodeStateMachine (DatanodeStateMachine.java:getEndPointTaskThreadPoolSize(299)) - Datanode State Machine Task Thread Pool size 2
2024-01-18 21:13:52,980 [main] INFO  volume.HddsVolume (HddsVolume.java:<init>(125)) - Creating HddsVolume: /home/runner/work/ozone/ozone/hadoop-ozone/integration-test/target/test-dir/MiniOzoneClusterImpl-31edb46a-ccfd-4ac6-802d-5dd746a085ff/datanode-0/data-0/containers/hdds of storage type : DISK capacity : 9223372036854775807
2024-01-18 21:13:52,980 [main] INFO  volume.MutableVolumeSet (MutableVolumeSet.java:initializeVolumeSet(173)) - Added Volume : /home/runner/work/ozone/ozone/hadoop-ozone/integration-test/target/test-dir/MiniOzoneClusterImpl-31edb46a-ccfd-4ac6-802d-5dd746a085ff/datanode-0/data-0/containers/hdds to VolumeSet
2024-01-18 21:13:52,981 [main] INFO  volume.MutableVolumeSet (MutableVolumeSet.java:initializeVolumeSet(173)) - Added Volume : /home/runner/work/ozone/ozone/hadoop-ozone/integration-test/target/test-dir/MiniOzoneClusterImpl-31edb46a-ccfd-4ac6-802d-5dd746a085ff/datanode-0/data/ratis to VolumeSet
2024-01-18 21:13:52,982 [main] INFO  ozoneimpl.OzoneContainer (HddsVolumeUtil.java:loadAllHddsVolumeDbStore(103)) - Load 1 volumes DbStore cost: 1ms
2024-01-18 21:13:52,982 [a53a26a9-4fba-413e-b26a-f90ec9646c55-ContainerReader-0] INFO  ozoneimpl.ContainerReader (ContainerReader.java:readVolume(178)) - Finish verifying containers on volume /home/runner/work/ozone/ozone/hadoop-ozone/integration-test/target/test-dir/MiniOzoneClusterImpl-31edb46a-ccfd-4ac6-802d-5dd746a085ff/datanode-0/data-0/containers/hdds
2024-01-18 21:13:52,982 [main] INFO  ozoneimpl.OzoneContainer (OzoneContainer.java:buildContainerSet(328)) - Build ContainerSet costs 0s
2024-01-18 21:13:52,984 [main] INFO  server.RaftServer (ConfUtils.java:logGet(46)) - raft.rpc.type = GRPC (default)
2024-01-18 21:13:52,984 [main] INFO  grpc.GrpcConfigKeys (ConfUtils.java:logFallback(53)) - raft.grpc.admin.host = null (fallback to raft.grpc.server.host)
2024-01-18 21:13:52,984 [main] INFO  grpc.GrpcConfigKeys (ConfUtils.java:logGet(46)) - raft.grpc.admin.port = 15102 (custom)
2024-01-18 21:13:52,984 [main] INFO  grpc.GrpcConfigKeys (ConfUtils.java:logFallback(53)) - raft.grpc.client.host = null (fallback to raft.grpc.server.host)
2024-01-18 21:13:52,985 [main] INFO  grpc.GrpcConfigKeys (ConfUtils.java:logGet(46)) - raft.grpc.client.port = 15101 (custom)
2024-01-18 21:13:52,985 [main] INFO  grpc.GrpcConfigKeys (ConfUtils.java:logGet(46)) - raft.grpc.server.host = null (default)
2024-01-18 21:13:52,985 [main] INFO  grpc.GrpcConfigKeys (ConfUtils.java:logGet(46)) - raft.grpc.server.port = 15103 (custom)
2024-01-18 21:13:52,985 [main] INFO  server.GrpcService (ConfUtils.java:logGet(46)) - raft.grpc.message.size.max = 32MB (=33554432) (custom)
2024-01-18 21:13:52,986 [main] INFO  server.RaftServerConfigKeys (ConfUtils.java:logGet(46)) - raft.server.log.appender.buffer.byte-limit = 8388608 (custom)
2024-01-18 21:13:52,986 [main] INFO  server.GrpcService (ConfUtils.java:logGet(46)) - raft.grpc.flow.control.window = 5MB (=5242880) (custom)
2024-01-18 21:13:52,986 [main] INFO  server.RaftServerConfigKeys (ConfUtils.java:logGet(46)) - raft.server.rpc.request.timeout = 3000ms (default)
2024-01-18 21:13:52,986 [main] INFO  grpc.GrpcConfigKeys (ConfUtils.java:logGet(46)) - raft.grpc.server.heartbeat.channel = true (default)
2024-01-18 21:13:52,986 [main] INFO  grpc.GrpcConfigKeys (ConfUtils.java:logGet(46)) - raft.grpc.server.async.request.thread.pool.cached = true (default)
2024-01-18 21:13:52,987 [main] INFO  grpc.GrpcConfigKeys (ConfUtils.java:logGet(46)) - raft.grpc.server.async.request.thread.pool.size = 32 (default)
2024-01-18 21:13:52,989 [main] INFO  impl.DataStreamServerImpl (ConfUtils.java:logGet(46)) - raft.datastream.type = NETTY (custom)
2024-01-18 21:13:52,989 [main] INFO  server.RaftServerConfigKeys (ConfUtils.java:logGet(46)) - raft.server.data-stream.async.request.thread.pool.cached = false (default)
2024-01-18 21:13:52,989 [main] INFO  server.RaftServerConfigKeys (ConfUtils.java:logGet(46)) - raft.server.data-stream.async.request.thread.pool.size = 20 (custom)
2024-01-18 21:13:52,989 [main] INFO  server.RaftServerConfigKeys (ConfUtils.java:logGet(46)) - raft.server.data-stream.async.write.thread.pool.size = 16 (default)
2024-01-18 21:13:52,990 [main] INFO  netty.NettyConfigKeys$DataStream (ConfUtils.java:logGet(46)) - raft.netty.dataStream.server.channel.inactive.grace-period = 10min (default)
2024-01-18 21:13:52,990 [main] INFO  server.RaftServerConfigKeys (ConfUtils.java:logGet(46)) - raft.server.data-stream.client.pool.size = 10 (default)
2024-01-18 21:13:52,990 [main] INFO  netty.NettyConfigKeys$DataStream (ConfUtils.java:logGet(46)) - raft.netty.dataStream.server.use-epoll = true (default)
2024-01-18 21:13:52,990 [main] INFO  netty.NettyConfigKeys$DataStream (ConfUtils.java:logGet(46)) - raft.netty.dataStream.server.boss-group.size = 0 (default)
2024-01-18 21:13:52,990 [main] INFO  netty.NettyUtils (NettyUtils.java:newEventLoopGroup(69)) - Create EpollEventLoopGroup for a53a26a9-4fba-413e-b26a-f90ec9646c55-NettyServerStreamRpc-bossGroup; Thread size is 0.
2024-01-18 21:13:52,991 [main] INFO  netty.NettyConfigKeys$DataStream (ConfUtils.java:logGet(46)) - raft.netty.dataStream.server.worker-group.size = 0 (default)
2024-01-18 21:13:52,991 [main] INFO  netty.NettyUtils (NettyUtils.java:newEventLoopGroup(69)) - Create EpollEventLoopGroup for a53a26a9-4fba-413e-b26a-f90ec9646c55-NettyServerStreamRpc-workerGroup; Thread size is 0.
2024-01-18 21:13:52,991 [main] INFO  netty.NettyConfigKeys$DataStream (ConfUtils.java:logGet(46)) - raft.netty.dataStream.server.tls.conf = null (default)
2024-01-18 21:13:52,991 [main] INFO  netty.NettyConfigKeys$DataStream (ConfUtils.java:logGet(46)) - raft.netty.dataStream.host = null (default)
2024-01-18 21:13:52,992 [main] INFO  netty.NettyConfigKeys$DataStream (ConfUtils.java:logGet(46)) - raft.netty.dataStream.port = 15104 (custom)
2024-01-18 21:13:52,992 [main] INFO  server.RaftServerConfigKeys (ConfUtils.java:logGet(46)) - raft.server.sleep.deviation.threshold = 300ms (default)
2024-01-18 21:13:52,992 [a53a26a9-4fba-413e-b26a-f90ec9646c55-NettyServerStreamRpc-bossGroup--thread1] INFO  logging.LoggingHandler (AbstractInternalLogger.java:log(148)) - [id: 0xeeb69128] REGISTERED
2024-01-18 21:13:52,992 [main] INFO  server.RaftServerConfigKeys (ConfUtils.java:logGet(46)) - raft.server.close.threshold = 60s (default)
2024-01-18 21:13:52,993 [main] INFO  server.RaftServerConfigKeys (ConfUtils.java:logGet(46)) - raft.server.leaderelection.leader.step-down.wait-time = 10s (default)
2024-01-18 21:13:52,993 [main] INFO  server.RaftServerConfigKeys (ConfUtils.java:logGet(46)) - raft.server.storage.dir = [/home/runner/work/ozone/ozone/hadoop-ozone/integration-test/target/test-dir/MiniOzoneClusterImpl-31edb46a-ccfd-4ac6-802d-5dd746a085ff/datanode-0/data/ratis] (custom)
2024-01-18 21:13:52,993 [main] INFO  server.RaftServerConfigKeys (ConfUtils.java:logGet(46)) - raft.server.threadpool.proxy.cached = true (default)
2024-01-18 21:13:52,993 [main] INFO  server.RaftServerConfigKeys (ConfUtils.java:logGet(46)) - raft.server.threadpool.proxy.size = 0 (default)
2024-01-18 21:13:52,993 [a53a26a9-4fba-413e-b26a-f90ec9646c55-NettyServerStreamRpc-bossGroup--thread1] INFO  logging.LoggingHandler (AbstractInternalLogger.java:log(148)) - [id: 0xeeb69128] BIND: 0.0.0.0/0.0.0.0:15104
2024-01-18 21:13:52,993 [a53a26a9-4fba-413e-b26a-f90ec9646c55-NettyServerStreamRpc-bossGroup--thread1] INFO  logging.LoggingHandler (AbstractInternalLogger.java:log(148)) - [id: 0xeeb69128, L:/0.0.0.0:15104] ACTIVE
2024-01-18 21:13:52,994 [a53a26a9-4fba-413e-b26a-f90ec9646c55-impl-thread1] INFO  server.RaftServer (RaftServerProxy.java:initGroupDir(264)) - a53a26a9-4fba-413e-b26a-f90ec9646c55: found a subdirectory /home/runner/work/ozone/ozone/hadoop-ozone/integration-test/target/test-dir/MiniOzoneClusterImpl-31edb46a-ccfd-4ac6-802d-5dd746a085ff/datanode-0/data/ratis/tmp
2024-01-18 21:13:52,994 [a53a26a9-4fba-413e-b26a-f90ec9646c55-impl-thread1] INFO  server.RaftServer (RaftServerProxy.java:initGroupDir(269)) - a53a26a9-4fba-413e-b26a-f90ec9646c55: The directory /home/runner/work/ozone/ozone/hadoop-ozone/integration-test/target/test-dir/MiniOzoneClusterImpl-31edb46a-ccfd-4ac6-802d-5dd746a085ff/datanode-0/data/ratis/tmp is not a group directory; ignoring it. 
2024-01-18 21:13:52,994 [main] INFO  replication.ReplicationServer (ReplicationServer.java:<init>(85)) - Initializing replication server with thread count = 10 queue length = 4096
2024-01-18 21:13:52,995 [main] INFO  server.XceiverServerGrpc (XceiverServerGrpc.java:<init>(141)) - GrpcServer channel type EpollServerSocketChannel
2024-01-18 21:13:52,996 [main] INFO  replication.ReplicationSupervisor (ReplicationSupervisor.java:build(163)) - Initializing replication supervisor with thread count = 10
2024-01-18 21:13:52,996 [main] INFO  replication.ReplicationSupervisor (ReplicationSupervisor.java:nodeStateUpdated(317)) - Node state updated to IN_SERVICE, scaling executor pool size to 10
2024-01-18 21:13:52,997 [main] INFO  http.BaseHttpServer (BaseHttpServer.java:newHttpServer2BuilderForOzone(223)) - Starting Web-server for hddsDatanode at: http://0.0.0.0:15098
2024-01-18 21:13:52,998 [main] INFO  http.BaseHttpServer (BaseHttpServer.java:<init>(110)) - Hadoop Security Enabled: false Ozone Security Enabled: false Ozone HTTP Security Enabled: false 
2024-01-18 21:13:52,998 [main] WARN  server.AuthenticationFilter (AuthenticationFilter.java:constructSecretProvider(240)) - Unable to initialize FileSignerSecretProvider, falling back to use random secrets. Reason: Could not read signature secret file: /home/runner/hadoop-http-auth-signature-secret
2024-01-18 21:13:52,999 [main] INFO  http.HttpRequestLog (HttpRequestLog.java:getRequestLog(86)) - Http request log for http.requests.hddsDatanode is not defined
2024-01-18 21:13:53,000 [main] INFO  http.HttpServer2 (HttpServer2.java:addGlobalFilter(1036)) - Added global filter 'safety' (class=org.apache.hadoop.hdds.server.http.HttpServer2$QuotingInputFilter)
2024-01-18 21:13:53,000 [main] INFO  http.HttpServer2 (HttpServer2.java:addFilter(1012)) - Added filter static_user_filter (class=org.apache.hadoop.http.lib.StaticUserWebFilter$StaticUserFilter) to context hddsDatanode
2024-01-18 21:13:53,000 [main] INFO  http.HttpServer2 (HttpServer2.java:addFilter(1020)) - Added filter static_user_filter (class=org.apache.hadoop.http.lib.StaticUserWebFilter$StaticUserFilter) to context logs
2024-01-18 21:13:53,001 [main] INFO  http.HttpServer2 (HttpServer2.java:addFilter(1020)) - Added filter static_user_filter (class=org.apache.hadoop.http.lib.StaticUserWebFilter$StaticUserFilter) to context static
2024-01-18 21:13:53,001 [main] INFO  http.BaseHttpServer (BaseHttpServer.java:<init>(189)) - HTTP server of hddsDatanode uses base directory /home/runner/work/ozone/ozone/hadoop-ozone/integration-test/target/test-dir/MiniOzoneClusterImpl-31edb46a-ccfd-4ac6-802d-5dd746a085ff/datanode-0/meta/webserver
2024-01-18 21:13:53,001 [main] INFO  http.HttpServer2 (HttpServer2.java:bindListener(1236)) - Jetty bound to port 15098
2024-01-18 21:13:53,001 [main] INFO  server.Server (Server.java:doStart(375)) - jetty-9.4.53.v20231009; built: 2023-10-09T12:29:09.265Z; git: 27bde00a0b95a1d5bbee0eae7984f891d2d0f8c9; jvm 1.8.0_392-b08
2024-01-18 21:13:53,002 [main] INFO  server.session (DefaultSessionIdManager.java:doStart(334)) - DefaultSessionIdManager workerName=node0
2024-01-18 21:13:53,002 [main] INFO  server.session (DefaultSessionIdManager.java:doStart(339)) - No SessionScavenger set, using defaults
2024-01-18 21:13:53,002 [main] INFO  server.session (HouseKeeper.java:startScavenging(132)) - node0 Scavenging every 660000ms
2024-01-18 21:13:53,003 [main] INFO  handler.ContextHandler (ContextHandler.java:doStart(921)) - Started o.e.j.s.ServletContextHandler@40a544df{logs,/logs,file:///home/runner/work/ozone/ozone/hadoop-ozone/integration-test/target/log,AVAILABLE}
2024-01-18 21:13:53,003 [main] INFO  handler.ContextHandler (ContextHandler.java:doStart(921)) - Started o.e.j.s.ServletContextHandler@33b2ab5f{static,/static,jar:file:/home/runner/.m2/repository/org/apache/ozone/hdds-container-service/1.5.0-SNAPSHOT/hdds-container-service-1.5.0-SNAPSHOT.jar!/webapps/static,AVAILABLE}
2024-01-18 21:13:53,035 [main] INFO  handler.ContextHandler (ContextHandler.java:doStart(921)) - Started o.e.j.w.WebAppContext@38850b00{hddsDatanode,/,file:///home/runner/work/ozone/ozone/hadoop-ozone/integration-test/target/test-dir/MiniOzoneClusterImpl-31edb46a-ccfd-4ac6-802d-5dd746a085ff/datanode-0/meta/webserver/jetty-0_0_0_0-15098-hdds-container-service-1_5_0-SNAPSHOT_jar-_-any-7427737898307476261/webapp/,AVAILABLE}{jar:file:/home/runner/.m2/repository/org/apache/ozone/hdds-container-service/1.5.0-SNAPSHOT/hdds-container-service-1.5.0-SNAPSHOT.jar!/webapps/hddsDatanode}
2024-01-18 21:13:53,037 [main] INFO  server.AbstractConnector (AbstractConnector.java:doStart(333)) - Started ServerConnector@a134e19{HTTP/1.1, (http/1.1)}{0.0.0.0:15098}
2024-01-18 21:13:53,037 [main] INFO  server.Server (Server.java:doStart(415)) - Started @44284ms
2024-01-18 21:13:53,037 [main] WARN  impl.MetricsSystemImpl (MetricsSystemImpl.java:register(279)) - Sink prometheus already exists!
2024-01-18 21:13:53,038 [main] INFO  http.BaseHttpServer (BaseHttpServer.java:updateConnectorAddress(354)) - HTTP server of hddsDatanode listening at http://0.0.0.0:15098
2024-01-18 21:13:53,038 [main] INFO  ipc.CallQueueManager (CallQueueManager.java:<init>(90)) - Using callQueue: class java.util.concurrent.LinkedBlockingQueue, queueCapacity: 100, scheduler: class org.apache.hadoop.ipc.DefaultRpcScheduler, ipcBackoff: false.
2024-01-18 21:13:53,038 [main] INFO  ipc.Server (Server.java:<init>(1287)) - Listener at 0.0.0.0:15099
2024-01-18 21:13:53,039 [Socket Reader #1 for port 15099] INFO  ipc.Server (Server.java:run(1323)) - Starting Socket Reader #1 for port 15099
2024-01-18 21:13:53,041 [main] INFO  ozone.HddsDatanodeService (HddsDatanodeService.java:start(324)) - Datanode start with admins: [runner]
2024-01-18 21:13:53,041 [main] INFO  ozone.HddsDatanodeClientProtocolServer (HddsDatanodeClientProtocolServer.java:start(72)) - RPC server for Client /0.0.0.0:15099
2024-01-18 21:13:53,041 [IPC Server Responder] INFO  ipc.Server (Server.java:run(1562)) - IPC Server Responder: starting
2024-01-18 21:13:53,042 [IPC Server listener on 15099] INFO  ipc.Server (Server.java:run(1402)) - IPC Server listener on 15099: starting
2024-01-18 21:13:53,047 [a53a26a9-4fba-413e-b26a-f90ec9646c55-DatanodeStateMachineDaemonThread] INFO  statemachine.DatanodeStateMachine (DatanodeStateMachine.java:lambda$startDaemon$1(555)) - Ozone container server started.
2024-01-18 21:13:53,047 [main] WARN  dropwizard3.Dm3MetricRegistriesImpl (Dm3MetricRegistriesImpl.java:addReporterRegistration(113)) - New reporters are added after registries were created. Some metrics will be missing from the reporter. Please add reporter before adding any new registry.
2024-01-18 21:13:53,048 [main] WARN  dropwizard3.Dm3MetricRegistriesImpl (Dm3MetricRegistriesImpl.java:addReporterRegistration(113)) - New reporters are added after registries were created. Some metrics will be missing from the reporter. Please add reporter before adding any new registry.
2024-01-18 21:13:53,048 [main] INFO  impl.MetricsSystemImpl (MetricsSystemImpl.java:init(158)) - HddsDatanode metrics system started (again)
2024-01-18 21:13:53,056 [a53a26a9-4fba-413e-b26a-f90ec9646c55-DatanodeStateMachineTaskThread-0] INFO  datanode.InitDatanodeState (InitDatanodeState.java:persistContainerDatanodeDetails(139)) - DatanodeDetails is persisted to /home/runner/work/ozone/ozone/hadoop-ozone/integration-test/target/test-dir/MiniOzoneClusterImpl-31edb46a-ccfd-4ac6-802d-5dd746a085ff/datanode-0/meta/datanode.id
2024-01-18 21:13:53,058 [main] INFO  ozone.HddsDatanodeService (HddsDatanodeService.java:start(239)) - HddsDatanodeService host:fv-az776-647.gib5dkvrjkgedmzi5ptrevqpbg.bx.internal.cloudapp.net ip:10.1.0.44
2024-01-18 21:13:53,074 [main] INFO  upgrade.AbstractLayoutVersionManager (AbstractLayoutVersionManager.java:init(83)) - Initializing Layout version manager with metadata layout = HADOOP_PRC_PORTS_IN_DATANODEDETAILS (version = 7), software layout = HADOOP_PRC_PORTS_IN_DATANODEDETAILS (version = 7)
2024-01-18 21:13:53,074 [main] INFO  statemachine.DatanodeStateMachine (DatanodeStateMachine.java:getEndPointTaskThreadPoolSize(299)) - Datanode State Machine Task Thread Pool size 2
2024-01-18 21:13:53,075 [main] INFO  volume.HddsVolume (HddsVolume.java:<init>(125)) - Creating HddsVolume: /home/runner/work/ozone/ozone/hadoop-ozone/integration-test/target/test-dir/MiniOzoneClusterImpl-31edb46a-ccfd-4ac6-802d-5dd746a085ff/datanode-1/data-0/containers/hdds of storage type : DISK capacity : 9223372036854775807
2024-01-18 21:13:53,076 [main] INFO  volume.MutableVolumeSet (MutableVolumeSet.java:initializeVolumeSet(173)) - Added Volume : /home/runner/work/ozone/ozone/hadoop-ozone/integration-test/target/test-dir/MiniOzoneClusterImpl-31edb46a-ccfd-4ac6-802d-5dd746a085ff/datanode-1/data-0/containers/hdds to VolumeSet
2024-01-18 21:13:53,076 [main] INFO  volume.MutableVolumeSet (MutableVolumeSet.java:initializeVolumeSet(173)) - Added Volume : /home/runner/work/ozone/ozone/hadoop-ozone/integration-test/target/test-dir/MiniOzoneClusterImpl-31edb46a-ccfd-4ac6-802d-5dd746a085ff/datanode-1/data/ratis to VolumeSet
2024-01-18 21:13:53,078 [main] INFO  ozoneimpl.OzoneContainer (HddsVolumeUtil.java:loadAllHddsVolumeDbStore(103)) - Load 1 volumes DbStore cost: 2ms
2024-01-18 21:13:53,079 [32a26d97-b348-45bd-baf8-7e50e45a1152-ContainerReader-0] INFO  ozoneimpl.ContainerReader (ContainerReader.java:readVolume(178)) - Finish verifying containers on volume /home/runner/work/ozone/ozone/hadoop-ozone/integration-test/target/test-dir/MiniOzoneClusterImpl-31edb46a-ccfd-4ac6-802d-5dd746a085ff/datanode-1/data-0/containers/hdds
2024-01-18 21:13:53,079 [main] INFO  ozoneimpl.OzoneContainer (OzoneContainer.java:buildContainerSet(328)) - Build ContainerSet costs 0s
2024-01-18 21:13:53,082 [main] INFO  server.RaftServer (ConfUtils.java:logGet(46)) - raft.rpc.type = GRPC (default)
2024-01-18 21:13:53,082 [main] INFO  grpc.GrpcConfigKeys (ConfUtils.java:logFallback(53)) - raft.grpc.admin.host = null (fallback to raft.grpc.server.host)
2024-01-18 21:13:53,082 [main] INFO  grpc.GrpcConfigKeys (ConfUtils.java:logGet(46)) - raft.grpc.admin.port = 15111 (custom)
2024-01-18 21:13:53,082 [main] INFO  grpc.GrpcConfigKeys (ConfUtils.java:logFallback(53)) - raft.grpc.client.host = null (fallback to raft.grpc.server.host)
2024-01-18 21:13:53,083 [main] INFO  grpc.GrpcConfigKeys (ConfUtils.java:logGet(46)) - raft.grpc.client.port = 15110 (custom)
2024-01-18 21:13:53,083 [main] INFO  grpc.GrpcConfigKeys (ConfUtils.java:logGet(46)) - raft.grpc.server.host = null (default)
2024-01-18 21:13:53,083 [main] INFO  grpc.GrpcConfigKeys (ConfUtils.java:logGet(46)) - raft.grpc.server.port = 15112 (custom)
2024-01-18 21:13:53,083 [main] INFO  server.GrpcService (ConfUtils.java:logGet(46)) - raft.grpc.message.size.max = 32MB (=33554432) (custom)
2024-01-18 21:13:53,083 [main] INFO  server.RaftServerConfigKeys (ConfUtils.java:logGet(46)) - raft.server.log.appender.buffer.byte-limit = 8388608 (custom)
2024-01-18 21:13:53,084 [main] INFO  server.GrpcService (ConfUtils.java:logGet(46)) - raft.grpc.flow.control.window = 5MB (=5242880) (custom)
2024-01-18 21:13:53,084 [main] INFO  server.RaftServerConfigKeys (ConfUtils.java:logGet(46)) - raft.server.rpc.request.timeout = 3000ms (default)
2024-01-18 21:13:53,084 [main] INFO  grpc.GrpcConfigKeys (ConfUtils.java:logGet(46)) - raft.grpc.server.heartbeat.channel = true (default)
2024-01-18 21:13:53,084 [main] INFO  grpc.GrpcConfigKeys (ConfUtils.java:logGet(46)) - raft.grpc.server.async.request.thread.pool.cached = true (default)
2024-01-18 21:13:53,085 [main] INFO  grpc.GrpcConfigKeys (ConfUtils.java:logGet(46)) - raft.grpc.server.async.request.thread.pool.size = 32 (default)
2024-01-18 21:13:53,087 [main] INFO  impl.DataStreamServerImpl (ConfUtils.java:logGet(46)) - raft.datastream.type = NETTY (custom)
2024-01-18 21:13:53,087 [main] INFO  server.RaftServerConfigKeys (ConfUtils.java:logGet(46)) - raft.server.data-stream.async.request.thread.pool.cached = false (default)
2024-01-18 21:13:53,088 [main] INFO  server.RaftServerConfigKeys (ConfUtils.java:logGet(46)) - raft.server.data-stream.async.request.thread.pool.size = 20 (custom)
2024-01-18 21:13:53,088 [main] INFO  server.RaftServerConfigKeys (ConfUtils.java:logGet(46)) - raft.server.data-stream.async.write.thread.pool.size = 16 (default)
2024-01-18 21:13:53,088 [main] INFO  netty.NettyConfigKeys$DataStream (ConfUtils.java:logGet(46)) - raft.netty.dataStream.server.channel.inactive.grace-period = 10min (default)
2024-01-18 21:13:53,088 [main] INFO  server.RaftServerConfigKeys (ConfUtils.java:logGet(46)) - raft.server.data-stream.client.pool.size = 10 (default)
2024-01-18 21:13:53,089 [main] INFO  netty.NettyConfigKeys$DataStream (ConfUtils.java:logGet(46)) - raft.netty.dataStream.server.use-epoll = true (default)
2024-01-18 21:13:53,089 [main] INFO  netty.NettyConfigKeys$DataStream (ConfUtils.java:logGet(46)) - raft.netty.dataStream.server.boss-group.size = 0 (default)
2024-01-18 21:13:53,089 [main] INFO  netty.NettyUtils (NettyUtils.java:newEventLoopGroup(69)) - Create EpollEventLoopGroup for 32a26d97-b348-45bd-baf8-7e50e45a1152-NettyServerStreamRpc-bossGroup; Thread size is 0.
2024-01-18 21:13:53,090 [main] INFO  netty.NettyConfigKeys$DataStream (ConfUtils.java:logGet(46)) - raft.netty.dataStream.server.worker-group.size = 0 (default)
2024-01-18 21:13:53,090 [main] INFO  netty.NettyUtils (NettyUtils.java:newEventLoopGroup(69)) - Create EpollEventLoopGroup for 32a26d97-b348-45bd-baf8-7e50e45a1152-NettyServerStreamRpc-workerGroup; Thread size is 0.
2024-01-18 21:13:53,090 [main] INFO  netty.NettyConfigKeys$DataStream (ConfUtils.java:logGet(46)) - raft.netty.dataStream.server.tls.conf = null (default)
2024-01-18 21:13:53,090 [main] INFO  netty.NettyConfigKeys$DataStream (ConfUtils.java:logGet(46)) - raft.netty.dataStream.host = null (default)
2024-01-18 21:13:53,091 [main] INFO  netty.NettyConfigKeys$DataStream (ConfUtils.java:logGet(46)) - raft.netty.dataStream.port = 15113 (custom)
2024-01-18 21:13:53,091 [main] INFO  server.RaftServerConfigKeys (ConfUtils.java:logGet(46)) - raft.server.sleep.deviation.threshold = 300ms (default)
2024-01-18 21:13:53,091 [main] INFO  server.RaftServerConfigKeys (ConfUtils.java:logGet(46)) - raft.server.close.threshold = 60s (default)
2024-01-18 21:13:53,092 [main] INFO  server.RaftServerConfigKeys (ConfUtils.java:logGet(46)) - raft.server.leaderelection.leader.step-down.wait-time = 10s (default)
2024-01-18 21:13:53,092 [main] INFO  server.RaftServerConfigKeys (ConfUtils.java:logGet(46)) - raft.server.storage.dir = [/home/runner/work/ozone/ozone/hadoop-ozone/integration-test/target/test-dir/MiniOzoneClusterImpl-31edb46a-ccfd-4ac6-802d-5dd746a085ff/datanode-1/data/ratis] (custom)
2024-01-18 21:13:53,092 [main] INFO  server.RaftServerConfigKeys (ConfUtils.java:logGet(46)) - raft.server.threadpool.proxy.cached = true (default)
2024-01-18 21:13:53,092 [main] INFO  server.RaftServerConfigKeys (ConfUtils.java:logGet(46)) - raft.server.threadpool.proxy.size = 0 (default)
2024-01-18 21:13:53,091 [32a26d97-b348-45bd-baf8-7e50e45a1152-NettyServerStreamRpc-bossGroup--thread1] INFO  logging.LoggingHandler (AbstractInternalLogger.java:log(148)) - [id: 0xf75c1fcf] REGISTERED
2024-01-18 21:13:53,093 [32a26d97-b348-45bd-baf8-7e50e45a1152-NettyServerStreamRpc-bossGroup--thread1] INFO  logging.LoggingHandler (AbstractInternalLogger.java:log(148)) - [id: 0xf75c1fcf] BIND: 0.0.0.0/0.0.0.0:15113
2024-01-18 21:13:53,093 [32a26d97-b348-45bd-baf8-7e50e45a1152-NettyServerStreamRpc-bossGroup--thread1] INFO  logging.LoggingHandler (AbstractInternalLogger.java:log(148)) - [id: 0xf75c1fcf, L:/0.0.0.0:15113] ACTIVE
2024-01-18 21:13:53,094 [32a26d97-b348-45bd-baf8-7e50e45a1152-impl-thread1] INFO  server.RaftServer (RaftServerProxy.java:initGroupDir(264)) - 32a26d97-b348-45bd-baf8-7e50e45a1152: found a subdirectory /home/runner/work/ozone/ozone/hadoop-ozone/integration-test/target/test-dir/MiniOzoneClusterImpl-31edb46a-ccfd-4ac6-802d-5dd746a085ff/datanode-1/data/ratis/tmp
2024-01-18 21:13:53,094 [32a26d97-b348-45bd-baf8-7e50e45a1152-impl-thread1] INFO  server.RaftServer (RaftServerProxy.java:initGroupDir(269)) - 32a26d97-b348-45bd-baf8-7e50e45a1152: The directory /home/runner/work/ozone/ozone/hadoop-ozone/integration-test/target/test-dir/MiniOzoneClusterImpl-31edb46a-ccfd-4ac6-802d-5dd746a085ff/datanode-1/data/ratis/tmp is not a group directory; ignoring it. 
2024-01-18 21:13:53,094 [main] INFO  replication.ReplicationServer (ReplicationServer.java:<init>(85)) - Initializing replication server with thread count = 10 queue length = 4096
2024-01-18 21:13:53,095 [main] INFO  server.XceiverServerGrpc (XceiverServerGrpc.java:<init>(141)) - GrpcServer channel type EpollServerSocketChannel
2024-01-18 21:13:53,097 [main] INFO  replication.ReplicationSupervisor (ReplicationSupervisor.java:build(163)) - Initializing replication supervisor with thread count = 10
2024-01-18 21:13:53,097 [main] INFO  replication.ReplicationSupervisor (ReplicationSupervisor.java:nodeStateUpdated(317)) - Node state updated to IN_SERVICE, scaling executor pool size to 10
2024-01-18 21:13:53,099 [main] INFO  http.BaseHttpServer (BaseHttpServer.java:newHttpServer2BuilderForOzone(223)) - Starting Web-server for hddsDatanode at: http://0.0.0.0:15107
2024-01-18 21:13:53,099 [main] INFO  http.BaseHttpServer (BaseHttpServer.java:<init>(110)) - Hadoop Security Enabled: false Ozone Security Enabled: false Ozone HTTP Security Enabled: false 
2024-01-18 21:13:53,100 [main] WARN  server.AuthenticationFilter (AuthenticationFilter.java:constructSecretProvider(240)) - Unable to initialize FileSignerSecretProvider, falling back to use random secrets. Reason: Could not read signature secret file: /home/runner/hadoop-http-auth-signature-secret
2024-01-18 21:13:53,100 [main] INFO  http.HttpRequestLog (HttpRequestLog.java:getRequestLog(86)) - Http request log for http.requests.hddsDatanode is not defined
2024-01-18 21:13:53,101 [main] INFO  http.HttpServer2 (HttpServer2.java:addGlobalFilter(1036)) - Added global filter 'safety' (class=org.apache.hadoop.hdds.server.http.HttpServer2$QuotingInputFilter)
2024-01-18 21:13:53,101 [main] INFO  http.HttpServer2 (HttpServer2.java:addFilter(1012)) - Added filter static_user_filter (class=org.apache.hadoop.http.lib.StaticUserWebFilter$StaticUserFilter) to context hddsDatanode
2024-01-18 21:13:53,101 [main] INFO  http.HttpServer2 (HttpServer2.java:addFilter(1020)) - Added filter static_user_filter (class=org.apache.hadoop.http.lib.StaticUserWebFilter$StaticUserFilter) to context logs
2024-01-18 21:13:53,102 [main] INFO  http.HttpServer2 (HttpServer2.java:addFilter(1020)) - Added filter static_user_filter (class=org.apache.hadoop.http.lib.StaticUserWebFilter$StaticUserFilter) to context static
2024-01-18 21:13:53,102 [main] INFO  http.BaseHttpServer (BaseHttpServer.java:<init>(189)) - HTTP server of hddsDatanode uses base directory /home/runner/work/ozone/ozone/hadoop-ozone/integration-test/target/test-dir/MiniOzoneClusterImpl-31edb46a-ccfd-4ac6-802d-5dd746a085ff/datanode-1/meta/webserver
2024-01-18 21:13:53,102 [main] INFO  http.HttpServer2 (HttpServer2.java:bindListener(1236)) - Jetty bound to port 15107
2024-01-18 21:13:53,102 [main] INFO  server.Server (Server.java:doStart(375)) - jetty-9.4.53.v20231009; built: 2023-10-09T12:29:09.265Z; git: 27bde00a0b95a1d5bbee0eae7984f891d2d0f8c9; jvm 1.8.0_392-b08
2024-01-18 21:13:53,103 [main] INFO  server.session (DefaultSessionIdManager.java:doStart(334)) - DefaultSessionIdManager workerName=node0
2024-01-18 21:13:53,103 [main] INFO  server.session (DefaultSessionIdManager.java:doStart(339)) - No SessionScavenger set, using defaults
2024-01-18 21:13:53,104 [main] INFO  server.session (HouseKeeper.java:startScavenging(132)) - node0 Scavenging every 660000ms
2024-01-18 21:13:53,104 [main] INFO  handler.ContextHandler (ContextHandler.java:doStart(921)) - Started o.e.j.s.ServletContextHandler@5c45590c{logs,/logs,file:///home/runner/work/ozone/ozone/hadoop-ozone/integration-test/target/log,AVAILABLE}
2024-01-18 21:13:53,104 [main] INFO  handler.ContextHandler (ContextHandler.java:doStart(921)) - Started o.e.j.s.ServletContextHandler@104e2c55{static,/static,jar:file:/home/runner/.m2/repository/org/apache/ozone/hdds-container-service/1.5.0-SNAPSHOT/hdds-container-service-1.5.0-SNAPSHOT.jar!/webapps/static,AVAILABLE}
2024-01-18 21:13:53,137 [main] INFO  handler.ContextHandler (ContextHandler.java:doStart(921)) - Started o.e.j.w.WebAppContext@69513b63{hddsDatanode,/,file:///home/runner/work/ozone/ozone/hadoop-ozone/integration-test/target/test-dir/MiniOzoneClusterImpl-31edb46a-ccfd-4ac6-802d-5dd746a085ff/datanode-1/meta/webserver/jetty-0_0_0_0-15107-hdds-container-service-1_5_0-SNAPSHOT_jar-_-any-3067775847171970011/webapp/,AVAILABLE}{jar:file:/home/runner/.m2/repository/org/apache/ozone/hdds-container-service/1.5.0-SNAPSHOT/hdds-container-service-1.5.0-SNAPSHOT.jar!/webapps/hddsDatanode}
2024-01-18 21:13:53,140 [main] INFO  server.AbstractConnector (AbstractConnector.java:doStart(333)) - Started ServerConnector@f953325{HTTP/1.1, (http/1.1)}{0.0.0.0:15107}
2024-01-18 21:13:53,141 [main] INFO  server.Server (Server.java:doStart(415)) - Started @44387ms
2024-01-18 21:13:53,141 [main] WARN  impl.MetricsSystemImpl (MetricsSystemImpl.java:register(279)) - Sink prometheus already exists!
2024-01-18 21:13:53,142 [main] INFO  http.BaseHttpServer (BaseHttpServer.java:updateConnectorAddress(354)) - HTTP server of hddsDatanode listening at http://0.0.0.0:15107
2024-01-18 21:13:53,142 [main] INFO  ipc.CallQueueManager (CallQueueManager.java:<init>(90)) - Using callQueue: class java.util.concurrent.LinkedBlockingQueue, queueCapacity: 100, scheduler: class org.apache.hadoop.ipc.DefaultRpcScheduler, ipcBackoff: false.
2024-01-18 21:13:53,142 [main] INFO  ipc.Server (Server.java:<init>(1287)) - Listener at 0.0.0.0:15108
2024-01-18 21:13:53,143 [Socket Reader #1 for port 15108] INFO  ipc.Server (Server.java:run(1323)) - Starting Socket Reader #1 for port 15108
2024-01-18 21:13:53,144 [main] INFO  ozone.HddsDatanodeService (HddsDatanodeService.java:start(324)) - Datanode start with admins: [runner]
2024-01-18 21:13:53,144 [main] INFO  ozone.HddsDatanodeClientProtocolServer (HddsDatanodeClientProtocolServer.java:start(72)) - RPC server for Client /0.0.0.0:15108
2024-01-18 21:13:53,145 [IPC Server Responder] INFO  ipc.Server (Server.java:run(1562)) - IPC Server Responder: starting
2024-01-18 21:13:53,146 [main] WARN  dropwizard3.Dm3MetricRegistriesImpl (Dm3MetricRegistriesImpl.java:addReporterRegistration(113)) - New reporters are added after registries were created. Some metrics will be missing from the reporter. Please add reporter before adding any new registry.
2024-01-18 21:13:53,146 [main] WARN  dropwizard3.Dm3MetricRegistriesImpl (Dm3MetricRegistriesImpl.java:addReporterRegistration(113)) - New reporters are added after registries were created. Some metrics will be missing from the reporter. Please add reporter before adding any new registry.
2024-01-18 21:13:53,146 [main] INFO  impl.MetricsSystemImpl (MetricsSystemImpl.java:init(158)) - HddsDatanode metrics system started (again)
2024-01-18 21:13:53,147 [IPC Server listener on 15108] INFO  ipc.Server (Server.java:run(1402)) - IPC Server listener on 15108: starting
2024-01-18 21:13:53,148 [32a26d97-b348-45bd-baf8-7e50e45a1152-DatanodeStateMachineDaemonThread] INFO  statemachine.DatanodeStateMachine (DatanodeStateMachine.java:lambda$startDaemon$1(555)) - Ozone container server started.
2024-01-18 21:13:53,151 [32a26d97-b348-45bd-baf8-7e50e45a1152-DatanodeStateMachineTaskThread-0] INFO  datanode.InitDatanodeState (InitDatanodeState.java:persistContainerDatanodeDetails(139)) - DatanodeDetails is persisted to /home/runner/work/ozone/ozone/hadoop-ozone/integration-test/target/test-dir/MiniOzoneClusterImpl-31edb46a-ccfd-4ac6-802d-5dd746a085ff/datanode-1/meta/datanode.id
2024-01-18 21:13:53,157 [main] INFO  ozone.HddsDatanodeService (HddsDatanodeService.java:start(239)) - HddsDatanodeService host:fv-az776-647.gib5dkvrjkgedmzi5ptrevqpbg.bx.internal.cloudapp.net ip:10.1.0.44
2024-01-18 21:13:53,171 [main] INFO  upgrade.AbstractLayoutVersionManager (AbstractLayoutVersionManager.java:init(83)) - Initializing Layout version manager with metadata layout = HADOOP_PRC_PORTS_IN_DATANODEDETAILS (version = 7), software layout = HADOOP_PRC_PORTS_IN_DATANODEDETAILS (version = 7)
2024-01-18 21:13:53,171 [main] INFO  statemachine.DatanodeStateMachine (DatanodeStateMachine.java:getEndPointTaskThreadPoolSize(299)) - Datanode State Machine Task Thread Pool size 2
2024-01-18 21:13:53,173 [main] INFO  volume.HddsVolume (HddsVolume.java:<init>(125)) - Creating HddsVolume: /home/runner/work/ozone/ozone/hadoop-ozone/integration-test/target/test-dir/MiniOzoneClusterImpl-31edb46a-ccfd-4ac6-802d-5dd746a085ff/datanode-2/data-0/containers/hdds of storage type : DISK capacity : 9223372036854775807
2024-01-18 21:13:53,173 [main] INFO  volume.MutableVolumeSet (MutableVolumeSet.java:initializeVolumeSet(173)) - Added Volume : /home/runner/work/ozone/ozone/hadoop-ozone/integration-test/target/test-dir/MiniOzoneClusterImpl-31edb46a-ccfd-4ac6-802d-5dd746a085ff/datanode-2/data-0/containers/hdds to VolumeSet
2024-01-18 21:13:53,173 [main] INFO  volume.MutableVolumeSet (MutableVolumeSet.java:initializeVolumeSet(173)) - Added Volume : /home/runner/work/ozone/ozone/hadoop-ozone/integration-test/target/test-dir/MiniOzoneClusterImpl-31edb46a-ccfd-4ac6-802d-5dd746a085ff/datanode-2/data/ratis to VolumeSet
2024-01-18 21:13:53,179 [main] INFO  ozoneimpl.OzoneContainer (HddsVolumeUtil.java:loadAllHddsVolumeDbStore(103)) - Load 1 volumes DbStore cost: 5ms
2024-01-18 21:13:53,180 [686b4373-3f6e-463e-bd5f-56c21a134faf-ContainerReader-0] INFO  ozoneimpl.ContainerReader (ContainerReader.java:readVolume(178)) - Finish verifying containers on volume /home/runner/work/ozone/ozone/hadoop-ozone/integration-test/target/test-dir/MiniOzoneClusterImpl-31edb46a-ccfd-4ac6-802d-5dd746a085ff/datanode-2/data-0/containers/hdds
2024-01-18 21:13:53,180 [main] INFO  ozoneimpl.OzoneContainer (OzoneContainer.java:buildContainerSet(328)) - Build ContainerSet costs 0s
2024-01-18 21:13:53,182 [main] INFO  server.RaftServer (ConfUtils.java:logGet(46)) - raft.rpc.type = GRPC (default)
2024-01-18 21:13:53,182 [main] INFO  grpc.GrpcConfigKeys (ConfUtils.java:logFallback(53)) - raft.grpc.admin.host = null (fallback to raft.grpc.server.host)
2024-01-18 21:13:53,182 [main] INFO  grpc.GrpcConfigKeys (ConfUtils.java:logGet(46)) - raft.grpc.admin.port = 15120 (custom)
2024-01-18 21:13:53,182 [main] INFO  grpc.GrpcConfigKeys (ConfUtils.java:logFallback(53)) - raft.grpc.client.host = null (fallback to raft.grpc.server.host)
2024-01-18 21:13:53,183 [main] INFO  grpc.GrpcConfigKeys (ConfUtils.java:logGet(46)) - raft.grpc.client.port = 15119 (custom)
2024-01-18 21:13:53,183 [main] INFO  grpc.GrpcConfigKeys (ConfUtils.java:logGet(46)) - raft.grpc.server.host = null (default)
2024-01-18 21:13:53,183 [main] INFO  grpc.GrpcConfigKeys (ConfUtils.java:logGet(46)) - raft.grpc.server.port = 15121 (custom)
2024-01-18 21:13:53,183 [main] INFO  server.GrpcService (ConfUtils.java:logGet(46)) - raft.grpc.message.size.max = 32MB (=33554432) (custom)
2024-01-18 21:13:53,183 [main] INFO  server.RaftServerConfigKeys (ConfUtils.java:logGet(46)) - raft.server.log.appender.buffer.byte-limit = 8388608 (custom)
2024-01-18 21:13:53,184 [main] INFO  server.GrpcService (ConfUtils.java:logGet(46)) - raft.grpc.flow.control.window = 5MB (=5242880) (custom)
2024-01-18 21:13:53,184 [main] INFO  server.RaftServerConfigKeys (ConfUtils.java:logGet(46)) - raft.server.rpc.request.timeout = 3000ms (default)
2024-01-18 21:13:53,184 [main] INFO  grpc.GrpcConfigKeys (ConfUtils.java:logGet(46)) - raft.grpc.server.heartbeat.channel = true (default)
2024-01-18 21:13:53,184 [main] INFO  grpc.GrpcConfigKeys (ConfUtils.java:logGet(46)) - raft.grpc.server.async.request.thread.pool.cached = true (default)
2024-01-18 21:13:53,185 [main] INFO  grpc.GrpcConfigKeys (ConfUtils.java:logGet(46)) - raft.grpc.server.async.request.thread.pool.size = 32 (default)
2024-01-18 21:13:53,187 [main] INFO  impl.DataStreamServerImpl (ConfUtils.java:logGet(46)) - raft.datastream.type = NETTY (custom)
2024-01-18 21:13:53,187 [main] INFO  server.RaftServerConfigKeys (ConfUtils.java:logGet(46)) - raft.server.data-stream.async.request.thread.pool.cached = false (default)
2024-01-18 21:13:53,188 [main] INFO  server.RaftServerConfigKeys (ConfUtils.java:logGet(46)) - raft.server.data-stream.async.request.thread.pool.size = 20 (custom)
2024-01-18 21:13:53,188 [main] INFO  server.RaftServerConfigKeys (ConfUtils.java:logGet(46)) - raft.server.data-stream.async.write.thread.pool.size = 16 (default)
2024-01-18 21:13:53,188 [main] INFO  netty.NettyConfigKeys$DataStream (ConfUtils.java:logGet(46)) - raft.netty.dataStream.server.channel.inactive.grace-period = 10min (default)
2024-01-18 21:13:53,188 [main] INFO  server.RaftServerConfigKeys (ConfUtils.java:logGet(46)) - raft.server.data-stream.client.pool.size = 10 (default)
2024-01-18 21:13:53,188 [main] INFO  netty.NettyConfigKeys$DataStream (ConfUtils.java:logGet(46)) - raft.netty.dataStream.server.use-epoll = true (default)
2024-01-18 21:13:53,189 [main] INFO  netty.NettyConfigKeys$DataStream (ConfUtils.java:logGet(46)) - raft.netty.dataStream.server.boss-group.size = 0 (default)
2024-01-18 21:13:53,189 [main] INFO  netty.NettyUtils (NettyUtils.java:newEventLoopGroup(69)) - Create EpollEventLoopGroup for 686b4373-3f6e-463e-bd5f-56c21a134faf-NettyServerStreamRpc-bossGroup; Thread size is 0.
2024-01-18 21:13:53,189 [main] INFO  netty.NettyConfigKeys$DataStream (ConfUtils.java:logGet(46)) - raft.netty.dataStream.server.worker-group.size = 0 (default)
2024-01-18 21:13:53,189 [main] INFO  netty.NettyUtils (NettyUtils.java:newEventLoopGroup(69)) - Create EpollEventLoopGroup for 686b4373-3f6e-463e-bd5f-56c21a134faf-NettyServerStreamRpc-workerGroup; Thread size is 0.
2024-01-18 21:13:53,190 [main] INFO  netty.NettyConfigKeys$DataStream (ConfUtils.java:logGet(46)) - raft.netty.dataStream.server.tls.conf = null (default)
2024-01-18 21:13:53,190 [main] INFO  netty.NettyConfigKeys$DataStream (ConfUtils.java:logGet(46)) - raft.netty.dataStream.host = null (default)
2024-01-18 21:13:53,190 [main] INFO  netty.NettyConfigKeys$DataStream (ConfUtils.java:logGet(46)) - raft.netty.dataStream.port = 15122 (custom)
2024-01-18 21:13:53,194 [main] INFO  server.RaftServerConfigKeys (ConfUtils.java:logGet(46)) - raft.server.sleep.deviation.threshold = 300ms (default)
2024-01-18 21:13:53,195 [686b4373-3f6e-463e-bd5f-56c21a134faf-NettyServerStreamRpc-bossGroup--thread1] INFO  logging.LoggingHandler (AbstractInternalLogger.java:log(148)) - [id: 0x0e285945] REGISTERED
2024-01-18 21:13:53,195 [main] INFO  server.RaftServerConfigKeys (ConfUtils.java:logGet(46)) - raft.server.close.threshold = 60s (default)
2024-01-18 21:13:53,195 [686b4373-3f6e-463e-bd5f-56c21a134faf-NettyServerStreamRpc-bossGroup--thread1] INFO  logging.LoggingHandler (AbstractInternalLogger.java:log(148)) - [id: 0x0e285945] BIND: 0.0.0.0/0.0.0.0:15122
2024-01-18 21:13:53,195 [main] INFO  server.RaftServerConfigKeys (ConfUtils.java:logGet(46)) - raft.server.leaderelection.leader.step-down.wait-time = 10s (default)
2024-01-18 21:13:53,195 [686b4373-3f6e-463e-bd5f-56c21a134faf-NettyServerStreamRpc-bossGroup--thread1] INFO  logging.LoggingHandler (AbstractInternalLogger.java:log(148)) - [id: 0x0e285945, L:/0.0.0.0:15122] ACTIVE
2024-01-18 21:13:53,195 [main] INFO  server.RaftServerConfigKeys (ConfUtils.java:logGet(46)) - raft.server.storage.dir = [/home/runner/work/ozone/ozone/hadoop-ozone/integration-test/target/test-dir/MiniOzoneClusterImpl-31edb46a-ccfd-4ac6-802d-5dd746a085ff/datanode-2/data/ratis] (custom)
2024-01-18 21:13:53,195 [main] INFO  server.RaftServerConfigKeys (ConfUtils.java:logGet(46)) - raft.server.threadpool.proxy.cached = true (default)
2024-01-18 21:13:53,196 [main] INFO  server.RaftServerConfigKeys (ConfUtils.java:logGet(46)) - raft.server.threadpool.proxy.size = 0 (default)
2024-01-18 21:13:53,196 [686b4373-3f6e-463e-bd5f-56c21a134faf-impl-thread1] INFO  server.RaftServer (RaftServerProxy.java:initGroupDir(264)) - 686b4373-3f6e-463e-bd5f-56c21a134faf: found a subdirectory /home/runner/work/ozone/ozone/hadoop-ozone/integration-test/target/test-dir/MiniOzoneClusterImpl-31edb46a-ccfd-4ac6-802d-5dd746a085ff/datanode-2/data/ratis/tmp
2024-01-18 21:13:53,196 [686b4373-3f6e-463e-bd5f-56c21a134faf-impl-thread1] INFO  server.RaftServer (RaftServerProxy.java:initGroupDir(269)) - 686b4373-3f6e-463e-bd5f-56c21a134faf: The directory /home/runner/work/ozone/ozone/hadoop-ozone/integration-test/target/test-dir/MiniOzoneClusterImpl-31edb46a-ccfd-4ac6-802d-5dd746a085ff/datanode-2/data/ratis/tmp is not a group directory; ignoring it. 
2024-01-18 21:13:53,196 [main] INFO  replication.ReplicationServer (ReplicationServer.java:<init>(85)) - Initializing replication server with thread count = 10 queue length = 4096
2024-01-18 21:13:53,197 [main] INFO  server.XceiverServerGrpc (XceiverServerGrpc.java:<init>(141)) - GrpcServer channel type EpollServerSocketChannel
2024-01-18 21:13:53,198 [main] INFO  replication.ReplicationSupervisor (ReplicationSupervisor.java:build(163)) - Initializing replication supervisor with thread count = 10
2024-01-18 21:13:53,198 [main] INFO  replication.ReplicationSupervisor (ReplicationSupervisor.java:nodeStateUpdated(317)) - Node state updated to IN_SERVICE, scaling executor pool size to 10
2024-01-18 21:13:53,200 [main] INFO  http.BaseHttpServer (BaseHttpServer.java:newHttpServer2BuilderForOzone(223)) - Starting Web-server for hddsDatanode at: http://0.0.0.0:15116
2024-01-18 21:13:53,200 [main] INFO  http.BaseHttpServer (BaseHttpServer.java:<init>(110)) - Hadoop Security Enabled: false Ozone Security Enabled: false Ozone HTTP Security Enabled: false 
2024-01-18 21:13:53,201 [main] WARN  server.AuthenticationFilter (AuthenticationFilter.java:constructSecretProvider(240)) - Unable to initialize FileSignerSecretProvider, falling back to use random secrets. Reason: Could not read signature secret file: /home/runner/hadoop-http-auth-signature-secret
2024-01-18 21:13:53,202 [main] INFO  http.HttpRequestLog (HttpRequestLog.java:getRequestLog(86)) - Http request log for http.requests.hddsDatanode is not defined
2024-01-18 21:13:53,203 [main] INFO  http.HttpServer2 (HttpServer2.java:addGlobalFilter(1036)) - Added global filter 'safety' (class=org.apache.hadoop.hdds.server.http.HttpServer2$QuotingInputFilter)
2024-01-18 21:13:53,203 [main] INFO  http.HttpServer2 (HttpServer2.java:addFilter(1012)) - Added filter static_user_filter (class=org.apache.hadoop.http.lib.StaticUserWebFilter$StaticUserFilter) to context hddsDatanode
2024-01-18 21:13:53,203 [main] INFO  http.HttpServer2 (HttpServer2.java:addFilter(1020)) - Added filter static_user_filter (class=org.apache.hadoop.http.lib.StaticUserWebFilter$StaticUserFilter) to context static
2024-01-18 21:13:53,204 [main] INFO  http.HttpServer2 (HttpServer2.java:addFilter(1020)) - Added filter static_user_filter (class=org.apache.hadoop.http.lib.StaticUserWebFilter$StaticUserFilter) to context logs
2024-01-18 21:13:53,204 [main] INFO  http.BaseHttpServer (BaseHttpServer.java:<init>(189)) - HTTP server of hddsDatanode uses base directory /home/runner/work/ozone/ozone/hadoop-ozone/integration-test/target/test-dir/MiniOzoneClusterImpl-31edb46a-ccfd-4ac6-802d-5dd746a085ff/datanode-2/meta/webserver
2024-01-18 21:13:53,205 [main] INFO  http.HttpServer2 (HttpServer2.java:bindListener(1236)) - Jetty bound to port 15116
2024-01-18 21:13:53,205 [main] INFO  server.Server (Server.java:doStart(375)) - jetty-9.4.53.v20231009; built: 2023-10-09T12:29:09.265Z; git: 27bde00a0b95a1d5bbee0eae7984f891d2d0f8c9; jvm 1.8.0_392-b08
2024-01-18 21:13:53,212 [main] INFO  server.session (DefaultSessionIdManager.java:doStart(334)) - DefaultSessionIdManager workerName=node0
2024-01-18 21:13:53,212 [main] INFO  server.session (DefaultSessionIdManager.java:doStart(339)) - No SessionScavenger set, using defaults
2024-01-18 21:13:53,212 [main] INFO  server.session (HouseKeeper.java:startScavenging(132)) - node0 Scavenging every 660000ms
2024-01-18 21:13:53,213 [main] INFO  handler.ContextHandler (ContextHandler.java:doStart(921)) - Started o.e.j.s.ServletContextHandler@61611b1f{logs,/logs,file:///home/runner/work/ozone/ozone/hadoop-ozone/integration-test/target/log,AVAILABLE}
2024-01-18 21:13:53,214 [main] INFO  handler.ContextHandler (ContextHandler.java:doStart(921)) - Started o.e.j.s.ServletContextHandler@3dd939bc{static,/static,jar:file:/home/runner/.m2/repository/org/apache/ozone/hdds-container-service/1.5.0-SNAPSHOT/hdds-container-service-1.5.0-SNAPSHOT.jar!/webapps/static,AVAILABLE}
2024-01-18 21:13:53,254 [main] INFO  handler.ContextHandler (ContextHandler.java:doStart(921)) - Started o.e.j.w.WebAppContext@1585e32{hddsDatanode,/,file:///home/runner/work/ozone/ozone/hadoop-ozone/integration-test/target/test-dir/MiniOzoneClusterImpl-31edb46a-ccfd-4ac6-802d-5dd746a085ff/datanode-2/meta/webserver/jetty-0_0_0_0-15116-hdds-container-service-1_5_0-SNAPSHOT_jar-_-any-3000311653383046348/webapp/,AVAILABLE}{jar:file:/home/runner/.m2/repository/org/apache/ozone/hdds-container-service/1.5.0-SNAPSHOT/hdds-container-service-1.5.0-SNAPSHOT.jar!/webapps/hddsDatanode}
2024-01-18 21:13:53,256 [main] INFO  server.AbstractConnector (AbstractConnector.java:doStart(333)) - Started ServerConnector@5c0d536f{HTTP/1.1, (http/1.1)}{0.0.0.0:15116}
2024-01-18 21:13:53,256 [main] INFO  server.Server (Server.java:doStart(415)) - Started @44503ms
2024-01-18 21:13:53,257 [main] WARN  impl.MetricsSystemImpl (MetricsSystemImpl.java:register(279)) - Sink prometheus already exists!
2024-01-18 21:13:53,257 [main] INFO  http.BaseHttpServer (BaseHttpServer.java:updateConnectorAddress(354)) - HTTP server of hddsDatanode listening at http://0.0.0.0:15116
2024-01-18 21:13:53,258 [main] INFO  ipc.CallQueueManager (CallQueueManager.java:<init>(90)) - Using callQueue: class java.util.concurrent.LinkedBlockingQueue, queueCapacity: 100, scheduler: class org.apache.hadoop.ipc.DefaultRpcScheduler, ipcBackoff: false.
2024-01-18 21:13:53,258 [main] INFO  ipc.Server (Server.java:<init>(1287)) - Listener at 0.0.0.0:15117
2024-01-18 21:13:53,258 [Socket Reader #1 for port 15117] INFO  ipc.Server (Server.java:run(1323)) - Starting Socket Reader #1 for port 15117
2024-01-18 21:13:53,260 [main] INFO  ozone.HddsDatanodeService (HddsDatanodeService.java:start(324)) - Datanode start with admins: [runner]
2024-01-18 21:13:53,261 [main] INFO  ozone.HddsDatanodeClientProtocolServer (HddsDatanodeClientProtocolServer.java:start(72)) - RPC server for Client /0.0.0.0:15117
2024-01-18 21:13:53,263 [IPC Server Responder] INFO  ipc.Server (Server.java:run(1562)) - IPC Server Responder: starting
2024-01-18 21:13:53,264 [IPC Server listener on 15117] INFO  ipc.Server (Server.java:run(1402)) - IPC Server listener on 15117: starting
2024-01-18 21:13:53,271 [686b4373-3f6e-463e-bd5f-56c21a134faf-DatanodeStateMachineDaemonThread] INFO  statemachine.DatanodeStateMachine (DatanodeStateMachine.java:lambda$startDaemon$1(555)) - Ozone container server started.
2024-01-18 21:13:53,272 [main] WARN  dropwizard3.Dm3MetricRegistriesImpl (Dm3MetricRegistriesImpl.java:addReporterRegistration(113)) - New reporters are added after registries were created. Some metrics will be missing from the reporter. Please add reporter before adding any new registry.
2024-01-18 21:13:53,273 [main] WARN  dropwizard3.Dm3MetricRegistriesImpl (Dm3MetricRegistriesImpl.java:addReporterRegistration(113)) - New reporters are added after registries were created. Some metrics will be missing from the reporter. Please add reporter before adding any new registry.
2024-01-18 21:13:53,273 [main] INFO  impl.MetricsSystemImpl (MetricsSystemImpl.java:init(158)) - HddsDatanode metrics system started (again)
2024-01-18 21:13:53,276 [686b4373-3f6e-463e-bd5f-56c21a134faf-DatanodeStateMachineTaskThread-0] INFO  datanode.InitDatanodeState (InitDatanodeState.java:persistContainerDatanodeDetails(139)) - DatanodeDetails is persisted to /home/runner/work/ozone/ozone/hadoop-ozone/integration-test/target/test-dir/MiniOzoneClusterImpl-31edb46a-ccfd-4ac6-802d-5dd746a085ff/datanode-2/meta/datanode.id
2024-01-18 21:13:53,282 [main] INFO  ozone.HddsDatanodeService (HddsDatanodeService.java:start(239)) - HddsDatanodeService host:fv-az776-647.gib5dkvrjkgedmzi5ptrevqpbg.bx.internal.cloudapp.net ip:10.1.0.44
2024-01-18 21:13:53,296 [main] INFO  upgrade.AbstractLayoutVersionManager (AbstractLayoutVersionManager.java:init(83)) - Initializing Layout version manager with metadata layout = HADOOP_PRC_PORTS_IN_DATANODEDETAILS (version = 7), software layout = HADOOP_PRC_PORTS_IN_DATANODEDETAILS (version = 7)
2024-01-18 21:13:53,297 [main] INFO  statemachine.DatanodeStateMachine (DatanodeStateMachine.java:getEndPointTaskThreadPoolSize(299)) - Datanode State Machine Task Thread Pool size 2
2024-01-18 21:13:53,298 [main] INFO  volume.HddsVolume (HddsVolume.java:<init>(125)) - Creating HddsVolume: /home/runner/work/ozone/ozone/hadoop-ozone/integration-test/target/test-dir/MiniOzoneClusterImpl-31edb46a-ccfd-4ac6-802d-5dd746a085ff/datanode-3/data-0/containers/hdds of storage type : DISK capacity : 9223372036854775807
2024-01-18 21:13:53,298 [main] INFO  volume.MutableVolumeSet (MutableVolumeSet.java:initializeVolumeSet(173)) - Added Volume : /home/runner/work/ozone/ozone/hadoop-ozone/integration-test/target/test-dir/MiniOzoneClusterImpl-31edb46a-ccfd-4ac6-802d-5dd746a085ff/datanode-3/data-0/containers/hdds to VolumeSet
2024-01-18 21:13:53,299 [main] INFO  volume.MutableVolumeSet (MutableVolumeSet.java:initializeVolumeSet(173)) - Added Volume : /home/runner/work/ozone/ozone/hadoop-ozone/integration-test/target/test-dir/MiniOzoneClusterImpl-31edb46a-ccfd-4ac6-802d-5dd746a085ff/datanode-3/data/ratis to VolumeSet
2024-01-18 21:13:53,299 [main] INFO  ozoneimpl.OzoneContainer (HddsVolumeUtil.java:loadAllHddsVolumeDbStore(103)) - Load 1 volumes DbStore cost: 0ms
2024-01-18 21:13:53,299 [655b4849-f6c7-42ce-9d2b-be9b96fb5c65-ContainerReader-0] INFO  ozoneimpl.ContainerReader (ContainerReader.java:readVolume(178)) - Finish verifying containers on volume /home/runner/work/ozone/ozone/hadoop-ozone/integration-test/target/test-dir/MiniOzoneClusterImpl-31edb46a-ccfd-4ac6-802d-5dd746a085ff/datanode-3/data-0/containers/hdds
2024-01-18 21:13:53,299 [main] INFO  ozoneimpl.OzoneContainer (OzoneContainer.java:buildContainerSet(328)) - Build ContainerSet costs 0s
2024-01-18 21:13:53,301 [main] INFO  server.RaftServer (ConfUtils.java:logGet(46)) - raft.rpc.type = GRPC (default)
2024-01-18 21:13:53,301 [main] INFO  grpc.GrpcConfigKeys (ConfUtils.java:logFallback(53)) - raft.grpc.admin.host = null (fallback to raft.grpc.server.host)
2024-01-18 21:13:53,301 [main] INFO  grpc.GrpcConfigKeys (ConfUtils.java:logGet(46)) - raft.grpc.admin.port = 15129 (custom)
2024-01-18 21:13:53,301 [main] INFO  grpc.GrpcConfigKeys (ConfUtils.java:logFallback(53)) - raft.grpc.client.host = null (fallback to raft.grpc.server.host)
2024-01-18 21:13:53,301 [main] INFO  grpc.GrpcConfigKeys (ConfUtils.java:logGet(46)) - raft.grpc.client.port = 15128 (custom)
2024-01-18 21:13:53,302 [main] INFO  grpc.GrpcConfigKeys (ConfUtils.java:logGet(46)) - raft.grpc.server.host = null (default)
2024-01-18 21:13:53,302 [main] INFO  grpc.GrpcConfigKeys (ConfUtils.java:logGet(46)) - raft.grpc.server.port = 15130 (custom)
2024-01-18 21:13:53,302 [main] INFO  server.GrpcService (ConfUtils.java:logGet(46)) - raft.grpc.message.size.max = 32MB (=33554432) (custom)
2024-01-18 21:13:53,302 [main] INFO  server.RaftServerConfigKeys (ConfUtils.java:logGet(46)) - raft.server.log.appender.buffer.byte-limit = 8388608 (custom)
2024-01-18 21:13:53,302 [main] INFO  server.GrpcService (ConfUtils.java:logGet(46)) - raft.grpc.flow.control.window = 5MB (=5242880) (custom)
2024-01-18 21:13:53,302 [main] INFO  server.RaftServerConfigKeys (ConfUtils.java:logGet(46)) - raft.server.rpc.request.timeout = 3000ms (default)
2024-01-18 21:13:53,303 [main] INFO  grpc.GrpcConfigKeys (ConfUtils.java:logGet(46)) - raft.grpc.server.heartbeat.channel = true (default)
2024-01-18 21:13:53,303 [main] INFO  grpc.GrpcConfigKeys (ConfUtils.java:logGet(46)) - raft.grpc.server.async.request.thread.pool.cached = true (default)
2024-01-18 21:13:53,303 [main] INFO  grpc.GrpcConfigKeys (ConfUtils.java:logGet(46)) - raft.grpc.server.async.request.thread.pool.size = 32 (default)
2024-01-18 21:13:53,306 [main] INFO  impl.DataStreamServerImpl (ConfUtils.java:logGet(46)) - raft.datastream.type = NETTY (custom)
2024-01-18 21:13:53,306 [main] INFO  server.RaftServerConfigKeys (ConfUtils.java:logGet(46)) - raft.server.data-stream.async.request.thread.pool.cached = false (default)
2024-01-18 21:13:53,306 [main] INFO  server.RaftServerConfigKeys (ConfUtils.java:logGet(46)) - raft.server.data-stream.async.request.thread.pool.size = 20 (custom)
2024-01-18 21:13:53,307 [main] INFO  server.RaftServerConfigKeys (ConfUtils.java:logGet(46)) - raft.server.data-stream.async.write.thread.pool.size = 16 (default)
2024-01-18 21:13:53,307 [main] INFO  netty.NettyConfigKeys$DataStream (ConfUtils.java:logGet(46)) - raft.netty.dataStream.server.channel.inactive.grace-period = 10min (default)
2024-01-18 21:13:53,307 [main] INFO  server.RaftServerConfigKeys (ConfUtils.java:logGet(46)) - raft.server.data-stream.client.pool.size = 10 (default)
2024-01-18 21:13:53,307 [main] INFO  netty.NettyConfigKeys$DataStream (ConfUtils.java:logGet(46)) - raft.netty.dataStream.server.use-epoll = true (default)
2024-01-18 21:13:53,307 [main] INFO  netty.NettyConfigKeys$DataStream (ConfUtils.java:logGet(46)) - raft.netty.dataStream.server.boss-group.size = 0 (default)
2024-01-18 21:13:53,308 [main] INFO  netty.NettyUtils (NettyUtils.java:newEventLoopGroup(69)) - Create EpollEventLoopGroup for 655b4849-f6c7-42ce-9d2b-be9b96fb5c65-NettyServerStreamRpc-bossGroup; Thread size is 0.
2024-01-18 21:13:53,308 [main] INFO  netty.NettyConfigKeys$DataStream (ConfUtils.java:logGet(46)) - raft.netty.dataStream.server.worker-group.size = 0 (default)
2024-01-18 21:13:53,308 [main] INFO  netty.NettyUtils (NettyUtils.java:newEventLoopGroup(69)) - Create EpollEventLoopGroup for 655b4849-f6c7-42ce-9d2b-be9b96fb5c65-NettyServerStreamRpc-workerGroup; Thread size is 0.
2024-01-18 21:13:53,309 [main] INFO  netty.NettyConfigKeys$DataStream (ConfUtils.java:logGet(46)) - raft.netty.dataStream.server.tls.conf = null (default)
2024-01-18 21:13:53,309 [main] INFO  netty.NettyConfigKeys$DataStream (ConfUtils.java:logGet(46)) - raft.netty.dataStream.host = null (default)
2024-01-18 21:13:53,309 [main] INFO  netty.NettyConfigKeys$DataStream (ConfUtils.java:logGet(46)) - raft.netty.dataStream.port = 15131 (custom)
2024-01-18 21:13:53,310 [main] INFO  server.RaftServerConfigKeys (ConfUtils.java:logGet(46)) - raft.server.sleep.deviation.threshold = 300ms (default)
2024-01-18 21:13:53,310 [main] INFO  server.RaftServerConfigKeys (ConfUtils.java:logGet(46)) - raft.server.close.threshold = 60s (default)
2024-01-18 21:13:53,310 [main] INFO  server.RaftServerConfigKeys (ConfUtils.java:logGet(46)) - raft.server.leaderelection.leader.step-down.wait-time = 10s (default)
2024-01-18 21:13:53,311 [main] INFO  server.RaftServerConfigKeys (ConfUtils.java:logGet(46)) - raft.server.storage.dir = [/home/runner/work/ozone/ozone/hadoop-ozone/integration-test/target/test-dir/MiniOzoneClusterImpl-31edb46a-ccfd-4ac6-802d-5dd746a085ff/datanode-3/data/ratis] (custom)
2024-01-18 21:13:53,311 [main] INFO  server.RaftServerConfigKeys (ConfUtils.java:logGet(46)) - raft.server.threadpool.proxy.cached = true (default)
2024-01-18 21:13:53,311 [main] INFO  server.RaftServerConfigKeys (ConfUtils.java:logGet(46)) - raft.server.threadpool.proxy.size = 0 (default)
2024-01-18 21:13:53,310 [655b4849-f6c7-42ce-9d2b-be9b96fb5c65-NettyServerStreamRpc-bossGroup--thread1] INFO  logging.LoggingHandler (AbstractInternalLogger.java:log(148)) - [id: 0x33d63827] REGISTERED
2024-01-18 21:13:53,312 [655b4849-f6c7-42ce-9d2b-be9b96fb5c65-NettyServerStreamRpc-bossGroup--thread1] INFO  logging.LoggingHandler (AbstractInternalLogger.java:log(148)) - [id: 0x33d63827] BIND: 0.0.0.0/0.0.0.0:15131
2024-01-18 21:13:53,312 [655b4849-f6c7-42ce-9d2b-be9b96fb5c65-NettyServerStreamRpc-bossGroup--thread1] INFO  logging.LoggingHandler (AbstractInternalLogger.java:log(148)) - [id: 0x33d63827, L:/0.0.0.0:15131] ACTIVE
2024-01-18 21:13:53,312 [655b4849-f6c7-42ce-9d2b-be9b96fb5c65-impl-thread1] INFO  server.RaftServer (RaftServerProxy.java:initGroupDir(264)) - 655b4849-f6c7-42ce-9d2b-be9b96fb5c65: found a subdirectory /home/runner/work/ozone/ozone/hadoop-ozone/integration-test/target/test-dir/MiniOzoneClusterImpl-31edb46a-ccfd-4ac6-802d-5dd746a085ff/datanode-3/data/ratis/tmp
2024-01-18 21:13:53,312 [655b4849-f6c7-42ce-9d2b-be9b96fb5c65-impl-thread1] INFO  server.RaftServer (RaftServerProxy.java:initGroupDir(269)) - 655b4849-f6c7-42ce-9d2b-be9b96fb5c65: The directory /home/runner/work/ozone/ozone/hadoop-ozone/integration-test/target/test-dir/MiniOzoneClusterImpl-31edb46a-ccfd-4ac6-802d-5dd746a085ff/datanode-3/data/ratis/tmp is not a group directory; ignoring it. 
2024-01-18 21:13:53,312 [main] INFO  replication.ReplicationServer (ReplicationServer.java:<init>(85)) - Initializing replication server with thread count = 10 queue length = 4096
2024-01-18 21:13:53,313 [main] INFO  server.XceiverServerGrpc (XceiverServerGrpc.java:<init>(141)) - GrpcServer channel type EpollServerSocketChannel
2024-01-18 21:13:53,315 [main] INFO  replication.ReplicationSupervisor (ReplicationSupervisor.java:build(163)) - Initializing replication supervisor with thread count = 10
2024-01-18 21:13:53,315 [main] INFO  replication.ReplicationSupervisor (ReplicationSupervisor.java:nodeStateUpdated(317)) - Node state updated to IN_SERVICE, scaling executor pool size to 10
2024-01-18 21:13:53,317 [main] INFO  http.BaseHttpServer (BaseHttpServer.java:newHttpServer2BuilderForOzone(223)) - Starting Web-server for hddsDatanode at: http://0.0.0.0:15125
2024-01-18 21:13:53,317 [main] INFO  http.BaseHttpServer (BaseHttpServer.java:<init>(110)) - Hadoop Security Enabled: false Ozone Security Enabled: false Ozone HTTP Security Enabled: false 
2024-01-18 21:13:53,318 [main] WARN  server.AuthenticationFilter (AuthenticationFilter.java:constructSecretProvider(240)) - Unable to initialize FileSignerSecretProvider, falling back to use random secrets. Reason: Could not read signature secret file: /home/runner/hadoop-http-auth-signature-secret
2024-01-18 21:13:53,319 [main] INFO  http.HttpRequestLog (HttpRequestLog.java:getRequestLog(86)) - Http request log for http.requests.hddsDatanode is not defined
2024-01-18 21:13:53,320 [main] INFO  http.HttpServer2 (HttpServer2.java:addGlobalFilter(1036)) - Added global filter 'safety' (class=org.apache.hadoop.hdds.server.http.HttpServer2$QuotingInputFilter)
2024-01-18 21:13:53,321 [main] INFO  http.HttpServer2 (HttpServer2.java:addFilter(1012)) - Added filter static_user_filter (class=org.apache.hadoop.http.lib.StaticUserWebFilter$StaticUserFilter) to context hddsDatanode
2024-01-18 21:13:53,321 [main] INFO  http.HttpServer2 (HttpServer2.java:addFilter(1020)) - Added filter static_user_filter (class=org.apache.hadoop.http.lib.StaticUserWebFilter$StaticUserFilter) to context static
2024-01-18 21:13:53,321 [main] INFO  http.HttpServer2 (HttpServer2.java:addFilter(1020)) - Added filter static_user_filter (class=org.apache.hadoop.http.lib.StaticUserWebFilter$StaticUserFilter) to context logs
2024-01-18 21:13:53,322 [main] INFO  http.BaseHttpServer (BaseHttpServer.java:<init>(189)) - HTTP server of hddsDatanode uses base directory /home/runner/work/ozone/ozone/hadoop-ozone/integration-test/target/test-dir/MiniOzoneClusterImpl-31edb46a-ccfd-4ac6-802d-5dd746a085ff/datanode-3/meta/webserver
2024-01-18 21:13:53,322 [main] INFO  http.HttpServer2 (HttpServer2.java:bindListener(1236)) - Jetty bound to port 15125
2024-01-18 21:13:53,322 [main] INFO  server.Server (Server.java:doStart(375)) - jetty-9.4.53.v20231009; built: 2023-10-09T12:29:09.265Z; git: 27bde00a0b95a1d5bbee0eae7984f891d2d0f8c9; jvm 1.8.0_392-b08
2024-01-18 21:13:53,327 [main] INFO  server.session (DefaultSessionIdManager.java:doStart(334)) - DefaultSessionIdManager workerName=node0
2024-01-18 21:13:53,328 [main] INFO  server.session (DefaultSessionIdManager.java:doStart(339)) - No SessionScavenger set, using defaults
2024-01-18 21:13:53,328 [main] INFO  server.session (HouseKeeper.java:startScavenging(132)) - node0 Scavenging every 660000ms
2024-01-18 21:13:53,329 [main] INFO  handler.ContextHandler (ContextHandler.java:doStart(921)) - Started o.e.j.s.ServletContextHandler@519d9cc1{logs,/logs,file:///home/runner/work/ozone/ozone/hadoop-ozone/integration-test/target/log,AVAILABLE}
2024-01-18 21:13:53,329 [main] INFO  handler.ContextHandler (ContextHandler.java:doStart(921)) - Started o.e.j.s.ServletContextHandler@5124d7c3{static,/static,jar:file:/home/runner/.m2/repository/org/apache/ozone/hdds-container-service/1.5.0-SNAPSHOT/hdds-container-service-1.5.0-SNAPSHOT.jar!/webapps/static,AVAILABLE}
2024-01-18 21:13:53,376 [main] INFO  handler.ContextHandler (ContextHandler.java:doStart(921)) - Started o.e.j.w.WebAppContext@70bcc022{hddsDatanode,/,file:///home/runner/work/ozone/ozone/hadoop-ozone/integration-test/target/test-dir/MiniOzoneClusterImpl-31edb46a-ccfd-4ac6-802d-5dd746a085ff/datanode-3/meta/webserver/jetty-0_0_0_0-15125-hdds-container-service-1_5_0-SNAPSHOT_jar-_-any-581436895118969559/webapp/,AVAILABLE}{jar:file:/home/runner/.m2/repository/org/apache/ozone/hdds-container-service/1.5.0-SNAPSHOT/hdds-container-service-1.5.0-SNAPSHOT.jar!/webapps/hddsDatanode}
2024-01-18 21:13:53,378 [main] INFO  server.AbstractConnector (AbstractConnector.java:doStart(333)) - Started ServerConnector@1e285e84{HTTP/1.1, (http/1.1)}{0.0.0.0:15125}
2024-01-18 21:13:53,378 [main] INFO  server.Server (Server.java:doStart(415)) - Started @44624ms
2024-01-18 21:13:53,378 [main] WARN  impl.MetricsSystemImpl (MetricsSystemImpl.java:register(279)) - Sink prometheus already exists!
2024-01-18 21:13:53,379 [main] INFO  http.BaseHttpServer (BaseHttpServer.java:updateConnectorAddress(354)) - HTTP server of hddsDatanode listening at http://0.0.0.0:15125
2024-01-18 21:13:53,379 [main] INFO  ipc.CallQueueManager (CallQueueManager.java:<init>(90)) - Using callQueue: class java.util.concurrent.LinkedBlockingQueue, queueCapacity: 100, scheduler: class org.apache.hadoop.ipc.DefaultRpcScheduler, ipcBackoff: false.
2024-01-18 21:13:53,379 [main] INFO  ipc.Server (Server.java:<init>(1287)) - Listener at 0.0.0.0:15126
2024-01-18 21:13:53,380 [Socket Reader #1 for port 15126] INFO  ipc.Server (Server.java:run(1323)) - Starting Socket Reader #1 for port 15126
2024-01-18 21:13:53,385 [main] INFO  ozone.HddsDatanodeService (HddsDatanodeService.java:start(324)) - Datanode start with admins: [runner]
2024-01-18 21:13:53,385 [main] INFO  ozone.HddsDatanodeClientProtocolServer (HddsDatanodeClientProtocolServer.java:start(72)) - RPC server for Client /0.0.0.0:15126
2024-01-18 21:13:53,385 [IPC Server Responder] INFO  ipc.Server (Server.java:run(1562)) - IPC Server Responder: starting
2024-01-18 21:13:53,390 [IPC Server listener on 15126] INFO  ipc.Server (Server.java:run(1402)) - IPC Server listener on 15126: starting
2024-01-18 21:13:53,397 [655b4849-f6c7-42ce-9d2b-be9b96fb5c65-DatanodeStateMachineDaemonThread] INFO  statemachine.DatanodeStateMachine (DatanodeStateMachine.java:lambda$startDaemon$1(555)) - Ozone container server started.
2024-01-18 21:13:53,397 [main] WARN  dropwizard3.Dm3MetricRegistriesImpl (Dm3MetricRegistriesImpl.java:addReporterRegistration(113)) - New reporters are added after registries were created. Some metrics will be missing from the reporter. Please add reporter before adding any new registry.
2024-01-18 21:13:53,399 [main] WARN  dropwizard3.Dm3MetricRegistriesImpl (Dm3MetricRegistriesImpl.java:addReporterRegistration(113)) - New reporters are added after registries were created. Some metrics will be missing from the reporter. Please add reporter before adding any new registry.
2024-01-18 21:13:53,399 [main] INFO  impl.MetricsSystemImpl (MetricsSystemImpl.java:init(158)) - HddsDatanode metrics system started (again)
2024-01-18 21:13:53,402 [655b4849-f6c7-42ce-9d2b-be9b96fb5c65-DatanodeStateMachineTaskThread-0] INFO  datanode.InitDatanodeState (InitDatanodeState.java:persistContainerDatanodeDetails(139)) - DatanodeDetails is persisted to /home/runner/work/ozone/ozone/hadoop-ozone/integration-test/target/test-dir/MiniOzoneClusterImpl-31edb46a-ccfd-4ac6-802d-5dd746a085ff/datanode-3/meta/datanode.id
2024-01-18 21:13:53,412 [main] INFO  ozone.HddsDatanodeService (HddsDatanodeService.java:start(239)) - HddsDatanodeService host:fv-az776-647.gib5dkvrjkgedmzi5ptrevqpbg.bx.internal.cloudapp.net ip:10.1.0.44
2024-01-18 21:13:53,436 [main] INFO  upgrade.AbstractLayoutVersionManager (AbstractLayoutVersionManager.java:init(83)) - Initializing Layout version manager with metadata layout = HADOOP_PRC_PORTS_IN_DATANODEDETAILS (version = 7), software layout = HADOOP_PRC_PORTS_IN_DATANODEDETAILS (version = 7)
2024-01-18 21:13:53,437 [main] INFO  statemachine.DatanodeStateMachine (DatanodeStateMachine.java:getEndPointTaskThreadPoolSize(299)) - Datanode State Machine Task Thread Pool size 2
2024-01-18 21:13:53,439 [main] INFO  volume.HddsVolume (HddsVolume.java:<init>(125)) - Creating HddsVolume: /home/runner/work/ozone/ozone/hadoop-ozone/integration-test/target/test-dir/MiniOzoneClusterImpl-31edb46a-ccfd-4ac6-802d-5dd746a085ff/datanode-4/data-0/containers/hdds of storage type : DISK capacity : 9223372036854775807
2024-01-18 21:13:53,439 [main] INFO  volume.MutableVolumeSet (MutableVolumeSet.java:initializeVolumeSet(173)) - Added Volume : /home/runner/work/ozone/ozone/hadoop-ozone/integration-test/target/test-dir/MiniOzoneClusterImpl-31edb46a-ccfd-4ac6-802d-5dd746a085ff/datanode-4/data-0/containers/hdds to VolumeSet
2024-01-18 21:13:53,439 [main] INFO  volume.MutableVolumeSet (MutableVolumeSet.java:initializeVolumeSet(173)) - Added Volume : /home/runner/work/ozone/ozone/hadoop-ozone/integration-test/target/test-dir/MiniOzoneClusterImpl-31edb46a-ccfd-4ac6-802d-5dd746a085ff/datanode-4/data/ratis to VolumeSet
2024-01-18 21:13:53,440 [main] INFO  ozoneimpl.OzoneContainer (HddsVolumeUtil.java:loadAllHddsVolumeDbStore(103)) - Load 1 volumes DbStore cost: 0ms
2024-01-18 21:13:53,440 [d7bd62da-9eff-4c5a-9810-dab6199e7b8e-ContainerReader-0] INFO  ozoneimpl.ContainerReader (ContainerReader.java:readVolume(178)) - Finish verifying containers on volume /home/runner/work/ozone/ozone/hadoop-ozone/integration-test/target/test-dir/MiniOzoneClusterImpl-31edb46a-ccfd-4ac6-802d-5dd746a085ff/datanode-4/data-0/containers/hdds
2024-01-18 21:13:53,441 [main] INFO  ozoneimpl.OzoneContainer (OzoneContainer.java:buildContainerSet(328)) - Build ContainerSet costs 0s
2024-01-18 21:13:53,443 [main] INFO  server.RaftServer (ConfUtils.java:logGet(46)) - raft.rpc.type = GRPC (default)
2024-01-18 21:13:53,443 [main] INFO  grpc.GrpcConfigKeys (ConfUtils.java:logFallback(53)) - raft.grpc.admin.host = null (fallback to raft.grpc.server.host)
2024-01-18 21:13:53,443 [main] INFO  grpc.GrpcConfigKeys (ConfUtils.java:logGet(46)) - raft.grpc.admin.port = 15138 (custom)
2024-01-18 21:13:53,443 [main] INFO  grpc.GrpcConfigKeys (ConfUtils.java:logFallback(53)) - raft.grpc.client.host = null (fallback to raft.grpc.server.host)
2024-01-18 21:13:53,444 [main] INFO  grpc.GrpcConfigKeys (ConfUtils.java:logGet(46)) - raft.grpc.client.port = 15137 (custom)
2024-01-18 21:13:53,444 [main] INFO  grpc.GrpcConfigKeys (ConfUtils.java:logGet(46)) - raft.grpc.server.host = null (default)
2024-01-18 21:13:53,444 [main] INFO  grpc.GrpcConfigKeys (ConfUtils.java:logGet(46)) - raft.grpc.server.port = 15139 (custom)
2024-01-18 21:13:53,444 [main] INFO  server.GrpcService (ConfUtils.java:logGet(46)) - raft.grpc.message.size.max = 32MB (=33554432) (custom)
2024-01-18 21:13:53,444 [main] INFO  server.RaftServerConfigKeys (ConfUtils.java:logGet(46)) - raft.server.log.appender.buffer.byte-limit = 8388608 (custom)
2024-01-18 21:13:53,445 [main] INFO  server.GrpcService (ConfUtils.java:logGet(46)) - raft.grpc.flow.control.window = 5MB (=5242880) (custom)
2024-01-18 21:13:53,445 [main] INFO  server.RaftServerConfigKeys (ConfUtils.java:logGet(46)) - raft.server.rpc.request.timeout = 3000ms (default)
2024-01-18 21:13:53,445 [main] INFO  grpc.GrpcConfigKeys (ConfUtils.java:logGet(46)) - raft.grpc.server.heartbeat.channel = true (default)
2024-01-18 21:13:53,445 [main] INFO  grpc.GrpcConfigKeys (ConfUtils.java:logGet(46)) - raft.grpc.server.async.request.thread.pool.cached = true (default)
2024-01-18 21:13:53,445 [main] INFO  grpc.GrpcConfigKeys (ConfUtils.java:logGet(46)) - raft.grpc.server.async.request.thread.pool.size = 32 (default)
2024-01-18 21:13:53,447 [main] INFO  impl.DataStreamServerImpl (ConfUtils.java:logGet(46)) - raft.datastream.type = NETTY (custom)
2024-01-18 21:13:53,447 [main] INFO  server.RaftServerConfigKeys (ConfUtils.java:logGet(46)) - raft.server.data-stream.async.request.thread.pool.cached = false (default)
2024-01-18 21:13:53,448 [main] INFO  server.RaftServerConfigKeys (ConfUtils.java:logGet(46)) - raft.server.data-stream.async.request.thread.pool.size = 20 (custom)
2024-01-18 21:13:53,448 [main] INFO  server.RaftServerConfigKeys (ConfUtils.java:logGet(46)) - raft.server.data-stream.async.write.thread.pool.size = 16 (default)
2024-01-18 21:13:53,448 [main] INFO  netty.NettyConfigKeys$DataStream (ConfUtils.java:logGet(46)) - raft.netty.dataStream.server.channel.inactive.grace-period = 10min (default)
2024-01-18 21:13:53,448 [main] INFO  server.RaftServerConfigKeys (ConfUtils.java:logGet(46)) - raft.server.data-stream.client.pool.size = 10 (default)
2024-01-18 21:13:53,448 [main] INFO  netty.NettyConfigKeys$DataStream (ConfUtils.java:logGet(46)) - raft.netty.dataStream.server.use-epoll = true (default)
2024-01-18 21:13:53,448 [main] INFO  netty.NettyConfigKeys$DataStream (ConfUtils.java:logGet(46)) - raft.netty.dataStream.server.boss-group.size = 0 (default)
2024-01-18 21:13:53,449 [main] INFO  netty.NettyUtils (NettyUtils.java:newEventLoopGroup(69)) - Create EpollEventLoopGroup for d7bd62da-9eff-4c5a-9810-dab6199e7b8e-NettyServerStreamRpc-bossGroup; Thread size is 0.
2024-01-18 21:13:53,449 [main] INFO  netty.NettyConfigKeys$DataStream (ConfUtils.java:logGet(46)) - raft.netty.dataStream.server.worker-group.size = 0 (default)
2024-01-18 21:13:53,449 [main] INFO  netty.NettyUtils (NettyUtils.java:newEventLoopGroup(69)) - Create EpollEventLoopGroup for d7bd62da-9eff-4c5a-9810-dab6199e7b8e-NettyServerStreamRpc-workerGroup; Thread size is 0.
2024-01-18 21:13:53,449 [main] INFO  netty.NettyConfigKeys$DataStream (ConfUtils.java:logGet(46)) - raft.netty.dataStream.server.tls.conf = null (default)
2024-01-18 21:13:53,450 [main] INFO  netty.NettyConfigKeys$DataStream (ConfUtils.java:logGet(46)) - raft.netty.dataStream.host = null (default)
2024-01-18 21:13:53,450 [main] INFO  netty.NettyConfigKeys$DataStream (ConfUtils.java:logGet(46)) - raft.netty.dataStream.port = 15140 (custom)
2024-01-18 21:13:53,450 [main] INFO  server.RaftServerConfigKeys (ConfUtils.java:logGet(46)) - raft.server.sleep.deviation.threshold = 300ms (default)
2024-01-18 21:13:53,450 [main] INFO  server.RaftServerConfigKeys (ConfUtils.java:logGet(46)) - raft.server.close.threshold = 60s (default)
2024-01-18 21:13:53,451 [main] INFO  server.RaftServerConfigKeys (ConfUtils.java:logGet(46)) - raft.server.leaderelection.leader.step-down.wait-time = 10s (default)
2024-01-18 21:13:53,451 [main] INFO  server.RaftServerConfigKeys (ConfUtils.java:logGet(46)) - raft.server.storage.dir = [/home/runner/work/ozone/ozone/hadoop-ozone/integration-test/target/test-dir/MiniOzoneClusterImpl-31edb46a-ccfd-4ac6-802d-5dd746a085ff/datanode-4/data/ratis] (custom)
2024-01-18 21:13:53,451 [main] INFO  server.RaftServerConfigKeys (ConfUtils.java:logGet(46)) - raft.server.threadpool.proxy.cached = true (default)
2024-01-18 21:13:53,451 [main] INFO  server.RaftServerConfigKeys (ConfUtils.java:logGet(46)) - raft.server.threadpool.proxy.size = 0 (default)
2024-01-18 21:13:53,452 [d7bd62da-9eff-4c5a-9810-dab6199e7b8e-impl-thread1] INFO  server.RaftServer (RaftServerProxy.java:initGroupDir(264)) - d7bd62da-9eff-4c5a-9810-dab6199e7b8e: found a subdirectory /home/runner/work/ozone/ozone/hadoop-ozone/integration-test/target/test-dir/MiniOzoneClusterImpl-31edb46a-ccfd-4ac6-802d-5dd746a085ff/datanode-4/data/ratis/tmp
2024-01-18 21:13:53,452 [d7bd62da-9eff-4c5a-9810-dab6199e7b8e-impl-thread1] INFO  server.RaftServer (RaftServerProxy.java:initGroupDir(269)) - d7bd62da-9eff-4c5a-9810-dab6199e7b8e: The directory /home/runner/work/ozone/ozone/hadoop-ozone/integration-test/target/test-dir/MiniOzoneClusterImpl-31edb46a-ccfd-4ac6-802d-5dd746a085ff/datanode-4/data/ratis/tmp is not a group directory; ignoring it. 
2024-01-18 21:13:53,452 [main] INFO  replication.ReplicationServer (ReplicationServer.java:<init>(85)) - Initializing replication server with thread count = 10 queue length = 4096
2024-01-18 21:13:53,453 [main] INFO  server.XceiverServerGrpc (XceiverServerGrpc.java:<init>(141)) - GrpcServer channel type EpollServerSocketChannel
2024-01-18 21:13:53,455 [main] INFO  replication.ReplicationSupervisor (ReplicationSupervisor.java:build(163)) - Initializing replication supervisor with thread count = 10
2024-01-18 21:13:53,455 [main] INFO  replication.ReplicationSupervisor (ReplicationSupervisor.java:nodeStateUpdated(317)) - Node state updated to IN_SERVICE, scaling executor pool size to 10
2024-01-18 21:13:53,460 [main] INFO  http.BaseHttpServer (BaseHttpServer.java:newHttpServer2BuilderForOzone(223)) - Starting Web-server for hddsDatanode at: http://0.0.0.0:15134
2024-01-18 21:13:53,460 [main] INFO  http.BaseHttpServer (BaseHttpServer.java:<init>(110)) - Hadoop Security Enabled: false Ozone Security Enabled: false Ozone HTTP Security Enabled: false 
2024-01-18 21:13:53,462 [main] WARN  server.AuthenticationFilter (AuthenticationFilter.java:constructSecretProvider(240)) - Unable to initialize FileSignerSecretProvider, falling back to use random secrets. Reason: Could not read signature secret file: /home/runner/hadoop-http-auth-signature-secret
2024-01-18 21:13:53,462 [main] INFO  http.HttpRequestLog (HttpRequestLog.java:getRequestLog(86)) - Http request log for http.requests.hddsDatanode is not defined
2024-01-18 21:13:53,450 [d7bd62da-9eff-4c5a-9810-dab6199e7b8e-NettyServerStreamRpc-bossGroup--thread1] INFO  logging.LoggingHandler (AbstractInternalLogger.java:log(148)) - [id: 0xa41927b9] REGISTERED
2024-01-18 21:13:53,463 [d7bd62da-9eff-4c5a-9810-dab6199e7b8e-NettyServerStreamRpc-bossGroup--thread1] INFO  logging.LoggingHandler (AbstractInternalLogger.java:log(148)) - [id: 0xa41927b9] BIND: 0.0.0.0/0.0.0.0:15140
2024-01-18 21:13:53,464 [d7bd62da-9eff-4c5a-9810-dab6199e7b8e-NettyServerStreamRpc-bossGroup--thread1] INFO  logging.LoggingHandler (AbstractInternalLogger.java:log(148)) - [id: 0xa41927b9, L:/0.0.0.0:15140] ACTIVE
2024-01-18 21:13:53,464 [main] INFO  http.HttpServer2 (HttpServer2.java:addGlobalFilter(1036)) - Added global filter 'safety' (class=org.apache.hadoop.hdds.server.http.HttpServer2$QuotingInputFilter)
2024-01-18 21:13:53,464 [main] INFO  http.HttpServer2 (HttpServer2.java:addFilter(1012)) - Added filter static_user_filter (class=org.apache.hadoop.http.lib.StaticUserWebFilter$StaticUserFilter) to context hddsDatanode
2024-01-18 21:13:53,464 [main] INFO  http.HttpServer2 (HttpServer2.java:addFilter(1020)) - Added filter static_user_filter (class=org.apache.hadoop.http.lib.StaticUserWebFilter$StaticUserFilter) to context static
2024-01-18 21:13:53,464 [main] INFO  http.HttpServer2 (HttpServer2.java:addFilter(1020)) - Added filter static_user_filter (class=org.apache.hadoop.http.lib.StaticUserWebFilter$StaticUserFilter) to context logs
2024-01-18 21:13:53,465 [main] INFO  http.BaseHttpServer (BaseHttpServer.java:<init>(189)) - HTTP server of hddsDatanode uses base directory /home/runner/work/ozone/ozone/hadoop-ozone/integration-test/target/test-dir/MiniOzoneClusterImpl-31edb46a-ccfd-4ac6-802d-5dd746a085ff/datanode-4/meta/webserver
2024-01-18 21:13:53,465 [main] INFO  http.HttpServer2 (HttpServer2.java:bindListener(1236)) - Jetty bound to port 15134
2024-01-18 21:13:53,465 [main] INFO  server.Server (Server.java:doStart(375)) - jetty-9.4.53.v20231009; built: 2023-10-09T12:29:09.265Z; git: 27bde00a0b95a1d5bbee0eae7984f891d2d0f8c9; jvm 1.8.0_392-b08
2024-01-18 21:13:53,471 [main] INFO  server.session (DefaultSessionIdManager.java:doStart(334)) - DefaultSessionIdManager workerName=node0
2024-01-18 21:13:53,472 [main] INFO  server.session (DefaultSessionIdManager.java:doStart(339)) - No SessionScavenger set, using defaults
2024-01-18 21:13:53,472 [main] INFO  server.session (HouseKeeper.java:startScavenging(132)) - node0 Scavenging every 660000ms
2024-01-18 21:13:53,472 [main] INFO  handler.ContextHandler (ContextHandler.java:doStart(921)) - Started o.e.j.s.ServletContextHandler@270ea042{logs,/logs,file:///home/runner/work/ozone/ozone/hadoop-ozone/integration-test/target/log,AVAILABLE}
2024-01-18 21:13:53,473 [main] INFO  handler.ContextHandler (ContextHandler.java:doStart(921)) - Started o.e.j.s.ServletContextHandler@12687cce{static,/static,jar:file:/home/runner/.m2/repository/org/apache/ozone/hdds-container-service/1.5.0-SNAPSHOT/hdds-container-service-1.5.0-SNAPSHOT.jar!/webapps/static,AVAILABLE}
2024-01-18 21:13:53,507 [main] INFO  handler.ContextHandler (ContextHandler.java:doStart(921)) - Started o.e.j.w.WebAppContext@7b75d369{hddsDatanode,/,file:///home/runner/work/ozone/ozone/hadoop-ozone/integration-test/target/test-dir/MiniOzoneClusterImpl-31edb46a-ccfd-4ac6-802d-5dd746a085ff/datanode-4/meta/webserver/jetty-0_0_0_0-15134-hdds-container-service-1_5_0-SNAPSHOT_jar-_-any-5128128916456857125/webapp/,AVAILABLE}{jar:file:/home/runner/.m2/repository/org/apache/ozone/hdds-container-service/1.5.0-SNAPSHOT/hdds-container-service-1.5.0-SNAPSHOT.jar!/webapps/hddsDatanode}
2024-01-18 21:13:53,509 [main] INFO  server.AbstractConnector (AbstractConnector.java:doStart(333)) - Started ServerConnector@2616c077{HTTP/1.1, (http/1.1)}{0.0.0.0:15134}
2024-01-18 21:13:53,509 [main] INFO  server.Server (Server.java:doStart(415)) - Started @44756ms
2024-01-18 21:13:53,509 [main] WARN  impl.MetricsSystemImpl (MetricsSystemImpl.java:register(279)) - Sink prometheus already exists!
2024-01-18 21:13:53,510 [main] INFO  http.BaseHttpServer (BaseHttpServer.java:updateConnectorAddress(354)) - HTTP server of hddsDatanode listening at http://0.0.0.0:15134
2024-01-18 21:13:53,510 [main] INFO  ipc.CallQueueManager (CallQueueManager.java:<init>(90)) - Using callQueue: class java.util.concurrent.LinkedBlockingQueue, queueCapacity: 100, scheduler: class org.apache.hadoop.ipc.DefaultRpcScheduler, ipcBackoff: false.
2024-01-18 21:13:53,510 [main] INFO  ipc.Server (Server.java:<init>(1287)) - Listener at 0.0.0.0:15135
2024-01-18 21:13:53,510 [Socket Reader #1 for port 15135] INFO  ipc.Server (Server.java:run(1323)) - Starting Socket Reader #1 for port 15135
2024-01-18 21:13:53,512 [main] INFO  ozone.HddsDatanodeService (HddsDatanodeService.java:start(324)) - Datanode start with admins: [runner]
2024-01-18 21:13:53,512 [main] INFO  ozone.HddsDatanodeClientProtocolServer (HddsDatanodeClientProtocolServer.java:start(72)) - RPC server for Client /0.0.0.0:15135
2024-01-18 21:13:53,512 [IPC Server Responder] INFO  ipc.Server (Server.java:run(1562)) - IPC Server Responder: starting
2024-01-18 21:13:53,513 [IPC Server listener on 15135] INFO  ipc.Server (Server.java:run(1402)) - IPC Server listener on 15135: starting
2024-01-18 21:13:53,514 [d7bd62da-9eff-4c5a-9810-dab6199e7b8e-DatanodeStateMachineDaemonThread] INFO  statemachine.DatanodeStateMachine (DatanodeStateMachine.java:lambda$startDaemon$1(555)) - Ozone container server started.
2024-01-18 21:13:53,514 [main] WARN  dropwizard3.Dm3MetricRegistriesImpl (Dm3MetricRegistriesImpl.java:addReporterRegistration(113)) - New reporters are added after registries were created. Some metrics will be missing from the reporter. Please add reporter before adding any new registry.
2024-01-18 21:13:53,515 [main] WARN  dropwizard3.Dm3MetricRegistriesImpl (Dm3MetricRegistriesImpl.java:addReporterRegistration(113)) - New reporters are added after registries were created. Some metrics will be missing from the reporter. Please add reporter before adding any new registry.
2024-01-18 21:13:53,515 [main] INFO  impl.MetricsSystemImpl (MetricsSystemImpl.java:init(158)) - HddsDatanode metrics system started (again)
2024-01-18 21:13:53,517 [d7bd62da-9eff-4c5a-9810-dab6199e7b8e-DatanodeStateMachineTaskThread-0] INFO  datanode.InitDatanodeState (InitDatanodeState.java:persistContainerDatanodeDetails(139)) - DatanodeDetails is persisted to /home/runner/work/ozone/ozone/hadoop-ozone/integration-test/target/test-dir/MiniOzoneClusterImpl-31edb46a-ccfd-4ac6-802d-5dd746a085ff/datanode-4/meta/datanode.id
2024-01-18 21:13:53,526 [main] INFO  ozone.HddsDatanodeService (HddsDatanodeService.java:start(239)) - HddsDatanodeService host:fv-az776-647.gib5dkvrjkgedmzi5ptrevqpbg.bx.internal.cloudapp.net ip:10.1.0.44
2024-01-18 21:13:53,542 [main] INFO  upgrade.AbstractLayoutVersionManager (AbstractLayoutVersionManager.java:init(83)) - Initializing Layout version manager with metadata layout = HADOOP_PRC_PORTS_IN_DATANODEDETAILS (version = 7), software layout = HADOOP_PRC_PORTS_IN_DATANODEDETAILS (version = 7)
2024-01-18 21:13:53,542 [main] INFO  statemachine.DatanodeStateMachine (DatanodeStateMachine.java:getEndPointTaskThreadPoolSize(299)) - Datanode State Machine Task Thread Pool size 2
2024-01-18 21:13:53,543 [main] INFO  volume.HddsVolume (HddsVolume.java:<init>(125)) - Creating HddsVolume: /home/runner/work/ozone/ozone/hadoop-ozone/integration-test/target/test-dir/MiniOzoneClusterImpl-31edb46a-ccfd-4ac6-802d-5dd746a085ff/datanode-5/data-0/containers/hdds of storage type : DISK capacity : 9223372036854775807
2024-01-18 21:13:53,543 [main] INFO  volume.MutableVolumeSet (MutableVolumeSet.java:initializeVolumeSet(173)) - Added Volume : /home/runner/work/ozone/ozone/hadoop-ozone/integration-test/target/test-dir/MiniOzoneClusterImpl-31edb46a-ccfd-4ac6-802d-5dd746a085ff/datanode-5/data-0/containers/hdds to VolumeSet
2024-01-18 21:13:53,544 [main] INFO  volume.MutableVolumeSet (MutableVolumeSet.java:initializeVolumeSet(173)) - Added Volume : /home/runner/work/ozone/ozone/hadoop-ozone/integration-test/target/test-dir/MiniOzoneClusterImpl-31edb46a-ccfd-4ac6-802d-5dd746a085ff/datanode-5/data/ratis to VolumeSet
2024-01-18 21:13:53,544 [main] INFO  ozoneimpl.OzoneContainer (HddsVolumeUtil.java:loadAllHddsVolumeDbStore(103)) - Load 1 volumes DbStore cost: 0ms
2024-01-18 21:13:53,544 [2a2b30f3-c6d3-4b10-97ff-b0c22fa05b40-ContainerReader-0] INFO  ozoneimpl.ContainerReader (ContainerReader.java:readVolume(178)) - Finish verifying containers on volume /home/runner/work/ozone/ozone/hadoop-ozone/integration-test/target/test-dir/MiniOzoneClusterImpl-31edb46a-ccfd-4ac6-802d-5dd746a085ff/datanode-5/data-0/containers/hdds
2024-01-18 21:13:53,545 [main] INFO  ozoneimpl.OzoneContainer (OzoneContainer.java:buildContainerSet(328)) - Build ContainerSet costs 0s
2024-01-18 21:13:53,546 [main] INFO  server.RaftServer (ConfUtils.java:logGet(46)) - raft.rpc.type = GRPC (default)
2024-01-18 21:13:53,546 [main] INFO  grpc.GrpcConfigKeys (ConfUtils.java:logFallback(53)) - raft.grpc.admin.host = null (fallback to raft.grpc.server.host)
2024-01-18 21:13:53,546 [main] INFO  grpc.GrpcConfigKeys (ConfUtils.java:logGet(46)) - raft.grpc.admin.port = 15147 (custom)
2024-01-18 21:13:53,547 [main] INFO  grpc.GrpcConfigKeys (ConfUtils.java:logFallback(53)) - raft.grpc.client.host = null (fallback to raft.grpc.server.host)
2024-01-18 21:13:53,547 [main] INFO  grpc.GrpcConfigKeys (ConfUtils.java:logGet(46)) - raft.grpc.client.port = 15146 (custom)
2024-01-18 21:13:53,547 [main] INFO  grpc.GrpcConfigKeys (ConfUtils.java:logGet(46)) - raft.grpc.server.host = null (default)
2024-01-18 21:13:53,547 [main] INFO  grpc.GrpcConfigKeys (ConfUtils.java:logGet(46)) - raft.grpc.server.port = 15148 (custom)
2024-01-18 21:13:53,548 [main] INFO  server.GrpcService (ConfUtils.java:logGet(46)) - raft.grpc.message.size.max = 32MB (=33554432) (custom)
2024-01-18 21:13:53,548 [main] INFO  server.RaftServerConfigKeys (ConfUtils.java:logGet(46)) - raft.server.log.appender.buffer.byte-limit = 8388608 (custom)
2024-01-18 21:13:53,548 [main] INFO  server.GrpcService (ConfUtils.java:logGet(46)) - raft.grpc.flow.control.window = 5MB (=5242880) (custom)
2024-01-18 21:13:53,548 [main] INFO  server.RaftServerConfigKeys (ConfUtils.java:logGet(46)) - raft.server.rpc.request.timeout = 3000ms (default)
2024-01-18 21:13:53,548 [main] INFO  grpc.GrpcConfigKeys (ConfUtils.java:logGet(46)) - raft.grpc.server.heartbeat.channel = true (default)
2024-01-18 21:13:53,549 [main] INFO  grpc.GrpcConfigKeys (ConfUtils.java:logGet(46)) - raft.grpc.server.async.request.thread.pool.cached = true (default)
2024-01-18 21:13:53,549 [main] INFO  grpc.GrpcConfigKeys (ConfUtils.java:logGet(46)) - raft.grpc.server.async.request.thread.pool.size = 32 (default)
2024-01-18 21:13:53,551 [main] INFO  impl.DataStreamServerImpl (ConfUtils.java:logGet(46)) - raft.datastream.type = NETTY (custom)
2024-01-18 21:13:53,551 [main] INFO  server.RaftServerConfigKeys (ConfUtils.java:logGet(46)) - raft.server.data-stream.async.request.thread.pool.cached = false (default)
2024-01-18 21:13:53,551 [main] INFO  server.RaftServerConfigKeys (ConfUtils.java:logGet(46)) - raft.server.data-stream.async.request.thread.pool.size = 20 (custom)
2024-01-18 21:13:53,551 [main] INFO  server.RaftServerConfigKeys (ConfUtils.java:logGet(46)) - raft.server.data-stream.async.write.thread.pool.size = 16 (default)
2024-01-18 21:13:53,551 [main] INFO  netty.NettyConfigKeys$DataStream (ConfUtils.java:logGet(46)) - raft.netty.dataStream.server.channel.inactive.grace-period = 10min (default)
2024-01-18 21:13:53,552 [main] INFO  server.RaftServerConfigKeys (ConfUtils.java:logGet(46)) - raft.server.data-stream.client.pool.size = 10 (default)
2024-01-18 21:13:53,552 [main] INFO  netty.NettyConfigKeys$DataStream (ConfUtils.java:logGet(46)) - raft.netty.dataStream.server.use-epoll = true (default)
2024-01-18 21:13:53,552 [main] INFO  netty.NettyConfigKeys$DataStream (ConfUtils.java:logGet(46)) - raft.netty.dataStream.server.boss-group.size = 0 (default)
2024-01-18 21:13:53,552 [main] INFO  netty.NettyUtils (NettyUtils.java:newEventLoopGroup(69)) - Create EpollEventLoopGroup for 2a2b30f3-c6d3-4b10-97ff-b0c22fa05b40-NettyServerStreamRpc-bossGroup; Thread size is 0.
2024-01-18 21:13:53,553 [main] INFO  netty.NettyConfigKeys$DataStream (ConfUtils.java:logGet(46)) - raft.netty.dataStream.server.worker-group.size = 0 (default)
2024-01-18 21:13:53,553 [main] INFO  netty.NettyUtils (NettyUtils.java:newEventLoopGroup(69)) - Create EpollEventLoopGroup for 2a2b30f3-c6d3-4b10-97ff-b0c22fa05b40-NettyServerStreamRpc-workerGroup; Thread size is 0.
2024-01-18 21:13:53,554 [main] INFO  netty.NettyConfigKeys$DataStream (ConfUtils.java:logGet(46)) - raft.netty.dataStream.server.tls.conf = null (default)
2024-01-18 21:13:53,554 [main] INFO  netty.NettyConfigKeys$DataStream (ConfUtils.java:logGet(46)) - raft.netty.dataStream.host = null (default)
2024-01-18 21:13:53,554 [main] INFO  netty.NettyConfigKeys$DataStream (ConfUtils.java:logGet(46)) - raft.netty.dataStream.port = 15149 (custom)
2024-01-18 21:13:53,554 [main] INFO  server.RaftServerConfigKeys (ConfUtils.java:logGet(46)) - raft.server.sleep.deviation.threshold = 300ms (default)
2024-01-18 21:13:53,555 [2a2b30f3-c6d3-4b10-97ff-b0c22fa05b40-NettyServerStreamRpc-bossGroup--thread1] INFO  logging.LoggingHandler (AbstractInternalLogger.java:log(148)) - [id: 0xe9485e75] REGISTERED
2024-01-18 21:13:53,555 [main] INFO  server.RaftServerConfigKeys (ConfUtils.java:logGet(46)) - raft.server.close.threshold = 60s (default)
2024-01-18 21:13:53,555 [main] INFO  server.RaftServerConfigKeys (ConfUtils.java:logGet(46)) - raft.server.leaderelection.leader.step-down.wait-time = 10s (default)
2024-01-18 21:13:53,555 [main] INFO  server.RaftServerConfigKeys (ConfUtils.java:logGet(46)) - raft.server.storage.dir = [/home/runner/work/ozone/ozone/hadoop-ozone/integration-test/target/test-dir/MiniOzoneClusterImpl-31edb46a-ccfd-4ac6-802d-5dd746a085ff/datanode-5/data/ratis] (custom)
2024-01-18 21:13:53,555 [main] INFO  server.RaftServerConfigKeys (ConfUtils.java:logGet(46)) - raft.server.threadpool.proxy.cached = true (default)
2024-01-18 21:13:53,556 [main] INFO  server.RaftServerConfigKeys (ConfUtils.java:logGet(46)) - raft.server.threadpool.proxy.size = 0 (default)
2024-01-18 21:13:53,555 [2a2b30f3-c6d3-4b10-97ff-b0c22fa05b40-NettyServerStreamRpc-bossGroup--thread1] INFO  logging.LoggingHandler (AbstractInternalLogger.java:log(148)) - [id: 0xe9485e75] BIND: 0.0.0.0/0.0.0.0:15149
2024-01-18 21:13:53,557 [2a2b30f3-c6d3-4b10-97ff-b0c22fa05b40-NettyServerStreamRpc-bossGroup--thread1] INFO  logging.LoggingHandler (AbstractInternalLogger.java:log(148)) - [id: 0xe9485e75, L:/0.0.0.0:15149] ACTIVE
2024-01-18 21:13:53,557 [2a2b30f3-c6d3-4b10-97ff-b0c22fa05b40-impl-thread1] INFO  server.RaftServer (RaftServerProxy.java:initGroupDir(264)) - 2a2b30f3-c6d3-4b10-97ff-b0c22fa05b40: found a subdirectory /home/runner/work/ozone/ozone/hadoop-ozone/integration-test/target/test-dir/MiniOzoneClusterImpl-31edb46a-ccfd-4ac6-802d-5dd746a085ff/datanode-5/data/ratis/tmp
2024-01-18 21:13:53,557 [2a2b30f3-c6d3-4b10-97ff-b0c22fa05b40-impl-thread1] INFO  server.RaftServer (RaftServerProxy.java:initGroupDir(269)) - 2a2b30f3-c6d3-4b10-97ff-b0c22fa05b40: The directory /home/runner/work/ozone/ozone/hadoop-ozone/integration-test/target/test-dir/MiniOzoneClusterImpl-31edb46a-ccfd-4ac6-802d-5dd746a085ff/datanode-5/data/ratis/tmp is not a group directory; ignoring it. 
2024-01-18 21:13:53,558 [main] INFO  replication.ReplicationServer (ReplicationServer.java:<init>(85)) - Initializing replication server with thread count = 10 queue length = 4096
2024-01-18 21:13:53,558 [main] INFO  server.XceiverServerGrpc (XceiverServerGrpc.java:<init>(141)) - GrpcServer channel type EpollServerSocketChannel
2024-01-18 21:13:53,560 [main] INFO  replication.ReplicationSupervisor (ReplicationSupervisor.java:build(163)) - Initializing replication supervisor with thread count = 10
2024-01-18 21:13:53,560 [main] INFO  replication.ReplicationSupervisor (ReplicationSupervisor.java:nodeStateUpdated(317)) - Node state updated to IN_SERVICE, scaling executor pool size to 10
2024-01-18 21:13:53,562 [main] INFO  http.BaseHttpServer (BaseHttpServer.java:newHttpServer2BuilderForOzone(223)) - Starting Web-server for hddsDatanode at: http://0.0.0.0:15143
2024-01-18 21:13:53,562 [main] INFO  http.BaseHttpServer (BaseHttpServer.java:<init>(110)) - Hadoop Security Enabled: false Ozone Security Enabled: false Ozone HTTP Security Enabled: false 
2024-01-18 21:13:53,563 [main] WARN  server.AuthenticationFilter (AuthenticationFilter.java:constructSecretProvider(240)) - Unable to initialize FileSignerSecretProvider, falling back to use random secrets. Reason: Could not read signature secret file: /home/runner/hadoop-http-auth-signature-secret
2024-01-18 21:13:53,563 [main] INFO  http.HttpRequestLog (HttpRequestLog.java:getRequestLog(86)) - Http request log for http.requests.hddsDatanode is not defined
2024-01-18 21:13:53,564 [main] INFO  http.HttpServer2 (HttpServer2.java:addGlobalFilter(1036)) - Added global filter 'safety' (class=org.apache.hadoop.hdds.server.http.HttpServer2$QuotingInputFilter)
2024-01-18 21:13:53,564 [main] INFO  http.HttpServer2 (HttpServer2.java:addFilter(1012)) - Added filter static_user_filter (class=org.apache.hadoop.http.lib.StaticUserWebFilter$StaticUserFilter) to context hddsDatanode
2024-01-18 21:13:53,565 [main] INFO  http.HttpServer2 (HttpServer2.java:addFilter(1020)) - Added filter static_user_filter (class=org.apache.hadoop.http.lib.StaticUserWebFilter$StaticUserFilter) to context static
2024-01-18 21:13:53,565 [main] INFO  http.HttpServer2 (HttpServer2.java:addFilter(1020)) - Added filter static_user_filter (class=org.apache.hadoop.http.lib.StaticUserWebFilter$StaticUserFilter) to context logs
2024-01-18 21:13:53,565 [main] INFO  http.BaseHttpServer (BaseHttpServer.java:<init>(189)) - HTTP server of hddsDatanode uses base directory /home/runner/work/ozone/ozone/hadoop-ozone/integration-test/target/test-dir/MiniOzoneClusterImpl-31edb46a-ccfd-4ac6-802d-5dd746a085ff/datanode-5/meta/webserver
2024-01-18 21:13:53,566 [main] INFO  http.HttpServer2 (HttpServer2.java:bindListener(1236)) - Jetty bound to port 15143
2024-01-18 21:13:53,566 [main] INFO  server.Server (Server.java:doStart(375)) - jetty-9.4.53.v20231009; built: 2023-10-09T12:29:09.265Z; git: 27bde00a0b95a1d5bbee0eae7984f891d2d0f8c9; jvm 1.8.0_392-b08
2024-01-18 21:13:53,567 [main] INFO  server.session (DefaultSessionIdManager.java:doStart(334)) - DefaultSessionIdManager workerName=node0
2024-01-18 21:13:53,567 [main] INFO  server.session (DefaultSessionIdManager.java:doStart(339)) - No SessionScavenger set, using defaults
2024-01-18 21:13:53,567 [main] INFO  server.session (HouseKeeper.java:startScavenging(132)) - node0 Scavenging every 600000ms
2024-01-18 21:13:53,569 [main] INFO  handler.ContextHandler (ContextHandler.java:doStart(921)) - Started o.e.j.s.ServletContextHandler@232f6e23{logs,/logs,file:///home/runner/work/ozone/ozone/hadoop-ozone/integration-test/target/log,AVAILABLE}
2024-01-18 21:13:53,569 [main] INFO  handler.ContextHandler (ContextHandler.java:doStart(921)) - Started o.e.j.s.ServletContextHandler@4890c9b0{static,/static,jar:file:/home/runner/.m2/repository/org/apache/ozone/hdds-container-service/1.5.0-SNAPSHOT/hdds-container-service-1.5.0-SNAPSHOT.jar!/webapps/static,AVAILABLE}
2024-01-18 21:13:53,600 [main] INFO  handler.ContextHandler (ContextHandler.java:doStart(921)) - Started o.e.j.w.WebAppContext@4ba2fe{hddsDatanode,/,file:///home/runner/work/ozone/ozone/hadoop-ozone/integration-test/target/test-dir/MiniOzoneClusterImpl-31edb46a-ccfd-4ac6-802d-5dd746a085ff/datanode-5/meta/webserver/jetty-0_0_0_0-15143-hdds-container-service-1_5_0-SNAPSHOT_jar-_-any-7081874237360615348/webapp/,AVAILABLE}{jar:file:/home/runner/.m2/repository/org/apache/ozone/hdds-container-service/1.5.0-SNAPSHOT/hdds-container-service-1.5.0-SNAPSHOT.jar!/webapps/hddsDatanode}
2024-01-18 21:13:53,601 [main] INFO  server.AbstractConnector (AbstractConnector.java:doStart(333)) - Started ServerConnector@70185e95{HTTP/1.1, (http/1.1)}{0.0.0.0:15143}
2024-01-18 21:13:53,601 [main] INFO  server.Server (Server.java:doStart(415)) - Started @44848ms
2024-01-18 21:13:53,601 [main] WARN  impl.MetricsSystemImpl (MetricsSystemImpl.java:register(279)) - Sink prometheus already exists!
2024-01-18 21:13:53,602 [main] INFO  http.BaseHttpServer (BaseHttpServer.java:updateConnectorAddress(354)) - HTTP server of hddsDatanode listening at http://0.0.0.0:15143
2024-01-18 21:13:53,602 [main] INFO  ipc.CallQueueManager (CallQueueManager.java:<init>(90)) - Using callQueue: class java.util.concurrent.LinkedBlockingQueue, queueCapacity: 100, scheduler: class org.apache.hadoop.ipc.DefaultRpcScheduler, ipcBackoff: false.
2024-01-18 21:13:53,602 [main] INFO  ipc.Server (Server.java:<init>(1287)) - Listener at 0.0.0.0:15144
2024-01-18 21:13:53,603 [Socket Reader #1 for port 15144] INFO  ipc.Server (Server.java:run(1323)) - Starting Socket Reader #1 for port 15144
2024-01-18 21:13:53,606 [main] INFO  ozone.HddsDatanodeService (HddsDatanodeService.java:start(324)) - Datanode start with admins: [runner]
2024-01-18 21:13:53,606 [main] INFO  ozone.HddsDatanodeClientProtocolServer (HddsDatanodeClientProtocolServer.java:start(72)) - RPC server for Client /0.0.0.0:15144
2024-01-18 21:13:53,606 [IPC Server Responder] INFO  ipc.Server (Server.java:run(1562)) - IPC Server Responder: starting
2024-01-18 21:13:53,606 [IPC Server listener on 15144] INFO  ipc.Server (Server.java:run(1402)) - IPC Server listener on 15144: starting
2024-01-18 21:13:53,609 [2a2b30f3-c6d3-4b10-97ff-b0c22fa05b40-DatanodeStateMachineDaemonThread] INFO  statemachine.DatanodeStateMachine (DatanodeStateMachine.java:lambda$startDaemon$1(555)) - Ozone container server started.
2024-01-18 21:13:53,609 [main] WARN  dropwizard3.Dm3MetricRegistriesImpl (Dm3MetricRegistriesImpl.java:addReporterRegistration(113)) - New reporters are added after registries were created. Some metrics will be missing from the reporter. Please add reporter before adding any new registry.
2024-01-18 21:13:53,610 [main] WARN  dropwizard3.Dm3MetricRegistriesImpl (Dm3MetricRegistriesImpl.java:addReporterRegistration(113)) - New reporters are added after registries were created. Some metrics will be missing from the reporter. Please add reporter before adding any new registry.
2024-01-18 21:13:53,610 [main] INFO  impl.MetricsSystemImpl (MetricsSystemImpl.java:init(158)) - HddsDatanode metrics system started (again)
2024-01-18 21:13:53,617 [2a2b30f3-c6d3-4b10-97ff-b0c22fa05b40-DatanodeStateMachineTaskThread-0] INFO  datanode.InitDatanodeState (InitDatanodeState.java:persistContainerDatanodeDetails(139)) - DatanodeDetails is persisted to /home/runner/work/ozone/ozone/hadoop-ozone/integration-test/target/test-dir/MiniOzoneClusterImpl-31edb46a-ccfd-4ac6-802d-5dd746a085ff/datanode-5/meta/datanode.id
2024-01-18 21:13:53,622 [main] INFO  ozone.HddsDatanodeService (HddsDatanodeService.java:start(239)) - HddsDatanodeService host:fv-az776-647.gib5dkvrjkgedmzi5ptrevqpbg.bx.internal.cloudapp.net ip:10.1.0.44
2024-01-18 21:13:53,636 [main] INFO  upgrade.AbstractLayoutVersionManager (AbstractLayoutVersionManager.java:init(83)) - Initializing Layout version manager with metadata layout = HADOOP_PRC_PORTS_IN_DATANODEDETAILS (version = 7), software layout = HADOOP_PRC_PORTS_IN_DATANODEDETAILS (version = 7)
2024-01-18 21:13:53,637 [main] INFO  statemachine.DatanodeStateMachine (DatanodeStateMachine.java:getEndPointTaskThreadPoolSize(299)) - Datanode State Machine Task Thread Pool size 2
2024-01-18 21:13:53,638 [main] INFO  volume.HddsVolume (HddsVolume.java:<init>(125)) - Creating HddsVolume: /home/runner/work/ozone/ozone/hadoop-ozone/integration-test/target/test-dir/MiniOzoneClusterImpl-31edb46a-ccfd-4ac6-802d-5dd746a085ff/datanode-6/data-0/containers/hdds of storage type : DISK capacity : 9223372036854775807
2024-01-18 21:13:53,639 [main] INFO  volume.MutableVolumeSet (MutableVolumeSet.java:initializeVolumeSet(173)) - Added Volume : /home/runner/work/ozone/ozone/hadoop-ozone/integration-test/target/test-dir/MiniOzoneClusterImpl-31edb46a-ccfd-4ac6-802d-5dd746a085ff/datanode-6/data-0/containers/hdds to VolumeSet
2024-01-18 21:13:53,639 [main] INFO  volume.MutableVolumeSet (MutableVolumeSet.java:initializeVolumeSet(173)) - Added Volume : /home/runner/work/ozone/ozone/hadoop-ozone/integration-test/target/test-dir/MiniOzoneClusterImpl-31edb46a-ccfd-4ac6-802d-5dd746a085ff/datanode-6/data/ratis to VolumeSet
2024-01-18 21:13:53,640 [main] INFO  ozoneimpl.OzoneContainer (HddsVolumeUtil.java:loadAllHddsVolumeDbStore(103)) - Load 1 volumes DbStore cost: 0ms
2024-01-18 21:13:53,640 [bff1bba2-2b6d-4994-8ead-d2e5b7e1f8d7-ContainerReader-0] INFO  ozoneimpl.ContainerReader (ContainerReader.java:readVolume(178)) - Finish verifying containers on volume /home/runner/work/ozone/ozone/hadoop-ozone/integration-test/target/test-dir/MiniOzoneClusterImpl-31edb46a-ccfd-4ac6-802d-5dd746a085ff/datanode-6/data-0/containers/hdds
2024-01-18 21:13:53,640 [main] INFO  ozoneimpl.OzoneContainer (OzoneContainer.java:buildContainerSet(328)) - Build ContainerSet costs 0s
2024-01-18 21:13:53,642 [main] INFO  server.RaftServer (ConfUtils.java:logGet(46)) - raft.rpc.type = GRPC (default)
2024-01-18 21:13:53,642 [main] INFO  grpc.GrpcConfigKeys (ConfUtils.java:logFallback(53)) - raft.grpc.admin.host = null (fallback to raft.grpc.server.host)
2024-01-18 21:13:53,642 [main] INFO  grpc.GrpcConfigKeys (ConfUtils.java:logGet(46)) - raft.grpc.admin.port = 15156 (custom)
2024-01-18 21:13:53,642 [main] INFO  grpc.GrpcConfigKeys (ConfUtils.java:logFallback(53)) - raft.grpc.client.host = null (fallback to raft.grpc.server.host)
2024-01-18 21:13:53,643 [main] INFO  grpc.GrpcConfigKeys (ConfUtils.java:logGet(46)) - raft.grpc.client.port = 15155 (custom)
2024-01-18 21:13:53,643 [main] INFO  grpc.GrpcConfigKeys (ConfUtils.java:logGet(46)) - raft.grpc.server.host = null (default)
2024-01-18 21:13:53,643 [main] INFO  grpc.GrpcConfigKeys (ConfUtils.java:logGet(46)) - raft.grpc.server.port = 15157 (custom)
2024-01-18 21:13:53,643 [main] INFO  server.GrpcService (ConfUtils.java:logGet(46)) - raft.grpc.message.size.max = 32MB (=33554432) (custom)
2024-01-18 21:13:53,644 [main] INFO  server.RaftServerConfigKeys (ConfUtils.java:logGet(46)) - raft.server.log.appender.buffer.byte-limit = 8388608 (custom)
2024-01-18 21:13:53,644 [main] INFO  server.GrpcService (ConfUtils.java:logGet(46)) - raft.grpc.flow.control.window = 5MB (=5242880) (custom)
2024-01-18 21:13:53,644 [main] INFO  server.RaftServerConfigKeys (ConfUtils.java:logGet(46)) - raft.server.rpc.request.timeout = 3000ms (default)
2024-01-18 21:13:53,644 [main] INFO  grpc.GrpcConfigKeys (ConfUtils.java:logGet(46)) - raft.grpc.server.heartbeat.channel = true (default)
2024-01-18 21:13:53,644 [main] INFO  grpc.GrpcConfigKeys (ConfUtils.java:logGet(46)) - raft.grpc.server.async.request.thread.pool.cached = true (default)
2024-01-18 21:13:53,645 [main] INFO  grpc.GrpcConfigKeys (ConfUtils.java:logGet(46)) - raft.grpc.server.async.request.thread.pool.size = 32 (default)
2024-01-18 21:13:53,647 [main] INFO  impl.DataStreamServerImpl (ConfUtils.java:logGet(46)) - raft.datastream.type = NETTY (custom)
2024-01-18 21:13:53,648 [main] INFO  server.RaftServerConfigKeys (ConfUtils.java:logGet(46)) - raft.server.data-stream.async.request.thread.pool.cached = false (default)
2024-01-18 21:13:53,648 [main] INFO  server.RaftServerConfigKeys (ConfUtils.java:logGet(46)) - raft.server.data-stream.async.request.thread.pool.size = 20 (custom)
2024-01-18 21:13:53,648 [main] INFO  server.RaftServerConfigKeys (ConfUtils.java:logGet(46)) - raft.server.data-stream.async.write.thread.pool.size = 16 (default)
2024-01-18 21:13:53,648 [main] INFO  netty.NettyConfigKeys$DataStream (ConfUtils.java:logGet(46)) - raft.netty.dataStream.server.channel.inactive.grace-period = 10min (default)
2024-01-18 21:13:53,648 [main] INFO  server.RaftServerConfigKeys (ConfUtils.java:logGet(46)) - raft.server.data-stream.client.pool.size = 10 (default)
2024-01-18 21:13:53,649 [main] INFO  netty.NettyConfigKeys$DataStream (ConfUtils.java:logGet(46)) - raft.netty.dataStream.server.use-epoll = true (default)
2024-01-18 21:13:53,649 [main] INFO  netty.NettyConfigKeys$DataStream (ConfUtils.java:logGet(46)) - raft.netty.dataStream.server.boss-group.size = 0 (default)
2024-01-18 21:13:53,649 [main] INFO  netty.NettyUtils (NettyUtils.java:newEventLoopGroup(69)) - Create EpollEventLoopGroup for bff1bba2-2b6d-4994-8ead-d2e5b7e1f8d7-NettyServerStreamRpc-bossGroup; Thread size is 0.
2024-01-18 21:13:53,649 [main] INFO  netty.NettyConfigKeys$DataStream (ConfUtils.java:logGet(46)) - raft.netty.dataStream.server.worker-group.size = 0 (default)
2024-01-18 21:13:53,650 [main] INFO  netty.NettyUtils (NettyUtils.java:newEventLoopGroup(69)) - Create EpollEventLoopGroup for bff1bba2-2b6d-4994-8ead-d2e5b7e1f8d7-NettyServerStreamRpc-workerGroup; Thread size is 0.
2024-01-18 21:13:53,650 [main] INFO  netty.NettyConfigKeys$DataStream (ConfUtils.java:logGet(46)) - raft.netty.dataStream.server.tls.conf = null (default)
2024-01-18 21:13:53,650 [main] INFO  netty.NettyConfigKeys$DataStream (ConfUtils.java:logGet(46)) - raft.netty.dataStream.host = null (default)
2024-01-18 21:13:53,651 [main] INFO  netty.NettyConfigKeys$DataStream (ConfUtils.java:logGet(46)) - raft.netty.dataStream.port = 15158 (custom)
2024-01-18 21:13:53,651 [main] INFO  server.RaftServerConfigKeys (ConfUtils.java:logGet(46)) - raft.server.sleep.deviation.threshold = 300ms (default)
2024-01-18 21:13:53,652 [bff1bba2-2b6d-4994-8ead-d2e5b7e1f8d7-NettyServerStreamRpc-bossGroup--thread1] INFO  logging.LoggingHandler (AbstractInternalLogger.java:log(148)) - [id: 0x662e40f4] REGISTERED
2024-01-18 21:13:53,652 [bff1bba2-2b6d-4994-8ead-d2e5b7e1f8d7-NettyServerStreamRpc-bossGroup--thread1] INFO  logging.LoggingHandler (AbstractInternalLogger.java:log(148)) - [id: 0x662e40f4] BIND: 0.0.0.0/0.0.0.0:15158
2024-01-18 21:13:53,652 [bff1bba2-2b6d-4994-8ead-d2e5b7e1f8d7-NettyServerStreamRpc-bossGroup--thread1] INFO  logging.LoggingHandler (AbstractInternalLogger.java:log(148)) - [id: 0x662e40f4, L:/0.0.0.0:15158] ACTIVE
2024-01-18 21:13:53,652 [main] INFO  server.RaftServerConfigKeys (ConfUtils.java:logGet(46)) - raft.server.close.threshold = 60s (default)
2024-01-18 21:13:53,652 [main] INFO  server.RaftServerConfigKeys (ConfUtils.java:logGet(46)) - raft.server.leaderelection.leader.step-down.wait-time = 10s (default)
2024-01-18 21:13:53,653 [main] INFO  server.RaftServerConfigKeys (ConfUtils.java:logGet(46)) - raft.server.storage.dir = [/home/runner/work/ozone/ozone/hadoop-ozone/integration-test/target/test-dir/MiniOzoneClusterImpl-31edb46a-ccfd-4ac6-802d-5dd746a085ff/datanode-6/data/ratis] (custom)
2024-01-18 21:13:53,653 [main] INFO  server.RaftServerConfigKeys (ConfUtils.java:logGet(46)) - raft.server.threadpool.proxy.cached = true (default)
2024-01-18 21:13:53,653 [main] INFO  server.RaftServerConfigKeys (ConfUtils.java:logGet(46)) - raft.server.threadpool.proxy.size = 0 (default)
2024-01-18 21:13:53,655 [bff1bba2-2b6d-4994-8ead-d2e5b7e1f8d7-impl-thread1] INFO  server.RaftServer (RaftServerProxy.java:initGroupDir(264)) - bff1bba2-2b6d-4994-8ead-d2e5b7e1f8d7: found a subdirectory /home/runner/work/ozone/ozone/hadoop-ozone/integration-test/target/test-dir/MiniOzoneClusterImpl-31edb46a-ccfd-4ac6-802d-5dd746a085ff/datanode-6/data/ratis/tmp
2024-01-18 21:13:53,656 [bff1bba2-2b6d-4994-8ead-d2e5b7e1f8d7-impl-thread1] INFO  server.RaftServer (RaftServerProxy.java:initGroupDir(269)) - bff1bba2-2b6d-4994-8ead-d2e5b7e1f8d7: The directory /home/runner/work/ozone/ozone/hadoop-ozone/integration-test/target/test-dir/MiniOzoneClusterImpl-31edb46a-ccfd-4ac6-802d-5dd746a085ff/datanode-6/data/ratis/tmp is not a group directory; ignoring it. 
2024-01-18 21:13:53,656 [main] INFO  replication.ReplicationServer (ReplicationServer.java:<init>(85)) - Initializing replication server with thread count = 10 queue length = 4096
2024-01-18 21:13:53,657 [main] INFO  server.XceiverServerGrpc (XceiverServerGrpc.java:<init>(141)) - GrpcServer channel type EpollServerSocketChannel
2024-01-18 21:13:53,658 [main] INFO  replication.ReplicationSupervisor (ReplicationSupervisor.java:build(163)) - Initializing replication supervisor with thread count = 10
2024-01-18 21:13:53,659 [main] INFO  replication.ReplicationSupervisor (ReplicationSupervisor.java:nodeStateUpdated(317)) - Node state updated to IN_SERVICE, scaling executor pool size to 10
2024-01-18 21:13:53,661 [main] INFO  http.BaseHttpServer (BaseHttpServer.java:newHttpServer2BuilderForOzone(223)) - Starting Web-server for hddsDatanode at: http://0.0.0.0:15152
2024-01-18 21:13:53,661 [main] INFO  http.BaseHttpServer (BaseHttpServer.java:<init>(110)) - Hadoop Security Enabled: false Ozone Security Enabled: false Ozone HTTP Security Enabled: false 
2024-01-18 21:13:53,662 [main] WARN  server.AuthenticationFilter (AuthenticationFilter.java:constructSecretProvider(240)) - Unable to initialize FileSignerSecretProvider, falling back to use random secrets. Reason: Could not read signature secret file: /home/runner/hadoop-http-auth-signature-secret
2024-01-18 21:13:53,662 [main] INFO  http.HttpRequestLog (HttpRequestLog.java:getRequestLog(86)) - Http request log for http.requests.hddsDatanode is not defined
2024-01-18 21:13:53,664 [main] INFO  http.HttpServer2 (HttpServer2.java:addGlobalFilter(1036)) - Added global filter 'safety' (class=org.apache.hadoop.hdds.server.http.HttpServer2$QuotingInputFilter)
2024-01-18 21:13:53,664 [main] INFO  http.HttpServer2 (HttpServer2.java:addFilter(1012)) - Added filter static_user_filter (class=org.apache.hadoop.http.lib.StaticUserWebFilter$StaticUserFilter) to context hddsDatanode
2024-01-18 21:13:53,664 [main] INFO  http.HttpServer2 (HttpServer2.java:addFilter(1020)) - Added filter static_user_filter (class=org.apache.hadoop.http.lib.StaticUserWebFilter$StaticUserFilter) to context logs
2024-01-18 21:13:53,664 [main] INFO  http.HttpServer2 (HttpServer2.java:addFilter(1020)) - Added filter static_user_filter (class=org.apache.hadoop.http.lib.StaticUserWebFilter$StaticUserFilter) to context static
2024-01-18 21:13:53,665 [main] INFO  http.BaseHttpServer (BaseHttpServer.java:<init>(189)) - HTTP server of hddsDatanode uses base directory /home/runner/work/ozone/ozone/hadoop-ozone/integration-test/target/test-dir/MiniOzoneClusterImpl-31edb46a-ccfd-4ac6-802d-5dd746a085ff/datanode-6/meta/webserver
2024-01-18 21:13:53,665 [main] INFO  http.HttpServer2 (HttpServer2.java:bindListener(1236)) - Jetty bound to port 15152
2024-01-18 21:13:53,665 [main] INFO  server.Server (Server.java:doStart(375)) - jetty-9.4.53.v20231009; built: 2023-10-09T12:29:09.265Z; git: 27bde00a0b95a1d5bbee0eae7984f891d2d0f8c9; jvm 1.8.0_392-b08
2024-01-18 21:13:53,666 [main] INFO  server.session (DefaultSessionIdManager.java:doStart(334)) - DefaultSessionIdManager workerName=node0
2024-01-18 21:13:53,666 [main] INFO  server.session (DefaultSessionIdManager.java:doStart(339)) - No SessionScavenger set, using defaults
2024-01-18 21:13:53,666 [main] INFO  server.session (HouseKeeper.java:startScavenging(132)) - node0 Scavenging every 660000ms
2024-01-18 21:13:53,667 [main] INFO  handler.ContextHandler (ContextHandler.java:doStart(921)) - Started o.e.j.s.ServletContextHandler@4147f771{logs,/logs,file:///home/runner/work/ozone/ozone/hadoop-ozone/integration-test/target/log,AVAILABLE}
2024-01-18 21:13:53,667 [main] INFO  handler.ContextHandler (ContextHandler.java:doStart(921)) - Started o.e.j.s.ServletContextHandler@630f0853{static,/static,jar:file:/home/runner/.m2/repository/org/apache/ozone/hdds-container-service/1.5.0-SNAPSHOT/hdds-container-service-1.5.0-SNAPSHOT.jar!/webapps/static,AVAILABLE}
2024-01-18 21:13:53,698 [main] INFO  handler.ContextHandler (ContextHandler.java:doStart(921)) - Started o.e.j.w.WebAppContext@478a1def{hddsDatanode,/,file:///home/runner/work/ozone/ozone/hadoop-ozone/integration-test/target/test-dir/MiniOzoneClusterImpl-31edb46a-ccfd-4ac6-802d-5dd746a085ff/datanode-6/meta/webserver/jetty-0_0_0_0-15152-hdds-container-service-1_5_0-SNAPSHOT_jar-_-any-2225948999060574410/webapp/,AVAILABLE}{jar:file:/home/runner/.m2/repository/org/apache/ozone/hdds-container-service/1.5.0-SNAPSHOT/hdds-container-service-1.5.0-SNAPSHOT.jar!/webapps/hddsDatanode}
2024-01-18 21:13:53,700 [main] INFO  server.AbstractConnector (AbstractConnector.java:doStart(333)) - Started ServerConnector@54b7752b{HTTP/1.1, (http/1.1)}{0.0.0.0:15152}
2024-01-18 21:13:53,700 [main] INFO  server.Server (Server.java:doStart(415)) - Started @44947ms
2024-01-18 21:13:53,700 [main] WARN  impl.MetricsSystemImpl (MetricsSystemImpl.java:register(279)) - Sink prometheus already exists!
2024-01-18 21:13:53,701 [main] INFO  http.BaseHttpServer (BaseHttpServer.java:updateConnectorAddress(354)) - HTTP server of hddsDatanode listening at http://0.0.0.0:15152
2024-01-18 21:13:53,701 [main] INFO  ipc.CallQueueManager (CallQueueManager.java:<init>(90)) - Using callQueue: class java.util.concurrent.LinkedBlockingQueue, queueCapacity: 100, scheduler: class org.apache.hadoop.ipc.DefaultRpcScheduler, ipcBackoff: false.
2024-01-18 21:13:53,702 [main] INFO  ipc.Server (Server.java:<init>(1287)) - Listener at 0.0.0.0:15153
2024-01-18 21:13:53,702 [Socket Reader #1 for port 15153] INFO  ipc.Server (Server.java:run(1323)) - Starting Socket Reader #1 for port 15153
2024-01-18 21:13:53,703 [main] INFO  ozone.HddsDatanodeService (HddsDatanodeService.java:start(324)) - Datanode start with admins: [runner]
2024-01-18 21:13:53,704 [main] INFO  ozone.HddsDatanodeClientProtocolServer (HddsDatanodeClientProtocolServer.java:start(72)) - RPC server for Client /0.0.0.0:15153
2024-01-18 21:13:53,704 [IPC Server Responder] INFO  ipc.Server (Server.java:run(1562)) - IPC Server Responder: starting
2024-01-18 21:13:53,704 [IPC Server listener on 15153] INFO  ipc.Server (Server.java:run(1402)) - IPC Server listener on 15153: starting
2024-01-18 21:13:53,708 [main] WARN  dropwizard3.Dm3MetricRegistriesImpl (Dm3MetricRegistriesImpl.java:addReporterRegistration(113)) - New reporters are added after registries were created. Some metrics will be missing from the reporter. Please add reporter before adding any new registry.
2024-01-18 21:13:53,709 [main] WARN  dropwizard3.Dm3MetricRegistriesImpl (Dm3MetricRegistriesImpl.java:addReporterRegistration(113)) - New reporters are added after registries were created. Some metrics will be missing from the reporter. Please add reporter before adding any new registry.
2024-01-18 21:13:53,709 [main] INFO  impl.MetricsSystemImpl (MetricsSystemImpl.java:init(158)) - HddsDatanode metrics system started (again)
2024-01-18 21:13:53,709 [bff1bba2-2b6d-4994-8ead-d2e5b7e1f8d7-DatanodeStateMachineDaemonThread] INFO  statemachine.DatanodeStateMachine (DatanodeStateMachine.java:lambda$startDaemon$1(555)) - Ozone container server started.
2024-01-18 21:13:53,714 [bff1bba2-2b6d-4994-8ead-d2e5b7e1f8d7-DatanodeStateMachineTaskThread-0] INFO  datanode.InitDatanodeState (InitDatanodeState.java:persistContainerDatanodeDetails(139)) - DatanodeDetails is persisted to /home/runner/work/ozone/ozone/hadoop-ozone/integration-test/target/test-dir/MiniOzoneClusterImpl-31edb46a-ccfd-4ac6-802d-5dd746a085ff/datanode-6/meta/datanode.id
2024-01-18 21:13:53,719 [main] INFO  ozone.HddsDatanodeService (HddsDatanodeService.java:start(239)) - HddsDatanodeService host:fv-az776-647.gib5dkvrjkgedmzi5ptrevqpbg.bx.internal.cloudapp.net ip:10.1.0.44
2024-01-18 21:13:53,734 [main] INFO  upgrade.AbstractLayoutVersionManager (AbstractLayoutVersionManager.java:init(83)) - Initializing Layout version manager with metadata layout = HADOOP_PRC_PORTS_IN_DATANODEDETAILS (version = 7), software layout = HADOOP_PRC_PORTS_IN_DATANODEDETAILS (version = 7)
2024-01-18 21:13:53,735 [main] INFO  statemachine.DatanodeStateMachine (DatanodeStateMachine.java:getEndPointTaskThreadPoolSize(299)) - Datanode State Machine Task Thread Pool size 2
2024-01-18 21:13:53,736 [main] INFO  volume.HddsVolume (HddsVolume.java:<init>(125)) - Creating HddsVolume: /home/runner/work/ozone/ozone/hadoop-ozone/integration-test/target/test-dir/MiniOzoneClusterImpl-31edb46a-ccfd-4ac6-802d-5dd746a085ff/datanode-7/data-0/containers/hdds of storage type : DISK capacity : 9223372036854775807
2024-01-18 21:13:53,736 [main] INFO  volume.MutableVolumeSet (MutableVolumeSet.java:initializeVolumeSet(173)) - Added Volume : /home/runner/work/ozone/ozone/hadoop-ozone/integration-test/target/test-dir/MiniOzoneClusterImpl-31edb46a-ccfd-4ac6-802d-5dd746a085ff/datanode-7/data-0/containers/hdds to VolumeSet
2024-01-18 21:13:53,737 [main] INFO  volume.MutableVolumeSet (MutableVolumeSet.java:initializeVolumeSet(173)) - Added Volume : /home/runner/work/ozone/ozone/hadoop-ozone/integration-test/target/test-dir/MiniOzoneClusterImpl-31edb46a-ccfd-4ac6-802d-5dd746a085ff/datanode-7/data/ratis to VolumeSet
2024-01-18 21:13:53,737 [main] INFO  ozoneimpl.OzoneContainer (HddsVolumeUtil.java:loadAllHddsVolumeDbStore(103)) - Load 1 volumes DbStore cost: 0ms
2024-01-18 21:13:53,741 [ea523e53-c226-4491-8cf7-936e653545c3-ContainerReader-0] INFO  ozoneimpl.ContainerReader (ContainerReader.java:readVolume(178)) - Finish verifying containers on volume /home/runner/work/ozone/ozone/hadoop-ozone/integration-test/target/test-dir/MiniOzoneClusterImpl-31edb46a-ccfd-4ac6-802d-5dd746a085ff/datanode-7/data-0/containers/hdds
2024-01-18 21:13:53,741 [main] INFO  ozoneimpl.OzoneContainer (OzoneContainer.java:buildContainerSet(328)) - Build ContainerSet costs 0s
2024-01-18 21:13:53,743 [main] INFO  server.RaftServer (ConfUtils.java:logGet(46)) - raft.rpc.type = GRPC (default)
2024-01-18 21:13:53,743 [main] INFO  grpc.GrpcConfigKeys (ConfUtils.java:logFallback(53)) - raft.grpc.admin.host = null (fallback to raft.grpc.server.host)
2024-01-18 21:13:53,743 [main] INFO  grpc.GrpcConfigKeys (ConfUtils.java:logGet(46)) - raft.grpc.admin.port = 15165 (custom)
2024-01-18 21:13:53,743 [main] INFO  grpc.GrpcConfigKeys (ConfUtils.java:logFallback(53)) - raft.grpc.client.host = null (fallback to raft.grpc.server.host)
2024-01-18 21:13:53,743 [main] INFO  grpc.GrpcConfigKeys (ConfUtils.java:logGet(46)) - raft.grpc.client.port = 15164 (custom)
2024-01-18 21:13:53,743 [main] INFO  grpc.GrpcConfigKeys (ConfUtils.java:logGet(46)) - raft.grpc.server.host = null (default)
2024-01-18 21:13:53,743 [main] INFO  grpc.GrpcConfigKeys (ConfUtils.java:logGet(46)) - raft.grpc.server.port = 15166 (custom)
2024-01-18 21:13:53,744 [main] INFO  server.GrpcService (ConfUtils.java:logGet(46)) - raft.grpc.message.size.max = 32MB (=33554432) (custom)
2024-01-18 21:13:53,744 [main] INFO  server.RaftServerConfigKeys (ConfUtils.java:logGet(46)) - raft.server.log.appender.buffer.byte-limit = 8388608 (custom)
2024-01-18 21:13:53,744 [main] INFO  server.GrpcService (ConfUtils.java:logGet(46)) - raft.grpc.flow.control.window = 5MB (=5242880) (custom)
2024-01-18 21:13:53,744 [main] INFO  server.RaftServerConfigKeys (ConfUtils.java:logGet(46)) - raft.server.rpc.request.timeout = 3000ms (default)
2024-01-18 21:13:53,744 [main] INFO  grpc.GrpcConfigKeys (ConfUtils.java:logGet(46)) - raft.grpc.server.heartbeat.channel = true (default)
2024-01-18 21:13:53,744 [main] INFO  grpc.GrpcConfigKeys (ConfUtils.java:logGet(46)) - raft.grpc.server.async.request.thread.pool.cached = true (default)
2024-01-18 21:13:53,744 [main] INFO  grpc.GrpcConfigKeys (ConfUtils.java:logGet(46)) - raft.grpc.server.async.request.thread.pool.size = 32 (default)
2024-01-18 21:13:53,746 [main] INFO  impl.DataStreamServerImpl (ConfUtils.java:logGet(46)) - raft.datastream.type = NETTY (custom)
2024-01-18 21:13:53,746 [main] INFO  server.RaftServerConfigKeys (ConfUtils.java:logGet(46)) - raft.server.data-stream.async.request.thread.pool.cached = false (default)
2024-01-18 21:13:53,746 [main] INFO  server.RaftServerConfigKeys (ConfUtils.java:logGet(46)) - raft.server.data-stream.async.request.thread.pool.size = 20 (custom)
2024-01-18 21:13:53,747 [main] INFO  server.RaftServerConfigKeys (ConfUtils.java:logGet(46)) - raft.server.data-stream.async.write.thread.pool.size = 16 (default)
2024-01-18 21:13:53,747 [main] INFO  netty.NettyConfigKeys$DataStream (ConfUtils.java:logGet(46)) - raft.netty.dataStream.server.channel.inactive.grace-period = 10min (default)
2024-01-18 21:13:53,747 [main] INFO  server.RaftServerConfigKeys (ConfUtils.java:logGet(46)) - raft.server.data-stream.client.pool.size = 10 (default)
2024-01-18 21:13:53,747 [main] INFO  netty.NettyConfigKeys$DataStream (ConfUtils.java:logGet(46)) - raft.netty.dataStream.server.use-epoll = true (default)
2024-01-18 21:13:53,747 [main] INFO  netty.NettyConfigKeys$DataStream (ConfUtils.java:logGet(46)) - raft.netty.dataStream.server.boss-group.size = 0 (default)
2024-01-18 21:13:53,747 [main] INFO  netty.NettyUtils (NettyUtils.java:newEventLoopGroup(69)) - Create EpollEventLoopGroup for ea523e53-c226-4491-8cf7-936e653545c3-NettyServerStreamRpc-bossGroup; Thread size is 0.
2024-01-18 21:13:53,748 [main] INFO  netty.NettyConfigKeys$DataStream (ConfUtils.java:logGet(46)) - raft.netty.dataStream.server.worker-group.size = 0 (default)
2024-01-18 21:13:53,748 [main] INFO  netty.NettyUtils (NettyUtils.java:newEventLoopGroup(69)) - Create EpollEventLoopGroup for ea523e53-c226-4491-8cf7-936e653545c3-NettyServerStreamRpc-workerGroup; Thread size is 0.
2024-01-18 21:13:53,748 [main] INFO  netty.NettyConfigKeys$DataStream (ConfUtils.java:logGet(46)) - raft.netty.dataStream.server.tls.conf = null (default)
2024-01-18 21:13:53,748 [main] INFO  netty.NettyConfigKeys$DataStream (ConfUtils.java:logGet(46)) - raft.netty.dataStream.host = null (default)
2024-01-18 21:13:53,748 [main] INFO  netty.NettyConfigKeys$DataStream (ConfUtils.java:logGet(46)) - raft.netty.dataStream.port = 15167 (custom)
2024-01-18 21:13:53,749 [main] INFO  server.RaftServerConfigKeys (ConfUtils.java:logGet(46)) - raft.server.sleep.deviation.threshold = 300ms (default)
2024-01-18 21:13:53,749 [ea523e53-c226-4491-8cf7-936e653545c3-NettyServerStreamRpc-bossGroup--thread1] INFO  logging.LoggingHandler (AbstractInternalLogger.java:log(148)) - [id: 0x1c2a703d] REGISTERED
2024-01-18 21:13:53,749 [main] INFO  server.RaftServerConfigKeys (ConfUtils.java:logGet(46)) - raft.server.close.threshold = 60s (default)
2024-01-18 21:13:53,749 [ea523e53-c226-4491-8cf7-936e653545c3-NettyServerStreamRpc-bossGroup--thread1] INFO  logging.LoggingHandler (AbstractInternalLogger.java:log(148)) - [id: 0x1c2a703d] BIND: 0.0.0.0/0.0.0.0:15167
2024-01-18 21:13:53,749 [main] INFO  server.RaftServerConfigKeys (ConfUtils.java:logGet(46)) - raft.server.leaderelection.leader.step-down.wait-time = 10s (default)
2024-01-18 21:13:53,749 [ea523e53-c226-4491-8cf7-936e653545c3-NettyServerStreamRpc-bossGroup--thread1] INFO  logging.LoggingHandler (AbstractInternalLogger.java:log(148)) - [id: 0x1c2a703d, L:/0.0.0.0:15167] ACTIVE
2024-01-18 21:13:53,749 [main] INFO  server.RaftServerConfigKeys (ConfUtils.java:logGet(46)) - raft.server.storage.dir = [/home/runner/work/ozone/ozone/hadoop-ozone/integration-test/target/test-dir/MiniOzoneClusterImpl-31edb46a-ccfd-4ac6-802d-5dd746a085ff/datanode-7/data/ratis] (custom)
2024-01-18 21:13:53,750 [main] INFO  server.RaftServerConfigKeys (ConfUtils.java:logGet(46)) - raft.server.threadpool.proxy.cached = true (default)
2024-01-18 21:13:53,750 [main] INFO  server.RaftServerConfigKeys (ConfUtils.java:logGet(46)) - raft.server.threadpool.proxy.size = 0 (default)
2024-01-18 21:13:53,750 [ea523e53-c226-4491-8cf7-936e653545c3-impl-thread1] INFO  server.RaftServer (RaftServerProxy.java:initGroupDir(264)) - ea523e53-c226-4491-8cf7-936e653545c3: found a subdirectory /home/runner/work/ozone/ozone/hadoop-ozone/integration-test/target/test-dir/MiniOzoneClusterImpl-31edb46a-ccfd-4ac6-802d-5dd746a085ff/datanode-7/data/ratis/tmp
2024-01-18 21:13:53,750 [ea523e53-c226-4491-8cf7-936e653545c3-impl-thread1] INFO  server.RaftServer (RaftServerProxy.java:initGroupDir(269)) - ea523e53-c226-4491-8cf7-936e653545c3: The directory /home/runner/work/ozone/ozone/hadoop-ozone/integration-test/target/test-dir/MiniOzoneClusterImpl-31edb46a-ccfd-4ac6-802d-5dd746a085ff/datanode-7/data/ratis/tmp is not a group directory; ignoring it. 
2024-01-18 21:13:53,750 [main] INFO  replication.ReplicationServer (ReplicationServer.java:<init>(85)) - Initializing replication server with thread count = 10 queue length = 4096
2024-01-18 21:13:53,751 [main] INFO  server.XceiverServerGrpc (XceiverServerGrpc.java:<init>(141)) - GrpcServer channel type EpollServerSocketChannel
2024-01-18 21:13:53,753 [main] INFO  replication.ReplicationSupervisor (ReplicationSupervisor.java:build(163)) - Initializing replication supervisor with thread count = 10
2024-01-18 21:13:53,753 [main] INFO  replication.ReplicationSupervisor (ReplicationSupervisor.java:nodeStateUpdated(317)) - Node state updated to IN_SERVICE, scaling executor pool size to 10
2024-01-18 21:13:53,754 [main] INFO  http.BaseHttpServer (BaseHttpServer.java:newHttpServer2BuilderForOzone(223)) - Starting Web-server for hddsDatanode at: http://0.0.0.0:15161
2024-01-18 21:13:53,755 [main] INFO  http.BaseHttpServer (BaseHttpServer.java:<init>(110)) - Hadoop Security Enabled: false Ozone Security Enabled: false Ozone HTTP Security Enabled: false 
2024-01-18 21:13:53,758 [main] WARN  server.AuthenticationFilter (AuthenticationFilter.java:constructSecretProvider(240)) - Unable to initialize FileSignerSecretProvider, falling back to use random secrets. Reason: Could not read signature secret file: /home/runner/hadoop-http-auth-signature-secret
2024-01-18 21:13:53,758 [main] INFO  http.HttpRequestLog (HttpRequestLog.java:getRequestLog(86)) - Http request log for http.requests.hddsDatanode is not defined
2024-01-18 21:13:53,759 [main] INFO  http.HttpServer2 (HttpServer2.java:addGlobalFilter(1036)) - Added global filter 'safety' (class=org.apache.hadoop.hdds.server.http.HttpServer2$QuotingInputFilter)
2024-01-18 21:13:53,759 [main] INFO  http.HttpServer2 (HttpServer2.java:addFilter(1012)) - Added filter static_user_filter (class=org.apache.hadoop.http.lib.StaticUserWebFilter$StaticUserFilter) to context hddsDatanode
2024-01-18 21:13:53,760 [main] INFO  http.HttpServer2 (HttpServer2.java:addFilter(1020)) - Added filter static_user_filter (class=org.apache.hadoop.http.lib.StaticUserWebFilter$StaticUserFilter) to context logs
2024-01-18 21:13:53,760 [main] INFO  http.HttpServer2 (HttpServer2.java:addFilter(1020)) - Added filter static_user_filter (class=org.apache.hadoop.http.lib.StaticUserWebFilter$StaticUserFilter) to context static
2024-01-18 21:13:53,760 [main] INFO  http.BaseHttpServer (BaseHttpServer.java:<init>(189)) - HTTP server of hddsDatanode uses base directory /home/runner/work/ozone/ozone/hadoop-ozone/integration-test/target/test-dir/MiniOzoneClusterImpl-31edb46a-ccfd-4ac6-802d-5dd746a085ff/datanode-7/meta/webserver
2024-01-18 21:13:53,760 [main] INFO  http.HttpServer2 (HttpServer2.java:bindListener(1236)) - Jetty bound to port 15161
2024-01-18 21:13:53,761 [main] INFO  server.Server (Server.java:doStart(375)) - jetty-9.4.53.v20231009; built: 2023-10-09T12:29:09.265Z; git: 27bde00a0b95a1d5bbee0eae7984f891d2d0f8c9; jvm 1.8.0_392-b08
2024-01-18 21:13:53,761 [main] INFO  server.session (DefaultSessionIdManager.java:doStart(334)) - DefaultSessionIdManager workerName=node0
2024-01-18 21:13:53,762 [main] INFO  server.session (DefaultSessionIdManager.java:doStart(339)) - No SessionScavenger set, using defaults
2024-01-18 21:13:53,763 [main] INFO  server.session (HouseKeeper.java:startScavenging(132)) - node0 Scavenging every 660000ms
2024-01-18 21:13:53,764 [main] INFO  handler.ContextHandler (ContextHandler.java:doStart(921)) - Started o.e.j.s.ServletContextHandler@4ccb9133{logs,/logs,file:///home/runner/work/ozone/ozone/hadoop-ozone/integration-test/target/log,AVAILABLE}
2024-01-18 21:13:53,764 [main] INFO  handler.ContextHandler (ContextHandler.java:doStart(921)) - Started o.e.j.s.ServletContextHandler@65ae8e56{static,/static,jar:file:/home/runner/.m2/repository/org/apache/ozone/hdds-container-service/1.5.0-SNAPSHOT/hdds-container-service-1.5.0-SNAPSHOT.jar!/webapps/static,AVAILABLE}
2024-01-18 21:13:53,795 [main] INFO  handler.ContextHandler (ContextHandler.java:doStart(921)) - Started o.e.j.w.WebAppContext@642b8b2{hddsDatanode,/,file:///home/runner/work/ozone/ozone/hadoop-ozone/integration-test/target/test-dir/MiniOzoneClusterImpl-31edb46a-ccfd-4ac6-802d-5dd746a085ff/datanode-7/meta/webserver/jetty-0_0_0_0-15161-hdds-container-service-1_5_0-SNAPSHOT_jar-_-any-5304634688082738264/webapp/,AVAILABLE}{jar:file:/home/runner/.m2/repository/org/apache/ozone/hdds-container-service/1.5.0-SNAPSHOT/hdds-container-service-1.5.0-SNAPSHOT.jar!/webapps/hddsDatanode}
2024-01-18 21:13:53,798 [main] INFO  server.AbstractConnector (AbstractConnector.java:doStart(333)) - Started ServerConnector@7d0fa894{HTTP/1.1, (http/1.1)}{0.0.0.0:15161}
2024-01-18 21:13:53,798 [main] INFO  server.Server (Server.java:doStart(415)) - Started @45045ms
2024-01-18 21:13:53,798 [main] WARN  impl.MetricsSystemImpl (MetricsSystemImpl.java:register(279)) - Sink prometheus already exists!
2024-01-18 21:13:53,799 [main] INFO  http.BaseHttpServer (BaseHttpServer.java:updateConnectorAddress(354)) - HTTP server of hddsDatanode listening at http://0.0.0.0:15161
2024-01-18 21:13:53,799 [main] INFO  ipc.CallQueueManager (CallQueueManager.java:<init>(90)) - Using callQueue: class java.util.concurrent.LinkedBlockingQueue, queueCapacity: 100, scheduler: class org.apache.hadoop.ipc.DefaultRpcScheduler, ipcBackoff: false.
2024-01-18 21:13:53,799 [main] INFO  ipc.Server (Server.java:<init>(1287)) - Listener at 0.0.0.0:15162
2024-01-18 21:13:53,799 [Socket Reader #1 for port 15162] INFO  ipc.Server (Server.java:run(1323)) - Starting Socket Reader #1 for port 15162
2024-01-18 21:13:53,801 [main] INFO  ozone.HddsDatanodeService (HddsDatanodeService.java:start(324)) - Datanode start with admins: [runner]
2024-01-18 21:13:53,801 [main] INFO  ozone.HddsDatanodeClientProtocolServer (HddsDatanodeClientProtocolServer.java:start(72)) - RPC server for Client /0.0.0.0:15162
2024-01-18 21:13:53,802 [IPC Server Responder] INFO  ipc.Server (Server.java:run(1562)) - IPC Server Responder: starting
2024-01-18 21:13:53,802 [IPC Server listener on 15162] INFO  ipc.Server (Server.java:run(1402)) - IPC Server listener on 15162: starting
2024-01-18 21:13:53,803 [ea523e53-c226-4491-8cf7-936e653545c3-DatanodeStateMachineDaemonThread] INFO  statemachine.DatanodeStateMachine (DatanodeStateMachine.java:lambda$startDaemon$1(555)) - Ozone container server started.
2024-01-18 21:13:53,803 [main] WARN  dropwizard3.Dm3MetricRegistriesImpl (Dm3MetricRegistriesImpl.java:addReporterRegistration(113)) - New reporters are added after registries were created. Some metrics will be missing from the reporter. Please add reporter before adding any new registry.
2024-01-18 21:13:53,804 [main] WARN  dropwizard3.Dm3MetricRegistriesImpl (Dm3MetricRegistriesImpl.java:addReporterRegistration(113)) - New reporters are added after registries were created. Some metrics will be missing from the reporter. Please add reporter before adding any new registry.
2024-01-18 21:13:53,804 [main] INFO  impl.MetricsSystemImpl (MetricsSystemImpl.java:init(158)) - HddsDatanode metrics system started (again)
2024-01-18 21:13:53,811 [ea523e53-c226-4491-8cf7-936e653545c3-DatanodeStateMachineTaskThread-0] INFO  datanode.InitDatanodeState (InitDatanodeState.java:persistContainerDatanodeDetails(139)) - DatanodeDetails is persisted to /home/runner/work/ozone/ozone/hadoop-ozone/integration-test/target/test-dir/MiniOzoneClusterImpl-31edb46a-ccfd-4ac6-802d-5dd746a085ff/datanode-7/meta/datanode.id
2024-01-18 21:13:53,814 [main] INFO  ozone.HddsDatanodeService (HddsDatanodeService.java:start(239)) - HddsDatanodeService host:fv-az776-647.gib5dkvrjkgedmzi5ptrevqpbg.bx.internal.cloudapp.net ip:10.1.0.44
2024-01-18 21:13:53,830 [main] INFO  upgrade.AbstractLayoutVersionManager (AbstractLayoutVersionManager.java:init(83)) - Initializing Layout version manager with metadata layout = HADOOP_PRC_PORTS_IN_DATANODEDETAILS (version = 7), software layout = HADOOP_PRC_PORTS_IN_DATANODEDETAILS (version = 7)
2024-01-18 21:13:53,830 [main] INFO  statemachine.DatanodeStateMachine (DatanodeStateMachine.java:getEndPointTaskThreadPoolSize(299)) - Datanode State Machine Task Thread Pool size 2
2024-01-18 21:13:53,832 [main] INFO  volume.HddsVolume (HddsVolume.java:<init>(125)) - Creating HddsVolume: /home/runner/work/ozone/ozone/hadoop-ozone/integration-test/target/test-dir/MiniOzoneClusterImpl-31edb46a-ccfd-4ac6-802d-5dd746a085ff/datanode-8/data-0/containers/hdds of storage type : DISK capacity : 9223372036854775807
2024-01-18 21:13:53,832 [main] INFO  volume.MutableVolumeSet (MutableVolumeSet.java:initializeVolumeSet(173)) - Added Volume : /home/runner/work/ozone/ozone/hadoop-ozone/integration-test/target/test-dir/MiniOzoneClusterImpl-31edb46a-ccfd-4ac6-802d-5dd746a085ff/datanode-8/data-0/containers/hdds to VolumeSet
2024-01-18 21:13:53,833 [main] INFO  volume.MutableVolumeSet (MutableVolumeSet.java:initializeVolumeSet(173)) - Added Volume : /home/runner/work/ozone/ozone/hadoop-ozone/integration-test/target/test-dir/MiniOzoneClusterImpl-31edb46a-ccfd-4ac6-802d-5dd746a085ff/datanode-8/data/ratis to VolumeSet
2024-01-18 21:13:53,833 [main] INFO  ozoneimpl.OzoneContainer (HddsVolumeUtil.java:loadAllHddsVolumeDbStore(103)) - Load 1 volumes DbStore cost: 0ms
2024-01-18 21:13:53,833 [0c097caf-3b45-4555-a1b1-3d0f2c4aaf7a-ContainerReader-0] INFO  ozoneimpl.ContainerReader (ContainerReader.java:readVolume(178)) - Finish verifying containers on volume /home/runner/work/ozone/ozone/hadoop-ozone/integration-test/target/test-dir/MiniOzoneClusterImpl-31edb46a-ccfd-4ac6-802d-5dd746a085ff/datanode-8/data-0/containers/hdds
2024-01-18 21:13:53,833 [main] INFO  ozoneimpl.OzoneContainer (OzoneContainer.java:buildContainerSet(328)) - Build ContainerSet costs 0s
2024-01-18 21:13:53,835 [main] INFO  server.RaftServer (ConfUtils.java:logGet(46)) - raft.rpc.type = GRPC (default)
2024-01-18 21:13:53,835 [main] INFO  grpc.GrpcConfigKeys (ConfUtils.java:logFallback(53)) - raft.grpc.admin.host = null (fallback to raft.grpc.server.host)
2024-01-18 21:13:53,836 [main] INFO  grpc.GrpcConfigKeys (ConfUtils.java:logGet(46)) - raft.grpc.admin.port = 15174 (custom)
2024-01-18 21:13:53,836 [main] INFO  grpc.GrpcConfigKeys (ConfUtils.java:logFallback(53)) - raft.grpc.client.host = null (fallback to raft.grpc.server.host)
2024-01-18 21:13:53,836 [main] INFO  grpc.GrpcConfigKeys (ConfUtils.java:logGet(46)) - raft.grpc.client.port = 15173 (custom)
2024-01-18 21:13:53,836 [main] INFO  grpc.GrpcConfigKeys (ConfUtils.java:logGet(46)) - raft.grpc.server.host = null (default)
2024-01-18 21:13:53,837 [main] INFO  grpc.GrpcConfigKeys (ConfUtils.java:logGet(46)) - raft.grpc.server.port = 15175 (custom)
2024-01-18 21:13:53,837 [main] INFO  server.GrpcService (ConfUtils.java:logGet(46)) - raft.grpc.message.size.max = 32MB (=33554432) (custom)
2024-01-18 21:13:53,837 [main] INFO  server.RaftServerConfigKeys (ConfUtils.java:logGet(46)) - raft.server.log.appender.buffer.byte-limit = 8388608 (custom)
2024-01-18 21:13:53,837 [main] INFO  server.GrpcService (ConfUtils.java:logGet(46)) - raft.grpc.flow.control.window = 5MB (=5242880) (custom)
2024-01-18 21:13:53,837 [main] INFO  server.RaftServerConfigKeys (ConfUtils.java:logGet(46)) - raft.server.rpc.request.timeout = 3000ms (default)
2024-01-18 21:13:53,838 [main] INFO  grpc.GrpcConfigKeys (ConfUtils.java:logGet(46)) - raft.grpc.server.heartbeat.channel = true (default)
2024-01-18 21:13:53,838 [main] INFO  grpc.GrpcConfigKeys (ConfUtils.java:logGet(46)) - raft.grpc.server.async.request.thread.pool.cached = true (default)
2024-01-18 21:13:53,838 [main] INFO  grpc.GrpcConfigKeys (ConfUtils.java:logGet(46)) - raft.grpc.server.async.request.thread.pool.size = 32 (default)
2024-01-18 21:13:53,840 [main] INFO  impl.DataStreamServerImpl (ConfUtils.java:logGet(46)) - raft.datastream.type = NETTY (custom)
2024-01-18 21:13:53,840 [main] INFO  server.RaftServerConfigKeys (ConfUtils.java:logGet(46)) - raft.server.data-stream.async.request.thread.pool.cached = false (default)
2024-01-18 21:13:53,840 [main] INFO  server.RaftServerConfigKeys (ConfUtils.java:logGet(46)) - raft.server.data-stream.async.request.thread.pool.size = 20 (custom)
2024-01-18 21:13:53,840 [main] INFO  server.RaftServerConfigKeys (ConfUtils.java:logGet(46)) - raft.server.data-stream.async.write.thread.pool.size = 16 (default)
2024-01-18 21:13:53,841 [main] INFO  netty.NettyConfigKeys$DataStream (ConfUtils.java:logGet(46)) - raft.netty.dataStream.server.channel.inactive.grace-period = 10min (default)
2024-01-18 21:13:53,841 [main] INFO  server.RaftServerConfigKeys (ConfUtils.java:logGet(46)) - raft.server.data-stream.client.pool.size = 10 (default)
2024-01-18 21:13:53,841 [main] INFO  netty.NettyConfigKeys$DataStream (ConfUtils.java:logGet(46)) - raft.netty.dataStream.server.use-epoll = true (default)
2024-01-18 21:13:53,841 [main] INFO  netty.NettyConfigKeys$DataStream (ConfUtils.java:logGet(46)) - raft.netty.dataStream.server.boss-group.size = 0 (default)
2024-01-18 21:13:53,841 [main] INFO  netty.NettyUtils (NettyUtils.java:newEventLoopGroup(69)) - Create EpollEventLoopGroup for 0c097caf-3b45-4555-a1b1-3d0f2c4aaf7a-NettyServerStreamRpc-bossGroup; Thread size is 0.
2024-01-18 21:13:53,841 [main] INFO  netty.NettyConfigKeys$DataStream (ConfUtils.java:logGet(46)) - raft.netty.dataStream.server.worker-group.size = 0 (default)
2024-01-18 21:13:53,842 [main] INFO  netty.NettyUtils (NettyUtils.java:newEventLoopGroup(69)) - Create EpollEventLoopGroup for 0c097caf-3b45-4555-a1b1-3d0f2c4aaf7a-NettyServerStreamRpc-workerGroup; Thread size is 0.
2024-01-18 21:13:53,842 [main] INFO  netty.NettyConfigKeys$DataStream (ConfUtils.java:logGet(46)) - raft.netty.dataStream.server.tls.conf = null (default)
2024-01-18 21:13:53,842 [main] INFO  netty.NettyConfigKeys$DataStream (ConfUtils.java:logGet(46)) - raft.netty.dataStream.host = null (default)
2024-01-18 21:13:53,842 [main] INFO  netty.NettyConfigKeys$DataStream (ConfUtils.java:logGet(46)) - raft.netty.dataStream.port = 15176 (custom)
2024-01-18 21:13:53,843 [main] INFO  server.RaftServerConfigKeys (ConfUtils.java:logGet(46)) - raft.server.sleep.deviation.threshold = 300ms (default)
2024-01-18 21:13:53,843 [main] INFO  server.RaftServerConfigKeys (ConfUtils.java:logGet(46)) - raft.server.close.threshold = 60s (default)
2024-01-18 21:13:53,843 [0c097caf-3b45-4555-a1b1-3d0f2c4aaf7a-NettyServerStreamRpc-bossGroup--thread1] INFO  logging.LoggingHandler (AbstractInternalLogger.java:log(148)) - [id: 0xb1fa32b5] REGISTERED
2024-01-18 21:13:53,843 [main] INFO  server.RaftServerConfigKeys (ConfUtils.java:logGet(46)) - raft.server.leaderelection.leader.step-down.wait-time = 10s (default)
2024-01-18 21:13:53,843 [0c097caf-3b45-4555-a1b1-3d0f2c4aaf7a-NettyServerStreamRpc-bossGroup--thread1] INFO  logging.LoggingHandler (AbstractInternalLogger.java:log(148)) - [id: 0xb1fa32b5] BIND: 0.0.0.0/0.0.0.0:15176
2024-01-18 21:13:53,843 [main] INFO  server.RaftServerConfigKeys (ConfUtils.java:logGet(46)) - raft.server.storage.dir = [/home/runner/work/ozone/ozone/hadoop-ozone/integration-test/target/test-dir/MiniOzoneClusterImpl-31edb46a-ccfd-4ac6-802d-5dd746a085ff/datanode-8/data/ratis] (custom)
2024-01-18 21:13:53,843 [0c097caf-3b45-4555-a1b1-3d0f2c4aaf7a-NettyServerStreamRpc-bossGroup--thread1] INFO  logging.LoggingHandler (AbstractInternalLogger.java:log(148)) - [id: 0xb1fa32b5, L:/0.0.0.0:15176] ACTIVE
2024-01-18 21:13:53,843 [main] INFO  server.RaftServerConfigKeys (ConfUtils.java:logGet(46)) - raft.server.threadpool.proxy.cached = true (default)
2024-01-18 21:13:53,844 [main] INFO  server.RaftServerConfigKeys (ConfUtils.java:logGet(46)) - raft.server.threadpool.proxy.size = 0 (default)
2024-01-18 21:13:53,844 [0c097caf-3b45-4555-a1b1-3d0f2c4aaf7a-impl-thread1] INFO  server.RaftServer (RaftServerProxy.java:initGroupDir(264)) - 0c097caf-3b45-4555-a1b1-3d0f2c4aaf7a: found a subdirectory /home/runner/work/ozone/ozone/hadoop-ozone/integration-test/target/test-dir/MiniOzoneClusterImpl-31edb46a-ccfd-4ac6-802d-5dd746a085ff/datanode-8/data/ratis/tmp
2024-01-18 21:13:53,844 [0c097caf-3b45-4555-a1b1-3d0f2c4aaf7a-impl-thread1] INFO  server.RaftServer (RaftServerProxy.java:initGroupDir(269)) - 0c097caf-3b45-4555-a1b1-3d0f2c4aaf7a: The directory /home/runner/work/ozone/ozone/hadoop-ozone/integration-test/target/test-dir/MiniOzoneClusterImpl-31edb46a-ccfd-4ac6-802d-5dd746a085ff/datanode-8/data/ratis/tmp is not a group directory; ignoring it. 
2024-01-18 21:13:53,844 [main] INFO  replication.ReplicationServer (ReplicationServer.java:<init>(85)) - Initializing replication server with thread count = 10 queue length = 4096
2024-01-18 21:13:53,845 [main] INFO  server.XceiverServerGrpc (XceiverServerGrpc.java:<init>(141)) - GrpcServer channel type EpollServerSocketChannel
2024-01-18 21:13:53,846 [main] INFO  replication.ReplicationSupervisor (ReplicationSupervisor.java:build(163)) - Initializing replication supervisor with thread count = 10
2024-01-18 21:13:53,846 [main] INFO  replication.ReplicationSupervisor (ReplicationSupervisor.java:nodeStateUpdated(317)) - Node state updated to IN_SERVICE, scaling executor pool size to 10
2024-01-18 21:13:53,848 [main] INFO  http.BaseHttpServer (BaseHttpServer.java:newHttpServer2BuilderForOzone(223)) - Starting Web-server for hddsDatanode at: http://0.0.0.0:15170
2024-01-18 21:13:53,848 [main] INFO  http.BaseHttpServer (BaseHttpServer.java:<init>(110)) - Hadoop Security Enabled: false Ozone Security Enabled: false Ozone HTTP Security Enabled: false 
2024-01-18 21:13:53,848 [main] WARN  server.AuthenticationFilter (AuthenticationFilter.java:constructSecretProvider(240)) - Unable to initialize FileSignerSecretProvider, falling back to use random secrets. Reason: Could not read signature secret file: /home/runner/hadoop-http-auth-signature-secret
2024-01-18 21:13:53,849 [main] INFO  http.HttpRequestLog (HttpRequestLog.java:getRequestLog(86)) - Http request log for http.requests.hddsDatanode is not defined
2024-01-18 21:13:53,850 [main] INFO  http.HttpServer2 (HttpServer2.java:addGlobalFilter(1036)) - Added global filter 'safety' (class=org.apache.hadoop.hdds.server.http.HttpServer2$QuotingInputFilter)
2024-01-18 21:13:53,850 [main] INFO  http.HttpServer2 (HttpServer2.java:addFilter(1012)) - Added filter static_user_filter (class=org.apache.hadoop.http.lib.StaticUserWebFilter$StaticUserFilter) to context hddsDatanode
2024-01-18 21:13:53,850 [main] INFO  http.HttpServer2 (HttpServer2.java:addFilter(1020)) - Added filter static_user_filter (class=org.apache.hadoop.http.lib.StaticUserWebFilter$StaticUserFilter) to context static
2024-01-18 21:13:53,851 [main] INFO  http.HttpServer2 (HttpServer2.java:addFilter(1020)) - Added filter static_user_filter (class=org.apache.hadoop.http.lib.StaticUserWebFilter$StaticUserFilter) to context logs
2024-01-18 21:13:53,851 [main] INFO  http.BaseHttpServer (BaseHttpServer.java:<init>(189)) - HTTP server of hddsDatanode uses base directory /home/runner/work/ozone/ozone/hadoop-ozone/integration-test/target/test-dir/MiniOzoneClusterImpl-31edb46a-ccfd-4ac6-802d-5dd746a085ff/datanode-8/meta/webserver
2024-01-18 21:13:53,851 [main] INFO  http.HttpServer2 (HttpServer2.java:bindListener(1236)) - Jetty bound to port 15170
2024-01-18 21:13:53,852 [main] INFO  server.Server (Server.java:doStart(375)) - jetty-9.4.53.v20231009; built: 2023-10-09T12:29:09.265Z; git: 27bde00a0b95a1d5bbee0eae7984f891d2d0f8c9; jvm 1.8.0_392-b08
2024-01-18 21:13:53,852 [main] INFO  server.session (DefaultSessionIdManager.java:doStart(334)) - DefaultSessionIdManager workerName=node0
2024-01-18 21:13:53,853 [main] INFO  server.session (DefaultSessionIdManager.java:doStart(339)) - No SessionScavenger set, using defaults
2024-01-18 21:13:53,853 [main] INFO  server.session (HouseKeeper.java:startScavenging(132)) - node0 Scavenging every 600000ms
2024-01-18 21:13:53,853 [main] INFO  handler.ContextHandler (ContextHandler.java:doStart(921)) - Started o.e.j.s.ServletContextHandler@4a3a164c{logs,/logs,file:///home/runner/work/ozone/ozone/hadoop-ozone/integration-test/target/log,AVAILABLE}
2024-01-18 21:13:53,854 [main] INFO  handler.ContextHandler (ContextHandler.java:doStart(921)) - Started o.e.j.s.ServletContextHandler@5eec0c3f{static,/static,jar:file:/home/runner/.m2/repository/org/apache/ozone/hdds-container-service/1.5.0-SNAPSHOT/hdds-container-service-1.5.0-SNAPSHOT.jar!/webapps/static,AVAILABLE}
2024-01-18 21:13:53,885 [main] INFO  handler.ContextHandler (ContextHandler.java:doStart(921)) - Started o.e.j.w.WebAppContext@2583c3f2{hddsDatanode,/,file:///home/runner/work/ozone/ozone/hadoop-ozone/integration-test/target/test-dir/MiniOzoneClusterImpl-31edb46a-ccfd-4ac6-802d-5dd746a085ff/datanode-8/meta/webserver/jetty-0_0_0_0-15170-hdds-container-service-1_5_0-SNAPSHOT_jar-_-any-8123927488633578771/webapp/,AVAILABLE}{jar:file:/home/runner/.m2/repository/org/apache/ozone/hdds-container-service/1.5.0-SNAPSHOT/hdds-container-service-1.5.0-SNAPSHOT.jar!/webapps/hddsDatanode}
2024-01-18 21:13:53,887 [main] INFO  server.AbstractConnector (AbstractConnector.java:doStart(333)) - Started ServerConnector@53bf6412{HTTP/1.1, (http/1.1)}{0.0.0.0:15170}
2024-01-18 21:13:53,887 [main] INFO  server.Server (Server.java:doStart(415)) - Started @45133ms
2024-01-18 21:13:53,887 [main] WARN  impl.MetricsSystemImpl (MetricsSystemImpl.java:register(279)) - Sink prometheus already exists!
2024-01-18 21:13:53,887 [main] INFO  http.BaseHttpServer (BaseHttpServer.java:updateConnectorAddress(354)) - HTTP server of hddsDatanode listening at http://0.0.0.0:15170
2024-01-18 21:13:53,888 [main] INFO  ipc.CallQueueManager (CallQueueManager.java:<init>(90)) - Using callQueue: class java.util.concurrent.LinkedBlockingQueue, queueCapacity: 100, scheduler: class org.apache.hadoop.ipc.DefaultRpcScheduler, ipcBackoff: false.
2024-01-18 21:13:53,888 [main] INFO  ipc.Server (Server.java:<init>(1287)) - Listener at 0.0.0.0:15171
2024-01-18 21:13:53,888 [Socket Reader #1 for port 15171] INFO  ipc.Server (Server.java:run(1323)) - Starting Socket Reader #1 for port 15171
2024-01-18 21:13:53,890 [main] INFO  ozone.HddsDatanodeService (HddsDatanodeService.java:start(324)) - Datanode start with admins: [runner]
2024-01-18 21:13:53,890 [main] INFO  ozone.HddsDatanodeClientProtocolServer (HddsDatanodeClientProtocolServer.java:start(72)) - RPC server for Client /0.0.0.0:15171
2024-01-18 21:13:53,890 [IPC Server Responder] INFO  ipc.Server (Server.java:run(1562)) - IPC Server Responder: starting
2024-01-18 21:13:53,891 [IPC Server listener on 15171] INFO  ipc.Server (Server.java:run(1402)) - IPC Server listener on 15171: starting
2024-01-18 21:13:53,891 [0c097caf-3b45-4555-a1b1-3d0f2c4aaf7a-DatanodeStateMachineDaemonThread] INFO  statemachine.DatanodeStateMachine (DatanodeStateMachine.java:lambda$startDaemon$1(555)) - Ozone container server started.
2024-01-18 21:13:53,891 [main] INFO  ozone.MiniOzoneClusterImpl (MiniOzoneClusterImpl.java:lambda$waitForClusterToBeReady$0(229)) - Waiting for nodes to be ready. Got 0 of 9 DN Heartbeats.
2024-01-18 21:13:53,891 [main] INFO  ozone.MiniOzoneClusterImpl (MiniOzoneClusterImpl.java:lambda$waitForClusterToBeReady$0(232)) - Waiting for cluster to exit safe mode
2024-01-18 21:13:53,891 [main] INFO  ozone.MiniOzoneClusterImpl (MiniOzoneClusterImpl.java:lambda$waitForClusterToBeReady$0(234)) - SCM became leader
2024-01-18 21:13:53,896 [0c097caf-3b45-4555-a1b1-3d0f2c4aaf7a-DatanodeStateMachineTaskThread-0] INFO  datanode.InitDatanodeState (InitDatanodeState.java:persistContainerDatanodeDetails(139)) - DatanodeDetails is persisted to /home/runner/work/ozone/ozone/hadoop-ozone/integration-test/target/test-dir/MiniOzoneClusterImpl-31edb46a-ccfd-4ac6-802d-5dd746a085ff/datanode-8/meta/datanode.id
2024-01-18 21:13:54,001 [om1@group-C5BA1605619E-FollowerState] INFO  impl.FollowerState (FollowerState.java:run(143)) - om1@group-C5BA1605619E-FollowerState: change to CANDIDATE, lastRpcElapsedTime:1093850338ns, electionTimeout:1092ms
2024-01-18 21:13:54,001 [om1@group-C5BA1605619E-FollowerState] INFO  impl.RoleInfo (RoleInfo.java:shutdownFollowerState(110)) - om1: shutdown om1@group-C5BA1605619E-FollowerState
2024-01-18 21:13:54,001 [om1@group-C5BA1605619E-FollowerState] INFO  server.RaftServer$Division (RaftServerImpl.java:setRole(383)) - om1@group-C5BA1605619E: changes role from  FOLLOWER to CANDIDATE at term 0 for changeToCandidate
2024-01-18 21:13:54,001 [om1@group-C5BA1605619E-FollowerState] INFO  server.RaftServerConfigKeys (ConfUtils.java:logGet(46)) - raft.server.leaderelection.pre-vote = true (default)
2024-01-18 21:13:54,001 [om1@group-C5BA1605619E-FollowerState] INFO  impl.RoleInfo (RoleInfo.java:updateAndGet(139)) - om1: start om1@group-C5BA1605619E-LeaderElection16
2024-01-18 21:13:54,003 [om1@group-C5BA1605619E-LeaderElection16] INFO  impl.LeaderElection (LeaderElection.java:askForVotes(321)) - om1@group-C5BA1605619E-LeaderElection16 PRE_VOTE round 0: submit vote requests at term 0 for -1: peers:[om1|localhost:15096]|listeners:[], old=null
2024-01-18 21:13:54,004 [om1@group-C5BA1605619E-LeaderElection16] INFO  impl.LeaderElection (LeaderElection.java:askForVotes(323)) - om1@group-C5BA1605619E-LeaderElection16 PRE_VOTE round 0: result PASSED (term=0)
2024-01-18 21:13:54,005 [om1@group-C5BA1605619E-LeaderElection16] INFO  impl.LeaderElection (LeaderElection.java:askForVotes(321)) - om1@group-C5BA1605619E-LeaderElection16 ELECTION round 0: submit vote requests at term 1 for -1: peers:[om1|localhost:15096]|listeners:[], old=null
2024-01-18 21:13:54,005 [om1@group-C5BA1605619E-LeaderElection16] INFO  impl.LeaderElection (LeaderElection.java:askForVotes(323)) - om1@group-C5BA1605619E-LeaderElection16 ELECTION round 0: result PASSED (term=1)
2024-01-18 21:13:54,005 [om1@group-C5BA1605619E-LeaderElection16] INFO  impl.RoleInfo (RoleInfo.java:shutdownLeaderElection(130)) - om1: shutdown om1@group-C5BA1605619E-LeaderElection16
2024-01-18 21:13:54,005 [om1@group-C5BA1605619E-LeaderElection16] INFO  server.RaftServer$Division (RaftServerImpl.java:setRole(383)) - om1@group-C5BA1605619E: changes role from CANDIDATE to LEADER at term 1 for changeToLeader
2024-01-18 21:13:54,005 [om1@group-C5BA1605619E-LeaderElection16] INFO  server.RaftServerConfigKeys (ConfUtils.java:logGet(46)) - raft.server.staging.catchup.gap = 1000 (default)
2024-01-18 21:13:54,005 [om1@group-C5BA1605619E-LeaderElection16] INFO  server.RaftServerConfigKeys (ConfUtils.java:logGet(46)) - raft.server.write.element-limit = 4096 (default)
2024-01-18 21:13:54,005 [om1@group-C5BA1605619E-LeaderElection16] INFO  server.RaftServerConfigKeys (ConfUtils.java:logGet(46)) - raft.server.write.byte-limit = 64MB (=67108864) (default)
2024-01-18 21:13:54,005 [om1@group-C5BA1605619E-LeaderElection16] INFO  server.RaftServerConfigKeys (ConfUtils.java:logGet(46)) - raft.server.watch.timeout = 10s (default)
2024-01-18 21:13:54,006 [om1@group-C5BA1605619E-LeaderElection16] INFO  server.RaftServerConfigKeys (ConfUtils.java:logGet(46)) - raft.server.watch.timeout.denomination = 1s (default)
2024-01-18 21:13:54,006 [om1@group-C5BA1605619E-LeaderElection16] INFO  server.RaftServerConfigKeys (ConfUtils.java:logGet(46)) - raft.server.watch.element-limit = 65536 (default)
2024-01-18 21:13:54,006 [om1@group-C5BA1605619E-LeaderElection16] INFO  server.RaftServerConfigKeys (ConfUtils.java:logGet(46)) - raft.server.read.leader.lease.enabled = false (default)
2024-01-18 21:13:54,006 [om1@group-C5BA1605619E-LeaderElection16] INFO  server.RaftServerConfigKeys (ConfUtils.java:logGet(46)) - raft.server.read.leader.lease.timeout.ratio = 0.9 (default)
2024-01-18 21:13:54,006 [om1@group-C5BA1605619E-LeaderElection16] INFO  server.RaftServerConfigKeys (ConfUtils.java:logGet(46)) - raft.server.rpc.timeout.min = 1s (custom)
2024-01-18 21:13:54,006 [om1@group-C5BA1605619E-LeaderElection16] INFO  server.RaftServerConfigKeys (ConfUtils.java:logGet(46)) - raft.server.write.element-limit = 4096 (default)
2024-01-18 21:13:54,006 [om1@group-C5BA1605619E-LeaderElection16] INFO  server.RaftServerConfigKeys (ConfUtils.java:logGet(46)) - raft.server.write.follower.gap.ratio.max = -1.0 (default)
2024-01-18 21:13:54,006 [om1@group-C5BA1605619E-LeaderElection16] INFO  impl.RoleInfo (RoleInfo.java:updateAndGet(139)) - om1: start om1@group-C5BA1605619E-LeaderStateImpl
2024-01-18 21:13:54,006 [om1@group-C5BA1605619E-LeaderElection16] INFO  server.RaftServer$Division (RaftServerImpl.java:setFirstElection(574)) - om1@group-C5BA1605619E: set firstElectionSinceStartup to false for becomeLeader
2024-01-18 21:13:54,007 [om1@group-C5BA1605619E-LeaderElection16] INFO  server.RaftServer$Division (ServerState.java:setLeader(269)) - om1@group-C5BA1605619E: change Leader from null to om1 at term 1 for becomeLeader, leader elected after 1334ms
2024-01-18 21:13:54,007 [om1@group-C5BA1605619E-LeaderElection16] INFO  segmented.SegmentedRaftLogWorker (SegmentedRaftLogWorker.java:startLogSegment(430)) - om1@group-C5BA1605619E-SegmentedRaftLogWorker: Starting segment from index:0
2024-01-18 21:13:54,007 [om1@group-C5BA1605619E-SegmentedRaftLogWorker] INFO  segmented.BufferedWriteChannel (BufferedWriteChannel.java:open(62)) - open log_inprogress_0 at position 0
2024-01-18 21:13:54,013 [om1@group-C5BA1605619E-LeaderElection16] INFO  server.RaftServer$Division (ServerState.java:setRaftConf(386)) - om1@group-C5BA1605619E: set configuration 0: peers:[om1|localhost:15096]|listeners:[], old=null
2024-01-18 21:13:54,015 [om1@group-C5BA1605619E-SegmentedRaftLogWorker] INFO  segmented.SegmentedRaftLogWorker (SegmentedRaftLogWorker.java:execute(634)) - om1@group-C5BA1605619E-SegmentedRaftLogWorker: created new log segment /home/runner/work/ozone/ozone/hadoop-ozone/integration-test/target/test-dir/MiniOzoneClusterImpl-31edb46a-ccfd-4ac6-802d-5dd746a085ff/ozone-meta/ratis/bf265839-605b-3f16-9796-c5ba1605619e/current/log_inprogress_0
2024-01-18 21:13:54,017 [om1@group-C5BA1605619E-StateMachineUpdater] INFO  ratis.OzoneManagerStateMachine (OzoneManagerStateMachine.java:notifyConfigurationChanged(211)) - Received Configuration change notification from Ratis. New Peer list:
[id: "om1"
address: "localhost:15096"
startupRole: FOLLOWER
]
2024-01-18 21:13:54,017 [om1@group-C5BA1605619E-StateMachineUpdater] INFO  server.RaftServer$Division (LeaderStateImpl.java:isApplied(320)) - leader is ready since appliedIndex == 0 >= startIndex == 0
2024-01-18 21:13:54,891 [main] INFO  ozone.MiniOzoneClusterImpl (MiniOzoneClusterImpl.java:lambda$waitForClusterToBeReady$0(229)) - Waiting for nodes to be ready. Got 0 of 9 DN Heartbeats.
2024-01-18 21:13:54,891 [main] INFO  ozone.MiniOzoneClusterImpl (MiniOzoneClusterImpl.java:lambda$waitForClusterToBeReady$0(232)) - Waiting for cluster to exit safe mode
2024-01-18 21:13:54,892 [main] INFO  ozone.MiniOzoneClusterImpl (MiniOzoneClusterImpl.java:lambda$waitForClusterToBeReady$0(234)) - SCM became leader
2024-01-18 21:13:55,076 [a53a26a9-4fba-413e-b26a-f90ec9646c55-EndpointStateMachineTaskThread-/0.0.0.0:15091-0 ] INFO  utils.DatanodeStoreCache (DatanodeStoreCache.java:addDB(72)) - Added db /home/runner/work/ozone/ozone/hadoop-ozone/integration-test/target/test-dir/MiniOzoneClusterImpl-31edb46a-ccfd-4ac6-802d-5dd746a085ff/datanode-0/data-0/containers/hdds/31edb46a-ccfd-4ac6-802d-5dd746a085ff/DS-c93275ef-70ec-4fa9-a1ad-e1bc63f36258/container.db to cache
2024-01-18 21:13:55,076 [a53a26a9-4fba-413e-b26a-f90ec9646c55-EndpointStateMachineTaskThread-/0.0.0.0:15091-0 ] INFO  volume.HddsVolume (HddsVolume.java:createDbStore(420)) - SchemaV3 db is created and loaded at /home/runner/work/ozone/ozone/hadoop-ozone/integration-test/target/test-dir/MiniOzoneClusterImpl-31edb46a-ccfd-4ac6-802d-5dd746a085ff/datanode-0/data-0/containers/hdds/31edb46a-ccfd-4ac6-802d-5dd746a085ff/DS-c93275ef-70ec-4fa9-a1ad-e1bc63f36258/container.db for volume DS-c93275ef-70ec-4fa9-a1ad-e1bc63f36258
2024-01-18 21:13:55,078 [a53a26a9-4fba-413e-b26a-f90ec9646c55-EndpointStateMachineTaskThread-/0.0.0.0:15091-0 ] INFO  volume.ThrottledAsyncChecker (ThrottledAsyncChecker.java:schedule(141)) - Scheduling a check for /home/runner/work/ozone/ozone/hadoop-ozone/integration-test/target/test-dir/MiniOzoneClusterImpl-31edb46a-ccfd-4ac6-802d-5dd746a085ff/datanode-0/data-0/containers/hdds
2024-01-18 21:13:55,078 [a53a26a9-4fba-413e-b26a-f90ec9646c55-EndpointStateMachineTaskThread-/0.0.0.0:15091-0 ] INFO  volume.StorageVolumeChecker (StorageVolumeChecker.java:checkAllVolumes(218)) - Scheduled health check for volume /home/runner/work/ozone/ozone/hadoop-ozone/integration-test/target/test-dir/MiniOzoneClusterImpl-31edb46a-ccfd-4ac6-802d-5dd746a085ff/datanode-0/data-0/containers/hdds
2024-01-18 21:13:55,079 [a53a26a9-4fba-413e-b26a-f90ec9646c55-EndpointStateMachineTaskThread-/0.0.0.0:15091-0 ] INFO  volume.ThrottledAsyncChecker (ThrottledAsyncChecker.java:schedule(141)) - Scheduling a check for /home/runner/work/ozone/ozone/hadoop-ozone/integration-test/target/test-dir/MiniOzoneClusterImpl-31edb46a-ccfd-4ac6-802d-5dd746a085ff/datanode-0/data/ratis
2024-01-18 21:13:55,080 [a53a26a9-4fba-413e-b26a-f90ec9646c55-EndpointStateMachineTaskThread-/0.0.0.0:15091-0 ] INFO  volume.StorageVolumeChecker (StorageVolumeChecker.java:checkAllVolumes(218)) - Scheduled health check for volume /home/runner/work/ozone/ozone/hadoop-ozone/integration-test/target/test-dir/MiniOzoneClusterImpl-31edb46a-ccfd-4ac6-802d-5dd746a085ff/datanode-0/data/ratis
2024-01-18 21:13:55,081 [a53a26a9-4fba-413e-b26a-f90ec9646c55-EndpointStateMachineTaskThread-/0.0.0.0:15091-0 ] INFO  ozoneimpl.OzoneContainer (OzoneContainer.java:start(457)) - Attempting to start container services.
2024-01-18 21:13:55,081 [a53a26a9-4fba-413e-b26a-f90ec9646c55-EndpointStateMachineTaskThread-/0.0.0.0:15091-0 ] INFO  ozoneimpl.OzoneContainer (OzoneContainer.java:startContainerScrub(339)) - Scheduled background container scanners and the on-demand container scanner have been disabled.
2024-01-18 21:13:55,081 [a53a26a9-4fba-413e-b26a-f90ec9646c55-EndpointStateMachineTaskThread-/0.0.0.0:15091-0 ] INFO  replication.ReplicationServer (ReplicationServer.java:start(139)) - ReplicationServer is started using port 15105
2024-01-18 21:13:55,081 [a53a26a9-4fba-413e-b26a-f90ec9646c55-EndpointStateMachineTaskThread-/0.0.0.0:15091-0 ] INFO  ratis.XceiverServerRatis (XceiverServerRatis.java:start(549)) - Starting XceiverServerRatis a53a26a9-4fba-413e-b26a-f90ec9646c55
2024-01-18 21:13:55,083 [a53a26a9-4fba-413e-b26a-f90ec9646c55-EndpointStateMachineTaskThread-/0.0.0.0:15091-0 ] INFO  server.RaftServer (RaftServerProxy.java:startImpl(406)) - a53a26a9-4fba-413e-b26a-f90ec9646c55: start RPC server
2024-01-18 21:13:55,084 [a53a26a9-4fba-413e-b26a-f90ec9646c55-EndpointStateMachineTaskThread-/0.0.0.0:15091-0 ] INFO  server.GrpcService (GrpcService.java:startImpl(302)) - a53a26a9-4fba-413e-b26a-f90ec9646c55: GrpcService started, listening on 15101
2024-01-18 21:13:55,084 [a53a26a9-4fba-413e-b26a-f90ec9646c55-EndpointStateMachineTaskThread-/0.0.0.0:15091-0 ] INFO  server.GrpcService (GrpcService.java:startImpl(302)) - a53a26a9-4fba-413e-b26a-f90ec9646c55: GrpcService started, listening on 15103
2024-01-18 21:13:55,084 [a53a26a9-4fba-413e-b26a-f90ec9646c55-EndpointStateMachineTaskThread-/0.0.0.0:15091-0 ] INFO  server.GrpcService (GrpcService.java:startImpl(302)) - a53a26a9-4fba-413e-b26a-f90ec9646c55: GrpcService started, listening on 15102
2024-01-18 21:13:55,084 [a53a26a9-4fba-413e-b26a-f90ec9646c55-EndpointStateMachineTaskThread-/0.0.0.0:15091-0 ] INFO  ratis.XceiverServerRatis (XceiverServerRatis.java:getRealPort(575)) - XceiverServerRatis a53a26a9-4fba-413e-b26a-f90ec9646c55 is started using port 15101 for RATIS
2024-01-18 21:13:55,085 [JvmPauseMonitor13] INFO  util.JvmPauseMonitor (JvmPauseMonitor.java:run(146)) - JvmPauseMonitor-a53a26a9-4fba-413e-b26a-f90ec9646c55: Started
2024-01-18 21:13:55,085 [a53a26a9-4fba-413e-b26a-f90ec9646c55-EndpointStateMachineTaskThread-/0.0.0.0:15091-0 ] INFO  ratis.XceiverServerRatis (XceiverServerRatis.java:getRealPort(575)) - XceiverServerRatis a53a26a9-4fba-413e-b26a-f90ec9646c55 is started using port 15102 for RATIS_ADMIN
2024-01-18 21:13:55,085 [a53a26a9-4fba-413e-b26a-f90ec9646c55-EndpointStateMachineTaskThread-/0.0.0.0:15091-0 ] INFO  ratis.XceiverServerRatis (XceiverServerRatis.java:getRealPort(575)) - XceiverServerRatis a53a26a9-4fba-413e-b26a-f90ec9646c55 is started using port 15103 for RATIS_SERVER
2024-01-18 21:13:55,085 [a53a26a9-4fba-413e-b26a-f90ec9646c55-EndpointStateMachineTaskThread-/0.0.0.0:15091-0 ] INFO  ratis.XceiverServerRatis (XceiverServerRatis.java:getRealPort(575)) - XceiverServerRatis a53a26a9-4fba-413e-b26a-f90ec9646c55 is started using port 15104 for RATIS_DATASTREAM
2024-01-18 21:13:55,086 [a53a26a9-4fba-413e-b26a-f90ec9646c55-BlockDeletingService#0] INFO  interfaces.ContainerDeletionChoosingPolicyTemplate (ContainerDeletionChoosingPolicyTemplate.java:chooseContainerForBlockDeletion(85)) - Chosen 0/5000 blocks from 0 candidate containers.
2024-01-18 21:13:55,170 [32a26d97-b348-45bd-baf8-7e50e45a1152-EndpointStateMachineTaskThread-/0.0.0.0:15091-0 ] INFO  utils.DatanodeStoreCache (DatanodeStoreCache.java:addDB(72)) - Added db /home/runner/work/ozone/ozone/hadoop-ozone/integration-test/target/test-dir/MiniOzoneClusterImpl-31edb46a-ccfd-4ac6-802d-5dd746a085ff/datanode-1/data-0/containers/hdds/31edb46a-ccfd-4ac6-802d-5dd746a085ff/DS-cb3e6be7-6308-439e-beca-456a0f3bf537/container.db to cache
2024-01-18 21:13:55,170 [32a26d97-b348-45bd-baf8-7e50e45a1152-EndpointStateMachineTaskThread-/0.0.0.0:15091-0 ] INFO  volume.HddsVolume (HddsVolume.java:createDbStore(420)) - SchemaV3 db is created and loaded at /home/runner/work/ozone/ozone/hadoop-ozone/integration-test/target/test-dir/MiniOzoneClusterImpl-31edb46a-ccfd-4ac6-802d-5dd746a085ff/datanode-1/data-0/containers/hdds/31edb46a-ccfd-4ac6-802d-5dd746a085ff/DS-cb3e6be7-6308-439e-beca-456a0f3bf537/container.db for volume DS-cb3e6be7-6308-439e-beca-456a0f3bf537
2024-01-18 21:13:55,171 [32a26d97-b348-45bd-baf8-7e50e45a1152-EndpointStateMachineTaskThread-/0.0.0.0:15091-0 ] INFO  volume.ThrottledAsyncChecker (ThrottledAsyncChecker.java:schedule(141)) - Scheduling a check for /home/runner/work/ozone/ozone/hadoop-ozone/integration-test/target/test-dir/MiniOzoneClusterImpl-31edb46a-ccfd-4ac6-802d-5dd746a085ff/datanode-1/data-0/containers/hdds
2024-01-18 21:13:55,171 [32a26d97-b348-45bd-baf8-7e50e45a1152-EndpointStateMachineTaskThread-/0.0.0.0:15091-0 ] INFO  volume.StorageVolumeChecker (StorageVolumeChecker.java:checkAllVolumes(218)) - Scheduled health check for volume /home/runner/work/ozone/ozone/hadoop-ozone/integration-test/target/test-dir/MiniOzoneClusterImpl-31edb46a-ccfd-4ac6-802d-5dd746a085ff/datanode-1/data-0/containers/hdds
2024-01-18 21:13:55,173 [32a26d97-b348-45bd-baf8-7e50e45a1152-EndpointStateMachineTaskThread-/0.0.0.0:15091-0 ] INFO  volume.ThrottledAsyncChecker (ThrottledAsyncChecker.java:schedule(141)) - Scheduling a check for /home/runner/work/ozone/ozone/hadoop-ozone/integration-test/target/test-dir/MiniOzoneClusterImpl-31edb46a-ccfd-4ac6-802d-5dd746a085ff/datanode-1/data/ratis
2024-01-18 21:13:55,173 [32a26d97-b348-45bd-baf8-7e50e45a1152-EndpointStateMachineTaskThread-/0.0.0.0:15091-0 ] INFO  volume.StorageVolumeChecker (StorageVolumeChecker.java:checkAllVolumes(218)) - Scheduled health check for volume /home/runner/work/ozone/ozone/hadoop-ozone/integration-test/target/test-dir/MiniOzoneClusterImpl-31edb46a-ccfd-4ac6-802d-5dd746a085ff/datanode-1/data/ratis
2024-01-18 21:13:55,174 [32a26d97-b348-45bd-baf8-7e50e45a1152-EndpointStateMachineTaskThread-/0.0.0.0:15091-0 ] INFO  ozoneimpl.OzoneContainer (OzoneContainer.java:start(457)) - Attempting to start container services.
2024-01-18 21:13:55,174 [32a26d97-b348-45bd-baf8-7e50e45a1152-EndpointStateMachineTaskThread-/0.0.0.0:15091-0 ] INFO  ozoneimpl.OzoneContainer (OzoneContainer.java:startContainerScrub(339)) - Scheduled background container scanners and the on-demand container scanner have been disabled.
2024-01-18 21:13:55,174 [32a26d97-b348-45bd-baf8-7e50e45a1152-EndpointStateMachineTaskThread-/0.0.0.0:15091-0 ] INFO  replication.ReplicationServer (ReplicationServer.java:start(139)) - ReplicationServer is started using port 15114
2024-01-18 21:13:55,174 [32a26d97-b348-45bd-baf8-7e50e45a1152-EndpointStateMachineTaskThread-/0.0.0.0:15091-0 ] INFO  ratis.XceiverServerRatis (XceiverServerRatis.java:start(549)) - Starting XceiverServerRatis 32a26d97-b348-45bd-baf8-7e50e45a1152
2024-01-18 21:13:55,175 [32a26d97-b348-45bd-baf8-7e50e45a1152-EndpointStateMachineTaskThread-/0.0.0.0:15091-0 ] INFO  server.RaftServer (RaftServerProxy.java:startImpl(406)) - 32a26d97-b348-45bd-baf8-7e50e45a1152: start RPC server
2024-01-18 21:13:55,176 [32a26d97-b348-45bd-baf8-7e50e45a1152-EndpointStateMachineTaskThread-/0.0.0.0:15091-0 ] INFO  server.GrpcService (GrpcService.java:startImpl(302)) - 32a26d97-b348-45bd-baf8-7e50e45a1152: GrpcService started, listening on 15110
2024-01-18 21:13:55,176 [32a26d97-b348-45bd-baf8-7e50e45a1152-EndpointStateMachineTaskThread-/0.0.0.0:15091-0 ] INFO  server.GrpcService (GrpcService.java:startImpl(302)) - 32a26d97-b348-45bd-baf8-7e50e45a1152: GrpcService started, listening on 15112
2024-01-18 21:13:55,176 [32a26d97-b348-45bd-baf8-7e50e45a1152-EndpointStateMachineTaskThread-/0.0.0.0:15091-0 ] INFO  server.GrpcService (GrpcService.java:startImpl(302)) - 32a26d97-b348-45bd-baf8-7e50e45a1152: GrpcService started, listening on 15111
2024-01-18 21:13:55,176 [32a26d97-b348-45bd-baf8-7e50e45a1152-EndpointStateMachineTaskThread-/0.0.0.0:15091-0 ] INFO  ratis.XceiverServerRatis (XceiverServerRatis.java:getRealPort(575)) - XceiverServerRatis 32a26d97-b348-45bd-baf8-7e50e45a1152 is started using port 15110 for RATIS
2024-01-18 21:13:55,176 [JvmPauseMonitor14] INFO  util.JvmPauseMonitor (JvmPauseMonitor.java:run(146)) - JvmPauseMonitor-32a26d97-b348-45bd-baf8-7e50e45a1152: Started
2024-01-18 21:13:55,176 [32a26d97-b348-45bd-baf8-7e50e45a1152-EndpointStateMachineTaskThread-/0.0.0.0:15091-0 ] INFO  ratis.XceiverServerRatis (XceiverServerRatis.java:getRealPort(575)) - XceiverServerRatis 32a26d97-b348-45bd-baf8-7e50e45a1152 is started using port 15111 for RATIS_ADMIN
2024-01-18 21:13:55,177 [32a26d97-b348-45bd-baf8-7e50e45a1152-EndpointStateMachineTaskThread-/0.0.0.0:15091-0 ] INFO  ratis.XceiverServerRatis (XceiverServerRatis.java:getRealPort(575)) - XceiverServerRatis 32a26d97-b348-45bd-baf8-7e50e45a1152 is started using port 15112 for RATIS_SERVER
2024-01-18 21:13:55,177 [32a26d97-b348-45bd-baf8-7e50e45a1152-EndpointStateMachineTaskThread-/0.0.0.0:15091-0 ] INFO  ratis.XceiverServerRatis (XceiverServerRatis.java:getRealPort(575)) - XceiverServerRatis 32a26d97-b348-45bd-baf8-7e50e45a1152 is started using port 15113 for RATIS_DATASTREAM
2024-01-18 21:13:55,177 [32a26d97-b348-45bd-baf8-7e50e45a1152-BlockDeletingService#0] INFO  interfaces.ContainerDeletionChoosingPolicyTemplate (ContainerDeletionChoosingPolicyTemplate.java:chooseContainerForBlockDeletion(85)) - Chosen 0/5000 blocks from 0 candidate containers.
2024-01-18 21:13:55,294 [686b4373-3f6e-463e-bd5f-56c21a134faf-EndpointStateMachineTaskThread-/0.0.0.0:15091-0 ] INFO  utils.DatanodeStoreCache (DatanodeStoreCache.java:addDB(72)) - Added db /home/runner/work/ozone/ozone/hadoop-ozone/integration-test/target/test-dir/MiniOzoneClusterImpl-31edb46a-ccfd-4ac6-802d-5dd746a085ff/datanode-2/data-0/containers/hdds/31edb46a-ccfd-4ac6-802d-5dd746a085ff/DS-f2553816-48b1-4fc5-96ae-fe44b17b64e1/container.db to cache
2024-01-18 21:13:55,294 [686b4373-3f6e-463e-bd5f-56c21a134faf-EndpointStateMachineTaskThread-/0.0.0.0:15091-0 ] INFO  volume.HddsVolume (HddsVolume.java:createDbStore(420)) - SchemaV3 db is created and loaded at /home/runner/work/ozone/ozone/hadoop-ozone/integration-test/target/test-dir/MiniOzoneClusterImpl-31edb46a-ccfd-4ac6-802d-5dd746a085ff/datanode-2/data-0/containers/hdds/31edb46a-ccfd-4ac6-802d-5dd746a085ff/DS-f2553816-48b1-4fc5-96ae-fe44b17b64e1/container.db for volume DS-f2553816-48b1-4fc5-96ae-fe44b17b64e1
2024-01-18 21:13:55,295 [686b4373-3f6e-463e-bd5f-56c21a134faf-EndpointStateMachineTaskThread-/0.0.0.0:15091-0 ] INFO  volume.ThrottledAsyncChecker (ThrottledAsyncChecker.java:schedule(141)) - Scheduling a check for /home/runner/work/ozone/ozone/hadoop-ozone/integration-test/target/test-dir/MiniOzoneClusterImpl-31edb46a-ccfd-4ac6-802d-5dd746a085ff/datanode-2/data-0/containers/hdds
2024-01-18 21:13:55,295 [686b4373-3f6e-463e-bd5f-56c21a134faf-EndpointStateMachineTaskThread-/0.0.0.0:15091-0 ] INFO  volume.StorageVolumeChecker (StorageVolumeChecker.java:checkAllVolumes(218)) - Scheduled health check for volume /home/runner/work/ozone/ozone/hadoop-ozone/integration-test/target/test-dir/MiniOzoneClusterImpl-31edb46a-ccfd-4ac6-802d-5dd746a085ff/datanode-2/data-0/containers/hdds
2024-01-18 21:13:55,297 [686b4373-3f6e-463e-bd5f-56c21a134faf-EndpointStateMachineTaskThread-/0.0.0.0:15091-0 ] INFO  volume.ThrottledAsyncChecker (ThrottledAsyncChecker.java:schedule(141)) - Scheduling a check for /home/runner/work/ozone/ozone/hadoop-ozone/integration-test/target/test-dir/MiniOzoneClusterImpl-31edb46a-ccfd-4ac6-802d-5dd746a085ff/datanode-2/data/ratis
2024-01-18 21:13:55,297 [686b4373-3f6e-463e-bd5f-56c21a134faf-EndpointStateMachineTaskThread-/0.0.0.0:15091-0 ] INFO  volume.StorageVolumeChecker (StorageVolumeChecker.java:checkAllVolumes(218)) - Scheduled health check for volume /home/runner/work/ozone/ozone/hadoop-ozone/integration-test/target/test-dir/MiniOzoneClusterImpl-31edb46a-ccfd-4ac6-802d-5dd746a085ff/datanode-2/data/ratis
2024-01-18 21:13:55,297 [686b4373-3f6e-463e-bd5f-56c21a134faf-EndpointStateMachineTaskThread-/0.0.0.0:15091-0 ] INFO  ozoneimpl.OzoneContainer (OzoneContainer.java:start(457)) - Attempting to start container services.
2024-01-18 21:13:55,297 [686b4373-3f6e-463e-bd5f-56c21a134faf-EndpointStateMachineTaskThread-/0.0.0.0:15091-0 ] INFO  ozoneimpl.OzoneContainer (OzoneContainer.java:startContainerScrub(339)) - Scheduled background container scanners and the on-demand container scanner have been disabled.
2024-01-18 21:13:55,298 [686b4373-3f6e-463e-bd5f-56c21a134faf-EndpointStateMachineTaskThread-/0.0.0.0:15091-0 ] INFO  replication.ReplicationServer (ReplicationServer.java:start(139)) - ReplicationServer is started using port 15123
2024-01-18 21:13:55,298 [686b4373-3f6e-463e-bd5f-56c21a134faf-EndpointStateMachineTaskThread-/0.0.0.0:15091-0 ] INFO  ratis.XceiverServerRatis (XceiverServerRatis.java:start(549)) - Starting XceiverServerRatis 686b4373-3f6e-463e-bd5f-56c21a134faf
2024-01-18 21:13:55,298 [686b4373-3f6e-463e-bd5f-56c21a134faf-EndpointStateMachineTaskThread-/0.0.0.0:15091-0 ] INFO  server.RaftServer (RaftServerProxy.java:startImpl(406)) - 686b4373-3f6e-463e-bd5f-56c21a134faf: start RPC server
2024-01-18 21:13:55,299 [686b4373-3f6e-463e-bd5f-56c21a134faf-EndpointStateMachineTaskThread-/0.0.0.0:15091-0 ] INFO  server.GrpcService (GrpcService.java:startImpl(302)) - 686b4373-3f6e-463e-bd5f-56c21a134faf: GrpcService started, listening on 15119
2024-01-18 21:13:55,299 [686b4373-3f6e-463e-bd5f-56c21a134faf-EndpointStateMachineTaskThread-/0.0.0.0:15091-0 ] INFO  server.GrpcService (GrpcService.java:startImpl(302)) - 686b4373-3f6e-463e-bd5f-56c21a134faf: GrpcService started, listening on 15121
2024-01-18 21:13:55,299 [686b4373-3f6e-463e-bd5f-56c21a134faf-EndpointStateMachineTaskThread-/0.0.0.0:15091-0 ] INFO  server.GrpcService (GrpcService.java:startImpl(302)) - 686b4373-3f6e-463e-bd5f-56c21a134faf: GrpcService started, listening on 15120
2024-01-18 21:13:55,299 [686b4373-3f6e-463e-bd5f-56c21a134faf-EndpointStateMachineTaskThread-/0.0.0.0:15091-0 ] INFO  ratis.XceiverServerRatis (XceiverServerRatis.java:getRealPort(575)) - XceiverServerRatis 686b4373-3f6e-463e-bd5f-56c21a134faf is started using port 15119 for RATIS
2024-01-18 21:13:55,299 [686b4373-3f6e-463e-bd5f-56c21a134faf-EndpointStateMachineTaskThread-/0.0.0.0:15091-0 ] INFO  ratis.XceiverServerRatis (XceiverServerRatis.java:getRealPort(575)) - XceiverServerRatis 686b4373-3f6e-463e-bd5f-56c21a134faf is started using port 15120 for RATIS_ADMIN
2024-01-18 21:13:55,299 [686b4373-3f6e-463e-bd5f-56c21a134faf-EndpointStateMachineTaskThread-/0.0.0.0:15091-0 ] INFO  ratis.XceiverServerRatis (XceiverServerRatis.java:getRealPort(575)) - XceiverServerRatis 686b4373-3f6e-463e-bd5f-56c21a134faf is started using port 15121 for RATIS_SERVER
2024-01-18 21:13:55,299 [686b4373-3f6e-463e-bd5f-56c21a134faf-EndpointStateMachineTaskThread-/0.0.0.0:15091-0 ] INFO  ratis.XceiverServerRatis (XceiverServerRatis.java:getRealPort(575)) - XceiverServerRatis 686b4373-3f6e-463e-bd5f-56c21a134faf is started using port 15122 for RATIS_DATASTREAM
2024-01-18 21:13:55,299 [JvmPauseMonitor15] INFO  util.JvmPauseMonitor (JvmPauseMonitor.java:run(146)) - JvmPauseMonitor-686b4373-3f6e-463e-bd5f-56c21a134faf: Started
2024-01-18 21:13:55,301 [686b4373-3f6e-463e-bd5f-56c21a134faf-BlockDeletingService#0] INFO  interfaces.ContainerDeletionChoosingPolicyTemplate (ContainerDeletionChoosingPolicyTemplate.java:chooseContainerForBlockDeletion(85)) - Chosen 0/5000 blocks from 0 candidate containers.
2024-01-18 21:13:55,420 [655b4849-f6c7-42ce-9d2b-be9b96fb5c65-EndpointStateMachineTaskThread-/0.0.0.0:15091-0 ] INFO  utils.DatanodeStoreCache (DatanodeStoreCache.java:addDB(72)) - Added db /home/runner/work/ozone/ozone/hadoop-ozone/integration-test/target/test-dir/MiniOzoneClusterImpl-31edb46a-ccfd-4ac6-802d-5dd746a085ff/datanode-3/data-0/containers/hdds/31edb46a-ccfd-4ac6-802d-5dd746a085ff/DS-905fcbbf-6417-4f48-92be-ee44164b4ff0/container.db to cache
2024-01-18 21:13:55,420 [655b4849-f6c7-42ce-9d2b-be9b96fb5c65-EndpointStateMachineTaskThread-/0.0.0.0:15091-0 ] INFO  volume.HddsVolume (HddsVolume.java:createDbStore(420)) - SchemaV3 db is created and loaded at /home/runner/work/ozone/ozone/hadoop-ozone/integration-test/target/test-dir/MiniOzoneClusterImpl-31edb46a-ccfd-4ac6-802d-5dd746a085ff/datanode-3/data-0/containers/hdds/31edb46a-ccfd-4ac6-802d-5dd746a085ff/DS-905fcbbf-6417-4f48-92be-ee44164b4ff0/container.db for volume DS-905fcbbf-6417-4f48-92be-ee44164b4ff0
2024-01-18 21:13:55,422 [655b4849-f6c7-42ce-9d2b-be9b96fb5c65-EndpointStateMachineTaskThread-/0.0.0.0:15091-0 ] INFO  volume.ThrottledAsyncChecker (ThrottledAsyncChecker.java:schedule(141)) - Scheduling a check for /home/runner/work/ozone/ozone/hadoop-ozone/integration-test/target/test-dir/MiniOzoneClusterImpl-31edb46a-ccfd-4ac6-802d-5dd746a085ff/datanode-3/data-0/containers/hdds
2024-01-18 21:13:55,422 [655b4849-f6c7-42ce-9d2b-be9b96fb5c65-EndpointStateMachineTaskThread-/0.0.0.0:15091-0 ] INFO  volume.StorageVolumeChecker (StorageVolumeChecker.java:checkAllVolumes(218)) - Scheduled health check for volume /home/runner/work/ozone/ozone/hadoop-ozone/integration-test/target/test-dir/MiniOzoneClusterImpl-31edb46a-ccfd-4ac6-802d-5dd746a085ff/datanode-3/data-0/containers/hdds
2024-01-18 21:13:55,423 [655b4849-f6c7-42ce-9d2b-be9b96fb5c65-EndpointStateMachineTaskThread-/0.0.0.0:15091-0 ] INFO  volume.ThrottledAsyncChecker (ThrottledAsyncChecker.java:schedule(141)) - Scheduling a check for /home/runner/work/ozone/ozone/hadoop-ozone/integration-test/target/test-dir/MiniOzoneClusterImpl-31edb46a-ccfd-4ac6-802d-5dd746a085ff/datanode-3/data/ratis
2024-01-18 21:13:55,424 [655b4849-f6c7-42ce-9d2b-be9b96fb5c65-EndpointStateMachineTaskThread-/0.0.0.0:15091-0 ] INFO  volume.StorageVolumeChecker (StorageVolumeChecker.java:checkAllVolumes(218)) - Scheduled health check for volume /home/runner/work/ozone/ozone/hadoop-ozone/integration-test/target/test-dir/MiniOzoneClusterImpl-31edb46a-ccfd-4ac6-802d-5dd746a085ff/datanode-3/data/ratis
2024-01-18 21:13:55,424 [655b4849-f6c7-42ce-9d2b-be9b96fb5c65-EndpointStateMachineTaskThread-/0.0.0.0:15091-0 ] INFO  ozoneimpl.OzoneContainer (OzoneContainer.java:start(457)) - Attempting to start container services.
2024-01-18 21:13:55,424 [655b4849-f6c7-42ce-9d2b-be9b96fb5c65-EndpointStateMachineTaskThread-/0.0.0.0:15091-0 ] INFO  ozoneimpl.OzoneContainer (OzoneContainer.java:startContainerScrub(339)) - Scheduled background container scanners and the on-demand container scanner have been disabled.
2024-01-18 21:13:55,425 [655b4849-f6c7-42ce-9d2b-be9b96fb5c65-EndpointStateMachineTaskThread-/0.0.0.0:15091-0 ] INFO  replication.ReplicationServer (ReplicationServer.java:start(139)) - ReplicationServer is started using port 15132
2024-01-18 21:13:55,425 [655b4849-f6c7-42ce-9d2b-be9b96fb5c65-EndpointStateMachineTaskThread-/0.0.0.0:15091-0 ] INFO  ratis.XceiverServerRatis (XceiverServerRatis.java:start(549)) - Starting XceiverServerRatis 655b4849-f6c7-42ce-9d2b-be9b96fb5c65
2024-01-18 21:13:55,426 [655b4849-f6c7-42ce-9d2b-be9b96fb5c65-EndpointStateMachineTaskThread-/0.0.0.0:15091-0 ] INFO  server.RaftServer (RaftServerProxy.java:startImpl(406)) - 655b4849-f6c7-42ce-9d2b-be9b96fb5c65: start RPC server
2024-01-18 21:13:55,426 [655b4849-f6c7-42ce-9d2b-be9b96fb5c65-EndpointStateMachineTaskThread-/0.0.0.0:15091-0 ] INFO  server.GrpcService (GrpcService.java:startImpl(302)) - 655b4849-f6c7-42ce-9d2b-be9b96fb5c65: GrpcService started, listening on 15128
2024-01-18 21:13:55,426 [655b4849-f6c7-42ce-9d2b-be9b96fb5c65-EndpointStateMachineTaskThread-/0.0.0.0:15091-0 ] INFO  server.GrpcService (GrpcService.java:startImpl(302)) - 655b4849-f6c7-42ce-9d2b-be9b96fb5c65: GrpcService started, listening on 15130
2024-01-18 21:13:55,426 [655b4849-f6c7-42ce-9d2b-be9b96fb5c65-EndpointStateMachineTaskThread-/0.0.0.0:15091-0 ] INFO  server.GrpcService (GrpcService.java:startImpl(302)) - 655b4849-f6c7-42ce-9d2b-be9b96fb5c65: GrpcService started, listening on 15129
2024-01-18 21:13:55,427 [655b4849-f6c7-42ce-9d2b-be9b96fb5c65-EndpointStateMachineTaskThread-/0.0.0.0:15091-0 ] INFO  ratis.XceiverServerRatis (XceiverServerRatis.java:getRealPort(575)) - XceiverServerRatis 655b4849-f6c7-42ce-9d2b-be9b96fb5c65 is started using port 15128 for RATIS
2024-01-18 21:13:55,427 [655b4849-f6c7-42ce-9d2b-be9b96fb5c65-EndpointStateMachineTaskThread-/0.0.0.0:15091-0 ] INFO  ratis.XceiverServerRatis (XceiverServerRatis.java:getRealPort(575)) - XceiverServerRatis 655b4849-f6c7-42ce-9d2b-be9b96fb5c65 is started using port 15129 for RATIS_ADMIN
2024-01-18 21:13:55,427 [655b4849-f6c7-42ce-9d2b-be9b96fb5c65-EndpointStateMachineTaskThread-/0.0.0.0:15091-0 ] INFO  ratis.XceiverServerRatis (XceiverServerRatis.java:getRealPort(575)) - XceiverServerRatis 655b4849-f6c7-42ce-9d2b-be9b96fb5c65 is started using port 15130 for RATIS_SERVER
2024-01-18 21:13:55,427 [655b4849-f6c7-42ce-9d2b-be9b96fb5c65-EndpointStateMachineTaskThread-/0.0.0.0:15091-0 ] INFO  ratis.XceiverServerRatis (XceiverServerRatis.java:getRealPort(575)) - XceiverServerRatis 655b4849-f6c7-42ce-9d2b-be9b96fb5c65 is started using port 15131 for RATIS_DATASTREAM
2024-01-18 21:13:55,427 [JvmPauseMonitor16] INFO  util.JvmPauseMonitor (JvmPauseMonitor.java:run(146)) - JvmPauseMonitor-655b4849-f6c7-42ce-9d2b-be9b96fb5c65: Started
2024-01-18 21:13:55,428 [655b4849-f6c7-42ce-9d2b-be9b96fb5c65-BlockDeletingService#0] INFO  interfaces.ContainerDeletionChoosingPolicyTemplate (ContainerDeletionChoosingPolicyTemplate.java:chooseContainerForBlockDeletion(85)) - Chosen 0/5000 blocks from 0 candidate containers.
2024-01-18 21:13:55,536 [d7bd62da-9eff-4c5a-9810-dab6199e7b8e-EndpointStateMachineTaskThread-/0.0.0.0:15091-0 ] INFO  utils.DatanodeStoreCache (DatanodeStoreCache.java:addDB(72)) - Added db /home/runner/work/ozone/ozone/hadoop-ozone/integration-test/target/test-dir/MiniOzoneClusterImpl-31edb46a-ccfd-4ac6-802d-5dd746a085ff/datanode-4/data-0/containers/hdds/31edb46a-ccfd-4ac6-802d-5dd746a085ff/DS-ede7874a-6031-42fa-8f89-3275ab958ac8/container.db to cache
2024-01-18 21:13:55,536 [d7bd62da-9eff-4c5a-9810-dab6199e7b8e-EndpointStateMachineTaskThread-/0.0.0.0:15091-0 ] INFO  volume.HddsVolume (HddsVolume.java:createDbStore(420)) - SchemaV3 db is created and loaded at /home/runner/work/ozone/ozone/hadoop-ozone/integration-test/target/test-dir/MiniOzoneClusterImpl-31edb46a-ccfd-4ac6-802d-5dd746a085ff/datanode-4/data-0/containers/hdds/31edb46a-ccfd-4ac6-802d-5dd746a085ff/DS-ede7874a-6031-42fa-8f89-3275ab958ac8/container.db for volume DS-ede7874a-6031-42fa-8f89-3275ab958ac8
2024-01-18 21:13:55,537 [d7bd62da-9eff-4c5a-9810-dab6199e7b8e-EndpointStateMachineTaskThread-/0.0.0.0:15091-0 ] INFO  volume.ThrottledAsyncChecker (ThrottledAsyncChecker.java:schedule(141)) - Scheduling a check for /home/runner/work/ozone/ozone/hadoop-ozone/integration-test/target/test-dir/MiniOzoneClusterImpl-31edb46a-ccfd-4ac6-802d-5dd746a085ff/datanode-4/data-0/containers/hdds
2024-01-18 21:13:55,538 [d7bd62da-9eff-4c5a-9810-dab6199e7b8e-EndpointStateMachineTaskThread-/0.0.0.0:15091-0 ] INFO  volume.StorageVolumeChecker (StorageVolumeChecker.java:checkAllVolumes(218)) - Scheduled health check for volume /home/runner/work/ozone/ozone/hadoop-ozone/integration-test/target/test-dir/MiniOzoneClusterImpl-31edb46a-ccfd-4ac6-802d-5dd746a085ff/datanode-4/data-0/containers/hdds
2024-01-18 21:13:55,539 [d7bd62da-9eff-4c5a-9810-dab6199e7b8e-EndpointStateMachineTaskThread-/0.0.0.0:15091-0 ] INFO  volume.ThrottledAsyncChecker (ThrottledAsyncChecker.java:schedule(141)) - Scheduling a check for /home/runner/work/ozone/ozone/hadoop-ozone/integration-test/target/test-dir/MiniOzoneClusterImpl-31edb46a-ccfd-4ac6-802d-5dd746a085ff/datanode-4/data/ratis
2024-01-18 21:13:55,539 [d7bd62da-9eff-4c5a-9810-dab6199e7b8e-EndpointStateMachineTaskThread-/0.0.0.0:15091-0 ] INFO  volume.StorageVolumeChecker (StorageVolumeChecker.java:checkAllVolumes(218)) - Scheduled health check for volume /home/runner/work/ozone/ozone/hadoop-ozone/integration-test/target/test-dir/MiniOzoneClusterImpl-31edb46a-ccfd-4ac6-802d-5dd746a085ff/datanode-4/data/ratis
2024-01-18 21:13:55,540 [d7bd62da-9eff-4c5a-9810-dab6199e7b8e-EndpointStateMachineTaskThread-/0.0.0.0:15091-0 ] INFO  ozoneimpl.OzoneContainer (OzoneContainer.java:start(457)) - Attempting to start container services.
2024-01-18 21:13:55,540 [d7bd62da-9eff-4c5a-9810-dab6199e7b8e-EndpointStateMachineTaskThread-/0.0.0.0:15091-0 ] INFO  ozoneimpl.OzoneContainer (OzoneContainer.java:startContainerScrub(339)) - Scheduled background container scanners and the on-demand container scanner have been disabled.
2024-01-18 21:13:55,541 [d7bd62da-9eff-4c5a-9810-dab6199e7b8e-EndpointStateMachineTaskThread-/0.0.0.0:15091-0 ] INFO  replication.ReplicationServer (ReplicationServer.java:start(139)) - ReplicationServer is started using port 15141
2024-01-18 21:13:55,541 [d7bd62da-9eff-4c5a-9810-dab6199e7b8e-EndpointStateMachineTaskThread-/0.0.0.0:15091-0 ] INFO  ratis.XceiverServerRatis (XceiverServerRatis.java:start(549)) - Starting XceiverServerRatis d7bd62da-9eff-4c5a-9810-dab6199e7b8e
2024-01-18 21:13:55,541 [d7bd62da-9eff-4c5a-9810-dab6199e7b8e-EndpointStateMachineTaskThread-/0.0.0.0:15091-0 ] INFO  server.RaftServer (RaftServerProxy.java:startImpl(406)) - d7bd62da-9eff-4c5a-9810-dab6199e7b8e: start RPC server
2024-01-18 21:13:55,542 [d7bd62da-9eff-4c5a-9810-dab6199e7b8e-EndpointStateMachineTaskThread-/0.0.0.0:15091-0 ] INFO  server.GrpcService (GrpcService.java:startImpl(302)) - d7bd62da-9eff-4c5a-9810-dab6199e7b8e: GrpcService started, listening on 15137
2024-01-18 21:13:55,542 [d7bd62da-9eff-4c5a-9810-dab6199e7b8e-EndpointStateMachineTaskThread-/0.0.0.0:15091-0 ] INFO  server.GrpcService (GrpcService.java:startImpl(302)) - d7bd62da-9eff-4c5a-9810-dab6199e7b8e: GrpcService started, listening on 15139
2024-01-18 21:13:55,542 [d7bd62da-9eff-4c5a-9810-dab6199e7b8e-EndpointStateMachineTaskThread-/0.0.0.0:15091-0 ] INFO  server.GrpcService (GrpcService.java:startImpl(302)) - d7bd62da-9eff-4c5a-9810-dab6199e7b8e: GrpcService started, listening on 15138
2024-01-18 21:13:55,542 [d7bd62da-9eff-4c5a-9810-dab6199e7b8e-EndpointStateMachineTaskThread-/0.0.0.0:15091-0 ] INFO  ratis.XceiverServerRatis (XceiverServerRatis.java:getRealPort(575)) - XceiverServerRatis d7bd62da-9eff-4c5a-9810-dab6199e7b8e is started using port 15137 for RATIS
2024-01-18 21:13:55,542 [JvmPauseMonitor17] INFO  util.JvmPauseMonitor (JvmPauseMonitor.java:run(146)) - JvmPauseMonitor-d7bd62da-9eff-4c5a-9810-dab6199e7b8e: Started
2024-01-18 21:13:55,542 [d7bd62da-9eff-4c5a-9810-dab6199e7b8e-EndpointStateMachineTaskThread-/0.0.0.0:15091-0 ] INFO  ratis.XceiverServerRatis (XceiverServerRatis.java:getRealPort(575)) - XceiverServerRatis d7bd62da-9eff-4c5a-9810-dab6199e7b8e is started using port 15138 for RATIS_ADMIN
2024-01-18 21:13:55,542 [d7bd62da-9eff-4c5a-9810-dab6199e7b8e-EndpointStateMachineTaskThread-/0.0.0.0:15091-0 ] INFO  ratis.XceiverServerRatis (XceiverServerRatis.java:getRealPort(575)) - XceiverServerRatis d7bd62da-9eff-4c5a-9810-dab6199e7b8e is started using port 15139 for RATIS_SERVER
2024-01-18 21:13:55,542 [d7bd62da-9eff-4c5a-9810-dab6199e7b8e-EndpointStateMachineTaskThread-/0.0.0.0:15091-0 ] INFO  ratis.XceiverServerRatis (XceiverServerRatis.java:getRealPort(575)) - XceiverServerRatis d7bd62da-9eff-4c5a-9810-dab6199e7b8e is started using port 15140 for RATIS_DATASTREAM
2024-01-18 21:13:55,543 [d7bd62da-9eff-4c5a-9810-dab6199e7b8e-BlockDeletingService#0] INFO  interfaces.ContainerDeletionChoosingPolicyTemplate (ContainerDeletionChoosingPolicyTemplate.java:chooseContainerForBlockDeletion(85)) - Chosen 0/5000 blocks from 0 candidate containers.
2024-01-18 21:13:55,633 [2a2b30f3-c6d3-4b10-97ff-b0c22fa05b40-EndpointStateMachineTaskThread-/0.0.0.0:15091-0 ] INFO  utils.DatanodeStoreCache (DatanodeStoreCache.java:addDB(72)) - Added db /home/runner/work/ozone/ozone/hadoop-ozone/integration-test/target/test-dir/MiniOzoneClusterImpl-31edb46a-ccfd-4ac6-802d-5dd746a085ff/datanode-5/data-0/containers/hdds/31edb46a-ccfd-4ac6-802d-5dd746a085ff/DS-43147a71-4d49-4b89-bb7c-a6a979605c9a/container.db to cache
2024-01-18 21:13:55,633 [2a2b30f3-c6d3-4b10-97ff-b0c22fa05b40-EndpointStateMachineTaskThread-/0.0.0.0:15091-0 ] INFO  volume.HddsVolume (HddsVolume.java:createDbStore(420)) - SchemaV3 db is created and loaded at /home/runner/work/ozone/ozone/hadoop-ozone/integration-test/target/test-dir/MiniOzoneClusterImpl-31edb46a-ccfd-4ac6-802d-5dd746a085ff/datanode-5/data-0/containers/hdds/31edb46a-ccfd-4ac6-802d-5dd746a085ff/DS-43147a71-4d49-4b89-bb7c-a6a979605c9a/container.db for volume DS-43147a71-4d49-4b89-bb7c-a6a979605c9a
2024-01-18 21:13:55,634 [2a2b30f3-c6d3-4b10-97ff-b0c22fa05b40-EndpointStateMachineTaskThread-/0.0.0.0:15091-0 ] INFO  volume.ThrottledAsyncChecker (ThrottledAsyncChecker.java:schedule(141)) - Scheduling a check for /home/runner/work/ozone/ozone/hadoop-ozone/integration-test/target/test-dir/MiniOzoneClusterImpl-31edb46a-ccfd-4ac6-802d-5dd746a085ff/datanode-5/data-0/containers/hdds
2024-01-18 21:13:55,634 [2a2b30f3-c6d3-4b10-97ff-b0c22fa05b40-EndpointStateMachineTaskThread-/0.0.0.0:15091-0 ] INFO  volume.StorageVolumeChecker (StorageVolumeChecker.java:checkAllVolumes(218)) - Scheduled health check for volume /home/runner/work/ozone/ozone/hadoop-ozone/integration-test/target/test-dir/MiniOzoneClusterImpl-31edb46a-ccfd-4ac6-802d-5dd746a085ff/datanode-5/data-0/containers/hdds
2024-01-18 21:13:55,636 [2a2b30f3-c6d3-4b10-97ff-b0c22fa05b40-EndpointStateMachineTaskThread-/0.0.0.0:15091-0 ] INFO  volume.ThrottledAsyncChecker (ThrottledAsyncChecker.java:schedule(141)) - Scheduling a check for /home/runner/work/ozone/ozone/hadoop-ozone/integration-test/target/test-dir/MiniOzoneClusterImpl-31edb46a-ccfd-4ac6-802d-5dd746a085ff/datanode-5/data/ratis
2024-01-18 21:13:55,636 [2a2b30f3-c6d3-4b10-97ff-b0c22fa05b40-EndpointStateMachineTaskThread-/0.0.0.0:15091-0 ] INFO  volume.StorageVolumeChecker (StorageVolumeChecker.java:checkAllVolumes(218)) - Scheduled health check for volume /home/runner/work/ozone/ozone/hadoop-ozone/integration-test/target/test-dir/MiniOzoneClusterImpl-31edb46a-ccfd-4ac6-802d-5dd746a085ff/datanode-5/data/ratis
2024-01-18 21:13:55,637 [2a2b30f3-c6d3-4b10-97ff-b0c22fa05b40-EndpointStateMachineTaskThread-/0.0.0.0:15091-0 ] INFO  ozoneimpl.OzoneContainer (OzoneContainer.java:start(457)) - Attempting to start container services.
2024-01-18 21:13:55,637 [2a2b30f3-c6d3-4b10-97ff-b0c22fa05b40-EndpointStateMachineTaskThread-/0.0.0.0:15091-0 ] INFO  ozoneimpl.OzoneContainer (OzoneContainer.java:startContainerScrub(339)) - Scheduled background container scanners and the on-demand container scanner have been disabled.
2024-01-18 21:13:55,637 [2a2b30f3-c6d3-4b10-97ff-b0c22fa05b40-EndpointStateMachineTaskThread-/0.0.0.0:15091-0 ] INFO  replication.ReplicationServer (ReplicationServer.java:start(139)) - ReplicationServer is started using port 15150
2024-01-18 21:13:55,637 [2a2b30f3-c6d3-4b10-97ff-b0c22fa05b40-EndpointStateMachineTaskThread-/0.0.0.0:15091-0 ] INFO  ratis.XceiverServerRatis (XceiverServerRatis.java:start(549)) - Starting XceiverServerRatis 2a2b30f3-c6d3-4b10-97ff-b0c22fa05b40
2024-01-18 21:13:55,638 [2a2b30f3-c6d3-4b10-97ff-b0c22fa05b40-EndpointStateMachineTaskThread-/0.0.0.0:15091-0 ] INFO  server.RaftServer (RaftServerProxy.java:startImpl(406)) - 2a2b30f3-c6d3-4b10-97ff-b0c22fa05b40: start RPC server
2024-01-18 21:13:55,638 [2a2b30f3-c6d3-4b10-97ff-b0c22fa05b40-EndpointStateMachineTaskThread-/0.0.0.0:15091-0 ] INFO  server.GrpcService (GrpcService.java:startImpl(302)) - 2a2b30f3-c6d3-4b10-97ff-b0c22fa05b40: GrpcService started, listening on 15146
2024-01-18 21:13:55,638 [2a2b30f3-c6d3-4b10-97ff-b0c22fa05b40-EndpointStateMachineTaskThread-/0.0.0.0:15091-0 ] INFO  server.GrpcService (GrpcService.java:startImpl(302)) - 2a2b30f3-c6d3-4b10-97ff-b0c22fa05b40: GrpcService started, listening on 15148
2024-01-18 21:13:55,638 [2a2b30f3-c6d3-4b10-97ff-b0c22fa05b40-EndpointStateMachineTaskThread-/0.0.0.0:15091-0 ] INFO  server.GrpcService (GrpcService.java:startImpl(302)) - 2a2b30f3-c6d3-4b10-97ff-b0c22fa05b40: GrpcService started, listening on 15147
2024-01-18 21:13:55,638 [2a2b30f3-c6d3-4b10-97ff-b0c22fa05b40-EndpointStateMachineTaskThread-/0.0.0.0:15091-0 ] INFO  ratis.XceiverServerRatis (XceiverServerRatis.java:getRealPort(575)) - XceiverServerRatis 2a2b30f3-c6d3-4b10-97ff-b0c22fa05b40 is started using port 15146 for RATIS
2024-01-18 21:13:55,638 [JvmPauseMonitor18] INFO  util.JvmPauseMonitor (JvmPauseMonitor.java:run(146)) - JvmPauseMonitor-2a2b30f3-c6d3-4b10-97ff-b0c22fa05b40: Started
2024-01-18 21:13:55,639 [2a2b30f3-c6d3-4b10-97ff-b0c22fa05b40-EndpointStateMachineTaskThread-/0.0.0.0:15091-0 ] INFO  ratis.XceiverServerRatis (XceiverServerRatis.java:getRealPort(575)) - XceiverServerRatis 2a2b30f3-c6d3-4b10-97ff-b0c22fa05b40 is started using port 15147 for RATIS_ADMIN
2024-01-18 21:13:55,639 [2a2b30f3-c6d3-4b10-97ff-b0c22fa05b40-EndpointStateMachineTaskThread-/0.0.0.0:15091-0 ] INFO  ratis.XceiverServerRatis (XceiverServerRatis.java:getRealPort(575)) - XceiverServerRatis 2a2b30f3-c6d3-4b10-97ff-b0c22fa05b40 is started using port 15148 for RATIS_SERVER
2024-01-18 21:13:55,639 [2a2b30f3-c6d3-4b10-97ff-b0c22fa05b40-EndpointStateMachineTaskThread-/0.0.0.0:15091-0 ] INFO  ratis.XceiverServerRatis (XceiverServerRatis.java:getRealPort(575)) - XceiverServerRatis 2a2b30f3-c6d3-4b10-97ff-b0c22fa05b40 is started using port 15149 for RATIS_DATASTREAM
2024-01-18 21:13:55,640 [2a2b30f3-c6d3-4b10-97ff-b0c22fa05b40-BlockDeletingService#0] INFO  interfaces.ContainerDeletionChoosingPolicyTemplate (ContainerDeletionChoosingPolicyTemplate.java:chooseContainerForBlockDeletion(85)) - Chosen 0/5000 blocks from 0 candidate containers.
2024-01-18 21:13:55,731 [bff1bba2-2b6d-4994-8ead-d2e5b7e1f8d7-EndpointStateMachineTaskThread-/0.0.0.0:15091-0 ] INFO  utils.DatanodeStoreCache (DatanodeStoreCache.java:addDB(72)) - Added db /home/runner/work/ozone/ozone/hadoop-ozone/integration-test/target/test-dir/MiniOzoneClusterImpl-31edb46a-ccfd-4ac6-802d-5dd746a085ff/datanode-6/data-0/containers/hdds/31edb46a-ccfd-4ac6-802d-5dd746a085ff/DS-6436b0f7-2080-41e9-a6ae-994d887d898f/container.db to cache
2024-01-18 21:13:55,731 [bff1bba2-2b6d-4994-8ead-d2e5b7e1f8d7-EndpointStateMachineTaskThread-/0.0.0.0:15091-0 ] INFO  volume.HddsVolume (HddsVolume.java:createDbStore(420)) - SchemaV3 db is created and loaded at /home/runner/work/ozone/ozone/hadoop-ozone/integration-test/target/test-dir/MiniOzoneClusterImpl-31edb46a-ccfd-4ac6-802d-5dd746a085ff/datanode-6/data-0/containers/hdds/31edb46a-ccfd-4ac6-802d-5dd746a085ff/DS-6436b0f7-2080-41e9-a6ae-994d887d898f/container.db for volume DS-6436b0f7-2080-41e9-a6ae-994d887d898f
2024-01-18 21:13:55,732 [bff1bba2-2b6d-4994-8ead-d2e5b7e1f8d7-EndpointStateMachineTaskThread-/0.0.0.0:15091-0 ] INFO  volume.ThrottledAsyncChecker (ThrottledAsyncChecker.java:schedule(141)) - Scheduling a check for /home/runner/work/ozone/ozone/hadoop-ozone/integration-test/target/test-dir/MiniOzoneClusterImpl-31edb46a-ccfd-4ac6-802d-5dd746a085ff/datanode-6/data-0/containers/hdds
2024-01-18 21:13:55,733 [bff1bba2-2b6d-4994-8ead-d2e5b7e1f8d7-EndpointStateMachineTaskThread-/0.0.0.0:15091-0 ] INFO  volume.StorageVolumeChecker (StorageVolumeChecker.java:checkAllVolumes(218)) - Scheduled health check for volume /home/runner/work/ozone/ozone/hadoop-ozone/integration-test/target/test-dir/MiniOzoneClusterImpl-31edb46a-ccfd-4ac6-802d-5dd746a085ff/datanode-6/data-0/containers/hdds
2024-01-18 21:13:55,736 [bff1bba2-2b6d-4994-8ead-d2e5b7e1f8d7-EndpointStateMachineTaskThread-/0.0.0.0:15091-0 ] INFO  volume.ThrottledAsyncChecker (ThrottledAsyncChecker.java:schedule(141)) - Scheduling a check for /home/runner/work/ozone/ozone/hadoop-ozone/integration-test/target/test-dir/MiniOzoneClusterImpl-31edb46a-ccfd-4ac6-802d-5dd746a085ff/datanode-6/data/ratis
2024-01-18 21:13:55,736 [bff1bba2-2b6d-4994-8ead-d2e5b7e1f8d7-EndpointStateMachineTaskThread-/0.0.0.0:15091-0 ] INFO  volume.StorageVolumeChecker (StorageVolumeChecker.java:checkAllVolumes(218)) - Scheduled health check for volume /home/runner/work/ozone/ozone/hadoop-ozone/integration-test/target/test-dir/MiniOzoneClusterImpl-31edb46a-ccfd-4ac6-802d-5dd746a085ff/datanode-6/data/ratis
2024-01-18 21:13:55,738 [bff1bba2-2b6d-4994-8ead-d2e5b7e1f8d7-EndpointStateMachineTaskThread-/0.0.0.0:15091-0 ] INFO  ozoneimpl.OzoneContainer (OzoneContainer.java:start(457)) - Attempting to start container services.
2024-01-18 21:13:55,738 [bff1bba2-2b6d-4994-8ead-d2e5b7e1f8d7-EndpointStateMachineTaskThread-/0.0.0.0:15091-0 ] INFO  ozoneimpl.OzoneContainer (OzoneContainer.java:startContainerScrub(339)) - Scheduled background container scanners and the on-demand container scanner have been disabled.
2024-01-18 21:13:55,739 [bff1bba2-2b6d-4994-8ead-d2e5b7e1f8d7-EndpointStateMachineTaskThread-/0.0.0.0:15091-0 ] INFO  replication.ReplicationServer (ReplicationServer.java:start(139)) - ReplicationServer is started using port 15159
2024-01-18 21:13:55,739 [bff1bba2-2b6d-4994-8ead-d2e5b7e1f8d7-EndpointStateMachineTaskThread-/0.0.0.0:15091-0 ] INFO  ratis.XceiverServerRatis (XceiverServerRatis.java:start(549)) - Starting XceiverServerRatis bff1bba2-2b6d-4994-8ead-d2e5b7e1f8d7
2024-01-18 21:13:55,739 [bff1bba2-2b6d-4994-8ead-d2e5b7e1f8d7-EndpointStateMachineTaskThread-/0.0.0.0:15091-0 ] INFO  server.RaftServer (RaftServerProxy.java:startImpl(406)) - bff1bba2-2b6d-4994-8ead-d2e5b7e1f8d7: start RPC server
2024-01-18 21:13:55,739 [bff1bba2-2b6d-4994-8ead-d2e5b7e1f8d7-EndpointStateMachineTaskThread-/0.0.0.0:15091-0 ] INFO  server.GrpcService (GrpcService.java:startImpl(302)) - bff1bba2-2b6d-4994-8ead-d2e5b7e1f8d7: GrpcService started, listening on 15155
2024-01-18 21:13:55,740 [bff1bba2-2b6d-4994-8ead-d2e5b7e1f8d7-EndpointStateMachineTaskThread-/0.0.0.0:15091-0 ] INFO  server.GrpcService (GrpcService.java:startImpl(302)) - bff1bba2-2b6d-4994-8ead-d2e5b7e1f8d7: GrpcService started, listening on 15157
2024-01-18 21:13:55,740 [bff1bba2-2b6d-4994-8ead-d2e5b7e1f8d7-EndpointStateMachineTaskThread-/0.0.0.0:15091-0 ] INFO  server.GrpcService (GrpcService.java:startImpl(302)) - bff1bba2-2b6d-4994-8ead-d2e5b7e1f8d7: GrpcService started, listening on 15156
2024-01-18 21:13:55,740 [bff1bba2-2b6d-4994-8ead-d2e5b7e1f8d7-EndpointStateMachineTaskThread-/0.0.0.0:15091-0 ] INFO  ratis.XceiverServerRatis (XceiverServerRatis.java:getRealPort(575)) - XceiverServerRatis bff1bba2-2b6d-4994-8ead-d2e5b7e1f8d7 is started using port 15155 for RATIS
2024-01-18 21:13:55,740 [JvmPauseMonitor19] INFO  util.JvmPauseMonitor (JvmPauseMonitor.java:run(146)) - JvmPauseMonitor-bff1bba2-2b6d-4994-8ead-d2e5b7e1f8d7: Started
2024-01-18 21:13:55,740 [bff1bba2-2b6d-4994-8ead-d2e5b7e1f8d7-EndpointStateMachineTaskThread-/0.0.0.0:15091-0 ] INFO  ratis.XceiverServerRatis (XceiverServerRatis.java:getRealPort(575)) - XceiverServerRatis bff1bba2-2b6d-4994-8ead-d2e5b7e1f8d7 is started using port 15156 for RATIS_ADMIN
2024-01-18 21:13:55,740 [bff1bba2-2b6d-4994-8ead-d2e5b7e1f8d7-EndpointStateMachineTaskThread-/0.0.0.0:15091-0 ] INFO  ratis.XceiverServerRatis (XceiverServerRatis.java:getRealPort(575)) - XceiverServerRatis bff1bba2-2b6d-4994-8ead-d2e5b7e1f8d7 is started using port 15157 for RATIS_SERVER
2024-01-18 21:13:55,740 [bff1bba2-2b6d-4994-8ead-d2e5b7e1f8d7-EndpointStateMachineTaskThread-/0.0.0.0:15091-0 ] INFO  ratis.XceiverServerRatis (XceiverServerRatis.java:getRealPort(575)) - XceiverServerRatis bff1bba2-2b6d-4994-8ead-d2e5b7e1f8d7 is started using port 15158 for RATIS_DATASTREAM
2024-01-18 21:13:55,741 [bff1bba2-2b6d-4994-8ead-d2e5b7e1f8d7-BlockDeletingService#0] INFO  interfaces.ContainerDeletionChoosingPolicyTemplate (ContainerDeletionChoosingPolicyTemplate.java:chooseContainerForBlockDeletion(85)) - Chosen 0/5000 blocks from 0 candidate containers.
2024-01-18 21:13:55,834 [ea523e53-c226-4491-8cf7-936e653545c3-EndpointStateMachineTaskThread-/0.0.0.0:15091-0 ] INFO  utils.DatanodeStoreCache (DatanodeStoreCache.java:addDB(72)) - Added db /home/runner/work/ozone/ozone/hadoop-ozone/integration-test/target/test-dir/MiniOzoneClusterImpl-31edb46a-ccfd-4ac6-802d-5dd746a085ff/datanode-7/data-0/containers/hdds/31edb46a-ccfd-4ac6-802d-5dd746a085ff/DS-99accced-80bd-43b5-a90c-2f03949acc22/container.db to cache
2024-01-18 21:13:55,834 [ea523e53-c226-4491-8cf7-936e653545c3-EndpointStateMachineTaskThread-/0.0.0.0:15091-0 ] INFO  volume.HddsVolume (HddsVolume.java:createDbStore(420)) - SchemaV3 db is created and loaded at /home/runner/work/ozone/ozone/hadoop-ozone/integration-test/target/test-dir/MiniOzoneClusterImpl-31edb46a-ccfd-4ac6-802d-5dd746a085ff/datanode-7/data-0/containers/hdds/31edb46a-ccfd-4ac6-802d-5dd746a085ff/DS-99accced-80bd-43b5-a90c-2f03949acc22/container.db for volume DS-99accced-80bd-43b5-a90c-2f03949acc22
2024-01-18 21:13:55,836 [ea523e53-c226-4491-8cf7-936e653545c3-EndpointStateMachineTaskThread-/0.0.0.0:15091-0 ] INFO  volume.ThrottledAsyncChecker (ThrottledAsyncChecker.java:schedule(141)) - Scheduling a check for /home/runner/work/ozone/ozone/hadoop-ozone/integration-test/target/test-dir/MiniOzoneClusterImpl-31edb46a-ccfd-4ac6-802d-5dd746a085ff/datanode-7/data-0/containers/hdds
2024-01-18 21:13:55,836 [ea523e53-c226-4491-8cf7-936e653545c3-EndpointStateMachineTaskThread-/0.0.0.0:15091-0 ] INFO  volume.StorageVolumeChecker (StorageVolumeChecker.java:checkAllVolumes(218)) - Scheduled health check for volume /home/runner/work/ozone/ozone/hadoop-ozone/integration-test/target/test-dir/MiniOzoneClusterImpl-31edb46a-ccfd-4ac6-802d-5dd746a085ff/datanode-7/data-0/containers/hdds
2024-01-18 21:13:55,837 [ea523e53-c226-4491-8cf7-936e653545c3-EndpointStateMachineTaskThread-/0.0.0.0:15091-0 ] INFO  volume.ThrottledAsyncChecker (ThrottledAsyncChecker.java:schedule(141)) - Scheduling a check for /home/runner/work/ozone/ozone/hadoop-ozone/integration-test/target/test-dir/MiniOzoneClusterImpl-31edb46a-ccfd-4ac6-802d-5dd746a085ff/datanode-7/data/ratis
2024-01-18 21:13:55,837 [ea523e53-c226-4491-8cf7-936e653545c3-EndpointStateMachineTaskThread-/0.0.0.0:15091-0 ] INFO  volume.StorageVolumeChecker (StorageVolumeChecker.java:checkAllVolumes(218)) - Scheduled health check for volume /home/runner/work/ozone/ozone/hadoop-ozone/integration-test/target/test-dir/MiniOzoneClusterImpl-31edb46a-ccfd-4ac6-802d-5dd746a085ff/datanode-7/data/ratis
2024-01-18 21:13:55,838 [ea523e53-c226-4491-8cf7-936e653545c3-EndpointStateMachineTaskThread-/0.0.0.0:15091-0 ] INFO  ozoneimpl.OzoneContainer (OzoneContainer.java:start(457)) - Attempting to start container services.
2024-01-18 21:13:55,838 [ea523e53-c226-4491-8cf7-936e653545c3-EndpointStateMachineTaskThread-/0.0.0.0:15091-0 ] INFO  ozoneimpl.OzoneContainer (OzoneContainer.java:startContainerScrub(339)) - Scheduled background container scanners and the on-demand container scanner have been disabled.
2024-01-18 21:13:55,838 [ea523e53-c226-4491-8cf7-936e653545c3-EndpointStateMachineTaskThread-/0.0.0.0:15091-0 ] INFO  replication.ReplicationServer (ReplicationServer.java:start(139)) - ReplicationServer is started using port 15168
2024-01-18 21:13:55,838 [ea523e53-c226-4491-8cf7-936e653545c3-EndpointStateMachineTaskThread-/0.0.0.0:15091-0 ] INFO  ratis.XceiverServerRatis (XceiverServerRatis.java:start(549)) - Starting XceiverServerRatis ea523e53-c226-4491-8cf7-936e653545c3
2024-01-18 21:13:55,839 [ea523e53-c226-4491-8cf7-936e653545c3-EndpointStateMachineTaskThread-/0.0.0.0:15091-0 ] INFO  server.RaftServer (RaftServerProxy.java:startImpl(406)) - ea523e53-c226-4491-8cf7-936e653545c3: start RPC server
2024-01-18 21:13:55,839 [ea523e53-c226-4491-8cf7-936e653545c3-EndpointStateMachineTaskThread-/0.0.0.0:15091-0 ] INFO  server.GrpcService (GrpcService.java:startImpl(302)) - ea523e53-c226-4491-8cf7-936e653545c3: GrpcService started, listening on 15164
2024-01-18 21:13:55,839 [ea523e53-c226-4491-8cf7-936e653545c3-EndpointStateMachineTaskThread-/0.0.0.0:15091-0 ] INFO  server.GrpcService (GrpcService.java:startImpl(302)) - ea523e53-c226-4491-8cf7-936e653545c3: GrpcService started, listening on 15166
2024-01-18 21:13:55,839 [ea523e53-c226-4491-8cf7-936e653545c3-EndpointStateMachineTaskThread-/0.0.0.0:15091-0 ] INFO  server.GrpcService (GrpcService.java:startImpl(302)) - ea523e53-c226-4491-8cf7-936e653545c3: GrpcService started, listening on 15165
2024-01-18 21:13:55,840 [ea523e53-c226-4491-8cf7-936e653545c3-EndpointStateMachineTaskThread-/0.0.0.0:15091-0 ] INFO  ratis.XceiverServerRatis (XceiverServerRatis.java:getRealPort(575)) - XceiverServerRatis ea523e53-c226-4491-8cf7-936e653545c3 is started using port 15164 for RATIS
2024-01-18 21:13:55,840 [JvmPauseMonitor20] INFO  util.JvmPauseMonitor (JvmPauseMonitor.java:run(146)) - JvmPauseMonitor-ea523e53-c226-4491-8cf7-936e653545c3: Started
2024-01-18 21:13:55,840 [ea523e53-c226-4491-8cf7-936e653545c3-EndpointStateMachineTaskThread-/0.0.0.0:15091-0 ] INFO  ratis.XceiverServerRatis (XceiverServerRatis.java:getRealPort(575)) - XceiverServerRatis ea523e53-c226-4491-8cf7-936e653545c3 is started using port 15165 for RATIS_ADMIN
2024-01-18 21:13:55,840 [ea523e53-c226-4491-8cf7-936e653545c3-EndpointStateMachineTaskThread-/0.0.0.0:15091-0 ] INFO  ratis.XceiverServerRatis (XceiverServerRatis.java:getRealPort(575)) - XceiverServerRatis ea523e53-c226-4491-8cf7-936e653545c3 is started using port 15166 for RATIS_SERVER
2024-01-18 21:13:55,840 [ea523e53-c226-4491-8cf7-936e653545c3-EndpointStateMachineTaskThread-/0.0.0.0:15091-0 ] INFO  ratis.XceiverServerRatis (XceiverServerRatis.java:getRealPort(575)) - XceiverServerRatis ea523e53-c226-4491-8cf7-936e653545c3 is started using port 15167 for RATIS_DATASTREAM
2024-01-18 21:13:55,841 [ea523e53-c226-4491-8cf7-936e653545c3-BlockDeletingService#0] INFO  interfaces.ContainerDeletionChoosingPolicyTemplate (ContainerDeletionChoosingPolicyTemplate.java:chooseContainerForBlockDeletion(85)) - Chosen 0/5000 blocks from 0 candidate containers.
2024-01-18 21:13:55,892 [main] INFO  ozone.MiniOzoneClusterImpl (MiniOzoneClusterImpl.java:lambda$waitForClusterToBeReady$0(229)) - Waiting for nodes to be ready. Got 0 of 9 DN Heartbeats.
2024-01-18 21:13:55,892 [main] INFO  ozone.MiniOzoneClusterImpl (MiniOzoneClusterImpl.java:lambda$waitForClusterToBeReady$0(232)) - Waiting for cluster to exit safe mode
2024-01-18 21:13:55,892 [main] INFO  ozone.MiniOzoneClusterImpl (MiniOzoneClusterImpl.java:lambda$waitForClusterToBeReady$0(234)) - SCM became leader
2024-01-18 21:13:55,912 [0c097caf-3b45-4555-a1b1-3d0f2c4aaf7a-EndpointStateMachineTaskThread-/0.0.0.0:15091-0 ] INFO  utils.DatanodeStoreCache (DatanodeStoreCache.java:addDB(72)) - Added db /home/runner/work/ozone/ozone/hadoop-ozone/integration-test/target/test-dir/MiniOzoneClusterImpl-31edb46a-ccfd-4ac6-802d-5dd746a085ff/datanode-8/data-0/containers/hdds/31edb46a-ccfd-4ac6-802d-5dd746a085ff/DS-4702093d-ce1c-4955-b626-2c3946144b79/container.db to cache
2024-01-18 21:13:55,912 [0c097caf-3b45-4555-a1b1-3d0f2c4aaf7a-EndpointStateMachineTaskThread-/0.0.0.0:15091-0 ] INFO  volume.HddsVolume (HddsVolume.java:createDbStore(420)) - SchemaV3 db is created and loaded at /home/runner/work/ozone/ozone/hadoop-ozone/integration-test/target/test-dir/MiniOzoneClusterImpl-31edb46a-ccfd-4ac6-802d-5dd746a085ff/datanode-8/data-0/containers/hdds/31edb46a-ccfd-4ac6-802d-5dd746a085ff/DS-4702093d-ce1c-4955-b626-2c3946144b79/container.db for volume DS-4702093d-ce1c-4955-b626-2c3946144b79
2024-01-18 21:13:55,914 [0c097caf-3b45-4555-a1b1-3d0f2c4aaf7a-EndpointStateMachineTaskThread-/0.0.0.0:15091-0 ] INFO  volume.ThrottledAsyncChecker (ThrottledAsyncChecker.java:schedule(141)) - Scheduling a check for /home/runner/work/ozone/ozone/hadoop-ozone/integration-test/target/test-dir/MiniOzoneClusterImpl-31edb46a-ccfd-4ac6-802d-5dd746a085ff/datanode-8/data-0/containers/hdds
2024-01-18 21:13:55,914 [0c097caf-3b45-4555-a1b1-3d0f2c4aaf7a-EndpointStateMachineTaskThread-/0.0.0.0:15091-0 ] INFO  volume.StorageVolumeChecker (StorageVolumeChecker.java:checkAllVolumes(218)) - Scheduled health check for volume /home/runner/work/ozone/ozone/hadoop-ozone/integration-test/target/test-dir/MiniOzoneClusterImpl-31edb46a-ccfd-4ac6-802d-5dd746a085ff/datanode-8/data-0/containers/hdds
2024-01-18 21:13:55,915 [0c097caf-3b45-4555-a1b1-3d0f2c4aaf7a-EndpointStateMachineTaskThread-/0.0.0.0:15091-0 ] INFO  volume.ThrottledAsyncChecker (ThrottledAsyncChecker.java:schedule(141)) - Scheduling a check for /home/runner/work/ozone/ozone/hadoop-ozone/integration-test/target/test-dir/MiniOzoneClusterImpl-31edb46a-ccfd-4ac6-802d-5dd746a085ff/datanode-8/data/ratis
2024-01-18 21:13:55,915 [0c097caf-3b45-4555-a1b1-3d0f2c4aaf7a-EndpointStateMachineTaskThread-/0.0.0.0:15091-0 ] INFO  volume.StorageVolumeChecker (StorageVolumeChecker.java:checkAllVolumes(218)) - Scheduled health check for volume /home/runner/work/ozone/ozone/hadoop-ozone/integration-test/target/test-dir/MiniOzoneClusterImpl-31edb46a-ccfd-4ac6-802d-5dd746a085ff/datanode-8/data/ratis
2024-01-18 21:13:55,916 [0c097caf-3b45-4555-a1b1-3d0f2c4aaf7a-EndpointStateMachineTaskThread-/0.0.0.0:15091-0 ] INFO  ozoneimpl.OzoneContainer (OzoneContainer.java:start(457)) - Attempting to start container services.
2024-01-18 21:13:55,916 [0c097caf-3b45-4555-a1b1-3d0f2c4aaf7a-EndpointStateMachineTaskThread-/0.0.0.0:15091-0 ] INFO  ozoneimpl.OzoneContainer (OzoneContainer.java:startContainerScrub(339)) - Scheduled background container scanners and the on-demand container scanner have been disabled.
2024-01-18 21:13:55,916 [0c097caf-3b45-4555-a1b1-3d0f2c4aaf7a-EndpointStateMachineTaskThread-/0.0.0.0:15091-0 ] INFO  replication.ReplicationServer (ReplicationServer.java:start(139)) - ReplicationServer is started using port 15177
2024-01-18 21:13:55,916 [0c097caf-3b45-4555-a1b1-3d0f2c4aaf7a-EndpointStateMachineTaskThread-/0.0.0.0:15091-0 ] INFO  ratis.XceiverServerRatis (XceiverServerRatis.java:start(549)) - Starting XceiverServerRatis 0c097caf-3b45-4555-a1b1-3d0f2c4aaf7a
2024-01-18 21:13:55,917 [0c097caf-3b45-4555-a1b1-3d0f2c4aaf7a-EndpointStateMachineTaskThread-/0.0.0.0:15091-0 ] INFO  server.RaftServer (RaftServerProxy.java:startImpl(406)) - 0c097caf-3b45-4555-a1b1-3d0f2c4aaf7a: start RPC server
2024-01-18 21:13:55,917 [0c097caf-3b45-4555-a1b1-3d0f2c4aaf7a-EndpointStateMachineTaskThread-/0.0.0.0:15091-0 ] INFO  server.GrpcService (GrpcService.java:startImpl(302)) - 0c097caf-3b45-4555-a1b1-3d0f2c4aaf7a: GrpcService started, listening on 15173
2024-01-18 21:13:55,917 [0c097caf-3b45-4555-a1b1-3d0f2c4aaf7a-EndpointStateMachineTaskThread-/0.0.0.0:15091-0 ] INFO  server.GrpcService (GrpcService.java:startImpl(302)) - 0c097caf-3b45-4555-a1b1-3d0f2c4aaf7a: GrpcService started, listening on 15175
2024-01-18 21:13:55,917 [0c097caf-3b45-4555-a1b1-3d0f2c4aaf7a-EndpointStateMachineTaskThread-/0.0.0.0:15091-0 ] INFO  server.GrpcService (GrpcService.java:startImpl(302)) - 0c097caf-3b45-4555-a1b1-3d0f2c4aaf7a: GrpcService started, listening on 15174
2024-01-18 21:13:55,918 [0c097caf-3b45-4555-a1b1-3d0f2c4aaf7a-EndpointStateMachineTaskThread-/0.0.0.0:15091-0 ] INFO  ratis.XceiverServerRatis (XceiverServerRatis.java:getRealPort(575)) - XceiverServerRatis 0c097caf-3b45-4555-a1b1-3d0f2c4aaf7a is started using port 15173 for RATIS
2024-01-18 21:13:55,918 [JvmPauseMonitor21] INFO  util.JvmPauseMonitor (JvmPauseMonitor.java:run(146)) - JvmPauseMonitor-0c097caf-3b45-4555-a1b1-3d0f2c4aaf7a: Started
2024-01-18 21:13:55,918 [0c097caf-3b45-4555-a1b1-3d0f2c4aaf7a-EndpointStateMachineTaskThread-/0.0.0.0:15091-0 ] INFO  ratis.XceiverServerRatis (XceiverServerRatis.java:getRealPort(575)) - XceiverServerRatis 0c097caf-3b45-4555-a1b1-3d0f2c4aaf7a is started using port 15174 for RATIS_ADMIN
2024-01-18 21:13:55,918 [0c097caf-3b45-4555-a1b1-3d0f2c4aaf7a-EndpointStateMachineTaskThread-/0.0.0.0:15091-0 ] INFO  ratis.XceiverServerRatis (XceiverServerRatis.java:getRealPort(575)) - XceiverServerRatis 0c097caf-3b45-4555-a1b1-3d0f2c4aaf7a is started using port 15175 for RATIS_SERVER
2024-01-18 21:13:55,918 [0c097caf-3b45-4555-a1b1-3d0f2c4aaf7a-EndpointStateMachineTaskThread-/0.0.0.0:15091-0 ] INFO  ratis.XceiverServerRatis (XceiverServerRatis.java:getRealPort(575)) - XceiverServerRatis 0c097caf-3b45-4555-a1b1-3d0f2c4aaf7a is started using port 15176 for RATIS_DATASTREAM
2024-01-18 21:13:55,918 [0c097caf-3b45-4555-a1b1-3d0f2c4aaf7a-BlockDeletingService#0] INFO  interfaces.ContainerDeletionChoosingPolicyTemplate (ContainerDeletionChoosingPolicyTemplate.java:chooseContainerForBlockDeletion(85)) - Chosen 0/5000 blocks from 0 candidate containers.
2024-01-18 21:13:56,892 [main] INFO  ozone.MiniOzoneClusterImpl (MiniOzoneClusterImpl.java:lambda$waitForClusterToBeReady$0(229)) - Waiting for nodes to be ready. Got 0 of 9 DN Heartbeats.
2024-01-18 21:13:56,893 [main] INFO  ozone.MiniOzoneClusterImpl (MiniOzoneClusterImpl.java:lambda$waitForClusterToBeReady$0(232)) - Waiting for cluster to exit safe mode
2024-01-18 21:13:56,893 [main] INFO  ozone.MiniOzoneClusterImpl (MiniOzoneClusterImpl.java:lambda$waitForClusterToBeReady$0(234)) - SCM became leader
2024-01-18 21:13:57,054 [IPC Server handler 2 on default port 15091] INFO  net.NetworkTopologyImpl (NetworkTopologyImpl.java:add(124)) - Added a new node: /default-rack/a53a26a9-4fba-413e-b26a-f90ec9646c55
2024-01-18 21:13:57,054 [IPC Server handler 2 on default port 15091] INFO  node.SCMNodeManager (SCMNodeManager.java:register(417)) - Registered datanode: a53a26a9-4fba-413e-b26a-f90ec9646c55{ip: 10.1.0.44, host: fv-az776-647.gib5dkvrjkgedmzi5ptrevqpbg.bx.internal.cloudapp.net, ports: [HTTP=15098, CLIENT_RPC=15099, REPLICATION=15105, RATIS=15101, RATIS_ADMIN=15102, RATIS_SERVER=15103, RATIS_DATASTREAM=15104, STANDALONE=15100], networkLocation: /default-rack, certSerialId: null, persistedOpState: null, persistedOpStateExpiryEpochSec: 0}
2024-01-18 21:13:57,056 [EventQueue-NewNodeForNewNodeHandler] INFO  pipeline.BackgroundPipelineCreator (BackgroundPipelineCreator.java:notifyEventTriggered(280)) - trigger a one-shot run on RatisPipelineUtilsThread.
2024-01-18 21:13:57,057 [EventQueue-NodeRegistrationContainerReportForContainerSafeModeRule] INFO  safemode.SCMSafeModeManager (SCMSafeModeManager.java:validateSafeModeExitRules(200)) - ContainerSafeModeRule rule is successfully validated
2024-01-18 21:13:57,057 [RatisPipelineUtilsThread-0] INFO  pipeline.RatisPipelineProvider (RatisPipelineProvider.java:lambda$create$0(206)) - Sending CreatePipelineCommand for pipeline:PipelineID=b17355d0-564b-4900-aa73-29045fe243d3 to datanode:a53a26a9-4fba-413e-b26a-f90ec9646c55
2024-01-18 21:13:57,057 [EventQueue-NodeRegistrationContainerReportForDataNodeSafeModeRule] INFO  safemode.SCMSafeModeManager (DataNodeSafeModeRule.java:process(71)) - SCM in safe mode. 1 DataNodes registered, 3 required.
2024-01-18 21:13:57,058 [RatisPipelineUtilsThread-0] INFO  pipeline.BackgroundPipelineCreator (BackgroundPipelineCreator.java:createPipelines(236)) - Created new pipeline Pipeline[ Id: b17355d0-564b-4900-aa73-29045fe243d3, Nodes: a53a26a9-4fba-413e-b26a-f90ec9646c55(fv-az776-647.gib5dkvrjkgedmzi5ptrevqpbg.bx.internal.cloudapp.net/10.1.0.44), ReplicationConfig: RATIS/ONE, State:ALLOCATED, leaderId:, CreationTimestamp2024-01-18T21:13:57.057Z[Etc/UTC]]
2024-01-18 21:13:57,058 [EventQueue-PipelineReportForOneReplicaPipelineSafeModeRule] INFO  safemode.SCMSafeModeManager (SCMSafeModeManager.java:validateSafeModeExitRules(200)) - AtleastOneDatanodeReportedRule rule is successfully validated
2024-01-18 21:13:57,149 [IPC Server handler 7 on default port 15091] INFO  net.NetworkTopologyImpl (NetworkTopologyImpl.java:add(124)) - Added a new node: /default-rack/32a26d97-b348-45bd-baf8-7e50e45a1152
2024-01-18 21:13:57,149 [IPC Server handler 7 on default port 15091] INFO  node.SCMNodeManager (SCMNodeManager.java:register(417)) - Registered datanode: 32a26d97-b348-45bd-baf8-7e50e45a1152{ip: 10.1.0.44, host: fv-az776-647.gib5dkvrjkgedmzi5ptrevqpbg.bx.internal.cloudapp.net, ports: [HTTP=15107, CLIENT_RPC=15108, REPLICATION=15114, RATIS=15110, RATIS_ADMIN=15111, RATIS_SERVER=15112, RATIS_DATASTREAM=15113, STANDALONE=15109], networkLocation: /default-rack, certSerialId: null, persistedOpState: null, persistedOpStateExpiryEpochSec: 0}
2024-01-18 21:13:57,150 [EventQueue-NewNodeForNewNodeHandler] INFO  pipeline.BackgroundPipelineCreator (BackgroundPipelineCreator.java:notifyEventTriggered(280)) - trigger a one-shot run on RatisPipelineUtilsThread.
2024-01-18 21:13:57,150 [EventQueue-NodeRegistrationContainerReportForDataNodeSafeModeRule] INFO  safemode.SCMSafeModeManager (DataNodeSafeModeRule.java:process(71)) - SCM in safe mode. 2 DataNodes registered, 3 required.
2024-01-18 21:13:57,150 [RatisPipelineUtilsThread-0] INFO  pipeline.RatisPipelineProvider (RatisPipelineProvider.java:lambda$create$0(206)) - Sending CreatePipelineCommand for pipeline:PipelineID=0af84123-911b-4927-b612-9c1fb521e04b to datanode:32a26d97-b348-45bd-baf8-7e50e45a1152
2024-01-18 21:13:57,151 [RatisPipelineUtilsThread-0] INFO  pipeline.BackgroundPipelineCreator (BackgroundPipelineCreator.java:createPipelines(236)) - Created new pipeline Pipeline[ Id: 0af84123-911b-4927-b612-9c1fb521e04b, Nodes: 32a26d97-b348-45bd-baf8-7e50e45a1152(fv-az776-647.gib5dkvrjkgedmzi5ptrevqpbg.bx.internal.cloudapp.net/10.1.0.44), ReplicationConfig: RATIS/ONE, State:ALLOCATED, leaderId:, CreationTimestamp2024-01-18T21:13:57.150Z[Etc/UTC]]
2024-01-18 21:13:57,274 [IPC Server handler 8 on default port 15091] INFO  net.NetworkTopologyImpl (NetworkTopologyImpl.java:add(124)) - Added a new node: /default-rack/686b4373-3f6e-463e-bd5f-56c21a134faf
2024-01-18 21:13:57,274 [IPC Server handler 8 on default port 15091] INFO  node.SCMNodeManager (SCMNodeManager.java:register(417)) - Registered datanode: 686b4373-3f6e-463e-bd5f-56c21a134faf{ip: 10.1.0.44, host: fv-az776-647.gib5dkvrjkgedmzi5ptrevqpbg.bx.internal.cloudapp.net, ports: [HTTP=15116, CLIENT_RPC=15117, REPLICATION=15123, RATIS=15119, RATIS_ADMIN=15120, RATIS_SERVER=15121, RATIS_DATASTREAM=15122, STANDALONE=15118], networkLocation: /default-rack, certSerialId: null, persistedOpState: null, persistedOpStateExpiryEpochSec: 0}
2024-01-18 21:13:57,274 [EventQueue-NewNodeForNewNodeHandler] INFO  pipeline.BackgroundPipelineCreator (BackgroundPipelineCreator.java:notifyEventTriggered(280)) - trigger a one-shot run on RatisPipelineUtilsThread.
2024-01-18 21:13:57,275 [EventQueue-NodeRegistrationContainerReportForDataNodeSafeModeRule] INFO  safemode.SCMSafeModeManager (DataNodeSafeModeRule.java:process(71)) - SCM in safe mode. 3 DataNodes registered, 3 required.
2024-01-18 21:13:57,275 [EventQueue-NodeRegistrationContainerReportForDataNodeSafeModeRule] INFO  safemode.SCMSafeModeManager (SCMSafeModeManager.java:validateSafeModeExitRules(200)) - DataNodeSafeModeRule rule is successfully validated
2024-01-18 21:13:57,275 [EventQueue-NodeRegistrationContainerReportForDataNodeSafeModeRule] INFO  safemode.SCMSafeModeManager (SCMSafeModeManager.java:completePreCheck(229)) - All SCM safe mode pre check rules have passed
2024-01-18 21:13:57,275 [EventQueue-NodeRegistrationContainerReportForDataNodeSafeModeRule] INFO  ha.SCMContext (SCMContext.java:updateSafeModeStatus(230)) - Update SafeModeStatus from SafeModeStatus{safeModeStatus=true, preCheckPassed=false} to SafeModeStatus{safeModeStatus=true, preCheckPassed=true}.
2024-01-18 21:13:57,275 [EventQueue-NodeRegistrationContainerReportForDataNodeSafeModeRule] INFO  pipeline.BackgroundPipelineCreator (BackgroundPipelineCreator.java:notifyEventTriggered(280)) - trigger a one-shot run on RatisPipelineUtilsThread.
2024-01-18 21:13:57,276 [RatisPipelineUtilsThread-0] INFO  pipeline.RatisPipelineProvider (RatisPipelineProvider.java:lambda$create$0(206)) - Sending CreatePipelineCommand for pipeline:PipelineID=df38c558-01f9-429f-8cdf-87f37cf8ae9f to datanode:686b4373-3f6e-463e-bd5f-56c21a134faf
2024-01-18 21:13:57,276 [RatisPipelineUtilsThread-0] INFO  pipeline.BackgroundPipelineCreator (BackgroundPipelineCreator.java:createPipelines(236)) - Created new pipeline Pipeline[ Id: df38c558-01f9-429f-8cdf-87f37cf8ae9f, Nodes: 686b4373-3f6e-463e-bd5f-56c21a134faf(fv-az776-647.gib5dkvrjkgedmzi5ptrevqpbg.bx.internal.cloudapp.net/10.1.0.44), ReplicationConfig: RATIS/ONE, State:ALLOCATED, leaderId:, CreationTimestamp2024-01-18T21:13:57.276Z[Etc/UTC]]
2024-01-18 21:13:57,277 [RatisPipelineUtilsThread-0] INFO  pipeline.RatisPipelineProvider (RatisPipelineProvider.java:lambda$create$0(206)) - Sending CreatePipelineCommand for pipeline:PipelineID=2d92b0f5-b558-4201-b326-dff2d486f62c to datanode:686b4373-3f6e-463e-bd5f-56c21a134faf
2024-01-18 21:13:57,277 [RatisPipelineUtilsThread-0] INFO  pipeline.RatisPipelineProvider (RatisPipelineProvider.java:lambda$create$0(206)) - Sending CreatePipelineCommand for pipeline:PipelineID=2d92b0f5-b558-4201-b326-dff2d486f62c to datanode:a53a26a9-4fba-413e-b26a-f90ec9646c55
2024-01-18 21:13:57,277 [RatisPipelineUtilsThread-0] INFO  pipeline.RatisPipelineProvider (RatisPipelineProvider.java:lambda$create$0(206)) - Sending CreatePipelineCommand for pipeline:PipelineID=2d92b0f5-b558-4201-b326-dff2d486f62c to datanode:32a26d97-b348-45bd-baf8-7e50e45a1152
2024-01-18 21:13:57,278 [RatisPipelineUtilsThread-0] INFO  pipeline.BackgroundPipelineCreator (BackgroundPipelineCreator.java:createPipelines(236)) - Created new pipeline Pipeline[ Id: 2d92b0f5-b558-4201-b326-dff2d486f62c, Nodes: 686b4373-3f6e-463e-bd5f-56c21a134faf(fv-az776-647.gib5dkvrjkgedmzi5ptrevqpbg.bx.internal.cloudapp.net/10.1.0.44)a53a26a9-4fba-413e-b26a-f90ec9646c55(fv-az776-647.gib5dkvrjkgedmzi5ptrevqpbg.bx.internal.cloudapp.net/10.1.0.44)32a26d97-b348-45bd-baf8-7e50e45a1152(fv-az776-647.gib5dkvrjkgedmzi5ptrevqpbg.bx.internal.cloudapp.net/10.1.0.44), ReplicationConfig: RATIS/THREE, State:ALLOCATED, leaderId:, CreationTimestamp2024-01-18T21:13:57.277Z[Etc/UTC]]
2024-01-18 21:13:57,401 [IPC Server handler 9 on default port 15091] INFO  net.NetworkTopologyImpl (NetworkTopologyImpl.java:add(124)) - Added a new node: /default-rack/655b4849-f6c7-42ce-9d2b-be9b96fb5c65
2024-01-18 21:13:57,401 [IPC Server handler 9 on default port 15091] INFO  node.SCMNodeManager (SCMNodeManager.java:register(417)) - Registered datanode: 655b4849-f6c7-42ce-9d2b-be9b96fb5c65{ip: 10.1.0.44, host: fv-az776-647.gib5dkvrjkgedmzi5ptrevqpbg.bx.internal.cloudapp.net, ports: [HTTP=15125, CLIENT_RPC=15126, REPLICATION=15132, RATIS=15128, RATIS_ADMIN=15129, RATIS_SERVER=15130, RATIS_DATASTREAM=15131, STANDALONE=15127], networkLocation: /default-rack, certSerialId: null, persistedOpState: null, persistedOpStateExpiryEpochSec: 0}
2024-01-18 21:13:57,401 [EventQueue-NewNodeForNewNodeHandler] INFO  pipeline.BackgroundPipelineCreator (BackgroundPipelineCreator.java:notifyEventTriggered(280)) - trigger a one-shot run on RatisPipelineUtilsThread.
2024-01-18 21:13:57,403 [RatisPipelineUtilsThread-0] INFO  pipeline.RatisPipelineProvider (RatisPipelineProvider.java:lambda$create$0(206)) - Sending CreatePipelineCommand for pipeline:PipelineID=c2a6545c-c959-4ac6-8c71-2480ba639082 to datanode:655b4849-f6c7-42ce-9d2b-be9b96fb5c65
2024-01-18 21:13:57,403 [RatisPipelineUtilsThread-0] INFO  pipeline.BackgroundPipelineCreator (BackgroundPipelineCreator.java:createPipelines(236)) - Created new pipeline Pipeline[ Id: c2a6545c-c959-4ac6-8c71-2480ba639082, Nodes: 655b4849-f6c7-42ce-9d2b-be9b96fb5c65(fv-az776-647.gib5dkvrjkgedmzi5ptrevqpbg.bx.internal.cloudapp.net/10.1.0.44), ReplicationConfig: RATIS/ONE, State:ALLOCATED, leaderId:, CreationTimestamp2024-01-18T21:13:57.403Z[Etc/UTC]]
2024-01-18 21:13:57,517 [IPC Server handler 1 on default port 15091] INFO  net.NetworkTopologyImpl (NetworkTopologyImpl.java:add(124)) - Added a new node: /default-rack/d7bd62da-9eff-4c5a-9810-dab6199e7b8e
2024-01-18 21:13:57,517 [IPC Server handler 1 on default port 15091] INFO  node.SCMNodeManager (SCMNodeManager.java:register(417)) - Registered datanode: d7bd62da-9eff-4c5a-9810-dab6199e7b8e{ip: 10.1.0.44, host: fv-az776-647.gib5dkvrjkgedmzi5ptrevqpbg.bx.internal.cloudapp.net, ports: [HTTP=15134, CLIENT_RPC=15135, REPLICATION=15141, RATIS=15137, RATIS_ADMIN=15138, RATIS_SERVER=15139, RATIS_DATASTREAM=15140, STANDALONE=15136], networkLocation: /default-rack, certSerialId: null, persistedOpState: null, persistedOpStateExpiryEpochSec: 0}
2024-01-18 21:13:57,518 [EventQueue-NewNodeForNewNodeHandler] INFO  pipeline.BackgroundPipelineCreator (BackgroundPipelineCreator.java:notifyEventTriggered(280)) - trigger a one-shot run on RatisPipelineUtilsThread.
2024-01-18 21:13:57,518 [RatisPipelineUtilsThread-0] INFO  pipeline.RatisPipelineProvider (RatisPipelineProvider.java:lambda$create$0(206)) - Sending CreatePipelineCommand for pipeline:PipelineID=2541ae3c-6a23-4634-a975-38707a94a719 to datanode:d7bd62da-9eff-4c5a-9810-dab6199e7b8e
2024-01-18 21:13:57,519 [RatisPipelineUtilsThread-0] INFO  pipeline.BackgroundPipelineCreator (BackgroundPipelineCreator.java:createPipelines(236)) - Created new pipeline Pipeline[ Id: 2541ae3c-6a23-4634-a975-38707a94a719, Nodes: d7bd62da-9eff-4c5a-9810-dab6199e7b8e(fv-az776-647.gib5dkvrjkgedmzi5ptrevqpbg.bx.internal.cloudapp.net/10.1.0.44), ReplicationConfig: RATIS/ONE, State:ALLOCATED, leaderId:, CreationTimestamp2024-01-18T21:13:57.518Z[Etc/UTC]]
2024-01-18 21:13:57,613 [IPC Server handler 3 on default port 15091] INFO  net.NetworkTopologyImpl (NetworkTopologyImpl.java:add(124)) - Added a new node: /default-rack/2a2b30f3-c6d3-4b10-97ff-b0c22fa05b40
2024-01-18 21:13:57,613 [IPC Server handler 3 on default port 15091] INFO  node.SCMNodeManager (SCMNodeManager.java:register(417)) - Registered datanode: 2a2b30f3-c6d3-4b10-97ff-b0c22fa05b40{ip: 10.1.0.44, host: fv-az776-647.gib5dkvrjkgedmzi5ptrevqpbg.bx.internal.cloudapp.net, ports: [HTTP=15143, CLIENT_RPC=15144, REPLICATION=15150, RATIS=15146, RATIS_ADMIN=15147, RATIS_SERVER=15148, RATIS_DATASTREAM=15149, STANDALONE=15145], networkLocation: /default-rack, certSerialId: null, persistedOpState: null, persistedOpStateExpiryEpochSec: 0}
2024-01-18 21:13:57,614 [EventQueue-NewNodeForNewNodeHandler] INFO  pipeline.BackgroundPipelineCreator (BackgroundPipelineCreator.java:notifyEventTriggered(280)) - trigger a one-shot run on RatisPipelineUtilsThread.
2024-01-18 21:13:57,614 [RatisPipelineUtilsThread-0] INFO  pipeline.RatisPipelineProvider (RatisPipelineProvider.java:lambda$create$0(206)) - Sending CreatePipelineCommand for pipeline:PipelineID=fc6e7408-d8c6-43bf-92ee-92f7b8e5dabf to datanode:2a2b30f3-c6d3-4b10-97ff-b0c22fa05b40
2024-01-18 21:13:57,615 [RatisPipelineUtilsThread-0] INFO  pipeline.BackgroundPipelineCreator (BackgroundPipelineCreator.java:createPipelines(236)) - Created new pipeline Pipeline[ Id: fc6e7408-d8c6-43bf-92ee-92f7b8e5dabf, Nodes: 2a2b30f3-c6d3-4b10-97ff-b0c22fa05b40(fv-az776-647.gib5dkvrjkgedmzi5ptrevqpbg.bx.internal.cloudapp.net/10.1.0.44), ReplicationConfig: RATIS/ONE, State:ALLOCATED, leaderId:, CreationTimestamp2024-01-18T21:13:57.614Z[Etc/UTC]]
2024-01-18 21:13:57,615 [RatisPipelineUtilsThread-0] INFO  pipeline.RatisPipelineProvider (RatisPipelineProvider.java:lambda$create$0(206)) - Sending CreatePipelineCommand for pipeline:PipelineID=501bbff6-3769-4d51-8028-ba0daac0bcdc to datanode:2a2b30f3-c6d3-4b10-97ff-b0c22fa05b40
2024-01-18 21:13:57,616 [RatisPipelineUtilsThread-0] INFO  pipeline.RatisPipelineProvider (RatisPipelineProvider.java:lambda$create$0(206)) - Sending CreatePipelineCommand for pipeline:PipelineID=501bbff6-3769-4d51-8028-ba0daac0bcdc to datanode:d7bd62da-9eff-4c5a-9810-dab6199e7b8e
2024-01-18 21:13:57,616 [RatisPipelineUtilsThread-0] INFO  pipeline.RatisPipelineProvider (RatisPipelineProvider.java:lambda$create$0(206)) - Sending CreatePipelineCommand for pipeline:PipelineID=501bbff6-3769-4d51-8028-ba0daac0bcdc to datanode:655b4849-f6c7-42ce-9d2b-be9b96fb5c65
2024-01-18 21:13:57,616 [RatisPipelineUtilsThread-0] INFO  pipeline.BackgroundPipelineCreator (BackgroundPipelineCreator.java:createPipelines(236)) - Created new pipeline Pipeline[ Id: 501bbff6-3769-4d51-8028-ba0daac0bcdc, Nodes: 2a2b30f3-c6d3-4b10-97ff-b0c22fa05b40(fv-az776-647.gib5dkvrjkgedmzi5ptrevqpbg.bx.internal.cloudapp.net/10.1.0.44)d7bd62da-9eff-4c5a-9810-dab6199e7b8e(fv-az776-647.gib5dkvrjkgedmzi5ptrevqpbg.bx.internal.cloudapp.net/10.1.0.44)655b4849-f6c7-42ce-9d2b-be9b96fb5c65(fv-az776-647.gib5dkvrjkgedmzi5ptrevqpbg.bx.internal.cloudapp.net/10.1.0.44), ReplicationConfig: RATIS/THREE, State:ALLOCATED, leaderId:, CreationTimestamp2024-01-18T21:13:57.615Z[Etc/UTC]]
2024-01-18 21:13:57,712 [IPC Server handler 4 on default port 15091] INFO  net.NetworkTopologyImpl (NetworkTopologyImpl.java:add(124)) - Added a new node: /default-rack/bff1bba2-2b6d-4994-8ead-d2e5b7e1f8d7
2024-01-18 21:13:57,712 [IPC Server handler 4 on default port 15091] INFO  node.SCMNodeManager (SCMNodeManager.java:register(417)) - Registered datanode: bff1bba2-2b6d-4994-8ead-d2e5b7e1f8d7{ip: 10.1.0.44, host: fv-az776-647.gib5dkvrjkgedmzi5ptrevqpbg.bx.internal.cloudapp.net, ports: [HTTP=15152, CLIENT_RPC=15153, REPLICATION=15159, RATIS=15155, RATIS_ADMIN=15156, RATIS_SERVER=15157, RATIS_DATASTREAM=15158, STANDALONE=15154], networkLocation: /default-rack, certSerialId: null, persistedOpState: null, persistedOpStateExpiryEpochSec: 0}
2024-01-18 21:13:57,712 [EventQueue-NewNodeForNewNodeHandler] INFO  pipeline.BackgroundPipelineCreator (BackgroundPipelineCreator.java:notifyEventTriggered(280)) - trigger a one-shot run on RatisPipelineUtilsThread.
2024-01-18 21:13:57,713 [RatisPipelineUtilsThread-0] INFO  pipeline.RatisPipelineProvider (RatisPipelineProvider.java:lambda$create$0(206)) - Sending CreatePipelineCommand for pipeline:PipelineID=b7cd2e69-3ec7-43b1-92c2-2ff8bf406414 to datanode:bff1bba2-2b6d-4994-8ead-d2e5b7e1f8d7
2024-01-18 21:13:57,713 [RatisPipelineUtilsThread-0] INFO  pipeline.BackgroundPipelineCreator (BackgroundPipelineCreator.java:createPipelines(236)) - Created new pipeline Pipeline[ Id: b7cd2e69-3ec7-43b1-92c2-2ff8bf406414, Nodes: bff1bba2-2b6d-4994-8ead-d2e5b7e1f8d7(fv-az776-647.gib5dkvrjkgedmzi5ptrevqpbg.bx.internal.cloudapp.net/10.1.0.44), ReplicationConfig: RATIS/ONE, State:ALLOCATED, leaderId:, CreationTimestamp2024-01-18T21:13:57.713Z[Etc/UTC]]
2024-01-18 21:13:57,810 [IPC Server handler 5 on default port 15091] INFO  net.NetworkTopologyImpl (NetworkTopologyImpl.java:add(124)) - Added a new node: /default-rack/ea523e53-c226-4491-8cf7-936e653545c3
2024-01-18 21:13:57,810 [IPC Server handler 5 on default port 15091] INFO  node.SCMNodeManager (SCMNodeManager.java:register(417)) - Registered datanode: ea523e53-c226-4491-8cf7-936e653545c3{ip: 10.1.0.44, host: fv-az776-647.gib5dkvrjkgedmzi5ptrevqpbg.bx.internal.cloudapp.net, ports: [HTTP=15161, CLIENT_RPC=15162, REPLICATION=15168, RATIS=15164, RATIS_ADMIN=15165, RATIS_SERVER=15166, RATIS_DATASTREAM=15167, STANDALONE=15163], networkLocation: /default-rack, certSerialId: null, persistedOpState: null, persistedOpStateExpiryEpochSec: 0}
2024-01-18 21:13:57,810 [EventQueue-NewNodeForNewNodeHandler] INFO  pipeline.BackgroundPipelineCreator (BackgroundPipelineCreator.java:notifyEventTriggered(280)) - trigger a one-shot run on RatisPipelineUtilsThread.
2024-01-18 21:13:57,810 [RatisPipelineUtilsThread-0] INFO  pipeline.RatisPipelineProvider (RatisPipelineProvider.java:lambda$create$0(206)) - Sending CreatePipelineCommand for pipeline:PipelineID=91abc35d-41c3-459d-9e98-d303d77a7a38 to datanode:ea523e53-c226-4491-8cf7-936e653545c3
2024-01-18 21:13:57,811 [RatisPipelineUtilsThread-0] INFO  pipeline.BackgroundPipelineCreator (BackgroundPipelineCreator.java:createPipelines(236)) - Created new pipeline Pipeline[ Id: 91abc35d-41c3-459d-9e98-d303d77a7a38, Nodes: ea523e53-c226-4491-8cf7-936e653545c3(fv-az776-647.gib5dkvrjkgedmzi5ptrevqpbg.bx.internal.cloudapp.net/10.1.0.44), ReplicationConfig: RATIS/ONE, State:ALLOCATED, leaderId:, CreationTimestamp2024-01-18T21:13:57.810Z[Etc/UTC]]
2024-01-18 21:13:57,893 [main] INFO  ozone.MiniOzoneClusterImpl (MiniOzoneClusterImpl.java:lambda$waitForClusterToBeReady$0(229)) - Waiting for nodes to be ready. Got 8 of 9 DN Heartbeats.
2024-01-18 21:13:57,893 [main] INFO  ozone.MiniOzoneClusterImpl (MiniOzoneClusterImpl.java:lambda$waitForClusterToBeReady$0(232)) - Waiting for cluster to exit safe mode
2024-01-18 21:13:57,893 [main] INFO  ozone.MiniOzoneClusterImpl (MiniOzoneClusterImpl.java:lambda$waitForClusterToBeReady$0(234)) - SCM became leader
2024-01-18 21:13:57,894 [IPC Server handler 6 on default port 15091] INFO  net.NetworkTopologyImpl (NetworkTopologyImpl.java:add(124)) - Added a new node: /default-rack/0c097caf-3b45-4555-a1b1-3d0f2c4aaf7a
2024-01-18 21:13:57,895 [IPC Server handler 6 on default port 15091] INFO  node.SCMNodeManager (SCMNodeManager.java:register(417)) - Registered datanode: 0c097caf-3b45-4555-a1b1-3d0f2c4aaf7a{ip: 10.1.0.44, host: fv-az776-647.gib5dkvrjkgedmzi5ptrevqpbg.bx.internal.cloudapp.net, ports: [HTTP=15170, CLIENT_RPC=15171, REPLICATION=15177, RATIS=15173, RATIS_ADMIN=15174, RATIS_SERVER=15175, RATIS_DATASTREAM=15176, STANDALONE=15172], networkLocation: /default-rack, certSerialId: null, persistedOpState: null, persistedOpStateExpiryEpochSec: 0}
2024-01-18 21:13:57,895 [EventQueue-NewNodeForNewNodeHandler] INFO  pipeline.BackgroundPipelineCreator (BackgroundPipelineCreator.java:notifyEventTriggered(280)) - trigger a one-shot run on RatisPipelineUtilsThread.
2024-01-18 21:13:57,895 [RatisPipelineUtilsThread-0] INFO  pipeline.RatisPipelineProvider (RatisPipelineProvider.java:lambda$create$0(206)) - Sending CreatePipelineCommand for pipeline:PipelineID=735a7f7a-e101-4633-b9ae-d4d2f37d9f7b to datanode:0c097caf-3b45-4555-a1b1-3d0f2c4aaf7a
2024-01-18 21:13:57,896 [RatisPipelineUtilsThread-0] INFO  pipeline.BackgroundPipelineCreator (BackgroundPipelineCreator.java:createPipelines(236)) - Created new pipeline Pipeline[ Id: 735a7f7a-e101-4633-b9ae-d4d2f37d9f7b, Nodes: 0c097caf-3b45-4555-a1b1-3d0f2c4aaf7a(fv-az776-647.gib5dkvrjkgedmzi5ptrevqpbg.bx.internal.cloudapp.net/10.1.0.44), ReplicationConfig: RATIS/ONE, State:ALLOCATED, leaderId:, CreationTimestamp2024-01-18T21:13:57.895Z[Etc/UTC]]
2024-01-18 21:13:57,897 [RatisPipelineUtilsThread-0] INFO  pipeline.RatisPipelineProvider (RatisPipelineProvider.java:lambda$create$0(206)) - Sending CreatePipelineCommand for pipeline:PipelineID=e5132d0f-7c5a-40a9-bd2d-be0c52996dbe to datanode:0c097caf-3b45-4555-a1b1-3d0f2c4aaf7a
2024-01-18 21:13:57,897 [RatisPipelineUtilsThread-0] INFO  pipeline.RatisPipelineProvider (RatisPipelineProvider.java:lambda$create$0(206)) - Sending CreatePipelineCommand for pipeline:PipelineID=e5132d0f-7c5a-40a9-bd2d-be0c52996dbe to datanode:bff1bba2-2b6d-4994-8ead-d2e5b7e1f8d7
2024-01-18 21:13:57,897 [RatisPipelineUtilsThread-0] INFO  pipeline.RatisPipelineProvider (RatisPipelineProvider.java:lambda$create$0(206)) - Sending CreatePipelineCommand for pipeline:PipelineID=e5132d0f-7c5a-40a9-bd2d-be0c52996dbe to datanode:ea523e53-c226-4491-8cf7-936e653545c3
2024-01-18 21:13:57,898 [RatisPipelineUtilsThread-0] INFO  pipeline.BackgroundPipelineCreator (BackgroundPipelineCreator.java:createPipelines(236)) - Created new pipeline Pipeline[ Id: e5132d0f-7c5a-40a9-bd2d-be0c52996dbe, Nodes: 0c097caf-3b45-4555-a1b1-3d0f2c4aaf7a(fv-az776-647.gib5dkvrjkgedmzi5ptrevqpbg.bx.internal.cloudapp.net/10.1.0.44)bff1bba2-2b6d-4994-8ead-d2e5b7e1f8d7(fv-az776-647.gib5dkvrjkgedmzi5ptrevqpbg.bx.internal.cloudapp.net/10.1.0.44)ea523e53-c226-4491-8cf7-936e653545c3(fv-az776-647.gib5dkvrjkgedmzi5ptrevqpbg.bx.internal.cloudapp.net/10.1.0.44), ReplicationConfig: RATIS/THREE, State:ALLOCATED, leaderId:, CreationTimestamp2024-01-18T21:13:57.897Z[Etc/UTC]]
2024-01-18 21:13:58,893 [main] INFO  ozone.MiniOzoneClusterImpl (MiniOzoneClusterImpl.java:lambda$waitForClusterToBeReady$0(229)) - Nodes are ready. Got 9 of 9 DN Heartbeats.
2024-01-18 21:13:58,894 [main] INFO  ozone.MiniOzoneClusterImpl (MiniOzoneClusterImpl.java:lambda$waitForClusterToBeReady$0(232)) - Waiting for cluster to exit safe mode
2024-01-18 21:13:58,894 [main] INFO  ozone.MiniOzoneClusterImpl (MiniOzoneClusterImpl.java:lambda$waitForClusterToBeReady$0(234)) - SCM became leader
2024-01-18 21:13:59,894 [main] INFO  ozone.MiniOzoneClusterImpl (MiniOzoneClusterImpl.java:lambda$waitForClusterToBeReady$0(229)) - Nodes are ready. Got 9 of 9 DN Heartbeats.
2024-01-18 21:13:59,894 [main] INFO  ozone.MiniOzoneClusterImpl (MiniOzoneClusterImpl.java:lambda$waitForClusterToBeReady$0(232)) - Waiting for cluster to exit safe mode
2024-01-18 21:13:59,894 [main] INFO  ozone.MiniOzoneClusterImpl (MiniOzoneClusterImpl.java:lambda$waitForClusterToBeReady$0(234)) - SCM became leader
2024-01-18 21:14:00,054 [a53a26a9-4fba-413e-b26a-f90ec9646c55-PipelineCommandHandlerThread-0] INFO  server.RaftServer (RaftServerProxy.java:addNew(100)) - a53a26a9-4fba-413e-b26a-f90ec9646c55: addNew group-29045FE243D3:[a53a26a9-4fba-413e-b26a-f90ec9646c55|10.1.0.44:15103] returns group-29045FE243D3:java.util.concurrent.CompletableFuture@380bb7fb[Not completed]
2024-01-18 21:14:00,055 [a53a26a9-4fba-413e-b26a-f90ec9646c55-groupManagement] INFO  server.RaftServer$Division (RaftServerImpl.java:<init>(256)) - a53a26a9-4fba-413e-b26a-f90ec9646c55: new RaftServerImpl for group-29045FE243D3:[a53a26a9-4fba-413e-b26a-f90ec9646c55|10.1.0.44:15103] with ContainerStateMachine:uninitialized
2024-01-18 21:14:00,055 [a53a26a9-4fba-413e-b26a-f90ec9646c55-groupManagement] INFO  server.RaftServerConfigKeys (ConfUtils.java:logGet(46)) - raft.server.rpc.timeout.min = 5s (custom)
2024-01-18 21:14:00,055 [a53a26a9-4fba-413e-b26a-f90ec9646c55-groupManagement] INFO  server.RaftServerConfigKeys (ConfUtils.java:logGet(46)) - raft.server.rpc.timeout.max = 5200ms (custom)
2024-01-18 21:14:00,055 [a53a26a9-4fba-413e-b26a-f90ec9646c55-groupManagement] INFO  server.RaftServerConfigKeys (ConfUtils.java:logGet(46)) - raft.server.rpc.sleep.time = 25ms (default)
2024-01-18 21:14:00,055 [a53a26a9-4fba-413e-b26a-f90ec9646c55-groupManagement] INFO  server.RaftServerConfigKeys (ConfUtils.java:logGet(46)) - raft.server.rpc.slowness.timeout = 300000ms (custom)
2024-01-18 21:14:00,055 [a53a26a9-4fba-413e-b26a-f90ec9646c55-groupManagement] INFO  server.RaftServerConfigKeys (ConfUtils.java:logGet(46)) - raft.server.leaderelection.leader.step-down.wait-time = 10s (default)
2024-01-18 21:14:00,055 [a53a26a9-4fba-413e-b26a-f90ec9646c55-groupManagement] INFO  server.RaftServerConfigKeys (ConfUtils.java:logGet(46)) - raft.server.leaderelection.member.majority-add = false (default)
2024-01-18 21:14:00,055 [a53a26a9-4fba-413e-b26a-f90ec9646c55-groupManagement] INFO  server.RaftServerConfigKeys (ConfUtils.java:logGet(46)) - raft.server.sleep.deviation.threshold = 300ms (default)
2024-01-18 21:14:00,055 [a53a26a9-4fba-413e-b26a-f90ec9646c55-groupManagement] INFO  server.RaftServer$Division (ServerState.java:<init>(113)) - a53a26a9-4fba-413e-b26a-f90ec9646c55@group-29045FE243D3: ConfigurationManager, init=-1: peers:[a53a26a9-4fba-413e-b26a-f90ec9646c55|10.1.0.44:15103]|listeners:[], old=null, confs=<EMPTY_MAP>
2024-01-18 21:14:00,055 [a53a26a9-4fba-413e-b26a-f90ec9646c55-groupManagement] INFO  server.RaftServerConfigKeys (ConfUtils.java:logGet(46)) - raft.server.notification.no-leader.timeout = 300000ms (custom)
2024-01-18 21:14:00,056 [a53a26a9-4fba-413e-b26a-f90ec9646c55-groupManagement] INFO  server.RaftServerConfigKeys (ConfUtils.java:logGet(46)) - raft.server.read.timeout = 10s (default)
2024-01-18 21:14:00,056 [a53a26a9-4fba-413e-b26a-f90ec9646c55-groupManagement] INFO  server.RaftServerConfigKeys (ConfUtils.java:logGet(46)) - raft.server.retrycache.expirytime = 600000ms (custom)
2024-01-18 21:14:00,056 [a53a26a9-4fba-413e-b26a-f90ec9646c55-groupManagement] INFO  server.RaftServerConfigKeys (ConfUtils.java:logGet(46)) - raft.server.retrycache.statistics.expirytime = 100ms (default)
2024-01-18 21:14:00,056 [a53a26a9-4fba-413e-b26a-f90ec9646c55-groupManagement] INFO  server.RaftServerConfigKeys (ConfUtils.java:logGet(46)) - raft.server.read.option = DEFAULT (default)
2024-01-18 21:14:00,056 [a53a26a9-4fba-413e-b26a-f90ec9646c55-groupManagement] INFO  server.RaftServerConfigKeys (ConfUtils.java:logGet(46)) - raft.server.read.read-after-write-consistent.write-index-cache.expiry-time = 60s (default)
2024-01-18 21:14:00,058 [a53a26a9-4fba-413e-b26a-f90ec9646c55-groupManagement] INFO  server.RaftServerConfigKeys (ConfUtils.java:logGet(46)) - raft.server.rpc.request.timeout = 3000ms (default)
2024-01-18 21:14:00,058 [a53a26a9-4fba-413e-b26a-f90ec9646c55-groupManagement] INFO  server.RaftServerConfigKeys (ConfUtils.java:logGet(46)) - raft.server.log.appender.install.snapshot.enabled = false (custom)
2024-01-18 21:14:00,058 [a53a26a9-4fba-413e-b26a-f90ec9646c55-groupManagement] INFO  server.RaftServerConfigKeys (ConfUtils.java:logGet(46)) - raft.server.threadpool.server.cached = true (default)
2024-01-18 21:14:00,058 [a53a26a9-4fba-413e-b26a-f90ec9646c55-groupManagement] INFO  server.RaftServerConfigKeys (ConfUtils.java:logGet(46)) - raft.server.threadpool.server.size = 0 (default)
2024-01-18 21:14:00,058 [a53a26a9-4fba-413e-b26a-f90ec9646c55-groupManagement] INFO  server.RaftServerConfigKeys (ConfUtils.java:logGet(46)) - raft.server.threadpool.client.cached = true (default)
2024-01-18 21:14:00,058 [a53a26a9-4fba-413e-b26a-f90ec9646c55-groupManagement] INFO  server.RaftServerConfigKeys (ConfUtils.java:logGet(46)) - raft.server.threadpool.client.size = 0 (default)
2024-01-18 21:14:00,059 [a53a26a9-4fba-413e-b26a-f90ec9646c55-groupManagement] INFO  server.RaftServerConfigKeys (ConfUtils.java:logGet(46)) - raft.server.storage.free-space.min = 0MB (=0) (default)
2024-01-18 21:14:00,059 [a53a26a9-4fba-413e-b26a-f90ec9646c55-groupManagement] INFO  server.RaftServerConfigKeys (ConfUtils.java:logGet(46)) - raft.server.log.corruption.policy = EXCEPTION (default)
2024-01-18 21:14:00,059 [a53a26a9-4fba-413e-b26a-f90ec9646c55-groupManagement] INFO  server.RaftServerConfigKeys (ConfUtils.java:logGet(46)) - raft.server.storage.dir = [/home/runner/work/ozone/ozone/hadoop-ozone/integration-test/target/test-dir/MiniOzoneClusterImpl-31edb46a-ccfd-4ac6-802d-5dd746a085ff/datanode-0/data/ratis] (custom)
2024-01-18 21:14:00,059 [a53a26a9-4fba-413e-b26a-f90ec9646c55-groupManagement] INFO  storage.RaftStorageDirectory (RaftStorageDirectoryImpl.java:analyzeStorage(138)) - The storage directory /home/runner/work/ozone/ozone/hadoop-ozone/integration-test/target/test-dir/MiniOzoneClusterImpl-31edb46a-ccfd-4ac6-802d-5dd746a085ff/datanode-0/data/ratis/b17355d0-564b-4900-aa73-29045fe243d3 does not exist. Creating ...
2024-01-18 21:14:00,060 [a53a26a9-4fba-413e-b26a-f90ec9646c55-groupManagement] INFO  storage.RaftStorageDirectory (RaftStorageDirectoryImpl.java:tryLock(228)) - Lock on /home/runner/work/ozone/ozone/hadoop-ozone/integration-test/target/test-dir/MiniOzoneClusterImpl-31edb46a-ccfd-4ac6-802d-5dd746a085ff/datanode-0/data/ratis/b17355d0-564b-4900-aa73-29045fe243d3/in_use.lock acquired by nodename 70315@fv-az776-647
2024-01-18 21:14:00,061 [a53a26a9-4fba-413e-b26a-f90ec9646c55-groupManagement] INFO  storage.RaftStorage (RaftStorageImpl.java:format(99)) - Storage directory /home/runner/work/ozone/ozone/hadoop-ozone/integration-test/target/test-dir/MiniOzoneClusterImpl-31edb46a-ccfd-4ac6-802d-5dd746a085ff/datanode-0/data/ratis/b17355d0-564b-4900-aa73-29045fe243d3 has been successfully formatted.
2024-01-18 21:14:00,061 [a53a26a9-4fba-413e-b26a-f90ec9646c55-groupManagement] WARN  util.FileUtils (LogUtils.java:supplyAndLog(63)) - Failed to Files.newInputStream /home/runner/work/ozone/ozone/hadoop-ozone/integration-test/target/test-dir/MiniOzoneClusterImpl-31edb46a-ccfd-4ac6-802d-5dd746a085ff/datanode-0/data/ratis/b17355d0-564b-4900-aa73-29045fe243d3/current/raft-meta.conf with options []: java.nio.file.NoSuchFileException: /home/runner/work/ozone/ozone/hadoop-ozone/integration-test/target/test-dir/MiniOzoneClusterImpl-31edb46a-ccfd-4ac6-802d-5dd746a085ff/datanode-0/data/ratis/b17355d0-564b-4900-aa73-29045fe243d3/current/raft-meta.conf
2024-01-18 21:14:00,062 [a53a26a9-4fba-413e-b26a-f90ec9646c55-groupManagement] INFO  ratis.ContainerStateMachine (ContainerStateMachine.java:loadSnapshot(287)) - group-29045FE243D3: The snapshot info is null. Setting the last applied index to:(t:0, i:~)
2024-01-18 21:14:00,063 [a53a26a9-4fba-413e-b26a-f90ec9646c55-groupManagement] INFO  server.RaftServerConfigKeys (ConfUtils.java:logGet(46)) - raft.server.log.use.memory = false (default)
2024-01-18 21:14:00,063 [a53a26a9-4fba-413e-b26a-f90ec9646c55-groupManagement] INFO  server.RaftServerConfigKeys (ConfUtils.java:logGet(46)) - raft.server.log.purge.gap = 1000000 (custom)
2024-01-18 21:14:00,063 [a53a26a9-4fba-413e-b26a-f90ec9646c55-groupManagement] INFO  server.RaftServerConfigKeys (ConfUtils.java:logGet(46)) - raft.server.log.appender.buffer.byte-limit = 8388608 (custom)
2024-01-18 21:14:00,063 [a53a26a9-4fba-413e-b26a-f90ec9646c55-groupManagement] INFO  server.RaftServerConfigKeys (ConfUtils.java:logGet(46)) - raft.server.log.statemachine.data.read.timeout = 1000ms (default)
2024-01-18 21:14:00,063 [a53a26a9-4fba-413e-b26a-f90ec9646c55-groupManagement] INFO  server.RaftServerConfigKeys (ConfUtils.java:logGet(46)) - raft.server.log.purge.preservation.log.num = 0 (default)
2024-01-18 21:14:00,064 [EventQueue-PipelineReportForPipelineReportHandler] INFO  pipeline.PipelineReportHandler (PipelineReportHandler.java:processPipelineReport(136)) - Opened pipeline PipelineID=b17355d0-564b-4900-aa73-29045fe243d3
2024-01-18 21:14:00,066 [EventQueue-OpenPipelineForHealthyPipelineSafeModeRule] INFO  safemode.SCMSafeModeManager (HealthyPipelineSafeModeRule.java:process(140)) - SCM in safe mode. Healthy pipelines reported count is 0, required healthy pipeline reported count is 1
2024-01-18 21:14:00,066 [a53a26a9-4fba-413e-b26a-f90ec9646c55-groupManagement] INFO  server.RaftServerConfigKeys (ConfUtils.java:logGet(46)) - raft.server.log.segment.size.max = 67108864 (custom)
2024-01-18 21:14:00,066 [a53a26a9-4fba-413e-b26a-f90ec9646c55-groupManagement] INFO  server.RaftServerConfigKeys (ConfUtils.java:logGet(46)) - raft.server.log.segment.cache.num.max = 2 (custom)
2024-01-18 21:14:00,066 [a53a26a9-4fba-413e-b26a-f90ec9646c55-groupManagement] INFO  server.RaftServerConfigKeys (ConfUtils.java:logGet(46)) - raft.server.log.segment.cache.size.max = 200MB (=209715200) (default)
2024-01-18 21:14:00,066 [a53a26a9-4fba-413e-b26a-f90ec9646c55-groupManagement] INFO  server.RaftServerConfigKeys (ConfUtils.java:logGet(46)) - raft.server.log.appender.buffer.byte-limit = 8388608 (custom)
2024-01-18 21:14:00,067 [a53a26a9-4fba-413e-b26a-f90ec9646c55-groupManagement] INFO  util.AwaitToRun (AwaitToRun.java:start(81)) - Thread[a53a26a9-4fba-413e-b26a-f90ec9646c55@group-29045FE243D3-cacheEviction-AwaitToRun,5,main] started
2024-01-18 21:14:00,067 [a53a26a9-4fba-413e-b26a-f90ec9646c55-groupManagement] INFO  segmented.SegmentedRaftLogWorker (SegmentedRaftLogWorker.java:<init>(182)) - new a53a26a9-4fba-413e-b26a-f90ec9646c55@group-29045FE243D3-SegmentedRaftLogWorker for RaftStorageImpl:Storage Directory /home/runner/work/ozone/ozone/hadoop-ozone/integration-test/target/test-dir/MiniOzoneClusterImpl-31edb46a-ccfd-4ac6-802d-5dd746a085ff/datanode-0/data/ratis/b17355d0-564b-4900-aa73-29045fe243d3
2024-01-18 21:14:00,067 [a53a26a9-4fba-413e-b26a-f90ec9646c55-groupManagement] INFO  server.RaftServerConfigKeys (ConfUtils.java:logGet(46)) - raft.server.log.queue.byte-limit = 4294967296 (custom)
2024-01-18 21:14:00,067 [a53a26a9-4fba-413e-b26a-f90ec9646c55-groupManagement] INFO  server.RaftServerConfigKeys (ConfUtils.java:logGet(46)) - raft.server.log.queue.element-limit = 1024 (custom)
2024-01-18 21:14:00,067 [a53a26a9-4fba-413e-b26a-f90ec9646c55-groupManagement] INFO  server.RaftServerConfigKeys (ConfUtils.java:logGet(46)) - raft.server.log.segment.size.max = 67108864 (custom)
2024-01-18 21:14:00,067 [a53a26a9-4fba-413e-b26a-f90ec9646c55-groupManagement] INFO  server.RaftServerConfigKeys (ConfUtils.java:logGet(46)) - raft.server.log.preallocated.size = 4194304 (custom)
2024-01-18 21:14:00,067 [a53a26a9-4fba-413e-b26a-f90ec9646c55-groupManagement] INFO  server.RaftServerConfigKeys (ConfUtils.java:logGet(46)) - raft.server.log.force.sync.num = 128 (default)
2024-01-18 21:14:00,067 [a53a26a9-4fba-413e-b26a-f90ec9646c55-groupManagement] INFO  server.RaftServerConfigKeys (ConfUtils.java:logGet(46)) - raft.server.log.statemachine.data.sync = true (default)
2024-01-18 21:14:00,067 [a53a26a9-4fba-413e-b26a-f90ec9646c55-groupManagement] INFO  server.RaftServerConfigKeys (ConfUtils.java:logGet(46)) - raft.server.log.statemachine.data.sync.timeout = 10s (default)
2024-01-18 21:14:00,067 [a53a26a9-4fba-413e-b26a-f90ec9646c55-groupManagement] INFO  server.RaftServerConfigKeys (ConfUtils.java:logGet(46)) - raft.server.log.statemachine.data.sync.timeout.retry = 0 (custom)
2024-01-18 21:14:00,067 [a53a26a9-4fba-413e-b26a-f90ec9646c55-groupManagement] INFO  server.RaftServerConfigKeys (ConfUtils.java:logGet(46)) - raft.server.log.write.buffer.size = 8388616 (custom)
2024-01-18 21:14:00,068 [a53a26a9-4fba-413e-b26a-f90ec9646c55-groupManagement] INFO  server.RaftServerConfigKeys (ConfUtils.java:logGet(46)) - raft.server.log.appender.buffer.byte-limit = 8388608 (custom)
2024-01-18 21:14:00,068 [a53a26a9-4fba-413e-b26a-f90ec9646c55-groupManagement] INFO  server.RaftServerConfigKeys (ConfUtils.java:logGet(46)) - raft.server.log.unsafe-flush.enabled = false (default)
2024-01-18 21:14:00,068 [a53a26a9-4fba-413e-b26a-f90ec9646c55-groupManagement] INFO  server.RaftServerConfigKeys (ConfUtils.java:logGet(46)) - raft.server.log.async-flush.enabled = false (default)
2024-01-18 21:14:00,068 [a53a26a9-4fba-413e-b26a-f90ec9646c55-groupManagement] INFO  server.RaftServerConfigKeys (ConfUtils.java:logGet(46)) - raft.server.log.statemachine.data.caching.enabled = true (custom)
2024-01-18 21:14:00,068 [a53a26a9-4fba-413e-b26a-f90ec9646c55-groupManagement] INFO  segmented.SegmentedRaftLogWorker (SegmentedRaftLogWorker.java:lambda$new$0(134)) - a53a26a9-4fba-413e-b26a-f90ec9646c55@group-29045FE243D3-SegmentedRaftLogWorker: flushIndex: setUnconditionally 0 -> -1
2024-01-18 21:14:00,068 [a53a26a9-4fba-413e-b26a-f90ec9646c55-groupManagement] INFO  segmented.SegmentedRaftLogWorker (SegmentedRaftLogWorker.java:lambda$new$0(134)) - a53a26a9-4fba-413e-b26a-f90ec9646c55@group-29045FE243D3-SegmentedRaftLogWorker: safeCacheEvictIndex: setUnconditionally 0 -> -1
2024-01-18 21:14:00,069 [a53a26a9-4fba-413e-b26a-f90ec9646c55-groupManagement] INFO  server.RaftServer$Division (RaftServerImpl.java:start(396)) - a53a26a9-4fba-413e-b26a-f90ec9646c55@group-29045FE243D3: start as a follower, conf=-1: peers:[a53a26a9-4fba-413e-b26a-f90ec9646c55|10.1.0.44:15103]|listeners:[], old=null
2024-01-18 21:14:00,069 [a53a26a9-4fba-413e-b26a-f90ec9646c55-groupManagement] INFO  server.RaftServer$Division (RaftServerImpl.java:setRole(383)) - a53a26a9-4fba-413e-b26a-f90ec9646c55@group-29045FE243D3: changes role from      null to FOLLOWER at term 0 for startAsFollower
2024-01-18 21:14:00,069 [a53a26a9-4fba-413e-b26a-f90ec9646c55-groupManagement] INFO  impl.RoleInfo (RoleInfo.java:updateAndGet(139)) - a53a26a9-4fba-413e-b26a-f90ec9646c55: start a53a26a9-4fba-413e-b26a-f90ec9646c55@group-29045FE243D3-FollowerState
2024-01-18 21:14:00,069 [a53a26a9-4fba-413e-b26a-f90ec9646c55@group-29045FE243D3-FollowerState] INFO  server.RaftServerConfigKeys (ConfUtils.java:logFallback(53)) - raft.server.rpc.first-election.timeout.min = 5s (fallback to raft.server.rpc.timeout.min)
2024-01-18 21:14:00,069 [a53a26a9-4fba-413e-b26a-f90ec9646c55-groupManagement] INFO  util.JmxRegister (JmxRegister.java:tryRegister(44)) - Successfully registered JMX Bean with object name Ratis:service=RaftServer,group=group-29045FE243D3,id=a53a26a9-4fba-413e-b26a-f90ec9646c55
2024-01-18 21:14:00,069 [a53a26a9-4fba-413e-b26a-f90ec9646c55-groupManagement] INFO  server.RaftServerConfigKeys (ConfUtils.java:logGet(46)) - raft.server.snapshot.trigger-when-stop.enabled = true (default)
2024-01-18 21:14:00,069 [a53a26a9-4fba-413e-b26a-f90ec9646c55-groupManagement] INFO  server.RaftServerConfigKeys (ConfUtils.java:logGet(46)) - raft.server.snapshot.auto.trigger.enabled = true (custom)
2024-01-18 21:14:00,069 [a53a26a9-4fba-413e-b26a-f90ec9646c55-groupManagement] INFO  server.RaftServerConfigKeys (ConfUtils.java:logGet(46)) - raft.server.snapshot.auto.trigger.threshold = 10000 (custom)
2024-01-18 21:14:00,069 [a53a26a9-4fba-413e-b26a-f90ec9646c55-groupManagement] INFO  server.RaftServerConfigKeys (ConfUtils.java:logGet(46)) - raft.server.snapshot.retention.file.num = 5 (custom)
2024-01-18 21:14:00,069 [a53a26a9-4fba-413e-b26a-f90ec9646c55-groupManagement] INFO  server.RaftServerConfigKeys (ConfUtils.java:logGet(46)) - raft.server.log.purge.upto.snapshot.index = false (default)
2024-01-18 21:14:00,069 [a53a26a9-4fba-413e-b26a-f90ec9646c55@group-29045FE243D3-FollowerState] INFO  server.RaftServerConfigKeys (ConfUtils.java:logFallback(53)) - raft.server.rpc.first-election.timeout.max = 5200ms (fallback to raft.server.rpc.timeout.max)
2024-01-18 21:14:00,070 [a53a26a9-4fba-413e-b26a-f90ec9646c55-PipelineCommandHandlerThread-0] INFO  ratis.XceiverServerRatis (XceiverServerRatis.java:addGroup(842)) - Created group PipelineID=b17355d0-564b-4900-aa73-29045fe243d3
2024-01-18 21:14:00,070 [a53a26a9-4fba-413e-b26a-f90ec9646c55-PipelineCommandHandlerThread-0] INFO  commandhandler.CreatePipelineCommandHandler (CreatePipelineCommandHandler.java:lambda$handle$2(124)) - Created Pipeline RATIS ONE PipelineID=b17355d0-564b-4900-aa73-29045fe243d3.
2024-01-18 21:14:00,070 [a53a26a9-4fba-413e-b26a-f90ec9646c55-PipelineCommandHandlerThread-0] INFO  server.RaftServer (RaftServerProxy.java:addNew(100)) - a53a26a9-4fba-413e-b26a-f90ec9646c55: addNew group-DFF2D486F62C:[32a26d97-b348-45bd-baf8-7e50e45a1152|10.1.0.44:15112, 686b4373-3f6e-463e-bd5f-56c21a134faf|10.1.0.44:15121, a53a26a9-4fba-413e-b26a-f90ec9646c55|10.1.0.44:15103] returns group-DFF2D486F62C:java.util.concurrent.CompletableFuture@3c342422[Not completed]
2024-01-18 21:14:00,071 [a53a26a9-4fba-413e-b26a-f90ec9646c55-groupManagement] INFO  server.RaftServer$Division (RaftServerImpl.java:<init>(256)) - a53a26a9-4fba-413e-b26a-f90ec9646c55: new RaftServerImpl for group-DFF2D486F62C:[32a26d97-b348-45bd-baf8-7e50e45a1152|10.1.0.44:15112, 686b4373-3f6e-463e-bd5f-56c21a134faf|10.1.0.44:15121, a53a26a9-4fba-413e-b26a-f90ec9646c55|10.1.0.44:15103] with ContainerStateMachine:uninitialized
2024-01-18 21:14:00,071 [a53a26a9-4fba-413e-b26a-f90ec9646c55-groupManagement] INFO  server.RaftServerConfigKeys (ConfUtils.java:logGet(46)) - raft.server.rpc.timeout.min = 5s (custom)
2024-01-18 21:14:00,071 [a53a26a9-4fba-413e-b26a-f90ec9646c55-groupManagement] INFO  server.RaftServerConfigKeys (ConfUtils.java:logGet(46)) - raft.server.rpc.timeout.max = 5200ms (custom)
2024-01-18 21:14:00,071 [a53a26a9-4fba-413e-b26a-f90ec9646c55-groupManagement] INFO  server.RaftServerConfigKeys (ConfUtils.java:logGet(46)) - raft.server.rpc.sleep.time = 25ms (default)
2024-01-18 21:14:00,071 [a53a26a9-4fba-413e-b26a-f90ec9646c55-groupManagement] INFO  server.RaftServerConfigKeys (ConfUtils.java:logGet(46)) - raft.server.rpc.slowness.timeout = 300000ms (custom)
2024-01-18 21:14:00,071 [a53a26a9-4fba-413e-b26a-f90ec9646c55-groupManagement] INFO  server.RaftServerConfigKeys (ConfUtils.java:logGet(46)) - raft.server.leaderelection.leader.step-down.wait-time = 10s (default)
2024-01-18 21:14:00,071 [a53a26a9-4fba-413e-b26a-f90ec9646c55-groupManagement] INFO  server.RaftServerConfigKeys (ConfUtils.java:logGet(46)) - raft.server.leaderelection.member.majority-add = false (default)
2024-01-18 21:14:00,071 [a53a26a9-4fba-413e-b26a-f90ec9646c55-groupManagement] INFO  server.RaftServerConfigKeys (ConfUtils.java:logGet(46)) - raft.server.sleep.deviation.threshold = 300ms (default)
2024-01-18 21:14:00,071 [a53a26a9-4fba-413e-b26a-f90ec9646c55-groupManagement] INFO  server.RaftServer$Division (ServerState.java:<init>(113)) - a53a26a9-4fba-413e-b26a-f90ec9646c55@group-DFF2D486F62C: ConfigurationManager, init=-1: peers:[32a26d97-b348-45bd-baf8-7e50e45a1152|10.1.0.44:15112, 686b4373-3f6e-463e-bd5f-56c21a134faf|10.1.0.44:15121, a53a26a9-4fba-413e-b26a-f90ec9646c55|10.1.0.44:15103]|listeners:[], old=null, confs=<EMPTY_MAP>
2024-01-18 21:14:00,072 [a53a26a9-4fba-413e-b26a-f90ec9646c55-groupManagement] INFO  server.RaftServerConfigKeys (ConfUtils.java:logGet(46)) - raft.server.notification.no-leader.timeout = 300000ms (custom)
2024-01-18 21:14:00,072 [a53a26a9-4fba-413e-b26a-f90ec9646c55-groupManagement] INFO  server.RaftServerConfigKeys (ConfUtils.java:logGet(46)) - raft.server.read.timeout = 10s (default)
2024-01-18 21:14:00,072 [a53a26a9-4fba-413e-b26a-f90ec9646c55-groupManagement] INFO  server.RaftServerConfigKeys (ConfUtils.java:logGet(46)) - raft.server.retrycache.expirytime = 600000ms (custom)
2024-01-18 21:14:00,072 [a53a26a9-4fba-413e-b26a-f90ec9646c55-groupManagement] INFO  server.RaftServerConfigKeys (ConfUtils.java:logGet(46)) - raft.server.retrycache.statistics.expirytime = 100ms (default)
2024-01-18 21:14:00,072 [a53a26a9-4fba-413e-b26a-f90ec9646c55-groupManagement] INFO  server.RaftServerConfigKeys (ConfUtils.java:logGet(46)) - raft.server.read.option = DEFAULT (default)
2024-01-18 21:14:00,072 [a53a26a9-4fba-413e-b26a-f90ec9646c55-groupManagement] INFO  server.RaftServerConfigKeys (ConfUtils.java:logGet(46)) - raft.server.read.read-after-write-consistent.write-index-cache.expiry-time = 60s (default)
2024-01-18 21:14:00,074 [a53a26a9-4fba-413e-b26a-f90ec9646c55-groupManagement] INFO  server.RaftServerConfigKeys (ConfUtils.java:logGet(46)) - raft.server.rpc.request.timeout = 3000ms (default)
2024-01-18 21:14:00,074 [a53a26a9-4fba-413e-b26a-f90ec9646c55-groupManagement] INFO  server.RaftServerConfigKeys (ConfUtils.java:logGet(46)) - raft.server.log.appender.install.snapshot.enabled = false (custom)
2024-01-18 21:14:00,074 [a53a26a9-4fba-413e-b26a-f90ec9646c55-groupManagement] INFO  server.RaftServerConfigKeys (ConfUtils.java:logGet(46)) - raft.server.threadpool.server.cached = true (default)
2024-01-18 21:14:00,075 [a53a26a9-4fba-413e-b26a-f90ec9646c55-groupManagement] INFO  server.RaftServerConfigKeys (ConfUtils.java:logGet(46)) - raft.server.threadpool.server.size = 0 (default)
2024-01-18 21:14:00,075 [a53a26a9-4fba-413e-b26a-f90ec9646c55-groupManagement] INFO  server.RaftServerConfigKeys (ConfUtils.java:logGet(46)) - raft.server.threadpool.client.cached = true (default)
2024-01-18 21:14:00,075 [a53a26a9-4fba-413e-b26a-f90ec9646c55-groupManagement] INFO  server.RaftServerConfigKeys (ConfUtils.java:logGet(46)) - raft.server.threadpool.client.size = 0 (default)
2024-01-18 21:14:00,075 [a53a26a9-4fba-413e-b26a-f90ec9646c55-groupManagement] INFO  server.RaftServerConfigKeys (ConfUtils.java:logGet(46)) - raft.server.storage.free-space.min = 0MB (=0) (default)
2024-01-18 21:14:00,075 [a53a26a9-4fba-413e-b26a-f90ec9646c55-groupManagement] INFO  server.RaftServerConfigKeys (ConfUtils.java:logGet(46)) - raft.server.log.corruption.policy = EXCEPTION (default)
2024-01-18 21:14:00,075 [a53a26a9-4fba-413e-b26a-f90ec9646c55-groupManagement] INFO  server.RaftServerConfigKeys (ConfUtils.java:logGet(46)) - raft.server.storage.dir = [/home/runner/work/ozone/ozone/hadoop-ozone/integration-test/target/test-dir/MiniOzoneClusterImpl-31edb46a-ccfd-4ac6-802d-5dd746a085ff/datanode-0/data/ratis] (custom)
2024-01-18 21:14:00,075 [a53a26a9-4fba-413e-b26a-f90ec9646c55-groupManagement] INFO  storage.RaftStorageDirectory (RaftStorageDirectoryImpl.java:analyzeStorage(138)) - The storage directory /home/runner/work/ozone/ozone/hadoop-ozone/integration-test/target/test-dir/MiniOzoneClusterImpl-31edb46a-ccfd-4ac6-802d-5dd746a085ff/datanode-0/data/ratis/2d92b0f5-b558-4201-b326-dff2d486f62c does not exist. Creating ...
2024-01-18 21:14:00,076 [a53a26a9-4fba-413e-b26a-f90ec9646c55-groupManagement] INFO  storage.RaftStorageDirectory (RaftStorageDirectoryImpl.java:tryLock(228)) - Lock on /home/runner/work/ozone/ozone/hadoop-ozone/integration-test/target/test-dir/MiniOzoneClusterImpl-31edb46a-ccfd-4ac6-802d-5dd746a085ff/datanode-0/data/ratis/2d92b0f5-b558-4201-b326-dff2d486f62c/in_use.lock acquired by nodename 70315@fv-az776-647
2024-01-18 21:14:00,077 [a53a26a9-4fba-413e-b26a-f90ec9646c55-groupManagement] INFO  storage.RaftStorage (RaftStorageImpl.java:format(99)) - Storage directory /home/runner/work/ozone/ozone/hadoop-ozone/integration-test/target/test-dir/MiniOzoneClusterImpl-31edb46a-ccfd-4ac6-802d-5dd746a085ff/datanode-0/data/ratis/2d92b0f5-b558-4201-b326-dff2d486f62c has been successfully formatted.
2024-01-18 21:14:00,077 [a53a26a9-4fba-413e-b26a-f90ec9646c55-groupManagement] WARN  util.FileUtils (LogUtils.java:supplyAndLog(63)) - Failed to Files.newInputStream /home/runner/work/ozone/ozone/hadoop-ozone/integration-test/target/test-dir/MiniOzoneClusterImpl-31edb46a-ccfd-4ac6-802d-5dd746a085ff/datanode-0/data/ratis/2d92b0f5-b558-4201-b326-dff2d486f62c/current/raft-meta.conf with options []: java.nio.file.NoSuchFileException: /home/runner/work/ozone/ozone/hadoop-ozone/integration-test/target/test-dir/MiniOzoneClusterImpl-31edb46a-ccfd-4ac6-802d-5dd746a085ff/datanode-0/data/ratis/2d92b0f5-b558-4201-b326-dff2d486f62c/current/raft-meta.conf
2024-01-18 21:14:00,077 [a53a26a9-4fba-413e-b26a-f90ec9646c55-groupManagement] INFO  ratis.ContainerStateMachine (ContainerStateMachine.java:loadSnapshot(287)) - group-DFF2D486F62C: The snapshot info is null. Setting the last applied index to:(t:0, i:~)
2024-01-18 21:14:00,077 [a53a26a9-4fba-413e-b26a-f90ec9646c55-groupManagement] INFO  server.RaftServerConfigKeys (ConfUtils.java:logGet(46)) - raft.server.log.use.memory = false (default)
2024-01-18 21:14:00,077 [a53a26a9-4fba-413e-b26a-f90ec9646c55-groupManagement] INFO  server.RaftServerConfigKeys (ConfUtils.java:logGet(46)) - raft.server.log.purge.gap = 1000000 (custom)
2024-01-18 21:14:00,077 [a53a26a9-4fba-413e-b26a-f90ec9646c55-groupManagement] INFO  server.RaftServerConfigKeys (ConfUtils.java:logGet(46)) - raft.server.log.appender.buffer.byte-limit = 8388608 (custom)
2024-01-18 21:14:00,077 [a53a26a9-4fba-413e-b26a-f90ec9646c55-groupManagement] INFO  server.RaftServerConfigKeys (ConfUtils.java:logGet(46)) - raft.server.log.statemachine.data.read.timeout = 1000ms (default)
2024-01-18 21:14:00,077 [a53a26a9-4fba-413e-b26a-f90ec9646c55-groupManagement] INFO  server.RaftServerConfigKeys (ConfUtils.java:logGet(46)) - raft.server.log.purge.preservation.log.num = 0 (default)
2024-01-18 21:14:00,078 [EventQueue-OpenPipelineForHealthyPipelineSafeModeRule] INFO  safemode.SCMSafeModeManager (HealthyPipelineSafeModeRule.java:process(140)) - SCM in safe mode. Healthy pipelines reported count is 0, required healthy pipeline reported count is 1
2024-01-18 21:14:00,078 [a53a26a9-4fba-413e-b26a-f90ec9646c55-groupManagement] INFO  server.RaftServerConfigKeys (ConfUtils.java:logGet(46)) - raft.server.log.segment.size.max = 67108864 (custom)
2024-01-18 21:14:00,079 [a53a26a9-4fba-413e-b26a-f90ec9646c55-groupManagement] INFO  server.RaftServerConfigKeys (ConfUtils.java:logGet(46)) - raft.server.log.segment.cache.num.max = 2 (custom)
2024-01-18 21:14:00,079 [a53a26a9-4fba-413e-b26a-f90ec9646c55-groupManagement] INFO  server.RaftServerConfigKeys (ConfUtils.java:logGet(46)) - raft.server.log.segment.cache.size.max = 200MB (=209715200) (default)
2024-01-18 21:14:00,079 [a53a26a9-4fba-413e-b26a-f90ec9646c55-groupManagement] INFO  server.RaftServerConfigKeys (ConfUtils.java:logGet(46)) - raft.server.log.appender.buffer.byte-limit = 8388608 (custom)
2024-01-18 21:14:00,079 [a53a26a9-4fba-413e-b26a-f90ec9646c55-groupManagement] INFO  util.AwaitToRun (AwaitToRun.java:start(81)) - Thread[a53a26a9-4fba-413e-b26a-f90ec9646c55@group-DFF2D486F62C-cacheEviction-AwaitToRun,5,main] started
2024-01-18 21:14:00,079 [a53a26a9-4fba-413e-b26a-f90ec9646c55-groupManagement] INFO  segmented.SegmentedRaftLogWorker (SegmentedRaftLogWorker.java:<init>(182)) - new a53a26a9-4fba-413e-b26a-f90ec9646c55@group-DFF2D486F62C-SegmentedRaftLogWorker for RaftStorageImpl:Storage Directory /home/runner/work/ozone/ozone/hadoop-ozone/integration-test/target/test-dir/MiniOzoneClusterImpl-31edb46a-ccfd-4ac6-802d-5dd746a085ff/datanode-0/data/ratis/2d92b0f5-b558-4201-b326-dff2d486f62c
2024-01-18 21:14:00,079 [a53a26a9-4fba-413e-b26a-f90ec9646c55-groupManagement] INFO  server.RaftServerConfigKeys (ConfUtils.java:logGet(46)) - raft.server.log.queue.byte-limit = 4294967296 (custom)
2024-01-18 21:14:00,079 [a53a26a9-4fba-413e-b26a-f90ec9646c55-groupManagement] INFO  server.RaftServerConfigKeys (ConfUtils.java:logGet(46)) - raft.server.log.queue.element-limit = 1024 (custom)
2024-01-18 21:14:00,079 [a53a26a9-4fba-413e-b26a-f90ec9646c55-groupManagement] INFO  server.RaftServerConfigKeys (ConfUtils.java:logGet(46)) - raft.server.log.segment.size.max = 67108864 (custom)
2024-01-18 21:14:00,079 [a53a26a9-4fba-413e-b26a-f90ec9646c55-groupManagement] INFO  server.RaftServerConfigKeys (ConfUtils.java:logGet(46)) - raft.server.log.preallocated.size = 4194304 (custom)
2024-01-18 21:14:00,079 [a53a26a9-4fba-413e-b26a-f90ec9646c55-groupManagement] INFO  server.RaftServerConfigKeys (ConfUtils.java:logGet(46)) - raft.server.log.force.sync.num = 128 (default)
2024-01-18 21:14:00,080 [a53a26a9-4fba-413e-b26a-f90ec9646c55-groupManagement] INFO  server.RaftServerConfigKeys (ConfUtils.java:logGet(46)) - raft.server.log.statemachine.data.sync = true (default)
2024-01-18 21:14:00,080 [a53a26a9-4fba-413e-b26a-f90ec9646c55-groupManagement] INFO  server.RaftServerConfigKeys (ConfUtils.java:logGet(46)) - raft.server.log.statemachine.data.sync.timeout = 10s (default)
2024-01-18 21:14:00,080 [a53a26a9-4fba-413e-b26a-f90ec9646c55-groupManagement] INFO  server.RaftServerConfigKeys (ConfUtils.java:logGet(46)) - raft.server.log.statemachine.data.sync.timeout.retry = 0 (custom)
2024-01-18 21:14:00,080 [a53a26a9-4fba-413e-b26a-f90ec9646c55-groupManagement] INFO  server.RaftServerConfigKeys (ConfUtils.java:logGet(46)) - raft.server.log.write.buffer.size = 8388616 (custom)
2024-01-18 21:14:00,081 [a53a26a9-4fba-413e-b26a-f90ec9646c55-groupManagement] INFO  server.RaftServerConfigKeys (ConfUtils.java:logGet(46)) - raft.server.log.appender.buffer.byte-limit = 8388608 (custom)
2024-01-18 21:14:00,081 [a53a26a9-4fba-413e-b26a-f90ec9646c55-groupManagement] INFO  server.RaftServerConfigKeys (ConfUtils.java:logGet(46)) - raft.server.log.unsafe-flush.enabled = false (default)
2024-01-18 21:14:00,081 [a53a26a9-4fba-413e-b26a-f90ec9646c55-groupManagement] INFO  server.RaftServerConfigKeys (ConfUtils.java:logGet(46)) - raft.server.log.async-flush.enabled = false (default)
2024-01-18 21:14:00,081 [a53a26a9-4fba-413e-b26a-f90ec9646c55-groupManagement] INFO  server.RaftServerConfigKeys (ConfUtils.java:logGet(46)) - raft.server.log.statemachine.data.caching.enabled = true (custom)
2024-01-18 21:14:00,081 [a53a26a9-4fba-413e-b26a-f90ec9646c55-groupManagement] INFO  segmented.SegmentedRaftLogWorker (SegmentedRaftLogWorker.java:lambda$new$0(134)) - a53a26a9-4fba-413e-b26a-f90ec9646c55@group-DFF2D486F62C-SegmentedRaftLogWorker: flushIndex: setUnconditionally 0 -> -1
2024-01-18 21:14:00,081 [a53a26a9-4fba-413e-b26a-f90ec9646c55-groupManagement] INFO  segmented.SegmentedRaftLogWorker (SegmentedRaftLogWorker.java:lambda$new$0(134)) - a53a26a9-4fba-413e-b26a-f90ec9646c55@group-DFF2D486F62C-SegmentedRaftLogWorker: safeCacheEvictIndex: setUnconditionally 0 -> -1
2024-01-18 21:14:00,081 [a53a26a9-4fba-413e-b26a-f90ec9646c55-groupManagement] INFO  server.RaftServer$Division (RaftServerImpl.java:start(396)) - a53a26a9-4fba-413e-b26a-f90ec9646c55@group-DFF2D486F62C: start as a follower, conf=-1: peers:[32a26d97-b348-45bd-baf8-7e50e45a1152|10.1.0.44:15112, 686b4373-3f6e-463e-bd5f-56c21a134faf|10.1.0.44:15121, a53a26a9-4fba-413e-b26a-f90ec9646c55|10.1.0.44:15103]|listeners:[], old=null
2024-01-18 21:14:00,082 [a53a26a9-4fba-413e-b26a-f90ec9646c55-groupManagement] INFO  server.RaftServer$Division (RaftServerImpl.java:setRole(383)) - a53a26a9-4fba-413e-b26a-f90ec9646c55@group-DFF2D486F62C: changes role from      null to FOLLOWER at term 0 for startAsFollower
2024-01-18 21:14:00,082 [a53a26a9-4fba-413e-b26a-f90ec9646c55-groupManagement] INFO  impl.RoleInfo (RoleInfo.java:updateAndGet(139)) - a53a26a9-4fba-413e-b26a-f90ec9646c55: start a53a26a9-4fba-413e-b26a-f90ec9646c55@group-DFF2D486F62C-FollowerState
2024-01-18 21:14:00,082 [a53a26a9-4fba-413e-b26a-f90ec9646c55@group-DFF2D486F62C-FollowerState] INFO  server.RaftServerConfigKeys (ConfUtils.java:logFallback(53)) - raft.server.rpc.first-election.timeout.min = 5s (fallback to raft.server.rpc.timeout.min)
2024-01-18 21:14:00,082 [a53a26a9-4fba-413e-b26a-f90ec9646c55-groupManagement] INFO  util.JmxRegister (JmxRegister.java:tryRegister(44)) - Successfully registered JMX Bean with object name Ratis:service=RaftServer,group=group-DFF2D486F62C,id=a53a26a9-4fba-413e-b26a-f90ec9646c55
2024-01-18 21:14:00,082 [a53a26a9-4fba-413e-b26a-f90ec9646c55@group-DFF2D486F62C-FollowerState] INFO  server.RaftServerConfigKeys (ConfUtils.java:logFallback(53)) - raft.server.rpc.first-election.timeout.max = 5200ms (fallback to raft.server.rpc.timeout.max)
2024-01-18 21:14:00,082 [a53a26a9-4fba-413e-b26a-f90ec9646c55-groupManagement] INFO  server.RaftServerConfigKeys (ConfUtils.java:logGet(46)) - raft.server.snapshot.trigger-when-stop.enabled = true (default)
2024-01-18 21:14:00,082 [a53a26a9-4fba-413e-b26a-f90ec9646c55-groupManagement] INFO  server.RaftServerConfigKeys (ConfUtils.java:logGet(46)) - raft.server.snapshot.auto.trigger.enabled = true (custom)
2024-01-18 21:14:00,082 [a53a26a9-4fba-413e-b26a-f90ec9646c55-groupManagement] INFO  server.RaftServerConfigKeys (ConfUtils.java:logGet(46)) - raft.server.snapshot.auto.trigger.threshold = 10000 (custom)
2024-01-18 21:14:00,082 [a53a26a9-4fba-413e-b26a-f90ec9646c55-groupManagement] INFO  server.RaftServerConfigKeys (ConfUtils.java:logGet(46)) - raft.server.snapshot.retention.file.num = 5 (custom)
2024-01-18 21:14:00,082 [a53a26a9-4fba-413e-b26a-f90ec9646c55-groupManagement] INFO  server.RaftServerConfigKeys (ConfUtils.java:logGet(46)) - raft.server.log.purge.upto.snapshot.index = false (default)
2024-01-18 21:14:00,083 [a53a26a9-4fba-413e-b26a-f90ec9646c55-PipelineCommandHandlerThread-0] INFO  ratis.XceiverServerRatis (XceiverServerRatis.java:addGroup(842)) - Created group PipelineID=2d92b0f5-b558-4201-b326-dff2d486f62c
2024-01-18 21:14:00,091 [grpc-default-executor-0] INFO  server.RaftServer (RaftServerProxy.java:addNew(100)) - 686b4373-3f6e-463e-bd5f-56c21a134faf: addNew group-DFF2D486F62C:[32a26d97-b348-45bd-baf8-7e50e45a1152|10.1.0.44:15112, 686b4373-3f6e-463e-bd5f-56c21a134faf|10.1.0.44:15121, a53a26a9-4fba-413e-b26a-f90ec9646c55|10.1.0.44:15103] returns group-DFF2D486F62C:java.util.concurrent.CompletableFuture@12ec117f[Not completed]
2024-01-18 21:14:00,092 [686b4373-3f6e-463e-bd5f-56c21a134faf-groupManagement] INFO  server.RaftServer$Division (RaftServerImpl.java:<init>(256)) - 686b4373-3f6e-463e-bd5f-56c21a134faf: new RaftServerImpl for group-DFF2D486F62C:[32a26d97-b348-45bd-baf8-7e50e45a1152|10.1.0.44:15112, 686b4373-3f6e-463e-bd5f-56c21a134faf|10.1.0.44:15121, a53a26a9-4fba-413e-b26a-f90ec9646c55|10.1.0.44:15103] with ContainerStateMachine:uninitialized
2024-01-18 21:14:00,093 [686b4373-3f6e-463e-bd5f-56c21a134faf-groupManagement] INFO  server.RaftServerConfigKeys (ConfUtils.java:logGet(46)) - raft.server.rpc.timeout.min = 5s (custom)
2024-01-18 21:14:00,093 [686b4373-3f6e-463e-bd5f-56c21a134faf-groupManagement] INFO  server.RaftServerConfigKeys (ConfUtils.java:logGet(46)) - raft.server.rpc.timeout.max = 5200ms (custom)
2024-01-18 21:14:00,095 [686b4373-3f6e-463e-bd5f-56c21a134faf-groupManagement] INFO  server.RaftServerConfigKeys (ConfUtils.java:logGet(46)) - raft.server.rpc.sleep.time = 25ms (default)
2024-01-18 21:14:00,095 [686b4373-3f6e-463e-bd5f-56c21a134faf-groupManagement] INFO  server.RaftServerConfigKeys (ConfUtils.java:logGet(46)) - raft.server.rpc.slowness.timeout = 300000ms (custom)
2024-01-18 21:14:00,095 [686b4373-3f6e-463e-bd5f-56c21a134faf-groupManagement] INFO  server.RaftServerConfigKeys (ConfUtils.java:logGet(46)) - raft.server.leaderelection.leader.step-down.wait-time = 10s (default)
2024-01-18 21:14:00,096 [686b4373-3f6e-463e-bd5f-56c21a134faf-groupManagement] INFO  server.RaftServerConfigKeys (ConfUtils.java:logGet(46)) - raft.server.leaderelection.member.majority-add = false (default)
2024-01-18 21:14:00,096 [686b4373-3f6e-463e-bd5f-56c21a134faf-groupManagement] INFO  server.RaftServerConfigKeys (ConfUtils.java:logGet(46)) - raft.server.sleep.deviation.threshold = 300ms (default)
2024-01-18 21:14:00,096 [686b4373-3f6e-463e-bd5f-56c21a134faf-groupManagement] INFO  server.RaftServer$Division (ServerState.java:<init>(113)) - 686b4373-3f6e-463e-bd5f-56c21a134faf@group-DFF2D486F62C: ConfigurationManager, init=-1: peers:[32a26d97-b348-45bd-baf8-7e50e45a1152|10.1.0.44:15112, 686b4373-3f6e-463e-bd5f-56c21a134faf|10.1.0.44:15121, a53a26a9-4fba-413e-b26a-f90ec9646c55|10.1.0.44:15103]|listeners:[], old=null, confs=<EMPTY_MAP>
2024-01-18 21:14:00,096 [686b4373-3f6e-463e-bd5f-56c21a134faf-groupManagement] INFO  server.RaftServerConfigKeys (ConfUtils.java:logGet(46)) - raft.server.notification.no-leader.timeout = 300000ms (custom)
2024-01-18 21:14:00,096 [686b4373-3f6e-463e-bd5f-56c21a134faf-groupManagement] INFO  server.RaftServerConfigKeys (ConfUtils.java:logGet(46)) - raft.server.read.timeout = 10s (default)
2024-01-18 21:14:00,096 [686b4373-3f6e-463e-bd5f-56c21a134faf-groupManagement] INFO  server.RaftServerConfigKeys (ConfUtils.java:logGet(46)) - raft.server.retrycache.expirytime = 600000ms (custom)
2024-01-18 21:14:00,096 [686b4373-3f6e-463e-bd5f-56c21a134faf-groupManagement] INFO  server.RaftServerConfigKeys (ConfUtils.java:logGet(46)) - raft.server.retrycache.statistics.expirytime = 100ms (default)
2024-01-18 21:14:00,096 [686b4373-3f6e-463e-bd5f-56c21a134faf-groupManagement] INFO  server.RaftServerConfigKeys (ConfUtils.java:logGet(46)) - raft.server.read.option = DEFAULT (default)
2024-01-18 21:14:00,096 [686b4373-3f6e-463e-bd5f-56c21a134faf-groupManagement] INFO  server.RaftServerConfigKeys (ConfUtils.java:logGet(46)) - raft.server.read.read-after-write-consistent.write-index-cache.expiry-time = 60s (default)
2024-01-18 21:14:00,098 [686b4373-3f6e-463e-bd5f-56c21a134faf-groupManagement] INFO  server.RaftServerConfigKeys (ConfUtils.java:logGet(46)) - raft.server.rpc.request.timeout = 3000ms (default)
2024-01-18 21:14:00,098 [686b4373-3f6e-463e-bd5f-56c21a134faf-groupManagement] INFO  server.RaftServerConfigKeys (ConfUtils.java:logGet(46)) - raft.server.log.appender.install.snapshot.enabled = false (custom)
2024-01-18 21:14:00,098 [686b4373-3f6e-463e-bd5f-56c21a134faf-groupManagement] INFO  server.RaftServerConfigKeys (ConfUtils.java:logGet(46)) - raft.server.threadpool.server.cached = true (default)
2024-01-18 21:14:00,098 [686b4373-3f6e-463e-bd5f-56c21a134faf-groupManagement] INFO  server.RaftServerConfigKeys (ConfUtils.java:logGet(46)) - raft.server.threadpool.server.size = 0 (default)
2024-01-18 21:14:00,099 [686b4373-3f6e-463e-bd5f-56c21a134faf-groupManagement] INFO  server.RaftServerConfigKeys (ConfUtils.java:logGet(46)) - raft.server.threadpool.client.cached = true (default)
2024-01-18 21:14:00,099 [686b4373-3f6e-463e-bd5f-56c21a134faf-groupManagement] INFO  server.RaftServerConfigKeys (ConfUtils.java:logGet(46)) - raft.server.threadpool.client.size = 0 (default)
2024-01-18 21:14:00,099 [686b4373-3f6e-463e-bd5f-56c21a134faf-groupManagement] INFO  server.RaftServerConfigKeys (ConfUtils.java:logGet(46)) - raft.server.storage.free-space.min = 0MB (=0) (default)
2024-01-18 21:14:00,099 [686b4373-3f6e-463e-bd5f-56c21a134faf-groupManagement] INFO  server.RaftServerConfigKeys (ConfUtils.java:logGet(46)) - raft.server.log.corruption.policy = EXCEPTION (default)
2024-01-18 21:14:00,099 [686b4373-3f6e-463e-bd5f-56c21a134faf-groupManagement] INFO  server.RaftServerConfigKeys (ConfUtils.java:logGet(46)) - raft.server.storage.dir = [/home/runner/work/ozone/ozone/hadoop-ozone/integration-test/target/test-dir/MiniOzoneClusterImpl-31edb46a-ccfd-4ac6-802d-5dd746a085ff/datanode-2/data/ratis] (custom)
2024-01-18 21:14:00,099 [686b4373-3f6e-463e-bd5f-56c21a134faf-groupManagement] INFO  storage.RaftStorageDirectory (RaftStorageDirectoryImpl.java:analyzeStorage(138)) - The storage directory /home/runner/work/ozone/ozone/hadoop-ozone/integration-test/target/test-dir/MiniOzoneClusterImpl-31edb46a-ccfd-4ac6-802d-5dd746a085ff/datanode-2/data/ratis/2d92b0f5-b558-4201-b326-dff2d486f62c does not exist. Creating ...
2024-01-18 21:14:00,100 [686b4373-3f6e-463e-bd5f-56c21a134faf-groupManagement] INFO  storage.RaftStorageDirectory (RaftStorageDirectoryImpl.java:tryLock(228)) - Lock on /home/runner/work/ozone/ozone/hadoop-ozone/integration-test/target/test-dir/MiniOzoneClusterImpl-31edb46a-ccfd-4ac6-802d-5dd746a085ff/datanode-2/data/ratis/2d92b0f5-b558-4201-b326-dff2d486f62c/in_use.lock acquired by nodename 70315@fv-az776-647
2024-01-18 21:14:00,101 [686b4373-3f6e-463e-bd5f-56c21a134faf-groupManagement] INFO  storage.RaftStorage (RaftStorageImpl.java:format(99)) - Storage directory /home/runner/work/ozone/ozone/hadoop-ozone/integration-test/target/test-dir/MiniOzoneClusterImpl-31edb46a-ccfd-4ac6-802d-5dd746a085ff/datanode-2/data/ratis/2d92b0f5-b558-4201-b326-dff2d486f62c has been successfully formatted.
2024-01-18 21:14:00,101 [686b4373-3f6e-463e-bd5f-56c21a134faf-groupManagement] WARN  util.FileUtils (LogUtils.java:supplyAndLog(63)) - Failed to Files.newInputStream /home/runner/work/ozone/ozone/hadoop-ozone/integration-test/target/test-dir/MiniOzoneClusterImpl-31edb46a-ccfd-4ac6-802d-5dd746a085ff/datanode-2/data/ratis/2d92b0f5-b558-4201-b326-dff2d486f62c/current/raft-meta.conf with options []: java.nio.file.NoSuchFileException: /home/runner/work/ozone/ozone/hadoop-ozone/integration-test/target/test-dir/MiniOzoneClusterImpl-31edb46a-ccfd-4ac6-802d-5dd746a085ff/datanode-2/data/ratis/2d92b0f5-b558-4201-b326-dff2d486f62c/current/raft-meta.conf
2024-01-18 21:14:00,102 [686b4373-3f6e-463e-bd5f-56c21a134faf-groupManagement] INFO  ratis.ContainerStateMachine (ContainerStateMachine.java:loadSnapshot(287)) - group-DFF2D486F62C: The snapshot info is null. Setting the last applied index to:(t:0, i:~)
2024-01-18 21:14:00,103 [686b4373-3f6e-463e-bd5f-56c21a134faf-groupManagement] INFO  server.RaftServerConfigKeys (ConfUtils.java:logGet(46)) - raft.server.log.use.memory = false (default)
2024-01-18 21:14:00,103 [686b4373-3f6e-463e-bd5f-56c21a134faf-groupManagement] INFO  server.RaftServerConfigKeys (ConfUtils.java:logGet(46)) - raft.server.log.purge.gap = 1000000 (custom)
2024-01-18 21:14:00,104 [686b4373-3f6e-463e-bd5f-56c21a134faf-groupManagement] INFO  server.RaftServerConfigKeys (ConfUtils.java:logGet(46)) - raft.server.log.appender.buffer.byte-limit = 8388608 (custom)
2024-01-18 21:14:00,104 [686b4373-3f6e-463e-bd5f-56c21a134faf-groupManagement] INFO  server.RaftServerConfigKeys (ConfUtils.java:logGet(46)) - raft.server.log.statemachine.data.read.timeout = 1000ms (default)
2024-01-18 21:14:00,104 [686b4373-3f6e-463e-bd5f-56c21a134faf-groupManagement] INFO  server.RaftServerConfigKeys (ConfUtils.java:logGet(46)) - raft.server.log.purge.preservation.log.num = 0 (default)
2024-01-18 21:14:00,105 [686b4373-3f6e-463e-bd5f-56c21a134faf-groupManagement] INFO  server.RaftServerConfigKeys (ConfUtils.java:logGet(46)) - raft.server.log.segment.size.max = 67108864 (custom)
2024-01-18 21:14:00,105 [686b4373-3f6e-463e-bd5f-56c21a134faf-groupManagement] INFO  server.RaftServerConfigKeys (ConfUtils.java:logGet(46)) - raft.server.log.segment.cache.num.max = 2 (custom)
2024-01-18 21:14:00,105 [686b4373-3f6e-463e-bd5f-56c21a134faf-groupManagement] INFO  server.RaftServerConfigKeys (ConfUtils.java:logGet(46)) - raft.server.log.segment.cache.size.max = 200MB (=209715200) (default)
2024-01-18 21:14:00,105 [686b4373-3f6e-463e-bd5f-56c21a134faf-groupManagement] INFO  server.RaftServerConfigKeys (ConfUtils.java:logGet(46)) - raft.server.log.appender.buffer.byte-limit = 8388608 (custom)
2024-01-18 21:14:00,105 [686b4373-3f6e-463e-bd5f-56c21a134faf-groupManagement] INFO  util.AwaitToRun (AwaitToRun.java:start(81)) - Thread[686b4373-3f6e-463e-bd5f-56c21a134faf@group-DFF2D486F62C-cacheEviction-AwaitToRun,5,main] started
2024-01-18 21:14:00,105 [686b4373-3f6e-463e-bd5f-56c21a134faf-groupManagement] INFO  segmented.SegmentedRaftLogWorker (SegmentedRaftLogWorker.java:<init>(182)) - new 686b4373-3f6e-463e-bd5f-56c21a134faf@group-DFF2D486F62C-SegmentedRaftLogWorker for RaftStorageImpl:Storage Directory /home/runner/work/ozone/ozone/hadoop-ozone/integration-test/target/test-dir/MiniOzoneClusterImpl-31edb46a-ccfd-4ac6-802d-5dd746a085ff/datanode-2/data/ratis/2d92b0f5-b558-4201-b326-dff2d486f62c
2024-01-18 21:14:00,105 [686b4373-3f6e-463e-bd5f-56c21a134faf-groupManagement] INFO  server.RaftServerConfigKeys (ConfUtils.java:logGet(46)) - raft.server.log.queue.byte-limit = 4294967296 (custom)
2024-01-18 21:14:00,105 [686b4373-3f6e-463e-bd5f-56c21a134faf-groupManagement] INFO  server.RaftServerConfigKeys (ConfUtils.java:logGet(46)) - raft.server.log.queue.element-limit = 1024 (custom)
2024-01-18 21:14:00,106 [686b4373-3f6e-463e-bd5f-56c21a134faf-groupManagement] INFO  server.RaftServerConfigKeys (ConfUtils.java:logGet(46)) - raft.server.log.segment.size.max = 67108864 (custom)
2024-01-18 21:14:00,106 [686b4373-3f6e-463e-bd5f-56c21a134faf-groupManagement] INFO  server.RaftServerConfigKeys (ConfUtils.java:logGet(46)) - raft.server.log.preallocated.size = 4194304 (custom)
2024-01-18 21:14:00,106 [686b4373-3f6e-463e-bd5f-56c21a134faf-groupManagement] INFO  server.RaftServerConfigKeys (ConfUtils.java:logGet(46)) - raft.server.log.force.sync.num = 128 (default)
2024-01-18 21:14:00,106 [686b4373-3f6e-463e-bd5f-56c21a134faf-groupManagement] INFO  server.RaftServerConfigKeys (ConfUtils.java:logGet(46)) - raft.server.log.statemachine.data.sync = true (default)
2024-01-18 21:14:00,106 [686b4373-3f6e-463e-bd5f-56c21a134faf-groupManagement] INFO  server.RaftServerConfigKeys (ConfUtils.java:logGet(46)) - raft.server.log.statemachine.data.sync.timeout = 10s (default)
2024-01-18 21:14:00,106 [686b4373-3f6e-463e-bd5f-56c21a134faf-groupManagement] INFO  server.RaftServerConfigKeys (ConfUtils.java:logGet(46)) - raft.server.log.statemachine.data.sync.timeout.retry = 0 (custom)
2024-01-18 21:14:00,106 [686b4373-3f6e-463e-bd5f-56c21a134faf-groupManagement] INFO  server.RaftServerConfigKeys (ConfUtils.java:logGet(46)) - raft.server.log.write.buffer.size = 8388616 (custom)
2024-01-18 21:14:00,108 [686b4373-3f6e-463e-bd5f-56c21a134faf-groupManagement] INFO  server.RaftServerConfigKeys (ConfUtils.java:logGet(46)) - raft.server.log.appender.buffer.byte-limit = 8388608 (custom)
2024-01-18 21:14:00,108 [686b4373-3f6e-463e-bd5f-56c21a134faf-groupManagement] INFO  server.RaftServerConfigKeys (ConfUtils.java:logGet(46)) - raft.server.log.unsafe-flush.enabled = false (default)
2024-01-18 21:14:00,108 [686b4373-3f6e-463e-bd5f-56c21a134faf-groupManagement] INFO  server.RaftServerConfigKeys (ConfUtils.java:logGet(46)) - raft.server.log.async-flush.enabled = false (default)
2024-01-18 21:14:00,108 [686b4373-3f6e-463e-bd5f-56c21a134faf-groupManagement] INFO  server.RaftServerConfigKeys (ConfUtils.java:logGet(46)) - raft.server.log.statemachine.data.caching.enabled = true (custom)
2024-01-18 21:14:00,108 [686b4373-3f6e-463e-bd5f-56c21a134faf-groupManagement] INFO  segmented.SegmentedRaftLogWorker (SegmentedRaftLogWorker.java:lambda$new$0(134)) - 686b4373-3f6e-463e-bd5f-56c21a134faf@group-DFF2D486F62C-SegmentedRaftLogWorker: flushIndex: setUnconditionally 0 -> -1
2024-01-18 21:14:00,108 [686b4373-3f6e-463e-bd5f-56c21a134faf-groupManagement] INFO  segmented.SegmentedRaftLogWorker (SegmentedRaftLogWorker.java:lambda$new$0(134)) - 686b4373-3f6e-463e-bd5f-56c21a134faf@group-DFF2D486F62C-SegmentedRaftLogWorker: safeCacheEvictIndex: setUnconditionally 0 -> -1
2024-01-18 21:14:00,108 [686b4373-3f6e-463e-bd5f-56c21a134faf-groupManagement] INFO  server.RaftServer$Division (RaftServerImpl.java:start(396)) - 686b4373-3f6e-463e-bd5f-56c21a134faf@group-DFF2D486F62C: start as a follower, conf=-1: peers:[32a26d97-b348-45bd-baf8-7e50e45a1152|10.1.0.44:15112, 686b4373-3f6e-463e-bd5f-56c21a134faf|10.1.0.44:15121, a53a26a9-4fba-413e-b26a-f90ec9646c55|10.1.0.44:15103]|listeners:[], old=null
2024-01-18 21:14:00,108 [686b4373-3f6e-463e-bd5f-56c21a134faf-groupManagement] INFO  server.RaftServer$Division (RaftServerImpl.java:setRole(383)) - 686b4373-3f6e-463e-bd5f-56c21a134faf@group-DFF2D486F62C: changes role from      null to FOLLOWER at term 0 for startAsFollower
2024-01-18 21:14:00,109 [686b4373-3f6e-463e-bd5f-56c21a134faf-groupManagement] INFO  impl.RoleInfo (RoleInfo.java:updateAndGet(139)) - 686b4373-3f6e-463e-bd5f-56c21a134faf: start 686b4373-3f6e-463e-bd5f-56c21a134faf@group-DFF2D486F62C-FollowerState
2024-01-18 21:14:00,109 [686b4373-3f6e-463e-bd5f-56c21a134faf@group-DFF2D486F62C-FollowerState] INFO  server.RaftServerConfigKeys (ConfUtils.java:logFallback(53)) - raft.server.rpc.first-election.timeout.min = 5s (fallback to raft.server.rpc.timeout.min)
2024-01-18 21:14:00,109 [686b4373-3f6e-463e-bd5f-56c21a134faf-groupManagement] INFO  util.JmxRegister (JmxRegister.java:tryRegister(44)) - Successfully registered JMX Bean with object name Ratis:service=RaftServer,group=group-DFF2D486F62C,id=686b4373-3f6e-463e-bd5f-56c21a134faf
2024-01-18 21:14:00,109 [686b4373-3f6e-463e-bd5f-56c21a134faf@group-DFF2D486F62C-FollowerState] INFO  server.RaftServerConfigKeys (ConfUtils.java:logFallback(53)) - raft.server.rpc.first-election.timeout.max = 5200ms (fallback to raft.server.rpc.timeout.max)
2024-01-18 21:14:00,109 [686b4373-3f6e-463e-bd5f-56c21a134faf-groupManagement] INFO  server.RaftServerConfigKeys (ConfUtils.java:logGet(46)) - raft.server.snapshot.trigger-when-stop.enabled = true (default)
2024-01-18 21:14:00,109 [686b4373-3f6e-463e-bd5f-56c21a134faf-groupManagement] INFO  server.RaftServerConfigKeys (ConfUtils.java:logGet(46)) - raft.server.snapshot.auto.trigger.enabled = true (custom)
2024-01-18 21:14:00,109 [686b4373-3f6e-463e-bd5f-56c21a134faf-groupManagement] INFO  server.RaftServerConfigKeys (ConfUtils.java:logGet(46)) - raft.server.snapshot.auto.trigger.threshold = 10000 (custom)
2024-01-18 21:14:00,109 [686b4373-3f6e-463e-bd5f-56c21a134faf-groupManagement] INFO  server.RaftServerConfigKeys (ConfUtils.java:logGet(46)) - raft.server.snapshot.retention.file.num = 5 (custom)
2024-01-18 21:14:00,109 [686b4373-3f6e-463e-bd5f-56c21a134faf-groupManagement] INFO  server.RaftServerConfigKeys (ConfUtils.java:logGet(46)) - raft.server.log.purge.upto.snapshot.index = false (default)
2024-01-18 21:14:00,121 [grpc-default-executor-0] INFO  server.RaftServer (RaftServerProxy.java:addNew(100)) - 32a26d97-b348-45bd-baf8-7e50e45a1152: addNew group-DFF2D486F62C:[32a26d97-b348-45bd-baf8-7e50e45a1152|10.1.0.44:15112, 686b4373-3f6e-463e-bd5f-56c21a134faf|10.1.0.44:15121, a53a26a9-4fba-413e-b26a-f90ec9646c55|10.1.0.44:15103] returns group-DFF2D486F62C:java.util.concurrent.CompletableFuture@2a04ead1[Not completed]
2024-01-18 21:14:00,122 [32a26d97-b348-45bd-baf8-7e50e45a1152-groupManagement] INFO  server.RaftServer$Division (RaftServerImpl.java:<init>(256)) - 32a26d97-b348-45bd-baf8-7e50e45a1152: new RaftServerImpl for group-DFF2D486F62C:[32a26d97-b348-45bd-baf8-7e50e45a1152|10.1.0.44:15112, 686b4373-3f6e-463e-bd5f-56c21a134faf|10.1.0.44:15121, a53a26a9-4fba-413e-b26a-f90ec9646c55|10.1.0.44:15103] with ContainerStateMachine:uninitialized
2024-01-18 21:14:00,122 [32a26d97-b348-45bd-baf8-7e50e45a1152-groupManagement] INFO  server.RaftServerConfigKeys (ConfUtils.java:logGet(46)) - raft.server.rpc.timeout.min = 5s (custom)
2024-01-18 21:14:00,122 [32a26d97-b348-45bd-baf8-7e50e45a1152-groupManagement] INFO  server.RaftServerConfigKeys (ConfUtils.java:logGet(46)) - raft.server.rpc.timeout.max = 5200ms (custom)
2024-01-18 21:14:00,122 [32a26d97-b348-45bd-baf8-7e50e45a1152-groupManagement] INFO  server.RaftServerConfigKeys (ConfUtils.java:logGet(46)) - raft.server.rpc.sleep.time = 25ms (default)
2024-01-18 21:14:00,122 [32a26d97-b348-45bd-baf8-7e50e45a1152-groupManagement] INFO  server.RaftServerConfigKeys (ConfUtils.java:logGet(46)) - raft.server.rpc.slowness.timeout = 300000ms (custom)
2024-01-18 21:14:00,122 [32a26d97-b348-45bd-baf8-7e50e45a1152-groupManagement] INFO  server.RaftServerConfigKeys (ConfUtils.java:logGet(46)) - raft.server.leaderelection.leader.step-down.wait-time = 10s (default)
2024-01-18 21:14:00,122 [32a26d97-b348-45bd-baf8-7e50e45a1152-groupManagement] INFO  server.RaftServerConfigKeys (ConfUtils.java:logGet(46)) - raft.server.leaderelection.member.majority-add = false (default)
2024-01-18 21:14:00,122 [32a26d97-b348-45bd-baf8-7e50e45a1152-groupManagement] INFO  server.RaftServerConfigKeys (ConfUtils.java:logGet(46)) - raft.server.sleep.deviation.threshold = 300ms (default)
2024-01-18 21:14:00,123 [32a26d97-b348-45bd-baf8-7e50e45a1152-groupManagement] INFO  server.RaftServer$Division (ServerState.java:<init>(113)) - 32a26d97-b348-45bd-baf8-7e50e45a1152@group-DFF2D486F62C: ConfigurationManager, init=-1: peers:[32a26d97-b348-45bd-baf8-7e50e45a1152|10.1.0.44:15112, 686b4373-3f6e-463e-bd5f-56c21a134faf|10.1.0.44:15121, a53a26a9-4fba-413e-b26a-f90ec9646c55|10.1.0.44:15103]|listeners:[], old=null, confs=<EMPTY_MAP>
2024-01-18 21:14:00,123 [32a26d97-b348-45bd-baf8-7e50e45a1152-groupManagement] INFO  server.RaftServerConfigKeys (ConfUtils.java:logGet(46)) - raft.server.notification.no-leader.timeout = 300000ms (custom)
2024-01-18 21:14:00,123 [32a26d97-b348-45bd-baf8-7e50e45a1152-groupManagement] INFO  server.RaftServerConfigKeys (ConfUtils.java:logGet(46)) - raft.server.read.timeout = 10s (default)
2024-01-18 21:14:00,123 [32a26d97-b348-45bd-baf8-7e50e45a1152-groupManagement] INFO  server.RaftServerConfigKeys (ConfUtils.java:logGet(46)) - raft.server.retrycache.expirytime = 600000ms (custom)
2024-01-18 21:14:00,123 [32a26d97-b348-45bd-baf8-7e50e45a1152-groupManagement] INFO  server.RaftServerConfigKeys (ConfUtils.java:logGet(46)) - raft.server.retrycache.statistics.expirytime = 100ms (default)
2024-01-18 21:14:00,123 [32a26d97-b348-45bd-baf8-7e50e45a1152-groupManagement] INFO  server.RaftServerConfigKeys (ConfUtils.java:logGet(46)) - raft.server.read.option = DEFAULT (default)
2024-01-18 21:14:00,123 [32a26d97-b348-45bd-baf8-7e50e45a1152-groupManagement] INFO  server.RaftServerConfigKeys (ConfUtils.java:logGet(46)) - raft.server.read.read-after-write-consistent.write-index-cache.expiry-time = 60s (default)
2024-01-18 21:14:00,125 [32a26d97-b348-45bd-baf8-7e50e45a1152-groupManagement] INFO  server.RaftServerConfigKeys (ConfUtils.java:logGet(46)) - raft.server.rpc.request.timeout = 3000ms (default)
2024-01-18 21:14:00,125 [32a26d97-b348-45bd-baf8-7e50e45a1152-groupManagement] INFO  server.RaftServerConfigKeys (ConfUtils.java:logGet(46)) - raft.server.log.appender.install.snapshot.enabled = false (custom)
2024-01-18 21:14:00,125 [32a26d97-b348-45bd-baf8-7e50e45a1152-groupManagement] INFO  server.RaftServerConfigKeys (ConfUtils.java:logGet(46)) - raft.server.threadpool.server.cached = true (default)
2024-01-18 21:14:00,126 [32a26d97-b348-45bd-baf8-7e50e45a1152-groupManagement] INFO  server.RaftServerConfigKeys (ConfUtils.java:logGet(46)) - raft.server.threadpool.server.size = 0 (default)
2024-01-18 21:14:00,126 [32a26d97-b348-45bd-baf8-7e50e45a1152-groupManagement] INFO  server.RaftServerConfigKeys (ConfUtils.java:logGet(46)) - raft.server.threadpool.client.cached = true (default)
2024-01-18 21:14:00,126 [32a26d97-b348-45bd-baf8-7e50e45a1152-groupManagement] INFO  server.RaftServerConfigKeys (ConfUtils.java:logGet(46)) - raft.server.threadpool.client.size = 0 (default)
2024-01-18 21:14:00,126 [32a26d97-b348-45bd-baf8-7e50e45a1152-groupManagement] INFO  server.RaftServerConfigKeys (ConfUtils.java:logGet(46)) - raft.server.storage.free-space.min = 0MB (=0) (default)
2024-01-18 21:14:00,126 [32a26d97-b348-45bd-baf8-7e50e45a1152-groupManagement] INFO  server.RaftServerConfigKeys (ConfUtils.java:logGet(46)) - raft.server.log.corruption.policy = EXCEPTION (default)
2024-01-18 21:14:00,126 [32a26d97-b348-45bd-baf8-7e50e45a1152-groupManagement] INFO  server.RaftServerConfigKeys (ConfUtils.java:logGet(46)) - raft.server.storage.dir = [/home/runner/work/ozone/ozone/hadoop-ozone/integration-test/target/test-dir/MiniOzoneClusterImpl-31edb46a-ccfd-4ac6-802d-5dd746a085ff/datanode-1/data/ratis] (custom)
2024-01-18 21:14:00,126 [32a26d97-b348-45bd-baf8-7e50e45a1152-groupManagement] INFO  storage.RaftStorageDirectory (RaftStorageDirectoryImpl.java:analyzeStorage(138)) - The storage directory /home/runner/work/ozone/ozone/hadoop-ozone/integration-test/target/test-dir/MiniOzoneClusterImpl-31edb46a-ccfd-4ac6-802d-5dd746a085ff/datanode-1/data/ratis/2d92b0f5-b558-4201-b326-dff2d486f62c does not exist. Creating ...
2024-01-18 21:14:00,131 [32a26d97-b348-45bd-baf8-7e50e45a1152-groupManagement] INFO  storage.RaftStorageDirectory (RaftStorageDirectoryImpl.java:tryLock(228)) - Lock on /home/runner/work/ozone/ozone/hadoop-ozone/integration-test/target/test-dir/MiniOzoneClusterImpl-31edb46a-ccfd-4ac6-802d-5dd746a085ff/datanode-1/data/ratis/2d92b0f5-b558-4201-b326-dff2d486f62c/in_use.lock acquired by nodename 70315@fv-az776-647
2024-01-18 21:14:00,132 [32a26d97-b348-45bd-baf8-7e50e45a1152-groupManagement] INFO  storage.RaftStorage (RaftStorageImpl.java:format(99)) - Storage directory /home/runner/work/ozone/ozone/hadoop-ozone/integration-test/target/test-dir/MiniOzoneClusterImpl-31edb46a-ccfd-4ac6-802d-5dd746a085ff/datanode-1/data/ratis/2d92b0f5-b558-4201-b326-dff2d486f62c has been successfully formatted.
2024-01-18 21:14:00,133 [32a26d97-b348-45bd-baf8-7e50e45a1152-groupManagement] WARN  util.FileUtils (LogUtils.java:supplyAndLog(63)) - Failed to Files.newInputStream /home/runner/work/ozone/ozone/hadoop-ozone/integration-test/target/test-dir/MiniOzoneClusterImpl-31edb46a-ccfd-4ac6-802d-5dd746a085ff/datanode-1/data/ratis/2d92b0f5-b558-4201-b326-dff2d486f62c/current/raft-meta.conf with options []: java.nio.file.NoSuchFileException: /home/runner/work/ozone/ozone/hadoop-ozone/integration-test/target/test-dir/MiniOzoneClusterImpl-31edb46a-ccfd-4ac6-802d-5dd746a085ff/datanode-1/data/ratis/2d92b0f5-b558-4201-b326-dff2d486f62c/current/raft-meta.conf
2024-01-18 21:14:00,134 [32a26d97-b348-45bd-baf8-7e50e45a1152-groupManagement] INFO  ratis.ContainerStateMachine (ContainerStateMachine.java:loadSnapshot(287)) - group-DFF2D486F62C: The snapshot info is null. Setting the last applied index to:(t:0, i:~)
2024-01-18 21:14:00,134 [32a26d97-b348-45bd-baf8-7e50e45a1152-groupManagement] INFO  server.RaftServerConfigKeys (ConfUtils.java:logGet(46)) - raft.server.log.use.memory = false (default)
2024-01-18 21:14:00,135 [32a26d97-b348-45bd-baf8-7e50e45a1152-groupManagement] INFO  server.RaftServerConfigKeys (ConfUtils.java:logGet(46)) - raft.server.log.purge.gap = 1000000 (custom)
2024-01-18 21:14:00,136 [32a26d97-b348-45bd-baf8-7e50e45a1152-groupManagement] INFO  server.RaftServerConfigKeys (ConfUtils.java:logGet(46)) - raft.server.log.appender.buffer.byte-limit = 8388608 (custom)
2024-01-18 21:14:00,136 [32a26d97-b348-45bd-baf8-7e50e45a1152-groupManagement] INFO  server.RaftServerConfigKeys (ConfUtils.java:logGet(46)) - raft.server.log.statemachine.data.read.timeout = 1000ms (default)
2024-01-18 21:14:00,136 [32a26d97-b348-45bd-baf8-7e50e45a1152-groupManagement] INFO  server.RaftServerConfigKeys (ConfUtils.java:logGet(46)) - raft.server.log.purge.preservation.log.num = 0 (default)
2024-01-18 21:14:00,139 [32a26d97-b348-45bd-baf8-7e50e45a1152-groupManagement] INFO  server.RaftServerConfigKeys (ConfUtils.java:logGet(46)) - raft.server.log.segment.size.max = 67108864 (custom)
2024-01-18 21:14:00,139 [32a26d97-b348-45bd-baf8-7e50e45a1152-groupManagement] INFO  server.RaftServerConfigKeys (ConfUtils.java:logGet(46)) - raft.server.log.segment.cache.num.max = 2 (custom)
2024-01-18 21:14:00,139 [32a26d97-b348-45bd-baf8-7e50e45a1152-groupManagement] INFO  server.RaftServerConfigKeys (ConfUtils.java:logGet(46)) - raft.server.log.segment.cache.size.max = 200MB (=209715200) (default)
2024-01-18 21:14:00,140 [32a26d97-b348-45bd-baf8-7e50e45a1152-groupManagement] INFO  server.RaftServerConfigKeys (ConfUtils.java:logGet(46)) - raft.server.log.appender.buffer.byte-limit = 8388608 (custom)
2024-01-18 21:14:00,140 [32a26d97-b348-45bd-baf8-7e50e45a1152-groupManagement] INFO  util.AwaitToRun (AwaitToRun.java:start(81)) - Thread[32a26d97-b348-45bd-baf8-7e50e45a1152@group-DFF2D486F62C-cacheEviction-AwaitToRun,5,main] started
2024-01-18 21:14:00,140 [32a26d97-b348-45bd-baf8-7e50e45a1152-groupManagement] INFO  segmented.SegmentedRaftLogWorker (SegmentedRaftLogWorker.java:<init>(182)) - new 32a26d97-b348-45bd-baf8-7e50e45a1152@group-DFF2D486F62C-SegmentedRaftLogWorker for RaftStorageImpl:Storage Directory /home/runner/work/ozone/ozone/hadoop-ozone/integration-test/target/test-dir/MiniOzoneClusterImpl-31edb46a-ccfd-4ac6-802d-5dd746a085ff/datanode-1/data/ratis/2d92b0f5-b558-4201-b326-dff2d486f62c
2024-01-18 21:14:00,141 [32a26d97-b348-45bd-baf8-7e50e45a1152-groupManagement] INFO  server.RaftServerConfigKeys (ConfUtils.java:logGet(46)) - raft.server.log.queue.byte-limit = 4294967296 (custom)
2024-01-18 21:14:00,141 [32a26d97-b348-45bd-baf8-7e50e45a1152-groupManagement] INFO  server.RaftServerConfigKeys (ConfUtils.java:logGet(46)) - raft.server.log.queue.element-limit = 1024 (custom)
2024-01-18 21:14:00,141 [32a26d97-b348-45bd-baf8-7e50e45a1152-groupManagement] INFO  server.RaftServerConfigKeys (ConfUtils.java:logGet(46)) - raft.server.log.segment.size.max = 67108864 (custom)
2024-01-18 21:14:00,142 [32a26d97-b348-45bd-baf8-7e50e45a1152-groupManagement] INFO  server.RaftServerConfigKeys (ConfUtils.java:logGet(46)) - raft.server.log.preallocated.size = 4194304 (custom)
2024-01-18 21:14:00,142 [32a26d97-b348-45bd-baf8-7e50e45a1152-groupManagement] INFO  server.RaftServerConfigKeys (ConfUtils.java:logGet(46)) - raft.server.log.force.sync.num = 128 (default)
2024-01-18 21:14:00,142 [32a26d97-b348-45bd-baf8-7e50e45a1152-groupManagement] INFO  server.RaftServerConfigKeys (ConfUtils.java:logGet(46)) - raft.server.log.statemachine.data.sync = true (default)
2024-01-18 21:14:00,143 [32a26d97-b348-45bd-baf8-7e50e45a1152-groupManagement] INFO  server.RaftServerConfigKeys (ConfUtils.java:logGet(46)) - raft.server.log.statemachine.data.sync.timeout = 10s (default)
2024-01-18 21:14:00,143 [32a26d97-b348-45bd-baf8-7e50e45a1152-groupManagement] INFO  server.RaftServerConfigKeys (ConfUtils.java:logGet(46)) - raft.server.log.statemachine.data.sync.timeout.retry = 0 (custom)
2024-01-18 21:14:00,144 [32a26d97-b348-45bd-baf8-7e50e45a1152-groupManagement] INFO  server.RaftServerConfigKeys (ConfUtils.java:logGet(46)) - raft.server.log.write.buffer.size = 8388616 (custom)
2024-01-18 21:14:00,146 [32a26d97-b348-45bd-baf8-7e50e45a1152-groupManagement] INFO  server.RaftServerConfigKeys (ConfUtils.java:logGet(46)) - raft.server.log.appender.buffer.byte-limit = 8388608 (custom)
2024-01-18 21:14:00,146 [32a26d97-b348-45bd-baf8-7e50e45a1152-groupManagement] INFO  server.RaftServerConfigKeys (ConfUtils.java:logGet(46)) - raft.server.log.unsafe-flush.enabled = false (default)
2024-01-18 21:14:00,146 [32a26d97-b348-45bd-baf8-7e50e45a1152-groupManagement] INFO  server.RaftServerConfigKeys (ConfUtils.java:logGet(46)) - raft.server.log.async-flush.enabled = false (default)
2024-01-18 21:14:00,147 [32a26d97-b348-45bd-baf8-7e50e45a1152-groupManagement] INFO  server.RaftServerConfigKeys (ConfUtils.java:logGet(46)) - raft.server.log.statemachine.data.caching.enabled = true (custom)
2024-01-18 21:14:00,147 [32a26d97-b348-45bd-baf8-7e50e45a1152-groupManagement] INFO  segmented.SegmentedRaftLogWorker (SegmentedRaftLogWorker.java:lambda$new$0(134)) - 32a26d97-b348-45bd-baf8-7e50e45a1152@group-DFF2D486F62C-SegmentedRaftLogWorker: flushIndex: setUnconditionally 0 -> -1
2024-01-18 21:14:00,147 [32a26d97-b348-45bd-baf8-7e50e45a1152-groupManagement] INFO  segmented.SegmentedRaftLogWorker (SegmentedRaftLogWorker.java:lambda$new$0(134)) - 32a26d97-b348-45bd-baf8-7e50e45a1152@group-DFF2D486F62C-SegmentedRaftLogWorker: safeCacheEvictIndex: setUnconditionally 0 -> -1
2024-01-18 21:14:00,148 [32a26d97-b348-45bd-baf8-7e50e45a1152-groupManagement] INFO  server.RaftServer$Division (RaftServerImpl.java:start(396)) - 32a26d97-b348-45bd-baf8-7e50e45a1152@group-DFF2D486F62C: start as a follower, conf=-1: peers:[32a26d97-b348-45bd-baf8-7e50e45a1152|10.1.0.44:15112, 686b4373-3f6e-463e-bd5f-56c21a134faf|10.1.0.44:15121, a53a26a9-4fba-413e-b26a-f90ec9646c55|10.1.0.44:15103]|listeners:[], old=null
2024-01-18 21:14:00,148 [32a26d97-b348-45bd-baf8-7e50e45a1152-groupManagement] INFO  server.RaftServer$Division (RaftServerImpl.java:setRole(383)) - 32a26d97-b348-45bd-baf8-7e50e45a1152@group-DFF2D486F62C: changes role from      null to FOLLOWER at term 0 for startAsFollower
2024-01-18 21:14:00,148 [32a26d97-b348-45bd-baf8-7e50e45a1152-groupManagement] INFO  impl.RoleInfo (RoleInfo.java:updateAndGet(139)) - 32a26d97-b348-45bd-baf8-7e50e45a1152: start 32a26d97-b348-45bd-baf8-7e50e45a1152@group-DFF2D486F62C-FollowerState
2024-01-18 21:14:00,149 [32a26d97-b348-45bd-baf8-7e50e45a1152@group-DFF2D486F62C-FollowerState] INFO  server.RaftServerConfigKeys (ConfUtils.java:logFallback(53)) - raft.server.rpc.first-election.timeout.min = 5s (fallback to raft.server.rpc.timeout.min)
2024-01-18 21:14:00,149 [32a26d97-b348-45bd-baf8-7e50e45a1152@group-DFF2D486F62C-FollowerState] INFO  server.RaftServerConfigKeys (ConfUtils.java:logFallback(53)) - raft.server.rpc.first-election.timeout.max = 5200ms (fallback to raft.server.rpc.timeout.max)
2024-01-18 21:14:00,149 [32a26d97-b348-45bd-baf8-7e50e45a1152-groupManagement] INFO  util.JmxRegister (JmxRegister.java:tryRegister(44)) - Successfully registered JMX Bean with object name Ratis:service=RaftServer,group=group-DFF2D486F62C,id=32a26d97-b348-45bd-baf8-7e50e45a1152
2024-01-18 21:14:00,149 [32a26d97-b348-45bd-baf8-7e50e45a1152-PipelineCommandHandlerThread-0] INFO  server.RaftServer (RaftServerProxy.java:addNew(100)) - 32a26d97-b348-45bd-baf8-7e50e45a1152: addNew group-9C1FB521E04B:[32a26d97-b348-45bd-baf8-7e50e45a1152|10.1.0.44:15112] returns group-9C1FB521E04B:java.util.concurrent.CompletableFuture@5c8f64a0[Not completed]
2024-01-18 21:14:00,150 [32a26d97-b348-45bd-baf8-7e50e45a1152-groupManagement] INFO  server.RaftServerConfigKeys (ConfUtils.java:logGet(46)) - raft.server.snapshot.trigger-when-stop.enabled = true (default)
2024-01-18 21:14:00,150 [32a26d97-b348-45bd-baf8-7e50e45a1152-groupManagement] INFO  server.RaftServerConfigKeys (ConfUtils.java:logGet(46)) - raft.server.snapshot.auto.trigger.enabled = true (custom)
2024-01-18 21:14:00,150 [32a26d97-b348-45bd-baf8-7e50e45a1152-groupManagement] INFO  server.RaftServerConfigKeys (ConfUtils.java:logGet(46)) - raft.server.snapshot.auto.trigger.threshold = 10000 (custom)
2024-01-18 21:14:00,150 [32a26d97-b348-45bd-baf8-7e50e45a1152-groupManagement] INFO  server.RaftServerConfigKeys (ConfUtils.java:logGet(46)) - raft.server.snapshot.retention.file.num = 5 (custom)
2024-01-18 21:14:00,150 [32a26d97-b348-45bd-baf8-7e50e45a1152-groupManagement] INFO  server.RaftServerConfigKeys (ConfUtils.java:logGet(46)) - raft.server.log.purge.upto.snapshot.index = false (default)
2024-01-18 21:14:00,158 [a53a26a9-4fba-413e-b26a-f90ec9646c55-PipelineCommandHandlerThread-0] INFO  commandhandler.CreatePipelineCommandHandler (CreatePipelineCommandHandler.java:lambda$handle$2(124)) - Created Pipeline RATIS THREE PipelineID=2d92b0f5-b558-4201-b326-dff2d486f62c.
2024-01-18 21:14:00,158 [32a26d97-b348-45bd-baf8-7e50e45a1152-groupManagement] INFO  server.RaftServer$Division (RaftServerImpl.java:<init>(256)) - 32a26d97-b348-45bd-baf8-7e50e45a1152: new RaftServerImpl for group-9C1FB521E04B:[32a26d97-b348-45bd-baf8-7e50e45a1152|10.1.0.44:15112] with ContainerStateMachine:uninitialized
2024-01-18 21:14:00,158 [32a26d97-b348-45bd-baf8-7e50e45a1152-groupManagement] INFO  server.RaftServerConfigKeys (ConfUtils.java:logGet(46)) - raft.server.rpc.timeout.min = 5s (custom)
2024-01-18 21:14:00,158 [32a26d97-b348-45bd-baf8-7e50e45a1152-groupManagement] INFO  server.RaftServerConfigKeys (ConfUtils.java:logGet(46)) - raft.server.rpc.timeout.max = 5200ms (custom)
2024-01-18 21:14:00,158 [32a26d97-b348-45bd-baf8-7e50e45a1152-groupManagement] INFO  server.RaftServerConfigKeys (ConfUtils.java:logGet(46)) - raft.server.rpc.sleep.time = 25ms (default)
2024-01-18 21:14:00,158 [32a26d97-b348-45bd-baf8-7e50e45a1152-groupManagement] INFO  server.RaftServerConfigKeys (ConfUtils.java:logGet(46)) - raft.server.rpc.slowness.timeout = 300000ms (custom)
2024-01-18 21:14:00,159 [32a26d97-b348-45bd-baf8-7e50e45a1152-groupManagement] INFO  server.RaftServerConfigKeys (ConfUtils.java:logGet(46)) - raft.server.leaderelection.leader.step-down.wait-time = 10s (default)
2024-01-18 21:14:00,159 [32a26d97-b348-45bd-baf8-7e50e45a1152-groupManagement] INFO  server.RaftServerConfigKeys (ConfUtils.java:logGet(46)) - raft.server.leaderelection.member.majority-add = false (default)
2024-01-18 21:14:00,159 [32a26d97-b348-45bd-baf8-7e50e45a1152-groupManagement] INFO  server.RaftServerConfigKeys (ConfUtils.java:logGet(46)) - raft.server.sleep.deviation.threshold = 300ms (default)
2024-01-18 21:14:00,159 [32a26d97-b348-45bd-baf8-7e50e45a1152-groupManagement] INFO  server.RaftServer$Division (ServerState.java:<init>(113)) - 32a26d97-b348-45bd-baf8-7e50e45a1152@group-9C1FB521E04B: ConfigurationManager, init=-1: peers:[32a26d97-b348-45bd-baf8-7e50e45a1152|10.1.0.44:15112]|listeners:[], old=null, confs=<EMPTY_MAP>
2024-01-18 21:14:00,159 [32a26d97-b348-45bd-baf8-7e50e45a1152-groupManagement] INFO  server.RaftServerConfigKeys (ConfUtils.java:logGet(46)) - raft.server.notification.no-leader.timeout = 300000ms (custom)
2024-01-18 21:14:00,159 [32a26d97-b348-45bd-baf8-7e50e45a1152-groupManagement] INFO  server.RaftServerConfigKeys (ConfUtils.java:logGet(46)) - raft.server.read.timeout = 10s (default)
2024-01-18 21:14:00,159 [32a26d97-b348-45bd-baf8-7e50e45a1152-groupManagement] INFO  server.RaftServerConfigKeys (ConfUtils.java:logGet(46)) - raft.server.retrycache.expirytime = 600000ms (custom)
2024-01-18 21:14:00,159 [32a26d97-b348-45bd-baf8-7e50e45a1152-groupManagement] INFO  server.RaftServerConfigKeys (ConfUtils.java:logGet(46)) - raft.server.retrycache.statistics.expirytime = 100ms (default)
2024-01-18 21:14:00,159 [32a26d97-b348-45bd-baf8-7e50e45a1152-groupManagement] INFO  server.RaftServerConfigKeys (ConfUtils.java:logGet(46)) - raft.server.read.option = DEFAULT (default)
2024-01-18 21:14:00,159 [32a26d97-b348-45bd-baf8-7e50e45a1152-groupManagement] INFO  server.RaftServerConfigKeys (ConfUtils.java:logGet(46)) - raft.server.read.read-after-write-consistent.write-index-cache.expiry-time = 60s (default)
2024-01-18 21:14:00,162 [32a26d97-b348-45bd-baf8-7e50e45a1152-groupManagement] INFO  server.RaftServerConfigKeys (ConfUtils.java:logGet(46)) - raft.server.rpc.request.timeout = 3000ms (default)
2024-01-18 21:14:00,162 [32a26d97-b348-45bd-baf8-7e50e45a1152-groupManagement] INFO  server.RaftServerConfigKeys (ConfUtils.java:logGet(46)) - raft.server.log.appender.install.snapshot.enabled = false (custom)
2024-01-18 21:14:00,162 [32a26d97-b348-45bd-baf8-7e50e45a1152-groupManagement] INFO  server.RaftServerConfigKeys (ConfUtils.java:logGet(46)) - raft.server.threadpool.server.cached = true (default)
2024-01-18 21:14:00,162 [32a26d97-b348-45bd-baf8-7e50e45a1152-groupManagement] INFO  server.RaftServerConfigKeys (ConfUtils.java:logGet(46)) - raft.server.threadpool.server.size = 0 (default)
2024-01-18 21:14:00,162 [32a26d97-b348-45bd-baf8-7e50e45a1152-groupManagement] INFO  server.RaftServerConfigKeys (ConfUtils.java:logGet(46)) - raft.server.threadpool.client.cached = true (default)
2024-01-18 21:14:00,162 [32a26d97-b348-45bd-baf8-7e50e45a1152-groupManagement] INFO  server.RaftServerConfigKeys (ConfUtils.java:logGet(46)) - raft.server.threadpool.client.size = 0 (default)
2024-01-18 21:14:00,162 [32a26d97-b348-45bd-baf8-7e50e45a1152-groupManagement] INFO  server.RaftServerConfigKeys (ConfUtils.java:logGet(46)) - raft.server.storage.free-space.min = 0MB (=0) (default)
2024-01-18 21:14:00,162 [32a26d97-b348-45bd-baf8-7e50e45a1152-groupManagement] INFO  server.RaftServerConfigKeys (ConfUtils.java:logGet(46)) - raft.server.log.corruption.policy = EXCEPTION (default)
2024-01-18 21:14:00,162 [32a26d97-b348-45bd-baf8-7e50e45a1152-groupManagement] INFO  server.RaftServerConfigKeys (ConfUtils.java:logGet(46)) - raft.server.storage.dir = [/home/runner/work/ozone/ozone/hadoop-ozone/integration-test/target/test-dir/MiniOzoneClusterImpl-31edb46a-ccfd-4ac6-802d-5dd746a085ff/datanode-1/data/ratis] (custom)
2024-01-18 21:14:00,163 [32a26d97-b348-45bd-baf8-7e50e45a1152-groupManagement] INFO  storage.RaftStorageDirectory (RaftStorageDirectoryImpl.java:analyzeStorage(138)) - The storage directory /home/runner/work/ozone/ozone/hadoop-ozone/integration-test/target/test-dir/MiniOzoneClusterImpl-31edb46a-ccfd-4ac6-802d-5dd746a085ff/datanode-1/data/ratis/0af84123-911b-4927-b612-9c1fb521e04b does not exist. Creating ...
2024-01-18 21:14:00,163 [32a26d97-b348-45bd-baf8-7e50e45a1152-groupManagement] INFO  storage.RaftStorageDirectory (RaftStorageDirectoryImpl.java:tryLock(228)) - Lock on /home/runner/work/ozone/ozone/hadoop-ozone/integration-test/target/test-dir/MiniOzoneClusterImpl-31edb46a-ccfd-4ac6-802d-5dd746a085ff/datanode-1/data/ratis/0af84123-911b-4927-b612-9c1fb521e04b/in_use.lock acquired by nodename 70315@fv-az776-647
2024-01-18 21:14:00,164 [32a26d97-b348-45bd-baf8-7e50e45a1152-groupManagement] INFO  storage.RaftStorage (RaftStorageImpl.java:format(99)) - Storage directory /home/runner/work/ozone/ozone/hadoop-ozone/integration-test/target/test-dir/MiniOzoneClusterImpl-31edb46a-ccfd-4ac6-802d-5dd746a085ff/datanode-1/data/ratis/0af84123-911b-4927-b612-9c1fb521e04b has been successfully formatted.
2024-01-18 21:14:00,164 [32a26d97-b348-45bd-baf8-7e50e45a1152-groupManagement] WARN  util.FileUtils (LogUtils.java:supplyAndLog(63)) - Failed to Files.newInputStream /home/runner/work/ozone/ozone/hadoop-ozone/integration-test/target/test-dir/MiniOzoneClusterImpl-31edb46a-ccfd-4ac6-802d-5dd746a085ff/datanode-1/data/ratis/0af84123-911b-4927-b612-9c1fb521e04b/current/raft-meta.conf with options []: java.nio.file.NoSuchFileException: /home/runner/work/ozone/ozone/hadoop-ozone/integration-test/target/test-dir/MiniOzoneClusterImpl-31edb46a-ccfd-4ac6-802d-5dd746a085ff/datanode-1/data/ratis/0af84123-911b-4927-b612-9c1fb521e04b/current/raft-meta.conf
2024-01-18 21:14:00,165 [32a26d97-b348-45bd-baf8-7e50e45a1152-groupManagement] INFO  ratis.ContainerStateMachine (ContainerStateMachine.java:loadSnapshot(287)) - group-9C1FB521E04B: The snapshot info is null. Setting the last applied index to:(t:0, i:~)
2024-01-18 21:14:00,165 [32a26d97-b348-45bd-baf8-7e50e45a1152-groupManagement] INFO  server.RaftServerConfigKeys (ConfUtils.java:logGet(46)) - raft.server.log.use.memory = false (default)
2024-01-18 21:14:00,166 [32a26d97-b348-45bd-baf8-7e50e45a1152-groupManagement] INFO  server.RaftServerConfigKeys (ConfUtils.java:logGet(46)) - raft.server.log.purge.gap = 1000000 (custom)
2024-01-18 21:14:00,166 [EventQueue-PipelineReportForPipelineReportHandler] INFO  pipeline.PipelineReportHandler (PipelineReportHandler.java:processPipelineReport(136)) - Opened pipeline PipelineID=0af84123-911b-4927-b612-9c1fb521e04b
2024-01-18 21:14:00,166 [32a26d97-b348-45bd-baf8-7e50e45a1152-groupManagement] INFO  server.RaftServerConfigKeys (ConfUtils.java:logGet(46)) - raft.server.log.appender.buffer.byte-limit = 8388608 (custom)
2024-01-18 21:14:00,166 [EventQueue-OpenPipelineForHealthyPipelineSafeModeRule] INFO  safemode.SCMSafeModeManager (HealthyPipelineSafeModeRule.java:process(140)) - SCM in safe mode. Healthy pipelines reported count is 0, required healthy pipeline reported count is 1
2024-01-18 21:14:00,167 [32a26d97-b348-45bd-baf8-7e50e45a1152-groupManagement] INFO  server.RaftServerConfigKeys (ConfUtils.java:logGet(46)) - raft.server.log.statemachine.data.read.timeout = 1000ms (default)
2024-01-18 21:14:00,167 [32a26d97-b348-45bd-baf8-7e50e45a1152-groupManagement] INFO  server.RaftServerConfigKeys (ConfUtils.java:logGet(46)) - raft.server.log.purge.preservation.log.num = 0 (default)
2024-01-18 21:14:00,168 [32a26d97-b348-45bd-baf8-7e50e45a1152-groupManagement] INFO  server.RaftServerConfigKeys (ConfUtils.java:logGet(46)) - raft.server.log.segment.size.max = 67108864 (custom)
2024-01-18 21:14:00,169 [32a26d97-b348-45bd-baf8-7e50e45a1152-groupManagement] INFO  server.RaftServerConfigKeys (ConfUtils.java:logGet(46)) - raft.server.log.segment.cache.num.max = 2 (custom)
2024-01-18 21:14:00,169 [32a26d97-b348-45bd-baf8-7e50e45a1152-groupManagement] INFO  server.RaftServerConfigKeys (ConfUtils.java:logGet(46)) - raft.server.log.segment.cache.size.max = 200MB (=209715200) (default)
2024-01-18 21:14:00,169 [32a26d97-b348-45bd-baf8-7e50e45a1152-groupManagement] INFO  server.RaftServerConfigKeys (ConfUtils.java:logGet(46)) - raft.server.log.appender.buffer.byte-limit = 8388608 (custom)
2024-01-18 21:14:00,171 [32a26d97-b348-45bd-baf8-7e50e45a1152-groupManagement] INFO  util.AwaitToRun (AwaitToRun.java:start(81)) - Thread[32a26d97-b348-45bd-baf8-7e50e45a1152@group-9C1FB521E04B-cacheEviction-AwaitToRun,5,main] started
2024-01-18 21:14:00,171 [32a26d97-b348-45bd-baf8-7e50e45a1152-groupManagement] INFO  segmented.SegmentedRaftLogWorker (SegmentedRaftLogWorker.java:<init>(182)) - new 32a26d97-b348-45bd-baf8-7e50e45a1152@group-9C1FB521E04B-SegmentedRaftLogWorker for RaftStorageImpl:Storage Directory /home/runner/work/ozone/ozone/hadoop-ozone/integration-test/target/test-dir/MiniOzoneClusterImpl-31edb46a-ccfd-4ac6-802d-5dd746a085ff/datanode-1/data/ratis/0af84123-911b-4927-b612-9c1fb521e04b
2024-01-18 21:14:00,172 [32a26d97-b348-45bd-baf8-7e50e45a1152-groupManagement] INFO  server.RaftServerConfigKeys (ConfUtils.java:logGet(46)) - raft.server.log.queue.byte-limit = 4294967296 (custom)
2024-01-18 21:14:00,172 [32a26d97-b348-45bd-baf8-7e50e45a1152-groupManagement] INFO  server.RaftServerConfigKeys (ConfUtils.java:logGet(46)) - raft.server.log.queue.element-limit = 1024 (custom)
2024-01-18 21:14:00,172 [32a26d97-b348-45bd-baf8-7e50e45a1152-groupManagement] INFO  server.RaftServerConfigKeys (ConfUtils.java:logGet(46)) - raft.server.log.segment.size.max = 67108864 (custom)
2024-01-18 21:14:00,172 [32a26d97-b348-45bd-baf8-7e50e45a1152-groupManagement] INFO  server.RaftServerConfigKeys (ConfUtils.java:logGet(46)) - raft.server.log.preallocated.size = 4194304 (custom)
2024-01-18 21:14:00,172 [32a26d97-b348-45bd-baf8-7e50e45a1152-groupManagement] INFO  server.RaftServerConfigKeys (ConfUtils.java:logGet(46)) - raft.server.log.force.sync.num = 128 (default)
2024-01-18 21:14:00,172 [32a26d97-b348-45bd-baf8-7e50e45a1152-groupManagement] INFO  server.RaftServerConfigKeys (ConfUtils.java:logGet(46)) - raft.server.log.statemachine.data.sync = true (default)
2024-01-18 21:14:00,172 [32a26d97-b348-45bd-baf8-7e50e45a1152-groupManagement] INFO  server.RaftServerConfigKeys (ConfUtils.java:logGet(46)) - raft.server.log.statemachine.data.sync.timeout = 10s (default)
2024-01-18 21:14:00,172 [32a26d97-b348-45bd-baf8-7e50e45a1152-groupManagement] INFO  server.RaftServerConfigKeys (ConfUtils.java:logGet(46)) - raft.server.log.statemachine.data.sync.timeout.retry = 0 (custom)
2024-01-18 21:14:00,172 [32a26d97-b348-45bd-baf8-7e50e45a1152-groupManagement] INFO  server.RaftServerConfigKeys (ConfUtils.java:logGet(46)) - raft.server.log.write.buffer.size = 8388616 (custom)
2024-01-18 21:14:00,174 [32a26d97-b348-45bd-baf8-7e50e45a1152-groupManagement] INFO  server.RaftServerConfigKeys (ConfUtils.java:logGet(46)) - raft.server.log.appender.buffer.byte-limit = 8388608 (custom)
2024-01-18 21:14:00,174 [32a26d97-b348-45bd-baf8-7e50e45a1152-groupManagement] INFO  server.RaftServerConfigKeys (ConfUtils.java:logGet(46)) - raft.server.log.unsafe-flush.enabled = false (default)
2024-01-18 21:14:00,175 [32a26d97-b348-45bd-baf8-7e50e45a1152-groupManagement] INFO  server.RaftServerConfigKeys (ConfUtils.java:logGet(46)) - raft.server.log.async-flush.enabled = false (default)
2024-01-18 21:14:00,175 [32a26d97-b348-45bd-baf8-7e50e45a1152-groupManagement] INFO  server.RaftServerConfigKeys (ConfUtils.java:logGet(46)) - raft.server.log.statemachine.data.caching.enabled = true (custom)
2024-01-18 21:14:00,175 [32a26d97-b348-45bd-baf8-7e50e45a1152-groupManagement] INFO  segmented.SegmentedRaftLogWorker (SegmentedRaftLogWorker.java:lambda$new$0(134)) - 32a26d97-b348-45bd-baf8-7e50e45a1152@group-9C1FB521E04B-SegmentedRaftLogWorker: flushIndex: setUnconditionally 0 -> -1
2024-01-18 21:14:00,175 [32a26d97-b348-45bd-baf8-7e50e45a1152-groupManagement] INFO  segmented.SegmentedRaftLogWorker (SegmentedRaftLogWorker.java:lambda$new$0(134)) - 32a26d97-b348-45bd-baf8-7e50e45a1152@group-9C1FB521E04B-SegmentedRaftLogWorker: safeCacheEvictIndex: setUnconditionally 0 -> -1
2024-01-18 21:14:00,175 [32a26d97-b348-45bd-baf8-7e50e45a1152-groupManagement] INFO  server.RaftServer$Division (RaftServerImpl.java:start(396)) - 32a26d97-b348-45bd-baf8-7e50e45a1152@group-9C1FB521E04B: start as a follower, conf=-1: peers:[32a26d97-b348-45bd-baf8-7e50e45a1152|10.1.0.44:15112]|listeners:[], old=null
2024-01-18 21:14:00,175 [32a26d97-b348-45bd-baf8-7e50e45a1152-groupManagement] INFO  server.RaftServer$Division (RaftServerImpl.java:setRole(383)) - 32a26d97-b348-45bd-baf8-7e50e45a1152@group-9C1FB521E04B: changes role from      null to FOLLOWER at term 0 for startAsFollower
2024-01-18 21:14:00,176 [32a26d97-b348-45bd-baf8-7e50e45a1152-groupManagement] INFO  impl.RoleInfo (RoleInfo.java:updateAndGet(139)) - 32a26d97-b348-45bd-baf8-7e50e45a1152: start 32a26d97-b348-45bd-baf8-7e50e45a1152@group-9C1FB521E04B-FollowerState
2024-01-18 21:14:00,177 [32a26d97-b348-45bd-baf8-7e50e45a1152-groupManagement] INFO  util.JmxRegister (JmxRegister.java:tryRegister(44)) - Successfully registered JMX Bean with object name Ratis:service=RaftServer,group=group-9C1FB521E04B,id=32a26d97-b348-45bd-baf8-7e50e45a1152
2024-01-18 21:14:00,177 [32a26d97-b348-45bd-baf8-7e50e45a1152-groupManagement] INFO  server.RaftServerConfigKeys (ConfUtils.java:logGet(46)) - raft.server.snapshot.trigger-when-stop.enabled = true (default)
2024-01-18 21:14:00,178 [32a26d97-b348-45bd-baf8-7e50e45a1152-groupManagement] INFO  server.RaftServerConfigKeys (ConfUtils.java:logGet(46)) - raft.server.snapshot.auto.trigger.enabled = true (custom)
2024-01-18 21:14:00,178 [32a26d97-b348-45bd-baf8-7e50e45a1152-groupManagement] INFO  server.RaftServerConfigKeys (ConfUtils.java:logGet(46)) - raft.server.snapshot.auto.trigger.threshold = 10000 (custom)
2024-01-18 21:14:00,178 [32a26d97-b348-45bd-baf8-7e50e45a1152-groupManagement] INFO  server.RaftServerConfigKeys (ConfUtils.java:logGet(46)) - raft.server.snapshot.retention.file.num = 5 (custom)
2024-01-18 21:14:00,178 [32a26d97-b348-45bd-baf8-7e50e45a1152-groupManagement] INFO  server.RaftServerConfigKeys (ConfUtils.java:logGet(46)) - raft.server.log.purge.upto.snapshot.index = false (default)
2024-01-18 21:14:00,178 [32a26d97-b348-45bd-baf8-7e50e45a1152@group-9C1FB521E04B-FollowerState] INFO  server.RaftServerConfigKeys (ConfUtils.java:logFallback(53)) - raft.server.rpc.first-election.timeout.min = 5s (fallback to raft.server.rpc.timeout.min)
2024-01-18 21:14:00,178 [32a26d97-b348-45bd-baf8-7e50e45a1152@group-9C1FB521E04B-FollowerState] INFO  server.RaftServerConfigKeys (ConfUtils.java:logFallback(53)) - raft.server.rpc.first-election.timeout.max = 5200ms (fallback to raft.server.rpc.timeout.max)
2024-01-18 21:14:00,179 [32a26d97-b348-45bd-baf8-7e50e45a1152-PipelineCommandHandlerThread-0] INFO  ratis.XceiverServerRatis (XceiverServerRatis.java:addGroup(842)) - Created group PipelineID=0af84123-911b-4927-b612-9c1fb521e04b
2024-01-18 21:14:00,179 [32a26d97-b348-45bd-baf8-7e50e45a1152-PipelineCommandHandlerThread-0] INFO  commandhandler.CreatePipelineCommandHandler (CreatePipelineCommandHandler.java:lambda$handle$2(124)) - Created Pipeline RATIS ONE PipelineID=0af84123-911b-4927-b612-9c1fb521e04b.
2024-01-18 21:14:00,273 [686b4373-3f6e-463e-bd5f-56c21a134faf-PipelineCommandHandlerThread-0] INFO  server.RaftServer (RaftServerProxy.java:addNew(100)) - 686b4373-3f6e-463e-bd5f-56c21a134faf: addNew group-87F37CF8AE9F:[686b4373-3f6e-463e-bd5f-56c21a134faf|10.1.0.44:15121] returns group-87F37CF8AE9F:java.util.concurrent.CompletableFuture@23a17164[Not completed]
2024-01-18 21:14:00,274 [686b4373-3f6e-463e-bd5f-56c21a134faf-groupManagement] INFO  server.RaftServer$Division (RaftServerImpl.java:<init>(256)) - 686b4373-3f6e-463e-bd5f-56c21a134faf: new RaftServerImpl for group-87F37CF8AE9F:[686b4373-3f6e-463e-bd5f-56c21a134faf|10.1.0.44:15121] with ContainerStateMachine:uninitialized
2024-01-18 21:14:00,274 [686b4373-3f6e-463e-bd5f-56c21a134faf-groupManagement] INFO  server.RaftServerConfigKeys (ConfUtils.java:logGet(46)) - raft.server.rpc.timeout.min = 5s (custom)
2024-01-18 21:14:00,274 [686b4373-3f6e-463e-bd5f-56c21a134faf-groupManagement] INFO  server.RaftServerConfigKeys (ConfUtils.java:logGet(46)) - raft.server.rpc.timeout.max = 5200ms (custom)
2024-01-18 21:14:00,274 [686b4373-3f6e-463e-bd5f-56c21a134faf-groupManagement] INFO  server.RaftServerConfigKeys (ConfUtils.java:logGet(46)) - raft.server.rpc.sleep.time = 25ms (default)
2024-01-18 21:14:00,274 [686b4373-3f6e-463e-bd5f-56c21a134faf-groupManagement] INFO  server.RaftServerConfigKeys (ConfUtils.java:logGet(46)) - raft.server.rpc.slowness.timeout = 300000ms (custom)
2024-01-18 21:14:00,274 [686b4373-3f6e-463e-bd5f-56c21a134faf-groupManagement] INFO  server.RaftServerConfigKeys (ConfUtils.java:logGet(46)) - raft.server.leaderelection.leader.step-down.wait-time = 10s (default)
2024-01-18 21:14:00,274 [686b4373-3f6e-463e-bd5f-56c21a134faf-groupManagement] INFO  server.RaftServerConfigKeys (ConfUtils.java:logGet(46)) - raft.server.leaderelection.member.majority-add = false (default)
2024-01-18 21:14:00,274 [686b4373-3f6e-463e-bd5f-56c21a134faf-groupManagement] INFO  server.RaftServerConfigKeys (ConfUtils.java:logGet(46)) - raft.server.sleep.deviation.threshold = 300ms (default)
2024-01-18 21:14:00,274 [686b4373-3f6e-463e-bd5f-56c21a134faf-groupManagement] INFO  server.RaftServer$Division (ServerState.java:<init>(113)) - 686b4373-3f6e-463e-bd5f-56c21a134faf@group-87F37CF8AE9F: ConfigurationManager, init=-1: peers:[686b4373-3f6e-463e-bd5f-56c21a134faf|10.1.0.44:15121]|listeners:[], old=null, confs=<EMPTY_MAP>
2024-01-18 21:14:00,274 [686b4373-3f6e-463e-bd5f-56c21a134faf-groupManagement] INFO  server.RaftServerConfigKeys (ConfUtils.java:logGet(46)) - raft.server.notification.no-leader.timeout = 300000ms (custom)
2024-01-18 21:14:00,274 [686b4373-3f6e-463e-bd5f-56c21a134faf-groupManagement] INFO  server.RaftServerConfigKeys (ConfUtils.java:logGet(46)) - raft.server.read.timeout = 10s (default)
2024-01-18 21:14:00,274 [686b4373-3f6e-463e-bd5f-56c21a134faf-groupManagement] INFO  server.RaftServerConfigKeys (ConfUtils.java:logGet(46)) - raft.server.retrycache.expirytime = 600000ms (custom)
2024-01-18 21:14:00,275 [686b4373-3f6e-463e-bd5f-56c21a134faf-groupManagement] INFO  server.RaftServerConfigKeys (ConfUtils.java:logGet(46)) - raft.server.retrycache.statistics.expirytime = 100ms (default)
2024-01-18 21:14:00,275 [686b4373-3f6e-463e-bd5f-56c21a134faf-groupManagement] INFO  server.RaftServerConfigKeys (ConfUtils.java:logGet(46)) - raft.server.read.option = DEFAULT (default)
2024-01-18 21:14:00,275 [686b4373-3f6e-463e-bd5f-56c21a134faf-groupManagement] INFO  server.RaftServerConfigKeys (ConfUtils.java:logGet(46)) - raft.server.read.read-after-write-consistent.write-index-cache.expiry-time = 60s (default)
2024-01-18 21:14:00,278 [686b4373-3f6e-463e-bd5f-56c21a134faf-groupManagement] INFO  server.RaftServerConfigKeys (ConfUtils.java:logGet(46)) - raft.server.rpc.request.timeout = 3000ms (default)
2024-01-18 21:14:00,278 [686b4373-3f6e-463e-bd5f-56c21a134faf-groupManagement] INFO  server.RaftServerConfigKeys (ConfUtils.java:logGet(46)) - raft.server.log.appender.install.snapshot.enabled = false (custom)
2024-01-18 21:14:00,278 [686b4373-3f6e-463e-bd5f-56c21a134faf-groupManagement] INFO  server.RaftServerConfigKeys (ConfUtils.java:logGet(46)) - raft.server.threadpool.server.cached = true (default)
2024-01-18 21:14:00,278 [686b4373-3f6e-463e-bd5f-56c21a134faf-groupManagement] INFO  server.RaftServerConfigKeys (ConfUtils.java:logGet(46)) - raft.server.threadpool.server.size = 0 (default)
2024-01-18 21:14:00,278 [686b4373-3f6e-463e-bd5f-56c21a134faf-groupManagement] INFO  server.RaftServerConfigKeys (ConfUtils.java:logGet(46)) - raft.server.threadpool.client.cached = true (default)
2024-01-18 21:14:00,278 [686b4373-3f6e-463e-bd5f-56c21a134faf-groupManagement] INFO  server.RaftServerConfigKeys (ConfUtils.java:logGet(46)) - raft.server.threadpool.client.size = 0 (default)
2024-01-18 21:14:00,278 [686b4373-3f6e-463e-bd5f-56c21a134faf-groupManagement] INFO  server.RaftServerConfigKeys (ConfUtils.java:logGet(46)) - raft.server.storage.free-space.min = 0MB (=0) (default)
2024-01-18 21:14:00,278 [686b4373-3f6e-463e-bd5f-56c21a134faf-groupManagement] INFO  server.RaftServerConfigKeys (ConfUtils.java:logGet(46)) - raft.server.log.corruption.policy = EXCEPTION (default)
2024-01-18 21:14:00,278 [686b4373-3f6e-463e-bd5f-56c21a134faf-groupManagement] INFO  server.RaftServerConfigKeys (ConfUtils.java:logGet(46)) - raft.server.storage.dir = [/home/runner/work/ozone/ozone/hadoop-ozone/integration-test/target/test-dir/MiniOzoneClusterImpl-31edb46a-ccfd-4ac6-802d-5dd746a085ff/datanode-2/data/ratis] (custom)
2024-01-18 21:14:00,279 [686b4373-3f6e-463e-bd5f-56c21a134faf-groupManagement] INFO  storage.RaftStorageDirectory (RaftStorageDirectoryImpl.java:analyzeStorage(138)) - The storage directory /home/runner/work/ozone/ozone/hadoop-ozone/integration-test/target/test-dir/MiniOzoneClusterImpl-31edb46a-ccfd-4ac6-802d-5dd746a085ff/datanode-2/data/ratis/df38c558-01f9-429f-8cdf-87f37cf8ae9f does not exist. Creating ...
2024-01-18 21:14:00,280 [686b4373-3f6e-463e-bd5f-56c21a134faf-groupManagement] INFO  storage.RaftStorageDirectory (RaftStorageDirectoryImpl.java:tryLock(228)) - Lock on /home/runner/work/ozone/ozone/hadoop-ozone/integration-test/target/test-dir/MiniOzoneClusterImpl-31edb46a-ccfd-4ac6-802d-5dd746a085ff/datanode-2/data/ratis/df38c558-01f9-429f-8cdf-87f37cf8ae9f/in_use.lock acquired by nodename 70315@fv-az776-647
2024-01-18 21:14:00,281 [686b4373-3f6e-463e-bd5f-56c21a134faf-groupManagement] INFO  storage.RaftStorage (RaftStorageImpl.java:format(99)) - Storage directory /home/runner/work/ozone/ozone/hadoop-ozone/integration-test/target/test-dir/MiniOzoneClusterImpl-31edb46a-ccfd-4ac6-802d-5dd746a085ff/datanode-2/data/ratis/df38c558-01f9-429f-8cdf-87f37cf8ae9f has been successfully formatted.
2024-01-18 21:14:00,281 [686b4373-3f6e-463e-bd5f-56c21a134faf-groupManagement] WARN  util.FileUtils (LogUtils.java:supplyAndLog(63)) - Failed to Files.newInputStream /home/runner/work/ozone/ozone/hadoop-ozone/integration-test/target/test-dir/MiniOzoneClusterImpl-31edb46a-ccfd-4ac6-802d-5dd746a085ff/datanode-2/data/ratis/df38c558-01f9-429f-8cdf-87f37cf8ae9f/current/raft-meta.conf with options []: java.nio.file.NoSuchFileException: /home/runner/work/ozone/ozone/hadoop-ozone/integration-test/target/test-dir/MiniOzoneClusterImpl-31edb46a-ccfd-4ac6-802d-5dd746a085ff/datanode-2/data/ratis/df38c558-01f9-429f-8cdf-87f37cf8ae9f/current/raft-meta.conf
2024-01-18 21:14:00,282 [686b4373-3f6e-463e-bd5f-56c21a134faf-groupManagement] INFO  ratis.ContainerStateMachine (ContainerStateMachine.java:loadSnapshot(287)) - group-87F37CF8AE9F: The snapshot info is null. Setting the last applied index to:(t:0, i:~)
2024-01-18 21:14:00,282 [686b4373-3f6e-463e-bd5f-56c21a134faf-groupManagement] INFO  server.RaftServerConfigKeys (ConfUtils.java:logGet(46)) - raft.server.log.use.memory = false (default)
2024-01-18 21:14:00,282 [686b4373-3f6e-463e-bd5f-56c21a134faf-groupManagement] INFO  server.RaftServerConfigKeys (ConfUtils.java:logGet(46)) - raft.server.log.purge.gap = 1000000 (custom)
2024-01-18 21:14:00,282 [686b4373-3f6e-463e-bd5f-56c21a134faf-groupManagement] INFO  server.RaftServerConfigKeys (ConfUtils.java:logGet(46)) - raft.server.log.appender.buffer.byte-limit = 8388608 (custom)
2024-01-18 21:14:00,282 [686b4373-3f6e-463e-bd5f-56c21a134faf-groupManagement] INFO  server.RaftServerConfigKeys (ConfUtils.java:logGet(46)) - raft.server.log.statemachine.data.read.timeout = 1000ms (default)
2024-01-18 21:14:00,282 [686b4373-3f6e-463e-bd5f-56c21a134faf-groupManagement] INFO  server.RaftServerConfigKeys (ConfUtils.java:logGet(46)) - raft.server.log.purge.preservation.log.num = 0 (default)
2024-01-18 21:14:00,283 [EventQueue-PipelineReportForPipelineReportHandler] INFO  pipeline.PipelineReportHandler (PipelineReportHandler.java:processPipelineReport(136)) - Opened pipeline PipelineID=df38c558-01f9-429f-8cdf-87f37cf8ae9f
2024-01-18 21:14:00,283 [EventQueue-OpenPipelineForHealthyPipelineSafeModeRule] INFO  safemode.SCMSafeModeManager (HealthyPipelineSafeModeRule.java:process(140)) - SCM in safe mode. Healthy pipelines reported count is 0, required healthy pipeline reported count is 1
2024-01-18 21:14:00,284 [686b4373-3f6e-463e-bd5f-56c21a134faf-groupManagement] INFO  server.RaftServerConfigKeys (ConfUtils.java:logGet(46)) - raft.server.log.segment.size.max = 67108864 (custom)
2024-01-18 21:14:00,284 [686b4373-3f6e-463e-bd5f-56c21a134faf-groupManagement] INFO  server.RaftServerConfigKeys (ConfUtils.java:logGet(46)) - raft.server.log.segment.cache.num.max = 2 (custom)
2024-01-18 21:14:00,284 [686b4373-3f6e-463e-bd5f-56c21a134faf-groupManagement] INFO  server.RaftServerConfigKeys (ConfUtils.java:logGet(46)) - raft.server.log.segment.cache.size.max = 200MB (=209715200) (default)
2024-01-18 21:14:00,284 [686b4373-3f6e-463e-bd5f-56c21a134faf-groupManagement] INFO  server.RaftServerConfigKeys (ConfUtils.java:logGet(46)) - raft.server.log.appender.buffer.byte-limit = 8388608 (custom)
2024-01-18 21:14:00,284 [686b4373-3f6e-463e-bd5f-56c21a134faf-groupManagement] INFO  util.AwaitToRun (AwaitToRun.java:start(81)) - Thread[686b4373-3f6e-463e-bd5f-56c21a134faf@group-87F37CF8AE9F-cacheEviction-AwaitToRun,5,main] started
2024-01-18 21:14:00,284 [686b4373-3f6e-463e-bd5f-56c21a134faf-groupManagement] INFO  segmented.SegmentedRaftLogWorker (SegmentedRaftLogWorker.java:<init>(182)) - new 686b4373-3f6e-463e-bd5f-56c21a134faf@group-87F37CF8AE9F-SegmentedRaftLogWorker for RaftStorageImpl:Storage Directory /home/runner/work/ozone/ozone/hadoop-ozone/integration-test/target/test-dir/MiniOzoneClusterImpl-31edb46a-ccfd-4ac6-802d-5dd746a085ff/datanode-2/data/ratis/df38c558-01f9-429f-8cdf-87f37cf8ae9f
2024-01-18 21:14:00,284 [686b4373-3f6e-463e-bd5f-56c21a134faf-groupManagement] INFO  server.RaftServerConfigKeys (ConfUtils.java:logGet(46)) - raft.server.log.queue.byte-limit = 4294967296 (custom)
2024-01-18 21:14:00,285 [686b4373-3f6e-463e-bd5f-56c21a134faf-groupManagement] INFO  server.RaftServerConfigKeys (ConfUtils.java:logGet(46)) - raft.server.log.queue.element-limit = 1024 (custom)
2024-01-18 21:14:00,285 [686b4373-3f6e-463e-bd5f-56c21a134faf-groupManagement] INFO  server.RaftServerConfigKeys (ConfUtils.java:logGet(46)) - raft.server.log.segment.size.max = 67108864 (custom)
2024-01-18 21:14:00,285 [686b4373-3f6e-463e-bd5f-56c21a134faf-groupManagement] INFO  server.RaftServerConfigKeys (ConfUtils.java:logGet(46)) - raft.server.log.preallocated.size = 4194304 (custom)
2024-01-18 21:14:00,285 [686b4373-3f6e-463e-bd5f-56c21a134faf-groupManagement] INFO  server.RaftServerConfigKeys (ConfUtils.java:logGet(46)) - raft.server.log.force.sync.num = 128 (default)
2024-01-18 21:14:00,285 [686b4373-3f6e-463e-bd5f-56c21a134faf-groupManagement] INFO  server.RaftServerConfigKeys (ConfUtils.java:logGet(46)) - raft.server.log.statemachine.data.sync = true (default)
2024-01-18 21:14:00,285 [686b4373-3f6e-463e-bd5f-56c21a134faf-groupManagement] INFO  server.RaftServerConfigKeys (ConfUtils.java:logGet(46)) - raft.server.log.statemachine.data.sync.timeout = 10s (default)
2024-01-18 21:14:00,285 [686b4373-3f6e-463e-bd5f-56c21a134faf-groupManagement] INFO  server.RaftServerConfigKeys (ConfUtils.java:logGet(46)) - raft.server.log.statemachine.data.sync.timeout.retry = 0 (custom)
2024-01-18 21:14:00,285 [686b4373-3f6e-463e-bd5f-56c21a134faf-groupManagement] INFO  server.RaftServerConfigKeys (ConfUtils.java:logGet(46)) - raft.server.log.write.buffer.size = 8388616 (custom)
2024-01-18 21:14:00,287 [686b4373-3f6e-463e-bd5f-56c21a134faf-groupManagement] INFO  server.RaftServerConfigKeys (ConfUtils.java:logGet(46)) - raft.server.log.appender.buffer.byte-limit = 8388608 (custom)
2024-01-18 21:14:00,287 [686b4373-3f6e-463e-bd5f-56c21a134faf-groupManagement] INFO  server.RaftServerConfigKeys (ConfUtils.java:logGet(46)) - raft.server.log.unsafe-flush.enabled = false (default)
2024-01-18 21:14:00,287 [686b4373-3f6e-463e-bd5f-56c21a134faf-groupManagement] INFO  server.RaftServerConfigKeys (ConfUtils.java:logGet(46)) - raft.server.log.async-flush.enabled = false (default)
2024-01-18 21:14:00,287 [686b4373-3f6e-463e-bd5f-56c21a134faf-groupManagement] INFO  server.RaftServerConfigKeys (ConfUtils.java:logGet(46)) - raft.server.log.statemachine.data.caching.enabled = true (custom)
2024-01-18 21:14:00,287 [686b4373-3f6e-463e-bd5f-56c21a134faf-groupManagement] INFO  segmented.SegmentedRaftLogWorker (SegmentedRaftLogWorker.java:lambda$new$0(134)) - 686b4373-3f6e-463e-bd5f-56c21a134faf@group-87F37CF8AE9F-SegmentedRaftLogWorker: flushIndex: setUnconditionally 0 -> -1
2024-01-18 21:14:00,287 [686b4373-3f6e-463e-bd5f-56c21a134faf-groupManagement] INFO  segmented.SegmentedRaftLogWorker (SegmentedRaftLogWorker.java:lambda$new$0(134)) - 686b4373-3f6e-463e-bd5f-56c21a134faf@group-87F37CF8AE9F-SegmentedRaftLogWorker: safeCacheEvictIndex: setUnconditionally 0 -> -1
2024-01-18 21:14:00,287 [686b4373-3f6e-463e-bd5f-56c21a134faf-groupManagement] INFO  server.RaftServer$Division (RaftServerImpl.java:start(396)) - 686b4373-3f6e-463e-bd5f-56c21a134faf@group-87F37CF8AE9F: start as a follower, conf=-1: peers:[686b4373-3f6e-463e-bd5f-56c21a134faf|10.1.0.44:15121]|listeners:[], old=null
2024-01-18 21:14:00,287 [686b4373-3f6e-463e-bd5f-56c21a134faf-groupManagement] INFO  server.RaftServer$Division (RaftServerImpl.java:setRole(383)) - 686b4373-3f6e-463e-bd5f-56c21a134faf@group-87F37CF8AE9F: changes role from      null to FOLLOWER at term 0 for startAsFollower
2024-01-18 21:14:00,287 [686b4373-3f6e-463e-bd5f-56c21a134faf-groupManagement] INFO  impl.RoleInfo (RoleInfo.java:updateAndGet(139)) - 686b4373-3f6e-463e-bd5f-56c21a134faf: start 686b4373-3f6e-463e-bd5f-56c21a134faf@group-87F37CF8AE9F-FollowerState
2024-01-18 21:14:00,288 [686b4373-3f6e-463e-bd5f-56c21a134faf@group-87F37CF8AE9F-FollowerState] INFO  server.RaftServerConfigKeys (ConfUtils.java:logFallback(53)) - raft.server.rpc.first-election.timeout.min = 5s (fallback to raft.server.rpc.timeout.min)
2024-01-18 21:14:00,288 [686b4373-3f6e-463e-bd5f-56c21a134faf@group-87F37CF8AE9F-FollowerState] INFO  server.RaftServerConfigKeys (ConfUtils.java:logFallback(53)) - raft.server.rpc.first-election.timeout.max = 5200ms (fallback to raft.server.rpc.timeout.max)
2024-01-18 21:14:00,288 [686b4373-3f6e-463e-bd5f-56c21a134faf-groupManagement] INFO  util.JmxRegister (JmxRegister.java:tryRegister(44)) - Successfully registered JMX Bean with object name Ratis:service=RaftServer,group=group-87F37CF8AE9F,id=686b4373-3f6e-463e-bd5f-56c21a134faf
2024-01-18 21:14:00,288 [686b4373-3f6e-463e-bd5f-56c21a134faf-groupManagement] INFO  server.RaftServerConfigKeys (ConfUtils.java:logGet(46)) - raft.server.snapshot.trigger-when-stop.enabled = true (default)
2024-01-18 21:14:00,288 [686b4373-3f6e-463e-bd5f-56c21a134faf-groupManagement] INFO  server.RaftServerConfigKeys (ConfUtils.java:logGet(46)) - raft.server.snapshot.auto.trigger.enabled = true (custom)
2024-01-18 21:14:00,288 [686b4373-3f6e-463e-bd5f-56c21a134faf-groupManagement] INFO  server.RaftServerConfigKeys (ConfUtils.java:logGet(46)) - raft.server.snapshot.auto.trigger.threshold = 10000 (custom)
2024-01-18 21:14:00,288 [686b4373-3f6e-463e-bd5f-56c21a134faf-groupManagement] INFO  server.RaftServerConfigKeys (ConfUtils.java:logGet(46)) - raft.server.snapshot.retention.file.num = 5 (custom)
2024-01-18 21:14:00,288 [686b4373-3f6e-463e-bd5f-56c21a134faf-groupManagement] INFO  server.RaftServerConfigKeys (ConfUtils.java:logGet(46)) - raft.server.log.purge.upto.snapshot.index = false (default)
2024-01-18 21:14:00,289 [686b4373-3f6e-463e-bd5f-56c21a134faf-PipelineCommandHandlerThread-0] INFO  ratis.XceiverServerRatis (XceiverServerRatis.java:addGroup(842)) - Created group PipelineID=df38c558-01f9-429f-8cdf-87f37cf8ae9f
2024-01-18 21:14:00,289 [686b4373-3f6e-463e-bd5f-56c21a134faf-PipelineCommandHandlerThread-0] INFO  commandhandler.CreatePipelineCommandHandler (CreatePipelineCommandHandler.java:lambda$handle$2(124)) - Created Pipeline RATIS ONE PipelineID=df38c558-01f9-429f-8cdf-87f37cf8ae9f.
2024-01-18 21:14:00,401 [655b4849-f6c7-42ce-9d2b-be9b96fb5c65-PipelineCommandHandlerThread-0] INFO  server.RaftServer (RaftServerProxy.java:addNew(100)) - 655b4849-f6c7-42ce-9d2b-be9b96fb5c65: addNew group-2480BA639082:[655b4849-f6c7-42ce-9d2b-be9b96fb5c65|10.1.0.44:15130] returns group-2480BA639082:java.util.concurrent.CompletableFuture@724e0822[Not completed]
2024-01-18 21:14:00,402 [655b4849-f6c7-42ce-9d2b-be9b96fb5c65-groupManagement] INFO  server.RaftServer$Division (RaftServerImpl.java:<init>(256)) - 655b4849-f6c7-42ce-9d2b-be9b96fb5c65: new RaftServerImpl for group-2480BA639082:[655b4849-f6c7-42ce-9d2b-be9b96fb5c65|10.1.0.44:15130] with ContainerStateMachine:uninitialized
2024-01-18 21:14:00,402 [655b4849-f6c7-42ce-9d2b-be9b96fb5c65-groupManagement] INFO  server.RaftServerConfigKeys (ConfUtils.java:logGet(46)) - raft.server.rpc.timeout.min = 5s (custom)
2024-01-18 21:14:00,403 [655b4849-f6c7-42ce-9d2b-be9b96fb5c65-groupManagement] INFO  server.RaftServerConfigKeys (ConfUtils.java:logGet(46)) - raft.server.rpc.timeout.max = 5200ms (custom)
2024-01-18 21:14:00,403 [655b4849-f6c7-42ce-9d2b-be9b96fb5c65-groupManagement] INFO  server.RaftServerConfigKeys (ConfUtils.java:logGet(46)) - raft.server.rpc.sleep.time = 25ms (default)
2024-01-18 21:14:00,403 [655b4849-f6c7-42ce-9d2b-be9b96fb5c65-groupManagement] INFO  server.RaftServerConfigKeys (ConfUtils.java:logGet(46)) - raft.server.rpc.slowness.timeout = 300000ms (custom)
2024-01-18 21:14:00,403 [655b4849-f6c7-42ce-9d2b-be9b96fb5c65-groupManagement] INFO  server.RaftServerConfigKeys (ConfUtils.java:logGet(46)) - raft.server.leaderelection.leader.step-down.wait-time = 10s (default)
2024-01-18 21:14:00,403 [655b4849-f6c7-42ce-9d2b-be9b96fb5c65-groupManagement] INFO  server.RaftServerConfigKeys (ConfUtils.java:logGet(46)) - raft.server.leaderelection.member.majority-add = false (default)
2024-01-18 21:14:00,403 [655b4849-f6c7-42ce-9d2b-be9b96fb5c65-groupManagement] INFO  server.RaftServerConfigKeys (ConfUtils.java:logGet(46)) - raft.server.sleep.deviation.threshold = 300ms (default)
2024-01-18 21:14:00,403 [655b4849-f6c7-42ce-9d2b-be9b96fb5c65-groupManagement] INFO  server.RaftServer$Division (ServerState.java:<init>(113)) - 655b4849-f6c7-42ce-9d2b-be9b96fb5c65@group-2480BA639082: ConfigurationManager, init=-1: peers:[655b4849-f6c7-42ce-9d2b-be9b96fb5c65|10.1.0.44:15130]|listeners:[], old=null, confs=<EMPTY_MAP>
2024-01-18 21:14:00,403 [655b4849-f6c7-42ce-9d2b-be9b96fb5c65-groupManagement] INFO  server.RaftServerConfigKeys (ConfUtils.java:logGet(46)) - raft.server.notification.no-leader.timeout = 300000ms (custom)
2024-01-18 21:14:00,403 [655b4849-f6c7-42ce-9d2b-be9b96fb5c65-groupManagement] INFO  server.RaftServerConfigKeys (ConfUtils.java:logGet(46)) - raft.server.read.timeout = 10s (default)
2024-01-18 21:14:00,403 [655b4849-f6c7-42ce-9d2b-be9b96fb5c65-groupManagement] INFO  server.RaftServerConfigKeys (ConfUtils.java:logGet(46)) - raft.server.retrycache.expirytime = 600000ms (custom)
2024-01-18 21:14:00,403 [655b4849-f6c7-42ce-9d2b-be9b96fb5c65-groupManagement] INFO  server.RaftServerConfigKeys (ConfUtils.java:logGet(46)) - raft.server.retrycache.statistics.expirytime = 100ms (default)
2024-01-18 21:14:00,403 [655b4849-f6c7-42ce-9d2b-be9b96fb5c65-groupManagement] INFO  server.RaftServerConfigKeys (ConfUtils.java:logGet(46)) - raft.server.read.option = DEFAULT (default)
2024-01-18 21:14:00,404 [655b4849-f6c7-42ce-9d2b-be9b96fb5c65-groupManagement] INFO  server.RaftServerConfigKeys (ConfUtils.java:logGet(46)) - raft.server.read.read-after-write-consistent.write-index-cache.expiry-time = 60s (default)
2024-01-18 21:14:00,406 [655b4849-f6c7-42ce-9d2b-be9b96fb5c65-groupManagement] INFO  server.RaftServerConfigKeys (ConfUtils.java:logGet(46)) - raft.server.rpc.request.timeout = 3000ms (default)
2024-01-18 21:14:00,407 [655b4849-f6c7-42ce-9d2b-be9b96fb5c65-groupManagement] INFO  server.RaftServerConfigKeys (ConfUtils.java:logGet(46)) - raft.server.log.appender.install.snapshot.enabled = false (custom)
2024-01-18 21:14:00,407 [655b4849-f6c7-42ce-9d2b-be9b96fb5c65-groupManagement] INFO  server.RaftServerConfigKeys (ConfUtils.java:logGet(46)) - raft.server.threadpool.server.cached = true (default)
2024-01-18 21:14:00,407 [655b4849-f6c7-42ce-9d2b-be9b96fb5c65-groupManagement] INFO  server.RaftServerConfigKeys (ConfUtils.java:logGet(46)) - raft.server.threadpool.server.size = 0 (default)
2024-01-18 21:14:00,407 [655b4849-f6c7-42ce-9d2b-be9b96fb5c65-groupManagement] INFO  server.RaftServerConfigKeys (ConfUtils.java:logGet(46)) - raft.server.threadpool.client.cached = true (default)
2024-01-18 21:14:00,407 [655b4849-f6c7-42ce-9d2b-be9b96fb5c65-groupManagement] INFO  server.RaftServerConfigKeys (ConfUtils.java:logGet(46)) - raft.server.threadpool.client.size = 0 (default)
2024-01-18 21:14:00,407 [655b4849-f6c7-42ce-9d2b-be9b96fb5c65-groupManagement] INFO  server.RaftServerConfigKeys (ConfUtils.java:logGet(46)) - raft.server.storage.free-space.min = 0MB (=0) (default)
2024-01-18 21:14:00,407 [655b4849-f6c7-42ce-9d2b-be9b96fb5c65-groupManagement] INFO  server.RaftServerConfigKeys (ConfUtils.java:logGet(46)) - raft.server.log.corruption.policy = EXCEPTION (default)
2024-01-18 21:14:00,407 [655b4849-f6c7-42ce-9d2b-be9b96fb5c65-groupManagement] INFO  server.RaftServerConfigKeys (ConfUtils.java:logGet(46)) - raft.server.storage.dir = [/home/runner/work/ozone/ozone/hadoop-ozone/integration-test/target/test-dir/MiniOzoneClusterImpl-31edb46a-ccfd-4ac6-802d-5dd746a085ff/datanode-3/data/ratis] (custom)
2024-01-18 21:14:00,407 [655b4849-f6c7-42ce-9d2b-be9b96fb5c65-groupManagement] INFO  storage.RaftStorageDirectory (RaftStorageDirectoryImpl.java:analyzeStorage(138)) - The storage directory /home/runner/work/ozone/ozone/hadoop-ozone/integration-test/target/test-dir/MiniOzoneClusterImpl-31edb46a-ccfd-4ac6-802d-5dd746a085ff/datanode-3/data/ratis/c2a6545c-c959-4ac6-8c71-2480ba639082 does not exist. Creating ...
2024-01-18 21:14:00,408 [655b4849-f6c7-42ce-9d2b-be9b96fb5c65-groupManagement] INFO  storage.RaftStorageDirectory (RaftStorageDirectoryImpl.java:tryLock(228)) - Lock on /home/runner/work/ozone/ozone/hadoop-ozone/integration-test/target/test-dir/MiniOzoneClusterImpl-31edb46a-ccfd-4ac6-802d-5dd746a085ff/datanode-3/data/ratis/c2a6545c-c959-4ac6-8c71-2480ba639082/in_use.lock acquired by nodename 70315@fv-az776-647
2024-01-18 21:14:00,409 [655b4849-f6c7-42ce-9d2b-be9b96fb5c65-groupManagement] INFO  storage.RaftStorage (RaftStorageImpl.java:format(99)) - Storage directory /home/runner/work/ozone/ozone/hadoop-ozone/integration-test/target/test-dir/MiniOzoneClusterImpl-31edb46a-ccfd-4ac6-802d-5dd746a085ff/datanode-3/data/ratis/c2a6545c-c959-4ac6-8c71-2480ba639082 has been successfully formatted.
2024-01-18 21:14:00,410 [655b4849-f6c7-42ce-9d2b-be9b96fb5c65-groupManagement] WARN  util.FileUtils (LogUtils.java:supplyAndLog(63)) - Failed to Files.newInputStream /home/runner/work/ozone/ozone/hadoop-ozone/integration-test/target/test-dir/MiniOzoneClusterImpl-31edb46a-ccfd-4ac6-802d-5dd746a085ff/datanode-3/data/ratis/c2a6545c-c959-4ac6-8c71-2480ba639082/current/raft-meta.conf with options []: java.nio.file.NoSuchFileException: /home/runner/work/ozone/ozone/hadoop-ozone/integration-test/target/test-dir/MiniOzoneClusterImpl-31edb46a-ccfd-4ac6-802d-5dd746a085ff/datanode-3/data/ratis/c2a6545c-c959-4ac6-8c71-2480ba639082/current/raft-meta.conf
2024-01-18 21:14:00,411 [655b4849-f6c7-42ce-9d2b-be9b96fb5c65-groupManagement] INFO  ratis.ContainerStateMachine (ContainerStateMachine.java:loadSnapshot(287)) - group-2480BA639082: The snapshot info is null. Setting the last applied index to:(t:0, i:~)
2024-01-18 21:14:00,411 [655b4849-f6c7-42ce-9d2b-be9b96fb5c65-groupManagement] INFO  server.RaftServerConfigKeys (ConfUtils.java:logGet(46)) - raft.server.log.use.memory = false (default)
2024-01-18 21:14:00,411 [655b4849-f6c7-42ce-9d2b-be9b96fb5c65-groupManagement] INFO  server.RaftServerConfigKeys (ConfUtils.java:logGet(46)) - raft.server.log.purge.gap = 1000000 (custom)
2024-01-18 21:14:00,411 [655b4849-f6c7-42ce-9d2b-be9b96fb5c65-groupManagement] INFO  server.RaftServerConfigKeys (ConfUtils.java:logGet(46)) - raft.server.log.appender.buffer.byte-limit = 8388608 (custom)
2024-01-18 21:14:00,411 [655b4849-f6c7-42ce-9d2b-be9b96fb5c65-groupManagement] INFO  server.RaftServerConfigKeys (ConfUtils.java:logGet(46)) - raft.server.log.statemachine.data.read.timeout = 1000ms (default)
2024-01-18 21:14:00,411 [655b4849-f6c7-42ce-9d2b-be9b96fb5c65-groupManagement] INFO  server.RaftServerConfigKeys (ConfUtils.java:logGet(46)) - raft.server.log.purge.preservation.log.num = 0 (default)
2024-01-18 21:14:00,413 [EventQueue-PipelineReportForPipelineReportHandler] INFO  pipeline.PipelineReportHandler (PipelineReportHandler.java:processPipelineReport(136)) - Opened pipeline PipelineID=c2a6545c-c959-4ac6-8c71-2480ba639082
2024-01-18 21:14:00,413 [EventQueue-OpenPipelineForHealthyPipelineSafeModeRule] INFO  safemode.SCMSafeModeManager (HealthyPipelineSafeModeRule.java:process(140)) - SCM in safe mode. Healthy pipelines reported count is 0, required healthy pipeline reported count is 1
2024-01-18 21:14:00,413 [655b4849-f6c7-42ce-9d2b-be9b96fb5c65-groupManagement] INFO  server.RaftServerConfigKeys (ConfUtils.java:logGet(46)) - raft.server.log.segment.size.max = 67108864 (custom)
2024-01-18 21:14:00,414 [655b4849-f6c7-42ce-9d2b-be9b96fb5c65-groupManagement] INFO  server.RaftServerConfigKeys (ConfUtils.java:logGet(46)) - raft.server.log.segment.cache.num.max = 2 (custom)
2024-01-18 21:14:00,414 [655b4849-f6c7-42ce-9d2b-be9b96fb5c65-groupManagement] INFO  server.RaftServerConfigKeys (ConfUtils.java:logGet(46)) - raft.server.log.segment.cache.size.max = 200MB (=209715200) (default)
2024-01-18 21:14:00,414 [655b4849-f6c7-42ce-9d2b-be9b96fb5c65-groupManagement] INFO  server.RaftServerConfigKeys (ConfUtils.java:logGet(46)) - raft.server.log.appender.buffer.byte-limit = 8388608 (custom)
2024-01-18 21:14:00,415 [655b4849-f6c7-42ce-9d2b-be9b96fb5c65-groupManagement] INFO  util.AwaitToRun (AwaitToRun.java:start(81)) - Thread[655b4849-f6c7-42ce-9d2b-be9b96fb5c65@group-2480BA639082-cacheEviction-AwaitToRun,5,main] started
2024-01-18 21:14:00,415 [655b4849-f6c7-42ce-9d2b-be9b96fb5c65-groupManagement] INFO  segmented.SegmentedRaftLogWorker (SegmentedRaftLogWorker.java:<init>(182)) - new 655b4849-f6c7-42ce-9d2b-be9b96fb5c65@group-2480BA639082-SegmentedRaftLogWorker for RaftStorageImpl:Storage Directory /home/runner/work/ozone/ozone/hadoop-ozone/integration-test/target/test-dir/MiniOzoneClusterImpl-31edb46a-ccfd-4ac6-802d-5dd746a085ff/datanode-3/data/ratis/c2a6545c-c959-4ac6-8c71-2480ba639082
2024-01-18 21:14:00,416 [655b4849-f6c7-42ce-9d2b-be9b96fb5c65-groupManagement] INFO  server.RaftServerConfigKeys (ConfUtils.java:logGet(46)) - raft.server.log.queue.byte-limit = 4294967296 (custom)
2024-01-18 21:14:00,416 [655b4849-f6c7-42ce-9d2b-be9b96fb5c65-groupManagement] INFO  server.RaftServerConfigKeys (ConfUtils.java:logGet(46)) - raft.server.log.queue.element-limit = 1024 (custom)
2024-01-18 21:14:00,416 [655b4849-f6c7-42ce-9d2b-be9b96fb5c65-groupManagement] INFO  server.RaftServerConfigKeys (ConfUtils.java:logGet(46)) - raft.server.log.segment.size.max = 67108864 (custom)
2024-01-18 21:14:00,416 [655b4849-f6c7-42ce-9d2b-be9b96fb5c65-groupManagement] INFO  server.RaftServerConfigKeys (ConfUtils.java:logGet(46)) - raft.server.log.preallocated.size = 4194304 (custom)
2024-01-18 21:14:00,416 [655b4849-f6c7-42ce-9d2b-be9b96fb5c65-groupManagement] INFO  server.RaftServerConfigKeys (ConfUtils.java:logGet(46)) - raft.server.log.force.sync.num = 128 (default)
2024-01-18 21:14:00,416 [655b4849-f6c7-42ce-9d2b-be9b96fb5c65-groupManagement] INFO  server.RaftServerConfigKeys (ConfUtils.java:logGet(46)) - raft.server.log.statemachine.data.sync = true (default)
2024-01-18 21:14:00,416 [655b4849-f6c7-42ce-9d2b-be9b96fb5c65-groupManagement] INFO  server.RaftServerConfigKeys (ConfUtils.java:logGet(46)) - raft.server.log.statemachine.data.sync.timeout = 10s (default)
2024-01-18 21:14:00,416 [655b4849-f6c7-42ce-9d2b-be9b96fb5c65-groupManagement] INFO  server.RaftServerConfigKeys (ConfUtils.java:logGet(46)) - raft.server.log.statemachine.data.sync.timeout.retry = 0 (custom)
2024-01-18 21:14:00,416 [655b4849-f6c7-42ce-9d2b-be9b96fb5c65-groupManagement] INFO  server.RaftServerConfigKeys (ConfUtils.java:logGet(46)) - raft.server.log.write.buffer.size = 8388616 (custom)
2024-01-18 21:14:00,419 [655b4849-f6c7-42ce-9d2b-be9b96fb5c65-groupManagement] INFO  server.RaftServerConfigKeys (ConfUtils.java:logGet(46)) - raft.server.log.appender.buffer.byte-limit = 8388608 (custom)
2024-01-18 21:14:00,419 [655b4849-f6c7-42ce-9d2b-be9b96fb5c65-groupManagement] INFO  server.RaftServerConfigKeys (ConfUtils.java:logGet(46)) - raft.server.log.unsafe-flush.enabled = false (default)
2024-01-18 21:14:00,419 [655b4849-f6c7-42ce-9d2b-be9b96fb5c65-groupManagement] INFO  server.RaftServerConfigKeys (ConfUtils.java:logGet(46)) - raft.server.log.async-flush.enabled = false (default)
2024-01-18 21:14:00,419 [655b4849-f6c7-42ce-9d2b-be9b96fb5c65-groupManagement] INFO  server.RaftServerConfigKeys (ConfUtils.java:logGet(46)) - raft.server.log.statemachine.data.caching.enabled = true (custom)
2024-01-18 21:14:00,419 [655b4849-f6c7-42ce-9d2b-be9b96fb5c65-groupManagement] INFO  segmented.SegmentedRaftLogWorker (SegmentedRaftLogWorker.java:lambda$new$0(134)) - 655b4849-f6c7-42ce-9d2b-be9b96fb5c65@group-2480BA639082-SegmentedRaftLogWorker: flushIndex: setUnconditionally 0 -> -1
2024-01-18 21:14:00,419 [655b4849-f6c7-42ce-9d2b-be9b96fb5c65-groupManagement] INFO  segmented.SegmentedRaftLogWorker (SegmentedRaftLogWorker.java:lambda$new$0(134)) - 655b4849-f6c7-42ce-9d2b-be9b96fb5c65@group-2480BA639082-SegmentedRaftLogWorker: safeCacheEvictIndex: setUnconditionally 0 -> -1
2024-01-18 21:14:00,420 [655b4849-f6c7-42ce-9d2b-be9b96fb5c65-groupManagement] INFO  server.RaftServer$Division (RaftServerImpl.java:start(396)) - 655b4849-f6c7-42ce-9d2b-be9b96fb5c65@group-2480BA639082: start as a follower, conf=-1: peers:[655b4849-f6c7-42ce-9d2b-be9b96fb5c65|10.1.0.44:15130]|listeners:[], old=null
2024-01-18 21:14:00,420 [655b4849-f6c7-42ce-9d2b-be9b96fb5c65-groupManagement] INFO  server.RaftServer$Division (RaftServerImpl.java:setRole(383)) - 655b4849-f6c7-42ce-9d2b-be9b96fb5c65@group-2480BA639082: changes role from      null to FOLLOWER at term 0 for startAsFollower
2024-01-18 21:14:00,420 [655b4849-f6c7-42ce-9d2b-be9b96fb5c65-groupManagement] INFO  impl.RoleInfo (RoleInfo.java:updateAndGet(139)) - 655b4849-f6c7-42ce-9d2b-be9b96fb5c65: start 655b4849-f6c7-42ce-9d2b-be9b96fb5c65@group-2480BA639082-FollowerState
2024-01-18 21:14:00,420 [655b4849-f6c7-42ce-9d2b-be9b96fb5c65-groupManagement] INFO  util.JmxRegister (JmxRegister.java:tryRegister(44)) - Successfully registered JMX Bean with object name Ratis:service=RaftServer,group=group-2480BA639082,id=655b4849-f6c7-42ce-9d2b-be9b96fb5c65
2024-01-18 21:14:00,420 [655b4849-f6c7-42ce-9d2b-be9b96fb5c65-groupManagement] INFO  server.RaftServerConfigKeys (ConfUtils.java:logGet(46)) - raft.server.snapshot.trigger-when-stop.enabled = true (default)
2024-01-18 21:14:00,420 [655b4849-f6c7-42ce-9d2b-be9b96fb5c65-groupManagement] INFO  server.RaftServerConfigKeys (ConfUtils.java:logGet(46)) - raft.server.snapshot.auto.trigger.enabled = true (custom)
2024-01-18 21:14:00,420 [655b4849-f6c7-42ce-9d2b-be9b96fb5c65-groupManagement] INFO  server.RaftServerConfigKeys (ConfUtils.java:logGet(46)) - raft.server.snapshot.auto.trigger.threshold = 10000 (custom)
2024-01-18 21:14:00,420 [655b4849-f6c7-42ce-9d2b-be9b96fb5c65-groupManagement] INFO  server.RaftServerConfigKeys (ConfUtils.java:logGet(46)) - raft.server.snapshot.retention.file.num = 5 (custom)
2024-01-18 21:14:00,420 [655b4849-f6c7-42ce-9d2b-be9b96fb5c65-groupManagement] INFO  server.RaftServerConfigKeys (ConfUtils.java:logGet(46)) - raft.server.log.purge.upto.snapshot.index = false (default)
2024-01-18 21:14:00,421 [655b4849-f6c7-42ce-9d2b-be9b96fb5c65@group-2480BA639082-FollowerState] INFO  server.RaftServerConfigKeys (ConfUtils.java:logFallback(53)) - raft.server.rpc.first-election.timeout.min = 5s (fallback to raft.server.rpc.timeout.min)
2024-01-18 21:14:00,421 [655b4849-f6c7-42ce-9d2b-be9b96fb5c65@group-2480BA639082-FollowerState] INFO  server.RaftServerConfigKeys (ConfUtils.java:logFallback(53)) - raft.server.rpc.first-election.timeout.max = 5200ms (fallback to raft.server.rpc.timeout.max)
2024-01-18 21:14:00,421 [655b4849-f6c7-42ce-9d2b-be9b96fb5c65-PipelineCommandHandlerThread-0] INFO  ratis.XceiverServerRatis (XceiverServerRatis.java:addGroup(842)) - Created group PipelineID=c2a6545c-c959-4ac6-8c71-2480ba639082
2024-01-18 21:14:00,421 [655b4849-f6c7-42ce-9d2b-be9b96fb5c65-PipelineCommandHandlerThread-0] INFO  commandhandler.CreatePipelineCommandHandler (CreatePipelineCommandHandler.java:lambda$handle$2(124)) - Created Pipeline RATIS ONE PipelineID=c2a6545c-c959-4ac6-8c71-2480ba639082.
2024-01-18 21:14:00,422 [655b4849-f6c7-42ce-9d2b-be9b96fb5c65-PipelineCommandHandlerThread-0] INFO  server.RaftServer (RaftServerProxy.java:addNew(100)) - 655b4849-f6c7-42ce-9d2b-be9b96fb5c65: addNew group-BA0DAAC0BCDC:[d7bd62da-9eff-4c5a-9810-dab6199e7b8e|10.1.0.44:15139, 2a2b30f3-c6d3-4b10-97ff-b0c22fa05b40|10.1.0.44:15148, 655b4849-f6c7-42ce-9d2b-be9b96fb5c65|10.1.0.44:15130] returns group-BA0DAAC0BCDC:java.util.concurrent.CompletableFuture@767192b3[Not completed]
2024-01-18 21:14:00,423 [655b4849-f6c7-42ce-9d2b-be9b96fb5c65-groupManagement] INFO  server.RaftServer$Division (RaftServerImpl.java:<init>(256)) - 655b4849-f6c7-42ce-9d2b-be9b96fb5c65: new RaftServerImpl for group-BA0DAAC0BCDC:[d7bd62da-9eff-4c5a-9810-dab6199e7b8e|10.1.0.44:15139, 2a2b30f3-c6d3-4b10-97ff-b0c22fa05b40|10.1.0.44:15148, 655b4849-f6c7-42ce-9d2b-be9b96fb5c65|10.1.0.44:15130] with ContainerStateMachine:uninitialized
2024-01-18 21:14:00,423 [655b4849-f6c7-42ce-9d2b-be9b96fb5c65-groupManagement] INFO  server.RaftServerConfigKeys (ConfUtils.java:logGet(46)) - raft.server.rpc.timeout.min = 5s (custom)
2024-01-18 21:14:00,423 [655b4849-f6c7-42ce-9d2b-be9b96fb5c65-groupManagement] INFO  server.RaftServerConfigKeys (ConfUtils.java:logGet(46)) - raft.server.rpc.timeout.max = 5200ms (custom)
2024-01-18 21:14:00,423 [655b4849-f6c7-42ce-9d2b-be9b96fb5c65-groupManagement] INFO  server.RaftServerConfigKeys (ConfUtils.java:logGet(46)) - raft.server.rpc.sleep.time = 25ms (default)
2024-01-18 21:14:00,423 [655b4849-f6c7-42ce-9d2b-be9b96fb5c65-groupManagement] INFO  server.RaftServerConfigKeys (ConfUtils.java:logGet(46)) - raft.server.rpc.slowness.timeout = 300000ms (custom)
2024-01-18 21:14:00,423 [655b4849-f6c7-42ce-9d2b-be9b96fb5c65-groupManagement] INFO  server.RaftServerConfigKeys (ConfUtils.java:logGet(46)) - raft.server.leaderelection.leader.step-down.wait-time = 10s (default)
2024-01-18 21:14:00,423 [655b4849-f6c7-42ce-9d2b-be9b96fb5c65-groupManagement] INFO  server.RaftServerConfigKeys (ConfUtils.java:logGet(46)) - raft.server.leaderelection.member.majority-add = false (default)
2024-01-18 21:14:00,423 [655b4849-f6c7-42ce-9d2b-be9b96fb5c65-groupManagement] INFO  server.RaftServerConfigKeys (ConfUtils.java:logGet(46)) - raft.server.sleep.deviation.threshold = 300ms (default)
2024-01-18 21:14:00,423 [655b4849-f6c7-42ce-9d2b-be9b96fb5c65-groupManagement] INFO  server.RaftServer$Division (ServerState.java:<init>(113)) - 655b4849-f6c7-42ce-9d2b-be9b96fb5c65@group-BA0DAAC0BCDC: ConfigurationManager, init=-1: peers:[d7bd62da-9eff-4c5a-9810-dab6199e7b8e|10.1.0.44:15139, 2a2b30f3-c6d3-4b10-97ff-b0c22fa05b40|10.1.0.44:15148, 655b4849-f6c7-42ce-9d2b-be9b96fb5c65|10.1.0.44:15130]|listeners:[], old=null, confs=<EMPTY_MAP>
2024-01-18 21:14:00,423 [655b4849-f6c7-42ce-9d2b-be9b96fb5c65-groupManagement] INFO  server.RaftServerConfigKeys (ConfUtils.java:logGet(46)) - raft.server.notification.no-leader.timeout = 300000ms (custom)
2024-01-18 21:14:00,423 [655b4849-f6c7-42ce-9d2b-be9b96fb5c65-groupManagement] INFO  server.RaftServerConfigKeys (ConfUtils.java:logGet(46)) - raft.server.read.timeout = 10s (default)
2024-01-18 21:14:00,423 [655b4849-f6c7-42ce-9d2b-be9b96fb5c65-groupManagement] INFO  server.RaftServerConfigKeys (ConfUtils.java:logGet(46)) - raft.server.retrycache.expirytime = 600000ms (custom)
2024-01-18 21:14:00,423 [655b4849-f6c7-42ce-9d2b-be9b96fb5c65-groupManagement] INFO  server.RaftServerConfigKeys (ConfUtils.java:logGet(46)) - raft.server.retrycache.statistics.expirytime = 100ms (default)
2024-01-18 21:14:00,424 [655b4849-f6c7-42ce-9d2b-be9b96fb5c65-groupManagement] INFO  server.RaftServerConfigKeys (ConfUtils.java:logGet(46)) - raft.server.read.option = DEFAULT (default)
2024-01-18 21:14:00,424 [655b4849-f6c7-42ce-9d2b-be9b96fb5c65-groupManagement] INFO  server.RaftServerConfigKeys (ConfUtils.java:logGet(46)) - raft.server.read.read-after-write-consistent.write-index-cache.expiry-time = 60s (default)
2024-01-18 21:14:00,426 [655b4849-f6c7-42ce-9d2b-be9b96fb5c65-groupManagement] INFO  server.RaftServerConfigKeys (ConfUtils.java:logGet(46)) - raft.server.rpc.request.timeout = 3000ms (default)
2024-01-18 21:14:00,426 [655b4849-f6c7-42ce-9d2b-be9b96fb5c65-groupManagement] INFO  server.RaftServerConfigKeys (ConfUtils.java:logGet(46)) - raft.server.log.appender.install.snapshot.enabled = false (custom)
2024-01-18 21:14:00,427 [655b4849-f6c7-42ce-9d2b-be9b96fb5c65-groupManagement] INFO  server.RaftServerConfigKeys (ConfUtils.java:logGet(46)) - raft.server.threadpool.server.cached = true (default)
2024-01-18 21:14:00,427 [655b4849-f6c7-42ce-9d2b-be9b96fb5c65-groupManagement] INFO  server.RaftServerConfigKeys (ConfUtils.java:logGet(46)) - raft.server.threadpool.server.size = 0 (default)
2024-01-18 21:14:00,427 [655b4849-f6c7-42ce-9d2b-be9b96fb5c65-groupManagement] INFO  server.RaftServerConfigKeys (ConfUtils.java:logGet(46)) - raft.server.threadpool.client.cached = true (default)
2024-01-18 21:14:00,427 [655b4849-f6c7-42ce-9d2b-be9b96fb5c65-groupManagement] INFO  server.RaftServerConfigKeys (ConfUtils.java:logGet(46)) - raft.server.threadpool.client.size = 0 (default)
2024-01-18 21:14:00,427 [655b4849-f6c7-42ce-9d2b-be9b96fb5c65-groupManagement] INFO  server.RaftServerConfigKeys (ConfUtils.java:logGet(46)) - raft.server.storage.free-space.min = 0MB (=0) (default)
2024-01-18 21:14:00,427 [655b4849-f6c7-42ce-9d2b-be9b96fb5c65-groupManagement] INFO  server.RaftServerConfigKeys (ConfUtils.java:logGet(46)) - raft.server.log.corruption.policy = EXCEPTION (default)
2024-01-18 21:14:00,427 [655b4849-f6c7-42ce-9d2b-be9b96fb5c65-groupManagement] INFO  server.RaftServerConfigKeys (ConfUtils.java:logGet(46)) - raft.server.storage.dir = [/home/runner/work/ozone/ozone/hadoop-ozone/integration-test/target/test-dir/MiniOzoneClusterImpl-31edb46a-ccfd-4ac6-802d-5dd746a085ff/datanode-3/data/ratis] (custom)
2024-01-18 21:14:00,427 [655b4849-f6c7-42ce-9d2b-be9b96fb5c65-groupManagement] INFO  storage.RaftStorageDirectory (RaftStorageDirectoryImpl.java:analyzeStorage(138)) - The storage directory /home/runner/work/ozone/ozone/hadoop-ozone/integration-test/target/test-dir/MiniOzoneClusterImpl-31edb46a-ccfd-4ac6-802d-5dd746a085ff/datanode-3/data/ratis/501bbff6-3769-4d51-8028-ba0daac0bcdc does not exist. Creating ...
2024-01-18 21:14:00,428 [655b4849-f6c7-42ce-9d2b-be9b96fb5c65-groupManagement] INFO  storage.RaftStorageDirectory (RaftStorageDirectoryImpl.java:tryLock(228)) - Lock on /home/runner/work/ozone/ozone/hadoop-ozone/integration-test/target/test-dir/MiniOzoneClusterImpl-31edb46a-ccfd-4ac6-802d-5dd746a085ff/datanode-3/data/ratis/501bbff6-3769-4d51-8028-ba0daac0bcdc/in_use.lock acquired by nodename 70315@fv-az776-647
2024-01-18 21:14:00,430 [655b4849-f6c7-42ce-9d2b-be9b96fb5c65-groupManagement] INFO  storage.RaftStorage (RaftStorageImpl.java:format(99)) - Storage directory /home/runner/work/ozone/ozone/hadoop-ozone/integration-test/target/test-dir/MiniOzoneClusterImpl-31edb46a-ccfd-4ac6-802d-5dd746a085ff/datanode-3/data/ratis/501bbff6-3769-4d51-8028-ba0daac0bcdc has been successfully formatted.
2024-01-18 21:14:00,430 [655b4849-f6c7-42ce-9d2b-be9b96fb5c65-groupManagement] WARN  util.FileUtils (LogUtils.java:supplyAndLog(63)) - Failed to Files.newInputStream /home/runner/work/ozone/ozone/hadoop-ozone/integration-test/target/test-dir/MiniOzoneClusterImpl-31edb46a-ccfd-4ac6-802d-5dd746a085ff/datanode-3/data/ratis/501bbff6-3769-4d51-8028-ba0daac0bcdc/current/raft-meta.conf with options []: java.nio.file.NoSuchFileException: /home/runner/work/ozone/ozone/hadoop-ozone/integration-test/target/test-dir/MiniOzoneClusterImpl-31edb46a-ccfd-4ac6-802d-5dd746a085ff/datanode-3/data/ratis/501bbff6-3769-4d51-8028-ba0daac0bcdc/current/raft-meta.conf
2024-01-18 21:14:00,430 [655b4849-f6c7-42ce-9d2b-be9b96fb5c65-groupManagement] INFO  ratis.ContainerStateMachine (ContainerStateMachine.java:loadSnapshot(287)) - group-BA0DAAC0BCDC: The snapshot info is null. Setting the last applied index to:(t:0, i:~)
2024-01-18 21:14:00,430 [655b4849-f6c7-42ce-9d2b-be9b96fb5c65-groupManagement] INFO  server.RaftServerConfigKeys (ConfUtils.java:logGet(46)) - raft.server.log.use.memory = false (default)
2024-01-18 21:14:00,431 [655b4849-f6c7-42ce-9d2b-be9b96fb5c65-groupManagement] INFO  server.RaftServerConfigKeys (ConfUtils.java:logGet(46)) - raft.server.log.purge.gap = 1000000 (custom)
2024-01-18 21:14:00,431 [655b4849-f6c7-42ce-9d2b-be9b96fb5c65-groupManagement] INFO  server.RaftServerConfigKeys (ConfUtils.java:logGet(46)) - raft.server.log.appender.buffer.byte-limit = 8388608 (custom)
2024-01-18 21:14:00,431 [EventQueue-OpenPipelineForHealthyPipelineSafeModeRule] INFO  safemode.SCMSafeModeManager (HealthyPipelineSafeModeRule.java:process(140)) - SCM in safe mode. Healthy pipelines reported count is 0, required healthy pipeline reported count is 1
2024-01-18 21:14:00,431 [655b4849-f6c7-42ce-9d2b-be9b96fb5c65-groupManagement] INFO  server.RaftServerConfigKeys (ConfUtils.java:logGet(46)) - raft.server.log.statemachine.data.read.timeout = 1000ms (default)
2024-01-18 21:14:00,432 [655b4849-f6c7-42ce-9d2b-be9b96fb5c65-groupManagement] INFO  server.RaftServerConfigKeys (ConfUtils.java:logGet(46)) - raft.server.log.purge.preservation.log.num = 0 (default)
2024-01-18 21:14:00,433 [655b4849-f6c7-42ce-9d2b-be9b96fb5c65-groupManagement] INFO  server.RaftServerConfigKeys (ConfUtils.java:logGet(46)) - raft.server.log.segment.size.max = 67108864 (custom)
2024-01-18 21:14:00,433 [655b4849-f6c7-42ce-9d2b-be9b96fb5c65-groupManagement] INFO  server.RaftServerConfigKeys (ConfUtils.java:logGet(46)) - raft.server.log.segment.cache.num.max = 2 (custom)
2024-01-18 21:14:00,433 [655b4849-f6c7-42ce-9d2b-be9b96fb5c65-groupManagement] INFO  server.RaftServerConfigKeys (ConfUtils.java:logGet(46)) - raft.server.log.segment.cache.size.max = 200MB (=209715200) (default)
2024-01-18 21:14:00,434 [655b4849-f6c7-42ce-9d2b-be9b96fb5c65-groupManagement] INFO  server.RaftServerConfigKeys (ConfUtils.java:logGet(46)) - raft.server.log.appender.buffer.byte-limit = 8388608 (custom)
2024-01-18 21:14:00,434 [655b4849-f6c7-42ce-9d2b-be9b96fb5c65-groupManagement] INFO  util.AwaitToRun (AwaitToRun.java:start(81)) - Thread[655b4849-f6c7-42ce-9d2b-be9b96fb5c65@group-BA0DAAC0BCDC-cacheEviction-AwaitToRun,5,main] started
2024-01-18 21:14:00,434 [655b4849-f6c7-42ce-9d2b-be9b96fb5c65-groupManagement] INFO  segmented.SegmentedRaftLogWorker (SegmentedRaftLogWorker.java:<init>(182)) - new 655b4849-f6c7-42ce-9d2b-be9b96fb5c65@group-BA0DAAC0BCDC-SegmentedRaftLogWorker for RaftStorageImpl:Storage Directory /home/runner/work/ozone/ozone/hadoop-ozone/integration-test/target/test-dir/MiniOzoneClusterImpl-31edb46a-ccfd-4ac6-802d-5dd746a085ff/datanode-3/data/ratis/501bbff6-3769-4d51-8028-ba0daac0bcdc
2024-01-18 21:14:00,434 [655b4849-f6c7-42ce-9d2b-be9b96fb5c65-groupManagement] INFO  server.RaftServerConfigKeys (ConfUtils.java:logGet(46)) - raft.server.log.queue.byte-limit = 4294967296 (custom)
2024-01-18 21:14:00,434 [655b4849-f6c7-42ce-9d2b-be9b96fb5c65-groupManagement] INFO  server.RaftServerConfigKeys (ConfUtils.java:logGet(46)) - raft.server.log.queue.element-limit = 1024 (custom)
2024-01-18 21:14:00,434 [655b4849-f6c7-42ce-9d2b-be9b96fb5c65-groupManagement] INFO  server.RaftServerConfigKeys (ConfUtils.java:logGet(46)) - raft.server.log.segment.size.max = 67108864 (custom)
2024-01-18 21:14:00,434 [655b4849-f6c7-42ce-9d2b-be9b96fb5c65-groupManagement] INFO  server.RaftServerConfigKeys (ConfUtils.java:logGet(46)) - raft.server.log.preallocated.size = 4194304 (custom)
2024-01-18 21:14:00,434 [655b4849-f6c7-42ce-9d2b-be9b96fb5c65-groupManagement] INFO  server.RaftServerConfigKeys (ConfUtils.java:logGet(46)) - raft.server.log.force.sync.num = 128 (default)
2024-01-18 21:14:00,434 [655b4849-f6c7-42ce-9d2b-be9b96fb5c65-groupManagement] INFO  server.RaftServerConfigKeys (ConfUtils.java:logGet(46)) - raft.server.log.statemachine.data.sync = true (default)
2024-01-18 21:14:00,434 [655b4849-f6c7-42ce-9d2b-be9b96fb5c65-groupManagement] INFO  server.RaftServerConfigKeys (ConfUtils.java:logGet(46)) - raft.server.log.statemachine.data.sync.timeout = 10s (default)
2024-01-18 21:14:00,434 [655b4849-f6c7-42ce-9d2b-be9b96fb5c65-groupManagement] INFO  server.RaftServerConfigKeys (ConfUtils.java:logGet(46)) - raft.server.log.statemachine.data.sync.timeout.retry = 0 (custom)
2024-01-18 21:14:00,435 [655b4849-f6c7-42ce-9d2b-be9b96fb5c65-groupManagement] INFO  server.RaftServerConfigKeys (ConfUtils.java:logGet(46)) - raft.server.log.write.buffer.size = 8388616 (custom)
2024-01-18 21:14:00,436 [655b4849-f6c7-42ce-9d2b-be9b96fb5c65-groupManagement] INFO  server.RaftServerConfigKeys (ConfUtils.java:logGet(46)) - raft.server.log.appender.buffer.byte-limit = 8388608 (custom)
2024-01-18 21:14:00,436 [655b4849-f6c7-42ce-9d2b-be9b96fb5c65-groupManagement] INFO  server.RaftServerConfigKeys (ConfUtils.java:logGet(46)) - raft.server.log.unsafe-flush.enabled = false (default)
2024-01-18 21:14:00,436 [655b4849-f6c7-42ce-9d2b-be9b96fb5c65-groupManagement] INFO  server.RaftServerConfigKeys (ConfUtils.java:logGet(46)) - raft.server.log.async-flush.enabled = false (default)
2024-01-18 21:14:00,436 [655b4849-f6c7-42ce-9d2b-be9b96fb5c65-groupManagement] INFO  server.RaftServerConfigKeys (ConfUtils.java:logGet(46)) - raft.server.log.statemachine.data.caching.enabled = true (custom)
2024-01-18 21:14:00,436 [655b4849-f6c7-42ce-9d2b-be9b96fb5c65-groupManagement] INFO  segmented.SegmentedRaftLogWorker (SegmentedRaftLogWorker.java:lambda$new$0(134)) - 655b4849-f6c7-42ce-9d2b-be9b96fb5c65@group-BA0DAAC0BCDC-SegmentedRaftLogWorker: flushIndex: setUnconditionally 0 -> -1
2024-01-18 21:14:00,437 [655b4849-f6c7-42ce-9d2b-be9b96fb5c65-groupManagement] INFO  segmented.SegmentedRaftLogWorker (SegmentedRaftLogWorker.java:lambda$new$0(134)) - 655b4849-f6c7-42ce-9d2b-be9b96fb5c65@group-BA0DAAC0BCDC-SegmentedRaftLogWorker: safeCacheEvictIndex: setUnconditionally 0 -> -1
2024-01-18 21:14:00,437 [655b4849-f6c7-42ce-9d2b-be9b96fb5c65-groupManagement] INFO  server.RaftServer$Division (RaftServerImpl.java:start(396)) - 655b4849-f6c7-42ce-9d2b-be9b96fb5c65@group-BA0DAAC0BCDC: start as a follower, conf=-1: peers:[d7bd62da-9eff-4c5a-9810-dab6199e7b8e|10.1.0.44:15139, 2a2b30f3-c6d3-4b10-97ff-b0c22fa05b40|10.1.0.44:15148, 655b4849-f6c7-42ce-9d2b-be9b96fb5c65|10.1.0.44:15130]|listeners:[], old=null
2024-01-18 21:14:00,437 [655b4849-f6c7-42ce-9d2b-be9b96fb5c65-groupManagement] INFO  server.RaftServer$Division (RaftServerImpl.java:setRole(383)) - 655b4849-f6c7-42ce-9d2b-be9b96fb5c65@group-BA0DAAC0BCDC: changes role from      null to FOLLOWER at term 0 for startAsFollower
2024-01-18 21:14:00,437 [655b4849-f6c7-42ce-9d2b-be9b96fb5c65-groupManagement] INFO  impl.RoleInfo (RoleInfo.java:updateAndGet(139)) - 655b4849-f6c7-42ce-9d2b-be9b96fb5c65: start 655b4849-f6c7-42ce-9d2b-be9b96fb5c65@group-BA0DAAC0BCDC-FollowerState
2024-01-18 21:14:00,437 [655b4849-f6c7-42ce-9d2b-be9b96fb5c65-groupManagement] INFO  util.JmxRegister (JmxRegister.java:tryRegister(44)) - Successfully registered JMX Bean with object name Ratis:service=RaftServer,group=group-BA0DAAC0BCDC,id=655b4849-f6c7-42ce-9d2b-be9b96fb5c65
2024-01-18 21:14:00,437 [655b4849-f6c7-42ce-9d2b-be9b96fb5c65-groupManagement] INFO  server.RaftServerConfigKeys (ConfUtils.java:logGet(46)) - raft.server.snapshot.trigger-when-stop.enabled = true (default)
2024-01-18 21:14:00,437 [655b4849-f6c7-42ce-9d2b-be9b96fb5c65-groupManagement] INFO  server.RaftServerConfigKeys (ConfUtils.java:logGet(46)) - raft.server.snapshot.auto.trigger.enabled = true (custom)
2024-01-18 21:14:00,437 [655b4849-f6c7-42ce-9d2b-be9b96fb5c65-groupManagement] INFO  server.RaftServerConfigKeys (ConfUtils.java:logGet(46)) - raft.server.snapshot.auto.trigger.threshold = 10000 (custom)
2024-01-18 21:14:00,437 [655b4849-f6c7-42ce-9d2b-be9b96fb5c65-groupManagement] INFO  server.RaftServerConfigKeys (ConfUtils.java:logGet(46)) - raft.server.snapshot.retention.file.num = 5 (custom)
2024-01-18 21:14:00,437 [655b4849-f6c7-42ce-9d2b-be9b96fb5c65-groupManagement] INFO  server.RaftServerConfigKeys (ConfUtils.java:logGet(46)) - raft.server.log.purge.upto.snapshot.index = false (default)
2024-01-18 21:14:00,438 [655b4849-f6c7-42ce-9d2b-be9b96fb5c65@group-BA0DAAC0BCDC-FollowerState] INFO  server.RaftServerConfigKeys (ConfUtils.java:logFallback(53)) - raft.server.rpc.first-election.timeout.min = 5s (fallback to raft.server.rpc.timeout.min)
2024-01-18 21:14:00,438 [655b4849-f6c7-42ce-9d2b-be9b96fb5c65@group-BA0DAAC0BCDC-FollowerState] INFO  server.RaftServerConfigKeys (ConfUtils.java:logFallback(53)) - raft.server.rpc.first-election.timeout.max = 5200ms (fallback to raft.server.rpc.timeout.max)
2024-01-18 21:14:00,439 [655b4849-f6c7-42ce-9d2b-be9b96fb5c65-PipelineCommandHandlerThread-0] INFO  ratis.XceiverServerRatis (XceiverServerRatis.java:addGroup(842)) - Created group PipelineID=501bbff6-3769-4d51-8028-ba0daac0bcdc
2024-01-18 21:14:00,447 [grpc-default-executor-1] INFO  server.RaftServer (RaftServerProxy.java:addNew(100)) - 2a2b30f3-c6d3-4b10-97ff-b0c22fa05b40: addNew group-BA0DAAC0BCDC:[d7bd62da-9eff-4c5a-9810-dab6199e7b8e|10.1.0.44:15139, 2a2b30f3-c6d3-4b10-97ff-b0c22fa05b40|10.1.0.44:15148, 655b4849-f6c7-42ce-9d2b-be9b96fb5c65|10.1.0.44:15130] returns group-BA0DAAC0BCDC:java.util.concurrent.CompletableFuture@5fd6eaa5[Not completed]
2024-01-18 21:14:00,448 [2a2b30f3-c6d3-4b10-97ff-b0c22fa05b40-groupManagement] INFO  server.RaftServer$Division (RaftServerImpl.java:<init>(256)) - 2a2b30f3-c6d3-4b10-97ff-b0c22fa05b40: new RaftServerImpl for group-BA0DAAC0BCDC:[d7bd62da-9eff-4c5a-9810-dab6199e7b8e|10.1.0.44:15139, 2a2b30f3-c6d3-4b10-97ff-b0c22fa05b40|10.1.0.44:15148, 655b4849-f6c7-42ce-9d2b-be9b96fb5c65|10.1.0.44:15130] with ContainerStateMachine:uninitialized
2024-01-18 21:14:00,448 [2a2b30f3-c6d3-4b10-97ff-b0c22fa05b40-groupManagement] INFO  server.RaftServerConfigKeys (ConfUtils.java:logGet(46)) - raft.server.rpc.timeout.min = 5s (custom)
2024-01-18 21:14:00,448 [2a2b30f3-c6d3-4b10-97ff-b0c22fa05b40-groupManagement] INFO  server.RaftServerConfigKeys (ConfUtils.java:logGet(46)) - raft.server.rpc.timeout.max = 5200ms (custom)
2024-01-18 21:14:00,448 [2a2b30f3-c6d3-4b10-97ff-b0c22fa05b40-groupManagement] INFO  server.RaftServerConfigKeys (ConfUtils.java:logGet(46)) - raft.server.rpc.sleep.time = 25ms (default)
2024-01-18 21:14:00,448 [2a2b30f3-c6d3-4b10-97ff-b0c22fa05b40-groupManagement] INFO  server.RaftServerConfigKeys (ConfUtils.java:logGet(46)) - raft.server.rpc.slowness.timeout = 300000ms (custom)
2024-01-18 21:14:00,448 [2a2b30f3-c6d3-4b10-97ff-b0c22fa05b40-groupManagement] INFO  server.RaftServerConfigKeys (ConfUtils.java:logGet(46)) - raft.server.leaderelection.leader.step-down.wait-time = 10s (default)
2024-01-18 21:14:00,448 [2a2b30f3-c6d3-4b10-97ff-b0c22fa05b40-groupManagement] INFO  server.RaftServerConfigKeys (ConfUtils.java:logGet(46)) - raft.server.leaderelection.member.majority-add = false (default)
2024-01-18 21:14:00,449 [2a2b30f3-c6d3-4b10-97ff-b0c22fa05b40-groupManagement] INFO  server.RaftServerConfigKeys (ConfUtils.java:logGet(46)) - raft.server.sleep.deviation.threshold = 300ms (default)
2024-01-18 21:14:00,449 [2a2b30f3-c6d3-4b10-97ff-b0c22fa05b40-groupManagement] INFO  server.RaftServer$Division (ServerState.java:<init>(113)) - 2a2b30f3-c6d3-4b10-97ff-b0c22fa05b40@group-BA0DAAC0BCDC: ConfigurationManager, init=-1: peers:[d7bd62da-9eff-4c5a-9810-dab6199e7b8e|10.1.0.44:15139, 2a2b30f3-c6d3-4b10-97ff-b0c22fa05b40|10.1.0.44:15148, 655b4849-f6c7-42ce-9d2b-be9b96fb5c65|10.1.0.44:15130]|listeners:[], old=null, confs=<EMPTY_MAP>
2024-01-18 21:14:00,449 [2a2b30f3-c6d3-4b10-97ff-b0c22fa05b40-groupManagement] INFO  server.RaftServerConfigKeys (ConfUtils.java:logGet(46)) - raft.server.notification.no-leader.timeout = 300000ms (custom)
2024-01-18 21:14:00,449 [2a2b30f3-c6d3-4b10-97ff-b0c22fa05b40-groupManagement] INFO  server.RaftServerConfigKeys (ConfUtils.java:logGet(46)) - raft.server.read.timeout = 10s (default)
2024-01-18 21:14:00,449 [2a2b30f3-c6d3-4b10-97ff-b0c22fa05b40-groupManagement] INFO  server.RaftServerConfigKeys (ConfUtils.java:logGet(46)) - raft.server.retrycache.expirytime = 600000ms (custom)
2024-01-18 21:14:00,449 [2a2b30f3-c6d3-4b10-97ff-b0c22fa05b40-groupManagement] INFO  server.RaftServerConfigKeys (ConfUtils.java:logGet(46)) - raft.server.retrycache.statistics.expirytime = 100ms (default)
2024-01-18 21:14:00,449 [2a2b30f3-c6d3-4b10-97ff-b0c22fa05b40-groupManagement] INFO  server.RaftServerConfigKeys (ConfUtils.java:logGet(46)) - raft.server.read.option = DEFAULT (default)
2024-01-18 21:14:00,449 [2a2b30f3-c6d3-4b10-97ff-b0c22fa05b40-groupManagement] INFO  server.RaftServerConfigKeys (ConfUtils.java:logGet(46)) - raft.server.read.read-after-write-consistent.write-index-cache.expiry-time = 60s (default)
2024-01-18 21:14:00,451 [2a2b30f3-c6d3-4b10-97ff-b0c22fa05b40-groupManagement] INFO  server.RaftServerConfigKeys (ConfUtils.java:logGet(46)) - raft.server.rpc.request.timeout = 3000ms (default)
2024-01-18 21:14:00,451 [2a2b30f3-c6d3-4b10-97ff-b0c22fa05b40-groupManagement] INFO  server.RaftServerConfigKeys (ConfUtils.java:logGet(46)) - raft.server.log.appender.install.snapshot.enabled = false (custom)
2024-01-18 21:14:00,451 [2a2b30f3-c6d3-4b10-97ff-b0c22fa05b40-groupManagement] INFO  server.RaftServerConfigKeys (ConfUtils.java:logGet(46)) - raft.server.threadpool.server.cached = true (default)
2024-01-18 21:14:00,451 [2a2b30f3-c6d3-4b10-97ff-b0c22fa05b40-groupManagement] INFO  server.RaftServerConfigKeys (ConfUtils.java:logGet(46)) - raft.server.threadpool.server.size = 0 (default)
2024-01-18 21:14:00,451 [2a2b30f3-c6d3-4b10-97ff-b0c22fa05b40-groupManagement] INFO  server.RaftServerConfigKeys (ConfUtils.java:logGet(46)) - raft.server.threadpool.client.cached = true (default)
2024-01-18 21:14:00,451 [2a2b30f3-c6d3-4b10-97ff-b0c22fa05b40-groupManagement] INFO  server.RaftServerConfigKeys (ConfUtils.java:logGet(46)) - raft.server.threadpool.client.size = 0 (default)
2024-01-18 21:14:00,451 [2a2b30f3-c6d3-4b10-97ff-b0c22fa05b40-groupManagement] INFO  server.RaftServerConfigKeys (ConfUtils.java:logGet(46)) - raft.server.storage.free-space.min = 0MB (=0) (default)
2024-01-18 21:14:00,451 [2a2b30f3-c6d3-4b10-97ff-b0c22fa05b40-groupManagement] INFO  server.RaftServerConfigKeys (ConfUtils.java:logGet(46)) - raft.server.log.corruption.policy = EXCEPTION (default)
2024-01-18 21:14:00,451 [2a2b30f3-c6d3-4b10-97ff-b0c22fa05b40-groupManagement] INFO  server.RaftServerConfigKeys (ConfUtils.java:logGet(46)) - raft.server.storage.dir = [/home/runner/work/ozone/ozone/hadoop-ozone/integration-test/target/test-dir/MiniOzoneClusterImpl-31edb46a-ccfd-4ac6-802d-5dd746a085ff/datanode-5/data/ratis] (custom)
2024-01-18 21:14:00,452 [2a2b30f3-c6d3-4b10-97ff-b0c22fa05b40-groupManagement] INFO  storage.RaftStorageDirectory (RaftStorageDirectoryImpl.java:analyzeStorage(138)) - The storage directory /home/runner/work/ozone/ozone/hadoop-ozone/integration-test/target/test-dir/MiniOzoneClusterImpl-31edb46a-ccfd-4ac6-802d-5dd746a085ff/datanode-5/data/ratis/501bbff6-3769-4d51-8028-ba0daac0bcdc does not exist. Creating ...
2024-01-18 21:14:00,452 [2a2b30f3-c6d3-4b10-97ff-b0c22fa05b40-groupManagement] INFO  storage.RaftStorageDirectory (RaftStorageDirectoryImpl.java:tryLock(228)) - Lock on /home/runner/work/ozone/ozone/hadoop-ozone/integration-test/target/test-dir/MiniOzoneClusterImpl-31edb46a-ccfd-4ac6-802d-5dd746a085ff/datanode-5/data/ratis/501bbff6-3769-4d51-8028-ba0daac0bcdc/in_use.lock acquired by nodename 70315@fv-az776-647
2024-01-18 21:14:00,453 [2a2b30f3-c6d3-4b10-97ff-b0c22fa05b40-groupManagement] INFO  storage.RaftStorage (RaftStorageImpl.java:format(99)) - Storage directory /home/runner/work/ozone/ozone/hadoop-ozone/integration-test/target/test-dir/MiniOzoneClusterImpl-31edb46a-ccfd-4ac6-802d-5dd746a085ff/datanode-5/data/ratis/501bbff6-3769-4d51-8028-ba0daac0bcdc has been successfully formatted.
2024-01-18 21:14:00,453 [2a2b30f3-c6d3-4b10-97ff-b0c22fa05b40-groupManagement] WARN  util.FileUtils (LogUtils.java:supplyAndLog(63)) - Failed to Files.newInputStream /home/runner/work/ozone/ozone/hadoop-ozone/integration-test/target/test-dir/MiniOzoneClusterImpl-31edb46a-ccfd-4ac6-802d-5dd746a085ff/datanode-5/data/ratis/501bbff6-3769-4d51-8028-ba0daac0bcdc/current/raft-meta.conf with options []: java.nio.file.NoSuchFileException: /home/runner/work/ozone/ozone/hadoop-ozone/integration-test/target/test-dir/MiniOzoneClusterImpl-31edb46a-ccfd-4ac6-802d-5dd746a085ff/datanode-5/data/ratis/501bbff6-3769-4d51-8028-ba0daac0bcdc/current/raft-meta.conf
2024-01-18 21:14:00,454 [2a2b30f3-c6d3-4b10-97ff-b0c22fa05b40-groupManagement] INFO  ratis.ContainerStateMachine (ContainerStateMachine.java:loadSnapshot(287)) - group-BA0DAAC0BCDC: The snapshot info is null. Setting the last applied index to:(t:0, i:~)
2024-01-18 21:14:00,454 [2a2b30f3-c6d3-4b10-97ff-b0c22fa05b40-groupManagement] INFO  server.RaftServerConfigKeys (ConfUtils.java:logGet(46)) - raft.server.log.use.memory = false (default)
2024-01-18 21:14:00,454 [2a2b30f3-c6d3-4b10-97ff-b0c22fa05b40-groupManagement] INFO  server.RaftServerConfigKeys (ConfUtils.java:logGet(46)) - raft.server.log.purge.gap = 1000000 (custom)
2024-01-18 21:14:00,454 [2a2b30f3-c6d3-4b10-97ff-b0c22fa05b40-groupManagement] INFO  server.RaftServerConfigKeys (ConfUtils.java:logGet(46)) - raft.server.log.appender.buffer.byte-limit = 8388608 (custom)
2024-01-18 21:14:00,454 [2a2b30f3-c6d3-4b10-97ff-b0c22fa05b40-groupManagement] INFO  server.RaftServerConfigKeys (ConfUtils.java:logGet(46)) - raft.server.log.statemachine.data.read.timeout = 1000ms (default)
2024-01-18 21:14:00,455 [2a2b30f3-c6d3-4b10-97ff-b0c22fa05b40-groupManagement] INFO  server.RaftServerConfigKeys (ConfUtils.java:logGet(46)) - raft.server.log.purge.preservation.log.num = 0 (default)
2024-01-18 21:14:00,456 [2a2b30f3-c6d3-4b10-97ff-b0c22fa05b40-groupManagement] INFO  server.RaftServerConfigKeys (ConfUtils.java:logGet(46)) - raft.server.log.segment.size.max = 67108864 (custom)
2024-01-18 21:14:00,456 [2a2b30f3-c6d3-4b10-97ff-b0c22fa05b40-groupManagement] INFO  server.RaftServerConfigKeys (ConfUtils.java:logGet(46)) - raft.server.log.segment.cache.num.max = 2 (custom)
2024-01-18 21:14:00,456 [2a2b30f3-c6d3-4b10-97ff-b0c22fa05b40-groupManagement] INFO  server.RaftServerConfigKeys (ConfUtils.java:logGet(46)) - raft.server.log.segment.cache.size.max = 200MB (=209715200) (default)
2024-01-18 21:14:00,457 [2a2b30f3-c6d3-4b10-97ff-b0c22fa05b40-groupManagement] INFO  server.RaftServerConfigKeys (ConfUtils.java:logGet(46)) - raft.server.log.appender.buffer.byte-limit = 8388608 (custom)
2024-01-18 21:14:00,457 [2a2b30f3-c6d3-4b10-97ff-b0c22fa05b40-groupManagement] INFO  util.AwaitToRun (AwaitToRun.java:start(81)) - Thread[2a2b30f3-c6d3-4b10-97ff-b0c22fa05b40@group-BA0DAAC0BCDC-cacheEviction-AwaitToRun,5,main] started
2024-01-18 21:14:00,457 [2a2b30f3-c6d3-4b10-97ff-b0c22fa05b40-groupManagement] INFO  segmented.SegmentedRaftLogWorker (SegmentedRaftLogWorker.java:<init>(182)) - new 2a2b30f3-c6d3-4b10-97ff-b0c22fa05b40@group-BA0DAAC0BCDC-SegmentedRaftLogWorker for RaftStorageImpl:Storage Directory /home/runner/work/ozone/ozone/hadoop-ozone/integration-test/target/test-dir/MiniOzoneClusterImpl-31edb46a-ccfd-4ac6-802d-5dd746a085ff/datanode-5/data/ratis/501bbff6-3769-4d51-8028-ba0daac0bcdc
2024-01-18 21:14:00,457 [2a2b30f3-c6d3-4b10-97ff-b0c22fa05b40-groupManagement] INFO  server.RaftServerConfigKeys (ConfUtils.java:logGet(46)) - raft.server.log.queue.byte-limit = 4294967296 (custom)
2024-01-18 21:14:00,457 [2a2b30f3-c6d3-4b10-97ff-b0c22fa05b40-groupManagement] INFO  server.RaftServerConfigKeys (ConfUtils.java:logGet(46)) - raft.server.log.queue.element-limit = 1024 (custom)
2024-01-18 21:14:00,457 [2a2b30f3-c6d3-4b10-97ff-b0c22fa05b40-groupManagement] INFO  server.RaftServerConfigKeys (ConfUtils.java:logGet(46)) - raft.server.log.segment.size.max = 67108864 (custom)
2024-01-18 21:14:00,457 [2a2b30f3-c6d3-4b10-97ff-b0c22fa05b40-groupManagement] INFO  server.RaftServerConfigKeys (ConfUtils.java:logGet(46)) - raft.server.log.preallocated.size = 4194304 (custom)
2024-01-18 21:14:00,457 [2a2b30f3-c6d3-4b10-97ff-b0c22fa05b40-groupManagement] INFO  server.RaftServerConfigKeys (ConfUtils.java:logGet(46)) - raft.server.log.force.sync.num = 128 (default)
2024-01-18 21:14:00,457 [2a2b30f3-c6d3-4b10-97ff-b0c22fa05b40-groupManagement] INFO  server.RaftServerConfigKeys (ConfUtils.java:logGet(46)) - raft.server.log.statemachine.data.sync = true (default)
2024-01-18 21:14:00,457 [2a2b30f3-c6d3-4b10-97ff-b0c22fa05b40-groupManagement] INFO  server.RaftServerConfigKeys (ConfUtils.java:logGet(46)) - raft.server.log.statemachine.data.sync.timeout = 10s (default)
2024-01-18 21:14:00,457 [2a2b30f3-c6d3-4b10-97ff-b0c22fa05b40-groupManagement] INFO  server.RaftServerConfigKeys (ConfUtils.java:logGet(46)) - raft.server.log.statemachine.data.sync.timeout.retry = 0 (custom)
2024-01-18 21:14:00,458 [2a2b30f3-c6d3-4b10-97ff-b0c22fa05b40-groupManagement] INFO  server.RaftServerConfigKeys (ConfUtils.java:logGet(46)) - raft.server.log.write.buffer.size = 8388616 (custom)
2024-01-18 21:14:00,460 [2a2b30f3-c6d3-4b10-97ff-b0c22fa05b40-groupManagement] INFO  server.RaftServerConfigKeys (ConfUtils.java:logGet(46)) - raft.server.log.appender.buffer.byte-limit = 8388608 (custom)
2024-01-18 21:14:00,460 [2a2b30f3-c6d3-4b10-97ff-b0c22fa05b40-groupManagement] INFO  server.RaftServerConfigKeys (ConfUtils.java:logGet(46)) - raft.server.log.unsafe-flush.enabled = false (default)
2024-01-18 21:14:00,460 [2a2b30f3-c6d3-4b10-97ff-b0c22fa05b40-groupManagement] INFO  server.RaftServerConfigKeys (ConfUtils.java:logGet(46)) - raft.server.log.async-flush.enabled = false (default)
2024-01-18 21:14:00,460 [2a2b30f3-c6d3-4b10-97ff-b0c22fa05b40-groupManagement] INFO  server.RaftServerConfigKeys (ConfUtils.java:logGet(46)) - raft.server.log.statemachine.data.caching.enabled = true (custom)
2024-01-18 21:14:00,460 [2a2b30f3-c6d3-4b10-97ff-b0c22fa05b40-groupManagement] INFO  segmented.SegmentedRaftLogWorker (SegmentedRaftLogWorker.java:lambda$new$0(134)) - 2a2b30f3-c6d3-4b10-97ff-b0c22fa05b40@group-BA0DAAC0BCDC-SegmentedRaftLogWorker: flushIndex: setUnconditionally 0 -> -1
2024-01-18 21:14:00,461 [2a2b30f3-c6d3-4b10-97ff-b0c22fa05b40-groupManagement] INFO  segmented.SegmentedRaftLogWorker (SegmentedRaftLogWorker.java:lambda$new$0(134)) - 2a2b30f3-c6d3-4b10-97ff-b0c22fa05b40@group-BA0DAAC0BCDC-SegmentedRaftLogWorker: safeCacheEvictIndex: setUnconditionally 0 -> -1
2024-01-18 21:14:00,461 [2a2b30f3-c6d3-4b10-97ff-b0c22fa05b40-groupManagement] INFO  server.RaftServer$Division (RaftServerImpl.java:start(396)) - 2a2b30f3-c6d3-4b10-97ff-b0c22fa05b40@group-BA0DAAC0BCDC: start as a follower, conf=-1: peers:[d7bd62da-9eff-4c5a-9810-dab6199e7b8e|10.1.0.44:15139, 2a2b30f3-c6d3-4b10-97ff-b0c22fa05b40|10.1.0.44:15148, 655b4849-f6c7-42ce-9d2b-be9b96fb5c65|10.1.0.44:15130]|listeners:[], old=null
2024-01-18 21:14:00,461 [2a2b30f3-c6d3-4b10-97ff-b0c22fa05b40-groupManagement] INFO  server.RaftServer$Division (RaftServerImpl.java:setRole(383)) - 2a2b30f3-c6d3-4b10-97ff-b0c22fa05b40@group-BA0DAAC0BCDC: changes role from      null to FOLLOWER at term 0 for startAsFollower
2024-01-18 21:14:00,461 [2a2b30f3-c6d3-4b10-97ff-b0c22fa05b40-groupManagement] INFO  impl.RoleInfo (RoleInfo.java:updateAndGet(139)) - 2a2b30f3-c6d3-4b10-97ff-b0c22fa05b40: start 2a2b30f3-c6d3-4b10-97ff-b0c22fa05b40@group-BA0DAAC0BCDC-FollowerState
2024-01-18 21:14:00,461 [2a2b30f3-c6d3-4b10-97ff-b0c22fa05b40@group-BA0DAAC0BCDC-FollowerState] INFO  server.RaftServerConfigKeys (ConfUtils.java:logFallback(53)) - raft.server.rpc.first-election.timeout.min = 5s (fallback to raft.server.rpc.timeout.min)
2024-01-18 21:14:00,461 [2a2b30f3-c6d3-4b10-97ff-b0c22fa05b40@group-BA0DAAC0BCDC-FollowerState] INFO  server.RaftServerConfigKeys (ConfUtils.java:logFallback(53)) - raft.server.rpc.first-election.timeout.max = 5200ms (fallback to raft.server.rpc.timeout.max)
2024-01-18 21:14:00,461 [2a2b30f3-c6d3-4b10-97ff-b0c22fa05b40-groupManagement] INFO  util.JmxRegister (JmxRegister.java:tryRegister(44)) - Successfully registered JMX Bean with object name Ratis:service=RaftServer,group=group-BA0DAAC0BCDC,id=2a2b30f3-c6d3-4b10-97ff-b0c22fa05b40
2024-01-18 21:14:00,461 [2a2b30f3-c6d3-4b10-97ff-b0c22fa05b40-groupManagement] INFO  server.RaftServerConfigKeys (ConfUtils.java:logGet(46)) - raft.server.snapshot.trigger-when-stop.enabled = true (default)
2024-01-18 21:14:00,462 [2a2b30f3-c6d3-4b10-97ff-b0c22fa05b40-groupManagement] INFO  server.RaftServerConfigKeys (ConfUtils.java:logGet(46)) - raft.server.snapshot.auto.trigger.enabled = true (custom)
2024-01-18 21:14:00,462 [2a2b30f3-c6d3-4b10-97ff-b0c22fa05b40-groupManagement] INFO  server.RaftServerConfigKeys (ConfUtils.java:logGet(46)) - raft.server.snapshot.auto.trigger.threshold = 10000 (custom)
2024-01-18 21:14:00,462 [2a2b30f3-c6d3-4b10-97ff-b0c22fa05b40-groupManagement] INFO  server.RaftServerConfigKeys (ConfUtils.java:logGet(46)) - raft.server.snapshot.retention.file.num = 5 (custom)
2024-01-18 21:14:00,462 [2a2b30f3-c6d3-4b10-97ff-b0c22fa05b40-groupManagement] INFO  server.RaftServerConfigKeys (ConfUtils.java:logGet(46)) - raft.server.log.purge.upto.snapshot.index = false (default)
2024-01-18 21:14:00,473 [grpc-default-executor-0] INFO  server.RaftServer (RaftServerProxy.java:addNew(100)) - d7bd62da-9eff-4c5a-9810-dab6199e7b8e: addNew group-BA0DAAC0BCDC:[d7bd62da-9eff-4c5a-9810-dab6199e7b8e|10.1.0.44:15139, 2a2b30f3-c6d3-4b10-97ff-b0c22fa05b40|10.1.0.44:15148, 655b4849-f6c7-42ce-9d2b-be9b96fb5c65|10.1.0.44:15130] returns group-BA0DAAC0BCDC:java.util.concurrent.CompletableFuture@4005d0d5[Not completed]
2024-01-18 21:14:00,474 [d7bd62da-9eff-4c5a-9810-dab6199e7b8e-groupManagement] INFO  server.RaftServer$Division (RaftServerImpl.java:<init>(256)) - d7bd62da-9eff-4c5a-9810-dab6199e7b8e: new RaftServerImpl for group-BA0DAAC0BCDC:[d7bd62da-9eff-4c5a-9810-dab6199e7b8e|10.1.0.44:15139, 2a2b30f3-c6d3-4b10-97ff-b0c22fa05b40|10.1.0.44:15148, 655b4849-f6c7-42ce-9d2b-be9b96fb5c65|10.1.0.44:15130] with ContainerStateMachine:uninitialized
2024-01-18 21:14:00,474 [d7bd62da-9eff-4c5a-9810-dab6199e7b8e-groupManagement] INFO  server.RaftServerConfigKeys (ConfUtils.java:logGet(46)) - raft.server.rpc.timeout.min = 5s (custom)
2024-01-18 21:14:00,474 [d7bd62da-9eff-4c5a-9810-dab6199e7b8e-groupManagement] INFO  server.RaftServerConfigKeys (ConfUtils.java:logGet(46)) - raft.server.rpc.timeout.max = 5200ms (custom)
2024-01-18 21:14:00,474 [d7bd62da-9eff-4c5a-9810-dab6199e7b8e-groupManagement] INFO  server.RaftServerConfigKeys (ConfUtils.java:logGet(46)) - raft.server.rpc.sleep.time = 25ms (default)
2024-01-18 21:14:00,475 [d7bd62da-9eff-4c5a-9810-dab6199e7b8e-groupManagement] INFO  server.RaftServerConfigKeys (ConfUtils.java:logGet(46)) - raft.server.rpc.slowness.timeout = 300000ms (custom)
2024-01-18 21:14:00,475 [d7bd62da-9eff-4c5a-9810-dab6199e7b8e-groupManagement] INFO  server.RaftServerConfigKeys (ConfUtils.java:logGet(46)) - raft.server.leaderelection.leader.step-down.wait-time = 10s (default)
2024-01-18 21:14:00,475 [d7bd62da-9eff-4c5a-9810-dab6199e7b8e-groupManagement] INFO  server.RaftServerConfigKeys (ConfUtils.java:logGet(46)) - raft.server.leaderelection.member.majority-add = false (default)
2024-01-18 21:14:00,475 [d7bd62da-9eff-4c5a-9810-dab6199e7b8e-groupManagement] INFO  server.RaftServerConfigKeys (ConfUtils.java:logGet(46)) - raft.server.sleep.deviation.threshold = 300ms (default)
2024-01-18 21:14:00,475 [d7bd62da-9eff-4c5a-9810-dab6199e7b8e-groupManagement] INFO  server.RaftServer$Division (ServerState.java:<init>(113)) - d7bd62da-9eff-4c5a-9810-dab6199e7b8e@group-BA0DAAC0BCDC: ConfigurationManager, init=-1: peers:[d7bd62da-9eff-4c5a-9810-dab6199e7b8e|10.1.0.44:15139, 2a2b30f3-c6d3-4b10-97ff-b0c22fa05b40|10.1.0.44:15148, 655b4849-f6c7-42ce-9d2b-be9b96fb5c65|10.1.0.44:15130]|listeners:[], old=null, confs=<EMPTY_MAP>
2024-01-18 21:14:00,475 [d7bd62da-9eff-4c5a-9810-dab6199e7b8e-groupManagement] INFO  server.RaftServerConfigKeys (ConfUtils.java:logGet(46)) - raft.server.notification.no-leader.timeout = 300000ms (custom)
2024-01-18 21:14:00,475 [d7bd62da-9eff-4c5a-9810-dab6199e7b8e-groupManagement] INFO  server.RaftServerConfigKeys (ConfUtils.java:logGet(46)) - raft.server.read.timeout = 10s (default)
2024-01-18 21:14:00,475 [d7bd62da-9eff-4c5a-9810-dab6199e7b8e-groupManagement] INFO  server.RaftServerConfigKeys (ConfUtils.java:logGet(46)) - raft.server.retrycache.expirytime = 600000ms (custom)
2024-01-18 21:14:00,476 [d7bd62da-9eff-4c5a-9810-dab6199e7b8e-groupManagement] INFO  server.RaftServerConfigKeys (ConfUtils.java:logGet(46)) - raft.server.retrycache.statistics.expirytime = 100ms (default)
2024-01-18 21:14:00,476 [d7bd62da-9eff-4c5a-9810-dab6199e7b8e-groupManagement] INFO  server.RaftServerConfigKeys (ConfUtils.java:logGet(46)) - raft.server.read.option = DEFAULT (default)
2024-01-18 21:14:00,476 [d7bd62da-9eff-4c5a-9810-dab6199e7b8e-groupManagement] INFO  server.RaftServerConfigKeys (ConfUtils.java:logGet(46)) - raft.server.read.read-after-write-consistent.write-index-cache.expiry-time = 60s (default)
2024-01-18 21:14:00,479 [d7bd62da-9eff-4c5a-9810-dab6199e7b8e-groupManagement] INFO  server.RaftServerConfigKeys (ConfUtils.java:logGet(46)) - raft.server.rpc.request.timeout = 3000ms (default)
2024-01-18 21:14:00,479 [d7bd62da-9eff-4c5a-9810-dab6199e7b8e-groupManagement] INFO  server.RaftServerConfigKeys (ConfUtils.java:logGet(46)) - raft.server.log.appender.install.snapshot.enabled = false (custom)
2024-01-18 21:14:00,479 [d7bd62da-9eff-4c5a-9810-dab6199e7b8e-groupManagement] INFO  server.RaftServerConfigKeys (ConfUtils.java:logGet(46)) - raft.server.threadpool.server.cached = true (default)
2024-01-18 21:14:00,479 [d7bd62da-9eff-4c5a-9810-dab6199e7b8e-groupManagement] INFO  server.RaftServerConfigKeys (ConfUtils.java:logGet(46)) - raft.server.threadpool.server.size = 0 (default)
2024-01-18 21:14:00,479 [d7bd62da-9eff-4c5a-9810-dab6199e7b8e-groupManagement] INFO  server.RaftServerConfigKeys (ConfUtils.java:logGet(46)) - raft.server.threadpool.client.cached = true (default)
2024-01-18 21:14:00,479 [d7bd62da-9eff-4c5a-9810-dab6199e7b8e-groupManagement] INFO  server.RaftServerConfigKeys (ConfUtils.java:logGet(46)) - raft.server.threadpool.client.size = 0 (default)
2024-01-18 21:14:00,479 [d7bd62da-9eff-4c5a-9810-dab6199e7b8e-groupManagement] INFO  server.RaftServerConfigKeys (ConfUtils.java:logGet(46)) - raft.server.storage.free-space.min = 0MB (=0) (default)
2024-01-18 21:14:00,479 [d7bd62da-9eff-4c5a-9810-dab6199e7b8e-groupManagement] INFO  server.RaftServerConfigKeys (ConfUtils.java:logGet(46)) - raft.server.log.corruption.policy = EXCEPTION (default)
2024-01-18 21:14:00,480 [d7bd62da-9eff-4c5a-9810-dab6199e7b8e-groupManagement] INFO  server.RaftServerConfigKeys (ConfUtils.java:logGet(46)) - raft.server.storage.dir = [/home/runner/work/ozone/ozone/hadoop-ozone/integration-test/target/test-dir/MiniOzoneClusterImpl-31edb46a-ccfd-4ac6-802d-5dd746a085ff/datanode-4/data/ratis] (custom)
2024-01-18 21:14:00,480 [d7bd62da-9eff-4c5a-9810-dab6199e7b8e-groupManagement] INFO  storage.RaftStorageDirectory (RaftStorageDirectoryImpl.java:analyzeStorage(138)) - The storage directory /home/runner/work/ozone/ozone/hadoop-ozone/integration-test/target/test-dir/MiniOzoneClusterImpl-31edb46a-ccfd-4ac6-802d-5dd746a085ff/datanode-4/data/ratis/501bbff6-3769-4d51-8028-ba0daac0bcdc does not exist. Creating ...
2024-01-18 21:14:00,481 [d7bd62da-9eff-4c5a-9810-dab6199e7b8e-groupManagement] INFO  storage.RaftStorageDirectory (RaftStorageDirectoryImpl.java:tryLock(228)) - Lock on /home/runner/work/ozone/ozone/hadoop-ozone/integration-test/target/test-dir/MiniOzoneClusterImpl-31edb46a-ccfd-4ac6-802d-5dd746a085ff/datanode-4/data/ratis/501bbff6-3769-4d51-8028-ba0daac0bcdc/in_use.lock acquired by nodename 70315@fv-az776-647
2024-01-18 21:14:00,482 [d7bd62da-9eff-4c5a-9810-dab6199e7b8e-groupManagement] INFO  storage.RaftStorage (RaftStorageImpl.java:format(99)) - Storage directory /home/runner/work/ozone/ozone/hadoop-ozone/integration-test/target/test-dir/MiniOzoneClusterImpl-31edb46a-ccfd-4ac6-802d-5dd746a085ff/datanode-4/data/ratis/501bbff6-3769-4d51-8028-ba0daac0bcdc has been successfully formatted.
2024-01-18 21:14:00,482 [d7bd62da-9eff-4c5a-9810-dab6199e7b8e-groupManagement] WARN  util.FileUtils (LogUtils.java:supplyAndLog(63)) - Failed to Files.newInputStream /home/runner/work/ozone/ozone/hadoop-ozone/integration-test/target/test-dir/MiniOzoneClusterImpl-31edb46a-ccfd-4ac6-802d-5dd746a085ff/datanode-4/data/ratis/501bbff6-3769-4d51-8028-ba0daac0bcdc/current/raft-meta.conf with options []: java.nio.file.NoSuchFileException: /home/runner/work/ozone/ozone/hadoop-ozone/integration-test/target/test-dir/MiniOzoneClusterImpl-31edb46a-ccfd-4ac6-802d-5dd746a085ff/datanode-4/data/ratis/501bbff6-3769-4d51-8028-ba0daac0bcdc/current/raft-meta.conf
2024-01-18 21:14:00,483 [d7bd62da-9eff-4c5a-9810-dab6199e7b8e-groupManagement] INFO  ratis.ContainerStateMachine (ContainerStateMachine.java:loadSnapshot(287)) - group-BA0DAAC0BCDC: The snapshot info is null. Setting the last applied index to:(t:0, i:~)
2024-01-18 21:14:00,483 [d7bd62da-9eff-4c5a-9810-dab6199e7b8e-groupManagement] INFO  server.RaftServerConfigKeys (ConfUtils.java:logGet(46)) - raft.server.log.use.memory = false (default)
2024-01-18 21:14:00,483 [d7bd62da-9eff-4c5a-9810-dab6199e7b8e-groupManagement] INFO  server.RaftServerConfigKeys (ConfUtils.java:logGet(46)) - raft.server.log.purge.gap = 1000000 (custom)
2024-01-18 21:14:00,483 [d7bd62da-9eff-4c5a-9810-dab6199e7b8e-groupManagement] INFO  server.RaftServerConfigKeys (ConfUtils.java:logGet(46)) - raft.server.log.appender.buffer.byte-limit = 8388608 (custom)
2024-01-18 21:14:00,484 [d7bd62da-9eff-4c5a-9810-dab6199e7b8e-groupManagement] INFO  server.RaftServerConfigKeys (ConfUtils.java:logGet(46)) - raft.server.log.statemachine.data.read.timeout = 1000ms (default)
2024-01-18 21:14:00,484 [d7bd62da-9eff-4c5a-9810-dab6199e7b8e-groupManagement] INFO  server.RaftServerConfigKeys (ConfUtils.java:logGet(46)) - raft.server.log.purge.preservation.log.num = 0 (default)
2024-01-18 21:14:00,485 [d7bd62da-9eff-4c5a-9810-dab6199e7b8e-groupManagement] INFO  server.RaftServerConfigKeys (ConfUtils.java:logGet(46)) - raft.server.log.segment.size.max = 67108864 (custom)
2024-01-18 21:14:00,485 [d7bd62da-9eff-4c5a-9810-dab6199e7b8e-groupManagement] INFO  server.RaftServerConfigKeys (ConfUtils.java:logGet(46)) - raft.server.log.segment.cache.num.max = 2 (custom)
2024-01-18 21:14:00,485 [d7bd62da-9eff-4c5a-9810-dab6199e7b8e-groupManagement] INFO  server.RaftServerConfigKeys (ConfUtils.java:logGet(46)) - raft.server.log.segment.cache.size.max = 200MB (=209715200) (default)
2024-01-18 21:14:00,485 [d7bd62da-9eff-4c5a-9810-dab6199e7b8e-groupManagement] INFO  server.RaftServerConfigKeys (ConfUtils.java:logGet(46)) - raft.server.log.appender.buffer.byte-limit = 8388608 (custom)
2024-01-18 21:14:00,486 [d7bd62da-9eff-4c5a-9810-dab6199e7b8e-groupManagement] INFO  util.AwaitToRun (AwaitToRun.java:start(81)) - Thread[d7bd62da-9eff-4c5a-9810-dab6199e7b8e@group-BA0DAAC0BCDC-cacheEviction-AwaitToRun,5,main] started
2024-01-18 21:14:00,486 [d7bd62da-9eff-4c5a-9810-dab6199e7b8e-groupManagement] INFO  segmented.SegmentedRaftLogWorker (SegmentedRaftLogWorker.java:<init>(182)) - new d7bd62da-9eff-4c5a-9810-dab6199e7b8e@group-BA0DAAC0BCDC-SegmentedRaftLogWorker for RaftStorageImpl:Storage Directory /home/runner/work/ozone/ozone/hadoop-ozone/integration-test/target/test-dir/MiniOzoneClusterImpl-31edb46a-ccfd-4ac6-802d-5dd746a085ff/datanode-4/data/ratis/501bbff6-3769-4d51-8028-ba0daac0bcdc
2024-01-18 21:14:00,486 [d7bd62da-9eff-4c5a-9810-dab6199e7b8e-groupManagement] INFO  server.RaftServerConfigKeys (ConfUtils.java:logGet(46)) - raft.server.log.queue.byte-limit = 4294967296 (custom)
2024-01-18 21:14:00,486 [d7bd62da-9eff-4c5a-9810-dab6199e7b8e-groupManagement] INFO  server.RaftServerConfigKeys (ConfUtils.java:logGet(46)) - raft.server.log.queue.element-limit = 1024 (custom)
2024-01-18 21:14:00,486 [d7bd62da-9eff-4c5a-9810-dab6199e7b8e-groupManagement] INFO  server.RaftServerConfigKeys (ConfUtils.java:logGet(46)) - raft.server.log.segment.size.max = 67108864 (custom)
2024-01-18 21:14:00,486 [d7bd62da-9eff-4c5a-9810-dab6199e7b8e-groupManagement] INFO  server.RaftServerConfigKeys (ConfUtils.java:logGet(46)) - raft.server.log.preallocated.size = 4194304 (custom)
2024-01-18 21:14:00,486 [d7bd62da-9eff-4c5a-9810-dab6199e7b8e-groupManagement] INFO  server.RaftServerConfigKeys (ConfUtils.java:logGet(46)) - raft.server.log.force.sync.num = 128 (default)
2024-01-18 21:14:00,486 [d7bd62da-9eff-4c5a-9810-dab6199e7b8e-groupManagement] INFO  server.RaftServerConfigKeys (ConfUtils.java:logGet(46)) - raft.server.log.statemachine.data.sync = true (default)
2024-01-18 21:14:00,486 [d7bd62da-9eff-4c5a-9810-dab6199e7b8e-groupManagement] INFO  server.RaftServerConfigKeys (ConfUtils.java:logGet(46)) - raft.server.log.statemachine.data.sync.timeout = 10s (default)
2024-01-18 21:14:00,486 [d7bd62da-9eff-4c5a-9810-dab6199e7b8e-groupManagement] INFO  server.RaftServerConfigKeys (ConfUtils.java:logGet(46)) - raft.server.log.statemachine.data.sync.timeout.retry = 0 (custom)
2024-01-18 21:14:00,487 [d7bd62da-9eff-4c5a-9810-dab6199e7b8e-groupManagement] INFO  server.RaftServerConfigKeys (ConfUtils.java:logGet(46)) - raft.server.log.write.buffer.size = 8388616 (custom)
2024-01-18 21:14:00,488 [d7bd62da-9eff-4c5a-9810-dab6199e7b8e-groupManagement] INFO  server.RaftServerConfigKeys (ConfUtils.java:logGet(46)) - raft.server.log.appender.buffer.byte-limit = 8388608 (custom)
2024-01-18 21:14:00,488 [d7bd62da-9eff-4c5a-9810-dab6199e7b8e-groupManagement] INFO  server.RaftServerConfigKeys (ConfUtils.java:logGet(46)) - raft.server.log.unsafe-flush.enabled = false (default)
2024-01-18 21:14:00,488 [d7bd62da-9eff-4c5a-9810-dab6199e7b8e-groupManagement] INFO  server.RaftServerConfigKeys (ConfUtils.java:logGet(46)) - raft.server.log.async-flush.enabled = false (default)
2024-01-18 21:14:00,488 [d7bd62da-9eff-4c5a-9810-dab6199e7b8e-groupManagement] INFO  server.RaftServerConfigKeys (ConfUtils.java:logGet(46)) - raft.server.log.statemachine.data.caching.enabled = true (custom)
2024-01-18 21:14:00,488 [d7bd62da-9eff-4c5a-9810-dab6199e7b8e-groupManagement] INFO  segmented.SegmentedRaftLogWorker (SegmentedRaftLogWorker.java:lambda$new$0(134)) - d7bd62da-9eff-4c5a-9810-dab6199e7b8e@group-BA0DAAC0BCDC-SegmentedRaftLogWorker: flushIndex: setUnconditionally 0 -> -1
2024-01-18 21:14:00,488 [d7bd62da-9eff-4c5a-9810-dab6199e7b8e-groupManagement] INFO  segmented.SegmentedRaftLogWorker (SegmentedRaftLogWorker.java:lambda$new$0(134)) - d7bd62da-9eff-4c5a-9810-dab6199e7b8e@group-BA0DAAC0BCDC-SegmentedRaftLogWorker: safeCacheEvictIndex: setUnconditionally 0 -> -1
2024-01-18 21:14:00,489 [d7bd62da-9eff-4c5a-9810-dab6199e7b8e-groupManagement] INFO  server.RaftServer$Division (RaftServerImpl.java:start(396)) - d7bd62da-9eff-4c5a-9810-dab6199e7b8e@group-BA0DAAC0BCDC: start as a follower, conf=-1: peers:[d7bd62da-9eff-4c5a-9810-dab6199e7b8e|10.1.0.44:15139, 2a2b30f3-c6d3-4b10-97ff-b0c22fa05b40|10.1.0.44:15148, 655b4849-f6c7-42ce-9d2b-be9b96fb5c65|10.1.0.44:15130]|listeners:[], old=null
2024-01-18 21:14:00,489 [d7bd62da-9eff-4c5a-9810-dab6199e7b8e-groupManagement] INFO  server.RaftServer$Division (RaftServerImpl.java:setRole(383)) - d7bd62da-9eff-4c5a-9810-dab6199e7b8e@group-BA0DAAC0BCDC: changes role from      null to FOLLOWER at term 0 for startAsFollower
2024-01-18 21:14:00,489 [d7bd62da-9eff-4c5a-9810-dab6199e7b8e-groupManagement] INFO  impl.RoleInfo (RoleInfo.java:updateAndGet(139)) - d7bd62da-9eff-4c5a-9810-dab6199e7b8e: start d7bd62da-9eff-4c5a-9810-dab6199e7b8e@group-BA0DAAC0BCDC-FollowerState
2024-01-18 21:14:00,489 [d7bd62da-9eff-4c5a-9810-dab6199e7b8e-groupManagement] INFO  util.JmxRegister (JmxRegister.java:tryRegister(44)) - Successfully registered JMX Bean with object name Ratis:service=RaftServer,group=group-BA0DAAC0BCDC,id=d7bd62da-9eff-4c5a-9810-dab6199e7b8e
2024-01-18 21:14:00,489 [d7bd62da-9eff-4c5a-9810-dab6199e7b8e@group-BA0DAAC0BCDC-FollowerState] INFO  server.RaftServerConfigKeys (ConfUtils.java:logFallback(53)) - raft.server.rpc.first-election.timeout.min = 5s (fallback to raft.server.rpc.timeout.min)
2024-01-18 21:14:00,489 [d7bd62da-9eff-4c5a-9810-dab6199e7b8e@group-BA0DAAC0BCDC-FollowerState] INFO  server.RaftServerConfigKeys (ConfUtils.java:logFallback(53)) - raft.server.rpc.first-election.timeout.max = 5200ms (fallback to raft.server.rpc.timeout.max)
2024-01-18 21:14:00,489 [d7bd62da-9eff-4c5a-9810-dab6199e7b8e-groupManagement] INFO  server.RaftServerConfigKeys (ConfUtils.java:logGet(46)) - raft.server.snapshot.trigger-when-stop.enabled = true (default)
2024-01-18 21:14:00,489 [d7bd62da-9eff-4c5a-9810-dab6199e7b8e-groupManagement] INFO  server.RaftServerConfigKeys (ConfUtils.java:logGet(46)) - raft.server.snapshot.auto.trigger.enabled = true (custom)
2024-01-18 21:14:00,489 [d7bd62da-9eff-4c5a-9810-dab6199e7b8e-groupManagement] INFO  server.RaftServerConfigKeys (ConfUtils.java:logGet(46)) - raft.server.snapshot.auto.trigger.threshold = 10000 (custom)
2024-01-18 21:14:00,489 [d7bd62da-9eff-4c5a-9810-dab6199e7b8e-groupManagement] INFO  server.RaftServerConfigKeys (ConfUtils.java:logGet(46)) - raft.server.snapshot.retention.file.num = 5 (custom)
2024-01-18 21:14:00,490 [d7bd62da-9eff-4c5a-9810-dab6199e7b8e-groupManagement] INFO  server.RaftServerConfigKeys (ConfUtils.java:logGet(46)) - raft.server.log.purge.upto.snapshot.index = false (default)
2024-01-18 21:14:00,494 [655b4849-f6c7-42ce-9d2b-be9b96fb5c65-PipelineCommandHandlerThread-0] INFO  commandhandler.CreatePipelineCommandHandler (CreatePipelineCommandHandler.java:lambda$handle$2(124)) - Created Pipeline RATIS THREE PipelineID=501bbff6-3769-4d51-8028-ba0daac0bcdc.
2024-01-18 21:14:00,517 [d7bd62da-9eff-4c5a-9810-dab6199e7b8e-PipelineCommandHandlerThread-0] INFO  server.RaftServer (RaftServerProxy.java:addNew(100)) - d7bd62da-9eff-4c5a-9810-dab6199e7b8e: addNew group-38707A94A719:[d7bd62da-9eff-4c5a-9810-dab6199e7b8e|10.1.0.44:15139] returns group-38707A94A719:java.util.concurrent.CompletableFuture@548e9822[Not completed]
2024-01-18 21:14:00,518 [d7bd62da-9eff-4c5a-9810-dab6199e7b8e-groupManagement] INFO  server.RaftServer$Division (RaftServerImpl.java:<init>(256)) - d7bd62da-9eff-4c5a-9810-dab6199e7b8e: new RaftServerImpl for group-38707A94A719:[d7bd62da-9eff-4c5a-9810-dab6199e7b8e|10.1.0.44:15139] with ContainerStateMachine:uninitialized
2024-01-18 21:14:00,518 [d7bd62da-9eff-4c5a-9810-dab6199e7b8e-groupManagement] INFO  server.RaftServerConfigKeys (ConfUtils.java:logGet(46)) - raft.server.rpc.timeout.min = 5s (custom)
2024-01-18 21:14:00,518 [d7bd62da-9eff-4c5a-9810-dab6199e7b8e-groupManagement] INFO  server.RaftServerConfigKeys (ConfUtils.java:logGet(46)) - raft.server.rpc.timeout.max = 5200ms (custom)
2024-01-18 21:14:00,518 [d7bd62da-9eff-4c5a-9810-dab6199e7b8e-groupManagement] INFO  server.RaftServerConfigKeys (ConfUtils.java:logGet(46)) - raft.server.rpc.sleep.time = 25ms (default)
2024-01-18 21:14:00,518 [d7bd62da-9eff-4c5a-9810-dab6199e7b8e-groupManagement] INFO  server.RaftServerConfigKeys (ConfUtils.java:logGet(46)) - raft.server.rpc.slowness.timeout = 300000ms (custom)
2024-01-18 21:14:00,518 [d7bd62da-9eff-4c5a-9810-dab6199e7b8e-groupManagement] INFO  server.RaftServerConfigKeys (ConfUtils.java:logGet(46)) - raft.server.leaderelection.leader.step-down.wait-time = 10s (default)
2024-01-18 21:14:00,518 [d7bd62da-9eff-4c5a-9810-dab6199e7b8e-groupManagement] INFO  server.RaftServerConfigKeys (ConfUtils.java:logGet(46)) - raft.server.leaderelection.member.majority-add = false (default)
2024-01-18 21:14:00,518 [d7bd62da-9eff-4c5a-9810-dab6199e7b8e-groupManagement] INFO  server.RaftServerConfigKeys (ConfUtils.java:logGet(46)) - raft.server.sleep.deviation.threshold = 300ms (default)
2024-01-18 21:14:00,518 [d7bd62da-9eff-4c5a-9810-dab6199e7b8e-groupManagement] INFO  server.RaftServer$Division (ServerState.java:<init>(113)) - d7bd62da-9eff-4c5a-9810-dab6199e7b8e@group-38707A94A719: ConfigurationManager, init=-1: peers:[d7bd62da-9eff-4c5a-9810-dab6199e7b8e|10.1.0.44:15139]|listeners:[], old=null, confs=<EMPTY_MAP>
2024-01-18 21:14:00,518 [d7bd62da-9eff-4c5a-9810-dab6199e7b8e-groupManagement] INFO  server.RaftServerConfigKeys (ConfUtils.java:logGet(46)) - raft.server.notification.no-leader.timeout = 300000ms (custom)
2024-01-18 21:14:00,518 [d7bd62da-9eff-4c5a-9810-dab6199e7b8e-groupManagement] INFO  server.RaftServerConfigKeys (ConfUtils.java:logGet(46)) - raft.server.read.timeout = 10s (default)
2024-01-18 21:14:00,518 [d7bd62da-9eff-4c5a-9810-dab6199e7b8e-groupManagement] INFO  server.RaftServerConfigKeys (ConfUtils.java:logGet(46)) - raft.server.retrycache.expirytime = 600000ms (custom)
2024-01-18 21:14:00,519 [d7bd62da-9eff-4c5a-9810-dab6199e7b8e-groupManagement] INFO  server.RaftServerConfigKeys (ConfUtils.java:logGet(46)) - raft.server.retrycache.statistics.expirytime = 100ms (default)
2024-01-18 21:14:00,519 [d7bd62da-9eff-4c5a-9810-dab6199e7b8e-groupManagement] INFO  server.RaftServerConfigKeys (ConfUtils.java:logGet(46)) - raft.server.read.option = DEFAULT (default)
2024-01-18 21:14:00,519 [d7bd62da-9eff-4c5a-9810-dab6199e7b8e-groupManagement] INFO  server.RaftServerConfigKeys (ConfUtils.java:logGet(46)) - raft.server.read.read-after-write-consistent.write-index-cache.expiry-time = 60s (default)
2024-01-18 21:14:00,520 [d7bd62da-9eff-4c5a-9810-dab6199e7b8e-groupManagement] INFO  server.RaftServerConfigKeys (ConfUtils.java:logGet(46)) - raft.server.rpc.request.timeout = 3000ms (default)
2024-01-18 21:14:00,521 [d7bd62da-9eff-4c5a-9810-dab6199e7b8e-groupManagement] INFO  server.RaftServerConfigKeys (ConfUtils.java:logGet(46)) - raft.server.log.appender.install.snapshot.enabled = false (custom)
2024-01-18 21:14:00,521 [d7bd62da-9eff-4c5a-9810-dab6199e7b8e-groupManagement] INFO  server.RaftServerConfigKeys (ConfUtils.java:logGet(46)) - raft.server.threadpool.server.cached = true (default)
2024-01-18 21:14:00,521 [d7bd62da-9eff-4c5a-9810-dab6199e7b8e-groupManagement] INFO  server.RaftServerConfigKeys (ConfUtils.java:logGet(46)) - raft.server.threadpool.server.size = 0 (default)
2024-01-18 21:14:00,521 [d7bd62da-9eff-4c5a-9810-dab6199e7b8e-groupManagement] INFO  server.RaftServerConfigKeys (ConfUtils.java:logGet(46)) - raft.server.threadpool.client.cached = true (default)
2024-01-18 21:14:00,521 [d7bd62da-9eff-4c5a-9810-dab6199e7b8e-groupManagement] INFO  server.RaftServerConfigKeys (ConfUtils.java:logGet(46)) - raft.server.threadpool.client.size = 0 (default)
2024-01-18 21:14:00,521 [d7bd62da-9eff-4c5a-9810-dab6199e7b8e-groupManagement] INFO  server.RaftServerConfigKeys (ConfUtils.java:logGet(46)) - raft.server.storage.free-space.min = 0MB (=0) (default)
2024-01-18 21:14:00,521 [d7bd62da-9eff-4c5a-9810-dab6199e7b8e-groupManagement] INFO  server.RaftServerConfigKeys (ConfUtils.java:logGet(46)) - raft.server.log.corruption.policy = EXCEPTION (default)
2024-01-18 21:14:00,521 [d7bd62da-9eff-4c5a-9810-dab6199e7b8e-groupManagement] INFO  server.RaftServerConfigKeys (ConfUtils.java:logGet(46)) - raft.server.storage.dir = [/home/runner/work/ozone/ozone/hadoop-ozone/integration-test/target/test-dir/MiniOzoneClusterImpl-31edb46a-ccfd-4ac6-802d-5dd746a085ff/datanode-4/data/ratis] (custom)
2024-01-18 21:14:00,521 [d7bd62da-9eff-4c5a-9810-dab6199e7b8e-groupManagement] INFO  storage.RaftStorageDirectory (RaftStorageDirectoryImpl.java:analyzeStorage(138)) - The storage directory /home/runner/work/ozone/ozone/hadoop-ozone/integration-test/target/test-dir/MiniOzoneClusterImpl-31edb46a-ccfd-4ac6-802d-5dd746a085ff/datanode-4/data/ratis/2541ae3c-6a23-4634-a975-38707a94a719 does not exist. Creating ...
2024-01-18 21:14:00,522 [d7bd62da-9eff-4c5a-9810-dab6199e7b8e-groupManagement] INFO  storage.RaftStorageDirectory (RaftStorageDirectoryImpl.java:tryLock(228)) - Lock on /home/runner/work/ozone/ozone/hadoop-ozone/integration-test/target/test-dir/MiniOzoneClusterImpl-31edb46a-ccfd-4ac6-802d-5dd746a085ff/datanode-4/data/ratis/2541ae3c-6a23-4634-a975-38707a94a719/in_use.lock acquired by nodename 70315@fv-az776-647
2024-01-18 21:14:00,523 [d7bd62da-9eff-4c5a-9810-dab6199e7b8e-groupManagement] INFO  storage.RaftStorage (RaftStorageImpl.java:format(99)) - Storage directory /home/runner/work/ozone/ozone/hadoop-ozone/integration-test/target/test-dir/MiniOzoneClusterImpl-31edb46a-ccfd-4ac6-802d-5dd746a085ff/datanode-4/data/ratis/2541ae3c-6a23-4634-a975-38707a94a719 has been successfully formatted.
2024-01-18 21:14:00,523 [d7bd62da-9eff-4c5a-9810-dab6199e7b8e-groupManagement] WARN  util.FileUtils (LogUtils.java:supplyAndLog(63)) - Failed to Files.newInputStream /home/runner/work/ozone/ozone/hadoop-ozone/integration-test/target/test-dir/MiniOzoneClusterImpl-31edb46a-ccfd-4ac6-802d-5dd746a085ff/datanode-4/data/ratis/2541ae3c-6a23-4634-a975-38707a94a719/current/raft-meta.conf with options []: java.nio.file.NoSuchFileException: /home/runner/work/ozone/ozone/hadoop-ozone/integration-test/target/test-dir/MiniOzoneClusterImpl-31edb46a-ccfd-4ac6-802d-5dd746a085ff/datanode-4/data/ratis/2541ae3c-6a23-4634-a975-38707a94a719/current/raft-meta.conf
2024-01-18 21:14:00,523 [d7bd62da-9eff-4c5a-9810-dab6199e7b8e-groupManagement] INFO  ratis.ContainerStateMachine (ContainerStateMachine.java:loadSnapshot(287)) - group-38707A94A719: The snapshot info is null. Setting the last applied index to:(t:0, i:~)
2024-01-18 21:14:00,523 [d7bd62da-9eff-4c5a-9810-dab6199e7b8e-groupManagement] INFO  server.RaftServerConfigKeys (ConfUtils.java:logGet(46)) - raft.server.log.use.memory = false (default)
2024-01-18 21:14:00,523 [d7bd62da-9eff-4c5a-9810-dab6199e7b8e-groupManagement] INFO  server.RaftServerConfigKeys (ConfUtils.java:logGet(46)) - raft.server.log.purge.gap = 1000000 (custom)
2024-01-18 21:14:00,524 [d7bd62da-9eff-4c5a-9810-dab6199e7b8e-groupManagement] INFO  server.RaftServerConfigKeys (ConfUtils.java:logGet(46)) - raft.server.log.appender.buffer.byte-limit = 8388608 (custom)
2024-01-18 21:14:00,524 [d7bd62da-9eff-4c5a-9810-dab6199e7b8e-groupManagement] INFO  server.RaftServerConfigKeys (ConfUtils.java:logGet(46)) - raft.server.log.statemachine.data.read.timeout = 1000ms (default)
2024-01-18 21:14:00,524 [d7bd62da-9eff-4c5a-9810-dab6199e7b8e-groupManagement] INFO  server.RaftServerConfigKeys (ConfUtils.java:logGet(46)) - raft.server.log.purge.preservation.log.num = 0 (default)
2024-01-18 21:14:00,524 [EventQueue-PipelineReportForPipelineReportHandler] INFO  pipeline.PipelineReportHandler (PipelineReportHandler.java:processPipelineReport(136)) - Opened pipeline PipelineID=2541ae3c-6a23-4634-a975-38707a94a719
2024-01-18 21:14:00,525 [EventQueue-OpenPipelineForHealthyPipelineSafeModeRule] INFO  safemode.SCMSafeModeManager (HealthyPipelineSafeModeRule.java:process(140)) - SCM in safe mode. Healthy pipelines reported count is 0, required healthy pipeline reported count is 1
2024-01-18 21:14:00,525 [d7bd62da-9eff-4c5a-9810-dab6199e7b8e-groupManagement] INFO  server.RaftServerConfigKeys (ConfUtils.java:logGet(46)) - raft.server.log.segment.size.max = 67108864 (custom)
2024-01-18 21:14:00,525 [d7bd62da-9eff-4c5a-9810-dab6199e7b8e-groupManagement] INFO  server.RaftServerConfigKeys (ConfUtils.java:logGet(46)) - raft.server.log.segment.cache.num.max = 2 (custom)
2024-01-18 21:14:00,526 [d7bd62da-9eff-4c5a-9810-dab6199e7b8e-groupManagement] INFO  server.RaftServerConfigKeys (ConfUtils.java:logGet(46)) - raft.server.log.segment.cache.size.max = 200MB (=209715200) (default)
2024-01-18 21:14:00,526 [d7bd62da-9eff-4c5a-9810-dab6199e7b8e-groupManagement] INFO  server.RaftServerConfigKeys (ConfUtils.java:logGet(46)) - raft.server.log.appender.buffer.byte-limit = 8388608 (custom)
2024-01-18 21:14:00,526 [d7bd62da-9eff-4c5a-9810-dab6199e7b8e-groupManagement] INFO  util.AwaitToRun (AwaitToRun.java:start(81)) - Thread[d7bd62da-9eff-4c5a-9810-dab6199e7b8e@group-38707A94A719-cacheEviction-AwaitToRun,5,main] started
2024-01-18 21:14:00,526 [d7bd62da-9eff-4c5a-9810-dab6199e7b8e-groupManagement] INFO  segmented.SegmentedRaftLogWorker (SegmentedRaftLogWorker.java:<init>(182)) - new d7bd62da-9eff-4c5a-9810-dab6199e7b8e@group-38707A94A719-SegmentedRaftLogWorker for RaftStorageImpl:Storage Directory /home/runner/work/ozone/ozone/hadoop-ozone/integration-test/target/test-dir/MiniOzoneClusterImpl-31edb46a-ccfd-4ac6-802d-5dd746a085ff/datanode-4/data/ratis/2541ae3c-6a23-4634-a975-38707a94a719
2024-01-18 21:14:00,526 [d7bd62da-9eff-4c5a-9810-dab6199e7b8e-groupManagement] INFO  server.RaftServerConfigKeys (ConfUtils.java:logGet(46)) - raft.server.log.queue.byte-limit = 4294967296 (custom)
2024-01-18 21:14:00,526 [d7bd62da-9eff-4c5a-9810-dab6199e7b8e-groupManagement] INFO  server.RaftServerConfigKeys (ConfUtils.java:logGet(46)) - raft.server.log.queue.element-limit = 1024 (custom)
2024-01-18 21:14:00,526 [d7bd62da-9eff-4c5a-9810-dab6199e7b8e-groupManagement] INFO  server.RaftServerConfigKeys (ConfUtils.java:logGet(46)) - raft.server.log.segment.size.max = 67108864 (custom)
2024-01-18 21:14:00,526 [d7bd62da-9eff-4c5a-9810-dab6199e7b8e-groupManagement] INFO  server.RaftServerConfigKeys (ConfUtils.java:logGet(46)) - raft.server.log.preallocated.size = 4194304 (custom)
2024-01-18 21:14:00,526 [d7bd62da-9eff-4c5a-9810-dab6199e7b8e-groupManagement] INFO  server.RaftServerConfigKeys (ConfUtils.java:logGet(46)) - raft.server.log.force.sync.num = 128 (default)
2024-01-18 21:14:00,526 [d7bd62da-9eff-4c5a-9810-dab6199e7b8e-groupManagement] INFO  server.RaftServerConfigKeys (ConfUtils.java:logGet(46)) - raft.server.log.statemachine.data.sync = true (default)
2024-01-18 21:14:00,526 [d7bd62da-9eff-4c5a-9810-dab6199e7b8e-groupManagement] INFO  server.RaftServerConfigKeys (ConfUtils.java:logGet(46)) - raft.server.log.statemachine.data.sync.timeout = 10s (default)
2024-01-18 21:14:00,526 [d7bd62da-9eff-4c5a-9810-dab6199e7b8e-groupManagement] INFO  server.RaftServerConfigKeys (ConfUtils.java:logGet(46)) - raft.server.log.statemachine.data.sync.timeout.retry = 0 (custom)
2024-01-18 21:14:00,527 [d7bd62da-9eff-4c5a-9810-dab6199e7b8e-groupManagement] INFO  server.RaftServerConfigKeys (ConfUtils.java:logGet(46)) - raft.server.log.write.buffer.size = 8388616 (custom)
2024-01-18 21:14:00,529 [d7bd62da-9eff-4c5a-9810-dab6199e7b8e-groupManagement] INFO  server.RaftServerConfigKeys (ConfUtils.java:logGet(46)) - raft.server.log.appender.buffer.byte-limit = 8388608 (custom)
2024-01-18 21:14:00,529 [d7bd62da-9eff-4c5a-9810-dab6199e7b8e-groupManagement] INFO  server.RaftServerConfigKeys (ConfUtils.java:logGet(46)) - raft.server.log.unsafe-flush.enabled = false (default)
2024-01-18 21:14:00,529 [d7bd62da-9eff-4c5a-9810-dab6199e7b8e-groupManagement] INFO  server.RaftServerConfigKeys (ConfUtils.java:logGet(46)) - raft.server.log.async-flush.enabled = false (default)
2024-01-18 21:14:00,529 [d7bd62da-9eff-4c5a-9810-dab6199e7b8e-groupManagement] INFO  server.RaftServerConfigKeys (ConfUtils.java:logGet(46)) - raft.server.log.statemachine.data.caching.enabled = true (custom)
2024-01-18 21:14:00,529 [d7bd62da-9eff-4c5a-9810-dab6199e7b8e-groupManagement] INFO  segmented.SegmentedRaftLogWorker (SegmentedRaftLogWorker.java:lambda$new$0(134)) - d7bd62da-9eff-4c5a-9810-dab6199e7b8e@group-38707A94A719-SegmentedRaftLogWorker: flushIndex: setUnconditionally 0 -> -1
2024-01-18 21:14:00,529 [d7bd62da-9eff-4c5a-9810-dab6199e7b8e-groupManagement] INFO  segmented.SegmentedRaftLogWorker (SegmentedRaftLogWorker.java:lambda$new$0(134)) - d7bd62da-9eff-4c5a-9810-dab6199e7b8e@group-38707A94A719-SegmentedRaftLogWorker: safeCacheEvictIndex: setUnconditionally 0 -> -1
2024-01-18 21:14:00,529 [d7bd62da-9eff-4c5a-9810-dab6199e7b8e-groupManagement] INFO  server.RaftServer$Division (RaftServerImpl.java:start(396)) - d7bd62da-9eff-4c5a-9810-dab6199e7b8e@group-38707A94A719: start as a follower, conf=-1: peers:[d7bd62da-9eff-4c5a-9810-dab6199e7b8e|10.1.0.44:15139]|listeners:[], old=null
2024-01-18 21:14:00,529 [d7bd62da-9eff-4c5a-9810-dab6199e7b8e-groupManagement] INFO  server.RaftServer$Division (RaftServerImpl.java:setRole(383)) - d7bd62da-9eff-4c5a-9810-dab6199e7b8e@group-38707A94A719: changes role from      null to FOLLOWER at term 0 for startAsFollower
2024-01-18 21:14:00,529 [d7bd62da-9eff-4c5a-9810-dab6199e7b8e-groupManagement] INFO  impl.RoleInfo (RoleInfo.java:updateAndGet(139)) - d7bd62da-9eff-4c5a-9810-dab6199e7b8e: start d7bd62da-9eff-4c5a-9810-dab6199e7b8e@group-38707A94A719-FollowerState
2024-01-18 21:14:00,530 [d7bd62da-9eff-4c5a-9810-dab6199e7b8e@group-38707A94A719-FollowerState] INFO  server.RaftServerConfigKeys (ConfUtils.java:logFallback(53)) - raft.server.rpc.first-election.timeout.min = 5s (fallback to raft.server.rpc.timeout.min)
2024-01-18 21:14:00,530 [d7bd62da-9eff-4c5a-9810-dab6199e7b8e-groupManagement] INFO  util.JmxRegister (JmxRegister.java:tryRegister(44)) - Successfully registered JMX Bean with object name Ratis:service=RaftServer,group=group-38707A94A719,id=d7bd62da-9eff-4c5a-9810-dab6199e7b8e
2024-01-18 21:14:00,530 [d7bd62da-9eff-4c5a-9810-dab6199e7b8e@group-38707A94A719-FollowerState] INFO  server.RaftServerConfigKeys (ConfUtils.java:logFallback(53)) - raft.server.rpc.first-election.timeout.max = 5200ms (fallback to raft.server.rpc.timeout.max)
2024-01-18 21:14:00,530 [d7bd62da-9eff-4c5a-9810-dab6199e7b8e-groupManagement] INFO  server.RaftServerConfigKeys (ConfUtils.java:logGet(46)) - raft.server.snapshot.trigger-when-stop.enabled = true (default)
2024-01-18 21:14:00,530 [d7bd62da-9eff-4c5a-9810-dab6199e7b8e-groupManagement] INFO  server.RaftServerConfigKeys (ConfUtils.java:logGet(46)) - raft.server.snapshot.auto.trigger.enabled = true (custom)
2024-01-18 21:14:00,530 [d7bd62da-9eff-4c5a-9810-dab6199e7b8e-groupManagement] INFO  server.RaftServerConfigKeys (ConfUtils.java:logGet(46)) - raft.server.snapshot.auto.trigger.threshold = 10000 (custom)
2024-01-18 21:14:00,530 [d7bd62da-9eff-4c5a-9810-dab6199e7b8e-groupManagement] INFO  server.RaftServerConfigKeys (ConfUtils.java:logGet(46)) - raft.server.snapshot.retention.file.num = 5 (custom)
2024-01-18 21:14:00,530 [d7bd62da-9eff-4c5a-9810-dab6199e7b8e-groupManagement] INFO  server.RaftServerConfigKeys (ConfUtils.java:logGet(46)) - raft.server.log.purge.upto.snapshot.index = false (default)
2024-01-18 21:14:00,531 [d7bd62da-9eff-4c5a-9810-dab6199e7b8e-PipelineCommandHandlerThread-0] INFO  ratis.XceiverServerRatis (XceiverServerRatis.java:addGroup(842)) - Created group PipelineID=2541ae3c-6a23-4634-a975-38707a94a719
2024-01-18 21:14:00,531 [d7bd62da-9eff-4c5a-9810-dab6199e7b8e-PipelineCommandHandlerThread-0] INFO  commandhandler.CreatePipelineCommandHandler (CreatePipelineCommandHandler.java:lambda$handle$2(124)) - Created Pipeline RATIS ONE PipelineID=2541ae3c-6a23-4634-a975-38707a94a719.
2024-01-18 21:14:00,612 [2a2b30f3-c6d3-4b10-97ff-b0c22fa05b40-PipelineCommandHandlerThread-0] INFO  server.RaftServer (RaftServerProxy.java:addNew(100)) - 2a2b30f3-c6d3-4b10-97ff-b0c22fa05b40: addNew group-92F7B8E5DABF:[2a2b30f3-c6d3-4b10-97ff-b0c22fa05b40|10.1.0.44:15148] returns group-92F7B8E5DABF:java.util.concurrent.CompletableFuture@34d0010e[Not completed]
2024-01-18 21:14:00,613 [2a2b30f3-c6d3-4b10-97ff-b0c22fa05b40-groupManagement] INFO  server.RaftServer$Division (RaftServerImpl.java:<init>(256)) - 2a2b30f3-c6d3-4b10-97ff-b0c22fa05b40: new RaftServerImpl for group-92F7B8E5DABF:[2a2b30f3-c6d3-4b10-97ff-b0c22fa05b40|10.1.0.44:15148] with ContainerStateMachine:uninitialized
2024-01-18 21:14:00,613 [2a2b30f3-c6d3-4b10-97ff-b0c22fa05b40-groupManagement] INFO  server.RaftServerConfigKeys (ConfUtils.java:logGet(46)) - raft.server.rpc.timeout.min = 5s (custom)
2024-01-18 21:14:00,613 [2a2b30f3-c6d3-4b10-97ff-b0c22fa05b40-groupManagement] INFO  server.RaftServerConfigKeys (ConfUtils.java:logGet(46)) - raft.server.rpc.timeout.max = 5200ms (custom)
2024-01-18 21:14:00,613 [2a2b30f3-c6d3-4b10-97ff-b0c22fa05b40-groupManagement] INFO  server.RaftServerConfigKeys (ConfUtils.java:logGet(46)) - raft.server.rpc.sleep.time = 25ms (default)
2024-01-18 21:14:00,613 [2a2b30f3-c6d3-4b10-97ff-b0c22fa05b40-groupManagement] INFO  server.RaftServerConfigKeys (ConfUtils.java:logGet(46)) - raft.server.rpc.slowness.timeout = 300000ms (custom)
2024-01-18 21:14:00,613 [2a2b30f3-c6d3-4b10-97ff-b0c22fa05b40-groupManagement] INFO  server.RaftServerConfigKeys (ConfUtils.java:logGet(46)) - raft.server.leaderelection.leader.step-down.wait-time = 10s (default)
2024-01-18 21:14:00,613 [2a2b30f3-c6d3-4b10-97ff-b0c22fa05b40-groupManagement] INFO  server.RaftServerConfigKeys (ConfUtils.java:logGet(46)) - raft.server.leaderelection.member.majority-add = false (default)
2024-01-18 21:14:00,613 [2a2b30f3-c6d3-4b10-97ff-b0c22fa05b40-groupManagement] INFO  server.RaftServerConfigKeys (ConfUtils.java:logGet(46)) - raft.server.sleep.deviation.threshold = 300ms (default)
2024-01-18 21:14:00,613 [2a2b30f3-c6d3-4b10-97ff-b0c22fa05b40-groupManagement] INFO  server.RaftServer$Division (ServerState.java:<init>(113)) - 2a2b30f3-c6d3-4b10-97ff-b0c22fa05b40@group-92F7B8E5DABF: ConfigurationManager, init=-1: peers:[2a2b30f3-c6d3-4b10-97ff-b0c22fa05b40|10.1.0.44:15148]|listeners:[], old=null, confs=<EMPTY_MAP>
2024-01-18 21:14:00,613 [2a2b30f3-c6d3-4b10-97ff-b0c22fa05b40-groupManagement] INFO  server.RaftServerConfigKeys (ConfUtils.java:logGet(46)) - raft.server.notification.no-leader.timeout = 300000ms (custom)
2024-01-18 21:14:00,613 [2a2b30f3-c6d3-4b10-97ff-b0c22fa05b40-groupManagement] INFO  server.RaftServerConfigKeys (ConfUtils.java:logGet(46)) - raft.server.read.timeout = 10s (default)
2024-01-18 21:14:00,613 [2a2b30f3-c6d3-4b10-97ff-b0c22fa05b40-groupManagement] INFO  server.RaftServerConfigKeys (ConfUtils.java:logGet(46)) - raft.server.retrycache.expirytime = 600000ms (custom)
2024-01-18 21:14:00,613 [2a2b30f3-c6d3-4b10-97ff-b0c22fa05b40-groupManagement] INFO  server.RaftServerConfigKeys (ConfUtils.java:logGet(46)) - raft.server.retrycache.statistics.expirytime = 100ms (default)
2024-01-18 21:14:00,614 [2a2b30f3-c6d3-4b10-97ff-b0c22fa05b40-groupManagement] INFO  server.RaftServerConfigKeys (ConfUtils.java:logGet(46)) - raft.server.read.option = DEFAULT (default)
2024-01-18 21:14:00,614 [2a2b30f3-c6d3-4b10-97ff-b0c22fa05b40-groupManagement] INFO  server.RaftServerConfigKeys (ConfUtils.java:logGet(46)) - raft.server.read.read-after-write-consistent.write-index-cache.expiry-time = 60s (default)
2024-01-18 21:14:00,615 [2a2b30f3-c6d3-4b10-97ff-b0c22fa05b40-groupManagement] INFO  server.RaftServerConfigKeys (ConfUtils.java:logGet(46)) - raft.server.rpc.request.timeout = 3000ms (default)
2024-01-18 21:14:00,615 [2a2b30f3-c6d3-4b10-97ff-b0c22fa05b40-groupManagement] INFO  server.RaftServerConfigKeys (ConfUtils.java:logGet(46)) - raft.server.log.appender.install.snapshot.enabled = false (custom)
2024-01-18 21:14:00,615 [2a2b30f3-c6d3-4b10-97ff-b0c22fa05b40-groupManagement] INFO  server.RaftServerConfigKeys (ConfUtils.java:logGet(46)) - raft.server.threadpool.server.cached = true (default)
2024-01-18 21:14:00,615 [2a2b30f3-c6d3-4b10-97ff-b0c22fa05b40-groupManagement] INFO  server.RaftServerConfigKeys (ConfUtils.java:logGet(46)) - raft.server.threadpool.server.size = 0 (default)
2024-01-18 21:14:00,615 [2a2b30f3-c6d3-4b10-97ff-b0c22fa05b40-groupManagement] INFO  server.RaftServerConfigKeys (ConfUtils.java:logGet(46)) - raft.server.threadpool.client.cached = true (default)
2024-01-18 21:14:00,615 [2a2b30f3-c6d3-4b10-97ff-b0c22fa05b40-groupManagement] INFO  server.RaftServerConfigKeys (ConfUtils.java:logGet(46)) - raft.server.threadpool.client.size = 0 (default)
2024-01-18 21:14:00,615 [2a2b30f3-c6d3-4b10-97ff-b0c22fa05b40-groupManagement] INFO  server.RaftServerConfigKeys (ConfUtils.java:logGet(46)) - raft.server.storage.free-space.min = 0MB (=0) (default)
2024-01-18 21:14:00,615 [2a2b30f3-c6d3-4b10-97ff-b0c22fa05b40-groupManagement] INFO  server.RaftServerConfigKeys (ConfUtils.java:logGet(46)) - raft.server.log.corruption.policy = EXCEPTION (default)
2024-01-18 21:14:00,616 [2a2b30f3-c6d3-4b10-97ff-b0c22fa05b40-groupManagement] INFO  server.RaftServerConfigKeys (ConfUtils.java:logGet(46)) - raft.server.storage.dir = [/home/runner/work/ozone/ozone/hadoop-ozone/integration-test/target/test-dir/MiniOzoneClusterImpl-31edb46a-ccfd-4ac6-802d-5dd746a085ff/datanode-5/data/ratis] (custom)
2024-01-18 21:14:00,616 [2a2b30f3-c6d3-4b10-97ff-b0c22fa05b40-groupManagement] INFO  storage.RaftStorageDirectory (RaftStorageDirectoryImpl.java:analyzeStorage(138)) - The storage directory /home/runner/work/ozone/ozone/hadoop-ozone/integration-test/target/test-dir/MiniOzoneClusterImpl-31edb46a-ccfd-4ac6-802d-5dd746a085ff/datanode-5/data/ratis/fc6e7408-d8c6-43bf-92ee-92f7b8e5dabf does not exist. Creating ...
2024-01-18 21:14:00,617 [2a2b30f3-c6d3-4b10-97ff-b0c22fa05b40-groupManagement] INFO  storage.RaftStorageDirectory (RaftStorageDirectoryImpl.java:tryLock(228)) - Lock on /home/runner/work/ozone/ozone/hadoop-ozone/integration-test/target/test-dir/MiniOzoneClusterImpl-31edb46a-ccfd-4ac6-802d-5dd746a085ff/datanode-5/data/ratis/fc6e7408-d8c6-43bf-92ee-92f7b8e5dabf/in_use.lock acquired by nodename 70315@fv-az776-647
2024-01-18 21:14:00,617 [2a2b30f3-c6d3-4b10-97ff-b0c22fa05b40-groupManagement] INFO  storage.RaftStorage (RaftStorageImpl.java:format(99)) - Storage directory /home/runner/work/ozone/ozone/hadoop-ozone/integration-test/target/test-dir/MiniOzoneClusterImpl-31edb46a-ccfd-4ac6-802d-5dd746a085ff/datanode-5/data/ratis/fc6e7408-d8c6-43bf-92ee-92f7b8e5dabf has been successfully formatted.
2024-01-18 21:14:00,618 [2a2b30f3-c6d3-4b10-97ff-b0c22fa05b40-groupManagement] WARN  util.FileUtils (LogUtils.java:supplyAndLog(63)) - Failed to Files.newInputStream /home/runner/work/ozone/ozone/hadoop-ozone/integration-test/target/test-dir/MiniOzoneClusterImpl-31edb46a-ccfd-4ac6-802d-5dd746a085ff/datanode-5/data/ratis/fc6e7408-d8c6-43bf-92ee-92f7b8e5dabf/current/raft-meta.conf with options []: java.nio.file.NoSuchFileException: /home/runner/work/ozone/ozone/hadoop-ozone/integration-test/target/test-dir/MiniOzoneClusterImpl-31edb46a-ccfd-4ac6-802d-5dd746a085ff/datanode-5/data/ratis/fc6e7408-d8c6-43bf-92ee-92f7b8e5dabf/current/raft-meta.conf
2024-01-18 21:14:00,618 [2a2b30f3-c6d3-4b10-97ff-b0c22fa05b40-groupManagement] INFO  ratis.ContainerStateMachine (ContainerStateMachine.java:loadSnapshot(287)) - group-92F7B8E5DABF: The snapshot info is null. Setting the last applied index to:(t:0, i:~)
2024-01-18 21:14:00,618 [2a2b30f3-c6d3-4b10-97ff-b0c22fa05b40-groupManagement] INFO  server.RaftServerConfigKeys (ConfUtils.java:logGet(46)) - raft.server.log.use.memory = false (default)
2024-01-18 21:14:00,618 [2a2b30f3-c6d3-4b10-97ff-b0c22fa05b40-groupManagement] INFO  server.RaftServerConfigKeys (ConfUtils.java:logGet(46)) - raft.server.log.purge.gap = 1000000 (custom)
2024-01-18 21:14:00,618 [2a2b30f3-c6d3-4b10-97ff-b0c22fa05b40-groupManagement] INFO  server.RaftServerConfigKeys (ConfUtils.java:logGet(46)) - raft.server.log.appender.buffer.byte-limit = 8388608 (custom)
2024-01-18 21:14:00,619 [2a2b30f3-c6d3-4b10-97ff-b0c22fa05b40-groupManagement] INFO  server.RaftServerConfigKeys (ConfUtils.java:logGet(46)) - raft.server.log.statemachine.data.read.timeout = 1000ms (default)
2024-01-18 21:14:00,619 [2a2b30f3-c6d3-4b10-97ff-b0c22fa05b40-groupManagement] INFO  server.RaftServerConfigKeys (ConfUtils.java:logGet(46)) - raft.server.log.purge.preservation.log.num = 0 (default)
2024-01-18 21:14:00,620 [EventQueue-PipelineReportForPipelineReportHandler] INFO  pipeline.PipelineReportHandler (PipelineReportHandler.java:processPipelineReport(136)) - Opened pipeline PipelineID=fc6e7408-d8c6-43bf-92ee-92f7b8e5dabf
2024-01-18 21:14:00,620 [2a2b30f3-c6d3-4b10-97ff-b0c22fa05b40-groupManagement] INFO  server.RaftServerConfigKeys (ConfUtils.java:logGet(46)) - raft.server.log.segment.size.max = 67108864 (custom)
2024-01-18 21:14:00,620 [EventQueue-OpenPipelineForHealthyPipelineSafeModeRule] INFO  safemode.SCMSafeModeManager (HealthyPipelineSafeModeRule.java:process(140)) - SCM in safe mode. Healthy pipelines reported count is 0, required healthy pipeline reported count is 1
2024-01-18 21:14:00,620 [2a2b30f3-c6d3-4b10-97ff-b0c22fa05b40-groupManagement] INFO  server.RaftServerConfigKeys (ConfUtils.java:logGet(46)) - raft.server.log.segment.cache.num.max = 2 (custom)
2024-01-18 21:14:00,620 [2a2b30f3-c6d3-4b10-97ff-b0c22fa05b40-groupManagement] INFO  server.RaftServerConfigKeys (ConfUtils.java:logGet(46)) - raft.server.log.segment.cache.size.max = 200MB (=209715200) (default)
2024-01-18 21:14:00,620 [2a2b30f3-c6d3-4b10-97ff-b0c22fa05b40-groupManagement] INFO  server.RaftServerConfigKeys (ConfUtils.java:logGet(46)) - raft.server.log.appender.buffer.byte-limit = 8388608 (custom)
2024-01-18 21:14:00,621 [2a2b30f3-c6d3-4b10-97ff-b0c22fa05b40-groupManagement] INFO  util.AwaitToRun (AwaitToRun.java:start(81)) - Thread[2a2b30f3-c6d3-4b10-97ff-b0c22fa05b40@group-92F7B8E5DABF-cacheEviction-AwaitToRun,5,main] started
2024-01-18 21:14:00,621 [2a2b30f3-c6d3-4b10-97ff-b0c22fa05b40-groupManagement] INFO  segmented.SegmentedRaftLogWorker (SegmentedRaftLogWorker.java:<init>(182)) - new 2a2b30f3-c6d3-4b10-97ff-b0c22fa05b40@group-92F7B8E5DABF-SegmentedRaftLogWorker for RaftStorageImpl:Storage Directory /home/runner/work/ozone/ozone/hadoop-ozone/integration-test/target/test-dir/MiniOzoneClusterImpl-31edb46a-ccfd-4ac6-802d-5dd746a085ff/datanode-5/data/ratis/fc6e7408-d8c6-43bf-92ee-92f7b8e5dabf
2024-01-18 21:14:00,621 [2a2b30f3-c6d3-4b10-97ff-b0c22fa05b40-groupManagement] INFO  server.RaftServerConfigKeys (ConfUtils.java:logGet(46)) - raft.server.log.queue.byte-limit = 4294967296 (custom)
2024-01-18 21:14:00,621 [2a2b30f3-c6d3-4b10-97ff-b0c22fa05b40-groupManagement] INFO  server.RaftServerConfigKeys (ConfUtils.java:logGet(46)) - raft.server.log.queue.element-limit = 1024 (custom)
2024-01-18 21:14:00,621 [2a2b30f3-c6d3-4b10-97ff-b0c22fa05b40-groupManagement] INFO  server.RaftServerConfigKeys (ConfUtils.java:logGet(46)) - raft.server.log.segment.size.max = 67108864 (custom)
2024-01-18 21:14:00,621 [2a2b30f3-c6d3-4b10-97ff-b0c22fa05b40-groupManagement] INFO  server.RaftServerConfigKeys (ConfUtils.java:logGet(46)) - raft.server.log.preallocated.size = 4194304 (custom)
2024-01-18 21:14:00,621 [2a2b30f3-c6d3-4b10-97ff-b0c22fa05b40-groupManagement] INFO  server.RaftServerConfigKeys (ConfUtils.java:logGet(46)) - raft.server.log.force.sync.num = 128 (default)
2024-01-18 21:14:00,621 [2a2b30f3-c6d3-4b10-97ff-b0c22fa05b40-groupManagement] INFO  server.RaftServerConfigKeys (ConfUtils.java:logGet(46)) - raft.server.log.statemachine.data.sync = true (default)
2024-01-18 21:14:00,621 [2a2b30f3-c6d3-4b10-97ff-b0c22fa05b40-groupManagement] INFO  server.RaftServerConfigKeys (ConfUtils.java:logGet(46)) - raft.server.log.statemachine.data.sync.timeout = 10s (default)
2024-01-18 21:14:00,621 [2a2b30f3-c6d3-4b10-97ff-b0c22fa05b40-groupManagement] INFO  server.RaftServerConfigKeys (ConfUtils.java:logGet(46)) - raft.server.log.statemachine.data.sync.timeout.retry = 0 (custom)
2024-01-18 21:14:00,621 [2a2b30f3-c6d3-4b10-97ff-b0c22fa05b40-groupManagement] INFO  server.RaftServerConfigKeys (ConfUtils.java:logGet(46)) - raft.server.log.write.buffer.size = 8388616 (custom)
2024-01-18 21:14:00,623 [2a2b30f3-c6d3-4b10-97ff-b0c22fa05b40-groupManagement] INFO  server.RaftServerConfigKeys (ConfUtils.java:logGet(46)) - raft.server.log.appender.buffer.byte-limit = 8388608 (custom)
2024-01-18 21:14:00,623 [2a2b30f3-c6d3-4b10-97ff-b0c22fa05b40-groupManagement] INFO  server.RaftServerConfigKeys (ConfUtils.java:logGet(46)) - raft.server.log.unsafe-flush.enabled = false (default)
2024-01-18 21:14:00,623 [2a2b30f3-c6d3-4b10-97ff-b0c22fa05b40-groupManagement] INFO  server.RaftServerConfigKeys (ConfUtils.java:logGet(46)) - raft.server.log.async-flush.enabled = false (default)
2024-01-18 21:14:00,623 [2a2b30f3-c6d3-4b10-97ff-b0c22fa05b40-groupManagement] INFO  server.RaftServerConfigKeys (ConfUtils.java:logGet(46)) - raft.server.log.statemachine.data.caching.enabled = true (custom)
2024-01-18 21:14:00,623 [2a2b30f3-c6d3-4b10-97ff-b0c22fa05b40-groupManagement] INFO  segmented.SegmentedRaftLogWorker (SegmentedRaftLogWorker.java:lambda$new$0(134)) - 2a2b30f3-c6d3-4b10-97ff-b0c22fa05b40@group-92F7B8E5DABF-SegmentedRaftLogWorker: flushIndex: setUnconditionally 0 -> -1
2024-01-18 21:14:00,623 [2a2b30f3-c6d3-4b10-97ff-b0c22fa05b40-groupManagement] INFO  segmented.SegmentedRaftLogWorker (SegmentedRaftLogWorker.java:lambda$new$0(134)) - 2a2b30f3-c6d3-4b10-97ff-b0c22fa05b40@group-92F7B8E5DABF-SegmentedRaftLogWorker: safeCacheEvictIndex: setUnconditionally 0 -> -1
2024-01-18 21:14:00,623 [2a2b30f3-c6d3-4b10-97ff-b0c22fa05b40-groupManagement] INFO  server.RaftServer$Division (RaftServerImpl.java:start(396)) - 2a2b30f3-c6d3-4b10-97ff-b0c22fa05b40@group-92F7B8E5DABF: start as a follower, conf=-1: peers:[2a2b30f3-c6d3-4b10-97ff-b0c22fa05b40|10.1.0.44:15148]|listeners:[], old=null
2024-01-18 21:14:00,623 [2a2b30f3-c6d3-4b10-97ff-b0c22fa05b40-groupManagement] INFO  server.RaftServer$Division (RaftServerImpl.java:setRole(383)) - 2a2b30f3-c6d3-4b10-97ff-b0c22fa05b40@group-92F7B8E5DABF: changes role from      null to FOLLOWER at term 0 for startAsFollower
2024-01-18 21:14:00,623 [2a2b30f3-c6d3-4b10-97ff-b0c22fa05b40-groupManagement] INFO  impl.RoleInfo (RoleInfo.java:updateAndGet(139)) - 2a2b30f3-c6d3-4b10-97ff-b0c22fa05b40: start 2a2b30f3-c6d3-4b10-97ff-b0c22fa05b40@group-92F7B8E5DABF-FollowerState
2024-01-18 21:14:00,623 [2a2b30f3-c6d3-4b10-97ff-b0c22fa05b40-groupManagement] INFO  util.JmxRegister (JmxRegister.java:tryRegister(44)) - Successfully registered JMX Bean with object name Ratis:service=RaftServer,group=group-92F7B8E5DABF,id=2a2b30f3-c6d3-4b10-97ff-b0c22fa05b40
2024-01-18 21:14:00,623 [2a2b30f3-c6d3-4b10-97ff-b0c22fa05b40@group-92F7B8E5DABF-FollowerState] INFO  server.RaftServerConfigKeys (ConfUtils.java:logFallback(53)) - raft.server.rpc.first-election.timeout.min = 5s (fallback to raft.server.rpc.timeout.min)
2024-01-18 21:14:00,623 [2a2b30f3-c6d3-4b10-97ff-b0c22fa05b40-groupManagement] INFO  server.RaftServerConfigKeys (ConfUtils.java:logGet(46)) - raft.server.snapshot.trigger-when-stop.enabled = true (default)
2024-01-18 21:14:00,623 [2a2b30f3-c6d3-4b10-97ff-b0c22fa05b40@group-92F7B8E5DABF-FollowerState] INFO  server.RaftServerConfigKeys (ConfUtils.java:logFallback(53)) - raft.server.rpc.first-election.timeout.max = 5200ms (fallback to raft.server.rpc.timeout.max)
2024-01-18 21:14:00,624 [2a2b30f3-c6d3-4b10-97ff-b0c22fa05b40-groupManagement] INFO  server.RaftServerConfigKeys (ConfUtils.java:logGet(46)) - raft.server.snapshot.auto.trigger.enabled = true (custom)
2024-01-18 21:14:00,624 [2a2b30f3-c6d3-4b10-97ff-b0c22fa05b40-groupManagement] INFO  server.RaftServerConfigKeys (ConfUtils.java:logGet(46)) - raft.server.snapshot.auto.trigger.threshold = 10000 (custom)
2024-01-18 21:14:00,624 [2a2b30f3-c6d3-4b10-97ff-b0c22fa05b40-groupManagement] INFO  server.RaftServerConfigKeys (ConfUtils.java:logGet(46)) - raft.server.snapshot.retention.file.num = 5 (custom)
2024-01-18 21:14:00,624 [2a2b30f3-c6d3-4b10-97ff-b0c22fa05b40-groupManagement] INFO  server.RaftServerConfigKeys (ConfUtils.java:logGet(46)) - raft.server.log.purge.upto.snapshot.index = false (default)
2024-01-18 21:14:00,624 [2a2b30f3-c6d3-4b10-97ff-b0c22fa05b40-PipelineCommandHandlerThread-0] INFO  ratis.XceiverServerRatis (XceiverServerRatis.java:addGroup(842)) - Created group PipelineID=fc6e7408-d8c6-43bf-92ee-92f7b8e5dabf
2024-01-18 21:14:00,624 [2a2b30f3-c6d3-4b10-97ff-b0c22fa05b40-PipelineCommandHandlerThread-0] INFO  commandhandler.CreatePipelineCommandHandler (CreatePipelineCommandHandler.java:lambda$handle$2(124)) - Created Pipeline RATIS ONE PipelineID=fc6e7408-d8c6-43bf-92ee-92f7b8e5dabf.
2024-01-18 21:14:00,712 [bff1bba2-2b6d-4994-8ead-d2e5b7e1f8d7-PipelineCommandHandlerThread-0] INFO  server.RaftServer (RaftServerProxy.java:addNew(100)) - bff1bba2-2b6d-4994-8ead-d2e5b7e1f8d7: addNew group-2FF8BF406414:[bff1bba2-2b6d-4994-8ead-d2e5b7e1f8d7|10.1.0.44:15157] returns group-2FF8BF406414:java.util.concurrent.CompletableFuture@2f354707[Not completed]
2024-01-18 21:14:00,713 [bff1bba2-2b6d-4994-8ead-d2e5b7e1f8d7-groupManagement] INFO  server.RaftServer$Division (RaftServerImpl.java:<init>(256)) - bff1bba2-2b6d-4994-8ead-d2e5b7e1f8d7: new RaftServerImpl for group-2FF8BF406414:[bff1bba2-2b6d-4994-8ead-d2e5b7e1f8d7|10.1.0.44:15157] with ContainerStateMachine:uninitialized
2024-01-18 21:14:00,713 [bff1bba2-2b6d-4994-8ead-d2e5b7e1f8d7-groupManagement] INFO  server.RaftServerConfigKeys (ConfUtils.java:logGet(46)) - raft.server.rpc.timeout.min = 5s (custom)
2024-01-18 21:14:00,713 [bff1bba2-2b6d-4994-8ead-d2e5b7e1f8d7-groupManagement] INFO  server.RaftServerConfigKeys (ConfUtils.java:logGet(46)) - raft.server.rpc.timeout.max = 5200ms (custom)
2024-01-18 21:14:00,713 [bff1bba2-2b6d-4994-8ead-d2e5b7e1f8d7-groupManagement] INFO  server.RaftServerConfigKeys (ConfUtils.java:logGet(46)) - raft.server.rpc.sleep.time = 25ms (default)
2024-01-18 21:14:00,713 [bff1bba2-2b6d-4994-8ead-d2e5b7e1f8d7-groupManagement] INFO  server.RaftServerConfigKeys (ConfUtils.java:logGet(46)) - raft.server.rpc.slowness.timeout = 300000ms (custom)
2024-01-18 21:14:00,713 [bff1bba2-2b6d-4994-8ead-d2e5b7e1f8d7-groupManagement] INFO  server.RaftServerConfigKeys (ConfUtils.java:logGet(46)) - raft.server.leaderelection.leader.step-down.wait-time = 10s (default)
2024-01-18 21:14:00,713 [bff1bba2-2b6d-4994-8ead-d2e5b7e1f8d7-groupManagement] INFO  server.RaftServerConfigKeys (ConfUtils.java:logGet(46)) - raft.server.leaderelection.member.majority-add = false (default)
2024-01-18 21:14:00,713 [bff1bba2-2b6d-4994-8ead-d2e5b7e1f8d7-groupManagement] INFO  server.RaftServerConfigKeys (ConfUtils.java:logGet(46)) - raft.server.sleep.deviation.threshold = 300ms (default)
2024-01-18 21:14:00,713 [bff1bba2-2b6d-4994-8ead-d2e5b7e1f8d7-groupManagement] INFO  server.RaftServer$Division (ServerState.java:<init>(113)) - bff1bba2-2b6d-4994-8ead-d2e5b7e1f8d7@group-2FF8BF406414: ConfigurationManager, init=-1: peers:[bff1bba2-2b6d-4994-8ead-d2e5b7e1f8d7|10.1.0.44:15157]|listeners:[], old=null, confs=<EMPTY_MAP>
2024-01-18 21:14:00,713 [bff1bba2-2b6d-4994-8ead-d2e5b7e1f8d7-groupManagement] INFO  server.RaftServerConfigKeys (ConfUtils.java:logGet(46)) - raft.server.notification.no-leader.timeout = 300000ms (custom)
2024-01-18 21:14:00,713 [bff1bba2-2b6d-4994-8ead-d2e5b7e1f8d7-groupManagement] INFO  server.RaftServerConfigKeys (ConfUtils.java:logGet(46)) - raft.server.read.timeout = 10s (default)
2024-01-18 21:14:00,713 [bff1bba2-2b6d-4994-8ead-d2e5b7e1f8d7-groupManagement] INFO  server.RaftServerConfigKeys (ConfUtils.java:logGet(46)) - raft.server.retrycache.expirytime = 600000ms (custom)
2024-01-18 21:14:00,713 [bff1bba2-2b6d-4994-8ead-d2e5b7e1f8d7-groupManagement] INFO  server.RaftServerConfigKeys (ConfUtils.java:logGet(46)) - raft.server.retrycache.statistics.expirytime = 100ms (default)
2024-01-18 21:14:00,713 [bff1bba2-2b6d-4994-8ead-d2e5b7e1f8d7-groupManagement] INFO  server.RaftServerConfigKeys (ConfUtils.java:logGet(46)) - raft.server.read.option = DEFAULT (default)
2024-01-18 21:14:00,713 [bff1bba2-2b6d-4994-8ead-d2e5b7e1f8d7-groupManagement] INFO  server.RaftServerConfigKeys (ConfUtils.java:logGet(46)) - raft.server.read.read-after-write-consistent.write-index-cache.expiry-time = 60s (default)
2024-01-18 21:14:00,715 [bff1bba2-2b6d-4994-8ead-d2e5b7e1f8d7-groupManagement] INFO  server.RaftServerConfigKeys (ConfUtils.java:logGet(46)) - raft.server.rpc.request.timeout = 3000ms (default)
2024-01-18 21:14:00,715 [bff1bba2-2b6d-4994-8ead-d2e5b7e1f8d7-groupManagement] INFO  server.RaftServerConfigKeys (ConfUtils.java:logGet(46)) - raft.server.log.appender.install.snapshot.enabled = false (custom)
2024-01-18 21:14:00,715 [bff1bba2-2b6d-4994-8ead-d2e5b7e1f8d7-groupManagement] INFO  server.RaftServerConfigKeys (ConfUtils.java:logGet(46)) - raft.server.threadpool.server.cached = true (default)
2024-01-18 21:14:00,715 [bff1bba2-2b6d-4994-8ead-d2e5b7e1f8d7-groupManagement] INFO  server.RaftServerConfigKeys (ConfUtils.java:logGet(46)) - raft.server.threadpool.server.size = 0 (default)
2024-01-18 21:14:00,715 [bff1bba2-2b6d-4994-8ead-d2e5b7e1f8d7-groupManagement] INFO  server.RaftServerConfigKeys (ConfUtils.java:logGet(46)) - raft.server.threadpool.client.cached = true (default)
2024-01-18 21:14:00,715 [bff1bba2-2b6d-4994-8ead-d2e5b7e1f8d7-groupManagement] INFO  server.RaftServerConfigKeys (ConfUtils.java:logGet(46)) - raft.server.threadpool.client.size = 0 (default)
2024-01-18 21:14:00,716 [bff1bba2-2b6d-4994-8ead-d2e5b7e1f8d7-groupManagement] INFO  server.RaftServerConfigKeys (ConfUtils.java:logGet(46)) - raft.server.storage.free-space.min = 0MB (=0) (default)
2024-01-18 21:14:00,716 [bff1bba2-2b6d-4994-8ead-d2e5b7e1f8d7-groupManagement] INFO  server.RaftServerConfigKeys (ConfUtils.java:logGet(46)) - raft.server.log.corruption.policy = EXCEPTION (default)
2024-01-18 21:14:00,716 [bff1bba2-2b6d-4994-8ead-d2e5b7e1f8d7-groupManagement] INFO  server.RaftServerConfigKeys (ConfUtils.java:logGet(46)) - raft.server.storage.dir = [/home/runner/work/ozone/ozone/hadoop-ozone/integration-test/target/test-dir/MiniOzoneClusterImpl-31edb46a-ccfd-4ac6-802d-5dd746a085ff/datanode-6/data/ratis] (custom)
2024-01-18 21:14:00,716 [bff1bba2-2b6d-4994-8ead-d2e5b7e1f8d7-groupManagement] INFO  storage.RaftStorageDirectory (RaftStorageDirectoryImpl.java:analyzeStorage(138)) - The storage directory /home/runner/work/ozone/ozone/hadoop-ozone/integration-test/target/test-dir/MiniOzoneClusterImpl-31edb46a-ccfd-4ac6-802d-5dd746a085ff/datanode-6/data/ratis/b7cd2e69-3ec7-43b1-92c2-2ff8bf406414 does not exist. Creating ...
2024-01-18 21:14:00,717 [bff1bba2-2b6d-4994-8ead-d2e5b7e1f8d7-groupManagement] INFO  storage.RaftStorageDirectory (RaftStorageDirectoryImpl.java:tryLock(228)) - Lock on /home/runner/work/ozone/ozone/hadoop-ozone/integration-test/target/test-dir/MiniOzoneClusterImpl-31edb46a-ccfd-4ac6-802d-5dd746a085ff/datanode-6/data/ratis/b7cd2e69-3ec7-43b1-92c2-2ff8bf406414/in_use.lock acquired by nodename 70315@fv-az776-647
2024-01-18 21:14:00,718 [bff1bba2-2b6d-4994-8ead-d2e5b7e1f8d7-groupManagement] INFO  storage.RaftStorage (RaftStorageImpl.java:format(99)) - Storage directory /home/runner/work/ozone/ozone/hadoop-ozone/integration-test/target/test-dir/MiniOzoneClusterImpl-31edb46a-ccfd-4ac6-802d-5dd746a085ff/datanode-6/data/ratis/b7cd2e69-3ec7-43b1-92c2-2ff8bf406414 has been successfully formatted.
2024-01-18 21:14:00,718 [bff1bba2-2b6d-4994-8ead-d2e5b7e1f8d7-groupManagement] WARN  util.FileUtils (LogUtils.java:supplyAndLog(63)) - Failed to Files.newInputStream /home/runner/work/ozone/ozone/hadoop-ozone/integration-test/target/test-dir/MiniOzoneClusterImpl-31edb46a-ccfd-4ac6-802d-5dd746a085ff/datanode-6/data/ratis/b7cd2e69-3ec7-43b1-92c2-2ff8bf406414/current/raft-meta.conf with options []: java.nio.file.NoSuchFileException: /home/runner/work/ozone/ozone/hadoop-ozone/integration-test/target/test-dir/MiniOzoneClusterImpl-31edb46a-ccfd-4ac6-802d-5dd746a085ff/datanode-6/data/ratis/b7cd2e69-3ec7-43b1-92c2-2ff8bf406414/current/raft-meta.conf
2024-01-18 21:14:00,720 [EventQueue-PipelineReportForPipelineReportHandler] INFO  pipeline.PipelineReportHandler (PipelineReportHandler.java:processPipelineReport(136)) - Opened pipeline PipelineID=b7cd2e69-3ec7-43b1-92c2-2ff8bf406414
2024-01-18 21:14:00,721 [bff1bba2-2b6d-4994-8ead-d2e5b7e1f8d7-groupManagement] INFO  ratis.ContainerStateMachine (ContainerStateMachine.java:loadSnapshot(287)) - group-2FF8BF406414: The snapshot info is null. Setting the last applied index to:(t:0, i:~)
2024-01-18 21:14:00,721 [EventQueue-OpenPipelineForHealthyPipelineSafeModeRule] INFO  safemode.SCMSafeModeManager (HealthyPipelineSafeModeRule.java:process(140)) - SCM in safe mode. Healthy pipelines reported count is 0, required healthy pipeline reported count is 1
2024-01-18 21:14:00,721 [bff1bba2-2b6d-4994-8ead-d2e5b7e1f8d7-groupManagement] INFO  server.RaftServerConfigKeys (ConfUtils.java:logGet(46)) - raft.server.log.use.memory = false (default)
2024-01-18 21:14:00,721 [bff1bba2-2b6d-4994-8ead-d2e5b7e1f8d7-groupManagement] INFO  server.RaftServerConfigKeys (ConfUtils.java:logGet(46)) - raft.server.log.purge.gap = 1000000 (custom)
2024-01-18 21:14:00,721 [bff1bba2-2b6d-4994-8ead-d2e5b7e1f8d7-groupManagement] INFO  server.RaftServerConfigKeys (ConfUtils.java:logGet(46)) - raft.server.log.appender.buffer.byte-limit = 8388608 (custom)
2024-01-18 21:14:00,721 [bff1bba2-2b6d-4994-8ead-d2e5b7e1f8d7-groupManagement] INFO  server.RaftServerConfigKeys (ConfUtils.java:logGet(46)) - raft.server.log.statemachine.data.read.timeout = 1000ms (default)
2024-01-18 21:14:00,721 [bff1bba2-2b6d-4994-8ead-d2e5b7e1f8d7-groupManagement] INFO  server.RaftServerConfigKeys (ConfUtils.java:logGet(46)) - raft.server.log.purge.preservation.log.num = 0 (default)
2024-01-18 21:14:00,722 [bff1bba2-2b6d-4994-8ead-d2e5b7e1f8d7-groupManagement] INFO  server.RaftServerConfigKeys (ConfUtils.java:logGet(46)) - raft.server.log.segment.size.max = 67108864 (custom)
2024-01-18 21:14:00,723 [bff1bba2-2b6d-4994-8ead-d2e5b7e1f8d7-groupManagement] INFO  server.RaftServerConfigKeys (ConfUtils.java:logGet(46)) - raft.server.log.segment.cache.num.max = 2 (custom)
2024-01-18 21:14:00,723 [bff1bba2-2b6d-4994-8ead-d2e5b7e1f8d7-groupManagement] INFO  server.RaftServerConfigKeys (ConfUtils.java:logGet(46)) - raft.server.log.segment.cache.size.max = 200MB (=209715200) (default)
2024-01-18 21:14:00,723 [bff1bba2-2b6d-4994-8ead-d2e5b7e1f8d7-groupManagement] INFO  server.RaftServerConfigKeys (ConfUtils.java:logGet(46)) - raft.server.log.appender.buffer.byte-limit = 8388608 (custom)
2024-01-18 21:14:00,723 [bff1bba2-2b6d-4994-8ead-d2e5b7e1f8d7-groupManagement] INFO  util.AwaitToRun (AwaitToRun.java:start(81)) - Thread[bff1bba2-2b6d-4994-8ead-d2e5b7e1f8d7@group-2FF8BF406414-cacheEviction-AwaitToRun,5,main] started
2024-01-18 21:14:00,723 [bff1bba2-2b6d-4994-8ead-d2e5b7e1f8d7-groupManagement] INFO  segmented.SegmentedRaftLogWorker (SegmentedRaftLogWorker.java:<init>(182)) - new bff1bba2-2b6d-4994-8ead-d2e5b7e1f8d7@group-2FF8BF406414-SegmentedRaftLogWorker for RaftStorageImpl:Storage Directory /home/runner/work/ozone/ozone/hadoop-ozone/integration-test/target/test-dir/MiniOzoneClusterImpl-31edb46a-ccfd-4ac6-802d-5dd746a085ff/datanode-6/data/ratis/b7cd2e69-3ec7-43b1-92c2-2ff8bf406414
2024-01-18 21:14:00,723 [bff1bba2-2b6d-4994-8ead-d2e5b7e1f8d7-groupManagement] INFO  server.RaftServerConfigKeys (ConfUtils.java:logGet(46)) - raft.server.log.queue.byte-limit = 4294967296 (custom)
2024-01-18 21:14:00,723 [bff1bba2-2b6d-4994-8ead-d2e5b7e1f8d7-groupManagement] INFO  server.RaftServerConfigKeys (ConfUtils.java:logGet(46)) - raft.server.log.queue.element-limit = 1024 (custom)
2024-01-18 21:14:00,723 [bff1bba2-2b6d-4994-8ead-d2e5b7e1f8d7-groupManagement] INFO  server.RaftServerConfigKeys (ConfUtils.java:logGet(46)) - raft.server.log.segment.size.max = 67108864 (custom)
2024-01-18 21:14:00,723 [bff1bba2-2b6d-4994-8ead-d2e5b7e1f8d7-groupManagement] INFO  server.RaftServerConfigKeys (ConfUtils.java:logGet(46)) - raft.server.log.preallocated.size = 4194304 (custom)
2024-01-18 21:14:00,723 [bff1bba2-2b6d-4994-8ead-d2e5b7e1f8d7-groupManagement] INFO  server.RaftServerConfigKeys (ConfUtils.java:logGet(46)) - raft.server.log.force.sync.num = 128 (default)
2024-01-18 21:14:00,723 [bff1bba2-2b6d-4994-8ead-d2e5b7e1f8d7-groupManagement] INFO  server.RaftServerConfigKeys (ConfUtils.java:logGet(46)) - raft.server.log.statemachine.data.sync = true (default)
2024-01-18 21:14:00,723 [bff1bba2-2b6d-4994-8ead-d2e5b7e1f8d7-groupManagement] INFO  server.RaftServerConfigKeys (ConfUtils.java:logGet(46)) - raft.server.log.statemachine.data.sync.timeout = 10s (default)
2024-01-18 21:14:00,724 [bff1bba2-2b6d-4994-8ead-d2e5b7e1f8d7-groupManagement] INFO  server.RaftServerConfigKeys (ConfUtils.java:logGet(46)) - raft.server.log.statemachine.data.sync.timeout.retry = 0 (custom)
2024-01-18 21:14:00,724 [bff1bba2-2b6d-4994-8ead-d2e5b7e1f8d7-groupManagement] INFO  server.RaftServerConfigKeys (ConfUtils.java:logGet(46)) - raft.server.log.write.buffer.size = 8388616 (custom)
2024-01-18 21:14:00,725 [bff1bba2-2b6d-4994-8ead-d2e5b7e1f8d7-groupManagement] INFO  server.RaftServerConfigKeys (ConfUtils.java:logGet(46)) - raft.server.log.appender.buffer.byte-limit = 8388608 (custom)
2024-01-18 21:14:00,726 [bff1bba2-2b6d-4994-8ead-d2e5b7e1f8d7-groupManagement] INFO  server.RaftServerConfigKeys (ConfUtils.java:logGet(46)) - raft.server.log.unsafe-flush.enabled = false (default)
2024-01-18 21:14:00,726 [bff1bba2-2b6d-4994-8ead-d2e5b7e1f8d7-groupManagement] INFO  server.RaftServerConfigKeys (ConfUtils.java:logGet(46)) - raft.server.log.async-flush.enabled = false (default)
2024-01-18 21:14:00,726 [bff1bba2-2b6d-4994-8ead-d2e5b7e1f8d7-groupManagement] INFO  server.RaftServerConfigKeys (ConfUtils.java:logGet(46)) - raft.server.log.statemachine.data.caching.enabled = true (custom)
2024-01-18 21:14:00,726 [bff1bba2-2b6d-4994-8ead-d2e5b7e1f8d7-groupManagement] INFO  segmented.SegmentedRaftLogWorker (SegmentedRaftLogWorker.java:lambda$new$0(134)) - bff1bba2-2b6d-4994-8ead-d2e5b7e1f8d7@group-2FF8BF406414-SegmentedRaftLogWorker: flushIndex: setUnconditionally 0 -> -1
2024-01-18 21:14:00,726 [bff1bba2-2b6d-4994-8ead-d2e5b7e1f8d7-groupManagement] INFO  segmented.SegmentedRaftLogWorker (SegmentedRaftLogWorker.java:lambda$new$0(134)) - bff1bba2-2b6d-4994-8ead-d2e5b7e1f8d7@group-2FF8BF406414-SegmentedRaftLogWorker: safeCacheEvictIndex: setUnconditionally 0 -> -1
2024-01-18 21:14:00,726 [bff1bba2-2b6d-4994-8ead-d2e5b7e1f8d7-groupManagement] INFO  server.RaftServer$Division (RaftServerImpl.java:start(396)) - bff1bba2-2b6d-4994-8ead-d2e5b7e1f8d7@group-2FF8BF406414: start as a follower, conf=-1: peers:[bff1bba2-2b6d-4994-8ead-d2e5b7e1f8d7|10.1.0.44:15157]|listeners:[], old=null
2024-01-18 21:14:00,726 [bff1bba2-2b6d-4994-8ead-d2e5b7e1f8d7-groupManagement] INFO  server.RaftServer$Division (RaftServerImpl.java:setRole(383)) - bff1bba2-2b6d-4994-8ead-d2e5b7e1f8d7@group-2FF8BF406414: changes role from      null to FOLLOWER at term 0 for startAsFollower
2024-01-18 21:14:00,726 [bff1bba2-2b6d-4994-8ead-d2e5b7e1f8d7-groupManagement] INFO  impl.RoleInfo (RoleInfo.java:updateAndGet(139)) - bff1bba2-2b6d-4994-8ead-d2e5b7e1f8d7: start bff1bba2-2b6d-4994-8ead-d2e5b7e1f8d7@group-2FF8BF406414-FollowerState
2024-01-18 21:14:00,726 [bff1bba2-2b6d-4994-8ead-d2e5b7e1f8d7-groupManagement] INFO  util.JmxRegister (JmxRegister.java:tryRegister(44)) - Successfully registered JMX Bean with object name Ratis:service=RaftServer,group=group-2FF8BF406414,id=bff1bba2-2b6d-4994-8ead-d2e5b7e1f8d7
2024-01-18 21:14:00,726 [bff1bba2-2b6d-4994-8ead-d2e5b7e1f8d7-groupManagement] INFO  server.RaftServerConfigKeys (ConfUtils.java:logGet(46)) - raft.server.snapshot.trigger-when-stop.enabled = true (default)
2024-01-18 21:14:00,727 [bff1bba2-2b6d-4994-8ead-d2e5b7e1f8d7-groupManagement] INFO  server.RaftServerConfigKeys (ConfUtils.java:logGet(46)) - raft.server.snapshot.auto.trigger.enabled = true (custom)
2024-01-18 21:14:00,727 [bff1bba2-2b6d-4994-8ead-d2e5b7e1f8d7-groupManagement] INFO  server.RaftServerConfigKeys (ConfUtils.java:logGet(46)) - raft.server.snapshot.auto.trigger.threshold = 10000 (custom)
2024-01-18 21:14:00,727 [bff1bba2-2b6d-4994-8ead-d2e5b7e1f8d7-groupManagement] INFO  server.RaftServerConfigKeys (ConfUtils.java:logGet(46)) - raft.server.snapshot.retention.file.num = 5 (custom)
2024-01-18 21:14:00,727 [bff1bba2-2b6d-4994-8ead-d2e5b7e1f8d7-groupManagement] INFO  server.RaftServerConfigKeys (ConfUtils.java:logGet(46)) - raft.server.log.purge.upto.snapshot.index = false (default)
2024-01-18 21:14:00,727 [bff1bba2-2b6d-4994-8ead-d2e5b7e1f8d7@group-2FF8BF406414-FollowerState] INFO  server.RaftServerConfigKeys (ConfUtils.java:logFallback(53)) - raft.server.rpc.first-election.timeout.min = 5s (fallback to raft.server.rpc.timeout.min)
2024-01-18 21:14:00,727 [bff1bba2-2b6d-4994-8ead-d2e5b7e1f8d7@group-2FF8BF406414-FollowerState] INFO  server.RaftServerConfigKeys (ConfUtils.java:logFallback(53)) - raft.server.rpc.first-election.timeout.max = 5200ms (fallback to raft.server.rpc.timeout.max)
2024-01-18 21:14:00,731 [bff1bba2-2b6d-4994-8ead-d2e5b7e1f8d7-PipelineCommandHandlerThread-0] INFO  ratis.XceiverServerRatis (XceiverServerRatis.java:addGroup(842)) - Created group PipelineID=b7cd2e69-3ec7-43b1-92c2-2ff8bf406414
2024-01-18 21:14:00,732 [bff1bba2-2b6d-4994-8ead-d2e5b7e1f8d7-PipelineCommandHandlerThread-0] INFO  commandhandler.CreatePipelineCommandHandler (CreatePipelineCommandHandler.java:lambda$handle$2(124)) - Created Pipeline RATIS ONE PipelineID=b7cd2e69-3ec7-43b1-92c2-2ff8bf406414.
2024-01-18 21:14:00,732 [bff1bba2-2b6d-4994-8ead-d2e5b7e1f8d7-PipelineCommandHandlerThread-0] INFO  server.RaftServer (RaftServerProxy.java:addNew(100)) - bff1bba2-2b6d-4994-8ead-d2e5b7e1f8d7: addNew group-BE0C52996DBE:[bff1bba2-2b6d-4994-8ead-d2e5b7e1f8d7|10.1.0.44:15157, ea523e53-c226-4491-8cf7-936e653545c3|10.1.0.44:15166, 0c097caf-3b45-4555-a1b1-3d0f2c4aaf7a|10.1.0.44:15175] returns group-BE0C52996DBE:java.util.concurrent.CompletableFuture@2b0ac639[Not completed]
2024-01-18 21:14:00,732 [bff1bba2-2b6d-4994-8ead-d2e5b7e1f8d7-groupManagement] INFO  server.RaftServer$Division (RaftServerImpl.java:<init>(256)) - bff1bba2-2b6d-4994-8ead-d2e5b7e1f8d7: new RaftServerImpl for group-BE0C52996DBE:[bff1bba2-2b6d-4994-8ead-d2e5b7e1f8d7|10.1.0.44:15157, ea523e53-c226-4491-8cf7-936e653545c3|10.1.0.44:15166, 0c097caf-3b45-4555-a1b1-3d0f2c4aaf7a|10.1.0.44:15175] with ContainerStateMachine:uninitialized
2024-01-18 21:14:00,733 [bff1bba2-2b6d-4994-8ead-d2e5b7e1f8d7-groupManagement] INFO  server.RaftServerConfigKeys (ConfUtils.java:logGet(46)) - raft.server.rpc.timeout.min = 5s (custom)
2024-01-18 21:14:00,733 [bff1bba2-2b6d-4994-8ead-d2e5b7e1f8d7-groupManagement] INFO  server.RaftServerConfigKeys (ConfUtils.java:logGet(46)) - raft.server.rpc.timeout.max = 5200ms (custom)
2024-01-18 21:14:00,733 [bff1bba2-2b6d-4994-8ead-d2e5b7e1f8d7-groupManagement] INFO  server.RaftServerConfigKeys (ConfUtils.java:logGet(46)) - raft.server.rpc.sleep.time = 25ms (default)
2024-01-18 21:14:00,733 [bff1bba2-2b6d-4994-8ead-d2e5b7e1f8d7-groupManagement] INFO  server.RaftServerConfigKeys (ConfUtils.java:logGet(46)) - raft.server.rpc.slowness.timeout = 300000ms (custom)
2024-01-18 21:14:00,733 [bff1bba2-2b6d-4994-8ead-d2e5b7e1f8d7-groupManagement] INFO  server.RaftServerConfigKeys (ConfUtils.java:logGet(46)) - raft.server.leaderelection.leader.step-down.wait-time = 10s (default)
2024-01-18 21:14:00,733 [bff1bba2-2b6d-4994-8ead-d2e5b7e1f8d7-groupManagement] INFO  server.RaftServerConfigKeys (ConfUtils.java:logGet(46)) - raft.server.leaderelection.member.majority-add = false (default)
2024-01-18 21:14:00,733 [bff1bba2-2b6d-4994-8ead-d2e5b7e1f8d7-groupManagement] INFO  server.RaftServerConfigKeys (ConfUtils.java:logGet(46)) - raft.server.sleep.deviation.threshold = 300ms (default)
2024-01-18 21:14:00,733 [bff1bba2-2b6d-4994-8ead-d2e5b7e1f8d7-groupManagement] INFO  server.RaftServer$Division (ServerState.java:<init>(113)) - bff1bba2-2b6d-4994-8ead-d2e5b7e1f8d7@group-BE0C52996DBE: ConfigurationManager, init=-1: peers:[bff1bba2-2b6d-4994-8ead-d2e5b7e1f8d7|10.1.0.44:15157, ea523e53-c226-4491-8cf7-936e653545c3|10.1.0.44:15166, 0c097caf-3b45-4555-a1b1-3d0f2c4aaf7a|10.1.0.44:15175]|listeners:[], old=null, confs=<EMPTY_MAP>
2024-01-18 21:14:00,733 [bff1bba2-2b6d-4994-8ead-d2e5b7e1f8d7-groupManagement] INFO  server.RaftServerConfigKeys (ConfUtils.java:logGet(46)) - raft.server.notification.no-leader.timeout = 300000ms (custom)
2024-01-18 21:14:00,733 [bff1bba2-2b6d-4994-8ead-d2e5b7e1f8d7-groupManagement] INFO  server.RaftServerConfigKeys (ConfUtils.java:logGet(46)) - raft.server.read.timeout = 10s (default)
2024-01-18 21:14:00,733 [bff1bba2-2b6d-4994-8ead-d2e5b7e1f8d7-groupManagement] INFO  server.RaftServerConfigKeys (ConfUtils.java:logGet(46)) - raft.server.retrycache.expirytime = 600000ms (custom)
2024-01-18 21:14:00,733 [bff1bba2-2b6d-4994-8ead-d2e5b7e1f8d7-groupManagement] INFO  server.RaftServerConfigKeys (ConfUtils.java:logGet(46)) - raft.server.retrycache.statistics.expirytime = 100ms (default)
2024-01-18 21:14:00,733 [bff1bba2-2b6d-4994-8ead-d2e5b7e1f8d7-groupManagement] INFO  server.RaftServerConfigKeys (ConfUtils.java:logGet(46)) - raft.server.read.option = DEFAULT (default)
2024-01-18 21:14:00,733 [bff1bba2-2b6d-4994-8ead-d2e5b7e1f8d7-groupManagement] INFO  server.RaftServerConfigKeys (ConfUtils.java:logGet(46)) - raft.server.read.read-after-write-consistent.write-index-cache.expiry-time = 60s (default)
2024-01-18 21:14:00,735 [bff1bba2-2b6d-4994-8ead-d2e5b7e1f8d7-groupManagement] INFO  server.RaftServerConfigKeys (ConfUtils.java:logGet(46)) - raft.server.rpc.request.timeout = 3000ms (default)
2024-01-18 21:14:00,735 [bff1bba2-2b6d-4994-8ead-d2e5b7e1f8d7-groupManagement] INFO  server.RaftServerConfigKeys (ConfUtils.java:logGet(46)) - raft.server.log.appender.install.snapshot.enabled = false (custom)
2024-01-18 21:14:00,735 [bff1bba2-2b6d-4994-8ead-d2e5b7e1f8d7-groupManagement] INFO  server.RaftServerConfigKeys (ConfUtils.java:logGet(46)) - raft.server.threadpool.server.cached = true (default)
2024-01-18 21:14:00,735 [bff1bba2-2b6d-4994-8ead-d2e5b7e1f8d7-groupManagement] INFO  server.RaftServerConfigKeys (ConfUtils.java:logGet(46)) - raft.server.threadpool.server.size = 0 (default)
2024-01-18 21:14:00,735 [bff1bba2-2b6d-4994-8ead-d2e5b7e1f8d7-groupManagement] INFO  server.RaftServerConfigKeys (ConfUtils.java:logGet(46)) - raft.server.threadpool.client.cached = true (default)
2024-01-18 21:14:00,735 [bff1bba2-2b6d-4994-8ead-d2e5b7e1f8d7-groupManagement] INFO  server.RaftServerConfigKeys (ConfUtils.java:logGet(46)) - raft.server.threadpool.client.size = 0 (default)
2024-01-18 21:14:00,735 [bff1bba2-2b6d-4994-8ead-d2e5b7e1f8d7-groupManagement] INFO  server.RaftServerConfigKeys (ConfUtils.java:logGet(46)) - raft.server.storage.free-space.min = 0MB (=0) (default)
2024-01-18 21:14:00,736 [bff1bba2-2b6d-4994-8ead-d2e5b7e1f8d7-groupManagement] INFO  server.RaftServerConfigKeys (ConfUtils.java:logGet(46)) - raft.server.log.corruption.policy = EXCEPTION (default)
2024-01-18 21:14:00,736 [bff1bba2-2b6d-4994-8ead-d2e5b7e1f8d7-groupManagement] INFO  server.RaftServerConfigKeys (ConfUtils.java:logGet(46)) - raft.server.storage.dir = [/home/runner/work/ozone/ozone/hadoop-ozone/integration-test/target/test-dir/MiniOzoneClusterImpl-31edb46a-ccfd-4ac6-802d-5dd746a085ff/datanode-6/data/ratis] (custom)
2024-01-18 21:14:00,736 [bff1bba2-2b6d-4994-8ead-d2e5b7e1f8d7-groupManagement] INFO  storage.RaftStorageDirectory (RaftStorageDirectoryImpl.java:analyzeStorage(138)) - The storage directory /home/runner/work/ozone/ozone/hadoop-ozone/integration-test/target/test-dir/MiniOzoneClusterImpl-31edb46a-ccfd-4ac6-802d-5dd746a085ff/datanode-6/data/ratis/e5132d0f-7c5a-40a9-bd2d-be0c52996dbe does not exist. Creating ...
2024-01-18 21:14:00,737 [bff1bba2-2b6d-4994-8ead-d2e5b7e1f8d7-groupManagement] INFO  storage.RaftStorageDirectory (RaftStorageDirectoryImpl.java:tryLock(228)) - Lock on /home/runner/work/ozone/ozone/hadoop-ozone/integration-test/target/test-dir/MiniOzoneClusterImpl-31edb46a-ccfd-4ac6-802d-5dd746a085ff/datanode-6/data/ratis/e5132d0f-7c5a-40a9-bd2d-be0c52996dbe/in_use.lock acquired by nodename 70315@fv-az776-647
2024-01-18 21:14:00,737 [bff1bba2-2b6d-4994-8ead-d2e5b7e1f8d7-groupManagement] INFO  storage.RaftStorage (RaftStorageImpl.java:format(99)) - Storage directory /home/runner/work/ozone/ozone/hadoop-ozone/integration-test/target/test-dir/MiniOzoneClusterImpl-31edb46a-ccfd-4ac6-802d-5dd746a085ff/datanode-6/data/ratis/e5132d0f-7c5a-40a9-bd2d-be0c52996dbe has been successfully formatted.
2024-01-18 21:14:00,738 [bff1bba2-2b6d-4994-8ead-d2e5b7e1f8d7-groupManagement] WARN  util.FileUtils (LogUtils.java:supplyAndLog(63)) - Failed to Files.newInputStream /home/runner/work/ozone/ozone/hadoop-ozone/integration-test/target/test-dir/MiniOzoneClusterImpl-31edb46a-ccfd-4ac6-802d-5dd746a085ff/datanode-6/data/ratis/e5132d0f-7c5a-40a9-bd2d-be0c52996dbe/current/raft-meta.conf with options []: java.nio.file.NoSuchFileException: /home/runner/work/ozone/ozone/hadoop-ozone/integration-test/target/test-dir/MiniOzoneClusterImpl-31edb46a-ccfd-4ac6-802d-5dd746a085ff/datanode-6/data/ratis/e5132d0f-7c5a-40a9-bd2d-be0c52996dbe/current/raft-meta.conf
2024-01-18 21:14:00,738 [bff1bba2-2b6d-4994-8ead-d2e5b7e1f8d7-groupManagement] INFO  ratis.ContainerStateMachine (ContainerStateMachine.java:loadSnapshot(287)) - group-BE0C52996DBE: The snapshot info is null. Setting the last applied index to:(t:0, i:~)
2024-01-18 21:14:00,738 [bff1bba2-2b6d-4994-8ead-d2e5b7e1f8d7-groupManagement] INFO  server.RaftServerConfigKeys (ConfUtils.java:logGet(46)) - raft.server.log.use.memory = false (default)
2024-01-18 21:14:00,738 [bff1bba2-2b6d-4994-8ead-d2e5b7e1f8d7-groupManagement] INFO  server.RaftServerConfigKeys (ConfUtils.java:logGet(46)) - raft.server.log.purge.gap = 1000000 (custom)
2024-01-18 21:14:00,738 [bff1bba2-2b6d-4994-8ead-d2e5b7e1f8d7-groupManagement] INFO  server.RaftServerConfigKeys (ConfUtils.java:logGet(46)) - raft.server.log.appender.buffer.byte-limit = 8388608 (custom)
2024-01-18 21:14:00,738 [bff1bba2-2b6d-4994-8ead-d2e5b7e1f8d7-groupManagement] INFO  server.RaftServerConfigKeys (ConfUtils.java:logGet(46)) - raft.server.log.statemachine.data.read.timeout = 1000ms (default)
2024-01-18 21:14:00,738 [bff1bba2-2b6d-4994-8ead-d2e5b7e1f8d7-groupManagement] INFO  server.RaftServerConfigKeys (ConfUtils.java:logGet(46)) - raft.server.log.purge.preservation.log.num = 0 (default)
2024-01-18 21:14:00,739 [EventQueue-OpenPipelineForHealthyPipelineSafeModeRule] INFO  safemode.SCMSafeModeManager (HealthyPipelineSafeModeRule.java:process(140)) - SCM in safe mode. Healthy pipelines reported count is 0, required healthy pipeline reported count is 1
2024-01-18 21:14:00,740 [bff1bba2-2b6d-4994-8ead-d2e5b7e1f8d7-groupManagement] INFO  server.RaftServerConfigKeys (ConfUtils.java:logGet(46)) - raft.server.log.segment.size.max = 67108864 (custom)
2024-01-18 21:14:00,740 [bff1bba2-2b6d-4994-8ead-d2e5b7e1f8d7-groupManagement] INFO  server.RaftServerConfigKeys (ConfUtils.java:logGet(46)) - raft.server.log.segment.cache.num.max = 2 (custom)
2024-01-18 21:14:00,740 [bff1bba2-2b6d-4994-8ead-d2e5b7e1f8d7-groupManagement] INFO  server.RaftServerConfigKeys (ConfUtils.java:logGet(46)) - raft.server.log.segment.cache.size.max = 200MB (=209715200) (default)
2024-01-18 21:14:00,741 [bff1bba2-2b6d-4994-8ead-d2e5b7e1f8d7-groupManagement] INFO  server.RaftServerConfigKeys (ConfUtils.java:logGet(46)) - raft.server.log.appender.buffer.byte-limit = 8388608 (custom)
2024-01-18 21:14:00,741 [bff1bba2-2b6d-4994-8ead-d2e5b7e1f8d7-groupManagement] INFO  util.AwaitToRun (AwaitToRun.java:start(81)) - Thread[bff1bba2-2b6d-4994-8ead-d2e5b7e1f8d7@group-BE0C52996DBE-cacheEviction-AwaitToRun,5,main] started
2024-01-18 21:14:00,741 [bff1bba2-2b6d-4994-8ead-d2e5b7e1f8d7-groupManagement] INFO  segmented.SegmentedRaftLogWorker (SegmentedRaftLogWorker.java:<init>(182)) - new bff1bba2-2b6d-4994-8ead-d2e5b7e1f8d7@group-BE0C52996DBE-SegmentedRaftLogWorker for RaftStorageImpl:Storage Directory /home/runner/work/ozone/ozone/hadoop-ozone/integration-test/target/test-dir/MiniOzoneClusterImpl-31edb46a-ccfd-4ac6-802d-5dd746a085ff/datanode-6/data/ratis/e5132d0f-7c5a-40a9-bd2d-be0c52996dbe
2024-01-18 21:14:00,741 [bff1bba2-2b6d-4994-8ead-d2e5b7e1f8d7-groupManagement] INFO  server.RaftServerConfigKeys (ConfUtils.java:logGet(46)) - raft.server.log.queue.byte-limit = 4294967296 (custom)
2024-01-18 21:14:00,741 [bff1bba2-2b6d-4994-8ead-d2e5b7e1f8d7-groupManagement] INFO  server.RaftServerConfigKeys (ConfUtils.java:logGet(46)) - raft.server.log.queue.element-limit = 1024 (custom)
2024-01-18 21:14:00,741 [bff1bba2-2b6d-4994-8ead-d2e5b7e1f8d7-groupManagement] INFO  server.RaftServerConfigKeys (ConfUtils.java:logGet(46)) - raft.server.log.segment.size.max = 67108864 (custom)
2024-01-18 21:14:00,741 [bff1bba2-2b6d-4994-8ead-d2e5b7e1f8d7-groupManagement] INFO  server.RaftServerConfigKeys (ConfUtils.java:logGet(46)) - raft.server.log.preallocated.size = 4194304 (custom)
2024-01-18 21:14:00,741 [bff1bba2-2b6d-4994-8ead-d2e5b7e1f8d7-groupManagement] INFO  server.RaftServerConfigKeys (ConfUtils.java:logGet(46)) - raft.server.log.force.sync.num = 128 (default)
2024-01-18 21:14:00,741 [bff1bba2-2b6d-4994-8ead-d2e5b7e1f8d7-groupManagement] INFO  server.RaftServerConfigKeys (ConfUtils.java:logGet(46)) - raft.server.log.statemachine.data.sync = true (default)
2024-01-18 21:14:00,741 [bff1bba2-2b6d-4994-8ead-d2e5b7e1f8d7-groupManagement] INFO  server.RaftServerConfigKeys (ConfUtils.java:logGet(46)) - raft.server.log.statemachine.data.sync.timeout = 10s (default)
2024-01-18 21:14:00,741 [bff1bba2-2b6d-4994-8ead-d2e5b7e1f8d7-groupManagement] INFO  server.RaftServerConfigKeys (ConfUtils.java:logGet(46)) - raft.server.log.statemachine.data.sync.timeout.retry = 0 (custom)
2024-01-18 21:14:00,742 [bff1bba2-2b6d-4994-8ead-d2e5b7e1f8d7-groupManagement] INFO  server.RaftServerConfigKeys (ConfUtils.java:logGet(46)) - raft.server.log.write.buffer.size = 8388616 (custom)
2024-01-18 21:14:00,744 [bff1bba2-2b6d-4994-8ead-d2e5b7e1f8d7-groupManagement] INFO  server.RaftServerConfigKeys (ConfUtils.java:logGet(46)) - raft.server.log.appender.buffer.byte-limit = 8388608 (custom)
2024-01-18 21:14:00,744 [bff1bba2-2b6d-4994-8ead-d2e5b7e1f8d7-groupManagement] INFO  server.RaftServerConfigKeys (ConfUtils.java:logGet(46)) - raft.server.log.unsafe-flush.enabled = false (default)
2024-01-18 21:14:00,744 [bff1bba2-2b6d-4994-8ead-d2e5b7e1f8d7-groupManagement] INFO  server.RaftServerConfigKeys (ConfUtils.java:logGet(46)) - raft.server.log.async-flush.enabled = false (default)
2024-01-18 21:14:00,744 [bff1bba2-2b6d-4994-8ead-d2e5b7e1f8d7-groupManagement] INFO  server.RaftServerConfigKeys (ConfUtils.java:logGet(46)) - raft.server.log.statemachine.data.caching.enabled = true (custom)
2024-01-18 21:14:00,744 [bff1bba2-2b6d-4994-8ead-d2e5b7e1f8d7-groupManagement] INFO  segmented.SegmentedRaftLogWorker (SegmentedRaftLogWorker.java:lambda$new$0(134)) - bff1bba2-2b6d-4994-8ead-d2e5b7e1f8d7@group-BE0C52996DBE-SegmentedRaftLogWorker: flushIndex: setUnconditionally 0 -> -1
2024-01-18 21:14:00,744 [bff1bba2-2b6d-4994-8ead-d2e5b7e1f8d7-groupManagement] INFO  segmented.SegmentedRaftLogWorker (SegmentedRaftLogWorker.java:lambda$new$0(134)) - bff1bba2-2b6d-4994-8ead-d2e5b7e1f8d7@group-BE0C52996DBE-SegmentedRaftLogWorker: safeCacheEvictIndex: setUnconditionally 0 -> -1
2024-01-18 21:14:00,744 [bff1bba2-2b6d-4994-8ead-d2e5b7e1f8d7-groupManagement] INFO  server.RaftServer$Division (RaftServerImpl.java:start(396)) - bff1bba2-2b6d-4994-8ead-d2e5b7e1f8d7@group-BE0C52996DBE: start as a follower, conf=-1: peers:[bff1bba2-2b6d-4994-8ead-d2e5b7e1f8d7|10.1.0.44:15157, ea523e53-c226-4491-8cf7-936e653545c3|10.1.0.44:15166, 0c097caf-3b45-4555-a1b1-3d0f2c4aaf7a|10.1.0.44:15175]|listeners:[], old=null
2024-01-18 21:14:00,744 [bff1bba2-2b6d-4994-8ead-d2e5b7e1f8d7-groupManagement] INFO  server.RaftServer$Division (RaftServerImpl.java:setRole(383)) - bff1bba2-2b6d-4994-8ead-d2e5b7e1f8d7@group-BE0C52996DBE: changes role from      null to FOLLOWER at term 0 for startAsFollower
2024-01-18 21:14:00,744 [bff1bba2-2b6d-4994-8ead-d2e5b7e1f8d7-groupManagement] INFO  impl.RoleInfo (RoleInfo.java:updateAndGet(139)) - bff1bba2-2b6d-4994-8ead-d2e5b7e1f8d7: start bff1bba2-2b6d-4994-8ead-d2e5b7e1f8d7@group-BE0C52996DBE-FollowerState
2024-01-18 21:14:00,745 [bff1bba2-2b6d-4994-8ead-d2e5b7e1f8d7@group-BE0C52996DBE-FollowerState] INFO  server.RaftServerConfigKeys (ConfUtils.java:logFallback(53)) - raft.server.rpc.first-election.timeout.min = 5s (fallback to raft.server.rpc.timeout.min)
2024-01-18 21:14:00,745 [bff1bba2-2b6d-4994-8ead-d2e5b7e1f8d7-groupManagement] INFO  util.JmxRegister (JmxRegister.java:tryRegister(44)) - Successfully registered JMX Bean with object name Ratis:service=RaftServer,group=group-BE0C52996DBE,id=bff1bba2-2b6d-4994-8ead-d2e5b7e1f8d7
2024-01-18 21:14:00,745 [bff1bba2-2b6d-4994-8ead-d2e5b7e1f8d7@group-BE0C52996DBE-FollowerState] INFO  server.RaftServerConfigKeys (ConfUtils.java:logFallback(53)) - raft.server.rpc.first-election.timeout.max = 5200ms (fallback to raft.server.rpc.timeout.max)
2024-01-18 21:14:00,745 [bff1bba2-2b6d-4994-8ead-d2e5b7e1f8d7-groupManagement] INFO  server.RaftServerConfigKeys (ConfUtils.java:logGet(46)) - raft.server.snapshot.trigger-when-stop.enabled = true (default)
2024-01-18 21:14:00,745 [bff1bba2-2b6d-4994-8ead-d2e5b7e1f8d7-groupManagement] INFO  server.RaftServerConfigKeys (ConfUtils.java:logGet(46)) - raft.server.snapshot.auto.trigger.enabled = true (custom)
2024-01-18 21:14:00,745 [bff1bba2-2b6d-4994-8ead-d2e5b7e1f8d7-groupManagement] INFO  server.RaftServerConfigKeys (ConfUtils.java:logGet(46)) - raft.server.snapshot.auto.trigger.threshold = 10000 (custom)
2024-01-18 21:14:00,745 [bff1bba2-2b6d-4994-8ead-d2e5b7e1f8d7-groupManagement] INFO  server.RaftServerConfigKeys (ConfUtils.java:logGet(46)) - raft.server.snapshot.retention.file.num = 5 (custom)
2024-01-18 21:14:00,745 [bff1bba2-2b6d-4994-8ead-d2e5b7e1f8d7-groupManagement] INFO  server.RaftServerConfigKeys (ConfUtils.java:logGet(46)) - raft.server.log.purge.upto.snapshot.index = false (default)
2024-01-18 21:14:00,746 [bff1bba2-2b6d-4994-8ead-d2e5b7e1f8d7-PipelineCommandHandlerThread-0] INFO  ratis.XceiverServerRatis (XceiverServerRatis.java:addGroup(842)) - Created group PipelineID=e5132d0f-7c5a-40a9-bd2d-be0c52996dbe
2024-01-18 21:14:00,753 [grpc-default-executor-0] INFO  server.RaftServer (RaftServerProxy.java:addNew(100)) - 0c097caf-3b45-4555-a1b1-3d0f2c4aaf7a: addNew group-BE0C52996DBE:[bff1bba2-2b6d-4994-8ead-d2e5b7e1f8d7|10.1.0.44:15157, ea523e53-c226-4491-8cf7-936e653545c3|10.1.0.44:15166, 0c097caf-3b45-4555-a1b1-3d0f2c4aaf7a|10.1.0.44:15175] returns group-BE0C52996DBE:java.util.concurrent.CompletableFuture@51f33266[Not completed]
2024-01-18 21:14:00,760 [0c097caf-3b45-4555-a1b1-3d0f2c4aaf7a-groupManagement] INFO  server.RaftServer$Division (RaftServerImpl.java:<init>(256)) - 0c097caf-3b45-4555-a1b1-3d0f2c4aaf7a: new RaftServerImpl for group-BE0C52996DBE:[bff1bba2-2b6d-4994-8ead-d2e5b7e1f8d7|10.1.0.44:15157, ea523e53-c226-4491-8cf7-936e653545c3|10.1.0.44:15166, 0c097caf-3b45-4555-a1b1-3d0f2c4aaf7a|10.1.0.44:15175] with ContainerStateMachine:uninitialized
2024-01-18 21:14:00,760 [0c097caf-3b45-4555-a1b1-3d0f2c4aaf7a-groupManagement] INFO  server.RaftServerConfigKeys (ConfUtils.java:logGet(46)) - raft.server.rpc.timeout.min = 5s (custom)
2024-01-18 21:14:00,761 [0c097caf-3b45-4555-a1b1-3d0f2c4aaf7a-groupManagement] INFO  server.RaftServerConfigKeys (ConfUtils.java:logGet(46)) - raft.server.rpc.timeout.max = 5200ms (custom)
2024-01-18 21:14:00,761 [0c097caf-3b45-4555-a1b1-3d0f2c4aaf7a-groupManagement] INFO  server.RaftServerConfigKeys (ConfUtils.java:logGet(46)) - raft.server.rpc.sleep.time = 25ms (default)
2024-01-18 21:14:00,761 [0c097caf-3b45-4555-a1b1-3d0f2c4aaf7a-groupManagement] INFO  server.RaftServerConfigKeys (ConfUtils.java:logGet(46)) - raft.server.rpc.slowness.timeout = 300000ms (custom)
2024-01-18 21:14:00,762 [0c097caf-3b45-4555-a1b1-3d0f2c4aaf7a-groupManagement] INFO  server.RaftServerConfigKeys (ConfUtils.java:logGet(46)) - raft.server.leaderelection.leader.step-down.wait-time = 10s (default)
2024-01-18 21:14:00,762 [0c097caf-3b45-4555-a1b1-3d0f2c4aaf7a-groupManagement] INFO  server.RaftServerConfigKeys (ConfUtils.java:logGet(46)) - raft.server.leaderelection.member.majority-add = false (default)
2024-01-18 21:14:00,762 [0c097caf-3b45-4555-a1b1-3d0f2c4aaf7a-groupManagement] INFO  server.RaftServerConfigKeys (ConfUtils.java:logGet(46)) - raft.server.sleep.deviation.threshold = 300ms (default)
2024-01-18 21:14:00,763 [0c097caf-3b45-4555-a1b1-3d0f2c4aaf7a-groupManagement] INFO  server.RaftServer$Division (ServerState.java:<init>(113)) - 0c097caf-3b45-4555-a1b1-3d0f2c4aaf7a@group-BE0C52996DBE: ConfigurationManager, init=-1: peers:[bff1bba2-2b6d-4994-8ead-d2e5b7e1f8d7|10.1.0.44:15157, ea523e53-c226-4491-8cf7-936e653545c3|10.1.0.44:15166, 0c097caf-3b45-4555-a1b1-3d0f2c4aaf7a|10.1.0.44:15175]|listeners:[], old=null, confs=<EMPTY_MAP>
2024-01-18 21:14:00,763 [0c097caf-3b45-4555-a1b1-3d0f2c4aaf7a-groupManagement] INFO  server.RaftServerConfigKeys (ConfUtils.java:logGet(46)) - raft.server.notification.no-leader.timeout = 300000ms (custom)
2024-01-18 21:14:00,763 [0c097caf-3b45-4555-a1b1-3d0f2c4aaf7a-groupManagement] INFO  server.RaftServerConfigKeys (ConfUtils.java:logGet(46)) - raft.server.read.timeout = 10s (default)
2024-01-18 21:14:00,764 [0c097caf-3b45-4555-a1b1-3d0f2c4aaf7a-groupManagement] INFO  server.RaftServerConfigKeys (ConfUtils.java:logGet(46)) - raft.server.retrycache.expirytime = 600000ms (custom)
2024-01-18 21:14:00,764 [0c097caf-3b45-4555-a1b1-3d0f2c4aaf7a-groupManagement] INFO  server.RaftServerConfigKeys (ConfUtils.java:logGet(46)) - raft.server.retrycache.statistics.expirytime = 100ms (default)
2024-01-18 21:14:00,764 [0c097caf-3b45-4555-a1b1-3d0f2c4aaf7a-groupManagement] INFO  server.RaftServerConfigKeys (ConfUtils.java:logGet(46)) - raft.server.read.option = DEFAULT (default)
2024-01-18 21:14:00,764 [0c097caf-3b45-4555-a1b1-3d0f2c4aaf7a-groupManagement] INFO  server.RaftServerConfigKeys (ConfUtils.java:logGet(46)) - raft.server.read.read-after-write-consistent.write-index-cache.expiry-time = 60s (default)
2024-01-18 21:14:00,767 [0c097caf-3b45-4555-a1b1-3d0f2c4aaf7a-groupManagement] INFO  server.RaftServerConfigKeys (ConfUtils.java:logGet(46)) - raft.server.rpc.request.timeout = 3000ms (default)
2024-01-18 21:14:00,768 [0c097caf-3b45-4555-a1b1-3d0f2c4aaf7a-groupManagement] INFO  server.RaftServerConfigKeys (ConfUtils.java:logGet(46)) - raft.server.log.appender.install.snapshot.enabled = false (custom)
2024-01-18 21:14:00,768 [0c097caf-3b45-4555-a1b1-3d0f2c4aaf7a-groupManagement] INFO  server.RaftServerConfigKeys (ConfUtils.java:logGet(46)) - raft.server.threadpool.server.cached = true (default)
2024-01-18 21:14:00,768 [0c097caf-3b45-4555-a1b1-3d0f2c4aaf7a-groupManagement] INFO  server.RaftServerConfigKeys (ConfUtils.java:logGet(46)) - raft.server.threadpool.server.size = 0 (default)
2024-01-18 21:14:00,768 [0c097caf-3b45-4555-a1b1-3d0f2c4aaf7a-groupManagement] INFO  server.RaftServerConfigKeys (ConfUtils.java:logGet(46)) - raft.server.threadpool.client.cached = true (default)
2024-01-18 21:14:00,768 [0c097caf-3b45-4555-a1b1-3d0f2c4aaf7a-groupManagement] INFO  server.RaftServerConfigKeys (ConfUtils.java:logGet(46)) - raft.server.threadpool.client.size = 0 (default)
2024-01-18 21:14:00,768 [0c097caf-3b45-4555-a1b1-3d0f2c4aaf7a-groupManagement] INFO  server.RaftServerConfigKeys (ConfUtils.java:logGet(46)) - raft.server.storage.free-space.min = 0MB (=0) (default)
2024-01-18 21:14:00,768 [0c097caf-3b45-4555-a1b1-3d0f2c4aaf7a-groupManagement] INFO  server.RaftServerConfigKeys (ConfUtils.java:logGet(46)) - raft.server.log.corruption.policy = EXCEPTION (default)
2024-01-18 21:14:00,768 [0c097caf-3b45-4555-a1b1-3d0f2c4aaf7a-groupManagement] INFO  server.RaftServerConfigKeys (ConfUtils.java:logGet(46)) - raft.server.storage.dir = [/home/runner/work/ozone/ozone/hadoop-ozone/integration-test/target/test-dir/MiniOzoneClusterImpl-31edb46a-ccfd-4ac6-802d-5dd746a085ff/datanode-8/data/ratis] (custom)
2024-01-18 21:14:00,769 [0c097caf-3b45-4555-a1b1-3d0f2c4aaf7a-groupManagement] INFO  storage.RaftStorageDirectory (RaftStorageDirectoryImpl.java:analyzeStorage(138)) - The storage directory /home/runner/work/ozone/ozone/hadoop-ozone/integration-test/target/test-dir/MiniOzoneClusterImpl-31edb46a-ccfd-4ac6-802d-5dd746a085ff/datanode-8/data/ratis/e5132d0f-7c5a-40a9-bd2d-be0c52996dbe does not exist. Creating ...
2024-01-18 21:14:00,769 [0c097caf-3b45-4555-a1b1-3d0f2c4aaf7a-groupManagement] INFO  storage.RaftStorageDirectory (RaftStorageDirectoryImpl.java:tryLock(228)) - Lock on /home/runner/work/ozone/ozone/hadoop-ozone/integration-test/target/test-dir/MiniOzoneClusterImpl-31edb46a-ccfd-4ac6-802d-5dd746a085ff/datanode-8/data/ratis/e5132d0f-7c5a-40a9-bd2d-be0c52996dbe/in_use.lock acquired by nodename 70315@fv-az776-647
2024-01-18 21:14:00,770 [0c097caf-3b45-4555-a1b1-3d0f2c4aaf7a-groupManagement] INFO  storage.RaftStorage (RaftStorageImpl.java:format(99)) - Storage directory /home/runner/work/ozone/ozone/hadoop-ozone/integration-test/target/test-dir/MiniOzoneClusterImpl-31edb46a-ccfd-4ac6-802d-5dd746a085ff/datanode-8/data/ratis/e5132d0f-7c5a-40a9-bd2d-be0c52996dbe has been successfully formatted.
2024-01-18 21:14:00,771 [0c097caf-3b45-4555-a1b1-3d0f2c4aaf7a-groupManagement] WARN  util.FileUtils (LogUtils.java:supplyAndLog(63)) - Failed to Files.newInputStream /home/runner/work/ozone/ozone/hadoop-ozone/integration-test/target/test-dir/MiniOzoneClusterImpl-31edb46a-ccfd-4ac6-802d-5dd746a085ff/datanode-8/data/ratis/e5132d0f-7c5a-40a9-bd2d-be0c52996dbe/current/raft-meta.conf with options []: java.nio.file.NoSuchFileException: /home/runner/work/ozone/ozone/hadoop-ozone/integration-test/target/test-dir/MiniOzoneClusterImpl-31edb46a-ccfd-4ac6-802d-5dd746a085ff/datanode-8/data/ratis/e5132d0f-7c5a-40a9-bd2d-be0c52996dbe/current/raft-meta.conf
2024-01-18 21:14:00,772 [0c097caf-3b45-4555-a1b1-3d0f2c4aaf7a-groupManagement] INFO  ratis.ContainerStateMachine (ContainerStateMachine.java:loadSnapshot(287)) - group-BE0C52996DBE: The snapshot info is null. Setting the last applied index to:(t:0, i:~)
2024-01-18 21:14:00,772 [0c097caf-3b45-4555-a1b1-3d0f2c4aaf7a-groupManagement] INFO  server.RaftServerConfigKeys (ConfUtils.java:logGet(46)) - raft.server.log.use.memory = false (default)
2024-01-18 21:14:00,773 [0c097caf-3b45-4555-a1b1-3d0f2c4aaf7a-groupManagement] INFO  server.RaftServerConfigKeys (ConfUtils.java:logGet(46)) - raft.server.log.purge.gap = 1000000 (custom)
2024-01-18 21:14:00,774 [0c097caf-3b45-4555-a1b1-3d0f2c4aaf7a-groupManagement] INFO  server.RaftServerConfigKeys (ConfUtils.java:logGet(46)) - raft.server.log.appender.buffer.byte-limit = 8388608 (custom)
2024-01-18 21:14:00,774 [0c097caf-3b45-4555-a1b1-3d0f2c4aaf7a-groupManagement] INFO  server.RaftServerConfigKeys (ConfUtils.java:logGet(46)) - raft.server.log.statemachine.data.read.timeout = 1000ms (default)
2024-01-18 21:14:00,774 [0c097caf-3b45-4555-a1b1-3d0f2c4aaf7a-groupManagement] INFO  server.RaftServerConfigKeys (ConfUtils.java:logGet(46)) - raft.server.log.purge.preservation.log.num = 0 (default)
2024-01-18 21:14:00,776 [0c097caf-3b45-4555-a1b1-3d0f2c4aaf7a-groupManagement] INFO  server.RaftServerConfigKeys (ConfUtils.java:logGet(46)) - raft.server.log.segment.size.max = 67108864 (custom)
2024-01-18 21:14:00,776 [0c097caf-3b45-4555-a1b1-3d0f2c4aaf7a-groupManagement] INFO  server.RaftServerConfigKeys (ConfUtils.java:logGet(46)) - raft.server.log.segment.cache.num.max = 2 (custom)
2024-01-18 21:14:00,777 [0c097caf-3b45-4555-a1b1-3d0f2c4aaf7a-groupManagement] INFO  server.RaftServerConfigKeys (ConfUtils.java:logGet(46)) - raft.server.log.segment.cache.size.max = 200MB (=209715200) (default)
2024-01-18 21:14:00,777 [0c097caf-3b45-4555-a1b1-3d0f2c4aaf7a-groupManagement] INFO  server.RaftServerConfigKeys (ConfUtils.java:logGet(46)) - raft.server.log.appender.buffer.byte-limit = 8388608 (custom)
2024-01-18 21:14:00,777 [0c097caf-3b45-4555-a1b1-3d0f2c4aaf7a-groupManagement] INFO  util.AwaitToRun (AwaitToRun.java:start(81)) - Thread[0c097caf-3b45-4555-a1b1-3d0f2c4aaf7a@group-BE0C52996DBE-cacheEviction-AwaitToRun,5,main] started
2024-01-18 21:14:00,778 [0c097caf-3b45-4555-a1b1-3d0f2c4aaf7a-groupManagement] INFO  segmented.SegmentedRaftLogWorker (SegmentedRaftLogWorker.java:<init>(182)) - new 0c097caf-3b45-4555-a1b1-3d0f2c4aaf7a@group-BE0C52996DBE-SegmentedRaftLogWorker for RaftStorageImpl:Storage Directory /home/runner/work/ozone/ozone/hadoop-ozone/integration-test/target/test-dir/MiniOzoneClusterImpl-31edb46a-ccfd-4ac6-802d-5dd746a085ff/datanode-8/data/ratis/e5132d0f-7c5a-40a9-bd2d-be0c52996dbe
2024-01-18 21:14:00,778 [0c097caf-3b45-4555-a1b1-3d0f2c4aaf7a-groupManagement] INFO  server.RaftServerConfigKeys (ConfUtils.java:logGet(46)) - raft.server.log.queue.byte-limit = 4294967296 (custom)
2024-01-18 21:14:00,778 [0c097caf-3b45-4555-a1b1-3d0f2c4aaf7a-groupManagement] INFO  server.RaftServerConfigKeys (ConfUtils.java:logGet(46)) - raft.server.log.queue.element-limit = 1024 (custom)
2024-01-18 21:14:00,779 [0c097caf-3b45-4555-a1b1-3d0f2c4aaf7a-groupManagement] INFO  server.RaftServerConfigKeys (ConfUtils.java:logGet(46)) - raft.server.log.segment.size.max = 67108864 (custom)
2024-01-18 21:14:00,779 [0c097caf-3b45-4555-a1b1-3d0f2c4aaf7a-groupManagement] INFO  server.RaftServerConfigKeys (ConfUtils.java:logGet(46)) - raft.server.log.preallocated.size = 4194304 (custom)
2024-01-18 21:14:00,779 [0c097caf-3b45-4555-a1b1-3d0f2c4aaf7a-groupManagement] INFO  server.RaftServerConfigKeys (ConfUtils.java:logGet(46)) - raft.server.log.force.sync.num = 128 (default)
2024-01-18 21:14:00,779 [0c097caf-3b45-4555-a1b1-3d0f2c4aaf7a-groupManagement] INFO  server.RaftServerConfigKeys (ConfUtils.java:logGet(46)) - raft.server.log.statemachine.data.sync = true (default)
2024-01-18 21:14:00,779 [0c097caf-3b45-4555-a1b1-3d0f2c4aaf7a-groupManagement] INFO  server.RaftServerConfigKeys (ConfUtils.java:logGet(46)) - raft.server.log.statemachine.data.sync.timeout = 10s (default)
2024-01-18 21:14:00,779 [0c097caf-3b45-4555-a1b1-3d0f2c4aaf7a-groupManagement] INFO  server.RaftServerConfigKeys (ConfUtils.java:logGet(46)) - raft.server.log.statemachine.data.sync.timeout.retry = 0 (custom)
2024-01-18 21:14:00,780 [0c097caf-3b45-4555-a1b1-3d0f2c4aaf7a-groupManagement] INFO  server.RaftServerConfigKeys (ConfUtils.java:logGet(46)) - raft.server.log.write.buffer.size = 8388616 (custom)
2024-01-18 21:14:00,781 [0c097caf-3b45-4555-a1b1-3d0f2c4aaf7a-groupManagement] INFO  server.RaftServerConfigKeys (ConfUtils.java:logGet(46)) - raft.server.log.appender.buffer.byte-limit = 8388608 (custom)
2024-01-18 21:14:00,781 [0c097caf-3b45-4555-a1b1-3d0f2c4aaf7a-groupManagement] INFO  server.RaftServerConfigKeys (ConfUtils.java:logGet(46)) - raft.server.log.unsafe-flush.enabled = false (default)
2024-01-18 21:14:00,781 [0c097caf-3b45-4555-a1b1-3d0f2c4aaf7a-groupManagement] INFO  server.RaftServerConfigKeys (ConfUtils.java:logGet(46)) - raft.server.log.async-flush.enabled = false (default)
2024-01-18 21:14:00,781 [0c097caf-3b45-4555-a1b1-3d0f2c4aaf7a-groupManagement] INFO  server.RaftServerConfigKeys (ConfUtils.java:logGet(46)) - raft.server.log.statemachine.data.caching.enabled = true (custom)
2024-01-18 21:14:00,781 [0c097caf-3b45-4555-a1b1-3d0f2c4aaf7a-groupManagement] INFO  segmented.SegmentedRaftLogWorker (SegmentedRaftLogWorker.java:lambda$new$0(134)) - 0c097caf-3b45-4555-a1b1-3d0f2c4aaf7a@group-BE0C52996DBE-SegmentedRaftLogWorker: flushIndex: setUnconditionally 0 -> -1
2024-01-18 21:14:00,781 [0c097caf-3b45-4555-a1b1-3d0f2c4aaf7a-groupManagement] INFO  segmented.SegmentedRaftLogWorker (SegmentedRaftLogWorker.java:lambda$new$0(134)) - 0c097caf-3b45-4555-a1b1-3d0f2c4aaf7a@group-BE0C52996DBE-SegmentedRaftLogWorker: safeCacheEvictIndex: setUnconditionally 0 -> -1
2024-01-18 21:14:00,782 [0c097caf-3b45-4555-a1b1-3d0f2c4aaf7a-groupManagement] INFO  server.RaftServer$Division (RaftServerImpl.java:start(396)) - 0c097caf-3b45-4555-a1b1-3d0f2c4aaf7a@group-BE0C52996DBE: start as a follower, conf=-1: peers:[bff1bba2-2b6d-4994-8ead-d2e5b7e1f8d7|10.1.0.44:15157, ea523e53-c226-4491-8cf7-936e653545c3|10.1.0.44:15166, 0c097caf-3b45-4555-a1b1-3d0f2c4aaf7a|10.1.0.44:15175]|listeners:[], old=null
2024-01-18 21:14:00,782 [0c097caf-3b45-4555-a1b1-3d0f2c4aaf7a-groupManagement] INFO  server.RaftServer$Division (RaftServerImpl.java:setRole(383)) - 0c097caf-3b45-4555-a1b1-3d0f2c4aaf7a@group-BE0C52996DBE: changes role from      null to FOLLOWER at term 0 for startAsFollower
2024-01-18 21:14:00,782 [0c097caf-3b45-4555-a1b1-3d0f2c4aaf7a-groupManagement] INFO  impl.RoleInfo (RoleInfo.java:updateAndGet(139)) - 0c097caf-3b45-4555-a1b1-3d0f2c4aaf7a: start 0c097caf-3b45-4555-a1b1-3d0f2c4aaf7a@group-BE0C52996DBE-FollowerState
2024-01-18 21:14:00,782 [0c097caf-3b45-4555-a1b1-3d0f2c4aaf7a@group-BE0C52996DBE-FollowerState] INFO  server.RaftServerConfigKeys (ConfUtils.java:logFallback(53)) - raft.server.rpc.first-election.timeout.min = 5s (fallback to raft.server.rpc.timeout.min)
2024-01-18 21:14:00,782 [0c097caf-3b45-4555-a1b1-3d0f2c4aaf7a-groupManagement] INFO  util.JmxRegister (JmxRegister.java:tryRegister(44)) - Successfully registered JMX Bean with object name Ratis:service=RaftServer,group=group-BE0C52996DBE,id=0c097caf-3b45-4555-a1b1-3d0f2c4aaf7a
2024-01-18 21:14:00,782 [0c097caf-3b45-4555-a1b1-3d0f2c4aaf7a-groupManagement] INFO  server.RaftServerConfigKeys (ConfUtils.java:logGet(46)) - raft.server.snapshot.trigger-when-stop.enabled = true (default)
2024-01-18 21:14:00,782 [0c097caf-3b45-4555-a1b1-3d0f2c4aaf7a-groupManagement] INFO  server.RaftServerConfigKeys (ConfUtils.java:logGet(46)) - raft.server.snapshot.auto.trigger.enabled = true (custom)
2024-01-18 21:14:00,782 [0c097caf-3b45-4555-a1b1-3d0f2c4aaf7a-groupManagement] INFO  server.RaftServerConfigKeys (ConfUtils.java:logGet(46)) - raft.server.snapshot.auto.trigger.threshold = 10000 (custom)
2024-01-18 21:14:00,782 [0c097caf-3b45-4555-a1b1-3d0f2c4aaf7a-groupManagement] INFO  server.RaftServerConfigKeys (ConfUtils.java:logGet(46)) - raft.server.snapshot.retention.file.num = 5 (custom)
2024-01-18 21:14:00,782 [0c097caf-3b45-4555-a1b1-3d0f2c4aaf7a-groupManagement] INFO  server.RaftServerConfigKeys (ConfUtils.java:logGet(46)) - raft.server.log.purge.upto.snapshot.index = false (default)
2024-01-18 21:14:00,782 [0c097caf-3b45-4555-a1b1-3d0f2c4aaf7a@group-BE0C52996DBE-FollowerState] INFO  server.RaftServerConfigKeys (ConfUtils.java:logFallback(53)) - raft.server.rpc.first-election.timeout.max = 5200ms (fallback to raft.server.rpc.timeout.max)
2024-01-18 21:14:00,794 [grpc-default-executor-0] INFO  server.RaftServer (RaftServerProxy.java:addNew(100)) - ea523e53-c226-4491-8cf7-936e653545c3: addNew group-BE0C52996DBE:[bff1bba2-2b6d-4994-8ead-d2e5b7e1f8d7|10.1.0.44:15157, ea523e53-c226-4491-8cf7-936e653545c3|10.1.0.44:15166, 0c097caf-3b45-4555-a1b1-3d0f2c4aaf7a|10.1.0.44:15175] returns group-BE0C52996DBE:java.util.concurrent.CompletableFuture@624651bb[Not completed]
2024-01-18 21:14:00,795 [ea523e53-c226-4491-8cf7-936e653545c3-groupManagement] INFO  server.RaftServer$Division (RaftServerImpl.java:<init>(256)) - ea523e53-c226-4491-8cf7-936e653545c3: new RaftServerImpl for group-BE0C52996DBE:[bff1bba2-2b6d-4994-8ead-d2e5b7e1f8d7|10.1.0.44:15157, ea523e53-c226-4491-8cf7-936e653545c3|10.1.0.44:15166, 0c097caf-3b45-4555-a1b1-3d0f2c4aaf7a|10.1.0.44:15175] with ContainerStateMachine:uninitialized
2024-01-18 21:14:00,795 [ea523e53-c226-4491-8cf7-936e653545c3-groupManagement] INFO  server.RaftServerConfigKeys (ConfUtils.java:logGet(46)) - raft.server.rpc.timeout.min = 5s (custom)
2024-01-18 21:14:00,795 [ea523e53-c226-4491-8cf7-936e653545c3-groupManagement] INFO  server.RaftServerConfigKeys (ConfUtils.java:logGet(46)) - raft.server.rpc.timeout.max = 5200ms (custom)
2024-01-18 21:14:00,795 [ea523e53-c226-4491-8cf7-936e653545c3-groupManagement] INFO  server.RaftServerConfigKeys (ConfUtils.java:logGet(46)) - raft.server.rpc.sleep.time = 25ms (default)
2024-01-18 21:14:00,795 [ea523e53-c226-4491-8cf7-936e653545c3-groupManagement] INFO  server.RaftServerConfigKeys (ConfUtils.java:logGet(46)) - raft.server.rpc.slowness.timeout = 300000ms (custom)
2024-01-18 21:14:00,795 [ea523e53-c226-4491-8cf7-936e653545c3-groupManagement] INFO  server.RaftServerConfigKeys (ConfUtils.java:logGet(46)) - raft.server.leaderelection.leader.step-down.wait-time = 10s (default)
2024-01-18 21:14:00,795 [ea523e53-c226-4491-8cf7-936e653545c3-groupManagement] INFO  server.RaftServerConfigKeys (ConfUtils.java:logGet(46)) - raft.server.leaderelection.member.majority-add = false (default)
2024-01-18 21:14:00,795 [ea523e53-c226-4491-8cf7-936e653545c3-groupManagement] INFO  server.RaftServerConfigKeys (ConfUtils.java:logGet(46)) - raft.server.sleep.deviation.threshold = 300ms (default)
2024-01-18 21:14:00,795 [ea523e53-c226-4491-8cf7-936e653545c3-groupManagement] INFO  server.RaftServer$Division (ServerState.java:<init>(113)) - ea523e53-c226-4491-8cf7-936e653545c3@group-BE0C52996DBE: ConfigurationManager, init=-1: peers:[bff1bba2-2b6d-4994-8ead-d2e5b7e1f8d7|10.1.0.44:15157, ea523e53-c226-4491-8cf7-936e653545c3|10.1.0.44:15166, 0c097caf-3b45-4555-a1b1-3d0f2c4aaf7a|10.1.0.44:15175]|listeners:[], old=null, confs=<EMPTY_MAP>
2024-01-18 21:14:00,795 [ea523e53-c226-4491-8cf7-936e653545c3-groupManagement] INFO  server.RaftServerConfigKeys (ConfUtils.java:logGet(46)) - raft.server.notification.no-leader.timeout = 300000ms (custom)
2024-01-18 21:14:00,796 [ea523e53-c226-4491-8cf7-936e653545c3-groupManagement] INFO  server.RaftServerConfigKeys (ConfUtils.java:logGet(46)) - raft.server.read.timeout = 10s (default)
2024-01-18 21:14:00,796 [ea523e53-c226-4491-8cf7-936e653545c3-groupManagement] INFO  server.RaftServerConfigKeys (ConfUtils.java:logGet(46)) - raft.server.retrycache.expirytime = 600000ms (custom)
2024-01-18 21:14:00,796 [ea523e53-c226-4491-8cf7-936e653545c3-groupManagement] INFO  server.RaftServerConfigKeys (ConfUtils.java:logGet(46)) - raft.server.retrycache.statistics.expirytime = 100ms (default)
2024-01-18 21:14:00,796 [ea523e53-c226-4491-8cf7-936e653545c3-groupManagement] INFO  server.RaftServerConfigKeys (ConfUtils.java:logGet(46)) - raft.server.read.option = DEFAULT (default)
2024-01-18 21:14:00,796 [ea523e53-c226-4491-8cf7-936e653545c3-groupManagement] INFO  server.RaftServerConfigKeys (ConfUtils.java:logGet(46)) - raft.server.read.read-after-write-consistent.write-index-cache.expiry-time = 60s (default)
2024-01-18 21:14:00,798 [ea523e53-c226-4491-8cf7-936e653545c3-groupManagement] INFO  server.RaftServerConfigKeys (ConfUtils.java:logGet(46)) - raft.server.rpc.request.timeout = 3000ms (default)
2024-01-18 21:14:00,798 [ea523e53-c226-4491-8cf7-936e653545c3-groupManagement] INFO  server.RaftServerConfigKeys (ConfUtils.java:logGet(46)) - raft.server.log.appender.install.snapshot.enabled = false (custom)
2024-01-18 21:14:00,798 [ea523e53-c226-4491-8cf7-936e653545c3-groupManagement] INFO  server.RaftServerConfigKeys (ConfUtils.java:logGet(46)) - raft.server.threadpool.server.cached = true (default)
2024-01-18 21:14:00,798 [ea523e53-c226-4491-8cf7-936e653545c3-groupManagement] INFO  server.RaftServerConfigKeys (ConfUtils.java:logGet(46)) - raft.server.threadpool.server.size = 0 (default)
2024-01-18 21:14:00,799 [ea523e53-c226-4491-8cf7-936e653545c3-groupManagement] INFO  server.RaftServerConfigKeys (ConfUtils.java:logGet(46)) - raft.server.threadpool.client.cached = true (default)
2024-01-18 21:14:00,799 [ea523e53-c226-4491-8cf7-936e653545c3-groupManagement] INFO  server.RaftServerConfigKeys (ConfUtils.java:logGet(46)) - raft.server.threadpool.client.size = 0 (default)
2024-01-18 21:14:00,799 [ea523e53-c226-4491-8cf7-936e653545c3-groupManagement] INFO  server.RaftServerConfigKeys (ConfUtils.java:logGet(46)) - raft.server.storage.free-space.min = 0MB (=0) (default)
2024-01-18 21:14:00,799 [ea523e53-c226-4491-8cf7-936e653545c3-groupManagement] INFO  server.RaftServerConfigKeys (ConfUtils.java:logGet(46)) - raft.server.log.corruption.policy = EXCEPTION (default)
2024-01-18 21:14:00,799 [ea523e53-c226-4491-8cf7-936e653545c3-groupManagement] INFO  server.RaftServerConfigKeys (ConfUtils.java:logGet(46)) - raft.server.storage.dir = [/home/runner/work/ozone/ozone/hadoop-ozone/integration-test/target/test-dir/MiniOzoneClusterImpl-31edb46a-ccfd-4ac6-802d-5dd746a085ff/datanode-7/data/ratis] (custom)
2024-01-18 21:14:00,799 [ea523e53-c226-4491-8cf7-936e653545c3-groupManagement] INFO  storage.RaftStorageDirectory (RaftStorageDirectoryImpl.java:analyzeStorage(138)) - The storage directory /home/runner/work/ozone/ozone/hadoop-ozone/integration-test/target/test-dir/MiniOzoneClusterImpl-31edb46a-ccfd-4ac6-802d-5dd746a085ff/datanode-7/data/ratis/e5132d0f-7c5a-40a9-bd2d-be0c52996dbe does not exist. Creating ...
2024-01-18 21:14:00,800 [ea523e53-c226-4491-8cf7-936e653545c3-groupManagement] INFO  storage.RaftStorageDirectory (RaftStorageDirectoryImpl.java:tryLock(228)) - Lock on /home/runner/work/ozone/ozone/hadoop-ozone/integration-test/target/test-dir/MiniOzoneClusterImpl-31edb46a-ccfd-4ac6-802d-5dd746a085ff/datanode-7/data/ratis/e5132d0f-7c5a-40a9-bd2d-be0c52996dbe/in_use.lock acquired by nodename 70315@fv-az776-647
2024-01-18 21:14:00,801 [ea523e53-c226-4491-8cf7-936e653545c3-groupManagement] INFO  storage.RaftStorage (RaftStorageImpl.java:format(99)) - Storage directory /home/runner/work/ozone/ozone/hadoop-ozone/integration-test/target/test-dir/MiniOzoneClusterImpl-31edb46a-ccfd-4ac6-802d-5dd746a085ff/datanode-7/data/ratis/e5132d0f-7c5a-40a9-bd2d-be0c52996dbe has been successfully formatted.
2024-01-18 21:14:00,801 [ea523e53-c226-4491-8cf7-936e653545c3-groupManagement] WARN  util.FileUtils (LogUtils.java:supplyAndLog(63)) - Failed to Files.newInputStream /home/runner/work/ozone/ozone/hadoop-ozone/integration-test/target/test-dir/MiniOzoneClusterImpl-31edb46a-ccfd-4ac6-802d-5dd746a085ff/datanode-7/data/ratis/e5132d0f-7c5a-40a9-bd2d-be0c52996dbe/current/raft-meta.conf with options []: java.nio.file.NoSuchFileException: /home/runner/work/ozone/ozone/hadoop-ozone/integration-test/target/test-dir/MiniOzoneClusterImpl-31edb46a-ccfd-4ac6-802d-5dd746a085ff/datanode-7/data/ratis/e5132d0f-7c5a-40a9-bd2d-be0c52996dbe/current/raft-meta.conf
2024-01-18 21:14:00,802 [ea523e53-c226-4491-8cf7-936e653545c3-groupManagement] INFO  ratis.ContainerStateMachine (ContainerStateMachine.java:loadSnapshot(287)) - group-BE0C52996DBE: The snapshot info is null. Setting the last applied index to:(t:0, i:~)
2024-01-18 21:14:00,802 [ea523e53-c226-4491-8cf7-936e653545c3-groupManagement] INFO  server.RaftServerConfigKeys (ConfUtils.java:logGet(46)) - raft.server.log.use.memory = false (default)
2024-01-18 21:14:00,802 [ea523e53-c226-4491-8cf7-936e653545c3-groupManagement] INFO  server.RaftServerConfigKeys (ConfUtils.java:logGet(46)) - raft.server.log.purge.gap = 1000000 (custom)
2024-01-18 21:14:00,803 [ea523e53-c226-4491-8cf7-936e653545c3-groupManagement] INFO  server.RaftServerConfigKeys (ConfUtils.java:logGet(46)) - raft.server.log.appender.buffer.byte-limit = 8388608 (custom)
2024-01-18 21:14:00,803 [ea523e53-c226-4491-8cf7-936e653545c3-groupManagement] INFO  server.RaftServerConfigKeys (ConfUtils.java:logGet(46)) - raft.server.log.statemachine.data.read.timeout = 1000ms (default)
2024-01-18 21:14:00,803 [ea523e53-c226-4491-8cf7-936e653545c3-groupManagement] INFO  server.RaftServerConfigKeys (ConfUtils.java:logGet(46)) - raft.server.log.purge.preservation.log.num = 0 (default)
2024-01-18 21:14:00,804 [ea523e53-c226-4491-8cf7-936e653545c3-groupManagement] INFO  server.RaftServerConfigKeys (ConfUtils.java:logGet(46)) - raft.server.log.segment.size.max = 67108864 (custom)
2024-01-18 21:14:00,804 [ea523e53-c226-4491-8cf7-936e653545c3-groupManagement] INFO  server.RaftServerConfigKeys (ConfUtils.java:logGet(46)) - raft.server.log.segment.cache.num.max = 2 (custom)
2024-01-18 21:14:00,805 [ea523e53-c226-4491-8cf7-936e653545c3-groupManagement] INFO  server.RaftServerConfigKeys (ConfUtils.java:logGet(46)) - raft.server.log.segment.cache.size.max = 200MB (=209715200) (default)
2024-01-18 21:14:00,805 [ea523e53-c226-4491-8cf7-936e653545c3-groupManagement] INFO  server.RaftServerConfigKeys (ConfUtils.java:logGet(46)) - raft.server.log.appender.buffer.byte-limit = 8388608 (custom)
2024-01-18 21:14:00,805 [ea523e53-c226-4491-8cf7-936e653545c3-groupManagement] INFO  util.AwaitToRun (AwaitToRun.java:start(81)) - Thread[ea523e53-c226-4491-8cf7-936e653545c3@group-BE0C52996DBE-cacheEviction-AwaitToRun,5,main] started
2024-01-18 21:14:00,805 [ea523e53-c226-4491-8cf7-936e653545c3-groupManagement] INFO  segmented.SegmentedRaftLogWorker (SegmentedRaftLogWorker.java:<init>(182)) - new ea523e53-c226-4491-8cf7-936e653545c3@group-BE0C52996DBE-SegmentedRaftLogWorker for RaftStorageImpl:Storage Directory /home/runner/work/ozone/ozone/hadoop-ozone/integration-test/target/test-dir/MiniOzoneClusterImpl-31edb46a-ccfd-4ac6-802d-5dd746a085ff/datanode-7/data/ratis/e5132d0f-7c5a-40a9-bd2d-be0c52996dbe
2024-01-18 21:14:00,805 [ea523e53-c226-4491-8cf7-936e653545c3-groupManagement] INFO  server.RaftServerConfigKeys (ConfUtils.java:logGet(46)) - raft.server.log.queue.byte-limit = 4294967296 (custom)
2024-01-18 21:14:00,805 [ea523e53-c226-4491-8cf7-936e653545c3-groupManagement] INFO  server.RaftServerConfigKeys (ConfUtils.java:logGet(46)) - raft.server.log.queue.element-limit = 1024 (custom)
2024-01-18 21:14:00,805 [ea523e53-c226-4491-8cf7-936e653545c3-groupManagement] INFO  server.RaftServerConfigKeys (ConfUtils.java:logGet(46)) - raft.server.log.segment.size.max = 67108864 (custom)
2024-01-18 21:14:00,805 [ea523e53-c226-4491-8cf7-936e653545c3-groupManagement] INFO  server.RaftServerConfigKeys (ConfUtils.java:logGet(46)) - raft.server.log.preallocated.size = 4194304 (custom)
2024-01-18 21:14:00,805 [ea523e53-c226-4491-8cf7-936e653545c3-groupManagement] INFO  server.RaftServerConfigKeys (ConfUtils.java:logGet(46)) - raft.server.log.force.sync.num = 128 (default)
2024-01-18 21:14:00,805 [ea523e53-c226-4491-8cf7-936e653545c3-groupManagement] INFO  server.RaftServerConfigKeys (ConfUtils.java:logGet(46)) - raft.server.log.statemachine.data.sync = true (default)
2024-01-18 21:14:00,805 [ea523e53-c226-4491-8cf7-936e653545c3-groupManagement] INFO  server.RaftServerConfigKeys (ConfUtils.java:logGet(46)) - raft.server.log.statemachine.data.sync.timeout = 10s (default)
2024-01-18 21:14:00,806 [ea523e53-c226-4491-8cf7-936e653545c3-groupManagement] INFO  server.RaftServerConfigKeys (ConfUtils.java:logGet(46)) - raft.server.log.statemachine.data.sync.timeout.retry = 0 (custom)
2024-01-18 21:14:00,806 [ea523e53-c226-4491-8cf7-936e653545c3-groupManagement] INFO  server.RaftServerConfigKeys (ConfUtils.java:logGet(46)) - raft.server.log.write.buffer.size = 8388616 (custom)
2024-01-18 21:14:00,808 [ea523e53-c226-4491-8cf7-936e653545c3-groupManagement] INFO  server.RaftServerConfigKeys (ConfUtils.java:logGet(46)) - raft.server.log.appender.buffer.byte-limit = 8388608 (custom)
2024-01-18 21:14:00,808 [ea523e53-c226-4491-8cf7-936e653545c3-groupManagement] INFO  server.RaftServerConfigKeys (ConfUtils.java:logGet(46)) - raft.server.log.unsafe-flush.enabled = false (default)
2024-01-18 21:14:00,808 [ea523e53-c226-4491-8cf7-936e653545c3-groupManagement] INFO  server.RaftServerConfigKeys (ConfUtils.java:logGet(46)) - raft.server.log.async-flush.enabled = false (default)
2024-01-18 21:14:00,808 [ea523e53-c226-4491-8cf7-936e653545c3-groupManagement] INFO  server.RaftServerConfigKeys (ConfUtils.java:logGet(46)) - raft.server.log.statemachine.data.caching.enabled = true (custom)
2024-01-18 21:14:00,808 [ea523e53-c226-4491-8cf7-936e653545c3-groupManagement] INFO  segmented.SegmentedRaftLogWorker (SegmentedRaftLogWorker.java:lambda$new$0(134)) - ea523e53-c226-4491-8cf7-936e653545c3@group-BE0C52996DBE-SegmentedRaftLogWorker: flushIndex: setUnconditionally 0 -> -1
2024-01-18 21:14:00,808 [ea523e53-c226-4491-8cf7-936e653545c3-groupManagement] INFO  segmented.SegmentedRaftLogWorker (SegmentedRaftLogWorker.java:lambda$new$0(134)) - ea523e53-c226-4491-8cf7-936e653545c3@group-BE0C52996DBE-SegmentedRaftLogWorker: safeCacheEvictIndex: setUnconditionally 0 -> -1
2024-01-18 21:14:00,809 [ea523e53-c226-4491-8cf7-936e653545c3-groupManagement] INFO  server.RaftServer$Division (RaftServerImpl.java:start(396)) - ea523e53-c226-4491-8cf7-936e653545c3@group-BE0C52996DBE: start as a follower, conf=-1: peers:[bff1bba2-2b6d-4994-8ead-d2e5b7e1f8d7|10.1.0.44:15157, ea523e53-c226-4491-8cf7-936e653545c3|10.1.0.44:15166, 0c097caf-3b45-4555-a1b1-3d0f2c4aaf7a|10.1.0.44:15175]|listeners:[], old=null
2024-01-18 21:14:00,809 [ea523e53-c226-4491-8cf7-936e653545c3-groupManagement] INFO  server.RaftServer$Division (RaftServerImpl.java:setRole(383)) - ea523e53-c226-4491-8cf7-936e653545c3@group-BE0C52996DBE: changes role from      null to FOLLOWER at term 0 for startAsFollower
2024-01-18 21:14:00,809 [ea523e53-c226-4491-8cf7-936e653545c3-groupManagement] INFO  impl.RoleInfo (RoleInfo.java:updateAndGet(139)) - ea523e53-c226-4491-8cf7-936e653545c3: start ea523e53-c226-4491-8cf7-936e653545c3@group-BE0C52996DBE-FollowerState
2024-01-18 21:14:00,810 [ea523e53-c226-4491-8cf7-936e653545c3-PipelineCommandHandlerThread-0] INFO  server.RaftServer (RaftServerProxy.java:addNew(100)) - ea523e53-c226-4491-8cf7-936e653545c3: addNew group-D303D77A7A38:[ea523e53-c226-4491-8cf7-936e653545c3|10.1.0.44:15166] returns group-D303D77A7A38:java.util.concurrent.CompletableFuture@4e175bab[Not completed]
2024-01-18 21:14:00,810 [ea523e53-c226-4491-8cf7-936e653545c3@group-BE0C52996DBE-FollowerState] INFO  server.RaftServerConfigKeys (ConfUtils.java:logFallback(53)) - raft.server.rpc.first-election.timeout.min = 5s (fallback to raft.server.rpc.timeout.min)
2024-01-18 21:14:00,810 [ea523e53-c226-4491-8cf7-936e653545c3@group-BE0C52996DBE-FollowerState] INFO  server.RaftServerConfigKeys (ConfUtils.java:logFallback(53)) - raft.server.rpc.first-election.timeout.max = 5200ms (fallback to raft.server.rpc.timeout.max)
2024-01-18 21:14:00,810 [ea523e53-c226-4491-8cf7-936e653545c3-groupManagement] INFO  util.JmxRegister (JmxRegister.java:tryRegister(44)) - Successfully registered JMX Bean with object name Ratis:service=RaftServer,group=group-BE0C52996DBE,id=ea523e53-c226-4491-8cf7-936e653545c3
2024-01-18 21:14:00,810 [ea523e53-c226-4491-8cf7-936e653545c3-groupManagement] INFO  server.RaftServerConfigKeys (ConfUtils.java:logGet(46)) - raft.server.snapshot.trigger-when-stop.enabled = true (default)
2024-01-18 21:14:00,810 [ea523e53-c226-4491-8cf7-936e653545c3-groupManagement] INFO  server.RaftServerConfigKeys (ConfUtils.java:logGet(46)) - raft.server.snapshot.auto.trigger.enabled = true (custom)
2024-01-18 21:14:00,810 [ea523e53-c226-4491-8cf7-936e653545c3-groupManagement] INFO  server.RaftServerConfigKeys (ConfUtils.java:logGet(46)) - raft.server.snapshot.auto.trigger.threshold = 10000 (custom)
2024-01-18 21:14:00,810 [ea523e53-c226-4491-8cf7-936e653545c3-groupManagement] INFO  server.RaftServerConfigKeys (ConfUtils.java:logGet(46)) - raft.server.snapshot.retention.file.num = 5 (custom)
2024-01-18 21:14:00,811 [ea523e53-c226-4491-8cf7-936e653545c3-groupManagement] INFO  server.RaftServerConfigKeys (ConfUtils.java:logGet(46)) - raft.server.log.purge.upto.snapshot.index = false (default)
2024-01-18 21:14:00,821 [ea523e53-c226-4491-8cf7-936e653545c3-groupManagement] INFO  server.RaftServer$Division (RaftServerImpl.java:<init>(256)) - ea523e53-c226-4491-8cf7-936e653545c3: new RaftServerImpl for group-D303D77A7A38:[ea523e53-c226-4491-8cf7-936e653545c3|10.1.0.44:15166] with ContainerStateMachine:uninitialized
2024-01-18 21:14:00,821 [ea523e53-c226-4491-8cf7-936e653545c3-groupManagement] INFO  server.RaftServerConfigKeys (ConfUtils.java:logGet(46)) - raft.server.rpc.timeout.min = 5s (custom)
2024-01-18 21:14:00,821 [ea523e53-c226-4491-8cf7-936e653545c3-groupManagement] INFO  server.RaftServerConfigKeys (ConfUtils.java:logGet(46)) - raft.server.rpc.timeout.max = 5200ms (custom)
2024-01-18 21:14:00,821 [ea523e53-c226-4491-8cf7-936e653545c3-groupManagement] INFO  server.RaftServerConfigKeys (ConfUtils.java:logGet(46)) - raft.server.rpc.sleep.time = 25ms (default)
2024-01-18 21:14:00,821 [ea523e53-c226-4491-8cf7-936e653545c3-groupManagement] INFO  server.RaftServerConfigKeys (ConfUtils.java:logGet(46)) - raft.server.rpc.slowness.timeout = 300000ms (custom)
2024-01-18 21:14:00,821 [ea523e53-c226-4491-8cf7-936e653545c3-groupManagement] INFO  server.RaftServerConfigKeys (ConfUtils.java:logGet(46)) - raft.server.leaderelection.leader.step-down.wait-time = 10s (default)
2024-01-18 21:14:00,822 [ea523e53-c226-4491-8cf7-936e653545c3-groupManagement] INFO  server.RaftServerConfigKeys (ConfUtils.java:logGet(46)) - raft.server.leaderelection.member.majority-add = false (default)
2024-01-18 21:14:00,822 [ea523e53-c226-4491-8cf7-936e653545c3-groupManagement] INFO  server.RaftServerConfigKeys (ConfUtils.java:logGet(46)) - raft.server.sleep.deviation.threshold = 300ms (default)
2024-01-18 21:14:00,822 [ea523e53-c226-4491-8cf7-936e653545c3-groupManagement] INFO  server.RaftServer$Division (ServerState.java:<init>(113)) - ea523e53-c226-4491-8cf7-936e653545c3@group-D303D77A7A38: ConfigurationManager, init=-1: peers:[ea523e53-c226-4491-8cf7-936e653545c3|10.1.0.44:15166]|listeners:[], old=null, confs=<EMPTY_MAP>
2024-01-18 21:14:00,822 [ea523e53-c226-4491-8cf7-936e653545c3-groupManagement] INFO  server.RaftServerConfigKeys (ConfUtils.java:logGet(46)) - raft.server.notification.no-leader.timeout = 300000ms (custom)
2024-01-18 21:14:00,822 [ea523e53-c226-4491-8cf7-936e653545c3-groupManagement] INFO  server.RaftServerConfigKeys (ConfUtils.java:logGet(46)) - raft.server.read.timeout = 10s (default)
2024-01-18 21:14:00,822 [ea523e53-c226-4491-8cf7-936e653545c3-groupManagement] INFO  server.RaftServerConfigKeys (ConfUtils.java:logGet(46)) - raft.server.retrycache.expirytime = 600000ms (custom)
2024-01-18 21:14:00,822 [ea523e53-c226-4491-8cf7-936e653545c3-groupManagement] INFO  server.RaftServerConfigKeys (ConfUtils.java:logGet(46)) - raft.server.retrycache.statistics.expirytime = 100ms (default)
2024-01-18 21:14:00,822 [ea523e53-c226-4491-8cf7-936e653545c3-groupManagement] INFO  server.RaftServerConfigKeys (ConfUtils.java:logGet(46)) - raft.server.read.option = DEFAULT (default)
2024-01-18 21:14:00,822 [ea523e53-c226-4491-8cf7-936e653545c3-groupManagement] INFO  server.RaftServerConfigKeys (ConfUtils.java:logGet(46)) - raft.server.read.read-after-write-consistent.write-index-cache.expiry-time = 60s (default)
2024-01-18 21:14:00,824 [ea523e53-c226-4491-8cf7-936e653545c3-groupManagement] INFO  server.RaftServerConfigKeys (ConfUtils.java:logGet(46)) - raft.server.rpc.request.timeout = 3000ms (default)
2024-01-18 21:14:00,824 [ea523e53-c226-4491-8cf7-936e653545c3-groupManagement] INFO  server.RaftServerConfigKeys (ConfUtils.java:logGet(46)) - raft.server.log.appender.install.snapshot.enabled = false (custom)
2024-01-18 21:14:00,824 [ea523e53-c226-4491-8cf7-936e653545c3-groupManagement] INFO  server.RaftServerConfigKeys (ConfUtils.java:logGet(46)) - raft.server.threadpool.server.cached = true (default)
2024-01-18 21:14:00,824 [ea523e53-c226-4491-8cf7-936e653545c3-groupManagement] INFO  server.RaftServerConfigKeys (ConfUtils.java:logGet(46)) - raft.server.threadpool.server.size = 0 (default)
2024-01-18 21:14:00,824 [ea523e53-c226-4491-8cf7-936e653545c3-groupManagement] INFO  server.RaftServerConfigKeys (ConfUtils.java:logGet(46)) - raft.server.threadpool.client.cached = true (default)
2024-01-18 21:14:00,825 [ea523e53-c226-4491-8cf7-936e653545c3-groupManagement] INFO  server.RaftServerConfigKeys (ConfUtils.java:logGet(46)) - raft.server.threadpool.client.size = 0 (default)
2024-01-18 21:14:00,825 [ea523e53-c226-4491-8cf7-936e653545c3-groupManagement] INFO  server.RaftServerConfigKeys (ConfUtils.java:logGet(46)) - raft.server.storage.free-space.min = 0MB (=0) (default)
2024-01-18 21:14:00,825 [ea523e53-c226-4491-8cf7-936e653545c3-groupManagement] INFO  server.RaftServerConfigKeys (ConfUtils.java:logGet(46)) - raft.server.log.corruption.policy = EXCEPTION (default)
2024-01-18 21:14:00,825 [ea523e53-c226-4491-8cf7-936e653545c3-groupManagement] INFO  server.RaftServerConfigKeys (ConfUtils.java:logGet(46)) - raft.server.storage.dir = [/home/runner/work/ozone/ozone/hadoop-ozone/integration-test/target/test-dir/MiniOzoneClusterImpl-31edb46a-ccfd-4ac6-802d-5dd746a085ff/datanode-7/data/ratis] (custom)
2024-01-18 21:14:00,825 [ea523e53-c226-4491-8cf7-936e653545c3-groupManagement] INFO  storage.RaftStorageDirectory (RaftStorageDirectoryImpl.java:analyzeStorage(138)) - The storage directory /home/runner/work/ozone/ozone/hadoop-ozone/integration-test/target/test-dir/MiniOzoneClusterImpl-31edb46a-ccfd-4ac6-802d-5dd746a085ff/datanode-7/data/ratis/91abc35d-41c3-459d-9e98-d303d77a7a38 does not exist. Creating ...
2024-01-18 21:14:00,826 [bff1bba2-2b6d-4994-8ead-d2e5b7e1f8d7-PipelineCommandHandlerThread-0] INFO  commandhandler.CreatePipelineCommandHandler (CreatePipelineCommandHandler.java:lambda$handle$2(124)) - Created Pipeline RATIS THREE PipelineID=e5132d0f-7c5a-40a9-bd2d-be0c52996dbe.
2024-01-18 21:14:00,827 [ea523e53-c226-4491-8cf7-936e653545c3-groupManagement] INFO  storage.RaftStorageDirectory (RaftStorageDirectoryImpl.java:tryLock(228)) - Lock on /home/runner/work/ozone/ozone/hadoop-ozone/integration-test/target/test-dir/MiniOzoneClusterImpl-31edb46a-ccfd-4ac6-802d-5dd746a085ff/datanode-7/data/ratis/91abc35d-41c3-459d-9e98-d303d77a7a38/in_use.lock acquired by nodename 70315@fv-az776-647
2024-01-18 21:14:00,828 [ea523e53-c226-4491-8cf7-936e653545c3-groupManagement] INFO  storage.RaftStorage (RaftStorageImpl.java:format(99)) - Storage directory /home/runner/work/ozone/ozone/hadoop-ozone/integration-test/target/test-dir/MiniOzoneClusterImpl-31edb46a-ccfd-4ac6-802d-5dd746a085ff/datanode-7/data/ratis/91abc35d-41c3-459d-9e98-d303d77a7a38 has been successfully formatted.
2024-01-18 21:14:00,828 [ea523e53-c226-4491-8cf7-936e653545c3-groupManagement] WARN  util.FileUtils (LogUtils.java:supplyAndLog(63)) - Failed to Files.newInputStream /home/runner/work/ozone/ozone/hadoop-ozone/integration-test/target/test-dir/MiniOzoneClusterImpl-31edb46a-ccfd-4ac6-802d-5dd746a085ff/datanode-7/data/ratis/91abc35d-41c3-459d-9e98-d303d77a7a38/current/raft-meta.conf with options []: java.nio.file.NoSuchFileException: /home/runner/work/ozone/ozone/hadoop-ozone/integration-test/target/test-dir/MiniOzoneClusterImpl-31edb46a-ccfd-4ac6-802d-5dd746a085ff/datanode-7/data/ratis/91abc35d-41c3-459d-9e98-d303d77a7a38/current/raft-meta.conf
2024-01-18 21:14:00,829 [ea523e53-c226-4491-8cf7-936e653545c3-groupManagement] INFO  ratis.ContainerStateMachine (ContainerStateMachine.java:loadSnapshot(287)) - group-D303D77A7A38: The snapshot info is null. Setting the last applied index to:(t:0, i:~)
2024-01-18 21:14:00,829 [ea523e53-c226-4491-8cf7-936e653545c3-groupManagement] INFO  server.RaftServerConfigKeys (ConfUtils.java:logGet(46)) - raft.server.log.use.memory = false (default)
2024-01-18 21:14:00,830 [EventQueue-PipelineReportForPipelineReportHandler] INFO  pipeline.PipelineReportHandler (PipelineReportHandler.java:processPipelineReport(136)) - Opened pipeline PipelineID=91abc35d-41c3-459d-9e98-d303d77a7a38
2024-01-18 21:14:00,830 [EventQueue-OpenPipelineForHealthyPipelineSafeModeRule] INFO  safemode.SCMSafeModeManager (HealthyPipelineSafeModeRule.java:process(140)) - SCM in safe mode. Healthy pipelines reported count is 0, required healthy pipeline reported count is 1
2024-01-18 21:14:00,831 [ea523e53-c226-4491-8cf7-936e653545c3-groupManagement] INFO  server.RaftServerConfigKeys (ConfUtils.java:logGet(46)) - raft.server.log.purge.gap = 1000000 (custom)
2024-01-18 21:14:00,831 [ea523e53-c226-4491-8cf7-936e653545c3-groupManagement] INFO  server.RaftServerConfigKeys (ConfUtils.java:logGet(46)) - raft.server.log.appender.buffer.byte-limit = 8388608 (custom)
2024-01-18 21:14:00,831 [ea523e53-c226-4491-8cf7-936e653545c3-groupManagement] INFO  server.RaftServerConfigKeys (ConfUtils.java:logGet(46)) - raft.server.log.statemachine.data.read.timeout = 1000ms (default)
2024-01-18 21:14:00,831 [ea523e53-c226-4491-8cf7-936e653545c3-groupManagement] INFO  server.RaftServerConfigKeys (ConfUtils.java:logGet(46)) - raft.server.log.purge.preservation.log.num = 0 (default)
2024-01-18 21:14:00,833 [ea523e53-c226-4491-8cf7-936e653545c3-groupManagement] INFO  server.RaftServerConfigKeys (ConfUtils.java:logGet(46)) - raft.server.log.segment.size.max = 67108864 (custom)
2024-01-18 21:14:00,833 [ea523e53-c226-4491-8cf7-936e653545c3-groupManagement] INFO  server.RaftServerConfigKeys (ConfUtils.java:logGet(46)) - raft.server.log.segment.cache.num.max = 2 (custom)
2024-01-18 21:14:00,833 [ea523e53-c226-4491-8cf7-936e653545c3-groupManagement] INFO  server.RaftServerConfigKeys (ConfUtils.java:logGet(46)) - raft.server.log.segment.cache.size.max = 200MB (=209715200) (default)
2024-01-18 21:14:00,833 [ea523e53-c226-4491-8cf7-936e653545c3-groupManagement] INFO  server.RaftServerConfigKeys (ConfUtils.java:logGet(46)) - raft.server.log.appender.buffer.byte-limit = 8388608 (custom)
2024-01-18 21:14:00,833 [ea523e53-c226-4491-8cf7-936e653545c3-groupManagement] INFO  util.AwaitToRun (AwaitToRun.java:start(81)) - Thread[ea523e53-c226-4491-8cf7-936e653545c3@group-D303D77A7A38-cacheEviction-AwaitToRun,5,main] started
2024-01-18 21:14:00,833 [ea523e53-c226-4491-8cf7-936e653545c3-groupManagement] INFO  segmented.SegmentedRaftLogWorker (SegmentedRaftLogWorker.java:<init>(182)) - new ea523e53-c226-4491-8cf7-936e653545c3@group-D303D77A7A38-SegmentedRaftLogWorker for RaftStorageImpl:Storage Directory /home/runner/work/ozone/ozone/hadoop-ozone/integration-test/target/test-dir/MiniOzoneClusterImpl-31edb46a-ccfd-4ac6-802d-5dd746a085ff/datanode-7/data/ratis/91abc35d-41c3-459d-9e98-d303d77a7a38
2024-01-18 21:14:00,833 [ea523e53-c226-4491-8cf7-936e653545c3-groupManagement] INFO  server.RaftServerConfigKeys (ConfUtils.java:logGet(46)) - raft.server.log.queue.byte-limit = 4294967296 (custom)
2024-01-18 21:14:00,833 [ea523e53-c226-4491-8cf7-936e653545c3-groupManagement] INFO  server.RaftServerConfigKeys (ConfUtils.java:logGet(46)) - raft.server.log.queue.element-limit = 1024 (custom)
2024-01-18 21:14:00,833 [ea523e53-c226-4491-8cf7-936e653545c3-groupManagement] INFO  server.RaftServerConfigKeys (ConfUtils.java:logGet(46)) - raft.server.log.segment.size.max = 67108864 (custom)
2024-01-18 21:14:00,833 [ea523e53-c226-4491-8cf7-936e653545c3-groupManagement] INFO  server.RaftServerConfigKeys (ConfUtils.java:logGet(46)) - raft.server.log.preallocated.size = 4194304 (custom)
2024-01-18 21:14:00,833 [ea523e53-c226-4491-8cf7-936e653545c3-groupManagement] INFO  server.RaftServerConfigKeys (ConfUtils.java:logGet(46)) - raft.server.log.force.sync.num = 128 (default)
2024-01-18 21:14:00,833 [ea523e53-c226-4491-8cf7-936e653545c3-groupManagement] INFO  server.RaftServerConfigKeys (ConfUtils.java:logGet(46)) - raft.server.log.statemachine.data.sync = true (default)
2024-01-18 21:14:00,833 [ea523e53-c226-4491-8cf7-936e653545c3-groupManagement] INFO  server.RaftServerConfigKeys (ConfUtils.java:logGet(46)) - raft.server.log.statemachine.data.sync.timeout = 10s (default)
2024-01-18 21:14:00,833 [ea523e53-c226-4491-8cf7-936e653545c3-groupManagement] INFO  server.RaftServerConfigKeys (ConfUtils.java:logGet(46)) - raft.server.log.statemachine.data.sync.timeout.retry = 0 (custom)
2024-01-18 21:14:00,834 [ea523e53-c226-4491-8cf7-936e653545c3-groupManagement] INFO  server.RaftServerConfigKeys (ConfUtils.java:logGet(46)) - raft.server.log.write.buffer.size = 8388616 (custom)
2024-01-18 21:14:00,835 [ea523e53-c226-4491-8cf7-936e653545c3-groupManagement] INFO  server.RaftServerConfigKeys (ConfUtils.java:logGet(46)) - raft.server.log.appender.buffer.byte-limit = 8388608 (custom)
2024-01-18 21:14:00,835 [ea523e53-c226-4491-8cf7-936e653545c3-groupManagement] INFO  server.RaftServerConfigKeys (ConfUtils.java:logGet(46)) - raft.server.log.unsafe-flush.enabled = false (default)
2024-01-18 21:14:00,835 [ea523e53-c226-4491-8cf7-936e653545c3-groupManagement] INFO  server.RaftServerConfigKeys (ConfUtils.java:logGet(46)) - raft.server.log.async-flush.enabled = false (default)
2024-01-18 21:14:00,835 [ea523e53-c226-4491-8cf7-936e653545c3-groupManagement] INFO  server.RaftServerConfigKeys (ConfUtils.java:logGet(46)) - raft.server.log.statemachine.data.caching.enabled = true (custom)
2024-01-18 21:14:00,835 [ea523e53-c226-4491-8cf7-936e653545c3-groupManagement] INFO  segmented.SegmentedRaftLogWorker (SegmentedRaftLogWorker.java:lambda$new$0(134)) - ea523e53-c226-4491-8cf7-936e653545c3@group-D303D77A7A38-SegmentedRaftLogWorker: flushIndex: setUnconditionally 0 -> -1
2024-01-18 21:14:00,835 [ea523e53-c226-4491-8cf7-936e653545c3-groupManagement] INFO  segmented.SegmentedRaftLogWorker (SegmentedRaftLogWorker.java:lambda$new$0(134)) - ea523e53-c226-4491-8cf7-936e653545c3@group-D303D77A7A38-SegmentedRaftLogWorker: safeCacheEvictIndex: setUnconditionally 0 -> -1
2024-01-18 21:14:00,836 [ea523e53-c226-4491-8cf7-936e653545c3-groupManagement] INFO  server.RaftServer$Division (RaftServerImpl.java:start(396)) - ea523e53-c226-4491-8cf7-936e653545c3@group-D303D77A7A38: start as a follower, conf=-1: peers:[ea523e53-c226-4491-8cf7-936e653545c3|10.1.0.44:15166]|listeners:[], old=null
2024-01-18 21:14:00,836 [ea523e53-c226-4491-8cf7-936e653545c3-groupManagement] INFO  server.RaftServer$Division (RaftServerImpl.java:setRole(383)) - ea523e53-c226-4491-8cf7-936e653545c3@group-D303D77A7A38: changes role from      null to FOLLOWER at term 0 for startAsFollower
2024-01-18 21:14:00,836 [ea523e53-c226-4491-8cf7-936e653545c3-groupManagement] INFO  impl.RoleInfo (RoleInfo.java:updateAndGet(139)) - ea523e53-c226-4491-8cf7-936e653545c3: start ea523e53-c226-4491-8cf7-936e653545c3@group-D303D77A7A38-FollowerState
2024-01-18 21:14:00,836 [ea523e53-c226-4491-8cf7-936e653545c3-groupManagement] INFO  util.JmxRegister (JmxRegister.java:tryRegister(44)) - Successfully registered JMX Bean with object name Ratis:service=RaftServer,group=group-D303D77A7A38,id=ea523e53-c226-4491-8cf7-936e653545c3
2024-01-18 21:14:00,836 [ea523e53-c226-4491-8cf7-936e653545c3-groupManagement] INFO  server.RaftServerConfigKeys (ConfUtils.java:logGet(46)) - raft.server.snapshot.trigger-when-stop.enabled = true (default)
2024-01-18 21:14:00,836 [ea523e53-c226-4491-8cf7-936e653545c3-groupManagement] INFO  server.RaftServerConfigKeys (ConfUtils.java:logGet(46)) - raft.server.snapshot.auto.trigger.enabled = true (custom)
2024-01-18 21:14:00,836 [ea523e53-c226-4491-8cf7-936e653545c3-groupManagement] INFO  server.RaftServerConfigKeys (ConfUtils.java:logGet(46)) - raft.server.snapshot.auto.trigger.threshold = 10000 (custom)
2024-01-18 21:14:00,836 [ea523e53-c226-4491-8cf7-936e653545c3-groupManagement] INFO  server.RaftServerConfigKeys (ConfUtils.java:logGet(46)) - raft.server.snapshot.retention.file.num = 5 (custom)
2024-01-18 21:14:00,836 [ea523e53-c226-4491-8cf7-936e653545c3-groupManagement] INFO  server.RaftServerConfigKeys (ConfUtils.java:logGet(46)) - raft.server.log.purge.upto.snapshot.index = false (default)
2024-01-18 21:14:00,837 [ea523e53-c226-4491-8cf7-936e653545c3@group-D303D77A7A38-FollowerState] INFO  server.RaftServerConfigKeys (ConfUtils.java:logFallback(53)) - raft.server.rpc.first-election.timeout.min = 5s (fallback to raft.server.rpc.timeout.min)
2024-01-18 21:14:00,837 [ea523e53-c226-4491-8cf7-936e653545c3-PipelineCommandHandlerThread-0] INFO  ratis.XceiverServerRatis (XceiverServerRatis.java:addGroup(842)) - Created group PipelineID=91abc35d-41c3-459d-9e98-d303d77a7a38
2024-01-18 21:14:00,837 [ea523e53-c226-4491-8cf7-936e653545c3@group-D303D77A7A38-FollowerState] INFO  server.RaftServerConfigKeys (ConfUtils.java:logFallback(53)) - raft.server.rpc.first-election.timeout.max = 5200ms (fallback to raft.server.rpc.timeout.max)
2024-01-18 21:14:00,837 [ea523e53-c226-4491-8cf7-936e653545c3-PipelineCommandHandlerThread-0] INFO  commandhandler.CreatePipelineCommandHandler (CreatePipelineCommandHandler.java:lambda$handle$2(124)) - Created Pipeline RATIS ONE PipelineID=91abc35d-41c3-459d-9e98-d303d77a7a38.
2024-01-18 21:14:00,895 [main] INFO  ozone.MiniOzoneClusterImpl (MiniOzoneClusterImpl.java:lambda$waitForClusterToBeReady$0(229)) - Nodes are ready. Got 9 of 9 DN Heartbeats.
2024-01-18 21:14:00,895 [main] INFO  ozone.MiniOzoneClusterImpl (MiniOzoneClusterImpl.java:lambda$waitForClusterToBeReady$0(232)) - Waiting for cluster to exit safe mode
2024-01-18 21:14:00,895 [main] INFO  ozone.MiniOzoneClusterImpl (MiniOzoneClusterImpl.java:lambda$waitForClusterToBeReady$0(234)) - SCM became leader
2024-01-18 21:14:00,895 [0c097caf-3b45-4555-a1b1-3d0f2c4aaf7a-groupManagement] INFO  server.RaftServer$Division (RaftServerImpl.java:<init>(256)) - 0c097caf-3b45-4555-a1b1-3d0f2c4aaf7a: new RaftServerImpl for group-D4D2F37D9F7B:[0c097caf-3b45-4555-a1b1-3d0f2c4aaf7a|10.1.0.44:15175] with ContainerStateMachine:uninitialized
2024-01-18 21:14:00,896 [0c097caf-3b45-4555-a1b1-3d0f2c4aaf7a-groupManagement] INFO  server.RaftServerConfigKeys (ConfUtils.java:logGet(46)) - raft.server.rpc.timeout.min = 5s (custom)
2024-01-18 21:14:00,896 [0c097caf-3b45-4555-a1b1-3d0f2c4aaf7a-groupManagement] INFO  server.RaftServerConfigKeys (ConfUtils.java:logGet(46)) - raft.server.rpc.timeout.max = 5200ms (custom)
2024-01-18 21:14:00,896 [0c097caf-3b45-4555-a1b1-3d0f2c4aaf7a-groupManagement] INFO  server.RaftServerConfigKeys (ConfUtils.java:logGet(46)) - raft.server.rpc.sleep.time = 25ms (default)
2024-01-18 21:14:00,896 [0c097caf-3b45-4555-a1b1-3d0f2c4aaf7a-groupManagement] INFO  server.RaftServerConfigKeys (ConfUtils.java:logGet(46)) - raft.server.rpc.slowness.timeout = 300000ms (custom)
2024-01-18 21:14:00,896 [0c097caf-3b45-4555-a1b1-3d0f2c4aaf7a-groupManagement] INFO  server.RaftServerConfigKeys (ConfUtils.java:logGet(46)) - raft.server.leaderelection.leader.step-down.wait-time = 10s (default)
2024-01-18 21:14:00,896 [0c097caf-3b45-4555-a1b1-3d0f2c4aaf7a-groupManagement] INFO  server.RaftServerConfigKeys (ConfUtils.java:logGet(46)) - raft.server.leaderelection.member.majority-add = false (default)
2024-01-18 21:14:00,896 [0c097caf-3b45-4555-a1b1-3d0f2c4aaf7a-groupManagement] INFO  server.RaftServerConfigKeys (ConfUtils.java:logGet(46)) - raft.server.sleep.deviation.threshold = 300ms (default)
2024-01-18 21:14:00,896 [0c097caf-3b45-4555-a1b1-3d0f2c4aaf7a-groupManagement] INFO  server.RaftServer$Division (ServerState.java:<init>(113)) - 0c097caf-3b45-4555-a1b1-3d0f2c4aaf7a@group-D4D2F37D9F7B: ConfigurationManager, init=-1: peers:[0c097caf-3b45-4555-a1b1-3d0f2c4aaf7a|10.1.0.44:15175]|listeners:[], old=null, confs=<EMPTY_MAP>
2024-01-18 21:14:00,896 [0c097caf-3b45-4555-a1b1-3d0f2c4aaf7a-groupManagement] INFO  server.RaftServerConfigKeys (ConfUtils.java:logGet(46)) - raft.server.notification.no-leader.timeout = 300000ms (custom)
2024-01-18 21:14:00,896 [0c097caf-3b45-4555-a1b1-3d0f2c4aaf7a-groupManagement] INFO  server.RaftServerConfigKeys (ConfUtils.java:logGet(46)) - raft.server.read.timeout = 10s (default)
2024-01-18 21:14:00,896 [0c097caf-3b45-4555-a1b1-3d0f2c4aaf7a-groupManagement] INFO  server.RaftServerConfigKeys (ConfUtils.java:logGet(46)) - raft.server.retrycache.expirytime = 600000ms (custom)
2024-01-18 21:14:00,896 [0c097caf-3b45-4555-a1b1-3d0f2c4aaf7a-groupManagement] INFO  server.RaftServerConfigKeys (ConfUtils.java:logGet(46)) - raft.server.retrycache.statistics.expirytime = 100ms (default)
2024-01-18 21:14:00,896 [0c097caf-3b45-4555-a1b1-3d0f2c4aaf7a-groupManagement] INFO  server.RaftServerConfigKeys (ConfUtils.java:logGet(46)) - raft.server.read.option = DEFAULT (default)
2024-01-18 21:14:00,896 [0c097caf-3b45-4555-a1b1-3d0f2c4aaf7a-groupManagement] INFO  server.RaftServerConfigKeys (ConfUtils.java:logGet(46)) - raft.server.read.read-after-write-consistent.write-index-cache.expiry-time = 60s (default)
2024-01-18 21:14:00,898 [0c097caf-3b45-4555-a1b1-3d0f2c4aaf7a-groupManagement] INFO  server.RaftServerConfigKeys (ConfUtils.java:logGet(46)) - raft.server.rpc.request.timeout = 3000ms (default)
2024-01-18 21:14:00,898 [0c097caf-3b45-4555-a1b1-3d0f2c4aaf7a-groupManagement] INFO  server.RaftServerConfigKeys (ConfUtils.java:logGet(46)) - raft.server.log.appender.install.snapshot.enabled = false (custom)
2024-01-18 21:14:00,898 [0c097caf-3b45-4555-a1b1-3d0f2c4aaf7a-groupManagement] INFO  server.RaftServerConfigKeys (ConfUtils.java:logGet(46)) - raft.server.threadpool.server.cached = true (default)
2024-01-18 21:14:00,898 [0c097caf-3b45-4555-a1b1-3d0f2c4aaf7a-groupManagement] INFO  server.RaftServerConfigKeys (ConfUtils.java:logGet(46)) - raft.server.threadpool.server.size = 0 (default)
2024-01-18 21:14:00,898 [0c097caf-3b45-4555-a1b1-3d0f2c4aaf7a-groupManagement] INFO  server.RaftServerConfigKeys (ConfUtils.java:logGet(46)) - raft.server.threadpool.client.cached = true (default)
2024-01-18 21:14:00,898 [0c097caf-3b45-4555-a1b1-3d0f2c4aaf7a-groupManagement] INFO  server.RaftServerConfigKeys (ConfUtils.java:logGet(46)) - raft.server.threadpool.client.size = 0 (default)
2024-01-18 21:14:00,895 [0c097caf-3b45-4555-a1b1-3d0f2c4aaf7a-PipelineCommandHandlerThread-0] INFO  server.RaftServer (RaftServerProxy.java:addNew(100)) - 0c097caf-3b45-4555-a1b1-3d0f2c4aaf7a: addNew group-D4D2F37D9F7B:[0c097caf-3b45-4555-a1b1-3d0f2c4aaf7a|10.1.0.44:15175] returns group-D4D2F37D9F7B:java.util.concurrent.CompletableFuture@5ecb0983[Not completed]
2024-01-18 21:14:00,899 [0c097caf-3b45-4555-a1b1-3d0f2c4aaf7a-groupManagement] INFO  server.RaftServerConfigKeys (ConfUtils.java:logGet(46)) - raft.server.storage.free-space.min = 0MB (=0) (default)
2024-01-18 21:14:00,899 [0c097caf-3b45-4555-a1b1-3d0f2c4aaf7a-groupManagement] INFO  server.RaftServerConfigKeys (ConfUtils.java:logGet(46)) - raft.server.log.corruption.policy = EXCEPTION (default)
2024-01-18 21:14:00,899 [0c097caf-3b45-4555-a1b1-3d0f2c4aaf7a-groupManagement] INFO  server.RaftServerConfigKeys (ConfUtils.java:logGet(46)) - raft.server.storage.dir = [/home/runner/work/ozone/ozone/hadoop-ozone/integration-test/target/test-dir/MiniOzoneClusterImpl-31edb46a-ccfd-4ac6-802d-5dd746a085ff/datanode-8/data/ratis] (custom)
2024-01-18 21:14:00,900 [0c097caf-3b45-4555-a1b1-3d0f2c4aaf7a-groupManagement] INFO  storage.RaftStorageDirectory (RaftStorageDirectoryImpl.java:analyzeStorage(138)) - The storage directory /home/runner/work/ozone/ozone/hadoop-ozone/integration-test/target/test-dir/MiniOzoneClusterImpl-31edb46a-ccfd-4ac6-802d-5dd746a085ff/datanode-8/data/ratis/735a7f7a-e101-4633-b9ae-d4d2f37d9f7b does not exist. Creating ...
2024-01-18 21:14:00,900 [0c097caf-3b45-4555-a1b1-3d0f2c4aaf7a-groupManagement] INFO  storage.RaftStorageDirectory (RaftStorageDirectoryImpl.java:tryLock(228)) - Lock on /home/runner/work/ozone/ozone/hadoop-ozone/integration-test/target/test-dir/MiniOzoneClusterImpl-31edb46a-ccfd-4ac6-802d-5dd746a085ff/datanode-8/data/ratis/735a7f7a-e101-4633-b9ae-d4d2f37d9f7b/in_use.lock acquired by nodename 70315@fv-az776-647
2024-01-18 21:14:00,901 [0c097caf-3b45-4555-a1b1-3d0f2c4aaf7a-groupManagement] INFO  storage.RaftStorage (RaftStorageImpl.java:format(99)) - Storage directory /home/runner/work/ozone/ozone/hadoop-ozone/integration-test/target/test-dir/MiniOzoneClusterImpl-31edb46a-ccfd-4ac6-802d-5dd746a085ff/datanode-8/data/ratis/735a7f7a-e101-4633-b9ae-d4d2f37d9f7b has been successfully formatted.
2024-01-18 21:14:00,901 [0c097caf-3b45-4555-a1b1-3d0f2c4aaf7a-groupManagement] WARN  util.FileUtils (LogUtils.java:supplyAndLog(63)) - Failed to Files.newInputStream /home/runner/work/ozone/ozone/hadoop-ozone/integration-test/target/test-dir/MiniOzoneClusterImpl-31edb46a-ccfd-4ac6-802d-5dd746a085ff/datanode-8/data/ratis/735a7f7a-e101-4633-b9ae-d4d2f37d9f7b/current/raft-meta.conf with options []: java.nio.file.NoSuchFileException: /home/runner/work/ozone/ozone/hadoop-ozone/integration-test/target/test-dir/MiniOzoneClusterImpl-31edb46a-ccfd-4ac6-802d-5dd746a085ff/datanode-8/data/ratis/735a7f7a-e101-4633-b9ae-d4d2f37d9f7b/current/raft-meta.conf
2024-01-18 21:14:00,902 [0c097caf-3b45-4555-a1b1-3d0f2c4aaf7a-groupManagement] INFO  ratis.ContainerStateMachine (ContainerStateMachine.java:loadSnapshot(287)) - group-D4D2F37D9F7B: The snapshot info is null. Setting the last applied index to:(t:0, i:~)
2024-01-18 21:14:00,902 [0c097caf-3b45-4555-a1b1-3d0f2c4aaf7a-groupManagement] INFO  server.RaftServerConfigKeys (ConfUtils.java:logGet(46)) - raft.server.log.use.memory = false (default)
2024-01-18 21:14:00,902 [0c097caf-3b45-4555-a1b1-3d0f2c4aaf7a-groupManagement] INFO  server.RaftServerConfigKeys (ConfUtils.java:logGet(46)) - raft.server.log.purge.gap = 1000000 (custom)
2024-01-18 21:14:00,902 [0c097caf-3b45-4555-a1b1-3d0f2c4aaf7a-groupManagement] INFO  server.RaftServerConfigKeys (ConfUtils.java:logGet(46)) - raft.server.log.appender.buffer.byte-limit = 8388608 (custom)
2024-01-18 21:14:00,902 [0c097caf-3b45-4555-a1b1-3d0f2c4aaf7a-groupManagement] INFO  server.RaftServerConfigKeys (ConfUtils.java:logGet(46)) - raft.server.log.statemachine.data.read.timeout = 1000ms (default)
2024-01-18 21:14:00,902 [0c097caf-3b45-4555-a1b1-3d0f2c4aaf7a-groupManagement] INFO  server.RaftServerConfigKeys (ConfUtils.java:logGet(46)) - raft.server.log.purge.preservation.log.num = 0 (default)
2024-01-18 21:14:00,903 [EventQueue-PipelineReportForPipelineReportHandler] INFO  pipeline.PipelineReportHandler (PipelineReportHandler.java:processPipelineReport(136)) - Opened pipeline PipelineID=735a7f7a-e101-4633-b9ae-d4d2f37d9f7b
2024-01-18 21:14:00,903 [EventQueue-OpenPipelineForHealthyPipelineSafeModeRule] INFO  safemode.SCMSafeModeManager (HealthyPipelineSafeModeRule.java:process(140)) - SCM in safe mode. Healthy pipelines reported count is 0, required healthy pipeline reported count is 1
2024-01-18 21:14:00,904 [0c097caf-3b45-4555-a1b1-3d0f2c4aaf7a-groupManagement] INFO  server.RaftServerConfigKeys (ConfUtils.java:logGet(46)) - raft.server.log.segment.size.max = 67108864 (custom)
2024-01-18 21:14:00,905 [0c097caf-3b45-4555-a1b1-3d0f2c4aaf7a-groupManagement] INFO  server.RaftServerConfigKeys (ConfUtils.java:logGet(46)) - raft.server.log.segment.cache.num.max = 2 (custom)
2024-01-18 21:14:00,905 [0c097caf-3b45-4555-a1b1-3d0f2c4aaf7a-groupManagement] INFO  server.RaftServerConfigKeys (ConfUtils.java:logGet(46)) - raft.server.log.segment.cache.size.max = 200MB (=209715200) (default)
2024-01-18 21:14:00,905 [0c097caf-3b45-4555-a1b1-3d0f2c4aaf7a-groupManagement] INFO  server.RaftServerConfigKeys (ConfUtils.java:logGet(46)) - raft.server.log.appender.buffer.byte-limit = 8388608 (custom)
2024-01-18 21:14:00,905 [0c097caf-3b45-4555-a1b1-3d0f2c4aaf7a-groupManagement] INFO  util.AwaitToRun (AwaitToRun.java:start(81)) - Thread[0c097caf-3b45-4555-a1b1-3d0f2c4aaf7a@group-D4D2F37D9F7B-cacheEviction-AwaitToRun,5,main] started
2024-01-18 21:14:00,905 [0c097caf-3b45-4555-a1b1-3d0f2c4aaf7a-groupManagement] INFO  segmented.SegmentedRaftLogWorker (SegmentedRaftLogWorker.java:<init>(182)) - new 0c097caf-3b45-4555-a1b1-3d0f2c4aaf7a@group-D4D2F37D9F7B-SegmentedRaftLogWorker for RaftStorageImpl:Storage Directory /home/runner/work/ozone/ozone/hadoop-ozone/integration-test/target/test-dir/MiniOzoneClusterImpl-31edb46a-ccfd-4ac6-802d-5dd746a085ff/datanode-8/data/ratis/735a7f7a-e101-4633-b9ae-d4d2f37d9f7b
2024-01-18 21:14:00,905 [0c097caf-3b45-4555-a1b1-3d0f2c4aaf7a-groupManagement] INFO  server.RaftServerConfigKeys (ConfUtils.java:logGet(46)) - raft.server.log.queue.byte-limit = 4294967296 (custom)
2024-01-18 21:14:00,905 [0c097caf-3b45-4555-a1b1-3d0f2c4aaf7a-groupManagement] INFO  server.RaftServerConfigKeys (ConfUtils.java:logGet(46)) - raft.server.log.queue.element-limit = 1024 (custom)
2024-01-18 21:14:00,905 [0c097caf-3b45-4555-a1b1-3d0f2c4aaf7a-groupManagement] INFO  server.RaftServerConfigKeys (ConfUtils.java:logGet(46)) - raft.server.log.segment.size.max = 67108864 (custom)
2024-01-18 21:14:00,905 [0c097caf-3b45-4555-a1b1-3d0f2c4aaf7a-groupManagement] INFO  server.RaftServerConfigKeys (ConfUtils.java:logGet(46)) - raft.server.log.preallocated.size = 4194304 (custom)
2024-01-18 21:14:00,905 [0c097caf-3b45-4555-a1b1-3d0f2c4aaf7a-groupManagement] INFO  server.RaftServerConfigKeys (ConfUtils.java:logGet(46)) - raft.server.log.force.sync.num = 128 (default)
2024-01-18 21:14:00,905 [0c097caf-3b45-4555-a1b1-3d0f2c4aaf7a-groupManagement] INFO  server.RaftServerConfigKeys (ConfUtils.java:logGet(46)) - raft.server.log.statemachine.data.sync = true (default)
2024-01-18 21:14:00,906 [0c097caf-3b45-4555-a1b1-3d0f2c4aaf7a-groupManagement] INFO  server.RaftServerConfigKeys (ConfUtils.java:logGet(46)) - raft.server.log.statemachine.data.sync.timeout = 10s (default)
2024-01-18 21:14:00,906 [0c097caf-3b45-4555-a1b1-3d0f2c4aaf7a-groupManagement] INFO  server.RaftServerConfigKeys (ConfUtils.java:logGet(46)) - raft.server.log.statemachine.data.sync.timeout.retry = 0 (custom)
2024-01-18 21:14:00,906 [0c097caf-3b45-4555-a1b1-3d0f2c4aaf7a-groupManagement] INFO  server.RaftServerConfigKeys (ConfUtils.java:logGet(46)) - raft.server.log.write.buffer.size = 8388616 (custom)
2024-01-18 21:14:00,908 [0c097caf-3b45-4555-a1b1-3d0f2c4aaf7a-groupManagement] INFO  server.RaftServerConfigKeys (ConfUtils.java:logGet(46)) - raft.server.log.appender.buffer.byte-limit = 8388608 (custom)
2024-01-18 21:14:00,908 [0c097caf-3b45-4555-a1b1-3d0f2c4aaf7a-groupManagement] INFO  server.RaftServerConfigKeys (ConfUtils.java:logGet(46)) - raft.server.log.unsafe-flush.enabled = false (default)
2024-01-18 21:14:00,908 [0c097caf-3b45-4555-a1b1-3d0f2c4aaf7a-groupManagement] INFO  server.RaftServerConfigKeys (ConfUtils.java:logGet(46)) - raft.server.log.async-flush.enabled = false (default)
2024-01-18 21:14:00,908 [0c097caf-3b45-4555-a1b1-3d0f2c4aaf7a-groupManagement] INFO  server.RaftServerConfigKeys (ConfUtils.java:logGet(46)) - raft.server.log.statemachine.data.caching.enabled = true (custom)
2024-01-18 21:14:00,908 [0c097caf-3b45-4555-a1b1-3d0f2c4aaf7a-groupManagement] INFO  segmented.SegmentedRaftLogWorker (SegmentedRaftLogWorker.java:lambda$new$0(134)) - 0c097caf-3b45-4555-a1b1-3d0f2c4aaf7a@group-D4D2F37D9F7B-SegmentedRaftLogWorker: flushIndex: setUnconditionally 0 -> -1
2024-01-18 21:14:00,908 [0c097caf-3b45-4555-a1b1-3d0f2c4aaf7a-groupManagement] INFO  segmented.SegmentedRaftLogWorker (SegmentedRaftLogWorker.java:lambda$new$0(134)) - 0c097caf-3b45-4555-a1b1-3d0f2c4aaf7a@group-D4D2F37D9F7B-SegmentedRaftLogWorker: safeCacheEvictIndex: setUnconditionally 0 -> -1
2024-01-18 21:14:00,908 [0c097caf-3b45-4555-a1b1-3d0f2c4aaf7a-groupManagement] INFO  server.RaftServer$Division (RaftServerImpl.java:start(396)) - 0c097caf-3b45-4555-a1b1-3d0f2c4aaf7a@group-D4D2F37D9F7B: start as a follower, conf=-1: peers:[0c097caf-3b45-4555-a1b1-3d0f2c4aaf7a|10.1.0.44:15175]|listeners:[], old=null
2024-01-18 21:14:00,908 [0c097caf-3b45-4555-a1b1-3d0f2c4aaf7a-groupManagement] INFO  server.RaftServer$Division (RaftServerImpl.java:setRole(383)) - 0c097caf-3b45-4555-a1b1-3d0f2c4aaf7a@group-D4D2F37D9F7B: changes role from      null to FOLLOWER at term 0 for startAsFollower
2024-01-18 21:14:00,908 [0c097caf-3b45-4555-a1b1-3d0f2c4aaf7a-groupManagement] INFO  impl.RoleInfo (RoleInfo.java:updateAndGet(139)) - 0c097caf-3b45-4555-a1b1-3d0f2c4aaf7a: start 0c097caf-3b45-4555-a1b1-3d0f2c4aaf7a@group-D4D2F37D9F7B-FollowerState
2024-01-18 21:14:00,909 [0c097caf-3b45-4555-a1b1-3d0f2c4aaf7a-groupManagement] INFO  util.JmxRegister (JmxRegister.java:tryRegister(44)) - Successfully registered JMX Bean with object name Ratis:service=RaftServer,group=group-D4D2F37D9F7B,id=0c097caf-3b45-4555-a1b1-3d0f2c4aaf7a
2024-01-18 21:14:00,909 [0c097caf-3b45-4555-a1b1-3d0f2c4aaf7a-groupManagement] INFO  server.RaftServerConfigKeys (ConfUtils.java:logGet(46)) - raft.server.snapshot.trigger-when-stop.enabled = true (default)
2024-01-18 21:14:00,909 [0c097caf-3b45-4555-a1b1-3d0f2c4aaf7a-groupManagement] INFO  server.RaftServerConfigKeys (ConfUtils.java:logGet(46)) - raft.server.snapshot.auto.trigger.enabled = true (custom)
2024-01-18 21:14:00,909 [0c097caf-3b45-4555-a1b1-3d0f2c4aaf7a-groupManagement] INFO  server.RaftServerConfigKeys (ConfUtils.java:logGet(46)) - raft.server.snapshot.auto.trigger.threshold = 10000 (custom)
2024-01-18 21:14:00,909 [0c097caf-3b45-4555-a1b1-3d0f2c4aaf7a-groupManagement] INFO  server.RaftServerConfigKeys (ConfUtils.java:logGet(46)) - raft.server.snapshot.retention.file.num = 5 (custom)
2024-01-18 21:14:00,909 [0c097caf-3b45-4555-a1b1-3d0f2c4aaf7a-groupManagement] INFO  server.RaftServerConfigKeys (ConfUtils.java:logGet(46)) - raft.server.log.purge.upto.snapshot.index = false (default)
2024-01-18 21:14:00,909 [0c097caf-3b45-4555-a1b1-3d0f2c4aaf7a@group-D4D2F37D9F7B-FollowerState] INFO  server.RaftServerConfigKeys (ConfUtils.java:logFallback(53)) - raft.server.rpc.first-election.timeout.min = 5s (fallback to raft.server.rpc.timeout.min)
2024-01-18 21:14:00,910 [0c097caf-3b45-4555-a1b1-3d0f2c4aaf7a@group-D4D2F37D9F7B-FollowerState] INFO  server.RaftServerConfigKeys (ConfUtils.java:logFallback(53)) - raft.server.rpc.first-election.timeout.max = 5200ms (fallback to raft.server.rpc.timeout.max)
2024-01-18 21:14:00,915 [0c097caf-3b45-4555-a1b1-3d0f2c4aaf7a-PipelineCommandHandlerThread-0] INFO  ratis.XceiverServerRatis (XceiverServerRatis.java:addGroup(842)) - Created group PipelineID=735a7f7a-e101-4633-b9ae-d4d2f37d9f7b
2024-01-18 21:14:00,915 [0c097caf-3b45-4555-a1b1-3d0f2c4aaf7a-PipelineCommandHandlerThread-0] INFO  commandhandler.CreatePipelineCommandHandler (CreatePipelineCommandHandler.java:lambda$handle$2(124)) - Created Pipeline RATIS ONE PipelineID=735a7f7a-e101-4633-b9ae-d4d2f37d9f7b.
2024-01-18 21:14:01,895 [main] INFO  ozone.MiniOzoneClusterImpl (MiniOzoneClusterImpl.java:lambda$waitForClusterToBeReady$0(229)) - Nodes are ready. Got 9 of 9 DN Heartbeats.
2024-01-18 21:14:01,895 [main] INFO  ozone.MiniOzoneClusterImpl (MiniOzoneClusterImpl.java:lambda$waitForClusterToBeReady$0(232)) - Waiting for cluster to exit safe mode
2024-01-18 21:14:01,896 [main] INFO  ozone.MiniOzoneClusterImpl (MiniOzoneClusterImpl.java:lambda$waitForClusterToBeReady$0(234)) - SCM became leader
2024-01-18 21:14:02,896 [main] INFO  ozone.MiniOzoneClusterImpl (MiniOzoneClusterImpl.java:lambda$waitForClusterToBeReady$0(229)) - Nodes are ready. Got 9 of 9 DN Heartbeats.
2024-01-18 21:14:02,896 [main] INFO  ozone.MiniOzoneClusterImpl (MiniOzoneClusterImpl.java:lambda$waitForClusterToBeReady$0(232)) - Waiting for cluster to exit safe mode
2024-01-18 21:14:02,896 [main] INFO  ozone.MiniOzoneClusterImpl (MiniOzoneClusterImpl.java:lambda$waitForClusterToBeReady$0(234)) - SCM became leader
2024-01-18 21:14:03,896 [main] INFO  ozone.MiniOzoneClusterImpl (MiniOzoneClusterImpl.java:lambda$waitForClusterToBeReady$0(229)) - Nodes are ready. Got 9 of 9 DN Heartbeats.
2024-01-18 21:14:03,897 [main] INFO  ozone.MiniOzoneClusterImpl (MiniOzoneClusterImpl.java:lambda$waitForClusterToBeReady$0(232)) - Waiting for cluster to exit safe mode
2024-01-18 21:14:03,897 [main] INFO  ozone.MiniOzoneClusterImpl (MiniOzoneClusterImpl.java:lambda$waitForClusterToBeReady$0(234)) - SCM became leader
2024-01-18 21:14:04,897 [main] INFO  ozone.MiniOzoneClusterImpl (MiniOzoneClusterImpl.java:lambda$waitForClusterToBeReady$0(229)) - Nodes are ready. Got 9 of 9 DN Heartbeats.
2024-01-18 21:14:04,897 [main] INFO  ozone.MiniOzoneClusterImpl (MiniOzoneClusterImpl.java:lambda$waitForClusterToBeReady$0(232)) - Waiting for cluster to exit safe mode
2024-01-18 21:14:04,897 [main] INFO  ozone.MiniOzoneClusterImpl (MiniOzoneClusterImpl.java:lambda$waitForClusterToBeReady$0(234)) - SCM became leader
2024-01-18 21:14:05,082 [a53a26a9-4fba-413e-b26a-f90ec9646c55@group-DFF2D486F62C-FollowerState] INFO  impl.FollowerState (FollowerState.java:run(143)) - a53a26a9-4fba-413e-b26a-f90ec9646c55@group-DFF2D486F62C-FollowerState: change to CANDIDATE, lastRpcElapsedTime:5000474523ns, electionTimeout:5000ms
2024-01-18 21:14:05,082 [a53a26a9-4fba-413e-b26a-f90ec9646c55@group-DFF2D486F62C-FollowerState] INFO  impl.RoleInfo (RoleInfo.java:shutdownFollowerState(110)) - a53a26a9-4fba-413e-b26a-f90ec9646c55: shutdown a53a26a9-4fba-413e-b26a-f90ec9646c55@group-DFF2D486F62C-FollowerState
2024-01-18 21:14:05,082 [a53a26a9-4fba-413e-b26a-f90ec9646c55@group-DFF2D486F62C-FollowerState] INFO  server.RaftServer$Division (RaftServerImpl.java:setRole(383)) - a53a26a9-4fba-413e-b26a-f90ec9646c55@group-DFF2D486F62C: changes role from  FOLLOWER to CANDIDATE at term 0 for changeToCandidate
2024-01-18 21:14:05,082 [a53a26a9-4fba-413e-b26a-f90ec9646c55@group-DFF2D486F62C-FollowerState] INFO  server.RaftServerConfigKeys (ConfUtils.java:logGet(46)) - raft.server.leaderelection.pre-vote = true (default)
2024-01-18 21:14:05,082 [a53a26a9-4fba-413e-b26a-f90ec9646c55@group-DFF2D486F62C-FollowerState] INFO  impl.RoleInfo (RoleInfo.java:updateAndGet(139)) - a53a26a9-4fba-413e-b26a-f90ec9646c55: start a53a26a9-4fba-413e-b26a-f90ec9646c55@group-DFF2D486F62C-LeaderElection17
2024-01-18 21:14:05,085 [a53a26a9-4fba-413e-b26a-f90ec9646c55@group-DFF2D486F62C-LeaderElection17] INFO  impl.LeaderElection (LeaderElection.java:askForVotes(321)) - a53a26a9-4fba-413e-b26a-f90ec9646c55@group-DFF2D486F62C-LeaderElection17 PRE_VOTE round 0: submit vote requests at term 0 for -1: peers:[32a26d97-b348-45bd-baf8-7e50e45a1152|10.1.0.44:15112, 686b4373-3f6e-463e-bd5f-56c21a134faf|10.1.0.44:15121, a53a26a9-4fba-413e-b26a-f90ec9646c55|10.1.0.44:15103]|listeners:[], old=null
2024-01-18 21:14:05,085 [a53a26a9-4fba-413e-b26a-f90ec9646c55@group-DFF2D486F62C-LeaderElection17-1] INFO  server.GrpcServerProtocolClient (GrpcServerProtocolClient.java:<init>(65)) - Build channel for 32a26d97-b348-45bd-baf8-7e50e45a1152|10.1.0.44:15112
2024-01-18 21:14:05,085 [a53a26a9-4fba-413e-b26a-f90ec9646c55@group-DFF2D486F62C-LeaderElection17-2] INFO  server.GrpcServerProtocolClient (GrpcServerProtocolClient.java:<init>(65)) - Build channel for 686b4373-3f6e-463e-bd5f-56c21a134faf|10.1.0.44:15121
2024-01-18 21:14:05,085 [a53a26a9-4fba-413e-b26a-f90ec9646c55@group-DFF2D486F62C-LeaderElection17] INFO  server.RaftServerConfigKeys (ConfUtils.java:logFallback(53)) - raft.server.rpc.first-election.timeout.min = 5s (fallback to raft.server.rpc.timeout.min)
2024-01-18 21:14:05,085 [a53a26a9-4fba-413e-b26a-f90ec9646c55@group-DFF2D486F62C-LeaderElection17] INFO  server.RaftServerConfigKeys (ConfUtils.java:logFallback(53)) - raft.server.rpc.first-election.timeout.max = 5200ms (fallback to raft.server.rpc.timeout.max)
2024-01-18 21:14:05,089 [grpc-default-executor-1] INFO  server.RaftServer$Division (RaftServerImpl.java:requestVote(1389)) - 686b4373-3f6e-463e-bd5f-56c21a134faf@group-DFF2D486F62C: receive requestVote(PRE_VOTE, a53a26a9-4fba-413e-b26a-f90ec9646c55, group-DFF2D486F62C, 0, (t:0, i:0))
2024-01-18 21:14:05,089 [grpc-default-executor-1] INFO  impl.VoteContext (VoteContext.java:log(49)) - 686b4373-3f6e-463e-bd5f-56c21a134faf@group-DFF2D486F62C-FOLLOWER: accept PRE_VOTE from a53a26a9-4fba-413e-b26a-f90ec9646c55: our priority 0 <= candidate's priority 0
2024-01-18 21:14:05,089 [grpc-default-executor-1] INFO  server.RaftServer$Division (RaftServerImpl.java:requestVote(1422)) - 686b4373-3f6e-463e-bd5f-56c21a134faf@group-DFF2D486F62C replies to PRE_VOTE vote request: a53a26a9-4fba-413e-b26a-f90ec9646c55<-686b4373-3f6e-463e-bd5f-56c21a134faf#0:OK-t0. Peer's state: 686b4373-3f6e-463e-bd5f-56c21a134faf@group-DFF2D486F62C:t0, leader=null, voted=, raftlog=Memoized:686b4373-3f6e-463e-bd5f-56c21a134faf@group-DFF2D486F62C-SegmentedRaftLog:OPENED:c-1, conf=-1: peers:[32a26d97-b348-45bd-baf8-7e50e45a1152|10.1.0.44:15112, 686b4373-3f6e-463e-bd5f-56c21a134faf|10.1.0.44:15121, a53a26a9-4fba-413e-b26a-f90ec9646c55|10.1.0.44:15103]|listeners:[], old=null
2024-01-18 21:14:05,093 [grpc-default-executor-0] INFO  server.RaftServer$Division (RaftServerImpl.java:requestVote(1389)) - 32a26d97-b348-45bd-baf8-7e50e45a1152@group-DFF2D486F62C: receive requestVote(PRE_VOTE, a53a26a9-4fba-413e-b26a-f90ec9646c55, group-DFF2D486F62C, 0, (t:0, i:0))
2024-01-18 21:14:05,093 [grpc-default-executor-0] INFO  impl.VoteContext (VoteContext.java:log(49)) - 32a26d97-b348-45bd-baf8-7e50e45a1152@group-DFF2D486F62C-FOLLOWER: reject PRE_VOTE from a53a26a9-4fba-413e-b26a-f90ec9646c55: our priority 1 > candidate's priority 0
2024-01-18 21:14:05,093 [grpc-default-executor-0] INFO  server.RaftServer$Division (RaftServerImpl.java:requestVote(1422)) - 32a26d97-b348-45bd-baf8-7e50e45a1152@group-DFF2D486F62C replies to PRE_VOTE vote request: a53a26a9-4fba-413e-b26a-f90ec9646c55<-32a26d97-b348-45bd-baf8-7e50e45a1152#0:FAIL-t0. Peer's state: 32a26d97-b348-45bd-baf8-7e50e45a1152@group-DFF2D486F62C:t0, leader=null, voted=, raftlog=Memoized:32a26d97-b348-45bd-baf8-7e50e45a1152@group-DFF2D486F62C-SegmentedRaftLog:OPENED:c-1, conf=-1: peers:[32a26d97-b348-45bd-baf8-7e50e45a1152|10.1.0.44:15112, 686b4373-3f6e-463e-bd5f-56c21a134faf|10.1.0.44:15121, a53a26a9-4fba-413e-b26a-f90ec9646c55|10.1.0.44:15103]|listeners:[], old=null
2024-01-18 21:14:05,094 [a53a26a9-4fba-413e-b26a-f90ec9646c55@group-DFF2D486F62C-LeaderElection17] INFO  impl.LeaderElection (LeaderElection.java:logAndReturn(89)) - a53a26a9-4fba-413e-b26a-f90ec9646c55@group-DFF2D486F62C-LeaderElection17: PRE_VOTE REJECTED received 2 response(s) and 0 exception(s):
2024-01-18 21:14:05,094 [a53a26a9-4fba-413e-b26a-f90ec9646c55@group-DFF2D486F62C-LeaderElection17] INFO  impl.LeaderElection (LeaderElection.java:logAndReturn(93)) -   Response 0: a53a26a9-4fba-413e-b26a-f90ec9646c55<-32a26d97-b348-45bd-baf8-7e50e45a1152#0:FAIL-t0
2024-01-18 21:14:05,094 [a53a26a9-4fba-413e-b26a-f90ec9646c55@group-DFF2D486F62C-LeaderElection17] INFO  impl.LeaderElection (LeaderElection.java:logAndReturn(93)) -   Response 1: a53a26a9-4fba-413e-b26a-f90ec9646c55<-686b4373-3f6e-463e-bd5f-56c21a134faf#0:OK-t0
2024-01-18 21:14:05,094 [a53a26a9-4fba-413e-b26a-f90ec9646c55@group-DFF2D486F62C-LeaderElection17] INFO  impl.LeaderElection (LeaderElection.java:askForVotes(323)) - a53a26a9-4fba-413e-b26a-f90ec9646c55@group-DFF2D486F62C-LeaderElection17 PRE_VOTE round 0: result REJECTED
2024-01-18 21:14:05,094 [a53a26a9-4fba-413e-b26a-f90ec9646c55@group-DFF2D486F62C-LeaderElection17] INFO  server.RaftServer$Division (RaftServerImpl.java:setRole(383)) - a53a26a9-4fba-413e-b26a-f90ec9646c55@group-DFF2D486F62C: changes role from CANDIDATE to FOLLOWER at term 0 for REJECTED
2024-01-18 21:14:05,094 [a53a26a9-4fba-413e-b26a-f90ec9646c55@group-DFF2D486F62C-LeaderElection17] INFO  impl.RoleInfo (RoleInfo.java:shutdownLeaderElection(130)) - a53a26a9-4fba-413e-b26a-f90ec9646c55: shutdown a53a26a9-4fba-413e-b26a-f90ec9646c55@group-DFF2D486F62C-LeaderElection17
2024-01-18 21:14:05,095 [a53a26a9-4fba-413e-b26a-f90ec9646c55@group-DFF2D486F62C-LeaderElection17] INFO  impl.RoleInfo (RoleInfo.java:updateAndGet(139)) - a53a26a9-4fba-413e-b26a-f90ec9646c55: start a53a26a9-4fba-413e-b26a-f90ec9646c55@group-DFF2D486F62C-FollowerState
2024-01-18 21:14:05,095 [a53a26a9-4fba-413e-b26a-f90ec9646c55@group-DFF2D486F62C-LeaderElection17] INFO  server.RaftServer$Division (RaftServerImpl.java:setFirstElection(574)) - a53a26a9-4fba-413e-b26a-f90ec9646c55@group-DFF2D486F62C: set firstElectionSinceStartup to false for REJECTED
2024-01-18 21:14:05,175 [686b4373-3f6e-463e-bd5f-56c21a134faf@group-DFF2D486F62C-FollowerState] INFO  server.RaftServerConfigKeys (ConfUtils.java:logFallback(53)) - raft.server.rpc.first-election.timeout.min = 5s (fallback to raft.server.rpc.timeout.min)
2024-01-18 21:14:05,175 [686b4373-3f6e-463e-bd5f-56c21a134faf@group-DFF2D486F62C-FollowerState] INFO  server.RaftServerConfigKeys (ConfUtils.java:logFallback(53)) - raft.server.rpc.first-election.timeout.max = 5200ms (fallback to raft.server.rpc.timeout.max)
2024-01-18 21:14:05,223 [a53a26a9-4fba-413e-b26a-f90ec9646c55@group-29045FE243D3-FollowerState] INFO  impl.FollowerState (FollowerState.java:run(143)) - a53a26a9-4fba-413e-b26a-f90ec9646c55@group-29045FE243D3-FollowerState: change to CANDIDATE, lastRpcElapsedTime:5154102875ns, electionTimeout:5153ms
2024-01-18 21:14:05,223 [a53a26a9-4fba-413e-b26a-f90ec9646c55@group-29045FE243D3-FollowerState] INFO  impl.RoleInfo (RoleInfo.java:shutdownFollowerState(110)) - a53a26a9-4fba-413e-b26a-f90ec9646c55: shutdown a53a26a9-4fba-413e-b26a-f90ec9646c55@group-29045FE243D3-FollowerState
2024-01-18 21:14:05,223 [a53a26a9-4fba-413e-b26a-f90ec9646c55@group-29045FE243D3-FollowerState] INFO  server.RaftServer$Division (RaftServerImpl.java:setRole(383)) - a53a26a9-4fba-413e-b26a-f90ec9646c55@group-29045FE243D3: changes role from  FOLLOWER to CANDIDATE at term 0 for changeToCandidate
2024-01-18 21:14:05,223 [a53a26a9-4fba-413e-b26a-f90ec9646c55@group-29045FE243D3-FollowerState] INFO  server.RaftServerConfigKeys (ConfUtils.java:logGet(46)) - raft.server.leaderelection.pre-vote = true (default)
2024-01-18 21:14:05,223 [a53a26a9-4fba-413e-b26a-f90ec9646c55@group-29045FE243D3-FollowerState] INFO  impl.RoleInfo (RoleInfo.java:updateAndGet(139)) - a53a26a9-4fba-413e-b26a-f90ec9646c55: start a53a26a9-4fba-413e-b26a-f90ec9646c55@group-29045FE243D3-LeaderElection18
2024-01-18 21:14:05,225 [a53a26a9-4fba-413e-b26a-f90ec9646c55@group-29045FE243D3-LeaderElection18] INFO  impl.LeaderElection (LeaderElection.java:askForVotes(321)) - a53a26a9-4fba-413e-b26a-f90ec9646c55@group-29045FE243D3-LeaderElection18 PRE_VOTE round 0: submit vote requests at term 0 for -1: peers:[a53a26a9-4fba-413e-b26a-f90ec9646c55|10.1.0.44:15103]|listeners:[], old=null
2024-01-18 21:14:05,225 [a53a26a9-4fba-413e-b26a-f90ec9646c55@group-29045FE243D3-LeaderElection18] INFO  impl.LeaderElection (LeaderElection.java:askForVotes(323)) - a53a26a9-4fba-413e-b26a-f90ec9646c55@group-29045FE243D3-LeaderElection18 PRE_VOTE round 0: result PASSED (term=0)
2024-01-18 21:14:05,226 [a53a26a9-4fba-413e-b26a-f90ec9646c55@group-29045FE243D3-LeaderElection18] INFO  impl.LeaderElection (LeaderElection.java:askForVotes(321)) - a53a26a9-4fba-413e-b26a-f90ec9646c55@group-29045FE243D3-LeaderElection18 ELECTION round 0: submit vote requests at term 1 for -1: peers:[a53a26a9-4fba-413e-b26a-f90ec9646c55|10.1.0.44:15103]|listeners:[], old=null
2024-01-18 21:14:05,226 [a53a26a9-4fba-413e-b26a-f90ec9646c55@group-29045FE243D3-LeaderElection18] INFO  impl.LeaderElection (LeaderElection.java:askForVotes(323)) - a53a26a9-4fba-413e-b26a-f90ec9646c55@group-29045FE243D3-LeaderElection18 ELECTION round 0: result PASSED (term=1)
2024-01-18 21:14:05,226 [a53a26a9-4fba-413e-b26a-f90ec9646c55@group-29045FE243D3-LeaderElection18] INFO  impl.RoleInfo (RoleInfo.java:shutdownLeaderElection(130)) - a53a26a9-4fba-413e-b26a-f90ec9646c55: shutdown a53a26a9-4fba-413e-b26a-f90ec9646c55@group-29045FE243D3-LeaderElection18
2024-01-18 21:14:05,226 [a53a26a9-4fba-413e-b26a-f90ec9646c55@group-29045FE243D3-LeaderElection18] INFO  server.RaftServer$Division (RaftServerImpl.java:setRole(383)) - a53a26a9-4fba-413e-b26a-f90ec9646c55@group-29045FE243D3: changes role from CANDIDATE to LEADER at term 1 for changeToLeader
2024-01-18 21:14:05,226 [a53a26a9-4fba-413e-b26a-f90ec9646c55@group-29045FE243D3-LeaderElection18] INFO  server.RaftServerConfigKeys (ConfUtils.java:logGet(46)) - raft.server.staging.catchup.gap = 1000 (default)
2024-01-18 21:14:05,226 [a53a26a9-4fba-413e-b26a-f90ec9646c55@group-29045FE243D3-LeaderElection18] INFO  server.RaftServerConfigKeys (ConfUtils.java:logGet(46)) - raft.server.write.element-limit = 1024 (custom)
2024-01-18 21:14:05,226 [a53a26a9-4fba-413e-b26a-f90ec9646c55@group-29045FE243D3-LeaderElection18] INFO  server.RaftServerConfigKeys (ConfUtils.java:logGet(46)) - raft.server.write.byte-limit = 1024 M (=1073741824) (custom)
2024-01-18 21:14:05,226 [a53a26a9-4fba-413e-b26a-f90ec9646c55@group-29045FE243D3-LeaderElection18] INFO  server.RaftServerConfigKeys (ConfUtils.java:logGet(46)) - raft.server.watch.timeout = 3000ms (custom)
2024-01-18 21:14:05,226 [a53a26a9-4fba-413e-b26a-f90ec9646c55@group-29045FE243D3-LeaderElection18] INFO  server.RaftServerConfigKeys (ConfUtils.java:logGet(46)) - raft.server.watch.timeout.denomination = 1s (default)
2024-01-18 21:14:05,226 [a53a26a9-4fba-413e-b26a-f90ec9646c55@group-29045FE243D3-LeaderElection18] INFO  server.RaftServerConfigKeys (ConfUtils.java:logGet(46)) - raft.server.watch.element-limit = 65536 (default)
2024-01-18 21:14:05,226 [a53a26a9-4fba-413e-b26a-f90ec9646c55@group-29045FE243D3-LeaderElection18] INFO  server.RaftServerConfigKeys (ConfUtils.java:logGet(46)) - raft.server.read.leader.lease.enabled = false (default)
2024-01-18 21:14:05,227 [a53a26a9-4fba-413e-b26a-f90ec9646c55@group-29045FE243D3-LeaderElection18] INFO  server.RaftServerConfigKeys (ConfUtils.java:logGet(46)) - raft.server.read.leader.lease.timeout.ratio = 0.9 (default)
2024-01-18 21:14:05,227 [a53a26a9-4fba-413e-b26a-f90ec9646c55@group-29045FE243D3-LeaderElection18] INFO  server.RaftServerConfigKeys (ConfUtils.java:logGet(46)) - raft.server.rpc.timeout.min = 5s (custom)
2024-01-18 21:14:05,227 [a53a26a9-4fba-413e-b26a-f90ec9646c55@group-29045FE243D3-LeaderElection18] INFO  server.RaftServerConfigKeys (ConfUtils.java:logGet(46)) - raft.server.write.element-limit = 1024 (custom)
2024-01-18 21:14:05,227 [a53a26a9-4fba-413e-b26a-f90ec9646c55@group-29045FE243D3-LeaderElection18] INFO  server.RaftServerConfigKeys (ConfUtils.java:logGet(46)) - raft.server.write.follower.gap.ratio.max = -1.0 (default)
2024-01-18 21:14:05,227 [a53a26a9-4fba-413e-b26a-f90ec9646c55@group-29045FE243D3-LeaderElection18] INFO  impl.RoleInfo (RoleInfo.java:updateAndGet(139)) - a53a26a9-4fba-413e-b26a-f90ec9646c55: start a53a26a9-4fba-413e-b26a-f90ec9646c55@group-29045FE243D3-LeaderStateImpl
2024-01-18 21:14:05,227 [a53a26a9-4fba-413e-b26a-f90ec9646c55@group-29045FE243D3-LeaderElection18] INFO  server.RaftServer$Division (RaftServerImpl.java:setFirstElection(574)) - a53a26a9-4fba-413e-b26a-f90ec9646c55@group-29045FE243D3: set firstElectionSinceStartup to false for becomeLeader
2024-01-18 21:14:05,227 [a53a26a9-4fba-413e-b26a-f90ec9646c55@group-29045FE243D3-LeaderElection18] INFO  ratis.XceiverServerRatis (XceiverServerRatis.java:handleLeaderChangedNotification(945)) - Leader change notification received for group: group-29045FE243D3 with new leaderId: a53a26a9-4fba-413e-b26a-f90ec9646c55
2024-01-18 21:14:05,227 [a53a26a9-4fba-413e-b26a-f90ec9646c55@group-29045FE243D3-LeaderElection18] INFO  server.RaftServer$Division (ServerState.java:setLeader(269)) - a53a26a9-4fba-413e-b26a-f90ec9646c55@group-29045FE243D3: change Leader from null to a53a26a9-4fba-413e-b26a-f90ec9646c55 at term 1 for becomeLeader, leader elected after 5171ms
2024-01-18 21:14:05,227 [a53a26a9-4fba-413e-b26a-f90ec9646c55@group-29045FE243D3-LeaderElection18] INFO  segmented.SegmentedRaftLogWorker (SegmentedRaftLogWorker.java:startLogSegment(430)) - a53a26a9-4fba-413e-b26a-f90ec9646c55@group-29045FE243D3-SegmentedRaftLogWorker: Starting segment from index:0
2024-01-18 21:14:05,228 [a53a26a9-4fba-413e-b26a-f90ec9646c55@group-29045FE243D3-SegmentedRaftLogWorker] INFO  segmented.BufferedWriteChannel (BufferedWriteChannel.java:open(62)) - open log_inprogress_0 at position 0
2024-01-18 21:14:05,228 [EventQueue-OpenPipelineForHealthyPipelineSafeModeRule] INFO  safemode.SCMSafeModeManager (HealthyPipelineSafeModeRule.java:process(140)) - SCM in safe mode. Healthy pipelines reported count is 0, required healthy pipeline reported count is 1
2024-01-18 21:14:05,231 [a53a26a9-4fba-413e-b26a-f90ec9646c55@group-29045FE243D3-LeaderElection18] INFO  server.RaftServer$Division (ServerState.java:setRaftConf(386)) - a53a26a9-4fba-413e-b26a-f90ec9646c55@group-29045FE243D3: set configuration 0: peers:[a53a26a9-4fba-413e-b26a-f90ec9646c55|10.1.0.44:15103]|listeners:[], old=null
2024-01-18 21:14:05,235 [a53a26a9-4fba-413e-b26a-f90ec9646c55@group-29045FE243D3-SegmentedRaftLogWorker] INFO  segmented.SegmentedRaftLogWorker (SegmentedRaftLogWorker.java:execute(634)) - a53a26a9-4fba-413e-b26a-f90ec9646c55@group-29045FE243D3-SegmentedRaftLogWorker: created new log segment /home/runner/work/ozone/ozone/hadoop-ozone/integration-test/target/test-dir/MiniOzoneClusterImpl-31edb46a-ccfd-4ac6-802d-5dd746a085ff/datanode-0/data/ratis/b17355d0-564b-4900-aa73-29045fe243d3/current/log_inprogress_0
2024-01-18 21:14:05,236 [a53a26a9-4fba-413e-b26a-f90ec9646c55@group-29045FE243D3-StateMachineUpdater] INFO  server.RaftServer$Division (LeaderStateImpl.java:isApplied(320)) - leader is ready since appliedIndex == 0 >= startIndex == 0
2024-01-18 21:14:05,298 [32a26d97-b348-45bd-baf8-7e50e45a1152@group-DFF2D486F62C-FollowerState] INFO  impl.FollowerState (FollowerState.java:run(143)) - 32a26d97-b348-45bd-baf8-7e50e45a1152@group-DFF2D486F62C-FollowerState: change to CANDIDATE, lastRpcElapsedTime:5149250541ns, electionTimeout:5148ms
2024-01-18 21:14:05,298 [32a26d97-b348-45bd-baf8-7e50e45a1152@group-DFF2D486F62C-FollowerState] INFO  impl.RoleInfo (RoleInfo.java:shutdownFollowerState(110)) - 32a26d97-b348-45bd-baf8-7e50e45a1152: shutdown 32a26d97-b348-45bd-baf8-7e50e45a1152@group-DFF2D486F62C-FollowerState
2024-01-18 21:14:05,298 [32a26d97-b348-45bd-baf8-7e50e45a1152@group-DFF2D486F62C-FollowerState] INFO  server.RaftServer$Division (RaftServerImpl.java:setRole(383)) - 32a26d97-b348-45bd-baf8-7e50e45a1152@group-DFF2D486F62C: changes role from  FOLLOWER to CANDIDATE at term 0 for changeToCandidate
2024-01-18 21:14:05,298 [32a26d97-b348-45bd-baf8-7e50e45a1152@group-DFF2D486F62C-FollowerState] INFO  server.RaftServerConfigKeys (ConfUtils.java:logGet(46)) - raft.server.leaderelection.pre-vote = true (default)
2024-01-18 21:14:05,298 [32a26d97-b348-45bd-baf8-7e50e45a1152@group-DFF2D486F62C-FollowerState] INFO  impl.RoleInfo (RoleInfo.java:updateAndGet(139)) - 32a26d97-b348-45bd-baf8-7e50e45a1152: start 32a26d97-b348-45bd-baf8-7e50e45a1152@group-DFF2D486F62C-LeaderElection19
2024-01-18 21:14:05,299 [32a26d97-b348-45bd-baf8-7e50e45a1152@group-DFF2D486F62C-LeaderElection19] INFO  impl.LeaderElection (LeaderElection.java:askForVotes(321)) - 32a26d97-b348-45bd-baf8-7e50e45a1152@group-DFF2D486F62C-LeaderElection19 PRE_VOTE round 0: submit vote requests at term 0 for -1: peers:[32a26d97-b348-45bd-baf8-7e50e45a1152|10.1.0.44:15112, 686b4373-3f6e-463e-bd5f-56c21a134faf|10.1.0.44:15121, a53a26a9-4fba-413e-b26a-f90ec9646c55|10.1.0.44:15103]|listeners:[], old=null
2024-01-18 21:14:05,299 [32a26d97-b348-45bd-baf8-7e50e45a1152@group-DFF2D486F62C-LeaderElection19-1] INFO  server.GrpcServerProtocolClient (GrpcServerProtocolClient.java:<init>(65)) - Build channel for 686b4373-3f6e-463e-bd5f-56c21a134faf|10.1.0.44:15121
2024-01-18 21:14:05,299 [32a26d97-b348-45bd-baf8-7e50e45a1152@group-DFF2D486F62C-LeaderElection19] INFO  server.RaftServerConfigKeys (ConfUtils.java:logFallback(53)) - raft.server.rpc.first-election.timeout.min = 5s (fallback to raft.server.rpc.timeout.min)
2024-01-18 21:14:05,299 [32a26d97-b348-45bd-baf8-7e50e45a1152@group-DFF2D486F62C-LeaderElection19-2] INFO  server.GrpcServerProtocolClient (GrpcServerProtocolClient.java:<init>(65)) - Build channel for a53a26a9-4fba-413e-b26a-f90ec9646c55|10.1.0.44:15103
2024-01-18 21:14:05,299 [32a26d97-b348-45bd-baf8-7e50e45a1152@group-DFF2D486F62C-LeaderElection19] INFO  server.RaftServerConfigKeys (ConfUtils.java:logFallback(53)) - raft.server.rpc.first-election.timeout.max = 5200ms (fallback to raft.server.rpc.timeout.max)
2024-01-18 21:14:05,304 [grpc-default-executor-1] INFO  server.RaftServer$Division (RaftServerImpl.java:requestVote(1389)) - 686b4373-3f6e-463e-bd5f-56c21a134faf@group-DFF2D486F62C: receive requestVote(PRE_VOTE, 32a26d97-b348-45bd-baf8-7e50e45a1152, group-DFF2D486F62C, 0, (t:0, i:0))
2024-01-18 21:14:05,304 [grpc-default-executor-0] INFO  server.RaftServer$Division (RaftServerImpl.java:requestVote(1389)) - a53a26a9-4fba-413e-b26a-f90ec9646c55@group-DFF2D486F62C: receive requestVote(PRE_VOTE, 32a26d97-b348-45bd-baf8-7e50e45a1152, group-DFF2D486F62C, 0, (t:0, i:0))
2024-01-18 21:14:05,304 [grpc-default-executor-1] INFO  impl.VoteContext (VoteContext.java:log(49)) - 686b4373-3f6e-463e-bd5f-56c21a134faf@group-DFF2D486F62C-FOLLOWER: accept PRE_VOTE from 32a26d97-b348-45bd-baf8-7e50e45a1152: our priority 0 <= candidate's priority 1
2024-01-18 21:14:05,304 [grpc-default-executor-0] INFO  impl.VoteContext (VoteContext.java:log(49)) - a53a26a9-4fba-413e-b26a-f90ec9646c55@group-DFF2D486F62C-FOLLOWER: accept PRE_VOTE from 32a26d97-b348-45bd-baf8-7e50e45a1152: our priority 0 <= candidate's priority 1
2024-01-18 21:14:05,304 [grpc-default-executor-1] INFO  server.RaftServer$Division (RaftServerImpl.java:requestVote(1422)) - 686b4373-3f6e-463e-bd5f-56c21a134faf@group-DFF2D486F62C replies to PRE_VOTE vote request: 32a26d97-b348-45bd-baf8-7e50e45a1152<-686b4373-3f6e-463e-bd5f-56c21a134faf#0:OK-t0. Peer's state: 686b4373-3f6e-463e-bd5f-56c21a134faf@group-DFF2D486F62C:t0, leader=null, voted=, raftlog=Memoized:686b4373-3f6e-463e-bd5f-56c21a134faf@group-DFF2D486F62C-SegmentedRaftLog:OPENED:c-1, conf=-1: peers:[32a26d97-b348-45bd-baf8-7e50e45a1152|10.1.0.44:15112, 686b4373-3f6e-463e-bd5f-56c21a134faf|10.1.0.44:15121, a53a26a9-4fba-413e-b26a-f90ec9646c55|10.1.0.44:15103]|listeners:[], old=null
2024-01-18 21:14:05,304 [grpc-default-executor-0] INFO  server.RaftServer$Division (RaftServerImpl.java:requestVote(1422)) - a53a26a9-4fba-413e-b26a-f90ec9646c55@group-DFF2D486F62C replies to PRE_VOTE vote request: 32a26d97-b348-45bd-baf8-7e50e45a1152<-a53a26a9-4fba-413e-b26a-f90ec9646c55#0:OK-t0. Peer's state: a53a26a9-4fba-413e-b26a-f90ec9646c55@group-DFF2D486F62C:t0, leader=null, voted=, raftlog=Memoized:a53a26a9-4fba-413e-b26a-f90ec9646c55@group-DFF2D486F62C-SegmentedRaftLog:OPENED:c-1, conf=-1: peers:[32a26d97-b348-45bd-baf8-7e50e45a1152|10.1.0.44:15112, 686b4373-3f6e-463e-bd5f-56c21a134faf|10.1.0.44:15121, a53a26a9-4fba-413e-b26a-f90ec9646c55|10.1.0.44:15103]|listeners:[], old=null
2024-01-18 21:14:05,306 [32a26d97-b348-45bd-baf8-7e50e45a1152@group-DFF2D486F62C-LeaderElection19] INFO  impl.LeaderElection (LeaderElection.java:logAndReturn(89)) - 32a26d97-b348-45bd-baf8-7e50e45a1152@group-DFF2D486F62C-LeaderElection19: PRE_VOTE PASSED received 1 response(s) and 0 exception(s):
2024-01-18 21:14:05,306 [32a26d97-b348-45bd-baf8-7e50e45a1152@group-DFF2D486F62C-LeaderElection19] INFO  impl.LeaderElection (LeaderElection.java:logAndReturn(93)) -   Response 0: 32a26d97-b348-45bd-baf8-7e50e45a1152<-a53a26a9-4fba-413e-b26a-f90ec9646c55#0:OK-t0
2024-01-18 21:14:05,307 [32a26d97-b348-45bd-baf8-7e50e45a1152@group-DFF2D486F62C-LeaderElection19] INFO  impl.LeaderElection (LeaderElection.java:askForVotes(323)) - 32a26d97-b348-45bd-baf8-7e50e45a1152@group-DFF2D486F62C-LeaderElection19 PRE_VOTE round 0: result PASSED
2024-01-18 21:14:05,308 [32a26d97-b348-45bd-baf8-7e50e45a1152@group-9C1FB521E04B-FollowerState] INFO  impl.FollowerState (FollowerState.java:run(143)) - 32a26d97-b348-45bd-baf8-7e50e45a1152@group-9C1FB521E04B-FollowerState: change to CANDIDATE, lastRpcElapsedTime:5131982963ns, electionTimeout:5129ms
2024-01-18 21:14:05,308 [32a26d97-b348-45bd-baf8-7e50e45a1152@group-9C1FB521E04B-FollowerState] INFO  impl.RoleInfo (RoleInfo.java:shutdownFollowerState(110)) - 32a26d97-b348-45bd-baf8-7e50e45a1152: shutdown 32a26d97-b348-45bd-baf8-7e50e45a1152@group-9C1FB521E04B-FollowerState
2024-01-18 21:14:05,308 [32a26d97-b348-45bd-baf8-7e50e45a1152@group-9C1FB521E04B-FollowerState] INFO  server.RaftServer$Division (RaftServerImpl.java:setRole(383)) - 32a26d97-b348-45bd-baf8-7e50e45a1152@group-9C1FB521E04B: changes role from  FOLLOWER to CANDIDATE at term 0 for changeToCandidate
2024-01-18 21:14:05,308 [32a26d97-b348-45bd-baf8-7e50e45a1152@group-9C1FB521E04B-FollowerState] INFO  server.RaftServerConfigKeys (ConfUtils.java:logGet(46)) - raft.server.leaderelection.pre-vote = true (default)
2024-01-18 21:14:05,308 [32a26d97-b348-45bd-baf8-7e50e45a1152@group-9C1FB521E04B-FollowerState] INFO  impl.RoleInfo (RoleInfo.java:updateAndGet(139)) - 32a26d97-b348-45bd-baf8-7e50e45a1152: start 32a26d97-b348-45bd-baf8-7e50e45a1152@group-9C1FB521E04B-LeaderElection20
2024-01-18 21:14:05,309 [32a26d97-b348-45bd-baf8-7e50e45a1152@group-9C1FB521E04B-LeaderElection20] INFO  impl.LeaderElection (LeaderElection.java:askForVotes(321)) - 32a26d97-b348-45bd-baf8-7e50e45a1152@group-9C1FB521E04B-LeaderElection20 PRE_VOTE round 0: submit vote requests at term 0 for -1: peers:[32a26d97-b348-45bd-baf8-7e50e45a1152|10.1.0.44:15112]|listeners:[], old=null
2024-01-18 21:14:05,309 [32a26d97-b348-45bd-baf8-7e50e45a1152@group-9C1FB521E04B-LeaderElection20] INFO  impl.LeaderElection (LeaderElection.java:askForVotes(323)) - 32a26d97-b348-45bd-baf8-7e50e45a1152@group-9C1FB521E04B-LeaderElection20 PRE_VOTE round 0: result PASSED (term=0)
2024-01-18 21:14:05,310 [32a26d97-b348-45bd-baf8-7e50e45a1152@group-9C1FB521E04B-LeaderElection20] INFO  impl.LeaderElection (LeaderElection.java:askForVotes(321)) - 32a26d97-b348-45bd-baf8-7e50e45a1152@group-9C1FB521E04B-LeaderElection20 ELECTION round 0: submit vote requests at term 1 for -1: peers:[32a26d97-b348-45bd-baf8-7e50e45a1152|10.1.0.44:15112]|listeners:[], old=null
2024-01-18 21:14:05,310 [32a26d97-b348-45bd-baf8-7e50e45a1152@group-9C1FB521E04B-LeaderElection20] INFO  impl.LeaderElection (LeaderElection.java:askForVotes(323)) - 32a26d97-b348-45bd-baf8-7e50e45a1152@group-9C1FB521E04B-LeaderElection20 ELECTION round 0: result PASSED (term=1)
2024-01-18 21:14:05,310 [32a26d97-b348-45bd-baf8-7e50e45a1152@group-9C1FB521E04B-LeaderElection20] INFO  impl.RoleInfo (RoleInfo.java:shutdownLeaderElection(130)) - 32a26d97-b348-45bd-baf8-7e50e45a1152: shutdown 32a26d97-b348-45bd-baf8-7e50e45a1152@group-9C1FB521E04B-LeaderElection20
2024-01-18 21:14:05,310 [32a26d97-b348-45bd-baf8-7e50e45a1152@group-9C1FB521E04B-LeaderElection20] INFO  server.RaftServer$Division (RaftServerImpl.java:setRole(383)) - 32a26d97-b348-45bd-baf8-7e50e45a1152@group-9C1FB521E04B: changes role from CANDIDATE to LEADER at term 1 for changeToLeader
2024-01-18 21:14:05,310 [32a26d97-b348-45bd-baf8-7e50e45a1152@group-9C1FB521E04B-LeaderElection20] INFO  server.RaftServerConfigKeys (ConfUtils.java:logGet(46)) - raft.server.staging.catchup.gap = 1000 (default)
2024-01-18 21:14:05,310 [32a26d97-b348-45bd-baf8-7e50e45a1152@group-9C1FB521E04B-LeaderElection20] INFO  server.RaftServerConfigKeys (ConfUtils.java:logGet(46)) - raft.server.write.element-limit = 1024 (custom)
2024-01-18 21:14:05,310 [32a26d97-b348-45bd-baf8-7e50e45a1152@group-9C1FB521E04B-LeaderElection20] INFO  server.RaftServerConfigKeys (ConfUtils.java:logGet(46)) - raft.server.write.byte-limit = 1024 M (=1073741824) (custom)
2024-01-18 21:14:05,311 [32a26d97-b348-45bd-baf8-7e50e45a1152@group-9C1FB521E04B-LeaderElection20] INFO  server.RaftServerConfigKeys (ConfUtils.java:logGet(46)) - raft.server.watch.timeout = 3000ms (custom)
2024-01-18 21:14:05,311 [32a26d97-b348-45bd-baf8-7e50e45a1152@group-9C1FB521E04B-LeaderElection20] INFO  server.RaftServerConfigKeys (ConfUtils.java:logGet(46)) - raft.server.watch.timeout.denomination = 1s (default)
2024-01-18 21:14:05,311 [32a26d97-b348-45bd-baf8-7e50e45a1152@group-9C1FB521E04B-LeaderElection20] INFO  server.RaftServerConfigKeys (ConfUtils.java:logGet(46)) - raft.server.watch.element-limit = 65536 (default)
2024-01-18 21:14:05,311 [32a26d97-b348-45bd-baf8-7e50e45a1152@group-9C1FB521E04B-LeaderElection20] INFO  server.RaftServerConfigKeys (ConfUtils.java:logGet(46)) - raft.server.read.leader.lease.enabled = false (default)
2024-01-18 21:14:05,311 [32a26d97-b348-45bd-baf8-7e50e45a1152@group-9C1FB521E04B-LeaderElection20] INFO  server.RaftServerConfigKeys (ConfUtils.java:logGet(46)) - raft.server.read.leader.lease.timeout.ratio = 0.9 (default)
2024-01-18 21:14:05,311 [32a26d97-b348-45bd-baf8-7e50e45a1152@group-9C1FB521E04B-LeaderElection20] INFO  server.RaftServerConfigKeys (ConfUtils.java:logGet(46)) - raft.server.rpc.timeout.min = 5s (custom)
2024-01-18 21:14:05,311 [32a26d97-b348-45bd-baf8-7e50e45a1152@group-9C1FB521E04B-LeaderElection20] INFO  server.RaftServerConfigKeys (ConfUtils.java:logGet(46)) - raft.server.write.element-limit = 1024 (custom)
2024-01-18 21:14:05,311 [32a26d97-b348-45bd-baf8-7e50e45a1152@group-9C1FB521E04B-LeaderElection20] INFO  server.RaftServerConfigKeys (ConfUtils.java:logGet(46)) - raft.server.write.follower.gap.ratio.max = -1.0 (default)
2024-01-18 21:14:05,311 [32a26d97-b348-45bd-baf8-7e50e45a1152@group-9C1FB521E04B-LeaderElection20] INFO  impl.RoleInfo (RoleInfo.java:updateAndGet(139)) - 32a26d97-b348-45bd-baf8-7e50e45a1152: start 32a26d97-b348-45bd-baf8-7e50e45a1152@group-9C1FB521E04B-LeaderStateImpl
2024-01-18 21:14:05,311 [32a26d97-b348-45bd-baf8-7e50e45a1152@group-9C1FB521E04B-LeaderElection20] INFO  server.RaftServer$Division (RaftServerImpl.java:setFirstElection(574)) - 32a26d97-b348-45bd-baf8-7e50e45a1152@group-9C1FB521E04B: set firstElectionSinceStartup to false for becomeLeader
2024-01-18 21:14:05,311 [32a26d97-b348-45bd-baf8-7e50e45a1152@group-DFF2D486F62C-LeaderElection19] INFO  impl.LeaderElection (LeaderElection.java:askForVotes(321)) - 32a26d97-b348-45bd-baf8-7e50e45a1152@group-DFF2D486F62C-LeaderElection19 ELECTION round 0: submit vote requests at term 1 for -1: peers:[32a26d97-b348-45bd-baf8-7e50e45a1152|10.1.0.44:15112, 686b4373-3f6e-463e-bd5f-56c21a134faf|10.1.0.44:15121, a53a26a9-4fba-413e-b26a-f90ec9646c55|10.1.0.44:15103]|listeners:[], old=null
2024-01-18 21:14:05,311 [32a26d97-b348-45bd-baf8-7e50e45a1152@group-9C1FB521E04B-LeaderElection20] INFO  ratis.XceiverServerRatis (XceiverServerRatis.java:handleLeaderChangedNotification(945)) - Leader change notification received for group: group-9C1FB521E04B with new leaderId: 32a26d97-b348-45bd-baf8-7e50e45a1152
2024-01-18 21:14:05,312 [32a26d97-b348-45bd-baf8-7e50e45a1152@group-DFF2D486F62C-LeaderElection19] INFO  server.RaftServerConfigKeys (ConfUtils.java:logFallback(53)) - raft.server.rpc.first-election.timeout.min = 5s (fallback to raft.server.rpc.timeout.min)
2024-01-18 21:14:05,312 [32a26d97-b348-45bd-baf8-7e50e45a1152@group-DFF2D486F62C-LeaderElection19] INFO  server.RaftServerConfigKeys (ConfUtils.java:logFallback(53)) - raft.server.rpc.first-election.timeout.max = 5200ms (fallback to raft.server.rpc.timeout.max)
2024-01-18 21:14:05,313 [grpc-default-executor-1] INFO  server.RaftServer$Division (RaftServerImpl.java:requestVote(1389)) - a53a26a9-4fba-413e-b26a-f90ec9646c55@group-DFF2D486F62C: receive requestVote(ELECTION, 32a26d97-b348-45bd-baf8-7e50e45a1152, group-DFF2D486F62C, 1, (t:0, i:0))
2024-01-18 21:14:05,313 [grpc-default-executor-1] INFO  impl.VoteContext (VoteContext.java:log(49)) - a53a26a9-4fba-413e-b26a-f90ec9646c55@group-DFF2D486F62C-FOLLOWER: accept ELECTION from 32a26d97-b348-45bd-baf8-7e50e45a1152: our priority 0 <= candidate's priority 1
2024-01-18 21:14:05,313 [grpc-default-executor-1] INFO  server.RaftServer$Division (RaftServerImpl.java:setRole(383)) - a53a26a9-4fba-413e-b26a-f90ec9646c55@group-DFF2D486F62C: changes role from  FOLLOWER to FOLLOWER at term 1 for candidate:32a26d97-b348-45bd-baf8-7e50e45a1152
2024-01-18 21:14:05,313 [grpc-default-executor-1] INFO  impl.RoleInfo (RoleInfo.java:shutdownFollowerState(110)) - a53a26a9-4fba-413e-b26a-f90ec9646c55: shutdown a53a26a9-4fba-413e-b26a-f90ec9646c55@group-DFF2D486F62C-FollowerState
2024-01-18 21:14:05,313 [grpc-default-executor-1] INFO  impl.RoleInfo (RoleInfo.java:updateAndGet(139)) - a53a26a9-4fba-413e-b26a-f90ec9646c55: start a53a26a9-4fba-413e-b26a-f90ec9646c55@group-DFF2D486F62C-FollowerState
2024-01-18 21:14:05,313 [a53a26a9-4fba-413e-b26a-f90ec9646c55@group-DFF2D486F62C-FollowerState] INFO  impl.FollowerState (FollowerState.java:run(152)) - a53a26a9-4fba-413e-b26a-f90ec9646c55@group-DFF2D486F62C-FollowerState was interrupted
2024-01-18 21:14:05,313 [grpc-default-executor-0] INFO  server.RaftServer$Division (RaftServerImpl.java:requestVote(1389)) - 686b4373-3f6e-463e-bd5f-56c21a134faf@group-DFF2D486F62C: receive requestVote(ELECTION, 32a26d97-b348-45bd-baf8-7e50e45a1152, group-DFF2D486F62C, 1, (t:0, i:0))
2024-01-18 21:14:05,313 [grpc-default-executor-0] INFO  impl.VoteContext (VoteContext.java:log(49)) - 686b4373-3f6e-463e-bd5f-56c21a134faf@group-DFF2D486F62C-FOLLOWER: accept ELECTION from 32a26d97-b348-45bd-baf8-7e50e45a1152: our priority 0 <= candidate's priority 1
2024-01-18 21:14:05,314 [grpc-default-executor-0] INFO  server.RaftServer$Division (RaftServerImpl.java:setRole(383)) - 686b4373-3f6e-463e-bd5f-56c21a134faf@group-DFF2D486F62C: changes role from  FOLLOWER to FOLLOWER at term 1 for candidate:32a26d97-b348-45bd-baf8-7e50e45a1152
2024-01-18 21:14:05,314 [grpc-default-executor-0] INFO  impl.RoleInfo (RoleInfo.java:shutdownFollowerState(110)) - 686b4373-3f6e-463e-bd5f-56c21a134faf: shutdown 686b4373-3f6e-463e-bd5f-56c21a134faf@group-DFF2D486F62C-FollowerState
2024-01-18 21:14:05,314 [grpc-default-executor-0] INFO  impl.RoleInfo (RoleInfo.java:updateAndGet(139)) - 686b4373-3f6e-463e-bd5f-56c21a134faf: start 686b4373-3f6e-463e-bd5f-56c21a134faf@group-DFF2D486F62C-FollowerState
2024-01-18 21:14:05,314 [686b4373-3f6e-463e-bd5f-56c21a134faf@group-DFF2D486F62C-FollowerState] INFO  impl.FollowerState (FollowerState.java:run(152)) - 686b4373-3f6e-463e-bd5f-56c21a134faf@group-DFF2D486F62C-FollowerState was interrupted
2024-01-18 21:14:05,314 [grpc-default-executor-0] INFO  server.RaftServer$Division (RaftServerImpl.java:setFirstElection(574)) - 686b4373-3f6e-463e-bd5f-56c21a134faf@group-DFF2D486F62C: set firstElectionSinceStartup to false for candidate:32a26d97-b348-45bd-baf8-7e50e45a1152
2024-01-18 21:14:05,314 [grpc-default-executor-1] INFO  server.RaftServer$Division (RaftServerImpl.java:requestVote(1422)) - a53a26a9-4fba-413e-b26a-f90ec9646c55@group-DFF2D486F62C replies to ELECTION vote request: 32a26d97-b348-45bd-baf8-7e50e45a1152<-a53a26a9-4fba-413e-b26a-f90ec9646c55#0:OK-t1. Peer's state: a53a26a9-4fba-413e-b26a-f90ec9646c55@group-DFF2D486F62C:t1, leader=null, voted=32a26d97-b348-45bd-baf8-7e50e45a1152, raftlog=Memoized:a53a26a9-4fba-413e-b26a-f90ec9646c55@group-DFF2D486F62C-SegmentedRaftLog:OPENED:c-1, conf=-1: peers:[32a26d97-b348-45bd-baf8-7e50e45a1152|10.1.0.44:15112, 686b4373-3f6e-463e-bd5f-56c21a134faf|10.1.0.44:15121, a53a26a9-4fba-413e-b26a-f90ec9646c55|10.1.0.44:15103]|listeners:[], old=null
2024-01-18 21:14:05,315 [grpc-default-executor-0] INFO  server.RaftServer$Division (RaftServerImpl.java:requestVote(1422)) - 686b4373-3f6e-463e-bd5f-56c21a134faf@group-DFF2D486F62C replies to ELECTION vote request: 32a26d97-b348-45bd-baf8-7e50e45a1152<-686b4373-3f6e-463e-bd5f-56c21a134faf#0:OK-t1. Peer's state: 686b4373-3f6e-463e-bd5f-56c21a134faf@group-DFF2D486F62C:t1, leader=null, voted=32a26d97-b348-45bd-baf8-7e50e45a1152, raftlog=Memoized:686b4373-3f6e-463e-bd5f-56c21a134faf@group-DFF2D486F62C-SegmentedRaftLog:OPENED:c-1, conf=-1: peers:[32a26d97-b348-45bd-baf8-7e50e45a1152|10.1.0.44:15112, 686b4373-3f6e-463e-bd5f-56c21a134faf|10.1.0.44:15121, a53a26a9-4fba-413e-b26a-f90ec9646c55|10.1.0.44:15103]|listeners:[], old=null
2024-01-18 21:14:05,315 [32a26d97-b348-45bd-baf8-7e50e45a1152@group-DFF2D486F62C-LeaderElection19] INFO  impl.LeaderElection (LeaderElection.java:logAndReturn(89)) - 32a26d97-b348-45bd-baf8-7e50e45a1152@group-DFF2D486F62C-LeaderElection19: ELECTION PASSED received 1 response(s) and 0 exception(s):
2024-01-18 21:14:05,315 [32a26d97-b348-45bd-baf8-7e50e45a1152@group-DFF2D486F62C-LeaderElection19] INFO  impl.LeaderElection (LeaderElection.java:logAndReturn(93)) -   Response 0: 32a26d97-b348-45bd-baf8-7e50e45a1152<-a53a26a9-4fba-413e-b26a-f90ec9646c55#0:OK-t1
2024-01-18 21:14:05,315 [32a26d97-b348-45bd-baf8-7e50e45a1152@group-DFF2D486F62C-LeaderElection19] INFO  impl.LeaderElection (LeaderElection.java:askForVotes(323)) - 32a26d97-b348-45bd-baf8-7e50e45a1152@group-DFF2D486F62C-LeaderElection19 ELECTION round 0: result PASSED
2024-01-18 21:14:05,315 [32a26d97-b348-45bd-baf8-7e50e45a1152@group-DFF2D486F62C-LeaderElection19] INFO  impl.RoleInfo (RoleInfo.java:shutdownLeaderElection(130)) - 32a26d97-b348-45bd-baf8-7e50e45a1152: shutdown 32a26d97-b348-45bd-baf8-7e50e45a1152@group-DFF2D486F62C-LeaderElection19
2024-01-18 21:14:05,315 [32a26d97-b348-45bd-baf8-7e50e45a1152@group-DFF2D486F62C-LeaderElection19] INFO  server.RaftServer$Division (RaftServerImpl.java:setRole(383)) - 32a26d97-b348-45bd-baf8-7e50e45a1152@group-DFF2D486F62C: changes role from CANDIDATE to LEADER at term 1 for changeToLeader
2024-01-18 21:14:05,315 [32a26d97-b348-45bd-baf8-7e50e45a1152@group-DFF2D486F62C-LeaderElection19] INFO  server.RaftServerConfigKeys (ConfUtils.java:logGet(46)) - raft.server.staging.catchup.gap = 1000 (default)
2024-01-18 21:14:05,316 [32a26d97-b348-45bd-baf8-7e50e45a1152@group-DFF2D486F62C-LeaderElection19] INFO  server.RaftServerConfigKeys (ConfUtils.java:logGet(46)) - raft.server.write.element-limit = 1024 (custom)
2024-01-18 21:14:05,316 [32a26d97-b348-45bd-baf8-7e50e45a1152@group-DFF2D486F62C-LeaderElection19] INFO  server.RaftServerConfigKeys (ConfUtils.java:logGet(46)) - raft.server.write.byte-limit = 1024 M (=1073741824) (custom)
2024-01-18 21:14:05,316 [32a26d97-b348-45bd-baf8-7e50e45a1152@group-9C1FB521E04B-LeaderElection20] INFO  server.RaftServer$Division (ServerState.java:setLeader(269)) - 32a26d97-b348-45bd-baf8-7e50e45a1152@group-9C1FB521E04B: change Leader from null to 32a26d97-b348-45bd-baf8-7e50e45a1152 at term 1 for becomeLeader, leader elected after 5152ms
2024-01-18 21:14:05,317 [32a26d97-b348-45bd-baf8-7e50e45a1152@group-9C1FB521E04B-LeaderElection20] INFO  segmented.SegmentedRaftLogWorker (SegmentedRaftLogWorker.java:startLogSegment(430)) - 32a26d97-b348-45bd-baf8-7e50e45a1152@group-9C1FB521E04B-SegmentedRaftLogWorker: Starting segment from index:0
2024-01-18 21:14:05,317 [32a26d97-b348-45bd-baf8-7e50e45a1152@group-9C1FB521E04B-LeaderElection20] INFO  server.RaftServer$Division (ServerState.java:setRaftConf(386)) - 32a26d97-b348-45bd-baf8-7e50e45a1152@group-9C1FB521E04B: set configuration 0: peers:[32a26d97-b348-45bd-baf8-7e50e45a1152|10.1.0.44:15112]|listeners:[], old=null
2024-01-18 21:14:05,317 [686b4373-3f6e-463e-bd5f-56c21a134faf@group-87F37CF8AE9F-FollowerState] INFO  impl.FollowerState (FollowerState.java:run(143)) - 686b4373-3f6e-463e-bd5f-56c21a134faf@group-87F37CF8AE9F-FollowerState: change to CANDIDATE, lastRpcElapsedTime:5030065571ns, electionTimeout:5028ms
2024-01-18 21:14:05,318 [686b4373-3f6e-463e-bd5f-56c21a134faf@group-87F37CF8AE9F-FollowerState] INFO  impl.RoleInfo (RoleInfo.java:shutdownFollowerState(110)) - 686b4373-3f6e-463e-bd5f-56c21a134faf: shutdown 686b4373-3f6e-463e-bd5f-56c21a134faf@group-87F37CF8AE9F-FollowerState
2024-01-18 21:14:05,318 [686b4373-3f6e-463e-bd5f-56c21a134faf@group-87F37CF8AE9F-FollowerState] INFO  server.RaftServer$Division (RaftServerImpl.java:setRole(383)) - 686b4373-3f6e-463e-bd5f-56c21a134faf@group-87F37CF8AE9F: changes role from  FOLLOWER to CANDIDATE at term 0 for changeToCandidate
2024-01-18 21:14:05,318 [686b4373-3f6e-463e-bd5f-56c21a134faf@group-87F37CF8AE9F-FollowerState] INFO  server.RaftServerConfigKeys (ConfUtils.java:logGet(46)) - raft.server.leaderelection.pre-vote = true (default)
2024-01-18 21:14:05,318 [686b4373-3f6e-463e-bd5f-56c21a134faf@group-87F37CF8AE9F-FollowerState] INFO  impl.RoleInfo (RoleInfo.java:updateAndGet(139)) - 686b4373-3f6e-463e-bd5f-56c21a134faf: start 686b4373-3f6e-463e-bd5f-56c21a134faf@group-87F37CF8AE9F-LeaderElection21
2024-01-18 21:14:05,318 [32a26d97-b348-45bd-baf8-7e50e45a1152@group-DFF2D486F62C-LeaderElection19] INFO  server.RaftServerConfigKeys (ConfUtils.java:logGet(46)) - raft.server.watch.timeout = 3000ms (custom)
2024-01-18 21:14:05,319 [32a26d97-b348-45bd-baf8-7e50e45a1152@group-DFF2D486F62C-LeaderElection19] INFO  server.RaftServerConfigKeys (ConfUtils.java:logGet(46)) - raft.server.watch.timeout.denomination = 1s (default)
2024-01-18 21:14:05,318 [32a26d97-b348-45bd-baf8-7e50e45a1152@group-9C1FB521E04B-SegmentedRaftLogWorker] INFO  segmented.BufferedWriteChannel (BufferedWriteChannel.java:open(62)) - open log_inprogress_0 at position 0
2024-01-18 21:14:05,320 [EventQueue-OpenPipelineForHealthyPipelineSafeModeRule] INFO  safemode.SCMSafeModeManager (HealthyPipelineSafeModeRule.java:process(140)) - SCM in safe mode. Healthy pipelines reported count is 0, required healthy pipeline reported count is 1
2024-01-18 21:14:05,320 [686b4373-3f6e-463e-bd5f-56c21a134faf@group-87F37CF8AE9F-LeaderElection21] INFO  impl.LeaderElection (LeaderElection.java:askForVotes(321)) - 686b4373-3f6e-463e-bd5f-56c21a134faf@group-87F37CF8AE9F-LeaderElection21 PRE_VOTE round 0: submit vote requests at term 0 for -1: peers:[686b4373-3f6e-463e-bd5f-56c21a134faf|10.1.0.44:15121]|listeners:[], old=null
2024-01-18 21:14:05,321 [686b4373-3f6e-463e-bd5f-56c21a134faf@group-87F37CF8AE9F-LeaderElection21] INFO  impl.LeaderElection (LeaderElection.java:askForVotes(323)) - 686b4373-3f6e-463e-bd5f-56c21a134faf@group-87F37CF8AE9F-LeaderElection21 PRE_VOTE round 0: result PASSED (term=0)
2024-01-18 21:14:05,320 [32a26d97-b348-45bd-baf8-7e50e45a1152@group-DFF2D486F62C-LeaderElection19] INFO  server.RaftServerConfigKeys (ConfUtils.java:logGet(46)) - raft.server.watch.element-limit = 65536 (default)
2024-01-18 21:14:05,322 [32a26d97-b348-45bd-baf8-7e50e45a1152@group-DFF2D486F62C-LeaderElection19] INFO  server.RaftServerConfigKeys (ConfUtils.java:logGet(46)) - raft.server.read.leader.lease.enabled = false (default)
2024-01-18 21:14:05,322 [32a26d97-b348-45bd-baf8-7e50e45a1152@group-DFF2D486F62C-LeaderElection19] INFO  server.RaftServerConfigKeys (ConfUtils.java:logGet(46)) - raft.server.read.leader.lease.timeout.ratio = 0.9 (default)
2024-01-18 21:14:05,322 [32a26d97-b348-45bd-baf8-7e50e45a1152@group-DFF2D486F62C-LeaderElection19] INFO  server.RaftServerConfigKeys (ConfUtils.java:logGet(46)) - raft.server.rpc.timeout.min = 5s (custom)
2024-01-18 21:14:05,322 [32a26d97-b348-45bd-baf8-7e50e45a1152@group-DFF2D486F62C-LeaderElection19] INFO  server.RaftServerConfigKeys (ConfUtils.java:logGet(46)) - raft.server.write.element-limit = 1024 (custom)
2024-01-18 21:14:05,322 [32a26d97-b348-45bd-baf8-7e50e45a1152@group-DFF2D486F62C-LeaderElection19] INFO  server.RaftServerConfigKeys (ConfUtils.java:logGet(46)) - raft.server.write.follower.gap.ratio.max = -1.0 (default)
2024-01-18 21:14:05,322 [32a26d97-b348-45bd-baf8-7e50e45a1152@group-DFF2D486F62C-LeaderElection19] INFO  server.RaftServerConfigKeys (ConfUtils.java:logGet(46)) - raft.server.log.appender.snapshot.chunk.size.max = 16MB (=16777216) (default)
2024-01-18 21:14:05,322 [32a26d97-b348-45bd-baf8-7e50e45a1152@group-DFF2D486F62C-LeaderElection19] INFO  server.RaftServerConfigKeys (ConfUtils.java:logGet(46)) - raft.server.log.appender.buffer.byte-limit = 8388608 (custom)
2024-01-18 21:14:05,322 [32a26d97-b348-45bd-baf8-7e50e45a1152@group-DFF2D486F62C-LeaderElection19] INFO  server.RaftServerConfigKeys (ConfUtils.java:logGet(46)) - raft.server.log.appender.buffer.element-limit = 1 (custom)
2024-01-18 21:14:05,324 [32a26d97-b348-45bd-baf8-7e50e45a1152@group-DFF2D486F62C-LeaderElection19] INFO  server.RaftServerConfigKeys (ConfUtils.java:logGet(46)) - raft.server.log.appender.wait-time.min = 0ms (custom)
2024-01-18 21:14:05,324 [32a26d97-b348-45bd-baf8-7e50e45a1152@group-DFF2D486F62C-LeaderElection19] INFO  grpc.GrpcConfigKeys (ConfUtils.java:logGet(46)) - raft.grpc.server.leader.outstanding.appends.max = 8 (default)
2024-01-18 21:14:05,324 [32a26d97-b348-45bd-baf8-7e50e45a1152@group-DFF2D486F62C-LeaderElection19] INFO  server.RaftServerConfigKeys (ConfUtils.java:logGet(46)) - raft.server.rpc.request.timeout = 3000ms (default)
2024-01-18 21:14:05,324 [32a26d97-b348-45bd-baf8-7e50e45a1152@group-DFF2D486F62C-LeaderElection19] INFO  grpc.GrpcConfigKeys (ConfUtils.java:logGet(46)) - raft.grpc.server.install_snapshot.request.element-limit = 8 (default)
2024-01-18 21:14:05,324 [32a26d97-b348-45bd-baf8-7e50e45a1152@group-DFF2D486F62C-LeaderElection19] INFO  grpc.GrpcConfigKeys (ConfUtils.java:logGet(46)) - raft.grpc.server.install_snapshot.request.timeout = 3000ms (default)
2024-01-18 21:14:05,324 [32a26d97-b348-45bd-baf8-7e50e45a1152@group-DFF2D486F62C-LeaderElection19] INFO  grpc.GrpcConfigKeys (ConfUtils.java:logGet(46)) - raft.grpc.server.log-message.batch.duration = 5s (default)
2024-01-18 21:14:05,324 [32a26d97-b348-45bd-baf8-7e50e45a1152@group-DFF2D486F62C-LeaderElection19] INFO  server.RaftServerConfigKeys (ConfUtils.java:logGet(46)) - raft.server.log.appender.install.snapshot.enabled = false (custom)
2024-01-18 21:14:05,324 [32a26d97-b348-45bd-baf8-7e50e45a1152@group-DFF2D486F62C-LeaderElection19] INFO  grpc.GrpcConfigKeys (ConfUtils.java:logGet(46)) - raft.grpc.server.heartbeat.channel = true (default)
2024-01-18 21:14:05,325 [686b4373-3f6e-463e-bd5f-56c21a134faf@group-87F37CF8AE9F-LeaderElection21] INFO  impl.LeaderElection (LeaderElection.java:askForVotes(321)) - 686b4373-3f6e-463e-bd5f-56c21a134faf@group-87F37CF8AE9F-LeaderElection21 ELECTION round 0: submit vote requests at term 1 for -1: peers:[686b4373-3f6e-463e-bd5f-56c21a134faf|10.1.0.44:15121]|listeners:[], old=null
2024-01-18 21:14:05,325 [686b4373-3f6e-463e-bd5f-56c21a134faf@group-87F37CF8AE9F-LeaderElection21] INFO  impl.LeaderElection (LeaderElection.java:askForVotes(323)) - 686b4373-3f6e-463e-bd5f-56c21a134faf@group-87F37CF8AE9F-LeaderElection21 ELECTION round 0: result PASSED (term=1)
2024-01-18 21:14:05,325 [686b4373-3f6e-463e-bd5f-56c21a134faf@group-87F37CF8AE9F-LeaderElection21] INFO  impl.RoleInfo (RoleInfo.java:shutdownLeaderElection(130)) - 686b4373-3f6e-463e-bd5f-56c21a134faf: shutdown 686b4373-3f6e-463e-bd5f-56c21a134faf@group-87F37CF8AE9F-LeaderElection21
2024-01-18 21:14:05,325 [686b4373-3f6e-463e-bd5f-56c21a134faf@group-87F37CF8AE9F-LeaderElection21] INFO  server.RaftServer$Division (RaftServerImpl.java:setRole(383)) - 686b4373-3f6e-463e-bd5f-56c21a134faf@group-87F37CF8AE9F: changes role from CANDIDATE to LEADER at term 1 for changeToLeader
2024-01-18 21:14:05,325 [686b4373-3f6e-463e-bd5f-56c21a134faf@group-87F37CF8AE9F-LeaderElection21] INFO  server.RaftServerConfigKeys (ConfUtils.java:logGet(46)) - raft.server.staging.catchup.gap = 1000 (default)
2024-01-18 21:14:05,325 [686b4373-3f6e-463e-bd5f-56c21a134faf@group-87F37CF8AE9F-LeaderElection21] INFO  server.RaftServerConfigKeys (ConfUtils.java:logGet(46)) - raft.server.write.element-limit = 1024 (custom)
2024-01-18 21:14:05,325 [32a26d97-b348-45bd-baf8-7e50e45a1152@group-DFF2D486F62C-LeaderElection19] INFO  server.RaftServerConfigKeys (ConfUtils.java:logGet(46)) - raft.server.log.appender.snapshot.chunk.size.max = 16MB (=16777216) (default)
2024-01-18 21:14:05,325 [32a26d97-b348-45bd-baf8-7e50e45a1152@group-DFF2D486F62C-LeaderElection19] INFO  server.RaftServerConfigKeys (ConfUtils.java:logGet(46)) - raft.server.log.appender.buffer.byte-limit = 8388608 (custom)
2024-01-18 21:14:05,325 [32a26d97-b348-45bd-baf8-7e50e45a1152@group-DFF2D486F62C-LeaderElection19] INFO  server.RaftServerConfigKeys (ConfUtils.java:logGet(46)) - raft.server.log.appender.buffer.element-limit = 1 (custom)
2024-01-18 21:14:05,325 [686b4373-3f6e-463e-bd5f-56c21a134faf@group-87F37CF8AE9F-LeaderElection21] INFO  server.RaftServerConfigKeys (ConfUtils.java:logGet(46)) - raft.server.write.byte-limit = 1024 M (=1073741824) (custom)
2024-01-18 21:14:05,325 [32a26d97-b348-45bd-baf8-7e50e45a1152@group-DFF2D486F62C-LeaderElection19] INFO  server.RaftServerConfigKeys (ConfUtils.java:logGet(46)) - raft.server.log.appender.wait-time.min = 0ms (custom)
2024-01-18 21:14:05,325 [32a26d97-b348-45bd-baf8-7e50e45a1152@group-DFF2D486F62C-LeaderElection19] INFO  grpc.GrpcConfigKeys (ConfUtils.java:logGet(46)) - raft.grpc.server.leader.outstanding.appends.max = 8 (default)
2024-01-18 21:14:05,326 [32a26d97-b348-45bd-baf8-7e50e45a1152@group-DFF2D486F62C-LeaderElection19] INFO  server.RaftServerConfigKeys (ConfUtils.java:logGet(46)) - raft.server.rpc.request.timeout = 3000ms (default)
2024-01-18 21:14:05,326 [686b4373-3f6e-463e-bd5f-56c21a134faf@group-87F37CF8AE9F-LeaderElection21] INFO  server.RaftServerConfigKeys (ConfUtils.java:logGet(46)) - raft.server.watch.timeout = 3000ms (custom)
2024-01-18 21:14:05,326 [32a26d97-b348-45bd-baf8-7e50e45a1152@group-DFF2D486F62C-LeaderElection19] INFO  grpc.GrpcConfigKeys (ConfUtils.java:logGet(46)) - raft.grpc.server.install_snapshot.request.element-limit = 8 (default)
2024-01-18 21:14:05,326 [32a26d97-b348-45bd-baf8-7e50e45a1152@group-DFF2D486F62C-LeaderElection19] INFO  grpc.GrpcConfigKeys (ConfUtils.java:logGet(46)) - raft.grpc.server.install_snapshot.request.timeout = 3000ms (default)
2024-01-18 21:14:05,326 [32a26d97-b348-45bd-baf8-7e50e45a1152@group-DFF2D486F62C-LeaderElection19] INFO  grpc.GrpcConfigKeys (ConfUtils.java:logGet(46)) - raft.grpc.server.log-message.batch.duration = 5s (default)
2024-01-18 21:14:05,326 [32a26d97-b348-45bd-baf8-7e50e45a1152@group-DFF2D486F62C-LeaderElection19] INFO  server.RaftServerConfigKeys (ConfUtils.java:logGet(46)) - raft.server.log.appender.install.snapshot.enabled = false (custom)
2024-01-18 21:14:05,326 [32a26d97-b348-45bd-baf8-7e50e45a1152@group-DFF2D486F62C-LeaderElection19] INFO  grpc.GrpcConfigKeys (ConfUtils.java:logGet(46)) - raft.grpc.server.heartbeat.channel = true (default)
2024-01-18 21:14:05,326 [32a26d97-b348-45bd-baf8-7e50e45a1152@group-DFF2D486F62C-LeaderElection19] INFO  impl.RoleInfo (RoleInfo.java:updateAndGet(139)) - 32a26d97-b348-45bd-baf8-7e50e45a1152: start 32a26d97-b348-45bd-baf8-7e50e45a1152@group-DFF2D486F62C-LeaderStateImpl
2024-01-18 21:14:05,326 [32a26d97-b348-45bd-baf8-7e50e45a1152@group-DFF2D486F62C-LeaderElection19] INFO  server.RaftServer$Division (RaftServerImpl.java:setFirstElection(574)) - 32a26d97-b348-45bd-baf8-7e50e45a1152@group-DFF2D486F62C: set firstElectionSinceStartup to false for becomeLeader
2024-01-18 21:14:05,326 [32a26d97-b348-45bd-baf8-7e50e45a1152@group-DFF2D486F62C-LeaderElection19] INFO  ratis.XceiverServerRatis (XceiverServerRatis.java:handleLeaderChangedNotification(945)) - Leader change notification received for group: group-DFF2D486F62C with new leaderId: 32a26d97-b348-45bd-baf8-7e50e45a1152
2024-01-18 21:14:05,326 [32a26d97-b348-45bd-baf8-7e50e45a1152@group-DFF2D486F62C-LeaderElection19] INFO  server.RaftServer$Division (ServerState.java:setLeader(269)) - 32a26d97-b348-45bd-baf8-7e50e45a1152@group-DFF2D486F62C: change Leader from null to 32a26d97-b348-45bd-baf8-7e50e45a1152 at term 1 for becomeLeader, leader elected after 5203ms
2024-01-18 21:14:05,326 [32a26d97-b348-45bd-baf8-7e50e45a1152@group-DFF2D486F62C-LeaderElection19] INFO  segmented.SegmentedRaftLogWorker (SegmentedRaftLogWorker.java:startLogSegment(430)) - 32a26d97-b348-45bd-baf8-7e50e45a1152@group-DFF2D486F62C-SegmentedRaftLogWorker: Starting segment from index:0
2024-01-18 21:14:05,326 [686b4373-3f6e-463e-bd5f-56c21a134faf@group-87F37CF8AE9F-LeaderElection21] INFO  server.RaftServerConfigKeys (ConfUtils.java:logGet(46)) - raft.server.watch.timeout.denomination = 1s (default)
2024-01-18 21:14:05,327 [686b4373-3f6e-463e-bd5f-56c21a134faf@group-87F37CF8AE9F-LeaderElection21] INFO  server.RaftServerConfigKeys (ConfUtils.java:logGet(46)) - raft.server.watch.element-limit = 65536 (default)
2024-01-18 21:14:05,327 [32a26d97-b348-45bd-baf8-7e50e45a1152@group-DFF2D486F62C-SegmentedRaftLogWorker] INFO  segmented.BufferedWriteChannel (BufferedWriteChannel.java:open(62)) - open log_inprogress_0 at position 0
2024-01-18 21:14:05,327 [686b4373-3f6e-463e-bd5f-56c21a134faf@group-87F37CF8AE9F-LeaderElection21] INFO  server.RaftServerConfigKeys (ConfUtils.java:logGet(46)) - raft.server.read.leader.lease.enabled = false (default)
2024-01-18 21:14:05,327 [686b4373-3f6e-463e-bd5f-56c21a134faf@group-87F37CF8AE9F-LeaderElection21] INFO  server.RaftServerConfigKeys (ConfUtils.java:logGet(46)) - raft.server.read.leader.lease.timeout.ratio = 0.9 (default)
2024-01-18 21:14:05,331 [32a26d97-b348-45bd-baf8-7e50e45a1152@group-9C1FB521E04B-SegmentedRaftLogWorker] INFO  segmented.SegmentedRaftLogWorker (SegmentedRaftLogWorker.java:execute(634)) - 32a26d97-b348-45bd-baf8-7e50e45a1152@group-9C1FB521E04B-SegmentedRaftLogWorker: created new log segment /home/runner/work/ozone/ozone/hadoop-ozone/integration-test/target/test-dir/MiniOzoneClusterImpl-31edb46a-ccfd-4ac6-802d-5dd746a085ff/datanode-1/data/ratis/0af84123-911b-4927-b612-9c1fb521e04b/current/log_inprogress_0
2024-01-18 21:14:05,331 [32a26d97-b348-45bd-baf8-7e50e45a1152@group-DFF2D486F62C-LeaderElection19] INFO  server.RaftServer$Division (ServerState.java:setRaftConf(386)) - 32a26d97-b348-45bd-baf8-7e50e45a1152@group-DFF2D486F62C: set configuration 0: peers:[32a26d97-b348-45bd-baf8-7e50e45a1152|10.1.0.44:15112, 686b4373-3f6e-463e-bd5f-56c21a134faf|10.1.0.44:15121, a53a26a9-4fba-413e-b26a-f90ec9646c55|10.1.0.44:15103]|listeners:[], old=null
2024-01-18 21:14:05,336 [32a26d97-b348-45bd-baf8-7e50e45a1152@group-DFF2D486F62C-SegmentedRaftLogWorker] INFO  segmented.SegmentedRaftLogWorker (SegmentedRaftLogWorker.java:execute(634)) - 32a26d97-b348-45bd-baf8-7e50e45a1152@group-DFF2D486F62C-SegmentedRaftLogWorker: created new log segment /home/runner/work/ozone/ozone/hadoop-ozone/integration-test/target/test-dir/MiniOzoneClusterImpl-31edb46a-ccfd-4ac6-802d-5dd746a085ff/datanode-1/data/ratis/2d92b0f5-b558-4201-b326-dff2d486f62c/current/log_inprogress_0
2024-01-18 21:14:05,329 [EventQueue-PipelineReportForPipelineReportHandler] INFO  pipeline.PipelineReportHandler (PipelineReportHandler.java:processPipelineReport(136)) - Opened pipeline PipelineID=2d92b0f5-b558-4201-b326-dff2d486f62c
2024-01-18 21:14:05,336 [EventQueue-OpenPipelineForHealthyPipelineSafeModeRule] INFO  safemode.SCMSafeModeManager (HealthyPipelineSafeModeRule.java:process(140)) - SCM in safe mode. Healthy pipelines reported count is 1, required healthy pipeline reported count is 1
2024-01-18 21:14:05,336 [EventQueue-OpenPipelineForHealthyPipelineSafeModeRule] INFO  safemode.SCMSafeModeManager (SCMSafeModeManager.java:validateSafeModeExitRules(200)) - HealthyPipelineSafeModeRule rule is successfully validated
2024-01-18 21:14:05,336 [EventQueue-OpenPipelineForHealthyPipelineSafeModeRule] INFO  safemode.SCMSafeModeManager (SCMSafeModeManager.java:validateSafeModeExitRules(215)) - ScmSafeModeManager, all rules are successfully validated
2024-01-18 21:14:05,336 [EventQueue-OpenPipelineForHealthyPipelineSafeModeRule] INFO  safemode.SCMSafeModeManager (SCMSafeModeManager.java:exitSafeMode(244)) - SCM exiting safe mode.
2024-01-18 21:14:05,336 [EventQueue-OpenPipelineForHealthyPipelineSafeModeRule] INFO  ha.SCMContext (SCMContext.java:updateSafeModeStatus(230)) - Update SafeModeStatus from SafeModeStatus{safeModeStatus=true, preCheckPassed=true} to SafeModeStatus{safeModeStatus=false, preCheckPassed=true}.
2024-01-18 21:14:05,334 [686b4373-3f6e-463e-bd5f-56c21a134faf@group-87F37CF8AE9F-LeaderElection21] INFO  server.RaftServerConfigKeys (ConfUtils.java:logGet(46)) - raft.server.rpc.timeout.min = 5s (custom)
2024-01-18 21:14:05,336 [EventQueue-OpenPipelineForHealthyPipelineSafeModeRule] INFO  pipeline.BackgroundPipelineCreator (BackgroundPipelineCreator.java:notifyStatusChanged(258)) - Service BackgroundPipelineCreator transitions to RUNNING.
2024-01-18 21:14:05,336 [32a26d97-b348-45bd-baf8-7e50e45a1152@group-9C1FB521E04B-StateMachineUpdater] INFO  server.RaftServer$Division (LeaderStateImpl.java:isApplied(320)) - leader is ready since appliedIndex == 0 >= startIndex == 0
2024-01-18 21:14:05,336 [686b4373-3f6e-463e-bd5f-56c21a134faf@group-87F37CF8AE9F-LeaderElection21] INFO  server.RaftServerConfigKeys (ConfUtils.java:logGet(46)) - raft.server.write.element-limit = 1024 (custom)
2024-01-18 21:14:05,336 [EventQueue-OpenPipelineForHealthyPipelineSafeModeRule] INFO  BackgroundPipelineScrubber (BackgroundSCMService.java:notifyStatusChanged(82)) - Service BackgroundPipelineScrubber transitions to RUNNING.
2024-01-18 21:14:05,336 [EventQueue-OpenPipelineForHealthyPipelineSafeModeRule] INFO  ExpiredContainerReplicaOpScrubber (BackgroundSCMService.java:notifyStatusChanged(82)) - Service ExpiredContainerReplicaOpScrubber transitions to RUNNING.
2024-01-18 21:14:05,337 [EventQueue-OpenPipelineForHealthyPipelineSafeModeRule] INFO  block.SCMBlockDeletingService (SCMBlockDeletingService.java:notifyStatusChanged(247)) - notifyStatusChanged:RUNNING
2024-01-18 21:14:05,337 [EventQueue-OpenPipelineForHealthyPipelineSafeModeRule] INFO  replication.ReplicationManager (ReplicationManager.java:notifyStatusChanged(1401)) - Service ReplicationManager transitions to RUNNING.
2024-01-18 21:14:05,337 [EventQueue-OpenPipelineForHealthyPipelineSafeModeRule] WARN  balancer.ContainerBalancer (ContainerBalancer.java:shouldRun(134)) - Could not find persisted configuration for ContainerBalancer when checking if ContainerBalancer should run. ContainerBalancer should not run now.
2024-01-18 21:14:05,337 [686b4373-3f6e-463e-bd5f-56c21a134faf@group-87F37CF8AE9F-LeaderElection21] INFO  server.RaftServerConfigKeys (ConfUtils.java:logGet(46)) - raft.server.write.follower.gap.ratio.max = -1.0 (default)
2024-01-18 21:14:05,337 [686b4373-3f6e-463e-bd5f-56c21a134faf@group-87F37CF8AE9F-LeaderElection21] INFO  impl.RoleInfo (RoleInfo.java:updateAndGet(139)) - 686b4373-3f6e-463e-bd5f-56c21a134faf: start 686b4373-3f6e-463e-bd5f-56c21a134faf@group-87F37CF8AE9F-LeaderStateImpl
2024-01-18 21:14:05,337 [686b4373-3f6e-463e-bd5f-56c21a134faf@group-87F37CF8AE9F-LeaderElection21] INFO  server.RaftServer$Division (RaftServerImpl.java:setFirstElection(574)) - 686b4373-3f6e-463e-bd5f-56c21a134faf@group-87F37CF8AE9F: set firstElectionSinceStartup to false for becomeLeader
2024-01-18 21:14:05,338 [686b4373-3f6e-463e-bd5f-56c21a134faf@group-87F37CF8AE9F-LeaderElection21] INFO  ratis.XceiverServerRatis (XceiverServerRatis.java:handleLeaderChangedNotification(945)) - Leader change notification received for group: group-87F37CF8AE9F with new leaderId: 686b4373-3f6e-463e-bd5f-56c21a134faf
2024-01-18 21:14:05,342 [686b4373-3f6e-463e-bd5f-56c21a134faf@group-87F37CF8AE9F-LeaderElection21] INFO  server.RaftServer$Division (ServerState.java:setLeader(269)) - 686b4373-3f6e-463e-bd5f-56c21a134faf@group-87F37CF8AE9F: change Leader from null to 686b4373-3f6e-463e-bd5f-56c21a134faf at term 1 for becomeLeader, leader elected after 5063ms
2024-01-18 21:14:05,343 [686b4373-3f6e-463e-bd5f-56c21a134faf@group-87F37CF8AE9F-LeaderElection21] INFO  segmented.SegmentedRaftLogWorker (SegmentedRaftLogWorker.java:startLogSegment(430)) - 686b4373-3f6e-463e-bd5f-56c21a134faf@group-87F37CF8AE9F-SegmentedRaftLogWorker: Starting segment from index:0
2024-01-18 21:14:05,344 [686b4373-3f6e-463e-bd5f-56c21a134faf@group-87F37CF8AE9F-LeaderElection21] INFO  server.RaftServer$Division (ServerState.java:setRaftConf(386)) - 686b4373-3f6e-463e-bd5f-56c21a134faf@group-87F37CF8AE9F: set configuration 0: peers:[686b4373-3f6e-463e-bd5f-56c21a134faf|10.1.0.44:15121]|listeners:[], old=null
2024-01-18 21:14:05,344 [686b4373-3f6e-463e-bd5f-56c21a134faf@group-87F37CF8AE9F-SegmentedRaftLogWorker] INFO  segmented.BufferedWriteChannel (BufferedWriteChannel.java:open(62)) - open log_inprogress_0 at position 0
2024-01-18 21:14:05,354 [686b4373-3f6e-463e-bd5f-56c21a134faf@group-87F37CF8AE9F-SegmentedRaftLogWorker] INFO  segmented.SegmentedRaftLogWorker (SegmentedRaftLogWorker.java:execute(634)) - 686b4373-3f6e-463e-bd5f-56c21a134faf@group-87F37CF8AE9F-SegmentedRaftLogWorker: created new log segment /home/runner/work/ozone/ozone/hadoop-ozone/integration-test/target/test-dir/MiniOzoneClusterImpl-31edb46a-ccfd-4ac6-802d-5dd746a085ff/datanode-2/data/ratis/df38c558-01f9-429f-8cdf-87f37cf8ae9f/current/log_inprogress_0
2024-01-18 21:14:05,356 [a53a26a9-4fba-413e-b26a-f90ec9646c55-server-thread1] INFO  ratis.XceiverServerRatis (XceiverServerRatis.java:handleLeaderChangedNotification(945)) - Leader change notification received for group: group-DFF2D486F62C with new leaderId: 32a26d97-b348-45bd-baf8-7e50e45a1152
2024-01-18 21:14:05,356 [a53a26a9-4fba-413e-b26a-f90ec9646c55-server-thread1] INFO  server.RaftServer$Division (ServerState.java:setLeader(269)) - a53a26a9-4fba-413e-b26a-f90ec9646c55@group-DFF2D486F62C: change Leader from null to 32a26d97-b348-45bd-baf8-7e50e45a1152 at term 1 for appendEntries, leader elected after 5284ms
2024-01-18 21:14:05,361 [a53a26a9-4fba-413e-b26a-f90ec9646c55-server-thread1] INFO  server.RaftServer$Division (ServerState.java:setRaftConf(386)) - a53a26a9-4fba-413e-b26a-f90ec9646c55@group-DFF2D486F62C: set configuration 0: peers:[32a26d97-b348-45bd-baf8-7e50e45a1152|10.1.0.44:15112, 686b4373-3f6e-463e-bd5f-56c21a134faf|10.1.0.44:15121, a53a26a9-4fba-413e-b26a-f90ec9646c55|10.1.0.44:15103]|listeners:[], old=null
2024-01-18 21:14:05,361 [a53a26a9-4fba-413e-b26a-f90ec9646c55-server-thread1] INFO  segmented.SegmentedRaftLogWorker (SegmentedRaftLogWorker.java:startLogSegment(430)) - a53a26a9-4fba-413e-b26a-f90ec9646c55@group-DFF2D486F62C-SegmentedRaftLogWorker: Starting segment from index:0
2024-01-18 21:14:05,361 [a53a26a9-4fba-413e-b26a-f90ec9646c55@group-DFF2D486F62C-SegmentedRaftLogWorker] INFO  segmented.BufferedWriteChannel (BufferedWriteChannel.java:open(62)) - open log_inprogress_0 at position 0
2024-01-18 21:14:05,363 [686b4373-3f6e-463e-bd5f-56c21a134faf@group-87F37CF8AE9F-StateMachineUpdater] INFO  server.RaftServer$Division (LeaderStateImpl.java:isApplied(320)) - leader is ready since appliedIndex == 0 >= startIndex == 0
2024-01-18 21:14:05,368 [686b4373-3f6e-463e-bd5f-56c21a134faf-server-thread1] INFO  ratis.XceiverServerRatis (XceiverServerRatis.java:handleLeaderChangedNotification(945)) - Leader change notification received for group: group-DFF2D486F62C with new leaderId: 32a26d97-b348-45bd-baf8-7e50e45a1152
2024-01-18 21:14:05,368 [686b4373-3f6e-463e-bd5f-56c21a134faf-server-thread1] INFO  server.RaftServer$Division (ServerState.java:setLeader(269)) - 686b4373-3f6e-463e-bd5f-56c21a134faf@group-DFF2D486F62C: change Leader from null to 32a26d97-b348-45bd-baf8-7e50e45a1152 at term 1 for appendEntries, leader elected after 5271ms
2024-01-18 21:14:05,369 [686b4373-3f6e-463e-bd5f-56c21a134faf-server-thread2] INFO  server.RaftServer$Division (ServerState.java:setRaftConf(386)) - 686b4373-3f6e-463e-bd5f-56c21a134faf@group-DFF2D486F62C: set configuration 0: peers:[32a26d97-b348-45bd-baf8-7e50e45a1152|10.1.0.44:15112, 686b4373-3f6e-463e-bd5f-56c21a134faf|10.1.0.44:15121, a53a26a9-4fba-413e-b26a-f90ec9646c55|10.1.0.44:15103]|listeners:[], old=null
2024-01-18 21:14:05,369 [686b4373-3f6e-463e-bd5f-56c21a134faf-server-thread2] INFO  segmented.SegmentedRaftLogWorker (SegmentedRaftLogWorker.java:startLogSegment(430)) - 686b4373-3f6e-463e-bd5f-56c21a134faf@group-DFF2D486F62C-SegmentedRaftLogWorker: Starting segment from index:0
2024-01-18 21:14:05,369 [686b4373-3f6e-463e-bd5f-56c21a134faf@group-DFF2D486F62C-SegmentedRaftLogWorker] INFO  segmented.BufferedWriteChannel (BufferedWriteChannel.java:open(62)) - open log_inprogress_0 at position 0
2024-01-18 21:14:05,370 [a53a26a9-4fba-413e-b26a-f90ec9646c55@group-DFF2D486F62C-SegmentedRaftLogWorker] INFO  segmented.SegmentedRaftLogWorker (SegmentedRaftLogWorker.java:execute(634)) - a53a26a9-4fba-413e-b26a-f90ec9646c55@group-DFF2D486F62C-SegmentedRaftLogWorker: created new log segment /home/runner/work/ozone/ozone/hadoop-ozone/integration-test/target/test-dir/MiniOzoneClusterImpl-31edb46a-ccfd-4ac6-802d-5dd746a085ff/datanode-0/data/ratis/2d92b0f5-b558-4201-b326-dff2d486f62c/current/log_inprogress_0
2024-01-18 21:14:05,376 [32a26d97-b348-45bd-baf8-7e50e45a1152@group-DFF2D486F62C-StateMachineUpdater] INFO  server.RaftServer$Division (LeaderStateImpl.java:isApplied(320)) - leader is ready since appliedIndex == 0 >= startIndex == 0
2024-01-18 21:14:05,376 [686b4373-3f6e-463e-bd5f-56c21a134faf@group-DFF2D486F62C-SegmentedRaftLogWorker] INFO  segmented.SegmentedRaftLogWorker (SegmentedRaftLogWorker.java:execute(634)) - 686b4373-3f6e-463e-bd5f-56c21a134faf@group-DFF2D486F62C-SegmentedRaftLogWorker: created new log segment /home/runner/work/ozone/ozone/hadoop-ozone/integration-test/target/test-dir/MiniOzoneClusterImpl-31edb46a-ccfd-4ac6-802d-5dd746a085ff/datanode-2/data/ratis/2d92b0f5-b558-4201-b326-dff2d486f62c/current/log_inprogress_0
2024-01-18 21:14:05,491 [655b4849-f6c7-42ce-9d2b-be9b96fb5c65@group-2480BA639082-FollowerState] INFO  impl.FollowerState (FollowerState.java:run(143)) - 655b4849-f6c7-42ce-9d2b-be9b96fb5c65@group-2480BA639082-FollowerState: change to CANDIDATE, lastRpcElapsedTime:5071387895ns, electionTimeout:5070ms
2024-01-18 21:14:05,491 [655b4849-f6c7-42ce-9d2b-be9b96fb5c65@group-2480BA639082-FollowerState] INFO  impl.RoleInfo (RoleInfo.java:shutdownFollowerState(110)) - 655b4849-f6c7-42ce-9d2b-be9b96fb5c65: shutdown 655b4849-f6c7-42ce-9d2b-be9b96fb5c65@group-2480BA639082-FollowerState
2024-01-18 21:14:05,491 [655b4849-f6c7-42ce-9d2b-be9b96fb5c65@group-2480BA639082-FollowerState] INFO  server.RaftServer$Division (RaftServerImpl.java:setRole(383)) - 655b4849-f6c7-42ce-9d2b-be9b96fb5c65@group-2480BA639082: changes role from  FOLLOWER to CANDIDATE at term 0 for changeToCandidate
2024-01-18 21:14:05,492 [655b4849-f6c7-42ce-9d2b-be9b96fb5c65@group-2480BA639082-FollowerState] INFO  server.RaftServerConfigKeys (ConfUtils.java:logGet(46)) - raft.server.leaderelection.pre-vote = true (default)
2024-01-18 21:14:05,492 [655b4849-f6c7-42ce-9d2b-be9b96fb5c65@group-2480BA639082-FollowerState] INFO  impl.RoleInfo (RoleInfo.java:updateAndGet(139)) - 655b4849-f6c7-42ce-9d2b-be9b96fb5c65: start 655b4849-f6c7-42ce-9d2b-be9b96fb5c65@group-2480BA639082-LeaderElection22
2024-01-18 21:14:05,494 [655b4849-f6c7-42ce-9d2b-be9b96fb5c65@group-2480BA639082-LeaderElection22] INFO  impl.LeaderElection (LeaderElection.java:askForVotes(321)) - 655b4849-f6c7-42ce-9d2b-be9b96fb5c65@group-2480BA639082-LeaderElection22 PRE_VOTE round 0: submit vote requests at term 0 for -1: peers:[655b4849-f6c7-42ce-9d2b-be9b96fb5c65|10.1.0.44:15130]|listeners:[], old=null
2024-01-18 21:14:05,494 [655b4849-f6c7-42ce-9d2b-be9b96fb5c65@group-2480BA639082-LeaderElection22] INFO  impl.LeaderElection (LeaderElection.java:askForVotes(323)) - 655b4849-f6c7-42ce-9d2b-be9b96fb5c65@group-2480BA639082-LeaderElection22 PRE_VOTE round 0: result PASSED (term=0)
2024-01-18 21:14:05,495 [655b4849-f6c7-42ce-9d2b-be9b96fb5c65@group-2480BA639082-LeaderElection22] INFO  impl.LeaderElection (LeaderElection.java:askForVotes(321)) - 655b4849-f6c7-42ce-9d2b-be9b96fb5c65@group-2480BA639082-LeaderElection22 ELECTION round 0: submit vote requests at term 1 for -1: peers:[655b4849-f6c7-42ce-9d2b-be9b96fb5c65|10.1.0.44:15130]|listeners:[], old=null
2024-01-18 21:14:05,495 [655b4849-f6c7-42ce-9d2b-be9b96fb5c65@group-2480BA639082-LeaderElection22] INFO  impl.LeaderElection (LeaderElection.java:askForVotes(323)) - 655b4849-f6c7-42ce-9d2b-be9b96fb5c65@group-2480BA639082-LeaderElection22 ELECTION round 0: result PASSED (term=1)
2024-01-18 21:14:05,495 [655b4849-f6c7-42ce-9d2b-be9b96fb5c65@group-2480BA639082-LeaderElection22] INFO  impl.RoleInfo (RoleInfo.java:shutdownLeaderElection(130)) - 655b4849-f6c7-42ce-9d2b-be9b96fb5c65: shutdown 655b4849-f6c7-42ce-9d2b-be9b96fb5c65@group-2480BA639082-LeaderElection22
2024-01-18 21:14:05,495 [655b4849-f6c7-42ce-9d2b-be9b96fb5c65@group-2480BA639082-LeaderElection22] INFO  server.RaftServer$Division (RaftServerImpl.java:setRole(383)) - 655b4849-f6c7-42ce-9d2b-be9b96fb5c65@group-2480BA639082: changes role from CANDIDATE to LEADER at term 1 for changeToLeader
2024-01-18 21:14:05,495 [655b4849-f6c7-42ce-9d2b-be9b96fb5c65@group-2480BA639082-LeaderElection22] INFO  server.RaftServerConfigKeys (ConfUtils.java:logGet(46)) - raft.server.staging.catchup.gap = 1000 (default)
2024-01-18 21:14:05,495 [655b4849-f6c7-42ce-9d2b-be9b96fb5c65@group-2480BA639082-LeaderElection22] INFO  server.RaftServerConfigKeys (ConfUtils.java:logGet(46)) - raft.server.write.element-limit = 1024 (custom)
2024-01-18 21:14:05,496 [655b4849-f6c7-42ce-9d2b-be9b96fb5c65@group-2480BA639082-LeaderElection22] INFO  server.RaftServerConfigKeys (ConfUtils.java:logGet(46)) - raft.server.write.byte-limit = 1024 M (=1073741824) (custom)
2024-01-18 21:14:05,496 [655b4849-f6c7-42ce-9d2b-be9b96fb5c65@group-2480BA639082-LeaderElection22] INFO  server.RaftServerConfigKeys (ConfUtils.java:logGet(46)) - raft.server.watch.timeout = 3000ms (custom)
2024-01-18 21:14:05,496 [655b4849-f6c7-42ce-9d2b-be9b96fb5c65@group-2480BA639082-LeaderElection22] INFO  server.RaftServerConfigKeys (ConfUtils.java:logGet(46)) - raft.server.watch.timeout.denomination = 1s (default)
2024-01-18 21:14:05,496 [655b4849-f6c7-42ce-9d2b-be9b96fb5c65@group-2480BA639082-LeaderElection22] INFO  server.RaftServerConfigKeys (ConfUtils.java:logGet(46)) - raft.server.watch.element-limit = 65536 (default)
2024-01-18 21:14:05,496 [655b4849-f6c7-42ce-9d2b-be9b96fb5c65@group-2480BA639082-LeaderElection22] INFO  server.RaftServerConfigKeys (ConfUtils.java:logGet(46)) - raft.server.read.leader.lease.enabled = false (default)
2024-01-18 21:14:05,496 [655b4849-f6c7-42ce-9d2b-be9b96fb5c65@group-2480BA639082-LeaderElection22] INFO  server.RaftServerConfigKeys (ConfUtils.java:logGet(46)) - raft.server.read.leader.lease.timeout.ratio = 0.9 (default)
2024-01-18 21:14:05,496 [655b4849-f6c7-42ce-9d2b-be9b96fb5c65@group-2480BA639082-LeaderElection22] INFO  server.RaftServerConfigKeys (ConfUtils.java:logGet(46)) - raft.server.rpc.timeout.min = 5s (custom)
2024-01-18 21:14:05,496 [655b4849-f6c7-42ce-9d2b-be9b96fb5c65@group-2480BA639082-LeaderElection22] INFO  server.RaftServerConfigKeys (ConfUtils.java:logGet(46)) - raft.server.write.element-limit = 1024 (custom)
2024-01-18 21:14:05,496 [655b4849-f6c7-42ce-9d2b-be9b96fb5c65@group-2480BA639082-LeaderElection22] INFO  server.RaftServerConfigKeys (ConfUtils.java:logGet(46)) - raft.server.write.follower.gap.ratio.max = -1.0 (default)
2024-01-18 21:14:05,496 [655b4849-f6c7-42ce-9d2b-be9b96fb5c65@group-2480BA639082-LeaderElection22] INFO  impl.RoleInfo (RoleInfo.java:updateAndGet(139)) - 655b4849-f6c7-42ce-9d2b-be9b96fb5c65: start 655b4849-f6c7-42ce-9d2b-be9b96fb5c65@group-2480BA639082-LeaderStateImpl
2024-01-18 21:14:05,496 [655b4849-f6c7-42ce-9d2b-be9b96fb5c65@group-2480BA639082-LeaderElection22] INFO  server.RaftServer$Division (RaftServerImpl.java:setFirstElection(574)) - 655b4849-f6c7-42ce-9d2b-be9b96fb5c65@group-2480BA639082: set firstElectionSinceStartup to false for becomeLeader
2024-01-18 21:14:05,496 [655b4849-f6c7-42ce-9d2b-be9b96fb5c65@group-2480BA639082-LeaderElection22] INFO  ratis.XceiverServerRatis (XceiverServerRatis.java:handleLeaderChangedNotification(945)) - Leader change notification received for group: group-2480BA639082 with new leaderId: 655b4849-f6c7-42ce-9d2b-be9b96fb5c65
2024-01-18 21:14:05,497 [655b4849-f6c7-42ce-9d2b-be9b96fb5c65@group-2480BA639082-LeaderElection22] INFO  server.RaftServer$Division (ServerState.java:setLeader(269)) - 655b4849-f6c7-42ce-9d2b-be9b96fb5c65@group-2480BA639082: change Leader from null to 655b4849-f6c7-42ce-9d2b-be9b96fb5c65 at term 1 for becomeLeader, leader elected after 5093ms
2024-01-18 21:14:05,497 [655b4849-f6c7-42ce-9d2b-be9b96fb5c65@group-2480BA639082-LeaderElection22] INFO  segmented.SegmentedRaftLogWorker (SegmentedRaftLogWorker.java:startLogSegment(430)) - 655b4849-f6c7-42ce-9d2b-be9b96fb5c65@group-2480BA639082-SegmentedRaftLogWorker: Starting segment from index:0
2024-01-18 21:14:05,497 [655b4849-f6c7-42ce-9d2b-be9b96fb5c65@group-2480BA639082-SegmentedRaftLogWorker] INFO  segmented.BufferedWriteChannel (BufferedWriteChannel.java:open(62)) - open log_inprogress_0 at position 0
2024-01-18 21:14:05,498 [655b4849-f6c7-42ce-9d2b-be9b96fb5c65@group-2480BA639082-LeaderElection22] INFO  server.RaftServer$Division (ServerState.java:setRaftConf(386)) - 655b4849-f6c7-42ce-9d2b-be9b96fb5c65@group-2480BA639082: set configuration 0: peers:[655b4849-f6c7-42ce-9d2b-be9b96fb5c65|10.1.0.44:15130]|listeners:[], old=null
2024-01-18 21:14:05,499 [655b4849-f6c7-42ce-9d2b-be9b96fb5c65@group-BA0DAAC0BCDC-FollowerState] INFO  impl.FollowerState (FollowerState.java:run(143)) - 655b4849-f6c7-42ce-9d2b-be9b96fb5c65@group-BA0DAAC0BCDC-FollowerState: change to CANDIDATE, lastRpcElapsedTime:5062079751ns, electionTimeout:5061ms
2024-01-18 21:14:05,499 [655b4849-f6c7-42ce-9d2b-be9b96fb5c65@group-BA0DAAC0BCDC-FollowerState] INFO  impl.RoleInfo (RoleInfo.java:shutdownFollowerState(110)) - 655b4849-f6c7-42ce-9d2b-be9b96fb5c65: shutdown 655b4849-f6c7-42ce-9d2b-be9b96fb5c65@group-BA0DAAC0BCDC-FollowerState
2024-01-18 21:14:05,499 [655b4849-f6c7-42ce-9d2b-be9b96fb5c65@group-BA0DAAC0BCDC-FollowerState] INFO  server.RaftServer$Division (RaftServerImpl.java:setRole(383)) - 655b4849-f6c7-42ce-9d2b-be9b96fb5c65@group-BA0DAAC0BCDC: changes role from  FOLLOWER to CANDIDATE at term 0 for changeToCandidate
2024-01-18 21:14:05,499 [655b4849-f6c7-42ce-9d2b-be9b96fb5c65@group-BA0DAAC0BCDC-FollowerState] INFO  server.RaftServerConfigKeys (ConfUtils.java:logGet(46)) - raft.server.leaderelection.pre-vote = true (default)
2024-01-18 21:14:05,499 [655b4849-f6c7-42ce-9d2b-be9b96fb5c65@group-BA0DAAC0BCDC-FollowerState] INFO  impl.RoleInfo (RoleInfo.java:updateAndGet(139)) - 655b4849-f6c7-42ce-9d2b-be9b96fb5c65: start 655b4849-f6c7-42ce-9d2b-be9b96fb5c65@group-BA0DAAC0BCDC-LeaderElection23
2024-01-18 21:14:05,502 [655b4849-f6c7-42ce-9d2b-be9b96fb5c65@group-BA0DAAC0BCDC-LeaderElection23] INFO  impl.LeaderElection (LeaderElection.java:askForVotes(321)) - 655b4849-f6c7-42ce-9d2b-be9b96fb5c65@group-BA0DAAC0BCDC-LeaderElection23 PRE_VOTE round 0: submit vote requests at term 0 for -1: peers:[d7bd62da-9eff-4c5a-9810-dab6199e7b8e|10.1.0.44:15139, 2a2b30f3-c6d3-4b10-97ff-b0c22fa05b40|10.1.0.44:15148, 655b4849-f6c7-42ce-9d2b-be9b96fb5c65|10.1.0.44:15130]|listeners:[], old=null
2024-01-18 21:14:05,502 [655b4849-f6c7-42ce-9d2b-be9b96fb5c65@group-BA0DAAC0BCDC-LeaderElection23-1] INFO  server.GrpcServerProtocolClient (GrpcServerProtocolClient.java:<init>(65)) - Build channel for d7bd62da-9eff-4c5a-9810-dab6199e7b8e|10.1.0.44:15139
2024-01-18 21:14:05,504 [655b4849-f6c7-42ce-9d2b-be9b96fb5c65@group-BA0DAAC0BCDC-LeaderElection23] INFO  server.RaftServerConfigKeys (ConfUtils.java:logFallback(53)) - raft.server.rpc.first-election.timeout.min = 5s (fallback to raft.server.rpc.timeout.min)
2024-01-18 21:14:05,504 [655b4849-f6c7-42ce-9d2b-be9b96fb5c65@group-BA0DAAC0BCDC-LeaderElection23] INFO  server.RaftServerConfigKeys (ConfUtils.java:logFallback(53)) - raft.server.rpc.first-election.timeout.max = 5200ms (fallback to raft.server.rpc.timeout.max)
2024-01-18 21:14:05,504 [655b4849-f6c7-42ce-9d2b-be9b96fb5c65@group-BA0DAAC0BCDC-LeaderElection23-2] INFO  server.GrpcServerProtocolClient (GrpcServerProtocolClient.java:<init>(65)) - Build channel for 2a2b30f3-c6d3-4b10-97ff-b0c22fa05b40|10.1.0.44:15148
2024-01-18 21:14:05,509 [655b4849-f6c7-42ce-9d2b-be9b96fb5c65@group-2480BA639082-SegmentedRaftLogWorker] INFO  segmented.SegmentedRaftLogWorker (SegmentedRaftLogWorker.java:execute(634)) - 655b4849-f6c7-42ce-9d2b-be9b96fb5c65@group-2480BA639082-SegmentedRaftLogWorker: created new log segment /home/runner/work/ozone/ozone/hadoop-ozone/integration-test/target/test-dir/MiniOzoneClusterImpl-31edb46a-ccfd-4ac6-802d-5dd746a085ff/datanode-3/data/ratis/c2a6545c-c959-4ac6-8c71-2480ba639082/current/log_inprogress_0
2024-01-18 21:14:05,509 [grpc-default-executor-3] INFO  server.RaftServer$Division (RaftServerImpl.java:requestVote(1389)) - 2a2b30f3-c6d3-4b10-97ff-b0c22fa05b40@group-BA0DAAC0BCDC: receive requestVote(PRE_VOTE, 655b4849-f6c7-42ce-9d2b-be9b96fb5c65, group-BA0DAAC0BCDC, 0, (t:0, i:0))
2024-01-18 21:14:05,509 [grpc-default-executor-3] INFO  impl.VoteContext (VoteContext.java:log(49)) - 2a2b30f3-c6d3-4b10-97ff-b0c22fa05b40@group-BA0DAAC0BCDC-FOLLOWER: accept PRE_VOTE from 655b4849-f6c7-42ce-9d2b-be9b96fb5c65: our priority 0 <= candidate's priority 0
2024-01-18 21:14:05,509 [grpc-default-executor-3] INFO  server.RaftServer$Division (RaftServerImpl.java:requestVote(1422)) - 2a2b30f3-c6d3-4b10-97ff-b0c22fa05b40@group-BA0DAAC0BCDC replies to PRE_VOTE vote request: 655b4849-f6c7-42ce-9d2b-be9b96fb5c65<-2a2b30f3-c6d3-4b10-97ff-b0c22fa05b40#0:OK-t0. Peer's state: 2a2b30f3-c6d3-4b10-97ff-b0c22fa05b40@group-BA0DAAC0BCDC:t0, leader=null, voted=, raftlog=Memoized:2a2b30f3-c6d3-4b10-97ff-b0c22fa05b40@group-BA0DAAC0BCDC-SegmentedRaftLog:OPENED:c-1, conf=-1: peers:[d7bd62da-9eff-4c5a-9810-dab6199e7b8e|10.1.0.44:15139, 2a2b30f3-c6d3-4b10-97ff-b0c22fa05b40|10.1.0.44:15148, 655b4849-f6c7-42ce-9d2b-be9b96fb5c65|10.1.0.44:15130]|listeners:[], old=null
2024-01-18 21:14:05,511 [grpc-default-executor-4] INFO  server.RaftServer$Division (RaftServerImpl.java:requestVote(1389)) - d7bd62da-9eff-4c5a-9810-dab6199e7b8e@group-BA0DAAC0BCDC: receive requestVote(PRE_VOTE, 655b4849-f6c7-42ce-9d2b-be9b96fb5c65, group-BA0DAAC0BCDC, 0, (t:0, i:0))
2024-01-18 21:14:05,511 [grpc-default-executor-4] INFO  impl.VoteContext (VoteContext.java:log(49)) - d7bd62da-9eff-4c5a-9810-dab6199e7b8e@group-BA0DAAC0BCDC-FOLLOWER: reject PRE_VOTE from 655b4849-f6c7-42ce-9d2b-be9b96fb5c65: our priority 1 > candidate's priority 0
2024-01-18 21:14:05,511 [655b4849-f6c7-42ce-9d2b-be9b96fb5c65@group-2480BA639082-StateMachineUpdater] INFO  server.RaftServer$Division (LeaderStateImpl.java:isApplied(320)) - leader is ready since appliedIndex == 0 >= startIndex == 0
2024-01-18 21:14:05,511 [grpc-default-executor-4] INFO  server.RaftServer$Division (RaftServerImpl.java:requestVote(1422)) - d7bd62da-9eff-4c5a-9810-dab6199e7b8e@group-BA0DAAC0BCDC replies to PRE_VOTE vote request: 655b4849-f6c7-42ce-9d2b-be9b96fb5c65<-d7bd62da-9eff-4c5a-9810-dab6199e7b8e#0:FAIL-t0. Peer's state: d7bd62da-9eff-4c5a-9810-dab6199e7b8e@group-BA0DAAC0BCDC:t0, leader=null, voted=, raftlog=Memoized:d7bd62da-9eff-4c5a-9810-dab6199e7b8e@group-BA0DAAC0BCDC-SegmentedRaftLog:OPENED:c-1, conf=-1: peers:[d7bd62da-9eff-4c5a-9810-dab6199e7b8e|10.1.0.44:15139, 2a2b30f3-c6d3-4b10-97ff-b0c22fa05b40|10.1.0.44:15148, 655b4849-f6c7-42ce-9d2b-be9b96fb5c65|10.1.0.44:15130]|listeners:[], old=null
2024-01-18 21:14:05,513 [655b4849-f6c7-42ce-9d2b-be9b96fb5c65@group-BA0DAAC0BCDC-LeaderElection23] INFO  impl.LeaderElection (LeaderElection.java:logAndReturn(89)) - 655b4849-f6c7-42ce-9d2b-be9b96fb5c65@group-BA0DAAC0BCDC-LeaderElection23: PRE_VOTE REJECTED received 2 response(s) and 0 exception(s):
2024-01-18 21:14:05,513 [655b4849-f6c7-42ce-9d2b-be9b96fb5c65@group-BA0DAAC0BCDC-LeaderElection23] INFO  impl.LeaderElection (LeaderElection.java:logAndReturn(93)) -   Response 0: 655b4849-f6c7-42ce-9d2b-be9b96fb5c65<-d7bd62da-9eff-4c5a-9810-dab6199e7b8e#0:FAIL-t0
2024-01-18 21:14:05,513 [655b4849-f6c7-42ce-9d2b-be9b96fb5c65@group-BA0DAAC0BCDC-LeaderElection23] INFO  impl.LeaderElection (LeaderElection.java:logAndReturn(93)) -   Response 1: 655b4849-f6c7-42ce-9d2b-be9b96fb5c65<-2a2b30f3-c6d3-4b10-97ff-b0c22fa05b40#0:OK-t0
2024-01-18 21:14:05,513 [655b4849-f6c7-42ce-9d2b-be9b96fb5c65@group-BA0DAAC0BCDC-LeaderElection23] INFO  impl.LeaderElection (LeaderElection.java:askForVotes(323)) - 655b4849-f6c7-42ce-9d2b-be9b96fb5c65@group-BA0DAAC0BCDC-LeaderElection23 PRE_VOTE round 0: result REJECTED
2024-01-18 21:14:05,513 [655b4849-f6c7-42ce-9d2b-be9b96fb5c65@group-BA0DAAC0BCDC-LeaderElection23] INFO  server.RaftServer$Division (RaftServerImpl.java:setRole(383)) - 655b4849-f6c7-42ce-9d2b-be9b96fb5c65@group-BA0DAAC0BCDC: changes role from CANDIDATE to FOLLOWER at term 0 for REJECTED
2024-01-18 21:14:05,513 [655b4849-f6c7-42ce-9d2b-be9b96fb5c65@group-BA0DAAC0BCDC-LeaderElection23] INFO  impl.RoleInfo (RoleInfo.java:shutdownLeaderElection(130)) - 655b4849-f6c7-42ce-9d2b-be9b96fb5c65: shutdown 655b4849-f6c7-42ce-9d2b-be9b96fb5c65@group-BA0DAAC0BCDC-LeaderElection23
2024-01-18 21:14:05,513 [655b4849-f6c7-42ce-9d2b-be9b96fb5c65@group-BA0DAAC0BCDC-LeaderElection23] INFO  impl.RoleInfo (RoleInfo.java:updateAndGet(139)) - 655b4849-f6c7-42ce-9d2b-be9b96fb5c65: start 655b4849-f6c7-42ce-9d2b-be9b96fb5c65@group-BA0DAAC0BCDC-FollowerState
2024-01-18 21:14:05,514 [655b4849-f6c7-42ce-9d2b-be9b96fb5c65@group-BA0DAAC0BCDC-LeaderElection23] INFO  server.RaftServer$Division (RaftServerImpl.java:setFirstElection(574)) - 655b4849-f6c7-42ce-9d2b-be9b96fb5c65@group-BA0DAAC0BCDC: set firstElectionSinceStartup to false for REJECTED
2024-01-18 21:14:05,609 [2a2b30f3-c6d3-4b10-97ff-b0c22fa05b40@group-BA0DAAC0BCDC-FollowerState] INFO  server.RaftServerConfigKeys (ConfUtils.java:logFallback(53)) - raft.server.rpc.first-election.timeout.min = 5s (fallback to raft.server.rpc.timeout.min)
2024-01-18 21:14:05,609 [2a2b30f3-c6d3-4b10-97ff-b0c22fa05b40@group-BA0DAAC0BCDC-FollowerState] INFO  server.RaftServerConfigKeys (ConfUtils.java:logFallback(53)) - raft.server.rpc.first-election.timeout.max = 5200ms (fallback to raft.server.rpc.timeout.max)
2024-01-18 21:14:05,617 [d7bd62da-9eff-4c5a-9810-dab6199e7b8e@group-BA0DAAC0BCDC-FollowerState] INFO  impl.FollowerState (FollowerState.java:run(143)) - d7bd62da-9eff-4c5a-9810-dab6199e7b8e@group-BA0DAAC0BCDC-FollowerState: change to CANDIDATE, lastRpcElapsedTime:5128218413ns, electionTimeout:5126ms
2024-01-18 21:14:05,617 [d7bd62da-9eff-4c5a-9810-dab6199e7b8e@group-BA0DAAC0BCDC-FollowerState] INFO  impl.RoleInfo (RoleInfo.java:shutdownFollowerState(110)) - d7bd62da-9eff-4c5a-9810-dab6199e7b8e: shutdown d7bd62da-9eff-4c5a-9810-dab6199e7b8e@group-BA0DAAC0BCDC-FollowerState
2024-01-18 21:14:05,617 [d7bd62da-9eff-4c5a-9810-dab6199e7b8e@group-BA0DAAC0BCDC-FollowerState] INFO  server.RaftServer$Division (RaftServerImpl.java:setRole(383)) - d7bd62da-9eff-4c5a-9810-dab6199e7b8e@group-BA0DAAC0BCDC: changes role from  FOLLOWER to CANDIDATE at term 0 for changeToCandidate
2024-01-18 21:14:05,617 [d7bd62da-9eff-4c5a-9810-dab6199e7b8e@group-BA0DAAC0BCDC-FollowerState] INFO  server.RaftServerConfigKeys (ConfUtils.java:logGet(46)) - raft.server.leaderelection.pre-vote = true (default)
2024-01-18 21:14:05,617 [d7bd62da-9eff-4c5a-9810-dab6199e7b8e@group-BA0DAAC0BCDC-FollowerState] INFO  impl.RoleInfo (RoleInfo.java:updateAndGet(139)) - d7bd62da-9eff-4c5a-9810-dab6199e7b8e: start d7bd62da-9eff-4c5a-9810-dab6199e7b8e@group-BA0DAAC0BCDC-LeaderElection24
2024-01-18 21:14:05,618 [d7bd62da-9eff-4c5a-9810-dab6199e7b8e@group-BA0DAAC0BCDC-LeaderElection24] INFO  impl.LeaderElection (LeaderElection.java:askForVotes(321)) - d7bd62da-9eff-4c5a-9810-dab6199e7b8e@group-BA0DAAC0BCDC-LeaderElection24 PRE_VOTE round 0: submit vote requests at term 0 for -1: peers:[d7bd62da-9eff-4c5a-9810-dab6199e7b8e|10.1.0.44:15139, 2a2b30f3-c6d3-4b10-97ff-b0c22fa05b40|10.1.0.44:15148, 655b4849-f6c7-42ce-9d2b-be9b96fb5c65|10.1.0.44:15130]|listeners:[], old=null
2024-01-18 21:14:05,618 [d7bd62da-9eff-4c5a-9810-dab6199e7b8e@group-BA0DAAC0BCDC-LeaderElection24-1] INFO  server.GrpcServerProtocolClient (GrpcServerProtocolClient.java:<init>(65)) - Build channel for 2a2b30f3-c6d3-4b10-97ff-b0c22fa05b40|10.1.0.44:15148
2024-01-18 21:14:05,618 [d7bd62da-9eff-4c5a-9810-dab6199e7b8e@group-BA0DAAC0BCDC-LeaderElection24-2] INFO  server.GrpcServerProtocolClient (GrpcServerProtocolClient.java:<init>(65)) - Build channel for 655b4849-f6c7-42ce-9d2b-be9b96fb5c65|10.1.0.44:15130
2024-01-18 21:14:05,618 [d7bd62da-9eff-4c5a-9810-dab6199e7b8e@group-BA0DAAC0BCDC-LeaderElection24] INFO  server.RaftServerConfigKeys (ConfUtils.java:logFallback(53)) - raft.server.rpc.first-election.timeout.min = 5s (fallback to raft.server.rpc.timeout.min)
2024-01-18 21:14:05,620 [d7bd62da-9eff-4c5a-9810-dab6199e7b8e@group-BA0DAAC0BCDC-LeaderElection24] INFO  server.RaftServerConfigKeys (ConfUtils.java:logFallback(53)) - raft.server.rpc.first-election.timeout.max = 5200ms (fallback to raft.server.rpc.timeout.max)
2024-01-18 21:14:05,624 [grpc-default-executor-3] INFO  server.RaftServer$Division (RaftServerImpl.java:requestVote(1389)) - 2a2b30f3-c6d3-4b10-97ff-b0c22fa05b40@group-BA0DAAC0BCDC: receive requestVote(PRE_VOTE, d7bd62da-9eff-4c5a-9810-dab6199e7b8e, group-BA0DAAC0BCDC, 0, (t:0, i:0))
2024-01-18 21:14:05,625 [grpc-default-executor-3] INFO  impl.VoteContext (VoteContext.java:log(49)) - 2a2b30f3-c6d3-4b10-97ff-b0c22fa05b40@group-BA0DAAC0BCDC-FOLLOWER: accept PRE_VOTE from d7bd62da-9eff-4c5a-9810-dab6199e7b8e: our priority 0 <= candidate's priority 1
2024-01-18 21:14:05,625 [grpc-default-executor-3] INFO  server.RaftServer$Division (RaftServerImpl.java:requestVote(1422)) - 2a2b30f3-c6d3-4b10-97ff-b0c22fa05b40@group-BA0DAAC0BCDC replies to PRE_VOTE vote request: d7bd62da-9eff-4c5a-9810-dab6199e7b8e<-2a2b30f3-c6d3-4b10-97ff-b0c22fa05b40#0:OK-t0. Peer's state: 2a2b30f3-c6d3-4b10-97ff-b0c22fa05b40@group-BA0DAAC0BCDC:t0, leader=null, voted=, raftlog=Memoized:2a2b30f3-c6d3-4b10-97ff-b0c22fa05b40@group-BA0DAAC0BCDC-SegmentedRaftLog:OPENED:c-1, conf=-1: peers:[d7bd62da-9eff-4c5a-9810-dab6199e7b8e|10.1.0.44:15139, 2a2b30f3-c6d3-4b10-97ff-b0c22fa05b40|10.1.0.44:15148, 655b4849-f6c7-42ce-9d2b-be9b96fb5c65|10.1.0.44:15130]|listeners:[], old=null
2024-01-18 21:14:05,625 [grpc-default-executor-4] INFO  server.RaftServer$Division (RaftServerImpl.java:requestVote(1389)) - 655b4849-f6c7-42ce-9d2b-be9b96fb5c65@group-BA0DAAC0BCDC: receive requestVote(PRE_VOTE, d7bd62da-9eff-4c5a-9810-dab6199e7b8e, group-BA0DAAC0BCDC, 0, (t:0, i:0))
2024-01-18 21:14:05,625 [grpc-default-executor-4] INFO  impl.VoteContext (VoteContext.java:log(49)) - 655b4849-f6c7-42ce-9d2b-be9b96fb5c65@group-BA0DAAC0BCDC-FOLLOWER: accept PRE_VOTE from d7bd62da-9eff-4c5a-9810-dab6199e7b8e: our priority 0 <= candidate's priority 1
2024-01-18 21:14:05,625 [grpc-default-executor-4] INFO  server.RaftServer$Division (RaftServerImpl.java:requestVote(1422)) - 655b4849-f6c7-42ce-9d2b-be9b96fb5c65@group-BA0DAAC0BCDC replies to PRE_VOTE vote request: d7bd62da-9eff-4c5a-9810-dab6199e7b8e<-655b4849-f6c7-42ce-9d2b-be9b96fb5c65#0:OK-t0. Peer's state: 655b4849-f6c7-42ce-9d2b-be9b96fb5c65@group-BA0DAAC0BCDC:t0, leader=null, voted=, raftlog=Memoized:655b4849-f6c7-42ce-9d2b-be9b96fb5c65@group-BA0DAAC0BCDC-SegmentedRaftLog:OPENED:c-1, conf=-1: peers:[d7bd62da-9eff-4c5a-9810-dab6199e7b8e|10.1.0.44:15139, 2a2b30f3-c6d3-4b10-97ff-b0c22fa05b40|10.1.0.44:15148, 655b4849-f6c7-42ce-9d2b-be9b96fb5c65|10.1.0.44:15130]|listeners:[], old=null
2024-01-18 21:14:05,628 [d7bd62da-9eff-4c5a-9810-dab6199e7b8e@group-BA0DAAC0BCDC-LeaderElection24] INFO  impl.LeaderElection (LeaderElection.java:logAndReturn(89)) - d7bd62da-9eff-4c5a-9810-dab6199e7b8e@group-BA0DAAC0BCDC-LeaderElection24: PRE_VOTE PASSED received 1 response(s) and 0 exception(s):
2024-01-18 21:14:05,628 [d7bd62da-9eff-4c5a-9810-dab6199e7b8e@group-BA0DAAC0BCDC-LeaderElection24] INFO  impl.LeaderElection (LeaderElection.java:logAndReturn(93)) -   Response 0: d7bd62da-9eff-4c5a-9810-dab6199e7b8e<-2a2b30f3-c6d3-4b10-97ff-b0c22fa05b40#0:OK-t0
2024-01-18 21:14:05,628 [d7bd62da-9eff-4c5a-9810-dab6199e7b8e@group-BA0DAAC0BCDC-LeaderElection24] INFO  impl.LeaderElection (LeaderElection.java:askForVotes(323)) - d7bd62da-9eff-4c5a-9810-dab6199e7b8e@group-BA0DAAC0BCDC-LeaderElection24 PRE_VOTE round 0: result PASSED
2024-01-18 21:14:05,630 [d7bd62da-9eff-4c5a-9810-dab6199e7b8e@group-BA0DAAC0BCDC-LeaderElection24] INFO  impl.LeaderElection (LeaderElection.java:askForVotes(321)) - d7bd62da-9eff-4c5a-9810-dab6199e7b8e@group-BA0DAAC0BCDC-LeaderElection24 ELECTION round 0: submit vote requests at term 1 for -1: peers:[d7bd62da-9eff-4c5a-9810-dab6199e7b8e|10.1.0.44:15139, 2a2b30f3-c6d3-4b10-97ff-b0c22fa05b40|10.1.0.44:15148, 655b4849-f6c7-42ce-9d2b-be9b96fb5c65|10.1.0.44:15130]|listeners:[], old=null
2024-01-18 21:14:05,631 [d7bd62da-9eff-4c5a-9810-dab6199e7b8e@group-BA0DAAC0BCDC-LeaderElection24] INFO  server.RaftServerConfigKeys (ConfUtils.java:logFallback(53)) - raft.server.rpc.first-election.timeout.min = 5s (fallback to raft.server.rpc.timeout.min)
2024-01-18 21:14:05,631 [d7bd62da-9eff-4c5a-9810-dab6199e7b8e@group-BA0DAAC0BCDC-LeaderElection24] INFO  server.RaftServerConfigKeys (ConfUtils.java:logFallback(53)) - raft.server.rpc.first-election.timeout.max = 5200ms (fallback to raft.server.rpc.timeout.max)
2024-01-18 21:14:05,632 [grpc-default-executor-4] INFO  server.RaftServer$Division (RaftServerImpl.java:requestVote(1389)) - 2a2b30f3-c6d3-4b10-97ff-b0c22fa05b40@group-BA0DAAC0BCDC: receive requestVote(ELECTION, d7bd62da-9eff-4c5a-9810-dab6199e7b8e, group-BA0DAAC0BCDC, 1, (t:0, i:0))
2024-01-18 21:14:05,632 [grpc-default-executor-4] INFO  impl.VoteContext (VoteContext.java:log(49)) - 2a2b30f3-c6d3-4b10-97ff-b0c22fa05b40@group-BA0DAAC0BCDC-FOLLOWER: accept ELECTION from d7bd62da-9eff-4c5a-9810-dab6199e7b8e: our priority 0 <= candidate's priority 1
2024-01-18 21:14:05,632 [grpc-default-executor-4] INFO  server.RaftServer$Division (RaftServerImpl.java:setRole(383)) - 2a2b30f3-c6d3-4b10-97ff-b0c22fa05b40@group-BA0DAAC0BCDC: changes role from  FOLLOWER to FOLLOWER at term 1 for candidate:d7bd62da-9eff-4c5a-9810-dab6199e7b8e
2024-01-18 21:14:05,632 [grpc-default-executor-4] INFO  impl.RoleInfo (RoleInfo.java:shutdownFollowerState(110)) - 2a2b30f3-c6d3-4b10-97ff-b0c22fa05b40: shutdown 2a2b30f3-c6d3-4b10-97ff-b0c22fa05b40@group-BA0DAAC0BCDC-FollowerState
2024-01-18 21:14:05,632 [grpc-default-executor-4] INFO  impl.RoleInfo (RoleInfo.java:updateAndGet(139)) - 2a2b30f3-c6d3-4b10-97ff-b0c22fa05b40: start 2a2b30f3-c6d3-4b10-97ff-b0c22fa05b40@group-BA0DAAC0BCDC-FollowerState
2024-01-18 21:14:05,632 [2a2b30f3-c6d3-4b10-97ff-b0c22fa05b40@group-BA0DAAC0BCDC-FollowerState] INFO  impl.FollowerState (FollowerState.java:run(152)) - 2a2b30f3-c6d3-4b10-97ff-b0c22fa05b40@group-BA0DAAC0BCDC-FollowerState was interrupted
2024-01-18 21:14:05,632 [grpc-default-executor-3] INFO  server.RaftServer$Division (RaftServerImpl.java:requestVote(1389)) - 655b4849-f6c7-42ce-9d2b-be9b96fb5c65@group-BA0DAAC0BCDC: receive requestVote(ELECTION, d7bd62da-9eff-4c5a-9810-dab6199e7b8e, group-BA0DAAC0BCDC, 1, (t:0, i:0))
2024-01-18 21:14:05,633 [grpc-default-executor-3] INFO  impl.VoteContext (VoteContext.java:log(49)) - 655b4849-f6c7-42ce-9d2b-be9b96fb5c65@group-BA0DAAC0BCDC-FOLLOWER: accept ELECTION from d7bd62da-9eff-4c5a-9810-dab6199e7b8e: our priority 0 <= candidate's priority 1
2024-01-18 21:14:05,633 [grpc-default-executor-3] INFO  server.RaftServer$Division (RaftServerImpl.java:setRole(383)) - 655b4849-f6c7-42ce-9d2b-be9b96fb5c65@group-BA0DAAC0BCDC: changes role from  FOLLOWER to FOLLOWER at term 1 for candidate:d7bd62da-9eff-4c5a-9810-dab6199e7b8e
2024-01-18 21:14:05,633 [grpc-default-executor-3] INFO  impl.RoleInfo (RoleInfo.java:shutdownFollowerState(110)) - 655b4849-f6c7-42ce-9d2b-be9b96fb5c65: shutdown 655b4849-f6c7-42ce-9d2b-be9b96fb5c65@group-BA0DAAC0BCDC-FollowerState
2024-01-18 21:14:05,633 [grpc-default-executor-3] INFO  impl.RoleInfo (RoleInfo.java:updateAndGet(139)) - 655b4849-f6c7-42ce-9d2b-be9b96fb5c65: start 655b4849-f6c7-42ce-9d2b-be9b96fb5c65@group-BA0DAAC0BCDC-FollowerState
2024-01-18 21:14:05,632 [grpc-default-executor-4] INFO  server.RaftServer$Division (RaftServerImpl.java:setFirstElection(574)) - 2a2b30f3-c6d3-4b10-97ff-b0c22fa05b40@group-BA0DAAC0BCDC: set firstElectionSinceStartup to false for candidate:d7bd62da-9eff-4c5a-9810-dab6199e7b8e
2024-01-18 21:14:05,633 [655b4849-f6c7-42ce-9d2b-be9b96fb5c65@group-BA0DAAC0BCDC-FollowerState] INFO  impl.FollowerState (FollowerState.java:run(152)) - 655b4849-f6c7-42ce-9d2b-be9b96fb5c65@group-BA0DAAC0BCDC-FollowerState was interrupted
2024-01-18 21:14:05,634 [grpc-default-executor-4] INFO  server.RaftServer$Division (RaftServerImpl.java:requestVote(1422)) - 2a2b30f3-c6d3-4b10-97ff-b0c22fa05b40@group-BA0DAAC0BCDC replies to ELECTION vote request: d7bd62da-9eff-4c5a-9810-dab6199e7b8e<-2a2b30f3-c6d3-4b10-97ff-b0c22fa05b40#0:OK-t1. Peer's state: 2a2b30f3-c6d3-4b10-97ff-b0c22fa05b40@group-BA0DAAC0BCDC:t1, leader=null, voted=d7bd62da-9eff-4c5a-9810-dab6199e7b8e, raftlog=Memoized:2a2b30f3-c6d3-4b10-97ff-b0c22fa05b40@group-BA0DAAC0BCDC-SegmentedRaftLog:OPENED:c-1, conf=-1: peers:[d7bd62da-9eff-4c5a-9810-dab6199e7b8e|10.1.0.44:15139, 2a2b30f3-c6d3-4b10-97ff-b0c22fa05b40|10.1.0.44:15148, 655b4849-f6c7-42ce-9d2b-be9b96fb5c65|10.1.0.44:15130]|listeners:[], old=null
2024-01-18 21:14:05,637 [d7bd62da-9eff-4c5a-9810-dab6199e7b8e@group-BA0DAAC0BCDC-LeaderElection24] INFO  impl.LeaderElection (LeaderElection.java:logAndReturn(89)) - d7bd62da-9eff-4c5a-9810-dab6199e7b8e@group-BA0DAAC0BCDC-LeaderElection24: ELECTION PASSED received 1 response(s) and 0 exception(s):
2024-01-18 21:14:05,637 [d7bd62da-9eff-4c5a-9810-dab6199e7b8e@group-BA0DAAC0BCDC-LeaderElection24] INFO  impl.LeaderElection (LeaderElection.java:logAndReturn(93)) -   Response 0: d7bd62da-9eff-4c5a-9810-dab6199e7b8e<-2a2b30f3-c6d3-4b10-97ff-b0c22fa05b40#0:OK-t1
2024-01-18 21:14:05,637 [d7bd62da-9eff-4c5a-9810-dab6199e7b8e@group-BA0DAAC0BCDC-LeaderElection24] INFO  impl.LeaderElection (LeaderElection.java:askForVotes(323)) - d7bd62da-9eff-4c5a-9810-dab6199e7b8e@group-BA0DAAC0BCDC-LeaderElection24 ELECTION round 0: result PASSED
2024-01-18 21:14:05,637 [d7bd62da-9eff-4c5a-9810-dab6199e7b8e@group-BA0DAAC0BCDC-LeaderElection24] INFO  impl.RoleInfo (RoleInfo.java:shutdownLeaderElection(130)) - d7bd62da-9eff-4c5a-9810-dab6199e7b8e: shutdown d7bd62da-9eff-4c5a-9810-dab6199e7b8e@group-BA0DAAC0BCDC-LeaderElection24
2024-01-18 21:14:05,637 [d7bd62da-9eff-4c5a-9810-dab6199e7b8e@group-BA0DAAC0BCDC-LeaderElection24] INFO  server.RaftServer$Division (RaftServerImpl.java:setRole(383)) - d7bd62da-9eff-4c5a-9810-dab6199e7b8e@group-BA0DAAC0BCDC: changes role from CANDIDATE to LEADER at term 1 for changeToLeader
2024-01-18 21:14:05,637 [d7bd62da-9eff-4c5a-9810-dab6199e7b8e@group-BA0DAAC0BCDC-LeaderElection24] INFO  server.RaftServerConfigKeys (ConfUtils.java:logGet(46)) - raft.server.staging.catchup.gap = 1000 (default)
2024-01-18 21:14:05,637 [d7bd62da-9eff-4c5a-9810-dab6199e7b8e@group-BA0DAAC0BCDC-LeaderElection24] INFO  server.RaftServerConfigKeys (ConfUtils.java:logGet(46)) - raft.server.write.element-limit = 1024 (custom)
2024-01-18 21:14:05,637 [d7bd62da-9eff-4c5a-9810-dab6199e7b8e@group-BA0DAAC0BCDC-LeaderElection24] INFO  server.RaftServerConfigKeys (ConfUtils.java:logGet(46)) - raft.server.write.byte-limit = 1024 M (=1073741824) (custom)
2024-01-18 21:14:05,637 [grpc-default-executor-3] INFO  server.RaftServer$Division (RaftServerImpl.java:requestVote(1422)) - 655b4849-f6c7-42ce-9d2b-be9b96fb5c65@group-BA0DAAC0BCDC replies to ELECTION vote request: d7bd62da-9eff-4c5a-9810-dab6199e7b8e<-655b4849-f6c7-42ce-9d2b-be9b96fb5c65#0:OK-t1. Peer's state: 655b4849-f6c7-42ce-9d2b-be9b96fb5c65@group-BA0DAAC0BCDC:t1, leader=null, voted=d7bd62da-9eff-4c5a-9810-dab6199e7b8e, raftlog=Memoized:655b4849-f6c7-42ce-9d2b-be9b96fb5c65@group-BA0DAAC0BCDC-SegmentedRaftLog:OPENED:c-1, conf=-1: peers:[d7bd62da-9eff-4c5a-9810-dab6199e7b8e|10.1.0.44:15139, 2a2b30f3-c6d3-4b10-97ff-b0c22fa05b40|10.1.0.44:15148, 655b4849-f6c7-42ce-9d2b-be9b96fb5c65|10.1.0.44:15130]|listeners:[], old=null
2024-01-18 21:14:05,638 [d7bd62da-9eff-4c5a-9810-dab6199e7b8e@group-BA0DAAC0BCDC-LeaderElection24] INFO  server.RaftServerConfigKeys (ConfUtils.java:logGet(46)) - raft.server.watch.timeout = 3000ms (custom)
2024-01-18 21:14:05,638 [d7bd62da-9eff-4c5a-9810-dab6199e7b8e@group-BA0DAAC0BCDC-LeaderElection24] INFO  server.RaftServerConfigKeys (ConfUtils.java:logGet(46)) - raft.server.watch.timeout.denomination = 1s (default)
2024-01-18 21:14:05,638 [d7bd62da-9eff-4c5a-9810-dab6199e7b8e@group-BA0DAAC0BCDC-LeaderElection24] INFO  server.RaftServerConfigKeys (ConfUtils.java:logGet(46)) - raft.server.watch.element-limit = 65536 (default)
2024-01-18 21:14:05,638 [d7bd62da-9eff-4c5a-9810-dab6199e7b8e@group-BA0DAAC0BCDC-LeaderElection24] INFO  server.RaftServerConfigKeys (ConfUtils.java:logGet(46)) - raft.server.read.leader.lease.enabled = false (default)
2024-01-18 21:14:05,638 [d7bd62da-9eff-4c5a-9810-dab6199e7b8e@group-BA0DAAC0BCDC-LeaderElection24] INFO  server.RaftServerConfigKeys (ConfUtils.java:logGet(46)) - raft.server.read.leader.lease.timeout.ratio = 0.9 (default)
2024-01-18 21:14:05,638 [d7bd62da-9eff-4c5a-9810-dab6199e7b8e@group-BA0DAAC0BCDC-LeaderElection24] INFO  server.RaftServerConfigKeys (ConfUtils.java:logGet(46)) - raft.server.rpc.timeout.min = 5s (custom)
2024-01-18 21:14:05,638 [d7bd62da-9eff-4c5a-9810-dab6199e7b8e@group-BA0DAAC0BCDC-LeaderElection24] INFO  server.RaftServerConfigKeys (ConfUtils.java:logGet(46)) - raft.server.write.element-limit = 1024 (custom)
2024-01-18 21:14:05,638 [d7bd62da-9eff-4c5a-9810-dab6199e7b8e@group-BA0DAAC0BCDC-LeaderElection24] INFO  server.RaftServerConfigKeys (ConfUtils.java:logGet(46)) - raft.server.write.follower.gap.ratio.max = -1.0 (default)
2024-01-18 21:14:05,639 [d7bd62da-9eff-4c5a-9810-dab6199e7b8e@group-BA0DAAC0BCDC-LeaderElection24] INFO  server.RaftServerConfigKeys (ConfUtils.java:logGet(46)) - raft.server.log.appender.snapshot.chunk.size.max = 16MB (=16777216) (default)
2024-01-18 21:14:05,639 [d7bd62da-9eff-4c5a-9810-dab6199e7b8e@group-BA0DAAC0BCDC-LeaderElection24] INFO  server.RaftServerConfigKeys (ConfUtils.java:logGet(46)) - raft.server.log.appender.buffer.byte-limit = 8388608 (custom)
2024-01-18 21:14:05,639 [d7bd62da-9eff-4c5a-9810-dab6199e7b8e@group-BA0DAAC0BCDC-LeaderElection24] INFO  server.RaftServerConfigKeys (ConfUtils.java:logGet(46)) - raft.server.log.appender.buffer.element-limit = 1 (custom)
2024-01-18 21:14:05,639 [d7bd62da-9eff-4c5a-9810-dab6199e7b8e@group-BA0DAAC0BCDC-LeaderElection24] INFO  server.RaftServerConfigKeys (ConfUtils.java:logGet(46)) - raft.server.log.appender.wait-time.min = 0ms (custom)
2024-01-18 21:14:05,639 [d7bd62da-9eff-4c5a-9810-dab6199e7b8e@group-BA0DAAC0BCDC-LeaderElection24] INFO  grpc.GrpcConfigKeys (ConfUtils.java:logGet(46)) - raft.grpc.server.leader.outstanding.appends.max = 8 (default)
2024-01-18 21:14:05,639 [d7bd62da-9eff-4c5a-9810-dab6199e7b8e@group-BA0DAAC0BCDC-LeaderElection24] INFO  server.RaftServerConfigKeys (ConfUtils.java:logGet(46)) - raft.server.rpc.request.timeout = 3000ms (default)
2024-01-18 21:14:05,639 [d7bd62da-9eff-4c5a-9810-dab6199e7b8e@group-BA0DAAC0BCDC-LeaderElection24] INFO  grpc.GrpcConfigKeys (ConfUtils.java:logGet(46)) - raft.grpc.server.install_snapshot.request.element-limit = 8 (default)
2024-01-18 21:14:05,639 [d7bd62da-9eff-4c5a-9810-dab6199e7b8e@group-BA0DAAC0BCDC-LeaderElection24] INFO  grpc.GrpcConfigKeys (ConfUtils.java:logGet(46)) - raft.grpc.server.install_snapshot.request.timeout = 3000ms (default)
2024-01-18 21:14:05,639 [d7bd62da-9eff-4c5a-9810-dab6199e7b8e@group-BA0DAAC0BCDC-LeaderElection24] INFO  grpc.GrpcConfigKeys (ConfUtils.java:logGet(46)) - raft.grpc.server.log-message.batch.duration = 5s (default)
2024-01-18 21:14:05,639 [d7bd62da-9eff-4c5a-9810-dab6199e7b8e@group-BA0DAAC0BCDC-LeaderElection24] INFO  server.RaftServerConfigKeys (ConfUtils.java:logGet(46)) - raft.server.log.appender.install.snapshot.enabled = false (custom)
2024-01-18 21:14:05,640 [d7bd62da-9eff-4c5a-9810-dab6199e7b8e@group-BA0DAAC0BCDC-LeaderElection24] INFO  grpc.GrpcConfigKeys (ConfUtils.java:logGet(46)) - raft.grpc.server.heartbeat.channel = true (default)
2024-01-18 21:14:05,641 [d7bd62da-9eff-4c5a-9810-dab6199e7b8e@group-BA0DAAC0BCDC-LeaderElection24] INFO  server.RaftServerConfigKeys (ConfUtils.java:logGet(46)) - raft.server.log.appender.snapshot.chunk.size.max = 16MB (=16777216) (default)
2024-01-18 21:14:05,641 [d7bd62da-9eff-4c5a-9810-dab6199e7b8e@group-BA0DAAC0BCDC-LeaderElection24] INFO  server.RaftServerConfigKeys (ConfUtils.java:logGet(46)) - raft.server.log.appender.buffer.byte-limit = 8388608 (custom)
2024-01-18 21:14:05,641 [d7bd62da-9eff-4c5a-9810-dab6199e7b8e@group-BA0DAAC0BCDC-LeaderElection24] INFO  server.RaftServerConfigKeys (ConfUtils.java:logGet(46)) - raft.server.log.appender.buffer.element-limit = 1 (custom)
2024-01-18 21:14:05,641 [d7bd62da-9eff-4c5a-9810-dab6199e7b8e@group-BA0DAAC0BCDC-LeaderElection24] INFO  server.RaftServerConfigKeys (ConfUtils.java:logGet(46)) - raft.server.log.appender.wait-time.min = 0ms (custom)
2024-01-18 21:14:05,641 [d7bd62da-9eff-4c5a-9810-dab6199e7b8e@group-BA0DAAC0BCDC-LeaderElection24] INFO  grpc.GrpcConfigKeys (ConfUtils.java:logGet(46)) - raft.grpc.server.leader.outstanding.appends.max = 8 (default)
2024-01-18 21:14:05,641 [d7bd62da-9eff-4c5a-9810-dab6199e7b8e@group-BA0DAAC0BCDC-LeaderElection24] INFO  server.RaftServerConfigKeys (ConfUtils.java:logGet(46)) - raft.server.rpc.request.timeout = 3000ms (default)
2024-01-18 21:14:05,641 [d7bd62da-9eff-4c5a-9810-dab6199e7b8e@group-BA0DAAC0BCDC-LeaderElection24] INFO  grpc.GrpcConfigKeys (ConfUtils.java:logGet(46)) - raft.grpc.server.install_snapshot.request.element-limit = 8 (default)
2024-01-18 21:14:05,641 [d7bd62da-9eff-4c5a-9810-dab6199e7b8e@group-BA0DAAC0BCDC-LeaderElection24] INFO  grpc.GrpcConfigKeys (ConfUtils.java:logGet(46)) - raft.grpc.server.install_snapshot.request.timeout = 3000ms (default)
2024-01-18 21:14:05,641 [d7bd62da-9eff-4c5a-9810-dab6199e7b8e@group-BA0DAAC0BCDC-LeaderElection24] INFO  grpc.GrpcConfigKeys (ConfUtils.java:logGet(46)) - raft.grpc.server.log-message.batch.duration = 5s (default)
2024-01-18 21:14:05,641 [d7bd62da-9eff-4c5a-9810-dab6199e7b8e@group-BA0DAAC0BCDC-LeaderElection24] INFO  server.RaftServerConfigKeys (ConfUtils.java:logGet(46)) - raft.server.log.appender.install.snapshot.enabled = false (custom)
2024-01-18 21:14:05,642 [d7bd62da-9eff-4c5a-9810-dab6199e7b8e@group-BA0DAAC0BCDC-LeaderElection24] INFO  grpc.GrpcConfigKeys (ConfUtils.java:logGet(46)) - raft.grpc.server.heartbeat.channel = true (default)
2024-01-18 21:14:05,642 [d7bd62da-9eff-4c5a-9810-dab6199e7b8e@group-BA0DAAC0BCDC-LeaderElection24] INFO  impl.RoleInfo (RoleInfo.java:updateAndGet(139)) - d7bd62da-9eff-4c5a-9810-dab6199e7b8e: start d7bd62da-9eff-4c5a-9810-dab6199e7b8e@group-BA0DAAC0BCDC-LeaderStateImpl
2024-01-18 21:14:05,642 [d7bd62da-9eff-4c5a-9810-dab6199e7b8e@group-BA0DAAC0BCDC-LeaderElection24] INFO  server.RaftServer$Division (RaftServerImpl.java:setFirstElection(574)) - d7bd62da-9eff-4c5a-9810-dab6199e7b8e@group-BA0DAAC0BCDC: set firstElectionSinceStartup to false for becomeLeader
2024-01-18 21:14:05,642 [d7bd62da-9eff-4c5a-9810-dab6199e7b8e@group-BA0DAAC0BCDC-LeaderElection24] INFO  ratis.XceiverServerRatis (XceiverServerRatis.java:handleLeaderChangedNotification(945)) - Leader change notification received for group: group-BA0DAAC0BCDC with new leaderId: d7bd62da-9eff-4c5a-9810-dab6199e7b8e
2024-01-18 21:14:05,642 [d7bd62da-9eff-4c5a-9810-dab6199e7b8e@group-BA0DAAC0BCDC-LeaderElection24] INFO  server.RaftServer$Division (ServerState.java:setLeader(269)) - d7bd62da-9eff-4c5a-9810-dab6199e7b8e@group-BA0DAAC0BCDC: change Leader from null to d7bd62da-9eff-4c5a-9810-dab6199e7b8e at term 1 for becomeLeader, leader elected after 5166ms
2024-01-18 21:14:05,642 [d7bd62da-9eff-4c5a-9810-dab6199e7b8e@group-BA0DAAC0BCDC-LeaderElection24] INFO  segmented.SegmentedRaftLogWorker (SegmentedRaftLogWorker.java:startLogSegment(430)) - d7bd62da-9eff-4c5a-9810-dab6199e7b8e@group-BA0DAAC0BCDC-SegmentedRaftLogWorker: Starting segment from index:0
2024-01-18 21:14:05,643 [d7bd62da-9eff-4c5a-9810-dab6199e7b8e@group-BA0DAAC0BCDC-SegmentedRaftLogWorker] INFO  segmented.BufferedWriteChannel (BufferedWriteChannel.java:open(62)) - open log_inprogress_0 at position 0
2024-01-18 21:14:05,644 [EventQueue-PipelineReportForPipelineReportHandler] INFO  pipeline.PipelineReportHandler (PipelineReportHandler.java:processPipelineReport(136)) - Opened pipeline PipelineID=501bbff6-3769-4d51-8028-ba0daac0bcdc
2024-01-18 21:14:05,647 [d7bd62da-9eff-4c5a-9810-dab6199e7b8e@group-BA0DAAC0BCDC-LeaderElection24] INFO  server.RaftServer$Division (ServerState.java:setRaftConf(386)) - d7bd62da-9eff-4c5a-9810-dab6199e7b8e@group-BA0DAAC0BCDC: set configuration 0: peers:[d7bd62da-9eff-4c5a-9810-dab6199e7b8e|10.1.0.44:15139, 2a2b30f3-c6d3-4b10-97ff-b0c22fa05b40|10.1.0.44:15148, 655b4849-f6c7-42ce-9d2b-be9b96fb5c65|10.1.0.44:15130]|listeners:[], old=null
2024-01-18 21:14:05,650 [d7bd62da-9eff-4c5a-9810-dab6199e7b8e@group-BA0DAAC0BCDC-SegmentedRaftLogWorker] INFO  segmented.SegmentedRaftLogWorker (SegmentedRaftLogWorker.java:execute(634)) - d7bd62da-9eff-4c5a-9810-dab6199e7b8e@group-BA0DAAC0BCDC-SegmentedRaftLogWorker: created new log segment /home/runner/work/ozone/ozone/hadoop-ozone/integration-test/target/test-dir/MiniOzoneClusterImpl-31edb46a-ccfd-4ac6-802d-5dd746a085ff/datanode-4/data/ratis/501bbff6-3769-4d51-8028-ba0daac0bcdc/current/log_inprogress_0
2024-01-18 21:14:05,652 [d7bd62da-9eff-4c5a-9810-dab6199e7b8e@group-38707A94A719-FollowerState] INFO  impl.FollowerState (FollowerState.java:run(143)) - d7bd62da-9eff-4c5a-9810-dab6199e7b8e@group-38707A94A719-FollowerState: change to CANDIDATE, lastRpcElapsedTime:5122447907ns, electionTimeout:5122ms
2024-01-18 21:14:05,652 [d7bd62da-9eff-4c5a-9810-dab6199e7b8e@group-38707A94A719-FollowerState] INFO  impl.RoleInfo (RoleInfo.java:shutdownFollowerState(110)) - d7bd62da-9eff-4c5a-9810-dab6199e7b8e: shutdown d7bd62da-9eff-4c5a-9810-dab6199e7b8e@group-38707A94A719-FollowerState
2024-01-18 21:14:05,652 [d7bd62da-9eff-4c5a-9810-dab6199e7b8e@group-38707A94A719-FollowerState] INFO  server.RaftServer$Division (RaftServerImpl.java:setRole(383)) - d7bd62da-9eff-4c5a-9810-dab6199e7b8e@group-38707A94A719: changes role from  FOLLOWER to CANDIDATE at term 0 for changeToCandidate
2024-01-18 21:14:05,663 [d7bd62da-9eff-4c5a-9810-dab6199e7b8e@group-38707A94A719-FollowerState] INFO  server.RaftServerConfigKeys (ConfUtils.java:logGet(46)) - raft.server.leaderelection.pre-vote = true (default)
2024-01-18 21:14:05,663 [d7bd62da-9eff-4c5a-9810-dab6199e7b8e@group-38707A94A719-FollowerState] INFO  impl.RoleInfo (RoleInfo.java:updateAndGet(139)) - d7bd62da-9eff-4c5a-9810-dab6199e7b8e: start d7bd62da-9eff-4c5a-9810-dab6199e7b8e@group-38707A94A719-LeaderElection25
2024-01-18 21:14:05,664 [2a2b30f3-c6d3-4b10-97ff-b0c22fa05b40-server-thread2] INFO  ratis.XceiverServerRatis (XceiverServerRatis.java:handleLeaderChangedNotification(945)) - Leader change notification received for group: group-BA0DAAC0BCDC with new leaderId: d7bd62da-9eff-4c5a-9810-dab6199e7b8e
2024-01-18 21:14:05,664 [2a2b30f3-c6d3-4b10-97ff-b0c22fa05b40-server-thread2] INFO  server.RaftServer$Division (ServerState.java:setLeader(269)) - 2a2b30f3-c6d3-4b10-97ff-b0c22fa05b40@group-BA0DAAC0BCDC: change Leader from null to d7bd62da-9eff-4c5a-9810-dab6199e7b8e at term 1 for appendEntries, leader elected after 5214ms
2024-01-18 21:14:05,672 [2a2b30f3-c6d3-4b10-97ff-b0c22fa05b40-server-thread2] INFO  server.RaftServer$Division (ServerState.java:setRaftConf(386)) - 2a2b30f3-c6d3-4b10-97ff-b0c22fa05b40@group-BA0DAAC0BCDC: set configuration 0: peers:[d7bd62da-9eff-4c5a-9810-dab6199e7b8e|10.1.0.44:15139, 2a2b30f3-c6d3-4b10-97ff-b0c22fa05b40|10.1.0.44:15148, 655b4849-f6c7-42ce-9d2b-be9b96fb5c65|10.1.0.44:15130]|listeners:[], old=null
2024-01-18 21:14:05,672 [2a2b30f3-c6d3-4b10-97ff-b0c22fa05b40-server-thread2] INFO  segmented.SegmentedRaftLogWorker (SegmentedRaftLogWorker.java:startLogSegment(430)) - 2a2b30f3-c6d3-4b10-97ff-b0c22fa05b40@group-BA0DAAC0BCDC-SegmentedRaftLogWorker: Starting segment from index:0
2024-01-18 21:14:05,672 [2a2b30f3-c6d3-4b10-97ff-b0c22fa05b40@group-BA0DAAC0BCDC-SegmentedRaftLogWorker] INFO  segmented.BufferedWriteChannel (BufferedWriteChannel.java:open(62)) - open log_inprogress_0 at position 0
2024-01-18 21:14:05,672 [655b4849-f6c7-42ce-9d2b-be9b96fb5c65-server-thread1] INFO  ratis.XceiverServerRatis (XceiverServerRatis.java:handleLeaderChangedNotification(945)) - Leader change notification received for group: group-BA0DAAC0BCDC with new leaderId: d7bd62da-9eff-4c5a-9810-dab6199e7b8e
2024-01-18 21:14:05,673 [655b4849-f6c7-42ce-9d2b-be9b96fb5c65-server-thread1] INFO  server.RaftServer$Division (ServerState.java:setLeader(269)) - 655b4849-f6c7-42ce-9d2b-be9b96fb5c65@group-BA0DAAC0BCDC: change Leader from null to d7bd62da-9eff-4c5a-9810-dab6199e7b8e at term 1 for appendEntries, leader elected after 5249ms
2024-01-18 21:14:05,676 [655b4849-f6c7-42ce-9d2b-be9b96fb5c65-server-thread2] INFO  server.RaftServer$Division (ServerState.java:setRaftConf(386)) - 655b4849-f6c7-42ce-9d2b-be9b96fb5c65@group-BA0DAAC0BCDC: set configuration 0: peers:[d7bd62da-9eff-4c5a-9810-dab6199e7b8e|10.1.0.44:15139, 2a2b30f3-c6d3-4b10-97ff-b0c22fa05b40|10.1.0.44:15148, 655b4849-f6c7-42ce-9d2b-be9b96fb5c65|10.1.0.44:15130]|listeners:[], old=null
2024-01-18 21:14:05,677 [655b4849-f6c7-42ce-9d2b-be9b96fb5c65-server-thread2] INFO  segmented.SegmentedRaftLogWorker (SegmentedRaftLogWorker.java:startLogSegment(430)) - 655b4849-f6c7-42ce-9d2b-be9b96fb5c65@group-BA0DAAC0BCDC-SegmentedRaftLogWorker: Starting segment from index:0
2024-01-18 21:14:05,677 [d7bd62da-9eff-4c5a-9810-dab6199e7b8e@group-38707A94A719-LeaderElection25] INFO  impl.LeaderElection (LeaderElection.java:askForVotes(321)) - d7bd62da-9eff-4c5a-9810-dab6199e7b8e@group-38707A94A719-LeaderElection25 PRE_VOTE round 0: submit vote requests at term 0 for -1: peers:[d7bd62da-9eff-4c5a-9810-dab6199e7b8e|10.1.0.44:15139]|listeners:[], old=null
2024-01-18 21:14:05,677 [d7bd62da-9eff-4c5a-9810-dab6199e7b8e@group-38707A94A719-LeaderElection25] INFO  impl.LeaderElection (LeaderElection.java:askForVotes(323)) - d7bd62da-9eff-4c5a-9810-dab6199e7b8e@group-38707A94A719-LeaderElection25 PRE_VOTE round 0: result PASSED (term=0)
2024-01-18 21:14:05,677 [655b4849-f6c7-42ce-9d2b-be9b96fb5c65@group-BA0DAAC0BCDC-SegmentedRaftLogWorker] INFO  segmented.BufferedWriteChannel (BufferedWriteChannel.java:open(62)) - open log_inprogress_0 at position 0
2024-01-18 21:14:05,681 [d7bd62da-9eff-4c5a-9810-dab6199e7b8e@group-38707A94A719-LeaderElection25] INFO  impl.LeaderElection (LeaderElection.java:askForVotes(321)) - d7bd62da-9eff-4c5a-9810-dab6199e7b8e@group-38707A94A719-LeaderElection25 ELECTION round 0: submit vote requests at term 1 for -1: peers:[d7bd62da-9eff-4c5a-9810-dab6199e7b8e|10.1.0.44:15139]|listeners:[], old=null
2024-01-18 21:14:05,681 [d7bd62da-9eff-4c5a-9810-dab6199e7b8e@group-38707A94A719-LeaderElection25] INFO  impl.LeaderElection (LeaderElection.java:askForVotes(323)) - d7bd62da-9eff-4c5a-9810-dab6199e7b8e@group-38707A94A719-LeaderElection25 ELECTION round 0: result PASSED (term=1)
2024-01-18 21:14:05,681 [d7bd62da-9eff-4c5a-9810-dab6199e7b8e@group-38707A94A719-LeaderElection25] INFO  impl.RoleInfo (RoleInfo.java:shutdownLeaderElection(130)) - d7bd62da-9eff-4c5a-9810-dab6199e7b8e: shutdown d7bd62da-9eff-4c5a-9810-dab6199e7b8e@group-38707A94A719-LeaderElection25
2024-01-18 21:14:05,681 [d7bd62da-9eff-4c5a-9810-dab6199e7b8e@group-38707A94A719-LeaderElection25] INFO  server.RaftServer$Division (RaftServerImpl.java:setRole(383)) - d7bd62da-9eff-4c5a-9810-dab6199e7b8e@group-38707A94A719: changes role from CANDIDATE to LEADER at term 1 for changeToLeader
2024-01-18 21:14:05,681 [d7bd62da-9eff-4c5a-9810-dab6199e7b8e@group-38707A94A719-LeaderElection25] INFO  server.RaftServerConfigKeys (ConfUtils.java:logGet(46)) - raft.server.staging.catchup.gap = 1000 (default)
2024-01-18 21:14:05,681 [d7bd62da-9eff-4c5a-9810-dab6199e7b8e@group-38707A94A719-LeaderElection25] INFO  server.RaftServerConfigKeys (ConfUtils.java:logGet(46)) - raft.server.write.element-limit = 1024 (custom)
2024-01-18 21:14:05,681 [d7bd62da-9eff-4c5a-9810-dab6199e7b8e@group-38707A94A719-LeaderElection25] INFO  server.RaftServerConfigKeys (ConfUtils.java:logGet(46)) - raft.server.write.byte-limit = 1024 M (=1073741824) (custom)
2024-01-18 21:14:05,682 [d7bd62da-9eff-4c5a-9810-dab6199e7b8e@group-38707A94A719-LeaderElection25] INFO  server.RaftServerConfigKeys (ConfUtils.java:logGet(46)) - raft.server.watch.timeout = 3000ms (custom)
2024-01-18 21:14:05,682 [d7bd62da-9eff-4c5a-9810-dab6199e7b8e@group-38707A94A719-LeaderElection25] INFO  server.RaftServerConfigKeys (ConfUtils.java:logGet(46)) - raft.server.watch.timeout.denomination = 1s (default)
2024-01-18 21:14:05,682 [d7bd62da-9eff-4c5a-9810-dab6199e7b8e@group-38707A94A719-LeaderElection25] INFO  server.RaftServerConfigKeys (ConfUtils.java:logGet(46)) - raft.server.watch.element-limit = 65536 (default)
2024-01-18 21:14:05,682 [d7bd62da-9eff-4c5a-9810-dab6199e7b8e@group-38707A94A719-LeaderElection25] INFO  server.RaftServerConfigKeys (ConfUtils.java:logGet(46)) - raft.server.read.leader.lease.enabled = false (default)
2024-01-18 21:14:05,682 [d7bd62da-9eff-4c5a-9810-dab6199e7b8e@group-38707A94A719-LeaderElection25] INFO  server.RaftServerConfigKeys (ConfUtils.java:logGet(46)) - raft.server.read.leader.lease.timeout.ratio = 0.9 (default)
2024-01-18 21:14:05,682 [d7bd62da-9eff-4c5a-9810-dab6199e7b8e@group-38707A94A719-LeaderElection25] INFO  server.RaftServerConfigKeys (ConfUtils.java:logGet(46)) - raft.server.rpc.timeout.min = 5s (custom)
2024-01-18 21:14:05,682 [d7bd62da-9eff-4c5a-9810-dab6199e7b8e@group-38707A94A719-LeaderElection25] INFO  server.RaftServerConfigKeys (ConfUtils.java:logGet(46)) - raft.server.write.element-limit = 1024 (custom)
2024-01-18 21:14:05,682 [d7bd62da-9eff-4c5a-9810-dab6199e7b8e@group-38707A94A719-LeaderElection25] INFO  server.RaftServerConfigKeys (ConfUtils.java:logGet(46)) - raft.server.write.follower.gap.ratio.max = -1.0 (default)
2024-01-18 21:14:05,683 [d7bd62da-9eff-4c5a-9810-dab6199e7b8e@group-38707A94A719-LeaderElection25] INFO  impl.RoleInfo (RoleInfo.java:updateAndGet(139)) - d7bd62da-9eff-4c5a-9810-dab6199e7b8e: start d7bd62da-9eff-4c5a-9810-dab6199e7b8e@group-38707A94A719-LeaderStateImpl
2024-01-18 21:14:05,683 [d7bd62da-9eff-4c5a-9810-dab6199e7b8e@group-38707A94A719-LeaderElection25] INFO  server.RaftServer$Division (RaftServerImpl.java:setFirstElection(574)) - d7bd62da-9eff-4c5a-9810-dab6199e7b8e@group-38707A94A719: set firstElectionSinceStartup to false for becomeLeader
2024-01-18 21:14:05,683 [d7bd62da-9eff-4c5a-9810-dab6199e7b8e@group-38707A94A719-LeaderElection25] INFO  ratis.XceiverServerRatis (XceiverServerRatis.java:handleLeaderChangedNotification(945)) - Leader change notification received for group: group-38707A94A719 with new leaderId: d7bd62da-9eff-4c5a-9810-dab6199e7b8e
2024-01-18 21:14:05,683 [d7bd62da-9eff-4c5a-9810-dab6199e7b8e@group-38707A94A719-LeaderElection25] INFO  server.RaftServer$Division (ServerState.java:setLeader(269)) - d7bd62da-9eff-4c5a-9810-dab6199e7b8e@group-38707A94A719: change Leader from null to d7bd62da-9eff-4c5a-9810-dab6199e7b8e at term 1 for becomeLeader, leader elected after 5164ms
2024-01-18 21:14:05,683 [d7bd62da-9eff-4c5a-9810-dab6199e7b8e@group-38707A94A719-LeaderElection25] INFO  segmented.SegmentedRaftLogWorker (SegmentedRaftLogWorker.java:startLogSegment(430)) - d7bd62da-9eff-4c5a-9810-dab6199e7b8e@group-38707A94A719-SegmentedRaftLogWorker: Starting segment from index:0
2024-01-18 21:14:05,684 [d7bd62da-9eff-4c5a-9810-dab6199e7b8e@group-38707A94A719-LeaderElection25] INFO  server.RaftServer$Division (ServerState.java:setRaftConf(386)) - d7bd62da-9eff-4c5a-9810-dab6199e7b8e@group-38707A94A719: set configuration 0: peers:[d7bd62da-9eff-4c5a-9810-dab6199e7b8e|10.1.0.44:15139]|listeners:[], old=null
2024-01-18 21:14:05,686 [2a2b30f3-c6d3-4b10-97ff-b0c22fa05b40@group-BA0DAAC0BCDC-SegmentedRaftLogWorker] INFO  segmented.SegmentedRaftLogWorker (SegmentedRaftLogWorker.java:execute(634)) - 2a2b30f3-c6d3-4b10-97ff-b0c22fa05b40@group-BA0DAAC0BCDC-SegmentedRaftLogWorker: created new log segment /home/runner/work/ozone/ozone/hadoop-ozone/integration-test/target/test-dir/MiniOzoneClusterImpl-31edb46a-ccfd-4ac6-802d-5dd746a085ff/datanode-5/data/ratis/501bbff6-3769-4d51-8028-ba0daac0bcdc/current/log_inprogress_0
2024-01-18 21:14:05,687 [d7bd62da-9eff-4c5a-9810-dab6199e7b8e@group-38707A94A719-SegmentedRaftLogWorker] INFO  segmented.BufferedWriteChannel (BufferedWriteChannel.java:open(62)) - open log_inprogress_0 at position 0
2024-01-18 21:14:05,688 [655b4849-f6c7-42ce-9d2b-be9b96fb5c65@group-BA0DAAC0BCDC-SegmentedRaftLogWorker] INFO  segmented.SegmentedRaftLogWorker (SegmentedRaftLogWorker.java:execute(634)) - 655b4849-f6c7-42ce-9d2b-be9b96fb5c65@group-BA0DAAC0BCDC-SegmentedRaftLogWorker: created new log segment /home/runner/work/ozone/ozone/hadoop-ozone/integration-test/target/test-dir/MiniOzoneClusterImpl-31edb46a-ccfd-4ac6-802d-5dd746a085ff/datanode-3/data/ratis/501bbff6-3769-4d51-8028-ba0daac0bcdc/current/log_inprogress_0
2024-01-18 21:14:05,689 [d7bd62da-9eff-4c5a-9810-dab6199e7b8e@group-BA0DAAC0BCDC-StateMachineUpdater] INFO  server.RaftServer$Division (LeaderStateImpl.java:isApplied(320)) - leader is ready since appliedIndex == 0 >= startIndex == 0
2024-01-18 21:14:05,696 [d7bd62da-9eff-4c5a-9810-dab6199e7b8e@group-38707A94A719-SegmentedRaftLogWorker] INFO  segmented.SegmentedRaftLogWorker (SegmentedRaftLogWorker.java:execute(634)) - d7bd62da-9eff-4c5a-9810-dab6199e7b8e@group-38707A94A719-SegmentedRaftLogWorker: created new log segment /home/runner/work/ozone/ozone/hadoop-ozone/integration-test/target/test-dir/MiniOzoneClusterImpl-31edb46a-ccfd-4ac6-802d-5dd746a085ff/datanode-4/data/ratis/2541ae3c-6a23-4634-a975-38707a94a719/current/log_inprogress_0
2024-01-18 21:14:05,697 [d7bd62da-9eff-4c5a-9810-dab6199e7b8e@group-38707A94A719-StateMachineUpdater] INFO  server.RaftServer$Division (LeaderStateImpl.java:isApplied(320)) - leader is ready since appliedIndex == 0 >= startIndex == 0
2024-01-18 21:14:05,760 [bff1bba2-2b6d-4994-8ead-d2e5b7e1f8d7@group-2FF8BF406414-FollowerState] INFO  impl.FollowerState (FollowerState.java:run(143)) - bff1bba2-2b6d-4994-8ead-d2e5b7e1f8d7@group-2FF8BF406414-FollowerState: change to CANDIDATE, lastRpcElapsedTime:5033378647ns, electionTimeout:5032ms
2024-01-18 21:14:05,760 [bff1bba2-2b6d-4994-8ead-d2e5b7e1f8d7@group-2FF8BF406414-FollowerState] INFO  impl.RoleInfo (RoleInfo.java:shutdownFollowerState(110)) - bff1bba2-2b6d-4994-8ead-d2e5b7e1f8d7: shutdown bff1bba2-2b6d-4994-8ead-d2e5b7e1f8d7@group-2FF8BF406414-FollowerState
2024-01-18 21:14:05,760 [bff1bba2-2b6d-4994-8ead-d2e5b7e1f8d7@group-2FF8BF406414-FollowerState] INFO  server.RaftServer$Division (RaftServerImpl.java:setRole(383)) - bff1bba2-2b6d-4994-8ead-d2e5b7e1f8d7@group-2FF8BF406414: changes role from  FOLLOWER to CANDIDATE at term 0 for changeToCandidate
2024-01-18 21:14:05,760 [bff1bba2-2b6d-4994-8ead-d2e5b7e1f8d7@group-2FF8BF406414-FollowerState] INFO  server.RaftServerConfigKeys (ConfUtils.java:logGet(46)) - raft.server.leaderelection.pre-vote = true (default)
2024-01-18 21:14:05,760 [bff1bba2-2b6d-4994-8ead-d2e5b7e1f8d7@group-2FF8BF406414-FollowerState] INFO  impl.RoleInfo (RoleInfo.java:updateAndGet(139)) - bff1bba2-2b6d-4994-8ead-d2e5b7e1f8d7: start bff1bba2-2b6d-4994-8ead-d2e5b7e1f8d7@group-2FF8BF406414-LeaderElection26
2024-01-18 21:14:05,762 [bff1bba2-2b6d-4994-8ead-d2e5b7e1f8d7@group-2FF8BF406414-LeaderElection26] INFO  impl.LeaderElection (LeaderElection.java:askForVotes(321)) - bff1bba2-2b6d-4994-8ead-d2e5b7e1f8d7@group-2FF8BF406414-LeaderElection26 PRE_VOTE round 0: submit vote requests at term 0 for -1: peers:[bff1bba2-2b6d-4994-8ead-d2e5b7e1f8d7|10.1.0.44:15157]|listeners:[], old=null
2024-01-18 21:14:05,762 [bff1bba2-2b6d-4994-8ead-d2e5b7e1f8d7@group-2FF8BF406414-LeaderElection26] INFO  impl.LeaderElection (LeaderElection.java:askForVotes(323)) - bff1bba2-2b6d-4994-8ead-d2e5b7e1f8d7@group-2FF8BF406414-LeaderElection26 PRE_VOTE round 0: result PASSED (term=0)
2024-01-18 21:14:05,763 [bff1bba2-2b6d-4994-8ead-d2e5b7e1f8d7@group-2FF8BF406414-LeaderElection26] INFO  impl.LeaderElection (LeaderElection.java:askForVotes(321)) - bff1bba2-2b6d-4994-8ead-d2e5b7e1f8d7@group-2FF8BF406414-LeaderElection26 ELECTION round 0: submit vote requests at term 1 for -1: peers:[bff1bba2-2b6d-4994-8ead-d2e5b7e1f8d7|10.1.0.44:15157]|listeners:[], old=null
2024-01-18 21:14:05,763 [bff1bba2-2b6d-4994-8ead-d2e5b7e1f8d7@group-2FF8BF406414-LeaderElection26] INFO  impl.LeaderElection (LeaderElection.java:askForVotes(323)) - bff1bba2-2b6d-4994-8ead-d2e5b7e1f8d7@group-2FF8BF406414-LeaderElection26 ELECTION round 0: result PASSED (term=1)
2024-01-18 21:14:05,763 [bff1bba2-2b6d-4994-8ead-d2e5b7e1f8d7@group-2FF8BF406414-LeaderElection26] INFO  impl.RoleInfo (RoleInfo.java:shutdownLeaderElection(130)) - bff1bba2-2b6d-4994-8ead-d2e5b7e1f8d7: shutdown bff1bba2-2b6d-4994-8ead-d2e5b7e1f8d7@group-2FF8BF406414-LeaderElection26
2024-01-18 21:14:05,764 [bff1bba2-2b6d-4994-8ead-d2e5b7e1f8d7@group-2FF8BF406414-LeaderElection26] INFO  server.RaftServer$Division (RaftServerImpl.java:setRole(383)) - bff1bba2-2b6d-4994-8ead-d2e5b7e1f8d7@group-2FF8BF406414: changes role from CANDIDATE to LEADER at term 1 for changeToLeader
2024-01-18 21:14:05,764 [bff1bba2-2b6d-4994-8ead-d2e5b7e1f8d7@group-2FF8BF406414-LeaderElection26] INFO  server.RaftServerConfigKeys (ConfUtils.java:logGet(46)) - raft.server.staging.catchup.gap = 1000 (default)
2024-01-18 21:14:05,764 [bff1bba2-2b6d-4994-8ead-d2e5b7e1f8d7@group-2FF8BF406414-LeaderElection26] INFO  server.RaftServerConfigKeys (ConfUtils.java:logGet(46)) - raft.server.write.element-limit = 1024 (custom)
2024-01-18 21:14:05,764 [bff1bba2-2b6d-4994-8ead-d2e5b7e1f8d7@group-2FF8BF406414-LeaderElection26] INFO  server.RaftServerConfigKeys (ConfUtils.java:logGet(46)) - raft.server.write.byte-limit = 1024 M (=1073741824) (custom)
2024-01-18 21:14:05,764 [bff1bba2-2b6d-4994-8ead-d2e5b7e1f8d7@group-2FF8BF406414-LeaderElection26] INFO  server.RaftServerConfigKeys (ConfUtils.java:logGet(46)) - raft.server.watch.timeout = 3000ms (custom)
2024-01-18 21:14:05,764 [bff1bba2-2b6d-4994-8ead-d2e5b7e1f8d7@group-2FF8BF406414-LeaderElection26] INFO  server.RaftServerConfigKeys (ConfUtils.java:logGet(46)) - raft.server.watch.timeout.denomination = 1s (default)
2024-01-18 21:14:05,764 [bff1bba2-2b6d-4994-8ead-d2e5b7e1f8d7@group-2FF8BF406414-LeaderElection26] INFO  server.RaftServerConfigKeys (ConfUtils.java:logGet(46)) - raft.server.watch.element-limit = 65536 (default)
2024-01-18 21:14:05,764 [bff1bba2-2b6d-4994-8ead-d2e5b7e1f8d7@group-2FF8BF406414-LeaderElection26] INFO  server.RaftServerConfigKeys (ConfUtils.java:logGet(46)) - raft.server.read.leader.lease.enabled = false (default)
2024-01-18 21:14:05,764 [bff1bba2-2b6d-4994-8ead-d2e5b7e1f8d7@group-2FF8BF406414-LeaderElection26] INFO  server.RaftServerConfigKeys (ConfUtils.java:logGet(46)) - raft.server.read.leader.lease.timeout.ratio = 0.9 (default)
2024-01-18 21:14:05,764 [bff1bba2-2b6d-4994-8ead-d2e5b7e1f8d7@group-2FF8BF406414-LeaderElection26] INFO  server.RaftServerConfigKeys (ConfUtils.java:logGet(46)) - raft.server.rpc.timeout.min = 5s (custom)
2024-01-18 21:14:05,764 [bff1bba2-2b6d-4994-8ead-d2e5b7e1f8d7@group-2FF8BF406414-LeaderElection26] INFO  server.RaftServerConfigKeys (ConfUtils.java:logGet(46)) - raft.server.write.element-limit = 1024 (custom)
2024-01-18 21:14:05,765 [bff1bba2-2b6d-4994-8ead-d2e5b7e1f8d7@group-2FF8BF406414-LeaderElection26] INFO  server.RaftServerConfigKeys (ConfUtils.java:logGet(46)) - raft.server.write.follower.gap.ratio.max = -1.0 (default)
2024-01-18 21:14:05,765 [bff1bba2-2b6d-4994-8ead-d2e5b7e1f8d7@group-2FF8BF406414-LeaderElection26] INFO  impl.RoleInfo (RoleInfo.java:updateAndGet(139)) - bff1bba2-2b6d-4994-8ead-d2e5b7e1f8d7: start bff1bba2-2b6d-4994-8ead-d2e5b7e1f8d7@group-2FF8BF406414-LeaderStateImpl
2024-01-18 21:14:05,765 [bff1bba2-2b6d-4994-8ead-d2e5b7e1f8d7@group-2FF8BF406414-LeaderElection26] INFO  server.RaftServer$Division (RaftServerImpl.java:setFirstElection(574)) - bff1bba2-2b6d-4994-8ead-d2e5b7e1f8d7@group-2FF8BF406414: set firstElectionSinceStartup to false for becomeLeader
2024-01-18 21:14:05,765 [bff1bba2-2b6d-4994-8ead-d2e5b7e1f8d7@group-2FF8BF406414-LeaderElection26] INFO  ratis.XceiverServerRatis (XceiverServerRatis.java:handleLeaderChangedNotification(945)) - Leader change notification received for group: group-2FF8BF406414 with new leaderId: bff1bba2-2b6d-4994-8ead-d2e5b7e1f8d7
2024-01-18 21:14:05,765 [bff1bba2-2b6d-4994-8ead-d2e5b7e1f8d7@group-2FF8BF406414-LeaderElection26] INFO  server.RaftServer$Division (ServerState.java:setLeader(269)) - bff1bba2-2b6d-4994-8ead-d2e5b7e1f8d7@group-2FF8BF406414: change Leader from null to bff1bba2-2b6d-4994-8ead-d2e5b7e1f8d7 at term 1 for becomeLeader, leader elected after 5051ms
2024-01-18 21:14:05,765 [bff1bba2-2b6d-4994-8ead-d2e5b7e1f8d7@group-2FF8BF406414-LeaderElection26] INFO  segmented.SegmentedRaftLogWorker (SegmentedRaftLogWorker.java:startLogSegment(430)) - bff1bba2-2b6d-4994-8ead-d2e5b7e1f8d7@group-2FF8BF406414-SegmentedRaftLogWorker: Starting segment from index:0
2024-01-18 21:14:05,766 [bff1bba2-2b6d-4994-8ead-d2e5b7e1f8d7@group-2FF8BF406414-SegmentedRaftLogWorker] INFO  segmented.BufferedWriteChannel (BufferedWriteChannel.java:open(62)) - open log_inprogress_0 at position 0
2024-01-18 21:14:05,767 [bff1bba2-2b6d-4994-8ead-d2e5b7e1f8d7@group-2FF8BF406414-LeaderElection26] INFO  server.RaftServer$Division (ServerState.java:setRaftConf(386)) - bff1bba2-2b6d-4994-8ead-d2e5b7e1f8d7@group-2FF8BF406414: set configuration 0: peers:[bff1bba2-2b6d-4994-8ead-d2e5b7e1f8d7|10.1.0.44:15157]|listeners:[], old=null
2024-01-18 21:14:05,773 [bff1bba2-2b6d-4994-8ead-d2e5b7e1f8d7@group-2FF8BF406414-SegmentedRaftLogWorker] INFO  segmented.SegmentedRaftLogWorker (SegmentedRaftLogWorker.java:execute(634)) - bff1bba2-2b6d-4994-8ead-d2e5b7e1f8d7@group-2FF8BF406414-SegmentedRaftLogWorker: created new log segment /home/runner/work/ozone/ozone/hadoop-ozone/integration-test/target/test-dir/MiniOzoneClusterImpl-31edb46a-ccfd-4ac6-802d-5dd746a085ff/datanode-6/data/ratis/b7cd2e69-3ec7-43b1-92c2-2ff8bf406414/current/log_inprogress_0
2024-01-18 21:14:05,774 [bff1bba2-2b6d-4994-8ead-d2e5b7e1f8d7@group-2FF8BF406414-StateMachineUpdater] INFO  server.RaftServer$Division (LeaderStateImpl.java:isApplied(320)) - leader is ready since appliedIndex == 0 >= startIndex == 0
2024-01-18 21:14:05,817 [2a2b30f3-c6d3-4b10-97ff-b0c22fa05b40@group-92F7B8E5DABF-FollowerState] INFO  impl.FollowerState (FollowerState.java:run(143)) - 2a2b30f3-c6d3-4b10-97ff-b0c22fa05b40@group-92F7B8E5DABF-FollowerState: change to CANDIDATE, lastRpcElapsedTime:5193549325ns, electionTimeout:5193ms
2024-01-18 21:14:05,817 [2a2b30f3-c6d3-4b10-97ff-b0c22fa05b40@group-92F7B8E5DABF-FollowerState] INFO  impl.RoleInfo (RoleInfo.java:shutdownFollowerState(110)) - 2a2b30f3-c6d3-4b10-97ff-b0c22fa05b40: shutdown 2a2b30f3-c6d3-4b10-97ff-b0c22fa05b40@group-92F7B8E5DABF-FollowerState
2024-01-18 21:14:05,817 [2a2b30f3-c6d3-4b10-97ff-b0c22fa05b40@group-92F7B8E5DABF-FollowerState] INFO  server.RaftServer$Division (RaftServerImpl.java:setRole(383)) - 2a2b30f3-c6d3-4b10-97ff-b0c22fa05b40@group-92F7B8E5DABF: changes role from  FOLLOWER to CANDIDATE at term 0 for changeToCandidate
2024-01-18 21:14:05,817 [2a2b30f3-c6d3-4b10-97ff-b0c22fa05b40@group-92F7B8E5DABF-FollowerState] INFO  server.RaftServerConfigKeys (ConfUtils.java:logGet(46)) - raft.server.leaderelection.pre-vote = true (default)
2024-01-18 21:14:05,817 [2a2b30f3-c6d3-4b10-97ff-b0c22fa05b40@group-92F7B8E5DABF-FollowerState] INFO  impl.RoleInfo (RoleInfo.java:updateAndGet(139)) - 2a2b30f3-c6d3-4b10-97ff-b0c22fa05b40: start 2a2b30f3-c6d3-4b10-97ff-b0c22fa05b40@group-92F7B8E5DABF-LeaderElection27
2024-01-18 21:14:05,819 [2a2b30f3-c6d3-4b10-97ff-b0c22fa05b40@group-92F7B8E5DABF-LeaderElection27] INFO  impl.LeaderElection (LeaderElection.java:askForVotes(321)) - 2a2b30f3-c6d3-4b10-97ff-b0c22fa05b40@group-92F7B8E5DABF-LeaderElection27 PRE_VOTE round 0: submit vote requests at term 0 for -1: peers:[2a2b30f3-c6d3-4b10-97ff-b0c22fa05b40|10.1.0.44:15148]|listeners:[], old=null
2024-01-18 21:14:05,820 [2a2b30f3-c6d3-4b10-97ff-b0c22fa05b40@group-92F7B8E5DABF-LeaderElection27] INFO  impl.LeaderElection (LeaderElection.java:askForVotes(323)) - 2a2b30f3-c6d3-4b10-97ff-b0c22fa05b40@group-92F7B8E5DABF-LeaderElection27 PRE_VOTE round 0: result PASSED (term=0)
2024-01-18 21:14:05,820 [2a2b30f3-c6d3-4b10-97ff-b0c22fa05b40@group-92F7B8E5DABF-LeaderElection27] INFO  impl.LeaderElection (LeaderElection.java:askForVotes(321)) - 2a2b30f3-c6d3-4b10-97ff-b0c22fa05b40@group-92F7B8E5DABF-LeaderElection27 ELECTION round 0: submit vote requests at term 1 for -1: peers:[2a2b30f3-c6d3-4b10-97ff-b0c22fa05b40|10.1.0.44:15148]|listeners:[], old=null
2024-01-18 21:14:05,820 [2a2b30f3-c6d3-4b10-97ff-b0c22fa05b40@group-92F7B8E5DABF-LeaderElection27] INFO  impl.LeaderElection (LeaderElection.java:askForVotes(323)) - 2a2b30f3-c6d3-4b10-97ff-b0c22fa05b40@group-92F7B8E5DABF-LeaderElection27 ELECTION round 0: result PASSED (term=1)
2024-01-18 21:14:05,821 [2a2b30f3-c6d3-4b10-97ff-b0c22fa05b40@group-92F7B8E5DABF-LeaderElection27] INFO  impl.RoleInfo (RoleInfo.java:shutdownLeaderElection(130)) - 2a2b30f3-c6d3-4b10-97ff-b0c22fa05b40: shutdown 2a2b30f3-c6d3-4b10-97ff-b0c22fa05b40@group-92F7B8E5DABF-LeaderElection27
2024-01-18 21:14:05,821 [2a2b30f3-c6d3-4b10-97ff-b0c22fa05b40@group-92F7B8E5DABF-LeaderElection27] INFO  server.RaftServer$Division (RaftServerImpl.java:setRole(383)) - 2a2b30f3-c6d3-4b10-97ff-b0c22fa05b40@group-92F7B8E5DABF: changes role from CANDIDATE to LEADER at term 1 for changeToLeader
2024-01-18 21:14:05,821 [2a2b30f3-c6d3-4b10-97ff-b0c22fa05b40@group-92F7B8E5DABF-LeaderElection27] INFO  server.RaftServerConfigKeys (ConfUtils.java:logGet(46)) - raft.server.staging.catchup.gap = 1000 (default)
2024-01-18 21:14:05,821 [2a2b30f3-c6d3-4b10-97ff-b0c22fa05b40@group-92F7B8E5DABF-LeaderElection27] INFO  server.RaftServerConfigKeys (ConfUtils.java:logGet(46)) - raft.server.write.element-limit = 1024 (custom)
2024-01-18 21:14:05,821 [2a2b30f3-c6d3-4b10-97ff-b0c22fa05b40@group-92F7B8E5DABF-LeaderElection27] INFO  server.RaftServerConfigKeys (ConfUtils.java:logGet(46)) - raft.server.write.byte-limit = 1024 M (=1073741824) (custom)
2024-01-18 21:14:05,821 [2a2b30f3-c6d3-4b10-97ff-b0c22fa05b40@group-92F7B8E5DABF-LeaderElection27] INFO  server.RaftServerConfigKeys (ConfUtils.java:logGet(46)) - raft.server.watch.timeout = 3000ms (custom)
2024-01-18 21:14:05,821 [2a2b30f3-c6d3-4b10-97ff-b0c22fa05b40@group-92F7B8E5DABF-LeaderElection27] INFO  server.RaftServerConfigKeys (ConfUtils.java:logGet(46)) - raft.server.watch.timeout.denomination = 1s (default)
2024-01-18 21:14:05,821 [2a2b30f3-c6d3-4b10-97ff-b0c22fa05b40@group-92F7B8E5DABF-LeaderElection27] INFO  server.RaftServerConfigKeys (ConfUtils.java:logGet(46)) - raft.server.watch.element-limit = 65536 (default)
2024-01-18 21:14:05,821 [2a2b30f3-c6d3-4b10-97ff-b0c22fa05b40@group-92F7B8E5DABF-LeaderElection27] INFO  server.RaftServerConfigKeys (ConfUtils.java:logGet(46)) - raft.server.read.leader.lease.enabled = false (default)
2024-01-18 21:14:05,821 [2a2b30f3-c6d3-4b10-97ff-b0c22fa05b40@group-92F7B8E5DABF-LeaderElection27] INFO  server.RaftServerConfigKeys (ConfUtils.java:logGet(46)) - raft.server.read.leader.lease.timeout.ratio = 0.9 (default)
2024-01-18 21:14:05,821 [2a2b30f3-c6d3-4b10-97ff-b0c22fa05b40@group-92F7B8E5DABF-LeaderElection27] INFO  server.RaftServerConfigKeys (ConfUtils.java:logGet(46)) - raft.server.rpc.timeout.min = 5s (custom)
2024-01-18 21:14:05,821 [2a2b30f3-c6d3-4b10-97ff-b0c22fa05b40@group-92F7B8E5DABF-LeaderElection27] INFO  server.RaftServerConfigKeys (ConfUtils.java:logGet(46)) - raft.server.write.element-limit = 1024 (custom)
2024-01-18 21:14:05,821 [2a2b30f3-c6d3-4b10-97ff-b0c22fa05b40@group-92F7B8E5DABF-LeaderElection27] INFO  server.RaftServerConfigKeys (ConfUtils.java:logGet(46)) - raft.server.write.follower.gap.ratio.max = -1.0 (default)
2024-01-18 21:14:05,821 [2a2b30f3-c6d3-4b10-97ff-b0c22fa05b40@group-92F7B8E5DABF-LeaderElection27] INFO  impl.RoleInfo (RoleInfo.java:updateAndGet(139)) - 2a2b30f3-c6d3-4b10-97ff-b0c22fa05b40: start 2a2b30f3-c6d3-4b10-97ff-b0c22fa05b40@group-92F7B8E5DABF-LeaderStateImpl
2024-01-18 21:14:05,821 [2a2b30f3-c6d3-4b10-97ff-b0c22fa05b40@group-92F7B8E5DABF-LeaderElection27] INFO  server.RaftServer$Division (RaftServerImpl.java:setFirstElection(574)) - 2a2b30f3-c6d3-4b10-97ff-b0c22fa05b40@group-92F7B8E5DABF: set firstElectionSinceStartup to false for becomeLeader
2024-01-18 21:14:05,821 [2a2b30f3-c6d3-4b10-97ff-b0c22fa05b40@group-92F7B8E5DABF-LeaderElection27] INFO  ratis.XceiverServerRatis (XceiverServerRatis.java:handleLeaderChangedNotification(945)) - Leader change notification received for group: group-92F7B8E5DABF with new leaderId: 2a2b30f3-c6d3-4b10-97ff-b0c22fa05b40
2024-01-18 21:14:05,822 [2a2b30f3-c6d3-4b10-97ff-b0c22fa05b40@group-92F7B8E5DABF-LeaderElection27] INFO  server.RaftServer$Division (ServerState.java:setLeader(269)) - 2a2b30f3-c6d3-4b10-97ff-b0c22fa05b40@group-92F7B8E5DABF: change Leader from null to 2a2b30f3-c6d3-4b10-97ff-b0c22fa05b40 at term 1 for becomeLeader, leader elected after 5208ms
2024-01-18 21:14:05,822 [2a2b30f3-c6d3-4b10-97ff-b0c22fa05b40@group-92F7B8E5DABF-LeaderElection27] INFO  segmented.SegmentedRaftLogWorker (SegmentedRaftLogWorker.java:startLogSegment(430)) - 2a2b30f3-c6d3-4b10-97ff-b0c22fa05b40@group-92F7B8E5DABF-SegmentedRaftLogWorker: Starting segment from index:0
2024-01-18 21:14:05,822 [2a2b30f3-c6d3-4b10-97ff-b0c22fa05b40@group-92F7B8E5DABF-SegmentedRaftLogWorker] INFO  segmented.BufferedWriteChannel (BufferedWriteChannel.java:open(62)) - open log_inprogress_0 at position 0
2024-01-18 21:14:05,827 [2a2b30f3-c6d3-4b10-97ff-b0c22fa05b40@group-92F7B8E5DABF-LeaderElection27] INFO  server.RaftServer$Division (ServerState.java:setRaftConf(386)) - 2a2b30f3-c6d3-4b10-97ff-b0c22fa05b40@group-92F7B8E5DABF: set configuration 0: peers:[2a2b30f3-c6d3-4b10-97ff-b0c22fa05b40|10.1.0.44:15148]|listeners:[], old=null
2024-01-18 21:14:05,830 [2a2b30f3-c6d3-4b10-97ff-b0c22fa05b40@group-92F7B8E5DABF-SegmentedRaftLogWorker] INFO  segmented.SegmentedRaftLogWorker (SegmentedRaftLogWorker.java:execute(634)) - 2a2b30f3-c6d3-4b10-97ff-b0c22fa05b40@group-92F7B8E5DABF-SegmentedRaftLogWorker: created new log segment /home/runner/work/ozone/ozone/hadoop-ozone/integration-test/target/test-dir/MiniOzoneClusterImpl-31edb46a-ccfd-4ac6-802d-5dd746a085ff/datanode-5/data/ratis/fc6e7408-d8c6-43bf-92ee-92f7b8e5dabf/current/log_inprogress_0
2024-01-18 21:14:05,832 [2a2b30f3-c6d3-4b10-97ff-b0c22fa05b40@group-92F7B8E5DABF-StateMachineUpdater] INFO  server.RaftServer$Division (LeaderStateImpl.java:isApplied(320)) - leader is ready since appliedIndex == 0 >= startIndex == 0
2024-01-18 21:14:05,856 [bff1bba2-2b6d-4994-8ead-d2e5b7e1f8d7@group-BE0C52996DBE-FollowerState] INFO  impl.FollowerState (FollowerState.java:run(143)) - bff1bba2-2b6d-4994-8ead-d2e5b7e1f8d7@group-BE0C52996DBE-FollowerState: change to CANDIDATE, lastRpcElapsedTime:5111485143ns, electionTimeout:5111ms
2024-01-18 21:14:05,856 [bff1bba2-2b6d-4994-8ead-d2e5b7e1f8d7@group-BE0C52996DBE-FollowerState] INFO  impl.RoleInfo (RoleInfo.java:shutdownFollowerState(110)) - bff1bba2-2b6d-4994-8ead-d2e5b7e1f8d7: shutdown bff1bba2-2b6d-4994-8ead-d2e5b7e1f8d7@group-BE0C52996DBE-FollowerState
2024-01-18 21:14:05,856 [bff1bba2-2b6d-4994-8ead-d2e5b7e1f8d7@group-BE0C52996DBE-FollowerState] INFO  server.RaftServer$Division (RaftServerImpl.java:setRole(383)) - bff1bba2-2b6d-4994-8ead-d2e5b7e1f8d7@group-BE0C52996DBE: changes role from  FOLLOWER to CANDIDATE at term 0 for changeToCandidate
2024-01-18 21:14:05,856 [bff1bba2-2b6d-4994-8ead-d2e5b7e1f8d7@group-BE0C52996DBE-FollowerState] INFO  server.RaftServerConfigKeys (ConfUtils.java:logGet(46)) - raft.server.leaderelection.pre-vote = true (default)
2024-01-18 21:14:05,856 [bff1bba2-2b6d-4994-8ead-d2e5b7e1f8d7@group-BE0C52996DBE-FollowerState] INFO  impl.RoleInfo (RoleInfo.java:updateAndGet(139)) - bff1bba2-2b6d-4994-8ead-d2e5b7e1f8d7: start bff1bba2-2b6d-4994-8ead-d2e5b7e1f8d7@group-BE0C52996DBE-LeaderElection28
2024-01-18 21:14:05,859 [bff1bba2-2b6d-4994-8ead-d2e5b7e1f8d7@group-BE0C52996DBE-LeaderElection28] INFO  impl.LeaderElection (LeaderElection.java:askForVotes(321)) - bff1bba2-2b6d-4994-8ead-d2e5b7e1f8d7@group-BE0C52996DBE-LeaderElection28 PRE_VOTE round 0: submit vote requests at term 0 for -1: peers:[bff1bba2-2b6d-4994-8ead-d2e5b7e1f8d7|10.1.0.44:15157, ea523e53-c226-4491-8cf7-936e653545c3|10.1.0.44:15166, 0c097caf-3b45-4555-a1b1-3d0f2c4aaf7a|10.1.0.44:15175]|listeners:[], old=null
2024-01-18 21:14:05,859 [bff1bba2-2b6d-4994-8ead-d2e5b7e1f8d7@group-BE0C52996DBE-LeaderElection28-1] INFO  server.GrpcServerProtocolClient (GrpcServerProtocolClient.java:<init>(65)) - Build channel for ea523e53-c226-4491-8cf7-936e653545c3|10.1.0.44:15166
2024-01-18 21:14:05,859 [bff1bba2-2b6d-4994-8ead-d2e5b7e1f8d7@group-BE0C52996DBE-LeaderElection28] INFO  server.RaftServerConfigKeys (ConfUtils.java:logFallback(53)) - raft.server.rpc.first-election.timeout.min = 5s (fallback to raft.server.rpc.timeout.min)
2024-01-18 21:14:05,859 [bff1bba2-2b6d-4994-8ead-d2e5b7e1f8d7@group-BE0C52996DBE-LeaderElection28] INFO  server.RaftServerConfigKeys (ConfUtils.java:logFallback(53)) - raft.server.rpc.first-election.timeout.max = 5200ms (fallback to raft.server.rpc.timeout.max)
2024-01-18 21:14:05,859 [bff1bba2-2b6d-4994-8ead-d2e5b7e1f8d7@group-BE0C52996DBE-LeaderElection28-2] INFO  server.GrpcServerProtocolClient (GrpcServerProtocolClient.java:<init>(65)) - Build channel for 0c097caf-3b45-4555-a1b1-3d0f2c4aaf7a|10.1.0.44:15175
2024-01-18 21:14:05,864 [grpc-default-executor-4] INFO  server.RaftServer$Division (RaftServerImpl.java:requestVote(1389)) - ea523e53-c226-4491-8cf7-936e653545c3@group-BE0C52996DBE: receive requestVote(PRE_VOTE, bff1bba2-2b6d-4994-8ead-d2e5b7e1f8d7, group-BE0C52996DBE, 0, (t:0, i:0))
2024-01-18 21:14:05,864 [grpc-default-executor-4] INFO  impl.VoteContext (VoteContext.java:log(49)) - ea523e53-c226-4491-8cf7-936e653545c3@group-BE0C52996DBE-FOLLOWER: accept PRE_VOTE from bff1bba2-2b6d-4994-8ead-d2e5b7e1f8d7: our priority 0 <= candidate's priority 1
2024-01-18 21:14:05,864 [grpc-default-executor-4] INFO  server.RaftServer$Division (RaftServerImpl.java:requestVote(1422)) - ea523e53-c226-4491-8cf7-936e653545c3@group-BE0C52996DBE replies to PRE_VOTE vote request: bff1bba2-2b6d-4994-8ead-d2e5b7e1f8d7<-ea523e53-c226-4491-8cf7-936e653545c3#0:OK-t0. Peer's state: ea523e53-c226-4491-8cf7-936e653545c3@group-BE0C52996DBE:t0, leader=null, voted=, raftlog=Memoized:ea523e53-c226-4491-8cf7-936e653545c3@group-BE0C52996DBE-SegmentedRaftLog:OPENED:c-1, conf=-1: peers:[bff1bba2-2b6d-4994-8ead-d2e5b7e1f8d7|10.1.0.44:15157, ea523e53-c226-4491-8cf7-936e653545c3|10.1.0.44:15166, 0c097caf-3b45-4555-a1b1-3d0f2c4aaf7a|10.1.0.44:15175]|listeners:[], old=null
2024-01-18 21:14:05,866 [bff1bba2-2b6d-4994-8ead-d2e5b7e1f8d7@group-BE0C52996DBE-LeaderElection28] INFO  impl.LeaderElection (LeaderElection.java:logAndReturn(89)) - bff1bba2-2b6d-4994-8ead-d2e5b7e1f8d7@group-BE0C52996DBE-LeaderElection28: PRE_VOTE PASSED received 1 response(s) and 0 exception(s):
2024-01-18 21:14:05,866 [grpc-default-executor-2] INFO  server.RaftServer$Division (RaftServerImpl.java:requestVote(1389)) - 0c097caf-3b45-4555-a1b1-3d0f2c4aaf7a@group-BE0C52996DBE: receive requestVote(PRE_VOTE, bff1bba2-2b6d-4994-8ead-d2e5b7e1f8d7, group-BE0C52996DBE, 0, (t:0, i:0))
2024-01-18 21:14:05,866 [bff1bba2-2b6d-4994-8ead-d2e5b7e1f8d7@group-BE0C52996DBE-LeaderElection28] INFO  impl.LeaderElection (LeaderElection.java:logAndReturn(93)) -   Response 0: bff1bba2-2b6d-4994-8ead-d2e5b7e1f8d7<-ea523e53-c226-4491-8cf7-936e653545c3#0:OK-t0
2024-01-18 21:14:05,866 [bff1bba2-2b6d-4994-8ead-d2e5b7e1f8d7@group-BE0C52996DBE-LeaderElection28] INFO  impl.LeaderElection (LeaderElection.java:askForVotes(323)) - bff1bba2-2b6d-4994-8ead-d2e5b7e1f8d7@group-BE0C52996DBE-LeaderElection28 PRE_VOTE round 0: result PASSED
2024-01-18 21:14:05,866 [grpc-default-executor-2] INFO  impl.VoteContext (VoteContext.java:log(49)) - 0c097caf-3b45-4555-a1b1-3d0f2c4aaf7a@group-BE0C52996DBE-FOLLOWER: accept PRE_VOTE from bff1bba2-2b6d-4994-8ead-d2e5b7e1f8d7: our priority 0 <= candidate's priority 1
2024-01-18 21:14:05,866 [grpc-default-executor-2] INFO  server.RaftServer$Division (RaftServerImpl.java:requestVote(1422)) - 0c097caf-3b45-4555-a1b1-3d0f2c4aaf7a@group-BE0C52996DBE replies to PRE_VOTE vote request: bff1bba2-2b6d-4994-8ead-d2e5b7e1f8d7<-0c097caf-3b45-4555-a1b1-3d0f2c4aaf7a#0:OK-t0. Peer's state: 0c097caf-3b45-4555-a1b1-3d0f2c4aaf7a@group-BE0C52996DBE:t0, leader=null, voted=, raftlog=Memoized:0c097caf-3b45-4555-a1b1-3d0f2c4aaf7a@group-BE0C52996DBE-SegmentedRaftLog:OPENED:c-1, conf=-1: peers:[bff1bba2-2b6d-4994-8ead-d2e5b7e1f8d7|10.1.0.44:15157, ea523e53-c226-4491-8cf7-936e653545c3|10.1.0.44:15166, 0c097caf-3b45-4555-a1b1-3d0f2c4aaf7a|10.1.0.44:15175]|listeners:[], old=null
2024-01-18 21:14:05,870 [bff1bba2-2b6d-4994-8ead-d2e5b7e1f8d7@group-BE0C52996DBE-LeaderElection28] INFO  impl.LeaderElection (LeaderElection.java:askForVotes(321)) - bff1bba2-2b6d-4994-8ead-d2e5b7e1f8d7@group-BE0C52996DBE-LeaderElection28 ELECTION round 0: submit vote requests at term 1 for -1: peers:[bff1bba2-2b6d-4994-8ead-d2e5b7e1f8d7|10.1.0.44:15157, ea523e53-c226-4491-8cf7-936e653545c3|10.1.0.44:15166, 0c097caf-3b45-4555-a1b1-3d0f2c4aaf7a|10.1.0.44:15175]|listeners:[], old=null
2024-01-18 21:14:05,871 [bff1bba2-2b6d-4994-8ead-d2e5b7e1f8d7@group-BE0C52996DBE-LeaderElection28] INFO  server.RaftServerConfigKeys (ConfUtils.java:logFallback(53)) - raft.server.rpc.first-election.timeout.min = 5s (fallback to raft.server.rpc.timeout.min)
2024-01-18 21:14:05,871 [bff1bba2-2b6d-4994-8ead-d2e5b7e1f8d7@group-BE0C52996DBE-LeaderElection28] INFO  server.RaftServerConfigKeys (ConfUtils.java:logFallback(53)) - raft.server.rpc.first-election.timeout.max = 5200ms (fallback to raft.server.rpc.timeout.max)
2024-01-18 21:14:05,872 [grpc-default-executor-2] INFO  server.RaftServer$Division (RaftServerImpl.java:requestVote(1389)) - ea523e53-c226-4491-8cf7-936e653545c3@group-BE0C52996DBE: receive requestVote(ELECTION, bff1bba2-2b6d-4994-8ead-d2e5b7e1f8d7, group-BE0C52996DBE, 1, (t:0, i:0))
2024-01-18 21:14:05,872 [grpc-default-executor-2] INFO  impl.VoteContext (VoteContext.java:log(49)) - ea523e53-c226-4491-8cf7-936e653545c3@group-BE0C52996DBE-FOLLOWER: accept ELECTION from bff1bba2-2b6d-4994-8ead-d2e5b7e1f8d7: our priority 0 <= candidate's priority 1
2024-01-18 21:14:05,873 [grpc-default-executor-4] INFO  server.RaftServer$Division (RaftServerImpl.java:requestVote(1389)) - 0c097caf-3b45-4555-a1b1-3d0f2c4aaf7a@group-BE0C52996DBE: receive requestVote(ELECTION, bff1bba2-2b6d-4994-8ead-d2e5b7e1f8d7, group-BE0C52996DBE, 1, (t:0, i:0))
2024-01-18 21:14:05,873 [grpc-default-executor-2] INFO  server.RaftServer$Division (RaftServerImpl.java:setRole(383)) - ea523e53-c226-4491-8cf7-936e653545c3@group-BE0C52996DBE: changes role from  FOLLOWER to FOLLOWER at term 1 for candidate:bff1bba2-2b6d-4994-8ead-d2e5b7e1f8d7
2024-01-18 21:14:05,873 [grpc-default-executor-4] INFO  impl.VoteContext (VoteContext.java:log(49)) - 0c097caf-3b45-4555-a1b1-3d0f2c4aaf7a@group-BE0C52996DBE-FOLLOWER: accept ELECTION from bff1bba2-2b6d-4994-8ead-d2e5b7e1f8d7: our priority 0 <= candidate's priority 1
2024-01-18 21:14:05,873 [grpc-default-executor-2] INFO  impl.RoleInfo (RoleInfo.java:shutdownFollowerState(110)) - ea523e53-c226-4491-8cf7-936e653545c3: shutdown ea523e53-c226-4491-8cf7-936e653545c3@group-BE0C52996DBE-FollowerState
2024-01-18 21:14:05,874 [grpc-default-executor-2] INFO  impl.RoleInfo (RoleInfo.java:updateAndGet(139)) - ea523e53-c226-4491-8cf7-936e653545c3: start ea523e53-c226-4491-8cf7-936e653545c3@group-BE0C52996DBE-FollowerState
2024-01-18 21:14:05,873 [grpc-default-executor-4] INFO  server.RaftServer$Division (RaftServerImpl.java:setRole(383)) - 0c097caf-3b45-4555-a1b1-3d0f2c4aaf7a@group-BE0C52996DBE: changes role from  FOLLOWER to FOLLOWER at term 1 for candidate:bff1bba2-2b6d-4994-8ead-d2e5b7e1f8d7
2024-01-18 21:14:05,874 [grpc-default-executor-4] INFO  impl.RoleInfo (RoleInfo.java:shutdownFollowerState(110)) - 0c097caf-3b45-4555-a1b1-3d0f2c4aaf7a: shutdown 0c097caf-3b45-4555-a1b1-3d0f2c4aaf7a@group-BE0C52996DBE-FollowerState
2024-01-18 21:14:05,874 [grpc-default-executor-4] INFO  impl.RoleInfo (RoleInfo.java:updateAndGet(139)) - 0c097caf-3b45-4555-a1b1-3d0f2c4aaf7a: start 0c097caf-3b45-4555-a1b1-3d0f2c4aaf7a@group-BE0C52996DBE-FollowerState
2024-01-18 21:14:05,874 [0c097caf-3b45-4555-a1b1-3d0f2c4aaf7a@group-BE0C52996DBE-FollowerState] INFO  impl.FollowerState (FollowerState.java:run(152)) - 0c097caf-3b45-4555-a1b1-3d0f2c4aaf7a@group-BE0C52996DBE-FollowerState was interrupted
2024-01-18 21:14:05,874 [grpc-default-executor-2] INFO  server.RaftServer$Division (RaftServerImpl.java:setFirstElection(574)) - ea523e53-c226-4491-8cf7-936e653545c3@group-BE0C52996DBE: set firstElectionSinceStartup to false for candidate:bff1bba2-2b6d-4994-8ead-d2e5b7e1f8d7
2024-01-18 21:14:05,874 [ea523e53-c226-4491-8cf7-936e653545c3@group-BE0C52996DBE-FollowerState] INFO  impl.FollowerState (FollowerState.java:run(152)) - ea523e53-c226-4491-8cf7-936e653545c3@group-BE0C52996DBE-FollowerState was interrupted
2024-01-18 21:14:05,874 [grpc-default-executor-4] INFO  server.RaftServer$Division (RaftServerImpl.java:setFirstElection(574)) - 0c097caf-3b45-4555-a1b1-3d0f2c4aaf7a@group-BE0C52996DBE: set firstElectionSinceStartup to false for candidate:bff1bba2-2b6d-4994-8ead-d2e5b7e1f8d7
2024-01-18 21:14:05,876 [grpc-default-executor-2] INFO  server.RaftServer$Division (RaftServerImpl.java:requestVote(1422)) - ea523e53-c226-4491-8cf7-936e653545c3@group-BE0C52996DBE replies to ELECTION vote request: bff1bba2-2b6d-4994-8ead-d2e5b7e1f8d7<-ea523e53-c226-4491-8cf7-936e653545c3#0:OK-t1. Peer's state: ea523e53-c226-4491-8cf7-936e653545c3@group-BE0C52996DBE:t1, leader=null, voted=bff1bba2-2b6d-4994-8ead-d2e5b7e1f8d7, raftlog=Memoized:ea523e53-c226-4491-8cf7-936e653545c3@group-BE0C52996DBE-SegmentedRaftLog:OPENED:c-1, conf=-1: peers:[bff1bba2-2b6d-4994-8ead-d2e5b7e1f8d7|10.1.0.44:15157, ea523e53-c226-4491-8cf7-936e653545c3|10.1.0.44:15166, 0c097caf-3b45-4555-a1b1-3d0f2c4aaf7a|10.1.0.44:15175]|listeners:[], old=null
2024-01-18 21:14:05,876 [grpc-default-executor-4] INFO  server.RaftServer$Division (RaftServerImpl.java:requestVote(1422)) - 0c097caf-3b45-4555-a1b1-3d0f2c4aaf7a@group-BE0C52996DBE replies to ELECTION vote request: bff1bba2-2b6d-4994-8ead-d2e5b7e1f8d7<-0c097caf-3b45-4555-a1b1-3d0f2c4aaf7a#0:OK-t1. Peer's state: 0c097caf-3b45-4555-a1b1-3d0f2c4aaf7a@group-BE0C52996DBE:t1, leader=null, voted=bff1bba2-2b6d-4994-8ead-d2e5b7e1f8d7, raftlog=Memoized:0c097caf-3b45-4555-a1b1-3d0f2c4aaf7a@group-BE0C52996DBE-SegmentedRaftLog:OPENED:c-1, conf=-1: peers:[bff1bba2-2b6d-4994-8ead-d2e5b7e1f8d7|10.1.0.44:15157, ea523e53-c226-4491-8cf7-936e653545c3|10.1.0.44:15166, 0c097caf-3b45-4555-a1b1-3d0f2c4aaf7a|10.1.0.44:15175]|listeners:[], old=null
2024-01-18 21:14:05,876 [bff1bba2-2b6d-4994-8ead-d2e5b7e1f8d7@group-BE0C52996DBE-LeaderElection28] INFO  impl.LeaderElection (LeaderElection.java:logAndReturn(89)) - bff1bba2-2b6d-4994-8ead-d2e5b7e1f8d7@group-BE0C52996DBE-LeaderElection28: ELECTION PASSED received 1 response(s) and 0 exception(s):
2024-01-18 21:14:05,876 [bff1bba2-2b6d-4994-8ead-d2e5b7e1f8d7@group-BE0C52996DBE-LeaderElection28] INFO  impl.LeaderElection (LeaderElection.java:logAndReturn(93)) -   Response 0: bff1bba2-2b6d-4994-8ead-d2e5b7e1f8d7<-ea523e53-c226-4491-8cf7-936e653545c3#0:OK-t1
2024-01-18 21:14:05,876 [bff1bba2-2b6d-4994-8ead-d2e5b7e1f8d7@group-BE0C52996DBE-LeaderElection28] INFO  impl.LeaderElection (LeaderElection.java:askForVotes(323)) - bff1bba2-2b6d-4994-8ead-d2e5b7e1f8d7@group-BE0C52996DBE-LeaderElection28 ELECTION round 0: result PASSED
2024-01-18 21:14:05,876 [bff1bba2-2b6d-4994-8ead-d2e5b7e1f8d7@group-BE0C52996DBE-LeaderElection28] INFO  impl.RoleInfo (RoleInfo.java:shutdownLeaderElection(130)) - bff1bba2-2b6d-4994-8ead-d2e5b7e1f8d7: shutdown bff1bba2-2b6d-4994-8ead-d2e5b7e1f8d7@group-BE0C52996DBE-LeaderElection28
2024-01-18 21:14:05,877 [bff1bba2-2b6d-4994-8ead-d2e5b7e1f8d7@group-BE0C52996DBE-LeaderElection28] INFO  server.RaftServer$Division (RaftServerImpl.java:setRole(383)) - bff1bba2-2b6d-4994-8ead-d2e5b7e1f8d7@group-BE0C52996DBE: changes role from CANDIDATE to LEADER at term 1 for changeToLeader
2024-01-18 21:14:05,877 [bff1bba2-2b6d-4994-8ead-d2e5b7e1f8d7@group-BE0C52996DBE-LeaderElection28] INFO  server.RaftServerConfigKeys (ConfUtils.java:logGet(46)) - raft.server.staging.catchup.gap = 1000 (default)
2024-01-18 21:14:05,877 [bff1bba2-2b6d-4994-8ead-d2e5b7e1f8d7@group-BE0C52996DBE-LeaderElection28] INFO  server.RaftServerConfigKeys (ConfUtils.java:logGet(46)) - raft.server.write.element-limit = 1024 (custom)
2024-01-18 21:14:05,877 [bff1bba2-2b6d-4994-8ead-d2e5b7e1f8d7@group-BE0C52996DBE-LeaderElection28] INFO  server.RaftServerConfigKeys (ConfUtils.java:logGet(46)) - raft.server.write.byte-limit = 1024 M (=1073741824) (custom)
2024-01-18 21:14:05,877 [bff1bba2-2b6d-4994-8ead-d2e5b7e1f8d7@group-BE0C52996DBE-LeaderElection28] INFO  server.RaftServerConfigKeys (ConfUtils.java:logGet(46)) - raft.server.watch.timeout = 3000ms (custom)
2024-01-18 21:14:05,877 [bff1bba2-2b6d-4994-8ead-d2e5b7e1f8d7@group-BE0C52996DBE-LeaderElection28] INFO  server.RaftServerConfigKeys (ConfUtils.java:logGet(46)) - raft.server.watch.timeout.denomination = 1s (default)
2024-01-18 21:14:05,877 [bff1bba2-2b6d-4994-8ead-d2e5b7e1f8d7@group-BE0C52996DBE-LeaderElection28] INFO  server.RaftServerConfigKeys (ConfUtils.java:logGet(46)) - raft.server.watch.element-limit = 65536 (default)
2024-01-18 21:14:05,877 [bff1bba2-2b6d-4994-8ead-d2e5b7e1f8d7@group-BE0C52996DBE-LeaderElection28] INFO  server.RaftServerConfigKeys (ConfUtils.java:logGet(46)) - raft.server.read.leader.lease.enabled = false (default)
2024-01-18 21:14:05,877 [bff1bba2-2b6d-4994-8ead-d2e5b7e1f8d7@group-BE0C52996DBE-LeaderElection28] INFO  server.RaftServerConfigKeys (ConfUtils.java:logGet(46)) - raft.server.read.leader.lease.timeout.ratio = 0.9 (default)
2024-01-18 21:14:05,877 [bff1bba2-2b6d-4994-8ead-d2e5b7e1f8d7@group-BE0C52996DBE-LeaderElection28] INFO  server.RaftServerConfigKeys (ConfUtils.java:logGet(46)) - raft.server.rpc.timeout.min = 5s (custom)
2024-01-18 21:14:05,877 [bff1bba2-2b6d-4994-8ead-d2e5b7e1f8d7@group-BE0C52996DBE-LeaderElection28] INFO  server.RaftServerConfigKeys (ConfUtils.java:logGet(46)) - raft.server.write.element-limit = 1024 (custom)
2024-01-18 21:14:05,877 [bff1bba2-2b6d-4994-8ead-d2e5b7e1f8d7@group-BE0C52996DBE-LeaderElection28] INFO  server.RaftServerConfigKeys (ConfUtils.java:logGet(46)) - raft.server.write.follower.gap.ratio.max = -1.0 (default)
2024-01-18 21:14:05,878 [bff1bba2-2b6d-4994-8ead-d2e5b7e1f8d7@group-BE0C52996DBE-LeaderElection28] INFO  server.RaftServerConfigKeys (ConfUtils.java:logGet(46)) - raft.server.log.appender.snapshot.chunk.size.max = 16MB (=16777216) (default)
2024-01-18 21:14:05,878 [bff1bba2-2b6d-4994-8ead-d2e5b7e1f8d7@group-BE0C52996DBE-LeaderElection28] INFO  server.RaftServerConfigKeys (ConfUtils.java:logGet(46)) - raft.server.log.appender.buffer.byte-limit = 8388608 (custom)
2024-01-18 21:14:05,878 [bff1bba2-2b6d-4994-8ead-d2e5b7e1f8d7@group-BE0C52996DBE-LeaderElection28] INFO  server.RaftServerConfigKeys (ConfUtils.java:logGet(46)) - raft.server.log.appender.buffer.element-limit = 1 (custom)
2024-01-18 21:14:05,878 [bff1bba2-2b6d-4994-8ead-d2e5b7e1f8d7@group-BE0C52996DBE-LeaderElection28] INFO  server.RaftServerConfigKeys (ConfUtils.java:logGet(46)) - raft.server.log.appender.wait-time.min = 0ms (custom)
2024-01-18 21:14:05,878 [bff1bba2-2b6d-4994-8ead-d2e5b7e1f8d7@group-BE0C52996DBE-LeaderElection28] INFO  grpc.GrpcConfigKeys (ConfUtils.java:logGet(46)) - raft.grpc.server.leader.outstanding.appends.max = 8 (default)
2024-01-18 21:14:05,878 [bff1bba2-2b6d-4994-8ead-d2e5b7e1f8d7@group-BE0C52996DBE-LeaderElection28] INFO  server.RaftServerConfigKeys (ConfUtils.java:logGet(46)) - raft.server.rpc.request.timeout = 3000ms (default)
2024-01-18 21:14:05,878 [bff1bba2-2b6d-4994-8ead-d2e5b7e1f8d7@group-BE0C52996DBE-LeaderElection28] INFO  grpc.GrpcConfigKeys (ConfUtils.java:logGet(46)) - raft.grpc.server.install_snapshot.request.element-limit = 8 (default)
2024-01-18 21:14:05,878 [bff1bba2-2b6d-4994-8ead-d2e5b7e1f8d7@group-BE0C52996DBE-LeaderElection28] INFO  grpc.GrpcConfigKeys (ConfUtils.java:logGet(46)) - raft.grpc.server.install_snapshot.request.timeout = 3000ms (default)
2024-01-18 21:14:05,878 [bff1bba2-2b6d-4994-8ead-d2e5b7e1f8d7@group-BE0C52996DBE-LeaderElection28] INFO  grpc.GrpcConfigKeys (ConfUtils.java:logGet(46)) - raft.grpc.server.log-message.batch.duration = 5s (default)
2024-01-18 21:14:05,878 [bff1bba2-2b6d-4994-8ead-d2e5b7e1f8d7@group-BE0C52996DBE-LeaderElection28] INFO  server.RaftServerConfigKeys (ConfUtils.java:logGet(46)) - raft.server.log.appender.install.snapshot.enabled = false (custom)
2024-01-18 21:14:05,878 [bff1bba2-2b6d-4994-8ead-d2e5b7e1f8d7@group-BE0C52996DBE-LeaderElection28] INFO  grpc.GrpcConfigKeys (ConfUtils.java:logGet(46)) - raft.grpc.server.heartbeat.channel = true (default)
2024-01-18 21:14:05,879 [bff1bba2-2b6d-4994-8ead-d2e5b7e1f8d7@group-BE0C52996DBE-LeaderElection28] INFO  server.RaftServerConfigKeys (ConfUtils.java:logGet(46)) - raft.server.log.appender.snapshot.chunk.size.max = 16MB (=16777216) (default)
2024-01-18 21:14:05,879 [bff1bba2-2b6d-4994-8ead-d2e5b7e1f8d7@group-BE0C52996DBE-LeaderElection28] INFO  server.RaftServerConfigKeys (ConfUtils.java:logGet(46)) - raft.server.log.appender.buffer.byte-limit = 8388608 (custom)
2024-01-18 21:14:05,879 [bff1bba2-2b6d-4994-8ead-d2e5b7e1f8d7@group-BE0C52996DBE-LeaderElection28] INFO  server.RaftServerConfigKeys (ConfUtils.java:logGet(46)) - raft.server.log.appender.buffer.element-limit = 1 (custom)
2024-01-18 21:14:05,879 [bff1bba2-2b6d-4994-8ead-d2e5b7e1f8d7@group-BE0C52996DBE-LeaderElection28] INFO  server.RaftServerConfigKeys (ConfUtils.java:logGet(46)) - raft.server.log.appender.wait-time.min = 0ms (custom)
2024-01-18 21:14:05,879 [bff1bba2-2b6d-4994-8ead-d2e5b7e1f8d7@group-BE0C52996DBE-LeaderElection28] INFO  grpc.GrpcConfigKeys (ConfUtils.java:logGet(46)) - raft.grpc.server.leader.outstanding.appends.max = 8 (default)
2024-01-18 21:14:05,879 [bff1bba2-2b6d-4994-8ead-d2e5b7e1f8d7@group-BE0C52996DBE-LeaderElection28] INFO  server.RaftServerConfigKeys (ConfUtils.java:logGet(46)) - raft.server.rpc.request.timeout = 3000ms (default)
2024-01-18 21:14:05,879 [bff1bba2-2b6d-4994-8ead-d2e5b7e1f8d7@group-BE0C52996DBE-LeaderElection28] INFO  grpc.GrpcConfigKeys (ConfUtils.java:logGet(46)) - raft.grpc.server.install_snapshot.request.element-limit = 8 (default)
2024-01-18 21:14:05,879 [bff1bba2-2b6d-4994-8ead-d2e5b7e1f8d7@group-BE0C52996DBE-LeaderElection28] INFO  grpc.GrpcConfigKeys (ConfUtils.java:logGet(46)) - raft.grpc.server.install_snapshot.request.timeout = 3000ms (default)
2024-01-18 21:14:05,879 [bff1bba2-2b6d-4994-8ead-d2e5b7e1f8d7@group-BE0C52996DBE-LeaderElection28] INFO  grpc.GrpcConfigKeys (ConfUtils.java:logGet(46)) - raft.grpc.server.log-message.batch.duration = 5s (default)
2024-01-18 21:14:05,879 [bff1bba2-2b6d-4994-8ead-d2e5b7e1f8d7@group-BE0C52996DBE-LeaderElection28] INFO  server.RaftServerConfigKeys (ConfUtils.java:logGet(46)) - raft.server.log.appender.install.snapshot.enabled = false (custom)
2024-01-18 21:14:05,879 [bff1bba2-2b6d-4994-8ead-d2e5b7e1f8d7@group-BE0C52996DBE-LeaderElection28] INFO  grpc.GrpcConfigKeys (ConfUtils.java:logGet(46)) - raft.grpc.server.heartbeat.channel = true (default)
2024-01-18 21:14:05,879 [bff1bba2-2b6d-4994-8ead-d2e5b7e1f8d7@group-BE0C52996DBE-LeaderElection28] INFO  impl.RoleInfo (RoleInfo.java:updateAndGet(139)) - bff1bba2-2b6d-4994-8ead-d2e5b7e1f8d7: start bff1bba2-2b6d-4994-8ead-d2e5b7e1f8d7@group-BE0C52996DBE-LeaderStateImpl
2024-01-18 21:14:05,879 [bff1bba2-2b6d-4994-8ead-d2e5b7e1f8d7@group-BE0C52996DBE-LeaderElection28] INFO  server.RaftServer$Division (RaftServerImpl.java:setFirstElection(574)) - bff1bba2-2b6d-4994-8ead-d2e5b7e1f8d7@group-BE0C52996DBE: set firstElectionSinceStartup to false for becomeLeader
2024-01-18 21:14:05,879 [bff1bba2-2b6d-4994-8ead-d2e5b7e1f8d7@group-BE0C52996DBE-LeaderElection28] INFO  ratis.XceiverServerRatis (XceiverServerRatis.java:handleLeaderChangedNotification(945)) - Leader change notification received for group: group-BE0C52996DBE with new leaderId: bff1bba2-2b6d-4994-8ead-d2e5b7e1f8d7
2024-01-18 21:14:05,880 [bff1bba2-2b6d-4994-8ead-d2e5b7e1f8d7@group-BE0C52996DBE-LeaderElection28] INFO  server.RaftServer$Division (ServerState.java:setLeader(269)) - bff1bba2-2b6d-4994-8ead-d2e5b7e1f8d7@group-BE0C52996DBE: change Leader from null to bff1bba2-2b6d-4994-8ead-d2e5b7e1f8d7 at term 1 for becomeLeader, leader elected after 5146ms
2024-01-18 21:14:05,880 [bff1bba2-2b6d-4994-8ead-d2e5b7e1f8d7@group-BE0C52996DBE-LeaderElection28] INFO  segmented.SegmentedRaftLogWorker (SegmentedRaftLogWorker.java:startLogSegment(430)) - bff1bba2-2b6d-4994-8ead-d2e5b7e1f8d7@group-BE0C52996DBE-SegmentedRaftLogWorker: Starting segment from index:0
2024-01-18 21:14:05,880 [bff1bba2-2b6d-4994-8ead-d2e5b7e1f8d7@group-BE0C52996DBE-SegmentedRaftLogWorker] INFO  segmented.BufferedWriteChannel (BufferedWriteChannel.java:open(62)) - open log_inprogress_0 at position 0
2024-01-18 21:14:05,881 [EventQueue-PipelineReportForPipelineReportHandler] INFO  pipeline.PipelineReportHandler (PipelineReportHandler.java:processPipelineReport(136)) - Opened pipeline PipelineID=e5132d0f-7c5a-40a9-bd2d-be0c52996dbe
2024-01-18 21:14:05,884 [bff1bba2-2b6d-4994-8ead-d2e5b7e1f8d7@group-BE0C52996DBE-LeaderElection28] INFO  server.RaftServer$Division (ServerState.java:setRaftConf(386)) - bff1bba2-2b6d-4994-8ead-d2e5b7e1f8d7@group-BE0C52996DBE: set configuration 0: peers:[bff1bba2-2b6d-4994-8ead-d2e5b7e1f8d7|10.1.0.44:15157, ea523e53-c226-4491-8cf7-936e653545c3|10.1.0.44:15166, 0c097caf-3b45-4555-a1b1-3d0f2c4aaf7a|10.1.0.44:15175]|listeners:[], old=null
2024-01-18 21:14:05,889 [bff1bba2-2b6d-4994-8ead-d2e5b7e1f8d7@group-BE0C52996DBE-SegmentedRaftLogWorker] INFO  segmented.SegmentedRaftLogWorker (SegmentedRaftLogWorker.java:execute(634)) - bff1bba2-2b6d-4994-8ead-d2e5b7e1f8d7@group-BE0C52996DBE-SegmentedRaftLogWorker: created new log segment /home/runner/work/ozone/ozone/hadoop-ozone/integration-test/target/test-dir/MiniOzoneClusterImpl-31edb46a-ccfd-4ac6-802d-5dd746a085ff/datanode-6/data/ratis/e5132d0f-7c5a-40a9-bd2d-be0c52996dbe/current/log_inprogress_0
2024-01-18 21:14:05,890 [0c097caf-3b45-4555-a1b1-3d0f2c4aaf7a-server-thread1] INFO  ratis.XceiverServerRatis (XceiverServerRatis.java:handleLeaderChangedNotification(945)) - Leader change notification received for group: group-BE0C52996DBE with new leaderId: bff1bba2-2b6d-4994-8ead-d2e5b7e1f8d7
2024-01-18 21:14:05,890 [0c097caf-3b45-4555-a1b1-3d0f2c4aaf7a-server-thread1] INFO  server.RaftServer$Division (ServerState.java:setLeader(269)) - 0c097caf-3b45-4555-a1b1-3d0f2c4aaf7a@group-BE0C52996DBE: change Leader from null to bff1bba2-2b6d-4994-8ead-d2e5b7e1f8d7 at term 1 for appendEntries, leader elected after 5127ms
2024-01-18 21:14:05,891 [ea523e53-c226-4491-8cf7-936e653545c3-server-thread1] INFO  ratis.XceiverServerRatis (XceiverServerRatis.java:handleLeaderChangedNotification(945)) - Leader change notification received for group: group-BE0C52996DBE with new leaderId: bff1bba2-2b6d-4994-8ead-d2e5b7e1f8d7
2024-01-18 21:14:05,891 [ea523e53-c226-4491-8cf7-936e653545c3-server-thread1] INFO  server.RaftServer$Division (ServerState.java:setLeader(269)) - ea523e53-c226-4491-8cf7-936e653545c3@group-BE0C52996DBE: change Leader from null to bff1bba2-2b6d-4994-8ead-d2e5b7e1f8d7 at term 1 for appendEntries, leader elected after 5095ms
2024-01-18 21:14:05,892 [ea523e53-c226-4491-8cf7-936e653545c3-server-thread1] INFO  server.RaftServer$Division (ServerState.java:setRaftConf(386)) - ea523e53-c226-4491-8cf7-936e653545c3@group-BE0C52996DBE: set configuration 0: peers:[bff1bba2-2b6d-4994-8ead-d2e5b7e1f8d7|10.1.0.44:15157, ea523e53-c226-4491-8cf7-936e653545c3|10.1.0.44:15166, 0c097caf-3b45-4555-a1b1-3d0f2c4aaf7a|10.1.0.44:15175]|listeners:[], old=null
2024-01-18 21:14:05,892 [ea523e53-c226-4491-8cf7-936e653545c3-server-thread1] INFO  segmented.SegmentedRaftLogWorker (SegmentedRaftLogWorker.java:startLogSegment(430)) - ea523e53-c226-4491-8cf7-936e653545c3@group-BE0C52996DBE-SegmentedRaftLogWorker: Starting segment from index:0
2024-01-18 21:14:05,892 [ea523e53-c226-4491-8cf7-936e653545c3@group-BE0C52996DBE-SegmentedRaftLogWorker] INFO  segmented.BufferedWriteChannel (BufferedWriteChannel.java:open(62)) - open log_inprogress_0 at position 0
2024-01-18 21:14:05,894 [0c097caf-3b45-4555-a1b1-3d0f2c4aaf7a-server-thread2] INFO  server.RaftServer$Division (ServerState.java:setRaftConf(386)) - 0c097caf-3b45-4555-a1b1-3d0f2c4aaf7a@group-BE0C52996DBE: set configuration 0: peers:[bff1bba2-2b6d-4994-8ead-d2e5b7e1f8d7|10.1.0.44:15157, ea523e53-c226-4491-8cf7-936e653545c3|10.1.0.44:15166, 0c097caf-3b45-4555-a1b1-3d0f2c4aaf7a|10.1.0.44:15175]|listeners:[], old=null
2024-01-18 21:14:05,894 [0c097caf-3b45-4555-a1b1-3d0f2c4aaf7a-server-thread2] INFO  segmented.SegmentedRaftLogWorker (SegmentedRaftLogWorker.java:startLogSegment(430)) - 0c097caf-3b45-4555-a1b1-3d0f2c4aaf7a@group-BE0C52996DBE-SegmentedRaftLogWorker: Starting segment from index:0
2024-01-18 21:14:05,895 [0c097caf-3b45-4555-a1b1-3d0f2c4aaf7a@group-BE0C52996DBE-SegmentedRaftLogWorker] INFO  segmented.BufferedWriteChannel (BufferedWriteChannel.java:open(62)) - open log_inprogress_0 at position 0
2024-01-18 21:14:05,898 [main] INFO  ozone.MiniOzoneClusterImpl (MiniOzoneClusterImpl.java:lambda$waitForClusterToBeReady$0(229)) - Nodes are ready. Got 9 of 9 DN Heartbeats.
2024-01-18 21:14:05,898 [main] INFO  ozone.MiniOzoneClusterImpl (MiniOzoneClusterImpl.java:lambda$waitForClusterToBeReady$0(232)) - Cluster exits safe mode
2024-01-18 21:14:05,898 [main] INFO  ozone.MiniOzoneClusterImpl (MiniOzoneClusterImpl.java:lambda$waitForClusterToBeReady$0(234)) - SCM became leader
2024-01-18 21:14:05,902 [main] INFO  protocolPB.OmTransportFactory (OmTransportFactory.java:createFactory(62)) - Loading OM transport implementation org.apache.hadoop.ozone.om.protocolPB.Hadoop3OmTransportFactory as specified by configuration.
2024-01-18 21:14:05,903 [ea523e53-c226-4491-8cf7-936e653545c3@group-BE0C52996DBE-SegmentedRaftLogWorker] INFO  segmented.SegmentedRaftLogWorker (SegmentedRaftLogWorker.java:execute(634)) - ea523e53-c226-4491-8cf7-936e653545c3@group-BE0C52996DBE-SegmentedRaftLogWorker: created new log segment /home/runner/work/ozone/ozone/hadoop-ozone/integration-test/target/test-dir/MiniOzoneClusterImpl-31edb46a-ccfd-4ac6-802d-5dd746a085ff/datanode-7/data/ratis/e5132d0f-7c5a-40a9-bd2d-be0c52996dbe/current/log_inprogress_0
2024-01-18 21:14:05,903 [0c097caf-3b45-4555-a1b1-3d0f2c4aaf7a@group-BE0C52996DBE-SegmentedRaftLogWorker] INFO  segmented.SegmentedRaftLogWorker (SegmentedRaftLogWorker.java:execute(634)) - 0c097caf-3b45-4555-a1b1-3d0f2c4aaf7a@group-BE0C52996DBE-SegmentedRaftLogWorker: created new log segment /home/runner/work/ozone/ozone/hadoop-ozone/integration-test/target/test-dir/MiniOzoneClusterImpl-31edb46a-ccfd-4ac6-802d-5dd746a085ff/datanode-8/data/ratis/e5132d0f-7c5a-40a9-bd2d-be0c52996dbe/current/log_inprogress_0
2024-01-18 21:14:05,909 [main] INFO  rpc.RpcClient (RpcClient.java:createVolume(456)) - Creating Volume: watchforcommithandlingtest, with runner as owner and space quota set to -1 bytes, counts quota set to -1
2024-01-18 21:14:05,910 [bff1bba2-2b6d-4994-8ead-d2e5b7e1f8d7@group-BE0C52996DBE-StateMachineUpdater] INFO  server.RaftServer$Division (LeaderStateImpl.java:isApplied(320)) - leader is ready since appliedIndex == 0 >= startIndex == 0
2024-01-18 21:14:05,916 [om1-OMStateMachineApplyTransactionThread - 0] INFO  volume.OMVolumeCreateRequest (OMVolumeCreateRequest.java:validateAndUpdateCache(198)) - created volume:watchforcommithandlingtest for user:runner
2024-01-18 21:14:05,921 [main] INFO  rpc.RpcClient (RpcClient.java:createBucket(683)) - Creating Bucket: watchforcommithandlingtest/watchforcommithandlingtest, with server-side default bucket layout, runner as owner, Versioning false, Storage Type set to DISK and Encryption set to false, Replication Type set to server-side default replication type, Namespace Quota set to -1, Space Quota set to -1 
2024-01-18 21:14:05,923 [om1-OMStateMachineApplyTransactionThread - 0] INFO  bucket.OMBucketCreateRequest (OMBucketCreateRequest.java:validateAndUpdateCache(296)) - created bucket: watchforcommithandlingtest of layout FILE_SYSTEM_OPTIMIZED in volume: watchforcommithandlingtest
2024-01-18 21:14:05,933 [IPC Server handler 0 on default port 15089] INFO  ha.SequenceIdGenerator (SequenceIdGenerator.java:getNextId(145)) - Allocate a batch for containerId, change lastId from 0 to 1000.
2024-01-18 21:14:05,965 [main] INFO  ozoneimpl.OzoneContainer (OzoneContainer.java:stop(479)) - Attempting to stop container services.
2024-01-18 21:14:05,966 [main] INFO  server.RaftServer (RaftServerProxy.java:lambda$close$9(416)) - 686b4373-3f6e-463e-bd5f-56c21a134faf: close
2024-01-18 21:14:05,970 [ea523e53-c226-4491-8cf7-936e653545c3@group-D303D77A7A38-FollowerState] INFO  impl.FollowerState (FollowerState.java:run(143)) - ea523e53-c226-4491-8cf7-936e653545c3@group-D303D77A7A38-FollowerState: change to CANDIDATE, lastRpcElapsedTime:5134181373ns, electionTimeout:5131ms
2024-01-18 21:14:05,971 [686b4373-3f6e-463e-bd5f-56c21a134faf-impl-thread1] INFO  server.RaftServer$Division (RaftServerImpl.java:lambda$close$3(526)) - 686b4373-3f6e-463e-bd5f-56c21a134faf@group-DFF2D486F62C: shutdown
2024-01-18 21:14:05,971 [ea523e53-c226-4491-8cf7-936e653545c3@group-D303D77A7A38-FollowerState] INFO  impl.RoleInfo (RoleInfo.java:shutdownFollowerState(110)) - ea523e53-c226-4491-8cf7-936e653545c3: shutdown ea523e53-c226-4491-8cf7-936e653545c3@group-D303D77A7A38-FollowerState
2024-01-18 21:14:05,972 [686b4373-3f6e-463e-bd5f-56c21a134faf-impl-thread1] INFO  util.JmxRegister (JmxRegister.java:unregister(73)) - Successfully un-registered JMX Bean with object name Ratis:service=RaftServer,group=group-DFF2D486F62C,id=686b4373-3f6e-463e-bd5f-56c21a134faf
2024-01-18 21:14:05,972 [ea523e53-c226-4491-8cf7-936e653545c3@group-D303D77A7A38-FollowerState] INFO  server.RaftServer$Division (RaftServerImpl.java:setRole(383)) - ea523e53-c226-4491-8cf7-936e653545c3@group-D303D77A7A38: changes role from  FOLLOWER to CANDIDATE at term 0 for changeToCandidate
2024-01-18 21:14:05,972 [686b4373-3f6e-463e-bd5f-56c21a134faf-impl-thread1] INFO  impl.RoleInfo (RoleInfo.java:shutdownFollowerState(110)) - 686b4373-3f6e-463e-bd5f-56c21a134faf: shutdown 686b4373-3f6e-463e-bd5f-56c21a134faf@group-DFF2D486F62C-FollowerState
2024-01-18 21:14:05,972 [ea523e53-c226-4491-8cf7-936e653545c3@group-D303D77A7A38-FollowerState] INFO  server.RaftServerConfigKeys (ConfUtils.java:logGet(46)) - raft.server.leaderelection.pre-vote = true (default)
2024-01-18 21:14:05,972 [686b4373-3f6e-463e-bd5f-56c21a134faf-impl-thread1] INFO  impl.StateMachineUpdater (StateMachineUpdater.java:stopAndJoin(157)) - 686b4373-3f6e-463e-bd5f-56c21a134faf@group-DFF2D486F62C-StateMachineUpdater: set stopIndex = 1
2024-01-18 21:14:05,972 [ea523e53-c226-4491-8cf7-936e653545c3@group-D303D77A7A38-FollowerState] INFO  impl.RoleInfo (RoleInfo.java:updateAndGet(139)) - ea523e53-c226-4491-8cf7-936e653545c3: start ea523e53-c226-4491-8cf7-936e653545c3@group-D303D77A7A38-LeaderElection29
2024-01-18 21:14:05,972 [686b4373-3f6e-463e-bd5f-56c21a134faf@group-DFF2D486F62C-FollowerState] INFO  impl.FollowerState (FollowerState.java:run(152)) - 686b4373-3f6e-463e-bd5f-56c21a134faf@group-DFF2D486F62C-FollowerState was interrupted
2024-01-18 21:14:05,972 [686b4373-3f6e-463e-bd5f-56c21a134faf@group-DFF2D486F62C-StateMachineUpdater] INFO  ratis.ContainerStateMachine (ContainerStateMachine.java:takeSnapshot(355)) - group-DFF2D486F62C: Taking a snapshot at:(t:1, i:1) file /home/runner/work/ozone/ozone/hadoop-ozone/integration-test/target/test-dir/MiniOzoneClusterImpl-31edb46a-ccfd-4ac6-802d-5dd746a085ff/datanode-2/data/ratis/2d92b0f5-b558-4201-b326-dff2d486f62c/sm/snapshot.1_1
2024-01-18 21:14:05,973 [686b4373-3f6e-463e-bd5f-56c21a134faf@group-DFF2D486F62C-StateMachineUpdater] INFO  ratis.ContainerStateMachine (ContainerStateMachine.java:takeSnapshot(366)) - group-DFF2D486F62C: Finished taking a snapshot at:(t:1, i:1) file:/home/runner/work/ozone/ozone/hadoop-ozone/integration-test/target/test-dir/MiniOzoneClusterImpl-31edb46a-ccfd-4ac6-802d-5dd746a085ff/datanode-2/data/ratis/2d92b0f5-b558-4201-b326-dff2d486f62c/sm/snapshot.1_1 took: 1 ms
2024-01-18 21:14:05,973 [686b4373-3f6e-463e-bd5f-56c21a134faf@group-DFF2D486F62C-StateMachineUpdater] INFO  impl.StateMachineUpdater (StateMachineUpdater.java:takeSnapshot(295)) - 686b4373-3f6e-463e-bd5f-56c21a134faf@group-DFF2D486F62C-StateMachineUpdater: Took a snapshot at index 1
2024-01-18 21:14:05,973 [686b4373-3f6e-463e-bd5f-56c21a134faf@group-DFF2D486F62C-StateMachineUpdater] INFO  impl.StateMachineUpdater (StateMachineUpdater.java:lambda$new$0(98)) - 686b4373-3f6e-463e-bd5f-56c21a134faf@group-DFF2D486F62C-StateMachineUpdater: snapshotIndex: updateIncreasingly -1 -> 1
2024-01-18 21:14:05,976 [686b4373-3f6e-463e-bd5f-56c21a134faf-impl-thread1] INFO  server.RaftServer$Division (ServerState.java:close(427)) - 686b4373-3f6e-463e-bd5f-56c21a134faf@group-DFF2D486F62C: applyIndex: 1
2024-01-18 21:14:05,976 [686b4373-3f6e-463e-bd5f-56c21a134faf@group-DFF2D486F62C-cacheEviction-AwaitToRun] INFO  util.AwaitToRun (AwaitToRun.java:run(49)) - 686b4373-3f6e-463e-bd5f-56c21a134faf@group-DFF2D486F62C-cacheEviction-AwaitToRun-AwaitForSignal is interrupted
2024-01-18 21:14:05,979 [0c097caf-3b45-4555-a1b1-3d0f2c4aaf7a@group-D4D2F37D9F7B-FollowerState] INFO  impl.FollowerState (FollowerState.java:run(143)) - 0c097caf-3b45-4555-a1b1-3d0f2c4aaf7a@group-D4D2F37D9F7B-FollowerState: change to CANDIDATE, lastRpcElapsedTime:5070446653ns, electionTimeout:5069ms
2024-01-18 21:14:05,979 [0c097caf-3b45-4555-a1b1-3d0f2c4aaf7a@group-D4D2F37D9F7B-FollowerState] INFO  impl.RoleInfo (RoleInfo.java:shutdownFollowerState(110)) - 0c097caf-3b45-4555-a1b1-3d0f2c4aaf7a: shutdown 0c097caf-3b45-4555-a1b1-3d0f2c4aaf7a@group-D4D2F37D9F7B-FollowerState
2024-01-18 21:14:05,979 [0c097caf-3b45-4555-a1b1-3d0f2c4aaf7a@group-D4D2F37D9F7B-FollowerState] INFO  server.RaftServer$Division (RaftServerImpl.java:setRole(383)) - 0c097caf-3b45-4555-a1b1-3d0f2c4aaf7a@group-D4D2F37D9F7B: changes role from  FOLLOWER to CANDIDATE at term 0 for changeToCandidate
2024-01-18 21:14:05,985 [main] INFO  server.GrpcService (GrpcService.java:closeImpl(311)) - 686b4373-3f6e-463e-bd5f-56c21a134faf: shutdown server org.apache.ratis.grpc.server.GrpcClientProtocolService now
2024-01-18 21:14:05,988 [0c097caf-3b45-4555-a1b1-3d0f2c4aaf7a@group-D4D2F37D9F7B-FollowerState] INFO  server.RaftServerConfigKeys (ConfUtils.java:logGet(46)) - raft.server.leaderelection.pre-vote = true (default)
2024-01-18 21:14:05,989 [0c097caf-3b45-4555-a1b1-3d0f2c4aaf7a@group-D4D2F37D9F7B-FollowerState] INFO  impl.RoleInfo (RoleInfo.java:updateAndGet(139)) - 0c097caf-3b45-4555-a1b1-3d0f2c4aaf7a: start 0c097caf-3b45-4555-a1b1-3d0f2c4aaf7a@group-D4D2F37D9F7B-LeaderElection30
2024-01-18 21:14:05,989 [ea523e53-c226-4491-8cf7-936e653545c3@group-D303D77A7A38-LeaderElection29] INFO  impl.LeaderElection (LeaderElection.java:askForVotes(321)) - ea523e53-c226-4491-8cf7-936e653545c3@group-D303D77A7A38-LeaderElection29 PRE_VOTE round 0: submit vote requests at term 0 for -1: peers:[ea523e53-c226-4491-8cf7-936e653545c3|10.1.0.44:15166]|listeners:[], old=null
2024-01-18 21:14:05,989 [ea523e53-c226-4491-8cf7-936e653545c3@group-D303D77A7A38-LeaderElection29] INFO  impl.LeaderElection (LeaderElection.java:askForVotes(323)) - ea523e53-c226-4491-8cf7-936e653545c3@group-D303D77A7A38-LeaderElection29 PRE_VOTE round 0: result PASSED (term=0)
2024-01-18 21:14:05,989 [686b4373-3f6e-463e-bd5f-56c21a134faf-impl-thread2] INFO  server.RaftServer$Division (RaftServerImpl.java:lambda$close$3(526)) - 686b4373-3f6e-463e-bd5f-56c21a134faf@group-87F37CF8AE9F: shutdown
2024-01-18 21:14:05,989 [686b4373-3f6e-463e-bd5f-56c21a134faf-impl-thread2] INFO  util.JmxRegister (JmxRegister.java:unregister(73)) - Successfully un-registered JMX Bean with object name Ratis:service=RaftServer,group=group-87F37CF8AE9F,id=686b4373-3f6e-463e-bd5f-56c21a134faf
2024-01-18 21:14:05,990 [686b4373-3f6e-463e-bd5f-56c21a134faf-impl-thread2] INFO  impl.RoleInfo (RoleInfo.java:shutdownLeaderState(94)) - 686b4373-3f6e-463e-bd5f-56c21a134faf: shutdown 686b4373-3f6e-463e-bd5f-56c21a134faf@group-87F37CF8AE9F-LeaderStateImpl
2024-01-18 21:14:05,990 [686b4373-3f6e-463e-bd5f-56c21a134faf-impl-thread2] INFO  impl.PendingRequests (PendingRequests.java:sendNotLeaderResponses(289)) - 686b4373-3f6e-463e-bd5f-56c21a134faf@group-87F37CF8AE9F-PendingRequests: sendNotLeaderResponses
2024-01-18 21:14:05,990 [ea523e53-c226-4491-8cf7-936e653545c3@group-D303D77A7A38-LeaderElection29] INFO  impl.LeaderElection (LeaderElection.java:askForVotes(321)) - ea523e53-c226-4491-8cf7-936e653545c3@group-D303D77A7A38-LeaderElection29 ELECTION round 0: submit vote requests at term 1 for -1: peers:[ea523e53-c226-4491-8cf7-936e653545c3|10.1.0.44:15166]|listeners:[], old=null
2024-01-18 21:14:05,990 [ea523e53-c226-4491-8cf7-936e653545c3@group-D303D77A7A38-LeaderElection29] INFO  impl.LeaderElection (LeaderElection.java:askForVotes(323)) - ea523e53-c226-4491-8cf7-936e653545c3@group-D303D77A7A38-LeaderElection29 ELECTION round 0: result PASSED (term=1)
2024-01-18 21:14:05,990 [ea523e53-c226-4491-8cf7-936e653545c3@group-D303D77A7A38-LeaderElection29] INFO  impl.RoleInfo (RoleInfo.java:shutdownLeaderElection(130)) - ea523e53-c226-4491-8cf7-936e653545c3: shutdown ea523e53-c226-4491-8cf7-936e653545c3@group-D303D77A7A38-LeaderElection29
2024-01-18 21:14:05,990 [ea523e53-c226-4491-8cf7-936e653545c3@group-D303D77A7A38-LeaderElection29] INFO  server.RaftServer$Division (RaftServerImpl.java:setRole(383)) - ea523e53-c226-4491-8cf7-936e653545c3@group-D303D77A7A38: changes role from CANDIDATE to LEADER at term 1 for changeToLeader
2024-01-18 21:14:05,990 [ea523e53-c226-4491-8cf7-936e653545c3@group-D303D77A7A38-LeaderElection29] INFO  server.RaftServerConfigKeys (ConfUtils.java:logGet(46)) - raft.server.staging.catchup.gap = 1000 (default)
2024-01-18 21:14:05,991 [686b4373-3f6e-463e-bd5f-56c21a134faf-impl-thread2] INFO  impl.StateMachineUpdater (StateMachineUpdater.java:stopAndJoin(157)) - 686b4373-3f6e-463e-bd5f-56c21a134faf@group-87F37CF8AE9F-StateMachineUpdater: set stopIndex = 0
2024-01-18 21:14:05,991 [686b4373-3f6e-463e-bd5f-56c21a134faf@group-87F37CF8AE9F-StateMachineUpdater] INFO  ratis.ContainerStateMachine (ContainerStateMachine.java:takeSnapshot(355)) - group-87F37CF8AE9F: Taking a snapshot at:(t:1, i:0) file /home/runner/work/ozone/ozone/hadoop-ozone/integration-test/target/test-dir/MiniOzoneClusterImpl-31edb46a-ccfd-4ac6-802d-5dd746a085ff/datanode-2/data/ratis/df38c558-01f9-429f-8cdf-87f37cf8ae9f/sm/snapshot.1_0
2024-01-18 21:14:05,992 [686b4373-3f6e-463e-bd5f-56c21a134faf@group-87F37CF8AE9F-StateMachineUpdater] INFO  ratis.ContainerStateMachine (ContainerStateMachine.java:takeSnapshot(366)) - group-87F37CF8AE9F: Finished taking a snapshot at:(t:1, i:0) file:/home/runner/work/ozone/ozone/hadoop-ozone/integration-test/target/test-dir/MiniOzoneClusterImpl-31edb46a-ccfd-4ac6-802d-5dd746a085ff/datanode-2/data/ratis/df38c558-01f9-429f-8cdf-87f37cf8ae9f/sm/snapshot.1_0 took: 1 ms
2024-01-18 21:14:05,992 [686b4373-3f6e-463e-bd5f-56c21a134faf@group-87F37CF8AE9F-StateMachineUpdater] INFO  impl.StateMachineUpdater (StateMachineUpdater.java:takeSnapshot(295)) - 686b4373-3f6e-463e-bd5f-56c21a134faf@group-87F37CF8AE9F-StateMachineUpdater: Took a snapshot at index 0
2024-01-18 21:14:05,992 [686b4373-3f6e-463e-bd5f-56c21a134faf@group-87F37CF8AE9F-StateMachineUpdater] INFO  impl.StateMachineUpdater (StateMachineUpdater.java:lambda$new$0(98)) - 686b4373-3f6e-463e-bd5f-56c21a134faf@group-87F37CF8AE9F-StateMachineUpdater: snapshotIndex: updateIncreasingly -1 -> 0
2024-01-18 21:14:05,992 [686b4373-3f6e-463e-bd5f-56c21a134faf-impl-thread2] INFO  server.RaftServer$Division (ServerState.java:close(427)) - 686b4373-3f6e-463e-bd5f-56c21a134faf@group-87F37CF8AE9F: applyIndex: 0
2024-01-18 21:14:05,996 [686b4373-3f6e-463e-bd5f-56c21a134faf@group-87F37CF8AE9F-cacheEviction-AwaitToRun] INFO  util.AwaitToRun (AwaitToRun.java:run(49)) - 686b4373-3f6e-463e-bd5f-56c21a134faf@group-87F37CF8AE9F-cacheEviction-AwaitToRun-AwaitForSignal is interrupted
2024-01-18 21:14:05,997 [main] INFO  server.GrpcService (GrpcService.java:closeImpl(320)) - 686b4373-3f6e-463e-bd5f-56c21a134faf: shutdown server org.apache.ratis.grpc.server.GrpcClientProtocolService successfully
2024-01-18 21:14:05,996 [0c097caf-3b45-4555-a1b1-3d0f2c4aaf7a@group-D4D2F37D9F7B-LeaderElection30] INFO  impl.LeaderElection (LeaderElection.java:askForVotes(321)) - 0c097caf-3b45-4555-a1b1-3d0f2c4aaf7a@group-D4D2F37D9F7B-LeaderElection30 PRE_VOTE round 0: submit vote requests at term 0 for -1: peers:[0c097caf-3b45-4555-a1b1-3d0f2c4aaf7a|10.1.0.44:15175]|listeners:[], old=null
2024-01-18 21:14:05,997 [0c097caf-3b45-4555-a1b1-3d0f2c4aaf7a@group-D4D2F37D9F7B-LeaderElection30] INFO  impl.LeaderElection (LeaderElection.java:askForVotes(323)) - 0c097caf-3b45-4555-a1b1-3d0f2c4aaf7a@group-D4D2F37D9F7B-LeaderElection30 PRE_VOTE round 0: result PASSED (term=0)
2024-01-18 21:14:05,997 [main] INFO  server.GrpcService (GrpcService.java:closeImpl(311)) - 686b4373-3f6e-463e-bd5f-56c21a134faf: shutdown server GrpcServerProtocolService now
2024-01-18 21:14:05,997 [ea523e53-c226-4491-8cf7-936e653545c3@group-D303D77A7A38-LeaderElection29] INFO  server.RaftServerConfigKeys (ConfUtils.java:logGet(46)) - raft.server.write.element-limit = 1024 (custom)
2024-01-18 21:14:05,998 [ea523e53-c226-4491-8cf7-936e653545c3@group-D303D77A7A38-LeaderElection29] INFO  server.RaftServerConfigKeys (ConfUtils.java:logGet(46)) - raft.server.write.byte-limit = 1024 M (=1073741824) (custom)
2024-01-18 21:14:05,998 [ea523e53-c226-4491-8cf7-936e653545c3@group-D303D77A7A38-LeaderElection29] INFO  server.RaftServerConfigKeys (ConfUtils.java:logGet(46)) - raft.server.watch.timeout = 3000ms (custom)
2024-01-18 21:14:05,998 [ea523e53-c226-4491-8cf7-936e653545c3@group-D303D77A7A38-LeaderElection29] INFO  server.RaftServerConfigKeys (ConfUtils.java:logGet(46)) - raft.server.watch.timeout.denomination = 1s (default)
2024-01-18 21:14:05,998 [ea523e53-c226-4491-8cf7-936e653545c3@group-D303D77A7A38-LeaderElection29] INFO  server.RaftServerConfigKeys (ConfUtils.java:logGet(46)) - raft.server.watch.element-limit = 65536 (default)
2024-01-18 21:14:05,998 [ea523e53-c226-4491-8cf7-936e653545c3@group-D303D77A7A38-LeaderElection29] INFO  server.RaftServerConfigKeys (ConfUtils.java:logGet(46)) - raft.server.read.leader.lease.enabled = false (default)
2024-01-18 21:14:05,998 [ea523e53-c226-4491-8cf7-936e653545c3@group-D303D77A7A38-LeaderElection29] INFO  server.RaftServerConfigKeys (ConfUtils.java:logGet(46)) - raft.server.read.leader.lease.timeout.ratio = 0.9 (default)
2024-01-18 21:14:05,998 [ea523e53-c226-4491-8cf7-936e653545c3@group-D303D77A7A38-LeaderElection29] INFO  server.RaftServerConfigKeys (ConfUtils.java:logGet(46)) - raft.server.rpc.timeout.min = 5s (custom)
2024-01-18 21:14:05,998 [ea523e53-c226-4491-8cf7-936e653545c3@group-D303D77A7A38-LeaderElection29] INFO  server.RaftServerConfigKeys (ConfUtils.java:logGet(46)) - raft.server.write.element-limit = 1024 (custom)
2024-01-18 21:14:05,998 [ea523e53-c226-4491-8cf7-936e653545c3@group-D303D77A7A38-LeaderElection29] INFO  server.RaftServerConfigKeys (ConfUtils.java:logGet(46)) - raft.server.write.follower.gap.ratio.max = -1.0 (default)
2024-01-18 21:14:05,998 [ea523e53-c226-4491-8cf7-936e653545c3@group-D303D77A7A38-LeaderElection29] INFO  impl.RoleInfo (RoleInfo.java:updateAndGet(139)) - ea523e53-c226-4491-8cf7-936e653545c3: start ea523e53-c226-4491-8cf7-936e653545c3@group-D303D77A7A38-LeaderStateImpl
2024-01-18 21:14:05,998 [ea523e53-c226-4491-8cf7-936e653545c3@group-D303D77A7A38-LeaderElection29] INFO  server.RaftServer$Division (RaftServerImpl.java:setFirstElection(574)) - ea523e53-c226-4491-8cf7-936e653545c3@group-D303D77A7A38: set firstElectionSinceStartup to false for becomeLeader
2024-01-18 21:14:05,998 [ea523e53-c226-4491-8cf7-936e653545c3@group-D303D77A7A38-LeaderElection29] INFO  ratis.XceiverServerRatis (XceiverServerRatis.java:handleLeaderChangedNotification(945)) - Leader change notification received for group: group-D303D77A7A38 with new leaderId: ea523e53-c226-4491-8cf7-936e653545c3
2024-01-18 21:14:05,998 [ea523e53-c226-4491-8cf7-936e653545c3@group-D303D77A7A38-LeaderElection29] INFO  server.RaftServer$Division (ServerState.java:setLeader(269)) - ea523e53-c226-4491-8cf7-936e653545c3@group-D303D77A7A38: change Leader from null to ea523e53-c226-4491-8cf7-936e653545c3 at term 1 for becomeLeader, leader elected after 5176ms
2024-01-18 21:14:05,999 [ea523e53-c226-4491-8cf7-936e653545c3@group-D303D77A7A38-LeaderElection29] INFO  segmented.SegmentedRaftLogWorker (SegmentedRaftLogWorker.java:startLogSegment(430)) - ea523e53-c226-4491-8cf7-936e653545c3@group-D303D77A7A38-SegmentedRaftLogWorker: Starting segment from index:0
2024-01-18 21:14:05,999 [grpc-default-executor-5] WARN  server.GrpcServerProtocolService (LogUtils.java:warn(121)) - 686b4373-3f6e-463e-bd5f-56c21a134faf: APPEND_ENTRIES onError, lastRequest: 32a26d97-b348-45bd-baf8-7e50e45a1152->686b4373-3f6e-463e-bd5f-56c21a134faf#6-t1,previous=(t:1, i:1),leaderCommit=1,initializing? false,entries: size=1, first=(t:1, i:2), METADATAENTRY(c:1): org.apache.ratis.thirdparty.io.grpc.StatusRuntimeException: CANCELLED: client cancelled
2024-01-18 21:14:06,000 [0c097caf-3b45-4555-a1b1-3d0f2c4aaf7a@group-D4D2F37D9F7B-LeaderElection30] INFO  impl.LeaderElection (LeaderElection.java:askForVotes(321)) - 0c097caf-3b45-4555-a1b1-3d0f2c4aaf7a@group-D4D2F37D9F7B-LeaderElection30 ELECTION round 0: submit vote requests at term 1 for -1: peers:[0c097caf-3b45-4555-a1b1-3d0f2c4aaf7a|10.1.0.44:15175]|listeners:[], old=null
2024-01-18 21:14:06,001 [0c097caf-3b45-4555-a1b1-3d0f2c4aaf7a@group-D4D2F37D9F7B-LeaderElection30] INFO  impl.LeaderElection (LeaderElection.java:askForVotes(323)) - 0c097caf-3b45-4555-a1b1-3d0f2c4aaf7a@group-D4D2F37D9F7B-LeaderElection30 ELECTION round 0: result PASSED (term=1)
2024-01-18 21:14:06,001 [0c097caf-3b45-4555-a1b1-3d0f2c4aaf7a@group-D4D2F37D9F7B-LeaderElection30] INFO  impl.RoleInfo (RoleInfo.java:shutdownLeaderElection(130)) - 0c097caf-3b45-4555-a1b1-3d0f2c4aaf7a: shutdown 0c097caf-3b45-4555-a1b1-3d0f2c4aaf7a@group-D4D2F37D9F7B-LeaderElection30
2024-01-18 21:14:06,000 [grpc-default-executor-5] WARN  server.GrpcLogAppender (LogUtils.java:warn(121)) - 32a26d97-b348-45bd-baf8-7e50e45a1152@group-DFF2D486F62C->686b4373-3f6e-463e-bd5f-56c21a134faf-AppendLogResponseHandler: Failed appendEntries: org.apache.ratis.thirdparty.io.grpc.StatusRuntimeException: CANCELLED: RST_STREAM closed stream. HTTP/2 error code: CANCEL
2024-01-18 21:14:06,001 [grpc-default-executor-5] WARN  server.GrpcLogAppender (GrpcLogAppender.java:lambda$resetClient$1(217)) - 32a26d97-b348-45bd-baf8-7e50e45a1152@group-DFF2D486F62C->686b4373-3f6e-463e-bd5f-56c21a134faf-GrpcLogAppender: Follower failed (request=null, errorCount=1); keep nextIndex (3) unchanged and retry.
2024-01-18 21:14:06,000 [ea523e53-c226-4491-8cf7-936e653545c3@group-D303D77A7A38-SegmentedRaftLogWorker] INFO  segmented.BufferedWriteChannel (BufferedWriteChannel.java:open(62)) - open log_inprogress_0 at position 0
2024-01-18 21:14:06,000 [grpc-default-executor-4] WARN  server.GrpcServerProtocolService (LogUtils.java:warn(121)) - 686b4373-3f6e-463e-bd5f-56c21a134faf: APPEND_ENTRIES onError, lastRequest: null: org.apache.ratis.thirdparty.io.grpc.StatusRuntimeException: CANCELLED: client cancelled
2024-01-18 21:14:06,001 [0c097caf-3b45-4555-a1b1-3d0f2c4aaf7a@group-D4D2F37D9F7B-LeaderElection30] INFO  server.RaftServer$Division (RaftServerImpl.java:setRole(383)) - 0c097caf-3b45-4555-a1b1-3d0f2c4aaf7a@group-D4D2F37D9F7B: changes role from CANDIDATE to LEADER at term 1 for changeToLeader
2024-01-18 21:14:06,003 [0c097caf-3b45-4555-a1b1-3d0f2c4aaf7a@group-D4D2F37D9F7B-LeaderElection30] INFO  server.RaftServerConfigKeys (ConfUtils.java:logGet(46)) - raft.server.staging.catchup.gap = 1000 (default)
2024-01-18 21:14:06,004 [0c097caf-3b45-4555-a1b1-3d0f2c4aaf7a@group-D4D2F37D9F7B-LeaderElection30] INFO  server.RaftServerConfigKeys (ConfUtils.java:logGet(46)) - raft.server.write.element-limit = 1024 (custom)
2024-01-18 21:14:06,004 [0c097caf-3b45-4555-a1b1-3d0f2c4aaf7a@group-D4D2F37D9F7B-LeaderElection30] INFO  server.RaftServerConfigKeys (ConfUtils.java:logGet(46)) - raft.server.write.byte-limit = 1024 M (=1073741824) (custom)
2024-01-18 21:14:06,004 [0c097caf-3b45-4555-a1b1-3d0f2c4aaf7a@group-D4D2F37D9F7B-LeaderElection30] INFO  server.RaftServerConfigKeys (ConfUtils.java:logGet(46)) - raft.server.watch.timeout = 3000ms (custom)
2024-01-18 21:14:06,004 [0c097caf-3b45-4555-a1b1-3d0f2c4aaf7a@group-D4D2F37D9F7B-LeaderElection30] INFO  server.RaftServerConfigKeys (ConfUtils.java:logGet(46)) - raft.server.watch.timeout.denomination = 1s (default)
2024-01-18 21:14:06,004 [0c097caf-3b45-4555-a1b1-3d0f2c4aaf7a@group-D4D2F37D9F7B-LeaderElection30] INFO  server.RaftServerConfigKeys (ConfUtils.java:logGet(46)) - raft.server.watch.element-limit = 65536 (default)
2024-01-18 21:14:06,004 [0c097caf-3b45-4555-a1b1-3d0f2c4aaf7a@group-D4D2F37D9F7B-LeaderElection30] INFO  server.RaftServerConfigKeys (ConfUtils.java:logGet(46)) - raft.server.read.leader.lease.enabled = false (default)
2024-01-18 21:14:06,004 [0c097caf-3b45-4555-a1b1-3d0f2c4aaf7a@group-D4D2F37D9F7B-LeaderElection30] INFO  server.RaftServerConfigKeys (ConfUtils.java:logGet(46)) - raft.server.read.leader.lease.timeout.ratio = 0.9 (default)
2024-01-18 21:14:06,004 [0c097caf-3b45-4555-a1b1-3d0f2c4aaf7a@group-D4D2F37D9F7B-LeaderElection30] INFO  server.RaftServerConfigKeys (ConfUtils.java:logGet(46)) - raft.server.rpc.timeout.min = 5s (custom)
2024-01-18 21:14:06,004 [0c097caf-3b45-4555-a1b1-3d0f2c4aaf7a@group-D4D2F37D9F7B-LeaderElection30] INFO  server.RaftServerConfigKeys (ConfUtils.java:logGet(46)) - raft.server.write.element-limit = 1024 (custom)
2024-01-18 21:14:06,004 [0c097caf-3b45-4555-a1b1-3d0f2c4aaf7a@group-D4D2F37D9F7B-LeaderElection30] INFO  server.RaftServerConfigKeys (ConfUtils.java:logGet(46)) - raft.server.write.follower.gap.ratio.max = -1.0 (default)
2024-01-18 21:14:06,004 [0c097caf-3b45-4555-a1b1-3d0f2c4aaf7a@group-D4D2F37D9F7B-LeaderElection30] INFO  impl.RoleInfo (RoleInfo.java:updateAndGet(139)) - 0c097caf-3b45-4555-a1b1-3d0f2c4aaf7a: start 0c097caf-3b45-4555-a1b1-3d0f2c4aaf7a@group-D4D2F37D9F7B-LeaderStateImpl
2024-01-18 21:14:06,004 [0c097caf-3b45-4555-a1b1-3d0f2c4aaf7a@group-D4D2F37D9F7B-LeaderElection30] INFO  server.RaftServer$Division (RaftServerImpl.java:setFirstElection(574)) - 0c097caf-3b45-4555-a1b1-3d0f2c4aaf7a@group-D4D2F37D9F7B: set firstElectionSinceStartup to false for becomeLeader
2024-01-18 21:14:06,005 [0c097caf-3b45-4555-a1b1-3d0f2c4aaf7a@group-D4D2F37D9F7B-LeaderElection30] INFO  ratis.XceiverServerRatis (XceiverServerRatis.java:handleLeaderChangedNotification(945)) - Leader change notification received for group: group-D4D2F37D9F7B with new leaderId: 0c097caf-3b45-4555-a1b1-3d0f2c4aaf7a
2024-01-18 21:14:06,005 [0c097caf-3b45-4555-a1b1-3d0f2c4aaf7a@group-D4D2F37D9F7B-LeaderElection30] INFO  server.RaftServer$Division (ServerState.java:setLeader(269)) - 0c097caf-3b45-4555-a1b1-3d0f2c4aaf7a@group-D4D2F37D9F7B: change Leader from null to 0c097caf-3b45-4555-a1b1-3d0f2c4aaf7a at term 1 for becomeLeader, leader elected after 5108ms
2024-01-18 21:14:06,005 [0c097caf-3b45-4555-a1b1-3d0f2c4aaf7a@group-D4D2F37D9F7B-LeaderElection30] INFO  segmented.SegmentedRaftLogWorker (SegmentedRaftLogWorker.java:startLogSegment(430)) - 0c097caf-3b45-4555-a1b1-3d0f2c4aaf7a@group-D4D2F37D9F7B-SegmentedRaftLogWorker: Starting segment from index:0
2024-01-18 21:14:06,005 [0c097caf-3b45-4555-a1b1-3d0f2c4aaf7a@group-D4D2F37D9F7B-SegmentedRaftLogWorker] INFO  segmented.BufferedWriteChannel (BufferedWriteChannel.java:open(62)) - open log_inprogress_0 at position 0
2024-01-18 21:14:06,008 [ea523e53-c226-4491-8cf7-936e653545c3@group-D303D77A7A38-LeaderElection29] INFO  server.RaftServer$Division (ServerState.java:setRaftConf(386)) - ea523e53-c226-4491-8cf7-936e653545c3@group-D303D77A7A38: set configuration 0: peers:[ea523e53-c226-4491-8cf7-936e653545c3|10.1.0.44:15166]|listeners:[], old=null
2024-01-18 21:14:06,008 [0c097caf-3b45-4555-a1b1-3d0f2c4aaf7a@group-D4D2F37D9F7B-LeaderElection30] INFO  server.RaftServer$Division (ServerState.java:setRaftConf(386)) - 0c097caf-3b45-4555-a1b1-3d0f2c4aaf7a@group-D4D2F37D9F7B: set configuration 0: peers:[0c097caf-3b45-4555-a1b1-3d0f2c4aaf7a|10.1.0.44:15175]|listeners:[], old=null
2024-01-18 21:14:06,011 [ea523e53-c226-4491-8cf7-936e653545c3@group-D303D77A7A38-SegmentedRaftLogWorker] INFO  segmented.SegmentedRaftLogWorker (SegmentedRaftLogWorker.java:execute(634)) - ea523e53-c226-4491-8cf7-936e653545c3@group-D303D77A7A38-SegmentedRaftLogWorker: created new log segment /home/runner/work/ozone/ozone/hadoop-ozone/integration-test/target/test-dir/MiniOzoneClusterImpl-31edb46a-ccfd-4ac6-802d-5dd746a085ff/datanode-7/data/ratis/91abc35d-41c3-459d-9e98-d303d77a7a38/current/log_inprogress_0
2024-01-18 21:14:06,013 [main] INFO  server.GrpcService (GrpcService.java:closeImpl(320)) - 686b4373-3f6e-463e-bd5f-56c21a134faf: shutdown server GrpcServerProtocolService successfully
2024-01-18 21:14:06,013 [main] INFO  server.GrpcService (GrpcService.java:closeImpl(311)) - 686b4373-3f6e-463e-bd5f-56c21a134faf: shutdown server org.apache.ratis.grpc.server.GrpcAdminProtocolService now
2024-01-18 21:14:06,014 [ea523e53-c226-4491-8cf7-936e653545c3@group-D303D77A7A38-StateMachineUpdater] INFO  server.RaftServer$Division (LeaderStateImpl.java:isApplied(320)) - leader is ready since appliedIndex == 0 >= startIndex == 0
2024-01-18 21:14:06,014 [main] INFO  server.GrpcService (GrpcService.java:closeImpl(320)) - 686b4373-3f6e-463e-bd5f-56c21a134faf: shutdown server org.apache.ratis.grpc.server.GrpcAdminProtocolService successfully
2024-01-18 21:14:06,020 [0c097caf-3b45-4555-a1b1-3d0f2c4aaf7a@group-D4D2F37D9F7B-SegmentedRaftLogWorker] INFO  segmented.SegmentedRaftLogWorker (SegmentedRaftLogWorker.java:execute(634)) - 0c097caf-3b45-4555-a1b1-3d0f2c4aaf7a@group-D4D2F37D9F7B-SegmentedRaftLogWorker: created new log segment /home/runner/work/ozone/ozone/hadoop-ozone/integration-test/target/test-dir/MiniOzoneClusterImpl-31edb46a-ccfd-4ac6-802d-5dd746a085ff/datanode-8/data/ratis/735a7f7a-e101-4633-b9ae-d4d2f37d9f7b/current/log_inprogress_0
2024-01-18 21:14:06,025 [0c097caf-3b45-4555-a1b1-3d0f2c4aaf7a@group-D4D2F37D9F7B-StateMachineUpdater] INFO  server.RaftServer$Division (LeaderStateImpl.java:isApplied(320)) - leader is ready since appliedIndex == 0 >= startIndex == 0
2024-01-18 21:14:06,027 [686b4373-3f6e-463e-bd5f-56c21a134faf-NettyServerStreamRpc-bossGroup--thread1] INFO  logging.LoggingHandler (AbstractInternalLogger.java:log(148)) - [id: 0x0e285945, L:/0.0.0.0:15122] CLOSE
2024-01-18 21:14:06,027 [686b4373-3f6e-463e-bd5f-56c21a134faf-NettyServerStreamRpc-bossGroup--thread1] INFO  logging.LoggingHandler (AbstractInternalLogger.java:log(148)) - [id: 0x0e285945, L:/0.0.0.0:15122] INACTIVE
2024-01-18 21:14:06,027 [686b4373-3f6e-463e-bd5f-56c21a134faf-NettyServerStreamRpc-bossGroup--thread1] INFO  logging.LoggingHandler (AbstractInternalLogger.java:log(148)) - [id: 0x0e285945, L:/0.0.0.0:15122] UNREGISTERED
2024-01-18 21:14:06,358 [686b4373-3f6e-463e-bd5f-56c21a134faf-impl-thread2] INFO  segmented.SegmentedRaftLogWorker (SegmentedRaftLogWorker.java:close(245)) - 686b4373-3f6e-463e-bd5f-56c21a134faf@group-87F37CF8AE9F-SegmentedRaftLogWorker close()
2024-01-18 21:14:06,955 [686b4373-3f6e-463e-bd5f-56c21a134faf-impl-thread1] INFO  segmented.SegmentedRaftLogWorker (SegmentedRaftLogWorker.java:close(245)) - 686b4373-3f6e-463e-bd5f-56c21a134faf@group-DFF2D486F62C-SegmentedRaftLogWorker close()
2024-01-18 21:14:06,960 [JvmPauseMonitor15] INFO  util.JvmPauseMonitor (JvmPauseMonitor.java:run(152)) - JvmPauseMonitor-686b4373-3f6e-463e-bd5f-56c21a134faf: Stopped
2024-01-18 21:14:08,964 [main] INFO  utils.DatanodeStoreCache (DatanodeStoreCache.java:shutdownCache(116)) - Skip clearing cache in mini cluster mode. Entries left: [/home/runner/work/ozone/ozone/hadoop-ozone/integration-test/target/test-dir/MiniOzoneClusterImpl-31edb46a-ccfd-4ac6-802d-5dd746a085ff/datanode-0/data-0/containers/hdds/31edb46a-ccfd-4ac6-802d-5dd746a085ff/DS-c93275ef-70ec-4fa9-a1ad-e1bc63f36258/container.db, /home/runner/work/ozone/ozone/hadoop-ozone/integration-test/target/test-dir/MiniOzoneClusterImpl-31edb46a-ccfd-4ac6-802d-5dd746a085ff/datanode-1/data-0/containers/hdds/31edb46a-ccfd-4ac6-802d-5dd746a085ff/DS-cb3e6be7-6308-439e-beca-456a0f3bf537/container.db, /home/runner/work/ozone/ozone/hadoop-ozone/integration-test/target/test-dir/MiniOzoneClusterImpl-31edb46a-ccfd-4ac6-802d-5dd746a085ff/datanode-2/data-0/containers/hdds/31edb46a-ccfd-4ac6-802d-5dd746a085ff/DS-f2553816-48b1-4fc5-96ae-fe44b17b64e1/container.db, /home/runner/work/ozone/ozone/hadoop-ozone/integration-test/target/test-dir/MiniOzoneClusterImpl-31edb46a-ccfd-4ac6-802d-5dd746a085ff/datanode-3/data-0/containers/hdds/31edb46a-ccfd-4ac6-802d-5dd746a085ff/DS-905fcbbf-6417-4f48-92be-ee44164b4ff0/container.db, /home/runner/work/ozone/ozone/hadoop-ozone/integration-test/target/test-dir/MiniOzoneClusterImpl-31edb46a-ccfd-4ac6-802d-5dd746a085ff/datanode-4/data-0/containers/hdds/31edb46a-ccfd-4ac6-802d-5dd746a085ff/DS-ede7874a-6031-42fa-8f89-3275ab958ac8/container.db, /home/runner/work/ozone/ozone/hadoop-ozone/integration-test/target/test-dir/MiniOzoneClusterImpl-31edb46a-ccfd-4ac6-802d-5dd746a085ff/datanode-5/data-0/containers/hdds/31edb46a-ccfd-4ac6-802d-5dd746a085ff/DS-43147a71-4d49-4b89-bb7c-a6a979605c9a/container.db, /home/runner/work/ozone/ozone/hadoop-ozone/integration-test/target/test-dir/MiniOzoneClusterImpl-31edb46a-ccfd-4ac6-802d-5dd746a085ff/datanode-6/data-0/containers/hdds/31edb46a-ccfd-4ac6-802d-5dd746a085ff/DS-6436b0f7-2080-41e9-a6ae-994d887d898f/container.db, /home/runner/work/ozone/ozone/hadoop-ozone/integration-test/target/test-dir/MiniOzoneClusterImpl-31edb46a-ccfd-4ac6-802d-5dd746a085ff/datanode-7/data-0/containers/hdds/31edb46a-ccfd-4ac6-802d-5dd746a085ff/DS-99accced-80bd-43b5-a90c-2f03949acc22/container.db, /home/runner/work/ozone/ozone/hadoop-ozone/integration-test/target/test-dir/MiniOzoneClusterImpl-31edb46a-ccfd-4ac6-802d-5dd746a085ff/datanode-8/data-0/containers/hdds/31edb46a-ccfd-4ac6-802d-5dd746a085ff/DS-4702093d-ce1c-4955-b626-2c3946144b79/container.db]
2024-01-18 21:14:08,966 [main] INFO  utils.DatanodeStoreCache (DatanodeStoreCache.java:removeDB(110)) - Removed db /home/runner/work/ozone/ozone/hadoop-ozone/integration-test/target/test-dir/MiniOzoneClusterImpl-31edb46a-ccfd-4ac6-802d-5dd746a085ff/datanode-2/data-0/containers/hdds/31edb46a-ccfd-4ac6-802d-5dd746a085ff/DS-f2553816-48b1-4fc5-96ae-fe44b17b64e1/container.db from cache
2024-01-18 21:14:08,966 [main] INFO  volume.HddsVolume (HddsVolume.java:closeDbStore(451)) - SchemaV3 db is stopped at /home/runner/work/ozone/ozone/hadoop-ozone/integration-test/target/test-dir/MiniOzoneClusterImpl-31edb46a-ccfd-4ac6-802d-5dd746a085ff/datanode-2/data-0/containers/hdds/31edb46a-ccfd-4ac6-802d-5dd746a085ff/DS-f2553816-48b1-4fc5-96ae-fe44b17b64e1/container.db for volume DS-f2553816-48b1-4fc5-96ae-fe44b17b64e1
2024-01-18 21:14:08,967 [main] INFO  utils.BackgroundService (BackgroundService.java:shutdown(160)) - Shutting down service BlockDeletingService
2024-01-18 21:14:08,967 [main] INFO  utils.BackgroundService (BackgroundService.java:shutdown(160)) - Shutting down service StaleRecoveringContainerScrubbingService
2024-01-18 21:14:08,967 [main] INFO  statemachine.DatanodeStateMachine (DatanodeStateMachine.java:stopDaemon(638)) - Ozone container server stopped.
2024-01-18 21:14:08,968 [main] INFO  handler.ContextHandler (ContextHandler.java:doStop(1159)) - Stopped o.e.j.w.WebAppContext@1585e32{hddsDatanode,/,null,STOPPED}{jar:file:/home/runner/.m2/repository/org/apache/ozone/hdds-container-service/1.5.0-SNAPSHOT/hdds-container-service-1.5.0-SNAPSHOT.jar!/webapps/hddsDatanode}
2024-01-18 21:14:08,969 [main] INFO  server.AbstractConnector (AbstractConnector.java:doStop(383)) - Stopped ServerConnector@5c0d536f{HTTP/1.1, (http/1.1)}{0.0.0.0:15116}
2024-01-18 21:14:08,969 [main] INFO  server.session (HouseKeeper.java:stopScavenging(149)) - node0 Stopped scavenging
2024-01-18 21:14:08,969 [main] INFO  handler.ContextHandler (ContextHandler.java:doStop(1159)) - Stopped o.e.j.s.ServletContextHandler@3dd939bc{static,/static,jar:file:/home/runner/.m2/repository/org/apache/ozone/hdds-container-service/1.5.0-SNAPSHOT/hdds-container-service-1.5.0-SNAPSHOT.jar!/webapps/static,STOPPED}
2024-01-18 21:14:08,969 [main] INFO  handler.ContextHandler (ContextHandler.java:doStop(1159)) - Stopped o.e.j.s.ServletContextHandler@61611b1f{logs,/logs,file:///home/runner/work/ozone/ozone/hadoop-ozone/integration-test/target/log,STOPPED}
2024-01-18 21:14:08,970 [main] INFO  ozone.HddsDatanodeClientProtocolServer (HddsDatanodeClientProtocolServer.java:stop(78)) - Stopping the RPC server for Client Protocol
2024-01-18 21:14:08,970 [main] INFO  ipc.Server (Server.java:stop(3523)) - Stopping server on 15117
2024-01-18 21:14:08,971 [IPC Server listener on 15117] INFO  ipc.Server (Server.java:run(1434)) - Stopping IPC Server listener on 15117
2024-01-18 21:14:08,972 [IPC Server Responder] INFO  ipc.Server (Server.java:run(1567)) - Stopping IPC Server Responder
2024-01-18 21:14:08,973 [main] INFO  ozoneimpl.OzoneContainer (OzoneContainer.java:stop(479)) - Attempting to stop container services.
2024-01-18 21:14:08,974 [main] INFO  server.RaftServer (RaftServerProxy.java:lambda$close$9(416)) - a53a26a9-4fba-413e-b26a-f90ec9646c55: close
2024-01-18 21:14:08,974 [a53a26a9-4fba-413e-b26a-f90ec9646c55-impl-thread1] INFO  server.RaftServer$Division (RaftServerImpl.java:lambda$close$3(526)) - a53a26a9-4fba-413e-b26a-f90ec9646c55@group-DFF2D486F62C: shutdown
2024-01-18 21:14:08,974 [main] INFO  server.GrpcService (GrpcService.java:closeImpl(311)) - a53a26a9-4fba-413e-b26a-f90ec9646c55: shutdown server org.apache.ratis.grpc.server.GrpcClientProtocolService now
2024-01-18 21:14:08,974 [a53a26a9-4fba-413e-b26a-f90ec9646c55-impl-thread2] INFO  server.RaftServer$Division (RaftServerImpl.java:lambda$close$3(526)) - a53a26a9-4fba-413e-b26a-f90ec9646c55@group-29045FE243D3: shutdown
2024-01-18 21:14:08,974 [a53a26a9-4fba-413e-b26a-f90ec9646c55-impl-thread2] INFO  util.JmxRegister (JmxRegister.java:unregister(73)) - Successfully un-registered JMX Bean with object name Ratis:service=RaftServer,group=group-29045FE243D3,id=a53a26a9-4fba-413e-b26a-f90ec9646c55
2024-01-18 21:14:08,974 [a53a26a9-4fba-413e-b26a-f90ec9646c55-impl-thread2] INFO  impl.RoleInfo (RoleInfo.java:shutdownLeaderState(94)) - a53a26a9-4fba-413e-b26a-f90ec9646c55: shutdown a53a26a9-4fba-413e-b26a-f90ec9646c55@group-29045FE243D3-LeaderStateImpl
2024-01-18 21:14:08,975 [a53a26a9-4fba-413e-b26a-f90ec9646c55-impl-thread2] INFO  impl.PendingRequests (PendingRequests.java:sendNotLeaderResponses(289)) - a53a26a9-4fba-413e-b26a-f90ec9646c55@group-29045FE243D3-PendingRequests: sendNotLeaderResponses
2024-01-18 21:14:08,974 [a53a26a9-4fba-413e-b26a-f90ec9646c55-impl-thread1] INFO  util.JmxRegister (JmxRegister.java:unregister(73)) - Successfully un-registered JMX Bean with object name Ratis:service=RaftServer,group=group-DFF2D486F62C,id=a53a26a9-4fba-413e-b26a-f90ec9646c55
2024-01-18 21:14:08,975 [a53a26a9-4fba-413e-b26a-f90ec9646c55-impl-thread1] INFO  impl.RoleInfo (RoleInfo.java:shutdownFollowerState(110)) - a53a26a9-4fba-413e-b26a-f90ec9646c55: shutdown a53a26a9-4fba-413e-b26a-f90ec9646c55@group-DFF2D486F62C-FollowerState
2024-01-18 21:14:08,975 [a53a26a9-4fba-413e-b26a-f90ec9646c55-impl-thread2] INFO  impl.StateMachineUpdater (StateMachineUpdater.java:stopAndJoin(157)) - a53a26a9-4fba-413e-b26a-f90ec9646c55@group-29045FE243D3-StateMachineUpdater: set stopIndex = 0
2024-01-18 21:14:08,975 [Thread-2083] INFO  server.GrpcServerProtocolClient (GrpcServerProtocolClient.java:close(103)) - 32a26d97-b348-45bd-baf8-7e50e45a1152 Close channels
2024-01-18 21:14:08,975 [Thread-2084] INFO  server.GrpcServerProtocolClient (GrpcServerProtocolClient.java:close(103)) - 686b4373-3f6e-463e-bd5f-56c21a134faf Close channels
2024-01-18 21:14:08,976 [a53a26a9-4fba-413e-b26a-f90ec9646c55-impl-thread1] INFO  impl.StateMachineUpdater (StateMachineUpdater.java:stopAndJoin(157)) - a53a26a9-4fba-413e-b26a-f90ec9646c55@group-DFF2D486F62C-StateMachineUpdater: set stopIndex = 2
2024-01-18 21:14:08,977 [a53a26a9-4fba-413e-b26a-f90ec9646c55@group-DFF2D486F62C-StateMachineUpdater] INFO  ratis.ContainerStateMachine (ContainerStateMachine.java:takeSnapshot(355)) - group-DFF2D486F62C: Taking a snapshot at:(t:1, i:2) file /home/runner/work/ozone/ozone/hadoop-ozone/integration-test/target/test-dir/MiniOzoneClusterImpl-31edb46a-ccfd-4ac6-802d-5dd746a085ff/datanode-0/data/ratis/2d92b0f5-b558-4201-b326-dff2d486f62c/sm/snapshot.1_2
2024-01-18 21:14:08,977 [a53a26a9-4fba-413e-b26a-f90ec9646c55@group-DFF2D486F62C-FollowerState] INFO  impl.FollowerState (FollowerState.java:run(152)) - a53a26a9-4fba-413e-b26a-f90ec9646c55@group-DFF2D486F62C-FollowerState was interrupted
2024-01-18 21:14:08,977 [a53a26a9-4fba-413e-b26a-f90ec9646c55@group-29045FE243D3-StateMachineUpdater] INFO  ratis.ContainerStateMachine (ContainerStateMachine.java:takeSnapshot(355)) - group-29045FE243D3: Taking a snapshot at:(t:1, i:0) file /home/runner/work/ozone/ozone/hadoop-ozone/integration-test/target/test-dir/MiniOzoneClusterImpl-31edb46a-ccfd-4ac6-802d-5dd746a085ff/datanode-0/data/ratis/b17355d0-564b-4900-aa73-29045fe243d3/sm/snapshot.1_0
2024-01-18 21:14:08,977 [a53a26a9-4fba-413e-b26a-f90ec9646c55@group-DFF2D486F62C-StateMachineUpdater] INFO  ratis.ContainerStateMachine (ContainerStateMachine.java:takeSnapshot(366)) - group-DFF2D486F62C: Finished taking a snapshot at:(t:1, i:2) file:/home/runner/work/ozone/ozone/hadoop-ozone/integration-test/target/test-dir/MiniOzoneClusterImpl-31edb46a-ccfd-4ac6-802d-5dd746a085ff/datanode-0/data/ratis/2d92b0f5-b558-4201-b326-dff2d486f62c/sm/snapshot.1_2 took: 1 ms
2024-01-18 21:14:08,978 [a53a26a9-4fba-413e-b26a-f90ec9646c55@group-DFF2D486F62C-StateMachineUpdater] INFO  impl.StateMachineUpdater (StateMachineUpdater.java:takeSnapshot(295)) - a53a26a9-4fba-413e-b26a-f90ec9646c55@group-DFF2D486F62C-StateMachineUpdater: Took a snapshot at index 2
2024-01-18 21:14:08,978 [a53a26a9-4fba-413e-b26a-f90ec9646c55@group-DFF2D486F62C-StateMachineUpdater] INFO  impl.StateMachineUpdater (StateMachineUpdater.java:lambda$new$0(98)) - a53a26a9-4fba-413e-b26a-f90ec9646c55@group-DFF2D486F62C-StateMachineUpdater: snapshotIndex: updateIncreasingly -1 -> 2
2024-01-18 21:14:08,978 [a53a26a9-4fba-413e-b26a-f90ec9646c55@group-29045FE243D3-StateMachineUpdater] INFO  ratis.ContainerStateMachine (ContainerStateMachine.java:takeSnapshot(366)) - group-29045FE243D3: Finished taking a snapshot at:(t:1, i:0) file:/home/runner/work/ozone/ozone/hadoop-ozone/integration-test/target/test-dir/MiniOzoneClusterImpl-31edb46a-ccfd-4ac6-802d-5dd746a085ff/datanode-0/data/ratis/b17355d0-564b-4900-aa73-29045fe243d3/sm/snapshot.1_0 took: 1 ms
2024-01-18 21:14:08,978 [a53a26a9-4fba-413e-b26a-f90ec9646c55@group-29045FE243D3-StateMachineUpdater] INFO  impl.StateMachineUpdater (StateMachineUpdater.java:takeSnapshot(295)) - a53a26a9-4fba-413e-b26a-f90ec9646c55@group-29045FE243D3-StateMachineUpdater: Took a snapshot at index 0
2024-01-18 21:14:08,978 [a53a26a9-4fba-413e-b26a-f90ec9646c55@group-29045FE243D3-StateMachineUpdater] INFO  impl.StateMachineUpdater (StateMachineUpdater.java:lambda$new$0(98)) - a53a26a9-4fba-413e-b26a-f90ec9646c55@group-29045FE243D3-StateMachineUpdater: snapshotIndex: updateIncreasingly -1 -> 0
2024-01-18 21:14:08,978 [a53a26a9-4fba-413e-b26a-f90ec9646c55-impl-thread1] INFO  server.RaftServer$Division (ServerState.java:close(427)) - a53a26a9-4fba-413e-b26a-f90ec9646c55@group-DFF2D486F62C: applyIndex: 2
2024-01-18 21:14:08,978 [a53a26a9-4fba-413e-b26a-f90ec9646c55-impl-thread2] INFO  server.RaftServer$Division (ServerState.java:close(427)) - a53a26a9-4fba-413e-b26a-f90ec9646c55@group-29045FE243D3: applyIndex: 0
2024-01-18 21:14:08,978 [a53a26a9-4fba-413e-b26a-f90ec9646c55@group-29045FE243D3-cacheEviction-AwaitToRun] INFO  util.AwaitToRun (AwaitToRun.java:run(49)) - a53a26a9-4fba-413e-b26a-f90ec9646c55@group-29045FE243D3-cacheEviction-AwaitToRun-AwaitForSignal is interrupted
2024-01-18 21:14:08,978 [a53a26a9-4fba-413e-b26a-f90ec9646c55@group-DFF2D486F62C-cacheEviction-AwaitToRun] INFO  util.AwaitToRun (AwaitToRun.java:run(49)) - a53a26a9-4fba-413e-b26a-f90ec9646c55@group-DFF2D486F62C-cacheEviction-AwaitToRun-AwaitForSignal is interrupted
2024-01-18 21:14:08,979 [main] INFO  server.GrpcService (GrpcService.java:closeImpl(320)) - a53a26a9-4fba-413e-b26a-f90ec9646c55: shutdown server org.apache.ratis.grpc.server.GrpcClientProtocolService successfully
2024-01-18 21:14:08,979 [main] INFO  server.GrpcService (GrpcService.java:closeImpl(311)) - a53a26a9-4fba-413e-b26a-f90ec9646c55: shutdown server GrpcServerProtocolService now
2024-01-18 21:14:08,981 [grpc-default-executor-2] WARN  server.GrpcServerProtocolService (LogUtils.java:warn(121)) - a53a26a9-4fba-413e-b26a-f90ec9646c55: APPEND_ENTRIES onError, lastRequest: 32a26d97-b348-45bd-baf8-7e50e45a1152->a53a26a9-4fba-413e-b26a-f90ec9646c55#4-t1,previous=(t:1, i:1),leaderCommit=1,initializing? false,entries: size=1, first=(t:1, i:2), METADATAENTRY(c:1): org.apache.ratis.thirdparty.io.grpc.StatusRuntimeException: CANCELLED: client cancelled
2024-01-18 21:14:08,981 [grpc-default-executor-4] WARN  server.GrpcLogAppender (LogUtils.java:warn(121)) - 32a26d97-b348-45bd-baf8-7e50e45a1152@group-DFF2D486F62C->a53a26a9-4fba-413e-b26a-f90ec9646c55-AppendLogResponseHandler: Failed appendEntries: org.apache.ratis.thirdparty.io.grpc.StatusRuntimeException: CANCELLED: RST_STREAM closed stream. HTTP/2 error code: CANCEL
2024-01-18 21:14:08,981 [grpc-default-executor-4] WARN  server.GrpcLogAppender (GrpcLogAppender.java:lambda$resetClient$1(217)) - 32a26d97-b348-45bd-baf8-7e50e45a1152@group-DFF2D486F62C->a53a26a9-4fba-413e-b26a-f90ec9646c55-GrpcLogAppender: Follower failed (request=null, errorCount=1); keep nextIndex (3) unchanged and retry.
2024-01-18 21:14:08,981 [grpc-default-executor-5] WARN  server.GrpcServerProtocolService (LogUtils.java:warn(121)) - a53a26a9-4fba-413e-b26a-f90ec9646c55: APPEND_ENTRIES onError, lastRequest: null: org.apache.ratis.thirdparty.io.grpc.StatusRuntimeException: CANCELLED: client cancelled
2024-01-18 21:14:08,982 [main] INFO  server.GrpcService (GrpcService.java:closeImpl(320)) - a53a26a9-4fba-413e-b26a-f90ec9646c55: shutdown server GrpcServerProtocolService successfully
2024-01-18 21:14:08,985 [main] INFO  server.GrpcService (GrpcService.java:closeImpl(311)) - a53a26a9-4fba-413e-b26a-f90ec9646c55: shutdown server org.apache.ratis.grpc.server.GrpcAdminProtocolService now
2024-01-18 21:14:08,986 [main] INFO  server.GrpcService (GrpcService.java:closeImpl(320)) - a53a26a9-4fba-413e-b26a-f90ec9646c55: shutdown server org.apache.ratis.grpc.server.GrpcAdminProtocolService successfully
2024-01-18 21:14:08,989 [a53a26a9-4fba-413e-b26a-f90ec9646c55-NettyServerStreamRpc-bossGroup--thread1] INFO  logging.LoggingHandler (AbstractInternalLogger.java:log(148)) - [id: 0xeeb69128, L:/0.0.0.0:15104] CLOSE
2024-01-18 21:14:08,989 [a53a26a9-4fba-413e-b26a-f90ec9646c55-NettyServerStreamRpc-bossGroup--thread1] INFO  logging.LoggingHandler (AbstractInternalLogger.java:log(148)) - [id: 0xeeb69128, L:/0.0.0.0:15104] INACTIVE
2024-01-18 21:14:08,989 [a53a26a9-4fba-413e-b26a-f90ec9646c55-NettyServerStreamRpc-bossGroup--thread1] INFO  logging.LoggingHandler (AbstractInternalLogger.java:log(148)) - [id: 0xeeb69128, L:/0.0.0.0:15104] UNREGISTERED
2024-01-18 21:14:09,237 [a53a26a9-4fba-413e-b26a-f90ec9646c55-impl-thread2] INFO  segmented.SegmentedRaftLogWorker (SegmentedRaftLogWorker.java:close(245)) - a53a26a9-4fba-413e-b26a-f90ec9646c55@group-29045FE243D3-SegmentedRaftLogWorker close()
2024-01-18 21:14:09,955 [a53a26a9-4fba-413e-b26a-f90ec9646c55-impl-thread1] INFO  segmented.SegmentedRaftLogWorker (SegmentedRaftLogWorker.java:close(245)) - a53a26a9-4fba-413e-b26a-f90ec9646c55@group-DFF2D486F62C-SegmentedRaftLogWorker close()
2024-01-18 21:14:09,956 [JvmPauseMonitor13] INFO  util.JvmPauseMonitor (JvmPauseMonitor.java:run(152)) - JvmPauseMonitor-a53a26a9-4fba-413e-b26a-f90ec9646c55: Stopped
2024-01-18 21:14:11,001 [timer4] WARN  server.GrpcLogAppender (GrpcLogAppender.java:lambda$resetClient$1(217)) - 32a26d97-b348-45bd-baf8-7e50e45a1152@group-DFF2D486F62C->686b4373-3f6e-463e-bd5f-56c21a134faf-GrpcLogAppender: Follower failed (request=null, errorCount=8); keep nextIndex (3) unchanged and retry. (Repeated 8 times in the last 5.000s)
2024-01-18 21:14:11,001 [timer3] WARN  server.GrpcLogAppender (LogUtils.java:warn(121)) - 32a26d97-b348-45bd-baf8-7e50e45a1152@group-DFF2D486F62C->686b4373-3f6e-463e-bd5f-56c21a134faf-AppendLogResponseHandler: Failed appendEntries (Repeated 8 times in the last 5.001s): org.apache.ratis.thirdparty.io.grpc.StatusRuntimeException: UNAVAILABLE: io exception
2024-01-18 21:14:11,959 [main] INFO  utils.DatanodeStoreCache (DatanodeStoreCache.java:shutdownCache(116)) - Skip clearing cache in mini cluster mode. Entries left: [/home/runner/work/ozone/ozone/hadoop-ozone/integration-test/target/test-dir/MiniOzoneClusterImpl-31edb46a-ccfd-4ac6-802d-5dd746a085ff/datanode-0/data-0/containers/hdds/31edb46a-ccfd-4ac6-802d-5dd746a085ff/DS-c93275ef-70ec-4fa9-a1ad-e1bc63f36258/container.db, /home/runner/work/ozone/ozone/hadoop-ozone/integration-test/target/test-dir/MiniOzoneClusterImpl-31edb46a-ccfd-4ac6-802d-5dd746a085ff/datanode-1/data-0/containers/hdds/31edb46a-ccfd-4ac6-802d-5dd746a085ff/DS-cb3e6be7-6308-439e-beca-456a0f3bf537/container.db, /home/runner/work/ozone/ozone/hadoop-ozone/integration-test/target/test-dir/MiniOzoneClusterImpl-31edb46a-ccfd-4ac6-802d-5dd746a085ff/datanode-3/data-0/containers/hdds/31edb46a-ccfd-4ac6-802d-5dd746a085ff/DS-905fcbbf-6417-4f48-92be-ee44164b4ff0/container.db, /home/runner/work/ozone/ozone/hadoop-ozone/integration-test/target/test-dir/MiniOzoneClusterImpl-31edb46a-ccfd-4ac6-802d-5dd746a085ff/datanode-4/data-0/containers/hdds/31edb46a-ccfd-4ac6-802d-5dd746a085ff/DS-ede7874a-6031-42fa-8f89-3275ab958ac8/container.db, /home/runner/work/ozone/ozone/hadoop-ozone/integration-test/target/test-dir/MiniOzoneClusterImpl-31edb46a-ccfd-4ac6-802d-5dd746a085ff/datanode-5/data-0/containers/hdds/31edb46a-ccfd-4ac6-802d-5dd746a085ff/DS-43147a71-4d49-4b89-bb7c-a6a979605c9a/container.db, /home/runner/work/ozone/ozone/hadoop-ozone/integration-test/target/test-dir/MiniOzoneClusterImpl-31edb46a-ccfd-4ac6-802d-5dd746a085ff/datanode-6/data-0/containers/hdds/31edb46a-ccfd-4ac6-802d-5dd746a085ff/DS-6436b0f7-2080-41e9-a6ae-994d887d898f/container.db, /home/runner/work/ozone/ozone/hadoop-ozone/integration-test/target/test-dir/MiniOzoneClusterImpl-31edb46a-ccfd-4ac6-802d-5dd746a085ff/datanode-7/data-0/containers/hdds/31edb46a-ccfd-4ac6-802d-5dd746a085ff/DS-99accced-80bd-43b5-a90c-2f03949acc22/container.db, /home/runner/work/ozone/ozone/hadoop-ozone/integration-test/target/test-dir/MiniOzoneClusterImpl-31edb46a-ccfd-4ac6-802d-5dd746a085ff/datanode-8/data-0/containers/hdds/31edb46a-ccfd-4ac6-802d-5dd746a085ff/DS-4702093d-ce1c-4955-b626-2c3946144b79/container.db]
2024-01-18 21:14:11,961 [main] INFO  utils.DatanodeStoreCache (DatanodeStoreCache.java:removeDB(110)) - Removed db /home/runner/work/ozone/ozone/hadoop-ozone/integration-test/target/test-dir/MiniOzoneClusterImpl-31edb46a-ccfd-4ac6-802d-5dd746a085ff/datanode-0/data-0/containers/hdds/31edb46a-ccfd-4ac6-802d-5dd746a085ff/DS-c93275ef-70ec-4fa9-a1ad-e1bc63f36258/container.db from cache
2024-01-18 21:14:11,961 [main] INFO  volume.HddsVolume (HddsVolume.java:closeDbStore(451)) - SchemaV3 db is stopped at /home/runner/work/ozone/ozone/hadoop-ozone/integration-test/target/test-dir/MiniOzoneClusterImpl-31edb46a-ccfd-4ac6-802d-5dd746a085ff/datanode-0/data-0/containers/hdds/31edb46a-ccfd-4ac6-802d-5dd746a085ff/DS-c93275ef-70ec-4fa9-a1ad-e1bc63f36258/container.db for volume DS-c93275ef-70ec-4fa9-a1ad-e1bc63f36258
2024-01-18 21:14:11,961 [main] INFO  utils.BackgroundService (BackgroundService.java:shutdown(160)) - Shutting down service BlockDeletingService
2024-01-18 21:14:11,962 [main] INFO  utils.BackgroundService (BackgroundService.java:shutdown(160)) - Shutting down service StaleRecoveringContainerScrubbingService
2024-01-18 21:14:11,962 [main] INFO  statemachine.DatanodeStateMachine (DatanodeStateMachine.java:stopDaemon(638)) - Ozone container server stopped.
2024-01-18 21:14:11,963 [main] INFO  handler.ContextHandler (ContextHandler.java:doStop(1159)) - Stopped o.e.j.w.WebAppContext@38850b00{hddsDatanode,/,null,STOPPED}{jar:file:/home/runner/.m2/repository/org/apache/ozone/hdds-container-service/1.5.0-SNAPSHOT/hdds-container-service-1.5.0-SNAPSHOT.jar!/webapps/hddsDatanode}
2024-01-18 21:14:11,963 [main] INFO  server.AbstractConnector (AbstractConnector.java:doStop(383)) - Stopped ServerConnector@a134e19{HTTP/1.1, (http/1.1)}{0.0.0.0:15098}
2024-01-18 21:14:11,963 [main] INFO  server.session (HouseKeeper.java:stopScavenging(149)) - node0 Stopped scavenging
2024-01-18 21:14:11,963 [main] INFO  handler.ContextHandler (ContextHandler.java:doStop(1159)) - Stopped o.e.j.s.ServletContextHandler@33b2ab5f{static,/static,jar:file:/home/runner/.m2/repository/org/apache/ozone/hdds-container-service/1.5.0-SNAPSHOT/hdds-container-service-1.5.0-SNAPSHOT.jar!/webapps/static,STOPPED}
2024-01-18 21:14:11,964 [main] INFO  handler.ContextHandler (ContextHandler.java:doStop(1159)) - Stopped o.e.j.s.ServletContextHandler@40a544df{logs,/logs,file:///home/runner/work/ozone/ozone/hadoop-ozone/integration-test/target/log,STOPPED}
2024-01-18 21:14:11,964 [main] INFO  ozone.HddsDatanodeClientProtocolServer (HddsDatanodeClientProtocolServer.java:stop(78)) - Stopping the RPC server for Client Protocol
2024-01-18 21:14:11,964 [main] INFO  ipc.Server (Server.java:stop(3523)) - Stopping server on 15099
2024-01-18 21:14:11,965 [IPC Server Responder] INFO  ipc.Server (Server.java:run(1567)) - Stopping IPC Server Responder
2024-01-18 21:14:11,965 [IPC Server listener on 15099] INFO  ipc.Server (Server.java:run(1434)) - Stopping IPC Server listener on 15099
2024-01-18 21:14:11,970 [main] INFO  pipeline.PipelineManagerImpl (PipelineManagerImpl.java:closeContainersForPipeline(484)) - Container #1 closed for pipeline=PipelineID=2d92b0f5-b558-4201-b326-dff2d486f62c
2024-01-18 21:14:11,970 [EventQueue-CloseContainerForCloseContainerEventHandler] INFO  container.CloseContainerEventHandler (CloseContainerEventHandler.java:onMessage(88)) - Close container Event triggered for container : #1, current state: CLOSING
2024-01-18 21:14:11,971 [main] INFO  pipeline.PipelineManagerImpl (PipelineManagerImpl.java:closePipeline(518)) - Pipeline PipelineID=2d92b0f5-b558-4201-b326-dff2d486f62c moved to CLOSED state
2024-01-18 21:14:12,212 [grpc-default-executor-2] WARN  server.GrpcLogAppender (LogUtils.java:warn(121)) - 32a26d97-b348-45bd-baf8-7e50e45a1152@group-DFF2D486F62C->686b4373-3f6e-463e-bd5f-56c21a134faf-AppendLogResponseHandler: Failed appendEntries: org.apache.ratis.thirdparty.io.grpc.StatusRuntimeException: UNAVAILABLE: io exception
2024-01-18 21:14:12,214 [grpc-default-executor-5] WARN  server.GrpcLogAppender (GrpcLogAppender.java:lambda$resetClient$1(217)) - 32a26d97-b348-45bd-baf8-7e50e45a1152@group-DFF2D486F62C->686b4373-3f6e-463e-bd5f-56c21a134faf-GrpcLogAppender: Follower failed (request=null, errorCount=9); keep nextIndex (3) unchanged and retry.
2024-01-18 21:14:13,981 [timer3] WARN  server.GrpcLogAppender (GrpcLogAppender.java:lambda$resetClient$1(217)) - 32a26d97-b348-45bd-baf8-7e50e45a1152@group-DFF2D486F62C->a53a26a9-4fba-413e-b26a-f90ec9646c55-GrpcLogAppender: Follower failed (request=null, errorCount=8); keep nextIndex (3) unchanged and retry. (Repeated 8 times in the last 5.000s)
2024-01-18 21:14:13,981 [timer2] WARN  server.GrpcLogAppender (LogUtils.java:warn(121)) - 32a26d97-b348-45bd-baf8-7e50e45a1152@group-DFF2D486F62C->a53a26a9-4fba-413e-b26a-f90ec9646c55-AppendLogResponseHandler: Failed appendEntries (Repeated 8 times in the last 5.000s): org.apache.ratis.thirdparty.io.grpc.StatusRuntimeException: UNAVAILABLE: io exception
2024-01-18 21:14:14,714 [grpc-default-executor-2] WARN  server.GrpcLogAppender (LogUtils.java:warn(121)) - 32a26d97-b348-45bd-baf8-7e50e45a1152@group-DFF2D486F62C->a53a26a9-4fba-413e-b26a-f90ec9646c55-AppendLogResponseHandler: Failed appendEntries: org.apache.ratis.thirdparty.io.grpc.StatusRuntimeException: UNAVAILABLE: io exception
2024-01-18 21:14:14,715 [grpc-default-executor-5] WARN  server.GrpcLogAppender (GrpcLogAppender.java:lambda$resetClient$1(217)) - 32a26d97-b348-45bd-baf8-7e50e45a1152@group-DFF2D486F62C->a53a26a9-4fba-413e-b26a-f90ec9646c55-GrpcLogAppender: Follower failed (request=null, errorCount=9); keep nextIndex (3) unchanged and retry.
2024-01-18 21:14:15,585 [null-request--thread1] INFO  server.GrpcClientProtocolService (GrpcClientProtocolService.java:lambda$processClientRequest$0(284)) - Failed RaftClientRequest:client-414344E17920->32a26d97-b348-45bd-baf8-7e50e45a1152@group-DFF2D486F62C, cid=46, seq=null, Watch-ALL_COMMITTED(100), Message:<EMPTY>, reply=RaftClientReply:client-414344E17920->32a26d97-b348-45bd-baf8-7e50e45a1152@group-DFF2D486F62C, cid=46, FAILED org.apache.ratis.protocol.exceptions.NotReplicatedException: Request with call Id 46 and log index 100 is not yet replicated to ALL_COMMITTED, logIndex=100, commits[32a26d97-b348-45bd-baf8-7e50e45a1152:c2, 686b4373-3f6e-463e-bd5f-56c21a134faf:c1, a53a26a9-4fba-413e-b26a-f90ec9646c55:c2]
2024-01-18 21:14:15,589 [main] WARN  scm.XceiverClientRatis (XceiverClientRatis.java:watchForCommit(284)) - 3 way commit failed on pipeline Pipeline[ Id: 2d92b0f5-b558-4201-b326-dff2d486f62c, Nodes: 686b4373-3f6e-463e-bd5f-56c21a134faf(fv-az776-647.gib5dkvrjkgedmzi5ptrevqpbg.bx.internal.cloudapp.net/10.1.0.44)a53a26a9-4fba-413e-b26a-f90ec9646c55(fv-az776-647.gib5dkvrjkgedmzi5ptrevqpbg.bx.internal.cloudapp.net/10.1.0.44)32a26d97-b348-45bd-baf8-7e50e45a1152(fv-az776-647.gib5dkvrjkgedmzi5ptrevqpbg.bx.internal.cloudapp.net/10.1.0.44), ReplicationConfig: RATIS/THREE, State:OPEN, leaderId:32a26d97-b348-45bd-baf8-7e50e45a1152, CreationTimestamp2024-01-18T21:13:57.277Z[Etc/UTC]]
java.util.concurrent.ExecutionException: org.apache.ratis.protocol.exceptions.NotReplicatedException: Request with call Id 46 and log index 100 is not yet replicated to ALL_COMMITTED
	at java.util.concurrent.CompletableFuture.reportGet(CompletableFuture.java:357)
	at java.util.concurrent.CompletableFuture.get(CompletableFuture.java:1908)
	at org.apache.hadoop.hdds.scm.XceiverClientRatis.watchForCommit(XceiverClientRatis.java:279)
	at org.apache.hadoop.ozone.client.rpc.TestWatchForCommit.testWatchForCommitForRetryfailure(TestWatchForCommit.java:283)
	at sun.reflect.NativeMethodAccessorImpl.invoke0(Native Method)
	at sun.reflect.NativeMethodAccessorImpl.invoke(NativeMethodAccessorImpl.java:62)
	at sun.reflect.DelegatingMethodAccessorImpl.invoke(DelegatingMethodAccessorImpl.java:43)
	at java.lang.reflect.Method.invoke(Method.java:498)
	at org.junit.platform.commons.util.ReflectionUtils.invokeMethod(ReflectionUtils.java:728)
	at org.junit.jupiter.engine.execution.MethodInvocation.proceed(MethodInvocation.java:60)
	at org.junit.jupiter.engine.execution.InvocationInterceptorChain$ValidatingInvocation.proceed(InvocationInterceptorChain.java:131)
	at org.junit.jupiter.engine.extension.TimeoutExtension.intercept(TimeoutExtension.java:156)
	at org.junit.jupiter.engine.extension.TimeoutExtension.interceptTestableMethod(TimeoutExtension.java:147)
	at org.junit.jupiter.engine.extension.TimeoutExtension.interceptTestMethod(TimeoutExtension.java:86)
	at org.junit.jupiter.engine.execution.InterceptingExecutableInvoker$ReflectiveInterceptorCall.lambda$ofVoidMethod$0(InterceptingExecutableInvoker.java:103)
	at org.junit.jupiter.engine.execution.InterceptingExecutableInvoker.lambda$invoke$0(InterceptingExecutableInvoker.java:93)
	at org.junit.jupiter.engine.execution.InvocationInterceptorChain$InterceptedInvocation.proceed(InvocationInterceptorChain.java:106)
	at org.junit.jupiter.engine.execution.InvocationInterceptorChain.proceed(InvocationInterceptorChain.java:64)
	at org.junit.jupiter.engine.execution.InvocationInterceptorChain.chainAndInvoke(InvocationInterceptorChain.java:45)
	at org.junit.jupiter.engine.execution.InvocationInterceptorChain.invoke(InvocationInterceptorChain.java:37)
	at org.junit.jupiter.engine.execution.InterceptingExecutableInvoker.invoke(InterceptingExecutableInvoker.java:92)
	at org.junit.jupiter.engine.execution.InterceptingExecutableInvoker.invoke(InterceptingExecutableInvoker.java:86)
	at org.junit.jupiter.engine.descriptor.TestMethodTestDescriptor.lambda$invokeTestMethod$7(TestMethodTestDescriptor.java:218)
	at org.junit.platform.engine.support.hierarchical.ThrowableCollector.execute(ThrowableCollector.java:73)
	at org.junit.jupiter.engine.descriptor.TestMethodTestDescriptor.invokeTestMethod(TestMethodTestDescriptor.java:214)
	at org.junit.jupiter.engine.descriptor.TestMethodTestDescriptor.execute(TestMethodTestDescriptor.java:139)
	at org.junit.jupiter.engine.descriptor.TestMethodTestDescriptor.execute(TestMethodTestDescriptor.java:69)
	at org.junit.platform.engine.support.hierarchical.NodeTestTask.lambda$executeRecursively$6(NodeTestTask.java:151)
	at org.junit.platform.engine.support.hierarchical.ThrowableCollector.execute(ThrowableCollector.java:73)
	at org.junit.platform.engine.support.hierarchical.NodeTestTask.lambda$executeRecursively$8(NodeTestTask.java:141)
	at org.junit.platform.engine.support.hierarchical.Node.around(Node.java:137)
	at org.junit.platform.engine.support.hierarchical.NodeTestTask.lambda$executeRecursively$9(NodeTestTask.java:139)
	at org.junit.platform.engine.support.hierarchical.ThrowableCollector.execute(ThrowableCollector.java:73)
	at org.junit.platform.engine.support.hierarchical.NodeTestTask.executeRecursively(NodeTestTask.java:138)
	at org.junit.platform.engine.support.hierarchical.NodeTestTask.execute(NodeTestTask.java:95)
	at java.util.ArrayList.forEach(ArrayList.java:1259)
	at org.junit.platform.engine.support.hierarchical.SameThreadHierarchicalTestExecutorService.invokeAll(SameThreadHierarchicalTestExecutorService.java:41)
	at org.junit.platform.engine.support.hierarchical.NodeTestTask.lambda$executeRecursively$6(NodeTestTask.java:155)
	at org.junit.platform.engine.support.hierarchical.ThrowableCollector.execute(ThrowableCollector.java:73)
	at org.junit.platform.engine.support.hierarchical.NodeTestTask.lambda$executeRecursively$8(NodeTestTask.java:141)
	at org.junit.platform.engine.support.hierarchical.Node.around(Node.java:137)
	at org.junit.platform.engine.support.hierarchical.NodeTestTask.lambda$executeRecursively$9(NodeTestTask.java:139)
	at org.junit.platform.engine.support.hierarchical.ThrowableCollector.execute(ThrowableCollector.java:73)
	at org.junit.platform.engine.support.hierarchical.NodeTestTask.executeRecursively(NodeTestTask.java:138)
	at org.junit.platform.engine.support.hierarchical.NodeTestTask.execute(NodeTestTask.java:95)
	at java.util.ArrayList.forEach(ArrayList.java:1259)
	at org.junit.platform.engine.support.hierarchical.SameThreadHierarchicalTestExecutorService.invokeAll(SameThreadHierarchicalTestExecutorService.java:41)
	at org.junit.platform.engine.support.hierarchical.NodeTestTask.lambda$executeRecursively$6(NodeTestTask.java:155)
	at org.junit.platform.engine.support.hierarchical.ThrowableCollector.execute(ThrowableCollector.java:73)
	at org.junit.platform.engine.support.hierarchical.NodeTestTask.lambda$executeRecursively$8(NodeTestTask.java:141)
	at org.junit.platform.engine.support.hierarchical.Node.around(Node.java:137)
	at org.junit.platform.engine.support.hierarchical.NodeTestTask.lambda$executeRecursively$9(NodeTestTask.java:139)
	at org.junit.platform.engine.support.hierarchical.ThrowableCollector.execute(ThrowableCollector.java:73)
	at org.junit.platform.engine.support.hierarchical.NodeTestTask.executeRecursively(NodeTestTask.java:138)
	at org.junit.platform.engine.support.hierarchical.NodeTestTask.execute(NodeTestTask.java:95)
	at org.junit.platform.engine.support.hierarchical.SameThreadHierarchicalTestExecutorService.submit(SameThreadHierarchicalTestExecutorService.java:35)
	at org.junit.platform.engine.support.hierarchical.HierarchicalTestExecutor.execute(HierarchicalTestExecutor.java:57)
	at org.junit.platform.engine.support.hierarchical.HierarchicalTestEngine.execute(HierarchicalTestEngine.java:54)
	at org.junit.platform.launcher.core.EngineExecutionOrchestrator.execute(EngineExecutionOrchestrator.java:198)
	at org.junit.platform.launcher.core.EngineExecutionOrchestrator.execute(EngineExecutionOrchestrator.java:169)
	at org.junit.platform.launcher.core.EngineExecutionOrchestrator.execute(EngineExecutionOrchestrator.java:93)
	at org.junit.platform.launcher.core.EngineExecutionOrchestrator.lambda$execute$0(EngineExecutionOrchestrator.java:58)
	at org.junit.platform.launcher.core.EngineExecutionOrchestrator.withInterceptedStreams(EngineExecutionOrchestrator.java:141)
	at org.junit.platform.launcher.core.EngineExecutionOrchestrator.execute(EngineExecutionOrchestrator.java:57)
	at org.junit.platform.launcher.core.DefaultLauncher.execute(DefaultLauncher.java:103)
	at org.junit.platform.launcher.core.DefaultLauncher.execute(DefaultLauncher.java:85)
	at org.junit.platform.launcher.core.DelegatingLauncher.execute(DelegatingLauncher.java:47)
	at org.apache.maven.surefire.junitplatform.LazyLauncher.execute(LazyLauncher.java:56)
	at org.apache.maven.surefire.junitplatform.JUnitPlatformProvider.execute(JUnitPlatformProvider.java:184)
	at org.apache.maven.surefire.junitplatform.JUnitPlatformProvider.invokeAllTests(JUnitPlatformProvider.java:148)
	at org.apache.maven.surefire.junitplatform.JUnitPlatformProvider.invoke(JUnitPlatformProvider.java:120)
	at org.apache.maven.surefire.booter.ForkedBooter.runSuitesInProcess(ForkedBooter.java:385)
	at org.apache.maven.surefire.booter.ForkedBooter.execute(ForkedBooter.java:162)
	at org.apache.maven.surefire.booter.ForkedBooter.run(ForkedBooter.java:507)
	at org.apache.maven.surefire.booter.ForkedBooter.main(ForkedBooter.java:495)
Caused by: org.apache.ratis.protocol.exceptions.NotReplicatedException: Request with call Id 46 and log index 100 is not yet replicated to ALL_COMMITTED
	at org.apache.ratis.client.impl.ClientProtoUtils.toRaftClientReply(ClientProtoUtils.java:400)
	at org.apache.ratis.grpc.client.GrpcClientProtocolClient$AsyncStreamObservers$1.onNext(GrpcClientProtocolClient.java:310)
	at org.apache.ratis.grpc.client.GrpcClientProtocolClient$AsyncStreamObservers$1.onNext(GrpcClientProtocolClient.java:305)
	at org.apache.ratis.thirdparty.io.grpc.stub.ClientCalls$StreamObserverToCallListenerAdapter.onMessage(ClientCalls.java:468)
	at org.apache.ratis.thirdparty.io.grpc.ForwardingClientCallListener.onMessage(ForwardingClientCallListener.java:33)
	at org.apache.ratis.thirdparty.io.grpc.internal.ClientCallImpl$ClientStreamListenerImpl$1MessagesAvailable.runInternal(ClientCallImpl.java:660)
	at org.apache.ratis.thirdparty.io.grpc.internal.ClientCallImpl$ClientStreamListenerImpl$1MessagesAvailable.runInContext(ClientCallImpl.java:647)
	at org.apache.ratis.thirdparty.io.grpc.internal.ContextRunnable.run(ContextRunnable.java:37)
	at org.apache.ratis.thirdparty.io.grpc.internal.SerializingExecutor.run(SerializingExecutor.java:133)
	at java.util.concurrent.ThreadPoolExecutor.runWorker(ThreadPoolExecutor.java:1149)
	at java.util.concurrent.ThreadPoolExecutor$Worker.run(ThreadPoolExecutor.java:624)
	at java.lang.Thread.run(Thread.java:750)
2024-01-18 21:14:16,355 [32a26d97-b348-45bd-baf8-7e50e45a1152@group-DFF2D486F62C-LeaderStateImpl] WARN  server.RaftServer$Division (LeaderStateImpl.java:checkLeadership(1107)) - 32a26d97-b348-45bd-baf8-7e50e45a1152@group-DFF2D486F62C-LeaderStateImpl: Lost leadership on term: 1. Election timeout: 5200ms. In charge for: 11039ms. Conf: 0: peers:[32a26d97-b348-45bd-baf8-7e50e45a1152|10.1.0.44:15112, 686b4373-3f6e-463e-bd5f-56c21a134faf|10.1.0.44:15121, a53a26a9-4fba-413e-b26a-f90ec9646c55|10.1.0.44:15103]|listeners:[], old=null
2024-01-18 21:14:16,355 [32a26d97-b348-45bd-baf8-7e50e45a1152@group-DFF2D486F62C-LeaderStateImpl] WARN  server.RaftServer$Division (LeaderStateImpl.java:lambda$checkLeadership$21(1111)) - Follower 32a26d97-b348-45bd-baf8-7e50e45a1152@group-DFF2D486F62C->686b4373-3f6e-463e-bd5f-56c21a134faf(c1,m2,n3, caughtUp=true, lastRpcSendTime=1227, lastRpcResponseTime=10400)
2024-01-18 21:14:16,355 [32a26d97-b348-45bd-baf8-7e50e45a1152@group-DFF2D486F62C-LeaderStateImpl] WARN  server.RaftServer$Division (LeaderStateImpl.java:lambda$checkLeadership$21(1111)) - Follower 32a26d97-b348-45bd-baf8-7e50e45a1152@group-DFF2D486F62C->a53a26a9-4fba-413e-b26a-f90ec9646c55(c2,m2,n3, caughtUp=true, lastRpcSendTime=386, lastRpcResponseTime=7898)
2024-01-18 21:14:16,355 [32a26d97-b348-45bd-baf8-7e50e45a1152@group-DFF2D486F62C-LeaderStateImpl] INFO  server.RaftServer$Division (RaftServerImpl.java:setRole(383)) - 32a26d97-b348-45bd-baf8-7e50e45a1152@group-DFF2D486F62C: changes role from    LEADER to FOLLOWER at term 1 for StepDownReason:LOST_MAJORITY_HEARTBEATS
2024-01-18 21:14:16,355 [32a26d97-b348-45bd-baf8-7e50e45a1152@group-DFF2D486F62C-LeaderStateImpl] INFO  impl.RoleInfo (RoleInfo.java:shutdownLeaderState(94)) - 32a26d97-b348-45bd-baf8-7e50e45a1152: shutdown 32a26d97-b348-45bd-baf8-7e50e45a1152@group-DFF2D486F62C-LeaderStateImpl
2024-01-18 21:14:16,356 [32a26d97-b348-45bd-baf8-7e50e45a1152@group-DFF2D486F62C-LeaderStateImpl] INFO  impl.PendingRequests (PendingRequests.java:sendNotLeaderResponses(289)) - 32a26d97-b348-45bd-baf8-7e50e45a1152@group-DFF2D486F62C-PendingRequests: sendNotLeaderResponses
2024-01-18 21:14:16,356 [32a26d97-b348-45bd-baf8-7e50e45a1152@group-DFF2D486F62C->a53a26a9-4fba-413e-b26a-f90ec9646c55-GrpcLogAppender-LogAppenderDaemon] WARN  server.GrpcLogAppender (GrpcLogAppender.java:mayWait(289)) - 32a26d97-b348-45bd-baf8-7e50e45a1152@group-DFF2D486F62C->a53a26a9-4fba-413e-b26a-f90ec9646c55-GrpcLogAppender: Wait interrupted by java.lang.InterruptedException
2024-01-18 21:14:16,356 [32a26d97-b348-45bd-baf8-7e50e45a1152@group-DFF2D486F62C->686b4373-3f6e-463e-bd5f-56c21a134faf-GrpcLogAppender-LogAppenderDaemon] WARN  server.GrpcLogAppender (GrpcLogAppender.java:mayWait(289)) - 32a26d97-b348-45bd-baf8-7e50e45a1152@group-DFF2D486F62C->686b4373-3f6e-463e-bd5f-56c21a134faf-GrpcLogAppender: Wait interrupted by java.lang.InterruptedException
2024-01-18 21:14:16,358 [null-request--thread1] INFO  server.GrpcClientProtocolService (GrpcClientProtocolService.java:lambda$processClientRequest$0(284)) - Failed RaftClientRequest:client-414344E17920->32a26d97-b348-45bd-baf8-7e50e45a1152@group-DFF2D486F62C, cid=47, seq=null, Watch-MAJORITY_COMMITTED(100), Message:<EMPTY>, reply=RaftClientReply:client-414344E17920->32a26d97-b348-45bd-baf8-7e50e45a1152@group-DFF2D486F62C, cid=47, FAILED org.apache.ratis.protocol.exceptions.NotLeaderException: Server 32a26d97-b348-45bd-baf8-7e50e45a1152@group-DFF2D486F62C is not the leader, logIndex=0, commits[32a26d97-b348-45bd-baf8-7e50e45a1152:c2, 686b4373-3f6e-463e-bd5f-56c21a134faf:c1, a53a26a9-4fba-413e-b26a-f90ec9646c55:c2]
2024-01-18 21:14:16,358 [32a26d97-b348-45bd-baf8-7e50e45a1152@group-DFF2D486F62C-LeaderStateImpl] INFO  server.RaftServer$Division (ServerState.java:setLeader(269)) - 32a26d97-b348-45bd-baf8-7e50e45a1152@group-DFF2D486F62C: change Leader from 32a26d97-b348-45bd-baf8-7e50e45a1152 to null at term 1 for StepDownReason:LOST_MAJORITY_HEARTBEATS
2024-01-18 21:14:16,358 [32a26d97-b348-45bd-baf8-7e50e45a1152@group-DFF2D486F62C-LeaderStateImpl] INFO  impl.RoleInfo (RoleInfo.java:updateAndGet(139)) - 32a26d97-b348-45bd-baf8-7e50e45a1152: start 32a26d97-b348-45bd-baf8-7e50e45a1152@group-DFF2D486F62C-FollowerState
2024-01-18 21:14:16,966 [32a26d97-b348-45bd-baf8-7e50e45a1152-CloseContainerThread-0] INFO  commandhandler.CloseContainerCommandHandler (CloseContainerCommandHandler.java:lambda$handle$0(154)) - Follower cannot close container #1.
2024-01-18 21:14:17,213 [timer6] WARN  server.GrpcLogAppender (LogUtils.java:warn(121)) - 32a26d97-b348-45bd-baf8-7e50e45a1152@group-DFF2D486F62C->686b4373-3f6e-463e-bd5f-56c21a134faf-AppendLogResponseHandler: Failed appendEntries (Repeated 6 times in the last 5.001s): org.apache.ratis.thirdparty.io.grpc.StatusRuntimeException: UNAVAILABLE: io exception
2024-01-18 21:14:17,214 [timer7] WARN  server.GrpcLogAppender (GrpcLogAppender.java:lambda$resetClient$1(217)) - 32a26d97-b348-45bd-baf8-7e50e45a1152@group-DFF2D486F62C->686b4373-3f6e-463e-bd5f-56c21a134faf-GrpcLogAppender: Follower failed (request=null, errorCount=14); keep nextIndex (3) unchanged and retry. (Repeated 6 times in the last 5.000s)
2024-01-18 21:14:18,345 [BackgroundPipelineScrubber] INFO  pipeline.PipelineManagerImpl (PipelineManagerImpl.java:scrubPipelines(610)) - Scrubbing pipeline: id: PipelineID=2d92b0f5-b558-4201-b326-dff2d486f62c since it stays at CLOSED stage.
2024-01-18 21:14:18,346 [BackgroundPipelineScrubber] INFO  pipeline.RatisPipelineProvider (RatisPipelineProvider.java:lambda$close$4(272)) - Send pipeline:PipelineID=2d92b0f5-b558-4201-b326-dff2d486f62c close command to datanode 686b4373-3f6e-463e-bd5f-56c21a134faf
2024-01-18 21:14:18,346 [BackgroundPipelineScrubber] INFO  pipeline.RatisPipelineProvider (RatisPipelineProvider.java:lambda$close$4(272)) - Send pipeline:PipelineID=2d92b0f5-b558-4201-b326-dff2d486f62c close command to datanode a53a26a9-4fba-413e-b26a-f90ec9646c55
2024-01-18 21:14:18,346 [BackgroundPipelineScrubber] INFO  pipeline.RatisPipelineProvider (RatisPipelineProvider.java:lambda$close$4(272)) - Send pipeline:PipelineID=2d92b0f5-b558-4201-b326-dff2d486f62c close command to datanode 32a26d97-b348-45bd-baf8-7e50e45a1152
2024-01-18 21:14:18,348 [BackgroundPipelineScrubber] INFO  pipeline.PipelineManagerImpl (PipelineManagerImpl.java:removePipeline(459)) - Pipeline Pipeline[ Id: 2d92b0f5-b558-4201-b326-dff2d486f62c, Nodes: 686b4373-3f6e-463e-bd5f-56c21a134faf(fv-az776-647.gib5dkvrjkgedmzi5ptrevqpbg.bx.internal.cloudapp.net/10.1.0.44)a53a26a9-4fba-413e-b26a-f90ec9646c55(fv-az776-647.gib5dkvrjkgedmzi5ptrevqpbg.bx.internal.cloudapp.net/10.1.0.44)32a26d97-b348-45bd-baf8-7e50e45a1152(fv-az776-647.gib5dkvrjkgedmzi5ptrevqpbg.bx.internal.cloudapp.net/10.1.0.44), ReplicationConfig: RATIS/THREE, State:CLOSED, leaderId:32a26d97-b348-45bd-baf8-7e50e45a1152, CreationTimestamp2024-01-18T21:13:57.277Z[Etc/UTC]] removed.
2024-01-18 21:14:19,715 [timer6] WARN  server.GrpcLogAppender (LogUtils.java:warn(121)) - 32a26d97-b348-45bd-baf8-7e50e45a1152@group-DFF2D486F62C->a53a26a9-4fba-413e-b26a-f90ec9646c55-AppendLogResponseHandler: Failed appendEntries (Repeated 4 times in the last 5.001s): org.apache.ratis.thirdparty.io.grpc.StatusRuntimeException: UNAVAILABLE: io exception
2024-01-18 21:14:19,715 [timer7] WARN  server.GrpcLogAppender (GrpcLogAppender.java:lambda$resetClient$1(217)) - 32a26d97-b348-45bd-baf8-7e50e45a1152@group-DFF2D486F62C->a53a26a9-4fba-413e-b26a-f90ec9646c55-GrpcLogAppender: Follower failed (request=null, errorCount=12); keep nextIndex (3) unchanged and retry. (Repeated 4 times in the last 5.000s)
2024-01-18 21:14:19,965 [32a26d97-b348-45bd-baf8-7e50e45a1152-PipelineCommandHandlerThread-0] INFO  server.RaftServer (RaftServerProxy.java:remove(111)) - 32a26d97-b348-45bd-baf8-7e50e45a1152: remove  FOLLOWER 32a26d97-b348-45bd-baf8-7e50e45a1152@group-DFF2D486F62C:t1, leader=null, voted=32a26d97-b348-45bd-baf8-7e50e45a1152, raftlog=Memoized:32a26d97-b348-45bd-baf8-7e50e45a1152@group-DFF2D486F62C-SegmentedRaftLog:OPENED:c2, conf=0: peers:[32a26d97-b348-45bd-baf8-7e50e45a1152|10.1.0.44:15112, 686b4373-3f6e-463e-bd5f-56c21a134faf|10.1.0.44:15121, a53a26a9-4fba-413e-b26a-f90ec9646c55|10.1.0.44:15103]|listeners:[], old=null RUNNING
2024-01-18 21:14:19,966 [32a26d97-b348-45bd-baf8-7e50e45a1152-PipelineCommandHandlerThread-0] INFO  server.RaftServer$Division (RaftServerImpl.java:lambda$close$3(526)) - 32a26d97-b348-45bd-baf8-7e50e45a1152@group-DFF2D486F62C: shutdown
2024-01-18 21:14:19,966 [32a26d97-b348-45bd-baf8-7e50e45a1152-PipelineCommandHandlerThread-0] INFO  util.JmxRegister (JmxRegister.java:unregister(73)) - Successfully un-registered JMX Bean with object name Ratis:service=RaftServer,group=group-DFF2D486F62C,id=32a26d97-b348-45bd-baf8-7e50e45a1152
2024-01-18 21:14:19,966 [32a26d97-b348-45bd-baf8-7e50e45a1152-PipelineCommandHandlerThread-0] INFO  impl.RoleInfo (RoleInfo.java:shutdownFollowerState(110)) - 32a26d97-b348-45bd-baf8-7e50e45a1152: shutdown 32a26d97-b348-45bd-baf8-7e50e45a1152@group-DFF2D486F62C-FollowerState
2024-01-18 21:14:19,967 [32a26d97-b348-45bd-baf8-7e50e45a1152-PipelineCommandHandlerThread-0] INFO  impl.StateMachineUpdater (StateMachineUpdater.java:stopAndJoin(157)) - 32a26d97-b348-45bd-baf8-7e50e45a1152@group-DFF2D486F62C-StateMachineUpdater: set stopIndex = 2
2024-01-18 21:14:19,969 [32a26d97-b348-45bd-baf8-7e50e45a1152@group-DFF2D486F62C-FollowerState] INFO  impl.FollowerState (FollowerState.java:run(152)) - 32a26d97-b348-45bd-baf8-7e50e45a1152@group-DFF2D486F62C-FollowerState was interrupted
2024-01-18 21:14:19,970 [32a26d97-b348-45bd-baf8-7e50e45a1152@group-DFF2D486F62C-StateMachineUpdater] INFO  ratis.ContainerStateMachine (ContainerStateMachine.java:takeSnapshot(355)) - group-DFF2D486F62C: Taking a snapshot at:(t:1, i:2) file /home/runner/work/ozone/ozone/hadoop-ozone/integration-test/target/test-dir/MiniOzoneClusterImpl-31edb46a-ccfd-4ac6-802d-5dd746a085ff/datanode-1/data/ratis/2d92b0f5-b558-4201-b326-dff2d486f62c/sm/snapshot.1_2
2024-01-18 21:14:19,971 [32a26d97-b348-45bd-baf8-7e50e45a1152@group-DFF2D486F62C-StateMachineUpdater] INFO  ratis.ContainerStateMachine (ContainerStateMachine.java:takeSnapshot(366)) - group-DFF2D486F62C: Finished taking a snapshot at:(t:1, i:2) file:/home/runner/work/ozone/ozone/hadoop-ozone/integration-test/target/test-dir/MiniOzoneClusterImpl-31edb46a-ccfd-4ac6-802d-5dd746a085ff/datanode-1/data/ratis/2d92b0f5-b558-4201-b326-dff2d486f62c/sm/snapshot.1_2 took: 2 ms
2024-01-18 21:14:19,971 [32a26d97-b348-45bd-baf8-7e50e45a1152@group-DFF2D486F62C-StateMachineUpdater] INFO  impl.StateMachineUpdater (StateMachineUpdater.java:takeSnapshot(295)) - 32a26d97-b348-45bd-baf8-7e50e45a1152@group-DFF2D486F62C-StateMachineUpdater: Took a snapshot at index 2
2024-01-18 21:14:19,971 [32a26d97-b348-45bd-baf8-7e50e45a1152@group-DFF2D486F62C-StateMachineUpdater] INFO  impl.StateMachineUpdater (StateMachineUpdater.java:lambda$new$0(98)) - 32a26d97-b348-45bd-baf8-7e50e45a1152@group-DFF2D486F62C-StateMachineUpdater: snapshotIndex: updateIncreasingly -1 -> 2
2024-01-18 21:14:19,971 [32a26d97-b348-45bd-baf8-7e50e45a1152-PipelineCommandHandlerThread-0] INFO  server.RaftServer$Division (ServerState.java:close(427)) - 32a26d97-b348-45bd-baf8-7e50e45a1152@group-DFF2D486F62C: applyIndex: 2
2024-01-18 21:14:19,972 [32a26d97-b348-45bd-baf8-7e50e45a1152@group-DFF2D486F62C-cacheEviction-AwaitToRun] INFO  util.AwaitToRun (AwaitToRun.java:run(49)) - 32a26d97-b348-45bd-baf8-7e50e45a1152@group-DFF2D486F62C-cacheEviction-AwaitToRun-AwaitForSignal is interrupted
2024-01-18 21:14:20,955 [32a26d97-b348-45bd-baf8-7e50e45a1152-PipelineCommandHandlerThread-0] INFO  segmented.SegmentedRaftLogWorker (SegmentedRaftLogWorker.java:close(245)) - 32a26d97-b348-45bd-baf8-7e50e45a1152@group-DFF2D486F62C-SegmentedRaftLogWorker close()
2024-01-18 21:14:20,957 [32a26d97-b348-45bd-baf8-7e50e45a1152-PipelineCommandHandlerThread-0] INFO  keyvalue.KeyValueContainer (KeyValueContainer.java:flushAndSyncDB(522)) - Container 1 is synced with bcsId 0.
2024-01-18 21:14:20,957 [32a26d97-b348-45bd-baf8-7e50e45a1152-PipelineCommandHandlerThread-0] INFO  keyvalue.KeyValueContainer (KeyValueContainer.java:flushAndSyncDB(522)) - Container 1 is synced with bcsId 0.
2024-01-18 21:14:20,960 [FixedThreadPoolWithAffinityExecutor-8-0] INFO  container.IncrementalContainerReportHandler (AbstractContainerReportHandler.java:updateContainerState(287)) - Moving container #1 to QUASI_CLOSED state, datanode 32a26d97-b348-45bd-baf8-7e50e45a1152(fv-az776-647.gib5dkvrjkgedmzi5ptrevqpbg.bx.internal.cloudapp.net/10.1.0.44) reported QUASI_CLOSED replica.
2024-01-18 21:14:20,960 [32a26d97-b348-45bd-baf8-7e50e45a1152-PipelineCommandHandlerThread-0] INFO  server.RaftServer$Division (RaftServerImpl.java:groupRemove(496)) - 32a26d97-b348-45bd-baf8-7e50e45a1152@group-DFF2D486F62C: Succeed to remove RaftStorageDirectory Storage Directory /home/runner/work/ozone/ozone/hadoop-ozone/integration-test/target/test-dir/MiniOzoneClusterImpl-31edb46a-ccfd-4ac6-802d-5dd746a085ff/datanode-1/data/ratis/2d92b0f5-b558-4201-b326-dff2d486f62c
2024-01-18 21:14:20,961 [32a26d97-b348-45bd-baf8-7e50e45a1152-PipelineCommandHandlerThread-0] ERROR commandhandler.ClosePipelineCommandHandler (ClosePipelineCommandHandler.java:lambda$handle$2(137)) - Can't close pipeline PipelineID=2d92b0f5-b558-4201-b326-dff2d486f62c
org.apache.ratis.protocol.exceptions.GroupMismatchException: 32a26d97-b348-45bd-baf8-7e50e45a1152: group-DFF2D486F62C not found.
	at org.apache.ratis.server.impl.RaftServerProxy$ImplMap.get(RaftServerProxy.java:154)
	at org.apache.ratis.server.impl.RaftServerProxy.getImplFuture(RaftServerProxy.java:364)
	at org.apache.ratis.server.impl.RaftServerProxy.getImpl(RaftServerProxy.java:373)
	at org.apache.ratis.server.impl.RaftServerProxy.getDivision(RaftServerProxy.java:386)
	at org.apache.hadoop.ozone.container.common.transport.server.ratis.XceiverServerRatis.getRaftPeersInPipeline(XceiverServerRatis.java:929)
	at org.apache.hadoop.ozone.container.common.statemachine.commandhandler.ClosePipelineCommandHandler.lambda$handle$2(ClosePipelineCommandHandler.java:114)
	at java.util.concurrent.CompletableFuture$AsyncRun.run(CompletableFuture.java:1640)
	at java.util.concurrent.ThreadPoolExecutor.runWorker(ThreadPoolExecutor.java:1149)
	at java.util.concurrent.ThreadPoolExecutor$Worker.run(ThreadPoolExecutor.java:624)
	at java.lang.Thread.run(Thread.java:750)
2024-01-18 21:14:25,357 [main] INFO  ozone.MiniOzoneClusterImpl (MiniOzoneClusterImpl.java:shutdown(449)) - Shutting down the Mini Ozone Cluster
2024-01-18 21:14:25,357 [main] INFO  db.CodecTestUtil (CodecTestUtil.java:gc(50)) - gc 0
2024-01-18 21:14:25,670 [main] INFO  ozone.MiniOzoneClusterImpl (MiniOzoneClusterImpl.java:stop(465)) - Stopping the Mini Ozone Cluster
2024-01-18 21:14:25,670 [main] INFO  om.OzoneManager (OzoneManager.java:stop(2204)) - om1[localhost:15093]: Stopping Ozone Manager
2024-01-18 21:14:25,670 [main] INFO  ipc.Server (Server.java:stop(3523)) - Stopping server on 15093
2024-01-18 21:14:25,672 [IPC Server Responder] INFO  ipc.Server (Server.java:run(1567)) - Stopping IPC Server Responder
2024-01-18 21:14:25,672 [IPC Server listener on 15093] INFO  ipc.Server (Server.java:run(1434)) - Stopping IPC Server listener on 15093
2024-01-18 21:14:25,673 [main] INFO  ratis.OzoneManagerRatisServer (OzoneManagerRatisServer.java:stop(594)) - Stopping org.apache.hadoop.ozone.om.ratis.OzoneManagerRatisServer@6e406bba at port 15096
2024-01-18 21:14:25,674 [main] INFO  server.RaftServer (RaftServerProxy.java:lambda$close$9(416)) - om1: close
2024-01-18 21:14:25,677 [main] INFO  server.GrpcService (GrpcService.java:closeImpl(311)) - om1: shutdown server GrpcServerProtocolService now
2024-01-18 21:14:25,677 [om1-impl-thread1] INFO  server.RaftServer$Division (RaftServerImpl.java:lambda$close$3(526)) - om1@group-C5BA1605619E: shutdown
2024-01-18 21:14:25,680 [om1-impl-thread1] INFO  util.JmxRegister (JmxRegister.java:unregister(73)) - Successfully un-registered JMX Bean with object name Ratis:service=RaftServer,group=group-C5BA1605619E,id=om1
2024-01-18 21:14:25,680 [om1-impl-thread1] INFO  impl.RoleInfo (RoleInfo.java:shutdownLeaderState(94)) - om1: shutdown om1@group-C5BA1605619E-LeaderStateImpl
2024-01-18 21:14:25,680 [om1-impl-thread1] INFO  impl.PendingRequests (PendingRequests.java:sendNotLeaderResponses(289)) - om1@group-C5BA1605619E-PendingRequests: sendNotLeaderResponses
2024-01-18 21:14:25,680 [main] INFO  server.GrpcService (GrpcService.java:closeImpl(320)) - om1: shutdown server GrpcServerProtocolService successfully
2024-01-18 21:14:25,683 [om1-impl-thread1] INFO  impl.StateMachineUpdater (StateMachineUpdater.java:stopAndJoin(157)) - om1@group-C5BA1605619E-StateMachineUpdater: set stopIndex = 4
2024-01-18 21:14:25,683 [om1@group-C5BA1605619E-StateMachineUpdater] INFO  ratis.OzoneManagerStateMachine (OzoneManagerStateMachine.java:takeSnapshotImpl(473)) -  applied = (t:1, i:3)
2024-01-18 21:14:25,683 [om1@group-C5BA1605619E-StateMachineUpdater] INFO  ratis.OzoneManagerStateMachine (OzoneManagerStateMachine.java:takeSnapshotImpl(474)) -  skipped = 3
2024-01-18 21:14:25,683 [om1@group-C5BA1605619E-StateMachineUpdater] INFO  ratis.OzoneManagerStateMachine (OzoneManagerStateMachine.java:takeSnapshotImpl(475)) - notified = (t:1, i:4)
2024-01-18 21:14:25,683 [om1@group-C5BA1605619E-StateMachineUpdater] INFO  ratis.OzoneManagerStateMachine (OzoneManagerStateMachine.java:takeSnapshotImpl(476)) - snapshot = (t:1, i:4)
2024-01-18 21:14:25,692 [om1@group-C5BA1605619E-StateMachineUpdater] INFO  impl.StateMachineUpdater (StateMachineUpdater.java:takeSnapshot(295)) - om1@group-C5BA1605619E-StateMachineUpdater: Took a snapshot at index 4
2024-01-18 21:14:25,692 [om1@group-C5BA1605619E-StateMachineUpdater] INFO  impl.StateMachineUpdater (StateMachineUpdater.java:lambda$new$0(98)) - om1@group-C5BA1605619E-StateMachineUpdater: snapshotIndex: updateIncreasingly -1 -> 4
2024-01-18 21:14:25,692 [om1@group-C5BA1605619E-StateMachineUpdater] INFO  ratis.OzoneManagerStateMachine (OzoneManagerStateMachine.java:close(528)) - Stopping OzoneManagerStateMachine:om1:group-C5BA1605619E.
2024-01-18 21:14:25,692 [om1@group-C5BA1605619E-StateMachineUpdater] INFO  ratis.OzoneManagerDoubleBuffer (OzoneManagerDoubleBuffer.java:stopDaemon(529)) - Stopping OMDoubleBuffer flush thread
2024-01-18 21:14:25,693 [om1-OMDoubleBufferFlushThread] INFO  ratis.OzoneManagerDoubleBuffer (OzoneManagerDoubleBuffer.java:canFlush(609)) - OMDoubleBuffer flush thread om1-OMDoubleBufferFlushThread is interrupted and will exit.
2024-01-18 21:14:25,693 [om1-impl-thread1] INFO  server.RaftServer$Division (ServerState.java:close(427)) - om1@group-C5BA1605619E: applyIndex: 3
2024-01-18 21:14:25,693 [om1@group-C5BA1605619E-cacheEviction-AwaitToRun] INFO  util.AwaitToRun (AwaitToRun.java:run(49)) - om1@group-C5BA1605619E-cacheEviction-AwaitToRun-AwaitForSignal is interrupted
2024-01-18 21:14:25,926 [om1-impl-thread1] INFO  segmented.SegmentedRaftLogWorker (SegmentedRaftLogWorker.java:close(245)) - om1@group-C5BA1605619E-SegmentedRaftLogWorker close()
2024-01-18 21:14:25,926 [JvmPauseMonitor12] INFO  util.JvmPauseMonitor (JvmPauseMonitor.java:run(152)) - JvmPauseMonitor-om1: Stopped
2024-01-18 21:14:25,927 [main] INFO  utils.BackgroundService (BackgroundService.java:shutdown(160)) - Shutting down service KeyDeletingService
2024-01-18 21:14:25,927 [main] INFO  utils.BackgroundService (BackgroundService.java:shutdown(160)) - Shutting down service DirectoryDeletingService
2024-01-18 21:14:25,928 [main] INFO  utils.BackgroundService (BackgroundService.java:shutdown(160)) - Shutting down service OpenKeyCleanupService
2024-01-18 21:14:25,928 [main] INFO  utils.BackgroundService (BackgroundService.java:shutdown(160)) - Shutting down service SstFilteringService
2024-01-18 21:14:25,928 [main] INFO  utils.BackgroundService (BackgroundService.java:shutdown(160)) - Shutting down service SnapshotDeletingService
2024-01-18 21:14:25,928 [main] INFO  utils.BackgroundService (BackgroundService.java:shutdown(160)) - Shutting down service MultipartUploadCleanupService
2024-01-18 21:14:25,928 [main] INFO  utils.BackgroundService (BackgroundService.java:shutdown(160)) - Shutting down service SnapshotDirectoryCleaningService
2024-01-18 21:14:25,929 [main] INFO  handler.ContextHandler (ContextHandler.java:doStop(1159)) - Stopped o.e.j.w.WebAppContext@c74638e{ozoneManager,/,null,STOPPED}{file:/home/runner/work/ozone/ozone/hadoop-ozone/integration-test/target/test-classes/webapps/ozoneManager}
2024-01-18 21:14:25,929 [main] INFO  server.AbstractConnector (AbstractConnector.java:doStop(383)) - Stopped ServerConnector@52655ce3{HTTP/1.1, (http/1.1)}{0.0.0.0:15094}
2024-01-18 21:14:25,930 [main] INFO  server.session (HouseKeeper.java:stopScavenging(149)) - node0 Stopped scavenging
2024-01-18 21:14:25,930 [main] INFO  handler.ContextHandler (ContextHandler.java:doStop(1159)) - Stopped o.e.j.s.ServletContextHandler@2b7a7698{static,/static,file:///home/runner/work/ozone/ozone/hadoop-ozone/integration-test/target/test-classes/webapps/static,STOPPED}
2024-01-18 21:14:25,930 [main] INFO  handler.ContextHandler (ContextHandler.java:doStop(1159)) - Stopped o.e.j.s.ServletContextHandler@b8a256c{logs,/logs,file:///home/runner/work/ozone/ozone/hadoop-ozone/integration-test/target/log,STOPPED}
2024-01-18 21:14:25,930 [main] INFO  rocksdiff.RocksDBCheckpointDiffer (RocksDBCheckpointDiffer.java:close(310)) - Shutting down CompactionDagPruningService.
2024-01-18 21:14:25,932 [main] INFO  snapshot.SnapshotDiffManager (SnapshotDiffManager.java:closeExecutorService(1688)) - Shutting down executorService: 'SnapDiffExecutor'
2024-01-18 21:14:25,932 [main] INFO  snapshot.SnapshotDiffManager (SnapshotDiffManager.java:closeExecutorService(1688)) - Shutting down executorService: 'SstDumpToolExecutor'
2024-01-18 21:14:25,932 [main] INFO  utils.BackgroundService (BackgroundService.java:shutdown(160)) - Shutting down service SnapshotDiffCleanupService
2024-01-18 21:14:25,933 [main] INFO  ozone.MiniOzoneClusterImpl (MiniOzoneClusterImpl.java:stopDatanodes(535)) - Stopping the HddsDatanodes
2024-01-18 21:14:25,935 [ForkJoinPool.commonPool-worker-6] INFO  ozoneimpl.OzoneContainer (OzoneContainer.java:stop(479)) - Attempting to stop container services.
2024-01-18 21:14:25,936 [ForkJoinPool.commonPool-worker-6] INFO  server.RaftServer (RaftServerProxy.java:lambda$close$9(416)) - 655b4849-f6c7-42ce-9d2b-be9b96fb5c65: close
2024-01-18 21:14:25,936 [main] INFO  ozoneimpl.OzoneContainer (OzoneContainer.java:stop(479)) - Attempting to stop container services.
2024-01-18 21:14:25,937 [ForkJoinPool.commonPool-worker-6] INFO  server.GrpcService (GrpcService.java:closeImpl(311)) - 655b4849-f6c7-42ce-9d2b-be9b96fb5c65: shutdown server org.apache.ratis.grpc.server.GrpcClientProtocolService now
2024-01-18 21:14:25,936 [655b4849-f6c7-42ce-9d2b-be9b96fb5c65-impl-thread1] INFO  server.RaftServer$Division (RaftServerImpl.java:lambda$close$3(526)) - 655b4849-f6c7-42ce-9d2b-be9b96fb5c65@group-2480BA639082: shutdown
2024-01-18 21:14:25,937 [655b4849-f6c7-42ce-9d2b-be9b96fb5c65-impl-thread1] INFO  util.JmxRegister (JmxRegister.java:unregister(73)) - Successfully un-registered JMX Bean with object name Ratis:service=RaftServer,group=group-2480BA639082,id=655b4849-f6c7-42ce-9d2b-be9b96fb5c65
2024-01-18 21:14:25,937 [655b4849-f6c7-42ce-9d2b-be9b96fb5c65-impl-thread1] INFO  impl.RoleInfo (RoleInfo.java:shutdownLeaderState(94)) - 655b4849-f6c7-42ce-9d2b-be9b96fb5c65: shutdown 655b4849-f6c7-42ce-9d2b-be9b96fb5c65@group-2480BA639082-LeaderStateImpl
2024-01-18 21:14:25,937 [655b4849-f6c7-42ce-9d2b-be9b96fb5c65-impl-thread1] INFO  impl.PendingRequests (PendingRequests.java:sendNotLeaderResponses(289)) - 655b4849-f6c7-42ce-9d2b-be9b96fb5c65@group-2480BA639082-PendingRequests: sendNotLeaderResponses
2024-01-18 21:14:25,938 [ForkJoinPool.commonPool-worker-7] INFO  ozoneimpl.OzoneContainer (OzoneContainer.java:stop(479)) - Attempting to stop container services.
2024-01-18 21:14:25,938 [655b4849-f6c7-42ce-9d2b-be9b96fb5c65-impl-thread2] INFO  server.RaftServer$Division (RaftServerImpl.java:lambda$close$3(526)) - 655b4849-f6c7-42ce-9d2b-be9b96fb5c65@group-BA0DAAC0BCDC: shutdown
2024-01-18 21:14:25,938 [655b4849-f6c7-42ce-9d2b-be9b96fb5c65-impl-thread2] INFO  util.JmxRegister (JmxRegister.java:unregister(73)) - Successfully un-registered JMX Bean with object name Ratis:service=RaftServer,group=group-BA0DAAC0BCDC,id=655b4849-f6c7-42ce-9d2b-be9b96fb5c65
2024-01-18 21:14:25,938 [main] INFO  server.RaftServer (RaftServerProxy.java:lambda$close$9(416)) - 2a2b30f3-c6d3-4b10-97ff-b0c22fa05b40: close
2024-01-18 21:14:25,938 [655b4849-f6c7-42ce-9d2b-be9b96fb5c65@group-2480BA639082-StateMachineUpdater] INFO  ratis.ContainerStateMachine (ContainerStateMachine.java:takeSnapshot(355)) - group-2480BA639082: Taking a snapshot at:(t:1, i:0) file /home/runner/work/ozone/ozone/hadoop-ozone/integration-test/target/test-dir/MiniOzoneClusterImpl-31edb46a-ccfd-4ac6-802d-5dd746a085ff/datanode-3/data/ratis/c2a6545c-c959-4ac6-8c71-2480ba639082/sm/snapshot.1_0
2024-01-18 21:14:25,938 [ForkJoinPool.commonPool-worker-0] INFO  ozoneimpl.OzoneContainer (OzoneContainer.java:stop(479)) - Attempting to stop container services.
2024-01-18 21:14:25,938 [655b4849-f6c7-42ce-9d2b-be9b96fb5c65-impl-thread1] INFO  impl.StateMachineUpdater (StateMachineUpdater.java:stopAndJoin(157)) - 655b4849-f6c7-42ce-9d2b-be9b96fb5c65@group-2480BA639082-StateMachineUpdater: set stopIndex = 0
2024-01-18 21:14:25,938 [ForkJoinPool.commonPool-worker-7] INFO  server.RaftServer (RaftServerProxy.java:lambda$close$9(416)) - d7bd62da-9eff-4c5a-9810-dab6199e7b8e: close
2024-01-18 21:14:25,938 [ForkJoinPool.commonPool-worker-0] INFO  server.RaftServer (RaftServerProxy.java:lambda$close$9(416)) - ea523e53-c226-4491-8cf7-936e653545c3: close
2024-01-18 21:14:25,938 [655b4849-f6c7-42ce-9d2b-be9b96fb5c65-impl-thread2] INFO  impl.RoleInfo (RoleInfo.java:shutdownFollowerState(110)) - 655b4849-f6c7-42ce-9d2b-be9b96fb5c65: shutdown 655b4849-f6c7-42ce-9d2b-be9b96fb5c65@group-BA0DAAC0BCDC-FollowerState
2024-01-18 21:14:25,938 [2a2b30f3-c6d3-4b10-97ff-b0c22fa05b40-impl-thread1] INFO  server.RaftServer$Division (RaftServerImpl.java:lambda$close$3(526)) - 2a2b30f3-c6d3-4b10-97ff-b0c22fa05b40@group-BA0DAAC0BCDC: shutdown
2024-01-18 21:14:25,939 [2a2b30f3-c6d3-4b10-97ff-b0c22fa05b40-impl-thread1] INFO  util.JmxRegister (JmxRegister.java:unregister(73)) - Successfully un-registered JMX Bean with object name Ratis:service=RaftServer,group=group-BA0DAAC0BCDC,id=2a2b30f3-c6d3-4b10-97ff-b0c22fa05b40
2024-01-18 21:14:25,939 [2a2b30f3-c6d3-4b10-97ff-b0c22fa05b40-impl-thread1] INFO  impl.RoleInfo (RoleInfo.java:shutdownFollowerState(110)) - 2a2b30f3-c6d3-4b10-97ff-b0c22fa05b40: shutdown 2a2b30f3-c6d3-4b10-97ff-b0c22fa05b40@group-BA0DAAC0BCDC-FollowerState
2024-01-18 21:14:25,939 [655b4849-f6c7-42ce-9d2b-be9b96fb5c65@group-2480BA639082-StateMachineUpdater] INFO  ratis.ContainerStateMachine (ContainerStateMachine.java:takeSnapshot(366)) - group-2480BA639082: Finished taking a snapshot at:(t:1, i:0) file:/home/runner/work/ozone/ozone/hadoop-ozone/integration-test/target/test-dir/MiniOzoneClusterImpl-31edb46a-ccfd-4ac6-802d-5dd746a085ff/datanode-3/data/ratis/c2a6545c-c959-4ac6-8c71-2480ba639082/sm/snapshot.1_0 took: 1 ms
2024-01-18 21:14:25,939 [655b4849-f6c7-42ce-9d2b-be9b96fb5c65@group-2480BA639082-StateMachineUpdater] INFO  impl.StateMachineUpdater (StateMachineUpdater.java:takeSnapshot(295)) - 655b4849-f6c7-42ce-9d2b-be9b96fb5c65@group-2480BA639082-StateMachineUpdater: Took a snapshot at index 0
2024-01-18 21:14:25,939 [655b4849-f6c7-42ce-9d2b-be9b96fb5c65@group-2480BA639082-StateMachineUpdater] INFO  impl.StateMachineUpdater (StateMachineUpdater.java:lambda$new$0(98)) - 655b4849-f6c7-42ce-9d2b-be9b96fb5c65@group-2480BA639082-StateMachineUpdater: snapshotIndex: updateIncreasingly -1 -> 0
2024-01-18 21:14:25,939 [655b4849-f6c7-42ce-9d2b-be9b96fb5c65-impl-thread1] INFO  server.RaftServer$Division (ServerState.java:close(427)) - 655b4849-f6c7-42ce-9d2b-be9b96fb5c65@group-2480BA639082: applyIndex: 0
2024-01-18 21:14:25,940 [main] INFO  server.GrpcService (GrpcService.java:closeImpl(311)) - 2a2b30f3-c6d3-4b10-97ff-b0c22fa05b40: shutdown server org.apache.ratis.grpc.server.GrpcClientProtocolService now
2024-01-18 21:14:25,940 [2a2b30f3-c6d3-4b10-97ff-b0c22fa05b40@group-BA0DAAC0BCDC-StateMachineUpdater] INFO  ratis.ContainerStateMachine (ContainerStateMachine.java:takeSnapshot(355)) - group-BA0DAAC0BCDC: Taking a snapshot at:(t:1, i:0) file /home/runner/work/ozone/ozone/hadoop-ozone/integration-test/target/test-dir/MiniOzoneClusterImpl-31edb46a-ccfd-4ac6-802d-5dd746a085ff/datanode-5/data/ratis/501bbff6-3769-4d51-8028-ba0daac0bcdc/sm/snapshot.1_0
2024-01-18 21:14:25,940 [655b4849-f6c7-42ce-9d2b-be9b96fb5c65-impl-thread2] INFO  impl.StateMachineUpdater (StateMachineUpdater.java:stopAndJoin(157)) - 655b4849-f6c7-42ce-9d2b-be9b96fb5c65@group-BA0DAAC0BCDC-StateMachineUpdater: set stopIndex = 0
2024-01-18 21:14:25,940 [655b4849-f6c7-42ce-9d2b-be9b96fb5c65@group-BA0DAAC0BCDC-StateMachineUpdater] INFO  ratis.ContainerStateMachine (ContainerStateMachine.java:takeSnapshot(355)) - group-BA0DAAC0BCDC: Taking a snapshot at:(t:1, i:0) file /home/runner/work/ozone/ozone/hadoop-ozone/integration-test/target/test-dir/MiniOzoneClusterImpl-31edb46a-ccfd-4ac6-802d-5dd746a085ff/datanode-3/data/ratis/501bbff6-3769-4d51-8028-ba0daac0bcdc/sm/snapshot.1_0
2024-01-18 21:14:25,940 [ea523e53-c226-4491-8cf7-936e653545c3-impl-thread1] INFO  server.RaftServer$Division (RaftServerImpl.java:lambda$close$3(526)) - ea523e53-c226-4491-8cf7-936e653545c3@group-D303D77A7A38: shutdown
2024-01-18 21:14:25,940 [2a2b30f3-c6d3-4b10-97ff-b0c22fa05b40@group-BA0DAAC0BCDC-FollowerState] INFO  impl.FollowerState (FollowerState.java:run(152)) - 2a2b30f3-c6d3-4b10-97ff-b0c22fa05b40@group-BA0DAAC0BCDC-FollowerState was interrupted
2024-01-18 21:14:25,940 [2a2b30f3-c6d3-4b10-97ff-b0c22fa05b40-impl-thread1] INFO  impl.StateMachineUpdater (StateMachineUpdater.java:stopAndJoin(157)) - 2a2b30f3-c6d3-4b10-97ff-b0c22fa05b40@group-BA0DAAC0BCDC-StateMachineUpdater: set stopIndex = 0
2024-01-18 21:14:25,940 [655b4849-f6c7-42ce-9d2b-be9b96fb5c65@group-2480BA639082-cacheEviction-AwaitToRun] INFO  util.AwaitToRun (AwaitToRun.java:run(49)) - 655b4849-f6c7-42ce-9d2b-be9b96fb5c65@group-2480BA639082-cacheEviction-AwaitToRun-AwaitForSignal is interrupted
2024-01-18 21:14:25,941 [655b4849-f6c7-42ce-9d2b-be9b96fb5c65@group-BA0DAAC0BCDC-StateMachineUpdater] INFO  ratis.ContainerStateMachine (ContainerStateMachine.java:takeSnapshot(366)) - group-BA0DAAC0BCDC: Finished taking a snapshot at:(t:1, i:0) file:/home/runner/work/ozone/ozone/hadoop-ozone/integration-test/target/test-dir/MiniOzoneClusterImpl-31edb46a-ccfd-4ac6-802d-5dd746a085ff/datanode-3/data/ratis/501bbff6-3769-4d51-8028-ba0daac0bcdc/sm/snapshot.1_0 took: 1 ms
2024-01-18 21:14:25,941 [ForkJoinPool.commonPool-worker-0] INFO  server.GrpcService (GrpcService.java:closeImpl(311)) - ea523e53-c226-4491-8cf7-936e653545c3: shutdown server org.apache.ratis.grpc.server.GrpcClientProtocolService now
2024-01-18 21:14:25,941 [ea523e53-c226-4491-8cf7-936e653545c3-impl-thread2] INFO  server.RaftServer$Division (RaftServerImpl.java:lambda$close$3(526)) - ea523e53-c226-4491-8cf7-936e653545c3@group-BE0C52996DBE: shutdown
2024-01-18 21:14:25,941 [ea523e53-c226-4491-8cf7-936e653545c3-impl-thread2] INFO  util.JmxRegister (JmxRegister.java:unregister(73)) - Successfully un-registered JMX Bean with object name Ratis:service=RaftServer,group=group-BE0C52996DBE,id=ea523e53-c226-4491-8cf7-936e653545c3
2024-01-18 21:14:25,941 [ea523e53-c226-4491-8cf7-936e653545c3-impl-thread2] INFO  impl.RoleInfo (RoleInfo.java:shutdownFollowerState(110)) - ea523e53-c226-4491-8cf7-936e653545c3: shutdown ea523e53-c226-4491-8cf7-936e653545c3@group-BE0C52996DBE-FollowerState
2024-01-18 21:14:25,941 [ea523e53-c226-4491-8cf7-936e653545c3-impl-thread2] INFO  impl.StateMachineUpdater (StateMachineUpdater.java:stopAndJoin(157)) - ea523e53-c226-4491-8cf7-936e653545c3@group-BE0C52996DBE-StateMachineUpdater: set stopIndex = 0
2024-01-18 21:14:25,941 [ea523e53-c226-4491-8cf7-936e653545c3@group-BE0C52996DBE-FollowerState] INFO  impl.FollowerState (FollowerState.java:run(152)) - ea523e53-c226-4491-8cf7-936e653545c3@group-BE0C52996DBE-FollowerState was interrupted
2024-01-18 21:14:25,940 [2a2b30f3-c6d3-4b10-97ff-b0c22fa05b40-impl-thread2] INFO  server.RaftServer$Division (RaftServerImpl.java:lambda$close$3(526)) - 2a2b30f3-c6d3-4b10-97ff-b0c22fa05b40@group-92F7B8E5DABF: shutdown
2024-01-18 21:14:25,941 [2a2b30f3-c6d3-4b10-97ff-b0c22fa05b40-impl-thread2] INFO  util.JmxRegister (JmxRegister.java:unregister(73)) - Successfully un-registered JMX Bean with object name Ratis:service=RaftServer,group=group-92F7B8E5DABF,id=2a2b30f3-c6d3-4b10-97ff-b0c22fa05b40
2024-01-18 21:14:25,941 [2a2b30f3-c6d3-4b10-97ff-b0c22fa05b40-impl-thread2] INFO  impl.RoleInfo (RoleInfo.java:shutdownLeaderState(94)) - 2a2b30f3-c6d3-4b10-97ff-b0c22fa05b40: shutdown 2a2b30f3-c6d3-4b10-97ff-b0c22fa05b40@group-92F7B8E5DABF-LeaderStateImpl
2024-01-18 21:14:25,940 [2a2b30f3-c6d3-4b10-97ff-b0c22fa05b40@group-BA0DAAC0BCDC-StateMachineUpdater] INFO  ratis.ContainerStateMachine (ContainerStateMachine.java:takeSnapshot(366)) - group-BA0DAAC0BCDC: Finished taking a snapshot at:(t:1, i:0) file:/home/runner/work/ozone/ozone/hadoop-ozone/integration-test/target/test-dir/MiniOzoneClusterImpl-31edb46a-ccfd-4ac6-802d-5dd746a085ff/datanode-5/data/ratis/501bbff6-3769-4d51-8028-ba0daac0bcdc/sm/snapshot.1_0 took: 1 ms
2024-01-18 21:14:25,940 [ea523e53-c226-4491-8cf7-936e653545c3-impl-thread1] INFO  util.JmxRegister (JmxRegister.java:unregister(73)) - Successfully un-registered JMX Bean with object name Ratis:service=RaftServer,group=group-D303D77A7A38,id=ea523e53-c226-4491-8cf7-936e653545c3
2024-01-18 21:14:25,942 [2a2b30f3-c6d3-4b10-97ff-b0c22fa05b40@group-BA0DAAC0BCDC-StateMachineUpdater] INFO  impl.StateMachineUpdater (StateMachineUpdater.java:takeSnapshot(295)) - 2a2b30f3-c6d3-4b10-97ff-b0c22fa05b40@group-BA0DAAC0BCDC-StateMachineUpdater: Took a snapshot at index 0
2024-01-18 21:14:25,940 [655b4849-f6c7-42ce-9d2b-be9b96fb5c65@group-BA0DAAC0BCDC-FollowerState] INFO  impl.FollowerState (FollowerState.java:run(152)) - 655b4849-f6c7-42ce-9d2b-be9b96fb5c65@group-BA0DAAC0BCDC-FollowerState was interrupted
2024-01-18 21:14:25,942 [2a2b30f3-c6d3-4b10-97ff-b0c22fa05b40@group-BA0DAAC0BCDC-StateMachineUpdater] INFO  impl.StateMachineUpdater (StateMachineUpdater.java:lambda$new$0(98)) - 2a2b30f3-c6d3-4b10-97ff-b0c22fa05b40@group-BA0DAAC0BCDC-StateMachineUpdater: snapshotIndex: updateIncreasingly -1 -> 0
2024-01-18 21:14:25,942 [ea523e53-c226-4491-8cf7-936e653545c3-impl-thread1] INFO  impl.RoleInfo (RoleInfo.java:shutdownLeaderState(94)) - ea523e53-c226-4491-8cf7-936e653545c3: shutdown ea523e53-c226-4491-8cf7-936e653545c3@group-D303D77A7A38-LeaderStateImpl
2024-01-18 21:14:25,941 [2a2b30f3-c6d3-4b10-97ff-b0c22fa05b40-impl-thread2] INFO  impl.PendingRequests (PendingRequests.java:sendNotLeaderResponses(289)) - 2a2b30f3-c6d3-4b10-97ff-b0c22fa05b40@group-92F7B8E5DABF-PendingRequests: sendNotLeaderResponses
2024-01-18 21:14:25,941 [655b4849-f6c7-42ce-9d2b-be9b96fb5c65@group-BA0DAAC0BCDC-StateMachineUpdater] INFO  impl.StateMachineUpdater (StateMachineUpdater.java:takeSnapshot(295)) - 655b4849-f6c7-42ce-9d2b-be9b96fb5c65@group-BA0DAAC0BCDC-StateMachineUpdater: Took a snapshot at index 0
2024-01-18 21:14:25,942 [655b4849-f6c7-42ce-9d2b-be9b96fb5c65@group-BA0DAAC0BCDC-StateMachineUpdater] INFO  impl.StateMachineUpdater (StateMachineUpdater.java:lambda$new$0(98)) - 655b4849-f6c7-42ce-9d2b-be9b96fb5c65@group-BA0DAAC0BCDC-StateMachineUpdater: snapshotIndex: updateIncreasingly -1 -> 0
2024-01-18 21:14:25,942 [ea523e53-c226-4491-8cf7-936e653545c3-impl-thread1] INFO  impl.PendingRequests (PendingRequests.java:sendNotLeaderResponses(289)) - ea523e53-c226-4491-8cf7-936e653545c3@group-D303D77A7A38-PendingRequests: sendNotLeaderResponses
2024-01-18 21:14:25,942 [2a2b30f3-c6d3-4b10-97ff-b0c22fa05b40@group-92F7B8E5DABF-StateMachineUpdater] INFO  ratis.ContainerStateMachine (ContainerStateMachine.java:takeSnapshot(355)) - group-92F7B8E5DABF: Taking a snapshot at:(t:1, i:0) file /home/runner/work/ozone/ozone/hadoop-ozone/integration-test/target/test-dir/MiniOzoneClusterImpl-31edb46a-ccfd-4ac6-802d-5dd746a085ff/datanode-5/data/ratis/fc6e7408-d8c6-43bf-92ee-92f7b8e5dabf/sm/snapshot.1_0
2024-01-18 21:14:25,943 [2a2b30f3-c6d3-4b10-97ff-b0c22fa05b40-impl-thread2] INFO  impl.StateMachineUpdater (StateMachineUpdater.java:stopAndJoin(157)) - 2a2b30f3-c6d3-4b10-97ff-b0c22fa05b40@group-92F7B8E5DABF-StateMachineUpdater: set stopIndex = 0
2024-01-18 21:14:25,943 [ea523e53-c226-4491-8cf7-936e653545c3-impl-thread1] INFO  impl.StateMachineUpdater (StateMachineUpdater.java:stopAndJoin(157)) - ea523e53-c226-4491-8cf7-936e653545c3@group-D303D77A7A38-StateMachineUpdater: set stopIndex = 0
2024-01-18 21:14:25,943 [ea523e53-c226-4491-8cf7-936e653545c3@group-D303D77A7A38-StateMachineUpdater] INFO  ratis.ContainerStateMachine (ContainerStateMachine.java:takeSnapshot(355)) - group-D303D77A7A38: Taking a snapshot at:(t:1, i:0) file /home/runner/work/ozone/ozone/hadoop-ozone/integration-test/target/test-dir/MiniOzoneClusterImpl-31edb46a-ccfd-4ac6-802d-5dd746a085ff/datanode-7/data/ratis/91abc35d-41c3-459d-9e98-d303d77a7a38/sm/snapshot.1_0
2024-01-18 21:14:25,943 [655b4849-f6c7-42ce-9d2b-be9b96fb5c65-impl-thread2] INFO  server.RaftServer$Division (ServerState.java:close(427)) - 655b4849-f6c7-42ce-9d2b-be9b96fb5c65@group-BA0DAAC0BCDC: applyIndex: 0
2024-01-18 21:14:25,943 [2a2b30f3-c6d3-4b10-97ff-b0c22fa05b40@group-92F7B8E5DABF-StateMachineUpdater] INFO  ratis.ContainerStateMachine (ContainerStateMachine.java:takeSnapshot(366)) - group-92F7B8E5DABF: Finished taking a snapshot at:(t:1, i:0) file:/home/runner/work/ozone/ozone/hadoop-ozone/integration-test/target/test-dir/MiniOzoneClusterImpl-31edb46a-ccfd-4ac6-802d-5dd746a085ff/datanode-5/data/ratis/fc6e7408-d8c6-43bf-92ee-92f7b8e5dabf/sm/snapshot.1_0 took: 0 ms
2024-01-18 21:14:25,943 [2a2b30f3-c6d3-4b10-97ff-b0c22fa05b40@group-92F7B8E5DABF-StateMachineUpdater] INFO  impl.StateMachineUpdater (StateMachineUpdater.java:takeSnapshot(295)) - 2a2b30f3-c6d3-4b10-97ff-b0c22fa05b40@group-92F7B8E5DABF-StateMachineUpdater: Took a snapshot at index 0
2024-01-18 21:14:25,943 [2a2b30f3-c6d3-4b10-97ff-b0c22fa05b40@group-92F7B8E5DABF-StateMachineUpdater] INFO  impl.StateMachineUpdater (StateMachineUpdater.java:lambda$new$0(98)) - 2a2b30f3-c6d3-4b10-97ff-b0c22fa05b40@group-92F7B8E5DABF-StateMachineUpdater: snapshotIndex: updateIncreasingly -1 -> 0
2024-01-18 21:14:25,943 [2a2b30f3-c6d3-4b10-97ff-b0c22fa05b40-impl-thread2] INFO  server.RaftServer$Division (ServerState.java:close(427)) - 2a2b30f3-c6d3-4b10-97ff-b0c22fa05b40@group-92F7B8E5DABF: applyIndex: 0
2024-01-18 21:14:25,942 [2a2b30f3-c6d3-4b10-97ff-b0c22fa05b40-impl-thread1] INFO  server.RaftServer$Division (ServerState.java:close(427)) - 2a2b30f3-c6d3-4b10-97ff-b0c22fa05b40@group-BA0DAAC0BCDC: applyIndex: 0
2024-01-18 21:14:25,943 [ea523e53-c226-4491-8cf7-936e653545c3@group-BE0C52996DBE-StateMachineUpdater] INFO  ratis.ContainerStateMachine (ContainerStateMachine.java:takeSnapshot(355)) - group-BE0C52996DBE: Taking a snapshot at:(t:1, i:0) file /home/runner/work/ozone/ozone/hadoop-ozone/integration-test/target/test-dir/MiniOzoneClusterImpl-31edb46a-ccfd-4ac6-802d-5dd746a085ff/datanode-7/data/ratis/e5132d0f-7c5a-40a9-bd2d-be0c52996dbe/sm/snapshot.1_0
2024-01-18 21:14:25,943 [ea523e53-c226-4491-8cf7-936e653545c3@group-D303D77A7A38-StateMachineUpdater] INFO  ratis.ContainerStateMachine (ContainerStateMachine.java:takeSnapshot(366)) - group-D303D77A7A38: Finished taking a snapshot at:(t:1, i:0) file:/home/runner/work/ozone/ozone/hadoop-ozone/integration-test/target/test-dir/MiniOzoneClusterImpl-31edb46a-ccfd-4ac6-802d-5dd746a085ff/datanode-7/data/ratis/91abc35d-41c3-459d-9e98-d303d77a7a38/sm/snapshot.1_0 took: 0 ms
2024-01-18 21:14:25,943 [ea523e53-c226-4491-8cf7-936e653545c3@group-D303D77A7A38-StateMachineUpdater] INFO  impl.StateMachineUpdater (StateMachineUpdater.java:takeSnapshot(295)) - ea523e53-c226-4491-8cf7-936e653545c3@group-D303D77A7A38-StateMachineUpdater: Took a snapshot at index 0
2024-01-18 21:14:25,943 [ea523e53-c226-4491-8cf7-936e653545c3@group-D303D77A7A38-StateMachineUpdater] INFO  impl.StateMachineUpdater (StateMachineUpdater.java:lambda$new$0(98)) - ea523e53-c226-4491-8cf7-936e653545c3@group-D303D77A7A38-StateMachineUpdater: snapshotIndex: updateIncreasingly -1 -> 0
2024-01-18 21:14:25,944 [ea523e53-c226-4491-8cf7-936e653545c3-impl-thread1] INFO  server.RaftServer$Division (ServerState.java:close(427)) - ea523e53-c226-4491-8cf7-936e653545c3@group-D303D77A7A38: applyIndex: 0
2024-01-18 21:14:25,944 [ea523e53-c226-4491-8cf7-936e653545c3@group-BE0C52996DBE-StateMachineUpdater] INFO  ratis.ContainerStateMachine (ContainerStateMachine.java:takeSnapshot(366)) - group-BE0C52996DBE: Finished taking a snapshot at:(t:1, i:0) file:/home/runner/work/ozone/ozone/hadoop-ozone/integration-test/target/test-dir/MiniOzoneClusterImpl-31edb46a-ccfd-4ac6-802d-5dd746a085ff/datanode-7/data/ratis/e5132d0f-7c5a-40a9-bd2d-be0c52996dbe/sm/snapshot.1_0 took: 1 ms
2024-01-18 21:14:25,944 [ForkJoinPool.commonPool-worker-0] INFO  server.GrpcService (GrpcService.java:closeImpl(320)) - ea523e53-c226-4491-8cf7-936e653545c3: shutdown server org.apache.ratis.grpc.server.GrpcClientProtocolService successfully
2024-01-18 21:14:25,944 [ea523e53-c226-4491-8cf7-936e653545c3@group-BE0C52996DBE-StateMachineUpdater] INFO  impl.StateMachineUpdater (StateMachineUpdater.java:takeSnapshot(295)) - ea523e53-c226-4491-8cf7-936e653545c3@group-BE0C52996DBE-StateMachineUpdater: Took a snapshot at index 0
2024-01-18 21:14:25,944 [ForkJoinPool.commonPool-worker-0] INFO  server.GrpcService (GrpcService.java:closeImpl(311)) - ea523e53-c226-4491-8cf7-936e653545c3: shutdown server GrpcServerProtocolService now
2024-01-18 21:14:25,944 [d7bd62da-9eff-4c5a-9810-dab6199e7b8e-impl-thread1] INFO  server.RaftServer$Division (RaftServerImpl.java:lambda$close$3(526)) - d7bd62da-9eff-4c5a-9810-dab6199e7b8e@group-38707A94A719: shutdown
2024-01-18 21:14:25,944 [ea523e53-c226-4491-8cf7-936e653545c3@group-BE0C52996DBE-StateMachineUpdater] INFO  impl.StateMachineUpdater (StateMachineUpdater.java:lambda$new$0(98)) - ea523e53-c226-4491-8cf7-936e653545c3@group-BE0C52996DBE-StateMachineUpdater: snapshotIndex: updateIncreasingly -1 -> 0
2024-01-18 21:14:25,944 [d7bd62da-9eff-4c5a-9810-dab6199e7b8e-impl-thread1] INFO  util.JmxRegister (JmxRegister.java:unregister(73)) - Successfully un-registered JMX Bean with object name Ratis:service=RaftServer,group=group-38707A94A719,id=d7bd62da-9eff-4c5a-9810-dab6199e7b8e
2024-01-18 21:14:25,944 [d7bd62da-9eff-4c5a-9810-dab6199e7b8e-impl-thread1] INFO  impl.RoleInfo (RoleInfo.java:shutdownLeaderState(94)) - d7bd62da-9eff-4c5a-9810-dab6199e7b8e: shutdown d7bd62da-9eff-4c5a-9810-dab6199e7b8e@group-38707A94A719-LeaderStateImpl
2024-01-18 21:14:25,944 [ea523e53-c226-4491-8cf7-936e653545c3-impl-thread2] INFO  server.RaftServer$Division (ServerState.java:close(427)) - ea523e53-c226-4491-8cf7-936e653545c3@group-BE0C52996DBE: applyIndex: 0
2024-01-18 21:14:25,944 [d7bd62da-9eff-4c5a-9810-dab6199e7b8e-impl-thread1] INFO  impl.PendingRequests (PendingRequests.java:sendNotLeaderResponses(289)) - d7bd62da-9eff-4c5a-9810-dab6199e7b8e@group-38707A94A719-PendingRequests: sendNotLeaderResponses
2024-01-18 21:14:25,944 [d7bd62da-9eff-4c5a-9810-dab6199e7b8e-impl-thread1] INFO  impl.StateMachineUpdater (StateMachineUpdater.java:stopAndJoin(157)) - d7bd62da-9eff-4c5a-9810-dab6199e7b8e@group-38707A94A719-StateMachineUpdater: set stopIndex = 0
2024-01-18 21:14:25,945 [d7bd62da-9eff-4c5a-9810-dab6199e7b8e@group-38707A94A719-StateMachineUpdater] INFO  ratis.ContainerStateMachine (ContainerStateMachine.java:takeSnapshot(355)) - group-38707A94A719: Taking a snapshot at:(t:1, i:0) file /home/runner/work/ozone/ozone/hadoop-ozone/integration-test/target/test-dir/MiniOzoneClusterImpl-31edb46a-ccfd-4ac6-802d-5dd746a085ff/datanode-4/data/ratis/2541ae3c-6a23-4634-a975-38707a94a719/sm/snapshot.1_0
2024-01-18 21:14:25,945 [d7bd62da-9eff-4c5a-9810-dab6199e7b8e@group-38707A94A719-StateMachineUpdater] INFO  ratis.ContainerStateMachine (ContainerStateMachine.java:takeSnapshot(366)) - group-38707A94A719: Finished taking a snapshot at:(t:1, i:0) file:/home/runner/work/ozone/ozone/hadoop-ozone/integration-test/target/test-dir/MiniOzoneClusterImpl-31edb46a-ccfd-4ac6-802d-5dd746a085ff/datanode-4/data/ratis/2541ae3c-6a23-4634-a975-38707a94a719/sm/snapshot.1_0 took: 0 ms
2024-01-18 21:14:25,945 [grpc-default-executor-5] WARN  server.GrpcServerProtocolService (LogUtils.java:warn(121)) - ea523e53-c226-4491-8cf7-936e653545c3: APPEND_ENTRIES onError, lastRequest: null: org.apache.ratis.thirdparty.io.grpc.StatusRuntimeException: CANCELLED: client cancelled
2024-01-18 21:14:25,945 [d7bd62da-9eff-4c5a-9810-dab6199e7b8e@group-38707A94A719-StateMachineUpdater] INFO  impl.StateMachineUpdater (StateMachineUpdater.java:takeSnapshot(295)) - d7bd62da-9eff-4c5a-9810-dab6199e7b8e@group-38707A94A719-StateMachineUpdater: Took a snapshot at index 0
2024-01-18 21:14:25,945 [d7bd62da-9eff-4c5a-9810-dab6199e7b8e@group-38707A94A719-StateMachineUpdater] INFO  impl.StateMachineUpdater (StateMachineUpdater.java:lambda$new$0(98)) - d7bd62da-9eff-4c5a-9810-dab6199e7b8e@group-38707A94A719-StateMachineUpdater: snapshotIndex: updateIncreasingly -1 -> 0
2024-01-18 21:14:25,945 [grpc-default-executor-1] WARN  server.GrpcLogAppender (LogUtils.java:warn(121)) - bff1bba2-2b6d-4994-8ead-d2e5b7e1f8d7@group-BE0C52996DBE->ea523e53-c226-4491-8cf7-936e653545c3-AppendLogResponseHandler: Failed appendEntries: org.apache.ratis.thirdparty.io.grpc.StatusRuntimeException: CANCELLED: RST_STREAM closed stream. HTTP/2 error code: CANCEL
2024-01-18 21:14:25,946 [d7bd62da-9eff-4c5a-9810-dab6199e7b8e-impl-thread1] INFO  server.RaftServer$Division (ServerState.java:close(427)) - d7bd62da-9eff-4c5a-9810-dab6199e7b8e@group-38707A94A719: applyIndex: 0
2024-01-18 21:14:25,946 [grpc-default-executor-1] WARN  server.GrpcLogAppender (GrpcLogAppender.java:lambda$resetClient$1(217)) - bff1bba2-2b6d-4994-8ead-d2e5b7e1f8d7@group-BE0C52996DBE->ea523e53-c226-4491-8cf7-936e653545c3-GrpcLogAppender: Follower failed (request=null, errorCount=1); keep nextIndex (1) unchanged and retry.
2024-01-18 21:14:25,946 [grpc-default-executor-4] WARN  server.GrpcServerProtocolService (LogUtils.java:warn(121)) - ea523e53-c226-4491-8cf7-936e653545c3: APPEND_ENTRIES onError, lastRequest: bff1bba2-2b6d-4994-8ead-d2e5b7e1f8d7->ea523e53-c226-4491-8cf7-936e653545c3#1-t1,previous=(t:0, i:0),leaderCommit=-1,initializing? false,entries: size=1, first=(t:1, i:0), CONFIGURATIONENTRY(current:id: "bff1bba2-2b6d-4994-8ead-d2e5b7e1f8d7"
address: "10.1.0.44:15157"
priority: 1
dataStreamAddress: "10.1.0.44:15158"
clientAddress: "10.1.0.44:15155"
adminAddress: "10.1.0.44:15156"
startupRole: FOLLOWER
,id: "ea523e53-c226-4491-8cf7-936e653545c3"
address: "10.1.0.44:15166"
dataStreamAddress: "10.1.0.44:15167"
clientAddress: "10.1.0.44:15164"
adminAddress: "10.1.0.44:15165"
startupRole: FOLLOWER
,id: "0c097caf-3b45-4555-a1b1-3d0f2c4aaf7a"
address: "10.1.0.44:15175"
dataStreamAddress: "10.1.0.44:15176"
clientAddress: "10.1.0.44:15173"
adminAddress: "10.1.0.44:15174"
startupRole: FOLLOWER
, old:): org.apache.ratis.thirdparty.io.grpc.StatusRuntimeException: CANCELLED: client cancelled
2024-01-18 21:14:25,947 [ForkJoinPool.commonPool-worker-7] INFO  server.GrpcService (GrpcService.java:closeImpl(311)) - d7bd62da-9eff-4c5a-9810-dab6199e7b8e: shutdown server org.apache.ratis.grpc.server.GrpcClientProtocolService now
2024-01-18 21:14:25,954 [d7bd62da-9eff-4c5a-9810-dab6199e7b8e-impl-thread2] INFO  server.RaftServer$Division (RaftServerImpl.java:lambda$close$3(526)) - d7bd62da-9eff-4c5a-9810-dab6199e7b8e@group-BA0DAAC0BCDC: shutdown
2024-01-18 21:14:25,954 [d7bd62da-9eff-4c5a-9810-dab6199e7b8e-impl-thread2] INFO  util.JmxRegister (JmxRegister.java:unregister(73)) - Successfully un-registered JMX Bean with object name Ratis:service=RaftServer,group=group-BA0DAAC0BCDC,id=d7bd62da-9eff-4c5a-9810-dab6199e7b8e
2024-01-18 21:14:25,954 [Thread-2189] INFO  server.GrpcServerProtocolClient (GrpcServerProtocolClient.java:close(103)) - 2a2b30f3-c6d3-4b10-97ff-b0c22fa05b40 Close channels
2024-01-18 21:14:25,954 [Thread-2180] INFO  server.GrpcServerProtocolClient (GrpcServerProtocolClient.java:close(103)) - d7bd62da-9eff-4c5a-9810-dab6199e7b8e Close channels
2024-01-18 21:14:25,953 [655b4849-f6c7-42ce-9d2b-be9b96fb5c65@group-BA0DAAC0BCDC-cacheEviction-AwaitToRun] INFO  util.AwaitToRun (AwaitToRun.java:run(49)) - 655b4849-f6c7-42ce-9d2b-be9b96fb5c65@group-BA0DAAC0BCDC-cacheEviction-AwaitToRun-AwaitForSignal is interrupted
2024-01-18 21:14:25,953 [2a2b30f3-c6d3-4b10-97ff-b0c22fa05b40@group-92F7B8E5DABF-cacheEviction-AwaitToRun] INFO  util.AwaitToRun (AwaitToRun.java:run(49)) - 2a2b30f3-c6d3-4b10-97ff-b0c22fa05b40@group-92F7B8E5DABF-cacheEviction-AwaitToRun-AwaitForSignal is interrupted
2024-01-18 21:14:25,953 [2a2b30f3-c6d3-4b10-97ff-b0c22fa05b40@group-BA0DAAC0BCDC-cacheEviction-AwaitToRun] INFO  util.AwaitToRun (AwaitToRun.java:run(49)) - 2a2b30f3-c6d3-4b10-97ff-b0c22fa05b40@group-BA0DAAC0BCDC-cacheEviction-AwaitToRun-AwaitForSignal is interrupted
2024-01-18 21:14:25,955 [Thread-2196] INFO  server.GrpcServerProtocolClient (GrpcServerProtocolClient.java:close(103)) - 655b4849-f6c7-42ce-9d2b-be9b96fb5c65 Close channels
2024-01-18 21:14:25,953 [ForkJoinPool.commonPool-worker-0] INFO  server.GrpcService (GrpcService.java:closeImpl(320)) - ea523e53-c226-4491-8cf7-936e653545c3: shutdown server GrpcServerProtocolService successfully
2024-01-18 21:14:25,955 [ForkJoinPool.commonPool-worker-0] INFO  server.GrpcService (GrpcService.java:closeImpl(311)) - ea523e53-c226-4491-8cf7-936e653545c3: shutdown server org.apache.ratis.grpc.server.GrpcAdminProtocolService now
2024-01-18 21:14:25,952 [ea523e53-c226-4491-8cf7-936e653545c3@group-D303D77A7A38-cacheEviction-AwaitToRun] INFO  util.AwaitToRun (AwaitToRun.java:run(49)) - ea523e53-c226-4491-8cf7-936e653545c3@group-D303D77A7A38-cacheEviction-AwaitToRun-AwaitForSignal is interrupted
2024-01-18 21:14:25,952 [ea523e53-c226-4491-8cf7-936e653545c3@group-BE0C52996DBE-cacheEviction-AwaitToRun] INFO  util.AwaitToRun (AwaitToRun.java:run(49)) - ea523e53-c226-4491-8cf7-936e653545c3@group-BE0C52996DBE-cacheEviction-AwaitToRun-AwaitForSignal is interrupted
2024-01-18 21:14:25,955 [Thread-2195] INFO  server.GrpcServerProtocolClient (GrpcServerProtocolClient.java:close(103)) - 2a2b30f3-c6d3-4b10-97ff-b0c22fa05b40 Close channels
2024-01-18 21:14:25,952 [d7bd62da-9eff-4c5a-9810-dab6199e7b8e@group-38707A94A719-cacheEviction-AwaitToRun] INFO  util.AwaitToRun (AwaitToRun.java:run(49)) - d7bd62da-9eff-4c5a-9810-dab6199e7b8e@group-38707A94A719-cacheEviction-AwaitToRun-AwaitForSignal is interrupted
2024-01-18 21:14:25,954 [d7bd62da-9eff-4c5a-9810-dab6199e7b8e-impl-thread2] INFO  impl.RoleInfo (RoleInfo.java:shutdownLeaderState(94)) - d7bd62da-9eff-4c5a-9810-dab6199e7b8e: shutdown d7bd62da-9eff-4c5a-9810-dab6199e7b8e@group-BA0DAAC0BCDC-LeaderStateImpl
2024-01-18 21:14:25,956 [d7bd62da-9eff-4c5a-9810-dab6199e7b8e-impl-thread2] INFO  impl.PendingRequests (PendingRequests.java:sendNotLeaderResponses(289)) - d7bd62da-9eff-4c5a-9810-dab6199e7b8e@group-BA0DAAC0BCDC-PendingRequests: sendNotLeaderResponses
2024-01-18 21:14:25,956 [d7bd62da-9eff-4c5a-9810-dab6199e7b8e@group-BA0DAAC0BCDC->655b4849-f6c7-42ce-9d2b-be9b96fb5c65-GrpcLogAppender-LogAppenderDaemon] WARN  server.GrpcLogAppender (GrpcLogAppender.java:mayWait(289)) - d7bd62da-9eff-4c5a-9810-dab6199e7b8e@group-BA0DAAC0BCDC->655b4849-f6c7-42ce-9d2b-be9b96fb5c65-GrpcLogAppender: Wait interrupted by java.lang.InterruptedException
2024-01-18 21:14:25,956 [d7bd62da-9eff-4c5a-9810-dab6199e7b8e@group-BA0DAAC0BCDC->2a2b30f3-c6d3-4b10-97ff-b0c22fa05b40-GrpcLogAppender-LogAppenderDaemon] WARN  server.GrpcLogAppender (GrpcLogAppender.java:mayWait(289)) - d7bd62da-9eff-4c5a-9810-dab6199e7b8e@group-BA0DAAC0BCDC->2a2b30f3-c6d3-4b10-97ff-b0c22fa05b40-GrpcLogAppender: Wait interrupted by java.lang.InterruptedException
2024-01-18 21:14:25,957 [d7bd62da-9eff-4c5a-9810-dab6199e7b8e-impl-thread2] INFO  impl.StateMachineUpdater (StateMachineUpdater.java:stopAndJoin(157)) - d7bd62da-9eff-4c5a-9810-dab6199e7b8e@group-BA0DAAC0BCDC-StateMachineUpdater: set stopIndex = 0
2024-01-18 21:14:25,957 [d7bd62da-9eff-4c5a-9810-dab6199e7b8e@group-BA0DAAC0BCDC-StateMachineUpdater] INFO  ratis.ContainerStateMachine (ContainerStateMachine.java:takeSnapshot(355)) - group-BA0DAAC0BCDC: Taking a snapshot at:(t:1, i:0) file /home/runner/work/ozone/ozone/hadoop-ozone/integration-test/target/test-dir/MiniOzoneClusterImpl-31edb46a-ccfd-4ac6-802d-5dd746a085ff/datanode-4/data/ratis/501bbff6-3769-4d51-8028-ba0daac0bcdc/sm/snapshot.1_0
2024-01-18 21:14:25,957 [d7bd62da-9eff-4c5a-9810-dab6199e7b8e@group-BA0DAAC0BCDC-StateMachineUpdater] INFO  ratis.ContainerStateMachine (ContainerStateMachine.java:takeSnapshot(366)) - group-BA0DAAC0BCDC: Finished taking a snapshot at:(t:1, i:0) file:/home/runner/work/ozone/ozone/hadoop-ozone/integration-test/target/test-dir/MiniOzoneClusterImpl-31edb46a-ccfd-4ac6-802d-5dd746a085ff/datanode-4/data/ratis/501bbff6-3769-4d51-8028-ba0daac0bcdc/sm/snapshot.1_0 took: 0 ms
2024-01-18 21:14:25,957 [grpc-default-executor-4] INFO  server.GrpcServerProtocolService (GrpcServerProtocolService.java:onCompleted(157)) - 2a2b30f3-c6d3-4b10-97ff-b0c22fa05b40: Completed APPEND_ENTRIES, lastRequest: d7bd62da-9eff-4c5a-9810-dab6199e7b8e->2a2b30f3-c6d3-4b10-97ff-b0c22fa05b40#1-t1,previous=(t:0, i:0),leaderCommit=-1,initializing? false,entries: size=1, first=(t:1, i:0), CONFIGURATIONENTRY(current:id: "d7bd62da-9eff-4c5a-9810-dab6199e7b8e"
address: "10.1.0.44:15139"
priority: 1
dataStreamAddress: "10.1.0.44:15140"
clientAddress: "10.1.0.44:15137"
adminAddress: "10.1.0.44:15138"
startupRole: FOLLOWER
,id: "2a2b30f3-c6d3-4b10-97ff-b0c22fa05b40"
address: "10.1.0.44:15148"
dataStreamAddress: "10.1.0.44:15149"
clientAddress: "10.1.0.44:15146"
adminAddress: "10.1.0.44:15147"
startupRole: FOLLOWER
,id: "655b4849-f6c7-42ce-9d2b-be9b96fb5c65"
address: "10.1.0.44:15130"
dataStreamAddress: "10.1.0.44:15131"
clientAddress: "10.1.0.44:15128"
adminAddress: "10.1.0.44:15129"
startupRole: FOLLOWER
, old:)
2024-01-18 21:14:25,957 [d7bd62da-9eff-4c5a-9810-dab6199e7b8e@group-BA0DAAC0BCDC-StateMachineUpdater] INFO  impl.StateMachineUpdater (StateMachineUpdater.java:takeSnapshot(295)) - d7bd62da-9eff-4c5a-9810-dab6199e7b8e@group-BA0DAAC0BCDC-StateMachineUpdater: Took a snapshot at index 0
2024-01-18 21:14:25,957 [grpc-default-executor-4] INFO  server.GrpcServerProtocolService (GrpcServerProtocolService.java:lambda$onCompleted$5(159)) - 2a2b30f3-c6d3-4b10-97ff-b0c22fa05b40: Completed APPEND_ENTRIES, lastReply: null
2024-01-18 21:14:25,957 [d7bd62da-9eff-4c5a-9810-dab6199e7b8e@group-BA0DAAC0BCDC-StateMachineUpdater] INFO  impl.StateMachineUpdater (StateMachineUpdater.java:lambda$new$0(98)) - d7bd62da-9eff-4c5a-9810-dab6199e7b8e@group-BA0DAAC0BCDC-StateMachineUpdater: snapshotIndex: updateIncreasingly -1 -> 0
2024-01-18 21:14:25,958 [d7bd62da-9eff-4c5a-9810-dab6199e7b8e-impl-thread2] INFO  server.RaftServer$Division (ServerState.java:close(427)) - d7bd62da-9eff-4c5a-9810-dab6199e7b8e@group-BA0DAAC0BCDC: applyIndex: 0
2024-01-18 21:14:25,958 [d7bd62da-9eff-4c5a-9810-dab6199e7b8e@group-BA0DAAC0BCDC-cacheEviction-AwaitToRun] INFO  util.AwaitToRun (AwaitToRun.java:run(49)) - d7bd62da-9eff-4c5a-9810-dab6199e7b8e@group-BA0DAAC0BCDC-cacheEviction-AwaitToRun-AwaitForSignal is interrupted
2024-01-18 21:14:25,958 [grpc-default-executor-1] INFO  server.GrpcLogAppender (GrpcLogAppender.java:onCompleted(546)) - d7bd62da-9eff-4c5a-9810-dab6199e7b8e@group-BA0DAAC0BCDC->2a2b30f3-c6d3-4b10-97ff-b0c22fa05b40-AppendLogResponseHandler: follower responses appendEntries COMPLETED
2024-01-18 21:14:25,958 [grpc-default-executor-1] WARN  server.GrpcLogAppender (GrpcLogAppender.java:resetClient(226)) - d7bd62da-9eff-4c5a-9810-dab6199e7b8e@group-BA0DAAC0BCDC->2a2b30f3-c6d3-4b10-97ff-b0c22fa05b40-GrpcLogAppender: Failed to getClient for 2a2b30f3-c6d3-4b10-97ff-b0c22fa05b40
org.apache.ratis.protocol.exceptions.AlreadyClosedException: d7bd62da-9eff-4c5a-9810-dab6199e7b8e is already CLOSED
	at org.apache.ratis.util.PeerProxyMap$PeerAndProxy.getProxy(PeerProxyMap.java:65)
	at org.apache.ratis.util.PeerProxyMap.getProxy(PeerProxyMap.java:114)
	at org.apache.ratis.grpc.server.GrpcLogAppender.getClient(GrpcLogAppender.java:196)
	at org.apache.ratis.grpc.server.GrpcLogAppender.resetClient(GrpcLogAppender.java:201)
	at org.apache.ratis.grpc.server.GrpcLogAppender.access$800(GrpcLogAppender.java:62)
	at org.apache.ratis.grpc.server.GrpcLogAppender$AppendLogResponseHandler.onCompleted(GrpcLogAppender.java:547)
	at org.apache.ratis.thirdparty.io.grpc.stub.ClientCalls$StreamObserverToCallListenerAdapter.onClose(ClientCalls.java:479)
	at org.apache.ratis.thirdparty.io.grpc.internal.ClientCallImpl.closeObserver(ClientCallImpl.java:567)
	at org.apache.ratis.thirdparty.io.grpc.internal.ClientCallImpl.access$300(ClientCallImpl.java:71)
	at org.apache.ratis.thirdparty.io.grpc.internal.ClientCallImpl$ClientStreamListenerImpl$1StreamClosed.runInternal(ClientCallImpl.java:735)
	at org.apache.ratis.thirdparty.io.grpc.internal.ClientCallImpl$ClientStreamListenerImpl$1StreamClosed.runInContext(ClientCallImpl.java:716)
	at org.apache.ratis.thirdparty.io.grpc.internal.ContextRunnable.run(ContextRunnable.java:37)
	at org.apache.ratis.thirdparty.io.grpc.internal.SerializingExecutor.run(SerializingExecutor.java:133)
	at java.util.concurrent.ThreadPoolExecutor.runWorker(ThreadPoolExecutor.java:1149)
	at java.util.concurrent.ThreadPoolExecutor$Worker.run(ThreadPoolExecutor.java:624)
	at java.lang.Thread.run(Thread.java:750)
2024-01-18 21:14:25,959 [main] INFO  server.GrpcService (GrpcService.java:closeImpl(320)) - 2a2b30f3-c6d3-4b10-97ff-b0c22fa05b40: shutdown server org.apache.ratis.grpc.server.GrpcClientProtocolService successfully
2024-01-18 21:14:25,959 [main] INFO  server.GrpcService (GrpcService.java:closeImpl(311)) - 2a2b30f3-c6d3-4b10-97ff-b0c22fa05b40: shutdown server GrpcServerProtocolService now
2024-01-18 21:14:25,960 [grpc-default-executor-4] WARN  server.GrpcServerProtocolService (LogUtils.java:warn(121)) - 2a2b30f3-c6d3-4b10-97ff-b0c22fa05b40: APPEND_ENTRIES onError, lastRequest: null: org.apache.ratis.thirdparty.io.grpc.StatusRuntimeException: CANCELLED: client cancelled
2024-01-18 21:14:25,963 [ForkJoinPool.commonPool-worker-2] INFO  ozoneimpl.OzoneContainer (OzoneContainer.java:stop(479)) - Attempting to stop container services.
2024-01-18 21:14:25,964 [ForkJoinPool.commonPool-worker-6] INFO  server.GrpcService (GrpcService.java:closeImpl(320)) - 655b4849-f6c7-42ce-9d2b-be9b96fb5c65: shutdown server org.apache.ratis.grpc.server.GrpcClientProtocolService successfully
2024-01-18 21:14:25,964 [ForkJoinPool.commonPool-worker-2] INFO  server.RaftServer (RaftServerProxy.java:lambda$close$9(416)) - bff1bba2-2b6d-4994-8ead-d2e5b7e1f8d7: close
2024-01-18 21:14:25,964 [ForkJoinPool.commonPool-worker-6] INFO  server.GrpcService (GrpcService.java:closeImpl(311)) - 655b4849-f6c7-42ce-9d2b-be9b96fb5c65: shutdown server GrpcServerProtocolService now
2024-01-18 21:14:25,964 [ForkJoinPool.commonPool-worker-0] INFO  server.GrpcService (GrpcService.java:closeImpl(320)) - ea523e53-c226-4491-8cf7-936e653545c3: shutdown server org.apache.ratis.grpc.server.GrpcAdminProtocolService successfully
2024-01-18 21:14:25,964 [bff1bba2-2b6d-4994-8ead-d2e5b7e1f8d7-impl-thread1] INFO  server.RaftServer$Division (RaftServerImpl.java:lambda$close$3(526)) - bff1bba2-2b6d-4994-8ead-d2e5b7e1f8d7@group-BE0C52996DBE: shutdown
2024-01-18 21:14:25,964 [ForkJoinPool.commonPool-worker-2] INFO  server.GrpcService (GrpcService.java:closeImpl(311)) - bff1bba2-2b6d-4994-8ead-d2e5b7e1f8d7: shutdown server org.apache.ratis.grpc.server.GrpcClientProtocolService now
2024-01-18 21:14:25,964 [bff1bba2-2b6d-4994-8ead-d2e5b7e1f8d7-impl-thread1] INFO  util.JmxRegister (JmxRegister.java:unregister(73)) - Successfully un-registered JMX Bean with object name Ratis:service=RaftServer,group=group-BE0C52996DBE,id=bff1bba2-2b6d-4994-8ead-d2e5b7e1f8d7
2024-01-18 21:14:25,969 [bff1bba2-2b6d-4994-8ead-d2e5b7e1f8d7-impl-thread2] INFO  server.RaftServer$Division (RaftServerImpl.java:lambda$close$3(526)) - bff1bba2-2b6d-4994-8ead-d2e5b7e1f8d7@group-2FF8BF406414: shutdown
2024-01-18 21:14:25,969 [bff1bba2-2b6d-4994-8ead-d2e5b7e1f8d7-impl-thread1] INFO  impl.RoleInfo (RoleInfo.java:shutdownLeaderState(94)) - bff1bba2-2b6d-4994-8ead-d2e5b7e1f8d7: shutdown bff1bba2-2b6d-4994-8ead-d2e5b7e1f8d7@group-BE0C52996DBE-LeaderStateImpl
2024-01-18 21:14:25,968 [ForkJoinPool.commonPool-worker-1] INFO  ozoneimpl.OzoneContainer (OzoneContainer.java:stop(479)) - Attempting to stop container services.
2024-01-18 21:14:25,968 [Thread-2207] INFO  server.GrpcServerProtocolClient (GrpcServerProtocolClient.java:close(103)) - ea523e53-c226-4491-8cf7-936e653545c3 Close channels
2024-01-18 21:14:25,968 [grpc-default-executor-1] INFO  server.GrpcLogAppender (GrpcLogAppender.java:onError(533)) - d7bd62da-9eff-4c5a-9810-dab6199e7b8e@group-BA0DAAC0BCDC->2a2b30f3-c6d3-4b10-97ff-b0c22fa05b40-GrpcLogAppender is already stopped
2024-01-18 21:14:25,969 [bff1bba2-2b6d-4994-8ead-d2e5b7e1f8d7-impl-thread2] INFO  util.JmxRegister (JmxRegister.java:unregister(73)) - Successfully un-registered JMX Bean with object name Ratis:service=RaftServer,group=group-2FF8BF406414,id=bff1bba2-2b6d-4994-8ead-d2e5b7e1f8d7
2024-01-18 21:14:25,970 [bff1bba2-2b6d-4994-8ead-d2e5b7e1f8d7-impl-thread2] INFO  impl.RoleInfo (RoleInfo.java:shutdownLeaderState(94)) - bff1bba2-2b6d-4994-8ead-d2e5b7e1f8d7: shutdown bff1bba2-2b6d-4994-8ead-d2e5b7e1f8d7@group-2FF8BF406414-LeaderStateImpl
2024-01-18 21:14:25,970 [bff1bba2-2b6d-4994-8ead-d2e5b7e1f8d7-impl-thread2] INFO  impl.PendingRequests (PendingRequests.java:sendNotLeaderResponses(289)) - bff1bba2-2b6d-4994-8ead-d2e5b7e1f8d7@group-2FF8BF406414-PendingRequests: sendNotLeaderResponses
2024-01-18 21:14:25,970 [bff1bba2-2b6d-4994-8ead-d2e5b7e1f8d7-impl-thread2] INFO  impl.StateMachineUpdater (StateMachineUpdater.java:stopAndJoin(157)) - bff1bba2-2b6d-4994-8ead-d2e5b7e1f8d7@group-2FF8BF406414-StateMachineUpdater: set stopIndex = 0
2024-01-18 21:14:25,970 [bff1bba2-2b6d-4994-8ead-d2e5b7e1f8d7@group-2FF8BF406414-StateMachineUpdater] INFO  ratis.ContainerStateMachine (ContainerStateMachine.java:takeSnapshot(355)) - group-2FF8BF406414: Taking a snapshot at:(t:1, i:0) file /home/runner/work/ozone/ozone/hadoop-ozone/integration-test/target/test-dir/MiniOzoneClusterImpl-31edb46a-ccfd-4ac6-802d-5dd746a085ff/datanode-6/data/ratis/b7cd2e69-3ec7-43b1-92c2-2ff8bf406414/sm/snapshot.1_0
2024-01-18 21:14:25,969 [ForkJoinPool.commonPool-worker-1] INFO  server.RaftServer (RaftServerProxy.java:lambda$close$9(416)) - 32a26d97-b348-45bd-baf8-7e50e45a1152: close
2024-01-18 21:14:25,970 [bff1bba2-2b6d-4994-8ead-d2e5b7e1f8d7@group-BE0C52996DBE->ea523e53-c226-4491-8cf7-936e653545c3-GrpcLogAppender-LogAppenderDaemon] WARN  server.GrpcLogAppender (GrpcLogAppender.java:mayWait(289)) - bff1bba2-2b6d-4994-8ead-d2e5b7e1f8d7@group-BE0C52996DBE->ea523e53-c226-4491-8cf7-936e653545c3-GrpcLogAppender: Wait interrupted by java.lang.InterruptedException
2024-01-18 21:14:25,971 [bff1bba2-2b6d-4994-8ead-d2e5b7e1f8d7@group-2FF8BF406414-StateMachineUpdater] INFO  ratis.ContainerStateMachine (ContainerStateMachine.java:takeSnapshot(366)) - group-2FF8BF406414: Finished taking a snapshot at:(t:1, i:0) file:/home/runner/work/ozone/ozone/hadoop-ozone/integration-test/target/test-dir/MiniOzoneClusterImpl-31edb46a-ccfd-4ac6-802d-5dd746a085ff/datanode-6/data/ratis/b7cd2e69-3ec7-43b1-92c2-2ff8bf406414/sm/snapshot.1_0 took: 1 ms
2024-01-18 21:14:25,971 [bff1bba2-2b6d-4994-8ead-d2e5b7e1f8d7@group-2FF8BF406414-StateMachineUpdater] INFO  impl.StateMachineUpdater (StateMachineUpdater.java:takeSnapshot(295)) - bff1bba2-2b6d-4994-8ead-d2e5b7e1f8d7@group-2FF8BF406414-StateMachineUpdater: Took a snapshot at index 0
2024-01-18 21:14:25,971 [bff1bba2-2b6d-4994-8ead-d2e5b7e1f8d7@group-2FF8BF406414-StateMachineUpdater] INFO  impl.StateMachineUpdater (StateMachineUpdater.java:lambda$new$0(98)) - bff1bba2-2b6d-4994-8ead-d2e5b7e1f8d7@group-2FF8BF406414-StateMachineUpdater: snapshotIndex: updateIncreasingly -1 -> 0
2024-01-18 21:14:25,971 [grpc-default-executor-4] WARN  server.GrpcServerProtocolService (LogUtils.java:warn(121)) - 655b4849-f6c7-42ce-9d2b-be9b96fb5c65: APPEND_ENTRIES onError, lastRequest: null: org.apache.ratis.thirdparty.io.grpc.StatusRuntimeException: CANCELLED: client cancelled
2024-01-18 21:14:25,971 [ForkJoinPool.commonPool-worker-6] INFO  server.GrpcService (GrpcService.java:closeImpl(320)) - 655b4849-f6c7-42ce-9d2b-be9b96fb5c65: shutdown server GrpcServerProtocolService successfully
2024-01-18 21:14:25,971 [ForkJoinPool.commonPool-worker-6] INFO  server.GrpcService (GrpcService.java:closeImpl(311)) - 655b4849-f6c7-42ce-9d2b-be9b96fb5c65: shutdown server org.apache.ratis.grpc.server.GrpcAdminProtocolService now
2024-01-18 21:14:25,971 [grpc-default-executor-3] INFO  server.GrpcLogAppender (GrpcLogAppender.java:onError(533)) - d7bd62da-9eff-4c5a-9810-dab6199e7b8e@group-BA0DAAC0BCDC->655b4849-f6c7-42ce-9d2b-be9b96fb5c65-GrpcLogAppender is already stopped
2024-01-18 21:14:25,971 [grpc-default-executor-0] WARN  server.GrpcServerProtocolService (LogUtils.java:warn(121)) - 655b4849-f6c7-42ce-9d2b-be9b96fb5c65: APPEND_ENTRIES onError, lastRequest: d7bd62da-9eff-4c5a-9810-dab6199e7b8e->655b4849-f6c7-42ce-9d2b-be9b96fb5c65#1-t1,previous=(t:0, i:0),leaderCommit=-1,initializing? false,entries: size=1, first=(t:1, i:0), CONFIGURATIONENTRY(current:id: "d7bd62da-9eff-4c5a-9810-dab6199e7b8e"
address: "10.1.0.44:15139"
priority: 1
dataStreamAddress: "10.1.0.44:15140"
clientAddress: "10.1.0.44:15137"
adminAddress: "10.1.0.44:15138"
startupRole: FOLLOWER
,id: "2a2b30f3-c6d3-4b10-97ff-b0c22fa05b40"
address: "10.1.0.44:15148"
dataStreamAddress: "10.1.0.44:15149"
clientAddress: "10.1.0.44:15146"
adminAddress: "10.1.0.44:15147"
startupRole: FOLLOWER
,id: "655b4849-f6c7-42ce-9d2b-be9b96fb5c65"
address: "10.1.0.44:15130"
dataStreamAddress: "10.1.0.44:15131"
clientAddress: "10.1.0.44:15128"
adminAddress: "10.1.0.44:15129"
startupRole: FOLLOWER
, old:): org.apache.ratis.thirdparty.io.grpc.StatusRuntimeException: CANCELLED: client cancelled
2024-01-18 21:14:25,971 [Thread-2209] INFO  server.GrpcServerProtocolClient (GrpcServerProtocolClient.java:close(103)) - 0c097caf-3b45-4555-a1b1-3d0f2c4aaf7a Close channels
2024-01-18 21:14:25,971 [bff1bba2-2b6d-4994-8ead-d2e5b7e1f8d7-impl-thread2] INFO  server.RaftServer$Division (ServerState.java:close(427)) - bff1bba2-2b6d-4994-8ead-d2e5b7e1f8d7@group-2FF8BF406414: applyIndex: 0
2024-01-18 21:14:25,973 [bff1bba2-2b6d-4994-8ead-d2e5b7e1f8d7-impl-thread1] INFO  impl.PendingRequests (PendingRequests.java:sendNotLeaderResponses(289)) - bff1bba2-2b6d-4994-8ead-d2e5b7e1f8d7@group-BE0C52996DBE-PendingRequests: sendNotLeaderResponses
2024-01-18 21:14:25,973 [ForkJoinPool.commonPool-worker-1] INFO  server.GrpcService (GrpcService.java:closeImpl(311)) - 32a26d97-b348-45bd-baf8-7e50e45a1152: shutdown server org.apache.ratis.grpc.server.GrpcClientProtocolService now
2024-01-18 21:14:25,973 [32a26d97-b348-45bd-baf8-7e50e45a1152-impl-thread1] INFO  server.RaftServer$Division (RaftServerImpl.java:lambda$close$3(526)) - 32a26d97-b348-45bd-baf8-7e50e45a1152@group-9C1FB521E04B: shutdown
2024-01-18 21:14:25,973 [32a26d97-b348-45bd-baf8-7e50e45a1152-impl-thread1] INFO  util.JmxRegister (JmxRegister.java:unregister(73)) - Successfully un-registered JMX Bean with object name Ratis:service=RaftServer,group=group-9C1FB521E04B,id=32a26d97-b348-45bd-baf8-7e50e45a1152
2024-01-18 21:14:25,973 [32a26d97-b348-45bd-baf8-7e50e45a1152-impl-thread1] INFO  impl.RoleInfo (RoleInfo.java:shutdownLeaderState(94)) - 32a26d97-b348-45bd-baf8-7e50e45a1152: shutdown 32a26d97-b348-45bd-baf8-7e50e45a1152@group-9C1FB521E04B-LeaderStateImpl
2024-01-18 21:14:25,973 [bff1bba2-2b6d-4994-8ead-d2e5b7e1f8d7@group-BE0C52996DBE->0c097caf-3b45-4555-a1b1-3d0f2c4aaf7a-GrpcLogAppender-LogAppenderDaemon] WARN  server.GrpcLogAppender (GrpcLogAppender.java:mayWait(289)) - bff1bba2-2b6d-4994-8ead-d2e5b7e1f8d7@group-BE0C52996DBE->0c097caf-3b45-4555-a1b1-3d0f2c4aaf7a-GrpcLogAppender: Wait interrupted by java.lang.InterruptedException
2024-01-18 21:14:25,973 [32a26d97-b348-45bd-baf8-7e50e45a1152-impl-thread1] INFO  impl.PendingRequests (PendingRequests.java:sendNotLeaderResponses(289)) - 32a26d97-b348-45bd-baf8-7e50e45a1152@group-9C1FB521E04B-PendingRequests: sendNotLeaderResponses
2024-01-18 21:14:25,973 [bff1bba2-2b6d-4994-8ead-d2e5b7e1f8d7-impl-thread1] INFO  impl.StateMachineUpdater (StateMachineUpdater.java:stopAndJoin(157)) - bff1bba2-2b6d-4994-8ead-d2e5b7e1f8d7@group-BE0C52996DBE-StateMachineUpdater: set stopIndex = 0
2024-01-18 21:14:25,973 [bff1bba2-2b6d-4994-8ead-d2e5b7e1f8d7@group-BE0C52996DBE-StateMachineUpdater] INFO  ratis.ContainerStateMachine (ContainerStateMachine.java:takeSnapshot(355)) - group-BE0C52996DBE: Taking a snapshot at:(t:1, i:0) file /home/runner/work/ozone/ozone/hadoop-ozone/integration-test/target/test-dir/MiniOzoneClusterImpl-31edb46a-ccfd-4ac6-802d-5dd746a085ff/datanode-6/data/ratis/e5132d0f-7c5a-40a9-bd2d-be0c52996dbe/sm/snapshot.1_0
2024-01-18 21:14:25,973 [32a26d97-b348-45bd-baf8-7e50e45a1152-impl-thread1] INFO  impl.StateMachineUpdater (StateMachineUpdater.java:stopAndJoin(157)) - 32a26d97-b348-45bd-baf8-7e50e45a1152@group-9C1FB521E04B-StateMachineUpdater: set stopIndex = 0
2024-01-18 21:14:25,973 [32a26d97-b348-45bd-baf8-7e50e45a1152@group-9C1FB521E04B-StateMachineUpdater] INFO  ratis.ContainerStateMachine (ContainerStateMachine.java:takeSnapshot(355)) - group-9C1FB521E04B: Taking a snapshot at:(t:1, i:0) file /home/runner/work/ozone/ozone/hadoop-ozone/integration-test/target/test-dir/MiniOzoneClusterImpl-31edb46a-ccfd-4ac6-802d-5dd746a085ff/datanode-1/data/ratis/0af84123-911b-4927-b612-9c1fb521e04b/sm/snapshot.1_0
2024-01-18 21:14:25,973 [main] INFO  server.GrpcService (GrpcService.java:closeImpl(320)) - 2a2b30f3-c6d3-4b10-97ff-b0c22fa05b40: shutdown server GrpcServerProtocolService successfully
2024-01-18 21:14:25,974 [Thread-2220] INFO  server.GrpcServerProtocolClient (GrpcServerProtocolClient.java:close(103)) - 686b4373-3f6e-463e-bd5f-56c21a134faf Close channels
2024-01-18 21:14:25,974 [bff1bba2-2b6d-4994-8ead-d2e5b7e1f8d7@group-2FF8BF406414-cacheEviction-AwaitToRun] INFO  util.AwaitToRun (AwaitToRun.java:run(49)) - bff1bba2-2b6d-4994-8ead-d2e5b7e1f8d7@group-2FF8BF406414-cacheEviction-AwaitToRun-AwaitForSignal is interrupted
2024-01-18 21:14:25,974 [main] INFO  server.GrpcService (GrpcService.java:closeImpl(311)) - 2a2b30f3-c6d3-4b10-97ff-b0c22fa05b40: shutdown server org.apache.ratis.grpc.server.GrpcAdminProtocolService now
2024-01-18 21:14:25,974 [grpc-default-executor-1] INFO  server.GrpcServerProtocolService (GrpcServerProtocolService.java:onCompleted(157)) - 0c097caf-3b45-4555-a1b1-3d0f2c4aaf7a: Completed APPEND_ENTRIES, lastRequest: null
2024-01-18 21:14:25,974 [Thread-2222] INFO  server.GrpcServerProtocolClient (GrpcServerProtocolClient.java:close(103)) - a53a26a9-4fba-413e-b26a-f90ec9646c55 Close channels
2024-01-18 21:14:25,974 [bff1bba2-2b6d-4994-8ead-d2e5b7e1f8d7@group-BE0C52996DBE-StateMachineUpdater] INFO  ratis.ContainerStateMachine (ContainerStateMachine.java:takeSnapshot(366)) - group-BE0C52996DBE: Finished taking a snapshot at:(t:1, i:0) file:/home/runner/work/ozone/ozone/hadoop-ozone/integration-test/target/test-dir/MiniOzoneClusterImpl-31edb46a-ccfd-4ac6-802d-5dd746a085ff/datanode-6/data/ratis/e5132d0f-7c5a-40a9-bd2d-be0c52996dbe/sm/snapshot.1_0 took: 1 ms
2024-01-18 21:14:25,975 [bff1bba2-2b6d-4994-8ead-d2e5b7e1f8d7@group-BE0C52996DBE-StateMachineUpdater] INFO  impl.StateMachineUpdater (StateMachineUpdater.java:takeSnapshot(295)) - bff1bba2-2b6d-4994-8ead-d2e5b7e1f8d7@group-BE0C52996DBE-StateMachineUpdater: Took a snapshot at index 0
2024-01-18 21:14:25,975 [grpc-default-executor-0] INFO  server.GrpcServerProtocolService (GrpcServerProtocolService.java:onCompleted(157)) - 0c097caf-3b45-4555-a1b1-3d0f2c4aaf7a: Completed APPEND_ENTRIES, lastRequest: bff1bba2-2b6d-4994-8ead-d2e5b7e1f8d7->0c097caf-3b45-4555-a1b1-3d0f2c4aaf7a#1-t1,previous=(t:0, i:0),leaderCommit=-1,initializing? false,entries: size=1, first=(t:1, i:0), CONFIGURATIONENTRY(current:id: "bff1bba2-2b6d-4994-8ead-d2e5b7e1f8d7"
address: "10.1.0.44:15157"
priority: 1
dataStreamAddress: "10.1.0.44:15158"
clientAddress: "10.1.0.44:15155"
adminAddress: "10.1.0.44:15156"
startupRole: FOLLOWER
,id: "ea523e53-c226-4491-8cf7-936e653545c3"
address: "10.1.0.44:15166"
dataStreamAddress: "10.1.0.44:15167"
clientAddress: "10.1.0.44:15164"
adminAddress: "10.1.0.44:15165"
startupRole: FOLLOWER
,id: "0c097caf-3b45-4555-a1b1-3d0f2c4aaf7a"
address: "10.1.0.44:15175"
dataStreamAddress: "10.1.0.44:15176"
clientAddress: "10.1.0.44:15173"
adminAddress: "10.1.0.44:15174"
startupRole: FOLLOWER
, old:)
2024-01-18 21:14:25,974 [grpc-default-executor-1] INFO  server.GrpcServerProtocolService (GrpcServerProtocolService.java:lambda$onCompleted$5(159)) - 0c097caf-3b45-4555-a1b1-3d0f2c4aaf7a: Completed APPEND_ENTRIES, lastReply: serverReply {
  requestorId: "bff1bba2-2b6d-4994-8ead-d2e5b7e1f8d7"
  replyId: "0c097caf-3b45-4555-a1b1-3d0f2c4aaf7a"
  raftGroupId {
    id: "\345\023-\017|Z@\251\275-\276\fR\231m\276"
  }
  callId: 10
  success: true
}
term: 1
nextIndex: 1
matchIndex: 18446744073709551615
isHearbeat: true

2024-01-18 21:14:25,974 [32a26d97-b348-45bd-baf8-7e50e45a1152@group-9C1FB521E04B-StateMachineUpdater] INFO  ratis.ContainerStateMachine (ContainerStateMachine.java:takeSnapshot(366)) - group-9C1FB521E04B: Finished taking a snapshot at:(t:1, i:0) file:/home/runner/work/ozone/ozone/hadoop-ozone/integration-test/target/test-dir/MiniOzoneClusterImpl-31edb46a-ccfd-4ac6-802d-5dd746a085ff/datanode-1/data/ratis/0af84123-911b-4927-b612-9c1fb521e04b/sm/snapshot.1_0 took: 0 ms
2024-01-18 21:14:25,975 [32a26d97-b348-45bd-baf8-7e50e45a1152@group-9C1FB521E04B-StateMachineUpdater] INFO  impl.StateMachineUpdater (StateMachineUpdater.java:takeSnapshot(295)) - 32a26d97-b348-45bd-baf8-7e50e45a1152@group-9C1FB521E04B-StateMachineUpdater: Took a snapshot at index 0
2024-01-18 21:14:25,975 [32a26d97-b348-45bd-baf8-7e50e45a1152@group-9C1FB521E04B-StateMachineUpdater] INFO  impl.StateMachineUpdater (StateMachineUpdater.java:lambda$new$0(98)) - 32a26d97-b348-45bd-baf8-7e50e45a1152@group-9C1FB521E04B-StateMachineUpdater: snapshotIndex: updateIncreasingly -1 -> 0
2024-01-18 21:14:25,975 [grpc-default-executor-1] INFO  server.GrpcLogAppender (GrpcLogAppender.java:onCompleted(546)) - bff1bba2-2b6d-4994-8ead-d2e5b7e1f8d7@group-BE0C52996DBE->0c097caf-3b45-4555-a1b1-3d0f2c4aaf7a-AppendLogResponseHandler: follower responses appendEntries COMPLETED
2024-01-18 21:14:25,975 [grpc-default-executor-0] INFO  server.GrpcServerProtocolService (GrpcServerProtocolService.java:lambda$onCompleted$5(159)) - 0c097caf-3b45-4555-a1b1-3d0f2c4aaf7a: Completed APPEND_ENTRIES, lastReply: null
2024-01-18 21:14:25,975 [bff1bba2-2b6d-4994-8ead-d2e5b7e1f8d7@group-BE0C52996DBE-StateMachineUpdater] INFO  impl.StateMachineUpdater (StateMachineUpdater.java:lambda$new$0(98)) - bff1bba2-2b6d-4994-8ead-d2e5b7e1f8d7@group-BE0C52996DBE-StateMachineUpdater: snapshotIndex: updateIncreasingly -1 -> 0
2024-01-18 21:14:25,975 [32a26d97-b348-45bd-baf8-7e50e45a1152-impl-thread1] INFO  server.RaftServer$Division (ServerState.java:close(427)) - 32a26d97-b348-45bd-baf8-7e50e45a1152@group-9C1FB521E04B: applyIndex: 0
2024-01-18 21:14:25,976 [bff1bba2-2b6d-4994-8ead-d2e5b7e1f8d7-impl-thread1] INFO  server.RaftServer$Division (ServerState.java:close(427)) - bff1bba2-2b6d-4994-8ead-d2e5b7e1f8d7@group-BE0C52996DBE: applyIndex: 0
2024-01-18 21:14:25,976 [bff1bba2-2b6d-4994-8ead-d2e5b7e1f8d7@group-BE0C52996DBE-cacheEviction-AwaitToRun] INFO  util.AwaitToRun (AwaitToRun.java:run(49)) - bff1bba2-2b6d-4994-8ead-d2e5b7e1f8d7@group-BE0C52996DBE-cacheEviction-AwaitToRun-AwaitForSignal is interrupted
2024-01-18 21:14:25,975 [grpc-default-executor-1] WARN  server.GrpcLogAppender (GrpcLogAppender.java:resetClient(226)) - bff1bba2-2b6d-4994-8ead-d2e5b7e1f8d7@group-BE0C52996DBE->0c097caf-3b45-4555-a1b1-3d0f2c4aaf7a-GrpcLogAppender: Failed to getClient for 0c097caf-3b45-4555-a1b1-3d0f2c4aaf7a
org.apache.ratis.protocol.exceptions.AlreadyClosedException: bff1bba2-2b6d-4994-8ead-d2e5b7e1f8d7 is already CLOSED
	at org.apache.ratis.util.PeerProxyMap$PeerAndProxy.getProxy(PeerProxyMap.java:65)
	at org.apache.ratis.util.PeerProxyMap.getProxy(PeerProxyMap.java:114)
	at org.apache.ratis.grpc.server.GrpcLogAppender.getClient(GrpcLogAppender.java:196)
	at org.apache.ratis.grpc.server.GrpcLogAppender.resetClient(GrpcLogAppender.java:201)
	at org.apache.ratis.grpc.server.GrpcLogAppender.access$800(GrpcLogAppender.java:62)
	at org.apache.ratis.grpc.server.GrpcLogAppender$AppendLogResponseHandler.onCompleted(GrpcLogAppender.java:547)
	at org.apache.ratis.thirdparty.io.grpc.stub.ClientCalls$StreamObserverToCallListenerAdapter.onClose(ClientCalls.java:479)
	at org.apache.ratis.thirdparty.io.grpc.internal.DelayedClientCall$DelayedListener$3.run(DelayedClientCall.java:489)
	at org.apache.ratis.thirdparty.io.grpc.internal.DelayedClientCall$DelayedListener.delayOrExecute(DelayedClientCall.java:453)
	at org.apache.ratis.thirdparty.io.grpc.internal.DelayedClientCall$DelayedListener.onClose(DelayedClientCall.java:486)
	at org.apache.ratis.thirdparty.io.grpc.internal.ClientCallImpl.closeObserver(ClientCallImpl.java:567)
	at org.apache.ratis.thirdparty.io.grpc.internal.ClientCallImpl.access$300(ClientCallImpl.java:71)
	at org.apache.ratis.thirdparty.io.grpc.internal.ClientCallImpl$ClientStreamListenerImpl$1StreamClosed.runInternal(ClientCallImpl.java:735)
	at org.apache.ratis.thirdparty.io.grpc.internal.ClientCallImpl$ClientStreamListenerImpl$1StreamClosed.runInContext(ClientCallImpl.java:716)
	at org.apache.ratis.thirdparty.io.grpc.internal.ContextRunnable.run(ContextRunnable.java:37)
	at org.apache.ratis.thirdparty.io.grpc.internal.SerializingExecutor.run(SerializingExecutor.java:133)
	at java.util.concurrent.ThreadPoolExecutor.runWorker(ThreadPoolExecutor.java:1149)
	at java.util.concurrent.ThreadPoolExecutor$Worker.run(ThreadPoolExecutor.java:624)
	at java.lang.Thread.run(Thread.java:750)
2024-01-18 21:14:25,976 [grpc-default-executor-0] INFO  server.GrpcLogAppender (GrpcLogAppender.java:onCompleted(546)) - bff1bba2-2b6d-4994-8ead-d2e5b7e1f8d7@group-BE0C52996DBE->0c097caf-3b45-4555-a1b1-3d0f2c4aaf7a-AppendLogResponseHandler: follower responses appendEntries COMPLETED
2024-01-18 21:14:25,976 [grpc-default-executor-2] INFO  server.GrpcLogAppender (GrpcLogAppender.java:onError(533)) - d7bd62da-9eff-4c5a-9810-dab6199e7b8e@group-BA0DAAC0BCDC->655b4849-f6c7-42ce-9d2b-be9b96fb5c65-GrpcLogAppender is already stopped
2024-01-18 21:14:25,976 [32a26d97-b348-45bd-baf8-7e50e45a1152@group-9C1FB521E04B-cacheEviction-AwaitToRun] INFO  util.AwaitToRun (AwaitToRun.java:run(49)) - 32a26d97-b348-45bd-baf8-7e50e45a1152@group-9C1FB521E04B-cacheEviction-AwaitToRun-AwaitForSignal is interrupted
2024-01-18 21:14:25,976 [grpc-default-executor-0] WARN  server.GrpcLogAppender (GrpcLogAppender.java:resetClient(226)) - bff1bba2-2b6d-4994-8ead-d2e5b7e1f8d7@group-BE0C52996DBE->0c097caf-3b45-4555-a1b1-3d0f2c4aaf7a-GrpcLogAppender: Failed to getClient for 0c097caf-3b45-4555-a1b1-3d0f2c4aaf7a
org.apache.ratis.protocol.exceptions.AlreadyClosedException: bff1bba2-2b6d-4994-8ead-d2e5b7e1f8d7 is already CLOSED
	at org.apache.ratis.util.PeerProxyMap$PeerAndProxy.getProxy(PeerProxyMap.java:65)
	at org.apache.ratis.util.PeerProxyMap.getProxy(PeerProxyMap.java:114)
	at org.apache.ratis.grpc.server.GrpcLogAppender.getClient(GrpcLogAppender.java:196)
	at org.apache.ratis.grpc.server.GrpcLogAppender.resetClient(GrpcLogAppender.java:201)
	at org.apache.ratis.grpc.server.GrpcLogAppender.access$800(GrpcLogAppender.java:62)
	at org.apache.ratis.grpc.server.GrpcLogAppender$AppendLogResponseHandler.onCompleted(GrpcLogAppender.java:547)
	at org.apache.ratis.thirdparty.io.grpc.stub.ClientCalls$StreamObserverToCallListenerAdapter.onClose(ClientCalls.java:479)
	at org.apache.ratis.thirdparty.io.grpc.internal.ClientCallImpl.closeObserver(ClientCallImpl.java:567)
	at org.apache.ratis.thirdparty.io.grpc.internal.ClientCallImpl.access$300(ClientCallImpl.java:71)
	at org.apache.ratis.thirdparty.io.grpc.internal.ClientCallImpl$ClientStreamListenerImpl$1StreamClosed.runInternal(ClientCallImpl.java:735)
	at org.apache.ratis.thirdparty.io.grpc.internal.ClientCallImpl$ClientStreamListenerImpl$1StreamClosed.runInContext(ClientCallImpl.java:716)
	at org.apache.ratis.thirdparty.io.grpc.internal.ContextRunnable.run(ContextRunnable.java:37)
	at org.apache.ratis.thirdparty.io.grpc.internal.SerializingExecutor.run(SerializingExecutor.java:133)
	at java.util.concurrent.ThreadPoolExecutor.runWorker(ThreadPoolExecutor.java:1149)
	at java.util.concurrent.ThreadPoolExecutor$Worker.run(ThreadPoolExecutor.java:624)
	at java.lang.Thread.run(Thread.java:750)
2024-01-18 21:14:25,979 [ForkJoinPool.commonPool-worker-6] INFO  server.GrpcService (GrpcService.java:closeImpl(320)) - 655b4849-f6c7-42ce-9d2b-be9b96fb5c65: shutdown server org.apache.ratis.grpc.server.GrpcAdminProtocolService successfully
2024-01-18 21:14:25,984 [ForkJoinPool.commonPool-worker-7] INFO  server.GrpcService (GrpcService.java:closeImpl(320)) - d7bd62da-9eff-4c5a-9810-dab6199e7b8e: shutdown server org.apache.ratis.grpc.server.GrpcClientProtocolService successfully
2024-01-18 21:14:25,985 [ForkJoinPool.commonPool-worker-7] INFO  server.GrpcService (GrpcService.java:closeImpl(311)) - d7bd62da-9eff-4c5a-9810-dab6199e7b8e: shutdown server GrpcServerProtocolService now
2024-01-18 21:14:25,986 [main] INFO  server.GrpcService (GrpcService.java:closeImpl(320)) - 2a2b30f3-c6d3-4b10-97ff-b0c22fa05b40: shutdown server org.apache.ratis.grpc.server.GrpcAdminProtocolService successfully
2024-01-18 21:14:25,986 [ForkJoinPool.commonPool-worker-1] INFO  server.GrpcService (GrpcService.java:closeImpl(320)) - 32a26d97-b348-45bd-baf8-7e50e45a1152: shutdown server org.apache.ratis.grpc.server.GrpcClientProtocolService successfully
2024-01-18 21:14:25,986 [ForkJoinPool.commonPool-worker-1] INFO  server.GrpcService (GrpcService.java:closeImpl(311)) - 32a26d97-b348-45bd-baf8-7e50e45a1152: shutdown server GrpcServerProtocolService now
2024-01-18 21:14:25,986 [ForkJoinPool.commonPool-worker-7] INFO  server.GrpcService (GrpcService.java:closeImpl(320)) - d7bd62da-9eff-4c5a-9810-dab6199e7b8e: shutdown server GrpcServerProtocolService successfully
2024-01-18 21:14:25,986 [ForkJoinPool.commonPool-worker-7] INFO  server.GrpcService (GrpcService.java:closeImpl(311)) - d7bd62da-9eff-4c5a-9810-dab6199e7b8e: shutdown server org.apache.ratis.grpc.server.GrpcAdminProtocolService now
2024-01-18 21:14:25,988 [ForkJoinPool.commonPool-worker-2] INFO  server.GrpcService (GrpcService.java:closeImpl(320)) - bff1bba2-2b6d-4994-8ead-d2e5b7e1f8d7: shutdown server org.apache.ratis.grpc.server.GrpcClientProtocolService successfully
2024-01-18 21:14:25,988 [ForkJoinPool.commonPool-worker-2] INFO  server.GrpcService (GrpcService.java:closeImpl(311)) - bff1bba2-2b6d-4994-8ead-d2e5b7e1f8d7: shutdown server GrpcServerProtocolService now
2024-01-18 21:14:25,992 [ForkJoinPool.commonPool-worker-7] INFO  server.GrpcService (GrpcService.java:closeImpl(320)) - d7bd62da-9eff-4c5a-9810-dab6199e7b8e: shutdown server org.apache.ratis.grpc.server.GrpcAdminProtocolService successfully
2024-01-18 21:14:25,996 [ForkJoinPool.commonPool-worker-1] INFO  server.GrpcService (GrpcService.java:closeImpl(320)) - 32a26d97-b348-45bd-baf8-7e50e45a1152: shutdown server GrpcServerProtocolService successfully
2024-01-18 21:14:25,996 [ForkJoinPool.commonPool-worker-2] INFO  server.GrpcService (GrpcService.java:closeImpl(320)) - bff1bba2-2b6d-4994-8ead-d2e5b7e1f8d7: shutdown server GrpcServerProtocolService successfully
2024-01-18 21:14:25,996 [ForkJoinPool.commonPool-worker-2] INFO  server.GrpcService (GrpcService.java:closeImpl(311)) - bff1bba2-2b6d-4994-8ead-d2e5b7e1f8d7: shutdown server org.apache.ratis.grpc.server.GrpcAdminProtocolService now
2024-01-18 21:14:25,996 [ForkJoinPool.commonPool-worker-1] INFO  server.GrpcService (GrpcService.java:closeImpl(311)) - 32a26d97-b348-45bd-baf8-7e50e45a1152: shutdown server org.apache.ratis.grpc.server.GrpcAdminProtocolService now
2024-01-18 21:14:25,996 [ForkJoinPool.commonPool-worker-2] INFO  server.GrpcService (GrpcService.java:closeImpl(320)) - bff1bba2-2b6d-4994-8ead-d2e5b7e1f8d7: shutdown server org.apache.ratis.grpc.server.GrpcAdminProtocolService successfully
2024-01-18 21:14:26,000 [ForkJoinPool.commonPool-worker-1] INFO  server.GrpcService (GrpcService.java:closeImpl(320)) - 32a26d97-b348-45bd-baf8-7e50e45a1152: shutdown server org.apache.ratis.grpc.server.GrpcAdminProtocolService successfully
2024-01-18 21:14:26,001 [ForkJoinPool.commonPool-worker-3] INFO  ozoneimpl.OzoneContainer (OzoneContainer.java:stop(479)) - Attempting to stop container services.
2024-01-18 21:14:26,001 [ea523e53-c226-4491-8cf7-936e653545c3-NettyServerStreamRpc-bossGroup--thread1] INFO  logging.LoggingHandler (AbstractInternalLogger.java:log(148)) - [id: 0x1c2a703d, L:/0.0.0.0:15167] CLOSE
2024-01-18 21:14:26,001 [ea523e53-c226-4491-8cf7-936e653545c3-NettyServerStreamRpc-bossGroup--thread1] INFO  logging.LoggingHandler (AbstractInternalLogger.java:log(148)) - [id: 0x1c2a703d, L:/0.0.0.0:15167] INACTIVE
2024-01-18 21:14:26,001 [ea523e53-c226-4491-8cf7-936e653545c3-NettyServerStreamRpc-bossGroup--thread1] INFO  logging.LoggingHandler (AbstractInternalLogger.java:log(148)) - [id: 0x1c2a703d, L:/0.0.0.0:15167] UNREGISTERED
2024-01-18 21:14:26,001 [ForkJoinPool.commonPool-worker-3] INFO  server.RaftServer (RaftServerProxy.java:lambda$close$9(416)) - 0c097caf-3b45-4555-a1b1-3d0f2c4aaf7a: close
2024-01-18 21:14:26,007 [0c097caf-3b45-4555-a1b1-3d0f2c4aaf7a-impl-thread1] INFO  server.RaftServer$Division (RaftServerImpl.java:lambda$close$3(526)) - 0c097caf-3b45-4555-a1b1-3d0f2c4aaf7a@group-D4D2F37D9F7B: shutdown
2024-01-18 21:14:26,007 [0c097caf-3b45-4555-a1b1-3d0f2c4aaf7a-impl-thread1] INFO  util.JmxRegister (JmxRegister.java:unregister(73)) - Successfully un-registered JMX Bean with object name Ratis:service=RaftServer,group=group-D4D2F37D9F7B,id=0c097caf-3b45-4555-a1b1-3d0f2c4aaf7a
2024-01-18 21:14:26,007 [ForkJoinPool.commonPool-worker-3] INFO  server.GrpcService (GrpcService.java:closeImpl(311)) - 0c097caf-3b45-4555-a1b1-3d0f2c4aaf7a: shutdown server org.apache.ratis.grpc.server.GrpcClientProtocolService now
2024-01-18 21:14:26,007 [0c097caf-3b45-4555-a1b1-3d0f2c4aaf7a-impl-thread1] INFO  impl.RoleInfo (RoleInfo.java:shutdownLeaderState(94)) - 0c097caf-3b45-4555-a1b1-3d0f2c4aaf7a: shutdown 0c097caf-3b45-4555-a1b1-3d0f2c4aaf7a@group-D4D2F37D9F7B-LeaderStateImpl
2024-01-18 21:14:26,007 [0c097caf-3b45-4555-a1b1-3d0f2c4aaf7a-impl-thread1] INFO  impl.PendingRequests (PendingRequests.java:sendNotLeaderResponses(289)) - 0c097caf-3b45-4555-a1b1-3d0f2c4aaf7a@group-D4D2F37D9F7B-PendingRequests: sendNotLeaderResponses
2024-01-18 21:14:26,008 [0c097caf-3b45-4555-a1b1-3d0f2c4aaf7a-impl-thread1] INFO  impl.StateMachineUpdater (StateMachineUpdater.java:stopAndJoin(157)) - 0c097caf-3b45-4555-a1b1-3d0f2c4aaf7a@group-D4D2F37D9F7B-StateMachineUpdater: set stopIndex = 0
2024-01-18 21:14:26,008 [0c097caf-3b45-4555-a1b1-3d0f2c4aaf7a@group-D4D2F37D9F7B-StateMachineUpdater] INFO  ratis.ContainerStateMachine (ContainerStateMachine.java:takeSnapshot(355)) - group-D4D2F37D9F7B: Taking a snapshot at:(t:1, i:0) file /home/runner/work/ozone/ozone/hadoop-ozone/integration-test/target/test-dir/MiniOzoneClusterImpl-31edb46a-ccfd-4ac6-802d-5dd746a085ff/datanode-8/data/ratis/735a7f7a-e101-4633-b9ae-d4d2f37d9f7b/sm/snapshot.1_0
2024-01-18 21:14:26,010 [0c097caf-3b45-4555-a1b1-3d0f2c4aaf7a@group-D4D2F37D9F7B-StateMachineUpdater] INFO  ratis.ContainerStateMachine (ContainerStateMachine.java:takeSnapshot(366)) - group-D4D2F37D9F7B: Finished taking a snapshot at:(t:1, i:0) file:/home/runner/work/ozone/ozone/hadoop-ozone/integration-test/target/test-dir/MiniOzoneClusterImpl-31edb46a-ccfd-4ac6-802d-5dd746a085ff/datanode-8/data/ratis/735a7f7a-e101-4633-b9ae-d4d2f37d9f7b/sm/snapshot.1_0 took: 2 ms
2024-01-18 21:14:26,010 [0c097caf-3b45-4555-a1b1-3d0f2c4aaf7a@group-D4D2F37D9F7B-StateMachineUpdater] INFO  impl.StateMachineUpdater (StateMachineUpdater.java:takeSnapshot(295)) - 0c097caf-3b45-4555-a1b1-3d0f2c4aaf7a@group-D4D2F37D9F7B-StateMachineUpdater: Took a snapshot at index 0
2024-01-18 21:14:26,010 [0c097caf-3b45-4555-a1b1-3d0f2c4aaf7a@group-D4D2F37D9F7B-StateMachineUpdater] INFO  impl.StateMachineUpdater (StateMachineUpdater.java:lambda$new$0(98)) - 0c097caf-3b45-4555-a1b1-3d0f2c4aaf7a@group-D4D2F37D9F7B-StateMachineUpdater: snapshotIndex: updateIncreasingly -1 -> 0
2024-01-18 21:14:26,010 [0c097caf-3b45-4555-a1b1-3d0f2c4aaf7a-impl-thread1] INFO  server.RaftServer$Division (ServerState.java:close(427)) - 0c097caf-3b45-4555-a1b1-3d0f2c4aaf7a@group-D4D2F37D9F7B: applyIndex: 0
2024-01-18 21:14:26,010 [0c097caf-3b45-4555-a1b1-3d0f2c4aaf7a-impl-thread2] INFO  server.RaftServer$Division (RaftServerImpl.java:lambda$close$3(526)) - 0c097caf-3b45-4555-a1b1-3d0f2c4aaf7a@group-BE0C52996DBE: shutdown
2024-01-18 21:14:26,010 [0c097caf-3b45-4555-a1b1-3d0f2c4aaf7a-impl-thread2] INFO  util.JmxRegister (JmxRegister.java:unregister(73)) - Successfully un-registered JMX Bean with object name Ratis:service=RaftServer,group=group-BE0C52996DBE,id=0c097caf-3b45-4555-a1b1-3d0f2c4aaf7a
2024-01-18 21:14:26,010 [0c097caf-3b45-4555-a1b1-3d0f2c4aaf7a-impl-thread2] INFO  impl.RoleInfo (RoleInfo.java:shutdownFollowerState(110)) - 0c097caf-3b45-4555-a1b1-3d0f2c4aaf7a: shutdown 0c097caf-3b45-4555-a1b1-3d0f2c4aaf7a@group-BE0C52996DBE-FollowerState
2024-01-18 21:14:26,010 [0c097caf-3b45-4555-a1b1-3d0f2c4aaf7a-impl-thread2] INFO  impl.StateMachineUpdater (StateMachineUpdater.java:stopAndJoin(157)) - 0c097caf-3b45-4555-a1b1-3d0f2c4aaf7a@group-BE0C52996DBE-StateMachineUpdater: set stopIndex = 0
2024-01-18 21:14:26,010 [0c097caf-3b45-4555-a1b1-3d0f2c4aaf7a@group-BE0C52996DBE-FollowerState] INFO  impl.FollowerState (FollowerState.java:run(152)) - 0c097caf-3b45-4555-a1b1-3d0f2c4aaf7a@group-BE0C52996DBE-FollowerState was interrupted
2024-01-18 21:14:26,010 [0c097caf-3b45-4555-a1b1-3d0f2c4aaf7a@group-BE0C52996DBE-StateMachineUpdater] INFO  ratis.ContainerStateMachine (ContainerStateMachine.java:takeSnapshot(355)) - group-BE0C52996DBE: Taking a snapshot at:(t:1, i:0) file /home/runner/work/ozone/ozone/hadoop-ozone/integration-test/target/test-dir/MiniOzoneClusterImpl-31edb46a-ccfd-4ac6-802d-5dd746a085ff/datanode-8/data/ratis/e5132d0f-7c5a-40a9-bd2d-be0c52996dbe/sm/snapshot.1_0
2024-01-18 21:14:26,010 [bff1bba2-2b6d-4994-8ead-d2e5b7e1f8d7-NettyServerStreamRpc-bossGroup--thread1] INFO  logging.LoggingHandler (AbstractInternalLogger.java:log(148)) - [id: 0x662e40f4, L:/0.0.0.0:15158] CLOSE
2024-01-18 21:14:26,011 [bff1bba2-2b6d-4994-8ead-d2e5b7e1f8d7-NettyServerStreamRpc-bossGroup--thread1] INFO  logging.LoggingHandler (AbstractInternalLogger.java:log(148)) - [id: 0x662e40f4, L:/0.0.0.0:15158] INACTIVE
2024-01-18 21:14:26,011 [bff1bba2-2b6d-4994-8ead-d2e5b7e1f8d7-NettyServerStreamRpc-bossGroup--thread1] INFO  logging.LoggingHandler (AbstractInternalLogger.java:log(148)) - [id: 0x662e40f4, L:/0.0.0.0:15158] UNREGISTERED
2024-01-18 21:14:26,011 [0c097caf-3b45-4555-a1b1-3d0f2c4aaf7a@group-BE0C52996DBE-StateMachineUpdater] INFO  ratis.ContainerStateMachine (ContainerStateMachine.java:takeSnapshot(366)) - group-BE0C52996DBE: Finished taking a snapshot at:(t:1, i:0) file:/home/runner/work/ozone/ozone/hadoop-ozone/integration-test/target/test-dir/MiniOzoneClusterImpl-31edb46a-ccfd-4ac6-802d-5dd746a085ff/datanode-8/data/ratis/e5132d0f-7c5a-40a9-bd2d-be0c52996dbe/sm/snapshot.1_0 took: 0 ms
2024-01-18 21:14:26,011 [ForkJoinPool.commonPool-worker-3] INFO  server.GrpcService (GrpcService.java:closeImpl(320)) - 0c097caf-3b45-4555-a1b1-3d0f2c4aaf7a: shutdown server org.apache.ratis.grpc.server.GrpcClientProtocolService successfully
2024-01-18 21:14:26,011 [0c097caf-3b45-4555-a1b1-3d0f2c4aaf7a@group-BE0C52996DBE-StateMachineUpdater] INFO  impl.StateMachineUpdater (StateMachineUpdater.java:takeSnapshot(295)) - 0c097caf-3b45-4555-a1b1-3d0f2c4aaf7a@group-BE0C52996DBE-StateMachineUpdater: Took a snapshot at index 0
2024-01-18 21:14:26,011 [ForkJoinPool.commonPool-worker-3] INFO  server.GrpcService (GrpcService.java:closeImpl(311)) - 0c097caf-3b45-4555-a1b1-3d0f2c4aaf7a: shutdown server GrpcServerProtocolService now
2024-01-18 21:14:26,011 [0c097caf-3b45-4555-a1b1-3d0f2c4aaf7a@group-BE0C52996DBE-StateMachineUpdater] INFO  impl.StateMachineUpdater (StateMachineUpdater.java:lambda$new$0(98)) - 0c097caf-3b45-4555-a1b1-3d0f2c4aaf7a@group-BE0C52996DBE-StateMachineUpdater: snapshotIndex: updateIncreasingly -1 -> 0
2024-01-18 21:14:26,011 [0c097caf-3b45-4555-a1b1-3d0f2c4aaf7a-impl-thread2] INFO  server.RaftServer$Division (ServerState.java:close(427)) - 0c097caf-3b45-4555-a1b1-3d0f2c4aaf7a@group-BE0C52996DBE: applyIndex: 0
2024-01-18 21:14:26,012 [0c097caf-3b45-4555-a1b1-3d0f2c4aaf7a@group-D4D2F37D9F7B-cacheEviction-AwaitToRun] INFO  util.AwaitToRun (AwaitToRun.java:run(49)) - 0c097caf-3b45-4555-a1b1-3d0f2c4aaf7a@group-D4D2F37D9F7B-cacheEviction-AwaitToRun-AwaitForSignal is interrupted
2024-01-18 21:14:26,012 [d7bd62da-9eff-4c5a-9810-dab6199e7b8e-NettyServerStreamRpc-bossGroup--thread1] INFO  logging.LoggingHandler (AbstractInternalLogger.java:log(148)) - [id: 0xa41927b9, L:/0.0.0.0:15140] CLOSE
2024-01-18 21:14:26,012 [d7bd62da-9eff-4c5a-9810-dab6199e7b8e-NettyServerStreamRpc-bossGroup--thread1] INFO  logging.LoggingHandler (AbstractInternalLogger.java:log(148)) - [id: 0xa41927b9, L:/0.0.0.0:15140] INACTIVE
2024-01-18 21:14:26,012 [d7bd62da-9eff-4c5a-9810-dab6199e7b8e-NettyServerStreamRpc-bossGroup--thread1] INFO  logging.LoggingHandler (AbstractInternalLogger.java:log(148)) - [id: 0xa41927b9, L:/0.0.0.0:15140] UNREGISTERED
2024-01-18 21:14:26,014 [2a2b30f3-c6d3-4b10-97ff-b0c22fa05b40-NettyServerStreamRpc-bossGroup--thread1] INFO  logging.LoggingHandler (AbstractInternalLogger.java:log(148)) - [id: 0xe9485e75, L:/0.0.0.0:15149] CLOSE
2024-01-18 21:14:26,014 [2a2b30f3-c6d3-4b10-97ff-b0c22fa05b40-NettyServerStreamRpc-bossGroup--thread1] INFO  logging.LoggingHandler (AbstractInternalLogger.java:log(148)) - [id: 0xe9485e75, L:/0.0.0.0:15149] INACTIVE
2024-01-18 21:14:26,014 [2a2b30f3-c6d3-4b10-97ff-b0c22fa05b40-NettyServerStreamRpc-bossGroup--thread1] INFO  logging.LoggingHandler (AbstractInternalLogger.java:log(148)) - [id: 0xe9485e75, L:/0.0.0.0:15149] UNREGISTERED
2024-01-18 21:14:26,017 [0c097caf-3b45-4555-a1b1-3d0f2c4aaf7a@group-BE0C52996DBE-cacheEviction-AwaitToRun] INFO  util.AwaitToRun (AwaitToRun.java:run(49)) - 0c097caf-3b45-4555-a1b1-3d0f2c4aaf7a@group-BE0C52996DBE-cacheEviction-AwaitToRun-AwaitForSignal is interrupted
2024-01-18 21:14:26,019 [ForkJoinPool.commonPool-worker-3] INFO  server.GrpcService (GrpcService.java:closeImpl(320)) - 0c097caf-3b45-4555-a1b1-3d0f2c4aaf7a: shutdown server GrpcServerProtocolService successfully
2024-01-18 21:14:26,019 [ForkJoinPool.commonPool-worker-3] INFO  server.GrpcService (GrpcService.java:closeImpl(311)) - 0c097caf-3b45-4555-a1b1-3d0f2c4aaf7a: shutdown server org.apache.ratis.grpc.server.GrpcAdminProtocolService now
2024-01-18 21:14:26,026 [ForkJoinPool.commonPool-worker-3] INFO  server.GrpcService (GrpcService.java:closeImpl(320)) - 0c097caf-3b45-4555-a1b1-3d0f2c4aaf7a: shutdown server org.apache.ratis.grpc.server.GrpcAdminProtocolService successfully
2024-01-18 21:14:26,029 [ea523e53-c226-4491-8cf7-936e653545c3-impl-thread1] INFO  segmented.SegmentedRaftLogWorker (SegmentedRaftLogWorker.java:close(245)) - ea523e53-c226-4491-8cf7-936e653545c3@group-D303D77A7A38-SegmentedRaftLogWorker close()
2024-01-18 21:14:26,029 [0c097caf-3b45-4555-a1b1-3d0f2c4aaf7a-impl-thread1] INFO  segmented.SegmentedRaftLogWorker (SegmentedRaftLogWorker.java:close(245)) - 0c097caf-3b45-4555-a1b1-3d0f2c4aaf7a@group-D4D2F37D9F7B-SegmentedRaftLogWorker close()
2024-01-18 21:14:26,030 [655b4849-f6c7-42ce-9d2b-be9b96fb5c65-NettyServerStreamRpc-bossGroup--thread1] INFO  logging.LoggingHandler (AbstractInternalLogger.java:log(148)) - [id: 0x33d63827, L:/0.0.0.0:15131] CLOSE
2024-01-18 21:14:26,030 [655b4849-f6c7-42ce-9d2b-be9b96fb5c65-NettyServerStreamRpc-bossGroup--thread1] INFO  logging.LoggingHandler (AbstractInternalLogger.java:log(148)) - [id: 0x33d63827, L:/0.0.0.0:15131] INACTIVE
2024-01-18 21:14:26,030 [655b4849-f6c7-42ce-9d2b-be9b96fb5c65-NettyServerStreamRpc-bossGroup--thread1] INFO  logging.LoggingHandler (AbstractInternalLogger.java:log(148)) - [id: 0x33d63827, L:/0.0.0.0:15131] UNREGISTERED
2024-01-18 21:14:26,031 [0c097caf-3b45-4555-a1b1-3d0f2c4aaf7a-NettyServerStreamRpc-bossGroup--thread1] INFO  logging.LoggingHandler (AbstractInternalLogger.java:log(148)) - [id: 0xb1fa32b5, L:/0.0.0.0:15176] CLOSE
2024-01-18 21:14:26,031 [0c097caf-3b45-4555-a1b1-3d0f2c4aaf7a-NettyServerStreamRpc-bossGroup--thread1] INFO  logging.LoggingHandler (AbstractInternalLogger.java:log(148)) - [id: 0xb1fa32b5, L:/0.0.0.0:15176] INACTIVE
2024-01-18 21:14:26,031 [0c097caf-3b45-4555-a1b1-3d0f2c4aaf7a-NettyServerStreamRpc-bossGroup--thread1] INFO  logging.LoggingHandler (AbstractInternalLogger.java:log(148)) - [id: 0xb1fa32b5, L:/0.0.0.0:15176] UNREGISTERED
2024-01-18 21:14:26,038 [32a26d97-b348-45bd-baf8-7e50e45a1152-NettyServerStreamRpc-bossGroup--thread1] INFO  logging.LoggingHandler (AbstractInternalLogger.java:log(148)) - [id: 0xf75c1fcf, L:/0.0.0.0:15113] CLOSE
2024-01-18 21:14:26,038 [32a26d97-b348-45bd-baf8-7e50e45a1152-NettyServerStreamRpc-bossGroup--thread1] INFO  logging.LoggingHandler (AbstractInternalLogger.java:log(148)) - [id: 0xf75c1fcf, L:/0.0.0.0:15113] INACTIVE
2024-01-18 21:14:26,038 [32a26d97-b348-45bd-baf8-7e50e45a1152-NettyServerStreamRpc-bossGroup--thread1] INFO  logging.LoggingHandler (AbstractInternalLogger.java:log(148)) - [id: 0xf75c1fcf, L:/0.0.0.0:15113] UNREGISTERED
2024-01-18 21:14:26,337 [32a26d97-b348-45bd-baf8-7e50e45a1152-impl-thread1] INFO  segmented.SegmentedRaftLogWorker (SegmentedRaftLogWorker.java:close(245)) - 32a26d97-b348-45bd-baf8-7e50e45a1152@group-9C1FB521E04B-SegmentedRaftLogWorker close()
2024-01-18 21:14:26,338 [JvmPauseMonitor14] INFO  util.JvmPauseMonitor (JvmPauseMonitor.java:run(152)) - JvmPauseMonitor-32a26d97-b348-45bd-baf8-7e50e45a1152: Stopped
2024-01-18 21:14:26,572 [655b4849-f6c7-42ce-9d2b-be9b96fb5c65-impl-thread1] INFO  segmented.SegmentedRaftLogWorker (SegmentedRaftLogWorker.java:close(245)) - 655b4849-f6c7-42ce-9d2b-be9b96fb5c65@group-2480BA639082-SegmentedRaftLogWorker close()
2024-01-18 21:14:26,654 [d7bd62da-9eff-4c5a-9810-dab6199e7b8e-impl-thread2] INFO  segmented.SegmentedRaftLogWorker (SegmentedRaftLogWorker.java:close(245)) - d7bd62da-9eff-4c5a-9810-dab6199e7b8e@group-BA0DAAC0BCDC-SegmentedRaftLogWorker close()
2024-01-18 21:14:26,689 [2a2b30f3-c6d3-4b10-97ff-b0c22fa05b40-impl-thread1] INFO  segmented.SegmentedRaftLogWorker (SegmentedRaftLogWorker.java:close(245)) - 2a2b30f3-c6d3-4b10-97ff-b0c22fa05b40@group-BA0DAAC0BCDC-SegmentedRaftLogWorker close()
2024-01-18 21:14:26,691 [655b4849-f6c7-42ce-9d2b-be9b96fb5c65-impl-thread2] INFO  segmented.SegmentedRaftLogWorker (SegmentedRaftLogWorker.java:close(245)) - 655b4849-f6c7-42ce-9d2b-be9b96fb5c65@group-BA0DAAC0BCDC-SegmentedRaftLogWorker close()
2024-01-18 21:14:26,692 [JvmPauseMonitor16] INFO  util.JvmPauseMonitor (JvmPauseMonitor.java:run(152)) - JvmPauseMonitor-655b4849-f6c7-42ce-9d2b-be9b96fb5c65: Stopped
2024-01-18 21:14:26,699 [d7bd62da-9eff-4c5a-9810-dab6199e7b8e-impl-thread1] INFO  segmented.SegmentedRaftLogWorker (SegmentedRaftLogWorker.java:close(245)) - d7bd62da-9eff-4c5a-9810-dab6199e7b8e@group-38707A94A719-SegmentedRaftLogWorker close()
2024-01-18 21:14:26,700 [JvmPauseMonitor17] INFO  util.JvmPauseMonitor (JvmPauseMonitor.java:run(152)) - JvmPauseMonitor-d7bd62da-9eff-4c5a-9810-dab6199e7b8e: Stopped
2024-01-18 21:14:26,779 [bff1bba2-2b6d-4994-8ead-d2e5b7e1f8d7-impl-thread2] INFO  segmented.SegmentedRaftLogWorker (SegmentedRaftLogWorker.java:close(245)) - bff1bba2-2b6d-4994-8ead-d2e5b7e1f8d7@group-2FF8BF406414-SegmentedRaftLogWorker close()
2024-01-18 21:14:26,832 [2a2b30f3-c6d3-4b10-97ff-b0c22fa05b40-impl-thread2] INFO  segmented.SegmentedRaftLogWorker (SegmentedRaftLogWorker.java:close(245)) - 2a2b30f3-c6d3-4b10-97ff-b0c22fa05b40@group-92F7B8E5DABF-SegmentedRaftLogWorker close()
2024-01-18 21:14:26,833 [JvmPauseMonitor18] INFO  util.JvmPauseMonitor (JvmPauseMonitor.java:run(152)) - JvmPauseMonitor-2a2b30f3-c6d3-4b10-97ff-b0c22fa05b40: Stopped
2024-01-18 21:14:26,892 [bff1bba2-2b6d-4994-8ead-d2e5b7e1f8d7-impl-thread1] INFO  segmented.SegmentedRaftLogWorker (SegmentedRaftLogWorker.java:close(245)) - bff1bba2-2b6d-4994-8ead-d2e5b7e1f8d7@group-BE0C52996DBE-SegmentedRaftLogWorker close()
2024-01-18 21:14:26,892 [JvmPauseMonitor19] INFO  util.JvmPauseMonitor (JvmPauseMonitor.java:run(152)) - JvmPauseMonitor-bff1bba2-2b6d-4994-8ead-d2e5b7e1f8d7: Stopped
2024-01-18 21:14:26,906 [0c097caf-3b45-4555-a1b1-3d0f2c4aaf7a-impl-thread2] INFO  segmented.SegmentedRaftLogWorker (SegmentedRaftLogWorker.java:close(245)) - 0c097caf-3b45-4555-a1b1-3d0f2c4aaf7a@group-BE0C52996DBE-SegmentedRaftLogWorker close()
2024-01-18 21:14:26,906 [ea523e53-c226-4491-8cf7-936e653545c3-impl-thread2] INFO  segmented.SegmentedRaftLogWorker (SegmentedRaftLogWorker.java:close(245)) - ea523e53-c226-4491-8cf7-936e653545c3@group-BE0C52996DBE-SegmentedRaftLogWorker close()
2024-01-18 21:14:26,906 [JvmPauseMonitor21] INFO  util.JvmPauseMonitor (JvmPauseMonitor.java:run(152)) - JvmPauseMonitor-0c097caf-3b45-4555-a1b1-3d0f2c4aaf7a: Stopped
2024-01-18 21:14:26,906 [JvmPauseMonitor20] INFO  util.JvmPauseMonitor (JvmPauseMonitor.java:run(152)) - JvmPauseMonitor-ea523e53-c226-4491-8cf7-936e653545c3: Stopped
2024-01-18 21:14:28,340 [ForkJoinPool.commonPool-worker-1] INFO  utils.DatanodeStoreCache (DatanodeStoreCache.java:shutdownCache(116)) - Skip clearing cache in mini cluster mode. Entries left: [/home/runner/work/ozone/ozone/hadoop-ozone/integration-test/target/test-dir/MiniOzoneClusterImpl-31edb46a-ccfd-4ac6-802d-5dd746a085ff/datanode-1/data-0/containers/hdds/31edb46a-ccfd-4ac6-802d-5dd746a085ff/DS-cb3e6be7-6308-439e-beca-456a0f3bf537/container.db, /home/runner/work/ozone/ozone/hadoop-ozone/integration-test/target/test-dir/MiniOzoneClusterImpl-31edb46a-ccfd-4ac6-802d-5dd746a085ff/datanode-3/data-0/containers/hdds/31edb46a-ccfd-4ac6-802d-5dd746a085ff/DS-905fcbbf-6417-4f48-92be-ee44164b4ff0/container.db, /home/runner/work/ozone/ozone/hadoop-ozone/integration-test/target/test-dir/MiniOzoneClusterImpl-31edb46a-ccfd-4ac6-802d-5dd746a085ff/datanode-4/data-0/containers/hdds/31edb46a-ccfd-4ac6-802d-5dd746a085ff/DS-ede7874a-6031-42fa-8f89-3275ab958ac8/container.db, /home/runner/work/ozone/ozone/hadoop-ozone/integration-test/target/test-dir/MiniOzoneClusterImpl-31edb46a-ccfd-4ac6-802d-5dd746a085ff/datanode-5/data-0/containers/hdds/31edb46a-ccfd-4ac6-802d-5dd746a085ff/DS-43147a71-4d49-4b89-bb7c-a6a979605c9a/container.db, /home/runner/work/ozone/ozone/hadoop-ozone/integration-test/target/test-dir/MiniOzoneClusterImpl-31edb46a-ccfd-4ac6-802d-5dd746a085ff/datanode-6/data-0/containers/hdds/31edb46a-ccfd-4ac6-802d-5dd746a085ff/DS-6436b0f7-2080-41e9-a6ae-994d887d898f/container.db, /home/runner/work/ozone/ozone/hadoop-ozone/integration-test/target/test-dir/MiniOzoneClusterImpl-31edb46a-ccfd-4ac6-802d-5dd746a085ff/datanode-7/data-0/containers/hdds/31edb46a-ccfd-4ac6-802d-5dd746a085ff/DS-99accced-80bd-43b5-a90c-2f03949acc22/container.db, /home/runner/work/ozone/ozone/hadoop-ozone/integration-test/target/test-dir/MiniOzoneClusterImpl-31edb46a-ccfd-4ac6-802d-5dd746a085ff/datanode-8/data-0/containers/hdds/31edb46a-ccfd-4ac6-802d-5dd746a085ff/DS-4702093d-ce1c-4955-b626-2c3946144b79/container.db]
2024-01-18 21:14:28,343 [ForkJoinPool.commonPool-worker-1] INFO  utils.DatanodeStoreCache (DatanodeStoreCache.java:removeDB(110)) - Removed db /home/runner/work/ozone/ozone/hadoop-ozone/integration-test/target/test-dir/MiniOzoneClusterImpl-31edb46a-ccfd-4ac6-802d-5dd746a085ff/datanode-1/data-0/containers/hdds/31edb46a-ccfd-4ac6-802d-5dd746a085ff/DS-cb3e6be7-6308-439e-beca-456a0f3bf537/container.db from cache
2024-01-18 21:14:28,343 [ForkJoinPool.commonPool-worker-1] INFO  volume.HddsVolume (HddsVolume.java:closeDbStore(451)) - SchemaV3 db is stopped at /home/runner/work/ozone/ozone/hadoop-ozone/integration-test/target/test-dir/MiniOzoneClusterImpl-31edb46a-ccfd-4ac6-802d-5dd746a085ff/datanode-1/data-0/containers/hdds/31edb46a-ccfd-4ac6-802d-5dd746a085ff/DS-cb3e6be7-6308-439e-beca-456a0f3bf537/container.db for volume DS-cb3e6be7-6308-439e-beca-456a0f3bf537
2024-01-18 21:14:28,344 [ForkJoinPool.commonPool-worker-1] INFO  utils.BackgroundService (BackgroundService.java:shutdown(160)) - Shutting down service BlockDeletingService
2024-01-18 21:14:28,344 [ForkJoinPool.commonPool-worker-1] INFO  utils.BackgroundService (BackgroundService.java:shutdown(160)) - Shutting down service StaleRecoveringContainerScrubbingService
2024-01-18 21:14:28,346 [ForkJoinPool.commonPool-worker-1] INFO  statemachine.DatanodeStateMachine (DatanodeStateMachine.java:stopDaemon(638)) - Ozone container server stopped.
2024-01-18 21:14:28,347 [ForkJoinPool.commonPool-worker-1] INFO  handler.ContextHandler (ContextHandler.java:doStop(1159)) - Stopped o.e.j.w.WebAppContext@69513b63{hddsDatanode,/,null,STOPPED}{jar:file:/home/runner/.m2/repository/org/apache/ozone/hdds-container-service/1.5.0-SNAPSHOT/hdds-container-service-1.5.0-SNAPSHOT.jar!/webapps/hddsDatanode}
2024-01-18 21:14:28,348 [ForkJoinPool.commonPool-worker-1] INFO  server.AbstractConnector (AbstractConnector.java:doStop(383)) - Stopped ServerConnector@f953325{HTTP/1.1, (http/1.1)}{0.0.0.0:15107}
2024-01-18 21:14:28,348 [ForkJoinPool.commonPool-worker-1] INFO  server.session (HouseKeeper.java:stopScavenging(149)) - node0 Stopped scavenging
2024-01-18 21:14:28,350 [ForkJoinPool.commonPool-worker-1] INFO  handler.ContextHandler (ContextHandler.java:doStop(1159)) - Stopped o.e.j.s.ServletContextHandler@104e2c55{static,/static,jar:file:/home/runner/.m2/repository/org/apache/ozone/hdds-container-service/1.5.0-SNAPSHOT/hdds-container-service-1.5.0-SNAPSHOT.jar!/webapps/static,STOPPED}
2024-01-18 21:14:28,350 [ForkJoinPool.commonPool-worker-1] INFO  handler.ContextHandler (ContextHandler.java:doStop(1159)) - Stopped o.e.j.s.ServletContextHandler@5c45590c{logs,/logs,file:///home/runner/work/ozone/ozone/hadoop-ozone/integration-test/target/log,STOPPED}
2024-01-18 21:14:28,351 [ForkJoinPool.commonPool-worker-1] INFO  ozone.HddsDatanodeClientProtocolServer (HddsDatanodeClientProtocolServer.java:stop(78)) - Stopping the RPC server for Client Protocol
2024-01-18 21:14:28,352 [ForkJoinPool.commonPool-worker-1] INFO  ipc.Server (Server.java:stop(3523)) - Stopping server on 15108
2024-01-18 21:14:28,352 [IPC Server listener on 15108] INFO  ipc.Server (Server.java:run(1434)) - Stopping IPC Server listener on 15108
2024-01-18 21:14:28,352 [IPC Server Responder] INFO  ipc.Server (Server.java:run(1567)) - Stopping IPC Server Responder
2024-01-18 21:14:28,694 [ForkJoinPool.commonPool-worker-6] INFO  utils.DatanodeStoreCache (DatanodeStoreCache.java:shutdownCache(116)) - Skip clearing cache in mini cluster mode. Entries left: [/home/runner/work/ozone/ozone/hadoop-ozone/integration-test/target/test-dir/MiniOzoneClusterImpl-31edb46a-ccfd-4ac6-802d-5dd746a085ff/datanode-3/data-0/containers/hdds/31edb46a-ccfd-4ac6-802d-5dd746a085ff/DS-905fcbbf-6417-4f48-92be-ee44164b4ff0/container.db, /home/runner/work/ozone/ozone/hadoop-ozone/integration-test/target/test-dir/MiniOzoneClusterImpl-31edb46a-ccfd-4ac6-802d-5dd746a085ff/datanode-4/data-0/containers/hdds/31edb46a-ccfd-4ac6-802d-5dd746a085ff/DS-ede7874a-6031-42fa-8f89-3275ab958ac8/container.db, /home/runner/work/ozone/ozone/hadoop-ozone/integration-test/target/test-dir/MiniOzoneClusterImpl-31edb46a-ccfd-4ac6-802d-5dd746a085ff/datanode-5/data-0/containers/hdds/31edb46a-ccfd-4ac6-802d-5dd746a085ff/DS-43147a71-4d49-4b89-bb7c-a6a979605c9a/container.db, /home/runner/work/ozone/ozone/hadoop-ozone/integration-test/target/test-dir/MiniOzoneClusterImpl-31edb46a-ccfd-4ac6-802d-5dd746a085ff/datanode-6/data-0/containers/hdds/31edb46a-ccfd-4ac6-802d-5dd746a085ff/DS-6436b0f7-2080-41e9-a6ae-994d887d898f/container.db, /home/runner/work/ozone/ozone/hadoop-ozone/integration-test/target/test-dir/MiniOzoneClusterImpl-31edb46a-ccfd-4ac6-802d-5dd746a085ff/datanode-7/data-0/containers/hdds/31edb46a-ccfd-4ac6-802d-5dd746a085ff/DS-99accced-80bd-43b5-a90c-2f03949acc22/container.db, /home/runner/work/ozone/ozone/hadoop-ozone/integration-test/target/test-dir/MiniOzoneClusterImpl-31edb46a-ccfd-4ac6-802d-5dd746a085ff/datanode-8/data-0/containers/hdds/31edb46a-ccfd-4ac6-802d-5dd746a085ff/DS-4702093d-ce1c-4955-b626-2c3946144b79/container.db]
2024-01-18 21:14:28,696 [ForkJoinPool.commonPool-worker-6] INFO  utils.DatanodeStoreCache (DatanodeStoreCache.java:removeDB(110)) - Removed db /home/runner/work/ozone/ozone/hadoop-ozone/integration-test/target/test-dir/MiniOzoneClusterImpl-31edb46a-ccfd-4ac6-802d-5dd746a085ff/datanode-3/data-0/containers/hdds/31edb46a-ccfd-4ac6-802d-5dd746a085ff/DS-905fcbbf-6417-4f48-92be-ee44164b4ff0/container.db from cache
2024-01-18 21:14:28,696 [ForkJoinPool.commonPool-worker-6] INFO  volume.HddsVolume (HddsVolume.java:closeDbStore(451)) - SchemaV3 db is stopped at /home/runner/work/ozone/ozone/hadoop-ozone/integration-test/target/test-dir/MiniOzoneClusterImpl-31edb46a-ccfd-4ac6-802d-5dd746a085ff/datanode-3/data-0/containers/hdds/31edb46a-ccfd-4ac6-802d-5dd746a085ff/DS-905fcbbf-6417-4f48-92be-ee44164b4ff0/container.db for volume DS-905fcbbf-6417-4f48-92be-ee44164b4ff0
2024-01-18 21:14:28,697 [ForkJoinPool.commonPool-worker-6] INFO  utils.BackgroundService (BackgroundService.java:shutdown(160)) - Shutting down service BlockDeletingService
2024-01-18 21:14:28,697 [ForkJoinPool.commonPool-worker-6] INFO  utils.BackgroundService (BackgroundService.java:shutdown(160)) - Shutting down service StaleRecoveringContainerScrubbingService
2024-01-18 21:14:28,697 [ForkJoinPool.commonPool-worker-6] INFO  statemachine.DatanodeStateMachine (DatanodeStateMachine.java:stopDaemon(638)) - Ozone container server stopped.
2024-01-18 21:14:28,699 [ForkJoinPool.commonPool-worker-6] INFO  handler.ContextHandler (ContextHandler.java:doStop(1159)) - Stopped o.e.j.w.WebAppContext@70bcc022{hddsDatanode,/,null,STOPPED}{jar:file:/home/runner/.m2/repository/org/apache/ozone/hdds-container-service/1.5.0-SNAPSHOT/hdds-container-service-1.5.0-SNAPSHOT.jar!/webapps/hddsDatanode}
2024-01-18 21:14:28,699 [ForkJoinPool.commonPool-worker-6] INFO  server.AbstractConnector (AbstractConnector.java:doStop(383)) - Stopped ServerConnector@1e285e84{HTTP/1.1, (http/1.1)}{0.0.0.0:15125}
2024-01-18 21:14:28,699 [ForkJoinPool.commonPool-worker-6] INFO  server.session (HouseKeeper.java:stopScavenging(149)) - node0 Stopped scavenging
2024-01-18 21:14:28,699 [ForkJoinPool.commonPool-worker-6] INFO  handler.ContextHandler (ContextHandler.java:doStop(1159)) - Stopped o.e.j.s.ServletContextHandler@5124d7c3{static,/static,jar:file:/home/runner/.m2/repository/org/apache/ozone/hdds-container-service/1.5.0-SNAPSHOT/hdds-container-service-1.5.0-SNAPSHOT.jar!/webapps/static,STOPPED}
2024-01-18 21:14:28,699 [ForkJoinPool.commonPool-worker-6] INFO  handler.ContextHandler (ContextHandler.java:doStop(1159)) - Stopped o.e.j.s.ServletContextHandler@519d9cc1{logs,/logs,file:///home/runner/work/ozone/ozone/hadoop-ozone/integration-test/target/log,STOPPED}
2024-01-18 21:14:28,700 [ForkJoinPool.commonPool-worker-6] INFO  ozone.HddsDatanodeClientProtocolServer (HddsDatanodeClientProtocolServer.java:stop(78)) - Stopping the RPC server for Client Protocol
2024-01-18 21:14:28,701 [ForkJoinPool.commonPool-worker-6] INFO  ipc.Server (Server.java:stop(3523)) - Stopping server on 15126
2024-01-18 21:14:28,701 [IPC Server listener on 15126] INFO  ipc.Server (Server.java:run(1434)) - Stopping IPC Server listener on 15126
2024-01-18 21:14:28,701 [IPC Server Responder] INFO  ipc.Server (Server.java:run(1567)) - Stopping IPC Server Responder
2024-01-18 21:14:28,701 [ForkJoinPool.commonPool-worker-7] INFO  utils.DatanodeStoreCache (DatanodeStoreCache.java:shutdownCache(116)) - Skip clearing cache in mini cluster mode. Entries left: [/home/runner/work/ozone/ozone/hadoop-ozone/integration-test/target/test-dir/MiniOzoneClusterImpl-31edb46a-ccfd-4ac6-802d-5dd746a085ff/datanode-4/data-0/containers/hdds/31edb46a-ccfd-4ac6-802d-5dd746a085ff/DS-ede7874a-6031-42fa-8f89-3275ab958ac8/container.db, /home/runner/work/ozone/ozone/hadoop-ozone/integration-test/target/test-dir/MiniOzoneClusterImpl-31edb46a-ccfd-4ac6-802d-5dd746a085ff/datanode-5/data-0/containers/hdds/31edb46a-ccfd-4ac6-802d-5dd746a085ff/DS-43147a71-4d49-4b89-bb7c-a6a979605c9a/container.db, /home/runner/work/ozone/ozone/hadoop-ozone/integration-test/target/test-dir/MiniOzoneClusterImpl-31edb46a-ccfd-4ac6-802d-5dd746a085ff/datanode-6/data-0/containers/hdds/31edb46a-ccfd-4ac6-802d-5dd746a085ff/DS-6436b0f7-2080-41e9-a6ae-994d887d898f/container.db, /home/runner/work/ozone/ozone/hadoop-ozone/integration-test/target/test-dir/MiniOzoneClusterImpl-31edb46a-ccfd-4ac6-802d-5dd746a085ff/datanode-7/data-0/containers/hdds/31edb46a-ccfd-4ac6-802d-5dd746a085ff/DS-99accced-80bd-43b5-a90c-2f03949acc22/container.db, /home/runner/work/ozone/ozone/hadoop-ozone/integration-test/target/test-dir/MiniOzoneClusterImpl-31edb46a-ccfd-4ac6-802d-5dd746a085ff/datanode-8/data-0/containers/hdds/31edb46a-ccfd-4ac6-802d-5dd746a085ff/DS-4702093d-ce1c-4955-b626-2c3946144b79/container.db]
2024-01-18 21:14:28,707 [ForkJoinPool.commonPool-worker-7] INFO  utils.DatanodeStoreCache (DatanodeStoreCache.java:removeDB(110)) - Removed db /home/runner/work/ozone/ozone/hadoop-ozone/integration-test/target/test-dir/MiniOzoneClusterImpl-31edb46a-ccfd-4ac6-802d-5dd746a085ff/datanode-4/data-0/containers/hdds/31edb46a-ccfd-4ac6-802d-5dd746a085ff/DS-ede7874a-6031-42fa-8f89-3275ab958ac8/container.db from cache
2024-01-18 21:14:28,707 [ForkJoinPool.commonPool-worker-7] INFO  volume.HddsVolume (HddsVolume.java:closeDbStore(451)) - SchemaV3 db is stopped at /home/runner/work/ozone/ozone/hadoop-ozone/integration-test/target/test-dir/MiniOzoneClusterImpl-31edb46a-ccfd-4ac6-802d-5dd746a085ff/datanode-4/data-0/containers/hdds/31edb46a-ccfd-4ac6-802d-5dd746a085ff/DS-ede7874a-6031-42fa-8f89-3275ab958ac8/container.db for volume DS-ede7874a-6031-42fa-8f89-3275ab958ac8
2024-01-18 21:14:28,707 [ForkJoinPool.commonPool-worker-7] INFO  utils.BackgroundService (BackgroundService.java:shutdown(160)) - Shutting down service BlockDeletingService
2024-01-18 21:14:28,707 [ForkJoinPool.commonPool-worker-7] INFO  utils.BackgroundService (BackgroundService.java:shutdown(160)) - Shutting down service StaleRecoveringContainerScrubbingService
2024-01-18 21:14:28,708 [ForkJoinPool.commonPool-worker-7] INFO  statemachine.DatanodeStateMachine (DatanodeStateMachine.java:stopDaemon(638)) - Ozone container server stopped.
2024-01-18 21:14:28,709 [ForkJoinPool.commonPool-worker-7] INFO  handler.ContextHandler (ContextHandler.java:doStop(1159)) - Stopped o.e.j.w.WebAppContext@7b75d369{hddsDatanode,/,null,STOPPED}{jar:file:/home/runner/.m2/repository/org/apache/ozone/hdds-container-service/1.5.0-SNAPSHOT/hdds-container-service-1.5.0-SNAPSHOT.jar!/webapps/hddsDatanode}
2024-01-18 21:14:28,709 [ForkJoinPool.commonPool-worker-7] INFO  server.AbstractConnector (AbstractConnector.java:doStop(383)) - Stopped ServerConnector@2616c077{HTTP/1.1, (http/1.1)}{0.0.0.0:15134}
2024-01-18 21:14:28,709 [ForkJoinPool.commonPool-worker-7] INFO  server.session (HouseKeeper.java:stopScavenging(149)) - node0 Stopped scavenging
2024-01-18 21:14:28,709 [ForkJoinPool.commonPool-worker-7] INFO  handler.ContextHandler (ContextHandler.java:doStop(1159)) - Stopped o.e.j.s.ServletContextHandler@12687cce{static,/static,jar:file:/home/runner/.m2/repository/org/apache/ozone/hdds-container-service/1.5.0-SNAPSHOT/hdds-container-service-1.5.0-SNAPSHOT.jar!/webapps/static,STOPPED}
2024-01-18 21:14:28,710 [ForkJoinPool.commonPool-worker-7] INFO  handler.ContextHandler (ContextHandler.java:doStop(1159)) - Stopped o.e.j.s.ServletContextHandler@270ea042{logs,/logs,file:///home/runner/work/ozone/ozone/hadoop-ozone/integration-test/target/log,STOPPED}
2024-01-18 21:14:28,710 [ForkJoinPool.commonPool-worker-7] INFO  ozone.HddsDatanodeClientProtocolServer (HddsDatanodeClientProtocolServer.java:stop(78)) - Stopping the RPC server for Client Protocol
2024-01-18 21:14:28,710 [ForkJoinPool.commonPool-worker-7] INFO  ipc.Server (Server.java:stop(3523)) - Stopping server on 15135
2024-01-18 21:14:28,711 [IPC Server listener on 15135] INFO  ipc.Server (Server.java:run(1434)) - Stopping IPC Server listener on 15135
2024-01-18 21:14:28,711 [IPC Server Responder] INFO  ipc.Server (Server.java:run(1567)) - Stopping IPC Server Responder
2024-01-18 21:14:28,835 [main] INFO  utils.DatanodeStoreCache (DatanodeStoreCache.java:shutdownCache(116)) - Skip clearing cache in mini cluster mode. Entries left: [/home/runner/work/ozone/ozone/hadoop-ozone/integration-test/target/test-dir/MiniOzoneClusterImpl-31edb46a-ccfd-4ac6-802d-5dd746a085ff/datanode-5/data-0/containers/hdds/31edb46a-ccfd-4ac6-802d-5dd746a085ff/DS-43147a71-4d49-4b89-bb7c-a6a979605c9a/container.db, /home/runner/work/ozone/ozone/hadoop-ozone/integration-test/target/test-dir/MiniOzoneClusterImpl-31edb46a-ccfd-4ac6-802d-5dd746a085ff/datanode-6/data-0/containers/hdds/31edb46a-ccfd-4ac6-802d-5dd746a085ff/DS-6436b0f7-2080-41e9-a6ae-994d887d898f/container.db, /home/runner/work/ozone/ozone/hadoop-ozone/integration-test/target/test-dir/MiniOzoneClusterImpl-31edb46a-ccfd-4ac6-802d-5dd746a085ff/datanode-7/data-0/containers/hdds/31edb46a-ccfd-4ac6-802d-5dd746a085ff/DS-99accced-80bd-43b5-a90c-2f03949acc22/container.db, /home/runner/work/ozone/ozone/hadoop-ozone/integration-test/target/test-dir/MiniOzoneClusterImpl-31edb46a-ccfd-4ac6-802d-5dd746a085ff/datanode-8/data-0/containers/hdds/31edb46a-ccfd-4ac6-802d-5dd746a085ff/DS-4702093d-ce1c-4955-b626-2c3946144b79/container.db]
2024-01-18 21:14:28,836 [main] INFO  utils.DatanodeStoreCache (DatanodeStoreCache.java:removeDB(110)) - Removed db /home/runner/work/ozone/ozone/hadoop-ozone/integration-test/target/test-dir/MiniOzoneClusterImpl-31edb46a-ccfd-4ac6-802d-5dd746a085ff/datanode-5/data-0/containers/hdds/31edb46a-ccfd-4ac6-802d-5dd746a085ff/DS-43147a71-4d49-4b89-bb7c-a6a979605c9a/container.db from cache
2024-01-18 21:14:28,836 [main] INFO  volume.HddsVolume (HddsVolume.java:closeDbStore(451)) - SchemaV3 db is stopped at /home/runner/work/ozone/ozone/hadoop-ozone/integration-test/target/test-dir/MiniOzoneClusterImpl-31edb46a-ccfd-4ac6-802d-5dd746a085ff/datanode-5/data-0/containers/hdds/31edb46a-ccfd-4ac6-802d-5dd746a085ff/DS-43147a71-4d49-4b89-bb7c-a6a979605c9a/container.db for volume DS-43147a71-4d49-4b89-bb7c-a6a979605c9a
2024-01-18 21:14:28,836 [main] INFO  utils.BackgroundService (BackgroundService.java:shutdown(160)) - Shutting down service BlockDeletingService
2024-01-18 21:14:28,837 [main] INFO  utils.BackgroundService (BackgroundService.java:shutdown(160)) - Shutting down service StaleRecoveringContainerScrubbingService
2024-01-18 21:14:28,837 [main] INFO  statemachine.DatanodeStateMachine (DatanodeStateMachine.java:stopDaemon(638)) - Ozone container server stopped.
2024-01-18 21:14:28,838 [main] INFO  handler.ContextHandler (ContextHandler.java:doStop(1159)) - Stopped o.e.j.w.WebAppContext@4ba2fe{hddsDatanode,/,null,STOPPED}{jar:file:/home/runner/.m2/repository/org/apache/ozone/hdds-container-service/1.5.0-SNAPSHOT/hdds-container-service-1.5.0-SNAPSHOT.jar!/webapps/hddsDatanode}
2024-01-18 21:14:28,839 [main] INFO  server.AbstractConnector (AbstractConnector.java:doStop(383)) - Stopped ServerConnector@70185e95{HTTP/1.1, (http/1.1)}{0.0.0.0:15143}
2024-01-18 21:14:28,839 [main] INFO  server.session (HouseKeeper.java:stopScavenging(149)) - node0 Stopped scavenging
2024-01-18 21:14:28,839 [main] INFO  handler.ContextHandler (ContextHandler.java:doStop(1159)) - Stopped o.e.j.s.ServletContextHandler@4890c9b0{static,/static,jar:file:/home/runner/.m2/repository/org/apache/ozone/hdds-container-service/1.5.0-SNAPSHOT/hdds-container-service-1.5.0-SNAPSHOT.jar!/webapps/static,STOPPED}
2024-01-18 21:14:28,839 [main] INFO  handler.ContextHandler (ContextHandler.java:doStop(1159)) - Stopped o.e.j.s.ServletContextHandler@232f6e23{logs,/logs,file:///home/runner/work/ozone/ozone/hadoop-ozone/integration-test/target/log,STOPPED}
2024-01-18 21:14:28,847 [main] INFO  ozone.HddsDatanodeClientProtocolServer (HddsDatanodeClientProtocolServer.java:stop(78)) - Stopping the RPC server for Client Protocol
2024-01-18 21:14:28,848 [main] INFO  ipc.Server (Server.java:stop(3523)) - Stopping server on 15144
2024-01-18 21:14:28,850 [IPC Server listener on 15144] INFO  ipc.Server (Server.java:run(1434)) - Stopping IPC Server listener on 15144
2024-01-18 21:14:28,850 [IPC Server Responder] INFO  ipc.Server (Server.java:run(1567)) - Stopping IPC Server Responder
2024-01-18 21:14:28,893 [ForkJoinPool.commonPool-worker-2] INFO  utils.DatanodeStoreCache (DatanodeStoreCache.java:shutdownCache(116)) - Skip clearing cache in mini cluster mode. Entries left: [/home/runner/work/ozone/ozone/hadoop-ozone/integration-test/target/test-dir/MiniOzoneClusterImpl-31edb46a-ccfd-4ac6-802d-5dd746a085ff/datanode-6/data-0/containers/hdds/31edb46a-ccfd-4ac6-802d-5dd746a085ff/DS-6436b0f7-2080-41e9-a6ae-994d887d898f/container.db, /home/runner/work/ozone/ozone/hadoop-ozone/integration-test/target/test-dir/MiniOzoneClusterImpl-31edb46a-ccfd-4ac6-802d-5dd746a085ff/datanode-7/data-0/containers/hdds/31edb46a-ccfd-4ac6-802d-5dd746a085ff/DS-99accced-80bd-43b5-a90c-2f03949acc22/container.db, /home/runner/work/ozone/ozone/hadoop-ozone/integration-test/target/test-dir/MiniOzoneClusterImpl-31edb46a-ccfd-4ac6-802d-5dd746a085ff/datanode-8/data-0/containers/hdds/31edb46a-ccfd-4ac6-802d-5dd746a085ff/DS-4702093d-ce1c-4955-b626-2c3946144b79/container.db]
2024-01-18 21:14:28,894 [ForkJoinPool.commonPool-worker-2] INFO  utils.DatanodeStoreCache (DatanodeStoreCache.java:removeDB(110)) - Removed db /home/runner/work/ozone/ozone/hadoop-ozone/integration-test/target/test-dir/MiniOzoneClusterImpl-31edb46a-ccfd-4ac6-802d-5dd746a085ff/datanode-6/data-0/containers/hdds/31edb46a-ccfd-4ac6-802d-5dd746a085ff/DS-6436b0f7-2080-41e9-a6ae-994d887d898f/container.db from cache
2024-01-18 21:14:28,895 [ForkJoinPool.commonPool-worker-2] INFO  volume.HddsVolume (HddsVolume.java:closeDbStore(451)) - SchemaV3 db is stopped at /home/runner/work/ozone/ozone/hadoop-ozone/integration-test/target/test-dir/MiniOzoneClusterImpl-31edb46a-ccfd-4ac6-802d-5dd746a085ff/datanode-6/data-0/containers/hdds/31edb46a-ccfd-4ac6-802d-5dd746a085ff/DS-6436b0f7-2080-41e9-a6ae-994d887d898f/container.db for volume DS-6436b0f7-2080-41e9-a6ae-994d887d898f
2024-01-18 21:14:28,896 [ForkJoinPool.commonPool-worker-2] INFO  utils.BackgroundService (BackgroundService.java:shutdown(160)) - Shutting down service BlockDeletingService
2024-01-18 21:14:28,896 [ForkJoinPool.commonPool-worker-2] INFO  utils.BackgroundService (BackgroundService.java:shutdown(160)) - Shutting down service StaleRecoveringContainerScrubbingService
2024-01-18 21:14:28,896 [ForkJoinPool.commonPool-worker-2] INFO  statemachine.DatanodeStateMachine (DatanodeStateMachine.java:stopDaemon(638)) - Ozone container server stopped.
2024-01-18 21:14:28,897 [ForkJoinPool.commonPool-worker-2] INFO  handler.ContextHandler (ContextHandler.java:doStop(1159)) - Stopped o.e.j.w.WebAppContext@478a1def{hddsDatanode,/,null,STOPPED}{jar:file:/home/runner/.m2/repository/org/apache/ozone/hdds-container-service/1.5.0-SNAPSHOT/hdds-container-service-1.5.0-SNAPSHOT.jar!/webapps/hddsDatanode}
2024-01-18 21:14:28,898 [ForkJoinPool.commonPool-worker-2] INFO  server.AbstractConnector (AbstractConnector.java:doStop(383)) - Stopped ServerConnector@54b7752b{HTTP/1.1, (http/1.1)}{0.0.0.0:15152}
2024-01-18 21:14:28,898 [ForkJoinPool.commonPool-worker-2] INFO  server.session (HouseKeeper.java:stopScavenging(149)) - node0 Stopped scavenging
2024-01-18 21:14:28,898 [ForkJoinPool.commonPool-worker-2] INFO  handler.ContextHandler (ContextHandler.java:doStop(1159)) - Stopped o.e.j.s.ServletContextHandler@630f0853{static,/static,jar:file:/home/runner/.m2/repository/org/apache/ozone/hdds-container-service/1.5.0-SNAPSHOT/hdds-container-service-1.5.0-SNAPSHOT.jar!/webapps/static,STOPPED}
2024-01-18 21:14:28,898 [ForkJoinPool.commonPool-worker-2] INFO  handler.ContextHandler (ContextHandler.java:doStop(1159)) - Stopped o.e.j.s.ServletContextHandler@4147f771{logs,/logs,file:///home/runner/work/ozone/ozone/hadoop-ozone/integration-test/target/log,STOPPED}
2024-01-18 21:14:28,900 [ForkJoinPool.commonPool-worker-2] INFO  ozone.HddsDatanodeClientProtocolServer (HddsDatanodeClientProtocolServer.java:stop(78)) - Stopping the RPC server for Client Protocol
2024-01-18 21:14:28,900 [ForkJoinPool.commonPool-worker-2] INFO  ipc.Server (Server.java:stop(3523)) - Stopping server on 15153
2024-01-18 21:14:28,901 [IPC Server listener on 15153] INFO  ipc.Server (Server.java:run(1434)) - Stopping IPC Server listener on 15153
2024-01-18 21:14:28,901 [IPC Server Responder] INFO  ipc.Server (Server.java:run(1567)) - Stopping IPC Server Responder
2024-01-18 21:14:28,910 [ForkJoinPool.commonPool-worker-0] INFO  utils.DatanodeStoreCache (DatanodeStoreCache.java:shutdownCache(116)) - Skip clearing cache in mini cluster mode. Entries left: [/home/runner/work/ozone/ozone/hadoop-ozone/integration-test/target/test-dir/MiniOzoneClusterImpl-31edb46a-ccfd-4ac6-802d-5dd746a085ff/datanode-7/data-0/containers/hdds/31edb46a-ccfd-4ac6-802d-5dd746a085ff/DS-99accced-80bd-43b5-a90c-2f03949acc22/container.db, /home/runner/work/ozone/ozone/hadoop-ozone/integration-test/target/test-dir/MiniOzoneClusterImpl-31edb46a-ccfd-4ac6-802d-5dd746a085ff/datanode-8/data-0/containers/hdds/31edb46a-ccfd-4ac6-802d-5dd746a085ff/DS-4702093d-ce1c-4955-b626-2c3946144b79/container.db]
2024-01-18 21:14:28,910 [ForkJoinPool.commonPool-worker-3] INFO  utils.DatanodeStoreCache (DatanodeStoreCache.java:shutdownCache(116)) - Skip clearing cache in mini cluster mode. Entries left: [/home/runner/work/ozone/ozone/hadoop-ozone/integration-test/target/test-dir/MiniOzoneClusterImpl-31edb46a-ccfd-4ac6-802d-5dd746a085ff/datanode-7/data-0/containers/hdds/31edb46a-ccfd-4ac6-802d-5dd746a085ff/DS-99accced-80bd-43b5-a90c-2f03949acc22/container.db, /home/runner/work/ozone/ozone/hadoop-ozone/integration-test/target/test-dir/MiniOzoneClusterImpl-31edb46a-ccfd-4ac6-802d-5dd746a085ff/datanode-8/data-0/containers/hdds/31edb46a-ccfd-4ac6-802d-5dd746a085ff/DS-4702093d-ce1c-4955-b626-2c3946144b79/container.db]
2024-01-18 21:14:28,910 [ForkJoinPool.commonPool-worker-3] INFO  utils.DatanodeStoreCache (DatanodeStoreCache.java:removeDB(110)) - Removed db /home/runner/work/ozone/ozone/hadoop-ozone/integration-test/target/test-dir/MiniOzoneClusterImpl-31edb46a-ccfd-4ac6-802d-5dd746a085ff/datanode-8/data-0/containers/hdds/31edb46a-ccfd-4ac6-802d-5dd746a085ff/DS-4702093d-ce1c-4955-b626-2c3946144b79/container.db from cache
2024-01-18 21:14:28,911 [ForkJoinPool.commonPool-worker-3] INFO  volume.HddsVolume (HddsVolume.java:closeDbStore(451)) - SchemaV3 db is stopped at /home/runner/work/ozone/ozone/hadoop-ozone/integration-test/target/test-dir/MiniOzoneClusterImpl-31edb46a-ccfd-4ac6-802d-5dd746a085ff/datanode-8/data-0/containers/hdds/31edb46a-ccfd-4ac6-802d-5dd746a085ff/DS-4702093d-ce1c-4955-b626-2c3946144b79/container.db for volume DS-4702093d-ce1c-4955-b626-2c3946144b79
2024-01-18 21:14:28,911 [ForkJoinPool.commonPool-worker-0] INFO  utils.DatanodeStoreCache (DatanodeStoreCache.java:removeDB(110)) - Removed db /home/runner/work/ozone/ozone/hadoop-ozone/integration-test/target/test-dir/MiniOzoneClusterImpl-31edb46a-ccfd-4ac6-802d-5dd746a085ff/datanode-7/data-0/containers/hdds/31edb46a-ccfd-4ac6-802d-5dd746a085ff/DS-99accced-80bd-43b5-a90c-2f03949acc22/container.db from cache
2024-01-18 21:14:28,911 [ForkJoinPool.commonPool-worker-3] INFO  utils.BackgroundService (BackgroundService.java:shutdown(160)) - Shutting down service BlockDeletingService
2024-01-18 21:14:28,911 [ForkJoinPool.commonPool-worker-0] INFO  volume.HddsVolume (HddsVolume.java:closeDbStore(451)) - SchemaV3 db is stopped at /home/runner/work/ozone/ozone/hadoop-ozone/integration-test/target/test-dir/MiniOzoneClusterImpl-31edb46a-ccfd-4ac6-802d-5dd746a085ff/datanode-7/data-0/containers/hdds/31edb46a-ccfd-4ac6-802d-5dd746a085ff/DS-99accced-80bd-43b5-a90c-2f03949acc22/container.db for volume DS-99accced-80bd-43b5-a90c-2f03949acc22
2024-01-18 21:14:28,911 [ForkJoinPool.commonPool-worker-0] INFO  utils.BackgroundService (BackgroundService.java:shutdown(160)) - Shutting down service BlockDeletingService
2024-01-18 21:14:28,915 [ForkJoinPool.commonPool-worker-3] INFO  utils.BackgroundService (BackgroundService.java:shutdown(160)) - Shutting down service StaleRecoveringContainerScrubbingService
2024-01-18 21:14:28,915 [ForkJoinPool.commonPool-worker-0] INFO  utils.BackgroundService (BackgroundService.java:shutdown(160)) - Shutting down service StaleRecoveringContainerScrubbingService
2024-01-18 21:14:28,916 [ForkJoinPool.commonPool-worker-3] INFO  statemachine.DatanodeStateMachine (DatanodeStateMachine.java:stopDaemon(638)) - Ozone container server stopped.
2024-01-18 21:14:28,916 [ForkJoinPool.commonPool-worker-0] INFO  statemachine.DatanodeStateMachine (DatanodeStateMachine.java:stopDaemon(638)) - Ozone container server stopped.
2024-01-18 21:14:28,921 [ForkJoinPool.commonPool-worker-0] INFO  handler.ContextHandler (ContextHandler.java:doStop(1159)) - Stopped o.e.j.w.WebAppContext@642b8b2{hddsDatanode,/,null,STOPPED}{jar:file:/home/runner/.m2/repository/org/apache/ozone/hdds-container-service/1.5.0-SNAPSHOT/hdds-container-service-1.5.0-SNAPSHOT.jar!/webapps/hddsDatanode}
2024-01-18 21:14:28,921 [ForkJoinPool.commonPool-worker-3] INFO  handler.ContextHandler (ContextHandler.java:doStop(1159)) - Stopped o.e.j.w.WebAppContext@2583c3f2{hddsDatanode,/,null,STOPPED}{jar:file:/home/runner/.m2/repository/org/apache/ozone/hdds-container-service/1.5.0-SNAPSHOT/hdds-container-service-1.5.0-SNAPSHOT.jar!/webapps/hddsDatanode}
2024-01-18 21:14:28,921 [ForkJoinPool.commonPool-worker-0] INFO  server.AbstractConnector (AbstractConnector.java:doStop(383)) - Stopped ServerConnector@7d0fa894{HTTP/1.1, (http/1.1)}{0.0.0.0:15161}
2024-01-18 21:14:28,922 [ForkJoinPool.commonPool-worker-0] INFO  server.session (HouseKeeper.java:stopScavenging(149)) - node0 Stopped scavenging
2024-01-18 21:14:28,922 [ForkJoinPool.commonPool-worker-0] INFO  handler.ContextHandler (ContextHandler.java:doStop(1159)) - Stopped o.e.j.s.ServletContextHandler@65ae8e56{static,/static,jar:file:/home/runner/.m2/repository/org/apache/ozone/hdds-container-service/1.5.0-SNAPSHOT/hdds-container-service-1.5.0-SNAPSHOT.jar!/webapps/static,STOPPED}
2024-01-18 21:14:28,922 [ForkJoinPool.commonPool-worker-0] INFO  handler.ContextHandler (ContextHandler.java:doStop(1159)) - Stopped o.e.j.s.ServletContextHandler@4ccb9133{logs,/logs,file:///home/runner/work/ozone/ozone/hadoop-ozone/integration-test/target/log,STOPPED}
2024-01-18 21:14:28,922 [ForkJoinPool.commonPool-worker-3] INFO  server.AbstractConnector (AbstractConnector.java:doStop(383)) - Stopped ServerConnector@53bf6412{HTTP/1.1, (http/1.1)}{0.0.0.0:15170}
2024-01-18 21:14:28,923 [ForkJoinPool.commonPool-worker-0] INFO  ozone.HddsDatanodeClientProtocolServer (HddsDatanodeClientProtocolServer.java:stop(78)) - Stopping the RPC server for Client Protocol
2024-01-18 21:14:28,923 [ForkJoinPool.commonPool-worker-3] INFO  server.session (HouseKeeper.java:stopScavenging(149)) - node0 Stopped scavenging
2024-01-18 21:14:28,923 [ForkJoinPool.commonPool-worker-3] INFO  handler.ContextHandler (ContextHandler.java:doStop(1159)) - Stopped o.e.j.s.ServletContextHandler@5eec0c3f{static,/static,jar:file:/home/runner/.m2/repository/org/apache/ozone/hdds-container-service/1.5.0-SNAPSHOT/hdds-container-service-1.5.0-SNAPSHOT.jar!/webapps/static,STOPPED}
2024-01-18 21:14:28,923 [ForkJoinPool.commonPool-worker-3] INFO  handler.ContextHandler (ContextHandler.java:doStop(1159)) - Stopped o.e.j.s.ServletContextHandler@4a3a164c{logs,/logs,file:///home/runner/work/ozone/ozone/hadoop-ozone/integration-test/target/log,STOPPED}
2024-01-18 21:14:28,924 [ForkJoinPool.commonPool-worker-0] INFO  ipc.Server (Server.java:stop(3523)) - Stopping server on 15162
2024-01-18 21:14:28,924 [IPC Server listener on 15162] INFO  ipc.Server (Server.java:run(1434)) - Stopping IPC Server listener on 15162
2024-01-18 21:14:28,925 [ForkJoinPool.commonPool-worker-3] INFO  ozone.HddsDatanodeClientProtocolServer (HddsDatanodeClientProtocolServer.java:stop(78)) - Stopping the RPC server for Client Protocol
2024-01-18 21:14:28,926 [ForkJoinPool.commonPool-worker-3] INFO  ipc.Server (Server.java:stop(3523)) - Stopping server on 15171
2024-01-18 21:14:28,926 [IPC Server Responder] INFO  ipc.Server (Server.java:run(1567)) - Stopping IPC Server Responder
2024-01-18 21:14:28,926 [IPC Server Responder] INFO  ipc.Server (Server.java:run(1567)) - Stopping IPC Server Responder
2024-01-18 21:14:28,927 [IPC Server listener on 15171] INFO  ipc.Server (Server.java:run(1434)) - Stopping IPC Server listener on 15171
2024-01-18 21:14:28,927 [main] INFO  ozone.MiniOzoneClusterImpl (MiniOzoneClusterImpl.java:stopSCM(550)) - Stopping the StorageContainerManager
2024-01-18 21:14:28,927 [main] INFO  server.StorageContainerManager (StorageContainerManager.java:stop(1654)) - Container Balancer is not running.
2024-01-18 21:14:28,927 [main] INFO  server.StorageContainerManager (StorageContainerManager.java:stopReplicationManager(1787)) - Stopping Replication Manager Service.
2024-01-18 21:14:28,927 [main] INFO  replication.ReplicationManager (ReplicationManager.java:stop(326)) - Stopping Replication Monitor Thread.
2024-01-18 21:14:28,928 [main] INFO  server.StorageContainerManager (StorageContainerManager.java:stop(1663)) - Stopping the Datanode Admin Monitor.
2024-01-18 21:14:28,928 [OverReplicatedProcessor] WARN  replication.UnhealthyReplicationProcessor (UnhealthyReplicationProcessor.java:run(180)) - OverReplicatedProcessor interrupted. Exiting...
2024-01-18 21:14:28,928 [UnderReplicatedProcessor] WARN  replication.UnhealthyReplicationProcessor (UnhealthyReplicationProcessor.java:run(180)) - UnderReplicatedProcessor interrupted. Exiting...
2024-01-18 21:14:28,928 [main] INFO  server.StorageContainerManager (StorageContainerManager.java:stop(1670)) - Stopping datanode service RPC server
2024-01-18 21:14:28,929 [main] INFO  server.SCMDatanodeProtocolServer (SCMDatanodeProtocolServer.java:stop(425)) - Stopping the RPC server for DataNodes
2024-01-18 21:14:28,929 [main] INFO  ipc.Server (Server.java:stop(3523)) - Stopping server on 15091
2024-01-18 21:14:28,928 [ReplicationMonitor] INFO  replication.ReplicationManager (ReplicationManager.java:run(933)) - Replication Monitor Thread is stopped
2024-01-18 21:14:28,933 [IPC Server listener on 15091] INFO  ipc.Server (Server.java:run(1434)) - Stopping IPC Server listener on 15091
2024-01-18 21:14:28,934 [IPC Server Responder] INFO  ipc.Server (Server.java:run(1567)) - Stopping IPC Server Responder
2024-01-18 21:14:28,986 [SCMHeartbeatProcessor-0] WARN  node.NodeStateManager (NodeStateManager.java:scheduleNextHealthCheck(878)) - Current Thread is interrupted, shutting down HB processing thread for Node Manager.
2024-01-18 21:14:28,986 [main] INFO  server.StorageContainerManager (StorageContainerManager.java:stop(1678)) - Stopping block service RPC server
2024-01-18 21:14:28,986 [main] INFO  server.SCMBlockProtocolServer (SCMBlockProtocolServer.java:stop(169)) - Stopping the RPC server for Block Protocol
2024-01-18 21:14:28,987 [main] INFO  ipc.Server (Server.java:stop(3523)) - Stopping server on 15090
2024-01-18 21:14:28,989 [IPC Server listener on 15090] INFO  ipc.Server (Server.java:run(1434)) - Stopping IPC Server listener on 15090
2024-01-18 21:14:28,989 [IPC Server Responder] INFO  ipc.Server (Server.java:run(1567)) - Stopping IPC Server Responder
2024-01-18 21:14:28,989 [main] INFO  server.StorageContainerManager (StorageContainerManager.java:stop(1685)) - Stopping the StorageContainerLocationProtocol RPC server
2024-01-18 21:14:28,989 [main] INFO  server.SCMClientProtocolServer (SCMClientProtocolServer.java:stop(211)) - Stopping the RPC server for Client Protocol
2024-01-18 21:14:28,989 [main] INFO  ipc.Server (Server.java:stop(3523)) - Stopping server on 15089
2024-01-18 21:14:28,994 [IPC Server listener on 15089] INFO  ipc.Server (Server.java:run(1434)) - Stopping IPC Server listener on 15089
2024-01-18 21:14:28,995 [IPC Server Responder] INFO  ipc.Server (Server.java:run(1567)) - Stopping IPC Server Responder
2024-01-18 21:14:28,995 [main] INFO  server.StorageContainerManager (StorageContainerManager.java:stop(1692)) - Stopping Storage Container Manager HTTP server.
2024-01-18 21:14:28,996 [main] INFO  handler.ContextHandler (ContextHandler.java:doStop(1159)) - Stopped o.e.j.w.WebAppContext@6d951dc9{scm,/,null,STOPPED}{file:/home/runner/work/ozone/ozone/hadoop-ozone/integration-test/target/test-classes/webapps/scm}
2024-01-18 21:14:28,996 [main] INFO  server.AbstractConnector (AbstractConnector.java:doStop(383)) - Stopped ServerConnector@417a0289{HTTP/1.1, (http/1.1)}{0.0.0.0:15092}
2024-01-18 21:14:28,997 [main] INFO  server.session (HouseKeeper.java:stopScavenging(149)) - node0 Stopped scavenging
2024-01-18 21:14:28,997 [main] INFO  handler.ContextHandler (ContextHandler.java:doStop(1159)) - Stopped o.e.j.s.ServletContextHandler@47375282{static,/static,file:///home/runner/work/ozone/ozone/hadoop-ozone/integration-test/target/test-classes/webapps/static,STOPPED}
2024-01-18 21:14:28,997 [main] INFO  handler.ContextHandler (ContextHandler.java:doStop(1159)) - Stopped o.e.j.s.ServletContextHandler@3b72a58{logs,/logs,file:///home/runner/work/ozone/ozone/hadoop-ozone/integration-test/target/log,STOPPED}
2024-01-18 21:14:28,998 [main] INFO  server.StorageContainerManager (StorageContainerManager.java:stop(1700)) - Stopping SCM LayoutVersionManager Service.
2024-01-18 21:14:28,998 [main] INFO  server.StorageContainerManager (StorageContainerManager.java:stop(1712)) - Stopping Block Manager Service.
2024-01-18 21:14:28,998 [main] INFO  utils.BackgroundService (BackgroundService.java:shutdown(160)) - Shutting down service SCMBlockDeletingService
2024-01-18 21:14:28,998 [main] INFO  utils.BackgroundService (BackgroundService.java:shutdown(160)) - Shutting down service SCMBlockDeletingService
2024-01-18 21:14:28,998 [main] INFO  server.StorageContainerManager (StorageContainerManager.java:stop(1732)) - Stopping SCM Event Queue.
2024-01-18 21:14:28,999 [JvmPauseMonitor11] INFO  util.JvmPauseMonitor (JvmPauseMonitor.java:run(152)) - JvmPauseMonitor-a930d126-5ae9-4818-ba84-555dc3f81093: Stopped
2024-01-18 21:14:28,999 [main] INFO  server.StorageContainerManager (StorageContainerManager.java:stop(1743)) - Stopping SCM HA services.
2024-01-18 21:14:28,999 [main] INFO  pipeline.BackgroundPipelineCreator (BackgroundPipelineCreator.java:stop(152)) - Stopping RatisPipelineUtilsThread.
2024-01-18 21:14:29,000 [RatisPipelineUtilsThread-0] WARN  pipeline.BackgroundPipelineCreator (BackgroundPipelineCreator.java:run(183)) - RatisPipelineUtilsThread is interrupted.
2024-01-18 21:14:29,000 [main] INFO  BackgroundPipelineScrubber (BackgroundSCMService.java:stop(131)) - Stopping BackgroundPipelineScrubber Service.
2024-01-18 21:14:29,000 [BackgroundPipelineScrubber] WARN  BackgroundPipelineScrubber (BackgroundSCMService.java:run(115)) - BackgroundPipelineScrubber is interrupted, exit
2024-01-18 21:14:29,000 [main] INFO  impl.MetricsSystemImpl (MetricsSystemImpl.java:stop(210)) - Stopping HddsDatanode metrics system...
2024-01-18 21:14:29,001 [prometheus] INFO  impl.MetricsSinkAdapter (MetricsSinkAdapter.java:publishMetricsFromQueue(141)) - prometheus thread interrupted.
2024-01-18 21:14:29,001 [main] INFO  impl.MetricsSystemImpl (MetricsSystemImpl.java:stop(216)) - HddsDatanode metrics system stopped.
2024-01-18 21:14:29,001 [main] WARN  pipeline.BackgroundPipelineCreator (BackgroundPipelineCreator.java:stop(148)) - RatisPipelineUtilsThread is not running, just ignore.
2024-01-18 21:14:29,002 [main] INFO  BackgroundPipelineScrubber (BackgroundSCMService.java:stop(126)) - BackgroundPipelineScrubber Service is not running, skip stop.
2024-01-18 21:14:29,002 [main] INFO  ExpiredContainerReplicaOpScrubber (BackgroundSCMService.java:stop(131)) - Stopping ExpiredContainerReplicaOpScrubber Service.
2024-01-18 21:14:29,002 [main] INFO  utils.BackgroundService (BackgroundService.java:shutdown(160)) - Shutting down service SCMBlockDeletingService
2024-01-18 21:14:29,002 [ExpiredContainerReplicaOpScrubber] WARN  ExpiredContainerReplicaOpScrubber (BackgroundSCMService.java:run(115)) - ExpiredContainerReplicaOpScrubber is interrupted, exit
2024-01-18 21:14:29,002 [main] INFO  replication.ReplicationManager (ReplicationManager.java:stop(336)) - Replication Monitor Thread is not running.
2024-01-18 21:14:29,002 [main] WARN  balancer.ContainerBalancer (ContainerBalancer.java:stop(327)) - Cannot stop Container Balancer because it's not running or stopping
2024-01-18 21:14:29,003 [main] INFO  server.StorageContainerManager (StorageContainerManager.java:stop(1778)) - Stopping SCM MetadataStore.
]]></system-out>
    </flakyFailure>
    <flakyFailure message="&#10;Expecting:&#10; &lt;&quot;org.apache.ratis.protocol.exceptions.RaftRetryFailureException: Failed RaftClientRequest:client-35AF0637F28A-&gt;7adc501f-70c9-4652-b7fc-e7afe3d76740@group-26E5762860C1, cid=77, seq=null, Watch-MAJORITY_COMMITTED(31), null for 4 attempts with RequestTypeDependentRetryPolicy{WRITE-&gt;ExceptionDependentRetry(maxAttempts=2147483647; defaultPolicy=MultipleLinearRandomRetry[5x5s, 5x10s, 5x15s, 5x20s, 5x25s, 10x60s]; map={org.apache.ratis.protocol.exceptions.GroupMismatchException-&gt;NoRetry, org.apache.ratis.protocol.exceptions.NotReplicatedException-&gt;NoRetry, org.apache.ratis.protocol.exceptions.ResourceUnavailableException-&gt;org.apache.ratis.retry.ExponentialBackoffRetry@413ce6cd, org.apache.ratis.protocol.exceptions.StateMachineException-&gt;NoRetry, org.apache.ratis.protocol.exceptions.TimeoutIOException-&gt;org.apache.ratis.retry.ExponentialBackoffRetry@413ce6cd}), WATCH-&gt;ExceptionDependentRetry(maxAttempts=2147483647; defaultPolicy=MultipleLinearRandomRetry[5x5s, 5x10s, 5x15s, 5x20s, 5x25s, 10x60s]; map={org.apache.ratis.protocol.exceptions.GroupMismatchException-&gt;NoRetry, org.apache.ratis.protocol.exceptions.NotReplicatedException-&gt;NoRetry, org.apache.ratis.protocol.exceptions.ResourceUnavailableException-&gt;org.apache.ratis.retry.ExponentialBackoffRetry@413ce6cd, org.apache.ratis.protocol.exceptions.StateMachineException-&gt;NoRetry, org.apache.ratis.protocol.exceptions.TimeoutIOException-&gt;NoRetry})}&quot;&gt;&#10;not to contain:&#10; &lt;&quot;Watch-MAJORITY_COMMITTED&quot;&gt;&#10;" type="java.lang.AssertionError">
      <stackTrace><![CDATA[java.lang.AssertionError: 

Expecting:
 <"org.apache.ratis.protocol.exceptions.RaftRetryFailureException: Failed RaftClientRequest:client-35AF0637F28A->7adc501f-70c9-4652-b7fc-e7afe3d76740@group-26E5762860C1, cid=77, seq=null, Watch-MAJORITY_COMMITTED(31), null for 4 attempts with RequestTypeDependentRetryPolicy{WRITE->ExceptionDependentRetry(maxAttempts=2147483647; defaultPolicy=MultipleLinearRandomRetry[5x5s, 5x10s, 5x15s, 5x20s, 5x25s, 10x60s]; map={org.apache.ratis.protocol.exceptions.GroupMismatchException->NoRetry, org.apache.ratis.protocol.exceptions.NotReplicatedException->NoRetry, org.apache.ratis.protocol.exceptions.ResourceUnavailableException->org.apache.ratis.retry.ExponentialBackoffRetry@413ce6cd, org.apache.ratis.protocol.exceptions.StateMachineException->NoRetry, org.apache.ratis.protocol.exceptions.TimeoutIOException->org.apache.ratis.retry.ExponentialBackoffRetry@413ce6cd}), WATCH->ExceptionDependentRetry(maxAttempts=2147483647; defaultPolicy=MultipleLinearRandomRetry[5x5s, 5x10s, 5x15s, 5x20s, 5x25s, 10x60s]; map={org.apache.ratis.protocol.exceptions.GroupMismatchException->NoRetry, org.apache.ratis.protocol.exceptions.NotReplicatedException->NoRetry, org.apache.ratis.protocol.exceptions.ResourceUnavailableException->org.apache.ratis.retry.ExponentialBackoffRetry@413ce6cd, org.apache.ratis.protocol.exceptions.StateMachineException->NoRetry, org.apache.ratis.protocol.exceptions.TimeoutIOException->NoRetry})}">
not to contain:
 <"Watch-MAJORITY_COMMITTED">

	at org.apache.hadoop.ozone.client.rpc.TestWatchForCommit.testWatchForCommitForRetryfailure(TestWatchForCommit.java:295)
	at java.lang.reflect.Method.invoke(Method.java:498)
	at java.util.ArrayList.forEach(ArrayList.java:1259)
	at java.util.ArrayList.forEach(ArrayList.java:1259)
]]></stackTrace>
      <system-out><![CDATA[2024-01-18 21:15:19,509 [main] WARN  server.ServerUtils (ServerUtils.java:getScmDbDir(155)) - ozone.scm.db.dirs is not configured. We recommend adding this setting. Falling back to ozone.metadata.dirs instead.
2024-01-18 21:15:19,510 [main] WARN  server.ServerUtils (ServerUtils.java:getScmDbDir(155)) - ozone.scm.db.dirs is not configured. We recommend adding this setting. Falling back to ozone.metadata.dirs instead.
2024-01-18 21:15:19,511 [main] INFO  ha.SCMHANodeDetails (SCMHANodeDetails.java:loadSCMHAConfig(207)) - ServiceID for StorageContainerManager is null
2024-01-18 21:15:19,511 [main] INFO  ha.SCMHANodeDetails (SCMHANodeDetails.java:loadSCMHAConfig(212)) - ozone.scm.default.service.id is not defined, falling back to ozone.scm.service.ids to find serviceID for StorageContainerManager if it is HA enabled cluster
2024-01-18 21:15:19,511 [main] WARN  utils.HAUtils (HAUtils.java:getMetaDir(339)) - ozone.scm.db.dirs is not configured. We recommend adding this setting. Falling back to ozone.metadata.dirs instead.
2024-01-18 21:15:19,512 [main] WARN  db.DBStoreBuilder (DBStoreBuilder.java:applyDBDefinition(167)) - ozone.scm.db.dirs is not configured. We recommend adding this setting. Falling back to ozone.metadata.dirs instead.
2024-01-18 21:15:19,580 [main] INFO  net.NodeSchemaLoader (NodeSchemaLoader.java:loadSchemaFromFile(129)) - Loading schema from [jar:file:/home/runner/.m2/repository/org/apache/ozone/hdds-common/1.5.0-SNAPSHOT/hdds-common-1.5.0-SNAPSHOT.jar!/network-topology-default.xml]
2024-01-18 21:15:19,581 [main] INFO  net.NodeSchemaLoader (NodeSchemaLoader.java:loadSchema(176)) - Loading network topology layer schema file
2024-01-18 21:15:19,583 [main] INFO  upgrade.AbstractLayoutVersionManager (AbstractLayoutVersionManager.java:init(83)) - Initializing Layout version manager with metadata layout = HADOOP_PRC_PORTS_IN_DATANODEDETAILS (version = 7), software layout = HADOOP_PRC_PORTS_IN_DATANODEDETAILS (version = 7)
2024-01-18 21:15:19,584 [main] INFO  ha.SequenceIdGenerator (SequenceIdGenerator.java:upgradeToSequenceId(370)) - upgrade localId to 113750153625600000
2024-01-18 21:15:19,586 [main] INFO  ha.SequenceIdGenerator (SequenceIdGenerator.java:upgradeToSequenceId(380)) - upgrade delTxnId to 0
2024-01-18 21:15:19,587 [main] INFO  ha.SequenceIdGenerator (SequenceIdGenerator.java:upgradeToSequenceId(397)) - upgrade containerId to 0
2024-01-18 21:15:19,589 [main] INFO  ha.SequenceIdGenerator (SequenceIdGenerator.java:upgradeToCertificateSequenceId(444)) - upgrade CertificateId to 2
2024-01-18 21:15:19,589 [main] INFO  ha.SequenceIdGenerator (SequenceIdGenerator.java:<init>(241)) - Init the HA SequenceIdGenerator.
2024-01-18 21:15:19,590 [main] INFO  node.SCMNodeManager (SCMNodeManager.java:<init>(173)) - Entering startup safe mode.
2024-01-18 21:15:19,590 [main] INFO  algorithms.ContainerPlacementPolicyFactory (ContainerPlacementPolicyFactory.java:getPolicyInternal(86)) - Create container placement policy of type org.apache.hadoop.hdds.scm.container.placement.algorithms.SCMContainerPlacementRackAware
2024-01-18 21:15:19,590 [main] INFO  algorithms.ContainerPlacementPolicyFactory (ContainerPlacementPolicyFactory.java:getPolicyInternal(86)) - Create container placement policy of type org.apache.hadoop.hdds.scm.container.placement.algorithms.SCMContainerPlacementRackScatter
2024-01-18 21:15:19,591 [main] INFO  pipeline.PipelineStateManagerImpl (PipelineStateManagerImpl.java:initialize(78)) - No pipeline exists in current db
2024-01-18 21:15:19,591 [main] INFO  algorithms.LeaderChoosePolicyFactory (LeaderChoosePolicyFactory.java:getPolicy(57)) - Create leader choose policy of type org.apache.hadoop.hdds.scm.pipeline.leader.choose.algorithms.MinLeaderCountChoosePolicy
2024-01-18 21:15:19,591 [main] INFO  algorithms.ContainerPlacementPolicyFactory (ContainerPlacementPolicyFactory.java:getPolicyInternal(86)) - Create container placement policy of type org.apache.hadoop.hdds.scm.container.placement.algorithms.SCMContainerPlacementRackScatter
2024-01-18 21:15:19,591 [main] INFO  ha.SCMServiceManager (SCMServiceManager.java:register(42)) - Registering service BackgroundPipelineCreator.
2024-01-18 21:15:19,591 [main] INFO  pipeline.BackgroundPipelineCreator (BackgroundPipelineCreator.java:start(127)) - Starting RatisPipelineUtilsThread.
2024-01-18 21:15:19,592 [main] INFO  BackgroundPipelineScrubber (BackgroundSCMService.java:start(68)) - Starting BackgroundPipelineScrubber Service.
2024-01-18 21:15:19,592 [main] INFO  ha.SCMServiceManager (SCMServiceManager.java:register(42)) - Registering service BackgroundPipelineScrubber.
2024-01-18 21:15:19,592 [main] INFO  ExpiredContainerReplicaOpScrubber (BackgroundSCMService.java:start(68)) - Starting ExpiredContainerReplicaOpScrubber Service.
2024-01-18 21:15:19,592 [main] INFO  ha.SCMServiceManager (SCMServiceManager.java:register(42)) - Registering service ExpiredContainerReplicaOpScrubber.
2024-01-18 21:15:19,593 [main] INFO  algorithms.PipelineChoosePolicyFactory (PipelineChoosePolicyFactory.java:createPipelineChoosePolicyFromClass(78)) - Create pipeline choose policy of type org.apache.hadoop.hdds.scm.pipeline.choose.algorithms.RandomPipelineChoosePolicy
2024-01-18 21:15:19,593 [main] INFO  algorithms.PipelineChoosePolicyFactory (PipelineChoosePolicyFactory.java:createPipelineChoosePolicyFromClass(78)) - Create pipeline choose policy of type org.apache.hadoop.hdds.scm.pipeline.choose.algorithms.RandomPipelineChoosePolicy
2024-01-18 21:15:19,594 [main] INFO  ha.SCMServiceManager (SCMServiceManager.java:register(42)) - Registering service SCMBlockDeletingService.
2024-01-18 21:15:19,594 [main] INFO  replication.ReplicationManager (ReplicationManager.java:start(294)) - Starting Replication Monitor Thread.
2024-01-18 21:15:19,595 [ReplicationMonitor] INFO  replication.ReplicationManager (ReplicationManager.java:processAll(369)) - Replication Manager is not ready to run until 3000ms after safemode exit
2024-01-18 21:15:19,595 [main] INFO  ha.SCMServiceManager (SCMServiceManager.java:register(42)) - Registering service ReplicationManager.
2024-01-18 21:15:19,596 [main] INFO  safemode.ContainerSafeModeRule (ContainerSafeModeRule.java:<init>(91)) - containers with one replica threshold count 0
2024-01-18 21:15:19,596 [main] INFO  safemode.HealthyPipelineSafeModeRule (HealthyPipelineSafeModeRule.java:initializeRule(176)) - Total pipeline count is 0, healthy pipeline threshold count is 1
2024-01-18 21:15:19,596 [main] INFO  safemode.OneReplicaPipelineSafeModeRule (OneReplicaPipelineSafeModeRule.java:initializeRule(193)) - Total pipeline count is 0, pipeline's with at least one datanode reported threshold count is 0
2024-01-18 21:15:19,596 [main] INFO  server.StorageContainerManager (StorageContainerManager.java:<init>(440)) - SCM start with adminUsers: [runner]
2024-01-18 21:15:19,597 [main] INFO  ipc.CallQueueManager (CallQueueManager.java:<init>(90)) - Using callQueue: class java.util.concurrent.LinkedBlockingQueue, queueCapacity: 10000, scheduler: class org.apache.hadoop.ipc.DefaultRpcScheduler, ipcBackoff: false.
2024-01-18 21:15:19,597 [main] INFO  ipc.Server (Server.java:<init>(1287)) - Listener at 0.0.0.0:15358
2024-01-18 21:15:19,597 [Socket Reader #1 for port 15358] INFO  ipc.Server (Server.java:run(1323)) - Starting Socket Reader #1 for port 15358
2024-01-18 21:15:19,598 [main] INFO  ipc.CallQueueManager (CallQueueManager.java:<init>(90)) - Using callQueue: class java.util.concurrent.LinkedBlockingQueue, queueCapacity: 10000, scheduler: class org.apache.hadoop.ipc.DefaultRpcScheduler, ipcBackoff: false.
2024-01-18 21:15:19,598 [main] INFO  ipc.Server (Server.java:<init>(1287)) - Listener at 0.0.0.0:15357
2024-01-18 21:15:19,599 [Socket Reader #1 for port 15357] INFO  ipc.Server (Server.java:run(1323)) - Starting Socket Reader #1 for port 15357
2024-01-18 21:15:19,599 [main] INFO  ipc.CallQueueManager (CallQueueManager.java:<init>(90)) - Using callQueue: class java.util.concurrent.LinkedBlockingQueue, queueCapacity: 10000, scheduler: class org.apache.hadoop.ipc.DefaultRpcScheduler, ipcBackoff: false.
2024-01-18 21:15:19,599 [main] INFO  ipc.Server (Server.java:<init>(1287)) - Listener at 0.0.0.0:15356
2024-01-18 21:15:19,600 [Socket Reader #1 for port 15356] INFO  ipc.Server (Server.java:run(1323)) - Starting Socket Reader #1 for port 15356
2024-01-18 21:15:19,602 [main] INFO  ha.SCMServiceManager (SCMServiceManager.java:register(42)) - Registering service ContainerBalancer.
2024-01-18 21:15:19,602 [main] INFO  server.StorageContainerManager (StorageContainerManager.java:<init>(453)) - 
Container Balancer status:
Key                            Value
Running                        false
Container Balancer Configuration values:
Key                                                Value
Threshold                                          10
Max Datanodes to Involve per Iteration(percent)    20
Max Size to Move per Iteration                     500GB
Max Size Entering Target per Iteration             26GB
Max Size Leaving Source per Iteration              26GB
Number of Iterations                               10
Time Limit for Single Container's Movement         65min
Time Limit for Single Container's Replication      50min
Interval between each Iteration                    70min
Whether to Enable Network Topology                 false
Whether to Trigger Refresh Datanode Usage Info     false
Container IDs to Exclude from Balancing            None
Datanodes Specified to be Balanced                 None
Datanodes Excluded from Balancing                  None

2024-01-18 21:15:19,602 [main] INFO  ha.SCMContext (SCMContext.java:updateSafeModeStatus(230)) - Update SafeModeStatus from SafeModeStatus{safeModeStatus=true, preCheckPassed=false} to SafeModeStatus{safeModeStatus=true, preCheckPassed=false}.
2024-01-18 21:15:19,602 [main] INFO  server.StorageContainerManager (StorageContainerManager.java:start(1546)) - StorageContainerLocationProtocol RPC server is listening at /0.0.0.0:15356
2024-01-18 21:15:19,603 [main] WARN  impl.MetricsConfig (MetricsConfig.java:loadFirst(136)) - Cannot locate configuration: tried hadoop-metrics2-storagecontainermanager.properties,hadoop-metrics2.properties
2024-01-18 21:15:19,604 [main] INFO  impl.MetricsSystemImpl (MetricsSystemImpl.java:startTimer(378)) - Scheduled Metric snapshot period at 10 second(s).
2024-01-18 21:15:19,604 [main] INFO  impl.MetricsSystemImpl (MetricsSystemImpl.java:start(191)) - StorageContainerManager metrics system started
2024-01-18 21:15:19,614 [main] INFO  impl.MetricsSinkAdapter (MetricsSinkAdapter.java:start(204)) - Sink prometheus started
2024-01-18 21:15:19,614 [main] INFO  impl.MetricsSystemImpl (MetricsSystemImpl.java:registerSink(305)) - Registered sink prometheus
2024-01-18 21:15:19,623 [main] INFO  server.SCMClientProtocolServer (SCMClientProtocolServer.java:start(202)) - RPC server for Client  is listening at /0.0.0.0:15356
2024-01-18 21:15:19,631 [IPC Server Responder] INFO  ipc.Server (Server.java:run(1562)) - IPC Server Responder: starting
2024-01-18 21:15:19,632 [IPC Server listener on 15356] INFO  ipc.Server (Server.java:run(1402)) - IPC Server listener on 15356: starting
2024-01-18 21:15:19,641 [main] INFO  server.StorageContainerManager (StorageContainerManager.java:start(1559)) - ScmBlockLocationProtocol RPC server is listening at /0.0.0.0:15357
2024-01-18 21:15:19,641 [main] INFO  server.SCMBlockProtocolServer (SCMBlockProtocolServer.java:start(160)) - RPC server for Block Protocol is listening at /0.0.0.0:15357
2024-01-18 21:15:19,642 [IPC Server Responder] INFO  ipc.Server (Server.java:run(1562)) - IPC Server Responder: starting
2024-01-18 21:15:19,642 [IPC Server listener on 15357] INFO  ipc.Server (Server.java:run(1402)) - IPC Server listener on 15357: starting
2024-01-18 21:15:19,648 [main] INFO  server.SCMDatanodeProtocolServer (SCMDatanodeProtocolServer.java:start(194)) - ScmDatanodeProtocol RPC server for DataNodes is listening at /0.0.0.0:15358
2024-01-18 21:15:19,648 [IPC Server Responder] INFO  ipc.Server (Server.java:run(1562)) - IPC Server Responder: starting
2024-01-18 21:15:19,649 [IPC Server listener on 15358] INFO  ipc.Server (Server.java:run(1402)) - IPC Server listener on 15358: starting
2024-01-18 21:15:19,658 [JvmPauseMonitor44] INFO  util.JvmPauseMonitor (JvmPauseMonitor.java:run(146)) - JvmPauseMonitor-56ff6910-fbc2-4159-86b9-1650b79ef699: Started
2024-01-18 21:15:19,658 [main] INFO  http.BaseHttpServer (BaseHttpServer.java:newHttpServer2BuilderForOzone(223)) - Starting Web-server for scm at: http://0.0.0.0:15359
2024-01-18 21:15:19,658 [main] INFO  http.BaseHttpServer (BaseHttpServer.java:<init>(110)) - Hadoop Security Enabled: false Ozone Security Enabled: false Ozone HTTP Security Enabled: false 
2024-01-18 21:15:19,660 [main] WARN  server.AuthenticationFilter (AuthenticationFilter.java:constructSecretProvider(240)) - Unable to initialize FileSignerSecretProvider, falling back to use random secrets. Reason: Could not read signature secret file: /home/runner/hadoop-http-auth-signature-secret
2024-01-18 21:15:19,660 [main] INFO  http.HttpRequestLog (HttpRequestLog.java:getRequestLog(86)) - Http request log for http.requests.scm is not defined
2024-01-18 21:15:19,661 [main] INFO  http.HttpServer2 (HttpServer2.java:addGlobalFilter(1036)) - Added global filter 'safety' (class=org.apache.hadoop.hdds.server.http.HttpServer2$QuotingInputFilter)
2024-01-18 21:15:19,662 [main] INFO  http.HttpServer2 (HttpServer2.java:addFilter(1012)) - Added filter static_user_filter (class=org.apache.hadoop.http.lib.StaticUserWebFilter$StaticUserFilter) to context scm
2024-01-18 21:15:19,662 [main] INFO  http.HttpServer2 (HttpServer2.java:addFilter(1020)) - Added filter static_user_filter (class=org.apache.hadoop.http.lib.StaticUserWebFilter$StaticUserFilter) to context static
2024-01-18 21:15:19,662 [main] INFO  http.HttpServer2 (HttpServer2.java:addFilter(1020)) - Added filter static_user_filter (class=org.apache.hadoop.http.lib.StaticUserWebFilter$StaticUserFilter) to context logs
2024-01-18 21:15:19,662 [main] INFO  http.BaseHttpServer (BaseHttpServer.java:<init>(189)) - HTTP server of scm uses base directory /home/runner/work/ozone/ozone/hadoop-ozone/integration-test/target/test-dir/MiniOzoneClusterImpl-df9b5de2-b041-43db-b9a6-571161098f76/ozone-meta/webserver
2024-01-18 21:15:19,663 [main] INFO  http.HttpServer2 (HttpServer2.java:bindListener(1236)) - Jetty bound to port 15359
2024-01-18 21:15:19,663 [main] INFO  server.Server (Server.java:doStart(375)) - jetty-9.4.53.v20231009; built: 2023-10-09T12:29:09.265Z; git: 27bde00a0b95a1d5bbee0eae7984f891d2d0f8c9; jvm 1.8.0_392-b08
2024-01-18 21:15:19,664 [main] INFO  server.session (DefaultSessionIdManager.java:doStart(334)) - DefaultSessionIdManager workerName=node0
2024-01-18 21:15:19,664 [main] INFO  server.session (DefaultSessionIdManager.java:doStart(339)) - No SessionScavenger set, using defaults
2024-01-18 21:15:19,664 [main] INFO  server.session (HouseKeeper.java:startScavenging(132)) - node0 Scavenging every 660000ms
2024-01-18 21:15:19,665 [main] INFO  handler.ContextHandler (ContextHandler.java:doStart(921)) - Started o.e.j.s.ServletContextHandler@427e3200{logs,/logs,file:///home/runner/work/ozone/ozone/hadoop-ozone/integration-test/target/log,AVAILABLE}
2024-01-18 21:15:19,665 [main] INFO  handler.ContextHandler (ContextHandler.java:doStart(921)) - Started o.e.j.s.ServletContextHandler@9f1f075{static,/static,file:///home/runner/work/ozone/ozone/hadoop-ozone/integration-test/target/test-classes/webapps/static,AVAILABLE}
2024-01-18 21:15:19,667 [main] INFO  handler.ContextHandler (ContextHandler.java:doStart(921)) - Started o.e.j.w.WebAppContext@5456a012{scm,/,file:///home/runner/work/ozone/ozone/hadoop-ozone/integration-test/target/test-classes/webapps/scm/,AVAILABLE}{file:/home/runner/work/ozone/ozone/hadoop-ozone/integration-test/target/test-classes/webapps/scm}
2024-01-18 21:15:19,669 [main] INFO  server.AbstractConnector (AbstractConnector.java:doStart(333)) - Started ServerConnector@35035c73{HTTP/1.1, (http/1.1)}{0.0.0.0:15359}
2024-01-18 21:15:19,669 [main] INFO  server.Server (Server.java:doStart(415)) - Started @130915ms
2024-01-18 21:15:19,669 [main] WARN  impl.MetricsSystemImpl (MetricsSystemImpl.java:register(279)) - Sink prometheus already exists!
2024-01-18 21:15:19,669 [main] INFO  http.BaseHttpServer (BaseHttpServer.java:updateConnectorAddress(354)) - HTTP server of scm listening at http://0.0.0.0:15359
2024-01-18 21:15:19,670 [main] WARN  server.ServerUtils (ServerUtils.java:getDBPath(311)) - ozone.om.db.dirs is not configured. We recommend adding this setting. Falling back to ozone.metadata.dirs instead.
2024-01-18 21:15:19,671 [main] INFO  ha.OMHANodeDetails (OMHANodeDetails.java:loadOMHAConfig(115)) - ozone.om.internal.service.id is not defined, falling back to ozone.om.service.ids to find serviceID for OzoneManager if it is HA enabled cluster
2024-01-18 21:15:19,671 [main] INFO  ha.OMHANodeDetails (OMHANodeDetails.java:loadOMHAConfig(226)) - Configuration does not have ozone.om.address set. Falling back to the default OM address /127.0.0.1:15360
2024-01-18 21:15:19,671 [main] INFO  ha.OMHANodeDetails (OMHANodeDetails.java:getOMNodeDetailsForNonHA(254)) - OM Service ID is not set. Setting it to the default ID: omServiceIdDefault
2024-01-18 21:15:19,671 [main] INFO  ha.OMHANodeDetails (OMHANodeDetails.java:getOMNodeDetailsForNonHA(261)) - OM Node ID is not set. Setting it to the default ID: om1
2024-01-18 21:15:19,672 [main] WARN  server.ServerUtils (ServerUtils.java:getDBPath(311)) - ozone.om.db.dirs is not configured. We recommend adding this setting. Falling back to ozone.metadata.dirs instead.
2024-01-18 21:15:19,674 [main] INFO  upgrade.AbstractLayoutVersionManager (AbstractLayoutVersionManager.java:init(83)) - Initializing Layout version manager with metadata layout = QUOTA (version = 6), software layout = QUOTA (version = 6)
2024-01-18 21:15:19,716 [main] INFO  upgrade.OMLayoutVersionManager (OMLayoutVersionManager.java:lambda$0(113)) - Skipping Upgrade Action MockOmUpgradeAction since it has been finalized.
2024-01-18 21:15:19,717 [main] INFO  upgrade.OMLayoutVersionManager (OMLayoutVersionManager.java:lambda$0(113)) - Skipping Upgrade Action QuotaRepairUpgradeAction since it has been finalized.
2024-01-18 21:15:19,717 [main] WARN  server.ServerUtils (ServerUtils.java:getDBPath(311)) - ozone.om.db.dirs is not configured. We recommend adding this setting. Falling back to ozone.metadata.dirs instead.
2024-01-18 21:15:19,717 [main] INFO  proxy.SCMBlockLocationFailoverProxyProvider (SCMBlockLocationFailoverProxyProvider.java:<init>(115)) - Created block location fail-over proxy with 1 nodes: [nodeId=scmNodeId,nodeAddress=/0.0.0.0:15357]
2024-01-18 21:15:19,718 [main] INFO  proxy.SCMBlockLocationFailoverProxyProvider (SCMBlockLocationFailoverProxyProvider.java:<init>(115)) - Created block location fail-over proxy with 1 nodes: [nodeId=scmNodeId,nodeAddress=/0.0.0.0:15357]
2024-01-18 21:15:19,725 [main] INFO  om.OzoneManager (OzoneManager.java:<init>(673)) - OM start with adminUsers: [runner]
2024-01-18 21:15:19,725 [main] WARN  server.ServerUtils (ServerUtils.java:getDBPath(311)) - ozone.om.db.dirs is not configured. We recommend adding this setting. Falling back to ozone.metadata.dirs instead.
2024-01-18 21:15:19,725 [main] INFO  helpers.OmKeyInfo (OmKeyInfo.java:getCodec(71)) - OmKeyInfo.getCodec ignorePipeline = true
2024-01-18 21:15:19,871 [main] INFO  om.OzoneManager (OzoneManager.java:instantiateServices(805)) - S3 Multi-Tenancy is disabled
2024-01-18 21:15:19,871 [main] INFO  om.OmSnapshotManager (OmSnapshotManager.java:<init>(176)) - Ozone filesystem snapshot feature is enabled.
2024-01-18 21:15:19,872 [main] WARN  server.ServerUtils (ServerUtils.java:getDBPath(311)) - ozone.om.snapshot.diff.db.dir is not configured. We recommend adding this setting. Falling back to ozone.metadata.dirs instead.
2024-01-18 21:15:19,887 [main] INFO  utils.NativeLibraryLoader (NativeLibraryLoader.java:loadLibrary(108)) - Loading Library: ozone_rocksdb_tools
2024-01-18 21:15:19,888 [main] INFO  snapshot.SnapshotDiffManager (SnapshotDiffManager.java:closeExecutorService(1688)) - Shutting down executorService: 'SstDumpToolExecutor'
2024-01-18 21:15:19,890 [main] INFO  om.OzoneManager (OzoneManager.java:addS3GVolumeToDB(4429)) - Created Volume s3v With Owner runner required for S3Gateway operations.
2024-01-18 21:15:19,890 [main] WARN  server.ServerUtils (ServerUtils.java:getDefaultRatisDirectory(323)) - Storage directory for Ratis is not configured. It is a good idea to map this to an SSD disk. Falling back to ozone.metadata.dirs
2024-01-18 21:15:19,890 [main] WARN  utils.OzoneManagerRatisUtils (OzoneManagerRatisUtils.java:getOMRatisSnapshotDirectory(473)) - ozone.om.ratis.snapshot.dir is not configured. Falling back to ozone.metadata.dirs config
2024-01-18 21:15:19,891 [main] WARN  server.ServerUtils (ServerUtils.java:getDefaultRatisDirectory(323)) - Storage directory for Ratis is not configured. It is a good idea to map this to an SSD disk. Falling back to ozone.metadata.dirs
2024-01-18 21:15:19,891 [main] INFO  ratis.OzoneManagerRatisServer (OzoneManagerRatisServer.java:<init>(167)) - Instantiating OM Ratis server with groupID: omServiceIdDefault and peers: localhost:15363
2024-01-18 21:15:19,892 [main] INFO  ratis.OzoneManagerStateMachine (OzoneManagerStateMachine.java:loadSnapshotInfoFromDB(608)) - TransactionInfo not found in OM DB.
2024-01-18 21:15:19,892 [main] INFO  server.RaftServer (ConfUtils.java:logGet(46)) - raft.rpc.type = GRPC (default)
2024-01-18 21:15:19,892 [main] INFO  grpc.GrpcConfigKeys (ConfUtils.java:logFallback(53)) - raft.grpc.admin.host = null (fallback to raft.grpc.server.host)
2024-01-18 21:15:19,893 [main] INFO  grpc.GrpcConfigKeys (ConfUtils.java:logFallback(53)) - raft.grpc.admin.port = 15363 (fallback to raft.grpc.server.port)
2024-01-18 21:15:19,893 [main] INFO  grpc.GrpcConfigKeys (ConfUtils.java:logFallback(53)) - raft.grpc.client.host = null (fallback to raft.grpc.server.host)
2024-01-18 21:15:19,893 [main] INFO  grpc.GrpcConfigKeys (ConfUtils.java:logFallback(53)) - raft.grpc.client.port = 15363 (fallback to raft.grpc.server.port)
2024-01-18 21:15:19,893 [main] INFO  grpc.GrpcConfigKeys (ConfUtils.java:logGet(46)) - raft.grpc.server.host = null (default)
2024-01-18 21:15:19,893 [main] INFO  grpc.GrpcConfigKeys (ConfUtils.java:logGet(46)) - raft.grpc.server.port = 15363 (custom)
2024-01-18 21:15:19,894 [main] INFO  server.GrpcService (ConfUtils.java:logGet(46)) - raft.grpc.message.size.max = 4194304 (custom)
2024-01-18 21:15:19,894 [main] INFO  server.RaftServerConfigKeys (ConfUtils.java:logGet(46)) - raft.server.log.appender.buffer.byte-limit = 4194304 (custom)
2024-01-18 21:15:19,894 [main] INFO  server.GrpcService (ConfUtils.java:logGet(46)) - raft.grpc.flow.control.window = 1MB (=1048576) (default)
2024-01-18 21:15:19,894 [main] INFO  server.RaftServerConfigKeys (ConfUtils.java:logGet(46)) - raft.server.rpc.request.timeout = 3000ms (default)
2024-01-18 21:15:19,894 [main] INFO  grpc.GrpcConfigKeys (ConfUtils.java:logGet(46)) - raft.grpc.server.heartbeat.channel = true (default)
2024-01-18 21:15:19,894 [main] INFO  grpc.GrpcConfigKeys (ConfUtils.java:logGet(46)) - raft.grpc.server.async.request.thread.pool.cached = true (default)
2024-01-18 21:15:19,895 [main] INFO  grpc.GrpcConfigKeys (ConfUtils.java:logGet(46)) - raft.grpc.server.async.request.thread.pool.size = 32 (default)
2024-01-18 21:15:19,896 [main] INFO  impl.DataStreamServerImpl (ConfUtils.java:logGet(46)) - raft.datastream.type = DISABLED (default)
2024-01-18 21:15:19,896 [main] INFO  server.RaftServerConfigKeys (ConfUtils.java:logGet(46)) - raft.server.sleep.deviation.threshold = 300ms (default)
2024-01-18 21:15:19,896 [main] INFO  server.RaftServerConfigKeys (ConfUtils.java:logGet(46)) - raft.server.close.threshold = 60s (default)
2024-01-18 21:15:19,896 [main] INFO  server.RaftServerConfigKeys (ConfUtils.java:logGet(46)) - raft.server.leaderelection.leader.step-down.wait-time = 10s (default)
2024-01-18 21:15:19,897 [main] INFO  server.RaftServerConfigKeys (ConfUtils.java:logGet(46)) - raft.server.storage.dir = [/home/runner/work/ozone/ozone/hadoop-ozone/integration-test/target/test-dir/MiniOzoneClusterImpl-df9b5de2-b041-43db-b9a6-571161098f76/ozone-meta/ratis] (custom)
2024-01-18 21:15:19,897 [main] INFO  server.RaftServerConfigKeys (ConfUtils.java:logGet(46)) - raft.server.threadpool.proxy.cached = true (default)
2024-01-18 21:15:19,897 [main] INFO  server.RaftServerConfigKeys (ConfUtils.java:logGet(46)) - raft.server.threadpool.proxy.size = 0 (default)
2024-01-18 21:15:19,897 [main] INFO  server.RaftServer (RaftServerProxy.java:addNew(100)) - om1: addNew group-C5BA1605619E:[om1|localhost:15363] returns group-C5BA1605619E:java.util.concurrent.CompletableFuture@e04fe58[Not completed]
2024-01-18 21:15:19,898 [om1-groupManagement] INFO  server.RaftServer$Division (RaftServerImpl.java:<init>(256)) - om1: new RaftServerImpl for group-C5BA1605619E:[om1|localhost:15363] with OzoneManagerStateMachine:uninitialized
2024-01-18 21:15:19,898 [main] INFO  om.OzoneManager (OzoneManager.java:initializeRatisServer(2141)) - OzoneManager Ratis server initialized at port 15363
2024-01-18 21:15:19,898 [om1-groupManagement] INFO  server.RaftServerConfigKeys (ConfUtils.java:logGet(46)) - raft.server.rpc.timeout.min = 1s (custom)
2024-01-18 21:15:19,898 [main] INFO  om.OzoneManager (OzoneManager.java:getRpcServer(1207)) - Creating RPC Server
2024-01-18 21:15:19,898 [om1-groupManagement] INFO  server.RaftServerConfigKeys (ConfUtils.java:logGet(46)) - raft.server.rpc.timeout.max = 1200ms (custom)
2024-01-18 21:15:19,898 [om1-groupManagement] INFO  server.RaftServerConfigKeys (ConfUtils.java:logGet(46)) - raft.server.rpc.sleep.time = 25ms (default)
2024-01-18 21:15:19,898 [om1-groupManagement] INFO  server.RaftServerConfigKeys (ConfUtils.java:logGet(46)) - raft.server.rpc.slowness.timeout = 120s (custom)
2024-01-18 21:15:19,898 [om1-groupManagement] INFO  server.RaftServerConfigKeys (ConfUtils.java:logGet(46)) - raft.server.leaderelection.leader.step-down.wait-time = 10s (default)
2024-01-18 21:15:19,898 [om1-groupManagement] INFO  server.RaftServerConfigKeys (ConfUtils.java:logGet(46)) - raft.server.leaderelection.member.majority-add = false (default)
2024-01-18 21:15:19,898 [om1-groupManagement] INFO  server.RaftServerConfigKeys (ConfUtils.java:logGet(46)) - raft.server.sleep.deviation.threshold = 300ms (default)
2024-01-18 21:15:19,898 [om1-groupManagement] INFO  server.RaftServer$Division (ServerState.java:<init>(113)) - om1@group-C5BA1605619E: ConfigurationManager, init=-1: peers:[om1|localhost:15363]|listeners:[], old=null, confs=<EMPTY_MAP>
2024-01-18 21:15:19,898 [om1-groupManagement] INFO  server.RaftServerConfigKeys (ConfUtils.java:logGet(46)) - raft.server.notification.no-leader.timeout = 120s (custom)
2024-01-18 21:15:19,898 [om1-groupManagement] INFO  server.RaftServerConfigKeys (ConfUtils.java:logGet(46)) - raft.server.read.timeout = 10s (default)
2024-01-18 21:15:19,899 [om1-groupManagement] INFO  server.RaftServerConfigKeys (ConfUtils.java:logGet(46)) - raft.server.retrycache.expirytime = 300s (custom)
2024-01-18 21:15:19,899 [om1-groupManagement] INFO  server.RaftServerConfigKeys (ConfUtils.java:logGet(46)) - raft.server.retrycache.statistics.expirytime = 100ms (default)
2024-01-18 21:15:19,899 [om1-groupManagement] INFO  server.RaftServerConfigKeys (ConfUtils.java:logGet(46)) - raft.server.read.option = DEFAULT (default)
2024-01-18 21:15:19,899 [om1-groupManagement] INFO  server.RaftServerConfigKeys (ConfUtils.java:logGet(46)) - raft.server.read.read-after-write-consistent.write-index-cache.expiry-time = 60s (default)
2024-01-18 21:15:19,900 [om1-groupManagement] INFO  server.RaftServerConfigKeys (ConfUtils.java:logGet(46)) - raft.server.rpc.request.timeout = 3000ms (default)
2024-01-18 21:15:19,900 [om1-groupManagement] INFO  server.RaftServerConfigKeys (ConfUtils.java:logGet(46)) - raft.server.log.appender.install.snapshot.enabled = false (custom)
2024-01-18 21:15:19,900 [om1-groupManagement] INFO  server.RaftServerConfigKeys (ConfUtils.java:logGet(46)) - raft.server.threadpool.server.cached = true (default)
2024-01-18 21:15:19,900 [om1-groupManagement] INFO  server.RaftServerConfigKeys (ConfUtils.java:logGet(46)) - raft.server.threadpool.server.size = 0 (default)
2024-01-18 21:15:19,900 [om1-groupManagement] INFO  server.RaftServerConfigKeys (ConfUtils.java:logGet(46)) - raft.server.threadpool.client.cached = true (default)
2024-01-18 21:15:19,900 [om1-groupManagement] INFO  server.RaftServerConfigKeys (ConfUtils.java:logGet(46)) - raft.server.threadpool.client.size = 0 (default)
2024-01-18 21:15:20,083 [main] INFO  ipc.CallQueueManager (CallQueueManager.java:<init>(90)) - Using callQueue: class java.util.concurrent.LinkedBlockingQueue, queueCapacity: 2000, scheduler: class org.apache.hadoop.ipc.DefaultRpcScheduler, ipcBackoff: false.
2024-01-18 21:15:20,083 [main] INFO  ipc.Server (Server.java:<init>(1287)) - Listener at 127.0.0.1:15360
2024-01-18 21:15:20,084 [Socket Reader #1 for port 15360] INFO  ipc.Server (Server.java:run(1323)) - Starting Socket Reader #1 for port 15360
2024-01-18 21:15:20,097 [main] INFO  impl.MetricsSystemImpl (MetricsSystemImpl.java:init(158)) - OzoneManager metrics system started (again)
2024-01-18 21:15:20,104 [main] INFO  om.OzoneManager (OzoneManager.java:start(1629)) - OzoneManager RPC server is listening at localhost/127.0.0.1:15360
2024-01-18 21:15:20,104 [main] INFO  ratis.OzoneManagerRatisServer (OzoneManagerRatisServer.java:start(588)) - Starting OzoneManagerRatisServer om1 at port 15363
2024-01-18 21:15:20,104 [om1-impl-thread1] INFO  server.RaftServerConfigKeys (ConfUtils.java:logGet(46)) - raft.server.storage.free-space.min = 0MB (=0) (default)
2024-01-18 21:15:20,105 [om1-impl-thread1] INFO  server.RaftServerConfigKeys (ConfUtils.java:logGet(46)) - raft.server.log.corruption.policy = EXCEPTION (default)
2024-01-18 21:15:20,105 [om1-impl-thread1] INFO  server.RaftServerConfigKeys (ConfUtils.java:logGet(46)) - raft.server.storage.dir = [/home/runner/work/ozone/ozone/hadoop-ozone/integration-test/target/test-dir/MiniOzoneClusterImpl-df9b5de2-b041-43db-b9a6-571161098f76/ozone-meta/ratis] (custom)
2024-01-18 21:15:20,105 [om1-impl-thread1] INFO  storage.RaftStorageDirectory (RaftStorageDirectoryImpl.java:analyzeStorage(138)) - The storage directory /home/runner/work/ozone/ozone/hadoop-ozone/integration-test/target/test-dir/MiniOzoneClusterImpl-df9b5de2-b041-43db-b9a6-571161098f76/ozone-meta/ratis/bf265839-605b-3f16-9796-c5ba1605619e does not exist. Creating ...
2024-01-18 21:15:20,106 [om1-impl-thread1] INFO  storage.RaftStorageDirectory (RaftStorageDirectoryImpl.java:tryLock(228)) - Lock on /home/runner/work/ozone/ozone/hadoop-ozone/integration-test/target/test-dir/MiniOzoneClusterImpl-df9b5de2-b041-43db-b9a6-571161098f76/ozone-meta/ratis/bf265839-605b-3f16-9796-c5ba1605619e/in_use.lock acquired by nodename 70315@fv-az776-647
2024-01-18 21:15:20,107 [om1-impl-thread1] INFO  storage.RaftStorage (RaftStorageImpl.java:format(99)) - Storage directory /home/runner/work/ozone/ozone/hadoop-ozone/integration-test/target/test-dir/MiniOzoneClusterImpl-df9b5de2-b041-43db-b9a6-571161098f76/ozone-meta/ratis/bf265839-605b-3f16-9796-c5ba1605619e has been successfully formatted.
2024-01-18 21:15:20,107 [om1-impl-thread1] WARN  util.FileUtils (LogUtils.java:supplyAndLog(63)) - Failed to Files.newInputStream /home/runner/work/ozone/ozone/hadoop-ozone/integration-test/target/test-dir/MiniOzoneClusterImpl-df9b5de2-b041-43db-b9a6-571161098f76/ozone-meta/ratis/bf265839-605b-3f16-9796-c5ba1605619e/current/raft-meta.conf with options []: java.nio.file.NoSuchFileException: /home/runner/work/ozone/ozone/hadoop-ozone/integration-test/target/test-dir/MiniOzoneClusterImpl-df9b5de2-b041-43db-b9a6-571161098f76/ozone-meta/ratis/bf265839-605b-3f16-9796-c5ba1605619e/current/raft-meta.conf
2024-01-18 21:15:20,107 [om1-impl-thread1] INFO  server.RaftServerConfigKeys (ConfUtils.java:logGet(46)) - raft.server.log.use.memory = false (default)
2024-01-18 21:15:20,107 [om1-impl-thread1] INFO  server.RaftServerConfigKeys (ConfUtils.java:logGet(46)) - raft.server.log.purge.gap = 1000000 (custom)
2024-01-18 21:15:20,107 [om1-impl-thread1] INFO  server.RaftServerConfigKeys (ConfUtils.java:logGet(46)) - raft.server.log.appender.buffer.byte-limit = 4194304 (custom)
2024-01-18 21:15:20,107 [om1-impl-thread1] INFO  server.RaftServerConfigKeys (ConfUtils.java:logGet(46)) - raft.server.log.statemachine.data.read.timeout = 1000ms (default)
2024-01-18 21:15:20,107 [om1-impl-thread1] INFO  server.RaftServerConfigKeys (ConfUtils.java:logGet(46)) - raft.server.log.purge.preservation.log.num = 0 (default)
2024-01-18 21:15:20,108 [om1-impl-thread1] INFO  server.RaftServerConfigKeys (ConfUtils.java:logGet(46)) - raft.server.log.segment.size.max = 4194304 (custom)
2024-01-18 21:15:20,108 [om1-impl-thread1] INFO  server.RaftServerConfigKeys (ConfUtils.java:logGet(46)) - raft.server.log.segment.cache.num.max = 2 (custom)
2024-01-18 21:15:20,108 [om1-impl-thread1] INFO  server.RaftServerConfigKeys (ConfUtils.java:logGet(46)) - raft.server.log.segment.cache.size.max = 200MB (=209715200) (default)
2024-01-18 21:15:20,108 [om1-impl-thread1] INFO  server.RaftServerConfigKeys (ConfUtils.java:logGet(46)) - raft.server.log.appender.buffer.byte-limit = 4194304 (custom)
2024-01-18 21:15:20,108 [om1-impl-thread1] INFO  util.AwaitToRun (AwaitToRun.java:start(81)) - Thread[om1@group-C5BA1605619E-cacheEviction-AwaitToRun,5,main] started
2024-01-18 21:15:20,108 [om1-impl-thread1] INFO  segmented.SegmentedRaftLogWorker (SegmentedRaftLogWorker.java:<init>(182)) - new om1@group-C5BA1605619E-SegmentedRaftLogWorker for RaftStorageImpl:Storage Directory /home/runner/work/ozone/ozone/hadoop-ozone/integration-test/target/test-dir/MiniOzoneClusterImpl-df9b5de2-b041-43db-b9a6-571161098f76/ozone-meta/ratis/bf265839-605b-3f16-9796-c5ba1605619e
2024-01-18 21:15:20,108 [om1-impl-thread1] INFO  server.RaftServerConfigKeys (ConfUtils.java:logGet(46)) - raft.server.log.queue.byte-limit = 64MB (=67108864) (default)
2024-01-18 21:15:20,108 [om1-impl-thread1] INFO  server.RaftServerConfigKeys (ConfUtils.java:logGet(46)) - raft.server.log.queue.element-limit = 4096 (default)
2024-01-18 21:15:20,109 [om1-impl-thread1] INFO  server.RaftServerConfigKeys (ConfUtils.java:logGet(46)) - raft.server.log.segment.size.max = 4194304 (custom)
2024-01-18 21:15:20,109 [om1-impl-thread1] INFO  server.RaftServerConfigKeys (ConfUtils.java:logGet(46)) - raft.server.log.preallocated.size = 4194304 (custom)
2024-01-18 21:15:20,109 [om1-impl-thread1] INFO  server.RaftServerConfigKeys (ConfUtils.java:logGet(46)) - raft.server.log.force.sync.num = 128 (default)
2024-01-18 21:15:20,109 [om1-impl-thread1] INFO  server.RaftServerConfigKeys (ConfUtils.java:logGet(46)) - raft.server.log.statemachine.data.sync = true (default)
2024-01-18 21:15:20,109 [om1-impl-thread1] INFO  server.RaftServerConfigKeys (ConfUtils.java:logGet(46)) - raft.server.log.statemachine.data.sync.timeout = 10s (default)
2024-01-18 21:15:20,109 [om1-impl-thread1] INFO  server.RaftServerConfigKeys (ConfUtils.java:logGet(46)) - raft.server.log.statemachine.data.sync.timeout.retry = -1 (default)
2024-01-18 21:15:20,109 [om1-impl-thread1] INFO  server.RaftServerConfigKeys (ConfUtils.java:logGet(46)) - raft.server.log.write.buffer.size = 4194312 (custom)
2024-01-18 21:15:20,110 [om1-impl-thread1] INFO  server.RaftServerConfigKeys (ConfUtils.java:logGet(46)) - raft.server.log.appender.buffer.byte-limit = 4194304 (custom)
2024-01-18 21:15:20,110 [om1-impl-thread1] INFO  server.RaftServerConfigKeys (ConfUtils.java:logGet(46)) - raft.server.log.unsafe-flush.enabled = false (default)
2024-01-18 21:15:20,110 [om1-impl-thread1] INFO  server.RaftServerConfigKeys (ConfUtils.java:logGet(46)) - raft.server.log.async-flush.enabled = false (default)
2024-01-18 21:15:20,110 [om1-impl-thread1] INFO  server.RaftServerConfigKeys (ConfUtils.java:logGet(46)) - raft.server.log.statemachine.data.caching.enabled = false (default)
2024-01-18 21:15:20,110 [om1-impl-thread1] INFO  segmented.SegmentedRaftLogWorker (SegmentedRaftLogWorker.java:lambda$new$0(134)) - om1@group-C5BA1605619E-SegmentedRaftLogWorker: flushIndex: setUnconditionally 0 -> -1
2024-01-18 21:15:20,110 [om1-impl-thread1] INFO  segmented.SegmentedRaftLogWorker (SegmentedRaftLogWorker.java:lambda$new$0(134)) - om1@group-C5BA1605619E-SegmentedRaftLogWorker: safeCacheEvictIndex: setUnconditionally 0 -> -1
2024-01-18 21:15:20,110 [om1-impl-thread1] INFO  server.RaftServer$Division (RaftServerImpl.java:start(396)) - om1@group-C5BA1605619E: start as a follower, conf=-1: peers:[om1|localhost:15363]|listeners:[], old=null
2024-01-18 21:15:20,110 [om1-impl-thread1] INFO  server.RaftServer$Division (RaftServerImpl.java:setRole(383)) - om1@group-C5BA1605619E: changes role from      null to FOLLOWER at term 0 for startAsFollower
2024-01-18 21:15:20,110 [om1-impl-thread1] INFO  impl.RoleInfo (RoleInfo.java:updateAndGet(139)) - om1: start om1@group-C5BA1605619E-FollowerState
2024-01-18 21:15:20,110 [om1@group-C5BA1605619E-FollowerState] INFO  server.RaftServerConfigKeys (ConfUtils.java:logFallback(53)) - raft.server.rpc.first-election.timeout.min = 1s (fallback to raft.server.rpc.timeout.min)
2024-01-18 21:15:20,110 [om1-impl-thread1] INFO  util.JmxRegister (JmxRegister.java:tryRegister(44)) - Successfully registered JMX Bean with object name Ratis:service=RaftServer,group=group-C5BA1605619E,id=om1
2024-01-18 21:15:20,110 [om1@group-C5BA1605619E-FollowerState] INFO  server.RaftServerConfigKeys (ConfUtils.java:logFallback(53)) - raft.server.rpc.first-election.timeout.max = 1200ms (fallback to raft.server.rpc.timeout.max)
2024-01-18 21:15:20,110 [om1-impl-thread1] INFO  server.RaftServerConfigKeys (ConfUtils.java:logGet(46)) - raft.server.snapshot.trigger-when-stop.enabled = true (default)
2024-01-18 21:15:20,111 [om1-impl-thread1] INFO  server.RaftServerConfigKeys (ConfUtils.java:logGet(46)) - raft.server.snapshot.auto.trigger.enabled = true (custom)
2024-01-18 21:15:20,111 [om1-impl-thread1] INFO  server.RaftServerConfigKeys (ConfUtils.java:logGet(46)) - raft.server.snapshot.auto.trigger.threshold = 400000 (default)
2024-01-18 21:15:20,111 [om1-impl-thread1] INFO  server.RaftServerConfigKeys (ConfUtils.java:logGet(46)) - raft.server.snapshot.retention.file.num = -1 (default)
2024-01-18 21:15:20,111 [om1-impl-thread1] INFO  server.RaftServerConfigKeys (ConfUtils.java:logGet(46)) - raft.server.log.purge.upto.snapshot.index = true (custom)
2024-01-18 21:15:20,111 [main] INFO  server.RaftServer (RaftServerProxy.java:startImpl(406)) - om1: start RPC server
2024-01-18 21:15:20,112 [main] INFO  server.GrpcService (GrpcService.java:startImpl(302)) - om1: GrpcService started, listening on 15363
2024-01-18 21:15:20,112 [JvmPauseMonitor45] INFO  util.JvmPauseMonitor (JvmPauseMonitor.java:run(146)) - JvmPauseMonitor-om1: Started
2024-01-18 21:15:20,112 [main] INFO  om.OzoneManager (OzoneManager.java:start(1645)) - Version File has different layout version (6) than OM DB (null). That is expected if this OM has never been finalized to a newer layout version.
2024-01-18 21:15:20,115 [main] INFO  http.BaseHttpServer (BaseHttpServer.java:newHttpServer2BuilderForOzone(223)) - Starting Web-server for ozoneManager at: http://0.0.0.0:15361
2024-01-18 21:15:20,115 [main] INFO  http.BaseHttpServer (BaseHttpServer.java:<init>(110)) - Hadoop Security Enabled: false Ozone Security Enabled: false Ozone HTTP Security Enabled: false 
2024-01-18 21:15:20,116 [main] WARN  server.AuthenticationFilter (AuthenticationFilter.java:constructSecretProvider(240)) - Unable to initialize FileSignerSecretProvider, falling back to use random secrets. Reason: Could not read signature secret file: /home/runner/hadoop-http-auth-signature-secret
2024-01-18 21:15:20,116 [main] INFO  http.HttpRequestLog (HttpRequestLog.java:getRequestLog(86)) - Http request log for http.requests.ozoneManager is not defined
2024-01-18 21:15:20,117 [main] INFO  http.HttpServer2 (HttpServer2.java:addGlobalFilter(1036)) - Added global filter 'safety' (class=org.apache.hadoop.hdds.server.http.HttpServer2$QuotingInputFilter)
2024-01-18 21:15:20,118 [main] INFO  http.HttpServer2 (HttpServer2.java:addFilter(1012)) - Added filter static_user_filter (class=org.apache.hadoop.http.lib.StaticUserWebFilter$StaticUserFilter) to context ozoneManager
2024-01-18 21:15:20,118 [main] INFO  http.HttpServer2 (HttpServer2.java:addFilter(1020)) - Added filter static_user_filter (class=org.apache.hadoop.http.lib.StaticUserWebFilter$StaticUserFilter) to context logs
2024-01-18 21:15:20,118 [main] INFO  http.HttpServer2 (HttpServer2.java:addFilter(1020)) - Added filter static_user_filter (class=org.apache.hadoop.http.lib.StaticUserWebFilter$StaticUserFilter) to context static
2024-01-18 21:15:20,118 [main] INFO  http.BaseHttpServer (BaseHttpServer.java:<init>(189)) - HTTP server of ozoneManager uses base directory /home/runner/work/ozone/ozone/hadoop-ozone/integration-test/target/test-dir/MiniOzoneClusterImpl-df9b5de2-b041-43db-b9a6-571161098f76/ozone-meta/webserver
2024-01-18 21:15:20,118 [main] INFO  http.HttpServer2 (HttpServer2.java:bindListener(1236)) - Jetty bound to port 15361
2024-01-18 21:15:20,118 [main] INFO  server.Server (Server.java:doStart(375)) - jetty-9.4.53.v20231009; built: 2023-10-09T12:29:09.265Z; git: 27bde00a0b95a1d5bbee0eae7984f891d2d0f8c9; jvm 1.8.0_392-b08
2024-01-18 21:15:20,119 [main] INFO  server.session (DefaultSessionIdManager.java:doStart(334)) - DefaultSessionIdManager workerName=node0
2024-01-18 21:15:20,119 [main] INFO  server.session (DefaultSessionIdManager.java:doStart(339)) - No SessionScavenger set, using defaults
2024-01-18 21:15:20,119 [main] INFO  server.session (HouseKeeper.java:startScavenging(132)) - node0 Scavenging every 600000ms
2024-01-18 21:15:20,120 [main] INFO  handler.ContextHandler (ContextHandler.java:doStart(921)) - Started o.e.j.s.ServletContextHandler@d3e6b8f{logs,/logs,file:///home/runner/work/ozone/ozone/hadoop-ozone/integration-test/target/log,AVAILABLE}
2024-01-18 21:15:20,120 [main] INFO  handler.ContextHandler (ContextHandler.java:doStart(921)) - Started o.e.j.s.ServletContextHandler@c7aac9b{static,/static,file:///home/runner/work/ozone/ozone/hadoop-ozone/integration-test/target/test-classes/webapps/static,AVAILABLE}
2024-01-18 21:15:20,122 [main] INFO  handler.ContextHandler (ContextHandler.java:doStart(921)) - Started o.e.j.w.WebAppContext@2835309d{ozoneManager,/,file:///home/runner/work/ozone/ozone/hadoop-ozone/integration-test/target/test-classes/webapps/ozoneManager/,AVAILABLE}{file:/home/runner/work/ozone/ozone/hadoop-ozone/integration-test/target/test-classes/webapps/ozoneManager}
2024-01-18 21:15:20,123 [main] INFO  server.AbstractConnector (AbstractConnector.java:doStart(333)) - Started ServerConnector@18313b59{HTTP/1.1, (http/1.1)}{0.0.0.0:15361}
2024-01-18 21:15:20,123 [main] INFO  server.Server (Server.java:doStart(415)) - Started @131370ms
2024-01-18 21:15:20,123 [main] WARN  impl.MetricsSystemImpl (MetricsSystemImpl.java:register(279)) - Sink prometheus already exists!
2024-01-18 21:15:20,124 [main] INFO  http.BaseHttpServer (BaseHttpServer.java:updateConnectorAddress(354)) - HTTP server of ozoneManager listening at http://0.0.0.0:15361
2024-01-18 21:15:20,124 [IPC Server Responder] INFO  ipc.Server (Server.java:run(1562)) - IPC Server Responder: starting
2024-01-18 21:15:20,124 [IPC Server listener on 15360] INFO  ipc.Server (Server.java:run(1402)) - IPC Server listener on 15360: starting
2024-01-18 21:15:20,125 [main] INFO  om.OzoneManager (OzoneManager.java:startTrashEmptier(2094)) - Trash Interval set to 0. Files deleted won't move to trash
2024-01-18 21:15:20,138 [main] WARN  dropwizard3.Dm3MetricRegistriesImpl (Dm3MetricRegistriesImpl.java:addReporterRegistration(113)) - New reporters are added after registries were created. Some metrics will be missing from the reporter. Please add reporter before adding any new registry.
2024-01-18 21:15:20,139 [main] WARN  dropwizard3.Dm3MetricRegistriesImpl (Dm3MetricRegistriesImpl.java:addReporterRegistration(113)) - New reporters are added after registries were created. Some metrics will be missing from the reporter. Please add reporter before adding any new registry.
2024-01-18 21:15:20,139 [main] INFO  impl.MetricsSystemImpl (MetricsSystemImpl.java:init(158)) - HddsDatanode metrics system started (again)
2024-01-18 21:15:20,147 [main] INFO  ozone.HddsDatanodeService (HddsDatanodeService.java:start(239)) - HddsDatanodeService host:fv-az776-647.gib5dkvrjkgedmzi5ptrevqpbg.bx.internal.cloudapp.net ip:10.1.0.44
2024-01-18 21:15:20,161 [main] INFO  upgrade.AbstractLayoutVersionManager (AbstractLayoutVersionManager.java:init(83)) - Initializing Layout version manager with metadata layout = HADOOP_PRC_PORTS_IN_DATANODEDETAILS (version = 7), software layout = HADOOP_PRC_PORTS_IN_DATANODEDETAILS (version = 7)
2024-01-18 21:15:20,161 [main] INFO  statemachine.DatanodeStateMachine (DatanodeStateMachine.java:getEndPointTaskThreadPoolSize(299)) - Datanode State Machine Task Thread Pool size 2
2024-01-18 21:15:20,162 [main] INFO  volume.HddsVolume (HddsVolume.java:<init>(125)) - Creating HddsVolume: /home/runner/work/ozone/ozone/hadoop-ozone/integration-test/target/test-dir/MiniOzoneClusterImpl-df9b5de2-b041-43db-b9a6-571161098f76/datanode-0/data-0/containers/hdds of storage type : DISK capacity : 9223372036854775807
2024-01-18 21:15:20,162 [main] INFO  volume.MutableVolumeSet (MutableVolumeSet.java:initializeVolumeSet(173)) - Added Volume : /home/runner/work/ozone/ozone/hadoop-ozone/integration-test/target/test-dir/MiniOzoneClusterImpl-df9b5de2-b041-43db-b9a6-571161098f76/datanode-0/data-0/containers/hdds to VolumeSet
2024-01-18 21:15:20,163 [main] INFO  volume.MutableVolumeSet (MutableVolumeSet.java:initializeVolumeSet(173)) - Added Volume : /home/runner/work/ozone/ozone/hadoop-ozone/integration-test/target/test-dir/MiniOzoneClusterImpl-df9b5de2-b041-43db-b9a6-571161098f76/datanode-0/data/ratis to VolumeSet
2024-01-18 21:15:20,163 [main] INFO  ozoneimpl.OzoneContainer (HddsVolumeUtil.java:loadAllHddsVolumeDbStore(103)) - Load 1 volumes DbStore cost: 0ms
2024-01-18 21:15:20,163 [50b158ec-4e8f-4837-b5f0-9c37661490ab-ContainerReader-0] INFO  ozoneimpl.ContainerReader (ContainerReader.java:readVolume(178)) - Finish verifying containers on volume /home/runner/work/ozone/ozone/hadoop-ozone/integration-test/target/test-dir/MiniOzoneClusterImpl-df9b5de2-b041-43db-b9a6-571161098f76/datanode-0/data-0/containers/hdds
2024-01-18 21:15:20,163 [main] INFO  ozoneimpl.OzoneContainer (OzoneContainer.java:buildContainerSet(328)) - Build ContainerSet costs 0s
2024-01-18 21:15:20,165 [main] INFO  server.RaftServer (ConfUtils.java:logGet(46)) - raft.rpc.type = GRPC (default)
2024-01-18 21:15:20,165 [main] INFO  grpc.GrpcConfigKeys (ConfUtils.java:logFallback(53)) - raft.grpc.admin.host = null (fallback to raft.grpc.server.host)
2024-01-18 21:15:20,165 [main] INFO  grpc.GrpcConfigKeys (ConfUtils.java:logGet(46)) - raft.grpc.admin.port = 15369 (custom)
2024-01-18 21:15:20,165 [main] INFO  grpc.GrpcConfigKeys (ConfUtils.java:logFallback(53)) - raft.grpc.client.host = null (fallback to raft.grpc.server.host)
2024-01-18 21:15:20,165 [main] INFO  grpc.GrpcConfigKeys (ConfUtils.java:logGet(46)) - raft.grpc.client.port = 15368 (custom)
2024-01-18 21:15:20,165 [main] INFO  grpc.GrpcConfigKeys (ConfUtils.java:logGet(46)) - raft.grpc.server.host = null (default)
2024-01-18 21:15:20,166 [main] INFO  grpc.GrpcConfigKeys (ConfUtils.java:logGet(46)) - raft.grpc.server.port = 15370 (custom)
2024-01-18 21:15:20,166 [main] INFO  server.GrpcService (ConfUtils.java:logGet(46)) - raft.grpc.message.size.max = 32MB (=33554432) (custom)
2024-01-18 21:15:20,166 [main] INFO  server.RaftServerConfigKeys (ConfUtils.java:logGet(46)) - raft.server.log.appender.buffer.byte-limit = 8388608 (custom)
2024-01-18 21:15:20,166 [main] INFO  server.GrpcService (ConfUtils.java:logGet(46)) - raft.grpc.flow.control.window = 5MB (=5242880) (custom)
2024-01-18 21:15:20,166 [main] INFO  server.RaftServerConfigKeys (ConfUtils.java:logGet(46)) - raft.server.rpc.request.timeout = 3000ms (default)
2024-01-18 21:15:20,166 [main] INFO  grpc.GrpcConfigKeys (ConfUtils.java:logGet(46)) - raft.grpc.server.heartbeat.channel = true (default)
2024-01-18 21:15:20,167 [main] INFO  grpc.GrpcConfigKeys (ConfUtils.java:logGet(46)) - raft.grpc.server.async.request.thread.pool.cached = true (default)
2024-01-18 21:15:20,167 [main] INFO  grpc.GrpcConfigKeys (ConfUtils.java:logGet(46)) - raft.grpc.server.async.request.thread.pool.size = 32 (default)
2024-01-18 21:15:20,168 [main] INFO  impl.DataStreamServerImpl (ConfUtils.java:logGet(46)) - raft.datastream.type = NETTY (custom)
2024-01-18 21:15:20,168 [main] INFO  server.RaftServerConfigKeys (ConfUtils.java:logGet(46)) - raft.server.data-stream.async.request.thread.pool.cached = false (default)
2024-01-18 21:15:20,169 [main] INFO  server.RaftServerConfigKeys (ConfUtils.java:logGet(46)) - raft.server.data-stream.async.request.thread.pool.size = 20 (custom)
2024-01-18 21:15:20,169 [main] INFO  server.RaftServerConfigKeys (ConfUtils.java:logGet(46)) - raft.server.data-stream.async.write.thread.pool.size = 16 (default)
2024-01-18 21:15:20,169 [main] INFO  netty.NettyConfigKeys$DataStream (ConfUtils.java:logGet(46)) - raft.netty.dataStream.server.channel.inactive.grace-period = 10min (default)
2024-01-18 21:15:20,169 [main] INFO  server.RaftServerConfigKeys (ConfUtils.java:logGet(46)) - raft.server.data-stream.client.pool.size = 10 (default)
2024-01-18 21:15:20,169 [main] INFO  netty.NettyConfigKeys$DataStream (ConfUtils.java:logGet(46)) - raft.netty.dataStream.server.use-epoll = true (default)
2024-01-18 21:15:20,169 [main] INFO  netty.NettyConfigKeys$DataStream (ConfUtils.java:logGet(46)) - raft.netty.dataStream.server.boss-group.size = 0 (default)
2024-01-18 21:15:20,169 [main] INFO  netty.NettyUtils (NettyUtils.java:newEventLoopGroup(69)) - Create EpollEventLoopGroup for 50b158ec-4e8f-4837-b5f0-9c37661490ab-NettyServerStreamRpc-bossGroup; Thread size is 0.
2024-01-18 21:15:20,169 [main] INFO  netty.NettyConfigKeys$DataStream (ConfUtils.java:logGet(46)) - raft.netty.dataStream.server.worker-group.size = 0 (default)
2024-01-18 21:15:20,170 [main] INFO  netty.NettyUtils (NettyUtils.java:newEventLoopGroup(69)) - Create EpollEventLoopGroup for 50b158ec-4e8f-4837-b5f0-9c37661490ab-NettyServerStreamRpc-workerGroup; Thread size is 0.
2024-01-18 21:15:20,170 [main] INFO  netty.NettyConfigKeys$DataStream (ConfUtils.java:logGet(46)) - raft.netty.dataStream.server.tls.conf = null (default)
2024-01-18 21:15:20,170 [main] INFO  netty.NettyConfigKeys$DataStream (ConfUtils.java:logGet(46)) - raft.netty.dataStream.host = null (default)
2024-01-18 21:15:20,171 [main] INFO  netty.NettyConfigKeys$DataStream (ConfUtils.java:logGet(46)) - raft.netty.dataStream.port = 15371 (custom)
2024-01-18 21:15:20,171 [main] INFO  server.RaftServerConfigKeys (ConfUtils.java:logGet(46)) - raft.server.sleep.deviation.threshold = 300ms (default)
2024-01-18 21:15:20,171 [50b158ec-4e8f-4837-b5f0-9c37661490ab-NettyServerStreamRpc-bossGroup--thread1] INFO  logging.LoggingHandler (AbstractInternalLogger.java:log(148)) - [id: 0x6f2a6177] REGISTERED
2024-01-18 21:15:20,171 [main] INFO  server.RaftServerConfigKeys (ConfUtils.java:logGet(46)) - raft.server.close.threshold = 60s (default)
2024-01-18 21:15:20,171 [main] INFO  server.RaftServerConfigKeys (ConfUtils.java:logGet(46)) - raft.server.leaderelection.leader.step-down.wait-time = 10s (default)
2024-01-18 21:15:20,172 [main] INFO  server.RaftServerConfigKeys (ConfUtils.java:logGet(46)) - raft.server.storage.dir = [/home/runner/work/ozone/ozone/hadoop-ozone/integration-test/target/test-dir/MiniOzoneClusterImpl-df9b5de2-b041-43db-b9a6-571161098f76/datanode-0/data/ratis] (custom)
2024-01-18 21:15:20,172 [main] INFO  server.RaftServerConfigKeys (ConfUtils.java:logGet(46)) - raft.server.threadpool.proxy.cached = true (default)
2024-01-18 21:15:20,172 [main] INFO  server.RaftServerConfigKeys (ConfUtils.java:logGet(46)) - raft.server.threadpool.proxy.size = 0 (default)
2024-01-18 21:15:20,172 [50b158ec-4e8f-4837-b5f0-9c37661490ab-impl-thread1] INFO  server.RaftServer (RaftServerProxy.java:initGroupDir(264)) - 50b158ec-4e8f-4837-b5f0-9c37661490ab: found a subdirectory /home/runner/work/ozone/ozone/hadoop-ozone/integration-test/target/test-dir/MiniOzoneClusterImpl-df9b5de2-b041-43db-b9a6-571161098f76/datanode-0/data/ratis/tmp
2024-01-18 21:15:20,171 [50b158ec-4e8f-4837-b5f0-9c37661490ab-NettyServerStreamRpc-bossGroup--thread1] INFO  logging.LoggingHandler (AbstractInternalLogger.java:log(148)) - [id: 0x6f2a6177] BIND: 0.0.0.0/0.0.0.0:15371
2024-01-18 21:15:20,172 [50b158ec-4e8f-4837-b5f0-9c37661490ab-impl-thread1] INFO  server.RaftServer (RaftServerProxy.java:initGroupDir(269)) - 50b158ec-4e8f-4837-b5f0-9c37661490ab: The directory /home/runner/work/ozone/ozone/hadoop-ozone/integration-test/target/test-dir/MiniOzoneClusterImpl-df9b5de2-b041-43db-b9a6-571161098f76/datanode-0/data/ratis/tmp is not a group directory; ignoring it. 
2024-01-18 21:15:20,172 [50b158ec-4e8f-4837-b5f0-9c37661490ab-NettyServerStreamRpc-bossGroup--thread1] INFO  logging.LoggingHandler (AbstractInternalLogger.java:log(148)) - [id: 0x6f2a6177, L:/0.0.0.0:15371] ACTIVE
2024-01-18 21:15:20,173 [main] INFO  replication.ReplicationServer (ReplicationServer.java:<init>(85)) - Initializing replication server with thread count = 10 queue length = 4096
2024-01-18 21:15:20,173 [main] INFO  server.XceiverServerGrpc (XceiverServerGrpc.java:<init>(141)) - GrpcServer channel type EpollServerSocketChannel
2024-01-18 21:15:20,174 [main] INFO  replication.ReplicationSupervisor (ReplicationSupervisor.java:build(163)) - Initializing replication supervisor with thread count = 10
2024-01-18 21:15:20,175 [main] INFO  replication.ReplicationSupervisor (ReplicationSupervisor.java:nodeStateUpdated(317)) - Node state updated to IN_SERVICE, scaling executor pool size to 10
2024-01-18 21:15:20,176 [main] INFO  http.BaseHttpServer (BaseHttpServer.java:newHttpServer2BuilderForOzone(223)) - Starting Web-server for hddsDatanode at: http://0.0.0.0:15365
2024-01-18 21:15:20,176 [main] INFO  http.BaseHttpServer (BaseHttpServer.java:<init>(110)) - Hadoop Security Enabled: false Ozone Security Enabled: false Ozone HTTP Security Enabled: false 
2024-01-18 21:15:20,177 [main] WARN  server.AuthenticationFilter (AuthenticationFilter.java:constructSecretProvider(240)) - Unable to initialize FileSignerSecretProvider, falling back to use random secrets. Reason: Could not read signature secret file: /home/runner/hadoop-http-auth-signature-secret
2024-01-18 21:15:20,177 [main] INFO  http.HttpRequestLog (HttpRequestLog.java:getRequestLog(86)) - Http request log for http.requests.hddsDatanode is not defined
2024-01-18 21:15:20,178 [main] INFO  http.HttpServer2 (HttpServer2.java:addGlobalFilter(1036)) - Added global filter 'safety' (class=org.apache.hadoop.hdds.server.http.HttpServer2$QuotingInputFilter)
2024-01-18 21:15:20,178 [main] INFO  http.HttpServer2 (HttpServer2.java:addFilter(1012)) - Added filter static_user_filter (class=org.apache.hadoop.http.lib.StaticUserWebFilter$StaticUserFilter) to context hddsDatanode
2024-01-18 21:15:20,178 [main] INFO  http.HttpServer2 (HttpServer2.java:addFilter(1020)) - Added filter static_user_filter (class=org.apache.hadoop.http.lib.StaticUserWebFilter$StaticUserFilter) to context static
2024-01-18 21:15:20,179 [main] INFO  http.HttpServer2 (HttpServer2.java:addFilter(1020)) - Added filter static_user_filter (class=org.apache.hadoop.http.lib.StaticUserWebFilter$StaticUserFilter) to context logs
2024-01-18 21:15:20,179 [main] INFO  http.BaseHttpServer (BaseHttpServer.java:<init>(189)) - HTTP server of hddsDatanode uses base directory /home/runner/work/ozone/ozone/hadoop-ozone/integration-test/target/test-dir/MiniOzoneClusterImpl-df9b5de2-b041-43db-b9a6-571161098f76/datanode-0/meta/webserver
2024-01-18 21:15:20,179 [main] INFO  http.HttpServer2 (HttpServer2.java:bindListener(1236)) - Jetty bound to port 15365
2024-01-18 21:15:20,179 [main] INFO  server.Server (Server.java:doStart(375)) - jetty-9.4.53.v20231009; built: 2023-10-09T12:29:09.265Z; git: 27bde00a0b95a1d5bbee0eae7984f891d2d0f8c9; jvm 1.8.0_392-b08
2024-01-18 21:15:20,180 [main] INFO  server.session (DefaultSessionIdManager.java:doStart(334)) - DefaultSessionIdManager workerName=node0
2024-01-18 21:15:20,180 [main] INFO  server.session (DefaultSessionIdManager.java:doStart(339)) - No SessionScavenger set, using defaults
2024-01-18 21:15:20,180 [main] INFO  server.session (HouseKeeper.java:startScavenging(132)) - node0 Scavenging every 660000ms
2024-01-18 21:15:20,181 [main] INFO  handler.ContextHandler (ContextHandler.java:doStart(921)) - Started o.e.j.s.ServletContextHandler@26099db7{logs,/logs,file:///home/runner/work/ozone/ozone/hadoop-ozone/integration-test/target/log,AVAILABLE}
2024-01-18 21:15:20,181 [main] INFO  handler.ContextHandler (ContextHandler.java:doStart(921)) - Started o.e.j.s.ServletContextHandler@34f267d0{static,/static,jar:file:/home/runner/.m2/repository/org/apache/ozone/hdds-container-service/1.5.0-SNAPSHOT/hdds-container-service-1.5.0-SNAPSHOT.jar!/webapps/static,AVAILABLE}
2024-01-18 21:15:20,212 [main] INFO  handler.ContextHandler (ContextHandler.java:doStart(921)) - Started o.e.j.w.WebAppContext@559ce43f{hddsDatanode,/,file:///home/runner/work/ozone/ozone/hadoop-ozone/integration-test/target/test-dir/MiniOzoneClusterImpl-df9b5de2-b041-43db-b9a6-571161098f76/datanode-0/meta/webserver/jetty-0_0_0_0-15365-hdds-container-service-1_5_0-SNAPSHOT_jar-_-any-2507924158431428817/webapp/,AVAILABLE}{jar:file:/home/runner/.m2/repository/org/apache/ozone/hdds-container-service/1.5.0-SNAPSHOT/hdds-container-service-1.5.0-SNAPSHOT.jar!/webapps/hddsDatanode}
2024-01-18 21:15:20,214 [main] INFO  server.AbstractConnector (AbstractConnector.java:doStart(333)) - Started ServerConnector@4abc2719{HTTP/1.1, (http/1.1)}{0.0.0.0:15365}
2024-01-18 21:15:20,214 [main] INFO  server.Server (Server.java:doStart(415)) - Started @131460ms
2024-01-18 21:15:20,214 [main] WARN  impl.MetricsSystemImpl (MetricsSystemImpl.java:register(279)) - Sink prometheus already exists!
2024-01-18 21:15:20,214 [main] INFO  http.BaseHttpServer (BaseHttpServer.java:updateConnectorAddress(354)) - HTTP server of hddsDatanode listening at http://0.0.0.0:15365
2024-01-18 21:15:20,214 [main] INFO  ipc.CallQueueManager (CallQueueManager.java:<init>(90)) - Using callQueue: class java.util.concurrent.LinkedBlockingQueue, queueCapacity: 100, scheduler: class org.apache.hadoop.ipc.DefaultRpcScheduler, ipcBackoff: false.
2024-01-18 21:15:20,215 [main] INFO  ipc.Server (Server.java:<init>(1287)) - Listener at 0.0.0.0:15366
2024-01-18 21:15:20,215 [Socket Reader #1 for port 15366] INFO  ipc.Server (Server.java:run(1323)) - Starting Socket Reader #1 for port 15366
2024-01-18 21:15:20,216 [main] INFO  ozone.HddsDatanodeService (HddsDatanodeService.java:start(324)) - Datanode start with admins: [runner]
2024-01-18 21:15:20,216 [main] INFO  ozone.HddsDatanodeClientProtocolServer (HddsDatanodeClientProtocolServer.java:start(72)) - RPC server for Client /0.0.0.0:15366
2024-01-18 21:15:20,217 [IPC Server Responder] INFO  ipc.Server (Server.java:run(1562)) - IPC Server Responder: starting
2024-01-18 21:15:20,217 [IPC Server listener on 15366] INFO  ipc.Server (Server.java:run(1402)) - IPC Server listener on 15366: starting
2024-01-18 21:15:20,218 [50b158ec-4e8f-4837-b5f0-9c37661490ab-DatanodeStateMachineDaemonThread] INFO  statemachine.DatanodeStateMachine (DatanodeStateMachine.java:lambda$startDaemon$1(555)) - Ozone container server started.
2024-01-18 21:15:20,218 [main] WARN  dropwizard3.Dm3MetricRegistriesImpl (Dm3MetricRegistriesImpl.java:addReporterRegistration(113)) - New reporters are added after registries were created. Some metrics will be missing from the reporter. Please add reporter before adding any new registry.
2024-01-18 21:15:20,219 [main] WARN  dropwizard3.Dm3MetricRegistriesImpl (Dm3MetricRegistriesImpl.java:addReporterRegistration(113)) - New reporters are added after registries were created. Some metrics will be missing from the reporter. Please add reporter before adding any new registry.
2024-01-18 21:15:20,219 [main] INFO  impl.MetricsSystemImpl (MetricsSystemImpl.java:init(158)) - HddsDatanode metrics system started (again)
2024-01-18 21:15:20,222 [50b158ec-4e8f-4837-b5f0-9c37661490ab-DatanodeStateMachineTaskThread-0] INFO  datanode.InitDatanodeState (InitDatanodeState.java:persistContainerDatanodeDetails(139)) - DatanodeDetails is persisted to /home/runner/work/ozone/ozone/hadoop-ozone/integration-test/target/test-dir/MiniOzoneClusterImpl-df9b5de2-b041-43db-b9a6-571161098f76/datanode-0/meta/datanode.id
2024-01-18 21:15:20,227 [main] INFO  ozone.HddsDatanodeService (HddsDatanodeService.java:start(239)) - HddsDatanodeService host:fv-az776-647.gib5dkvrjkgedmzi5ptrevqpbg.bx.internal.cloudapp.net ip:10.1.0.44
2024-01-18 21:15:20,241 [main] INFO  upgrade.AbstractLayoutVersionManager (AbstractLayoutVersionManager.java:init(83)) - Initializing Layout version manager with metadata layout = HADOOP_PRC_PORTS_IN_DATANODEDETAILS (version = 7), software layout = HADOOP_PRC_PORTS_IN_DATANODEDETAILS (version = 7)
2024-01-18 21:15:20,241 [main] INFO  statemachine.DatanodeStateMachine (DatanodeStateMachine.java:getEndPointTaskThreadPoolSize(299)) - Datanode State Machine Task Thread Pool size 2
2024-01-18 21:15:20,242 [main] INFO  volume.HddsVolume (HddsVolume.java:<init>(125)) - Creating HddsVolume: /home/runner/work/ozone/ozone/hadoop-ozone/integration-test/target/test-dir/MiniOzoneClusterImpl-df9b5de2-b041-43db-b9a6-571161098f76/datanode-1/data-0/containers/hdds of storage type : DISK capacity : 9223372036854775807
2024-01-18 21:15:20,242 [main] INFO  volume.MutableVolumeSet (MutableVolumeSet.java:initializeVolumeSet(173)) - Added Volume : /home/runner/work/ozone/ozone/hadoop-ozone/integration-test/target/test-dir/MiniOzoneClusterImpl-df9b5de2-b041-43db-b9a6-571161098f76/datanode-1/data-0/containers/hdds to VolumeSet
2024-01-18 21:15:20,242 [main] INFO  volume.MutableVolumeSet (MutableVolumeSet.java:initializeVolumeSet(173)) - Added Volume : /home/runner/work/ozone/ozone/hadoop-ozone/integration-test/target/test-dir/MiniOzoneClusterImpl-df9b5de2-b041-43db-b9a6-571161098f76/datanode-1/data/ratis to VolumeSet
2024-01-18 21:15:20,243 [main] INFO  ozoneimpl.OzoneContainer (HddsVolumeUtil.java:loadAllHddsVolumeDbStore(103)) - Load 1 volumes DbStore cost: 0ms
2024-01-18 21:15:20,243 [06a116e4-916e-4670-b681-a534e52e7a54-ContainerReader-0] INFO  ozoneimpl.ContainerReader (ContainerReader.java:readVolume(178)) - Finish verifying containers on volume /home/runner/work/ozone/ozone/hadoop-ozone/integration-test/target/test-dir/MiniOzoneClusterImpl-df9b5de2-b041-43db-b9a6-571161098f76/datanode-1/data-0/containers/hdds
2024-01-18 21:15:20,243 [main] INFO  ozoneimpl.OzoneContainer (OzoneContainer.java:buildContainerSet(328)) - Build ContainerSet costs 0s
2024-01-18 21:15:20,244 [main] INFO  server.RaftServer (ConfUtils.java:logGet(46)) - raft.rpc.type = GRPC (default)
2024-01-18 21:15:20,244 [main] INFO  grpc.GrpcConfigKeys (ConfUtils.java:logFallback(53)) - raft.grpc.admin.host = null (fallback to raft.grpc.server.host)
2024-01-18 21:15:20,244 [main] INFO  grpc.GrpcConfigKeys (ConfUtils.java:logGet(46)) - raft.grpc.admin.port = 15378 (custom)
2024-01-18 21:15:20,245 [main] INFO  grpc.GrpcConfigKeys (ConfUtils.java:logFallback(53)) - raft.grpc.client.host = null (fallback to raft.grpc.server.host)
2024-01-18 21:15:20,245 [main] INFO  grpc.GrpcConfigKeys (ConfUtils.java:logGet(46)) - raft.grpc.client.port = 15377 (custom)
2024-01-18 21:15:20,245 [main] INFO  grpc.GrpcConfigKeys (ConfUtils.java:logGet(46)) - raft.grpc.server.host = null (default)
2024-01-18 21:15:20,245 [main] INFO  grpc.GrpcConfigKeys (ConfUtils.java:logGet(46)) - raft.grpc.server.port = 15379 (custom)
2024-01-18 21:15:20,245 [main] INFO  server.GrpcService (ConfUtils.java:logGet(46)) - raft.grpc.message.size.max = 32MB (=33554432) (custom)
2024-01-18 21:15:20,245 [main] INFO  server.RaftServerConfigKeys (ConfUtils.java:logGet(46)) - raft.server.log.appender.buffer.byte-limit = 8388608 (custom)
2024-01-18 21:15:20,245 [main] INFO  server.GrpcService (ConfUtils.java:logGet(46)) - raft.grpc.flow.control.window = 5MB (=5242880) (custom)
2024-01-18 21:15:20,245 [main] INFO  server.RaftServerConfigKeys (ConfUtils.java:logGet(46)) - raft.server.rpc.request.timeout = 3000ms (default)
2024-01-18 21:15:20,245 [main] INFO  grpc.GrpcConfigKeys (ConfUtils.java:logGet(46)) - raft.grpc.server.heartbeat.channel = true (default)
2024-01-18 21:15:20,245 [main] INFO  grpc.GrpcConfigKeys (ConfUtils.java:logGet(46)) - raft.grpc.server.async.request.thread.pool.cached = true (default)
2024-01-18 21:15:20,246 [main] INFO  grpc.GrpcConfigKeys (ConfUtils.java:logGet(46)) - raft.grpc.server.async.request.thread.pool.size = 32 (default)
2024-01-18 21:15:20,247 [main] INFO  impl.DataStreamServerImpl (ConfUtils.java:logGet(46)) - raft.datastream.type = NETTY (custom)
2024-01-18 21:15:20,247 [main] INFO  server.RaftServerConfigKeys (ConfUtils.java:logGet(46)) - raft.server.data-stream.async.request.thread.pool.cached = false (default)
2024-01-18 21:15:20,247 [main] INFO  server.RaftServerConfigKeys (ConfUtils.java:logGet(46)) - raft.server.data-stream.async.request.thread.pool.size = 20 (custom)
2024-01-18 21:15:20,248 [main] INFO  server.RaftServerConfigKeys (ConfUtils.java:logGet(46)) - raft.server.data-stream.async.write.thread.pool.size = 16 (default)
2024-01-18 21:15:20,248 [main] INFO  netty.NettyConfigKeys$DataStream (ConfUtils.java:logGet(46)) - raft.netty.dataStream.server.channel.inactive.grace-period = 10min (default)
2024-01-18 21:15:20,248 [main] INFO  server.RaftServerConfigKeys (ConfUtils.java:logGet(46)) - raft.server.data-stream.client.pool.size = 10 (default)
2024-01-18 21:15:20,248 [main] INFO  netty.NettyConfigKeys$DataStream (ConfUtils.java:logGet(46)) - raft.netty.dataStream.server.use-epoll = true (default)
2024-01-18 21:15:20,248 [main] INFO  netty.NettyConfigKeys$DataStream (ConfUtils.java:logGet(46)) - raft.netty.dataStream.server.boss-group.size = 0 (default)
2024-01-18 21:15:20,248 [main] INFO  netty.NettyUtils (NettyUtils.java:newEventLoopGroup(69)) - Create EpollEventLoopGroup for 06a116e4-916e-4670-b681-a534e52e7a54-NettyServerStreamRpc-bossGroup; Thread size is 0.
2024-01-18 21:15:20,248 [main] INFO  netty.NettyConfigKeys$DataStream (ConfUtils.java:logGet(46)) - raft.netty.dataStream.server.worker-group.size = 0 (default)
2024-01-18 21:15:20,249 [main] INFO  netty.NettyUtils (NettyUtils.java:newEventLoopGroup(69)) - Create EpollEventLoopGroup for 06a116e4-916e-4670-b681-a534e52e7a54-NettyServerStreamRpc-workerGroup; Thread size is 0.
2024-01-18 21:15:20,249 [main] INFO  netty.NettyConfigKeys$DataStream (ConfUtils.java:logGet(46)) - raft.netty.dataStream.server.tls.conf = null (default)
2024-01-18 21:15:20,249 [main] INFO  netty.NettyConfigKeys$DataStream (ConfUtils.java:logGet(46)) - raft.netty.dataStream.host = null (default)
2024-01-18 21:15:20,249 [main] INFO  netty.NettyConfigKeys$DataStream (ConfUtils.java:logGet(46)) - raft.netty.dataStream.port = 15380 (custom)
2024-01-18 21:15:20,249 [main] INFO  server.RaftServerConfigKeys (ConfUtils.java:logGet(46)) - raft.server.sleep.deviation.threshold = 300ms (default)
2024-01-18 21:15:20,249 [06a116e4-916e-4670-b681-a534e52e7a54-NettyServerStreamRpc-bossGroup--thread1] INFO  logging.LoggingHandler (AbstractInternalLogger.java:log(148)) - [id: 0xcfe64749] REGISTERED
2024-01-18 21:15:20,249 [main] INFO  server.RaftServerConfigKeys (ConfUtils.java:logGet(46)) - raft.server.close.threshold = 60s (default)
2024-01-18 21:15:20,250 [06a116e4-916e-4670-b681-a534e52e7a54-NettyServerStreamRpc-bossGroup--thread1] INFO  logging.LoggingHandler (AbstractInternalLogger.java:log(148)) - [id: 0xcfe64749] BIND: 0.0.0.0/0.0.0.0:15380
2024-01-18 21:15:20,250 [main] INFO  server.RaftServerConfigKeys (ConfUtils.java:logGet(46)) - raft.server.leaderelection.leader.step-down.wait-time = 10s (default)
2024-01-18 21:15:20,250 [06a116e4-916e-4670-b681-a534e52e7a54-NettyServerStreamRpc-bossGroup--thread1] INFO  logging.LoggingHandler (AbstractInternalLogger.java:log(148)) - [id: 0xcfe64749, L:/0.0.0.0:15380] ACTIVE
2024-01-18 21:15:20,250 [main] INFO  server.RaftServerConfigKeys (ConfUtils.java:logGet(46)) - raft.server.storage.dir = [/home/runner/work/ozone/ozone/hadoop-ozone/integration-test/target/test-dir/MiniOzoneClusterImpl-df9b5de2-b041-43db-b9a6-571161098f76/datanode-1/data/ratis] (custom)
2024-01-18 21:15:20,250 [main] INFO  server.RaftServerConfigKeys (ConfUtils.java:logGet(46)) - raft.server.threadpool.proxy.cached = true (default)
2024-01-18 21:15:20,250 [main] INFO  server.RaftServerConfigKeys (ConfUtils.java:logGet(46)) - raft.server.threadpool.proxy.size = 0 (default)
2024-01-18 21:15:20,250 [06a116e4-916e-4670-b681-a534e52e7a54-impl-thread1] INFO  server.RaftServer (RaftServerProxy.java:initGroupDir(264)) - 06a116e4-916e-4670-b681-a534e52e7a54: found a subdirectory /home/runner/work/ozone/ozone/hadoop-ozone/integration-test/target/test-dir/MiniOzoneClusterImpl-df9b5de2-b041-43db-b9a6-571161098f76/datanode-1/data/ratis/tmp
2024-01-18 21:15:20,251 [06a116e4-916e-4670-b681-a534e52e7a54-impl-thread1] INFO  server.RaftServer (RaftServerProxy.java:initGroupDir(269)) - 06a116e4-916e-4670-b681-a534e52e7a54: The directory /home/runner/work/ozone/ozone/hadoop-ozone/integration-test/target/test-dir/MiniOzoneClusterImpl-df9b5de2-b041-43db-b9a6-571161098f76/datanode-1/data/ratis/tmp is not a group directory; ignoring it. 
2024-01-18 21:15:20,251 [main] INFO  replication.ReplicationServer (ReplicationServer.java:<init>(85)) - Initializing replication server with thread count = 10 queue length = 4096
2024-01-18 21:15:20,251 [main] INFO  server.XceiverServerGrpc (XceiverServerGrpc.java:<init>(141)) - GrpcServer channel type EpollServerSocketChannel
2024-01-18 21:15:20,252 [main] INFO  replication.ReplicationSupervisor (ReplicationSupervisor.java:build(163)) - Initializing replication supervisor with thread count = 10
2024-01-18 21:15:20,252 [main] INFO  replication.ReplicationSupervisor (ReplicationSupervisor.java:nodeStateUpdated(317)) - Node state updated to IN_SERVICE, scaling executor pool size to 10
2024-01-18 21:15:20,254 [main] INFO  http.BaseHttpServer (BaseHttpServer.java:newHttpServer2BuilderForOzone(223)) - Starting Web-server for hddsDatanode at: http://0.0.0.0:15374
2024-01-18 21:15:20,254 [main] INFO  http.BaseHttpServer (BaseHttpServer.java:<init>(110)) - Hadoop Security Enabled: false Ozone Security Enabled: false Ozone HTTP Security Enabled: false 
2024-01-18 21:15:20,254 [main] WARN  server.AuthenticationFilter (AuthenticationFilter.java:constructSecretProvider(240)) - Unable to initialize FileSignerSecretProvider, falling back to use random secrets. Reason: Could not read signature secret file: /home/runner/hadoop-http-auth-signature-secret
2024-01-18 21:15:20,255 [main] INFO  http.HttpRequestLog (HttpRequestLog.java:getRequestLog(86)) - Http request log for http.requests.hddsDatanode is not defined
2024-01-18 21:15:20,255 [main] INFO  http.HttpServer2 (HttpServer2.java:addGlobalFilter(1036)) - Added global filter 'safety' (class=org.apache.hadoop.hdds.server.http.HttpServer2$QuotingInputFilter)
2024-01-18 21:15:20,256 [main] INFO  http.HttpServer2 (HttpServer2.java:addFilter(1012)) - Added filter static_user_filter (class=org.apache.hadoop.http.lib.StaticUserWebFilter$StaticUserFilter) to context hddsDatanode
2024-01-18 21:15:20,256 [main] INFO  http.HttpServer2 (HttpServer2.java:addFilter(1020)) - Added filter static_user_filter (class=org.apache.hadoop.http.lib.StaticUserWebFilter$StaticUserFilter) to context static
2024-01-18 21:15:20,256 [main] INFO  http.HttpServer2 (HttpServer2.java:addFilter(1020)) - Added filter static_user_filter (class=org.apache.hadoop.http.lib.StaticUserWebFilter$StaticUserFilter) to context logs
2024-01-18 21:15:20,256 [main] INFO  http.BaseHttpServer (BaseHttpServer.java:<init>(189)) - HTTP server of hddsDatanode uses base directory /home/runner/work/ozone/ozone/hadoop-ozone/integration-test/target/test-dir/MiniOzoneClusterImpl-df9b5de2-b041-43db-b9a6-571161098f76/datanode-1/meta/webserver
2024-01-18 21:15:20,256 [main] INFO  http.HttpServer2 (HttpServer2.java:bindListener(1236)) - Jetty bound to port 15374
2024-01-18 21:15:20,256 [main] INFO  server.Server (Server.java:doStart(375)) - jetty-9.4.53.v20231009; built: 2023-10-09T12:29:09.265Z; git: 27bde00a0b95a1d5bbee0eae7984f891d2d0f8c9; jvm 1.8.0_392-b08
2024-01-18 21:15:20,257 [main] INFO  server.session (DefaultSessionIdManager.java:doStart(334)) - DefaultSessionIdManager workerName=node0
2024-01-18 21:15:20,257 [main] INFO  server.session (DefaultSessionIdManager.java:doStart(339)) - No SessionScavenger set, using defaults
2024-01-18 21:15:20,258 [main] INFO  server.session (HouseKeeper.java:startScavenging(132)) - node0 Scavenging every 660000ms
2024-01-18 21:15:20,258 [main] INFO  handler.ContextHandler (ContextHandler.java:doStart(921)) - Started o.e.j.s.ServletContextHandler@49a7abbb{logs,/logs,file:///home/runner/work/ozone/ozone/hadoop-ozone/integration-test/target/log,AVAILABLE}
2024-01-18 21:15:20,258 [main] INFO  handler.ContextHandler (ContextHandler.java:doStart(921)) - Started o.e.j.s.ServletContextHandler@39119c7a{static,/static,jar:file:/home/runner/.m2/repository/org/apache/ozone/hdds-container-service/1.5.0-SNAPSHOT/hdds-container-service-1.5.0-SNAPSHOT.jar!/webapps/static,AVAILABLE}
2024-01-18 21:15:20,289 [main] INFO  handler.ContextHandler (ContextHandler.java:doStart(921)) - Started o.e.j.w.WebAppContext@24406bdd{hddsDatanode,/,file:///home/runner/work/ozone/ozone/hadoop-ozone/integration-test/target/test-dir/MiniOzoneClusterImpl-df9b5de2-b041-43db-b9a6-571161098f76/datanode-1/meta/webserver/jetty-0_0_0_0-15374-hdds-container-service-1_5_0-SNAPSHOT_jar-_-any-3411624804943408088/webapp/,AVAILABLE}{jar:file:/home/runner/.m2/repository/org/apache/ozone/hdds-container-service/1.5.0-SNAPSHOT/hdds-container-service-1.5.0-SNAPSHOT.jar!/webapps/hddsDatanode}
2024-01-18 21:15:20,291 [main] INFO  server.AbstractConnector (AbstractConnector.java:doStart(333)) - Started ServerConnector@ac8f75d{HTTP/1.1, (http/1.1)}{0.0.0.0:15374}
2024-01-18 21:15:20,291 [main] INFO  server.Server (Server.java:doStart(415)) - Started @131537ms
2024-01-18 21:15:20,291 [main] WARN  impl.MetricsSystemImpl (MetricsSystemImpl.java:register(279)) - Sink prometheus already exists!
2024-01-18 21:15:20,292 [main] INFO  http.BaseHttpServer (BaseHttpServer.java:updateConnectorAddress(354)) - HTTP server of hddsDatanode listening at http://0.0.0.0:15374
2024-01-18 21:15:20,292 [main] INFO  ipc.CallQueueManager (CallQueueManager.java:<init>(90)) - Using callQueue: class java.util.concurrent.LinkedBlockingQueue, queueCapacity: 100, scheduler: class org.apache.hadoop.ipc.DefaultRpcScheduler, ipcBackoff: false.
2024-01-18 21:15:20,292 [main] INFO  ipc.Server (Server.java:<init>(1287)) - Listener at 0.0.0.0:15375
2024-01-18 21:15:20,292 [Socket Reader #1 for port 15375] INFO  ipc.Server (Server.java:run(1323)) - Starting Socket Reader #1 for port 15375
2024-01-18 21:15:20,297 [main] INFO  ozone.HddsDatanodeService (HddsDatanodeService.java:start(324)) - Datanode start with admins: [runner]
2024-01-18 21:15:20,297 [main] INFO  ozone.HddsDatanodeClientProtocolServer (HddsDatanodeClientProtocolServer.java:start(72)) - RPC server for Client /0.0.0.0:15375
2024-01-18 21:15:20,297 [IPC Server Responder] INFO  ipc.Server (Server.java:run(1562)) - IPC Server Responder: starting
2024-01-18 21:15:20,297 [IPC Server listener on 15375] INFO  ipc.Server (Server.java:run(1402)) - IPC Server listener on 15375: starting
2024-01-18 21:15:20,298 [06a116e4-916e-4670-b681-a534e52e7a54-DatanodeStateMachineDaemonThread] INFO  statemachine.DatanodeStateMachine (DatanodeStateMachine.java:lambda$startDaemon$1(555)) - Ozone container server started.
2024-01-18 21:15:20,298 [main] WARN  dropwizard3.Dm3MetricRegistriesImpl (Dm3MetricRegistriesImpl.java:addReporterRegistration(113)) - New reporters are added after registries were created. Some metrics will be missing from the reporter. Please add reporter before adding any new registry.
2024-01-18 21:15:20,299 [main] WARN  dropwizard3.Dm3MetricRegistriesImpl (Dm3MetricRegistriesImpl.java:addReporterRegistration(113)) - New reporters are added after registries were created. Some metrics will be missing from the reporter. Please add reporter before adding any new registry.
2024-01-18 21:15:20,299 [main] INFO  impl.MetricsSystemImpl (MetricsSystemImpl.java:init(158)) - HddsDatanode metrics system started (again)
2024-01-18 21:15:20,301 [06a116e4-916e-4670-b681-a534e52e7a54-DatanodeStateMachineTaskThread-0] INFO  datanode.InitDatanodeState (InitDatanodeState.java:persistContainerDatanodeDetails(139)) - DatanodeDetails is persisted to /home/runner/work/ozone/ozone/hadoop-ozone/integration-test/target/test-dir/MiniOzoneClusterImpl-df9b5de2-b041-43db-b9a6-571161098f76/datanode-1/meta/datanode.id
2024-01-18 21:15:20,308 [main] INFO  ozone.HddsDatanodeService (HddsDatanodeService.java:start(239)) - HddsDatanodeService host:fv-az776-647.gib5dkvrjkgedmzi5ptrevqpbg.bx.internal.cloudapp.net ip:10.1.0.44
2024-01-18 21:15:20,321 [main] INFO  upgrade.AbstractLayoutVersionManager (AbstractLayoutVersionManager.java:init(83)) - Initializing Layout version manager with metadata layout = HADOOP_PRC_PORTS_IN_DATANODEDETAILS (version = 7), software layout = HADOOP_PRC_PORTS_IN_DATANODEDETAILS (version = 7)
2024-01-18 21:15:20,321 [main] INFO  statemachine.DatanodeStateMachine (DatanodeStateMachine.java:getEndPointTaskThreadPoolSize(299)) - Datanode State Machine Task Thread Pool size 2
2024-01-18 21:15:20,322 [main] INFO  volume.HddsVolume (HddsVolume.java:<init>(125)) - Creating HddsVolume: /home/runner/work/ozone/ozone/hadoop-ozone/integration-test/target/test-dir/MiniOzoneClusterImpl-df9b5de2-b041-43db-b9a6-571161098f76/datanode-2/data-0/containers/hdds of storage type : DISK capacity : 9223372036854775807
2024-01-18 21:15:20,322 [main] INFO  volume.MutableVolumeSet (MutableVolumeSet.java:initializeVolumeSet(173)) - Added Volume : /home/runner/work/ozone/ozone/hadoop-ozone/integration-test/target/test-dir/MiniOzoneClusterImpl-df9b5de2-b041-43db-b9a6-571161098f76/datanode-2/data-0/containers/hdds to VolumeSet
2024-01-18 21:15:20,323 [main] INFO  volume.MutableVolumeSet (MutableVolumeSet.java:initializeVolumeSet(173)) - Added Volume : /home/runner/work/ozone/ozone/hadoop-ozone/integration-test/target/test-dir/MiniOzoneClusterImpl-df9b5de2-b041-43db-b9a6-571161098f76/datanode-2/data/ratis to VolumeSet
2024-01-18 21:15:20,323 [main] INFO  ozoneimpl.OzoneContainer (HddsVolumeUtil.java:loadAllHddsVolumeDbStore(103)) - Load 1 volumes DbStore cost: 0ms
2024-01-18 21:15:20,324 [22869b9b-ca6a-4da8-a132-9d24bcd1149d-ContainerReader-0] INFO  ozoneimpl.ContainerReader (ContainerReader.java:readVolume(178)) - Finish verifying containers on volume /home/runner/work/ozone/ozone/hadoop-ozone/integration-test/target/test-dir/MiniOzoneClusterImpl-df9b5de2-b041-43db-b9a6-571161098f76/datanode-2/data-0/containers/hdds
2024-01-18 21:15:20,324 [main] INFO  ozoneimpl.OzoneContainer (OzoneContainer.java:buildContainerSet(328)) - Build ContainerSet costs 0s
2024-01-18 21:15:20,325 [main] INFO  server.RaftServer (ConfUtils.java:logGet(46)) - raft.rpc.type = GRPC (default)
2024-01-18 21:15:20,325 [main] INFO  grpc.GrpcConfigKeys (ConfUtils.java:logFallback(53)) - raft.grpc.admin.host = null (fallback to raft.grpc.server.host)
2024-01-18 21:15:20,325 [main] INFO  grpc.GrpcConfigKeys (ConfUtils.java:logGet(46)) - raft.grpc.admin.port = 15387 (custom)
2024-01-18 21:15:20,326 [main] INFO  grpc.GrpcConfigKeys (ConfUtils.java:logFallback(53)) - raft.grpc.client.host = null (fallback to raft.grpc.server.host)
2024-01-18 21:15:20,326 [main] INFO  grpc.GrpcConfigKeys (ConfUtils.java:logGet(46)) - raft.grpc.client.port = 15386 (custom)
2024-01-18 21:15:20,326 [main] INFO  grpc.GrpcConfigKeys (ConfUtils.java:logGet(46)) - raft.grpc.server.host = null (default)
2024-01-18 21:15:20,326 [main] INFO  grpc.GrpcConfigKeys (ConfUtils.java:logGet(46)) - raft.grpc.server.port = 15388 (custom)
2024-01-18 21:15:20,326 [main] INFO  server.GrpcService (ConfUtils.java:logGet(46)) - raft.grpc.message.size.max = 32MB (=33554432) (custom)
2024-01-18 21:15:20,327 [main] INFO  server.RaftServerConfigKeys (ConfUtils.java:logGet(46)) - raft.server.log.appender.buffer.byte-limit = 8388608 (custom)
2024-01-18 21:15:20,327 [main] INFO  server.GrpcService (ConfUtils.java:logGet(46)) - raft.grpc.flow.control.window = 5MB (=5242880) (custom)
2024-01-18 21:15:20,327 [main] INFO  server.RaftServerConfigKeys (ConfUtils.java:logGet(46)) - raft.server.rpc.request.timeout = 3000ms (default)
2024-01-18 21:15:20,327 [main] INFO  grpc.GrpcConfigKeys (ConfUtils.java:logGet(46)) - raft.grpc.server.heartbeat.channel = true (default)
2024-01-18 21:15:20,327 [main] INFO  grpc.GrpcConfigKeys (ConfUtils.java:logGet(46)) - raft.grpc.server.async.request.thread.pool.cached = true (default)
2024-01-18 21:15:20,328 [main] INFO  grpc.GrpcConfigKeys (ConfUtils.java:logGet(46)) - raft.grpc.server.async.request.thread.pool.size = 32 (default)
2024-01-18 21:15:20,329 [main] INFO  impl.DataStreamServerImpl (ConfUtils.java:logGet(46)) - raft.datastream.type = NETTY (custom)
2024-01-18 21:15:20,330 [main] INFO  server.RaftServerConfigKeys (ConfUtils.java:logGet(46)) - raft.server.data-stream.async.request.thread.pool.cached = false (default)
2024-01-18 21:15:20,330 [main] INFO  server.RaftServerConfigKeys (ConfUtils.java:logGet(46)) - raft.server.data-stream.async.request.thread.pool.size = 20 (custom)
2024-01-18 21:15:20,330 [main] INFO  server.RaftServerConfigKeys (ConfUtils.java:logGet(46)) - raft.server.data-stream.async.write.thread.pool.size = 16 (default)
2024-01-18 21:15:20,330 [main] INFO  netty.NettyConfigKeys$DataStream (ConfUtils.java:logGet(46)) - raft.netty.dataStream.server.channel.inactive.grace-period = 10min (default)
2024-01-18 21:15:20,330 [main] INFO  server.RaftServerConfigKeys (ConfUtils.java:logGet(46)) - raft.server.data-stream.client.pool.size = 10 (default)
2024-01-18 21:15:20,331 [main] INFO  netty.NettyConfigKeys$DataStream (ConfUtils.java:logGet(46)) - raft.netty.dataStream.server.use-epoll = true (default)
2024-01-18 21:15:20,331 [main] INFO  netty.NettyConfigKeys$DataStream (ConfUtils.java:logGet(46)) - raft.netty.dataStream.server.boss-group.size = 0 (default)
2024-01-18 21:15:20,331 [main] INFO  netty.NettyUtils (NettyUtils.java:newEventLoopGroup(69)) - Create EpollEventLoopGroup for 22869b9b-ca6a-4da8-a132-9d24bcd1149d-NettyServerStreamRpc-bossGroup; Thread size is 0.
2024-01-18 21:15:20,331 [main] INFO  netty.NettyConfigKeys$DataStream (ConfUtils.java:logGet(46)) - raft.netty.dataStream.server.worker-group.size = 0 (default)
2024-01-18 21:15:20,331 [main] INFO  netty.NettyUtils (NettyUtils.java:newEventLoopGroup(69)) - Create EpollEventLoopGroup for 22869b9b-ca6a-4da8-a132-9d24bcd1149d-NettyServerStreamRpc-workerGroup; Thread size is 0.
2024-01-18 21:15:20,332 [main] INFO  netty.NettyConfigKeys$DataStream (ConfUtils.java:logGet(46)) - raft.netty.dataStream.server.tls.conf = null (default)
2024-01-18 21:15:20,332 [main] INFO  netty.NettyConfigKeys$DataStream (ConfUtils.java:logGet(46)) - raft.netty.dataStream.host = null (default)
2024-01-18 21:15:20,332 [main] INFO  netty.NettyConfigKeys$DataStream (ConfUtils.java:logGet(46)) - raft.netty.dataStream.port = 15389 (custom)
2024-01-18 21:15:20,333 [main] INFO  server.RaftServerConfigKeys (ConfUtils.java:logGet(46)) - raft.server.sleep.deviation.threshold = 300ms (default)
2024-01-18 21:15:20,333 [22869b9b-ca6a-4da8-a132-9d24bcd1149d-NettyServerStreamRpc-bossGroup--thread1] INFO  logging.LoggingHandler (AbstractInternalLogger.java:log(148)) - [id: 0x7542dda7] REGISTERED
2024-01-18 21:15:20,333 [main] INFO  server.RaftServerConfigKeys (ConfUtils.java:logGet(46)) - raft.server.close.threshold = 60s (default)
2024-01-18 21:15:20,333 [22869b9b-ca6a-4da8-a132-9d24bcd1149d-NettyServerStreamRpc-bossGroup--thread1] INFO  logging.LoggingHandler (AbstractInternalLogger.java:log(148)) - [id: 0x7542dda7] BIND: 0.0.0.0/0.0.0.0:15389
2024-01-18 21:15:20,333 [main] INFO  server.RaftServerConfigKeys (ConfUtils.java:logGet(46)) - raft.server.leaderelection.leader.step-down.wait-time = 10s (default)
2024-01-18 21:15:20,333 [22869b9b-ca6a-4da8-a132-9d24bcd1149d-NettyServerStreamRpc-bossGroup--thread1] INFO  logging.LoggingHandler (AbstractInternalLogger.java:log(148)) - [id: 0x7542dda7, L:/0.0.0.0:15389] ACTIVE
2024-01-18 21:15:20,333 [main] INFO  server.RaftServerConfigKeys (ConfUtils.java:logGet(46)) - raft.server.storage.dir = [/home/runner/work/ozone/ozone/hadoop-ozone/integration-test/target/test-dir/MiniOzoneClusterImpl-df9b5de2-b041-43db-b9a6-571161098f76/datanode-2/data/ratis] (custom)
2024-01-18 21:15:20,333 [main] INFO  server.RaftServerConfigKeys (ConfUtils.java:logGet(46)) - raft.server.threadpool.proxy.cached = true (default)
2024-01-18 21:15:20,333 [main] INFO  server.RaftServerConfigKeys (ConfUtils.java:logGet(46)) - raft.server.threadpool.proxy.size = 0 (default)
2024-01-18 21:15:20,334 [22869b9b-ca6a-4da8-a132-9d24bcd1149d-impl-thread1] INFO  server.RaftServer (RaftServerProxy.java:initGroupDir(264)) - 22869b9b-ca6a-4da8-a132-9d24bcd1149d: found a subdirectory /home/runner/work/ozone/ozone/hadoop-ozone/integration-test/target/test-dir/MiniOzoneClusterImpl-df9b5de2-b041-43db-b9a6-571161098f76/datanode-2/data/ratis/tmp
2024-01-18 21:15:20,334 [22869b9b-ca6a-4da8-a132-9d24bcd1149d-impl-thread1] INFO  server.RaftServer (RaftServerProxy.java:initGroupDir(269)) - 22869b9b-ca6a-4da8-a132-9d24bcd1149d: The directory /home/runner/work/ozone/ozone/hadoop-ozone/integration-test/target/test-dir/MiniOzoneClusterImpl-df9b5de2-b041-43db-b9a6-571161098f76/datanode-2/data/ratis/tmp is not a group directory; ignoring it. 
2024-01-18 21:15:20,334 [main] INFO  replication.ReplicationServer (ReplicationServer.java:<init>(85)) - Initializing replication server with thread count = 10 queue length = 4096
2024-01-18 21:15:20,334 [main] INFO  server.XceiverServerGrpc (XceiverServerGrpc.java:<init>(141)) - GrpcServer channel type EpollServerSocketChannel
2024-01-18 21:15:20,335 [main] INFO  replication.ReplicationSupervisor (ReplicationSupervisor.java:build(163)) - Initializing replication supervisor with thread count = 10
2024-01-18 21:15:20,336 [main] INFO  replication.ReplicationSupervisor (ReplicationSupervisor.java:nodeStateUpdated(317)) - Node state updated to IN_SERVICE, scaling executor pool size to 10
2024-01-18 21:15:20,337 [main] INFO  http.BaseHttpServer (BaseHttpServer.java:newHttpServer2BuilderForOzone(223)) - Starting Web-server for hddsDatanode at: http://0.0.0.0:15383
2024-01-18 21:15:20,337 [main] INFO  http.BaseHttpServer (BaseHttpServer.java:<init>(110)) - Hadoop Security Enabled: false Ozone Security Enabled: false Ozone HTTP Security Enabled: false 
2024-01-18 21:15:20,338 [main] WARN  server.AuthenticationFilter (AuthenticationFilter.java:constructSecretProvider(240)) - Unable to initialize FileSignerSecretProvider, falling back to use random secrets. Reason: Could not read signature secret file: /home/runner/hadoop-http-auth-signature-secret
2024-01-18 21:15:20,338 [main] INFO  http.HttpRequestLog (HttpRequestLog.java:getRequestLog(86)) - Http request log for http.requests.hddsDatanode is not defined
2024-01-18 21:15:20,338 [main] INFO  http.HttpServer2 (HttpServer2.java:addGlobalFilter(1036)) - Added global filter 'safety' (class=org.apache.hadoop.hdds.server.http.HttpServer2$QuotingInputFilter)
2024-01-18 21:15:20,339 [main] INFO  http.HttpServer2 (HttpServer2.java:addFilter(1012)) - Added filter static_user_filter (class=org.apache.hadoop.http.lib.StaticUserWebFilter$StaticUserFilter) to context hddsDatanode
2024-01-18 21:15:20,339 [main] INFO  http.HttpServer2 (HttpServer2.java:addFilter(1020)) - Added filter static_user_filter (class=org.apache.hadoop.http.lib.StaticUserWebFilter$StaticUserFilter) to context static
2024-01-18 21:15:20,339 [main] INFO  http.HttpServer2 (HttpServer2.java:addFilter(1020)) - Added filter static_user_filter (class=org.apache.hadoop.http.lib.StaticUserWebFilter$StaticUserFilter) to context logs
2024-01-18 21:15:20,339 [main] INFO  http.BaseHttpServer (BaseHttpServer.java:<init>(189)) - HTTP server of hddsDatanode uses base directory /home/runner/work/ozone/ozone/hadoop-ozone/integration-test/target/test-dir/MiniOzoneClusterImpl-df9b5de2-b041-43db-b9a6-571161098f76/datanode-2/meta/webserver
2024-01-18 21:15:20,340 [main] INFO  http.HttpServer2 (HttpServer2.java:bindListener(1236)) - Jetty bound to port 15383
2024-01-18 21:15:20,340 [main] INFO  server.Server (Server.java:doStart(375)) - jetty-9.4.53.v20231009; built: 2023-10-09T12:29:09.265Z; git: 27bde00a0b95a1d5bbee0eae7984f891d2d0f8c9; jvm 1.8.0_392-b08
2024-01-18 21:15:20,340 [main] INFO  server.session (DefaultSessionIdManager.java:doStart(334)) - DefaultSessionIdManager workerName=node0
2024-01-18 21:15:20,341 [main] INFO  server.session (DefaultSessionIdManager.java:doStart(339)) - No SessionScavenger set, using defaults
2024-01-18 21:15:20,341 [main] INFO  server.session (HouseKeeper.java:startScavenging(132)) - node0 Scavenging every 600000ms
2024-01-18 21:15:20,341 [main] INFO  handler.ContextHandler (ContextHandler.java:doStart(921)) - Started o.e.j.s.ServletContextHandler@3bf910a2{logs,/logs,file:///home/runner/work/ozone/ozone/hadoop-ozone/integration-test/target/log,AVAILABLE}
2024-01-18 21:15:20,341 [main] INFO  handler.ContextHandler (ContextHandler.java:doStart(921)) - Started o.e.j.s.ServletContextHandler@3f6278d4{static,/static,jar:file:/home/runner/.m2/repository/org/apache/ozone/hdds-container-service/1.5.0-SNAPSHOT/hdds-container-service-1.5.0-SNAPSHOT.jar!/webapps/static,AVAILABLE}
2024-01-18 21:15:20,372 [main] INFO  handler.ContextHandler (ContextHandler.java:doStart(921)) - Started o.e.j.w.WebAppContext@47211e93{hddsDatanode,/,file:///home/runner/work/ozone/ozone/hadoop-ozone/integration-test/target/test-dir/MiniOzoneClusterImpl-df9b5de2-b041-43db-b9a6-571161098f76/datanode-2/meta/webserver/jetty-0_0_0_0-15383-hdds-container-service-1_5_0-SNAPSHOT_jar-_-any-8809033398079570495/webapp/,AVAILABLE}{jar:file:/home/runner/.m2/repository/org/apache/ozone/hdds-container-service/1.5.0-SNAPSHOT/hdds-container-service-1.5.0-SNAPSHOT.jar!/webapps/hddsDatanode}
2024-01-18 21:15:20,376 [main] INFO  server.AbstractConnector (AbstractConnector.java:doStart(333)) - Started ServerConnector@6cdcceaf{HTTP/1.1, (http/1.1)}{0.0.0.0:15383}
2024-01-18 21:15:20,376 [main] INFO  server.Server (Server.java:doStart(415)) - Started @131622ms
2024-01-18 21:15:20,376 [main] WARN  impl.MetricsSystemImpl (MetricsSystemImpl.java:register(279)) - Sink prometheus already exists!
2024-01-18 21:15:20,387 [main] INFO  http.BaseHttpServer (BaseHttpServer.java:updateConnectorAddress(354)) - HTTP server of hddsDatanode listening at http://0.0.0.0:15383
2024-01-18 21:15:20,388 [main] INFO  ipc.CallQueueManager (CallQueueManager.java:<init>(90)) - Using callQueue: class java.util.concurrent.LinkedBlockingQueue, queueCapacity: 100, scheduler: class org.apache.hadoop.ipc.DefaultRpcScheduler, ipcBackoff: false.
2024-01-18 21:15:20,388 [main] INFO  ipc.Server (Server.java:<init>(1287)) - Listener at 0.0.0.0:15384
2024-01-18 21:15:20,388 [Socket Reader #1 for port 15384] INFO  ipc.Server (Server.java:run(1323)) - Starting Socket Reader #1 for port 15384
2024-01-18 21:15:20,390 [main] INFO  ozone.HddsDatanodeService (HddsDatanodeService.java:start(324)) - Datanode start with admins: [runner]
2024-01-18 21:15:20,390 [main] INFO  ozone.HddsDatanodeClientProtocolServer (HddsDatanodeClientProtocolServer.java:start(72)) - RPC server for Client /0.0.0.0:15384
2024-01-18 21:15:20,390 [IPC Server Responder] INFO  ipc.Server (Server.java:run(1562)) - IPC Server Responder: starting
2024-01-18 21:15:20,400 [IPC Server listener on 15384] INFO  ipc.Server (Server.java:run(1402)) - IPC Server listener on 15384: starting
2024-01-18 21:15:20,401 [main] WARN  dropwizard3.Dm3MetricRegistriesImpl (Dm3MetricRegistriesImpl.java:addReporterRegistration(113)) - New reporters are added after registries were created. Some metrics will be missing from the reporter. Please add reporter before adding any new registry.
2024-01-18 21:15:20,401 [main] WARN  dropwizard3.Dm3MetricRegistriesImpl (Dm3MetricRegistriesImpl.java:addReporterRegistration(113)) - New reporters are added after registries were created. Some metrics will be missing from the reporter. Please add reporter before adding any new registry.
2024-01-18 21:15:20,401 [main] INFO  impl.MetricsSystemImpl (MetricsSystemImpl.java:init(158)) - HddsDatanode metrics system started (again)
2024-01-18 21:15:20,401 [22869b9b-ca6a-4da8-a132-9d24bcd1149d-DatanodeStateMachineDaemonThread] INFO  statemachine.DatanodeStateMachine (DatanodeStateMachine.java:lambda$startDaemon$1(555)) - Ozone container server started.
2024-01-18 21:15:20,404 [22869b9b-ca6a-4da8-a132-9d24bcd1149d-DatanodeStateMachineTaskThread-0] INFO  datanode.InitDatanodeState (InitDatanodeState.java:persistContainerDatanodeDetails(139)) - DatanodeDetails is persisted to /home/runner/work/ozone/ozone/hadoop-ozone/integration-test/target/test-dir/MiniOzoneClusterImpl-df9b5de2-b041-43db-b9a6-571161098f76/datanode-2/meta/datanode.id
2024-01-18 21:15:20,411 [main] INFO  ozone.HddsDatanodeService (HddsDatanodeService.java:start(239)) - HddsDatanodeService host:fv-az776-647.gib5dkvrjkgedmzi5ptrevqpbg.bx.internal.cloudapp.net ip:10.1.0.44
2024-01-18 21:15:20,425 [main] INFO  upgrade.AbstractLayoutVersionManager (AbstractLayoutVersionManager.java:init(83)) - Initializing Layout version manager with metadata layout = HADOOP_PRC_PORTS_IN_DATANODEDETAILS (version = 7), software layout = HADOOP_PRC_PORTS_IN_DATANODEDETAILS (version = 7)
2024-01-18 21:15:20,426 [main] INFO  statemachine.DatanodeStateMachine (DatanodeStateMachine.java:getEndPointTaskThreadPoolSize(299)) - Datanode State Machine Task Thread Pool size 2
2024-01-18 21:15:20,427 [main] INFO  volume.HddsVolume (HddsVolume.java:<init>(125)) - Creating HddsVolume: /home/runner/work/ozone/ozone/hadoop-ozone/integration-test/target/test-dir/MiniOzoneClusterImpl-df9b5de2-b041-43db-b9a6-571161098f76/datanode-3/data-0/containers/hdds of storage type : DISK capacity : 9223372036854775807
2024-01-18 21:15:20,427 [main] INFO  volume.MutableVolumeSet (MutableVolumeSet.java:initializeVolumeSet(173)) - Added Volume : /home/runner/work/ozone/ozone/hadoop-ozone/integration-test/target/test-dir/MiniOzoneClusterImpl-df9b5de2-b041-43db-b9a6-571161098f76/datanode-3/data-0/containers/hdds to VolumeSet
2024-01-18 21:15:20,427 [main] INFO  volume.MutableVolumeSet (MutableVolumeSet.java:initializeVolumeSet(173)) - Added Volume : /home/runner/work/ozone/ozone/hadoop-ozone/integration-test/target/test-dir/MiniOzoneClusterImpl-df9b5de2-b041-43db-b9a6-571161098f76/datanode-3/data/ratis to VolumeSet
2024-01-18 21:15:20,430 [main] INFO  ozoneimpl.OzoneContainer (HddsVolumeUtil.java:loadAllHddsVolumeDbStore(103)) - Load 1 volumes DbStore cost: 2ms
2024-01-18 21:15:20,431 [2f0c8443-6075-4928-968f-8dc1a7be92bb-ContainerReader-0] INFO  ozoneimpl.ContainerReader (ContainerReader.java:readVolume(178)) - Finish verifying containers on volume /home/runner/work/ozone/ozone/hadoop-ozone/integration-test/target/test-dir/MiniOzoneClusterImpl-df9b5de2-b041-43db-b9a6-571161098f76/datanode-3/data-0/containers/hdds
2024-01-18 21:15:20,431 [main] INFO  ozoneimpl.OzoneContainer (OzoneContainer.java:buildContainerSet(328)) - Build ContainerSet costs 0s
2024-01-18 21:15:20,432 [main] INFO  server.RaftServer (ConfUtils.java:logGet(46)) - raft.rpc.type = GRPC (default)
2024-01-18 21:15:20,432 [main] INFO  grpc.GrpcConfigKeys (ConfUtils.java:logFallback(53)) - raft.grpc.admin.host = null (fallback to raft.grpc.server.host)
2024-01-18 21:15:20,433 [main] INFO  grpc.GrpcConfigKeys (ConfUtils.java:logGet(46)) - raft.grpc.admin.port = 15396 (custom)
2024-01-18 21:15:20,433 [main] INFO  grpc.GrpcConfigKeys (ConfUtils.java:logFallback(53)) - raft.grpc.client.host = null (fallback to raft.grpc.server.host)
2024-01-18 21:15:20,433 [main] INFO  grpc.GrpcConfigKeys (ConfUtils.java:logGet(46)) - raft.grpc.client.port = 15395 (custom)
2024-01-18 21:15:20,433 [main] INFO  grpc.GrpcConfigKeys (ConfUtils.java:logGet(46)) - raft.grpc.server.host = null (default)
2024-01-18 21:15:20,433 [main] INFO  grpc.GrpcConfigKeys (ConfUtils.java:logGet(46)) - raft.grpc.server.port = 15397 (custom)
2024-01-18 21:15:20,433 [main] INFO  server.GrpcService (ConfUtils.java:logGet(46)) - raft.grpc.message.size.max = 32MB (=33554432) (custom)
2024-01-18 21:15:20,433 [main] INFO  server.RaftServerConfigKeys (ConfUtils.java:logGet(46)) - raft.server.log.appender.buffer.byte-limit = 8388608 (custom)
2024-01-18 21:15:20,433 [main] INFO  server.GrpcService (ConfUtils.java:logGet(46)) - raft.grpc.flow.control.window = 5MB (=5242880) (custom)
2024-01-18 21:15:20,433 [main] INFO  server.RaftServerConfigKeys (ConfUtils.java:logGet(46)) - raft.server.rpc.request.timeout = 3000ms (default)
2024-01-18 21:15:20,433 [main] INFO  grpc.GrpcConfigKeys (ConfUtils.java:logGet(46)) - raft.grpc.server.heartbeat.channel = true (default)
2024-01-18 21:15:20,434 [main] INFO  grpc.GrpcConfigKeys (ConfUtils.java:logGet(46)) - raft.grpc.server.async.request.thread.pool.cached = true (default)
2024-01-18 21:15:20,434 [main] INFO  grpc.GrpcConfigKeys (ConfUtils.java:logGet(46)) - raft.grpc.server.async.request.thread.pool.size = 32 (default)
2024-01-18 21:15:20,435 [main] INFO  impl.DataStreamServerImpl (ConfUtils.java:logGet(46)) - raft.datastream.type = NETTY (custom)
2024-01-18 21:15:20,436 [main] INFO  server.RaftServerConfigKeys (ConfUtils.java:logGet(46)) - raft.server.data-stream.async.request.thread.pool.cached = false (default)
2024-01-18 21:15:20,436 [main] INFO  server.RaftServerConfigKeys (ConfUtils.java:logGet(46)) - raft.server.data-stream.async.request.thread.pool.size = 20 (custom)
2024-01-18 21:15:20,436 [main] INFO  server.RaftServerConfigKeys (ConfUtils.java:logGet(46)) - raft.server.data-stream.async.write.thread.pool.size = 16 (default)
2024-01-18 21:15:20,436 [main] INFO  netty.NettyConfigKeys$DataStream (ConfUtils.java:logGet(46)) - raft.netty.dataStream.server.channel.inactive.grace-period = 10min (default)
2024-01-18 21:15:20,436 [main] INFO  server.RaftServerConfigKeys (ConfUtils.java:logGet(46)) - raft.server.data-stream.client.pool.size = 10 (default)
2024-01-18 21:15:20,436 [main] INFO  netty.NettyConfigKeys$DataStream (ConfUtils.java:logGet(46)) - raft.netty.dataStream.server.use-epoll = true (default)
2024-01-18 21:15:20,436 [main] INFO  netty.NettyConfigKeys$DataStream (ConfUtils.java:logGet(46)) - raft.netty.dataStream.server.boss-group.size = 0 (default)
2024-01-18 21:15:20,436 [main] INFO  netty.NettyUtils (NettyUtils.java:newEventLoopGroup(69)) - Create EpollEventLoopGroup for 2f0c8443-6075-4928-968f-8dc1a7be92bb-NettyServerStreamRpc-bossGroup; Thread size is 0.
2024-01-18 21:15:20,437 [main] INFO  netty.NettyConfigKeys$DataStream (ConfUtils.java:logGet(46)) - raft.netty.dataStream.server.worker-group.size = 0 (default)
2024-01-18 21:15:20,437 [main] INFO  netty.NettyUtils (NettyUtils.java:newEventLoopGroup(69)) - Create EpollEventLoopGroup for 2f0c8443-6075-4928-968f-8dc1a7be92bb-NettyServerStreamRpc-workerGroup; Thread size is 0.
2024-01-18 21:15:20,437 [main] INFO  netty.NettyConfigKeys$DataStream (ConfUtils.java:logGet(46)) - raft.netty.dataStream.server.tls.conf = null (default)
2024-01-18 21:15:20,437 [main] INFO  netty.NettyConfigKeys$DataStream (ConfUtils.java:logGet(46)) - raft.netty.dataStream.host = null (default)
2024-01-18 21:15:20,437 [main] INFO  netty.NettyConfigKeys$DataStream (ConfUtils.java:logGet(46)) - raft.netty.dataStream.port = 15398 (custom)
2024-01-18 21:15:20,437 [main] INFO  server.RaftServerConfigKeys (ConfUtils.java:logGet(46)) - raft.server.sleep.deviation.threshold = 300ms (default)
2024-01-18 21:15:20,437 [main] INFO  server.RaftServerConfigKeys (ConfUtils.java:logGet(46)) - raft.server.close.threshold = 60s (default)
2024-01-18 21:15:20,438 [main] INFO  server.RaftServerConfigKeys (ConfUtils.java:logGet(46)) - raft.server.leaderelection.leader.step-down.wait-time = 10s (default)
2024-01-18 21:15:20,437 [2f0c8443-6075-4928-968f-8dc1a7be92bb-NettyServerStreamRpc-bossGroup--thread1] INFO  logging.LoggingHandler (AbstractInternalLogger.java:log(148)) - [id: 0xe69ff205] REGISTERED
2024-01-18 21:15:20,438 [main] INFO  server.RaftServerConfigKeys (ConfUtils.java:logGet(46)) - raft.server.storage.dir = [/home/runner/work/ozone/ozone/hadoop-ozone/integration-test/target/test-dir/MiniOzoneClusterImpl-df9b5de2-b041-43db-b9a6-571161098f76/datanode-3/data/ratis] (custom)
2024-01-18 21:15:20,438 [2f0c8443-6075-4928-968f-8dc1a7be92bb-NettyServerStreamRpc-bossGroup--thread1] INFO  logging.LoggingHandler (AbstractInternalLogger.java:log(148)) - [id: 0xe69ff205] BIND: 0.0.0.0/0.0.0.0:15398
2024-01-18 21:15:20,438 [main] INFO  server.RaftServerConfigKeys (ConfUtils.java:logGet(46)) - raft.server.threadpool.proxy.cached = true (default)
2024-01-18 21:15:20,438 [main] INFO  server.RaftServerConfigKeys (ConfUtils.java:logGet(46)) - raft.server.threadpool.proxy.size = 0 (default)
2024-01-18 21:15:20,438 [2f0c8443-6075-4928-968f-8dc1a7be92bb-NettyServerStreamRpc-bossGroup--thread1] INFO  logging.LoggingHandler (AbstractInternalLogger.java:log(148)) - [id: 0xe69ff205, L:/0.0.0.0:15398] ACTIVE
2024-01-18 21:15:20,438 [2f0c8443-6075-4928-968f-8dc1a7be92bb-impl-thread1] INFO  server.RaftServer (RaftServerProxy.java:initGroupDir(264)) - 2f0c8443-6075-4928-968f-8dc1a7be92bb: found a subdirectory /home/runner/work/ozone/ozone/hadoop-ozone/integration-test/target/test-dir/MiniOzoneClusterImpl-df9b5de2-b041-43db-b9a6-571161098f76/datanode-3/data/ratis/tmp
2024-01-18 21:15:20,438 [2f0c8443-6075-4928-968f-8dc1a7be92bb-impl-thread1] INFO  server.RaftServer (RaftServerProxy.java:initGroupDir(269)) - 2f0c8443-6075-4928-968f-8dc1a7be92bb: The directory /home/runner/work/ozone/ozone/hadoop-ozone/integration-test/target/test-dir/MiniOzoneClusterImpl-df9b5de2-b041-43db-b9a6-571161098f76/datanode-3/data/ratis/tmp is not a group directory; ignoring it. 
2024-01-18 21:15:20,439 [main] INFO  replication.ReplicationServer (ReplicationServer.java:<init>(85)) - Initializing replication server with thread count = 10 queue length = 4096
2024-01-18 21:15:20,439 [main] INFO  server.XceiverServerGrpc (XceiverServerGrpc.java:<init>(141)) - GrpcServer channel type EpollServerSocketChannel
2024-01-18 21:15:20,440 [main] INFO  replication.ReplicationSupervisor (ReplicationSupervisor.java:build(163)) - Initializing replication supervisor with thread count = 10
2024-01-18 21:15:20,440 [main] INFO  replication.ReplicationSupervisor (ReplicationSupervisor.java:nodeStateUpdated(317)) - Node state updated to IN_SERVICE, scaling executor pool size to 10
2024-01-18 21:15:20,441 [main] INFO  http.BaseHttpServer (BaseHttpServer.java:newHttpServer2BuilderForOzone(223)) - Starting Web-server for hddsDatanode at: http://0.0.0.0:15392
2024-01-18 21:15:20,442 [main] INFO  http.BaseHttpServer (BaseHttpServer.java:<init>(110)) - Hadoop Security Enabled: false Ozone Security Enabled: false Ozone HTTP Security Enabled: false 
2024-01-18 21:15:20,442 [main] WARN  server.AuthenticationFilter (AuthenticationFilter.java:constructSecretProvider(240)) - Unable to initialize FileSignerSecretProvider, falling back to use random secrets. Reason: Could not read signature secret file: /home/runner/hadoop-http-auth-signature-secret
2024-01-18 21:15:20,443 [main] INFO  http.HttpRequestLog (HttpRequestLog.java:getRequestLog(86)) - Http request log for http.requests.hddsDatanode is not defined
2024-01-18 21:15:20,443 [main] INFO  http.HttpServer2 (HttpServer2.java:addGlobalFilter(1036)) - Added global filter 'safety' (class=org.apache.hadoop.hdds.server.http.HttpServer2$QuotingInputFilter)
2024-01-18 21:15:20,443 [main] INFO  http.HttpServer2 (HttpServer2.java:addFilter(1012)) - Added filter static_user_filter (class=org.apache.hadoop.http.lib.StaticUserWebFilter$StaticUserFilter) to context hddsDatanode
2024-01-18 21:15:20,444 [main] INFO  http.HttpServer2 (HttpServer2.java:addFilter(1020)) - Added filter static_user_filter (class=org.apache.hadoop.http.lib.StaticUserWebFilter$StaticUserFilter) to context logs
2024-01-18 21:15:20,444 [main] INFO  http.HttpServer2 (HttpServer2.java:addFilter(1020)) - Added filter static_user_filter (class=org.apache.hadoop.http.lib.StaticUserWebFilter$StaticUserFilter) to context static
2024-01-18 21:15:20,444 [main] INFO  http.BaseHttpServer (BaseHttpServer.java:<init>(189)) - HTTP server of hddsDatanode uses base directory /home/runner/work/ozone/ozone/hadoop-ozone/integration-test/target/test-dir/MiniOzoneClusterImpl-df9b5de2-b041-43db-b9a6-571161098f76/datanode-3/meta/webserver
2024-01-18 21:15:20,444 [main] INFO  http.HttpServer2 (HttpServer2.java:bindListener(1236)) - Jetty bound to port 15392
2024-01-18 21:15:20,444 [main] INFO  server.Server (Server.java:doStart(375)) - jetty-9.4.53.v20231009; built: 2023-10-09T12:29:09.265Z; git: 27bde00a0b95a1d5bbee0eae7984f891d2d0f8c9; jvm 1.8.0_392-b08
2024-01-18 21:15:20,445 [main] INFO  server.session (DefaultSessionIdManager.java:doStart(334)) - DefaultSessionIdManager workerName=node0
2024-01-18 21:15:20,445 [main] INFO  server.session (DefaultSessionIdManager.java:doStart(339)) - No SessionScavenger set, using defaults
2024-01-18 21:15:20,445 [main] INFO  server.session (HouseKeeper.java:startScavenging(132)) - node0 Scavenging every 600000ms
2024-01-18 21:15:20,446 [main] INFO  handler.ContextHandler (ContextHandler.java:doStart(921)) - Started o.e.j.s.ServletContextHandler@73fab6e6{logs,/logs,file:///home/runner/work/ozone/ozone/hadoop-ozone/integration-test/target/log,AVAILABLE}
2024-01-18 21:15:20,446 [main] INFO  handler.ContextHandler (ContextHandler.java:doStart(921)) - Started o.e.j.s.ServletContextHandler@9c9fbf4{static,/static,jar:file:/home/runner/.m2/repository/org/apache/ozone/hdds-container-service/1.5.0-SNAPSHOT/hdds-container-service-1.5.0-SNAPSHOT.jar!/webapps/static,AVAILABLE}
2024-01-18 21:15:20,477 [main] INFO  handler.ContextHandler (ContextHandler.java:doStart(921)) - Started o.e.j.w.WebAppContext@773bfc34{hddsDatanode,/,file:///home/runner/work/ozone/ozone/hadoop-ozone/integration-test/target/test-dir/MiniOzoneClusterImpl-df9b5de2-b041-43db-b9a6-571161098f76/datanode-3/meta/webserver/jetty-0_0_0_0-15392-hdds-container-service-1_5_0-SNAPSHOT_jar-_-any-9169731300427083266/webapp/,AVAILABLE}{jar:file:/home/runner/.m2/repository/org/apache/ozone/hdds-container-service/1.5.0-SNAPSHOT/hdds-container-service-1.5.0-SNAPSHOT.jar!/webapps/hddsDatanode}
2024-01-18 21:15:20,478 [main] INFO  server.AbstractConnector (AbstractConnector.java:doStart(333)) - Started ServerConnector@141e2724{HTTP/1.1, (http/1.1)}{0.0.0.0:15392}
2024-01-18 21:15:20,478 [main] INFO  server.Server (Server.java:doStart(415)) - Started @131725ms
2024-01-18 21:15:20,478 [main] WARN  impl.MetricsSystemImpl (MetricsSystemImpl.java:register(279)) - Sink prometheus already exists!
2024-01-18 21:15:20,479 [main] INFO  http.BaseHttpServer (BaseHttpServer.java:updateConnectorAddress(354)) - HTTP server of hddsDatanode listening at http://0.0.0.0:15392
2024-01-18 21:15:20,479 [main] INFO  ipc.CallQueueManager (CallQueueManager.java:<init>(90)) - Using callQueue: class java.util.concurrent.LinkedBlockingQueue, queueCapacity: 100, scheduler: class org.apache.hadoop.ipc.DefaultRpcScheduler, ipcBackoff: false.
2024-01-18 21:15:20,479 [main] INFO  ipc.Server (Server.java:<init>(1287)) - Listener at 0.0.0.0:15393
2024-01-18 21:15:20,479 [Socket Reader #1 for port 15393] INFO  ipc.Server (Server.java:run(1323)) - Starting Socket Reader #1 for port 15393
2024-01-18 21:15:20,482 [main] INFO  ozone.HddsDatanodeService (HddsDatanodeService.java:start(324)) - Datanode start with admins: [runner]
2024-01-18 21:15:20,482 [main] INFO  ozone.HddsDatanodeClientProtocolServer (HddsDatanodeClientProtocolServer.java:start(72)) - RPC server for Client /0.0.0.0:15393
2024-01-18 21:15:20,483 [IPC Server Responder] INFO  ipc.Server (Server.java:run(1562)) - IPC Server Responder: starting
2024-01-18 21:15:20,483 [IPC Server listener on 15393] INFO  ipc.Server (Server.java:run(1402)) - IPC Server listener on 15393: starting
2024-01-18 21:15:20,484 [2f0c8443-6075-4928-968f-8dc1a7be92bb-DatanodeStateMachineDaemonThread] INFO  statemachine.DatanodeStateMachine (DatanodeStateMachine.java:lambda$startDaemon$1(555)) - Ozone container server started.
2024-01-18 21:15:20,484 [main] WARN  dropwizard3.Dm3MetricRegistriesImpl (Dm3MetricRegistriesImpl.java:addReporterRegistration(113)) - New reporters are added after registries were created. Some metrics will be missing from the reporter. Please add reporter before adding any new registry.
2024-01-18 21:15:20,485 [main] WARN  dropwizard3.Dm3MetricRegistriesImpl (Dm3MetricRegistriesImpl.java:addReporterRegistration(113)) - New reporters are added after registries were created. Some metrics will be missing from the reporter. Please add reporter before adding any new registry.
2024-01-18 21:15:20,485 [main] INFO  impl.MetricsSystemImpl (MetricsSystemImpl.java:init(158)) - HddsDatanode metrics system started (again)
2024-01-18 21:15:20,487 [2f0c8443-6075-4928-968f-8dc1a7be92bb-DatanodeStateMachineTaskThread-0] INFO  datanode.InitDatanodeState (InitDatanodeState.java:persistContainerDatanodeDetails(139)) - DatanodeDetails is persisted to /home/runner/work/ozone/ozone/hadoop-ozone/integration-test/target/test-dir/MiniOzoneClusterImpl-df9b5de2-b041-43db-b9a6-571161098f76/datanode-3/meta/datanode.id
2024-01-18 21:15:20,493 [main] INFO  ozone.HddsDatanodeService (HddsDatanodeService.java:start(239)) - HddsDatanodeService host:fv-az776-647.gib5dkvrjkgedmzi5ptrevqpbg.bx.internal.cloudapp.net ip:10.1.0.44
2024-01-18 21:15:20,508 [main] INFO  upgrade.AbstractLayoutVersionManager (AbstractLayoutVersionManager.java:init(83)) - Initializing Layout version manager with metadata layout = HADOOP_PRC_PORTS_IN_DATANODEDETAILS (version = 7), software layout = HADOOP_PRC_PORTS_IN_DATANODEDETAILS (version = 7)
2024-01-18 21:15:20,508 [main] INFO  statemachine.DatanodeStateMachine (DatanodeStateMachine.java:getEndPointTaskThreadPoolSize(299)) - Datanode State Machine Task Thread Pool size 2
2024-01-18 21:15:20,509 [main] INFO  volume.HddsVolume (HddsVolume.java:<init>(125)) - Creating HddsVolume: /home/runner/work/ozone/ozone/hadoop-ozone/integration-test/target/test-dir/MiniOzoneClusterImpl-df9b5de2-b041-43db-b9a6-571161098f76/datanode-4/data-0/containers/hdds of storage type : DISK capacity : 9223372036854775807
2024-01-18 21:15:20,509 [main] INFO  volume.MutableVolumeSet (MutableVolumeSet.java:initializeVolumeSet(173)) - Added Volume : /home/runner/work/ozone/ozone/hadoop-ozone/integration-test/target/test-dir/MiniOzoneClusterImpl-df9b5de2-b041-43db-b9a6-571161098f76/datanode-4/data-0/containers/hdds to VolumeSet
2024-01-18 21:15:20,510 [main] INFO  volume.MutableVolumeSet (MutableVolumeSet.java:initializeVolumeSet(173)) - Added Volume : /home/runner/work/ozone/ozone/hadoop-ozone/integration-test/target/test-dir/MiniOzoneClusterImpl-df9b5de2-b041-43db-b9a6-571161098f76/datanode-4/data/ratis to VolumeSet
2024-01-18 21:15:20,510 [main] INFO  ozoneimpl.OzoneContainer (HddsVolumeUtil.java:loadAllHddsVolumeDbStore(103)) - Load 1 volumes DbStore cost: 0ms
2024-01-18 21:15:20,510 [7adc501f-70c9-4652-b7fc-e7afe3d76740-ContainerReader-0] INFO  ozoneimpl.ContainerReader (ContainerReader.java:readVolume(178)) - Finish verifying containers on volume /home/runner/work/ozone/ozone/hadoop-ozone/integration-test/target/test-dir/MiniOzoneClusterImpl-df9b5de2-b041-43db-b9a6-571161098f76/datanode-4/data-0/containers/hdds
2024-01-18 21:15:20,510 [main] INFO  ozoneimpl.OzoneContainer (OzoneContainer.java:buildContainerSet(328)) - Build ContainerSet costs 0s
2024-01-18 21:15:20,512 [main] INFO  server.RaftServer (ConfUtils.java:logGet(46)) - raft.rpc.type = GRPC (default)
2024-01-18 21:15:20,512 [main] INFO  grpc.GrpcConfigKeys (ConfUtils.java:logFallback(53)) - raft.grpc.admin.host = null (fallback to raft.grpc.server.host)
2024-01-18 21:15:20,513 [main] INFO  grpc.GrpcConfigKeys (ConfUtils.java:logGet(46)) - raft.grpc.admin.port = 15405 (custom)
2024-01-18 21:15:20,513 [main] INFO  grpc.GrpcConfigKeys (ConfUtils.java:logFallback(53)) - raft.grpc.client.host = null (fallback to raft.grpc.server.host)
2024-01-18 21:15:20,513 [main] INFO  grpc.GrpcConfigKeys (ConfUtils.java:logGet(46)) - raft.grpc.client.port = 15404 (custom)
2024-01-18 21:15:20,513 [main] INFO  grpc.GrpcConfigKeys (ConfUtils.java:logGet(46)) - raft.grpc.server.host = null (default)
2024-01-18 21:15:20,513 [main] INFO  grpc.GrpcConfigKeys (ConfUtils.java:logGet(46)) - raft.grpc.server.port = 15406 (custom)
2024-01-18 21:15:20,513 [main] INFO  server.GrpcService (ConfUtils.java:logGet(46)) - raft.grpc.message.size.max = 32MB (=33554432) (custom)
2024-01-18 21:15:20,514 [main] INFO  server.RaftServerConfigKeys (ConfUtils.java:logGet(46)) - raft.server.log.appender.buffer.byte-limit = 8388608 (custom)
2024-01-18 21:15:20,514 [main] INFO  server.GrpcService (ConfUtils.java:logGet(46)) - raft.grpc.flow.control.window = 5MB (=5242880) (custom)
2024-01-18 21:15:20,514 [main] INFO  server.RaftServerConfigKeys (ConfUtils.java:logGet(46)) - raft.server.rpc.request.timeout = 3000ms (default)
2024-01-18 21:15:20,514 [main] INFO  grpc.GrpcConfigKeys (ConfUtils.java:logGet(46)) - raft.grpc.server.heartbeat.channel = true (default)
2024-01-18 21:15:20,514 [main] INFO  grpc.GrpcConfigKeys (ConfUtils.java:logGet(46)) - raft.grpc.server.async.request.thread.pool.cached = true (default)
2024-01-18 21:15:20,514 [main] INFO  grpc.GrpcConfigKeys (ConfUtils.java:logGet(46)) - raft.grpc.server.async.request.thread.pool.size = 32 (default)
2024-01-18 21:15:20,516 [main] INFO  impl.DataStreamServerImpl (ConfUtils.java:logGet(46)) - raft.datastream.type = NETTY (custom)
2024-01-18 21:15:20,516 [main] INFO  server.RaftServerConfigKeys (ConfUtils.java:logGet(46)) - raft.server.data-stream.async.request.thread.pool.cached = false (default)
2024-01-18 21:15:20,516 [main] INFO  server.RaftServerConfigKeys (ConfUtils.java:logGet(46)) - raft.server.data-stream.async.request.thread.pool.size = 20 (custom)
2024-01-18 21:15:20,517 [main] INFO  server.RaftServerConfigKeys (ConfUtils.java:logGet(46)) - raft.server.data-stream.async.write.thread.pool.size = 16 (default)
2024-01-18 21:15:20,517 [main] INFO  netty.NettyConfigKeys$DataStream (ConfUtils.java:logGet(46)) - raft.netty.dataStream.server.channel.inactive.grace-period = 10min (default)
2024-01-18 21:15:20,517 [main] INFO  server.RaftServerConfigKeys (ConfUtils.java:logGet(46)) - raft.server.data-stream.client.pool.size = 10 (default)
2024-01-18 21:15:20,517 [main] INFO  netty.NettyConfigKeys$DataStream (ConfUtils.java:logGet(46)) - raft.netty.dataStream.server.use-epoll = true (default)
2024-01-18 21:15:20,517 [main] INFO  netty.NettyConfigKeys$DataStream (ConfUtils.java:logGet(46)) - raft.netty.dataStream.server.boss-group.size = 0 (default)
2024-01-18 21:15:20,517 [main] INFO  netty.NettyUtils (NettyUtils.java:newEventLoopGroup(69)) - Create EpollEventLoopGroup for 7adc501f-70c9-4652-b7fc-e7afe3d76740-NettyServerStreamRpc-bossGroup; Thread size is 0.
2024-01-18 21:15:20,517 [main] INFO  netty.NettyConfigKeys$DataStream (ConfUtils.java:logGet(46)) - raft.netty.dataStream.server.worker-group.size = 0 (default)
2024-01-18 21:15:20,517 [main] INFO  netty.NettyUtils (NettyUtils.java:newEventLoopGroup(69)) - Create EpollEventLoopGroup for 7adc501f-70c9-4652-b7fc-e7afe3d76740-NettyServerStreamRpc-workerGroup; Thread size is 0.
2024-01-18 21:15:20,518 [main] INFO  netty.NettyConfigKeys$DataStream (ConfUtils.java:logGet(46)) - raft.netty.dataStream.server.tls.conf = null (default)
2024-01-18 21:15:20,518 [main] INFO  netty.NettyConfigKeys$DataStream (ConfUtils.java:logGet(46)) - raft.netty.dataStream.host = null (default)
2024-01-18 21:15:20,518 [main] INFO  netty.NettyConfigKeys$DataStream (ConfUtils.java:logGet(46)) - raft.netty.dataStream.port = 15407 (custom)
2024-01-18 21:15:20,518 [main] INFO  server.RaftServerConfigKeys (ConfUtils.java:logGet(46)) - raft.server.sleep.deviation.threshold = 300ms (default)
2024-01-18 21:15:20,518 [main] INFO  server.RaftServerConfigKeys (ConfUtils.java:logGet(46)) - raft.server.close.threshold = 60s (default)
2024-01-18 21:15:20,518 [7adc501f-70c9-4652-b7fc-e7afe3d76740-NettyServerStreamRpc-bossGroup--thread1] INFO  logging.LoggingHandler (AbstractInternalLogger.java:log(148)) - [id: 0xcaada887] REGISTERED
2024-01-18 21:15:20,518 [main] INFO  server.RaftServerConfigKeys (ConfUtils.java:logGet(46)) - raft.server.leaderelection.leader.step-down.wait-time = 10s (default)
2024-01-18 21:15:20,519 [7adc501f-70c9-4652-b7fc-e7afe3d76740-NettyServerStreamRpc-bossGroup--thread1] INFO  logging.LoggingHandler (AbstractInternalLogger.java:log(148)) - [id: 0xcaada887] BIND: 0.0.0.0/0.0.0.0:15407
2024-01-18 21:15:20,519 [main] INFO  server.RaftServerConfigKeys (ConfUtils.java:logGet(46)) - raft.server.storage.dir = [/home/runner/work/ozone/ozone/hadoop-ozone/integration-test/target/test-dir/MiniOzoneClusterImpl-df9b5de2-b041-43db-b9a6-571161098f76/datanode-4/data/ratis] (custom)
2024-01-18 21:15:20,519 [7adc501f-70c9-4652-b7fc-e7afe3d76740-NettyServerStreamRpc-bossGroup--thread1] INFO  logging.LoggingHandler (AbstractInternalLogger.java:log(148)) - [id: 0xcaada887, L:/0.0.0.0:15407] ACTIVE
2024-01-18 21:15:20,519 [main] INFO  server.RaftServerConfigKeys (ConfUtils.java:logGet(46)) - raft.server.threadpool.proxy.cached = true (default)
2024-01-18 21:15:20,519 [main] INFO  server.RaftServerConfigKeys (ConfUtils.java:logGet(46)) - raft.server.threadpool.proxy.size = 0 (default)
2024-01-18 21:15:20,519 [7adc501f-70c9-4652-b7fc-e7afe3d76740-impl-thread1] INFO  server.RaftServer (RaftServerProxy.java:initGroupDir(264)) - 7adc501f-70c9-4652-b7fc-e7afe3d76740: found a subdirectory /home/runner/work/ozone/ozone/hadoop-ozone/integration-test/target/test-dir/MiniOzoneClusterImpl-df9b5de2-b041-43db-b9a6-571161098f76/datanode-4/data/ratis/tmp
2024-01-18 21:15:20,519 [7adc501f-70c9-4652-b7fc-e7afe3d76740-impl-thread1] INFO  server.RaftServer (RaftServerProxy.java:initGroupDir(269)) - 7adc501f-70c9-4652-b7fc-e7afe3d76740: The directory /home/runner/work/ozone/ozone/hadoop-ozone/integration-test/target/test-dir/MiniOzoneClusterImpl-df9b5de2-b041-43db-b9a6-571161098f76/datanode-4/data/ratis/tmp is not a group directory; ignoring it. 
2024-01-18 21:15:20,520 [main] INFO  replication.ReplicationServer (ReplicationServer.java:<init>(85)) - Initializing replication server with thread count = 10 queue length = 4096
2024-01-18 21:15:20,520 [main] INFO  server.XceiverServerGrpc (XceiverServerGrpc.java:<init>(141)) - GrpcServer channel type EpollServerSocketChannel
2024-01-18 21:15:20,522 [main] INFO  replication.ReplicationSupervisor (ReplicationSupervisor.java:build(163)) - Initializing replication supervisor with thread count = 10
2024-01-18 21:15:20,522 [main] INFO  replication.ReplicationSupervisor (ReplicationSupervisor.java:nodeStateUpdated(317)) - Node state updated to IN_SERVICE, scaling executor pool size to 10
2024-01-18 21:15:20,523 [main] INFO  http.BaseHttpServer (BaseHttpServer.java:newHttpServer2BuilderForOzone(223)) - Starting Web-server for hddsDatanode at: http://0.0.0.0:15401
2024-01-18 21:15:20,523 [main] INFO  http.BaseHttpServer (BaseHttpServer.java:<init>(110)) - Hadoop Security Enabled: false Ozone Security Enabled: false Ozone HTTP Security Enabled: false 
2024-01-18 21:15:20,523 [main] WARN  server.AuthenticationFilter (AuthenticationFilter.java:constructSecretProvider(240)) - Unable to initialize FileSignerSecretProvider, falling back to use random secrets. Reason: Could not read signature secret file: /home/runner/hadoop-http-auth-signature-secret
2024-01-18 21:15:20,524 [main] INFO  http.HttpRequestLog (HttpRequestLog.java:getRequestLog(86)) - Http request log for http.requests.hddsDatanode is not defined
2024-01-18 21:15:20,524 [main] INFO  http.HttpServer2 (HttpServer2.java:addGlobalFilter(1036)) - Added global filter 'safety' (class=org.apache.hadoop.hdds.server.http.HttpServer2$QuotingInputFilter)
2024-01-18 21:15:20,525 [main] INFO  http.HttpServer2 (HttpServer2.java:addFilter(1012)) - Added filter static_user_filter (class=org.apache.hadoop.http.lib.StaticUserWebFilter$StaticUserFilter) to context hddsDatanode
2024-01-18 21:15:20,525 [main] INFO  http.HttpServer2 (HttpServer2.java:addFilter(1020)) - Added filter static_user_filter (class=org.apache.hadoop.http.lib.StaticUserWebFilter$StaticUserFilter) to context logs
2024-01-18 21:15:20,525 [main] INFO  http.HttpServer2 (HttpServer2.java:addFilter(1020)) - Added filter static_user_filter (class=org.apache.hadoop.http.lib.StaticUserWebFilter$StaticUserFilter) to context static
2024-01-18 21:15:20,525 [main] INFO  http.BaseHttpServer (BaseHttpServer.java:<init>(189)) - HTTP server of hddsDatanode uses base directory /home/runner/work/ozone/ozone/hadoop-ozone/integration-test/target/test-dir/MiniOzoneClusterImpl-df9b5de2-b041-43db-b9a6-571161098f76/datanode-4/meta/webserver
2024-01-18 21:15:20,525 [main] INFO  http.HttpServer2 (HttpServer2.java:bindListener(1236)) - Jetty bound to port 15401
2024-01-18 21:15:20,525 [main] INFO  server.Server (Server.java:doStart(375)) - jetty-9.4.53.v20231009; built: 2023-10-09T12:29:09.265Z; git: 27bde00a0b95a1d5bbee0eae7984f891d2d0f8c9; jvm 1.8.0_392-b08
2024-01-18 21:15:20,526 [main] INFO  server.session (DefaultSessionIdManager.java:doStart(334)) - DefaultSessionIdManager workerName=node0
2024-01-18 21:15:20,526 [main] INFO  server.session (DefaultSessionIdManager.java:doStart(339)) - No SessionScavenger set, using defaults
2024-01-18 21:15:20,526 [main] INFO  server.session (HouseKeeper.java:startScavenging(132)) - node0 Scavenging every 660000ms
2024-01-18 21:15:20,527 [main] INFO  handler.ContextHandler (ContextHandler.java:doStart(921)) - Started o.e.j.s.ServletContextHandler@5b133f10{logs,/logs,file:///home/runner/work/ozone/ozone/hadoop-ozone/integration-test/target/log,AVAILABLE}
2024-01-18 21:15:20,527 [main] INFO  handler.ContextHandler (ContextHandler.java:doStart(921)) - Started o.e.j.s.ServletContextHandler@3e892a93{static,/static,jar:file:/home/runner/.m2/repository/org/apache/ozone/hdds-container-service/1.5.0-SNAPSHOT/hdds-container-service-1.5.0-SNAPSHOT.jar!/webapps/static,AVAILABLE}
2024-01-18 21:15:20,559 [main] INFO  handler.ContextHandler (ContextHandler.java:doStart(921)) - Started o.e.j.w.WebAppContext@484eb628{hddsDatanode,/,file:///home/runner/work/ozone/ozone/hadoop-ozone/integration-test/target/test-dir/MiniOzoneClusterImpl-df9b5de2-b041-43db-b9a6-571161098f76/datanode-4/meta/webserver/jetty-0_0_0_0-15401-hdds-container-service-1_5_0-SNAPSHOT_jar-_-any-7667323357250409883/webapp/,AVAILABLE}{jar:file:/home/runner/.m2/repository/org/apache/ozone/hdds-container-service/1.5.0-SNAPSHOT/hdds-container-service-1.5.0-SNAPSHOT.jar!/webapps/hddsDatanode}
2024-01-18 21:15:20,562 [main] INFO  server.AbstractConnector (AbstractConnector.java:doStart(333)) - Started ServerConnector@59a1776b{HTTP/1.1, (http/1.1)}{0.0.0.0:15401}
2024-01-18 21:15:20,562 [main] INFO  server.Server (Server.java:doStart(415)) - Started @131809ms
2024-01-18 21:15:20,562 [main] WARN  impl.MetricsSystemImpl (MetricsSystemImpl.java:register(279)) - Sink prometheus already exists!
2024-01-18 21:15:20,563 [main] INFO  http.BaseHttpServer (BaseHttpServer.java:updateConnectorAddress(354)) - HTTP server of hddsDatanode listening at http://0.0.0.0:15401
2024-01-18 21:15:20,563 [main] INFO  ipc.CallQueueManager (CallQueueManager.java:<init>(90)) - Using callQueue: class java.util.concurrent.LinkedBlockingQueue, queueCapacity: 100, scheduler: class org.apache.hadoop.ipc.DefaultRpcScheduler, ipcBackoff: false.
2024-01-18 21:15:20,564 [main] INFO  ipc.Server (Server.java:<init>(1287)) - Listener at 0.0.0.0:15402
2024-01-18 21:15:20,564 [Socket Reader #1 for port 15402] INFO  ipc.Server (Server.java:run(1323)) - Starting Socket Reader #1 for port 15402
2024-01-18 21:15:20,567 [main] INFO  ozone.HddsDatanodeService (HddsDatanodeService.java:start(324)) - Datanode start with admins: [runner]
2024-01-18 21:15:20,567 [main] INFO  ozone.HddsDatanodeClientProtocolServer (HddsDatanodeClientProtocolServer.java:start(72)) - RPC server for Client /0.0.0.0:15402
2024-01-18 21:15:20,567 [IPC Server Responder] INFO  ipc.Server (Server.java:run(1562)) - IPC Server Responder: starting
2024-01-18 21:15:20,567 [IPC Server listener on 15402] INFO  ipc.Server (Server.java:run(1402)) - IPC Server listener on 15402: starting
2024-01-18 21:15:20,572 [7adc501f-70c9-4652-b7fc-e7afe3d76740-DatanodeStateMachineDaemonThread] INFO  statemachine.DatanodeStateMachine (DatanodeStateMachine.java:lambda$startDaemon$1(555)) - Ozone container server started.
2024-01-18 21:15:20,573 [main] WARN  dropwizard3.Dm3MetricRegistriesImpl (Dm3MetricRegistriesImpl.java:addReporterRegistration(113)) - New reporters are added after registries were created. Some metrics will be missing from the reporter. Please add reporter before adding any new registry.
2024-01-18 21:15:20,573 [main] WARN  dropwizard3.Dm3MetricRegistriesImpl (Dm3MetricRegistriesImpl.java:addReporterRegistration(113)) - New reporters are added after registries were created. Some metrics will be missing from the reporter. Please add reporter before adding any new registry.
2024-01-18 21:15:20,574 [main] INFO  impl.MetricsSystemImpl (MetricsSystemImpl.java:init(158)) - HddsDatanode metrics system started (again)
2024-01-18 21:15:20,582 [7adc501f-70c9-4652-b7fc-e7afe3d76740-DatanodeStateMachineTaskThread-0] INFO  datanode.InitDatanodeState (InitDatanodeState.java:persistContainerDatanodeDetails(139)) - DatanodeDetails is persisted to /home/runner/work/ozone/ozone/hadoop-ozone/integration-test/target/test-dir/MiniOzoneClusterImpl-df9b5de2-b041-43db-b9a6-571161098f76/datanode-4/meta/datanode.id
2024-01-18 21:15:20,583 [main] INFO  ozone.HddsDatanodeService (HddsDatanodeService.java:start(239)) - HddsDatanodeService host:fv-az776-647.gib5dkvrjkgedmzi5ptrevqpbg.bx.internal.cloudapp.net ip:10.1.0.44
2024-01-18 21:15:20,596 [main] INFO  upgrade.AbstractLayoutVersionManager (AbstractLayoutVersionManager.java:init(83)) - Initializing Layout version manager with metadata layout = HADOOP_PRC_PORTS_IN_DATANODEDETAILS (version = 7), software layout = HADOOP_PRC_PORTS_IN_DATANODEDETAILS (version = 7)
2024-01-18 21:15:20,597 [main] INFO  statemachine.DatanodeStateMachine (DatanodeStateMachine.java:getEndPointTaskThreadPoolSize(299)) - Datanode State Machine Task Thread Pool size 2
2024-01-18 21:15:20,598 [main] INFO  volume.HddsVolume (HddsVolume.java:<init>(125)) - Creating HddsVolume: /home/runner/work/ozone/ozone/hadoop-ozone/integration-test/target/test-dir/MiniOzoneClusterImpl-df9b5de2-b041-43db-b9a6-571161098f76/datanode-5/data-0/containers/hdds of storage type : DISK capacity : 9223372036854775807
2024-01-18 21:15:20,598 [main] INFO  volume.MutableVolumeSet (MutableVolumeSet.java:initializeVolumeSet(173)) - Added Volume : /home/runner/work/ozone/ozone/hadoop-ozone/integration-test/target/test-dir/MiniOzoneClusterImpl-df9b5de2-b041-43db-b9a6-571161098f76/datanode-5/data-0/containers/hdds to VolumeSet
2024-01-18 21:15:20,598 [main] INFO  volume.MutableVolumeSet (MutableVolumeSet.java:initializeVolumeSet(173)) - Added Volume : /home/runner/work/ozone/ozone/hadoop-ozone/integration-test/target/test-dir/MiniOzoneClusterImpl-df9b5de2-b041-43db-b9a6-571161098f76/datanode-5/data/ratis to VolumeSet
2024-01-18 21:15:20,598 [main] INFO  ozoneimpl.OzoneContainer (HddsVolumeUtil.java:loadAllHddsVolumeDbStore(103)) - Load 1 volumes DbStore cost: 0ms
2024-01-18 21:15:20,599 [3df0e54a-fa0a-4d1f-902e-c3368fd6cf67-ContainerReader-0] INFO  ozoneimpl.ContainerReader (ContainerReader.java:readVolume(178)) - Finish verifying containers on volume /home/runner/work/ozone/ozone/hadoop-ozone/integration-test/target/test-dir/MiniOzoneClusterImpl-df9b5de2-b041-43db-b9a6-571161098f76/datanode-5/data-0/containers/hdds
2024-01-18 21:15:20,599 [main] INFO  ozoneimpl.OzoneContainer (OzoneContainer.java:buildContainerSet(328)) - Build ContainerSet costs 0s
2024-01-18 21:15:20,600 [main] INFO  server.RaftServer (ConfUtils.java:logGet(46)) - raft.rpc.type = GRPC (default)
2024-01-18 21:15:20,601 [main] INFO  grpc.GrpcConfigKeys (ConfUtils.java:logFallback(53)) - raft.grpc.admin.host = null (fallback to raft.grpc.server.host)
2024-01-18 21:15:20,601 [main] INFO  grpc.GrpcConfigKeys (ConfUtils.java:logGet(46)) - raft.grpc.admin.port = 15414 (custom)
2024-01-18 21:15:20,601 [main] INFO  grpc.GrpcConfigKeys (ConfUtils.java:logFallback(53)) - raft.grpc.client.host = null (fallback to raft.grpc.server.host)
2024-01-18 21:15:20,601 [main] INFO  grpc.GrpcConfigKeys (ConfUtils.java:logGet(46)) - raft.grpc.client.port = 15413 (custom)
2024-01-18 21:15:20,601 [main] INFO  grpc.GrpcConfigKeys (ConfUtils.java:logGet(46)) - raft.grpc.server.host = null (default)
2024-01-18 21:15:20,601 [main] INFO  grpc.GrpcConfigKeys (ConfUtils.java:logGet(46)) - raft.grpc.server.port = 15415 (custom)
2024-01-18 21:15:20,601 [main] INFO  server.GrpcService (ConfUtils.java:logGet(46)) - raft.grpc.message.size.max = 32MB (=33554432) (custom)
2024-01-18 21:15:20,601 [main] INFO  server.RaftServerConfigKeys (ConfUtils.java:logGet(46)) - raft.server.log.appender.buffer.byte-limit = 8388608 (custom)
2024-01-18 21:15:20,601 [main] INFO  server.GrpcService (ConfUtils.java:logGet(46)) - raft.grpc.flow.control.window = 5MB (=5242880) (custom)
2024-01-18 21:15:20,602 [main] INFO  server.RaftServerConfigKeys (ConfUtils.java:logGet(46)) - raft.server.rpc.request.timeout = 3000ms (default)
2024-01-18 21:15:20,602 [main] INFO  grpc.GrpcConfigKeys (ConfUtils.java:logGet(46)) - raft.grpc.server.heartbeat.channel = true (default)
2024-01-18 21:15:20,602 [main] INFO  grpc.GrpcConfigKeys (ConfUtils.java:logGet(46)) - raft.grpc.server.async.request.thread.pool.cached = true (default)
2024-01-18 21:15:20,602 [main] INFO  grpc.GrpcConfigKeys (ConfUtils.java:logGet(46)) - raft.grpc.server.async.request.thread.pool.size = 32 (default)
2024-01-18 21:15:20,603 [main] INFO  impl.DataStreamServerImpl (ConfUtils.java:logGet(46)) - raft.datastream.type = NETTY (custom)
2024-01-18 21:15:20,604 [main] INFO  server.RaftServerConfigKeys (ConfUtils.java:logGet(46)) - raft.server.data-stream.async.request.thread.pool.cached = false (default)
2024-01-18 21:15:20,604 [main] INFO  server.RaftServerConfigKeys (ConfUtils.java:logGet(46)) - raft.server.data-stream.async.request.thread.pool.size = 20 (custom)
2024-01-18 21:15:20,604 [main] INFO  server.RaftServerConfigKeys (ConfUtils.java:logGet(46)) - raft.server.data-stream.async.write.thread.pool.size = 16 (default)
2024-01-18 21:15:20,604 [main] INFO  netty.NettyConfigKeys$DataStream (ConfUtils.java:logGet(46)) - raft.netty.dataStream.server.channel.inactive.grace-period = 10min (default)
2024-01-18 21:15:20,604 [main] INFO  server.RaftServerConfigKeys (ConfUtils.java:logGet(46)) - raft.server.data-stream.client.pool.size = 10 (default)
2024-01-18 21:15:20,604 [main] INFO  netty.NettyConfigKeys$DataStream (ConfUtils.java:logGet(46)) - raft.netty.dataStream.server.use-epoll = true (default)
2024-01-18 21:15:20,604 [main] INFO  netty.NettyConfigKeys$DataStream (ConfUtils.java:logGet(46)) - raft.netty.dataStream.server.boss-group.size = 0 (default)
2024-01-18 21:15:20,604 [main] INFO  netty.NettyUtils (NettyUtils.java:newEventLoopGroup(69)) - Create EpollEventLoopGroup for 3df0e54a-fa0a-4d1f-902e-c3368fd6cf67-NettyServerStreamRpc-bossGroup; Thread size is 0.
2024-01-18 21:15:20,605 [main] INFO  netty.NettyConfigKeys$DataStream (ConfUtils.java:logGet(46)) - raft.netty.dataStream.server.worker-group.size = 0 (default)
2024-01-18 21:15:20,605 [main] INFO  netty.NettyUtils (NettyUtils.java:newEventLoopGroup(69)) - Create EpollEventLoopGroup for 3df0e54a-fa0a-4d1f-902e-c3368fd6cf67-NettyServerStreamRpc-workerGroup; Thread size is 0.
2024-01-18 21:15:20,605 [main] INFO  netty.NettyConfigKeys$DataStream (ConfUtils.java:logGet(46)) - raft.netty.dataStream.server.tls.conf = null (default)
2024-01-18 21:15:20,605 [main] INFO  netty.NettyConfigKeys$DataStream (ConfUtils.java:logGet(46)) - raft.netty.dataStream.host = null (default)
2024-01-18 21:15:20,605 [main] INFO  netty.NettyConfigKeys$DataStream (ConfUtils.java:logGet(46)) - raft.netty.dataStream.port = 15416 (custom)
2024-01-18 21:15:20,606 [main] INFO  server.RaftServerConfigKeys (ConfUtils.java:logGet(46)) - raft.server.sleep.deviation.threshold = 300ms (default)
2024-01-18 21:15:20,606 [main] INFO  server.RaftServerConfigKeys (ConfUtils.java:logGet(46)) - raft.server.close.threshold = 60s (default)
2024-01-18 21:15:20,606 [main] INFO  server.RaftServerConfigKeys (ConfUtils.java:logGet(46)) - raft.server.leaderelection.leader.step-down.wait-time = 10s (default)
2024-01-18 21:15:20,606 [3df0e54a-fa0a-4d1f-902e-c3368fd6cf67-NettyServerStreamRpc-bossGroup--thread1] INFO  logging.LoggingHandler (AbstractInternalLogger.java:log(148)) - [id: 0x073209a4] REGISTERED
2024-01-18 21:15:20,606 [main] INFO  server.RaftServerConfigKeys (ConfUtils.java:logGet(46)) - raft.server.storage.dir = [/home/runner/work/ozone/ozone/hadoop-ozone/integration-test/target/test-dir/MiniOzoneClusterImpl-df9b5de2-b041-43db-b9a6-571161098f76/datanode-5/data/ratis] (custom)
2024-01-18 21:15:20,606 [main] INFO  server.RaftServerConfigKeys (ConfUtils.java:logGet(46)) - raft.server.threadpool.proxy.cached = true (default)
2024-01-18 21:15:20,606 [main] INFO  server.RaftServerConfigKeys (ConfUtils.java:logGet(46)) - raft.server.threadpool.proxy.size = 0 (default)
2024-01-18 21:15:20,606 [3df0e54a-fa0a-4d1f-902e-c3368fd6cf67-NettyServerStreamRpc-bossGroup--thread1] INFO  logging.LoggingHandler (AbstractInternalLogger.java:log(148)) - [id: 0x073209a4] BIND: 0.0.0.0/0.0.0.0:15416
2024-01-18 21:15:20,607 [3df0e54a-fa0a-4d1f-902e-c3368fd6cf67-NettyServerStreamRpc-bossGroup--thread1] INFO  logging.LoggingHandler (AbstractInternalLogger.java:log(148)) - [id: 0x073209a4, L:/0.0.0.0:15416] ACTIVE
2024-01-18 21:15:20,607 [3df0e54a-fa0a-4d1f-902e-c3368fd6cf67-impl-thread1] INFO  server.RaftServer (RaftServerProxy.java:initGroupDir(264)) - 3df0e54a-fa0a-4d1f-902e-c3368fd6cf67: found a subdirectory /home/runner/work/ozone/ozone/hadoop-ozone/integration-test/target/test-dir/MiniOzoneClusterImpl-df9b5de2-b041-43db-b9a6-571161098f76/datanode-5/data/ratis/tmp
2024-01-18 21:15:20,607 [3df0e54a-fa0a-4d1f-902e-c3368fd6cf67-impl-thread1] INFO  server.RaftServer (RaftServerProxy.java:initGroupDir(269)) - 3df0e54a-fa0a-4d1f-902e-c3368fd6cf67: The directory /home/runner/work/ozone/ozone/hadoop-ozone/integration-test/target/test-dir/MiniOzoneClusterImpl-df9b5de2-b041-43db-b9a6-571161098f76/datanode-5/data/ratis/tmp is not a group directory; ignoring it. 
2024-01-18 21:15:20,607 [main] INFO  replication.ReplicationServer (ReplicationServer.java:<init>(85)) - Initializing replication server with thread count = 10 queue length = 4096
2024-01-18 21:15:20,608 [main] INFO  server.XceiverServerGrpc (XceiverServerGrpc.java:<init>(141)) - GrpcServer channel type EpollServerSocketChannel
2024-01-18 21:15:20,609 [main] INFO  replication.ReplicationSupervisor (ReplicationSupervisor.java:build(163)) - Initializing replication supervisor with thread count = 10
2024-01-18 21:15:20,609 [main] INFO  replication.ReplicationSupervisor (ReplicationSupervisor.java:nodeStateUpdated(317)) - Node state updated to IN_SERVICE, scaling executor pool size to 10
2024-01-18 21:15:20,610 [main] INFO  http.BaseHttpServer (BaseHttpServer.java:newHttpServer2BuilderForOzone(223)) - Starting Web-server for hddsDatanode at: http://0.0.0.0:15410
2024-01-18 21:15:20,610 [main] INFO  http.BaseHttpServer (BaseHttpServer.java:<init>(110)) - Hadoop Security Enabled: false Ozone Security Enabled: false Ozone HTTP Security Enabled: false 
2024-01-18 21:15:20,611 [main] WARN  server.AuthenticationFilter (AuthenticationFilter.java:constructSecretProvider(240)) - Unable to initialize FileSignerSecretProvider, falling back to use random secrets. Reason: Could not read signature secret file: /home/runner/hadoop-http-auth-signature-secret
2024-01-18 21:15:20,611 [main] INFO  http.HttpRequestLog (HttpRequestLog.java:getRequestLog(86)) - Http request log for http.requests.hddsDatanode is not defined
2024-01-18 21:15:20,612 [main] INFO  http.HttpServer2 (HttpServer2.java:addGlobalFilter(1036)) - Added global filter 'safety' (class=org.apache.hadoop.hdds.server.http.HttpServer2$QuotingInputFilter)
2024-01-18 21:15:20,613 [main] INFO  http.HttpServer2 (HttpServer2.java:addFilter(1012)) - Added filter static_user_filter (class=org.apache.hadoop.http.lib.StaticUserWebFilter$StaticUserFilter) to context hddsDatanode
2024-01-18 21:15:20,613 [main] INFO  http.HttpServer2 (HttpServer2.java:addFilter(1020)) - Added filter static_user_filter (class=org.apache.hadoop.http.lib.StaticUserWebFilter$StaticUserFilter) to context static
2024-01-18 21:15:20,613 [main] INFO  http.HttpServer2 (HttpServer2.java:addFilter(1020)) - Added filter static_user_filter (class=org.apache.hadoop.http.lib.StaticUserWebFilter$StaticUserFilter) to context logs
2024-01-18 21:15:20,613 [main] INFO  http.BaseHttpServer (BaseHttpServer.java:<init>(189)) - HTTP server of hddsDatanode uses base directory /home/runner/work/ozone/ozone/hadoop-ozone/integration-test/target/test-dir/MiniOzoneClusterImpl-df9b5de2-b041-43db-b9a6-571161098f76/datanode-5/meta/webserver
2024-01-18 21:15:20,614 [main] INFO  http.HttpServer2 (HttpServer2.java:bindListener(1236)) - Jetty bound to port 15410
2024-01-18 21:15:20,614 [main] INFO  server.Server (Server.java:doStart(375)) - jetty-9.4.53.v20231009; built: 2023-10-09T12:29:09.265Z; git: 27bde00a0b95a1d5bbee0eae7984f891d2d0f8c9; jvm 1.8.0_392-b08
2024-01-18 21:15:20,614 [main] INFO  server.session (DefaultSessionIdManager.java:doStart(334)) - DefaultSessionIdManager workerName=node0
2024-01-18 21:15:20,615 [main] INFO  server.session (DefaultSessionIdManager.java:doStart(339)) - No SessionScavenger set, using defaults
2024-01-18 21:15:20,615 [main] INFO  server.session (HouseKeeper.java:startScavenging(132)) - node0 Scavenging every 600000ms
2024-01-18 21:15:20,615 [main] INFO  handler.ContextHandler (ContextHandler.java:doStart(921)) - Started o.e.j.s.ServletContextHandler@4de89da7{logs,/logs,file:///home/runner/work/ozone/ozone/hadoop-ozone/integration-test/target/log,AVAILABLE}
2024-01-18 21:15:20,616 [main] INFO  handler.ContextHandler (ContextHandler.java:doStart(921)) - Started o.e.j.s.ServletContextHandler@527d9cfe{static,/static,jar:file:/home/runner/.m2/repository/org/apache/ozone/hdds-container-service/1.5.0-SNAPSHOT/hdds-container-service-1.5.0-SNAPSHOT.jar!/webapps/static,AVAILABLE}
2024-01-18 21:15:20,649 [main] INFO  handler.ContextHandler (ContextHandler.java:doStart(921)) - Started o.e.j.w.WebAppContext@73eb0060{hddsDatanode,/,file:///home/runner/work/ozone/ozone/hadoop-ozone/integration-test/target/test-dir/MiniOzoneClusterImpl-df9b5de2-b041-43db-b9a6-571161098f76/datanode-5/meta/webserver/jetty-0_0_0_0-15410-hdds-container-service-1_5_0-SNAPSHOT_jar-_-any-7988027356184902724/webapp/,AVAILABLE}{jar:file:/home/runner/.m2/repository/org/apache/ozone/hdds-container-service/1.5.0-SNAPSHOT/hdds-container-service-1.5.0-SNAPSHOT.jar!/webapps/hddsDatanode}
2024-01-18 21:15:20,652 [main] INFO  server.AbstractConnector (AbstractConnector.java:doStart(333)) - Started ServerConnector@4e9bbbfc{HTTP/1.1, (http/1.1)}{0.0.0.0:15410}
2024-01-18 21:15:20,652 [main] INFO  server.Server (Server.java:doStart(415)) - Started @131899ms
2024-01-18 21:15:20,652 [main] WARN  impl.MetricsSystemImpl (MetricsSystemImpl.java:register(279)) - Sink prometheus already exists!
2024-01-18 21:15:20,653 [main] INFO  http.BaseHttpServer (BaseHttpServer.java:updateConnectorAddress(354)) - HTTP server of hddsDatanode listening at http://0.0.0.0:15410
2024-01-18 21:15:20,653 [main] INFO  ipc.CallQueueManager (CallQueueManager.java:<init>(90)) - Using callQueue: class java.util.concurrent.LinkedBlockingQueue, queueCapacity: 100, scheduler: class org.apache.hadoop.ipc.DefaultRpcScheduler, ipcBackoff: false.
2024-01-18 21:15:20,653 [main] INFO  ipc.Server (Server.java:<init>(1287)) - Listener at 0.0.0.0:15411
2024-01-18 21:15:20,654 [Socket Reader #1 for port 15411] INFO  ipc.Server (Server.java:run(1323)) - Starting Socket Reader #1 for port 15411
2024-01-18 21:15:20,655 [main] INFO  ozone.HddsDatanodeService (HddsDatanodeService.java:start(324)) - Datanode start with admins: [runner]
2024-01-18 21:15:20,655 [main] INFO  ozone.HddsDatanodeClientProtocolServer (HddsDatanodeClientProtocolServer.java:start(72)) - RPC server for Client /0.0.0.0:15411
2024-01-18 21:15:20,656 [IPC Server Responder] INFO  ipc.Server (Server.java:run(1562)) - IPC Server Responder: starting
2024-01-18 21:15:20,656 [IPC Server listener on 15411] INFO  ipc.Server (Server.java:run(1402)) - IPC Server listener on 15411: starting
2024-01-18 21:15:20,656 [3df0e54a-fa0a-4d1f-902e-c3368fd6cf67-DatanodeStateMachineDaemonThread] INFO  statemachine.DatanodeStateMachine (DatanodeStateMachine.java:lambda$startDaemon$1(555)) - Ozone container server started.
2024-01-18 21:15:20,656 [main] WARN  dropwizard3.Dm3MetricRegistriesImpl (Dm3MetricRegistriesImpl.java:addReporterRegistration(113)) - New reporters are added after registries were created. Some metrics will be missing from the reporter. Please add reporter before adding any new registry.
2024-01-18 21:15:20,657 [main] WARN  dropwizard3.Dm3MetricRegistriesImpl (Dm3MetricRegistriesImpl.java:addReporterRegistration(113)) - New reporters are added after registries were created. Some metrics will be missing from the reporter. Please add reporter before adding any new registry.
2024-01-18 21:15:20,658 [main] INFO  impl.MetricsSystemImpl (MetricsSystemImpl.java:init(158)) - HddsDatanode metrics system started (again)
2024-01-18 21:15:20,660 [3df0e54a-fa0a-4d1f-902e-c3368fd6cf67-DatanodeStateMachineTaskThread-0] INFO  datanode.InitDatanodeState (InitDatanodeState.java:persistContainerDatanodeDetails(139)) - DatanodeDetails is persisted to /home/runner/work/ozone/ozone/hadoop-ozone/integration-test/target/test-dir/MiniOzoneClusterImpl-df9b5de2-b041-43db-b9a6-571161098f76/datanode-5/meta/datanode.id
2024-01-18 21:15:20,667 [main] INFO  ozone.HddsDatanodeService (HddsDatanodeService.java:start(239)) - HddsDatanodeService host:fv-az776-647.gib5dkvrjkgedmzi5ptrevqpbg.bx.internal.cloudapp.net ip:10.1.0.44
2024-01-18 21:15:20,679 [main] INFO  upgrade.AbstractLayoutVersionManager (AbstractLayoutVersionManager.java:init(83)) - Initializing Layout version manager with metadata layout = HADOOP_PRC_PORTS_IN_DATANODEDETAILS (version = 7), software layout = HADOOP_PRC_PORTS_IN_DATANODEDETAILS (version = 7)
2024-01-18 21:15:20,680 [main] INFO  statemachine.DatanodeStateMachine (DatanodeStateMachine.java:getEndPointTaskThreadPoolSize(299)) - Datanode State Machine Task Thread Pool size 2
2024-01-18 21:15:20,680 [main] INFO  volume.HddsVolume (HddsVolume.java:<init>(125)) - Creating HddsVolume: /home/runner/work/ozone/ozone/hadoop-ozone/integration-test/target/test-dir/MiniOzoneClusterImpl-df9b5de2-b041-43db-b9a6-571161098f76/datanode-6/data-0/containers/hdds of storage type : DISK capacity : 9223372036854775807
2024-01-18 21:15:20,681 [main] INFO  volume.MutableVolumeSet (MutableVolumeSet.java:initializeVolumeSet(173)) - Added Volume : /home/runner/work/ozone/ozone/hadoop-ozone/integration-test/target/test-dir/MiniOzoneClusterImpl-df9b5de2-b041-43db-b9a6-571161098f76/datanode-6/data-0/containers/hdds to VolumeSet
2024-01-18 21:15:20,681 [main] INFO  volume.MutableVolumeSet (MutableVolumeSet.java:initializeVolumeSet(173)) - Added Volume : /home/runner/work/ozone/ozone/hadoop-ozone/integration-test/target/test-dir/MiniOzoneClusterImpl-df9b5de2-b041-43db-b9a6-571161098f76/datanode-6/data/ratis to VolumeSet
2024-01-18 21:15:20,681 [main] INFO  ozoneimpl.OzoneContainer (HddsVolumeUtil.java:loadAllHddsVolumeDbStore(103)) - Load 1 volumes DbStore cost: 0ms
2024-01-18 21:15:20,682 [acbd5797-4277-4d01-af47-c19d7e55cc48-ContainerReader-0] INFO  ozoneimpl.ContainerReader (ContainerReader.java:readVolume(178)) - Finish verifying containers on volume /home/runner/work/ozone/ozone/hadoop-ozone/integration-test/target/test-dir/MiniOzoneClusterImpl-df9b5de2-b041-43db-b9a6-571161098f76/datanode-6/data-0/containers/hdds
2024-01-18 21:15:20,682 [main] INFO  ozoneimpl.OzoneContainer (OzoneContainer.java:buildContainerSet(328)) - Build ContainerSet costs 0s
2024-01-18 21:15:20,683 [main] INFO  server.RaftServer (ConfUtils.java:logGet(46)) - raft.rpc.type = GRPC (default)
2024-01-18 21:15:20,683 [main] INFO  grpc.GrpcConfigKeys (ConfUtils.java:logFallback(53)) - raft.grpc.admin.host = null (fallback to raft.grpc.server.host)
2024-01-18 21:15:20,683 [main] INFO  grpc.GrpcConfigKeys (ConfUtils.java:logGet(46)) - raft.grpc.admin.port = 15423 (custom)
2024-01-18 21:15:20,683 [main] INFO  grpc.GrpcConfigKeys (ConfUtils.java:logFallback(53)) - raft.grpc.client.host = null (fallback to raft.grpc.server.host)
2024-01-18 21:15:20,683 [main] INFO  grpc.GrpcConfigKeys (ConfUtils.java:logGet(46)) - raft.grpc.client.port = 15422 (custom)
2024-01-18 21:15:20,684 [main] INFO  grpc.GrpcConfigKeys (ConfUtils.java:logGet(46)) - raft.grpc.server.host = null (default)
2024-01-18 21:15:20,684 [main] INFO  grpc.GrpcConfigKeys (ConfUtils.java:logGet(46)) - raft.grpc.server.port = 15424 (custom)
2024-01-18 21:15:20,684 [main] INFO  server.GrpcService (ConfUtils.java:logGet(46)) - raft.grpc.message.size.max = 32MB (=33554432) (custom)
2024-01-18 21:15:20,684 [main] INFO  server.RaftServerConfigKeys (ConfUtils.java:logGet(46)) - raft.server.log.appender.buffer.byte-limit = 8388608 (custom)
2024-01-18 21:15:20,684 [main] INFO  server.GrpcService (ConfUtils.java:logGet(46)) - raft.grpc.flow.control.window = 5MB (=5242880) (custom)
2024-01-18 21:15:20,684 [main] INFO  server.RaftServerConfigKeys (ConfUtils.java:logGet(46)) - raft.server.rpc.request.timeout = 3000ms (default)
2024-01-18 21:15:20,684 [main] INFO  grpc.GrpcConfigKeys (ConfUtils.java:logGet(46)) - raft.grpc.server.heartbeat.channel = true (default)
2024-01-18 21:15:20,685 [main] INFO  grpc.GrpcConfigKeys (ConfUtils.java:logGet(46)) - raft.grpc.server.async.request.thread.pool.cached = true (default)
2024-01-18 21:15:20,685 [main] INFO  grpc.GrpcConfigKeys (ConfUtils.java:logGet(46)) - raft.grpc.server.async.request.thread.pool.size = 32 (default)
2024-01-18 21:15:20,686 [main] INFO  impl.DataStreamServerImpl (ConfUtils.java:logGet(46)) - raft.datastream.type = NETTY (custom)
2024-01-18 21:15:20,686 [main] INFO  server.RaftServerConfigKeys (ConfUtils.java:logGet(46)) - raft.server.data-stream.async.request.thread.pool.cached = false (default)
2024-01-18 21:15:20,687 [main] INFO  server.RaftServerConfigKeys (ConfUtils.java:logGet(46)) - raft.server.data-stream.async.request.thread.pool.size = 20 (custom)
2024-01-18 21:15:20,687 [main] INFO  server.RaftServerConfigKeys (ConfUtils.java:logGet(46)) - raft.server.data-stream.async.write.thread.pool.size = 16 (default)
2024-01-18 21:15:20,687 [main] INFO  netty.NettyConfigKeys$DataStream (ConfUtils.java:logGet(46)) - raft.netty.dataStream.server.channel.inactive.grace-period = 10min (default)
2024-01-18 21:15:20,687 [main] INFO  server.RaftServerConfigKeys (ConfUtils.java:logGet(46)) - raft.server.data-stream.client.pool.size = 10 (default)
2024-01-18 21:15:20,687 [main] INFO  netty.NettyConfigKeys$DataStream (ConfUtils.java:logGet(46)) - raft.netty.dataStream.server.use-epoll = true (default)
2024-01-18 21:15:20,687 [main] INFO  netty.NettyConfigKeys$DataStream (ConfUtils.java:logGet(46)) - raft.netty.dataStream.server.boss-group.size = 0 (default)
2024-01-18 21:15:20,687 [main] INFO  netty.NettyUtils (NettyUtils.java:newEventLoopGroup(69)) - Create EpollEventLoopGroup for acbd5797-4277-4d01-af47-c19d7e55cc48-NettyServerStreamRpc-bossGroup; Thread size is 0.
2024-01-18 21:15:20,688 [main] INFO  netty.NettyConfigKeys$DataStream (ConfUtils.java:logGet(46)) - raft.netty.dataStream.server.worker-group.size = 0 (default)
2024-01-18 21:15:20,688 [main] INFO  netty.NettyUtils (NettyUtils.java:newEventLoopGroup(69)) - Create EpollEventLoopGroup for acbd5797-4277-4d01-af47-c19d7e55cc48-NettyServerStreamRpc-workerGroup; Thread size is 0.
2024-01-18 21:15:20,688 [main] INFO  netty.NettyConfigKeys$DataStream (ConfUtils.java:logGet(46)) - raft.netty.dataStream.server.tls.conf = null (default)
2024-01-18 21:15:20,688 [main] INFO  netty.NettyConfigKeys$DataStream (ConfUtils.java:logGet(46)) - raft.netty.dataStream.host = null (default)
2024-01-18 21:15:20,688 [main] INFO  netty.NettyConfigKeys$DataStream (ConfUtils.java:logGet(46)) - raft.netty.dataStream.port = 15425 (custom)
2024-01-18 21:15:20,688 [main] INFO  server.RaftServerConfigKeys (ConfUtils.java:logGet(46)) - raft.server.sleep.deviation.threshold = 300ms (default)
2024-01-18 21:15:20,689 [acbd5797-4277-4d01-af47-c19d7e55cc48-NettyServerStreamRpc-bossGroup--thread1] INFO  logging.LoggingHandler (AbstractInternalLogger.java:log(148)) - [id: 0x1eb8da1f] REGISTERED
2024-01-18 21:15:20,689 [main] INFO  server.RaftServerConfigKeys (ConfUtils.java:logGet(46)) - raft.server.close.threshold = 60s (default)
2024-01-18 21:15:20,689 [acbd5797-4277-4d01-af47-c19d7e55cc48-NettyServerStreamRpc-bossGroup--thread1] INFO  logging.LoggingHandler (AbstractInternalLogger.java:log(148)) - [id: 0x1eb8da1f] BIND: 0.0.0.0/0.0.0.0:15425
2024-01-18 21:15:20,689 [acbd5797-4277-4d01-af47-c19d7e55cc48-NettyServerStreamRpc-bossGroup--thread1] INFO  logging.LoggingHandler (AbstractInternalLogger.java:log(148)) - [id: 0x1eb8da1f, L:/0.0.0.0:15425] ACTIVE
2024-01-18 21:15:20,689 [main] INFO  server.RaftServerConfigKeys (ConfUtils.java:logGet(46)) - raft.server.leaderelection.leader.step-down.wait-time = 10s (default)
2024-01-18 21:15:20,689 [main] INFO  server.RaftServerConfigKeys (ConfUtils.java:logGet(46)) - raft.server.storage.dir = [/home/runner/work/ozone/ozone/hadoop-ozone/integration-test/target/test-dir/MiniOzoneClusterImpl-df9b5de2-b041-43db-b9a6-571161098f76/datanode-6/data/ratis] (custom)
2024-01-18 21:15:20,689 [main] INFO  server.RaftServerConfigKeys (ConfUtils.java:logGet(46)) - raft.server.threadpool.proxy.cached = true (default)
2024-01-18 21:15:20,689 [main] INFO  server.RaftServerConfigKeys (ConfUtils.java:logGet(46)) - raft.server.threadpool.proxy.size = 0 (default)
2024-01-18 21:15:20,690 [acbd5797-4277-4d01-af47-c19d7e55cc48-impl-thread1] INFO  server.RaftServer (RaftServerProxy.java:initGroupDir(264)) - acbd5797-4277-4d01-af47-c19d7e55cc48: found a subdirectory /home/runner/work/ozone/ozone/hadoop-ozone/integration-test/target/test-dir/MiniOzoneClusterImpl-df9b5de2-b041-43db-b9a6-571161098f76/datanode-6/data/ratis/tmp
2024-01-18 21:15:20,690 [acbd5797-4277-4d01-af47-c19d7e55cc48-impl-thread1] INFO  server.RaftServer (RaftServerProxy.java:initGroupDir(269)) - acbd5797-4277-4d01-af47-c19d7e55cc48: The directory /home/runner/work/ozone/ozone/hadoop-ozone/integration-test/target/test-dir/MiniOzoneClusterImpl-df9b5de2-b041-43db-b9a6-571161098f76/datanode-6/data/ratis/tmp is not a group directory; ignoring it. 
2024-01-18 21:15:20,690 [main] INFO  replication.ReplicationServer (ReplicationServer.java:<init>(85)) - Initializing replication server with thread count = 10 queue length = 4096
2024-01-18 21:15:20,691 [main] INFO  server.XceiverServerGrpc (XceiverServerGrpc.java:<init>(141)) - GrpcServer channel type EpollServerSocketChannel
2024-01-18 21:15:20,692 [main] INFO  replication.ReplicationSupervisor (ReplicationSupervisor.java:build(163)) - Initializing replication supervisor with thread count = 10
2024-01-18 21:15:20,692 [main] INFO  replication.ReplicationSupervisor (ReplicationSupervisor.java:nodeStateUpdated(317)) - Node state updated to IN_SERVICE, scaling executor pool size to 10
2024-01-18 21:15:20,693 [main] INFO  http.BaseHttpServer (BaseHttpServer.java:newHttpServer2BuilderForOzone(223)) - Starting Web-server for hddsDatanode at: http://0.0.0.0:15419
2024-01-18 21:15:20,693 [main] INFO  http.BaseHttpServer (BaseHttpServer.java:<init>(110)) - Hadoop Security Enabled: false Ozone Security Enabled: false Ozone HTTP Security Enabled: false 
2024-01-18 21:15:20,694 [main] WARN  server.AuthenticationFilter (AuthenticationFilter.java:constructSecretProvider(240)) - Unable to initialize FileSignerSecretProvider, falling back to use random secrets. Reason: Could not read signature secret file: /home/runner/hadoop-http-auth-signature-secret
2024-01-18 21:15:20,694 [main] INFO  http.HttpRequestLog (HttpRequestLog.java:getRequestLog(86)) - Http request log for http.requests.hddsDatanode is not defined
2024-01-18 21:15:20,695 [main] INFO  http.HttpServer2 (HttpServer2.java:addGlobalFilter(1036)) - Added global filter 'safety' (class=org.apache.hadoop.hdds.server.http.HttpServer2$QuotingInputFilter)
2024-01-18 21:15:20,695 [main] INFO  http.HttpServer2 (HttpServer2.java:addFilter(1012)) - Added filter static_user_filter (class=org.apache.hadoop.http.lib.StaticUserWebFilter$StaticUserFilter) to context hddsDatanode
2024-01-18 21:15:20,695 [main] INFO  http.HttpServer2 (HttpServer2.java:addFilter(1020)) - Added filter static_user_filter (class=org.apache.hadoop.http.lib.StaticUserWebFilter$StaticUserFilter) to context logs
2024-01-18 21:15:20,695 [main] INFO  http.HttpServer2 (HttpServer2.java:addFilter(1020)) - Added filter static_user_filter (class=org.apache.hadoop.http.lib.StaticUserWebFilter$StaticUserFilter) to context static
2024-01-18 21:15:20,696 [main] INFO  http.BaseHttpServer (BaseHttpServer.java:<init>(189)) - HTTP server of hddsDatanode uses base directory /home/runner/work/ozone/ozone/hadoop-ozone/integration-test/target/test-dir/MiniOzoneClusterImpl-df9b5de2-b041-43db-b9a6-571161098f76/datanode-6/meta/webserver
2024-01-18 21:15:20,696 [main] INFO  http.HttpServer2 (HttpServer2.java:bindListener(1236)) - Jetty bound to port 15419
2024-01-18 21:15:20,696 [main] INFO  server.Server (Server.java:doStart(375)) - jetty-9.4.53.v20231009; built: 2023-10-09T12:29:09.265Z; git: 27bde00a0b95a1d5bbee0eae7984f891d2d0f8c9; jvm 1.8.0_392-b08
2024-01-18 21:15:20,697 [main] INFO  server.session (DefaultSessionIdManager.java:doStart(334)) - DefaultSessionIdManager workerName=node0
2024-01-18 21:15:20,697 [main] INFO  server.session (DefaultSessionIdManager.java:doStart(339)) - No SessionScavenger set, using defaults
2024-01-18 21:15:20,697 [main] INFO  server.session (HouseKeeper.java:startScavenging(132)) - node0 Scavenging every 600000ms
2024-01-18 21:15:20,697 [main] INFO  handler.ContextHandler (ContextHandler.java:doStart(921)) - Started o.e.j.s.ServletContextHandler@27df6c88{logs,/logs,file:///home/runner/work/ozone/ozone/hadoop-ozone/integration-test/target/log,AVAILABLE}
2024-01-18 21:15:20,698 [main] INFO  handler.ContextHandler (ContextHandler.java:doStart(921)) - Started o.e.j.s.ServletContextHandler@63260831{static,/static,jar:file:/home/runner/.m2/repository/org/apache/ozone/hdds-container-service/1.5.0-SNAPSHOT/hdds-container-service-1.5.0-SNAPSHOT.jar!/webapps/static,AVAILABLE}
2024-01-18 21:15:20,729 [main] INFO  handler.ContextHandler (ContextHandler.java:doStart(921)) - Started o.e.j.w.WebAppContext@124a8d9d{hddsDatanode,/,file:///home/runner/work/ozone/ozone/hadoop-ozone/integration-test/target/test-dir/MiniOzoneClusterImpl-df9b5de2-b041-43db-b9a6-571161098f76/datanode-6/meta/webserver/jetty-0_0_0_0-15419-hdds-container-service-1_5_0-SNAPSHOT_jar-_-any-6103912346445548475/webapp/,AVAILABLE}{jar:file:/home/runner/.m2/repository/org/apache/ozone/hdds-container-service/1.5.0-SNAPSHOT/hdds-container-service-1.5.0-SNAPSHOT.jar!/webapps/hddsDatanode}
2024-01-18 21:15:20,729 [main] INFO  server.AbstractConnector (AbstractConnector.java:doStart(333)) - Started ServerConnector@1b2adb50{HTTP/1.1, (http/1.1)}{0.0.0.0:15419}
2024-01-18 21:15:20,729 [main] INFO  server.Server (Server.java:doStart(415)) - Started @131976ms
2024-01-18 21:15:20,730 [main] WARN  impl.MetricsSystemImpl (MetricsSystemImpl.java:register(279)) - Sink prometheus already exists!
2024-01-18 21:15:20,730 [main] INFO  http.BaseHttpServer (BaseHttpServer.java:updateConnectorAddress(354)) - HTTP server of hddsDatanode listening at http://0.0.0.0:15419
2024-01-18 21:15:20,730 [main] INFO  ipc.CallQueueManager (CallQueueManager.java:<init>(90)) - Using callQueue: class java.util.concurrent.LinkedBlockingQueue, queueCapacity: 100, scheduler: class org.apache.hadoop.ipc.DefaultRpcScheduler, ipcBackoff: false.
2024-01-18 21:15:20,730 [main] INFO  ipc.Server (Server.java:<init>(1287)) - Listener at 0.0.0.0:15420
2024-01-18 21:15:20,731 [Socket Reader #1 for port 15420] INFO  ipc.Server (Server.java:run(1323)) - Starting Socket Reader #1 for port 15420
2024-01-18 21:15:20,733 [main] INFO  ozone.HddsDatanodeService (HddsDatanodeService.java:start(324)) - Datanode start with admins: [runner]
2024-01-18 21:15:20,733 [main] INFO  ozone.HddsDatanodeClientProtocolServer (HddsDatanodeClientProtocolServer.java:start(72)) - RPC server for Client /0.0.0.0:15420
2024-01-18 21:15:20,733 [IPC Server Responder] INFO  ipc.Server (Server.java:run(1562)) - IPC Server Responder: starting
2024-01-18 21:15:20,733 [IPC Server listener on 15420] INFO  ipc.Server (Server.java:run(1402)) - IPC Server listener on 15420: starting
2024-01-18 21:15:20,735 [acbd5797-4277-4d01-af47-c19d7e55cc48-DatanodeStateMachineDaemonThread] INFO  statemachine.DatanodeStateMachine (DatanodeStateMachine.java:lambda$startDaemon$1(555)) - Ozone container server started.
2024-01-18 21:15:20,735 [main] WARN  dropwizard3.Dm3MetricRegistriesImpl (Dm3MetricRegistriesImpl.java:addReporterRegistration(113)) - New reporters are added after registries were created. Some metrics will be missing from the reporter. Please add reporter before adding any new registry.
2024-01-18 21:15:20,736 [main] WARN  dropwizard3.Dm3MetricRegistriesImpl (Dm3MetricRegistriesImpl.java:addReporterRegistration(113)) - New reporters are added after registries were created. Some metrics will be missing from the reporter. Please add reporter before adding any new registry.
2024-01-18 21:15:20,736 [main] INFO  impl.MetricsSystemImpl (MetricsSystemImpl.java:init(158)) - HddsDatanode metrics system started (again)
2024-01-18 21:15:20,739 [acbd5797-4277-4d01-af47-c19d7e55cc48-DatanodeStateMachineTaskThread-0] INFO  datanode.InitDatanodeState (InitDatanodeState.java:persistContainerDatanodeDetails(139)) - DatanodeDetails is persisted to /home/runner/work/ozone/ozone/hadoop-ozone/integration-test/target/test-dir/MiniOzoneClusterImpl-df9b5de2-b041-43db-b9a6-571161098f76/datanode-6/meta/datanode.id
2024-01-18 21:15:20,745 [main] INFO  ozone.HddsDatanodeService (HddsDatanodeService.java:start(239)) - HddsDatanodeService host:fv-az776-647.gib5dkvrjkgedmzi5ptrevqpbg.bx.internal.cloudapp.net ip:10.1.0.44
2024-01-18 21:15:20,758 [main] INFO  upgrade.AbstractLayoutVersionManager (AbstractLayoutVersionManager.java:init(83)) - Initializing Layout version manager with metadata layout = HADOOP_PRC_PORTS_IN_DATANODEDETAILS (version = 7), software layout = HADOOP_PRC_PORTS_IN_DATANODEDETAILS (version = 7)
2024-01-18 21:15:20,758 [main] INFO  statemachine.DatanodeStateMachine (DatanodeStateMachine.java:getEndPointTaskThreadPoolSize(299)) - Datanode State Machine Task Thread Pool size 2
2024-01-18 21:15:20,759 [main] INFO  volume.HddsVolume (HddsVolume.java:<init>(125)) - Creating HddsVolume: /home/runner/work/ozone/ozone/hadoop-ozone/integration-test/target/test-dir/MiniOzoneClusterImpl-df9b5de2-b041-43db-b9a6-571161098f76/datanode-7/data-0/containers/hdds of storage type : DISK capacity : 9223372036854775807
2024-01-18 21:15:20,759 [main] INFO  volume.MutableVolumeSet (MutableVolumeSet.java:initializeVolumeSet(173)) - Added Volume : /home/runner/work/ozone/ozone/hadoop-ozone/integration-test/target/test-dir/MiniOzoneClusterImpl-df9b5de2-b041-43db-b9a6-571161098f76/datanode-7/data-0/containers/hdds to VolumeSet
2024-01-18 21:15:20,759 [main] INFO  volume.MutableVolumeSet (MutableVolumeSet.java:initializeVolumeSet(173)) - Added Volume : /home/runner/work/ozone/ozone/hadoop-ozone/integration-test/target/test-dir/MiniOzoneClusterImpl-df9b5de2-b041-43db-b9a6-571161098f76/datanode-7/data/ratis to VolumeSet
2024-01-18 21:15:20,759 [main] INFO  ozoneimpl.OzoneContainer (HddsVolumeUtil.java:loadAllHddsVolumeDbStore(103)) - Load 1 volumes DbStore cost: 0ms
2024-01-18 21:15:20,760 [29c9cbb7-9d34-4a8c-85ab-994756aa497f-ContainerReader-0] INFO  ozoneimpl.ContainerReader (ContainerReader.java:readVolume(178)) - Finish verifying containers on volume /home/runner/work/ozone/ozone/hadoop-ozone/integration-test/target/test-dir/MiniOzoneClusterImpl-df9b5de2-b041-43db-b9a6-571161098f76/datanode-7/data-0/containers/hdds
2024-01-18 21:15:20,760 [main] INFO  ozoneimpl.OzoneContainer (OzoneContainer.java:buildContainerSet(328)) - Build ContainerSet costs 0s
2024-01-18 21:15:20,761 [main] INFO  server.RaftServer (ConfUtils.java:logGet(46)) - raft.rpc.type = GRPC (default)
2024-01-18 21:15:20,761 [main] INFO  grpc.GrpcConfigKeys (ConfUtils.java:logFallback(53)) - raft.grpc.admin.host = null (fallback to raft.grpc.server.host)
2024-01-18 21:15:20,761 [main] INFO  grpc.GrpcConfigKeys (ConfUtils.java:logGet(46)) - raft.grpc.admin.port = 15432 (custom)
2024-01-18 21:15:20,761 [main] INFO  grpc.GrpcConfigKeys (ConfUtils.java:logFallback(53)) - raft.grpc.client.host = null (fallback to raft.grpc.server.host)
2024-01-18 21:15:20,761 [main] INFO  grpc.GrpcConfigKeys (ConfUtils.java:logGet(46)) - raft.grpc.client.port = 15431 (custom)
2024-01-18 21:15:20,762 [main] INFO  grpc.GrpcConfigKeys (ConfUtils.java:logGet(46)) - raft.grpc.server.host = null (default)
2024-01-18 21:15:20,762 [main] INFO  grpc.GrpcConfigKeys (ConfUtils.java:logGet(46)) - raft.grpc.server.port = 15433 (custom)
2024-01-18 21:15:20,762 [main] INFO  server.GrpcService (ConfUtils.java:logGet(46)) - raft.grpc.message.size.max = 32MB (=33554432) (custom)
2024-01-18 21:15:20,762 [main] INFO  server.RaftServerConfigKeys (ConfUtils.java:logGet(46)) - raft.server.log.appender.buffer.byte-limit = 8388608 (custom)
2024-01-18 21:15:20,762 [main] INFO  server.GrpcService (ConfUtils.java:logGet(46)) - raft.grpc.flow.control.window = 5MB (=5242880) (custom)
2024-01-18 21:15:20,762 [main] INFO  server.RaftServerConfigKeys (ConfUtils.java:logGet(46)) - raft.server.rpc.request.timeout = 3000ms (default)
2024-01-18 21:15:20,762 [main] INFO  grpc.GrpcConfigKeys (ConfUtils.java:logGet(46)) - raft.grpc.server.heartbeat.channel = true (default)
2024-01-18 21:15:20,762 [main] INFO  grpc.GrpcConfigKeys (ConfUtils.java:logGet(46)) - raft.grpc.server.async.request.thread.pool.cached = true (default)
2024-01-18 21:15:20,762 [main] INFO  grpc.GrpcConfigKeys (ConfUtils.java:logGet(46)) - raft.grpc.server.async.request.thread.pool.size = 32 (default)
2024-01-18 21:15:20,764 [main] INFO  impl.DataStreamServerImpl (ConfUtils.java:logGet(46)) - raft.datastream.type = NETTY (custom)
2024-01-18 21:15:20,764 [main] INFO  server.RaftServerConfigKeys (ConfUtils.java:logGet(46)) - raft.server.data-stream.async.request.thread.pool.cached = false (default)
2024-01-18 21:15:20,764 [main] INFO  server.RaftServerConfigKeys (ConfUtils.java:logGet(46)) - raft.server.data-stream.async.request.thread.pool.size = 20 (custom)
2024-01-18 21:15:20,764 [main] INFO  server.RaftServerConfigKeys (ConfUtils.java:logGet(46)) - raft.server.data-stream.async.write.thread.pool.size = 16 (default)
2024-01-18 21:15:20,764 [main] INFO  netty.NettyConfigKeys$DataStream (ConfUtils.java:logGet(46)) - raft.netty.dataStream.server.channel.inactive.grace-period = 10min (default)
2024-01-18 21:15:20,764 [main] INFO  server.RaftServerConfigKeys (ConfUtils.java:logGet(46)) - raft.server.data-stream.client.pool.size = 10 (default)
2024-01-18 21:15:20,765 [main] INFO  netty.NettyConfigKeys$DataStream (ConfUtils.java:logGet(46)) - raft.netty.dataStream.server.use-epoll = true (default)
2024-01-18 21:15:20,765 [main] INFO  netty.NettyConfigKeys$DataStream (ConfUtils.java:logGet(46)) - raft.netty.dataStream.server.boss-group.size = 0 (default)
2024-01-18 21:15:20,765 [main] INFO  netty.NettyUtils (NettyUtils.java:newEventLoopGroup(69)) - Create EpollEventLoopGroup for 29c9cbb7-9d34-4a8c-85ab-994756aa497f-NettyServerStreamRpc-bossGroup; Thread size is 0.
2024-01-18 21:15:20,765 [main] INFO  netty.NettyConfigKeys$DataStream (ConfUtils.java:logGet(46)) - raft.netty.dataStream.server.worker-group.size = 0 (default)
2024-01-18 21:15:20,765 [main] INFO  netty.NettyUtils (NettyUtils.java:newEventLoopGroup(69)) - Create EpollEventLoopGroup for 29c9cbb7-9d34-4a8c-85ab-994756aa497f-NettyServerStreamRpc-workerGroup; Thread size is 0.
2024-01-18 21:15:20,765 [main] INFO  netty.NettyConfigKeys$DataStream (ConfUtils.java:logGet(46)) - raft.netty.dataStream.server.tls.conf = null (default)
2024-01-18 21:15:20,765 [main] INFO  netty.NettyConfigKeys$DataStream (ConfUtils.java:logGet(46)) - raft.netty.dataStream.host = null (default)
2024-01-18 21:15:20,766 [main] INFO  netty.NettyConfigKeys$DataStream (ConfUtils.java:logGet(46)) - raft.netty.dataStream.port = 15434 (custom)
2024-01-18 21:15:20,766 [main] INFO  server.RaftServerConfigKeys (ConfUtils.java:logGet(46)) - raft.server.sleep.deviation.threshold = 300ms (default)
2024-01-18 21:15:20,766 [29c9cbb7-9d34-4a8c-85ab-994756aa497f-NettyServerStreamRpc-bossGroup--thread1] INFO  logging.LoggingHandler (AbstractInternalLogger.java:log(148)) - [id: 0xc4931c62] REGISTERED
2024-01-18 21:15:20,766 [main] INFO  server.RaftServerConfigKeys (ConfUtils.java:logGet(46)) - raft.server.close.threshold = 60s (default)
2024-01-18 21:15:20,766 [29c9cbb7-9d34-4a8c-85ab-994756aa497f-NettyServerStreamRpc-bossGroup--thread1] INFO  logging.LoggingHandler (AbstractInternalLogger.java:log(148)) - [id: 0xc4931c62] BIND: 0.0.0.0/0.0.0.0:15434
2024-01-18 21:15:20,766 [main] INFO  server.RaftServerConfigKeys (ConfUtils.java:logGet(46)) - raft.server.leaderelection.leader.step-down.wait-time = 10s (default)
2024-01-18 21:15:20,766 [29c9cbb7-9d34-4a8c-85ab-994756aa497f-NettyServerStreamRpc-bossGroup--thread1] INFO  logging.LoggingHandler (AbstractInternalLogger.java:log(148)) - [id: 0xc4931c62, L:/0.0.0.0:15434] ACTIVE
2024-01-18 21:15:20,767 [main] INFO  server.RaftServerConfigKeys (ConfUtils.java:logGet(46)) - raft.server.storage.dir = [/home/runner/work/ozone/ozone/hadoop-ozone/integration-test/target/test-dir/MiniOzoneClusterImpl-df9b5de2-b041-43db-b9a6-571161098f76/datanode-7/data/ratis] (custom)
2024-01-18 21:15:20,767 [main] INFO  server.RaftServerConfigKeys (ConfUtils.java:logGet(46)) - raft.server.threadpool.proxy.cached = true (default)
2024-01-18 21:15:20,767 [main] INFO  server.RaftServerConfigKeys (ConfUtils.java:logGet(46)) - raft.server.threadpool.proxy.size = 0 (default)
2024-01-18 21:15:20,767 [29c9cbb7-9d34-4a8c-85ab-994756aa497f-impl-thread1] INFO  server.RaftServer (RaftServerProxy.java:initGroupDir(264)) - 29c9cbb7-9d34-4a8c-85ab-994756aa497f: found a subdirectory /home/runner/work/ozone/ozone/hadoop-ozone/integration-test/target/test-dir/MiniOzoneClusterImpl-df9b5de2-b041-43db-b9a6-571161098f76/datanode-7/data/ratis/tmp
2024-01-18 21:15:20,767 [29c9cbb7-9d34-4a8c-85ab-994756aa497f-impl-thread1] INFO  server.RaftServer (RaftServerProxy.java:initGroupDir(269)) - 29c9cbb7-9d34-4a8c-85ab-994756aa497f: The directory /home/runner/work/ozone/ozone/hadoop-ozone/integration-test/target/test-dir/MiniOzoneClusterImpl-df9b5de2-b041-43db-b9a6-571161098f76/datanode-7/data/ratis/tmp is not a group directory; ignoring it. 
2024-01-18 21:15:20,767 [main] INFO  replication.ReplicationServer (ReplicationServer.java:<init>(85)) - Initializing replication server with thread count = 10 queue length = 4096
2024-01-18 21:15:20,768 [main] INFO  server.XceiverServerGrpc (XceiverServerGrpc.java:<init>(141)) - GrpcServer channel type EpollServerSocketChannel
2024-01-18 21:15:20,769 [main] INFO  replication.ReplicationSupervisor (ReplicationSupervisor.java:build(163)) - Initializing replication supervisor with thread count = 10
2024-01-18 21:15:20,769 [main] INFO  replication.ReplicationSupervisor (ReplicationSupervisor.java:nodeStateUpdated(317)) - Node state updated to IN_SERVICE, scaling executor pool size to 10
2024-01-18 21:15:20,770 [main] INFO  http.BaseHttpServer (BaseHttpServer.java:newHttpServer2BuilderForOzone(223)) - Starting Web-server for hddsDatanode at: http://0.0.0.0:15428
2024-01-18 21:15:20,770 [main] INFO  http.BaseHttpServer (BaseHttpServer.java:<init>(110)) - Hadoop Security Enabled: false Ozone Security Enabled: false Ozone HTTP Security Enabled: false 
2024-01-18 21:15:20,771 [main] WARN  server.AuthenticationFilter (AuthenticationFilter.java:constructSecretProvider(240)) - Unable to initialize FileSignerSecretProvider, falling back to use random secrets. Reason: Could not read signature secret file: /home/runner/hadoop-http-auth-signature-secret
2024-01-18 21:15:20,771 [main] INFO  http.HttpRequestLog (HttpRequestLog.java:getRequestLog(86)) - Http request log for http.requests.hddsDatanode is not defined
2024-01-18 21:15:20,772 [main] INFO  http.HttpServer2 (HttpServer2.java:addGlobalFilter(1036)) - Added global filter 'safety' (class=org.apache.hadoop.hdds.server.http.HttpServer2$QuotingInputFilter)
2024-01-18 21:15:20,772 [main] INFO  http.HttpServer2 (HttpServer2.java:addFilter(1012)) - Added filter static_user_filter (class=org.apache.hadoop.http.lib.StaticUserWebFilter$StaticUserFilter) to context hddsDatanode
2024-01-18 21:15:20,772 [main] INFO  http.HttpServer2 (HttpServer2.java:addFilter(1020)) - Added filter static_user_filter (class=org.apache.hadoop.http.lib.StaticUserWebFilter$StaticUserFilter) to context logs
2024-01-18 21:15:20,772 [main] INFO  http.HttpServer2 (HttpServer2.java:addFilter(1020)) - Added filter static_user_filter (class=org.apache.hadoop.http.lib.StaticUserWebFilter$StaticUserFilter) to context static
2024-01-18 21:15:20,772 [main] INFO  http.BaseHttpServer (BaseHttpServer.java:<init>(189)) - HTTP server of hddsDatanode uses base directory /home/runner/work/ozone/ozone/hadoop-ozone/integration-test/target/test-dir/MiniOzoneClusterImpl-df9b5de2-b041-43db-b9a6-571161098f76/datanode-7/meta/webserver
2024-01-18 21:15:20,773 [main] INFO  http.HttpServer2 (HttpServer2.java:bindListener(1236)) - Jetty bound to port 15428
2024-01-18 21:15:20,773 [main] INFO  server.Server (Server.java:doStart(375)) - jetty-9.4.53.v20231009; built: 2023-10-09T12:29:09.265Z; git: 27bde00a0b95a1d5bbee0eae7984f891d2d0f8c9; jvm 1.8.0_392-b08
2024-01-18 21:15:20,773 [main] INFO  server.session (DefaultSessionIdManager.java:doStart(334)) - DefaultSessionIdManager workerName=node0
2024-01-18 21:15:20,773 [main] INFO  server.session (DefaultSessionIdManager.java:doStart(339)) - No SessionScavenger set, using defaults
2024-01-18 21:15:20,774 [main] INFO  server.session (HouseKeeper.java:startScavenging(132)) - node0 Scavenging every 660000ms
2024-01-18 21:15:20,774 [main] INFO  handler.ContextHandler (ContextHandler.java:doStart(921)) - Started o.e.j.s.ServletContextHandler@13e87573{logs,/logs,file:///home/runner/work/ozone/ozone/hadoop-ozone/integration-test/target/log,AVAILABLE}
2024-01-18 21:15:20,774 [main] INFO  handler.ContextHandler (ContextHandler.java:doStart(921)) - Started o.e.j.s.ServletContextHandler@d62634d{static,/static,jar:file:/home/runner/.m2/repository/org/apache/ozone/hdds-container-service/1.5.0-SNAPSHOT/hdds-container-service-1.5.0-SNAPSHOT.jar!/webapps/static,AVAILABLE}
2024-01-18 21:15:20,805 [main] INFO  handler.ContextHandler (ContextHandler.java:doStart(921)) - Started o.e.j.w.WebAppContext@4d2771bc{hddsDatanode,/,file:///home/runner/work/ozone/ozone/hadoop-ozone/integration-test/target/test-dir/MiniOzoneClusterImpl-df9b5de2-b041-43db-b9a6-571161098f76/datanode-7/meta/webserver/jetty-0_0_0_0-15428-hdds-container-service-1_5_0-SNAPSHOT_jar-_-any-4397559341544482458/webapp/,AVAILABLE}{jar:file:/home/runner/.m2/repository/org/apache/ozone/hdds-container-service/1.5.0-SNAPSHOT/hdds-container-service-1.5.0-SNAPSHOT.jar!/webapps/hddsDatanode}
2024-01-18 21:15:20,806 [main] INFO  server.AbstractConnector (AbstractConnector.java:doStart(333)) - Started ServerConnector@5ae897b5{HTTP/1.1, (http/1.1)}{0.0.0.0:15428}
2024-01-18 21:15:20,806 [main] INFO  server.Server (Server.java:doStart(415)) - Started @132052ms
2024-01-18 21:15:20,806 [main] WARN  impl.MetricsSystemImpl (MetricsSystemImpl.java:register(279)) - Sink prometheus already exists!
2024-01-18 21:15:20,806 [main] INFO  http.BaseHttpServer (BaseHttpServer.java:updateConnectorAddress(354)) - HTTP server of hddsDatanode listening at http://0.0.0.0:15428
2024-01-18 21:15:20,806 [main] INFO  ipc.CallQueueManager (CallQueueManager.java:<init>(90)) - Using callQueue: class java.util.concurrent.LinkedBlockingQueue, queueCapacity: 100, scheduler: class org.apache.hadoop.ipc.DefaultRpcScheduler, ipcBackoff: false.
2024-01-18 21:15:20,807 [main] INFO  ipc.Server (Server.java:<init>(1287)) - Listener at 0.0.0.0:15429
2024-01-18 21:15:20,807 [Socket Reader #1 for port 15429] INFO  ipc.Server (Server.java:run(1323)) - Starting Socket Reader #1 for port 15429
2024-01-18 21:15:20,811 [main] INFO  ozone.HddsDatanodeService (HddsDatanodeService.java:start(324)) - Datanode start with admins: [runner]
2024-01-18 21:15:20,811 [main] INFO  ozone.HddsDatanodeClientProtocolServer (HddsDatanodeClientProtocolServer.java:start(72)) - RPC server for Client /0.0.0.0:15429
2024-01-18 21:15:20,811 [IPC Server Responder] INFO  ipc.Server (Server.java:run(1562)) - IPC Server Responder: starting
2024-01-18 21:15:20,815 [IPC Server listener on 15429] INFO  ipc.Server (Server.java:run(1402)) - IPC Server listener on 15429: starting
2024-01-18 21:15:20,818 [29c9cbb7-9d34-4a8c-85ab-994756aa497f-DatanodeStateMachineDaemonThread] INFO  statemachine.DatanodeStateMachine (DatanodeStateMachine.java:lambda$startDaemon$1(555)) - Ozone container server started.
2024-01-18 21:15:20,818 [main] WARN  dropwizard3.Dm3MetricRegistriesImpl (Dm3MetricRegistriesImpl.java:addReporterRegistration(113)) - New reporters are added after registries were created. Some metrics will be missing from the reporter. Please add reporter before adding any new registry.
2024-01-18 21:15:20,820 [main] WARN  dropwizard3.Dm3MetricRegistriesImpl (Dm3MetricRegistriesImpl.java:addReporterRegistration(113)) - New reporters are added after registries were created. Some metrics will be missing from the reporter. Please add reporter before adding any new registry.
2024-01-18 21:15:20,820 [timer5] WARN  server.GrpcLogAppender (LogUtils.java:warn(121)) - 1004a67f-cfc1-49c1-9a32-abeb6fc0af58@group-48A34FDD60A9->de17ee7e-e9b0-45d5-a73e-71be3db22851-AppendLogResponseHandler: Failed appendEntries (Repeated 2 times in the last 5.003s): org.apache.ratis.thirdparty.io.grpc.StatusRuntimeException: UNAVAILABLE: io exception
2024-01-18 21:15:20,820 [main] INFO  impl.MetricsSystemImpl (MetricsSystemImpl.java:init(158)) - HddsDatanode metrics system started (again)
2024-01-18 21:15:20,822 [29c9cbb7-9d34-4a8c-85ab-994756aa497f-DatanodeStateMachineTaskThread-0] INFO  datanode.InitDatanodeState (InitDatanodeState.java:persistContainerDatanodeDetails(139)) - DatanodeDetails is persisted to /home/runner/work/ozone/ozone/hadoop-ozone/integration-test/target/test-dir/MiniOzoneClusterImpl-df9b5de2-b041-43db-b9a6-571161098f76/datanode-7/meta/datanode.id
2024-01-18 21:15:20,829 [main] INFO  ozone.HddsDatanodeService (HddsDatanodeService.java:start(239)) - HddsDatanodeService host:fv-az776-647.gib5dkvrjkgedmzi5ptrevqpbg.bx.internal.cloudapp.net ip:10.1.0.44
2024-01-18 21:15:20,841 [main] INFO  upgrade.AbstractLayoutVersionManager (AbstractLayoutVersionManager.java:init(83)) - Initializing Layout version manager with metadata layout = HADOOP_PRC_PORTS_IN_DATANODEDETAILS (version = 7), software layout = HADOOP_PRC_PORTS_IN_DATANODEDETAILS (version = 7)
2024-01-18 21:15:20,842 [main] INFO  statemachine.DatanodeStateMachine (DatanodeStateMachine.java:getEndPointTaskThreadPoolSize(299)) - Datanode State Machine Task Thread Pool size 2
2024-01-18 21:15:20,843 [main] INFO  volume.HddsVolume (HddsVolume.java:<init>(125)) - Creating HddsVolume: /home/runner/work/ozone/ozone/hadoop-ozone/integration-test/target/test-dir/MiniOzoneClusterImpl-df9b5de2-b041-43db-b9a6-571161098f76/datanode-8/data-0/containers/hdds of storage type : DISK capacity : 9223372036854775807
2024-01-18 21:15:20,843 [main] INFO  volume.MutableVolumeSet (MutableVolumeSet.java:initializeVolumeSet(173)) - Added Volume : /home/runner/work/ozone/ozone/hadoop-ozone/integration-test/target/test-dir/MiniOzoneClusterImpl-df9b5de2-b041-43db-b9a6-571161098f76/datanode-8/data-0/containers/hdds to VolumeSet
2024-01-18 21:15:20,843 [main] INFO  volume.MutableVolumeSet (MutableVolumeSet.java:initializeVolumeSet(173)) - Added Volume : /home/runner/work/ozone/ozone/hadoop-ozone/integration-test/target/test-dir/MiniOzoneClusterImpl-df9b5de2-b041-43db-b9a6-571161098f76/datanode-8/data/ratis to VolumeSet
2024-01-18 21:15:20,844 [main] INFO  ozoneimpl.OzoneContainer (HddsVolumeUtil.java:loadAllHddsVolumeDbStore(103)) - Load 1 volumes DbStore cost: 0ms
2024-01-18 21:15:20,844 [09e80bb5-5452-43c5-b0d6-1fc2b272d72e-ContainerReader-0] INFO  ozoneimpl.ContainerReader (ContainerReader.java:readVolume(178)) - Finish verifying containers on volume /home/runner/work/ozone/ozone/hadoop-ozone/integration-test/target/test-dir/MiniOzoneClusterImpl-df9b5de2-b041-43db-b9a6-571161098f76/datanode-8/data-0/containers/hdds
2024-01-18 21:15:20,844 [main] INFO  ozoneimpl.OzoneContainer (OzoneContainer.java:buildContainerSet(328)) - Build ContainerSet costs 0s
2024-01-18 21:15:20,845 [main] INFO  server.RaftServer (ConfUtils.java:logGet(46)) - raft.rpc.type = GRPC (default)
2024-01-18 21:15:20,845 [main] INFO  grpc.GrpcConfigKeys (ConfUtils.java:logFallback(53)) - raft.grpc.admin.host = null (fallback to raft.grpc.server.host)
2024-01-18 21:15:20,846 [main] INFO  grpc.GrpcConfigKeys (ConfUtils.java:logGet(46)) - raft.grpc.admin.port = 15441 (custom)
2024-01-18 21:15:20,846 [main] INFO  grpc.GrpcConfigKeys (ConfUtils.java:logFallback(53)) - raft.grpc.client.host = null (fallback to raft.grpc.server.host)
2024-01-18 21:15:20,846 [main] INFO  grpc.GrpcConfigKeys (ConfUtils.java:logGet(46)) - raft.grpc.client.port = 15440 (custom)
2024-01-18 21:15:20,846 [main] INFO  grpc.GrpcConfigKeys (ConfUtils.java:logGet(46)) - raft.grpc.server.host = null (default)
2024-01-18 21:15:20,846 [main] INFO  grpc.GrpcConfigKeys (ConfUtils.java:logGet(46)) - raft.grpc.server.port = 15442 (custom)
2024-01-18 21:15:20,846 [main] INFO  server.GrpcService (ConfUtils.java:logGet(46)) - raft.grpc.message.size.max = 32MB (=33554432) (custom)
2024-01-18 21:15:20,846 [main] INFO  server.RaftServerConfigKeys (ConfUtils.java:logGet(46)) - raft.server.log.appender.buffer.byte-limit = 8388608 (custom)
2024-01-18 21:15:20,846 [main] INFO  server.GrpcService (ConfUtils.java:logGet(46)) - raft.grpc.flow.control.window = 5MB (=5242880) (custom)
2024-01-18 21:15:20,847 [main] INFO  server.RaftServerConfigKeys (ConfUtils.java:logGet(46)) - raft.server.rpc.request.timeout = 3000ms (default)
2024-01-18 21:15:20,847 [main] INFO  grpc.GrpcConfigKeys (ConfUtils.java:logGet(46)) - raft.grpc.server.heartbeat.channel = true (default)
2024-01-18 21:15:20,847 [main] INFO  grpc.GrpcConfigKeys (ConfUtils.java:logGet(46)) - raft.grpc.server.async.request.thread.pool.cached = true (default)
2024-01-18 21:15:20,847 [main] INFO  grpc.GrpcConfigKeys (ConfUtils.java:logGet(46)) - raft.grpc.server.async.request.thread.pool.size = 32 (default)
2024-01-18 21:15:20,848 [main] INFO  impl.DataStreamServerImpl (ConfUtils.java:logGet(46)) - raft.datastream.type = NETTY (custom)
2024-01-18 21:15:20,849 [main] INFO  server.RaftServerConfigKeys (ConfUtils.java:logGet(46)) - raft.server.data-stream.async.request.thread.pool.cached = false (default)
2024-01-18 21:15:20,849 [main] INFO  server.RaftServerConfigKeys (ConfUtils.java:logGet(46)) - raft.server.data-stream.async.request.thread.pool.size = 20 (custom)
2024-01-18 21:15:20,849 [main] INFO  server.RaftServerConfigKeys (ConfUtils.java:logGet(46)) - raft.server.data-stream.async.write.thread.pool.size = 16 (default)
2024-01-18 21:15:20,849 [main] INFO  netty.NettyConfigKeys$DataStream (ConfUtils.java:logGet(46)) - raft.netty.dataStream.server.channel.inactive.grace-period = 10min (default)
2024-01-18 21:15:20,849 [main] INFO  server.RaftServerConfigKeys (ConfUtils.java:logGet(46)) - raft.server.data-stream.client.pool.size = 10 (default)
2024-01-18 21:15:20,849 [main] INFO  netty.NettyConfigKeys$DataStream (ConfUtils.java:logGet(46)) - raft.netty.dataStream.server.use-epoll = true (default)
2024-01-18 21:15:20,849 [main] INFO  netty.NettyConfigKeys$DataStream (ConfUtils.java:logGet(46)) - raft.netty.dataStream.server.boss-group.size = 0 (default)
2024-01-18 21:15:20,850 [main] INFO  netty.NettyUtils (NettyUtils.java:newEventLoopGroup(69)) - Create EpollEventLoopGroup for 09e80bb5-5452-43c5-b0d6-1fc2b272d72e-NettyServerStreamRpc-bossGroup; Thread size is 0.
2024-01-18 21:15:20,850 [main] INFO  netty.NettyConfigKeys$DataStream (ConfUtils.java:logGet(46)) - raft.netty.dataStream.server.worker-group.size = 0 (default)
2024-01-18 21:15:20,850 [main] INFO  netty.NettyUtils (NettyUtils.java:newEventLoopGroup(69)) - Create EpollEventLoopGroup for 09e80bb5-5452-43c5-b0d6-1fc2b272d72e-NettyServerStreamRpc-workerGroup; Thread size is 0.
2024-01-18 21:15:20,850 [main] INFO  netty.NettyConfigKeys$DataStream (ConfUtils.java:logGet(46)) - raft.netty.dataStream.server.tls.conf = null (default)
2024-01-18 21:15:20,850 [main] INFO  netty.NettyConfigKeys$DataStream (ConfUtils.java:logGet(46)) - raft.netty.dataStream.host = null (default)
2024-01-18 21:15:20,850 [main] INFO  netty.NettyConfigKeys$DataStream (ConfUtils.java:logGet(46)) - raft.netty.dataStream.port = 15443 (custom)
2024-01-18 21:15:20,851 [main] INFO  server.RaftServerConfigKeys (ConfUtils.java:logGet(46)) - raft.server.sleep.deviation.threshold = 300ms (default)
2024-01-18 21:15:20,851 [09e80bb5-5452-43c5-b0d6-1fc2b272d72e-NettyServerStreamRpc-bossGroup--thread1] INFO  logging.LoggingHandler (AbstractInternalLogger.java:log(148)) - [id: 0xf4aba3ef] REGISTERED
2024-01-18 21:15:20,851 [main] INFO  server.RaftServerConfigKeys (ConfUtils.java:logGet(46)) - raft.server.close.threshold = 60s (default)
2024-01-18 21:15:20,851 [09e80bb5-5452-43c5-b0d6-1fc2b272d72e-NettyServerStreamRpc-bossGroup--thread1] INFO  logging.LoggingHandler (AbstractInternalLogger.java:log(148)) - [id: 0xf4aba3ef] BIND: 0.0.0.0/0.0.0.0:15443
2024-01-18 21:15:20,851 [main] INFO  server.RaftServerConfigKeys (ConfUtils.java:logGet(46)) - raft.server.leaderelection.leader.step-down.wait-time = 10s (default)
2024-01-18 21:15:20,851 [09e80bb5-5452-43c5-b0d6-1fc2b272d72e-NettyServerStreamRpc-bossGroup--thread1] INFO  logging.LoggingHandler (AbstractInternalLogger.java:log(148)) - [id: 0xf4aba3ef, L:/0.0.0.0:15443] ACTIVE
2024-01-18 21:15:20,851 [main] INFO  server.RaftServerConfigKeys (ConfUtils.java:logGet(46)) - raft.server.storage.dir = [/home/runner/work/ozone/ozone/hadoop-ozone/integration-test/target/test-dir/MiniOzoneClusterImpl-df9b5de2-b041-43db-b9a6-571161098f76/datanode-8/data/ratis] (custom)
2024-01-18 21:15:20,851 [main] INFO  server.RaftServerConfigKeys (ConfUtils.java:logGet(46)) - raft.server.threadpool.proxy.cached = true (default)
2024-01-18 21:15:20,852 [main] INFO  server.RaftServerConfigKeys (ConfUtils.java:logGet(46)) - raft.server.threadpool.proxy.size = 0 (default)
2024-01-18 21:15:20,852 [09e80bb5-5452-43c5-b0d6-1fc2b272d72e-impl-thread1] INFO  server.RaftServer (RaftServerProxy.java:initGroupDir(264)) - 09e80bb5-5452-43c5-b0d6-1fc2b272d72e: found a subdirectory /home/runner/work/ozone/ozone/hadoop-ozone/integration-test/target/test-dir/MiniOzoneClusterImpl-df9b5de2-b041-43db-b9a6-571161098f76/datanode-8/data/ratis/tmp
2024-01-18 21:15:20,852 [09e80bb5-5452-43c5-b0d6-1fc2b272d72e-impl-thread1] INFO  server.RaftServer (RaftServerProxy.java:initGroupDir(269)) - 09e80bb5-5452-43c5-b0d6-1fc2b272d72e: The directory /home/runner/work/ozone/ozone/hadoop-ozone/integration-test/target/test-dir/MiniOzoneClusterImpl-df9b5de2-b041-43db-b9a6-571161098f76/datanode-8/data/ratis/tmp is not a group directory; ignoring it. 
2024-01-18 21:15:20,852 [main] INFO  replication.ReplicationServer (ReplicationServer.java:<init>(85)) - Initializing replication server with thread count = 10 queue length = 4096
2024-01-18 21:15:20,853 [main] INFO  server.XceiverServerGrpc (XceiverServerGrpc.java:<init>(141)) - GrpcServer channel type EpollServerSocketChannel
2024-01-18 21:15:20,854 [main] INFO  replication.ReplicationSupervisor (ReplicationSupervisor.java:build(163)) - Initializing replication supervisor with thread count = 10
2024-01-18 21:15:20,854 [main] INFO  replication.ReplicationSupervisor (ReplicationSupervisor.java:nodeStateUpdated(317)) - Node state updated to IN_SERVICE, scaling executor pool size to 10
2024-01-18 21:15:20,855 [main] INFO  http.BaseHttpServer (BaseHttpServer.java:newHttpServer2BuilderForOzone(223)) - Starting Web-server for hddsDatanode at: http://0.0.0.0:15437
2024-01-18 21:15:20,855 [main] INFO  http.BaseHttpServer (BaseHttpServer.java:<init>(110)) - Hadoop Security Enabled: false Ozone Security Enabled: false Ozone HTTP Security Enabled: false 
2024-01-18 21:15:20,856 [main] WARN  server.AuthenticationFilter (AuthenticationFilter.java:constructSecretProvider(240)) - Unable to initialize FileSignerSecretProvider, falling back to use random secrets. Reason: Could not read signature secret file: /home/runner/hadoop-http-auth-signature-secret
2024-01-18 21:15:20,856 [main] INFO  http.HttpRequestLog (HttpRequestLog.java:getRequestLog(86)) - Http request log for http.requests.hddsDatanode is not defined
2024-01-18 21:15:20,857 [main] INFO  http.HttpServer2 (HttpServer2.java:addGlobalFilter(1036)) - Added global filter 'safety' (class=org.apache.hadoop.hdds.server.http.HttpServer2$QuotingInputFilter)
2024-01-18 21:15:20,857 [main] INFO  http.HttpServer2 (HttpServer2.java:addFilter(1012)) - Added filter static_user_filter (class=org.apache.hadoop.http.lib.StaticUserWebFilter$StaticUserFilter) to context hddsDatanode
2024-01-18 21:15:20,857 [main] INFO  http.HttpServer2 (HttpServer2.java:addFilter(1020)) - Added filter static_user_filter (class=org.apache.hadoop.http.lib.StaticUserWebFilter$StaticUserFilter) to context static
2024-01-18 21:15:20,858 [main] INFO  http.HttpServer2 (HttpServer2.java:addFilter(1020)) - Added filter static_user_filter (class=org.apache.hadoop.http.lib.StaticUserWebFilter$StaticUserFilter) to context logs
2024-01-18 21:15:20,858 [main] INFO  http.BaseHttpServer (BaseHttpServer.java:<init>(189)) - HTTP server of hddsDatanode uses base directory /home/runner/work/ozone/ozone/hadoop-ozone/integration-test/target/test-dir/MiniOzoneClusterImpl-df9b5de2-b041-43db-b9a6-571161098f76/datanode-8/meta/webserver
2024-01-18 21:15:20,858 [main] INFO  http.HttpServer2 (HttpServer2.java:bindListener(1236)) - Jetty bound to port 15437
2024-01-18 21:15:20,858 [main] INFO  server.Server (Server.java:doStart(375)) - jetty-9.4.53.v20231009; built: 2023-10-09T12:29:09.265Z; git: 27bde00a0b95a1d5bbee0eae7984f891d2d0f8c9; jvm 1.8.0_392-b08
2024-01-18 21:15:20,859 [main] INFO  server.session (DefaultSessionIdManager.java:doStart(334)) - DefaultSessionIdManager workerName=node0
2024-01-18 21:15:20,860 [main] INFO  server.session (DefaultSessionIdManager.java:doStart(339)) - No SessionScavenger set, using defaults
2024-01-18 21:15:20,860 [main] INFO  server.session (HouseKeeper.java:startScavenging(132)) - node0 Scavenging every 660000ms
2024-01-18 21:15:20,860 [main] INFO  handler.ContextHandler (ContextHandler.java:doStart(921)) - Started o.e.j.s.ServletContextHandler@352b1322{logs,/logs,file:///home/runner/work/ozone/ozone/hadoop-ozone/integration-test/target/log,AVAILABLE}
2024-01-18 21:15:20,861 [main] INFO  handler.ContextHandler (ContextHandler.java:doStart(921)) - Started o.e.j.s.ServletContextHandler@68f3b67b{static,/static,jar:file:/home/runner/.m2/repository/org/apache/ozone/hdds-container-service/1.5.0-SNAPSHOT/hdds-container-service-1.5.0-SNAPSHOT.jar!/webapps/static,AVAILABLE}
2024-01-18 21:15:20,894 [main] INFO  handler.ContextHandler (ContextHandler.java:doStart(921)) - Started o.e.j.w.WebAppContext@3d366256{hddsDatanode,/,file:///home/runner/work/ozone/ozone/hadoop-ozone/integration-test/target/test-dir/MiniOzoneClusterImpl-df9b5de2-b041-43db-b9a6-571161098f76/datanode-8/meta/webserver/jetty-0_0_0_0-15437-hdds-container-service-1_5_0-SNAPSHOT_jar-_-any-6737502770647568757/webapp/,AVAILABLE}{jar:file:/home/runner/.m2/repository/org/apache/ozone/hdds-container-service/1.5.0-SNAPSHOT/hdds-container-service-1.5.0-SNAPSHOT.jar!/webapps/hddsDatanode}
2024-01-18 21:15:20,894 [main] INFO  server.AbstractConnector (AbstractConnector.java:doStart(333)) - Started ServerConnector@452440c0{HTTP/1.1, (http/1.1)}{0.0.0.0:15437}
2024-01-18 21:15:20,894 [main] INFO  server.Server (Server.java:doStart(415)) - Started @132141ms
2024-01-18 21:15:20,894 [main] WARN  impl.MetricsSystemImpl (MetricsSystemImpl.java:register(279)) - Sink prometheus already exists!
2024-01-18 21:15:20,895 [main] INFO  http.BaseHttpServer (BaseHttpServer.java:updateConnectorAddress(354)) - HTTP server of hddsDatanode listening at http://0.0.0.0:15437
2024-01-18 21:15:20,895 [main] INFO  ipc.CallQueueManager (CallQueueManager.java:<init>(90)) - Using callQueue: class java.util.concurrent.LinkedBlockingQueue, queueCapacity: 100, scheduler: class org.apache.hadoop.ipc.DefaultRpcScheduler, ipcBackoff: false.
2024-01-18 21:15:20,895 [main] INFO  ipc.Server (Server.java:<init>(1287)) - Listener at 0.0.0.0:15438
2024-01-18 21:15:20,895 [Socket Reader #1 for port 15438] INFO  ipc.Server (Server.java:run(1323)) - Starting Socket Reader #1 for port 15438
2024-01-18 21:15:20,896 [main] INFO  ozone.HddsDatanodeService (HddsDatanodeService.java:start(324)) - Datanode start with admins: [runner]
2024-01-18 21:15:20,896 [main] INFO  ozone.HddsDatanodeClientProtocolServer (HddsDatanodeClientProtocolServer.java:start(72)) - RPC server for Client /0.0.0.0:15438
2024-01-18 21:15:20,897 [IPC Server Responder] INFO  ipc.Server (Server.java:run(1562)) - IPC Server Responder: starting
2024-01-18 21:15:20,897 [IPC Server listener on 15438] INFO  ipc.Server (Server.java:run(1402)) - IPC Server listener on 15438: starting
2024-01-18 21:15:20,897 [09e80bb5-5452-43c5-b0d6-1fc2b272d72e-DatanodeStateMachineDaemonThread] INFO  statemachine.DatanodeStateMachine (DatanodeStateMachine.java:lambda$startDaemon$1(555)) - Ozone container server started.
2024-01-18 21:15:20,897 [main] INFO  ozone.MiniOzoneClusterImpl (MiniOzoneClusterImpl.java:lambda$waitForClusterToBeReady$0(229)) - Waiting for nodes to be ready. Got 0 of 9 DN Heartbeats.
2024-01-18 21:15:20,897 [main] INFO  ozone.MiniOzoneClusterImpl (MiniOzoneClusterImpl.java:lambda$waitForClusterToBeReady$0(232)) - Waiting for cluster to exit safe mode
2024-01-18 21:15:20,898 [main] INFO  ozone.MiniOzoneClusterImpl (MiniOzoneClusterImpl.java:lambda$waitForClusterToBeReady$0(234)) - SCM became leader
2024-01-18 21:15:20,903 [09e80bb5-5452-43c5-b0d6-1fc2b272d72e-DatanodeStateMachineTaskThread-0] INFO  datanode.InitDatanodeState (InitDatanodeState.java:persistContainerDatanodeDetails(139)) - DatanodeDetails is persisted to /home/runner/work/ozone/ozone/hadoop-ozone/integration-test/target/test-dir/MiniOzoneClusterImpl-df9b5de2-b041-43db-b9a6-571161098f76/datanode-8/meta/datanode.id
2024-01-18 21:15:21,131 [om1@group-C5BA1605619E-FollowerState] INFO  impl.FollowerState (FollowerState.java:run(143)) - om1@group-C5BA1605619E-FollowerState: change to CANDIDATE, lastRpcElapsedTime:1020449271ns, electionTimeout:1020ms
2024-01-18 21:15:21,131 [om1@group-C5BA1605619E-FollowerState] INFO  impl.RoleInfo (RoleInfo.java:shutdownFollowerState(110)) - om1: shutdown om1@group-C5BA1605619E-FollowerState
2024-01-18 21:15:21,131 [om1@group-C5BA1605619E-FollowerState] INFO  server.RaftServer$Division (RaftServerImpl.java:setRole(383)) - om1@group-C5BA1605619E: changes role from  FOLLOWER to CANDIDATE at term 0 for changeToCandidate
2024-01-18 21:15:21,131 [om1@group-C5BA1605619E-FollowerState] INFO  server.RaftServerConfigKeys (ConfUtils.java:logGet(46)) - raft.server.leaderelection.pre-vote = true (default)
2024-01-18 21:15:21,131 [om1@group-C5BA1605619E-FollowerState] INFO  impl.RoleInfo (RoleInfo.java:updateAndGet(139)) - om1: start om1@group-C5BA1605619E-LeaderElection61
2024-01-18 21:15:21,134 [om1@group-C5BA1605619E-LeaderElection61] INFO  impl.LeaderElection (LeaderElection.java:askForVotes(321)) - om1@group-C5BA1605619E-LeaderElection61 PRE_VOTE round 0: submit vote requests at term 0 for -1: peers:[om1|localhost:15363]|listeners:[], old=null
2024-01-18 21:15:21,134 [om1@group-C5BA1605619E-LeaderElection61] INFO  impl.LeaderElection (LeaderElection.java:askForVotes(323)) - om1@group-C5BA1605619E-LeaderElection61 PRE_VOTE round 0: result PASSED (term=0)
2024-01-18 21:15:21,135 [om1@group-C5BA1605619E-LeaderElection61] INFO  impl.LeaderElection (LeaderElection.java:askForVotes(321)) - om1@group-C5BA1605619E-LeaderElection61 ELECTION round 0: submit vote requests at term 1 for -1: peers:[om1|localhost:15363]|listeners:[], old=null
2024-01-18 21:15:21,135 [om1@group-C5BA1605619E-LeaderElection61] INFO  impl.LeaderElection (LeaderElection.java:askForVotes(323)) - om1@group-C5BA1605619E-LeaderElection61 ELECTION round 0: result PASSED (term=1)
2024-01-18 21:15:21,135 [om1@group-C5BA1605619E-LeaderElection61] INFO  impl.RoleInfo (RoleInfo.java:shutdownLeaderElection(130)) - om1: shutdown om1@group-C5BA1605619E-LeaderElection61
2024-01-18 21:15:21,135 [om1@group-C5BA1605619E-LeaderElection61] INFO  server.RaftServer$Division (RaftServerImpl.java:setRole(383)) - om1@group-C5BA1605619E: changes role from CANDIDATE to LEADER at term 1 for changeToLeader
2024-01-18 21:15:21,135 [om1@group-C5BA1605619E-LeaderElection61] INFO  server.RaftServerConfigKeys (ConfUtils.java:logGet(46)) - raft.server.staging.catchup.gap = 1000 (default)
2024-01-18 21:15:21,135 [om1@group-C5BA1605619E-LeaderElection61] INFO  server.RaftServerConfigKeys (ConfUtils.java:logGet(46)) - raft.server.write.element-limit = 4096 (default)
2024-01-18 21:15:21,135 [om1@group-C5BA1605619E-LeaderElection61] INFO  server.RaftServerConfigKeys (ConfUtils.java:logGet(46)) - raft.server.write.byte-limit = 64MB (=67108864) (default)
2024-01-18 21:15:21,135 [om1@group-C5BA1605619E-LeaderElection61] INFO  server.RaftServerConfigKeys (ConfUtils.java:logGet(46)) - raft.server.watch.timeout = 10s (default)
2024-01-18 21:15:21,135 [om1@group-C5BA1605619E-LeaderElection61] INFO  server.RaftServerConfigKeys (ConfUtils.java:logGet(46)) - raft.server.watch.timeout.denomination = 1s (default)
2024-01-18 21:15:21,135 [om1@group-C5BA1605619E-LeaderElection61] INFO  server.RaftServerConfigKeys (ConfUtils.java:logGet(46)) - raft.server.watch.element-limit = 65536 (default)
2024-01-18 21:15:21,135 [om1@group-C5BA1605619E-LeaderElection61] INFO  server.RaftServerConfigKeys (ConfUtils.java:logGet(46)) - raft.server.read.leader.lease.enabled = false (default)
2024-01-18 21:15:21,135 [om1@group-C5BA1605619E-LeaderElection61] INFO  server.RaftServerConfigKeys (ConfUtils.java:logGet(46)) - raft.server.read.leader.lease.timeout.ratio = 0.9 (default)
2024-01-18 21:15:21,135 [om1@group-C5BA1605619E-LeaderElection61] INFO  server.RaftServerConfigKeys (ConfUtils.java:logGet(46)) - raft.server.rpc.timeout.min = 1s (custom)
2024-01-18 21:15:21,135 [om1@group-C5BA1605619E-LeaderElection61] INFO  server.RaftServerConfigKeys (ConfUtils.java:logGet(46)) - raft.server.write.element-limit = 4096 (default)
2024-01-18 21:15:21,135 [om1@group-C5BA1605619E-LeaderElection61] INFO  server.RaftServerConfigKeys (ConfUtils.java:logGet(46)) - raft.server.write.follower.gap.ratio.max = -1.0 (default)
2024-01-18 21:15:21,136 [om1@group-C5BA1605619E-LeaderElection61] INFO  impl.RoleInfo (RoleInfo.java:updateAndGet(139)) - om1: start om1@group-C5BA1605619E-LeaderStateImpl
2024-01-18 21:15:21,136 [om1@group-C5BA1605619E-LeaderElection61] INFO  server.RaftServer$Division (RaftServerImpl.java:setFirstElection(574)) - om1@group-C5BA1605619E: set firstElectionSinceStartup to false for becomeLeader
2024-01-18 21:15:21,136 [om1@group-C5BA1605619E-LeaderElection61] INFO  server.RaftServer$Division (ServerState.java:setLeader(269)) - om1@group-C5BA1605619E: change Leader from null to om1 at term 1 for becomeLeader, leader elected after 1237ms
2024-01-18 21:15:21,136 [om1@group-C5BA1605619E-LeaderElection61] INFO  segmented.SegmentedRaftLogWorker (SegmentedRaftLogWorker.java:startLogSegment(430)) - om1@group-C5BA1605619E-SegmentedRaftLogWorker: Starting segment from index:0
2024-01-18 21:15:21,136 [om1@group-C5BA1605619E-SegmentedRaftLogWorker] INFO  segmented.BufferedWriteChannel (BufferedWriteChannel.java:open(62)) - open log_inprogress_0 at position 0
2024-01-18 21:15:21,137 [om1@group-C5BA1605619E-LeaderElection61] INFO  server.RaftServer$Division (ServerState.java:setRaftConf(386)) - om1@group-C5BA1605619E: set configuration 0: peers:[om1|localhost:15363]|listeners:[], old=null
2024-01-18 21:15:21,143 [om1@group-C5BA1605619E-SegmentedRaftLogWorker] INFO  segmented.SegmentedRaftLogWorker (SegmentedRaftLogWorker.java:execute(634)) - om1@group-C5BA1605619E-SegmentedRaftLogWorker: created new log segment /home/runner/work/ozone/ozone/hadoop-ozone/integration-test/target/test-dir/MiniOzoneClusterImpl-df9b5de2-b041-43db-b9a6-571161098f76/ozone-meta/ratis/bf265839-605b-3f16-9796-c5ba1605619e/current/log_inprogress_0
2024-01-18 21:15:21,144 [om1@group-C5BA1605619E-StateMachineUpdater] INFO  ratis.OzoneManagerStateMachine (OzoneManagerStateMachine.java:notifyConfigurationChanged(211)) - Received Configuration change notification from Ratis. New Peer list:
[id: "om1"
address: "localhost:15363"
startupRole: FOLLOWER
]
2024-01-18 21:15:21,144 [om1@group-C5BA1605619E-StateMachineUpdater] INFO  server.RaftServer$Division (LeaderStateImpl.java:isApplied(320)) - leader is ready since appliedIndex == 0 >= startIndex == 0
2024-01-18 21:15:21,304 [timer6] WARN  server.GrpcLogAppender (LogUtils.java:warn(121)) - b61613e4-5d10-4abb-a7f1-1ff8b6395bee@group-4F35659B6598->1013b536-387d-483f-80c7-d09dc3cbd0ff-AppendLogResponseHandler: Failed appendEntries (Repeated 2 times in the last 5.000s): org.apache.ratis.thirdparty.io.grpc.StatusRuntimeException: CANCELLED: RST_STREAM closed stream. HTTP/2 error code: CANCEL
2024-01-18 21:15:21,304 [timer7] WARN  server.GrpcLogAppender (GrpcLogAppender.java:lambda$resetClient$1(217)) - b61613e4-5d10-4abb-a7f1-1ff8b6395bee@group-4F35659B6598->1013b536-387d-483f-80c7-d09dc3cbd0ff-GrpcLogAppender: Follower failed (request=null, errorCount=2); keep nextIndex (1) unchanged and retry. (Repeated 2 times in the last 5.000s)
2024-01-18 21:15:21,335 [timer0] WARN  server.GrpcLogAppender (LogUtils.java:warn(121)) - 3ac9c17c-e22b-4616-aff1-fccb3800c965@group-78BEA414707B->3cf6b9ee-e799-47cd-91ce-a91bb8f89f1c-AppendLogResponseHandler: Failed appendEntries (Repeated 2 times in the last 4.999s): org.apache.ratis.thirdparty.io.grpc.StatusRuntimeException: CANCELLED: RST_STREAM closed stream. HTTP/2 error code: CANCEL
2024-01-18 21:15:21,335 [timer1] WARN  server.GrpcLogAppender (GrpcLogAppender.java:lambda$resetClient$1(217)) - 3ac9c17c-e22b-4616-aff1-fccb3800c965@group-78BEA414707B->3cf6b9ee-e799-47cd-91ce-a91bb8f89f1c-GrpcLogAppender: Follower failed (request=null, errorCount=2); keep nextIndex (1) unchanged and retry. (Repeated 2 times in the last 5.000s)
2024-01-18 21:15:21,364 [timer2] WARN  server.GrpcLogAppender (LogUtils.java:warn(121)) - b61613e4-5d10-4abb-a7f1-1ff8b6395bee@group-4F35659B6598->b7c4a63b-914e-46a3-975e-d00a7b015689-AppendLogResponseHandler: Failed appendEntries (Repeated 2 times in the last 5.000s): org.apache.ratis.thirdparty.io.grpc.StatusRuntimeException: CANCELLED: RST_STREAM closed stream. HTTP/2 error code: CANCEL
2024-01-18 21:15:21,364 [timer3] WARN  server.GrpcLogAppender (GrpcLogAppender.java:lambda$resetClient$1(217)) - b61613e4-5d10-4abb-a7f1-1ff8b6395bee@group-4F35659B6598->b7c4a63b-914e-46a3-975e-d00a7b015689-GrpcLogAppender: Follower failed (request=null, errorCount=2); keep nextIndex (1) unchanged and retry. (Repeated 2 times in the last 5.000s)
2024-01-18 21:15:21,902 [main] INFO  ozone.MiniOzoneClusterImpl (MiniOzoneClusterImpl.java:lambda$waitForClusterToBeReady$0(229)) - Waiting for nodes to be ready. Got 0 of 9 DN Heartbeats.
2024-01-18 21:15:21,902 [main] INFO  ozone.MiniOzoneClusterImpl (MiniOzoneClusterImpl.java:lambda$waitForClusterToBeReady$0(232)) - Waiting for cluster to exit safe mode
2024-01-18 21:15:21,902 [main] INFO  ozone.MiniOzoneClusterImpl (MiniOzoneClusterImpl.java:lambda$waitForClusterToBeReady$0(234)) - SCM became leader
2024-01-18 21:15:22,245 [50b158ec-4e8f-4837-b5f0-9c37661490ab-EndpointStateMachineTaskThread-/0.0.0.0:15358-0 ] INFO  utils.DatanodeStoreCache (DatanodeStoreCache.java:addDB(72)) - Added db /home/runner/work/ozone/ozone/hadoop-ozone/integration-test/target/test-dir/MiniOzoneClusterImpl-df9b5de2-b041-43db-b9a6-571161098f76/datanode-0/data-0/containers/hdds/df9b5de2-b041-43db-b9a6-571161098f76/DS-aeec0d8c-241a-48b9-ad5a-074acf1c0004/container.db to cache
2024-01-18 21:15:22,245 [50b158ec-4e8f-4837-b5f0-9c37661490ab-EndpointStateMachineTaskThread-/0.0.0.0:15358-0 ] INFO  volume.HddsVolume (HddsVolume.java:createDbStore(420)) - SchemaV3 db is created and loaded at /home/runner/work/ozone/ozone/hadoop-ozone/integration-test/target/test-dir/MiniOzoneClusterImpl-df9b5de2-b041-43db-b9a6-571161098f76/datanode-0/data-0/containers/hdds/df9b5de2-b041-43db-b9a6-571161098f76/DS-aeec0d8c-241a-48b9-ad5a-074acf1c0004/container.db for volume DS-aeec0d8c-241a-48b9-ad5a-074acf1c0004
2024-01-18 21:15:22,246 [50b158ec-4e8f-4837-b5f0-9c37661490ab-EndpointStateMachineTaskThread-/0.0.0.0:15358-0 ] INFO  volume.ThrottledAsyncChecker (ThrottledAsyncChecker.java:schedule(141)) - Scheduling a check for /home/runner/work/ozone/ozone/hadoop-ozone/integration-test/target/test-dir/MiniOzoneClusterImpl-df9b5de2-b041-43db-b9a6-571161098f76/datanode-0/data-0/containers/hdds
2024-01-18 21:15:22,247 [50b158ec-4e8f-4837-b5f0-9c37661490ab-EndpointStateMachineTaskThread-/0.0.0.0:15358-0 ] INFO  volume.StorageVolumeChecker (StorageVolumeChecker.java:checkAllVolumes(218)) - Scheduled health check for volume /home/runner/work/ozone/ozone/hadoop-ozone/integration-test/target/test-dir/MiniOzoneClusterImpl-df9b5de2-b041-43db-b9a6-571161098f76/datanode-0/data-0/containers/hdds
2024-01-18 21:15:22,248 [50b158ec-4e8f-4837-b5f0-9c37661490ab-EndpointStateMachineTaskThread-/0.0.0.0:15358-0 ] INFO  volume.ThrottledAsyncChecker (ThrottledAsyncChecker.java:schedule(141)) - Scheduling a check for /home/runner/work/ozone/ozone/hadoop-ozone/integration-test/target/test-dir/MiniOzoneClusterImpl-df9b5de2-b041-43db-b9a6-571161098f76/datanode-0/data/ratis
2024-01-18 21:15:22,248 [50b158ec-4e8f-4837-b5f0-9c37661490ab-EndpointStateMachineTaskThread-/0.0.0.0:15358-0 ] INFO  volume.StorageVolumeChecker (StorageVolumeChecker.java:checkAllVolumes(218)) - Scheduled health check for volume /home/runner/work/ozone/ozone/hadoop-ozone/integration-test/target/test-dir/MiniOzoneClusterImpl-df9b5de2-b041-43db-b9a6-571161098f76/datanode-0/data/ratis
2024-01-18 21:15:22,248 [50b158ec-4e8f-4837-b5f0-9c37661490ab-EndpointStateMachineTaskThread-/0.0.0.0:15358-0 ] INFO  ozoneimpl.OzoneContainer (OzoneContainer.java:start(457)) - Attempting to start container services.
2024-01-18 21:15:22,248 [50b158ec-4e8f-4837-b5f0-9c37661490ab-EndpointStateMachineTaskThread-/0.0.0.0:15358-0 ] INFO  ozoneimpl.OzoneContainer (OzoneContainer.java:startContainerScrub(339)) - Scheduled background container scanners and the on-demand container scanner have been disabled.
2024-01-18 21:15:22,249 [50b158ec-4e8f-4837-b5f0-9c37661490ab-EndpointStateMachineTaskThread-/0.0.0.0:15358-0 ] INFO  replication.ReplicationServer (ReplicationServer.java:start(139)) - ReplicationServer is started using port 15372
2024-01-18 21:15:22,249 [50b158ec-4e8f-4837-b5f0-9c37661490ab-EndpointStateMachineTaskThread-/0.0.0.0:15358-0 ] INFO  ratis.XceiverServerRatis (XceiverServerRatis.java:start(549)) - Starting XceiverServerRatis 50b158ec-4e8f-4837-b5f0-9c37661490ab
2024-01-18 21:15:22,249 [50b158ec-4e8f-4837-b5f0-9c37661490ab-EndpointStateMachineTaskThread-/0.0.0.0:15358-0 ] INFO  server.RaftServer (RaftServerProxy.java:startImpl(406)) - 50b158ec-4e8f-4837-b5f0-9c37661490ab: start RPC server
2024-01-18 21:15:22,249 [50b158ec-4e8f-4837-b5f0-9c37661490ab-EndpointStateMachineTaskThread-/0.0.0.0:15358-0 ] INFO  server.GrpcService (GrpcService.java:startImpl(302)) - 50b158ec-4e8f-4837-b5f0-9c37661490ab: GrpcService started, listening on 15368
2024-01-18 21:15:22,249 [50b158ec-4e8f-4837-b5f0-9c37661490ab-EndpointStateMachineTaskThread-/0.0.0.0:15358-0 ] INFO  server.GrpcService (GrpcService.java:startImpl(302)) - 50b158ec-4e8f-4837-b5f0-9c37661490ab: GrpcService started, listening on 15370
2024-01-18 21:15:22,250 [50b158ec-4e8f-4837-b5f0-9c37661490ab-EndpointStateMachineTaskThread-/0.0.0.0:15358-0 ] INFO  server.GrpcService (GrpcService.java:startImpl(302)) - 50b158ec-4e8f-4837-b5f0-9c37661490ab: GrpcService started, listening on 15369
2024-01-18 21:15:22,250 [50b158ec-4e8f-4837-b5f0-9c37661490ab-EndpointStateMachineTaskThread-/0.0.0.0:15358-0 ] INFO  ratis.XceiverServerRatis (XceiverServerRatis.java:getRealPort(575)) - XceiverServerRatis 50b158ec-4e8f-4837-b5f0-9c37661490ab is started using port 15368 for RATIS
2024-01-18 21:15:22,250 [JvmPauseMonitor46] INFO  util.JvmPauseMonitor (JvmPauseMonitor.java:run(146)) - JvmPauseMonitor-50b158ec-4e8f-4837-b5f0-9c37661490ab: Started
2024-01-18 21:15:22,250 [50b158ec-4e8f-4837-b5f0-9c37661490ab-EndpointStateMachineTaskThread-/0.0.0.0:15358-0 ] INFO  ratis.XceiverServerRatis (XceiverServerRatis.java:getRealPort(575)) - XceiverServerRatis 50b158ec-4e8f-4837-b5f0-9c37661490ab is started using port 15369 for RATIS_ADMIN
2024-01-18 21:15:22,250 [50b158ec-4e8f-4837-b5f0-9c37661490ab-EndpointStateMachineTaskThread-/0.0.0.0:15358-0 ] INFO  ratis.XceiverServerRatis (XceiverServerRatis.java:getRealPort(575)) - XceiverServerRatis 50b158ec-4e8f-4837-b5f0-9c37661490ab is started using port 15370 for RATIS_SERVER
2024-01-18 21:15:22,250 [50b158ec-4e8f-4837-b5f0-9c37661490ab-EndpointStateMachineTaskThread-/0.0.0.0:15358-0 ] INFO  ratis.XceiverServerRatis (XceiverServerRatis.java:getRealPort(575)) - XceiverServerRatis 50b158ec-4e8f-4837-b5f0-9c37661490ab is started using port 15371 for RATIS_DATASTREAM
2024-01-18 21:15:22,251 [50b158ec-4e8f-4837-b5f0-9c37661490ab-BlockDeletingService#0] INFO  interfaces.ContainerDeletionChoosingPolicyTemplate (ContainerDeletionChoosingPolicyTemplate.java:chooseContainerForBlockDeletion(85)) - Chosen 0/5000 blocks from 0 candidate containers.
2024-01-18 21:15:22,318 [06a116e4-916e-4670-b681-a534e52e7a54-EndpointStateMachineTaskThread-/0.0.0.0:15358-0 ] INFO  utils.DatanodeStoreCache (DatanodeStoreCache.java:addDB(72)) - Added db /home/runner/work/ozone/ozone/hadoop-ozone/integration-test/target/test-dir/MiniOzoneClusterImpl-df9b5de2-b041-43db-b9a6-571161098f76/datanode-1/data-0/containers/hdds/df9b5de2-b041-43db-b9a6-571161098f76/DS-9c25af74-0c69-4703-b946-2e126bbb36e9/container.db to cache
2024-01-18 21:15:22,318 [06a116e4-916e-4670-b681-a534e52e7a54-EndpointStateMachineTaskThread-/0.0.0.0:15358-0 ] INFO  volume.HddsVolume (HddsVolume.java:createDbStore(420)) - SchemaV3 db is created and loaded at /home/runner/work/ozone/ozone/hadoop-ozone/integration-test/target/test-dir/MiniOzoneClusterImpl-df9b5de2-b041-43db-b9a6-571161098f76/datanode-1/data-0/containers/hdds/df9b5de2-b041-43db-b9a6-571161098f76/DS-9c25af74-0c69-4703-b946-2e126bbb36e9/container.db for volume DS-9c25af74-0c69-4703-b946-2e126bbb36e9
2024-01-18 21:15:22,319 [06a116e4-916e-4670-b681-a534e52e7a54-EndpointStateMachineTaskThread-/0.0.0.0:15358-0 ] INFO  volume.ThrottledAsyncChecker (ThrottledAsyncChecker.java:schedule(141)) - Scheduling a check for /home/runner/work/ozone/ozone/hadoop-ozone/integration-test/target/test-dir/MiniOzoneClusterImpl-df9b5de2-b041-43db-b9a6-571161098f76/datanode-1/data-0/containers/hdds
2024-01-18 21:15:22,320 [06a116e4-916e-4670-b681-a534e52e7a54-EndpointStateMachineTaskThread-/0.0.0.0:15358-0 ] INFO  volume.StorageVolumeChecker (StorageVolumeChecker.java:checkAllVolumes(218)) - Scheduled health check for volume /home/runner/work/ozone/ozone/hadoop-ozone/integration-test/target/test-dir/MiniOzoneClusterImpl-df9b5de2-b041-43db-b9a6-571161098f76/datanode-1/data-0/containers/hdds
2024-01-18 21:15:22,321 [06a116e4-916e-4670-b681-a534e52e7a54-EndpointStateMachineTaskThread-/0.0.0.0:15358-0 ] INFO  volume.ThrottledAsyncChecker (ThrottledAsyncChecker.java:schedule(141)) - Scheduling a check for /home/runner/work/ozone/ozone/hadoop-ozone/integration-test/target/test-dir/MiniOzoneClusterImpl-df9b5de2-b041-43db-b9a6-571161098f76/datanode-1/data/ratis
2024-01-18 21:15:22,321 [06a116e4-916e-4670-b681-a534e52e7a54-EndpointStateMachineTaskThread-/0.0.0.0:15358-0 ] INFO  volume.StorageVolumeChecker (StorageVolumeChecker.java:checkAllVolumes(218)) - Scheduled health check for volume /home/runner/work/ozone/ozone/hadoop-ozone/integration-test/target/test-dir/MiniOzoneClusterImpl-df9b5de2-b041-43db-b9a6-571161098f76/datanode-1/data/ratis
2024-01-18 21:15:22,321 [06a116e4-916e-4670-b681-a534e52e7a54-EndpointStateMachineTaskThread-/0.0.0.0:15358-0 ] INFO  ozoneimpl.OzoneContainer (OzoneContainer.java:start(457)) - Attempting to start container services.
2024-01-18 21:15:22,321 [06a116e4-916e-4670-b681-a534e52e7a54-EndpointStateMachineTaskThread-/0.0.0.0:15358-0 ] INFO  ozoneimpl.OzoneContainer (OzoneContainer.java:startContainerScrub(339)) - Scheduled background container scanners and the on-demand container scanner have been disabled.
2024-01-18 21:15:22,322 [06a116e4-916e-4670-b681-a534e52e7a54-EndpointStateMachineTaskThread-/0.0.0.0:15358-0 ] INFO  replication.ReplicationServer (ReplicationServer.java:start(139)) - ReplicationServer is started using port 15381
2024-01-18 21:15:22,322 [06a116e4-916e-4670-b681-a534e52e7a54-EndpointStateMachineTaskThread-/0.0.0.0:15358-0 ] INFO  ratis.XceiverServerRatis (XceiverServerRatis.java:start(549)) - Starting XceiverServerRatis 06a116e4-916e-4670-b681-a534e52e7a54
2024-01-18 21:15:22,322 [06a116e4-916e-4670-b681-a534e52e7a54-EndpointStateMachineTaskThread-/0.0.0.0:15358-0 ] INFO  server.RaftServer (RaftServerProxy.java:startImpl(406)) - 06a116e4-916e-4670-b681-a534e52e7a54: start RPC server
2024-01-18 21:15:22,322 [06a116e4-916e-4670-b681-a534e52e7a54-EndpointStateMachineTaskThread-/0.0.0.0:15358-0 ] INFO  server.GrpcService (GrpcService.java:startImpl(302)) - 06a116e4-916e-4670-b681-a534e52e7a54: GrpcService started, listening on 15377
2024-01-18 21:15:22,322 [06a116e4-916e-4670-b681-a534e52e7a54-EndpointStateMachineTaskThread-/0.0.0.0:15358-0 ] INFO  server.GrpcService (GrpcService.java:startImpl(302)) - 06a116e4-916e-4670-b681-a534e52e7a54: GrpcService started, listening on 15379
2024-01-18 21:15:22,323 [06a116e4-916e-4670-b681-a534e52e7a54-EndpointStateMachineTaskThread-/0.0.0.0:15358-0 ] INFO  server.GrpcService (GrpcService.java:startImpl(302)) - 06a116e4-916e-4670-b681-a534e52e7a54: GrpcService started, listening on 15378
2024-01-18 21:15:22,323 [06a116e4-916e-4670-b681-a534e52e7a54-EndpointStateMachineTaskThread-/0.0.0.0:15358-0 ] INFO  ratis.XceiverServerRatis (XceiverServerRatis.java:getRealPort(575)) - XceiverServerRatis 06a116e4-916e-4670-b681-a534e52e7a54 is started using port 15377 for RATIS
2024-01-18 21:15:22,323 [JvmPauseMonitor47] INFO  util.JvmPauseMonitor (JvmPauseMonitor.java:run(146)) - JvmPauseMonitor-06a116e4-916e-4670-b681-a534e52e7a54: Started
2024-01-18 21:15:22,323 [06a116e4-916e-4670-b681-a534e52e7a54-EndpointStateMachineTaskThread-/0.0.0.0:15358-0 ] INFO  ratis.XceiverServerRatis (XceiverServerRatis.java:getRealPort(575)) - XceiverServerRatis 06a116e4-916e-4670-b681-a534e52e7a54 is started using port 15378 for RATIS_ADMIN
2024-01-18 21:15:22,323 [06a116e4-916e-4670-b681-a534e52e7a54-EndpointStateMachineTaskThread-/0.0.0.0:15358-0 ] INFO  ratis.XceiverServerRatis (XceiverServerRatis.java:getRealPort(575)) - XceiverServerRatis 06a116e4-916e-4670-b681-a534e52e7a54 is started using port 15379 for RATIS_SERVER
2024-01-18 21:15:22,323 [06a116e4-916e-4670-b681-a534e52e7a54-EndpointStateMachineTaskThread-/0.0.0.0:15358-0 ] INFO  ratis.XceiverServerRatis (XceiverServerRatis.java:getRealPort(575)) - XceiverServerRatis 06a116e4-916e-4670-b681-a534e52e7a54 is started using port 15380 for RATIS_DATASTREAM
2024-01-18 21:15:22,324 [06a116e4-916e-4670-b681-a534e52e7a54-BlockDeletingService#0] INFO  interfaces.ContainerDeletionChoosingPolicyTemplate (ContainerDeletionChoosingPolicyTemplate.java:chooseContainerForBlockDeletion(85)) - Chosen 0/5000 blocks from 0 candidate containers.
2024-01-18 21:15:22,422 [22869b9b-ca6a-4da8-a132-9d24bcd1149d-EndpointStateMachineTaskThread-/0.0.0.0:15358-0 ] INFO  utils.DatanodeStoreCache (DatanodeStoreCache.java:addDB(72)) - Added db /home/runner/work/ozone/ozone/hadoop-ozone/integration-test/target/test-dir/MiniOzoneClusterImpl-df9b5de2-b041-43db-b9a6-571161098f76/datanode-2/data-0/containers/hdds/df9b5de2-b041-43db-b9a6-571161098f76/DS-1b550224-8188-455b-a24a-d5afb97d6481/container.db to cache
2024-01-18 21:15:22,422 [22869b9b-ca6a-4da8-a132-9d24bcd1149d-EndpointStateMachineTaskThread-/0.0.0.0:15358-0 ] INFO  volume.HddsVolume (HddsVolume.java:createDbStore(420)) - SchemaV3 db is created and loaded at /home/runner/work/ozone/ozone/hadoop-ozone/integration-test/target/test-dir/MiniOzoneClusterImpl-df9b5de2-b041-43db-b9a6-571161098f76/datanode-2/data-0/containers/hdds/df9b5de2-b041-43db-b9a6-571161098f76/DS-1b550224-8188-455b-a24a-d5afb97d6481/container.db for volume DS-1b550224-8188-455b-a24a-d5afb97d6481
2024-01-18 21:15:22,423 [22869b9b-ca6a-4da8-a132-9d24bcd1149d-EndpointStateMachineTaskThread-/0.0.0.0:15358-0 ] INFO  volume.ThrottledAsyncChecker (ThrottledAsyncChecker.java:schedule(141)) - Scheduling a check for /home/runner/work/ozone/ozone/hadoop-ozone/integration-test/target/test-dir/MiniOzoneClusterImpl-df9b5de2-b041-43db-b9a6-571161098f76/datanode-2/data-0/containers/hdds
2024-01-18 21:15:22,423 [22869b9b-ca6a-4da8-a132-9d24bcd1149d-EndpointStateMachineTaskThread-/0.0.0.0:15358-0 ] INFO  volume.StorageVolumeChecker (StorageVolumeChecker.java:checkAllVolumes(218)) - Scheduled health check for volume /home/runner/work/ozone/ozone/hadoop-ozone/integration-test/target/test-dir/MiniOzoneClusterImpl-df9b5de2-b041-43db-b9a6-571161098f76/datanode-2/data-0/containers/hdds
2024-01-18 21:15:22,424 [22869b9b-ca6a-4da8-a132-9d24bcd1149d-EndpointStateMachineTaskThread-/0.0.0.0:15358-0 ] INFO  volume.ThrottledAsyncChecker (ThrottledAsyncChecker.java:schedule(141)) - Scheduling a check for /home/runner/work/ozone/ozone/hadoop-ozone/integration-test/target/test-dir/MiniOzoneClusterImpl-df9b5de2-b041-43db-b9a6-571161098f76/datanode-2/data/ratis
2024-01-18 21:15:22,424 [22869b9b-ca6a-4da8-a132-9d24bcd1149d-EndpointStateMachineTaskThread-/0.0.0.0:15358-0 ] INFO  volume.StorageVolumeChecker (StorageVolumeChecker.java:checkAllVolumes(218)) - Scheduled health check for volume /home/runner/work/ozone/ozone/hadoop-ozone/integration-test/target/test-dir/MiniOzoneClusterImpl-df9b5de2-b041-43db-b9a6-571161098f76/datanode-2/data/ratis
2024-01-18 21:15:22,425 [22869b9b-ca6a-4da8-a132-9d24bcd1149d-EndpointStateMachineTaskThread-/0.0.0.0:15358-0 ] INFO  ozoneimpl.OzoneContainer (OzoneContainer.java:start(457)) - Attempting to start container services.
2024-01-18 21:15:22,425 [22869b9b-ca6a-4da8-a132-9d24bcd1149d-EndpointStateMachineTaskThread-/0.0.0.0:15358-0 ] INFO  ozoneimpl.OzoneContainer (OzoneContainer.java:startContainerScrub(339)) - Scheduled background container scanners and the on-demand container scanner have been disabled.
2024-01-18 21:15:22,425 [22869b9b-ca6a-4da8-a132-9d24bcd1149d-EndpointStateMachineTaskThread-/0.0.0.0:15358-0 ] INFO  replication.ReplicationServer (ReplicationServer.java:start(139)) - ReplicationServer is started using port 15390
2024-01-18 21:15:22,425 [22869b9b-ca6a-4da8-a132-9d24bcd1149d-EndpointStateMachineTaskThread-/0.0.0.0:15358-0 ] INFO  ratis.XceiverServerRatis (XceiverServerRatis.java:start(549)) - Starting XceiverServerRatis 22869b9b-ca6a-4da8-a132-9d24bcd1149d
2024-01-18 21:15:22,426 [22869b9b-ca6a-4da8-a132-9d24bcd1149d-EndpointStateMachineTaskThread-/0.0.0.0:15358-0 ] INFO  server.RaftServer (RaftServerProxy.java:startImpl(406)) - 22869b9b-ca6a-4da8-a132-9d24bcd1149d: start RPC server
2024-01-18 21:15:22,426 [22869b9b-ca6a-4da8-a132-9d24bcd1149d-EndpointStateMachineTaskThread-/0.0.0.0:15358-0 ] INFO  server.GrpcService (GrpcService.java:startImpl(302)) - 22869b9b-ca6a-4da8-a132-9d24bcd1149d: GrpcService started, listening on 15386
2024-01-18 21:15:22,426 [22869b9b-ca6a-4da8-a132-9d24bcd1149d-EndpointStateMachineTaskThread-/0.0.0.0:15358-0 ] INFO  server.GrpcService (GrpcService.java:startImpl(302)) - 22869b9b-ca6a-4da8-a132-9d24bcd1149d: GrpcService started, listening on 15388
2024-01-18 21:15:22,426 [22869b9b-ca6a-4da8-a132-9d24bcd1149d-EndpointStateMachineTaskThread-/0.0.0.0:15358-0 ] INFO  server.GrpcService (GrpcService.java:startImpl(302)) - 22869b9b-ca6a-4da8-a132-9d24bcd1149d: GrpcService started, listening on 15387
2024-01-18 21:15:22,426 [22869b9b-ca6a-4da8-a132-9d24bcd1149d-EndpointStateMachineTaskThread-/0.0.0.0:15358-0 ] INFO  ratis.XceiverServerRatis (XceiverServerRatis.java:getRealPort(575)) - XceiverServerRatis 22869b9b-ca6a-4da8-a132-9d24bcd1149d is started using port 15386 for RATIS
2024-01-18 21:15:22,426 [22869b9b-ca6a-4da8-a132-9d24bcd1149d-EndpointStateMachineTaskThread-/0.0.0.0:15358-0 ] INFO  ratis.XceiverServerRatis (XceiverServerRatis.java:getRealPort(575)) - XceiverServerRatis 22869b9b-ca6a-4da8-a132-9d24bcd1149d is started using port 15387 for RATIS_ADMIN
2024-01-18 21:15:22,427 [22869b9b-ca6a-4da8-a132-9d24bcd1149d-EndpointStateMachineTaskThread-/0.0.0.0:15358-0 ] INFO  ratis.XceiverServerRatis (XceiverServerRatis.java:getRealPort(575)) - XceiverServerRatis 22869b9b-ca6a-4da8-a132-9d24bcd1149d is started using port 15388 for RATIS_SERVER
2024-01-18 21:15:22,427 [22869b9b-ca6a-4da8-a132-9d24bcd1149d-EndpointStateMachineTaskThread-/0.0.0.0:15358-0 ] INFO  ratis.XceiverServerRatis (XceiverServerRatis.java:getRealPort(575)) - XceiverServerRatis 22869b9b-ca6a-4da8-a132-9d24bcd1149d is started using port 15389 for RATIS_DATASTREAM
2024-01-18 21:15:22,426 [JvmPauseMonitor48] INFO  util.JvmPauseMonitor (JvmPauseMonitor.java:run(146)) - JvmPauseMonitor-22869b9b-ca6a-4da8-a132-9d24bcd1149d: Started
2024-01-18 21:15:22,428 [22869b9b-ca6a-4da8-a132-9d24bcd1149d-BlockDeletingService#0] INFO  interfaces.ContainerDeletionChoosingPolicyTemplate (ContainerDeletionChoosingPolicyTemplate.java:chooseContainerForBlockDeletion(85)) - Chosen 0/5000 blocks from 0 candidate containers.
2024-01-18 21:15:22,506 [2f0c8443-6075-4928-968f-8dc1a7be92bb-EndpointStateMachineTaskThread-/0.0.0.0:15358-0 ] INFO  utils.DatanodeStoreCache (DatanodeStoreCache.java:addDB(72)) - Added db /home/runner/work/ozone/ozone/hadoop-ozone/integration-test/target/test-dir/MiniOzoneClusterImpl-df9b5de2-b041-43db-b9a6-571161098f76/datanode-3/data-0/containers/hdds/df9b5de2-b041-43db-b9a6-571161098f76/DS-429fbe00-f435-48b9-8a14-37df6eacb8c5/container.db to cache
2024-01-18 21:15:22,506 [2f0c8443-6075-4928-968f-8dc1a7be92bb-EndpointStateMachineTaskThread-/0.0.0.0:15358-0 ] INFO  volume.HddsVolume (HddsVolume.java:createDbStore(420)) - SchemaV3 db is created and loaded at /home/runner/work/ozone/ozone/hadoop-ozone/integration-test/target/test-dir/MiniOzoneClusterImpl-df9b5de2-b041-43db-b9a6-571161098f76/datanode-3/data-0/containers/hdds/df9b5de2-b041-43db-b9a6-571161098f76/DS-429fbe00-f435-48b9-8a14-37df6eacb8c5/container.db for volume DS-429fbe00-f435-48b9-8a14-37df6eacb8c5
2024-01-18 21:15:22,507 [2f0c8443-6075-4928-968f-8dc1a7be92bb-EndpointStateMachineTaskThread-/0.0.0.0:15358-0 ] INFO  volume.ThrottledAsyncChecker (ThrottledAsyncChecker.java:schedule(141)) - Scheduling a check for /home/runner/work/ozone/ozone/hadoop-ozone/integration-test/target/test-dir/MiniOzoneClusterImpl-df9b5de2-b041-43db-b9a6-571161098f76/datanode-3/data-0/containers/hdds
2024-01-18 21:15:22,508 [2f0c8443-6075-4928-968f-8dc1a7be92bb-EndpointStateMachineTaskThread-/0.0.0.0:15358-0 ] INFO  volume.StorageVolumeChecker (StorageVolumeChecker.java:checkAllVolumes(218)) - Scheduled health check for volume /home/runner/work/ozone/ozone/hadoop-ozone/integration-test/target/test-dir/MiniOzoneClusterImpl-df9b5de2-b041-43db-b9a6-571161098f76/datanode-3/data-0/containers/hdds
2024-01-18 21:15:22,509 [2f0c8443-6075-4928-968f-8dc1a7be92bb-EndpointStateMachineTaskThread-/0.0.0.0:15358-0 ] INFO  volume.ThrottledAsyncChecker (ThrottledAsyncChecker.java:schedule(141)) - Scheduling a check for /home/runner/work/ozone/ozone/hadoop-ozone/integration-test/target/test-dir/MiniOzoneClusterImpl-df9b5de2-b041-43db-b9a6-571161098f76/datanode-3/data/ratis
2024-01-18 21:15:22,509 [2f0c8443-6075-4928-968f-8dc1a7be92bb-EndpointStateMachineTaskThread-/0.0.0.0:15358-0 ] INFO  volume.StorageVolumeChecker (StorageVolumeChecker.java:checkAllVolumes(218)) - Scheduled health check for volume /home/runner/work/ozone/ozone/hadoop-ozone/integration-test/target/test-dir/MiniOzoneClusterImpl-df9b5de2-b041-43db-b9a6-571161098f76/datanode-3/data/ratis
2024-01-18 21:15:22,510 [2f0c8443-6075-4928-968f-8dc1a7be92bb-EndpointStateMachineTaskThread-/0.0.0.0:15358-0 ] INFO  ozoneimpl.OzoneContainer (OzoneContainer.java:start(457)) - Attempting to start container services.
2024-01-18 21:15:22,510 [2f0c8443-6075-4928-968f-8dc1a7be92bb-EndpointStateMachineTaskThread-/0.0.0.0:15358-0 ] INFO  ozoneimpl.OzoneContainer (OzoneContainer.java:startContainerScrub(339)) - Scheduled background container scanners and the on-demand container scanner have been disabled.
2024-01-18 21:15:22,510 [2f0c8443-6075-4928-968f-8dc1a7be92bb-EndpointStateMachineTaskThread-/0.0.0.0:15358-0 ] INFO  replication.ReplicationServer (ReplicationServer.java:start(139)) - ReplicationServer is started using port 15399
2024-01-18 21:15:22,510 [2f0c8443-6075-4928-968f-8dc1a7be92bb-EndpointStateMachineTaskThread-/0.0.0.0:15358-0 ] INFO  ratis.XceiverServerRatis (XceiverServerRatis.java:start(549)) - Starting XceiverServerRatis 2f0c8443-6075-4928-968f-8dc1a7be92bb
2024-01-18 21:15:22,511 [2f0c8443-6075-4928-968f-8dc1a7be92bb-EndpointStateMachineTaskThread-/0.0.0.0:15358-0 ] INFO  server.RaftServer (RaftServerProxy.java:startImpl(406)) - 2f0c8443-6075-4928-968f-8dc1a7be92bb: start RPC server
2024-01-18 21:15:22,511 [2f0c8443-6075-4928-968f-8dc1a7be92bb-EndpointStateMachineTaskThread-/0.0.0.0:15358-0 ] INFO  server.GrpcService (GrpcService.java:startImpl(302)) - 2f0c8443-6075-4928-968f-8dc1a7be92bb: GrpcService started, listening on 15395
2024-01-18 21:15:22,511 [2f0c8443-6075-4928-968f-8dc1a7be92bb-EndpointStateMachineTaskThread-/0.0.0.0:15358-0 ] INFO  server.GrpcService (GrpcService.java:startImpl(302)) - 2f0c8443-6075-4928-968f-8dc1a7be92bb: GrpcService started, listening on 15397
2024-01-18 21:15:22,511 [2f0c8443-6075-4928-968f-8dc1a7be92bb-EndpointStateMachineTaskThread-/0.0.0.0:15358-0 ] INFO  server.GrpcService (GrpcService.java:startImpl(302)) - 2f0c8443-6075-4928-968f-8dc1a7be92bb: GrpcService started, listening on 15396
2024-01-18 21:15:22,511 [2f0c8443-6075-4928-968f-8dc1a7be92bb-EndpointStateMachineTaskThread-/0.0.0.0:15358-0 ] INFO  ratis.XceiverServerRatis (XceiverServerRatis.java:getRealPort(575)) - XceiverServerRatis 2f0c8443-6075-4928-968f-8dc1a7be92bb is started using port 15395 for RATIS
2024-01-18 21:15:22,511 [2f0c8443-6075-4928-968f-8dc1a7be92bb-EndpointStateMachineTaskThread-/0.0.0.0:15358-0 ] INFO  ratis.XceiverServerRatis (XceiverServerRatis.java:getRealPort(575)) - XceiverServerRatis 2f0c8443-6075-4928-968f-8dc1a7be92bb is started using port 15396 for RATIS_ADMIN
2024-01-18 21:15:22,511 [2f0c8443-6075-4928-968f-8dc1a7be92bb-EndpointStateMachineTaskThread-/0.0.0.0:15358-0 ] INFO  ratis.XceiverServerRatis (XceiverServerRatis.java:getRealPort(575)) - XceiverServerRatis 2f0c8443-6075-4928-968f-8dc1a7be92bb is started using port 15397 for RATIS_SERVER
2024-01-18 21:15:22,512 [2f0c8443-6075-4928-968f-8dc1a7be92bb-EndpointStateMachineTaskThread-/0.0.0.0:15358-0 ] INFO  ratis.XceiverServerRatis (XceiverServerRatis.java:getRealPort(575)) - XceiverServerRatis 2f0c8443-6075-4928-968f-8dc1a7be92bb is started using port 15398 for RATIS_DATASTREAM
2024-01-18 21:15:22,511 [JvmPauseMonitor49] INFO  util.JvmPauseMonitor (JvmPauseMonitor.java:run(146)) - JvmPauseMonitor-2f0c8443-6075-4928-968f-8dc1a7be92bb: Started
2024-01-18 21:15:22,512 [2f0c8443-6075-4928-968f-8dc1a7be92bb-BlockDeletingService#0] INFO  interfaces.ContainerDeletionChoosingPolicyTemplate (ContainerDeletionChoosingPolicyTemplate.java:chooseContainerForBlockDeletion(85)) - Chosen 0/5000 blocks from 0 candidate containers.
2024-01-18 21:15:22,593 [7adc501f-70c9-4652-b7fc-e7afe3d76740-EndpointStateMachineTaskThread-/0.0.0.0:15358-0 ] INFO  utils.DatanodeStoreCache (DatanodeStoreCache.java:addDB(72)) - Added db /home/runner/work/ozone/ozone/hadoop-ozone/integration-test/target/test-dir/MiniOzoneClusterImpl-df9b5de2-b041-43db-b9a6-571161098f76/datanode-4/data-0/containers/hdds/df9b5de2-b041-43db-b9a6-571161098f76/DS-35cba958-716a-4515-8119-731d51faa68f/container.db to cache
2024-01-18 21:15:22,593 [7adc501f-70c9-4652-b7fc-e7afe3d76740-EndpointStateMachineTaskThread-/0.0.0.0:15358-0 ] INFO  volume.HddsVolume (HddsVolume.java:createDbStore(420)) - SchemaV3 db is created and loaded at /home/runner/work/ozone/ozone/hadoop-ozone/integration-test/target/test-dir/MiniOzoneClusterImpl-df9b5de2-b041-43db-b9a6-571161098f76/datanode-4/data-0/containers/hdds/df9b5de2-b041-43db-b9a6-571161098f76/DS-35cba958-716a-4515-8119-731d51faa68f/container.db for volume DS-35cba958-716a-4515-8119-731d51faa68f
2024-01-18 21:15:22,594 [7adc501f-70c9-4652-b7fc-e7afe3d76740-EndpointStateMachineTaskThread-/0.0.0.0:15358-0 ] INFO  volume.ThrottledAsyncChecker (ThrottledAsyncChecker.java:schedule(141)) - Scheduling a check for /home/runner/work/ozone/ozone/hadoop-ozone/integration-test/target/test-dir/MiniOzoneClusterImpl-df9b5de2-b041-43db-b9a6-571161098f76/datanode-4/data-0/containers/hdds
2024-01-18 21:15:22,594 [7adc501f-70c9-4652-b7fc-e7afe3d76740-EndpointStateMachineTaskThread-/0.0.0.0:15358-0 ] INFO  volume.StorageVolumeChecker (StorageVolumeChecker.java:checkAllVolumes(218)) - Scheduled health check for volume /home/runner/work/ozone/ozone/hadoop-ozone/integration-test/target/test-dir/MiniOzoneClusterImpl-df9b5de2-b041-43db-b9a6-571161098f76/datanode-4/data-0/containers/hdds
2024-01-18 21:15:22,596 [7adc501f-70c9-4652-b7fc-e7afe3d76740-EndpointStateMachineTaskThread-/0.0.0.0:15358-0 ] INFO  volume.ThrottledAsyncChecker (ThrottledAsyncChecker.java:schedule(141)) - Scheduling a check for /home/runner/work/ozone/ozone/hadoop-ozone/integration-test/target/test-dir/MiniOzoneClusterImpl-df9b5de2-b041-43db-b9a6-571161098f76/datanode-4/data/ratis
2024-01-18 21:15:22,596 [7adc501f-70c9-4652-b7fc-e7afe3d76740-EndpointStateMachineTaskThread-/0.0.0.0:15358-0 ] INFO  volume.StorageVolumeChecker (StorageVolumeChecker.java:checkAllVolumes(218)) - Scheduled health check for volume /home/runner/work/ozone/ozone/hadoop-ozone/integration-test/target/test-dir/MiniOzoneClusterImpl-df9b5de2-b041-43db-b9a6-571161098f76/datanode-4/data/ratis
2024-01-18 21:15:22,596 [7adc501f-70c9-4652-b7fc-e7afe3d76740-EndpointStateMachineTaskThread-/0.0.0.0:15358-0 ] INFO  ozoneimpl.OzoneContainer (OzoneContainer.java:start(457)) - Attempting to start container services.
2024-01-18 21:15:22,596 [7adc501f-70c9-4652-b7fc-e7afe3d76740-EndpointStateMachineTaskThread-/0.0.0.0:15358-0 ] INFO  ozoneimpl.OzoneContainer (OzoneContainer.java:startContainerScrub(339)) - Scheduled background container scanners and the on-demand container scanner have been disabled.
2024-01-18 21:15:22,597 [7adc501f-70c9-4652-b7fc-e7afe3d76740-EndpointStateMachineTaskThread-/0.0.0.0:15358-0 ] INFO  replication.ReplicationServer (ReplicationServer.java:start(139)) - ReplicationServer is started using port 15408
2024-01-18 21:15:22,597 [7adc501f-70c9-4652-b7fc-e7afe3d76740-EndpointStateMachineTaskThread-/0.0.0.0:15358-0 ] INFO  ratis.XceiverServerRatis (XceiverServerRatis.java:start(549)) - Starting XceiverServerRatis 7adc501f-70c9-4652-b7fc-e7afe3d76740
2024-01-18 21:15:22,597 [7adc501f-70c9-4652-b7fc-e7afe3d76740-EndpointStateMachineTaskThread-/0.0.0.0:15358-0 ] INFO  server.RaftServer (RaftServerProxy.java:startImpl(406)) - 7adc501f-70c9-4652-b7fc-e7afe3d76740: start RPC server
2024-01-18 21:15:22,597 [7adc501f-70c9-4652-b7fc-e7afe3d76740-EndpointStateMachineTaskThread-/0.0.0.0:15358-0 ] INFO  server.GrpcService (GrpcService.java:startImpl(302)) - 7adc501f-70c9-4652-b7fc-e7afe3d76740: GrpcService started, listening on 15404
2024-01-18 21:15:22,597 [7adc501f-70c9-4652-b7fc-e7afe3d76740-EndpointStateMachineTaskThread-/0.0.0.0:15358-0 ] INFO  server.GrpcService (GrpcService.java:startImpl(302)) - 7adc501f-70c9-4652-b7fc-e7afe3d76740: GrpcService started, listening on 15406
2024-01-18 21:15:22,597 [7adc501f-70c9-4652-b7fc-e7afe3d76740-EndpointStateMachineTaskThread-/0.0.0.0:15358-0 ] INFO  server.GrpcService (GrpcService.java:startImpl(302)) - 7adc501f-70c9-4652-b7fc-e7afe3d76740: GrpcService started, listening on 15405
2024-01-18 21:15:22,598 [7adc501f-70c9-4652-b7fc-e7afe3d76740-EndpointStateMachineTaskThread-/0.0.0.0:15358-0 ] INFO  ratis.XceiverServerRatis (XceiverServerRatis.java:getRealPort(575)) - XceiverServerRatis 7adc501f-70c9-4652-b7fc-e7afe3d76740 is started using port 15404 for RATIS
2024-01-18 21:15:22,598 [JvmPauseMonitor50] INFO  util.JvmPauseMonitor (JvmPauseMonitor.java:run(146)) - JvmPauseMonitor-7adc501f-70c9-4652-b7fc-e7afe3d76740: Started
2024-01-18 21:15:22,598 [7adc501f-70c9-4652-b7fc-e7afe3d76740-EndpointStateMachineTaskThread-/0.0.0.0:15358-0 ] INFO  ratis.XceiverServerRatis (XceiverServerRatis.java:getRealPort(575)) - XceiverServerRatis 7adc501f-70c9-4652-b7fc-e7afe3d76740 is started using port 15405 for RATIS_ADMIN
2024-01-18 21:15:22,598 [7adc501f-70c9-4652-b7fc-e7afe3d76740-EndpointStateMachineTaskThread-/0.0.0.0:15358-0 ] INFO  ratis.XceiverServerRatis (XceiverServerRatis.java:getRealPort(575)) - XceiverServerRatis 7adc501f-70c9-4652-b7fc-e7afe3d76740 is started using port 15406 for RATIS_SERVER
2024-01-18 21:15:22,598 [7adc501f-70c9-4652-b7fc-e7afe3d76740-EndpointStateMachineTaskThread-/0.0.0.0:15358-0 ] INFO  ratis.XceiverServerRatis (XceiverServerRatis.java:getRealPort(575)) - XceiverServerRatis 7adc501f-70c9-4652-b7fc-e7afe3d76740 is started using port 15407 for RATIS_DATASTREAM
2024-01-18 21:15:22,598 [7adc501f-70c9-4652-b7fc-e7afe3d76740-BlockDeletingService#0] INFO  interfaces.ContainerDeletionChoosingPolicyTemplate (ContainerDeletionChoosingPolicyTemplate.java:chooseContainerForBlockDeletion(85)) - Chosen 0/5000 blocks from 0 candidate containers.
2024-01-18 21:15:22,678 [3df0e54a-fa0a-4d1f-902e-c3368fd6cf67-EndpointStateMachineTaskThread-/0.0.0.0:15358-0 ] INFO  utils.DatanodeStoreCache (DatanodeStoreCache.java:addDB(72)) - Added db /home/runner/work/ozone/ozone/hadoop-ozone/integration-test/target/test-dir/MiniOzoneClusterImpl-df9b5de2-b041-43db-b9a6-571161098f76/datanode-5/data-0/containers/hdds/df9b5de2-b041-43db-b9a6-571161098f76/DS-cfe5a5c3-28c5-46b9-bbbf-9906cd5d63a2/container.db to cache
2024-01-18 21:15:22,678 [3df0e54a-fa0a-4d1f-902e-c3368fd6cf67-EndpointStateMachineTaskThread-/0.0.0.0:15358-0 ] INFO  volume.HddsVolume (HddsVolume.java:createDbStore(420)) - SchemaV3 db is created and loaded at /home/runner/work/ozone/ozone/hadoop-ozone/integration-test/target/test-dir/MiniOzoneClusterImpl-df9b5de2-b041-43db-b9a6-571161098f76/datanode-5/data-0/containers/hdds/df9b5de2-b041-43db-b9a6-571161098f76/DS-cfe5a5c3-28c5-46b9-bbbf-9906cd5d63a2/container.db for volume DS-cfe5a5c3-28c5-46b9-bbbf-9906cd5d63a2
2024-01-18 21:15:22,679 [3df0e54a-fa0a-4d1f-902e-c3368fd6cf67-EndpointStateMachineTaskThread-/0.0.0.0:15358-0 ] INFO  volume.ThrottledAsyncChecker (ThrottledAsyncChecker.java:schedule(141)) - Scheduling a check for /home/runner/work/ozone/ozone/hadoop-ozone/integration-test/target/test-dir/MiniOzoneClusterImpl-df9b5de2-b041-43db-b9a6-571161098f76/datanode-5/data-0/containers/hdds
2024-01-18 21:15:22,679 [3df0e54a-fa0a-4d1f-902e-c3368fd6cf67-EndpointStateMachineTaskThread-/0.0.0.0:15358-0 ] INFO  volume.StorageVolumeChecker (StorageVolumeChecker.java:checkAllVolumes(218)) - Scheduled health check for volume /home/runner/work/ozone/ozone/hadoop-ozone/integration-test/target/test-dir/MiniOzoneClusterImpl-df9b5de2-b041-43db-b9a6-571161098f76/datanode-5/data-0/containers/hdds
2024-01-18 21:15:22,681 [3df0e54a-fa0a-4d1f-902e-c3368fd6cf67-EndpointStateMachineTaskThread-/0.0.0.0:15358-0 ] INFO  volume.ThrottledAsyncChecker (ThrottledAsyncChecker.java:schedule(141)) - Scheduling a check for /home/runner/work/ozone/ozone/hadoop-ozone/integration-test/target/test-dir/MiniOzoneClusterImpl-df9b5de2-b041-43db-b9a6-571161098f76/datanode-5/data/ratis
2024-01-18 21:15:22,681 [3df0e54a-fa0a-4d1f-902e-c3368fd6cf67-EndpointStateMachineTaskThread-/0.0.0.0:15358-0 ] INFO  volume.StorageVolumeChecker (StorageVolumeChecker.java:checkAllVolumes(218)) - Scheduled health check for volume /home/runner/work/ozone/ozone/hadoop-ozone/integration-test/target/test-dir/MiniOzoneClusterImpl-df9b5de2-b041-43db-b9a6-571161098f76/datanode-5/data/ratis
2024-01-18 21:15:22,681 [3df0e54a-fa0a-4d1f-902e-c3368fd6cf67-EndpointStateMachineTaskThread-/0.0.0.0:15358-0 ] INFO  ozoneimpl.OzoneContainer (OzoneContainer.java:start(457)) - Attempting to start container services.
2024-01-18 21:15:22,681 [3df0e54a-fa0a-4d1f-902e-c3368fd6cf67-EndpointStateMachineTaskThread-/0.0.0.0:15358-0 ] INFO  ozoneimpl.OzoneContainer (OzoneContainer.java:startContainerScrub(339)) - Scheduled background container scanners and the on-demand container scanner have been disabled.
2024-01-18 21:15:22,682 [3df0e54a-fa0a-4d1f-902e-c3368fd6cf67-EndpointStateMachineTaskThread-/0.0.0.0:15358-0 ] INFO  replication.ReplicationServer (ReplicationServer.java:start(139)) - ReplicationServer is started using port 15417
2024-01-18 21:15:22,682 [3df0e54a-fa0a-4d1f-902e-c3368fd6cf67-EndpointStateMachineTaskThread-/0.0.0.0:15358-0 ] INFO  ratis.XceiverServerRatis (XceiverServerRatis.java:start(549)) - Starting XceiverServerRatis 3df0e54a-fa0a-4d1f-902e-c3368fd6cf67
2024-01-18 21:15:22,682 [3df0e54a-fa0a-4d1f-902e-c3368fd6cf67-EndpointStateMachineTaskThread-/0.0.0.0:15358-0 ] INFO  server.RaftServer (RaftServerProxy.java:startImpl(406)) - 3df0e54a-fa0a-4d1f-902e-c3368fd6cf67: start RPC server
2024-01-18 21:15:22,682 [3df0e54a-fa0a-4d1f-902e-c3368fd6cf67-EndpointStateMachineTaskThread-/0.0.0.0:15358-0 ] INFO  server.GrpcService (GrpcService.java:startImpl(302)) - 3df0e54a-fa0a-4d1f-902e-c3368fd6cf67: GrpcService started, listening on 15413
2024-01-18 21:15:22,683 [3df0e54a-fa0a-4d1f-902e-c3368fd6cf67-EndpointStateMachineTaskThread-/0.0.0.0:15358-0 ] INFO  server.GrpcService (GrpcService.java:startImpl(302)) - 3df0e54a-fa0a-4d1f-902e-c3368fd6cf67: GrpcService started, listening on 15415
2024-01-18 21:15:22,683 [3df0e54a-fa0a-4d1f-902e-c3368fd6cf67-EndpointStateMachineTaskThread-/0.0.0.0:15358-0 ] INFO  server.GrpcService (GrpcService.java:startImpl(302)) - 3df0e54a-fa0a-4d1f-902e-c3368fd6cf67: GrpcService started, listening on 15414
2024-01-18 21:15:22,683 [3df0e54a-fa0a-4d1f-902e-c3368fd6cf67-EndpointStateMachineTaskThread-/0.0.0.0:15358-0 ] INFO  ratis.XceiverServerRatis (XceiverServerRatis.java:getRealPort(575)) - XceiverServerRatis 3df0e54a-fa0a-4d1f-902e-c3368fd6cf67 is started using port 15413 for RATIS
2024-01-18 21:15:22,683 [3df0e54a-fa0a-4d1f-902e-c3368fd6cf67-EndpointStateMachineTaskThread-/0.0.0.0:15358-0 ] INFO  ratis.XceiverServerRatis (XceiverServerRatis.java:getRealPort(575)) - XceiverServerRatis 3df0e54a-fa0a-4d1f-902e-c3368fd6cf67 is started using port 15414 for RATIS_ADMIN
2024-01-18 21:15:22,683 [3df0e54a-fa0a-4d1f-902e-c3368fd6cf67-EndpointStateMachineTaskThread-/0.0.0.0:15358-0 ] INFO  ratis.XceiverServerRatis (XceiverServerRatis.java:getRealPort(575)) - XceiverServerRatis 3df0e54a-fa0a-4d1f-902e-c3368fd6cf67 is started using port 15415 for RATIS_SERVER
2024-01-18 21:15:22,683 [3df0e54a-fa0a-4d1f-902e-c3368fd6cf67-EndpointStateMachineTaskThread-/0.0.0.0:15358-0 ] INFO  ratis.XceiverServerRatis (XceiverServerRatis.java:getRealPort(575)) - XceiverServerRatis 3df0e54a-fa0a-4d1f-902e-c3368fd6cf67 is started using port 15416 for RATIS_DATASTREAM
2024-01-18 21:15:22,683 [JvmPauseMonitor51] INFO  util.JvmPauseMonitor (JvmPauseMonitor.java:run(146)) - JvmPauseMonitor-3df0e54a-fa0a-4d1f-902e-c3368fd6cf67: Started
2024-01-18 21:15:22,684 [3df0e54a-fa0a-4d1f-902e-c3368fd6cf67-BlockDeletingService#0] INFO  interfaces.ContainerDeletionChoosingPolicyTemplate (ContainerDeletionChoosingPolicyTemplate.java:chooseContainerForBlockDeletion(85)) - Chosen 0/5000 blocks from 0 candidate containers.
2024-01-18 21:15:22,756 [acbd5797-4277-4d01-af47-c19d7e55cc48-EndpointStateMachineTaskThread-/0.0.0.0:15358-0 ] INFO  utils.DatanodeStoreCache (DatanodeStoreCache.java:addDB(72)) - Added db /home/runner/work/ozone/ozone/hadoop-ozone/integration-test/target/test-dir/MiniOzoneClusterImpl-df9b5de2-b041-43db-b9a6-571161098f76/datanode-6/data-0/containers/hdds/df9b5de2-b041-43db-b9a6-571161098f76/DS-dfff1bee-1f75-41df-9500-67b3bc704e13/container.db to cache
2024-01-18 21:15:22,756 [acbd5797-4277-4d01-af47-c19d7e55cc48-EndpointStateMachineTaskThread-/0.0.0.0:15358-0 ] INFO  volume.HddsVolume (HddsVolume.java:createDbStore(420)) - SchemaV3 db is created and loaded at /home/runner/work/ozone/ozone/hadoop-ozone/integration-test/target/test-dir/MiniOzoneClusterImpl-df9b5de2-b041-43db-b9a6-571161098f76/datanode-6/data-0/containers/hdds/df9b5de2-b041-43db-b9a6-571161098f76/DS-dfff1bee-1f75-41df-9500-67b3bc704e13/container.db for volume DS-dfff1bee-1f75-41df-9500-67b3bc704e13
2024-01-18 21:15:22,757 [acbd5797-4277-4d01-af47-c19d7e55cc48-EndpointStateMachineTaskThread-/0.0.0.0:15358-0 ] INFO  volume.ThrottledAsyncChecker (ThrottledAsyncChecker.java:schedule(141)) - Scheduling a check for /home/runner/work/ozone/ozone/hadoop-ozone/integration-test/target/test-dir/MiniOzoneClusterImpl-df9b5de2-b041-43db-b9a6-571161098f76/datanode-6/data-0/containers/hdds
2024-01-18 21:15:22,757 [acbd5797-4277-4d01-af47-c19d7e55cc48-EndpointStateMachineTaskThread-/0.0.0.0:15358-0 ] INFO  volume.StorageVolumeChecker (StorageVolumeChecker.java:checkAllVolumes(218)) - Scheduled health check for volume /home/runner/work/ozone/ozone/hadoop-ozone/integration-test/target/test-dir/MiniOzoneClusterImpl-df9b5de2-b041-43db-b9a6-571161098f76/datanode-6/data-0/containers/hdds
2024-01-18 21:15:22,759 [acbd5797-4277-4d01-af47-c19d7e55cc48-EndpointStateMachineTaskThread-/0.0.0.0:15358-0 ] INFO  volume.ThrottledAsyncChecker (ThrottledAsyncChecker.java:schedule(141)) - Scheduling a check for /home/runner/work/ozone/ozone/hadoop-ozone/integration-test/target/test-dir/MiniOzoneClusterImpl-df9b5de2-b041-43db-b9a6-571161098f76/datanode-6/data/ratis
2024-01-18 21:15:22,759 [acbd5797-4277-4d01-af47-c19d7e55cc48-EndpointStateMachineTaskThread-/0.0.0.0:15358-0 ] INFO  volume.StorageVolumeChecker (StorageVolumeChecker.java:checkAllVolumes(218)) - Scheduled health check for volume /home/runner/work/ozone/ozone/hadoop-ozone/integration-test/target/test-dir/MiniOzoneClusterImpl-df9b5de2-b041-43db-b9a6-571161098f76/datanode-6/data/ratis
2024-01-18 21:15:22,759 [acbd5797-4277-4d01-af47-c19d7e55cc48-EndpointStateMachineTaskThread-/0.0.0.0:15358-0 ] INFO  ozoneimpl.OzoneContainer (OzoneContainer.java:start(457)) - Attempting to start container services.
2024-01-18 21:15:22,760 [acbd5797-4277-4d01-af47-c19d7e55cc48-EndpointStateMachineTaskThread-/0.0.0.0:15358-0 ] INFO  ozoneimpl.OzoneContainer (OzoneContainer.java:startContainerScrub(339)) - Scheduled background container scanners and the on-demand container scanner have been disabled.
2024-01-18 21:15:22,762 [acbd5797-4277-4d01-af47-c19d7e55cc48-EndpointStateMachineTaskThread-/0.0.0.0:15358-0 ] INFO  replication.ReplicationServer (ReplicationServer.java:start(139)) - ReplicationServer is started using port 15426
2024-01-18 21:15:22,762 [acbd5797-4277-4d01-af47-c19d7e55cc48-EndpointStateMachineTaskThread-/0.0.0.0:15358-0 ] INFO  ratis.XceiverServerRatis (XceiverServerRatis.java:start(549)) - Starting XceiverServerRatis acbd5797-4277-4d01-af47-c19d7e55cc48
2024-01-18 21:15:22,762 [acbd5797-4277-4d01-af47-c19d7e55cc48-EndpointStateMachineTaskThread-/0.0.0.0:15358-0 ] INFO  server.RaftServer (RaftServerProxy.java:startImpl(406)) - acbd5797-4277-4d01-af47-c19d7e55cc48: start RPC server
2024-01-18 21:15:22,762 [acbd5797-4277-4d01-af47-c19d7e55cc48-EndpointStateMachineTaskThread-/0.0.0.0:15358-0 ] INFO  server.GrpcService (GrpcService.java:startImpl(302)) - acbd5797-4277-4d01-af47-c19d7e55cc48: GrpcService started, listening on 15422
2024-01-18 21:15:22,763 [acbd5797-4277-4d01-af47-c19d7e55cc48-EndpointStateMachineTaskThread-/0.0.0.0:15358-0 ] INFO  server.GrpcService (GrpcService.java:startImpl(302)) - acbd5797-4277-4d01-af47-c19d7e55cc48: GrpcService started, listening on 15424
2024-01-18 21:15:22,763 [acbd5797-4277-4d01-af47-c19d7e55cc48-EndpointStateMachineTaskThread-/0.0.0.0:15358-0 ] INFO  server.GrpcService (GrpcService.java:startImpl(302)) - acbd5797-4277-4d01-af47-c19d7e55cc48: GrpcService started, listening on 15423
2024-01-18 21:15:22,763 [acbd5797-4277-4d01-af47-c19d7e55cc48-EndpointStateMachineTaskThread-/0.0.0.0:15358-0 ] INFO  ratis.XceiverServerRatis (XceiverServerRatis.java:getRealPort(575)) - XceiverServerRatis acbd5797-4277-4d01-af47-c19d7e55cc48 is started using port 15422 for RATIS
2024-01-18 21:15:22,763 [JvmPauseMonitor52] INFO  util.JvmPauseMonitor (JvmPauseMonitor.java:run(146)) - JvmPauseMonitor-acbd5797-4277-4d01-af47-c19d7e55cc48: Started
2024-01-18 21:15:22,763 [acbd5797-4277-4d01-af47-c19d7e55cc48-EndpointStateMachineTaskThread-/0.0.0.0:15358-0 ] INFO  ratis.XceiverServerRatis (XceiverServerRatis.java:getRealPort(575)) - XceiverServerRatis acbd5797-4277-4d01-af47-c19d7e55cc48 is started using port 15423 for RATIS_ADMIN
2024-01-18 21:15:22,763 [acbd5797-4277-4d01-af47-c19d7e55cc48-EndpointStateMachineTaskThread-/0.0.0.0:15358-0 ] INFO  ratis.XceiverServerRatis (XceiverServerRatis.java:getRealPort(575)) - XceiverServerRatis acbd5797-4277-4d01-af47-c19d7e55cc48 is started using port 15424 for RATIS_SERVER
2024-01-18 21:15:22,763 [acbd5797-4277-4d01-af47-c19d7e55cc48-EndpointStateMachineTaskThread-/0.0.0.0:15358-0 ] INFO  ratis.XceiverServerRatis (XceiverServerRatis.java:getRealPort(575)) - XceiverServerRatis acbd5797-4277-4d01-af47-c19d7e55cc48 is started using port 15425 for RATIS_DATASTREAM
2024-01-18 21:15:22,765 [acbd5797-4277-4d01-af47-c19d7e55cc48-BlockDeletingService#0] INFO  interfaces.ContainerDeletionChoosingPolicyTemplate (ContainerDeletionChoosingPolicyTemplate.java:chooseContainerForBlockDeletion(85)) - Chosen 0/5000 blocks from 0 candidate containers.
2024-01-18 21:15:22,839 [29c9cbb7-9d34-4a8c-85ab-994756aa497f-EndpointStateMachineTaskThread-/0.0.0.0:15358-0 ] INFO  utils.DatanodeStoreCache (DatanodeStoreCache.java:addDB(72)) - Added db /home/runner/work/ozone/ozone/hadoop-ozone/integration-test/target/test-dir/MiniOzoneClusterImpl-df9b5de2-b041-43db-b9a6-571161098f76/datanode-7/data-0/containers/hdds/df9b5de2-b041-43db-b9a6-571161098f76/DS-82c45e61-5f41-4780-a990-8f984622e5eb/container.db to cache
2024-01-18 21:15:22,839 [29c9cbb7-9d34-4a8c-85ab-994756aa497f-EndpointStateMachineTaskThread-/0.0.0.0:15358-0 ] INFO  volume.HddsVolume (HddsVolume.java:createDbStore(420)) - SchemaV3 db is created and loaded at /home/runner/work/ozone/ozone/hadoop-ozone/integration-test/target/test-dir/MiniOzoneClusterImpl-df9b5de2-b041-43db-b9a6-571161098f76/datanode-7/data-0/containers/hdds/df9b5de2-b041-43db-b9a6-571161098f76/DS-82c45e61-5f41-4780-a990-8f984622e5eb/container.db for volume DS-82c45e61-5f41-4780-a990-8f984622e5eb
2024-01-18 21:15:22,840 [29c9cbb7-9d34-4a8c-85ab-994756aa497f-EndpointStateMachineTaskThread-/0.0.0.0:15358-0 ] INFO  volume.ThrottledAsyncChecker (ThrottledAsyncChecker.java:schedule(141)) - Scheduling a check for /home/runner/work/ozone/ozone/hadoop-ozone/integration-test/target/test-dir/MiniOzoneClusterImpl-df9b5de2-b041-43db-b9a6-571161098f76/datanode-7/data-0/containers/hdds
2024-01-18 21:15:22,840 [29c9cbb7-9d34-4a8c-85ab-994756aa497f-EndpointStateMachineTaskThread-/0.0.0.0:15358-0 ] INFO  volume.StorageVolumeChecker (StorageVolumeChecker.java:checkAllVolumes(218)) - Scheduled health check for volume /home/runner/work/ozone/ozone/hadoop-ozone/integration-test/target/test-dir/MiniOzoneClusterImpl-df9b5de2-b041-43db-b9a6-571161098f76/datanode-7/data-0/containers/hdds
2024-01-18 21:15:22,842 [29c9cbb7-9d34-4a8c-85ab-994756aa497f-EndpointStateMachineTaskThread-/0.0.0.0:15358-0 ] INFO  volume.ThrottledAsyncChecker (ThrottledAsyncChecker.java:schedule(141)) - Scheduling a check for /home/runner/work/ozone/ozone/hadoop-ozone/integration-test/target/test-dir/MiniOzoneClusterImpl-df9b5de2-b041-43db-b9a6-571161098f76/datanode-7/data/ratis
2024-01-18 21:15:22,842 [29c9cbb7-9d34-4a8c-85ab-994756aa497f-EndpointStateMachineTaskThread-/0.0.0.0:15358-0 ] INFO  volume.StorageVolumeChecker (StorageVolumeChecker.java:checkAllVolumes(218)) - Scheduled health check for volume /home/runner/work/ozone/ozone/hadoop-ozone/integration-test/target/test-dir/MiniOzoneClusterImpl-df9b5de2-b041-43db-b9a6-571161098f76/datanode-7/data/ratis
2024-01-18 21:15:22,843 [29c9cbb7-9d34-4a8c-85ab-994756aa497f-EndpointStateMachineTaskThread-/0.0.0.0:15358-0 ] INFO  ozoneimpl.OzoneContainer (OzoneContainer.java:start(457)) - Attempting to start container services.
2024-01-18 21:15:22,843 [29c9cbb7-9d34-4a8c-85ab-994756aa497f-EndpointStateMachineTaskThread-/0.0.0.0:15358-0 ] INFO  ozoneimpl.OzoneContainer (OzoneContainer.java:startContainerScrub(339)) - Scheduled background container scanners and the on-demand container scanner have been disabled.
2024-01-18 21:15:22,843 [29c9cbb7-9d34-4a8c-85ab-994756aa497f-EndpointStateMachineTaskThread-/0.0.0.0:15358-0 ] INFO  replication.ReplicationServer (ReplicationServer.java:start(139)) - ReplicationServer is started using port 15435
2024-01-18 21:15:22,843 [29c9cbb7-9d34-4a8c-85ab-994756aa497f-EndpointStateMachineTaskThread-/0.0.0.0:15358-0 ] INFO  ratis.XceiverServerRatis (XceiverServerRatis.java:start(549)) - Starting XceiverServerRatis 29c9cbb7-9d34-4a8c-85ab-994756aa497f
2024-01-18 21:15:22,843 [29c9cbb7-9d34-4a8c-85ab-994756aa497f-EndpointStateMachineTaskThread-/0.0.0.0:15358-0 ] INFO  server.RaftServer (RaftServerProxy.java:startImpl(406)) - 29c9cbb7-9d34-4a8c-85ab-994756aa497f: start RPC server
2024-01-18 21:15:22,844 [29c9cbb7-9d34-4a8c-85ab-994756aa497f-EndpointStateMachineTaskThread-/0.0.0.0:15358-0 ] INFO  server.GrpcService (GrpcService.java:startImpl(302)) - 29c9cbb7-9d34-4a8c-85ab-994756aa497f: GrpcService started, listening on 15431
2024-01-18 21:15:22,844 [29c9cbb7-9d34-4a8c-85ab-994756aa497f-EndpointStateMachineTaskThread-/0.0.0.0:15358-0 ] INFO  server.GrpcService (GrpcService.java:startImpl(302)) - 29c9cbb7-9d34-4a8c-85ab-994756aa497f: GrpcService started, listening on 15433
2024-01-18 21:15:22,844 [29c9cbb7-9d34-4a8c-85ab-994756aa497f-EndpointStateMachineTaskThread-/0.0.0.0:15358-0 ] INFO  server.GrpcService (GrpcService.java:startImpl(302)) - 29c9cbb7-9d34-4a8c-85ab-994756aa497f: GrpcService started, listening on 15432
2024-01-18 21:15:22,845 [29c9cbb7-9d34-4a8c-85ab-994756aa497f-EndpointStateMachineTaskThread-/0.0.0.0:15358-0 ] INFO  ratis.XceiverServerRatis (XceiverServerRatis.java:getRealPort(575)) - XceiverServerRatis 29c9cbb7-9d34-4a8c-85ab-994756aa497f is started using port 15431 for RATIS
2024-01-18 21:15:22,845 [JvmPauseMonitor53] INFO  util.JvmPauseMonitor (JvmPauseMonitor.java:run(146)) - JvmPauseMonitor-29c9cbb7-9d34-4a8c-85ab-994756aa497f: Started
2024-01-18 21:15:22,845 [29c9cbb7-9d34-4a8c-85ab-994756aa497f-EndpointStateMachineTaskThread-/0.0.0.0:15358-0 ] INFO  ratis.XceiverServerRatis (XceiverServerRatis.java:getRealPort(575)) - XceiverServerRatis 29c9cbb7-9d34-4a8c-85ab-994756aa497f is started using port 15432 for RATIS_ADMIN
2024-01-18 21:15:22,845 [29c9cbb7-9d34-4a8c-85ab-994756aa497f-EndpointStateMachineTaskThread-/0.0.0.0:15358-0 ] INFO  ratis.XceiverServerRatis (XceiverServerRatis.java:getRealPort(575)) - XceiverServerRatis 29c9cbb7-9d34-4a8c-85ab-994756aa497f is started using port 15433 for RATIS_SERVER
2024-01-18 21:15:22,845 [29c9cbb7-9d34-4a8c-85ab-994756aa497f-EndpointStateMachineTaskThread-/0.0.0.0:15358-0 ] INFO  ratis.XceiverServerRatis (XceiverServerRatis.java:getRealPort(575)) - XceiverServerRatis 29c9cbb7-9d34-4a8c-85ab-994756aa497f is started using port 15434 for RATIS_DATASTREAM
2024-01-18 21:15:22,845 [29c9cbb7-9d34-4a8c-85ab-994756aa497f-BlockDeletingService#0] INFO  interfaces.ContainerDeletionChoosingPolicyTemplate (ContainerDeletionChoosingPolicyTemplate.java:chooseContainerForBlockDeletion(85)) - Chosen 0/5000 blocks from 0 candidate containers.
2024-01-18 21:15:22,902 [main] INFO  ozone.MiniOzoneClusterImpl (MiniOzoneClusterImpl.java:lambda$waitForClusterToBeReady$0(229)) - Waiting for nodes to be ready. Got 0 of 9 DN Heartbeats.
2024-01-18 21:15:22,902 [main] INFO  ozone.MiniOzoneClusterImpl (MiniOzoneClusterImpl.java:lambda$waitForClusterToBeReady$0(232)) - Waiting for cluster to exit safe mode
2024-01-18 21:15:22,903 [main] INFO  ozone.MiniOzoneClusterImpl (MiniOzoneClusterImpl.java:lambda$waitForClusterToBeReady$0(234)) - SCM became leader
2024-01-18 21:15:22,921 [09e80bb5-5452-43c5-b0d6-1fc2b272d72e-EndpointStateMachineTaskThread-/0.0.0.0:15358-0 ] INFO  utils.DatanodeStoreCache (DatanodeStoreCache.java:addDB(72)) - Added db /home/runner/work/ozone/ozone/hadoop-ozone/integration-test/target/test-dir/MiniOzoneClusterImpl-df9b5de2-b041-43db-b9a6-571161098f76/datanode-8/data-0/containers/hdds/df9b5de2-b041-43db-b9a6-571161098f76/DS-55038eef-ecff-4ccd-b6a6-1a2ec91f98b6/container.db to cache
2024-01-18 21:15:22,921 [09e80bb5-5452-43c5-b0d6-1fc2b272d72e-EndpointStateMachineTaskThread-/0.0.0.0:15358-0 ] INFO  volume.HddsVolume (HddsVolume.java:createDbStore(420)) - SchemaV3 db is created and loaded at /home/runner/work/ozone/ozone/hadoop-ozone/integration-test/target/test-dir/MiniOzoneClusterImpl-df9b5de2-b041-43db-b9a6-571161098f76/datanode-8/data-0/containers/hdds/df9b5de2-b041-43db-b9a6-571161098f76/DS-55038eef-ecff-4ccd-b6a6-1a2ec91f98b6/container.db for volume DS-55038eef-ecff-4ccd-b6a6-1a2ec91f98b6
2024-01-18 21:15:22,922 [09e80bb5-5452-43c5-b0d6-1fc2b272d72e-EndpointStateMachineTaskThread-/0.0.0.0:15358-0 ] INFO  volume.ThrottledAsyncChecker (ThrottledAsyncChecker.java:schedule(141)) - Scheduling a check for /home/runner/work/ozone/ozone/hadoop-ozone/integration-test/target/test-dir/MiniOzoneClusterImpl-df9b5de2-b041-43db-b9a6-571161098f76/datanode-8/data-0/containers/hdds
2024-01-18 21:15:22,922 [09e80bb5-5452-43c5-b0d6-1fc2b272d72e-EndpointStateMachineTaskThread-/0.0.0.0:15358-0 ] INFO  volume.StorageVolumeChecker (StorageVolumeChecker.java:checkAllVolumes(218)) - Scheduled health check for volume /home/runner/work/ozone/ozone/hadoop-ozone/integration-test/target/test-dir/MiniOzoneClusterImpl-df9b5de2-b041-43db-b9a6-571161098f76/datanode-8/data-0/containers/hdds
2024-01-18 21:15:22,924 [09e80bb5-5452-43c5-b0d6-1fc2b272d72e-EndpointStateMachineTaskThread-/0.0.0.0:15358-0 ] INFO  volume.ThrottledAsyncChecker (ThrottledAsyncChecker.java:schedule(141)) - Scheduling a check for /home/runner/work/ozone/ozone/hadoop-ozone/integration-test/target/test-dir/MiniOzoneClusterImpl-df9b5de2-b041-43db-b9a6-571161098f76/datanode-8/data/ratis
2024-01-18 21:15:22,924 [09e80bb5-5452-43c5-b0d6-1fc2b272d72e-EndpointStateMachineTaskThread-/0.0.0.0:15358-0 ] INFO  volume.StorageVolumeChecker (StorageVolumeChecker.java:checkAllVolumes(218)) - Scheduled health check for volume /home/runner/work/ozone/ozone/hadoop-ozone/integration-test/target/test-dir/MiniOzoneClusterImpl-df9b5de2-b041-43db-b9a6-571161098f76/datanode-8/data/ratis
2024-01-18 21:15:22,925 [09e80bb5-5452-43c5-b0d6-1fc2b272d72e-EndpointStateMachineTaskThread-/0.0.0.0:15358-0 ] INFO  ozoneimpl.OzoneContainer (OzoneContainer.java:start(457)) - Attempting to start container services.
2024-01-18 21:15:22,925 [09e80bb5-5452-43c5-b0d6-1fc2b272d72e-EndpointStateMachineTaskThread-/0.0.0.0:15358-0 ] INFO  ozoneimpl.OzoneContainer (OzoneContainer.java:startContainerScrub(339)) - Scheduled background container scanners and the on-demand container scanner have been disabled.
2024-01-18 21:15:22,926 [09e80bb5-5452-43c5-b0d6-1fc2b272d72e-EndpointStateMachineTaskThread-/0.0.0.0:15358-0 ] INFO  replication.ReplicationServer (ReplicationServer.java:start(139)) - ReplicationServer is started using port 15444
2024-01-18 21:15:22,926 [09e80bb5-5452-43c5-b0d6-1fc2b272d72e-EndpointStateMachineTaskThread-/0.0.0.0:15358-0 ] INFO  ratis.XceiverServerRatis (XceiverServerRatis.java:start(549)) - Starting XceiverServerRatis 09e80bb5-5452-43c5-b0d6-1fc2b272d72e
2024-01-18 21:15:22,926 [09e80bb5-5452-43c5-b0d6-1fc2b272d72e-EndpointStateMachineTaskThread-/0.0.0.0:15358-0 ] INFO  server.RaftServer (RaftServerProxy.java:startImpl(406)) - 09e80bb5-5452-43c5-b0d6-1fc2b272d72e: start RPC server
2024-01-18 21:15:22,926 [09e80bb5-5452-43c5-b0d6-1fc2b272d72e-EndpointStateMachineTaskThread-/0.0.0.0:15358-0 ] INFO  server.GrpcService (GrpcService.java:startImpl(302)) - 09e80bb5-5452-43c5-b0d6-1fc2b272d72e: GrpcService started, listening on 15440
2024-01-18 21:15:22,927 [09e80bb5-5452-43c5-b0d6-1fc2b272d72e-EndpointStateMachineTaskThread-/0.0.0.0:15358-0 ] INFO  server.GrpcService (GrpcService.java:startImpl(302)) - 09e80bb5-5452-43c5-b0d6-1fc2b272d72e: GrpcService started, listening on 15442
2024-01-18 21:15:22,928 [09e80bb5-5452-43c5-b0d6-1fc2b272d72e-EndpointStateMachineTaskThread-/0.0.0.0:15358-0 ] INFO  server.GrpcService (GrpcService.java:startImpl(302)) - 09e80bb5-5452-43c5-b0d6-1fc2b272d72e: GrpcService started, listening on 15441
2024-01-18 21:15:22,928 [09e80bb5-5452-43c5-b0d6-1fc2b272d72e-EndpointStateMachineTaskThread-/0.0.0.0:15358-0 ] INFO  ratis.XceiverServerRatis (XceiverServerRatis.java:getRealPort(575)) - XceiverServerRatis 09e80bb5-5452-43c5-b0d6-1fc2b272d72e is started using port 15440 for RATIS
2024-01-18 21:15:22,928 [JvmPauseMonitor54] INFO  util.JvmPauseMonitor (JvmPauseMonitor.java:run(146)) - JvmPauseMonitor-09e80bb5-5452-43c5-b0d6-1fc2b272d72e: Started
2024-01-18 21:15:22,928 [09e80bb5-5452-43c5-b0d6-1fc2b272d72e-EndpointStateMachineTaskThread-/0.0.0.0:15358-0 ] INFO  ratis.XceiverServerRatis (XceiverServerRatis.java:getRealPort(575)) - XceiverServerRatis 09e80bb5-5452-43c5-b0d6-1fc2b272d72e is started using port 15441 for RATIS_ADMIN
2024-01-18 21:15:22,928 [09e80bb5-5452-43c5-b0d6-1fc2b272d72e-EndpointStateMachineTaskThread-/0.0.0.0:15358-0 ] INFO  ratis.XceiverServerRatis (XceiverServerRatis.java:getRealPort(575)) - XceiverServerRatis 09e80bb5-5452-43c5-b0d6-1fc2b272d72e is started using port 15442 for RATIS_SERVER
2024-01-18 21:15:22,928 [09e80bb5-5452-43c5-b0d6-1fc2b272d72e-EndpointStateMachineTaskThread-/0.0.0.0:15358-0 ] INFO  ratis.XceiverServerRatis (XceiverServerRatis.java:getRealPort(575)) - XceiverServerRatis 09e80bb5-5452-43c5-b0d6-1fc2b272d72e is started using port 15443 for RATIS_DATASTREAM
2024-01-18 21:15:22,929 [09e80bb5-5452-43c5-b0d6-1fc2b272d72e-BlockDeletingService#0] INFO  interfaces.ContainerDeletionChoosingPolicyTemplate (ContainerDeletionChoosingPolicyTemplate.java:chooseContainerForBlockDeletion(85)) - Chosen 0/5000 blocks from 0 candidate containers.
2024-01-18 21:15:23,903 [main] INFO  ozone.MiniOzoneClusterImpl (MiniOzoneClusterImpl.java:lambda$waitForClusterToBeReady$0(229)) - Waiting for nodes to be ready. Got 0 of 9 DN Heartbeats.
2024-01-18 21:15:23,903 [main] INFO  ozone.MiniOzoneClusterImpl (MiniOzoneClusterImpl.java:lambda$waitForClusterToBeReady$0(232)) - Waiting for cluster to exit safe mode
2024-01-18 21:15:23,903 [main] INFO  ozone.MiniOzoneClusterImpl (MiniOzoneClusterImpl.java:lambda$waitForClusterToBeReady$0(234)) - SCM became leader
2024-01-18 21:15:24,220 [IPC Server handler 11 on default port 15358] INFO  net.NetworkTopologyImpl (NetworkTopologyImpl.java:add(124)) - Added a new node: /default-rack/50b158ec-4e8f-4837-b5f0-9c37661490ab
2024-01-18 21:15:24,220 [IPC Server handler 11 on default port 15358] INFO  node.SCMNodeManager (SCMNodeManager.java:register(417)) - Registered datanode: 50b158ec-4e8f-4837-b5f0-9c37661490ab{ip: 10.1.0.44, host: fv-az776-647.gib5dkvrjkgedmzi5ptrevqpbg.bx.internal.cloudapp.net, ports: [HTTP=15365, CLIENT_RPC=15366, REPLICATION=15372, RATIS=15368, RATIS_ADMIN=15369, RATIS_SERVER=15370, RATIS_DATASTREAM=15371, STANDALONE=15367], networkLocation: /default-rack, certSerialId: null, persistedOpState: null, persistedOpStateExpiryEpochSec: 0}
2024-01-18 21:15:24,222 [EventQueue-NewNodeForNewNodeHandler] INFO  pipeline.BackgroundPipelineCreator (BackgroundPipelineCreator.java:notifyEventTriggered(280)) - trigger a one-shot run on RatisPipelineUtilsThread.
2024-01-18 21:15:24,223 [EventQueue-NodeRegistrationContainerReportForDataNodeSafeModeRule] INFO  safemode.SCMSafeModeManager (DataNodeSafeModeRule.java:process(71)) - SCM in safe mode. 1 DataNodes registered, 3 required.
2024-01-18 21:15:24,223 [RatisPipelineUtilsThread-0] INFO  pipeline.RatisPipelineProvider (RatisPipelineProvider.java:lambda$create$0(206)) - Sending CreatePipelineCommand for pipeline:PipelineID=dcbf677e-87ee-47bb-9125-61856ec72d63 to datanode:50b158ec-4e8f-4837-b5f0-9c37661490ab
2024-01-18 21:15:24,223 [EventQueue-PipelineReportForOneReplicaPipelineSafeModeRule] INFO  safemode.SCMSafeModeManager (SCMSafeModeManager.java:validateSafeModeExitRules(200)) - AtleastOneDatanodeReportedRule rule is successfully validated
2024-01-18 21:15:24,223 [EventQueue-NodeRegistrationContainerReportForContainerSafeModeRule] INFO  safemode.SCMSafeModeManager (SCMSafeModeManager.java:validateSafeModeExitRules(200)) - ContainerSafeModeRule rule is successfully validated
2024-01-18 21:15:24,224 [RatisPipelineUtilsThread-0] INFO  pipeline.BackgroundPipelineCreator (BackgroundPipelineCreator.java:createPipelines(236)) - Created new pipeline Pipeline[ Id: dcbf677e-87ee-47bb-9125-61856ec72d63, Nodes: 50b158ec-4e8f-4837-b5f0-9c37661490ab(fv-az776-647.gib5dkvrjkgedmzi5ptrevqpbg.bx.internal.cloudapp.net/10.1.0.44), ReplicationConfig: RATIS/ONE, State:ALLOCATED, leaderId:, CreationTimestamp2024-01-18T21:15:24.223Z[Etc/UTC]]
2024-01-18 21:15:24,300 [IPC Server handler 9 on default port 15358] INFO  net.NetworkTopologyImpl (NetworkTopologyImpl.java:add(124)) - Added a new node: /default-rack/06a116e4-916e-4670-b681-a534e52e7a54
2024-01-18 21:15:24,300 [IPC Server handler 9 on default port 15358] INFO  node.SCMNodeManager (SCMNodeManager.java:register(417)) - Registered datanode: 06a116e4-916e-4670-b681-a534e52e7a54{ip: 10.1.0.44, host: fv-az776-647.gib5dkvrjkgedmzi5ptrevqpbg.bx.internal.cloudapp.net, ports: [HTTP=15374, CLIENT_RPC=15375, REPLICATION=15381, RATIS=15377, RATIS_ADMIN=15378, RATIS_SERVER=15379, RATIS_DATASTREAM=15380, STANDALONE=15376], networkLocation: /default-rack, certSerialId: null, persistedOpState: null, persistedOpStateExpiryEpochSec: 0}
2024-01-18 21:15:24,301 [EventQueue-NodeRegistrationContainerReportForDataNodeSafeModeRule] INFO  safemode.SCMSafeModeManager (DataNodeSafeModeRule.java:process(71)) - SCM in safe mode. 2 DataNodes registered, 3 required.
2024-01-18 21:15:24,301 [EventQueue-NewNodeForNewNodeHandler] INFO  pipeline.BackgroundPipelineCreator (BackgroundPipelineCreator.java:notifyEventTriggered(280)) - trigger a one-shot run on RatisPipelineUtilsThread.
2024-01-18 21:15:24,301 [RatisPipelineUtilsThread-0] INFO  pipeline.RatisPipelineProvider (RatisPipelineProvider.java:lambda$create$0(206)) - Sending CreatePipelineCommand for pipeline:PipelineID=34c6850d-8916-4e8a-b03c-5518ba46772c to datanode:06a116e4-916e-4670-b681-a534e52e7a54
2024-01-18 21:15:24,302 [RatisPipelineUtilsThread-0] INFO  pipeline.BackgroundPipelineCreator (BackgroundPipelineCreator.java:createPipelines(236)) - Created new pipeline Pipeline[ Id: 34c6850d-8916-4e8a-b03c-5518ba46772c, Nodes: 06a116e4-916e-4670-b681-a534e52e7a54(fv-az776-647.gib5dkvrjkgedmzi5ptrevqpbg.bx.internal.cloudapp.net/10.1.0.44), ReplicationConfig: RATIS/ONE, State:ALLOCATED, leaderId:, CreationTimestamp2024-01-18T21:15:24.301Z[Etc/UTC]]
2024-01-18 21:15:24,403 [IPC Server handler 8 on default port 15358] INFO  net.NetworkTopologyImpl (NetworkTopologyImpl.java:add(124)) - Added a new node: /default-rack/22869b9b-ca6a-4da8-a132-9d24bcd1149d
2024-01-18 21:15:24,403 [IPC Server handler 8 on default port 15358] INFO  node.SCMNodeManager (SCMNodeManager.java:register(417)) - Registered datanode: 22869b9b-ca6a-4da8-a132-9d24bcd1149d{ip: 10.1.0.44, host: fv-az776-647.gib5dkvrjkgedmzi5ptrevqpbg.bx.internal.cloudapp.net, ports: [HTTP=15383, CLIENT_RPC=15384, REPLICATION=15390, RATIS=15386, RATIS_ADMIN=15387, RATIS_SERVER=15388, RATIS_DATASTREAM=15389, STANDALONE=15385], networkLocation: /default-rack, certSerialId: null, persistedOpState: null, persistedOpStateExpiryEpochSec: 0}
2024-01-18 21:15:24,404 [EventQueue-NodeRegistrationContainerReportForDataNodeSafeModeRule] INFO  safemode.SCMSafeModeManager (DataNodeSafeModeRule.java:process(71)) - SCM in safe mode. 3 DataNodes registered, 3 required.
2024-01-18 21:15:24,404 [EventQueue-NodeRegistrationContainerReportForDataNodeSafeModeRule] INFO  safemode.SCMSafeModeManager (SCMSafeModeManager.java:validateSafeModeExitRules(200)) - DataNodeSafeModeRule rule is successfully validated
2024-01-18 21:15:24,404 [EventQueue-NodeRegistrationContainerReportForDataNodeSafeModeRule] INFO  safemode.SCMSafeModeManager (SCMSafeModeManager.java:completePreCheck(229)) - All SCM safe mode pre check rules have passed
2024-01-18 21:15:24,404 [EventQueue-NewNodeForNewNodeHandler] INFO  pipeline.BackgroundPipelineCreator (BackgroundPipelineCreator.java:notifyEventTriggered(280)) - trigger a one-shot run on RatisPipelineUtilsThread.
2024-01-18 21:15:24,404 [EventQueue-NodeRegistrationContainerReportForDataNodeSafeModeRule] INFO  ha.SCMContext (SCMContext.java:updateSafeModeStatus(230)) - Update SafeModeStatus from SafeModeStatus{safeModeStatus=true, preCheckPassed=false} to SafeModeStatus{safeModeStatus=true, preCheckPassed=true}.
2024-01-18 21:15:24,405 [EventQueue-NodeRegistrationContainerReportForDataNodeSafeModeRule] INFO  pipeline.BackgroundPipelineCreator (BackgroundPipelineCreator.java:notifyEventTriggered(280)) - trigger a one-shot run on RatisPipelineUtilsThread.
2024-01-18 21:15:24,405 [RatisPipelineUtilsThread-0] INFO  pipeline.RatisPipelineProvider (RatisPipelineProvider.java:lambda$create$0(206)) - Sending CreatePipelineCommand for pipeline:PipelineID=34d4643b-faca-4a96-ae62-34c4bb792bbd to datanode:22869b9b-ca6a-4da8-a132-9d24bcd1149d
2024-01-18 21:15:24,405 [RatisPipelineUtilsThread-0] INFO  pipeline.BackgroundPipelineCreator (BackgroundPipelineCreator.java:createPipelines(236)) - Created new pipeline Pipeline[ Id: 34d4643b-faca-4a96-ae62-34c4bb792bbd, Nodes: 22869b9b-ca6a-4da8-a132-9d24bcd1149d(fv-az776-647.gib5dkvrjkgedmzi5ptrevqpbg.bx.internal.cloudapp.net/10.1.0.44), ReplicationConfig: RATIS/ONE, State:ALLOCATED, leaderId:, CreationTimestamp2024-01-18T21:15:24.405Z[Etc/UTC]]
2024-01-18 21:15:24,405 [RatisPipelineUtilsThread-0] INFO  pipeline.RatisPipelineProvider (RatisPipelineProvider.java:lambda$create$0(206)) - Sending CreatePipelineCommand for pipeline:PipelineID=a405df4a-93dc-40ab-baa5-4f9db852c5e0 to datanode:50b158ec-4e8f-4837-b5f0-9c37661490ab
2024-01-18 21:15:24,405 [RatisPipelineUtilsThread-0] INFO  pipeline.RatisPipelineProvider (RatisPipelineProvider.java:lambda$create$0(206)) - Sending CreatePipelineCommand for pipeline:PipelineID=a405df4a-93dc-40ab-baa5-4f9db852c5e0 to datanode:22869b9b-ca6a-4da8-a132-9d24bcd1149d
2024-01-18 21:15:24,406 [RatisPipelineUtilsThread-0] INFO  pipeline.RatisPipelineProvider (RatisPipelineProvider.java:lambda$create$0(206)) - Sending CreatePipelineCommand for pipeline:PipelineID=a405df4a-93dc-40ab-baa5-4f9db852c5e0 to datanode:06a116e4-916e-4670-b681-a534e52e7a54
2024-01-18 21:15:24,406 [RatisPipelineUtilsThread-0] INFO  pipeline.BackgroundPipelineCreator (BackgroundPipelineCreator.java:createPipelines(236)) - Created new pipeline Pipeline[ Id: a405df4a-93dc-40ab-baa5-4f9db852c5e0, Nodes: 50b158ec-4e8f-4837-b5f0-9c37661490ab(fv-az776-647.gib5dkvrjkgedmzi5ptrevqpbg.bx.internal.cloudapp.net/10.1.0.44)22869b9b-ca6a-4da8-a132-9d24bcd1149d(fv-az776-647.gib5dkvrjkgedmzi5ptrevqpbg.bx.internal.cloudapp.net/10.1.0.44)06a116e4-916e-4670-b681-a534e52e7a54(fv-az776-647.gib5dkvrjkgedmzi5ptrevqpbg.bx.internal.cloudapp.net/10.1.0.44), ReplicationConfig: RATIS/THREE, State:ALLOCATED, leaderId:, CreationTimestamp2024-01-18T21:15:24.405Z[Etc/UTC]]
2024-01-18 21:15:24,487 [IPC Server handler 12 on default port 15358] INFO  net.NetworkTopologyImpl (NetworkTopologyImpl.java:add(124)) - Added a new node: /default-rack/2f0c8443-6075-4928-968f-8dc1a7be92bb
2024-01-18 21:15:24,487 [IPC Server handler 12 on default port 15358] INFO  node.SCMNodeManager (SCMNodeManager.java:register(417)) - Registered datanode: 2f0c8443-6075-4928-968f-8dc1a7be92bb{ip: 10.1.0.44, host: fv-az776-647.gib5dkvrjkgedmzi5ptrevqpbg.bx.internal.cloudapp.net, ports: [HTTP=15392, CLIENT_RPC=15393, REPLICATION=15399, RATIS=15395, RATIS_ADMIN=15396, RATIS_SERVER=15397, RATIS_DATASTREAM=15398, STANDALONE=15394], networkLocation: /default-rack, certSerialId: null, persistedOpState: null, persistedOpStateExpiryEpochSec: 0}
2024-01-18 21:15:24,488 [EventQueue-NewNodeForNewNodeHandler] INFO  pipeline.BackgroundPipelineCreator (BackgroundPipelineCreator.java:notifyEventTriggered(280)) - trigger a one-shot run on RatisPipelineUtilsThread.
2024-01-18 21:15:24,488 [RatisPipelineUtilsThread-0] INFO  pipeline.RatisPipelineProvider (RatisPipelineProvider.java:lambda$create$0(206)) - Sending CreatePipelineCommand for pipeline:PipelineID=fe988b03-f647-45b4-a1cf-e4c1f79e0ead to datanode:2f0c8443-6075-4928-968f-8dc1a7be92bb
2024-01-18 21:15:24,489 [RatisPipelineUtilsThread-0] INFO  pipeline.BackgroundPipelineCreator (BackgroundPipelineCreator.java:createPipelines(236)) - Created new pipeline Pipeline[ Id: fe988b03-f647-45b4-a1cf-e4c1f79e0ead, Nodes: 2f0c8443-6075-4928-968f-8dc1a7be92bb(fv-az776-647.gib5dkvrjkgedmzi5ptrevqpbg.bx.internal.cloudapp.net/10.1.0.44), ReplicationConfig: RATIS/ONE, State:ALLOCATED, leaderId:, CreationTimestamp2024-01-18T21:15:24.488Z[Etc/UTC]]
2024-01-18 21:15:24,574 [IPC Server handler 7 on default port 15358] INFO  net.NetworkTopologyImpl (NetworkTopologyImpl.java:add(124)) - Added a new node: /default-rack/7adc501f-70c9-4652-b7fc-e7afe3d76740
2024-01-18 21:15:24,574 [IPC Server handler 7 on default port 15358] INFO  node.SCMNodeManager (SCMNodeManager.java:register(417)) - Registered datanode: 7adc501f-70c9-4652-b7fc-e7afe3d76740{ip: 10.1.0.44, host: fv-az776-647.gib5dkvrjkgedmzi5ptrevqpbg.bx.internal.cloudapp.net, ports: [HTTP=15401, CLIENT_RPC=15402, REPLICATION=15408, RATIS=15404, RATIS_ADMIN=15405, RATIS_SERVER=15406, RATIS_DATASTREAM=15407, STANDALONE=15403], networkLocation: /default-rack, certSerialId: null, persistedOpState: null, persistedOpStateExpiryEpochSec: 0}
2024-01-18 21:15:24,574 [EventQueue-NewNodeForNewNodeHandler] INFO  pipeline.BackgroundPipelineCreator (BackgroundPipelineCreator.java:notifyEventTriggered(280)) - trigger a one-shot run on RatisPipelineUtilsThread.
2024-01-18 21:15:24,574 [RatisPipelineUtilsThread-0] INFO  pipeline.RatisPipelineProvider (RatisPipelineProvider.java:lambda$create$0(206)) - Sending CreatePipelineCommand for pipeline:PipelineID=680f8c4f-524d-4c69-9f3f-c928e238c9bb to datanode:7adc501f-70c9-4652-b7fc-e7afe3d76740
2024-01-18 21:15:24,575 [RatisPipelineUtilsThread-0] INFO  pipeline.BackgroundPipelineCreator (BackgroundPipelineCreator.java:createPipelines(236)) - Created new pipeline Pipeline[ Id: 680f8c4f-524d-4c69-9f3f-c928e238c9bb, Nodes: 7adc501f-70c9-4652-b7fc-e7afe3d76740(fv-az776-647.gib5dkvrjkgedmzi5ptrevqpbg.bx.internal.cloudapp.net/10.1.0.44), ReplicationConfig: RATIS/ONE, State:ALLOCATED, leaderId:, CreationTimestamp2024-01-18T21:15:24.574Z[Etc/UTC]]
2024-01-18 21:15:24,659 [IPC Server handler 0 on default port 15358] INFO  net.NetworkTopologyImpl (NetworkTopologyImpl.java:add(124)) - Added a new node: /default-rack/3df0e54a-fa0a-4d1f-902e-c3368fd6cf67
2024-01-18 21:15:24,660 [IPC Server handler 0 on default port 15358] INFO  node.SCMNodeManager (SCMNodeManager.java:register(417)) - Registered datanode: 3df0e54a-fa0a-4d1f-902e-c3368fd6cf67{ip: 10.1.0.44, host: fv-az776-647.gib5dkvrjkgedmzi5ptrevqpbg.bx.internal.cloudapp.net, ports: [HTTP=15410, CLIENT_RPC=15411, REPLICATION=15417, RATIS=15413, RATIS_ADMIN=15414, RATIS_SERVER=15415, RATIS_DATASTREAM=15416, STANDALONE=15412], networkLocation: /default-rack, certSerialId: null, persistedOpState: null, persistedOpStateExpiryEpochSec: 0}
2024-01-18 21:15:24,660 [EventQueue-NewNodeForNewNodeHandler] INFO  pipeline.BackgroundPipelineCreator (BackgroundPipelineCreator.java:notifyEventTriggered(280)) - trigger a one-shot run on RatisPipelineUtilsThread.
2024-01-18 21:15:24,660 [RatisPipelineUtilsThread-0] INFO  pipeline.RatisPipelineProvider (RatisPipelineProvider.java:lambda$create$0(206)) - Sending CreatePipelineCommand for pipeline:PipelineID=409d3eee-66a4-4b93-8580-db1fe75741b9 to datanode:3df0e54a-fa0a-4d1f-902e-c3368fd6cf67
2024-01-18 21:15:24,661 [RatisPipelineUtilsThread-0] INFO  pipeline.BackgroundPipelineCreator (BackgroundPipelineCreator.java:createPipelines(236)) - Created new pipeline Pipeline[ Id: 409d3eee-66a4-4b93-8580-db1fe75741b9, Nodes: 3df0e54a-fa0a-4d1f-902e-c3368fd6cf67(fv-az776-647.gib5dkvrjkgedmzi5ptrevqpbg.bx.internal.cloudapp.net/10.1.0.44), ReplicationConfig: RATIS/ONE, State:ALLOCATED, leaderId:, CreationTimestamp2024-01-18T21:15:24.660Z[Etc/UTC]]
2024-01-18 21:15:24,661 [RatisPipelineUtilsThread-0] INFO  pipeline.RatisPipelineProvider (RatisPipelineProvider.java:lambda$create$0(206)) - Sending CreatePipelineCommand for pipeline:PipelineID=2ed116e4-c7a3-422f-acc4-26e5762860c1 to datanode:7adc501f-70c9-4652-b7fc-e7afe3d76740
2024-01-18 21:15:24,661 [RatisPipelineUtilsThread-0] INFO  pipeline.RatisPipelineProvider (RatisPipelineProvider.java:lambda$create$0(206)) - Sending CreatePipelineCommand for pipeline:PipelineID=2ed116e4-c7a3-422f-acc4-26e5762860c1 to datanode:2f0c8443-6075-4928-968f-8dc1a7be92bb
2024-01-18 21:15:24,661 [RatisPipelineUtilsThread-0] INFO  pipeline.RatisPipelineProvider (RatisPipelineProvider.java:lambda$create$0(206)) - Sending CreatePipelineCommand for pipeline:PipelineID=2ed116e4-c7a3-422f-acc4-26e5762860c1 to datanode:3df0e54a-fa0a-4d1f-902e-c3368fd6cf67
2024-01-18 21:15:24,662 [RatisPipelineUtilsThread-0] INFO  pipeline.BackgroundPipelineCreator (BackgroundPipelineCreator.java:createPipelines(236)) - Created new pipeline Pipeline[ Id: 2ed116e4-c7a3-422f-acc4-26e5762860c1, Nodes: 7adc501f-70c9-4652-b7fc-e7afe3d76740(fv-az776-647.gib5dkvrjkgedmzi5ptrevqpbg.bx.internal.cloudapp.net/10.1.0.44)2f0c8443-6075-4928-968f-8dc1a7be92bb(fv-az776-647.gib5dkvrjkgedmzi5ptrevqpbg.bx.internal.cloudapp.net/10.1.0.44)3df0e54a-fa0a-4d1f-902e-c3368fd6cf67(fv-az776-647.gib5dkvrjkgedmzi5ptrevqpbg.bx.internal.cloudapp.net/10.1.0.44), ReplicationConfig: RATIS/THREE, State:ALLOCATED, leaderId:, CreationTimestamp2024-01-18T21:15:24.661Z[Etc/UTC]]
2024-01-18 21:15:24,737 [IPC Server handler 1 on default port 15358] INFO  net.NetworkTopologyImpl (NetworkTopologyImpl.java:add(124)) - Added a new node: /default-rack/acbd5797-4277-4d01-af47-c19d7e55cc48
2024-01-18 21:15:24,738 [IPC Server handler 1 on default port 15358] INFO  node.SCMNodeManager (SCMNodeManager.java:register(417)) - Registered datanode: acbd5797-4277-4d01-af47-c19d7e55cc48{ip: 10.1.0.44, host: fv-az776-647.gib5dkvrjkgedmzi5ptrevqpbg.bx.internal.cloudapp.net, ports: [HTTP=15419, CLIENT_RPC=15420, REPLICATION=15426, RATIS=15422, RATIS_ADMIN=15423, RATIS_SERVER=15424, RATIS_DATASTREAM=15425, STANDALONE=15421], networkLocation: /default-rack, certSerialId: null, persistedOpState: null, persistedOpStateExpiryEpochSec: 0}
2024-01-18 21:15:24,738 [EventQueue-NewNodeForNewNodeHandler] INFO  pipeline.BackgroundPipelineCreator (BackgroundPipelineCreator.java:notifyEventTriggered(280)) - trigger a one-shot run on RatisPipelineUtilsThread.
2024-01-18 21:15:24,738 [RatisPipelineUtilsThread-0] INFO  pipeline.RatisPipelineProvider (RatisPipelineProvider.java:lambda$create$0(206)) - Sending CreatePipelineCommand for pipeline:PipelineID=2144a7db-f977-4ec3-8e2d-c88c60b2ca57 to datanode:acbd5797-4277-4d01-af47-c19d7e55cc48
2024-01-18 21:15:24,739 [RatisPipelineUtilsThread-0] INFO  pipeline.BackgroundPipelineCreator (BackgroundPipelineCreator.java:createPipelines(236)) - Created new pipeline Pipeline[ Id: 2144a7db-f977-4ec3-8e2d-c88c60b2ca57, Nodes: acbd5797-4277-4d01-af47-c19d7e55cc48(fv-az776-647.gib5dkvrjkgedmzi5ptrevqpbg.bx.internal.cloudapp.net/10.1.0.44), ReplicationConfig: RATIS/ONE, State:ALLOCATED, leaderId:, CreationTimestamp2024-01-18T21:15:24.738Z[Etc/UTC]]
2024-01-18 21:15:24,820 [IPC Server handler 2 on default port 15358] INFO  net.NetworkTopologyImpl (NetworkTopologyImpl.java:add(124)) - Added a new node: /default-rack/29c9cbb7-9d34-4a8c-85ab-994756aa497f
2024-01-18 21:15:24,820 [IPC Server handler 2 on default port 15358] INFO  node.SCMNodeManager (SCMNodeManager.java:register(417)) - Registered datanode: 29c9cbb7-9d34-4a8c-85ab-994756aa497f{ip: 10.1.0.44, host: fv-az776-647.gib5dkvrjkgedmzi5ptrevqpbg.bx.internal.cloudapp.net, ports: [HTTP=15428, CLIENT_RPC=15429, REPLICATION=15435, RATIS=15431, RATIS_ADMIN=15432, RATIS_SERVER=15433, RATIS_DATASTREAM=15434, STANDALONE=15430], networkLocation: /default-rack, certSerialId: null, persistedOpState: null, persistedOpStateExpiryEpochSec: 0}
2024-01-18 21:15:24,820 [EventQueue-NewNodeForNewNodeHandler] INFO  pipeline.BackgroundPipelineCreator (BackgroundPipelineCreator.java:notifyEventTriggered(280)) - trigger a one-shot run on RatisPipelineUtilsThread.
2024-01-18 21:15:24,821 [RatisPipelineUtilsThread-0] INFO  pipeline.RatisPipelineProvider (RatisPipelineProvider.java:lambda$create$0(206)) - Sending CreatePipelineCommand for pipeline:PipelineID=cccc1c16-182b-4706-bbe8-c5a60369ce98 to datanode:29c9cbb7-9d34-4a8c-85ab-994756aa497f
2024-01-18 21:15:24,821 [RatisPipelineUtilsThread-0] INFO  pipeline.BackgroundPipelineCreator (BackgroundPipelineCreator.java:createPipelines(236)) - Created new pipeline Pipeline[ Id: cccc1c16-182b-4706-bbe8-c5a60369ce98, Nodes: 29c9cbb7-9d34-4a8c-85ab-994756aa497f(fv-az776-647.gib5dkvrjkgedmzi5ptrevqpbg.bx.internal.cloudapp.net/10.1.0.44), ReplicationConfig: RATIS/ONE, State:ALLOCATED, leaderId:, CreationTimestamp2024-01-18T21:15:24.821Z[Etc/UTC]]
2024-01-18 21:15:24,902 [IPC Server handler 10 on default port 15358] INFO  net.NetworkTopologyImpl (NetworkTopologyImpl.java:add(124)) - Added a new node: /default-rack/09e80bb5-5452-43c5-b0d6-1fc2b272d72e
2024-01-18 21:15:24,903 [IPC Server handler 10 on default port 15358] INFO  node.SCMNodeManager (SCMNodeManager.java:register(417)) - Registered datanode: 09e80bb5-5452-43c5-b0d6-1fc2b272d72e{ip: 10.1.0.44, host: fv-az776-647.gib5dkvrjkgedmzi5ptrevqpbg.bx.internal.cloudapp.net, ports: [HTTP=15437, CLIENT_RPC=15438, REPLICATION=15444, RATIS=15440, RATIS_ADMIN=15441, RATIS_SERVER=15442, RATIS_DATASTREAM=15443, STANDALONE=15439], networkLocation: /default-rack, certSerialId: null, persistedOpState: null, persistedOpStateExpiryEpochSec: 0}
2024-01-18 21:15:24,903 [EventQueue-NewNodeForNewNodeHandler] INFO  pipeline.BackgroundPipelineCreator (BackgroundPipelineCreator.java:notifyEventTriggered(280)) - trigger a one-shot run on RatisPipelineUtilsThread.
2024-01-18 21:15:24,903 [RatisPipelineUtilsThread-0] INFO  pipeline.RatisPipelineProvider (RatisPipelineProvider.java:lambda$create$0(206)) - Sending CreatePipelineCommand for pipeline:PipelineID=7ee7a075-f0fb-478f-a7d5-dd65e0fb03ea to datanode:09e80bb5-5452-43c5-b0d6-1fc2b272d72e
2024-01-18 21:15:24,903 [main] INFO  ozone.MiniOzoneClusterImpl (MiniOzoneClusterImpl.java:lambda$waitForClusterToBeReady$0(229)) - Nodes are ready. Got 9 of 9 DN Heartbeats.
2024-01-18 21:15:24,904 [main] INFO  ozone.MiniOzoneClusterImpl (MiniOzoneClusterImpl.java:lambda$waitForClusterToBeReady$0(232)) - Waiting for cluster to exit safe mode
2024-01-18 21:15:24,904 [main] INFO  ozone.MiniOzoneClusterImpl (MiniOzoneClusterImpl.java:lambda$waitForClusterToBeReady$0(234)) - SCM became leader
2024-01-18 21:15:24,903 [RatisPipelineUtilsThread-0] INFO  pipeline.BackgroundPipelineCreator (BackgroundPipelineCreator.java:createPipelines(236)) - Created new pipeline Pipeline[ Id: 7ee7a075-f0fb-478f-a7d5-dd65e0fb03ea, Nodes: 09e80bb5-5452-43c5-b0d6-1fc2b272d72e(fv-az776-647.gib5dkvrjkgedmzi5ptrevqpbg.bx.internal.cloudapp.net/10.1.0.44), ReplicationConfig: RATIS/ONE, State:ALLOCATED, leaderId:, CreationTimestamp2024-01-18T21:15:24.903Z[Etc/UTC]]
2024-01-18 21:15:24,904 [RatisPipelineUtilsThread-0] INFO  pipeline.RatisPipelineProvider (RatisPipelineProvider.java:lambda$create$0(206)) - Sending CreatePipelineCommand for pipeline:PipelineID=7efbc0bc-7d7d-4e10-b6d8-7eb0424defa0 to datanode:acbd5797-4277-4d01-af47-c19d7e55cc48
2024-01-18 21:15:24,904 [RatisPipelineUtilsThread-0] INFO  pipeline.RatisPipelineProvider (RatisPipelineProvider.java:lambda$create$0(206)) - Sending CreatePipelineCommand for pipeline:PipelineID=7efbc0bc-7d7d-4e10-b6d8-7eb0424defa0 to datanode:09e80bb5-5452-43c5-b0d6-1fc2b272d72e
2024-01-18 21:15:24,904 [RatisPipelineUtilsThread-0] INFO  pipeline.RatisPipelineProvider (RatisPipelineProvider.java:lambda$create$0(206)) - Sending CreatePipelineCommand for pipeline:PipelineID=7efbc0bc-7d7d-4e10-b6d8-7eb0424defa0 to datanode:29c9cbb7-9d34-4a8c-85ab-994756aa497f
2024-01-18 21:15:24,905 [RatisPipelineUtilsThread-0] INFO  pipeline.BackgroundPipelineCreator (BackgroundPipelineCreator.java:createPipelines(236)) - Created new pipeline Pipeline[ Id: 7efbc0bc-7d7d-4e10-b6d8-7eb0424defa0, Nodes: acbd5797-4277-4d01-af47-c19d7e55cc48(fv-az776-647.gib5dkvrjkgedmzi5ptrevqpbg.bx.internal.cloudapp.net/10.1.0.44)09e80bb5-5452-43c5-b0d6-1fc2b272d72e(fv-az776-647.gib5dkvrjkgedmzi5ptrevqpbg.bx.internal.cloudapp.net/10.1.0.44)29c9cbb7-9d34-4a8c-85ab-994756aa497f(fv-az776-647.gib5dkvrjkgedmzi5ptrevqpbg.bx.internal.cloudapp.net/10.1.0.44), ReplicationConfig: RATIS/THREE, State:ALLOCATED, leaderId:, CreationTimestamp2024-01-18T21:15:24.904Z[Etc/UTC]]
2024-01-18 21:15:25,904 [main] INFO  ozone.MiniOzoneClusterImpl (MiniOzoneClusterImpl.java:lambda$waitForClusterToBeReady$0(229)) - Nodes are ready. Got 9 of 9 DN Heartbeats.
2024-01-18 21:15:25,904 [main] INFO  ozone.MiniOzoneClusterImpl (MiniOzoneClusterImpl.java:lambda$waitForClusterToBeReady$0(232)) - Waiting for cluster to exit safe mode
2024-01-18 21:15:25,904 [main] INFO  ozone.MiniOzoneClusterImpl (MiniOzoneClusterImpl.java:lambda$waitForClusterToBeReady$0(234)) - SCM became leader
2024-01-18 21:15:26,905 [main] INFO  ozone.MiniOzoneClusterImpl (MiniOzoneClusterImpl.java:lambda$waitForClusterToBeReady$0(229)) - Nodes are ready. Got 9 of 9 DN Heartbeats.
2024-01-18 21:15:26,905 [main] INFO  ozone.MiniOzoneClusterImpl (MiniOzoneClusterImpl.java:lambda$waitForClusterToBeReady$0(232)) - Waiting for cluster to exit safe mode
2024-01-18 21:15:26,905 [main] INFO  ozone.MiniOzoneClusterImpl (MiniOzoneClusterImpl.java:lambda$waitForClusterToBeReady$0(234)) - SCM became leader
2024-01-18 21:15:27,220 [50b158ec-4e8f-4837-b5f0-9c37661490ab-PipelineCommandHandlerThread-0] INFO  server.RaftServer (RaftServerProxy.java:addNew(100)) - 50b158ec-4e8f-4837-b5f0-9c37661490ab: addNew group-61856EC72D63:[50b158ec-4e8f-4837-b5f0-9c37661490ab|10.1.0.44:15370] returns group-61856EC72D63:java.util.concurrent.CompletableFuture@464feadf[Not completed]
2024-01-18 21:15:27,221 [50b158ec-4e8f-4837-b5f0-9c37661490ab-groupManagement] INFO  server.RaftServer$Division (RaftServerImpl.java:<init>(256)) - 50b158ec-4e8f-4837-b5f0-9c37661490ab: new RaftServerImpl for group-61856EC72D63:[50b158ec-4e8f-4837-b5f0-9c37661490ab|10.1.0.44:15370] with ContainerStateMachine:uninitialized
2024-01-18 21:15:27,221 [50b158ec-4e8f-4837-b5f0-9c37661490ab-groupManagement] INFO  server.RaftServerConfigKeys (ConfUtils.java:logGet(46)) - raft.server.rpc.timeout.min = 5s (custom)
2024-01-18 21:15:27,221 [50b158ec-4e8f-4837-b5f0-9c37661490ab-groupManagement] INFO  server.RaftServerConfigKeys (ConfUtils.java:logGet(46)) - raft.server.rpc.timeout.max = 5200ms (custom)
2024-01-18 21:15:27,221 [50b158ec-4e8f-4837-b5f0-9c37661490ab-groupManagement] INFO  server.RaftServerConfigKeys (ConfUtils.java:logGet(46)) - raft.server.rpc.sleep.time = 25ms (default)
2024-01-18 21:15:27,221 [50b158ec-4e8f-4837-b5f0-9c37661490ab-groupManagement] INFO  server.RaftServerConfigKeys (ConfUtils.java:logGet(46)) - raft.server.rpc.slowness.timeout = 300000ms (custom)
2024-01-18 21:15:27,221 [50b158ec-4e8f-4837-b5f0-9c37661490ab-groupManagement] INFO  server.RaftServerConfigKeys (ConfUtils.java:logGet(46)) - raft.server.leaderelection.leader.step-down.wait-time = 10s (default)
2024-01-18 21:15:27,221 [50b158ec-4e8f-4837-b5f0-9c37661490ab-groupManagement] INFO  server.RaftServerConfigKeys (ConfUtils.java:logGet(46)) - raft.server.leaderelection.member.majority-add = false (default)
2024-01-18 21:15:27,221 [50b158ec-4e8f-4837-b5f0-9c37661490ab-groupManagement] INFO  server.RaftServerConfigKeys (ConfUtils.java:logGet(46)) - raft.server.sleep.deviation.threshold = 300ms (default)
2024-01-18 21:15:27,221 [50b158ec-4e8f-4837-b5f0-9c37661490ab-groupManagement] INFO  server.RaftServer$Division (ServerState.java:<init>(113)) - 50b158ec-4e8f-4837-b5f0-9c37661490ab@group-61856EC72D63: ConfigurationManager, init=-1: peers:[50b158ec-4e8f-4837-b5f0-9c37661490ab|10.1.0.44:15370]|listeners:[], old=null, confs=<EMPTY_MAP>
2024-01-18 21:15:27,221 [50b158ec-4e8f-4837-b5f0-9c37661490ab-groupManagement] INFO  server.RaftServerConfigKeys (ConfUtils.java:logGet(46)) - raft.server.notification.no-leader.timeout = 300000ms (custom)
2024-01-18 21:15:27,221 [50b158ec-4e8f-4837-b5f0-9c37661490ab-groupManagement] INFO  server.RaftServerConfigKeys (ConfUtils.java:logGet(46)) - raft.server.read.timeout = 10s (default)
2024-01-18 21:15:27,221 [50b158ec-4e8f-4837-b5f0-9c37661490ab-groupManagement] INFO  server.RaftServerConfigKeys (ConfUtils.java:logGet(46)) - raft.server.retrycache.expirytime = 600000ms (custom)
2024-01-18 21:15:27,221 [50b158ec-4e8f-4837-b5f0-9c37661490ab-groupManagement] INFO  server.RaftServerConfigKeys (ConfUtils.java:logGet(46)) - raft.server.retrycache.statistics.expirytime = 100ms (default)
2024-01-18 21:15:27,221 [50b158ec-4e8f-4837-b5f0-9c37661490ab-groupManagement] INFO  server.RaftServerConfigKeys (ConfUtils.java:logGet(46)) - raft.server.read.option = DEFAULT (default)
2024-01-18 21:15:27,222 [50b158ec-4e8f-4837-b5f0-9c37661490ab-groupManagement] INFO  server.RaftServerConfigKeys (ConfUtils.java:logGet(46)) - raft.server.read.read-after-write-consistent.write-index-cache.expiry-time = 60s (default)
2024-01-18 21:15:27,223 [50b158ec-4e8f-4837-b5f0-9c37661490ab-groupManagement] INFO  server.RaftServerConfigKeys (ConfUtils.java:logGet(46)) - raft.server.rpc.request.timeout = 3000ms (default)
2024-01-18 21:15:27,223 [50b158ec-4e8f-4837-b5f0-9c37661490ab-groupManagement] INFO  server.RaftServerConfigKeys (ConfUtils.java:logGet(46)) - raft.server.log.appender.install.snapshot.enabled = false (custom)
2024-01-18 21:15:27,223 [50b158ec-4e8f-4837-b5f0-9c37661490ab-groupManagement] INFO  server.RaftServerConfigKeys (ConfUtils.java:logGet(46)) - raft.server.threadpool.server.cached = true (default)
2024-01-18 21:15:27,223 [50b158ec-4e8f-4837-b5f0-9c37661490ab-groupManagement] INFO  server.RaftServerConfigKeys (ConfUtils.java:logGet(46)) - raft.server.threadpool.server.size = 0 (default)
2024-01-18 21:15:27,223 [50b158ec-4e8f-4837-b5f0-9c37661490ab-groupManagement] INFO  server.RaftServerConfigKeys (ConfUtils.java:logGet(46)) - raft.server.threadpool.client.cached = true (default)
2024-01-18 21:15:27,223 [50b158ec-4e8f-4837-b5f0-9c37661490ab-groupManagement] INFO  server.RaftServerConfigKeys (ConfUtils.java:logGet(46)) - raft.server.threadpool.client.size = 0 (default)
2024-01-18 21:15:27,224 [50b158ec-4e8f-4837-b5f0-9c37661490ab-groupManagement] INFO  server.RaftServerConfigKeys (ConfUtils.java:logGet(46)) - raft.server.storage.free-space.min = 0MB (=0) (default)
2024-01-18 21:15:27,224 [50b158ec-4e8f-4837-b5f0-9c37661490ab-groupManagement] INFO  server.RaftServerConfigKeys (ConfUtils.java:logGet(46)) - raft.server.log.corruption.policy = EXCEPTION (default)
2024-01-18 21:15:27,224 [50b158ec-4e8f-4837-b5f0-9c37661490ab-groupManagement] INFO  server.RaftServerConfigKeys (ConfUtils.java:logGet(46)) - raft.server.storage.dir = [/home/runner/work/ozone/ozone/hadoop-ozone/integration-test/target/test-dir/MiniOzoneClusterImpl-df9b5de2-b041-43db-b9a6-571161098f76/datanode-0/data/ratis] (custom)
2024-01-18 21:15:27,224 [50b158ec-4e8f-4837-b5f0-9c37661490ab-groupManagement] INFO  storage.RaftStorageDirectory (RaftStorageDirectoryImpl.java:analyzeStorage(138)) - The storage directory /home/runner/work/ozone/ozone/hadoop-ozone/integration-test/target/test-dir/MiniOzoneClusterImpl-df9b5de2-b041-43db-b9a6-571161098f76/datanode-0/data/ratis/dcbf677e-87ee-47bb-9125-61856ec72d63 does not exist. Creating ...
2024-01-18 21:15:27,225 [50b158ec-4e8f-4837-b5f0-9c37661490ab-groupManagement] INFO  storage.RaftStorageDirectory (RaftStorageDirectoryImpl.java:tryLock(228)) - Lock on /home/runner/work/ozone/ozone/hadoop-ozone/integration-test/target/test-dir/MiniOzoneClusterImpl-df9b5de2-b041-43db-b9a6-571161098f76/datanode-0/data/ratis/dcbf677e-87ee-47bb-9125-61856ec72d63/in_use.lock acquired by nodename 70315@fv-az776-647
2024-01-18 21:15:27,225 [50b158ec-4e8f-4837-b5f0-9c37661490ab-groupManagement] INFO  storage.RaftStorage (RaftStorageImpl.java:format(99)) - Storage directory /home/runner/work/ozone/ozone/hadoop-ozone/integration-test/target/test-dir/MiniOzoneClusterImpl-df9b5de2-b041-43db-b9a6-571161098f76/datanode-0/data/ratis/dcbf677e-87ee-47bb-9125-61856ec72d63 has been successfully formatted.
2024-01-18 21:15:27,226 [50b158ec-4e8f-4837-b5f0-9c37661490ab-groupManagement] WARN  util.FileUtils (LogUtils.java:supplyAndLog(63)) - Failed to Files.newInputStream /home/runner/work/ozone/ozone/hadoop-ozone/integration-test/target/test-dir/MiniOzoneClusterImpl-df9b5de2-b041-43db-b9a6-571161098f76/datanode-0/data/ratis/dcbf677e-87ee-47bb-9125-61856ec72d63/current/raft-meta.conf with options []: java.nio.file.NoSuchFileException: /home/runner/work/ozone/ozone/hadoop-ozone/integration-test/target/test-dir/MiniOzoneClusterImpl-df9b5de2-b041-43db-b9a6-571161098f76/datanode-0/data/ratis/dcbf677e-87ee-47bb-9125-61856ec72d63/current/raft-meta.conf
2024-01-18 21:15:27,227 [50b158ec-4e8f-4837-b5f0-9c37661490ab-groupManagement] INFO  ratis.ContainerStateMachine (ContainerStateMachine.java:loadSnapshot(287)) - group-61856EC72D63: The snapshot info is null. Setting the last applied index to:(t:0, i:~)
2024-01-18 21:15:27,227 [50b158ec-4e8f-4837-b5f0-9c37661490ab-groupManagement] INFO  server.RaftServerConfigKeys (ConfUtils.java:logGet(46)) - raft.server.log.use.memory = false (default)
2024-01-18 21:15:27,227 [50b158ec-4e8f-4837-b5f0-9c37661490ab-groupManagement] INFO  server.RaftServerConfigKeys (ConfUtils.java:logGet(46)) - raft.server.log.purge.gap = 1000000 (custom)
2024-01-18 21:15:27,227 [50b158ec-4e8f-4837-b5f0-9c37661490ab-groupManagement] INFO  server.RaftServerConfigKeys (ConfUtils.java:logGet(46)) - raft.server.log.appender.buffer.byte-limit = 8388608 (custom)
2024-01-18 21:15:27,227 [50b158ec-4e8f-4837-b5f0-9c37661490ab-groupManagement] INFO  server.RaftServerConfigKeys (ConfUtils.java:logGet(46)) - raft.server.log.statemachine.data.read.timeout = 1000ms (default)
2024-01-18 21:15:27,227 [50b158ec-4e8f-4837-b5f0-9c37661490ab-groupManagement] INFO  server.RaftServerConfigKeys (ConfUtils.java:logGet(46)) - raft.server.log.purge.preservation.log.num = 0 (default)
2024-01-18 21:15:27,227 [EventQueue-PipelineReportForPipelineReportHandler] INFO  pipeline.PipelineReportHandler (PipelineReportHandler.java:processPipelineReport(136)) - Opened pipeline PipelineID=dcbf677e-87ee-47bb-9125-61856ec72d63
2024-01-18 21:15:27,229 [EventQueue-OpenPipelineForHealthyPipelineSafeModeRule] INFO  safemode.SCMSafeModeManager (HealthyPipelineSafeModeRule.java:process(140)) - SCM in safe mode. Healthy pipelines reported count is 0, required healthy pipeline reported count is 1
2024-01-18 21:15:27,229 [50b158ec-4e8f-4837-b5f0-9c37661490ab-groupManagement] INFO  server.RaftServerConfigKeys (ConfUtils.java:logGet(46)) - raft.server.log.segment.size.max = 67108864 (custom)
2024-01-18 21:15:27,230 [50b158ec-4e8f-4837-b5f0-9c37661490ab-groupManagement] INFO  server.RaftServerConfigKeys (ConfUtils.java:logGet(46)) - raft.server.log.segment.cache.num.max = 2 (custom)
2024-01-18 21:15:27,230 [50b158ec-4e8f-4837-b5f0-9c37661490ab-groupManagement] INFO  server.RaftServerConfigKeys (ConfUtils.java:logGet(46)) - raft.server.log.segment.cache.size.max = 200MB (=209715200) (default)
2024-01-18 21:15:27,230 [50b158ec-4e8f-4837-b5f0-9c37661490ab-groupManagement] INFO  server.RaftServerConfigKeys (ConfUtils.java:logGet(46)) - raft.server.log.appender.buffer.byte-limit = 8388608 (custom)
2024-01-18 21:15:27,230 [50b158ec-4e8f-4837-b5f0-9c37661490ab-groupManagement] INFO  util.AwaitToRun (AwaitToRun.java:start(81)) - Thread[50b158ec-4e8f-4837-b5f0-9c37661490ab@group-61856EC72D63-cacheEviction-AwaitToRun,5,main] started
2024-01-18 21:15:27,230 [50b158ec-4e8f-4837-b5f0-9c37661490ab-groupManagement] INFO  segmented.SegmentedRaftLogWorker (SegmentedRaftLogWorker.java:<init>(182)) - new 50b158ec-4e8f-4837-b5f0-9c37661490ab@group-61856EC72D63-SegmentedRaftLogWorker for RaftStorageImpl:Storage Directory /home/runner/work/ozone/ozone/hadoop-ozone/integration-test/target/test-dir/MiniOzoneClusterImpl-df9b5de2-b041-43db-b9a6-571161098f76/datanode-0/data/ratis/dcbf677e-87ee-47bb-9125-61856ec72d63
2024-01-18 21:15:27,230 [50b158ec-4e8f-4837-b5f0-9c37661490ab-groupManagement] INFO  server.RaftServerConfigKeys (ConfUtils.java:logGet(46)) - raft.server.log.queue.byte-limit = 4294967296 (custom)
2024-01-18 21:15:27,230 [50b158ec-4e8f-4837-b5f0-9c37661490ab-groupManagement] INFO  server.RaftServerConfigKeys (ConfUtils.java:logGet(46)) - raft.server.log.queue.element-limit = 1024 (custom)
2024-01-18 21:15:27,230 [50b158ec-4e8f-4837-b5f0-9c37661490ab-groupManagement] INFO  server.RaftServerConfigKeys (ConfUtils.java:logGet(46)) - raft.server.log.segment.size.max = 67108864 (custom)
2024-01-18 21:15:27,230 [50b158ec-4e8f-4837-b5f0-9c37661490ab-groupManagement] INFO  server.RaftServerConfigKeys (ConfUtils.java:logGet(46)) - raft.server.log.preallocated.size = 4194304 (custom)
2024-01-18 21:15:27,230 [50b158ec-4e8f-4837-b5f0-9c37661490ab-groupManagement] INFO  server.RaftServerConfigKeys (ConfUtils.java:logGet(46)) - raft.server.log.force.sync.num = 128 (default)
2024-01-18 21:15:27,230 [50b158ec-4e8f-4837-b5f0-9c37661490ab-groupManagement] INFO  server.RaftServerConfigKeys (ConfUtils.java:logGet(46)) - raft.server.log.statemachine.data.sync = true (default)
2024-01-18 21:15:27,230 [50b158ec-4e8f-4837-b5f0-9c37661490ab-groupManagement] INFO  server.RaftServerConfigKeys (ConfUtils.java:logGet(46)) - raft.server.log.statemachine.data.sync.timeout = 10s (default)
2024-01-18 21:15:27,230 [50b158ec-4e8f-4837-b5f0-9c37661490ab-groupManagement] INFO  server.RaftServerConfigKeys (ConfUtils.java:logGet(46)) - raft.server.log.statemachine.data.sync.timeout.retry = 0 (custom)
2024-01-18 21:15:27,230 [50b158ec-4e8f-4837-b5f0-9c37661490ab-groupManagement] INFO  server.RaftServerConfigKeys (ConfUtils.java:logGet(46)) - raft.server.log.write.buffer.size = 8388616 (custom)
2024-01-18 21:15:27,232 [50b158ec-4e8f-4837-b5f0-9c37661490ab-groupManagement] INFO  server.RaftServerConfigKeys (ConfUtils.java:logGet(46)) - raft.server.log.appender.buffer.byte-limit = 8388608 (custom)
2024-01-18 21:15:27,232 [50b158ec-4e8f-4837-b5f0-9c37661490ab-groupManagement] INFO  server.RaftServerConfigKeys (ConfUtils.java:logGet(46)) - raft.server.log.unsafe-flush.enabled = false (default)
2024-01-18 21:15:27,232 [50b158ec-4e8f-4837-b5f0-9c37661490ab-groupManagement] INFO  server.RaftServerConfigKeys (ConfUtils.java:logGet(46)) - raft.server.log.async-flush.enabled = false (default)
2024-01-18 21:15:27,232 [50b158ec-4e8f-4837-b5f0-9c37661490ab-groupManagement] INFO  server.RaftServerConfigKeys (ConfUtils.java:logGet(46)) - raft.server.log.statemachine.data.caching.enabled = true (custom)
2024-01-18 21:15:27,232 [50b158ec-4e8f-4837-b5f0-9c37661490ab-groupManagement] INFO  segmented.SegmentedRaftLogWorker (SegmentedRaftLogWorker.java:lambda$new$0(134)) - 50b158ec-4e8f-4837-b5f0-9c37661490ab@group-61856EC72D63-SegmentedRaftLogWorker: flushIndex: setUnconditionally 0 -> -1
2024-01-18 21:15:27,232 [50b158ec-4e8f-4837-b5f0-9c37661490ab-groupManagement] INFO  segmented.SegmentedRaftLogWorker (SegmentedRaftLogWorker.java:lambda$new$0(134)) - 50b158ec-4e8f-4837-b5f0-9c37661490ab@group-61856EC72D63-SegmentedRaftLogWorker: safeCacheEvictIndex: setUnconditionally 0 -> -1
2024-01-18 21:15:27,232 [50b158ec-4e8f-4837-b5f0-9c37661490ab-groupManagement] INFO  server.RaftServer$Division (RaftServerImpl.java:start(396)) - 50b158ec-4e8f-4837-b5f0-9c37661490ab@group-61856EC72D63: start as a follower, conf=-1: peers:[50b158ec-4e8f-4837-b5f0-9c37661490ab|10.1.0.44:15370]|listeners:[], old=null
2024-01-18 21:15:27,232 [50b158ec-4e8f-4837-b5f0-9c37661490ab-groupManagement] INFO  server.RaftServer$Division (RaftServerImpl.java:setRole(383)) - 50b158ec-4e8f-4837-b5f0-9c37661490ab@group-61856EC72D63: changes role from      null to FOLLOWER at term 0 for startAsFollower
2024-01-18 21:15:27,232 [50b158ec-4e8f-4837-b5f0-9c37661490ab-groupManagement] INFO  impl.RoleInfo (RoleInfo.java:updateAndGet(139)) - 50b158ec-4e8f-4837-b5f0-9c37661490ab: start 50b158ec-4e8f-4837-b5f0-9c37661490ab@group-61856EC72D63-FollowerState
2024-01-18 21:15:27,232 [50b158ec-4e8f-4837-b5f0-9c37661490ab@group-61856EC72D63-FollowerState] INFO  server.RaftServerConfigKeys (ConfUtils.java:logFallback(53)) - raft.server.rpc.first-election.timeout.min = 5s (fallback to raft.server.rpc.timeout.min)
2024-01-18 21:15:27,232 [50b158ec-4e8f-4837-b5f0-9c37661490ab-groupManagement] INFO  util.JmxRegister (JmxRegister.java:tryRegister(44)) - Successfully registered JMX Bean with object name Ratis:service=RaftServer,group=group-61856EC72D63,id=50b158ec-4e8f-4837-b5f0-9c37661490ab
2024-01-18 21:15:27,232 [50b158ec-4e8f-4837-b5f0-9c37661490ab@group-61856EC72D63-FollowerState] INFO  server.RaftServerConfigKeys (ConfUtils.java:logFallback(53)) - raft.server.rpc.first-election.timeout.max = 5200ms (fallback to raft.server.rpc.timeout.max)
2024-01-18 21:15:27,232 [50b158ec-4e8f-4837-b5f0-9c37661490ab-groupManagement] INFO  server.RaftServerConfigKeys (ConfUtils.java:logGet(46)) - raft.server.snapshot.trigger-when-stop.enabled = true (default)
2024-01-18 21:15:27,233 [50b158ec-4e8f-4837-b5f0-9c37661490ab-groupManagement] INFO  server.RaftServerConfigKeys (ConfUtils.java:logGet(46)) - raft.server.snapshot.auto.trigger.enabled = true (custom)
2024-01-18 21:15:27,233 [50b158ec-4e8f-4837-b5f0-9c37661490ab-groupManagement] INFO  server.RaftServerConfigKeys (ConfUtils.java:logGet(46)) - raft.server.snapshot.auto.trigger.threshold = 10000 (custom)
2024-01-18 21:15:27,233 [50b158ec-4e8f-4837-b5f0-9c37661490ab-groupManagement] INFO  server.RaftServerConfigKeys (ConfUtils.java:logGet(46)) - raft.server.snapshot.retention.file.num = 5 (custom)
2024-01-18 21:15:27,233 [50b158ec-4e8f-4837-b5f0-9c37661490ab-groupManagement] INFO  server.RaftServerConfigKeys (ConfUtils.java:logGet(46)) - raft.server.log.purge.upto.snapshot.index = false (default)
2024-01-18 21:15:27,233 [50b158ec-4e8f-4837-b5f0-9c37661490ab-PipelineCommandHandlerThread-0] INFO  ratis.XceiverServerRatis (XceiverServerRatis.java:addGroup(842)) - Created group PipelineID=dcbf677e-87ee-47bb-9125-61856ec72d63
2024-01-18 21:15:27,233 [50b158ec-4e8f-4837-b5f0-9c37661490ab-PipelineCommandHandlerThread-0] INFO  commandhandler.CreatePipelineCommandHandler (CreatePipelineCommandHandler.java:lambda$handle$2(124)) - Created Pipeline RATIS ONE PipelineID=dcbf677e-87ee-47bb-9125-61856ec72d63.
2024-01-18 21:15:27,234 [50b158ec-4e8f-4837-b5f0-9c37661490ab-PipelineCommandHandlerThread-0] INFO  server.RaftServer (RaftServerProxy.java:addNew(100)) - 50b158ec-4e8f-4837-b5f0-9c37661490ab: addNew group-4F9DB852C5E0:[50b158ec-4e8f-4837-b5f0-9c37661490ab|10.1.0.44:15370, 22869b9b-ca6a-4da8-a132-9d24bcd1149d|10.1.0.44:15388, 06a116e4-916e-4670-b681-a534e52e7a54|10.1.0.44:15379] returns group-4F9DB852C5E0:java.util.concurrent.CompletableFuture@427066ce[Not completed]
2024-01-18 21:15:27,234 [50b158ec-4e8f-4837-b5f0-9c37661490ab-groupManagement] INFO  server.RaftServer$Division (RaftServerImpl.java:<init>(256)) - 50b158ec-4e8f-4837-b5f0-9c37661490ab: new RaftServerImpl for group-4F9DB852C5E0:[50b158ec-4e8f-4837-b5f0-9c37661490ab|10.1.0.44:15370, 22869b9b-ca6a-4da8-a132-9d24bcd1149d|10.1.0.44:15388, 06a116e4-916e-4670-b681-a534e52e7a54|10.1.0.44:15379] with ContainerStateMachine:uninitialized
2024-01-18 21:15:27,234 [50b158ec-4e8f-4837-b5f0-9c37661490ab-groupManagement] INFO  server.RaftServerConfigKeys (ConfUtils.java:logGet(46)) - raft.server.rpc.timeout.min = 5s (custom)
2024-01-18 21:15:27,234 [50b158ec-4e8f-4837-b5f0-9c37661490ab-groupManagement] INFO  server.RaftServerConfigKeys (ConfUtils.java:logGet(46)) - raft.server.rpc.timeout.max = 5200ms (custom)
2024-01-18 21:15:27,234 [50b158ec-4e8f-4837-b5f0-9c37661490ab-groupManagement] INFO  server.RaftServerConfigKeys (ConfUtils.java:logGet(46)) - raft.server.rpc.sleep.time = 25ms (default)
2024-01-18 21:15:27,234 [50b158ec-4e8f-4837-b5f0-9c37661490ab-groupManagement] INFO  server.RaftServerConfigKeys (ConfUtils.java:logGet(46)) - raft.server.rpc.slowness.timeout = 300000ms (custom)
2024-01-18 21:15:27,234 [50b158ec-4e8f-4837-b5f0-9c37661490ab-groupManagement] INFO  server.RaftServerConfigKeys (ConfUtils.java:logGet(46)) - raft.server.leaderelection.leader.step-down.wait-time = 10s (default)
2024-01-18 21:15:27,235 [50b158ec-4e8f-4837-b5f0-9c37661490ab-groupManagement] INFO  server.RaftServerConfigKeys (ConfUtils.java:logGet(46)) - raft.server.leaderelection.member.majority-add = false (default)
2024-01-18 21:15:27,235 [50b158ec-4e8f-4837-b5f0-9c37661490ab-groupManagement] INFO  server.RaftServerConfigKeys (ConfUtils.java:logGet(46)) - raft.server.sleep.deviation.threshold = 300ms (default)
2024-01-18 21:15:27,235 [50b158ec-4e8f-4837-b5f0-9c37661490ab-groupManagement] INFO  server.RaftServer$Division (ServerState.java:<init>(113)) - 50b158ec-4e8f-4837-b5f0-9c37661490ab@group-4F9DB852C5E0: ConfigurationManager, init=-1: peers:[50b158ec-4e8f-4837-b5f0-9c37661490ab|10.1.0.44:15370, 22869b9b-ca6a-4da8-a132-9d24bcd1149d|10.1.0.44:15388, 06a116e4-916e-4670-b681-a534e52e7a54|10.1.0.44:15379]|listeners:[], old=null, confs=<EMPTY_MAP>
2024-01-18 21:15:27,235 [50b158ec-4e8f-4837-b5f0-9c37661490ab-groupManagement] INFO  server.RaftServerConfigKeys (ConfUtils.java:logGet(46)) - raft.server.notification.no-leader.timeout = 300000ms (custom)
2024-01-18 21:15:27,235 [50b158ec-4e8f-4837-b5f0-9c37661490ab-groupManagement] INFO  server.RaftServerConfigKeys (ConfUtils.java:logGet(46)) - raft.server.read.timeout = 10s (default)
2024-01-18 21:15:27,235 [50b158ec-4e8f-4837-b5f0-9c37661490ab-groupManagement] INFO  server.RaftServerConfigKeys (ConfUtils.java:logGet(46)) - raft.server.retrycache.expirytime = 600000ms (custom)
2024-01-18 21:15:27,235 [50b158ec-4e8f-4837-b5f0-9c37661490ab-groupManagement] INFO  server.RaftServerConfigKeys (ConfUtils.java:logGet(46)) - raft.server.retrycache.statistics.expirytime = 100ms (default)
2024-01-18 21:15:27,235 [50b158ec-4e8f-4837-b5f0-9c37661490ab-groupManagement] INFO  server.RaftServerConfigKeys (ConfUtils.java:logGet(46)) - raft.server.read.option = DEFAULT (default)
2024-01-18 21:15:27,235 [50b158ec-4e8f-4837-b5f0-9c37661490ab-groupManagement] INFO  server.RaftServerConfigKeys (ConfUtils.java:logGet(46)) - raft.server.read.read-after-write-consistent.write-index-cache.expiry-time = 60s (default)
2024-01-18 21:15:27,237 [50b158ec-4e8f-4837-b5f0-9c37661490ab-groupManagement] INFO  server.RaftServerConfigKeys (ConfUtils.java:logGet(46)) - raft.server.rpc.request.timeout = 3000ms (default)
2024-01-18 21:15:27,237 [50b158ec-4e8f-4837-b5f0-9c37661490ab-groupManagement] INFO  server.RaftServerConfigKeys (ConfUtils.java:logGet(46)) - raft.server.log.appender.install.snapshot.enabled = false (custom)
2024-01-18 21:15:27,237 [50b158ec-4e8f-4837-b5f0-9c37661490ab-groupManagement] INFO  server.RaftServerConfigKeys (ConfUtils.java:logGet(46)) - raft.server.threadpool.server.cached = true (default)
2024-01-18 21:15:27,237 [50b158ec-4e8f-4837-b5f0-9c37661490ab-groupManagement] INFO  server.RaftServerConfigKeys (ConfUtils.java:logGet(46)) - raft.server.threadpool.server.size = 0 (default)
2024-01-18 21:15:27,237 [50b158ec-4e8f-4837-b5f0-9c37661490ab-groupManagement] INFO  server.RaftServerConfigKeys (ConfUtils.java:logGet(46)) - raft.server.threadpool.client.cached = true (default)
2024-01-18 21:15:27,237 [50b158ec-4e8f-4837-b5f0-9c37661490ab-groupManagement] INFO  server.RaftServerConfigKeys (ConfUtils.java:logGet(46)) - raft.server.threadpool.client.size = 0 (default)
2024-01-18 21:15:27,237 [50b158ec-4e8f-4837-b5f0-9c37661490ab-groupManagement] INFO  server.RaftServerConfigKeys (ConfUtils.java:logGet(46)) - raft.server.storage.free-space.min = 0MB (=0) (default)
2024-01-18 21:15:27,237 [50b158ec-4e8f-4837-b5f0-9c37661490ab-groupManagement] INFO  server.RaftServerConfigKeys (ConfUtils.java:logGet(46)) - raft.server.log.corruption.policy = EXCEPTION (default)
2024-01-18 21:15:27,238 [50b158ec-4e8f-4837-b5f0-9c37661490ab-groupManagement] INFO  server.RaftServerConfigKeys (ConfUtils.java:logGet(46)) - raft.server.storage.dir = [/home/runner/work/ozone/ozone/hadoop-ozone/integration-test/target/test-dir/MiniOzoneClusterImpl-df9b5de2-b041-43db-b9a6-571161098f76/datanode-0/data/ratis] (custom)
2024-01-18 21:15:27,238 [50b158ec-4e8f-4837-b5f0-9c37661490ab-groupManagement] INFO  storage.RaftStorageDirectory (RaftStorageDirectoryImpl.java:analyzeStorage(138)) - The storage directory /home/runner/work/ozone/ozone/hadoop-ozone/integration-test/target/test-dir/MiniOzoneClusterImpl-df9b5de2-b041-43db-b9a6-571161098f76/datanode-0/data/ratis/a405df4a-93dc-40ab-baa5-4f9db852c5e0 does not exist. Creating ...
2024-01-18 21:15:27,238 [50b158ec-4e8f-4837-b5f0-9c37661490ab-groupManagement] INFO  storage.RaftStorageDirectory (RaftStorageDirectoryImpl.java:tryLock(228)) - Lock on /home/runner/work/ozone/ozone/hadoop-ozone/integration-test/target/test-dir/MiniOzoneClusterImpl-df9b5de2-b041-43db-b9a6-571161098f76/datanode-0/data/ratis/a405df4a-93dc-40ab-baa5-4f9db852c5e0/in_use.lock acquired by nodename 70315@fv-az776-647
2024-01-18 21:15:27,239 [50b158ec-4e8f-4837-b5f0-9c37661490ab-groupManagement] INFO  storage.RaftStorage (RaftStorageImpl.java:format(99)) - Storage directory /home/runner/work/ozone/ozone/hadoop-ozone/integration-test/target/test-dir/MiniOzoneClusterImpl-df9b5de2-b041-43db-b9a6-571161098f76/datanode-0/data/ratis/a405df4a-93dc-40ab-baa5-4f9db852c5e0 has been successfully formatted.
2024-01-18 21:15:27,239 [50b158ec-4e8f-4837-b5f0-9c37661490ab-groupManagement] WARN  util.FileUtils (LogUtils.java:supplyAndLog(63)) - Failed to Files.newInputStream /home/runner/work/ozone/ozone/hadoop-ozone/integration-test/target/test-dir/MiniOzoneClusterImpl-df9b5de2-b041-43db-b9a6-571161098f76/datanode-0/data/ratis/a405df4a-93dc-40ab-baa5-4f9db852c5e0/current/raft-meta.conf with options []: java.nio.file.NoSuchFileException: /home/runner/work/ozone/ozone/hadoop-ozone/integration-test/target/test-dir/MiniOzoneClusterImpl-df9b5de2-b041-43db-b9a6-571161098f76/datanode-0/data/ratis/a405df4a-93dc-40ab-baa5-4f9db852c5e0/current/raft-meta.conf
2024-01-18 21:15:27,240 [50b158ec-4e8f-4837-b5f0-9c37661490ab-groupManagement] INFO  ratis.ContainerStateMachine (ContainerStateMachine.java:loadSnapshot(287)) - group-4F9DB852C5E0: The snapshot info is null. Setting the last applied index to:(t:0, i:~)
2024-01-18 21:15:27,240 [50b158ec-4e8f-4837-b5f0-9c37661490ab-groupManagement] INFO  server.RaftServerConfigKeys (ConfUtils.java:logGet(46)) - raft.server.log.use.memory = false (default)
2024-01-18 21:15:27,240 [EventQueue-OpenPipelineForHealthyPipelineSafeModeRule] INFO  safemode.SCMSafeModeManager (HealthyPipelineSafeModeRule.java:process(140)) - SCM in safe mode. Healthy pipelines reported count is 0, required healthy pipeline reported count is 1
2024-01-18 21:15:27,243 [50b158ec-4e8f-4837-b5f0-9c37661490ab-groupManagement] INFO  server.RaftServerConfigKeys (ConfUtils.java:logGet(46)) - raft.server.log.purge.gap = 1000000 (custom)
2024-01-18 21:15:27,243 [50b158ec-4e8f-4837-b5f0-9c37661490ab-groupManagement] INFO  server.RaftServerConfigKeys (ConfUtils.java:logGet(46)) - raft.server.log.appender.buffer.byte-limit = 8388608 (custom)
2024-01-18 21:15:27,244 [50b158ec-4e8f-4837-b5f0-9c37661490ab-groupManagement] INFO  server.RaftServerConfigKeys (ConfUtils.java:logGet(46)) - raft.server.log.statemachine.data.read.timeout = 1000ms (default)
2024-01-18 21:15:27,244 [50b158ec-4e8f-4837-b5f0-9c37661490ab-groupManagement] INFO  server.RaftServerConfigKeys (ConfUtils.java:logGet(46)) - raft.server.log.purge.preservation.log.num = 0 (default)
2024-01-18 21:15:27,245 [50b158ec-4e8f-4837-b5f0-9c37661490ab-groupManagement] INFO  server.RaftServerConfigKeys (ConfUtils.java:logGet(46)) - raft.server.log.segment.size.max = 67108864 (custom)
2024-01-18 21:15:27,245 [50b158ec-4e8f-4837-b5f0-9c37661490ab-groupManagement] INFO  server.RaftServerConfigKeys (ConfUtils.java:logGet(46)) - raft.server.log.segment.cache.num.max = 2 (custom)
2024-01-18 21:15:27,245 [50b158ec-4e8f-4837-b5f0-9c37661490ab-groupManagement] INFO  server.RaftServerConfigKeys (ConfUtils.java:logGet(46)) - raft.server.log.segment.cache.size.max = 200MB (=209715200) (default)
2024-01-18 21:15:27,245 [50b158ec-4e8f-4837-b5f0-9c37661490ab-groupManagement] INFO  server.RaftServerConfigKeys (ConfUtils.java:logGet(46)) - raft.server.log.appender.buffer.byte-limit = 8388608 (custom)
2024-01-18 21:15:27,246 [50b158ec-4e8f-4837-b5f0-9c37661490ab-groupManagement] INFO  util.AwaitToRun (AwaitToRun.java:start(81)) - Thread[50b158ec-4e8f-4837-b5f0-9c37661490ab@group-4F9DB852C5E0-cacheEviction-AwaitToRun,5,main] started
2024-01-18 21:15:27,246 [50b158ec-4e8f-4837-b5f0-9c37661490ab-groupManagement] INFO  segmented.SegmentedRaftLogWorker (SegmentedRaftLogWorker.java:<init>(182)) - new 50b158ec-4e8f-4837-b5f0-9c37661490ab@group-4F9DB852C5E0-SegmentedRaftLogWorker for RaftStorageImpl:Storage Directory /home/runner/work/ozone/ozone/hadoop-ozone/integration-test/target/test-dir/MiniOzoneClusterImpl-df9b5de2-b041-43db-b9a6-571161098f76/datanode-0/data/ratis/a405df4a-93dc-40ab-baa5-4f9db852c5e0
2024-01-18 21:15:27,246 [50b158ec-4e8f-4837-b5f0-9c37661490ab-groupManagement] INFO  server.RaftServerConfigKeys (ConfUtils.java:logGet(46)) - raft.server.log.queue.byte-limit = 4294967296 (custom)
2024-01-18 21:15:27,246 [50b158ec-4e8f-4837-b5f0-9c37661490ab-groupManagement] INFO  server.RaftServerConfigKeys (ConfUtils.java:logGet(46)) - raft.server.log.queue.element-limit = 1024 (custom)
2024-01-18 21:15:27,246 [50b158ec-4e8f-4837-b5f0-9c37661490ab-groupManagement] INFO  server.RaftServerConfigKeys (ConfUtils.java:logGet(46)) - raft.server.log.segment.size.max = 67108864 (custom)
2024-01-18 21:15:27,246 [50b158ec-4e8f-4837-b5f0-9c37661490ab-groupManagement] INFO  server.RaftServerConfigKeys (ConfUtils.java:logGet(46)) - raft.server.log.preallocated.size = 4194304 (custom)
2024-01-18 21:15:27,246 [50b158ec-4e8f-4837-b5f0-9c37661490ab-groupManagement] INFO  server.RaftServerConfigKeys (ConfUtils.java:logGet(46)) - raft.server.log.force.sync.num = 128 (default)
2024-01-18 21:15:27,246 [50b158ec-4e8f-4837-b5f0-9c37661490ab-groupManagement] INFO  server.RaftServerConfigKeys (ConfUtils.java:logGet(46)) - raft.server.log.statemachine.data.sync = true (default)
2024-01-18 21:15:27,246 [50b158ec-4e8f-4837-b5f0-9c37661490ab-groupManagement] INFO  server.RaftServerConfigKeys (ConfUtils.java:logGet(46)) - raft.server.log.statemachine.data.sync.timeout = 10s (default)
2024-01-18 21:15:27,246 [50b158ec-4e8f-4837-b5f0-9c37661490ab-groupManagement] INFO  server.RaftServerConfigKeys (ConfUtils.java:logGet(46)) - raft.server.log.statemachine.data.sync.timeout.retry = 0 (custom)
2024-01-18 21:15:27,246 [50b158ec-4e8f-4837-b5f0-9c37661490ab-groupManagement] INFO  server.RaftServerConfigKeys (ConfUtils.java:logGet(46)) - raft.server.log.write.buffer.size = 8388616 (custom)
2024-01-18 21:15:27,248 [50b158ec-4e8f-4837-b5f0-9c37661490ab-groupManagement] INFO  server.RaftServerConfigKeys (ConfUtils.java:logGet(46)) - raft.server.log.appender.buffer.byte-limit = 8388608 (custom)
2024-01-18 21:15:27,248 [50b158ec-4e8f-4837-b5f0-9c37661490ab-groupManagement] INFO  server.RaftServerConfigKeys (ConfUtils.java:logGet(46)) - raft.server.log.unsafe-flush.enabled = false (default)
2024-01-18 21:15:27,248 [50b158ec-4e8f-4837-b5f0-9c37661490ab-groupManagement] INFO  server.RaftServerConfigKeys (ConfUtils.java:logGet(46)) - raft.server.log.async-flush.enabled = false (default)
2024-01-18 21:15:27,249 [50b158ec-4e8f-4837-b5f0-9c37661490ab-groupManagement] INFO  server.RaftServerConfigKeys (ConfUtils.java:logGet(46)) - raft.server.log.statemachine.data.caching.enabled = true (custom)
2024-01-18 21:15:27,249 [50b158ec-4e8f-4837-b5f0-9c37661490ab-groupManagement] INFO  segmented.SegmentedRaftLogWorker (SegmentedRaftLogWorker.java:lambda$new$0(134)) - 50b158ec-4e8f-4837-b5f0-9c37661490ab@group-4F9DB852C5E0-SegmentedRaftLogWorker: flushIndex: setUnconditionally 0 -> -1
2024-01-18 21:15:27,249 [50b158ec-4e8f-4837-b5f0-9c37661490ab-groupManagement] INFO  segmented.SegmentedRaftLogWorker (SegmentedRaftLogWorker.java:lambda$new$0(134)) - 50b158ec-4e8f-4837-b5f0-9c37661490ab@group-4F9DB852C5E0-SegmentedRaftLogWorker: safeCacheEvictIndex: setUnconditionally 0 -> -1
2024-01-18 21:15:27,249 [50b158ec-4e8f-4837-b5f0-9c37661490ab-groupManagement] INFO  server.RaftServer$Division (RaftServerImpl.java:start(396)) - 50b158ec-4e8f-4837-b5f0-9c37661490ab@group-4F9DB852C5E0: start as a follower, conf=-1: peers:[50b158ec-4e8f-4837-b5f0-9c37661490ab|10.1.0.44:15370, 22869b9b-ca6a-4da8-a132-9d24bcd1149d|10.1.0.44:15388, 06a116e4-916e-4670-b681-a534e52e7a54|10.1.0.44:15379]|listeners:[], old=null
2024-01-18 21:15:27,249 [50b158ec-4e8f-4837-b5f0-9c37661490ab-groupManagement] INFO  server.RaftServer$Division (RaftServerImpl.java:setRole(383)) - 50b158ec-4e8f-4837-b5f0-9c37661490ab@group-4F9DB852C5E0: changes role from      null to FOLLOWER at term 0 for startAsFollower
2024-01-18 21:15:27,249 [50b158ec-4e8f-4837-b5f0-9c37661490ab-groupManagement] INFO  impl.RoleInfo (RoleInfo.java:updateAndGet(139)) - 50b158ec-4e8f-4837-b5f0-9c37661490ab: start 50b158ec-4e8f-4837-b5f0-9c37661490ab@group-4F9DB852C5E0-FollowerState
2024-01-18 21:15:27,251 [50b158ec-4e8f-4837-b5f0-9c37661490ab-groupManagement] INFO  util.JmxRegister (JmxRegister.java:tryRegister(44)) - Successfully registered JMX Bean with object name Ratis:service=RaftServer,group=group-4F9DB852C5E0,id=50b158ec-4e8f-4837-b5f0-9c37661490ab
2024-01-18 21:15:27,251 [50b158ec-4e8f-4837-b5f0-9c37661490ab@group-4F9DB852C5E0-FollowerState] INFO  server.RaftServerConfigKeys (ConfUtils.java:logFallback(53)) - raft.server.rpc.first-election.timeout.min = 5s (fallback to raft.server.rpc.timeout.min)
2024-01-18 21:15:27,252 [50b158ec-4e8f-4837-b5f0-9c37661490ab@group-4F9DB852C5E0-FollowerState] INFO  server.RaftServerConfigKeys (ConfUtils.java:logFallback(53)) - raft.server.rpc.first-election.timeout.max = 5200ms (fallback to raft.server.rpc.timeout.max)
2024-01-18 21:15:27,251 [50b158ec-4e8f-4837-b5f0-9c37661490ab-groupManagement] INFO  server.RaftServerConfigKeys (ConfUtils.java:logGet(46)) - raft.server.snapshot.trigger-when-stop.enabled = true (default)
2024-01-18 21:15:27,252 [50b158ec-4e8f-4837-b5f0-9c37661490ab-groupManagement] INFO  server.RaftServerConfigKeys (ConfUtils.java:logGet(46)) - raft.server.snapshot.auto.trigger.enabled = true (custom)
2024-01-18 21:15:27,252 [50b158ec-4e8f-4837-b5f0-9c37661490ab-groupManagement] INFO  server.RaftServerConfigKeys (ConfUtils.java:logGet(46)) - raft.server.snapshot.auto.trigger.threshold = 10000 (custom)
2024-01-18 21:15:27,252 [50b158ec-4e8f-4837-b5f0-9c37661490ab-groupManagement] INFO  server.RaftServerConfigKeys (ConfUtils.java:logGet(46)) - raft.server.snapshot.retention.file.num = 5 (custom)
2024-01-18 21:15:27,252 [50b158ec-4e8f-4837-b5f0-9c37661490ab-groupManagement] INFO  server.RaftServerConfigKeys (ConfUtils.java:logGet(46)) - raft.server.log.purge.upto.snapshot.index = false (default)
2024-01-18 21:15:27,253 [50b158ec-4e8f-4837-b5f0-9c37661490ab-PipelineCommandHandlerThread-0] INFO  ratis.XceiverServerRatis (XceiverServerRatis.java:addGroup(842)) - Created group PipelineID=a405df4a-93dc-40ab-baa5-4f9db852c5e0
2024-01-18 21:15:27,260 [grpc-default-executor-3] INFO  server.RaftServer (RaftServerProxy.java:addNew(100)) - 22869b9b-ca6a-4da8-a132-9d24bcd1149d: addNew group-4F9DB852C5E0:[50b158ec-4e8f-4837-b5f0-9c37661490ab|10.1.0.44:15370, 22869b9b-ca6a-4da8-a132-9d24bcd1149d|10.1.0.44:15388, 06a116e4-916e-4670-b681-a534e52e7a54|10.1.0.44:15379] returns group-4F9DB852C5E0:java.util.concurrent.CompletableFuture@79578846[Not completed]
2024-01-18 21:15:27,261 [22869b9b-ca6a-4da8-a132-9d24bcd1149d-groupManagement] INFO  server.RaftServer$Division (RaftServerImpl.java:<init>(256)) - 22869b9b-ca6a-4da8-a132-9d24bcd1149d: new RaftServerImpl for group-4F9DB852C5E0:[50b158ec-4e8f-4837-b5f0-9c37661490ab|10.1.0.44:15370, 22869b9b-ca6a-4da8-a132-9d24bcd1149d|10.1.0.44:15388, 06a116e4-916e-4670-b681-a534e52e7a54|10.1.0.44:15379] with ContainerStateMachine:uninitialized
2024-01-18 21:15:27,261 [22869b9b-ca6a-4da8-a132-9d24bcd1149d-groupManagement] INFO  server.RaftServerConfigKeys (ConfUtils.java:logGet(46)) - raft.server.rpc.timeout.min = 5s (custom)
2024-01-18 21:15:27,261 [22869b9b-ca6a-4da8-a132-9d24bcd1149d-groupManagement] INFO  server.RaftServerConfigKeys (ConfUtils.java:logGet(46)) - raft.server.rpc.timeout.max = 5200ms (custom)
2024-01-18 21:15:27,261 [22869b9b-ca6a-4da8-a132-9d24bcd1149d-groupManagement] INFO  server.RaftServerConfigKeys (ConfUtils.java:logGet(46)) - raft.server.rpc.sleep.time = 25ms (default)
2024-01-18 21:15:27,261 [22869b9b-ca6a-4da8-a132-9d24bcd1149d-groupManagement] INFO  server.RaftServerConfigKeys (ConfUtils.java:logGet(46)) - raft.server.rpc.slowness.timeout = 300000ms (custom)
2024-01-18 21:15:27,261 [22869b9b-ca6a-4da8-a132-9d24bcd1149d-groupManagement] INFO  server.RaftServerConfigKeys (ConfUtils.java:logGet(46)) - raft.server.leaderelection.leader.step-down.wait-time = 10s (default)
2024-01-18 21:15:27,261 [22869b9b-ca6a-4da8-a132-9d24bcd1149d-groupManagement] INFO  server.RaftServerConfigKeys (ConfUtils.java:logGet(46)) - raft.server.leaderelection.member.majority-add = false (default)
2024-01-18 21:15:27,261 [22869b9b-ca6a-4da8-a132-9d24bcd1149d-groupManagement] INFO  server.RaftServerConfigKeys (ConfUtils.java:logGet(46)) - raft.server.sleep.deviation.threshold = 300ms (default)
2024-01-18 21:15:27,261 [22869b9b-ca6a-4da8-a132-9d24bcd1149d-groupManagement] INFO  server.RaftServer$Division (ServerState.java:<init>(113)) - 22869b9b-ca6a-4da8-a132-9d24bcd1149d@group-4F9DB852C5E0: ConfigurationManager, init=-1: peers:[50b158ec-4e8f-4837-b5f0-9c37661490ab|10.1.0.44:15370, 22869b9b-ca6a-4da8-a132-9d24bcd1149d|10.1.0.44:15388, 06a116e4-916e-4670-b681-a534e52e7a54|10.1.0.44:15379]|listeners:[], old=null, confs=<EMPTY_MAP>
2024-01-18 21:15:27,261 [22869b9b-ca6a-4da8-a132-9d24bcd1149d-groupManagement] INFO  server.RaftServerConfigKeys (ConfUtils.java:logGet(46)) - raft.server.notification.no-leader.timeout = 300000ms (custom)
2024-01-18 21:15:27,261 [22869b9b-ca6a-4da8-a132-9d24bcd1149d-groupManagement] INFO  server.RaftServerConfigKeys (ConfUtils.java:logGet(46)) - raft.server.read.timeout = 10s (default)
2024-01-18 21:15:27,261 [22869b9b-ca6a-4da8-a132-9d24bcd1149d-groupManagement] INFO  server.RaftServerConfigKeys (ConfUtils.java:logGet(46)) - raft.server.retrycache.expirytime = 600000ms (custom)
2024-01-18 21:15:27,261 [22869b9b-ca6a-4da8-a132-9d24bcd1149d-groupManagement] INFO  server.RaftServerConfigKeys (ConfUtils.java:logGet(46)) - raft.server.retrycache.statistics.expirytime = 100ms (default)
2024-01-18 21:15:27,261 [22869b9b-ca6a-4da8-a132-9d24bcd1149d-groupManagement] INFO  server.RaftServerConfigKeys (ConfUtils.java:logGet(46)) - raft.server.read.option = DEFAULT (default)
2024-01-18 21:15:27,261 [22869b9b-ca6a-4da8-a132-9d24bcd1149d-groupManagement] INFO  server.RaftServerConfigKeys (ConfUtils.java:logGet(46)) - raft.server.read.read-after-write-consistent.write-index-cache.expiry-time = 60s (default)
2024-01-18 21:15:27,263 [22869b9b-ca6a-4da8-a132-9d24bcd1149d-groupManagement] INFO  server.RaftServerConfigKeys (ConfUtils.java:logGet(46)) - raft.server.rpc.request.timeout = 3000ms (default)
2024-01-18 21:15:27,263 [22869b9b-ca6a-4da8-a132-9d24bcd1149d-groupManagement] INFO  server.RaftServerConfigKeys (ConfUtils.java:logGet(46)) - raft.server.log.appender.install.snapshot.enabled = false (custom)
2024-01-18 21:15:27,263 [22869b9b-ca6a-4da8-a132-9d24bcd1149d-groupManagement] INFO  server.RaftServerConfigKeys (ConfUtils.java:logGet(46)) - raft.server.threadpool.server.cached = true (default)
2024-01-18 21:15:27,263 [22869b9b-ca6a-4da8-a132-9d24bcd1149d-groupManagement] INFO  server.RaftServerConfigKeys (ConfUtils.java:logGet(46)) - raft.server.threadpool.server.size = 0 (default)
2024-01-18 21:15:27,263 [22869b9b-ca6a-4da8-a132-9d24bcd1149d-groupManagement] INFO  server.RaftServerConfigKeys (ConfUtils.java:logGet(46)) - raft.server.threadpool.client.cached = true (default)
2024-01-18 21:15:27,263 [22869b9b-ca6a-4da8-a132-9d24bcd1149d-groupManagement] INFO  server.RaftServerConfigKeys (ConfUtils.java:logGet(46)) - raft.server.threadpool.client.size = 0 (default)
2024-01-18 21:15:27,263 [22869b9b-ca6a-4da8-a132-9d24bcd1149d-groupManagement] INFO  server.RaftServerConfigKeys (ConfUtils.java:logGet(46)) - raft.server.storage.free-space.min = 0MB (=0) (default)
2024-01-18 21:15:27,263 [22869b9b-ca6a-4da8-a132-9d24bcd1149d-groupManagement] INFO  server.RaftServerConfigKeys (ConfUtils.java:logGet(46)) - raft.server.log.corruption.policy = EXCEPTION (default)
2024-01-18 21:15:27,263 [22869b9b-ca6a-4da8-a132-9d24bcd1149d-groupManagement] INFO  server.RaftServerConfigKeys (ConfUtils.java:logGet(46)) - raft.server.storage.dir = [/home/runner/work/ozone/ozone/hadoop-ozone/integration-test/target/test-dir/MiniOzoneClusterImpl-df9b5de2-b041-43db-b9a6-571161098f76/datanode-2/data/ratis] (custom)
2024-01-18 21:15:27,263 [22869b9b-ca6a-4da8-a132-9d24bcd1149d-groupManagement] INFO  storage.RaftStorageDirectory (RaftStorageDirectoryImpl.java:analyzeStorage(138)) - The storage directory /home/runner/work/ozone/ozone/hadoop-ozone/integration-test/target/test-dir/MiniOzoneClusterImpl-df9b5de2-b041-43db-b9a6-571161098f76/datanode-2/data/ratis/a405df4a-93dc-40ab-baa5-4f9db852c5e0 does not exist. Creating ...
2024-01-18 21:15:27,264 [22869b9b-ca6a-4da8-a132-9d24bcd1149d-groupManagement] INFO  storage.RaftStorageDirectory (RaftStorageDirectoryImpl.java:tryLock(228)) - Lock on /home/runner/work/ozone/ozone/hadoop-ozone/integration-test/target/test-dir/MiniOzoneClusterImpl-df9b5de2-b041-43db-b9a6-571161098f76/datanode-2/data/ratis/a405df4a-93dc-40ab-baa5-4f9db852c5e0/in_use.lock acquired by nodename 70315@fv-az776-647
2024-01-18 21:15:27,265 [22869b9b-ca6a-4da8-a132-9d24bcd1149d-groupManagement] INFO  storage.RaftStorage (RaftStorageImpl.java:format(99)) - Storage directory /home/runner/work/ozone/ozone/hadoop-ozone/integration-test/target/test-dir/MiniOzoneClusterImpl-df9b5de2-b041-43db-b9a6-571161098f76/datanode-2/data/ratis/a405df4a-93dc-40ab-baa5-4f9db852c5e0 has been successfully formatted.
2024-01-18 21:15:27,265 [22869b9b-ca6a-4da8-a132-9d24bcd1149d-groupManagement] WARN  util.FileUtils (LogUtils.java:supplyAndLog(63)) - Failed to Files.newInputStream /home/runner/work/ozone/ozone/hadoop-ozone/integration-test/target/test-dir/MiniOzoneClusterImpl-df9b5de2-b041-43db-b9a6-571161098f76/datanode-2/data/ratis/a405df4a-93dc-40ab-baa5-4f9db852c5e0/current/raft-meta.conf with options []: java.nio.file.NoSuchFileException: /home/runner/work/ozone/ozone/hadoop-ozone/integration-test/target/test-dir/MiniOzoneClusterImpl-df9b5de2-b041-43db-b9a6-571161098f76/datanode-2/data/ratis/a405df4a-93dc-40ab-baa5-4f9db852c5e0/current/raft-meta.conf
2024-01-18 21:15:27,266 [22869b9b-ca6a-4da8-a132-9d24bcd1149d-groupManagement] INFO  ratis.ContainerStateMachine (ContainerStateMachine.java:loadSnapshot(287)) - group-4F9DB852C5E0: The snapshot info is null. Setting the last applied index to:(t:0, i:~)
2024-01-18 21:15:27,266 [22869b9b-ca6a-4da8-a132-9d24bcd1149d-groupManagement] INFO  server.RaftServerConfigKeys (ConfUtils.java:logGet(46)) - raft.server.log.use.memory = false (default)
2024-01-18 21:15:27,266 [22869b9b-ca6a-4da8-a132-9d24bcd1149d-groupManagement] INFO  server.RaftServerConfigKeys (ConfUtils.java:logGet(46)) - raft.server.log.purge.gap = 1000000 (custom)
2024-01-18 21:15:27,266 [22869b9b-ca6a-4da8-a132-9d24bcd1149d-groupManagement] INFO  server.RaftServerConfigKeys (ConfUtils.java:logGet(46)) - raft.server.log.appender.buffer.byte-limit = 8388608 (custom)
2024-01-18 21:15:27,266 [22869b9b-ca6a-4da8-a132-9d24bcd1149d-groupManagement] INFO  server.RaftServerConfigKeys (ConfUtils.java:logGet(46)) - raft.server.log.statemachine.data.read.timeout = 1000ms (default)
2024-01-18 21:15:27,266 [22869b9b-ca6a-4da8-a132-9d24bcd1149d-groupManagement] INFO  server.RaftServerConfigKeys (ConfUtils.java:logGet(46)) - raft.server.log.purge.preservation.log.num = 0 (default)
2024-01-18 21:15:27,268 [22869b9b-ca6a-4da8-a132-9d24bcd1149d-groupManagement] INFO  server.RaftServerConfigKeys (ConfUtils.java:logGet(46)) - raft.server.log.segment.size.max = 67108864 (custom)
2024-01-18 21:15:27,268 [22869b9b-ca6a-4da8-a132-9d24bcd1149d-groupManagement] INFO  server.RaftServerConfigKeys (ConfUtils.java:logGet(46)) - raft.server.log.segment.cache.num.max = 2 (custom)
2024-01-18 21:15:27,268 [22869b9b-ca6a-4da8-a132-9d24bcd1149d-groupManagement] INFO  server.RaftServerConfigKeys (ConfUtils.java:logGet(46)) - raft.server.log.segment.cache.size.max = 200MB (=209715200) (default)
2024-01-18 21:15:27,268 [22869b9b-ca6a-4da8-a132-9d24bcd1149d-groupManagement] INFO  server.RaftServerConfigKeys (ConfUtils.java:logGet(46)) - raft.server.log.appender.buffer.byte-limit = 8388608 (custom)
2024-01-18 21:15:27,268 [22869b9b-ca6a-4da8-a132-9d24bcd1149d-groupManagement] INFO  util.AwaitToRun (AwaitToRun.java:start(81)) - Thread[22869b9b-ca6a-4da8-a132-9d24bcd1149d@group-4F9DB852C5E0-cacheEviction-AwaitToRun,5,main] started
2024-01-18 21:15:27,269 [22869b9b-ca6a-4da8-a132-9d24bcd1149d-groupManagement] INFO  segmented.SegmentedRaftLogWorker (SegmentedRaftLogWorker.java:<init>(182)) - new 22869b9b-ca6a-4da8-a132-9d24bcd1149d@group-4F9DB852C5E0-SegmentedRaftLogWorker for RaftStorageImpl:Storage Directory /home/runner/work/ozone/ozone/hadoop-ozone/integration-test/target/test-dir/MiniOzoneClusterImpl-df9b5de2-b041-43db-b9a6-571161098f76/datanode-2/data/ratis/a405df4a-93dc-40ab-baa5-4f9db852c5e0
2024-01-18 21:15:27,269 [22869b9b-ca6a-4da8-a132-9d24bcd1149d-groupManagement] INFO  server.RaftServerConfigKeys (ConfUtils.java:logGet(46)) - raft.server.log.queue.byte-limit = 4294967296 (custom)
2024-01-18 21:15:27,269 [22869b9b-ca6a-4da8-a132-9d24bcd1149d-groupManagement] INFO  server.RaftServerConfigKeys (ConfUtils.java:logGet(46)) - raft.server.log.queue.element-limit = 1024 (custom)
2024-01-18 21:15:27,269 [22869b9b-ca6a-4da8-a132-9d24bcd1149d-groupManagement] INFO  server.RaftServerConfigKeys (ConfUtils.java:logGet(46)) - raft.server.log.segment.size.max = 67108864 (custom)
2024-01-18 21:15:27,269 [22869b9b-ca6a-4da8-a132-9d24bcd1149d-groupManagement] INFO  server.RaftServerConfigKeys (ConfUtils.java:logGet(46)) - raft.server.log.preallocated.size = 4194304 (custom)
2024-01-18 21:15:27,269 [22869b9b-ca6a-4da8-a132-9d24bcd1149d-groupManagement] INFO  server.RaftServerConfigKeys (ConfUtils.java:logGet(46)) - raft.server.log.force.sync.num = 128 (default)
2024-01-18 21:15:27,269 [22869b9b-ca6a-4da8-a132-9d24bcd1149d-groupManagement] INFO  server.RaftServerConfigKeys (ConfUtils.java:logGet(46)) - raft.server.log.statemachine.data.sync = true (default)
2024-01-18 21:15:27,269 [22869b9b-ca6a-4da8-a132-9d24bcd1149d-groupManagement] INFO  server.RaftServerConfigKeys (ConfUtils.java:logGet(46)) - raft.server.log.statemachine.data.sync.timeout = 10s (default)
2024-01-18 21:15:27,269 [22869b9b-ca6a-4da8-a132-9d24bcd1149d-groupManagement] INFO  server.RaftServerConfigKeys (ConfUtils.java:logGet(46)) - raft.server.log.statemachine.data.sync.timeout.retry = 0 (custom)
2024-01-18 21:15:27,269 [22869b9b-ca6a-4da8-a132-9d24bcd1149d-groupManagement] INFO  server.RaftServerConfigKeys (ConfUtils.java:logGet(46)) - raft.server.log.write.buffer.size = 8388616 (custom)
2024-01-18 21:15:27,272 [22869b9b-ca6a-4da8-a132-9d24bcd1149d-groupManagement] INFO  server.RaftServerConfigKeys (ConfUtils.java:logGet(46)) - raft.server.log.appender.buffer.byte-limit = 8388608 (custom)
2024-01-18 21:15:27,272 [22869b9b-ca6a-4da8-a132-9d24bcd1149d-groupManagement] INFO  server.RaftServerConfigKeys (ConfUtils.java:logGet(46)) - raft.server.log.unsafe-flush.enabled = false (default)
2024-01-18 21:15:27,272 [22869b9b-ca6a-4da8-a132-9d24bcd1149d-groupManagement] INFO  server.RaftServerConfigKeys (ConfUtils.java:logGet(46)) - raft.server.log.async-flush.enabled = false (default)
2024-01-18 21:15:27,272 [22869b9b-ca6a-4da8-a132-9d24bcd1149d-groupManagement] INFO  server.RaftServerConfigKeys (ConfUtils.java:logGet(46)) - raft.server.log.statemachine.data.caching.enabled = true (custom)
2024-01-18 21:15:27,272 [22869b9b-ca6a-4da8-a132-9d24bcd1149d-groupManagement] INFO  segmented.SegmentedRaftLogWorker (SegmentedRaftLogWorker.java:lambda$new$0(134)) - 22869b9b-ca6a-4da8-a132-9d24bcd1149d@group-4F9DB852C5E0-SegmentedRaftLogWorker: flushIndex: setUnconditionally 0 -> -1
2024-01-18 21:15:27,272 [22869b9b-ca6a-4da8-a132-9d24bcd1149d-groupManagement] INFO  segmented.SegmentedRaftLogWorker (SegmentedRaftLogWorker.java:lambda$new$0(134)) - 22869b9b-ca6a-4da8-a132-9d24bcd1149d@group-4F9DB852C5E0-SegmentedRaftLogWorker: safeCacheEvictIndex: setUnconditionally 0 -> -1
2024-01-18 21:15:27,272 [22869b9b-ca6a-4da8-a132-9d24bcd1149d-groupManagement] INFO  server.RaftServer$Division (RaftServerImpl.java:start(396)) - 22869b9b-ca6a-4da8-a132-9d24bcd1149d@group-4F9DB852C5E0: start as a follower, conf=-1: peers:[50b158ec-4e8f-4837-b5f0-9c37661490ab|10.1.0.44:15370, 22869b9b-ca6a-4da8-a132-9d24bcd1149d|10.1.0.44:15388, 06a116e4-916e-4670-b681-a534e52e7a54|10.1.0.44:15379]|listeners:[], old=null
2024-01-18 21:15:27,272 [22869b9b-ca6a-4da8-a132-9d24bcd1149d-groupManagement] INFO  server.RaftServer$Division (RaftServerImpl.java:setRole(383)) - 22869b9b-ca6a-4da8-a132-9d24bcd1149d@group-4F9DB852C5E0: changes role from      null to FOLLOWER at term 0 for startAsFollower
2024-01-18 21:15:27,272 [22869b9b-ca6a-4da8-a132-9d24bcd1149d-groupManagement] INFO  impl.RoleInfo (RoleInfo.java:updateAndGet(139)) - 22869b9b-ca6a-4da8-a132-9d24bcd1149d: start 22869b9b-ca6a-4da8-a132-9d24bcd1149d@group-4F9DB852C5E0-FollowerState
2024-01-18 21:15:27,272 [22869b9b-ca6a-4da8-a132-9d24bcd1149d-groupManagement] INFO  util.JmxRegister (JmxRegister.java:tryRegister(44)) - Successfully registered JMX Bean with object name Ratis:service=RaftServer,group=group-4F9DB852C5E0,id=22869b9b-ca6a-4da8-a132-9d24bcd1149d
2024-01-18 21:15:27,272 [22869b9b-ca6a-4da8-a132-9d24bcd1149d@group-4F9DB852C5E0-FollowerState] INFO  server.RaftServerConfigKeys (ConfUtils.java:logFallback(53)) - raft.server.rpc.first-election.timeout.min = 5s (fallback to raft.server.rpc.timeout.min)
2024-01-18 21:15:27,273 [22869b9b-ca6a-4da8-a132-9d24bcd1149d-groupManagement] INFO  server.RaftServerConfigKeys (ConfUtils.java:logGet(46)) - raft.server.snapshot.trigger-when-stop.enabled = true (default)
2024-01-18 21:15:27,273 [22869b9b-ca6a-4da8-a132-9d24bcd1149d-groupManagement] INFO  server.RaftServerConfigKeys (ConfUtils.java:logGet(46)) - raft.server.snapshot.auto.trigger.enabled = true (custom)
2024-01-18 21:15:27,273 [22869b9b-ca6a-4da8-a132-9d24bcd1149d-groupManagement] INFO  server.RaftServerConfigKeys (ConfUtils.java:logGet(46)) - raft.server.snapshot.auto.trigger.threshold = 10000 (custom)
2024-01-18 21:15:27,273 [22869b9b-ca6a-4da8-a132-9d24bcd1149d-groupManagement] INFO  server.RaftServerConfigKeys (ConfUtils.java:logGet(46)) - raft.server.snapshot.retention.file.num = 5 (custom)
2024-01-18 21:15:27,273 [22869b9b-ca6a-4da8-a132-9d24bcd1149d-groupManagement] INFO  server.RaftServerConfigKeys (ConfUtils.java:logGet(46)) - raft.server.log.purge.upto.snapshot.index = false (default)
2024-01-18 21:15:27,273 [22869b9b-ca6a-4da8-a132-9d24bcd1149d@group-4F9DB852C5E0-FollowerState] INFO  server.RaftServerConfigKeys (ConfUtils.java:logFallback(53)) - raft.server.rpc.first-election.timeout.max = 5200ms (fallback to raft.server.rpc.timeout.max)
2024-01-18 21:15:27,285 [grpc-default-executor-3] INFO  server.RaftServer (RaftServerProxy.java:addNew(100)) - 06a116e4-916e-4670-b681-a534e52e7a54: addNew group-4F9DB852C5E0:[50b158ec-4e8f-4837-b5f0-9c37661490ab|10.1.0.44:15370, 22869b9b-ca6a-4da8-a132-9d24bcd1149d|10.1.0.44:15388, 06a116e4-916e-4670-b681-a534e52e7a54|10.1.0.44:15379] returns group-4F9DB852C5E0:java.util.concurrent.CompletableFuture@44087fc2[Not completed]
2024-01-18 21:15:27,285 [06a116e4-916e-4670-b681-a534e52e7a54-groupManagement] INFO  server.RaftServer$Division (RaftServerImpl.java:<init>(256)) - 06a116e4-916e-4670-b681-a534e52e7a54: new RaftServerImpl for group-4F9DB852C5E0:[50b158ec-4e8f-4837-b5f0-9c37661490ab|10.1.0.44:15370, 22869b9b-ca6a-4da8-a132-9d24bcd1149d|10.1.0.44:15388, 06a116e4-916e-4670-b681-a534e52e7a54|10.1.0.44:15379] with ContainerStateMachine:uninitialized
2024-01-18 21:15:27,285 [06a116e4-916e-4670-b681-a534e52e7a54-groupManagement] INFO  server.RaftServerConfigKeys (ConfUtils.java:logGet(46)) - raft.server.rpc.timeout.min = 5s (custom)
2024-01-18 21:15:27,286 [06a116e4-916e-4670-b681-a534e52e7a54-groupManagement] INFO  server.RaftServerConfigKeys (ConfUtils.java:logGet(46)) - raft.server.rpc.timeout.max = 5200ms (custom)
2024-01-18 21:15:27,286 [06a116e4-916e-4670-b681-a534e52e7a54-groupManagement] INFO  server.RaftServerConfigKeys (ConfUtils.java:logGet(46)) - raft.server.rpc.sleep.time = 25ms (default)
2024-01-18 21:15:27,286 [06a116e4-916e-4670-b681-a534e52e7a54-groupManagement] INFO  server.RaftServerConfigKeys (ConfUtils.java:logGet(46)) - raft.server.rpc.slowness.timeout = 300000ms (custom)
2024-01-18 21:15:27,286 [06a116e4-916e-4670-b681-a534e52e7a54-groupManagement] INFO  server.RaftServerConfigKeys (ConfUtils.java:logGet(46)) - raft.server.leaderelection.leader.step-down.wait-time = 10s (default)
2024-01-18 21:15:27,286 [06a116e4-916e-4670-b681-a534e52e7a54-groupManagement] INFO  server.RaftServerConfigKeys (ConfUtils.java:logGet(46)) - raft.server.leaderelection.member.majority-add = false (default)
2024-01-18 21:15:27,286 [06a116e4-916e-4670-b681-a534e52e7a54-groupManagement] INFO  server.RaftServerConfigKeys (ConfUtils.java:logGet(46)) - raft.server.sleep.deviation.threshold = 300ms (default)
2024-01-18 21:15:27,286 [06a116e4-916e-4670-b681-a534e52e7a54-groupManagement] INFO  server.RaftServer$Division (ServerState.java:<init>(113)) - 06a116e4-916e-4670-b681-a534e52e7a54@group-4F9DB852C5E0: ConfigurationManager, init=-1: peers:[50b158ec-4e8f-4837-b5f0-9c37661490ab|10.1.0.44:15370, 22869b9b-ca6a-4da8-a132-9d24bcd1149d|10.1.0.44:15388, 06a116e4-916e-4670-b681-a534e52e7a54|10.1.0.44:15379]|listeners:[], old=null, confs=<EMPTY_MAP>
2024-01-18 21:15:27,286 [06a116e4-916e-4670-b681-a534e52e7a54-groupManagement] INFO  server.RaftServerConfigKeys (ConfUtils.java:logGet(46)) - raft.server.notification.no-leader.timeout = 300000ms (custom)
2024-01-18 21:15:27,286 [06a116e4-916e-4670-b681-a534e52e7a54-groupManagement] INFO  server.RaftServerConfigKeys (ConfUtils.java:logGet(46)) - raft.server.read.timeout = 10s (default)
2024-01-18 21:15:27,286 [06a116e4-916e-4670-b681-a534e52e7a54-groupManagement] INFO  server.RaftServerConfigKeys (ConfUtils.java:logGet(46)) - raft.server.retrycache.expirytime = 600000ms (custom)
2024-01-18 21:15:27,286 [06a116e4-916e-4670-b681-a534e52e7a54-groupManagement] INFO  server.RaftServerConfigKeys (ConfUtils.java:logGet(46)) - raft.server.retrycache.statistics.expirytime = 100ms (default)
2024-01-18 21:15:27,286 [06a116e4-916e-4670-b681-a534e52e7a54-groupManagement] INFO  server.RaftServerConfigKeys (ConfUtils.java:logGet(46)) - raft.server.read.option = DEFAULT (default)
2024-01-18 21:15:27,286 [06a116e4-916e-4670-b681-a534e52e7a54-groupManagement] INFO  server.RaftServerConfigKeys (ConfUtils.java:logGet(46)) - raft.server.read.read-after-write-consistent.write-index-cache.expiry-time = 60s (default)
2024-01-18 21:15:27,289 [06a116e4-916e-4670-b681-a534e52e7a54-groupManagement] INFO  server.RaftServerConfigKeys (ConfUtils.java:logGet(46)) - raft.server.rpc.request.timeout = 3000ms (default)
2024-01-18 21:15:27,289 [06a116e4-916e-4670-b681-a534e52e7a54-groupManagement] INFO  server.RaftServerConfigKeys (ConfUtils.java:logGet(46)) - raft.server.log.appender.install.snapshot.enabled = false (custom)
2024-01-18 21:15:27,289 [06a116e4-916e-4670-b681-a534e52e7a54-groupManagement] INFO  server.RaftServerConfigKeys (ConfUtils.java:logGet(46)) - raft.server.threadpool.server.cached = true (default)
2024-01-18 21:15:27,289 [06a116e4-916e-4670-b681-a534e52e7a54-groupManagement] INFO  server.RaftServerConfigKeys (ConfUtils.java:logGet(46)) - raft.server.threadpool.server.size = 0 (default)
2024-01-18 21:15:27,289 [06a116e4-916e-4670-b681-a534e52e7a54-groupManagement] INFO  server.RaftServerConfigKeys (ConfUtils.java:logGet(46)) - raft.server.threadpool.client.cached = true (default)
2024-01-18 21:15:27,289 [06a116e4-916e-4670-b681-a534e52e7a54-groupManagement] INFO  server.RaftServerConfigKeys (ConfUtils.java:logGet(46)) - raft.server.threadpool.client.size = 0 (default)
2024-01-18 21:15:27,289 [06a116e4-916e-4670-b681-a534e52e7a54-groupManagement] INFO  server.RaftServerConfigKeys (ConfUtils.java:logGet(46)) - raft.server.storage.free-space.min = 0MB (=0) (default)
2024-01-18 21:15:27,289 [06a116e4-916e-4670-b681-a534e52e7a54-groupManagement] INFO  server.RaftServerConfigKeys (ConfUtils.java:logGet(46)) - raft.server.log.corruption.policy = EXCEPTION (default)
2024-01-18 21:15:27,289 [06a116e4-916e-4670-b681-a534e52e7a54-groupManagement] INFO  server.RaftServerConfigKeys (ConfUtils.java:logGet(46)) - raft.server.storage.dir = [/home/runner/work/ozone/ozone/hadoop-ozone/integration-test/target/test-dir/MiniOzoneClusterImpl-df9b5de2-b041-43db-b9a6-571161098f76/datanode-1/data/ratis] (custom)
2024-01-18 21:15:27,289 [06a116e4-916e-4670-b681-a534e52e7a54-groupManagement] INFO  storage.RaftStorageDirectory (RaftStorageDirectoryImpl.java:analyzeStorage(138)) - The storage directory /home/runner/work/ozone/ozone/hadoop-ozone/integration-test/target/test-dir/MiniOzoneClusterImpl-df9b5de2-b041-43db-b9a6-571161098f76/datanode-1/data/ratis/a405df4a-93dc-40ab-baa5-4f9db852c5e0 does not exist. Creating ...
2024-01-18 21:15:27,290 [06a116e4-916e-4670-b681-a534e52e7a54-groupManagement] INFO  storage.RaftStorageDirectory (RaftStorageDirectoryImpl.java:tryLock(228)) - Lock on /home/runner/work/ozone/ozone/hadoop-ozone/integration-test/target/test-dir/MiniOzoneClusterImpl-df9b5de2-b041-43db-b9a6-571161098f76/datanode-1/data/ratis/a405df4a-93dc-40ab-baa5-4f9db852c5e0/in_use.lock acquired by nodename 70315@fv-az776-647
2024-01-18 21:15:27,291 [06a116e4-916e-4670-b681-a534e52e7a54-groupManagement] INFO  storage.RaftStorage (RaftStorageImpl.java:format(99)) - Storage directory /home/runner/work/ozone/ozone/hadoop-ozone/integration-test/target/test-dir/MiniOzoneClusterImpl-df9b5de2-b041-43db-b9a6-571161098f76/datanode-1/data/ratis/a405df4a-93dc-40ab-baa5-4f9db852c5e0 has been successfully formatted.
2024-01-18 21:15:27,291 [06a116e4-916e-4670-b681-a534e52e7a54-groupManagement] WARN  util.FileUtils (LogUtils.java:supplyAndLog(63)) - Failed to Files.newInputStream /home/runner/work/ozone/ozone/hadoop-ozone/integration-test/target/test-dir/MiniOzoneClusterImpl-df9b5de2-b041-43db-b9a6-571161098f76/datanode-1/data/ratis/a405df4a-93dc-40ab-baa5-4f9db852c5e0/current/raft-meta.conf with options []: java.nio.file.NoSuchFileException: /home/runner/work/ozone/ozone/hadoop-ozone/integration-test/target/test-dir/MiniOzoneClusterImpl-df9b5de2-b041-43db-b9a6-571161098f76/datanode-1/data/ratis/a405df4a-93dc-40ab-baa5-4f9db852c5e0/current/raft-meta.conf
2024-01-18 21:15:27,292 [06a116e4-916e-4670-b681-a534e52e7a54-groupManagement] INFO  ratis.ContainerStateMachine (ContainerStateMachine.java:loadSnapshot(287)) - group-4F9DB852C5E0: The snapshot info is null. Setting the last applied index to:(t:0, i:~)
2024-01-18 21:15:27,292 [06a116e4-916e-4670-b681-a534e52e7a54-groupManagement] INFO  server.RaftServerConfigKeys (ConfUtils.java:logGet(46)) - raft.server.log.use.memory = false (default)
2024-01-18 21:15:27,292 [06a116e4-916e-4670-b681-a534e52e7a54-groupManagement] INFO  server.RaftServerConfigKeys (ConfUtils.java:logGet(46)) - raft.server.log.purge.gap = 1000000 (custom)
2024-01-18 21:15:27,292 [06a116e4-916e-4670-b681-a534e52e7a54-groupManagement] INFO  server.RaftServerConfigKeys (ConfUtils.java:logGet(46)) - raft.server.log.appender.buffer.byte-limit = 8388608 (custom)
2024-01-18 21:15:27,292 [06a116e4-916e-4670-b681-a534e52e7a54-groupManagement] INFO  server.RaftServerConfigKeys (ConfUtils.java:logGet(46)) - raft.server.log.statemachine.data.read.timeout = 1000ms (default)
2024-01-18 21:15:27,292 [06a116e4-916e-4670-b681-a534e52e7a54-groupManagement] INFO  server.RaftServerConfigKeys (ConfUtils.java:logGet(46)) - raft.server.log.purge.preservation.log.num = 0 (default)
2024-01-18 21:15:27,294 [06a116e4-916e-4670-b681-a534e52e7a54-groupManagement] INFO  server.RaftServerConfigKeys (ConfUtils.java:logGet(46)) - raft.server.log.segment.size.max = 67108864 (custom)
2024-01-18 21:15:27,294 [06a116e4-916e-4670-b681-a534e52e7a54-groupManagement] INFO  server.RaftServerConfigKeys (ConfUtils.java:logGet(46)) - raft.server.log.segment.cache.num.max = 2 (custom)
2024-01-18 21:15:27,294 [06a116e4-916e-4670-b681-a534e52e7a54-groupManagement] INFO  server.RaftServerConfigKeys (ConfUtils.java:logGet(46)) - raft.server.log.segment.cache.size.max = 200MB (=209715200) (default)
2024-01-18 21:15:27,294 [06a116e4-916e-4670-b681-a534e52e7a54-groupManagement] INFO  server.RaftServerConfigKeys (ConfUtils.java:logGet(46)) - raft.server.log.appender.buffer.byte-limit = 8388608 (custom)
2024-01-18 21:15:27,294 [06a116e4-916e-4670-b681-a534e52e7a54-groupManagement] INFO  util.AwaitToRun (AwaitToRun.java:start(81)) - Thread[06a116e4-916e-4670-b681-a534e52e7a54@group-4F9DB852C5E0-cacheEviction-AwaitToRun,5,main] started
2024-01-18 21:15:27,294 [06a116e4-916e-4670-b681-a534e52e7a54-groupManagement] INFO  segmented.SegmentedRaftLogWorker (SegmentedRaftLogWorker.java:<init>(182)) - new 06a116e4-916e-4670-b681-a534e52e7a54@group-4F9DB852C5E0-SegmentedRaftLogWorker for RaftStorageImpl:Storage Directory /home/runner/work/ozone/ozone/hadoop-ozone/integration-test/target/test-dir/MiniOzoneClusterImpl-df9b5de2-b041-43db-b9a6-571161098f76/datanode-1/data/ratis/a405df4a-93dc-40ab-baa5-4f9db852c5e0
2024-01-18 21:15:27,294 [06a116e4-916e-4670-b681-a534e52e7a54-groupManagement] INFO  server.RaftServerConfigKeys (ConfUtils.java:logGet(46)) - raft.server.log.queue.byte-limit = 4294967296 (custom)
2024-01-18 21:15:27,295 [06a116e4-916e-4670-b681-a534e52e7a54-groupManagement] INFO  server.RaftServerConfigKeys (ConfUtils.java:logGet(46)) - raft.server.log.queue.element-limit = 1024 (custom)
2024-01-18 21:15:27,295 [06a116e4-916e-4670-b681-a534e52e7a54-groupManagement] INFO  server.RaftServerConfigKeys (ConfUtils.java:logGet(46)) - raft.server.log.segment.size.max = 67108864 (custom)
2024-01-18 21:15:27,295 [06a116e4-916e-4670-b681-a534e52e7a54-groupManagement] INFO  server.RaftServerConfigKeys (ConfUtils.java:logGet(46)) - raft.server.log.preallocated.size = 4194304 (custom)
2024-01-18 21:15:27,295 [06a116e4-916e-4670-b681-a534e52e7a54-groupManagement] INFO  server.RaftServerConfigKeys (ConfUtils.java:logGet(46)) - raft.server.log.force.sync.num = 128 (default)
2024-01-18 21:15:27,295 [06a116e4-916e-4670-b681-a534e52e7a54-groupManagement] INFO  server.RaftServerConfigKeys (ConfUtils.java:logGet(46)) - raft.server.log.statemachine.data.sync = true (default)
2024-01-18 21:15:27,295 [06a116e4-916e-4670-b681-a534e52e7a54-groupManagement] INFO  server.RaftServerConfigKeys (ConfUtils.java:logGet(46)) - raft.server.log.statemachine.data.sync.timeout = 10s (default)
2024-01-18 21:15:27,295 [06a116e4-916e-4670-b681-a534e52e7a54-groupManagement] INFO  server.RaftServerConfigKeys (ConfUtils.java:logGet(46)) - raft.server.log.statemachine.data.sync.timeout.retry = 0 (custom)
2024-01-18 21:15:27,295 [06a116e4-916e-4670-b681-a534e52e7a54-groupManagement] INFO  server.RaftServerConfigKeys (ConfUtils.java:logGet(46)) - raft.server.log.write.buffer.size = 8388616 (custom)
2024-01-18 21:15:27,297 [06a116e4-916e-4670-b681-a534e52e7a54-groupManagement] INFO  server.RaftServerConfigKeys (ConfUtils.java:logGet(46)) - raft.server.log.appender.buffer.byte-limit = 8388608 (custom)
2024-01-18 21:15:27,297 [06a116e4-916e-4670-b681-a534e52e7a54-groupManagement] INFO  server.RaftServerConfigKeys (ConfUtils.java:logGet(46)) - raft.server.log.unsafe-flush.enabled = false (default)
2024-01-18 21:15:27,297 [06a116e4-916e-4670-b681-a534e52e7a54-groupManagement] INFO  server.RaftServerConfigKeys (ConfUtils.java:logGet(46)) - raft.server.log.async-flush.enabled = false (default)
2024-01-18 21:15:27,297 [06a116e4-916e-4670-b681-a534e52e7a54-groupManagement] INFO  server.RaftServerConfigKeys (ConfUtils.java:logGet(46)) - raft.server.log.statemachine.data.caching.enabled = true (custom)
2024-01-18 21:15:27,297 [06a116e4-916e-4670-b681-a534e52e7a54-groupManagement] INFO  segmented.SegmentedRaftLogWorker (SegmentedRaftLogWorker.java:lambda$new$0(134)) - 06a116e4-916e-4670-b681-a534e52e7a54@group-4F9DB852C5E0-SegmentedRaftLogWorker: flushIndex: setUnconditionally 0 -> -1
2024-01-18 21:15:27,297 [06a116e4-916e-4670-b681-a534e52e7a54-groupManagement] INFO  segmented.SegmentedRaftLogWorker (SegmentedRaftLogWorker.java:lambda$new$0(134)) - 06a116e4-916e-4670-b681-a534e52e7a54@group-4F9DB852C5E0-SegmentedRaftLogWorker: safeCacheEvictIndex: setUnconditionally 0 -> -1
2024-01-18 21:15:27,297 [06a116e4-916e-4670-b681-a534e52e7a54-groupManagement] INFO  server.RaftServer$Division (RaftServerImpl.java:start(396)) - 06a116e4-916e-4670-b681-a534e52e7a54@group-4F9DB852C5E0: start as a follower, conf=-1: peers:[50b158ec-4e8f-4837-b5f0-9c37661490ab|10.1.0.44:15370, 22869b9b-ca6a-4da8-a132-9d24bcd1149d|10.1.0.44:15388, 06a116e4-916e-4670-b681-a534e52e7a54|10.1.0.44:15379]|listeners:[], old=null
2024-01-18 21:15:27,297 [06a116e4-916e-4670-b681-a534e52e7a54-groupManagement] INFO  server.RaftServer$Division (RaftServerImpl.java:setRole(383)) - 06a116e4-916e-4670-b681-a534e52e7a54@group-4F9DB852C5E0: changes role from      null to FOLLOWER at term 0 for startAsFollower
2024-01-18 21:15:27,297 [06a116e4-916e-4670-b681-a534e52e7a54-groupManagement] INFO  impl.RoleInfo (RoleInfo.java:updateAndGet(139)) - 06a116e4-916e-4670-b681-a534e52e7a54: start 06a116e4-916e-4670-b681-a534e52e7a54@group-4F9DB852C5E0-FollowerState
2024-01-18 21:15:27,297 [06a116e4-916e-4670-b681-a534e52e7a54@group-4F9DB852C5E0-FollowerState] INFO  server.RaftServerConfigKeys (ConfUtils.java:logFallback(53)) - raft.server.rpc.first-election.timeout.min = 5s (fallback to raft.server.rpc.timeout.min)
2024-01-18 21:15:27,297 [06a116e4-916e-4670-b681-a534e52e7a54-groupManagement] INFO  util.JmxRegister (JmxRegister.java:tryRegister(44)) - Successfully registered JMX Bean with object name Ratis:service=RaftServer,group=group-4F9DB852C5E0,id=06a116e4-916e-4670-b681-a534e52e7a54
2024-01-18 21:15:27,298 [06a116e4-916e-4670-b681-a534e52e7a54@group-4F9DB852C5E0-FollowerState] INFO  server.RaftServerConfigKeys (ConfUtils.java:logFallback(53)) - raft.server.rpc.first-election.timeout.max = 5200ms (fallback to raft.server.rpc.timeout.max)
2024-01-18 21:15:27,298 [06a116e4-916e-4670-b681-a534e52e7a54-groupManagement] INFO  server.RaftServerConfigKeys (ConfUtils.java:logGet(46)) - raft.server.snapshot.trigger-when-stop.enabled = true (default)
2024-01-18 21:15:27,298 [06a116e4-916e-4670-b681-a534e52e7a54-groupManagement] INFO  server.RaftServerConfigKeys (ConfUtils.java:logGet(46)) - raft.server.snapshot.auto.trigger.enabled = true (custom)
2024-01-18 21:15:27,298 [06a116e4-916e-4670-b681-a534e52e7a54-groupManagement] INFO  server.RaftServerConfigKeys (ConfUtils.java:logGet(46)) - raft.server.snapshot.auto.trigger.threshold = 10000 (custom)
2024-01-18 21:15:27,298 [06a116e4-916e-4670-b681-a534e52e7a54-groupManagement] INFO  server.RaftServerConfigKeys (ConfUtils.java:logGet(46)) - raft.server.snapshot.retention.file.num = 5 (custom)
2024-01-18 21:15:27,298 [06a116e4-916e-4670-b681-a534e52e7a54-groupManagement] INFO  server.RaftServerConfigKeys (ConfUtils.java:logGet(46)) - raft.server.log.purge.upto.snapshot.index = false (default)
2024-01-18 21:15:27,301 [50b158ec-4e8f-4837-b5f0-9c37661490ab-PipelineCommandHandlerThread-0] INFO  commandhandler.CreatePipelineCommandHandler (CreatePipelineCommandHandler.java:lambda$handle$2(124)) - Created Pipeline RATIS THREE PipelineID=a405df4a-93dc-40ab-baa5-4f9db852c5e0.
2024-01-18 21:15:27,301 [06a116e4-916e-4670-b681-a534e52e7a54-PipelineCommandHandlerThread-0] INFO  server.RaftServer (RaftServerProxy.java:addNew(100)) - 06a116e4-916e-4670-b681-a534e52e7a54: addNew group-5518BA46772C:[06a116e4-916e-4670-b681-a534e52e7a54|10.1.0.44:15379] returns group-5518BA46772C:java.util.concurrent.CompletableFuture@2b9ed5aa[Not completed]
2024-01-18 21:15:27,302 [06a116e4-916e-4670-b681-a534e52e7a54-groupManagement] INFO  server.RaftServer$Division (RaftServerImpl.java:<init>(256)) - 06a116e4-916e-4670-b681-a534e52e7a54: new RaftServerImpl for group-5518BA46772C:[06a116e4-916e-4670-b681-a534e52e7a54|10.1.0.44:15379] with ContainerStateMachine:uninitialized
2024-01-18 21:15:27,302 [06a116e4-916e-4670-b681-a534e52e7a54-groupManagement] INFO  server.RaftServerConfigKeys (ConfUtils.java:logGet(46)) - raft.server.rpc.timeout.min = 5s (custom)
2024-01-18 21:15:27,302 [06a116e4-916e-4670-b681-a534e52e7a54-groupManagement] INFO  server.RaftServerConfigKeys (ConfUtils.java:logGet(46)) - raft.server.rpc.timeout.max = 5200ms (custom)
2024-01-18 21:15:27,302 [06a116e4-916e-4670-b681-a534e52e7a54-groupManagement] INFO  server.RaftServerConfigKeys (ConfUtils.java:logGet(46)) - raft.server.rpc.sleep.time = 25ms (default)
2024-01-18 21:15:27,302 [06a116e4-916e-4670-b681-a534e52e7a54-groupManagement] INFO  server.RaftServerConfigKeys (ConfUtils.java:logGet(46)) - raft.server.rpc.slowness.timeout = 300000ms (custom)
2024-01-18 21:15:27,302 [06a116e4-916e-4670-b681-a534e52e7a54-groupManagement] INFO  server.RaftServerConfigKeys (ConfUtils.java:logGet(46)) - raft.server.leaderelection.leader.step-down.wait-time = 10s (default)
2024-01-18 21:15:27,302 [06a116e4-916e-4670-b681-a534e52e7a54-groupManagement] INFO  server.RaftServerConfigKeys (ConfUtils.java:logGet(46)) - raft.server.leaderelection.member.majority-add = false (default)
2024-01-18 21:15:27,302 [06a116e4-916e-4670-b681-a534e52e7a54-groupManagement] INFO  server.RaftServerConfigKeys (ConfUtils.java:logGet(46)) - raft.server.sleep.deviation.threshold = 300ms (default)
2024-01-18 21:15:27,302 [06a116e4-916e-4670-b681-a534e52e7a54-groupManagement] INFO  server.RaftServer$Division (ServerState.java:<init>(113)) - 06a116e4-916e-4670-b681-a534e52e7a54@group-5518BA46772C: ConfigurationManager, init=-1: peers:[06a116e4-916e-4670-b681-a534e52e7a54|10.1.0.44:15379]|listeners:[], old=null, confs=<EMPTY_MAP>
2024-01-18 21:15:27,302 [06a116e4-916e-4670-b681-a534e52e7a54-groupManagement] INFO  server.RaftServerConfigKeys (ConfUtils.java:logGet(46)) - raft.server.notification.no-leader.timeout = 300000ms (custom)
2024-01-18 21:15:27,302 [06a116e4-916e-4670-b681-a534e52e7a54-groupManagement] INFO  server.RaftServerConfigKeys (ConfUtils.java:logGet(46)) - raft.server.read.timeout = 10s (default)
2024-01-18 21:15:27,302 [06a116e4-916e-4670-b681-a534e52e7a54-groupManagement] INFO  server.RaftServerConfigKeys (ConfUtils.java:logGet(46)) - raft.server.retrycache.expirytime = 600000ms (custom)
2024-01-18 21:15:27,302 [06a116e4-916e-4670-b681-a534e52e7a54-groupManagement] INFO  server.RaftServerConfigKeys (ConfUtils.java:logGet(46)) - raft.server.retrycache.statistics.expirytime = 100ms (default)
2024-01-18 21:15:27,302 [06a116e4-916e-4670-b681-a534e52e7a54-groupManagement] INFO  server.RaftServerConfigKeys (ConfUtils.java:logGet(46)) - raft.server.read.option = DEFAULT (default)
2024-01-18 21:15:27,302 [06a116e4-916e-4670-b681-a534e52e7a54-groupManagement] INFO  server.RaftServerConfigKeys (ConfUtils.java:logGet(46)) - raft.server.read.read-after-write-consistent.write-index-cache.expiry-time = 60s (default)
2024-01-18 21:15:27,304 [06a116e4-916e-4670-b681-a534e52e7a54-groupManagement] INFO  server.RaftServerConfigKeys (ConfUtils.java:logGet(46)) - raft.server.rpc.request.timeout = 3000ms (default)
2024-01-18 21:15:27,304 [06a116e4-916e-4670-b681-a534e52e7a54-groupManagement] INFO  server.RaftServerConfigKeys (ConfUtils.java:logGet(46)) - raft.server.log.appender.install.snapshot.enabled = false (custom)
2024-01-18 21:15:27,304 [06a116e4-916e-4670-b681-a534e52e7a54-groupManagement] INFO  server.RaftServerConfigKeys (ConfUtils.java:logGet(46)) - raft.server.threadpool.server.cached = true (default)
2024-01-18 21:15:27,304 [06a116e4-916e-4670-b681-a534e52e7a54-groupManagement] INFO  server.RaftServerConfigKeys (ConfUtils.java:logGet(46)) - raft.server.threadpool.server.size = 0 (default)
2024-01-18 21:15:27,304 [06a116e4-916e-4670-b681-a534e52e7a54-groupManagement] INFO  server.RaftServerConfigKeys (ConfUtils.java:logGet(46)) - raft.server.threadpool.client.cached = true (default)
2024-01-18 21:15:27,304 [06a116e4-916e-4670-b681-a534e52e7a54-groupManagement] INFO  server.RaftServerConfigKeys (ConfUtils.java:logGet(46)) - raft.server.threadpool.client.size = 0 (default)
2024-01-18 21:15:27,304 [06a116e4-916e-4670-b681-a534e52e7a54-groupManagement] INFO  server.RaftServerConfigKeys (ConfUtils.java:logGet(46)) - raft.server.storage.free-space.min = 0MB (=0) (default)
2024-01-18 21:15:27,304 [06a116e4-916e-4670-b681-a534e52e7a54-groupManagement] INFO  server.RaftServerConfigKeys (ConfUtils.java:logGet(46)) - raft.server.log.corruption.policy = EXCEPTION (default)
2024-01-18 21:15:27,304 [06a116e4-916e-4670-b681-a534e52e7a54-groupManagement] INFO  server.RaftServerConfigKeys (ConfUtils.java:logGet(46)) - raft.server.storage.dir = [/home/runner/work/ozone/ozone/hadoop-ozone/integration-test/target/test-dir/MiniOzoneClusterImpl-df9b5de2-b041-43db-b9a6-571161098f76/datanode-1/data/ratis] (custom)
2024-01-18 21:15:27,304 [06a116e4-916e-4670-b681-a534e52e7a54-groupManagement] INFO  storage.RaftStorageDirectory (RaftStorageDirectoryImpl.java:analyzeStorage(138)) - The storage directory /home/runner/work/ozone/ozone/hadoop-ozone/integration-test/target/test-dir/MiniOzoneClusterImpl-df9b5de2-b041-43db-b9a6-571161098f76/datanode-1/data/ratis/34c6850d-8916-4e8a-b03c-5518ba46772c does not exist. Creating ...
2024-01-18 21:15:27,305 [06a116e4-916e-4670-b681-a534e52e7a54-groupManagement] INFO  storage.RaftStorageDirectory (RaftStorageDirectoryImpl.java:tryLock(228)) - Lock on /home/runner/work/ozone/ozone/hadoop-ozone/integration-test/target/test-dir/MiniOzoneClusterImpl-df9b5de2-b041-43db-b9a6-571161098f76/datanode-1/data/ratis/34c6850d-8916-4e8a-b03c-5518ba46772c/in_use.lock acquired by nodename 70315@fv-az776-647
2024-01-18 21:15:27,306 [06a116e4-916e-4670-b681-a534e52e7a54-groupManagement] INFO  storage.RaftStorage (RaftStorageImpl.java:format(99)) - Storage directory /home/runner/work/ozone/ozone/hadoop-ozone/integration-test/target/test-dir/MiniOzoneClusterImpl-df9b5de2-b041-43db-b9a6-571161098f76/datanode-1/data/ratis/34c6850d-8916-4e8a-b03c-5518ba46772c has been successfully formatted.
2024-01-18 21:15:27,306 [06a116e4-916e-4670-b681-a534e52e7a54-groupManagement] WARN  util.FileUtils (LogUtils.java:supplyAndLog(63)) - Failed to Files.newInputStream /home/runner/work/ozone/ozone/hadoop-ozone/integration-test/target/test-dir/MiniOzoneClusterImpl-df9b5de2-b041-43db-b9a6-571161098f76/datanode-1/data/ratis/34c6850d-8916-4e8a-b03c-5518ba46772c/current/raft-meta.conf with options []: java.nio.file.NoSuchFileException: /home/runner/work/ozone/ozone/hadoop-ozone/integration-test/target/test-dir/MiniOzoneClusterImpl-df9b5de2-b041-43db-b9a6-571161098f76/datanode-1/data/ratis/34c6850d-8916-4e8a-b03c-5518ba46772c/current/raft-meta.conf
2024-01-18 21:15:27,306 [06a116e4-916e-4670-b681-a534e52e7a54-groupManagement] INFO  ratis.ContainerStateMachine (ContainerStateMachine.java:loadSnapshot(287)) - group-5518BA46772C: The snapshot info is null. Setting the last applied index to:(t:0, i:~)
2024-01-18 21:15:27,306 [06a116e4-916e-4670-b681-a534e52e7a54-groupManagement] INFO  server.RaftServerConfigKeys (ConfUtils.java:logGet(46)) - raft.server.log.use.memory = false (default)
2024-01-18 21:15:27,306 [06a116e4-916e-4670-b681-a534e52e7a54-groupManagement] INFO  server.RaftServerConfigKeys (ConfUtils.java:logGet(46)) - raft.server.log.purge.gap = 1000000 (custom)
2024-01-18 21:15:27,306 [06a116e4-916e-4670-b681-a534e52e7a54-groupManagement] INFO  server.RaftServerConfigKeys (ConfUtils.java:logGet(46)) - raft.server.log.appender.buffer.byte-limit = 8388608 (custom)
2024-01-18 21:15:27,306 [06a116e4-916e-4670-b681-a534e52e7a54-groupManagement] INFO  server.RaftServerConfigKeys (ConfUtils.java:logGet(46)) - raft.server.log.statemachine.data.read.timeout = 1000ms (default)
2024-01-18 21:15:27,306 [06a116e4-916e-4670-b681-a534e52e7a54-groupManagement] INFO  server.RaftServerConfigKeys (ConfUtils.java:logGet(46)) - raft.server.log.purge.preservation.log.num = 0 (default)
2024-01-18 21:15:27,307 [EventQueue-PipelineReportForPipelineReportHandler] INFO  pipeline.PipelineReportHandler (PipelineReportHandler.java:processPipelineReport(136)) - Opened pipeline PipelineID=34c6850d-8916-4e8a-b03c-5518ba46772c
2024-01-18 21:15:27,307 [EventQueue-OpenPipelineForHealthyPipelineSafeModeRule] INFO  safemode.SCMSafeModeManager (HealthyPipelineSafeModeRule.java:process(140)) - SCM in safe mode. Healthy pipelines reported count is 0, required healthy pipeline reported count is 1
2024-01-18 21:15:27,308 [06a116e4-916e-4670-b681-a534e52e7a54-groupManagement] INFO  server.RaftServerConfigKeys (ConfUtils.java:logGet(46)) - raft.server.log.segment.size.max = 67108864 (custom)
2024-01-18 21:15:27,308 [06a116e4-916e-4670-b681-a534e52e7a54-groupManagement] INFO  server.RaftServerConfigKeys (ConfUtils.java:logGet(46)) - raft.server.log.segment.cache.num.max = 2 (custom)
2024-01-18 21:15:27,308 [06a116e4-916e-4670-b681-a534e52e7a54-groupManagement] INFO  server.RaftServerConfigKeys (ConfUtils.java:logGet(46)) - raft.server.log.segment.cache.size.max = 200MB (=209715200) (default)
2024-01-18 21:15:27,308 [06a116e4-916e-4670-b681-a534e52e7a54-groupManagement] INFO  server.RaftServerConfigKeys (ConfUtils.java:logGet(46)) - raft.server.log.appender.buffer.byte-limit = 8388608 (custom)
2024-01-18 21:15:27,308 [06a116e4-916e-4670-b681-a534e52e7a54-groupManagement] INFO  util.AwaitToRun (AwaitToRun.java:start(81)) - Thread[06a116e4-916e-4670-b681-a534e52e7a54@group-5518BA46772C-cacheEviction-AwaitToRun,5,main] started
2024-01-18 21:15:27,308 [06a116e4-916e-4670-b681-a534e52e7a54-groupManagement] INFO  segmented.SegmentedRaftLogWorker (SegmentedRaftLogWorker.java:<init>(182)) - new 06a116e4-916e-4670-b681-a534e52e7a54@group-5518BA46772C-SegmentedRaftLogWorker for RaftStorageImpl:Storage Directory /home/runner/work/ozone/ozone/hadoop-ozone/integration-test/target/test-dir/MiniOzoneClusterImpl-df9b5de2-b041-43db-b9a6-571161098f76/datanode-1/data/ratis/34c6850d-8916-4e8a-b03c-5518ba46772c
2024-01-18 21:15:27,308 [06a116e4-916e-4670-b681-a534e52e7a54-groupManagement] INFO  server.RaftServerConfigKeys (ConfUtils.java:logGet(46)) - raft.server.log.queue.byte-limit = 4294967296 (custom)
2024-01-18 21:15:27,308 [06a116e4-916e-4670-b681-a534e52e7a54-groupManagement] INFO  server.RaftServerConfigKeys (ConfUtils.java:logGet(46)) - raft.server.log.queue.element-limit = 1024 (custom)
2024-01-18 21:15:27,308 [06a116e4-916e-4670-b681-a534e52e7a54-groupManagement] INFO  server.RaftServerConfigKeys (ConfUtils.java:logGet(46)) - raft.server.log.segment.size.max = 67108864 (custom)
2024-01-18 21:15:27,308 [06a116e4-916e-4670-b681-a534e52e7a54-groupManagement] INFO  server.RaftServerConfigKeys (ConfUtils.java:logGet(46)) - raft.server.log.preallocated.size = 4194304 (custom)
2024-01-18 21:15:27,308 [06a116e4-916e-4670-b681-a534e52e7a54-groupManagement] INFO  server.RaftServerConfigKeys (ConfUtils.java:logGet(46)) - raft.server.log.force.sync.num = 128 (default)
2024-01-18 21:15:27,308 [06a116e4-916e-4670-b681-a534e52e7a54-groupManagement] INFO  server.RaftServerConfigKeys (ConfUtils.java:logGet(46)) - raft.server.log.statemachine.data.sync = true (default)
2024-01-18 21:15:27,308 [06a116e4-916e-4670-b681-a534e52e7a54-groupManagement] INFO  server.RaftServerConfigKeys (ConfUtils.java:logGet(46)) - raft.server.log.statemachine.data.sync.timeout = 10s (default)
2024-01-18 21:15:27,308 [06a116e4-916e-4670-b681-a534e52e7a54-groupManagement] INFO  server.RaftServerConfigKeys (ConfUtils.java:logGet(46)) - raft.server.log.statemachine.data.sync.timeout.retry = 0 (custom)
2024-01-18 21:15:27,308 [06a116e4-916e-4670-b681-a534e52e7a54-groupManagement] INFO  server.RaftServerConfigKeys (ConfUtils.java:logGet(46)) - raft.server.log.write.buffer.size = 8388616 (custom)
2024-01-18 21:15:27,310 [06a116e4-916e-4670-b681-a534e52e7a54-groupManagement] INFO  server.RaftServerConfigKeys (ConfUtils.java:logGet(46)) - raft.server.log.appender.buffer.byte-limit = 8388608 (custom)
2024-01-18 21:15:27,310 [06a116e4-916e-4670-b681-a534e52e7a54-groupManagement] INFO  server.RaftServerConfigKeys (ConfUtils.java:logGet(46)) - raft.server.log.unsafe-flush.enabled = false (default)
2024-01-18 21:15:27,310 [06a116e4-916e-4670-b681-a534e52e7a54-groupManagement] INFO  server.RaftServerConfigKeys (ConfUtils.java:logGet(46)) - raft.server.log.async-flush.enabled = false (default)
2024-01-18 21:15:27,310 [06a116e4-916e-4670-b681-a534e52e7a54-groupManagement] INFO  server.RaftServerConfigKeys (ConfUtils.java:logGet(46)) - raft.server.log.statemachine.data.caching.enabled = true (custom)
2024-01-18 21:15:27,310 [06a116e4-916e-4670-b681-a534e52e7a54-groupManagement] INFO  segmented.SegmentedRaftLogWorker (SegmentedRaftLogWorker.java:lambda$new$0(134)) - 06a116e4-916e-4670-b681-a534e52e7a54@group-5518BA46772C-SegmentedRaftLogWorker: flushIndex: setUnconditionally 0 -> -1
2024-01-18 21:15:27,310 [06a116e4-916e-4670-b681-a534e52e7a54-groupManagement] INFO  segmented.SegmentedRaftLogWorker (SegmentedRaftLogWorker.java:lambda$new$0(134)) - 06a116e4-916e-4670-b681-a534e52e7a54@group-5518BA46772C-SegmentedRaftLogWorker: safeCacheEvictIndex: setUnconditionally 0 -> -1
2024-01-18 21:15:27,310 [06a116e4-916e-4670-b681-a534e52e7a54-groupManagement] INFO  server.RaftServer$Division (RaftServerImpl.java:start(396)) - 06a116e4-916e-4670-b681-a534e52e7a54@group-5518BA46772C: start as a follower, conf=-1: peers:[06a116e4-916e-4670-b681-a534e52e7a54|10.1.0.44:15379]|listeners:[], old=null
2024-01-18 21:15:27,310 [06a116e4-916e-4670-b681-a534e52e7a54-groupManagement] INFO  server.RaftServer$Division (RaftServerImpl.java:setRole(383)) - 06a116e4-916e-4670-b681-a534e52e7a54@group-5518BA46772C: changes role from      null to FOLLOWER at term 0 for startAsFollower
2024-01-18 21:15:27,310 [06a116e4-916e-4670-b681-a534e52e7a54-groupManagement] INFO  impl.RoleInfo (RoleInfo.java:updateAndGet(139)) - 06a116e4-916e-4670-b681-a534e52e7a54: start 06a116e4-916e-4670-b681-a534e52e7a54@group-5518BA46772C-FollowerState
2024-01-18 21:15:27,310 [06a116e4-916e-4670-b681-a534e52e7a54@group-5518BA46772C-FollowerState] INFO  server.RaftServerConfigKeys (ConfUtils.java:logFallback(53)) - raft.server.rpc.first-election.timeout.min = 5s (fallback to raft.server.rpc.timeout.min)
2024-01-18 21:15:27,310 [06a116e4-916e-4670-b681-a534e52e7a54-groupManagement] INFO  util.JmxRegister (JmxRegister.java:tryRegister(44)) - Successfully registered JMX Bean with object name Ratis:service=RaftServer,group=group-5518BA46772C,id=06a116e4-916e-4670-b681-a534e52e7a54
2024-01-18 21:15:27,310 [06a116e4-916e-4670-b681-a534e52e7a54@group-5518BA46772C-FollowerState] INFO  server.RaftServerConfigKeys (ConfUtils.java:logFallback(53)) - raft.server.rpc.first-election.timeout.max = 5200ms (fallback to raft.server.rpc.timeout.max)
2024-01-18 21:15:27,311 [06a116e4-916e-4670-b681-a534e52e7a54-groupManagement] INFO  server.RaftServerConfigKeys (ConfUtils.java:logGet(46)) - raft.server.snapshot.trigger-when-stop.enabled = true (default)
2024-01-18 21:15:27,311 [06a116e4-916e-4670-b681-a534e52e7a54-groupManagement] INFO  server.RaftServerConfigKeys (ConfUtils.java:logGet(46)) - raft.server.snapshot.auto.trigger.enabled = true (custom)
2024-01-18 21:15:27,311 [06a116e4-916e-4670-b681-a534e52e7a54-groupManagement] INFO  server.RaftServerConfigKeys (ConfUtils.java:logGet(46)) - raft.server.snapshot.auto.trigger.threshold = 10000 (custom)
2024-01-18 21:15:27,311 [06a116e4-916e-4670-b681-a534e52e7a54-groupManagement] INFO  server.RaftServerConfigKeys (ConfUtils.java:logGet(46)) - raft.server.snapshot.retention.file.num = 5 (custom)
2024-01-18 21:15:27,311 [06a116e4-916e-4670-b681-a534e52e7a54-groupManagement] INFO  server.RaftServerConfigKeys (ConfUtils.java:logGet(46)) - raft.server.log.purge.upto.snapshot.index = false (default)
2024-01-18 21:15:27,311 [06a116e4-916e-4670-b681-a534e52e7a54-PipelineCommandHandlerThread-0] INFO  ratis.XceiverServerRatis (XceiverServerRatis.java:addGroup(842)) - Created group PipelineID=34c6850d-8916-4e8a-b03c-5518ba46772c
2024-01-18 21:15:27,311 [06a116e4-916e-4670-b681-a534e52e7a54-PipelineCommandHandlerThread-0] INFO  commandhandler.CreatePipelineCommandHandler (CreatePipelineCommandHandler.java:lambda$handle$2(124)) - Created Pipeline RATIS ONE PipelineID=34c6850d-8916-4e8a-b03c-5518ba46772c.
2024-01-18 21:15:27,403 [22869b9b-ca6a-4da8-a132-9d24bcd1149d-PipelineCommandHandlerThread-0] INFO  server.RaftServer (RaftServerProxy.java:addNew(100)) - 22869b9b-ca6a-4da8-a132-9d24bcd1149d: addNew group-34C4BB792BBD:[22869b9b-ca6a-4da8-a132-9d24bcd1149d|10.1.0.44:15388] returns group-34C4BB792BBD:java.util.concurrent.CompletableFuture@65746267[Not completed]
2024-01-18 21:15:27,404 [22869b9b-ca6a-4da8-a132-9d24bcd1149d-groupManagement] INFO  server.RaftServer$Division (RaftServerImpl.java:<init>(256)) - 22869b9b-ca6a-4da8-a132-9d24bcd1149d: new RaftServerImpl for group-34C4BB792BBD:[22869b9b-ca6a-4da8-a132-9d24bcd1149d|10.1.0.44:15388] with ContainerStateMachine:uninitialized
2024-01-18 21:15:27,404 [22869b9b-ca6a-4da8-a132-9d24bcd1149d-groupManagement] INFO  server.RaftServerConfigKeys (ConfUtils.java:logGet(46)) - raft.server.rpc.timeout.min = 5s (custom)
2024-01-18 21:15:27,404 [22869b9b-ca6a-4da8-a132-9d24bcd1149d-groupManagement] INFO  server.RaftServerConfigKeys (ConfUtils.java:logGet(46)) - raft.server.rpc.timeout.max = 5200ms (custom)
2024-01-18 21:15:27,404 [22869b9b-ca6a-4da8-a132-9d24bcd1149d-groupManagement] INFO  server.RaftServerConfigKeys (ConfUtils.java:logGet(46)) - raft.server.rpc.sleep.time = 25ms (default)
2024-01-18 21:15:27,404 [22869b9b-ca6a-4da8-a132-9d24bcd1149d-groupManagement] INFO  server.RaftServerConfigKeys (ConfUtils.java:logGet(46)) - raft.server.rpc.slowness.timeout = 300000ms (custom)
2024-01-18 21:15:27,404 [22869b9b-ca6a-4da8-a132-9d24bcd1149d-groupManagement] INFO  server.RaftServerConfigKeys (ConfUtils.java:logGet(46)) - raft.server.leaderelection.leader.step-down.wait-time = 10s (default)
2024-01-18 21:15:27,404 [22869b9b-ca6a-4da8-a132-9d24bcd1149d-groupManagement] INFO  server.RaftServerConfigKeys (ConfUtils.java:logGet(46)) - raft.server.leaderelection.member.majority-add = false (default)
2024-01-18 21:15:27,404 [22869b9b-ca6a-4da8-a132-9d24bcd1149d-groupManagement] INFO  server.RaftServerConfigKeys (ConfUtils.java:logGet(46)) - raft.server.sleep.deviation.threshold = 300ms (default)
2024-01-18 21:15:27,404 [22869b9b-ca6a-4da8-a132-9d24bcd1149d-groupManagement] INFO  server.RaftServer$Division (ServerState.java:<init>(113)) - 22869b9b-ca6a-4da8-a132-9d24bcd1149d@group-34C4BB792BBD: ConfigurationManager, init=-1: peers:[22869b9b-ca6a-4da8-a132-9d24bcd1149d|10.1.0.44:15388]|listeners:[], old=null, confs=<EMPTY_MAP>
2024-01-18 21:15:27,404 [22869b9b-ca6a-4da8-a132-9d24bcd1149d-groupManagement] INFO  server.RaftServerConfigKeys (ConfUtils.java:logGet(46)) - raft.server.notification.no-leader.timeout = 300000ms (custom)
2024-01-18 21:15:27,404 [22869b9b-ca6a-4da8-a132-9d24bcd1149d-groupManagement] INFO  server.RaftServerConfigKeys (ConfUtils.java:logGet(46)) - raft.server.read.timeout = 10s (default)
2024-01-18 21:15:27,404 [22869b9b-ca6a-4da8-a132-9d24bcd1149d-groupManagement] INFO  server.RaftServerConfigKeys (ConfUtils.java:logGet(46)) - raft.server.retrycache.expirytime = 600000ms (custom)
2024-01-18 21:15:27,404 [22869b9b-ca6a-4da8-a132-9d24bcd1149d-groupManagement] INFO  server.RaftServerConfigKeys (ConfUtils.java:logGet(46)) - raft.server.retrycache.statistics.expirytime = 100ms (default)
2024-01-18 21:15:27,404 [22869b9b-ca6a-4da8-a132-9d24bcd1149d-groupManagement] INFO  server.RaftServerConfigKeys (ConfUtils.java:logGet(46)) - raft.server.read.option = DEFAULT (default)
2024-01-18 21:15:27,404 [22869b9b-ca6a-4da8-a132-9d24bcd1149d-groupManagement] INFO  server.RaftServerConfigKeys (ConfUtils.java:logGet(46)) - raft.server.read.read-after-write-consistent.write-index-cache.expiry-time = 60s (default)
2024-01-18 21:15:27,406 [22869b9b-ca6a-4da8-a132-9d24bcd1149d-groupManagement] INFO  server.RaftServerConfigKeys (ConfUtils.java:logGet(46)) - raft.server.rpc.request.timeout = 3000ms (default)
2024-01-18 21:15:27,406 [22869b9b-ca6a-4da8-a132-9d24bcd1149d-groupManagement] INFO  server.RaftServerConfigKeys (ConfUtils.java:logGet(46)) - raft.server.log.appender.install.snapshot.enabled = false (custom)
2024-01-18 21:15:27,406 [22869b9b-ca6a-4da8-a132-9d24bcd1149d-groupManagement] INFO  server.RaftServerConfigKeys (ConfUtils.java:logGet(46)) - raft.server.threadpool.server.cached = true (default)
2024-01-18 21:15:27,406 [22869b9b-ca6a-4da8-a132-9d24bcd1149d-groupManagement] INFO  server.RaftServerConfigKeys (ConfUtils.java:logGet(46)) - raft.server.threadpool.server.size = 0 (default)
2024-01-18 21:15:27,406 [22869b9b-ca6a-4da8-a132-9d24bcd1149d-groupManagement] INFO  server.RaftServerConfigKeys (ConfUtils.java:logGet(46)) - raft.server.threadpool.client.cached = true (default)
2024-01-18 21:15:27,406 [22869b9b-ca6a-4da8-a132-9d24bcd1149d-groupManagement] INFO  server.RaftServerConfigKeys (ConfUtils.java:logGet(46)) - raft.server.threadpool.client.size = 0 (default)
2024-01-18 21:15:27,406 [22869b9b-ca6a-4da8-a132-9d24bcd1149d-groupManagement] INFO  server.RaftServerConfigKeys (ConfUtils.java:logGet(46)) - raft.server.storage.free-space.min = 0MB (=0) (default)
2024-01-18 21:15:27,406 [22869b9b-ca6a-4da8-a132-9d24bcd1149d-groupManagement] INFO  server.RaftServerConfigKeys (ConfUtils.java:logGet(46)) - raft.server.log.corruption.policy = EXCEPTION (default)
2024-01-18 21:15:27,406 [22869b9b-ca6a-4da8-a132-9d24bcd1149d-groupManagement] INFO  server.RaftServerConfigKeys (ConfUtils.java:logGet(46)) - raft.server.storage.dir = [/home/runner/work/ozone/ozone/hadoop-ozone/integration-test/target/test-dir/MiniOzoneClusterImpl-df9b5de2-b041-43db-b9a6-571161098f76/datanode-2/data/ratis] (custom)
2024-01-18 21:15:27,406 [22869b9b-ca6a-4da8-a132-9d24bcd1149d-groupManagement] INFO  storage.RaftStorageDirectory (RaftStorageDirectoryImpl.java:analyzeStorage(138)) - The storage directory /home/runner/work/ozone/ozone/hadoop-ozone/integration-test/target/test-dir/MiniOzoneClusterImpl-df9b5de2-b041-43db-b9a6-571161098f76/datanode-2/data/ratis/34d4643b-faca-4a96-ae62-34c4bb792bbd does not exist. Creating ...
2024-01-18 21:15:27,407 [22869b9b-ca6a-4da8-a132-9d24bcd1149d-groupManagement] INFO  storage.RaftStorageDirectory (RaftStorageDirectoryImpl.java:tryLock(228)) - Lock on /home/runner/work/ozone/ozone/hadoop-ozone/integration-test/target/test-dir/MiniOzoneClusterImpl-df9b5de2-b041-43db-b9a6-571161098f76/datanode-2/data/ratis/34d4643b-faca-4a96-ae62-34c4bb792bbd/in_use.lock acquired by nodename 70315@fv-az776-647
2024-01-18 21:15:27,408 [22869b9b-ca6a-4da8-a132-9d24bcd1149d-groupManagement] INFO  storage.RaftStorage (RaftStorageImpl.java:format(99)) - Storage directory /home/runner/work/ozone/ozone/hadoop-ozone/integration-test/target/test-dir/MiniOzoneClusterImpl-df9b5de2-b041-43db-b9a6-571161098f76/datanode-2/data/ratis/34d4643b-faca-4a96-ae62-34c4bb792bbd has been successfully formatted.
2024-01-18 21:15:27,408 [22869b9b-ca6a-4da8-a132-9d24bcd1149d-groupManagement] WARN  util.FileUtils (LogUtils.java:supplyAndLog(63)) - Failed to Files.newInputStream /home/runner/work/ozone/ozone/hadoop-ozone/integration-test/target/test-dir/MiniOzoneClusterImpl-df9b5de2-b041-43db-b9a6-571161098f76/datanode-2/data/ratis/34d4643b-faca-4a96-ae62-34c4bb792bbd/current/raft-meta.conf with options []: java.nio.file.NoSuchFileException: /home/runner/work/ozone/ozone/hadoop-ozone/integration-test/target/test-dir/MiniOzoneClusterImpl-df9b5de2-b041-43db-b9a6-571161098f76/datanode-2/data/ratis/34d4643b-faca-4a96-ae62-34c4bb792bbd/current/raft-meta.conf
2024-01-18 21:15:27,408 [22869b9b-ca6a-4da8-a132-9d24bcd1149d-groupManagement] INFO  ratis.ContainerStateMachine (ContainerStateMachine.java:loadSnapshot(287)) - group-34C4BB792BBD: The snapshot info is null. Setting the last applied index to:(t:0, i:~)
2024-01-18 21:15:27,408 [22869b9b-ca6a-4da8-a132-9d24bcd1149d-groupManagement] INFO  server.RaftServerConfigKeys (ConfUtils.java:logGet(46)) - raft.server.log.use.memory = false (default)
2024-01-18 21:15:27,408 [22869b9b-ca6a-4da8-a132-9d24bcd1149d-groupManagement] INFO  server.RaftServerConfigKeys (ConfUtils.java:logGet(46)) - raft.server.log.purge.gap = 1000000 (custom)
2024-01-18 21:15:27,408 [22869b9b-ca6a-4da8-a132-9d24bcd1149d-groupManagement] INFO  server.RaftServerConfigKeys (ConfUtils.java:logGet(46)) - raft.server.log.appender.buffer.byte-limit = 8388608 (custom)
2024-01-18 21:15:27,408 [22869b9b-ca6a-4da8-a132-9d24bcd1149d-groupManagement] INFO  server.RaftServerConfigKeys (ConfUtils.java:logGet(46)) - raft.server.log.statemachine.data.read.timeout = 1000ms (default)
2024-01-18 21:15:27,408 [22869b9b-ca6a-4da8-a132-9d24bcd1149d-groupManagement] INFO  server.RaftServerConfigKeys (ConfUtils.java:logGet(46)) - raft.server.log.purge.preservation.log.num = 0 (default)
2024-01-18 21:15:27,409 [EventQueue-PipelineReportForPipelineReportHandler] INFO  pipeline.PipelineReportHandler (PipelineReportHandler.java:processPipelineReport(136)) - Opened pipeline PipelineID=34d4643b-faca-4a96-ae62-34c4bb792bbd
2024-01-18 21:15:27,409 [EventQueue-OpenPipelineForHealthyPipelineSafeModeRule] INFO  safemode.SCMSafeModeManager (HealthyPipelineSafeModeRule.java:process(140)) - SCM in safe mode. Healthy pipelines reported count is 0, required healthy pipeline reported count is 1
2024-01-18 21:15:27,409 [22869b9b-ca6a-4da8-a132-9d24bcd1149d-groupManagement] INFO  server.RaftServerConfigKeys (ConfUtils.java:logGet(46)) - raft.server.log.segment.size.max = 67108864 (custom)
2024-01-18 21:15:27,409 [22869b9b-ca6a-4da8-a132-9d24bcd1149d-groupManagement] INFO  server.RaftServerConfigKeys (ConfUtils.java:logGet(46)) - raft.server.log.segment.cache.num.max = 2 (custom)
2024-01-18 21:15:27,409 [22869b9b-ca6a-4da8-a132-9d24bcd1149d-groupManagement] INFO  server.RaftServerConfigKeys (ConfUtils.java:logGet(46)) - raft.server.log.segment.cache.size.max = 200MB (=209715200) (default)
2024-01-18 21:15:27,409 [22869b9b-ca6a-4da8-a132-9d24bcd1149d-groupManagement] INFO  server.RaftServerConfigKeys (ConfUtils.java:logGet(46)) - raft.server.log.appender.buffer.byte-limit = 8388608 (custom)
2024-01-18 21:15:27,409 [22869b9b-ca6a-4da8-a132-9d24bcd1149d-groupManagement] INFO  util.AwaitToRun (AwaitToRun.java:start(81)) - Thread[22869b9b-ca6a-4da8-a132-9d24bcd1149d@group-34C4BB792BBD-cacheEviction-AwaitToRun,5,main] started
2024-01-18 21:15:27,410 [22869b9b-ca6a-4da8-a132-9d24bcd1149d-groupManagement] INFO  segmented.SegmentedRaftLogWorker (SegmentedRaftLogWorker.java:<init>(182)) - new 22869b9b-ca6a-4da8-a132-9d24bcd1149d@group-34C4BB792BBD-SegmentedRaftLogWorker for RaftStorageImpl:Storage Directory /home/runner/work/ozone/ozone/hadoop-ozone/integration-test/target/test-dir/MiniOzoneClusterImpl-df9b5de2-b041-43db-b9a6-571161098f76/datanode-2/data/ratis/34d4643b-faca-4a96-ae62-34c4bb792bbd
2024-01-18 21:15:27,410 [22869b9b-ca6a-4da8-a132-9d24bcd1149d-groupManagement] INFO  server.RaftServerConfigKeys (ConfUtils.java:logGet(46)) - raft.server.log.queue.byte-limit = 4294967296 (custom)
2024-01-18 21:15:27,410 [22869b9b-ca6a-4da8-a132-9d24bcd1149d-groupManagement] INFO  server.RaftServerConfigKeys (ConfUtils.java:logGet(46)) - raft.server.log.queue.element-limit = 1024 (custom)
2024-01-18 21:15:27,410 [22869b9b-ca6a-4da8-a132-9d24bcd1149d-groupManagement] INFO  server.RaftServerConfigKeys (ConfUtils.java:logGet(46)) - raft.server.log.segment.size.max = 67108864 (custom)
2024-01-18 21:15:27,410 [22869b9b-ca6a-4da8-a132-9d24bcd1149d-groupManagement] INFO  server.RaftServerConfigKeys (ConfUtils.java:logGet(46)) - raft.server.log.preallocated.size = 4194304 (custom)
2024-01-18 21:15:27,410 [22869b9b-ca6a-4da8-a132-9d24bcd1149d-groupManagement] INFO  server.RaftServerConfigKeys (ConfUtils.java:logGet(46)) - raft.server.log.force.sync.num = 128 (default)
2024-01-18 21:15:27,410 [22869b9b-ca6a-4da8-a132-9d24bcd1149d-groupManagement] INFO  server.RaftServerConfigKeys (ConfUtils.java:logGet(46)) - raft.server.log.statemachine.data.sync = true (default)
2024-01-18 21:15:27,410 [22869b9b-ca6a-4da8-a132-9d24bcd1149d-groupManagement] INFO  server.RaftServerConfigKeys (ConfUtils.java:logGet(46)) - raft.server.log.statemachine.data.sync.timeout = 10s (default)
2024-01-18 21:15:27,410 [22869b9b-ca6a-4da8-a132-9d24bcd1149d-groupManagement] INFO  server.RaftServerConfigKeys (ConfUtils.java:logGet(46)) - raft.server.log.statemachine.data.sync.timeout.retry = 0 (custom)
2024-01-18 21:15:27,410 [22869b9b-ca6a-4da8-a132-9d24bcd1149d-groupManagement] INFO  server.RaftServerConfigKeys (ConfUtils.java:logGet(46)) - raft.server.log.write.buffer.size = 8388616 (custom)
2024-01-18 21:15:27,411 [22869b9b-ca6a-4da8-a132-9d24bcd1149d-groupManagement] INFO  server.RaftServerConfigKeys (ConfUtils.java:logGet(46)) - raft.server.log.appender.buffer.byte-limit = 8388608 (custom)
2024-01-18 21:15:27,411 [22869b9b-ca6a-4da8-a132-9d24bcd1149d-groupManagement] INFO  server.RaftServerConfigKeys (ConfUtils.java:logGet(46)) - raft.server.log.unsafe-flush.enabled = false (default)
2024-01-18 21:15:27,411 [22869b9b-ca6a-4da8-a132-9d24bcd1149d-groupManagement] INFO  server.RaftServerConfigKeys (ConfUtils.java:logGet(46)) - raft.server.log.async-flush.enabled = false (default)
2024-01-18 21:15:27,412 [22869b9b-ca6a-4da8-a132-9d24bcd1149d-groupManagement] INFO  server.RaftServerConfigKeys (ConfUtils.java:logGet(46)) - raft.server.log.statemachine.data.caching.enabled = true (custom)
2024-01-18 21:15:27,412 [22869b9b-ca6a-4da8-a132-9d24bcd1149d-groupManagement] INFO  segmented.SegmentedRaftLogWorker (SegmentedRaftLogWorker.java:lambda$new$0(134)) - 22869b9b-ca6a-4da8-a132-9d24bcd1149d@group-34C4BB792BBD-SegmentedRaftLogWorker: flushIndex: setUnconditionally 0 -> -1
2024-01-18 21:15:27,412 [22869b9b-ca6a-4da8-a132-9d24bcd1149d-groupManagement] INFO  segmented.SegmentedRaftLogWorker (SegmentedRaftLogWorker.java:lambda$new$0(134)) - 22869b9b-ca6a-4da8-a132-9d24bcd1149d@group-34C4BB792BBD-SegmentedRaftLogWorker: safeCacheEvictIndex: setUnconditionally 0 -> -1
2024-01-18 21:15:27,412 [22869b9b-ca6a-4da8-a132-9d24bcd1149d-groupManagement] INFO  server.RaftServer$Division (RaftServerImpl.java:start(396)) - 22869b9b-ca6a-4da8-a132-9d24bcd1149d@group-34C4BB792BBD: start as a follower, conf=-1: peers:[22869b9b-ca6a-4da8-a132-9d24bcd1149d|10.1.0.44:15388]|listeners:[], old=null
2024-01-18 21:15:27,412 [22869b9b-ca6a-4da8-a132-9d24bcd1149d-groupManagement] INFO  server.RaftServer$Division (RaftServerImpl.java:setRole(383)) - 22869b9b-ca6a-4da8-a132-9d24bcd1149d@group-34C4BB792BBD: changes role from      null to FOLLOWER at term 0 for startAsFollower
2024-01-18 21:15:27,412 [22869b9b-ca6a-4da8-a132-9d24bcd1149d-groupManagement] INFO  impl.RoleInfo (RoleInfo.java:updateAndGet(139)) - 22869b9b-ca6a-4da8-a132-9d24bcd1149d: start 22869b9b-ca6a-4da8-a132-9d24bcd1149d@group-34C4BB792BBD-FollowerState
2024-01-18 21:15:27,412 [22869b9b-ca6a-4da8-a132-9d24bcd1149d-groupManagement] INFO  util.JmxRegister (JmxRegister.java:tryRegister(44)) - Successfully registered JMX Bean with object name Ratis:service=RaftServer,group=group-34C4BB792BBD,id=22869b9b-ca6a-4da8-a132-9d24bcd1149d
2024-01-18 21:15:27,412 [22869b9b-ca6a-4da8-a132-9d24bcd1149d-groupManagement] INFO  server.RaftServerConfigKeys (ConfUtils.java:logGet(46)) - raft.server.snapshot.trigger-when-stop.enabled = true (default)
2024-01-18 21:15:27,412 [22869b9b-ca6a-4da8-a132-9d24bcd1149d-groupManagement] INFO  server.RaftServerConfigKeys (ConfUtils.java:logGet(46)) - raft.server.snapshot.auto.trigger.enabled = true (custom)
2024-01-18 21:15:27,412 [22869b9b-ca6a-4da8-a132-9d24bcd1149d-groupManagement] INFO  server.RaftServerConfigKeys (ConfUtils.java:logGet(46)) - raft.server.snapshot.auto.trigger.threshold = 10000 (custom)
2024-01-18 21:15:27,412 [22869b9b-ca6a-4da8-a132-9d24bcd1149d-groupManagement] INFO  server.RaftServerConfigKeys (ConfUtils.java:logGet(46)) - raft.server.snapshot.retention.file.num = 5 (custom)
2024-01-18 21:15:27,412 [22869b9b-ca6a-4da8-a132-9d24bcd1149d-groupManagement] INFO  server.RaftServerConfigKeys (ConfUtils.java:logGet(46)) - raft.server.log.purge.upto.snapshot.index = false (default)
2024-01-18 21:15:27,413 [22869b9b-ca6a-4da8-a132-9d24bcd1149d-PipelineCommandHandlerThread-0] INFO  ratis.XceiverServerRatis (XceiverServerRatis.java:addGroup(842)) - Created group PipelineID=34d4643b-faca-4a96-ae62-34c4bb792bbd
2024-01-18 21:15:27,413 [22869b9b-ca6a-4da8-a132-9d24bcd1149d-PipelineCommandHandlerThread-0] INFO  commandhandler.CreatePipelineCommandHandler (CreatePipelineCommandHandler.java:lambda$handle$2(124)) - Created Pipeline RATIS ONE PipelineID=34d4643b-faca-4a96-ae62-34c4bb792bbd.
2024-01-18 21:15:27,412 [22869b9b-ca6a-4da8-a132-9d24bcd1149d@group-34C4BB792BBD-FollowerState] INFO  server.RaftServerConfigKeys (ConfUtils.java:logFallback(53)) - raft.server.rpc.first-election.timeout.min = 5s (fallback to raft.server.rpc.timeout.min)
2024-01-18 21:15:27,414 [22869b9b-ca6a-4da8-a132-9d24bcd1149d@group-34C4BB792BBD-FollowerState] INFO  server.RaftServerConfigKeys (ConfUtils.java:logFallback(53)) - raft.server.rpc.first-election.timeout.max = 5200ms (fallback to raft.server.rpc.timeout.max)
2024-01-18 21:15:27,487 [2f0c8443-6075-4928-968f-8dc1a7be92bb-PipelineCommandHandlerThread-0] INFO  server.RaftServer (RaftServerProxy.java:addNew(100)) - 2f0c8443-6075-4928-968f-8dc1a7be92bb: addNew group-E4C1F79E0EAD:[2f0c8443-6075-4928-968f-8dc1a7be92bb|10.1.0.44:15397] returns group-E4C1F79E0EAD:java.util.concurrent.CompletableFuture@6c540695[Not completed]
2024-01-18 21:15:27,488 [2f0c8443-6075-4928-968f-8dc1a7be92bb-groupManagement] INFO  server.RaftServer$Division (RaftServerImpl.java:<init>(256)) - 2f0c8443-6075-4928-968f-8dc1a7be92bb: new RaftServerImpl for group-E4C1F79E0EAD:[2f0c8443-6075-4928-968f-8dc1a7be92bb|10.1.0.44:15397] with ContainerStateMachine:uninitialized
2024-01-18 21:15:27,488 [2f0c8443-6075-4928-968f-8dc1a7be92bb-groupManagement] INFO  server.RaftServerConfigKeys (ConfUtils.java:logGet(46)) - raft.server.rpc.timeout.min = 5s (custom)
2024-01-18 21:15:27,488 [2f0c8443-6075-4928-968f-8dc1a7be92bb-groupManagement] INFO  server.RaftServerConfigKeys (ConfUtils.java:logGet(46)) - raft.server.rpc.timeout.max = 5200ms (custom)
2024-01-18 21:15:27,488 [2f0c8443-6075-4928-968f-8dc1a7be92bb-groupManagement] INFO  server.RaftServerConfigKeys (ConfUtils.java:logGet(46)) - raft.server.rpc.sleep.time = 25ms (default)
2024-01-18 21:15:27,488 [2f0c8443-6075-4928-968f-8dc1a7be92bb-groupManagement] INFO  server.RaftServerConfigKeys (ConfUtils.java:logGet(46)) - raft.server.rpc.slowness.timeout = 300000ms (custom)
2024-01-18 21:15:27,488 [2f0c8443-6075-4928-968f-8dc1a7be92bb-groupManagement] INFO  server.RaftServerConfigKeys (ConfUtils.java:logGet(46)) - raft.server.leaderelection.leader.step-down.wait-time = 10s (default)
2024-01-18 21:15:27,488 [2f0c8443-6075-4928-968f-8dc1a7be92bb-groupManagement] INFO  server.RaftServerConfigKeys (ConfUtils.java:logGet(46)) - raft.server.leaderelection.member.majority-add = false (default)
2024-01-18 21:15:27,488 [2f0c8443-6075-4928-968f-8dc1a7be92bb-groupManagement] INFO  server.RaftServerConfigKeys (ConfUtils.java:logGet(46)) - raft.server.sleep.deviation.threshold = 300ms (default)
2024-01-18 21:15:27,488 [2f0c8443-6075-4928-968f-8dc1a7be92bb-groupManagement] INFO  server.RaftServer$Division (ServerState.java:<init>(113)) - 2f0c8443-6075-4928-968f-8dc1a7be92bb@group-E4C1F79E0EAD: ConfigurationManager, init=-1: peers:[2f0c8443-6075-4928-968f-8dc1a7be92bb|10.1.0.44:15397]|listeners:[], old=null, confs=<EMPTY_MAP>
2024-01-18 21:15:27,488 [2f0c8443-6075-4928-968f-8dc1a7be92bb-groupManagement] INFO  server.RaftServerConfigKeys (ConfUtils.java:logGet(46)) - raft.server.notification.no-leader.timeout = 300000ms (custom)
2024-01-18 21:15:27,488 [2f0c8443-6075-4928-968f-8dc1a7be92bb-groupManagement] INFO  server.RaftServerConfigKeys (ConfUtils.java:logGet(46)) - raft.server.read.timeout = 10s (default)
2024-01-18 21:15:27,488 [2f0c8443-6075-4928-968f-8dc1a7be92bb-groupManagement] INFO  server.RaftServerConfigKeys (ConfUtils.java:logGet(46)) - raft.server.retrycache.expirytime = 600000ms (custom)
2024-01-18 21:15:27,488 [2f0c8443-6075-4928-968f-8dc1a7be92bb-groupManagement] INFO  server.RaftServerConfigKeys (ConfUtils.java:logGet(46)) - raft.server.retrycache.statistics.expirytime = 100ms (default)
2024-01-18 21:15:27,488 [2f0c8443-6075-4928-968f-8dc1a7be92bb-groupManagement] INFO  server.RaftServerConfigKeys (ConfUtils.java:logGet(46)) - raft.server.read.option = DEFAULT (default)
2024-01-18 21:15:27,489 [2f0c8443-6075-4928-968f-8dc1a7be92bb-groupManagement] INFO  server.RaftServerConfigKeys (ConfUtils.java:logGet(46)) - raft.server.read.read-after-write-consistent.write-index-cache.expiry-time = 60s (default)
2024-01-18 21:15:27,490 [2f0c8443-6075-4928-968f-8dc1a7be92bb-groupManagement] INFO  server.RaftServerConfigKeys (ConfUtils.java:logGet(46)) - raft.server.rpc.request.timeout = 3000ms (default)
2024-01-18 21:15:27,491 [2f0c8443-6075-4928-968f-8dc1a7be92bb-groupManagement] INFO  server.RaftServerConfigKeys (ConfUtils.java:logGet(46)) - raft.server.log.appender.install.snapshot.enabled = false (custom)
2024-01-18 21:15:27,491 [2f0c8443-6075-4928-968f-8dc1a7be92bb-groupManagement] INFO  server.RaftServerConfigKeys (ConfUtils.java:logGet(46)) - raft.server.threadpool.server.cached = true (default)
2024-01-18 21:15:27,491 [2f0c8443-6075-4928-968f-8dc1a7be92bb-groupManagement] INFO  server.RaftServerConfigKeys (ConfUtils.java:logGet(46)) - raft.server.threadpool.server.size = 0 (default)
2024-01-18 21:15:27,491 [2f0c8443-6075-4928-968f-8dc1a7be92bb-groupManagement] INFO  server.RaftServerConfigKeys (ConfUtils.java:logGet(46)) - raft.server.threadpool.client.cached = true (default)
2024-01-18 21:15:27,491 [2f0c8443-6075-4928-968f-8dc1a7be92bb-groupManagement] INFO  server.RaftServerConfigKeys (ConfUtils.java:logGet(46)) - raft.server.threadpool.client.size = 0 (default)
2024-01-18 21:15:27,491 [2f0c8443-6075-4928-968f-8dc1a7be92bb-groupManagement] INFO  server.RaftServerConfigKeys (ConfUtils.java:logGet(46)) - raft.server.storage.free-space.min = 0MB (=0) (default)
2024-01-18 21:15:27,491 [2f0c8443-6075-4928-968f-8dc1a7be92bb-groupManagement] INFO  server.RaftServerConfigKeys (ConfUtils.java:logGet(46)) - raft.server.log.corruption.policy = EXCEPTION (default)
2024-01-18 21:15:27,491 [2f0c8443-6075-4928-968f-8dc1a7be92bb-groupManagement] INFO  server.RaftServerConfigKeys (ConfUtils.java:logGet(46)) - raft.server.storage.dir = [/home/runner/work/ozone/ozone/hadoop-ozone/integration-test/target/test-dir/MiniOzoneClusterImpl-df9b5de2-b041-43db-b9a6-571161098f76/datanode-3/data/ratis] (custom)
2024-01-18 21:15:27,491 [2f0c8443-6075-4928-968f-8dc1a7be92bb-groupManagement] INFO  storage.RaftStorageDirectory (RaftStorageDirectoryImpl.java:analyzeStorage(138)) - The storage directory /home/runner/work/ozone/ozone/hadoop-ozone/integration-test/target/test-dir/MiniOzoneClusterImpl-df9b5de2-b041-43db-b9a6-571161098f76/datanode-3/data/ratis/fe988b03-f647-45b4-a1cf-e4c1f79e0ead does not exist. Creating ...
2024-01-18 21:15:27,492 [2f0c8443-6075-4928-968f-8dc1a7be92bb-groupManagement] INFO  storage.RaftStorageDirectory (RaftStorageDirectoryImpl.java:tryLock(228)) - Lock on /home/runner/work/ozone/ozone/hadoop-ozone/integration-test/target/test-dir/MiniOzoneClusterImpl-df9b5de2-b041-43db-b9a6-571161098f76/datanode-3/data/ratis/fe988b03-f647-45b4-a1cf-e4c1f79e0ead/in_use.lock acquired by nodename 70315@fv-az776-647
2024-01-18 21:15:27,493 [2f0c8443-6075-4928-968f-8dc1a7be92bb-groupManagement] INFO  storage.RaftStorage (RaftStorageImpl.java:format(99)) - Storage directory /home/runner/work/ozone/ozone/hadoop-ozone/integration-test/target/test-dir/MiniOzoneClusterImpl-df9b5de2-b041-43db-b9a6-571161098f76/datanode-3/data/ratis/fe988b03-f647-45b4-a1cf-e4c1f79e0ead has been successfully formatted.
2024-01-18 21:15:27,493 [2f0c8443-6075-4928-968f-8dc1a7be92bb-groupManagement] WARN  util.FileUtils (LogUtils.java:supplyAndLog(63)) - Failed to Files.newInputStream /home/runner/work/ozone/ozone/hadoop-ozone/integration-test/target/test-dir/MiniOzoneClusterImpl-df9b5de2-b041-43db-b9a6-571161098f76/datanode-3/data/ratis/fe988b03-f647-45b4-a1cf-e4c1f79e0ead/current/raft-meta.conf with options []: java.nio.file.NoSuchFileException: /home/runner/work/ozone/ozone/hadoop-ozone/integration-test/target/test-dir/MiniOzoneClusterImpl-df9b5de2-b041-43db-b9a6-571161098f76/datanode-3/data/ratis/fe988b03-f647-45b4-a1cf-e4c1f79e0ead/current/raft-meta.conf
2024-01-18 21:15:27,494 [2f0c8443-6075-4928-968f-8dc1a7be92bb-groupManagement] INFO  ratis.ContainerStateMachine (ContainerStateMachine.java:loadSnapshot(287)) - group-E4C1F79E0EAD: The snapshot info is null. Setting the last applied index to:(t:0, i:~)
2024-01-18 21:15:27,494 [2f0c8443-6075-4928-968f-8dc1a7be92bb-groupManagement] INFO  server.RaftServerConfigKeys (ConfUtils.java:logGet(46)) - raft.server.log.use.memory = false (default)
2024-01-18 21:15:27,494 [2f0c8443-6075-4928-968f-8dc1a7be92bb-groupManagement] INFO  server.RaftServerConfigKeys (ConfUtils.java:logGet(46)) - raft.server.log.purge.gap = 1000000 (custom)
2024-01-18 21:15:27,494 [2f0c8443-6075-4928-968f-8dc1a7be92bb-groupManagement] INFO  server.RaftServerConfigKeys (ConfUtils.java:logGet(46)) - raft.server.log.appender.buffer.byte-limit = 8388608 (custom)
2024-01-18 21:15:27,494 [2f0c8443-6075-4928-968f-8dc1a7be92bb-groupManagement] INFO  server.RaftServerConfigKeys (ConfUtils.java:logGet(46)) - raft.server.log.statemachine.data.read.timeout = 1000ms (default)
2024-01-18 21:15:27,494 [2f0c8443-6075-4928-968f-8dc1a7be92bb-groupManagement] INFO  server.RaftServerConfigKeys (ConfUtils.java:logGet(46)) - raft.server.log.purge.preservation.log.num = 0 (default)
2024-01-18 21:15:27,496 [2f0c8443-6075-4928-968f-8dc1a7be92bb-groupManagement] INFO  server.RaftServerConfigKeys (ConfUtils.java:logGet(46)) - raft.server.log.segment.size.max = 67108864 (custom)
2024-01-18 21:15:27,496 [2f0c8443-6075-4928-968f-8dc1a7be92bb-groupManagement] INFO  server.RaftServerConfigKeys (ConfUtils.java:logGet(46)) - raft.server.log.segment.cache.num.max = 2 (custom)
2024-01-18 21:15:27,496 [2f0c8443-6075-4928-968f-8dc1a7be92bb-groupManagement] INFO  server.RaftServerConfigKeys (ConfUtils.java:logGet(46)) - raft.server.log.segment.cache.size.max = 200MB (=209715200) (default)
2024-01-18 21:15:27,496 [2f0c8443-6075-4928-968f-8dc1a7be92bb-groupManagement] INFO  server.RaftServerConfigKeys (ConfUtils.java:logGet(46)) - raft.server.log.appender.buffer.byte-limit = 8388608 (custom)
2024-01-18 21:15:27,496 [EventQueue-PipelineReportForPipelineReportHandler] INFO  pipeline.PipelineReportHandler (PipelineReportHandler.java:processPipelineReport(136)) - Opened pipeline PipelineID=fe988b03-f647-45b4-a1cf-e4c1f79e0ead
2024-01-18 21:15:27,496 [EventQueue-OpenPipelineForHealthyPipelineSafeModeRule] INFO  safemode.SCMSafeModeManager (HealthyPipelineSafeModeRule.java:process(140)) - SCM in safe mode. Healthy pipelines reported count is 0, required healthy pipeline reported count is 1
2024-01-18 21:15:27,496 [2f0c8443-6075-4928-968f-8dc1a7be92bb-groupManagement] INFO  util.AwaitToRun (AwaitToRun.java:start(81)) - Thread[2f0c8443-6075-4928-968f-8dc1a7be92bb@group-E4C1F79E0EAD-cacheEviction-AwaitToRun,5,main] started
2024-01-18 21:15:27,496 [2f0c8443-6075-4928-968f-8dc1a7be92bb-groupManagement] INFO  segmented.SegmentedRaftLogWorker (SegmentedRaftLogWorker.java:<init>(182)) - new 2f0c8443-6075-4928-968f-8dc1a7be92bb@group-E4C1F79E0EAD-SegmentedRaftLogWorker for RaftStorageImpl:Storage Directory /home/runner/work/ozone/ozone/hadoop-ozone/integration-test/target/test-dir/MiniOzoneClusterImpl-df9b5de2-b041-43db-b9a6-571161098f76/datanode-3/data/ratis/fe988b03-f647-45b4-a1cf-e4c1f79e0ead
2024-01-18 21:15:27,496 [2f0c8443-6075-4928-968f-8dc1a7be92bb-groupManagement] INFO  server.RaftServerConfigKeys (ConfUtils.java:logGet(46)) - raft.server.log.queue.byte-limit = 4294967296 (custom)
2024-01-18 21:15:27,496 [2f0c8443-6075-4928-968f-8dc1a7be92bb-groupManagement] INFO  server.RaftServerConfigKeys (ConfUtils.java:logGet(46)) - raft.server.log.queue.element-limit = 1024 (custom)
2024-01-18 21:15:27,496 [2f0c8443-6075-4928-968f-8dc1a7be92bb-groupManagement] INFO  server.RaftServerConfigKeys (ConfUtils.java:logGet(46)) - raft.server.log.segment.size.max = 67108864 (custom)
2024-01-18 21:15:27,496 [2f0c8443-6075-4928-968f-8dc1a7be92bb-groupManagement] INFO  server.RaftServerConfigKeys (ConfUtils.java:logGet(46)) - raft.server.log.preallocated.size = 4194304 (custom)
2024-01-18 21:15:27,497 [2f0c8443-6075-4928-968f-8dc1a7be92bb-groupManagement] INFO  server.RaftServerConfigKeys (ConfUtils.java:logGet(46)) - raft.server.log.force.sync.num = 128 (default)
2024-01-18 21:15:27,497 [2f0c8443-6075-4928-968f-8dc1a7be92bb-groupManagement] INFO  server.RaftServerConfigKeys (ConfUtils.java:logGet(46)) - raft.server.log.statemachine.data.sync = true (default)
2024-01-18 21:15:27,497 [2f0c8443-6075-4928-968f-8dc1a7be92bb-groupManagement] INFO  server.RaftServerConfigKeys (ConfUtils.java:logGet(46)) - raft.server.log.statemachine.data.sync.timeout = 10s (default)
2024-01-18 21:15:27,497 [2f0c8443-6075-4928-968f-8dc1a7be92bb-groupManagement] INFO  server.RaftServerConfigKeys (ConfUtils.java:logGet(46)) - raft.server.log.statemachine.data.sync.timeout.retry = 0 (custom)
2024-01-18 21:15:27,497 [2f0c8443-6075-4928-968f-8dc1a7be92bb-groupManagement] INFO  server.RaftServerConfigKeys (ConfUtils.java:logGet(46)) - raft.server.log.write.buffer.size = 8388616 (custom)
2024-01-18 21:15:27,498 [2f0c8443-6075-4928-968f-8dc1a7be92bb-groupManagement] INFO  server.RaftServerConfigKeys (ConfUtils.java:logGet(46)) - raft.server.log.appender.buffer.byte-limit = 8388608 (custom)
2024-01-18 21:15:27,498 [2f0c8443-6075-4928-968f-8dc1a7be92bb-groupManagement] INFO  server.RaftServerConfigKeys (ConfUtils.java:logGet(46)) - raft.server.log.unsafe-flush.enabled = false (default)
2024-01-18 21:15:27,498 [2f0c8443-6075-4928-968f-8dc1a7be92bb-groupManagement] INFO  server.RaftServerConfigKeys (ConfUtils.java:logGet(46)) - raft.server.log.async-flush.enabled = false (default)
2024-01-18 21:15:27,499 [2f0c8443-6075-4928-968f-8dc1a7be92bb-groupManagement] INFO  server.RaftServerConfigKeys (ConfUtils.java:logGet(46)) - raft.server.log.statemachine.data.caching.enabled = true (custom)
2024-01-18 21:15:27,499 [2f0c8443-6075-4928-968f-8dc1a7be92bb-groupManagement] INFO  segmented.SegmentedRaftLogWorker (SegmentedRaftLogWorker.java:lambda$new$0(134)) - 2f0c8443-6075-4928-968f-8dc1a7be92bb@group-E4C1F79E0EAD-SegmentedRaftLogWorker: flushIndex: setUnconditionally 0 -> -1
2024-01-18 21:15:27,499 [2f0c8443-6075-4928-968f-8dc1a7be92bb-groupManagement] INFO  segmented.SegmentedRaftLogWorker (SegmentedRaftLogWorker.java:lambda$new$0(134)) - 2f0c8443-6075-4928-968f-8dc1a7be92bb@group-E4C1F79E0EAD-SegmentedRaftLogWorker: safeCacheEvictIndex: setUnconditionally 0 -> -1
2024-01-18 21:15:27,499 [2f0c8443-6075-4928-968f-8dc1a7be92bb-groupManagement] INFO  server.RaftServer$Division (RaftServerImpl.java:start(396)) - 2f0c8443-6075-4928-968f-8dc1a7be92bb@group-E4C1F79E0EAD: start as a follower, conf=-1: peers:[2f0c8443-6075-4928-968f-8dc1a7be92bb|10.1.0.44:15397]|listeners:[], old=null
2024-01-18 21:15:27,499 [2f0c8443-6075-4928-968f-8dc1a7be92bb-groupManagement] INFO  server.RaftServer$Division (RaftServerImpl.java:setRole(383)) - 2f0c8443-6075-4928-968f-8dc1a7be92bb@group-E4C1F79E0EAD: changes role from      null to FOLLOWER at term 0 for startAsFollower
2024-01-18 21:15:27,499 [2f0c8443-6075-4928-968f-8dc1a7be92bb-groupManagement] INFO  impl.RoleInfo (RoleInfo.java:updateAndGet(139)) - 2f0c8443-6075-4928-968f-8dc1a7be92bb: start 2f0c8443-6075-4928-968f-8dc1a7be92bb@group-E4C1F79E0EAD-FollowerState
2024-01-18 21:15:27,499 [2f0c8443-6075-4928-968f-8dc1a7be92bb-groupManagement] INFO  util.JmxRegister (JmxRegister.java:tryRegister(44)) - Successfully registered JMX Bean with object name Ratis:service=RaftServer,group=group-E4C1F79E0EAD,id=2f0c8443-6075-4928-968f-8dc1a7be92bb
2024-01-18 21:15:27,499 [2f0c8443-6075-4928-968f-8dc1a7be92bb-groupManagement] INFO  server.RaftServerConfigKeys (ConfUtils.java:logGet(46)) - raft.server.snapshot.trigger-when-stop.enabled = true (default)
2024-01-18 21:15:27,499 [2f0c8443-6075-4928-968f-8dc1a7be92bb-groupManagement] INFO  server.RaftServerConfigKeys (ConfUtils.java:logGet(46)) - raft.server.snapshot.auto.trigger.enabled = true (custom)
2024-01-18 21:15:27,500 [2f0c8443-6075-4928-968f-8dc1a7be92bb-groupManagement] INFO  server.RaftServerConfigKeys (ConfUtils.java:logGet(46)) - raft.server.snapshot.auto.trigger.threshold = 10000 (custom)
2024-01-18 21:15:27,500 [2f0c8443-6075-4928-968f-8dc1a7be92bb-groupManagement] INFO  server.RaftServerConfigKeys (ConfUtils.java:logGet(46)) - raft.server.snapshot.retention.file.num = 5 (custom)
2024-01-18 21:15:27,500 [2f0c8443-6075-4928-968f-8dc1a7be92bb-groupManagement] INFO  server.RaftServerConfigKeys (ConfUtils.java:logGet(46)) - raft.server.log.purge.upto.snapshot.index = false (default)
2024-01-18 21:15:27,502 [2f0c8443-6075-4928-968f-8dc1a7be92bb@group-E4C1F79E0EAD-FollowerState] INFO  server.RaftServerConfigKeys (ConfUtils.java:logFallback(53)) - raft.server.rpc.first-election.timeout.min = 5s (fallback to raft.server.rpc.timeout.min)
2024-01-18 21:15:27,506 [2f0c8443-6075-4928-968f-8dc1a7be92bb@group-E4C1F79E0EAD-FollowerState] INFO  server.RaftServerConfigKeys (ConfUtils.java:logFallback(53)) - raft.server.rpc.first-election.timeout.max = 5200ms (fallback to raft.server.rpc.timeout.max)
2024-01-18 21:15:27,502 [2f0c8443-6075-4928-968f-8dc1a7be92bb-PipelineCommandHandlerThread-0] INFO  ratis.XceiverServerRatis (XceiverServerRatis.java:addGroup(842)) - Created group PipelineID=fe988b03-f647-45b4-a1cf-e4c1f79e0ead
2024-01-18 21:15:27,506 [2f0c8443-6075-4928-968f-8dc1a7be92bb-PipelineCommandHandlerThread-0] INFO  commandhandler.CreatePipelineCommandHandler (CreatePipelineCommandHandler.java:lambda$handle$2(124)) - Created Pipeline RATIS ONE PipelineID=fe988b03-f647-45b4-a1cf-e4c1f79e0ead.
2024-01-18 21:15:27,506 [2f0c8443-6075-4928-968f-8dc1a7be92bb-PipelineCommandHandlerThread-0] INFO  server.RaftServer (RaftServerProxy.java:addNew(100)) - 2f0c8443-6075-4928-968f-8dc1a7be92bb: addNew group-26E5762860C1:[3df0e54a-fa0a-4d1f-902e-c3368fd6cf67|10.1.0.44:15415, 7adc501f-70c9-4652-b7fc-e7afe3d76740|10.1.0.44:15406, 2f0c8443-6075-4928-968f-8dc1a7be92bb|10.1.0.44:15397] returns group-26E5762860C1:java.util.concurrent.CompletableFuture@686b9fc7[Not completed]
2024-01-18 21:15:27,507 [2f0c8443-6075-4928-968f-8dc1a7be92bb-groupManagement] INFO  server.RaftServer$Division (RaftServerImpl.java:<init>(256)) - 2f0c8443-6075-4928-968f-8dc1a7be92bb: new RaftServerImpl for group-26E5762860C1:[3df0e54a-fa0a-4d1f-902e-c3368fd6cf67|10.1.0.44:15415, 7adc501f-70c9-4652-b7fc-e7afe3d76740|10.1.0.44:15406, 2f0c8443-6075-4928-968f-8dc1a7be92bb|10.1.0.44:15397] with ContainerStateMachine:uninitialized
2024-01-18 21:15:27,507 [2f0c8443-6075-4928-968f-8dc1a7be92bb-groupManagement] INFO  server.RaftServerConfigKeys (ConfUtils.java:logGet(46)) - raft.server.rpc.timeout.min = 5s (custom)
2024-01-18 21:15:27,507 [2f0c8443-6075-4928-968f-8dc1a7be92bb-groupManagement] INFO  server.RaftServerConfigKeys (ConfUtils.java:logGet(46)) - raft.server.rpc.timeout.max = 5200ms (custom)
2024-01-18 21:15:27,507 [2f0c8443-6075-4928-968f-8dc1a7be92bb-groupManagement] INFO  server.RaftServerConfigKeys (ConfUtils.java:logGet(46)) - raft.server.rpc.sleep.time = 25ms (default)
2024-01-18 21:15:27,507 [2f0c8443-6075-4928-968f-8dc1a7be92bb-groupManagement] INFO  server.RaftServerConfigKeys (ConfUtils.java:logGet(46)) - raft.server.rpc.slowness.timeout = 300000ms (custom)
2024-01-18 21:15:27,508 [2f0c8443-6075-4928-968f-8dc1a7be92bb-groupManagement] INFO  server.RaftServerConfigKeys (ConfUtils.java:logGet(46)) - raft.server.leaderelection.leader.step-down.wait-time = 10s (default)
2024-01-18 21:15:27,508 [2f0c8443-6075-4928-968f-8dc1a7be92bb-groupManagement] INFO  server.RaftServerConfigKeys (ConfUtils.java:logGet(46)) - raft.server.leaderelection.member.majority-add = false (default)
2024-01-18 21:15:27,508 [2f0c8443-6075-4928-968f-8dc1a7be92bb-groupManagement] INFO  server.RaftServerConfigKeys (ConfUtils.java:logGet(46)) - raft.server.sleep.deviation.threshold = 300ms (default)
2024-01-18 21:15:27,508 [2f0c8443-6075-4928-968f-8dc1a7be92bb-groupManagement] INFO  server.RaftServer$Division (ServerState.java:<init>(113)) - 2f0c8443-6075-4928-968f-8dc1a7be92bb@group-26E5762860C1: ConfigurationManager, init=-1: peers:[3df0e54a-fa0a-4d1f-902e-c3368fd6cf67|10.1.0.44:15415, 7adc501f-70c9-4652-b7fc-e7afe3d76740|10.1.0.44:15406, 2f0c8443-6075-4928-968f-8dc1a7be92bb|10.1.0.44:15397]|listeners:[], old=null, confs=<EMPTY_MAP>
2024-01-18 21:15:27,508 [2f0c8443-6075-4928-968f-8dc1a7be92bb-groupManagement] INFO  server.RaftServerConfigKeys (ConfUtils.java:logGet(46)) - raft.server.notification.no-leader.timeout = 300000ms (custom)
2024-01-18 21:15:27,508 [2f0c8443-6075-4928-968f-8dc1a7be92bb-groupManagement] INFO  server.RaftServerConfigKeys (ConfUtils.java:logGet(46)) - raft.server.read.timeout = 10s (default)
2024-01-18 21:15:27,508 [2f0c8443-6075-4928-968f-8dc1a7be92bb-groupManagement] INFO  server.RaftServerConfigKeys (ConfUtils.java:logGet(46)) - raft.server.retrycache.expirytime = 600000ms (custom)
2024-01-18 21:15:27,508 [2f0c8443-6075-4928-968f-8dc1a7be92bb-groupManagement] INFO  server.RaftServerConfigKeys (ConfUtils.java:logGet(46)) - raft.server.retrycache.statistics.expirytime = 100ms (default)
2024-01-18 21:15:27,508 [2f0c8443-6075-4928-968f-8dc1a7be92bb-groupManagement] INFO  server.RaftServerConfigKeys (ConfUtils.java:logGet(46)) - raft.server.read.option = DEFAULT (default)
2024-01-18 21:15:27,508 [2f0c8443-6075-4928-968f-8dc1a7be92bb-groupManagement] INFO  server.RaftServerConfigKeys (ConfUtils.java:logGet(46)) - raft.server.read.read-after-write-consistent.write-index-cache.expiry-time = 60s (default)
2024-01-18 21:15:27,510 [2f0c8443-6075-4928-968f-8dc1a7be92bb-groupManagement] INFO  server.RaftServerConfigKeys (ConfUtils.java:logGet(46)) - raft.server.rpc.request.timeout = 3000ms (default)
2024-01-18 21:15:27,510 [2f0c8443-6075-4928-968f-8dc1a7be92bb-groupManagement] INFO  server.RaftServerConfigKeys (ConfUtils.java:logGet(46)) - raft.server.log.appender.install.snapshot.enabled = false (custom)
2024-01-18 21:15:27,510 [2f0c8443-6075-4928-968f-8dc1a7be92bb-groupManagement] INFO  server.RaftServerConfigKeys (ConfUtils.java:logGet(46)) - raft.server.threadpool.server.cached = true (default)
2024-01-18 21:15:27,510 [2f0c8443-6075-4928-968f-8dc1a7be92bb-groupManagement] INFO  server.RaftServerConfigKeys (ConfUtils.java:logGet(46)) - raft.server.threadpool.server.size = 0 (default)
2024-01-18 21:15:27,510 [2f0c8443-6075-4928-968f-8dc1a7be92bb-groupManagement] INFO  server.RaftServerConfigKeys (ConfUtils.java:logGet(46)) - raft.server.threadpool.client.cached = true (default)
2024-01-18 21:15:27,510 [2f0c8443-6075-4928-968f-8dc1a7be92bb-groupManagement] INFO  server.RaftServerConfigKeys (ConfUtils.java:logGet(46)) - raft.server.threadpool.client.size = 0 (default)
2024-01-18 21:15:27,510 [2f0c8443-6075-4928-968f-8dc1a7be92bb-groupManagement] INFO  server.RaftServerConfigKeys (ConfUtils.java:logGet(46)) - raft.server.storage.free-space.min = 0MB (=0) (default)
2024-01-18 21:15:27,510 [2f0c8443-6075-4928-968f-8dc1a7be92bb-groupManagement] INFO  server.RaftServerConfigKeys (ConfUtils.java:logGet(46)) - raft.server.log.corruption.policy = EXCEPTION (default)
2024-01-18 21:15:27,510 [2f0c8443-6075-4928-968f-8dc1a7be92bb-groupManagement] INFO  server.RaftServerConfigKeys (ConfUtils.java:logGet(46)) - raft.server.storage.dir = [/home/runner/work/ozone/ozone/hadoop-ozone/integration-test/target/test-dir/MiniOzoneClusterImpl-df9b5de2-b041-43db-b9a6-571161098f76/datanode-3/data/ratis] (custom)
2024-01-18 21:15:27,510 [2f0c8443-6075-4928-968f-8dc1a7be92bb-groupManagement] INFO  storage.RaftStorageDirectory (RaftStorageDirectoryImpl.java:analyzeStorage(138)) - The storage directory /home/runner/work/ozone/ozone/hadoop-ozone/integration-test/target/test-dir/MiniOzoneClusterImpl-df9b5de2-b041-43db-b9a6-571161098f76/datanode-3/data/ratis/2ed116e4-c7a3-422f-acc4-26e5762860c1 does not exist. Creating ...
2024-01-18 21:15:27,511 [2f0c8443-6075-4928-968f-8dc1a7be92bb-groupManagement] INFO  storage.RaftStorageDirectory (RaftStorageDirectoryImpl.java:tryLock(228)) - Lock on /home/runner/work/ozone/ozone/hadoop-ozone/integration-test/target/test-dir/MiniOzoneClusterImpl-df9b5de2-b041-43db-b9a6-571161098f76/datanode-3/data/ratis/2ed116e4-c7a3-422f-acc4-26e5762860c1/in_use.lock acquired by nodename 70315@fv-az776-647
2024-01-18 21:15:27,512 [2f0c8443-6075-4928-968f-8dc1a7be92bb-groupManagement] INFO  storage.RaftStorage (RaftStorageImpl.java:format(99)) - Storage directory /home/runner/work/ozone/ozone/hadoop-ozone/integration-test/target/test-dir/MiniOzoneClusterImpl-df9b5de2-b041-43db-b9a6-571161098f76/datanode-3/data/ratis/2ed116e4-c7a3-422f-acc4-26e5762860c1 has been successfully formatted.
2024-01-18 21:15:27,512 [2f0c8443-6075-4928-968f-8dc1a7be92bb-groupManagement] WARN  util.FileUtils (LogUtils.java:supplyAndLog(63)) - Failed to Files.newInputStream /home/runner/work/ozone/ozone/hadoop-ozone/integration-test/target/test-dir/MiniOzoneClusterImpl-df9b5de2-b041-43db-b9a6-571161098f76/datanode-3/data/ratis/2ed116e4-c7a3-422f-acc4-26e5762860c1/current/raft-meta.conf with options []: java.nio.file.NoSuchFileException: /home/runner/work/ozone/ozone/hadoop-ozone/integration-test/target/test-dir/MiniOzoneClusterImpl-df9b5de2-b041-43db-b9a6-571161098f76/datanode-3/data/ratis/2ed116e4-c7a3-422f-acc4-26e5762860c1/current/raft-meta.conf
2024-01-18 21:15:27,512 [2f0c8443-6075-4928-968f-8dc1a7be92bb-groupManagement] INFO  ratis.ContainerStateMachine (ContainerStateMachine.java:loadSnapshot(287)) - group-26E5762860C1: The snapshot info is null. Setting the last applied index to:(t:0, i:~)
2024-01-18 21:15:27,512 [2f0c8443-6075-4928-968f-8dc1a7be92bb-groupManagement] INFO  server.RaftServerConfigKeys (ConfUtils.java:logGet(46)) - raft.server.log.use.memory = false (default)
2024-01-18 21:15:27,512 [2f0c8443-6075-4928-968f-8dc1a7be92bb-groupManagement] INFO  server.RaftServerConfigKeys (ConfUtils.java:logGet(46)) - raft.server.log.purge.gap = 1000000 (custom)
2024-01-18 21:15:27,512 [2f0c8443-6075-4928-968f-8dc1a7be92bb-groupManagement] INFO  server.RaftServerConfigKeys (ConfUtils.java:logGet(46)) - raft.server.log.appender.buffer.byte-limit = 8388608 (custom)
2024-01-18 21:15:27,512 [2f0c8443-6075-4928-968f-8dc1a7be92bb-groupManagement] INFO  server.RaftServerConfigKeys (ConfUtils.java:logGet(46)) - raft.server.log.statemachine.data.read.timeout = 1000ms (default)
2024-01-18 21:15:27,512 [2f0c8443-6075-4928-968f-8dc1a7be92bb-groupManagement] INFO  server.RaftServerConfigKeys (ConfUtils.java:logGet(46)) - raft.server.log.purge.preservation.log.num = 0 (default)
2024-01-18 21:15:27,514 [2f0c8443-6075-4928-968f-8dc1a7be92bb-groupManagement] INFO  server.RaftServerConfigKeys (ConfUtils.java:logGet(46)) - raft.server.log.segment.size.max = 67108864 (custom)
2024-01-18 21:15:27,514 [2f0c8443-6075-4928-968f-8dc1a7be92bb-groupManagement] INFO  server.RaftServerConfigKeys (ConfUtils.java:logGet(46)) - raft.server.log.segment.cache.num.max = 2 (custom)
2024-01-18 21:15:27,514 [2f0c8443-6075-4928-968f-8dc1a7be92bb-groupManagement] INFO  server.RaftServerConfigKeys (ConfUtils.java:logGet(46)) - raft.server.log.segment.cache.size.max = 200MB (=209715200) (default)
2024-01-18 21:15:27,514 [2f0c8443-6075-4928-968f-8dc1a7be92bb-groupManagement] INFO  server.RaftServerConfigKeys (ConfUtils.java:logGet(46)) - raft.server.log.appender.buffer.byte-limit = 8388608 (custom)
2024-01-18 21:15:27,514 [2f0c8443-6075-4928-968f-8dc1a7be92bb-groupManagement] INFO  util.AwaitToRun (AwaitToRun.java:start(81)) - Thread[2f0c8443-6075-4928-968f-8dc1a7be92bb@group-26E5762860C1-cacheEviction-AwaitToRun,5,main] started
2024-01-18 21:15:27,514 [2f0c8443-6075-4928-968f-8dc1a7be92bb-groupManagement] INFO  segmented.SegmentedRaftLogWorker (SegmentedRaftLogWorker.java:<init>(182)) - new 2f0c8443-6075-4928-968f-8dc1a7be92bb@group-26E5762860C1-SegmentedRaftLogWorker for RaftStorageImpl:Storage Directory /home/runner/work/ozone/ozone/hadoop-ozone/integration-test/target/test-dir/MiniOzoneClusterImpl-df9b5de2-b041-43db-b9a6-571161098f76/datanode-3/data/ratis/2ed116e4-c7a3-422f-acc4-26e5762860c1
2024-01-18 21:15:27,514 [2f0c8443-6075-4928-968f-8dc1a7be92bb-groupManagement] INFO  server.RaftServerConfigKeys (ConfUtils.java:logGet(46)) - raft.server.log.queue.byte-limit = 4294967296 (custom)
2024-01-18 21:15:27,514 [2f0c8443-6075-4928-968f-8dc1a7be92bb-groupManagement] INFO  server.RaftServerConfigKeys (ConfUtils.java:logGet(46)) - raft.server.log.queue.element-limit = 1024 (custom)
2024-01-18 21:15:27,514 [2f0c8443-6075-4928-968f-8dc1a7be92bb-groupManagement] INFO  server.RaftServerConfigKeys (ConfUtils.java:logGet(46)) - raft.server.log.segment.size.max = 67108864 (custom)
2024-01-18 21:15:27,514 [2f0c8443-6075-4928-968f-8dc1a7be92bb-groupManagement] INFO  server.RaftServerConfigKeys (ConfUtils.java:logGet(46)) - raft.server.log.preallocated.size = 4194304 (custom)
2024-01-18 21:15:27,514 [2f0c8443-6075-4928-968f-8dc1a7be92bb-groupManagement] INFO  server.RaftServerConfigKeys (ConfUtils.java:logGet(46)) - raft.server.log.force.sync.num = 128 (default)
2024-01-18 21:15:27,514 [2f0c8443-6075-4928-968f-8dc1a7be92bb-groupManagement] INFO  server.RaftServerConfigKeys (ConfUtils.java:logGet(46)) - raft.server.log.statemachine.data.sync = true (default)
2024-01-18 21:15:27,515 [2f0c8443-6075-4928-968f-8dc1a7be92bb-groupManagement] INFO  server.RaftServerConfigKeys (ConfUtils.java:logGet(46)) - raft.server.log.statemachine.data.sync.timeout = 10s (default)
2024-01-18 21:15:27,515 [2f0c8443-6075-4928-968f-8dc1a7be92bb-groupManagement] INFO  server.RaftServerConfigKeys (ConfUtils.java:logGet(46)) - raft.server.log.statemachine.data.sync.timeout.retry = 0 (custom)
2024-01-18 21:15:27,515 [2f0c8443-6075-4928-968f-8dc1a7be92bb-groupManagement] INFO  server.RaftServerConfigKeys (ConfUtils.java:logGet(46)) - raft.server.log.write.buffer.size = 8388616 (custom)
2024-01-18 21:15:27,516 [EventQueue-OpenPipelineForHealthyPipelineSafeModeRule] INFO  safemode.SCMSafeModeManager (HealthyPipelineSafeModeRule.java:process(140)) - SCM in safe mode. Healthy pipelines reported count is 0, required healthy pipeline reported count is 1
2024-01-18 21:15:27,517 [2f0c8443-6075-4928-968f-8dc1a7be92bb-groupManagement] INFO  server.RaftServerConfigKeys (ConfUtils.java:logGet(46)) - raft.server.log.appender.buffer.byte-limit = 8388608 (custom)
2024-01-18 21:15:27,517 [2f0c8443-6075-4928-968f-8dc1a7be92bb-groupManagement] INFO  server.RaftServerConfigKeys (ConfUtils.java:logGet(46)) - raft.server.log.unsafe-flush.enabled = false (default)
2024-01-18 21:15:27,517 [2f0c8443-6075-4928-968f-8dc1a7be92bb-groupManagement] INFO  server.RaftServerConfigKeys (ConfUtils.java:logGet(46)) - raft.server.log.async-flush.enabled = false (default)
2024-01-18 21:15:27,517 [2f0c8443-6075-4928-968f-8dc1a7be92bb-groupManagement] INFO  server.RaftServerConfigKeys (ConfUtils.java:logGet(46)) - raft.server.log.statemachine.data.caching.enabled = true (custom)
2024-01-18 21:15:27,517 [2f0c8443-6075-4928-968f-8dc1a7be92bb-groupManagement] INFO  segmented.SegmentedRaftLogWorker (SegmentedRaftLogWorker.java:lambda$new$0(134)) - 2f0c8443-6075-4928-968f-8dc1a7be92bb@group-26E5762860C1-SegmentedRaftLogWorker: flushIndex: setUnconditionally 0 -> -1
2024-01-18 21:15:27,517 [2f0c8443-6075-4928-968f-8dc1a7be92bb-groupManagement] INFO  segmented.SegmentedRaftLogWorker (SegmentedRaftLogWorker.java:lambda$new$0(134)) - 2f0c8443-6075-4928-968f-8dc1a7be92bb@group-26E5762860C1-SegmentedRaftLogWorker: safeCacheEvictIndex: setUnconditionally 0 -> -1
2024-01-18 21:15:27,517 [2f0c8443-6075-4928-968f-8dc1a7be92bb-groupManagement] INFO  server.RaftServer$Division (RaftServerImpl.java:start(396)) - 2f0c8443-6075-4928-968f-8dc1a7be92bb@group-26E5762860C1: start as a follower, conf=-1: peers:[3df0e54a-fa0a-4d1f-902e-c3368fd6cf67|10.1.0.44:15415, 7adc501f-70c9-4652-b7fc-e7afe3d76740|10.1.0.44:15406, 2f0c8443-6075-4928-968f-8dc1a7be92bb|10.1.0.44:15397]|listeners:[], old=null
2024-01-18 21:15:27,517 [2f0c8443-6075-4928-968f-8dc1a7be92bb-groupManagement] INFO  server.RaftServer$Division (RaftServerImpl.java:setRole(383)) - 2f0c8443-6075-4928-968f-8dc1a7be92bb@group-26E5762860C1: changes role from      null to FOLLOWER at term 0 for startAsFollower
2024-01-18 21:15:27,517 [2f0c8443-6075-4928-968f-8dc1a7be92bb-groupManagement] INFO  impl.RoleInfo (RoleInfo.java:updateAndGet(139)) - 2f0c8443-6075-4928-968f-8dc1a7be92bb: start 2f0c8443-6075-4928-968f-8dc1a7be92bb@group-26E5762860C1-FollowerState
2024-01-18 21:15:27,518 [2f0c8443-6075-4928-968f-8dc1a7be92bb-groupManagement] INFO  util.JmxRegister (JmxRegister.java:tryRegister(44)) - Successfully registered JMX Bean with object name Ratis:service=RaftServer,group=group-26E5762860C1,id=2f0c8443-6075-4928-968f-8dc1a7be92bb
2024-01-18 21:15:27,518 [2f0c8443-6075-4928-968f-8dc1a7be92bb-groupManagement] INFO  server.RaftServerConfigKeys (ConfUtils.java:logGet(46)) - raft.server.snapshot.trigger-when-stop.enabled = true (default)
2024-01-18 21:15:27,518 [2f0c8443-6075-4928-968f-8dc1a7be92bb-groupManagement] INFO  server.RaftServerConfigKeys (ConfUtils.java:logGet(46)) - raft.server.snapshot.auto.trigger.enabled = true (custom)
2024-01-18 21:15:27,518 [2f0c8443-6075-4928-968f-8dc1a7be92bb-groupManagement] INFO  server.RaftServerConfigKeys (ConfUtils.java:logGet(46)) - raft.server.snapshot.auto.trigger.threshold = 10000 (custom)
2024-01-18 21:15:27,518 [2f0c8443-6075-4928-968f-8dc1a7be92bb-groupManagement] INFO  server.RaftServerConfigKeys (ConfUtils.java:logGet(46)) - raft.server.snapshot.retention.file.num = 5 (custom)
2024-01-18 21:15:27,518 [2f0c8443-6075-4928-968f-8dc1a7be92bb-groupManagement] INFO  server.RaftServerConfigKeys (ConfUtils.java:logGet(46)) - raft.server.log.purge.upto.snapshot.index = false (default)
2024-01-18 21:15:27,518 [2f0c8443-6075-4928-968f-8dc1a7be92bb@group-26E5762860C1-FollowerState] INFO  server.RaftServerConfigKeys (ConfUtils.java:logFallback(53)) - raft.server.rpc.first-election.timeout.min = 5s (fallback to raft.server.rpc.timeout.min)
2024-01-18 21:15:27,518 [2f0c8443-6075-4928-968f-8dc1a7be92bb-PipelineCommandHandlerThread-0] INFO  ratis.XceiverServerRatis (XceiverServerRatis.java:addGroup(842)) - Created group PipelineID=2ed116e4-c7a3-422f-acc4-26e5762860c1
2024-01-18 21:15:27,518 [2f0c8443-6075-4928-968f-8dc1a7be92bb@group-26E5762860C1-FollowerState] INFO  server.RaftServerConfigKeys (ConfUtils.java:logFallback(53)) - raft.server.rpc.first-election.timeout.max = 5200ms (fallback to raft.server.rpc.timeout.max)
2024-01-18 21:15:27,524 [grpc-default-executor-3] INFO  server.RaftServer (RaftServerProxy.java:addNew(100)) - 7adc501f-70c9-4652-b7fc-e7afe3d76740: addNew group-26E5762860C1:[3df0e54a-fa0a-4d1f-902e-c3368fd6cf67|10.1.0.44:15415, 7adc501f-70c9-4652-b7fc-e7afe3d76740|10.1.0.44:15406, 2f0c8443-6075-4928-968f-8dc1a7be92bb|10.1.0.44:15397] returns group-26E5762860C1:java.util.concurrent.CompletableFuture@28b0167c[Not completed]
2024-01-18 21:15:27,525 [7adc501f-70c9-4652-b7fc-e7afe3d76740-groupManagement] INFO  server.RaftServer$Division (RaftServerImpl.java:<init>(256)) - 7adc501f-70c9-4652-b7fc-e7afe3d76740: new RaftServerImpl for group-26E5762860C1:[3df0e54a-fa0a-4d1f-902e-c3368fd6cf67|10.1.0.44:15415, 7adc501f-70c9-4652-b7fc-e7afe3d76740|10.1.0.44:15406, 2f0c8443-6075-4928-968f-8dc1a7be92bb|10.1.0.44:15397] with ContainerStateMachine:uninitialized
2024-01-18 21:15:27,525 [7adc501f-70c9-4652-b7fc-e7afe3d76740-groupManagement] INFO  server.RaftServerConfigKeys (ConfUtils.java:logGet(46)) - raft.server.rpc.timeout.min = 5s (custom)
2024-01-18 21:15:27,525 [7adc501f-70c9-4652-b7fc-e7afe3d76740-groupManagement] INFO  server.RaftServerConfigKeys (ConfUtils.java:logGet(46)) - raft.server.rpc.timeout.max = 5200ms (custom)
2024-01-18 21:15:27,525 [7adc501f-70c9-4652-b7fc-e7afe3d76740-groupManagement] INFO  server.RaftServerConfigKeys (ConfUtils.java:logGet(46)) - raft.server.rpc.sleep.time = 25ms (default)
2024-01-18 21:15:27,525 [7adc501f-70c9-4652-b7fc-e7afe3d76740-groupManagement] INFO  server.RaftServerConfigKeys (ConfUtils.java:logGet(46)) - raft.server.rpc.slowness.timeout = 300000ms (custom)
2024-01-18 21:15:27,525 [7adc501f-70c9-4652-b7fc-e7afe3d76740-groupManagement] INFO  server.RaftServerConfigKeys (ConfUtils.java:logGet(46)) - raft.server.leaderelection.leader.step-down.wait-time = 10s (default)
2024-01-18 21:15:27,525 [7adc501f-70c9-4652-b7fc-e7afe3d76740-groupManagement] INFO  server.RaftServerConfigKeys (ConfUtils.java:logGet(46)) - raft.server.leaderelection.member.majority-add = false (default)
2024-01-18 21:15:27,525 [7adc501f-70c9-4652-b7fc-e7afe3d76740-groupManagement] INFO  server.RaftServerConfigKeys (ConfUtils.java:logGet(46)) - raft.server.sleep.deviation.threshold = 300ms (default)
2024-01-18 21:15:27,525 [7adc501f-70c9-4652-b7fc-e7afe3d76740-groupManagement] INFO  server.RaftServer$Division (ServerState.java:<init>(113)) - 7adc501f-70c9-4652-b7fc-e7afe3d76740@group-26E5762860C1: ConfigurationManager, init=-1: peers:[3df0e54a-fa0a-4d1f-902e-c3368fd6cf67|10.1.0.44:15415, 7adc501f-70c9-4652-b7fc-e7afe3d76740|10.1.0.44:15406, 2f0c8443-6075-4928-968f-8dc1a7be92bb|10.1.0.44:15397]|listeners:[], old=null, confs=<EMPTY_MAP>
2024-01-18 21:15:27,525 [7adc501f-70c9-4652-b7fc-e7afe3d76740-groupManagement] INFO  server.RaftServerConfigKeys (ConfUtils.java:logGet(46)) - raft.server.notification.no-leader.timeout = 300000ms (custom)
2024-01-18 21:15:27,525 [7adc501f-70c9-4652-b7fc-e7afe3d76740-groupManagement] INFO  server.RaftServerConfigKeys (ConfUtils.java:logGet(46)) - raft.server.read.timeout = 10s (default)
2024-01-18 21:15:27,525 [7adc501f-70c9-4652-b7fc-e7afe3d76740-groupManagement] INFO  server.RaftServerConfigKeys (ConfUtils.java:logGet(46)) - raft.server.retrycache.expirytime = 600000ms (custom)
2024-01-18 21:15:27,525 [7adc501f-70c9-4652-b7fc-e7afe3d76740-groupManagement] INFO  server.RaftServerConfigKeys (ConfUtils.java:logGet(46)) - raft.server.retrycache.statistics.expirytime = 100ms (default)
2024-01-18 21:15:27,525 [7adc501f-70c9-4652-b7fc-e7afe3d76740-groupManagement] INFO  server.RaftServerConfigKeys (ConfUtils.java:logGet(46)) - raft.server.read.option = DEFAULT (default)
2024-01-18 21:15:27,525 [7adc501f-70c9-4652-b7fc-e7afe3d76740-groupManagement] INFO  server.RaftServerConfigKeys (ConfUtils.java:logGet(46)) - raft.server.read.read-after-write-consistent.write-index-cache.expiry-time = 60s (default)
2024-01-18 21:15:27,527 [7adc501f-70c9-4652-b7fc-e7afe3d76740-groupManagement] INFO  server.RaftServerConfigKeys (ConfUtils.java:logGet(46)) - raft.server.rpc.request.timeout = 3000ms (default)
2024-01-18 21:15:27,527 [7adc501f-70c9-4652-b7fc-e7afe3d76740-groupManagement] INFO  server.RaftServerConfigKeys (ConfUtils.java:logGet(46)) - raft.server.log.appender.install.snapshot.enabled = false (custom)
2024-01-18 21:15:27,527 [7adc501f-70c9-4652-b7fc-e7afe3d76740-groupManagement] INFO  server.RaftServerConfigKeys (ConfUtils.java:logGet(46)) - raft.server.threadpool.server.cached = true (default)
2024-01-18 21:15:27,527 [7adc501f-70c9-4652-b7fc-e7afe3d76740-groupManagement] INFO  server.RaftServerConfigKeys (ConfUtils.java:logGet(46)) - raft.server.threadpool.server.size = 0 (default)
2024-01-18 21:15:27,527 [7adc501f-70c9-4652-b7fc-e7afe3d76740-groupManagement] INFO  server.RaftServerConfigKeys (ConfUtils.java:logGet(46)) - raft.server.threadpool.client.cached = true (default)
2024-01-18 21:15:27,527 [7adc501f-70c9-4652-b7fc-e7afe3d76740-groupManagement] INFO  server.RaftServerConfigKeys (ConfUtils.java:logGet(46)) - raft.server.threadpool.client.size = 0 (default)
2024-01-18 21:15:27,527 [7adc501f-70c9-4652-b7fc-e7afe3d76740-groupManagement] INFO  server.RaftServerConfigKeys (ConfUtils.java:logGet(46)) - raft.server.storage.free-space.min = 0MB (=0) (default)
2024-01-18 21:15:27,527 [7adc501f-70c9-4652-b7fc-e7afe3d76740-groupManagement] INFO  server.RaftServerConfigKeys (ConfUtils.java:logGet(46)) - raft.server.log.corruption.policy = EXCEPTION (default)
2024-01-18 21:15:27,527 [7adc501f-70c9-4652-b7fc-e7afe3d76740-groupManagement] INFO  server.RaftServerConfigKeys (ConfUtils.java:logGet(46)) - raft.server.storage.dir = [/home/runner/work/ozone/ozone/hadoop-ozone/integration-test/target/test-dir/MiniOzoneClusterImpl-df9b5de2-b041-43db-b9a6-571161098f76/datanode-4/data/ratis] (custom)
2024-01-18 21:15:27,527 [7adc501f-70c9-4652-b7fc-e7afe3d76740-groupManagement] INFO  storage.RaftStorageDirectory (RaftStorageDirectoryImpl.java:analyzeStorage(138)) - The storage directory /home/runner/work/ozone/ozone/hadoop-ozone/integration-test/target/test-dir/MiniOzoneClusterImpl-df9b5de2-b041-43db-b9a6-571161098f76/datanode-4/data/ratis/2ed116e4-c7a3-422f-acc4-26e5762860c1 does not exist. Creating ...
2024-01-18 21:15:27,528 [7adc501f-70c9-4652-b7fc-e7afe3d76740-groupManagement] INFO  storage.RaftStorageDirectory (RaftStorageDirectoryImpl.java:tryLock(228)) - Lock on /home/runner/work/ozone/ozone/hadoop-ozone/integration-test/target/test-dir/MiniOzoneClusterImpl-df9b5de2-b041-43db-b9a6-571161098f76/datanode-4/data/ratis/2ed116e4-c7a3-422f-acc4-26e5762860c1/in_use.lock acquired by nodename 70315@fv-az776-647
2024-01-18 21:15:27,529 [7adc501f-70c9-4652-b7fc-e7afe3d76740-groupManagement] INFO  storage.RaftStorage (RaftStorageImpl.java:format(99)) - Storage directory /home/runner/work/ozone/ozone/hadoop-ozone/integration-test/target/test-dir/MiniOzoneClusterImpl-df9b5de2-b041-43db-b9a6-571161098f76/datanode-4/data/ratis/2ed116e4-c7a3-422f-acc4-26e5762860c1 has been successfully formatted.
2024-01-18 21:15:27,529 [7adc501f-70c9-4652-b7fc-e7afe3d76740-groupManagement] WARN  util.FileUtils (LogUtils.java:supplyAndLog(63)) - Failed to Files.newInputStream /home/runner/work/ozone/ozone/hadoop-ozone/integration-test/target/test-dir/MiniOzoneClusterImpl-df9b5de2-b041-43db-b9a6-571161098f76/datanode-4/data/ratis/2ed116e4-c7a3-422f-acc4-26e5762860c1/current/raft-meta.conf with options []: java.nio.file.NoSuchFileException: /home/runner/work/ozone/ozone/hadoop-ozone/integration-test/target/test-dir/MiniOzoneClusterImpl-df9b5de2-b041-43db-b9a6-571161098f76/datanode-4/data/ratis/2ed116e4-c7a3-422f-acc4-26e5762860c1/current/raft-meta.conf
2024-01-18 21:15:27,530 [7adc501f-70c9-4652-b7fc-e7afe3d76740-groupManagement] INFO  ratis.ContainerStateMachine (ContainerStateMachine.java:loadSnapshot(287)) - group-26E5762860C1: The snapshot info is null. Setting the last applied index to:(t:0, i:~)
2024-01-18 21:15:27,530 [7adc501f-70c9-4652-b7fc-e7afe3d76740-groupManagement] INFO  server.RaftServerConfigKeys (ConfUtils.java:logGet(46)) - raft.server.log.use.memory = false (default)
2024-01-18 21:15:27,530 [7adc501f-70c9-4652-b7fc-e7afe3d76740-groupManagement] INFO  server.RaftServerConfigKeys (ConfUtils.java:logGet(46)) - raft.server.log.purge.gap = 1000000 (custom)
2024-01-18 21:15:27,530 [7adc501f-70c9-4652-b7fc-e7afe3d76740-groupManagement] INFO  server.RaftServerConfigKeys (ConfUtils.java:logGet(46)) - raft.server.log.appender.buffer.byte-limit = 8388608 (custom)
2024-01-18 21:15:27,530 [7adc501f-70c9-4652-b7fc-e7afe3d76740-groupManagement] INFO  server.RaftServerConfigKeys (ConfUtils.java:logGet(46)) - raft.server.log.statemachine.data.read.timeout = 1000ms (default)
2024-01-18 21:15:27,530 [7adc501f-70c9-4652-b7fc-e7afe3d76740-groupManagement] INFO  server.RaftServerConfigKeys (ConfUtils.java:logGet(46)) - raft.server.log.purge.preservation.log.num = 0 (default)
2024-01-18 21:15:27,531 [7adc501f-70c9-4652-b7fc-e7afe3d76740-groupManagement] INFO  server.RaftServerConfigKeys (ConfUtils.java:logGet(46)) - raft.server.log.segment.size.max = 67108864 (custom)
2024-01-18 21:15:27,531 [7adc501f-70c9-4652-b7fc-e7afe3d76740-groupManagement] INFO  server.RaftServerConfigKeys (ConfUtils.java:logGet(46)) - raft.server.log.segment.cache.num.max = 2 (custom)
2024-01-18 21:15:27,531 [7adc501f-70c9-4652-b7fc-e7afe3d76740-groupManagement] INFO  server.RaftServerConfigKeys (ConfUtils.java:logGet(46)) - raft.server.log.segment.cache.size.max = 200MB (=209715200) (default)
2024-01-18 21:15:27,531 [7adc501f-70c9-4652-b7fc-e7afe3d76740-groupManagement] INFO  server.RaftServerConfigKeys (ConfUtils.java:logGet(46)) - raft.server.log.appender.buffer.byte-limit = 8388608 (custom)
2024-01-18 21:15:27,531 [7adc501f-70c9-4652-b7fc-e7afe3d76740-groupManagement] INFO  util.AwaitToRun (AwaitToRun.java:start(81)) - Thread[7adc501f-70c9-4652-b7fc-e7afe3d76740@group-26E5762860C1-cacheEviction-AwaitToRun,5,main] started
2024-01-18 21:15:27,531 [7adc501f-70c9-4652-b7fc-e7afe3d76740-groupManagement] INFO  segmented.SegmentedRaftLogWorker (SegmentedRaftLogWorker.java:<init>(182)) - new 7adc501f-70c9-4652-b7fc-e7afe3d76740@group-26E5762860C1-SegmentedRaftLogWorker for RaftStorageImpl:Storage Directory /home/runner/work/ozone/ozone/hadoop-ozone/integration-test/target/test-dir/MiniOzoneClusterImpl-df9b5de2-b041-43db-b9a6-571161098f76/datanode-4/data/ratis/2ed116e4-c7a3-422f-acc4-26e5762860c1
2024-01-18 21:15:27,532 [7adc501f-70c9-4652-b7fc-e7afe3d76740-groupManagement] INFO  server.RaftServerConfigKeys (ConfUtils.java:logGet(46)) - raft.server.log.queue.byte-limit = 4294967296 (custom)
2024-01-18 21:15:27,532 [7adc501f-70c9-4652-b7fc-e7afe3d76740-groupManagement] INFO  server.RaftServerConfigKeys (ConfUtils.java:logGet(46)) - raft.server.log.queue.element-limit = 1024 (custom)
2024-01-18 21:15:27,532 [7adc501f-70c9-4652-b7fc-e7afe3d76740-groupManagement] INFO  server.RaftServerConfigKeys (ConfUtils.java:logGet(46)) - raft.server.log.segment.size.max = 67108864 (custom)
2024-01-18 21:15:27,532 [7adc501f-70c9-4652-b7fc-e7afe3d76740-groupManagement] INFO  server.RaftServerConfigKeys (ConfUtils.java:logGet(46)) - raft.server.log.preallocated.size = 4194304 (custom)
2024-01-18 21:15:27,532 [7adc501f-70c9-4652-b7fc-e7afe3d76740-groupManagement] INFO  server.RaftServerConfigKeys (ConfUtils.java:logGet(46)) - raft.server.log.force.sync.num = 128 (default)
2024-01-18 21:15:27,532 [7adc501f-70c9-4652-b7fc-e7afe3d76740-groupManagement] INFO  server.RaftServerConfigKeys (ConfUtils.java:logGet(46)) - raft.server.log.statemachine.data.sync = true (default)
2024-01-18 21:15:27,532 [7adc501f-70c9-4652-b7fc-e7afe3d76740-groupManagement] INFO  server.RaftServerConfigKeys (ConfUtils.java:logGet(46)) - raft.server.log.statemachine.data.sync.timeout = 10s (default)
2024-01-18 21:15:27,532 [7adc501f-70c9-4652-b7fc-e7afe3d76740-groupManagement] INFO  server.RaftServerConfigKeys (ConfUtils.java:logGet(46)) - raft.server.log.statemachine.data.sync.timeout.retry = 0 (custom)
2024-01-18 21:15:27,532 [7adc501f-70c9-4652-b7fc-e7afe3d76740-groupManagement] INFO  server.RaftServerConfigKeys (ConfUtils.java:logGet(46)) - raft.server.log.write.buffer.size = 8388616 (custom)
2024-01-18 21:15:27,533 [7adc501f-70c9-4652-b7fc-e7afe3d76740-groupManagement] INFO  server.RaftServerConfigKeys (ConfUtils.java:logGet(46)) - raft.server.log.appender.buffer.byte-limit = 8388608 (custom)
2024-01-18 21:15:27,533 [7adc501f-70c9-4652-b7fc-e7afe3d76740-groupManagement] INFO  server.RaftServerConfigKeys (ConfUtils.java:logGet(46)) - raft.server.log.unsafe-flush.enabled = false (default)
2024-01-18 21:15:27,533 [7adc501f-70c9-4652-b7fc-e7afe3d76740-groupManagement] INFO  server.RaftServerConfigKeys (ConfUtils.java:logGet(46)) - raft.server.log.async-flush.enabled = false (default)
2024-01-18 21:15:27,533 [7adc501f-70c9-4652-b7fc-e7afe3d76740-groupManagement] INFO  server.RaftServerConfigKeys (ConfUtils.java:logGet(46)) - raft.server.log.statemachine.data.caching.enabled = true (custom)
2024-01-18 21:15:27,533 [7adc501f-70c9-4652-b7fc-e7afe3d76740-groupManagement] INFO  segmented.SegmentedRaftLogWorker (SegmentedRaftLogWorker.java:lambda$new$0(134)) - 7adc501f-70c9-4652-b7fc-e7afe3d76740@group-26E5762860C1-SegmentedRaftLogWorker: flushIndex: setUnconditionally 0 -> -1
2024-01-18 21:15:27,533 [7adc501f-70c9-4652-b7fc-e7afe3d76740-groupManagement] INFO  segmented.SegmentedRaftLogWorker (SegmentedRaftLogWorker.java:lambda$new$0(134)) - 7adc501f-70c9-4652-b7fc-e7afe3d76740@group-26E5762860C1-SegmentedRaftLogWorker: safeCacheEvictIndex: setUnconditionally 0 -> -1
2024-01-18 21:15:27,534 [7adc501f-70c9-4652-b7fc-e7afe3d76740-groupManagement] INFO  server.RaftServer$Division (RaftServerImpl.java:start(396)) - 7adc501f-70c9-4652-b7fc-e7afe3d76740@group-26E5762860C1: start as a follower, conf=-1: peers:[3df0e54a-fa0a-4d1f-902e-c3368fd6cf67|10.1.0.44:15415, 7adc501f-70c9-4652-b7fc-e7afe3d76740|10.1.0.44:15406, 2f0c8443-6075-4928-968f-8dc1a7be92bb|10.1.0.44:15397]|listeners:[], old=null
2024-01-18 21:15:27,534 [7adc501f-70c9-4652-b7fc-e7afe3d76740-groupManagement] INFO  server.RaftServer$Division (RaftServerImpl.java:setRole(383)) - 7adc501f-70c9-4652-b7fc-e7afe3d76740@group-26E5762860C1: changes role from      null to FOLLOWER at term 0 for startAsFollower
2024-01-18 21:15:27,534 [7adc501f-70c9-4652-b7fc-e7afe3d76740-groupManagement] INFO  impl.RoleInfo (RoleInfo.java:updateAndGet(139)) - 7adc501f-70c9-4652-b7fc-e7afe3d76740: start 7adc501f-70c9-4652-b7fc-e7afe3d76740@group-26E5762860C1-FollowerState
2024-01-18 21:15:27,534 [7adc501f-70c9-4652-b7fc-e7afe3d76740@group-26E5762860C1-FollowerState] INFO  server.RaftServerConfigKeys (ConfUtils.java:logFallback(53)) - raft.server.rpc.first-election.timeout.min = 5s (fallback to raft.server.rpc.timeout.min)
2024-01-18 21:15:27,534 [7adc501f-70c9-4652-b7fc-e7afe3d76740-groupManagement] INFO  util.JmxRegister (JmxRegister.java:tryRegister(44)) - Successfully registered JMX Bean with object name Ratis:service=RaftServer,group=group-26E5762860C1,id=7adc501f-70c9-4652-b7fc-e7afe3d76740
2024-01-18 21:15:27,534 [7adc501f-70c9-4652-b7fc-e7afe3d76740@group-26E5762860C1-FollowerState] INFO  server.RaftServerConfigKeys (ConfUtils.java:logFallback(53)) - raft.server.rpc.first-election.timeout.max = 5200ms (fallback to raft.server.rpc.timeout.max)
2024-01-18 21:15:27,534 [7adc501f-70c9-4652-b7fc-e7afe3d76740-groupManagement] INFO  server.RaftServerConfigKeys (ConfUtils.java:logGet(46)) - raft.server.snapshot.trigger-when-stop.enabled = true (default)
2024-01-18 21:15:27,534 [7adc501f-70c9-4652-b7fc-e7afe3d76740-groupManagement] INFO  server.RaftServerConfigKeys (ConfUtils.java:logGet(46)) - raft.server.snapshot.auto.trigger.enabled = true (custom)
2024-01-18 21:15:27,534 [7adc501f-70c9-4652-b7fc-e7afe3d76740-groupManagement] INFO  server.RaftServerConfigKeys (ConfUtils.java:logGet(46)) - raft.server.snapshot.auto.trigger.threshold = 10000 (custom)
2024-01-18 21:15:27,534 [7adc501f-70c9-4652-b7fc-e7afe3d76740-groupManagement] INFO  server.RaftServerConfigKeys (ConfUtils.java:logGet(46)) - raft.server.snapshot.retention.file.num = 5 (custom)
2024-01-18 21:15:27,534 [7adc501f-70c9-4652-b7fc-e7afe3d76740-groupManagement] INFO  server.RaftServerConfigKeys (ConfUtils.java:logGet(46)) - raft.server.log.purge.upto.snapshot.index = false (default)
2024-01-18 21:15:27,542 [grpc-default-executor-3] INFO  server.RaftServer (RaftServerProxy.java:addNew(100)) - 3df0e54a-fa0a-4d1f-902e-c3368fd6cf67: addNew group-26E5762860C1:[3df0e54a-fa0a-4d1f-902e-c3368fd6cf67|10.1.0.44:15415, 7adc501f-70c9-4652-b7fc-e7afe3d76740|10.1.0.44:15406, 2f0c8443-6075-4928-968f-8dc1a7be92bb|10.1.0.44:15397] returns group-26E5762860C1:java.util.concurrent.CompletableFuture@61de2618[Not completed]
2024-01-18 21:15:27,542 [3df0e54a-fa0a-4d1f-902e-c3368fd6cf67-groupManagement] INFO  server.RaftServer$Division (RaftServerImpl.java:<init>(256)) - 3df0e54a-fa0a-4d1f-902e-c3368fd6cf67: new RaftServerImpl for group-26E5762860C1:[3df0e54a-fa0a-4d1f-902e-c3368fd6cf67|10.1.0.44:15415, 7adc501f-70c9-4652-b7fc-e7afe3d76740|10.1.0.44:15406, 2f0c8443-6075-4928-968f-8dc1a7be92bb|10.1.0.44:15397] with ContainerStateMachine:uninitialized
2024-01-18 21:15:27,542 [3df0e54a-fa0a-4d1f-902e-c3368fd6cf67-groupManagement] INFO  server.RaftServerConfigKeys (ConfUtils.java:logGet(46)) - raft.server.rpc.timeout.min = 5s (custom)
2024-01-18 21:15:27,542 [3df0e54a-fa0a-4d1f-902e-c3368fd6cf67-groupManagement] INFO  server.RaftServerConfigKeys (ConfUtils.java:logGet(46)) - raft.server.rpc.timeout.max = 5200ms (custom)
2024-01-18 21:15:27,542 [3df0e54a-fa0a-4d1f-902e-c3368fd6cf67-groupManagement] INFO  server.RaftServerConfigKeys (ConfUtils.java:logGet(46)) - raft.server.rpc.sleep.time = 25ms (default)
2024-01-18 21:15:27,542 [3df0e54a-fa0a-4d1f-902e-c3368fd6cf67-groupManagement] INFO  server.RaftServerConfigKeys (ConfUtils.java:logGet(46)) - raft.server.rpc.slowness.timeout = 300000ms (custom)
2024-01-18 21:15:27,542 [3df0e54a-fa0a-4d1f-902e-c3368fd6cf67-groupManagement] INFO  server.RaftServerConfigKeys (ConfUtils.java:logGet(46)) - raft.server.leaderelection.leader.step-down.wait-time = 10s (default)
2024-01-18 21:15:27,542 [3df0e54a-fa0a-4d1f-902e-c3368fd6cf67-groupManagement] INFO  server.RaftServerConfigKeys (ConfUtils.java:logGet(46)) - raft.server.leaderelection.member.majority-add = false (default)
2024-01-18 21:15:27,542 [3df0e54a-fa0a-4d1f-902e-c3368fd6cf67-groupManagement] INFO  server.RaftServerConfigKeys (ConfUtils.java:logGet(46)) - raft.server.sleep.deviation.threshold = 300ms (default)
2024-01-18 21:15:27,542 [3df0e54a-fa0a-4d1f-902e-c3368fd6cf67-groupManagement] INFO  server.RaftServer$Division (ServerState.java:<init>(113)) - 3df0e54a-fa0a-4d1f-902e-c3368fd6cf67@group-26E5762860C1: ConfigurationManager, init=-1: peers:[3df0e54a-fa0a-4d1f-902e-c3368fd6cf67|10.1.0.44:15415, 7adc501f-70c9-4652-b7fc-e7afe3d76740|10.1.0.44:15406, 2f0c8443-6075-4928-968f-8dc1a7be92bb|10.1.0.44:15397]|listeners:[], old=null, confs=<EMPTY_MAP>
2024-01-18 21:15:27,543 [3df0e54a-fa0a-4d1f-902e-c3368fd6cf67-groupManagement] INFO  server.RaftServerConfigKeys (ConfUtils.java:logGet(46)) - raft.server.notification.no-leader.timeout = 300000ms (custom)
2024-01-18 21:15:27,543 [3df0e54a-fa0a-4d1f-902e-c3368fd6cf67-groupManagement] INFO  server.RaftServerConfigKeys (ConfUtils.java:logGet(46)) - raft.server.read.timeout = 10s (default)
2024-01-18 21:15:27,543 [3df0e54a-fa0a-4d1f-902e-c3368fd6cf67-groupManagement] INFO  server.RaftServerConfigKeys (ConfUtils.java:logGet(46)) - raft.server.retrycache.expirytime = 600000ms (custom)
2024-01-18 21:15:27,543 [3df0e54a-fa0a-4d1f-902e-c3368fd6cf67-groupManagement] INFO  server.RaftServerConfigKeys (ConfUtils.java:logGet(46)) - raft.server.retrycache.statistics.expirytime = 100ms (default)
2024-01-18 21:15:27,543 [3df0e54a-fa0a-4d1f-902e-c3368fd6cf67-groupManagement] INFO  server.RaftServerConfigKeys (ConfUtils.java:logGet(46)) - raft.server.read.option = DEFAULT (default)
2024-01-18 21:15:27,543 [3df0e54a-fa0a-4d1f-902e-c3368fd6cf67-groupManagement] INFO  server.RaftServerConfigKeys (ConfUtils.java:logGet(46)) - raft.server.read.read-after-write-consistent.write-index-cache.expiry-time = 60s (default)
2024-01-18 21:15:27,544 [3df0e54a-fa0a-4d1f-902e-c3368fd6cf67-groupManagement] INFO  server.RaftServerConfigKeys (ConfUtils.java:logGet(46)) - raft.server.rpc.request.timeout = 3000ms (default)
2024-01-18 21:15:27,544 [3df0e54a-fa0a-4d1f-902e-c3368fd6cf67-groupManagement] INFO  server.RaftServerConfigKeys (ConfUtils.java:logGet(46)) - raft.server.log.appender.install.snapshot.enabled = false (custom)
2024-01-18 21:15:27,544 [3df0e54a-fa0a-4d1f-902e-c3368fd6cf67-groupManagement] INFO  server.RaftServerConfigKeys (ConfUtils.java:logGet(46)) - raft.server.threadpool.server.cached = true (default)
2024-01-18 21:15:27,544 [3df0e54a-fa0a-4d1f-902e-c3368fd6cf67-groupManagement] INFO  server.RaftServerConfigKeys (ConfUtils.java:logGet(46)) - raft.server.threadpool.server.size = 0 (default)
2024-01-18 21:15:27,544 [3df0e54a-fa0a-4d1f-902e-c3368fd6cf67-groupManagement] INFO  server.RaftServerConfigKeys (ConfUtils.java:logGet(46)) - raft.server.threadpool.client.cached = true (default)
2024-01-18 21:15:27,544 [3df0e54a-fa0a-4d1f-902e-c3368fd6cf67-groupManagement] INFO  server.RaftServerConfigKeys (ConfUtils.java:logGet(46)) - raft.server.threadpool.client.size = 0 (default)
2024-01-18 21:15:27,544 [3df0e54a-fa0a-4d1f-902e-c3368fd6cf67-groupManagement] INFO  server.RaftServerConfigKeys (ConfUtils.java:logGet(46)) - raft.server.storage.free-space.min = 0MB (=0) (default)
2024-01-18 21:15:27,544 [3df0e54a-fa0a-4d1f-902e-c3368fd6cf67-groupManagement] INFO  server.RaftServerConfigKeys (ConfUtils.java:logGet(46)) - raft.server.log.corruption.policy = EXCEPTION (default)
2024-01-18 21:15:27,544 [3df0e54a-fa0a-4d1f-902e-c3368fd6cf67-groupManagement] INFO  server.RaftServerConfigKeys (ConfUtils.java:logGet(46)) - raft.server.storage.dir = [/home/runner/work/ozone/ozone/hadoop-ozone/integration-test/target/test-dir/MiniOzoneClusterImpl-df9b5de2-b041-43db-b9a6-571161098f76/datanode-5/data/ratis] (custom)
2024-01-18 21:15:27,545 [3df0e54a-fa0a-4d1f-902e-c3368fd6cf67-groupManagement] INFO  storage.RaftStorageDirectory (RaftStorageDirectoryImpl.java:analyzeStorage(138)) - The storage directory /home/runner/work/ozone/ozone/hadoop-ozone/integration-test/target/test-dir/MiniOzoneClusterImpl-df9b5de2-b041-43db-b9a6-571161098f76/datanode-5/data/ratis/2ed116e4-c7a3-422f-acc4-26e5762860c1 does not exist. Creating ...
2024-01-18 21:15:27,545 [3df0e54a-fa0a-4d1f-902e-c3368fd6cf67-groupManagement] INFO  storage.RaftStorageDirectory (RaftStorageDirectoryImpl.java:tryLock(228)) - Lock on /home/runner/work/ozone/ozone/hadoop-ozone/integration-test/target/test-dir/MiniOzoneClusterImpl-df9b5de2-b041-43db-b9a6-571161098f76/datanode-5/data/ratis/2ed116e4-c7a3-422f-acc4-26e5762860c1/in_use.lock acquired by nodename 70315@fv-az776-647
2024-01-18 21:15:27,546 [3df0e54a-fa0a-4d1f-902e-c3368fd6cf67-groupManagement] INFO  storage.RaftStorage (RaftStorageImpl.java:format(99)) - Storage directory /home/runner/work/ozone/ozone/hadoop-ozone/integration-test/target/test-dir/MiniOzoneClusterImpl-df9b5de2-b041-43db-b9a6-571161098f76/datanode-5/data/ratis/2ed116e4-c7a3-422f-acc4-26e5762860c1 has been successfully formatted.
2024-01-18 21:15:27,546 [3df0e54a-fa0a-4d1f-902e-c3368fd6cf67-groupManagement] WARN  util.FileUtils (LogUtils.java:supplyAndLog(63)) - Failed to Files.newInputStream /home/runner/work/ozone/ozone/hadoop-ozone/integration-test/target/test-dir/MiniOzoneClusterImpl-df9b5de2-b041-43db-b9a6-571161098f76/datanode-5/data/ratis/2ed116e4-c7a3-422f-acc4-26e5762860c1/current/raft-meta.conf with options []: java.nio.file.NoSuchFileException: /home/runner/work/ozone/ozone/hadoop-ozone/integration-test/target/test-dir/MiniOzoneClusterImpl-df9b5de2-b041-43db-b9a6-571161098f76/datanode-5/data/ratis/2ed116e4-c7a3-422f-acc4-26e5762860c1/current/raft-meta.conf
2024-01-18 21:15:27,547 [3df0e54a-fa0a-4d1f-902e-c3368fd6cf67-groupManagement] INFO  ratis.ContainerStateMachine (ContainerStateMachine.java:loadSnapshot(287)) - group-26E5762860C1: The snapshot info is null. Setting the last applied index to:(t:0, i:~)
2024-01-18 21:15:27,547 [3df0e54a-fa0a-4d1f-902e-c3368fd6cf67-groupManagement] INFO  server.RaftServerConfigKeys (ConfUtils.java:logGet(46)) - raft.server.log.use.memory = false (default)
2024-01-18 21:15:27,547 [3df0e54a-fa0a-4d1f-902e-c3368fd6cf67-groupManagement] INFO  server.RaftServerConfigKeys (ConfUtils.java:logGet(46)) - raft.server.log.purge.gap = 1000000 (custom)
2024-01-18 21:15:27,547 [3df0e54a-fa0a-4d1f-902e-c3368fd6cf67-groupManagement] INFO  server.RaftServerConfigKeys (ConfUtils.java:logGet(46)) - raft.server.log.appender.buffer.byte-limit = 8388608 (custom)
2024-01-18 21:15:27,547 [3df0e54a-fa0a-4d1f-902e-c3368fd6cf67-groupManagement] INFO  server.RaftServerConfigKeys (ConfUtils.java:logGet(46)) - raft.server.log.statemachine.data.read.timeout = 1000ms (default)
2024-01-18 21:15:27,547 [3df0e54a-fa0a-4d1f-902e-c3368fd6cf67-groupManagement] INFO  server.RaftServerConfigKeys (ConfUtils.java:logGet(46)) - raft.server.log.purge.preservation.log.num = 0 (default)
2024-01-18 21:15:27,548 [3df0e54a-fa0a-4d1f-902e-c3368fd6cf67-groupManagement] INFO  server.RaftServerConfigKeys (ConfUtils.java:logGet(46)) - raft.server.log.segment.size.max = 67108864 (custom)
2024-01-18 21:15:27,548 [3df0e54a-fa0a-4d1f-902e-c3368fd6cf67-groupManagement] INFO  server.RaftServerConfigKeys (ConfUtils.java:logGet(46)) - raft.server.log.segment.cache.num.max = 2 (custom)
2024-01-18 21:15:27,548 [3df0e54a-fa0a-4d1f-902e-c3368fd6cf67-groupManagement] INFO  server.RaftServerConfigKeys (ConfUtils.java:logGet(46)) - raft.server.log.segment.cache.size.max = 200MB (=209715200) (default)
2024-01-18 21:15:27,548 [3df0e54a-fa0a-4d1f-902e-c3368fd6cf67-groupManagement] INFO  server.RaftServerConfigKeys (ConfUtils.java:logGet(46)) - raft.server.log.appender.buffer.byte-limit = 8388608 (custom)
2024-01-18 21:15:27,548 [3df0e54a-fa0a-4d1f-902e-c3368fd6cf67-groupManagement] INFO  util.AwaitToRun (AwaitToRun.java:start(81)) - Thread[3df0e54a-fa0a-4d1f-902e-c3368fd6cf67@group-26E5762860C1-cacheEviction-AwaitToRun,5,main] started
2024-01-18 21:15:27,548 [3df0e54a-fa0a-4d1f-902e-c3368fd6cf67-groupManagement] INFO  segmented.SegmentedRaftLogWorker (SegmentedRaftLogWorker.java:<init>(182)) - new 3df0e54a-fa0a-4d1f-902e-c3368fd6cf67@group-26E5762860C1-SegmentedRaftLogWorker for RaftStorageImpl:Storage Directory /home/runner/work/ozone/ozone/hadoop-ozone/integration-test/target/test-dir/MiniOzoneClusterImpl-df9b5de2-b041-43db-b9a6-571161098f76/datanode-5/data/ratis/2ed116e4-c7a3-422f-acc4-26e5762860c1
2024-01-18 21:15:27,548 [3df0e54a-fa0a-4d1f-902e-c3368fd6cf67-groupManagement] INFO  server.RaftServerConfigKeys (ConfUtils.java:logGet(46)) - raft.server.log.queue.byte-limit = 4294967296 (custom)
2024-01-18 21:15:27,549 [3df0e54a-fa0a-4d1f-902e-c3368fd6cf67-groupManagement] INFO  server.RaftServerConfigKeys (ConfUtils.java:logGet(46)) - raft.server.log.queue.element-limit = 1024 (custom)
2024-01-18 21:15:27,549 [3df0e54a-fa0a-4d1f-902e-c3368fd6cf67-groupManagement] INFO  server.RaftServerConfigKeys (ConfUtils.java:logGet(46)) - raft.server.log.segment.size.max = 67108864 (custom)
2024-01-18 21:15:27,549 [3df0e54a-fa0a-4d1f-902e-c3368fd6cf67-groupManagement] INFO  server.RaftServerConfigKeys (ConfUtils.java:logGet(46)) - raft.server.log.preallocated.size = 4194304 (custom)
2024-01-18 21:15:27,549 [3df0e54a-fa0a-4d1f-902e-c3368fd6cf67-groupManagement] INFO  server.RaftServerConfigKeys (ConfUtils.java:logGet(46)) - raft.server.log.force.sync.num = 128 (default)
2024-01-18 21:15:27,549 [3df0e54a-fa0a-4d1f-902e-c3368fd6cf67-groupManagement] INFO  server.RaftServerConfigKeys (ConfUtils.java:logGet(46)) - raft.server.log.statemachine.data.sync = true (default)
2024-01-18 21:15:27,549 [3df0e54a-fa0a-4d1f-902e-c3368fd6cf67-groupManagement] INFO  server.RaftServerConfigKeys (ConfUtils.java:logGet(46)) - raft.server.log.statemachine.data.sync.timeout = 10s (default)
2024-01-18 21:15:27,549 [3df0e54a-fa0a-4d1f-902e-c3368fd6cf67-groupManagement] INFO  server.RaftServerConfigKeys (ConfUtils.java:logGet(46)) - raft.server.log.statemachine.data.sync.timeout.retry = 0 (custom)
2024-01-18 21:15:27,549 [3df0e54a-fa0a-4d1f-902e-c3368fd6cf67-groupManagement] INFO  server.RaftServerConfigKeys (ConfUtils.java:logGet(46)) - raft.server.log.write.buffer.size = 8388616 (custom)
2024-01-18 21:15:27,550 [3df0e54a-fa0a-4d1f-902e-c3368fd6cf67-groupManagement] INFO  server.RaftServerConfigKeys (ConfUtils.java:logGet(46)) - raft.server.log.appender.buffer.byte-limit = 8388608 (custom)
2024-01-18 21:15:27,550 [3df0e54a-fa0a-4d1f-902e-c3368fd6cf67-groupManagement] INFO  server.RaftServerConfigKeys (ConfUtils.java:logGet(46)) - raft.server.log.unsafe-flush.enabled = false (default)
2024-01-18 21:15:27,550 [3df0e54a-fa0a-4d1f-902e-c3368fd6cf67-groupManagement] INFO  server.RaftServerConfigKeys (ConfUtils.java:logGet(46)) - raft.server.log.async-flush.enabled = false (default)
2024-01-18 21:15:27,550 [3df0e54a-fa0a-4d1f-902e-c3368fd6cf67-groupManagement] INFO  server.RaftServerConfigKeys (ConfUtils.java:logGet(46)) - raft.server.log.statemachine.data.caching.enabled = true (custom)
2024-01-18 21:15:27,550 [3df0e54a-fa0a-4d1f-902e-c3368fd6cf67-groupManagement] INFO  segmented.SegmentedRaftLogWorker (SegmentedRaftLogWorker.java:lambda$new$0(134)) - 3df0e54a-fa0a-4d1f-902e-c3368fd6cf67@group-26E5762860C1-SegmentedRaftLogWorker: flushIndex: setUnconditionally 0 -> -1
2024-01-18 21:15:27,550 [3df0e54a-fa0a-4d1f-902e-c3368fd6cf67-groupManagement] INFO  segmented.SegmentedRaftLogWorker (SegmentedRaftLogWorker.java:lambda$new$0(134)) - 3df0e54a-fa0a-4d1f-902e-c3368fd6cf67@group-26E5762860C1-SegmentedRaftLogWorker: safeCacheEvictIndex: setUnconditionally 0 -> -1
2024-01-18 21:15:27,551 [3df0e54a-fa0a-4d1f-902e-c3368fd6cf67-groupManagement] INFO  server.RaftServer$Division (RaftServerImpl.java:start(396)) - 3df0e54a-fa0a-4d1f-902e-c3368fd6cf67@group-26E5762860C1: start as a follower, conf=-1: peers:[3df0e54a-fa0a-4d1f-902e-c3368fd6cf67|10.1.0.44:15415, 7adc501f-70c9-4652-b7fc-e7afe3d76740|10.1.0.44:15406, 2f0c8443-6075-4928-968f-8dc1a7be92bb|10.1.0.44:15397]|listeners:[], old=null
2024-01-18 21:15:27,551 [3df0e54a-fa0a-4d1f-902e-c3368fd6cf67-groupManagement] INFO  server.RaftServer$Division (RaftServerImpl.java:setRole(383)) - 3df0e54a-fa0a-4d1f-902e-c3368fd6cf67@group-26E5762860C1: changes role from      null to FOLLOWER at term 0 for startAsFollower
2024-01-18 21:15:27,551 [3df0e54a-fa0a-4d1f-902e-c3368fd6cf67-groupManagement] INFO  impl.RoleInfo (RoleInfo.java:updateAndGet(139)) - 3df0e54a-fa0a-4d1f-902e-c3368fd6cf67: start 3df0e54a-fa0a-4d1f-902e-c3368fd6cf67@group-26E5762860C1-FollowerState
2024-01-18 21:15:27,551 [3df0e54a-fa0a-4d1f-902e-c3368fd6cf67@group-26E5762860C1-FollowerState] INFO  server.RaftServerConfigKeys (ConfUtils.java:logFallback(53)) - raft.server.rpc.first-election.timeout.min = 5s (fallback to raft.server.rpc.timeout.min)
2024-01-18 21:15:27,551 [3df0e54a-fa0a-4d1f-902e-c3368fd6cf67-groupManagement] INFO  util.JmxRegister (JmxRegister.java:tryRegister(44)) - Successfully registered JMX Bean with object name Ratis:service=RaftServer,group=group-26E5762860C1,id=3df0e54a-fa0a-4d1f-902e-c3368fd6cf67
2024-01-18 21:15:27,551 [3df0e54a-fa0a-4d1f-902e-c3368fd6cf67@group-26E5762860C1-FollowerState] INFO  server.RaftServerConfigKeys (ConfUtils.java:logFallback(53)) - raft.server.rpc.first-election.timeout.max = 5200ms (fallback to raft.server.rpc.timeout.max)
2024-01-18 21:15:27,551 [3df0e54a-fa0a-4d1f-902e-c3368fd6cf67-groupManagement] INFO  server.RaftServerConfigKeys (ConfUtils.java:logGet(46)) - raft.server.snapshot.trigger-when-stop.enabled = true (default)
2024-01-18 21:15:27,551 [3df0e54a-fa0a-4d1f-902e-c3368fd6cf67-groupManagement] INFO  server.RaftServerConfigKeys (ConfUtils.java:logGet(46)) - raft.server.snapshot.auto.trigger.enabled = true (custom)
2024-01-18 21:15:27,551 [3df0e54a-fa0a-4d1f-902e-c3368fd6cf67-groupManagement] INFO  server.RaftServerConfigKeys (ConfUtils.java:logGet(46)) - raft.server.snapshot.auto.trigger.threshold = 10000 (custom)
2024-01-18 21:15:27,551 [3df0e54a-fa0a-4d1f-902e-c3368fd6cf67-groupManagement] INFO  server.RaftServerConfigKeys (ConfUtils.java:logGet(46)) - raft.server.snapshot.retention.file.num = 5 (custom)
2024-01-18 21:15:27,551 [3df0e54a-fa0a-4d1f-902e-c3368fd6cf67-groupManagement] INFO  server.RaftServerConfigKeys (ConfUtils.java:logGet(46)) - raft.server.log.purge.upto.snapshot.index = false (default)
2024-01-18 21:15:27,560 [2f0c8443-6075-4928-968f-8dc1a7be92bb-PipelineCommandHandlerThread-0] INFO  commandhandler.CreatePipelineCommandHandler (CreatePipelineCommandHandler.java:lambda$handle$2(124)) - Created Pipeline RATIS THREE PipelineID=2ed116e4-c7a3-422f-acc4-26e5762860c1.
2024-01-18 21:15:27,602 [7adc501f-70c9-4652-b7fc-e7afe3d76740-PipelineCommandHandlerThread-0] INFO  server.RaftServer (RaftServerProxy.java:addNew(100)) - 7adc501f-70c9-4652-b7fc-e7afe3d76740: addNew group-C928E238C9BB:[7adc501f-70c9-4652-b7fc-e7afe3d76740|10.1.0.44:15406] returns group-C928E238C9BB:java.util.concurrent.CompletableFuture@63aa5ae5[Not completed]
2024-01-18 21:15:27,603 [7adc501f-70c9-4652-b7fc-e7afe3d76740-groupManagement] INFO  server.RaftServer$Division (RaftServerImpl.java:<init>(256)) - 7adc501f-70c9-4652-b7fc-e7afe3d76740: new RaftServerImpl for group-C928E238C9BB:[7adc501f-70c9-4652-b7fc-e7afe3d76740|10.1.0.44:15406] with ContainerStateMachine:uninitialized
2024-01-18 21:15:27,603 [7adc501f-70c9-4652-b7fc-e7afe3d76740-groupManagement] INFO  server.RaftServerConfigKeys (ConfUtils.java:logGet(46)) - raft.server.rpc.timeout.min = 5s (custom)
2024-01-18 21:15:27,603 [7adc501f-70c9-4652-b7fc-e7afe3d76740-groupManagement] INFO  server.RaftServerConfigKeys (ConfUtils.java:logGet(46)) - raft.server.rpc.timeout.max = 5200ms (custom)
2024-01-18 21:15:27,603 [7adc501f-70c9-4652-b7fc-e7afe3d76740-groupManagement] INFO  server.RaftServerConfigKeys (ConfUtils.java:logGet(46)) - raft.server.rpc.sleep.time = 25ms (default)
2024-01-18 21:15:27,603 [7adc501f-70c9-4652-b7fc-e7afe3d76740-groupManagement] INFO  server.RaftServerConfigKeys (ConfUtils.java:logGet(46)) - raft.server.rpc.slowness.timeout = 300000ms (custom)
2024-01-18 21:15:27,603 [7adc501f-70c9-4652-b7fc-e7afe3d76740-groupManagement] INFO  server.RaftServerConfigKeys (ConfUtils.java:logGet(46)) - raft.server.leaderelection.leader.step-down.wait-time = 10s (default)
2024-01-18 21:15:27,603 [7adc501f-70c9-4652-b7fc-e7afe3d76740-groupManagement] INFO  server.RaftServerConfigKeys (ConfUtils.java:logGet(46)) - raft.server.leaderelection.member.majority-add = false (default)
2024-01-18 21:15:27,603 [7adc501f-70c9-4652-b7fc-e7afe3d76740-groupManagement] INFO  server.RaftServerConfigKeys (ConfUtils.java:logGet(46)) - raft.server.sleep.deviation.threshold = 300ms (default)
2024-01-18 21:15:27,603 [7adc501f-70c9-4652-b7fc-e7afe3d76740-groupManagement] INFO  server.RaftServer$Division (ServerState.java:<init>(113)) - 7adc501f-70c9-4652-b7fc-e7afe3d76740@group-C928E238C9BB: ConfigurationManager, init=-1: peers:[7adc501f-70c9-4652-b7fc-e7afe3d76740|10.1.0.44:15406]|listeners:[], old=null, confs=<EMPTY_MAP>
2024-01-18 21:15:27,603 [7adc501f-70c9-4652-b7fc-e7afe3d76740-groupManagement] INFO  server.RaftServerConfigKeys (ConfUtils.java:logGet(46)) - raft.server.notification.no-leader.timeout = 300000ms (custom)
2024-01-18 21:15:27,603 [7adc501f-70c9-4652-b7fc-e7afe3d76740-groupManagement] INFO  server.RaftServerConfigKeys (ConfUtils.java:logGet(46)) - raft.server.read.timeout = 10s (default)
2024-01-18 21:15:27,603 [7adc501f-70c9-4652-b7fc-e7afe3d76740-groupManagement] INFO  server.RaftServerConfigKeys (ConfUtils.java:logGet(46)) - raft.server.retrycache.expirytime = 600000ms (custom)
2024-01-18 21:15:27,603 [7adc501f-70c9-4652-b7fc-e7afe3d76740-groupManagement] INFO  server.RaftServerConfigKeys (ConfUtils.java:logGet(46)) - raft.server.retrycache.statistics.expirytime = 100ms (default)
2024-01-18 21:15:27,604 [7adc501f-70c9-4652-b7fc-e7afe3d76740-groupManagement] INFO  server.RaftServerConfigKeys (ConfUtils.java:logGet(46)) - raft.server.read.option = DEFAULT (default)
2024-01-18 21:15:27,604 [7adc501f-70c9-4652-b7fc-e7afe3d76740-groupManagement] INFO  server.RaftServerConfigKeys (ConfUtils.java:logGet(46)) - raft.server.read.read-after-write-consistent.write-index-cache.expiry-time = 60s (default)
2024-01-18 21:15:27,611 [7adc501f-70c9-4652-b7fc-e7afe3d76740-groupManagement] INFO  server.RaftServerConfigKeys (ConfUtils.java:logGet(46)) - raft.server.rpc.request.timeout = 3000ms (default)
2024-01-18 21:15:27,611 [7adc501f-70c9-4652-b7fc-e7afe3d76740-groupManagement] INFO  server.RaftServerConfigKeys (ConfUtils.java:logGet(46)) - raft.server.log.appender.install.snapshot.enabled = false (custom)
2024-01-18 21:15:27,611 [7adc501f-70c9-4652-b7fc-e7afe3d76740-groupManagement] INFO  server.RaftServerConfigKeys (ConfUtils.java:logGet(46)) - raft.server.threadpool.server.cached = true (default)
2024-01-18 21:15:27,611 [7adc501f-70c9-4652-b7fc-e7afe3d76740-groupManagement] INFO  server.RaftServerConfigKeys (ConfUtils.java:logGet(46)) - raft.server.threadpool.server.size = 0 (default)
2024-01-18 21:15:27,612 [7adc501f-70c9-4652-b7fc-e7afe3d76740-groupManagement] INFO  server.RaftServerConfigKeys (ConfUtils.java:logGet(46)) - raft.server.threadpool.client.cached = true (default)
2024-01-18 21:15:27,612 [7adc501f-70c9-4652-b7fc-e7afe3d76740-groupManagement] INFO  server.RaftServerConfigKeys (ConfUtils.java:logGet(46)) - raft.server.threadpool.client.size = 0 (default)
2024-01-18 21:15:27,612 [7adc501f-70c9-4652-b7fc-e7afe3d76740-groupManagement] INFO  server.RaftServerConfigKeys (ConfUtils.java:logGet(46)) - raft.server.storage.free-space.min = 0MB (=0) (default)
2024-01-18 21:15:27,612 [7adc501f-70c9-4652-b7fc-e7afe3d76740-groupManagement] INFO  server.RaftServerConfigKeys (ConfUtils.java:logGet(46)) - raft.server.log.corruption.policy = EXCEPTION (default)
2024-01-18 21:15:27,612 [7adc501f-70c9-4652-b7fc-e7afe3d76740-groupManagement] INFO  server.RaftServerConfigKeys (ConfUtils.java:logGet(46)) - raft.server.storage.dir = [/home/runner/work/ozone/ozone/hadoop-ozone/integration-test/target/test-dir/MiniOzoneClusterImpl-df9b5de2-b041-43db-b9a6-571161098f76/datanode-4/data/ratis] (custom)
2024-01-18 21:15:27,612 [7adc501f-70c9-4652-b7fc-e7afe3d76740-groupManagement] INFO  storage.RaftStorageDirectory (RaftStorageDirectoryImpl.java:analyzeStorage(138)) - The storage directory /home/runner/work/ozone/ozone/hadoop-ozone/integration-test/target/test-dir/MiniOzoneClusterImpl-df9b5de2-b041-43db-b9a6-571161098f76/datanode-4/data/ratis/680f8c4f-524d-4c69-9f3f-c928e238c9bb does not exist. Creating ...
2024-01-18 21:15:27,612 [7adc501f-70c9-4652-b7fc-e7afe3d76740-groupManagement] INFO  storage.RaftStorageDirectory (RaftStorageDirectoryImpl.java:tryLock(228)) - Lock on /home/runner/work/ozone/ozone/hadoop-ozone/integration-test/target/test-dir/MiniOzoneClusterImpl-df9b5de2-b041-43db-b9a6-571161098f76/datanode-4/data/ratis/680f8c4f-524d-4c69-9f3f-c928e238c9bb/in_use.lock acquired by nodename 70315@fv-az776-647
2024-01-18 21:15:27,613 [7adc501f-70c9-4652-b7fc-e7afe3d76740-groupManagement] INFO  storage.RaftStorage (RaftStorageImpl.java:format(99)) - Storage directory /home/runner/work/ozone/ozone/hadoop-ozone/integration-test/target/test-dir/MiniOzoneClusterImpl-df9b5de2-b041-43db-b9a6-571161098f76/datanode-4/data/ratis/680f8c4f-524d-4c69-9f3f-c928e238c9bb has been successfully formatted.
2024-01-18 21:15:27,613 [7adc501f-70c9-4652-b7fc-e7afe3d76740-groupManagement] WARN  util.FileUtils (LogUtils.java:supplyAndLog(63)) - Failed to Files.newInputStream /home/runner/work/ozone/ozone/hadoop-ozone/integration-test/target/test-dir/MiniOzoneClusterImpl-df9b5de2-b041-43db-b9a6-571161098f76/datanode-4/data/ratis/680f8c4f-524d-4c69-9f3f-c928e238c9bb/current/raft-meta.conf with options []: java.nio.file.NoSuchFileException: /home/runner/work/ozone/ozone/hadoop-ozone/integration-test/target/test-dir/MiniOzoneClusterImpl-df9b5de2-b041-43db-b9a6-571161098f76/datanode-4/data/ratis/680f8c4f-524d-4c69-9f3f-c928e238c9bb/current/raft-meta.conf
2024-01-18 21:15:27,614 [7adc501f-70c9-4652-b7fc-e7afe3d76740-groupManagement] INFO  ratis.ContainerStateMachine (ContainerStateMachine.java:loadSnapshot(287)) - group-C928E238C9BB: The snapshot info is null. Setting the last applied index to:(t:0, i:~)
2024-01-18 21:15:27,614 [7adc501f-70c9-4652-b7fc-e7afe3d76740-groupManagement] INFO  server.RaftServerConfigKeys (ConfUtils.java:logGet(46)) - raft.server.log.use.memory = false (default)
2024-01-18 21:15:27,614 [7adc501f-70c9-4652-b7fc-e7afe3d76740-groupManagement] INFO  server.RaftServerConfigKeys (ConfUtils.java:logGet(46)) - raft.server.log.purge.gap = 1000000 (custom)
2024-01-18 21:15:27,614 [7adc501f-70c9-4652-b7fc-e7afe3d76740-groupManagement] INFO  server.RaftServerConfigKeys (ConfUtils.java:logGet(46)) - raft.server.log.appender.buffer.byte-limit = 8388608 (custom)
2024-01-18 21:15:27,614 [7adc501f-70c9-4652-b7fc-e7afe3d76740-groupManagement] INFO  server.RaftServerConfigKeys (ConfUtils.java:logGet(46)) - raft.server.log.statemachine.data.read.timeout = 1000ms (default)
2024-01-18 21:15:27,614 [7adc501f-70c9-4652-b7fc-e7afe3d76740-groupManagement] INFO  server.RaftServerConfigKeys (ConfUtils.java:logGet(46)) - raft.server.log.purge.preservation.log.num = 0 (default)
2024-01-18 21:15:27,615 [EventQueue-PipelineReportForPipelineReportHandler] INFO  pipeline.PipelineReportHandler (PipelineReportHandler.java:processPipelineReport(136)) - Opened pipeline PipelineID=680f8c4f-524d-4c69-9f3f-c928e238c9bb
2024-01-18 21:15:27,615 [7adc501f-70c9-4652-b7fc-e7afe3d76740-groupManagement] INFO  server.RaftServerConfigKeys (ConfUtils.java:logGet(46)) - raft.server.log.segment.size.max = 67108864 (custom)
2024-01-18 21:15:27,615 [EventQueue-OpenPipelineForHealthyPipelineSafeModeRule] INFO  safemode.SCMSafeModeManager (HealthyPipelineSafeModeRule.java:process(140)) - SCM in safe mode. Healthy pipelines reported count is 0, required healthy pipeline reported count is 1
2024-01-18 21:15:27,615 [7adc501f-70c9-4652-b7fc-e7afe3d76740-groupManagement] INFO  server.RaftServerConfigKeys (ConfUtils.java:logGet(46)) - raft.server.log.segment.cache.num.max = 2 (custom)
2024-01-18 21:15:27,615 [7adc501f-70c9-4652-b7fc-e7afe3d76740-groupManagement] INFO  server.RaftServerConfigKeys (ConfUtils.java:logGet(46)) - raft.server.log.segment.cache.size.max = 200MB (=209715200) (default)
2024-01-18 21:15:27,615 [7adc501f-70c9-4652-b7fc-e7afe3d76740-groupManagement] INFO  server.RaftServerConfigKeys (ConfUtils.java:logGet(46)) - raft.server.log.appender.buffer.byte-limit = 8388608 (custom)
2024-01-18 21:15:27,615 [7adc501f-70c9-4652-b7fc-e7afe3d76740-groupManagement] INFO  util.AwaitToRun (AwaitToRun.java:start(81)) - Thread[7adc501f-70c9-4652-b7fc-e7afe3d76740@group-C928E238C9BB-cacheEviction-AwaitToRun,5,main] started
2024-01-18 21:15:27,615 [7adc501f-70c9-4652-b7fc-e7afe3d76740-groupManagement] INFO  segmented.SegmentedRaftLogWorker (SegmentedRaftLogWorker.java:<init>(182)) - new 7adc501f-70c9-4652-b7fc-e7afe3d76740@group-C928E238C9BB-SegmentedRaftLogWorker for RaftStorageImpl:Storage Directory /home/runner/work/ozone/ozone/hadoop-ozone/integration-test/target/test-dir/MiniOzoneClusterImpl-df9b5de2-b041-43db-b9a6-571161098f76/datanode-4/data/ratis/680f8c4f-524d-4c69-9f3f-c928e238c9bb
2024-01-18 21:15:27,615 [7adc501f-70c9-4652-b7fc-e7afe3d76740-groupManagement] INFO  server.RaftServerConfigKeys (ConfUtils.java:logGet(46)) - raft.server.log.queue.byte-limit = 4294967296 (custom)
2024-01-18 21:15:27,615 [7adc501f-70c9-4652-b7fc-e7afe3d76740-groupManagement] INFO  server.RaftServerConfigKeys (ConfUtils.java:logGet(46)) - raft.server.log.queue.element-limit = 1024 (custom)
2024-01-18 21:15:27,616 [7adc501f-70c9-4652-b7fc-e7afe3d76740-groupManagement] INFO  server.RaftServerConfigKeys (ConfUtils.java:logGet(46)) - raft.server.log.segment.size.max = 67108864 (custom)
2024-01-18 21:15:27,616 [7adc501f-70c9-4652-b7fc-e7afe3d76740-groupManagement] INFO  server.RaftServerConfigKeys (ConfUtils.java:logGet(46)) - raft.server.log.preallocated.size = 4194304 (custom)
2024-01-18 21:15:27,616 [7adc501f-70c9-4652-b7fc-e7afe3d76740-groupManagement] INFO  server.RaftServerConfigKeys (ConfUtils.java:logGet(46)) - raft.server.log.force.sync.num = 128 (default)
2024-01-18 21:15:27,616 [7adc501f-70c9-4652-b7fc-e7afe3d76740-groupManagement] INFO  server.RaftServerConfigKeys (ConfUtils.java:logGet(46)) - raft.server.log.statemachine.data.sync = true (default)
2024-01-18 21:15:27,616 [7adc501f-70c9-4652-b7fc-e7afe3d76740-groupManagement] INFO  server.RaftServerConfigKeys (ConfUtils.java:logGet(46)) - raft.server.log.statemachine.data.sync.timeout = 10s (default)
2024-01-18 21:15:27,616 [7adc501f-70c9-4652-b7fc-e7afe3d76740-groupManagement] INFO  server.RaftServerConfigKeys (ConfUtils.java:logGet(46)) - raft.server.log.statemachine.data.sync.timeout.retry = 0 (custom)
2024-01-18 21:15:27,616 [7adc501f-70c9-4652-b7fc-e7afe3d76740-groupManagement] INFO  server.RaftServerConfigKeys (ConfUtils.java:logGet(46)) - raft.server.log.write.buffer.size = 8388616 (custom)
2024-01-18 21:15:27,617 [7adc501f-70c9-4652-b7fc-e7afe3d76740-groupManagement] INFO  server.RaftServerConfigKeys (ConfUtils.java:logGet(46)) - raft.server.log.appender.buffer.byte-limit = 8388608 (custom)
2024-01-18 21:15:27,617 [7adc501f-70c9-4652-b7fc-e7afe3d76740-groupManagement] INFO  server.RaftServerConfigKeys (ConfUtils.java:logGet(46)) - raft.server.log.unsafe-flush.enabled = false (default)
2024-01-18 21:15:27,617 [7adc501f-70c9-4652-b7fc-e7afe3d76740-groupManagement] INFO  server.RaftServerConfigKeys (ConfUtils.java:logGet(46)) - raft.server.log.async-flush.enabled = false (default)
2024-01-18 21:15:27,617 [7adc501f-70c9-4652-b7fc-e7afe3d76740-groupManagement] INFO  server.RaftServerConfigKeys (ConfUtils.java:logGet(46)) - raft.server.log.statemachine.data.caching.enabled = true (custom)
2024-01-18 21:15:27,617 [7adc501f-70c9-4652-b7fc-e7afe3d76740-groupManagement] INFO  segmented.SegmentedRaftLogWorker (SegmentedRaftLogWorker.java:lambda$new$0(134)) - 7adc501f-70c9-4652-b7fc-e7afe3d76740@group-C928E238C9BB-SegmentedRaftLogWorker: flushIndex: setUnconditionally 0 -> -1
2024-01-18 21:15:27,618 [7adc501f-70c9-4652-b7fc-e7afe3d76740-groupManagement] INFO  segmented.SegmentedRaftLogWorker (SegmentedRaftLogWorker.java:lambda$new$0(134)) - 7adc501f-70c9-4652-b7fc-e7afe3d76740@group-C928E238C9BB-SegmentedRaftLogWorker: safeCacheEvictIndex: setUnconditionally 0 -> -1
2024-01-18 21:15:27,618 [7adc501f-70c9-4652-b7fc-e7afe3d76740-groupManagement] INFO  server.RaftServer$Division (RaftServerImpl.java:start(396)) - 7adc501f-70c9-4652-b7fc-e7afe3d76740@group-C928E238C9BB: start as a follower, conf=-1: peers:[7adc501f-70c9-4652-b7fc-e7afe3d76740|10.1.0.44:15406]|listeners:[], old=null
2024-01-18 21:15:27,618 [7adc501f-70c9-4652-b7fc-e7afe3d76740-groupManagement] INFO  server.RaftServer$Division (RaftServerImpl.java:setRole(383)) - 7adc501f-70c9-4652-b7fc-e7afe3d76740@group-C928E238C9BB: changes role from      null to FOLLOWER at term 0 for startAsFollower
2024-01-18 21:15:27,618 [7adc501f-70c9-4652-b7fc-e7afe3d76740-groupManagement] INFO  impl.RoleInfo (RoleInfo.java:updateAndGet(139)) - 7adc501f-70c9-4652-b7fc-e7afe3d76740: start 7adc501f-70c9-4652-b7fc-e7afe3d76740@group-C928E238C9BB-FollowerState
2024-01-18 21:15:27,618 [7adc501f-70c9-4652-b7fc-e7afe3d76740@group-C928E238C9BB-FollowerState] INFO  server.RaftServerConfigKeys (ConfUtils.java:logFallback(53)) - raft.server.rpc.first-election.timeout.min = 5s (fallback to raft.server.rpc.timeout.min)
2024-01-18 21:15:27,618 [7adc501f-70c9-4652-b7fc-e7afe3d76740-groupManagement] INFO  util.JmxRegister (JmxRegister.java:tryRegister(44)) - Successfully registered JMX Bean with object name Ratis:service=RaftServer,group=group-C928E238C9BB,id=7adc501f-70c9-4652-b7fc-e7afe3d76740
2024-01-18 21:15:27,618 [7adc501f-70c9-4652-b7fc-e7afe3d76740@group-C928E238C9BB-FollowerState] INFO  server.RaftServerConfigKeys (ConfUtils.java:logFallback(53)) - raft.server.rpc.first-election.timeout.max = 5200ms (fallback to raft.server.rpc.timeout.max)
2024-01-18 21:15:27,618 [7adc501f-70c9-4652-b7fc-e7afe3d76740-groupManagement] INFO  server.RaftServerConfigKeys (ConfUtils.java:logGet(46)) - raft.server.snapshot.trigger-when-stop.enabled = true (default)
2024-01-18 21:15:27,618 [7adc501f-70c9-4652-b7fc-e7afe3d76740-groupManagement] INFO  server.RaftServerConfigKeys (ConfUtils.java:logGet(46)) - raft.server.snapshot.auto.trigger.enabled = true (custom)
2024-01-18 21:15:27,618 [7adc501f-70c9-4652-b7fc-e7afe3d76740-groupManagement] INFO  server.RaftServerConfigKeys (ConfUtils.java:logGet(46)) - raft.server.snapshot.auto.trigger.threshold = 10000 (custom)
2024-01-18 21:15:27,618 [7adc501f-70c9-4652-b7fc-e7afe3d76740-groupManagement] INFO  server.RaftServerConfigKeys (ConfUtils.java:logGet(46)) - raft.server.snapshot.retention.file.num = 5 (custom)
2024-01-18 21:15:27,618 [7adc501f-70c9-4652-b7fc-e7afe3d76740-groupManagement] INFO  server.RaftServerConfigKeys (ConfUtils.java:logGet(46)) - raft.server.log.purge.upto.snapshot.index = false (default)
2024-01-18 21:15:27,619 [7adc501f-70c9-4652-b7fc-e7afe3d76740-PipelineCommandHandlerThread-0] INFO  ratis.XceiverServerRatis (XceiverServerRatis.java:addGroup(842)) - Created group PipelineID=680f8c4f-524d-4c69-9f3f-c928e238c9bb
2024-01-18 21:15:27,619 [7adc501f-70c9-4652-b7fc-e7afe3d76740-PipelineCommandHandlerThread-0] INFO  commandhandler.CreatePipelineCommandHandler (CreatePipelineCommandHandler.java:lambda$handle$2(124)) - Created Pipeline RATIS ONE PipelineID=680f8c4f-524d-4c69-9f3f-c928e238c9bb.
2024-01-18 21:15:27,659 [3df0e54a-fa0a-4d1f-902e-c3368fd6cf67-PipelineCommandHandlerThread-0] INFO  server.RaftServer (RaftServerProxy.java:addNew(100)) - 3df0e54a-fa0a-4d1f-902e-c3368fd6cf67: addNew group-DB1FE75741B9:[3df0e54a-fa0a-4d1f-902e-c3368fd6cf67|10.1.0.44:15415] returns group-DB1FE75741B9:java.util.concurrent.CompletableFuture@69ed65d5[Not completed]
2024-01-18 21:15:27,660 [3df0e54a-fa0a-4d1f-902e-c3368fd6cf67-groupManagement] INFO  server.RaftServer$Division (RaftServerImpl.java:<init>(256)) - 3df0e54a-fa0a-4d1f-902e-c3368fd6cf67: new RaftServerImpl for group-DB1FE75741B9:[3df0e54a-fa0a-4d1f-902e-c3368fd6cf67|10.1.0.44:15415] with ContainerStateMachine:uninitialized
2024-01-18 21:15:27,660 [3df0e54a-fa0a-4d1f-902e-c3368fd6cf67-groupManagement] INFO  server.RaftServerConfigKeys (ConfUtils.java:logGet(46)) - raft.server.rpc.timeout.min = 5s (custom)
2024-01-18 21:15:27,660 [3df0e54a-fa0a-4d1f-902e-c3368fd6cf67-groupManagement] INFO  server.RaftServerConfigKeys (ConfUtils.java:logGet(46)) - raft.server.rpc.timeout.max = 5200ms (custom)
2024-01-18 21:15:27,660 [3df0e54a-fa0a-4d1f-902e-c3368fd6cf67-groupManagement] INFO  server.RaftServerConfigKeys (ConfUtils.java:logGet(46)) - raft.server.rpc.sleep.time = 25ms (default)
2024-01-18 21:15:27,660 [3df0e54a-fa0a-4d1f-902e-c3368fd6cf67-groupManagement] INFO  server.RaftServerConfigKeys (ConfUtils.java:logGet(46)) - raft.server.rpc.slowness.timeout = 300000ms (custom)
2024-01-18 21:15:27,660 [3df0e54a-fa0a-4d1f-902e-c3368fd6cf67-groupManagement] INFO  server.RaftServerConfigKeys (ConfUtils.java:logGet(46)) - raft.server.leaderelection.leader.step-down.wait-time = 10s (default)
2024-01-18 21:15:27,660 [3df0e54a-fa0a-4d1f-902e-c3368fd6cf67-groupManagement] INFO  server.RaftServerConfigKeys (ConfUtils.java:logGet(46)) - raft.server.leaderelection.member.majority-add = false (default)
2024-01-18 21:15:27,660 [3df0e54a-fa0a-4d1f-902e-c3368fd6cf67-groupManagement] INFO  server.RaftServerConfigKeys (ConfUtils.java:logGet(46)) - raft.server.sleep.deviation.threshold = 300ms (default)
2024-01-18 21:15:27,660 [3df0e54a-fa0a-4d1f-902e-c3368fd6cf67-groupManagement] INFO  server.RaftServer$Division (ServerState.java:<init>(113)) - 3df0e54a-fa0a-4d1f-902e-c3368fd6cf67@group-DB1FE75741B9: ConfigurationManager, init=-1: peers:[3df0e54a-fa0a-4d1f-902e-c3368fd6cf67|10.1.0.44:15415]|listeners:[], old=null, confs=<EMPTY_MAP>
2024-01-18 21:15:27,660 [3df0e54a-fa0a-4d1f-902e-c3368fd6cf67-groupManagement] INFO  server.RaftServerConfigKeys (ConfUtils.java:logGet(46)) - raft.server.notification.no-leader.timeout = 300000ms (custom)
2024-01-18 21:15:27,660 [3df0e54a-fa0a-4d1f-902e-c3368fd6cf67-groupManagement] INFO  server.RaftServerConfigKeys (ConfUtils.java:logGet(46)) - raft.server.read.timeout = 10s (default)
2024-01-18 21:15:27,660 [3df0e54a-fa0a-4d1f-902e-c3368fd6cf67-groupManagement] INFO  server.RaftServerConfigKeys (ConfUtils.java:logGet(46)) - raft.server.retrycache.expirytime = 600000ms (custom)
2024-01-18 21:15:27,660 [3df0e54a-fa0a-4d1f-902e-c3368fd6cf67-groupManagement] INFO  server.RaftServerConfigKeys (ConfUtils.java:logGet(46)) - raft.server.retrycache.statistics.expirytime = 100ms (default)
2024-01-18 21:15:27,660 [3df0e54a-fa0a-4d1f-902e-c3368fd6cf67-groupManagement] INFO  server.RaftServerConfigKeys (ConfUtils.java:logGet(46)) - raft.server.read.option = DEFAULT (default)
2024-01-18 21:15:27,660 [3df0e54a-fa0a-4d1f-902e-c3368fd6cf67-groupManagement] INFO  server.RaftServerConfigKeys (ConfUtils.java:logGet(46)) - raft.server.read.read-after-write-consistent.write-index-cache.expiry-time = 60s (default)
2024-01-18 21:15:27,662 [3df0e54a-fa0a-4d1f-902e-c3368fd6cf67-groupManagement] INFO  server.RaftServerConfigKeys (ConfUtils.java:logGet(46)) - raft.server.rpc.request.timeout = 3000ms (default)
2024-01-18 21:15:27,662 [3df0e54a-fa0a-4d1f-902e-c3368fd6cf67-groupManagement] INFO  server.RaftServerConfigKeys (ConfUtils.java:logGet(46)) - raft.server.log.appender.install.snapshot.enabled = false (custom)
2024-01-18 21:15:27,662 [3df0e54a-fa0a-4d1f-902e-c3368fd6cf67-groupManagement] INFO  server.RaftServerConfigKeys (ConfUtils.java:logGet(46)) - raft.server.threadpool.server.cached = true (default)
2024-01-18 21:15:27,662 [3df0e54a-fa0a-4d1f-902e-c3368fd6cf67-groupManagement] INFO  server.RaftServerConfigKeys (ConfUtils.java:logGet(46)) - raft.server.threadpool.server.size = 0 (default)
2024-01-18 21:15:27,662 [3df0e54a-fa0a-4d1f-902e-c3368fd6cf67-groupManagement] INFO  server.RaftServerConfigKeys (ConfUtils.java:logGet(46)) - raft.server.threadpool.client.cached = true (default)
2024-01-18 21:15:27,662 [3df0e54a-fa0a-4d1f-902e-c3368fd6cf67-groupManagement] INFO  server.RaftServerConfigKeys (ConfUtils.java:logGet(46)) - raft.server.threadpool.client.size = 0 (default)
2024-01-18 21:15:27,662 [3df0e54a-fa0a-4d1f-902e-c3368fd6cf67-groupManagement] INFO  server.RaftServerConfigKeys (ConfUtils.java:logGet(46)) - raft.server.storage.free-space.min = 0MB (=0) (default)
2024-01-18 21:15:27,662 [3df0e54a-fa0a-4d1f-902e-c3368fd6cf67-groupManagement] INFO  server.RaftServerConfigKeys (ConfUtils.java:logGet(46)) - raft.server.log.corruption.policy = EXCEPTION (default)
2024-01-18 21:15:27,662 [3df0e54a-fa0a-4d1f-902e-c3368fd6cf67-groupManagement] INFO  server.RaftServerConfigKeys (ConfUtils.java:logGet(46)) - raft.server.storage.dir = [/home/runner/work/ozone/ozone/hadoop-ozone/integration-test/target/test-dir/MiniOzoneClusterImpl-df9b5de2-b041-43db-b9a6-571161098f76/datanode-5/data/ratis] (custom)
2024-01-18 21:15:27,662 [3df0e54a-fa0a-4d1f-902e-c3368fd6cf67-groupManagement] INFO  storage.RaftStorageDirectory (RaftStorageDirectoryImpl.java:analyzeStorage(138)) - The storage directory /home/runner/work/ozone/ozone/hadoop-ozone/integration-test/target/test-dir/MiniOzoneClusterImpl-df9b5de2-b041-43db-b9a6-571161098f76/datanode-5/data/ratis/409d3eee-66a4-4b93-8580-db1fe75741b9 does not exist. Creating ...
2024-01-18 21:15:27,663 [3df0e54a-fa0a-4d1f-902e-c3368fd6cf67-groupManagement] INFO  storage.RaftStorageDirectory (RaftStorageDirectoryImpl.java:tryLock(228)) - Lock on /home/runner/work/ozone/ozone/hadoop-ozone/integration-test/target/test-dir/MiniOzoneClusterImpl-df9b5de2-b041-43db-b9a6-571161098f76/datanode-5/data/ratis/409d3eee-66a4-4b93-8580-db1fe75741b9/in_use.lock acquired by nodename 70315@fv-az776-647
2024-01-18 21:15:27,664 [3df0e54a-fa0a-4d1f-902e-c3368fd6cf67-groupManagement] INFO  storage.RaftStorage (RaftStorageImpl.java:format(99)) - Storage directory /home/runner/work/ozone/ozone/hadoop-ozone/integration-test/target/test-dir/MiniOzoneClusterImpl-df9b5de2-b041-43db-b9a6-571161098f76/datanode-5/data/ratis/409d3eee-66a4-4b93-8580-db1fe75741b9 has been successfully formatted.
2024-01-18 21:15:27,664 [3df0e54a-fa0a-4d1f-902e-c3368fd6cf67-groupManagement] WARN  util.FileUtils (LogUtils.java:supplyAndLog(63)) - Failed to Files.newInputStream /home/runner/work/ozone/ozone/hadoop-ozone/integration-test/target/test-dir/MiniOzoneClusterImpl-df9b5de2-b041-43db-b9a6-571161098f76/datanode-5/data/ratis/409d3eee-66a4-4b93-8580-db1fe75741b9/current/raft-meta.conf with options []: java.nio.file.NoSuchFileException: /home/runner/work/ozone/ozone/hadoop-ozone/integration-test/target/test-dir/MiniOzoneClusterImpl-df9b5de2-b041-43db-b9a6-571161098f76/datanode-5/data/ratis/409d3eee-66a4-4b93-8580-db1fe75741b9/current/raft-meta.conf
2024-01-18 21:15:27,664 [3df0e54a-fa0a-4d1f-902e-c3368fd6cf67-groupManagement] INFO  ratis.ContainerStateMachine (ContainerStateMachine.java:loadSnapshot(287)) - group-DB1FE75741B9: The snapshot info is null. Setting the last applied index to:(t:0, i:~)
2024-01-18 21:15:27,664 [3df0e54a-fa0a-4d1f-902e-c3368fd6cf67-groupManagement] INFO  server.RaftServerConfigKeys (ConfUtils.java:logGet(46)) - raft.server.log.use.memory = false (default)
2024-01-18 21:15:27,664 [3df0e54a-fa0a-4d1f-902e-c3368fd6cf67-groupManagement] INFO  server.RaftServerConfigKeys (ConfUtils.java:logGet(46)) - raft.server.log.purge.gap = 1000000 (custom)
2024-01-18 21:15:27,664 [3df0e54a-fa0a-4d1f-902e-c3368fd6cf67-groupManagement] INFO  server.RaftServerConfigKeys (ConfUtils.java:logGet(46)) - raft.server.log.appender.buffer.byte-limit = 8388608 (custom)
2024-01-18 21:15:27,664 [3df0e54a-fa0a-4d1f-902e-c3368fd6cf67-groupManagement] INFO  server.RaftServerConfigKeys (ConfUtils.java:logGet(46)) - raft.server.log.statemachine.data.read.timeout = 1000ms (default)
2024-01-18 21:15:27,664 [3df0e54a-fa0a-4d1f-902e-c3368fd6cf67-groupManagement] INFO  server.RaftServerConfigKeys (ConfUtils.java:logGet(46)) - raft.server.log.purge.preservation.log.num = 0 (default)
2024-01-18 21:15:27,665 [EventQueue-PipelineReportForPipelineReportHandler] INFO  pipeline.PipelineReportHandler (PipelineReportHandler.java:processPipelineReport(136)) - Opened pipeline PipelineID=409d3eee-66a4-4b93-8580-db1fe75741b9
2024-01-18 21:15:27,665 [EventQueue-OpenPipelineForHealthyPipelineSafeModeRule] INFO  safemode.SCMSafeModeManager (HealthyPipelineSafeModeRule.java:process(140)) - SCM in safe mode. Healthy pipelines reported count is 0, required healthy pipeline reported count is 1
2024-01-18 21:15:27,666 [3df0e54a-fa0a-4d1f-902e-c3368fd6cf67-groupManagement] INFO  server.RaftServerConfigKeys (ConfUtils.java:logGet(46)) - raft.server.log.segment.size.max = 67108864 (custom)
2024-01-18 21:15:27,666 [3df0e54a-fa0a-4d1f-902e-c3368fd6cf67-groupManagement] INFO  server.RaftServerConfigKeys (ConfUtils.java:logGet(46)) - raft.server.log.segment.cache.num.max = 2 (custom)
2024-01-18 21:15:27,666 [3df0e54a-fa0a-4d1f-902e-c3368fd6cf67-groupManagement] INFO  server.RaftServerConfigKeys (ConfUtils.java:logGet(46)) - raft.server.log.segment.cache.size.max = 200MB (=209715200) (default)
2024-01-18 21:15:27,666 [3df0e54a-fa0a-4d1f-902e-c3368fd6cf67-groupManagement] INFO  server.RaftServerConfigKeys (ConfUtils.java:logGet(46)) - raft.server.log.appender.buffer.byte-limit = 8388608 (custom)
2024-01-18 21:15:27,666 [3df0e54a-fa0a-4d1f-902e-c3368fd6cf67-groupManagement] INFO  util.AwaitToRun (AwaitToRun.java:start(81)) - Thread[3df0e54a-fa0a-4d1f-902e-c3368fd6cf67@group-DB1FE75741B9-cacheEviction-AwaitToRun,5,main] started
2024-01-18 21:15:27,666 [3df0e54a-fa0a-4d1f-902e-c3368fd6cf67-groupManagement] INFO  segmented.SegmentedRaftLogWorker (SegmentedRaftLogWorker.java:<init>(182)) - new 3df0e54a-fa0a-4d1f-902e-c3368fd6cf67@group-DB1FE75741B9-SegmentedRaftLogWorker for RaftStorageImpl:Storage Directory /home/runner/work/ozone/ozone/hadoop-ozone/integration-test/target/test-dir/MiniOzoneClusterImpl-df9b5de2-b041-43db-b9a6-571161098f76/datanode-5/data/ratis/409d3eee-66a4-4b93-8580-db1fe75741b9
2024-01-18 21:15:27,666 [3df0e54a-fa0a-4d1f-902e-c3368fd6cf67-groupManagement] INFO  server.RaftServerConfigKeys (ConfUtils.java:logGet(46)) - raft.server.log.queue.byte-limit = 4294967296 (custom)
2024-01-18 21:15:27,666 [3df0e54a-fa0a-4d1f-902e-c3368fd6cf67-groupManagement] INFO  server.RaftServerConfigKeys (ConfUtils.java:logGet(46)) - raft.server.log.queue.element-limit = 1024 (custom)
2024-01-18 21:15:27,666 [3df0e54a-fa0a-4d1f-902e-c3368fd6cf67-groupManagement] INFO  server.RaftServerConfigKeys (ConfUtils.java:logGet(46)) - raft.server.log.segment.size.max = 67108864 (custom)
2024-01-18 21:15:27,666 [3df0e54a-fa0a-4d1f-902e-c3368fd6cf67-groupManagement] INFO  server.RaftServerConfigKeys (ConfUtils.java:logGet(46)) - raft.server.log.preallocated.size = 4194304 (custom)
2024-01-18 21:15:27,666 [3df0e54a-fa0a-4d1f-902e-c3368fd6cf67-groupManagement] INFO  server.RaftServerConfigKeys (ConfUtils.java:logGet(46)) - raft.server.log.force.sync.num = 128 (default)
2024-01-18 21:15:27,666 [3df0e54a-fa0a-4d1f-902e-c3368fd6cf67-groupManagement] INFO  server.RaftServerConfigKeys (ConfUtils.java:logGet(46)) - raft.server.log.statemachine.data.sync = true (default)
2024-01-18 21:15:27,666 [3df0e54a-fa0a-4d1f-902e-c3368fd6cf67-groupManagement] INFO  server.RaftServerConfigKeys (ConfUtils.java:logGet(46)) - raft.server.log.statemachine.data.sync.timeout = 10s (default)
2024-01-18 21:15:27,666 [3df0e54a-fa0a-4d1f-902e-c3368fd6cf67-groupManagement] INFO  server.RaftServerConfigKeys (ConfUtils.java:logGet(46)) - raft.server.log.statemachine.data.sync.timeout.retry = 0 (custom)
2024-01-18 21:15:27,667 [3df0e54a-fa0a-4d1f-902e-c3368fd6cf67-groupManagement] INFO  server.RaftServerConfigKeys (ConfUtils.java:logGet(46)) - raft.server.log.write.buffer.size = 8388616 (custom)
2024-01-18 21:15:27,668 [3df0e54a-fa0a-4d1f-902e-c3368fd6cf67-groupManagement] INFO  server.RaftServerConfigKeys (ConfUtils.java:logGet(46)) - raft.server.log.appender.buffer.byte-limit = 8388608 (custom)
2024-01-18 21:15:27,668 [3df0e54a-fa0a-4d1f-902e-c3368fd6cf67-groupManagement] INFO  server.RaftServerConfigKeys (ConfUtils.java:logGet(46)) - raft.server.log.unsafe-flush.enabled = false (default)
2024-01-18 21:15:27,668 [3df0e54a-fa0a-4d1f-902e-c3368fd6cf67-groupManagement] INFO  server.RaftServerConfigKeys (ConfUtils.java:logGet(46)) - raft.server.log.async-flush.enabled = false (default)
2024-01-18 21:15:27,668 [3df0e54a-fa0a-4d1f-902e-c3368fd6cf67-groupManagement] INFO  server.RaftServerConfigKeys (ConfUtils.java:logGet(46)) - raft.server.log.statemachine.data.caching.enabled = true (custom)
2024-01-18 21:15:27,668 [3df0e54a-fa0a-4d1f-902e-c3368fd6cf67-groupManagement] INFO  segmented.SegmentedRaftLogWorker (SegmentedRaftLogWorker.java:lambda$new$0(134)) - 3df0e54a-fa0a-4d1f-902e-c3368fd6cf67@group-DB1FE75741B9-SegmentedRaftLogWorker: flushIndex: setUnconditionally 0 -> -1
2024-01-18 21:15:27,668 [3df0e54a-fa0a-4d1f-902e-c3368fd6cf67-groupManagement] INFO  segmented.SegmentedRaftLogWorker (SegmentedRaftLogWorker.java:lambda$new$0(134)) - 3df0e54a-fa0a-4d1f-902e-c3368fd6cf67@group-DB1FE75741B9-SegmentedRaftLogWorker: safeCacheEvictIndex: setUnconditionally 0 -> -1
2024-01-18 21:15:27,668 [3df0e54a-fa0a-4d1f-902e-c3368fd6cf67-groupManagement] INFO  server.RaftServer$Division (RaftServerImpl.java:start(396)) - 3df0e54a-fa0a-4d1f-902e-c3368fd6cf67@group-DB1FE75741B9: start as a follower, conf=-1: peers:[3df0e54a-fa0a-4d1f-902e-c3368fd6cf67|10.1.0.44:15415]|listeners:[], old=null
2024-01-18 21:15:27,668 [3df0e54a-fa0a-4d1f-902e-c3368fd6cf67-groupManagement] INFO  server.RaftServer$Division (RaftServerImpl.java:setRole(383)) - 3df0e54a-fa0a-4d1f-902e-c3368fd6cf67@group-DB1FE75741B9: changes role from      null to FOLLOWER at term 0 for startAsFollower
2024-01-18 21:15:27,669 [3df0e54a-fa0a-4d1f-902e-c3368fd6cf67-groupManagement] INFO  impl.RoleInfo (RoleInfo.java:updateAndGet(139)) - 3df0e54a-fa0a-4d1f-902e-c3368fd6cf67: start 3df0e54a-fa0a-4d1f-902e-c3368fd6cf67@group-DB1FE75741B9-FollowerState
2024-01-18 21:15:27,669 [3df0e54a-fa0a-4d1f-902e-c3368fd6cf67-groupManagement] INFO  util.JmxRegister (JmxRegister.java:tryRegister(44)) - Successfully registered JMX Bean with object name Ratis:service=RaftServer,group=group-DB1FE75741B9,id=3df0e54a-fa0a-4d1f-902e-c3368fd6cf67
2024-01-18 21:15:27,669 [3df0e54a-fa0a-4d1f-902e-c3368fd6cf67@group-DB1FE75741B9-FollowerState] INFO  server.RaftServerConfigKeys (ConfUtils.java:logFallback(53)) - raft.server.rpc.first-election.timeout.min = 5s (fallback to raft.server.rpc.timeout.min)
2024-01-18 21:15:27,669 [3df0e54a-fa0a-4d1f-902e-c3368fd6cf67-groupManagement] INFO  server.RaftServerConfigKeys (ConfUtils.java:logGet(46)) - raft.server.snapshot.trigger-when-stop.enabled = true (default)
2024-01-18 21:15:27,669 [3df0e54a-fa0a-4d1f-902e-c3368fd6cf67@group-DB1FE75741B9-FollowerState] INFO  server.RaftServerConfigKeys (ConfUtils.java:logFallback(53)) - raft.server.rpc.first-election.timeout.max = 5200ms (fallback to raft.server.rpc.timeout.max)
2024-01-18 21:15:27,669 [3df0e54a-fa0a-4d1f-902e-c3368fd6cf67-groupManagement] INFO  server.RaftServerConfigKeys (ConfUtils.java:logGet(46)) - raft.server.snapshot.auto.trigger.enabled = true (custom)
2024-01-18 21:15:27,669 [3df0e54a-fa0a-4d1f-902e-c3368fd6cf67-groupManagement] INFO  server.RaftServerConfigKeys (ConfUtils.java:logGet(46)) - raft.server.snapshot.auto.trigger.threshold = 10000 (custom)
2024-01-18 21:15:27,669 [3df0e54a-fa0a-4d1f-902e-c3368fd6cf67-groupManagement] INFO  server.RaftServerConfigKeys (ConfUtils.java:logGet(46)) - raft.server.snapshot.retention.file.num = 5 (custom)
2024-01-18 21:15:27,669 [3df0e54a-fa0a-4d1f-902e-c3368fd6cf67-groupManagement] INFO  server.RaftServerConfigKeys (ConfUtils.java:logGet(46)) - raft.server.log.purge.upto.snapshot.index = false (default)
2024-01-18 21:15:27,670 [3df0e54a-fa0a-4d1f-902e-c3368fd6cf67-PipelineCommandHandlerThread-0] INFO  ratis.XceiverServerRatis (XceiverServerRatis.java:addGroup(842)) - Created group PipelineID=409d3eee-66a4-4b93-8580-db1fe75741b9
2024-01-18 21:15:27,670 [3df0e54a-fa0a-4d1f-902e-c3368fd6cf67-PipelineCommandHandlerThread-0] INFO  commandhandler.CreatePipelineCommandHandler (CreatePipelineCommandHandler.java:lambda$handle$2(124)) - Created Pipeline RATIS ONE PipelineID=409d3eee-66a4-4b93-8580-db1fe75741b9.
2024-01-18 21:15:27,739 [acbd5797-4277-4d01-af47-c19d7e55cc48-PipelineCommandHandlerThread-0] INFO  server.RaftServer (RaftServerProxy.java:addNew(100)) - acbd5797-4277-4d01-af47-c19d7e55cc48: addNew group-C88C60B2CA57:[acbd5797-4277-4d01-af47-c19d7e55cc48|10.1.0.44:15424] returns group-C88C60B2CA57:java.util.concurrent.CompletableFuture@79c96dea[Not completed]
2024-01-18 21:15:27,740 [acbd5797-4277-4d01-af47-c19d7e55cc48-groupManagement] INFO  server.RaftServer$Division (RaftServerImpl.java:<init>(256)) - acbd5797-4277-4d01-af47-c19d7e55cc48: new RaftServerImpl for group-C88C60B2CA57:[acbd5797-4277-4d01-af47-c19d7e55cc48|10.1.0.44:15424] with ContainerStateMachine:uninitialized
2024-01-18 21:15:27,740 [acbd5797-4277-4d01-af47-c19d7e55cc48-groupManagement] INFO  server.RaftServerConfigKeys (ConfUtils.java:logGet(46)) - raft.server.rpc.timeout.min = 5s (custom)
2024-01-18 21:15:27,740 [acbd5797-4277-4d01-af47-c19d7e55cc48-groupManagement] INFO  server.RaftServerConfigKeys (ConfUtils.java:logGet(46)) - raft.server.rpc.timeout.max = 5200ms (custom)
2024-01-18 21:15:27,740 [acbd5797-4277-4d01-af47-c19d7e55cc48-groupManagement] INFO  server.RaftServerConfigKeys (ConfUtils.java:logGet(46)) - raft.server.rpc.sleep.time = 25ms (default)
2024-01-18 21:15:27,740 [acbd5797-4277-4d01-af47-c19d7e55cc48-groupManagement] INFO  server.RaftServerConfigKeys (ConfUtils.java:logGet(46)) - raft.server.rpc.slowness.timeout = 300000ms (custom)
2024-01-18 21:15:27,740 [acbd5797-4277-4d01-af47-c19d7e55cc48-groupManagement] INFO  server.RaftServerConfigKeys (ConfUtils.java:logGet(46)) - raft.server.leaderelection.leader.step-down.wait-time = 10s (default)
2024-01-18 21:15:27,740 [acbd5797-4277-4d01-af47-c19d7e55cc48-groupManagement] INFO  server.RaftServerConfigKeys (ConfUtils.java:logGet(46)) - raft.server.leaderelection.member.majority-add = false (default)
2024-01-18 21:15:27,740 [acbd5797-4277-4d01-af47-c19d7e55cc48-groupManagement] INFO  server.RaftServerConfigKeys (ConfUtils.java:logGet(46)) - raft.server.sleep.deviation.threshold = 300ms (default)
2024-01-18 21:15:27,740 [acbd5797-4277-4d01-af47-c19d7e55cc48-groupManagement] INFO  server.RaftServer$Division (ServerState.java:<init>(113)) - acbd5797-4277-4d01-af47-c19d7e55cc48@group-C88C60B2CA57: ConfigurationManager, init=-1: peers:[acbd5797-4277-4d01-af47-c19d7e55cc48|10.1.0.44:15424]|listeners:[], old=null, confs=<EMPTY_MAP>
2024-01-18 21:15:27,740 [acbd5797-4277-4d01-af47-c19d7e55cc48-groupManagement] INFO  server.RaftServerConfigKeys (ConfUtils.java:logGet(46)) - raft.server.notification.no-leader.timeout = 300000ms (custom)
2024-01-18 21:15:27,740 [acbd5797-4277-4d01-af47-c19d7e55cc48-groupManagement] INFO  server.RaftServerConfigKeys (ConfUtils.java:logGet(46)) - raft.server.read.timeout = 10s (default)
2024-01-18 21:15:27,740 [acbd5797-4277-4d01-af47-c19d7e55cc48-groupManagement] INFO  server.RaftServerConfigKeys (ConfUtils.java:logGet(46)) - raft.server.retrycache.expirytime = 600000ms (custom)
2024-01-18 21:15:27,740 [acbd5797-4277-4d01-af47-c19d7e55cc48-groupManagement] INFO  server.RaftServerConfigKeys (ConfUtils.java:logGet(46)) - raft.server.retrycache.statistics.expirytime = 100ms (default)
2024-01-18 21:15:27,740 [acbd5797-4277-4d01-af47-c19d7e55cc48-groupManagement] INFO  server.RaftServerConfigKeys (ConfUtils.java:logGet(46)) - raft.server.read.option = DEFAULT (default)
2024-01-18 21:15:27,740 [acbd5797-4277-4d01-af47-c19d7e55cc48-groupManagement] INFO  server.RaftServerConfigKeys (ConfUtils.java:logGet(46)) - raft.server.read.read-after-write-consistent.write-index-cache.expiry-time = 60s (default)
2024-01-18 21:15:27,742 [acbd5797-4277-4d01-af47-c19d7e55cc48-groupManagement] INFO  server.RaftServerConfigKeys (ConfUtils.java:logGet(46)) - raft.server.rpc.request.timeout = 3000ms (default)
2024-01-18 21:15:27,742 [acbd5797-4277-4d01-af47-c19d7e55cc48-groupManagement] INFO  server.RaftServerConfigKeys (ConfUtils.java:logGet(46)) - raft.server.log.appender.install.snapshot.enabled = false (custom)
2024-01-18 21:15:27,743 [acbd5797-4277-4d01-af47-c19d7e55cc48-groupManagement] INFO  server.RaftServerConfigKeys (ConfUtils.java:logGet(46)) - raft.server.threadpool.server.cached = true (default)
2024-01-18 21:15:27,743 [acbd5797-4277-4d01-af47-c19d7e55cc48-groupManagement] INFO  server.RaftServerConfigKeys (ConfUtils.java:logGet(46)) - raft.server.threadpool.server.size = 0 (default)
2024-01-18 21:15:27,743 [acbd5797-4277-4d01-af47-c19d7e55cc48-groupManagement] INFO  server.RaftServerConfigKeys (ConfUtils.java:logGet(46)) - raft.server.threadpool.client.cached = true (default)
2024-01-18 21:15:27,743 [acbd5797-4277-4d01-af47-c19d7e55cc48-groupManagement] INFO  server.RaftServerConfigKeys (ConfUtils.java:logGet(46)) - raft.server.threadpool.client.size = 0 (default)
2024-01-18 21:15:27,743 [acbd5797-4277-4d01-af47-c19d7e55cc48-groupManagement] INFO  server.RaftServerConfigKeys (ConfUtils.java:logGet(46)) - raft.server.storage.free-space.min = 0MB (=0) (default)
2024-01-18 21:15:27,743 [acbd5797-4277-4d01-af47-c19d7e55cc48-groupManagement] INFO  server.RaftServerConfigKeys (ConfUtils.java:logGet(46)) - raft.server.log.corruption.policy = EXCEPTION (default)
2024-01-18 21:15:27,743 [acbd5797-4277-4d01-af47-c19d7e55cc48-groupManagement] INFO  server.RaftServerConfigKeys (ConfUtils.java:logGet(46)) - raft.server.storage.dir = [/home/runner/work/ozone/ozone/hadoop-ozone/integration-test/target/test-dir/MiniOzoneClusterImpl-df9b5de2-b041-43db-b9a6-571161098f76/datanode-6/data/ratis] (custom)
2024-01-18 21:15:27,743 [acbd5797-4277-4d01-af47-c19d7e55cc48-groupManagement] INFO  storage.RaftStorageDirectory (RaftStorageDirectoryImpl.java:analyzeStorage(138)) - The storage directory /home/runner/work/ozone/ozone/hadoop-ozone/integration-test/target/test-dir/MiniOzoneClusterImpl-df9b5de2-b041-43db-b9a6-571161098f76/datanode-6/data/ratis/2144a7db-f977-4ec3-8e2d-c88c60b2ca57 does not exist. Creating ...
2024-01-18 21:15:27,744 [acbd5797-4277-4d01-af47-c19d7e55cc48-groupManagement] INFO  storage.RaftStorageDirectory (RaftStorageDirectoryImpl.java:tryLock(228)) - Lock on /home/runner/work/ozone/ozone/hadoop-ozone/integration-test/target/test-dir/MiniOzoneClusterImpl-df9b5de2-b041-43db-b9a6-571161098f76/datanode-6/data/ratis/2144a7db-f977-4ec3-8e2d-c88c60b2ca57/in_use.lock acquired by nodename 70315@fv-az776-647
2024-01-18 21:15:27,745 [acbd5797-4277-4d01-af47-c19d7e55cc48-groupManagement] INFO  storage.RaftStorage (RaftStorageImpl.java:format(99)) - Storage directory /home/runner/work/ozone/ozone/hadoop-ozone/integration-test/target/test-dir/MiniOzoneClusterImpl-df9b5de2-b041-43db-b9a6-571161098f76/datanode-6/data/ratis/2144a7db-f977-4ec3-8e2d-c88c60b2ca57 has been successfully formatted.
2024-01-18 21:15:27,745 [acbd5797-4277-4d01-af47-c19d7e55cc48-groupManagement] WARN  util.FileUtils (LogUtils.java:supplyAndLog(63)) - Failed to Files.newInputStream /home/runner/work/ozone/ozone/hadoop-ozone/integration-test/target/test-dir/MiniOzoneClusterImpl-df9b5de2-b041-43db-b9a6-571161098f76/datanode-6/data/ratis/2144a7db-f977-4ec3-8e2d-c88c60b2ca57/current/raft-meta.conf with options []: java.nio.file.NoSuchFileException: /home/runner/work/ozone/ozone/hadoop-ozone/integration-test/target/test-dir/MiniOzoneClusterImpl-df9b5de2-b041-43db-b9a6-571161098f76/datanode-6/data/ratis/2144a7db-f977-4ec3-8e2d-c88c60b2ca57/current/raft-meta.conf
2024-01-18 21:15:27,746 [acbd5797-4277-4d01-af47-c19d7e55cc48-groupManagement] INFO  ratis.ContainerStateMachine (ContainerStateMachine.java:loadSnapshot(287)) - group-C88C60B2CA57: The snapshot info is null. Setting the last applied index to:(t:0, i:~)
2024-01-18 21:15:27,746 [acbd5797-4277-4d01-af47-c19d7e55cc48-groupManagement] INFO  server.RaftServerConfigKeys (ConfUtils.java:logGet(46)) - raft.server.log.use.memory = false (default)
2024-01-18 21:15:27,746 [acbd5797-4277-4d01-af47-c19d7e55cc48-groupManagement] INFO  server.RaftServerConfigKeys (ConfUtils.java:logGet(46)) - raft.server.log.purge.gap = 1000000 (custom)
2024-01-18 21:15:27,746 [acbd5797-4277-4d01-af47-c19d7e55cc48-groupManagement] INFO  server.RaftServerConfigKeys (ConfUtils.java:logGet(46)) - raft.server.log.appender.buffer.byte-limit = 8388608 (custom)
2024-01-18 21:15:27,746 [acbd5797-4277-4d01-af47-c19d7e55cc48-groupManagement] INFO  server.RaftServerConfigKeys (ConfUtils.java:logGet(46)) - raft.server.log.statemachine.data.read.timeout = 1000ms (default)
2024-01-18 21:15:27,746 [acbd5797-4277-4d01-af47-c19d7e55cc48-groupManagement] INFO  server.RaftServerConfigKeys (ConfUtils.java:logGet(46)) - raft.server.log.purge.preservation.log.num = 0 (default)
2024-01-18 21:15:27,747 [acbd5797-4277-4d01-af47-c19d7e55cc48-groupManagement] INFO  server.RaftServerConfigKeys (ConfUtils.java:logGet(46)) - raft.server.log.segment.size.max = 67108864 (custom)
2024-01-18 21:15:27,748 [acbd5797-4277-4d01-af47-c19d7e55cc48-groupManagement] INFO  server.RaftServerConfigKeys (ConfUtils.java:logGet(46)) - raft.server.log.segment.cache.num.max = 2 (custom)
2024-01-18 21:15:27,748 [acbd5797-4277-4d01-af47-c19d7e55cc48-groupManagement] INFO  server.RaftServerConfigKeys (ConfUtils.java:logGet(46)) - raft.server.log.segment.cache.size.max = 200MB (=209715200) (default)
2024-01-18 21:15:27,748 [acbd5797-4277-4d01-af47-c19d7e55cc48-groupManagement] INFO  server.RaftServerConfigKeys (ConfUtils.java:logGet(46)) - raft.server.log.appender.buffer.byte-limit = 8388608 (custom)
2024-01-18 21:15:27,748 [acbd5797-4277-4d01-af47-c19d7e55cc48-groupManagement] INFO  util.AwaitToRun (AwaitToRun.java:start(81)) - Thread[acbd5797-4277-4d01-af47-c19d7e55cc48@group-C88C60B2CA57-cacheEviction-AwaitToRun,5,main] started
2024-01-18 21:15:27,748 [acbd5797-4277-4d01-af47-c19d7e55cc48-groupManagement] INFO  segmented.SegmentedRaftLogWorker (SegmentedRaftLogWorker.java:<init>(182)) - new acbd5797-4277-4d01-af47-c19d7e55cc48@group-C88C60B2CA57-SegmentedRaftLogWorker for RaftStorageImpl:Storage Directory /home/runner/work/ozone/ozone/hadoop-ozone/integration-test/target/test-dir/MiniOzoneClusterImpl-df9b5de2-b041-43db-b9a6-571161098f76/datanode-6/data/ratis/2144a7db-f977-4ec3-8e2d-c88c60b2ca57
2024-01-18 21:15:27,748 [acbd5797-4277-4d01-af47-c19d7e55cc48-groupManagement] INFO  server.RaftServerConfigKeys (ConfUtils.java:logGet(46)) - raft.server.log.queue.byte-limit = 4294967296 (custom)
2024-01-18 21:15:27,748 [EventQueue-PipelineReportForPipelineReportHandler] INFO  pipeline.PipelineReportHandler (PipelineReportHandler.java:processPipelineReport(136)) - Opened pipeline PipelineID=2144a7db-f977-4ec3-8e2d-c88c60b2ca57
2024-01-18 21:15:27,748 [acbd5797-4277-4d01-af47-c19d7e55cc48-groupManagement] INFO  server.RaftServerConfigKeys (ConfUtils.java:logGet(46)) - raft.server.log.queue.element-limit = 1024 (custom)
2024-01-18 21:15:27,748 [EventQueue-OpenPipelineForHealthyPipelineSafeModeRule] INFO  safemode.SCMSafeModeManager (HealthyPipelineSafeModeRule.java:process(140)) - SCM in safe mode. Healthy pipelines reported count is 0, required healthy pipeline reported count is 1
2024-01-18 21:15:27,748 [acbd5797-4277-4d01-af47-c19d7e55cc48-groupManagement] INFO  server.RaftServerConfigKeys (ConfUtils.java:logGet(46)) - raft.server.log.segment.size.max = 67108864 (custom)
2024-01-18 21:15:27,748 [acbd5797-4277-4d01-af47-c19d7e55cc48-groupManagement] INFO  server.RaftServerConfigKeys (ConfUtils.java:logGet(46)) - raft.server.log.preallocated.size = 4194304 (custom)
2024-01-18 21:15:27,749 [acbd5797-4277-4d01-af47-c19d7e55cc48-groupManagement] INFO  server.RaftServerConfigKeys (ConfUtils.java:logGet(46)) - raft.server.log.force.sync.num = 128 (default)
2024-01-18 21:15:27,749 [acbd5797-4277-4d01-af47-c19d7e55cc48-groupManagement] INFO  server.RaftServerConfigKeys (ConfUtils.java:logGet(46)) - raft.server.log.statemachine.data.sync = true (default)
2024-01-18 21:15:27,749 [acbd5797-4277-4d01-af47-c19d7e55cc48-groupManagement] INFO  server.RaftServerConfigKeys (ConfUtils.java:logGet(46)) - raft.server.log.statemachine.data.sync.timeout = 10s (default)
2024-01-18 21:15:27,749 [acbd5797-4277-4d01-af47-c19d7e55cc48-groupManagement] INFO  server.RaftServerConfigKeys (ConfUtils.java:logGet(46)) - raft.server.log.statemachine.data.sync.timeout.retry = 0 (custom)
2024-01-18 21:15:27,749 [acbd5797-4277-4d01-af47-c19d7e55cc48-groupManagement] INFO  server.RaftServerConfigKeys (ConfUtils.java:logGet(46)) - raft.server.log.write.buffer.size = 8388616 (custom)
2024-01-18 21:15:27,751 [acbd5797-4277-4d01-af47-c19d7e55cc48-groupManagement] INFO  server.RaftServerConfigKeys (ConfUtils.java:logGet(46)) - raft.server.log.appender.buffer.byte-limit = 8388608 (custom)
2024-01-18 21:15:27,751 [acbd5797-4277-4d01-af47-c19d7e55cc48-groupManagement] INFO  server.RaftServerConfigKeys (ConfUtils.java:logGet(46)) - raft.server.log.unsafe-flush.enabled = false (default)
2024-01-18 21:15:27,751 [acbd5797-4277-4d01-af47-c19d7e55cc48-groupManagement] INFO  server.RaftServerConfigKeys (ConfUtils.java:logGet(46)) - raft.server.log.async-flush.enabled = false (default)
2024-01-18 21:15:27,751 [acbd5797-4277-4d01-af47-c19d7e55cc48-groupManagement] INFO  server.RaftServerConfigKeys (ConfUtils.java:logGet(46)) - raft.server.log.statemachine.data.caching.enabled = true (custom)
2024-01-18 21:15:27,751 [acbd5797-4277-4d01-af47-c19d7e55cc48-groupManagement] INFO  segmented.SegmentedRaftLogWorker (SegmentedRaftLogWorker.java:lambda$new$0(134)) - acbd5797-4277-4d01-af47-c19d7e55cc48@group-C88C60B2CA57-SegmentedRaftLogWorker: flushIndex: setUnconditionally 0 -> -1
2024-01-18 21:15:27,751 [acbd5797-4277-4d01-af47-c19d7e55cc48-groupManagement] INFO  segmented.SegmentedRaftLogWorker (SegmentedRaftLogWorker.java:lambda$new$0(134)) - acbd5797-4277-4d01-af47-c19d7e55cc48@group-C88C60B2CA57-SegmentedRaftLogWorker: safeCacheEvictIndex: setUnconditionally 0 -> -1
2024-01-18 21:15:27,751 [acbd5797-4277-4d01-af47-c19d7e55cc48-groupManagement] INFO  server.RaftServer$Division (RaftServerImpl.java:start(396)) - acbd5797-4277-4d01-af47-c19d7e55cc48@group-C88C60B2CA57: start as a follower, conf=-1: peers:[acbd5797-4277-4d01-af47-c19d7e55cc48|10.1.0.44:15424]|listeners:[], old=null
2024-01-18 21:15:27,751 [acbd5797-4277-4d01-af47-c19d7e55cc48-groupManagement] INFO  server.RaftServer$Division (RaftServerImpl.java:setRole(383)) - acbd5797-4277-4d01-af47-c19d7e55cc48@group-C88C60B2CA57: changes role from      null to FOLLOWER at term 0 for startAsFollower
2024-01-18 21:15:27,752 [acbd5797-4277-4d01-af47-c19d7e55cc48-groupManagement] INFO  impl.RoleInfo (RoleInfo.java:updateAndGet(139)) - acbd5797-4277-4d01-af47-c19d7e55cc48: start acbd5797-4277-4d01-af47-c19d7e55cc48@group-C88C60B2CA57-FollowerState
2024-01-18 21:15:27,752 [acbd5797-4277-4d01-af47-c19d7e55cc48-groupManagement] INFO  util.JmxRegister (JmxRegister.java:tryRegister(44)) - Successfully registered JMX Bean with object name Ratis:service=RaftServer,group=group-C88C60B2CA57,id=acbd5797-4277-4d01-af47-c19d7e55cc48
2024-01-18 21:15:27,752 [acbd5797-4277-4d01-af47-c19d7e55cc48-groupManagement] INFO  server.RaftServerConfigKeys (ConfUtils.java:logGet(46)) - raft.server.snapshot.trigger-when-stop.enabled = true (default)
2024-01-18 21:15:27,752 [acbd5797-4277-4d01-af47-c19d7e55cc48-groupManagement] INFO  server.RaftServerConfigKeys (ConfUtils.java:logGet(46)) - raft.server.snapshot.auto.trigger.enabled = true (custom)
2024-01-18 21:15:27,752 [acbd5797-4277-4d01-af47-c19d7e55cc48-groupManagement] INFO  server.RaftServerConfigKeys (ConfUtils.java:logGet(46)) - raft.server.snapshot.auto.trigger.threshold = 10000 (custom)
2024-01-18 21:15:27,752 [acbd5797-4277-4d01-af47-c19d7e55cc48-groupManagement] INFO  server.RaftServerConfigKeys (ConfUtils.java:logGet(46)) - raft.server.snapshot.retention.file.num = 5 (custom)
2024-01-18 21:15:27,752 [acbd5797-4277-4d01-af47-c19d7e55cc48-groupManagement] INFO  server.RaftServerConfigKeys (ConfUtils.java:logGet(46)) - raft.server.log.purge.upto.snapshot.index = false (default)
2024-01-18 21:15:27,752 [acbd5797-4277-4d01-af47-c19d7e55cc48@group-C88C60B2CA57-FollowerState] INFO  server.RaftServerConfigKeys (ConfUtils.java:logFallback(53)) - raft.server.rpc.first-election.timeout.min = 5s (fallback to raft.server.rpc.timeout.min)
2024-01-18 21:15:27,753 [acbd5797-4277-4d01-af47-c19d7e55cc48@group-C88C60B2CA57-FollowerState] INFO  server.RaftServerConfigKeys (ConfUtils.java:logFallback(53)) - raft.server.rpc.first-election.timeout.max = 5200ms (fallback to raft.server.rpc.timeout.max)
2024-01-18 21:15:27,755 [acbd5797-4277-4d01-af47-c19d7e55cc48-PipelineCommandHandlerThread-0] INFO  ratis.XceiverServerRatis (XceiverServerRatis.java:addGroup(842)) - Created group PipelineID=2144a7db-f977-4ec3-8e2d-c88c60b2ca57
2024-01-18 21:15:27,755 [acbd5797-4277-4d01-af47-c19d7e55cc48-PipelineCommandHandlerThread-0] INFO  commandhandler.CreatePipelineCommandHandler (CreatePipelineCommandHandler.java:lambda$handle$2(124)) - Created Pipeline RATIS ONE PipelineID=2144a7db-f977-4ec3-8e2d-c88c60b2ca57.
2024-01-18 21:15:27,755 [acbd5797-4277-4d01-af47-c19d7e55cc48-PipelineCommandHandlerThread-0] INFO  server.RaftServer (RaftServerProxy.java:addNew(100)) - acbd5797-4277-4d01-af47-c19d7e55cc48: addNew group-7EB0424DEFA0:[29c9cbb7-9d34-4a8c-85ab-994756aa497f|10.1.0.44:15433, 09e80bb5-5452-43c5-b0d6-1fc2b272d72e|10.1.0.44:15442, acbd5797-4277-4d01-af47-c19d7e55cc48|10.1.0.44:15424] returns group-7EB0424DEFA0:java.util.concurrent.CompletableFuture@7df6f60b[Not completed]
2024-01-18 21:15:27,756 [acbd5797-4277-4d01-af47-c19d7e55cc48-groupManagement] INFO  server.RaftServer$Division (RaftServerImpl.java:<init>(256)) - acbd5797-4277-4d01-af47-c19d7e55cc48: new RaftServerImpl for group-7EB0424DEFA0:[29c9cbb7-9d34-4a8c-85ab-994756aa497f|10.1.0.44:15433, 09e80bb5-5452-43c5-b0d6-1fc2b272d72e|10.1.0.44:15442, acbd5797-4277-4d01-af47-c19d7e55cc48|10.1.0.44:15424] with ContainerStateMachine:uninitialized
2024-01-18 21:15:27,756 [acbd5797-4277-4d01-af47-c19d7e55cc48-groupManagement] INFO  server.RaftServerConfigKeys (ConfUtils.java:logGet(46)) - raft.server.rpc.timeout.min = 5s (custom)
2024-01-18 21:15:27,756 [acbd5797-4277-4d01-af47-c19d7e55cc48-groupManagement] INFO  server.RaftServerConfigKeys (ConfUtils.java:logGet(46)) - raft.server.rpc.timeout.max = 5200ms (custom)
2024-01-18 21:15:27,756 [acbd5797-4277-4d01-af47-c19d7e55cc48-groupManagement] INFO  server.RaftServerConfigKeys (ConfUtils.java:logGet(46)) - raft.server.rpc.sleep.time = 25ms (default)
2024-01-18 21:15:27,756 [acbd5797-4277-4d01-af47-c19d7e55cc48-groupManagement] INFO  server.RaftServerConfigKeys (ConfUtils.java:logGet(46)) - raft.server.rpc.slowness.timeout = 300000ms (custom)
2024-01-18 21:15:27,756 [acbd5797-4277-4d01-af47-c19d7e55cc48-groupManagement] INFO  server.RaftServerConfigKeys (ConfUtils.java:logGet(46)) - raft.server.leaderelection.leader.step-down.wait-time = 10s (default)
2024-01-18 21:15:27,756 [acbd5797-4277-4d01-af47-c19d7e55cc48-groupManagement] INFO  server.RaftServerConfigKeys (ConfUtils.java:logGet(46)) - raft.server.leaderelection.member.majority-add = false (default)
2024-01-18 21:15:27,756 [acbd5797-4277-4d01-af47-c19d7e55cc48-groupManagement] INFO  server.RaftServerConfigKeys (ConfUtils.java:logGet(46)) - raft.server.sleep.deviation.threshold = 300ms (default)
2024-01-18 21:15:27,756 [acbd5797-4277-4d01-af47-c19d7e55cc48-groupManagement] INFO  server.RaftServer$Division (ServerState.java:<init>(113)) - acbd5797-4277-4d01-af47-c19d7e55cc48@group-7EB0424DEFA0: ConfigurationManager, init=-1: peers:[29c9cbb7-9d34-4a8c-85ab-994756aa497f|10.1.0.44:15433, 09e80bb5-5452-43c5-b0d6-1fc2b272d72e|10.1.0.44:15442, acbd5797-4277-4d01-af47-c19d7e55cc48|10.1.0.44:15424]|listeners:[], old=null, confs=<EMPTY_MAP>
2024-01-18 21:15:27,756 [acbd5797-4277-4d01-af47-c19d7e55cc48-groupManagement] INFO  server.RaftServerConfigKeys (ConfUtils.java:logGet(46)) - raft.server.notification.no-leader.timeout = 300000ms (custom)
2024-01-18 21:15:27,756 [acbd5797-4277-4d01-af47-c19d7e55cc48-groupManagement] INFO  server.RaftServerConfigKeys (ConfUtils.java:logGet(46)) - raft.server.read.timeout = 10s (default)
2024-01-18 21:15:27,756 [acbd5797-4277-4d01-af47-c19d7e55cc48-groupManagement] INFO  server.RaftServerConfigKeys (ConfUtils.java:logGet(46)) - raft.server.retrycache.expirytime = 600000ms (custom)
2024-01-18 21:15:27,756 [acbd5797-4277-4d01-af47-c19d7e55cc48-groupManagement] INFO  server.RaftServerConfigKeys (ConfUtils.java:logGet(46)) - raft.server.retrycache.statistics.expirytime = 100ms (default)
2024-01-18 21:15:27,756 [acbd5797-4277-4d01-af47-c19d7e55cc48-groupManagement] INFO  server.RaftServerConfigKeys (ConfUtils.java:logGet(46)) - raft.server.read.option = DEFAULT (default)
2024-01-18 21:15:27,756 [acbd5797-4277-4d01-af47-c19d7e55cc48-groupManagement] INFO  server.RaftServerConfigKeys (ConfUtils.java:logGet(46)) - raft.server.read.read-after-write-consistent.write-index-cache.expiry-time = 60s (default)
2024-01-18 21:15:27,758 [acbd5797-4277-4d01-af47-c19d7e55cc48-groupManagement] INFO  server.RaftServerConfigKeys (ConfUtils.java:logGet(46)) - raft.server.rpc.request.timeout = 3000ms (default)
2024-01-18 21:15:27,758 [acbd5797-4277-4d01-af47-c19d7e55cc48-groupManagement] INFO  server.RaftServerConfigKeys (ConfUtils.java:logGet(46)) - raft.server.log.appender.install.snapshot.enabled = false (custom)
2024-01-18 21:15:27,758 [acbd5797-4277-4d01-af47-c19d7e55cc48-groupManagement] INFO  server.RaftServerConfigKeys (ConfUtils.java:logGet(46)) - raft.server.threadpool.server.cached = true (default)
2024-01-18 21:15:27,758 [acbd5797-4277-4d01-af47-c19d7e55cc48-groupManagement] INFO  server.RaftServerConfigKeys (ConfUtils.java:logGet(46)) - raft.server.threadpool.server.size = 0 (default)
2024-01-18 21:15:27,758 [acbd5797-4277-4d01-af47-c19d7e55cc48-groupManagement] INFO  server.RaftServerConfigKeys (ConfUtils.java:logGet(46)) - raft.server.threadpool.client.cached = true (default)
2024-01-18 21:15:27,758 [acbd5797-4277-4d01-af47-c19d7e55cc48-groupManagement] INFO  server.RaftServerConfigKeys (ConfUtils.java:logGet(46)) - raft.server.threadpool.client.size = 0 (default)
2024-01-18 21:15:27,758 [acbd5797-4277-4d01-af47-c19d7e55cc48-groupManagement] INFO  server.RaftServerConfigKeys (ConfUtils.java:logGet(46)) - raft.server.storage.free-space.min = 0MB (=0) (default)
2024-01-18 21:15:27,758 [acbd5797-4277-4d01-af47-c19d7e55cc48-groupManagement] INFO  server.RaftServerConfigKeys (ConfUtils.java:logGet(46)) - raft.server.log.corruption.policy = EXCEPTION (default)
2024-01-18 21:15:27,758 [acbd5797-4277-4d01-af47-c19d7e55cc48-groupManagement] INFO  server.RaftServerConfigKeys (ConfUtils.java:logGet(46)) - raft.server.storage.dir = [/home/runner/work/ozone/ozone/hadoop-ozone/integration-test/target/test-dir/MiniOzoneClusterImpl-df9b5de2-b041-43db-b9a6-571161098f76/datanode-6/data/ratis] (custom)
2024-01-18 21:15:27,758 [acbd5797-4277-4d01-af47-c19d7e55cc48-groupManagement] INFO  storage.RaftStorageDirectory (RaftStorageDirectoryImpl.java:analyzeStorage(138)) - The storage directory /home/runner/work/ozone/ozone/hadoop-ozone/integration-test/target/test-dir/MiniOzoneClusterImpl-df9b5de2-b041-43db-b9a6-571161098f76/datanode-6/data/ratis/7efbc0bc-7d7d-4e10-b6d8-7eb0424defa0 does not exist. Creating ...
2024-01-18 21:15:27,759 [acbd5797-4277-4d01-af47-c19d7e55cc48-groupManagement] INFO  storage.RaftStorageDirectory (RaftStorageDirectoryImpl.java:tryLock(228)) - Lock on /home/runner/work/ozone/ozone/hadoop-ozone/integration-test/target/test-dir/MiniOzoneClusterImpl-df9b5de2-b041-43db-b9a6-571161098f76/datanode-6/data/ratis/7efbc0bc-7d7d-4e10-b6d8-7eb0424defa0/in_use.lock acquired by nodename 70315@fv-az776-647
2024-01-18 21:15:27,760 [acbd5797-4277-4d01-af47-c19d7e55cc48-groupManagement] INFO  storage.RaftStorage (RaftStorageImpl.java:format(99)) - Storage directory /home/runner/work/ozone/ozone/hadoop-ozone/integration-test/target/test-dir/MiniOzoneClusterImpl-df9b5de2-b041-43db-b9a6-571161098f76/datanode-6/data/ratis/7efbc0bc-7d7d-4e10-b6d8-7eb0424defa0 has been successfully formatted.
2024-01-18 21:15:27,760 [acbd5797-4277-4d01-af47-c19d7e55cc48-groupManagement] WARN  util.FileUtils (LogUtils.java:supplyAndLog(63)) - Failed to Files.newInputStream /home/runner/work/ozone/ozone/hadoop-ozone/integration-test/target/test-dir/MiniOzoneClusterImpl-df9b5de2-b041-43db-b9a6-571161098f76/datanode-6/data/ratis/7efbc0bc-7d7d-4e10-b6d8-7eb0424defa0/current/raft-meta.conf with options []: java.nio.file.NoSuchFileException: /home/runner/work/ozone/ozone/hadoop-ozone/integration-test/target/test-dir/MiniOzoneClusterImpl-df9b5de2-b041-43db-b9a6-571161098f76/datanode-6/data/ratis/7efbc0bc-7d7d-4e10-b6d8-7eb0424defa0/current/raft-meta.conf
2024-01-18 21:15:27,760 [acbd5797-4277-4d01-af47-c19d7e55cc48-groupManagement] INFO  ratis.ContainerStateMachine (ContainerStateMachine.java:loadSnapshot(287)) - group-7EB0424DEFA0: The snapshot info is null. Setting the last applied index to:(t:0, i:~)
2024-01-18 21:15:27,760 [acbd5797-4277-4d01-af47-c19d7e55cc48-groupManagement] INFO  server.RaftServerConfigKeys (ConfUtils.java:logGet(46)) - raft.server.log.use.memory = false (default)
2024-01-18 21:15:27,760 [acbd5797-4277-4d01-af47-c19d7e55cc48-groupManagement] INFO  server.RaftServerConfigKeys (ConfUtils.java:logGet(46)) - raft.server.log.purge.gap = 1000000 (custom)
2024-01-18 21:15:27,761 [acbd5797-4277-4d01-af47-c19d7e55cc48-groupManagement] INFO  server.RaftServerConfigKeys (ConfUtils.java:logGet(46)) - raft.server.log.appender.buffer.byte-limit = 8388608 (custom)
2024-01-18 21:15:27,761 [acbd5797-4277-4d01-af47-c19d7e55cc48-groupManagement] INFO  server.RaftServerConfigKeys (ConfUtils.java:logGet(46)) - raft.server.log.statemachine.data.read.timeout = 1000ms (default)
2024-01-18 21:15:27,761 [acbd5797-4277-4d01-af47-c19d7e55cc48-groupManagement] INFO  server.RaftServerConfigKeys (ConfUtils.java:logGet(46)) - raft.server.log.purge.preservation.log.num = 0 (default)
2024-01-18 21:15:27,761 [EventQueue-OpenPipelineForHealthyPipelineSafeModeRule] INFO  safemode.SCMSafeModeManager (HealthyPipelineSafeModeRule.java:process(140)) - SCM in safe mode. Healthy pipelines reported count is 0, required healthy pipeline reported count is 1
2024-01-18 21:15:27,762 [acbd5797-4277-4d01-af47-c19d7e55cc48-groupManagement] INFO  server.RaftServerConfigKeys (ConfUtils.java:logGet(46)) - raft.server.log.segment.size.max = 67108864 (custom)
2024-01-18 21:15:27,762 [acbd5797-4277-4d01-af47-c19d7e55cc48-groupManagement] INFO  server.RaftServerConfigKeys (ConfUtils.java:logGet(46)) - raft.server.log.segment.cache.num.max = 2 (custom)
2024-01-18 21:15:27,762 [acbd5797-4277-4d01-af47-c19d7e55cc48-groupManagement] INFO  server.RaftServerConfigKeys (ConfUtils.java:logGet(46)) - raft.server.log.segment.cache.size.max = 200MB (=209715200) (default)
2024-01-18 21:15:27,762 [acbd5797-4277-4d01-af47-c19d7e55cc48-groupManagement] INFO  server.RaftServerConfigKeys (ConfUtils.java:logGet(46)) - raft.server.log.appender.buffer.byte-limit = 8388608 (custom)
2024-01-18 21:15:27,762 [acbd5797-4277-4d01-af47-c19d7e55cc48-groupManagement] INFO  util.AwaitToRun (AwaitToRun.java:start(81)) - Thread[acbd5797-4277-4d01-af47-c19d7e55cc48@group-7EB0424DEFA0-cacheEviction-AwaitToRun,5,main] started
2024-01-18 21:15:27,762 [acbd5797-4277-4d01-af47-c19d7e55cc48-groupManagement] INFO  segmented.SegmentedRaftLogWorker (SegmentedRaftLogWorker.java:<init>(182)) - new acbd5797-4277-4d01-af47-c19d7e55cc48@group-7EB0424DEFA0-SegmentedRaftLogWorker for RaftStorageImpl:Storage Directory /home/runner/work/ozone/ozone/hadoop-ozone/integration-test/target/test-dir/MiniOzoneClusterImpl-df9b5de2-b041-43db-b9a6-571161098f76/datanode-6/data/ratis/7efbc0bc-7d7d-4e10-b6d8-7eb0424defa0
2024-01-18 21:15:27,763 [acbd5797-4277-4d01-af47-c19d7e55cc48-groupManagement] INFO  server.RaftServerConfigKeys (ConfUtils.java:logGet(46)) - raft.server.log.queue.byte-limit = 4294967296 (custom)
2024-01-18 21:15:27,763 [acbd5797-4277-4d01-af47-c19d7e55cc48-groupManagement] INFO  server.RaftServerConfigKeys (ConfUtils.java:logGet(46)) - raft.server.log.queue.element-limit = 1024 (custom)
2024-01-18 21:15:27,763 [acbd5797-4277-4d01-af47-c19d7e55cc48-groupManagement] INFO  server.RaftServerConfigKeys (ConfUtils.java:logGet(46)) - raft.server.log.segment.size.max = 67108864 (custom)
2024-01-18 21:15:27,763 [acbd5797-4277-4d01-af47-c19d7e55cc48-groupManagement] INFO  server.RaftServerConfigKeys (ConfUtils.java:logGet(46)) - raft.server.log.preallocated.size = 4194304 (custom)
2024-01-18 21:15:27,763 [acbd5797-4277-4d01-af47-c19d7e55cc48-groupManagement] INFO  server.RaftServerConfigKeys (ConfUtils.java:logGet(46)) - raft.server.log.force.sync.num = 128 (default)
2024-01-18 21:15:27,763 [acbd5797-4277-4d01-af47-c19d7e55cc48-groupManagement] INFO  server.RaftServerConfigKeys (ConfUtils.java:logGet(46)) - raft.server.log.statemachine.data.sync = true (default)
2024-01-18 21:15:27,763 [acbd5797-4277-4d01-af47-c19d7e55cc48-groupManagement] INFO  server.RaftServerConfigKeys (ConfUtils.java:logGet(46)) - raft.server.log.statemachine.data.sync.timeout = 10s (default)
2024-01-18 21:15:27,763 [acbd5797-4277-4d01-af47-c19d7e55cc48-groupManagement] INFO  server.RaftServerConfigKeys (ConfUtils.java:logGet(46)) - raft.server.log.statemachine.data.sync.timeout.retry = 0 (custom)
2024-01-18 21:15:27,763 [acbd5797-4277-4d01-af47-c19d7e55cc48-groupManagement] INFO  server.RaftServerConfigKeys (ConfUtils.java:logGet(46)) - raft.server.log.write.buffer.size = 8388616 (custom)
2024-01-18 21:15:27,765 [acbd5797-4277-4d01-af47-c19d7e55cc48-groupManagement] INFO  server.RaftServerConfigKeys (ConfUtils.java:logGet(46)) - raft.server.log.appender.buffer.byte-limit = 8388608 (custom)
2024-01-18 21:15:27,765 [acbd5797-4277-4d01-af47-c19d7e55cc48-groupManagement] INFO  server.RaftServerConfigKeys (ConfUtils.java:logGet(46)) - raft.server.log.unsafe-flush.enabled = false (default)
2024-01-18 21:15:27,765 [acbd5797-4277-4d01-af47-c19d7e55cc48-groupManagement] INFO  server.RaftServerConfigKeys (ConfUtils.java:logGet(46)) - raft.server.log.async-flush.enabled = false (default)
2024-01-18 21:15:27,765 [acbd5797-4277-4d01-af47-c19d7e55cc48-groupManagement] INFO  server.RaftServerConfigKeys (ConfUtils.java:logGet(46)) - raft.server.log.statemachine.data.caching.enabled = true (custom)
2024-01-18 21:15:27,765 [acbd5797-4277-4d01-af47-c19d7e55cc48-groupManagement] INFO  segmented.SegmentedRaftLogWorker (SegmentedRaftLogWorker.java:lambda$new$0(134)) - acbd5797-4277-4d01-af47-c19d7e55cc48@group-7EB0424DEFA0-SegmentedRaftLogWorker: flushIndex: setUnconditionally 0 -> -1
2024-01-18 21:15:27,765 [acbd5797-4277-4d01-af47-c19d7e55cc48-groupManagement] INFO  segmented.SegmentedRaftLogWorker (SegmentedRaftLogWorker.java:lambda$new$0(134)) - acbd5797-4277-4d01-af47-c19d7e55cc48@group-7EB0424DEFA0-SegmentedRaftLogWorker: safeCacheEvictIndex: setUnconditionally 0 -> -1
2024-01-18 21:15:27,765 [acbd5797-4277-4d01-af47-c19d7e55cc48-groupManagement] INFO  server.RaftServer$Division (RaftServerImpl.java:start(396)) - acbd5797-4277-4d01-af47-c19d7e55cc48@group-7EB0424DEFA0: start as a follower, conf=-1: peers:[29c9cbb7-9d34-4a8c-85ab-994756aa497f|10.1.0.44:15433, 09e80bb5-5452-43c5-b0d6-1fc2b272d72e|10.1.0.44:15442, acbd5797-4277-4d01-af47-c19d7e55cc48|10.1.0.44:15424]|listeners:[], old=null
2024-01-18 21:15:27,765 [acbd5797-4277-4d01-af47-c19d7e55cc48-groupManagement] INFO  server.RaftServer$Division (RaftServerImpl.java:setRole(383)) - acbd5797-4277-4d01-af47-c19d7e55cc48@group-7EB0424DEFA0: changes role from      null to FOLLOWER at term 0 for startAsFollower
2024-01-18 21:15:27,765 [acbd5797-4277-4d01-af47-c19d7e55cc48-groupManagement] INFO  impl.RoleInfo (RoleInfo.java:updateAndGet(139)) - acbd5797-4277-4d01-af47-c19d7e55cc48: start acbd5797-4277-4d01-af47-c19d7e55cc48@group-7EB0424DEFA0-FollowerState
2024-01-18 21:15:27,767 [acbd5797-4277-4d01-af47-c19d7e55cc48-groupManagement] INFO  util.JmxRegister (JmxRegister.java:tryRegister(44)) - Successfully registered JMX Bean with object name Ratis:service=RaftServer,group=group-7EB0424DEFA0,id=acbd5797-4277-4d01-af47-c19d7e55cc48
2024-01-18 21:15:27,767 [acbd5797-4277-4d01-af47-c19d7e55cc48-groupManagement] INFO  server.RaftServerConfigKeys (ConfUtils.java:logGet(46)) - raft.server.snapshot.trigger-when-stop.enabled = true (default)
2024-01-18 21:15:27,768 [acbd5797-4277-4d01-af47-c19d7e55cc48-groupManagement] INFO  server.RaftServerConfigKeys (ConfUtils.java:logGet(46)) - raft.server.snapshot.auto.trigger.enabled = true (custom)
2024-01-18 21:15:27,768 [acbd5797-4277-4d01-af47-c19d7e55cc48-groupManagement] INFO  server.RaftServerConfigKeys (ConfUtils.java:logGet(46)) - raft.server.snapshot.auto.trigger.threshold = 10000 (custom)
2024-01-18 21:15:27,768 [acbd5797-4277-4d01-af47-c19d7e55cc48-groupManagement] INFO  server.RaftServerConfigKeys (ConfUtils.java:logGet(46)) - raft.server.snapshot.retention.file.num = 5 (custom)
2024-01-18 21:15:27,768 [acbd5797-4277-4d01-af47-c19d7e55cc48-groupManagement] INFO  server.RaftServerConfigKeys (ConfUtils.java:logGet(46)) - raft.server.log.purge.upto.snapshot.index = false (default)
2024-01-18 21:15:27,768 [acbd5797-4277-4d01-af47-c19d7e55cc48@group-7EB0424DEFA0-FollowerState] INFO  server.RaftServerConfigKeys (ConfUtils.java:logFallback(53)) - raft.server.rpc.first-election.timeout.min = 5s (fallback to raft.server.rpc.timeout.min)
2024-01-18 21:15:27,768 [acbd5797-4277-4d01-af47-c19d7e55cc48@group-7EB0424DEFA0-FollowerState] INFO  server.RaftServerConfigKeys (ConfUtils.java:logFallback(53)) - raft.server.rpc.first-election.timeout.max = 5200ms (fallback to raft.server.rpc.timeout.max)
2024-01-18 21:15:27,769 [acbd5797-4277-4d01-af47-c19d7e55cc48-PipelineCommandHandlerThread-0] INFO  ratis.XceiverServerRatis (XceiverServerRatis.java:addGroup(842)) - Created group PipelineID=7efbc0bc-7d7d-4e10-b6d8-7eb0424defa0
2024-01-18 21:15:27,775 [grpc-default-executor-3] INFO  server.RaftServer (RaftServerProxy.java:addNew(100)) - 09e80bb5-5452-43c5-b0d6-1fc2b272d72e: addNew group-7EB0424DEFA0:[29c9cbb7-9d34-4a8c-85ab-994756aa497f|10.1.0.44:15433, 09e80bb5-5452-43c5-b0d6-1fc2b272d72e|10.1.0.44:15442, acbd5797-4277-4d01-af47-c19d7e55cc48|10.1.0.44:15424] returns group-7EB0424DEFA0:java.util.concurrent.CompletableFuture@4a98fa06[Not completed]
2024-01-18 21:15:27,776 [09e80bb5-5452-43c5-b0d6-1fc2b272d72e-groupManagement] INFO  server.RaftServer$Division (RaftServerImpl.java:<init>(256)) - 09e80bb5-5452-43c5-b0d6-1fc2b272d72e: new RaftServerImpl for group-7EB0424DEFA0:[29c9cbb7-9d34-4a8c-85ab-994756aa497f|10.1.0.44:15433, 09e80bb5-5452-43c5-b0d6-1fc2b272d72e|10.1.0.44:15442, acbd5797-4277-4d01-af47-c19d7e55cc48|10.1.0.44:15424] with ContainerStateMachine:uninitialized
2024-01-18 21:15:27,776 [09e80bb5-5452-43c5-b0d6-1fc2b272d72e-groupManagement] INFO  server.RaftServerConfigKeys (ConfUtils.java:logGet(46)) - raft.server.rpc.timeout.min = 5s (custom)
2024-01-18 21:15:27,776 [09e80bb5-5452-43c5-b0d6-1fc2b272d72e-groupManagement] INFO  server.RaftServerConfigKeys (ConfUtils.java:logGet(46)) - raft.server.rpc.timeout.max = 5200ms (custom)
2024-01-18 21:15:27,776 [09e80bb5-5452-43c5-b0d6-1fc2b272d72e-groupManagement] INFO  server.RaftServerConfigKeys (ConfUtils.java:logGet(46)) - raft.server.rpc.sleep.time = 25ms (default)
2024-01-18 21:15:27,776 [09e80bb5-5452-43c5-b0d6-1fc2b272d72e-groupManagement] INFO  server.RaftServerConfigKeys (ConfUtils.java:logGet(46)) - raft.server.rpc.slowness.timeout = 300000ms (custom)
2024-01-18 21:15:27,776 [09e80bb5-5452-43c5-b0d6-1fc2b272d72e-groupManagement] INFO  server.RaftServerConfigKeys (ConfUtils.java:logGet(46)) - raft.server.leaderelection.leader.step-down.wait-time = 10s (default)
2024-01-18 21:15:27,776 [09e80bb5-5452-43c5-b0d6-1fc2b272d72e-groupManagement] INFO  server.RaftServerConfigKeys (ConfUtils.java:logGet(46)) - raft.server.leaderelection.member.majority-add = false (default)
2024-01-18 21:15:27,776 [09e80bb5-5452-43c5-b0d6-1fc2b272d72e-groupManagement] INFO  server.RaftServerConfigKeys (ConfUtils.java:logGet(46)) - raft.server.sleep.deviation.threshold = 300ms (default)
2024-01-18 21:15:27,776 [09e80bb5-5452-43c5-b0d6-1fc2b272d72e-groupManagement] INFO  server.RaftServer$Division (ServerState.java:<init>(113)) - 09e80bb5-5452-43c5-b0d6-1fc2b272d72e@group-7EB0424DEFA0: ConfigurationManager, init=-1: peers:[29c9cbb7-9d34-4a8c-85ab-994756aa497f|10.1.0.44:15433, 09e80bb5-5452-43c5-b0d6-1fc2b272d72e|10.1.0.44:15442, acbd5797-4277-4d01-af47-c19d7e55cc48|10.1.0.44:15424]|listeners:[], old=null, confs=<EMPTY_MAP>
2024-01-18 21:15:27,776 [09e80bb5-5452-43c5-b0d6-1fc2b272d72e-groupManagement] INFO  server.RaftServerConfigKeys (ConfUtils.java:logGet(46)) - raft.server.notification.no-leader.timeout = 300000ms (custom)
2024-01-18 21:15:27,776 [09e80bb5-5452-43c5-b0d6-1fc2b272d72e-groupManagement] INFO  server.RaftServerConfigKeys (ConfUtils.java:logGet(46)) - raft.server.read.timeout = 10s (default)
2024-01-18 21:15:27,776 [09e80bb5-5452-43c5-b0d6-1fc2b272d72e-groupManagement] INFO  server.RaftServerConfigKeys (ConfUtils.java:logGet(46)) - raft.server.retrycache.expirytime = 600000ms (custom)
2024-01-18 21:15:27,777 [09e80bb5-5452-43c5-b0d6-1fc2b272d72e-groupManagement] INFO  server.RaftServerConfigKeys (ConfUtils.java:logGet(46)) - raft.server.retrycache.statistics.expirytime = 100ms (default)
2024-01-18 21:15:27,777 [09e80bb5-5452-43c5-b0d6-1fc2b272d72e-groupManagement] INFO  server.RaftServerConfigKeys (ConfUtils.java:logGet(46)) - raft.server.read.option = DEFAULT (default)
2024-01-18 21:15:27,777 [09e80bb5-5452-43c5-b0d6-1fc2b272d72e-groupManagement] INFO  server.RaftServerConfigKeys (ConfUtils.java:logGet(46)) - raft.server.read.read-after-write-consistent.write-index-cache.expiry-time = 60s (default)
2024-01-18 21:15:27,778 [09e80bb5-5452-43c5-b0d6-1fc2b272d72e-groupManagement] INFO  server.RaftServerConfigKeys (ConfUtils.java:logGet(46)) - raft.server.rpc.request.timeout = 3000ms (default)
2024-01-18 21:15:27,778 [09e80bb5-5452-43c5-b0d6-1fc2b272d72e-groupManagement] INFO  server.RaftServerConfigKeys (ConfUtils.java:logGet(46)) - raft.server.log.appender.install.snapshot.enabled = false (custom)
2024-01-18 21:15:27,778 [09e80bb5-5452-43c5-b0d6-1fc2b272d72e-groupManagement] INFO  server.RaftServerConfigKeys (ConfUtils.java:logGet(46)) - raft.server.threadpool.server.cached = true (default)
2024-01-18 21:15:27,778 [09e80bb5-5452-43c5-b0d6-1fc2b272d72e-groupManagement] INFO  server.RaftServerConfigKeys (ConfUtils.java:logGet(46)) - raft.server.threadpool.server.size = 0 (default)
2024-01-18 21:15:27,778 [09e80bb5-5452-43c5-b0d6-1fc2b272d72e-groupManagement] INFO  server.RaftServerConfigKeys (ConfUtils.java:logGet(46)) - raft.server.threadpool.client.cached = true (default)
2024-01-18 21:15:27,778 [09e80bb5-5452-43c5-b0d6-1fc2b272d72e-groupManagement] INFO  server.RaftServerConfigKeys (ConfUtils.java:logGet(46)) - raft.server.threadpool.client.size = 0 (default)
2024-01-18 21:15:27,778 [09e80bb5-5452-43c5-b0d6-1fc2b272d72e-groupManagement] INFO  server.RaftServerConfigKeys (ConfUtils.java:logGet(46)) - raft.server.storage.free-space.min = 0MB (=0) (default)
2024-01-18 21:15:27,778 [09e80bb5-5452-43c5-b0d6-1fc2b272d72e-groupManagement] INFO  server.RaftServerConfigKeys (ConfUtils.java:logGet(46)) - raft.server.log.corruption.policy = EXCEPTION (default)
2024-01-18 21:15:27,778 [09e80bb5-5452-43c5-b0d6-1fc2b272d72e-groupManagement] INFO  server.RaftServerConfigKeys (ConfUtils.java:logGet(46)) - raft.server.storage.dir = [/home/runner/work/ozone/ozone/hadoop-ozone/integration-test/target/test-dir/MiniOzoneClusterImpl-df9b5de2-b041-43db-b9a6-571161098f76/datanode-8/data/ratis] (custom)
2024-01-18 21:15:27,778 [09e80bb5-5452-43c5-b0d6-1fc2b272d72e-groupManagement] INFO  storage.RaftStorageDirectory (RaftStorageDirectoryImpl.java:analyzeStorage(138)) - The storage directory /home/runner/work/ozone/ozone/hadoop-ozone/integration-test/target/test-dir/MiniOzoneClusterImpl-df9b5de2-b041-43db-b9a6-571161098f76/datanode-8/data/ratis/7efbc0bc-7d7d-4e10-b6d8-7eb0424defa0 does not exist. Creating ...
2024-01-18 21:15:27,779 [09e80bb5-5452-43c5-b0d6-1fc2b272d72e-groupManagement] INFO  storage.RaftStorageDirectory (RaftStorageDirectoryImpl.java:tryLock(228)) - Lock on /home/runner/work/ozone/ozone/hadoop-ozone/integration-test/target/test-dir/MiniOzoneClusterImpl-df9b5de2-b041-43db-b9a6-571161098f76/datanode-8/data/ratis/7efbc0bc-7d7d-4e10-b6d8-7eb0424defa0/in_use.lock acquired by nodename 70315@fv-az776-647
2024-01-18 21:15:27,780 [09e80bb5-5452-43c5-b0d6-1fc2b272d72e-groupManagement] INFO  storage.RaftStorage (RaftStorageImpl.java:format(99)) - Storage directory /home/runner/work/ozone/ozone/hadoop-ozone/integration-test/target/test-dir/MiniOzoneClusterImpl-df9b5de2-b041-43db-b9a6-571161098f76/datanode-8/data/ratis/7efbc0bc-7d7d-4e10-b6d8-7eb0424defa0 has been successfully formatted.
2024-01-18 21:15:27,781 [09e80bb5-5452-43c5-b0d6-1fc2b272d72e-groupManagement] WARN  util.FileUtils (LogUtils.java:supplyAndLog(63)) - Failed to Files.newInputStream /home/runner/work/ozone/ozone/hadoop-ozone/integration-test/target/test-dir/MiniOzoneClusterImpl-df9b5de2-b041-43db-b9a6-571161098f76/datanode-8/data/ratis/7efbc0bc-7d7d-4e10-b6d8-7eb0424defa0/current/raft-meta.conf with options []: java.nio.file.NoSuchFileException: /home/runner/work/ozone/ozone/hadoop-ozone/integration-test/target/test-dir/MiniOzoneClusterImpl-df9b5de2-b041-43db-b9a6-571161098f76/datanode-8/data/ratis/7efbc0bc-7d7d-4e10-b6d8-7eb0424defa0/current/raft-meta.conf
2024-01-18 21:15:27,781 [09e80bb5-5452-43c5-b0d6-1fc2b272d72e-groupManagement] INFO  ratis.ContainerStateMachine (ContainerStateMachine.java:loadSnapshot(287)) - group-7EB0424DEFA0: The snapshot info is null. Setting the last applied index to:(t:0, i:~)
2024-01-18 21:15:27,782 [09e80bb5-5452-43c5-b0d6-1fc2b272d72e-groupManagement] INFO  server.RaftServerConfigKeys (ConfUtils.java:logGet(46)) - raft.server.log.use.memory = false (default)
2024-01-18 21:15:27,782 [09e80bb5-5452-43c5-b0d6-1fc2b272d72e-groupManagement] INFO  server.RaftServerConfigKeys (ConfUtils.java:logGet(46)) - raft.server.log.purge.gap = 1000000 (custom)
2024-01-18 21:15:27,782 [09e80bb5-5452-43c5-b0d6-1fc2b272d72e-groupManagement] INFO  server.RaftServerConfigKeys (ConfUtils.java:logGet(46)) - raft.server.log.appender.buffer.byte-limit = 8388608 (custom)
2024-01-18 21:15:27,782 [09e80bb5-5452-43c5-b0d6-1fc2b272d72e-groupManagement] INFO  server.RaftServerConfigKeys (ConfUtils.java:logGet(46)) - raft.server.log.statemachine.data.read.timeout = 1000ms (default)
2024-01-18 21:15:27,782 [09e80bb5-5452-43c5-b0d6-1fc2b272d72e-groupManagement] INFO  server.RaftServerConfigKeys (ConfUtils.java:logGet(46)) - raft.server.log.purge.preservation.log.num = 0 (default)
2024-01-18 21:15:27,783 [09e80bb5-5452-43c5-b0d6-1fc2b272d72e-groupManagement] INFO  server.RaftServerConfigKeys (ConfUtils.java:logGet(46)) - raft.server.log.segment.size.max = 67108864 (custom)
2024-01-18 21:15:27,784 [09e80bb5-5452-43c5-b0d6-1fc2b272d72e-groupManagement] INFO  server.RaftServerConfigKeys (ConfUtils.java:logGet(46)) - raft.server.log.segment.cache.num.max = 2 (custom)
2024-01-18 21:15:27,784 [09e80bb5-5452-43c5-b0d6-1fc2b272d72e-groupManagement] INFO  server.RaftServerConfigKeys (ConfUtils.java:logGet(46)) - raft.server.log.segment.cache.size.max = 200MB (=209715200) (default)
2024-01-18 21:15:27,784 [09e80bb5-5452-43c5-b0d6-1fc2b272d72e-groupManagement] INFO  server.RaftServerConfigKeys (ConfUtils.java:logGet(46)) - raft.server.log.appender.buffer.byte-limit = 8388608 (custom)
2024-01-18 21:15:27,784 [09e80bb5-5452-43c5-b0d6-1fc2b272d72e-groupManagement] INFO  util.AwaitToRun (AwaitToRun.java:start(81)) - Thread[09e80bb5-5452-43c5-b0d6-1fc2b272d72e@group-7EB0424DEFA0-cacheEviction-AwaitToRun,5,main] started
2024-01-18 21:15:27,784 [09e80bb5-5452-43c5-b0d6-1fc2b272d72e-groupManagement] INFO  segmented.SegmentedRaftLogWorker (SegmentedRaftLogWorker.java:<init>(182)) - new 09e80bb5-5452-43c5-b0d6-1fc2b272d72e@group-7EB0424DEFA0-SegmentedRaftLogWorker for RaftStorageImpl:Storage Directory /home/runner/work/ozone/ozone/hadoop-ozone/integration-test/target/test-dir/MiniOzoneClusterImpl-df9b5de2-b041-43db-b9a6-571161098f76/datanode-8/data/ratis/7efbc0bc-7d7d-4e10-b6d8-7eb0424defa0
2024-01-18 21:15:27,784 [09e80bb5-5452-43c5-b0d6-1fc2b272d72e-groupManagement] INFO  server.RaftServerConfigKeys (ConfUtils.java:logGet(46)) - raft.server.log.queue.byte-limit = 4294967296 (custom)
2024-01-18 21:15:27,784 [09e80bb5-5452-43c5-b0d6-1fc2b272d72e-groupManagement] INFO  server.RaftServerConfigKeys (ConfUtils.java:logGet(46)) - raft.server.log.queue.element-limit = 1024 (custom)
2024-01-18 21:15:27,784 [09e80bb5-5452-43c5-b0d6-1fc2b272d72e-groupManagement] INFO  server.RaftServerConfigKeys (ConfUtils.java:logGet(46)) - raft.server.log.segment.size.max = 67108864 (custom)
2024-01-18 21:15:27,784 [09e80bb5-5452-43c5-b0d6-1fc2b272d72e-groupManagement] INFO  server.RaftServerConfigKeys (ConfUtils.java:logGet(46)) - raft.server.log.preallocated.size = 4194304 (custom)
2024-01-18 21:15:27,784 [09e80bb5-5452-43c5-b0d6-1fc2b272d72e-groupManagement] INFO  server.RaftServerConfigKeys (ConfUtils.java:logGet(46)) - raft.server.log.force.sync.num = 128 (default)
2024-01-18 21:15:27,784 [09e80bb5-5452-43c5-b0d6-1fc2b272d72e-groupManagement] INFO  server.RaftServerConfigKeys (ConfUtils.java:logGet(46)) - raft.server.log.statemachine.data.sync = true (default)
2024-01-18 21:15:27,784 [09e80bb5-5452-43c5-b0d6-1fc2b272d72e-groupManagement] INFO  server.RaftServerConfigKeys (ConfUtils.java:logGet(46)) - raft.server.log.statemachine.data.sync.timeout = 10s (default)
2024-01-18 21:15:27,784 [09e80bb5-5452-43c5-b0d6-1fc2b272d72e-groupManagement] INFO  server.RaftServerConfigKeys (ConfUtils.java:logGet(46)) - raft.server.log.statemachine.data.sync.timeout.retry = 0 (custom)
2024-01-18 21:15:27,785 [09e80bb5-5452-43c5-b0d6-1fc2b272d72e-groupManagement] INFO  server.RaftServerConfigKeys (ConfUtils.java:logGet(46)) - raft.server.log.write.buffer.size = 8388616 (custom)
2024-01-18 21:15:27,787 [09e80bb5-5452-43c5-b0d6-1fc2b272d72e-groupManagement] INFO  server.RaftServerConfigKeys (ConfUtils.java:logGet(46)) - raft.server.log.appender.buffer.byte-limit = 8388608 (custom)
2024-01-18 21:15:27,787 [09e80bb5-5452-43c5-b0d6-1fc2b272d72e-groupManagement] INFO  server.RaftServerConfigKeys (ConfUtils.java:logGet(46)) - raft.server.log.unsafe-flush.enabled = false (default)
2024-01-18 21:15:27,787 [09e80bb5-5452-43c5-b0d6-1fc2b272d72e-groupManagement] INFO  server.RaftServerConfigKeys (ConfUtils.java:logGet(46)) - raft.server.log.async-flush.enabled = false (default)
2024-01-18 21:15:27,787 [09e80bb5-5452-43c5-b0d6-1fc2b272d72e-groupManagement] INFO  server.RaftServerConfigKeys (ConfUtils.java:logGet(46)) - raft.server.log.statemachine.data.caching.enabled = true (custom)
2024-01-18 21:15:27,787 [09e80bb5-5452-43c5-b0d6-1fc2b272d72e-groupManagement] INFO  segmented.SegmentedRaftLogWorker (SegmentedRaftLogWorker.java:lambda$new$0(134)) - 09e80bb5-5452-43c5-b0d6-1fc2b272d72e@group-7EB0424DEFA0-SegmentedRaftLogWorker: flushIndex: setUnconditionally 0 -> -1
2024-01-18 21:15:27,787 [09e80bb5-5452-43c5-b0d6-1fc2b272d72e-groupManagement] INFO  segmented.SegmentedRaftLogWorker (SegmentedRaftLogWorker.java:lambda$new$0(134)) - 09e80bb5-5452-43c5-b0d6-1fc2b272d72e@group-7EB0424DEFA0-SegmentedRaftLogWorker: safeCacheEvictIndex: setUnconditionally 0 -> -1
2024-01-18 21:15:27,787 [09e80bb5-5452-43c5-b0d6-1fc2b272d72e-groupManagement] INFO  server.RaftServer$Division (RaftServerImpl.java:start(396)) - 09e80bb5-5452-43c5-b0d6-1fc2b272d72e@group-7EB0424DEFA0: start as a follower, conf=-1: peers:[29c9cbb7-9d34-4a8c-85ab-994756aa497f|10.1.0.44:15433, 09e80bb5-5452-43c5-b0d6-1fc2b272d72e|10.1.0.44:15442, acbd5797-4277-4d01-af47-c19d7e55cc48|10.1.0.44:15424]|listeners:[], old=null
2024-01-18 21:15:27,787 [09e80bb5-5452-43c5-b0d6-1fc2b272d72e-groupManagement] INFO  server.RaftServer$Division (RaftServerImpl.java:setRole(383)) - 09e80bb5-5452-43c5-b0d6-1fc2b272d72e@group-7EB0424DEFA0: changes role from      null to FOLLOWER at term 0 for startAsFollower
2024-01-18 21:15:27,787 [09e80bb5-5452-43c5-b0d6-1fc2b272d72e-groupManagement] INFO  impl.RoleInfo (RoleInfo.java:updateAndGet(139)) - 09e80bb5-5452-43c5-b0d6-1fc2b272d72e: start 09e80bb5-5452-43c5-b0d6-1fc2b272d72e@group-7EB0424DEFA0-FollowerState
2024-01-18 21:15:27,788 [09e80bb5-5452-43c5-b0d6-1fc2b272d72e@group-7EB0424DEFA0-FollowerState] INFO  server.RaftServerConfigKeys (ConfUtils.java:logFallback(53)) - raft.server.rpc.first-election.timeout.min = 5s (fallback to raft.server.rpc.timeout.min)
2024-01-18 21:15:27,788 [09e80bb5-5452-43c5-b0d6-1fc2b272d72e-groupManagement] INFO  util.JmxRegister (JmxRegister.java:tryRegister(44)) - Successfully registered JMX Bean with object name Ratis:service=RaftServer,group=group-7EB0424DEFA0,id=09e80bb5-5452-43c5-b0d6-1fc2b272d72e
2024-01-18 21:15:27,788 [09e80bb5-5452-43c5-b0d6-1fc2b272d72e@group-7EB0424DEFA0-FollowerState] INFO  server.RaftServerConfigKeys (ConfUtils.java:logFallback(53)) - raft.server.rpc.first-election.timeout.max = 5200ms (fallback to raft.server.rpc.timeout.max)
2024-01-18 21:15:27,788 [09e80bb5-5452-43c5-b0d6-1fc2b272d72e-groupManagement] INFO  server.RaftServerConfigKeys (ConfUtils.java:logGet(46)) - raft.server.snapshot.trigger-when-stop.enabled = true (default)
2024-01-18 21:15:27,788 [09e80bb5-5452-43c5-b0d6-1fc2b272d72e-groupManagement] INFO  server.RaftServerConfigKeys (ConfUtils.java:logGet(46)) - raft.server.snapshot.auto.trigger.enabled = true (custom)
2024-01-18 21:15:27,788 [09e80bb5-5452-43c5-b0d6-1fc2b272d72e-groupManagement] INFO  server.RaftServerConfigKeys (ConfUtils.java:logGet(46)) - raft.server.snapshot.auto.trigger.threshold = 10000 (custom)
2024-01-18 21:15:27,788 [09e80bb5-5452-43c5-b0d6-1fc2b272d72e-groupManagement] INFO  server.RaftServerConfigKeys (ConfUtils.java:logGet(46)) - raft.server.snapshot.retention.file.num = 5 (custom)
2024-01-18 21:15:27,788 [09e80bb5-5452-43c5-b0d6-1fc2b272d72e-groupManagement] INFO  server.RaftServerConfigKeys (ConfUtils.java:logGet(46)) - raft.server.log.purge.upto.snapshot.index = false (default)
2024-01-18 21:15:27,797 [grpc-default-executor-3] INFO  server.RaftServer (RaftServerProxy.java:addNew(100)) - 29c9cbb7-9d34-4a8c-85ab-994756aa497f: addNew group-7EB0424DEFA0:[29c9cbb7-9d34-4a8c-85ab-994756aa497f|10.1.0.44:15433, 09e80bb5-5452-43c5-b0d6-1fc2b272d72e|10.1.0.44:15442, acbd5797-4277-4d01-af47-c19d7e55cc48|10.1.0.44:15424] returns group-7EB0424DEFA0:java.util.concurrent.CompletableFuture@66b25148[Not completed]
2024-01-18 21:15:27,798 [29c9cbb7-9d34-4a8c-85ab-994756aa497f-groupManagement] INFO  server.RaftServer$Division (RaftServerImpl.java:<init>(256)) - 29c9cbb7-9d34-4a8c-85ab-994756aa497f: new RaftServerImpl for group-7EB0424DEFA0:[29c9cbb7-9d34-4a8c-85ab-994756aa497f|10.1.0.44:15433, 09e80bb5-5452-43c5-b0d6-1fc2b272d72e|10.1.0.44:15442, acbd5797-4277-4d01-af47-c19d7e55cc48|10.1.0.44:15424] with ContainerStateMachine:uninitialized
2024-01-18 21:15:27,798 [29c9cbb7-9d34-4a8c-85ab-994756aa497f-groupManagement] INFO  server.RaftServerConfigKeys (ConfUtils.java:logGet(46)) - raft.server.rpc.timeout.min = 5s (custom)
2024-01-18 21:15:27,798 [29c9cbb7-9d34-4a8c-85ab-994756aa497f-groupManagement] INFO  server.RaftServerConfigKeys (ConfUtils.java:logGet(46)) - raft.server.rpc.timeout.max = 5200ms (custom)
2024-01-18 21:15:27,798 [29c9cbb7-9d34-4a8c-85ab-994756aa497f-groupManagement] INFO  server.RaftServerConfigKeys (ConfUtils.java:logGet(46)) - raft.server.rpc.sleep.time = 25ms (default)
2024-01-18 21:15:27,798 [29c9cbb7-9d34-4a8c-85ab-994756aa497f-groupManagement] INFO  server.RaftServerConfigKeys (ConfUtils.java:logGet(46)) - raft.server.rpc.slowness.timeout = 300000ms (custom)
2024-01-18 21:15:27,798 [29c9cbb7-9d34-4a8c-85ab-994756aa497f-groupManagement] INFO  server.RaftServerConfigKeys (ConfUtils.java:logGet(46)) - raft.server.leaderelection.leader.step-down.wait-time = 10s (default)
2024-01-18 21:15:27,798 [29c9cbb7-9d34-4a8c-85ab-994756aa497f-groupManagement] INFO  server.RaftServerConfigKeys (ConfUtils.java:logGet(46)) - raft.server.leaderelection.member.majority-add = false (default)
2024-01-18 21:15:27,798 [29c9cbb7-9d34-4a8c-85ab-994756aa497f-groupManagement] INFO  server.RaftServerConfigKeys (ConfUtils.java:logGet(46)) - raft.server.sleep.deviation.threshold = 300ms (default)
2024-01-18 21:15:27,798 [29c9cbb7-9d34-4a8c-85ab-994756aa497f-groupManagement] INFO  server.RaftServer$Division (ServerState.java:<init>(113)) - 29c9cbb7-9d34-4a8c-85ab-994756aa497f@group-7EB0424DEFA0: ConfigurationManager, init=-1: peers:[29c9cbb7-9d34-4a8c-85ab-994756aa497f|10.1.0.44:15433, 09e80bb5-5452-43c5-b0d6-1fc2b272d72e|10.1.0.44:15442, acbd5797-4277-4d01-af47-c19d7e55cc48|10.1.0.44:15424]|listeners:[], old=null, confs=<EMPTY_MAP>
2024-01-18 21:15:27,798 [29c9cbb7-9d34-4a8c-85ab-994756aa497f-groupManagement] INFO  server.RaftServerConfigKeys (ConfUtils.java:logGet(46)) - raft.server.notification.no-leader.timeout = 300000ms (custom)
2024-01-18 21:15:27,798 [29c9cbb7-9d34-4a8c-85ab-994756aa497f-groupManagement] INFO  server.RaftServerConfigKeys (ConfUtils.java:logGet(46)) - raft.server.read.timeout = 10s (default)
2024-01-18 21:15:27,798 [29c9cbb7-9d34-4a8c-85ab-994756aa497f-groupManagement] INFO  server.RaftServerConfigKeys (ConfUtils.java:logGet(46)) - raft.server.retrycache.expirytime = 600000ms (custom)
2024-01-18 21:15:27,798 [29c9cbb7-9d34-4a8c-85ab-994756aa497f-groupManagement] INFO  server.RaftServerConfigKeys (ConfUtils.java:logGet(46)) - raft.server.retrycache.statistics.expirytime = 100ms (default)
2024-01-18 21:15:27,798 [29c9cbb7-9d34-4a8c-85ab-994756aa497f-groupManagement] INFO  server.RaftServerConfigKeys (ConfUtils.java:logGet(46)) - raft.server.read.option = DEFAULT (default)
2024-01-18 21:15:27,798 [29c9cbb7-9d34-4a8c-85ab-994756aa497f-groupManagement] INFO  server.RaftServerConfigKeys (ConfUtils.java:logGet(46)) - raft.server.read.read-after-write-consistent.write-index-cache.expiry-time = 60s (default)
2024-01-18 21:15:27,800 [29c9cbb7-9d34-4a8c-85ab-994756aa497f-groupManagement] INFO  server.RaftServerConfigKeys (ConfUtils.java:logGet(46)) - raft.server.rpc.request.timeout = 3000ms (default)
2024-01-18 21:15:27,800 [29c9cbb7-9d34-4a8c-85ab-994756aa497f-groupManagement] INFO  server.RaftServerConfigKeys (ConfUtils.java:logGet(46)) - raft.server.log.appender.install.snapshot.enabled = false (custom)
2024-01-18 21:15:27,800 [29c9cbb7-9d34-4a8c-85ab-994756aa497f-groupManagement] INFO  server.RaftServerConfigKeys (ConfUtils.java:logGet(46)) - raft.server.threadpool.server.cached = true (default)
2024-01-18 21:15:27,800 [29c9cbb7-9d34-4a8c-85ab-994756aa497f-groupManagement] INFO  server.RaftServerConfigKeys (ConfUtils.java:logGet(46)) - raft.server.threadpool.server.size = 0 (default)
2024-01-18 21:15:27,800 [29c9cbb7-9d34-4a8c-85ab-994756aa497f-groupManagement] INFO  server.RaftServerConfigKeys (ConfUtils.java:logGet(46)) - raft.server.threadpool.client.cached = true (default)
2024-01-18 21:15:27,800 [29c9cbb7-9d34-4a8c-85ab-994756aa497f-groupManagement] INFO  server.RaftServerConfigKeys (ConfUtils.java:logGet(46)) - raft.server.threadpool.client.size = 0 (default)
2024-01-18 21:15:27,800 [29c9cbb7-9d34-4a8c-85ab-994756aa497f-groupManagement] INFO  server.RaftServerConfigKeys (ConfUtils.java:logGet(46)) - raft.server.storage.free-space.min = 0MB (=0) (default)
2024-01-18 21:15:27,800 [29c9cbb7-9d34-4a8c-85ab-994756aa497f-groupManagement] INFO  server.RaftServerConfigKeys (ConfUtils.java:logGet(46)) - raft.server.log.corruption.policy = EXCEPTION (default)
2024-01-18 21:15:27,800 [29c9cbb7-9d34-4a8c-85ab-994756aa497f-groupManagement] INFO  server.RaftServerConfigKeys (ConfUtils.java:logGet(46)) - raft.server.storage.dir = [/home/runner/work/ozone/ozone/hadoop-ozone/integration-test/target/test-dir/MiniOzoneClusterImpl-df9b5de2-b041-43db-b9a6-571161098f76/datanode-7/data/ratis] (custom)
2024-01-18 21:15:27,800 [29c9cbb7-9d34-4a8c-85ab-994756aa497f-groupManagement] INFO  storage.RaftStorageDirectory (RaftStorageDirectoryImpl.java:analyzeStorage(138)) - The storage directory /home/runner/work/ozone/ozone/hadoop-ozone/integration-test/target/test-dir/MiniOzoneClusterImpl-df9b5de2-b041-43db-b9a6-571161098f76/datanode-7/data/ratis/7efbc0bc-7d7d-4e10-b6d8-7eb0424defa0 does not exist. Creating ...
2024-01-18 21:15:27,801 [29c9cbb7-9d34-4a8c-85ab-994756aa497f-groupManagement] INFO  storage.RaftStorageDirectory (RaftStorageDirectoryImpl.java:tryLock(228)) - Lock on /home/runner/work/ozone/ozone/hadoop-ozone/integration-test/target/test-dir/MiniOzoneClusterImpl-df9b5de2-b041-43db-b9a6-571161098f76/datanode-7/data/ratis/7efbc0bc-7d7d-4e10-b6d8-7eb0424defa0/in_use.lock acquired by nodename 70315@fv-az776-647
2024-01-18 21:15:27,802 [29c9cbb7-9d34-4a8c-85ab-994756aa497f-groupManagement] INFO  storage.RaftStorage (RaftStorageImpl.java:format(99)) - Storage directory /home/runner/work/ozone/ozone/hadoop-ozone/integration-test/target/test-dir/MiniOzoneClusterImpl-df9b5de2-b041-43db-b9a6-571161098f76/datanode-7/data/ratis/7efbc0bc-7d7d-4e10-b6d8-7eb0424defa0 has been successfully formatted.
2024-01-18 21:15:27,802 [29c9cbb7-9d34-4a8c-85ab-994756aa497f-groupManagement] WARN  util.FileUtils (LogUtils.java:supplyAndLog(63)) - Failed to Files.newInputStream /home/runner/work/ozone/ozone/hadoop-ozone/integration-test/target/test-dir/MiniOzoneClusterImpl-df9b5de2-b041-43db-b9a6-571161098f76/datanode-7/data/ratis/7efbc0bc-7d7d-4e10-b6d8-7eb0424defa0/current/raft-meta.conf with options []: java.nio.file.NoSuchFileException: /home/runner/work/ozone/ozone/hadoop-ozone/integration-test/target/test-dir/MiniOzoneClusterImpl-df9b5de2-b041-43db-b9a6-571161098f76/datanode-7/data/ratis/7efbc0bc-7d7d-4e10-b6d8-7eb0424defa0/current/raft-meta.conf
2024-01-18 21:15:27,803 [29c9cbb7-9d34-4a8c-85ab-994756aa497f-groupManagement] INFO  ratis.ContainerStateMachine (ContainerStateMachine.java:loadSnapshot(287)) - group-7EB0424DEFA0: The snapshot info is null. Setting the last applied index to:(t:0, i:~)
2024-01-18 21:15:27,803 [29c9cbb7-9d34-4a8c-85ab-994756aa497f-groupManagement] INFO  server.RaftServerConfigKeys (ConfUtils.java:logGet(46)) - raft.server.log.use.memory = false (default)
2024-01-18 21:15:27,803 [29c9cbb7-9d34-4a8c-85ab-994756aa497f-groupManagement] INFO  server.RaftServerConfigKeys (ConfUtils.java:logGet(46)) - raft.server.log.purge.gap = 1000000 (custom)
2024-01-18 21:15:27,803 [29c9cbb7-9d34-4a8c-85ab-994756aa497f-groupManagement] INFO  server.RaftServerConfigKeys (ConfUtils.java:logGet(46)) - raft.server.log.appender.buffer.byte-limit = 8388608 (custom)
2024-01-18 21:15:27,803 [29c9cbb7-9d34-4a8c-85ab-994756aa497f-groupManagement] INFO  server.RaftServerConfigKeys (ConfUtils.java:logGet(46)) - raft.server.log.statemachine.data.read.timeout = 1000ms (default)
2024-01-18 21:15:27,803 [29c9cbb7-9d34-4a8c-85ab-994756aa497f-groupManagement] INFO  server.RaftServerConfigKeys (ConfUtils.java:logGet(46)) - raft.server.log.purge.preservation.log.num = 0 (default)
2024-01-18 21:15:27,804 [29c9cbb7-9d34-4a8c-85ab-994756aa497f-groupManagement] INFO  server.RaftServerConfigKeys (ConfUtils.java:logGet(46)) - raft.server.log.segment.size.max = 67108864 (custom)
2024-01-18 21:15:27,804 [29c9cbb7-9d34-4a8c-85ab-994756aa497f-groupManagement] INFO  server.RaftServerConfigKeys (ConfUtils.java:logGet(46)) - raft.server.log.segment.cache.num.max = 2 (custom)
2024-01-18 21:15:27,804 [29c9cbb7-9d34-4a8c-85ab-994756aa497f-groupManagement] INFO  server.RaftServerConfigKeys (ConfUtils.java:logGet(46)) - raft.server.log.segment.cache.size.max = 200MB (=209715200) (default)
2024-01-18 21:15:27,804 [29c9cbb7-9d34-4a8c-85ab-994756aa497f-groupManagement] INFO  server.RaftServerConfigKeys (ConfUtils.java:logGet(46)) - raft.server.log.appender.buffer.byte-limit = 8388608 (custom)
2024-01-18 21:15:27,805 [29c9cbb7-9d34-4a8c-85ab-994756aa497f-groupManagement] INFO  util.AwaitToRun (AwaitToRun.java:start(81)) - Thread[29c9cbb7-9d34-4a8c-85ab-994756aa497f@group-7EB0424DEFA0-cacheEviction-AwaitToRun,5,main] started
2024-01-18 21:15:27,805 [29c9cbb7-9d34-4a8c-85ab-994756aa497f-groupManagement] INFO  segmented.SegmentedRaftLogWorker (SegmentedRaftLogWorker.java:<init>(182)) - new 29c9cbb7-9d34-4a8c-85ab-994756aa497f@group-7EB0424DEFA0-SegmentedRaftLogWorker for RaftStorageImpl:Storage Directory /home/runner/work/ozone/ozone/hadoop-ozone/integration-test/target/test-dir/MiniOzoneClusterImpl-df9b5de2-b041-43db-b9a6-571161098f76/datanode-7/data/ratis/7efbc0bc-7d7d-4e10-b6d8-7eb0424defa0
2024-01-18 21:15:27,805 [29c9cbb7-9d34-4a8c-85ab-994756aa497f-groupManagement] INFO  server.RaftServerConfigKeys (ConfUtils.java:logGet(46)) - raft.server.log.queue.byte-limit = 4294967296 (custom)
2024-01-18 21:15:27,805 [29c9cbb7-9d34-4a8c-85ab-994756aa497f-groupManagement] INFO  server.RaftServerConfigKeys (ConfUtils.java:logGet(46)) - raft.server.log.queue.element-limit = 1024 (custom)
2024-01-18 21:15:27,805 [29c9cbb7-9d34-4a8c-85ab-994756aa497f-groupManagement] INFO  server.RaftServerConfigKeys (ConfUtils.java:logGet(46)) - raft.server.log.segment.size.max = 67108864 (custom)
2024-01-18 21:15:27,805 [29c9cbb7-9d34-4a8c-85ab-994756aa497f-groupManagement] INFO  server.RaftServerConfigKeys (ConfUtils.java:logGet(46)) - raft.server.log.preallocated.size = 4194304 (custom)
2024-01-18 21:15:27,805 [29c9cbb7-9d34-4a8c-85ab-994756aa497f-groupManagement] INFO  server.RaftServerConfigKeys (ConfUtils.java:logGet(46)) - raft.server.log.force.sync.num = 128 (default)
2024-01-18 21:15:27,805 [29c9cbb7-9d34-4a8c-85ab-994756aa497f-groupManagement] INFO  server.RaftServerConfigKeys (ConfUtils.java:logGet(46)) - raft.server.log.statemachine.data.sync = true (default)
2024-01-18 21:15:27,805 [29c9cbb7-9d34-4a8c-85ab-994756aa497f-groupManagement] INFO  server.RaftServerConfigKeys (ConfUtils.java:logGet(46)) - raft.server.log.statemachine.data.sync.timeout = 10s (default)
2024-01-18 21:15:27,805 [29c9cbb7-9d34-4a8c-85ab-994756aa497f-groupManagement] INFO  server.RaftServerConfigKeys (ConfUtils.java:logGet(46)) - raft.server.log.statemachine.data.sync.timeout.retry = 0 (custom)
2024-01-18 21:15:27,805 [29c9cbb7-9d34-4a8c-85ab-994756aa497f-groupManagement] INFO  server.RaftServerConfigKeys (ConfUtils.java:logGet(46)) - raft.server.log.write.buffer.size = 8388616 (custom)
2024-01-18 21:15:27,806 [29c9cbb7-9d34-4a8c-85ab-994756aa497f-groupManagement] INFO  server.RaftServerConfigKeys (ConfUtils.java:logGet(46)) - raft.server.log.appender.buffer.byte-limit = 8388608 (custom)
2024-01-18 21:15:27,806 [29c9cbb7-9d34-4a8c-85ab-994756aa497f-groupManagement] INFO  server.RaftServerConfigKeys (ConfUtils.java:logGet(46)) - raft.server.log.unsafe-flush.enabled = false (default)
2024-01-18 21:15:27,806 [29c9cbb7-9d34-4a8c-85ab-994756aa497f-groupManagement] INFO  server.RaftServerConfigKeys (ConfUtils.java:logGet(46)) - raft.server.log.async-flush.enabled = false (default)
2024-01-18 21:15:27,806 [29c9cbb7-9d34-4a8c-85ab-994756aa497f-groupManagement] INFO  server.RaftServerConfigKeys (ConfUtils.java:logGet(46)) - raft.server.log.statemachine.data.caching.enabled = true (custom)
2024-01-18 21:15:27,807 [29c9cbb7-9d34-4a8c-85ab-994756aa497f-groupManagement] INFO  segmented.SegmentedRaftLogWorker (SegmentedRaftLogWorker.java:lambda$new$0(134)) - 29c9cbb7-9d34-4a8c-85ab-994756aa497f@group-7EB0424DEFA0-SegmentedRaftLogWorker: flushIndex: setUnconditionally 0 -> -1
2024-01-18 21:15:27,807 [29c9cbb7-9d34-4a8c-85ab-994756aa497f-groupManagement] INFO  segmented.SegmentedRaftLogWorker (SegmentedRaftLogWorker.java:lambda$new$0(134)) - 29c9cbb7-9d34-4a8c-85ab-994756aa497f@group-7EB0424DEFA0-SegmentedRaftLogWorker: safeCacheEvictIndex: setUnconditionally 0 -> -1
2024-01-18 21:15:27,807 [29c9cbb7-9d34-4a8c-85ab-994756aa497f-groupManagement] INFO  server.RaftServer$Division (RaftServerImpl.java:start(396)) - 29c9cbb7-9d34-4a8c-85ab-994756aa497f@group-7EB0424DEFA0: start as a follower, conf=-1: peers:[29c9cbb7-9d34-4a8c-85ab-994756aa497f|10.1.0.44:15433, 09e80bb5-5452-43c5-b0d6-1fc2b272d72e|10.1.0.44:15442, acbd5797-4277-4d01-af47-c19d7e55cc48|10.1.0.44:15424]|listeners:[], old=null
2024-01-18 21:15:27,807 [29c9cbb7-9d34-4a8c-85ab-994756aa497f-groupManagement] INFO  server.RaftServer$Division (RaftServerImpl.java:setRole(383)) - 29c9cbb7-9d34-4a8c-85ab-994756aa497f@group-7EB0424DEFA0: changes role from      null to FOLLOWER at term 0 for startAsFollower
2024-01-18 21:15:27,807 [29c9cbb7-9d34-4a8c-85ab-994756aa497f-groupManagement] INFO  impl.RoleInfo (RoleInfo.java:updateAndGet(139)) - 29c9cbb7-9d34-4a8c-85ab-994756aa497f: start 29c9cbb7-9d34-4a8c-85ab-994756aa497f@group-7EB0424DEFA0-FollowerState
2024-01-18 21:15:27,807 [29c9cbb7-9d34-4a8c-85ab-994756aa497f@group-7EB0424DEFA0-FollowerState] INFO  server.RaftServerConfigKeys (ConfUtils.java:logFallback(53)) - raft.server.rpc.first-election.timeout.min = 5s (fallback to raft.server.rpc.timeout.min)
2024-01-18 21:15:27,807 [29c9cbb7-9d34-4a8c-85ab-994756aa497f-groupManagement] INFO  util.JmxRegister (JmxRegister.java:tryRegister(44)) - Successfully registered JMX Bean with object name Ratis:service=RaftServer,group=group-7EB0424DEFA0,id=29c9cbb7-9d34-4a8c-85ab-994756aa497f
2024-01-18 21:15:27,807 [29c9cbb7-9d34-4a8c-85ab-994756aa497f@group-7EB0424DEFA0-FollowerState] INFO  server.RaftServerConfigKeys (ConfUtils.java:logFallback(53)) - raft.server.rpc.first-election.timeout.max = 5200ms (fallback to raft.server.rpc.timeout.max)
2024-01-18 21:15:27,807 [29c9cbb7-9d34-4a8c-85ab-994756aa497f-groupManagement] INFO  server.RaftServerConfigKeys (ConfUtils.java:logGet(46)) - raft.server.snapshot.trigger-when-stop.enabled = true (default)
2024-01-18 21:15:27,807 [29c9cbb7-9d34-4a8c-85ab-994756aa497f-groupManagement] INFO  server.RaftServerConfigKeys (ConfUtils.java:logGet(46)) - raft.server.snapshot.auto.trigger.enabled = true (custom)
2024-01-18 21:15:27,807 [29c9cbb7-9d34-4a8c-85ab-994756aa497f-groupManagement] INFO  server.RaftServerConfigKeys (ConfUtils.java:logGet(46)) - raft.server.snapshot.auto.trigger.threshold = 10000 (custom)
2024-01-18 21:15:27,807 [29c9cbb7-9d34-4a8c-85ab-994756aa497f-groupManagement] INFO  server.RaftServerConfigKeys (ConfUtils.java:logGet(46)) - raft.server.snapshot.retention.file.num = 5 (custom)
2024-01-18 21:15:27,807 [29c9cbb7-9d34-4a8c-85ab-994756aa497f-groupManagement] INFO  server.RaftServerConfigKeys (ConfUtils.java:logGet(46)) - raft.server.log.purge.upto.snapshot.index = false (default)
2024-01-18 21:15:27,810 [acbd5797-4277-4d01-af47-c19d7e55cc48-PipelineCommandHandlerThread-0] INFO  commandhandler.CreatePipelineCommandHandler (CreatePipelineCommandHandler.java:lambda$handle$2(124)) - Created Pipeline RATIS THREE PipelineID=7efbc0bc-7d7d-4e10-b6d8-7eb0424defa0.
2024-01-18 21:15:27,820 [29c9cbb7-9d34-4a8c-85ab-994756aa497f-PipelineCommandHandlerThread-0] INFO  server.RaftServer (RaftServerProxy.java:addNew(100)) - 29c9cbb7-9d34-4a8c-85ab-994756aa497f: addNew group-C5A60369CE98:[29c9cbb7-9d34-4a8c-85ab-994756aa497f|10.1.0.44:15433] returns group-C5A60369CE98:java.util.concurrent.CompletableFuture@65137c37[Not completed]
2024-01-18 21:15:27,821 [29c9cbb7-9d34-4a8c-85ab-994756aa497f-groupManagement] INFO  server.RaftServer$Division (RaftServerImpl.java:<init>(256)) - 29c9cbb7-9d34-4a8c-85ab-994756aa497f: new RaftServerImpl for group-C5A60369CE98:[29c9cbb7-9d34-4a8c-85ab-994756aa497f|10.1.0.44:15433] with ContainerStateMachine:uninitialized
2024-01-18 21:15:27,821 [29c9cbb7-9d34-4a8c-85ab-994756aa497f-groupManagement] INFO  server.RaftServerConfigKeys (ConfUtils.java:logGet(46)) - raft.server.rpc.timeout.min = 5s (custom)
2024-01-18 21:15:27,821 [29c9cbb7-9d34-4a8c-85ab-994756aa497f-groupManagement] INFO  server.RaftServerConfigKeys (ConfUtils.java:logGet(46)) - raft.server.rpc.timeout.max = 5200ms (custom)
2024-01-18 21:15:27,821 [29c9cbb7-9d34-4a8c-85ab-994756aa497f-groupManagement] INFO  server.RaftServerConfigKeys (ConfUtils.java:logGet(46)) - raft.server.rpc.sleep.time = 25ms (default)
2024-01-18 21:15:27,821 [29c9cbb7-9d34-4a8c-85ab-994756aa497f-groupManagement] INFO  server.RaftServerConfigKeys (ConfUtils.java:logGet(46)) - raft.server.rpc.slowness.timeout = 300000ms (custom)
2024-01-18 21:15:27,821 [29c9cbb7-9d34-4a8c-85ab-994756aa497f-groupManagement] INFO  server.RaftServerConfigKeys (ConfUtils.java:logGet(46)) - raft.server.leaderelection.leader.step-down.wait-time = 10s (default)
2024-01-18 21:15:27,821 [29c9cbb7-9d34-4a8c-85ab-994756aa497f-groupManagement] INFO  server.RaftServerConfigKeys (ConfUtils.java:logGet(46)) - raft.server.leaderelection.member.majority-add = false (default)
2024-01-18 21:15:27,821 [29c9cbb7-9d34-4a8c-85ab-994756aa497f-groupManagement] INFO  server.RaftServerConfigKeys (ConfUtils.java:logGet(46)) - raft.server.sleep.deviation.threshold = 300ms (default)
2024-01-18 21:15:27,821 [29c9cbb7-9d34-4a8c-85ab-994756aa497f-groupManagement] INFO  server.RaftServer$Division (ServerState.java:<init>(113)) - 29c9cbb7-9d34-4a8c-85ab-994756aa497f@group-C5A60369CE98: ConfigurationManager, init=-1: peers:[29c9cbb7-9d34-4a8c-85ab-994756aa497f|10.1.0.44:15433]|listeners:[], old=null, confs=<EMPTY_MAP>
2024-01-18 21:15:27,821 [29c9cbb7-9d34-4a8c-85ab-994756aa497f-groupManagement] INFO  server.RaftServerConfigKeys (ConfUtils.java:logGet(46)) - raft.server.notification.no-leader.timeout = 300000ms (custom)
2024-01-18 21:15:27,821 [29c9cbb7-9d34-4a8c-85ab-994756aa497f-groupManagement] INFO  server.RaftServerConfigKeys (ConfUtils.java:logGet(46)) - raft.server.read.timeout = 10s (default)
2024-01-18 21:15:27,821 [29c9cbb7-9d34-4a8c-85ab-994756aa497f-groupManagement] INFO  server.RaftServerConfigKeys (ConfUtils.java:logGet(46)) - raft.server.retrycache.expirytime = 600000ms (custom)
2024-01-18 21:15:27,821 [29c9cbb7-9d34-4a8c-85ab-994756aa497f-groupManagement] INFO  server.RaftServerConfigKeys (ConfUtils.java:logGet(46)) - raft.server.retrycache.statistics.expirytime = 100ms (default)
2024-01-18 21:15:27,821 [29c9cbb7-9d34-4a8c-85ab-994756aa497f-groupManagement] INFO  server.RaftServerConfigKeys (ConfUtils.java:logGet(46)) - raft.server.read.option = DEFAULT (default)
2024-01-18 21:15:27,821 [29c9cbb7-9d34-4a8c-85ab-994756aa497f-groupManagement] INFO  server.RaftServerConfigKeys (ConfUtils.java:logGet(46)) - raft.server.read.read-after-write-consistent.write-index-cache.expiry-time = 60s (default)
2024-01-18 21:15:27,823 [29c9cbb7-9d34-4a8c-85ab-994756aa497f-groupManagement] INFO  server.RaftServerConfigKeys (ConfUtils.java:logGet(46)) - raft.server.rpc.request.timeout = 3000ms (default)
2024-01-18 21:15:27,823 [29c9cbb7-9d34-4a8c-85ab-994756aa497f-groupManagement] INFO  server.RaftServerConfigKeys (ConfUtils.java:logGet(46)) - raft.server.log.appender.install.snapshot.enabled = false (custom)
2024-01-18 21:15:27,823 [29c9cbb7-9d34-4a8c-85ab-994756aa497f-groupManagement] INFO  server.RaftServerConfigKeys (ConfUtils.java:logGet(46)) - raft.server.threadpool.server.cached = true (default)
2024-01-18 21:15:27,823 [29c9cbb7-9d34-4a8c-85ab-994756aa497f-groupManagement] INFO  server.RaftServerConfigKeys (ConfUtils.java:logGet(46)) - raft.server.threadpool.server.size = 0 (default)
2024-01-18 21:15:27,823 [29c9cbb7-9d34-4a8c-85ab-994756aa497f-groupManagement] INFO  server.RaftServerConfigKeys (ConfUtils.java:logGet(46)) - raft.server.threadpool.client.cached = true (default)
2024-01-18 21:15:27,823 [29c9cbb7-9d34-4a8c-85ab-994756aa497f-groupManagement] INFO  server.RaftServerConfigKeys (ConfUtils.java:logGet(46)) - raft.server.threadpool.client.size = 0 (default)
2024-01-18 21:15:27,823 [29c9cbb7-9d34-4a8c-85ab-994756aa497f-groupManagement] INFO  server.RaftServerConfigKeys (ConfUtils.java:logGet(46)) - raft.server.storage.free-space.min = 0MB (=0) (default)
2024-01-18 21:15:27,823 [29c9cbb7-9d34-4a8c-85ab-994756aa497f-groupManagement] INFO  server.RaftServerConfigKeys (ConfUtils.java:logGet(46)) - raft.server.log.corruption.policy = EXCEPTION (default)
2024-01-18 21:15:27,823 [29c9cbb7-9d34-4a8c-85ab-994756aa497f-groupManagement] INFO  server.RaftServerConfigKeys (ConfUtils.java:logGet(46)) - raft.server.storage.dir = [/home/runner/work/ozone/ozone/hadoop-ozone/integration-test/target/test-dir/MiniOzoneClusterImpl-df9b5de2-b041-43db-b9a6-571161098f76/datanode-7/data/ratis] (custom)
2024-01-18 21:15:27,823 [29c9cbb7-9d34-4a8c-85ab-994756aa497f-groupManagement] INFO  storage.RaftStorageDirectory (RaftStorageDirectoryImpl.java:analyzeStorage(138)) - The storage directory /home/runner/work/ozone/ozone/hadoop-ozone/integration-test/target/test-dir/MiniOzoneClusterImpl-df9b5de2-b041-43db-b9a6-571161098f76/datanode-7/data/ratis/cccc1c16-182b-4706-bbe8-c5a60369ce98 does not exist. Creating ...
2024-01-18 21:15:27,824 [29c9cbb7-9d34-4a8c-85ab-994756aa497f-groupManagement] INFO  storage.RaftStorageDirectory (RaftStorageDirectoryImpl.java:tryLock(228)) - Lock on /home/runner/work/ozone/ozone/hadoop-ozone/integration-test/target/test-dir/MiniOzoneClusterImpl-df9b5de2-b041-43db-b9a6-571161098f76/datanode-7/data/ratis/cccc1c16-182b-4706-bbe8-c5a60369ce98/in_use.lock acquired by nodename 70315@fv-az776-647
2024-01-18 21:15:27,825 [29c9cbb7-9d34-4a8c-85ab-994756aa497f-groupManagement] INFO  storage.RaftStorage (RaftStorageImpl.java:format(99)) - Storage directory /home/runner/work/ozone/ozone/hadoop-ozone/integration-test/target/test-dir/MiniOzoneClusterImpl-df9b5de2-b041-43db-b9a6-571161098f76/datanode-7/data/ratis/cccc1c16-182b-4706-bbe8-c5a60369ce98 has been successfully formatted.
2024-01-18 21:15:27,825 [29c9cbb7-9d34-4a8c-85ab-994756aa497f-groupManagement] WARN  util.FileUtils (LogUtils.java:supplyAndLog(63)) - Failed to Files.newInputStream /home/runner/work/ozone/ozone/hadoop-ozone/integration-test/target/test-dir/MiniOzoneClusterImpl-df9b5de2-b041-43db-b9a6-571161098f76/datanode-7/data/ratis/cccc1c16-182b-4706-bbe8-c5a60369ce98/current/raft-meta.conf with options []: java.nio.file.NoSuchFileException: /home/runner/work/ozone/ozone/hadoop-ozone/integration-test/target/test-dir/MiniOzoneClusterImpl-df9b5de2-b041-43db-b9a6-571161098f76/datanode-7/data/ratis/cccc1c16-182b-4706-bbe8-c5a60369ce98/current/raft-meta.conf
2024-01-18 21:15:27,825 [29c9cbb7-9d34-4a8c-85ab-994756aa497f-groupManagement] INFO  ratis.ContainerStateMachine (ContainerStateMachine.java:loadSnapshot(287)) - group-C5A60369CE98: The snapshot info is null. Setting the last applied index to:(t:0, i:~)
2024-01-18 21:15:27,825 [29c9cbb7-9d34-4a8c-85ab-994756aa497f-groupManagement] INFO  server.RaftServerConfigKeys (ConfUtils.java:logGet(46)) - raft.server.log.use.memory = false (default)
2024-01-18 21:15:27,825 [29c9cbb7-9d34-4a8c-85ab-994756aa497f-groupManagement] INFO  server.RaftServerConfigKeys (ConfUtils.java:logGet(46)) - raft.server.log.purge.gap = 1000000 (custom)
2024-01-18 21:15:27,825 [29c9cbb7-9d34-4a8c-85ab-994756aa497f-groupManagement] INFO  server.RaftServerConfigKeys (ConfUtils.java:logGet(46)) - raft.server.log.appender.buffer.byte-limit = 8388608 (custom)
2024-01-18 21:15:27,825 [29c9cbb7-9d34-4a8c-85ab-994756aa497f-groupManagement] INFO  server.RaftServerConfigKeys (ConfUtils.java:logGet(46)) - raft.server.log.statemachine.data.read.timeout = 1000ms (default)
2024-01-18 21:15:27,825 [29c9cbb7-9d34-4a8c-85ab-994756aa497f-groupManagement] INFO  server.RaftServerConfigKeys (ConfUtils.java:logGet(46)) - raft.server.log.purge.preservation.log.num = 0 (default)
2024-01-18 21:15:27,826 [EventQueue-PipelineReportForPipelineReportHandler] INFO  pipeline.PipelineReportHandler (PipelineReportHandler.java:processPipelineReport(136)) - Opened pipeline PipelineID=cccc1c16-182b-4706-bbe8-c5a60369ce98
2024-01-18 21:15:27,826 [EventQueue-OpenPipelineForHealthyPipelineSafeModeRule] INFO  safemode.SCMSafeModeManager (HealthyPipelineSafeModeRule.java:process(140)) - SCM in safe mode. Healthy pipelines reported count is 0, required healthy pipeline reported count is 1
2024-01-18 21:15:27,827 [29c9cbb7-9d34-4a8c-85ab-994756aa497f-groupManagement] INFO  server.RaftServerConfigKeys (ConfUtils.java:logGet(46)) - raft.server.log.segment.size.max = 67108864 (custom)
2024-01-18 21:15:27,827 [29c9cbb7-9d34-4a8c-85ab-994756aa497f-groupManagement] INFO  server.RaftServerConfigKeys (ConfUtils.java:logGet(46)) - raft.server.log.segment.cache.num.max = 2 (custom)
2024-01-18 21:15:27,827 [29c9cbb7-9d34-4a8c-85ab-994756aa497f-groupManagement] INFO  server.RaftServerConfigKeys (ConfUtils.java:logGet(46)) - raft.server.log.segment.cache.size.max = 200MB (=209715200) (default)
2024-01-18 21:15:27,827 [29c9cbb7-9d34-4a8c-85ab-994756aa497f-groupManagement] INFO  server.RaftServerConfigKeys (ConfUtils.java:logGet(46)) - raft.server.log.appender.buffer.byte-limit = 8388608 (custom)
2024-01-18 21:15:27,827 [29c9cbb7-9d34-4a8c-85ab-994756aa497f-groupManagement] INFO  util.AwaitToRun (AwaitToRun.java:start(81)) - Thread[29c9cbb7-9d34-4a8c-85ab-994756aa497f@group-C5A60369CE98-cacheEviction-AwaitToRun,5,main] started
2024-01-18 21:15:27,827 [29c9cbb7-9d34-4a8c-85ab-994756aa497f-groupManagement] INFO  segmented.SegmentedRaftLogWorker (SegmentedRaftLogWorker.java:<init>(182)) - new 29c9cbb7-9d34-4a8c-85ab-994756aa497f@group-C5A60369CE98-SegmentedRaftLogWorker for RaftStorageImpl:Storage Directory /home/runner/work/ozone/ozone/hadoop-ozone/integration-test/target/test-dir/MiniOzoneClusterImpl-df9b5de2-b041-43db-b9a6-571161098f76/datanode-7/data/ratis/cccc1c16-182b-4706-bbe8-c5a60369ce98
2024-01-18 21:15:27,827 [29c9cbb7-9d34-4a8c-85ab-994756aa497f-groupManagement] INFO  server.RaftServerConfigKeys (ConfUtils.java:logGet(46)) - raft.server.log.queue.byte-limit = 4294967296 (custom)
2024-01-18 21:15:27,827 [29c9cbb7-9d34-4a8c-85ab-994756aa497f-groupManagement] INFO  server.RaftServerConfigKeys (ConfUtils.java:logGet(46)) - raft.server.log.queue.element-limit = 1024 (custom)
2024-01-18 21:15:27,827 [29c9cbb7-9d34-4a8c-85ab-994756aa497f-groupManagement] INFO  server.RaftServerConfigKeys (ConfUtils.java:logGet(46)) - raft.server.log.segment.size.max = 67108864 (custom)
2024-01-18 21:15:27,827 [29c9cbb7-9d34-4a8c-85ab-994756aa497f-groupManagement] INFO  server.RaftServerConfigKeys (ConfUtils.java:logGet(46)) - raft.server.log.preallocated.size = 4194304 (custom)
2024-01-18 21:15:27,827 [29c9cbb7-9d34-4a8c-85ab-994756aa497f-groupManagement] INFO  server.RaftServerConfigKeys (ConfUtils.java:logGet(46)) - raft.server.log.force.sync.num = 128 (default)
2024-01-18 21:15:27,827 [29c9cbb7-9d34-4a8c-85ab-994756aa497f-groupManagement] INFO  server.RaftServerConfigKeys (ConfUtils.java:logGet(46)) - raft.server.log.statemachine.data.sync = true (default)
2024-01-18 21:15:27,827 [29c9cbb7-9d34-4a8c-85ab-994756aa497f-groupManagement] INFO  server.RaftServerConfigKeys (ConfUtils.java:logGet(46)) - raft.server.log.statemachine.data.sync.timeout = 10s (default)
2024-01-18 21:15:27,827 [29c9cbb7-9d34-4a8c-85ab-994756aa497f-groupManagement] INFO  server.RaftServerConfigKeys (ConfUtils.java:logGet(46)) - raft.server.log.statemachine.data.sync.timeout.retry = 0 (custom)
2024-01-18 21:15:27,827 [29c9cbb7-9d34-4a8c-85ab-994756aa497f-groupManagement] INFO  server.RaftServerConfigKeys (ConfUtils.java:logGet(46)) - raft.server.log.write.buffer.size = 8388616 (custom)
2024-01-18 21:15:27,829 [29c9cbb7-9d34-4a8c-85ab-994756aa497f-groupManagement] INFO  server.RaftServerConfigKeys (ConfUtils.java:logGet(46)) - raft.server.log.appender.buffer.byte-limit = 8388608 (custom)
2024-01-18 21:15:27,829 [29c9cbb7-9d34-4a8c-85ab-994756aa497f-groupManagement] INFO  server.RaftServerConfigKeys (ConfUtils.java:logGet(46)) - raft.server.log.unsafe-flush.enabled = false (default)
2024-01-18 21:15:27,829 [29c9cbb7-9d34-4a8c-85ab-994756aa497f-groupManagement] INFO  server.RaftServerConfigKeys (ConfUtils.java:logGet(46)) - raft.server.log.async-flush.enabled = false (default)
2024-01-18 21:15:27,829 [29c9cbb7-9d34-4a8c-85ab-994756aa497f-groupManagement] INFO  server.RaftServerConfigKeys (ConfUtils.java:logGet(46)) - raft.server.log.statemachine.data.caching.enabled = true (custom)
2024-01-18 21:15:27,829 [29c9cbb7-9d34-4a8c-85ab-994756aa497f-groupManagement] INFO  segmented.SegmentedRaftLogWorker (SegmentedRaftLogWorker.java:lambda$new$0(134)) - 29c9cbb7-9d34-4a8c-85ab-994756aa497f@group-C5A60369CE98-SegmentedRaftLogWorker: flushIndex: setUnconditionally 0 -> -1
2024-01-18 21:15:27,829 [29c9cbb7-9d34-4a8c-85ab-994756aa497f-groupManagement] INFO  segmented.SegmentedRaftLogWorker (SegmentedRaftLogWorker.java:lambda$new$0(134)) - 29c9cbb7-9d34-4a8c-85ab-994756aa497f@group-C5A60369CE98-SegmentedRaftLogWorker: safeCacheEvictIndex: setUnconditionally 0 -> -1
2024-01-18 21:15:27,829 [29c9cbb7-9d34-4a8c-85ab-994756aa497f-groupManagement] INFO  server.RaftServer$Division (RaftServerImpl.java:start(396)) - 29c9cbb7-9d34-4a8c-85ab-994756aa497f@group-C5A60369CE98: start as a follower, conf=-1: peers:[29c9cbb7-9d34-4a8c-85ab-994756aa497f|10.1.0.44:15433]|listeners:[], old=null
2024-01-18 21:15:27,829 [29c9cbb7-9d34-4a8c-85ab-994756aa497f-groupManagement] INFO  server.RaftServer$Division (RaftServerImpl.java:setRole(383)) - 29c9cbb7-9d34-4a8c-85ab-994756aa497f@group-C5A60369CE98: changes role from      null to FOLLOWER at term 0 for startAsFollower
2024-01-18 21:15:27,829 [29c9cbb7-9d34-4a8c-85ab-994756aa497f-groupManagement] INFO  impl.RoleInfo (RoleInfo.java:updateAndGet(139)) - 29c9cbb7-9d34-4a8c-85ab-994756aa497f: start 29c9cbb7-9d34-4a8c-85ab-994756aa497f@group-C5A60369CE98-FollowerState
2024-01-18 21:15:27,829 [29c9cbb7-9d34-4a8c-85ab-994756aa497f@group-C5A60369CE98-FollowerState] INFO  server.RaftServerConfigKeys (ConfUtils.java:logFallback(53)) - raft.server.rpc.first-election.timeout.min = 5s (fallback to raft.server.rpc.timeout.min)
2024-01-18 21:15:27,829 [29c9cbb7-9d34-4a8c-85ab-994756aa497f-groupManagement] INFO  util.JmxRegister (JmxRegister.java:tryRegister(44)) - Successfully registered JMX Bean with object name Ratis:service=RaftServer,group=group-C5A60369CE98,id=29c9cbb7-9d34-4a8c-85ab-994756aa497f
2024-01-18 21:15:27,829 [29c9cbb7-9d34-4a8c-85ab-994756aa497f@group-C5A60369CE98-FollowerState] INFO  server.RaftServerConfigKeys (ConfUtils.java:logFallback(53)) - raft.server.rpc.first-election.timeout.max = 5200ms (fallback to raft.server.rpc.timeout.max)
2024-01-18 21:15:27,829 [29c9cbb7-9d34-4a8c-85ab-994756aa497f-groupManagement] INFO  server.RaftServerConfigKeys (ConfUtils.java:logGet(46)) - raft.server.snapshot.trigger-when-stop.enabled = true (default)
2024-01-18 21:15:27,829 [29c9cbb7-9d34-4a8c-85ab-994756aa497f-groupManagement] INFO  server.RaftServerConfigKeys (ConfUtils.java:logGet(46)) - raft.server.snapshot.auto.trigger.enabled = true (custom)
2024-01-18 21:15:27,830 [29c9cbb7-9d34-4a8c-85ab-994756aa497f-groupManagement] INFO  server.RaftServerConfigKeys (ConfUtils.java:logGet(46)) - raft.server.snapshot.auto.trigger.threshold = 10000 (custom)
2024-01-18 21:15:27,830 [29c9cbb7-9d34-4a8c-85ab-994756aa497f-groupManagement] INFO  server.RaftServerConfigKeys (ConfUtils.java:logGet(46)) - raft.server.snapshot.retention.file.num = 5 (custom)
2024-01-18 21:15:27,830 [29c9cbb7-9d34-4a8c-85ab-994756aa497f-groupManagement] INFO  server.RaftServerConfigKeys (ConfUtils.java:logGet(46)) - raft.server.log.purge.upto.snapshot.index = false (default)
2024-01-18 21:15:27,830 [29c9cbb7-9d34-4a8c-85ab-994756aa497f-PipelineCommandHandlerThread-0] INFO  ratis.XceiverServerRatis (XceiverServerRatis.java:addGroup(842)) - Created group PipelineID=cccc1c16-182b-4706-bbe8-c5a60369ce98
2024-01-18 21:15:27,830 [29c9cbb7-9d34-4a8c-85ab-994756aa497f-PipelineCommandHandlerThread-0] INFO  commandhandler.CreatePipelineCommandHandler (CreatePipelineCommandHandler.java:lambda$handle$2(124)) - Created Pipeline RATIS ONE PipelineID=cccc1c16-182b-4706-bbe8-c5a60369ce98.
2024-01-18 21:15:27,903 [09e80bb5-5452-43c5-b0d6-1fc2b272d72e-PipelineCommandHandlerThread-0] INFO  server.RaftServer (RaftServerProxy.java:addNew(100)) - 09e80bb5-5452-43c5-b0d6-1fc2b272d72e: addNew group-DD65E0FB03EA:[09e80bb5-5452-43c5-b0d6-1fc2b272d72e|10.1.0.44:15442] returns group-DD65E0FB03EA:java.util.concurrent.CompletableFuture@56571ab9[Not completed]
2024-01-18 21:15:27,903 [09e80bb5-5452-43c5-b0d6-1fc2b272d72e-groupManagement] INFO  server.RaftServer$Division (RaftServerImpl.java:<init>(256)) - 09e80bb5-5452-43c5-b0d6-1fc2b272d72e: new RaftServerImpl for group-DD65E0FB03EA:[09e80bb5-5452-43c5-b0d6-1fc2b272d72e|10.1.0.44:15442] with ContainerStateMachine:uninitialized
2024-01-18 21:15:27,903 [09e80bb5-5452-43c5-b0d6-1fc2b272d72e-groupManagement] INFO  server.RaftServerConfigKeys (ConfUtils.java:logGet(46)) - raft.server.rpc.timeout.min = 5s (custom)
2024-01-18 21:15:27,903 [09e80bb5-5452-43c5-b0d6-1fc2b272d72e-groupManagement] INFO  server.RaftServerConfigKeys (ConfUtils.java:logGet(46)) - raft.server.rpc.timeout.max = 5200ms (custom)
2024-01-18 21:15:27,903 [09e80bb5-5452-43c5-b0d6-1fc2b272d72e-groupManagement] INFO  server.RaftServerConfigKeys (ConfUtils.java:logGet(46)) - raft.server.rpc.sleep.time = 25ms (default)
2024-01-18 21:15:27,903 [09e80bb5-5452-43c5-b0d6-1fc2b272d72e-groupManagement] INFO  server.RaftServerConfigKeys (ConfUtils.java:logGet(46)) - raft.server.rpc.slowness.timeout = 300000ms (custom)
2024-01-18 21:15:27,903 [09e80bb5-5452-43c5-b0d6-1fc2b272d72e-groupManagement] INFO  server.RaftServerConfigKeys (ConfUtils.java:logGet(46)) - raft.server.leaderelection.leader.step-down.wait-time = 10s (default)
2024-01-18 21:15:27,903 [09e80bb5-5452-43c5-b0d6-1fc2b272d72e-groupManagement] INFO  server.RaftServerConfigKeys (ConfUtils.java:logGet(46)) - raft.server.leaderelection.member.majority-add = false (default)
2024-01-18 21:15:27,903 [09e80bb5-5452-43c5-b0d6-1fc2b272d72e-groupManagement] INFO  server.RaftServerConfigKeys (ConfUtils.java:logGet(46)) - raft.server.sleep.deviation.threshold = 300ms (default)
2024-01-18 21:15:27,903 [09e80bb5-5452-43c5-b0d6-1fc2b272d72e-groupManagement] INFO  server.RaftServer$Division (ServerState.java:<init>(113)) - 09e80bb5-5452-43c5-b0d6-1fc2b272d72e@group-DD65E0FB03EA: ConfigurationManager, init=-1: peers:[09e80bb5-5452-43c5-b0d6-1fc2b272d72e|10.1.0.44:15442]|listeners:[], old=null, confs=<EMPTY_MAP>
2024-01-18 21:15:27,904 [09e80bb5-5452-43c5-b0d6-1fc2b272d72e-groupManagement] INFO  server.RaftServerConfigKeys (ConfUtils.java:logGet(46)) - raft.server.notification.no-leader.timeout = 300000ms (custom)
2024-01-18 21:15:27,904 [09e80bb5-5452-43c5-b0d6-1fc2b272d72e-groupManagement] INFO  server.RaftServerConfigKeys (ConfUtils.java:logGet(46)) - raft.server.read.timeout = 10s (default)
2024-01-18 21:15:27,904 [09e80bb5-5452-43c5-b0d6-1fc2b272d72e-groupManagement] INFO  server.RaftServerConfigKeys (ConfUtils.java:logGet(46)) - raft.server.retrycache.expirytime = 600000ms (custom)
2024-01-18 21:15:27,904 [09e80bb5-5452-43c5-b0d6-1fc2b272d72e-groupManagement] INFO  server.RaftServerConfigKeys (ConfUtils.java:logGet(46)) - raft.server.retrycache.statistics.expirytime = 100ms (default)
2024-01-18 21:15:27,904 [09e80bb5-5452-43c5-b0d6-1fc2b272d72e-groupManagement] INFO  server.RaftServerConfigKeys (ConfUtils.java:logGet(46)) - raft.server.read.option = DEFAULT (default)
2024-01-18 21:15:27,904 [09e80bb5-5452-43c5-b0d6-1fc2b272d72e-groupManagement] INFO  server.RaftServerConfigKeys (ConfUtils.java:logGet(46)) - raft.server.read.read-after-write-consistent.write-index-cache.expiry-time = 60s (default)
2024-01-18 21:15:27,905 [main] INFO  ozone.MiniOzoneClusterImpl (MiniOzoneClusterImpl.java:lambda$waitForClusterToBeReady$0(229)) - Nodes are ready. Got 9 of 9 DN Heartbeats.
2024-01-18 21:15:27,905 [main] INFO  ozone.MiniOzoneClusterImpl (MiniOzoneClusterImpl.java:lambda$waitForClusterToBeReady$0(232)) - Waiting for cluster to exit safe mode
2024-01-18 21:15:27,905 [main] INFO  ozone.MiniOzoneClusterImpl (MiniOzoneClusterImpl.java:lambda$waitForClusterToBeReady$0(234)) - SCM became leader
2024-01-18 21:15:27,905 [09e80bb5-5452-43c5-b0d6-1fc2b272d72e-groupManagement] INFO  server.RaftServerConfigKeys (ConfUtils.java:logGet(46)) - raft.server.rpc.request.timeout = 3000ms (default)
2024-01-18 21:15:27,906 [09e80bb5-5452-43c5-b0d6-1fc2b272d72e-groupManagement] INFO  server.RaftServerConfigKeys (ConfUtils.java:logGet(46)) - raft.server.log.appender.install.snapshot.enabled = false (custom)
2024-01-18 21:15:27,906 [09e80bb5-5452-43c5-b0d6-1fc2b272d72e-groupManagement] INFO  server.RaftServerConfigKeys (ConfUtils.java:logGet(46)) - raft.server.threadpool.server.cached = true (default)
2024-01-18 21:15:27,906 [09e80bb5-5452-43c5-b0d6-1fc2b272d72e-groupManagement] INFO  server.RaftServerConfigKeys (ConfUtils.java:logGet(46)) - raft.server.threadpool.server.size = 0 (default)
2024-01-18 21:15:27,906 [09e80bb5-5452-43c5-b0d6-1fc2b272d72e-groupManagement] INFO  server.RaftServerConfigKeys (ConfUtils.java:logGet(46)) - raft.server.threadpool.client.cached = true (default)
2024-01-18 21:15:27,906 [09e80bb5-5452-43c5-b0d6-1fc2b272d72e-groupManagement] INFO  server.RaftServerConfigKeys (ConfUtils.java:logGet(46)) - raft.server.threadpool.client.size = 0 (default)
2024-01-18 21:15:27,906 [09e80bb5-5452-43c5-b0d6-1fc2b272d72e-groupManagement] INFO  server.RaftServerConfigKeys (ConfUtils.java:logGet(46)) - raft.server.storage.free-space.min = 0MB (=0) (default)
2024-01-18 21:15:27,906 [09e80bb5-5452-43c5-b0d6-1fc2b272d72e-groupManagement] INFO  server.RaftServerConfigKeys (ConfUtils.java:logGet(46)) - raft.server.log.corruption.policy = EXCEPTION (default)
2024-01-18 21:15:27,906 [09e80bb5-5452-43c5-b0d6-1fc2b272d72e-groupManagement] INFO  server.RaftServerConfigKeys (ConfUtils.java:logGet(46)) - raft.server.storage.dir = [/home/runner/work/ozone/ozone/hadoop-ozone/integration-test/target/test-dir/MiniOzoneClusterImpl-df9b5de2-b041-43db-b9a6-571161098f76/datanode-8/data/ratis] (custom)
2024-01-18 21:15:27,906 [09e80bb5-5452-43c5-b0d6-1fc2b272d72e-groupManagement] INFO  storage.RaftStorageDirectory (RaftStorageDirectoryImpl.java:analyzeStorage(138)) - The storage directory /home/runner/work/ozone/ozone/hadoop-ozone/integration-test/target/test-dir/MiniOzoneClusterImpl-df9b5de2-b041-43db-b9a6-571161098f76/datanode-8/data/ratis/7ee7a075-f0fb-478f-a7d5-dd65e0fb03ea does not exist. Creating ...
2024-01-18 21:15:27,907 [09e80bb5-5452-43c5-b0d6-1fc2b272d72e-groupManagement] INFO  storage.RaftStorageDirectory (RaftStorageDirectoryImpl.java:tryLock(228)) - Lock on /home/runner/work/ozone/ozone/hadoop-ozone/integration-test/target/test-dir/MiniOzoneClusterImpl-df9b5de2-b041-43db-b9a6-571161098f76/datanode-8/data/ratis/7ee7a075-f0fb-478f-a7d5-dd65e0fb03ea/in_use.lock acquired by nodename 70315@fv-az776-647
2024-01-18 21:15:27,907 [09e80bb5-5452-43c5-b0d6-1fc2b272d72e-groupManagement] INFO  storage.RaftStorage (RaftStorageImpl.java:format(99)) - Storage directory /home/runner/work/ozone/ozone/hadoop-ozone/integration-test/target/test-dir/MiniOzoneClusterImpl-df9b5de2-b041-43db-b9a6-571161098f76/datanode-8/data/ratis/7ee7a075-f0fb-478f-a7d5-dd65e0fb03ea has been successfully formatted.
2024-01-18 21:15:27,907 [09e80bb5-5452-43c5-b0d6-1fc2b272d72e-groupManagement] WARN  util.FileUtils (LogUtils.java:supplyAndLog(63)) - Failed to Files.newInputStream /home/runner/work/ozone/ozone/hadoop-ozone/integration-test/target/test-dir/MiniOzoneClusterImpl-df9b5de2-b041-43db-b9a6-571161098f76/datanode-8/data/ratis/7ee7a075-f0fb-478f-a7d5-dd65e0fb03ea/current/raft-meta.conf with options []: java.nio.file.NoSuchFileException: /home/runner/work/ozone/ozone/hadoop-ozone/integration-test/target/test-dir/MiniOzoneClusterImpl-df9b5de2-b041-43db-b9a6-571161098f76/datanode-8/data/ratis/7ee7a075-f0fb-478f-a7d5-dd65e0fb03ea/current/raft-meta.conf
2024-01-18 21:15:27,908 [09e80bb5-5452-43c5-b0d6-1fc2b272d72e-groupManagement] INFO  ratis.ContainerStateMachine (ContainerStateMachine.java:loadSnapshot(287)) - group-DD65E0FB03EA: The snapshot info is null. Setting the last applied index to:(t:0, i:~)
2024-01-18 21:15:27,908 [09e80bb5-5452-43c5-b0d6-1fc2b272d72e-groupManagement] INFO  server.RaftServerConfigKeys (ConfUtils.java:logGet(46)) - raft.server.log.use.memory = false (default)
2024-01-18 21:15:27,908 [09e80bb5-5452-43c5-b0d6-1fc2b272d72e-groupManagement] INFO  server.RaftServerConfigKeys (ConfUtils.java:logGet(46)) - raft.server.log.purge.gap = 1000000 (custom)
2024-01-18 21:15:27,908 [09e80bb5-5452-43c5-b0d6-1fc2b272d72e-groupManagement] INFO  server.RaftServerConfigKeys (ConfUtils.java:logGet(46)) - raft.server.log.appender.buffer.byte-limit = 8388608 (custom)
2024-01-18 21:15:27,908 [09e80bb5-5452-43c5-b0d6-1fc2b272d72e-groupManagement] INFO  server.RaftServerConfigKeys (ConfUtils.java:logGet(46)) - raft.server.log.statemachine.data.read.timeout = 1000ms (default)
2024-01-18 21:15:27,908 [09e80bb5-5452-43c5-b0d6-1fc2b272d72e-groupManagement] INFO  server.RaftServerConfigKeys (ConfUtils.java:logGet(46)) - raft.server.log.purge.preservation.log.num = 0 (default)
2024-01-18 21:15:27,908 [EventQueue-PipelineReportForPipelineReportHandler] INFO  pipeline.PipelineReportHandler (PipelineReportHandler.java:processPipelineReport(136)) - Opened pipeline PipelineID=7ee7a075-f0fb-478f-a7d5-dd65e0fb03ea
2024-01-18 21:15:27,908 [EventQueue-OpenPipelineForHealthyPipelineSafeModeRule] INFO  safemode.SCMSafeModeManager (HealthyPipelineSafeModeRule.java:process(140)) - SCM in safe mode. Healthy pipelines reported count is 0, required healthy pipeline reported count is 1
2024-01-18 21:15:27,909 [09e80bb5-5452-43c5-b0d6-1fc2b272d72e-groupManagement] INFO  server.RaftServerConfigKeys (ConfUtils.java:logGet(46)) - raft.server.log.segment.size.max = 67108864 (custom)
2024-01-18 21:15:27,909 [09e80bb5-5452-43c5-b0d6-1fc2b272d72e-groupManagement] INFO  server.RaftServerConfigKeys (ConfUtils.java:logGet(46)) - raft.server.log.segment.cache.num.max = 2 (custom)
2024-01-18 21:15:27,909 [09e80bb5-5452-43c5-b0d6-1fc2b272d72e-groupManagement] INFO  server.RaftServerConfigKeys (ConfUtils.java:logGet(46)) - raft.server.log.segment.cache.size.max = 200MB (=209715200) (default)
2024-01-18 21:15:27,909 [09e80bb5-5452-43c5-b0d6-1fc2b272d72e-groupManagement] INFO  server.RaftServerConfigKeys (ConfUtils.java:logGet(46)) - raft.server.log.appender.buffer.byte-limit = 8388608 (custom)
2024-01-18 21:15:27,909 [09e80bb5-5452-43c5-b0d6-1fc2b272d72e-groupManagement] INFO  util.AwaitToRun (AwaitToRun.java:start(81)) - Thread[09e80bb5-5452-43c5-b0d6-1fc2b272d72e@group-DD65E0FB03EA-cacheEviction-AwaitToRun,5,main] started
2024-01-18 21:15:27,909 [09e80bb5-5452-43c5-b0d6-1fc2b272d72e-groupManagement] INFO  segmented.SegmentedRaftLogWorker (SegmentedRaftLogWorker.java:<init>(182)) - new 09e80bb5-5452-43c5-b0d6-1fc2b272d72e@group-DD65E0FB03EA-SegmentedRaftLogWorker for RaftStorageImpl:Storage Directory /home/runner/work/ozone/ozone/hadoop-ozone/integration-test/target/test-dir/MiniOzoneClusterImpl-df9b5de2-b041-43db-b9a6-571161098f76/datanode-8/data/ratis/7ee7a075-f0fb-478f-a7d5-dd65e0fb03ea
2024-01-18 21:15:27,909 [09e80bb5-5452-43c5-b0d6-1fc2b272d72e-groupManagement] INFO  server.RaftServerConfigKeys (ConfUtils.java:logGet(46)) - raft.server.log.queue.byte-limit = 4294967296 (custom)
2024-01-18 21:15:27,909 [09e80bb5-5452-43c5-b0d6-1fc2b272d72e-groupManagement] INFO  server.RaftServerConfigKeys (ConfUtils.java:logGet(46)) - raft.server.log.queue.element-limit = 1024 (custom)
2024-01-18 21:15:27,909 [09e80bb5-5452-43c5-b0d6-1fc2b272d72e-groupManagement] INFO  server.RaftServerConfigKeys (ConfUtils.java:logGet(46)) - raft.server.log.segment.size.max = 67108864 (custom)
2024-01-18 21:15:27,909 [09e80bb5-5452-43c5-b0d6-1fc2b272d72e-groupManagement] INFO  server.RaftServerConfigKeys (ConfUtils.java:logGet(46)) - raft.server.log.preallocated.size = 4194304 (custom)
2024-01-18 21:15:27,909 [09e80bb5-5452-43c5-b0d6-1fc2b272d72e-groupManagement] INFO  server.RaftServerConfigKeys (ConfUtils.java:logGet(46)) - raft.server.log.force.sync.num = 128 (default)
2024-01-18 21:15:27,910 [09e80bb5-5452-43c5-b0d6-1fc2b272d72e-groupManagement] INFO  server.RaftServerConfigKeys (ConfUtils.java:logGet(46)) - raft.server.log.statemachine.data.sync = true (default)
2024-01-18 21:15:27,910 [09e80bb5-5452-43c5-b0d6-1fc2b272d72e-groupManagement] INFO  server.RaftServerConfigKeys (ConfUtils.java:logGet(46)) - raft.server.log.statemachine.data.sync.timeout = 10s (default)
2024-01-18 21:15:27,910 [09e80bb5-5452-43c5-b0d6-1fc2b272d72e-groupManagement] INFO  server.RaftServerConfigKeys (ConfUtils.java:logGet(46)) - raft.server.log.statemachine.data.sync.timeout.retry = 0 (custom)
2024-01-18 21:15:27,910 [09e80bb5-5452-43c5-b0d6-1fc2b272d72e-groupManagement] INFO  server.RaftServerConfigKeys (ConfUtils.java:logGet(46)) - raft.server.log.write.buffer.size = 8388616 (custom)
2024-01-18 21:15:27,911 [09e80bb5-5452-43c5-b0d6-1fc2b272d72e-groupManagement] INFO  server.RaftServerConfigKeys (ConfUtils.java:logGet(46)) - raft.server.log.appender.buffer.byte-limit = 8388608 (custom)
2024-01-18 21:15:27,911 [09e80bb5-5452-43c5-b0d6-1fc2b272d72e-groupManagement] INFO  server.RaftServerConfigKeys (ConfUtils.java:logGet(46)) - raft.server.log.unsafe-flush.enabled = false (default)
2024-01-18 21:15:27,911 [09e80bb5-5452-43c5-b0d6-1fc2b272d72e-groupManagement] INFO  server.RaftServerConfigKeys (ConfUtils.java:logGet(46)) - raft.server.log.async-flush.enabled = false (default)
2024-01-18 21:15:27,911 [09e80bb5-5452-43c5-b0d6-1fc2b272d72e-groupManagement] INFO  server.RaftServerConfigKeys (ConfUtils.java:logGet(46)) - raft.server.log.statemachine.data.caching.enabled = true (custom)
2024-01-18 21:15:27,911 [09e80bb5-5452-43c5-b0d6-1fc2b272d72e-groupManagement] INFO  segmented.SegmentedRaftLogWorker (SegmentedRaftLogWorker.java:lambda$new$0(134)) - 09e80bb5-5452-43c5-b0d6-1fc2b272d72e@group-DD65E0FB03EA-SegmentedRaftLogWorker: flushIndex: setUnconditionally 0 -> -1
2024-01-18 21:15:27,911 [09e80bb5-5452-43c5-b0d6-1fc2b272d72e-groupManagement] INFO  segmented.SegmentedRaftLogWorker (SegmentedRaftLogWorker.java:lambda$new$0(134)) - 09e80bb5-5452-43c5-b0d6-1fc2b272d72e@group-DD65E0FB03EA-SegmentedRaftLogWorker: safeCacheEvictIndex: setUnconditionally 0 -> -1
2024-01-18 21:15:27,912 [09e80bb5-5452-43c5-b0d6-1fc2b272d72e-groupManagement] INFO  server.RaftServer$Division (RaftServerImpl.java:start(396)) - 09e80bb5-5452-43c5-b0d6-1fc2b272d72e@group-DD65E0FB03EA: start as a follower, conf=-1: peers:[09e80bb5-5452-43c5-b0d6-1fc2b272d72e|10.1.0.44:15442]|listeners:[], old=null
2024-01-18 21:15:27,912 [09e80bb5-5452-43c5-b0d6-1fc2b272d72e-groupManagement] INFO  server.RaftServer$Division (RaftServerImpl.java:setRole(383)) - 09e80bb5-5452-43c5-b0d6-1fc2b272d72e@group-DD65E0FB03EA: changes role from      null to FOLLOWER at term 0 for startAsFollower
2024-01-18 21:15:27,912 [09e80bb5-5452-43c5-b0d6-1fc2b272d72e-groupManagement] INFO  impl.RoleInfo (RoleInfo.java:updateAndGet(139)) - 09e80bb5-5452-43c5-b0d6-1fc2b272d72e: start 09e80bb5-5452-43c5-b0d6-1fc2b272d72e@group-DD65E0FB03EA-FollowerState
2024-01-18 21:15:27,912 [09e80bb5-5452-43c5-b0d6-1fc2b272d72e-groupManagement] INFO  util.JmxRegister (JmxRegister.java:tryRegister(44)) - Successfully registered JMX Bean with object name Ratis:service=RaftServer,group=group-DD65E0FB03EA,id=09e80bb5-5452-43c5-b0d6-1fc2b272d72e
2024-01-18 21:15:27,912 [09e80bb5-5452-43c5-b0d6-1fc2b272d72e@group-DD65E0FB03EA-FollowerState] INFO  server.RaftServerConfigKeys (ConfUtils.java:logFallback(53)) - raft.server.rpc.first-election.timeout.min = 5s (fallback to raft.server.rpc.timeout.min)
2024-01-18 21:15:27,912 [09e80bb5-5452-43c5-b0d6-1fc2b272d72e-groupManagement] INFO  server.RaftServerConfigKeys (ConfUtils.java:logGet(46)) - raft.server.snapshot.trigger-when-stop.enabled = true (default)
2024-01-18 21:15:27,912 [09e80bb5-5452-43c5-b0d6-1fc2b272d72e@group-DD65E0FB03EA-FollowerState] INFO  server.RaftServerConfigKeys (ConfUtils.java:logFallback(53)) - raft.server.rpc.first-election.timeout.max = 5200ms (fallback to raft.server.rpc.timeout.max)
2024-01-18 21:15:27,912 [09e80bb5-5452-43c5-b0d6-1fc2b272d72e-groupManagement] INFO  server.RaftServerConfigKeys (ConfUtils.java:logGet(46)) - raft.server.snapshot.auto.trigger.enabled = true (custom)
2024-01-18 21:15:27,912 [09e80bb5-5452-43c5-b0d6-1fc2b272d72e-groupManagement] INFO  server.RaftServerConfigKeys (ConfUtils.java:logGet(46)) - raft.server.snapshot.auto.trigger.threshold = 10000 (custom)
2024-01-18 21:15:27,912 [09e80bb5-5452-43c5-b0d6-1fc2b272d72e-groupManagement] INFO  server.RaftServerConfigKeys (ConfUtils.java:logGet(46)) - raft.server.snapshot.retention.file.num = 5 (custom)
2024-01-18 21:15:27,913 [09e80bb5-5452-43c5-b0d6-1fc2b272d72e-groupManagement] INFO  server.RaftServerConfigKeys (ConfUtils.java:logGet(46)) - raft.server.log.purge.upto.snapshot.index = false (default)
2024-01-18 21:15:27,919 [09e80bb5-5452-43c5-b0d6-1fc2b272d72e-PipelineCommandHandlerThread-0] INFO  ratis.XceiverServerRatis (XceiverServerRatis.java:addGroup(842)) - Created group PipelineID=7ee7a075-f0fb-478f-a7d5-dd65e0fb03ea
2024-01-18 21:15:27,919 [09e80bb5-5452-43c5-b0d6-1fc2b272d72e-PipelineCommandHandlerThread-0] INFO  commandhandler.CreatePipelineCommandHandler (CreatePipelineCommandHandler.java:lambda$handle$2(124)) - Created Pipeline RATIS ONE PipelineID=7ee7a075-f0fb-478f-a7d5-dd65e0fb03ea.
2024-01-18 21:15:28,906 [main] INFO  ozone.MiniOzoneClusterImpl (MiniOzoneClusterImpl.java:lambda$waitForClusterToBeReady$0(229)) - Nodes are ready. Got 9 of 9 DN Heartbeats.
2024-01-18 21:15:28,907 [main] INFO  ozone.MiniOzoneClusterImpl (MiniOzoneClusterImpl.java:lambda$waitForClusterToBeReady$0(232)) - Waiting for cluster to exit safe mode
2024-01-18 21:15:28,907 [main] INFO  ozone.MiniOzoneClusterImpl (MiniOzoneClusterImpl.java:lambda$waitForClusterToBeReady$0(234)) - SCM became leader
2024-01-18 21:15:29,907 [main] INFO  ozone.MiniOzoneClusterImpl (MiniOzoneClusterImpl.java:lambda$waitForClusterToBeReady$0(229)) - Nodes are ready. Got 9 of 9 DN Heartbeats.
2024-01-18 21:15:29,907 [main] INFO  ozone.MiniOzoneClusterImpl (MiniOzoneClusterImpl.java:lambda$waitForClusterToBeReady$0(232)) - Waiting for cluster to exit safe mode
2024-01-18 21:15:29,907 [main] INFO  ozone.MiniOzoneClusterImpl (MiniOzoneClusterImpl.java:lambda$waitForClusterToBeReady$0(234)) - SCM became leader
2024-01-18 21:15:30,907 [main] INFO  ozone.MiniOzoneClusterImpl (MiniOzoneClusterImpl.java:lambda$waitForClusterToBeReady$0(229)) - Nodes are ready. Got 9 of 9 DN Heartbeats.
2024-01-18 21:15:30,908 [main] INFO  ozone.MiniOzoneClusterImpl (MiniOzoneClusterImpl.java:lambda$waitForClusterToBeReady$0(232)) - Waiting for cluster to exit safe mode
2024-01-18 21:15:30,908 [main] INFO  ozone.MiniOzoneClusterImpl (MiniOzoneClusterImpl.java:lambda$waitForClusterToBeReady$0(234)) - SCM became leader
2024-01-18 21:15:31,908 [main] INFO  ozone.MiniOzoneClusterImpl (MiniOzoneClusterImpl.java:lambda$waitForClusterToBeReady$0(229)) - Nodes are ready. Got 9 of 9 DN Heartbeats.
2024-01-18 21:15:31,908 [main] INFO  ozone.MiniOzoneClusterImpl (MiniOzoneClusterImpl.java:lambda$waitForClusterToBeReady$0(232)) - Waiting for cluster to exit safe mode
2024-01-18 21:15:31,908 [main] INFO  ozone.MiniOzoneClusterImpl (MiniOzoneClusterImpl.java:lambda$waitForClusterToBeReady$0(234)) - SCM became leader
2024-01-18 21:15:32,261 [50b158ec-4e8f-4837-b5f0-9c37661490ab@group-61856EC72D63-FollowerState] INFO  impl.FollowerState (FollowerState.java:run(143)) - 50b158ec-4e8f-4837-b5f0-9c37661490ab@group-61856EC72D63-FollowerState: change to CANDIDATE, lastRpcElapsedTime:5028412877ns, electionTimeout:5028ms
2024-01-18 21:15:32,261 [50b158ec-4e8f-4837-b5f0-9c37661490ab@group-61856EC72D63-FollowerState] INFO  impl.RoleInfo (RoleInfo.java:shutdownFollowerState(110)) - 50b158ec-4e8f-4837-b5f0-9c37661490ab: shutdown 50b158ec-4e8f-4837-b5f0-9c37661490ab@group-61856EC72D63-FollowerState
2024-01-18 21:15:32,261 [50b158ec-4e8f-4837-b5f0-9c37661490ab@group-61856EC72D63-FollowerState] INFO  server.RaftServer$Division (RaftServerImpl.java:setRole(383)) - 50b158ec-4e8f-4837-b5f0-9c37661490ab@group-61856EC72D63: changes role from  FOLLOWER to CANDIDATE at term 0 for changeToCandidate
2024-01-18 21:15:32,261 [50b158ec-4e8f-4837-b5f0-9c37661490ab@group-61856EC72D63-FollowerState] INFO  server.RaftServerConfigKeys (ConfUtils.java:logGet(46)) - raft.server.leaderelection.pre-vote = true (default)
2024-01-18 21:15:32,261 [50b158ec-4e8f-4837-b5f0-9c37661490ab@group-61856EC72D63-FollowerState] INFO  impl.RoleInfo (RoleInfo.java:updateAndGet(139)) - 50b158ec-4e8f-4837-b5f0-9c37661490ab: start 50b158ec-4e8f-4837-b5f0-9c37661490ab@group-61856EC72D63-LeaderElection62
2024-01-18 21:15:32,262 [50b158ec-4e8f-4837-b5f0-9c37661490ab@group-61856EC72D63-LeaderElection62] INFO  impl.LeaderElection (LeaderElection.java:askForVotes(321)) - 50b158ec-4e8f-4837-b5f0-9c37661490ab@group-61856EC72D63-LeaderElection62 PRE_VOTE round 0: submit vote requests at term 0 for -1: peers:[50b158ec-4e8f-4837-b5f0-9c37661490ab|10.1.0.44:15370]|listeners:[], old=null
2024-01-18 21:15:32,262 [50b158ec-4e8f-4837-b5f0-9c37661490ab@group-61856EC72D63-LeaderElection62] INFO  impl.LeaderElection (LeaderElection.java:askForVotes(323)) - 50b158ec-4e8f-4837-b5f0-9c37661490ab@group-61856EC72D63-LeaderElection62 PRE_VOTE round 0: result PASSED (term=0)
2024-01-18 21:15:32,263 [50b158ec-4e8f-4837-b5f0-9c37661490ab@group-61856EC72D63-LeaderElection62] INFO  impl.LeaderElection (LeaderElection.java:askForVotes(321)) - 50b158ec-4e8f-4837-b5f0-9c37661490ab@group-61856EC72D63-LeaderElection62 ELECTION round 0: submit vote requests at term 1 for -1: peers:[50b158ec-4e8f-4837-b5f0-9c37661490ab|10.1.0.44:15370]|listeners:[], old=null
2024-01-18 21:15:32,264 [50b158ec-4e8f-4837-b5f0-9c37661490ab@group-61856EC72D63-LeaderElection62] INFO  impl.LeaderElection (LeaderElection.java:askForVotes(323)) - 50b158ec-4e8f-4837-b5f0-9c37661490ab@group-61856EC72D63-LeaderElection62 ELECTION round 0: result PASSED (term=1)
2024-01-18 21:15:32,264 [50b158ec-4e8f-4837-b5f0-9c37661490ab@group-61856EC72D63-LeaderElection62] INFO  impl.RoleInfo (RoleInfo.java:shutdownLeaderElection(130)) - 50b158ec-4e8f-4837-b5f0-9c37661490ab: shutdown 50b158ec-4e8f-4837-b5f0-9c37661490ab@group-61856EC72D63-LeaderElection62
2024-01-18 21:15:32,264 [50b158ec-4e8f-4837-b5f0-9c37661490ab@group-61856EC72D63-LeaderElection62] INFO  server.RaftServer$Division (RaftServerImpl.java:setRole(383)) - 50b158ec-4e8f-4837-b5f0-9c37661490ab@group-61856EC72D63: changes role from CANDIDATE to LEADER at term 1 for changeToLeader
2024-01-18 21:15:32,264 [50b158ec-4e8f-4837-b5f0-9c37661490ab@group-61856EC72D63-LeaderElection62] INFO  server.RaftServerConfigKeys (ConfUtils.java:logGet(46)) - raft.server.staging.catchup.gap = 1000 (default)
2024-01-18 21:15:32,264 [50b158ec-4e8f-4837-b5f0-9c37661490ab@group-61856EC72D63-LeaderElection62] INFO  server.RaftServerConfigKeys (ConfUtils.java:logGet(46)) - raft.server.write.element-limit = 1024 (custom)
2024-01-18 21:15:32,264 [50b158ec-4e8f-4837-b5f0-9c37661490ab@group-61856EC72D63-LeaderElection62] INFO  server.RaftServerConfigKeys (ConfUtils.java:logGet(46)) - raft.server.write.byte-limit = 1024 M (=1073741824) (custom)
2024-01-18 21:15:32,264 [50b158ec-4e8f-4837-b5f0-9c37661490ab@group-61856EC72D63-LeaderElection62] INFO  server.RaftServerConfigKeys (ConfUtils.java:logGet(46)) - raft.server.watch.timeout = 3000ms (custom)
2024-01-18 21:15:32,264 [50b158ec-4e8f-4837-b5f0-9c37661490ab@group-61856EC72D63-LeaderElection62] INFO  server.RaftServerConfigKeys (ConfUtils.java:logGet(46)) - raft.server.watch.timeout.denomination = 1s (default)
2024-01-18 21:15:32,264 [50b158ec-4e8f-4837-b5f0-9c37661490ab@group-61856EC72D63-LeaderElection62] INFO  server.RaftServerConfigKeys (ConfUtils.java:logGet(46)) - raft.server.watch.element-limit = 65536 (default)
2024-01-18 21:15:32,264 [50b158ec-4e8f-4837-b5f0-9c37661490ab@group-61856EC72D63-LeaderElection62] INFO  server.RaftServerConfigKeys (ConfUtils.java:logGet(46)) - raft.server.read.leader.lease.enabled = false (default)
2024-01-18 21:15:32,264 [50b158ec-4e8f-4837-b5f0-9c37661490ab@group-61856EC72D63-LeaderElection62] INFO  server.RaftServerConfigKeys (ConfUtils.java:logGet(46)) - raft.server.read.leader.lease.timeout.ratio = 0.9 (default)
2024-01-18 21:15:32,264 [50b158ec-4e8f-4837-b5f0-9c37661490ab@group-61856EC72D63-LeaderElection62] INFO  server.RaftServerConfigKeys (ConfUtils.java:logGet(46)) - raft.server.rpc.timeout.min = 5s (custom)
2024-01-18 21:15:32,264 [50b158ec-4e8f-4837-b5f0-9c37661490ab@group-61856EC72D63-LeaderElection62] INFO  server.RaftServerConfigKeys (ConfUtils.java:logGet(46)) - raft.server.write.element-limit = 1024 (custom)
2024-01-18 21:15:32,265 [50b158ec-4e8f-4837-b5f0-9c37661490ab@group-61856EC72D63-LeaderElection62] INFO  server.RaftServerConfigKeys (ConfUtils.java:logGet(46)) - raft.server.write.follower.gap.ratio.max = -1.0 (default)
2024-01-18 21:15:32,265 [50b158ec-4e8f-4837-b5f0-9c37661490ab@group-61856EC72D63-LeaderElection62] INFO  impl.RoleInfo (RoleInfo.java:updateAndGet(139)) - 50b158ec-4e8f-4837-b5f0-9c37661490ab: start 50b158ec-4e8f-4837-b5f0-9c37661490ab@group-61856EC72D63-LeaderStateImpl
2024-01-18 21:15:32,265 [50b158ec-4e8f-4837-b5f0-9c37661490ab@group-61856EC72D63-LeaderElection62] INFO  server.RaftServer$Division (RaftServerImpl.java:setFirstElection(574)) - 50b158ec-4e8f-4837-b5f0-9c37661490ab@group-61856EC72D63: set firstElectionSinceStartup to false for becomeLeader
2024-01-18 21:15:32,265 [50b158ec-4e8f-4837-b5f0-9c37661490ab@group-61856EC72D63-LeaderElection62] INFO  ratis.XceiverServerRatis (XceiverServerRatis.java:handleLeaderChangedNotification(945)) - Leader change notification received for group: group-61856EC72D63 with new leaderId: 50b158ec-4e8f-4837-b5f0-9c37661490ab
2024-01-18 21:15:32,265 [50b158ec-4e8f-4837-b5f0-9c37661490ab@group-61856EC72D63-LeaderElection62] INFO  server.RaftServer$Division (ServerState.java:setLeader(269)) - 50b158ec-4e8f-4837-b5f0-9c37661490ab@group-61856EC72D63: change Leader from null to 50b158ec-4e8f-4837-b5f0-9c37661490ab at term 1 for becomeLeader, leader elected after 5043ms
2024-01-18 21:15:32,265 [50b158ec-4e8f-4837-b5f0-9c37661490ab@group-61856EC72D63-LeaderElection62] INFO  segmented.SegmentedRaftLogWorker (SegmentedRaftLogWorker.java:startLogSegment(430)) - 50b158ec-4e8f-4837-b5f0-9c37661490ab@group-61856EC72D63-SegmentedRaftLogWorker: Starting segment from index:0
2024-01-18 21:15:32,266 [50b158ec-4e8f-4837-b5f0-9c37661490ab@group-61856EC72D63-LeaderElection62] INFO  server.RaftServer$Division (ServerState.java:setRaftConf(386)) - 50b158ec-4e8f-4837-b5f0-9c37661490ab@group-61856EC72D63: set configuration 0: peers:[50b158ec-4e8f-4837-b5f0-9c37661490ab|10.1.0.44:15370]|listeners:[], old=null
2024-01-18 21:15:32,266 [50b158ec-4e8f-4837-b5f0-9c37661490ab@group-61856EC72D63-SegmentedRaftLogWorker] INFO  segmented.BufferedWriteChannel (BufferedWriteChannel.java:open(62)) - open log_inprogress_0 at position 0
2024-01-18 21:15:32,269 [EventQueue-OpenPipelineForHealthyPipelineSafeModeRule] INFO  safemode.SCMSafeModeManager (HealthyPipelineSafeModeRule.java:process(140)) - SCM in safe mode. Healthy pipelines reported count is 0, required healthy pipeline reported count is 1
2024-01-18 21:15:32,274 [50b158ec-4e8f-4837-b5f0-9c37661490ab@group-61856EC72D63-SegmentedRaftLogWorker] INFO  segmented.SegmentedRaftLogWorker (SegmentedRaftLogWorker.java:execute(634)) - 50b158ec-4e8f-4837-b5f0-9c37661490ab@group-61856EC72D63-SegmentedRaftLogWorker: created new log segment /home/runner/work/ozone/ozone/hadoop-ozone/integration-test/target/test-dir/MiniOzoneClusterImpl-df9b5de2-b041-43db-b9a6-571161098f76/datanode-0/data/ratis/dcbf677e-87ee-47bb-9125-61856ec72d63/current/log_inprogress_0
2024-01-18 21:15:32,275 [50b158ec-4e8f-4837-b5f0-9c37661490ab@group-61856EC72D63-StateMachineUpdater] INFO  server.RaftServer$Division (LeaderStateImpl.java:isApplied(320)) - leader is ready since appliedIndex == 0 >= startIndex == 0
2024-01-18 21:15:32,313 [50b158ec-4e8f-4837-b5f0-9c37661490ab@group-4F9DB852C5E0-FollowerState] INFO  impl.FollowerState (FollowerState.java:run(143)) - 50b158ec-4e8f-4837-b5f0-9c37661490ab@group-4F9DB852C5E0-FollowerState: change to CANDIDATE, lastRpcElapsedTime:5063646568ns, electionTimeout:5061ms
2024-01-18 21:15:32,313 [50b158ec-4e8f-4837-b5f0-9c37661490ab@group-4F9DB852C5E0-FollowerState] INFO  impl.RoleInfo (RoleInfo.java:shutdownFollowerState(110)) - 50b158ec-4e8f-4837-b5f0-9c37661490ab: shutdown 50b158ec-4e8f-4837-b5f0-9c37661490ab@group-4F9DB852C5E0-FollowerState
2024-01-18 21:15:32,313 [50b158ec-4e8f-4837-b5f0-9c37661490ab@group-4F9DB852C5E0-FollowerState] INFO  server.RaftServer$Division (RaftServerImpl.java:setRole(383)) - 50b158ec-4e8f-4837-b5f0-9c37661490ab@group-4F9DB852C5E0: changes role from  FOLLOWER to CANDIDATE at term 0 for changeToCandidate
2024-01-18 21:15:32,313 [50b158ec-4e8f-4837-b5f0-9c37661490ab@group-4F9DB852C5E0-FollowerState] INFO  server.RaftServerConfigKeys (ConfUtils.java:logGet(46)) - raft.server.leaderelection.pre-vote = true (default)
2024-01-18 21:15:32,313 [50b158ec-4e8f-4837-b5f0-9c37661490ab@group-4F9DB852C5E0-FollowerState] INFO  impl.RoleInfo (RoleInfo.java:updateAndGet(139)) - 50b158ec-4e8f-4837-b5f0-9c37661490ab: start 50b158ec-4e8f-4837-b5f0-9c37661490ab@group-4F9DB852C5E0-LeaderElection63
2024-01-18 21:15:32,314 [50b158ec-4e8f-4837-b5f0-9c37661490ab@group-4F9DB852C5E0-LeaderElection63] INFO  impl.LeaderElection (LeaderElection.java:askForVotes(321)) - 50b158ec-4e8f-4837-b5f0-9c37661490ab@group-4F9DB852C5E0-LeaderElection63 PRE_VOTE round 0: submit vote requests at term 0 for -1: peers:[50b158ec-4e8f-4837-b5f0-9c37661490ab|10.1.0.44:15370, 22869b9b-ca6a-4da8-a132-9d24bcd1149d|10.1.0.44:15388, 06a116e4-916e-4670-b681-a534e52e7a54|10.1.0.44:15379]|listeners:[], old=null
2024-01-18 21:15:32,314 [50b158ec-4e8f-4837-b5f0-9c37661490ab@group-4F9DB852C5E0-LeaderElection63] INFO  server.RaftServerConfigKeys (ConfUtils.java:logFallback(53)) - raft.server.rpc.first-election.timeout.min = 5s (fallback to raft.server.rpc.timeout.min)
2024-01-18 21:15:32,314 [50b158ec-4e8f-4837-b5f0-9c37661490ab@group-4F9DB852C5E0-LeaderElection63-1] INFO  server.GrpcServerProtocolClient (GrpcServerProtocolClient.java:<init>(65)) - Build channel for 22869b9b-ca6a-4da8-a132-9d24bcd1149d|10.1.0.44:15388
2024-01-18 21:15:32,314 [50b158ec-4e8f-4837-b5f0-9c37661490ab@group-4F9DB852C5E0-LeaderElection63] INFO  server.RaftServerConfigKeys (ConfUtils.java:logFallback(53)) - raft.server.rpc.first-election.timeout.max = 5200ms (fallback to raft.server.rpc.timeout.max)
2024-01-18 21:15:32,314 [50b158ec-4e8f-4837-b5f0-9c37661490ab@group-4F9DB852C5E0-LeaderElection63-2] INFO  server.GrpcServerProtocolClient (GrpcServerProtocolClient.java:<init>(65)) - Build channel for 06a116e4-916e-4670-b681-a534e52e7a54|10.1.0.44:15379
2024-01-18 21:15:32,318 [06a116e4-916e-4670-b681-a534e52e7a54@group-4F9DB852C5E0-FollowerState] INFO  impl.FollowerState (FollowerState.java:run(143)) - 06a116e4-916e-4670-b681-a534e52e7a54@group-4F9DB852C5E0-FollowerState: change to CANDIDATE, lastRpcElapsedTime:5020359894ns, electionTimeout:5020ms
2024-01-18 21:15:32,318 [06a116e4-916e-4670-b681-a534e52e7a54@group-4F9DB852C5E0-FollowerState] INFO  impl.RoleInfo (RoleInfo.java:shutdownFollowerState(110)) - 06a116e4-916e-4670-b681-a534e52e7a54: shutdown 06a116e4-916e-4670-b681-a534e52e7a54@group-4F9DB852C5E0-FollowerState
2024-01-18 21:15:32,318 [06a116e4-916e-4670-b681-a534e52e7a54@group-4F9DB852C5E0-FollowerState] INFO  server.RaftServer$Division (RaftServerImpl.java:setRole(383)) - 06a116e4-916e-4670-b681-a534e52e7a54@group-4F9DB852C5E0: changes role from  FOLLOWER to CANDIDATE at term 0 for changeToCandidate
2024-01-18 21:15:32,318 [06a116e4-916e-4670-b681-a534e52e7a54@group-4F9DB852C5E0-FollowerState] INFO  server.RaftServerConfigKeys (ConfUtils.java:logGet(46)) - raft.server.leaderelection.pre-vote = true (default)
2024-01-18 21:15:32,318 [06a116e4-916e-4670-b681-a534e52e7a54@group-4F9DB852C5E0-FollowerState] INFO  impl.RoleInfo (RoleInfo.java:updateAndGet(139)) - 06a116e4-916e-4670-b681-a534e52e7a54: start 06a116e4-916e-4670-b681-a534e52e7a54@group-4F9DB852C5E0-LeaderElection64
2024-01-18 21:15:32,320 [06a116e4-916e-4670-b681-a534e52e7a54@group-4F9DB852C5E0-LeaderElection64] INFO  impl.LeaderElection (LeaderElection.java:askForVotes(321)) - 06a116e4-916e-4670-b681-a534e52e7a54@group-4F9DB852C5E0-LeaderElection64 PRE_VOTE round 0: submit vote requests at term 0 for -1: peers:[50b158ec-4e8f-4837-b5f0-9c37661490ab|10.1.0.44:15370, 22869b9b-ca6a-4da8-a132-9d24bcd1149d|10.1.0.44:15388, 06a116e4-916e-4670-b681-a534e52e7a54|10.1.0.44:15379]|listeners:[], old=null
2024-01-18 21:15:32,320 [06a116e4-916e-4670-b681-a534e52e7a54@group-4F9DB852C5E0-LeaderElection64-1] INFO  server.GrpcServerProtocolClient (GrpcServerProtocolClient.java:<init>(65)) - Build channel for 50b158ec-4e8f-4837-b5f0-9c37661490ab|10.1.0.44:15370
2024-01-18 21:15:32,320 [06a116e4-916e-4670-b681-a534e52e7a54@group-4F9DB852C5E0-LeaderElection64] INFO  server.RaftServerConfigKeys (ConfUtils.java:logFallback(53)) - raft.server.rpc.first-election.timeout.min = 5s (fallback to raft.server.rpc.timeout.min)
2024-01-18 21:15:32,320 [06a116e4-916e-4670-b681-a534e52e7a54@group-4F9DB852C5E0-LeaderElection64-2] INFO  server.GrpcServerProtocolClient (GrpcServerProtocolClient.java:<init>(65)) - Build channel for 22869b9b-ca6a-4da8-a132-9d24bcd1149d|10.1.0.44:15388
2024-01-18 21:15:32,320 [06a116e4-916e-4670-b681-a534e52e7a54@group-4F9DB852C5E0-LeaderElection64] INFO  server.RaftServerConfigKeys (ConfUtils.java:logFallback(53)) - raft.server.rpc.first-election.timeout.max = 5200ms (fallback to raft.server.rpc.timeout.max)
2024-01-18 21:15:32,322 [grpc-default-executor-2] INFO  server.RaftServer$Division (RaftServerImpl.java:requestVote(1389)) - 22869b9b-ca6a-4da8-a132-9d24bcd1149d@group-4F9DB852C5E0: receive requestVote(PRE_VOTE, 50b158ec-4e8f-4837-b5f0-9c37661490ab, group-4F9DB852C5E0, 0, (t:0, i:0))
2024-01-18 21:15:32,322 [grpc-default-executor-2] INFO  impl.VoteContext (VoteContext.java:log(49)) - 22869b9b-ca6a-4da8-a132-9d24bcd1149d@group-4F9DB852C5E0-FOLLOWER: accept PRE_VOTE from 50b158ec-4e8f-4837-b5f0-9c37661490ab: our priority 0 <= candidate's priority 0
2024-01-18 21:15:32,322 [grpc-default-executor-2] INFO  server.RaftServer$Division (RaftServerImpl.java:requestVote(1422)) - 22869b9b-ca6a-4da8-a132-9d24bcd1149d@group-4F9DB852C5E0 replies to PRE_VOTE vote request: 50b158ec-4e8f-4837-b5f0-9c37661490ab<-22869b9b-ca6a-4da8-a132-9d24bcd1149d#0:OK-t0. Peer's state: 22869b9b-ca6a-4da8-a132-9d24bcd1149d@group-4F9DB852C5E0:t0, leader=null, voted=, raftlog=Memoized:22869b9b-ca6a-4da8-a132-9d24bcd1149d@group-4F9DB852C5E0-SegmentedRaftLog:OPENED:c-1, conf=-1: peers:[50b158ec-4e8f-4837-b5f0-9c37661490ab|10.1.0.44:15370, 22869b9b-ca6a-4da8-a132-9d24bcd1149d|10.1.0.44:15388, 06a116e4-916e-4670-b681-a534e52e7a54|10.1.0.44:15379]|listeners:[], old=null
2024-01-18 21:15:32,326 [grpc-default-executor-0] INFO  server.RaftServer$Division (RaftServerImpl.java:requestVote(1389)) - 22869b9b-ca6a-4da8-a132-9d24bcd1149d@group-4F9DB852C5E0: receive requestVote(PRE_VOTE, 06a116e4-916e-4670-b681-a534e52e7a54, group-4F9DB852C5E0, 0, (t:0, i:0))
2024-01-18 21:15:32,326 [grpc-default-executor-0] INFO  impl.VoteContext (VoteContext.java:log(49)) - 22869b9b-ca6a-4da8-a132-9d24bcd1149d@group-4F9DB852C5E0-FOLLOWER: accept PRE_VOTE from 06a116e4-916e-4670-b681-a534e52e7a54: our priority 0 <= candidate's priority 1
2024-01-18 21:15:32,326 [grpc-default-executor-3] INFO  server.RaftServer$Division (RaftServerImpl.java:requestVote(1389)) - 50b158ec-4e8f-4837-b5f0-9c37661490ab@group-4F9DB852C5E0: receive requestVote(PRE_VOTE, 06a116e4-916e-4670-b681-a534e52e7a54, group-4F9DB852C5E0, 0, (t:0, i:0))
2024-01-18 21:15:32,326 [grpc-default-executor-0] INFO  server.RaftServer$Division (RaftServerImpl.java:requestVote(1422)) - 22869b9b-ca6a-4da8-a132-9d24bcd1149d@group-4F9DB852C5E0 replies to PRE_VOTE vote request: 06a116e4-916e-4670-b681-a534e52e7a54<-22869b9b-ca6a-4da8-a132-9d24bcd1149d#0:OK-t0. Peer's state: 22869b9b-ca6a-4da8-a132-9d24bcd1149d@group-4F9DB852C5E0:t0, leader=null, voted=, raftlog=Memoized:22869b9b-ca6a-4da8-a132-9d24bcd1149d@group-4F9DB852C5E0-SegmentedRaftLog:OPENED:c-1, conf=-1: peers:[50b158ec-4e8f-4837-b5f0-9c37661490ab|10.1.0.44:15370, 22869b9b-ca6a-4da8-a132-9d24bcd1149d|10.1.0.44:15388, 06a116e4-916e-4670-b681-a534e52e7a54|10.1.0.44:15379]|listeners:[], old=null
2024-01-18 21:15:32,326 [grpc-default-executor-3] INFO  impl.VoteContext (VoteContext.java:log(49)) - 50b158ec-4e8f-4837-b5f0-9c37661490ab@group-4F9DB852C5E0-CANDIDATE: accept PRE_VOTE from 06a116e4-916e-4670-b681-a534e52e7a54: our priority 0 <= candidate's priority 1
2024-01-18 21:15:32,326 [grpc-default-executor-3] INFO  server.RaftServer$Division (RaftServerImpl.java:requestVote(1422)) - 50b158ec-4e8f-4837-b5f0-9c37661490ab@group-4F9DB852C5E0 replies to PRE_VOTE vote request: 06a116e4-916e-4670-b681-a534e52e7a54<-50b158ec-4e8f-4837-b5f0-9c37661490ab#0:OK-t0. Peer's state: 50b158ec-4e8f-4837-b5f0-9c37661490ab@group-4F9DB852C5E0:t0, leader=null, voted=, raftlog=Memoized:50b158ec-4e8f-4837-b5f0-9c37661490ab@group-4F9DB852C5E0-SegmentedRaftLog:OPENED:c-1, conf=-1: peers:[50b158ec-4e8f-4837-b5f0-9c37661490ab|10.1.0.44:15370, 22869b9b-ca6a-4da8-a132-9d24bcd1149d|10.1.0.44:15388, 06a116e4-916e-4670-b681-a534e52e7a54|10.1.0.44:15379]|listeners:[], old=null
2024-01-18 21:15:32,326 [grpc-default-executor-2] INFO  server.RaftServer$Division (RaftServerImpl.java:requestVote(1389)) - 06a116e4-916e-4670-b681-a534e52e7a54@group-4F9DB852C5E0: receive requestVote(PRE_VOTE, 50b158ec-4e8f-4837-b5f0-9c37661490ab, group-4F9DB852C5E0, 0, (t:0, i:0))
2024-01-18 21:15:32,326 [grpc-default-executor-2] INFO  impl.VoteContext (VoteContext.java:log(49)) - 06a116e4-916e-4670-b681-a534e52e7a54@group-4F9DB852C5E0-CANDIDATE: reject PRE_VOTE from 50b158ec-4e8f-4837-b5f0-9c37661490ab: our priority 1 > candidate's priority 0
2024-01-18 21:15:32,326 [grpc-default-executor-2] INFO  server.RaftServer$Division (RaftServerImpl.java:requestVote(1422)) - 06a116e4-916e-4670-b681-a534e52e7a54@group-4F9DB852C5E0 replies to PRE_VOTE vote request: 50b158ec-4e8f-4837-b5f0-9c37661490ab<-06a116e4-916e-4670-b681-a534e52e7a54#0:FAIL-t0. Peer's state: 06a116e4-916e-4670-b681-a534e52e7a54@group-4F9DB852C5E0:t0, leader=null, voted=, raftlog=Memoized:06a116e4-916e-4670-b681-a534e52e7a54@group-4F9DB852C5E0-SegmentedRaftLog:OPENED:c-1, conf=-1: peers:[50b158ec-4e8f-4837-b5f0-9c37661490ab|10.1.0.44:15370, 22869b9b-ca6a-4da8-a132-9d24bcd1149d|10.1.0.44:15388, 06a116e4-916e-4670-b681-a534e52e7a54|10.1.0.44:15379]|listeners:[], old=null
2024-01-18 21:15:32,328 [06a116e4-916e-4670-b681-a534e52e7a54@group-4F9DB852C5E0-LeaderElection64] INFO  impl.LeaderElection (LeaderElection.java:logAndReturn(89)) - 06a116e4-916e-4670-b681-a534e52e7a54@group-4F9DB852C5E0-LeaderElection64: PRE_VOTE PASSED received 1 response(s) and 0 exception(s):
2024-01-18 21:15:32,328 [06a116e4-916e-4670-b681-a534e52e7a54@group-4F9DB852C5E0-LeaderElection64] INFO  impl.LeaderElection (LeaderElection.java:logAndReturn(93)) -   Response 0: 06a116e4-916e-4670-b681-a534e52e7a54<-22869b9b-ca6a-4da8-a132-9d24bcd1149d#0:OK-t0
2024-01-18 21:15:32,328 [06a116e4-916e-4670-b681-a534e52e7a54@group-4F9DB852C5E0-LeaderElection64] INFO  impl.LeaderElection (LeaderElection.java:askForVotes(323)) - 06a116e4-916e-4670-b681-a534e52e7a54@group-4F9DB852C5E0-LeaderElection64 PRE_VOTE round 0: result PASSED
2024-01-18 21:15:32,328 [50b158ec-4e8f-4837-b5f0-9c37661490ab@group-4F9DB852C5E0-LeaderElection63] INFO  impl.LeaderElection (LeaderElection.java:logAndReturn(89)) - 50b158ec-4e8f-4837-b5f0-9c37661490ab@group-4F9DB852C5E0-LeaderElection63: PRE_VOTE REJECTED received 2 response(s) and 0 exception(s):
2024-01-18 21:15:32,328 [50b158ec-4e8f-4837-b5f0-9c37661490ab@group-4F9DB852C5E0-LeaderElection63] INFO  impl.LeaderElection (LeaderElection.java:logAndReturn(93)) -   Response 0: 50b158ec-4e8f-4837-b5f0-9c37661490ab<-22869b9b-ca6a-4da8-a132-9d24bcd1149d#0:OK-t0
2024-01-18 21:15:32,328 [50b158ec-4e8f-4837-b5f0-9c37661490ab@group-4F9DB852C5E0-LeaderElection63] INFO  impl.LeaderElection (LeaderElection.java:logAndReturn(93)) -   Response 1: 50b158ec-4e8f-4837-b5f0-9c37661490ab<-06a116e4-916e-4670-b681-a534e52e7a54#0:FAIL-t0
2024-01-18 21:15:32,329 [50b158ec-4e8f-4837-b5f0-9c37661490ab@group-4F9DB852C5E0-LeaderElection63] INFO  impl.LeaderElection (LeaderElection.java:askForVotes(323)) - 50b158ec-4e8f-4837-b5f0-9c37661490ab@group-4F9DB852C5E0-LeaderElection63 PRE_VOTE round 0: result REJECTED
2024-01-18 21:15:32,329 [50b158ec-4e8f-4837-b5f0-9c37661490ab@group-4F9DB852C5E0-LeaderElection63] INFO  server.RaftServer$Division (RaftServerImpl.java:setRole(383)) - 50b158ec-4e8f-4837-b5f0-9c37661490ab@group-4F9DB852C5E0: changes role from CANDIDATE to FOLLOWER at term 0 for REJECTED
2024-01-18 21:15:32,329 [50b158ec-4e8f-4837-b5f0-9c37661490ab@group-4F9DB852C5E0-LeaderElection63] INFO  impl.RoleInfo (RoleInfo.java:shutdownLeaderElection(130)) - 50b158ec-4e8f-4837-b5f0-9c37661490ab: shutdown 50b158ec-4e8f-4837-b5f0-9c37661490ab@group-4F9DB852C5E0-LeaderElection63
2024-01-18 21:15:32,329 [50b158ec-4e8f-4837-b5f0-9c37661490ab@group-4F9DB852C5E0-LeaderElection63] INFO  impl.RoleInfo (RoleInfo.java:updateAndGet(139)) - 50b158ec-4e8f-4837-b5f0-9c37661490ab: start 50b158ec-4e8f-4837-b5f0-9c37661490ab@group-4F9DB852C5E0-FollowerState
2024-01-18 21:15:32,330 [50b158ec-4e8f-4837-b5f0-9c37661490ab@group-4F9DB852C5E0-LeaderElection63] INFO  server.RaftServer$Division (RaftServerImpl.java:setFirstElection(574)) - 50b158ec-4e8f-4837-b5f0-9c37661490ab@group-4F9DB852C5E0: set firstElectionSinceStartup to false for REJECTED
2024-01-18 21:15:32,330 [06a116e4-916e-4670-b681-a534e52e7a54@group-4F9DB852C5E0-LeaderElection64] INFO  impl.LeaderElection (LeaderElection.java:askForVotes(321)) - 06a116e4-916e-4670-b681-a534e52e7a54@group-4F9DB852C5E0-LeaderElection64 ELECTION round 0: submit vote requests at term 1 for -1: peers:[50b158ec-4e8f-4837-b5f0-9c37661490ab|10.1.0.44:15370, 22869b9b-ca6a-4da8-a132-9d24bcd1149d|10.1.0.44:15388, 06a116e4-916e-4670-b681-a534e52e7a54|10.1.0.44:15379]|listeners:[], old=null
2024-01-18 21:15:32,330 [06a116e4-916e-4670-b681-a534e52e7a54@group-4F9DB852C5E0-LeaderElection64] INFO  server.RaftServerConfigKeys (ConfUtils.java:logFallback(53)) - raft.server.rpc.first-election.timeout.min = 5s (fallback to raft.server.rpc.timeout.min)
2024-01-18 21:15:32,330 [06a116e4-916e-4670-b681-a534e52e7a54@group-4F9DB852C5E0-LeaderElection64] INFO  server.RaftServerConfigKeys (ConfUtils.java:logFallback(53)) - raft.server.rpc.first-election.timeout.max = 5200ms (fallback to raft.server.rpc.timeout.max)
2024-01-18 21:15:32,331 [grpc-default-executor-2] INFO  server.RaftServer$Division (RaftServerImpl.java:requestVote(1389)) - 50b158ec-4e8f-4837-b5f0-9c37661490ab@group-4F9DB852C5E0: receive requestVote(ELECTION, 06a116e4-916e-4670-b681-a534e52e7a54, group-4F9DB852C5E0, 1, (t:0, i:0))
2024-01-18 21:15:32,331 [grpc-default-executor-0] INFO  server.RaftServer$Division (RaftServerImpl.java:requestVote(1389)) - 22869b9b-ca6a-4da8-a132-9d24bcd1149d@group-4F9DB852C5E0: receive requestVote(ELECTION, 06a116e4-916e-4670-b681-a534e52e7a54, group-4F9DB852C5E0, 1, (t:0, i:0))
2024-01-18 21:15:32,331 [grpc-default-executor-2] INFO  impl.VoteContext (VoteContext.java:log(49)) - 50b158ec-4e8f-4837-b5f0-9c37661490ab@group-4F9DB852C5E0-FOLLOWER: accept ELECTION from 06a116e4-916e-4670-b681-a534e52e7a54: our priority 0 <= candidate's priority 1
2024-01-18 21:15:32,331 [grpc-default-executor-0] INFO  impl.VoteContext (VoteContext.java:log(49)) - 22869b9b-ca6a-4da8-a132-9d24bcd1149d@group-4F9DB852C5E0-FOLLOWER: accept ELECTION from 06a116e4-916e-4670-b681-a534e52e7a54: our priority 0 <= candidate's priority 1
2024-01-18 21:15:32,331 [grpc-default-executor-2] INFO  server.RaftServer$Division (RaftServerImpl.java:setRole(383)) - 50b158ec-4e8f-4837-b5f0-9c37661490ab@group-4F9DB852C5E0: changes role from  FOLLOWER to FOLLOWER at term 1 for candidate:06a116e4-916e-4670-b681-a534e52e7a54
2024-01-18 21:15:32,331 [grpc-default-executor-0] INFO  server.RaftServer$Division (RaftServerImpl.java:setRole(383)) - 22869b9b-ca6a-4da8-a132-9d24bcd1149d@group-4F9DB852C5E0: changes role from  FOLLOWER to FOLLOWER at term 1 for candidate:06a116e4-916e-4670-b681-a534e52e7a54
2024-01-18 21:15:32,331 [grpc-default-executor-0] INFO  impl.RoleInfo (RoleInfo.java:shutdownFollowerState(110)) - 22869b9b-ca6a-4da8-a132-9d24bcd1149d: shutdown 22869b9b-ca6a-4da8-a132-9d24bcd1149d@group-4F9DB852C5E0-FollowerState
2024-01-18 21:15:32,331 [grpc-default-executor-2] INFO  impl.RoleInfo (RoleInfo.java:shutdownFollowerState(110)) - 50b158ec-4e8f-4837-b5f0-9c37661490ab: shutdown 50b158ec-4e8f-4837-b5f0-9c37661490ab@group-4F9DB852C5E0-FollowerState
2024-01-18 21:15:32,331 [22869b9b-ca6a-4da8-a132-9d24bcd1149d@group-4F9DB852C5E0-FollowerState] INFO  impl.FollowerState (FollowerState.java:run(152)) - 22869b9b-ca6a-4da8-a132-9d24bcd1149d@group-4F9DB852C5E0-FollowerState was interrupted
2024-01-18 21:15:32,331 [50b158ec-4e8f-4837-b5f0-9c37661490ab@group-4F9DB852C5E0-FollowerState] INFO  impl.FollowerState (FollowerState.java:run(152)) - 50b158ec-4e8f-4837-b5f0-9c37661490ab@group-4F9DB852C5E0-FollowerState was interrupted
2024-01-18 21:15:32,331 [grpc-default-executor-2] INFO  impl.RoleInfo (RoleInfo.java:updateAndGet(139)) - 50b158ec-4e8f-4837-b5f0-9c37661490ab: start 50b158ec-4e8f-4837-b5f0-9c37661490ab@group-4F9DB852C5E0-FollowerState
2024-01-18 21:15:32,331 [grpc-default-executor-0] INFO  impl.RoleInfo (RoleInfo.java:updateAndGet(139)) - 22869b9b-ca6a-4da8-a132-9d24bcd1149d: start 22869b9b-ca6a-4da8-a132-9d24bcd1149d@group-4F9DB852C5E0-FollowerState
2024-01-18 21:15:32,333 [grpc-default-executor-0] INFO  server.RaftServer$Division (RaftServerImpl.java:setFirstElection(574)) - 22869b9b-ca6a-4da8-a132-9d24bcd1149d@group-4F9DB852C5E0: set firstElectionSinceStartup to false for candidate:06a116e4-916e-4670-b681-a534e52e7a54
2024-01-18 21:15:32,334 [grpc-default-executor-2] INFO  server.RaftServer$Division (RaftServerImpl.java:requestVote(1422)) - 50b158ec-4e8f-4837-b5f0-9c37661490ab@group-4F9DB852C5E0 replies to ELECTION vote request: 06a116e4-916e-4670-b681-a534e52e7a54<-50b158ec-4e8f-4837-b5f0-9c37661490ab#0:OK-t1. Peer's state: 50b158ec-4e8f-4837-b5f0-9c37661490ab@group-4F9DB852C5E0:t1, leader=null, voted=06a116e4-916e-4670-b681-a534e52e7a54, raftlog=Memoized:50b158ec-4e8f-4837-b5f0-9c37661490ab@group-4F9DB852C5E0-SegmentedRaftLog:OPENED:c-1, conf=-1: peers:[50b158ec-4e8f-4837-b5f0-9c37661490ab|10.1.0.44:15370, 22869b9b-ca6a-4da8-a132-9d24bcd1149d|10.1.0.44:15388, 06a116e4-916e-4670-b681-a534e52e7a54|10.1.0.44:15379]|listeners:[], old=null
2024-01-18 21:15:32,334 [grpc-default-executor-0] INFO  server.RaftServer$Division (RaftServerImpl.java:requestVote(1422)) - 22869b9b-ca6a-4da8-a132-9d24bcd1149d@group-4F9DB852C5E0 replies to ELECTION vote request: 06a116e4-916e-4670-b681-a534e52e7a54<-22869b9b-ca6a-4da8-a132-9d24bcd1149d#0:OK-t1. Peer's state: 22869b9b-ca6a-4da8-a132-9d24bcd1149d@group-4F9DB852C5E0:t1, leader=null, voted=06a116e4-916e-4670-b681-a534e52e7a54, raftlog=Memoized:22869b9b-ca6a-4da8-a132-9d24bcd1149d@group-4F9DB852C5E0-SegmentedRaftLog:OPENED:c-1, conf=-1: peers:[50b158ec-4e8f-4837-b5f0-9c37661490ab|10.1.0.44:15370, 22869b9b-ca6a-4da8-a132-9d24bcd1149d|10.1.0.44:15388, 06a116e4-916e-4670-b681-a534e52e7a54|10.1.0.44:15379]|listeners:[], old=null
2024-01-18 21:15:32,334 [06a116e4-916e-4670-b681-a534e52e7a54@group-4F9DB852C5E0-LeaderElection64] INFO  impl.LeaderElection (LeaderElection.java:logAndReturn(89)) - 06a116e4-916e-4670-b681-a534e52e7a54@group-4F9DB852C5E0-LeaderElection64: ELECTION PASSED received 1 response(s) and 0 exception(s):
2024-01-18 21:15:32,334 [06a116e4-916e-4670-b681-a534e52e7a54@group-4F9DB852C5E0-LeaderElection64] INFO  impl.LeaderElection (LeaderElection.java:logAndReturn(93)) -   Response 0: 06a116e4-916e-4670-b681-a534e52e7a54<-50b158ec-4e8f-4837-b5f0-9c37661490ab#0:OK-t1
2024-01-18 21:15:32,334 [06a116e4-916e-4670-b681-a534e52e7a54@group-4F9DB852C5E0-LeaderElection64] INFO  impl.LeaderElection (LeaderElection.java:askForVotes(323)) - 06a116e4-916e-4670-b681-a534e52e7a54@group-4F9DB852C5E0-LeaderElection64 ELECTION round 0: result PASSED
2024-01-18 21:15:32,334 [06a116e4-916e-4670-b681-a534e52e7a54@group-4F9DB852C5E0-LeaderElection64] INFO  impl.RoleInfo (RoleInfo.java:shutdownLeaderElection(130)) - 06a116e4-916e-4670-b681-a534e52e7a54: shutdown 06a116e4-916e-4670-b681-a534e52e7a54@group-4F9DB852C5E0-LeaderElection64
2024-01-18 21:15:32,334 [06a116e4-916e-4670-b681-a534e52e7a54@group-4F9DB852C5E0-LeaderElection64] INFO  server.RaftServer$Division (RaftServerImpl.java:setRole(383)) - 06a116e4-916e-4670-b681-a534e52e7a54@group-4F9DB852C5E0: changes role from CANDIDATE to LEADER at term 1 for changeToLeader
2024-01-18 21:15:32,334 [06a116e4-916e-4670-b681-a534e52e7a54@group-4F9DB852C5E0-LeaderElection64] INFO  server.RaftServerConfigKeys (ConfUtils.java:logGet(46)) - raft.server.staging.catchup.gap = 1000 (default)
2024-01-18 21:15:32,334 [06a116e4-916e-4670-b681-a534e52e7a54@group-4F9DB852C5E0-LeaderElection64] INFO  server.RaftServerConfigKeys (ConfUtils.java:logGet(46)) - raft.server.write.element-limit = 1024 (custom)
2024-01-18 21:15:32,334 [06a116e4-916e-4670-b681-a534e52e7a54@group-4F9DB852C5E0-LeaderElection64] INFO  server.RaftServerConfigKeys (ConfUtils.java:logGet(46)) - raft.server.write.byte-limit = 1024 M (=1073741824) (custom)
2024-01-18 21:15:32,335 [06a116e4-916e-4670-b681-a534e52e7a54@group-4F9DB852C5E0-LeaderElection64] INFO  server.RaftServerConfigKeys (ConfUtils.java:logGet(46)) - raft.server.watch.timeout = 3000ms (custom)
2024-01-18 21:15:32,335 [06a116e4-916e-4670-b681-a534e52e7a54@group-4F9DB852C5E0-LeaderElection64] INFO  server.RaftServerConfigKeys (ConfUtils.java:logGet(46)) - raft.server.watch.timeout.denomination = 1s (default)
2024-01-18 21:15:32,335 [06a116e4-916e-4670-b681-a534e52e7a54@group-4F9DB852C5E0-LeaderElection64] INFO  server.RaftServerConfigKeys (ConfUtils.java:logGet(46)) - raft.server.watch.element-limit = 65536 (default)
2024-01-18 21:15:32,335 [06a116e4-916e-4670-b681-a534e52e7a54@group-4F9DB852C5E0-LeaderElection64] INFO  server.RaftServerConfigKeys (ConfUtils.java:logGet(46)) - raft.server.read.leader.lease.enabled = false (default)
2024-01-18 21:15:32,335 [06a116e4-916e-4670-b681-a534e52e7a54@group-4F9DB852C5E0-LeaderElection64] INFO  server.RaftServerConfigKeys (ConfUtils.java:logGet(46)) - raft.server.read.leader.lease.timeout.ratio = 0.9 (default)
2024-01-18 21:15:32,335 [06a116e4-916e-4670-b681-a534e52e7a54@group-4F9DB852C5E0-LeaderElection64] INFO  server.RaftServerConfigKeys (ConfUtils.java:logGet(46)) - raft.server.rpc.timeout.min = 5s (custom)
2024-01-18 21:15:32,335 [06a116e4-916e-4670-b681-a534e52e7a54@group-4F9DB852C5E0-LeaderElection64] INFO  server.RaftServerConfigKeys (ConfUtils.java:logGet(46)) - raft.server.write.element-limit = 1024 (custom)
2024-01-18 21:15:32,335 [06a116e4-916e-4670-b681-a534e52e7a54@group-4F9DB852C5E0-LeaderElection64] INFO  server.RaftServerConfigKeys (ConfUtils.java:logGet(46)) - raft.server.write.follower.gap.ratio.max = -1.0 (default)
2024-01-18 21:15:32,335 [06a116e4-916e-4670-b681-a534e52e7a54@group-4F9DB852C5E0-LeaderElection64] INFO  server.RaftServerConfigKeys (ConfUtils.java:logGet(46)) - raft.server.log.appender.snapshot.chunk.size.max = 16MB (=16777216) (default)
2024-01-18 21:15:32,335 [06a116e4-916e-4670-b681-a534e52e7a54@group-4F9DB852C5E0-LeaderElection64] INFO  server.RaftServerConfigKeys (ConfUtils.java:logGet(46)) - raft.server.log.appender.buffer.byte-limit = 8388608 (custom)
2024-01-18 21:15:32,335 [06a116e4-916e-4670-b681-a534e52e7a54@group-4F9DB852C5E0-LeaderElection64] INFO  server.RaftServerConfigKeys (ConfUtils.java:logGet(46)) - raft.server.log.appender.buffer.element-limit = 1 (custom)
2024-01-18 21:15:32,335 [06a116e4-916e-4670-b681-a534e52e7a54@group-4F9DB852C5E0-LeaderElection64] INFO  server.RaftServerConfigKeys (ConfUtils.java:logGet(46)) - raft.server.log.appender.wait-time.min = 0ms (custom)
2024-01-18 21:15:32,335 [06a116e4-916e-4670-b681-a534e52e7a54@group-4F9DB852C5E0-LeaderElection64] INFO  grpc.GrpcConfigKeys (ConfUtils.java:logGet(46)) - raft.grpc.server.leader.outstanding.appends.max = 8 (default)
2024-01-18 21:15:32,335 [06a116e4-916e-4670-b681-a534e52e7a54@group-4F9DB852C5E0-LeaderElection64] INFO  server.RaftServerConfigKeys (ConfUtils.java:logGet(46)) - raft.server.rpc.request.timeout = 3000ms (default)
2024-01-18 21:15:32,335 [06a116e4-916e-4670-b681-a534e52e7a54@group-4F9DB852C5E0-LeaderElection64] INFO  grpc.GrpcConfigKeys (ConfUtils.java:logGet(46)) - raft.grpc.server.install_snapshot.request.element-limit = 8 (default)
2024-01-18 21:15:32,335 [06a116e4-916e-4670-b681-a534e52e7a54@group-4F9DB852C5E0-LeaderElection64] INFO  grpc.GrpcConfigKeys (ConfUtils.java:logGet(46)) - raft.grpc.server.install_snapshot.request.timeout = 3000ms (default)
2024-01-18 21:15:32,335 [06a116e4-916e-4670-b681-a534e52e7a54@group-4F9DB852C5E0-LeaderElection64] INFO  grpc.GrpcConfigKeys (ConfUtils.java:logGet(46)) - raft.grpc.server.log-message.batch.duration = 5s (default)
2024-01-18 21:15:32,336 [06a116e4-916e-4670-b681-a534e52e7a54@group-4F9DB852C5E0-LeaderElection64] INFO  server.RaftServerConfigKeys (ConfUtils.java:logGet(46)) - raft.server.log.appender.install.snapshot.enabled = false (custom)
2024-01-18 21:15:32,336 [06a116e4-916e-4670-b681-a534e52e7a54@group-4F9DB852C5E0-LeaderElection64] INFO  grpc.GrpcConfigKeys (ConfUtils.java:logGet(46)) - raft.grpc.server.heartbeat.channel = true (default)
2024-01-18 21:15:32,336 [06a116e4-916e-4670-b681-a534e52e7a54@group-4F9DB852C5E0-LeaderElection64] INFO  server.RaftServerConfigKeys (ConfUtils.java:logGet(46)) - raft.server.log.appender.snapshot.chunk.size.max = 16MB (=16777216) (default)
2024-01-18 21:15:32,336 [06a116e4-916e-4670-b681-a534e52e7a54@group-4F9DB852C5E0-LeaderElection64] INFO  server.RaftServerConfigKeys (ConfUtils.java:logGet(46)) - raft.server.log.appender.buffer.byte-limit = 8388608 (custom)
2024-01-18 21:15:32,336 [06a116e4-916e-4670-b681-a534e52e7a54@group-4F9DB852C5E0-LeaderElection64] INFO  server.RaftServerConfigKeys (ConfUtils.java:logGet(46)) - raft.server.log.appender.buffer.element-limit = 1 (custom)
2024-01-18 21:15:32,336 [06a116e4-916e-4670-b681-a534e52e7a54@group-4F9DB852C5E0-LeaderElection64] INFO  server.RaftServerConfigKeys (ConfUtils.java:logGet(46)) - raft.server.log.appender.wait-time.min = 0ms (custom)
2024-01-18 21:15:32,336 [06a116e4-916e-4670-b681-a534e52e7a54@group-4F9DB852C5E0-LeaderElection64] INFO  grpc.GrpcConfigKeys (ConfUtils.java:logGet(46)) - raft.grpc.server.leader.outstanding.appends.max = 8 (default)
2024-01-18 21:15:32,336 [06a116e4-916e-4670-b681-a534e52e7a54@group-4F9DB852C5E0-LeaderElection64] INFO  server.RaftServerConfigKeys (ConfUtils.java:logGet(46)) - raft.server.rpc.request.timeout = 3000ms (default)
2024-01-18 21:15:32,336 [06a116e4-916e-4670-b681-a534e52e7a54@group-4F9DB852C5E0-LeaderElection64] INFO  grpc.GrpcConfigKeys (ConfUtils.java:logGet(46)) - raft.grpc.server.install_snapshot.request.element-limit = 8 (default)
2024-01-18 21:15:32,336 [06a116e4-916e-4670-b681-a534e52e7a54@group-4F9DB852C5E0-LeaderElection64] INFO  grpc.GrpcConfigKeys (ConfUtils.java:logGet(46)) - raft.grpc.server.install_snapshot.request.timeout = 3000ms (default)
2024-01-18 21:15:32,336 [06a116e4-916e-4670-b681-a534e52e7a54@group-4F9DB852C5E0-LeaderElection64] INFO  grpc.GrpcConfigKeys (ConfUtils.java:logGet(46)) - raft.grpc.server.log-message.batch.duration = 5s (default)
2024-01-18 21:15:32,336 [06a116e4-916e-4670-b681-a534e52e7a54@group-4F9DB852C5E0-LeaderElection64] INFO  server.RaftServerConfigKeys (ConfUtils.java:logGet(46)) - raft.server.log.appender.install.snapshot.enabled = false (custom)
2024-01-18 21:15:32,337 [06a116e4-916e-4670-b681-a534e52e7a54@group-4F9DB852C5E0-LeaderElection64] INFO  grpc.GrpcConfigKeys (ConfUtils.java:logGet(46)) - raft.grpc.server.heartbeat.channel = true (default)
2024-01-18 21:15:32,337 [06a116e4-916e-4670-b681-a534e52e7a54@group-4F9DB852C5E0-LeaderElection64] INFO  impl.RoleInfo (RoleInfo.java:updateAndGet(139)) - 06a116e4-916e-4670-b681-a534e52e7a54: start 06a116e4-916e-4670-b681-a534e52e7a54@group-4F9DB852C5E0-LeaderStateImpl
2024-01-18 21:15:32,337 [06a116e4-916e-4670-b681-a534e52e7a54@group-4F9DB852C5E0-LeaderElection64] INFO  server.RaftServer$Division (RaftServerImpl.java:setFirstElection(574)) - 06a116e4-916e-4670-b681-a534e52e7a54@group-4F9DB852C5E0: set firstElectionSinceStartup to false for becomeLeader
2024-01-18 21:15:32,337 [06a116e4-916e-4670-b681-a534e52e7a54@group-4F9DB852C5E0-LeaderElection64] INFO  ratis.XceiverServerRatis (XceiverServerRatis.java:handleLeaderChangedNotification(945)) - Leader change notification received for group: group-4F9DB852C5E0 with new leaderId: 06a116e4-916e-4670-b681-a534e52e7a54
2024-01-18 21:15:32,337 [06a116e4-916e-4670-b681-a534e52e7a54@group-4F9DB852C5E0-LeaderElection64] INFO  server.RaftServer$Division (ServerState.java:setLeader(269)) - 06a116e4-916e-4670-b681-a534e52e7a54@group-4F9DB852C5E0: change Leader from null to 06a116e4-916e-4670-b681-a534e52e7a54 at term 1 for becomeLeader, leader elected after 5050ms
2024-01-18 21:15:32,337 [06a116e4-916e-4670-b681-a534e52e7a54@group-4F9DB852C5E0-LeaderElection64] INFO  segmented.SegmentedRaftLogWorker (SegmentedRaftLogWorker.java:startLogSegment(430)) - 06a116e4-916e-4670-b681-a534e52e7a54@group-4F9DB852C5E0-SegmentedRaftLogWorker: Starting segment from index:0
2024-01-18 21:15:32,338 [06a116e4-916e-4670-b681-a534e52e7a54@group-4F9DB852C5E0-SegmentedRaftLogWorker] INFO  segmented.BufferedWriteChannel (BufferedWriteChannel.java:open(62)) - open log_inprogress_0 at position 0
2024-01-18 21:15:32,339 [EventQueue-PipelineReportForPipelineReportHandler] INFO  pipeline.PipelineReportHandler (PipelineReportHandler.java:processPipelineReport(136)) - Opened pipeline PipelineID=a405df4a-93dc-40ab-baa5-4f9db852c5e0
2024-01-18 21:15:32,339 [EventQueue-OpenPipelineForHealthyPipelineSafeModeRule] INFO  safemode.SCMSafeModeManager (HealthyPipelineSafeModeRule.java:process(140)) - SCM in safe mode. Healthy pipelines reported count is 1, required healthy pipeline reported count is 1
2024-01-18 21:15:32,339 [EventQueue-OpenPipelineForHealthyPipelineSafeModeRule] INFO  safemode.SCMSafeModeManager (SCMSafeModeManager.java:validateSafeModeExitRules(200)) - HealthyPipelineSafeModeRule rule is successfully validated
2024-01-18 21:15:32,339 [EventQueue-OpenPipelineForHealthyPipelineSafeModeRule] INFO  safemode.SCMSafeModeManager (SCMSafeModeManager.java:validateSafeModeExitRules(215)) - ScmSafeModeManager, all rules are successfully validated
2024-01-18 21:15:32,339 [EventQueue-OpenPipelineForHealthyPipelineSafeModeRule] INFO  safemode.SCMSafeModeManager (SCMSafeModeManager.java:exitSafeMode(244)) - SCM exiting safe mode.
2024-01-18 21:15:32,339 [EventQueue-OpenPipelineForHealthyPipelineSafeModeRule] INFO  ha.SCMContext (SCMContext.java:updateSafeModeStatus(230)) - Update SafeModeStatus from SafeModeStatus{safeModeStatus=true, preCheckPassed=true} to SafeModeStatus{safeModeStatus=false, preCheckPassed=true}.
2024-01-18 21:15:32,339 [EventQueue-OpenPipelineForHealthyPipelineSafeModeRule] INFO  pipeline.BackgroundPipelineCreator (BackgroundPipelineCreator.java:notifyStatusChanged(258)) - Service BackgroundPipelineCreator transitions to RUNNING.
2024-01-18 21:15:32,339 [EventQueue-OpenPipelineForHealthyPipelineSafeModeRule] INFO  BackgroundPipelineScrubber (BackgroundSCMService.java:notifyStatusChanged(82)) - Service BackgroundPipelineScrubber transitions to RUNNING.
2024-01-18 21:15:32,339 [EventQueue-OpenPipelineForHealthyPipelineSafeModeRule] INFO  ExpiredContainerReplicaOpScrubber (BackgroundSCMService.java:notifyStatusChanged(82)) - Service ExpiredContainerReplicaOpScrubber transitions to RUNNING.
2024-01-18 21:15:32,339 [EventQueue-OpenPipelineForHealthyPipelineSafeModeRule] INFO  block.SCMBlockDeletingService (SCMBlockDeletingService.java:notifyStatusChanged(247)) - notifyStatusChanged:RUNNING
2024-01-18 21:15:32,339 [EventQueue-OpenPipelineForHealthyPipelineSafeModeRule] INFO  replication.ReplicationManager (ReplicationManager.java:notifyStatusChanged(1401)) - Service ReplicationManager transitions to RUNNING.
2024-01-18 21:15:32,340 [EventQueue-OpenPipelineForHealthyPipelineSafeModeRule] WARN  balancer.ContainerBalancer (ContainerBalancer.java:shouldRun(134)) - Could not find persisted configuration for ContainerBalancer when checking if ContainerBalancer should run. ContainerBalancer should not run now.
2024-01-18 21:15:32,342 [06a116e4-916e-4670-b681-a534e52e7a54@group-4F9DB852C5E0-LeaderElection64] INFO  server.RaftServer$Division (ServerState.java:setRaftConf(386)) - 06a116e4-916e-4670-b681-a534e52e7a54@group-4F9DB852C5E0: set configuration 0: peers:[50b158ec-4e8f-4837-b5f0-9c37661490ab|10.1.0.44:15370, 22869b9b-ca6a-4da8-a132-9d24bcd1149d|10.1.0.44:15388, 06a116e4-916e-4670-b681-a534e52e7a54|10.1.0.44:15379]|listeners:[], old=null
2024-01-18 21:15:32,345 [06a116e4-916e-4670-b681-a534e52e7a54@group-4F9DB852C5E0-SegmentedRaftLogWorker] INFO  segmented.SegmentedRaftLogWorker (SegmentedRaftLogWorker.java:execute(634)) - 06a116e4-916e-4670-b681-a534e52e7a54@group-4F9DB852C5E0-SegmentedRaftLogWorker: created new log segment /home/runner/work/ozone/ozone/hadoop-ozone/integration-test/target/test-dir/MiniOzoneClusterImpl-df9b5de2-b041-43db-b9a6-571161098f76/datanode-1/data/ratis/a405df4a-93dc-40ab-baa5-4f9db852c5e0/current/log_inprogress_0
2024-01-18 21:15:32,346 [50b158ec-4e8f-4837-b5f0-9c37661490ab-server-thread1] INFO  ratis.XceiverServerRatis (XceiverServerRatis.java:handleLeaderChangedNotification(945)) - Leader change notification received for group: group-4F9DB852C5E0 with new leaderId: 06a116e4-916e-4670-b681-a534e52e7a54
2024-01-18 21:15:32,346 [50b158ec-4e8f-4837-b5f0-9c37661490ab-server-thread1] INFO  server.RaftServer$Division (ServerState.java:setLeader(269)) - 50b158ec-4e8f-4837-b5f0-9c37661490ab@group-4F9DB852C5E0: change Leader from null to 06a116e4-916e-4670-b681-a534e52e7a54 at term 1 for appendEntries, leader elected after 5110ms
2024-01-18 21:15:32,346 [22869b9b-ca6a-4da8-a132-9d24bcd1149d-server-thread1] INFO  ratis.XceiverServerRatis (XceiverServerRatis.java:handleLeaderChangedNotification(945)) - Leader change notification received for group: group-4F9DB852C5E0 with new leaderId: 06a116e4-916e-4670-b681-a534e52e7a54
2024-01-18 21:15:32,346 [22869b9b-ca6a-4da8-a132-9d24bcd1149d-server-thread1] INFO  server.RaftServer$Division (ServerState.java:setLeader(269)) - 22869b9b-ca6a-4da8-a132-9d24bcd1149d@group-4F9DB852C5E0: change Leader from null to 06a116e4-916e-4670-b681-a534e52e7a54 at term 1 for appendEntries, leader elected after 5084ms
2024-01-18 21:15:32,348 [22869b9b-ca6a-4da8-a132-9d24bcd1149d-server-thread1] INFO  server.RaftServer$Division (ServerState.java:setRaftConf(386)) - 22869b9b-ca6a-4da8-a132-9d24bcd1149d@group-4F9DB852C5E0: set configuration 0: peers:[50b158ec-4e8f-4837-b5f0-9c37661490ab|10.1.0.44:15370, 22869b9b-ca6a-4da8-a132-9d24bcd1149d|10.1.0.44:15388, 06a116e4-916e-4670-b681-a534e52e7a54|10.1.0.44:15379]|listeners:[], old=null
2024-01-18 21:15:32,348 [22869b9b-ca6a-4da8-a132-9d24bcd1149d-server-thread1] INFO  segmented.SegmentedRaftLogWorker (SegmentedRaftLogWorker.java:startLogSegment(430)) - 22869b9b-ca6a-4da8-a132-9d24bcd1149d@group-4F9DB852C5E0-SegmentedRaftLogWorker: Starting segment from index:0
2024-01-18 21:15:32,350 [50b158ec-4e8f-4837-b5f0-9c37661490ab-server-thread2] INFO  server.RaftServer$Division (ServerState.java:setRaftConf(386)) - 50b158ec-4e8f-4837-b5f0-9c37661490ab@group-4F9DB852C5E0: set configuration 0: peers:[50b158ec-4e8f-4837-b5f0-9c37661490ab|10.1.0.44:15370, 22869b9b-ca6a-4da8-a132-9d24bcd1149d|10.1.0.44:15388, 06a116e4-916e-4670-b681-a534e52e7a54|10.1.0.44:15379]|listeners:[], old=null
2024-01-18 21:15:32,350 [50b158ec-4e8f-4837-b5f0-9c37661490ab-server-thread2] INFO  segmented.SegmentedRaftLogWorker (SegmentedRaftLogWorker.java:startLogSegment(430)) - 50b158ec-4e8f-4837-b5f0-9c37661490ab@group-4F9DB852C5E0-SegmentedRaftLogWorker: Starting segment from index:0
2024-01-18 21:15:32,350 [50b158ec-4e8f-4837-b5f0-9c37661490ab@group-4F9DB852C5E0-SegmentedRaftLogWorker] INFO  segmented.BufferedWriteChannel (BufferedWriteChannel.java:open(62)) - open log_inprogress_0 at position 0
2024-01-18 21:15:32,351 [22869b9b-ca6a-4da8-a132-9d24bcd1149d@group-4F9DB852C5E0-SegmentedRaftLogWorker] INFO  segmented.BufferedWriteChannel (BufferedWriteChannel.java:open(62)) - open log_inprogress_0 at position 0
2024-01-18 21:15:32,360 [50b158ec-4e8f-4837-b5f0-9c37661490ab@group-4F9DB852C5E0-SegmentedRaftLogWorker] INFO  segmented.SegmentedRaftLogWorker (SegmentedRaftLogWorker.java:execute(634)) - 50b158ec-4e8f-4837-b5f0-9c37661490ab@group-4F9DB852C5E0-SegmentedRaftLogWorker: created new log segment /home/runner/work/ozone/ozone/hadoop-ozone/integration-test/target/test-dir/MiniOzoneClusterImpl-df9b5de2-b041-43db-b9a6-571161098f76/datanode-0/data/ratis/a405df4a-93dc-40ab-baa5-4f9db852c5e0/current/log_inprogress_0
2024-01-18 21:15:32,362 [22869b9b-ca6a-4da8-a132-9d24bcd1149d@group-4F9DB852C5E0-SegmentedRaftLogWorker] INFO  segmented.SegmentedRaftLogWorker (SegmentedRaftLogWorker.java:execute(634)) - 22869b9b-ca6a-4da8-a132-9d24bcd1149d@group-4F9DB852C5E0-SegmentedRaftLogWorker: created new log segment /home/runner/work/ozone/ozone/hadoop-ozone/integration-test/target/test-dir/MiniOzoneClusterImpl-df9b5de2-b041-43db-b9a6-571161098f76/datanode-2/data/ratis/a405df4a-93dc-40ab-baa5-4f9db852c5e0/current/log_inprogress_0
2024-01-18 21:15:32,363 [06a116e4-916e-4670-b681-a534e52e7a54@group-4F9DB852C5E0-StateMachineUpdater] INFO  server.RaftServer$Division (LeaderStateImpl.java:isApplied(320)) - leader is ready since appliedIndex == 0 >= startIndex == 0
2024-01-18 21:15:32,401 [06a116e4-916e-4670-b681-a534e52e7a54@group-5518BA46772C-FollowerState] INFO  impl.FollowerState (FollowerState.java:run(143)) - 06a116e4-916e-4670-b681-a534e52e7a54@group-5518BA46772C-FollowerState: change to CANDIDATE, lastRpcElapsedTime:5090380114ns, electionTimeout:5090ms
2024-01-18 21:15:32,401 [06a116e4-916e-4670-b681-a534e52e7a54@group-5518BA46772C-FollowerState] INFO  impl.RoleInfo (RoleInfo.java:shutdownFollowerState(110)) - 06a116e4-916e-4670-b681-a534e52e7a54: shutdown 06a116e4-916e-4670-b681-a534e52e7a54@group-5518BA46772C-FollowerState
2024-01-18 21:15:32,401 [06a116e4-916e-4670-b681-a534e52e7a54@group-5518BA46772C-FollowerState] INFO  server.RaftServer$Division (RaftServerImpl.java:setRole(383)) - 06a116e4-916e-4670-b681-a534e52e7a54@group-5518BA46772C: changes role from  FOLLOWER to CANDIDATE at term 0 for changeToCandidate
2024-01-18 21:15:32,401 [06a116e4-916e-4670-b681-a534e52e7a54@group-5518BA46772C-FollowerState] INFO  server.RaftServerConfigKeys (ConfUtils.java:logGet(46)) - raft.server.leaderelection.pre-vote = true (default)
2024-01-18 21:15:32,401 [06a116e4-916e-4670-b681-a534e52e7a54@group-5518BA46772C-FollowerState] INFO  impl.RoleInfo (RoleInfo.java:updateAndGet(139)) - 06a116e4-916e-4670-b681-a534e52e7a54: start 06a116e4-916e-4670-b681-a534e52e7a54@group-5518BA46772C-LeaderElection65
2024-01-18 21:15:32,402 [06a116e4-916e-4670-b681-a534e52e7a54@group-5518BA46772C-LeaderElection65] INFO  impl.LeaderElection (LeaderElection.java:askForVotes(321)) - 06a116e4-916e-4670-b681-a534e52e7a54@group-5518BA46772C-LeaderElection65 PRE_VOTE round 0: submit vote requests at term 0 for -1: peers:[06a116e4-916e-4670-b681-a534e52e7a54|10.1.0.44:15379]|listeners:[], old=null
2024-01-18 21:15:32,402 [06a116e4-916e-4670-b681-a534e52e7a54@group-5518BA46772C-LeaderElection65] INFO  impl.LeaderElection (LeaderElection.java:askForVotes(323)) - 06a116e4-916e-4670-b681-a534e52e7a54@group-5518BA46772C-LeaderElection65 PRE_VOTE round 0: result PASSED (term=0)
2024-01-18 21:15:32,402 [06a116e4-916e-4670-b681-a534e52e7a54@group-5518BA46772C-LeaderElection65] INFO  impl.LeaderElection (LeaderElection.java:askForVotes(321)) - 06a116e4-916e-4670-b681-a534e52e7a54@group-5518BA46772C-LeaderElection65 ELECTION round 0: submit vote requests at term 1 for -1: peers:[06a116e4-916e-4670-b681-a534e52e7a54|10.1.0.44:15379]|listeners:[], old=null
2024-01-18 21:15:32,402 [06a116e4-916e-4670-b681-a534e52e7a54@group-5518BA46772C-LeaderElection65] INFO  impl.LeaderElection (LeaderElection.java:askForVotes(323)) - 06a116e4-916e-4670-b681-a534e52e7a54@group-5518BA46772C-LeaderElection65 ELECTION round 0: result PASSED (term=1)
2024-01-18 21:15:32,403 [06a116e4-916e-4670-b681-a534e52e7a54@group-5518BA46772C-LeaderElection65] INFO  impl.RoleInfo (RoleInfo.java:shutdownLeaderElection(130)) - 06a116e4-916e-4670-b681-a534e52e7a54: shutdown 06a116e4-916e-4670-b681-a534e52e7a54@group-5518BA46772C-LeaderElection65
2024-01-18 21:15:32,403 [06a116e4-916e-4670-b681-a534e52e7a54@group-5518BA46772C-LeaderElection65] INFO  server.RaftServer$Division (RaftServerImpl.java:setRole(383)) - 06a116e4-916e-4670-b681-a534e52e7a54@group-5518BA46772C: changes role from CANDIDATE to LEADER at term 1 for changeToLeader
2024-01-18 21:15:32,403 [06a116e4-916e-4670-b681-a534e52e7a54@group-5518BA46772C-LeaderElection65] INFO  server.RaftServerConfigKeys (ConfUtils.java:logGet(46)) - raft.server.staging.catchup.gap = 1000 (default)
2024-01-18 21:15:32,403 [06a116e4-916e-4670-b681-a534e52e7a54@group-5518BA46772C-LeaderElection65] INFO  server.RaftServerConfigKeys (ConfUtils.java:logGet(46)) - raft.server.write.element-limit = 1024 (custom)
2024-01-18 21:15:32,403 [06a116e4-916e-4670-b681-a534e52e7a54@group-5518BA46772C-LeaderElection65] INFO  server.RaftServerConfigKeys (ConfUtils.java:logGet(46)) - raft.server.write.byte-limit = 1024 M (=1073741824) (custom)
2024-01-18 21:15:32,403 [06a116e4-916e-4670-b681-a534e52e7a54@group-5518BA46772C-LeaderElection65] INFO  server.RaftServerConfigKeys (ConfUtils.java:logGet(46)) - raft.server.watch.timeout = 3000ms (custom)
2024-01-18 21:15:32,403 [06a116e4-916e-4670-b681-a534e52e7a54@group-5518BA46772C-LeaderElection65] INFO  server.RaftServerConfigKeys (ConfUtils.java:logGet(46)) - raft.server.watch.timeout.denomination = 1s (default)
2024-01-18 21:15:32,403 [06a116e4-916e-4670-b681-a534e52e7a54@group-5518BA46772C-LeaderElection65] INFO  server.RaftServerConfigKeys (ConfUtils.java:logGet(46)) - raft.server.watch.element-limit = 65536 (default)
2024-01-18 21:15:32,403 [06a116e4-916e-4670-b681-a534e52e7a54@group-5518BA46772C-LeaderElection65] INFO  server.RaftServerConfigKeys (ConfUtils.java:logGet(46)) - raft.server.read.leader.lease.enabled = false (default)
2024-01-18 21:15:32,403 [06a116e4-916e-4670-b681-a534e52e7a54@group-5518BA46772C-LeaderElection65] INFO  server.RaftServerConfigKeys (ConfUtils.java:logGet(46)) - raft.server.read.leader.lease.timeout.ratio = 0.9 (default)
2024-01-18 21:15:32,403 [06a116e4-916e-4670-b681-a534e52e7a54@group-5518BA46772C-LeaderElection65] INFO  server.RaftServerConfigKeys (ConfUtils.java:logGet(46)) - raft.server.rpc.timeout.min = 5s (custom)
2024-01-18 21:15:32,403 [06a116e4-916e-4670-b681-a534e52e7a54@group-5518BA46772C-LeaderElection65] INFO  server.RaftServerConfigKeys (ConfUtils.java:logGet(46)) - raft.server.write.element-limit = 1024 (custom)
2024-01-18 21:15:32,403 [06a116e4-916e-4670-b681-a534e52e7a54@group-5518BA46772C-LeaderElection65] INFO  server.RaftServerConfigKeys (ConfUtils.java:logGet(46)) - raft.server.write.follower.gap.ratio.max = -1.0 (default)
2024-01-18 21:15:32,403 [06a116e4-916e-4670-b681-a534e52e7a54@group-5518BA46772C-LeaderElection65] INFO  impl.RoleInfo (RoleInfo.java:updateAndGet(139)) - 06a116e4-916e-4670-b681-a534e52e7a54: start 06a116e4-916e-4670-b681-a534e52e7a54@group-5518BA46772C-LeaderStateImpl
2024-01-18 21:15:32,403 [06a116e4-916e-4670-b681-a534e52e7a54@group-5518BA46772C-LeaderElection65] INFO  server.RaftServer$Division (RaftServerImpl.java:setFirstElection(574)) - 06a116e4-916e-4670-b681-a534e52e7a54@group-5518BA46772C: set firstElectionSinceStartup to false for becomeLeader
2024-01-18 21:15:32,403 [06a116e4-916e-4670-b681-a534e52e7a54@group-5518BA46772C-LeaderElection65] INFO  ratis.XceiverServerRatis (XceiverServerRatis.java:handleLeaderChangedNotification(945)) - Leader change notification received for group: group-5518BA46772C with new leaderId: 06a116e4-916e-4670-b681-a534e52e7a54
2024-01-18 21:15:32,403 [06a116e4-916e-4670-b681-a534e52e7a54@group-5518BA46772C-LeaderElection65] INFO  server.RaftServer$Division (ServerState.java:setLeader(269)) - 06a116e4-916e-4670-b681-a534e52e7a54@group-5518BA46772C: change Leader from null to 06a116e4-916e-4670-b681-a534e52e7a54 at term 1 for becomeLeader, leader elected after 5101ms
2024-01-18 21:15:32,403 [06a116e4-916e-4670-b681-a534e52e7a54@group-5518BA46772C-LeaderElection65] INFO  segmented.SegmentedRaftLogWorker (SegmentedRaftLogWorker.java:startLogSegment(430)) - 06a116e4-916e-4670-b681-a534e52e7a54@group-5518BA46772C-SegmentedRaftLogWorker: Starting segment from index:0
2024-01-18 21:15:32,404 [06a116e4-916e-4670-b681-a534e52e7a54@group-5518BA46772C-LeaderElection65] INFO  server.RaftServer$Division (ServerState.java:setRaftConf(386)) - 06a116e4-916e-4670-b681-a534e52e7a54@group-5518BA46772C: set configuration 0: peers:[06a116e4-916e-4670-b681-a534e52e7a54|10.1.0.44:15379]|listeners:[], old=null
2024-01-18 21:15:32,405 [06a116e4-916e-4670-b681-a534e52e7a54@group-5518BA46772C-SegmentedRaftLogWorker] INFO  segmented.BufferedWriteChannel (BufferedWriteChannel.java:open(62)) - open log_inprogress_0 at position 0
2024-01-18 21:15:32,412 [06a116e4-916e-4670-b681-a534e52e7a54@group-5518BA46772C-SegmentedRaftLogWorker] INFO  segmented.SegmentedRaftLogWorker (SegmentedRaftLogWorker.java:execute(634)) - 06a116e4-916e-4670-b681-a534e52e7a54@group-5518BA46772C-SegmentedRaftLogWorker: created new log segment /home/runner/work/ozone/ozone/hadoop-ozone/integration-test/target/test-dir/MiniOzoneClusterImpl-df9b5de2-b041-43db-b9a6-571161098f76/datanode-1/data/ratis/34c6850d-8916-4e8a-b03c-5518ba46772c/current/log_inprogress_0
2024-01-18 21:15:32,413 [06a116e4-916e-4670-b681-a534e52e7a54@group-5518BA46772C-StateMachineUpdater] INFO  server.RaftServer$Division (LeaderStateImpl.java:isApplied(320)) - leader is ready since appliedIndex == 0 >= startIndex == 0
2024-01-18 21:15:32,523 [2f0c8443-6075-4928-968f-8dc1a7be92bb@group-E4C1F79E0EAD-FollowerState] INFO  impl.FollowerState (FollowerState.java:run(143)) - 2f0c8443-6075-4928-968f-8dc1a7be92bb@group-E4C1F79E0EAD-FollowerState: change to CANDIDATE, lastRpcElapsedTime:5023943630ns, electionTimeout:5017ms
2024-01-18 21:15:32,523 [2f0c8443-6075-4928-968f-8dc1a7be92bb@group-E4C1F79E0EAD-FollowerState] INFO  impl.RoleInfo (RoleInfo.java:shutdownFollowerState(110)) - 2f0c8443-6075-4928-968f-8dc1a7be92bb: shutdown 2f0c8443-6075-4928-968f-8dc1a7be92bb@group-E4C1F79E0EAD-FollowerState
2024-01-18 21:15:32,523 [2f0c8443-6075-4928-968f-8dc1a7be92bb@group-E4C1F79E0EAD-FollowerState] INFO  server.RaftServer$Division (RaftServerImpl.java:setRole(383)) - 2f0c8443-6075-4928-968f-8dc1a7be92bb@group-E4C1F79E0EAD: changes role from  FOLLOWER to CANDIDATE at term 0 for changeToCandidate
2024-01-18 21:15:32,523 [2f0c8443-6075-4928-968f-8dc1a7be92bb@group-E4C1F79E0EAD-FollowerState] INFO  server.RaftServerConfigKeys (ConfUtils.java:logGet(46)) - raft.server.leaderelection.pre-vote = true (default)
2024-01-18 21:15:32,523 [2f0c8443-6075-4928-968f-8dc1a7be92bb@group-E4C1F79E0EAD-FollowerState] INFO  impl.RoleInfo (RoleInfo.java:updateAndGet(139)) - 2f0c8443-6075-4928-968f-8dc1a7be92bb: start 2f0c8443-6075-4928-968f-8dc1a7be92bb@group-E4C1F79E0EAD-LeaderElection66
2024-01-18 21:15:32,524 [2f0c8443-6075-4928-968f-8dc1a7be92bb@group-E4C1F79E0EAD-LeaderElection66] INFO  impl.LeaderElection (LeaderElection.java:askForVotes(321)) - 2f0c8443-6075-4928-968f-8dc1a7be92bb@group-E4C1F79E0EAD-LeaderElection66 PRE_VOTE round 0: submit vote requests at term 0 for -1: peers:[2f0c8443-6075-4928-968f-8dc1a7be92bb|10.1.0.44:15397]|listeners:[], old=null
2024-01-18 21:15:32,524 [2f0c8443-6075-4928-968f-8dc1a7be92bb@group-E4C1F79E0EAD-LeaderElection66] INFO  impl.LeaderElection (LeaderElection.java:askForVotes(323)) - 2f0c8443-6075-4928-968f-8dc1a7be92bb@group-E4C1F79E0EAD-LeaderElection66 PRE_VOTE round 0: result PASSED (term=0)
2024-01-18 21:15:32,525 [2f0c8443-6075-4928-968f-8dc1a7be92bb@group-E4C1F79E0EAD-LeaderElection66] INFO  impl.LeaderElection (LeaderElection.java:askForVotes(321)) - 2f0c8443-6075-4928-968f-8dc1a7be92bb@group-E4C1F79E0EAD-LeaderElection66 ELECTION round 0: submit vote requests at term 1 for -1: peers:[2f0c8443-6075-4928-968f-8dc1a7be92bb|10.1.0.44:15397]|listeners:[], old=null
2024-01-18 21:15:32,525 [2f0c8443-6075-4928-968f-8dc1a7be92bb@group-E4C1F79E0EAD-LeaderElection66] INFO  impl.LeaderElection (LeaderElection.java:askForVotes(323)) - 2f0c8443-6075-4928-968f-8dc1a7be92bb@group-E4C1F79E0EAD-LeaderElection66 ELECTION round 0: result PASSED (term=1)
2024-01-18 21:15:32,525 [2f0c8443-6075-4928-968f-8dc1a7be92bb@group-E4C1F79E0EAD-LeaderElection66] INFO  impl.RoleInfo (RoleInfo.java:shutdownLeaderElection(130)) - 2f0c8443-6075-4928-968f-8dc1a7be92bb: shutdown 2f0c8443-6075-4928-968f-8dc1a7be92bb@group-E4C1F79E0EAD-LeaderElection66
2024-01-18 21:15:32,526 [2f0c8443-6075-4928-968f-8dc1a7be92bb@group-E4C1F79E0EAD-LeaderElection66] INFO  server.RaftServer$Division (RaftServerImpl.java:setRole(383)) - 2f0c8443-6075-4928-968f-8dc1a7be92bb@group-E4C1F79E0EAD: changes role from CANDIDATE to LEADER at term 1 for changeToLeader
2024-01-18 21:15:32,526 [2f0c8443-6075-4928-968f-8dc1a7be92bb@group-E4C1F79E0EAD-LeaderElection66] INFO  server.RaftServerConfigKeys (ConfUtils.java:logGet(46)) - raft.server.staging.catchup.gap = 1000 (default)
2024-01-18 21:15:32,526 [2f0c8443-6075-4928-968f-8dc1a7be92bb@group-E4C1F79E0EAD-LeaderElection66] INFO  server.RaftServerConfigKeys (ConfUtils.java:logGet(46)) - raft.server.write.element-limit = 1024 (custom)
2024-01-18 21:15:32,526 [2f0c8443-6075-4928-968f-8dc1a7be92bb@group-E4C1F79E0EAD-LeaderElection66] INFO  server.RaftServerConfigKeys (ConfUtils.java:logGet(46)) - raft.server.write.byte-limit = 1024 M (=1073741824) (custom)
2024-01-18 21:15:32,526 [2f0c8443-6075-4928-968f-8dc1a7be92bb@group-E4C1F79E0EAD-LeaderElection66] INFO  server.RaftServerConfigKeys (ConfUtils.java:logGet(46)) - raft.server.watch.timeout = 3000ms (custom)
2024-01-18 21:15:32,526 [2f0c8443-6075-4928-968f-8dc1a7be92bb@group-E4C1F79E0EAD-LeaderElection66] INFO  server.RaftServerConfigKeys (ConfUtils.java:logGet(46)) - raft.server.watch.timeout.denomination = 1s (default)
2024-01-18 21:15:32,526 [2f0c8443-6075-4928-968f-8dc1a7be92bb@group-E4C1F79E0EAD-LeaderElection66] INFO  server.RaftServerConfigKeys (ConfUtils.java:logGet(46)) - raft.server.watch.element-limit = 65536 (default)
2024-01-18 21:15:32,526 [2f0c8443-6075-4928-968f-8dc1a7be92bb@group-E4C1F79E0EAD-LeaderElection66] INFO  server.RaftServerConfigKeys (ConfUtils.java:logGet(46)) - raft.server.read.leader.lease.enabled = false (default)
2024-01-18 21:15:32,526 [2f0c8443-6075-4928-968f-8dc1a7be92bb@group-E4C1F79E0EAD-LeaderElection66] INFO  server.RaftServerConfigKeys (ConfUtils.java:logGet(46)) - raft.server.read.leader.lease.timeout.ratio = 0.9 (default)
2024-01-18 21:15:32,526 [2f0c8443-6075-4928-968f-8dc1a7be92bb@group-E4C1F79E0EAD-LeaderElection66] INFO  server.RaftServerConfigKeys (ConfUtils.java:logGet(46)) - raft.server.rpc.timeout.min = 5s (custom)
2024-01-18 21:15:32,526 [2f0c8443-6075-4928-968f-8dc1a7be92bb@group-E4C1F79E0EAD-LeaderElection66] INFO  server.RaftServerConfigKeys (ConfUtils.java:logGet(46)) - raft.server.write.element-limit = 1024 (custom)
2024-01-18 21:15:32,526 [2f0c8443-6075-4928-968f-8dc1a7be92bb@group-E4C1F79E0EAD-LeaderElection66] INFO  server.RaftServerConfigKeys (ConfUtils.java:logGet(46)) - raft.server.write.follower.gap.ratio.max = -1.0 (default)
2024-01-18 21:15:32,527 [2f0c8443-6075-4928-968f-8dc1a7be92bb@group-E4C1F79E0EAD-LeaderElection66] INFO  impl.RoleInfo (RoleInfo.java:updateAndGet(139)) - 2f0c8443-6075-4928-968f-8dc1a7be92bb: start 2f0c8443-6075-4928-968f-8dc1a7be92bb@group-E4C1F79E0EAD-LeaderStateImpl
2024-01-18 21:15:32,527 [2f0c8443-6075-4928-968f-8dc1a7be92bb@group-E4C1F79E0EAD-LeaderElection66] INFO  server.RaftServer$Division (RaftServerImpl.java:setFirstElection(574)) - 2f0c8443-6075-4928-968f-8dc1a7be92bb@group-E4C1F79E0EAD: set firstElectionSinceStartup to false for becomeLeader
2024-01-18 21:15:32,527 [2f0c8443-6075-4928-968f-8dc1a7be92bb@group-E4C1F79E0EAD-LeaderElection66] INFO  ratis.XceiverServerRatis (XceiverServerRatis.java:handleLeaderChangedNotification(945)) - Leader change notification received for group: group-E4C1F79E0EAD with new leaderId: 2f0c8443-6075-4928-968f-8dc1a7be92bb
2024-01-18 21:15:32,527 [2f0c8443-6075-4928-968f-8dc1a7be92bb@group-E4C1F79E0EAD-LeaderElection66] INFO  server.RaftServer$Division (ServerState.java:setLeader(269)) - 2f0c8443-6075-4928-968f-8dc1a7be92bb@group-E4C1F79E0EAD: change Leader from null to 2f0c8443-6075-4928-968f-8dc1a7be92bb at term 1 for becomeLeader, leader elected after 5038ms
2024-01-18 21:15:32,527 [2f0c8443-6075-4928-968f-8dc1a7be92bb@group-E4C1F79E0EAD-LeaderElection66] INFO  segmented.SegmentedRaftLogWorker (SegmentedRaftLogWorker.java:startLogSegment(430)) - 2f0c8443-6075-4928-968f-8dc1a7be92bb@group-E4C1F79E0EAD-SegmentedRaftLogWorker: Starting segment from index:0
2024-01-18 21:15:32,527 [2f0c8443-6075-4928-968f-8dc1a7be92bb@group-E4C1F79E0EAD-SegmentedRaftLogWorker] INFO  segmented.BufferedWriteChannel (BufferedWriteChannel.java:open(62)) - open log_inprogress_0 at position 0
2024-01-18 21:15:32,531 [2f0c8443-6075-4928-968f-8dc1a7be92bb@group-E4C1F79E0EAD-LeaderElection66] INFO  server.RaftServer$Division (ServerState.java:setRaftConf(386)) - 2f0c8443-6075-4928-968f-8dc1a7be92bb@group-E4C1F79E0EAD: set configuration 0: peers:[2f0c8443-6075-4928-968f-8dc1a7be92bb|10.1.0.44:15397]|listeners:[], old=null
2024-01-18 21:15:32,534 [2f0c8443-6075-4928-968f-8dc1a7be92bb@group-E4C1F79E0EAD-SegmentedRaftLogWorker] INFO  segmented.SegmentedRaftLogWorker (SegmentedRaftLogWorker.java:execute(634)) - 2f0c8443-6075-4928-968f-8dc1a7be92bb@group-E4C1F79E0EAD-SegmentedRaftLogWorker: created new log segment /home/runner/work/ozone/ozone/hadoop-ozone/integration-test/target/test-dir/MiniOzoneClusterImpl-df9b5de2-b041-43db-b9a6-571161098f76/datanode-3/data/ratis/fe988b03-f647-45b4-a1cf-e4c1f79e0ead/current/log_inprogress_0
2024-01-18 21:15:32,535 [2f0c8443-6075-4928-968f-8dc1a7be92bb@group-E4C1F79E0EAD-StateMachineUpdater] INFO  server.RaftServer$Division (LeaderStateImpl.java:isApplied(320)) - leader is ready since appliedIndex == 0 >= startIndex == 0
2024-01-18 21:15:32,561 [7adc501f-70c9-4652-b7fc-e7afe3d76740@group-26E5762860C1-FollowerState] INFO  impl.FollowerState (FollowerState.java:run(143)) - 7adc501f-70c9-4652-b7fc-e7afe3d76740@group-26E5762860C1-FollowerState: change to CANDIDATE, lastRpcElapsedTime:5027370909ns, electionTimeout:5027ms
2024-01-18 21:15:32,561 [7adc501f-70c9-4652-b7fc-e7afe3d76740@group-26E5762860C1-FollowerState] INFO  impl.RoleInfo (RoleInfo.java:shutdownFollowerState(110)) - 7adc501f-70c9-4652-b7fc-e7afe3d76740: shutdown 7adc501f-70c9-4652-b7fc-e7afe3d76740@group-26E5762860C1-FollowerState
2024-01-18 21:15:32,561 [7adc501f-70c9-4652-b7fc-e7afe3d76740@group-26E5762860C1-FollowerState] INFO  server.RaftServer$Division (RaftServerImpl.java:setRole(383)) - 7adc501f-70c9-4652-b7fc-e7afe3d76740@group-26E5762860C1: changes role from  FOLLOWER to CANDIDATE at term 0 for changeToCandidate
2024-01-18 21:15:32,561 [7adc501f-70c9-4652-b7fc-e7afe3d76740@group-26E5762860C1-FollowerState] INFO  server.RaftServerConfigKeys (ConfUtils.java:logGet(46)) - raft.server.leaderelection.pre-vote = true (default)
2024-01-18 21:15:32,561 [7adc501f-70c9-4652-b7fc-e7afe3d76740@group-26E5762860C1-FollowerState] INFO  impl.RoleInfo (RoleInfo.java:updateAndGet(139)) - 7adc501f-70c9-4652-b7fc-e7afe3d76740: start 7adc501f-70c9-4652-b7fc-e7afe3d76740@group-26E5762860C1-LeaderElection67
2024-01-18 21:15:32,563 [7adc501f-70c9-4652-b7fc-e7afe3d76740@group-26E5762860C1-LeaderElection67] INFO  impl.LeaderElection (LeaderElection.java:askForVotes(321)) - 7adc501f-70c9-4652-b7fc-e7afe3d76740@group-26E5762860C1-LeaderElection67 PRE_VOTE round 0: submit vote requests at term 0 for -1: peers:[3df0e54a-fa0a-4d1f-902e-c3368fd6cf67|10.1.0.44:15415, 7adc501f-70c9-4652-b7fc-e7afe3d76740|10.1.0.44:15406, 2f0c8443-6075-4928-968f-8dc1a7be92bb|10.1.0.44:15397]|listeners:[], old=null
2024-01-18 21:15:32,564 [7adc501f-70c9-4652-b7fc-e7afe3d76740@group-26E5762860C1-LeaderElection67-1] INFO  server.GrpcServerProtocolClient (GrpcServerProtocolClient.java:<init>(65)) - Build channel for 3df0e54a-fa0a-4d1f-902e-c3368fd6cf67|10.1.0.44:15415
2024-01-18 21:15:32,564 [7adc501f-70c9-4652-b7fc-e7afe3d76740@group-26E5762860C1-LeaderElection67] INFO  server.RaftServerConfigKeys (ConfUtils.java:logFallback(53)) - raft.server.rpc.first-election.timeout.min = 5s (fallback to raft.server.rpc.timeout.min)
2024-01-18 21:15:32,564 [7adc501f-70c9-4652-b7fc-e7afe3d76740@group-26E5762860C1-LeaderElection67] INFO  server.RaftServerConfigKeys (ConfUtils.java:logFallback(53)) - raft.server.rpc.first-election.timeout.max = 5200ms (fallback to raft.server.rpc.timeout.max)
2024-01-18 21:15:32,568 [7adc501f-70c9-4652-b7fc-e7afe3d76740@group-26E5762860C1-LeaderElection67-2] INFO  server.GrpcServerProtocolClient (GrpcServerProtocolClient.java:<init>(65)) - Build channel for 2f0c8443-6075-4928-968f-8dc1a7be92bb|10.1.0.44:15397
2024-01-18 21:15:32,571 [grpc-default-executor-6] INFO  server.RaftServer$Division (RaftServerImpl.java:requestVote(1389)) - 3df0e54a-fa0a-4d1f-902e-c3368fd6cf67@group-26E5762860C1: receive requestVote(PRE_VOTE, 7adc501f-70c9-4652-b7fc-e7afe3d76740, group-26E5762860C1, 0, (t:0, i:0))
2024-01-18 21:15:32,571 [grpc-default-executor-6] INFO  impl.VoteContext (VoteContext.java:log(49)) - 3df0e54a-fa0a-4d1f-902e-c3368fd6cf67@group-26E5762860C1-FOLLOWER: reject PRE_VOTE from 7adc501f-70c9-4652-b7fc-e7afe3d76740: our priority 1 > candidate's priority 0
2024-01-18 21:15:32,571 [grpc-default-executor-6] INFO  server.RaftServer$Division (RaftServerImpl.java:requestVote(1422)) - 3df0e54a-fa0a-4d1f-902e-c3368fd6cf67@group-26E5762860C1 replies to PRE_VOTE vote request: 7adc501f-70c9-4652-b7fc-e7afe3d76740<-3df0e54a-fa0a-4d1f-902e-c3368fd6cf67#0:FAIL-t0. Peer's state: 3df0e54a-fa0a-4d1f-902e-c3368fd6cf67@group-26E5762860C1:t0, leader=null, voted=, raftlog=Memoized:3df0e54a-fa0a-4d1f-902e-c3368fd6cf67@group-26E5762860C1-SegmentedRaftLog:OPENED:c-1, conf=-1: peers:[3df0e54a-fa0a-4d1f-902e-c3368fd6cf67|10.1.0.44:15415, 7adc501f-70c9-4652-b7fc-e7afe3d76740|10.1.0.44:15406, 2f0c8443-6075-4928-968f-8dc1a7be92bb|10.1.0.44:15397]|listeners:[], old=null
2024-01-18 21:15:32,571 [grpc-default-executor-4] INFO  server.RaftServer$Division (RaftServerImpl.java:requestVote(1389)) - 2f0c8443-6075-4928-968f-8dc1a7be92bb@group-26E5762860C1: receive requestVote(PRE_VOTE, 7adc501f-70c9-4652-b7fc-e7afe3d76740, group-26E5762860C1, 0, (t:0, i:0))
2024-01-18 21:15:32,572 [grpc-default-executor-4] INFO  impl.VoteContext (VoteContext.java:log(49)) - 2f0c8443-6075-4928-968f-8dc1a7be92bb@group-26E5762860C1-FOLLOWER: accept PRE_VOTE from 7adc501f-70c9-4652-b7fc-e7afe3d76740: our priority 0 <= candidate's priority 0
2024-01-18 21:15:32,572 [grpc-default-executor-4] INFO  server.RaftServer$Division (RaftServerImpl.java:requestVote(1422)) - 2f0c8443-6075-4928-968f-8dc1a7be92bb@group-26E5762860C1 replies to PRE_VOTE vote request: 7adc501f-70c9-4652-b7fc-e7afe3d76740<-2f0c8443-6075-4928-968f-8dc1a7be92bb#0:OK-t0. Peer's state: 2f0c8443-6075-4928-968f-8dc1a7be92bb@group-26E5762860C1:t0, leader=null, voted=, raftlog=Memoized:2f0c8443-6075-4928-968f-8dc1a7be92bb@group-26E5762860C1-SegmentedRaftLog:OPENED:c-1, conf=-1: peers:[3df0e54a-fa0a-4d1f-902e-c3368fd6cf67|10.1.0.44:15415, 7adc501f-70c9-4652-b7fc-e7afe3d76740|10.1.0.44:15406, 2f0c8443-6075-4928-968f-8dc1a7be92bb|10.1.0.44:15397]|listeners:[], old=null
2024-01-18 21:15:32,573 [7adc501f-70c9-4652-b7fc-e7afe3d76740@group-26E5762860C1-LeaderElection67] INFO  impl.LeaderElection (LeaderElection.java:logAndReturn(89)) - 7adc501f-70c9-4652-b7fc-e7afe3d76740@group-26E5762860C1-LeaderElection67: PRE_VOTE REJECTED received 1 response(s) and 0 exception(s):
2024-01-18 21:15:32,573 [7adc501f-70c9-4652-b7fc-e7afe3d76740@group-26E5762860C1-LeaderElection67] INFO  impl.LeaderElection (LeaderElection.java:logAndReturn(93)) -   Response 0: 7adc501f-70c9-4652-b7fc-e7afe3d76740<-3df0e54a-fa0a-4d1f-902e-c3368fd6cf67#0:FAIL-t0
2024-01-18 21:15:32,573 [7adc501f-70c9-4652-b7fc-e7afe3d76740@group-26E5762860C1-LeaderElection67] INFO  impl.LeaderElection (LeaderElection.java:askForVotes(323)) - 7adc501f-70c9-4652-b7fc-e7afe3d76740@group-26E5762860C1-LeaderElection67 PRE_VOTE round 0: result REJECTED
2024-01-18 21:15:32,573 [7adc501f-70c9-4652-b7fc-e7afe3d76740@group-26E5762860C1-LeaderElection67] INFO  server.RaftServer$Division (RaftServerImpl.java:setRole(383)) - 7adc501f-70c9-4652-b7fc-e7afe3d76740@group-26E5762860C1: changes role from CANDIDATE to FOLLOWER at term 0 for REJECTED
2024-01-18 21:15:32,573 [7adc501f-70c9-4652-b7fc-e7afe3d76740@group-26E5762860C1-LeaderElection67] INFO  impl.RoleInfo (RoleInfo.java:shutdownLeaderElection(130)) - 7adc501f-70c9-4652-b7fc-e7afe3d76740: shutdown 7adc501f-70c9-4652-b7fc-e7afe3d76740@group-26E5762860C1-LeaderElection67
2024-01-18 21:15:32,573 [7adc501f-70c9-4652-b7fc-e7afe3d76740@group-26E5762860C1-LeaderElection67] INFO  impl.RoleInfo (RoleInfo.java:updateAndGet(139)) - 7adc501f-70c9-4652-b7fc-e7afe3d76740: start 7adc501f-70c9-4652-b7fc-e7afe3d76740@group-26E5762860C1-FollowerState
2024-01-18 21:15:32,573 [7adc501f-70c9-4652-b7fc-e7afe3d76740@group-26E5762860C1-LeaderElection67] INFO  server.RaftServer$Division (RaftServerImpl.java:setFirstElection(574)) - 7adc501f-70c9-4652-b7fc-e7afe3d76740@group-26E5762860C1: set firstElectionSinceStartup to false for REJECTED
2024-01-18 21:15:32,585 [22869b9b-ca6a-4da8-a132-9d24bcd1149d@group-34C4BB792BBD-FollowerState] INFO  impl.FollowerState (FollowerState.java:run(143)) - 22869b9b-ca6a-4da8-a132-9d24bcd1149d@group-34C4BB792BBD-FollowerState: change to CANDIDATE, lastRpcElapsedTime:5173038144ns, electionTimeout:5171ms
2024-01-18 21:15:32,585 [22869b9b-ca6a-4da8-a132-9d24bcd1149d@group-34C4BB792BBD-FollowerState] INFO  impl.RoleInfo (RoleInfo.java:shutdownFollowerState(110)) - 22869b9b-ca6a-4da8-a132-9d24bcd1149d: shutdown 22869b9b-ca6a-4da8-a132-9d24bcd1149d@group-34C4BB792BBD-FollowerState
2024-01-18 21:15:32,585 [22869b9b-ca6a-4da8-a132-9d24bcd1149d@group-34C4BB792BBD-FollowerState] INFO  server.RaftServer$Division (RaftServerImpl.java:setRole(383)) - 22869b9b-ca6a-4da8-a132-9d24bcd1149d@group-34C4BB792BBD: changes role from  FOLLOWER to CANDIDATE at term 0 for changeToCandidate
2024-01-18 21:15:32,585 [22869b9b-ca6a-4da8-a132-9d24bcd1149d@group-34C4BB792BBD-FollowerState] INFO  server.RaftServerConfigKeys (ConfUtils.java:logGet(46)) - raft.server.leaderelection.pre-vote = true (default)
2024-01-18 21:15:32,585 [22869b9b-ca6a-4da8-a132-9d24bcd1149d@group-34C4BB792BBD-FollowerState] INFO  impl.RoleInfo (RoleInfo.java:updateAndGet(139)) - 22869b9b-ca6a-4da8-a132-9d24bcd1149d: start 22869b9b-ca6a-4da8-a132-9d24bcd1149d@group-34C4BB792BBD-LeaderElection68
2024-01-18 21:15:32,586 [22869b9b-ca6a-4da8-a132-9d24bcd1149d@group-34C4BB792BBD-LeaderElection68] INFO  impl.LeaderElection (LeaderElection.java:askForVotes(321)) - 22869b9b-ca6a-4da8-a132-9d24bcd1149d@group-34C4BB792BBD-LeaderElection68 PRE_VOTE round 0: submit vote requests at term 0 for -1: peers:[22869b9b-ca6a-4da8-a132-9d24bcd1149d|10.1.0.44:15388]|listeners:[], old=null
2024-01-18 21:15:32,586 [22869b9b-ca6a-4da8-a132-9d24bcd1149d@group-34C4BB792BBD-LeaderElection68] INFO  impl.LeaderElection (LeaderElection.java:askForVotes(323)) - 22869b9b-ca6a-4da8-a132-9d24bcd1149d@group-34C4BB792BBD-LeaderElection68 PRE_VOTE round 0: result PASSED (term=0)
2024-01-18 21:15:32,587 [22869b9b-ca6a-4da8-a132-9d24bcd1149d@group-34C4BB792BBD-LeaderElection68] INFO  impl.LeaderElection (LeaderElection.java:askForVotes(321)) - 22869b9b-ca6a-4da8-a132-9d24bcd1149d@group-34C4BB792BBD-LeaderElection68 ELECTION round 0: submit vote requests at term 1 for -1: peers:[22869b9b-ca6a-4da8-a132-9d24bcd1149d|10.1.0.44:15388]|listeners:[], old=null
2024-01-18 21:15:32,587 [22869b9b-ca6a-4da8-a132-9d24bcd1149d@group-34C4BB792BBD-LeaderElection68] INFO  impl.LeaderElection (LeaderElection.java:askForVotes(323)) - 22869b9b-ca6a-4da8-a132-9d24bcd1149d@group-34C4BB792BBD-LeaderElection68 ELECTION round 0: result PASSED (term=1)
2024-01-18 21:15:32,587 [22869b9b-ca6a-4da8-a132-9d24bcd1149d@group-34C4BB792BBD-LeaderElection68] INFO  impl.RoleInfo (RoleInfo.java:shutdownLeaderElection(130)) - 22869b9b-ca6a-4da8-a132-9d24bcd1149d: shutdown 22869b9b-ca6a-4da8-a132-9d24bcd1149d@group-34C4BB792BBD-LeaderElection68
2024-01-18 21:15:32,587 [22869b9b-ca6a-4da8-a132-9d24bcd1149d@group-34C4BB792BBD-LeaderElection68] INFO  server.RaftServer$Division (RaftServerImpl.java:setRole(383)) - 22869b9b-ca6a-4da8-a132-9d24bcd1149d@group-34C4BB792BBD: changes role from CANDIDATE to LEADER at term 1 for changeToLeader
2024-01-18 21:15:32,587 [22869b9b-ca6a-4da8-a132-9d24bcd1149d@group-34C4BB792BBD-LeaderElection68] INFO  server.RaftServerConfigKeys (ConfUtils.java:logGet(46)) - raft.server.staging.catchup.gap = 1000 (default)
2024-01-18 21:15:32,587 [22869b9b-ca6a-4da8-a132-9d24bcd1149d@group-34C4BB792BBD-LeaderElection68] INFO  server.RaftServerConfigKeys (ConfUtils.java:logGet(46)) - raft.server.write.element-limit = 1024 (custom)
2024-01-18 21:15:32,587 [22869b9b-ca6a-4da8-a132-9d24bcd1149d@group-34C4BB792BBD-LeaderElection68] INFO  server.RaftServerConfigKeys (ConfUtils.java:logGet(46)) - raft.server.write.byte-limit = 1024 M (=1073741824) (custom)
2024-01-18 21:15:32,587 [22869b9b-ca6a-4da8-a132-9d24bcd1149d@group-34C4BB792BBD-LeaderElection68] INFO  server.RaftServerConfigKeys (ConfUtils.java:logGet(46)) - raft.server.watch.timeout = 3000ms (custom)
2024-01-18 21:15:32,587 [22869b9b-ca6a-4da8-a132-9d24bcd1149d@group-34C4BB792BBD-LeaderElection68] INFO  server.RaftServerConfigKeys (ConfUtils.java:logGet(46)) - raft.server.watch.timeout.denomination = 1s (default)
2024-01-18 21:15:32,587 [22869b9b-ca6a-4da8-a132-9d24bcd1149d@group-34C4BB792BBD-LeaderElection68] INFO  server.RaftServerConfigKeys (ConfUtils.java:logGet(46)) - raft.server.watch.element-limit = 65536 (default)
2024-01-18 21:15:32,587 [22869b9b-ca6a-4da8-a132-9d24bcd1149d@group-34C4BB792BBD-LeaderElection68] INFO  server.RaftServerConfigKeys (ConfUtils.java:logGet(46)) - raft.server.read.leader.lease.enabled = false (default)
2024-01-18 21:15:32,587 [22869b9b-ca6a-4da8-a132-9d24bcd1149d@group-34C4BB792BBD-LeaderElection68] INFO  server.RaftServerConfigKeys (ConfUtils.java:logGet(46)) - raft.server.read.leader.lease.timeout.ratio = 0.9 (default)
2024-01-18 21:15:32,587 [22869b9b-ca6a-4da8-a132-9d24bcd1149d@group-34C4BB792BBD-LeaderElection68] INFO  server.RaftServerConfigKeys (ConfUtils.java:logGet(46)) - raft.server.rpc.timeout.min = 5s (custom)
2024-01-18 21:15:32,587 [22869b9b-ca6a-4da8-a132-9d24bcd1149d@group-34C4BB792BBD-LeaderElection68] INFO  server.RaftServerConfigKeys (ConfUtils.java:logGet(46)) - raft.server.write.element-limit = 1024 (custom)
2024-01-18 21:15:32,587 [22869b9b-ca6a-4da8-a132-9d24bcd1149d@group-34C4BB792BBD-LeaderElection68] INFO  server.RaftServerConfigKeys (ConfUtils.java:logGet(46)) - raft.server.write.follower.gap.ratio.max = -1.0 (default)
2024-01-18 21:15:32,587 [22869b9b-ca6a-4da8-a132-9d24bcd1149d@group-34C4BB792BBD-LeaderElection68] INFO  impl.RoleInfo (RoleInfo.java:updateAndGet(139)) - 22869b9b-ca6a-4da8-a132-9d24bcd1149d: start 22869b9b-ca6a-4da8-a132-9d24bcd1149d@group-34C4BB792BBD-LeaderStateImpl
2024-01-18 21:15:32,587 [22869b9b-ca6a-4da8-a132-9d24bcd1149d@group-34C4BB792BBD-LeaderElection68] INFO  server.RaftServer$Division (RaftServerImpl.java:setFirstElection(574)) - 22869b9b-ca6a-4da8-a132-9d24bcd1149d@group-34C4BB792BBD: set firstElectionSinceStartup to false for becomeLeader
2024-01-18 21:15:32,587 [22869b9b-ca6a-4da8-a132-9d24bcd1149d@group-34C4BB792BBD-LeaderElection68] INFO  ratis.XceiverServerRatis (XceiverServerRatis.java:handleLeaderChangedNotification(945)) - Leader change notification received for group: group-34C4BB792BBD with new leaderId: 22869b9b-ca6a-4da8-a132-9d24bcd1149d
2024-01-18 21:15:32,588 [22869b9b-ca6a-4da8-a132-9d24bcd1149d@group-34C4BB792BBD-LeaderElection68] INFO  server.RaftServer$Division (ServerState.java:setLeader(269)) - 22869b9b-ca6a-4da8-a132-9d24bcd1149d@group-34C4BB792BBD: change Leader from null to 22869b9b-ca6a-4da8-a132-9d24bcd1149d at term 1 for becomeLeader, leader elected after 5183ms
2024-01-18 21:15:32,588 [22869b9b-ca6a-4da8-a132-9d24bcd1149d@group-34C4BB792BBD-LeaderElection68] INFO  segmented.SegmentedRaftLogWorker (SegmentedRaftLogWorker.java:startLogSegment(430)) - 22869b9b-ca6a-4da8-a132-9d24bcd1149d@group-34C4BB792BBD-SegmentedRaftLogWorker: Starting segment from index:0
2024-01-18 21:15:32,589 [22869b9b-ca6a-4da8-a132-9d24bcd1149d@group-34C4BB792BBD-LeaderElection68] INFO  server.RaftServer$Division (ServerState.java:setRaftConf(386)) - 22869b9b-ca6a-4da8-a132-9d24bcd1149d@group-34C4BB792BBD: set configuration 0: peers:[22869b9b-ca6a-4da8-a132-9d24bcd1149d|10.1.0.44:15388]|listeners:[], old=null
2024-01-18 21:15:32,589 [22869b9b-ca6a-4da8-a132-9d24bcd1149d@group-34C4BB792BBD-SegmentedRaftLogWorker] INFO  segmented.BufferedWriteChannel (BufferedWriteChannel.java:open(62)) - open log_inprogress_0 at position 0
2024-01-18 21:15:32,595 [22869b9b-ca6a-4da8-a132-9d24bcd1149d@group-34C4BB792BBD-SegmentedRaftLogWorker] INFO  segmented.SegmentedRaftLogWorker (SegmentedRaftLogWorker.java:execute(634)) - 22869b9b-ca6a-4da8-a132-9d24bcd1149d@group-34C4BB792BBD-SegmentedRaftLogWorker: created new log segment /home/runner/work/ozone/ozone/hadoop-ozone/integration-test/target/test-dir/MiniOzoneClusterImpl-df9b5de2-b041-43db-b9a6-571161098f76/datanode-2/data/ratis/34d4643b-faca-4a96-ae62-34c4bb792bbd/current/log_inprogress_0
2024-01-18 21:15:32,596 [22869b9b-ca6a-4da8-a132-9d24bcd1149d@group-34C4BB792BBD-StateMachineUpdater] INFO  server.RaftServer$Division (LeaderStateImpl.java:isApplied(320)) - leader is ready since appliedIndex == 0 >= startIndex == 0
2024-01-18 21:15:32,656 [2f0c8443-6075-4928-968f-8dc1a7be92bb@group-26E5762860C1-FollowerState] INFO  server.RaftServerConfigKeys (ConfUtils.java:logFallback(53)) - raft.server.rpc.first-election.timeout.min = 5s (fallback to raft.server.rpc.timeout.min)
2024-01-18 21:15:32,656 [2f0c8443-6075-4928-968f-8dc1a7be92bb@group-26E5762860C1-FollowerState] INFO  server.RaftServerConfigKeys (ConfUtils.java:logFallback(53)) - raft.server.rpc.first-election.timeout.max = 5200ms (fallback to raft.server.rpc.timeout.max)
2024-01-18 21:15:32,725 [3df0e54a-fa0a-4d1f-902e-c3368fd6cf67@group-26E5762860C1-FollowerState] INFO  impl.FollowerState (FollowerState.java:run(143)) - 3df0e54a-fa0a-4d1f-902e-c3368fd6cf67@group-26E5762860C1-FollowerState: change to CANDIDATE, lastRpcElapsedTime:5174330409ns, electionTimeout:5174ms
2024-01-18 21:15:32,725 [3df0e54a-fa0a-4d1f-902e-c3368fd6cf67@group-26E5762860C1-FollowerState] INFO  impl.RoleInfo (RoleInfo.java:shutdownFollowerState(110)) - 3df0e54a-fa0a-4d1f-902e-c3368fd6cf67: shutdown 3df0e54a-fa0a-4d1f-902e-c3368fd6cf67@group-26E5762860C1-FollowerState
2024-01-18 21:15:32,725 [3df0e54a-fa0a-4d1f-902e-c3368fd6cf67@group-26E5762860C1-FollowerState] INFO  server.RaftServer$Division (RaftServerImpl.java:setRole(383)) - 3df0e54a-fa0a-4d1f-902e-c3368fd6cf67@group-26E5762860C1: changes role from  FOLLOWER to CANDIDATE at term 0 for changeToCandidate
2024-01-18 21:15:32,725 [3df0e54a-fa0a-4d1f-902e-c3368fd6cf67@group-26E5762860C1-FollowerState] INFO  server.RaftServerConfigKeys (ConfUtils.java:logGet(46)) - raft.server.leaderelection.pre-vote = true (default)
2024-01-18 21:15:32,725 [3df0e54a-fa0a-4d1f-902e-c3368fd6cf67@group-26E5762860C1-FollowerState] INFO  impl.RoleInfo (RoleInfo.java:updateAndGet(139)) - 3df0e54a-fa0a-4d1f-902e-c3368fd6cf67: start 3df0e54a-fa0a-4d1f-902e-c3368fd6cf67@group-26E5762860C1-LeaderElection69
2024-01-18 21:15:32,726 [3df0e54a-fa0a-4d1f-902e-c3368fd6cf67@group-26E5762860C1-LeaderElection69] INFO  impl.LeaderElection (LeaderElection.java:askForVotes(321)) - 3df0e54a-fa0a-4d1f-902e-c3368fd6cf67@group-26E5762860C1-LeaderElection69 PRE_VOTE round 0: submit vote requests at term 0 for -1: peers:[3df0e54a-fa0a-4d1f-902e-c3368fd6cf67|10.1.0.44:15415, 7adc501f-70c9-4652-b7fc-e7afe3d76740|10.1.0.44:15406, 2f0c8443-6075-4928-968f-8dc1a7be92bb|10.1.0.44:15397]|listeners:[], old=null
2024-01-18 21:15:32,726 [3df0e54a-fa0a-4d1f-902e-c3368fd6cf67@group-26E5762860C1-LeaderElection69] INFO  server.RaftServerConfigKeys (ConfUtils.java:logFallback(53)) - raft.server.rpc.first-election.timeout.min = 5s (fallback to raft.server.rpc.timeout.min)
2024-01-18 21:15:32,726 [3df0e54a-fa0a-4d1f-902e-c3368fd6cf67@group-26E5762860C1-LeaderElection69-2] INFO  server.GrpcServerProtocolClient (GrpcServerProtocolClient.java:<init>(65)) - Build channel for 2f0c8443-6075-4928-968f-8dc1a7be92bb|10.1.0.44:15397
2024-01-18 21:15:32,726 [3df0e54a-fa0a-4d1f-902e-c3368fd6cf67@group-26E5762860C1-LeaderElection69] INFO  server.RaftServerConfigKeys (ConfUtils.java:logFallback(53)) - raft.server.rpc.first-election.timeout.max = 5200ms (fallback to raft.server.rpc.timeout.max)
2024-01-18 21:15:32,726 [3df0e54a-fa0a-4d1f-902e-c3368fd6cf67@group-26E5762860C1-LeaderElection69-1] INFO  server.GrpcServerProtocolClient (GrpcServerProtocolClient.java:<init>(65)) - Build channel for 7adc501f-70c9-4652-b7fc-e7afe3d76740|10.1.0.44:15406
2024-01-18 21:15:32,730 [grpc-default-executor-6] INFO  server.RaftServer$Division (RaftServerImpl.java:requestVote(1389)) - 2f0c8443-6075-4928-968f-8dc1a7be92bb@group-26E5762860C1: receive requestVote(PRE_VOTE, 3df0e54a-fa0a-4d1f-902e-c3368fd6cf67, group-26E5762860C1, 0, (t:0, i:0))
2024-01-18 21:15:32,730 [grpc-default-executor-6] INFO  impl.VoteContext (VoteContext.java:log(49)) - 2f0c8443-6075-4928-968f-8dc1a7be92bb@group-26E5762860C1-FOLLOWER: accept PRE_VOTE from 3df0e54a-fa0a-4d1f-902e-c3368fd6cf67: our priority 0 <= candidate's priority 1
2024-01-18 21:15:32,730 [grpc-default-executor-6] INFO  server.RaftServer$Division (RaftServerImpl.java:requestVote(1422)) - 2f0c8443-6075-4928-968f-8dc1a7be92bb@group-26E5762860C1 replies to PRE_VOTE vote request: 3df0e54a-fa0a-4d1f-902e-c3368fd6cf67<-2f0c8443-6075-4928-968f-8dc1a7be92bb#0:OK-t0. Peer's state: 2f0c8443-6075-4928-968f-8dc1a7be92bb@group-26E5762860C1:t0, leader=null, voted=, raftlog=Memoized:2f0c8443-6075-4928-968f-8dc1a7be92bb@group-26E5762860C1-SegmentedRaftLog:OPENED:c-1, conf=-1: peers:[3df0e54a-fa0a-4d1f-902e-c3368fd6cf67|10.1.0.44:15415, 7adc501f-70c9-4652-b7fc-e7afe3d76740|10.1.0.44:15406, 2f0c8443-6075-4928-968f-8dc1a7be92bb|10.1.0.44:15397]|listeners:[], old=null
2024-01-18 21:15:32,731 [grpc-default-executor-4] INFO  server.RaftServer$Division (RaftServerImpl.java:requestVote(1389)) - 7adc501f-70c9-4652-b7fc-e7afe3d76740@group-26E5762860C1: receive requestVote(PRE_VOTE, 3df0e54a-fa0a-4d1f-902e-c3368fd6cf67, group-26E5762860C1, 0, (t:0, i:0))
2024-01-18 21:15:32,731 [grpc-default-executor-4] INFO  impl.VoteContext (VoteContext.java:log(49)) - 7adc501f-70c9-4652-b7fc-e7afe3d76740@group-26E5762860C1-FOLLOWER: accept PRE_VOTE from 3df0e54a-fa0a-4d1f-902e-c3368fd6cf67: our priority 0 <= candidate's priority 1
2024-01-18 21:15:32,731 [grpc-default-executor-4] INFO  server.RaftServer$Division (RaftServerImpl.java:requestVote(1422)) - 7adc501f-70c9-4652-b7fc-e7afe3d76740@group-26E5762860C1 replies to PRE_VOTE vote request: 3df0e54a-fa0a-4d1f-902e-c3368fd6cf67<-7adc501f-70c9-4652-b7fc-e7afe3d76740#0:OK-t0. Peer's state: 7adc501f-70c9-4652-b7fc-e7afe3d76740@group-26E5762860C1:t0, leader=null, voted=, raftlog=Memoized:7adc501f-70c9-4652-b7fc-e7afe3d76740@group-26E5762860C1-SegmentedRaftLog:OPENED:c-1, conf=-1: peers:[3df0e54a-fa0a-4d1f-902e-c3368fd6cf67|10.1.0.44:15415, 7adc501f-70c9-4652-b7fc-e7afe3d76740|10.1.0.44:15406, 2f0c8443-6075-4928-968f-8dc1a7be92bb|10.1.0.44:15397]|listeners:[], old=null
2024-01-18 21:15:32,732 [3df0e54a-fa0a-4d1f-902e-c3368fd6cf67@group-26E5762860C1-LeaderElection69] INFO  impl.LeaderElection (LeaderElection.java:logAndReturn(89)) - 3df0e54a-fa0a-4d1f-902e-c3368fd6cf67@group-26E5762860C1-LeaderElection69: PRE_VOTE PASSED received 1 response(s) and 0 exception(s):
2024-01-18 21:15:32,732 [3df0e54a-fa0a-4d1f-902e-c3368fd6cf67@group-26E5762860C1-LeaderElection69] INFO  impl.LeaderElection (LeaderElection.java:logAndReturn(93)) -   Response 0: 3df0e54a-fa0a-4d1f-902e-c3368fd6cf67<-2f0c8443-6075-4928-968f-8dc1a7be92bb#0:OK-t0
2024-01-18 21:15:32,732 [3df0e54a-fa0a-4d1f-902e-c3368fd6cf67@group-26E5762860C1-LeaderElection69] INFO  impl.LeaderElection (LeaderElection.java:askForVotes(323)) - 3df0e54a-fa0a-4d1f-902e-c3368fd6cf67@group-26E5762860C1-LeaderElection69 PRE_VOTE round 0: result PASSED
2024-01-18 21:15:32,733 [3df0e54a-fa0a-4d1f-902e-c3368fd6cf67@group-26E5762860C1-LeaderElection69] INFO  impl.LeaderElection (LeaderElection.java:askForVotes(321)) - 3df0e54a-fa0a-4d1f-902e-c3368fd6cf67@group-26E5762860C1-LeaderElection69 ELECTION round 0: submit vote requests at term 1 for -1: peers:[3df0e54a-fa0a-4d1f-902e-c3368fd6cf67|10.1.0.44:15415, 7adc501f-70c9-4652-b7fc-e7afe3d76740|10.1.0.44:15406, 2f0c8443-6075-4928-968f-8dc1a7be92bb|10.1.0.44:15397]|listeners:[], old=null
2024-01-18 21:15:32,733 [3df0e54a-fa0a-4d1f-902e-c3368fd6cf67@group-26E5762860C1-LeaderElection69] INFO  server.RaftServerConfigKeys (ConfUtils.java:logFallback(53)) - raft.server.rpc.first-election.timeout.min = 5s (fallback to raft.server.rpc.timeout.min)
2024-01-18 21:15:32,733 [3df0e54a-fa0a-4d1f-902e-c3368fd6cf67@group-26E5762860C1-LeaderElection69] INFO  server.RaftServerConfigKeys (ConfUtils.java:logFallback(53)) - raft.server.rpc.first-election.timeout.max = 5200ms (fallback to raft.server.rpc.timeout.max)
2024-01-18 21:15:32,734 [grpc-default-executor-4] INFO  server.RaftServer$Division (RaftServerImpl.java:requestVote(1389)) - 2f0c8443-6075-4928-968f-8dc1a7be92bb@group-26E5762860C1: receive requestVote(ELECTION, 3df0e54a-fa0a-4d1f-902e-c3368fd6cf67, group-26E5762860C1, 1, (t:0, i:0))
2024-01-18 21:15:32,734 [grpc-default-executor-4] INFO  impl.VoteContext (VoteContext.java:log(49)) - 2f0c8443-6075-4928-968f-8dc1a7be92bb@group-26E5762860C1-FOLLOWER: accept ELECTION from 3df0e54a-fa0a-4d1f-902e-c3368fd6cf67: our priority 0 <= candidate's priority 1
2024-01-18 21:15:32,734 [grpc-default-executor-4] INFO  server.RaftServer$Division (RaftServerImpl.java:setRole(383)) - 2f0c8443-6075-4928-968f-8dc1a7be92bb@group-26E5762860C1: changes role from  FOLLOWER to FOLLOWER at term 1 for candidate:3df0e54a-fa0a-4d1f-902e-c3368fd6cf67
2024-01-18 21:15:32,734 [grpc-default-executor-4] INFO  impl.RoleInfo (RoleInfo.java:shutdownFollowerState(110)) - 2f0c8443-6075-4928-968f-8dc1a7be92bb: shutdown 2f0c8443-6075-4928-968f-8dc1a7be92bb@group-26E5762860C1-FollowerState
2024-01-18 21:15:32,734 [grpc-default-executor-4] INFO  impl.RoleInfo (RoleInfo.java:updateAndGet(139)) - 2f0c8443-6075-4928-968f-8dc1a7be92bb: start 2f0c8443-6075-4928-968f-8dc1a7be92bb@group-26E5762860C1-FollowerState
2024-01-18 21:15:32,734 [2f0c8443-6075-4928-968f-8dc1a7be92bb@group-26E5762860C1-FollowerState] INFO  impl.FollowerState (FollowerState.java:run(152)) - 2f0c8443-6075-4928-968f-8dc1a7be92bb@group-26E5762860C1-FollowerState was interrupted
2024-01-18 21:15:32,734 [grpc-default-executor-4] INFO  server.RaftServer$Division (RaftServerImpl.java:setFirstElection(574)) - 2f0c8443-6075-4928-968f-8dc1a7be92bb@group-26E5762860C1: set firstElectionSinceStartup to false for candidate:3df0e54a-fa0a-4d1f-902e-c3368fd6cf67
2024-01-18 21:15:32,736 [grpc-default-executor-6] INFO  server.RaftServer$Division (RaftServerImpl.java:requestVote(1389)) - 7adc501f-70c9-4652-b7fc-e7afe3d76740@group-26E5762860C1: receive requestVote(ELECTION, 3df0e54a-fa0a-4d1f-902e-c3368fd6cf67, group-26E5762860C1, 1, (t:0, i:0))
2024-01-18 21:15:32,736 [grpc-default-executor-6] INFO  impl.VoteContext (VoteContext.java:log(49)) - 7adc501f-70c9-4652-b7fc-e7afe3d76740@group-26E5762860C1-FOLLOWER: accept ELECTION from 3df0e54a-fa0a-4d1f-902e-c3368fd6cf67: our priority 0 <= candidate's priority 1
2024-01-18 21:15:32,736 [grpc-default-executor-6] INFO  server.RaftServer$Division (RaftServerImpl.java:setRole(383)) - 7adc501f-70c9-4652-b7fc-e7afe3d76740@group-26E5762860C1: changes role from  FOLLOWER to FOLLOWER at term 1 for candidate:3df0e54a-fa0a-4d1f-902e-c3368fd6cf67
2024-01-18 21:15:32,736 [grpc-default-executor-6] INFO  impl.RoleInfo (RoleInfo.java:shutdownFollowerState(110)) - 7adc501f-70c9-4652-b7fc-e7afe3d76740: shutdown 7adc501f-70c9-4652-b7fc-e7afe3d76740@group-26E5762860C1-FollowerState
2024-01-18 21:15:32,736 [grpc-default-executor-6] INFO  impl.RoleInfo (RoleInfo.java:updateAndGet(139)) - 7adc501f-70c9-4652-b7fc-e7afe3d76740: start 7adc501f-70c9-4652-b7fc-e7afe3d76740@group-26E5762860C1-FollowerState
2024-01-18 21:15:32,736 [7adc501f-70c9-4652-b7fc-e7afe3d76740@group-26E5762860C1-FollowerState] INFO  impl.FollowerState (FollowerState.java:run(152)) - 7adc501f-70c9-4652-b7fc-e7afe3d76740@group-26E5762860C1-FollowerState was interrupted
2024-01-18 21:15:32,737 [grpc-default-executor-4] INFO  server.RaftServer$Division (RaftServerImpl.java:requestVote(1422)) - 2f0c8443-6075-4928-968f-8dc1a7be92bb@group-26E5762860C1 replies to ELECTION vote request: 3df0e54a-fa0a-4d1f-902e-c3368fd6cf67<-2f0c8443-6075-4928-968f-8dc1a7be92bb#0:OK-t1. Peer's state: 2f0c8443-6075-4928-968f-8dc1a7be92bb@group-26E5762860C1:t1, leader=null, voted=3df0e54a-fa0a-4d1f-902e-c3368fd6cf67, raftlog=Memoized:2f0c8443-6075-4928-968f-8dc1a7be92bb@group-26E5762860C1-SegmentedRaftLog:OPENED:c-1, conf=-1: peers:[3df0e54a-fa0a-4d1f-902e-c3368fd6cf67|10.1.0.44:15415, 7adc501f-70c9-4652-b7fc-e7afe3d76740|10.1.0.44:15406, 2f0c8443-6075-4928-968f-8dc1a7be92bb|10.1.0.44:15397]|listeners:[], old=null
2024-01-18 21:15:32,737 [3df0e54a-fa0a-4d1f-902e-c3368fd6cf67@group-26E5762860C1-LeaderElection69] INFO  impl.LeaderElection (LeaderElection.java:logAndReturn(89)) - 3df0e54a-fa0a-4d1f-902e-c3368fd6cf67@group-26E5762860C1-LeaderElection69: ELECTION PASSED received 1 response(s) and 0 exception(s):
2024-01-18 21:15:32,737 [3df0e54a-fa0a-4d1f-902e-c3368fd6cf67@group-26E5762860C1-LeaderElection69] INFO  impl.LeaderElection (LeaderElection.java:logAndReturn(93)) -   Response 0: 3df0e54a-fa0a-4d1f-902e-c3368fd6cf67<-2f0c8443-6075-4928-968f-8dc1a7be92bb#0:OK-t1
2024-01-18 21:15:32,737 [3df0e54a-fa0a-4d1f-902e-c3368fd6cf67@group-26E5762860C1-LeaderElection69] INFO  impl.LeaderElection (LeaderElection.java:askForVotes(323)) - 3df0e54a-fa0a-4d1f-902e-c3368fd6cf67@group-26E5762860C1-LeaderElection69 ELECTION round 0: result PASSED
2024-01-18 21:15:32,737 [3df0e54a-fa0a-4d1f-902e-c3368fd6cf67@group-26E5762860C1-LeaderElection69] INFO  impl.RoleInfo (RoleInfo.java:shutdownLeaderElection(130)) - 3df0e54a-fa0a-4d1f-902e-c3368fd6cf67: shutdown 3df0e54a-fa0a-4d1f-902e-c3368fd6cf67@group-26E5762860C1-LeaderElection69
2024-01-18 21:15:32,737 [3df0e54a-fa0a-4d1f-902e-c3368fd6cf67@group-26E5762860C1-LeaderElection69] INFO  server.RaftServer$Division (RaftServerImpl.java:setRole(383)) - 3df0e54a-fa0a-4d1f-902e-c3368fd6cf67@group-26E5762860C1: changes role from CANDIDATE to LEADER at term 1 for changeToLeader
2024-01-18 21:15:32,737 [3df0e54a-fa0a-4d1f-902e-c3368fd6cf67@group-26E5762860C1-LeaderElection69] INFO  server.RaftServerConfigKeys (ConfUtils.java:logGet(46)) - raft.server.staging.catchup.gap = 1000 (default)
2024-01-18 21:15:32,737 [grpc-default-executor-6] INFO  server.RaftServer$Division (RaftServerImpl.java:requestVote(1422)) - 7adc501f-70c9-4652-b7fc-e7afe3d76740@group-26E5762860C1 replies to ELECTION vote request: 3df0e54a-fa0a-4d1f-902e-c3368fd6cf67<-7adc501f-70c9-4652-b7fc-e7afe3d76740#0:OK-t1. Peer's state: 7adc501f-70c9-4652-b7fc-e7afe3d76740@group-26E5762860C1:t1, leader=null, voted=3df0e54a-fa0a-4d1f-902e-c3368fd6cf67, raftlog=Memoized:7adc501f-70c9-4652-b7fc-e7afe3d76740@group-26E5762860C1-SegmentedRaftLog:OPENED:c-1, conf=-1: peers:[3df0e54a-fa0a-4d1f-902e-c3368fd6cf67|10.1.0.44:15415, 7adc501f-70c9-4652-b7fc-e7afe3d76740|10.1.0.44:15406, 2f0c8443-6075-4928-968f-8dc1a7be92bb|10.1.0.44:15397]|listeners:[], old=null
2024-01-18 21:15:32,737 [3df0e54a-fa0a-4d1f-902e-c3368fd6cf67@group-26E5762860C1-LeaderElection69] INFO  server.RaftServerConfigKeys (ConfUtils.java:logGet(46)) - raft.server.write.element-limit = 1024 (custom)
2024-01-18 21:15:32,737 [3df0e54a-fa0a-4d1f-902e-c3368fd6cf67@group-26E5762860C1-LeaderElection69] INFO  server.RaftServerConfigKeys (ConfUtils.java:logGet(46)) - raft.server.write.byte-limit = 1024 M (=1073741824) (custom)
2024-01-18 21:15:32,738 [3df0e54a-fa0a-4d1f-902e-c3368fd6cf67@group-26E5762860C1-LeaderElection69] INFO  server.RaftServerConfigKeys (ConfUtils.java:logGet(46)) - raft.server.watch.timeout = 3000ms (custom)
2024-01-18 21:15:32,738 [3df0e54a-fa0a-4d1f-902e-c3368fd6cf67@group-26E5762860C1-LeaderElection69] INFO  server.RaftServerConfigKeys (ConfUtils.java:logGet(46)) - raft.server.watch.timeout.denomination = 1s (default)
2024-01-18 21:15:32,738 [3df0e54a-fa0a-4d1f-902e-c3368fd6cf67@group-26E5762860C1-LeaderElection69] INFO  server.RaftServerConfigKeys (ConfUtils.java:logGet(46)) - raft.server.watch.element-limit = 65536 (default)
2024-01-18 21:15:32,738 [3df0e54a-fa0a-4d1f-902e-c3368fd6cf67@group-26E5762860C1-LeaderElection69] INFO  server.RaftServerConfigKeys (ConfUtils.java:logGet(46)) - raft.server.read.leader.lease.enabled = false (default)
2024-01-18 21:15:32,738 [3df0e54a-fa0a-4d1f-902e-c3368fd6cf67@group-26E5762860C1-LeaderElection69] INFO  server.RaftServerConfigKeys (ConfUtils.java:logGet(46)) - raft.server.read.leader.lease.timeout.ratio = 0.9 (default)
2024-01-18 21:15:32,738 [3df0e54a-fa0a-4d1f-902e-c3368fd6cf67@group-26E5762860C1-LeaderElection69] INFO  server.RaftServerConfigKeys (ConfUtils.java:logGet(46)) - raft.server.rpc.timeout.min = 5s (custom)
2024-01-18 21:15:32,738 [3df0e54a-fa0a-4d1f-902e-c3368fd6cf67@group-26E5762860C1-LeaderElection69] INFO  server.RaftServerConfigKeys (ConfUtils.java:logGet(46)) - raft.server.write.element-limit = 1024 (custom)
2024-01-18 21:15:32,738 [3df0e54a-fa0a-4d1f-902e-c3368fd6cf67@group-26E5762860C1-LeaderElection69] INFO  server.RaftServerConfigKeys (ConfUtils.java:logGet(46)) - raft.server.write.follower.gap.ratio.max = -1.0 (default)
2024-01-18 21:15:32,738 [3df0e54a-fa0a-4d1f-902e-c3368fd6cf67@group-26E5762860C1-LeaderElection69] INFO  server.RaftServerConfigKeys (ConfUtils.java:logGet(46)) - raft.server.log.appender.snapshot.chunk.size.max = 16MB (=16777216) (default)
2024-01-18 21:15:32,738 [3df0e54a-fa0a-4d1f-902e-c3368fd6cf67@group-26E5762860C1-LeaderElection69] INFO  server.RaftServerConfigKeys (ConfUtils.java:logGet(46)) - raft.server.log.appender.buffer.byte-limit = 8388608 (custom)
2024-01-18 21:15:32,738 [3df0e54a-fa0a-4d1f-902e-c3368fd6cf67@group-26E5762860C1-LeaderElection69] INFO  server.RaftServerConfigKeys (ConfUtils.java:logGet(46)) - raft.server.log.appender.buffer.element-limit = 1 (custom)
2024-01-18 21:15:32,738 [3df0e54a-fa0a-4d1f-902e-c3368fd6cf67@group-26E5762860C1-LeaderElection69] INFO  server.RaftServerConfigKeys (ConfUtils.java:logGet(46)) - raft.server.log.appender.wait-time.min = 0ms (custom)
2024-01-18 21:15:32,738 [3df0e54a-fa0a-4d1f-902e-c3368fd6cf67@group-26E5762860C1-LeaderElection69] INFO  grpc.GrpcConfigKeys (ConfUtils.java:logGet(46)) - raft.grpc.server.leader.outstanding.appends.max = 8 (default)
2024-01-18 21:15:32,738 [3df0e54a-fa0a-4d1f-902e-c3368fd6cf67@group-26E5762860C1-LeaderElection69] INFO  server.RaftServerConfigKeys (ConfUtils.java:logGet(46)) - raft.server.rpc.request.timeout = 3000ms (default)
2024-01-18 21:15:32,739 [3df0e54a-fa0a-4d1f-902e-c3368fd6cf67@group-26E5762860C1-LeaderElection69] INFO  grpc.GrpcConfigKeys (ConfUtils.java:logGet(46)) - raft.grpc.server.install_snapshot.request.element-limit = 8 (default)
2024-01-18 21:15:32,739 [3df0e54a-fa0a-4d1f-902e-c3368fd6cf67@group-26E5762860C1-LeaderElection69] INFO  grpc.GrpcConfigKeys (ConfUtils.java:logGet(46)) - raft.grpc.server.install_snapshot.request.timeout = 3000ms (default)
2024-01-18 21:15:32,739 [3df0e54a-fa0a-4d1f-902e-c3368fd6cf67@group-26E5762860C1-LeaderElection69] INFO  grpc.GrpcConfigKeys (ConfUtils.java:logGet(46)) - raft.grpc.server.log-message.batch.duration = 5s (default)
2024-01-18 21:15:32,739 [3df0e54a-fa0a-4d1f-902e-c3368fd6cf67@group-26E5762860C1-LeaderElection69] INFO  server.RaftServerConfigKeys (ConfUtils.java:logGet(46)) - raft.server.log.appender.install.snapshot.enabled = false (custom)
2024-01-18 21:15:32,739 [3df0e54a-fa0a-4d1f-902e-c3368fd6cf67@group-26E5762860C1-LeaderElection69] INFO  grpc.GrpcConfigKeys (ConfUtils.java:logGet(46)) - raft.grpc.server.heartbeat.channel = true (default)
2024-01-18 21:15:32,739 [3df0e54a-fa0a-4d1f-902e-c3368fd6cf67@group-26E5762860C1-LeaderElection69] INFO  server.RaftServerConfigKeys (ConfUtils.java:logGet(46)) - raft.server.log.appender.snapshot.chunk.size.max = 16MB (=16777216) (default)
2024-01-18 21:15:32,739 [3df0e54a-fa0a-4d1f-902e-c3368fd6cf67@group-26E5762860C1-LeaderElection69] INFO  server.RaftServerConfigKeys (ConfUtils.java:logGet(46)) - raft.server.log.appender.buffer.byte-limit = 8388608 (custom)
2024-01-18 21:15:32,739 [3df0e54a-fa0a-4d1f-902e-c3368fd6cf67@group-26E5762860C1-LeaderElection69] INFO  server.RaftServerConfigKeys (ConfUtils.java:logGet(46)) - raft.server.log.appender.buffer.element-limit = 1 (custom)
2024-01-18 21:15:32,739 [3df0e54a-fa0a-4d1f-902e-c3368fd6cf67@group-26E5762860C1-LeaderElection69] INFO  server.RaftServerConfigKeys (ConfUtils.java:logGet(46)) - raft.server.log.appender.wait-time.min = 0ms (custom)
2024-01-18 21:15:32,739 [3df0e54a-fa0a-4d1f-902e-c3368fd6cf67@group-26E5762860C1-LeaderElection69] INFO  grpc.GrpcConfigKeys (ConfUtils.java:logGet(46)) - raft.grpc.server.leader.outstanding.appends.max = 8 (default)
2024-01-18 21:15:32,739 [3df0e54a-fa0a-4d1f-902e-c3368fd6cf67@group-26E5762860C1-LeaderElection69] INFO  server.RaftServerConfigKeys (ConfUtils.java:logGet(46)) - raft.server.rpc.request.timeout = 3000ms (default)
2024-01-18 21:15:32,739 [3df0e54a-fa0a-4d1f-902e-c3368fd6cf67@group-26E5762860C1-LeaderElection69] INFO  grpc.GrpcConfigKeys (ConfUtils.java:logGet(46)) - raft.grpc.server.install_snapshot.request.element-limit = 8 (default)
2024-01-18 21:15:32,739 [3df0e54a-fa0a-4d1f-902e-c3368fd6cf67@group-26E5762860C1-LeaderElection69] INFO  grpc.GrpcConfigKeys (ConfUtils.java:logGet(46)) - raft.grpc.server.install_snapshot.request.timeout = 3000ms (default)
2024-01-18 21:15:32,740 [3df0e54a-fa0a-4d1f-902e-c3368fd6cf67@group-26E5762860C1-LeaderElection69] INFO  grpc.GrpcConfigKeys (ConfUtils.java:logGet(46)) - raft.grpc.server.log-message.batch.duration = 5s (default)
2024-01-18 21:15:32,740 [3df0e54a-fa0a-4d1f-902e-c3368fd6cf67@group-26E5762860C1-LeaderElection69] INFO  server.RaftServerConfigKeys (ConfUtils.java:logGet(46)) - raft.server.log.appender.install.snapshot.enabled = false (custom)
2024-01-18 21:15:32,740 [3df0e54a-fa0a-4d1f-902e-c3368fd6cf67@group-26E5762860C1-LeaderElection69] INFO  grpc.GrpcConfigKeys (ConfUtils.java:logGet(46)) - raft.grpc.server.heartbeat.channel = true (default)
2024-01-18 21:15:32,740 [3df0e54a-fa0a-4d1f-902e-c3368fd6cf67@group-26E5762860C1-LeaderElection69] INFO  impl.RoleInfo (RoleInfo.java:updateAndGet(139)) - 3df0e54a-fa0a-4d1f-902e-c3368fd6cf67: start 3df0e54a-fa0a-4d1f-902e-c3368fd6cf67@group-26E5762860C1-LeaderStateImpl
2024-01-18 21:15:32,740 [3df0e54a-fa0a-4d1f-902e-c3368fd6cf67@group-26E5762860C1-LeaderElection69] INFO  server.RaftServer$Division (RaftServerImpl.java:setFirstElection(574)) - 3df0e54a-fa0a-4d1f-902e-c3368fd6cf67@group-26E5762860C1: set firstElectionSinceStartup to false for becomeLeader
2024-01-18 21:15:32,740 [3df0e54a-fa0a-4d1f-902e-c3368fd6cf67@group-26E5762860C1-LeaderElection69] INFO  ratis.XceiverServerRatis (XceiverServerRatis.java:handleLeaderChangedNotification(945)) - Leader change notification received for group: group-26E5762860C1 with new leaderId: 3df0e54a-fa0a-4d1f-902e-c3368fd6cf67
2024-01-18 21:15:32,740 [3df0e54a-fa0a-4d1f-902e-c3368fd6cf67@group-26E5762860C1-LeaderElection69] INFO  server.RaftServer$Division (ServerState.java:setLeader(269)) - 3df0e54a-fa0a-4d1f-902e-c3368fd6cf67@group-26E5762860C1: change Leader from null to 3df0e54a-fa0a-4d1f-902e-c3368fd6cf67 at term 1 for becomeLeader, leader elected after 5197ms
2024-01-18 21:15:32,740 [3df0e54a-fa0a-4d1f-902e-c3368fd6cf67@group-26E5762860C1-LeaderElection69] INFO  segmented.SegmentedRaftLogWorker (SegmentedRaftLogWorker.java:startLogSegment(430)) - 3df0e54a-fa0a-4d1f-902e-c3368fd6cf67@group-26E5762860C1-SegmentedRaftLogWorker: Starting segment from index:0
2024-01-18 21:15:32,741 [3df0e54a-fa0a-4d1f-902e-c3368fd6cf67@group-26E5762860C1-LeaderElection69] INFO  server.RaftServer$Division (ServerState.java:setRaftConf(386)) - 3df0e54a-fa0a-4d1f-902e-c3368fd6cf67@group-26E5762860C1: set configuration 0: peers:[3df0e54a-fa0a-4d1f-902e-c3368fd6cf67|10.1.0.44:15415, 7adc501f-70c9-4652-b7fc-e7afe3d76740|10.1.0.44:15406, 2f0c8443-6075-4928-968f-8dc1a7be92bb|10.1.0.44:15397]|listeners:[], old=null
2024-01-18 21:15:32,741 [3df0e54a-fa0a-4d1f-902e-c3368fd6cf67@group-26E5762860C1-SegmentedRaftLogWorker] INFO  segmented.BufferedWriteChannel (BufferedWriteChannel.java:open(62)) - open log_inprogress_0 at position 0
2024-01-18 21:15:32,741 [EventQueue-PipelineReportForPipelineReportHandler] INFO  pipeline.PipelineReportHandler (PipelineReportHandler.java:processPipelineReport(136)) - Opened pipeline PipelineID=2ed116e4-c7a3-422f-acc4-26e5762860c1
2024-01-18 21:15:32,744 [2f0c8443-6075-4928-968f-8dc1a7be92bb-server-thread1] INFO  ratis.XceiverServerRatis (XceiverServerRatis.java:handleLeaderChangedNotification(945)) - Leader change notification received for group: group-26E5762860C1 with new leaderId: 3df0e54a-fa0a-4d1f-902e-c3368fd6cf67
2024-01-18 21:15:32,744 [2f0c8443-6075-4928-968f-8dc1a7be92bb-server-thread1] INFO  server.RaftServer$Division (ServerState.java:setLeader(269)) - 2f0c8443-6075-4928-968f-8dc1a7be92bb@group-26E5762860C1: change Leader from null to 3df0e54a-fa0a-4d1f-902e-c3368fd6cf67 at term 1 for appendEntries, leader elected after 5235ms
2024-01-18 21:15:32,747 [2f0c8443-6075-4928-968f-8dc1a7be92bb-server-thread2] INFO  server.RaftServer$Division (ServerState.java:setRaftConf(386)) - 2f0c8443-6075-4928-968f-8dc1a7be92bb@group-26E5762860C1: set configuration 0: peers:[3df0e54a-fa0a-4d1f-902e-c3368fd6cf67|10.1.0.44:15415, 7adc501f-70c9-4652-b7fc-e7afe3d76740|10.1.0.44:15406, 2f0c8443-6075-4928-968f-8dc1a7be92bb|10.1.0.44:15397]|listeners:[], old=null
2024-01-18 21:15:32,747 [2f0c8443-6075-4928-968f-8dc1a7be92bb-server-thread2] INFO  segmented.SegmentedRaftLogWorker (SegmentedRaftLogWorker.java:startLogSegment(430)) - 2f0c8443-6075-4928-968f-8dc1a7be92bb@group-26E5762860C1-SegmentedRaftLogWorker: Starting segment from index:0
2024-01-18 21:15:32,748 [2f0c8443-6075-4928-968f-8dc1a7be92bb@group-26E5762860C1-SegmentedRaftLogWorker] INFO  segmented.BufferedWriteChannel (BufferedWriteChannel.java:open(62)) - open log_inprogress_0 at position 0
2024-01-18 21:15:32,751 [3df0e54a-fa0a-4d1f-902e-c3368fd6cf67@group-26E5762860C1-SegmentedRaftLogWorker] INFO  segmented.SegmentedRaftLogWorker (SegmentedRaftLogWorker.java:execute(634)) - 3df0e54a-fa0a-4d1f-902e-c3368fd6cf67@group-26E5762860C1-SegmentedRaftLogWorker: created new log segment /home/runner/work/ozone/ozone/hadoop-ozone/integration-test/target/test-dir/MiniOzoneClusterImpl-df9b5de2-b041-43db-b9a6-571161098f76/datanode-5/data/ratis/2ed116e4-c7a3-422f-acc4-26e5762860c1/current/log_inprogress_0
2024-01-18 21:15:32,751 [7adc501f-70c9-4652-b7fc-e7afe3d76740-server-thread1] INFO  ratis.XceiverServerRatis (XceiverServerRatis.java:handleLeaderChangedNotification(945)) - Leader change notification received for group: group-26E5762860C1 with new leaderId: 3df0e54a-fa0a-4d1f-902e-c3368fd6cf67
2024-01-18 21:15:32,751 [7adc501f-70c9-4652-b7fc-e7afe3d76740-server-thread1] INFO  server.RaftServer$Division (ServerState.java:setLeader(269)) - 7adc501f-70c9-4652-b7fc-e7afe3d76740@group-26E5762860C1: change Leader from null to 3df0e54a-fa0a-4d1f-902e-c3368fd6cf67 at term 1 for appendEntries, leader elected after 5226ms
2024-01-18 21:15:32,752 [7adc501f-70c9-4652-b7fc-e7afe3d76740-server-thread2] INFO  server.RaftServer$Division (ServerState.java:setRaftConf(386)) - 7adc501f-70c9-4652-b7fc-e7afe3d76740@group-26E5762860C1: set configuration 0: peers:[3df0e54a-fa0a-4d1f-902e-c3368fd6cf67|10.1.0.44:15415, 7adc501f-70c9-4652-b7fc-e7afe3d76740|10.1.0.44:15406, 2f0c8443-6075-4928-968f-8dc1a7be92bb|10.1.0.44:15397]|listeners:[], old=null
2024-01-18 21:15:32,752 [7adc501f-70c9-4652-b7fc-e7afe3d76740-server-thread2] INFO  segmented.SegmentedRaftLogWorker (SegmentedRaftLogWorker.java:startLogSegment(430)) - 7adc501f-70c9-4652-b7fc-e7afe3d76740@group-26E5762860C1-SegmentedRaftLogWorker: Starting segment from index:0
2024-01-18 21:15:32,753 [7adc501f-70c9-4652-b7fc-e7afe3d76740@group-26E5762860C1-SegmentedRaftLogWorker] INFO  segmented.BufferedWriteChannel (BufferedWriteChannel.java:open(62)) - open log_inprogress_0 at position 0
2024-01-18 21:15:32,755 [2f0c8443-6075-4928-968f-8dc1a7be92bb@group-26E5762860C1-SegmentedRaftLogWorker] INFO  segmented.SegmentedRaftLogWorker (SegmentedRaftLogWorker.java:execute(634)) - 2f0c8443-6075-4928-968f-8dc1a7be92bb@group-26E5762860C1-SegmentedRaftLogWorker: created new log segment /home/runner/work/ozone/ozone/hadoop-ozone/integration-test/target/test-dir/MiniOzoneClusterImpl-df9b5de2-b041-43db-b9a6-571161098f76/datanode-3/data/ratis/2ed116e4-c7a3-422f-acc4-26e5762860c1/current/log_inprogress_0
2024-01-18 21:15:32,760 [3df0e54a-fa0a-4d1f-902e-c3368fd6cf67@group-26E5762860C1-StateMachineUpdater] INFO  server.RaftServer$Division (LeaderStateImpl.java:isApplied(320)) - leader is ready since appliedIndex == 0 >= startIndex == 0
2024-01-18 21:15:32,760 [7adc501f-70c9-4652-b7fc-e7afe3d76740@group-26E5762860C1-SegmentedRaftLogWorker] INFO  segmented.SegmentedRaftLogWorker (SegmentedRaftLogWorker.java:execute(634)) - 7adc501f-70c9-4652-b7fc-e7afe3d76740@group-26E5762860C1-SegmentedRaftLogWorker: created new log segment /home/runner/work/ozone/ozone/hadoop-ozone/integration-test/target/test-dir/MiniOzoneClusterImpl-df9b5de2-b041-43db-b9a6-571161098f76/datanode-4/data/ratis/2ed116e4-c7a3-422f-acc4-26e5762860c1/current/log_inprogress_0
2024-01-18 21:15:32,793 [3df0e54a-fa0a-4d1f-902e-c3368fd6cf67@group-DB1FE75741B9-FollowerState] INFO  impl.FollowerState (FollowerState.java:run(143)) - 3df0e54a-fa0a-4d1f-902e-c3368fd6cf67@group-DB1FE75741B9-FollowerState: change to CANDIDATE, lastRpcElapsedTime:5124761346ns, electionTimeout:5124ms
2024-01-18 21:15:32,793 [3df0e54a-fa0a-4d1f-902e-c3368fd6cf67@group-DB1FE75741B9-FollowerState] INFO  impl.RoleInfo (RoleInfo.java:shutdownFollowerState(110)) - 3df0e54a-fa0a-4d1f-902e-c3368fd6cf67: shutdown 3df0e54a-fa0a-4d1f-902e-c3368fd6cf67@group-DB1FE75741B9-FollowerState
2024-01-18 21:15:32,793 [3df0e54a-fa0a-4d1f-902e-c3368fd6cf67@group-DB1FE75741B9-FollowerState] INFO  server.RaftServer$Division (RaftServerImpl.java:setRole(383)) - 3df0e54a-fa0a-4d1f-902e-c3368fd6cf67@group-DB1FE75741B9: changes role from  FOLLOWER to CANDIDATE at term 0 for changeToCandidate
2024-01-18 21:15:32,793 [3df0e54a-fa0a-4d1f-902e-c3368fd6cf67@group-DB1FE75741B9-FollowerState] INFO  server.RaftServerConfigKeys (ConfUtils.java:logGet(46)) - raft.server.leaderelection.pre-vote = true (default)
2024-01-18 21:15:32,793 [3df0e54a-fa0a-4d1f-902e-c3368fd6cf67@group-DB1FE75741B9-FollowerState] INFO  impl.RoleInfo (RoleInfo.java:updateAndGet(139)) - 3df0e54a-fa0a-4d1f-902e-c3368fd6cf67: start 3df0e54a-fa0a-4d1f-902e-c3368fd6cf67@group-DB1FE75741B9-LeaderElection70
2024-01-18 21:15:32,795 [3df0e54a-fa0a-4d1f-902e-c3368fd6cf67@group-DB1FE75741B9-LeaderElection70] INFO  impl.LeaderElection (LeaderElection.java:askForVotes(321)) - 3df0e54a-fa0a-4d1f-902e-c3368fd6cf67@group-DB1FE75741B9-LeaderElection70 PRE_VOTE round 0: submit vote requests at term 0 for -1: peers:[3df0e54a-fa0a-4d1f-902e-c3368fd6cf67|10.1.0.44:15415]|listeners:[], old=null
2024-01-18 21:15:32,795 [3df0e54a-fa0a-4d1f-902e-c3368fd6cf67@group-DB1FE75741B9-LeaderElection70] INFO  impl.LeaderElection (LeaderElection.java:askForVotes(323)) - 3df0e54a-fa0a-4d1f-902e-c3368fd6cf67@group-DB1FE75741B9-LeaderElection70 PRE_VOTE round 0: result PASSED (term=0)
2024-01-18 21:15:32,796 [3df0e54a-fa0a-4d1f-902e-c3368fd6cf67@group-DB1FE75741B9-LeaderElection70] INFO  impl.LeaderElection (LeaderElection.java:askForVotes(321)) - 3df0e54a-fa0a-4d1f-902e-c3368fd6cf67@group-DB1FE75741B9-LeaderElection70 ELECTION round 0: submit vote requests at term 1 for -1: peers:[3df0e54a-fa0a-4d1f-902e-c3368fd6cf67|10.1.0.44:15415]|listeners:[], old=null
2024-01-18 21:15:32,796 [3df0e54a-fa0a-4d1f-902e-c3368fd6cf67@group-DB1FE75741B9-LeaderElection70] INFO  impl.LeaderElection (LeaderElection.java:askForVotes(323)) - 3df0e54a-fa0a-4d1f-902e-c3368fd6cf67@group-DB1FE75741B9-LeaderElection70 ELECTION round 0: result PASSED (term=1)
2024-01-18 21:15:32,796 [3df0e54a-fa0a-4d1f-902e-c3368fd6cf67@group-DB1FE75741B9-LeaderElection70] INFO  impl.RoleInfo (RoleInfo.java:shutdownLeaderElection(130)) - 3df0e54a-fa0a-4d1f-902e-c3368fd6cf67: shutdown 3df0e54a-fa0a-4d1f-902e-c3368fd6cf67@group-DB1FE75741B9-LeaderElection70
2024-01-18 21:15:32,796 [3df0e54a-fa0a-4d1f-902e-c3368fd6cf67@group-DB1FE75741B9-LeaderElection70] INFO  server.RaftServer$Division (RaftServerImpl.java:setRole(383)) - 3df0e54a-fa0a-4d1f-902e-c3368fd6cf67@group-DB1FE75741B9: changes role from CANDIDATE to LEADER at term 1 for changeToLeader
2024-01-18 21:15:32,796 [3df0e54a-fa0a-4d1f-902e-c3368fd6cf67@group-DB1FE75741B9-LeaderElection70] INFO  server.RaftServerConfigKeys (ConfUtils.java:logGet(46)) - raft.server.staging.catchup.gap = 1000 (default)
2024-01-18 21:15:32,796 [3df0e54a-fa0a-4d1f-902e-c3368fd6cf67@group-DB1FE75741B9-LeaderElection70] INFO  server.RaftServerConfigKeys (ConfUtils.java:logGet(46)) - raft.server.write.element-limit = 1024 (custom)
2024-01-18 21:15:32,796 [3df0e54a-fa0a-4d1f-902e-c3368fd6cf67@group-DB1FE75741B9-LeaderElection70] INFO  server.RaftServerConfigKeys (ConfUtils.java:logGet(46)) - raft.server.write.byte-limit = 1024 M (=1073741824) (custom)
2024-01-18 21:15:32,796 [3df0e54a-fa0a-4d1f-902e-c3368fd6cf67@group-DB1FE75741B9-LeaderElection70] INFO  server.RaftServerConfigKeys (ConfUtils.java:logGet(46)) - raft.server.watch.timeout = 3000ms (custom)
2024-01-18 21:15:32,796 [3df0e54a-fa0a-4d1f-902e-c3368fd6cf67@group-DB1FE75741B9-LeaderElection70] INFO  server.RaftServerConfigKeys (ConfUtils.java:logGet(46)) - raft.server.watch.timeout.denomination = 1s (default)
2024-01-18 21:15:32,796 [3df0e54a-fa0a-4d1f-902e-c3368fd6cf67@group-DB1FE75741B9-LeaderElection70] INFO  server.RaftServerConfigKeys (ConfUtils.java:logGet(46)) - raft.server.watch.element-limit = 65536 (default)
2024-01-18 21:15:32,796 [3df0e54a-fa0a-4d1f-902e-c3368fd6cf67@group-DB1FE75741B9-LeaderElection70] INFO  server.RaftServerConfigKeys (ConfUtils.java:logGet(46)) - raft.server.read.leader.lease.enabled = false (default)
2024-01-18 21:15:32,796 [3df0e54a-fa0a-4d1f-902e-c3368fd6cf67@group-DB1FE75741B9-LeaderElection70] INFO  server.RaftServerConfigKeys (ConfUtils.java:logGet(46)) - raft.server.read.leader.lease.timeout.ratio = 0.9 (default)
2024-01-18 21:15:32,796 [3df0e54a-fa0a-4d1f-902e-c3368fd6cf67@group-DB1FE75741B9-LeaderElection70] INFO  server.RaftServerConfigKeys (ConfUtils.java:logGet(46)) - raft.server.rpc.timeout.min = 5s (custom)
2024-01-18 21:15:32,796 [3df0e54a-fa0a-4d1f-902e-c3368fd6cf67@group-DB1FE75741B9-LeaderElection70] INFO  server.RaftServerConfigKeys (ConfUtils.java:logGet(46)) - raft.server.write.element-limit = 1024 (custom)
2024-01-18 21:15:32,796 [3df0e54a-fa0a-4d1f-902e-c3368fd6cf67@group-DB1FE75741B9-LeaderElection70] INFO  server.RaftServerConfigKeys (ConfUtils.java:logGet(46)) - raft.server.write.follower.gap.ratio.max = -1.0 (default)
2024-01-18 21:15:32,796 [3df0e54a-fa0a-4d1f-902e-c3368fd6cf67@group-DB1FE75741B9-LeaderElection70] INFO  impl.RoleInfo (RoleInfo.java:updateAndGet(139)) - 3df0e54a-fa0a-4d1f-902e-c3368fd6cf67: start 3df0e54a-fa0a-4d1f-902e-c3368fd6cf67@group-DB1FE75741B9-LeaderStateImpl
2024-01-18 21:15:32,796 [3df0e54a-fa0a-4d1f-902e-c3368fd6cf67@group-DB1FE75741B9-LeaderElection70] INFO  server.RaftServer$Division (RaftServerImpl.java:setFirstElection(574)) - 3df0e54a-fa0a-4d1f-902e-c3368fd6cf67@group-DB1FE75741B9: set firstElectionSinceStartup to false for becomeLeader
2024-01-18 21:15:32,796 [3df0e54a-fa0a-4d1f-902e-c3368fd6cf67@group-DB1FE75741B9-LeaderElection70] INFO  ratis.XceiverServerRatis (XceiverServerRatis.java:handleLeaderChangedNotification(945)) - Leader change notification received for group: group-DB1FE75741B9 with new leaderId: 3df0e54a-fa0a-4d1f-902e-c3368fd6cf67
2024-01-18 21:15:32,797 [3df0e54a-fa0a-4d1f-902e-c3368fd6cf67@group-DB1FE75741B9-LeaderElection70] INFO  server.RaftServer$Division (ServerState.java:setLeader(269)) - 3df0e54a-fa0a-4d1f-902e-c3368fd6cf67@group-DB1FE75741B9: change Leader from null to 3df0e54a-fa0a-4d1f-902e-c3368fd6cf67 at term 1 for becomeLeader, leader elected after 5136ms
2024-01-18 21:15:32,797 [3df0e54a-fa0a-4d1f-902e-c3368fd6cf67@group-DB1FE75741B9-LeaderElection70] INFO  segmented.SegmentedRaftLogWorker (SegmentedRaftLogWorker.java:startLogSegment(430)) - 3df0e54a-fa0a-4d1f-902e-c3368fd6cf67@group-DB1FE75741B9-SegmentedRaftLogWorker: Starting segment from index:0
2024-01-18 21:15:32,797 [3df0e54a-fa0a-4d1f-902e-c3368fd6cf67@group-DB1FE75741B9-SegmentedRaftLogWorker] INFO  segmented.BufferedWriteChannel (BufferedWriteChannel.java:open(62)) - open log_inprogress_0 at position 0
2024-01-18 21:15:32,798 [09e80bb5-5452-43c5-b0d6-1fc2b272d72e@group-7EB0424DEFA0-FollowerState] INFO  impl.FollowerState (FollowerState.java:run(143)) - 09e80bb5-5452-43c5-b0d6-1fc2b272d72e@group-7EB0424DEFA0-FollowerState: change to CANDIDATE, lastRpcElapsedTime:5010408803ns, electionTimeout:5010ms
2024-01-18 21:15:32,798 [09e80bb5-5452-43c5-b0d6-1fc2b272d72e@group-7EB0424DEFA0-FollowerState] INFO  impl.RoleInfo (RoleInfo.java:shutdownFollowerState(110)) - 09e80bb5-5452-43c5-b0d6-1fc2b272d72e: shutdown 09e80bb5-5452-43c5-b0d6-1fc2b272d72e@group-7EB0424DEFA0-FollowerState
2024-01-18 21:15:32,798 [09e80bb5-5452-43c5-b0d6-1fc2b272d72e@group-7EB0424DEFA0-FollowerState] INFO  server.RaftServer$Division (RaftServerImpl.java:setRole(383)) - 09e80bb5-5452-43c5-b0d6-1fc2b272d72e@group-7EB0424DEFA0: changes role from  FOLLOWER to CANDIDATE at term 0 for changeToCandidate
2024-01-18 21:15:32,798 [09e80bb5-5452-43c5-b0d6-1fc2b272d72e@group-7EB0424DEFA0-FollowerState] INFO  server.RaftServerConfigKeys (ConfUtils.java:logGet(46)) - raft.server.leaderelection.pre-vote = true (default)
2024-01-18 21:15:32,798 [09e80bb5-5452-43c5-b0d6-1fc2b272d72e@group-7EB0424DEFA0-FollowerState] INFO  impl.RoleInfo (RoleInfo.java:updateAndGet(139)) - 09e80bb5-5452-43c5-b0d6-1fc2b272d72e: start 09e80bb5-5452-43c5-b0d6-1fc2b272d72e@group-7EB0424DEFA0-LeaderElection71
2024-01-18 21:15:32,798 [09e80bb5-5452-43c5-b0d6-1fc2b272d72e@group-7EB0424DEFA0-LeaderElection71] INFO  impl.LeaderElection (LeaderElection.java:askForVotes(321)) - 09e80bb5-5452-43c5-b0d6-1fc2b272d72e@group-7EB0424DEFA0-LeaderElection71 PRE_VOTE round 0: submit vote requests at term 0 for -1: peers:[29c9cbb7-9d34-4a8c-85ab-994756aa497f|10.1.0.44:15433, 09e80bb5-5452-43c5-b0d6-1fc2b272d72e|10.1.0.44:15442, acbd5797-4277-4d01-af47-c19d7e55cc48|10.1.0.44:15424]|listeners:[], old=null
2024-01-18 21:15:32,798 [09e80bb5-5452-43c5-b0d6-1fc2b272d72e@group-7EB0424DEFA0-LeaderElection71-1] INFO  server.GrpcServerProtocolClient (GrpcServerProtocolClient.java:<init>(65)) - Build channel for 29c9cbb7-9d34-4a8c-85ab-994756aa497f|10.1.0.44:15433
2024-01-18 21:15:32,798 [09e80bb5-5452-43c5-b0d6-1fc2b272d72e@group-7EB0424DEFA0-LeaderElection71] INFO  server.RaftServerConfigKeys (ConfUtils.java:logFallback(53)) - raft.server.rpc.first-election.timeout.min = 5s (fallback to raft.server.rpc.timeout.min)
2024-01-18 21:15:32,799 [09e80bb5-5452-43c5-b0d6-1fc2b272d72e@group-7EB0424DEFA0-LeaderElection71-2] INFO  server.GrpcServerProtocolClient (GrpcServerProtocolClient.java:<init>(65)) - Build channel for acbd5797-4277-4d01-af47-c19d7e55cc48|10.1.0.44:15424
2024-01-18 21:15:32,799 [09e80bb5-5452-43c5-b0d6-1fc2b272d72e@group-7EB0424DEFA0-LeaderElection71] INFO  server.RaftServerConfigKeys (ConfUtils.java:logFallback(53)) - raft.server.rpc.first-election.timeout.max = 5200ms (fallback to raft.server.rpc.timeout.max)
2024-01-18 21:15:32,801 [3df0e54a-fa0a-4d1f-902e-c3368fd6cf67@group-DB1FE75741B9-LeaderElection70] INFO  server.RaftServer$Division (ServerState.java:setRaftConf(386)) - 3df0e54a-fa0a-4d1f-902e-c3368fd6cf67@group-DB1FE75741B9: set configuration 0: peers:[3df0e54a-fa0a-4d1f-902e-c3368fd6cf67|10.1.0.44:15415]|listeners:[], old=null
2024-01-18 21:15:32,804 [3df0e54a-fa0a-4d1f-902e-c3368fd6cf67@group-DB1FE75741B9-SegmentedRaftLogWorker] INFO  segmented.SegmentedRaftLogWorker (SegmentedRaftLogWorker.java:execute(634)) - 3df0e54a-fa0a-4d1f-902e-c3368fd6cf67@group-DB1FE75741B9-SegmentedRaftLogWorker: created new log segment /home/runner/work/ozone/ozone/hadoop-ozone/integration-test/target/test-dir/MiniOzoneClusterImpl-df9b5de2-b041-43db-b9a6-571161098f76/datanode-5/data/ratis/409d3eee-66a4-4b93-8580-db1fe75741b9/current/log_inprogress_0
2024-01-18 21:15:32,804 [grpc-default-executor-6] INFO  server.RaftServer$Division (RaftServerImpl.java:requestVote(1389)) - acbd5797-4277-4d01-af47-c19d7e55cc48@group-7EB0424DEFA0: receive requestVote(PRE_VOTE, 09e80bb5-5452-43c5-b0d6-1fc2b272d72e, group-7EB0424DEFA0, 0, (t:0, i:0))
2024-01-18 21:15:32,804 [grpc-default-executor-0] INFO  server.RaftServer$Division (RaftServerImpl.java:requestVote(1389)) - 29c9cbb7-9d34-4a8c-85ab-994756aa497f@group-7EB0424DEFA0: receive requestVote(PRE_VOTE, 09e80bb5-5452-43c5-b0d6-1fc2b272d72e, group-7EB0424DEFA0, 0, (t:0, i:0))
2024-01-18 21:15:32,804 [grpc-default-executor-6] INFO  impl.VoteContext (VoteContext.java:log(49)) - acbd5797-4277-4d01-af47-c19d7e55cc48@group-7EB0424DEFA0-FOLLOWER: accept PRE_VOTE from 09e80bb5-5452-43c5-b0d6-1fc2b272d72e: our priority 0 <= candidate's priority 1
2024-01-18 21:15:32,804 [grpc-default-executor-0] INFO  impl.VoteContext (VoteContext.java:log(49)) - 29c9cbb7-9d34-4a8c-85ab-994756aa497f@group-7EB0424DEFA0-FOLLOWER: accept PRE_VOTE from 09e80bb5-5452-43c5-b0d6-1fc2b272d72e: our priority 0 <= candidate's priority 1
2024-01-18 21:15:32,804 [grpc-default-executor-6] INFO  server.RaftServer$Division (RaftServerImpl.java:requestVote(1422)) - acbd5797-4277-4d01-af47-c19d7e55cc48@group-7EB0424DEFA0 replies to PRE_VOTE vote request: 09e80bb5-5452-43c5-b0d6-1fc2b272d72e<-acbd5797-4277-4d01-af47-c19d7e55cc48#0:OK-t0. Peer's state: acbd5797-4277-4d01-af47-c19d7e55cc48@group-7EB0424DEFA0:t0, leader=null, voted=, raftlog=Memoized:acbd5797-4277-4d01-af47-c19d7e55cc48@group-7EB0424DEFA0-SegmentedRaftLog:OPENED:c-1, conf=-1: peers:[29c9cbb7-9d34-4a8c-85ab-994756aa497f|10.1.0.44:15433, 09e80bb5-5452-43c5-b0d6-1fc2b272d72e|10.1.0.44:15442, acbd5797-4277-4d01-af47-c19d7e55cc48|10.1.0.44:15424]|listeners:[], old=null
2024-01-18 21:15:32,804 [grpc-default-executor-0] INFO  server.RaftServer$Division (RaftServerImpl.java:requestVote(1422)) - 29c9cbb7-9d34-4a8c-85ab-994756aa497f@group-7EB0424DEFA0 replies to PRE_VOTE vote request: 09e80bb5-5452-43c5-b0d6-1fc2b272d72e<-29c9cbb7-9d34-4a8c-85ab-994756aa497f#0:OK-t0. Peer's state: 29c9cbb7-9d34-4a8c-85ab-994756aa497f@group-7EB0424DEFA0:t0, leader=null, voted=, raftlog=Memoized:29c9cbb7-9d34-4a8c-85ab-994756aa497f@group-7EB0424DEFA0-SegmentedRaftLog:OPENED:c-1, conf=-1: peers:[29c9cbb7-9d34-4a8c-85ab-994756aa497f|10.1.0.44:15433, 09e80bb5-5452-43c5-b0d6-1fc2b272d72e|10.1.0.44:15442, acbd5797-4277-4d01-af47-c19d7e55cc48|10.1.0.44:15424]|listeners:[], old=null
2024-01-18 21:15:32,806 [09e80bb5-5452-43c5-b0d6-1fc2b272d72e@group-7EB0424DEFA0-LeaderElection71] INFO  impl.LeaderElection (LeaderElection.java:logAndReturn(89)) - 09e80bb5-5452-43c5-b0d6-1fc2b272d72e@group-7EB0424DEFA0-LeaderElection71: PRE_VOTE PASSED received 1 response(s) and 0 exception(s):
2024-01-18 21:15:32,806 [09e80bb5-5452-43c5-b0d6-1fc2b272d72e@group-7EB0424DEFA0-LeaderElection71] INFO  impl.LeaderElection (LeaderElection.java:logAndReturn(93)) -   Response 0: 09e80bb5-5452-43c5-b0d6-1fc2b272d72e<-29c9cbb7-9d34-4a8c-85ab-994756aa497f#0:OK-t0
2024-01-18 21:15:32,806 [09e80bb5-5452-43c5-b0d6-1fc2b272d72e@group-7EB0424DEFA0-LeaderElection71] INFO  impl.LeaderElection (LeaderElection.java:askForVotes(323)) - 09e80bb5-5452-43c5-b0d6-1fc2b272d72e@group-7EB0424DEFA0-LeaderElection71 PRE_VOTE round 0: result PASSED
2024-01-18 21:15:32,806 [09e80bb5-5452-43c5-b0d6-1fc2b272d72e@group-7EB0424DEFA0-LeaderElection71] INFO  impl.LeaderElection (LeaderElection.java:askForVotes(321)) - 09e80bb5-5452-43c5-b0d6-1fc2b272d72e@group-7EB0424DEFA0-LeaderElection71 ELECTION round 0: submit vote requests at term 1 for -1: peers:[29c9cbb7-9d34-4a8c-85ab-994756aa497f|10.1.0.44:15433, 09e80bb5-5452-43c5-b0d6-1fc2b272d72e|10.1.0.44:15442, acbd5797-4277-4d01-af47-c19d7e55cc48|10.1.0.44:15424]|listeners:[], old=null
2024-01-18 21:15:32,807 [09e80bb5-5452-43c5-b0d6-1fc2b272d72e@group-7EB0424DEFA0-LeaderElection71] INFO  server.RaftServerConfigKeys (ConfUtils.java:logFallback(53)) - raft.server.rpc.first-election.timeout.min = 5s (fallback to raft.server.rpc.timeout.min)
2024-01-18 21:15:32,807 [09e80bb5-5452-43c5-b0d6-1fc2b272d72e@group-7EB0424DEFA0-LeaderElection71] INFO  server.RaftServerConfigKeys (ConfUtils.java:logFallback(53)) - raft.server.rpc.first-election.timeout.max = 5200ms (fallback to raft.server.rpc.timeout.max)
2024-01-18 21:15:32,807 [3df0e54a-fa0a-4d1f-902e-c3368fd6cf67@group-DB1FE75741B9-StateMachineUpdater] INFO  server.RaftServer$Division (LeaderStateImpl.java:isApplied(320)) - leader is ready since appliedIndex == 0 >= startIndex == 0
2024-01-18 21:15:32,812 [grpc-default-executor-6] INFO  server.RaftServer$Division (RaftServerImpl.java:requestVote(1389)) - 29c9cbb7-9d34-4a8c-85ab-994756aa497f@group-7EB0424DEFA0: receive requestVote(ELECTION, 09e80bb5-5452-43c5-b0d6-1fc2b272d72e, group-7EB0424DEFA0, 1, (t:0, i:0))
2024-01-18 21:15:32,812 [grpc-default-executor-6] INFO  impl.VoteContext (VoteContext.java:log(49)) - 29c9cbb7-9d34-4a8c-85ab-994756aa497f@group-7EB0424DEFA0-FOLLOWER: accept ELECTION from 09e80bb5-5452-43c5-b0d6-1fc2b272d72e: our priority 0 <= candidate's priority 1
2024-01-18 21:15:32,812 [grpc-default-executor-6] INFO  server.RaftServer$Division (RaftServerImpl.java:setRole(383)) - 29c9cbb7-9d34-4a8c-85ab-994756aa497f@group-7EB0424DEFA0: changes role from  FOLLOWER to FOLLOWER at term 1 for candidate:09e80bb5-5452-43c5-b0d6-1fc2b272d72e
2024-01-18 21:15:32,812 [grpc-default-executor-6] INFO  impl.RoleInfo (RoleInfo.java:shutdownFollowerState(110)) - 29c9cbb7-9d34-4a8c-85ab-994756aa497f: shutdown 29c9cbb7-9d34-4a8c-85ab-994756aa497f@group-7EB0424DEFA0-FollowerState
2024-01-18 21:15:32,812 [grpc-default-executor-6] INFO  impl.RoleInfo (RoleInfo.java:updateAndGet(139)) - 29c9cbb7-9d34-4a8c-85ab-994756aa497f: start 29c9cbb7-9d34-4a8c-85ab-994756aa497f@group-7EB0424DEFA0-FollowerState
2024-01-18 21:15:32,812 [29c9cbb7-9d34-4a8c-85ab-994756aa497f@group-7EB0424DEFA0-FollowerState] INFO  impl.FollowerState (FollowerState.java:run(152)) - 29c9cbb7-9d34-4a8c-85ab-994756aa497f@group-7EB0424DEFA0-FollowerState was interrupted
2024-01-18 21:15:32,812 [grpc-default-executor-6] INFO  server.RaftServer$Division (RaftServerImpl.java:setFirstElection(574)) - 29c9cbb7-9d34-4a8c-85ab-994756aa497f@group-7EB0424DEFA0: set firstElectionSinceStartup to false for candidate:09e80bb5-5452-43c5-b0d6-1fc2b272d72e
2024-01-18 21:15:32,813 [grpc-default-executor-0] INFO  server.RaftServer$Division (RaftServerImpl.java:requestVote(1389)) - acbd5797-4277-4d01-af47-c19d7e55cc48@group-7EB0424DEFA0: receive requestVote(ELECTION, 09e80bb5-5452-43c5-b0d6-1fc2b272d72e, group-7EB0424DEFA0, 1, (t:0, i:0))
2024-01-18 21:15:32,813 [grpc-default-executor-0] INFO  impl.VoteContext (VoteContext.java:log(49)) - acbd5797-4277-4d01-af47-c19d7e55cc48@group-7EB0424DEFA0-FOLLOWER: accept ELECTION from 09e80bb5-5452-43c5-b0d6-1fc2b272d72e: our priority 0 <= candidate's priority 1
2024-01-18 21:15:32,813 [grpc-default-executor-0] INFO  server.RaftServer$Division (RaftServerImpl.java:setRole(383)) - acbd5797-4277-4d01-af47-c19d7e55cc48@group-7EB0424DEFA0: changes role from  FOLLOWER to FOLLOWER at term 1 for candidate:09e80bb5-5452-43c5-b0d6-1fc2b272d72e
2024-01-18 21:15:32,813 [grpc-default-executor-0] INFO  impl.RoleInfo (RoleInfo.java:shutdownFollowerState(110)) - acbd5797-4277-4d01-af47-c19d7e55cc48: shutdown acbd5797-4277-4d01-af47-c19d7e55cc48@group-7EB0424DEFA0-FollowerState
2024-01-18 21:15:32,813 [grpc-default-executor-0] INFO  impl.RoleInfo (RoleInfo.java:updateAndGet(139)) - acbd5797-4277-4d01-af47-c19d7e55cc48: start acbd5797-4277-4d01-af47-c19d7e55cc48@group-7EB0424DEFA0-FollowerState
2024-01-18 21:15:32,813 [acbd5797-4277-4d01-af47-c19d7e55cc48@group-7EB0424DEFA0-FollowerState] INFO  impl.FollowerState (FollowerState.java:run(152)) - acbd5797-4277-4d01-af47-c19d7e55cc48@group-7EB0424DEFA0-FollowerState was interrupted
2024-01-18 21:15:32,813 [grpc-default-executor-0] INFO  server.RaftServer$Division (RaftServerImpl.java:setFirstElection(574)) - acbd5797-4277-4d01-af47-c19d7e55cc48@group-7EB0424DEFA0: set firstElectionSinceStartup to false for candidate:09e80bb5-5452-43c5-b0d6-1fc2b272d72e
2024-01-18 21:15:32,816 [grpc-default-executor-6] INFO  server.RaftServer$Division (RaftServerImpl.java:requestVote(1422)) - 29c9cbb7-9d34-4a8c-85ab-994756aa497f@group-7EB0424DEFA0 replies to ELECTION vote request: 09e80bb5-5452-43c5-b0d6-1fc2b272d72e<-29c9cbb7-9d34-4a8c-85ab-994756aa497f#0:OK-t1. Peer's state: 29c9cbb7-9d34-4a8c-85ab-994756aa497f@group-7EB0424DEFA0:t1, leader=null, voted=09e80bb5-5452-43c5-b0d6-1fc2b272d72e, raftlog=Memoized:29c9cbb7-9d34-4a8c-85ab-994756aa497f@group-7EB0424DEFA0-SegmentedRaftLog:OPENED:c-1, conf=-1: peers:[29c9cbb7-9d34-4a8c-85ab-994756aa497f|10.1.0.44:15433, 09e80bb5-5452-43c5-b0d6-1fc2b272d72e|10.1.0.44:15442, acbd5797-4277-4d01-af47-c19d7e55cc48|10.1.0.44:15424]|listeners:[], old=null
2024-01-18 21:15:32,816 [grpc-default-executor-0] INFO  server.RaftServer$Division (RaftServerImpl.java:requestVote(1422)) - acbd5797-4277-4d01-af47-c19d7e55cc48@group-7EB0424DEFA0 replies to ELECTION vote request: 09e80bb5-5452-43c5-b0d6-1fc2b272d72e<-acbd5797-4277-4d01-af47-c19d7e55cc48#0:OK-t1. Peer's state: acbd5797-4277-4d01-af47-c19d7e55cc48@group-7EB0424DEFA0:t1, leader=null, voted=09e80bb5-5452-43c5-b0d6-1fc2b272d72e, raftlog=Memoized:acbd5797-4277-4d01-af47-c19d7e55cc48@group-7EB0424DEFA0-SegmentedRaftLog:OPENED:c-1, conf=-1: peers:[29c9cbb7-9d34-4a8c-85ab-994756aa497f|10.1.0.44:15433, 09e80bb5-5452-43c5-b0d6-1fc2b272d72e|10.1.0.44:15442, acbd5797-4277-4d01-af47-c19d7e55cc48|10.1.0.44:15424]|listeners:[], old=null
2024-01-18 21:15:32,816 [09e80bb5-5452-43c5-b0d6-1fc2b272d72e@group-7EB0424DEFA0-LeaderElection71] INFO  impl.LeaderElection (LeaderElection.java:logAndReturn(89)) - 09e80bb5-5452-43c5-b0d6-1fc2b272d72e@group-7EB0424DEFA0-LeaderElection71: ELECTION PASSED received 1 response(s) and 0 exception(s):
2024-01-18 21:15:32,816 [09e80bb5-5452-43c5-b0d6-1fc2b272d72e@group-7EB0424DEFA0-LeaderElection71] INFO  impl.LeaderElection (LeaderElection.java:logAndReturn(93)) -   Response 0: 09e80bb5-5452-43c5-b0d6-1fc2b272d72e<-29c9cbb7-9d34-4a8c-85ab-994756aa497f#0:OK-t1
2024-01-18 21:15:32,816 [09e80bb5-5452-43c5-b0d6-1fc2b272d72e@group-7EB0424DEFA0-LeaderElection71] INFO  impl.LeaderElection (LeaderElection.java:askForVotes(323)) - 09e80bb5-5452-43c5-b0d6-1fc2b272d72e@group-7EB0424DEFA0-LeaderElection71 ELECTION round 0: result PASSED
2024-01-18 21:15:32,816 [09e80bb5-5452-43c5-b0d6-1fc2b272d72e@group-7EB0424DEFA0-LeaderElection71] INFO  impl.RoleInfo (RoleInfo.java:shutdownLeaderElection(130)) - 09e80bb5-5452-43c5-b0d6-1fc2b272d72e: shutdown 09e80bb5-5452-43c5-b0d6-1fc2b272d72e@group-7EB0424DEFA0-LeaderElection71
2024-01-18 21:15:32,816 [09e80bb5-5452-43c5-b0d6-1fc2b272d72e@group-7EB0424DEFA0-LeaderElection71] INFO  server.RaftServer$Division (RaftServerImpl.java:setRole(383)) - 09e80bb5-5452-43c5-b0d6-1fc2b272d72e@group-7EB0424DEFA0: changes role from CANDIDATE to LEADER at term 1 for changeToLeader
2024-01-18 21:15:32,817 [09e80bb5-5452-43c5-b0d6-1fc2b272d72e@group-7EB0424DEFA0-LeaderElection71] INFO  server.RaftServerConfigKeys (ConfUtils.java:logGet(46)) - raft.server.staging.catchup.gap = 1000 (default)
2024-01-18 21:15:32,817 [09e80bb5-5452-43c5-b0d6-1fc2b272d72e@group-7EB0424DEFA0-LeaderElection71] INFO  server.RaftServerConfigKeys (ConfUtils.java:logGet(46)) - raft.server.write.element-limit = 1024 (custom)
2024-01-18 21:15:32,817 [09e80bb5-5452-43c5-b0d6-1fc2b272d72e@group-7EB0424DEFA0-LeaderElection71] INFO  server.RaftServerConfigKeys (ConfUtils.java:logGet(46)) - raft.server.write.byte-limit = 1024 M (=1073741824) (custom)
2024-01-18 21:15:32,817 [09e80bb5-5452-43c5-b0d6-1fc2b272d72e@group-7EB0424DEFA0-LeaderElection71] INFO  server.RaftServerConfigKeys (ConfUtils.java:logGet(46)) - raft.server.watch.timeout = 3000ms (custom)
2024-01-18 21:15:32,817 [09e80bb5-5452-43c5-b0d6-1fc2b272d72e@group-7EB0424DEFA0-LeaderElection71] INFO  server.RaftServerConfigKeys (ConfUtils.java:logGet(46)) - raft.server.watch.timeout.denomination = 1s (default)
2024-01-18 21:15:32,817 [09e80bb5-5452-43c5-b0d6-1fc2b272d72e@group-7EB0424DEFA0-LeaderElection71] INFO  server.RaftServerConfigKeys (ConfUtils.java:logGet(46)) - raft.server.watch.element-limit = 65536 (default)
2024-01-18 21:15:32,817 [09e80bb5-5452-43c5-b0d6-1fc2b272d72e@group-7EB0424DEFA0-LeaderElection71] INFO  server.RaftServerConfigKeys (ConfUtils.java:logGet(46)) - raft.server.read.leader.lease.enabled = false (default)
2024-01-18 21:15:32,817 [09e80bb5-5452-43c5-b0d6-1fc2b272d72e@group-7EB0424DEFA0-LeaderElection71] INFO  server.RaftServerConfigKeys (ConfUtils.java:logGet(46)) - raft.server.read.leader.lease.timeout.ratio = 0.9 (default)
2024-01-18 21:15:32,817 [09e80bb5-5452-43c5-b0d6-1fc2b272d72e@group-7EB0424DEFA0-LeaderElection71] INFO  server.RaftServerConfigKeys (ConfUtils.java:logGet(46)) - raft.server.rpc.timeout.min = 5s (custom)
2024-01-18 21:15:32,817 [09e80bb5-5452-43c5-b0d6-1fc2b272d72e@group-7EB0424DEFA0-LeaderElection71] INFO  server.RaftServerConfigKeys (ConfUtils.java:logGet(46)) - raft.server.write.element-limit = 1024 (custom)
2024-01-18 21:15:32,817 [09e80bb5-5452-43c5-b0d6-1fc2b272d72e@group-7EB0424DEFA0-LeaderElection71] INFO  server.RaftServerConfigKeys (ConfUtils.java:logGet(46)) - raft.server.write.follower.gap.ratio.max = -1.0 (default)
2024-01-18 21:15:32,817 [7adc501f-70c9-4652-b7fc-e7afe3d76740@group-C928E238C9BB-FollowerState] INFO  impl.FollowerState (FollowerState.java:run(143)) - 7adc501f-70c9-4652-b7fc-e7afe3d76740@group-C928E238C9BB-FollowerState: change to CANDIDATE, lastRpcElapsedTime:5199441795ns, electionTimeout:5199ms
2024-01-18 21:15:32,817 [7adc501f-70c9-4652-b7fc-e7afe3d76740@group-C928E238C9BB-FollowerState] INFO  impl.RoleInfo (RoleInfo.java:shutdownFollowerState(110)) - 7adc501f-70c9-4652-b7fc-e7afe3d76740: shutdown 7adc501f-70c9-4652-b7fc-e7afe3d76740@group-C928E238C9BB-FollowerState
2024-01-18 21:15:32,817 [7adc501f-70c9-4652-b7fc-e7afe3d76740@group-C928E238C9BB-FollowerState] INFO  server.RaftServer$Division (RaftServerImpl.java:setRole(383)) - 7adc501f-70c9-4652-b7fc-e7afe3d76740@group-C928E238C9BB: changes role from  FOLLOWER to CANDIDATE at term 0 for changeToCandidate
2024-01-18 21:15:32,817 [7adc501f-70c9-4652-b7fc-e7afe3d76740@group-C928E238C9BB-FollowerState] INFO  server.RaftServerConfigKeys (ConfUtils.java:logGet(46)) - raft.server.leaderelection.pre-vote = true (default)
2024-01-18 21:15:32,817 [7adc501f-70c9-4652-b7fc-e7afe3d76740@group-C928E238C9BB-FollowerState] INFO  impl.RoleInfo (RoleInfo.java:updateAndGet(139)) - 7adc501f-70c9-4652-b7fc-e7afe3d76740: start 7adc501f-70c9-4652-b7fc-e7afe3d76740@group-C928E238C9BB-LeaderElection72
2024-01-18 21:15:32,818 [09e80bb5-5452-43c5-b0d6-1fc2b272d72e@group-7EB0424DEFA0-LeaderElection71] INFO  server.RaftServerConfigKeys (ConfUtils.java:logGet(46)) - raft.server.log.appender.snapshot.chunk.size.max = 16MB (=16777216) (default)
2024-01-18 21:15:32,818 [09e80bb5-5452-43c5-b0d6-1fc2b272d72e@group-7EB0424DEFA0-LeaderElection71] INFO  server.RaftServerConfigKeys (ConfUtils.java:logGet(46)) - raft.server.log.appender.buffer.byte-limit = 8388608 (custom)
2024-01-18 21:15:32,818 [09e80bb5-5452-43c5-b0d6-1fc2b272d72e@group-7EB0424DEFA0-LeaderElection71] INFO  server.RaftServerConfigKeys (ConfUtils.java:logGet(46)) - raft.server.log.appender.buffer.element-limit = 1 (custom)
2024-01-18 21:15:32,819 [09e80bb5-5452-43c5-b0d6-1fc2b272d72e@group-7EB0424DEFA0-LeaderElection71] INFO  server.RaftServerConfigKeys (ConfUtils.java:logGet(46)) - raft.server.log.appender.wait-time.min = 0ms (custom)
2024-01-18 21:15:32,819 [09e80bb5-5452-43c5-b0d6-1fc2b272d72e@group-7EB0424DEFA0-LeaderElection71] INFO  grpc.GrpcConfigKeys (ConfUtils.java:logGet(46)) - raft.grpc.server.leader.outstanding.appends.max = 8 (default)
2024-01-18 21:15:32,819 [09e80bb5-5452-43c5-b0d6-1fc2b272d72e@group-7EB0424DEFA0-LeaderElection71] INFO  server.RaftServerConfigKeys (ConfUtils.java:logGet(46)) - raft.server.rpc.request.timeout = 3000ms (default)
2024-01-18 21:15:32,819 [09e80bb5-5452-43c5-b0d6-1fc2b272d72e@group-7EB0424DEFA0-LeaderElection71] INFO  grpc.GrpcConfigKeys (ConfUtils.java:logGet(46)) - raft.grpc.server.install_snapshot.request.element-limit = 8 (default)
2024-01-18 21:15:32,819 [09e80bb5-5452-43c5-b0d6-1fc2b272d72e@group-7EB0424DEFA0-LeaderElection71] INFO  grpc.GrpcConfigKeys (ConfUtils.java:logGet(46)) - raft.grpc.server.install_snapshot.request.timeout = 3000ms (default)
2024-01-18 21:15:32,819 [09e80bb5-5452-43c5-b0d6-1fc2b272d72e@group-7EB0424DEFA0-LeaderElection71] INFO  grpc.GrpcConfigKeys (ConfUtils.java:logGet(46)) - raft.grpc.server.log-message.batch.duration = 5s (default)
2024-01-18 21:15:32,819 [09e80bb5-5452-43c5-b0d6-1fc2b272d72e@group-7EB0424DEFA0-LeaderElection71] INFO  server.RaftServerConfigKeys (ConfUtils.java:logGet(46)) - raft.server.log.appender.install.snapshot.enabled = false (custom)
2024-01-18 21:15:32,819 [09e80bb5-5452-43c5-b0d6-1fc2b272d72e@group-7EB0424DEFA0-LeaderElection71] INFO  grpc.GrpcConfigKeys (ConfUtils.java:logGet(46)) - raft.grpc.server.heartbeat.channel = true (default)
2024-01-18 21:15:32,820 [09e80bb5-5452-43c5-b0d6-1fc2b272d72e@group-7EB0424DEFA0-LeaderElection71] INFO  server.RaftServerConfigKeys (ConfUtils.java:logGet(46)) - raft.server.log.appender.snapshot.chunk.size.max = 16MB (=16777216) (default)
2024-01-18 21:15:32,820 [09e80bb5-5452-43c5-b0d6-1fc2b272d72e@group-7EB0424DEFA0-LeaderElection71] INFO  server.RaftServerConfigKeys (ConfUtils.java:logGet(46)) - raft.server.log.appender.buffer.byte-limit = 8388608 (custom)
2024-01-18 21:15:32,820 [09e80bb5-5452-43c5-b0d6-1fc2b272d72e@group-7EB0424DEFA0-LeaderElection71] INFO  server.RaftServerConfigKeys (ConfUtils.java:logGet(46)) - raft.server.log.appender.buffer.element-limit = 1 (custom)
2024-01-18 21:15:32,820 [7adc501f-70c9-4652-b7fc-e7afe3d76740@group-C928E238C9BB-LeaderElection72] INFO  impl.LeaderElection (LeaderElection.java:askForVotes(321)) - 7adc501f-70c9-4652-b7fc-e7afe3d76740@group-C928E238C9BB-LeaderElection72 PRE_VOTE round 0: submit vote requests at term 0 for -1: peers:[7adc501f-70c9-4652-b7fc-e7afe3d76740|10.1.0.44:15406]|listeners:[], old=null
2024-01-18 21:15:32,820 [09e80bb5-5452-43c5-b0d6-1fc2b272d72e@group-7EB0424DEFA0-LeaderElection71] INFO  server.RaftServerConfigKeys (ConfUtils.java:logGet(46)) - raft.server.log.appender.wait-time.min = 0ms (custom)
2024-01-18 21:15:32,820 [7adc501f-70c9-4652-b7fc-e7afe3d76740@group-C928E238C9BB-LeaderElection72] INFO  impl.LeaderElection (LeaderElection.java:askForVotes(323)) - 7adc501f-70c9-4652-b7fc-e7afe3d76740@group-C928E238C9BB-LeaderElection72 PRE_VOTE round 0: result PASSED (term=0)
2024-01-18 21:15:32,820 [09e80bb5-5452-43c5-b0d6-1fc2b272d72e@group-7EB0424DEFA0-LeaderElection71] INFO  grpc.GrpcConfigKeys (ConfUtils.java:logGet(46)) - raft.grpc.server.leader.outstanding.appends.max = 8 (default)
2024-01-18 21:15:32,820 [09e80bb5-5452-43c5-b0d6-1fc2b272d72e@group-7EB0424DEFA0-LeaderElection71] INFO  server.RaftServerConfigKeys (ConfUtils.java:logGet(46)) - raft.server.rpc.request.timeout = 3000ms (default)
2024-01-18 21:15:32,820 [09e80bb5-5452-43c5-b0d6-1fc2b272d72e@group-7EB0424DEFA0-LeaderElection71] INFO  grpc.GrpcConfigKeys (ConfUtils.java:logGet(46)) - raft.grpc.server.install_snapshot.request.element-limit = 8 (default)
2024-01-18 21:15:32,820 [09e80bb5-5452-43c5-b0d6-1fc2b272d72e@group-7EB0424DEFA0-LeaderElection71] INFO  grpc.GrpcConfigKeys (ConfUtils.java:logGet(46)) - raft.grpc.server.install_snapshot.request.timeout = 3000ms (default)
2024-01-18 21:15:32,820 [09e80bb5-5452-43c5-b0d6-1fc2b272d72e@group-7EB0424DEFA0-LeaderElection71] INFO  grpc.GrpcConfigKeys (ConfUtils.java:logGet(46)) - raft.grpc.server.log-message.batch.duration = 5s (default)
2024-01-18 21:15:32,820 [09e80bb5-5452-43c5-b0d6-1fc2b272d72e@group-7EB0424DEFA0-LeaderElection71] INFO  server.RaftServerConfigKeys (ConfUtils.java:logGet(46)) - raft.server.log.appender.install.snapshot.enabled = false (custom)
2024-01-18 21:15:32,820 [09e80bb5-5452-43c5-b0d6-1fc2b272d72e@group-7EB0424DEFA0-LeaderElection71] INFO  grpc.GrpcConfigKeys (ConfUtils.java:logGet(46)) - raft.grpc.server.heartbeat.channel = true (default)
2024-01-18 21:15:32,820 [09e80bb5-5452-43c5-b0d6-1fc2b272d72e@group-7EB0424DEFA0-LeaderElection71] INFO  impl.RoleInfo (RoleInfo.java:updateAndGet(139)) - 09e80bb5-5452-43c5-b0d6-1fc2b272d72e: start 09e80bb5-5452-43c5-b0d6-1fc2b272d72e@group-7EB0424DEFA0-LeaderStateImpl
2024-01-18 21:15:32,820 [09e80bb5-5452-43c5-b0d6-1fc2b272d72e@group-7EB0424DEFA0-LeaderElection71] INFO  server.RaftServer$Division (RaftServerImpl.java:setFirstElection(574)) - 09e80bb5-5452-43c5-b0d6-1fc2b272d72e@group-7EB0424DEFA0: set firstElectionSinceStartup to false for becomeLeader
2024-01-18 21:15:32,820 [09e80bb5-5452-43c5-b0d6-1fc2b272d72e@group-7EB0424DEFA0-LeaderElection71] INFO  ratis.XceiverServerRatis (XceiverServerRatis.java:handleLeaderChangedNotification(945)) - Leader change notification received for group: group-7EB0424DEFA0 with new leaderId: 09e80bb5-5452-43c5-b0d6-1fc2b272d72e
2024-01-18 21:15:32,821 [7adc501f-70c9-4652-b7fc-e7afe3d76740@group-C928E238C9BB-LeaderElection72] INFO  impl.LeaderElection (LeaderElection.java:askForVotes(321)) - 7adc501f-70c9-4652-b7fc-e7afe3d76740@group-C928E238C9BB-LeaderElection72 ELECTION round 0: submit vote requests at term 1 for -1: peers:[7adc501f-70c9-4652-b7fc-e7afe3d76740|10.1.0.44:15406]|listeners:[], old=null
2024-01-18 21:15:32,821 [7adc501f-70c9-4652-b7fc-e7afe3d76740@group-C928E238C9BB-LeaderElection72] INFO  impl.LeaderElection (LeaderElection.java:askForVotes(323)) - 7adc501f-70c9-4652-b7fc-e7afe3d76740@group-C928E238C9BB-LeaderElection72 ELECTION round 0: result PASSED (term=1)
2024-01-18 21:15:32,821 [09e80bb5-5452-43c5-b0d6-1fc2b272d72e@group-7EB0424DEFA0-LeaderElection71] INFO  server.RaftServer$Division (ServerState.java:setLeader(269)) - 09e80bb5-5452-43c5-b0d6-1fc2b272d72e@group-7EB0424DEFA0: change Leader from null to 09e80bb5-5452-43c5-b0d6-1fc2b272d72e at term 1 for becomeLeader, leader elected after 5043ms
2024-01-18 21:15:32,821 [7adc501f-70c9-4652-b7fc-e7afe3d76740@group-C928E238C9BB-LeaderElection72] INFO  impl.RoleInfo (RoleInfo.java:shutdownLeaderElection(130)) - 7adc501f-70c9-4652-b7fc-e7afe3d76740: shutdown 7adc501f-70c9-4652-b7fc-e7afe3d76740@group-C928E238C9BB-LeaderElection72
2024-01-18 21:15:32,821 [7adc501f-70c9-4652-b7fc-e7afe3d76740@group-C928E238C9BB-LeaderElection72] INFO  server.RaftServer$Division (RaftServerImpl.java:setRole(383)) - 7adc501f-70c9-4652-b7fc-e7afe3d76740@group-C928E238C9BB: changes role from CANDIDATE to LEADER at term 1 for changeToLeader
2024-01-18 21:15:32,821 [7adc501f-70c9-4652-b7fc-e7afe3d76740@group-C928E238C9BB-LeaderElection72] INFO  server.RaftServerConfigKeys (ConfUtils.java:logGet(46)) - raft.server.staging.catchup.gap = 1000 (default)
2024-01-18 21:15:32,821 [7adc501f-70c9-4652-b7fc-e7afe3d76740@group-C928E238C9BB-LeaderElection72] INFO  server.RaftServerConfigKeys (ConfUtils.java:logGet(46)) - raft.server.write.element-limit = 1024 (custom)
2024-01-18 21:15:32,821 [7adc501f-70c9-4652-b7fc-e7afe3d76740@group-C928E238C9BB-LeaderElection72] INFO  server.RaftServerConfigKeys (ConfUtils.java:logGet(46)) - raft.server.write.byte-limit = 1024 M (=1073741824) (custom)
2024-01-18 21:15:32,821 [7adc501f-70c9-4652-b7fc-e7afe3d76740@group-C928E238C9BB-LeaderElection72] INFO  server.RaftServerConfigKeys (ConfUtils.java:logGet(46)) - raft.server.watch.timeout = 3000ms (custom)
2024-01-18 21:15:32,821 [7adc501f-70c9-4652-b7fc-e7afe3d76740@group-C928E238C9BB-LeaderElection72] INFO  server.RaftServerConfigKeys (ConfUtils.java:logGet(46)) - raft.server.watch.timeout.denomination = 1s (default)
2024-01-18 21:15:32,821 [7adc501f-70c9-4652-b7fc-e7afe3d76740@group-C928E238C9BB-LeaderElection72] INFO  server.RaftServerConfigKeys (ConfUtils.java:logGet(46)) - raft.server.watch.element-limit = 65536 (default)
2024-01-18 21:15:32,821 [7adc501f-70c9-4652-b7fc-e7afe3d76740@group-C928E238C9BB-LeaderElection72] INFO  server.RaftServerConfigKeys (ConfUtils.java:logGet(46)) - raft.server.read.leader.lease.enabled = false (default)
2024-01-18 21:15:32,821 [7adc501f-70c9-4652-b7fc-e7afe3d76740@group-C928E238C9BB-LeaderElection72] INFO  server.RaftServerConfigKeys (ConfUtils.java:logGet(46)) - raft.server.read.leader.lease.timeout.ratio = 0.9 (default)
2024-01-18 21:15:32,822 [7adc501f-70c9-4652-b7fc-e7afe3d76740@group-C928E238C9BB-LeaderElection72] INFO  server.RaftServerConfigKeys (ConfUtils.java:logGet(46)) - raft.server.rpc.timeout.min = 5s (custom)
2024-01-18 21:15:32,822 [7adc501f-70c9-4652-b7fc-e7afe3d76740@group-C928E238C9BB-LeaderElection72] INFO  server.RaftServerConfigKeys (ConfUtils.java:logGet(46)) - raft.server.write.element-limit = 1024 (custom)
2024-01-18 21:15:32,822 [7adc501f-70c9-4652-b7fc-e7afe3d76740@group-C928E238C9BB-LeaderElection72] INFO  server.RaftServerConfigKeys (ConfUtils.java:logGet(46)) - raft.server.write.follower.gap.ratio.max = -1.0 (default)
2024-01-18 21:15:32,822 [7adc501f-70c9-4652-b7fc-e7afe3d76740@group-C928E238C9BB-LeaderElection72] INFO  impl.RoleInfo (RoleInfo.java:updateAndGet(139)) - 7adc501f-70c9-4652-b7fc-e7afe3d76740: start 7adc501f-70c9-4652-b7fc-e7afe3d76740@group-C928E238C9BB-LeaderStateImpl
2024-01-18 21:15:32,822 [7adc501f-70c9-4652-b7fc-e7afe3d76740@group-C928E238C9BB-LeaderElection72] INFO  server.RaftServer$Division (RaftServerImpl.java:setFirstElection(574)) - 7adc501f-70c9-4652-b7fc-e7afe3d76740@group-C928E238C9BB: set firstElectionSinceStartup to false for becomeLeader
2024-01-18 21:15:32,822 [EventQueue-PipelineReportForPipelineReportHandler] INFO  pipeline.PipelineReportHandler (PipelineReportHandler.java:processPipelineReport(136)) - Opened pipeline PipelineID=7efbc0bc-7d7d-4e10-b6d8-7eb0424defa0
2024-01-18 21:15:32,821 [09e80bb5-5452-43c5-b0d6-1fc2b272d72e@group-7EB0424DEFA0-LeaderElection71] INFO  segmented.SegmentedRaftLogWorker (SegmentedRaftLogWorker.java:startLogSegment(430)) - 09e80bb5-5452-43c5-b0d6-1fc2b272d72e@group-7EB0424DEFA0-SegmentedRaftLogWorker: Starting segment from index:0
2024-01-18 21:15:32,822 [7adc501f-70c9-4652-b7fc-e7afe3d76740@group-C928E238C9BB-LeaderElection72] INFO  ratis.XceiverServerRatis (XceiverServerRatis.java:handleLeaderChangedNotification(945)) - Leader change notification received for group: group-C928E238C9BB with new leaderId: 7adc501f-70c9-4652-b7fc-e7afe3d76740
2024-01-18 21:15:32,822 [7adc501f-70c9-4652-b7fc-e7afe3d76740@group-C928E238C9BB-LeaderElection72] INFO  server.RaftServer$Division (ServerState.java:setLeader(269)) - 7adc501f-70c9-4652-b7fc-e7afe3d76740@group-C928E238C9BB: change Leader from null to 7adc501f-70c9-4652-b7fc-e7afe3d76740 at term 1 for becomeLeader, leader elected after 5218ms
2024-01-18 21:15:32,822 [7adc501f-70c9-4652-b7fc-e7afe3d76740@group-C928E238C9BB-LeaderElection72] INFO  segmented.SegmentedRaftLogWorker (SegmentedRaftLogWorker.java:startLogSegment(430)) - 7adc501f-70c9-4652-b7fc-e7afe3d76740@group-C928E238C9BB-SegmentedRaftLogWorker: Starting segment from index:0
2024-01-18 21:15:32,822 [09e80bb5-5452-43c5-b0d6-1fc2b272d72e@group-7EB0424DEFA0-SegmentedRaftLogWorker] INFO  segmented.BufferedWriteChannel (BufferedWriteChannel.java:open(62)) - open log_inprogress_0 at position 0
2024-01-18 21:15:32,823 [7adc501f-70c9-4652-b7fc-e7afe3d76740@group-C928E238C9BB-SegmentedRaftLogWorker] INFO  segmented.BufferedWriteChannel (BufferedWriteChannel.java:open(62)) - open log_inprogress_0 at position 0
2024-01-18 21:15:32,828 [09e80bb5-5452-43c5-b0d6-1fc2b272d72e@group-7EB0424DEFA0-LeaderElection71] INFO  server.RaftServer$Division (ServerState.java:setRaftConf(386)) - 09e80bb5-5452-43c5-b0d6-1fc2b272d72e@group-7EB0424DEFA0: set configuration 0: peers:[29c9cbb7-9d34-4a8c-85ab-994756aa497f|10.1.0.44:15433, 09e80bb5-5452-43c5-b0d6-1fc2b272d72e|10.1.0.44:15442, acbd5797-4277-4d01-af47-c19d7e55cc48|10.1.0.44:15424]|listeners:[], old=null
2024-01-18 21:15:32,828 [7adc501f-70c9-4652-b7fc-e7afe3d76740@group-C928E238C9BB-LeaderElection72] INFO  server.RaftServer$Division (ServerState.java:setRaftConf(386)) - 7adc501f-70c9-4652-b7fc-e7afe3d76740@group-C928E238C9BB: set configuration 0: peers:[7adc501f-70c9-4652-b7fc-e7afe3d76740|10.1.0.44:15406]|listeners:[], old=null
2024-01-18 21:15:32,835 [7adc501f-70c9-4652-b7fc-e7afe3d76740@group-C928E238C9BB-SegmentedRaftLogWorker] INFO  segmented.SegmentedRaftLogWorker (SegmentedRaftLogWorker.java:execute(634)) - 7adc501f-70c9-4652-b7fc-e7afe3d76740@group-C928E238C9BB-SegmentedRaftLogWorker: created new log segment /home/runner/work/ozone/ozone/hadoop-ozone/integration-test/target/test-dir/MiniOzoneClusterImpl-df9b5de2-b041-43db-b9a6-571161098f76/datanode-4/data/ratis/680f8c4f-524d-4c69-9f3f-c928e238c9bb/current/log_inprogress_0
2024-01-18 21:15:32,836 [09e80bb5-5452-43c5-b0d6-1fc2b272d72e@group-7EB0424DEFA0-SegmentedRaftLogWorker] INFO  segmented.SegmentedRaftLogWorker (SegmentedRaftLogWorker.java:execute(634)) - 09e80bb5-5452-43c5-b0d6-1fc2b272d72e@group-7EB0424DEFA0-SegmentedRaftLogWorker: created new log segment /home/runner/work/ozone/ozone/hadoop-ozone/integration-test/target/test-dir/MiniOzoneClusterImpl-df9b5de2-b041-43db-b9a6-571161098f76/datanode-8/data/ratis/7efbc0bc-7d7d-4e10-b6d8-7eb0424defa0/current/log_inprogress_0
2024-01-18 21:15:32,841 [29c9cbb7-9d34-4a8c-85ab-994756aa497f-server-thread1] INFO  ratis.XceiverServerRatis (XceiverServerRatis.java:handleLeaderChangedNotification(945)) - Leader change notification received for group: group-7EB0424DEFA0 with new leaderId: 09e80bb5-5452-43c5-b0d6-1fc2b272d72e
2024-01-18 21:15:32,841 [29c9cbb7-9d34-4a8c-85ab-994756aa497f-server-thread1] INFO  server.RaftServer$Division (ServerState.java:setLeader(269)) - 29c9cbb7-9d34-4a8c-85ab-994756aa497f@group-7EB0424DEFA0: change Leader from null to 09e80bb5-5452-43c5-b0d6-1fc2b272d72e at term 1 for appendEntries, leader elected after 5043ms
2024-01-18 21:15:32,841 [7adc501f-70c9-4652-b7fc-e7afe3d76740@group-C928E238C9BB-StateMachineUpdater] INFO  server.RaftServer$Division (LeaderStateImpl.java:isApplied(320)) - leader is ready since appliedIndex == 0 >= startIndex == 0
2024-01-18 21:15:32,845 [acbd5797-4277-4d01-af47-c19d7e55cc48-server-thread1] INFO  ratis.XceiverServerRatis (XceiverServerRatis.java:handleLeaderChangedNotification(945)) - Leader change notification received for group: group-7EB0424DEFA0 with new leaderId: 09e80bb5-5452-43c5-b0d6-1fc2b272d72e
2024-01-18 21:15:32,845 [29c9cbb7-9d34-4a8c-85ab-994756aa497f-server-thread2] INFO  server.RaftServer$Division (ServerState.java:setRaftConf(386)) - 29c9cbb7-9d34-4a8c-85ab-994756aa497f@group-7EB0424DEFA0: set configuration 0: peers:[29c9cbb7-9d34-4a8c-85ab-994756aa497f|10.1.0.44:15433, 09e80bb5-5452-43c5-b0d6-1fc2b272d72e|10.1.0.44:15442, acbd5797-4277-4d01-af47-c19d7e55cc48|10.1.0.44:15424]|listeners:[], old=null
2024-01-18 21:15:32,845 [29c9cbb7-9d34-4a8c-85ab-994756aa497f-server-thread2] INFO  segmented.SegmentedRaftLogWorker (SegmentedRaftLogWorker.java:startLogSegment(430)) - 29c9cbb7-9d34-4a8c-85ab-994756aa497f@group-7EB0424DEFA0-SegmentedRaftLogWorker: Starting segment from index:0
2024-01-18 21:15:32,845 [acbd5797-4277-4d01-af47-c19d7e55cc48-server-thread1] INFO  server.RaftServer$Division (ServerState.java:setLeader(269)) - acbd5797-4277-4d01-af47-c19d7e55cc48@group-7EB0424DEFA0: change Leader from null to 09e80bb5-5452-43c5-b0d6-1fc2b272d72e at term 1 for appendEntries, leader elected after 5088ms
2024-01-18 21:15:32,845 [29c9cbb7-9d34-4a8c-85ab-994756aa497f@group-7EB0424DEFA0-SegmentedRaftLogWorker] INFO  segmented.BufferedWriteChannel (BufferedWriteChannel.java:open(62)) - open log_inprogress_0 at position 0
2024-01-18 21:15:32,848 [acbd5797-4277-4d01-af47-c19d7e55cc48-server-thread2] INFO  server.RaftServer$Division (ServerState.java:setRaftConf(386)) - acbd5797-4277-4d01-af47-c19d7e55cc48@group-7EB0424DEFA0: set configuration 0: peers:[29c9cbb7-9d34-4a8c-85ab-994756aa497f|10.1.0.44:15433, 09e80bb5-5452-43c5-b0d6-1fc2b272d72e|10.1.0.44:15442, acbd5797-4277-4d01-af47-c19d7e55cc48|10.1.0.44:15424]|listeners:[], old=null
2024-01-18 21:15:32,848 [acbd5797-4277-4d01-af47-c19d7e55cc48-server-thread2] INFO  segmented.SegmentedRaftLogWorker (SegmentedRaftLogWorker.java:startLogSegment(430)) - acbd5797-4277-4d01-af47-c19d7e55cc48@group-7EB0424DEFA0-SegmentedRaftLogWorker: Starting segment from index:0
2024-01-18 21:15:32,848 [acbd5797-4277-4d01-af47-c19d7e55cc48@group-7EB0424DEFA0-SegmentedRaftLogWorker] INFO  segmented.BufferedWriteChannel (BufferedWriteChannel.java:open(62)) - open log_inprogress_0 at position 0
2024-01-18 21:15:32,852 [29c9cbb7-9d34-4a8c-85ab-994756aa497f@group-7EB0424DEFA0-SegmentedRaftLogWorker] INFO  segmented.SegmentedRaftLogWorker (SegmentedRaftLogWorker.java:execute(634)) - 29c9cbb7-9d34-4a8c-85ab-994756aa497f@group-7EB0424DEFA0-SegmentedRaftLogWorker: created new log segment /home/runner/work/ozone/ozone/hadoop-ozone/integration-test/target/test-dir/MiniOzoneClusterImpl-df9b5de2-b041-43db-b9a6-571161098f76/datanode-7/data/ratis/7efbc0bc-7d7d-4e10-b6d8-7eb0424defa0/current/log_inprogress_0
2024-01-18 21:15:32,853 [29c9cbb7-9d34-4a8c-85ab-994756aa497f@group-C5A60369CE98-FollowerState] INFO  impl.FollowerState (FollowerState.java:run(143)) - 29c9cbb7-9d34-4a8c-85ab-994756aa497f@group-C5A60369CE98-FollowerState: change to CANDIDATE, lastRpcElapsedTime:5024380640ns, electionTimeout:5024ms
2024-01-18 21:15:32,854 [29c9cbb7-9d34-4a8c-85ab-994756aa497f@group-C5A60369CE98-FollowerState] INFO  impl.RoleInfo (RoleInfo.java:shutdownFollowerState(110)) - 29c9cbb7-9d34-4a8c-85ab-994756aa497f: shutdown 29c9cbb7-9d34-4a8c-85ab-994756aa497f@group-C5A60369CE98-FollowerState
2024-01-18 21:15:32,854 [29c9cbb7-9d34-4a8c-85ab-994756aa497f@group-C5A60369CE98-FollowerState] INFO  server.RaftServer$Division (RaftServerImpl.java:setRole(383)) - 29c9cbb7-9d34-4a8c-85ab-994756aa497f@group-C5A60369CE98: changes role from  FOLLOWER to CANDIDATE at term 0 for changeToCandidate
2024-01-18 21:15:32,854 [29c9cbb7-9d34-4a8c-85ab-994756aa497f@group-C5A60369CE98-FollowerState] INFO  server.RaftServerConfigKeys (ConfUtils.java:logGet(46)) - raft.server.leaderelection.pre-vote = true (default)
2024-01-18 21:15:32,854 [29c9cbb7-9d34-4a8c-85ab-994756aa497f@group-C5A60369CE98-FollowerState] INFO  impl.RoleInfo (RoleInfo.java:updateAndGet(139)) - 29c9cbb7-9d34-4a8c-85ab-994756aa497f: start 29c9cbb7-9d34-4a8c-85ab-994756aa497f@group-C5A60369CE98-LeaderElection73
2024-01-18 21:15:32,855 [29c9cbb7-9d34-4a8c-85ab-994756aa497f@group-C5A60369CE98-LeaderElection73] INFO  impl.LeaderElection (LeaderElection.java:askForVotes(321)) - 29c9cbb7-9d34-4a8c-85ab-994756aa497f@group-C5A60369CE98-LeaderElection73 PRE_VOTE round 0: submit vote requests at term 0 for -1: peers:[29c9cbb7-9d34-4a8c-85ab-994756aa497f|10.1.0.44:15433]|listeners:[], old=null
2024-01-18 21:15:32,855 [29c9cbb7-9d34-4a8c-85ab-994756aa497f@group-C5A60369CE98-LeaderElection73] INFO  impl.LeaderElection (LeaderElection.java:askForVotes(323)) - 29c9cbb7-9d34-4a8c-85ab-994756aa497f@group-C5A60369CE98-LeaderElection73 PRE_VOTE round 0: result PASSED (term=0)
2024-01-18 21:15:32,856 [09e80bb5-5452-43c5-b0d6-1fc2b272d72e@group-7EB0424DEFA0-StateMachineUpdater] INFO  server.RaftServer$Division (LeaderStateImpl.java:isApplied(320)) - leader is ready since appliedIndex == 0 >= startIndex == 0
2024-01-18 21:15:32,856 [acbd5797-4277-4d01-af47-c19d7e55cc48@group-7EB0424DEFA0-SegmentedRaftLogWorker] INFO  segmented.SegmentedRaftLogWorker (SegmentedRaftLogWorker.java:execute(634)) - acbd5797-4277-4d01-af47-c19d7e55cc48@group-7EB0424DEFA0-SegmentedRaftLogWorker: created new log segment /home/runner/work/ozone/ozone/hadoop-ozone/integration-test/target/test-dir/MiniOzoneClusterImpl-df9b5de2-b041-43db-b9a6-571161098f76/datanode-6/data/ratis/7efbc0bc-7d7d-4e10-b6d8-7eb0424defa0/current/log_inprogress_0
2024-01-18 21:15:32,856 [29c9cbb7-9d34-4a8c-85ab-994756aa497f@group-C5A60369CE98-LeaderElection73] INFO  impl.LeaderElection (LeaderElection.java:askForVotes(321)) - 29c9cbb7-9d34-4a8c-85ab-994756aa497f@group-C5A60369CE98-LeaderElection73 ELECTION round 0: submit vote requests at term 1 for -1: peers:[29c9cbb7-9d34-4a8c-85ab-994756aa497f|10.1.0.44:15433]|listeners:[], old=null
2024-01-18 21:15:32,856 [29c9cbb7-9d34-4a8c-85ab-994756aa497f@group-C5A60369CE98-LeaderElection73] INFO  impl.LeaderElection (LeaderElection.java:askForVotes(323)) - 29c9cbb7-9d34-4a8c-85ab-994756aa497f@group-C5A60369CE98-LeaderElection73 ELECTION round 0: result PASSED (term=1)
2024-01-18 21:15:32,856 [29c9cbb7-9d34-4a8c-85ab-994756aa497f@group-C5A60369CE98-LeaderElection73] INFO  impl.RoleInfo (RoleInfo.java:shutdownLeaderElection(130)) - 29c9cbb7-9d34-4a8c-85ab-994756aa497f: shutdown 29c9cbb7-9d34-4a8c-85ab-994756aa497f@group-C5A60369CE98-LeaderElection73
2024-01-18 21:15:32,856 [29c9cbb7-9d34-4a8c-85ab-994756aa497f@group-C5A60369CE98-LeaderElection73] INFO  server.RaftServer$Division (RaftServerImpl.java:setRole(383)) - 29c9cbb7-9d34-4a8c-85ab-994756aa497f@group-C5A60369CE98: changes role from CANDIDATE to LEADER at term 1 for changeToLeader
2024-01-18 21:15:32,856 [29c9cbb7-9d34-4a8c-85ab-994756aa497f@group-C5A60369CE98-LeaderElection73] INFO  server.RaftServerConfigKeys (ConfUtils.java:logGet(46)) - raft.server.staging.catchup.gap = 1000 (default)
2024-01-18 21:15:32,857 [29c9cbb7-9d34-4a8c-85ab-994756aa497f@group-C5A60369CE98-LeaderElection73] INFO  server.RaftServerConfigKeys (ConfUtils.java:logGet(46)) - raft.server.write.element-limit = 1024 (custom)
2024-01-18 21:15:32,857 [29c9cbb7-9d34-4a8c-85ab-994756aa497f@group-C5A60369CE98-LeaderElection73] INFO  server.RaftServerConfigKeys (ConfUtils.java:logGet(46)) - raft.server.write.byte-limit = 1024 M (=1073741824) (custom)
2024-01-18 21:15:32,857 [29c9cbb7-9d34-4a8c-85ab-994756aa497f@group-C5A60369CE98-LeaderElection73] INFO  server.RaftServerConfigKeys (ConfUtils.java:logGet(46)) - raft.server.watch.timeout = 3000ms (custom)
2024-01-18 21:15:32,857 [29c9cbb7-9d34-4a8c-85ab-994756aa497f@group-C5A60369CE98-LeaderElection73] INFO  server.RaftServerConfigKeys (ConfUtils.java:logGet(46)) - raft.server.watch.timeout.denomination = 1s (default)
2024-01-18 21:15:32,857 [29c9cbb7-9d34-4a8c-85ab-994756aa497f@group-C5A60369CE98-LeaderElection73] INFO  server.RaftServerConfigKeys (ConfUtils.java:logGet(46)) - raft.server.watch.element-limit = 65536 (default)
2024-01-18 21:15:32,857 [29c9cbb7-9d34-4a8c-85ab-994756aa497f@group-C5A60369CE98-LeaderElection73] INFO  server.RaftServerConfigKeys (ConfUtils.java:logGet(46)) - raft.server.read.leader.lease.enabled = false (default)
2024-01-18 21:15:32,857 [29c9cbb7-9d34-4a8c-85ab-994756aa497f@group-C5A60369CE98-LeaderElection73] INFO  server.RaftServerConfigKeys (ConfUtils.java:logGet(46)) - raft.server.read.leader.lease.timeout.ratio = 0.9 (default)
2024-01-18 21:15:32,857 [29c9cbb7-9d34-4a8c-85ab-994756aa497f@group-C5A60369CE98-LeaderElection73] INFO  server.RaftServerConfigKeys (ConfUtils.java:logGet(46)) - raft.server.rpc.timeout.min = 5s (custom)
2024-01-18 21:15:32,857 [29c9cbb7-9d34-4a8c-85ab-994756aa497f@group-C5A60369CE98-LeaderElection73] INFO  server.RaftServerConfigKeys (ConfUtils.java:logGet(46)) - raft.server.write.element-limit = 1024 (custom)
2024-01-18 21:15:32,857 [29c9cbb7-9d34-4a8c-85ab-994756aa497f@group-C5A60369CE98-LeaderElection73] INFO  server.RaftServerConfigKeys (ConfUtils.java:logGet(46)) - raft.server.write.follower.gap.ratio.max = -1.0 (default)
2024-01-18 21:15:32,857 [29c9cbb7-9d34-4a8c-85ab-994756aa497f@group-C5A60369CE98-LeaderElection73] INFO  impl.RoleInfo (RoleInfo.java:updateAndGet(139)) - 29c9cbb7-9d34-4a8c-85ab-994756aa497f: start 29c9cbb7-9d34-4a8c-85ab-994756aa497f@group-C5A60369CE98-LeaderStateImpl
2024-01-18 21:15:32,857 [29c9cbb7-9d34-4a8c-85ab-994756aa497f@group-C5A60369CE98-LeaderElection73] INFO  server.RaftServer$Division (RaftServerImpl.java:setFirstElection(574)) - 29c9cbb7-9d34-4a8c-85ab-994756aa497f@group-C5A60369CE98: set firstElectionSinceStartup to false for becomeLeader
2024-01-18 21:15:32,857 [29c9cbb7-9d34-4a8c-85ab-994756aa497f@group-C5A60369CE98-LeaderElection73] INFO  ratis.XceiverServerRatis (XceiverServerRatis.java:handleLeaderChangedNotification(945)) - Leader change notification received for group: group-C5A60369CE98 with new leaderId: 29c9cbb7-9d34-4a8c-85ab-994756aa497f
2024-01-18 21:15:32,857 [29c9cbb7-9d34-4a8c-85ab-994756aa497f@group-C5A60369CE98-LeaderElection73] INFO  server.RaftServer$Division (ServerState.java:setLeader(269)) - 29c9cbb7-9d34-4a8c-85ab-994756aa497f@group-C5A60369CE98: change Leader from null to 29c9cbb7-9d34-4a8c-85ab-994756aa497f at term 1 for becomeLeader, leader elected after 5035ms
2024-01-18 21:15:32,858 [29c9cbb7-9d34-4a8c-85ab-994756aa497f@group-C5A60369CE98-LeaderElection73] INFO  segmented.SegmentedRaftLogWorker (SegmentedRaftLogWorker.java:startLogSegment(430)) - 29c9cbb7-9d34-4a8c-85ab-994756aa497f@group-C5A60369CE98-SegmentedRaftLogWorker: Starting segment from index:0
2024-01-18 21:15:32,858 [29c9cbb7-9d34-4a8c-85ab-994756aa497f@group-C5A60369CE98-SegmentedRaftLogWorker] INFO  segmented.BufferedWriteChannel (BufferedWriteChannel.java:open(62)) - open log_inprogress_0 at position 0
2024-01-18 21:15:32,862 [29c9cbb7-9d34-4a8c-85ab-994756aa497f@group-C5A60369CE98-LeaderElection73] INFO  server.RaftServer$Division (ServerState.java:setRaftConf(386)) - 29c9cbb7-9d34-4a8c-85ab-994756aa497f@group-C5A60369CE98: set configuration 0: peers:[29c9cbb7-9d34-4a8c-85ab-994756aa497f|10.1.0.44:15433]|listeners:[], old=null
2024-01-18 21:15:32,866 [29c9cbb7-9d34-4a8c-85ab-994756aa497f@group-C5A60369CE98-SegmentedRaftLogWorker] INFO  segmented.SegmentedRaftLogWorker (SegmentedRaftLogWorker.java:execute(634)) - 29c9cbb7-9d34-4a8c-85ab-994756aa497f@group-C5A60369CE98-SegmentedRaftLogWorker: created new log segment /home/runner/work/ozone/ozone/hadoop-ozone/integration-test/target/test-dir/MiniOzoneClusterImpl-df9b5de2-b041-43db-b9a6-571161098f76/datanode-7/data/ratis/cccc1c16-182b-4706-bbe8-c5a60369ce98/current/log_inprogress_0
2024-01-18 21:15:32,867 [29c9cbb7-9d34-4a8c-85ab-994756aa497f@group-C5A60369CE98-StateMachineUpdater] INFO  server.RaftServer$Division (LeaderStateImpl.java:isApplied(320)) - leader is ready since appliedIndex == 0 >= startIndex == 0
2024-01-18 21:15:32,909 [main] INFO  ozone.MiniOzoneClusterImpl (MiniOzoneClusterImpl.java:lambda$waitForClusterToBeReady$0(229)) - Nodes are ready. Got 9 of 9 DN Heartbeats.
2024-01-18 21:15:32,909 [main] INFO  ozone.MiniOzoneClusterImpl (MiniOzoneClusterImpl.java:lambda$waitForClusterToBeReady$0(232)) - Cluster exits safe mode
2024-01-18 21:15:32,909 [main] INFO  ozone.MiniOzoneClusterImpl (MiniOzoneClusterImpl.java:lambda$waitForClusterToBeReady$0(234)) - SCM became leader
2024-01-18 21:15:32,910 [acbd5797-4277-4d01-af47-c19d7e55cc48@group-C88C60B2CA57-FollowerState] INFO  impl.FollowerState (FollowerState.java:run(143)) - acbd5797-4277-4d01-af47-c19d7e55cc48@group-C88C60B2CA57-FollowerState: change to CANDIDATE, lastRpcElapsedTime:5158185549ns, electionTimeout:5157ms
2024-01-18 21:15:32,910 [acbd5797-4277-4d01-af47-c19d7e55cc48@group-C88C60B2CA57-FollowerState] INFO  impl.RoleInfo (RoleInfo.java:shutdownFollowerState(110)) - acbd5797-4277-4d01-af47-c19d7e55cc48: shutdown acbd5797-4277-4d01-af47-c19d7e55cc48@group-C88C60B2CA57-FollowerState
2024-01-18 21:15:32,910 [acbd5797-4277-4d01-af47-c19d7e55cc48@group-C88C60B2CA57-FollowerState] INFO  server.RaftServer$Division (RaftServerImpl.java:setRole(383)) - acbd5797-4277-4d01-af47-c19d7e55cc48@group-C88C60B2CA57: changes role from  FOLLOWER to CANDIDATE at term 0 for changeToCandidate
2024-01-18 21:15:32,910 [main] INFO  protocolPB.OmTransportFactory (OmTransportFactory.java:createFactory(62)) - Loading OM transport implementation org.apache.hadoop.ozone.om.protocolPB.Hadoop3OmTransportFactory as specified by configuration.
2024-01-18 21:15:32,910 [acbd5797-4277-4d01-af47-c19d7e55cc48@group-C88C60B2CA57-FollowerState] INFO  server.RaftServerConfigKeys (ConfUtils.java:logGet(46)) - raft.server.leaderelection.pre-vote = true (default)
2024-01-18 21:15:32,910 [acbd5797-4277-4d01-af47-c19d7e55cc48@group-C88C60B2CA57-FollowerState] INFO  impl.RoleInfo (RoleInfo.java:updateAndGet(139)) - acbd5797-4277-4d01-af47-c19d7e55cc48: start acbd5797-4277-4d01-af47-c19d7e55cc48@group-C88C60B2CA57-LeaderElection74
2024-01-18 21:15:32,910 [acbd5797-4277-4d01-af47-c19d7e55cc48@group-C88C60B2CA57-LeaderElection74] INFO  impl.LeaderElection (LeaderElection.java:askForVotes(321)) - acbd5797-4277-4d01-af47-c19d7e55cc48@group-C88C60B2CA57-LeaderElection74 PRE_VOTE round 0: submit vote requests at term 0 for -1: peers:[acbd5797-4277-4d01-af47-c19d7e55cc48|10.1.0.44:15424]|listeners:[], old=null
2024-01-18 21:15:32,910 [acbd5797-4277-4d01-af47-c19d7e55cc48@group-C88C60B2CA57-LeaderElection74] INFO  impl.LeaderElection (LeaderElection.java:askForVotes(323)) - acbd5797-4277-4d01-af47-c19d7e55cc48@group-C88C60B2CA57-LeaderElection74 PRE_VOTE round 0: result PASSED (term=0)
2024-01-18 21:15:32,911 [acbd5797-4277-4d01-af47-c19d7e55cc48@group-C88C60B2CA57-LeaderElection74] INFO  impl.LeaderElection (LeaderElection.java:askForVotes(321)) - acbd5797-4277-4d01-af47-c19d7e55cc48@group-C88C60B2CA57-LeaderElection74 ELECTION round 0: submit vote requests at term 1 for -1: peers:[acbd5797-4277-4d01-af47-c19d7e55cc48|10.1.0.44:15424]|listeners:[], old=null
2024-01-18 21:15:32,912 [acbd5797-4277-4d01-af47-c19d7e55cc48@group-C88C60B2CA57-LeaderElection74] INFO  impl.LeaderElection (LeaderElection.java:askForVotes(323)) - acbd5797-4277-4d01-af47-c19d7e55cc48@group-C88C60B2CA57-LeaderElection74 ELECTION round 0: result PASSED (term=1)
2024-01-18 21:15:32,912 [acbd5797-4277-4d01-af47-c19d7e55cc48@group-C88C60B2CA57-LeaderElection74] INFO  impl.RoleInfo (RoleInfo.java:shutdownLeaderElection(130)) - acbd5797-4277-4d01-af47-c19d7e55cc48: shutdown acbd5797-4277-4d01-af47-c19d7e55cc48@group-C88C60B2CA57-LeaderElection74
2024-01-18 21:15:32,912 [acbd5797-4277-4d01-af47-c19d7e55cc48@group-C88C60B2CA57-LeaderElection74] INFO  server.RaftServer$Division (RaftServerImpl.java:setRole(383)) - acbd5797-4277-4d01-af47-c19d7e55cc48@group-C88C60B2CA57: changes role from CANDIDATE to LEADER at term 1 for changeToLeader
2024-01-18 21:15:32,912 [acbd5797-4277-4d01-af47-c19d7e55cc48@group-C88C60B2CA57-LeaderElection74] INFO  server.RaftServerConfigKeys (ConfUtils.java:logGet(46)) - raft.server.staging.catchup.gap = 1000 (default)
2024-01-18 21:15:32,915 [acbd5797-4277-4d01-af47-c19d7e55cc48@group-C88C60B2CA57-LeaderElection74] INFO  server.RaftServerConfigKeys (ConfUtils.java:logGet(46)) - raft.server.write.element-limit = 1024 (custom)
2024-01-18 21:15:32,916 [acbd5797-4277-4d01-af47-c19d7e55cc48@group-C88C60B2CA57-LeaderElection74] INFO  server.RaftServerConfigKeys (ConfUtils.java:logGet(46)) - raft.server.write.byte-limit = 1024 M (=1073741824) (custom)
2024-01-18 21:15:32,916 [acbd5797-4277-4d01-af47-c19d7e55cc48@group-C88C60B2CA57-LeaderElection74] INFO  server.RaftServerConfigKeys (ConfUtils.java:logGet(46)) - raft.server.watch.timeout = 3000ms (custom)
2024-01-18 21:15:32,916 [acbd5797-4277-4d01-af47-c19d7e55cc48@group-C88C60B2CA57-LeaderElection74] INFO  server.RaftServerConfigKeys (ConfUtils.java:logGet(46)) - raft.server.watch.timeout.denomination = 1s (default)
2024-01-18 21:15:32,917 [acbd5797-4277-4d01-af47-c19d7e55cc48@group-C88C60B2CA57-LeaderElection74] INFO  server.RaftServerConfigKeys (ConfUtils.java:logGet(46)) - raft.server.watch.element-limit = 65536 (default)
2024-01-18 21:15:32,917 [acbd5797-4277-4d01-af47-c19d7e55cc48@group-C88C60B2CA57-LeaderElection74] INFO  server.RaftServerConfigKeys (ConfUtils.java:logGet(46)) - raft.server.read.leader.lease.enabled = false (default)
2024-01-18 21:15:32,917 [acbd5797-4277-4d01-af47-c19d7e55cc48@group-C88C60B2CA57-LeaderElection74] INFO  server.RaftServerConfigKeys (ConfUtils.java:logGet(46)) - raft.server.read.leader.lease.timeout.ratio = 0.9 (default)
2024-01-18 21:15:32,917 [acbd5797-4277-4d01-af47-c19d7e55cc48@group-C88C60B2CA57-LeaderElection74] INFO  server.RaftServerConfigKeys (ConfUtils.java:logGet(46)) - raft.server.rpc.timeout.min = 5s (custom)
2024-01-18 21:15:32,917 [acbd5797-4277-4d01-af47-c19d7e55cc48@group-C88C60B2CA57-LeaderElection74] INFO  server.RaftServerConfigKeys (ConfUtils.java:logGet(46)) - raft.server.write.element-limit = 1024 (custom)
2024-01-18 21:15:32,917 [acbd5797-4277-4d01-af47-c19d7e55cc48@group-C88C60B2CA57-LeaderElection74] INFO  server.RaftServerConfigKeys (ConfUtils.java:logGet(46)) - raft.server.write.follower.gap.ratio.max = -1.0 (default)
2024-01-18 21:15:32,917 [acbd5797-4277-4d01-af47-c19d7e55cc48@group-C88C60B2CA57-LeaderElection74] INFO  impl.RoleInfo (RoleInfo.java:updateAndGet(139)) - acbd5797-4277-4d01-af47-c19d7e55cc48: start acbd5797-4277-4d01-af47-c19d7e55cc48@group-C88C60B2CA57-LeaderStateImpl
2024-01-18 21:15:32,917 [acbd5797-4277-4d01-af47-c19d7e55cc48@group-C88C60B2CA57-LeaderElection74] INFO  server.RaftServer$Division (RaftServerImpl.java:setFirstElection(574)) - acbd5797-4277-4d01-af47-c19d7e55cc48@group-C88C60B2CA57: set firstElectionSinceStartup to false for becomeLeader
2024-01-18 21:15:32,917 [acbd5797-4277-4d01-af47-c19d7e55cc48@group-C88C60B2CA57-LeaderElection74] INFO  ratis.XceiverServerRatis (XceiverServerRatis.java:handleLeaderChangedNotification(945)) - Leader change notification received for group: group-C88C60B2CA57 with new leaderId: acbd5797-4277-4d01-af47-c19d7e55cc48
2024-01-18 21:15:32,917 [acbd5797-4277-4d01-af47-c19d7e55cc48@group-C88C60B2CA57-LeaderElection74] INFO  server.RaftServer$Division (ServerState.java:setLeader(269)) - acbd5797-4277-4d01-af47-c19d7e55cc48@group-C88C60B2CA57: change Leader from null to acbd5797-4277-4d01-af47-c19d7e55cc48 at term 1 for becomeLeader, leader elected after 5177ms
2024-01-18 21:15:32,917 [acbd5797-4277-4d01-af47-c19d7e55cc48@group-C88C60B2CA57-LeaderElection74] INFO  segmented.SegmentedRaftLogWorker (SegmentedRaftLogWorker.java:startLogSegment(430)) - acbd5797-4277-4d01-af47-c19d7e55cc48@group-C88C60B2CA57-SegmentedRaftLogWorker: Starting segment from index:0
2024-01-18 21:15:32,918 [acbd5797-4277-4d01-af47-c19d7e55cc48@group-C88C60B2CA57-SegmentedRaftLogWorker] INFO  segmented.BufferedWriteChannel (BufferedWriteChannel.java:open(62)) - open log_inprogress_0 at position 0
2024-01-18 21:15:32,922 [main] INFO  rpc.RpcClient (RpcClient.java:createVolume(456)) - Creating Volume: watchforcommithandlingtest, with runner as owner and space quota set to -1 bytes, counts quota set to -1
2024-01-18 21:15:32,924 [acbd5797-4277-4d01-af47-c19d7e55cc48@group-C88C60B2CA57-LeaderElection74] INFO  server.RaftServer$Division (ServerState.java:setRaftConf(386)) - acbd5797-4277-4d01-af47-c19d7e55cc48@group-C88C60B2CA57: set configuration 0: peers:[acbd5797-4277-4d01-af47-c19d7e55cc48|10.1.0.44:15424]|listeners:[], old=null
2024-01-18 21:15:32,926 [acbd5797-4277-4d01-af47-c19d7e55cc48@group-C88C60B2CA57-SegmentedRaftLogWorker] INFO  segmented.SegmentedRaftLogWorker (SegmentedRaftLogWorker.java:execute(634)) - acbd5797-4277-4d01-af47-c19d7e55cc48@group-C88C60B2CA57-SegmentedRaftLogWorker: created new log segment /home/runner/work/ozone/ozone/hadoop-ozone/integration-test/target/test-dir/MiniOzoneClusterImpl-df9b5de2-b041-43db-b9a6-571161098f76/datanode-6/data/ratis/2144a7db-f977-4ec3-8e2d-c88c60b2ca57/current/log_inprogress_0
2024-01-18 21:15:32,927 [om1-OMStateMachineApplyTransactionThread - 0] INFO  volume.OMVolumeCreateRequest (OMVolumeCreateRequest.java:validateAndUpdateCache(198)) - created volume:watchforcommithandlingtest for user:runner
2024-01-18 21:15:32,927 [acbd5797-4277-4d01-af47-c19d7e55cc48@group-C88C60B2CA57-StateMachineUpdater] INFO  server.RaftServer$Division (LeaderStateImpl.java:isApplied(320)) - leader is ready since appliedIndex == 0 >= startIndex == 0
2024-01-18 21:15:32,930 [main] INFO  rpc.RpcClient (RpcClient.java:createBucket(683)) - Creating Bucket: watchforcommithandlingtest/watchforcommithandlingtest, with server-side default bucket layout, runner as owner, Versioning false, Storage Type set to DISK and Encryption set to false, Replication Type set to server-side default replication type, Namespace Quota set to -1, Space Quota set to -1 
2024-01-18 21:15:32,933 [om1-OMStateMachineApplyTransactionThread - 0] INFO  bucket.OMBucketCreateRequest (OMBucketCreateRequest.java:validateAndUpdateCache(296)) - created bucket: watchforcommithandlingtest of layout FILE_SYSTEM_OPTIMIZED in volume: watchforcommithandlingtest
2024-01-18 21:15:32,938 [IPC Server handler 3 on default port 15356] INFO  ha.SequenceIdGenerator (SequenceIdGenerator.java:getNextId(145)) - Allocate a batch for containerId, change lastId from 0 to 1000.
2024-01-18 21:15:32,969 [main] INFO  ozoneimpl.OzoneContainer (OzoneContainer.java:stop(479)) - Attempting to stop container services.
2024-01-18 21:15:32,970 [main] INFO  server.RaftServer (RaftServerProxy.java:lambda$close$9(416)) - 7adc501f-70c9-4652-b7fc-e7afe3d76740: close
2024-01-18 21:15:32,970 [7adc501f-70c9-4652-b7fc-e7afe3d76740-impl-thread1] INFO  server.RaftServer$Division (RaftServerImpl.java:lambda$close$3(526)) - 7adc501f-70c9-4652-b7fc-e7afe3d76740@group-C928E238C9BB: shutdown
2024-01-18 21:15:32,970 [7adc501f-70c9-4652-b7fc-e7afe3d76740-impl-thread1] INFO  util.JmxRegister (JmxRegister.java:unregister(73)) - Successfully un-registered JMX Bean with object name Ratis:service=RaftServer,group=group-C928E238C9BB,id=7adc501f-70c9-4652-b7fc-e7afe3d76740
2024-01-18 21:15:32,970 [7adc501f-70c9-4652-b7fc-e7afe3d76740-impl-thread1] INFO  impl.RoleInfo (RoleInfo.java:shutdownLeaderState(94)) - 7adc501f-70c9-4652-b7fc-e7afe3d76740: shutdown 7adc501f-70c9-4652-b7fc-e7afe3d76740@group-C928E238C9BB-LeaderStateImpl
2024-01-18 21:15:32,970 [7adc501f-70c9-4652-b7fc-e7afe3d76740-impl-thread1] INFO  impl.PendingRequests (PendingRequests.java:sendNotLeaderResponses(289)) - 7adc501f-70c9-4652-b7fc-e7afe3d76740@group-C928E238C9BB-PendingRequests: sendNotLeaderResponses
2024-01-18 21:15:32,970 [7adc501f-70c9-4652-b7fc-e7afe3d76740-impl-thread1] INFO  impl.StateMachineUpdater (StateMachineUpdater.java:stopAndJoin(157)) - 7adc501f-70c9-4652-b7fc-e7afe3d76740@group-C928E238C9BB-StateMachineUpdater: set stopIndex = 0
2024-01-18 21:15:32,970 [7adc501f-70c9-4652-b7fc-e7afe3d76740@group-C928E238C9BB-StateMachineUpdater] INFO  ratis.ContainerStateMachine (ContainerStateMachine.java:takeSnapshot(355)) - group-C928E238C9BB: Taking a snapshot at:(t:1, i:0) file /home/runner/work/ozone/ozone/hadoop-ozone/integration-test/target/test-dir/MiniOzoneClusterImpl-df9b5de2-b041-43db-b9a6-571161098f76/datanode-4/data/ratis/680f8c4f-524d-4c69-9f3f-c928e238c9bb/sm/snapshot.1_0
2024-01-18 21:15:32,971 [7adc501f-70c9-4652-b7fc-e7afe3d76740@group-C928E238C9BB-StateMachineUpdater] INFO  ratis.ContainerStateMachine (ContainerStateMachine.java:takeSnapshot(366)) - group-C928E238C9BB: Finished taking a snapshot at:(t:1, i:0) file:/home/runner/work/ozone/ozone/hadoop-ozone/integration-test/target/test-dir/MiniOzoneClusterImpl-df9b5de2-b041-43db-b9a6-571161098f76/datanode-4/data/ratis/680f8c4f-524d-4c69-9f3f-c928e238c9bb/sm/snapshot.1_0 took: 0 ms
2024-01-18 21:15:32,971 [7adc501f-70c9-4652-b7fc-e7afe3d76740@group-C928E238C9BB-StateMachineUpdater] INFO  impl.StateMachineUpdater (StateMachineUpdater.java:takeSnapshot(295)) - 7adc501f-70c9-4652-b7fc-e7afe3d76740@group-C928E238C9BB-StateMachineUpdater: Took a snapshot at index 0
2024-01-18 21:15:32,971 [7adc501f-70c9-4652-b7fc-e7afe3d76740@group-C928E238C9BB-StateMachineUpdater] INFO  impl.StateMachineUpdater (StateMachineUpdater.java:lambda$new$0(98)) - 7adc501f-70c9-4652-b7fc-e7afe3d76740@group-C928E238C9BB-StateMachineUpdater: snapshotIndex: updateIncreasingly -1 -> 0
2024-01-18 21:15:32,971 [7adc501f-70c9-4652-b7fc-e7afe3d76740-impl-thread1] INFO  server.RaftServer$Division (ServerState.java:close(427)) - 7adc501f-70c9-4652-b7fc-e7afe3d76740@group-C928E238C9BB: applyIndex: 0
2024-01-18 21:15:32,971 [main] INFO  server.GrpcService (GrpcService.java:closeImpl(311)) - 7adc501f-70c9-4652-b7fc-e7afe3d76740: shutdown server org.apache.ratis.grpc.server.GrpcClientProtocolService now
2024-01-18 21:15:32,972 [7adc501f-70c9-4652-b7fc-e7afe3d76740-impl-thread2] INFO  server.RaftServer$Division (RaftServerImpl.java:lambda$close$3(526)) - 7adc501f-70c9-4652-b7fc-e7afe3d76740@group-26E5762860C1: shutdown
2024-01-18 21:15:32,971 [7adc501f-70c9-4652-b7fc-e7afe3d76740@group-C928E238C9BB-cacheEviction-AwaitToRun] INFO  util.AwaitToRun (AwaitToRun.java:run(49)) - 7adc501f-70c9-4652-b7fc-e7afe3d76740@group-C928E238C9BB-cacheEviction-AwaitToRun-AwaitForSignal is interrupted
2024-01-18 21:15:32,973 [7adc501f-70c9-4652-b7fc-e7afe3d76740-impl-thread2] INFO  util.JmxRegister (JmxRegister.java:unregister(73)) - Successfully un-registered JMX Bean with object name Ratis:service=RaftServer,group=group-26E5762860C1,id=7adc501f-70c9-4652-b7fc-e7afe3d76740
2024-01-18 21:15:32,973 [7adc501f-70c9-4652-b7fc-e7afe3d76740-impl-thread2] INFO  impl.RoleInfo (RoleInfo.java:shutdownFollowerState(110)) - 7adc501f-70c9-4652-b7fc-e7afe3d76740: shutdown 7adc501f-70c9-4652-b7fc-e7afe3d76740@group-26E5762860C1-FollowerState
2024-01-18 21:15:32,973 [Thread-5664] INFO  server.GrpcServerProtocolClient (GrpcServerProtocolClient.java:close(103)) - 3df0e54a-fa0a-4d1f-902e-c3368fd6cf67 Close channels
2024-01-18 21:15:32,978 [7adc501f-70c9-4652-b7fc-e7afe3d76740-impl-thread2] INFO  impl.StateMachineUpdater (StateMachineUpdater.java:stopAndJoin(157)) - 7adc501f-70c9-4652-b7fc-e7afe3d76740@group-26E5762860C1-StateMachineUpdater: set stopIndex = 1
2024-01-18 21:15:32,978 [7adc501f-70c9-4652-b7fc-e7afe3d76740@group-26E5762860C1-StateMachineUpdater] INFO  ratis.ContainerStateMachine (ContainerStateMachine.java:takeSnapshot(355)) - group-26E5762860C1: Taking a snapshot at:(t:1, i:0) file /home/runner/work/ozone/ozone/hadoop-ozone/integration-test/target/test-dir/MiniOzoneClusterImpl-df9b5de2-b041-43db-b9a6-571161098f76/datanode-4/data/ratis/2ed116e4-c7a3-422f-acc4-26e5762860c1/sm/snapshot.1_0
2024-01-18 21:15:32,978 [7adc501f-70c9-4652-b7fc-e7afe3d76740@group-26E5762860C1-FollowerState] INFO  impl.FollowerState (FollowerState.java:run(152)) - 7adc501f-70c9-4652-b7fc-e7afe3d76740@group-26E5762860C1-FollowerState was interrupted
2024-01-18 21:15:32,978 [7adc501f-70c9-4652-b7fc-e7afe3d76740@group-26E5762860C1-StateMachineUpdater] INFO  ratis.ContainerStateMachine (ContainerStateMachine.java:takeSnapshot(366)) - group-26E5762860C1: Finished taking a snapshot at:(t:1, i:0) file:/home/runner/work/ozone/ozone/hadoop-ozone/integration-test/target/test-dir/MiniOzoneClusterImpl-df9b5de2-b041-43db-b9a6-571161098f76/datanode-4/data/ratis/2ed116e4-c7a3-422f-acc4-26e5762860c1/sm/snapshot.1_0 took: 0 ms
2024-01-18 21:15:32,978 [7adc501f-70c9-4652-b7fc-e7afe3d76740@group-26E5762860C1-StateMachineUpdater] INFO  impl.StateMachineUpdater (StateMachineUpdater.java:takeSnapshot(295)) - 7adc501f-70c9-4652-b7fc-e7afe3d76740@group-26E5762860C1-StateMachineUpdater: Took a snapshot at index 0
2024-01-18 21:15:32,978 [7adc501f-70c9-4652-b7fc-e7afe3d76740@group-26E5762860C1-StateMachineUpdater] INFO  impl.StateMachineUpdater (StateMachineUpdater.java:lambda$new$0(98)) - 7adc501f-70c9-4652-b7fc-e7afe3d76740@group-26E5762860C1-StateMachineUpdater: snapshotIndex: updateIncreasingly -1 -> 0
2024-01-18 21:15:32,978 [7adc501f-70c9-4652-b7fc-e7afe3d76740@group-26E5762860C1-StateMachineUpdater] INFO  ratis.ContainerStateMachine (ContainerStateMachine.java:takeSnapshot(355)) - group-26E5762860C1: Taking a snapshot at:(t:1, i:0) file /home/runner/work/ozone/ozone/hadoop-ozone/integration-test/target/test-dir/MiniOzoneClusterImpl-df9b5de2-b041-43db-b9a6-571161098f76/datanode-4/data/ratis/2ed116e4-c7a3-422f-acc4-26e5762860c1/sm/snapshot.1_0
2024-01-18 21:15:32,979 [7adc501f-70c9-4652-b7fc-e7afe3d76740@group-26E5762860C1-StateMachineUpdater] INFO  ratis.ContainerStateMachine (ContainerStateMachine.java:takeSnapshot(366)) - group-26E5762860C1: Finished taking a snapshot at:(t:1, i:0) file:/home/runner/work/ozone/ozone/hadoop-ozone/integration-test/target/test-dir/MiniOzoneClusterImpl-df9b5de2-b041-43db-b9a6-571161098f76/datanode-4/data/ratis/2ed116e4-c7a3-422f-acc4-26e5762860c1/sm/snapshot.1_0 took: 1 ms
2024-01-18 21:15:32,979 [7adc501f-70c9-4652-b7fc-e7afe3d76740@group-26E5762860C1-StateMachineUpdater] INFO  impl.StateMachineUpdater (StateMachineUpdater.java:takeSnapshot(295)) - 7adc501f-70c9-4652-b7fc-e7afe3d76740@group-26E5762860C1-StateMachineUpdater: Took a snapshot at index 0
2024-01-18 21:15:32,980 [7adc501f-70c9-4652-b7fc-e7afe3d76740-impl-thread2] INFO  server.RaftServer$Division (ServerState.java:close(427)) - 7adc501f-70c9-4652-b7fc-e7afe3d76740@group-26E5762860C1: applyIndex: 1
2024-01-18 21:15:32,980 [Thread-5666] INFO  server.GrpcServerProtocolClient (GrpcServerProtocolClient.java:close(103)) - 2f0c8443-6075-4928-968f-8dc1a7be92bb Close channels
2024-01-18 21:15:32,980 [7adc501f-70c9-4652-b7fc-e7afe3d76740@group-26E5762860C1-cacheEviction-AwaitToRun] INFO  util.AwaitToRun (AwaitToRun.java:run(49)) - 7adc501f-70c9-4652-b7fc-e7afe3d76740@group-26E5762860C1-cacheEviction-AwaitToRun-AwaitForSignal is interrupted
2024-01-18 21:15:32,981 [main] INFO  server.GrpcService (GrpcService.java:closeImpl(320)) - 7adc501f-70c9-4652-b7fc-e7afe3d76740: shutdown server org.apache.ratis.grpc.server.GrpcClientProtocolService successfully
2024-01-18 21:15:32,981 [main] INFO  server.GrpcService (GrpcService.java:closeImpl(311)) - 7adc501f-70c9-4652-b7fc-e7afe3d76740: shutdown server GrpcServerProtocolService now
2024-01-18 21:15:32,986 [grpc-default-executor-6] WARN  server.GrpcServerProtocolService (LogUtils.java:warn(121)) - 7adc501f-70c9-4652-b7fc-e7afe3d76740: APPEND_ENTRIES onError, lastRequest: null: org.apache.ratis.thirdparty.io.grpc.StatusRuntimeException: CANCELLED: client cancelled
2024-01-18 21:15:32,988 [grpc-default-executor-6] WARN  server.GrpcLogAppender (LogUtils.java:warn(121)) - 3df0e54a-fa0a-4d1f-902e-c3368fd6cf67@group-26E5762860C1->7adc501f-70c9-4652-b7fc-e7afe3d76740-AppendLogResponseHandler: Failed appendEntries: org.apache.ratis.thirdparty.io.grpc.StatusRuntimeException: CANCELLED: RST_STREAM closed stream. HTTP/2 error code: CANCEL
2024-01-18 21:15:32,988 [main] INFO  server.GrpcService (GrpcService.java:closeImpl(320)) - 7adc501f-70c9-4652-b7fc-e7afe3d76740: shutdown server GrpcServerProtocolService successfully
2024-01-18 21:15:32,988 [main] INFO  server.GrpcService (GrpcService.java:closeImpl(311)) - 7adc501f-70c9-4652-b7fc-e7afe3d76740: shutdown server org.apache.ratis.grpc.server.GrpcAdminProtocolService now
2024-01-18 21:15:32,988 [grpc-default-executor-0] WARN  server.GrpcServerProtocolService (LogUtils.java:warn(121)) - 7adc501f-70c9-4652-b7fc-e7afe3d76740: APPEND_ENTRIES onError, lastRequest: 3df0e54a-fa0a-4d1f-902e-c3368fd6cf67->7adc501f-70c9-4652-b7fc-e7afe3d76740#5-t1,previous=(t:1, i:1),leaderCommit=1,initializing? false,entries: size=1, first=(t:1, i:2), METADATAENTRY(c:1): org.apache.ratis.thirdparty.io.grpc.StatusRuntimeException: CANCELLED: client cancelled
2024-01-18 21:15:32,988 [grpc-default-executor-6] WARN  server.GrpcLogAppender (GrpcLogAppender.java:lambda$resetClient$1(217)) - 3df0e54a-fa0a-4d1f-902e-c3368fd6cf67@group-26E5762860C1->7adc501f-70c9-4652-b7fc-e7afe3d76740-GrpcLogAppender: Follower failed (request=null, errorCount=1); keep nextIndex (3) unchanged and retry.
2024-01-18 21:15:32,988 [09e80bb5-5452-43c5-b0d6-1fc2b272d72e@group-DD65E0FB03EA-FollowerState] INFO  impl.FollowerState (FollowerState.java:run(143)) - 09e80bb5-5452-43c5-b0d6-1fc2b272d72e@group-DD65E0FB03EA-FollowerState: change to CANDIDATE, lastRpcElapsedTime:5076680859ns, electionTimeout:5076ms
2024-01-18 21:15:32,988 [09e80bb5-5452-43c5-b0d6-1fc2b272d72e@group-DD65E0FB03EA-FollowerState] INFO  impl.RoleInfo (RoleInfo.java:shutdownFollowerState(110)) - 09e80bb5-5452-43c5-b0d6-1fc2b272d72e: shutdown 09e80bb5-5452-43c5-b0d6-1fc2b272d72e@group-DD65E0FB03EA-FollowerState
2024-01-18 21:15:32,989 [09e80bb5-5452-43c5-b0d6-1fc2b272d72e@group-DD65E0FB03EA-FollowerState] INFO  server.RaftServer$Division (RaftServerImpl.java:setRole(383)) - 09e80bb5-5452-43c5-b0d6-1fc2b272d72e@group-DD65E0FB03EA: changes role from  FOLLOWER to CANDIDATE at term 0 for changeToCandidate
2024-01-18 21:15:32,994 [09e80bb5-5452-43c5-b0d6-1fc2b272d72e@group-DD65E0FB03EA-FollowerState] INFO  server.RaftServerConfigKeys (ConfUtils.java:logGet(46)) - raft.server.leaderelection.pre-vote = true (default)
2024-01-18 21:15:32,995 [09e80bb5-5452-43c5-b0d6-1fc2b272d72e@group-DD65E0FB03EA-FollowerState] INFO  impl.RoleInfo (RoleInfo.java:updateAndGet(139)) - 09e80bb5-5452-43c5-b0d6-1fc2b272d72e: start 09e80bb5-5452-43c5-b0d6-1fc2b272d72e@group-DD65E0FB03EA-LeaderElection75
2024-01-18 21:15:32,995 [main] INFO  server.GrpcService (GrpcService.java:closeImpl(320)) - 7adc501f-70c9-4652-b7fc-e7afe3d76740: shutdown server org.apache.ratis.grpc.server.GrpcAdminProtocolService successfully
2024-01-18 21:15:32,995 [09e80bb5-5452-43c5-b0d6-1fc2b272d72e@group-DD65E0FB03EA-LeaderElection75] INFO  impl.LeaderElection (LeaderElection.java:askForVotes(321)) - 09e80bb5-5452-43c5-b0d6-1fc2b272d72e@group-DD65E0FB03EA-LeaderElection75 PRE_VOTE round 0: submit vote requests at term 0 for -1: peers:[09e80bb5-5452-43c5-b0d6-1fc2b272d72e|10.1.0.44:15442]|listeners:[], old=null
2024-01-18 21:15:32,995 [09e80bb5-5452-43c5-b0d6-1fc2b272d72e@group-DD65E0FB03EA-LeaderElection75] INFO  impl.LeaderElection (LeaderElection.java:askForVotes(323)) - 09e80bb5-5452-43c5-b0d6-1fc2b272d72e@group-DD65E0FB03EA-LeaderElection75 PRE_VOTE round 0: result PASSED (term=0)
2024-01-18 21:15:32,996 [09e80bb5-5452-43c5-b0d6-1fc2b272d72e@group-DD65E0FB03EA-LeaderElection75] INFO  impl.LeaderElection (LeaderElection.java:askForVotes(321)) - 09e80bb5-5452-43c5-b0d6-1fc2b272d72e@group-DD65E0FB03EA-LeaderElection75 ELECTION round 0: submit vote requests at term 1 for -1: peers:[09e80bb5-5452-43c5-b0d6-1fc2b272d72e|10.1.0.44:15442]|listeners:[], old=null
2024-01-18 21:15:32,996 [09e80bb5-5452-43c5-b0d6-1fc2b272d72e@group-DD65E0FB03EA-LeaderElection75] INFO  impl.LeaderElection (LeaderElection.java:askForVotes(323)) - 09e80bb5-5452-43c5-b0d6-1fc2b272d72e@group-DD65E0FB03EA-LeaderElection75 ELECTION round 0: result PASSED (term=1)
2024-01-18 21:15:32,996 [09e80bb5-5452-43c5-b0d6-1fc2b272d72e@group-DD65E0FB03EA-LeaderElection75] INFO  impl.RoleInfo (RoleInfo.java:shutdownLeaderElection(130)) - 09e80bb5-5452-43c5-b0d6-1fc2b272d72e: shutdown 09e80bb5-5452-43c5-b0d6-1fc2b272d72e@group-DD65E0FB03EA-LeaderElection75
2024-01-18 21:15:32,996 [09e80bb5-5452-43c5-b0d6-1fc2b272d72e@group-DD65E0FB03EA-LeaderElection75] INFO  server.RaftServer$Division (RaftServerImpl.java:setRole(383)) - 09e80bb5-5452-43c5-b0d6-1fc2b272d72e@group-DD65E0FB03EA: changes role from CANDIDATE to LEADER at term 1 for changeToLeader
2024-01-18 21:15:32,996 [09e80bb5-5452-43c5-b0d6-1fc2b272d72e@group-DD65E0FB03EA-LeaderElection75] INFO  server.RaftServerConfigKeys (ConfUtils.java:logGet(46)) - raft.server.staging.catchup.gap = 1000 (default)
2024-01-18 21:15:32,997 [09e80bb5-5452-43c5-b0d6-1fc2b272d72e@group-DD65E0FB03EA-LeaderElection75] INFO  server.RaftServerConfigKeys (ConfUtils.java:logGet(46)) - raft.server.write.element-limit = 1024 (custom)
2024-01-18 21:15:32,997 [09e80bb5-5452-43c5-b0d6-1fc2b272d72e@group-DD65E0FB03EA-LeaderElection75] INFO  server.RaftServerConfigKeys (ConfUtils.java:logGet(46)) - raft.server.write.byte-limit = 1024 M (=1073741824) (custom)
2024-01-18 21:15:32,997 [09e80bb5-5452-43c5-b0d6-1fc2b272d72e@group-DD65E0FB03EA-LeaderElection75] INFO  server.RaftServerConfigKeys (ConfUtils.java:logGet(46)) - raft.server.watch.timeout = 3000ms (custom)
2024-01-18 21:15:32,997 [09e80bb5-5452-43c5-b0d6-1fc2b272d72e@group-DD65E0FB03EA-LeaderElection75] INFO  server.RaftServerConfigKeys (ConfUtils.java:logGet(46)) - raft.server.watch.timeout.denomination = 1s (default)
2024-01-18 21:15:32,997 [09e80bb5-5452-43c5-b0d6-1fc2b272d72e@group-DD65E0FB03EA-LeaderElection75] INFO  server.RaftServerConfigKeys (ConfUtils.java:logGet(46)) - raft.server.watch.element-limit = 65536 (default)
2024-01-18 21:15:32,997 [09e80bb5-5452-43c5-b0d6-1fc2b272d72e@group-DD65E0FB03EA-LeaderElection75] INFO  server.RaftServerConfigKeys (ConfUtils.java:logGet(46)) - raft.server.read.leader.lease.enabled = false (default)
2024-01-18 21:15:32,997 [09e80bb5-5452-43c5-b0d6-1fc2b272d72e@group-DD65E0FB03EA-LeaderElection75] INFO  server.RaftServerConfigKeys (ConfUtils.java:logGet(46)) - raft.server.read.leader.lease.timeout.ratio = 0.9 (default)
2024-01-18 21:15:32,997 [09e80bb5-5452-43c5-b0d6-1fc2b272d72e@group-DD65E0FB03EA-LeaderElection75] INFO  server.RaftServerConfigKeys (ConfUtils.java:logGet(46)) - raft.server.rpc.timeout.min = 5s (custom)
2024-01-18 21:15:32,997 [09e80bb5-5452-43c5-b0d6-1fc2b272d72e@group-DD65E0FB03EA-LeaderElection75] INFO  server.RaftServerConfigKeys (ConfUtils.java:logGet(46)) - raft.server.write.element-limit = 1024 (custom)
2024-01-18 21:15:32,997 [09e80bb5-5452-43c5-b0d6-1fc2b272d72e@group-DD65E0FB03EA-LeaderElection75] INFO  server.RaftServerConfigKeys (ConfUtils.java:logGet(46)) - raft.server.write.follower.gap.ratio.max = -1.0 (default)
2024-01-18 21:15:32,997 [09e80bb5-5452-43c5-b0d6-1fc2b272d72e@group-DD65E0FB03EA-LeaderElection75] INFO  impl.RoleInfo (RoleInfo.java:updateAndGet(139)) - 09e80bb5-5452-43c5-b0d6-1fc2b272d72e: start 09e80bb5-5452-43c5-b0d6-1fc2b272d72e@group-DD65E0FB03EA-LeaderStateImpl
2024-01-18 21:15:32,997 [09e80bb5-5452-43c5-b0d6-1fc2b272d72e@group-DD65E0FB03EA-LeaderElection75] INFO  server.RaftServer$Division (RaftServerImpl.java:setFirstElection(574)) - 09e80bb5-5452-43c5-b0d6-1fc2b272d72e@group-DD65E0FB03EA: set firstElectionSinceStartup to false for becomeLeader
2024-01-18 21:15:32,998 [09e80bb5-5452-43c5-b0d6-1fc2b272d72e@group-DD65E0FB03EA-LeaderElection75] INFO  ratis.XceiverServerRatis (XceiverServerRatis.java:handleLeaderChangedNotification(945)) - Leader change notification received for group: group-DD65E0FB03EA with new leaderId: 09e80bb5-5452-43c5-b0d6-1fc2b272d72e
2024-01-18 21:15:32,998 [09e80bb5-5452-43c5-b0d6-1fc2b272d72e@group-DD65E0FB03EA-LeaderElection75] INFO  server.RaftServer$Division (ServerState.java:setLeader(269)) - 09e80bb5-5452-43c5-b0d6-1fc2b272d72e@group-DD65E0FB03EA: change Leader from null to 09e80bb5-5452-43c5-b0d6-1fc2b272d72e at term 1 for becomeLeader, leader elected after 5093ms
2024-01-18 21:15:32,998 [09e80bb5-5452-43c5-b0d6-1fc2b272d72e@group-DD65E0FB03EA-LeaderElection75] INFO  segmented.SegmentedRaftLogWorker (SegmentedRaftLogWorker.java:startLogSegment(430)) - 09e80bb5-5452-43c5-b0d6-1fc2b272d72e@group-DD65E0FB03EA-SegmentedRaftLogWorker: Starting segment from index:0
2024-01-18 21:15:32,998 [09e80bb5-5452-43c5-b0d6-1fc2b272d72e@group-DD65E0FB03EA-SegmentedRaftLogWorker] INFO  segmented.BufferedWriteChannel (BufferedWriteChannel.java:open(62)) - open log_inprogress_0 at position 0
2024-01-18 21:15:33,003 [09e80bb5-5452-43c5-b0d6-1fc2b272d72e@group-DD65E0FB03EA-LeaderElection75] INFO  server.RaftServer$Division (ServerState.java:setRaftConf(386)) - 09e80bb5-5452-43c5-b0d6-1fc2b272d72e@group-DD65E0FB03EA: set configuration 0: peers:[09e80bb5-5452-43c5-b0d6-1fc2b272d72e|10.1.0.44:15442]|listeners:[], old=null
2024-01-18 21:15:33,004 [7adc501f-70c9-4652-b7fc-e7afe3d76740-NettyServerStreamRpc-bossGroup--thread1] INFO  logging.LoggingHandler (AbstractInternalLogger.java:log(148)) - [id: 0xcaada887, L:/0.0.0.0:15407] CLOSE
2024-01-18 21:15:33,004 [7adc501f-70c9-4652-b7fc-e7afe3d76740-NettyServerStreamRpc-bossGroup--thread1] INFO  logging.LoggingHandler (AbstractInternalLogger.java:log(148)) - [id: 0xcaada887, L:/0.0.0.0:15407] INACTIVE
2024-01-18 21:15:33,004 [7adc501f-70c9-4652-b7fc-e7afe3d76740-NettyServerStreamRpc-bossGroup--thread1] INFO  logging.LoggingHandler (AbstractInternalLogger.java:log(148)) - [id: 0xcaada887, L:/0.0.0.0:15407] UNREGISTERED
2024-01-18 21:15:33,005 [09e80bb5-5452-43c5-b0d6-1fc2b272d72e@group-DD65E0FB03EA-SegmentedRaftLogWorker] INFO  segmented.SegmentedRaftLogWorker (SegmentedRaftLogWorker.java:execute(634)) - 09e80bb5-5452-43c5-b0d6-1fc2b272d72e@group-DD65E0FB03EA-SegmentedRaftLogWorker: created new log segment /home/runner/work/ozone/ozone/hadoop-ozone/integration-test/target/test-dir/MiniOzoneClusterImpl-df9b5de2-b041-43db-b9a6-571161098f76/datanode-8/data/ratis/7ee7a075-f0fb-478f-a7d5-dd65e0fb03ea/current/log_inprogress_0
2024-01-18 21:15:33,006 [09e80bb5-5452-43c5-b0d6-1fc2b272d72e@group-DD65E0FB03EA-StateMachineUpdater] INFO  server.RaftServer$Division (LeaderStateImpl.java:isApplied(320)) - leader is ready since appliedIndex == 0 >= startIndex == 0
2024-01-18 21:15:33,841 [7adc501f-70c9-4652-b7fc-e7afe3d76740-impl-thread1] INFO  segmented.SegmentedRaftLogWorker (SegmentedRaftLogWorker.java:close(245)) - 7adc501f-70c9-4652-b7fc-e7afe3d76740@group-C928E238C9BB-SegmentedRaftLogWorker close()
2024-01-18 21:15:33,961 [7adc501f-70c9-4652-b7fc-e7afe3d76740-impl-thread2] INFO  segmented.SegmentedRaftLogWorker (SegmentedRaftLogWorker.java:close(245)) - 7adc501f-70c9-4652-b7fc-e7afe3d76740@group-26E5762860C1-SegmentedRaftLogWorker close()
2024-01-18 21:15:33,962 [JvmPauseMonitor50] INFO  util.JvmPauseMonitor (JvmPauseMonitor.java:run(152)) - JvmPauseMonitor-7adc501f-70c9-4652-b7fc-e7afe3d76740: Stopped
2024-01-18 21:15:35,965 [main] INFO  utils.DatanodeStoreCache (DatanodeStoreCache.java:shutdownCache(116)) - Skip clearing cache in mini cluster mode. Entries left: [/home/runner/work/ozone/ozone/hadoop-ozone/integration-test/target/test-dir/MiniOzoneClusterImpl-df9b5de2-b041-43db-b9a6-571161098f76/datanode-0/data-0/containers/hdds/df9b5de2-b041-43db-b9a6-571161098f76/DS-aeec0d8c-241a-48b9-ad5a-074acf1c0004/container.db, /home/runner/work/ozone/ozone/hadoop-ozone/integration-test/target/test-dir/MiniOzoneClusterImpl-df9b5de2-b041-43db-b9a6-571161098f76/datanode-1/data-0/containers/hdds/df9b5de2-b041-43db-b9a6-571161098f76/DS-9c25af74-0c69-4703-b946-2e126bbb36e9/container.db, /home/runner/work/ozone/ozone/hadoop-ozone/integration-test/target/test-dir/MiniOzoneClusterImpl-df9b5de2-b041-43db-b9a6-571161098f76/datanode-2/data-0/containers/hdds/df9b5de2-b041-43db-b9a6-571161098f76/DS-1b550224-8188-455b-a24a-d5afb97d6481/container.db, /home/runner/work/ozone/ozone/hadoop-ozone/integration-test/target/test-dir/MiniOzoneClusterImpl-df9b5de2-b041-43db-b9a6-571161098f76/datanode-3/data-0/containers/hdds/df9b5de2-b041-43db-b9a6-571161098f76/DS-429fbe00-f435-48b9-8a14-37df6eacb8c5/container.db, /home/runner/work/ozone/ozone/hadoop-ozone/integration-test/target/test-dir/MiniOzoneClusterImpl-df9b5de2-b041-43db-b9a6-571161098f76/datanode-4/data-0/containers/hdds/df9b5de2-b041-43db-b9a6-571161098f76/DS-35cba958-716a-4515-8119-731d51faa68f/container.db, /home/runner/work/ozone/ozone/hadoop-ozone/integration-test/target/test-dir/MiniOzoneClusterImpl-df9b5de2-b041-43db-b9a6-571161098f76/datanode-5/data-0/containers/hdds/df9b5de2-b041-43db-b9a6-571161098f76/DS-cfe5a5c3-28c5-46b9-bbbf-9906cd5d63a2/container.db, /home/runner/work/ozone/ozone/hadoop-ozone/integration-test/target/test-dir/MiniOzoneClusterImpl-df9b5de2-b041-43db-b9a6-571161098f76/datanode-6/data-0/containers/hdds/df9b5de2-b041-43db-b9a6-571161098f76/DS-dfff1bee-1f75-41df-9500-67b3bc704e13/container.db, /home/runner/work/ozone/ozone/hadoop-ozone/integration-test/target/test-dir/MiniOzoneClusterImpl-df9b5de2-b041-43db-b9a6-571161098f76/datanode-7/data-0/containers/hdds/df9b5de2-b041-43db-b9a6-571161098f76/DS-82c45e61-5f41-4780-a990-8f984622e5eb/container.db, /home/runner/work/ozone/ozone/hadoop-ozone/integration-test/target/test-dir/MiniOzoneClusterImpl-df9b5de2-b041-43db-b9a6-571161098f76/datanode-8/data-0/containers/hdds/df9b5de2-b041-43db-b9a6-571161098f76/DS-55038eef-ecff-4ccd-b6a6-1a2ec91f98b6/container.db]
2024-01-18 21:15:35,966 [main] INFO  utils.DatanodeStoreCache (DatanodeStoreCache.java:removeDB(110)) - Removed db /home/runner/work/ozone/ozone/hadoop-ozone/integration-test/target/test-dir/MiniOzoneClusterImpl-df9b5de2-b041-43db-b9a6-571161098f76/datanode-4/data-0/containers/hdds/df9b5de2-b041-43db-b9a6-571161098f76/DS-35cba958-716a-4515-8119-731d51faa68f/container.db from cache
2024-01-18 21:15:35,966 [main] INFO  volume.HddsVolume (HddsVolume.java:closeDbStore(451)) - SchemaV3 db is stopped at /home/runner/work/ozone/ozone/hadoop-ozone/integration-test/target/test-dir/MiniOzoneClusterImpl-df9b5de2-b041-43db-b9a6-571161098f76/datanode-4/data-0/containers/hdds/df9b5de2-b041-43db-b9a6-571161098f76/DS-35cba958-716a-4515-8119-731d51faa68f/container.db for volume DS-35cba958-716a-4515-8119-731d51faa68f
2024-01-18 21:15:35,966 [main] INFO  utils.BackgroundService (BackgroundService.java:shutdown(160)) - Shutting down service BlockDeletingService
2024-01-18 21:15:35,966 [main] INFO  utils.BackgroundService (BackgroundService.java:shutdown(160)) - Shutting down service StaleRecoveringContainerScrubbingService
2024-01-18 21:15:35,967 [main] INFO  statemachine.DatanodeStateMachine (DatanodeStateMachine.java:stopDaemon(638)) - Ozone container server stopped.
2024-01-18 21:15:35,967 [main] INFO  handler.ContextHandler (ContextHandler.java:doStop(1159)) - Stopped o.e.j.w.WebAppContext@484eb628{hddsDatanode,/,null,STOPPED}{jar:file:/home/runner/.m2/repository/org/apache/ozone/hdds-container-service/1.5.0-SNAPSHOT/hdds-container-service-1.5.0-SNAPSHOT.jar!/webapps/hddsDatanode}
2024-01-18 21:15:35,968 [main] INFO  server.AbstractConnector (AbstractConnector.java:doStop(383)) - Stopped ServerConnector@59a1776b{HTTP/1.1, (http/1.1)}{0.0.0.0:15401}
2024-01-18 21:15:35,968 [main] INFO  server.session (HouseKeeper.java:stopScavenging(149)) - node0 Stopped scavenging
2024-01-18 21:15:35,968 [main] INFO  handler.ContextHandler (ContextHandler.java:doStop(1159)) - Stopped o.e.j.s.ServletContextHandler@3e892a93{static,/static,jar:file:/home/runner/.m2/repository/org/apache/ozone/hdds-container-service/1.5.0-SNAPSHOT/hdds-container-service-1.5.0-SNAPSHOT.jar!/webapps/static,STOPPED}
2024-01-18 21:15:35,968 [main] INFO  handler.ContextHandler (ContextHandler.java:doStop(1159)) - Stopped o.e.j.s.ServletContextHandler@5b133f10{logs,/logs,file:///home/runner/work/ozone/ozone/hadoop-ozone/integration-test/target/log,STOPPED}
2024-01-18 21:15:35,969 [main] INFO  ozone.HddsDatanodeClientProtocolServer (HddsDatanodeClientProtocolServer.java:stop(78)) - Stopping the RPC server for Client Protocol
2024-01-18 21:15:35,969 [main] INFO  ipc.Server (Server.java:stop(3523)) - Stopping server on 15402
2024-01-18 21:15:35,969 [IPC Server listener on 15402] INFO  ipc.Server (Server.java:run(1434)) - Stopping IPC Server listener on 15402
2024-01-18 21:15:35,970 [IPC Server Responder] INFO  ipc.Server (Server.java:run(1567)) - Stopping IPC Server Responder
2024-01-18 21:15:35,971 [main] INFO  ozoneimpl.OzoneContainer (OzoneContainer.java:stop(479)) - Attempting to stop container services.
2024-01-18 21:15:35,972 [main] INFO  server.RaftServer (RaftServerProxy.java:lambda$close$9(416)) - 2f0c8443-6075-4928-968f-8dc1a7be92bb: close
2024-01-18 21:15:35,972 [2f0c8443-6075-4928-968f-8dc1a7be92bb-impl-thread1] INFO  server.RaftServer$Division (RaftServerImpl.java:lambda$close$3(526)) - 2f0c8443-6075-4928-968f-8dc1a7be92bb@group-26E5762860C1: shutdown
2024-01-18 21:15:35,972 [2f0c8443-6075-4928-968f-8dc1a7be92bb-impl-thread1] INFO  util.JmxRegister (JmxRegister.java:unregister(73)) - Successfully un-registered JMX Bean with object name Ratis:service=RaftServer,group=group-26E5762860C1,id=2f0c8443-6075-4928-968f-8dc1a7be92bb
2024-01-18 21:15:35,972 [main] INFO  server.GrpcService (GrpcService.java:closeImpl(311)) - 2f0c8443-6075-4928-968f-8dc1a7be92bb: shutdown server org.apache.ratis.grpc.server.GrpcClientProtocolService now
2024-01-18 21:15:35,972 [2f0c8443-6075-4928-968f-8dc1a7be92bb-impl-thread2] INFO  server.RaftServer$Division (RaftServerImpl.java:lambda$close$3(526)) - 2f0c8443-6075-4928-968f-8dc1a7be92bb@group-E4C1F79E0EAD: shutdown
2024-01-18 21:15:35,972 [2f0c8443-6075-4928-968f-8dc1a7be92bb-impl-thread2] INFO  util.JmxRegister (JmxRegister.java:unregister(73)) - Successfully un-registered JMX Bean with object name Ratis:service=RaftServer,group=group-E4C1F79E0EAD,id=2f0c8443-6075-4928-968f-8dc1a7be92bb
2024-01-18 21:15:35,972 [2f0c8443-6075-4928-968f-8dc1a7be92bb-impl-thread2] INFO  impl.RoleInfo (RoleInfo.java:shutdownLeaderState(94)) - 2f0c8443-6075-4928-968f-8dc1a7be92bb: shutdown 2f0c8443-6075-4928-968f-8dc1a7be92bb@group-E4C1F79E0EAD-LeaderStateImpl
2024-01-18 21:15:35,973 [2f0c8443-6075-4928-968f-8dc1a7be92bb-impl-thread2] INFO  impl.PendingRequests (PendingRequests.java:sendNotLeaderResponses(289)) - 2f0c8443-6075-4928-968f-8dc1a7be92bb@group-E4C1F79E0EAD-PendingRequests: sendNotLeaderResponses
2024-01-18 21:15:35,973 [main] INFO  server.GrpcService (GrpcService.java:closeImpl(320)) - 2f0c8443-6075-4928-968f-8dc1a7be92bb: shutdown server org.apache.ratis.grpc.server.GrpcClientProtocolService successfully
2024-01-18 21:15:35,973 [main] INFO  server.GrpcService (GrpcService.java:closeImpl(311)) - 2f0c8443-6075-4928-968f-8dc1a7be92bb: shutdown server GrpcServerProtocolService now
2024-01-18 21:15:35,973 [2f0c8443-6075-4928-968f-8dc1a7be92bb@group-E4C1F79E0EAD-StateMachineUpdater] INFO  ratis.ContainerStateMachine (ContainerStateMachine.java:takeSnapshot(355)) - group-E4C1F79E0EAD: Taking a snapshot at:(t:1, i:0) file /home/runner/work/ozone/ozone/hadoop-ozone/integration-test/target/test-dir/MiniOzoneClusterImpl-df9b5de2-b041-43db-b9a6-571161098f76/datanode-3/data/ratis/fe988b03-f647-45b4-a1cf-e4c1f79e0ead/sm/snapshot.1_0
2024-01-18 21:15:35,972 [2f0c8443-6075-4928-968f-8dc1a7be92bb-impl-thread1] INFO  impl.RoleInfo (RoleInfo.java:shutdownFollowerState(110)) - 2f0c8443-6075-4928-968f-8dc1a7be92bb: shutdown 2f0c8443-6075-4928-968f-8dc1a7be92bb@group-26E5762860C1-FollowerState
2024-01-18 21:15:35,973 [2f0c8443-6075-4928-968f-8dc1a7be92bb-impl-thread2] INFO  impl.StateMachineUpdater (StateMachineUpdater.java:stopAndJoin(157)) - 2f0c8443-6075-4928-968f-8dc1a7be92bb@group-E4C1F79E0EAD-StateMachineUpdater: set stopIndex = 0
2024-01-18 21:15:35,973 [2f0c8443-6075-4928-968f-8dc1a7be92bb-impl-thread1] INFO  impl.StateMachineUpdater (StateMachineUpdater.java:stopAndJoin(157)) - 2f0c8443-6075-4928-968f-8dc1a7be92bb@group-26E5762860C1-StateMachineUpdater: set stopIndex = 2
2024-01-18 21:15:35,973 [2f0c8443-6075-4928-968f-8dc1a7be92bb@group-26E5762860C1-FollowerState] INFO  impl.FollowerState (FollowerState.java:run(152)) - 2f0c8443-6075-4928-968f-8dc1a7be92bb@group-26E5762860C1-FollowerState was interrupted
2024-01-18 21:15:35,973 [2f0c8443-6075-4928-968f-8dc1a7be92bb@group-26E5762860C1-StateMachineUpdater] INFO  ratis.ContainerStateMachine (ContainerStateMachine.java:takeSnapshot(355)) - group-26E5762860C1: Taking a snapshot at:(t:1, i:2) file /home/runner/work/ozone/ozone/hadoop-ozone/integration-test/target/test-dir/MiniOzoneClusterImpl-df9b5de2-b041-43db-b9a6-571161098f76/datanode-3/data/ratis/2ed116e4-c7a3-422f-acc4-26e5762860c1/sm/snapshot.1_2
2024-01-18 21:15:35,974 [grpc-default-executor-5] WARN  server.GrpcServerProtocolService (LogUtils.java:warn(121)) - 2f0c8443-6075-4928-968f-8dc1a7be92bb: APPEND_ENTRIES onError, lastRequest: 3df0e54a-fa0a-4d1f-902e-c3368fd6cf67->2f0c8443-6075-4928-968f-8dc1a7be92bb#4-t1,previous=(t:1, i:1),leaderCommit=1,initializing? false,entries: size=1, first=(t:1, i:2), METADATAENTRY(c:1): org.apache.ratis.thirdparty.io.grpc.StatusRuntimeException: CANCELLED: client cancelled
2024-01-18 21:15:35,974 [2f0c8443-6075-4928-968f-8dc1a7be92bb@group-E4C1F79E0EAD-StateMachineUpdater] INFO  ratis.ContainerStateMachine (ContainerStateMachine.java:takeSnapshot(366)) - group-E4C1F79E0EAD: Finished taking a snapshot at:(t:1, i:0) file:/home/runner/work/ozone/ozone/hadoop-ozone/integration-test/target/test-dir/MiniOzoneClusterImpl-df9b5de2-b041-43db-b9a6-571161098f76/datanode-3/data/ratis/fe988b03-f647-45b4-a1cf-e4c1f79e0ead/sm/snapshot.1_0 took: 1 ms
2024-01-18 21:15:35,974 [2f0c8443-6075-4928-968f-8dc1a7be92bb@group-E4C1F79E0EAD-StateMachineUpdater] INFO  impl.StateMachineUpdater (StateMachineUpdater.java:takeSnapshot(295)) - 2f0c8443-6075-4928-968f-8dc1a7be92bb@group-E4C1F79E0EAD-StateMachineUpdater: Took a snapshot at index 0
2024-01-18 21:15:35,974 [2f0c8443-6075-4928-968f-8dc1a7be92bb@group-E4C1F79E0EAD-StateMachineUpdater] INFO  impl.StateMachineUpdater (StateMachineUpdater.java:lambda$new$0(98)) - 2f0c8443-6075-4928-968f-8dc1a7be92bb@group-E4C1F79E0EAD-StateMachineUpdater: snapshotIndex: updateIncreasingly -1 -> 0
2024-01-18 21:15:35,974 [main] INFO  server.GrpcService (GrpcService.java:closeImpl(320)) - 2f0c8443-6075-4928-968f-8dc1a7be92bb: shutdown server GrpcServerProtocolService successfully
2024-01-18 21:15:35,974 [2f0c8443-6075-4928-968f-8dc1a7be92bb-impl-thread2] INFO  server.RaftServer$Division (ServerState.java:close(427)) - 2f0c8443-6075-4928-968f-8dc1a7be92bb@group-E4C1F79E0EAD: applyIndex: 0
2024-01-18 21:15:35,974 [2f0c8443-6075-4928-968f-8dc1a7be92bb@group-26E5762860C1-StateMachineUpdater] INFO  ratis.ContainerStateMachine (ContainerStateMachine.java:takeSnapshot(366)) - group-26E5762860C1: Finished taking a snapshot at:(t:1, i:2) file:/home/runner/work/ozone/ozone/hadoop-ozone/integration-test/target/test-dir/MiniOzoneClusterImpl-df9b5de2-b041-43db-b9a6-571161098f76/datanode-3/data/ratis/2ed116e4-c7a3-422f-acc4-26e5762860c1/sm/snapshot.1_2 took: 0 ms
2024-01-18 21:15:35,975 [2f0c8443-6075-4928-968f-8dc1a7be92bb@group-26E5762860C1-StateMachineUpdater] INFO  impl.StateMachineUpdater (StateMachineUpdater.java:takeSnapshot(295)) - 2f0c8443-6075-4928-968f-8dc1a7be92bb@group-26E5762860C1-StateMachineUpdater: Took a snapshot at index 2
2024-01-18 21:15:35,975 [2f0c8443-6075-4928-968f-8dc1a7be92bb@group-26E5762860C1-StateMachineUpdater] INFO  impl.StateMachineUpdater (StateMachineUpdater.java:lambda$new$0(98)) - 2f0c8443-6075-4928-968f-8dc1a7be92bb@group-26E5762860C1-StateMachineUpdater: snapshotIndex: updateIncreasingly -1 -> 2
2024-01-18 21:15:35,975 [2f0c8443-6075-4928-968f-8dc1a7be92bb@group-E4C1F79E0EAD-cacheEviction-AwaitToRun] INFO  util.AwaitToRun (AwaitToRun.java:run(49)) - 2f0c8443-6075-4928-968f-8dc1a7be92bb@group-E4C1F79E0EAD-cacheEviction-AwaitToRun-AwaitForSignal is interrupted
2024-01-18 21:15:35,974 [grpc-default-executor-0] WARN  server.GrpcServerProtocolService (LogUtils.java:warn(121)) - 2f0c8443-6075-4928-968f-8dc1a7be92bb: APPEND_ENTRIES onError, lastRequest: null: org.apache.ratis.thirdparty.io.grpc.StatusRuntimeException: CANCELLED: client cancelled
2024-01-18 21:15:35,974 [main] INFO  server.GrpcService (GrpcService.java:closeImpl(311)) - 2f0c8443-6075-4928-968f-8dc1a7be92bb: shutdown server org.apache.ratis.grpc.server.GrpcAdminProtocolService now
2024-01-18 21:15:35,976 [grpc-default-executor-6] WARN  server.GrpcLogAppender (GrpcLogAppender.java:lambda$resetClient$1(217)) - 3df0e54a-fa0a-4d1f-902e-c3368fd6cf67@group-26E5762860C1->2f0c8443-6075-4928-968f-8dc1a7be92bb-GrpcLogAppender: Follower failed (request=null, errorCount=1); keep nextIndex (3) unchanged and retry.
2024-01-18 21:15:35,975 [grpc-default-executor-5] WARN  server.GrpcLogAppender (LogUtils.java:warn(121)) - 3df0e54a-fa0a-4d1f-902e-c3368fd6cf67@group-26E5762860C1->2f0c8443-6075-4928-968f-8dc1a7be92bb-AppendLogResponseHandler: Failed appendEntries: org.apache.ratis.thirdparty.io.grpc.StatusRuntimeException: CANCELLED: RST_STREAM closed stream. HTTP/2 error code: CANCEL
2024-01-18 21:15:35,977 [2f0c8443-6075-4928-968f-8dc1a7be92bb-impl-thread1] INFO  server.RaftServer$Division (ServerState.java:close(427)) - 2f0c8443-6075-4928-968f-8dc1a7be92bb@group-26E5762860C1: applyIndex: 2
2024-01-18 21:15:35,977 [main] INFO  server.GrpcService (GrpcService.java:closeImpl(320)) - 2f0c8443-6075-4928-968f-8dc1a7be92bb: shutdown server org.apache.ratis.grpc.server.GrpcAdminProtocolService successfully
2024-01-18 21:15:35,977 [2f0c8443-6075-4928-968f-8dc1a7be92bb@group-26E5762860C1-cacheEviction-AwaitToRun] INFO  util.AwaitToRun (AwaitToRun.java:run(49)) - 2f0c8443-6075-4928-968f-8dc1a7be92bb@group-26E5762860C1-cacheEviction-AwaitToRun-AwaitForSignal is interrupted
2024-01-18 21:15:35,980 [2f0c8443-6075-4928-968f-8dc1a7be92bb-NettyServerStreamRpc-bossGroup--thread1] INFO  logging.LoggingHandler (AbstractInternalLogger.java:log(148)) - [id: 0xe69ff205, L:/0.0.0.0:15398] CLOSE
2024-01-18 21:15:35,980 [2f0c8443-6075-4928-968f-8dc1a7be92bb-NettyServerStreamRpc-bossGroup--thread1] INFO  logging.LoggingHandler (AbstractInternalLogger.java:log(148)) - [id: 0xe69ff205, L:/0.0.0.0:15398] INACTIVE
2024-01-18 21:15:35,980 [2f0c8443-6075-4928-968f-8dc1a7be92bb-NettyServerStreamRpc-bossGroup--thread1] INFO  logging.LoggingHandler (AbstractInternalLogger.java:log(148)) - [id: 0xe69ff205, L:/0.0.0.0:15398] UNREGISTERED
2024-01-18 21:15:36,535 [2f0c8443-6075-4928-968f-8dc1a7be92bb-impl-thread2] INFO  segmented.SegmentedRaftLogWorker (SegmentedRaftLogWorker.java:close(245)) - 2f0c8443-6075-4928-968f-8dc1a7be92bb@group-E4C1F79E0EAD-SegmentedRaftLogWorker close()
2024-01-18 21:15:36,954 [2f0c8443-6075-4928-968f-8dc1a7be92bb-impl-thread1] INFO  segmented.SegmentedRaftLogWorker (SegmentedRaftLogWorker.java:close(245)) - 2f0c8443-6075-4928-968f-8dc1a7be92bb@group-26E5762860C1-SegmentedRaftLogWorker close()
2024-01-18 21:15:36,956 [JvmPauseMonitor49] INFO  util.JvmPauseMonitor (JvmPauseMonitor.java:run(152)) - JvmPauseMonitor-2f0c8443-6075-4928-968f-8dc1a7be92bb: Stopped
2024-01-18 21:15:37,988 [timer3] WARN  server.GrpcLogAppender (LogUtils.java:warn(121)) - 3df0e54a-fa0a-4d1f-902e-c3368fd6cf67@group-26E5762860C1->7adc501f-70c9-4652-b7fc-e7afe3d76740-AppendLogResponseHandler: Failed appendEntries (Repeated 8 times in the last 5.001s): org.apache.ratis.thirdparty.io.grpc.StatusRuntimeException: UNAVAILABLE: io exception
2024-01-18 21:15:37,988 [timer4] WARN  server.GrpcLogAppender (GrpcLogAppender.java:lambda$resetClient$1(217)) - 3df0e54a-fa0a-4d1f-902e-c3368fd6cf67@group-26E5762860C1->7adc501f-70c9-4652-b7fc-e7afe3d76740-GrpcLogAppender: Follower failed (request=null, errorCount=8); keep nextIndex (3) unchanged and retry. (Repeated 8 times in the last 5.000s)
2024-01-18 21:15:38,959 [main] INFO  utils.DatanodeStoreCache (DatanodeStoreCache.java:shutdownCache(116)) - Skip clearing cache in mini cluster mode. Entries left: [/home/runner/work/ozone/ozone/hadoop-ozone/integration-test/target/test-dir/MiniOzoneClusterImpl-df9b5de2-b041-43db-b9a6-571161098f76/datanode-0/data-0/containers/hdds/df9b5de2-b041-43db-b9a6-571161098f76/DS-aeec0d8c-241a-48b9-ad5a-074acf1c0004/container.db, /home/runner/work/ozone/ozone/hadoop-ozone/integration-test/target/test-dir/MiniOzoneClusterImpl-df9b5de2-b041-43db-b9a6-571161098f76/datanode-1/data-0/containers/hdds/df9b5de2-b041-43db-b9a6-571161098f76/DS-9c25af74-0c69-4703-b946-2e126bbb36e9/container.db, /home/runner/work/ozone/ozone/hadoop-ozone/integration-test/target/test-dir/MiniOzoneClusterImpl-df9b5de2-b041-43db-b9a6-571161098f76/datanode-2/data-0/containers/hdds/df9b5de2-b041-43db-b9a6-571161098f76/DS-1b550224-8188-455b-a24a-d5afb97d6481/container.db, /home/runner/work/ozone/ozone/hadoop-ozone/integration-test/target/test-dir/MiniOzoneClusterImpl-df9b5de2-b041-43db-b9a6-571161098f76/datanode-3/data-0/containers/hdds/df9b5de2-b041-43db-b9a6-571161098f76/DS-429fbe00-f435-48b9-8a14-37df6eacb8c5/container.db, /home/runner/work/ozone/ozone/hadoop-ozone/integration-test/target/test-dir/MiniOzoneClusterImpl-df9b5de2-b041-43db-b9a6-571161098f76/datanode-5/data-0/containers/hdds/df9b5de2-b041-43db-b9a6-571161098f76/DS-cfe5a5c3-28c5-46b9-bbbf-9906cd5d63a2/container.db, /home/runner/work/ozone/ozone/hadoop-ozone/integration-test/target/test-dir/MiniOzoneClusterImpl-df9b5de2-b041-43db-b9a6-571161098f76/datanode-6/data-0/containers/hdds/df9b5de2-b041-43db-b9a6-571161098f76/DS-dfff1bee-1f75-41df-9500-67b3bc704e13/container.db, /home/runner/work/ozone/ozone/hadoop-ozone/integration-test/target/test-dir/MiniOzoneClusterImpl-df9b5de2-b041-43db-b9a6-571161098f76/datanode-7/data-0/containers/hdds/df9b5de2-b041-43db-b9a6-571161098f76/DS-82c45e61-5f41-4780-a990-8f984622e5eb/container.db, /home/runner/work/ozone/ozone/hadoop-ozone/integration-test/target/test-dir/MiniOzoneClusterImpl-df9b5de2-b041-43db-b9a6-571161098f76/datanode-8/data-0/containers/hdds/df9b5de2-b041-43db-b9a6-571161098f76/DS-55038eef-ecff-4ccd-b6a6-1a2ec91f98b6/container.db]
2024-01-18 21:15:38,960 [main] INFO  utils.DatanodeStoreCache (DatanodeStoreCache.java:removeDB(110)) - Removed db /home/runner/work/ozone/ozone/hadoop-ozone/integration-test/target/test-dir/MiniOzoneClusterImpl-df9b5de2-b041-43db-b9a6-571161098f76/datanode-3/data-0/containers/hdds/df9b5de2-b041-43db-b9a6-571161098f76/DS-429fbe00-f435-48b9-8a14-37df6eacb8c5/container.db from cache
2024-01-18 21:15:38,960 [main] INFO  volume.HddsVolume (HddsVolume.java:closeDbStore(451)) - SchemaV3 db is stopped at /home/runner/work/ozone/ozone/hadoop-ozone/integration-test/target/test-dir/MiniOzoneClusterImpl-df9b5de2-b041-43db-b9a6-571161098f76/datanode-3/data-0/containers/hdds/df9b5de2-b041-43db-b9a6-571161098f76/DS-429fbe00-f435-48b9-8a14-37df6eacb8c5/container.db for volume DS-429fbe00-f435-48b9-8a14-37df6eacb8c5
2024-01-18 21:15:38,961 [main] INFO  utils.BackgroundService (BackgroundService.java:shutdown(160)) - Shutting down service BlockDeletingService
2024-01-18 21:15:38,961 [main] INFO  utils.BackgroundService (BackgroundService.java:shutdown(160)) - Shutting down service StaleRecoveringContainerScrubbingService
2024-01-18 21:15:38,961 [main] INFO  statemachine.DatanodeStateMachine (DatanodeStateMachine.java:stopDaemon(638)) - Ozone container server stopped.
2024-01-18 21:15:38,962 [main] INFO  handler.ContextHandler (ContextHandler.java:doStop(1159)) - Stopped o.e.j.w.WebAppContext@773bfc34{hddsDatanode,/,null,STOPPED}{jar:file:/home/runner/.m2/repository/org/apache/ozone/hdds-container-service/1.5.0-SNAPSHOT/hdds-container-service-1.5.0-SNAPSHOT.jar!/webapps/hddsDatanode}
2024-01-18 21:15:38,963 [main] INFO  server.AbstractConnector (AbstractConnector.java:doStop(383)) - Stopped ServerConnector@141e2724{HTTP/1.1, (http/1.1)}{0.0.0.0:15392}
2024-01-18 21:15:38,963 [main] INFO  server.session (HouseKeeper.java:stopScavenging(149)) - node0 Stopped scavenging
2024-01-18 21:15:38,963 [main] INFO  handler.ContextHandler (ContextHandler.java:doStop(1159)) - Stopped o.e.j.s.ServletContextHandler@9c9fbf4{static,/static,jar:file:/home/runner/.m2/repository/org/apache/ozone/hdds-container-service/1.5.0-SNAPSHOT/hdds-container-service-1.5.0-SNAPSHOT.jar!/webapps/static,STOPPED}
2024-01-18 21:15:38,963 [main] INFO  handler.ContextHandler (ContextHandler.java:doStop(1159)) - Stopped o.e.j.s.ServletContextHandler@73fab6e6{logs,/logs,file:///home/runner/work/ozone/ozone/hadoop-ozone/integration-test/target/log,STOPPED}
2024-01-18 21:15:38,964 [main] INFO  ozone.HddsDatanodeClientProtocolServer (HddsDatanodeClientProtocolServer.java:stop(78)) - Stopping the RPC server for Client Protocol
2024-01-18 21:15:38,964 [main] INFO  ipc.Server (Server.java:stop(3523)) - Stopping server on 15393
2024-01-18 21:15:38,965 [IPC Server Responder] INFO  ipc.Server (Server.java:run(1567)) - Stopping IPC Server Responder
2024-01-18 21:15:38,965 [IPC Server listener on 15393] INFO  ipc.Server (Server.java:run(1434)) - Stopping IPC Server listener on 15393
2024-01-18 21:15:38,966 [main] INFO  pipeline.PipelineManagerImpl (PipelineManagerImpl.java:closeContainersForPipeline(484)) - Container #1 closed for pipeline=PipelineID=2ed116e4-c7a3-422f-acc4-26e5762860c1
2024-01-18 21:15:38,967 [EventQueue-CloseContainerForCloseContainerEventHandler] INFO  container.CloseContainerEventHandler (CloseContainerEventHandler.java:onMessage(88)) - Close container Event triggered for container : #1, current state: CLOSING
2024-01-18 21:15:38,967 [main] INFO  pipeline.PipelineManagerImpl (PipelineManagerImpl.java:closePipeline(518)) - Pipeline PipelineID=2ed116e4-c7a3-422f-acc4-26e5762860c1 moved to CLOSED state
2024-01-18 21:15:39,218 [grpc-default-executor-5] WARN  server.GrpcLogAppender (LogUtils.java:warn(121)) - 3df0e54a-fa0a-4d1f-902e-c3368fd6cf67@group-26E5762860C1->7adc501f-70c9-4652-b7fc-e7afe3d76740-AppendLogResponseHandler: Failed appendEntries: org.apache.ratis.thirdparty.io.grpc.StatusRuntimeException: UNAVAILABLE: io exception
2024-01-18 21:15:39,219 [grpc-default-executor-0] WARN  server.GrpcLogAppender (GrpcLogAppender.java:lambda$resetClient$1(217)) - 3df0e54a-fa0a-4d1f-902e-c3368fd6cf67@group-26E5762860C1->7adc501f-70c9-4652-b7fc-e7afe3d76740-GrpcLogAppender: Follower failed (request=null, errorCount=9); keep nextIndex (3) unchanged and retry.
2024-01-18 21:15:40,976 [timer2] WARN  server.GrpcLogAppender (GrpcLogAppender.java:lambda$resetClient$1(217)) - 3df0e54a-fa0a-4d1f-902e-c3368fd6cf67@group-26E5762860C1->2f0c8443-6075-4928-968f-8dc1a7be92bb-GrpcLogAppender: Follower failed (request=null, errorCount=8); keep nextIndex (3) unchanged and retry. (Repeated 8 times in the last 5.001s)
2024-01-18 21:15:40,977 [timer3] WARN  server.GrpcLogAppender (LogUtils.java:warn(121)) - 3df0e54a-fa0a-4d1f-902e-c3368fd6cf67@group-26E5762860C1->2f0c8443-6075-4928-968f-8dc1a7be92bb-AppendLogResponseHandler: Failed appendEntries (Repeated 8 times in the last 5.002s): org.apache.ratis.thirdparty.io.grpc.StatusRuntimeException: UNAVAILABLE: io exception
2024-01-18 21:15:41,715 [grpc-default-executor-5] WARN  server.GrpcLogAppender (LogUtils.java:warn(121)) - 3df0e54a-fa0a-4d1f-902e-c3368fd6cf67@group-26E5762860C1->2f0c8443-6075-4928-968f-8dc1a7be92bb-AppendLogResponseHandler: Failed appendEntries: org.apache.ratis.thirdparty.io.grpc.StatusRuntimeException: UNAVAILABLE: io exception
2024-01-18 21:15:41,717 [grpc-default-executor-0] WARN  server.GrpcLogAppender (GrpcLogAppender.java:lambda$resetClient$1(217)) - 3df0e54a-fa0a-4d1f-902e-c3368fd6cf67@group-26E5762860C1->2f0c8443-6075-4928-968f-8dc1a7be92bb-GrpcLogAppender: Follower failed (request=null, errorCount=9); keep nextIndex (3) unchanged and retry.
2024-01-18 21:15:42,583 [null-request--thread1] INFO  server.GrpcClientProtocolService (GrpcClientProtocolService.java:lambda$processClientRequest$0(284)) - Failed RaftClientRequest:client-35AF0637F28A->3df0e54a-fa0a-4d1f-902e-c3368fd6cf67@group-26E5762860C1, cid=76, seq=null, Watch-ALL_COMMITTED(31), Message:<EMPTY>, reply=RaftClientReply:client-35AF0637F28A->3df0e54a-fa0a-4d1f-902e-c3368fd6cf67@group-26E5762860C1, cid=76, FAILED org.apache.ratis.protocol.exceptions.NotReplicatedException: Request with call Id 76 and log index 31 is not yet replicated to ALL_COMMITTED, logIndex=31, commits[3df0e54a-fa0a-4d1f-902e-c3368fd6cf67:c2, 7adc501f-70c9-4652-b7fc-e7afe3d76740:c1, 2f0c8443-6075-4928-968f-8dc1a7be92bb:c2]
2024-01-18 21:15:42,585 [main] WARN  scm.XceiverClientRatis (XceiverClientRatis.java:watchForCommit(284)) - 3 way commit failed on pipeline Pipeline[ Id: 2ed116e4-c7a3-422f-acc4-26e5762860c1, Nodes: 7adc501f-70c9-4652-b7fc-e7afe3d76740(fv-az776-647.gib5dkvrjkgedmzi5ptrevqpbg.bx.internal.cloudapp.net/10.1.0.44)2f0c8443-6075-4928-968f-8dc1a7be92bb(fv-az776-647.gib5dkvrjkgedmzi5ptrevqpbg.bx.internal.cloudapp.net/10.1.0.44)3df0e54a-fa0a-4d1f-902e-c3368fd6cf67(fv-az776-647.gib5dkvrjkgedmzi5ptrevqpbg.bx.internal.cloudapp.net/10.1.0.44), ReplicationConfig: RATIS/THREE, State:OPEN, leaderId:3df0e54a-fa0a-4d1f-902e-c3368fd6cf67, CreationTimestamp2024-01-18T21:15:24.661Z[Etc/UTC]]
java.util.concurrent.ExecutionException: org.apache.ratis.protocol.exceptions.NotReplicatedException: Request with call Id 76 and log index 31 is not yet replicated to ALL_COMMITTED
	at java.util.concurrent.CompletableFuture.reportGet(CompletableFuture.java:357)
	at java.util.concurrent.CompletableFuture.get(CompletableFuture.java:1908)
	at org.apache.hadoop.hdds.scm.XceiverClientRatis.watchForCommit(XceiverClientRatis.java:279)
	at org.apache.hadoop.ozone.client.rpc.TestWatchForCommit.testWatchForCommitForRetryfailure(TestWatchForCommit.java:283)
	at sun.reflect.NativeMethodAccessorImpl.invoke0(Native Method)
	at sun.reflect.NativeMethodAccessorImpl.invoke(NativeMethodAccessorImpl.java:62)
	at sun.reflect.DelegatingMethodAccessorImpl.invoke(DelegatingMethodAccessorImpl.java:43)
	at java.lang.reflect.Method.invoke(Method.java:498)
	at org.junit.platform.commons.util.ReflectionUtils.invokeMethod(ReflectionUtils.java:728)
	at org.junit.jupiter.engine.execution.MethodInvocation.proceed(MethodInvocation.java:60)
	at org.junit.jupiter.engine.execution.InvocationInterceptorChain$ValidatingInvocation.proceed(InvocationInterceptorChain.java:131)
	at org.junit.jupiter.engine.extension.TimeoutExtension.intercept(TimeoutExtension.java:156)
	at org.junit.jupiter.engine.extension.TimeoutExtension.interceptTestableMethod(TimeoutExtension.java:147)
	at org.junit.jupiter.engine.extension.TimeoutExtension.interceptTestMethod(TimeoutExtension.java:86)
	at org.junit.jupiter.engine.execution.InterceptingExecutableInvoker$ReflectiveInterceptorCall.lambda$ofVoidMethod$0(InterceptingExecutableInvoker.java:103)
	at org.junit.jupiter.engine.execution.InterceptingExecutableInvoker.lambda$invoke$0(InterceptingExecutableInvoker.java:93)
	at org.junit.jupiter.engine.execution.InvocationInterceptorChain$InterceptedInvocation.proceed(InvocationInterceptorChain.java:106)
	at org.junit.jupiter.engine.execution.InvocationInterceptorChain.proceed(InvocationInterceptorChain.java:64)
	at org.junit.jupiter.engine.execution.InvocationInterceptorChain.chainAndInvoke(InvocationInterceptorChain.java:45)
	at org.junit.jupiter.engine.execution.InvocationInterceptorChain.invoke(InvocationInterceptorChain.java:37)
	at org.junit.jupiter.engine.execution.InterceptingExecutableInvoker.invoke(InterceptingExecutableInvoker.java:92)
	at org.junit.jupiter.engine.execution.InterceptingExecutableInvoker.invoke(InterceptingExecutableInvoker.java:86)
	at org.junit.jupiter.engine.descriptor.TestMethodTestDescriptor.lambda$invokeTestMethod$7(TestMethodTestDescriptor.java:218)
	at org.junit.platform.engine.support.hierarchical.ThrowableCollector.execute(ThrowableCollector.java:73)
	at org.junit.jupiter.engine.descriptor.TestMethodTestDescriptor.invokeTestMethod(TestMethodTestDescriptor.java:214)
	at org.junit.jupiter.engine.descriptor.TestMethodTestDescriptor.execute(TestMethodTestDescriptor.java:139)
	at org.junit.jupiter.engine.descriptor.TestMethodTestDescriptor.execute(TestMethodTestDescriptor.java:69)
	at org.junit.platform.engine.support.hierarchical.NodeTestTask.lambda$executeRecursively$6(NodeTestTask.java:151)
	at org.junit.platform.engine.support.hierarchical.ThrowableCollector.execute(ThrowableCollector.java:73)
	at org.junit.platform.engine.support.hierarchical.NodeTestTask.lambda$executeRecursively$8(NodeTestTask.java:141)
	at org.junit.platform.engine.support.hierarchical.Node.around(Node.java:137)
	at org.junit.platform.engine.support.hierarchical.NodeTestTask.lambda$executeRecursively$9(NodeTestTask.java:139)
	at org.junit.platform.engine.support.hierarchical.ThrowableCollector.execute(ThrowableCollector.java:73)
	at org.junit.platform.engine.support.hierarchical.NodeTestTask.executeRecursively(NodeTestTask.java:138)
	at org.junit.platform.engine.support.hierarchical.NodeTestTask.execute(NodeTestTask.java:95)
	at java.util.ArrayList.forEach(ArrayList.java:1259)
	at org.junit.platform.engine.support.hierarchical.SameThreadHierarchicalTestExecutorService.invokeAll(SameThreadHierarchicalTestExecutorService.java:41)
	at org.junit.platform.engine.support.hierarchical.NodeTestTask.lambda$executeRecursively$6(NodeTestTask.java:155)
	at org.junit.platform.engine.support.hierarchical.ThrowableCollector.execute(ThrowableCollector.java:73)
	at org.junit.platform.engine.support.hierarchical.NodeTestTask.lambda$executeRecursively$8(NodeTestTask.java:141)
	at org.junit.platform.engine.support.hierarchical.Node.around(Node.java:137)
	at org.junit.platform.engine.support.hierarchical.NodeTestTask.lambda$executeRecursively$9(NodeTestTask.java:139)
	at org.junit.platform.engine.support.hierarchical.ThrowableCollector.execute(ThrowableCollector.java:73)
	at org.junit.platform.engine.support.hierarchical.NodeTestTask.executeRecursively(NodeTestTask.java:138)
	at org.junit.platform.engine.support.hierarchical.NodeTestTask.execute(NodeTestTask.java:95)
	at java.util.ArrayList.forEach(ArrayList.java:1259)
	at org.junit.platform.engine.support.hierarchical.SameThreadHierarchicalTestExecutorService.invokeAll(SameThreadHierarchicalTestExecutorService.java:41)
	at org.junit.platform.engine.support.hierarchical.NodeTestTask.lambda$executeRecursively$6(NodeTestTask.java:155)
	at org.junit.platform.engine.support.hierarchical.ThrowableCollector.execute(ThrowableCollector.java:73)
	at org.junit.platform.engine.support.hierarchical.NodeTestTask.lambda$executeRecursively$8(NodeTestTask.java:141)
	at org.junit.platform.engine.support.hierarchical.Node.around(Node.java:137)
	at org.junit.platform.engine.support.hierarchical.NodeTestTask.lambda$executeRecursively$9(NodeTestTask.java:139)
	at org.junit.platform.engine.support.hierarchical.ThrowableCollector.execute(ThrowableCollector.java:73)
	at org.junit.platform.engine.support.hierarchical.NodeTestTask.executeRecursively(NodeTestTask.java:138)
	at org.junit.platform.engine.support.hierarchical.NodeTestTask.execute(NodeTestTask.java:95)
	at org.junit.platform.engine.support.hierarchical.SameThreadHierarchicalTestExecutorService.submit(SameThreadHierarchicalTestExecutorService.java:35)
	at org.junit.platform.engine.support.hierarchical.HierarchicalTestExecutor.execute(HierarchicalTestExecutor.java:57)
	at org.junit.platform.engine.support.hierarchical.HierarchicalTestEngine.execute(HierarchicalTestEngine.java:54)
	at org.junit.platform.launcher.core.EngineExecutionOrchestrator.execute(EngineExecutionOrchestrator.java:198)
	at org.junit.platform.launcher.core.EngineExecutionOrchestrator.execute(EngineExecutionOrchestrator.java:169)
	at org.junit.platform.launcher.core.EngineExecutionOrchestrator.execute(EngineExecutionOrchestrator.java:93)
	at org.junit.platform.launcher.core.EngineExecutionOrchestrator.lambda$execute$0(EngineExecutionOrchestrator.java:58)
	at org.junit.platform.launcher.core.EngineExecutionOrchestrator.withInterceptedStreams(EngineExecutionOrchestrator.java:141)
	at org.junit.platform.launcher.core.EngineExecutionOrchestrator.execute(EngineExecutionOrchestrator.java:57)
	at org.junit.platform.launcher.core.DefaultLauncher.execute(DefaultLauncher.java:103)
	at org.junit.platform.launcher.core.DefaultLauncher.execute(DefaultLauncher.java:85)
	at org.junit.platform.launcher.core.DelegatingLauncher.execute(DelegatingLauncher.java:47)
	at org.apache.maven.surefire.junitplatform.LazyLauncher.execute(LazyLauncher.java:56)
	at org.apache.maven.surefire.junitplatform.JUnitPlatformProvider.invokeAllTests(JUnitPlatformProvider.java:162)
	at org.apache.maven.surefire.junitplatform.JUnitPlatformProvider.invoke(JUnitPlatformProvider.java:120)
	at org.apache.maven.surefire.booter.ForkedBooter.runSuitesInProcess(ForkedBooter.java:385)
	at org.apache.maven.surefire.booter.ForkedBooter.execute(ForkedBooter.java:162)
	at org.apache.maven.surefire.booter.ForkedBooter.run(ForkedBooter.java:507)
	at org.apache.maven.surefire.booter.ForkedBooter.main(ForkedBooter.java:495)
Caused by: org.apache.ratis.protocol.exceptions.NotReplicatedException: Request with call Id 76 and log index 31 is not yet replicated to ALL_COMMITTED
	at org.apache.ratis.client.impl.ClientProtoUtils.toRaftClientReply(ClientProtoUtils.java:400)
	at org.apache.ratis.grpc.client.GrpcClientProtocolClient$AsyncStreamObservers$1.onNext(GrpcClientProtocolClient.java:310)
	at org.apache.ratis.grpc.client.GrpcClientProtocolClient$AsyncStreamObservers$1.onNext(GrpcClientProtocolClient.java:305)
	at org.apache.ratis.thirdparty.io.grpc.stub.ClientCalls$StreamObserverToCallListenerAdapter.onMessage(ClientCalls.java:468)
	at org.apache.ratis.thirdparty.io.grpc.ForwardingClientCallListener.onMessage(ForwardingClientCallListener.java:33)
	at org.apache.ratis.thirdparty.io.grpc.internal.ClientCallImpl$ClientStreamListenerImpl$1MessagesAvailable.runInternal(ClientCallImpl.java:660)
	at org.apache.ratis.thirdparty.io.grpc.internal.ClientCallImpl$ClientStreamListenerImpl$1MessagesAvailable.runInContext(ClientCallImpl.java:647)
	at org.apache.ratis.thirdparty.io.grpc.internal.ContextRunnable.run(ContextRunnable.java:37)
	at org.apache.ratis.thirdparty.io.grpc.internal.SerializingExecutor.run(SerializingExecutor.java:133)
	at java.util.concurrent.ThreadPoolExecutor.runWorker(ThreadPoolExecutor.java:1149)
	at java.util.concurrent.ThreadPoolExecutor$Worker.run(ThreadPoolExecutor.java:624)
	at java.lang.Thread.run(Thread.java:750)
2024-01-18 21:15:43,361 [3df0e54a-fa0a-4d1f-902e-c3368fd6cf67@group-26E5762860C1-LeaderStateImpl] WARN  server.RaftServer$Division (LeaderStateImpl.java:checkLeadership(1107)) - 3df0e54a-fa0a-4d1f-902e-c3368fd6cf67@group-26E5762860C1-LeaderStateImpl: Lost leadership on term: 1. Election timeout: 5200ms. In charge for: 10623ms. Conf: 0: peers:[3df0e54a-fa0a-4d1f-902e-c3368fd6cf67|10.1.0.44:15415, 7adc501f-70c9-4652-b7fc-e7afe3d76740|10.1.0.44:15406, 2f0c8443-6075-4928-968f-8dc1a7be92bb|10.1.0.44:15397]|listeners:[], old=null
2024-01-18 21:15:43,361 [3df0e54a-fa0a-4d1f-902e-c3368fd6cf67@group-26E5762860C1-LeaderStateImpl] WARN  server.RaftServer$Division (LeaderStateImpl.java:lambda$checkLeadership$21(1111)) - Follower 3df0e54a-fa0a-4d1f-902e-c3368fd6cf67@group-26E5762860C1->7adc501f-70c9-4652-b7fc-e7afe3d76740(c1,m2,n3, caughtUp=true, lastRpcSendTime=779, lastRpcResponseTime=10400)
2024-01-18 21:15:43,361 [3df0e54a-fa0a-4d1f-902e-c3368fd6cf67@group-26E5762860C1-LeaderStateImpl] WARN  server.RaftServer$Division (LeaderStateImpl.java:lambda$checkLeadership$21(1111)) - Follower 3df0e54a-fa0a-4d1f-902e-c3368fd6cf67@group-26E5762860C1->2f0c8443-6075-4928-968f-8dc1a7be92bb(c2,m2,n3, caughtUp=true, lastRpcSendTime=391, lastRpcResponseTime=7903)
2024-01-18 21:15:43,362 [3df0e54a-fa0a-4d1f-902e-c3368fd6cf67@group-26E5762860C1-LeaderStateImpl] INFO  server.RaftServer$Division (RaftServerImpl.java:setRole(383)) - 3df0e54a-fa0a-4d1f-902e-c3368fd6cf67@group-26E5762860C1: changes role from    LEADER to FOLLOWER at term 1 for StepDownReason:LOST_MAJORITY_HEARTBEATS
2024-01-18 21:15:43,362 [3df0e54a-fa0a-4d1f-902e-c3368fd6cf67@group-26E5762860C1-LeaderStateImpl] INFO  impl.RoleInfo (RoleInfo.java:shutdownLeaderState(94)) - 3df0e54a-fa0a-4d1f-902e-c3368fd6cf67: shutdown 3df0e54a-fa0a-4d1f-902e-c3368fd6cf67@group-26E5762860C1-LeaderStateImpl
2024-01-18 21:15:43,362 [3df0e54a-fa0a-4d1f-902e-c3368fd6cf67@group-26E5762860C1->2f0c8443-6075-4928-968f-8dc1a7be92bb-GrpcLogAppender-LogAppenderDaemon] WARN  server.GrpcLogAppender (GrpcLogAppender.java:mayWait(289)) - 3df0e54a-fa0a-4d1f-902e-c3368fd6cf67@group-26E5762860C1->2f0c8443-6075-4928-968f-8dc1a7be92bb-GrpcLogAppender: Wait interrupted by java.lang.InterruptedException
2024-01-18 21:15:43,362 [3df0e54a-fa0a-4d1f-902e-c3368fd6cf67@group-26E5762860C1->7adc501f-70c9-4652-b7fc-e7afe3d76740-GrpcLogAppender-LogAppenderDaemon] WARN  server.GrpcLogAppender (GrpcLogAppender.java:mayWait(289)) - 3df0e54a-fa0a-4d1f-902e-c3368fd6cf67@group-26E5762860C1->7adc501f-70c9-4652-b7fc-e7afe3d76740-GrpcLogAppender: Wait interrupted by java.lang.InterruptedException
2024-01-18 21:15:43,362 [3df0e54a-fa0a-4d1f-902e-c3368fd6cf67@group-26E5762860C1-LeaderStateImpl] INFO  impl.PendingRequests (PendingRequests.java:sendNotLeaderResponses(289)) - 3df0e54a-fa0a-4d1f-902e-c3368fd6cf67@group-26E5762860C1-PendingRequests: sendNotLeaderResponses
2024-01-18 21:15:43,364 [null-request--thread1] INFO  server.GrpcClientProtocolService (GrpcClientProtocolService.java:lambda$processClientRequest$0(284)) - Failed RaftClientRequest:client-35AF0637F28A->3df0e54a-fa0a-4d1f-902e-c3368fd6cf67@group-26E5762860C1, cid=77, seq=null, Watch-MAJORITY_COMMITTED(31), Message:<EMPTY>, reply=RaftClientReply:client-35AF0637F28A->3df0e54a-fa0a-4d1f-902e-c3368fd6cf67@group-26E5762860C1, cid=77, FAILED org.apache.ratis.protocol.exceptions.NotLeaderException: Server 3df0e54a-fa0a-4d1f-902e-c3368fd6cf67@group-26E5762860C1 is not the leader, logIndex=0, commits[3df0e54a-fa0a-4d1f-902e-c3368fd6cf67:c2, 7adc501f-70c9-4652-b7fc-e7afe3d76740:c1, 2f0c8443-6075-4928-968f-8dc1a7be92bb:c2]
2024-01-18 21:15:43,364 [3df0e54a-fa0a-4d1f-902e-c3368fd6cf67@group-26E5762860C1-LeaderStateImpl] INFO  server.RaftServer$Division (ServerState.java:setLeader(269)) - 3df0e54a-fa0a-4d1f-902e-c3368fd6cf67@group-26E5762860C1: change Leader from 3df0e54a-fa0a-4d1f-902e-c3368fd6cf67 to null at term 1 for StepDownReason:LOST_MAJORITY_HEARTBEATS
2024-01-18 21:15:43,364 [3df0e54a-fa0a-4d1f-902e-c3368fd6cf67@group-26E5762860C1-LeaderStateImpl] INFO  impl.RoleInfo (RoleInfo.java:updateAndGet(139)) - 3df0e54a-fa0a-4d1f-902e-c3368fd6cf67: start 3df0e54a-fa0a-4d1f-902e-c3368fd6cf67@group-26E5762860C1-FollowerState
2024-01-18 21:15:43,966 [3df0e54a-fa0a-4d1f-902e-c3368fd6cf67-CloseContainerThread-0] INFO  commandhandler.CloseContainerCommandHandler (CloseContainerCommandHandler.java:lambda$handle$0(154)) - Follower cannot close container #1.
2024-01-18 21:15:44,219 [timer7] WARN  server.GrpcLogAppender (GrpcLogAppender.java:lambda$resetClient$1(217)) - 3df0e54a-fa0a-4d1f-902e-c3368fd6cf67@group-26E5762860C1->7adc501f-70c9-4652-b7fc-e7afe3d76740-GrpcLogAppender: Follower failed (request=null, errorCount=14); keep nextIndex (3) unchanged and retry. (Repeated 6 times in the last 5.000s)
2024-01-18 21:15:44,220 [timer6] WARN  server.GrpcLogAppender (LogUtils.java:warn(121)) - 3df0e54a-fa0a-4d1f-902e-c3368fd6cf67@group-26E5762860C1->7adc501f-70c9-4652-b7fc-e7afe3d76740-AppendLogResponseHandler: Failed appendEntries (Repeated 6 times in the last 5.002s): org.apache.ratis.thirdparty.io.grpc.StatusRuntimeException: UNAVAILABLE: io exception
2024-01-18 21:15:45,603 [BackgroundPipelineScrubber] INFO  pipeline.PipelineManagerImpl (PipelineManagerImpl.java:scrubPipelines(610)) - Scrubbing pipeline: id: PipelineID=2ed116e4-c7a3-422f-acc4-26e5762860c1 since it stays at CLOSED stage.
2024-01-18 21:15:45,603 [BackgroundPipelineScrubber] INFO  pipeline.RatisPipelineProvider (RatisPipelineProvider.java:lambda$close$4(272)) - Send pipeline:PipelineID=2ed116e4-c7a3-422f-acc4-26e5762860c1 close command to datanode 7adc501f-70c9-4652-b7fc-e7afe3d76740
2024-01-18 21:15:45,603 [BackgroundPipelineScrubber] INFO  pipeline.RatisPipelineProvider (RatisPipelineProvider.java:lambda$close$4(272)) - Send pipeline:PipelineID=2ed116e4-c7a3-422f-acc4-26e5762860c1 close command to datanode 2f0c8443-6075-4928-968f-8dc1a7be92bb
2024-01-18 21:15:45,603 [BackgroundPipelineScrubber] INFO  pipeline.RatisPipelineProvider (RatisPipelineProvider.java:lambda$close$4(272)) - Send pipeline:PipelineID=2ed116e4-c7a3-422f-acc4-26e5762860c1 close command to datanode 3df0e54a-fa0a-4d1f-902e-c3368fd6cf67
2024-01-18 21:15:45,604 [BackgroundPipelineScrubber] INFO  pipeline.PipelineManagerImpl (PipelineManagerImpl.java:removePipeline(459)) - Pipeline Pipeline[ Id: 2ed116e4-c7a3-422f-acc4-26e5762860c1, Nodes: 7adc501f-70c9-4652-b7fc-e7afe3d76740(fv-az776-647.gib5dkvrjkgedmzi5ptrevqpbg.bx.internal.cloudapp.net/10.1.0.44)2f0c8443-6075-4928-968f-8dc1a7be92bb(fv-az776-647.gib5dkvrjkgedmzi5ptrevqpbg.bx.internal.cloudapp.net/10.1.0.44)3df0e54a-fa0a-4d1f-902e-c3368fd6cf67(fv-az776-647.gib5dkvrjkgedmzi5ptrevqpbg.bx.internal.cloudapp.net/10.1.0.44), ReplicationConfig: RATIS/THREE, State:CLOSED, leaderId:3df0e54a-fa0a-4d1f-902e-c3368fd6cf67, CreationTimestamp2024-01-18T21:15:24.661Z[Etc/UTC]] removed.
2024-01-18 21:15:46,717 [timer7] WARN  server.GrpcLogAppender (GrpcLogAppender.java:lambda$resetClient$1(217)) - 3df0e54a-fa0a-4d1f-902e-c3368fd6cf67@group-26E5762860C1->2f0c8443-6075-4928-968f-8dc1a7be92bb-GrpcLogAppender: Follower failed (request=null, errorCount=12); keep nextIndex (3) unchanged and retry. (Repeated 4 times in the last 5.000s)
2024-01-18 21:15:46,717 [timer6] WARN  server.GrpcLogAppender (LogUtils.java:warn(121)) - 3df0e54a-fa0a-4d1f-902e-c3368fd6cf67@group-26E5762860C1->2f0c8443-6075-4928-968f-8dc1a7be92bb-AppendLogResponseHandler: Failed appendEntries (Repeated 4 times in the last 5.001s): org.apache.ratis.thirdparty.io.grpc.StatusRuntimeException: UNAVAILABLE: io exception
2024-01-18 21:15:46,963 [3df0e54a-fa0a-4d1f-902e-c3368fd6cf67-PipelineCommandHandlerThread-0] INFO  server.RaftServer (RaftServerProxy.java:remove(111)) - 3df0e54a-fa0a-4d1f-902e-c3368fd6cf67: remove  FOLLOWER 3df0e54a-fa0a-4d1f-902e-c3368fd6cf67@group-26E5762860C1:t1, leader=null, voted=3df0e54a-fa0a-4d1f-902e-c3368fd6cf67, raftlog=Memoized:3df0e54a-fa0a-4d1f-902e-c3368fd6cf67@group-26E5762860C1-SegmentedRaftLog:OPENED:c2, conf=0: peers:[3df0e54a-fa0a-4d1f-902e-c3368fd6cf67|10.1.0.44:15415, 7adc501f-70c9-4652-b7fc-e7afe3d76740|10.1.0.44:15406, 2f0c8443-6075-4928-968f-8dc1a7be92bb|10.1.0.44:15397]|listeners:[], old=null RUNNING
2024-01-18 21:15:46,963 [3df0e54a-fa0a-4d1f-902e-c3368fd6cf67-PipelineCommandHandlerThread-0] INFO  server.RaftServer$Division (RaftServerImpl.java:lambda$close$3(526)) - 3df0e54a-fa0a-4d1f-902e-c3368fd6cf67@group-26E5762860C1: shutdown
2024-01-18 21:15:46,963 [3df0e54a-fa0a-4d1f-902e-c3368fd6cf67-PipelineCommandHandlerThread-0] INFO  util.JmxRegister (JmxRegister.java:unregister(73)) - Successfully un-registered JMX Bean with object name Ratis:service=RaftServer,group=group-26E5762860C1,id=3df0e54a-fa0a-4d1f-902e-c3368fd6cf67
2024-01-18 21:15:46,963 [3df0e54a-fa0a-4d1f-902e-c3368fd6cf67-PipelineCommandHandlerThread-0] INFO  impl.RoleInfo (RoleInfo.java:shutdownFollowerState(110)) - 3df0e54a-fa0a-4d1f-902e-c3368fd6cf67: shutdown 3df0e54a-fa0a-4d1f-902e-c3368fd6cf67@group-26E5762860C1-FollowerState
2024-01-18 21:15:46,964 [3df0e54a-fa0a-4d1f-902e-c3368fd6cf67-PipelineCommandHandlerThread-0] INFO  impl.StateMachineUpdater (StateMachineUpdater.java:stopAndJoin(157)) - 3df0e54a-fa0a-4d1f-902e-c3368fd6cf67@group-26E5762860C1-StateMachineUpdater: set stopIndex = 2
2024-01-18 21:15:46,964 [3df0e54a-fa0a-4d1f-902e-c3368fd6cf67@group-26E5762860C1-StateMachineUpdater] INFO  ratis.ContainerStateMachine (ContainerStateMachine.java:takeSnapshot(355)) - group-26E5762860C1: Taking a snapshot at:(t:1, i:2) file /home/runner/work/ozone/ozone/hadoop-ozone/integration-test/target/test-dir/MiniOzoneClusterImpl-df9b5de2-b041-43db-b9a6-571161098f76/datanode-5/data/ratis/2ed116e4-c7a3-422f-acc4-26e5762860c1/sm/snapshot.1_2
2024-01-18 21:15:46,964 [3df0e54a-fa0a-4d1f-902e-c3368fd6cf67@group-26E5762860C1-FollowerState] INFO  impl.FollowerState (FollowerState.java:run(152)) - 3df0e54a-fa0a-4d1f-902e-c3368fd6cf67@group-26E5762860C1-FollowerState was interrupted
2024-01-18 21:15:46,964 [3df0e54a-fa0a-4d1f-902e-c3368fd6cf67@group-26E5762860C1-StateMachineUpdater] INFO  ratis.ContainerStateMachine (ContainerStateMachine.java:takeSnapshot(366)) - group-26E5762860C1: Finished taking a snapshot at:(t:1, i:2) file:/home/runner/work/ozone/ozone/hadoop-ozone/integration-test/target/test-dir/MiniOzoneClusterImpl-df9b5de2-b041-43db-b9a6-571161098f76/datanode-5/data/ratis/2ed116e4-c7a3-422f-acc4-26e5762860c1/sm/snapshot.1_2 took: 1 ms
2024-01-18 21:15:46,964 [3df0e54a-fa0a-4d1f-902e-c3368fd6cf67@group-26E5762860C1-StateMachineUpdater] INFO  impl.StateMachineUpdater (StateMachineUpdater.java:takeSnapshot(295)) - 3df0e54a-fa0a-4d1f-902e-c3368fd6cf67@group-26E5762860C1-StateMachineUpdater: Took a snapshot at index 2
2024-01-18 21:15:46,965 [3df0e54a-fa0a-4d1f-902e-c3368fd6cf67@group-26E5762860C1-StateMachineUpdater] INFO  impl.StateMachineUpdater (StateMachineUpdater.java:lambda$new$0(98)) - 3df0e54a-fa0a-4d1f-902e-c3368fd6cf67@group-26E5762860C1-StateMachineUpdater: snapshotIndex: updateIncreasingly -1 -> 2
2024-01-18 21:15:46,965 [3df0e54a-fa0a-4d1f-902e-c3368fd6cf67-PipelineCommandHandlerThread-0] INFO  server.RaftServer$Division (ServerState.java:close(427)) - 3df0e54a-fa0a-4d1f-902e-c3368fd6cf67@group-26E5762860C1: applyIndex: 2
2024-01-18 21:15:46,965 [3df0e54a-fa0a-4d1f-902e-c3368fd6cf67@group-26E5762860C1-cacheEviction-AwaitToRun] INFO  util.AwaitToRun (AwaitToRun.java:run(49)) - 3df0e54a-fa0a-4d1f-902e-c3368fd6cf67@group-26E5762860C1-cacheEviction-AwaitToRun-AwaitForSignal is interrupted
2024-01-18 21:15:47,957 [3df0e54a-fa0a-4d1f-902e-c3368fd6cf67-PipelineCommandHandlerThread-0] INFO  segmented.SegmentedRaftLogWorker (SegmentedRaftLogWorker.java:close(245)) - 3df0e54a-fa0a-4d1f-902e-c3368fd6cf67@group-26E5762860C1-SegmentedRaftLogWorker close()
2024-01-18 21:15:47,959 [3df0e54a-fa0a-4d1f-902e-c3368fd6cf67-PipelineCommandHandlerThread-0] INFO  keyvalue.KeyValueContainer (KeyValueContainer.java:flushAndSyncDB(522)) - Container 1 is synced with bcsId 0.
2024-01-18 21:15:47,959 [3df0e54a-fa0a-4d1f-902e-c3368fd6cf67-PipelineCommandHandlerThread-0] INFO  keyvalue.KeyValueContainer (KeyValueContainer.java:flushAndSyncDB(522)) - Container 1 is synced with bcsId 0.
2024-01-18 21:15:47,960 [3df0e54a-fa0a-4d1f-902e-c3368fd6cf67-PipelineCommandHandlerThread-0] INFO  server.RaftServer$Division (RaftServerImpl.java:groupRemove(496)) - 3df0e54a-fa0a-4d1f-902e-c3368fd6cf67@group-26E5762860C1: Succeed to remove RaftStorageDirectory Storage Directory /home/runner/work/ozone/ozone/hadoop-ozone/integration-test/target/test-dir/MiniOzoneClusterImpl-df9b5de2-b041-43db-b9a6-571161098f76/datanode-5/data/ratis/2ed116e4-c7a3-422f-acc4-26e5762860c1
2024-01-18 21:15:47,961 [3df0e54a-fa0a-4d1f-902e-c3368fd6cf67-PipelineCommandHandlerThread-0] ERROR commandhandler.ClosePipelineCommandHandler (ClosePipelineCommandHandler.java:lambda$handle$2(137)) - Can't close pipeline PipelineID=2ed116e4-c7a3-422f-acc4-26e5762860c1
org.apache.ratis.protocol.exceptions.GroupMismatchException: 3df0e54a-fa0a-4d1f-902e-c3368fd6cf67: group-26E5762860C1 not found.
	at org.apache.ratis.server.impl.RaftServerProxy$ImplMap.get(RaftServerProxy.java:154)
	at org.apache.ratis.server.impl.RaftServerProxy.getImplFuture(RaftServerProxy.java:364)
	at org.apache.ratis.server.impl.RaftServerProxy.getImpl(RaftServerProxy.java:373)
	at org.apache.ratis.server.impl.RaftServerProxy.getDivision(RaftServerProxy.java:386)
	at org.apache.hadoop.ozone.container.common.transport.server.ratis.XceiverServerRatis.getRaftPeersInPipeline(XceiverServerRatis.java:929)
	at org.apache.hadoop.ozone.container.common.statemachine.commandhandler.ClosePipelineCommandHandler.lambda$handle$2(ClosePipelineCommandHandler.java:114)
	at java.util.concurrent.CompletableFuture$AsyncRun.run(CompletableFuture.java:1640)
	at java.util.concurrent.ThreadPoolExecutor.runWorker(ThreadPoolExecutor.java:1149)
	at java.util.concurrent.ThreadPoolExecutor$Worker.run(ThreadPoolExecutor.java:624)
	at java.lang.Thread.run(Thread.java:750)
2024-01-18 21:15:47,961 [FixedThreadPoolWithAffinityExecutor-0-0] INFO  container.IncrementalContainerReportHandler (AbstractContainerReportHandler.java:updateContainerState(287)) - Moving container #1 to QUASI_CLOSED state, datanode 3df0e54a-fa0a-4d1f-902e-c3368fd6cf67(fv-az776-647.gib5dkvrjkgedmzi5ptrevqpbg.bx.internal.cloudapp.net/10.1.0.44) reported QUASI_CLOSED replica.
2024-01-18 21:15:58,988 [main] INFO  ozone.MiniOzoneClusterImpl (MiniOzoneClusterImpl.java:shutdown(449)) - Shutting down the Mini Ozone Cluster
2024-01-18 21:15:58,989 [main] INFO  db.CodecTestUtil (CodecTestUtil.java:gc(50)) - gc 0
2024-01-18 21:15:59,299 [JvmPauseMonitor51] WARN  util.JvmPauseMonitor (JvmPauseMonitor.java:detectPause(168)) - JvmPauseMonitor-3df0e54a-fa0a-4d1f-902e-c3368fd6cf67: Detected pause in JVM or host machine approximately 0.307s with 0.308s GC time.
GC pool 'PS MarkSweep' had collection(s): count=1 time=293ms
GC pool 'PS Scavenge' had collection(s): count=1 time=15ms
2024-01-18 21:15:59,397 [main] INFO  ozone.MiniOzoneClusterImpl (MiniOzoneClusterImpl.java:stop(465)) - Stopping the Mini Ozone Cluster
2024-01-18 21:15:59,397 [main] INFO  om.OzoneManager (OzoneManager.java:stop(2204)) - om1[localhost:15360]: Stopping Ozone Manager
2024-01-18 21:15:59,398 [main] INFO  ipc.Server (Server.java:stop(3523)) - Stopping server on 15360
2024-01-18 21:15:59,400 [IPC Server listener on 15360] INFO  ipc.Server (Server.java:run(1434)) - Stopping IPC Server listener on 15360
2024-01-18 21:15:59,400 [IPC Server Responder] INFO  ipc.Server (Server.java:run(1567)) - Stopping IPC Server Responder
2024-01-18 21:15:59,400 [main] INFO  ratis.OzoneManagerRatisServer (OzoneManagerRatisServer.java:stop(594)) - Stopping org.apache.hadoop.ozone.om.ratis.OzoneManagerRatisServer@6a8f232 at port 15363
2024-01-18 21:15:59,400 [main] INFO  server.RaftServer (RaftServerProxy.java:lambda$close$9(416)) - om1: close
2024-01-18 21:15:59,401 [om1-impl-thread1] INFO  server.RaftServer$Division (RaftServerImpl.java:lambda$close$3(526)) - om1@group-C5BA1605619E: shutdown
2024-01-18 21:15:59,401 [main] INFO  server.GrpcService (GrpcService.java:closeImpl(311)) - om1: shutdown server GrpcServerProtocolService now
2024-01-18 21:15:59,401 [om1-impl-thread1] INFO  util.JmxRegister (JmxRegister.java:unregister(73)) - Successfully un-registered JMX Bean with object name Ratis:service=RaftServer,group=group-C5BA1605619E,id=om1
2024-01-18 21:15:59,402 [om1-impl-thread1] INFO  impl.RoleInfo (RoleInfo.java:shutdownLeaderState(94)) - om1: shutdown om1@group-C5BA1605619E-LeaderStateImpl
2024-01-18 21:15:59,402 [om1-impl-thread1] INFO  impl.PendingRequests (PendingRequests.java:sendNotLeaderResponses(289)) - om1@group-C5BA1605619E-PendingRequests: sendNotLeaderResponses
2024-01-18 21:15:59,404 [main] INFO  server.GrpcService (GrpcService.java:closeImpl(320)) - om1: shutdown server GrpcServerProtocolService successfully
2024-01-18 21:15:59,406 [om1-impl-thread1] INFO  impl.StateMachineUpdater (StateMachineUpdater.java:stopAndJoin(157)) - om1@group-C5BA1605619E-StateMachineUpdater: set stopIndex = 4
2024-01-18 21:15:59,406 [om1@group-C5BA1605619E-StateMachineUpdater] INFO  ratis.OzoneManagerStateMachine (OzoneManagerStateMachine.java:takeSnapshotImpl(473)) -  applied = (t:1, i:3)
2024-01-18 21:15:59,406 [om1@group-C5BA1605619E-StateMachineUpdater] INFO  ratis.OzoneManagerStateMachine (OzoneManagerStateMachine.java:takeSnapshotImpl(474)) -  skipped = 3
2024-01-18 21:15:59,406 [om1@group-C5BA1605619E-StateMachineUpdater] INFO  ratis.OzoneManagerStateMachine (OzoneManagerStateMachine.java:takeSnapshotImpl(475)) - notified = (t:1, i:4)
2024-01-18 21:15:59,406 [om1@group-C5BA1605619E-StateMachineUpdater] INFO  ratis.OzoneManagerStateMachine (OzoneManagerStateMachine.java:takeSnapshotImpl(476)) - snapshot = (t:1, i:4)
2024-01-18 21:15:59,414 [om1@group-C5BA1605619E-StateMachineUpdater] INFO  impl.StateMachineUpdater (StateMachineUpdater.java:takeSnapshot(295)) - om1@group-C5BA1605619E-StateMachineUpdater: Took a snapshot at index 4
2024-01-18 21:15:59,414 [om1@group-C5BA1605619E-StateMachineUpdater] INFO  impl.StateMachineUpdater (StateMachineUpdater.java:lambda$new$0(98)) - om1@group-C5BA1605619E-StateMachineUpdater: snapshotIndex: updateIncreasingly -1 -> 4
2024-01-18 21:15:59,415 [om1@group-C5BA1605619E-StateMachineUpdater] INFO  ratis.OzoneManagerStateMachine (OzoneManagerStateMachine.java:close(528)) - Stopping OzoneManagerStateMachine:om1:group-C5BA1605619E.
2024-01-18 21:15:59,415 [om1@group-C5BA1605619E-StateMachineUpdater] INFO  ratis.OzoneManagerDoubleBuffer (OzoneManagerDoubleBuffer.java:stopDaemon(529)) - Stopping OMDoubleBuffer flush thread
2024-01-18 21:15:59,415 [om1-OMDoubleBufferFlushThread] INFO  ratis.OzoneManagerDoubleBuffer (OzoneManagerDoubleBuffer.java:canFlush(609)) - OMDoubleBuffer flush thread om1-OMDoubleBufferFlushThread is interrupted and will exit.
2024-01-18 21:15:59,415 [om1-impl-thread1] INFO  server.RaftServer$Division (ServerState.java:close(427)) - om1@group-C5BA1605619E: applyIndex: 3
2024-01-18 21:15:59,416 [om1@group-C5BA1605619E-cacheEviction-AwaitToRun] INFO  util.AwaitToRun (AwaitToRun.java:run(49)) - om1@group-C5BA1605619E-cacheEviction-AwaitToRun-AwaitForSignal is interrupted
2024-01-18 21:15:59,934 [om1-impl-thread1] INFO  segmented.SegmentedRaftLogWorker (SegmentedRaftLogWorker.java:close(245)) - om1@group-C5BA1605619E-SegmentedRaftLogWorker close()
2024-01-18 21:15:59,935 [JvmPauseMonitor45] INFO  util.JvmPauseMonitor (JvmPauseMonitor.java:run(152)) - JvmPauseMonitor-om1: Stopped
2024-01-18 21:15:59,935 [main] INFO  utils.BackgroundService (BackgroundService.java:shutdown(160)) - Shutting down service KeyDeletingService
2024-01-18 21:15:59,935 [main] INFO  utils.BackgroundService (BackgroundService.java:shutdown(160)) - Shutting down service DirectoryDeletingService
2024-01-18 21:15:59,935 [main] INFO  utils.BackgroundService (BackgroundService.java:shutdown(160)) - Shutting down service OpenKeyCleanupService
2024-01-18 21:15:59,935 [main] INFO  utils.BackgroundService (BackgroundService.java:shutdown(160)) - Shutting down service SstFilteringService
2024-01-18 21:15:59,936 [main] INFO  utils.BackgroundService (BackgroundService.java:shutdown(160)) - Shutting down service SnapshotDeletingService
2024-01-18 21:15:59,936 [main] INFO  utils.BackgroundService (BackgroundService.java:shutdown(160)) - Shutting down service MultipartUploadCleanupService
2024-01-18 21:15:59,936 [main] INFO  utils.BackgroundService (BackgroundService.java:shutdown(160)) - Shutting down service SnapshotDirectoryCleaningService
2024-01-18 21:15:59,937 [main] INFO  handler.ContextHandler (ContextHandler.java:doStop(1159)) - Stopped o.e.j.w.WebAppContext@2835309d{ozoneManager,/,null,STOPPED}{file:/home/runner/work/ozone/ozone/hadoop-ozone/integration-test/target/test-classes/webapps/ozoneManager}
2024-01-18 21:15:59,937 [main] INFO  server.AbstractConnector (AbstractConnector.java:doStop(383)) - Stopped ServerConnector@18313b59{HTTP/1.1, (http/1.1)}{0.0.0.0:15361}
2024-01-18 21:15:59,937 [main] INFO  server.session (HouseKeeper.java:stopScavenging(149)) - node0 Stopped scavenging
2024-01-18 21:15:59,937 [main] INFO  handler.ContextHandler (ContextHandler.java:doStop(1159)) - Stopped o.e.j.s.ServletContextHandler@c7aac9b{static,/static,file:///home/runner/work/ozone/ozone/hadoop-ozone/integration-test/target/test-classes/webapps/static,STOPPED}
2024-01-18 21:15:59,938 [main] INFO  handler.ContextHandler (ContextHandler.java:doStop(1159)) - Stopped o.e.j.s.ServletContextHandler@d3e6b8f{logs,/logs,file:///home/runner/work/ozone/ozone/hadoop-ozone/integration-test/target/log,STOPPED}
2024-01-18 21:15:59,938 [main] INFO  rocksdiff.RocksDBCheckpointDiffer (RocksDBCheckpointDiffer.java:close(310)) - Shutting down CompactionDagPruningService.
2024-01-18 21:15:59,939 [main] INFO  snapshot.SnapshotDiffManager (SnapshotDiffManager.java:closeExecutorService(1688)) - Shutting down executorService: 'SnapDiffExecutor'
2024-01-18 21:15:59,939 [main] INFO  snapshot.SnapshotDiffManager (SnapshotDiffManager.java:closeExecutorService(1688)) - Shutting down executorService: 'SstDumpToolExecutor'
2024-01-18 21:15:59,940 [main] INFO  utils.BackgroundService (BackgroundService.java:shutdown(160)) - Shutting down service SnapshotDiffCleanupService
2024-01-18 21:15:59,940 [main] INFO  ozone.MiniOzoneClusterImpl (MiniOzoneClusterImpl.java:stopDatanodes(535)) - Stopping the HddsDatanodes
2024-01-18 21:15:59,943 [ForkJoinPool.commonPool-worker-5] INFO  ozoneimpl.OzoneContainer (OzoneContainer.java:stop(479)) - Attempting to stop container services.
2024-01-18 21:15:59,943 [main] INFO  ozoneimpl.OzoneContainer (OzoneContainer.java:stop(479)) - Attempting to stop container services.
2024-01-18 21:15:59,943 [ForkJoinPool.commonPool-worker-5] INFO  server.RaftServer (RaftServerProxy.java:lambda$close$9(416)) - 29c9cbb7-9d34-4a8c-85ab-994756aa497f: close
2024-01-18 21:15:59,943 [ForkJoinPool.commonPool-worker-3] INFO  ozoneimpl.OzoneContainer (OzoneContainer.java:stop(479)) - Attempting to stop container services.
2024-01-18 21:15:59,943 [29c9cbb7-9d34-4a8c-85ab-994756aa497f-impl-thread1] INFO  server.RaftServer$Division (RaftServerImpl.java:lambda$close$3(526)) - 29c9cbb7-9d34-4a8c-85ab-994756aa497f@group-C5A60369CE98: shutdown
2024-01-18 21:15:59,943 [29c9cbb7-9d34-4a8c-85ab-994756aa497f-impl-thread1] INFO  util.JmxRegister (JmxRegister.java:unregister(73)) - Successfully un-registered JMX Bean with object name Ratis:service=RaftServer,group=group-C5A60369CE98,id=29c9cbb7-9d34-4a8c-85ab-994756aa497f
2024-01-18 21:15:59,943 [ForkJoinPool.commonPool-worker-3] INFO  server.RaftServer (RaftServerProxy.java:lambda$close$9(416)) - 22869b9b-ca6a-4da8-a132-9d24bcd1149d: close
2024-01-18 21:15:59,943 [main] INFO  server.RaftServer (RaftServerProxy.java:lambda$close$9(416)) - 3df0e54a-fa0a-4d1f-902e-c3368fd6cf67: close
2024-01-18 21:15:59,944 [29c9cbb7-9d34-4a8c-85ab-994756aa497f-impl-thread1] INFO  impl.RoleInfo (RoleInfo.java:shutdownLeaderState(94)) - 29c9cbb7-9d34-4a8c-85ab-994756aa497f: shutdown 29c9cbb7-9d34-4a8c-85ab-994756aa497f@group-C5A60369CE98-LeaderStateImpl
2024-01-18 21:15:59,944 [29c9cbb7-9d34-4a8c-85ab-994756aa497f-impl-thread1] INFO  impl.PendingRequests (PendingRequests.java:sendNotLeaderResponses(289)) - 29c9cbb7-9d34-4a8c-85ab-994756aa497f@group-C5A60369CE98-PendingRequests: sendNotLeaderResponses
2024-01-18 21:15:59,944 [29c9cbb7-9d34-4a8c-85ab-994756aa497f-impl-thread1] INFO  impl.StateMachineUpdater (StateMachineUpdater.java:stopAndJoin(157)) - 29c9cbb7-9d34-4a8c-85ab-994756aa497f@group-C5A60369CE98-StateMachineUpdater: set stopIndex = 0
2024-01-18 21:15:59,944 [29c9cbb7-9d34-4a8c-85ab-994756aa497f@group-C5A60369CE98-StateMachineUpdater] INFO  ratis.ContainerStateMachine (ContainerStateMachine.java:takeSnapshot(355)) - group-C5A60369CE98: Taking a snapshot at:(t:1, i:0) file /home/runner/work/ozone/ozone/hadoop-ozone/integration-test/target/test-dir/MiniOzoneClusterImpl-df9b5de2-b041-43db-b9a6-571161098f76/datanode-7/data/ratis/cccc1c16-182b-4706-bbe8-c5a60369ce98/sm/snapshot.1_0
2024-01-18 21:15:59,944 [main] INFO  server.GrpcService (GrpcService.java:closeImpl(311)) - 3df0e54a-fa0a-4d1f-902e-c3368fd6cf67: shutdown server org.apache.ratis.grpc.server.GrpcClientProtocolService now
2024-01-18 21:15:59,945 [29c9cbb7-9d34-4a8c-85ab-994756aa497f-impl-thread2] INFO  server.RaftServer$Division (RaftServerImpl.java:lambda$close$3(526)) - 29c9cbb7-9d34-4a8c-85ab-994756aa497f@group-7EB0424DEFA0: shutdown
2024-01-18 21:15:59,945 [ForkJoinPool.commonPool-worker-5] INFO  server.GrpcService (GrpcService.java:closeImpl(311)) - 29c9cbb7-9d34-4a8c-85ab-994756aa497f: shutdown server org.apache.ratis.grpc.server.GrpcClientProtocolService now
2024-01-18 21:15:59,945 [22869b9b-ca6a-4da8-a132-9d24bcd1149d-impl-thread1] INFO  server.RaftServer$Division (RaftServerImpl.java:lambda$close$3(526)) - 22869b9b-ca6a-4da8-a132-9d24bcd1149d@group-34C4BB792BBD: shutdown
2024-01-18 21:15:59,944 [3df0e54a-fa0a-4d1f-902e-c3368fd6cf67-impl-thread1] INFO  server.RaftServer$Division (RaftServerImpl.java:lambda$close$3(526)) - 3df0e54a-fa0a-4d1f-902e-c3368fd6cf67@group-DB1FE75741B9: shutdown
2024-01-18 21:15:59,945 [3df0e54a-fa0a-4d1f-902e-c3368fd6cf67-impl-thread1] INFO  util.JmxRegister (JmxRegister.java:unregister(73)) - Successfully un-registered JMX Bean with object name Ratis:service=RaftServer,group=group-DB1FE75741B9,id=3df0e54a-fa0a-4d1f-902e-c3368fd6cf67
2024-01-18 21:15:59,945 [3df0e54a-fa0a-4d1f-902e-c3368fd6cf67-impl-thread1] INFO  impl.RoleInfo (RoleInfo.java:shutdownLeaderState(94)) - 3df0e54a-fa0a-4d1f-902e-c3368fd6cf67: shutdown 3df0e54a-fa0a-4d1f-902e-c3368fd6cf67@group-DB1FE75741B9-LeaderStateImpl
2024-01-18 21:15:59,945 [3df0e54a-fa0a-4d1f-902e-c3368fd6cf67-impl-thread1] INFO  impl.PendingRequests (PendingRequests.java:sendNotLeaderResponses(289)) - 3df0e54a-fa0a-4d1f-902e-c3368fd6cf67@group-DB1FE75741B9-PendingRequests: sendNotLeaderResponses
2024-01-18 21:15:59,945 [3df0e54a-fa0a-4d1f-902e-c3368fd6cf67-impl-thread1] INFO  impl.StateMachineUpdater (StateMachineUpdater.java:stopAndJoin(157)) - 3df0e54a-fa0a-4d1f-902e-c3368fd6cf67@group-DB1FE75741B9-StateMachineUpdater: set stopIndex = 0
2024-01-18 21:15:59,945 [3df0e54a-fa0a-4d1f-902e-c3368fd6cf67@group-DB1FE75741B9-StateMachineUpdater] INFO  ratis.ContainerStateMachine (ContainerStateMachine.java:takeSnapshot(355)) - group-DB1FE75741B9: Taking a snapshot at:(t:1, i:0) file /home/runner/work/ozone/ozone/hadoop-ozone/integration-test/target/test-dir/MiniOzoneClusterImpl-df9b5de2-b041-43db-b9a6-571161098f76/datanode-5/data/ratis/409d3eee-66a4-4b93-8580-db1fe75741b9/sm/snapshot.1_0
2024-01-18 21:15:59,945 [22869b9b-ca6a-4da8-a132-9d24bcd1149d-impl-thread1] INFO  util.JmxRegister (JmxRegister.java:unregister(73)) - Successfully un-registered JMX Bean with object name Ratis:service=RaftServer,group=group-34C4BB792BBD,id=22869b9b-ca6a-4da8-a132-9d24bcd1149d
2024-01-18 21:15:59,946 [22869b9b-ca6a-4da8-a132-9d24bcd1149d-impl-thread1] INFO  impl.RoleInfo (RoleInfo.java:shutdownLeaderState(94)) - 22869b9b-ca6a-4da8-a132-9d24bcd1149d: shutdown 22869b9b-ca6a-4da8-a132-9d24bcd1149d@group-34C4BB792BBD-LeaderStateImpl
2024-01-18 21:15:59,945 [29c9cbb7-9d34-4a8c-85ab-994756aa497f@group-C5A60369CE98-StateMachineUpdater] INFO  ratis.ContainerStateMachine (ContainerStateMachine.java:takeSnapshot(366)) - group-C5A60369CE98: Finished taking a snapshot at:(t:1, i:0) file:/home/runner/work/ozone/ozone/hadoop-ozone/integration-test/target/test-dir/MiniOzoneClusterImpl-df9b5de2-b041-43db-b9a6-571161098f76/datanode-7/data/ratis/cccc1c16-182b-4706-bbe8-c5a60369ce98/sm/snapshot.1_0 took: 1 ms
2024-01-18 21:15:59,945 [29c9cbb7-9d34-4a8c-85ab-994756aa497f-impl-thread2] INFO  util.JmxRegister (JmxRegister.java:unregister(73)) - Successfully un-registered JMX Bean with object name Ratis:service=RaftServer,group=group-7EB0424DEFA0,id=29c9cbb7-9d34-4a8c-85ab-994756aa497f
2024-01-18 21:15:59,946 [22869b9b-ca6a-4da8-a132-9d24bcd1149d-impl-thread1] INFO  impl.PendingRequests (PendingRequests.java:sendNotLeaderResponses(289)) - 22869b9b-ca6a-4da8-a132-9d24bcd1149d@group-34C4BB792BBD-PendingRequests: sendNotLeaderResponses
2024-01-18 21:15:59,946 [29c9cbb7-9d34-4a8c-85ab-994756aa497f@group-C5A60369CE98-StateMachineUpdater] INFO  impl.StateMachineUpdater (StateMachineUpdater.java:takeSnapshot(295)) - 29c9cbb7-9d34-4a8c-85ab-994756aa497f@group-C5A60369CE98-StateMachineUpdater: Took a snapshot at index 0
2024-01-18 21:15:59,946 [29c9cbb7-9d34-4a8c-85ab-994756aa497f@group-C5A60369CE98-StateMachineUpdater] INFO  impl.StateMachineUpdater (StateMachineUpdater.java:lambda$new$0(98)) - 29c9cbb7-9d34-4a8c-85ab-994756aa497f@group-C5A60369CE98-StateMachineUpdater: snapshotIndex: updateIncreasingly -1 -> 0
2024-01-18 21:15:59,946 [22869b9b-ca6a-4da8-a132-9d24bcd1149d@group-34C4BB792BBD-StateMachineUpdater] INFO  ratis.ContainerStateMachine (ContainerStateMachine.java:takeSnapshot(355)) - group-34C4BB792BBD: Taking a snapshot at:(t:1, i:0) file /home/runner/work/ozone/ozone/hadoop-ozone/integration-test/target/test-dir/MiniOzoneClusterImpl-df9b5de2-b041-43db-b9a6-571161098f76/datanode-2/data/ratis/34d4643b-faca-4a96-ae62-34c4bb792bbd/sm/snapshot.1_0
2024-01-18 21:15:59,946 [29c9cbb7-9d34-4a8c-85ab-994756aa497f-impl-thread2] INFO  impl.RoleInfo (RoleInfo.java:shutdownFollowerState(110)) - 29c9cbb7-9d34-4a8c-85ab-994756aa497f: shutdown 29c9cbb7-9d34-4a8c-85ab-994756aa497f@group-7EB0424DEFA0-FollowerState
2024-01-18 21:15:59,946 [29c9cbb7-9d34-4a8c-85ab-994756aa497f-impl-thread1] INFO  server.RaftServer$Division (ServerState.java:close(427)) - 29c9cbb7-9d34-4a8c-85ab-994756aa497f@group-C5A60369CE98: applyIndex: 0
2024-01-18 21:15:59,946 [22869b9b-ca6a-4da8-a132-9d24bcd1149d-impl-thread1] INFO  impl.StateMachineUpdater (StateMachineUpdater.java:stopAndJoin(157)) - 22869b9b-ca6a-4da8-a132-9d24bcd1149d@group-34C4BB792BBD-StateMachineUpdater: set stopIndex = 0
2024-01-18 21:15:59,946 [3df0e54a-fa0a-4d1f-902e-c3368fd6cf67@group-DB1FE75741B9-StateMachineUpdater] INFO  ratis.ContainerStateMachine (ContainerStateMachine.java:takeSnapshot(366)) - group-DB1FE75741B9: Finished taking a snapshot at:(t:1, i:0) file:/home/runner/work/ozone/ozone/hadoop-ozone/integration-test/target/test-dir/MiniOzoneClusterImpl-df9b5de2-b041-43db-b9a6-571161098f76/datanode-5/data/ratis/409d3eee-66a4-4b93-8580-db1fe75741b9/sm/snapshot.1_0 took: 0 ms
2024-01-18 21:15:59,946 [22869b9b-ca6a-4da8-a132-9d24bcd1149d@group-34C4BB792BBD-StateMachineUpdater] INFO  ratis.ContainerStateMachine (ContainerStateMachine.java:takeSnapshot(366)) - group-34C4BB792BBD: Finished taking a snapshot at:(t:1, i:0) file:/home/runner/work/ozone/ozone/hadoop-ozone/integration-test/target/test-dir/MiniOzoneClusterImpl-df9b5de2-b041-43db-b9a6-571161098f76/datanode-2/data/ratis/34d4643b-faca-4a96-ae62-34c4bb792bbd/sm/snapshot.1_0 took: 1 ms
2024-01-18 21:15:59,947 [22869b9b-ca6a-4da8-a132-9d24bcd1149d@group-34C4BB792BBD-StateMachineUpdater] INFO  impl.StateMachineUpdater (StateMachineUpdater.java:takeSnapshot(295)) - 22869b9b-ca6a-4da8-a132-9d24bcd1149d@group-34C4BB792BBD-StateMachineUpdater: Took a snapshot at index 0
2024-01-18 21:15:59,947 [22869b9b-ca6a-4da8-a132-9d24bcd1149d@group-34C4BB792BBD-StateMachineUpdater] INFO  impl.StateMachineUpdater (StateMachineUpdater.java:lambda$new$0(98)) - 22869b9b-ca6a-4da8-a132-9d24bcd1149d@group-34C4BB792BBD-StateMachineUpdater: snapshotIndex: updateIncreasingly -1 -> 0
2024-01-18 21:15:59,947 [22869b9b-ca6a-4da8-a132-9d24bcd1149d-impl-thread1] INFO  server.RaftServer$Division (ServerState.java:close(427)) - 22869b9b-ca6a-4da8-a132-9d24bcd1149d@group-34C4BB792BBD: applyIndex: 0
2024-01-18 21:15:59,946 [3df0e54a-fa0a-4d1f-902e-c3368fd6cf67@group-DB1FE75741B9-StateMachineUpdater] INFO  impl.StateMachineUpdater (StateMachineUpdater.java:takeSnapshot(295)) - 3df0e54a-fa0a-4d1f-902e-c3368fd6cf67@group-DB1FE75741B9-StateMachineUpdater: Took a snapshot at index 0
2024-01-18 21:15:59,947 [3df0e54a-fa0a-4d1f-902e-c3368fd6cf67@group-DB1FE75741B9-StateMachineUpdater] INFO  impl.StateMachineUpdater (StateMachineUpdater.java:lambda$new$0(98)) - 3df0e54a-fa0a-4d1f-902e-c3368fd6cf67@group-DB1FE75741B9-StateMachineUpdater: snapshotIndex: updateIncreasingly -1 -> 0
2024-01-18 21:15:59,947 [3df0e54a-fa0a-4d1f-902e-c3368fd6cf67-impl-thread1] INFO  server.RaftServer$Division (ServerState.java:close(427)) - 3df0e54a-fa0a-4d1f-902e-c3368fd6cf67@group-DB1FE75741B9: applyIndex: 0
2024-01-18 21:15:59,949 [ForkJoinPool.commonPool-worker-3] INFO  server.GrpcService (GrpcService.java:closeImpl(311)) - 22869b9b-ca6a-4da8-a132-9d24bcd1149d: shutdown server org.apache.ratis.grpc.server.GrpcClientProtocolService now
2024-01-18 21:15:59,949 [22869b9b-ca6a-4da8-a132-9d24bcd1149d-impl-thread2] INFO  server.RaftServer$Division (RaftServerImpl.java:lambda$close$3(526)) - 22869b9b-ca6a-4da8-a132-9d24bcd1149d@group-4F9DB852C5E0: shutdown
2024-01-18 21:15:59,949 [3df0e54a-fa0a-4d1f-902e-c3368fd6cf67@group-DB1FE75741B9-cacheEviction-AwaitToRun] INFO  util.AwaitToRun (AwaitToRun.java:run(49)) - 3df0e54a-fa0a-4d1f-902e-c3368fd6cf67@group-DB1FE75741B9-cacheEviction-AwaitToRun-AwaitForSignal is interrupted
2024-01-18 21:15:59,949 [22869b9b-ca6a-4da8-a132-9d24bcd1149d@group-34C4BB792BBD-cacheEviction-AwaitToRun] INFO  util.AwaitToRun (AwaitToRun.java:run(49)) - 22869b9b-ca6a-4da8-a132-9d24bcd1149d@group-34C4BB792BBD-cacheEviction-AwaitToRun-AwaitForSignal is interrupted
2024-01-18 21:15:59,949 [22869b9b-ca6a-4da8-a132-9d24bcd1149d-impl-thread2] INFO  util.JmxRegister (JmxRegister.java:unregister(73)) - Successfully un-registered JMX Bean with object name Ratis:service=RaftServer,group=group-4F9DB852C5E0,id=22869b9b-ca6a-4da8-a132-9d24bcd1149d
2024-01-18 21:15:59,950 [22869b9b-ca6a-4da8-a132-9d24bcd1149d-impl-thread2] INFO  impl.RoleInfo (RoleInfo.java:shutdownFollowerState(110)) - 22869b9b-ca6a-4da8-a132-9d24bcd1149d: shutdown 22869b9b-ca6a-4da8-a132-9d24bcd1149d@group-4F9DB852C5E0-FollowerState
2024-01-18 21:15:59,950 [22869b9b-ca6a-4da8-a132-9d24bcd1149d@group-4F9DB852C5E0-FollowerState] INFO  impl.FollowerState (FollowerState.java:run(152)) - 22869b9b-ca6a-4da8-a132-9d24bcd1149d@group-4F9DB852C5E0-FollowerState was interrupted
2024-01-18 21:15:59,950 [29c9cbb7-9d34-4a8c-85ab-994756aa497f@group-C5A60369CE98-cacheEviction-AwaitToRun] INFO  util.AwaitToRun (AwaitToRun.java:run(49)) - 29c9cbb7-9d34-4a8c-85ab-994756aa497f@group-C5A60369CE98-cacheEviction-AwaitToRun-AwaitForSignal is interrupted
2024-01-18 21:15:59,950 [29c9cbb7-9d34-4a8c-85ab-994756aa497f@group-7EB0424DEFA0-FollowerState] INFO  impl.FollowerState (FollowerState.java:run(152)) - 29c9cbb7-9d34-4a8c-85ab-994756aa497f@group-7EB0424DEFA0-FollowerState was interrupted
2024-01-18 21:15:59,950 [29c9cbb7-9d34-4a8c-85ab-994756aa497f@group-7EB0424DEFA0-StateMachineUpdater] INFO  ratis.ContainerStateMachine (ContainerStateMachine.java:takeSnapshot(355)) - group-7EB0424DEFA0: Taking a snapshot at:(t:1, i:0) file /home/runner/work/ozone/ozone/hadoop-ozone/integration-test/target/test-dir/MiniOzoneClusterImpl-df9b5de2-b041-43db-b9a6-571161098f76/datanode-7/data/ratis/7efbc0bc-7d7d-4e10-b6d8-7eb0424defa0/sm/snapshot.1_0
2024-01-18 21:15:59,950 [ForkJoinPool.commonPool-worker-4] INFO  ozoneimpl.OzoneContainer (OzoneContainer.java:stop(479)) - Attempting to stop container services.
2024-01-18 21:15:59,950 [22869b9b-ca6a-4da8-a132-9d24bcd1149d@group-4F9DB852C5E0-StateMachineUpdater] INFO  ratis.ContainerStateMachine (ContainerStateMachine.java:takeSnapshot(355)) - group-4F9DB852C5E0: Taking a snapshot at:(t:1, i:0) file /home/runner/work/ozone/ozone/hadoop-ozone/integration-test/target/test-dir/MiniOzoneClusterImpl-df9b5de2-b041-43db-b9a6-571161098f76/datanode-2/data/ratis/a405df4a-93dc-40ab-baa5-4f9db852c5e0/sm/snapshot.1_0
2024-01-18 21:15:59,952 [22869b9b-ca6a-4da8-a132-9d24bcd1149d-impl-thread2] INFO  impl.StateMachineUpdater (StateMachineUpdater.java:stopAndJoin(157)) - 22869b9b-ca6a-4da8-a132-9d24bcd1149d@group-4F9DB852C5E0-StateMachineUpdater: set stopIndex = 0
2024-01-18 21:15:59,952 [29c9cbb7-9d34-4a8c-85ab-994756aa497f@group-7EB0424DEFA0-StateMachineUpdater] INFO  ratis.ContainerStateMachine (ContainerStateMachine.java:takeSnapshot(366)) - group-7EB0424DEFA0: Finished taking a snapshot at:(t:1, i:0) file:/home/runner/work/ozone/ozone/hadoop-ozone/integration-test/target/test-dir/MiniOzoneClusterImpl-df9b5de2-b041-43db-b9a6-571161098f76/datanode-7/data/ratis/7efbc0bc-7d7d-4e10-b6d8-7eb0424defa0/sm/snapshot.1_0 took: 2 ms
2024-01-18 21:15:59,952 [Thread-5809] INFO  server.GrpcServerProtocolClient (GrpcServerProtocolClient.java:close(103)) - 7adc501f-70c9-4652-b7fc-e7afe3d76740 Close channels
2024-01-18 21:15:59,953 [22869b9b-ca6a-4da8-a132-9d24bcd1149d@group-4F9DB852C5E0-StateMachineUpdater] INFO  ratis.ContainerStateMachine (ContainerStateMachine.java:takeSnapshot(366)) - group-4F9DB852C5E0: Finished taking a snapshot at:(t:1, i:0) file:/home/runner/work/ozone/ozone/hadoop-ozone/integration-test/target/test-dir/MiniOzoneClusterImpl-df9b5de2-b041-43db-b9a6-571161098f76/datanode-2/data/ratis/a405df4a-93dc-40ab-baa5-4f9db852c5e0/sm/snapshot.1_0 took: 3 ms
2024-01-18 21:15:59,952 [Thread-5810] INFO  server.GrpcServerProtocolClient (GrpcServerProtocolClient.java:close(103)) - 2f0c8443-6075-4928-968f-8dc1a7be92bb Close channels
2024-01-18 21:15:59,952 [ForkJoinPool.commonPool-worker-4] INFO  server.RaftServer (RaftServerProxy.java:lambda$close$9(416)) - 06a116e4-916e-4670-b681-a534e52e7a54: close
2024-01-18 21:15:59,950 [29c9cbb7-9d34-4a8c-85ab-994756aa497f-impl-thread2] INFO  impl.StateMachineUpdater (StateMachineUpdater.java:stopAndJoin(157)) - 29c9cbb7-9d34-4a8c-85ab-994756aa497f@group-7EB0424DEFA0-StateMachineUpdater: set stopIndex = 0
2024-01-18 21:15:59,953 [22869b9b-ca6a-4da8-a132-9d24bcd1149d@group-4F9DB852C5E0-StateMachineUpdater] INFO  impl.StateMachineUpdater (StateMachineUpdater.java:takeSnapshot(295)) - 22869b9b-ca6a-4da8-a132-9d24bcd1149d@group-4F9DB852C5E0-StateMachineUpdater: Took a snapshot at index 0
2024-01-18 21:15:59,953 [22869b9b-ca6a-4da8-a132-9d24bcd1149d@group-4F9DB852C5E0-StateMachineUpdater] INFO  impl.StateMachineUpdater (StateMachineUpdater.java:lambda$new$0(98)) - 22869b9b-ca6a-4da8-a132-9d24bcd1149d@group-4F9DB852C5E0-StateMachineUpdater: snapshotIndex: updateIncreasingly -1 -> 0
2024-01-18 21:15:59,953 [29c9cbb7-9d34-4a8c-85ab-994756aa497f@group-7EB0424DEFA0-StateMachineUpdater] INFO  impl.StateMachineUpdater (StateMachineUpdater.java:takeSnapshot(295)) - 29c9cbb7-9d34-4a8c-85ab-994756aa497f@group-7EB0424DEFA0-StateMachineUpdater: Took a snapshot at index 0
2024-01-18 21:15:59,953 [06a116e4-916e-4670-b681-a534e52e7a54-impl-thread1] INFO  server.RaftServer$Division (RaftServerImpl.java:lambda$close$3(526)) - 06a116e4-916e-4670-b681-a534e52e7a54@group-4F9DB852C5E0: shutdown
2024-01-18 21:15:59,953 [ForkJoinPool.commonPool-worker-3] INFO  server.GrpcService (GrpcService.java:closeImpl(320)) - 22869b9b-ca6a-4da8-a132-9d24bcd1149d: shutdown server org.apache.ratis.grpc.server.GrpcClientProtocolService successfully
2024-01-18 21:15:59,953 [ForkJoinPool.commonPool-worker-5] INFO  server.GrpcService (GrpcService.java:closeImpl(320)) - 29c9cbb7-9d34-4a8c-85ab-994756aa497f: shutdown server org.apache.ratis.grpc.server.GrpcClientProtocolService successfully
2024-01-18 21:15:59,955 [ForkJoinPool.commonPool-worker-5] INFO  server.GrpcService (GrpcService.java:closeImpl(311)) - 29c9cbb7-9d34-4a8c-85ab-994756aa497f: shutdown server GrpcServerProtocolService now
2024-01-18 21:15:59,955 [06a116e4-916e-4670-b681-a534e52e7a54-impl-thread2] INFO  server.RaftServer$Division (RaftServerImpl.java:lambda$close$3(526)) - 06a116e4-916e-4670-b681-a534e52e7a54@group-5518BA46772C: shutdown
2024-01-18 21:15:59,955 [ForkJoinPool.commonPool-worker-4] INFO  server.GrpcService (GrpcService.java:closeImpl(311)) - 06a116e4-916e-4670-b681-a534e52e7a54: shutdown server org.apache.ratis.grpc.server.GrpcClientProtocolService now
2024-01-18 21:15:59,955 [main] INFO  server.GrpcService (GrpcService.java:closeImpl(320)) - 3df0e54a-fa0a-4d1f-902e-c3368fd6cf67: shutdown server org.apache.ratis.grpc.server.GrpcClientProtocolService successfully
2024-01-18 21:15:59,956 [main] INFO  server.GrpcService (GrpcService.java:closeImpl(311)) - 3df0e54a-fa0a-4d1f-902e-c3368fd6cf67: shutdown server GrpcServerProtocolService now
2024-01-18 21:15:59,956 [ForkJoinPool.commonPool-worker-6] INFO  ozoneimpl.OzoneContainer (OzoneContainer.java:stop(479)) - Attempting to stop container services.
2024-01-18 21:15:59,954 [ForkJoinPool.commonPool-worker-3] INFO  server.GrpcService (GrpcService.java:closeImpl(311)) - 22869b9b-ca6a-4da8-a132-9d24bcd1149d: shutdown server GrpcServerProtocolService now
2024-01-18 21:15:59,953 [06a116e4-916e-4670-b681-a534e52e7a54-impl-thread1] INFO  util.JmxRegister (JmxRegister.java:unregister(73)) - Successfully un-registered JMX Bean with object name Ratis:service=RaftServer,group=group-4F9DB852C5E0,id=06a116e4-916e-4670-b681-a534e52e7a54
2024-01-18 21:15:59,953 [29c9cbb7-9d34-4a8c-85ab-994756aa497f@group-7EB0424DEFA0-StateMachineUpdater] INFO  impl.StateMachineUpdater (StateMachineUpdater.java:lambda$new$0(98)) - 29c9cbb7-9d34-4a8c-85ab-994756aa497f@group-7EB0424DEFA0-StateMachineUpdater: snapshotIndex: updateIncreasingly -1 -> 0
2024-01-18 21:15:59,953 [22869b9b-ca6a-4da8-a132-9d24bcd1149d-impl-thread2] INFO  server.RaftServer$Division (ServerState.java:close(427)) - 22869b9b-ca6a-4da8-a132-9d24bcd1149d@group-4F9DB852C5E0: applyIndex: 0
2024-01-18 21:15:59,956 [06a116e4-916e-4670-b681-a534e52e7a54-impl-thread1] INFO  impl.RoleInfo (RoleInfo.java:shutdownLeaderState(94)) - 06a116e4-916e-4670-b681-a534e52e7a54: shutdown 06a116e4-916e-4670-b681-a534e52e7a54@group-4F9DB852C5E0-LeaderStateImpl
2024-01-18 21:15:59,957 [06a116e4-916e-4670-b681-a534e52e7a54-impl-thread1] INFO  impl.PendingRequests (PendingRequests.java:sendNotLeaderResponses(289)) - 06a116e4-916e-4670-b681-a534e52e7a54@group-4F9DB852C5E0-PendingRequests: sendNotLeaderResponses
2024-01-18 21:15:59,957 [29c9cbb7-9d34-4a8c-85ab-994756aa497f-impl-thread2] INFO  server.RaftServer$Division (ServerState.java:close(427)) - 29c9cbb7-9d34-4a8c-85ab-994756aa497f@group-7EB0424DEFA0: applyIndex: 0
2024-01-18 21:15:59,957 [06a116e4-916e-4670-b681-a534e52e7a54@group-4F9DB852C5E0->50b158ec-4e8f-4837-b5f0-9c37661490ab-GrpcLogAppender-LogAppenderDaemon] WARN  server.GrpcLogAppender (GrpcLogAppender.java:mayWait(289)) - 06a116e4-916e-4670-b681-a534e52e7a54@group-4F9DB852C5E0->50b158ec-4e8f-4837-b5f0-9c37661490ab-GrpcLogAppender: Wait interrupted by java.lang.InterruptedException
2024-01-18 21:15:59,956 [06a116e4-916e-4670-b681-a534e52e7a54-impl-thread2] INFO  util.JmxRegister (JmxRegister.java:unregister(73)) - Successfully un-registered JMX Bean with object name Ratis:service=RaftServer,group=group-5518BA46772C,id=06a116e4-916e-4670-b681-a534e52e7a54
2024-01-18 21:15:59,957 [06a116e4-916e-4670-b681-a534e52e7a54-impl-thread2] INFO  impl.RoleInfo (RoleInfo.java:shutdownLeaderState(94)) - 06a116e4-916e-4670-b681-a534e52e7a54: shutdown 06a116e4-916e-4670-b681-a534e52e7a54@group-5518BA46772C-LeaderStateImpl
2024-01-18 21:15:59,957 [06a116e4-916e-4670-b681-a534e52e7a54@group-4F9DB852C5E0->22869b9b-ca6a-4da8-a132-9d24bcd1149d-GrpcLogAppender-LogAppenderDaemon] WARN  server.GrpcLogAppender (GrpcLogAppender.java:mayWait(289)) - 06a116e4-916e-4670-b681-a534e52e7a54@group-4F9DB852C5E0->22869b9b-ca6a-4da8-a132-9d24bcd1149d-GrpcLogAppender: Wait interrupted by java.lang.InterruptedException
2024-01-18 21:15:59,957 [06a116e4-916e-4670-b681-a534e52e7a54-impl-thread2] INFO  impl.PendingRequests (PendingRequests.java:sendNotLeaderResponses(289)) - 06a116e4-916e-4670-b681-a534e52e7a54@group-5518BA46772C-PendingRequests: sendNotLeaderResponses
2024-01-18 21:15:59,957 [grpc-default-executor-0] INFO  server.GrpcServerProtocolService (GrpcServerProtocolService.java:onCompleted(157)) - 50b158ec-4e8f-4837-b5f0-9c37661490ab: Completed APPEND_ENTRIES, lastRequest: null
2024-01-18 21:15:59,958 [06a116e4-916e-4670-b681-a534e52e7a54-impl-thread1] INFO  impl.StateMachineUpdater (StateMachineUpdater.java:stopAndJoin(157)) - 06a116e4-916e-4670-b681-a534e52e7a54@group-4F9DB852C5E0-StateMachineUpdater: set stopIndex = 0
2024-01-18 21:15:59,958 [06a116e4-916e-4670-b681-a534e52e7a54@group-4F9DB852C5E0-StateMachineUpdater] INFO  ratis.ContainerStateMachine (ContainerStateMachine.java:takeSnapshot(355)) - group-4F9DB852C5E0: Taking a snapshot at:(t:1, i:0) file /home/runner/work/ozone/ozone/hadoop-ozone/integration-test/target/test-dir/MiniOzoneClusterImpl-df9b5de2-b041-43db-b9a6-571161098f76/datanode-1/data/ratis/a405df4a-93dc-40ab-baa5-4f9db852c5e0/sm/snapshot.1_0
2024-01-18 21:15:59,958 [grpc-default-executor-0] INFO  server.GrpcServerProtocolService (GrpcServerProtocolService.java:lambda$onCompleted$5(159)) - 50b158ec-4e8f-4837-b5f0-9c37661490ab: Completed APPEND_ENTRIES, lastReply: serverReply {
  requestorId: "06a116e4-916e-4670-b681-a534e52e7a54"
  replyId: "50b158ec-4e8f-4837-b5f0-9c37661490ab"
  raftGroupId {
    id: "\244\005\337J\223\334@\253\272\245O\235\270R\305\340"
  }
  callId: 14
  success: true
}
term: 1
nextIndex: 1
matchIndex: 18446744073709551615
isHearbeat: true

2024-01-18 21:15:59,958 [grpc-default-executor-6] INFO  server.GrpcServerProtocolService (GrpcServerProtocolService.java:onCompleted(157)) - 22869b9b-ca6a-4da8-a132-9d24bcd1149d: Completed APPEND_ENTRIES, lastRequest: null
2024-01-18 21:15:59,958 [grpc-default-executor-6] INFO  server.GrpcServerProtocolService (GrpcServerProtocolService.java:lambda$onCompleted$5(159)) - 22869b9b-ca6a-4da8-a132-9d24bcd1149d: Completed APPEND_ENTRIES, lastReply: serverReply {
  requestorId: "06a116e4-916e-4670-b681-a534e52e7a54"
  replyId: "22869b9b-ca6a-4da8-a132-9d24bcd1149d"
  raftGroupId {
    id: "\244\005\337J\223\334@\253\272\245O\235\270R\305\340"
  }
  callId: 16
  success: true
}
term: 1
nextIndex: 1
matchIndex: 18446744073709551615
isHearbeat: true

2024-01-18 21:15:59,958 [06a116e4-916e-4670-b681-a534e52e7a54@group-4F9DB852C5E0-StateMachineUpdater] INFO  ratis.ContainerStateMachine (ContainerStateMachine.java:takeSnapshot(366)) - group-4F9DB852C5E0: Finished taking a snapshot at:(t:1, i:0) file:/home/runner/work/ozone/ozone/hadoop-ozone/integration-test/target/test-dir/MiniOzoneClusterImpl-df9b5de2-b041-43db-b9a6-571161098f76/datanode-1/data/ratis/a405df4a-93dc-40ab-baa5-4f9db852c5e0/sm/snapshot.1_0 took: 0 ms
2024-01-18 21:15:59,958 [06a116e4-916e-4670-b681-a534e52e7a54@group-4F9DB852C5E0-StateMachineUpdater] INFO  impl.StateMachineUpdater (StateMachineUpdater.java:takeSnapshot(295)) - 06a116e4-916e-4670-b681-a534e52e7a54@group-4F9DB852C5E0-StateMachineUpdater: Took a snapshot at index 0
2024-01-18 21:15:59,958 [06a116e4-916e-4670-b681-a534e52e7a54@group-4F9DB852C5E0-StateMachineUpdater] INFO  impl.StateMachineUpdater (StateMachineUpdater.java:lambda$new$0(98)) - 06a116e4-916e-4670-b681-a534e52e7a54@group-4F9DB852C5E0-StateMachineUpdater: snapshotIndex: updateIncreasingly -1 -> 0
2024-01-18 21:15:59,958 [grpc-default-executor-1] INFO  server.GrpcLogAppender (GrpcLogAppender.java:onCompleted(546)) - 06a116e4-916e-4670-b681-a534e52e7a54@group-4F9DB852C5E0->22869b9b-ca6a-4da8-a132-9d24bcd1149d-AppendLogResponseHandler: follower responses appendEntries COMPLETED
2024-01-18 21:15:59,959 [06a116e4-916e-4670-b681-a534e52e7a54-impl-thread1] INFO  server.RaftServer$Division (ServerState.java:close(427)) - 06a116e4-916e-4670-b681-a534e52e7a54@group-4F9DB852C5E0: applyIndex: 0
2024-01-18 21:15:59,959 [06a116e4-916e-4670-b681-a534e52e7a54@group-4F9DB852C5E0-cacheEviction-AwaitToRun] INFO  util.AwaitToRun (AwaitToRun.java:run(49)) - 06a116e4-916e-4670-b681-a534e52e7a54@group-4F9DB852C5E0-cacheEviction-AwaitToRun-AwaitForSignal is interrupted
2024-01-18 21:15:59,959 [grpc-default-executor-6] INFO  server.GrpcLogAppender (GrpcLogAppender.java:onCompleted(546)) - 06a116e4-916e-4670-b681-a534e52e7a54@group-4F9DB852C5E0->50b158ec-4e8f-4837-b5f0-9c37661490ab-AppendLogResponseHandler: follower responses appendEntries COMPLETED
2024-01-18 21:15:59,959 [grpc-default-executor-0] INFO  server.GrpcServerProtocolService (GrpcServerProtocolService.java:onCompleted(157)) - 22869b9b-ca6a-4da8-a132-9d24bcd1149d: Completed APPEND_ENTRIES, lastRequest: 06a116e4-916e-4670-b681-a534e52e7a54->22869b9b-ca6a-4da8-a132-9d24bcd1149d#1-t1,previous=(t:0, i:0),leaderCommit=-1,initializing? false,entries: size=1, first=(t:1, i:0), CONFIGURATIONENTRY(current:id: "50b158ec-4e8f-4837-b5f0-9c37661490ab"
address: "10.1.0.44:15370"
dataStreamAddress: "10.1.0.44:15371"
clientAddress: "10.1.0.44:15368"
adminAddress: "10.1.0.44:15369"
startupRole: FOLLOWER
,id: "22869b9b-ca6a-4da8-a132-9d24bcd1149d"
address: "10.1.0.44:15388"
dataStreamAddress: "10.1.0.44:15389"
clientAddress: "10.1.0.44:15386"
adminAddress: "10.1.0.44:15387"
startupRole: FOLLOWER
,id: "06a116e4-916e-4670-b681-a534e52e7a54"
address: "10.1.0.44:15379"
priority: 1
dataStreamAddress: "10.1.0.44:15380"
clientAddress: "10.1.0.44:15377"
adminAddress: "10.1.0.44:15378"
startupRole: FOLLOWER
, old:)
2024-01-18 21:15:59,959 [grpc-default-executor-0] INFO  server.GrpcServerProtocolService (GrpcServerProtocolService.java:lambda$onCompleted$5(159)) - 22869b9b-ca6a-4da8-a132-9d24bcd1149d: Completed APPEND_ENTRIES, lastReply: null
2024-01-18 21:15:59,959 [grpc-default-executor-6] INFO  server.GrpcLogAppender (GrpcLogAppender.java:onCompleted(546)) - 06a116e4-916e-4670-b681-a534e52e7a54@group-4F9DB852C5E0->22869b9b-ca6a-4da8-a132-9d24bcd1149d-AppendLogResponseHandler: follower responses appendEntries COMPLETED
2024-01-18 21:15:59,959 [29c9cbb7-9d34-4a8c-85ab-994756aa497f@group-7EB0424DEFA0-cacheEviction-AwaitToRun] INFO  util.AwaitToRun (AwaitToRun.java:run(49)) - 29c9cbb7-9d34-4a8c-85ab-994756aa497f@group-7EB0424DEFA0-cacheEviction-AwaitToRun-AwaitForSignal is interrupted
2024-01-18 21:15:59,960 [06a116e4-916e-4670-b681-a534e52e7a54@group-5518BA46772C-StateMachineUpdater] INFO  ratis.ContainerStateMachine (ContainerStateMachine.java:takeSnapshot(355)) - group-5518BA46772C: Taking a snapshot at:(t:1, i:0) file /home/runner/work/ozone/ozone/hadoop-ozone/integration-test/target/test-dir/MiniOzoneClusterImpl-df9b5de2-b041-43db-b9a6-571161098f76/datanode-1/data/ratis/34c6850d-8916-4e8a-b03c-5518ba46772c/sm/snapshot.1_0
2024-01-18 21:15:59,960 [06a116e4-916e-4670-b681-a534e52e7a54-impl-thread2] INFO  impl.StateMachineUpdater (StateMachineUpdater.java:stopAndJoin(157)) - 06a116e4-916e-4670-b681-a534e52e7a54@group-5518BA46772C-StateMachineUpdater: set stopIndex = 0
2024-01-18 21:15:59,960 [06a116e4-916e-4670-b681-a534e52e7a54@group-5518BA46772C-StateMachineUpdater] INFO  ratis.ContainerStateMachine (ContainerStateMachine.java:takeSnapshot(366)) - group-5518BA46772C: Finished taking a snapshot at:(t:1, i:0) file:/home/runner/work/ozone/ozone/hadoop-ozone/integration-test/target/test-dir/MiniOzoneClusterImpl-df9b5de2-b041-43db-b9a6-571161098f76/datanode-1/data/ratis/34c6850d-8916-4e8a-b03c-5518ba46772c/sm/snapshot.1_0 took: 0 ms
2024-01-18 21:15:59,960 [06a116e4-916e-4670-b681-a534e52e7a54@group-5518BA46772C-StateMachineUpdater] INFO  impl.StateMachineUpdater (StateMachineUpdater.java:takeSnapshot(295)) - 06a116e4-916e-4670-b681-a534e52e7a54@group-5518BA46772C-StateMachineUpdater: Took a snapshot at index 0
2024-01-18 21:15:59,960 [06a116e4-916e-4670-b681-a534e52e7a54@group-5518BA46772C-StateMachineUpdater] INFO  impl.StateMachineUpdater (StateMachineUpdater.java:lambda$new$0(98)) - 06a116e4-916e-4670-b681-a534e52e7a54@group-5518BA46772C-StateMachineUpdater: snapshotIndex: updateIncreasingly -1 -> 0
2024-01-18 21:15:59,960 [06a116e4-916e-4670-b681-a534e52e7a54-impl-thread2] INFO  server.RaftServer$Division (ServerState.java:close(427)) - 06a116e4-916e-4670-b681-a534e52e7a54@group-5518BA46772C: applyIndex: 0
2024-01-18 21:15:59,961 [grpc-default-executor-0] WARN  server.GrpcServerProtocolService (LogUtils.java:warn(121)) - 29c9cbb7-9d34-4a8c-85ab-994756aa497f: APPEND_ENTRIES onError, lastRequest: 09e80bb5-5452-43c5-b0d6-1fc2b272d72e->29c9cbb7-9d34-4a8c-85ab-994756aa497f#1-t1,previous=(t:0, i:0),leaderCommit=-1,initializing? false,entries: size=1, first=(t:1, i:0), CONFIGURATIONENTRY(current:id: "29c9cbb7-9d34-4a8c-85ab-994756aa497f"
address: "10.1.0.44:15433"
dataStreamAddress: "10.1.0.44:15434"
clientAddress: "10.1.0.44:15431"
adminAddress: "10.1.0.44:15432"
startupRole: FOLLOWER
,id: "09e80bb5-5452-43c5-b0d6-1fc2b272d72e"
address: "10.1.0.44:15442"
priority: 1
dataStreamAddress: "10.1.0.44:15443"
clientAddress: "10.1.0.44:15440"
adminAddress: "10.1.0.44:15441"
startupRole: FOLLOWER
,id: "acbd5797-4277-4d01-af47-c19d7e55cc48"
address: "10.1.0.44:15424"
dataStreamAddress: "10.1.0.44:15425"
clientAddress: "10.1.0.44:15422"
adminAddress: "10.1.0.44:15423"
startupRole: FOLLOWER
, old:): org.apache.ratis.thirdparty.io.grpc.StatusRuntimeException: CANCELLED: client cancelled
2024-01-18 21:15:59,959 [22869b9b-ca6a-4da8-a132-9d24bcd1149d@group-4F9DB852C5E0-cacheEviction-AwaitToRun] INFO  util.AwaitToRun (AwaitToRun.java:run(49)) - 22869b9b-ca6a-4da8-a132-9d24bcd1149d@group-4F9DB852C5E0-cacheEviction-AwaitToRun-AwaitForSignal is interrupted
2024-01-18 21:15:59,964 [Thread-5819] INFO  server.GrpcServerProtocolClient (GrpcServerProtocolClient.java:close(103)) - 50b158ec-4e8f-4837-b5f0-9c37661490ab Close channels
2024-01-18 21:15:59,964 [ForkJoinPool.commonPool-worker-6] INFO  server.RaftServer (RaftServerProxy.java:lambda$close$9(416)) - 50b158ec-4e8f-4837-b5f0-9c37661490ab: close
2024-01-18 21:15:59,965 [50b158ec-4e8f-4837-b5f0-9c37661490ab-impl-thread1] INFO  server.RaftServer$Division (RaftServerImpl.java:lambda$close$3(526)) - 50b158ec-4e8f-4837-b5f0-9c37661490ab@group-61856EC72D63: shutdown
2024-01-18 21:15:59,965 [grpc-default-executor-5] INFO  server.GrpcServerProtocolService (GrpcServerProtocolService.java:onCompleted(157)) - 50b158ec-4e8f-4837-b5f0-9c37661490ab: Completed APPEND_ENTRIES, lastRequest: 06a116e4-916e-4670-b681-a534e52e7a54->50b158ec-4e8f-4837-b5f0-9c37661490ab#1-t1,previous=(t:0, i:0),leaderCommit=-1,initializing? false,entries: size=1, first=(t:1, i:0), CONFIGURATIONENTRY(current:id: "50b158ec-4e8f-4837-b5f0-9c37661490ab"
address: "10.1.0.44:15370"
dataStreamAddress: "10.1.0.44:15371"
clientAddress: "10.1.0.44:15368"
adminAddress: "10.1.0.44:15369"
startupRole: FOLLOWER
,id: "22869b9b-ca6a-4da8-a132-9d24bcd1149d"
address: "10.1.0.44:15388"
dataStreamAddress: "10.1.0.44:15389"
clientAddress: "10.1.0.44:15386"
adminAddress: "10.1.0.44:15387"
startupRole: FOLLOWER
,id: "06a116e4-916e-4670-b681-a534e52e7a54"
address: "10.1.0.44:15379"
priority: 1
dataStreamAddress: "10.1.0.44:15380"
clientAddress: "10.1.0.44:15377"
adminAddress: "10.1.0.44:15378"
startupRole: FOLLOWER
, old:)
2024-01-18 21:15:59,974 [grpc-default-executor-5] INFO  server.GrpcServerProtocolService (GrpcServerProtocolService.java:lambda$onCompleted$5(159)) - 50b158ec-4e8f-4837-b5f0-9c37661490ab: Completed APPEND_ENTRIES, lastReply: null
2024-01-18 21:15:59,974 [grpc-default-executor-6] WARN  server.GrpcLogAppender (GrpcLogAppender.java:lambda$resetClient$1(217)) - 09e80bb5-5452-43c5-b0d6-1fc2b272d72e@group-7EB0424DEFA0->29c9cbb7-9d34-4a8c-85ab-994756aa497f-GrpcLogAppender: Follower failed (request=null, errorCount=1); keep nextIndex (1) unchanged and retry.
2024-01-18 21:15:59,974 [50b158ec-4e8f-4837-b5f0-9c37661490ab-impl-thread2] INFO  server.RaftServer$Division (RaftServerImpl.java:lambda$close$3(526)) - 50b158ec-4e8f-4837-b5f0-9c37661490ab@group-4F9DB852C5E0: shutdown
2024-01-18 21:15:59,974 [grpc-default-executor-5] INFO  server.GrpcLogAppender (GrpcLogAppender.java:onCompleted(546)) - 06a116e4-916e-4670-b681-a534e52e7a54@group-4F9DB852C5E0->50b158ec-4e8f-4837-b5f0-9c37661490ab-AppendLogResponseHandler: follower responses appendEntries COMPLETED
2024-01-18 21:15:59,967 [ForkJoinPool.commonPool-worker-3] INFO  server.GrpcService (GrpcService.java:closeImpl(320)) - 22869b9b-ca6a-4da8-a132-9d24bcd1149d: shutdown server GrpcServerProtocolService successfully
2024-01-18 21:15:59,974 [ForkJoinPool.commonPool-worker-3] INFO  server.GrpcService (GrpcService.java:closeImpl(311)) - 22869b9b-ca6a-4da8-a132-9d24bcd1149d: shutdown server org.apache.ratis.grpc.server.GrpcAdminProtocolService now
2024-01-18 21:15:59,967 [main] INFO  server.GrpcService (GrpcService.java:closeImpl(320)) - 3df0e54a-fa0a-4d1f-902e-c3368fd6cf67: shutdown server GrpcServerProtocolService successfully
2024-01-18 21:15:59,975 [main] INFO  server.GrpcService (GrpcService.java:closeImpl(311)) - 3df0e54a-fa0a-4d1f-902e-c3368fd6cf67: shutdown server org.apache.ratis.grpc.server.GrpcAdminProtocolService now
2024-01-18 21:15:59,966 [06a116e4-916e-4670-b681-a534e52e7a54@group-5518BA46772C-cacheEviction-AwaitToRun] INFO  util.AwaitToRun (AwaitToRun.java:run(49)) - 06a116e4-916e-4670-b681-a534e52e7a54@group-5518BA46772C-cacheEviction-AwaitToRun-AwaitForSignal is interrupted
2024-01-18 21:15:59,966 [grpc-default-executor-4] WARN  server.GrpcServerProtocolService (LogUtils.java:warn(121)) - 29c9cbb7-9d34-4a8c-85ab-994756aa497f: APPEND_ENTRIES onError, lastRequest: null: org.apache.ratis.thirdparty.io.grpc.StatusRuntimeException: CANCELLED: client cancelled
2024-01-18 21:15:59,966 [grpc-default-executor-1] WARN  server.GrpcLogAppender (LogUtils.java:warn(121)) - 09e80bb5-5452-43c5-b0d6-1fc2b272d72e@group-7EB0424DEFA0->29c9cbb7-9d34-4a8c-85ab-994756aa497f-AppendLogResponseHandler: Failed appendEntries: org.apache.ratis.thirdparty.io.grpc.StatusRuntimeException: CANCELLED: RST_STREAM closed stream. HTTP/2 error code: CANCEL
2024-01-18 21:15:59,965 [50b158ec-4e8f-4837-b5f0-9c37661490ab-impl-thread1] INFO  util.JmxRegister (JmxRegister.java:unregister(73)) - Successfully un-registered JMX Bean with object name Ratis:service=RaftServer,group=group-61856EC72D63,id=50b158ec-4e8f-4837-b5f0-9c37661490ab
2024-01-18 21:15:59,975 [50b158ec-4e8f-4837-b5f0-9c37661490ab-impl-thread1] INFO  impl.RoleInfo (RoleInfo.java:shutdownLeaderState(94)) - 50b158ec-4e8f-4837-b5f0-9c37661490ab: shutdown 50b158ec-4e8f-4837-b5f0-9c37661490ab@group-61856EC72D63-LeaderStateImpl
2024-01-18 21:15:59,974 [grpc-default-executor-5] WARN  server.GrpcLogAppender (GrpcLogAppender.java:resetClient(226)) - 06a116e4-916e-4670-b681-a534e52e7a54@group-4F9DB852C5E0->50b158ec-4e8f-4837-b5f0-9c37661490ab-GrpcLogAppender: Failed to getClient for 50b158ec-4e8f-4837-b5f0-9c37661490ab
org.apache.ratis.protocol.exceptions.AlreadyClosedException: 06a116e4-916e-4670-b681-a534e52e7a54 is already CLOSED
	at org.apache.ratis.util.PeerProxyMap$PeerAndProxy.getProxy(PeerProxyMap.java:65)
	at org.apache.ratis.util.PeerProxyMap.getProxy(PeerProxyMap.java:114)
	at org.apache.ratis.grpc.server.GrpcLogAppender.getClient(GrpcLogAppender.java:196)
	at org.apache.ratis.grpc.server.GrpcLogAppender.resetClient(GrpcLogAppender.java:201)
	at org.apache.ratis.grpc.server.GrpcLogAppender.access$800(GrpcLogAppender.java:62)
	at org.apache.ratis.grpc.server.GrpcLogAppender$AppendLogResponseHandler.onCompleted(GrpcLogAppender.java:547)
	at org.apache.ratis.thirdparty.io.grpc.stub.ClientCalls$StreamObserverToCallListenerAdapter.onClose(ClientCalls.java:479)
	at org.apache.ratis.thirdparty.io.grpc.internal.ClientCallImpl.closeObserver(ClientCallImpl.java:567)
	at org.apache.ratis.thirdparty.io.grpc.internal.ClientCallImpl.access$300(ClientCallImpl.java:71)
	at org.apache.ratis.thirdparty.io.grpc.internal.ClientCallImpl$ClientStreamListenerImpl$1StreamClosed.runInternal(ClientCallImpl.java:735)
	at org.apache.ratis.thirdparty.io.grpc.internal.ClientCallImpl$ClientStreamListenerImpl$1StreamClosed.runInContext(ClientCallImpl.java:716)
	at org.apache.ratis.thirdparty.io.grpc.internal.ContextRunnable.run(ContextRunnable.java:37)
	at org.apache.ratis.thirdparty.io.grpc.internal.SerializingExecutor.run(SerializingExecutor.java:133)
	at java.util.concurrent.ThreadPoolExecutor.runWorker(ThreadPoolExecutor.java:1149)
	at java.util.concurrent.ThreadPoolExecutor$Worker.run(ThreadPoolExecutor.java:624)
	at java.lang.Thread.run(Thread.java:750)
2024-01-18 21:15:59,974 [50b158ec-4e8f-4837-b5f0-9c37661490ab-impl-thread2] INFO  util.JmxRegister (JmxRegister.java:unregister(73)) - Successfully un-registered JMX Bean with object name Ratis:service=RaftServer,group=group-4F9DB852C5E0,id=50b158ec-4e8f-4837-b5f0-9c37661490ab
2024-01-18 21:15:59,975 [50b158ec-4e8f-4837-b5f0-9c37661490ab-impl-thread2] INFO  impl.RoleInfo (RoleInfo.java:shutdownFollowerState(110)) - 50b158ec-4e8f-4837-b5f0-9c37661490ab: shutdown 50b158ec-4e8f-4837-b5f0-9c37661490ab@group-4F9DB852C5E0-FollowerState
2024-01-18 21:15:59,974 [Thread-5822] INFO  server.GrpcServerProtocolClient (GrpcServerProtocolClient.java:close(103)) - 22869b9b-ca6a-4da8-a132-9d24bcd1149d Close channels
2024-01-18 21:15:59,974 [ForkJoinPool.commonPool-worker-6] INFO  server.GrpcService (GrpcService.java:closeImpl(311)) - 50b158ec-4e8f-4837-b5f0-9c37661490ab: shutdown server org.apache.ratis.grpc.server.GrpcClientProtocolService now
2024-01-18 21:15:59,975 [50b158ec-4e8f-4837-b5f0-9c37661490ab-impl-thread1] INFO  impl.PendingRequests (PendingRequests.java:sendNotLeaderResponses(289)) - 50b158ec-4e8f-4837-b5f0-9c37661490ab@group-61856EC72D63-PendingRequests: sendNotLeaderResponses
2024-01-18 21:15:59,976 [50b158ec-4e8f-4837-b5f0-9c37661490ab-impl-thread1] INFO  impl.StateMachineUpdater (StateMachineUpdater.java:stopAndJoin(157)) - 50b158ec-4e8f-4837-b5f0-9c37661490ab@group-61856EC72D63-StateMachineUpdater: set stopIndex = 0
2024-01-18 21:15:59,976 [50b158ec-4e8f-4837-b5f0-9c37661490ab@group-61856EC72D63-StateMachineUpdater] INFO  ratis.ContainerStateMachine (ContainerStateMachine.java:takeSnapshot(355)) - group-61856EC72D63: Taking a snapshot at:(t:1, i:0) file /home/runner/work/ozone/ozone/hadoop-ozone/integration-test/target/test-dir/MiniOzoneClusterImpl-df9b5de2-b041-43db-b9a6-571161098f76/datanode-0/data/ratis/dcbf677e-87ee-47bb-9125-61856ec72d63/sm/snapshot.1_0
2024-01-18 21:15:59,976 [50b158ec-4e8f-4837-b5f0-9c37661490ab-impl-thread2] INFO  impl.StateMachineUpdater (StateMachineUpdater.java:stopAndJoin(157)) - 50b158ec-4e8f-4837-b5f0-9c37661490ab@group-4F9DB852C5E0-StateMachineUpdater: set stopIndex = 0
2024-01-18 21:15:59,976 [50b158ec-4e8f-4837-b5f0-9c37661490ab@group-4F9DB852C5E0-StateMachineUpdater] INFO  ratis.ContainerStateMachine (ContainerStateMachine.java:takeSnapshot(355)) - group-4F9DB852C5E0: Taking a snapshot at:(t:1, i:0) file /home/runner/work/ozone/ozone/hadoop-ozone/integration-test/target/test-dir/MiniOzoneClusterImpl-df9b5de2-b041-43db-b9a6-571161098f76/datanode-0/data/ratis/a405df4a-93dc-40ab-baa5-4f9db852c5e0/sm/snapshot.1_0
2024-01-18 21:15:59,976 [50b158ec-4e8f-4837-b5f0-9c37661490ab@group-4F9DB852C5E0-FollowerState] INFO  impl.FollowerState (FollowerState.java:run(152)) - 50b158ec-4e8f-4837-b5f0-9c37661490ab@group-4F9DB852C5E0-FollowerState was interrupted
2024-01-18 21:15:59,976 [50b158ec-4e8f-4837-b5f0-9c37661490ab@group-61856EC72D63-StateMachineUpdater] INFO  ratis.ContainerStateMachine (ContainerStateMachine.java:takeSnapshot(366)) - group-61856EC72D63: Finished taking a snapshot at:(t:1, i:0) file:/home/runner/work/ozone/ozone/hadoop-ozone/integration-test/target/test-dir/MiniOzoneClusterImpl-df9b5de2-b041-43db-b9a6-571161098f76/datanode-0/data/ratis/dcbf677e-87ee-47bb-9125-61856ec72d63/sm/snapshot.1_0 took: 1 ms
2024-01-18 21:15:59,977 [50b158ec-4e8f-4837-b5f0-9c37661490ab@group-61856EC72D63-StateMachineUpdater] INFO  impl.StateMachineUpdater (StateMachineUpdater.java:takeSnapshot(295)) - 50b158ec-4e8f-4837-b5f0-9c37661490ab@group-61856EC72D63-StateMachineUpdater: Took a snapshot at index 0
2024-01-18 21:15:59,977 [50b158ec-4e8f-4837-b5f0-9c37661490ab@group-61856EC72D63-StateMachineUpdater] INFO  impl.StateMachineUpdater (StateMachineUpdater.java:lambda$new$0(98)) - 50b158ec-4e8f-4837-b5f0-9c37661490ab@group-61856EC72D63-StateMachineUpdater: snapshotIndex: updateIncreasingly -1 -> 0
2024-01-18 21:15:59,977 [50b158ec-4e8f-4837-b5f0-9c37661490ab@group-4F9DB852C5E0-StateMachineUpdater] INFO  ratis.ContainerStateMachine (ContainerStateMachine.java:takeSnapshot(366)) - group-4F9DB852C5E0: Finished taking a snapshot at:(t:1, i:0) file:/home/runner/work/ozone/ozone/hadoop-ozone/integration-test/target/test-dir/MiniOzoneClusterImpl-df9b5de2-b041-43db-b9a6-571161098f76/datanode-0/data/ratis/a405df4a-93dc-40ab-baa5-4f9db852c5e0/sm/snapshot.1_0 took: 1 ms
2024-01-18 21:15:59,977 [50b158ec-4e8f-4837-b5f0-9c37661490ab-impl-thread1] INFO  server.RaftServer$Division (ServerState.java:close(427)) - 50b158ec-4e8f-4837-b5f0-9c37661490ab@group-61856EC72D63: applyIndex: 0
2024-01-18 21:15:59,977 [50b158ec-4e8f-4837-b5f0-9c37661490ab@group-4F9DB852C5E0-StateMachineUpdater] INFO  impl.StateMachineUpdater (StateMachineUpdater.java:takeSnapshot(295)) - 50b158ec-4e8f-4837-b5f0-9c37661490ab@group-4F9DB852C5E0-StateMachineUpdater: Took a snapshot at index 0
2024-01-18 21:15:59,979 [50b158ec-4e8f-4837-b5f0-9c37661490ab@group-4F9DB852C5E0-StateMachineUpdater] INFO  impl.StateMachineUpdater (StateMachineUpdater.java:lambda$new$0(98)) - 50b158ec-4e8f-4837-b5f0-9c37661490ab@group-4F9DB852C5E0-StateMachineUpdater: snapshotIndex: updateIncreasingly -1 -> 0
2024-01-18 21:15:59,980 [50b158ec-4e8f-4837-b5f0-9c37661490ab-impl-thread2] INFO  server.RaftServer$Division (ServerState.java:close(427)) - 50b158ec-4e8f-4837-b5f0-9c37661490ab@group-4F9DB852C5E0: applyIndex: 0
2024-01-18 21:15:59,980 [50b158ec-4e8f-4837-b5f0-9c37661490ab@group-4F9DB852C5E0-cacheEviction-AwaitToRun] INFO  util.AwaitToRun (AwaitToRun.java:run(49)) - 50b158ec-4e8f-4837-b5f0-9c37661490ab@group-4F9DB852C5E0-cacheEviction-AwaitToRun-AwaitForSignal is interrupted
2024-01-18 21:15:59,981 [ForkJoinPool.commonPool-worker-3] INFO  server.GrpcService (GrpcService.java:closeImpl(320)) - 22869b9b-ca6a-4da8-a132-9d24bcd1149d: shutdown server org.apache.ratis.grpc.server.GrpcAdminProtocolService successfully
2024-01-18 21:15:59,984 [ForkJoinPool.commonPool-worker-5] INFO  server.GrpcService (GrpcService.java:closeImpl(320)) - 29c9cbb7-9d34-4a8c-85ab-994756aa497f: shutdown server GrpcServerProtocolService successfully
2024-01-18 21:15:59,988 [50b158ec-4e8f-4837-b5f0-9c37661490ab@group-61856EC72D63-cacheEviction-AwaitToRun] INFO  util.AwaitToRun (AwaitToRun.java:run(49)) - 50b158ec-4e8f-4837-b5f0-9c37661490ab@group-61856EC72D63-cacheEviction-AwaitToRun-AwaitForSignal is interrupted
2024-01-18 21:15:59,987 [main] INFO  server.GrpcService (GrpcService.java:closeImpl(320)) - 3df0e54a-fa0a-4d1f-902e-c3368fd6cf67: shutdown server org.apache.ratis.grpc.server.GrpcAdminProtocolService successfully
2024-01-18 21:15:59,985 [ForkJoinPool.commonPool-worker-4] INFO  server.GrpcService (GrpcService.java:closeImpl(320)) - 06a116e4-916e-4670-b681-a534e52e7a54: shutdown server org.apache.ratis.grpc.server.GrpcClientProtocolService successfully
2024-01-18 21:15:59,994 [ForkJoinPool.commonPool-worker-4] INFO  server.GrpcService (GrpcService.java:closeImpl(311)) - 06a116e4-916e-4670-b681-a534e52e7a54: shutdown server GrpcServerProtocolService now
2024-01-18 21:15:59,994 [Thread-5847] INFO  server.GrpcServerProtocolClient (GrpcServerProtocolClient.java:close(103)) - 22869b9b-ca6a-4da8-a132-9d24bcd1149d Close channels
2024-01-18 21:15:59,994 [Thread-5849] INFO  server.GrpcServerProtocolClient (GrpcServerProtocolClient.java:close(103)) - 06a116e4-916e-4670-b681-a534e52e7a54 Close channels
2024-01-18 21:15:59,992 [ForkJoinPool.commonPool-worker-5] INFO  server.GrpcService (GrpcService.java:closeImpl(311)) - 29c9cbb7-9d34-4a8c-85ab-994756aa497f: shutdown server org.apache.ratis.grpc.server.GrpcAdminProtocolService now
2024-01-18 21:15:59,996 [ForkJoinPool.commonPool-worker-4] INFO  server.GrpcService (GrpcService.java:closeImpl(320)) - 06a116e4-916e-4670-b681-a534e52e7a54: shutdown server GrpcServerProtocolService successfully
2024-01-18 21:15:59,996 [ForkJoinPool.commonPool-worker-4] INFO  server.GrpcService (GrpcService.java:closeImpl(311)) - 06a116e4-916e-4670-b681-a534e52e7a54: shutdown server org.apache.ratis.grpc.server.GrpcAdminProtocolService now
2024-01-18 21:16:00,000 [ForkJoinPool.commonPool-worker-6] INFO  server.GrpcService (GrpcService.java:closeImpl(320)) - 50b158ec-4e8f-4837-b5f0-9c37661490ab: shutdown server org.apache.ratis.grpc.server.GrpcClientProtocolService successfully
2024-01-18 21:16:00,000 [ForkJoinPool.commonPool-worker-6] INFO  server.GrpcService (GrpcService.java:closeImpl(311)) - 50b158ec-4e8f-4837-b5f0-9c37661490ab: shutdown server GrpcServerProtocolService now
2024-01-18 21:16:00,001 [ForkJoinPool.commonPool-worker-5] INFO  server.GrpcService (GrpcService.java:closeImpl(320)) - 29c9cbb7-9d34-4a8c-85ab-994756aa497f: shutdown server org.apache.ratis.grpc.server.GrpcAdminProtocolService successfully
2024-01-18 21:16:00,007 [ForkJoinPool.commonPool-worker-4] INFO  server.GrpcService (GrpcService.java:closeImpl(320)) - 06a116e4-916e-4670-b681-a534e52e7a54: shutdown server org.apache.ratis.grpc.server.GrpcAdminProtocolService successfully
2024-01-18 21:16:00,008 [22869b9b-ca6a-4da8-a132-9d24bcd1149d-NettyServerStreamRpc-bossGroup--thread1] INFO  logging.LoggingHandler (AbstractInternalLogger.java:log(148)) - [id: 0x7542dda7, L:/0.0.0.0:15389] CLOSE
2024-01-18 21:16:00,008 [22869b9b-ca6a-4da8-a132-9d24bcd1149d-NettyServerStreamRpc-bossGroup--thread1] INFO  logging.LoggingHandler (AbstractInternalLogger.java:log(148)) - [id: 0x7542dda7, L:/0.0.0.0:15389] INACTIVE
2024-01-18 21:16:00,008 [22869b9b-ca6a-4da8-a132-9d24bcd1149d-NettyServerStreamRpc-bossGroup--thread1] INFO  logging.LoggingHandler (AbstractInternalLogger.java:log(148)) - [id: 0x7542dda7, L:/0.0.0.0:15389] UNREGISTERED
2024-01-18 21:16:00,010 [ForkJoinPool.commonPool-worker-6] INFO  server.GrpcService (GrpcService.java:closeImpl(320)) - 50b158ec-4e8f-4837-b5f0-9c37661490ab: shutdown server GrpcServerProtocolService successfully
2024-01-18 21:16:00,010 [ForkJoinPool.commonPool-worker-6] INFO  server.GrpcService (GrpcService.java:closeImpl(311)) - 50b158ec-4e8f-4837-b5f0-9c37661490ab: shutdown server org.apache.ratis.grpc.server.GrpcAdminProtocolService now
2024-01-18 21:16:00,012 [ForkJoinPool.commonPool-worker-6] INFO  server.GrpcService (GrpcService.java:closeImpl(320)) - 50b158ec-4e8f-4837-b5f0-9c37661490ab: shutdown server org.apache.ratis.grpc.server.GrpcAdminProtocolService successfully
2024-01-18 21:16:00,014 [3df0e54a-fa0a-4d1f-902e-c3368fd6cf67-NettyServerStreamRpc-bossGroup--thread1] INFO  logging.LoggingHandler (AbstractInternalLogger.java:log(148)) - [id: 0x073209a4, L:/0.0.0.0:15416] CLOSE
2024-01-18 21:16:00,014 [3df0e54a-fa0a-4d1f-902e-c3368fd6cf67-NettyServerStreamRpc-bossGroup--thread1] INFO  logging.LoggingHandler (AbstractInternalLogger.java:log(148)) - [id: 0x073209a4, L:/0.0.0.0:15416] INACTIVE
2024-01-18 21:16:00,014 [3df0e54a-fa0a-4d1f-902e-c3368fd6cf67-NettyServerStreamRpc-bossGroup--thread1] INFO  logging.LoggingHandler (AbstractInternalLogger.java:log(148)) - [id: 0x073209a4, L:/0.0.0.0:15416] UNREGISTERED
2024-01-18 21:16:00,014 [29c9cbb7-9d34-4a8c-85ab-994756aa497f-NettyServerStreamRpc-bossGroup--thread1] INFO  logging.LoggingHandler (AbstractInternalLogger.java:log(148)) - [id: 0xc4931c62, L:/0.0.0.0:15434] CLOSE
2024-01-18 21:16:00,014 [29c9cbb7-9d34-4a8c-85ab-994756aa497f-NettyServerStreamRpc-bossGroup--thread1] INFO  logging.LoggingHandler (AbstractInternalLogger.java:log(148)) - [id: 0xc4931c62, L:/0.0.0.0:15434] INACTIVE
2024-01-18 21:16:00,015 [29c9cbb7-9d34-4a8c-85ab-994756aa497f-NettyServerStreamRpc-bossGroup--thread1] INFO  logging.LoggingHandler (AbstractInternalLogger.java:log(148)) - [id: 0xc4931c62, L:/0.0.0.0:15434] UNREGISTERED
2024-01-18 21:16:00,016 [50b158ec-4e8f-4837-b5f0-9c37661490ab-NettyServerStreamRpc-bossGroup--thread1] INFO  logging.LoggingHandler (AbstractInternalLogger.java:log(148)) - [id: 0x6f2a6177, L:/0.0.0.0:15371] CLOSE
2024-01-18 21:16:00,016 [50b158ec-4e8f-4837-b5f0-9c37661490ab-NettyServerStreamRpc-bossGroup--thread1] INFO  logging.LoggingHandler (AbstractInternalLogger.java:log(148)) - [id: 0x6f2a6177, L:/0.0.0.0:15371] INACTIVE
2024-01-18 21:16:00,016 [50b158ec-4e8f-4837-b5f0-9c37661490ab-NettyServerStreamRpc-bossGroup--thread1] INFO  logging.LoggingHandler (AbstractInternalLogger.java:log(148)) - [id: 0x6f2a6177, L:/0.0.0.0:15371] UNREGISTERED
2024-01-18 21:16:00,018 [06a116e4-916e-4670-b681-a534e52e7a54-NettyServerStreamRpc-bossGroup--thread1] INFO  logging.LoggingHandler (AbstractInternalLogger.java:log(148)) - [id: 0xcfe64749, L:/0.0.0.0:15380] CLOSE
2024-01-18 21:16:00,018 [ForkJoinPool.commonPool-worker-0] INFO  ozoneimpl.OzoneContainer (OzoneContainer.java:stop(479)) - Attempting to stop container services.
2024-01-18 21:16:00,018 [06a116e4-916e-4670-b681-a534e52e7a54-NettyServerStreamRpc-bossGroup--thread1] INFO  logging.LoggingHandler (AbstractInternalLogger.java:log(148)) - [id: 0xcfe64749, L:/0.0.0.0:15380] INACTIVE
2024-01-18 21:16:00,018 [06a116e4-916e-4670-b681-a534e52e7a54-NettyServerStreamRpc-bossGroup--thread1] INFO  logging.LoggingHandler (AbstractInternalLogger.java:log(148)) - [id: 0xcfe64749, L:/0.0.0.0:15380] UNREGISTERED
2024-01-18 21:16:00,018 [ForkJoinPool.commonPool-worker-0] INFO  server.RaftServer (RaftServerProxy.java:lambda$close$9(416)) - 09e80bb5-5452-43c5-b0d6-1fc2b272d72e: close
2024-01-18 21:16:00,020 [ForkJoinPool.commonPool-worker-7] INFO  ozoneimpl.OzoneContainer (OzoneContainer.java:stop(479)) - Attempting to stop container services.
2024-01-18 21:16:00,020 [ForkJoinPool.commonPool-worker-7] INFO  server.RaftServer (RaftServerProxy.java:lambda$close$9(416)) - acbd5797-4277-4d01-af47-c19d7e55cc48: close
2024-01-18 21:16:00,020 [acbd5797-4277-4d01-af47-c19d7e55cc48-impl-thread1] INFO  server.RaftServer$Division (RaftServerImpl.java:lambda$close$3(526)) - acbd5797-4277-4d01-af47-c19d7e55cc48@group-C88C60B2CA57: shutdown
2024-01-18 21:16:00,021 [acbd5797-4277-4d01-af47-c19d7e55cc48-impl-thread1] INFO  util.JmxRegister (JmxRegister.java:unregister(73)) - Successfully un-registered JMX Bean with object name Ratis:service=RaftServer,group=group-C88C60B2CA57,id=acbd5797-4277-4d01-af47-c19d7e55cc48
2024-01-18 21:16:00,021 [acbd5797-4277-4d01-af47-c19d7e55cc48-impl-thread1] INFO  impl.RoleInfo (RoleInfo.java:shutdownLeaderState(94)) - acbd5797-4277-4d01-af47-c19d7e55cc48: shutdown acbd5797-4277-4d01-af47-c19d7e55cc48@group-C88C60B2CA57-LeaderStateImpl
2024-01-18 21:16:00,021 [ForkJoinPool.commonPool-worker-7] INFO  server.GrpcService (GrpcService.java:closeImpl(311)) - acbd5797-4277-4d01-af47-c19d7e55cc48: shutdown server org.apache.ratis.grpc.server.GrpcClientProtocolService now
2024-01-18 21:16:00,021 [09e80bb5-5452-43c5-b0d6-1fc2b272d72e-impl-thread1] INFO  server.RaftServer$Division (RaftServerImpl.java:lambda$close$3(526)) - 09e80bb5-5452-43c5-b0d6-1fc2b272d72e@group-DD65E0FB03EA: shutdown
2024-01-18 21:16:00,021 [acbd5797-4277-4d01-af47-c19d7e55cc48-impl-thread1] INFO  impl.PendingRequests (PendingRequests.java:sendNotLeaderResponses(289)) - acbd5797-4277-4d01-af47-c19d7e55cc48@group-C88C60B2CA57-PendingRequests: sendNotLeaderResponses
2024-01-18 21:16:00,021 [acbd5797-4277-4d01-af47-c19d7e55cc48-impl-thread2] INFO  server.RaftServer$Division (RaftServerImpl.java:lambda$close$3(526)) - acbd5797-4277-4d01-af47-c19d7e55cc48@group-7EB0424DEFA0: shutdown
2024-01-18 21:16:00,021 [acbd5797-4277-4d01-af47-c19d7e55cc48-impl-thread2] INFO  util.JmxRegister (JmxRegister.java:unregister(73)) - Successfully un-registered JMX Bean with object name Ratis:service=RaftServer,group=group-7EB0424DEFA0,id=acbd5797-4277-4d01-af47-c19d7e55cc48
2024-01-18 21:16:00,021 [acbd5797-4277-4d01-af47-c19d7e55cc48-impl-thread1] INFO  impl.StateMachineUpdater (StateMachineUpdater.java:stopAndJoin(157)) - acbd5797-4277-4d01-af47-c19d7e55cc48@group-C88C60B2CA57-StateMachineUpdater: set stopIndex = 0
2024-01-18 21:16:00,021 [acbd5797-4277-4d01-af47-c19d7e55cc48@group-C88C60B2CA57-StateMachineUpdater] INFO  ratis.ContainerStateMachine (ContainerStateMachine.java:takeSnapshot(355)) - group-C88C60B2CA57: Taking a snapshot at:(t:1, i:0) file /home/runner/work/ozone/ozone/hadoop-ozone/integration-test/target/test-dir/MiniOzoneClusterImpl-df9b5de2-b041-43db-b9a6-571161098f76/datanode-6/data/ratis/2144a7db-f977-4ec3-8e2d-c88c60b2ca57/sm/snapshot.1_0
2024-01-18 21:16:00,021 [09e80bb5-5452-43c5-b0d6-1fc2b272d72e-impl-thread1] INFO  util.JmxRegister (JmxRegister.java:unregister(73)) - Successfully un-registered JMX Bean with object name Ratis:service=RaftServer,group=group-DD65E0FB03EA,id=09e80bb5-5452-43c5-b0d6-1fc2b272d72e
2024-01-18 21:16:00,022 [09e80bb5-5452-43c5-b0d6-1fc2b272d72e-impl-thread1] INFO  impl.RoleInfo (RoleInfo.java:shutdownLeaderState(94)) - 09e80bb5-5452-43c5-b0d6-1fc2b272d72e: shutdown 09e80bb5-5452-43c5-b0d6-1fc2b272d72e@group-DD65E0FB03EA-LeaderStateImpl
2024-01-18 21:16:00,021 [acbd5797-4277-4d01-af47-c19d7e55cc48-impl-thread2] INFO  impl.RoleInfo (RoleInfo.java:shutdownFollowerState(110)) - acbd5797-4277-4d01-af47-c19d7e55cc48: shutdown acbd5797-4277-4d01-af47-c19d7e55cc48@group-7EB0424DEFA0-FollowerState
2024-01-18 21:16:00,022 [09e80bb5-5452-43c5-b0d6-1fc2b272d72e-impl-thread1] INFO  impl.PendingRequests (PendingRequests.java:sendNotLeaderResponses(289)) - 09e80bb5-5452-43c5-b0d6-1fc2b272d72e@group-DD65E0FB03EA-PendingRequests: sendNotLeaderResponses
2024-01-18 21:16:00,022 [acbd5797-4277-4d01-af47-c19d7e55cc48@group-C88C60B2CA57-StateMachineUpdater] INFO  ratis.ContainerStateMachine (ContainerStateMachine.java:takeSnapshot(366)) - group-C88C60B2CA57: Finished taking a snapshot at:(t:1, i:0) file:/home/runner/work/ozone/ozone/hadoop-ozone/integration-test/target/test-dir/MiniOzoneClusterImpl-df9b5de2-b041-43db-b9a6-571161098f76/datanode-6/data/ratis/2144a7db-f977-4ec3-8e2d-c88c60b2ca57/sm/snapshot.1_0 took: 0 ms
2024-01-18 21:16:00,022 [09e80bb5-5452-43c5-b0d6-1fc2b272d72e-impl-thread1] INFO  impl.StateMachineUpdater (StateMachineUpdater.java:stopAndJoin(157)) - 09e80bb5-5452-43c5-b0d6-1fc2b272d72e@group-DD65E0FB03EA-StateMachineUpdater: set stopIndex = 0
2024-01-18 21:16:00,022 [09e80bb5-5452-43c5-b0d6-1fc2b272d72e@group-DD65E0FB03EA-StateMachineUpdater] INFO  ratis.ContainerStateMachine (ContainerStateMachine.java:takeSnapshot(355)) - group-DD65E0FB03EA: Taking a snapshot at:(t:1, i:0) file /home/runner/work/ozone/ozone/hadoop-ozone/integration-test/target/test-dir/MiniOzoneClusterImpl-df9b5de2-b041-43db-b9a6-571161098f76/datanode-8/data/ratis/7ee7a075-f0fb-478f-a7d5-dd65e0fb03ea/sm/snapshot.1_0
2024-01-18 21:16:00,022 [acbd5797-4277-4d01-af47-c19d7e55cc48@group-C88C60B2CA57-StateMachineUpdater] INFO  impl.StateMachineUpdater (StateMachineUpdater.java:takeSnapshot(295)) - acbd5797-4277-4d01-af47-c19d7e55cc48@group-C88C60B2CA57-StateMachineUpdater: Took a snapshot at index 0
2024-01-18 21:16:00,022 [acbd5797-4277-4d01-af47-c19d7e55cc48@group-C88C60B2CA57-StateMachineUpdater] INFO  impl.StateMachineUpdater (StateMachineUpdater.java:lambda$new$0(98)) - acbd5797-4277-4d01-af47-c19d7e55cc48@group-C88C60B2CA57-StateMachineUpdater: snapshotIndex: updateIncreasingly -1 -> 0
2024-01-18 21:16:00,022 [acbd5797-4277-4d01-af47-c19d7e55cc48-impl-thread1] INFO  server.RaftServer$Division (ServerState.java:close(427)) - acbd5797-4277-4d01-af47-c19d7e55cc48@group-C88C60B2CA57: applyIndex: 0
2024-01-18 21:16:00,022 [09e80bb5-5452-43c5-b0d6-1fc2b272d72e@group-DD65E0FB03EA-StateMachineUpdater] INFO  ratis.ContainerStateMachine (ContainerStateMachine.java:takeSnapshot(366)) - group-DD65E0FB03EA: Finished taking a snapshot at:(t:1, i:0) file:/home/runner/work/ozone/ozone/hadoop-ozone/integration-test/target/test-dir/MiniOzoneClusterImpl-df9b5de2-b041-43db-b9a6-571161098f76/datanode-8/data/ratis/7ee7a075-f0fb-478f-a7d5-dd65e0fb03ea/sm/snapshot.1_0 took: 1 ms
2024-01-18 21:16:00,023 [09e80bb5-5452-43c5-b0d6-1fc2b272d72e@group-DD65E0FB03EA-StateMachineUpdater] INFO  impl.StateMachineUpdater (StateMachineUpdater.java:takeSnapshot(295)) - 09e80bb5-5452-43c5-b0d6-1fc2b272d72e@group-DD65E0FB03EA-StateMachineUpdater: Took a snapshot at index 0
2024-01-18 21:16:00,023 [09e80bb5-5452-43c5-b0d6-1fc2b272d72e@group-DD65E0FB03EA-StateMachineUpdater] INFO  impl.StateMachineUpdater (StateMachineUpdater.java:lambda$new$0(98)) - 09e80bb5-5452-43c5-b0d6-1fc2b272d72e@group-DD65E0FB03EA-StateMachineUpdater: snapshotIndex: updateIncreasingly -1 -> 0
2024-01-18 21:16:00,023 [09e80bb5-5452-43c5-b0d6-1fc2b272d72e-impl-thread1] INFO  server.RaftServer$Division (ServerState.java:close(427)) - 09e80bb5-5452-43c5-b0d6-1fc2b272d72e@group-DD65E0FB03EA: applyIndex: 0
2024-01-18 21:16:00,023 [ForkJoinPool.commonPool-worker-0] INFO  server.GrpcService (GrpcService.java:closeImpl(311)) - 09e80bb5-5452-43c5-b0d6-1fc2b272d72e: shutdown server org.apache.ratis.grpc.server.GrpcClientProtocolService now
2024-01-18 21:16:00,023 [09e80bb5-5452-43c5-b0d6-1fc2b272d72e@group-DD65E0FB03EA-cacheEviction-AwaitToRun] INFO  util.AwaitToRun (AwaitToRun.java:run(49)) - 09e80bb5-5452-43c5-b0d6-1fc2b272d72e@group-DD65E0FB03EA-cacheEviction-AwaitToRun-AwaitForSignal is interrupted
2024-01-18 21:16:00,023 [09e80bb5-5452-43c5-b0d6-1fc2b272d72e-impl-thread2] INFO  server.RaftServer$Division (RaftServerImpl.java:lambda$close$3(526)) - 09e80bb5-5452-43c5-b0d6-1fc2b272d72e@group-7EB0424DEFA0: shutdown
2024-01-18 21:16:00,024 [09e80bb5-5452-43c5-b0d6-1fc2b272d72e-impl-thread2] INFO  util.JmxRegister (JmxRegister.java:unregister(73)) - Successfully un-registered JMX Bean with object name Ratis:service=RaftServer,group=group-7EB0424DEFA0,id=09e80bb5-5452-43c5-b0d6-1fc2b272d72e
2024-01-18 21:16:00,024 [09e80bb5-5452-43c5-b0d6-1fc2b272d72e-impl-thread2] INFO  impl.RoleInfo (RoleInfo.java:shutdownLeaderState(94)) - 09e80bb5-5452-43c5-b0d6-1fc2b272d72e: shutdown 09e80bb5-5452-43c5-b0d6-1fc2b272d72e@group-7EB0424DEFA0-LeaderStateImpl
2024-01-18 21:16:00,025 [acbd5797-4277-4d01-af47-c19d7e55cc48@group-C88C60B2CA57-cacheEviction-AwaitToRun] INFO  util.AwaitToRun (AwaitToRun.java:run(49)) - acbd5797-4277-4d01-af47-c19d7e55cc48@group-C88C60B2CA57-cacheEviction-AwaitToRun-AwaitForSignal is interrupted
2024-01-18 21:16:00,025 [acbd5797-4277-4d01-af47-c19d7e55cc48@group-7EB0424DEFA0-FollowerState] INFO  impl.FollowerState (FollowerState.java:run(152)) - acbd5797-4277-4d01-af47-c19d7e55cc48@group-7EB0424DEFA0-FollowerState was interrupted
2024-01-18 21:16:00,025 [acbd5797-4277-4d01-af47-c19d7e55cc48@group-7EB0424DEFA0-StateMachineUpdater] INFO  ratis.ContainerStateMachine (ContainerStateMachine.java:takeSnapshot(355)) - group-7EB0424DEFA0: Taking a snapshot at:(t:1, i:0) file /home/runner/work/ozone/ozone/hadoop-ozone/integration-test/target/test-dir/MiniOzoneClusterImpl-df9b5de2-b041-43db-b9a6-571161098f76/datanode-6/data/ratis/7efbc0bc-7d7d-4e10-b6d8-7eb0424defa0/sm/snapshot.1_0
2024-01-18 21:16:00,025 [acbd5797-4277-4d01-af47-c19d7e55cc48-impl-thread2] INFO  impl.StateMachineUpdater (StateMachineUpdater.java:stopAndJoin(157)) - acbd5797-4277-4d01-af47-c19d7e55cc48@group-7EB0424DEFA0-StateMachineUpdater: set stopIndex = 0
2024-01-18 21:16:00,025 [acbd5797-4277-4d01-af47-c19d7e55cc48@group-7EB0424DEFA0-StateMachineUpdater] INFO  ratis.ContainerStateMachine (ContainerStateMachine.java:takeSnapshot(366)) - group-7EB0424DEFA0: Finished taking a snapshot at:(t:1, i:0) file:/home/runner/work/ozone/ozone/hadoop-ozone/integration-test/target/test-dir/MiniOzoneClusterImpl-df9b5de2-b041-43db-b9a6-571161098f76/datanode-6/data/ratis/7efbc0bc-7d7d-4e10-b6d8-7eb0424defa0/sm/snapshot.1_0 took: 0 ms
2024-01-18 21:16:00,025 [acbd5797-4277-4d01-af47-c19d7e55cc48@group-7EB0424DEFA0-StateMachineUpdater] INFO  impl.StateMachineUpdater (StateMachineUpdater.java:takeSnapshot(295)) - acbd5797-4277-4d01-af47-c19d7e55cc48@group-7EB0424DEFA0-StateMachineUpdater: Took a snapshot at index 0
2024-01-18 21:16:00,025 [acbd5797-4277-4d01-af47-c19d7e55cc48@group-7EB0424DEFA0-StateMachineUpdater] INFO  impl.StateMachineUpdater (StateMachineUpdater.java:lambda$new$0(98)) - acbd5797-4277-4d01-af47-c19d7e55cc48@group-7EB0424DEFA0-StateMachineUpdater: snapshotIndex: updateIncreasingly -1 -> 0
2024-01-18 21:16:00,025 [acbd5797-4277-4d01-af47-c19d7e55cc48-impl-thread2] INFO  server.RaftServer$Division (ServerState.java:close(427)) - acbd5797-4277-4d01-af47-c19d7e55cc48@group-7EB0424DEFA0: applyIndex: 0
2024-01-18 21:16:00,025 [acbd5797-4277-4d01-af47-c19d7e55cc48@group-7EB0424DEFA0-cacheEviction-AwaitToRun] INFO  util.AwaitToRun (AwaitToRun.java:run(49)) - acbd5797-4277-4d01-af47-c19d7e55cc48@group-7EB0424DEFA0-cacheEviction-AwaitToRun-AwaitForSignal is interrupted
2024-01-18 21:16:00,026 [09e80bb5-5452-43c5-b0d6-1fc2b272d72e-impl-thread2] INFO  impl.PendingRequests (PendingRequests.java:sendNotLeaderResponses(289)) - 09e80bb5-5452-43c5-b0d6-1fc2b272d72e@group-7EB0424DEFA0-PendingRequests: sendNotLeaderResponses
2024-01-18 21:16:00,026 [ForkJoinPool.commonPool-worker-7] INFO  server.GrpcService (GrpcService.java:closeImpl(320)) - acbd5797-4277-4d01-af47-c19d7e55cc48: shutdown server org.apache.ratis.grpc.server.GrpcClientProtocolService successfully
2024-01-18 21:16:00,027 [ForkJoinPool.commonPool-worker-7] INFO  server.GrpcService (GrpcService.java:closeImpl(311)) - acbd5797-4277-4d01-af47-c19d7e55cc48: shutdown server GrpcServerProtocolService now
2024-01-18 21:16:00,028 [09e80bb5-5452-43c5-b0d6-1fc2b272d72e@group-7EB0424DEFA0->29c9cbb7-9d34-4a8c-85ab-994756aa497f-GrpcLogAppender-LogAppenderDaemon] WARN  server.GrpcLogAppender (GrpcLogAppender.java:mayWait(289)) - 09e80bb5-5452-43c5-b0d6-1fc2b272d72e@group-7EB0424DEFA0->29c9cbb7-9d34-4a8c-85ab-994756aa497f-GrpcLogAppender: Wait interrupted by java.lang.InterruptedException
2024-01-18 21:16:00,028 [Thread-6006] INFO  server.GrpcServerProtocolClient (GrpcServerProtocolClient.java:close(103)) - 29c9cbb7-9d34-4a8c-85ab-994756aa497f Close channels
2024-01-18 21:16:00,028 [grpc-default-executor-1] INFO  server.GrpcLogAppender (GrpcLogAppender.java:onError(533)) - 09e80bb5-5452-43c5-b0d6-1fc2b272d72e@group-7EB0424DEFA0->acbd5797-4277-4d01-af47-c19d7e55cc48-GrpcLogAppender is already stopped
2024-01-18 21:16:00,028 [grpc-default-executor-1] INFO  server.GrpcLogAppender (GrpcLogAppender.java:onError(533)) - 09e80bb5-5452-43c5-b0d6-1fc2b272d72e@group-7EB0424DEFA0->acbd5797-4277-4d01-af47-c19d7e55cc48-GrpcLogAppender is already stopped
2024-01-18 21:16:00,028 [grpc-default-executor-6] WARN  server.GrpcServerProtocolService (LogUtils.java:warn(121)) - acbd5797-4277-4d01-af47-c19d7e55cc48: APPEND_ENTRIES onError, lastRequest: null: org.apache.ratis.thirdparty.io.grpc.StatusRuntimeException: CANCELLED: client cancelled
2024-01-18 21:16:00,028 [grpc-default-executor-5] WARN  server.GrpcServerProtocolService (LogUtils.java:warn(121)) - acbd5797-4277-4d01-af47-c19d7e55cc48: APPEND_ENTRIES onError, lastRequest: 09e80bb5-5452-43c5-b0d6-1fc2b272d72e->acbd5797-4277-4d01-af47-c19d7e55cc48#1-t1,previous=(t:0, i:0),leaderCommit=-1,initializing? false,entries: size=1, first=(t:1, i:0), CONFIGURATIONENTRY(current:id: "29c9cbb7-9d34-4a8c-85ab-994756aa497f"
address: "10.1.0.44:15433"
dataStreamAddress: "10.1.0.44:15434"
clientAddress: "10.1.0.44:15431"
adminAddress: "10.1.0.44:15432"
startupRole: FOLLOWER
,id: "09e80bb5-5452-43c5-b0d6-1fc2b272d72e"
address: "10.1.0.44:15442"
priority: 1
dataStreamAddress: "10.1.0.44:15443"
clientAddress: "10.1.0.44:15440"
adminAddress: "10.1.0.44:15441"
startupRole: FOLLOWER
,id: "acbd5797-4277-4d01-af47-c19d7e55cc48"
address: "10.1.0.44:15424"
dataStreamAddress: "10.1.0.44:15425"
clientAddress: "10.1.0.44:15422"
adminAddress: "10.1.0.44:15423"
startupRole: FOLLOWER
, old:): org.apache.ratis.thirdparty.io.grpc.StatusRuntimeException: CANCELLED: client cancelled
2024-01-18 21:16:00,028 [Thread-6038] INFO  server.GrpcServerProtocolClient (GrpcServerProtocolClient.java:close(103)) - acbd5797-4277-4d01-af47-c19d7e55cc48 Close channels
2024-01-18 21:16:00,032 [09e80bb5-5452-43c5-b0d6-1fc2b272d72e@group-7EB0424DEFA0->acbd5797-4277-4d01-af47-c19d7e55cc48-GrpcLogAppender-LogAppenderDaemon] WARN  server.GrpcLogAppender (GrpcLogAppender.java:mayWait(289)) - 09e80bb5-5452-43c5-b0d6-1fc2b272d72e@group-7EB0424DEFA0->acbd5797-4277-4d01-af47-c19d7e55cc48-GrpcLogAppender: Wait interrupted by java.lang.InterruptedException
2024-01-18 21:16:00,032 [ForkJoinPool.commonPool-worker-7] INFO  server.GrpcService (GrpcService.java:closeImpl(320)) - acbd5797-4277-4d01-af47-c19d7e55cc48: shutdown server GrpcServerProtocolService successfully
2024-01-18 21:16:00,032 [ForkJoinPool.commonPool-worker-7] INFO  server.GrpcService (GrpcService.java:closeImpl(311)) - acbd5797-4277-4d01-af47-c19d7e55cc48: shutdown server org.apache.ratis.grpc.server.GrpcAdminProtocolService now
2024-01-18 21:16:00,032 [09e80bb5-5452-43c5-b0d6-1fc2b272d72e@group-7EB0424DEFA0-StateMachineUpdater] INFO  ratis.ContainerStateMachine (ContainerStateMachine.java:takeSnapshot(355)) - group-7EB0424DEFA0: Taking a snapshot at:(t:1, i:0) file /home/runner/work/ozone/ozone/hadoop-ozone/integration-test/target/test-dir/MiniOzoneClusterImpl-df9b5de2-b041-43db-b9a6-571161098f76/datanode-8/data/ratis/7efbc0bc-7d7d-4e10-b6d8-7eb0424defa0/sm/snapshot.1_0
2024-01-18 21:16:00,032 [09e80bb5-5452-43c5-b0d6-1fc2b272d72e-impl-thread2] INFO  impl.StateMachineUpdater (StateMachineUpdater.java:stopAndJoin(157)) - 09e80bb5-5452-43c5-b0d6-1fc2b272d72e@group-7EB0424DEFA0-StateMachineUpdater: set stopIndex = 0
2024-01-18 21:16:00,032 [ForkJoinPool.commonPool-worker-7] INFO  server.GrpcService (GrpcService.java:closeImpl(320)) - acbd5797-4277-4d01-af47-c19d7e55cc48: shutdown server org.apache.ratis.grpc.server.GrpcAdminProtocolService successfully
2024-01-18 21:16:00,032 [09e80bb5-5452-43c5-b0d6-1fc2b272d72e@group-7EB0424DEFA0-StateMachineUpdater] INFO  ratis.ContainerStateMachine (ContainerStateMachine.java:takeSnapshot(366)) - group-7EB0424DEFA0: Finished taking a snapshot at:(t:1, i:0) file:/home/runner/work/ozone/ozone/hadoop-ozone/integration-test/target/test-dir/MiniOzoneClusterImpl-df9b5de2-b041-43db-b9a6-571161098f76/datanode-8/data/ratis/7efbc0bc-7d7d-4e10-b6d8-7eb0424defa0/sm/snapshot.1_0 took: 1 ms
2024-01-18 21:16:00,033 [09e80bb5-5452-43c5-b0d6-1fc2b272d72e@group-7EB0424DEFA0-StateMachineUpdater] INFO  impl.StateMachineUpdater (StateMachineUpdater.java:takeSnapshot(295)) - 09e80bb5-5452-43c5-b0d6-1fc2b272d72e@group-7EB0424DEFA0-StateMachineUpdater: Took a snapshot at index 0
2024-01-18 21:16:00,033 [09e80bb5-5452-43c5-b0d6-1fc2b272d72e@group-7EB0424DEFA0-StateMachineUpdater] INFO  impl.StateMachineUpdater (StateMachineUpdater.java:lambda$new$0(98)) - 09e80bb5-5452-43c5-b0d6-1fc2b272d72e@group-7EB0424DEFA0-StateMachineUpdater: snapshotIndex: updateIncreasingly -1 -> 0
2024-01-18 21:16:00,033 [09e80bb5-5452-43c5-b0d6-1fc2b272d72e-impl-thread2] INFO  server.RaftServer$Division (ServerState.java:close(427)) - 09e80bb5-5452-43c5-b0d6-1fc2b272d72e@group-7EB0424DEFA0: applyIndex: 0
2024-01-18 21:16:00,036 [09e80bb5-5452-43c5-b0d6-1fc2b272d72e@group-7EB0424DEFA0-cacheEviction-AwaitToRun] INFO  util.AwaitToRun (AwaitToRun.java:run(49)) - 09e80bb5-5452-43c5-b0d6-1fc2b272d72e@group-7EB0424DEFA0-cacheEviction-AwaitToRun-AwaitForSignal is interrupted
2024-01-18 21:16:00,037 [ForkJoinPool.commonPool-worker-0] INFO  server.GrpcService (GrpcService.java:closeImpl(320)) - 09e80bb5-5452-43c5-b0d6-1fc2b272d72e: shutdown server org.apache.ratis.grpc.server.GrpcClientProtocolService successfully
2024-01-18 21:16:00,037 [ForkJoinPool.commonPool-worker-0] INFO  server.GrpcService (GrpcService.java:closeImpl(311)) - 09e80bb5-5452-43c5-b0d6-1fc2b272d72e: shutdown server GrpcServerProtocolService now
2024-01-18 21:16:00,038 [ForkJoinPool.commonPool-worker-0] INFO  server.GrpcService (GrpcService.java:closeImpl(320)) - 09e80bb5-5452-43c5-b0d6-1fc2b272d72e: shutdown server GrpcServerProtocolService successfully
2024-01-18 21:16:00,038 [ForkJoinPool.commonPool-worker-0] INFO  server.GrpcService (GrpcService.java:closeImpl(311)) - 09e80bb5-5452-43c5-b0d6-1fc2b272d72e: shutdown server org.apache.ratis.grpc.server.GrpcAdminProtocolService now
2024-01-18 21:16:00,040 [ForkJoinPool.commonPool-worker-0] INFO  server.GrpcService (GrpcService.java:closeImpl(320)) - 09e80bb5-5452-43c5-b0d6-1fc2b272d72e: shutdown server org.apache.ratis.grpc.server.GrpcAdminProtocolService successfully
2024-01-18 21:16:00,041 [acbd5797-4277-4d01-af47-c19d7e55cc48-NettyServerStreamRpc-bossGroup--thread1] INFO  logging.LoggingHandler (AbstractInternalLogger.java:log(148)) - [id: 0x1eb8da1f, L:/0.0.0.0:15425] CLOSE
2024-01-18 21:16:00,041 [acbd5797-4277-4d01-af47-c19d7e55cc48-NettyServerStreamRpc-bossGroup--thread1] INFO  logging.LoggingHandler (AbstractInternalLogger.java:log(148)) - [id: 0x1eb8da1f, L:/0.0.0.0:15425] INACTIVE
2024-01-18 21:16:00,041 [acbd5797-4277-4d01-af47-c19d7e55cc48-NettyServerStreamRpc-bossGroup--thread1] INFO  logging.LoggingHandler (AbstractInternalLogger.java:log(148)) - [id: 0x1eb8da1f, L:/0.0.0.0:15425] UNREGISTERED
2024-01-18 21:16:00,044 [09e80bb5-5452-43c5-b0d6-1fc2b272d72e-NettyServerStreamRpc-bossGroup--thread1] INFO  logging.LoggingHandler (AbstractInternalLogger.java:log(148)) - [id: 0xf4aba3ef, L:/0.0.0.0:15443] CLOSE
2024-01-18 21:16:00,044 [09e80bb5-5452-43c5-b0d6-1fc2b272d72e-NettyServerStreamRpc-bossGroup--thread1] INFO  logging.LoggingHandler (AbstractInternalLogger.java:log(148)) - [id: 0xf4aba3ef, L:/0.0.0.0:15443] INACTIVE
2024-01-18 21:16:00,044 [09e80bb5-5452-43c5-b0d6-1fc2b272d72e-NettyServerStreamRpc-bossGroup--thread1] INFO  logging.LoggingHandler (AbstractInternalLogger.java:log(148)) - [id: 0xf4aba3ef, L:/0.0.0.0:15443] UNREGISTERED
2024-01-18 21:16:00,298 [50b158ec-4e8f-4837-b5f0-9c37661490ab-impl-thread1] INFO  segmented.SegmentedRaftLogWorker (SegmentedRaftLogWorker.java:close(245)) - 50b158ec-4e8f-4837-b5f0-9c37661490ab@group-61856EC72D63-SegmentedRaftLogWorker close()
2024-01-18 21:16:00,299 [09e80bb5-5452-43c5-b0d6-1fc2b272d72e-impl-thread1] INFO  segmented.SegmentedRaftLogWorker (SegmentedRaftLogWorker.java:close(245)) - 09e80bb5-5452-43c5-b0d6-1fc2b272d72e@group-DD65E0FB03EA-SegmentedRaftLogWorker close()
2024-01-18 21:16:00,348 [06a116e4-916e-4670-b681-a534e52e7a54-impl-thread1] INFO  segmented.SegmentedRaftLogWorker (SegmentedRaftLogWorker.java:close(245)) - 06a116e4-916e-4670-b681-a534e52e7a54@group-4F9DB852C5E0-SegmentedRaftLogWorker close()
2024-01-18 21:16:00,363 [50b158ec-4e8f-4837-b5f0-9c37661490ab-impl-thread2] INFO  segmented.SegmentedRaftLogWorker (SegmentedRaftLogWorker.java:close(245)) - 50b158ec-4e8f-4837-b5f0-9c37661490ab@group-4F9DB852C5E0-SegmentedRaftLogWorker close()
2024-01-18 21:16:00,364 [JvmPauseMonitor46] INFO  util.JvmPauseMonitor (JvmPauseMonitor.java:run(152)) - JvmPauseMonitor-50b158ec-4e8f-4837-b5f0-9c37661490ab: Stopped
2024-01-18 21:16:00,365 [22869b9b-ca6a-4da8-a132-9d24bcd1149d-impl-thread2] INFO  segmented.SegmentedRaftLogWorker (SegmentedRaftLogWorker.java:close(245)) - 22869b9b-ca6a-4da8-a132-9d24bcd1149d@group-4F9DB852C5E0-SegmentedRaftLogWorker close()
2024-01-18 21:16:00,414 [06a116e4-916e-4670-b681-a534e52e7a54-impl-thread2] INFO  segmented.SegmentedRaftLogWorker (SegmentedRaftLogWorker.java:close(245)) - 06a116e4-916e-4670-b681-a534e52e7a54@group-5518BA46772C-SegmentedRaftLogWorker close()
2024-01-18 21:16:00,415 [JvmPauseMonitor47] INFO  util.JvmPauseMonitor (JvmPauseMonitor.java:run(152)) - JvmPauseMonitor-06a116e4-916e-4670-b681-a534e52e7a54: Stopped
2024-01-18 21:16:00,597 [22869b9b-ca6a-4da8-a132-9d24bcd1149d-impl-thread1] INFO  segmented.SegmentedRaftLogWorker (SegmentedRaftLogWorker.java:close(245)) - 22869b9b-ca6a-4da8-a132-9d24bcd1149d@group-34C4BB792BBD-SegmentedRaftLogWorker close()
2024-01-18 21:16:00,599 [JvmPauseMonitor48] INFO  util.JvmPauseMonitor (JvmPauseMonitor.java:run(152)) - JvmPauseMonitor-22869b9b-ca6a-4da8-a132-9d24bcd1149d: Stopped
2024-01-18 21:16:00,806 [3df0e54a-fa0a-4d1f-902e-c3368fd6cf67-impl-thread1] INFO  segmented.SegmentedRaftLogWorker (SegmentedRaftLogWorker.java:close(245)) - 3df0e54a-fa0a-4d1f-902e-c3368fd6cf67@group-DB1FE75741B9-SegmentedRaftLogWorker close()
2024-01-18 21:16:00,807 [JvmPauseMonitor51] INFO  util.JvmPauseMonitor (JvmPauseMonitor.java:run(152)) - JvmPauseMonitor-3df0e54a-fa0a-4d1f-902e-c3368fd6cf67: Stopped
2024-01-18 21:16:00,838 [09e80bb5-5452-43c5-b0d6-1fc2b272d72e-impl-thread2] INFO  segmented.SegmentedRaftLogWorker (SegmentedRaftLogWorker.java:close(245)) - 09e80bb5-5452-43c5-b0d6-1fc2b272d72e@group-7EB0424DEFA0-SegmentedRaftLogWorker close()
2024-01-18 21:16:00,839 [JvmPauseMonitor54] INFO  util.JvmPauseMonitor (JvmPauseMonitor.java:run(152)) - JvmPauseMonitor-09e80bb5-5452-43c5-b0d6-1fc2b272d72e: Stopped
2024-01-18 21:16:00,855 [29c9cbb7-9d34-4a8c-85ab-994756aa497f-impl-thread2] INFO  segmented.SegmentedRaftLogWorker (SegmentedRaftLogWorker.java:close(245)) - 29c9cbb7-9d34-4a8c-85ab-994756aa497f@group-7EB0424DEFA0-SegmentedRaftLogWorker close()
2024-01-18 21:16:00,859 [acbd5797-4277-4d01-af47-c19d7e55cc48-impl-thread2] INFO  segmented.SegmentedRaftLogWorker (SegmentedRaftLogWorker.java:close(245)) - acbd5797-4277-4d01-af47-c19d7e55cc48@group-7EB0424DEFA0-SegmentedRaftLogWorker close()
2024-01-18 21:16:00,868 [29c9cbb7-9d34-4a8c-85ab-994756aa497f-impl-thread1] INFO  segmented.SegmentedRaftLogWorker (SegmentedRaftLogWorker.java:close(245)) - 29c9cbb7-9d34-4a8c-85ab-994756aa497f@group-C5A60369CE98-SegmentedRaftLogWorker close()
2024-01-18 21:16:00,869 [JvmPauseMonitor53] INFO  util.JvmPauseMonitor (JvmPauseMonitor.java:run(152)) - JvmPauseMonitor-29c9cbb7-9d34-4a8c-85ab-994756aa497f: Stopped
2024-01-18 21:16:00,928 [acbd5797-4277-4d01-af47-c19d7e55cc48-impl-thread1] INFO  segmented.SegmentedRaftLogWorker (SegmentedRaftLogWorker.java:close(245)) - acbd5797-4277-4d01-af47-c19d7e55cc48@group-C88C60B2CA57-SegmentedRaftLogWorker close()
2024-01-18 21:16:00,929 [JvmPauseMonitor52] INFO  util.JvmPauseMonitor (JvmPauseMonitor.java:run(152)) - JvmPauseMonitor-acbd5797-4277-4d01-af47-c19d7e55cc48: Stopped
2024-01-18 21:16:02,366 [ForkJoinPool.commonPool-worker-6] INFO  utils.DatanodeStoreCache (DatanodeStoreCache.java:shutdownCache(116)) - Skip clearing cache in mini cluster mode. Entries left: [/home/runner/work/ozone/ozone/hadoop-ozone/integration-test/target/test-dir/MiniOzoneClusterImpl-df9b5de2-b041-43db-b9a6-571161098f76/datanode-0/data-0/containers/hdds/df9b5de2-b041-43db-b9a6-571161098f76/DS-aeec0d8c-241a-48b9-ad5a-074acf1c0004/container.db, /home/runner/work/ozone/ozone/hadoop-ozone/integration-test/target/test-dir/MiniOzoneClusterImpl-df9b5de2-b041-43db-b9a6-571161098f76/datanode-1/data-0/containers/hdds/df9b5de2-b041-43db-b9a6-571161098f76/DS-9c25af74-0c69-4703-b946-2e126bbb36e9/container.db, /home/runner/work/ozone/ozone/hadoop-ozone/integration-test/target/test-dir/MiniOzoneClusterImpl-df9b5de2-b041-43db-b9a6-571161098f76/datanode-2/data-0/containers/hdds/df9b5de2-b041-43db-b9a6-571161098f76/DS-1b550224-8188-455b-a24a-d5afb97d6481/container.db, /home/runner/work/ozone/ozone/hadoop-ozone/integration-test/target/test-dir/MiniOzoneClusterImpl-df9b5de2-b041-43db-b9a6-571161098f76/datanode-5/data-0/containers/hdds/df9b5de2-b041-43db-b9a6-571161098f76/DS-cfe5a5c3-28c5-46b9-bbbf-9906cd5d63a2/container.db, /home/runner/work/ozone/ozone/hadoop-ozone/integration-test/target/test-dir/MiniOzoneClusterImpl-df9b5de2-b041-43db-b9a6-571161098f76/datanode-6/data-0/containers/hdds/df9b5de2-b041-43db-b9a6-571161098f76/DS-dfff1bee-1f75-41df-9500-67b3bc704e13/container.db, /home/runner/work/ozone/ozone/hadoop-ozone/integration-test/target/test-dir/MiniOzoneClusterImpl-df9b5de2-b041-43db-b9a6-571161098f76/datanode-7/data-0/containers/hdds/df9b5de2-b041-43db-b9a6-571161098f76/DS-82c45e61-5f41-4780-a990-8f984622e5eb/container.db, /home/runner/work/ozone/ozone/hadoop-ozone/integration-test/target/test-dir/MiniOzoneClusterImpl-df9b5de2-b041-43db-b9a6-571161098f76/datanode-8/data-0/containers/hdds/df9b5de2-b041-43db-b9a6-571161098f76/DS-55038eef-ecff-4ccd-b6a6-1a2ec91f98b6/container.db]
2024-01-18 21:16:02,368 [ForkJoinPool.commonPool-worker-6] INFO  utils.DatanodeStoreCache (DatanodeStoreCache.java:removeDB(110)) - Removed db /home/runner/work/ozone/ozone/hadoop-ozone/integration-test/target/test-dir/MiniOzoneClusterImpl-df9b5de2-b041-43db-b9a6-571161098f76/datanode-0/data-0/containers/hdds/df9b5de2-b041-43db-b9a6-571161098f76/DS-aeec0d8c-241a-48b9-ad5a-074acf1c0004/container.db from cache
2024-01-18 21:16:02,368 [ForkJoinPool.commonPool-worker-6] INFO  volume.HddsVolume (HddsVolume.java:closeDbStore(451)) - SchemaV3 db is stopped at /home/runner/work/ozone/ozone/hadoop-ozone/integration-test/target/test-dir/MiniOzoneClusterImpl-df9b5de2-b041-43db-b9a6-571161098f76/datanode-0/data-0/containers/hdds/df9b5de2-b041-43db-b9a6-571161098f76/DS-aeec0d8c-241a-48b9-ad5a-074acf1c0004/container.db for volume DS-aeec0d8c-241a-48b9-ad5a-074acf1c0004
2024-01-18 21:16:02,368 [ForkJoinPool.commonPool-worker-6] INFO  utils.BackgroundService (BackgroundService.java:shutdown(160)) - Shutting down service BlockDeletingService
2024-01-18 21:16:02,368 [ForkJoinPool.commonPool-worker-6] INFO  utils.BackgroundService (BackgroundService.java:shutdown(160)) - Shutting down service StaleRecoveringContainerScrubbingService
2024-01-18 21:16:02,369 [ForkJoinPool.commonPool-worker-6] INFO  statemachine.DatanodeStateMachine (DatanodeStateMachine.java:stopDaemon(638)) - Ozone container server stopped.
2024-01-18 21:16:02,370 [ForkJoinPool.commonPool-worker-6] INFO  handler.ContextHandler (ContextHandler.java:doStop(1159)) - Stopped o.e.j.w.WebAppContext@559ce43f{hddsDatanode,/,null,STOPPED}{jar:file:/home/runner/.m2/repository/org/apache/ozone/hdds-container-service/1.5.0-SNAPSHOT/hdds-container-service-1.5.0-SNAPSHOT.jar!/webapps/hddsDatanode}
2024-01-18 21:16:02,371 [ForkJoinPool.commonPool-worker-6] INFO  server.AbstractConnector (AbstractConnector.java:doStop(383)) - Stopped ServerConnector@4abc2719{HTTP/1.1, (http/1.1)}{0.0.0.0:15365}
2024-01-18 21:16:02,371 [ForkJoinPool.commonPool-worker-6] INFO  server.session (HouseKeeper.java:stopScavenging(149)) - node0 Stopped scavenging
2024-01-18 21:16:02,371 [ForkJoinPool.commonPool-worker-6] INFO  handler.ContextHandler (ContextHandler.java:doStop(1159)) - Stopped o.e.j.s.ServletContextHandler@34f267d0{static,/static,jar:file:/home/runner/.m2/repository/org/apache/ozone/hdds-container-service/1.5.0-SNAPSHOT/hdds-container-service-1.5.0-SNAPSHOT.jar!/webapps/static,STOPPED}
2024-01-18 21:16:02,371 [ForkJoinPool.commonPool-worker-6] INFO  handler.ContextHandler (ContextHandler.java:doStop(1159)) - Stopped o.e.j.s.ServletContextHandler@26099db7{logs,/logs,file:///home/runner/work/ozone/ozone/hadoop-ozone/integration-test/target/log,STOPPED}
2024-01-18 21:16:02,371 [ForkJoinPool.commonPool-worker-6] INFO  ozone.HddsDatanodeClientProtocolServer (HddsDatanodeClientProtocolServer.java:stop(78)) - Stopping the RPC server for Client Protocol
2024-01-18 21:16:02,372 [ForkJoinPool.commonPool-worker-6] INFO  ipc.Server (Server.java:stop(3523)) - Stopping server on 15366
2024-01-18 21:16:02,373 [IPC Server listener on 15366] INFO  ipc.Server (Server.java:run(1434)) - Stopping IPC Server listener on 15366
2024-01-18 21:16:02,373 [IPC Server Responder] INFO  ipc.Server (Server.java:run(1567)) - Stopping IPC Server Responder
2024-01-18 21:16:02,417 [ForkJoinPool.commonPool-worker-4] INFO  utils.DatanodeStoreCache (DatanodeStoreCache.java:shutdownCache(116)) - Skip clearing cache in mini cluster mode. Entries left: [/home/runner/work/ozone/ozone/hadoop-ozone/integration-test/target/test-dir/MiniOzoneClusterImpl-df9b5de2-b041-43db-b9a6-571161098f76/datanode-1/data-0/containers/hdds/df9b5de2-b041-43db-b9a6-571161098f76/DS-9c25af74-0c69-4703-b946-2e126bbb36e9/container.db, /home/runner/work/ozone/ozone/hadoop-ozone/integration-test/target/test-dir/MiniOzoneClusterImpl-df9b5de2-b041-43db-b9a6-571161098f76/datanode-2/data-0/containers/hdds/df9b5de2-b041-43db-b9a6-571161098f76/DS-1b550224-8188-455b-a24a-d5afb97d6481/container.db, /home/runner/work/ozone/ozone/hadoop-ozone/integration-test/target/test-dir/MiniOzoneClusterImpl-df9b5de2-b041-43db-b9a6-571161098f76/datanode-5/data-0/containers/hdds/df9b5de2-b041-43db-b9a6-571161098f76/DS-cfe5a5c3-28c5-46b9-bbbf-9906cd5d63a2/container.db, /home/runner/work/ozone/ozone/hadoop-ozone/integration-test/target/test-dir/MiniOzoneClusterImpl-df9b5de2-b041-43db-b9a6-571161098f76/datanode-6/data-0/containers/hdds/df9b5de2-b041-43db-b9a6-571161098f76/DS-dfff1bee-1f75-41df-9500-67b3bc704e13/container.db, /home/runner/work/ozone/ozone/hadoop-ozone/integration-test/target/test-dir/MiniOzoneClusterImpl-df9b5de2-b041-43db-b9a6-571161098f76/datanode-7/data-0/containers/hdds/df9b5de2-b041-43db-b9a6-571161098f76/DS-82c45e61-5f41-4780-a990-8f984622e5eb/container.db, /home/runner/work/ozone/ozone/hadoop-ozone/integration-test/target/test-dir/MiniOzoneClusterImpl-df9b5de2-b041-43db-b9a6-571161098f76/datanode-8/data-0/containers/hdds/df9b5de2-b041-43db-b9a6-571161098f76/DS-55038eef-ecff-4ccd-b6a6-1a2ec91f98b6/container.db]
2024-01-18 21:16:02,418 [ForkJoinPool.commonPool-worker-4] INFO  utils.DatanodeStoreCache (DatanodeStoreCache.java:removeDB(110)) - Removed db /home/runner/work/ozone/ozone/hadoop-ozone/integration-test/target/test-dir/MiniOzoneClusterImpl-df9b5de2-b041-43db-b9a6-571161098f76/datanode-1/data-0/containers/hdds/df9b5de2-b041-43db-b9a6-571161098f76/DS-9c25af74-0c69-4703-b946-2e126bbb36e9/container.db from cache
2024-01-18 21:16:02,418 [ForkJoinPool.commonPool-worker-4] INFO  volume.HddsVolume (HddsVolume.java:closeDbStore(451)) - SchemaV3 db is stopped at /home/runner/work/ozone/ozone/hadoop-ozone/integration-test/target/test-dir/MiniOzoneClusterImpl-df9b5de2-b041-43db-b9a6-571161098f76/datanode-1/data-0/containers/hdds/df9b5de2-b041-43db-b9a6-571161098f76/DS-9c25af74-0c69-4703-b946-2e126bbb36e9/container.db for volume DS-9c25af74-0c69-4703-b946-2e126bbb36e9
2024-01-18 21:16:02,418 [ForkJoinPool.commonPool-worker-4] INFO  utils.BackgroundService (BackgroundService.java:shutdown(160)) - Shutting down service BlockDeletingService
2024-01-18 21:16:02,418 [ForkJoinPool.commonPool-worker-4] INFO  utils.BackgroundService (BackgroundService.java:shutdown(160)) - Shutting down service StaleRecoveringContainerScrubbingService
2024-01-18 21:16:02,419 [ForkJoinPool.commonPool-worker-4] INFO  statemachine.DatanodeStateMachine (DatanodeStateMachine.java:stopDaemon(638)) - Ozone container server stopped.
2024-01-18 21:16:02,420 [ForkJoinPool.commonPool-worker-4] INFO  handler.ContextHandler (ContextHandler.java:doStop(1159)) - Stopped o.e.j.w.WebAppContext@24406bdd{hddsDatanode,/,null,STOPPED}{jar:file:/home/runner/.m2/repository/org/apache/ozone/hdds-container-service/1.5.0-SNAPSHOT/hdds-container-service-1.5.0-SNAPSHOT.jar!/webapps/hddsDatanode}
2024-01-18 21:16:02,421 [ForkJoinPool.commonPool-worker-4] INFO  server.AbstractConnector (AbstractConnector.java:doStop(383)) - Stopped ServerConnector@ac8f75d{HTTP/1.1, (http/1.1)}{0.0.0.0:15374}
2024-01-18 21:16:02,421 [ForkJoinPool.commonPool-worker-4] INFO  server.session (HouseKeeper.java:stopScavenging(149)) - node0 Stopped scavenging
2024-01-18 21:16:02,421 [ForkJoinPool.commonPool-worker-4] INFO  handler.ContextHandler (ContextHandler.java:doStop(1159)) - Stopped o.e.j.s.ServletContextHandler@39119c7a{static,/static,jar:file:/home/runner/.m2/repository/org/apache/ozone/hdds-container-service/1.5.0-SNAPSHOT/hdds-container-service-1.5.0-SNAPSHOT.jar!/webapps/static,STOPPED}
2024-01-18 21:16:02,421 [ForkJoinPool.commonPool-worker-4] INFO  handler.ContextHandler (ContextHandler.java:doStop(1159)) - Stopped o.e.j.s.ServletContextHandler@49a7abbb{logs,/logs,file:///home/runner/work/ozone/ozone/hadoop-ozone/integration-test/target/log,STOPPED}
2024-01-18 21:16:02,424 [ForkJoinPool.commonPool-worker-4] INFO  ozone.HddsDatanodeClientProtocolServer (HddsDatanodeClientProtocolServer.java:stop(78)) - Stopping the RPC server for Client Protocol
2024-01-18 21:16:02,424 [ForkJoinPool.commonPool-worker-4] INFO  ipc.Server (Server.java:stop(3523)) - Stopping server on 15375
2024-01-18 21:16:02,424 [IPC Server listener on 15375] INFO  ipc.Server (Server.java:run(1434)) - Stopping IPC Server listener on 15375
2024-01-18 21:16:02,425 [IPC Server Responder] INFO  ipc.Server (Server.java:run(1567)) - Stopping IPC Server Responder
2024-01-18 21:16:02,600 [ForkJoinPool.commonPool-worker-3] INFO  utils.DatanodeStoreCache (DatanodeStoreCache.java:shutdownCache(116)) - Skip clearing cache in mini cluster mode. Entries left: [/home/runner/work/ozone/ozone/hadoop-ozone/integration-test/target/test-dir/MiniOzoneClusterImpl-df9b5de2-b041-43db-b9a6-571161098f76/datanode-2/data-0/containers/hdds/df9b5de2-b041-43db-b9a6-571161098f76/DS-1b550224-8188-455b-a24a-d5afb97d6481/container.db, /home/runner/work/ozone/ozone/hadoop-ozone/integration-test/target/test-dir/MiniOzoneClusterImpl-df9b5de2-b041-43db-b9a6-571161098f76/datanode-5/data-0/containers/hdds/df9b5de2-b041-43db-b9a6-571161098f76/DS-cfe5a5c3-28c5-46b9-bbbf-9906cd5d63a2/container.db, /home/runner/work/ozone/ozone/hadoop-ozone/integration-test/target/test-dir/MiniOzoneClusterImpl-df9b5de2-b041-43db-b9a6-571161098f76/datanode-6/data-0/containers/hdds/df9b5de2-b041-43db-b9a6-571161098f76/DS-dfff1bee-1f75-41df-9500-67b3bc704e13/container.db, /home/runner/work/ozone/ozone/hadoop-ozone/integration-test/target/test-dir/MiniOzoneClusterImpl-df9b5de2-b041-43db-b9a6-571161098f76/datanode-7/data-0/containers/hdds/df9b5de2-b041-43db-b9a6-571161098f76/DS-82c45e61-5f41-4780-a990-8f984622e5eb/container.db, /home/runner/work/ozone/ozone/hadoop-ozone/integration-test/target/test-dir/MiniOzoneClusterImpl-df9b5de2-b041-43db-b9a6-571161098f76/datanode-8/data-0/containers/hdds/df9b5de2-b041-43db-b9a6-571161098f76/DS-55038eef-ecff-4ccd-b6a6-1a2ec91f98b6/container.db]
2024-01-18 21:16:02,601 [ForkJoinPool.commonPool-worker-3] INFO  utils.DatanodeStoreCache (DatanodeStoreCache.java:removeDB(110)) - Removed db /home/runner/work/ozone/ozone/hadoop-ozone/integration-test/target/test-dir/MiniOzoneClusterImpl-df9b5de2-b041-43db-b9a6-571161098f76/datanode-2/data-0/containers/hdds/df9b5de2-b041-43db-b9a6-571161098f76/DS-1b550224-8188-455b-a24a-d5afb97d6481/container.db from cache
2024-01-18 21:16:02,601 [ForkJoinPool.commonPool-worker-3] INFO  volume.HddsVolume (HddsVolume.java:closeDbStore(451)) - SchemaV3 db is stopped at /home/runner/work/ozone/ozone/hadoop-ozone/integration-test/target/test-dir/MiniOzoneClusterImpl-df9b5de2-b041-43db-b9a6-571161098f76/datanode-2/data-0/containers/hdds/df9b5de2-b041-43db-b9a6-571161098f76/DS-1b550224-8188-455b-a24a-d5afb97d6481/container.db for volume DS-1b550224-8188-455b-a24a-d5afb97d6481
2024-01-18 21:16:02,602 [ForkJoinPool.commonPool-worker-3] INFO  utils.BackgroundService (BackgroundService.java:shutdown(160)) - Shutting down service BlockDeletingService
2024-01-18 21:16:02,602 [ForkJoinPool.commonPool-worker-3] INFO  utils.BackgroundService (BackgroundService.java:shutdown(160)) - Shutting down service StaleRecoveringContainerScrubbingService
2024-01-18 21:16:02,603 [ForkJoinPool.commonPool-worker-3] INFO  statemachine.DatanodeStateMachine (DatanodeStateMachine.java:stopDaemon(638)) - Ozone container server stopped.
2024-01-18 21:16:02,604 [ForkJoinPool.commonPool-worker-3] INFO  handler.ContextHandler (ContextHandler.java:doStop(1159)) - Stopped o.e.j.w.WebAppContext@47211e93{hddsDatanode,/,null,STOPPED}{jar:file:/home/runner/.m2/repository/org/apache/ozone/hdds-container-service/1.5.0-SNAPSHOT/hdds-container-service-1.5.0-SNAPSHOT.jar!/webapps/hddsDatanode}
2024-01-18 21:16:02,604 [ForkJoinPool.commonPool-worker-3] INFO  server.AbstractConnector (AbstractConnector.java:doStop(383)) - Stopped ServerConnector@6cdcceaf{HTTP/1.1, (http/1.1)}{0.0.0.0:15383}
2024-01-18 21:16:02,604 [ForkJoinPool.commonPool-worker-3] INFO  server.session (HouseKeeper.java:stopScavenging(149)) - node0 Stopped scavenging
2024-01-18 21:16:02,604 [ForkJoinPool.commonPool-worker-3] INFO  handler.ContextHandler (ContextHandler.java:doStop(1159)) - Stopped o.e.j.s.ServletContextHandler@3f6278d4{static,/static,jar:file:/home/runner/.m2/repository/org/apache/ozone/hdds-container-service/1.5.0-SNAPSHOT/hdds-container-service-1.5.0-SNAPSHOT.jar!/webapps/static,STOPPED}
2024-01-18 21:16:02,604 [ForkJoinPool.commonPool-worker-3] INFO  handler.ContextHandler (ContextHandler.java:doStop(1159)) - Stopped o.e.j.s.ServletContextHandler@3bf910a2{logs,/logs,file:///home/runner/work/ozone/ozone/hadoop-ozone/integration-test/target/log,STOPPED}
2024-01-18 21:16:02,605 [ForkJoinPool.commonPool-worker-3] INFO  ozone.HddsDatanodeClientProtocolServer (HddsDatanodeClientProtocolServer.java:stop(78)) - Stopping the RPC server for Client Protocol
2024-01-18 21:16:02,605 [ForkJoinPool.commonPool-worker-3] INFO  ipc.Server (Server.java:stop(3523)) - Stopping server on 15384
2024-01-18 21:16:02,605 [IPC Server listener on 15384] INFO  ipc.Server (Server.java:run(1434)) - Stopping IPC Server listener on 15384
2024-01-18 21:16:02,605 [IPC Server Responder] INFO  ipc.Server (Server.java:run(1567)) - Stopping IPC Server Responder
2024-01-18 21:16:02,809 [main] INFO  utils.DatanodeStoreCache (DatanodeStoreCache.java:shutdownCache(116)) - Skip clearing cache in mini cluster mode. Entries left: [/home/runner/work/ozone/ozone/hadoop-ozone/integration-test/target/test-dir/MiniOzoneClusterImpl-df9b5de2-b041-43db-b9a6-571161098f76/datanode-5/data-0/containers/hdds/df9b5de2-b041-43db-b9a6-571161098f76/DS-cfe5a5c3-28c5-46b9-bbbf-9906cd5d63a2/container.db, /home/runner/work/ozone/ozone/hadoop-ozone/integration-test/target/test-dir/MiniOzoneClusterImpl-df9b5de2-b041-43db-b9a6-571161098f76/datanode-6/data-0/containers/hdds/df9b5de2-b041-43db-b9a6-571161098f76/DS-dfff1bee-1f75-41df-9500-67b3bc704e13/container.db, /home/runner/work/ozone/ozone/hadoop-ozone/integration-test/target/test-dir/MiniOzoneClusterImpl-df9b5de2-b041-43db-b9a6-571161098f76/datanode-7/data-0/containers/hdds/df9b5de2-b041-43db-b9a6-571161098f76/DS-82c45e61-5f41-4780-a990-8f984622e5eb/container.db, /home/runner/work/ozone/ozone/hadoop-ozone/integration-test/target/test-dir/MiniOzoneClusterImpl-df9b5de2-b041-43db-b9a6-571161098f76/datanode-8/data-0/containers/hdds/df9b5de2-b041-43db-b9a6-571161098f76/DS-55038eef-ecff-4ccd-b6a6-1a2ec91f98b6/container.db]
2024-01-18 21:16:02,810 [main] INFO  utils.DatanodeStoreCache (DatanodeStoreCache.java:removeDB(110)) - Removed db /home/runner/work/ozone/ozone/hadoop-ozone/integration-test/target/test-dir/MiniOzoneClusterImpl-df9b5de2-b041-43db-b9a6-571161098f76/datanode-5/data-0/containers/hdds/df9b5de2-b041-43db-b9a6-571161098f76/DS-cfe5a5c3-28c5-46b9-bbbf-9906cd5d63a2/container.db from cache
2024-01-18 21:16:02,810 [main] INFO  volume.HddsVolume (HddsVolume.java:closeDbStore(451)) - SchemaV3 db is stopped at /home/runner/work/ozone/ozone/hadoop-ozone/integration-test/target/test-dir/MiniOzoneClusterImpl-df9b5de2-b041-43db-b9a6-571161098f76/datanode-5/data-0/containers/hdds/df9b5de2-b041-43db-b9a6-571161098f76/DS-cfe5a5c3-28c5-46b9-bbbf-9906cd5d63a2/container.db for volume DS-cfe5a5c3-28c5-46b9-bbbf-9906cd5d63a2
2024-01-18 21:16:02,810 [main] INFO  utils.BackgroundService (BackgroundService.java:shutdown(160)) - Shutting down service BlockDeletingService
2024-01-18 21:16:02,810 [main] INFO  utils.BackgroundService (BackgroundService.java:shutdown(160)) - Shutting down service StaleRecoveringContainerScrubbingService
2024-01-18 21:16:02,811 [main] INFO  statemachine.DatanodeStateMachine (DatanodeStateMachine.java:stopDaemon(638)) - Ozone container server stopped.
2024-01-18 21:16:02,812 [main] INFO  handler.ContextHandler (ContextHandler.java:doStop(1159)) - Stopped o.e.j.w.WebAppContext@73eb0060{hddsDatanode,/,null,STOPPED}{jar:file:/home/runner/.m2/repository/org/apache/ozone/hdds-container-service/1.5.0-SNAPSHOT/hdds-container-service-1.5.0-SNAPSHOT.jar!/webapps/hddsDatanode}
2024-01-18 21:16:02,812 [main] INFO  server.AbstractConnector (AbstractConnector.java:doStop(383)) - Stopped ServerConnector@4e9bbbfc{HTTP/1.1, (http/1.1)}{0.0.0.0:15410}
2024-01-18 21:16:02,812 [main] INFO  server.session (HouseKeeper.java:stopScavenging(149)) - node0 Stopped scavenging
2024-01-18 21:16:02,813 [main] INFO  handler.ContextHandler (ContextHandler.java:doStop(1159)) - Stopped o.e.j.s.ServletContextHandler@527d9cfe{static,/static,jar:file:/home/runner/.m2/repository/org/apache/ozone/hdds-container-service/1.5.0-SNAPSHOT/hdds-container-service-1.5.0-SNAPSHOT.jar!/webapps/static,STOPPED}
2024-01-18 21:16:02,813 [main] INFO  handler.ContextHandler (ContextHandler.java:doStop(1159)) - Stopped o.e.j.s.ServletContextHandler@4de89da7{logs,/logs,file:///home/runner/work/ozone/ozone/hadoop-ozone/integration-test/target/log,STOPPED}
2024-01-18 21:16:02,813 [main] INFO  ozone.HddsDatanodeClientProtocolServer (HddsDatanodeClientProtocolServer.java:stop(78)) - Stopping the RPC server for Client Protocol
2024-01-18 21:16:02,814 [main] INFO  ipc.Server (Server.java:stop(3523)) - Stopping server on 15411
2024-01-18 21:16:02,814 [IPC Server listener on 15411] INFO  ipc.Server (Server.java:run(1434)) - Stopping IPC Server listener on 15411
2024-01-18 21:16:02,814 [IPC Server Responder] INFO  ipc.Server (Server.java:run(1567)) - Stopping IPC Server Responder
2024-01-18 21:16:02,841 [ForkJoinPool.commonPool-worker-0] INFO  utils.DatanodeStoreCache (DatanodeStoreCache.java:shutdownCache(116)) - Skip clearing cache in mini cluster mode. Entries left: [/home/runner/work/ozone/ozone/hadoop-ozone/integration-test/target/test-dir/MiniOzoneClusterImpl-df9b5de2-b041-43db-b9a6-571161098f76/datanode-6/data-0/containers/hdds/df9b5de2-b041-43db-b9a6-571161098f76/DS-dfff1bee-1f75-41df-9500-67b3bc704e13/container.db, /home/runner/work/ozone/ozone/hadoop-ozone/integration-test/target/test-dir/MiniOzoneClusterImpl-df9b5de2-b041-43db-b9a6-571161098f76/datanode-7/data-0/containers/hdds/df9b5de2-b041-43db-b9a6-571161098f76/DS-82c45e61-5f41-4780-a990-8f984622e5eb/container.db, /home/runner/work/ozone/ozone/hadoop-ozone/integration-test/target/test-dir/MiniOzoneClusterImpl-df9b5de2-b041-43db-b9a6-571161098f76/datanode-8/data-0/containers/hdds/df9b5de2-b041-43db-b9a6-571161098f76/DS-55038eef-ecff-4ccd-b6a6-1a2ec91f98b6/container.db]
2024-01-18 21:16:02,842 [ForkJoinPool.commonPool-worker-0] INFO  utils.DatanodeStoreCache (DatanodeStoreCache.java:removeDB(110)) - Removed db /home/runner/work/ozone/ozone/hadoop-ozone/integration-test/target/test-dir/MiniOzoneClusterImpl-df9b5de2-b041-43db-b9a6-571161098f76/datanode-8/data-0/containers/hdds/df9b5de2-b041-43db-b9a6-571161098f76/DS-55038eef-ecff-4ccd-b6a6-1a2ec91f98b6/container.db from cache
2024-01-18 21:16:02,842 [ForkJoinPool.commonPool-worker-0] INFO  volume.HddsVolume (HddsVolume.java:closeDbStore(451)) - SchemaV3 db is stopped at /home/runner/work/ozone/ozone/hadoop-ozone/integration-test/target/test-dir/MiniOzoneClusterImpl-df9b5de2-b041-43db-b9a6-571161098f76/datanode-8/data-0/containers/hdds/df9b5de2-b041-43db-b9a6-571161098f76/DS-55038eef-ecff-4ccd-b6a6-1a2ec91f98b6/container.db for volume DS-55038eef-ecff-4ccd-b6a6-1a2ec91f98b6
2024-01-18 21:16:02,843 [ForkJoinPool.commonPool-worker-0] INFO  utils.BackgroundService (BackgroundService.java:shutdown(160)) - Shutting down service BlockDeletingService
2024-01-18 21:16:02,843 [ForkJoinPool.commonPool-worker-0] INFO  utils.BackgroundService (BackgroundService.java:shutdown(160)) - Shutting down service StaleRecoveringContainerScrubbingService
2024-01-18 21:16:02,844 [ForkJoinPool.commonPool-worker-0] INFO  statemachine.DatanodeStateMachine (DatanodeStateMachine.java:stopDaemon(638)) - Ozone container server stopped.
2024-01-18 21:16:02,845 [ForkJoinPool.commonPool-worker-0] INFO  handler.ContextHandler (ContextHandler.java:doStop(1159)) - Stopped o.e.j.w.WebAppContext@3d366256{hddsDatanode,/,null,STOPPED}{jar:file:/home/runner/.m2/repository/org/apache/ozone/hdds-container-service/1.5.0-SNAPSHOT/hdds-container-service-1.5.0-SNAPSHOT.jar!/webapps/hddsDatanode}
2024-01-18 21:16:02,845 [ForkJoinPool.commonPool-worker-0] INFO  server.AbstractConnector (AbstractConnector.java:doStop(383)) - Stopped ServerConnector@452440c0{HTTP/1.1, (http/1.1)}{0.0.0.0:15437}
2024-01-18 21:16:02,845 [ForkJoinPool.commonPool-worker-0] INFO  server.session (HouseKeeper.java:stopScavenging(149)) - node0 Stopped scavenging
2024-01-18 21:16:02,845 [ForkJoinPool.commonPool-worker-0] INFO  handler.ContextHandler (ContextHandler.java:doStop(1159)) - Stopped o.e.j.s.ServletContextHandler@68f3b67b{static,/static,jar:file:/home/runner/.m2/repository/org/apache/ozone/hdds-container-service/1.5.0-SNAPSHOT/hdds-container-service-1.5.0-SNAPSHOT.jar!/webapps/static,STOPPED}
2024-01-18 21:16:02,846 [ForkJoinPool.commonPool-worker-0] INFO  handler.ContextHandler (ContextHandler.java:doStop(1159)) - Stopped o.e.j.s.ServletContextHandler@352b1322{logs,/logs,file:///home/runner/work/ozone/ozone/hadoop-ozone/integration-test/target/log,STOPPED}
2024-01-18 21:16:02,846 [ForkJoinPool.commonPool-worker-0] INFO  ozone.HddsDatanodeClientProtocolServer (HddsDatanodeClientProtocolServer.java:stop(78)) - Stopping the RPC server for Client Protocol
2024-01-18 21:16:02,846 [ForkJoinPool.commonPool-worker-0] INFO  ipc.Server (Server.java:stop(3523)) - Stopping server on 15438
2024-01-18 21:16:02,847 [IPC Server listener on 15438] INFO  ipc.Server (Server.java:run(1434)) - Stopping IPC Server listener on 15438
2024-01-18 21:16:02,847 [IPC Server Responder] INFO  ipc.Server (Server.java:run(1567)) - Stopping IPC Server Responder
2024-01-18 21:16:02,871 [ForkJoinPool.commonPool-worker-5] INFO  utils.DatanodeStoreCache (DatanodeStoreCache.java:shutdownCache(116)) - Skip clearing cache in mini cluster mode. Entries left: [/home/runner/work/ozone/ozone/hadoop-ozone/integration-test/target/test-dir/MiniOzoneClusterImpl-df9b5de2-b041-43db-b9a6-571161098f76/datanode-6/data-0/containers/hdds/df9b5de2-b041-43db-b9a6-571161098f76/DS-dfff1bee-1f75-41df-9500-67b3bc704e13/container.db, /home/runner/work/ozone/ozone/hadoop-ozone/integration-test/target/test-dir/MiniOzoneClusterImpl-df9b5de2-b041-43db-b9a6-571161098f76/datanode-7/data-0/containers/hdds/df9b5de2-b041-43db-b9a6-571161098f76/DS-82c45e61-5f41-4780-a990-8f984622e5eb/container.db]
2024-01-18 21:16:02,872 [ForkJoinPool.commonPool-worker-5] INFO  utils.DatanodeStoreCache (DatanodeStoreCache.java:removeDB(110)) - Removed db /home/runner/work/ozone/ozone/hadoop-ozone/integration-test/target/test-dir/MiniOzoneClusterImpl-df9b5de2-b041-43db-b9a6-571161098f76/datanode-7/data-0/containers/hdds/df9b5de2-b041-43db-b9a6-571161098f76/DS-82c45e61-5f41-4780-a990-8f984622e5eb/container.db from cache
2024-01-18 21:16:02,872 [ForkJoinPool.commonPool-worker-5] INFO  volume.HddsVolume (HddsVolume.java:closeDbStore(451)) - SchemaV3 db is stopped at /home/runner/work/ozone/ozone/hadoop-ozone/integration-test/target/test-dir/MiniOzoneClusterImpl-df9b5de2-b041-43db-b9a6-571161098f76/datanode-7/data-0/containers/hdds/df9b5de2-b041-43db-b9a6-571161098f76/DS-82c45e61-5f41-4780-a990-8f984622e5eb/container.db for volume DS-82c45e61-5f41-4780-a990-8f984622e5eb
2024-01-18 21:16:02,873 [ForkJoinPool.commonPool-worker-5] INFO  utils.BackgroundService (BackgroundService.java:shutdown(160)) - Shutting down service BlockDeletingService
2024-01-18 21:16:02,873 [ForkJoinPool.commonPool-worker-5] INFO  utils.BackgroundService (BackgroundService.java:shutdown(160)) - Shutting down service StaleRecoveringContainerScrubbingService
2024-01-18 21:16:02,873 [ForkJoinPool.commonPool-worker-5] INFO  statemachine.DatanodeStateMachine (DatanodeStateMachine.java:stopDaemon(638)) - Ozone container server stopped.
2024-01-18 21:16:02,874 [ForkJoinPool.commonPool-worker-5] INFO  handler.ContextHandler (ContextHandler.java:doStop(1159)) - Stopped o.e.j.w.WebAppContext@4d2771bc{hddsDatanode,/,null,STOPPED}{jar:file:/home/runner/.m2/repository/org/apache/ozone/hdds-container-service/1.5.0-SNAPSHOT/hdds-container-service-1.5.0-SNAPSHOT.jar!/webapps/hddsDatanode}
2024-01-18 21:16:02,875 [ForkJoinPool.commonPool-worker-5] INFO  server.AbstractConnector (AbstractConnector.java:doStop(383)) - Stopped ServerConnector@5ae897b5{HTTP/1.1, (http/1.1)}{0.0.0.0:15428}
2024-01-18 21:16:02,875 [ForkJoinPool.commonPool-worker-5] INFO  server.session (HouseKeeper.java:stopScavenging(149)) - node0 Stopped scavenging
2024-01-18 21:16:02,875 [ForkJoinPool.commonPool-worker-5] INFO  handler.ContextHandler (ContextHandler.java:doStop(1159)) - Stopped o.e.j.s.ServletContextHandler@d62634d{static,/static,jar:file:/home/runner/.m2/repository/org/apache/ozone/hdds-container-service/1.5.0-SNAPSHOT/hdds-container-service-1.5.0-SNAPSHOT.jar!/webapps/static,STOPPED}
2024-01-18 21:16:02,875 [ForkJoinPool.commonPool-worker-5] INFO  handler.ContextHandler (ContextHandler.java:doStop(1159)) - Stopped o.e.j.s.ServletContextHandler@13e87573{logs,/logs,file:///home/runner/work/ozone/ozone/hadoop-ozone/integration-test/target/log,STOPPED}
2024-01-18 21:16:02,875 [ForkJoinPool.commonPool-worker-5] INFO  ozone.HddsDatanodeClientProtocolServer (HddsDatanodeClientProtocolServer.java:stop(78)) - Stopping the RPC server for Client Protocol
2024-01-18 21:16:02,876 [ForkJoinPool.commonPool-worker-5] INFO  ipc.Server (Server.java:stop(3523)) - Stopping server on 15429
2024-01-18 21:16:02,876 [IPC Server listener on 15429] INFO  ipc.Server (Server.java:run(1434)) - Stopping IPC Server listener on 15429
2024-01-18 21:16:02,876 [IPC Server Responder] INFO  ipc.Server (Server.java:run(1567)) - Stopping IPC Server Responder
2024-01-18 21:16:02,904 [EventQueue-StaleNodeForStaleNodeHandler] INFO  node.StaleNodeHandler (StaleNodeHandler.java:onMessage(57)) - Datanode 7adc501f-70c9-4652-b7fc-e7afe3d76740(fv-az776-647.gib5dkvrjkgedmzi5ptrevqpbg.bx.internal.cloudapp.net/10.1.0.44) moved to stale state. Finalizing its pipelines [PipelineID=680f8c4f-524d-4c69-9f3f-c928e238c9bb]
2024-01-18 21:16:02,904 [EventQueue-StaleNodeForStaleNodeHandler] INFO  pipeline.PipelineManagerImpl (PipelineManagerImpl.java:closePipeline(518)) - Pipeline PipelineID=680f8c4f-524d-4c69-9f3f-c928e238c9bb moved to CLOSED state
2024-01-18 21:16:02,931 [ForkJoinPool.commonPool-worker-7] INFO  utils.DatanodeStoreCache (DatanodeStoreCache.java:shutdownCache(116)) - Skip clearing cache in mini cluster mode. Entries left: [/home/runner/work/ozone/ozone/hadoop-ozone/integration-test/target/test-dir/MiniOzoneClusterImpl-df9b5de2-b041-43db-b9a6-571161098f76/datanode-6/data-0/containers/hdds/df9b5de2-b041-43db-b9a6-571161098f76/DS-dfff1bee-1f75-41df-9500-67b3bc704e13/container.db]
2024-01-18 21:16:02,932 [ForkJoinPool.commonPool-worker-7] INFO  utils.DatanodeStoreCache (DatanodeStoreCache.java:removeDB(110)) - Removed db /home/runner/work/ozone/ozone/hadoop-ozone/integration-test/target/test-dir/MiniOzoneClusterImpl-df9b5de2-b041-43db-b9a6-571161098f76/datanode-6/data-0/containers/hdds/df9b5de2-b041-43db-b9a6-571161098f76/DS-dfff1bee-1f75-41df-9500-67b3bc704e13/container.db from cache
2024-01-18 21:16:02,932 [ForkJoinPool.commonPool-worker-7] INFO  volume.HddsVolume (HddsVolume.java:closeDbStore(451)) - SchemaV3 db is stopped at /home/runner/work/ozone/ozone/hadoop-ozone/integration-test/target/test-dir/MiniOzoneClusterImpl-df9b5de2-b041-43db-b9a6-571161098f76/datanode-6/data-0/containers/hdds/df9b5de2-b041-43db-b9a6-571161098f76/DS-dfff1bee-1f75-41df-9500-67b3bc704e13/container.db for volume DS-dfff1bee-1f75-41df-9500-67b3bc704e13
2024-01-18 21:16:02,933 [ForkJoinPool.commonPool-worker-7] INFO  utils.BackgroundService (BackgroundService.java:shutdown(160)) - Shutting down service BlockDeletingService
2024-01-18 21:16:02,933 [ForkJoinPool.commonPool-worker-7] INFO  utils.BackgroundService (BackgroundService.java:shutdown(160)) - Shutting down service StaleRecoveringContainerScrubbingService
2024-01-18 21:16:02,933 [ForkJoinPool.commonPool-worker-7] INFO  statemachine.DatanodeStateMachine (DatanodeStateMachine.java:stopDaemon(638)) - Ozone container server stopped.
2024-01-18 21:16:02,935 [ForkJoinPool.commonPool-worker-7] INFO  handler.ContextHandler (ContextHandler.java:doStop(1159)) - Stopped o.e.j.w.WebAppContext@124a8d9d{hddsDatanode,/,null,STOPPED}{jar:file:/home/runner/.m2/repository/org/apache/ozone/hdds-container-service/1.5.0-SNAPSHOT/hdds-container-service-1.5.0-SNAPSHOT.jar!/webapps/hddsDatanode}
2024-01-18 21:16:02,935 [ForkJoinPool.commonPool-worker-7] INFO  server.AbstractConnector (AbstractConnector.java:doStop(383)) - Stopped ServerConnector@1b2adb50{HTTP/1.1, (http/1.1)}{0.0.0.0:15419}
2024-01-18 21:16:02,935 [ForkJoinPool.commonPool-worker-7] INFO  server.session (HouseKeeper.java:stopScavenging(149)) - node0 Stopped scavenging
2024-01-18 21:16:02,935 [ForkJoinPool.commonPool-worker-7] INFO  handler.ContextHandler (ContextHandler.java:doStop(1159)) - Stopped o.e.j.s.ServletContextHandler@63260831{static,/static,jar:file:/home/runner/.m2/repository/org/apache/ozone/hdds-container-service/1.5.0-SNAPSHOT/hdds-container-service-1.5.0-SNAPSHOT.jar!/webapps/static,STOPPED}
2024-01-18 21:16:02,935 [ForkJoinPool.commonPool-worker-7] INFO  handler.ContextHandler (ContextHandler.java:doStop(1159)) - Stopped o.e.j.s.ServletContextHandler@27df6c88{logs,/logs,file:///home/runner/work/ozone/ozone/hadoop-ozone/integration-test/target/log,STOPPED}
2024-01-18 21:16:02,936 [ForkJoinPool.commonPool-worker-7] INFO  ozone.HddsDatanodeClientProtocolServer (HddsDatanodeClientProtocolServer.java:stop(78)) - Stopping the RPC server for Client Protocol
2024-01-18 21:16:02,936 [ForkJoinPool.commonPool-worker-7] INFO  ipc.Server (Server.java:stop(3523)) - Stopping server on 15420
2024-01-18 21:16:02,936 [IPC Server listener on 15420] INFO  ipc.Server (Server.java:run(1434)) - Stopping IPC Server listener on 15420
2024-01-18 21:16:02,936 [IPC Server Responder] INFO  ipc.Server (Server.java:run(1567)) - Stopping IPC Server Responder
2024-01-18 21:16:02,937 [main] INFO  ozone.MiniOzoneClusterImpl (MiniOzoneClusterImpl.java:stopSCM(550)) - Stopping the StorageContainerManager
2024-01-18 21:16:02,937 [main] INFO  server.StorageContainerManager (StorageContainerManager.java:stop(1654)) - Container Balancer is not running.
2024-01-18 21:16:02,938 [main] INFO  server.StorageContainerManager (StorageContainerManager.java:stopReplicationManager(1787)) - Stopping Replication Manager Service.
2024-01-18 21:16:02,938 [main] INFO  replication.ReplicationManager (ReplicationManager.java:stop(326)) - Stopping Replication Monitor Thread.
2024-01-18 21:16:02,938 [main] INFO  server.StorageContainerManager (StorageContainerManager.java:stop(1663)) - Stopping the Datanode Admin Monitor.
2024-01-18 21:16:02,938 [ReplicationMonitor] INFO  replication.ReplicationManager (ReplicationManager.java:run(933)) - Replication Monitor Thread is stopped
2024-01-18 21:16:02,938 [OverReplicatedProcessor] WARN  replication.UnhealthyReplicationProcessor (UnhealthyReplicationProcessor.java:run(180)) - OverReplicatedProcessor interrupted. Exiting...
2024-01-18 21:16:02,938 [UnderReplicatedProcessor] WARN  replication.UnhealthyReplicationProcessor (UnhealthyReplicationProcessor.java:run(180)) - UnderReplicatedProcessor interrupted. Exiting...
2024-01-18 21:16:02,938 [main] INFO  server.StorageContainerManager (StorageContainerManager.java:stop(1670)) - Stopping datanode service RPC server
2024-01-18 21:16:02,938 [main] INFO  server.SCMDatanodeProtocolServer (SCMDatanodeProtocolServer.java:stop(425)) - Stopping the RPC server for DataNodes
2024-01-18 21:16:02,938 [main] INFO  ipc.Server (Server.java:stop(3523)) - Stopping server on 15358
2024-01-18 21:16:02,943 [IPC Server listener on 15358] INFO  ipc.Server (Server.java:run(1434)) - Stopping IPC Server listener on 15358
2024-01-18 21:16:02,944 [IPC Server Responder] INFO  ipc.Server (Server.java:run(1567)) - Stopping IPC Server Responder
2024-01-18 21:16:03,004 [SCMHeartbeatProcessor-0] WARN  node.NodeStateManager (NodeStateManager.java:scheduleNextHealthCheck(878)) - Current Thread is interrupted, shutting down HB processing thread for Node Manager.
2024-01-18 21:16:03,004 [main] INFO  server.StorageContainerManager (StorageContainerManager.java:stop(1678)) - Stopping block service RPC server
2024-01-18 21:16:03,004 [main] INFO  server.SCMBlockProtocolServer (SCMBlockProtocolServer.java:stop(169)) - Stopping the RPC server for Block Protocol
2024-01-18 21:16:03,004 [main] INFO  ipc.Server (Server.java:stop(3523)) - Stopping server on 15357
2024-01-18 21:16:03,005 [IPC Server Responder] INFO  ipc.Server (Server.java:run(1567)) - Stopping IPC Server Responder
2024-01-18 21:16:03,005 [IPC Server listener on 15357] INFO  ipc.Server (Server.java:run(1434)) - Stopping IPC Server listener on 15357
2024-01-18 21:16:03,006 [main] INFO  server.StorageContainerManager (StorageContainerManager.java:stop(1685)) - Stopping the StorageContainerLocationProtocol RPC server
2024-01-18 21:16:03,006 [main] INFO  server.SCMClientProtocolServer (SCMClientProtocolServer.java:stop(211)) - Stopping the RPC server for Client Protocol
2024-01-18 21:16:03,006 [main] INFO  ipc.Server (Server.java:stop(3523)) - Stopping server on 15356
2024-01-18 21:16:03,009 [IPC Server listener on 15356] INFO  ipc.Server (Server.java:run(1434)) - Stopping IPC Server listener on 15356
2024-01-18 21:16:03,010 [IPC Server Responder] INFO  ipc.Server (Server.java:run(1567)) - Stopping IPC Server Responder
2024-01-18 21:16:03,010 [main] INFO  server.StorageContainerManager (StorageContainerManager.java:stop(1692)) - Stopping Storage Container Manager HTTP server.
2024-01-18 21:16:03,010 [main] INFO  handler.ContextHandler (ContextHandler.java:doStop(1159)) - Stopped o.e.j.w.WebAppContext@5456a012{scm,/,null,STOPPED}{file:/home/runner/work/ozone/ozone/hadoop-ozone/integration-test/target/test-classes/webapps/scm}
2024-01-18 21:16:03,011 [main] INFO  server.AbstractConnector (AbstractConnector.java:doStop(383)) - Stopped ServerConnector@35035c73{HTTP/1.1, (http/1.1)}{0.0.0.0:15359}
2024-01-18 21:16:03,012 [main] INFO  server.session (HouseKeeper.java:stopScavenging(149)) - node0 Stopped scavenging
2024-01-18 21:16:03,012 [main] INFO  handler.ContextHandler (ContextHandler.java:doStop(1159)) - Stopped o.e.j.s.ServletContextHandler@9f1f075{static,/static,file:///home/runner/work/ozone/ozone/hadoop-ozone/integration-test/target/test-classes/webapps/static,STOPPED}
2024-01-18 21:16:03,012 [main] INFO  handler.ContextHandler (ContextHandler.java:doStop(1159)) - Stopped o.e.j.s.ServletContextHandler@427e3200{logs,/logs,file:///home/runner/work/ozone/ozone/hadoop-ozone/integration-test/target/log,STOPPED}
2024-01-18 21:16:03,013 [main] INFO  server.StorageContainerManager (StorageContainerManager.java:stop(1700)) - Stopping SCM LayoutVersionManager Service.
2024-01-18 21:16:03,013 [main] INFO  server.StorageContainerManager (StorageContainerManager.java:stop(1712)) - Stopping Block Manager Service.
2024-01-18 21:16:03,014 [main] INFO  utils.BackgroundService (BackgroundService.java:shutdown(160)) - Shutting down service SCMBlockDeletingService
2024-01-18 21:16:03,014 [main] INFO  utils.BackgroundService (BackgroundService.java:shutdown(160)) - Shutting down service SCMBlockDeletingService
2024-01-18 21:16:03,014 [main] INFO  server.StorageContainerManager (StorageContainerManager.java:stop(1732)) - Stopping SCM Event Queue.
2024-01-18 21:16:03,015 [JvmPauseMonitor44] INFO  util.JvmPauseMonitor (JvmPauseMonitor.java:run(152)) - JvmPauseMonitor-56ff6910-fbc2-4159-86b9-1650b79ef699: Stopped
2024-01-18 21:16:03,015 [main] INFO  server.StorageContainerManager (StorageContainerManager.java:stop(1743)) - Stopping SCM HA services.
2024-01-18 21:16:03,015 [main] INFO  pipeline.BackgroundPipelineCreator (BackgroundPipelineCreator.java:stop(152)) - Stopping RatisPipelineUtilsThread.
2024-01-18 21:16:03,016 [RatisPipelineUtilsThread-0] WARN  pipeline.BackgroundPipelineCreator (BackgroundPipelineCreator.java:run(183)) - RatisPipelineUtilsThread is interrupted.
2024-01-18 21:16:03,016 [main] INFO  BackgroundPipelineScrubber (BackgroundSCMService.java:stop(131)) - Stopping BackgroundPipelineScrubber Service.
2024-01-18 21:16:03,016 [BackgroundPipelineScrubber] WARN  BackgroundPipelineScrubber (BackgroundSCMService.java:run(115)) - BackgroundPipelineScrubber is interrupted, exit
2024-01-18 21:16:03,016 [main] INFO  impl.MetricsSystemImpl (MetricsSystemImpl.java:stop(210)) - Stopping HddsDatanode metrics system...
2024-01-18 21:16:03,019 [prometheus] INFO  impl.MetricsSinkAdapter (MetricsSinkAdapter.java:publishMetricsFromQueue(141)) - prometheus thread interrupted.
2024-01-18 21:16:03,019 [main] INFO  impl.MetricsSystemImpl (MetricsSystemImpl.java:stop(216)) - HddsDatanode metrics system stopped.
2024-01-18 21:16:03,019 [main] WARN  pipeline.BackgroundPipelineCreator (BackgroundPipelineCreator.java:stop(148)) - RatisPipelineUtilsThread is not running, just ignore.
2024-01-18 21:16:03,020 [main] INFO  BackgroundPipelineScrubber (BackgroundSCMService.java:stop(126)) - BackgroundPipelineScrubber Service is not running, skip stop.
2024-01-18 21:16:03,020 [main] INFO  ExpiredContainerReplicaOpScrubber (BackgroundSCMService.java:stop(131)) - Stopping ExpiredContainerReplicaOpScrubber Service.
2024-01-18 21:16:03,020 [ExpiredContainerReplicaOpScrubber] WARN  ExpiredContainerReplicaOpScrubber (BackgroundSCMService.java:run(115)) - ExpiredContainerReplicaOpScrubber is interrupted, exit
2024-01-18 21:16:03,020 [main] INFO  utils.BackgroundService (BackgroundService.java:shutdown(160)) - Shutting down service SCMBlockDeletingService
2024-01-18 21:16:03,021 [main] INFO  replication.ReplicationManager (ReplicationManager.java:stop(336)) - Replication Monitor Thread is not running.
2024-01-18 21:16:03,021 [main] WARN  balancer.ContainerBalancer (ContainerBalancer.java:stop(327)) - Cannot stop Container Balancer because it's not running or stopping
2024-01-18 21:16:03,021 [LeaseManager#LeaseMonitor] WARN  lease.LeaseManager (LeaseManager.java:run(287)) - Lease manager is interrupted. Shutting down...
java.lang.InterruptedException
	at java.util.concurrent.locks.AbstractQueuedSynchronizer.doAcquireSharedNanos(AbstractQueuedSynchronizer.java:1039)
	at java.util.concurrent.locks.AbstractQueuedSynchronizer.tryAcquireSharedNanos(AbstractQueuedSynchronizer.java:1328)
	at java.util.concurrent.Semaphore.tryAcquire(Semaphore.java:409)
	at org.apache.hadoop.ozone.lease.LeaseManager$LeaseMonitor.run(LeaseManager.java:285)
	at java.lang.Thread.run(Thread.java:750)
2024-01-18 21:16:03,021 [main] INFO  server.StorageContainerManager (StorageContainerManager.java:stop(1778)) - Stopping SCM MetadataStore.
]]></system-out>
    </flakyFailure>
  </testcase>
  <testcase name="testWatchForCommitForGroupMismatchException" classname="org.apache.hadoop.ozone.client.rpc.TestWatchForCommit" time="26.699"/>
  <testcase name="test2WayCommitForTimeoutException" classname="org.apache.hadoop.ozone.client.rpc.TestWatchForCommit" time="23.728"/>
</testsuite>