<?xml version="1.0" encoding="UTF-8"?>
<testsuite xmlns:xsi="http://www.w3.org/2001/XMLSchema-instance" xsi:noNamespaceSchemaLocation="https://maven.apache.org/surefire/maven-surefire-plugin/xsd/surefire-test-report.xsd" name="org.apache.hadoop.ozone.client.rpc.TestBlockOutputStreamWithFailures" time="637.711" tests="5" errors="1" skipped="0" failures="0">
  <properties>
    <property name="awt.toolkit" value="sun.awt.X11.XToolkit"/>
    <property name="file.encoding.pkg" value="sun.io"/>
    <property name="java.specification.version" value="1.8"/>
    <property name="sun.cpu.isalist" value=""/>
    <property name="sun.jnu.encoding" value="UTF-8"/>
    <property name="java.class.path" value="/home/runner/work/ozone/ozone/hadoop-ozone/integration-test/target/test-classes:/home/runner/work/ozone/ozone/hadoop-ozone/integration-test/target/classes:/home/runner/.m2/repository/org/apache/ozone/ozone-common/1.2.0-SNAPSHOT/ozone-common-1.2.0-SNAPSHOT.jar:/home/runner/.m2/repository/org/apache/commons/commons-compress/1.21/commons-compress-1.21.jar:/home/runner/.m2/repository/org/apache/ozone/hdds-common/1.2.0-SNAPSHOT/hdds-common-1.2.0-SNAPSHOT.jar:/home/runner/.m2/repository/org/apache/ozone/hdds-client/1.2.0-SNAPSHOT/hdds-client-1.2.0-SNAPSHOT.jar:/home/runner/.m2/repository/org/apache/ozone/ozone-interface-client/1.2.0-SNAPSHOT/ozone-interface-client-1.2.0-SNAPSHOT.jar:/home/runner/.m2/repository/org/apache/ozone/hdds-test-utils/1.2.0-SNAPSHOT/hdds-test-utils-1.2.0-SNAPSHOT.jar:/home/runner/.m2/repository/com/google/guava/guava/30.1.1-jre/guava-30.1.1-jre.jar:/home/runner/.m2/repository/com/google/guava/failureaccess/1.0.1/failureaccess-1.0.1.jar:/home/runner/.m2/repository/com/google/guava/listenablefuture/9999.0-empty-to-avoid-conflict-with-guava/listenablefuture-9999.0-empty-to-avoid-conflict-with-guava.jar:/home/runner/.m2/repository/com/google/code/findbugs/jsr305/3.0.0/jsr305-3.0.0.jar:/home/runner/.m2/repository/org/checkerframework/checker-qual/3.8.0/checker-qual-3.8.0.jar:/home/runner/.m2/repository/com/google/errorprone/error_prone_annotations/2.2.0/error_prone_annotations-2.2.0.jar:/home/runner/.m2/repository/com/google/j2objc/j2objc-annotations/1.3/j2objc-annotations-1.3.jar:/home/runner/.m2/repository/commons-io/commons-io/2.11.0/commons-io-2.11.0.jar:/home/runner/.m2/repository/commons-logging/commons-logging/1.2/commons-logging-1.2.jar:/home/runner/.m2/repository/log4j/log4j/1.2.17/log4j-1.2.17.jar:/home/runner/.m2/repository/org/slf4j/slf4j-api/1.7.30/slf4j-api-1.7.30.jar:/home/runner/.m2/repository/org/apache/ozone/hdds-server-scm/1.2.0-SNAPSHOT/hdds-server-scm-1.2.0-SNAPSHOT.jar:/home/runner/.m2/repository/org/apache/ozone/hdds-container-service/1.2.0-SNAPSHOT/hdds-container-service-1.2.0-SNAPSHOT.jar:/home/runner/.m2/repository/org/apache/ozone/hdds-hadoop-dependency-server/1.2.0-SNAPSHOT/hdds-hadoop-dependency-server-1.2.0-SNAPSHOT.jar:/home/runner/.m2/repository/org/apache/hadoop/hadoop-hdfs/3.3.1/hadoop-hdfs-3.3.1.jar:/home/runner/.m2/repository/org/apache/ozone/hdds-server-framework/1.2.0-SNAPSHOT/hdds-server-framework-1.2.0-SNAPSHOT.jar:/home/runner/.m2/repository/org/apache/ozone/hdds-interface-server/1.2.0-SNAPSHOT/hdds-interface-server-1.2.0-SNAPSHOT.jar:/home/runner/.m2/repository/org/eclipse/jetty/jetty-servlet/9.4.43.v20210629/jetty-servlet-9.4.43.v20210629.jar:/home/runner/.m2/repository/org/eclipse/jetty/jetty-security/9.4.43.v20210629/jetty-security-9.4.43.v20210629.jar:/home/runner/.m2/repository/org/rocksdb/rocksdbjni/6.20.3/rocksdbjni-6.20.3.jar:/home/runner/.m2/repository/io/prometheus/simpleclient_dropwizard/0.7.0/simpleclient_dropwizard-0.7.0.jar:/home/runner/.m2/repository/io/prometheus/simpleclient/0.7.0/simpleclient-0.7.0.jar:/home/runner/.m2/repository/io/prometheus/simpleclient_common/0.7.0/simpleclient_common-0.7.0.jar:/home/runner/.m2/repository/com/fasterxml/jackson/datatype/jackson-datatype-jsr310/2.12.1/jackson-datatype-jsr310-2.12.1.jar:/home/runner/.m2/repository/io/dropwizard/metrics/metrics-core/3.2.4/metrics-core-3.2.4.jar:/home/runner/.m2/repository/org/apache/hadoop/hadoop-hdfs-client/3.3.1/hadoop-hdfs-client-3.3.1.jar:/home/runner/.m2/repository/org/bouncycastle/bcprov-jdk15on/1.67/bcprov-jdk15on-1.67.jar:/home/runner/.m2/repository/com/google/protobuf/protobuf-java/2.5.0/protobuf-java-2.5.0.jar:/home/runner/.m2/repository/org/apache/ozone/ozone-manager/1.2.0-SNAPSHOT/ozone-manager-1.2.0-SNAPSHOT.jar:/home/runner/.m2/repository/org/aspectj/aspectjrt/1.9.7/aspectjrt-1.9.7.jar:/home/runner/.m2/repository/org/aspectj/aspectjweaver/1.9.7/aspectjweaver-1.9.7.jar:/home/runner/.m2/repository/org/apache/ozone/hdds-interface-client/1.2.0-SNAPSHOT/hdds-interface-client-1.2.0-SNAPSHOT.jar:/home/runner/.m2/repository/org/apache/hadoop/thirdparty/hadoop-shaded-protobuf_3_7/1.1.1/hadoop-shaded-protobuf_3_7-1.1.1.jar:/home/runner/.m2/repository/org/apache/ozone/ozone-interface-storage/1.2.0-SNAPSHOT/ozone-interface-storage-1.2.0-SNAPSHOT.jar:/home/runner/.m2/repository/org/reflections/reflections/0.9.11/reflections-0.9.11.jar:/home/runner/.m2/repository/org/apache/hadoop/hadoop-minikdc/3.3.1/hadoop-minikdc-3.3.1.jar:/home/runner/.m2/repository/org/apache/kerby/kerb-simplekdc/1.0.1/kerb-simplekdc-1.0.1.jar:/home/runner/.m2/repository/org/apache/kerby/kerb-client/1.0.1/kerb-client-1.0.1.jar:/home/runner/.m2/repository/org/apache/kerby/kerby-config/1.0.1/kerby-config-1.0.1.jar:/home/runner/.m2/repository/org/apache/kerby/kerb-common/1.0.1/kerb-common-1.0.1.jar:/home/runner/.m2/repository/org/apache/kerby/kerb-crypto/1.0.1/kerb-crypto-1.0.1.jar:/home/runner/.m2/repository/org/apache/kerby/kerb-util/1.0.1/kerb-util-1.0.1.jar:/home/runner/.m2/repository/org/apache/kerby/token-provider/1.0.1/token-provider-1.0.1.jar:/home/runner/.m2/repository/org/apache/kerby/kerb-admin/1.0.1/kerb-admin-1.0.1.jar:/home/runner/.m2/repository/org/apache/kerby/kerb-server/1.0.1/kerb-server-1.0.1.jar:/home/runner/.m2/repository/org/apache/kerby/kerb-identity/1.0.1/kerb-identity-1.0.1.jar:/home/runner/.m2/repository/org/apache/kerby/kerby-xdr/1.0.1/kerby-xdr-1.0.1.jar:/home/runner/.m2/repository/org/slf4j/slf4j-log4j12/1.7.30/slf4j-log4j12-1.7.30.jar:/home/runner/.m2/repository/org/apache/ozone/ozone-s3gateway/1.2.0-SNAPSHOT/ozone-s3gateway-1.2.0-SNAPSHOT.jar:/home/runner/.m2/repository/org/javassist/javassist/3.21.0-GA/javassist-3.21.0-GA.jar:/home/runner/.m2/repository/org/jboss/weld/servlet/weld-servlet/2.4.7.Final/weld-servlet-2.4.7.Final.jar:/home/runner/.m2/repository/org/glassfish/jersey/containers/jersey-container-servlet-core/2.33/jersey-container-servlet-core-2.33.jar:/home/runner/.m2/repository/org/glassfish/hk2/external/jakarta.inject/2.6.1/jakarta.inject-2.6.1.jar:/home/runner/.m2/repository/org/glassfish/jersey/core/jersey-common/2.33/jersey-common-2.33.jar:/home/runner/.m2/repository/jakarta/ws/rs/jakarta.ws.rs-api/2.1.6/jakarta.ws.rs-api-2.1.6.jar:/home/runner/.m2/repository/org/glassfish/jersey/ext/cdi/jersey-cdi1x/2.33/jersey-cdi1x-2.33.jar:/home/runner/.m2/repository/org/glassfish/jersey/inject/jersey-hk2/2.33/jersey-hk2-2.33.jar:/home/runner/.m2/repository/org/glassfish/hk2/hk2-locator/2.6.1/hk2-locator-2.6.1.jar:/home/runner/.m2/repository/org/glassfish/jersey/media/jersey-media-jaxb/2.33/jersey-media-jaxb-2.33.jar:/home/runner/.m2/repository/org/glassfish/hk2/osgi-resource-locator/1.0.3/osgi-resource-locator-1.0.3.jar:/home/runner/.m2/repository/org/glassfish/hk2/hk2-api/2.5.0/hk2-api-2.5.0.jar:/home/runner/.m2/repository/org/glassfish/hk2/hk2-utils/2.5.0/hk2-utils-2.5.0.jar:/home/runner/.m2/repository/org/glassfish/hk2/external/aopalliance-repackaged/2.5.0/aopalliance-repackaged-2.5.0.jar:/home/runner/.m2/repository/com/fasterxml/jackson/dataformat/jackson-dataformat-xml/2.12.1/jackson-dataformat-xml-2.12.1.jar:/home/runner/.m2/repository/com/fasterxml/jackson/core/jackson-core/2.12.1/jackson-core-2.12.1.jar:/home/runner/.m2/repository/com/fasterxml/jackson/module/jackson-module-jaxb-annotations/2.12.1/jackson-module-jaxb-annotations-2.12.1.jar:/home/runner/.m2/repository/jakarta/xml/bind/jakarta.xml.bind-api/2.3.2/jakarta.xml.bind-api-2.3.2.jar:/home/runner/.m2/repository/org/codehaus/woodstox/stax2-api/3.1.4/stax2-api-3.1.4.jar:/home/runner/.m2/repository/com/fasterxml/woodstox/woodstox-core/5.0.3/woodstox-core-5.0.3.jar:/home/runner/.m2/repository/javax/enterprise/cdi-api/1.2/cdi-api-1.2.jar:/home/runner/.m2/repository/javax/el/javax.el-api/3.0.0/javax.el-api-3.0.0.jar:/home/runner/.m2/repository/javax/interceptor/javax.interceptor-api/1.2/javax.interceptor-api-1.2.jar:/home/runner/.m2/repository/javax/inject/javax.inject/1/javax.inject-1.jar:/home/runner/.m2/repository/javax/xml/bind/jaxb-api/2.3.0/jaxb-api-2.3.0.jar:/home/runner/.m2/repository/org/glassfish/jaxb/jaxb-runtime/2.3.0.1/jaxb-runtime-2.3.0.1.jar:/home/runner/.m2/repository/org/glassfish/jaxb/jaxb-core/2.3.0.1/jaxb-core-2.3.0.1.jar:/home/runner/.m2/repository/org/glassfish/jaxb/txw2/2.3.0.1/txw2-2.3.0.1.jar:/home/runner/.m2/repository/com/sun/istack/istack-commons-runtime/3.0.5/istack-commons-runtime-3.0.5.jar:/home/runner/.m2/repository/org/jvnet/staxex/stax-ex/1.7.8/stax-ex-1.7.8.jar:/home/runner/.m2/repository/com/sun/xml/fastinfoset/FastInfoset/1.2.13/FastInfoset-1.2.13.jar:/home/runner/.m2/repository/javax/activation/activation/1.1.1/activation-1.1.1.jar:/home/runner/.m2/repository/org/apache/ozone/ozone-csi/1.2.0-SNAPSHOT/ozone-csi-1.2.0-SNAPSHOT.jar:/home/runner/.m2/repository/com/google/protobuf/protobuf-java-util/3.12.0/protobuf-java-util-3.12.0.jar:/home/runner/.m2/repository/com/google/code/gson/gson/2.2.4/gson-2.2.4.jar:/home/runner/.m2/repository/org/apache/ozone/hdds-config/1.2.0-SNAPSHOT/hdds-config-1.2.0-SNAPSHOT.jar:/home/runner/.m2/repository/io/grpc/grpc-netty/1.33.0/grpc-netty-1.33.0.jar:/home/runner/.m2/repository/io/grpc/grpc-core/1.33.0/grpc-core-1.33.0.jar:/home/runner/.m2/repository/com/google/android/annotations/4.1.1.4/annotations-4.1.1.4.jar:/home/runner/.m2/repository/io/netty/netty-codec-http2/4.1.63.Final/netty-codec-http2-4.1.63.Final.jar:/home/runner/.m2/repository/io/netty/netty-codec-http/4.1.63.Final/netty-codec-http-4.1.63.Final.jar:/home/runner/.m2/repository/io/netty/netty-handler-proxy/4.1.63.Final/netty-handler-proxy-4.1.63.Final.jar:/home/runner/.m2/repository/io/netty/netty-codec-socks/4.1.63.Final/netty-codec-socks-4.1.63.Final.jar:/home/runner/.m2/repository/io/perfmark/perfmark-api/0.19.0/perfmark-api-0.19.0.jar:/home/runner/.m2/repository/org/codehaus/mojo/animal-sniffer-annotations/1.18/animal-sniffer-annotations-1.18.jar:/home/runner/.m2/repository/io/netty/netty-transport-native-epoll/4.1.63.Final/netty-transport-native-epoll-4.1.63.Final.jar:/home/runner/.m2/repository/io/netty/netty-common/4.1.63.Final/netty-common-4.1.63.Final.jar:/home/runner/.m2/repository/io/netty/netty-buffer/4.1.63.Final/netty-buffer-4.1.63.Final.jar:/home/runner/.m2/repository/io/netty/netty-transport-native-unix-common/4.1.63.Final/netty-transport-native-unix-common-4.1.63.Final.jar:/home/runner/.m2/repository/io/grpc/grpc-protobuf/1.33.0/grpc-protobuf-1.33.0.jar:/home/runner/.m2/repository/io/grpc/grpc-api/1.33.0/grpc-api-1.33.0.jar:/home/runner/.m2/repository/io/grpc/grpc-context/1.33.0/grpc-context-1.33.0.jar:/home/runner/.m2/repository/com/google/api/grpc/proto-google-common-protos/1.17.0/proto-google-common-protos-1.17.0.jar:/home/runner/.m2/repository/io/grpc/grpc-protobuf-lite/1.33.0/grpc-protobuf-lite-1.33.0.jar:/home/runner/.m2/repository/io/grpc/grpc-stub/1.33.0/grpc-stub-1.33.0.jar:/home/runner/.m2/repository/org/apache/ozone/ozone-recon/1.2.0-SNAPSHOT/ozone-recon-1.2.0-SNAPSHOT.jar:/home/runner/.m2/repository/org/apache/ozone/ozone-reconcodegen/1.2.0-SNAPSHOT/ozone-reconcodegen-1.2.0-SNAPSHOT.jar:/home/runner/.m2/repository/com/google/inject/extensions/guice-multibindings/4.0/guice-multibindings-4.0.jar:/home/runner/.m2/repository/com/google/inject/guice/4.0/guice-4.0.jar:/home/runner/.m2/repository/aopalliance/aopalliance/1.0/aopalliance-1.0.jar:/home/runner/.m2/repository/com/google/inject/extensions/guice-assistedinject/4.0/guice-assistedinject-4.0.jar:/home/runner/.m2/repository/com/google/inject/extensions/guice-servlet/4.0/guice-servlet-4.0.jar:/home/runner/.m2/repository/org/glassfish/jersey/containers/jersey-container-servlet/2.33/jersey-container-servlet-2.33.jar:/home/runner/.m2/repository/org/glassfish/hk2/guice-bridge/2.5.0/guice-bridge-2.5.0.jar:/home/runner/.m2/repository/org/glassfish/jersey/core/jersey-server/2.33/jersey-server-2.33.jar:/home/runner/.m2/repository/org/glassfish/jersey/core/jersey-client/2.33/jersey-client-2.33.jar:/home/runner/.m2/repository/jakarta/annotation/jakarta.annotation-api/1.3.5/jakarta.annotation-api-1.3.5.jar:/home/runner/.m2/repository/jakarta/validation/jakarta.validation-api/2.0.2/jakarta.validation-api-2.0.2.jar:/home/runner/.m2/repository/org/glassfish/jersey/media/jersey-media-json-jackson/2.33/jersey-media-json-jackson-2.33.jar:/home/runner/.m2/repository/org/glassfish/jersey/ext/jersey-entity-filtering/2.33/jersey-entity-filtering-2.33.jar:/home/runner/.m2/repository/org/jooq/jooq/3.11.10/jooq-3.11.10.jar:/home/runner/.m2/repository/org/jooq/jooq-meta/3.11.10/jooq-meta-3.11.10.jar:/home/runner/.m2/repository/org/jooq/jooq-codegen/3.11.10/jooq-codegen-3.11.10.jar:/home/runner/.m2/repository/com/jolbox/bonecp/0.8.0.RELEASE/bonecp-0.8.0.RELEASE.jar:/home/runner/.m2/repository/org/apache/derby/derby/10.14.2.0/derby-10.14.2.0.jar:/home/runner/.m2/repository/org/xerial/sqlite-jdbc/3.25.2/sqlite-jdbc-3.25.2.jar:/home/runner/.m2/repository/org/springframework/spring-jdbc/5.2.17.RELEASE/spring-jdbc-5.2.17.RELEASE.jar:/home/runner/.m2/repository/org/springframework/spring-beans/5.2.17.RELEASE/spring-beans-5.2.17.RELEASE.jar:/home/runner/.m2/repository/org/springframework/spring-core/5.2.17.RELEASE/spring-core-5.2.17.RELEASE.jar:/home/runner/.m2/repository/org/springframework/spring-jcl/5.2.17.RELEASE/spring-jcl-5.2.17.RELEASE.jar:/home/runner/.m2/repository/org/springframework/spring-tx/5.2.17.RELEASE/spring-tx-5.2.17.RELEASE.jar:/home/runner/.m2/repository/org/apache/ozone/ozone-client/1.2.0-SNAPSHOT/ozone-client-1.2.0-SNAPSHOT.jar:/home/runner/.m2/repository/org/apache/ozone/ozone-filesystem/1.2.0-SNAPSHOT/ozone-filesystem-1.2.0-SNAPSHOT.jar:/home/runner/.m2/repository/org/apache/ozone/ozone-filesystem-common/1.2.0-SNAPSHOT/ozone-filesystem-common-1.2.0-SNAPSHOT.jar:/home/runner/.m2/repository/org/apache/ozone/ozone-tools/1.2.0-SNAPSHOT/ozone-tools-1.2.0-SNAPSHOT.jar:/home/runner/.m2/repository/org/apache/ratis/ratis-tools/2.2.0/ratis-tools-2.2.0.jar:/home/runner/.m2/repository/com/amazonaws/aws-java-sdk-core/1.11.1034/aws-java-sdk-core-1.11.1034.jar:/home/runner/.m2/repository/org/apache/httpcomponents/httpclient/4.5.13/httpclient-4.5.13.jar:/home/runner/.m2/repository/org/apache/httpcomponents/httpcore/4.4.13/httpcore-4.4.13.jar:/home/runner/.m2/repository/software/amazon/ion/ion-java/1.0.2/ion-java-1.0.2.jar:/home/runner/.m2/repository/com/fasterxml/jackson/dataformat/jackson-dataformat-cbor/2.12.1/jackson-dataformat-cbor-2.12.1.jar:/home/runner/.m2/repository/joda-time/joda-time/2.8.1/joda-time-2.8.1.jar:/home/runner/.m2/repository/com/amazonaws/aws-java-sdk-s3/1.11.1034/aws-java-sdk-s3-1.11.1034.jar:/home/runner/.m2/repository/com/amazonaws/aws-java-sdk-kms/1.11.1034/aws-java-sdk-kms-1.11.1034.jar:/home/runner/.m2/repository/com/amazonaws/jmespath-java/1.11.1034/jmespath-java-1.11.1034.jar:/home/runner/.m2/repository/org/kohsuke/metainf-services/metainf-services/1.8/metainf-services-1.8.jar:/home/runner/.m2/repository/org/apache/ozone/hdds-tools/1.2.0-SNAPSHOT/hdds-tools-1.2.0-SNAPSHOT.jar:/home/runner/.m2/repository/commons-cli/commons-cli/1.2/commons-cli-1.2.jar:/home/runner/.m2/repository/org/apache/commons/commons-lang3/3.7/commons-lang3-3.7.jar:/home/runner/.m2/repository/org/apache/ozone/ozone-manager/1.2.0-SNAPSHOT/ozone-manager-1.2.0-SNAPSHOT-tests.jar:/home/runner/.m2/repository/org/apache/ozone/hdds-common/1.2.0-SNAPSHOT/hdds-common-1.2.0-SNAPSHOT-tests.jar:/home/runner/.m2/repository/org/apache/ozone/hdds-hadoop-dependency-client/1.2.0-SNAPSHOT/hdds-hadoop-dependency-client-1.2.0-SNAPSHOT.jar:/home/runner/.m2/repository/info/picocli/picocli/4.6.1/picocli-4.6.1.jar:/home/runner/.m2/repository/com/fasterxml/jackson/core/jackson-annotations/2.12.1/jackson-annotations-2.12.1.jar:/home/runner/.m2/repository/javax/annotation/javax.annotation-api/1.2/javax.annotation-api-1.2.jar:/home/runner/.m2/repository/org/apache/ratis/ratis-server/2.2.0/ratis-server-2.2.0.jar:/home/runner/.m2/repository/org/apache/ratis/ratis-client/2.2.0/ratis-client-2.2.0.jar:/home/runner/.m2/repository/org/apache/ratis/ratis-server-api/2.2.0/ratis-server-api-2.2.0.jar:/home/runner/.m2/repository/org/apache/ratis/ratis-metrics/2.2.0/ratis-metrics-2.2.0.jar:/home/runner/.m2/repository/org/apache/ratis/ratis-netty/2.2.0/ratis-netty-2.2.0.jar:/home/runner/.m2/repository/org/apache/ratis/ratis-grpc/2.2.0/ratis-grpc-2.2.0.jar:/home/runner/.m2/repository/org/apache/logging/log4j/log4j-api/2.13.3/log4j-api-2.13.3.jar:/home/runner/.m2/repository/org/apache/logging/log4j/log4j-core/2.13.3/log4j-core-2.13.3.jar:/home/runner/.m2/repository/com/lmax/disruptor/3.4.2/disruptor-3.4.2.jar:/home/runner/.m2/repository/org/apache/commons/commons-pool2/2.6.0/commons-pool2-2.6.0.jar:/home/runner/.m2/repository/org/bouncycastle/bcpkix-jdk15on/1.67/bcpkix-jdk15on-1.67.jar:/home/runner/.m2/repository/commons-validator/commons-validator/1.6/commons-validator-1.6.jar:/home/runner/.m2/repository/commons-beanutils/commons-beanutils/1.9.4/commons-beanutils-1.9.4.jar:/home/runner/.m2/repository/commons-digester/commons-digester/1.8.1/commons-digester-1.8.1.jar:/home/runner/.m2/repository/commons-collections/commons-collections/3.2.2/commons-collections-3.2.2.jar:/home/runner/.m2/repository/io/jaegertracing/jaeger-client/1.6.0/jaeger-client-1.6.0.jar:/home/runner/.m2/repository/io/jaegertracing/jaeger-thrift/1.6.0/jaeger-thrift-1.6.0.jar:/home/runner/.m2/repository/org/apache/thrift/libthrift/0.14.1/libthrift-0.14.1.jar:/home/runner/.m2/repository/com/squareup/okhttp3/okhttp/4.9.0/okhttp-4.9.0.jar:/home/runner/.m2/repository/com/squareup/okio/okio/2.8.0/okio-2.8.0.jar:/home/runner/.m2/repository/io/jaegertracing/jaeger-core/1.6.0/jaeger-core-1.6.0.jar:/home/runner/.m2/repository/io/jaegertracing/jaeger-tracerresolver/1.6.0/jaeger-tracerresolver-1.6.0.jar:/home/runner/.m2/repository/io/opentracing/contrib/opentracing-tracerresolver/0.1.8/opentracing-tracerresolver-0.1.8.jar:/home/runner/.m2/repository/org/jetbrains/kotlin/kotlin-stdlib/1.4.31/kotlin-stdlib-1.4.31.jar:/home/runner/.m2/repository/org/jetbrains/kotlin/kotlin-stdlib-common/1.4.31/kotlin-stdlib-common-1.4.31.jar:/home/runner/.m2/repository/org/jetbrains/annotations/13.0/annotations-13.0.jar:/home/runner/.m2/repository/io/opentracing/opentracing-util/0.33.0/opentracing-util-0.33.0.jar:/home/runner/.m2/repository/io/opentracing/opentracing-api/0.33.0/opentracing-api-0.33.0.jar:/home/runner/.m2/repository/io/opentracing/opentracing-noop/0.33.0/opentracing-noop-0.33.0.jar:/home/runner/.m2/repository/org/yaml/snakeyaml/1.26/snakeyaml-1.26.jar:/home/runner/.m2/repository/org/apache/ozone/hdds-interface-admin/1.2.0-SNAPSHOT/hdds-interface-admin-1.2.0-SNAPSHOT.jar:/home/runner/.m2/repository/junit/junit/4.13.1/junit-4.13.1.jar:/home/runner/.m2/repository/org/hamcrest/hamcrest-core/1.3/hamcrest-core-1.3.jar:/home/runner/.m2/repository/org/junit/jupiter/junit-jupiter-api/5.7.0/junit-jupiter-api-5.7.0.jar:/home/runner/.m2/repository/org/apiguardian/apiguardian-api/1.1.0/apiguardian-api-1.1.0.jar:/home/runner/.m2/repository/org/opentest4j/opentest4j/1.2.0/opentest4j-1.2.0.jar:/home/runner/.m2/repository/org/junit/platform/junit-platform-commons/1.7.0/junit-platform-commons-1.7.0.jar:/home/runner/.m2/repository/org/junit/jupiter/junit-jupiter-engine/5.7.0/junit-jupiter-engine-5.7.0.jar:/home/runner/.m2/repository/org/junit/platform/junit-platform-engine/1.7.0/junit-platform-engine-1.7.0.jar:/home/runner/.m2/repository/org/junit/vintage/junit-vintage-engine/5.7.0/junit-vintage-engine-5.7.0.jar:/home/runner/.m2/repository/org/junit/platform/junit-platform-launcher/1.7.0/junit-platform-launcher-1.7.0.jar:/home/runner/.m2/repository/org/openjdk/jmh/jmh-core/1.19/jmh-core-1.19.jar:/home/runner/.m2/repository/net/sf/jopt-simple/jopt-simple/4.6/jopt-simple-4.6.jar:/home/runner/.m2/repository/org/apache/commons/commons-math3/3.1.1/commons-math3-3.1.1.jar:/home/runner/.m2/repository/org/openjdk/jmh/jmh-generator-annprocess/1.19/jmh-generator-annprocess-1.19.jar:/home/runner/.m2/repository/org/mockito/mockito-core/2.28.2/mockito-core-2.28.2.jar:/home/runner/.m2/repository/net/bytebuddy/byte-buddy/1.9.10/byte-buddy-1.9.10.jar:/home/runner/.m2/repository/net/bytebuddy/byte-buddy-agent/1.9.10/byte-buddy-agent-1.9.10.jar:/home/runner/.m2/repository/org/objenesis/objenesis/1.0/objenesis-1.0.jar:/home/runner/.m2/repository/org/apache/hadoop/hadoop-kms/3.3.1/hadoop-kms-3.3.1.jar:/home/runner/.m2/repository/org/apache/hadoop/hadoop-auth/3.3.1/hadoop-auth-3.3.1.jar:/home/runner/.m2/repository/com/nimbusds/nimbus-jose-jwt/7.9/nimbus-jose-jwt-7.9.jar:/home/runner/.m2/repository/com/github/stephenc/jcip/jcip-annotations/1.0-1/jcip-annotations-1.0-1.jar:/home/runner/.m2/repository/net/minidev/json-smart/2.3.1/json-smart-2.3.1.jar:/home/runner/.m2/repository/net/minidev/accessors-smart/2.3.1/accessors-smart-2.3.1.jar:/home/runner/.m2/repository/org/ow2/asm/asm/5.0.4/asm-5.0.4.jar:/home/runner/.m2/repository/org/apache/zookeeper/zookeeper/3.5.6/zookeeper-3.5.6.jar:/home/runner/.m2/repository/org/apache/zookeeper/zookeeper-jute/3.5.6/zookeeper-jute-3.5.6.jar:/home/runner/.m2/repository/org/apache/yetus/audience-annotations/0.5.0/audience-annotations-0.5.0.jar:/home/runner/.m2/repository/org/apache/curator/curator-framework/4.2.0/curator-framework-4.2.0.jar:/home/runner/.m2/repository/org/apache/hadoop/thirdparty/hadoop-shaded-guava/1.1.1/hadoop-shaded-guava-1.1.1.jar:/home/runner/.m2/repository/com/sun/jersey/jersey-core/1.19/jersey-core-1.19.jar:/home/runner/.m2/repository/javax/ws/rs/jsr311-api/1.1.1/jsr311-api-1.1.1.jar:/home/runner/.m2/repository/com/sun/jersey/jersey-server/1.19/jersey-server-1.19.jar:/home/runner/.m2/repository/javax/servlet/javax.servlet-api/3.1.0/javax.servlet-api-3.1.0.jar:/home/runner/.m2/repository/org/eclipse/jetty/jetty-server/9.4.43.v20210629/jetty-server-9.4.43.v20210629.jar:/home/runner/.m2/repository/org/eclipse/jetty/jetty-http/9.4.43.v20210629/jetty-http-9.4.43.v20210629.jar:/home/runner/.m2/repository/org/eclipse/jetty/jetty-io/9.4.43.v20210629/jetty-io-9.4.43.v20210629.jar:/home/runner/.m2/repository/org/eclipse/jetty/jetty-webapp/9.4.43.v20210629/jetty-webapp-9.4.43.v20210629.jar:/home/runner/.m2/repository/org/eclipse/jetty/jetty-xml/9.4.43.v20210629/jetty-xml-9.4.43.v20210629.jar:/home/runner/.m2/repository/org/apache/hadoop/hadoop-common/3.3.1/hadoop-common-3.3.1.jar:/home/runner/.m2/repository/commons-net/commons-net/3.6/commons-net-3.6.jar:/home/runner/.m2/repository/jakarta/activation/jakarta.activation-api/1.2.1/jakarta.activation-api-1.2.1.jar:/home/runner/.m2/repository/com/sun/jersey/jersey-servlet/1.19/jersey-servlet-1.19.jar:/home/runner/.m2/repository/com/sun/jersey/jersey-json/1.19/jersey-json-1.19.jar:/home/runner/.m2/repository/org/codehaus/jettison/jettison/1.1/jettison-1.1.jar:/home/runner/.m2/repository/com/sun/xml/bind/jaxb-impl/2.2.3-1/jaxb-impl-2.2.3-1.jar:/home/runner/.m2/repository/org/codehaus/jackson/jackson-jaxrs/1.9.2/jackson-jaxrs-1.9.2.jar:/home/runner/.m2/repository/org/codehaus/jackson/jackson-xc/1.9.2/jackson-xc-1.9.2.jar:/home/runner/.m2/repository/org/apache/commons/commons-configuration2/2.1.1/commons-configuration2-2.1.1.jar:/home/runner/.m2/repository/org/apache/commons/commons-text/1.4/commons-text-1.4.jar:/home/runner/.m2/repository/com/google/re2j/re2j/1.1/re2j-1.1.jar:/home/runner/.m2/repository/com/jcraft/jsch/0.1.54/jsch-0.1.54.jar:/home/runner/.m2/repository/org/apache/curator/curator-client/4.2.0/curator-client-4.2.0.jar:/home/runner/.m2/repository/org/apache/curator/curator-recipes/4.2.0/curator-recipes-4.2.0.jar:/home/runner/.m2/repository/org/apache/kerby/kerb-core/1.0.1/kerb-core-1.0.1.jar:/home/runner/.m2/repository/org/apache/kerby/kerby-pkix/1.0.1/kerby-pkix-1.0.1.jar:/home/runner/.m2/repository/org/apache/kerby/kerby-asn1/1.0.1/kerby-asn1-1.0.1.jar:/home/runner/.m2/repository/org/apache/kerby/kerby-util/1.0.1/kerby-util-1.0.1.jar:/home/runner/.m2/repository/dnsjava/dnsjava/2.1.7/dnsjava-2.1.7.jar:/home/runner/.m2/repository/org/xerial/snappy/snappy-java/1.1.8.2/snappy-java-1.1.8.2.jar:/home/runner/.m2/repository/org/slf4j/jul-to-slf4j/1.7.30/jul-to-slf4j-1.7.30.jar:/home/runner/.m2/repository/org/eclipse/jetty/jetty-util/9.4.43.v20210629/jetty-util-9.4.43.v20210629.jar:/home/runner/.m2/repository/com/fasterxml/jackson/core/jackson-databind/2.12.1/jackson-databind-2.12.1.jar:/home/runner/.m2/repository/org/apache/hadoop/hadoop-kms/3.3.1/hadoop-kms-3.3.1-tests.jar:/home/runner/.m2/repository/org/apache/ozone/hdds-server-scm/1.2.0-SNAPSHOT/hdds-server-scm-1.2.0-SNAPSHOT-tests.jar:/home/runner/.m2/repository/org/apache/ozone/hdds-container-service/1.2.0-SNAPSHOT/hdds-container-service-1.2.0-SNAPSHOT-tests.jar:/home/runner/.m2/repository/commons-codec/commons-codec/1.11/commons-codec-1.11.jar:/home/runner/.m2/repository/io/netty/netty-transport/4.1.63.Final/netty-transport-4.1.63.Final.jar:/home/runner/.m2/repository/io/netty/netty-resolver/4.1.63.Final/netty-resolver-4.1.63.Final.jar:/home/runner/.m2/repository/io/netty/netty-codec/4.1.63.Final/netty-codec-4.1.63.Final.jar:/home/runner/.m2/repository/io/netty/netty-handler/4.1.63.Final/netty-handler-4.1.63.Final.jar:/home/runner/.m2/repository/org/apache/ozone/hdds-hadoop-dependency-test/1.2.0-SNAPSHOT/hdds-hadoop-dependency-test-1.2.0-SNAPSHOT.jar:/home/runner/.m2/repository/org/apache/hadoop/hadoop-common/3.3.1/hadoop-common-3.3.1-tests.jar:/home/runner/.m2/repository/org/assertj/assertj-core/3.12.2/assertj-core-3.12.2.jar:/home/runner/.m2/repository/org/apache/hadoop/hadoop-hdfs/3.3.1/hadoop-hdfs-3.3.1-tests.jar:/home/runner/.m2/repository/org/eclipse/jetty/jetty-util-ajax/9.4.43.v20210629/jetty-util-ajax-9.4.43.v20210629.jar:/home/runner/.m2/repository/commons-daemon/commons-daemon/1.0.13/commons-daemon-1.0.13.jar:/home/runner/.m2/repository/io/netty/netty/3.10.6.Final/netty-3.10.6.Final.jar:/home/runner/.m2/repository/io/netty/netty-all/4.1.63.Final/netty-all-4.1.63.Final.jar:/home/runner/.m2/repository/org/apache/htrace/htrace-core4/4.1.0-incubating/htrace-core4-4.1.0-incubating.jar:/home/runner/.m2/repository/org/fusesource/leveldbjni/leveldbjni-all/1.8/leveldbjni-all-1.8.jar:/home/runner/.m2/repository/org/apache/hadoop/hadoop-distcp/3.3.1/hadoop-distcp-3.3.1.jar:/home/runner/.m2/repository/org/apache/hadoop/hadoop-mapreduce-client-jobclient/3.3.1/hadoop-mapreduce-client-jobclient-3.3.1.jar:/home/runner/.m2/repository/org/apache/hadoop/hadoop-mapreduce-client-common/3.3.1/hadoop-mapreduce-client-common-3.3.1.jar:/home/runner/.m2/repository/org/apache/hadoop/hadoop-yarn-common/3.3.1/hadoop-yarn-common-3.3.1.jar:/home/runner/.m2/repository/org/apache/hadoop/hadoop-yarn-api/3.3.1/hadoop-yarn-api-3.3.1.jar:/home/runner/.m2/repository/com/sun/jersey/jersey-client/1.19/jersey-client-1.19.jar:/home/runner/.m2/repository/com/sun/jersey/contribs/jersey-guice/1.19/jersey-guice-1.19.jar:/home/runner/.m2/repository/com/fasterxml/jackson/jaxrs/jackson-jaxrs-json-provider/2.12.1/jackson-jaxrs-json-provider-2.12.1.jar:/home/runner/.m2/repository/com/fasterxml/jackson/jaxrs/jackson-jaxrs-base/2.12.1/jackson-jaxrs-base-2.12.1.jar:/home/runner/.m2/repository/org/apache/hadoop/hadoop-yarn-client/3.3.1/hadoop-yarn-client-3.3.1.jar:/home/runner/.m2/repository/org/eclipse/jetty/websocket/websocket-client/9.4.40.v20210413/websocket-client-9.4.40.v20210413.jar:/home/runner/.m2/repository/org/eclipse/jetty/jetty-client/9.4.40.v20210413/jetty-client-9.4.40.v20210413.jar:/home/runner/.m2/repository/org/eclipse/jetty/websocket/websocket-common/9.4.40.v20210413/websocket-common-9.4.40.v20210413.jar:/home/runner/.m2/repository/org/eclipse/jetty/websocket/websocket-api/9.4.40.v20210413/websocket-api-9.4.40.v20210413.jar:/home/runner/.m2/repository/org/jline/jline/3.9.0/jline-3.9.0.jar:/home/runner/.m2/repository/org/apache/hadoop/hadoop-mapreduce-client-core/3.3.1/hadoop-mapreduce-client-core-3.3.1.jar:/home/runner/.m2/repository/org/apache/avro/avro/1.7.7/avro-1.7.7.jar:/home/runner/.m2/repository/org/codehaus/jackson/jackson-core-asl/1.9.13/jackson-core-asl-1.9.13.jar:/home/runner/.m2/repository/org/codehaus/jackson/jackson-mapper-asl/1.9.13/jackson-mapper-asl-1.9.13.jar:/home/runner/.m2/repository/com/thoughtworks/paranamer/paranamer/2.3/paranamer-2.3.jar:/home/runner/.m2/repository/org/apache/hadoop/hadoop-annotations/3.3.1/hadoop-annotations-3.3.1.jar:/usr/lib/jvm/adoptopenjdk-8-hotspot-amd64/jre/../lib/tools.jar:/home/runner/.m2/repository/org/apache/hadoop/hadoop-distcp/3.3.1/hadoop-distcp-3.3.1-tests.jar:/home/runner/.m2/repository/org/apache/ratis/ratis-common/2.2.0/ratis-common-2.2.0.jar:/home/runner/.m2/repository/org/apache/ratis/ratis-thirdparty-misc/0.7.0/ratis-thirdparty-misc-0.7.0.jar:/home/runner/.m2/repository/org/apache/ratis/ratis-proto/2.2.0/ratis-proto-2.2.0.jar:"/>
    <property name="java.vm.vendor" value="AdoptOpenJDK"/>
    <property name="sun.arch.data.model" value="64"/>
    <property name="test.build.dir" value="/home/runner/work/ozone/ozone/hadoop-ozone/integration-test/target/test-dir"/>
    <property name="test.cache.data" value=""/>
    <property name="java.vendor.url" value="https://adoptopenjdk.net/"/>
    <property name="user.timezone" value=""/>
    <property name="java.vm.specification.version" value="1.8"/>
    <property name="os.name" value="Linux"/>
    <property name="test.build.data" value="/home/runner/work/ozone/ozone/hadoop-ozone/integration-test/target/test-dir"/>
    <property name="sun.java.launcher" value="SUN_STANDARD"/>
    <property name="sun.boot.library.path" value="/usr/lib/jvm/adoptopenjdk-8-hotspot-amd64/jre/lib/amd64"/>
    <property name="sun.java.command" value="/home/runner/work/ozone/ozone/hadoop-ozone/integration-test/target/surefire/surefirebooter7350642190646582271.jar /home/runner/work/ozone/ozone/hadoop-ozone/integration-test/target/surefire 2021-11-09T00-53-33_220-jvmRun1 surefire387402660188667486tmp surefire_03256942752291585766tmp"/>
    <property name="surefire.test.class.path" value="/home/runner/work/ozone/ozone/hadoop-ozone/integration-test/target/test-classes:/home/runner/work/ozone/ozone/hadoop-ozone/integration-test/target/classes:/home/runner/.m2/repository/org/apache/ozone/ozone-common/1.2.0-SNAPSHOT/ozone-common-1.2.0-SNAPSHOT.jar:/home/runner/.m2/repository/org/apache/commons/commons-compress/1.21/commons-compress-1.21.jar:/home/runner/.m2/repository/org/apache/ozone/hdds-common/1.2.0-SNAPSHOT/hdds-common-1.2.0-SNAPSHOT.jar:/home/runner/.m2/repository/org/apache/ozone/hdds-client/1.2.0-SNAPSHOT/hdds-client-1.2.0-SNAPSHOT.jar:/home/runner/.m2/repository/org/apache/ozone/ozone-interface-client/1.2.0-SNAPSHOT/ozone-interface-client-1.2.0-SNAPSHOT.jar:/home/runner/.m2/repository/org/apache/ozone/hdds-test-utils/1.2.0-SNAPSHOT/hdds-test-utils-1.2.0-SNAPSHOT.jar:/home/runner/.m2/repository/com/google/guava/guava/30.1.1-jre/guava-30.1.1-jre.jar:/home/runner/.m2/repository/com/google/guava/failureaccess/1.0.1/failureaccess-1.0.1.jar:/home/runner/.m2/repository/com/google/guava/listenablefuture/9999.0-empty-to-avoid-conflict-with-guava/listenablefuture-9999.0-empty-to-avoid-conflict-with-guava.jar:/home/runner/.m2/repository/com/google/code/findbugs/jsr305/3.0.0/jsr305-3.0.0.jar:/home/runner/.m2/repository/org/checkerframework/checker-qual/3.8.0/checker-qual-3.8.0.jar:/home/runner/.m2/repository/com/google/errorprone/error_prone_annotations/2.2.0/error_prone_annotations-2.2.0.jar:/home/runner/.m2/repository/com/google/j2objc/j2objc-annotations/1.3/j2objc-annotations-1.3.jar:/home/runner/.m2/repository/commons-io/commons-io/2.11.0/commons-io-2.11.0.jar:/home/runner/.m2/repository/commons-logging/commons-logging/1.2/commons-logging-1.2.jar:/home/runner/.m2/repository/log4j/log4j/1.2.17/log4j-1.2.17.jar:/home/runner/.m2/repository/org/slf4j/slf4j-api/1.7.30/slf4j-api-1.7.30.jar:/home/runner/.m2/repository/org/apache/ozone/hdds-server-scm/1.2.0-SNAPSHOT/hdds-server-scm-1.2.0-SNAPSHOT.jar:/home/runner/.m2/repository/org/apache/ozone/hdds-container-service/1.2.0-SNAPSHOT/hdds-container-service-1.2.0-SNAPSHOT.jar:/home/runner/.m2/repository/org/apache/ozone/hdds-hadoop-dependency-server/1.2.0-SNAPSHOT/hdds-hadoop-dependency-server-1.2.0-SNAPSHOT.jar:/home/runner/.m2/repository/org/apache/hadoop/hadoop-hdfs/3.3.1/hadoop-hdfs-3.3.1.jar:/home/runner/.m2/repository/org/apache/ozone/hdds-server-framework/1.2.0-SNAPSHOT/hdds-server-framework-1.2.0-SNAPSHOT.jar:/home/runner/.m2/repository/org/apache/ozone/hdds-interface-server/1.2.0-SNAPSHOT/hdds-interface-server-1.2.0-SNAPSHOT.jar:/home/runner/.m2/repository/org/eclipse/jetty/jetty-servlet/9.4.43.v20210629/jetty-servlet-9.4.43.v20210629.jar:/home/runner/.m2/repository/org/eclipse/jetty/jetty-security/9.4.43.v20210629/jetty-security-9.4.43.v20210629.jar:/home/runner/.m2/repository/org/rocksdb/rocksdbjni/6.20.3/rocksdbjni-6.20.3.jar:/home/runner/.m2/repository/io/prometheus/simpleclient_dropwizard/0.7.0/simpleclient_dropwizard-0.7.0.jar:/home/runner/.m2/repository/io/prometheus/simpleclient/0.7.0/simpleclient-0.7.0.jar:/home/runner/.m2/repository/io/prometheus/simpleclient_common/0.7.0/simpleclient_common-0.7.0.jar:/home/runner/.m2/repository/com/fasterxml/jackson/datatype/jackson-datatype-jsr310/2.12.1/jackson-datatype-jsr310-2.12.1.jar:/home/runner/.m2/repository/io/dropwizard/metrics/metrics-core/3.2.4/metrics-core-3.2.4.jar:/home/runner/.m2/repository/org/apache/hadoop/hadoop-hdfs-client/3.3.1/hadoop-hdfs-client-3.3.1.jar:/home/runner/.m2/repository/org/bouncycastle/bcprov-jdk15on/1.67/bcprov-jdk15on-1.67.jar:/home/runner/.m2/repository/com/google/protobuf/protobuf-java/2.5.0/protobuf-java-2.5.0.jar:/home/runner/.m2/repository/org/apache/ozone/ozone-manager/1.2.0-SNAPSHOT/ozone-manager-1.2.0-SNAPSHOT.jar:/home/runner/.m2/repository/org/aspectj/aspectjrt/1.9.7/aspectjrt-1.9.7.jar:/home/runner/.m2/repository/org/aspectj/aspectjweaver/1.9.7/aspectjweaver-1.9.7.jar:/home/runner/.m2/repository/org/apache/ozone/hdds-interface-client/1.2.0-SNAPSHOT/hdds-interface-client-1.2.0-SNAPSHOT.jar:/home/runner/.m2/repository/org/apache/hadoop/thirdparty/hadoop-shaded-protobuf_3_7/1.1.1/hadoop-shaded-protobuf_3_7-1.1.1.jar:/home/runner/.m2/repository/org/apache/ozone/ozone-interface-storage/1.2.0-SNAPSHOT/ozone-interface-storage-1.2.0-SNAPSHOT.jar:/home/runner/.m2/repository/org/reflections/reflections/0.9.11/reflections-0.9.11.jar:/home/runner/.m2/repository/org/apache/hadoop/hadoop-minikdc/3.3.1/hadoop-minikdc-3.3.1.jar:/home/runner/.m2/repository/org/apache/kerby/kerb-simplekdc/1.0.1/kerb-simplekdc-1.0.1.jar:/home/runner/.m2/repository/org/apache/kerby/kerb-client/1.0.1/kerb-client-1.0.1.jar:/home/runner/.m2/repository/org/apache/kerby/kerby-config/1.0.1/kerby-config-1.0.1.jar:/home/runner/.m2/repository/org/apache/kerby/kerb-common/1.0.1/kerb-common-1.0.1.jar:/home/runner/.m2/repository/org/apache/kerby/kerb-crypto/1.0.1/kerb-crypto-1.0.1.jar:/home/runner/.m2/repository/org/apache/kerby/kerb-util/1.0.1/kerb-util-1.0.1.jar:/home/runner/.m2/repository/org/apache/kerby/token-provider/1.0.1/token-provider-1.0.1.jar:/home/runner/.m2/repository/org/apache/kerby/kerb-admin/1.0.1/kerb-admin-1.0.1.jar:/home/runner/.m2/repository/org/apache/kerby/kerb-server/1.0.1/kerb-server-1.0.1.jar:/home/runner/.m2/repository/org/apache/kerby/kerb-identity/1.0.1/kerb-identity-1.0.1.jar:/home/runner/.m2/repository/org/apache/kerby/kerby-xdr/1.0.1/kerby-xdr-1.0.1.jar:/home/runner/.m2/repository/org/slf4j/slf4j-log4j12/1.7.30/slf4j-log4j12-1.7.30.jar:/home/runner/.m2/repository/org/apache/ozone/ozone-s3gateway/1.2.0-SNAPSHOT/ozone-s3gateway-1.2.0-SNAPSHOT.jar:/home/runner/.m2/repository/org/javassist/javassist/3.21.0-GA/javassist-3.21.0-GA.jar:/home/runner/.m2/repository/org/jboss/weld/servlet/weld-servlet/2.4.7.Final/weld-servlet-2.4.7.Final.jar:/home/runner/.m2/repository/org/glassfish/jersey/containers/jersey-container-servlet-core/2.33/jersey-container-servlet-core-2.33.jar:/home/runner/.m2/repository/org/glassfish/hk2/external/jakarta.inject/2.6.1/jakarta.inject-2.6.1.jar:/home/runner/.m2/repository/org/glassfish/jersey/core/jersey-common/2.33/jersey-common-2.33.jar:/home/runner/.m2/repository/jakarta/ws/rs/jakarta.ws.rs-api/2.1.6/jakarta.ws.rs-api-2.1.6.jar:/home/runner/.m2/repository/org/glassfish/jersey/ext/cdi/jersey-cdi1x/2.33/jersey-cdi1x-2.33.jar:/home/runner/.m2/repository/org/glassfish/jersey/inject/jersey-hk2/2.33/jersey-hk2-2.33.jar:/home/runner/.m2/repository/org/glassfish/hk2/hk2-locator/2.6.1/hk2-locator-2.6.1.jar:/home/runner/.m2/repository/org/glassfish/jersey/media/jersey-media-jaxb/2.33/jersey-media-jaxb-2.33.jar:/home/runner/.m2/repository/org/glassfish/hk2/osgi-resource-locator/1.0.3/osgi-resource-locator-1.0.3.jar:/home/runner/.m2/repository/org/glassfish/hk2/hk2-api/2.5.0/hk2-api-2.5.0.jar:/home/runner/.m2/repository/org/glassfish/hk2/hk2-utils/2.5.0/hk2-utils-2.5.0.jar:/home/runner/.m2/repository/org/glassfish/hk2/external/aopalliance-repackaged/2.5.0/aopalliance-repackaged-2.5.0.jar:/home/runner/.m2/repository/com/fasterxml/jackson/dataformat/jackson-dataformat-xml/2.12.1/jackson-dataformat-xml-2.12.1.jar:/home/runner/.m2/repository/com/fasterxml/jackson/core/jackson-core/2.12.1/jackson-core-2.12.1.jar:/home/runner/.m2/repository/com/fasterxml/jackson/module/jackson-module-jaxb-annotations/2.12.1/jackson-module-jaxb-annotations-2.12.1.jar:/home/runner/.m2/repository/jakarta/xml/bind/jakarta.xml.bind-api/2.3.2/jakarta.xml.bind-api-2.3.2.jar:/home/runner/.m2/repository/org/codehaus/woodstox/stax2-api/3.1.4/stax2-api-3.1.4.jar:/home/runner/.m2/repository/com/fasterxml/woodstox/woodstox-core/5.0.3/woodstox-core-5.0.3.jar:/home/runner/.m2/repository/javax/enterprise/cdi-api/1.2/cdi-api-1.2.jar:/home/runner/.m2/repository/javax/el/javax.el-api/3.0.0/javax.el-api-3.0.0.jar:/home/runner/.m2/repository/javax/interceptor/javax.interceptor-api/1.2/javax.interceptor-api-1.2.jar:/home/runner/.m2/repository/javax/inject/javax.inject/1/javax.inject-1.jar:/home/runner/.m2/repository/javax/xml/bind/jaxb-api/2.3.0/jaxb-api-2.3.0.jar:/home/runner/.m2/repository/org/glassfish/jaxb/jaxb-runtime/2.3.0.1/jaxb-runtime-2.3.0.1.jar:/home/runner/.m2/repository/org/glassfish/jaxb/jaxb-core/2.3.0.1/jaxb-core-2.3.0.1.jar:/home/runner/.m2/repository/org/glassfish/jaxb/txw2/2.3.0.1/txw2-2.3.0.1.jar:/home/runner/.m2/repository/com/sun/istack/istack-commons-runtime/3.0.5/istack-commons-runtime-3.0.5.jar:/home/runner/.m2/repository/org/jvnet/staxex/stax-ex/1.7.8/stax-ex-1.7.8.jar:/home/runner/.m2/repository/com/sun/xml/fastinfoset/FastInfoset/1.2.13/FastInfoset-1.2.13.jar:/home/runner/.m2/repository/javax/activation/activation/1.1.1/activation-1.1.1.jar:/home/runner/.m2/repository/org/apache/ozone/ozone-csi/1.2.0-SNAPSHOT/ozone-csi-1.2.0-SNAPSHOT.jar:/home/runner/.m2/repository/com/google/protobuf/protobuf-java-util/3.12.0/protobuf-java-util-3.12.0.jar:/home/runner/.m2/repository/com/google/code/gson/gson/2.2.4/gson-2.2.4.jar:/home/runner/.m2/repository/org/apache/ozone/hdds-config/1.2.0-SNAPSHOT/hdds-config-1.2.0-SNAPSHOT.jar:/home/runner/.m2/repository/io/grpc/grpc-netty/1.33.0/grpc-netty-1.33.0.jar:/home/runner/.m2/repository/io/grpc/grpc-core/1.33.0/grpc-core-1.33.0.jar:/home/runner/.m2/repository/com/google/android/annotations/4.1.1.4/annotations-4.1.1.4.jar:/home/runner/.m2/repository/io/netty/netty-codec-http2/4.1.63.Final/netty-codec-http2-4.1.63.Final.jar:/home/runner/.m2/repository/io/netty/netty-codec-http/4.1.63.Final/netty-codec-http-4.1.63.Final.jar:/home/runner/.m2/repository/io/netty/netty-handler-proxy/4.1.63.Final/netty-handler-proxy-4.1.63.Final.jar:/home/runner/.m2/repository/io/netty/netty-codec-socks/4.1.63.Final/netty-codec-socks-4.1.63.Final.jar:/home/runner/.m2/repository/io/perfmark/perfmark-api/0.19.0/perfmark-api-0.19.0.jar:/home/runner/.m2/repository/org/codehaus/mojo/animal-sniffer-annotations/1.18/animal-sniffer-annotations-1.18.jar:/home/runner/.m2/repository/io/netty/netty-transport-native-epoll/4.1.63.Final/netty-transport-native-epoll-4.1.63.Final.jar:/home/runner/.m2/repository/io/netty/netty-common/4.1.63.Final/netty-common-4.1.63.Final.jar:/home/runner/.m2/repository/io/netty/netty-buffer/4.1.63.Final/netty-buffer-4.1.63.Final.jar:/home/runner/.m2/repository/io/netty/netty-transport-native-unix-common/4.1.63.Final/netty-transport-native-unix-common-4.1.63.Final.jar:/home/runner/.m2/repository/io/grpc/grpc-protobuf/1.33.0/grpc-protobuf-1.33.0.jar:/home/runner/.m2/repository/io/grpc/grpc-api/1.33.0/grpc-api-1.33.0.jar:/home/runner/.m2/repository/io/grpc/grpc-context/1.33.0/grpc-context-1.33.0.jar:/home/runner/.m2/repository/com/google/api/grpc/proto-google-common-protos/1.17.0/proto-google-common-protos-1.17.0.jar:/home/runner/.m2/repository/io/grpc/grpc-protobuf-lite/1.33.0/grpc-protobuf-lite-1.33.0.jar:/home/runner/.m2/repository/io/grpc/grpc-stub/1.33.0/grpc-stub-1.33.0.jar:/home/runner/.m2/repository/org/apache/ozone/ozone-recon/1.2.0-SNAPSHOT/ozone-recon-1.2.0-SNAPSHOT.jar:/home/runner/.m2/repository/org/apache/ozone/ozone-reconcodegen/1.2.0-SNAPSHOT/ozone-reconcodegen-1.2.0-SNAPSHOT.jar:/home/runner/.m2/repository/com/google/inject/extensions/guice-multibindings/4.0/guice-multibindings-4.0.jar:/home/runner/.m2/repository/com/google/inject/guice/4.0/guice-4.0.jar:/home/runner/.m2/repository/aopalliance/aopalliance/1.0/aopalliance-1.0.jar:/home/runner/.m2/repository/com/google/inject/extensions/guice-assistedinject/4.0/guice-assistedinject-4.0.jar:/home/runner/.m2/repository/com/google/inject/extensions/guice-servlet/4.0/guice-servlet-4.0.jar:/home/runner/.m2/repository/org/glassfish/jersey/containers/jersey-container-servlet/2.33/jersey-container-servlet-2.33.jar:/home/runner/.m2/repository/org/glassfish/hk2/guice-bridge/2.5.0/guice-bridge-2.5.0.jar:/home/runner/.m2/repository/org/glassfish/jersey/core/jersey-server/2.33/jersey-server-2.33.jar:/home/runner/.m2/repository/org/glassfish/jersey/core/jersey-client/2.33/jersey-client-2.33.jar:/home/runner/.m2/repository/jakarta/annotation/jakarta.annotation-api/1.3.5/jakarta.annotation-api-1.3.5.jar:/home/runner/.m2/repository/jakarta/validation/jakarta.validation-api/2.0.2/jakarta.validation-api-2.0.2.jar:/home/runner/.m2/repository/org/glassfish/jersey/media/jersey-media-json-jackson/2.33/jersey-media-json-jackson-2.33.jar:/home/runner/.m2/repository/org/glassfish/jersey/ext/jersey-entity-filtering/2.33/jersey-entity-filtering-2.33.jar:/home/runner/.m2/repository/org/jooq/jooq/3.11.10/jooq-3.11.10.jar:/home/runner/.m2/repository/org/jooq/jooq-meta/3.11.10/jooq-meta-3.11.10.jar:/home/runner/.m2/repository/org/jooq/jooq-codegen/3.11.10/jooq-codegen-3.11.10.jar:/home/runner/.m2/repository/com/jolbox/bonecp/0.8.0.RELEASE/bonecp-0.8.0.RELEASE.jar:/home/runner/.m2/repository/org/apache/derby/derby/10.14.2.0/derby-10.14.2.0.jar:/home/runner/.m2/repository/org/xerial/sqlite-jdbc/3.25.2/sqlite-jdbc-3.25.2.jar:/home/runner/.m2/repository/org/springframework/spring-jdbc/5.2.17.RELEASE/spring-jdbc-5.2.17.RELEASE.jar:/home/runner/.m2/repository/org/springframework/spring-beans/5.2.17.RELEASE/spring-beans-5.2.17.RELEASE.jar:/home/runner/.m2/repository/org/springframework/spring-core/5.2.17.RELEASE/spring-core-5.2.17.RELEASE.jar:/home/runner/.m2/repository/org/springframework/spring-jcl/5.2.17.RELEASE/spring-jcl-5.2.17.RELEASE.jar:/home/runner/.m2/repository/org/springframework/spring-tx/5.2.17.RELEASE/spring-tx-5.2.17.RELEASE.jar:/home/runner/.m2/repository/org/apache/ozone/ozone-client/1.2.0-SNAPSHOT/ozone-client-1.2.0-SNAPSHOT.jar:/home/runner/.m2/repository/org/apache/ozone/ozone-filesystem/1.2.0-SNAPSHOT/ozone-filesystem-1.2.0-SNAPSHOT.jar:/home/runner/.m2/repository/org/apache/ozone/ozone-filesystem-common/1.2.0-SNAPSHOT/ozone-filesystem-common-1.2.0-SNAPSHOT.jar:/home/runner/.m2/repository/org/apache/ozone/ozone-tools/1.2.0-SNAPSHOT/ozone-tools-1.2.0-SNAPSHOT.jar:/home/runner/.m2/repository/org/apache/ratis/ratis-tools/2.2.0/ratis-tools-2.2.0.jar:/home/runner/.m2/repository/com/amazonaws/aws-java-sdk-core/1.11.1034/aws-java-sdk-core-1.11.1034.jar:/home/runner/.m2/repository/org/apache/httpcomponents/httpclient/4.5.13/httpclient-4.5.13.jar:/home/runner/.m2/repository/org/apache/httpcomponents/httpcore/4.4.13/httpcore-4.4.13.jar:/home/runner/.m2/repository/software/amazon/ion/ion-java/1.0.2/ion-java-1.0.2.jar:/home/runner/.m2/repository/com/fasterxml/jackson/dataformat/jackson-dataformat-cbor/2.12.1/jackson-dataformat-cbor-2.12.1.jar:/home/runner/.m2/repository/joda-time/joda-time/2.8.1/joda-time-2.8.1.jar:/home/runner/.m2/repository/com/amazonaws/aws-java-sdk-s3/1.11.1034/aws-java-sdk-s3-1.11.1034.jar:/home/runner/.m2/repository/com/amazonaws/aws-java-sdk-kms/1.11.1034/aws-java-sdk-kms-1.11.1034.jar:/home/runner/.m2/repository/com/amazonaws/jmespath-java/1.11.1034/jmespath-java-1.11.1034.jar:/home/runner/.m2/repository/org/kohsuke/metainf-services/metainf-services/1.8/metainf-services-1.8.jar:/home/runner/.m2/repository/org/apache/ozone/hdds-tools/1.2.0-SNAPSHOT/hdds-tools-1.2.0-SNAPSHOT.jar:/home/runner/.m2/repository/commons-cli/commons-cli/1.2/commons-cli-1.2.jar:/home/runner/.m2/repository/org/apache/commons/commons-lang3/3.7/commons-lang3-3.7.jar:/home/runner/.m2/repository/org/apache/ozone/ozone-manager/1.2.0-SNAPSHOT/ozone-manager-1.2.0-SNAPSHOT-tests.jar:/home/runner/.m2/repository/org/apache/ozone/hdds-common/1.2.0-SNAPSHOT/hdds-common-1.2.0-SNAPSHOT-tests.jar:/home/runner/.m2/repository/org/apache/ozone/hdds-hadoop-dependency-client/1.2.0-SNAPSHOT/hdds-hadoop-dependency-client-1.2.0-SNAPSHOT.jar:/home/runner/.m2/repository/info/picocli/picocli/4.6.1/picocli-4.6.1.jar:/home/runner/.m2/repository/com/fasterxml/jackson/core/jackson-annotations/2.12.1/jackson-annotations-2.12.1.jar:/home/runner/.m2/repository/javax/annotation/javax.annotation-api/1.2/javax.annotation-api-1.2.jar:/home/runner/.m2/repository/org/apache/ratis/ratis-server/2.2.0/ratis-server-2.2.0.jar:/home/runner/.m2/repository/org/apache/ratis/ratis-client/2.2.0/ratis-client-2.2.0.jar:/home/runner/.m2/repository/org/apache/ratis/ratis-server-api/2.2.0/ratis-server-api-2.2.0.jar:/home/runner/.m2/repository/org/apache/ratis/ratis-metrics/2.2.0/ratis-metrics-2.2.0.jar:/home/runner/.m2/repository/org/apache/ratis/ratis-netty/2.2.0/ratis-netty-2.2.0.jar:/home/runner/.m2/repository/org/apache/ratis/ratis-grpc/2.2.0/ratis-grpc-2.2.0.jar:/home/runner/.m2/repository/org/apache/logging/log4j/log4j-api/2.13.3/log4j-api-2.13.3.jar:/home/runner/.m2/repository/org/apache/logging/log4j/log4j-core/2.13.3/log4j-core-2.13.3.jar:/home/runner/.m2/repository/com/lmax/disruptor/3.4.2/disruptor-3.4.2.jar:/home/runner/.m2/repository/org/apache/commons/commons-pool2/2.6.0/commons-pool2-2.6.0.jar:/home/runner/.m2/repository/org/bouncycastle/bcpkix-jdk15on/1.67/bcpkix-jdk15on-1.67.jar:/home/runner/.m2/repository/commons-validator/commons-validator/1.6/commons-validator-1.6.jar:/home/runner/.m2/repository/commons-beanutils/commons-beanutils/1.9.4/commons-beanutils-1.9.4.jar:/home/runner/.m2/repository/commons-digester/commons-digester/1.8.1/commons-digester-1.8.1.jar:/home/runner/.m2/repository/commons-collections/commons-collections/3.2.2/commons-collections-3.2.2.jar:/home/runner/.m2/repository/io/jaegertracing/jaeger-client/1.6.0/jaeger-client-1.6.0.jar:/home/runner/.m2/repository/io/jaegertracing/jaeger-thrift/1.6.0/jaeger-thrift-1.6.0.jar:/home/runner/.m2/repository/org/apache/thrift/libthrift/0.14.1/libthrift-0.14.1.jar:/home/runner/.m2/repository/com/squareup/okhttp3/okhttp/4.9.0/okhttp-4.9.0.jar:/home/runner/.m2/repository/com/squareup/okio/okio/2.8.0/okio-2.8.0.jar:/home/runner/.m2/repository/io/jaegertracing/jaeger-core/1.6.0/jaeger-core-1.6.0.jar:/home/runner/.m2/repository/io/jaegertracing/jaeger-tracerresolver/1.6.0/jaeger-tracerresolver-1.6.0.jar:/home/runner/.m2/repository/io/opentracing/contrib/opentracing-tracerresolver/0.1.8/opentracing-tracerresolver-0.1.8.jar:/home/runner/.m2/repository/org/jetbrains/kotlin/kotlin-stdlib/1.4.31/kotlin-stdlib-1.4.31.jar:/home/runner/.m2/repository/org/jetbrains/kotlin/kotlin-stdlib-common/1.4.31/kotlin-stdlib-common-1.4.31.jar:/home/runner/.m2/repository/org/jetbrains/annotations/13.0/annotations-13.0.jar:/home/runner/.m2/repository/io/opentracing/opentracing-util/0.33.0/opentracing-util-0.33.0.jar:/home/runner/.m2/repository/io/opentracing/opentracing-api/0.33.0/opentracing-api-0.33.0.jar:/home/runner/.m2/repository/io/opentracing/opentracing-noop/0.33.0/opentracing-noop-0.33.0.jar:/home/runner/.m2/repository/org/yaml/snakeyaml/1.26/snakeyaml-1.26.jar:/home/runner/.m2/repository/org/apache/ozone/hdds-interface-admin/1.2.0-SNAPSHOT/hdds-interface-admin-1.2.0-SNAPSHOT.jar:/home/runner/.m2/repository/junit/junit/4.13.1/junit-4.13.1.jar:/home/runner/.m2/repository/org/hamcrest/hamcrest-core/1.3/hamcrest-core-1.3.jar:/home/runner/.m2/repository/org/junit/jupiter/junit-jupiter-api/5.7.0/junit-jupiter-api-5.7.0.jar:/home/runner/.m2/repository/org/apiguardian/apiguardian-api/1.1.0/apiguardian-api-1.1.0.jar:/home/runner/.m2/repository/org/opentest4j/opentest4j/1.2.0/opentest4j-1.2.0.jar:/home/runner/.m2/repository/org/junit/platform/junit-platform-commons/1.7.0/junit-platform-commons-1.7.0.jar:/home/runner/.m2/repository/org/junit/jupiter/junit-jupiter-engine/5.7.0/junit-jupiter-engine-5.7.0.jar:/home/runner/.m2/repository/org/junit/platform/junit-platform-engine/1.7.0/junit-platform-engine-1.7.0.jar:/home/runner/.m2/repository/org/junit/vintage/junit-vintage-engine/5.7.0/junit-vintage-engine-5.7.0.jar:/home/runner/.m2/repository/org/junit/platform/junit-platform-launcher/1.7.0/junit-platform-launcher-1.7.0.jar:/home/runner/.m2/repository/org/openjdk/jmh/jmh-core/1.19/jmh-core-1.19.jar:/home/runner/.m2/repository/net/sf/jopt-simple/jopt-simple/4.6/jopt-simple-4.6.jar:/home/runner/.m2/repository/org/apache/commons/commons-math3/3.1.1/commons-math3-3.1.1.jar:/home/runner/.m2/repository/org/openjdk/jmh/jmh-generator-annprocess/1.19/jmh-generator-annprocess-1.19.jar:/home/runner/.m2/repository/org/mockito/mockito-core/2.28.2/mockito-core-2.28.2.jar:/home/runner/.m2/repository/net/bytebuddy/byte-buddy/1.9.10/byte-buddy-1.9.10.jar:/home/runner/.m2/repository/net/bytebuddy/byte-buddy-agent/1.9.10/byte-buddy-agent-1.9.10.jar:/home/runner/.m2/repository/org/objenesis/objenesis/1.0/objenesis-1.0.jar:/home/runner/.m2/repository/org/apache/hadoop/hadoop-kms/3.3.1/hadoop-kms-3.3.1.jar:/home/runner/.m2/repository/org/apache/hadoop/hadoop-auth/3.3.1/hadoop-auth-3.3.1.jar:/home/runner/.m2/repository/com/nimbusds/nimbus-jose-jwt/7.9/nimbus-jose-jwt-7.9.jar:/home/runner/.m2/repository/com/github/stephenc/jcip/jcip-annotations/1.0-1/jcip-annotations-1.0-1.jar:/home/runner/.m2/repository/net/minidev/json-smart/2.3.1/json-smart-2.3.1.jar:/home/runner/.m2/repository/net/minidev/accessors-smart/2.3.1/accessors-smart-2.3.1.jar:/home/runner/.m2/repository/org/ow2/asm/asm/5.0.4/asm-5.0.4.jar:/home/runner/.m2/repository/org/apache/zookeeper/zookeeper/3.5.6/zookeeper-3.5.6.jar:/home/runner/.m2/repository/org/apache/zookeeper/zookeeper-jute/3.5.6/zookeeper-jute-3.5.6.jar:/home/runner/.m2/repository/org/apache/yetus/audience-annotations/0.5.0/audience-annotations-0.5.0.jar:/home/runner/.m2/repository/org/apache/curator/curator-framework/4.2.0/curator-framework-4.2.0.jar:/home/runner/.m2/repository/org/apache/hadoop/thirdparty/hadoop-shaded-guava/1.1.1/hadoop-shaded-guava-1.1.1.jar:/home/runner/.m2/repository/com/sun/jersey/jersey-core/1.19/jersey-core-1.19.jar:/home/runner/.m2/repository/javax/ws/rs/jsr311-api/1.1.1/jsr311-api-1.1.1.jar:/home/runner/.m2/repository/com/sun/jersey/jersey-server/1.19/jersey-server-1.19.jar:/home/runner/.m2/repository/javax/servlet/javax.servlet-api/3.1.0/javax.servlet-api-3.1.0.jar:/home/runner/.m2/repository/org/eclipse/jetty/jetty-server/9.4.43.v20210629/jetty-server-9.4.43.v20210629.jar:/home/runner/.m2/repository/org/eclipse/jetty/jetty-http/9.4.43.v20210629/jetty-http-9.4.43.v20210629.jar:/home/runner/.m2/repository/org/eclipse/jetty/jetty-io/9.4.43.v20210629/jetty-io-9.4.43.v20210629.jar:/home/runner/.m2/repository/org/eclipse/jetty/jetty-webapp/9.4.43.v20210629/jetty-webapp-9.4.43.v20210629.jar:/home/runner/.m2/repository/org/eclipse/jetty/jetty-xml/9.4.43.v20210629/jetty-xml-9.4.43.v20210629.jar:/home/runner/.m2/repository/org/apache/hadoop/hadoop-common/3.3.1/hadoop-common-3.3.1.jar:/home/runner/.m2/repository/commons-net/commons-net/3.6/commons-net-3.6.jar:/home/runner/.m2/repository/jakarta/activation/jakarta.activation-api/1.2.1/jakarta.activation-api-1.2.1.jar:/home/runner/.m2/repository/com/sun/jersey/jersey-servlet/1.19/jersey-servlet-1.19.jar:/home/runner/.m2/repository/com/sun/jersey/jersey-json/1.19/jersey-json-1.19.jar:/home/runner/.m2/repository/org/codehaus/jettison/jettison/1.1/jettison-1.1.jar:/home/runner/.m2/repository/com/sun/xml/bind/jaxb-impl/2.2.3-1/jaxb-impl-2.2.3-1.jar:/home/runner/.m2/repository/org/codehaus/jackson/jackson-jaxrs/1.9.2/jackson-jaxrs-1.9.2.jar:/home/runner/.m2/repository/org/codehaus/jackson/jackson-xc/1.9.2/jackson-xc-1.9.2.jar:/home/runner/.m2/repository/org/apache/commons/commons-configuration2/2.1.1/commons-configuration2-2.1.1.jar:/home/runner/.m2/repository/org/apache/commons/commons-text/1.4/commons-text-1.4.jar:/home/runner/.m2/repository/com/google/re2j/re2j/1.1/re2j-1.1.jar:/home/runner/.m2/repository/com/jcraft/jsch/0.1.54/jsch-0.1.54.jar:/home/runner/.m2/repository/org/apache/curator/curator-client/4.2.0/curator-client-4.2.0.jar:/home/runner/.m2/repository/org/apache/curator/curator-recipes/4.2.0/curator-recipes-4.2.0.jar:/home/runner/.m2/repository/org/apache/kerby/kerb-core/1.0.1/kerb-core-1.0.1.jar:/home/runner/.m2/repository/org/apache/kerby/kerby-pkix/1.0.1/kerby-pkix-1.0.1.jar:/home/runner/.m2/repository/org/apache/kerby/kerby-asn1/1.0.1/kerby-asn1-1.0.1.jar:/home/runner/.m2/repository/org/apache/kerby/kerby-util/1.0.1/kerby-util-1.0.1.jar:/home/runner/.m2/repository/dnsjava/dnsjava/2.1.7/dnsjava-2.1.7.jar:/home/runner/.m2/repository/org/xerial/snappy/snappy-java/1.1.8.2/snappy-java-1.1.8.2.jar:/home/runner/.m2/repository/org/slf4j/jul-to-slf4j/1.7.30/jul-to-slf4j-1.7.30.jar:/home/runner/.m2/repository/org/eclipse/jetty/jetty-util/9.4.43.v20210629/jetty-util-9.4.43.v20210629.jar:/home/runner/.m2/repository/com/fasterxml/jackson/core/jackson-databind/2.12.1/jackson-databind-2.12.1.jar:/home/runner/.m2/repository/org/apache/hadoop/hadoop-kms/3.3.1/hadoop-kms-3.3.1-tests.jar:/home/runner/.m2/repository/org/apache/ozone/hdds-server-scm/1.2.0-SNAPSHOT/hdds-server-scm-1.2.0-SNAPSHOT-tests.jar:/home/runner/.m2/repository/org/apache/ozone/hdds-container-service/1.2.0-SNAPSHOT/hdds-container-service-1.2.0-SNAPSHOT-tests.jar:/home/runner/.m2/repository/commons-codec/commons-codec/1.11/commons-codec-1.11.jar:/home/runner/.m2/repository/io/netty/netty-transport/4.1.63.Final/netty-transport-4.1.63.Final.jar:/home/runner/.m2/repository/io/netty/netty-resolver/4.1.63.Final/netty-resolver-4.1.63.Final.jar:/home/runner/.m2/repository/io/netty/netty-codec/4.1.63.Final/netty-codec-4.1.63.Final.jar:/home/runner/.m2/repository/io/netty/netty-handler/4.1.63.Final/netty-handler-4.1.63.Final.jar:/home/runner/.m2/repository/org/apache/ozone/hdds-hadoop-dependency-test/1.2.0-SNAPSHOT/hdds-hadoop-dependency-test-1.2.0-SNAPSHOT.jar:/home/runner/.m2/repository/org/apache/hadoop/hadoop-common/3.3.1/hadoop-common-3.3.1-tests.jar:/home/runner/.m2/repository/org/assertj/assertj-core/3.12.2/assertj-core-3.12.2.jar:/home/runner/.m2/repository/org/apache/hadoop/hadoop-hdfs/3.3.1/hadoop-hdfs-3.3.1-tests.jar:/home/runner/.m2/repository/org/eclipse/jetty/jetty-util-ajax/9.4.43.v20210629/jetty-util-ajax-9.4.43.v20210629.jar:/home/runner/.m2/repository/commons-daemon/commons-daemon/1.0.13/commons-daemon-1.0.13.jar:/home/runner/.m2/repository/io/netty/netty/3.10.6.Final/netty-3.10.6.Final.jar:/home/runner/.m2/repository/io/netty/netty-all/4.1.63.Final/netty-all-4.1.63.Final.jar:/home/runner/.m2/repository/org/apache/htrace/htrace-core4/4.1.0-incubating/htrace-core4-4.1.0-incubating.jar:/home/runner/.m2/repository/org/fusesource/leveldbjni/leveldbjni-all/1.8/leveldbjni-all-1.8.jar:/home/runner/.m2/repository/org/apache/hadoop/hadoop-distcp/3.3.1/hadoop-distcp-3.3.1.jar:/home/runner/.m2/repository/org/apache/hadoop/hadoop-mapreduce-client-jobclient/3.3.1/hadoop-mapreduce-client-jobclient-3.3.1.jar:/home/runner/.m2/repository/org/apache/hadoop/hadoop-mapreduce-client-common/3.3.1/hadoop-mapreduce-client-common-3.3.1.jar:/home/runner/.m2/repository/org/apache/hadoop/hadoop-yarn-common/3.3.1/hadoop-yarn-common-3.3.1.jar:/home/runner/.m2/repository/org/apache/hadoop/hadoop-yarn-api/3.3.1/hadoop-yarn-api-3.3.1.jar:/home/runner/.m2/repository/com/sun/jersey/jersey-client/1.19/jersey-client-1.19.jar:/home/runner/.m2/repository/com/sun/jersey/contribs/jersey-guice/1.19/jersey-guice-1.19.jar:/home/runner/.m2/repository/com/fasterxml/jackson/jaxrs/jackson-jaxrs-json-provider/2.12.1/jackson-jaxrs-json-provider-2.12.1.jar:/home/runner/.m2/repository/com/fasterxml/jackson/jaxrs/jackson-jaxrs-base/2.12.1/jackson-jaxrs-base-2.12.1.jar:/home/runner/.m2/repository/org/apache/hadoop/hadoop-yarn-client/3.3.1/hadoop-yarn-client-3.3.1.jar:/home/runner/.m2/repository/org/eclipse/jetty/websocket/websocket-client/9.4.40.v20210413/websocket-client-9.4.40.v20210413.jar:/home/runner/.m2/repository/org/eclipse/jetty/jetty-client/9.4.40.v20210413/jetty-client-9.4.40.v20210413.jar:/home/runner/.m2/repository/org/eclipse/jetty/websocket/websocket-common/9.4.40.v20210413/websocket-common-9.4.40.v20210413.jar:/home/runner/.m2/repository/org/eclipse/jetty/websocket/websocket-api/9.4.40.v20210413/websocket-api-9.4.40.v20210413.jar:/home/runner/.m2/repository/org/jline/jline/3.9.0/jline-3.9.0.jar:/home/runner/.m2/repository/org/apache/hadoop/hadoop-mapreduce-client-core/3.3.1/hadoop-mapreduce-client-core-3.3.1.jar:/home/runner/.m2/repository/org/apache/avro/avro/1.7.7/avro-1.7.7.jar:/home/runner/.m2/repository/org/codehaus/jackson/jackson-core-asl/1.9.13/jackson-core-asl-1.9.13.jar:/home/runner/.m2/repository/org/codehaus/jackson/jackson-mapper-asl/1.9.13/jackson-mapper-asl-1.9.13.jar:/home/runner/.m2/repository/com/thoughtworks/paranamer/paranamer/2.3/paranamer-2.3.jar:/home/runner/.m2/repository/org/apache/hadoop/hadoop-annotations/3.3.1/hadoop-annotations-3.3.1.jar:/usr/lib/jvm/adoptopenjdk-8-hotspot-amd64/jre/../lib/tools.jar:/home/runner/.m2/repository/org/apache/hadoop/hadoop-distcp/3.3.1/hadoop-distcp-3.3.1-tests.jar:/home/runner/.m2/repository/org/apache/ratis/ratis-common/2.2.0/ratis-common-2.2.0.jar:/home/runner/.m2/repository/org/apache/ratis/ratis-thirdparty-misc/0.7.0/ratis-thirdparty-misc-0.7.0.jar:/home/runner/.m2/repository/org/apache/ratis/ratis-proto/2.2.0/ratis-proto-2.2.0.jar:"/>
    <property name="sun.cpu.endian" value="little"/>
    <property name="user.home" value="/home/runner"/>
    <property name="user.language" value="en"/>
    <property name="java.specification.vendor" value="Oracle Corporation"/>
    <property name="java.home" value="/usr/lib/jvm/adoptopenjdk-8-hotspot-amd64/jre"/>
    <property name="java.security.krb5.conf" value="/home/runner/work/ozone/ozone/hadoop-ozone/integration-test/target/test-classes/krb5.conf"/>
    <property name="basedir" value="/home/runner/work/ozone/ozone/hadoop-ozone/integration-test"/>
    <property name="file.separator" value="/"/>
    <property name="line.separator" value="&#10;"/>
    <property name="java.vm.specification.vendor" value="Oracle Corporation"/>
    <property name="java.specification.name" value="Java Platform API Specification"/>
    <property name="java.awt.graphicsenv" value="sun.awt.X11GraphicsEnvironment"/>
    <property name="skip.installnpx" value="true"/>
    <property name="surefire.real.class.path" value="/home/runner/work/ozone/ozone/hadoop-ozone/integration-test/target/surefire/surefirebooter7350642190646582271.jar:/home/runner/.m2/repository/org/jacoco/org.jacoco.agent/0.8.5/org.jacoco.agent-0.8.5-runtime.jar"/>
    <property name="hadoop.log.dir" value="/home/runner/work/ozone/ozone/hadoop-ozone/integration-test/target/log"/>
    <property name="sun.boot.class.path" value="/usr/lib/jvm/adoptopenjdk-8-hotspot-amd64/jre/lib/resources.jar:/usr/lib/jvm/adoptopenjdk-8-hotspot-amd64/jre/lib/rt.jar:/usr/lib/jvm/adoptopenjdk-8-hotspot-amd64/jre/lib/sunrsasign.jar:/usr/lib/jvm/adoptopenjdk-8-hotspot-amd64/jre/lib/jsse.jar:/usr/lib/jvm/adoptopenjdk-8-hotspot-amd64/jre/lib/jce.jar:/usr/lib/jvm/adoptopenjdk-8-hotspot-amd64/jre/lib/charsets.jar:/usr/lib/jvm/adoptopenjdk-8-hotspot-amd64/jre/lib/jfr.jar:/usr/lib/jvm/adoptopenjdk-8-hotspot-amd64/jre/classes"/>
    <property name="sun.management.compiler" value="HotSpot 64-Bit Tiered Compilers"/>
    <property name="skip.npx" value="true"/>
    <property name="java.runtime.version" value="1.8.0_292-b10"/>
    <property name="java.net.preferIPv4Stack" value="true"/>
    <property name="user.name" value="runner"/>
    <property name="path.separator" value=":"/>
    <property name="java.security.egd" value="file:///dev/urandom"/>
    <property name="os.version" value="5.4.0-1062-azure"/>
    <property name="java.endorsed.dirs" value="/usr/lib/jvm/adoptopenjdk-8-hotspot-amd64/jre/lib/endorsed"/>
    <property name="java.runtime.name" value="OpenJDK Runtime Environment"/>
    <property name="file.encoding" value="UTF-8"/>
    <property name="java.vm.name" value="OpenJDK 64-Bit Server VM"/>
    <property name="test.build.webapps" value=""/>
    <property name="localRepository" value="/home/runner/.m2/repository"/>
    <property name="java.vendor.url.bug" value="https://github.com/AdoptOpenJDK/openjdk-support/issues"/>
    <property name="java.io.tmpdir" value="/tmp"/>
    <property name="require.test.libhadoop" value=""/>
    <property name="java.version" value="1.8.0_292"/>
    <property name="user.dir" value="/home/runner/work/ozone/ozone/hadoop-ozone/integration-test"/>
    <property name="os.arch" value="amd64"/>
    <property name="java.vm.specification.name" value="Java Virtual Machine Specification"/>
    <property name="test.build.classes" value="/home/runner/work/ozone/ozone/hadoop-ozone/integration-test/target/test-classes"/>
    <property name="java.awt.printerjob" value="sun.print.PSPrinterJob"/>
    <property name="sun.os.patch.level" value="unknown"/>
    <property name="hadoop.tmp.dir" value="/home/runner/work/ozone/ozone/hadoop-ozone/integration-test/target/tmp"/>
    <property name="java.library.path" value="/usr/java/packages/lib/amd64:/usr/lib64:/lib64:/lib:/usr/lib"/>
    <property name="java.vm.info" value="mixed mode"/>
    <property name="java.vendor" value="AdoptOpenJDK"/>
    <property name="java.vm.version" value="25.292-b10"/>
    <property name="java.ext.dirs" value="/usr/lib/jvm/adoptopenjdk-8-hotspot-amd64/jre/lib/ext:/usr/java/packages/lib/ext"/>
    <property name="sun.io.unicode.encoding" value="UnicodeLittle"/>
    <property name="java.class.version" value="52.0"/>
  </properties>
  <testcase name="test2DatanodesFailure" classname="org.apache.hadoop.ozone.client.rpc.TestBlockOutputStreamWithFailures" time="61.684"/>
  <testcase name="testDatanodeFailureWithPreAllocation" classname="org.apache.hadoop.ozone.client.rpc.TestBlockOutputStreamWithFailures" time="108.798"/>
  <testcase name="testDatanodeFailureWithSingleNodeRatis" classname="org.apache.hadoop.ozone.client.rpc.TestBlockOutputStreamWithFailures" time="300.02">
    <error message="test timed out after 300 seconds" type="org.junit.runners.model.TestTimedOutException">org.junit.runners.model.TestTimedOutException: test timed out after 300 seconds
	at java.lang.Object.wait(Native Method)
	at java.util.concurrent.ForkJoinTask.externalAwaitDone(ForkJoinTask.java:334)
	at java.util.concurrent.ForkJoinTask.doInvoke(ForkJoinTask.java:405)
	at java.util.concurrent.ForkJoinTask.invoke(ForkJoinTask.java:734)
	at java.util.stream.ForEachOps$ForEachOp.evaluateParallel(ForEachOps.java:159)
	at java.util.stream.ForEachOps$ForEachOp$OfRef.evaluateParallel(ForEachOps.java:173)
	at java.util.stream.AbstractPipeline.evaluate(AbstractPipeline.java:233)
	at java.util.stream.ReferencePipeline.forEach(ReferencePipeline.java:485)
	at java.util.stream.ReferencePipeline$Head.forEach(ReferencePipeline.java:650)
	at org.apache.hadoop.ozone.MiniOzoneClusterImpl.stopDatanodes(MiniOzoneClusterImpl.java:529)
	at org.apache.hadoop.ozone.MiniOzoneClusterImpl.stop(MiniOzoneClusterImpl.java:470)
	at org.apache.hadoop.ozone.MiniOzoneClusterImpl.shutdown(MiniOzoneClusterImpl.java:457)
	at org.apache.hadoop.ozone.client.rpc.TestBlockOutputStreamWithFailures.shutdown(TestBlockOutputStreamWithFailures.java:159)
	at sun.reflect.NativeMethodAccessorImpl.invoke0(Native Method)
	at sun.reflect.NativeMethodAccessorImpl.invoke(NativeMethodAccessorImpl.java:62)
	at sun.reflect.DelegatingMethodAccessorImpl.invoke(DelegatingMethodAccessorImpl.java:43)
	at java.lang.reflect.Method.invoke(Method.java:498)
	at org.junit.runners.model.FrameworkMethod$1.runReflectiveCall(FrameworkMethod.java:59)
	at org.junit.internal.runners.model.ReflectiveCallable.run(ReflectiveCallable.java:12)
	at org.junit.runners.model.FrameworkMethod.invokeExplosively(FrameworkMethod.java:56)
	at org.junit.internal.runners.statements.RunAfters.invokeMethod(RunAfters.java:46)
	at org.junit.internal.runners.statements.RunAfters.evaluate(RunAfters.java:33)
	at org.junit.internal.runners.statements.FailOnTimeout$CallableStatement.call(FailOnTimeout.java:288)
	at org.junit.internal.runners.statements.FailOnTimeout$CallableStatement.call(FailOnTimeout.java:282)
	at java.util.concurrent.FutureTask.run(FutureTask.java:266)
	at java.lang.Thread.run(Thread.java:748)
</error>
    <system-out><![CDATA[2021-11-09 00:56:25,397 [Time-limited test] WARN  server.ServerUtils (ServerUtils.java:getScmDbDir(148)) - ozone.scm.db.dirs is not configured. We recommend adding this setting. Falling back to ozone.metadata.dirs instead.
2021-11-09 00:56:25,401 [Time-limited test] INFO  ha.SCMHANodeDetails (SCMHANodeDetails.java:loadSCMHAConfig(157)) - ServiceID for StorageContainerManager is null
2021-11-09 00:56:25,402 [Time-limited test] INFO  ha.SCMHANodeDetails (SCMHANodeDetails.java:loadSCMHAConfig(162)) - ozone.scm.default.service.id is not defined, falling back to ozone.scm.service.ids to find serviceID for StorageContainerManager if it is HA enabled cluster
2021-11-09 00:56:25,402 [Time-limited test] WARN  server.ServerUtils (ServerUtils.java:getScmDbDir(148)) - ozone.scm.db.dirs is not configured. We recommend adding this setting. Falling back to ozone.metadata.dirs instead.
2021-11-09 00:56:25,403 [Time-limited test] INFO  upgrade.AbstractLayoutVersionManager (AbstractLayoutVersionManager.java:init(79)) - Initializing Layout version manager with metadata layout = SCM_HA (version = 2), software layout = SCM_HA (version = 2)
2021-11-09 00:56:25,494 [Time-limited test] INFO  reflections.Reflections (Reflections.java:scan(232)) - Reflections took 90 ms to scan 7 urls, producing 119 keys and 279 values 
2021-11-09 00:56:25,496 [Time-limited test] WARN  utils.HAUtils (HAUtils.java:getMetaDir(342)) - ozone.scm.db.dirs is not configured. We recommend adding this setting. Falling back to ozone.metadata.dirs instead.
2021-11-09 00:56:25,497 [Time-limited test] WARN  db.DBStoreBuilder (DBStoreBuilder.java:applyDBDefinition(145)) - ozone.scm.db.dirs is not configured. We recommend adding this setting. Falling back to ozone.metadata.dirs instead.
2021-11-09 00:56:25,720 [Time-limited test] INFO  net.NodeSchemaLoader (NodeSchemaLoader.java:loadSchemaFromFile(129)) - Loading schema from [jar:file:/home/runner/.m2/repository/org/apache/ozone/hdds-common/1.2.0-SNAPSHOT/hdds-common-1.2.0-SNAPSHOT.jar!/network-topology-default.xml]
2021-11-09 00:56:25,720 [Time-limited test] INFO  net.NodeSchemaLoader (NodeSchemaLoader.java:loadSchema(176)) - Loading network topology layer schema file
2021-11-09 00:56:25,760 [Time-limited test] WARN  impl.MetricRegistriesImpl (MetricRegistriesImpl.java:addReporterRegistration(111)) - New reporters are added after registries were created. Some metrics will be missing from the reporter. Please add reporter before adding any new registry.
2021-11-09 00:56:25,761 [Time-limited test] WARN  impl.MetricRegistriesImpl (MetricRegistriesImpl.java:addReporterRegistration(111)) - New reporters are added after registries were created. Some metrics will be missing from the reporter. Please add reporter before adding any new registry.
2021-11-09 00:56:25,761 [Time-limited test] INFO  ha.SequenceIdGenerator (SequenceIdGenerator.java:upgradeToSequenceId(347)) - upgrade localId to 107544261427200000
2021-11-09 00:56:25,762 [Time-limited test] INFO  ha.SequenceIdGenerator (SequenceIdGenerator.java:upgradeToSequenceId(357)) - upgrade delTxnId to 0
2021-11-09 00:56:25,762 [Time-limited test] INFO  ha.SequenceIdGenerator (SequenceIdGenerator.java:upgradeToSequenceId(371)) - upgrade containerId to 0
2021-11-09 00:56:25,762 [Time-limited test] INFO  ha.SequenceIdGenerator (SequenceIdGenerator.java:<init>(218)) - Init the HA SequenceIdGenerator.
2021-11-09 00:56:25,762 [Time-limited test] WARN  server.ServerUtils (ServerUtils.java:sanitizeUserArgs(67)) - ozone.scm.dead.node.interval value = 10000 is smaller than min = 20000 based on the key value of ozone.scm.stale.node.interval, reset to the min value 20000.
2021-11-09 00:56:25,802 [Time-limited test] INFO  node.SCMNodeManager (SCMNodeManager.java:<init>(144)) - Entering startup safe mode.
2021-11-09 00:56:25,803 [Time-limited test] INFO  algorithms.ContainerPlacementPolicyFactory (ContainerPlacementPolicyFactory.java:getPolicy(60)) - Create container placement policy of type org.apache.hadoop.hdds.scm.container.placement.algorithms.SCMContainerPlacementRandom
2021-11-09 00:56:25,803 [Time-limited test] INFO  pipeline.PipelineStateManagerImpl (PipelineStateManagerImpl.java:initialize(78)) - No pipeline exists in current db
2021-11-09 00:56:25,803 [Time-limited test] INFO  algorithms.LeaderChoosePolicyFactory (LeaderChoosePolicyFactory.java:getPolicy(57)) - Create leader choose policy of type org.apache.hadoop.hdds.scm.pipeline.leader.choose.algorithms.MinLeaderCountChoosePolicy
2021-11-09 00:56:25,803 [Time-limited test] INFO  ha.SCMServiceManager (SCMServiceManager.java:register(43)) - Registering service BackgroundPipelineCreator.
2021-11-09 00:56:25,803 [Time-limited test] INFO  pipeline.BackgroundPipelineCreator (BackgroundPipelineCreator.java:start(130)) - Starting RatisPipelineUtilsThread.
2021-11-09 00:56:25,805 [Time-limited test] INFO  algorithms.PipelineChoosePolicyFactory (PipelineChoosePolicyFactory.java:createPipelineChoosePolicyFromClass(73)) - Create pipeline choose policy of type org.apache.hadoop.hdds.scm.pipeline.choose.algorithms.RandomPipelineChoosePolicy
2021-11-09 00:56:25,808 [Time-limited test] INFO  ha.SCMServiceManager (SCMServiceManager.java:register(43)) - Registering service SCMBlockDeletingService.
2021-11-09 00:56:25,809 [Time-limited test] INFO  ha.SCMServiceManager (SCMServiceManager.java:register(43)) - Registering service ReplicationManager.
2021-11-09 00:56:25,809 [Time-limited test] INFO  container.ReplicationManager (ReplicationManager.java:start(319)) - Starting Replication Monitor Thread.
2021-11-09 00:56:25,810 [Time-limited test] INFO  safemode.ContainerSafeModeRule (ContainerSafeModeRule.java:<init>(89)) - containers with one replica threshold count 0
2021-11-09 00:56:25,819 [Time-limited test] INFO  safemode.HealthyPipelineSafeModeRule (HealthyPipelineSafeModeRule.java:initializeRule(156)) - Total pipeline count is 0, healthy pipeline threshold count is 1
2021-11-09 00:56:25,820 [Time-limited test] INFO  safemode.OneReplicaPipelineSafeModeRule (OneReplicaPipelineSafeModeRule.java:initializeRule(180)) - Total pipeline count is 0, pipeline's with at least one datanode reported threshold count is 0
2021-11-09 00:56:25,821 [Time-limited test] INFO  ipc.CallQueueManager (CallQueueManager.java:<init>(90)) - Using callQueue: class java.util.concurrent.LinkedBlockingQueue, queueCapacity: 2000, scheduler: class org.apache.hadoop.ipc.DefaultRpcScheduler, ipcBackoff: false.
2021-11-09 00:56:25,822 [Listener at 0.0.0.0/38177] INFO  ipc.CallQueueManager (CallQueueManager.java:<init>(90)) - Using callQueue: class java.util.concurrent.LinkedBlockingQueue, queueCapacity: 2000, scheduler: class org.apache.hadoop.ipc.DefaultRpcScheduler, ipcBackoff: false.
2021-11-09 00:56:25,822 [Socket Reader #1 for port 0] INFO  ipc.Server (Server.java:run(1265)) - Starting Socket Reader #1 for port 0
2021-11-09 00:56:25,832 [Socket Reader #1 for port 0] INFO  ipc.Server (Server.java:run(1265)) - Starting Socket Reader #1 for port 0
2021-11-09 00:56:25,832 [Listener at 0.0.0.0/39995] INFO  ipc.CallQueueManager (CallQueueManager.java:<init>(90)) - Using callQueue: class java.util.concurrent.LinkedBlockingQueue, queueCapacity: 2000, scheduler: class org.apache.hadoop.ipc.DefaultRpcScheduler, ipcBackoff: false.
2021-11-09 00:56:25,845 [Socket Reader #1 for port 0] INFO  ipc.Server (Server.java:run(1265)) - Starting Socket Reader #1 for port 0
2021-11-09 00:56:25,867 [ReplicationMonitor] INFO  container.ReplicationManager (ReplicationManager.java:processAll(371)) - Replication Monitor Thread took 0 milliseconds for processing 0 containers.
2021-11-09 00:56:25,917 [Listener at 0.0.0.0/36469] INFO  algorithms.ContainerPlacementPolicyFactory (ContainerPlacementPolicyFactory.java:getPolicy(60)) - Create container placement policy of type org.apache.hadoop.hdds.scm.container.placement.algorithms.SCMContainerPlacementRandom
2021-11-09 00:56:25,918 [Listener at 0.0.0.0/36469] INFO  server.StorageContainerManager (StorageContainerManager.java:<init>(388)) - 
Container Balancer status:
Key                            Value
Running                        false
Container Balancer Configuration values:
Key                                                Value
Threshold                                          0.1
Max Datanodes to Involve per Iteration(ratio)      0.2
Max Size to Move per Iteration                     32212254720B

2021-11-09 00:56:25,919 [Listener at 0.0.0.0/36469] WARN  events.EventQueue (EventQueue.java:fireEvent(194)) - No event handler registered for event TypedEvent{payloadType=SafeModeStatus, name='Safe mode status'}
2021-11-09 00:56:25,919 [Listener at 0.0.0.0/36469] INFO  ha.SCMContext (SCMContext.java:updateSafeModeStatus(205)) - Update SafeModeStatus from SafeModeStatus{safeModeStatus=true, preCheckPassed=false} to SafeModeStatus{safeModeStatus=true, preCheckPassed=false}.
2021-11-09 00:56:25,919 [Listener at 0.0.0.0/36469] INFO  server.StorageContainerManager (StorageContainerManager.java:start(1303)) - StorageContainerLocationProtocol RPC server is listening at /0.0.0.0:36469
2021-11-09 00:56:25,921 [Listener at 0.0.0.0/36469] WARN  impl.MetricsConfig (MetricsConfig.java:loadFirst(136)) - Cannot locate configuration: tried hadoop-metrics2-storagecontainermanager.properties,hadoop-metrics2.properties
2021-11-09 00:56:25,921 [Listener at 0.0.0.0/36469] INFO  impl.MetricsSystemImpl (MetricsSystemImpl.java:startTimer(378)) - Scheduled Metric snapshot period at 10 second(s).
2021-11-09 00:56:25,921 [Listener at 0.0.0.0/36469] INFO  impl.MetricsSystemImpl (MetricsSystemImpl.java:start(191)) - StorageContainerManager metrics system started
2021-11-09 00:56:25,994 [Listener at 0.0.0.0/36469] INFO  impl.MetricsSinkAdapter (MetricsSinkAdapter.java:start(204)) - Sink prometheus started
2021-11-09 00:56:25,994 [Listener at 0.0.0.0/36469] INFO  impl.MetricsSystemImpl (MetricsSystemImpl.java:registerSink(305)) - Registered sink prometheus
2021-11-09 00:56:26,055 [Listener at 0.0.0.0/36469] INFO  server.SCMClientProtocolServer (SCMClientProtocolServer.java:start(164)) - RPC server for Client  is listening at /0.0.0.0:36469
2021-11-09 00:56:26,055 [IPC Server Responder] INFO  ipc.Server (Server.java:run(1507)) - IPC Server Responder: starting
2021-11-09 00:56:26,056 [IPC Server listener on 0] INFO  ipc.Server (Server.java:run(1344)) - IPC Server listener on 0: starting
2021-11-09 00:56:26,058 [Listener at 0.0.0.0/36469] INFO  server.StorageContainerManager (StorageContainerManager.java:start(1318)) - ScmBlockLocationProtocol RPC server is listening at /0.0.0.0:39995
2021-11-09 00:56:26,058 [Listener at 0.0.0.0/36469] INFO  server.SCMBlockProtocolServer (SCMBlockProtocolServer.java:start(151)) - RPC server for Block Protocol is listening at /0.0.0.0:39995
2021-11-09 00:56:26,059 [IPC Server Responder] INFO  ipc.Server (Server.java:run(1507)) - IPC Server Responder: starting
2021-11-09 00:56:26,059 [IPC Server listener on 0] INFO  ipc.Server (Server.java:run(1344)) - IPC Server listener on 0: starting
2021-11-09 00:56:26,072 [Listener at 0.0.0.0/36469] INFO  server.StorageContainerManager (StorageContainerManager.java:start(1324)) - ScmDatanodeProtocl RPC server is listening at /0.0.0.0:38177
2021-11-09 00:56:26,072 [Listener at 0.0.0.0/36469] INFO  server.SCMDatanodeProtocolServer (SCMDatanodeProtocolServer.java:start(181)) - RPC server for DataNodes is listening at /0.0.0.0:38177
2021-11-09 00:56:26,076 [IPC Server Responder] INFO  ipc.Server (Server.java:run(1507)) - IPC Server Responder: starting
2021-11-09 00:56:26,076 [IPC Server listener on 0] INFO  ipc.Server (Server.java:run(1344)) - IPC Server listener on 0: starting
2021-11-09 00:56:26,080 [Listener at 0.0.0.0/36469] INFO  http.BaseHttpServer (BaseHttpServer.java:newHttpServer2BuilderForOzone(209)) - Starting Web-server for scm at: http://0.0.0.0:0
2021-11-09 00:56:26,080 [Listener at 0.0.0.0/36469] INFO  http.BaseHttpServer (BaseHttpServer.java:<init>(107)) - Hadoop Security Enabled: false Ozone Security Enabled: false Ozone HTTP Security Enabled: false 
2021-11-09 00:56:26,081 [Listener at 0.0.0.0/36469] INFO  server.AuthenticationFilter (AuthenticationFilter.java:constructSecretProvider(240)) - Unable to initialize FileSignerSecretProvider, falling back to use random secrets.
2021-11-09 00:56:26,082 [Listener at 0.0.0.0/36469] WARN  http.HttpRequestLog (HttpRequestLog.java:getRequestLog(103)) - Jetty request log can only be enabled using Log4j
2021-11-09 00:56:26,083 [Listener at 0.0.0.0/36469] INFO  http.HttpServer2 (HttpServer2.java:addGlobalFilter(1030)) - Added global filter 'safety' (class=org.apache.hadoop.hdds.server.http.HttpServer2$QuotingInputFilter)
2021-11-09 00:56:26,083 [Listener at 0.0.0.0/36469] INFO  http.HttpServer2 (HttpServer2.java:addFilter(1006)) - Added filter static_user_filter (class=org.apache.hadoop.http.lib.StaticUserWebFilter$StaticUserFilter) to context scm
2021-11-09 00:56:26,083 [Listener at 0.0.0.0/36469] INFO  http.HttpServer2 (HttpServer2.java:addFilter(1014)) - Added filter static_user_filter (class=org.apache.hadoop.http.lib.StaticUserWebFilter$StaticUserFilter) to context logs
2021-11-09 00:56:26,083 [Listener at 0.0.0.0/36469] INFO  http.HttpServer2 (HttpServer2.java:addFilter(1014)) - Added filter static_user_filter (class=org.apache.hadoop.http.lib.StaticUserWebFilter$StaticUserFilter) to context static
2021-11-09 00:56:26,084 [Listener at 0.0.0.0/36469] INFO  http.HttpServer2 (HttpServer2.java:bindListener(1249)) - Jetty bound to port 36577
2021-11-09 00:56:26,084 [Listener at 0.0.0.0/36469] INFO  server.Server (Server.java:doStart(375)) - jetty-9.4.43.v20210629; built: 2021-06-30T11:07:22.254Z; git: 526006ecfa3af7f1a27ef3a288e2bef7ea9dd7e8; jvm 1.8.0_292-b10
2021-11-09 00:56:26,086 [Listener at 0.0.0.0/36469] INFO  server.session (DefaultSessionIdManager.java:doStart(334)) - DefaultSessionIdManager workerName=node0
2021-11-09 00:56:26,086 [Listener at 0.0.0.0/36469] INFO  server.session (DefaultSessionIdManager.java:doStart(339)) - No SessionScavenger set, using defaults
2021-11-09 00:56:26,086 [Listener at 0.0.0.0/36469] INFO  server.session (HouseKeeper.java:startScavenging(132)) - node0 Scavenging every 660000ms
2021-11-09 00:56:26,087 [Listener at 0.0.0.0/36469] INFO  handler.ContextHandler (ContextHandler.java:doStart(915)) - Started o.e.j.s.ServletContextHandler@27727772{logs,/logs,file:///home/runner/work/ozone/ozone/hadoop-ozone/integration-test/target/log,AVAILABLE}
2021-11-09 00:56:26,087 [Listener at 0.0.0.0/36469] INFO  handler.ContextHandler (ContextHandler.java:doStart(915)) - Started o.e.j.s.ServletContextHandler@5566816b{static,/static,file:///home/runner/work/ozone/ozone/hadoop-ozone/integration-test/target/test-classes/webapps/static,AVAILABLE}
2021-11-09 00:56:26,090 [Listener at 0.0.0.0/36469] INFO  handler.ContextHandler (ContextHandler.java:doStart(915)) - Started o.e.j.w.WebAppContext@19238bbc{scm,/,file:///home/runner/work/ozone/ozone/hadoop-ozone/integration-test/target/test-classes/webapps/scm/,AVAILABLE}{file:/home/runner/work/ozone/ozone/hadoop-ozone/integration-test/target/test-classes/webapps/scm}
2021-11-09 00:56:26,103 [org.apache.hadoop.util.JvmPauseMonitor$Monitor@3b721f1] INFO  util.JvmPauseMonitor (JvmPauseMonitor.java:run(188)) - Starting JVM pause monitor
2021-11-09 00:56:26,109 [Listener at 0.0.0.0/36469] INFO  server.AbstractConnector (AbstractConnector.java:doStart(331)) - Started ServerConnector@522ba415{HTTP/1.1, (http/1.1)}{0.0.0.0:36577}
2021-11-09 00:56:26,109 [Listener at 0.0.0.0/36469] INFO  server.Server (Server.java:doStart(415)) - Started @172149ms
2021-11-09 00:56:26,109 [Listener at 0.0.0.0/36469] WARN  impl.MetricsSystemImpl (MetricsSystemImpl.java:register(279)) - Sink prometheus already exists!
2021-11-09 00:56:26,110 [Listener at 0.0.0.0/36469] INFO  http.BaseHttpServer (BaseHttpServer.java:updateConnectorAddress(329)) - HTTP server of scm listening at http://0.0.0.0:36577
2021-11-09 00:56:26,110 [Listener at 0.0.0.0/36469] WARN  server.ServerUtils (ServerUtils.java:getDBPath(225)) - ozone.om.db.dirs is not configured. We recommend adding this setting. Falling back to ozone.metadata.dirs instead.
2021-11-09 00:56:26,115 [Listener at 0.0.0.0/36469] INFO  ha.OMHANodeDetails (OMHANodeDetails.java:loadOMHAConfig(112)) - ozone.om.internal.service.id is not defined, falling back to ozone.om.service.ids to find serviceID for OzoneManager if it is HA enabled cluster
2021-11-09 00:56:26,115 [Listener at 0.0.0.0/36469] INFO  ha.OMHANodeDetails (OMHANodeDetails.java:loadOMHAConfig(219)) - Configuration does not have ozone.om.address set. Falling back to the default OM address /127.0.0.1:0
2021-11-09 00:56:26,115 [Listener at 0.0.0.0/36469] INFO  ha.OMHANodeDetails (OMHANodeDetails.java:getOMNodeDetails(247)) - OM Service ID is not set. Setting it to the default ID: omServiceIdDefault
2021-11-09 00:56:26,115 [Listener at 0.0.0.0/36469] INFO  ha.OMHANodeDetails (OMHANodeDetails.java:getOMNodeDetails(254)) - OM Node ID is not set. Setting it to the default ID: om1
2021-11-09 00:56:26,115 [Listener at 0.0.0.0/36469] WARN  server.ServerUtils (ServerUtils.java:getDBPath(225)) - ozone.om.db.dirs is not configured. We recommend adding this setting. Falling back to ozone.metadata.dirs instead.
2021-11-09 00:56:26,115 [Listener at 0.0.0.0/36469] INFO  upgrade.AbstractLayoutVersionManager (AbstractLayoutVersionManager.java:init(79)) - Initializing Layout version manager with metadata layout = INITIAL_VERSION (version = 0), software layout = INITIAL_VERSION (version = 0)
2021-11-09 00:56:26,213 [Listener at 0.0.0.0/36469] INFO  reflections.Reflections (Reflections.java:scan(232)) - Reflections took 96 ms to scan 2 urls, producing 131 keys and 344 values [using 2 cores]
2021-11-09 00:56:26,214 [Listener at 0.0.0.0/36469] INFO  upgrade.OMLayoutVersionManager (OMLayoutVersionManager.java:lambda$0(115)) - Skipping Upgrade Action MockOmUpgradeAction since it has been finalized.
2021-11-09 00:56:26,214 [Listener at 0.0.0.0/36469] WARN  server.ServerUtils (ServerUtils.java:getDBPath(225)) - ozone.om.db.dirs is not configured. We recommend adding this setting. Falling back to ozone.metadata.dirs instead.
2021-11-09 00:56:26,261 [Listener at 0.0.0.0/36469] WARN  server.ServerUtils (ServerUtils.java:getDBPath(225)) - ozone.om.db.dirs is not configured. We recommend adding this setting. Falling back to ozone.metadata.dirs instead.
2021-11-09 00:56:26,261 [Listener at 0.0.0.0/36469] INFO  codec.OmKeyInfoCodec (OmKeyInfoCodec.java:<init>(51)) - OmKeyInfoCodec ignorePipeline = true
2021-11-09 00:56:26,261 [Listener at 0.0.0.0/36469] INFO  codec.RepeatedOmKeyInfoCodec (RepeatedOmKeyInfoCodec.java:<init>(42)) - RepeatedOmKeyInfoCodec ignorePipeline = true
2021-11-09 00:56:26,518 [Listener at 0.0.0.0/36469] INFO  om.OzoneManager (OzoneManager.java:addS3GVolumeToDB(3456)) - Created Volume s3v With Owner runner required for S3Gateway operations.
2021-11-09 00:56:26,519 [Listener at 0.0.0.0/36469] WARN  server.ServerUtils (ServerUtils.java:getDefaultRatisDirectory(237)) - Storage directory for Ratis is not configured. It is a good idea to map this to an SSD disk. Falling back to ozone.metadata.dirs
2021-11-09 00:56:26,520 [Listener at 0.0.0.0/36469] WARN  utils.OzoneManagerRatisUtils (OzoneManagerRatisUtils.java:getOMRatisSnapshotDirectory(435)) - ozone.om.ratis.snapshot.dir is not configured. Falling back to ozone.metadata.dirs config
2021-11-09 00:56:26,520 [Listener at 0.0.0.0/36469] WARN  impl.MetricRegistriesImpl (MetricRegistriesImpl.java:addReporterRegistration(111)) - New reporters are added after registries were created. Some metrics will be missing from the reporter. Please add reporter before adding any new registry.
2021-11-09 00:56:26,520 [Listener at 0.0.0.0/36469] WARN  impl.MetricRegistriesImpl (MetricRegistriesImpl.java:addReporterRegistration(111)) - New reporters are added after registries were created. Some metrics will be missing from the reporter. Please add reporter before adding any new registry.
2021-11-09 00:56:26,520 [Listener at 0.0.0.0/36469] WARN  server.ServerUtils (ServerUtils.java:getDefaultRatisDirectory(237)) - Storage directory for Ratis is not configured. It is a good idea to map this to an SSD disk. Falling back to ozone.metadata.dirs
2021-11-09 00:56:26,521 [Listener at 0.0.0.0/36469] INFO  ratis.OzoneManagerRatisServer (OzoneManagerRatisServer.java:<init>(159)) - Instantiating OM Ratis server with groupID: omServiceIdDefault and peers: localhost:9872
2021-11-09 00:56:26,521 [Listener at 0.0.0.0/36469] INFO  ratis.OzoneManagerStateMachine (OzoneManagerStateMachine.java:loadSnapshotInfoFromDB(605)) - LastAppliedIndex is set from TransactionInfo from OM DB as (t:0, i:~)
2021-11-09 00:56:26,522 [Listener at 0.0.0.0/36469] INFO  server.RaftServer (ConfUtils.java:logGet(44)) - raft.rpc.type = GRPC (default)
2021-11-09 00:56:26,522 [Listener at 0.0.0.0/36469] INFO  grpc.GrpcFactory (GrpcFactory.java:checkPooledByteBufAllocatorUseCacheForAllThreads(48)) - PERFORMANCE WARNING: useCacheForAllThreads is true that may cause Netty to create a lot garbage objects and, as a result, trigger GC.
	It is recommended to disable useCacheForAllThreads by setting -Dorg.apache.ratis.thirdparty.io.netty.allocator.useCacheForAllThreads=false in command line.
2021-11-09 00:56:26,522 [Listener at 0.0.0.0/36469] INFO  grpc.GrpcConfigKeys (ConfUtils.java:logGet(44)) - raft.grpc.admin.port = -1 (default)
2021-11-09 00:56:26,522 [Listener at 0.0.0.0/36469] INFO  grpc.GrpcConfigKeys (ConfUtils.java:logGet(44)) - raft.grpc.server.port = 9872 (custom)
2021-11-09 00:56:26,522 [Listener at 0.0.0.0/36469] INFO  grpc.GrpcConfigKeys (ConfUtils.java:logGet(44)) - raft.grpc.client.port = -1 (default)
2021-11-09 00:56:26,522 [Listener at 0.0.0.0/36469] INFO  grpc.GrpcConfigKeys (ConfUtils.java:logGet(44)) - raft.grpc.server.port = 9872 (custom)
2021-11-09 00:56:26,522 [Listener at 0.0.0.0/36469] INFO  grpc.GrpcConfigKeys (ConfUtils.java:logGet(44)) - raft.grpc.server.port = 9872 (custom)
2021-11-09 00:56:26,522 [Listener at 0.0.0.0/36469] INFO  server.GrpcService (ConfUtils.java:logGet(44)) - raft.grpc.message.size.max = 33554432 (custom)
2021-11-09 00:56:26,522 [Listener at 0.0.0.0/36469] INFO  server.RaftServerConfigKeys (ConfUtils.java:logGet(44)) - raft.server.log.appender.buffer.byte-limit = 33554432 (custom)
2021-11-09 00:56:26,522 [Listener at 0.0.0.0/36469] INFO  server.GrpcService (ConfUtils.java:logGet(44)) - raft.grpc.flow.control.window = 1MB (=1048576) (default)
2021-11-09 00:56:26,522 [Listener at 0.0.0.0/36469] INFO  server.RaftServerConfigKeys (ConfUtils.java:logGet(44)) - raft.server.rpc.request.timeout = 3000ms (default)
2021-11-09 00:56:26,523 [Listener at 0.0.0.0/36469] INFO  impl.DataStreamServerImpl (ConfUtils.java:logGet(44)) - raft.datastream.type = DISABLED (default)
2021-11-09 00:56:26,524 [Listener at 0.0.0.0/36469] INFO  server.RaftServerConfigKeys (ConfUtils.java:logGet(44)) - raft.server.rpc.slowness.timeout = 120s (custom)
2021-11-09 00:56:26,524 [Listener at 0.0.0.0/36469] INFO  server.RaftServerConfigKeys (ConfUtils.java:logGet(44)) - raft.server.leaderelection.leader.step-down.wait-time = 10s (default)
2021-11-09 00:56:26,524 [Listener at 0.0.0.0/36469] INFO  server.RaftServerConfigKeys (ConfUtils.java:logGet(44)) - raft.server.storage.dir = [/home/runner/work/ozone/ozone/hadoop-ozone/integration-test/target/test-dir/MiniOzoneClusterImpl-cebd3685-2b3d-4639-9f0f-41911e64574b/ozone-meta/ratis] (custom)
2021-11-09 00:56:26,545 [Listener at 0.0.0.0/36469] INFO  server.RaftServer (RaftServerProxy.java:addNew(95)) - om1: addNew group-C5BA1605619E:[om1|rpc:localhost:9872|priority:0] returns group-C5BA1605619E:java.util.concurrent.CompletableFuture@43c4a7b0[Not completed]
2021-11-09 00:56:26,546 [Listener at 0.0.0.0/36469] INFO  om.OzoneManager (OzoneManager.java:initializeRatisServer(1638)) - OzoneManager Ratis server initialized at port 9872
2021-11-09 00:56:26,546 [Listener at 0.0.0.0/36469] INFO  ipc.CallQueueManager (CallQueueManager.java:<init>(90)) - Using callQueue: class java.util.concurrent.LinkedBlockingQueue, queueCapacity: 2000, scheduler: class org.apache.hadoop.ipc.DefaultRpcScheduler, ipcBackoff: false.
2021-11-09 00:56:26,547 [pool-492-thread-1] INFO  server.RaftServer$Division (RaftServerImpl.java:<init>(184)) - om1: new RaftServerImpl for group-C5BA1605619E:[om1|rpc:localhost:9872|priority:0] with OzoneManagerStateMachine:uninitialized
2021-11-09 00:56:26,583 [Socket Reader #1 for port 0] INFO  ipc.Server (Server.java:run(1265)) - Starting Socket Reader #1 for port 0
2021-11-09 00:56:26,596 [pool-492-thread-1] INFO  server.RaftServerConfigKeys (ConfUtils.java:logGet(44)) - raft.server.rpc.timeout.min = 1s (custom)
2021-11-09 00:56:26,596 [pool-492-thread-1] INFO  server.RaftServerConfigKeys (ConfUtils.java:logGet(44)) - raft.server.rpc.timeout.max = 1200ms (custom)
2021-11-09 00:56:26,597 [pool-492-thread-1] INFO  server.RaftServerConfigKeys (ConfUtils.java:logGet(44)) - raft.server.rpc.sleep.time = 25ms (default)
2021-11-09 00:56:26,597 [pool-492-thread-1] INFO  server.RaftServerConfigKeys (ConfUtils.java:logGet(44)) - raft.server.rpc.slowness.timeout = 120s (custom)
2021-11-09 00:56:26,597 [pool-492-thread-1] INFO  server.RaftServerConfigKeys (ConfUtils.java:logGet(44)) - raft.server.leaderelection.leader.step-down.wait-time = 10s (default)
2021-11-09 00:56:26,597 [pool-492-thread-1] INFO  server.RaftServerConfigKeys (ConfUtils.java:logGet(44)) - raft.server.sleep.deviation.threshold = 300ms (default)
2021-11-09 00:56:26,597 [pool-492-thread-1] INFO  server.RaftServerConfigKeys (ConfUtils.java:logGet(44)) - raft.server.log.appender.install.snapshot.enabled = false (custom)
2021-11-09 00:56:26,597 [pool-492-thread-1] INFO  server.RaftServer$Division (ServerState.java:<init>(105)) - om1@group-C5BA1605619E: ConfigurationManager, init=-1: [om1|rpc:localhost:9872|priority:0], old=null, confs=<EMPTY_MAP>
2021-11-09 00:56:26,597 [pool-492-thread-1] INFO  server.RaftServerConfigKeys (ConfUtils.java:logGet(44)) - raft.server.storage.dir = [/home/runner/work/ozone/ozone/hadoop-ozone/integration-test/target/test-dir/MiniOzoneClusterImpl-cebd3685-2b3d-4639-9f0f-41911e64574b/ozone-meta/ratis] (custom)
2021-11-09 00:56:26,597 [pool-492-thread-1] INFO  server.RaftServerConfigKeys (ConfUtils.java:logGet(44)) - raft.server.log.corruption.policy = EXCEPTION (default)
2021-11-09 00:56:26,597 [pool-492-thread-1] INFO  server.RaftServerConfigKeys (ConfUtils.java:logGet(44)) - raft.server.storage.free-space.min = 0MB (=0) (default)
2021-11-09 00:56:26,597 [pool-492-thread-1] INFO  storage.RaftStorageDirectory (RaftStorageDirectoryImpl.java:analyzeStorage(135)) - The storage directory /home/runner/work/ozone/ozone/hadoop-ozone/integration-test/target/test-dir/MiniOzoneClusterImpl-cebd3685-2b3d-4639-9f0f-41911e64574b/ozone-meta/ratis/bf265839-605b-3f16-9796-c5ba1605619e does not exist. Creating ...
2021-11-09 00:56:26,604 [pool-492-thread-1] INFO  storage.RaftStorageDirectory (RaftStorageDirectoryImpl.java:tryLock(230)) - Lock on /home/runner/work/ozone/ozone/hadoop-ozone/integration-test/target/test-dir/MiniOzoneClusterImpl-cebd3685-2b3d-4639-9f0f-41911e64574b/ozone-meta/ratis/bf265839-605b-3f16-9796-c5ba1605619e/in_use.lock acquired by nodename 2851@fv-az294-841
2021-11-09 00:56:26,618 [Listener at 127.0.0.1/34135] INFO  om.OzoneManager (OzoneManager.java:initFSOLayout(3662)) - Configured ozone.om.metadata.layout=SIMPLE and disabled optimized OM FS operations
2021-11-09 00:56:26,620 [Listener at 127.0.0.1/34135] INFO  impl.MetricsSystemImpl (MetricsSystemImpl.java:init(158)) - OzoneManager metrics system started (again)
2021-11-09 00:56:26,632 [pool-492-thread-1] INFO  storage.RaftStorage (RaftStorageImpl.java:format(89)) - Storage directory /home/runner/work/ozone/ozone/hadoop-ozone/integration-test/target/test-dir/MiniOzoneClusterImpl-cebd3685-2b3d-4639-9f0f-41911e64574b/ozone-meta/ratis/bf265839-605b-3f16-9796-c5ba1605619e has been successfully formatted.
2021-11-09 00:56:26,632 [pool-492-thread-1] INFO  server.RaftServerConfigKeys (ConfUtils.java:logGet(44)) - raft.server.notification.no-leader.timeout = 120s (custom)
2021-11-09 00:56:26,632 [pool-492-thread-1] INFO  server.RaftServerConfigKeys (ConfUtils.java:logGet(44)) - raft.server.log.use.memory = false (default)
2021-11-09 00:56:26,632 [pool-492-thread-1] INFO  server.RaftServerConfigKeys (ConfUtils.java:logGet(44)) - raft.server.log.purge.gap = 1000000 (custom)
2021-11-09 00:56:26,632 [pool-492-thread-1] INFO  server.RaftServerConfigKeys (ConfUtils.java:logGet(44)) - raft.server.log.appender.buffer.byte-limit = 33554432 (custom)
2021-11-09 00:56:26,632 [pool-492-thread-1] INFO  server.RaftServerConfigKeys (ConfUtils.java:logGet(44)) - raft.server.log.segment.size.max = 4194304 (custom)
2021-11-09 00:56:26,633 [pool-492-thread-1] INFO  server.RaftServerConfigKeys (ConfUtils.java:logGet(44)) - raft.server.log.segment.cache.num.max = 2 (custom)
2021-11-09 00:56:26,633 [pool-492-thread-1] INFO  server.RaftServerConfigKeys (ConfUtils.java:logGet(44)) - raft.server.log.segment.cache.size.max = 200MB (=209715200) (default)
2021-11-09 00:56:26,633 [pool-492-thread-1] INFO  segmented.SegmentedRaftLogWorker (SegmentedRaftLogWorker.java:<init>(182)) - new om1@group-C5BA1605619E-SegmentedRaftLogWorker for RaftStorageImpl:Storage Directory /home/runner/work/ozone/ozone/hadoop-ozone/integration-test/target/test-dir/MiniOzoneClusterImpl-cebd3685-2b3d-4639-9f0f-41911e64574b/ozone-meta/ratis/bf265839-605b-3f16-9796-c5ba1605619e
2021-11-09 00:56:26,633 [pool-492-thread-1] INFO  server.RaftServerConfigKeys (ConfUtils.java:logGet(44)) - raft.server.log.queue.byte-limit = 64MB (=67108864) (default)
2021-11-09 00:56:26,633 [pool-492-thread-1] INFO  server.RaftServerConfigKeys (ConfUtils.java:logGet(44)) - raft.server.log.queue.element-limit = 4096 (default)
2021-11-09 00:56:26,633 [pool-492-thread-1] INFO  server.RaftServerConfigKeys (ConfUtils.java:logGet(44)) - raft.server.log.segment.size.max = 4194304 (custom)
2021-11-09 00:56:26,633 [pool-492-thread-1] INFO  server.RaftServerConfigKeys (ConfUtils.java:logGet(44)) - raft.server.log.preallocated.size = 4194304 (custom)
2021-11-09 00:56:26,633 [pool-492-thread-1] INFO  server.RaftServerConfigKeys (ConfUtils.java:logGet(44)) - raft.server.log.force.sync.num = 128 (default)
2021-11-09 00:56:26,633 [pool-492-thread-1] INFO  server.RaftServerConfigKeys (ConfUtils.java:logGet(44)) - raft.server.log.statemachine.data.sync = true (default)
2021-11-09 00:56:26,633 [pool-492-thread-1] INFO  server.RaftServerConfigKeys (ConfUtils.java:logGet(44)) - raft.server.log.statemachine.data.sync.timeout = 10s (default)
2021-11-09 00:56:26,633 [pool-492-thread-1] INFO  server.RaftServerConfigKeys (ConfUtils.java:logGet(44)) - raft.server.log.statemachine.data.sync.timeout.retry = -1 (default)
2021-11-09 00:56:26,634 [pool-492-thread-1] INFO  server.RaftServerConfigKeys (ConfUtils.java:logGet(44)) - raft.server.log.write.buffer.size = 64KB (=65536) (default)
2021-11-09 00:56:26,634 [pool-492-thread-1] INFO  server.RaftServerConfigKeys (ConfUtils.java:logGet(44)) - raft.server.log.statemachine.data.caching.enabled = false (default)
2021-11-09 00:56:26,634 [pool-492-thread-1] INFO  segmented.SegmentedRaftLogWorker (SegmentedRaftLogWorker.java:lambda$new$0(133)) - om1@group-C5BA1605619E-SegmentedRaftLogWorker: flushIndex: setUnconditionally 0 -> -1
2021-11-09 00:56:26,634 [pool-492-thread-1] INFO  segmented.SegmentedRaftLogWorker (SegmentedRaftLogWorker.java:lambda$new$0(133)) - om1@group-C5BA1605619E-SegmentedRaftLogWorker: safeCacheEvictIndex: setUnconditionally 0 -> -1
2021-11-09 00:56:26,663 [pool-492-thread-1] INFO  server.RaftServerConfigKeys (ConfUtils.java:logGet(44)) - raft.server.snapshot.auto.trigger.enabled = true (custom)
2021-11-09 00:56:26,663 [pool-492-thread-1] INFO  server.RaftServerConfigKeys (ConfUtils.java:logGet(44)) - raft.server.snapshot.auto.trigger.threshold = 400000 (default)
2021-11-09 00:56:26,663 [pool-492-thread-1] INFO  server.RaftServerConfigKeys (ConfUtils.java:logGet(44)) - raft.server.snapshot.retention.file.num = -1 (default)
2021-11-09 00:56:26,663 [pool-492-thread-1] INFO  server.RaftServerConfigKeys (ConfUtils.java:logGet(44)) - raft.server.log.purge.upto.snapshot.index = true (custom)
2021-11-09 00:56:26,664 [pool-492-thread-1] INFO  server.RaftServerConfigKeys (ConfUtils.java:logGet(44)) - raft.server.retrycache.expirytime = 300s (custom)
2021-11-09 00:56:26,664 [pool-492-thread-1] INFO  server.RaftServerConfigKeys (ConfUtils.java:logGet(44)) - raft.server.retrycache.statistics.expirytime = 100μs (default)
2021-11-09 00:56:26,668 [Listener at 127.0.0.1/34135] INFO  om.OzoneManager (OzoneManager.java:start(1322)) - OzoneManager RPC server is listening at localhost/127.0.0.1:34135
2021-11-09 00:56:26,671 [Listener at 127.0.0.1/34135] INFO  ratis.OzoneManagerRatisServer (OzoneManagerRatisServer.java:start(522)) - Starting OzoneManagerRatisServer om1 at port 9872
2021-11-09 00:56:26,671 [Listener at 127.0.0.1/34135] INFO  server.RaftServer$Division (RaftServerImpl.java:start(301)) - om1@group-C5BA1605619E: start as a follower, conf=-1: [om1|rpc:localhost:9872|priority:0], old=null
2021-11-09 00:56:26,672 [Listener at 127.0.0.1/34135] INFO  server.RaftServer$Division (RaftServerImpl.java:setRole(290)) - om1@group-C5BA1605619E: changes role from      null to FOLLOWER at term 0 for startAsFollower
2021-11-09 00:56:26,672 [Listener at 127.0.0.1/34135] INFO  impl.RoleInfo (RoleInfo.java:updateAndGet(130)) - om1: start om1@group-C5BA1605619E-FollowerState
2021-11-09 00:56:26,672 [Listener at 127.0.0.1/34135] INFO  util.JmxRegister (JmxRegister.java:tryRegister(44)) - Successfully registered JMX Bean with object name Ratis:service=RaftServer,group=group-C5BA1605619E,id=om1
2021-11-09 00:56:26,673 [Listener at 127.0.0.1/34135] INFO  server.RaftServer (RaftServerProxy.java:lambda$start$5(374)) - om1: start RPC server
2021-11-09 00:56:26,674 [Listener at 127.0.0.1/34135] INFO  server.GrpcService (GrpcService.java:startImpl(253)) - om1: GrpcService started, listening on 9872
2021-11-09 00:56:26,674 [Listener at 127.0.0.1/34135] INFO  om.OzoneManager (OzoneManager.java:start(1340)) - Version File has different layout version (0) than OM DB (null). That is expected if this OM has never been finalized to a newer layout version.
2021-11-09 00:56:26,674 [org.apache.ratis.util.JvmPauseMonitor$$Lambda$531/1691661275@1eb0fc5d] INFO  util.JvmPauseMonitor (JvmPauseMonitor.java:run(103)) - JvmPauseMonitor-om1: Started
2021-11-09 00:56:26,676 [Listener at 127.0.0.1/34135] INFO  http.BaseHttpServer (BaseHttpServer.java:newHttpServer2BuilderForOzone(209)) - Starting Web-server for ozoneManager at: http://0.0.0.0:0
2021-11-09 00:56:26,676 [Listener at 127.0.0.1/34135] INFO  http.BaseHttpServer (BaseHttpServer.java:<init>(107)) - Hadoop Security Enabled: false Ozone Security Enabled: false Ozone HTTP Security Enabled: false 
2021-11-09 00:56:26,681 [Listener at 127.0.0.1/34135] INFO  server.AuthenticationFilter (AuthenticationFilter.java:constructSecretProvider(240)) - Unable to initialize FileSignerSecretProvider, falling back to use random secrets.
2021-11-09 00:56:26,691 [Listener at 127.0.0.1/34135] WARN  http.HttpRequestLog (HttpRequestLog.java:getRequestLog(103)) - Jetty request log can only be enabled using Log4j
2021-11-09 00:56:26,692 [Listener at 127.0.0.1/34135] INFO  http.HttpServer2 (HttpServer2.java:addGlobalFilter(1030)) - Added global filter 'safety' (class=org.apache.hadoop.hdds.server.http.HttpServer2$QuotingInputFilter)
2021-11-09 00:56:26,693 [Listener at 127.0.0.1/34135] INFO  http.HttpServer2 (HttpServer2.java:addFilter(1006)) - Added filter static_user_filter (class=org.apache.hadoop.http.lib.StaticUserWebFilter$StaticUserFilter) to context ozoneManager
2021-11-09 00:56:26,693 [Listener at 127.0.0.1/34135] INFO  http.HttpServer2 (HttpServer2.java:addFilter(1014)) - Added filter static_user_filter (class=org.apache.hadoop.http.lib.StaticUserWebFilter$StaticUserFilter) to context logs
2021-11-09 00:56:26,693 [Listener at 127.0.0.1/34135] INFO  http.HttpServer2 (HttpServer2.java:addFilter(1014)) - Added filter static_user_filter (class=org.apache.hadoop.http.lib.StaticUserWebFilter$StaticUserFilter) to context static
2021-11-09 00:56:26,693 [Listener at 127.0.0.1/34135] INFO  http.HttpServer2 (HttpServer2.java:bindListener(1249)) - Jetty bound to port 36011
2021-11-09 00:56:26,693 [Listener at 127.0.0.1/34135] INFO  server.Server (Server.java:doStart(375)) - jetty-9.4.43.v20210629; built: 2021-06-30T11:07:22.254Z; git: 526006ecfa3af7f1a27ef3a288e2bef7ea9dd7e8; jvm 1.8.0_292-b10
2021-11-09 00:56:26,755 [Listener at 127.0.0.1/34135] INFO  server.session (DefaultSessionIdManager.java:doStart(334)) - DefaultSessionIdManager workerName=node0
2021-11-09 00:56:26,756 [Listener at 127.0.0.1/34135] INFO  server.session (DefaultSessionIdManager.java:doStart(339)) - No SessionScavenger set, using defaults
2021-11-09 00:56:26,763 [Listener at 127.0.0.1/34135] INFO  server.session (HouseKeeper.java:startScavenging(132)) - node0 Scavenging every 660000ms
2021-11-09 00:56:26,764 [Listener at 127.0.0.1/34135] INFO  handler.ContextHandler (ContextHandler.java:doStart(915)) - Started o.e.j.s.ServletContextHandler@753acf9d{logs,/logs,file:///home/runner/work/ozone/ozone/hadoop-ozone/integration-test/target/log,AVAILABLE}
2021-11-09 00:56:26,764 [Listener at 127.0.0.1/34135] INFO  handler.ContextHandler (ContextHandler.java:doStart(915)) - Started o.e.j.s.ServletContextHandler@55d0906f{static,/static,file:///home/runner/work/ozone/ozone/hadoop-ozone/integration-test/target/test-classes/webapps/static,AVAILABLE}
2021-11-09 00:56:26,767 [Listener at 127.0.0.1/34135] INFO  handler.ContextHandler (ContextHandler.java:doStart(915)) - Started o.e.j.w.WebAppContext@4fce8906{ozoneManager,/,file:///home/runner/work/ozone/ozone/hadoop-ozone/integration-test/target/test-classes/webapps/ozoneManager/,AVAILABLE}{file:/home/runner/work/ozone/ozone/hadoop-ozone/integration-test/target/test-classes/webapps/ozoneManager}
2021-11-09 00:56:26,806 [Listener at 127.0.0.1/34135] INFO  server.AbstractConnector (AbstractConnector.java:doStart(331)) - Started ServerConnector@257e895{HTTP/1.1, (http/1.1)}{0.0.0.0:36011}
2021-11-09 00:56:26,806 [Listener at 127.0.0.1/34135] INFO  server.Server (Server.java:doStart(415)) - Started @172846ms
2021-11-09 00:56:26,806 [Listener at 127.0.0.1/34135] WARN  impl.MetricsSystemImpl (MetricsSystemImpl.java:register(279)) - Sink prometheus already exists!
2021-11-09 00:56:26,807 [Listener at 127.0.0.1/34135] INFO  http.BaseHttpServer (BaseHttpServer.java:updateConnectorAddress(329)) - HTTP server of ozoneManager listening at http://0.0.0.0:36011
2021-11-09 00:56:26,808 [IPC Server Responder] INFO  ipc.Server (Server.java:run(1507)) - IPC Server Responder: starting
2021-11-09 00:56:26,808 [IPC Server listener on 0] INFO  ipc.Server (Server.java:run(1344)) - IPC Server listener on 0: starting
2021-11-09 00:56:26,810 [Listener at 127.0.0.1/34135] INFO  om.OzoneManager (OzoneManager.java:startTrashEmptier(1596)) - Trash Interval set to 0. Files deleted will not move to trash
2021-11-09 00:56:26,835 [org.apache.hadoop.util.JvmPauseMonitor$Monitor@670b0f72] INFO  util.JvmPauseMonitor (JvmPauseMonitor.java:run(188)) - Starting JVM pause monitor
2021-11-09 00:56:26,864 [Listener at 127.0.0.1/34135] WARN  impl.MetricRegistriesImpl (MetricRegistriesImpl.java:addReporterRegistration(111)) - New reporters are added after registries were created. Some metrics will be missing from the reporter. Please add reporter before adding any new registry.
2021-11-09 00:56:26,864 [Listener at 127.0.0.1/34135] WARN  impl.MetricRegistriesImpl (MetricRegistriesImpl.java:addReporterRegistration(111)) - New reporters are added after registries were created. Some metrics will be missing from the reporter. Please add reporter before adding any new registry.
2021-11-09 00:56:26,864 [Listener at 127.0.0.1/34135] INFO  impl.MetricsSystemImpl (MetricsSystemImpl.java:init(158)) - HddsDatanode metrics system started (again)
2021-11-09 00:56:26,876 [Listener at 127.0.0.1/34135] INFO  ozone.HddsDatanodeService (HddsDatanodeService.java:start(234)) - HddsDatanodeService host:fv-az294-841.eaanfquahm5ulb5tj050gcxych.jx.internal.cloudapp.net ip:10.1.0.58
2021-11-09 00:56:26,919 [Listener at 127.0.0.1/34135] INFO  upgrade.AbstractLayoutVersionManager (AbstractLayoutVersionManager.java:init(79)) - Initializing Layout version manager with metadata layout = SCM_HA (version = 2), software layout = SCM_HA (version = 2)
2021-11-09 00:56:27,054 [Listener at 127.0.0.1/34135] INFO  reflections.Reflections (Reflections.java:scan(232)) - Reflections took 133 ms to scan 7 urls, producing 119 keys and 279 values 
2021-11-09 00:56:27,056 [Listener at 127.0.0.1/34135] INFO  statemachine.DatanodeStateMachine (DatanodeStateMachine.java:getEndPointTaskThreadPoolSize(219)) - Datanode State Machine Task Thread Pool size 2
2021-11-09 00:56:27,064 [Listener at 127.0.0.1/34135] INFO  volume.HddsVolume (HddsVolume.java:<init>(120)) - Creating HddsVolume: /home/runner/work/ozone/ozone/hadoop-ozone/integration-test/target/test-dir/MiniOzoneClusterImpl-cebd3685-2b3d-4639-9f0f-41911e64574b/datanode-0/data-0/containers/hdds of storage type : DISK capacity : 9223372036854775807
2021-11-09 00:56:27,064 [Listener at 127.0.0.1/34135] INFO  volume.MutableVolumeSet (MutableVolumeSet.java:initializeVolumeSet(168)) - Added Volume : /home/runner/work/ozone/ozone/hadoop-ozone/integration-test/target/test-dir/MiniOzoneClusterImpl-cebd3685-2b3d-4639-9f0f-41911e64574b/datanode-0/data-0/containers/hdds to VolumeSet
2021-11-09 00:56:27,064 [Listener at 127.0.0.1/34135] INFO  volume.ThrottledAsyncChecker (ThrottledAsyncChecker.java:schedule(141)) - Scheduling a check for /home/runner/work/ozone/ozone/hadoop-ozone/integration-test/target/test-dir/MiniOzoneClusterImpl-cebd3685-2b3d-4639-9f0f-41911e64574b/datanode-0/data-0/containers/hdds
2021-11-09 00:56:27,111 [Listener at 127.0.0.1/34135] INFO  volume.StorageVolumeChecker (StorageVolumeChecker.java:checkAllVolumes(202)) - Scheduled health check for volume /home/runner/work/ozone/ozone/hadoop-ozone/integration-test/target/test-dir/MiniOzoneClusterImpl-cebd3685-2b3d-4639-9f0f-41911e64574b/datanode-0/data-0/containers/hdds
2021-11-09 00:56:27,296 [org.apache.ratis.util.JvmPauseMonitor$$Lambda$531/1691661275@1eb0fc5d] WARN  util.JvmPauseMonitor (JvmPauseMonitor.java:detectPause(124)) - JvmPauseMonitor-om1: Detected pause in JVM or host machine (eg GC): pause of approximately 121477193ns.
GC pool 'PS MarkSweep' had collection(s): count=1 time=164ms
GC pool 'PS Scavenge' had collection(s): count=1 time=15ms
2021-11-09 00:56:27,357 [Listener at 127.0.0.1/34135] INFO  volume.MutableVolumeSet (MutableVolumeSet.java:initializeVolumeSet(168)) - Added Volume : /home/runner/work/ozone/ozone/hadoop-ozone/integration-test/target/test-dir/MiniOzoneClusterImpl-cebd3685-2b3d-4639-9f0f-41911e64574b/datanode-0/data/ratis to VolumeSet
2021-11-09 00:56:27,357 [Listener at 127.0.0.1/34135] INFO  volume.ThrottledAsyncChecker (ThrottledAsyncChecker.java:schedule(141)) - Scheduling a check for /home/runner/work/ozone/ozone/hadoop-ozone/integration-test/target/test-dir/MiniOzoneClusterImpl-cebd3685-2b3d-4639-9f0f-41911e64574b/datanode-0/data/ratis
2021-11-09 00:56:27,387 [Listener at 127.0.0.1/34135] INFO  volume.StorageVolumeChecker (StorageVolumeChecker.java:checkAllVolumes(202)) - Scheduled health check for volume /home/runner/work/ozone/ozone/hadoop-ozone/integration-test/target/test-dir/MiniOzoneClusterImpl-cebd3685-2b3d-4639-9f0f-41911e64574b/datanode-0/data/ratis
2021-11-09 00:56:27,412 [Thread-1391] INFO  ozoneimpl.ContainerReader (ContainerReader.java:readVolume(172)) - Finish verifying containers on volume /home/runner/work/ozone/ozone/hadoop-ozone/integration-test/target/test-dir/MiniOzoneClusterImpl-cebd3685-2b3d-4639-9f0f-41911e64574b/datanode-0/data-0/containers/hdds
2021-11-09 00:56:27,412 [Listener at 127.0.0.1/34135] INFO  ozoneimpl.OzoneContainer (OzoneContainer.java:buildContainerSet(236)) - Build ContainerSet costs 0s
2021-11-09 00:56:27,415 [Listener at 127.0.0.1/34135] INFO  server.RaftServer (ConfUtils.java:logGet(44)) - raft.rpc.type = GRPC (default)
2021-11-09 00:56:27,415 [Listener at 127.0.0.1/34135] INFO  grpc.GrpcFactory (GrpcFactory.java:checkPooledByteBufAllocatorUseCacheForAllThreads(48)) - PERFORMANCE WARNING: useCacheForAllThreads is true that may cause Netty to create a lot garbage objects and, as a result, trigger GC.
	It is recommended to disable useCacheForAllThreads by setting -Dorg.apache.ratis.thirdparty.io.netty.allocator.useCacheForAllThreads=false in command line.
2021-11-09 00:56:27,415 [Listener at 127.0.0.1/34135] INFO  grpc.GrpcConfigKeys (ConfUtils.java:logGet(44)) - raft.grpc.admin.port = 0 (custom)
2021-11-09 00:56:27,415 [Listener at 127.0.0.1/34135] INFO  grpc.GrpcConfigKeys (ConfUtils.java:logGet(44)) - raft.grpc.client.port = 0 (custom)
2021-11-09 00:56:27,415 [Listener at 127.0.0.1/34135] INFO  grpc.GrpcConfigKeys (ConfUtils.java:logGet(44)) - raft.grpc.server.port = 0 (default)
2021-11-09 00:56:27,415 [Listener at 127.0.0.1/34135] INFO  server.GrpcService (ConfUtils.java:logGet(44)) - raft.grpc.message.size.max = 32MB (=33554432) (custom)
2021-11-09 00:56:27,415 [Listener at 127.0.0.1/34135] INFO  server.RaftServerConfigKeys (ConfUtils.java:logGet(44)) - raft.server.log.appender.buffer.byte-limit = 33554432 (custom)
2021-11-09 00:56:27,416 [Listener at 127.0.0.1/34135] INFO  server.GrpcService (ConfUtils.java:logGet(44)) - raft.grpc.flow.control.window = 5MB (=5242880) (custom)
2021-11-09 00:56:27,416 [Listener at 127.0.0.1/34135] INFO  server.RaftServerConfigKeys (ConfUtils.java:logGet(44)) - raft.server.rpc.request.timeout = 3000ms (default)
2021-11-09 00:56:27,417 [Listener at 127.0.0.1/34135] INFO  impl.DataStreamServerImpl (ConfUtils.java:logGet(44)) - raft.datastream.type = DISABLED (default)
2021-11-09 00:56:27,417 [Listener at 127.0.0.1/34135] INFO  server.RaftServerConfigKeys (ConfUtils.java:logGet(44)) - raft.server.rpc.slowness.timeout = 300000ms (custom)
2021-11-09 00:56:27,417 [Listener at 127.0.0.1/34135] INFO  server.RaftServerConfigKeys (ConfUtils.java:logGet(44)) - raft.server.leaderelection.leader.step-down.wait-time = 10s (default)
2021-11-09 00:56:27,418 [Listener at 127.0.0.1/34135] INFO  server.RaftServerConfigKeys (ConfUtils.java:logGet(44)) - raft.server.storage.dir = [/home/runner/work/ozone/ozone/hadoop-ozone/integration-test/target/test-dir/MiniOzoneClusterImpl-cebd3685-2b3d-4639-9f0f-41911e64574b/datanode-0/data/ratis] (custom)
2021-11-09 00:56:27,429 [Listener at 127.0.0.1/34135] INFO  http.BaseHttpServer (BaseHttpServer.java:newHttpServer2BuilderForOzone(209)) - Starting Web-server for hddsDatanode at: http://0.0.0.0:0
2021-11-09 00:56:27,429 [Listener at 127.0.0.1/34135] INFO  http.BaseHttpServer (BaseHttpServer.java:<init>(107)) - Hadoop Security Enabled: false Ozone Security Enabled: false Ozone HTTP Security Enabled: false 
2021-11-09 00:56:27,442 [Listener at 127.0.0.1/34135] INFO  server.AuthenticationFilter (AuthenticationFilter.java:constructSecretProvider(240)) - Unable to initialize FileSignerSecretProvider, falling back to use random secrets.
2021-11-09 00:56:27,459 [Listener at 127.0.0.1/34135] WARN  http.HttpRequestLog (HttpRequestLog.java:getRequestLog(103)) - Jetty request log can only be enabled using Log4j
2021-11-09 00:56:27,460 [Listener at 127.0.0.1/34135] INFO  http.HttpServer2 (HttpServer2.java:addGlobalFilter(1030)) - Added global filter 'safety' (class=org.apache.hadoop.hdds.server.http.HttpServer2$QuotingInputFilter)
2021-11-09 00:56:27,460 [Listener at 127.0.0.1/34135] INFO  http.HttpServer2 (HttpServer2.java:addFilter(1006)) - Added filter static_user_filter (class=org.apache.hadoop.http.lib.StaticUserWebFilter$StaticUserFilter) to context hddsDatanode
2021-11-09 00:56:27,461 [Listener at 127.0.0.1/34135] INFO  http.HttpServer2 (HttpServer2.java:addFilter(1014)) - Added filter static_user_filter (class=org.apache.hadoop.http.lib.StaticUserWebFilter$StaticUserFilter) to context logs
2021-11-09 00:56:27,461 [Listener at 127.0.0.1/34135] INFO  http.HttpServer2 (HttpServer2.java:addFilter(1014)) - Added filter static_user_filter (class=org.apache.hadoop.http.lib.StaticUserWebFilter$StaticUserFilter) to context static
2021-11-09 00:56:27,461 [Listener at 127.0.0.1/34135] INFO  http.HttpServer2 (HttpServer2.java:bindListener(1249)) - Jetty bound to port 44135
2021-11-09 00:56:27,461 [Listener at 127.0.0.1/34135] INFO  server.Server (Server.java:doStart(375)) - jetty-9.4.43.v20210629; built: 2021-06-30T11:07:22.254Z; git: 526006ecfa3af7f1a27ef3a288e2bef7ea9dd7e8; jvm 1.8.0_292-b10
2021-11-09 00:56:27,464 [Listener at 127.0.0.1/34135] INFO  server.session (DefaultSessionIdManager.java:doStart(334)) - DefaultSessionIdManager workerName=node0
2021-11-09 00:56:27,464 [Listener at 127.0.0.1/34135] INFO  server.session (DefaultSessionIdManager.java:doStart(339)) - No SessionScavenger set, using defaults
2021-11-09 00:56:27,464 [Listener at 127.0.0.1/34135] INFO  server.session (HouseKeeper.java:startScavenging(132)) - node0 Scavenging every 660000ms
2021-11-09 00:56:27,465 [Listener at 127.0.0.1/34135] INFO  handler.ContextHandler (ContextHandler.java:doStart(915)) - Started o.e.j.s.ServletContextHandler@47526e7b{logs,/logs,file:///home/runner/work/ozone/ozone/hadoop-ozone/integration-test/target/log,AVAILABLE}
2021-11-09 00:56:27,465 [Listener at 127.0.0.1/34135] INFO  handler.ContextHandler (ContextHandler.java:doStart(915)) - Started o.e.j.s.ServletContextHandler@7697e178{static,/static,jar:file:/home/runner/.m2/repository/org/apache/ozone/hdds-container-service/1.2.0-SNAPSHOT/hdds-container-service-1.2.0-SNAPSHOT.jar!/webapps/static,AVAILABLE}
2021-11-09 00:56:27,615 [Listener at 127.0.0.1/34135] INFO  handler.ContextHandler (ContextHandler.java:doStart(915)) - Started o.e.j.w.WebAppContext@258f6b2f{hddsDatanode,/,file:///tmp/jetty-0_0_0_0-44135-hdds-container-service-1_2_0-SNAPSHOT_jar-_-any-8720048942802054181/webapp/,AVAILABLE}{jar:file:/home/runner/.m2/repository/org/apache/ozone/hdds-container-service/1.2.0-SNAPSHOT/hdds-container-service-1.2.0-SNAPSHOT.jar!/webapps/hddsDatanode}
2021-11-09 00:56:27,639 [Listener at 127.0.0.1/34135] INFO  server.AbstractConnector (AbstractConnector.java:doStart(331)) - Started ServerConnector@22b23e4b{HTTP/1.1, (http/1.1)}{0.0.0.0:44135}
2021-11-09 00:56:27,642 [Listener at 127.0.0.1/34135] INFO  server.Server (Server.java:doStart(415)) - Started @173682ms
2021-11-09 00:56:27,642 [Listener at 127.0.0.1/34135] WARN  impl.MetricsSystemImpl (MetricsSystemImpl.java:register(279)) - Sink prometheus already exists!
2021-11-09 00:56:27,643 [Listener at 127.0.0.1/34135] INFO  http.BaseHttpServer (BaseHttpServer.java:updateConnectorAddress(329)) - HTTP server of hddsDatanode listening at http://0.0.0.0:44135
2021-11-09 00:56:27,648 [Listener at 127.0.0.1/34135] WARN  impl.MetricRegistriesImpl (MetricRegistriesImpl.java:addReporterRegistration(111)) - New reporters are added after registries were created. Some metrics will be missing from the reporter. Please add reporter before adding any new registry.
2021-11-09 00:56:27,651 [Listener at 127.0.0.1/34135] WARN  impl.MetricRegistriesImpl (MetricRegistriesImpl.java:addReporterRegistration(111)) - New reporters are added after registries were created. Some metrics will be missing from the reporter. Please add reporter before adding any new registry.
2021-11-09 00:56:27,651 [Listener at 127.0.0.1/34135] INFO  impl.MetricsSystemImpl (MetricsSystemImpl.java:init(158)) - HddsDatanode metrics system started (again)
2021-11-09 00:56:27,665 [Datanode State Machine Daemon Thread] INFO  statemachine.DatanodeStateMachine (DatanodeStateMachine.java:lambda$startDaemon$0(467)) - Ozone container server started.
2021-11-09 00:56:27,686 [Listener at 127.0.0.1/34135] INFO  ozone.HddsDatanodeService (HddsDatanodeService.java:start(234)) - HddsDatanodeService host:fv-az294-841.eaanfquahm5ulb5tj050gcxych.jx.internal.cloudapp.net ip:10.1.0.58
2021-11-09 00:56:27,757 [Listener at 127.0.0.1/34135] INFO  upgrade.AbstractLayoutVersionManager (AbstractLayoutVersionManager.java:init(79)) - Initializing Layout version manager with metadata layout = SCM_HA (version = 2), software layout = SCM_HA (version = 2)
2021-11-09 00:56:27,780 [om1@group-C5BA1605619E-FollowerState] INFO  impl.FollowerState (FollowerState.java:run(134)) - om1@group-C5BA1605619E-FollowerState: change to CANDIDATE, lastRpcElapsedTime:1107987002ns, electionTimeout:1103ms
2021-11-09 00:56:27,780 [om1@group-C5BA1605619E-FollowerState] INFO  impl.RoleInfo (RoleInfo.java:shutdownFollowerState(108)) - om1: shutdown om1@group-C5BA1605619E-FollowerState
2021-11-09 00:56:27,780 [om1@group-C5BA1605619E-FollowerState] INFO  server.RaftServer$Division (RaftServerImpl.java:setRole(290)) - om1@group-C5BA1605619E: changes role from  FOLLOWER to CANDIDATE at term 0 for changeToCandidate
2021-11-09 00:56:27,780 [org.apache.hadoop.util.JvmPauseMonitor$Monitor@3a99049] INFO  util.JvmPauseMonitor (JvmPauseMonitor.java:run(188)) - Starting JVM pause monitor
2021-11-09 00:56:27,780 [om1@group-C5BA1605619E-FollowerState] INFO  server.RaftServerConfigKeys (ConfUtils.java:logGet(44)) - raft.server.leaderelection.pre-vote = false (custom)
2021-11-09 00:56:27,781 [om1@group-C5BA1605619E-FollowerState] INFO  impl.RoleInfo (RoleInfo.java:updateAndGet(130)) - om1: start om1@group-C5BA1605619E-LeaderElection75
2021-11-09 00:56:27,797 [om1@group-C5BA1605619E-LeaderElection75] INFO  impl.LeaderElection (LeaderElection.java:askForVotes(306)) - om1@group-C5BA1605619E-LeaderElection75 ELECTION round 0: submit vote requests at term 1 for -1: [om1|rpc:localhost:9872|priority:0], old=null
2021-11-09 00:56:27,797 [om1@group-C5BA1605619E-LeaderElection75] INFO  impl.LeaderElection (LeaderElection.java:askForVotes(308)) - om1@group-C5BA1605619E-LeaderElection75 ELECTION round 0: result PASSED (term=1)
2021-11-09 00:56:27,798 [om1@group-C5BA1605619E-LeaderElection75] INFO  impl.RoleInfo (RoleInfo.java:shutdownLeaderElection(121)) - om1: shutdown om1@group-C5BA1605619E-LeaderElection75
2021-11-09 00:56:27,798 [om1@group-C5BA1605619E-LeaderElection75] INFO  server.RaftServer$Division (RaftServerImpl.java:setRole(290)) - om1@group-C5BA1605619E: changes role from CANDIDATE to LEADER at term 1 for changeToLeader
2021-11-09 00:56:27,798 [om1@group-C5BA1605619E-LeaderElection75] INFO  server.RaftServer$Division (ServerState.java:setLeader(285)) - om1@group-C5BA1605619E: change Leader from null to om1 at term 1 for becomeLeader, leader elected after 1165ms
2021-11-09 00:56:27,798 [om1@group-C5BA1605619E-LeaderElection75] INFO  server.RaftServerConfigKeys (ConfUtils.java:logGet(44)) - raft.server.staging.catchup.gap = 1000 (default)
2021-11-09 00:56:27,798 [om1@group-C5BA1605619E-LeaderElection75] INFO  server.RaftServerConfigKeys (ConfUtils.java:logGet(44)) - raft.server.write.element-limit = 4096 (default)
2021-11-09 00:56:27,798 [om1@group-C5BA1605619E-LeaderElection75] INFO  server.RaftServerConfigKeys (ConfUtils.java:logGet(44)) - raft.server.write.byte-limit = 64MB (=67108864) (default)
2021-11-09 00:56:27,798 [om1@group-C5BA1605619E-LeaderElection75] INFO  server.RaftServerConfigKeys (ConfUtils.java:logGet(44)) - raft.server.watch.timeout = 10s (default)
2021-11-09 00:56:27,798 [om1@group-C5BA1605619E-LeaderElection75] INFO  server.RaftServerConfigKeys (ConfUtils.java:logGet(44)) - raft.server.watch.timeout.denomination = 1s (default)
2021-11-09 00:56:27,799 [om1@group-C5BA1605619E-LeaderElection75] INFO  server.RaftServerConfigKeys (ConfUtils.java:logGet(44)) - raft.server.watch.element-limit = 65536 (default)
2021-11-09 00:56:27,799 [om1@group-C5BA1605619E-LeaderElection75] INFO  server.RaftServerConfigKeys (ConfUtils.java:logGet(44)) - raft.server.write.element-limit = 4096 (default)
2021-11-09 00:56:27,799 [om1@group-C5BA1605619E-LeaderElection75] INFO  server.RaftServerConfigKeys (ConfUtils.java:logGet(44)) - raft.server.write.follower.gap.ratio.max = -1.0 (default)
2021-11-09 00:56:27,799 [om1@group-C5BA1605619E-LeaderElection75] INFO  impl.RoleInfo (RoleInfo.java:updateAndGet(130)) - om1: start om1@group-C5BA1605619E-LeaderStateImpl
2021-11-09 00:56:27,823 [om1@group-C5BA1605619E-LeaderElection75] INFO  segmented.SegmentedRaftLogWorker (SegmentedRaftLogWorker.java:startLogSegment(394)) - om1@group-C5BA1605619E-SegmentedRaftLogWorker: Starting segment from index:0
2021-11-09 00:56:27,835 [Datanode State Machine Task Thread - 0] INFO  datanode.InitDatanodeState (InitDatanodeState.java:persistContainerDatanodeDetails(145)) - DatanodeDetails is persisted to /home/runner/work/ozone/ozone/hadoop-ozone/integration-test/target/test-dir/MiniOzoneClusterImpl-cebd3685-2b3d-4639-9f0f-41911e64574b/datanode-0/meta/datanode.id
2021-11-09 00:56:27,863 [om1@group-C5BA1605619E-LeaderElection75] INFO  server.RaftServer$Division (ServerState.java:setRaftConf(387)) - om1@group-C5BA1605619E: set configuration 0: [om1|rpc:localhost:9872|admin:|client:|dataStream:|priority:0], old=null
2021-11-09 00:56:27,864 [om1@group-C5BA1605619E-SegmentedRaftLogWorker] INFO  segmented.SegmentedRaftLogWorker (SegmentedRaftLogWorker.java:execute(601)) - om1@group-C5BA1605619E-SegmentedRaftLogWorker: created new log segment /home/runner/work/ozone/ozone/hadoop-ozone/integration-test/target/test-dir/MiniOzoneClusterImpl-cebd3685-2b3d-4639-9f0f-41911e64574b/ozone-meta/ratis/bf265839-605b-3f16-9796-c5ba1605619e/current/log_inprogress_0
2021-11-09 00:56:27,865 [om1@group-C5BA1605619E-StateMachineUpdater] INFO  ratis.OzoneManagerStateMachine (OzoneManagerStateMachine.java:notifyConfigurationChanged(188)) - Received Configuration change notification from Ratis. New Peer list:
[id: "om1"
address: "localhost:9872"
]
2021-11-09 00:56:27,889 [Listener at 127.0.0.1/34135] INFO  reflections.Reflections (Reflections.java:scan(232)) - Reflections took 130 ms to scan 7 urls, producing 119 keys and 279 values 
2021-11-09 00:56:27,890 [Listener at 127.0.0.1/34135] INFO  statemachine.DatanodeStateMachine (DatanodeStateMachine.java:getEndPointTaskThreadPoolSize(219)) - Datanode State Machine Task Thread Pool size 2
2021-11-09 00:56:27,912 [Listener at 127.0.0.1/34135] INFO  volume.HddsVolume (HddsVolume.java:<init>(120)) - Creating HddsVolume: /home/runner/work/ozone/ozone/hadoop-ozone/integration-test/target/test-dir/MiniOzoneClusterImpl-cebd3685-2b3d-4639-9f0f-41911e64574b/datanode-1/data-0/containers/hdds of storage type : DISK capacity : 9223372036854775807
2021-11-09 00:56:27,912 [Listener at 127.0.0.1/34135] INFO  volume.MutableVolumeSet (MutableVolumeSet.java:initializeVolumeSet(168)) - Added Volume : /home/runner/work/ozone/ozone/hadoop-ozone/integration-test/target/test-dir/MiniOzoneClusterImpl-cebd3685-2b3d-4639-9f0f-41911e64574b/datanode-1/data-0/containers/hdds to VolumeSet
2021-11-09 00:56:27,913 [Listener at 127.0.0.1/34135] INFO  volume.ThrottledAsyncChecker (ThrottledAsyncChecker.java:schedule(141)) - Scheduling a check for /home/runner/work/ozone/ozone/hadoop-ozone/integration-test/target/test-dir/MiniOzoneClusterImpl-cebd3685-2b3d-4639-9f0f-41911e64574b/datanode-1/data-0/containers/hdds
2021-11-09 00:56:27,929 [Listener at 127.0.0.1/34135] INFO  volume.StorageVolumeChecker (StorageVolumeChecker.java:checkAllVolumes(202)) - Scheduled health check for volume /home/runner/work/ozone/ozone/hadoop-ozone/integration-test/target/test-dir/MiniOzoneClusterImpl-cebd3685-2b3d-4639-9f0f-41911e64574b/datanode-1/data-0/containers/hdds
2021-11-09 00:56:27,941 [Listener at 127.0.0.1/34135] INFO  volume.MutableVolumeSet (MutableVolumeSet.java:initializeVolumeSet(168)) - Added Volume : /home/runner/work/ozone/ozone/hadoop-ozone/integration-test/target/test-dir/MiniOzoneClusterImpl-cebd3685-2b3d-4639-9f0f-41911e64574b/datanode-1/data/ratis to VolumeSet
2021-11-09 00:56:27,942 [Listener at 127.0.0.1/34135] INFO  volume.ThrottledAsyncChecker (ThrottledAsyncChecker.java:schedule(141)) - Scheduling a check for /home/runner/work/ozone/ozone/hadoop-ozone/integration-test/target/test-dir/MiniOzoneClusterImpl-cebd3685-2b3d-4639-9f0f-41911e64574b/datanode-1/data/ratis
2021-11-09 00:56:27,942 [Listener at 127.0.0.1/34135] INFO  volume.StorageVolumeChecker (StorageVolumeChecker.java:checkAllVolumes(202)) - Scheduled health check for volume /home/runner/work/ozone/ozone/hadoop-ozone/integration-test/target/test-dir/MiniOzoneClusterImpl-cebd3685-2b3d-4639-9f0f-41911e64574b/datanode-1/data/ratis
2021-11-09 00:56:28,001 [Thread-1405] INFO  ozoneimpl.ContainerReader (ContainerReader.java:readVolume(172)) - Finish verifying containers on volume /home/runner/work/ozone/ozone/hadoop-ozone/integration-test/target/test-dir/MiniOzoneClusterImpl-cebd3685-2b3d-4639-9f0f-41911e64574b/datanode-1/data-0/containers/hdds
2021-11-09 00:56:28,001 [Listener at 127.0.0.1/34135] INFO  ozoneimpl.OzoneContainer (OzoneContainer.java:buildContainerSet(236)) - Build ContainerSet costs 0s
2021-11-09 00:56:28,003 [Listener at 127.0.0.1/34135] INFO  server.RaftServer (ConfUtils.java:logGet(44)) - raft.rpc.type = GRPC (default)
2021-11-09 00:56:28,003 [Listener at 127.0.0.1/34135] INFO  grpc.GrpcFactory (GrpcFactory.java:checkPooledByteBufAllocatorUseCacheForAllThreads(48)) - PERFORMANCE WARNING: useCacheForAllThreads is true that may cause Netty to create a lot garbage objects and, as a result, trigger GC.
	It is recommended to disable useCacheForAllThreads by setting -Dorg.apache.ratis.thirdparty.io.netty.allocator.useCacheForAllThreads=false in command line.
2021-11-09 00:56:28,003 [Listener at 127.0.0.1/34135] INFO  grpc.GrpcConfigKeys (ConfUtils.java:logGet(44)) - raft.grpc.admin.port = 0 (custom)
2021-11-09 00:56:28,003 [Listener at 127.0.0.1/34135] INFO  grpc.GrpcConfigKeys (ConfUtils.java:logGet(44)) - raft.grpc.client.port = 0 (custom)
2021-11-09 00:56:28,003 [Listener at 127.0.0.1/34135] INFO  grpc.GrpcConfigKeys (ConfUtils.java:logGet(44)) - raft.grpc.server.port = 0 (default)
2021-11-09 00:56:28,003 [Listener at 127.0.0.1/34135] INFO  server.GrpcService (ConfUtils.java:logGet(44)) - raft.grpc.message.size.max = 32MB (=33554432) (custom)
2021-11-09 00:56:28,003 [Listener at 127.0.0.1/34135] INFO  server.RaftServerConfigKeys (ConfUtils.java:logGet(44)) - raft.server.log.appender.buffer.byte-limit = 33554432 (custom)
2021-11-09 00:56:28,004 [Listener at 127.0.0.1/34135] INFO  server.GrpcService (ConfUtils.java:logGet(44)) - raft.grpc.flow.control.window = 5MB (=5242880) (custom)
2021-11-09 00:56:28,004 [Listener at 127.0.0.1/34135] INFO  server.RaftServerConfigKeys (ConfUtils.java:logGet(44)) - raft.server.rpc.request.timeout = 3000ms (default)
2021-11-09 00:56:28,005 [Listener at 127.0.0.1/34135] INFO  impl.DataStreamServerImpl (ConfUtils.java:logGet(44)) - raft.datastream.type = DISABLED (default)
2021-11-09 00:56:28,005 [Listener at 127.0.0.1/34135] INFO  server.RaftServerConfigKeys (ConfUtils.java:logGet(44)) - raft.server.rpc.slowness.timeout = 300000ms (custom)
2021-11-09 00:56:28,005 [Listener at 127.0.0.1/34135] INFO  server.RaftServerConfigKeys (ConfUtils.java:logGet(44)) - raft.server.leaderelection.leader.step-down.wait-time = 10s (default)
2021-11-09 00:56:28,005 [Listener at 127.0.0.1/34135] INFO  server.RaftServerConfigKeys (ConfUtils.java:logGet(44)) - raft.server.storage.dir = [/home/runner/work/ozone/ozone/hadoop-ozone/integration-test/target/test-dir/MiniOzoneClusterImpl-cebd3685-2b3d-4639-9f0f-41911e64574b/datanode-1/data/ratis] (custom)
2021-11-09 00:56:28,009 [Listener at 127.0.0.1/34135] INFO  http.BaseHttpServer (BaseHttpServer.java:newHttpServer2BuilderForOzone(209)) - Starting Web-server for hddsDatanode at: http://0.0.0.0:0
2021-11-09 00:56:28,009 [Listener at 127.0.0.1/34135] INFO  http.BaseHttpServer (BaseHttpServer.java:<init>(107)) - Hadoop Security Enabled: false Ozone Security Enabled: false Ozone HTTP Security Enabled: false 
2021-11-09 00:56:28,009 [Listener at 127.0.0.1/34135] INFO  server.AuthenticationFilter (AuthenticationFilter.java:constructSecretProvider(240)) - Unable to initialize FileSignerSecretProvider, falling back to use random secrets.
2021-11-09 00:56:28,010 [Listener at 127.0.0.1/34135] WARN  http.HttpRequestLog (HttpRequestLog.java:getRequestLog(103)) - Jetty request log can only be enabled using Log4j
2021-11-09 00:56:28,033 [Listener at 127.0.0.1/34135] INFO  http.HttpServer2 (HttpServer2.java:addGlobalFilter(1030)) - Added global filter 'safety' (class=org.apache.hadoop.hdds.server.http.HttpServer2$QuotingInputFilter)
2021-11-09 00:56:28,033 [Listener at 127.0.0.1/34135] INFO  http.HttpServer2 (HttpServer2.java:addFilter(1006)) - Added filter static_user_filter (class=org.apache.hadoop.http.lib.StaticUserWebFilter$StaticUserFilter) to context hddsDatanode
2021-11-09 00:56:28,033 [Listener at 127.0.0.1/34135] INFO  http.HttpServer2 (HttpServer2.java:addFilter(1014)) - Added filter static_user_filter (class=org.apache.hadoop.http.lib.StaticUserWebFilter$StaticUserFilter) to context logs
2021-11-09 00:56:28,033 [Listener at 127.0.0.1/34135] INFO  http.HttpServer2 (HttpServer2.java:addFilter(1014)) - Added filter static_user_filter (class=org.apache.hadoop.http.lib.StaticUserWebFilter$StaticUserFilter) to context static
2021-11-09 00:56:28,034 [Listener at 127.0.0.1/34135] INFO  http.HttpServer2 (HttpServer2.java:bindListener(1249)) - Jetty bound to port 33007
2021-11-09 00:56:28,034 [Listener at 127.0.0.1/34135] INFO  server.Server (Server.java:doStart(375)) - jetty-9.4.43.v20210629; built: 2021-06-30T11:07:22.254Z; git: 526006ecfa3af7f1a27ef3a288e2bef7ea9dd7e8; jvm 1.8.0_292-b10
2021-11-09 00:56:28,035 [Listener at 127.0.0.1/34135] INFO  server.session (DefaultSessionIdManager.java:doStart(334)) - DefaultSessionIdManager workerName=node0
2021-11-09 00:56:28,035 [Listener at 127.0.0.1/34135] INFO  server.session (DefaultSessionIdManager.java:doStart(339)) - No SessionScavenger set, using defaults
2021-11-09 00:56:28,036 [Listener at 127.0.0.1/34135] INFO  server.session (HouseKeeper.java:startScavenging(132)) - node0 Scavenging every 660000ms
2021-11-09 00:56:28,041 [Listener at 127.0.0.1/34135] INFO  handler.ContextHandler (ContextHandler.java:doStart(915)) - Started o.e.j.s.ServletContextHandler@22597910{logs,/logs,file:///home/runner/work/ozone/ozone/hadoop-ozone/integration-test/target/log,AVAILABLE}
2021-11-09 00:56:28,041 [Listener at 127.0.0.1/34135] INFO  handler.ContextHandler (ContextHandler.java:doStart(915)) - Started o.e.j.s.ServletContextHandler@7d3447fb{static,/static,jar:file:/home/runner/.m2/repository/org/apache/ozone/hdds-container-service/1.2.0-SNAPSHOT/hdds-container-service-1.2.0-SNAPSHOT.jar!/webapps/static,AVAILABLE}
2021-11-09 00:56:28,118 [Listener at 127.0.0.1/34135] INFO  handler.ContextHandler (ContextHandler.java:doStart(915)) - Started o.e.j.w.WebAppContext@4972c6f{hddsDatanode,/,file:///tmp/jetty-0_0_0_0-33007-hdds-container-service-1_2_0-SNAPSHOT_jar-_-any-2751290027388072922/webapp/,AVAILABLE}{jar:file:/home/runner/.m2/repository/org/apache/ozone/hdds-container-service/1.2.0-SNAPSHOT/hdds-container-service-1.2.0-SNAPSHOT.jar!/webapps/hddsDatanode}
2021-11-09 00:56:28,138 [Listener at 127.0.0.1/34135] INFO  server.AbstractConnector (AbstractConnector.java:doStart(331)) - Started ServerConnector@2ee72c7c{HTTP/1.1, (http/1.1)}{0.0.0.0:33007}
2021-11-09 00:56:28,139 [Listener at 127.0.0.1/34135] INFO  server.Server (Server.java:doStart(415)) - Started @174179ms
2021-11-09 00:56:28,139 [Listener at 127.0.0.1/34135] WARN  impl.MetricsSystemImpl (MetricsSystemImpl.java:register(279)) - Sink prometheus already exists!
2021-11-09 00:56:28,140 [Listener at 127.0.0.1/34135] INFO  http.BaseHttpServer (BaseHttpServer.java:updateConnectorAddress(329)) - HTTP server of hddsDatanode listening at http://0.0.0.0:33007
2021-11-09 00:56:28,148 [Listener at 127.0.0.1/34135] WARN  impl.MetricRegistriesImpl (MetricRegistriesImpl.java:addReporterRegistration(111)) - New reporters are added after registries were created. Some metrics will be missing from the reporter. Please add reporter before adding any new registry.
2021-11-09 00:56:28,148 [Listener at 127.0.0.1/34135] WARN  impl.MetricRegistriesImpl (MetricRegistriesImpl.java:addReporterRegistration(111)) - New reporters are added after registries were created. Some metrics will be missing from the reporter. Please add reporter before adding any new registry.
2021-11-09 00:56:28,148 [Listener at 127.0.0.1/34135] INFO  impl.MetricsSystemImpl (MetricsSystemImpl.java:init(158)) - HddsDatanode metrics system started (again)
2021-11-09 00:56:28,155 [Datanode State Machine Daemon Thread] INFO  statemachine.DatanodeStateMachine (DatanodeStateMachine.java:lambda$startDaemon$0(467)) - Ozone container server started.
2021-11-09 00:56:28,211 [Listener at 127.0.0.1/34135] INFO  ozone.HddsDatanodeService (HddsDatanodeService.java:start(234)) - HddsDatanodeService host:fv-az294-841.eaanfquahm5ulb5tj050gcxych.jx.internal.cloudapp.net ip:10.1.0.58
2021-11-09 00:56:28,247 [org.apache.hadoop.util.JvmPauseMonitor$Monitor@239ae403] INFO  util.JvmPauseMonitor (JvmPauseMonitor.java:run(188)) - Starting JVM pause monitor
2021-11-09 00:56:28,327 [Listener at 127.0.0.1/34135] INFO  upgrade.AbstractLayoutVersionManager (AbstractLayoutVersionManager.java:init(79)) - Initializing Layout version manager with metadata layout = SCM_HA (version = 2), software layout = SCM_HA (version = 2)
2021-11-09 00:56:28,334 [Datanode State Machine Task Thread - 0] INFO  datanode.InitDatanodeState (InitDatanodeState.java:persistContainerDatanodeDetails(145)) - DatanodeDetails is persisted to /home/runner/work/ozone/ozone/hadoop-ozone/integration-test/target/test-dir/MiniOzoneClusterImpl-cebd3685-2b3d-4639-9f0f-41911e64574b/datanode-1/meta/datanode.id
2021-11-09 00:56:28,396 [Listener at 127.0.0.1/34135] INFO  reflections.Reflections (Reflections.java:scan(232)) - Reflections took 68 ms to scan 7 urls, producing 119 keys and 279 values 
2021-11-09 00:56:28,397 [Listener at 127.0.0.1/34135] INFO  statemachine.DatanodeStateMachine (DatanodeStateMachine.java:getEndPointTaskThreadPoolSize(219)) - Datanode State Machine Task Thread Pool size 2
2021-11-09 00:56:28,398 [Listener at 127.0.0.1/34135] INFO  volume.HddsVolume (HddsVolume.java:<init>(120)) - Creating HddsVolume: /home/runner/work/ozone/ozone/hadoop-ozone/integration-test/target/test-dir/MiniOzoneClusterImpl-cebd3685-2b3d-4639-9f0f-41911e64574b/datanode-2/data-0/containers/hdds of storage type : DISK capacity : 9223372036854775807
2021-11-09 00:56:28,398 [Listener at 127.0.0.1/34135] INFO  volume.MutableVolumeSet (MutableVolumeSet.java:initializeVolumeSet(168)) - Added Volume : /home/runner/work/ozone/ozone/hadoop-ozone/integration-test/target/test-dir/MiniOzoneClusterImpl-cebd3685-2b3d-4639-9f0f-41911e64574b/datanode-2/data-0/containers/hdds to VolumeSet
2021-11-09 00:56:28,398 [Listener at 127.0.0.1/34135] INFO  volume.ThrottledAsyncChecker (ThrottledAsyncChecker.java:schedule(141)) - Scheduling a check for /home/runner/work/ozone/ozone/hadoop-ozone/integration-test/target/test-dir/MiniOzoneClusterImpl-cebd3685-2b3d-4639-9f0f-41911e64574b/datanode-2/data-0/containers/hdds
2021-11-09 00:56:28,399 [Listener at 127.0.0.1/34135] INFO  volume.StorageVolumeChecker (StorageVolumeChecker.java:checkAllVolumes(202)) - Scheduled health check for volume /home/runner/work/ozone/ozone/hadoop-ozone/integration-test/target/test-dir/MiniOzoneClusterImpl-cebd3685-2b3d-4639-9f0f-41911e64574b/datanode-2/data-0/containers/hdds
2021-11-09 00:56:28,438 [Listener at 127.0.0.1/34135] INFO  volume.MutableVolumeSet (MutableVolumeSet.java:initializeVolumeSet(168)) - Added Volume : /home/runner/work/ozone/ozone/hadoop-ozone/integration-test/target/test-dir/MiniOzoneClusterImpl-cebd3685-2b3d-4639-9f0f-41911e64574b/datanode-2/data/ratis to VolumeSet
2021-11-09 00:56:28,438 [Listener at 127.0.0.1/34135] INFO  volume.ThrottledAsyncChecker (ThrottledAsyncChecker.java:schedule(141)) - Scheduling a check for /home/runner/work/ozone/ozone/hadoop-ozone/integration-test/target/test-dir/MiniOzoneClusterImpl-cebd3685-2b3d-4639-9f0f-41911e64574b/datanode-2/data/ratis
2021-11-09 00:56:28,438 [Listener at 127.0.0.1/34135] INFO  volume.StorageVolumeChecker (StorageVolumeChecker.java:checkAllVolumes(202)) - Scheduled health check for volume /home/runner/work/ozone/ozone/hadoop-ozone/integration-test/target/test-dir/MiniOzoneClusterImpl-cebd3685-2b3d-4639-9f0f-41911e64574b/datanode-2/data/ratis
2021-11-09 00:56:28,467 [Thread-1417] INFO  ozoneimpl.ContainerReader (ContainerReader.java:readVolume(172)) - Finish verifying containers on volume /home/runner/work/ozone/ozone/hadoop-ozone/integration-test/target/test-dir/MiniOzoneClusterImpl-cebd3685-2b3d-4639-9f0f-41911e64574b/datanode-2/data-0/containers/hdds
2021-11-09 00:56:28,467 [Listener at 127.0.0.1/34135] INFO  ozoneimpl.OzoneContainer (OzoneContainer.java:buildContainerSet(236)) - Build ContainerSet costs 0s
2021-11-09 00:56:28,469 [Listener at 127.0.0.1/34135] INFO  server.RaftServer (ConfUtils.java:logGet(44)) - raft.rpc.type = GRPC (default)
2021-11-09 00:56:28,469 [Listener at 127.0.0.1/34135] INFO  grpc.GrpcFactory (GrpcFactory.java:checkPooledByteBufAllocatorUseCacheForAllThreads(48)) - PERFORMANCE WARNING: useCacheForAllThreads is true that may cause Netty to create a lot garbage objects and, as a result, trigger GC.
	It is recommended to disable useCacheForAllThreads by setting -Dorg.apache.ratis.thirdparty.io.netty.allocator.useCacheForAllThreads=false in command line.
2021-11-09 00:56:28,469 [Listener at 127.0.0.1/34135] INFO  grpc.GrpcConfigKeys (ConfUtils.java:logGet(44)) - raft.grpc.admin.port = 0 (custom)
2021-11-09 00:56:28,469 [Listener at 127.0.0.1/34135] INFO  grpc.GrpcConfigKeys (ConfUtils.java:logGet(44)) - raft.grpc.client.port = 0 (custom)
2021-11-09 00:56:28,469 [Listener at 127.0.0.1/34135] INFO  grpc.GrpcConfigKeys (ConfUtils.java:logGet(44)) - raft.grpc.server.port = 0 (default)
2021-11-09 00:56:28,469 [Listener at 127.0.0.1/34135] INFO  server.GrpcService (ConfUtils.java:logGet(44)) - raft.grpc.message.size.max = 32MB (=33554432) (custom)
2021-11-09 00:56:28,469 [Listener at 127.0.0.1/34135] INFO  server.RaftServerConfigKeys (ConfUtils.java:logGet(44)) - raft.server.log.appender.buffer.byte-limit = 33554432 (custom)
2021-11-09 00:56:28,469 [Listener at 127.0.0.1/34135] INFO  server.GrpcService (ConfUtils.java:logGet(44)) - raft.grpc.flow.control.window = 5MB (=5242880) (custom)
2021-11-09 00:56:28,470 [Listener at 127.0.0.1/34135] INFO  server.RaftServerConfigKeys (ConfUtils.java:logGet(44)) - raft.server.rpc.request.timeout = 3000ms (default)
2021-11-09 00:56:28,470 [Listener at 127.0.0.1/34135] INFO  impl.DataStreamServerImpl (ConfUtils.java:logGet(44)) - raft.datastream.type = DISABLED (default)
2021-11-09 00:56:28,471 [Listener at 127.0.0.1/34135] INFO  server.RaftServerConfigKeys (ConfUtils.java:logGet(44)) - raft.server.rpc.slowness.timeout = 300000ms (custom)
2021-11-09 00:56:28,471 [Listener at 127.0.0.1/34135] INFO  server.RaftServerConfigKeys (ConfUtils.java:logGet(44)) - raft.server.leaderelection.leader.step-down.wait-time = 10s (default)
2021-11-09 00:56:28,471 [Listener at 127.0.0.1/34135] INFO  server.RaftServerConfigKeys (ConfUtils.java:logGet(44)) - raft.server.storage.dir = [/home/runner/work/ozone/ozone/hadoop-ozone/integration-test/target/test-dir/MiniOzoneClusterImpl-cebd3685-2b3d-4639-9f0f-41911e64574b/datanode-2/data/ratis] (custom)
2021-11-09 00:56:28,504 [Listener at 127.0.0.1/34135] INFO  http.BaseHttpServer (BaseHttpServer.java:newHttpServer2BuilderForOzone(209)) - Starting Web-server for hddsDatanode at: http://0.0.0.0:0
2021-11-09 00:56:28,504 [Listener at 127.0.0.1/34135] INFO  http.BaseHttpServer (BaseHttpServer.java:<init>(107)) - Hadoop Security Enabled: false Ozone Security Enabled: false Ozone HTTP Security Enabled: false 
2021-11-09 00:56:28,505 [Listener at 127.0.0.1/34135] INFO  server.AuthenticationFilter (AuthenticationFilter.java:constructSecretProvider(240)) - Unable to initialize FileSignerSecretProvider, falling back to use random secrets.
2021-11-09 00:56:28,505 [Listener at 127.0.0.1/34135] WARN  http.HttpRequestLog (HttpRequestLog.java:getRequestLog(103)) - Jetty request log can only be enabled using Log4j
2021-11-09 00:56:28,506 [Listener at 127.0.0.1/34135] INFO  http.HttpServer2 (HttpServer2.java:addGlobalFilter(1030)) - Added global filter 'safety' (class=org.apache.hadoop.hdds.server.http.HttpServer2$QuotingInputFilter)
2021-11-09 00:56:28,506 [Listener at 127.0.0.1/34135] INFO  http.HttpServer2 (HttpServer2.java:addFilter(1006)) - Added filter static_user_filter (class=org.apache.hadoop.http.lib.StaticUserWebFilter$StaticUserFilter) to context hddsDatanode
2021-11-09 00:56:28,506 [Listener at 127.0.0.1/34135] INFO  http.HttpServer2 (HttpServer2.java:addFilter(1014)) - Added filter static_user_filter (class=org.apache.hadoop.http.lib.StaticUserWebFilter$StaticUserFilter) to context static
2021-11-09 00:56:28,506 [Listener at 127.0.0.1/34135] INFO  http.HttpServer2 (HttpServer2.java:addFilter(1014)) - Added filter static_user_filter (class=org.apache.hadoop.http.lib.StaticUserWebFilter$StaticUserFilter) to context logs
2021-11-09 00:56:28,507 [Listener at 127.0.0.1/34135] INFO  http.HttpServer2 (HttpServer2.java:bindListener(1249)) - Jetty bound to port 37197
2021-11-09 00:56:28,507 [Listener at 127.0.0.1/34135] INFO  server.Server (Server.java:doStart(375)) - jetty-9.4.43.v20210629; built: 2021-06-30T11:07:22.254Z; git: 526006ecfa3af7f1a27ef3a288e2bef7ea9dd7e8; jvm 1.8.0_292-b10
2021-11-09 00:56:28,540 [Listener at 127.0.0.1/34135] INFO  server.session (DefaultSessionIdManager.java:doStart(334)) - DefaultSessionIdManager workerName=node0
2021-11-09 00:56:28,540 [Listener at 127.0.0.1/34135] INFO  server.session (DefaultSessionIdManager.java:doStart(339)) - No SessionScavenger set, using defaults
2021-11-09 00:56:28,540 [Listener at 127.0.0.1/34135] INFO  server.session (HouseKeeper.java:startScavenging(132)) - node0 Scavenging every 660000ms
2021-11-09 00:56:28,540 [Listener at 127.0.0.1/34135] INFO  handler.ContextHandler (ContextHandler.java:doStart(915)) - Started o.e.j.s.ServletContextHandler@34f3c365{logs,/logs,file:///home/runner/work/ozone/ozone/hadoop-ozone/integration-test/target/log,AVAILABLE}
2021-11-09 00:56:28,541 [Listener at 127.0.0.1/34135] INFO  handler.ContextHandler (ContextHandler.java:doStart(915)) - Started o.e.j.s.ServletContextHandler@26df681b{static,/static,jar:file:/home/runner/.m2/repository/org/apache/ozone/hdds-container-service/1.2.0-SNAPSHOT/hdds-container-service-1.2.0-SNAPSHOT.jar!/webapps/static,AVAILABLE}
2021-11-09 00:56:28,622 [Listener at 127.0.0.1/34135] INFO  handler.ContextHandler (ContextHandler.java:doStart(915)) - Started o.e.j.w.WebAppContext@4394f856{hddsDatanode,/,file:///tmp/jetty-0_0_0_0-37197-hdds-container-service-1_2_0-SNAPSHOT_jar-_-any-5276151512459629191/webapp/,AVAILABLE}{jar:file:/home/runner/.m2/repository/org/apache/ozone/hdds-container-service/1.2.0-SNAPSHOT/hdds-container-service-1.2.0-SNAPSHOT.jar!/webapps/hddsDatanode}
2021-11-09 00:56:28,648 [Listener at 127.0.0.1/34135] INFO  server.AbstractConnector (AbstractConnector.java:doStart(331)) - Started ServerConnector@671a21e4{HTTP/1.1, (http/1.1)}{0.0.0.0:37197}
2021-11-09 00:56:28,648 [Listener at 127.0.0.1/34135] INFO  server.Server (Server.java:doStart(415)) - Started @174688ms
2021-11-09 00:56:28,648 [Listener at 127.0.0.1/34135] WARN  impl.MetricsSystemImpl (MetricsSystemImpl.java:register(279)) - Sink prometheus already exists!
2021-11-09 00:56:28,654 [Listener at 127.0.0.1/34135] INFO  http.BaseHttpServer (BaseHttpServer.java:updateConnectorAddress(329)) - HTTP server of hddsDatanode listening at http://0.0.0.0:37197
2021-11-09 00:56:28,658 [Listener at 127.0.0.1/34135] WARN  impl.MetricRegistriesImpl (MetricRegistriesImpl.java:addReporterRegistration(111)) - New reporters are added after registries were created. Some metrics will be missing from the reporter. Please add reporter before adding any new registry.
2021-11-09 00:56:28,658 [Listener at 127.0.0.1/34135] WARN  impl.MetricRegistriesImpl (MetricRegistriesImpl.java:addReporterRegistration(111)) - New reporters are added after registries were created. Some metrics will be missing from the reporter. Please add reporter before adding any new registry.
2021-11-09 00:56:28,658 [Listener at 127.0.0.1/34135] INFO  impl.MetricsSystemImpl (MetricsSystemImpl.java:init(158)) - HddsDatanode metrics system started (again)
2021-11-09 00:56:28,667 [Datanode State Machine Daemon Thread] INFO  statemachine.DatanodeStateMachine (DatanodeStateMachine.java:lambda$startDaemon$0(467)) - Ozone container server started.
2021-11-09 00:56:28,707 [Listener at 127.0.0.1/34135] INFO  ozone.HddsDatanodeService (HddsDatanodeService.java:start(234)) - HddsDatanodeService host:fv-az294-841.eaanfquahm5ulb5tj050gcxych.jx.internal.cloudapp.net ip:10.1.0.58
2021-11-09 00:56:28,742 [Listener at 127.0.0.1/34135] INFO  upgrade.AbstractLayoutVersionManager (AbstractLayoutVersionManager.java:init(79)) - Initializing Layout version manager with metadata layout = SCM_HA (version = 2), software layout = SCM_HA (version = 2)
2021-11-09 00:56:28,795 [org.apache.hadoop.util.JvmPauseMonitor$Monitor@1ab8d5d5] INFO  util.JvmPauseMonitor (JvmPauseMonitor.java:run(188)) - Starting JVM pause monitor
2021-11-09 00:56:28,800 [Datanode State Machine Task Thread - 0] INFO  datanode.InitDatanodeState (InitDatanodeState.java:persistContainerDatanodeDetails(145)) - DatanodeDetails is persisted to /home/runner/work/ozone/ozone/hadoop-ozone/integration-test/target/test-dir/MiniOzoneClusterImpl-cebd3685-2b3d-4639-9f0f-41911e64574b/datanode-2/meta/datanode.id
2021-11-09 00:56:28,828 [Listener at 127.0.0.1/34135] INFO  reflections.Reflections (Reflections.java:scan(232)) - Reflections took 85 ms to scan 7 urls, producing 119 keys and 279 values 
2021-11-09 00:56:28,830 [Listener at 127.0.0.1/34135] INFO  statemachine.DatanodeStateMachine (DatanodeStateMachine.java:getEndPointTaskThreadPoolSize(219)) - Datanode State Machine Task Thread Pool size 2
2021-11-09 00:56:28,834 [Listener at 127.0.0.1/34135] INFO  volume.HddsVolume (HddsVolume.java:<init>(120)) - Creating HddsVolume: /home/runner/work/ozone/ozone/hadoop-ozone/integration-test/target/test-dir/MiniOzoneClusterImpl-cebd3685-2b3d-4639-9f0f-41911e64574b/datanode-3/data-0/containers/hdds of storage type : DISK capacity : 9223372036854775807
2021-11-09 00:56:28,834 [Listener at 127.0.0.1/34135] INFO  volume.MutableVolumeSet (MutableVolumeSet.java:initializeVolumeSet(168)) - Added Volume : /home/runner/work/ozone/ozone/hadoop-ozone/integration-test/target/test-dir/MiniOzoneClusterImpl-cebd3685-2b3d-4639-9f0f-41911e64574b/datanode-3/data-0/containers/hdds to VolumeSet
2021-11-09 00:56:28,834 [Listener at 127.0.0.1/34135] INFO  volume.ThrottledAsyncChecker (ThrottledAsyncChecker.java:schedule(141)) - Scheduling a check for /home/runner/work/ozone/ozone/hadoop-ozone/integration-test/target/test-dir/MiniOzoneClusterImpl-cebd3685-2b3d-4639-9f0f-41911e64574b/datanode-3/data-0/containers/hdds
2021-11-09 00:56:28,844 [Listener at 127.0.0.1/34135] INFO  volume.StorageVolumeChecker (StorageVolumeChecker.java:checkAllVolumes(202)) - Scheduled health check for volume /home/runner/work/ozone/ozone/hadoop-ozone/integration-test/target/test-dir/MiniOzoneClusterImpl-cebd3685-2b3d-4639-9f0f-41911e64574b/datanode-3/data-0/containers/hdds
2021-11-09 00:56:28,859 [Listener at 127.0.0.1/34135] INFO  volume.MutableVolumeSet (MutableVolumeSet.java:initializeVolumeSet(168)) - Added Volume : /home/runner/work/ozone/ozone/hadoop-ozone/integration-test/target/test-dir/MiniOzoneClusterImpl-cebd3685-2b3d-4639-9f0f-41911e64574b/datanode-3/data/ratis to VolumeSet
2021-11-09 00:56:28,859 [Listener at 127.0.0.1/34135] INFO  volume.ThrottledAsyncChecker (ThrottledAsyncChecker.java:schedule(141)) - Scheduling a check for /home/runner/work/ozone/ozone/hadoop-ozone/integration-test/target/test-dir/MiniOzoneClusterImpl-cebd3685-2b3d-4639-9f0f-41911e64574b/datanode-3/data/ratis
2021-11-09 00:56:28,859 [Listener at 127.0.0.1/34135] INFO  volume.StorageVolumeChecker (StorageVolumeChecker.java:checkAllVolumes(202)) - Scheduled health check for volume /home/runner/work/ozone/ozone/hadoop-ozone/integration-test/target/test-dir/MiniOzoneClusterImpl-cebd3685-2b3d-4639-9f0f-41911e64574b/datanode-3/data/ratis
2021-11-09 00:56:28,883 [Thread-1429] INFO  ozoneimpl.ContainerReader (ContainerReader.java:readVolume(172)) - Finish verifying containers on volume /home/runner/work/ozone/ozone/hadoop-ozone/integration-test/target/test-dir/MiniOzoneClusterImpl-cebd3685-2b3d-4639-9f0f-41911e64574b/datanode-3/data-0/containers/hdds
2021-11-09 00:56:28,883 [Listener at 127.0.0.1/34135] INFO  ozoneimpl.OzoneContainer (OzoneContainer.java:buildContainerSet(236)) - Build ContainerSet costs 0s
2021-11-09 00:56:28,885 [Listener at 127.0.0.1/34135] INFO  server.RaftServer (ConfUtils.java:logGet(44)) - raft.rpc.type = GRPC (default)
2021-11-09 00:56:28,885 [Listener at 127.0.0.1/34135] INFO  grpc.GrpcFactory (GrpcFactory.java:checkPooledByteBufAllocatorUseCacheForAllThreads(48)) - PERFORMANCE WARNING: useCacheForAllThreads is true that may cause Netty to create a lot garbage objects and, as a result, trigger GC.
	It is recommended to disable useCacheForAllThreads by setting -Dorg.apache.ratis.thirdparty.io.netty.allocator.useCacheForAllThreads=false in command line.
2021-11-09 00:56:28,885 [Listener at 127.0.0.1/34135] INFO  grpc.GrpcConfigKeys (ConfUtils.java:logGet(44)) - raft.grpc.admin.port = 0 (custom)
2021-11-09 00:56:28,885 [Listener at 127.0.0.1/34135] INFO  grpc.GrpcConfigKeys (ConfUtils.java:logGet(44)) - raft.grpc.client.port = 0 (custom)
2021-11-09 00:56:28,885 [Listener at 127.0.0.1/34135] INFO  grpc.GrpcConfigKeys (ConfUtils.java:logGet(44)) - raft.grpc.server.port = 0 (default)
2021-11-09 00:56:28,885 [Listener at 127.0.0.1/34135] INFO  server.GrpcService (ConfUtils.java:logGet(44)) - raft.grpc.message.size.max = 32MB (=33554432) (custom)
2021-11-09 00:56:28,885 [Listener at 127.0.0.1/34135] INFO  server.RaftServerConfigKeys (ConfUtils.java:logGet(44)) - raft.server.log.appender.buffer.byte-limit = 33554432 (custom)
2021-11-09 00:56:28,885 [Listener at 127.0.0.1/34135] INFO  server.GrpcService (ConfUtils.java:logGet(44)) - raft.grpc.flow.control.window = 5MB (=5242880) (custom)
2021-11-09 00:56:28,885 [Listener at 127.0.0.1/34135] INFO  server.RaftServerConfigKeys (ConfUtils.java:logGet(44)) - raft.server.rpc.request.timeout = 3000ms (default)
2021-11-09 00:56:28,886 [Listener at 127.0.0.1/34135] INFO  impl.DataStreamServerImpl (ConfUtils.java:logGet(44)) - raft.datastream.type = DISABLED (default)
2021-11-09 00:56:28,886 [Listener at 127.0.0.1/34135] INFO  server.RaftServerConfigKeys (ConfUtils.java:logGet(44)) - raft.server.rpc.slowness.timeout = 300000ms (custom)
2021-11-09 00:56:28,886 [Listener at 127.0.0.1/34135] INFO  server.RaftServerConfigKeys (ConfUtils.java:logGet(44)) - raft.server.leaderelection.leader.step-down.wait-time = 10s (default)
2021-11-09 00:56:28,886 [Listener at 127.0.0.1/34135] INFO  server.RaftServerConfigKeys (ConfUtils.java:logGet(44)) - raft.server.storage.dir = [/home/runner/work/ozone/ozone/hadoop-ozone/integration-test/target/test-dir/MiniOzoneClusterImpl-cebd3685-2b3d-4639-9f0f-41911e64574b/datanode-3/data/ratis] (custom)
2021-11-09 00:56:28,908 [Listener at 127.0.0.1/34135] INFO  http.BaseHttpServer (BaseHttpServer.java:newHttpServer2BuilderForOzone(209)) - Starting Web-server for hddsDatanode at: http://0.0.0.0:0
2021-11-09 00:56:28,908 [Listener at 127.0.0.1/34135] INFO  http.BaseHttpServer (BaseHttpServer.java:<init>(107)) - Hadoop Security Enabled: false Ozone Security Enabled: false Ozone HTTP Security Enabled: false 
2021-11-09 00:56:28,909 [Listener at 127.0.0.1/34135] INFO  server.AuthenticationFilter (AuthenticationFilter.java:constructSecretProvider(240)) - Unable to initialize FileSignerSecretProvider, falling back to use random secrets.
2021-11-09 00:56:28,925 [Listener at 127.0.0.1/34135] WARN  http.HttpRequestLog (HttpRequestLog.java:getRequestLog(103)) - Jetty request log can only be enabled using Log4j
2021-11-09 00:56:28,925 [Listener at 127.0.0.1/34135] INFO  http.HttpServer2 (HttpServer2.java:addGlobalFilter(1030)) - Added global filter 'safety' (class=org.apache.hadoop.hdds.server.http.HttpServer2$QuotingInputFilter)
2021-11-09 00:56:28,926 [Listener at 127.0.0.1/34135] INFO  http.HttpServer2 (HttpServer2.java:addFilter(1006)) - Added filter static_user_filter (class=org.apache.hadoop.http.lib.StaticUserWebFilter$StaticUserFilter) to context hddsDatanode
2021-11-09 00:56:28,926 [Listener at 127.0.0.1/34135] INFO  http.HttpServer2 (HttpServer2.java:addFilter(1014)) - Added filter static_user_filter (class=org.apache.hadoop.http.lib.StaticUserWebFilter$StaticUserFilter) to context logs
2021-11-09 00:56:28,926 [Listener at 127.0.0.1/34135] INFO  http.HttpServer2 (HttpServer2.java:addFilter(1014)) - Added filter static_user_filter (class=org.apache.hadoop.http.lib.StaticUserWebFilter$StaticUserFilter) to context static
2021-11-09 00:56:28,926 [Listener at 127.0.0.1/34135] INFO  http.HttpServer2 (HttpServer2.java:bindListener(1249)) - Jetty bound to port 37215
2021-11-09 00:56:28,926 [Listener at 127.0.0.1/34135] INFO  server.Server (Server.java:doStart(375)) - jetty-9.4.43.v20210629; built: 2021-06-30T11:07:22.254Z; git: 526006ecfa3af7f1a27ef3a288e2bef7ea9dd7e8; jvm 1.8.0_292-b10
2021-11-09 00:56:28,932 [Listener at 127.0.0.1/34135] INFO  server.session (DefaultSessionIdManager.java:doStart(334)) - DefaultSessionIdManager workerName=node0
2021-11-09 00:56:28,932 [Listener at 127.0.0.1/34135] INFO  server.session (DefaultSessionIdManager.java:doStart(339)) - No SessionScavenger set, using defaults
2021-11-09 00:56:28,932 [Listener at 127.0.0.1/34135] INFO  server.session (HouseKeeper.java:startScavenging(132)) - node0 Scavenging every 660000ms
2021-11-09 00:56:28,933 [Listener at 127.0.0.1/34135] INFO  handler.ContextHandler (ContextHandler.java:doStart(915)) - Started o.e.j.s.ServletContextHandler@1e1c981a{logs,/logs,file:///home/runner/work/ozone/ozone/hadoop-ozone/integration-test/target/log,AVAILABLE}
2021-11-09 00:56:28,933 [Listener at 127.0.0.1/34135] INFO  handler.ContextHandler (ContextHandler.java:doStart(915)) - Started o.e.j.s.ServletContextHandler@766ac993{static,/static,jar:file:/home/runner/.m2/repository/org/apache/ozone/hdds-container-service/1.2.0-SNAPSHOT/hdds-container-service-1.2.0-SNAPSHOT.jar!/webapps/static,AVAILABLE}
2021-11-09 00:56:29,008 [Listener at 127.0.0.1/34135] INFO  handler.ContextHandler (ContextHandler.java:doStart(915)) - Started o.e.j.w.WebAppContext@7519655c{hddsDatanode,/,file:///tmp/jetty-0_0_0_0-37215-hdds-container-service-1_2_0-SNAPSHOT_jar-_-any-451106121110966424/webapp/,AVAILABLE}{jar:file:/home/runner/.m2/repository/org/apache/ozone/hdds-container-service/1.2.0-SNAPSHOT/hdds-container-service-1.2.0-SNAPSHOT.jar!/webapps/hddsDatanode}
2021-11-09 00:56:29,010 [Listener at 127.0.0.1/34135] INFO  server.AbstractConnector (AbstractConnector.java:doStart(331)) - Started ServerConnector@8b08a48{HTTP/1.1, (http/1.1)}{0.0.0.0:37215}
2021-11-09 00:56:29,010 [Listener at 127.0.0.1/34135] INFO  server.Server (Server.java:doStart(415)) - Started @175050ms
2021-11-09 00:56:29,010 [Listener at 127.0.0.1/34135] WARN  impl.MetricsSystemImpl (MetricsSystemImpl.java:register(279)) - Sink prometheus already exists!
2021-11-09 00:56:29,015 [Listener at 127.0.0.1/34135] INFO  http.BaseHttpServer (BaseHttpServer.java:updateConnectorAddress(329)) - HTTP server of hddsDatanode listening at http://0.0.0.0:37215
2021-11-09 00:56:29,016 [Listener at 127.0.0.1/34135] WARN  impl.MetricRegistriesImpl (MetricRegistriesImpl.java:addReporterRegistration(111)) - New reporters are added after registries were created. Some metrics will be missing from the reporter. Please add reporter before adding any new registry.
2021-11-09 00:56:29,016 [Listener at 127.0.0.1/34135] WARN  impl.MetricRegistriesImpl (MetricRegistriesImpl.java:addReporterRegistration(111)) - New reporters are added after registries were created. Some metrics will be missing from the reporter. Please add reporter before adding any new registry.
2021-11-09 00:56:29,016 [Listener at 127.0.0.1/34135] INFO  impl.MetricsSystemImpl (MetricsSystemImpl.java:init(158)) - HddsDatanode metrics system started (again)
2021-11-09 00:56:29,026 [Datanode State Machine Daemon Thread] INFO  statemachine.DatanodeStateMachine (DatanodeStateMachine.java:lambda$startDaemon$0(467)) - Ozone container server started.
2021-11-09 00:56:29,073 [Listener at 127.0.0.1/34135] INFO  ozone.HddsDatanodeService (HddsDatanodeService.java:start(234)) - HddsDatanodeService host:fv-az294-841.eaanfquahm5ulb5tj050gcxych.jx.internal.cloudapp.net ip:10.1.0.58
2021-11-09 00:56:29,108 [org.apache.hadoop.util.JvmPauseMonitor$Monitor@3efdc354] INFO  util.JvmPauseMonitor (JvmPauseMonitor.java:run(188)) - Starting JVM pause monitor
2021-11-09 00:56:29,159 [Datanode State Machine Task Thread - 0] INFO  datanode.InitDatanodeState (InitDatanodeState.java:persistContainerDatanodeDetails(145)) - DatanodeDetails is persisted to /home/runner/work/ozone/ozone/hadoop-ozone/integration-test/target/test-dir/MiniOzoneClusterImpl-cebd3685-2b3d-4639-9f0f-41911e64574b/datanode-3/meta/datanode.id
2021-11-09 00:56:29,160 [Listener at 127.0.0.1/34135] INFO  upgrade.AbstractLayoutVersionManager (AbstractLayoutVersionManager.java:init(79)) - Initializing Layout version manager with metadata layout = SCM_HA (version = 2), software layout = SCM_HA (version = 2)
2021-11-09 00:56:29,278 [Listener at 127.0.0.1/34135] INFO  reflections.Reflections (Reflections.java:scan(232)) - Reflections took 117 ms to scan 7 urls, producing 119 keys and 279 values 
2021-11-09 00:56:29,279 [Listener at 127.0.0.1/34135] INFO  statemachine.DatanodeStateMachine (DatanodeStateMachine.java:getEndPointTaskThreadPoolSize(219)) - Datanode State Machine Task Thread Pool size 2
2021-11-09 00:56:29,281 [Listener at 127.0.0.1/34135] INFO  volume.HddsVolume (HddsVolume.java:<init>(120)) - Creating HddsVolume: /home/runner/work/ozone/ozone/hadoop-ozone/integration-test/target/test-dir/MiniOzoneClusterImpl-cebd3685-2b3d-4639-9f0f-41911e64574b/datanode-4/data-0/containers/hdds of storage type : DISK capacity : 9223372036854775807
2021-11-09 00:56:29,281 [Listener at 127.0.0.1/34135] INFO  volume.MutableVolumeSet (MutableVolumeSet.java:initializeVolumeSet(168)) - Added Volume : /home/runner/work/ozone/ozone/hadoop-ozone/integration-test/target/test-dir/MiniOzoneClusterImpl-cebd3685-2b3d-4639-9f0f-41911e64574b/datanode-4/data-0/containers/hdds to VolumeSet
2021-11-09 00:56:29,281 [Listener at 127.0.0.1/34135] INFO  volume.ThrottledAsyncChecker (ThrottledAsyncChecker.java:schedule(141)) - Scheduling a check for /home/runner/work/ozone/ozone/hadoop-ozone/integration-test/target/test-dir/MiniOzoneClusterImpl-cebd3685-2b3d-4639-9f0f-41911e64574b/datanode-4/data-0/containers/hdds
2021-11-09 00:56:29,286 [Listener at 127.0.0.1/34135] INFO  volume.StorageVolumeChecker (StorageVolumeChecker.java:checkAllVolumes(202)) - Scheduled health check for volume /home/runner/work/ozone/ozone/hadoop-ozone/integration-test/target/test-dir/MiniOzoneClusterImpl-cebd3685-2b3d-4639-9f0f-41911e64574b/datanode-4/data-0/containers/hdds
2021-11-09 00:56:29,300 [Listener at 127.0.0.1/34135] INFO  volume.MutableVolumeSet (MutableVolumeSet.java:initializeVolumeSet(168)) - Added Volume : /home/runner/work/ozone/ozone/hadoop-ozone/integration-test/target/test-dir/MiniOzoneClusterImpl-cebd3685-2b3d-4639-9f0f-41911e64574b/datanode-4/data/ratis to VolumeSet
2021-11-09 00:56:29,300 [Listener at 127.0.0.1/34135] INFO  volume.ThrottledAsyncChecker (ThrottledAsyncChecker.java:schedule(141)) - Scheduling a check for /home/runner/work/ozone/ozone/hadoop-ozone/integration-test/target/test-dir/MiniOzoneClusterImpl-cebd3685-2b3d-4639-9f0f-41911e64574b/datanode-4/data/ratis
2021-11-09 00:56:29,300 [Listener at 127.0.0.1/34135] INFO  volume.StorageVolumeChecker (StorageVolumeChecker.java:checkAllVolumes(202)) - Scheduled health check for volume /home/runner/work/ozone/ozone/hadoop-ozone/integration-test/target/test-dir/MiniOzoneClusterImpl-cebd3685-2b3d-4639-9f0f-41911e64574b/datanode-4/data/ratis
2021-11-09 00:56:29,311 [Thread-1441] INFO  ozoneimpl.ContainerReader (ContainerReader.java:readVolume(172)) - Finish verifying containers on volume /home/runner/work/ozone/ozone/hadoop-ozone/integration-test/target/test-dir/MiniOzoneClusterImpl-cebd3685-2b3d-4639-9f0f-41911e64574b/datanode-4/data-0/containers/hdds
2021-11-09 00:56:29,311 [Listener at 127.0.0.1/34135] INFO  ozoneimpl.OzoneContainer (OzoneContainer.java:buildContainerSet(236)) - Build ContainerSet costs 0s
2021-11-09 00:56:29,313 [Listener at 127.0.0.1/34135] INFO  server.RaftServer (ConfUtils.java:logGet(44)) - raft.rpc.type = GRPC (default)
2021-11-09 00:56:29,313 [Listener at 127.0.0.1/34135] INFO  grpc.GrpcFactory (GrpcFactory.java:checkPooledByteBufAllocatorUseCacheForAllThreads(48)) - PERFORMANCE WARNING: useCacheForAllThreads is true that may cause Netty to create a lot garbage objects and, as a result, trigger GC.
	It is recommended to disable useCacheForAllThreads by setting -Dorg.apache.ratis.thirdparty.io.netty.allocator.useCacheForAllThreads=false in command line.
2021-11-09 00:56:29,313 [Listener at 127.0.0.1/34135] INFO  grpc.GrpcConfigKeys (ConfUtils.java:logGet(44)) - raft.grpc.admin.port = 0 (custom)
2021-11-09 00:56:29,313 [Listener at 127.0.0.1/34135] INFO  grpc.GrpcConfigKeys (ConfUtils.java:logGet(44)) - raft.grpc.client.port = 0 (custom)
2021-11-09 00:56:29,313 [Listener at 127.0.0.1/34135] INFO  grpc.GrpcConfigKeys (ConfUtils.java:logGet(44)) - raft.grpc.server.port = 0 (default)
2021-11-09 00:56:29,313 [Listener at 127.0.0.1/34135] INFO  server.GrpcService (ConfUtils.java:logGet(44)) - raft.grpc.message.size.max = 32MB (=33554432) (custom)
2021-11-09 00:56:29,313 [Listener at 127.0.0.1/34135] INFO  server.RaftServerConfigKeys (ConfUtils.java:logGet(44)) - raft.server.log.appender.buffer.byte-limit = 33554432 (custom)
2021-11-09 00:56:29,313 [Listener at 127.0.0.1/34135] INFO  server.GrpcService (ConfUtils.java:logGet(44)) - raft.grpc.flow.control.window = 5MB (=5242880) (custom)
2021-11-09 00:56:29,313 [Listener at 127.0.0.1/34135] INFO  server.RaftServerConfigKeys (ConfUtils.java:logGet(44)) - raft.server.rpc.request.timeout = 3000ms (default)
2021-11-09 00:56:29,314 [Listener at 127.0.0.1/34135] INFO  impl.DataStreamServerImpl (ConfUtils.java:logGet(44)) - raft.datastream.type = DISABLED (default)
2021-11-09 00:56:29,314 [Listener at 127.0.0.1/34135] INFO  server.RaftServerConfigKeys (ConfUtils.java:logGet(44)) - raft.server.rpc.slowness.timeout = 300000ms (custom)
2021-11-09 00:56:29,314 [Listener at 127.0.0.1/34135] INFO  server.RaftServerConfigKeys (ConfUtils.java:logGet(44)) - raft.server.leaderelection.leader.step-down.wait-time = 10s (default)
2021-11-09 00:56:29,315 [Listener at 127.0.0.1/34135] INFO  server.RaftServerConfigKeys (ConfUtils.java:logGet(44)) - raft.server.storage.dir = [/home/runner/work/ozone/ozone/hadoop-ozone/integration-test/target/test-dir/MiniOzoneClusterImpl-cebd3685-2b3d-4639-9f0f-41911e64574b/datanode-4/data/ratis] (custom)
2021-11-09 00:56:29,318 [Listener at 127.0.0.1/34135] INFO  http.BaseHttpServer (BaseHttpServer.java:newHttpServer2BuilderForOzone(209)) - Starting Web-server for hddsDatanode at: http://0.0.0.0:0
2021-11-09 00:56:29,318 [Listener at 127.0.0.1/34135] INFO  http.BaseHttpServer (BaseHttpServer.java:<init>(107)) - Hadoop Security Enabled: false Ozone Security Enabled: false Ozone HTTP Security Enabled: false 
2021-11-09 00:56:29,319 [Listener at 127.0.0.1/34135] INFO  server.AuthenticationFilter (AuthenticationFilter.java:constructSecretProvider(240)) - Unable to initialize FileSignerSecretProvider, falling back to use random secrets.
2021-11-09 00:56:29,323 [Listener at 127.0.0.1/34135] WARN  http.HttpRequestLog (HttpRequestLog.java:getRequestLog(103)) - Jetty request log can only be enabled using Log4j
2021-11-09 00:56:29,324 [Listener at 127.0.0.1/34135] INFO  http.HttpServer2 (HttpServer2.java:addGlobalFilter(1030)) - Added global filter 'safety' (class=org.apache.hadoop.hdds.server.http.HttpServer2$QuotingInputFilter)
2021-11-09 00:56:29,324 [Listener at 127.0.0.1/34135] INFO  http.HttpServer2 (HttpServer2.java:addFilter(1006)) - Added filter static_user_filter (class=org.apache.hadoop.http.lib.StaticUserWebFilter$StaticUserFilter) to context hddsDatanode
2021-11-09 00:56:29,324 [Listener at 127.0.0.1/34135] INFO  http.HttpServer2 (HttpServer2.java:addFilter(1014)) - Added filter static_user_filter (class=org.apache.hadoop.http.lib.StaticUserWebFilter$StaticUserFilter) to context logs
2021-11-09 00:56:29,324 [Listener at 127.0.0.1/34135] INFO  http.HttpServer2 (HttpServer2.java:addFilter(1014)) - Added filter static_user_filter (class=org.apache.hadoop.http.lib.StaticUserWebFilter$StaticUserFilter) to context static
2021-11-09 00:56:29,325 [Listener at 127.0.0.1/34135] INFO  http.HttpServer2 (HttpServer2.java:bindListener(1249)) - Jetty bound to port 38545
2021-11-09 00:56:29,325 [Listener at 127.0.0.1/34135] INFO  server.Server (Server.java:doStart(375)) - jetty-9.4.43.v20210629; built: 2021-06-30T11:07:22.254Z; git: 526006ecfa3af7f1a27ef3a288e2bef7ea9dd7e8; jvm 1.8.0_292-b10
2021-11-09 00:56:29,330 [Listener at 127.0.0.1/34135] INFO  server.session (DefaultSessionIdManager.java:doStart(334)) - DefaultSessionIdManager workerName=node0
2021-11-09 00:56:29,331 [Listener at 127.0.0.1/34135] INFO  server.session (DefaultSessionIdManager.java:doStart(339)) - No SessionScavenger set, using defaults
2021-11-09 00:56:29,331 [Listener at 127.0.0.1/34135] INFO  server.session (HouseKeeper.java:startScavenging(132)) - node0 Scavenging every 600000ms
2021-11-09 00:56:29,331 [Listener at 127.0.0.1/34135] INFO  handler.ContextHandler (ContextHandler.java:doStart(915)) - Started o.e.j.s.ServletContextHandler@14174615{logs,/logs,file:///home/runner/work/ozone/ozone/hadoop-ozone/integration-test/target/log,AVAILABLE}
2021-11-09 00:56:29,332 [Listener at 127.0.0.1/34135] INFO  handler.ContextHandler (ContextHandler.java:doStart(915)) - Started o.e.j.s.ServletContextHandler@3b4579e1{static,/static,jar:file:/home/runner/.m2/repository/org/apache/ozone/hdds-container-service/1.2.0-SNAPSHOT/hdds-container-service-1.2.0-SNAPSHOT.jar!/webapps/static,AVAILABLE}
2021-11-09 00:56:29,378 [Listener at 127.0.0.1/34135] INFO  handler.ContextHandler (ContextHandler.java:doStart(915)) - Started o.e.j.w.WebAppContext@55d73b88{hddsDatanode,/,file:///tmp/jetty-0_0_0_0-38545-hdds-container-service-1_2_0-SNAPSHOT_jar-_-any-4002915599737138276/webapp/,AVAILABLE}{jar:file:/home/runner/.m2/repository/org/apache/ozone/hdds-container-service/1.2.0-SNAPSHOT/hdds-container-service-1.2.0-SNAPSHOT.jar!/webapps/hddsDatanode}
2021-11-09 00:56:29,380 [Listener at 127.0.0.1/34135] INFO  server.AbstractConnector (AbstractConnector.java:doStart(331)) - Started ServerConnector@3a772825{HTTP/1.1, (http/1.1)}{0.0.0.0:38545}
2021-11-09 00:56:29,380 [Listener at 127.0.0.1/34135] INFO  server.Server (Server.java:doStart(415)) - Started @175420ms
2021-11-09 00:56:29,380 [Listener at 127.0.0.1/34135] WARN  impl.MetricsSystemImpl (MetricsSystemImpl.java:register(279)) - Sink prometheus already exists!
2021-11-09 00:56:29,383 [Listener at 127.0.0.1/34135] INFO  http.BaseHttpServer (BaseHttpServer.java:updateConnectorAddress(329)) - HTTP server of hddsDatanode listening at http://0.0.0.0:38545
2021-11-09 00:56:29,386 [Listener at 127.0.0.1/34135] WARN  impl.MetricRegistriesImpl (MetricRegistriesImpl.java:addReporterRegistration(111)) - New reporters are added after registries were created. Some metrics will be missing from the reporter. Please add reporter before adding any new registry.
2021-11-09 00:56:29,386 [Listener at 127.0.0.1/34135] WARN  impl.MetricRegistriesImpl (MetricRegistriesImpl.java:addReporterRegistration(111)) - New reporters are added after registries were created. Some metrics will be missing from the reporter. Please add reporter before adding any new registry.
2021-11-09 00:56:29,386 [Listener at 127.0.0.1/34135] INFO  impl.MetricsSystemImpl (MetricsSystemImpl.java:init(158)) - HddsDatanode metrics system started (again)
2021-11-09 00:56:29,404 [Datanode State Machine Daemon Thread] INFO  statemachine.DatanodeStateMachine (DatanodeStateMachine.java:lambda$startDaemon$0(467)) - Ozone container server started.
2021-11-09 00:56:29,491 [org.apache.hadoop.util.JvmPauseMonitor$Monitor@655d8b65] INFO  util.JvmPauseMonitor (JvmPauseMonitor.java:run(188)) - Starting JVM pause monitor
2021-11-09 00:56:29,499 [Datanode State Machine Task Thread - 0] INFO  datanode.InitDatanodeState (InitDatanodeState.java:persistContainerDatanodeDetails(145)) - DatanodeDetails is persisted to /home/runner/work/ozone/ozone/hadoop-ozone/integration-test/target/test-dir/MiniOzoneClusterImpl-cebd3685-2b3d-4639-9f0f-41911e64574b/datanode-4/meta/datanode.id
2021-11-09 00:56:29,505 [Listener at 127.0.0.1/34135] INFO  ozone.HddsDatanodeService (HddsDatanodeService.java:start(234)) - HddsDatanodeService host:fv-az294-841.eaanfquahm5ulb5tj050gcxych.jx.internal.cloudapp.net ip:10.1.0.58
2021-11-09 00:56:29,632 [Listener at 127.0.0.1/34135] INFO  upgrade.AbstractLayoutVersionManager (AbstractLayoutVersionManager.java:init(79)) - Initializing Layout version manager with metadata layout = SCM_HA (version = 2), software layout = SCM_HA (version = 2)
2021-11-09 00:56:29,715 [Listener at 127.0.0.1/34135] INFO  reflections.Reflections (Reflections.java:scan(232)) - Reflections took 82 ms to scan 7 urls, producing 119 keys and 279 values 
2021-11-09 00:56:29,716 [Listener at 127.0.0.1/34135] INFO  statemachine.DatanodeStateMachine (DatanodeStateMachine.java:getEndPointTaskThreadPoolSize(219)) - Datanode State Machine Task Thread Pool size 2
2021-11-09 00:56:29,717 [Listener at 127.0.0.1/34135] INFO  volume.HddsVolume (HddsVolume.java:<init>(120)) - Creating HddsVolume: /home/runner/work/ozone/ozone/hadoop-ozone/integration-test/target/test-dir/MiniOzoneClusterImpl-cebd3685-2b3d-4639-9f0f-41911e64574b/datanode-5/data-0/containers/hdds of storage type : DISK capacity : 9223372036854775807
2021-11-09 00:56:29,717 [Listener at 127.0.0.1/34135] INFO  volume.MutableVolumeSet (MutableVolumeSet.java:initializeVolumeSet(168)) - Added Volume : /home/runner/work/ozone/ozone/hadoop-ozone/integration-test/target/test-dir/MiniOzoneClusterImpl-cebd3685-2b3d-4639-9f0f-41911e64574b/datanode-5/data-0/containers/hdds to VolumeSet
2021-11-09 00:56:29,717 [Listener at 127.0.0.1/34135] INFO  volume.ThrottledAsyncChecker (ThrottledAsyncChecker.java:schedule(141)) - Scheduling a check for /home/runner/work/ozone/ozone/hadoop-ozone/integration-test/target/test-dir/MiniOzoneClusterImpl-cebd3685-2b3d-4639-9f0f-41911e64574b/datanode-5/data-0/containers/hdds
2021-11-09 00:56:29,724 [Listener at 127.0.0.1/34135] INFO  volume.StorageVolumeChecker (StorageVolumeChecker.java:checkAllVolumes(202)) - Scheduled health check for volume /home/runner/work/ozone/ozone/hadoop-ozone/integration-test/target/test-dir/MiniOzoneClusterImpl-cebd3685-2b3d-4639-9f0f-41911e64574b/datanode-5/data-0/containers/hdds
2021-11-09 00:56:29,738 [Listener at 127.0.0.1/34135] INFO  volume.MutableVolumeSet (MutableVolumeSet.java:initializeVolumeSet(168)) - Added Volume : /home/runner/work/ozone/ozone/hadoop-ozone/integration-test/target/test-dir/MiniOzoneClusterImpl-cebd3685-2b3d-4639-9f0f-41911e64574b/datanode-5/data/ratis to VolumeSet
2021-11-09 00:56:29,738 [Listener at 127.0.0.1/34135] INFO  volume.ThrottledAsyncChecker (ThrottledAsyncChecker.java:schedule(141)) - Scheduling a check for /home/runner/work/ozone/ozone/hadoop-ozone/integration-test/target/test-dir/MiniOzoneClusterImpl-cebd3685-2b3d-4639-9f0f-41911e64574b/datanode-5/data/ratis
2021-11-09 00:56:29,738 [Listener at 127.0.0.1/34135] INFO  volume.StorageVolumeChecker (StorageVolumeChecker.java:checkAllVolumes(202)) - Scheduled health check for volume /home/runner/work/ozone/ozone/hadoop-ozone/integration-test/target/test-dir/MiniOzoneClusterImpl-cebd3685-2b3d-4639-9f0f-41911e64574b/datanode-5/data/ratis
2021-11-09 00:56:29,758 [Thread-1453] INFO  ozoneimpl.ContainerReader (ContainerReader.java:readVolume(172)) - Finish verifying containers on volume /home/runner/work/ozone/ozone/hadoop-ozone/integration-test/target/test-dir/MiniOzoneClusterImpl-cebd3685-2b3d-4639-9f0f-41911e64574b/datanode-5/data-0/containers/hdds
2021-11-09 00:56:29,758 [Listener at 127.0.0.1/34135] INFO  ozoneimpl.OzoneContainer (OzoneContainer.java:buildContainerSet(236)) - Build ContainerSet costs 0s
2021-11-09 00:56:29,764 [Listener at 127.0.0.1/34135] INFO  server.RaftServer (ConfUtils.java:logGet(44)) - raft.rpc.type = GRPC (default)
2021-11-09 00:56:29,764 [Listener at 127.0.0.1/34135] INFO  grpc.GrpcFactory (GrpcFactory.java:checkPooledByteBufAllocatorUseCacheForAllThreads(48)) - PERFORMANCE WARNING: useCacheForAllThreads is true that may cause Netty to create a lot garbage objects and, as a result, trigger GC.
	It is recommended to disable useCacheForAllThreads by setting -Dorg.apache.ratis.thirdparty.io.netty.allocator.useCacheForAllThreads=false in command line.
2021-11-09 00:56:29,764 [Listener at 127.0.0.1/34135] INFO  grpc.GrpcConfigKeys (ConfUtils.java:logGet(44)) - raft.grpc.admin.port = 0 (custom)
2021-11-09 00:56:29,764 [Listener at 127.0.0.1/34135] INFO  grpc.GrpcConfigKeys (ConfUtils.java:logGet(44)) - raft.grpc.client.port = 0 (custom)
2021-11-09 00:56:29,764 [Listener at 127.0.0.1/34135] INFO  grpc.GrpcConfigKeys (ConfUtils.java:logGet(44)) - raft.grpc.server.port = 0 (default)
2021-11-09 00:56:29,764 [Listener at 127.0.0.1/34135] INFO  server.GrpcService (ConfUtils.java:logGet(44)) - raft.grpc.message.size.max = 32MB (=33554432) (custom)
2021-11-09 00:56:29,764 [Listener at 127.0.0.1/34135] INFO  server.RaftServerConfigKeys (ConfUtils.java:logGet(44)) - raft.server.log.appender.buffer.byte-limit = 33554432 (custom)
2021-11-09 00:56:29,764 [Listener at 127.0.0.1/34135] INFO  server.GrpcService (ConfUtils.java:logGet(44)) - raft.grpc.flow.control.window = 5MB (=5242880) (custom)
2021-11-09 00:56:29,764 [Listener at 127.0.0.1/34135] INFO  server.RaftServerConfigKeys (ConfUtils.java:logGet(44)) - raft.server.rpc.request.timeout = 3000ms (default)
2021-11-09 00:56:29,766 [Listener at 127.0.0.1/34135] INFO  impl.DataStreamServerImpl (ConfUtils.java:logGet(44)) - raft.datastream.type = DISABLED (default)
2021-11-09 00:56:29,766 [Listener at 127.0.0.1/34135] INFO  server.RaftServerConfigKeys (ConfUtils.java:logGet(44)) - raft.server.rpc.slowness.timeout = 300000ms (custom)
2021-11-09 00:56:29,766 [Listener at 127.0.0.1/34135] INFO  server.RaftServerConfigKeys (ConfUtils.java:logGet(44)) - raft.server.leaderelection.leader.step-down.wait-time = 10s (default)
2021-11-09 00:56:29,766 [Listener at 127.0.0.1/34135] INFO  server.RaftServerConfigKeys (ConfUtils.java:logGet(44)) - raft.server.storage.dir = [/home/runner/work/ozone/ozone/hadoop-ozone/integration-test/target/test-dir/MiniOzoneClusterImpl-cebd3685-2b3d-4639-9f0f-41911e64574b/datanode-5/data/ratis] (custom)
2021-11-09 00:56:29,771 [Listener at 127.0.0.1/34135] INFO  http.BaseHttpServer (BaseHttpServer.java:newHttpServer2BuilderForOzone(209)) - Starting Web-server for hddsDatanode at: http://0.0.0.0:0
2021-11-09 00:56:29,771 [Listener at 127.0.0.1/34135] INFO  http.BaseHttpServer (BaseHttpServer.java:<init>(107)) - Hadoop Security Enabled: false Ozone Security Enabled: false Ozone HTTP Security Enabled: false 
2021-11-09 00:56:29,772 [Listener at 127.0.0.1/34135] INFO  server.AuthenticationFilter (AuthenticationFilter.java:constructSecretProvider(240)) - Unable to initialize FileSignerSecretProvider, falling back to use random secrets.
2021-11-09 00:56:29,786 [Listener at 127.0.0.1/34135] WARN  http.HttpRequestLog (HttpRequestLog.java:getRequestLog(103)) - Jetty request log can only be enabled using Log4j
2021-11-09 00:56:29,786 [Listener at 127.0.0.1/34135] INFO  http.HttpServer2 (HttpServer2.java:addGlobalFilter(1030)) - Added global filter 'safety' (class=org.apache.hadoop.hdds.server.http.HttpServer2$QuotingInputFilter)
2021-11-09 00:56:29,787 [Listener at 127.0.0.1/34135] INFO  http.HttpServer2 (HttpServer2.java:addFilter(1006)) - Added filter static_user_filter (class=org.apache.hadoop.http.lib.StaticUserWebFilter$StaticUserFilter) to context hddsDatanode
2021-11-09 00:56:29,787 [Listener at 127.0.0.1/34135] INFO  http.HttpServer2 (HttpServer2.java:addFilter(1014)) - Added filter static_user_filter (class=org.apache.hadoop.http.lib.StaticUserWebFilter$StaticUserFilter) to context logs
2021-11-09 00:56:29,787 [Listener at 127.0.0.1/34135] INFO  http.HttpServer2 (HttpServer2.java:addFilter(1014)) - Added filter static_user_filter (class=org.apache.hadoop.http.lib.StaticUserWebFilter$StaticUserFilter) to context static
2021-11-09 00:56:29,787 [Listener at 127.0.0.1/34135] INFO  http.HttpServer2 (HttpServer2.java:bindListener(1249)) - Jetty bound to port 40051
2021-11-09 00:56:29,791 [Listener at 127.0.0.1/34135] INFO  server.Server (Server.java:doStart(375)) - jetty-9.4.43.v20210629; built: 2021-06-30T11:07:22.254Z; git: 526006ecfa3af7f1a27ef3a288e2bef7ea9dd7e8; jvm 1.8.0_292-b10
2021-11-09 00:56:29,800 [Listener at 127.0.0.1/34135] INFO  server.session (DefaultSessionIdManager.java:doStart(334)) - DefaultSessionIdManager workerName=node0
2021-11-09 00:56:29,800 [Listener at 127.0.0.1/34135] INFO  server.session (DefaultSessionIdManager.java:doStart(339)) - No SessionScavenger set, using defaults
2021-11-09 00:56:29,800 [Listener at 127.0.0.1/34135] INFO  server.session (HouseKeeper.java:startScavenging(132)) - node0 Scavenging every 660000ms
2021-11-09 00:56:29,811 [Listener at 127.0.0.1/34135] INFO  handler.ContextHandler (ContextHandler.java:doStart(915)) - Started o.e.j.s.ServletContextHandler@28856c45{logs,/logs,file:///home/runner/work/ozone/ozone/hadoop-ozone/integration-test/target/log,AVAILABLE}
2021-11-09 00:56:29,812 [Listener at 127.0.0.1/34135] INFO  handler.ContextHandler (ContextHandler.java:doStart(915)) - Started o.e.j.s.ServletContextHandler@285b4af7{static,/static,jar:file:/home/runner/.m2/repository/org/apache/ozone/hdds-container-service/1.2.0-SNAPSHOT/hdds-container-service-1.2.0-SNAPSHOT.jar!/webapps/static,AVAILABLE}
2021-11-09 00:56:29,854 [Listener at 127.0.0.1/34135] INFO  handler.ContextHandler (ContextHandler.java:doStart(915)) - Started o.e.j.w.WebAppContext@3cf3b9c6{hddsDatanode,/,file:///tmp/jetty-0_0_0_0-40051-hdds-container-service-1_2_0-SNAPSHOT_jar-_-any-2100309166084068371/webapp/,AVAILABLE}{jar:file:/home/runner/.m2/repository/org/apache/ozone/hdds-container-service/1.2.0-SNAPSHOT/hdds-container-service-1.2.0-SNAPSHOT.jar!/webapps/hddsDatanode}
2021-11-09 00:56:29,881 [Listener at 127.0.0.1/34135] INFO  server.AbstractConnector (AbstractConnector.java:doStart(331)) - Started ServerConnector@15b4a06d{HTTP/1.1, (http/1.1)}{0.0.0.0:40051}
2021-11-09 00:56:29,881 [Listener at 127.0.0.1/34135] INFO  server.Server (Server.java:doStart(415)) - Started @175922ms
2021-11-09 00:56:29,882 [Listener at 127.0.0.1/34135] WARN  impl.MetricsSystemImpl (MetricsSystemImpl.java:register(279)) - Sink prometheus already exists!
2021-11-09 00:56:29,889 [Listener at 127.0.0.1/34135] INFO  http.BaseHttpServer (BaseHttpServer.java:updateConnectorAddress(329)) - HTTP server of hddsDatanode listening at http://0.0.0.0:40051
2021-11-09 00:56:29,915 [Listener at 127.0.0.1/34135] WARN  impl.MetricRegistriesImpl (MetricRegistriesImpl.java:addReporterRegistration(111)) - New reporters are added after registries were created. Some metrics will be missing from the reporter. Please add reporter before adding any new registry.
2021-11-09 00:56:29,915 [Listener at 127.0.0.1/34135] WARN  impl.MetricRegistriesImpl (MetricRegistriesImpl.java:addReporterRegistration(111)) - New reporters are added after registries were created. Some metrics will be missing from the reporter. Please add reporter before adding any new registry.
2021-11-09 00:56:29,915 [Listener at 127.0.0.1/34135] INFO  impl.MetricsSystemImpl (MetricsSystemImpl.java:init(158)) - HddsDatanode metrics system started (again)
2021-11-09 00:56:29,941 [Datanode State Machine Daemon Thread] INFO  statemachine.DatanodeStateMachine (DatanodeStateMachine.java:lambda$startDaemon$0(467)) - Ozone container server started.
2021-11-09 00:56:29,954 [EndpointStateMachine task thread for /0.0.0.0:38177 - 0 ] INFO  ozoneimpl.OzoneContainer (OzoneContainer.java:start(304)) - Attempting to start container services.
2021-11-09 00:56:29,955 [EndpointStateMachine task thread for /0.0.0.0:38177 - 0 ] INFO  ozoneimpl.OzoneContainer (OzoneContainer.java:startContainerScrub(249)) - Background container scanner has been disabled.
2021-11-09 00:56:29,958 [EndpointStateMachine task thread for /0.0.0.0:38177 - 0 ] INFO  replication.ReplicationServer (ReplicationServer.java:start(107)) - ReplicationServer is started using port 41031
2021-11-09 00:56:30,006 [Listener at 127.0.0.1/34135] INFO  ozone.HddsDatanodeService (HddsDatanodeService.java:start(234)) - HddsDatanodeService host:fv-az294-841.eaanfquahm5ulb5tj050gcxych.jx.internal.cloudapp.net ip:10.1.0.58
2021-11-09 00:56:30,059 [Listener at 127.0.0.1/34135] INFO  upgrade.AbstractLayoutVersionManager (AbstractLayoutVersionManager.java:init(79)) - Initializing Layout version manager with metadata layout = SCM_HA (version = 2), software layout = SCM_HA (version = 2)
2021-11-09 00:56:30,060 [org.apache.hadoop.util.JvmPauseMonitor$Monitor@779a746d] INFO  util.JvmPauseMonitor (JvmPauseMonitor.java:run(188)) - Starting JVM pause monitor
2021-11-09 00:56:30,068 [Datanode State Machine Task Thread - 0] INFO  datanode.InitDatanodeState (InitDatanodeState.java:persistContainerDatanodeDetails(145)) - DatanodeDetails is persisted to /home/runner/work/ozone/ozone/hadoop-ozone/integration-test/target/test-dir/MiniOzoneClusterImpl-cebd3685-2b3d-4639-9f0f-41911e64574b/datanode-5/meta/datanode.id
2021-11-09 00:56:30,069 [EndpointStateMachine task thread for /0.0.0.0:38177 - 0 ] INFO  ratis.XceiverServerRatis (XceiverServerRatis.java:start(484)) - Starting XceiverServerRatis 4430b70e-e2dc-4778-891b-decd59bd04d3
2021-11-09 00:56:30,080 [EndpointStateMachine task thread for /0.0.0.0:38177 - 0 ] INFO  server.RaftServer (RaftServerProxy.java:lambda$start$5(374)) - 4430b70e-e2dc-4778-891b-decd59bd04d3: start RPC server
2021-11-09 00:56:30,081 [EndpointStateMachine task thread for /0.0.0.0:38177 - 0 ] INFO  server.GrpcService (GrpcService.java:startImpl(253)) - 4430b70e-e2dc-4778-891b-decd59bd04d3: GrpcService started, listening on 37555
2021-11-09 00:56:30,081 [EndpointStateMachine task thread for /0.0.0.0:38177 - 0 ] INFO  ratis.XceiverServerRatis (XceiverServerRatis.java:getRealPort(505)) - XceiverServerRatis 4430b70e-e2dc-4778-891b-decd59bd04d3 is started using port 37555 for RATIS
2021-11-09 00:56:30,081 [EndpointStateMachine task thread for /0.0.0.0:38177 - 0 ] INFO  ratis.XceiverServerRatis (XceiverServerRatis.java:getRealPort(505)) - XceiverServerRatis 4430b70e-e2dc-4778-891b-decd59bd04d3 is started using port 37555 for RATIS_ADMIN
2021-11-09 00:56:30,081 [EndpointStateMachine task thread for /0.0.0.0:38177 - 0 ] INFO  ratis.XceiverServerRatis (XceiverServerRatis.java:getRealPort(505)) - XceiverServerRatis 4430b70e-e2dc-4778-891b-decd59bd04d3 is started using port 37555 for RATIS_SERVER
2021-11-09 00:56:30,082 [EndpointStateMachine task thread for /0.0.0.0:38177 - 0 ] INFO  server.XceiverServerGrpc (XceiverServerGrpc.java:start(135)) - XceiverServerGrpc 4430b70e-e2dc-4778-891b-decd59bd04d3 is started using port 43879
2021-11-09 00:56:30,107 [org.apache.ratis.util.JvmPauseMonitor$$Lambda$531/1691661275@4a9d08b8] INFO  util.JvmPauseMonitor (JvmPauseMonitor.java:run(103)) - JvmPauseMonitor-4430b70e-e2dc-4778-891b-decd59bd04d3: Started
2021-11-09 00:56:30,163 [Listener at 127.0.0.1/34135] INFO  reflections.Reflections (Reflections.java:scan(232)) - Reflections took 86 ms to scan 7 urls, producing 119 keys and 279 values 
2021-11-09 00:56:30,164 [Listener at 127.0.0.1/34135] INFO  statemachine.DatanodeStateMachine (DatanodeStateMachine.java:getEndPointTaskThreadPoolSize(219)) - Datanode State Machine Task Thread Pool size 2
2021-11-09 00:56:30,166 [Listener at 127.0.0.1/34135] INFO  volume.HddsVolume (HddsVolume.java:<init>(120)) - Creating HddsVolume: /home/runner/work/ozone/ozone/hadoop-ozone/integration-test/target/test-dir/MiniOzoneClusterImpl-cebd3685-2b3d-4639-9f0f-41911e64574b/datanode-6/data-0/containers/hdds of storage type : DISK capacity : 9223372036854775807
2021-11-09 00:56:30,166 [Listener at 127.0.0.1/34135] INFO  volume.MutableVolumeSet (MutableVolumeSet.java:initializeVolumeSet(168)) - Added Volume : /home/runner/work/ozone/ozone/hadoop-ozone/integration-test/target/test-dir/MiniOzoneClusterImpl-cebd3685-2b3d-4639-9f0f-41911e64574b/datanode-6/data-0/containers/hdds to VolumeSet
2021-11-09 00:56:30,166 [Listener at 127.0.0.1/34135] INFO  volume.ThrottledAsyncChecker (ThrottledAsyncChecker.java:schedule(141)) - Scheduling a check for /home/runner/work/ozone/ozone/hadoop-ozone/integration-test/target/test-dir/MiniOzoneClusterImpl-cebd3685-2b3d-4639-9f0f-41911e64574b/datanode-6/data-0/containers/hdds
2021-11-09 00:56:30,212 [Listener at 127.0.0.1/34135] INFO  volume.StorageVolumeChecker (StorageVolumeChecker.java:checkAllVolumes(202)) - Scheduled health check for volume /home/runner/work/ozone/ozone/hadoop-ozone/integration-test/target/test-dir/MiniOzoneClusterImpl-cebd3685-2b3d-4639-9f0f-41911e64574b/datanode-6/data-0/containers/hdds
2021-11-09 00:56:30,236 [Listener at 127.0.0.1/34135] INFO  volume.MutableVolumeSet (MutableVolumeSet.java:initializeVolumeSet(168)) - Added Volume : /home/runner/work/ozone/ozone/hadoop-ozone/integration-test/target/test-dir/MiniOzoneClusterImpl-cebd3685-2b3d-4639-9f0f-41911e64574b/datanode-6/data/ratis to VolumeSet
2021-11-09 00:56:30,237 [Listener at 127.0.0.1/34135] INFO  volume.ThrottledAsyncChecker (ThrottledAsyncChecker.java:schedule(141)) - Scheduling a check for /home/runner/work/ozone/ozone/hadoop-ozone/integration-test/target/test-dir/MiniOzoneClusterImpl-cebd3685-2b3d-4639-9f0f-41911e64574b/datanode-6/data/ratis
2021-11-09 00:56:30,237 [Listener at 127.0.0.1/34135] INFO  volume.StorageVolumeChecker (StorageVolumeChecker.java:checkAllVolumes(202)) - Scheduled health check for volume /home/runner/work/ozone/ozone/hadoop-ozone/integration-test/target/test-dir/MiniOzoneClusterImpl-cebd3685-2b3d-4639-9f0f-41911e64574b/datanode-6/data/ratis
2021-11-09 00:56:30,259 [Thread-1469] INFO  ozoneimpl.ContainerReader (ContainerReader.java:readVolume(172)) - Finish verifying containers on volume /home/runner/work/ozone/ozone/hadoop-ozone/integration-test/target/test-dir/MiniOzoneClusterImpl-cebd3685-2b3d-4639-9f0f-41911e64574b/datanode-6/data-0/containers/hdds
2021-11-09 00:56:30,259 [Listener at 127.0.0.1/34135] INFO  ozoneimpl.OzoneContainer (OzoneContainer.java:buildContainerSet(236)) - Build ContainerSet costs 0s
2021-11-09 00:56:30,261 [Listener at 127.0.0.1/34135] INFO  server.RaftServer (ConfUtils.java:logGet(44)) - raft.rpc.type = GRPC (default)
2021-11-09 00:56:30,261 [Listener at 127.0.0.1/34135] INFO  grpc.GrpcFactory (GrpcFactory.java:checkPooledByteBufAllocatorUseCacheForAllThreads(48)) - PERFORMANCE WARNING: useCacheForAllThreads is true that may cause Netty to create a lot garbage objects and, as a result, trigger GC.
	It is recommended to disable useCacheForAllThreads by setting -Dorg.apache.ratis.thirdparty.io.netty.allocator.useCacheForAllThreads=false in command line.
2021-11-09 00:56:30,262 [Listener at 127.0.0.1/34135] INFO  grpc.GrpcConfigKeys (ConfUtils.java:logGet(44)) - raft.grpc.admin.port = 0 (custom)
2021-11-09 00:56:30,262 [Listener at 127.0.0.1/34135] INFO  grpc.GrpcConfigKeys (ConfUtils.java:logGet(44)) - raft.grpc.client.port = 0 (custom)
2021-11-09 00:56:30,262 [Listener at 127.0.0.1/34135] INFO  grpc.GrpcConfigKeys (ConfUtils.java:logGet(44)) - raft.grpc.server.port = 0 (default)
2021-11-09 00:56:30,262 [Listener at 127.0.0.1/34135] INFO  server.GrpcService (ConfUtils.java:logGet(44)) - raft.grpc.message.size.max = 32MB (=33554432) (custom)
2021-11-09 00:56:30,262 [Listener at 127.0.0.1/34135] INFO  server.RaftServerConfigKeys (ConfUtils.java:logGet(44)) - raft.server.log.appender.buffer.byte-limit = 33554432 (custom)
2021-11-09 00:56:30,262 [Listener at 127.0.0.1/34135] INFO  server.GrpcService (ConfUtils.java:logGet(44)) - raft.grpc.flow.control.window = 5MB (=5242880) (custom)
2021-11-09 00:56:30,262 [Listener at 127.0.0.1/34135] INFO  server.RaftServerConfigKeys (ConfUtils.java:logGet(44)) - raft.server.rpc.request.timeout = 3000ms (default)
2021-11-09 00:56:30,263 [Listener at 127.0.0.1/34135] INFO  impl.DataStreamServerImpl (ConfUtils.java:logGet(44)) - raft.datastream.type = DISABLED (default)
2021-11-09 00:56:30,263 [Listener at 127.0.0.1/34135] INFO  server.RaftServerConfigKeys (ConfUtils.java:logGet(44)) - raft.server.rpc.slowness.timeout = 300000ms (custom)
2021-11-09 00:56:30,263 [Listener at 127.0.0.1/34135] INFO  server.RaftServerConfigKeys (ConfUtils.java:logGet(44)) - raft.server.leaderelection.leader.step-down.wait-time = 10s (default)
2021-11-09 00:56:30,263 [Listener at 127.0.0.1/34135] INFO  server.RaftServerConfigKeys (ConfUtils.java:logGet(44)) - raft.server.storage.dir = [/home/runner/work/ozone/ozone/hadoop-ozone/integration-test/target/test-dir/MiniOzoneClusterImpl-cebd3685-2b3d-4639-9f0f-41911e64574b/datanode-6/data/ratis] (custom)
2021-11-09 00:56:30,271 [EndpointStateMachine task thread for /0.0.0.0:38177 - 0 ] INFO  ozoneimpl.OzoneContainer (OzoneContainer.java:start(304)) - Attempting to start container services.
2021-11-09 00:56:30,271 [EndpointStateMachine task thread for /0.0.0.0:38177 - 0 ] INFO  ozoneimpl.OzoneContainer (OzoneContainer.java:startContainerScrub(249)) - Background container scanner has been disabled.
2021-11-09 00:56:30,286 [Listener at 127.0.0.1/34135] INFO  http.BaseHttpServer (BaseHttpServer.java:newHttpServer2BuilderForOzone(209)) - Starting Web-server for hddsDatanode at: http://0.0.0.0:0
2021-11-09 00:56:30,286 [Listener at 127.0.0.1/34135] INFO  http.BaseHttpServer (BaseHttpServer.java:<init>(107)) - Hadoop Security Enabled: false Ozone Security Enabled: false Ozone HTTP Security Enabled: false 
2021-11-09 00:56:30,287 [Listener at 127.0.0.1/34135] INFO  server.AuthenticationFilter (AuthenticationFilter.java:constructSecretProvider(240)) - Unable to initialize FileSignerSecretProvider, falling back to use random secrets.
2021-11-09 00:56:30,288 [Listener at 127.0.0.1/34135] WARN  http.HttpRequestLog (HttpRequestLog.java:getRequestLog(103)) - Jetty request log can only be enabled using Log4j
2021-11-09 00:56:30,288 [Listener at 127.0.0.1/34135] INFO  http.HttpServer2 (HttpServer2.java:addGlobalFilter(1030)) - Added global filter 'safety' (class=org.apache.hadoop.hdds.server.http.HttpServer2$QuotingInputFilter)
2021-11-09 00:56:30,289 [Listener at 127.0.0.1/34135] INFO  http.HttpServer2 (HttpServer2.java:addFilter(1006)) - Added filter static_user_filter (class=org.apache.hadoop.http.lib.StaticUserWebFilter$StaticUserFilter) to context hddsDatanode
2021-11-09 00:56:30,289 [Listener at 127.0.0.1/34135] INFO  http.HttpServer2 (HttpServer2.java:addFilter(1014)) - Added filter static_user_filter (class=org.apache.hadoop.http.lib.StaticUserWebFilter$StaticUserFilter) to context static
2021-11-09 00:56:30,289 [Listener at 127.0.0.1/34135] INFO  http.HttpServer2 (HttpServer2.java:addFilter(1014)) - Added filter static_user_filter (class=org.apache.hadoop.http.lib.StaticUserWebFilter$StaticUserFilter) to context logs
2021-11-09 00:56:30,289 [Listener at 127.0.0.1/34135] INFO  http.HttpServer2 (HttpServer2.java:bindListener(1249)) - Jetty bound to port 43785
2021-11-09 00:56:30,289 [Listener at 127.0.0.1/34135] INFO  server.Server (Server.java:doStart(375)) - jetty-9.4.43.v20210629; built: 2021-06-30T11:07:22.254Z; git: 526006ecfa3af7f1a27ef3a288e2bef7ea9dd7e8; jvm 1.8.0_292-b10
2021-11-09 00:56:30,291 [EndpointStateMachine task thread for /0.0.0.0:38177 - 0 ] INFO  replication.ReplicationServer (ReplicationServer.java:start(107)) - ReplicationServer is started using port 37421
2021-11-09 00:56:30,304 [EndpointStateMachine task thread for /0.0.0.0:38177 - 0 ] INFO  ratis.XceiverServerRatis (XceiverServerRatis.java:start(484)) - Starting XceiverServerRatis d5ae86a0-e3e8-461b-b600-8c2d036507b1
2021-11-09 00:56:30,305 [EndpointStateMachine task thread for /0.0.0.0:38177 - 0 ] INFO  server.RaftServer (RaftServerProxy.java:lambda$start$5(374)) - d5ae86a0-e3e8-461b-b600-8c2d036507b1: start RPC server
2021-11-09 00:56:30,305 [EndpointStateMachine task thread for /0.0.0.0:38177 - 0 ] INFO  server.GrpcService (GrpcService.java:startImpl(253)) - d5ae86a0-e3e8-461b-b600-8c2d036507b1: GrpcService started, listening on 45525
2021-11-09 00:56:30,306 [EndpointStateMachine task thread for /0.0.0.0:38177 - 0 ] INFO  ratis.XceiverServerRatis (XceiverServerRatis.java:getRealPort(505)) - XceiverServerRatis d5ae86a0-e3e8-461b-b600-8c2d036507b1 is started using port 45525 for RATIS
2021-11-09 00:56:30,306 [EndpointStateMachine task thread for /0.0.0.0:38177 - 0 ] INFO  ratis.XceiverServerRatis (XceiverServerRatis.java:getRealPort(505)) - XceiverServerRatis d5ae86a0-e3e8-461b-b600-8c2d036507b1 is started using port 45525 for RATIS_ADMIN
2021-11-09 00:56:30,306 [EndpointStateMachine task thread for /0.0.0.0:38177 - 0 ] INFO  ratis.XceiverServerRatis (XceiverServerRatis.java:getRealPort(505)) - XceiverServerRatis d5ae86a0-e3e8-461b-b600-8c2d036507b1 is started using port 45525 for RATIS_SERVER
2021-11-09 00:56:30,306 [EndpointStateMachine task thread for /0.0.0.0:38177 - 0 ] INFO  server.XceiverServerGrpc (XceiverServerGrpc.java:start(135)) - XceiverServerGrpc d5ae86a0-e3e8-461b-b600-8c2d036507b1 is started using port 35155
2021-11-09 00:56:30,355 [org.apache.ratis.util.JvmPauseMonitor$$Lambda$531/1691661275@2f8c382] INFO  util.JvmPauseMonitor (JvmPauseMonitor.java:run(103)) - JvmPauseMonitor-d5ae86a0-e3e8-461b-b600-8c2d036507b1: Started
2021-11-09 00:56:30,356 [Listener at 127.0.0.1/34135] INFO  server.session (DefaultSessionIdManager.java:doStart(334)) - DefaultSessionIdManager workerName=node0
2021-11-09 00:56:30,356 [Listener at 127.0.0.1/34135] INFO  server.session (DefaultSessionIdManager.java:doStart(339)) - No SessionScavenger set, using defaults
2021-11-09 00:56:30,356 [Listener at 127.0.0.1/34135] INFO  server.session (HouseKeeper.java:startScavenging(132)) - node0 Scavenging every 660000ms
2021-11-09 00:56:30,373 [Listener at 127.0.0.1/34135] INFO  handler.ContextHandler (ContextHandler.java:doStart(915)) - Started o.e.j.s.ServletContextHandler@6930d69c{logs,/logs,file:///home/runner/work/ozone/ozone/hadoop-ozone/integration-test/target/log,AVAILABLE}
2021-11-09 00:56:30,373 [Listener at 127.0.0.1/34135] INFO  handler.ContextHandler (ContextHandler.java:doStart(915)) - Started o.e.j.s.ServletContextHandler@46d991e9{static,/static,jar:file:/home/runner/.m2/repository/org/apache/ozone/hdds-container-service/1.2.0-SNAPSHOT/hdds-container-service-1.2.0-SNAPSHOT.jar!/webapps/static,AVAILABLE}
2021-11-09 00:56:30,490 [Listener at 127.0.0.1/34135] INFO  handler.ContextHandler (ContextHandler.java:doStart(915)) - Started o.e.j.w.WebAppContext@3b356b13{hddsDatanode,/,file:///tmp/jetty-0_0_0_0-43785-hdds-container-service-1_2_0-SNAPSHOT_jar-_-any-7344656434947396554/webapp/,AVAILABLE}{jar:file:/home/runner/.m2/repository/org/apache/ozone/hdds-container-service/1.2.0-SNAPSHOT/hdds-container-service-1.2.0-SNAPSHOT.jar!/webapps/hddsDatanode}
2021-11-09 00:56:30,523 [Listener at 127.0.0.1/34135] INFO  server.AbstractConnector (AbstractConnector.java:doStart(331)) - Started ServerConnector@1fb9769f{HTTP/1.1, (http/1.1)}{0.0.0.0:43785}
2021-11-09 00:56:30,524 [Listener at 127.0.0.1/34135] INFO  server.Server (Server.java:doStart(415)) - Started @176564ms
2021-11-09 00:56:30,524 [Listener at 127.0.0.1/34135] WARN  impl.MetricsSystemImpl (MetricsSystemImpl.java:register(279)) - Sink prometheus already exists!
2021-11-09 00:56:30,524 [Listener at 127.0.0.1/34135] INFO  http.BaseHttpServer (BaseHttpServer.java:updateConnectorAddress(329)) - HTTP server of hddsDatanode listening at http://0.0.0.0:43785
2021-11-09 00:56:30,526 [Listener at 127.0.0.1/34135] INFO  ozone.MiniOzoneClusterImpl (MiniOzoneClusterImpl.java:lambda$waitForClusterToBeReady$0(235)) - Waiting for nodes to be ready. Got 0 of 7 DN Heartbeats.
2021-11-09 00:56:30,526 [Listener at 127.0.0.1/34135] INFO  ozone.MiniOzoneClusterImpl (MiniOzoneClusterImpl.java:lambda$waitForClusterToBeReady$0(238)) - Waiting for cluster to exit safe mode
2021-11-09 00:56:30,526 [Listener at 127.0.0.1/34135] INFO  ozone.MiniOzoneClusterImpl (MiniOzoneClusterImpl.java:lambda$waitForClusterToBeReady$0(240)) - SCM became leader
2021-11-09 00:56:30,526 [Datanode State Machine Daemon Thread] INFO  statemachine.DatanodeStateMachine (DatanodeStateMachine.java:lambda$startDaemon$0(467)) - Ozone container server started.
2021-11-09 00:56:30,573 [org.apache.hadoop.util.JvmPauseMonitor$Monitor@3b6ed298] INFO  util.JvmPauseMonitor (JvmPauseMonitor.java:run(188)) - Starting JVM pause monitor
2021-11-09 00:56:30,581 [Datanode State Machine Task Thread - 0] INFO  datanode.InitDatanodeState (InitDatanodeState.java:persistContainerDatanodeDetails(145)) - DatanodeDetails is persisted to /home/runner/work/ozone/ozone/hadoop-ozone/integration-test/target/test-dir/MiniOzoneClusterImpl-cebd3685-2b3d-4639-9f0f-41911e64574b/datanode-6/meta/datanode.id
2021-11-09 00:56:30,823 [EndpointStateMachine task thread for /0.0.0.0:38177 - 0 ] INFO  ozoneimpl.OzoneContainer (OzoneContainer.java:start(304)) - Attempting to start container services.
2021-11-09 00:56:30,823 [EndpointStateMachine task thread for /0.0.0.0:38177 - 0 ] INFO  ozoneimpl.OzoneContainer (OzoneContainer.java:startContainerScrub(249)) - Background container scanner has been disabled.
2021-11-09 00:56:30,824 [EndpointStateMachine task thread for /0.0.0.0:38177 - 0 ] INFO  replication.ReplicationServer (ReplicationServer.java:start(107)) - ReplicationServer is started using port 33899
2021-11-09 00:56:30,843 [EndpointStateMachine task thread for /0.0.0.0:38177 - 0 ] INFO  ratis.XceiverServerRatis (XceiverServerRatis.java:start(484)) - Starting XceiverServerRatis 43136673-c093-486b-8a61-55aa3fed1341
2021-11-09 00:56:30,844 [EndpointStateMachine task thread for /0.0.0.0:38177 - 0 ] INFO  server.RaftServer (RaftServerProxy.java:lambda$start$5(374)) - 43136673-c093-486b-8a61-55aa3fed1341: start RPC server
2021-11-09 00:56:30,845 [EndpointStateMachine task thread for /0.0.0.0:38177 - 0 ] INFO  server.GrpcService (GrpcService.java:startImpl(253)) - 43136673-c093-486b-8a61-55aa3fed1341: GrpcService started, listening on 34809
2021-11-09 00:56:30,845 [EndpointStateMachine task thread for /0.0.0.0:38177 - 0 ] INFO  ratis.XceiverServerRatis (XceiverServerRatis.java:getRealPort(505)) - XceiverServerRatis 43136673-c093-486b-8a61-55aa3fed1341 is started using port 34809 for RATIS
2021-11-09 00:56:30,845 [EndpointStateMachine task thread for /0.0.0.0:38177 - 0 ] INFO  ratis.XceiverServerRatis (XceiverServerRatis.java:getRealPort(505)) - XceiverServerRatis 43136673-c093-486b-8a61-55aa3fed1341 is started using port 34809 for RATIS_ADMIN
2021-11-09 00:56:30,845 [EndpointStateMachine task thread for /0.0.0.0:38177 - 0 ] INFO  ratis.XceiverServerRatis (XceiverServerRatis.java:getRealPort(505)) - XceiverServerRatis 43136673-c093-486b-8a61-55aa3fed1341 is started using port 34809 for RATIS_SERVER
2021-11-09 00:56:30,845 [EndpointStateMachine task thread for /0.0.0.0:38177 - 0 ] INFO  server.XceiverServerGrpc (XceiverServerGrpc.java:start(135)) - XceiverServerGrpc 43136673-c093-486b-8a61-55aa3fed1341 is started using port 39677
2021-11-09 00:56:30,880 [org.apache.ratis.util.JvmPauseMonitor$$Lambda$531/1691661275@35ed061f] INFO  util.JvmPauseMonitor (JvmPauseMonitor.java:run(103)) - JvmPauseMonitor-43136673-c093-486b-8a61-55aa3fed1341: Started
2021-11-09 00:56:31,131 [EndpointStateMachine task thread for /0.0.0.0:38177 - 0 ] INFO  ozoneimpl.OzoneContainer (OzoneContainer.java:start(304)) - Attempting to start container services.
2021-11-09 00:56:31,132 [EndpointStateMachine task thread for /0.0.0.0:38177 - 0 ] INFO  ozoneimpl.OzoneContainer (OzoneContainer.java:startContainerScrub(249)) - Background container scanner has been disabled.
2021-11-09 00:56:31,132 [EndpointStateMachine task thread for /0.0.0.0:38177 - 0 ] INFO  replication.ReplicationServer (ReplicationServer.java:start(107)) - ReplicationServer is started using port 38571
2021-11-09 00:56:31,133 [EndpointStateMachine task thread for /0.0.0.0:38177 - 0 ] INFO  ratis.XceiverServerRatis (XceiverServerRatis.java:start(484)) - Starting XceiverServerRatis 5b8b357e-6f93-4947-883b-a4d8a2742106
2021-11-09 00:56:31,139 [EndpointStateMachine task thread for /0.0.0.0:38177 - 0 ] INFO  server.RaftServer (RaftServerProxy.java:lambda$start$5(374)) - 5b8b357e-6f93-4947-883b-a4d8a2742106: start RPC server
2021-11-09 00:56:31,145 [EndpointStateMachine task thread for /0.0.0.0:38177 - 0 ] INFO  server.GrpcService (GrpcService.java:startImpl(253)) - 5b8b357e-6f93-4947-883b-a4d8a2742106: GrpcService started, listening on 46289
2021-11-09 00:56:31,151 [EndpointStateMachine task thread for /0.0.0.0:38177 - 0 ] INFO  ratis.XceiverServerRatis (XceiverServerRatis.java:getRealPort(505)) - XceiverServerRatis 5b8b357e-6f93-4947-883b-a4d8a2742106 is started using port 46289 for RATIS
2021-11-09 00:56:31,151 [EndpointStateMachine task thread for /0.0.0.0:38177 - 0 ] INFO  ratis.XceiverServerRatis (XceiverServerRatis.java:getRealPort(505)) - XceiverServerRatis 5b8b357e-6f93-4947-883b-a4d8a2742106 is started using port 46289 for RATIS_ADMIN
2021-11-09 00:56:31,151 [EndpointStateMachine task thread for /0.0.0.0:38177 - 0 ] INFO  ratis.XceiverServerRatis (XceiverServerRatis.java:getRealPort(505)) - XceiverServerRatis 5b8b357e-6f93-4947-883b-a4d8a2742106 is started using port 46289 for RATIS_SERVER
2021-11-09 00:56:31,152 [EndpointStateMachine task thread for /0.0.0.0:38177 - 0 ] INFO  server.XceiverServerGrpc (XceiverServerGrpc.java:start(135)) - XceiverServerGrpc 5b8b357e-6f93-4947-883b-a4d8a2742106 is started using port 44983
2021-11-09 00:56:31,176 [org.apache.ratis.util.JvmPauseMonitor$$Lambda$531/1691661275@2f17ed28] INFO  util.JvmPauseMonitor (JvmPauseMonitor.java:run(103)) - JvmPauseMonitor-5b8b357e-6f93-4947-883b-a4d8a2742106: Started
2021-11-09 00:56:31,497 [EndpointStateMachine task thread for /0.0.0.0:38177 - 0 ] INFO  ozoneimpl.OzoneContainer (OzoneContainer.java:start(304)) - Attempting to start container services.
2021-11-09 00:56:31,497 [EndpointStateMachine task thread for /0.0.0.0:38177 - 0 ] INFO  ozoneimpl.OzoneContainer (OzoneContainer.java:startContainerScrub(249)) - Background container scanner has been disabled.
2021-11-09 00:56:31,499 [EndpointStateMachine task thread for /0.0.0.0:38177 - 0 ] INFO  replication.ReplicationServer (ReplicationServer.java:start(107)) - ReplicationServer is started using port 34927
2021-11-09 00:56:31,526 [Listener at 127.0.0.1/34135] INFO  ozone.MiniOzoneClusterImpl (MiniOzoneClusterImpl.java:lambda$waitForClusterToBeReady$0(235)) - Waiting for nodes to be ready. Got 0 of 7 DN Heartbeats.
2021-11-09 00:56:31,526 [Listener at 127.0.0.1/34135] INFO  ozone.MiniOzoneClusterImpl (MiniOzoneClusterImpl.java:lambda$waitForClusterToBeReady$0(238)) - Waiting for cluster to exit safe mode
2021-11-09 00:56:31,526 [Listener at 127.0.0.1/34135] INFO  ozone.MiniOzoneClusterImpl (MiniOzoneClusterImpl.java:lambda$waitForClusterToBeReady$0(240)) - SCM became leader
2021-11-09 00:56:31,531 [EndpointStateMachine task thread for /0.0.0.0:38177 - 0 ] INFO  ratis.XceiverServerRatis (XceiverServerRatis.java:start(484)) - Starting XceiverServerRatis bcfee08b-42a0-42f4-970e-f61215d4b324
2021-11-09 00:56:31,544 [EndpointStateMachine task thread for /0.0.0.0:38177 - 0 ] INFO  server.RaftServer (RaftServerProxy.java:lambda$start$5(374)) - bcfee08b-42a0-42f4-970e-f61215d4b324: start RPC server
2021-11-09 00:56:31,551 [EndpointStateMachine task thread for /0.0.0.0:38177 - 0 ] INFO  server.GrpcService (GrpcService.java:startImpl(253)) - bcfee08b-42a0-42f4-970e-f61215d4b324: GrpcService started, listening on 34235
2021-11-09 00:56:31,553 [EndpointStateMachine task thread for /0.0.0.0:38177 - 0 ] INFO  ratis.XceiverServerRatis (XceiverServerRatis.java:getRealPort(505)) - XceiverServerRatis bcfee08b-42a0-42f4-970e-f61215d4b324 is started using port 34235 for RATIS
2021-11-09 00:56:31,553 [EndpointStateMachine task thread for /0.0.0.0:38177 - 0 ] INFO  ratis.XceiverServerRatis (XceiverServerRatis.java:getRealPort(505)) - XceiverServerRatis bcfee08b-42a0-42f4-970e-f61215d4b324 is started using port 34235 for RATIS_ADMIN
2021-11-09 00:56:31,553 [EndpointStateMachine task thread for /0.0.0.0:38177 - 0 ] INFO  ratis.XceiverServerRatis (XceiverServerRatis.java:getRealPort(505)) - XceiverServerRatis bcfee08b-42a0-42f4-970e-f61215d4b324 is started using port 34235 for RATIS_SERVER
2021-11-09 00:56:31,553 [EndpointStateMachine task thread for /0.0.0.0:38177 - 0 ] INFO  server.XceiverServerGrpc (XceiverServerGrpc.java:start(135)) - XceiverServerGrpc bcfee08b-42a0-42f4-970e-f61215d4b324 is started using port 38335
2021-11-09 00:56:31,579 [org.apache.ratis.util.JvmPauseMonitor$$Lambda$531/1691661275@38e77e61] INFO  util.JvmPauseMonitor (JvmPauseMonitor.java:run(103)) - JvmPauseMonitor-bcfee08b-42a0-42f4-970e-f61215d4b324: Started
2021-11-09 00:56:31,784 [IPC Server handler 19 on default port 38177] INFO  net.NetworkTopologyImpl (NetworkTopologyImpl.java:add(112)) - Added a new node: /default-rack/4430b70e-e2dc-4778-891b-decd59bd04d3
2021-11-09 00:56:31,784 [IPC Server handler 19 on default port 38177] INFO  node.SCMNodeManager (SCMNodeManager.java:register(389)) - Registered Data node : 4430b70e-e2dc-4778-891b-decd59bd04d3{ip: 10.1.0.58, host: fv-az294-841.eaanfquahm5ulb5tj050gcxych.jx.internal.cloudapp.net, ports: [REPLICATION=41031, RATIS=37555, RATIS_ADMIN=37555, RATIS_SERVER=37555, STANDALONE=43879], networkLocation: /default-rack, certSerialId: null, persistedOpState: null, persistedOpStateExpiryEpochSec: 0}
2021-11-09 00:56:31,791 [EventQueue-NodeRegistrationContainerReportForDataNodeSafeModeRule] INFO  safemode.SCMSafeModeManager (DataNodeSafeModeRule.java:process(71)) - SCM in safe mode. 1 DataNodes registered, 3 required.
2021-11-09 00:56:31,792 [EventQueue-NodeRegistrationContainerReportForContainerSafeModeRule] INFO  safemode.SCMSafeModeManager (SCMSafeModeManager.java:validateSafeModeExitRules(204)) - ContainerSafeModeRule rule is successfully validated
2021-11-09 00:56:31,810 [EventQueue-NewNodeForNewNodeHandler] INFO  pipeline.BackgroundPipelineCreator (BackgroundPipelineCreator.java:notifyEventTriggered(285)) - trigger a one-shot run on RatisPipelineUtilsThread.
2021-11-09 00:56:31,810 [EventQueue-PipelineReportForOneReplicaPipelineSafeModeRule] INFO  safemode.SCMSafeModeManager (SCMSafeModeManager.java:validateSafeModeExitRules(204)) - AtleastOneDatanodeReportedRule rule is successfully validated
2021-11-09 00:56:31,811 [RatisPipelineUtilsThread - 0] INFO  pipeline.RatisPipelineProvider (RatisPipelineProvider.java:lambda$create$0(183)) - Sending CreatePipelineCommand for pipeline:PipelineID=dc755f07-e104-4d8a-90cf-b742a90591b3 to datanode:4430b70e-e2dc-4778-891b-decd59bd04d3
2021-11-09 00:56:31,811 [RatisPipelineUtilsThread - 0] INFO  pipeline.PipelineStateManagerImpl (PipelineStateManagerImpl.java:addPipeline(101)) - Created pipeline Pipeline[ Id: dc755f07-e104-4d8a-90cf-b742a90591b3, Nodes: 4430b70e-e2dc-4778-891b-decd59bd04d3{ip: 10.1.0.58, host: fv-az294-841.eaanfquahm5ulb5tj050gcxych.jx.internal.cloudapp.net, ports: [REPLICATION=41031, RATIS=37555, RATIS_ADMIN=37555, RATIS_SERVER=37555, STANDALONE=43879], networkLocation: /default-rack, certSerialId: null, persistedOpState: IN_SERVICE, persistedOpStateExpiryEpochSec: 0}, ReplicationConfig: RATIS/ONE, State:ALLOCATED, leaderId:, CreationTimestamp2021-11-09T00:56:31.811Z[Etc/UTC]].
2021-11-09 00:56:32,081 [EndpointStateMachine task thread for /0.0.0.0:38177 - 0 ] INFO  ozoneimpl.OzoneContainer (OzoneContainer.java:start(304)) - Attempting to start container services.
2021-11-09 00:56:32,081 [EndpointStateMachine task thread for /0.0.0.0:38177 - 0 ] INFO  ozoneimpl.OzoneContainer (OzoneContainer.java:startContainerScrub(249)) - Background container scanner has been disabled.
2021-11-09 00:56:32,086 [EndpointStateMachine task thread for /0.0.0.0:38177 - 0 ] INFO  replication.ReplicationServer (ReplicationServer.java:start(107)) - ReplicationServer is started using port 46747
2021-11-09 00:56:32,089 [EndpointStateMachine task thread for /0.0.0.0:38177 - 0 ] INFO  ratis.XceiverServerRatis (XceiverServerRatis.java:start(484)) - Starting XceiverServerRatis c17442c2-57b8-4ea9-a6b0-3a357e556ad2
2021-11-09 00:56:32,095 [EndpointStateMachine task thread for /0.0.0.0:38177 - 0 ] INFO  server.RaftServer (RaftServerProxy.java:lambda$start$5(374)) - c17442c2-57b8-4ea9-a6b0-3a357e556ad2: start RPC server
2021-11-09 00:56:32,096 [EndpointStateMachine task thread for /0.0.0.0:38177 - 0 ] INFO  server.GrpcService (GrpcService.java:startImpl(253)) - c17442c2-57b8-4ea9-a6b0-3a357e556ad2: GrpcService started, listening on 33767
2021-11-09 00:56:32,099 [EndpointStateMachine task thread for /0.0.0.0:38177 - 0 ] INFO  ratis.XceiverServerRatis (XceiverServerRatis.java:getRealPort(505)) - XceiverServerRatis c17442c2-57b8-4ea9-a6b0-3a357e556ad2 is started using port 33767 for RATIS
2021-11-09 00:56:32,099 [EndpointStateMachine task thread for /0.0.0.0:38177 - 0 ] INFO  ratis.XceiverServerRatis (XceiverServerRatis.java:getRealPort(505)) - XceiverServerRatis c17442c2-57b8-4ea9-a6b0-3a357e556ad2 is started using port 33767 for RATIS_ADMIN
2021-11-09 00:56:32,099 [EndpointStateMachine task thread for /0.0.0.0:38177 - 0 ] INFO  ratis.XceiverServerRatis (XceiverServerRatis.java:getRealPort(505)) - XceiverServerRatis c17442c2-57b8-4ea9-a6b0-3a357e556ad2 is started using port 33767 for RATIS_SERVER
2021-11-09 00:56:32,108 [EndpointStateMachine task thread for /0.0.0.0:38177 - 0 ] INFO  server.XceiverServerGrpc (XceiverServerGrpc.java:start(135)) - XceiverServerGrpc c17442c2-57b8-4ea9-a6b0-3a357e556ad2 is started using port 35241
2021-11-09 00:56:32,137 [org.apache.ratis.util.JvmPauseMonitor$$Lambda$531/1691661275@258572bd] INFO  util.JvmPauseMonitor (JvmPauseMonitor.java:run(103)) - JvmPauseMonitor-c17442c2-57b8-4ea9-a6b0-3a357e556ad2: Started
2021-11-09 00:56:32,250 [IPC Server handler 0 on default port 38177] INFO  net.NetworkTopologyImpl (NetworkTopologyImpl.java:add(112)) - Added a new node: /default-rack/d5ae86a0-e3e8-461b-b600-8c2d036507b1
2021-11-09 00:56:32,250 [IPC Server handler 0 on default port 38177] INFO  node.SCMNodeManager (SCMNodeManager.java:register(389)) - Registered Data node : d5ae86a0-e3e8-461b-b600-8c2d036507b1{ip: 10.1.0.58, host: fv-az294-841.eaanfquahm5ulb5tj050gcxych.jx.internal.cloudapp.net, ports: [REPLICATION=37421, RATIS=45525, RATIS_ADMIN=45525, RATIS_SERVER=45525, STANDALONE=35155], networkLocation: /default-rack, certSerialId: null, persistedOpState: null, persistedOpStateExpiryEpochSec: 0}
2021-11-09 00:56:32,250 [EventQueue-NewNodeForNewNodeHandler] INFO  pipeline.BackgroundPipelineCreator (BackgroundPipelineCreator.java:notifyEventTriggered(285)) - trigger a one-shot run on RatisPipelineUtilsThread.
2021-11-09 00:56:32,251 [EventQueue-NodeRegistrationContainerReportForDataNodeSafeModeRule] INFO  safemode.SCMSafeModeManager (DataNodeSafeModeRule.java:process(71)) - SCM in safe mode. 2 DataNodes registered, 3 required.
2021-11-09 00:56:32,252 [RatisPipelineUtilsThread - 0] INFO  pipeline.RatisPipelineProvider (RatisPipelineProvider.java:lambda$create$0(183)) - Sending CreatePipelineCommand for pipeline:PipelineID=478d744c-76c7-4d18-9a74-e209cd9e23e2 to datanode:d5ae86a0-e3e8-461b-b600-8c2d036507b1
2021-11-09 00:56:32,252 [RatisPipelineUtilsThread - 0] INFO  pipeline.PipelineStateManagerImpl (PipelineStateManagerImpl.java:addPipeline(101)) - Created pipeline Pipeline[ Id: 478d744c-76c7-4d18-9a74-e209cd9e23e2, Nodes: d5ae86a0-e3e8-461b-b600-8c2d036507b1{ip: 10.1.0.58, host: fv-az294-841.eaanfquahm5ulb5tj050gcxych.jx.internal.cloudapp.net, ports: [REPLICATION=37421, RATIS=45525, RATIS_ADMIN=45525, RATIS_SERVER=45525, STANDALONE=35155], networkLocation: /default-rack, certSerialId: null, persistedOpState: IN_SERVICE, persistedOpStateExpiryEpochSec: 0}, ReplicationConfig: RATIS/ONE, State:ALLOCATED, leaderId:, CreationTimestamp2021-11-09T00:56:32.252Z[Etc/UTC]].
2021-11-09 00:56:32,527 [Listener at 127.0.0.1/34135] INFO  ozone.MiniOzoneClusterImpl (MiniOzoneClusterImpl.java:lambda$waitForClusterToBeReady$0(235)) - Waiting for nodes to be ready. Got 2 of 7 DN Heartbeats.
2021-11-09 00:56:32,527 [Listener at 127.0.0.1/34135] INFO  ozone.MiniOzoneClusterImpl (MiniOzoneClusterImpl.java:lambda$waitForClusterToBeReady$0(238)) - Waiting for cluster to exit safe mode
2021-11-09 00:56:32,527 [Listener at 127.0.0.1/34135] INFO  ozone.MiniOzoneClusterImpl (MiniOzoneClusterImpl.java:lambda$waitForClusterToBeReady$0(240)) - SCM became leader
2021-11-09 00:56:32,580 [EndpointStateMachine task thread for /0.0.0.0:38177 - 0 ] INFO  ozoneimpl.OzoneContainer (OzoneContainer.java:start(304)) - Attempting to start container services.
2021-11-09 00:56:32,580 [EndpointStateMachine task thread for /0.0.0.0:38177 - 0 ] INFO  ozoneimpl.OzoneContainer (OzoneContainer.java:startContainerScrub(249)) - Background container scanner has been disabled.
2021-11-09 00:56:32,585 [EndpointStateMachine task thread for /0.0.0.0:38177 - 0 ] INFO  replication.ReplicationServer (ReplicationServer.java:start(107)) - ReplicationServer is started using port 35683
2021-11-09 00:56:32,585 [EndpointStateMachine task thread for /0.0.0.0:38177 - 0 ] INFO  ratis.XceiverServerRatis (XceiverServerRatis.java:start(484)) - Starting XceiverServerRatis 23aab0c3-4c3e-4cdc-9821-98cdf7e102fc
2021-11-09 00:56:32,592 [EndpointStateMachine task thread for /0.0.0.0:38177 - 0 ] INFO  server.RaftServer (RaftServerProxy.java:lambda$start$5(374)) - 23aab0c3-4c3e-4cdc-9821-98cdf7e102fc: start RPC server
2021-11-09 00:56:32,604 [EndpointStateMachine task thread for /0.0.0.0:38177 - 0 ] INFO  server.GrpcService (GrpcService.java:startImpl(253)) - 23aab0c3-4c3e-4cdc-9821-98cdf7e102fc: GrpcService started, listening on 33649
2021-11-09 00:56:32,617 [EndpointStateMachine task thread for /0.0.0.0:38177 - 0 ] INFO  ratis.XceiverServerRatis (XceiverServerRatis.java:getRealPort(505)) - XceiverServerRatis 23aab0c3-4c3e-4cdc-9821-98cdf7e102fc is started using port 33649 for RATIS
2021-11-09 00:56:32,617 [EndpointStateMachine task thread for /0.0.0.0:38177 - 0 ] INFO  ratis.XceiverServerRatis (XceiverServerRatis.java:getRealPort(505)) - XceiverServerRatis 23aab0c3-4c3e-4cdc-9821-98cdf7e102fc is started using port 33649 for RATIS_ADMIN
2021-11-09 00:56:32,617 [EndpointStateMachine task thread for /0.0.0.0:38177 - 0 ] INFO  ratis.XceiverServerRatis (XceiverServerRatis.java:getRealPort(505)) - XceiverServerRatis 23aab0c3-4c3e-4cdc-9821-98cdf7e102fc is started using port 33649 for RATIS_SERVER
2021-11-09 00:56:32,618 [EndpointStateMachine task thread for /0.0.0.0:38177 - 0 ] INFO  server.XceiverServerGrpc (XceiverServerGrpc.java:start(135)) - XceiverServerGrpc 23aab0c3-4c3e-4cdc-9821-98cdf7e102fc is started using port 34371
2021-11-09 00:56:32,618 [org.apache.ratis.util.JvmPauseMonitor$$Lambda$531/1691661275@3ae9bd9c] INFO  util.JvmPauseMonitor (JvmPauseMonitor.java:run(103)) - JvmPauseMonitor-23aab0c3-4c3e-4cdc-9821-98cdf7e102fc: Started
2021-11-09 00:56:32,797 [IPC Server handler 18 on default port 38177] INFO  net.NetworkTopologyImpl (NetworkTopologyImpl.java:add(112)) - Added a new node: /default-rack/43136673-c093-486b-8a61-55aa3fed1341
2021-11-09 00:56:32,797 [IPC Server handler 18 on default port 38177] INFO  node.SCMNodeManager (SCMNodeManager.java:register(389)) - Registered Data node : 43136673-c093-486b-8a61-55aa3fed1341{ip: 10.1.0.58, host: fv-az294-841.eaanfquahm5ulb5tj050gcxych.jx.internal.cloudapp.net, ports: [REPLICATION=33899, RATIS=34809, RATIS_ADMIN=34809, RATIS_SERVER=34809, STANDALONE=39677], networkLocation: /default-rack, certSerialId: null, persistedOpState: null, persistedOpStateExpiryEpochSec: 0}
2021-11-09 00:56:32,797 [EventQueue-NewNodeForNewNodeHandler] INFO  pipeline.BackgroundPipelineCreator (BackgroundPipelineCreator.java:notifyEventTriggered(285)) - trigger a one-shot run on RatisPipelineUtilsThread.
2021-11-09 00:56:32,800 [EventQueue-NodeRegistrationContainerReportForDataNodeSafeModeRule] INFO  safemode.SCMSafeModeManager (DataNodeSafeModeRule.java:process(71)) - SCM in safe mode. 3 DataNodes registered, 3 required.
2021-11-09 00:56:32,800 [EventQueue-NodeRegistrationContainerReportForDataNodeSafeModeRule] INFO  safemode.SCMSafeModeManager (SCMSafeModeManager.java:validateSafeModeExitRules(204)) - DataNodeSafeModeRule rule is successfully validated
2021-11-09 00:56:32,801 [EventQueue-NodeRegistrationContainerReportForDataNodeSafeModeRule] INFO  safemode.SCMSafeModeManager (SCMSafeModeManager.java:completePreCheck(233)) - All SCM safe mode pre check rules have passed
2021-11-09 00:56:32,801 [EventQueue-NodeRegistrationContainerReportForDataNodeSafeModeRule] WARN  events.EventQueue (EventQueue.java:fireEvent(194)) - No event handler registered for event TypedEvent{payloadType=SafeModeStatus, name='Safe mode status'}
2021-11-09 00:56:32,801 [EventQueue-NodeRegistrationContainerReportForDataNodeSafeModeRule] INFO  ha.SCMContext (SCMContext.java:updateSafeModeStatus(205)) - Update SafeModeStatus from SafeModeStatus{safeModeStatus=true, preCheckPassed=false} to SafeModeStatus{safeModeStatus=true, preCheckPassed=true}.
2021-11-09 00:56:32,801 [EventQueue-NodeRegistrationContainerReportForDataNodeSafeModeRule] INFO  pipeline.BackgroundPipelineCreator (BackgroundPipelineCreator.java:notifyEventTriggered(285)) - trigger a one-shot run on RatisPipelineUtilsThread.
2021-11-09 00:56:32,801 [RatisPipelineUtilsThread - 0] INFO  pipeline.RatisPipelineProvider (RatisPipelineProvider.java:lambda$create$0(183)) - Sending CreatePipelineCommand for pipeline:PipelineID=91b13811-3b50-4088-895a-a72bc00d5b3b to datanode:43136673-c093-486b-8a61-55aa3fed1341
2021-11-09 00:56:32,802 [RatisPipelineUtilsThread - 0] INFO  pipeline.PipelineStateManagerImpl (PipelineStateManagerImpl.java:addPipeline(101)) - Created pipeline Pipeline[ Id: 91b13811-3b50-4088-895a-a72bc00d5b3b, Nodes: 43136673-c093-486b-8a61-55aa3fed1341{ip: 10.1.0.58, host: fv-az294-841.eaanfquahm5ulb5tj050gcxych.jx.internal.cloudapp.net, ports: [REPLICATION=33899, RATIS=34809, RATIS_ADMIN=34809, RATIS_SERVER=34809, STANDALONE=39677], networkLocation: /default-rack, certSerialId: null, persistedOpState: IN_SERVICE, persistedOpStateExpiryEpochSec: 0}, ReplicationConfig: RATIS/ONE, State:ALLOCATED, leaderId:, CreationTimestamp2021-11-09T00:56:32.801Z[Etc/UTC]].
2021-11-09 00:56:32,802 [RatisPipelineUtilsThread - 0] INFO  pipeline.RatisPipelineProvider (RatisPipelineProvider.java:lambda$create$0(183)) - Sending CreatePipelineCommand for pipeline:PipelineID=9bc91158-09f7-498f-98c5-43749416088d to datanode:43136673-c093-486b-8a61-55aa3fed1341
2021-11-09 00:56:32,802 [RatisPipelineUtilsThread - 0] INFO  pipeline.RatisPipelineProvider (RatisPipelineProvider.java:lambda$create$0(183)) - Sending CreatePipelineCommand for pipeline:PipelineID=9bc91158-09f7-498f-98c5-43749416088d to datanode:4430b70e-e2dc-4778-891b-decd59bd04d3
2021-11-09 00:56:32,802 [RatisPipelineUtilsThread - 0] INFO  pipeline.RatisPipelineProvider (RatisPipelineProvider.java:lambda$create$0(183)) - Sending CreatePipelineCommand for pipeline:PipelineID=9bc91158-09f7-498f-98c5-43749416088d to datanode:d5ae86a0-e3e8-461b-b600-8c2d036507b1
2021-11-09 00:56:32,802 [RatisPipelineUtilsThread - 0] INFO  pipeline.PipelineStateManagerImpl (PipelineStateManagerImpl.java:addPipeline(101)) - Created pipeline Pipeline[ Id: 9bc91158-09f7-498f-98c5-43749416088d, Nodes: 43136673-c093-486b-8a61-55aa3fed1341{ip: 10.1.0.58, host: fv-az294-841.eaanfquahm5ulb5tj050gcxych.jx.internal.cloudapp.net, ports: [REPLICATION=33899, RATIS=34809, RATIS_ADMIN=34809, RATIS_SERVER=34809, STANDALONE=39677], networkLocation: /default-rack, certSerialId: null, persistedOpState: IN_SERVICE, persistedOpStateExpiryEpochSec: 0}4430b70e-e2dc-4778-891b-decd59bd04d3{ip: 10.1.0.58, host: fv-az294-841.eaanfquahm5ulb5tj050gcxych.jx.internal.cloudapp.net, ports: [REPLICATION=41031, RATIS=37555, RATIS_ADMIN=37555, RATIS_SERVER=37555, STANDALONE=43879], networkLocation: /default-rack, certSerialId: null, persistedOpState: IN_SERVICE, persistedOpStateExpiryEpochSec: 0}d5ae86a0-e3e8-461b-b600-8c2d036507b1{ip: 10.1.0.58, host: fv-az294-841.eaanfquahm5ulb5tj050gcxych.jx.internal.cloudapp.net, ports: [REPLICATION=37421, RATIS=45525, RATIS_ADMIN=45525, RATIS_SERVER=45525, STANDALONE=35155], networkLocation: /default-rack, certSerialId: null, persistedOpState: IN_SERVICE, persistedOpStateExpiryEpochSec: 0}, ReplicationConfig: RATIS/THREE, State:ALLOCATED, leaderId:, CreationTimestamp2021-11-09T00:56:32.802Z[Etc/UTC]].
2021-11-09 00:56:32,803 [RatisPipelineUtilsThread - 0] INFO  pipeline.RatisPipelineProvider (RatisPipelineProvider.java:lambda$create$0(183)) - Sending CreatePipelineCommand for pipeline:PipelineID=0db9cd4f-359d-47fc-b6d2-0ca9b148280f to datanode:4430b70e-e2dc-4778-891b-decd59bd04d3
2021-11-09 00:56:32,803 [RatisPipelineUtilsThread - 0] INFO  pipeline.RatisPipelineProvider (RatisPipelineProvider.java:lambda$create$0(183)) - Sending CreatePipelineCommand for pipeline:PipelineID=0db9cd4f-359d-47fc-b6d2-0ca9b148280f to datanode:d5ae86a0-e3e8-461b-b600-8c2d036507b1
2021-11-09 00:56:32,803 [RatisPipelineUtilsThread - 0] INFO  pipeline.RatisPipelineProvider (RatisPipelineProvider.java:lambda$create$0(183)) - Sending CreatePipelineCommand for pipeline:PipelineID=0db9cd4f-359d-47fc-b6d2-0ca9b148280f to datanode:43136673-c093-486b-8a61-55aa3fed1341
2021-11-09 00:56:32,803 [RatisPipelineUtilsThread - 0] INFO  pipeline.PipelineStateManagerImpl (PipelineStateManagerImpl.java:addPipeline(101)) - Created pipeline Pipeline[ Id: 0db9cd4f-359d-47fc-b6d2-0ca9b148280f, Nodes: 4430b70e-e2dc-4778-891b-decd59bd04d3{ip: 10.1.0.58, host: fv-az294-841.eaanfquahm5ulb5tj050gcxych.jx.internal.cloudapp.net, ports: [REPLICATION=41031, RATIS=37555, RATIS_ADMIN=37555, RATIS_SERVER=37555, STANDALONE=43879], networkLocation: /default-rack, certSerialId: null, persistedOpState: IN_SERVICE, persistedOpStateExpiryEpochSec: 0}d5ae86a0-e3e8-461b-b600-8c2d036507b1{ip: 10.1.0.58, host: fv-az294-841.eaanfquahm5ulb5tj050gcxych.jx.internal.cloudapp.net, ports: [REPLICATION=37421, RATIS=45525, RATIS_ADMIN=45525, RATIS_SERVER=45525, STANDALONE=35155], networkLocation: /default-rack, certSerialId: null, persistedOpState: IN_SERVICE, persistedOpStateExpiryEpochSec: 0}43136673-c093-486b-8a61-55aa3fed1341{ip: 10.1.0.58, host: fv-az294-841.eaanfquahm5ulb5tj050gcxych.jx.internal.cloudapp.net, ports: [REPLICATION=33899, RATIS=34809, RATIS_ADMIN=34809, RATIS_SERVER=34809, STANDALONE=39677], networkLocation: /default-rack, certSerialId: null, persistedOpState: IN_SERVICE, persistedOpStateExpiryEpochSec: 0}, ReplicationConfig: RATIS/THREE, State:ALLOCATED, leaderId:, CreationTimestamp2021-11-09T00:56:32.803Z[Etc/UTC]].
2021-11-09 00:56:32,803 [RatisPipelineUtilsThread - 0] INFO  pipeline.PipelineManagerImpl (PipelineManagerImpl.java:recordMetricsForPipeline(620)) - Pipeline: PipelineID=0db9cd4f-359d-47fc-b6d2-0ca9b148280f contains same datanodes as previous pipelines: PipelineID=9bc91158-09f7-498f-98c5-43749416088d nodeIds: 4430b70e-e2dc-4778-891b-decd59bd04d3, d5ae86a0-e3e8-461b-b600-8c2d036507b1, 43136673-c093-486b-8a61-55aa3fed1341
2021-11-09 00:56:33,108 [IPC Server handler 4 on default port 38177] INFO  net.NetworkTopologyImpl (NetworkTopologyImpl.java:add(112)) - Added a new node: /default-rack/5b8b357e-6f93-4947-883b-a4d8a2742106
2021-11-09 00:56:33,108 [IPC Server handler 4 on default port 38177] INFO  node.SCMNodeManager (SCMNodeManager.java:register(389)) - Registered Data node : 5b8b357e-6f93-4947-883b-a4d8a2742106{ip: 10.1.0.58, host: fv-az294-841.eaanfquahm5ulb5tj050gcxych.jx.internal.cloudapp.net, ports: [REPLICATION=38571, RATIS=46289, RATIS_ADMIN=46289, RATIS_SERVER=46289, STANDALONE=44983], networkLocation: /default-rack, certSerialId: null, persistedOpState: null, persistedOpStateExpiryEpochSec: 0}
2021-11-09 00:56:33,109 [EventQueue-NewNodeForNewNodeHandler] INFO  pipeline.BackgroundPipelineCreator (BackgroundPipelineCreator.java:notifyEventTriggered(285)) - trigger a one-shot run on RatisPipelineUtilsThread.
2021-11-09 00:56:33,110 [RatisPipelineUtilsThread - 0] INFO  pipeline.RatisPipelineProvider (RatisPipelineProvider.java:lambda$create$0(183)) - Sending CreatePipelineCommand for pipeline:PipelineID=b34201ca-3705-486d-81c7-eb3c263f7c8c to datanode:5b8b357e-6f93-4947-883b-a4d8a2742106
2021-11-09 00:56:33,110 [RatisPipelineUtilsThread - 0] INFO  pipeline.PipelineStateManagerImpl (PipelineStateManagerImpl.java:addPipeline(101)) - Created pipeline Pipeline[ Id: b34201ca-3705-486d-81c7-eb3c263f7c8c, Nodes: 5b8b357e-6f93-4947-883b-a4d8a2742106{ip: 10.1.0.58, host: fv-az294-841.eaanfquahm5ulb5tj050gcxych.jx.internal.cloudapp.net, ports: [REPLICATION=38571, RATIS=46289, RATIS_ADMIN=46289, RATIS_SERVER=46289, STANDALONE=44983], networkLocation: /default-rack, certSerialId: null, persistedOpState: IN_SERVICE, persistedOpStateExpiryEpochSec: 0}, ReplicationConfig: RATIS/ONE, State:ALLOCATED, leaderId:, CreationTimestamp2021-11-09T00:56:33.110Z[Etc/UTC]].
2021-11-09 00:56:33,492 [IPC Server handler 19 on default port 38177] INFO  net.NetworkTopologyImpl (NetworkTopologyImpl.java:add(112)) - Added a new node: /default-rack/bcfee08b-42a0-42f4-970e-f61215d4b324
2021-11-09 00:56:33,492 [IPC Server handler 19 on default port 38177] INFO  node.SCMNodeManager (SCMNodeManager.java:register(389)) - Registered Data node : bcfee08b-42a0-42f4-970e-f61215d4b324{ip: 10.1.0.58, host: fv-az294-841.eaanfquahm5ulb5tj050gcxych.jx.internal.cloudapp.net, ports: [REPLICATION=34927, RATIS=34235, RATIS_ADMIN=34235, RATIS_SERVER=34235, STANDALONE=38335], networkLocation: /default-rack, certSerialId: null, persistedOpState: null, persistedOpStateExpiryEpochSec: 0}
2021-11-09 00:56:33,492 [EventQueue-NewNodeForNewNodeHandler] INFO  pipeline.BackgroundPipelineCreator (BackgroundPipelineCreator.java:notifyEventTriggered(285)) - trigger a one-shot run on RatisPipelineUtilsThread.
2021-11-09 00:56:33,493 [RatisPipelineUtilsThread - 0] INFO  pipeline.RatisPipelineProvider (RatisPipelineProvider.java:lambda$create$0(183)) - Sending CreatePipelineCommand for pipeline:PipelineID=ea6969dd-5a78-408d-a075-042a55ef5780 to datanode:bcfee08b-42a0-42f4-970e-f61215d4b324
2021-11-09 00:56:33,493 [RatisPipelineUtilsThread - 0] INFO  pipeline.PipelineStateManagerImpl (PipelineStateManagerImpl.java:addPipeline(101)) - Created pipeline Pipeline[ Id: ea6969dd-5a78-408d-a075-042a55ef5780, Nodes: bcfee08b-42a0-42f4-970e-f61215d4b324{ip: 10.1.0.58, host: fv-az294-841.eaanfquahm5ulb5tj050gcxych.jx.internal.cloudapp.net, ports: [REPLICATION=34927, RATIS=34235, RATIS_ADMIN=34235, RATIS_SERVER=34235, STANDALONE=38335], networkLocation: /default-rack, certSerialId: null, persistedOpState: IN_SERVICE, persistedOpStateExpiryEpochSec: 0}, ReplicationConfig: RATIS/ONE, State:ALLOCATED, leaderId:, CreationTimestamp2021-11-09T00:56:33.493Z[Etc/UTC]].
2021-11-09 00:56:33,527 [Listener at 127.0.0.1/34135] INFO  ozone.MiniOzoneClusterImpl (MiniOzoneClusterImpl.java:lambda$waitForClusterToBeReady$0(235)) - Waiting for nodes to be ready. Got 5 of 7 DN Heartbeats.
2021-11-09 00:56:33,527 [Listener at 127.0.0.1/34135] INFO  ozone.MiniOzoneClusterImpl (MiniOzoneClusterImpl.java:lambda$waitForClusterToBeReady$0(238)) - Waiting for cluster to exit safe mode
2021-11-09 00:56:33,527 [Listener at 127.0.0.1/34135] INFO  ozone.MiniOzoneClusterImpl (MiniOzoneClusterImpl.java:lambda$waitForClusterToBeReady$0(240)) - SCM became leader
2021-11-09 00:56:34,061 [IPC Server handler 12 on default port 38177] INFO  net.NetworkTopologyImpl (NetworkTopologyImpl.java:add(112)) - Added a new node: /default-rack/c17442c2-57b8-4ea9-a6b0-3a357e556ad2
2021-11-09 00:56:34,062 [IPC Server handler 12 on default port 38177] INFO  node.SCMNodeManager (SCMNodeManager.java:register(389)) - Registered Data node : c17442c2-57b8-4ea9-a6b0-3a357e556ad2{ip: 10.1.0.58, host: fv-az294-841.eaanfquahm5ulb5tj050gcxych.jx.internal.cloudapp.net, ports: [REPLICATION=46747, RATIS=33767, RATIS_ADMIN=33767, RATIS_SERVER=33767, STANDALONE=35241], networkLocation: /default-rack, certSerialId: null, persistedOpState: null, persistedOpStateExpiryEpochSec: 0}
2021-11-09 00:56:34,062 [EventQueue-NewNodeForNewNodeHandler] INFO  pipeline.BackgroundPipelineCreator (BackgroundPipelineCreator.java:notifyEventTriggered(285)) - trigger a one-shot run on RatisPipelineUtilsThread.
2021-11-09 00:56:34,062 [RatisPipelineUtilsThread - 0] INFO  pipeline.RatisPipelineProvider (RatisPipelineProvider.java:lambda$create$0(183)) - Sending CreatePipelineCommand for pipeline:PipelineID=95e29889-45c4-413f-a16d-7e8a545d9593 to datanode:c17442c2-57b8-4ea9-a6b0-3a357e556ad2
2021-11-09 00:56:34,063 [RatisPipelineUtilsThread - 0] INFO  pipeline.PipelineStateManagerImpl (PipelineStateManagerImpl.java:addPipeline(101)) - Created pipeline Pipeline[ Id: 95e29889-45c4-413f-a16d-7e8a545d9593, Nodes: c17442c2-57b8-4ea9-a6b0-3a357e556ad2{ip: 10.1.0.58, host: fv-az294-841.eaanfquahm5ulb5tj050gcxych.jx.internal.cloudapp.net, ports: [REPLICATION=46747, RATIS=33767, RATIS_ADMIN=33767, RATIS_SERVER=33767, STANDALONE=35241], networkLocation: /default-rack, certSerialId: null, persistedOpState: IN_SERVICE, persistedOpStateExpiryEpochSec: 0}, ReplicationConfig: RATIS/ONE, State:ALLOCATED, leaderId:, CreationTimestamp2021-11-09T00:56:34.062Z[Etc/UTC]].
2021-11-09 00:56:34,063 [RatisPipelineUtilsThread - 0] INFO  pipeline.RatisPipelineProvider (RatisPipelineProvider.java:lambda$create$0(183)) - Sending CreatePipelineCommand for pipeline:PipelineID=1bb12178-3f10-4ea1-9e56-97d8b41c262f to datanode:bcfee08b-42a0-42f4-970e-f61215d4b324
2021-11-09 00:56:34,063 [RatisPipelineUtilsThread - 0] INFO  pipeline.RatisPipelineProvider (RatisPipelineProvider.java:lambda$create$0(183)) - Sending CreatePipelineCommand for pipeline:PipelineID=1bb12178-3f10-4ea1-9e56-97d8b41c262f to datanode:5b8b357e-6f93-4947-883b-a4d8a2742106
2021-11-09 00:56:34,063 [RatisPipelineUtilsThread - 0] INFO  pipeline.RatisPipelineProvider (RatisPipelineProvider.java:lambda$create$0(183)) - Sending CreatePipelineCommand for pipeline:PipelineID=1bb12178-3f10-4ea1-9e56-97d8b41c262f to datanode:c17442c2-57b8-4ea9-a6b0-3a357e556ad2
2021-11-09 00:56:34,063 [RatisPipelineUtilsThread - 0] INFO  pipeline.PipelineStateManagerImpl (PipelineStateManagerImpl.java:addPipeline(101)) - Created pipeline Pipeline[ Id: 1bb12178-3f10-4ea1-9e56-97d8b41c262f, Nodes: bcfee08b-42a0-42f4-970e-f61215d4b324{ip: 10.1.0.58, host: fv-az294-841.eaanfquahm5ulb5tj050gcxych.jx.internal.cloudapp.net, ports: [REPLICATION=34927, RATIS=34235, RATIS_ADMIN=34235, RATIS_SERVER=34235, STANDALONE=38335], networkLocation: /default-rack, certSerialId: null, persistedOpState: IN_SERVICE, persistedOpStateExpiryEpochSec: 0}5b8b357e-6f93-4947-883b-a4d8a2742106{ip: 10.1.0.58, host: fv-az294-841.eaanfquahm5ulb5tj050gcxych.jx.internal.cloudapp.net, ports: [REPLICATION=38571, RATIS=46289, RATIS_ADMIN=46289, RATIS_SERVER=46289, STANDALONE=44983], networkLocation: /default-rack, certSerialId: null, persistedOpState: IN_SERVICE, persistedOpStateExpiryEpochSec: 0}c17442c2-57b8-4ea9-a6b0-3a357e556ad2{ip: 10.1.0.58, host: fv-az294-841.eaanfquahm5ulb5tj050gcxych.jx.internal.cloudapp.net, ports: [REPLICATION=46747, RATIS=33767, RATIS_ADMIN=33767, RATIS_SERVER=33767, STANDALONE=35241], networkLocation: /default-rack, certSerialId: null, persistedOpState: IN_SERVICE, persistedOpStateExpiryEpochSec: 0}, ReplicationConfig: RATIS/THREE, State:ALLOCATED, leaderId:, CreationTimestamp2021-11-09T00:56:34.063Z[Etc/UTC]].
2021-11-09 00:56:34,064 [RatisPipelineUtilsThread - 0] INFO  pipeline.RatisPipelineProvider (RatisPipelineProvider.java:lambda$create$0(183)) - Sending CreatePipelineCommand for pipeline:PipelineID=33dc0aea-e458-4224-86b0-e6c37eb65c07 to datanode:c17442c2-57b8-4ea9-a6b0-3a357e556ad2
2021-11-09 00:56:34,064 [RatisPipelineUtilsThread - 0] INFO  pipeline.RatisPipelineProvider (RatisPipelineProvider.java:lambda$create$0(183)) - Sending CreatePipelineCommand for pipeline:PipelineID=33dc0aea-e458-4224-86b0-e6c37eb65c07 to datanode:bcfee08b-42a0-42f4-970e-f61215d4b324
2021-11-09 00:56:34,064 [RatisPipelineUtilsThread - 0] INFO  pipeline.RatisPipelineProvider (RatisPipelineProvider.java:lambda$create$0(183)) - Sending CreatePipelineCommand for pipeline:PipelineID=33dc0aea-e458-4224-86b0-e6c37eb65c07 to datanode:5b8b357e-6f93-4947-883b-a4d8a2742106
2021-11-09 00:56:34,064 [RatisPipelineUtilsThread - 0] INFO  pipeline.PipelineStateManagerImpl (PipelineStateManagerImpl.java:addPipeline(101)) - Created pipeline Pipeline[ Id: 33dc0aea-e458-4224-86b0-e6c37eb65c07, Nodes: c17442c2-57b8-4ea9-a6b0-3a357e556ad2{ip: 10.1.0.58, host: fv-az294-841.eaanfquahm5ulb5tj050gcxych.jx.internal.cloudapp.net, ports: [REPLICATION=46747, RATIS=33767, RATIS_ADMIN=33767, RATIS_SERVER=33767, STANDALONE=35241], networkLocation: /default-rack, certSerialId: null, persistedOpState: IN_SERVICE, persistedOpStateExpiryEpochSec: 0}bcfee08b-42a0-42f4-970e-f61215d4b324{ip: 10.1.0.58, host: fv-az294-841.eaanfquahm5ulb5tj050gcxych.jx.internal.cloudapp.net, ports: [REPLICATION=34927, RATIS=34235, RATIS_ADMIN=34235, RATIS_SERVER=34235, STANDALONE=38335], networkLocation: /default-rack, certSerialId: null, persistedOpState: IN_SERVICE, persistedOpStateExpiryEpochSec: 0}5b8b357e-6f93-4947-883b-a4d8a2742106{ip: 10.1.0.58, host: fv-az294-841.eaanfquahm5ulb5tj050gcxych.jx.internal.cloudapp.net, ports: [REPLICATION=38571, RATIS=46289, RATIS_ADMIN=46289, RATIS_SERVER=46289, STANDALONE=44983], networkLocation: /default-rack, certSerialId: null, persistedOpState: IN_SERVICE, persistedOpStateExpiryEpochSec: 0}, ReplicationConfig: RATIS/THREE, State:ALLOCATED, leaderId:, CreationTimestamp2021-11-09T00:56:34.064Z[Etc/UTC]].
2021-11-09 00:56:34,064 [RatisPipelineUtilsThread - 0] INFO  pipeline.PipelineManagerImpl (PipelineManagerImpl.java:recordMetricsForPipeline(620)) - Pipeline: PipelineID=33dc0aea-e458-4224-86b0-e6c37eb65c07 contains same datanodes as previous pipelines: PipelineID=1bb12178-3f10-4ea1-9e56-97d8b41c262f nodeIds: c17442c2-57b8-4ea9-a6b0-3a357e556ad2, bcfee08b-42a0-42f4-970e-f61215d4b324, 5b8b357e-6f93-4947-883b-a4d8a2742106
2021-11-09 00:56:34,527 [Listener at 127.0.0.1/34135] INFO  ozone.MiniOzoneClusterImpl (MiniOzoneClusterImpl.java:lambda$waitForClusterToBeReady$0(235)) - Waiting for nodes to be ready. Got 6 of 7 DN Heartbeats.
2021-11-09 00:56:34,527 [Listener at 127.0.0.1/34135] INFO  ozone.MiniOzoneClusterImpl (MiniOzoneClusterImpl.java:lambda$waitForClusterToBeReady$0(238)) - Waiting for cluster to exit safe mode
2021-11-09 00:56:34,527 [Listener at 127.0.0.1/34135] INFO  ozone.MiniOzoneClusterImpl (MiniOzoneClusterImpl.java:lambda$waitForClusterToBeReady$0(240)) - SCM became leader
2021-11-09 00:56:34,577 [IPC Server handler 18 on default port 38177] INFO  net.NetworkTopologyImpl (NetworkTopologyImpl.java:add(112)) - Added a new node: /default-rack/23aab0c3-4c3e-4cdc-9821-98cdf7e102fc
2021-11-09 00:56:34,577 [IPC Server handler 18 on default port 38177] INFO  node.SCMNodeManager (SCMNodeManager.java:register(389)) - Registered Data node : 23aab0c3-4c3e-4cdc-9821-98cdf7e102fc{ip: 10.1.0.58, host: fv-az294-841.eaanfquahm5ulb5tj050gcxych.jx.internal.cloudapp.net, ports: [REPLICATION=35683, RATIS=33649, RATIS_ADMIN=33649, RATIS_SERVER=33649, STANDALONE=34371], networkLocation: /default-rack, certSerialId: null, persistedOpState: null, persistedOpStateExpiryEpochSec: 0}
2021-11-09 00:56:34,577 [EventQueue-NewNodeForNewNodeHandler] INFO  pipeline.BackgroundPipelineCreator (BackgroundPipelineCreator.java:notifyEventTriggered(285)) - trigger a one-shot run on RatisPipelineUtilsThread.
2021-11-09 00:56:34,577 [RatisPipelineUtilsThread - 0] INFO  pipeline.RatisPipelineProvider (RatisPipelineProvider.java:lambda$create$0(183)) - Sending CreatePipelineCommand for pipeline:PipelineID=dd50b01f-64a3-4837-8588-cf94859226f3 to datanode:23aab0c3-4c3e-4cdc-9821-98cdf7e102fc
2021-11-09 00:56:34,578 [RatisPipelineUtilsThread - 0] INFO  pipeline.PipelineStateManagerImpl (PipelineStateManagerImpl.java:addPipeline(101)) - Created pipeline Pipeline[ Id: dd50b01f-64a3-4837-8588-cf94859226f3, Nodes: 23aab0c3-4c3e-4cdc-9821-98cdf7e102fc{ip: 10.1.0.58, host: fv-az294-841.eaanfquahm5ulb5tj050gcxych.jx.internal.cloudapp.net, ports: [REPLICATION=35683, RATIS=33649, RATIS_ADMIN=33649, RATIS_SERVER=33649, STANDALONE=34371], networkLocation: /default-rack, certSerialId: null, persistedOpState: IN_SERVICE, persistedOpStateExpiryEpochSec: 0}, ReplicationConfig: RATIS/ONE, State:ALLOCATED, leaderId:, CreationTimestamp2021-11-09T00:56:34.577Z[Etc/UTC]].
2021-11-09 00:56:34,782 [Command processor thread] INFO  server.RaftServer (RaftServerProxy.java:addNew(95)) - 4430b70e-e2dc-4778-891b-decd59bd04d3: addNew group-B742A90591B3:[4430b70e-e2dc-4778-891b-decd59bd04d3|rpc:10.1.0.58:37555|priority:1] returns group-B742A90591B3:java.util.concurrent.CompletableFuture@3d853df[Not completed]
2021-11-09 00:56:34,783 [pool-505-thread-1] INFO  server.RaftServer$Division (RaftServerImpl.java:<init>(184)) - 4430b70e-e2dc-4778-891b-decd59bd04d3: new RaftServerImpl for group-B742A90591B3:[4430b70e-e2dc-4778-891b-decd59bd04d3|rpc:10.1.0.58:37555|priority:1] with ContainerStateMachine:uninitialized
2021-11-09 00:56:34,783 [pool-505-thread-1] INFO  server.RaftServerConfigKeys (ConfUtils.java:logGet(44)) - raft.server.rpc.timeout.min = 5s (custom)
2021-11-09 00:56:34,783 [pool-505-thread-1] INFO  server.RaftServerConfigKeys (ConfUtils.java:logGet(44)) - raft.server.rpc.timeout.max = 5200ms (custom)
2021-11-09 00:56:34,783 [pool-505-thread-1] INFO  server.RaftServerConfigKeys (ConfUtils.java:logGet(44)) - raft.server.rpc.sleep.time = 25ms (default)
2021-11-09 00:56:34,783 [pool-505-thread-1] INFO  server.RaftServerConfigKeys (ConfUtils.java:logGet(44)) - raft.server.rpc.slowness.timeout = 300000ms (custom)
2021-11-09 00:56:34,783 [pool-505-thread-1] INFO  server.RaftServerConfigKeys (ConfUtils.java:logGet(44)) - raft.server.leaderelection.leader.step-down.wait-time = 10s (default)
2021-11-09 00:56:34,783 [pool-505-thread-1] INFO  server.RaftServerConfigKeys (ConfUtils.java:logGet(44)) - raft.server.sleep.deviation.threshold = 300ms (default)
2021-11-09 00:56:34,783 [pool-505-thread-1] INFO  server.RaftServerConfigKeys (ConfUtils.java:logGet(44)) - raft.server.log.appender.install.snapshot.enabled = false (custom)
2021-11-09 00:56:34,783 [pool-505-thread-1] INFO  server.RaftServer$Division (ServerState.java:<init>(105)) - 4430b70e-e2dc-4778-891b-decd59bd04d3@group-B742A90591B3: ConfigurationManager, init=-1: [4430b70e-e2dc-4778-891b-decd59bd04d3|rpc:10.1.0.58:37555|priority:1], old=null, confs=<EMPTY_MAP>
2021-11-09 00:56:34,783 [pool-505-thread-1] INFO  server.RaftServerConfigKeys (ConfUtils.java:logGet(44)) - raft.server.storage.dir = [/home/runner/work/ozone/ozone/hadoop-ozone/integration-test/target/test-dir/MiniOzoneClusterImpl-cebd3685-2b3d-4639-9f0f-41911e64574b/datanode-0/data/ratis] (custom)
2021-11-09 00:56:34,784 [pool-505-thread-1] INFO  server.RaftServerConfigKeys (ConfUtils.java:logGet(44)) - raft.server.log.corruption.policy = EXCEPTION (default)
2021-11-09 00:56:34,784 [pool-505-thread-1] INFO  server.RaftServerConfigKeys (ConfUtils.java:logGet(44)) - raft.server.storage.free-space.min = 0MB (=0) (default)
2021-11-09 00:56:34,784 [pool-505-thread-1] INFO  storage.RaftStorageDirectory (RaftStorageDirectoryImpl.java:analyzeStorage(135)) - The storage directory /home/runner/work/ozone/ozone/hadoop-ozone/integration-test/target/test-dir/MiniOzoneClusterImpl-cebd3685-2b3d-4639-9f0f-41911e64574b/datanode-0/data/ratis/dc755f07-e104-4d8a-90cf-b742a90591b3 does not exist. Creating ...
2021-11-09 00:56:34,804 [pool-505-thread-1] INFO  storage.RaftStorageDirectory (RaftStorageDirectoryImpl.java:tryLock(230)) - Lock on /home/runner/work/ozone/ozone/hadoop-ozone/integration-test/target/test-dir/MiniOzoneClusterImpl-cebd3685-2b3d-4639-9f0f-41911e64574b/datanode-0/data/ratis/dc755f07-e104-4d8a-90cf-b742a90591b3/in_use.lock acquired by nodename 2851@fv-az294-841
2021-11-09 00:56:34,808 [pool-505-thread-1] INFO  storage.RaftStorage (RaftStorageImpl.java:format(89)) - Storage directory /home/runner/work/ozone/ozone/hadoop-ozone/integration-test/target/test-dir/MiniOzoneClusterImpl-cebd3685-2b3d-4639-9f0f-41911e64574b/datanode-0/data/ratis/dc755f07-e104-4d8a-90cf-b742a90591b3 has been successfully formatted.
2021-11-09 00:56:34,840 [pool-505-thread-1] INFO  ratis.ContainerStateMachine (ContainerStateMachine.java:loadSnapshot(224)) - group-B742A90591B3: The snapshot info is null. Setting the last applied indexto:(t:0, i:~)
2021-11-09 00:56:34,841 [EventQueue-PipelineReportForPipelineReportHandler] INFO  pipeline.PipelineManagerImpl (PipelineManagerImpl.java:openPipeline(289)) - Pipeline Pipeline[ Id: dc755f07-e104-4d8a-90cf-b742a90591b3, Nodes: 4430b70e-e2dc-4778-891b-decd59bd04d3{ip: 10.1.0.58, host: fv-az294-841.eaanfquahm5ulb5tj050gcxych.jx.internal.cloudapp.net, ports: [REPLICATION=41031, RATIS=37555, RATIS_ADMIN=37555, RATIS_SERVER=37555, STANDALONE=43879], networkLocation: /default-rack, certSerialId: null, persistedOpState: IN_SERVICE, persistedOpStateExpiryEpochSec: 0}, ReplicationConfig: RATIS/ONE, State:ALLOCATED, leaderId:4430b70e-e2dc-4778-891b-decd59bd04d3, CreationTimestamp2021-11-09T00:56:31.811Z[Etc/UTC]] moved to OPEN state
2021-11-09 00:56:34,866 [EventQueue-OpenPipelineForHealthyPipelineSafeModeRule] INFO  safemode.SCMSafeModeManager (HealthyPipelineSafeModeRule.java:process(124)) - SCM in safe mode. Healthy pipelines reported count is 0, required healthy pipeline reported count is 1
2021-11-09 00:56:34,882 [pool-505-thread-1] INFO  server.RaftServerConfigKeys (ConfUtils.java:logGet(44)) - raft.server.notification.no-leader.timeout = 300000ms (custom)
2021-11-09 00:56:34,882 [pool-505-thread-1] INFO  server.RaftServerConfigKeys (ConfUtils.java:logGet(44)) - raft.server.log.use.memory = false (default)
2021-11-09 00:56:34,882 [pool-505-thread-1] INFO  server.RaftServerConfigKeys (ConfUtils.java:logGet(44)) - raft.server.log.purge.gap = 1000000 (custom)
2021-11-09 00:56:34,882 [pool-505-thread-1] INFO  server.RaftServerConfigKeys (ConfUtils.java:logGet(44)) - raft.server.log.appender.buffer.byte-limit = 33554432 (custom)
2021-11-09 00:56:34,882 [pool-505-thread-1] INFO  server.RaftServerConfigKeys (ConfUtils.java:logGet(44)) - raft.server.log.segment.size.max = 1048576 (custom)
2021-11-09 00:56:34,883 [pool-505-thread-1] INFO  server.RaftServerConfigKeys (ConfUtils.java:logGet(44)) - raft.server.log.segment.cache.num.max = 2 (custom)
2021-11-09 00:56:34,883 [pool-505-thread-1] INFO  server.RaftServerConfigKeys (ConfUtils.java:logGet(44)) - raft.server.log.segment.cache.size.max = 200MB (=209715200) (default)
2021-11-09 00:56:34,883 [pool-505-thread-1] INFO  segmented.SegmentedRaftLogWorker (SegmentedRaftLogWorker.java:<init>(182)) - new 4430b70e-e2dc-4778-891b-decd59bd04d3@group-B742A90591B3-SegmentedRaftLogWorker for RaftStorageImpl:Storage Directory /home/runner/work/ozone/ozone/hadoop-ozone/integration-test/target/test-dir/MiniOzoneClusterImpl-cebd3685-2b3d-4639-9f0f-41911e64574b/datanode-0/data/ratis/dc755f07-e104-4d8a-90cf-b742a90591b3
2021-11-09 00:56:34,883 [pool-505-thread-1] INFO  server.RaftServerConfigKeys (ConfUtils.java:logGet(44)) - raft.server.log.queue.byte-limit = 2147483647 (custom)
2021-11-09 00:56:34,883 [pool-505-thread-1] INFO  server.RaftServerConfigKeys (ConfUtils.java:logGet(44)) - raft.server.log.queue.element-limit = 1024 (custom)
2021-11-09 00:56:34,883 [pool-505-thread-1] INFO  server.RaftServerConfigKeys (ConfUtils.java:logGet(44)) - raft.server.log.segment.size.max = 1048576 (custom)
2021-11-09 00:56:34,883 [pool-505-thread-1] INFO  server.RaftServerConfigKeys (ConfUtils.java:logGet(44)) - raft.server.log.preallocated.size = 16384 (custom)
2021-11-09 00:56:34,883 [pool-505-thread-1] INFO  server.RaftServerConfigKeys (ConfUtils.java:logGet(44)) - raft.server.log.force.sync.num = 128 (default)
2021-11-09 00:56:34,883 [pool-505-thread-1] INFO  server.RaftServerConfigKeys (ConfUtils.java:logGet(44)) - raft.server.log.statemachine.data.sync = true (default)
2021-11-09 00:56:34,883 [pool-505-thread-1] INFO  server.RaftServerConfigKeys (ConfUtils.java:logGet(44)) - raft.server.log.statemachine.data.sync.timeout = 10s (default)
2021-11-09 00:56:34,883 [pool-505-thread-1] INFO  server.RaftServerConfigKeys (ConfUtils.java:logGet(44)) - raft.server.log.statemachine.data.sync.timeout.retry = -1 (default)
2021-11-09 00:56:34,884 [pool-505-thread-1] INFO  server.RaftServerConfigKeys (ConfUtils.java:logGet(44)) - raft.server.log.write.buffer.size = 1048576 (custom)
2021-11-09 00:56:34,885 [pool-505-thread-1] INFO  server.RaftServerConfigKeys (ConfUtils.java:logGet(44)) - raft.server.log.statemachine.data.caching.enabled = true (custom)
2021-11-09 00:56:34,885 [pool-505-thread-1] INFO  segmented.SegmentedRaftLogWorker (SegmentedRaftLogWorker.java:lambda$new$0(133)) - 4430b70e-e2dc-4778-891b-decd59bd04d3@group-B742A90591B3-SegmentedRaftLogWorker: flushIndex: setUnconditionally 0 -> -1
2021-11-09 00:56:34,885 [pool-505-thread-1] INFO  segmented.SegmentedRaftLogWorker (SegmentedRaftLogWorker.java:lambda$new$0(133)) - 4430b70e-e2dc-4778-891b-decd59bd04d3@group-B742A90591B3-SegmentedRaftLogWorker: safeCacheEvictIndex: setUnconditionally 0 -> -1
2021-11-09 00:56:34,894 [pool-505-thread-1] INFO  server.RaftServerConfigKeys (ConfUtils.java:logGet(44)) - raft.server.snapshot.auto.trigger.enabled = true (custom)
2021-11-09 00:56:34,894 [pool-505-thread-1] INFO  server.RaftServerConfigKeys (ConfUtils.java:logGet(44)) - raft.server.snapshot.auto.trigger.threshold = 10000 (custom)
2021-11-09 00:56:34,894 [pool-505-thread-1] INFO  server.RaftServerConfigKeys (ConfUtils.java:logGet(44)) - raft.server.snapshot.retention.file.num = 5 (custom)
2021-11-09 00:56:34,895 [pool-505-thread-1] INFO  server.RaftServerConfigKeys (ConfUtils.java:logGet(44)) - raft.server.log.purge.upto.snapshot.index = false (default)
2021-11-09 00:56:34,895 [pool-505-thread-1] INFO  server.RaftServerConfigKeys (ConfUtils.java:logGet(44)) - raft.server.retrycache.expirytime = 600000ms (custom)
2021-11-09 00:56:34,895 [pool-505-thread-1] INFO  server.RaftServerConfigKeys (ConfUtils.java:logGet(44)) - raft.server.retrycache.statistics.expirytime = 100μs (default)
2021-11-09 00:56:34,896 [pool-505-thread-1] INFO  server.RaftServer$Division (RaftServerImpl.java:start(301)) - 4430b70e-e2dc-4778-891b-decd59bd04d3@group-B742A90591B3: start as a follower, conf=-1: [4430b70e-e2dc-4778-891b-decd59bd04d3|rpc:10.1.0.58:37555|priority:1], old=null
2021-11-09 00:56:34,898 [pool-505-thread-1] INFO  server.RaftServer$Division (RaftServerImpl.java:setRole(290)) - 4430b70e-e2dc-4778-891b-decd59bd04d3@group-B742A90591B3: changes role from      null to FOLLOWER at term 0 for startAsFollower
2021-11-09 00:56:34,898 [pool-505-thread-1] INFO  impl.RoleInfo (RoleInfo.java:updateAndGet(130)) - 4430b70e-e2dc-4778-891b-decd59bd04d3: start 4430b70e-e2dc-4778-891b-decd59bd04d3@group-B742A90591B3-FollowerState
2021-11-09 00:56:34,898 [pool-505-thread-1] INFO  util.JmxRegister (JmxRegister.java:tryRegister(44)) - Successfully registered JMX Bean with object name Ratis:service=RaftServer,group=group-B742A90591B3,id=4430b70e-e2dc-4778-891b-decd59bd04d3
2021-11-09 00:56:34,907 [Command processor thread] INFO  ratis.XceiverServerRatis (XceiverServerRatis.java:addGroup(768)) - Created group PipelineID=dc755f07-e104-4d8a-90cf-b742a90591b3
2021-11-09 00:56:34,908 [Command processor thread] INFO  commandhandler.CreatePipelineCommandHandler (CreatePipelineCommandHandler.java:handle(106)) - Created Pipeline RATIS ONE PipelineID=dc755f07-e104-4d8a-90cf-b742a90591b3.
2021-11-09 00:56:34,908 [Command processor thread] INFO  server.RaftServer (RaftServerProxy.java:addNew(95)) - 4430b70e-e2dc-4778-891b-decd59bd04d3: addNew group-43749416088D:[4430b70e-e2dc-4778-891b-decd59bd04d3|rpc:10.1.0.58:37555|priority:1, d5ae86a0-e3e8-461b-b600-8c2d036507b1|rpc:10.1.0.58:45525|priority:0, 43136673-c093-486b-8a61-55aa3fed1341|rpc:10.1.0.58:34809|priority:0] returns group-43749416088D:java.util.concurrent.CompletableFuture@7e7d77c[Not completed]
2021-11-09 00:56:34,908 [pool-505-thread-1] INFO  server.RaftServer$Division (RaftServerImpl.java:<init>(184)) - 4430b70e-e2dc-4778-891b-decd59bd04d3: new RaftServerImpl for group-43749416088D:[4430b70e-e2dc-4778-891b-decd59bd04d3|rpc:10.1.0.58:37555|priority:1, d5ae86a0-e3e8-461b-b600-8c2d036507b1|rpc:10.1.0.58:45525|priority:0, 43136673-c093-486b-8a61-55aa3fed1341|rpc:10.1.0.58:34809|priority:0] with ContainerStateMachine:uninitialized
2021-11-09 00:56:34,908 [pool-505-thread-1] INFO  server.RaftServerConfigKeys (ConfUtils.java:logGet(44)) - raft.server.rpc.timeout.min = 5s (custom)
2021-11-09 00:56:34,909 [pool-505-thread-1] INFO  server.RaftServerConfigKeys (ConfUtils.java:logGet(44)) - raft.server.rpc.timeout.max = 5200ms (custom)
2021-11-09 00:56:34,909 [pool-505-thread-1] INFO  server.RaftServerConfigKeys (ConfUtils.java:logGet(44)) - raft.server.rpc.sleep.time = 25ms (default)
2021-11-09 00:56:34,909 [pool-505-thread-1] INFO  server.RaftServerConfigKeys (ConfUtils.java:logGet(44)) - raft.server.rpc.slowness.timeout = 300000ms (custom)
2021-11-09 00:56:34,909 [pool-505-thread-1] INFO  server.RaftServerConfigKeys (ConfUtils.java:logGet(44)) - raft.server.leaderelection.leader.step-down.wait-time = 10s (default)
2021-11-09 00:56:34,909 [pool-505-thread-1] INFO  server.RaftServerConfigKeys (ConfUtils.java:logGet(44)) - raft.server.sleep.deviation.threshold = 300ms (default)
2021-11-09 00:56:34,909 [pool-505-thread-1] INFO  server.RaftServerConfigKeys (ConfUtils.java:logGet(44)) - raft.server.log.appender.install.snapshot.enabled = false (custom)
2021-11-09 00:56:34,909 [pool-505-thread-1] INFO  server.RaftServer$Division (ServerState.java:<init>(105)) - 4430b70e-e2dc-4778-891b-decd59bd04d3@group-43749416088D: ConfigurationManager, init=-1: [4430b70e-e2dc-4778-891b-decd59bd04d3|rpc:10.1.0.58:37555|priority:1, d5ae86a0-e3e8-461b-b600-8c2d036507b1|rpc:10.1.0.58:45525|priority:0, 43136673-c093-486b-8a61-55aa3fed1341|rpc:10.1.0.58:34809|priority:0], old=null, confs=<EMPTY_MAP>
2021-11-09 00:56:34,909 [pool-505-thread-1] INFO  server.RaftServerConfigKeys (ConfUtils.java:logGet(44)) - raft.server.storage.dir = [/home/runner/work/ozone/ozone/hadoop-ozone/integration-test/target/test-dir/MiniOzoneClusterImpl-cebd3685-2b3d-4639-9f0f-41911e64574b/datanode-0/data/ratis] (custom)
2021-11-09 00:56:34,909 [pool-505-thread-1] INFO  server.RaftServerConfigKeys (ConfUtils.java:logGet(44)) - raft.server.log.corruption.policy = EXCEPTION (default)
2021-11-09 00:56:34,909 [pool-505-thread-1] INFO  server.RaftServerConfigKeys (ConfUtils.java:logGet(44)) - raft.server.storage.free-space.min = 0MB (=0) (default)
2021-11-09 00:56:34,909 [pool-505-thread-1] INFO  storage.RaftStorageDirectory (RaftStorageDirectoryImpl.java:analyzeStorage(135)) - The storage directory /home/runner/work/ozone/ozone/hadoop-ozone/integration-test/target/test-dir/MiniOzoneClusterImpl-cebd3685-2b3d-4639-9f0f-41911e64574b/datanode-0/data/ratis/9bc91158-09f7-498f-98c5-43749416088d does not exist. Creating ...
2021-11-09 00:56:34,919 [pool-505-thread-1] INFO  storage.RaftStorageDirectory (RaftStorageDirectoryImpl.java:tryLock(230)) - Lock on /home/runner/work/ozone/ozone/hadoop-ozone/integration-test/target/test-dir/MiniOzoneClusterImpl-cebd3685-2b3d-4639-9f0f-41911e64574b/datanode-0/data/ratis/9bc91158-09f7-498f-98c5-43749416088d/in_use.lock acquired by nodename 2851@fv-az294-841
2021-11-09 00:56:34,922 [pool-505-thread-1] INFO  storage.RaftStorage (RaftStorageImpl.java:format(89)) - Storage directory /home/runner/work/ozone/ozone/hadoop-ozone/integration-test/target/test-dir/MiniOzoneClusterImpl-cebd3685-2b3d-4639-9f0f-41911e64574b/datanode-0/data/ratis/9bc91158-09f7-498f-98c5-43749416088d has been successfully formatted.
2021-11-09 00:56:34,923 [pool-505-thread-1] INFO  ratis.ContainerStateMachine (ContainerStateMachine.java:loadSnapshot(224)) - group-43749416088D: The snapshot info is null. Setting the last applied indexto:(t:0, i:~)
2021-11-09 00:56:34,923 [pool-505-thread-1] INFO  server.RaftServerConfigKeys (ConfUtils.java:logGet(44)) - raft.server.notification.no-leader.timeout = 300000ms (custom)
2021-11-09 00:56:34,923 [EventQueue-OpenPipelineForHealthyPipelineSafeModeRule] INFO  safemode.SCMSafeModeManager (HealthyPipelineSafeModeRule.java:process(124)) - SCM in safe mode. Healthy pipelines reported count is 0, required healthy pipeline reported count is 1
2021-11-09 00:56:34,923 [pool-505-thread-1] INFO  server.RaftServerConfigKeys (ConfUtils.java:logGet(44)) - raft.server.log.use.memory = false (default)
2021-11-09 00:56:34,924 [pool-505-thread-1] INFO  server.RaftServerConfigKeys (ConfUtils.java:logGet(44)) - raft.server.log.purge.gap = 1000000 (custom)
2021-11-09 00:56:34,924 [pool-505-thread-1] INFO  server.RaftServerConfigKeys (ConfUtils.java:logGet(44)) - raft.server.log.appender.buffer.byte-limit = 33554432 (custom)
2021-11-09 00:56:34,924 [pool-505-thread-1] INFO  server.RaftServerConfigKeys (ConfUtils.java:logGet(44)) - raft.server.log.segment.size.max = 1048576 (custom)
2021-11-09 00:56:34,924 [pool-505-thread-1] INFO  server.RaftServerConfigKeys (ConfUtils.java:logGet(44)) - raft.server.log.segment.cache.num.max = 2 (custom)
2021-11-09 00:56:34,924 [pool-505-thread-1] INFO  server.RaftServerConfigKeys (ConfUtils.java:logGet(44)) - raft.server.log.segment.cache.size.max = 200MB (=209715200) (default)
2021-11-09 00:56:34,924 [pool-505-thread-1] INFO  segmented.SegmentedRaftLogWorker (SegmentedRaftLogWorker.java:<init>(182)) - new 4430b70e-e2dc-4778-891b-decd59bd04d3@group-43749416088D-SegmentedRaftLogWorker for RaftStorageImpl:Storage Directory /home/runner/work/ozone/ozone/hadoop-ozone/integration-test/target/test-dir/MiniOzoneClusterImpl-cebd3685-2b3d-4639-9f0f-41911e64574b/datanode-0/data/ratis/9bc91158-09f7-498f-98c5-43749416088d
2021-11-09 00:56:34,925 [pool-505-thread-1] INFO  server.RaftServerConfigKeys (ConfUtils.java:logGet(44)) - raft.server.log.queue.byte-limit = 2147483647 (custom)
2021-11-09 00:56:34,925 [pool-505-thread-1] INFO  server.RaftServerConfigKeys (ConfUtils.java:logGet(44)) - raft.server.log.queue.element-limit = 1024 (custom)
2021-11-09 00:56:34,925 [pool-505-thread-1] INFO  server.RaftServerConfigKeys (ConfUtils.java:logGet(44)) - raft.server.log.segment.size.max = 1048576 (custom)
2021-11-09 00:56:34,925 [pool-505-thread-1] INFO  server.RaftServerConfigKeys (ConfUtils.java:logGet(44)) - raft.server.log.preallocated.size = 16384 (custom)
2021-11-09 00:56:34,925 [pool-505-thread-1] INFO  server.RaftServerConfigKeys (ConfUtils.java:logGet(44)) - raft.server.log.force.sync.num = 128 (default)
2021-11-09 00:56:34,925 [pool-505-thread-1] INFO  server.RaftServerConfigKeys (ConfUtils.java:logGet(44)) - raft.server.log.statemachine.data.sync = true (default)
2021-11-09 00:56:34,925 [pool-505-thread-1] INFO  server.RaftServerConfigKeys (ConfUtils.java:logGet(44)) - raft.server.log.statemachine.data.sync.timeout = 10s (default)
2021-11-09 00:56:34,925 [pool-505-thread-1] INFO  server.RaftServerConfigKeys (ConfUtils.java:logGet(44)) - raft.server.log.statemachine.data.sync.timeout.retry = -1 (default)
2021-11-09 00:56:34,926 [pool-505-thread-1] INFO  server.RaftServerConfigKeys (ConfUtils.java:logGet(44)) - raft.server.log.write.buffer.size = 1048576 (custom)
2021-11-09 00:56:34,926 [pool-505-thread-1] INFO  server.RaftServerConfigKeys (ConfUtils.java:logGet(44)) - raft.server.log.statemachine.data.caching.enabled = true (custom)
2021-11-09 00:56:34,926 [pool-505-thread-1] INFO  segmented.SegmentedRaftLogWorker (SegmentedRaftLogWorker.java:lambda$new$0(133)) - 4430b70e-e2dc-4778-891b-decd59bd04d3@group-43749416088D-SegmentedRaftLogWorker: flushIndex: setUnconditionally 0 -> -1
2021-11-09 00:56:34,926 [pool-505-thread-1] INFO  segmented.SegmentedRaftLogWorker (SegmentedRaftLogWorker.java:lambda$new$0(133)) - 4430b70e-e2dc-4778-891b-decd59bd04d3@group-43749416088D-SegmentedRaftLogWorker: safeCacheEvictIndex: setUnconditionally 0 -> -1
2021-11-09 00:56:34,931 [pool-505-thread-1] INFO  server.RaftServerConfigKeys (ConfUtils.java:logGet(44)) - raft.server.snapshot.auto.trigger.enabled = true (custom)
2021-11-09 00:56:34,931 [pool-505-thread-1] INFO  server.RaftServerConfigKeys (ConfUtils.java:logGet(44)) - raft.server.snapshot.auto.trigger.threshold = 10000 (custom)
2021-11-09 00:56:34,931 [pool-505-thread-1] INFO  server.RaftServerConfigKeys (ConfUtils.java:logGet(44)) - raft.server.snapshot.retention.file.num = 5 (custom)
2021-11-09 00:56:34,931 [pool-505-thread-1] INFO  server.RaftServerConfigKeys (ConfUtils.java:logGet(44)) - raft.server.log.purge.upto.snapshot.index = false (default)
2021-11-09 00:56:34,932 [pool-505-thread-1] INFO  server.RaftServerConfigKeys (ConfUtils.java:logGet(44)) - raft.server.retrycache.expirytime = 600000ms (custom)
2021-11-09 00:56:34,932 [pool-505-thread-1] INFO  server.RaftServerConfigKeys (ConfUtils.java:logGet(44)) - raft.server.retrycache.statistics.expirytime = 100μs (default)
2021-11-09 00:56:34,933 [pool-505-thread-1] INFO  server.RaftServer$Division (RaftServerImpl.java:start(301)) - 4430b70e-e2dc-4778-891b-decd59bd04d3@group-43749416088D: start as a follower, conf=-1: [4430b70e-e2dc-4778-891b-decd59bd04d3|rpc:10.1.0.58:37555|priority:1, d5ae86a0-e3e8-461b-b600-8c2d036507b1|rpc:10.1.0.58:45525|priority:0, 43136673-c093-486b-8a61-55aa3fed1341|rpc:10.1.0.58:34809|priority:0], old=null
2021-11-09 00:56:34,933 [pool-505-thread-1] INFO  server.RaftServer$Division (RaftServerImpl.java:setRole(290)) - 4430b70e-e2dc-4778-891b-decd59bd04d3@group-43749416088D: changes role from      null to FOLLOWER at term 0 for startAsFollower
2021-11-09 00:56:34,933 [pool-505-thread-1] INFO  impl.RoleInfo (RoleInfo.java:updateAndGet(130)) - 4430b70e-e2dc-4778-891b-decd59bd04d3: start 4430b70e-e2dc-4778-891b-decd59bd04d3@group-43749416088D-FollowerState
2021-11-09 00:56:34,933 [pool-505-thread-1] INFO  util.JmxRegister (JmxRegister.java:tryRegister(44)) - Successfully registered JMX Bean with object name Ratis:service=RaftServer,group=group-43749416088D,id=4430b70e-e2dc-4778-891b-decd59bd04d3
2021-11-09 00:56:34,934 [Command processor thread] INFO  ratis.XceiverServerRatis (XceiverServerRatis.java:addGroup(768)) - Created group PipelineID=9bc91158-09f7-498f-98c5-43749416088d
2021-11-09 00:56:35,051 [grpc-default-executor-4] INFO  server.RaftServer (RaftServerProxy.java:addNew(95)) - 43136673-c093-486b-8a61-55aa3fed1341: addNew group-43749416088D:[4430b70e-e2dc-4778-891b-decd59bd04d3|rpc:10.1.0.58:37555|dataStream:|priority:1, d5ae86a0-e3e8-461b-b600-8c2d036507b1|rpc:10.1.0.58:45525|dataStream:|priority:0, 43136673-c093-486b-8a61-55aa3fed1341|rpc:10.1.0.58:34809|dataStream:|priority:0] returns group-43749416088D:java.util.concurrent.CompletableFuture@14208465[Not completed]
2021-11-09 00:56:35,053 [pool-543-thread-1] INFO  server.RaftServer$Division (RaftServerImpl.java:<init>(184)) - 43136673-c093-486b-8a61-55aa3fed1341: new RaftServerImpl for group-43749416088D:[4430b70e-e2dc-4778-891b-decd59bd04d3|rpc:10.1.0.58:37555|dataStream:|priority:1, d5ae86a0-e3e8-461b-b600-8c2d036507b1|rpc:10.1.0.58:45525|dataStream:|priority:0, 43136673-c093-486b-8a61-55aa3fed1341|rpc:10.1.0.58:34809|dataStream:|priority:0] with ContainerStateMachine:uninitialized
2021-11-09 00:56:35,053 [pool-543-thread-1] INFO  server.RaftServerConfigKeys (ConfUtils.java:logGet(44)) - raft.server.rpc.timeout.min = 5s (custom)
2021-11-09 00:56:35,053 [pool-543-thread-1] INFO  server.RaftServerConfigKeys (ConfUtils.java:logGet(44)) - raft.server.rpc.timeout.max = 5200ms (custom)
2021-11-09 00:56:35,053 [pool-543-thread-1] INFO  server.RaftServerConfigKeys (ConfUtils.java:logGet(44)) - raft.server.rpc.sleep.time = 25ms (default)
2021-11-09 00:56:35,054 [pool-543-thread-1] INFO  server.RaftServerConfigKeys (ConfUtils.java:logGet(44)) - raft.server.rpc.slowness.timeout = 300000ms (custom)
2021-11-09 00:56:35,054 [pool-543-thread-1] INFO  server.RaftServerConfigKeys (ConfUtils.java:logGet(44)) - raft.server.leaderelection.leader.step-down.wait-time = 10s (default)
2021-11-09 00:56:35,054 [pool-543-thread-1] INFO  server.RaftServerConfigKeys (ConfUtils.java:logGet(44)) - raft.server.sleep.deviation.threshold = 300ms (default)
2021-11-09 00:56:35,054 [pool-543-thread-1] INFO  server.RaftServerConfigKeys (ConfUtils.java:logGet(44)) - raft.server.log.appender.install.snapshot.enabled = false (custom)
2021-11-09 00:56:35,054 [pool-543-thread-1] INFO  server.RaftServer$Division (ServerState.java:<init>(105)) - 43136673-c093-486b-8a61-55aa3fed1341@group-43749416088D: ConfigurationManager, init=-1: [4430b70e-e2dc-4778-891b-decd59bd04d3|rpc:10.1.0.58:37555|dataStream:|priority:1, d5ae86a0-e3e8-461b-b600-8c2d036507b1|rpc:10.1.0.58:45525|dataStream:|priority:0, 43136673-c093-486b-8a61-55aa3fed1341|rpc:10.1.0.58:34809|dataStream:|priority:0], old=null, confs=<EMPTY_MAP>
2021-11-09 00:56:35,054 [pool-543-thread-1] INFO  server.RaftServerConfigKeys (ConfUtils.java:logGet(44)) - raft.server.storage.dir = [/home/runner/work/ozone/ozone/hadoop-ozone/integration-test/target/test-dir/MiniOzoneClusterImpl-cebd3685-2b3d-4639-9f0f-41911e64574b/datanode-2/data/ratis] (custom)
2021-11-09 00:56:35,054 [pool-543-thread-1] INFO  server.RaftServerConfigKeys (ConfUtils.java:logGet(44)) - raft.server.log.corruption.policy = EXCEPTION (default)
2021-11-09 00:56:35,054 [pool-543-thread-1] INFO  server.RaftServerConfigKeys (ConfUtils.java:logGet(44)) - raft.server.storage.free-space.min = 0MB (=0) (default)
2021-11-09 00:56:35,054 [pool-543-thread-1] INFO  storage.RaftStorageDirectory (RaftStorageDirectoryImpl.java:analyzeStorage(135)) - The storage directory /home/runner/work/ozone/ozone/hadoop-ozone/integration-test/target/test-dir/MiniOzoneClusterImpl-cebd3685-2b3d-4639-9f0f-41911e64574b/datanode-2/data/ratis/9bc91158-09f7-498f-98c5-43749416088d does not exist. Creating ...
2021-11-09 00:56:35,064 [pool-543-thread-1] INFO  storage.RaftStorageDirectory (RaftStorageDirectoryImpl.java:tryLock(230)) - Lock on /home/runner/work/ozone/ozone/hadoop-ozone/integration-test/target/test-dir/MiniOzoneClusterImpl-cebd3685-2b3d-4639-9f0f-41911e64574b/datanode-2/data/ratis/9bc91158-09f7-498f-98c5-43749416088d/in_use.lock acquired by nodename 2851@fv-az294-841
2021-11-09 00:56:35,075 [pool-543-thread-1] INFO  storage.RaftStorage (RaftStorageImpl.java:format(89)) - Storage directory /home/runner/work/ozone/ozone/hadoop-ozone/integration-test/target/test-dir/MiniOzoneClusterImpl-cebd3685-2b3d-4639-9f0f-41911e64574b/datanode-2/data/ratis/9bc91158-09f7-498f-98c5-43749416088d has been successfully formatted.
2021-11-09 00:56:35,079 [pool-543-thread-1] INFO  ratis.ContainerStateMachine (ContainerStateMachine.java:loadSnapshot(224)) - group-43749416088D: The snapshot info is null. Setting the last applied indexto:(t:0, i:~)
2021-11-09 00:56:35,080 [pool-543-thread-1] INFO  server.RaftServerConfigKeys (ConfUtils.java:logGet(44)) - raft.server.notification.no-leader.timeout = 300000ms (custom)
2021-11-09 00:56:35,084 [pool-543-thread-1] INFO  server.RaftServerConfigKeys (ConfUtils.java:logGet(44)) - raft.server.log.use.memory = false (default)
2021-11-09 00:56:35,084 [pool-543-thread-1] INFO  server.RaftServerConfigKeys (ConfUtils.java:logGet(44)) - raft.server.log.purge.gap = 1000000 (custom)
2021-11-09 00:56:35,085 [pool-543-thread-1] INFO  server.RaftServerConfigKeys (ConfUtils.java:logGet(44)) - raft.server.log.appender.buffer.byte-limit = 33554432 (custom)
2021-11-09 00:56:35,085 [pool-543-thread-1] INFO  server.RaftServerConfigKeys (ConfUtils.java:logGet(44)) - raft.server.log.segment.size.max = 1048576 (custom)
2021-11-09 00:56:35,087 [pool-543-thread-1] INFO  server.RaftServerConfigKeys (ConfUtils.java:logGet(44)) - raft.server.log.segment.cache.num.max = 2 (custom)
2021-11-09 00:56:35,095 [pool-543-thread-1] INFO  server.RaftServerConfigKeys (ConfUtils.java:logGet(44)) - raft.server.log.segment.cache.size.max = 200MB (=209715200) (default)
2021-11-09 00:56:35,095 [pool-543-thread-1] INFO  segmented.SegmentedRaftLogWorker (SegmentedRaftLogWorker.java:<init>(182)) - new 43136673-c093-486b-8a61-55aa3fed1341@group-43749416088D-SegmentedRaftLogWorker for RaftStorageImpl:Storage Directory /home/runner/work/ozone/ozone/hadoop-ozone/integration-test/target/test-dir/MiniOzoneClusterImpl-cebd3685-2b3d-4639-9f0f-41911e64574b/datanode-2/data/ratis/9bc91158-09f7-498f-98c5-43749416088d
2021-11-09 00:56:35,095 [pool-543-thread-1] INFO  server.RaftServerConfigKeys (ConfUtils.java:logGet(44)) - raft.server.log.queue.byte-limit = 2147483647 (custom)
2021-11-09 00:56:35,095 [pool-543-thread-1] INFO  server.RaftServerConfigKeys (ConfUtils.java:logGet(44)) - raft.server.log.queue.element-limit = 1024 (custom)
2021-11-09 00:56:35,095 [pool-543-thread-1] INFO  server.RaftServerConfigKeys (ConfUtils.java:logGet(44)) - raft.server.log.segment.size.max = 1048576 (custom)
2021-11-09 00:56:35,095 [pool-543-thread-1] INFO  server.RaftServerConfigKeys (ConfUtils.java:logGet(44)) - raft.server.log.preallocated.size = 16384 (custom)
2021-11-09 00:56:35,095 [pool-543-thread-1] INFO  server.RaftServerConfigKeys (ConfUtils.java:logGet(44)) - raft.server.log.force.sync.num = 128 (default)
2021-11-09 00:56:35,095 [pool-543-thread-1] INFO  server.RaftServerConfigKeys (ConfUtils.java:logGet(44)) - raft.server.log.statemachine.data.sync = true (default)
2021-11-09 00:56:35,095 [pool-543-thread-1] INFO  server.RaftServerConfigKeys (ConfUtils.java:logGet(44)) - raft.server.log.statemachine.data.sync.timeout = 10s (default)
2021-11-09 00:56:35,095 [pool-543-thread-1] INFO  server.RaftServerConfigKeys (ConfUtils.java:logGet(44)) - raft.server.log.statemachine.data.sync.timeout.retry = -1 (default)
2021-11-09 00:56:35,096 [pool-543-thread-1] INFO  server.RaftServerConfigKeys (ConfUtils.java:logGet(44)) - raft.server.log.write.buffer.size = 1048576 (custom)
2021-11-09 00:56:35,097 [pool-543-thread-1] INFO  server.RaftServerConfigKeys (ConfUtils.java:logGet(44)) - raft.server.log.statemachine.data.caching.enabled = true (custom)
2021-11-09 00:56:35,097 [pool-543-thread-1] INFO  segmented.SegmentedRaftLogWorker (SegmentedRaftLogWorker.java:lambda$new$0(133)) - 43136673-c093-486b-8a61-55aa3fed1341@group-43749416088D-SegmentedRaftLogWorker: flushIndex: setUnconditionally 0 -> -1
2021-11-09 00:56:35,097 [pool-543-thread-1] INFO  segmented.SegmentedRaftLogWorker (SegmentedRaftLogWorker.java:lambda$new$0(133)) - 43136673-c093-486b-8a61-55aa3fed1341@group-43749416088D-SegmentedRaftLogWorker: safeCacheEvictIndex: setUnconditionally 0 -> -1
2021-11-09 00:56:35,103 [pool-543-thread-1] INFO  server.RaftServerConfigKeys (ConfUtils.java:logGet(44)) - raft.server.snapshot.auto.trigger.enabled = true (custom)
2021-11-09 00:56:35,103 [pool-543-thread-1] INFO  server.RaftServerConfigKeys (ConfUtils.java:logGet(44)) - raft.server.snapshot.auto.trigger.threshold = 10000 (custom)
2021-11-09 00:56:35,103 [pool-543-thread-1] INFO  server.RaftServerConfigKeys (ConfUtils.java:logGet(44)) - raft.server.snapshot.retention.file.num = 5 (custom)
2021-11-09 00:56:35,103 [pool-543-thread-1] INFO  server.RaftServerConfigKeys (ConfUtils.java:logGet(44)) - raft.server.log.purge.upto.snapshot.index = false (default)
2021-11-09 00:56:35,103 [pool-543-thread-1] INFO  server.RaftServerConfigKeys (ConfUtils.java:logGet(44)) - raft.server.retrycache.expirytime = 600000ms (custom)
2021-11-09 00:56:35,104 [pool-543-thread-1] INFO  server.RaftServerConfigKeys (ConfUtils.java:logGet(44)) - raft.server.retrycache.statistics.expirytime = 100μs (default)
2021-11-09 00:56:35,105 [pool-543-thread-1] INFO  server.RaftServer$Division (RaftServerImpl.java:start(301)) - 43136673-c093-486b-8a61-55aa3fed1341@group-43749416088D: start as a follower, conf=-1: [4430b70e-e2dc-4778-891b-decd59bd04d3|rpc:10.1.0.58:37555|dataStream:|priority:1, d5ae86a0-e3e8-461b-b600-8c2d036507b1|rpc:10.1.0.58:45525|dataStream:|priority:0, 43136673-c093-486b-8a61-55aa3fed1341|rpc:10.1.0.58:34809|dataStream:|priority:0], old=null
2021-11-09 00:56:35,105 [pool-543-thread-1] INFO  server.RaftServer$Division (RaftServerImpl.java:setRole(290)) - 43136673-c093-486b-8a61-55aa3fed1341@group-43749416088D: changes role from      null to FOLLOWER at term 0 for startAsFollower
2021-11-09 00:56:35,105 [pool-543-thread-1] INFO  impl.RoleInfo (RoleInfo.java:updateAndGet(130)) - 43136673-c093-486b-8a61-55aa3fed1341: start 43136673-c093-486b-8a61-55aa3fed1341@group-43749416088D-FollowerState
2021-11-09 00:56:35,111 [pool-543-thread-1] INFO  util.JmxRegister (JmxRegister.java:tryRegister(44)) - Successfully registered JMX Bean with object name Ratis:service=RaftServer,group=group-43749416088D,id=43136673-c093-486b-8a61-55aa3fed1341
2021-11-09 00:56:35,186 [grpc-default-executor-4] INFO  server.RaftServer (RaftServerProxy.java:addNew(95)) - d5ae86a0-e3e8-461b-b600-8c2d036507b1: addNew group-43749416088D:[4430b70e-e2dc-4778-891b-decd59bd04d3|rpc:10.1.0.58:37555|dataStream:|priority:1, d5ae86a0-e3e8-461b-b600-8c2d036507b1|rpc:10.1.0.58:45525|dataStream:|priority:0, 43136673-c093-486b-8a61-55aa3fed1341|rpc:10.1.0.58:34809|dataStream:|priority:0] returns group-43749416088D:java.util.concurrent.CompletableFuture@7b91cf59[Not completed]
2021-11-09 00:56:35,224 [pool-524-thread-1] INFO  server.RaftServer$Division (RaftServerImpl.java:<init>(184)) - d5ae86a0-e3e8-461b-b600-8c2d036507b1: new RaftServerImpl for group-43749416088D:[4430b70e-e2dc-4778-891b-decd59bd04d3|rpc:10.1.0.58:37555|dataStream:|priority:1, d5ae86a0-e3e8-461b-b600-8c2d036507b1|rpc:10.1.0.58:45525|dataStream:|priority:0, 43136673-c093-486b-8a61-55aa3fed1341|rpc:10.1.0.58:34809|dataStream:|priority:0] with ContainerStateMachine:uninitialized
2021-11-09 00:56:35,225 [pool-524-thread-1] INFO  server.RaftServerConfigKeys (ConfUtils.java:logGet(44)) - raft.server.rpc.timeout.min = 5s (custom)
2021-11-09 00:56:35,225 [pool-524-thread-1] INFO  server.RaftServerConfigKeys (ConfUtils.java:logGet(44)) - raft.server.rpc.timeout.max = 5200ms (custom)
2021-11-09 00:56:35,225 [pool-524-thread-1] INFO  server.RaftServerConfigKeys (ConfUtils.java:logGet(44)) - raft.server.rpc.sleep.time = 25ms (default)
2021-11-09 00:56:35,225 [pool-524-thread-1] INFO  server.RaftServerConfigKeys (ConfUtils.java:logGet(44)) - raft.server.rpc.slowness.timeout = 300000ms (custom)
2021-11-09 00:56:35,225 [pool-524-thread-1] INFO  server.RaftServerConfigKeys (ConfUtils.java:logGet(44)) - raft.server.leaderelection.leader.step-down.wait-time = 10s (default)
2021-11-09 00:56:35,225 [pool-524-thread-1] INFO  server.RaftServerConfigKeys (ConfUtils.java:logGet(44)) - raft.server.sleep.deviation.threshold = 300ms (default)
2021-11-09 00:56:35,225 [pool-524-thread-1] INFO  server.RaftServerConfigKeys (ConfUtils.java:logGet(44)) - raft.server.log.appender.install.snapshot.enabled = false (custom)
2021-11-09 00:56:35,225 [pool-524-thread-1] INFO  server.RaftServer$Division (ServerState.java:<init>(105)) - d5ae86a0-e3e8-461b-b600-8c2d036507b1@group-43749416088D: ConfigurationManager, init=-1: [4430b70e-e2dc-4778-891b-decd59bd04d3|rpc:10.1.0.58:37555|dataStream:|priority:1, d5ae86a0-e3e8-461b-b600-8c2d036507b1|rpc:10.1.0.58:45525|dataStream:|priority:0, 43136673-c093-486b-8a61-55aa3fed1341|rpc:10.1.0.58:34809|dataStream:|priority:0], old=null, confs=<EMPTY_MAP>
2021-11-09 00:56:35,225 [pool-524-thread-1] INFO  server.RaftServerConfigKeys (ConfUtils.java:logGet(44)) - raft.server.storage.dir = [/home/runner/work/ozone/ozone/hadoop-ozone/integration-test/target/test-dir/MiniOzoneClusterImpl-cebd3685-2b3d-4639-9f0f-41911e64574b/datanode-1/data/ratis] (custom)
2021-11-09 00:56:35,225 [pool-524-thread-1] INFO  server.RaftServerConfigKeys (ConfUtils.java:logGet(44)) - raft.server.log.corruption.policy = EXCEPTION (default)
2021-11-09 00:56:35,226 [pool-524-thread-1] INFO  server.RaftServerConfigKeys (ConfUtils.java:logGet(44)) - raft.server.storage.free-space.min = 0MB (=0) (default)
2021-11-09 00:56:35,226 [pool-524-thread-1] INFO  storage.RaftStorageDirectory (RaftStorageDirectoryImpl.java:analyzeStorage(135)) - The storage directory /home/runner/work/ozone/ozone/hadoop-ozone/integration-test/target/test-dir/MiniOzoneClusterImpl-cebd3685-2b3d-4639-9f0f-41911e64574b/datanode-1/data/ratis/9bc91158-09f7-498f-98c5-43749416088d does not exist. Creating ...
2021-11-09 00:56:35,227 [pool-524-thread-1] INFO  storage.RaftStorageDirectory (RaftStorageDirectoryImpl.java:tryLock(230)) - Lock on /home/runner/work/ozone/ozone/hadoop-ozone/integration-test/target/test-dir/MiniOzoneClusterImpl-cebd3685-2b3d-4639-9f0f-41911e64574b/datanode-1/data/ratis/9bc91158-09f7-498f-98c5-43749416088d/in_use.lock acquired by nodename 2851@fv-az294-841
2021-11-09 00:56:35,228 [pool-524-thread-1] INFO  storage.RaftStorage (RaftStorageImpl.java:format(89)) - Storage directory /home/runner/work/ozone/ozone/hadoop-ozone/integration-test/target/test-dir/MiniOzoneClusterImpl-cebd3685-2b3d-4639-9f0f-41911e64574b/datanode-1/data/ratis/9bc91158-09f7-498f-98c5-43749416088d has been successfully formatted.
2021-11-09 00:56:35,245 [pool-524-thread-1] INFO  ratis.ContainerStateMachine (ContainerStateMachine.java:loadSnapshot(224)) - group-43749416088D: The snapshot info is null. Setting the last applied indexto:(t:0, i:~)
2021-11-09 00:56:35,251 [pool-524-thread-1] INFO  server.RaftServerConfigKeys (ConfUtils.java:logGet(44)) - raft.server.notification.no-leader.timeout = 300000ms (custom)
2021-11-09 00:56:35,251 [pool-524-thread-1] INFO  server.RaftServerConfigKeys (ConfUtils.java:logGet(44)) - raft.server.log.use.memory = false (default)
2021-11-09 00:56:35,250 [Command processor thread] INFO  server.RaftServer (RaftServerProxy.java:addNew(95)) - d5ae86a0-e3e8-461b-b600-8c2d036507b1: addNew group-E209CD9E23E2:[d5ae86a0-e3e8-461b-b600-8c2d036507b1|rpc:10.1.0.58:45525|priority:1] returns group-E209CD9E23E2:java.util.concurrent.CompletableFuture@1f0da289[Not completed]
2021-11-09 00:56:35,251 [pool-524-thread-1] INFO  server.RaftServerConfigKeys (ConfUtils.java:logGet(44)) - raft.server.log.purge.gap = 1000000 (custom)
2021-11-09 00:56:35,251 [pool-524-thread-1] INFO  server.RaftServerConfigKeys (ConfUtils.java:logGet(44)) - raft.server.log.appender.buffer.byte-limit = 33554432 (custom)
2021-11-09 00:56:35,252 [pool-524-thread-1] INFO  server.RaftServerConfigKeys (ConfUtils.java:logGet(44)) - raft.server.log.segment.size.max = 1048576 (custom)
2021-11-09 00:56:35,252 [pool-524-thread-1] INFO  server.RaftServerConfigKeys (ConfUtils.java:logGet(44)) - raft.server.log.segment.cache.num.max = 2 (custom)
2021-11-09 00:56:35,252 [pool-524-thread-1] INFO  server.RaftServerConfigKeys (ConfUtils.java:logGet(44)) - raft.server.log.segment.cache.size.max = 200MB (=209715200) (default)
2021-11-09 00:56:35,252 [pool-524-thread-1] INFO  segmented.SegmentedRaftLogWorker (SegmentedRaftLogWorker.java:<init>(182)) - new d5ae86a0-e3e8-461b-b600-8c2d036507b1@group-43749416088D-SegmentedRaftLogWorker for RaftStorageImpl:Storage Directory /home/runner/work/ozone/ozone/hadoop-ozone/integration-test/target/test-dir/MiniOzoneClusterImpl-cebd3685-2b3d-4639-9f0f-41911e64574b/datanode-1/data/ratis/9bc91158-09f7-498f-98c5-43749416088d
2021-11-09 00:56:35,252 [pool-524-thread-1] INFO  server.RaftServerConfigKeys (ConfUtils.java:logGet(44)) - raft.server.log.queue.byte-limit = 2147483647 (custom)
2021-11-09 00:56:35,252 [pool-524-thread-1] INFO  server.RaftServerConfigKeys (ConfUtils.java:logGet(44)) - raft.server.log.queue.element-limit = 1024 (custom)
2021-11-09 00:56:35,252 [pool-524-thread-1] INFO  server.RaftServerConfigKeys (ConfUtils.java:logGet(44)) - raft.server.log.segment.size.max = 1048576 (custom)
2021-11-09 00:56:35,252 [pool-524-thread-1] INFO  server.RaftServerConfigKeys (ConfUtils.java:logGet(44)) - raft.server.log.preallocated.size = 16384 (custom)
2021-11-09 00:56:35,252 [pool-524-thread-1] INFO  server.RaftServerConfigKeys (ConfUtils.java:logGet(44)) - raft.server.log.force.sync.num = 128 (default)
2021-11-09 00:56:35,252 [pool-524-thread-1] INFO  server.RaftServerConfigKeys (ConfUtils.java:logGet(44)) - raft.server.log.statemachine.data.sync = true (default)
2021-11-09 00:56:35,253 [pool-524-thread-1] INFO  server.RaftServerConfigKeys (ConfUtils.java:logGet(44)) - raft.server.log.statemachine.data.sync.timeout = 10s (default)
2021-11-09 00:56:35,253 [pool-524-thread-1] INFO  server.RaftServerConfigKeys (ConfUtils.java:logGet(44)) - raft.server.log.statemachine.data.sync.timeout.retry = -1 (default)
2021-11-09 00:56:35,254 [pool-524-thread-1] INFO  server.RaftServerConfigKeys (ConfUtils.java:logGet(44)) - raft.server.log.write.buffer.size = 1048576 (custom)
2021-11-09 00:56:35,254 [pool-524-thread-1] INFO  server.RaftServerConfigKeys (ConfUtils.java:logGet(44)) - raft.server.log.statemachine.data.caching.enabled = true (custom)
2021-11-09 00:56:35,254 [pool-524-thread-1] INFO  segmented.SegmentedRaftLogWorker (SegmentedRaftLogWorker.java:lambda$new$0(133)) - d5ae86a0-e3e8-461b-b600-8c2d036507b1@group-43749416088D-SegmentedRaftLogWorker: flushIndex: setUnconditionally 0 -> -1
2021-11-09 00:56:35,254 [pool-524-thread-1] INFO  segmented.SegmentedRaftLogWorker (SegmentedRaftLogWorker.java:lambda$new$0(133)) - d5ae86a0-e3e8-461b-b600-8c2d036507b1@group-43749416088D-SegmentedRaftLogWorker: safeCacheEvictIndex: setUnconditionally 0 -> -1
2021-11-09 00:56:35,254 [pool-524-thread-1] INFO  server.RaftServerConfigKeys (ConfUtils.java:logGet(44)) - raft.server.snapshot.auto.trigger.enabled = true (custom)
2021-11-09 00:56:35,254 [pool-524-thread-1] INFO  server.RaftServerConfigKeys (ConfUtils.java:logGet(44)) - raft.server.snapshot.auto.trigger.threshold = 10000 (custom)
2021-11-09 00:56:35,254 [pool-524-thread-1] INFO  server.RaftServerConfigKeys (ConfUtils.java:logGet(44)) - raft.server.snapshot.retention.file.num = 5 (custom)
2021-11-09 00:56:35,254 [pool-524-thread-1] INFO  server.RaftServerConfigKeys (ConfUtils.java:logGet(44)) - raft.server.log.purge.upto.snapshot.index = false (default)
2021-11-09 00:56:35,254 [pool-524-thread-1] INFO  server.RaftServerConfigKeys (ConfUtils.java:logGet(44)) - raft.server.retrycache.expirytime = 600000ms (custom)
2021-11-09 00:56:35,255 [pool-524-thread-1] INFO  server.RaftServerConfigKeys (ConfUtils.java:logGet(44)) - raft.server.retrycache.statistics.expirytime = 100μs (default)
2021-11-09 00:56:35,256 [pool-524-thread-1] INFO  server.RaftServer$Division (RaftServerImpl.java:<init>(184)) - d5ae86a0-e3e8-461b-b600-8c2d036507b1: new RaftServerImpl for group-E209CD9E23E2:[d5ae86a0-e3e8-461b-b600-8c2d036507b1|rpc:10.1.0.58:45525|priority:1] with ContainerStateMachine:uninitialized
2021-11-09 00:56:35,256 [pool-524-thread-1] INFO  server.RaftServerConfigKeys (ConfUtils.java:logGet(44)) - raft.server.rpc.timeout.min = 5s (custom)
2021-11-09 00:56:35,256 [pool-524-thread-1] INFO  server.RaftServerConfigKeys (ConfUtils.java:logGet(44)) - raft.server.rpc.timeout.max = 5200ms (custom)
2021-11-09 00:56:35,267 [pool-524-thread-1] INFO  server.RaftServerConfigKeys (ConfUtils.java:logGet(44)) - raft.server.rpc.sleep.time = 25ms (default)
2021-11-09 00:56:35,267 [pool-524-thread-1] INFO  server.RaftServerConfigKeys (ConfUtils.java:logGet(44)) - raft.server.rpc.slowness.timeout = 300000ms (custom)
2021-11-09 00:56:35,268 [pool-524-thread-1] INFO  server.RaftServerConfigKeys (ConfUtils.java:logGet(44)) - raft.server.leaderelection.leader.step-down.wait-time = 10s (default)
2021-11-09 00:56:35,268 [pool-524-thread-1] INFO  server.RaftServerConfigKeys (ConfUtils.java:logGet(44)) - raft.server.sleep.deviation.threshold = 300ms (default)
2021-11-09 00:56:35,268 [pool-524-thread-1] INFO  server.RaftServerConfigKeys (ConfUtils.java:logGet(44)) - raft.server.log.appender.install.snapshot.enabled = false (custom)
2021-11-09 00:56:35,268 [pool-524-thread-1] INFO  server.RaftServer$Division (ServerState.java:<init>(105)) - d5ae86a0-e3e8-461b-b600-8c2d036507b1@group-E209CD9E23E2: ConfigurationManager, init=-1: [d5ae86a0-e3e8-461b-b600-8c2d036507b1|rpc:10.1.0.58:45525|priority:1], old=null, confs=<EMPTY_MAP>
2021-11-09 00:56:35,268 [pool-524-thread-1] INFO  server.RaftServerConfigKeys (ConfUtils.java:logGet(44)) - raft.server.storage.dir = [/home/runner/work/ozone/ozone/hadoop-ozone/integration-test/target/test-dir/MiniOzoneClusterImpl-cebd3685-2b3d-4639-9f0f-41911e64574b/datanode-1/data/ratis] (custom)
2021-11-09 00:56:35,268 [pool-524-thread-1] INFO  server.RaftServerConfigKeys (ConfUtils.java:logGet(44)) - raft.server.log.corruption.policy = EXCEPTION (default)
2021-11-09 00:56:35,270 [pool-524-thread-1] INFO  server.RaftServerConfigKeys (ConfUtils.java:logGet(44)) - raft.server.storage.free-space.min = 0MB (=0) (default)
2021-11-09 00:56:35,270 [pool-524-thread-1] INFO  storage.RaftStorageDirectory (RaftStorageDirectoryImpl.java:analyzeStorage(135)) - The storage directory /home/runner/work/ozone/ozone/hadoop-ozone/integration-test/target/test-dir/MiniOzoneClusterImpl-cebd3685-2b3d-4639-9f0f-41911e64574b/datanode-1/data/ratis/478d744c-76c7-4d18-9a74-e209cd9e23e2 does not exist. Creating ...
2021-11-09 00:56:35,272 [pool-524-thread-1] INFO  storage.RaftStorageDirectory (RaftStorageDirectoryImpl.java:tryLock(230)) - Lock on /home/runner/work/ozone/ozone/hadoop-ozone/integration-test/target/test-dir/MiniOzoneClusterImpl-cebd3685-2b3d-4639-9f0f-41911e64574b/datanode-1/data/ratis/478d744c-76c7-4d18-9a74-e209cd9e23e2/in_use.lock acquired by nodename 2851@fv-az294-841
2021-11-09 00:56:35,276 [pool-524-thread-1] INFO  storage.RaftStorage (RaftStorageImpl.java:format(89)) - Storage directory /home/runner/work/ozone/ozone/hadoop-ozone/integration-test/target/test-dir/MiniOzoneClusterImpl-cebd3685-2b3d-4639-9f0f-41911e64574b/datanode-1/data/ratis/478d744c-76c7-4d18-9a74-e209cd9e23e2 has been successfully formatted.
2021-11-09 00:56:35,277 [EventQueue-PipelineReportForPipelineReportHandler] INFO  pipeline.PipelineManagerImpl (PipelineManagerImpl.java:openPipeline(289)) - Pipeline Pipeline[ Id: 478d744c-76c7-4d18-9a74-e209cd9e23e2, Nodes: d5ae86a0-e3e8-461b-b600-8c2d036507b1{ip: 10.1.0.58, host: fv-az294-841.eaanfquahm5ulb5tj050gcxych.jx.internal.cloudapp.net, ports: [REPLICATION=37421, RATIS=45525, RATIS_ADMIN=45525, RATIS_SERVER=45525, STANDALONE=35155], networkLocation: /default-rack, certSerialId: null, persistedOpState: IN_SERVICE, persistedOpStateExpiryEpochSec: 0}, ReplicationConfig: RATIS/ONE, State:ALLOCATED, leaderId:d5ae86a0-e3e8-461b-b600-8c2d036507b1, CreationTimestamp2021-11-09T00:56:32.252Z[Etc/UTC]] moved to OPEN state
2021-11-09 00:56:35,278 [EventQueue-OpenPipelineForHealthyPipelineSafeModeRule] INFO  safemode.SCMSafeModeManager (HealthyPipelineSafeModeRule.java:process(124)) - SCM in safe mode. Healthy pipelines reported count is 0, required healthy pipeline reported count is 1
2021-11-09 00:56:35,278 [pool-524-thread-1] INFO  ratis.ContainerStateMachine (ContainerStateMachine.java:loadSnapshot(224)) - group-E209CD9E23E2: The snapshot info is null. Setting the last applied indexto:(t:0, i:~)
2021-11-09 00:56:35,278 [pool-524-thread-1] INFO  server.RaftServerConfigKeys (ConfUtils.java:logGet(44)) - raft.server.notification.no-leader.timeout = 300000ms (custom)
2021-11-09 00:56:35,278 [pool-524-thread-1] INFO  server.RaftServerConfigKeys (ConfUtils.java:logGet(44)) - raft.server.log.use.memory = false (default)
2021-11-09 00:56:35,278 [pool-524-thread-1] INFO  server.RaftServerConfigKeys (ConfUtils.java:logGet(44)) - raft.server.log.purge.gap = 1000000 (custom)
2021-11-09 00:56:35,278 [pool-524-thread-1] INFO  server.RaftServerConfigKeys (ConfUtils.java:logGet(44)) - raft.server.log.appender.buffer.byte-limit = 33554432 (custom)
2021-11-09 00:56:35,278 [pool-524-thread-1] INFO  server.RaftServerConfigKeys (ConfUtils.java:logGet(44)) - raft.server.log.segment.size.max = 1048576 (custom)
2021-11-09 00:56:35,279 [pool-524-thread-1] INFO  server.RaftServerConfigKeys (ConfUtils.java:logGet(44)) - raft.server.log.segment.cache.num.max = 2 (custom)
2021-11-09 00:56:35,279 [pool-524-thread-1] INFO  server.RaftServerConfigKeys (ConfUtils.java:logGet(44)) - raft.server.log.segment.cache.size.max = 200MB (=209715200) (default)
2021-11-09 00:56:35,279 [pool-524-thread-1] INFO  segmented.SegmentedRaftLogWorker (SegmentedRaftLogWorker.java:<init>(182)) - new d5ae86a0-e3e8-461b-b600-8c2d036507b1@group-E209CD9E23E2-SegmentedRaftLogWorker for RaftStorageImpl:Storage Directory /home/runner/work/ozone/ozone/hadoop-ozone/integration-test/target/test-dir/MiniOzoneClusterImpl-cebd3685-2b3d-4639-9f0f-41911e64574b/datanode-1/data/ratis/478d744c-76c7-4d18-9a74-e209cd9e23e2
2021-11-09 00:56:35,279 [pool-524-thread-1] INFO  server.RaftServerConfigKeys (ConfUtils.java:logGet(44)) - raft.server.log.queue.byte-limit = 2147483647 (custom)
2021-11-09 00:56:35,279 [pool-524-thread-1] INFO  server.RaftServerConfigKeys (ConfUtils.java:logGet(44)) - raft.server.log.queue.element-limit = 1024 (custom)
2021-11-09 00:56:35,279 [pool-524-thread-1] INFO  server.RaftServerConfigKeys (ConfUtils.java:logGet(44)) - raft.server.log.segment.size.max = 1048576 (custom)
2021-11-09 00:56:35,279 [pool-524-thread-1] INFO  server.RaftServerConfigKeys (ConfUtils.java:logGet(44)) - raft.server.log.preallocated.size = 16384 (custom)
2021-11-09 00:56:35,279 [pool-524-thread-1] INFO  server.RaftServerConfigKeys (ConfUtils.java:logGet(44)) - raft.server.log.force.sync.num = 128 (default)
2021-11-09 00:56:35,279 [pool-524-thread-1] INFO  server.RaftServerConfigKeys (ConfUtils.java:logGet(44)) - raft.server.log.statemachine.data.sync = true (default)
2021-11-09 00:56:35,279 [pool-524-thread-1] INFO  server.RaftServerConfigKeys (ConfUtils.java:logGet(44)) - raft.server.log.statemachine.data.sync.timeout = 10s (default)
2021-11-09 00:56:35,279 [pool-524-thread-1] INFO  server.RaftServerConfigKeys (ConfUtils.java:logGet(44)) - raft.server.log.statemachine.data.sync.timeout.retry = -1 (default)
2021-11-09 00:56:35,280 [pool-524-thread-1] INFO  server.RaftServerConfigKeys (ConfUtils.java:logGet(44)) - raft.server.log.write.buffer.size = 1048576 (custom)
2021-11-09 00:56:35,280 [pool-524-thread-1] INFO  server.RaftServerConfigKeys (ConfUtils.java:logGet(44)) - raft.server.log.statemachine.data.caching.enabled = true (custom)
2021-11-09 00:56:35,280 [pool-524-thread-1] INFO  segmented.SegmentedRaftLogWorker (SegmentedRaftLogWorker.java:lambda$new$0(133)) - d5ae86a0-e3e8-461b-b600-8c2d036507b1@group-E209CD9E23E2-SegmentedRaftLogWorker: flushIndex: setUnconditionally 0 -> -1
2021-11-09 00:56:35,281 [pool-524-thread-1] INFO  segmented.SegmentedRaftLogWorker (SegmentedRaftLogWorker.java:lambda$new$0(133)) - d5ae86a0-e3e8-461b-b600-8c2d036507b1@group-E209CD9E23E2-SegmentedRaftLogWorker: safeCacheEvictIndex: setUnconditionally 0 -> -1
2021-11-09 00:56:35,287 [pool-524-thread-1] INFO  server.RaftServerConfigKeys (ConfUtils.java:logGet(44)) - raft.server.snapshot.auto.trigger.enabled = true (custom)
2021-11-09 00:56:35,288 [pool-524-thread-1] INFO  server.RaftServerConfigKeys (ConfUtils.java:logGet(44)) - raft.server.snapshot.auto.trigger.threshold = 10000 (custom)
2021-11-09 00:56:35,288 [pool-524-thread-1] INFO  server.RaftServerConfigKeys (ConfUtils.java:logGet(44)) - raft.server.snapshot.retention.file.num = 5 (custom)
2021-11-09 00:56:35,288 [pool-524-thread-1] INFO  server.RaftServerConfigKeys (ConfUtils.java:logGet(44)) - raft.server.log.purge.upto.snapshot.index = false (default)
2021-11-09 00:56:35,288 [pool-524-thread-1] INFO  server.RaftServerConfigKeys (ConfUtils.java:logGet(44)) - raft.server.retrycache.expirytime = 600000ms (custom)
2021-11-09 00:56:35,288 [pool-524-thread-1] INFO  server.RaftServerConfigKeys (ConfUtils.java:logGet(44)) - raft.server.retrycache.statistics.expirytime = 100μs (default)
2021-11-09 00:56:35,289 [pool-524-thread-1] INFO  server.RaftServer$Division (RaftServerImpl.java:start(301)) - d5ae86a0-e3e8-461b-b600-8c2d036507b1@group-43749416088D: start as a follower, conf=-1: [4430b70e-e2dc-4778-891b-decd59bd04d3|rpc:10.1.0.58:37555|dataStream:|priority:1, d5ae86a0-e3e8-461b-b600-8c2d036507b1|rpc:10.1.0.58:45525|dataStream:|priority:0, 43136673-c093-486b-8a61-55aa3fed1341|rpc:10.1.0.58:34809|dataStream:|priority:0], old=null
2021-11-09 00:56:35,289 [pool-524-thread-1] INFO  server.RaftServer$Division (RaftServerImpl.java:setRole(290)) - d5ae86a0-e3e8-461b-b600-8c2d036507b1@group-43749416088D: changes role from      null to FOLLOWER at term 0 for startAsFollower
2021-11-09 00:56:35,290 [pool-524-thread-1] INFO  impl.RoleInfo (RoleInfo.java:updateAndGet(130)) - d5ae86a0-e3e8-461b-b600-8c2d036507b1: start d5ae86a0-e3e8-461b-b600-8c2d036507b1@group-43749416088D-FollowerState
2021-11-09 00:56:35,290 [pool-524-thread-1] INFO  util.JmxRegister (JmxRegister.java:tryRegister(44)) - Successfully registered JMX Bean with object name Ratis:service=RaftServer,group=group-43749416088D,id=d5ae86a0-e3e8-461b-b600-8c2d036507b1
2021-11-09 00:56:35,291 [pool-524-thread-1] INFO  server.RaftServer$Division (RaftServerImpl.java:start(301)) - d5ae86a0-e3e8-461b-b600-8c2d036507b1@group-E209CD9E23E2: start as a follower, conf=-1: [d5ae86a0-e3e8-461b-b600-8c2d036507b1|rpc:10.1.0.58:45525|priority:1], old=null
2021-11-09 00:56:35,291 [pool-524-thread-1] INFO  server.RaftServer$Division (RaftServerImpl.java:setRole(290)) - d5ae86a0-e3e8-461b-b600-8c2d036507b1@group-E209CD9E23E2: changes role from      null to FOLLOWER at term 0 for startAsFollower
2021-11-09 00:56:35,291 [pool-524-thread-1] INFO  impl.RoleInfo (RoleInfo.java:updateAndGet(130)) - d5ae86a0-e3e8-461b-b600-8c2d036507b1: start d5ae86a0-e3e8-461b-b600-8c2d036507b1@group-E209CD9E23E2-FollowerState
2021-11-09 00:56:35,293 [pool-524-thread-1] INFO  util.JmxRegister (JmxRegister.java:tryRegister(44)) - Successfully registered JMX Bean with object name Ratis:service=RaftServer,group=group-E209CD9E23E2,id=d5ae86a0-e3e8-461b-b600-8c2d036507b1
2021-11-09 00:56:35,294 [Command processor thread] INFO  ratis.XceiverServerRatis (XceiverServerRatis.java:addGroup(768)) - Created group PipelineID=478d744c-76c7-4d18-9a74-e209cd9e23e2
2021-11-09 00:56:35,294 [Command processor thread] INFO  commandhandler.CreatePipelineCommandHandler (CreatePipelineCommandHandler.java:handle(106)) - Created Pipeline RATIS ONE PipelineID=478d744c-76c7-4d18-9a74-e209cd9e23e2.
2021-11-09 00:56:35,296 [Command processor thread] INFO  commandhandler.CreatePipelineCommandHandler (CreatePipelineCommandHandler.java:handle(106)) - Created Pipeline RATIS THREE PipelineID=9bc91158-09f7-498f-98c5-43749416088d.
2021-11-09 00:56:35,296 [Command processor thread] INFO  server.RaftServer (RaftServerProxy.java:addNew(95)) - 4430b70e-e2dc-4778-891b-decd59bd04d3: addNew group-0CA9B148280F:[4430b70e-e2dc-4778-891b-decd59bd04d3|rpc:10.1.0.58:37555|priority:0, d5ae86a0-e3e8-461b-b600-8c2d036507b1|rpc:10.1.0.58:45525|priority:1, 43136673-c093-486b-8a61-55aa3fed1341|rpc:10.1.0.58:34809|priority:0] returns group-0CA9B148280F:java.util.concurrent.CompletableFuture@4069e7fe[Not completed]
2021-11-09 00:56:35,297 [pool-505-thread-1] INFO  server.RaftServer$Division (RaftServerImpl.java:<init>(184)) - 4430b70e-e2dc-4778-891b-decd59bd04d3: new RaftServerImpl for group-0CA9B148280F:[4430b70e-e2dc-4778-891b-decd59bd04d3|rpc:10.1.0.58:37555|priority:0, d5ae86a0-e3e8-461b-b600-8c2d036507b1|rpc:10.1.0.58:45525|priority:1, 43136673-c093-486b-8a61-55aa3fed1341|rpc:10.1.0.58:34809|priority:0] with ContainerStateMachine:uninitialized
2021-11-09 00:56:35,297 [pool-505-thread-1] INFO  server.RaftServerConfigKeys (ConfUtils.java:logGet(44)) - raft.server.rpc.timeout.min = 5s (custom)
2021-11-09 00:56:35,297 [pool-505-thread-1] INFO  server.RaftServerConfigKeys (ConfUtils.java:logGet(44)) - raft.server.rpc.timeout.max = 5200ms (custom)
2021-11-09 00:56:35,297 [pool-505-thread-1] INFO  server.RaftServerConfigKeys (ConfUtils.java:logGet(44)) - raft.server.rpc.sleep.time = 25ms (default)
2021-11-09 00:56:35,297 [pool-505-thread-1] INFO  server.RaftServerConfigKeys (ConfUtils.java:logGet(44)) - raft.server.rpc.slowness.timeout = 300000ms (custom)
2021-11-09 00:56:35,297 [pool-505-thread-1] INFO  server.RaftServerConfigKeys (ConfUtils.java:logGet(44)) - raft.server.leaderelection.leader.step-down.wait-time = 10s (default)
2021-11-09 00:56:35,297 [pool-505-thread-1] INFO  server.RaftServerConfigKeys (ConfUtils.java:logGet(44)) - raft.server.sleep.deviation.threshold = 300ms (default)
2021-11-09 00:56:35,297 [pool-505-thread-1] INFO  server.RaftServerConfigKeys (ConfUtils.java:logGet(44)) - raft.server.log.appender.install.snapshot.enabled = false (custom)
2021-11-09 00:56:35,297 [pool-505-thread-1] INFO  server.RaftServer$Division (ServerState.java:<init>(105)) - 4430b70e-e2dc-4778-891b-decd59bd04d3@group-0CA9B148280F: ConfigurationManager, init=-1: [4430b70e-e2dc-4778-891b-decd59bd04d3|rpc:10.1.0.58:37555|priority:0, d5ae86a0-e3e8-461b-b600-8c2d036507b1|rpc:10.1.0.58:45525|priority:1, 43136673-c093-486b-8a61-55aa3fed1341|rpc:10.1.0.58:34809|priority:0], old=null, confs=<EMPTY_MAP>
2021-11-09 00:56:35,321 [pool-524-thread-1] INFO  server.RaftServer$Division (RaftServerImpl.java:<init>(184)) - d5ae86a0-e3e8-461b-b600-8c2d036507b1: new RaftServerImpl for group-0CA9B148280F:[4430b70e-e2dc-4778-891b-decd59bd04d3|rpc:10.1.0.58:37555|priority:0, d5ae86a0-e3e8-461b-b600-8c2d036507b1|rpc:10.1.0.58:45525|priority:1, 43136673-c093-486b-8a61-55aa3fed1341|rpc:10.1.0.58:34809|priority:0] with ContainerStateMachine:uninitialized
2021-11-09 00:56:35,321 [pool-524-thread-1] INFO  server.RaftServerConfigKeys (ConfUtils.java:logGet(44)) - raft.server.rpc.timeout.min = 5s (custom)
2021-11-09 00:56:35,321 [pool-524-thread-1] INFO  server.RaftServerConfigKeys (ConfUtils.java:logGet(44)) - raft.server.rpc.timeout.max = 5200ms (custom)
2021-11-09 00:56:35,321 [pool-524-thread-1] INFO  server.RaftServerConfigKeys (ConfUtils.java:logGet(44)) - raft.server.rpc.sleep.time = 25ms (default)
2021-11-09 00:56:35,321 [pool-524-thread-1] INFO  server.RaftServerConfigKeys (ConfUtils.java:logGet(44)) - raft.server.rpc.slowness.timeout = 300000ms (custom)
2021-11-09 00:56:35,321 [pool-524-thread-1] INFO  server.RaftServerConfigKeys (ConfUtils.java:logGet(44)) - raft.server.leaderelection.leader.step-down.wait-time = 10s (default)
2021-11-09 00:56:35,321 [pool-524-thread-1] INFO  server.RaftServerConfigKeys (ConfUtils.java:logGet(44)) - raft.server.sleep.deviation.threshold = 300ms (default)
2021-11-09 00:56:35,321 [pool-524-thread-1] INFO  server.RaftServerConfigKeys (ConfUtils.java:logGet(44)) - raft.server.log.appender.install.snapshot.enabled = false (custom)
2021-11-09 00:56:35,321 [pool-524-thread-1] INFO  server.RaftServer$Division (ServerState.java:<init>(105)) - d5ae86a0-e3e8-461b-b600-8c2d036507b1@group-0CA9B148280F: ConfigurationManager, init=-1: [4430b70e-e2dc-4778-891b-decd59bd04d3|rpc:10.1.0.58:37555|priority:0, d5ae86a0-e3e8-461b-b600-8c2d036507b1|rpc:10.1.0.58:45525|priority:1, 43136673-c093-486b-8a61-55aa3fed1341|rpc:10.1.0.58:34809|priority:0], old=null, confs=<EMPTY_MAP>
2021-11-09 00:56:35,322 [pool-524-thread-1] INFO  server.RaftServerConfigKeys (ConfUtils.java:logGet(44)) - raft.server.storage.dir = [/home/runner/work/ozone/ozone/hadoop-ozone/integration-test/target/test-dir/MiniOzoneClusterImpl-cebd3685-2b3d-4639-9f0f-41911e64574b/datanode-1/data/ratis] (custom)
2021-11-09 00:56:35,322 [pool-524-thread-1] INFO  server.RaftServerConfigKeys (ConfUtils.java:logGet(44)) - raft.server.log.corruption.policy = EXCEPTION (default)
2021-11-09 00:56:35,322 [pool-524-thread-1] INFO  server.RaftServerConfigKeys (ConfUtils.java:logGet(44)) - raft.server.storage.free-space.min = 0MB (=0) (default)
2021-11-09 00:56:35,322 [pool-524-thread-1] INFO  storage.RaftStorageDirectory (RaftStorageDirectoryImpl.java:analyzeStorage(135)) - The storage directory /home/runner/work/ozone/ozone/hadoop-ozone/integration-test/target/test-dir/MiniOzoneClusterImpl-cebd3685-2b3d-4639-9f0f-41911e64574b/datanode-1/data/ratis/0db9cd4f-359d-47fc-b6d2-0ca9b148280f does not exist. Creating ...
2021-11-09 00:56:35,322 [pool-524-thread-1] INFO  storage.RaftStorageDirectory (RaftStorageDirectoryImpl.java:tryLock(230)) - Lock on /home/runner/work/ozone/ozone/hadoop-ozone/integration-test/target/test-dir/MiniOzoneClusterImpl-cebd3685-2b3d-4639-9f0f-41911e64574b/datanode-1/data/ratis/0db9cd4f-359d-47fc-b6d2-0ca9b148280f/in_use.lock acquired by nodename 2851@fv-az294-841
2021-11-09 00:56:35,324 [Command processor thread] INFO  server.RaftServer (RaftServerProxy.java:addNew(95)) - d5ae86a0-e3e8-461b-b600-8c2d036507b1: addNew group-0CA9B148280F:[4430b70e-e2dc-4778-891b-decd59bd04d3|rpc:10.1.0.58:37555|priority:0, d5ae86a0-e3e8-461b-b600-8c2d036507b1|rpc:10.1.0.58:45525|priority:1, 43136673-c093-486b-8a61-55aa3fed1341|rpc:10.1.0.58:34809|priority:0] returns group-0CA9B148280F:java.util.concurrent.CompletableFuture@11ca5f18[Not completed]
2021-11-09 00:56:35,324 [pool-505-thread-1] INFO  server.RaftServerConfigKeys (ConfUtils.java:logGet(44)) - raft.server.storage.dir = [/home/runner/work/ozone/ozone/hadoop-ozone/integration-test/target/test-dir/MiniOzoneClusterImpl-cebd3685-2b3d-4639-9f0f-41911e64574b/datanode-0/data/ratis] (custom)
2021-11-09 00:56:35,325 [pool-505-thread-1] INFO  server.RaftServerConfigKeys (ConfUtils.java:logGet(44)) - raft.server.log.corruption.policy = EXCEPTION (default)
2021-11-09 00:56:35,325 [pool-505-thread-1] INFO  server.RaftServerConfigKeys (ConfUtils.java:logGet(44)) - raft.server.storage.free-space.min = 0MB (=0) (default)
2021-11-09 00:56:35,325 [pool-505-thread-1] INFO  storage.RaftStorageDirectory (RaftStorageDirectoryImpl.java:analyzeStorage(135)) - The storage directory /home/runner/work/ozone/ozone/hadoop-ozone/integration-test/target/test-dir/MiniOzoneClusterImpl-cebd3685-2b3d-4639-9f0f-41911e64574b/datanode-0/data/ratis/0db9cd4f-359d-47fc-b6d2-0ca9b148280f does not exist. Creating ...
2021-11-09 00:56:35,326 [pool-505-thread-1] INFO  storage.RaftStorageDirectory (RaftStorageDirectoryImpl.java:tryLock(230)) - Lock on /home/runner/work/ozone/ozone/hadoop-ozone/integration-test/target/test-dir/MiniOzoneClusterImpl-cebd3685-2b3d-4639-9f0f-41911e64574b/datanode-0/data/ratis/0db9cd4f-359d-47fc-b6d2-0ca9b148280f/in_use.lock acquired by nodename 2851@fv-az294-841
2021-11-09 00:56:35,326 [pool-524-thread-1] INFO  storage.RaftStorage (RaftStorageImpl.java:format(89)) - Storage directory /home/runner/work/ozone/ozone/hadoop-ozone/integration-test/target/test-dir/MiniOzoneClusterImpl-cebd3685-2b3d-4639-9f0f-41911e64574b/datanode-1/data/ratis/0db9cd4f-359d-47fc-b6d2-0ca9b148280f has been successfully formatted.
2021-11-09 00:56:35,327 [pool-524-thread-1] INFO  ratis.ContainerStateMachine (ContainerStateMachine.java:loadSnapshot(224)) - group-0CA9B148280F: The snapshot info is null. Setting the last applied indexto:(t:0, i:~)
2021-11-09 00:56:35,328 [pool-505-thread-1] INFO  storage.RaftStorage (RaftStorageImpl.java:format(89)) - Storage directory /home/runner/work/ozone/ozone/hadoop-ozone/integration-test/target/test-dir/MiniOzoneClusterImpl-cebd3685-2b3d-4639-9f0f-41911e64574b/datanode-0/data/ratis/0db9cd4f-359d-47fc-b6d2-0ca9b148280f has been successfully formatted.
2021-11-09 00:56:35,327 [EventQueue-OpenPipelineForHealthyPipelineSafeModeRule] INFO  safemode.SCMSafeModeManager (HealthyPipelineSafeModeRule.java:process(124)) - SCM in safe mode. Healthy pipelines reported count is 0, required healthy pipeline reported count is 1
2021-11-09 00:56:35,328 [pool-505-thread-1] INFO  ratis.ContainerStateMachine (ContainerStateMachine.java:loadSnapshot(224)) - group-0CA9B148280F: The snapshot info is null. Setting the last applied indexto:(t:0, i:~)
2021-11-09 00:56:35,329 [pool-505-thread-1] INFO  server.RaftServerConfigKeys (ConfUtils.java:logGet(44)) - raft.server.notification.no-leader.timeout = 300000ms (custom)
2021-11-09 00:56:35,329 [pool-505-thread-1] INFO  server.RaftServerConfigKeys (ConfUtils.java:logGet(44)) - raft.server.log.use.memory = false (default)
2021-11-09 00:56:35,329 [pool-505-thread-1] INFO  server.RaftServerConfigKeys (ConfUtils.java:logGet(44)) - raft.server.log.purge.gap = 1000000 (custom)
2021-11-09 00:56:35,329 [pool-505-thread-1] INFO  server.RaftServerConfigKeys (ConfUtils.java:logGet(44)) - raft.server.log.appender.buffer.byte-limit = 33554432 (custom)
2021-11-09 00:56:35,330 [pool-505-thread-1] INFO  server.RaftServerConfigKeys (ConfUtils.java:logGet(44)) - raft.server.log.segment.size.max = 1048576 (custom)
2021-11-09 00:56:35,330 [EventQueue-OpenPipelineForHealthyPipelineSafeModeRule] INFO  safemode.SCMSafeModeManager (HealthyPipelineSafeModeRule.java:process(124)) - SCM in safe mode. Healthy pipelines reported count is 0, required healthy pipeline reported count is 1
2021-11-09 00:56:35,330 [pool-505-thread-1] INFO  server.RaftServerConfigKeys (ConfUtils.java:logGet(44)) - raft.server.log.segment.cache.num.max = 2 (custom)
2021-11-09 00:56:35,330 [pool-505-thread-1] INFO  server.RaftServerConfigKeys (ConfUtils.java:logGet(44)) - raft.server.log.segment.cache.size.max = 200MB (=209715200) (default)
2021-11-09 00:56:35,330 [pool-505-thread-1] INFO  segmented.SegmentedRaftLogWorker (SegmentedRaftLogWorker.java:<init>(182)) - new 4430b70e-e2dc-4778-891b-decd59bd04d3@group-0CA9B148280F-SegmentedRaftLogWorker for RaftStorageImpl:Storage Directory /home/runner/work/ozone/ozone/hadoop-ozone/integration-test/target/test-dir/MiniOzoneClusterImpl-cebd3685-2b3d-4639-9f0f-41911e64574b/datanode-0/data/ratis/0db9cd4f-359d-47fc-b6d2-0ca9b148280f
2021-11-09 00:56:35,330 [pool-505-thread-1] INFO  server.RaftServerConfigKeys (ConfUtils.java:logGet(44)) - raft.server.log.queue.byte-limit = 2147483647 (custom)
2021-11-09 00:56:35,330 [pool-505-thread-1] INFO  server.RaftServerConfigKeys (ConfUtils.java:logGet(44)) - raft.server.log.queue.element-limit = 1024 (custom)
2021-11-09 00:56:35,330 [pool-505-thread-1] INFO  server.RaftServerConfigKeys (ConfUtils.java:logGet(44)) - raft.server.log.segment.size.max = 1048576 (custom)
2021-11-09 00:56:35,330 [pool-505-thread-1] INFO  server.RaftServerConfigKeys (ConfUtils.java:logGet(44)) - raft.server.log.preallocated.size = 16384 (custom)
2021-11-09 00:56:35,330 [pool-505-thread-1] INFO  server.RaftServerConfigKeys (ConfUtils.java:logGet(44)) - raft.server.log.force.sync.num = 128 (default)
2021-11-09 00:56:35,331 [pool-505-thread-1] INFO  server.RaftServerConfigKeys (ConfUtils.java:logGet(44)) - raft.server.log.statemachine.data.sync = true (default)
2021-11-09 00:56:35,331 [pool-505-thread-1] INFO  server.RaftServerConfigKeys (ConfUtils.java:logGet(44)) - raft.server.log.statemachine.data.sync.timeout = 10s (default)
2021-11-09 00:56:35,331 [pool-505-thread-1] INFO  server.RaftServerConfigKeys (ConfUtils.java:logGet(44)) - raft.server.log.statemachine.data.sync.timeout.retry = -1 (default)
2021-11-09 00:56:35,332 [pool-505-thread-1] INFO  server.RaftServerConfigKeys (ConfUtils.java:logGet(44)) - raft.server.log.write.buffer.size = 1048576 (custom)
2021-11-09 00:56:35,332 [pool-505-thread-1] INFO  server.RaftServerConfigKeys (ConfUtils.java:logGet(44)) - raft.server.log.statemachine.data.caching.enabled = true (custom)
2021-11-09 00:56:35,332 [pool-505-thread-1] INFO  segmented.SegmentedRaftLogWorker (SegmentedRaftLogWorker.java:lambda$new$0(133)) - 4430b70e-e2dc-4778-891b-decd59bd04d3@group-0CA9B148280F-SegmentedRaftLogWorker: flushIndex: setUnconditionally 0 -> -1
2021-11-09 00:56:35,332 [pool-505-thread-1] INFO  segmented.SegmentedRaftLogWorker (SegmentedRaftLogWorker.java:lambda$new$0(133)) - 4430b70e-e2dc-4778-891b-decd59bd04d3@group-0CA9B148280F-SegmentedRaftLogWorker: safeCacheEvictIndex: setUnconditionally 0 -> -1
2021-11-09 00:56:35,332 [pool-524-thread-1] INFO  server.RaftServerConfigKeys (ConfUtils.java:logGet(44)) - raft.server.notification.no-leader.timeout = 300000ms (custom)
2021-11-09 00:56:35,332 [pool-524-thread-1] INFO  server.RaftServerConfigKeys (ConfUtils.java:logGet(44)) - raft.server.log.use.memory = false (default)
2021-11-09 00:56:35,332 [pool-524-thread-1] INFO  server.RaftServerConfigKeys (ConfUtils.java:logGet(44)) - raft.server.log.purge.gap = 1000000 (custom)
2021-11-09 00:56:35,332 [pool-524-thread-1] INFO  server.RaftServerConfigKeys (ConfUtils.java:logGet(44)) - raft.server.log.appender.buffer.byte-limit = 33554432 (custom)
2021-11-09 00:56:35,332 [pool-524-thread-1] INFO  server.RaftServerConfigKeys (ConfUtils.java:logGet(44)) - raft.server.log.segment.size.max = 1048576 (custom)
2021-11-09 00:56:35,333 [pool-524-thread-1] INFO  server.RaftServerConfigKeys (ConfUtils.java:logGet(44)) - raft.server.log.segment.cache.num.max = 2 (custom)
2021-11-09 00:56:35,333 [pool-524-thread-1] INFO  server.RaftServerConfigKeys (ConfUtils.java:logGet(44)) - raft.server.log.segment.cache.size.max = 200MB (=209715200) (default)
2021-11-09 00:56:35,333 [pool-524-thread-1] INFO  segmented.SegmentedRaftLogWorker (SegmentedRaftLogWorker.java:<init>(182)) - new d5ae86a0-e3e8-461b-b600-8c2d036507b1@group-0CA9B148280F-SegmentedRaftLogWorker for RaftStorageImpl:Storage Directory /home/runner/work/ozone/ozone/hadoop-ozone/integration-test/target/test-dir/MiniOzoneClusterImpl-cebd3685-2b3d-4639-9f0f-41911e64574b/datanode-1/data/ratis/0db9cd4f-359d-47fc-b6d2-0ca9b148280f
2021-11-09 00:56:35,333 [pool-524-thread-1] INFO  server.RaftServerConfigKeys (ConfUtils.java:logGet(44)) - raft.server.log.queue.byte-limit = 2147483647 (custom)
2021-11-09 00:56:35,333 [pool-524-thread-1] INFO  server.RaftServerConfigKeys (ConfUtils.java:logGet(44)) - raft.server.log.queue.element-limit = 1024 (custom)
2021-11-09 00:56:35,333 [pool-524-thread-1] INFO  server.RaftServerConfigKeys (ConfUtils.java:logGet(44)) - raft.server.log.segment.size.max = 1048576 (custom)
2021-11-09 00:56:35,333 [pool-524-thread-1] INFO  server.RaftServerConfigKeys (ConfUtils.java:logGet(44)) - raft.server.log.preallocated.size = 16384 (custom)
2021-11-09 00:56:35,333 [pool-524-thread-1] INFO  server.RaftServerConfigKeys (ConfUtils.java:logGet(44)) - raft.server.log.force.sync.num = 128 (default)
2021-11-09 00:56:35,333 [pool-524-thread-1] INFO  server.RaftServerConfigKeys (ConfUtils.java:logGet(44)) - raft.server.log.statemachine.data.sync = true (default)
2021-11-09 00:56:35,333 [pool-524-thread-1] INFO  server.RaftServerConfigKeys (ConfUtils.java:logGet(44)) - raft.server.log.statemachine.data.sync.timeout = 10s (default)
2021-11-09 00:56:35,333 [pool-524-thread-1] INFO  server.RaftServerConfigKeys (ConfUtils.java:logGet(44)) - raft.server.log.statemachine.data.sync.timeout.retry = -1 (default)
2021-11-09 00:56:35,334 [pool-524-thread-1] INFO  server.RaftServerConfigKeys (ConfUtils.java:logGet(44)) - raft.server.log.write.buffer.size = 1048576 (custom)
2021-11-09 00:56:35,334 [pool-524-thread-1] INFO  server.RaftServerConfigKeys (ConfUtils.java:logGet(44)) - raft.server.log.statemachine.data.caching.enabled = true (custom)
2021-11-09 00:56:35,335 [pool-524-thread-1] INFO  segmented.SegmentedRaftLogWorker (SegmentedRaftLogWorker.java:lambda$new$0(133)) - d5ae86a0-e3e8-461b-b600-8c2d036507b1@group-0CA9B148280F-SegmentedRaftLogWorker: flushIndex: setUnconditionally 0 -> -1
2021-11-09 00:56:35,335 [pool-524-thread-1] INFO  segmented.SegmentedRaftLogWorker (SegmentedRaftLogWorker.java:lambda$new$0(133)) - d5ae86a0-e3e8-461b-b600-8c2d036507b1@group-0CA9B148280F-SegmentedRaftLogWorker: safeCacheEvictIndex: setUnconditionally 0 -> -1
2021-11-09 00:56:35,335 [pool-505-thread-1] INFO  server.RaftServerConfigKeys (ConfUtils.java:logGet(44)) - raft.server.snapshot.auto.trigger.enabled = true (custom)
2021-11-09 00:56:35,335 [pool-505-thread-1] INFO  server.RaftServerConfigKeys (ConfUtils.java:logGet(44)) - raft.server.snapshot.auto.trigger.threshold = 10000 (custom)
2021-11-09 00:56:35,335 [pool-505-thread-1] INFO  server.RaftServerConfigKeys (ConfUtils.java:logGet(44)) - raft.server.snapshot.retention.file.num = 5 (custom)
2021-11-09 00:56:35,335 [pool-505-thread-1] INFO  server.RaftServerConfigKeys (ConfUtils.java:logGet(44)) - raft.server.log.purge.upto.snapshot.index = false (default)
2021-11-09 00:56:35,335 [pool-524-thread-1] INFO  server.RaftServerConfigKeys (ConfUtils.java:logGet(44)) - raft.server.snapshot.auto.trigger.enabled = true (custom)
2021-11-09 00:56:35,335 [pool-524-thread-1] INFO  server.RaftServerConfigKeys (ConfUtils.java:logGet(44)) - raft.server.snapshot.auto.trigger.threshold = 10000 (custom)
2021-11-09 00:56:35,335 [pool-524-thread-1] INFO  server.RaftServerConfigKeys (ConfUtils.java:logGet(44)) - raft.server.snapshot.retention.file.num = 5 (custom)
2021-11-09 00:56:35,335 [pool-524-thread-1] INFO  server.RaftServerConfigKeys (ConfUtils.java:logGet(44)) - raft.server.log.purge.upto.snapshot.index = false (default)
2021-11-09 00:56:35,335 [pool-524-thread-1] INFO  server.RaftServerConfigKeys (ConfUtils.java:logGet(44)) - raft.server.retrycache.expirytime = 600000ms (custom)
2021-11-09 00:56:35,335 [pool-524-thread-1] INFO  server.RaftServerConfigKeys (ConfUtils.java:logGet(44)) - raft.server.retrycache.statistics.expirytime = 100μs (default)
2021-11-09 00:56:35,336 [pool-524-thread-1] INFO  server.RaftServer$Division (RaftServerImpl.java:start(301)) - d5ae86a0-e3e8-461b-b600-8c2d036507b1@group-0CA9B148280F: start as a follower, conf=-1: [4430b70e-e2dc-4778-891b-decd59bd04d3|rpc:10.1.0.58:37555|priority:0, d5ae86a0-e3e8-461b-b600-8c2d036507b1|rpc:10.1.0.58:45525|priority:1, 43136673-c093-486b-8a61-55aa3fed1341|rpc:10.1.0.58:34809|priority:0], old=null
2021-11-09 00:56:35,336 [pool-524-thread-1] INFO  server.RaftServer$Division (RaftServerImpl.java:setRole(290)) - d5ae86a0-e3e8-461b-b600-8c2d036507b1@group-0CA9B148280F: changes role from      null to FOLLOWER at term 0 for startAsFollower
2021-11-09 00:56:35,337 [pool-524-thread-1] INFO  impl.RoleInfo (RoleInfo.java:updateAndGet(130)) - d5ae86a0-e3e8-461b-b600-8c2d036507b1: start d5ae86a0-e3e8-461b-b600-8c2d036507b1@group-0CA9B148280F-FollowerState
2021-11-09 00:56:35,342 [pool-524-thread-1] INFO  util.JmxRegister (JmxRegister.java:tryRegister(44)) - Successfully registered JMX Bean with object name Ratis:service=RaftServer,group=group-0CA9B148280F,id=d5ae86a0-e3e8-461b-b600-8c2d036507b1
2021-11-09 00:56:35,344 [pool-505-thread-1] INFO  server.RaftServerConfigKeys (ConfUtils.java:logGet(44)) - raft.server.retrycache.expirytime = 600000ms (custom)
2021-11-09 00:56:35,344 [pool-505-thread-1] INFO  server.RaftServerConfigKeys (ConfUtils.java:logGet(44)) - raft.server.retrycache.statistics.expirytime = 100μs (default)
2021-11-09 00:56:35,346 [pool-505-thread-1] INFO  server.RaftServer$Division (RaftServerImpl.java:start(301)) - 4430b70e-e2dc-4778-891b-decd59bd04d3@group-0CA9B148280F: start as a follower, conf=-1: [4430b70e-e2dc-4778-891b-decd59bd04d3|rpc:10.1.0.58:37555|priority:0, d5ae86a0-e3e8-461b-b600-8c2d036507b1|rpc:10.1.0.58:45525|priority:1, 43136673-c093-486b-8a61-55aa3fed1341|rpc:10.1.0.58:34809|priority:0], old=null
2021-11-09 00:56:35,346 [pool-505-thread-1] INFO  server.RaftServer$Division (RaftServerImpl.java:setRole(290)) - 4430b70e-e2dc-4778-891b-decd59bd04d3@group-0CA9B148280F: changes role from      null to FOLLOWER at term 0 for startAsFollower
2021-11-09 00:56:35,346 [pool-505-thread-1] INFO  impl.RoleInfo (RoleInfo.java:updateAndGet(130)) - 4430b70e-e2dc-4778-891b-decd59bd04d3: start 4430b70e-e2dc-4778-891b-decd59bd04d3@group-0CA9B148280F-FollowerState
2021-11-09 00:56:35,346 [Command processor thread] INFO  ratis.XceiverServerRatis (XceiverServerRatis.java:addGroup(768)) - Created group PipelineID=0db9cd4f-359d-47fc-b6d2-0ca9b148280f
2021-11-09 00:56:35,364 [pool-505-thread-1] INFO  util.JmxRegister (JmxRegister.java:tryRegister(44)) - Successfully registered JMX Bean with object name Ratis:service=RaftServer,group=group-0CA9B148280F,id=4430b70e-e2dc-4778-891b-decd59bd04d3
2021-11-09 00:56:35,368 [Command processor thread] INFO  ratis.XceiverServerRatis (XceiverServerRatis.java:addGroup(768)) - Created group PipelineID=0db9cd4f-359d-47fc-b6d2-0ca9b148280f
2021-11-09 00:56:35,515 [grpc-default-executor-1] INFO  server.RaftServer (RaftServerProxy.java:addNew(95)) - 43136673-c093-486b-8a61-55aa3fed1341: addNew group-0CA9B148280F:[4430b70e-e2dc-4778-891b-decd59bd04d3|rpc:10.1.0.58:37555|dataStream:|priority:0, d5ae86a0-e3e8-461b-b600-8c2d036507b1|rpc:10.1.0.58:45525|dataStream:|priority:1, 43136673-c093-486b-8a61-55aa3fed1341|rpc:10.1.0.58:34809|dataStream:|priority:0] returns group-0CA9B148280F:java.util.concurrent.CompletableFuture@76481efc[Not completed]
2021-11-09 00:56:35,515 [pool-543-thread-1] INFO  server.RaftServer$Division (RaftServerImpl.java:<init>(184)) - 43136673-c093-486b-8a61-55aa3fed1341: new RaftServerImpl for group-0CA9B148280F:[4430b70e-e2dc-4778-891b-decd59bd04d3|rpc:10.1.0.58:37555|dataStream:|priority:0, d5ae86a0-e3e8-461b-b600-8c2d036507b1|rpc:10.1.0.58:45525|dataStream:|priority:1, 43136673-c093-486b-8a61-55aa3fed1341|rpc:10.1.0.58:34809|dataStream:|priority:0] with ContainerStateMachine:uninitialized
2021-11-09 00:56:35,516 [pool-543-thread-1] INFO  server.RaftServerConfigKeys (ConfUtils.java:logGet(44)) - raft.server.rpc.timeout.min = 5s (custom)
2021-11-09 00:56:35,516 [pool-543-thread-1] INFO  server.RaftServerConfigKeys (ConfUtils.java:logGet(44)) - raft.server.rpc.timeout.max = 5200ms (custom)
2021-11-09 00:56:35,516 [pool-543-thread-1] INFO  server.RaftServerConfigKeys (ConfUtils.java:logGet(44)) - raft.server.rpc.sleep.time = 25ms (default)
2021-11-09 00:56:35,516 [pool-543-thread-1] INFO  server.RaftServerConfigKeys (ConfUtils.java:logGet(44)) - raft.server.rpc.slowness.timeout = 300000ms (custom)
2021-11-09 00:56:35,516 [pool-543-thread-1] INFO  server.RaftServerConfigKeys (ConfUtils.java:logGet(44)) - raft.server.leaderelection.leader.step-down.wait-time = 10s (default)
2021-11-09 00:56:35,516 [pool-543-thread-1] INFO  server.RaftServerConfigKeys (ConfUtils.java:logGet(44)) - raft.server.sleep.deviation.threshold = 300ms (default)
2021-11-09 00:56:35,516 [pool-543-thread-1] INFO  server.RaftServerConfigKeys (ConfUtils.java:logGet(44)) - raft.server.log.appender.install.snapshot.enabled = false (custom)
2021-11-09 00:56:35,516 [pool-543-thread-1] INFO  server.RaftServer$Division (ServerState.java:<init>(105)) - 43136673-c093-486b-8a61-55aa3fed1341@group-0CA9B148280F: ConfigurationManager, init=-1: [4430b70e-e2dc-4778-891b-decd59bd04d3|rpc:10.1.0.58:37555|dataStream:|priority:0, d5ae86a0-e3e8-461b-b600-8c2d036507b1|rpc:10.1.0.58:45525|dataStream:|priority:1, 43136673-c093-486b-8a61-55aa3fed1341|rpc:10.1.0.58:34809|dataStream:|priority:0], old=null, confs=<EMPTY_MAP>
2021-11-09 00:56:35,516 [pool-543-thread-1] INFO  server.RaftServerConfigKeys (ConfUtils.java:logGet(44)) - raft.server.storage.dir = [/home/runner/work/ozone/ozone/hadoop-ozone/integration-test/target/test-dir/MiniOzoneClusterImpl-cebd3685-2b3d-4639-9f0f-41911e64574b/datanode-2/data/ratis] (custom)
2021-11-09 00:56:35,516 [pool-543-thread-1] INFO  server.RaftServerConfigKeys (ConfUtils.java:logGet(44)) - raft.server.log.corruption.policy = EXCEPTION (default)
2021-11-09 00:56:35,516 [pool-543-thread-1] INFO  server.RaftServerConfigKeys (ConfUtils.java:logGet(44)) - raft.server.storage.free-space.min = 0MB (=0) (default)
2021-11-09 00:56:35,516 [pool-543-thread-1] INFO  storage.RaftStorageDirectory (RaftStorageDirectoryImpl.java:analyzeStorage(135)) - The storage directory /home/runner/work/ozone/ozone/hadoop-ozone/integration-test/target/test-dir/MiniOzoneClusterImpl-cebd3685-2b3d-4639-9f0f-41911e64574b/datanode-2/data/ratis/0db9cd4f-359d-47fc-b6d2-0ca9b148280f does not exist. Creating ...
2021-11-09 00:56:35,518 [pool-543-thread-1] INFO  storage.RaftStorageDirectory (RaftStorageDirectoryImpl.java:tryLock(230)) - Lock on /home/runner/work/ozone/ozone/hadoop-ozone/integration-test/target/test-dir/MiniOzoneClusterImpl-cebd3685-2b3d-4639-9f0f-41911e64574b/datanode-2/data/ratis/0db9cd4f-359d-47fc-b6d2-0ca9b148280f/in_use.lock acquired by nodename 2851@fv-az294-841
2021-11-09 00:56:35,528 [Listener at 127.0.0.1/34135] INFO  ozone.MiniOzoneClusterImpl (MiniOzoneClusterImpl.java:lambda$waitForClusterToBeReady$0(235)) - Nodes are ready. Got 7 of 7 DN Heartbeats.
2021-11-09 00:56:35,528 [Listener at 127.0.0.1/34135] INFO  ozone.MiniOzoneClusterImpl (MiniOzoneClusterImpl.java:lambda$waitForClusterToBeReady$0(238)) - Waiting for cluster to exit safe mode
2021-11-09 00:56:35,528 [Listener at 127.0.0.1/34135] INFO  ozone.MiniOzoneClusterImpl (MiniOzoneClusterImpl.java:lambda$waitForClusterToBeReady$0(240)) - SCM became leader
2021-11-09 00:56:35,551 [pool-543-thread-1] INFO  storage.RaftStorage (RaftStorageImpl.java:format(89)) - Storage directory /home/runner/work/ozone/ozone/hadoop-ozone/integration-test/target/test-dir/MiniOzoneClusterImpl-cebd3685-2b3d-4639-9f0f-41911e64574b/datanode-2/data/ratis/0db9cd4f-359d-47fc-b6d2-0ca9b148280f has been successfully formatted.
2021-11-09 00:56:35,557 [Command processor thread] INFO  commandhandler.CreatePipelineCommandHandler (CreatePipelineCommandHandler.java:handle(106)) - Created Pipeline RATIS THREE PipelineID=0db9cd4f-359d-47fc-b6d2-0ca9b148280f.
2021-11-09 00:56:35,565 [pool-543-thread-1] INFO  ratis.ContainerStateMachine (ContainerStateMachine.java:loadSnapshot(224)) - group-0CA9B148280F: The snapshot info is null. Setting the last applied indexto:(t:0, i:~)
2021-11-09 00:56:35,565 [pool-543-thread-1] INFO  server.RaftServerConfigKeys (ConfUtils.java:logGet(44)) - raft.server.notification.no-leader.timeout = 300000ms (custom)
2021-11-09 00:56:35,565 [pool-543-thread-1] INFO  server.RaftServerConfigKeys (ConfUtils.java:logGet(44)) - raft.server.log.use.memory = false (default)
2021-11-09 00:56:35,566 [pool-543-thread-1] INFO  server.RaftServerConfigKeys (ConfUtils.java:logGet(44)) - raft.server.log.purge.gap = 1000000 (custom)
2021-11-09 00:56:35,566 [pool-543-thread-1] INFO  server.RaftServerConfigKeys (ConfUtils.java:logGet(44)) - raft.server.log.appender.buffer.byte-limit = 33554432 (custom)
2021-11-09 00:56:35,566 [pool-543-thread-1] INFO  server.RaftServerConfigKeys (ConfUtils.java:logGet(44)) - raft.server.log.segment.size.max = 1048576 (custom)
2021-11-09 00:56:35,566 [pool-543-thread-1] INFO  server.RaftServerConfigKeys (ConfUtils.java:logGet(44)) - raft.server.log.segment.cache.num.max = 2 (custom)
2021-11-09 00:56:35,566 [pool-543-thread-1] INFO  server.RaftServerConfigKeys (ConfUtils.java:logGet(44)) - raft.server.log.segment.cache.size.max = 200MB (=209715200) (default)
2021-11-09 00:56:35,566 [pool-543-thread-1] INFO  segmented.SegmentedRaftLogWorker (SegmentedRaftLogWorker.java:<init>(182)) - new 43136673-c093-486b-8a61-55aa3fed1341@group-0CA9B148280F-SegmentedRaftLogWorker for RaftStorageImpl:Storage Directory /home/runner/work/ozone/ozone/hadoop-ozone/integration-test/target/test-dir/MiniOzoneClusterImpl-cebd3685-2b3d-4639-9f0f-41911e64574b/datanode-2/data/ratis/0db9cd4f-359d-47fc-b6d2-0ca9b148280f
2021-11-09 00:56:35,566 [pool-543-thread-1] INFO  server.RaftServerConfigKeys (ConfUtils.java:logGet(44)) - raft.server.log.queue.byte-limit = 2147483647 (custom)
2021-11-09 00:56:35,566 [pool-543-thread-1] INFO  server.RaftServerConfigKeys (ConfUtils.java:logGet(44)) - raft.server.log.queue.element-limit = 1024 (custom)
2021-11-09 00:56:35,566 [pool-543-thread-1] INFO  server.RaftServerConfigKeys (ConfUtils.java:logGet(44)) - raft.server.log.segment.size.max = 1048576 (custom)
2021-11-09 00:56:35,566 [pool-543-thread-1] INFO  server.RaftServerConfigKeys (ConfUtils.java:logGet(44)) - raft.server.log.preallocated.size = 16384 (custom)
2021-11-09 00:56:35,566 [pool-543-thread-1] INFO  server.RaftServerConfigKeys (ConfUtils.java:logGet(44)) - raft.server.log.force.sync.num = 128 (default)
2021-11-09 00:56:35,566 [pool-543-thread-1] INFO  server.RaftServerConfigKeys (ConfUtils.java:logGet(44)) - raft.server.log.statemachine.data.sync = true (default)
2021-11-09 00:56:35,567 [pool-543-thread-1] INFO  server.RaftServerConfigKeys (ConfUtils.java:logGet(44)) - raft.server.log.statemachine.data.sync.timeout = 10s (default)
2021-11-09 00:56:35,567 [pool-543-thread-1] INFO  server.RaftServerConfigKeys (ConfUtils.java:logGet(44)) - raft.server.log.statemachine.data.sync.timeout.retry = -1 (default)
2021-11-09 00:56:35,569 [pool-543-thread-1] INFO  server.RaftServerConfigKeys (ConfUtils.java:logGet(44)) - raft.server.log.write.buffer.size = 1048576 (custom)
2021-11-09 00:56:35,569 [pool-543-thread-1] INFO  server.RaftServerConfigKeys (ConfUtils.java:logGet(44)) - raft.server.log.statemachine.data.caching.enabled = true (custom)
2021-11-09 00:56:35,570 [pool-543-thread-1] INFO  segmented.SegmentedRaftLogWorker (SegmentedRaftLogWorker.java:lambda$new$0(133)) - 43136673-c093-486b-8a61-55aa3fed1341@group-0CA9B148280F-SegmentedRaftLogWorker: flushIndex: setUnconditionally 0 -> -1
2021-11-09 00:56:35,570 [pool-543-thread-1] INFO  segmented.SegmentedRaftLogWorker (SegmentedRaftLogWorker.java:lambda$new$0(133)) - 43136673-c093-486b-8a61-55aa3fed1341@group-0CA9B148280F-SegmentedRaftLogWorker: safeCacheEvictIndex: setUnconditionally 0 -> -1
2021-11-09 00:56:35,578 [pool-543-thread-1] INFO  server.RaftServerConfigKeys (ConfUtils.java:logGet(44)) - raft.server.snapshot.auto.trigger.enabled = true (custom)
2021-11-09 00:56:35,579 [pool-543-thread-1] INFO  server.RaftServerConfigKeys (ConfUtils.java:logGet(44)) - raft.server.snapshot.auto.trigger.threshold = 10000 (custom)
2021-11-09 00:56:35,579 [pool-543-thread-1] INFO  server.RaftServerConfigKeys (ConfUtils.java:logGet(44)) - raft.server.snapshot.retention.file.num = 5 (custom)
2021-11-09 00:56:35,579 [pool-543-thread-1] INFO  server.RaftServerConfigKeys (ConfUtils.java:logGet(44)) - raft.server.log.purge.upto.snapshot.index = false (default)
2021-11-09 00:56:35,579 [pool-543-thread-1] INFO  server.RaftServerConfigKeys (ConfUtils.java:logGet(44)) - raft.server.retrycache.expirytime = 600000ms (custom)
2021-11-09 00:56:35,579 [pool-543-thread-1] INFO  server.RaftServerConfigKeys (ConfUtils.java:logGet(44)) - raft.server.retrycache.statistics.expirytime = 100μs (default)
2021-11-09 00:56:35,580 [pool-543-thread-1] INFO  server.RaftServer$Division (RaftServerImpl.java:start(301)) - 43136673-c093-486b-8a61-55aa3fed1341@group-0CA9B148280F: start as a follower, conf=-1: [4430b70e-e2dc-4778-891b-decd59bd04d3|rpc:10.1.0.58:37555|dataStream:|priority:0, d5ae86a0-e3e8-461b-b600-8c2d036507b1|rpc:10.1.0.58:45525|dataStream:|priority:1, 43136673-c093-486b-8a61-55aa3fed1341|rpc:10.1.0.58:34809|dataStream:|priority:0], old=null
2021-11-09 00:56:35,580 [pool-543-thread-1] INFO  server.RaftServer$Division (RaftServerImpl.java:setRole(290)) - 43136673-c093-486b-8a61-55aa3fed1341@group-0CA9B148280F: changes role from      null to FOLLOWER at term 0 for startAsFollower
2021-11-09 00:56:35,580 [pool-543-thread-1] INFO  impl.RoleInfo (RoleInfo.java:updateAndGet(130)) - 43136673-c093-486b-8a61-55aa3fed1341: start 43136673-c093-486b-8a61-55aa3fed1341@group-0CA9B148280F-FollowerState
2021-11-09 00:56:35,596 [pool-543-thread-1] INFO  util.JmxRegister (JmxRegister.java:tryRegister(44)) - Successfully registered JMX Bean with object name Ratis:service=RaftServer,group=group-0CA9B148280F,id=43136673-c093-486b-8a61-55aa3fed1341
2021-11-09 00:56:35,653 [Command processor thread] INFO  commandhandler.CreatePipelineCommandHandler (CreatePipelineCommandHandler.java:handle(106)) - Created Pipeline RATIS THREE PipelineID=0db9cd4f-359d-47fc-b6d2-0ca9b148280f.
2021-11-09 00:56:35,796 [Command processor thread] INFO  server.RaftServer (RaftServerProxy.java:addNew(95)) - 43136673-c093-486b-8a61-55aa3fed1341: addNew group-A72BC00D5B3B:[43136673-c093-486b-8a61-55aa3fed1341|rpc:10.1.0.58:34809|priority:1] returns group-A72BC00D5B3B:java.util.concurrent.CompletableFuture@7e5714b1[Not completed]
2021-11-09 00:56:35,797 [pool-543-thread-1] INFO  server.RaftServer$Division (RaftServerImpl.java:<init>(184)) - 43136673-c093-486b-8a61-55aa3fed1341: new RaftServerImpl for group-A72BC00D5B3B:[43136673-c093-486b-8a61-55aa3fed1341|rpc:10.1.0.58:34809|priority:1] with ContainerStateMachine:uninitialized
2021-11-09 00:56:35,797 [pool-543-thread-1] INFO  server.RaftServerConfigKeys (ConfUtils.java:logGet(44)) - raft.server.rpc.timeout.min = 5s (custom)
2021-11-09 00:56:35,797 [pool-543-thread-1] INFO  server.RaftServerConfigKeys (ConfUtils.java:logGet(44)) - raft.server.rpc.timeout.max = 5200ms (custom)
2021-11-09 00:56:35,797 [pool-543-thread-1] INFO  server.RaftServerConfigKeys (ConfUtils.java:logGet(44)) - raft.server.rpc.sleep.time = 25ms (default)
2021-11-09 00:56:35,797 [pool-543-thread-1] INFO  server.RaftServerConfigKeys (ConfUtils.java:logGet(44)) - raft.server.rpc.slowness.timeout = 300000ms (custom)
2021-11-09 00:56:35,797 [pool-543-thread-1] INFO  server.RaftServerConfigKeys (ConfUtils.java:logGet(44)) - raft.server.leaderelection.leader.step-down.wait-time = 10s (default)
2021-11-09 00:56:35,797 [pool-543-thread-1] INFO  server.RaftServerConfigKeys (ConfUtils.java:logGet(44)) - raft.server.sleep.deviation.threshold = 300ms (default)
2021-11-09 00:56:35,797 [pool-543-thread-1] INFO  server.RaftServerConfigKeys (ConfUtils.java:logGet(44)) - raft.server.log.appender.install.snapshot.enabled = false (custom)
2021-11-09 00:56:35,797 [pool-543-thread-1] INFO  server.RaftServer$Division (ServerState.java:<init>(105)) - 43136673-c093-486b-8a61-55aa3fed1341@group-A72BC00D5B3B: ConfigurationManager, init=-1: [43136673-c093-486b-8a61-55aa3fed1341|rpc:10.1.0.58:34809|priority:1], old=null, confs=<EMPTY_MAP>
2021-11-09 00:56:35,797 [pool-543-thread-1] INFO  server.RaftServerConfigKeys (ConfUtils.java:logGet(44)) - raft.server.storage.dir = [/home/runner/work/ozone/ozone/hadoop-ozone/integration-test/target/test-dir/MiniOzoneClusterImpl-cebd3685-2b3d-4639-9f0f-41911e64574b/datanode-2/data/ratis] (custom)
2021-11-09 00:56:35,798 [pool-543-thread-1] INFO  server.RaftServerConfigKeys (ConfUtils.java:logGet(44)) - raft.server.log.corruption.policy = EXCEPTION (default)
2021-11-09 00:56:35,798 [pool-543-thread-1] INFO  server.RaftServerConfigKeys (ConfUtils.java:logGet(44)) - raft.server.storage.free-space.min = 0MB (=0) (default)
2021-11-09 00:56:35,798 [pool-543-thread-1] INFO  storage.RaftStorageDirectory (RaftStorageDirectoryImpl.java:analyzeStorage(135)) - The storage directory /home/runner/work/ozone/ozone/hadoop-ozone/integration-test/target/test-dir/MiniOzoneClusterImpl-cebd3685-2b3d-4639-9f0f-41911e64574b/datanode-2/data/ratis/91b13811-3b50-4088-895a-a72bc00d5b3b does not exist. Creating ...
2021-11-09 00:56:35,799 [pool-543-thread-1] INFO  storage.RaftStorageDirectory (RaftStorageDirectoryImpl.java:tryLock(230)) - Lock on /home/runner/work/ozone/ozone/hadoop-ozone/integration-test/target/test-dir/MiniOzoneClusterImpl-cebd3685-2b3d-4639-9f0f-41911e64574b/datanode-2/data/ratis/91b13811-3b50-4088-895a-a72bc00d5b3b/in_use.lock acquired by nodename 2851@fv-az294-841
2021-11-09 00:56:35,802 [pool-543-thread-1] INFO  storage.RaftStorage (RaftStorageImpl.java:format(89)) - Storage directory /home/runner/work/ozone/ozone/hadoop-ozone/integration-test/target/test-dir/MiniOzoneClusterImpl-cebd3685-2b3d-4639-9f0f-41911e64574b/datanode-2/data/ratis/91b13811-3b50-4088-895a-a72bc00d5b3b has been successfully formatted.
2021-11-09 00:56:35,808 [EventQueue-PipelineReportForPipelineReportHandler] INFO  pipeline.PipelineManagerImpl (PipelineManagerImpl.java:openPipeline(289)) - Pipeline Pipeline[ Id: 91b13811-3b50-4088-895a-a72bc00d5b3b, Nodes: 43136673-c093-486b-8a61-55aa3fed1341{ip: 10.1.0.58, host: fv-az294-841.eaanfquahm5ulb5tj050gcxych.jx.internal.cloudapp.net, ports: [REPLICATION=33899, RATIS=34809, RATIS_ADMIN=34809, RATIS_SERVER=34809, STANDALONE=39677], networkLocation: /default-rack, certSerialId: null, persistedOpState: IN_SERVICE, persistedOpStateExpiryEpochSec: 0}, ReplicationConfig: RATIS/ONE, State:ALLOCATED, leaderId:43136673-c093-486b-8a61-55aa3fed1341, CreationTimestamp2021-11-09T00:56:32.801Z[Etc/UTC]] moved to OPEN state
2021-11-09 00:56:35,809 [EventQueue-OpenPipelineForHealthyPipelineSafeModeRule] INFO  safemode.SCMSafeModeManager (HealthyPipelineSafeModeRule.java:process(124)) - SCM in safe mode. Healthy pipelines reported count is 0, required healthy pipeline reported count is 1
2021-11-09 00:56:35,809 [pool-543-thread-1] INFO  ratis.ContainerStateMachine (ContainerStateMachine.java:loadSnapshot(224)) - group-A72BC00D5B3B: The snapshot info is null. Setting the last applied indexto:(t:0, i:~)
2021-11-09 00:56:35,809 [pool-543-thread-1] INFO  server.RaftServerConfigKeys (ConfUtils.java:logGet(44)) - raft.server.notification.no-leader.timeout = 300000ms (custom)
2021-11-09 00:56:35,809 [pool-543-thread-1] INFO  server.RaftServerConfigKeys (ConfUtils.java:logGet(44)) - raft.server.log.use.memory = false (default)
2021-11-09 00:56:35,809 [pool-543-thread-1] INFO  server.RaftServerConfigKeys (ConfUtils.java:logGet(44)) - raft.server.log.purge.gap = 1000000 (custom)
2021-11-09 00:56:35,809 [pool-543-thread-1] INFO  server.RaftServerConfigKeys (ConfUtils.java:logGet(44)) - raft.server.log.appender.buffer.byte-limit = 33554432 (custom)
2021-11-09 00:56:35,810 [pool-543-thread-1] INFO  server.RaftServerConfigKeys (ConfUtils.java:logGet(44)) - raft.server.log.segment.size.max = 1048576 (custom)
2021-11-09 00:56:35,810 [pool-543-thread-1] INFO  server.RaftServerConfigKeys (ConfUtils.java:logGet(44)) - raft.server.log.segment.cache.num.max = 2 (custom)
2021-11-09 00:56:35,810 [pool-543-thread-1] INFO  server.RaftServerConfigKeys (ConfUtils.java:logGet(44)) - raft.server.log.segment.cache.size.max = 200MB (=209715200) (default)
2021-11-09 00:56:35,810 [pool-543-thread-1] INFO  segmented.SegmentedRaftLogWorker (SegmentedRaftLogWorker.java:<init>(182)) - new 43136673-c093-486b-8a61-55aa3fed1341@group-A72BC00D5B3B-SegmentedRaftLogWorker for RaftStorageImpl:Storage Directory /home/runner/work/ozone/ozone/hadoop-ozone/integration-test/target/test-dir/MiniOzoneClusterImpl-cebd3685-2b3d-4639-9f0f-41911e64574b/datanode-2/data/ratis/91b13811-3b50-4088-895a-a72bc00d5b3b
2021-11-09 00:56:35,810 [pool-543-thread-1] INFO  server.RaftServerConfigKeys (ConfUtils.java:logGet(44)) - raft.server.log.queue.byte-limit = 2147483647 (custom)
2021-11-09 00:56:35,810 [pool-543-thread-1] INFO  server.RaftServerConfigKeys (ConfUtils.java:logGet(44)) - raft.server.log.queue.element-limit = 1024 (custom)
2021-11-09 00:56:35,810 [pool-543-thread-1] INFO  server.RaftServerConfigKeys (ConfUtils.java:logGet(44)) - raft.server.log.segment.size.max = 1048576 (custom)
2021-11-09 00:56:35,810 [pool-543-thread-1] INFO  server.RaftServerConfigKeys (ConfUtils.java:logGet(44)) - raft.server.log.preallocated.size = 16384 (custom)
2021-11-09 00:56:35,810 [pool-543-thread-1] INFO  server.RaftServerConfigKeys (ConfUtils.java:logGet(44)) - raft.server.log.force.sync.num = 128 (default)
2021-11-09 00:56:35,811 [pool-543-thread-1] INFO  server.RaftServerConfigKeys (ConfUtils.java:logGet(44)) - raft.server.log.statemachine.data.sync = true (default)
2021-11-09 00:56:35,811 [pool-543-thread-1] INFO  server.RaftServerConfigKeys (ConfUtils.java:logGet(44)) - raft.server.log.statemachine.data.sync.timeout = 10s (default)
2021-11-09 00:56:35,811 [pool-543-thread-1] INFO  server.RaftServerConfigKeys (ConfUtils.java:logGet(44)) - raft.server.log.statemachine.data.sync.timeout.retry = -1 (default)
2021-11-09 00:56:35,812 [pool-543-thread-1] INFO  server.RaftServerConfigKeys (ConfUtils.java:logGet(44)) - raft.server.log.write.buffer.size = 1048576 (custom)
2021-11-09 00:56:35,815 [pool-543-thread-1] INFO  server.RaftServerConfigKeys (ConfUtils.java:logGet(44)) - raft.server.log.statemachine.data.caching.enabled = true (custom)
2021-11-09 00:56:35,816 [pool-543-thread-1] INFO  segmented.SegmentedRaftLogWorker (SegmentedRaftLogWorker.java:lambda$new$0(133)) - 43136673-c093-486b-8a61-55aa3fed1341@group-A72BC00D5B3B-SegmentedRaftLogWorker: flushIndex: setUnconditionally 0 -> -1
2021-11-09 00:56:35,816 [pool-543-thread-1] INFO  segmented.SegmentedRaftLogWorker (SegmentedRaftLogWorker.java:lambda$new$0(133)) - 43136673-c093-486b-8a61-55aa3fed1341@group-A72BC00D5B3B-SegmentedRaftLogWorker: safeCacheEvictIndex: setUnconditionally 0 -> -1
2021-11-09 00:56:35,826 [pool-543-thread-1] INFO  server.RaftServerConfigKeys (ConfUtils.java:logGet(44)) - raft.server.snapshot.auto.trigger.enabled = true (custom)
2021-11-09 00:56:35,826 [pool-543-thread-1] INFO  server.RaftServerConfigKeys (ConfUtils.java:logGet(44)) - raft.server.snapshot.auto.trigger.threshold = 10000 (custom)
2021-11-09 00:56:35,826 [pool-543-thread-1] INFO  server.RaftServerConfigKeys (ConfUtils.java:logGet(44)) - raft.server.snapshot.retention.file.num = 5 (custom)
2021-11-09 00:56:35,826 [pool-543-thread-1] INFO  server.RaftServerConfigKeys (ConfUtils.java:logGet(44)) - raft.server.log.purge.upto.snapshot.index = false (default)
2021-11-09 00:56:35,826 [pool-543-thread-1] INFO  server.RaftServerConfigKeys (ConfUtils.java:logGet(44)) - raft.server.retrycache.expirytime = 600000ms (custom)
2021-11-09 00:56:35,826 [pool-543-thread-1] INFO  server.RaftServerConfigKeys (ConfUtils.java:logGet(44)) - raft.server.retrycache.statistics.expirytime = 100μs (default)
2021-11-09 00:56:35,827 [pool-543-thread-1] INFO  server.RaftServer$Division (RaftServerImpl.java:start(301)) - 43136673-c093-486b-8a61-55aa3fed1341@group-A72BC00D5B3B: start as a follower, conf=-1: [43136673-c093-486b-8a61-55aa3fed1341|rpc:10.1.0.58:34809|priority:1], old=null
2021-11-09 00:56:35,827 [pool-543-thread-1] INFO  server.RaftServer$Division (RaftServerImpl.java:setRole(290)) - 43136673-c093-486b-8a61-55aa3fed1341@group-A72BC00D5B3B: changes role from      null to FOLLOWER at term 0 for startAsFollower
2021-11-09 00:56:35,827 [pool-543-thread-1] INFO  impl.RoleInfo (RoleInfo.java:updateAndGet(130)) - 43136673-c093-486b-8a61-55aa3fed1341: start 43136673-c093-486b-8a61-55aa3fed1341@group-A72BC00D5B3B-FollowerState
2021-11-09 00:56:35,852 [pool-543-thread-1] INFO  util.JmxRegister (JmxRegister.java:tryRegister(44)) - Successfully registered JMX Bean with object name Ratis:service=RaftServer,group=group-A72BC00D5B3B,id=43136673-c093-486b-8a61-55aa3fed1341
2021-11-09 00:56:35,854 [Command processor thread] INFO  ratis.XceiverServerRatis (XceiverServerRatis.java:addGroup(768)) - Created group PipelineID=91b13811-3b50-4088-895a-a72bc00d5b3b
2021-11-09 00:56:35,854 [Command processor thread] INFO  commandhandler.CreatePipelineCommandHandler (CreatePipelineCommandHandler.java:handle(106)) - Created Pipeline RATIS ONE PipelineID=91b13811-3b50-4088-895a-a72bc00d5b3b.
2021-11-09 00:56:36,115 [Command processor thread] INFO  server.RaftServer (RaftServerProxy.java:addNew(95)) - 5b8b357e-6f93-4947-883b-a4d8a2742106: addNew group-EB3C263F7C8C:[5b8b357e-6f93-4947-883b-a4d8a2742106|rpc:10.1.0.58:46289|priority:1] returns group-EB3C263F7C8C:java.util.concurrent.CompletableFuture@53580e45[Not completed]
2021-11-09 00:56:36,119 [pool-562-thread-1] INFO  server.RaftServer$Division (RaftServerImpl.java:<init>(184)) - 5b8b357e-6f93-4947-883b-a4d8a2742106: new RaftServerImpl for group-EB3C263F7C8C:[5b8b357e-6f93-4947-883b-a4d8a2742106|rpc:10.1.0.58:46289|priority:1] with ContainerStateMachine:uninitialized
2021-11-09 00:56:36,119 [pool-562-thread-1] INFO  server.RaftServerConfigKeys (ConfUtils.java:logGet(44)) - raft.server.rpc.timeout.min = 5s (custom)
2021-11-09 00:56:36,119 [pool-562-thread-1] INFO  server.RaftServerConfigKeys (ConfUtils.java:logGet(44)) - raft.server.rpc.timeout.max = 5200ms (custom)
2021-11-09 00:56:36,119 [pool-562-thread-1] INFO  server.RaftServerConfigKeys (ConfUtils.java:logGet(44)) - raft.server.rpc.sleep.time = 25ms (default)
2021-11-09 00:56:36,120 [pool-562-thread-1] INFO  server.RaftServerConfigKeys (ConfUtils.java:logGet(44)) - raft.server.rpc.slowness.timeout = 300000ms (custom)
2021-11-09 00:56:36,120 [pool-562-thread-1] INFO  server.RaftServerConfigKeys (ConfUtils.java:logGet(44)) - raft.server.leaderelection.leader.step-down.wait-time = 10s (default)
2021-11-09 00:56:36,120 [pool-562-thread-1] INFO  server.RaftServerConfigKeys (ConfUtils.java:logGet(44)) - raft.server.sleep.deviation.threshold = 300ms (default)
2021-11-09 00:56:36,120 [pool-562-thread-1] INFO  server.RaftServerConfigKeys (ConfUtils.java:logGet(44)) - raft.server.log.appender.install.snapshot.enabled = false (custom)
2021-11-09 00:56:36,120 [pool-562-thread-1] INFO  server.RaftServer$Division (ServerState.java:<init>(105)) - 5b8b357e-6f93-4947-883b-a4d8a2742106@group-EB3C263F7C8C: ConfigurationManager, init=-1: [5b8b357e-6f93-4947-883b-a4d8a2742106|rpc:10.1.0.58:46289|priority:1], old=null, confs=<EMPTY_MAP>
2021-11-09 00:56:36,120 [pool-562-thread-1] INFO  server.RaftServerConfigKeys (ConfUtils.java:logGet(44)) - raft.server.storage.dir = [/home/runner/work/ozone/ozone/hadoop-ozone/integration-test/target/test-dir/MiniOzoneClusterImpl-cebd3685-2b3d-4639-9f0f-41911e64574b/datanode-3/data/ratis] (custom)
2021-11-09 00:56:36,120 [pool-562-thread-1] INFO  server.RaftServerConfigKeys (ConfUtils.java:logGet(44)) - raft.server.log.corruption.policy = EXCEPTION (default)
2021-11-09 00:56:36,120 [pool-562-thread-1] INFO  server.RaftServerConfigKeys (ConfUtils.java:logGet(44)) - raft.server.storage.free-space.min = 0MB (=0) (default)
2021-11-09 00:56:36,120 [pool-562-thread-1] INFO  storage.RaftStorageDirectory (RaftStorageDirectoryImpl.java:analyzeStorage(135)) - The storage directory /home/runner/work/ozone/ozone/hadoop-ozone/integration-test/target/test-dir/MiniOzoneClusterImpl-cebd3685-2b3d-4639-9f0f-41911e64574b/datanode-3/data/ratis/b34201ca-3705-486d-81c7-eb3c263f7c8c does not exist. Creating ...
2021-11-09 00:56:36,143 [pool-562-thread-1] INFO  storage.RaftStorageDirectory (RaftStorageDirectoryImpl.java:tryLock(230)) - Lock on /home/runner/work/ozone/ozone/hadoop-ozone/integration-test/target/test-dir/MiniOzoneClusterImpl-cebd3685-2b3d-4639-9f0f-41911e64574b/datanode-3/data/ratis/b34201ca-3705-486d-81c7-eb3c263f7c8c/in_use.lock acquired by nodename 2851@fv-az294-841
2021-11-09 00:56:36,144 [pool-562-thread-1] INFO  storage.RaftStorage (RaftStorageImpl.java:format(89)) - Storage directory /home/runner/work/ozone/ozone/hadoop-ozone/integration-test/target/test-dir/MiniOzoneClusterImpl-cebd3685-2b3d-4639-9f0f-41911e64574b/datanode-3/data/ratis/b34201ca-3705-486d-81c7-eb3c263f7c8c has been successfully formatted.
2021-11-09 00:56:36,145 [pool-562-thread-1] INFO  ratis.ContainerStateMachine (ContainerStateMachine.java:loadSnapshot(224)) - group-EB3C263F7C8C: The snapshot info is null. Setting the last applied indexto:(t:0, i:~)
2021-11-09 00:56:36,146 [pool-562-thread-1] INFO  server.RaftServerConfigKeys (ConfUtils.java:logGet(44)) - raft.server.notification.no-leader.timeout = 300000ms (custom)
2021-11-09 00:56:36,146 [pool-562-thread-1] INFO  server.RaftServerConfigKeys (ConfUtils.java:logGet(44)) - raft.server.log.use.memory = false (default)
2021-11-09 00:56:36,146 [pool-562-thread-1] INFO  server.RaftServerConfigKeys (ConfUtils.java:logGet(44)) - raft.server.log.purge.gap = 1000000 (custom)
2021-11-09 00:56:36,146 [pool-562-thread-1] INFO  server.RaftServerConfigKeys (ConfUtils.java:logGet(44)) - raft.server.log.appender.buffer.byte-limit = 33554432 (custom)
2021-11-09 00:56:36,146 [pool-562-thread-1] INFO  server.RaftServerConfigKeys (ConfUtils.java:logGet(44)) - raft.server.log.segment.size.max = 1048576 (custom)
2021-11-09 00:56:36,146 [pool-562-thread-1] INFO  server.RaftServerConfigKeys (ConfUtils.java:logGet(44)) - raft.server.log.segment.cache.num.max = 2 (custom)
2021-11-09 00:56:36,146 [pool-562-thread-1] INFO  server.RaftServerConfigKeys (ConfUtils.java:logGet(44)) - raft.server.log.segment.cache.size.max = 200MB (=209715200) (default)
2021-11-09 00:56:36,146 [pool-562-thread-1] INFO  segmented.SegmentedRaftLogWorker (SegmentedRaftLogWorker.java:<init>(182)) - new 5b8b357e-6f93-4947-883b-a4d8a2742106@group-EB3C263F7C8C-SegmentedRaftLogWorker for RaftStorageImpl:Storage Directory /home/runner/work/ozone/ozone/hadoop-ozone/integration-test/target/test-dir/MiniOzoneClusterImpl-cebd3685-2b3d-4639-9f0f-41911e64574b/datanode-3/data/ratis/b34201ca-3705-486d-81c7-eb3c263f7c8c
2021-11-09 00:56:36,147 [pool-562-thread-1] INFO  server.RaftServerConfigKeys (ConfUtils.java:logGet(44)) - raft.server.log.queue.byte-limit = 2147483647 (custom)
2021-11-09 00:56:36,147 [pool-562-thread-1] INFO  server.RaftServerConfigKeys (ConfUtils.java:logGet(44)) - raft.server.log.queue.element-limit = 1024 (custom)
2021-11-09 00:56:36,147 [pool-562-thread-1] INFO  server.RaftServerConfigKeys (ConfUtils.java:logGet(44)) - raft.server.log.segment.size.max = 1048576 (custom)
2021-11-09 00:56:36,147 [pool-562-thread-1] INFO  server.RaftServerConfigKeys (ConfUtils.java:logGet(44)) - raft.server.log.preallocated.size = 16384 (custom)
2021-11-09 00:56:36,147 [pool-562-thread-1] INFO  server.RaftServerConfigKeys (ConfUtils.java:logGet(44)) - raft.server.log.force.sync.num = 128 (default)
2021-11-09 00:56:36,147 [pool-562-thread-1] INFO  server.RaftServerConfigKeys (ConfUtils.java:logGet(44)) - raft.server.log.statemachine.data.sync = true (default)
2021-11-09 00:56:36,147 [pool-562-thread-1] INFO  server.RaftServerConfigKeys (ConfUtils.java:logGet(44)) - raft.server.log.statemachine.data.sync.timeout = 10s (default)
2021-11-09 00:56:36,147 [pool-562-thread-1] INFO  server.RaftServerConfigKeys (ConfUtils.java:logGet(44)) - raft.server.log.statemachine.data.sync.timeout.retry = -1 (default)
2021-11-09 00:56:36,148 [EventQueue-PipelineReportForPipelineReportHandler] INFO  pipeline.PipelineManagerImpl (PipelineManagerImpl.java:openPipeline(289)) - Pipeline Pipeline[ Id: b34201ca-3705-486d-81c7-eb3c263f7c8c, Nodes: 5b8b357e-6f93-4947-883b-a4d8a2742106{ip: 10.1.0.58, host: fv-az294-841.eaanfquahm5ulb5tj050gcxych.jx.internal.cloudapp.net, ports: [REPLICATION=38571, RATIS=46289, RATIS_ADMIN=46289, RATIS_SERVER=46289, STANDALONE=44983], networkLocation: /default-rack, certSerialId: null, persistedOpState: IN_SERVICE, persistedOpStateExpiryEpochSec: 0}, ReplicationConfig: RATIS/ONE, State:ALLOCATED, leaderId:5b8b357e-6f93-4947-883b-a4d8a2742106, CreationTimestamp2021-11-09T00:56:33.110Z[Etc/UTC]] moved to OPEN state
2021-11-09 00:56:36,207 [EventQueue-OpenPipelineForHealthyPipelineSafeModeRule] INFO  safemode.SCMSafeModeManager (HealthyPipelineSafeModeRule.java:process(124)) - SCM in safe mode. Healthy pipelines reported count is 0, required healthy pipeline reported count is 1
2021-11-09 00:56:36,207 [pool-562-thread-1] INFO  server.RaftServerConfigKeys (ConfUtils.java:logGet(44)) - raft.server.log.write.buffer.size = 1048576 (custom)
2021-11-09 00:56:36,208 [pool-562-thread-1] INFO  server.RaftServerConfigKeys (ConfUtils.java:logGet(44)) - raft.server.log.statemachine.data.caching.enabled = true (custom)
2021-11-09 00:56:36,208 [pool-562-thread-1] INFO  segmented.SegmentedRaftLogWorker (SegmentedRaftLogWorker.java:lambda$new$0(133)) - 5b8b357e-6f93-4947-883b-a4d8a2742106@group-EB3C263F7C8C-SegmentedRaftLogWorker: flushIndex: setUnconditionally 0 -> -1
2021-11-09 00:56:36,208 [pool-562-thread-1] INFO  segmented.SegmentedRaftLogWorker (SegmentedRaftLogWorker.java:lambda$new$0(133)) - 5b8b357e-6f93-4947-883b-a4d8a2742106@group-EB3C263F7C8C-SegmentedRaftLogWorker: safeCacheEvictIndex: setUnconditionally 0 -> -1
2021-11-09 00:56:36,219 [pool-562-thread-1] INFO  server.RaftServerConfigKeys (ConfUtils.java:logGet(44)) - raft.server.snapshot.auto.trigger.enabled = true (custom)
2021-11-09 00:56:36,219 [pool-562-thread-1] INFO  server.RaftServerConfigKeys (ConfUtils.java:logGet(44)) - raft.server.snapshot.auto.trigger.threshold = 10000 (custom)
2021-11-09 00:56:36,219 [pool-562-thread-1] INFO  server.RaftServerConfigKeys (ConfUtils.java:logGet(44)) - raft.server.snapshot.retention.file.num = 5 (custom)
2021-11-09 00:56:36,219 [pool-562-thread-1] INFO  server.RaftServerConfigKeys (ConfUtils.java:logGet(44)) - raft.server.log.purge.upto.snapshot.index = false (default)
2021-11-09 00:56:36,219 [pool-562-thread-1] INFO  server.RaftServerConfigKeys (ConfUtils.java:logGet(44)) - raft.server.retrycache.expirytime = 600000ms (custom)
2021-11-09 00:56:36,220 [pool-562-thread-1] INFO  server.RaftServerConfigKeys (ConfUtils.java:logGet(44)) - raft.server.retrycache.statistics.expirytime = 100μs (default)
2021-11-09 00:56:36,221 [pool-562-thread-1] INFO  server.RaftServer$Division (RaftServerImpl.java:start(301)) - 5b8b357e-6f93-4947-883b-a4d8a2742106@group-EB3C263F7C8C: start as a follower, conf=-1: [5b8b357e-6f93-4947-883b-a4d8a2742106|rpc:10.1.0.58:46289|priority:1], old=null
2021-11-09 00:56:36,221 [pool-562-thread-1] INFO  server.RaftServer$Division (RaftServerImpl.java:setRole(290)) - 5b8b357e-6f93-4947-883b-a4d8a2742106@group-EB3C263F7C8C: changes role from      null to FOLLOWER at term 0 for startAsFollower
2021-11-09 00:56:36,221 [pool-562-thread-1] INFO  impl.RoleInfo (RoleInfo.java:updateAndGet(130)) - 5b8b357e-6f93-4947-883b-a4d8a2742106: start 5b8b357e-6f93-4947-883b-a4d8a2742106@group-EB3C263F7C8C-FollowerState
2021-11-09 00:56:36,247 [pool-562-thread-1] INFO  util.JmxRegister (JmxRegister.java:tryRegister(44)) - Successfully registered JMX Bean with object name Ratis:service=RaftServer,group=group-EB3C263F7C8C,id=5b8b357e-6f93-4947-883b-a4d8a2742106
2021-11-09 00:56:36,248 [Command processor thread] INFO  ratis.XceiverServerRatis (XceiverServerRatis.java:addGroup(768)) - Created group PipelineID=b34201ca-3705-486d-81c7-eb3c263f7c8c
2021-11-09 00:56:36,248 [Command processor thread] INFO  commandhandler.CreatePipelineCommandHandler (CreatePipelineCommandHandler.java:handle(106)) - Created Pipeline RATIS ONE PipelineID=b34201ca-3705-486d-81c7-eb3c263f7c8c.
2021-11-09 00:56:36,248 [Command processor thread] INFO  server.RaftServer (RaftServerProxy.java:addNew(95)) - 5b8b357e-6f93-4947-883b-a4d8a2742106: addNew group-97D8B41C262F:[bcfee08b-42a0-42f4-970e-f61215d4b324|rpc:10.1.0.58:34235|priority:0, c17442c2-57b8-4ea9-a6b0-3a357e556ad2|rpc:10.1.0.58:33767|priority:0, 5b8b357e-6f93-4947-883b-a4d8a2742106|rpc:10.1.0.58:46289|priority:1] returns group-97D8B41C262F:java.util.concurrent.CompletableFuture@576780f6[Not completed]
2021-11-09 00:56:36,249 [pool-562-thread-1] INFO  server.RaftServer$Division (RaftServerImpl.java:<init>(184)) - 5b8b357e-6f93-4947-883b-a4d8a2742106: new RaftServerImpl for group-97D8B41C262F:[bcfee08b-42a0-42f4-970e-f61215d4b324|rpc:10.1.0.58:34235|priority:0, c17442c2-57b8-4ea9-a6b0-3a357e556ad2|rpc:10.1.0.58:33767|priority:0, 5b8b357e-6f93-4947-883b-a4d8a2742106|rpc:10.1.0.58:46289|priority:1] with ContainerStateMachine:uninitialized
2021-11-09 00:56:36,249 [pool-562-thread-1] INFO  server.RaftServerConfigKeys (ConfUtils.java:logGet(44)) - raft.server.rpc.timeout.min = 5s (custom)
2021-11-09 00:56:36,249 [pool-562-thread-1] INFO  server.RaftServerConfigKeys (ConfUtils.java:logGet(44)) - raft.server.rpc.timeout.max = 5200ms (custom)
2021-11-09 00:56:36,249 [pool-562-thread-1] INFO  server.RaftServerConfigKeys (ConfUtils.java:logGet(44)) - raft.server.rpc.sleep.time = 25ms (default)
2021-11-09 00:56:36,249 [pool-562-thread-1] INFO  server.RaftServerConfigKeys (ConfUtils.java:logGet(44)) - raft.server.rpc.slowness.timeout = 300000ms (custom)
2021-11-09 00:56:36,249 [pool-562-thread-1] INFO  server.RaftServerConfigKeys (ConfUtils.java:logGet(44)) - raft.server.leaderelection.leader.step-down.wait-time = 10s (default)
2021-11-09 00:56:36,249 [pool-562-thread-1] INFO  server.RaftServerConfigKeys (ConfUtils.java:logGet(44)) - raft.server.sleep.deviation.threshold = 300ms (default)
2021-11-09 00:56:36,249 [pool-562-thread-1] INFO  server.RaftServerConfigKeys (ConfUtils.java:logGet(44)) - raft.server.log.appender.install.snapshot.enabled = false (custom)
2021-11-09 00:56:36,249 [pool-562-thread-1] INFO  server.RaftServer$Division (ServerState.java:<init>(105)) - 5b8b357e-6f93-4947-883b-a4d8a2742106@group-97D8B41C262F: ConfigurationManager, init=-1: [bcfee08b-42a0-42f4-970e-f61215d4b324|rpc:10.1.0.58:34235|priority:0, c17442c2-57b8-4ea9-a6b0-3a357e556ad2|rpc:10.1.0.58:33767|priority:0, 5b8b357e-6f93-4947-883b-a4d8a2742106|rpc:10.1.0.58:46289|priority:1], old=null, confs=<EMPTY_MAP>
2021-11-09 00:56:36,249 [pool-562-thread-1] INFO  server.RaftServerConfigKeys (ConfUtils.java:logGet(44)) - raft.server.storage.dir = [/home/runner/work/ozone/ozone/hadoop-ozone/integration-test/target/test-dir/MiniOzoneClusterImpl-cebd3685-2b3d-4639-9f0f-41911e64574b/datanode-3/data/ratis] (custom)
2021-11-09 00:56:36,250 [pool-562-thread-1] INFO  server.RaftServerConfigKeys (ConfUtils.java:logGet(44)) - raft.server.log.corruption.policy = EXCEPTION (default)
2021-11-09 00:56:36,250 [pool-562-thread-1] INFO  server.RaftServerConfigKeys (ConfUtils.java:logGet(44)) - raft.server.storage.free-space.min = 0MB (=0) (default)
2021-11-09 00:56:36,250 [pool-562-thread-1] INFO  storage.RaftStorageDirectory (RaftStorageDirectoryImpl.java:analyzeStorage(135)) - The storage directory /home/runner/work/ozone/ozone/hadoop-ozone/integration-test/target/test-dir/MiniOzoneClusterImpl-cebd3685-2b3d-4639-9f0f-41911e64574b/datanode-3/data/ratis/1bb12178-3f10-4ea1-9e56-97d8b41c262f does not exist. Creating ...
2021-11-09 00:56:36,253 [pool-562-thread-1] INFO  storage.RaftStorageDirectory (RaftStorageDirectoryImpl.java:tryLock(230)) - Lock on /home/runner/work/ozone/ozone/hadoop-ozone/integration-test/target/test-dir/MiniOzoneClusterImpl-cebd3685-2b3d-4639-9f0f-41911e64574b/datanode-3/data/ratis/1bb12178-3f10-4ea1-9e56-97d8b41c262f/in_use.lock acquired by nodename 2851@fv-az294-841
2021-11-09 00:56:36,255 [pool-562-thread-1] INFO  storage.RaftStorage (RaftStorageImpl.java:format(89)) - Storage directory /home/runner/work/ozone/ozone/hadoop-ozone/integration-test/target/test-dir/MiniOzoneClusterImpl-cebd3685-2b3d-4639-9f0f-41911e64574b/datanode-3/data/ratis/1bb12178-3f10-4ea1-9e56-97d8b41c262f has been successfully formatted.
2021-11-09 00:56:36,255 [pool-562-thread-1] INFO  ratis.ContainerStateMachine (ContainerStateMachine.java:loadSnapshot(224)) - group-97D8B41C262F: The snapshot info is null. Setting the last applied indexto:(t:0, i:~)
2021-11-09 00:56:36,255 [pool-562-thread-1] INFO  server.RaftServerConfigKeys (ConfUtils.java:logGet(44)) - raft.server.notification.no-leader.timeout = 300000ms (custom)
2021-11-09 00:56:36,255 [pool-562-thread-1] INFO  server.RaftServerConfigKeys (ConfUtils.java:logGet(44)) - raft.server.log.use.memory = false (default)
2021-11-09 00:56:36,255 [pool-562-thread-1] INFO  server.RaftServerConfigKeys (ConfUtils.java:logGet(44)) - raft.server.log.purge.gap = 1000000 (custom)
2021-11-09 00:56:36,255 [pool-562-thread-1] INFO  server.RaftServerConfigKeys (ConfUtils.java:logGet(44)) - raft.server.log.appender.buffer.byte-limit = 33554432 (custom)
2021-11-09 00:56:36,255 [pool-562-thread-1] INFO  server.RaftServerConfigKeys (ConfUtils.java:logGet(44)) - raft.server.log.segment.size.max = 1048576 (custom)
2021-11-09 00:56:36,256 [pool-562-thread-1] INFO  server.RaftServerConfigKeys (ConfUtils.java:logGet(44)) - raft.server.log.segment.cache.num.max = 2 (custom)
2021-11-09 00:56:36,256 [pool-562-thread-1] INFO  server.RaftServerConfigKeys (ConfUtils.java:logGet(44)) - raft.server.log.segment.cache.size.max = 200MB (=209715200) (default)
2021-11-09 00:56:36,256 [pool-562-thread-1] INFO  segmented.SegmentedRaftLogWorker (SegmentedRaftLogWorker.java:<init>(182)) - new 5b8b357e-6f93-4947-883b-a4d8a2742106@group-97D8B41C262F-SegmentedRaftLogWorker for RaftStorageImpl:Storage Directory /home/runner/work/ozone/ozone/hadoop-ozone/integration-test/target/test-dir/MiniOzoneClusterImpl-cebd3685-2b3d-4639-9f0f-41911e64574b/datanode-3/data/ratis/1bb12178-3f10-4ea1-9e56-97d8b41c262f
2021-11-09 00:56:36,256 [pool-562-thread-1] INFO  server.RaftServerConfigKeys (ConfUtils.java:logGet(44)) - raft.server.log.queue.byte-limit = 2147483647 (custom)
2021-11-09 00:56:36,256 [pool-562-thread-1] INFO  server.RaftServerConfigKeys (ConfUtils.java:logGet(44)) - raft.server.log.queue.element-limit = 1024 (custom)
2021-11-09 00:56:36,256 [pool-562-thread-1] INFO  server.RaftServerConfigKeys (ConfUtils.java:logGet(44)) - raft.server.log.segment.size.max = 1048576 (custom)
2021-11-09 00:56:36,256 [pool-562-thread-1] INFO  server.RaftServerConfigKeys (ConfUtils.java:logGet(44)) - raft.server.log.preallocated.size = 16384 (custom)
2021-11-09 00:56:36,256 [pool-562-thread-1] INFO  server.RaftServerConfigKeys (ConfUtils.java:logGet(44)) - raft.server.log.force.sync.num = 128 (default)
2021-11-09 00:56:36,256 [pool-562-thread-1] INFO  server.RaftServerConfigKeys (ConfUtils.java:logGet(44)) - raft.server.log.statemachine.data.sync = true (default)
2021-11-09 00:56:36,256 [pool-562-thread-1] INFO  server.RaftServerConfigKeys (ConfUtils.java:logGet(44)) - raft.server.log.statemachine.data.sync.timeout = 10s (default)
2021-11-09 00:56:36,256 [pool-562-thread-1] INFO  server.RaftServerConfigKeys (ConfUtils.java:logGet(44)) - raft.server.log.statemachine.data.sync.timeout.retry = -1 (default)
2021-11-09 00:56:36,257 [pool-562-thread-1] INFO  server.RaftServerConfigKeys (ConfUtils.java:logGet(44)) - raft.server.log.write.buffer.size = 1048576 (custom)
2021-11-09 00:56:36,258 [pool-562-thread-1] INFO  server.RaftServerConfigKeys (ConfUtils.java:logGet(44)) - raft.server.log.statemachine.data.caching.enabled = true (custom)
2021-11-09 00:56:36,258 [pool-562-thread-1] INFO  segmented.SegmentedRaftLogWorker (SegmentedRaftLogWorker.java:lambda$new$0(133)) - 5b8b357e-6f93-4947-883b-a4d8a2742106@group-97D8B41C262F-SegmentedRaftLogWorker: flushIndex: setUnconditionally 0 -> -1
2021-11-09 00:56:36,258 [pool-562-thread-1] INFO  segmented.SegmentedRaftLogWorker (SegmentedRaftLogWorker.java:lambda$new$0(133)) - 5b8b357e-6f93-4947-883b-a4d8a2742106@group-97D8B41C262F-SegmentedRaftLogWorker: safeCacheEvictIndex: setUnconditionally 0 -> -1
2021-11-09 00:56:36,260 [EventQueue-OpenPipelineForHealthyPipelineSafeModeRule] INFO  safemode.SCMSafeModeManager (HealthyPipelineSafeModeRule.java:process(124)) - SCM in safe mode. Healthy pipelines reported count is 0, required healthy pipeline reported count is 1
2021-11-09 00:56:36,268 [pool-562-thread-1] INFO  server.RaftServerConfigKeys (ConfUtils.java:logGet(44)) - raft.server.snapshot.auto.trigger.enabled = true (custom)
2021-11-09 00:56:36,268 [pool-562-thread-1] INFO  server.RaftServerConfigKeys (ConfUtils.java:logGet(44)) - raft.server.snapshot.auto.trigger.threshold = 10000 (custom)
2021-11-09 00:56:36,268 [pool-562-thread-1] INFO  server.RaftServerConfigKeys (ConfUtils.java:logGet(44)) - raft.server.snapshot.retention.file.num = 5 (custom)
2021-11-09 00:56:36,268 [pool-562-thread-1] INFO  server.RaftServerConfigKeys (ConfUtils.java:logGet(44)) - raft.server.log.purge.upto.snapshot.index = false (default)
2021-11-09 00:56:36,268 [pool-562-thread-1] INFO  server.RaftServerConfigKeys (ConfUtils.java:logGet(44)) - raft.server.retrycache.expirytime = 600000ms (custom)
2021-11-09 00:56:36,268 [pool-562-thread-1] INFO  server.RaftServerConfigKeys (ConfUtils.java:logGet(44)) - raft.server.retrycache.statistics.expirytime = 100μs (default)
2021-11-09 00:56:36,269 [pool-562-thread-1] INFO  server.RaftServer$Division (RaftServerImpl.java:start(301)) - 5b8b357e-6f93-4947-883b-a4d8a2742106@group-97D8B41C262F: start as a follower, conf=-1: [bcfee08b-42a0-42f4-970e-f61215d4b324|rpc:10.1.0.58:34235|priority:0, c17442c2-57b8-4ea9-a6b0-3a357e556ad2|rpc:10.1.0.58:33767|priority:0, 5b8b357e-6f93-4947-883b-a4d8a2742106|rpc:10.1.0.58:46289|priority:1], old=null
2021-11-09 00:56:36,269 [pool-562-thread-1] INFO  server.RaftServer$Division (RaftServerImpl.java:setRole(290)) - 5b8b357e-6f93-4947-883b-a4d8a2742106@group-97D8B41C262F: changes role from      null to FOLLOWER at term 0 for startAsFollower
2021-11-09 00:56:36,269 [pool-562-thread-1] INFO  impl.RoleInfo (RoleInfo.java:updateAndGet(130)) - 5b8b357e-6f93-4947-883b-a4d8a2742106: start 5b8b357e-6f93-4947-883b-a4d8a2742106@group-97D8B41C262F-FollowerState
2021-11-09 00:56:36,276 [pool-562-thread-1] INFO  util.JmxRegister (JmxRegister.java:tryRegister(44)) - Successfully registered JMX Bean with object name Ratis:service=RaftServer,group=group-97D8B41C262F,id=5b8b357e-6f93-4947-883b-a4d8a2742106
2021-11-09 00:56:36,278 [Command processor thread] INFO  ratis.XceiverServerRatis (XceiverServerRatis.java:addGroup(768)) - Created group PipelineID=1bb12178-3f10-4ea1-9e56-97d8b41c262f
2021-11-09 00:56:36,301 [grpc-default-executor-1] INFO  server.RaftServer (RaftServerProxy.java:addNew(95)) - bcfee08b-42a0-42f4-970e-f61215d4b324: addNew group-97D8B41C262F:[bcfee08b-42a0-42f4-970e-f61215d4b324|rpc:10.1.0.58:34235|dataStream:|priority:0, c17442c2-57b8-4ea9-a6b0-3a357e556ad2|rpc:10.1.0.58:33767|dataStream:|priority:0, 5b8b357e-6f93-4947-883b-a4d8a2742106|rpc:10.1.0.58:46289|dataStream:|priority:1] returns group-97D8B41C262F:java.util.concurrent.CompletableFuture@7bfadba5[Not completed]
2021-11-09 00:56:36,304 [pool-581-thread-1] INFO  server.RaftServer$Division (RaftServerImpl.java:<init>(184)) - bcfee08b-42a0-42f4-970e-f61215d4b324: new RaftServerImpl for group-97D8B41C262F:[bcfee08b-42a0-42f4-970e-f61215d4b324|rpc:10.1.0.58:34235|dataStream:|priority:0, c17442c2-57b8-4ea9-a6b0-3a357e556ad2|rpc:10.1.0.58:33767|dataStream:|priority:0, 5b8b357e-6f93-4947-883b-a4d8a2742106|rpc:10.1.0.58:46289|dataStream:|priority:1] with ContainerStateMachine:uninitialized
2021-11-09 00:56:36,304 [pool-581-thread-1] INFO  server.RaftServerConfigKeys (ConfUtils.java:logGet(44)) - raft.server.rpc.timeout.min = 5s (custom)
2021-11-09 00:56:36,304 [pool-581-thread-1] INFO  server.RaftServerConfigKeys (ConfUtils.java:logGet(44)) - raft.server.rpc.timeout.max = 5200ms (custom)
2021-11-09 00:56:36,305 [pool-581-thread-1] INFO  server.RaftServerConfigKeys (ConfUtils.java:logGet(44)) - raft.server.rpc.sleep.time = 25ms (default)
2021-11-09 00:56:36,305 [pool-581-thread-1] INFO  server.RaftServerConfigKeys (ConfUtils.java:logGet(44)) - raft.server.rpc.slowness.timeout = 300000ms (custom)
2021-11-09 00:56:36,305 [pool-581-thread-1] INFO  server.RaftServerConfigKeys (ConfUtils.java:logGet(44)) - raft.server.leaderelection.leader.step-down.wait-time = 10s (default)
2021-11-09 00:56:36,305 [pool-581-thread-1] INFO  server.RaftServerConfigKeys (ConfUtils.java:logGet(44)) - raft.server.sleep.deviation.threshold = 300ms (default)
2021-11-09 00:56:36,305 [pool-581-thread-1] INFO  server.RaftServerConfigKeys (ConfUtils.java:logGet(44)) - raft.server.log.appender.install.snapshot.enabled = false (custom)
2021-11-09 00:56:36,305 [pool-581-thread-1] INFO  server.RaftServer$Division (ServerState.java:<init>(105)) - bcfee08b-42a0-42f4-970e-f61215d4b324@group-97D8B41C262F: ConfigurationManager, init=-1: [bcfee08b-42a0-42f4-970e-f61215d4b324|rpc:10.1.0.58:34235|dataStream:|priority:0, c17442c2-57b8-4ea9-a6b0-3a357e556ad2|rpc:10.1.0.58:33767|dataStream:|priority:0, 5b8b357e-6f93-4947-883b-a4d8a2742106|rpc:10.1.0.58:46289|dataStream:|priority:1], old=null, confs=<EMPTY_MAP>
2021-11-09 00:56:36,305 [pool-581-thread-1] INFO  server.RaftServerConfigKeys (ConfUtils.java:logGet(44)) - raft.server.storage.dir = [/home/runner/work/ozone/ozone/hadoop-ozone/integration-test/target/test-dir/MiniOzoneClusterImpl-cebd3685-2b3d-4639-9f0f-41911e64574b/datanode-4/data/ratis] (custom)
2021-11-09 00:56:36,305 [pool-581-thread-1] INFO  server.RaftServerConfigKeys (ConfUtils.java:logGet(44)) - raft.server.log.corruption.policy = EXCEPTION (default)
2021-11-09 00:56:36,305 [pool-581-thread-1] INFO  server.RaftServerConfigKeys (ConfUtils.java:logGet(44)) - raft.server.storage.free-space.min = 0MB (=0) (default)
2021-11-09 00:56:36,305 [pool-581-thread-1] INFO  storage.RaftStorageDirectory (RaftStorageDirectoryImpl.java:analyzeStorage(135)) - The storage directory /home/runner/work/ozone/ozone/hadoop-ozone/integration-test/target/test-dir/MiniOzoneClusterImpl-cebd3685-2b3d-4639-9f0f-41911e64574b/datanode-4/data/ratis/1bb12178-3f10-4ea1-9e56-97d8b41c262f does not exist. Creating ...
2021-11-09 00:56:36,313 [pool-581-thread-1] INFO  storage.RaftStorageDirectory (RaftStorageDirectoryImpl.java:tryLock(230)) - Lock on /home/runner/work/ozone/ozone/hadoop-ozone/integration-test/target/test-dir/MiniOzoneClusterImpl-cebd3685-2b3d-4639-9f0f-41911e64574b/datanode-4/data/ratis/1bb12178-3f10-4ea1-9e56-97d8b41c262f/in_use.lock acquired by nodename 2851@fv-az294-841
2021-11-09 00:56:36,321 [pool-581-thread-1] INFO  storage.RaftStorage (RaftStorageImpl.java:format(89)) - Storage directory /home/runner/work/ozone/ozone/hadoop-ozone/integration-test/target/test-dir/MiniOzoneClusterImpl-cebd3685-2b3d-4639-9f0f-41911e64574b/datanode-4/data/ratis/1bb12178-3f10-4ea1-9e56-97d8b41c262f has been successfully formatted.
2021-11-09 00:56:36,367 [pool-581-thread-1] INFO  ratis.ContainerStateMachine (ContainerStateMachine.java:loadSnapshot(224)) - group-97D8B41C262F: The snapshot info is null. Setting the last applied indexto:(t:0, i:~)
2021-11-09 00:56:36,373 [pool-581-thread-1] INFO  server.RaftServerConfigKeys (ConfUtils.java:logGet(44)) - raft.server.notification.no-leader.timeout = 300000ms (custom)
2021-11-09 00:56:36,373 [pool-581-thread-1] INFO  server.RaftServerConfigKeys (ConfUtils.java:logGet(44)) - raft.server.log.use.memory = false (default)
2021-11-09 00:56:36,373 [pool-581-thread-1] INFO  server.RaftServerConfigKeys (ConfUtils.java:logGet(44)) - raft.server.log.purge.gap = 1000000 (custom)
2021-11-09 00:56:36,373 [pool-581-thread-1] INFO  server.RaftServerConfigKeys (ConfUtils.java:logGet(44)) - raft.server.log.appender.buffer.byte-limit = 33554432 (custom)
2021-11-09 00:56:36,373 [pool-581-thread-1] INFO  server.RaftServerConfigKeys (ConfUtils.java:logGet(44)) - raft.server.log.segment.size.max = 1048576 (custom)
2021-11-09 00:56:36,374 [pool-581-thread-1] INFO  server.RaftServerConfigKeys (ConfUtils.java:logGet(44)) - raft.server.log.segment.cache.num.max = 2 (custom)
2021-11-09 00:56:36,374 [pool-581-thread-1] INFO  server.RaftServerConfigKeys (ConfUtils.java:logGet(44)) - raft.server.log.segment.cache.size.max = 200MB (=209715200) (default)
2021-11-09 00:56:36,374 [pool-581-thread-1] INFO  segmented.SegmentedRaftLogWorker (SegmentedRaftLogWorker.java:<init>(182)) - new bcfee08b-42a0-42f4-970e-f61215d4b324@group-97D8B41C262F-SegmentedRaftLogWorker for RaftStorageImpl:Storage Directory /home/runner/work/ozone/ozone/hadoop-ozone/integration-test/target/test-dir/MiniOzoneClusterImpl-cebd3685-2b3d-4639-9f0f-41911e64574b/datanode-4/data/ratis/1bb12178-3f10-4ea1-9e56-97d8b41c262f
2021-11-09 00:56:36,374 [pool-581-thread-1] INFO  server.RaftServerConfigKeys (ConfUtils.java:logGet(44)) - raft.server.log.queue.byte-limit = 2147483647 (custom)
2021-11-09 00:56:36,374 [pool-581-thread-1] INFO  server.RaftServerConfigKeys (ConfUtils.java:logGet(44)) - raft.server.log.queue.element-limit = 1024 (custom)
2021-11-09 00:56:36,374 [pool-581-thread-1] INFO  server.RaftServerConfigKeys (ConfUtils.java:logGet(44)) - raft.server.log.segment.size.max = 1048576 (custom)
2021-11-09 00:56:36,374 [pool-581-thread-1] INFO  server.RaftServerConfigKeys (ConfUtils.java:logGet(44)) - raft.server.log.preallocated.size = 16384 (custom)
2021-11-09 00:56:36,374 [pool-581-thread-1] INFO  server.RaftServerConfigKeys (ConfUtils.java:logGet(44)) - raft.server.log.force.sync.num = 128 (default)
2021-11-09 00:56:36,374 [pool-581-thread-1] INFO  server.RaftServerConfigKeys (ConfUtils.java:logGet(44)) - raft.server.log.statemachine.data.sync = true (default)
2021-11-09 00:56:36,374 [pool-581-thread-1] INFO  server.RaftServerConfigKeys (ConfUtils.java:logGet(44)) - raft.server.log.statemachine.data.sync.timeout = 10s (default)
2021-11-09 00:56:36,374 [pool-581-thread-1] INFO  server.RaftServerConfigKeys (ConfUtils.java:logGet(44)) - raft.server.log.statemachine.data.sync.timeout.retry = -1 (default)
2021-11-09 00:56:36,375 [pool-581-thread-1] INFO  server.RaftServerConfigKeys (ConfUtils.java:logGet(44)) - raft.server.log.write.buffer.size = 1048576 (custom)
2021-11-09 00:56:36,380 [pool-581-thread-1] INFO  server.RaftServerConfigKeys (ConfUtils.java:logGet(44)) - raft.server.log.statemachine.data.caching.enabled = true (custom)
2021-11-09 00:56:36,380 [pool-581-thread-1] INFO  segmented.SegmentedRaftLogWorker (SegmentedRaftLogWorker.java:lambda$new$0(133)) - bcfee08b-42a0-42f4-970e-f61215d4b324@group-97D8B41C262F-SegmentedRaftLogWorker: flushIndex: setUnconditionally 0 -> -1
2021-11-09 00:56:36,381 [pool-581-thread-1] INFO  segmented.SegmentedRaftLogWorker (SegmentedRaftLogWorker.java:lambda$new$0(133)) - bcfee08b-42a0-42f4-970e-f61215d4b324@group-97D8B41C262F-SegmentedRaftLogWorker: safeCacheEvictIndex: setUnconditionally 0 -> -1
2021-11-09 00:56:36,399 [pool-581-thread-1] INFO  server.RaftServerConfigKeys (ConfUtils.java:logGet(44)) - raft.server.snapshot.auto.trigger.enabled = true (custom)
2021-11-09 00:56:36,399 [pool-581-thread-1] INFO  server.RaftServerConfigKeys (ConfUtils.java:logGet(44)) - raft.server.snapshot.auto.trigger.threshold = 10000 (custom)
2021-11-09 00:56:36,399 [pool-581-thread-1] INFO  server.RaftServerConfigKeys (ConfUtils.java:logGet(44)) - raft.server.snapshot.retention.file.num = 5 (custom)
2021-11-09 00:56:36,399 [pool-581-thread-1] INFO  server.RaftServerConfigKeys (ConfUtils.java:logGet(44)) - raft.server.log.purge.upto.snapshot.index = false (default)
2021-11-09 00:56:36,399 [pool-581-thread-1] INFO  server.RaftServerConfigKeys (ConfUtils.java:logGet(44)) - raft.server.retrycache.expirytime = 600000ms (custom)
2021-11-09 00:56:36,399 [pool-581-thread-1] INFO  server.RaftServerConfigKeys (ConfUtils.java:logGet(44)) - raft.server.retrycache.statistics.expirytime = 100μs (default)
2021-11-09 00:56:36,409 [pool-581-thread-1] INFO  server.RaftServer$Division (RaftServerImpl.java:start(301)) - bcfee08b-42a0-42f4-970e-f61215d4b324@group-97D8B41C262F: start as a follower, conf=-1: [bcfee08b-42a0-42f4-970e-f61215d4b324|rpc:10.1.0.58:34235|dataStream:|priority:0, c17442c2-57b8-4ea9-a6b0-3a357e556ad2|rpc:10.1.0.58:33767|dataStream:|priority:0, 5b8b357e-6f93-4947-883b-a4d8a2742106|rpc:10.1.0.58:46289|dataStream:|priority:1], old=null
2021-11-09 00:56:36,409 [pool-581-thread-1] INFO  server.RaftServer$Division (RaftServerImpl.java:setRole(290)) - bcfee08b-42a0-42f4-970e-f61215d4b324@group-97D8B41C262F: changes role from      null to FOLLOWER at term 0 for startAsFollower
2021-11-09 00:56:36,409 [pool-581-thread-1] INFO  impl.RoleInfo (RoleInfo.java:updateAndGet(130)) - bcfee08b-42a0-42f4-970e-f61215d4b324: start bcfee08b-42a0-42f4-970e-f61215d4b324@group-97D8B41C262F-FollowerState
2021-11-09 00:56:36,410 [pool-581-thread-1] INFO  util.JmxRegister (JmxRegister.java:tryRegister(44)) - Successfully registered JMX Bean with object name Ratis:service=RaftServer,group=group-97D8B41C262F,id=bcfee08b-42a0-42f4-970e-f61215d4b324
2021-11-09 00:56:36,482 [grpc-default-executor-1] INFO  server.RaftServer (RaftServerProxy.java:addNew(95)) - c17442c2-57b8-4ea9-a6b0-3a357e556ad2: addNew group-97D8B41C262F:[bcfee08b-42a0-42f4-970e-f61215d4b324|rpc:10.1.0.58:34235|dataStream:|priority:0, c17442c2-57b8-4ea9-a6b0-3a357e556ad2|rpc:10.1.0.58:33767|dataStream:|priority:0, 5b8b357e-6f93-4947-883b-a4d8a2742106|rpc:10.1.0.58:46289|dataStream:|priority:1] returns group-97D8B41C262F:java.util.concurrent.CompletableFuture@58069fc4[Not completed]
2021-11-09 00:56:36,483 [pool-600-thread-1] INFO  server.RaftServer$Division (RaftServerImpl.java:<init>(184)) - c17442c2-57b8-4ea9-a6b0-3a357e556ad2: new RaftServerImpl for group-97D8B41C262F:[bcfee08b-42a0-42f4-970e-f61215d4b324|rpc:10.1.0.58:34235|dataStream:|priority:0, c17442c2-57b8-4ea9-a6b0-3a357e556ad2|rpc:10.1.0.58:33767|dataStream:|priority:0, 5b8b357e-6f93-4947-883b-a4d8a2742106|rpc:10.1.0.58:46289|dataStream:|priority:1] with ContainerStateMachine:uninitialized
2021-11-09 00:56:36,489 [pool-600-thread-1] INFO  server.RaftServerConfigKeys (ConfUtils.java:logGet(44)) - raft.server.rpc.timeout.min = 5s (custom)
2021-11-09 00:56:36,489 [pool-600-thread-1] INFO  server.RaftServerConfigKeys (ConfUtils.java:logGet(44)) - raft.server.rpc.timeout.max = 5200ms (custom)
2021-11-09 00:56:36,489 [pool-600-thread-1] INFO  server.RaftServerConfigKeys (ConfUtils.java:logGet(44)) - raft.server.rpc.sleep.time = 25ms (default)
2021-11-09 00:56:36,489 [pool-600-thread-1] INFO  server.RaftServerConfigKeys (ConfUtils.java:logGet(44)) - raft.server.rpc.slowness.timeout = 300000ms (custom)
2021-11-09 00:56:36,489 [pool-600-thread-1] INFO  server.RaftServerConfigKeys (ConfUtils.java:logGet(44)) - raft.server.leaderelection.leader.step-down.wait-time = 10s (default)
2021-11-09 00:56:36,489 [pool-600-thread-1] INFO  server.RaftServerConfigKeys (ConfUtils.java:logGet(44)) - raft.server.sleep.deviation.threshold = 300ms (default)
2021-11-09 00:56:36,489 [pool-600-thread-1] INFO  server.RaftServerConfigKeys (ConfUtils.java:logGet(44)) - raft.server.log.appender.install.snapshot.enabled = false (custom)
2021-11-09 00:56:36,489 [pool-600-thread-1] INFO  server.RaftServer$Division (ServerState.java:<init>(105)) - c17442c2-57b8-4ea9-a6b0-3a357e556ad2@group-97D8B41C262F: ConfigurationManager, init=-1: [bcfee08b-42a0-42f4-970e-f61215d4b324|rpc:10.1.0.58:34235|dataStream:|priority:0, c17442c2-57b8-4ea9-a6b0-3a357e556ad2|rpc:10.1.0.58:33767|dataStream:|priority:0, 5b8b357e-6f93-4947-883b-a4d8a2742106|rpc:10.1.0.58:46289|dataStream:|priority:1], old=null, confs=<EMPTY_MAP>
2021-11-09 00:56:36,489 [pool-600-thread-1] INFO  server.RaftServerConfigKeys (ConfUtils.java:logGet(44)) - raft.server.storage.dir = [/home/runner/work/ozone/ozone/hadoop-ozone/integration-test/target/test-dir/MiniOzoneClusterImpl-cebd3685-2b3d-4639-9f0f-41911e64574b/datanode-5/data/ratis] (custom)
2021-11-09 00:56:36,490 [pool-600-thread-1] INFO  server.RaftServerConfigKeys (ConfUtils.java:logGet(44)) - raft.server.log.corruption.policy = EXCEPTION (default)
2021-11-09 00:56:36,490 [pool-600-thread-1] INFO  server.RaftServerConfigKeys (ConfUtils.java:logGet(44)) - raft.server.storage.free-space.min = 0MB (=0) (default)
2021-11-09 00:56:36,490 [pool-600-thread-1] INFO  storage.RaftStorageDirectory (RaftStorageDirectoryImpl.java:analyzeStorage(135)) - The storage directory /home/runner/work/ozone/ozone/hadoop-ozone/integration-test/target/test-dir/MiniOzoneClusterImpl-cebd3685-2b3d-4639-9f0f-41911e64574b/datanode-5/data/ratis/1bb12178-3f10-4ea1-9e56-97d8b41c262f does not exist. Creating ...
2021-11-09 00:56:36,491 [Command processor thread] INFO  server.RaftServer (RaftServerProxy.java:addNew(95)) - bcfee08b-42a0-42f4-970e-f61215d4b324: addNew group-042A55EF5780:[bcfee08b-42a0-42f4-970e-f61215d4b324|rpc:10.1.0.58:34235|priority:1] returns group-042A55EF5780:java.util.concurrent.CompletableFuture@2a340390[Not completed]
2021-11-09 00:56:36,492 [pool-581-thread-1] INFO  server.RaftServer$Division (RaftServerImpl.java:<init>(184)) - bcfee08b-42a0-42f4-970e-f61215d4b324: new RaftServerImpl for group-042A55EF5780:[bcfee08b-42a0-42f4-970e-f61215d4b324|rpc:10.1.0.58:34235|priority:1] with ContainerStateMachine:uninitialized
2021-11-09 00:56:36,492 [pool-581-thread-1] INFO  server.RaftServerConfigKeys (ConfUtils.java:logGet(44)) - raft.server.rpc.timeout.min = 5s (custom)
2021-11-09 00:56:36,492 [pool-581-thread-1] INFO  server.RaftServerConfigKeys (ConfUtils.java:logGet(44)) - raft.server.rpc.timeout.max = 5200ms (custom)
2021-11-09 00:56:36,492 [pool-581-thread-1] INFO  server.RaftServerConfigKeys (ConfUtils.java:logGet(44)) - raft.server.rpc.sleep.time = 25ms (default)
2021-11-09 00:56:36,492 [pool-581-thread-1] INFO  server.RaftServerConfigKeys (ConfUtils.java:logGet(44)) - raft.server.rpc.slowness.timeout = 300000ms (custom)
2021-11-09 00:56:36,492 [pool-581-thread-1] INFO  server.RaftServerConfigKeys (ConfUtils.java:logGet(44)) - raft.server.leaderelection.leader.step-down.wait-time = 10s (default)
2021-11-09 00:56:36,492 [pool-581-thread-1] INFO  server.RaftServerConfigKeys (ConfUtils.java:logGet(44)) - raft.server.sleep.deviation.threshold = 300ms (default)
2021-11-09 00:56:36,492 [pool-581-thread-1] INFO  server.RaftServerConfigKeys (ConfUtils.java:logGet(44)) - raft.server.log.appender.install.snapshot.enabled = false (custom)
2021-11-09 00:56:36,492 [pool-581-thread-1] INFO  server.RaftServer$Division (ServerState.java:<init>(105)) - bcfee08b-42a0-42f4-970e-f61215d4b324@group-042A55EF5780: ConfigurationManager, init=-1: [bcfee08b-42a0-42f4-970e-f61215d4b324|rpc:10.1.0.58:34235|priority:1], old=null, confs=<EMPTY_MAP>
2021-11-09 00:56:36,492 [pool-581-thread-1] INFO  server.RaftServerConfigKeys (ConfUtils.java:logGet(44)) - raft.server.storage.dir = [/home/runner/work/ozone/ozone/hadoop-ozone/integration-test/target/test-dir/MiniOzoneClusterImpl-cebd3685-2b3d-4639-9f0f-41911e64574b/datanode-4/data/ratis] (custom)
2021-11-09 00:56:36,492 [pool-581-thread-1] INFO  server.RaftServerConfigKeys (ConfUtils.java:logGet(44)) - raft.server.log.corruption.policy = EXCEPTION (default)
2021-11-09 00:56:36,492 [pool-581-thread-1] INFO  server.RaftServerConfigKeys (ConfUtils.java:logGet(44)) - raft.server.storage.free-space.min = 0MB (=0) (default)
2021-11-09 00:56:36,492 [pool-581-thread-1] INFO  storage.RaftStorageDirectory (RaftStorageDirectoryImpl.java:analyzeStorage(135)) - The storage directory /home/runner/work/ozone/ozone/hadoop-ozone/integration-test/target/test-dir/MiniOzoneClusterImpl-cebd3685-2b3d-4639-9f0f-41911e64574b/datanode-4/data/ratis/ea6969dd-5a78-408d-a075-042a55ef5780 does not exist. Creating ...
2021-11-09 00:56:36,493 [pool-581-thread-1] INFO  storage.RaftStorageDirectory (RaftStorageDirectoryImpl.java:tryLock(230)) - Lock on /home/runner/work/ozone/ozone/hadoop-ozone/integration-test/target/test-dir/MiniOzoneClusterImpl-cebd3685-2b3d-4639-9f0f-41911e64574b/datanode-4/data/ratis/ea6969dd-5a78-408d-a075-042a55ef5780/in_use.lock acquired by nodename 2851@fv-az294-841
2021-11-09 00:56:36,493 [pool-600-thread-1] INFO  storage.RaftStorageDirectory (RaftStorageDirectoryImpl.java:tryLock(230)) - Lock on /home/runner/work/ozone/ozone/hadoop-ozone/integration-test/target/test-dir/MiniOzoneClusterImpl-cebd3685-2b3d-4639-9f0f-41911e64574b/datanode-5/data/ratis/1bb12178-3f10-4ea1-9e56-97d8b41c262f/in_use.lock acquired by nodename 2851@fv-az294-841
2021-11-09 00:56:36,494 [pool-581-thread-1] INFO  storage.RaftStorage (RaftStorageImpl.java:format(89)) - Storage directory /home/runner/work/ozone/ozone/hadoop-ozone/integration-test/target/test-dir/MiniOzoneClusterImpl-cebd3685-2b3d-4639-9f0f-41911e64574b/datanode-4/data/ratis/ea6969dd-5a78-408d-a075-042a55ef5780 has been successfully formatted.
2021-11-09 00:56:36,494 [pool-581-thread-1] INFO  ratis.ContainerStateMachine (ContainerStateMachine.java:loadSnapshot(224)) - group-042A55EF5780: The snapshot info is null. Setting the last applied indexto:(t:0, i:~)
2021-11-09 00:56:36,495 [pool-581-thread-1] INFO  server.RaftServerConfigKeys (ConfUtils.java:logGet(44)) - raft.server.notification.no-leader.timeout = 300000ms (custom)
2021-11-09 00:56:36,495 [pool-581-thread-1] INFO  server.RaftServerConfigKeys (ConfUtils.java:logGet(44)) - raft.server.log.use.memory = false (default)
2021-11-09 00:56:36,495 [pool-581-thread-1] INFO  server.RaftServerConfigKeys (ConfUtils.java:logGet(44)) - raft.server.log.purge.gap = 1000000 (custom)
2021-11-09 00:56:36,495 [pool-581-thread-1] INFO  server.RaftServerConfigKeys (ConfUtils.java:logGet(44)) - raft.server.log.appender.buffer.byte-limit = 33554432 (custom)
2021-11-09 00:56:36,495 [pool-581-thread-1] INFO  server.RaftServerConfigKeys (ConfUtils.java:logGet(44)) - raft.server.log.segment.size.max = 1048576 (custom)
2021-11-09 00:56:36,495 [pool-581-thread-1] INFO  server.RaftServerConfigKeys (ConfUtils.java:logGet(44)) - raft.server.log.segment.cache.num.max = 2 (custom)
2021-11-09 00:56:36,495 [pool-581-thread-1] INFO  server.RaftServerConfigKeys (ConfUtils.java:logGet(44)) - raft.server.log.segment.cache.size.max = 200MB (=209715200) (default)
2021-11-09 00:56:36,495 [pool-581-thread-1] INFO  segmented.SegmentedRaftLogWorker (SegmentedRaftLogWorker.java:<init>(182)) - new bcfee08b-42a0-42f4-970e-f61215d4b324@group-042A55EF5780-SegmentedRaftLogWorker for RaftStorageImpl:Storage Directory /home/runner/work/ozone/ozone/hadoop-ozone/integration-test/target/test-dir/MiniOzoneClusterImpl-cebd3685-2b3d-4639-9f0f-41911e64574b/datanode-4/data/ratis/ea6969dd-5a78-408d-a075-042a55ef5780
2021-11-09 00:56:36,495 [pool-581-thread-1] INFO  server.RaftServerConfigKeys (ConfUtils.java:logGet(44)) - raft.server.log.queue.byte-limit = 2147483647 (custom)
2021-11-09 00:56:36,495 [pool-581-thread-1] INFO  server.RaftServerConfigKeys (ConfUtils.java:logGet(44)) - raft.server.log.queue.element-limit = 1024 (custom)
2021-11-09 00:56:36,497 [EventQueue-PipelineReportForPipelineReportHandler] INFO  pipeline.PipelineManagerImpl (PipelineManagerImpl.java:openPipeline(289)) - Pipeline Pipeline[ Id: ea6969dd-5a78-408d-a075-042a55ef5780, Nodes: bcfee08b-42a0-42f4-970e-f61215d4b324{ip: 10.1.0.58, host: fv-az294-841.eaanfquahm5ulb5tj050gcxych.jx.internal.cloudapp.net, ports: [REPLICATION=34927, RATIS=34235, RATIS_ADMIN=34235, RATIS_SERVER=34235, STANDALONE=38335], networkLocation: /default-rack, certSerialId: null, persistedOpState: IN_SERVICE, persistedOpStateExpiryEpochSec: 0}, ReplicationConfig: RATIS/ONE, State:ALLOCATED, leaderId:bcfee08b-42a0-42f4-970e-f61215d4b324, CreationTimestamp2021-11-09T00:56:33.493Z[Etc/UTC]] moved to OPEN state
2021-11-09 00:56:36,497 [EventQueue-OpenPipelineForHealthyPipelineSafeModeRule] INFO  safemode.SCMSafeModeManager (HealthyPipelineSafeModeRule.java:process(124)) - SCM in safe mode. Healthy pipelines reported count is 0, required healthy pipeline reported count is 1
2021-11-09 00:56:36,498 [pool-581-thread-1] INFO  server.RaftServerConfigKeys (ConfUtils.java:logGet(44)) - raft.server.log.segment.size.max = 1048576 (custom)
2021-11-09 00:56:36,498 [pool-581-thread-1] INFO  server.RaftServerConfigKeys (ConfUtils.java:logGet(44)) - raft.server.log.preallocated.size = 16384 (custom)
2021-11-09 00:56:36,498 [pool-581-thread-1] INFO  server.RaftServerConfigKeys (ConfUtils.java:logGet(44)) - raft.server.log.force.sync.num = 128 (default)
2021-11-09 00:56:36,498 [pool-581-thread-1] INFO  server.RaftServerConfigKeys (ConfUtils.java:logGet(44)) - raft.server.log.statemachine.data.sync = true (default)
2021-11-09 00:56:36,498 [pool-581-thread-1] INFO  server.RaftServerConfigKeys (ConfUtils.java:logGet(44)) - raft.server.log.statemachine.data.sync.timeout = 10s (default)
2021-11-09 00:56:36,498 [pool-581-thread-1] INFO  server.RaftServerConfigKeys (ConfUtils.java:logGet(44)) - raft.server.log.statemachine.data.sync.timeout.retry = -1 (default)
2021-11-09 00:56:36,499 [pool-581-thread-1] INFO  server.RaftServerConfigKeys (ConfUtils.java:logGet(44)) - raft.server.log.write.buffer.size = 1048576 (custom)
2021-11-09 00:56:36,499 [pool-581-thread-1] INFO  server.RaftServerConfigKeys (ConfUtils.java:logGet(44)) - raft.server.log.statemachine.data.caching.enabled = true (custom)
2021-11-09 00:56:36,499 [pool-581-thread-1] INFO  segmented.SegmentedRaftLogWorker (SegmentedRaftLogWorker.java:lambda$new$0(133)) - bcfee08b-42a0-42f4-970e-f61215d4b324@group-042A55EF5780-SegmentedRaftLogWorker: flushIndex: setUnconditionally 0 -> -1
2021-11-09 00:56:36,501 [pool-581-thread-1] INFO  segmented.SegmentedRaftLogWorker (SegmentedRaftLogWorker.java:lambda$new$0(133)) - bcfee08b-42a0-42f4-970e-f61215d4b324@group-042A55EF5780-SegmentedRaftLogWorker: safeCacheEvictIndex: setUnconditionally 0 -> -1
2021-11-09 00:56:36,512 [pool-581-thread-1] INFO  server.RaftServerConfigKeys (ConfUtils.java:logGet(44)) - raft.server.snapshot.auto.trigger.enabled = true (custom)
2021-11-09 00:56:36,512 [pool-581-thread-1] INFO  server.RaftServerConfigKeys (ConfUtils.java:logGet(44)) - raft.server.snapshot.auto.trigger.threshold = 10000 (custom)
2021-11-09 00:56:36,512 [pool-581-thread-1] INFO  server.RaftServerConfigKeys (ConfUtils.java:logGet(44)) - raft.server.snapshot.retention.file.num = 5 (custom)
2021-11-09 00:56:36,512 [pool-581-thread-1] INFO  server.RaftServerConfigKeys (ConfUtils.java:logGet(44)) - raft.server.log.purge.upto.snapshot.index = false (default)
2021-11-09 00:56:36,512 [pool-581-thread-1] INFO  server.RaftServerConfigKeys (ConfUtils.java:logGet(44)) - raft.server.retrycache.expirytime = 600000ms (custom)
2021-11-09 00:56:36,512 [pool-581-thread-1] INFO  server.RaftServerConfigKeys (ConfUtils.java:logGet(44)) - raft.server.retrycache.statistics.expirytime = 100μs (default)
2021-11-09 00:56:36,514 [pool-581-thread-1] INFO  server.RaftServer$Division (RaftServerImpl.java:start(301)) - bcfee08b-42a0-42f4-970e-f61215d4b324@group-042A55EF5780: start as a follower, conf=-1: [bcfee08b-42a0-42f4-970e-f61215d4b324|rpc:10.1.0.58:34235|priority:1], old=null
2021-11-09 00:56:36,514 [pool-581-thread-1] INFO  server.RaftServer$Division (RaftServerImpl.java:setRole(290)) - bcfee08b-42a0-42f4-970e-f61215d4b324@group-042A55EF5780: changes role from      null to FOLLOWER at term 0 for startAsFollower
2021-11-09 00:56:36,514 [pool-581-thread-1] INFO  impl.RoleInfo (RoleInfo.java:updateAndGet(130)) - bcfee08b-42a0-42f4-970e-f61215d4b324: start bcfee08b-42a0-42f4-970e-f61215d4b324@group-042A55EF5780-FollowerState
2021-11-09 00:56:36,516 [pool-600-thread-1] INFO  storage.RaftStorage (RaftStorageImpl.java:format(89)) - Storage directory /home/runner/work/ozone/ozone/hadoop-ozone/integration-test/target/test-dir/MiniOzoneClusterImpl-cebd3685-2b3d-4639-9f0f-41911e64574b/datanode-5/data/ratis/1bb12178-3f10-4ea1-9e56-97d8b41c262f has been successfully formatted.
2021-11-09 00:56:36,528 [pool-581-thread-1] INFO  util.JmxRegister (JmxRegister.java:tryRegister(44)) - Successfully registered JMX Bean with object name Ratis:service=RaftServer,group=group-042A55EF5780,id=bcfee08b-42a0-42f4-970e-f61215d4b324
2021-11-09 00:56:36,528 [Listener at 127.0.0.1/34135] INFO  ozone.MiniOzoneClusterImpl (MiniOzoneClusterImpl.java:lambda$waitForClusterToBeReady$0(235)) - Nodes are ready. Got 7 of 7 DN Heartbeats.
2021-11-09 00:56:36,528 [Listener at 127.0.0.1/34135] INFO  ozone.MiniOzoneClusterImpl (MiniOzoneClusterImpl.java:lambda$waitForClusterToBeReady$0(238)) - Waiting for cluster to exit safe mode
2021-11-09 00:56:36,528 [Listener at 127.0.0.1/34135] INFO  ozone.MiniOzoneClusterImpl (MiniOzoneClusterImpl.java:lambda$waitForClusterToBeReady$0(240)) - SCM became leader
2021-11-09 00:56:36,539 [Command processor thread] INFO  ratis.XceiverServerRatis (XceiverServerRatis.java:addGroup(768)) - Created group PipelineID=ea6969dd-5a78-408d-a075-042a55ef5780
2021-11-09 00:56:36,539 [Command processor thread] INFO  commandhandler.CreatePipelineCommandHandler (CreatePipelineCommandHandler.java:handle(106)) - Created Pipeline RATIS ONE PipelineID=ea6969dd-5a78-408d-a075-042a55ef5780.
2021-11-09 00:56:36,539 [Command processor thread] INFO  server.RaftServer (RaftServerProxy.java:addNew(95)) - bcfee08b-42a0-42f4-970e-f61215d4b324: addNew group-E6C37EB65C07:[bcfee08b-42a0-42f4-970e-f61215d4b324|rpc:10.1.0.58:34235|priority:0, c17442c2-57b8-4ea9-a6b0-3a357e556ad2|rpc:10.1.0.58:33767|priority:1, 5b8b357e-6f93-4947-883b-a4d8a2742106|rpc:10.1.0.58:46289|priority:0] returns group-E6C37EB65C07:java.util.concurrent.CompletableFuture@24f3f8a6[Not completed]
2021-11-09 00:56:36,540 [pool-581-thread-1] INFO  server.RaftServer$Division (RaftServerImpl.java:<init>(184)) - bcfee08b-42a0-42f4-970e-f61215d4b324: new RaftServerImpl for group-E6C37EB65C07:[bcfee08b-42a0-42f4-970e-f61215d4b324|rpc:10.1.0.58:34235|priority:0, c17442c2-57b8-4ea9-a6b0-3a357e556ad2|rpc:10.1.0.58:33767|priority:1, 5b8b357e-6f93-4947-883b-a4d8a2742106|rpc:10.1.0.58:46289|priority:0] with ContainerStateMachine:uninitialized
2021-11-09 00:56:36,540 [pool-581-thread-1] INFO  server.RaftServerConfigKeys (ConfUtils.java:logGet(44)) - raft.server.rpc.timeout.min = 5s (custom)
2021-11-09 00:56:36,540 [pool-581-thread-1] INFO  server.RaftServerConfigKeys (ConfUtils.java:logGet(44)) - raft.server.rpc.timeout.max = 5200ms (custom)
2021-11-09 00:56:36,540 [pool-581-thread-1] INFO  server.RaftServerConfigKeys (ConfUtils.java:logGet(44)) - raft.server.rpc.sleep.time = 25ms (default)
2021-11-09 00:56:36,540 [pool-581-thread-1] INFO  server.RaftServerConfigKeys (ConfUtils.java:logGet(44)) - raft.server.rpc.slowness.timeout = 300000ms (custom)
2021-11-09 00:56:36,540 [pool-581-thread-1] INFO  server.RaftServerConfigKeys (ConfUtils.java:logGet(44)) - raft.server.leaderelection.leader.step-down.wait-time = 10s (default)
2021-11-09 00:56:36,540 [pool-581-thread-1] INFO  server.RaftServerConfigKeys (ConfUtils.java:logGet(44)) - raft.server.sleep.deviation.threshold = 300ms (default)
2021-11-09 00:56:36,540 [pool-581-thread-1] INFO  server.RaftServerConfigKeys (ConfUtils.java:logGet(44)) - raft.server.log.appender.install.snapshot.enabled = false (custom)
2021-11-09 00:56:36,540 [pool-581-thread-1] INFO  server.RaftServer$Division (ServerState.java:<init>(105)) - bcfee08b-42a0-42f4-970e-f61215d4b324@group-E6C37EB65C07: ConfigurationManager, init=-1: [bcfee08b-42a0-42f4-970e-f61215d4b324|rpc:10.1.0.58:34235|priority:0, c17442c2-57b8-4ea9-a6b0-3a357e556ad2|rpc:10.1.0.58:33767|priority:1, 5b8b357e-6f93-4947-883b-a4d8a2742106|rpc:10.1.0.58:46289|priority:0], old=null, confs=<EMPTY_MAP>
2021-11-09 00:56:36,540 [pool-581-thread-1] INFO  server.RaftServerConfigKeys (ConfUtils.java:logGet(44)) - raft.server.storage.dir = [/home/runner/work/ozone/ozone/hadoop-ozone/integration-test/target/test-dir/MiniOzoneClusterImpl-cebd3685-2b3d-4639-9f0f-41911e64574b/datanode-4/data/ratis] (custom)
2021-11-09 00:56:36,540 [pool-581-thread-1] INFO  server.RaftServerConfigKeys (ConfUtils.java:logGet(44)) - raft.server.log.corruption.policy = EXCEPTION (default)
2021-11-09 00:56:36,540 [pool-581-thread-1] INFO  server.RaftServerConfigKeys (ConfUtils.java:logGet(44)) - raft.server.storage.free-space.min = 0MB (=0) (default)
2021-11-09 00:56:36,540 [pool-581-thread-1] INFO  storage.RaftStorageDirectory (RaftStorageDirectoryImpl.java:analyzeStorage(135)) - The storage directory /home/runner/work/ozone/ozone/hadoop-ozone/integration-test/target/test-dir/MiniOzoneClusterImpl-cebd3685-2b3d-4639-9f0f-41911e64574b/datanode-4/data/ratis/33dc0aea-e458-4224-86b0-e6c37eb65c07 does not exist. Creating ...
2021-11-09 00:56:36,541 [pool-600-thread-1] INFO  ratis.ContainerStateMachine (ContainerStateMachine.java:loadSnapshot(224)) - group-97D8B41C262F: The snapshot info is null. Setting the last applied indexto:(t:0, i:~)
2021-11-09 00:56:36,567 [pool-581-thread-1] INFO  storage.RaftStorageDirectory (RaftStorageDirectoryImpl.java:tryLock(230)) - Lock on /home/runner/work/ozone/ozone/hadoop-ozone/integration-test/target/test-dir/MiniOzoneClusterImpl-cebd3685-2b3d-4639-9f0f-41911e64574b/datanode-4/data/ratis/33dc0aea-e458-4224-86b0-e6c37eb65c07/in_use.lock acquired by nodename 2851@fv-az294-841
2021-11-09 00:56:36,567 [pool-600-thread-1] INFO  server.RaftServerConfigKeys (ConfUtils.java:logGet(44)) - raft.server.notification.no-leader.timeout = 300000ms (custom)
2021-11-09 00:56:36,567 [pool-600-thread-1] INFO  server.RaftServerConfigKeys (ConfUtils.java:logGet(44)) - raft.server.log.use.memory = false (default)
2021-11-09 00:56:36,567 [pool-600-thread-1] INFO  server.RaftServerConfigKeys (ConfUtils.java:logGet(44)) - raft.server.log.purge.gap = 1000000 (custom)
2021-11-09 00:56:36,568 [pool-600-thread-1] INFO  server.RaftServerConfigKeys (ConfUtils.java:logGet(44)) - raft.server.log.appender.buffer.byte-limit = 33554432 (custom)
2021-11-09 00:56:36,568 [pool-600-thread-1] INFO  server.RaftServerConfigKeys (ConfUtils.java:logGet(44)) - raft.server.log.segment.size.max = 1048576 (custom)
2021-11-09 00:56:36,568 [pool-600-thread-1] INFO  server.RaftServerConfigKeys (ConfUtils.java:logGet(44)) - raft.server.log.segment.cache.num.max = 2 (custom)
2021-11-09 00:56:36,569 [pool-600-thread-1] INFO  server.RaftServerConfigKeys (ConfUtils.java:logGet(44)) - raft.server.log.segment.cache.size.max = 200MB (=209715200) (default)
2021-11-09 00:56:36,569 [pool-600-thread-1] INFO  segmented.SegmentedRaftLogWorker (SegmentedRaftLogWorker.java:<init>(182)) - new c17442c2-57b8-4ea9-a6b0-3a357e556ad2@group-97D8B41C262F-SegmentedRaftLogWorker for RaftStorageImpl:Storage Directory /home/runner/work/ozone/ozone/hadoop-ozone/integration-test/target/test-dir/MiniOzoneClusterImpl-cebd3685-2b3d-4639-9f0f-41911e64574b/datanode-5/data/ratis/1bb12178-3f10-4ea1-9e56-97d8b41c262f
2021-11-09 00:56:36,569 [pool-600-thread-1] INFO  server.RaftServerConfigKeys (ConfUtils.java:logGet(44)) - raft.server.log.queue.byte-limit = 2147483647 (custom)
2021-11-09 00:56:36,569 [pool-600-thread-1] INFO  server.RaftServerConfigKeys (ConfUtils.java:logGet(44)) - raft.server.log.queue.element-limit = 1024 (custom)
2021-11-09 00:56:36,569 [pool-600-thread-1] INFO  server.RaftServerConfigKeys (ConfUtils.java:logGet(44)) - raft.server.log.segment.size.max = 1048576 (custom)
2021-11-09 00:56:36,569 [pool-600-thread-1] INFO  server.RaftServerConfigKeys (ConfUtils.java:logGet(44)) - raft.server.log.preallocated.size = 16384 (custom)
2021-11-09 00:56:36,569 [pool-600-thread-1] INFO  server.RaftServerConfigKeys (ConfUtils.java:logGet(44)) - raft.server.log.force.sync.num = 128 (default)
2021-11-09 00:56:36,569 [pool-600-thread-1] INFO  server.RaftServerConfigKeys (ConfUtils.java:logGet(44)) - raft.server.log.statemachine.data.sync = true (default)
2021-11-09 00:56:36,569 [pool-600-thread-1] INFO  server.RaftServerConfigKeys (ConfUtils.java:logGet(44)) - raft.server.log.statemachine.data.sync.timeout = 10s (default)
2021-11-09 00:56:36,569 [pool-600-thread-1] INFO  server.RaftServerConfigKeys (ConfUtils.java:logGet(44)) - raft.server.log.statemachine.data.sync.timeout.retry = -1 (default)
2021-11-09 00:56:36,570 [pool-600-thread-1] INFO  server.RaftServerConfigKeys (ConfUtils.java:logGet(44)) - raft.server.log.write.buffer.size = 1048576 (custom)
2021-11-09 00:56:36,570 [pool-600-thread-1] INFO  server.RaftServerConfigKeys (ConfUtils.java:logGet(44)) - raft.server.log.statemachine.data.caching.enabled = true (custom)
2021-11-09 00:56:36,570 [pool-600-thread-1] INFO  segmented.SegmentedRaftLogWorker (SegmentedRaftLogWorker.java:lambda$new$0(133)) - c17442c2-57b8-4ea9-a6b0-3a357e556ad2@group-97D8B41C262F-SegmentedRaftLogWorker: flushIndex: setUnconditionally 0 -> -1
2021-11-09 00:56:36,571 [pool-600-thread-1] INFO  segmented.SegmentedRaftLogWorker (SegmentedRaftLogWorker.java:lambda$new$0(133)) - c17442c2-57b8-4ea9-a6b0-3a357e556ad2@group-97D8B41C262F-SegmentedRaftLogWorker: safeCacheEvictIndex: setUnconditionally 0 -> -1
2021-11-09 00:56:36,571 [pool-581-thread-1] INFO  storage.RaftStorage (RaftStorageImpl.java:format(89)) - Storage directory /home/runner/work/ozone/ozone/hadoop-ozone/integration-test/target/test-dir/MiniOzoneClusterImpl-cebd3685-2b3d-4639-9f0f-41911e64574b/datanode-4/data/ratis/33dc0aea-e458-4224-86b0-e6c37eb65c07 has been successfully formatted.
2021-11-09 00:56:36,578 [pool-581-thread-1] INFO  ratis.ContainerStateMachine (ContainerStateMachine.java:loadSnapshot(224)) - group-E6C37EB65C07: The snapshot info is null. Setting the last applied indexto:(t:0, i:~)
2021-11-09 00:56:36,578 [pool-581-thread-1] INFO  server.RaftServerConfigKeys (ConfUtils.java:logGet(44)) - raft.server.notification.no-leader.timeout = 300000ms (custom)
2021-11-09 00:56:36,579 [pool-581-thread-1] INFO  server.RaftServerConfigKeys (ConfUtils.java:logGet(44)) - raft.server.log.use.memory = false (default)
2021-11-09 00:56:36,579 [pool-581-thread-1] INFO  server.RaftServerConfigKeys (ConfUtils.java:logGet(44)) - raft.server.log.purge.gap = 1000000 (custom)
2021-11-09 00:56:36,579 [pool-581-thread-1] INFO  server.RaftServerConfigKeys (ConfUtils.java:logGet(44)) - raft.server.log.appender.buffer.byte-limit = 33554432 (custom)
2021-11-09 00:56:36,579 [pool-581-thread-1] INFO  server.RaftServerConfigKeys (ConfUtils.java:logGet(44)) - raft.server.log.segment.size.max = 1048576 (custom)
2021-11-09 00:56:36,579 [pool-581-thread-1] INFO  server.RaftServerConfigKeys (ConfUtils.java:logGet(44)) - raft.server.log.segment.cache.num.max = 2 (custom)
2021-11-09 00:56:36,579 [pool-581-thread-1] INFO  server.RaftServerConfigKeys (ConfUtils.java:logGet(44)) - raft.server.log.segment.cache.size.max = 200MB (=209715200) (default)
2021-11-09 00:56:36,579 [pool-581-thread-1] INFO  segmented.SegmentedRaftLogWorker (SegmentedRaftLogWorker.java:<init>(182)) - new bcfee08b-42a0-42f4-970e-f61215d4b324@group-E6C37EB65C07-SegmentedRaftLogWorker for RaftStorageImpl:Storage Directory /home/runner/work/ozone/ozone/hadoop-ozone/integration-test/target/test-dir/MiniOzoneClusterImpl-cebd3685-2b3d-4639-9f0f-41911e64574b/datanode-4/data/ratis/33dc0aea-e458-4224-86b0-e6c37eb65c07
2021-11-09 00:56:36,579 [pool-581-thread-1] INFO  server.RaftServerConfigKeys (ConfUtils.java:logGet(44)) - raft.server.log.queue.byte-limit = 2147483647 (custom)
2021-11-09 00:56:36,579 [pool-581-thread-1] INFO  server.RaftServerConfigKeys (ConfUtils.java:logGet(44)) - raft.server.log.queue.element-limit = 1024 (custom)
2021-11-09 00:56:36,579 [pool-581-thread-1] INFO  server.RaftServerConfigKeys (ConfUtils.java:logGet(44)) - raft.server.log.segment.size.max = 1048576 (custom)
2021-11-09 00:56:36,579 [pool-581-thread-1] INFO  server.RaftServerConfigKeys (ConfUtils.java:logGet(44)) - raft.server.log.preallocated.size = 16384 (custom)
2021-11-09 00:56:36,579 [pool-581-thread-1] INFO  server.RaftServerConfigKeys (ConfUtils.java:logGet(44)) - raft.server.log.force.sync.num = 128 (default)
2021-11-09 00:56:36,579 [pool-581-thread-1] INFO  server.RaftServerConfigKeys (ConfUtils.java:logGet(44)) - raft.server.log.statemachine.data.sync = true (default)
2021-11-09 00:56:36,579 [pool-581-thread-1] INFO  server.RaftServerConfigKeys (ConfUtils.java:logGet(44)) - raft.server.log.statemachine.data.sync.timeout = 10s (default)
2021-11-09 00:56:36,580 [pool-581-thread-1] INFO  server.RaftServerConfigKeys (ConfUtils.java:logGet(44)) - raft.server.log.statemachine.data.sync.timeout.retry = -1 (default)
2021-11-09 00:56:36,582 [EventQueue-OpenPipelineForHealthyPipelineSafeModeRule] INFO  safemode.SCMSafeModeManager (HealthyPipelineSafeModeRule.java:process(124)) - SCM in safe mode. Healthy pipelines reported count is 0, required healthy pipeline reported count is 1
2021-11-09 00:56:36,582 [pool-581-thread-1] INFO  server.RaftServerConfigKeys (ConfUtils.java:logGet(44)) - raft.server.log.write.buffer.size = 1048576 (custom)
2021-11-09 00:56:36,582 [pool-581-thread-1] INFO  server.RaftServerConfigKeys (ConfUtils.java:logGet(44)) - raft.server.log.statemachine.data.caching.enabled = true (custom)
2021-11-09 00:56:36,582 [pool-581-thread-1] INFO  segmented.SegmentedRaftLogWorker (SegmentedRaftLogWorker.java:lambda$new$0(133)) - bcfee08b-42a0-42f4-970e-f61215d4b324@group-E6C37EB65C07-SegmentedRaftLogWorker: flushIndex: setUnconditionally 0 -> -1
2021-11-09 00:56:36,582 [pool-581-thread-1] INFO  segmented.SegmentedRaftLogWorker (SegmentedRaftLogWorker.java:lambda$new$0(133)) - bcfee08b-42a0-42f4-970e-f61215d4b324@group-E6C37EB65C07-SegmentedRaftLogWorker: safeCacheEvictIndex: setUnconditionally 0 -> -1
2021-11-09 00:56:36,582 [pool-600-thread-1] INFO  server.RaftServerConfigKeys (ConfUtils.java:logGet(44)) - raft.server.snapshot.auto.trigger.enabled = true (custom)
2021-11-09 00:56:36,583 [pool-600-thread-1] INFO  server.RaftServerConfigKeys (ConfUtils.java:logGet(44)) - raft.server.snapshot.auto.trigger.threshold = 10000 (custom)
2021-11-09 00:56:36,583 [pool-600-thread-1] INFO  server.RaftServerConfigKeys (ConfUtils.java:logGet(44)) - raft.server.snapshot.retention.file.num = 5 (custom)
2021-11-09 00:56:36,583 [pool-600-thread-1] INFO  server.RaftServerConfigKeys (ConfUtils.java:logGet(44)) - raft.server.log.purge.upto.snapshot.index = false (default)
2021-11-09 00:56:36,584 [pool-600-thread-1] INFO  server.RaftServerConfigKeys (ConfUtils.java:logGet(44)) - raft.server.retrycache.expirytime = 600000ms (custom)
2021-11-09 00:56:36,584 [pool-600-thread-1] INFO  server.RaftServerConfigKeys (ConfUtils.java:logGet(44)) - raft.server.retrycache.statistics.expirytime = 100μs (default)
2021-11-09 00:56:36,584 [pool-581-thread-1] INFO  server.RaftServerConfigKeys (ConfUtils.java:logGet(44)) - raft.server.snapshot.auto.trigger.enabled = true (custom)
2021-11-09 00:56:36,585 [pool-581-thread-1] INFO  server.RaftServerConfigKeys (ConfUtils.java:logGet(44)) - raft.server.snapshot.auto.trigger.threshold = 10000 (custom)
2021-11-09 00:56:36,585 [pool-581-thread-1] INFO  server.RaftServerConfigKeys (ConfUtils.java:logGet(44)) - raft.server.snapshot.retention.file.num = 5 (custom)
2021-11-09 00:56:36,585 [pool-581-thread-1] INFO  server.RaftServerConfigKeys (ConfUtils.java:logGet(44)) - raft.server.log.purge.upto.snapshot.index = false (default)
2021-11-09 00:56:36,585 [pool-581-thread-1] INFO  server.RaftServerConfigKeys (ConfUtils.java:logGet(44)) - raft.server.retrycache.expirytime = 600000ms (custom)
2021-11-09 00:56:36,585 [pool-581-thread-1] INFO  server.RaftServerConfigKeys (ConfUtils.java:logGet(44)) - raft.server.retrycache.statistics.expirytime = 100μs (default)
2021-11-09 00:56:36,596 [pool-581-thread-1] INFO  server.RaftServer$Division (RaftServerImpl.java:start(301)) - bcfee08b-42a0-42f4-970e-f61215d4b324@group-E6C37EB65C07: start as a follower, conf=-1: [bcfee08b-42a0-42f4-970e-f61215d4b324|rpc:10.1.0.58:34235|priority:0, c17442c2-57b8-4ea9-a6b0-3a357e556ad2|rpc:10.1.0.58:33767|priority:1, 5b8b357e-6f93-4947-883b-a4d8a2742106|rpc:10.1.0.58:46289|priority:0], old=null
2021-11-09 00:56:36,596 [pool-581-thread-1] INFO  server.RaftServer$Division (RaftServerImpl.java:setRole(290)) - bcfee08b-42a0-42f4-970e-f61215d4b324@group-E6C37EB65C07: changes role from      null to FOLLOWER at term 0 for startAsFollower
2021-11-09 00:56:36,596 [pool-581-thread-1] INFO  impl.RoleInfo (RoleInfo.java:updateAndGet(130)) - bcfee08b-42a0-42f4-970e-f61215d4b324: start bcfee08b-42a0-42f4-970e-f61215d4b324@group-E6C37EB65C07-FollowerState
2021-11-09 00:56:36,597 [pool-600-thread-1] INFO  server.RaftServer$Division (RaftServerImpl.java:start(301)) - c17442c2-57b8-4ea9-a6b0-3a357e556ad2@group-97D8B41C262F: start as a follower, conf=-1: [bcfee08b-42a0-42f4-970e-f61215d4b324|rpc:10.1.0.58:34235|dataStream:|priority:0, c17442c2-57b8-4ea9-a6b0-3a357e556ad2|rpc:10.1.0.58:33767|dataStream:|priority:0, 5b8b357e-6f93-4947-883b-a4d8a2742106|rpc:10.1.0.58:46289|dataStream:|priority:1], old=null
2021-11-09 00:56:36,597 [pool-600-thread-1] INFO  server.RaftServer$Division (RaftServerImpl.java:setRole(290)) - c17442c2-57b8-4ea9-a6b0-3a357e556ad2@group-97D8B41C262F: changes role from      null to FOLLOWER at term 0 for startAsFollower
2021-11-09 00:56:36,615 [pool-581-thread-1] INFO  util.JmxRegister (JmxRegister.java:tryRegister(44)) - Successfully registered JMX Bean with object name Ratis:service=RaftServer,group=group-E6C37EB65C07,id=bcfee08b-42a0-42f4-970e-f61215d4b324
2021-11-09 00:56:36,620 [pool-600-thread-1] INFO  impl.RoleInfo (RoleInfo.java:updateAndGet(130)) - c17442c2-57b8-4ea9-a6b0-3a357e556ad2: start c17442c2-57b8-4ea9-a6b0-3a357e556ad2@group-97D8B41C262F-FollowerState
2021-11-09 00:56:36,620 [Command processor thread] INFO  ratis.XceiverServerRatis (XceiverServerRatis.java:addGroup(768)) - Created group PipelineID=33dc0aea-e458-4224-86b0-e6c37eb65c07
2021-11-09 00:56:36,634 [grpc-default-executor-1] INFO  server.RaftServer (RaftServerProxy.java:addNew(95)) - c17442c2-57b8-4ea9-a6b0-3a357e556ad2: addNew group-E6C37EB65C07:[bcfee08b-42a0-42f4-970e-f61215d4b324|rpc:10.1.0.58:34235|dataStream:|priority:0, c17442c2-57b8-4ea9-a6b0-3a357e556ad2|rpc:10.1.0.58:33767|dataStream:|priority:1, 5b8b357e-6f93-4947-883b-a4d8a2742106|rpc:10.1.0.58:46289|dataStream:|priority:0] returns group-E6C37EB65C07:java.util.concurrent.CompletableFuture@125a3fef[Not completed]
2021-11-09 00:56:36,650 [pool-600-thread-1] INFO  util.JmxRegister (JmxRegister.java:tryRegister(44)) - Successfully registered JMX Bean with object name Ratis:service=RaftServer,group=group-97D8B41C262F,id=c17442c2-57b8-4ea9-a6b0-3a357e556ad2
2021-11-09 00:56:36,654 [pool-600-thread-1] INFO  server.RaftServer$Division (RaftServerImpl.java:<init>(184)) - c17442c2-57b8-4ea9-a6b0-3a357e556ad2: new RaftServerImpl for group-E6C37EB65C07:[bcfee08b-42a0-42f4-970e-f61215d4b324|rpc:10.1.0.58:34235|dataStream:|priority:0, c17442c2-57b8-4ea9-a6b0-3a357e556ad2|rpc:10.1.0.58:33767|dataStream:|priority:1, 5b8b357e-6f93-4947-883b-a4d8a2742106|rpc:10.1.0.58:46289|dataStream:|priority:0] with ContainerStateMachine:uninitialized
2021-11-09 00:56:36,654 [pool-600-thread-1] INFO  server.RaftServerConfigKeys (ConfUtils.java:logGet(44)) - raft.server.rpc.timeout.min = 5s (custom)
2021-11-09 00:56:36,654 [pool-600-thread-1] INFO  server.RaftServerConfigKeys (ConfUtils.java:logGet(44)) - raft.server.rpc.timeout.max = 5200ms (custom)
2021-11-09 00:56:36,654 [pool-600-thread-1] INFO  server.RaftServerConfigKeys (ConfUtils.java:logGet(44)) - raft.server.rpc.sleep.time = 25ms (default)
2021-11-09 00:56:36,654 [pool-600-thread-1] INFO  server.RaftServerConfigKeys (ConfUtils.java:logGet(44)) - raft.server.rpc.slowness.timeout = 300000ms (custom)
2021-11-09 00:56:36,654 [pool-600-thread-1] INFO  server.RaftServerConfigKeys (ConfUtils.java:logGet(44)) - raft.server.leaderelection.leader.step-down.wait-time = 10s (default)
2021-11-09 00:56:36,655 [pool-600-thread-1] INFO  server.RaftServerConfigKeys (ConfUtils.java:logGet(44)) - raft.server.sleep.deviation.threshold = 300ms (default)
2021-11-09 00:56:36,655 [pool-600-thread-1] INFO  server.RaftServerConfigKeys (ConfUtils.java:logGet(44)) - raft.server.log.appender.install.snapshot.enabled = false (custom)
2021-11-09 00:56:36,655 [pool-600-thread-1] INFO  server.RaftServer$Division (ServerState.java:<init>(105)) - c17442c2-57b8-4ea9-a6b0-3a357e556ad2@group-E6C37EB65C07: ConfigurationManager, init=-1: [bcfee08b-42a0-42f4-970e-f61215d4b324|rpc:10.1.0.58:34235|dataStream:|priority:0, c17442c2-57b8-4ea9-a6b0-3a357e556ad2|rpc:10.1.0.58:33767|dataStream:|priority:1, 5b8b357e-6f93-4947-883b-a4d8a2742106|rpc:10.1.0.58:46289|dataStream:|priority:0], old=null, confs=<EMPTY_MAP>
2021-11-09 00:56:36,655 [pool-600-thread-1] INFO  server.RaftServerConfigKeys (ConfUtils.java:logGet(44)) - raft.server.storage.dir = [/home/runner/work/ozone/ozone/hadoop-ozone/integration-test/target/test-dir/MiniOzoneClusterImpl-cebd3685-2b3d-4639-9f0f-41911e64574b/datanode-5/data/ratis] (custom)
2021-11-09 00:56:36,655 [pool-600-thread-1] INFO  server.RaftServerConfigKeys (ConfUtils.java:logGet(44)) - raft.server.log.corruption.policy = EXCEPTION (default)
2021-11-09 00:56:36,655 [pool-600-thread-1] INFO  server.RaftServerConfigKeys (ConfUtils.java:logGet(44)) - raft.server.storage.free-space.min = 0MB (=0) (default)
2021-11-09 00:56:36,655 [pool-600-thread-1] INFO  storage.RaftStorageDirectory (RaftStorageDirectoryImpl.java:analyzeStorage(135)) - The storage directory /home/runner/work/ozone/ozone/hadoop-ozone/integration-test/target/test-dir/MiniOzoneClusterImpl-cebd3685-2b3d-4639-9f0f-41911e64574b/datanode-5/data/ratis/33dc0aea-e458-4224-86b0-e6c37eb65c07 does not exist. Creating ...
2021-11-09 00:56:36,656 [pool-600-thread-1] INFO  storage.RaftStorageDirectory (RaftStorageDirectoryImpl.java:tryLock(230)) - Lock on /home/runner/work/ozone/ozone/hadoop-ozone/integration-test/target/test-dir/MiniOzoneClusterImpl-cebd3685-2b3d-4639-9f0f-41911e64574b/datanode-5/data/ratis/33dc0aea-e458-4224-86b0-e6c37eb65c07/in_use.lock acquired by nodename 2851@fv-az294-841
2021-11-09 00:56:36,666 [pool-600-thread-1] INFO  storage.RaftStorage (RaftStorageImpl.java:format(89)) - Storage directory /home/runner/work/ozone/ozone/hadoop-ozone/integration-test/target/test-dir/MiniOzoneClusterImpl-cebd3685-2b3d-4639-9f0f-41911e64574b/datanode-5/data/ratis/33dc0aea-e458-4224-86b0-e6c37eb65c07 has been successfully formatted.
2021-11-09 00:56:36,668 [pool-600-thread-1] INFO  ratis.ContainerStateMachine (ContainerStateMachine.java:loadSnapshot(224)) - group-E6C37EB65C07: The snapshot info is null. Setting the last applied indexto:(t:0, i:~)
2021-11-09 00:56:36,668 [pool-600-thread-1] INFO  server.RaftServerConfigKeys (ConfUtils.java:logGet(44)) - raft.server.notification.no-leader.timeout = 300000ms (custom)
2021-11-09 00:56:36,668 [pool-600-thread-1] INFO  server.RaftServerConfigKeys (ConfUtils.java:logGet(44)) - raft.server.log.use.memory = false (default)
2021-11-09 00:56:36,668 [pool-600-thread-1] INFO  server.RaftServerConfigKeys (ConfUtils.java:logGet(44)) - raft.server.log.purge.gap = 1000000 (custom)
2021-11-09 00:56:36,668 [pool-600-thread-1] INFO  server.RaftServerConfigKeys (ConfUtils.java:logGet(44)) - raft.server.log.appender.buffer.byte-limit = 33554432 (custom)
2021-11-09 00:56:36,668 [pool-600-thread-1] INFO  server.RaftServerConfigKeys (ConfUtils.java:logGet(44)) - raft.server.log.segment.size.max = 1048576 (custom)
2021-11-09 00:56:36,669 [pool-600-thread-1] INFO  server.RaftServerConfigKeys (ConfUtils.java:logGet(44)) - raft.server.log.segment.cache.num.max = 2 (custom)
2021-11-09 00:56:36,669 [pool-600-thread-1] INFO  server.RaftServerConfigKeys (ConfUtils.java:logGet(44)) - raft.server.log.segment.cache.size.max = 200MB (=209715200) (default)
2021-11-09 00:56:36,669 [pool-600-thread-1] INFO  segmented.SegmentedRaftLogWorker (SegmentedRaftLogWorker.java:<init>(182)) - new c17442c2-57b8-4ea9-a6b0-3a357e556ad2@group-E6C37EB65C07-SegmentedRaftLogWorker for RaftStorageImpl:Storage Directory /home/runner/work/ozone/ozone/hadoop-ozone/integration-test/target/test-dir/MiniOzoneClusterImpl-cebd3685-2b3d-4639-9f0f-41911e64574b/datanode-5/data/ratis/33dc0aea-e458-4224-86b0-e6c37eb65c07
2021-11-09 00:56:36,669 [pool-600-thread-1] INFO  server.RaftServerConfigKeys (ConfUtils.java:logGet(44)) - raft.server.log.queue.byte-limit = 2147483647 (custom)
2021-11-09 00:56:36,669 [pool-600-thread-1] INFO  server.RaftServerConfigKeys (ConfUtils.java:logGet(44)) - raft.server.log.queue.element-limit = 1024 (custom)
2021-11-09 00:56:36,669 [pool-600-thread-1] INFO  server.RaftServerConfigKeys (ConfUtils.java:logGet(44)) - raft.server.log.segment.size.max = 1048576 (custom)
2021-11-09 00:56:36,669 [pool-600-thread-1] INFO  server.RaftServerConfigKeys (ConfUtils.java:logGet(44)) - raft.server.log.preallocated.size = 16384 (custom)
2021-11-09 00:56:36,669 [pool-600-thread-1] INFO  server.RaftServerConfigKeys (ConfUtils.java:logGet(44)) - raft.server.log.force.sync.num = 128 (default)
2021-11-09 00:56:36,669 [pool-600-thread-1] INFO  server.RaftServerConfigKeys (ConfUtils.java:logGet(44)) - raft.server.log.statemachine.data.sync = true (default)
2021-11-09 00:56:36,669 [pool-600-thread-1] INFO  server.RaftServerConfigKeys (ConfUtils.java:logGet(44)) - raft.server.log.statemachine.data.sync.timeout = 10s (default)
2021-11-09 00:56:36,669 [pool-600-thread-1] INFO  server.RaftServerConfigKeys (ConfUtils.java:logGet(44)) - raft.server.log.statemachine.data.sync.timeout.retry = -1 (default)
2021-11-09 00:56:36,670 [pool-600-thread-1] INFO  server.RaftServerConfigKeys (ConfUtils.java:logGet(44)) - raft.server.log.write.buffer.size = 1048576 (custom)
2021-11-09 00:56:36,671 [pool-600-thread-1] INFO  server.RaftServerConfigKeys (ConfUtils.java:logGet(44)) - raft.server.log.statemachine.data.caching.enabled = true (custom)
2021-11-09 00:56:36,671 [pool-600-thread-1] INFO  segmented.SegmentedRaftLogWorker (SegmentedRaftLogWorker.java:lambda$new$0(133)) - c17442c2-57b8-4ea9-a6b0-3a357e556ad2@group-E6C37EB65C07-SegmentedRaftLogWorker: flushIndex: setUnconditionally 0 -> -1
2021-11-09 00:56:36,671 [pool-600-thread-1] INFO  segmented.SegmentedRaftLogWorker (SegmentedRaftLogWorker.java:lambda$new$0(133)) - c17442c2-57b8-4ea9-a6b0-3a357e556ad2@group-E6C37EB65C07-SegmentedRaftLogWorker: safeCacheEvictIndex: setUnconditionally 0 -> -1
2021-11-09 00:56:36,678 [pool-600-thread-1] INFO  server.RaftServerConfigKeys (ConfUtils.java:logGet(44)) - raft.server.snapshot.auto.trigger.enabled = true (custom)
2021-11-09 00:56:36,678 [pool-600-thread-1] INFO  server.RaftServerConfigKeys (ConfUtils.java:logGet(44)) - raft.server.snapshot.auto.trigger.threshold = 10000 (custom)
2021-11-09 00:56:36,679 [pool-600-thread-1] INFO  server.RaftServerConfigKeys (ConfUtils.java:logGet(44)) - raft.server.snapshot.retention.file.num = 5 (custom)
2021-11-09 00:56:36,679 [pool-600-thread-1] INFO  server.RaftServerConfigKeys (ConfUtils.java:logGet(44)) - raft.server.log.purge.upto.snapshot.index = false (default)
2021-11-09 00:56:36,679 [pool-600-thread-1] INFO  server.RaftServerConfigKeys (ConfUtils.java:logGet(44)) - raft.server.retrycache.expirytime = 600000ms (custom)
2021-11-09 00:56:36,679 [pool-600-thread-1] INFO  server.RaftServerConfigKeys (ConfUtils.java:logGet(44)) - raft.server.retrycache.statistics.expirytime = 100μs (default)
2021-11-09 00:56:36,680 [pool-600-thread-1] INFO  server.RaftServer$Division (RaftServerImpl.java:start(301)) - c17442c2-57b8-4ea9-a6b0-3a357e556ad2@group-E6C37EB65C07: start as a follower, conf=-1: [bcfee08b-42a0-42f4-970e-f61215d4b324|rpc:10.1.0.58:34235|dataStream:|priority:0, c17442c2-57b8-4ea9-a6b0-3a357e556ad2|rpc:10.1.0.58:33767|dataStream:|priority:1, 5b8b357e-6f93-4947-883b-a4d8a2742106|rpc:10.1.0.58:46289|dataStream:|priority:0], old=null
2021-11-09 00:56:36,680 [pool-600-thread-1] INFO  server.RaftServer$Division (RaftServerImpl.java:setRole(290)) - c17442c2-57b8-4ea9-a6b0-3a357e556ad2@group-E6C37EB65C07: changes role from      null to FOLLOWER at term 0 for startAsFollower
2021-11-09 00:56:36,680 [pool-600-thread-1] INFO  impl.RoleInfo (RoleInfo.java:updateAndGet(130)) - c17442c2-57b8-4ea9-a6b0-3a357e556ad2: start c17442c2-57b8-4ea9-a6b0-3a357e556ad2@group-E6C37EB65C07-FollowerState
2021-11-09 00:56:36,681 [pool-600-thread-1] INFO  util.JmxRegister (JmxRegister.java:tryRegister(44)) - Successfully registered JMX Bean with object name Ratis:service=RaftServer,group=group-E6C37EB65C07,id=c17442c2-57b8-4ea9-a6b0-3a357e556ad2
2021-11-09 00:56:36,715 [grpc-default-executor-1] INFO  server.RaftServer (RaftServerProxy.java:addNew(95)) - 5b8b357e-6f93-4947-883b-a4d8a2742106: addNew group-E6C37EB65C07:[bcfee08b-42a0-42f4-970e-f61215d4b324|rpc:10.1.0.58:34235|dataStream:|priority:0, c17442c2-57b8-4ea9-a6b0-3a357e556ad2|rpc:10.1.0.58:33767|dataStream:|priority:1, 5b8b357e-6f93-4947-883b-a4d8a2742106|rpc:10.1.0.58:46289|dataStream:|priority:0] returns group-E6C37EB65C07:java.util.concurrent.CompletableFuture@2ed98624[Not completed]
2021-11-09 00:56:36,715 [pool-562-thread-1] INFO  server.RaftServer$Division (RaftServerImpl.java:<init>(184)) - 5b8b357e-6f93-4947-883b-a4d8a2742106: new RaftServerImpl for group-E6C37EB65C07:[bcfee08b-42a0-42f4-970e-f61215d4b324|rpc:10.1.0.58:34235|dataStream:|priority:0, c17442c2-57b8-4ea9-a6b0-3a357e556ad2|rpc:10.1.0.58:33767|dataStream:|priority:1, 5b8b357e-6f93-4947-883b-a4d8a2742106|rpc:10.1.0.58:46289|dataStream:|priority:0] with ContainerStateMachine:uninitialized
2021-11-09 00:56:36,716 [pool-562-thread-1] INFO  server.RaftServerConfigKeys (ConfUtils.java:logGet(44)) - raft.server.rpc.timeout.min = 5s (custom)
2021-11-09 00:56:36,716 [pool-562-thread-1] INFO  server.RaftServerConfigKeys (ConfUtils.java:logGet(44)) - raft.server.rpc.timeout.max = 5200ms (custom)
2021-11-09 00:56:36,716 [pool-562-thread-1] INFO  server.RaftServerConfigKeys (ConfUtils.java:logGet(44)) - raft.server.rpc.sleep.time = 25ms (default)
2021-11-09 00:56:36,716 [pool-562-thread-1] INFO  server.RaftServerConfigKeys (ConfUtils.java:logGet(44)) - raft.server.rpc.slowness.timeout = 300000ms (custom)
2021-11-09 00:56:36,716 [pool-562-thread-1] INFO  server.RaftServerConfigKeys (ConfUtils.java:logGet(44)) - raft.server.leaderelection.leader.step-down.wait-time = 10s (default)
2021-11-09 00:56:36,716 [pool-562-thread-1] INFO  server.RaftServerConfigKeys (ConfUtils.java:logGet(44)) - raft.server.sleep.deviation.threshold = 300ms (default)
2021-11-09 00:56:36,716 [pool-562-thread-1] INFO  server.RaftServerConfigKeys (ConfUtils.java:logGet(44)) - raft.server.log.appender.install.snapshot.enabled = false (custom)
2021-11-09 00:56:36,716 [pool-562-thread-1] INFO  server.RaftServer$Division (ServerState.java:<init>(105)) - 5b8b357e-6f93-4947-883b-a4d8a2742106@group-E6C37EB65C07: ConfigurationManager, init=-1: [bcfee08b-42a0-42f4-970e-f61215d4b324|rpc:10.1.0.58:34235|dataStream:|priority:0, c17442c2-57b8-4ea9-a6b0-3a357e556ad2|rpc:10.1.0.58:33767|dataStream:|priority:1, 5b8b357e-6f93-4947-883b-a4d8a2742106|rpc:10.1.0.58:46289|dataStream:|priority:0], old=null, confs=<EMPTY_MAP>
2021-11-09 00:56:36,716 [pool-562-thread-1] INFO  server.RaftServerConfigKeys (ConfUtils.java:logGet(44)) - raft.server.storage.dir = [/home/runner/work/ozone/ozone/hadoop-ozone/integration-test/target/test-dir/MiniOzoneClusterImpl-cebd3685-2b3d-4639-9f0f-41911e64574b/datanode-3/data/ratis] (custom)
2021-11-09 00:56:36,716 [pool-562-thread-1] INFO  server.RaftServerConfigKeys (ConfUtils.java:logGet(44)) - raft.server.log.corruption.policy = EXCEPTION (default)
2021-11-09 00:56:36,716 [pool-562-thread-1] INFO  server.RaftServerConfigKeys (ConfUtils.java:logGet(44)) - raft.server.storage.free-space.min = 0MB (=0) (default)
2021-11-09 00:56:36,716 [pool-562-thread-1] INFO  storage.RaftStorageDirectory (RaftStorageDirectoryImpl.java:analyzeStorage(135)) - The storage directory /home/runner/work/ozone/ozone/hadoop-ozone/integration-test/target/test-dir/MiniOzoneClusterImpl-cebd3685-2b3d-4639-9f0f-41911e64574b/datanode-3/data/ratis/33dc0aea-e458-4224-86b0-e6c37eb65c07 does not exist. Creating ...
2021-11-09 00:56:36,723 [pool-562-thread-1] INFO  storage.RaftStorageDirectory (RaftStorageDirectoryImpl.java:tryLock(230)) - Lock on /home/runner/work/ozone/ozone/hadoop-ozone/integration-test/target/test-dir/MiniOzoneClusterImpl-cebd3685-2b3d-4639-9f0f-41911e64574b/datanode-3/data/ratis/33dc0aea-e458-4224-86b0-e6c37eb65c07/in_use.lock acquired by nodename 2851@fv-az294-841
2021-11-09 00:56:36,723 [Command processor thread] INFO  commandhandler.CreatePipelineCommandHandler (CreatePipelineCommandHandler.java:handle(106)) - Created Pipeline RATIS THREE PipelineID=1bb12178-3f10-4ea1-9e56-97d8b41c262f.
2021-11-09 00:56:36,725 [pool-562-thread-1] INFO  storage.RaftStorage (RaftStorageImpl.java:format(89)) - Storage directory /home/runner/work/ozone/ozone/hadoop-ozone/integration-test/target/test-dir/MiniOzoneClusterImpl-cebd3685-2b3d-4639-9f0f-41911e64574b/datanode-3/data/ratis/33dc0aea-e458-4224-86b0-e6c37eb65c07 has been successfully formatted.
2021-11-09 00:56:36,726 [pool-562-thread-1] INFO  ratis.ContainerStateMachine (ContainerStateMachine.java:loadSnapshot(224)) - group-E6C37EB65C07: The snapshot info is null. Setting the last applied indexto:(t:0, i:~)
2021-11-09 00:56:36,726 [pool-562-thread-1] INFO  server.RaftServerConfigKeys (ConfUtils.java:logGet(44)) - raft.server.notification.no-leader.timeout = 300000ms (custom)
2021-11-09 00:56:36,726 [pool-562-thread-1] INFO  server.RaftServerConfigKeys (ConfUtils.java:logGet(44)) - raft.server.log.use.memory = false (default)
2021-11-09 00:56:36,727 [EventQueue-OpenPipelineForHealthyPipelineSafeModeRule] INFO  safemode.SCMSafeModeManager (HealthyPipelineSafeModeRule.java:process(124)) - SCM in safe mode. Healthy pipelines reported count is 0, required healthy pipeline reported count is 1
2021-11-09 00:56:36,727 [pool-562-thread-1] INFO  server.RaftServerConfigKeys (ConfUtils.java:logGet(44)) - raft.server.log.purge.gap = 1000000 (custom)
2021-11-09 00:56:36,727 [pool-562-thread-1] INFO  server.RaftServerConfigKeys (ConfUtils.java:logGet(44)) - raft.server.log.appender.buffer.byte-limit = 33554432 (custom)
2021-11-09 00:56:36,728 [pool-562-thread-1] INFO  server.RaftServerConfigKeys (ConfUtils.java:logGet(44)) - raft.server.log.segment.size.max = 1048576 (custom)
2021-11-09 00:56:36,730 [pool-562-thread-1] INFO  server.RaftServerConfigKeys (ConfUtils.java:logGet(44)) - raft.server.log.segment.cache.num.max = 2 (custom)
2021-11-09 00:56:36,730 [pool-562-thread-1] INFO  server.RaftServerConfigKeys (ConfUtils.java:logGet(44)) - raft.server.log.segment.cache.size.max = 200MB (=209715200) (default)
2021-11-09 00:56:36,730 [pool-562-thread-1] INFO  segmented.SegmentedRaftLogWorker (SegmentedRaftLogWorker.java:<init>(182)) - new 5b8b357e-6f93-4947-883b-a4d8a2742106@group-E6C37EB65C07-SegmentedRaftLogWorker for RaftStorageImpl:Storage Directory /home/runner/work/ozone/ozone/hadoop-ozone/integration-test/target/test-dir/MiniOzoneClusterImpl-cebd3685-2b3d-4639-9f0f-41911e64574b/datanode-3/data/ratis/33dc0aea-e458-4224-86b0-e6c37eb65c07
2021-11-09 00:56:36,730 [pool-562-thread-1] INFO  server.RaftServerConfigKeys (ConfUtils.java:logGet(44)) - raft.server.log.queue.byte-limit = 2147483647 (custom)
2021-11-09 00:56:36,731 [pool-562-thread-1] INFO  server.RaftServerConfigKeys (ConfUtils.java:logGet(44)) - raft.server.log.queue.element-limit = 1024 (custom)
2021-11-09 00:56:36,731 [pool-562-thread-1] INFO  server.RaftServerConfigKeys (ConfUtils.java:logGet(44)) - raft.server.log.segment.size.max = 1048576 (custom)
2021-11-09 00:56:36,731 [pool-562-thread-1] INFO  server.RaftServerConfigKeys (ConfUtils.java:logGet(44)) - raft.server.log.preallocated.size = 16384 (custom)
2021-11-09 00:56:36,731 [pool-562-thread-1] INFO  server.RaftServerConfigKeys (ConfUtils.java:logGet(44)) - raft.server.log.force.sync.num = 128 (default)
2021-11-09 00:56:36,731 [pool-562-thread-1] INFO  server.RaftServerConfigKeys (ConfUtils.java:logGet(44)) - raft.server.log.statemachine.data.sync = true (default)
2021-11-09 00:56:36,731 [pool-562-thread-1] INFO  server.RaftServerConfigKeys (ConfUtils.java:logGet(44)) - raft.server.log.statemachine.data.sync.timeout = 10s (default)
2021-11-09 00:56:36,731 [pool-562-thread-1] INFO  server.RaftServerConfigKeys (ConfUtils.java:logGet(44)) - raft.server.log.statemachine.data.sync.timeout.retry = -1 (default)
2021-11-09 00:56:36,732 [pool-562-thread-1] INFO  server.RaftServerConfigKeys (ConfUtils.java:logGet(44)) - raft.server.log.write.buffer.size = 1048576 (custom)
2021-11-09 00:56:36,733 [pool-562-thread-1] INFO  server.RaftServerConfigKeys (ConfUtils.java:logGet(44)) - raft.server.log.statemachine.data.caching.enabled = true (custom)
2021-11-09 00:56:36,744 [pool-562-thread-1] INFO  segmented.SegmentedRaftLogWorker (SegmentedRaftLogWorker.java:lambda$new$0(133)) - 5b8b357e-6f93-4947-883b-a4d8a2742106@group-E6C37EB65C07-SegmentedRaftLogWorker: flushIndex: setUnconditionally 0 -> -1
2021-11-09 00:56:36,747 [pool-562-thread-1] INFO  segmented.SegmentedRaftLogWorker (SegmentedRaftLogWorker.java:lambda$new$0(133)) - 5b8b357e-6f93-4947-883b-a4d8a2742106@group-E6C37EB65C07-SegmentedRaftLogWorker: safeCacheEvictIndex: setUnconditionally 0 -> -1
2021-11-09 00:56:36,751 [pool-562-thread-1] INFO  server.RaftServerConfigKeys (ConfUtils.java:logGet(44)) - raft.server.snapshot.auto.trigger.enabled = true (custom)
2021-11-09 00:56:36,751 [pool-562-thread-1] INFO  server.RaftServerConfigKeys (ConfUtils.java:logGet(44)) - raft.server.snapshot.auto.trigger.threshold = 10000 (custom)
2021-11-09 00:56:36,752 [pool-562-thread-1] INFO  server.RaftServerConfigKeys (ConfUtils.java:logGet(44)) - raft.server.snapshot.retention.file.num = 5 (custom)
2021-11-09 00:56:36,752 [pool-562-thread-1] INFO  server.RaftServerConfigKeys (ConfUtils.java:logGet(44)) - raft.server.log.purge.upto.snapshot.index = false (default)
2021-11-09 00:56:36,752 [pool-562-thread-1] INFO  server.RaftServerConfigKeys (ConfUtils.java:logGet(44)) - raft.server.retrycache.expirytime = 600000ms (custom)
2021-11-09 00:56:36,752 [pool-562-thread-1] INFO  server.RaftServerConfigKeys (ConfUtils.java:logGet(44)) - raft.server.retrycache.statistics.expirytime = 100μs (default)
2021-11-09 00:56:36,753 [pool-562-thread-1] INFO  server.RaftServer$Division (RaftServerImpl.java:start(301)) - 5b8b357e-6f93-4947-883b-a4d8a2742106@group-E6C37EB65C07: start as a follower, conf=-1: [bcfee08b-42a0-42f4-970e-f61215d4b324|rpc:10.1.0.58:34235|dataStream:|priority:0, c17442c2-57b8-4ea9-a6b0-3a357e556ad2|rpc:10.1.0.58:33767|dataStream:|priority:1, 5b8b357e-6f93-4947-883b-a4d8a2742106|rpc:10.1.0.58:46289|dataStream:|priority:0], old=null
2021-11-09 00:56:36,753 [pool-562-thread-1] INFO  server.RaftServer$Division (RaftServerImpl.java:setRole(290)) - 5b8b357e-6f93-4947-883b-a4d8a2742106@group-E6C37EB65C07: changes role from      null to FOLLOWER at term 0 for startAsFollower
2021-11-09 00:56:36,753 [pool-562-thread-1] INFO  impl.RoleInfo (RoleInfo.java:updateAndGet(130)) - 5b8b357e-6f93-4947-883b-a4d8a2742106: start 5b8b357e-6f93-4947-883b-a4d8a2742106@group-E6C37EB65C07-FollowerState
2021-11-09 00:56:36,756 [pool-562-thread-1] INFO  util.JmxRegister (JmxRegister.java:tryRegister(44)) - Successfully registered JMX Bean with object name Ratis:service=RaftServer,group=group-E6C37EB65C07,id=5b8b357e-6f93-4947-883b-a4d8a2742106
2021-11-09 00:56:36,823 [Command processor thread] INFO  commandhandler.CreatePipelineCommandHandler (CreatePipelineCommandHandler.java:handle(106)) - Created Pipeline RATIS THREE PipelineID=33dc0aea-e458-4224-86b0-e6c37eb65c07.
2021-11-09 00:56:37,059 [Command processor thread] INFO  server.RaftServer (RaftServerProxy.java:addNew(95)) - c17442c2-57b8-4ea9-a6b0-3a357e556ad2: addNew group-7E8A545D9593:[c17442c2-57b8-4ea9-a6b0-3a357e556ad2|rpc:10.1.0.58:33767|priority:1] returns group-7E8A545D9593:java.util.concurrent.CompletableFuture@1a58f9c7[Not completed]
2021-11-09 00:56:37,060 [pool-600-thread-1] INFO  server.RaftServer$Division (RaftServerImpl.java:<init>(184)) - c17442c2-57b8-4ea9-a6b0-3a357e556ad2: new RaftServerImpl for group-7E8A545D9593:[c17442c2-57b8-4ea9-a6b0-3a357e556ad2|rpc:10.1.0.58:33767|priority:1] with ContainerStateMachine:uninitialized
2021-11-09 00:56:37,060 [pool-600-thread-1] INFO  server.RaftServerConfigKeys (ConfUtils.java:logGet(44)) - raft.server.rpc.timeout.min = 5s (custom)
2021-11-09 00:56:37,060 [pool-600-thread-1] INFO  server.RaftServerConfigKeys (ConfUtils.java:logGet(44)) - raft.server.rpc.timeout.max = 5200ms (custom)
2021-11-09 00:56:37,060 [pool-600-thread-1] INFO  server.RaftServerConfigKeys (ConfUtils.java:logGet(44)) - raft.server.rpc.sleep.time = 25ms (default)
2021-11-09 00:56:37,060 [pool-600-thread-1] INFO  server.RaftServerConfigKeys (ConfUtils.java:logGet(44)) - raft.server.rpc.slowness.timeout = 300000ms (custom)
2021-11-09 00:56:37,060 [pool-600-thread-1] INFO  server.RaftServerConfigKeys (ConfUtils.java:logGet(44)) - raft.server.leaderelection.leader.step-down.wait-time = 10s (default)
2021-11-09 00:56:37,060 [pool-600-thread-1] INFO  server.RaftServerConfigKeys (ConfUtils.java:logGet(44)) - raft.server.sleep.deviation.threshold = 300ms (default)
2021-11-09 00:56:37,060 [pool-600-thread-1] INFO  server.RaftServerConfigKeys (ConfUtils.java:logGet(44)) - raft.server.log.appender.install.snapshot.enabled = false (custom)
2021-11-09 00:56:37,060 [pool-600-thread-1] INFO  server.RaftServer$Division (ServerState.java:<init>(105)) - c17442c2-57b8-4ea9-a6b0-3a357e556ad2@group-7E8A545D9593: ConfigurationManager, init=-1: [c17442c2-57b8-4ea9-a6b0-3a357e556ad2|rpc:10.1.0.58:33767|priority:1], old=null, confs=<EMPTY_MAP>
2021-11-09 00:56:37,061 [pool-600-thread-1] INFO  server.RaftServerConfigKeys (ConfUtils.java:logGet(44)) - raft.server.storage.dir = [/home/runner/work/ozone/ozone/hadoop-ozone/integration-test/target/test-dir/MiniOzoneClusterImpl-cebd3685-2b3d-4639-9f0f-41911e64574b/datanode-5/data/ratis] (custom)
2021-11-09 00:56:37,061 [pool-600-thread-1] INFO  server.RaftServerConfigKeys (ConfUtils.java:logGet(44)) - raft.server.log.corruption.policy = EXCEPTION (default)
2021-11-09 00:56:37,061 [pool-600-thread-1] INFO  server.RaftServerConfigKeys (ConfUtils.java:logGet(44)) - raft.server.storage.free-space.min = 0MB (=0) (default)
2021-11-09 00:56:37,061 [pool-600-thread-1] INFO  storage.RaftStorageDirectory (RaftStorageDirectoryImpl.java:analyzeStorage(135)) - The storage directory /home/runner/work/ozone/ozone/hadoop-ozone/integration-test/target/test-dir/MiniOzoneClusterImpl-cebd3685-2b3d-4639-9f0f-41911e64574b/datanode-5/data/ratis/95e29889-45c4-413f-a16d-7e8a545d9593 does not exist. Creating ...
2021-11-09 00:56:37,066 [pool-600-thread-1] INFO  storage.RaftStorageDirectory (RaftStorageDirectoryImpl.java:tryLock(230)) - Lock on /home/runner/work/ozone/ozone/hadoop-ozone/integration-test/target/test-dir/MiniOzoneClusterImpl-cebd3685-2b3d-4639-9f0f-41911e64574b/datanode-5/data/ratis/95e29889-45c4-413f-a16d-7e8a545d9593/in_use.lock acquired by nodename 2851@fv-az294-841
2021-11-09 00:56:37,067 [pool-600-thread-1] INFO  storage.RaftStorage (RaftStorageImpl.java:format(89)) - Storage directory /home/runner/work/ozone/ozone/hadoop-ozone/integration-test/target/test-dir/MiniOzoneClusterImpl-cebd3685-2b3d-4639-9f0f-41911e64574b/datanode-5/data/ratis/95e29889-45c4-413f-a16d-7e8a545d9593 has been successfully formatted.
2021-11-09 00:56:37,069 [EventQueue-PipelineReportForPipelineReportHandler] INFO  pipeline.PipelineManagerImpl (PipelineManagerImpl.java:openPipeline(289)) - Pipeline Pipeline[ Id: 95e29889-45c4-413f-a16d-7e8a545d9593, Nodes: c17442c2-57b8-4ea9-a6b0-3a357e556ad2{ip: 10.1.0.58, host: fv-az294-841.eaanfquahm5ulb5tj050gcxych.jx.internal.cloudapp.net, ports: [REPLICATION=46747, RATIS=33767, RATIS_ADMIN=33767, RATIS_SERVER=33767, STANDALONE=35241], networkLocation: /default-rack, certSerialId: null, persistedOpState: IN_SERVICE, persistedOpStateExpiryEpochSec: 0}, ReplicationConfig: RATIS/ONE, State:ALLOCATED, leaderId:c17442c2-57b8-4ea9-a6b0-3a357e556ad2, CreationTimestamp2021-11-09T00:56:34.062Z[Etc/UTC]] moved to OPEN state
2021-11-09 00:56:37,069 [EventQueue-OpenPipelineForHealthyPipelineSafeModeRule] INFO  safemode.SCMSafeModeManager (HealthyPipelineSafeModeRule.java:process(124)) - SCM in safe mode. Healthy pipelines reported count is 0, required healthy pipeline reported count is 1
2021-11-09 00:56:37,069 [pool-600-thread-1] INFO  ratis.ContainerStateMachine (ContainerStateMachine.java:loadSnapshot(224)) - group-7E8A545D9593: The snapshot info is null. Setting the last applied indexto:(t:0, i:~)
2021-11-09 00:56:37,069 [pool-600-thread-1] INFO  server.RaftServerConfigKeys (ConfUtils.java:logGet(44)) - raft.server.notification.no-leader.timeout = 300000ms (custom)
2021-11-09 00:56:37,070 [pool-600-thread-1] INFO  server.RaftServerConfigKeys (ConfUtils.java:logGet(44)) - raft.server.log.use.memory = false (default)
2021-11-09 00:56:37,070 [pool-600-thread-1] INFO  server.RaftServerConfigKeys (ConfUtils.java:logGet(44)) - raft.server.log.purge.gap = 1000000 (custom)
2021-11-09 00:56:37,070 [pool-600-thread-1] INFO  server.RaftServerConfigKeys (ConfUtils.java:logGet(44)) - raft.server.log.appender.buffer.byte-limit = 33554432 (custom)
2021-11-09 00:56:37,070 [pool-600-thread-1] INFO  server.RaftServerConfigKeys (ConfUtils.java:logGet(44)) - raft.server.log.segment.size.max = 1048576 (custom)
2021-11-09 00:56:37,070 [pool-600-thread-1] INFO  server.RaftServerConfigKeys (ConfUtils.java:logGet(44)) - raft.server.log.segment.cache.num.max = 2 (custom)
2021-11-09 00:56:37,070 [pool-600-thread-1] INFO  server.RaftServerConfigKeys (ConfUtils.java:logGet(44)) - raft.server.log.segment.cache.size.max = 200MB (=209715200) (default)
2021-11-09 00:56:37,070 [pool-600-thread-1] INFO  segmented.SegmentedRaftLogWorker (SegmentedRaftLogWorker.java:<init>(182)) - new c17442c2-57b8-4ea9-a6b0-3a357e556ad2@group-7E8A545D9593-SegmentedRaftLogWorker for RaftStorageImpl:Storage Directory /home/runner/work/ozone/ozone/hadoop-ozone/integration-test/target/test-dir/MiniOzoneClusterImpl-cebd3685-2b3d-4639-9f0f-41911e64574b/datanode-5/data/ratis/95e29889-45c4-413f-a16d-7e8a545d9593
2021-11-09 00:56:37,070 [pool-600-thread-1] INFO  server.RaftServerConfigKeys (ConfUtils.java:logGet(44)) - raft.server.log.queue.byte-limit = 2147483647 (custom)
2021-11-09 00:56:37,070 [pool-600-thread-1] INFO  server.RaftServerConfigKeys (ConfUtils.java:logGet(44)) - raft.server.log.queue.element-limit = 1024 (custom)
2021-11-09 00:56:37,070 [pool-600-thread-1] INFO  server.RaftServerConfigKeys (ConfUtils.java:logGet(44)) - raft.server.log.segment.size.max = 1048576 (custom)
2021-11-09 00:56:37,070 [pool-600-thread-1] INFO  server.RaftServerConfigKeys (ConfUtils.java:logGet(44)) - raft.server.log.preallocated.size = 16384 (custom)
2021-11-09 00:56:37,070 [pool-600-thread-1] INFO  server.RaftServerConfigKeys (ConfUtils.java:logGet(44)) - raft.server.log.force.sync.num = 128 (default)
2021-11-09 00:56:37,070 [pool-600-thread-1] INFO  server.RaftServerConfigKeys (ConfUtils.java:logGet(44)) - raft.server.log.statemachine.data.sync = true (default)
2021-11-09 00:56:37,071 [pool-600-thread-1] INFO  server.RaftServerConfigKeys (ConfUtils.java:logGet(44)) - raft.server.log.statemachine.data.sync.timeout = 10s (default)
2021-11-09 00:56:37,071 [pool-600-thread-1] INFO  server.RaftServerConfigKeys (ConfUtils.java:logGet(44)) - raft.server.log.statemachine.data.sync.timeout.retry = -1 (default)
2021-11-09 00:56:37,077 [pool-600-thread-1] INFO  server.RaftServerConfigKeys (ConfUtils.java:logGet(44)) - raft.server.log.write.buffer.size = 1048576 (custom)
2021-11-09 00:56:37,078 [pool-600-thread-1] INFO  server.RaftServerConfigKeys (ConfUtils.java:logGet(44)) - raft.server.log.statemachine.data.caching.enabled = true (custom)
2021-11-09 00:56:37,078 [pool-600-thread-1] INFO  segmented.SegmentedRaftLogWorker (SegmentedRaftLogWorker.java:lambda$new$0(133)) - c17442c2-57b8-4ea9-a6b0-3a357e556ad2@group-7E8A545D9593-SegmentedRaftLogWorker: flushIndex: setUnconditionally 0 -> -1
2021-11-09 00:56:37,078 [pool-600-thread-1] INFO  segmented.SegmentedRaftLogWorker (SegmentedRaftLogWorker.java:lambda$new$0(133)) - c17442c2-57b8-4ea9-a6b0-3a357e556ad2@group-7E8A545D9593-SegmentedRaftLogWorker: safeCacheEvictIndex: setUnconditionally 0 -> -1
2021-11-09 00:56:37,080 [pool-600-thread-1] INFO  server.RaftServerConfigKeys (ConfUtils.java:logGet(44)) - raft.server.snapshot.auto.trigger.enabled = true (custom)
2021-11-09 00:56:37,080 [pool-600-thread-1] INFO  server.RaftServerConfigKeys (ConfUtils.java:logGet(44)) - raft.server.snapshot.auto.trigger.threshold = 10000 (custom)
2021-11-09 00:56:37,080 [pool-600-thread-1] INFO  server.RaftServerConfigKeys (ConfUtils.java:logGet(44)) - raft.server.snapshot.retention.file.num = 5 (custom)
2021-11-09 00:56:37,080 [pool-600-thread-1] INFO  server.RaftServerConfigKeys (ConfUtils.java:logGet(44)) - raft.server.log.purge.upto.snapshot.index = false (default)
2021-11-09 00:56:37,080 [pool-600-thread-1] INFO  server.RaftServerConfigKeys (ConfUtils.java:logGet(44)) - raft.server.retrycache.expirytime = 600000ms (custom)
2021-11-09 00:56:37,080 [pool-600-thread-1] INFO  server.RaftServerConfigKeys (ConfUtils.java:logGet(44)) - raft.server.retrycache.statistics.expirytime = 100μs (default)
2021-11-09 00:56:37,086 [pool-600-thread-1] INFO  server.RaftServer$Division (RaftServerImpl.java:start(301)) - c17442c2-57b8-4ea9-a6b0-3a357e556ad2@group-7E8A545D9593: start as a follower, conf=-1: [c17442c2-57b8-4ea9-a6b0-3a357e556ad2|rpc:10.1.0.58:33767|priority:1], old=null
2021-11-09 00:56:37,086 [pool-600-thread-1] INFO  server.RaftServer$Division (RaftServerImpl.java:setRole(290)) - c17442c2-57b8-4ea9-a6b0-3a357e556ad2@group-7E8A545D9593: changes role from      null to FOLLOWER at term 0 for startAsFollower
2021-11-09 00:56:37,087 [pool-600-thread-1] INFO  impl.RoleInfo (RoleInfo.java:updateAndGet(130)) - c17442c2-57b8-4ea9-a6b0-3a357e556ad2: start c17442c2-57b8-4ea9-a6b0-3a357e556ad2@group-7E8A545D9593-FollowerState
2021-11-09 00:56:37,094 [pool-600-thread-1] INFO  util.JmxRegister (JmxRegister.java:tryRegister(44)) - Successfully registered JMX Bean with object name Ratis:service=RaftServer,group=group-7E8A545D9593,id=c17442c2-57b8-4ea9-a6b0-3a357e556ad2
2021-11-09 00:56:37,119 [Command processor thread] INFO  ratis.XceiverServerRatis (XceiverServerRatis.java:addGroup(768)) - Created group PipelineID=95e29889-45c4-413f-a16d-7e8a545d9593
2021-11-09 00:56:37,120 [Command processor thread] INFO  commandhandler.CreatePipelineCommandHandler (CreatePipelineCommandHandler.java:handle(106)) - Created Pipeline RATIS ONE PipelineID=95e29889-45c4-413f-a16d-7e8a545d9593.
2021-11-09 00:56:37,528 [Listener at 127.0.0.1/34135] INFO  ozone.MiniOzoneClusterImpl (MiniOzoneClusterImpl.java:lambda$waitForClusterToBeReady$0(235)) - Nodes are ready. Got 7 of 7 DN Heartbeats.
2021-11-09 00:56:37,528 [Listener at 127.0.0.1/34135] INFO  ozone.MiniOzoneClusterImpl (MiniOzoneClusterImpl.java:lambda$waitForClusterToBeReady$0(238)) - Waiting for cluster to exit safe mode
2021-11-09 00:56:37,528 [Listener at 127.0.0.1/34135] INFO  ozone.MiniOzoneClusterImpl (MiniOzoneClusterImpl.java:lambda$waitForClusterToBeReady$0(240)) - SCM became leader
2021-11-09 00:56:37,580 [Command processor thread] INFO  server.RaftServer (RaftServerProxy.java:addNew(95)) - 23aab0c3-4c3e-4cdc-9821-98cdf7e102fc: addNew group-CF94859226F3:[23aab0c3-4c3e-4cdc-9821-98cdf7e102fc|rpc:10.1.0.58:33649|priority:1] returns group-CF94859226F3:java.util.concurrent.CompletableFuture@52d87127[Not completed]
2021-11-09 00:56:37,581 [pool-619-thread-1] INFO  server.RaftServer$Division (RaftServerImpl.java:<init>(184)) - 23aab0c3-4c3e-4cdc-9821-98cdf7e102fc: new RaftServerImpl for group-CF94859226F3:[23aab0c3-4c3e-4cdc-9821-98cdf7e102fc|rpc:10.1.0.58:33649|priority:1] with ContainerStateMachine:uninitialized
2021-11-09 00:56:37,581 [pool-619-thread-1] INFO  server.RaftServerConfigKeys (ConfUtils.java:logGet(44)) - raft.server.rpc.timeout.min = 5s (custom)
2021-11-09 00:56:37,581 [pool-619-thread-1] INFO  server.RaftServerConfigKeys (ConfUtils.java:logGet(44)) - raft.server.rpc.timeout.max = 5200ms (custom)
2021-11-09 00:56:37,581 [pool-619-thread-1] INFO  server.RaftServerConfigKeys (ConfUtils.java:logGet(44)) - raft.server.rpc.sleep.time = 25ms (default)
2021-11-09 00:56:37,581 [pool-619-thread-1] INFO  server.RaftServerConfigKeys (ConfUtils.java:logGet(44)) - raft.server.rpc.slowness.timeout = 300000ms (custom)
2021-11-09 00:56:37,581 [pool-619-thread-1] INFO  server.RaftServerConfigKeys (ConfUtils.java:logGet(44)) - raft.server.leaderelection.leader.step-down.wait-time = 10s (default)
2021-11-09 00:56:37,581 [pool-619-thread-1] INFO  server.RaftServerConfigKeys (ConfUtils.java:logGet(44)) - raft.server.sleep.deviation.threshold = 300ms (default)
2021-11-09 00:56:37,581 [pool-619-thread-1] INFO  server.RaftServerConfigKeys (ConfUtils.java:logGet(44)) - raft.server.log.appender.install.snapshot.enabled = false (custom)
2021-11-09 00:56:37,581 [pool-619-thread-1] INFO  server.RaftServer$Division (ServerState.java:<init>(105)) - 23aab0c3-4c3e-4cdc-9821-98cdf7e102fc@group-CF94859226F3: ConfigurationManager, init=-1: [23aab0c3-4c3e-4cdc-9821-98cdf7e102fc|rpc:10.1.0.58:33649|priority:1], old=null, confs=<EMPTY_MAP>
2021-11-09 00:56:37,581 [pool-619-thread-1] INFO  server.RaftServerConfigKeys (ConfUtils.java:logGet(44)) - raft.server.storage.dir = [/home/runner/work/ozone/ozone/hadoop-ozone/integration-test/target/test-dir/MiniOzoneClusterImpl-cebd3685-2b3d-4639-9f0f-41911e64574b/datanode-6/data/ratis] (custom)
2021-11-09 00:56:37,582 [pool-619-thread-1] INFO  server.RaftServerConfigKeys (ConfUtils.java:logGet(44)) - raft.server.log.corruption.policy = EXCEPTION (default)
2021-11-09 00:56:37,582 [pool-619-thread-1] INFO  server.RaftServerConfigKeys (ConfUtils.java:logGet(44)) - raft.server.storage.free-space.min = 0MB (=0) (default)
2021-11-09 00:56:37,582 [pool-619-thread-1] INFO  storage.RaftStorageDirectory (RaftStorageDirectoryImpl.java:analyzeStorage(135)) - The storage directory /home/runner/work/ozone/ozone/hadoop-ozone/integration-test/target/test-dir/MiniOzoneClusterImpl-cebd3685-2b3d-4639-9f0f-41911e64574b/datanode-6/data/ratis/dd50b01f-64a3-4837-8588-cf94859226f3 does not exist. Creating ...
2021-11-09 00:56:37,595 [pool-619-thread-1] INFO  storage.RaftStorageDirectory (RaftStorageDirectoryImpl.java:tryLock(230)) - Lock on /home/runner/work/ozone/ozone/hadoop-ozone/integration-test/target/test-dir/MiniOzoneClusterImpl-cebd3685-2b3d-4639-9f0f-41911e64574b/datanode-6/data/ratis/dd50b01f-64a3-4837-8588-cf94859226f3/in_use.lock acquired by nodename 2851@fv-az294-841
2021-11-09 00:56:37,600 [pool-619-thread-1] INFO  storage.RaftStorage (RaftStorageImpl.java:format(89)) - Storage directory /home/runner/work/ozone/ozone/hadoop-ozone/integration-test/target/test-dir/MiniOzoneClusterImpl-cebd3685-2b3d-4639-9f0f-41911e64574b/datanode-6/data/ratis/dd50b01f-64a3-4837-8588-cf94859226f3 has been successfully formatted.
2021-11-09 00:56:37,643 [pool-619-thread-1] INFO  ratis.ContainerStateMachine (ContainerStateMachine.java:loadSnapshot(224)) - group-CF94859226F3: The snapshot info is null. Setting the last applied indexto:(t:0, i:~)
2021-11-09 00:56:37,649 [pool-619-thread-1] INFO  server.RaftServerConfigKeys (ConfUtils.java:logGet(44)) - raft.server.notification.no-leader.timeout = 300000ms (custom)
2021-11-09 00:56:37,649 [pool-619-thread-1] INFO  server.RaftServerConfigKeys (ConfUtils.java:logGet(44)) - raft.server.log.use.memory = false (default)
2021-11-09 00:56:37,649 [pool-619-thread-1] INFO  server.RaftServerConfigKeys (ConfUtils.java:logGet(44)) - raft.server.log.purge.gap = 1000000 (custom)
2021-11-09 00:56:37,649 [pool-619-thread-1] INFO  server.RaftServerConfigKeys (ConfUtils.java:logGet(44)) - raft.server.log.appender.buffer.byte-limit = 33554432 (custom)
2021-11-09 00:56:37,649 [pool-619-thread-1] INFO  server.RaftServerConfigKeys (ConfUtils.java:logGet(44)) - raft.server.log.segment.size.max = 1048576 (custom)
2021-11-09 00:56:37,650 [pool-619-thread-1] INFO  server.RaftServerConfigKeys (ConfUtils.java:logGet(44)) - raft.server.log.segment.cache.num.max = 2 (custom)
2021-11-09 00:56:37,650 [pool-619-thread-1] INFO  server.RaftServerConfigKeys (ConfUtils.java:logGet(44)) - raft.server.log.segment.cache.size.max = 200MB (=209715200) (default)
2021-11-09 00:56:37,650 [pool-619-thread-1] INFO  segmented.SegmentedRaftLogWorker (SegmentedRaftLogWorker.java:<init>(182)) - new 23aab0c3-4c3e-4cdc-9821-98cdf7e102fc@group-CF94859226F3-SegmentedRaftLogWorker for RaftStorageImpl:Storage Directory /home/runner/work/ozone/ozone/hadoop-ozone/integration-test/target/test-dir/MiniOzoneClusterImpl-cebd3685-2b3d-4639-9f0f-41911e64574b/datanode-6/data/ratis/dd50b01f-64a3-4837-8588-cf94859226f3
2021-11-09 00:56:37,650 [pool-619-thread-1] INFO  server.RaftServerConfigKeys (ConfUtils.java:logGet(44)) - raft.server.log.queue.byte-limit = 2147483647 (custom)
2021-11-09 00:56:37,650 [pool-619-thread-1] INFO  server.RaftServerConfigKeys (ConfUtils.java:logGet(44)) - raft.server.log.queue.element-limit = 1024 (custom)
2021-11-09 00:56:37,650 [pool-619-thread-1] INFO  server.RaftServerConfigKeys (ConfUtils.java:logGet(44)) - raft.server.log.segment.size.max = 1048576 (custom)
2021-11-09 00:56:37,650 [pool-619-thread-1] INFO  server.RaftServerConfigKeys (ConfUtils.java:logGet(44)) - raft.server.log.preallocated.size = 16384 (custom)
2021-11-09 00:56:37,650 [pool-619-thread-1] INFO  server.RaftServerConfigKeys (ConfUtils.java:logGet(44)) - raft.server.log.force.sync.num = 128 (default)
2021-11-09 00:56:37,650 [pool-619-thread-1] INFO  server.RaftServerConfigKeys (ConfUtils.java:logGet(44)) - raft.server.log.statemachine.data.sync = true (default)
2021-11-09 00:56:37,650 [pool-619-thread-1] INFO  server.RaftServerConfigKeys (ConfUtils.java:logGet(44)) - raft.server.log.statemachine.data.sync.timeout = 10s (default)
2021-11-09 00:56:37,650 [pool-619-thread-1] INFO  server.RaftServerConfigKeys (ConfUtils.java:logGet(44)) - raft.server.log.statemachine.data.sync.timeout.retry = -1 (default)
2021-11-09 00:56:37,651 [EventQueue-PipelineReportForPipelineReportHandler] INFO  pipeline.PipelineManagerImpl (PipelineManagerImpl.java:openPipeline(289)) - Pipeline Pipeline[ Id: dd50b01f-64a3-4837-8588-cf94859226f3, Nodes: 23aab0c3-4c3e-4cdc-9821-98cdf7e102fc{ip: 10.1.0.58, host: fv-az294-841.eaanfquahm5ulb5tj050gcxych.jx.internal.cloudapp.net, ports: [REPLICATION=35683, RATIS=33649, RATIS_ADMIN=33649, RATIS_SERVER=33649, STANDALONE=34371], networkLocation: /default-rack, certSerialId: null, persistedOpState: IN_SERVICE, persistedOpStateExpiryEpochSec: 0}, ReplicationConfig: RATIS/ONE, State:ALLOCATED, leaderId:23aab0c3-4c3e-4cdc-9821-98cdf7e102fc, CreationTimestamp2021-11-09T00:56:34.577Z[Etc/UTC]] moved to OPEN state
2021-11-09 00:56:37,652 [EventQueue-OpenPipelineForHealthyPipelineSafeModeRule] INFO  safemode.SCMSafeModeManager (HealthyPipelineSafeModeRule.java:process(124)) - SCM in safe mode. Healthy pipelines reported count is 0, required healthy pipeline reported count is 1
2021-11-09 00:56:37,651 [pool-619-thread-1] INFO  server.RaftServerConfigKeys (ConfUtils.java:logGet(44)) - raft.server.log.write.buffer.size = 1048576 (custom)
2021-11-09 00:56:37,660 [pool-619-thread-1] INFO  server.RaftServerConfigKeys (ConfUtils.java:logGet(44)) - raft.server.log.statemachine.data.caching.enabled = true (custom)
2021-11-09 00:56:37,660 [pool-619-thread-1] INFO  segmented.SegmentedRaftLogWorker (SegmentedRaftLogWorker.java:lambda$new$0(133)) - 23aab0c3-4c3e-4cdc-9821-98cdf7e102fc@group-CF94859226F3-SegmentedRaftLogWorker: flushIndex: setUnconditionally 0 -> -1
2021-11-09 00:56:37,660 [pool-619-thread-1] INFO  segmented.SegmentedRaftLogWorker (SegmentedRaftLogWorker.java:lambda$new$0(133)) - 23aab0c3-4c3e-4cdc-9821-98cdf7e102fc@group-CF94859226F3-SegmentedRaftLogWorker: safeCacheEvictIndex: setUnconditionally 0 -> -1
2021-11-09 00:56:37,672 [pool-619-thread-1] INFO  server.RaftServerConfigKeys (ConfUtils.java:logGet(44)) - raft.server.snapshot.auto.trigger.enabled = true (custom)
2021-11-09 00:56:37,672 [pool-619-thread-1] INFO  server.RaftServerConfigKeys (ConfUtils.java:logGet(44)) - raft.server.snapshot.auto.trigger.threshold = 10000 (custom)
2021-11-09 00:56:37,672 [pool-619-thread-1] INFO  server.RaftServerConfigKeys (ConfUtils.java:logGet(44)) - raft.server.snapshot.retention.file.num = 5 (custom)
2021-11-09 00:56:37,672 [pool-619-thread-1] INFO  server.RaftServerConfigKeys (ConfUtils.java:logGet(44)) - raft.server.log.purge.upto.snapshot.index = false (default)
2021-11-09 00:56:37,673 [pool-619-thread-1] INFO  server.RaftServerConfigKeys (ConfUtils.java:logGet(44)) - raft.server.retrycache.expirytime = 600000ms (custom)
2021-11-09 00:56:37,673 [pool-619-thread-1] INFO  server.RaftServerConfigKeys (ConfUtils.java:logGet(44)) - raft.server.retrycache.statistics.expirytime = 100μs (default)
2021-11-09 00:56:37,674 [pool-619-thread-1] INFO  server.RaftServer$Division (RaftServerImpl.java:start(301)) - 23aab0c3-4c3e-4cdc-9821-98cdf7e102fc@group-CF94859226F3: start as a follower, conf=-1: [23aab0c3-4c3e-4cdc-9821-98cdf7e102fc|rpc:10.1.0.58:33649|priority:1], old=null
2021-11-09 00:56:37,674 [pool-619-thread-1] INFO  server.RaftServer$Division (RaftServerImpl.java:setRole(290)) - 23aab0c3-4c3e-4cdc-9821-98cdf7e102fc@group-CF94859226F3: changes role from      null to FOLLOWER at term 0 for startAsFollower
2021-11-09 00:56:37,674 [pool-619-thread-1] INFO  impl.RoleInfo (RoleInfo.java:updateAndGet(130)) - 23aab0c3-4c3e-4cdc-9821-98cdf7e102fc: start 23aab0c3-4c3e-4cdc-9821-98cdf7e102fc@group-CF94859226F3-FollowerState
2021-11-09 00:56:37,674 [pool-619-thread-1] INFO  util.JmxRegister (JmxRegister.java:tryRegister(44)) - Successfully registered JMX Bean with object name Ratis:service=RaftServer,group=group-CF94859226F3,id=23aab0c3-4c3e-4cdc-9821-98cdf7e102fc
2021-11-09 00:56:37,683 [Command processor thread] INFO  ratis.XceiverServerRatis (XceiverServerRatis.java:addGroup(768)) - Created group PipelineID=dd50b01f-64a3-4837-8588-cf94859226f3
2021-11-09 00:56:37,683 [Command processor thread] INFO  commandhandler.CreatePipelineCommandHandler (CreatePipelineCommandHandler.java:handle(106)) - Created Pipeline RATIS ONE PipelineID=dd50b01f-64a3-4837-8588-cf94859226f3.
2021-11-09 00:56:38,529 [Listener at 127.0.0.1/34135] INFO  ozone.MiniOzoneClusterImpl (MiniOzoneClusterImpl.java:lambda$waitForClusterToBeReady$0(235)) - Nodes are ready. Got 7 of 7 DN Heartbeats.
2021-11-09 00:56:38,529 [Listener at 127.0.0.1/34135] INFO  ozone.MiniOzoneClusterImpl (MiniOzoneClusterImpl.java:lambda$waitForClusterToBeReady$0(238)) - Waiting for cluster to exit safe mode
2021-11-09 00:56:38,529 [Listener at 127.0.0.1/34135] INFO  ozone.MiniOzoneClusterImpl (MiniOzoneClusterImpl.java:lambda$waitForClusterToBeReady$0(240)) - SCM became leader
2021-11-09 00:56:39,529 [Listener at 127.0.0.1/34135] INFO  ozone.MiniOzoneClusterImpl (MiniOzoneClusterImpl.java:lambda$waitForClusterToBeReady$0(235)) - Nodes are ready. Got 7 of 7 DN Heartbeats.
2021-11-09 00:56:39,529 [Listener at 127.0.0.1/34135] INFO  ozone.MiniOzoneClusterImpl (MiniOzoneClusterImpl.java:lambda$waitForClusterToBeReady$0(238)) - Waiting for cluster to exit safe mode
2021-11-09 00:56:39,529 [Listener at 127.0.0.1/34135] INFO  ozone.MiniOzoneClusterImpl (MiniOzoneClusterImpl.java:lambda$waitForClusterToBeReady$0(240)) - SCM became leader
2021-11-09 00:56:39,963 [4430b70e-e2dc-4778-891b-decd59bd04d3@group-43749416088D-FollowerState] INFO  impl.FollowerState (FollowerState.java:run(134)) - 4430b70e-e2dc-4778-891b-decd59bd04d3@group-43749416088D-FollowerState: change to CANDIDATE, lastRpcElapsedTime:5030396684ns, electionTimeout:5028ms
2021-11-09 00:56:39,964 [4430b70e-e2dc-4778-891b-decd59bd04d3@group-43749416088D-FollowerState] INFO  impl.RoleInfo (RoleInfo.java:shutdownFollowerState(108)) - 4430b70e-e2dc-4778-891b-decd59bd04d3: shutdown 4430b70e-e2dc-4778-891b-decd59bd04d3@group-43749416088D-FollowerState
2021-11-09 00:56:39,964 [4430b70e-e2dc-4778-891b-decd59bd04d3@group-43749416088D-FollowerState] INFO  server.RaftServer$Division (RaftServerImpl.java:setRole(290)) - 4430b70e-e2dc-4778-891b-decd59bd04d3@group-43749416088D: changes role from  FOLLOWER to CANDIDATE at term 0 for changeToCandidate
2021-11-09 00:56:39,969 [4430b70e-e2dc-4778-891b-decd59bd04d3@group-43749416088D-FollowerState] INFO  server.RaftServerConfigKeys (ConfUtils.java:logGet(44)) - raft.server.leaderelection.pre-vote = false (custom)
2021-11-09 00:56:39,969 [4430b70e-e2dc-4778-891b-decd59bd04d3@group-43749416088D-FollowerState] INFO  impl.RoleInfo (RoleInfo.java:updateAndGet(130)) - 4430b70e-e2dc-4778-891b-decd59bd04d3: start 4430b70e-e2dc-4778-891b-decd59bd04d3@group-43749416088D-LeaderElection76
2021-11-09 00:56:40,006 [4430b70e-e2dc-4778-891b-decd59bd04d3@group-B742A90591B3-FollowerState] INFO  impl.FollowerState (FollowerState.java:run(134)) - 4430b70e-e2dc-4778-891b-decd59bd04d3@group-B742A90591B3-FollowerState: change to CANDIDATE, lastRpcElapsedTime:5108404514ns, electionTimeout:5073ms
2021-11-09 00:56:40,006 [4430b70e-e2dc-4778-891b-decd59bd04d3@group-B742A90591B3-FollowerState] INFO  impl.RoleInfo (RoleInfo.java:shutdownFollowerState(108)) - 4430b70e-e2dc-4778-891b-decd59bd04d3: shutdown 4430b70e-e2dc-4778-891b-decd59bd04d3@group-B742A90591B3-FollowerState
2021-11-09 00:56:40,007 [4430b70e-e2dc-4778-891b-decd59bd04d3@group-B742A90591B3-FollowerState] INFO  server.RaftServer$Division (RaftServerImpl.java:setRole(290)) - 4430b70e-e2dc-4778-891b-decd59bd04d3@group-B742A90591B3: changes role from  FOLLOWER to CANDIDATE at term 0 for changeToCandidate
2021-11-09 00:56:40,007 [4430b70e-e2dc-4778-891b-decd59bd04d3@group-B742A90591B3-FollowerState] INFO  server.RaftServerConfigKeys (ConfUtils.java:logGet(44)) - raft.server.leaderelection.pre-vote = false (custom)
2021-11-09 00:56:40,007 [4430b70e-e2dc-4778-891b-decd59bd04d3@group-B742A90591B3-FollowerState] INFO  impl.RoleInfo (RoleInfo.java:updateAndGet(130)) - 4430b70e-e2dc-4778-891b-decd59bd04d3: start 4430b70e-e2dc-4778-891b-decd59bd04d3@group-B742A90591B3-LeaderElection77
2021-11-09 00:56:40,011 [4430b70e-e2dc-4778-891b-decd59bd04d3@group-43749416088D-LeaderElection76] INFO  impl.LeaderElection (LeaderElection.java:askForVotes(306)) - 4430b70e-e2dc-4778-891b-decd59bd04d3@group-43749416088D-LeaderElection76 ELECTION round 0: submit vote requests at term 1 for -1: [4430b70e-e2dc-4778-891b-decd59bd04d3|rpc:10.1.0.58:37555|priority:1, d5ae86a0-e3e8-461b-b600-8c2d036507b1|rpc:10.1.0.58:45525|priority:0, 43136673-c093-486b-8a61-55aa3fed1341|rpc:10.1.0.58:34809|priority:0], old=null
2021-11-09 00:56:40,062 [4430b70e-e2dc-4778-891b-decd59bd04d3@group-B742A90591B3-LeaderElection77] INFO  impl.LeaderElection (LeaderElection.java:askForVotes(306)) - 4430b70e-e2dc-4778-891b-decd59bd04d3@group-B742A90591B3-LeaderElection77 ELECTION round 0: submit vote requests at term 1 for -1: [4430b70e-e2dc-4778-891b-decd59bd04d3|rpc:10.1.0.58:37555|priority:1], old=null
2021-11-09 00:56:40,063 [4430b70e-e2dc-4778-891b-decd59bd04d3@group-B742A90591B3-LeaderElection77] INFO  impl.LeaderElection (LeaderElection.java:askForVotes(308)) - 4430b70e-e2dc-4778-891b-decd59bd04d3@group-B742A90591B3-LeaderElection77 ELECTION round 0: result PASSED (term=1)
2021-11-09 00:56:40,063 [4430b70e-e2dc-4778-891b-decd59bd04d3@group-B742A90591B3-LeaderElection77] INFO  impl.RoleInfo (RoleInfo.java:shutdownLeaderElection(121)) - 4430b70e-e2dc-4778-891b-decd59bd04d3: shutdown 4430b70e-e2dc-4778-891b-decd59bd04d3@group-B742A90591B3-LeaderElection77
2021-11-09 00:56:40,063 [4430b70e-e2dc-4778-891b-decd59bd04d3@group-B742A90591B3-LeaderElection77] INFO  server.RaftServer$Division (RaftServerImpl.java:setRole(290)) - 4430b70e-e2dc-4778-891b-decd59bd04d3@group-B742A90591B3: changes role from CANDIDATE to LEADER at term 1 for changeToLeader
2021-11-09 00:56:40,063 [4430b70e-e2dc-4778-891b-decd59bd04d3@group-B742A90591B3-LeaderElection77] INFO  ratis.XceiverServerRatis (XceiverServerRatis.java:handleLeaderChangedNotification(866)) - Leader change notification received for group: group-B742A90591B3 with new leaderId: 4430b70e-e2dc-4778-891b-decd59bd04d3
2021-11-09 00:56:40,063 [4430b70e-e2dc-4778-891b-decd59bd04d3@group-B742A90591B3-LeaderElection77] INFO  server.RaftServer$Division (ServerState.java:setLeader(285)) - 4430b70e-e2dc-4778-891b-decd59bd04d3@group-B742A90591B3: change Leader from null to 4430b70e-e2dc-4778-891b-decd59bd04d3 at term 1 for becomeLeader, leader elected after 5180ms
2021-11-09 00:56:40,063 [4430b70e-e2dc-4778-891b-decd59bd04d3@group-B742A90591B3-LeaderElection77] INFO  server.RaftServerConfigKeys (ConfUtils.java:logGet(44)) - raft.server.staging.catchup.gap = 1000 (default)
2021-11-09 00:56:40,063 [4430b70e-e2dc-4778-891b-decd59bd04d3@group-B742A90591B3-LeaderElection77] INFO  server.RaftServerConfigKeys (ConfUtils.java:logGet(44)) - raft.server.write.element-limit = 1024 (custom)
2021-11-09 00:56:40,063 [4430b70e-e2dc-4778-891b-decd59bd04d3@group-B742A90591B3-LeaderElection77] INFO  server.RaftServerConfigKeys (ConfUtils.java:logGet(44)) - raft.server.write.byte-limit = 1024 M (=1073741824) (custom)
2021-11-09 00:56:40,063 [4430b70e-e2dc-4778-891b-decd59bd04d3@group-B742A90591B3-LeaderElection77] INFO  server.RaftServerConfigKeys (ConfUtils.java:logGet(44)) - raft.server.watch.timeout = 3000ms (custom)
2021-11-09 00:56:40,064 [4430b70e-e2dc-4778-891b-decd59bd04d3@group-B742A90591B3-LeaderElection77] INFO  server.RaftServerConfigKeys (ConfUtils.java:logGet(44)) - raft.server.watch.timeout.denomination = 1s (default)
2021-11-09 00:56:40,064 [4430b70e-e2dc-4778-891b-decd59bd04d3@group-B742A90591B3-LeaderElection77] INFO  server.RaftServerConfigKeys (ConfUtils.java:logGet(44)) - raft.server.watch.element-limit = 65536 (default)
2021-11-09 00:56:40,064 [4430b70e-e2dc-4778-891b-decd59bd04d3@group-B742A90591B3-LeaderElection77] INFO  server.RaftServerConfigKeys (ConfUtils.java:logGet(44)) - raft.server.write.element-limit = 1024 (custom)
2021-11-09 00:56:40,064 [4430b70e-e2dc-4778-891b-decd59bd04d3@group-B742A90591B3-LeaderElection77] INFO  server.RaftServerConfigKeys (ConfUtils.java:logGet(44)) - raft.server.write.follower.gap.ratio.max = -1.0 (default)
2021-11-09 00:56:40,064 [4430b70e-e2dc-4778-891b-decd59bd04d3@group-B742A90591B3-LeaderElection77] INFO  impl.RoleInfo (RoleInfo.java:updateAndGet(130)) - 4430b70e-e2dc-4778-891b-decd59bd04d3: start 4430b70e-e2dc-4778-891b-decd59bd04d3@group-B742A90591B3-LeaderStateImpl
2021-11-09 00:56:40,064 [4430b70e-e2dc-4778-891b-decd59bd04d3@group-B742A90591B3-LeaderElection77] INFO  segmented.SegmentedRaftLogWorker (SegmentedRaftLogWorker.java:startLogSegment(394)) - 4430b70e-e2dc-4778-891b-decd59bd04d3@group-B742A90591B3-SegmentedRaftLogWorker: Starting segment from index:0
2021-11-09 00:56:40,065 [grpc-default-executor-1] INFO  server.RaftServer$Division (RaftServerImpl.java:requestVote(1046)) - d5ae86a0-e3e8-461b-b600-8c2d036507b1@group-43749416088D: receive requestVote(ELECTION, 4430b70e-e2dc-4778-891b-decd59bd04d3, group-43749416088D, 1, (t:0, i:0))
2021-11-09 00:56:40,065 [grpc-default-executor-1] INFO  impl.VoteContext (VoteContext.java:log(48)) - d5ae86a0-e3e8-461b-b600-8c2d036507b1@group-43749416088D-FOLLOWER: accept ELECTION from 4430b70e-e2dc-4778-891b-decd59bd04d3: our priority 0 <= candidate's priority 1
2021-11-09 00:56:40,065 [grpc-default-executor-1] INFO  server.RaftServer$Division (RaftServerImpl.java:setRole(290)) - d5ae86a0-e3e8-461b-b600-8c2d036507b1@group-43749416088D: changes role from  FOLLOWER to FOLLOWER at term 1 for candidate:4430b70e-e2dc-4778-891b-decd59bd04d3
2021-11-09 00:56:40,065 [grpc-default-executor-1] INFO  impl.RoleInfo (RoleInfo.java:shutdownFollowerState(108)) - d5ae86a0-e3e8-461b-b600-8c2d036507b1: shutdown d5ae86a0-e3e8-461b-b600-8c2d036507b1@group-43749416088D-FollowerState
2021-11-09 00:56:40,065 [grpc-default-executor-1] INFO  impl.RoleInfo (RoleInfo.java:updateAndGet(130)) - d5ae86a0-e3e8-461b-b600-8c2d036507b1: start d5ae86a0-e3e8-461b-b600-8c2d036507b1@group-43749416088D-FollowerState
2021-11-09 00:56:40,065 [d5ae86a0-e3e8-461b-b600-8c2d036507b1@group-43749416088D-FollowerState] INFO  impl.FollowerState (FollowerState.java:run(143)) - d5ae86a0-e3e8-461b-b600-8c2d036507b1@group-43749416088D-FollowerState was interrupted: {}
java.lang.InterruptedException: sleep interrupted
	at java.lang.Thread.sleep(Native Method)
	at java.lang.Thread.sleep(Thread.java:340)
	at java.util.concurrent.TimeUnit.sleep(TimeUnit.java:386)
	at org.apache.ratis.util.TimeDuration.sleep(TimeDuration.java:324)
	at org.apache.ratis.util.TimeDuration.sleep(TimeDuration.java:309)
	at org.apache.ratis.server.impl.FollowerState.run(FollowerState.java:118)
2021-11-09 00:56:40,068 [EventQueue-OpenPipelineForHealthyPipelineSafeModeRule] INFO  safemode.SCMSafeModeManager (HealthyPipelineSafeModeRule.java:process(124)) - SCM in safe mode. Healthy pipelines reported count is 0, required healthy pipeline reported count is 1
2021-11-09 00:56:40,069 [4430b70e-e2dc-4778-891b-decd59bd04d3@group-B742A90591B3-SegmentedRaftLogWorker] INFO  segmented.SegmentedRaftLogWorker (SegmentedRaftLogWorker.java:execute(601)) - 4430b70e-e2dc-4778-891b-decd59bd04d3@group-B742A90591B3-SegmentedRaftLogWorker: created new log segment /home/runner/work/ozone/ozone/hadoop-ozone/integration-test/target/test-dir/MiniOzoneClusterImpl-cebd3685-2b3d-4639-9f0f-41911e64574b/datanode-0/data/ratis/dc755f07-e104-4d8a-90cf-b742a90591b3/current/log_inprogress_0
2021-11-09 00:56:40,073 [grpc-default-executor-1] INFO  server.RaftServer$Division (RaftServerImpl.java:requestVote(1078)) - d5ae86a0-e3e8-461b-b600-8c2d036507b1@group-43749416088D replies to ELECTION vote request: 4430b70e-e2dc-4778-891b-decd59bd04d3<-d5ae86a0-e3e8-461b-b600-8c2d036507b1#0:OK-t1. Peer's state: d5ae86a0-e3e8-461b-b600-8c2d036507b1@group-43749416088D:t1, leader=null, voted=4430b70e-e2dc-4778-891b-decd59bd04d3, raftlog=d5ae86a0-e3e8-461b-b600-8c2d036507b1@group-43749416088D-SegmentedRaftLog:OPENED:c-1, conf=-1: [4430b70e-e2dc-4778-891b-decd59bd04d3|rpc:10.1.0.58:37555|dataStream:|priority:1, d5ae86a0-e3e8-461b-b600-8c2d036507b1|rpc:10.1.0.58:45525|dataStream:|priority:0, 43136673-c093-486b-8a61-55aa3fed1341|rpc:10.1.0.58:34809|dataStream:|priority:0], old=null
2021-11-09 00:56:40,088 [4430b70e-e2dc-4778-891b-decd59bd04d3@group-43749416088D-LeaderElection76] INFO  impl.LeaderElection (LeaderElection.java:logAndReturn(89)) - 4430b70e-e2dc-4778-891b-decd59bd04d3@group-43749416088D-LeaderElection76: ELECTION PASSED received 1 response(s) and 0 exception(s):
2021-11-09 00:56:40,088 [4430b70e-e2dc-4778-891b-decd59bd04d3@group-43749416088D-LeaderElection76] INFO  impl.LeaderElection (LeaderElection.java:logAndReturn(93)) -   Response 0: 4430b70e-e2dc-4778-891b-decd59bd04d3<-d5ae86a0-e3e8-461b-b600-8c2d036507b1#0:OK-t1
2021-11-09 00:56:40,088 [4430b70e-e2dc-4778-891b-decd59bd04d3@group-43749416088D-LeaderElection76] INFO  impl.LeaderElection (LeaderElection.java:askForVotes(308)) - 4430b70e-e2dc-4778-891b-decd59bd04d3@group-43749416088D-LeaderElection76 ELECTION round 0: result PASSED
2021-11-09 00:56:40,088 [4430b70e-e2dc-4778-891b-decd59bd04d3@group-43749416088D-LeaderElection76] INFO  impl.RoleInfo (RoleInfo.java:shutdownLeaderElection(121)) - 4430b70e-e2dc-4778-891b-decd59bd04d3: shutdown 4430b70e-e2dc-4778-891b-decd59bd04d3@group-43749416088D-LeaderElection76
2021-11-09 00:56:40,088 [4430b70e-e2dc-4778-891b-decd59bd04d3@group-43749416088D-LeaderElection76] INFO  server.RaftServer$Division (RaftServerImpl.java:setRole(290)) - 4430b70e-e2dc-4778-891b-decd59bd04d3@group-43749416088D: changes role from CANDIDATE to LEADER at term 1 for changeToLeader
2021-11-09 00:56:40,088 [4430b70e-e2dc-4778-891b-decd59bd04d3@group-43749416088D-LeaderElection76] INFO  ratis.XceiverServerRatis (XceiverServerRatis.java:handleLeaderChangedNotification(866)) - Leader change notification received for group: group-43749416088D with new leaderId: 4430b70e-e2dc-4778-891b-decd59bd04d3
2021-11-09 00:56:40,088 [4430b70e-e2dc-4778-891b-decd59bd04d3@group-43749416088D-LeaderElection76] INFO  server.RaftServer$Division (ServerState.java:setLeader(285)) - 4430b70e-e2dc-4778-891b-decd59bd04d3@group-43749416088D: change Leader from null to 4430b70e-e2dc-4778-891b-decd59bd04d3 at term 1 for becomeLeader, leader elected after 5165ms
2021-11-09 00:56:40,088 [4430b70e-e2dc-4778-891b-decd59bd04d3@group-43749416088D-LeaderElection76] INFO  server.RaftServerConfigKeys (ConfUtils.java:logGet(44)) - raft.server.staging.catchup.gap = 1000 (default)
2021-11-09 00:56:40,088 [4430b70e-e2dc-4778-891b-decd59bd04d3@group-43749416088D-LeaderElection76] INFO  server.RaftServerConfigKeys (ConfUtils.java:logGet(44)) - raft.server.write.element-limit = 1024 (custom)
2021-11-09 00:56:40,089 [4430b70e-e2dc-4778-891b-decd59bd04d3@group-43749416088D-LeaderElection76] INFO  server.RaftServerConfigKeys (ConfUtils.java:logGet(44)) - raft.server.write.byte-limit = 1024 M (=1073741824) (custom)
2021-11-09 00:56:40,089 [4430b70e-e2dc-4778-891b-decd59bd04d3@group-43749416088D-LeaderElection76] INFO  server.RaftServerConfigKeys (ConfUtils.java:logGet(44)) - raft.server.watch.timeout = 3000ms (custom)
2021-11-09 00:56:40,089 [4430b70e-e2dc-4778-891b-decd59bd04d3@group-43749416088D-LeaderElection76] INFO  server.RaftServerConfigKeys (ConfUtils.java:logGet(44)) - raft.server.watch.timeout.denomination = 1s (default)
2021-11-09 00:56:40,089 [4430b70e-e2dc-4778-891b-decd59bd04d3@group-43749416088D-LeaderElection76] INFO  server.RaftServerConfigKeys (ConfUtils.java:logGet(44)) - raft.server.watch.element-limit = 65536 (default)
2021-11-09 00:56:40,089 [4430b70e-e2dc-4778-891b-decd59bd04d3@group-43749416088D-LeaderElection76] INFO  server.RaftServerConfigKeys (ConfUtils.java:logGet(44)) - raft.server.write.element-limit = 1024 (custom)
2021-11-09 00:56:40,089 [4430b70e-e2dc-4778-891b-decd59bd04d3@group-43749416088D-LeaderElection76] INFO  server.RaftServerConfigKeys (ConfUtils.java:logGet(44)) - raft.server.write.follower.gap.ratio.max = -1.0 (default)
2021-11-09 00:56:40,089 [4430b70e-e2dc-4778-891b-decd59bd04d3@group-43749416088D-LeaderElection76] INFO  server.RaftServerConfigKeys (ConfUtils.java:logGet(44)) - raft.server.log.appender.snapshot.chunk.size.max = 16MB (=16777216) (default)
2021-11-09 00:56:40,089 [4430b70e-e2dc-4778-891b-decd59bd04d3@group-43749416088D-LeaderElection76] INFO  server.RaftServerConfigKeys (ConfUtils.java:logGet(44)) - raft.server.log.appender.buffer.byte-limit = 33554432 (custom)
2021-11-09 00:56:40,089 [4430b70e-e2dc-4778-891b-decd59bd04d3@group-43749416088D-LeaderElection76] INFO  server.RaftServerConfigKeys (ConfUtils.java:logGet(44)) - raft.server.log.appender.buffer.element-limit = 1 (custom)
2021-11-09 00:56:40,089 [4430b70e-e2dc-4778-891b-decd59bd04d3@group-43749416088D-LeaderElection76] INFO  grpc.GrpcConfigKeys (ConfUtils.java:logGet(44)) - raft.grpc.server.leader.outstanding.appends.max = 128 (default)
2021-11-09 00:56:40,089 [4430b70e-e2dc-4778-891b-decd59bd04d3@group-43749416088D-LeaderElection76] INFO  server.RaftServerConfigKeys (ConfUtils.java:logGet(44)) - raft.server.rpc.request.timeout = 3000ms (default)
2021-11-09 00:56:40,089 [4430b70e-e2dc-4778-891b-decd59bd04d3@group-43749416088D-LeaderElection76] INFO  server.RaftServerConfigKeys (ConfUtils.java:logGet(44)) - raft.server.log.appender.install.snapshot.enabled = false (custom)
2021-11-09 00:56:40,090 [4430b70e-e2dc-4778-891b-decd59bd04d3@group-43749416088D-LeaderElection76] INFO  server.RaftServerConfigKeys (ConfUtils.java:logGet(44)) - raft.server.log.appender.snapshot.chunk.size.max = 16MB (=16777216) (default)
2021-11-09 00:56:40,090 [4430b70e-e2dc-4778-891b-decd59bd04d3@group-43749416088D-LeaderElection76] INFO  server.RaftServerConfigKeys (ConfUtils.java:logGet(44)) - raft.server.log.appender.buffer.byte-limit = 33554432 (custom)
2021-11-09 00:56:40,091 [4430b70e-e2dc-4778-891b-decd59bd04d3@group-43749416088D-LeaderElection76] INFO  server.RaftServerConfigKeys (ConfUtils.java:logGet(44)) - raft.server.log.appender.buffer.element-limit = 1 (custom)
2021-11-09 00:56:40,091 [4430b70e-e2dc-4778-891b-decd59bd04d3@group-43749416088D-LeaderElection76] INFO  grpc.GrpcConfigKeys (ConfUtils.java:logGet(44)) - raft.grpc.server.leader.outstanding.appends.max = 128 (default)
2021-11-09 00:56:40,091 [4430b70e-e2dc-4778-891b-decd59bd04d3@group-43749416088D-LeaderElection76] INFO  server.RaftServerConfigKeys (ConfUtils.java:logGet(44)) - raft.server.rpc.request.timeout = 3000ms (default)
2021-11-09 00:56:40,091 [4430b70e-e2dc-4778-891b-decd59bd04d3@group-43749416088D-LeaderElection76] INFO  server.RaftServerConfigKeys (ConfUtils.java:logGet(44)) - raft.server.log.appender.install.snapshot.enabled = false (custom)
2021-11-09 00:56:40,091 [EventQueue-PipelineReportForPipelineReportHandler] INFO  pipeline.PipelineManagerImpl (PipelineManagerImpl.java:openPipeline(289)) - Pipeline Pipeline[ Id: 9bc91158-09f7-498f-98c5-43749416088d, Nodes: 43136673-c093-486b-8a61-55aa3fed1341{ip: 10.1.0.58, host: fv-az294-841.eaanfquahm5ulb5tj050gcxych.jx.internal.cloudapp.net, ports: [REPLICATION=33899, RATIS=34809, RATIS_ADMIN=34809, RATIS_SERVER=34809, STANDALONE=39677], networkLocation: /default-rack, certSerialId: null, persistedOpState: IN_SERVICE, persistedOpStateExpiryEpochSec: 0}4430b70e-e2dc-4778-891b-decd59bd04d3{ip: 10.1.0.58, host: fv-az294-841.eaanfquahm5ulb5tj050gcxych.jx.internal.cloudapp.net, ports: [REPLICATION=41031, RATIS=37555, RATIS_ADMIN=37555, RATIS_SERVER=37555, STANDALONE=43879], networkLocation: /default-rack, certSerialId: null, persistedOpState: IN_SERVICE, persistedOpStateExpiryEpochSec: 0}d5ae86a0-e3e8-461b-b600-8c2d036507b1{ip: 10.1.0.58, host: fv-az294-841.eaanfquahm5ulb5tj050gcxych.jx.internal.cloudapp.net, ports: [REPLICATION=37421, RATIS=45525, RATIS_ADMIN=45525, RATIS_SERVER=45525, STANDALONE=35155], networkLocation: /default-rack, certSerialId: null, persistedOpState: IN_SERVICE, persistedOpStateExpiryEpochSec: 0}, ReplicationConfig: RATIS/THREE, State:ALLOCATED, leaderId:4430b70e-e2dc-4778-891b-decd59bd04d3, CreationTimestamp2021-11-09T00:56:32.802Z[Etc/UTC]] moved to OPEN state
2021-11-09 00:56:40,092 [EventQueue-OpenPipelineForHealthyPipelineSafeModeRule] INFO  safemode.SCMSafeModeManager (HealthyPipelineSafeModeRule.java:process(124)) - SCM in safe mode. Healthy pipelines reported count is 1, required healthy pipeline reported count is 1
2021-11-09 00:56:40,092 [EventQueue-OpenPipelineForHealthyPipelineSafeModeRule] INFO  safemode.SCMSafeModeManager (SCMSafeModeManager.java:validateSafeModeExitRules(204)) - HealthyPipelineSafeModeRule rule is successfully validated
2021-11-09 00:56:40,092 [EventQueue-OpenPipelineForHealthyPipelineSafeModeRule] INFO  safemode.SCMSafeModeManager (SCMSafeModeManager.java:validateSafeModeExitRules(219)) - ScmSafeModeManager, all rules are successfully validated
2021-11-09 00:56:40,092 [EventQueue-OpenPipelineForHealthyPipelineSafeModeRule] INFO  safemode.SCMSafeModeManager (SCMSafeModeManager.java:exitSafeMode(248)) - SCM exiting safe mode.
2021-11-09 00:56:40,092 [EventQueue-OpenPipelineForHealthyPipelineSafeModeRule] WARN  events.EventQueue (EventQueue.java:fireEvent(194)) - No event handler registered for event TypedEvent{payloadType=SafeModeStatus, name='Safe mode status'}
2021-11-09 00:56:40,092 [EventQueue-OpenPipelineForHealthyPipelineSafeModeRule] INFO  ha.SCMContext (SCMContext.java:updateSafeModeStatus(205)) - Update SafeModeStatus from SafeModeStatus{safeModeStatus=true, preCheckPassed=true} to SafeModeStatus{safeModeStatus=false, preCheckPassed=true}.
2021-11-09 00:56:40,092 [EventQueue-OpenPipelineForHealthyPipelineSafeModeRule] INFO  pipeline.BackgroundPipelineCreator (BackgroundPipelineCreator.java:notifyStatusChanged(264)) - Service BackgroundPipelineCreator transitions to RUNNING.
2021-11-09 00:56:40,092 [EventQueue-OpenPipelineForHealthyPipelineSafeModeRule] INFO  container.ReplicationManager (ReplicationManager.java:notifyStatusChanged(1746)) - Service ReplicationManager transitions to RUNNING.
2021-11-09 00:56:40,096 [4430b70e-e2dc-4778-891b-decd59bd04d3@group-B742A90591B3-LeaderElection77] INFO  server.RaftServer$Division (ServerState.java:setRaftConf(387)) - 4430b70e-e2dc-4778-891b-decd59bd04d3@group-B742A90591B3: set configuration 0: [4430b70e-e2dc-4778-891b-decd59bd04d3|rpc:10.1.0.58:37555|dataStream:|priority:1], old=null
2021-11-09 00:56:40,119 [grpc-default-executor-1] INFO  server.RaftServer$Division (RaftServerImpl.java:requestVote(1046)) - 43136673-c093-486b-8a61-55aa3fed1341@group-43749416088D: receive requestVote(ELECTION, 4430b70e-e2dc-4778-891b-decd59bd04d3, group-43749416088D, 1, (t:0, i:0))
2021-11-09 00:56:40,119 [grpc-default-executor-1] INFO  impl.VoteContext (VoteContext.java:log(48)) - 43136673-c093-486b-8a61-55aa3fed1341@group-43749416088D-FOLLOWER: accept ELECTION from 4430b70e-e2dc-4778-891b-decd59bd04d3: our priority 0 <= candidate's priority 1
2021-11-09 00:56:40,119 [grpc-default-executor-1] INFO  server.RaftServer$Division (RaftServerImpl.java:setRole(290)) - 43136673-c093-486b-8a61-55aa3fed1341@group-43749416088D: changes role from  FOLLOWER to FOLLOWER at term 1 for candidate:4430b70e-e2dc-4778-891b-decd59bd04d3
2021-11-09 00:56:40,119 [grpc-default-executor-1] INFO  impl.RoleInfo (RoleInfo.java:shutdownFollowerState(108)) - 43136673-c093-486b-8a61-55aa3fed1341: shutdown 43136673-c093-486b-8a61-55aa3fed1341@group-43749416088D-FollowerState
2021-11-09 00:56:40,119 [grpc-default-executor-1] INFO  impl.RoleInfo (RoleInfo.java:updateAndGet(130)) - 43136673-c093-486b-8a61-55aa3fed1341: start 43136673-c093-486b-8a61-55aa3fed1341@group-43749416088D-FollowerState
2021-11-09 00:56:40,119 [43136673-c093-486b-8a61-55aa3fed1341@group-43749416088D-FollowerState] INFO  impl.FollowerState (FollowerState.java:run(143)) - 43136673-c093-486b-8a61-55aa3fed1341@group-43749416088D-FollowerState was interrupted: {}
java.lang.InterruptedException: sleep interrupted
	at java.lang.Thread.sleep(Native Method)
	at java.lang.Thread.sleep(Thread.java:340)
	at java.util.concurrent.TimeUnit.sleep(TimeUnit.java:386)
	at org.apache.ratis.util.TimeDuration.sleep(TimeDuration.java:324)
	at org.apache.ratis.util.TimeDuration.sleep(TimeDuration.java:309)
	at org.apache.ratis.server.impl.FollowerState.run(FollowerState.java:118)
2021-11-09 00:56:40,128 [4430b70e-e2dc-4778-891b-decd59bd04d3@group-43749416088D-LeaderElection76] INFO  impl.RoleInfo (RoleInfo.java:updateAndGet(130)) - 4430b70e-e2dc-4778-891b-decd59bd04d3: start 4430b70e-e2dc-4778-891b-decd59bd04d3@group-43749416088D-LeaderStateImpl
2021-11-09 00:56:40,129 [4430b70e-e2dc-4778-891b-decd59bd04d3@group-43749416088D-LeaderElection76] INFO  segmented.SegmentedRaftLogWorker (SegmentedRaftLogWorker.java:startLogSegment(394)) - 4430b70e-e2dc-4778-891b-decd59bd04d3@group-43749416088D-SegmentedRaftLogWorker: Starting segment from index:0
2021-11-09 00:56:40,133 [grpc-default-executor-1] INFO  server.RaftServer$Division (RaftServerImpl.java:requestVote(1078)) - 43136673-c093-486b-8a61-55aa3fed1341@group-43749416088D replies to ELECTION vote request: 4430b70e-e2dc-4778-891b-decd59bd04d3<-43136673-c093-486b-8a61-55aa3fed1341#0:OK-t1. Peer's state: 43136673-c093-486b-8a61-55aa3fed1341@group-43749416088D:t1, leader=null, voted=4430b70e-e2dc-4778-891b-decd59bd04d3, raftlog=43136673-c093-486b-8a61-55aa3fed1341@group-43749416088D-SegmentedRaftLog:OPENED:c-1, conf=-1: [4430b70e-e2dc-4778-891b-decd59bd04d3|rpc:10.1.0.58:37555|dataStream:|priority:1, d5ae86a0-e3e8-461b-b600-8c2d036507b1|rpc:10.1.0.58:45525|dataStream:|priority:0, 43136673-c093-486b-8a61-55aa3fed1341|rpc:10.1.0.58:34809|dataStream:|priority:0], old=null
2021-11-09 00:56:40,134 [4430b70e-e2dc-4778-891b-decd59bd04d3@group-43749416088D-SegmentedRaftLogWorker] INFO  segmented.SegmentedRaftLogWorker (SegmentedRaftLogWorker.java:execute(601)) - 4430b70e-e2dc-4778-891b-decd59bd04d3@group-43749416088D-SegmentedRaftLogWorker: created new log segment /home/runner/work/ozone/ozone/hadoop-ozone/integration-test/target/test-dir/MiniOzoneClusterImpl-cebd3685-2b3d-4639-9f0f-41911e64574b/datanode-0/data/ratis/9bc91158-09f7-498f-98c5-43749416088d/current/log_inprogress_0
2021-11-09 00:56:40,157 [grpc-default-executor-4] INFO  ratis.XceiverServerRatis (XceiverServerRatis.java:handleLeaderChangedNotification(866)) - Leader change notification received for group: group-43749416088D with new leaderId: 4430b70e-e2dc-4778-891b-decd59bd04d3
2021-11-09 00:56:40,157 [grpc-default-executor-4] INFO  server.RaftServer$Division (ServerState.java:setLeader(285)) - 43136673-c093-486b-8a61-55aa3fed1341@group-43749416088D: change Leader from null to 4430b70e-e2dc-4778-891b-decd59bd04d3 at term 1 for appendEntries, leader elected after 5076ms
2021-11-09 00:56:40,173 [grpc-default-executor-4] INFO  server.RaftServer$Division (ServerState.java:setRaftConf(387)) - 43136673-c093-486b-8a61-55aa3fed1341@group-43749416088D: set configuration 0: [4430b70e-e2dc-4778-891b-decd59bd04d3|rpc:10.1.0.58:37555|dataStream:|priority:1, d5ae86a0-e3e8-461b-b600-8c2d036507b1|rpc:10.1.0.58:45525|dataStream:|priority:0, 43136673-c093-486b-8a61-55aa3fed1341|rpc:10.1.0.58:34809|dataStream:|priority:0], old=null
2021-11-09 00:56:40,173 [grpc-default-executor-4] INFO  segmented.SegmentedRaftLogWorker (SegmentedRaftLogWorker.java:startLogSegment(394)) - 43136673-c093-486b-8a61-55aa3fed1341@group-43749416088D-SegmentedRaftLogWorker: Starting segment from index:0
2021-11-09 00:56:40,179 [4430b70e-e2dc-4778-891b-decd59bd04d3@group-43749416088D-LeaderElection76] INFO  server.RaftServer$Division (ServerState.java:setRaftConf(387)) - 4430b70e-e2dc-4778-891b-decd59bd04d3@group-43749416088D: set configuration 0: [4430b70e-e2dc-4778-891b-decd59bd04d3|rpc:10.1.0.58:37555|dataStream:|priority:1, d5ae86a0-e3e8-461b-b600-8c2d036507b1|rpc:10.1.0.58:45525|dataStream:|priority:0, 43136673-c093-486b-8a61-55aa3fed1341|rpc:10.1.0.58:34809|dataStream:|priority:0], old=null
2021-11-09 00:56:40,211 [43136673-c093-486b-8a61-55aa3fed1341@group-43749416088D-SegmentedRaftLogWorker] INFO  segmented.SegmentedRaftLogWorker (SegmentedRaftLogWorker.java:execute(601)) - 43136673-c093-486b-8a61-55aa3fed1341@group-43749416088D-SegmentedRaftLogWorker: created new log segment /home/runner/work/ozone/ozone/hadoop-ozone/integration-test/target/test-dir/MiniOzoneClusterImpl-cebd3685-2b3d-4639-9f0f-41911e64574b/datanode-2/data/ratis/9bc91158-09f7-498f-98c5-43749416088d/current/log_inprogress_0
2021-11-09 00:56:40,213 [grpc-default-executor-1] INFO  ratis.XceiverServerRatis (XceiverServerRatis.java:handleLeaderChangedNotification(866)) - Leader change notification received for group: group-43749416088D with new leaderId: 4430b70e-e2dc-4778-891b-decd59bd04d3
2021-11-09 00:56:40,213 [grpc-default-executor-1] INFO  server.RaftServer$Division (ServerState.java:setLeader(285)) - d5ae86a0-e3e8-461b-b600-8c2d036507b1@group-43749416088D: change Leader from null to 4430b70e-e2dc-4778-891b-decd59bd04d3 at term 1 for appendEntries, leader elected after 4961ms
2021-11-09 00:56:40,253 [grpc-default-executor-1] INFO  server.RaftServer$Division (ServerState.java:setRaftConf(387)) - d5ae86a0-e3e8-461b-b600-8c2d036507b1@group-43749416088D: set configuration 0: [4430b70e-e2dc-4778-891b-decd59bd04d3|rpc:10.1.0.58:37555|dataStream:|priority:1, d5ae86a0-e3e8-461b-b600-8c2d036507b1|rpc:10.1.0.58:45525|dataStream:|priority:0, 43136673-c093-486b-8a61-55aa3fed1341|rpc:10.1.0.58:34809|dataStream:|priority:0], old=null
2021-11-09 00:56:40,253 [grpc-default-executor-1] INFO  segmented.SegmentedRaftLogWorker (SegmentedRaftLogWorker.java:startLogSegment(394)) - d5ae86a0-e3e8-461b-b600-8c2d036507b1@group-43749416088D-SegmentedRaftLogWorker: Starting segment from index:0
2021-11-09 00:56:40,255 [d5ae86a0-e3e8-461b-b600-8c2d036507b1@group-43749416088D-SegmentedRaftLogWorker] INFO  segmented.SegmentedRaftLogWorker (SegmentedRaftLogWorker.java:execute(601)) - d5ae86a0-e3e8-461b-b600-8c2d036507b1@group-43749416088D-SegmentedRaftLogWorker: created new log segment /home/runner/work/ozone/ozone/hadoop-ozone/integration-test/target/test-dir/MiniOzoneClusterImpl-cebd3685-2b3d-4639-9f0f-41911e64574b/datanode-1/data/ratis/9bc91158-09f7-498f-98c5-43749416088d/current/log_inprogress_0
2021-11-09 00:56:40,397 [d5ae86a0-e3e8-461b-b600-8c2d036507b1@group-0CA9B148280F-FollowerState] INFO  impl.FollowerState (FollowerState.java:run(134)) - d5ae86a0-e3e8-461b-b600-8c2d036507b1@group-0CA9B148280F-FollowerState: change to CANDIDATE, lastRpcElapsedTime:5060545047ns, electionTimeout:5047ms
2021-11-09 00:56:40,397 [d5ae86a0-e3e8-461b-b600-8c2d036507b1@group-0CA9B148280F-FollowerState] INFO  impl.RoleInfo (RoleInfo.java:shutdownFollowerState(108)) - d5ae86a0-e3e8-461b-b600-8c2d036507b1: shutdown d5ae86a0-e3e8-461b-b600-8c2d036507b1@group-0CA9B148280F-FollowerState
2021-11-09 00:56:40,397 [d5ae86a0-e3e8-461b-b600-8c2d036507b1@group-0CA9B148280F-FollowerState] INFO  server.RaftServer$Division (RaftServerImpl.java:setRole(290)) - d5ae86a0-e3e8-461b-b600-8c2d036507b1@group-0CA9B148280F: changes role from  FOLLOWER to CANDIDATE at term 0 for changeToCandidate
2021-11-09 00:56:40,399 [d5ae86a0-e3e8-461b-b600-8c2d036507b1@group-0CA9B148280F-FollowerState] INFO  server.RaftServerConfigKeys (ConfUtils.java:logGet(44)) - raft.server.leaderelection.pre-vote = false (custom)
2021-11-09 00:56:40,399 [d5ae86a0-e3e8-461b-b600-8c2d036507b1@group-0CA9B148280F-FollowerState] INFO  impl.RoleInfo (RoleInfo.java:updateAndGet(130)) - d5ae86a0-e3e8-461b-b600-8c2d036507b1: start d5ae86a0-e3e8-461b-b600-8c2d036507b1@group-0CA9B148280F-LeaderElection78
2021-11-09 00:56:40,401 [4430b70e-e2dc-4778-891b-decd59bd04d3@group-0CA9B148280F-FollowerState] INFO  impl.FollowerState (FollowerState.java:run(134)) - 4430b70e-e2dc-4778-891b-decd59bd04d3@group-0CA9B148280F-FollowerState: change to CANDIDATE, lastRpcElapsedTime:5054949587ns, electionTimeout:5036ms
2021-11-09 00:56:40,401 [4430b70e-e2dc-4778-891b-decd59bd04d3@group-0CA9B148280F-FollowerState] INFO  impl.RoleInfo (RoleInfo.java:shutdownFollowerState(108)) - 4430b70e-e2dc-4778-891b-decd59bd04d3: shutdown 4430b70e-e2dc-4778-891b-decd59bd04d3@group-0CA9B148280F-FollowerState
2021-11-09 00:56:40,401 [4430b70e-e2dc-4778-891b-decd59bd04d3@group-0CA9B148280F-FollowerState] INFO  server.RaftServer$Division (RaftServerImpl.java:setRole(290)) - 4430b70e-e2dc-4778-891b-decd59bd04d3@group-0CA9B148280F: changes role from  FOLLOWER to CANDIDATE at term 0 for changeToCandidate
2021-11-09 00:56:40,417 [d5ae86a0-e3e8-461b-b600-8c2d036507b1@group-E209CD9E23E2-FollowerState] INFO  impl.FollowerState (FollowerState.java:run(134)) - d5ae86a0-e3e8-461b-b600-8c2d036507b1@group-E209CD9E23E2-FollowerState: change to CANDIDATE, lastRpcElapsedTime:5126720252ns, electionTimeout:5097ms
2021-11-09 00:56:40,418 [d5ae86a0-e3e8-461b-b600-8c2d036507b1@group-E209CD9E23E2-FollowerState] INFO  impl.RoleInfo (RoleInfo.java:shutdownFollowerState(108)) - d5ae86a0-e3e8-461b-b600-8c2d036507b1: shutdown d5ae86a0-e3e8-461b-b600-8c2d036507b1@group-E209CD9E23E2-FollowerState
2021-11-09 00:56:40,418 [d5ae86a0-e3e8-461b-b600-8c2d036507b1@group-E209CD9E23E2-FollowerState] INFO  server.RaftServer$Division (RaftServerImpl.java:setRole(290)) - d5ae86a0-e3e8-461b-b600-8c2d036507b1@group-E209CD9E23E2: changes role from  FOLLOWER to CANDIDATE at term 0 for changeToCandidate
2021-11-09 00:56:40,418 [d5ae86a0-e3e8-461b-b600-8c2d036507b1@group-E209CD9E23E2-FollowerState] INFO  server.RaftServerConfigKeys (ConfUtils.java:logGet(44)) - raft.server.leaderelection.pre-vote = false (custom)
2021-11-09 00:56:40,418 [d5ae86a0-e3e8-461b-b600-8c2d036507b1@group-E209CD9E23E2-FollowerState] INFO  impl.RoleInfo (RoleInfo.java:updateAndGet(130)) - d5ae86a0-e3e8-461b-b600-8c2d036507b1: start d5ae86a0-e3e8-461b-b600-8c2d036507b1@group-E209CD9E23E2-LeaderElection80
2021-11-09 00:56:40,436 [4430b70e-e2dc-4778-891b-decd59bd04d3@group-0CA9B148280F-FollowerState] INFO  server.RaftServerConfigKeys (ConfUtils.java:logGet(44)) - raft.server.leaderelection.pre-vote = false (custom)
2021-11-09 00:56:40,436 [4430b70e-e2dc-4778-891b-decd59bd04d3@group-0CA9B148280F-FollowerState] INFO  impl.RoleInfo (RoleInfo.java:updateAndGet(130)) - 4430b70e-e2dc-4778-891b-decd59bd04d3: start 4430b70e-e2dc-4778-891b-decd59bd04d3@group-0CA9B148280F-LeaderElection79
2021-11-09 00:56:40,440 [d5ae86a0-e3e8-461b-b600-8c2d036507b1@group-0CA9B148280F-LeaderElection78] INFO  impl.LeaderElection (LeaderElection.java:askForVotes(306)) - d5ae86a0-e3e8-461b-b600-8c2d036507b1@group-0CA9B148280F-LeaderElection78 ELECTION round 0: submit vote requests at term 1 for -1: [4430b70e-e2dc-4778-891b-decd59bd04d3|rpc:10.1.0.58:37555|priority:0, d5ae86a0-e3e8-461b-b600-8c2d036507b1|rpc:10.1.0.58:45525|priority:1, 43136673-c093-486b-8a61-55aa3fed1341|rpc:10.1.0.58:34809|priority:0], old=null
2021-11-09 00:56:40,468 [d5ae86a0-e3e8-461b-b600-8c2d036507b1@group-E209CD9E23E2-LeaderElection80] INFO  impl.LeaderElection (LeaderElection.java:askForVotes(306)) - d5ae86a0-e3e8-461b-b600-8c2d036507b1@group-E209CD9E23E2-LeaderElection80 ELECTION round 0: submit vote requests at term 1 for -1: [d5ae86a0-e3e8-461b-b600-8c2d036507b1|rpc:10.1.0.58:45525|priority:1], old=null
2021-11-09 00:56:40,468 [d5ae86a0-e3e8-461b-b600-8c2d036507b1@group-E209CD9E23E2-LeaderElection80] INFO  impl.LeaderElection (LeaderElection.java:askForVotes(308)) - d5ae86a0-e3e8-461b-b600-8c2d036507b1@group-E209CD9E23E2-LeaderElection80 ELECTION round 0: result PASSED (term=1)
2021-11-09 00:56:40,468 [d5ae86a0-e3e8-461b-b600-8c2d036507b1@group-E209CD9E23E2-LeaderElection80] INFO  impl.RoleInfo (RoleInfo.java:shutdownLeaderElection(121)) - d5ae86a0-e3e8-461b-b600-8c2d036507b1: shutdown d5ae86a0-e3e8-461b-b600-8c2d036507b1@group-E209CD9E23E2-LeaderElection80
2021-11-09 00:56:40,468 [d5ae86a0-e3e8-461b-b600-8c2d036507b1@group-E209CD9E23E2-LeaderElection80] INFO  server.RaftServer$Division (RaftServerImpl.java:setRole(290)) - d5ae86a0-e3e8-461b-b600-8c2d036507b1@group-E209CD9E23E2: changes role from CANDIDATE to LEADER at term 1 for changeToLeader
2021-11-09 00:56:40,468 [d5ae86a0-e3e8-461b-b600-8c2d036507b1@group-E209CD9E23E2-LeaderElection80] INFO  ratis.XceiverServerRatis (XceiverServerRatis.java:handleLeaderChangedNotification(866)) - Leader change notification received for group: group-E209CD9E23E2 with new leaderId: d5ae86a0-e3e8-461b-b600-8c2d036507b1
2021-11-09 00:56:40,468 [d5ae86a0-e3e8-461b-b600-8c2d036507b1@group-E209CD9E23E2-LeaderElection80] INFO  server.RaftServer$Division (ServerState.java:setLeader(285)) - d5ae86a0-e3e8-461b-b600-8c2d036507b1@group-E209CD9E23E2: change Leader from null to d5ae86a0-e3e8-461b-b600-8c2d036507b1 at term 1 for becomeLeader, leader elected after 5189ms
2021-11-09 00:56:40,468 [d5ae86a0-e3e8-461b-b600-8c2d036507b1@group-E209CD9E23E2-LeaderElection80] INFO  server.RaftServerConfigKeys (ConfUtils.java:logGet(44)) - raft.server.staging.catchup.gap = 1000 (default)
2021-11-09 00:56:40,468 [d5ae86a0-e3e8-461b-b600-8c2d036507b1@group-E209CD9E23E2-LeaderElection80] INFO  server.RaftServerConfigKeys (ConfUtils.java:logGet(44)) - raft.server.write.element-limit = 1024 (custom)
2021-11-09 00:56:40,468 [d5ae86a0-e3e8-461b-b600-8c2d036507b1@group-E209CD9E23E2-LeaderElection80] INFO  server.RaftServerConfigKeys (ConfUtils.java:logGet(44)) - raft.server.write.byte-limit = 1024 M (=1073741824) (custom)
2021-11-09 00:56:40,469 [d5ae86a0-e3e8-461b-b600-8c2d036507b1@group-E209CD9E23E2-LeaderElection80] INFO  server.RaftServerConfigKeys (ConfUtils.java:logGet(44)) - raft.server.watch.timeout = 3000ms (custom)
2021-11-09 00:56:40,469 [d5ae86a0-e3e8-461b-b600-8c2d036507b1@group-E209CD9E23E2-LeaderElection80] INFO  server.RaftServerConfigKeys (ConfUtils.java:logGet(44)) - raft.server.watch.timeout.denomination = 1s (default)
2021-11-09 00:56:40,469 [d5ae86a0-e3e8-461b-b600-8c2d036507b1@group-E209CD9E23E2-LeaderElection80] INFO  server.RaftServerConfigKeys (ConfUtils.java:logGet(44)) - raft.server.watch.element-limit = 65536 (default)
2021-11-09 00:56:40,469 [d5ae86a0-e3e8-461b-b600-8c2d036507b1@group-E209CD9E23E2-LeaderElection80] INFO  server.RaftServerConfigKeys (ConfUtils.java:logGet(44)) - raft.server.write.element-limit = 1024 (custom)
2021-11-09 00:56:40,469 [d5ae86a0-e3e8-461b-b600-8c2d036507b1@group-E209CD9E23E2-LeaderElection80] INFO  server.RaftServerConfigKeys (ConfUtils.java:logGet(44)) - raft.server.write.follower.gap.ratio.max = -1.0 (default)
2021-11-09 00:56:40,469 [d5ae86a0-e3e8-461b-b600-8c2d036507b1@group-E209CD9E23E2-LeaderElection80] INFO  impl.RoleInfo (RoleInfo.java:updateAndGet(130)) - d5ae86a0-e3e8-461b-b600-8c2d036507b1: start d5ae86a0-e3e8-461b-b600-8c2d036507b1@group-E209CD9E23E2-LeaderStateImpl
2021-11-09 00:56:40,469 [d5ae86a0-e3e8-461b-b600-8c2d036507b1@group-E209CD9E23E2-LeaderElection80] INFO  segmented.SegmentedRaftLogWorker (SegmentedRaftLogWorker.java:startLogSegment(394)) - d5ae86a0-e3e8-461b-b600-8c2d036507b1@group-E209CD9E23E2-SegmentedRaftLogWorker: Starting segment from index:0
2021-11-09 00:56:40,487 [d5ae86a0-e3e8-461b-b600-8c2d036507b1@group-E209CD9E23E2-SegmentedRaftLogWorker] INFO  segmented.SegmentedRaftLogWorker (SegmentedRaftLogWorker.java:execute(601)) - d5ae86a0-e3e8-461b-b600-8c2d036507b1@group-E209CD9E23E2-SegmentedRaftLogWorker: created new log segment /home/runner/work/ozone/ozone/hadoop-ozone/integration-test/target/test-dir/MiniOzoneClusterImpl-cebd3685-2b3d-4639-9f0f-41911e64574b/datanode-1/data/ratis/478d744c-76c7-4d18-9a74-e209cd9e23e2/current/log_inprogress_0
2021-11-09 00:56:40,494 [d5ae86a0-e3e8-461b-b600-8c2d036507b1@group-E209CD9E23E2-LeaderElection80] INFO  server.RaftServer$Division (ServerState.java:setRaftConf(387)) - d5ae86a0-e3e8-461b-b600-8c2d036507b1@group-E209CD9E23E2: set configuration 0: [d5ae86a0-e3e8-461b-b600-8c2d036507b1|rpc:10.1.0.58:45525|dataStream:|priority:1], old=null
2021-11-09 00:56:40,495 [grpc-default-executor-1] INFO  server.RaftServer$Division (RaftServerImpl.java:requestVote(1046)) - 4430b70e-e2dc-4778-891b-decd59bd04d3@group-0CA9B148280F: receive requestVote(ELECTION, d5ae86a0-e3e8-461b-b600-8c2d036507b1, group-0CA9B148280F, 1, (t:0, i:0))
2021-11-09 00:56:40,496 [4430b70e-e2dc-4778-891b-decd59bd04d3@group-0CA9B148280F-LeaderElection79] INFO  impl.LeaderElection (LeaderElection.java:askForVotes(306)) - 4430b70e-e2dc-4778-891b-decd59bd04d3@group-0CA9B148280F-LeaderElection79 ELECTION round 0: submit vote requests at term 1 for -1: [4430b70e-e2dc-4778-891b-decd59bd04d3|rpc:10.1.0.58:37555|priority:0, d5ae86a0-e3e8-461b-b600-8c2d036507b1|rpc:10.1.0.58:45525|priority:1, 43136673-c093-486b-8a61-55aa3fed1341|rpc:10.1.0.58:34809|priority:0], old=null
2021-11-09 00:56:40,496 [grpc-default-executor-1] INFO  impl.VoteContext (VoteContext.java:log(48)) - 4430b70e-e2dc-4778-891b-decd59bd04d3@group-0CA9B148280F-CANDIDATE: reject ELECTION from d5ae86a0-e3e8-461b-b600-8c2d036507b1: already has voted for 4430b70e-e2dc-4778-891b-decd59bd04d3 at current term 1
2021-11-09 00:56:40,496 [grpc-default-executor-1] INFO  server.RaftServer$Division (RaftServerImpl.java:requestVote(1078)) - 4430b70e-e2dc-4778-891b-decd59bd04d3@group-0CA9B148280F replies to ELECTION vote request: d5ae86a0-e3e8-461b-b600-8c2d036507b1<-4430b70e-e2dc-4778-891b-decd59bd04d3#0:FAIL-t1. Peer's state: 4430b70e-e2dc-4778-891b-decd59bd04d3@group-0CA9B148280F:t1, leader=null, voted=4430b70e-e2dc-4778-891b-decd59bd04d3, raftlog=4430b70e-e2dc-4778-891b-decd59bd04d3@group-0CA9B148280F-SegmentedRaftLog:OPENED:c-1, conf=-1: [4430b70e-e2dc-4778-891b-decd59bd04d3|rpc:10.1.0.58:37555|priority:0, d5ae86a0-e3e8-461b-b600-8c2d036507b1|rpc:10.1.0.58:45525|priority:1, 43136673-c093-486b-8a61-55aa3fed1341|rpc:10.1.0.58:34809|priority:0], old=null
2021-11-09 00:56:40,521 [grpc-default-executor-1] INFO  server.RaftServer$Division (RaftServerImpl.java:requestVote(1046)) - d5ae86a0-e3e8-461b-b600-8c2d036507b1@group-0CA9B148280F: receive requestVote(ELECTION, 4430b70e-e2dc-4778-891b-decd59bd04d3, group-0CA9B148280F, 1, (t:0, i:0))
2021-11-09 00:56:40,522 [grpc-default-executor-1] INFO  impl.VoteContext (VoteContext.java:log(48)) - d5ae86a0-e3e8-461b-b600-8c2d036507b1@group-0CA9B148280F-CANDIDATE: reject ELECTION from 4430b70e-e2dc-4778-891b-decd59bd04d3: already has voted for d5ae86a0-e3e8-461b-b600-8c2d036507b1 at current term 1
2021-11-09 00:56:40,522 [grpc-default-executor-1] INFO  server.RaftServer$Division (RaftServerImpl.java:requestVote(1078)) - d5ae86a0-e3e8-461b-b600-8c2d036507b1@group-0CA9B148280F replies to ELECTION vote request: 4430b70e-e2dc-4778-891b-decd59bd04d3<-d5ae86a0-e3e8-461b-b600-8c2d036507b1#0:FAIL-t1. Peer's state: d5ae86a0-e3e8-461b-b600-8c2d036507b1@group-0CA9B148280F:t1, leader=null, voted=d5ae86a0-e3e8-461b-b600-8c2d036507b1, raftlog=d5ae86a0-e3e8-461b-b600-8c2d036507b1@group-0CA9B148280F-SegmentedRaftLog:OPENED:c-1, conf=-1: [4430b70e-e2dc-4778-891b-decd59bd04d3|rpc:10.1.0.58:37555|priority:0, d5ae86a0-e3e8-461b-b600-8c2d036507b1|rpc:10.1.0.58:45525|priority:1, 43136673-c093-486b-8a61-55aa3fed1341|rpc:10.1.0.58:34809|priority:0], old=null
2021-11-09 00:56:40,522 [grpc-default-executor-1] INFO  server.RaftServer$Division (RaftServerImpl.java:requestVote(1046)) - 43136673-c093-486b-8a61-55aa3fed1341@group-0CA9B148280F: receive requestVote(ELECTION, d5ae86a0-e3e8-461b-b600-8c2d036507b1, group-0CA9B148280F, 1, (t:0, i:0))
2021-11-09 00:56:40,523 [grpc-default-executor-1] INFO  impl.VoteContext (VoteContext.java:log(48)) - 43136673-c093-486b-8a61-55aa3fed1341@group-0CA9B148280F-FOLLOWER: accept ELECTION from d5ae86a0-e3e8-461b-b600-8c2d036507b1: our priority 0 <= candidate's priority 1
2021-11-09 00:56:40,523 [grpc-default-executor-1] INFO  server.RaftServer$Division (RaftServerImpl.java:setRole(290)) - 43136673-c093-486b-8a61-55aa3fed1341@group-0CA9B148280F: changes role from  FOLLOWER to FOLLOWER at term 1 for candidate:d5ae86a0-e3e8-461b-b600-8c2d036507b1
2021-11-09 00:56:40,523 [grpc-default-executor-1] INFO  impl.RoleInfo (RoleInfo.java:shutdownFollowerState(108)) - 43136673-c093-486b-8a61-55aa3fed1341: shutdown 43136673-c093-486b-8a61-55aa3fed1341@group-0CA9B148280F-FollowerState
2021-11-09 00:56:40,523 [grpc-default-executor-1] INFO  impl.RoleInfo (RoleInfo.java:updateAndGet(130)) - 43136673-c093-486b-8a61-55aa3fed1341: start 43136673-c093-486b-8a61-55aa3fed1341@group-0CA9B148280F-FollowerState
2021-11-09 00:56:40,523 [43136673-c093-486b-8a61-55aa3fed1341@group-0CA9B148280F-FollowerState] INFO  impl.FollowerState (FollowerState.java:run(143)) - 43136673-c093-486b-8a61-55aa3fed1341@group-0CA9B148280F-FollowerState was interrupted: {}
java.lang.InterruptedException: sleep interrupted
	at java.lang.Thread.sleep(Native Method)
	at java.lang.Thread.sleep(Thread.java:340)
	at java.util.concurrent.TimeUnit.sleep(TimeUnit.java:386)
	at org.apache.ratis.util.TimeDuration.sleep(TimeDuration.java:324)
	at org.apache.ratis.util.TimeDuration.sleep(TimeDuration.java:309)
	at org.apache.ratis.server.impl.FollowerState.run(FollowerState.java:118)
2021-11-09 00:56:40,527 [grpc-default-executor-1] INFO  server.RaftServer$Division (RaftServerImpl.java:requestVote(1078)) - 43136673-c093-486b-8a61-55aa3fed1341@group-0CA9B148280F replies to ELECTION vote request: d5ae86a0-e3e8-461b-b600-8c2d036507b1<-43136673-c093-486b-8a61-55aa3fed1341#0:OK-t1. Peer's state: 43136673-c093-486b-8a61-55aa3fed1341@group-0CA9B148280F:t1, leader=null, voted=d5ae86a0-e3e8-461b-b600-8c2d036507b1, raftlog=43136673-c093-486b-8a61-55aa3fed1341@group-0CA9B148280F-SegmentedRaftLog:OPENED:c-1, conf=-1: [4430b70e-e2dc-4778-891b-decd59bd04d3|rpc:10.1.0.58:37555|dataStream:|priority:0, d5ae86a0-e3e8-461b-b600-8c2d036507b1|rpc:10.1.0.58:45525|dataStream:|priority:1, 43136673-c093-486b-8a61-55aa3fed1341|rpc:10.1.0.58:34809|dataStream:|priority:0], old=null
2021-11-09 00:56:40,529 [4430b70e-e2dc-4778-891b-decd59bd04d3@group-0CA9B148280F-LeaderElection79] INFO  impl.LeaderElection (LeaderElection.java:logAndReturn(89)) - 4430b70e-e2dc-4778-891b-decd59bd04d3@group-0CA9B148280F-LeaderElection79: ELECTION REJECTED received 1 response(s) and 0 exception(s):
2021-11-09 00:56:40,529 [4430b70e-e2dc-4778-891b-decd59bd04d3@group-0CA9B148280F-LeaderElection79] INFO  impl.LeaderElection (LeaderElection.java:logAndReturn(93)) -   Response 0: 4430b70e-e2dc-4778-891b-decd59bd04d3<-d5ae86a0-e3e8-461b-b600-8c2d036507b1#0:FAIL-t1
2021-11-09 00:56:40,529 [4430b70e-e2dc-4778-891b-decd59bd04d3@group-0CA9B148280F-LeaderElection79] INFO  impl.LeaderElection (LeaderElection.java:askForVotes(308)) - 4430b70e-e2dc-4778-891b-decd59bd04d3@group-0CA9B148280F-LeaderElection79 ELECTION round 0: result REJECTED
2021-11-09 00:56:40,529 [4430b70e-e2dc-4778-891b-decd59bd04d3@group-0CA9B148280F-LeaderElection79] INFO  server.RaftServer$Division (RaftServerImpl.java:setRole(290)) - 4430b70e-e2dc-4778-891b-decd59bd04d3@group-0CA9B148280F: changes role from CANDIDATE to FOLLOWER at term 1 for REJECTED
2021-11-09 00:56:40,529 [4430b70e-e2dc-4778-891b-decd59bd04d3@group-0CA9B148280F-LeaderElection79] INFO  impl.RoleInfo (RoleInfo.java:shutdownLeaderElection(121)) - 4430b70e-e2dc-4778-891b-decd59bd04d3: shutdown 4430b70e-e2dc-4778-891b-decd59bd04d3@group-0CA9B148280F-LeaderElection79
2021-11-09 00:56:40,529 [4430b70e-e2dc-4778-891b-decd59bd04d3@group-0CA9B148280F-LeaderElection79] INFO  impl.RoleInfo (RoleInfo.java:updateAndGet(130)) - 4430b70e-e2dc-4778-891b-decd59bd04d3: start 4430b70e-e2dc-4778-891b-decd59bd04d3@group-0CA9B148280F-FollowerState
2021-11-09 00:56:40,530 [Listener at 127.0.0.1/34135] INFO  ozone.MiniOzoneClusterImpl (MiniOzoneClusterImpl.java:lambda$waitForClusterToBeReady$0(235)) - Nodes are ready. Got 7 of 7 DN Heartbeats.
2021-11-09 00:56:40,530 [Listener at 127.0.0.1/34135] INFO  ozone.MiniOzoneClusterImpl (MiniOzoneClusterImpl.java:lambda$waitForClusterToBeReady$0(238)) - Cluster exits safe mode
2021-11-09 00:56:40,530 [Listener at 127.0.0.1/34135] INFO  ozone.MiniOzoneClusterImpl (MiniOzoneClusterImpl.java:lambda$waitForClusterToBeReady$0(240)) - SCM became leader
2021-11-09 00:56:40,537 [d5ae86a0-e3e8-461b-b600-8c2d036507b1@group-0CA9B148280F-LeaderElection78] INFO  impl.LeaderElection (LeaderElection.java:logAndReturn(89)) - d5ae86a0-e3e8-461b-b600-8c2d036507b1@group-0CA9B148280F-LeaderElection78: ELECTION PASSED received 2 response(s) and 0 exception(s):
2021-11-09 00:56:40,537 [d5ae86a0-e3e8-461b-b600-8c2d036507b1@group-0CA9B148280F-LeaderElection78] INFO  impl.LeaderElection (LeaderElection.java:logAndReturn(93)) -   Response 0: d5ae86a0-e3e8-461b-b600-8c2d036507b1<-4430b70e-e2dc-4778-891b-decd59bd04d3#0:FAIL-t1
2021-11-09 00:56:40,537 [d5ae86a0-e3e8-461b-b600-8c2d036507b1@group-0CA9B148280F-LeaderElection78] INFO  impl.LeaderElection (LeaderElection.java:logAndReturn(93)) -   Response 1: d5ae86a0-e3e8-461b-b600-8c2d036507b1<-43136673-c093-486b-8a61-55aa3fed1341#0:OK-t1
2021-11-09 00:56:40,537 [d5ae86a0-e3e8-461b-b600-8c2d036507b1@group-0CA9B148280F-LeaderElection78] INFO  impl.LeaderElection (LeaderElection.java:askForVotes(308)) - d5ae86a0-e3e8-461b-b600-8c2d036507b1@group-0CA9B148280F-LeaderElection78 ELECTION round 0: result PASSED
2021-11-09 00:56:40,537 [d5ae86a0-e3e8-461b-b600-8c2d036507b1@group-0CA9B148280F-LeaderElection78] INFO  impl.RoleInfo (RoleInfo.java:shutdownLeaderElection(121)) - d5ae86a0-e3e8-461b-b600-8c2d036507b1: shutdown d5ae86a0-e3e8-461b-b600-8c2d036507b1@group-0CA9B148280F-LeaderElection78
2021-11-09 00:56:40,537 [d5ae86a0-e3e8-461b-b600-8c2d036507b1@group-0CA9B148280F-LeaderElection78] INFO  server.RaftServer$Division (RaftServerImpl.java:setRole(290)) - d5ae86a0-e3e8-461b-b600-8c2d036507b1@group-0CA9B148280F: changes role from CANDIDATE to LEADER at term 1 for changeToLeader
2021-11-09 00:56:40,537 [d5ae86a0-e3e8-461b-b600-8c2d036507b1@group-0CA9B148280F-LeaderElection78] INFO  ratis.XceiverServerRatis (XceiverServerRatis.java:handleLeaderChangedNotification(866)) - Leader change notification received for group: group-0CA9B148280F with new leaderId: d5ae86a0-e3e8-461b-b600-8c2d036507b1
2021-11-09 00:56:40,537 [d5ae86a0-e3e8-461b-b600-8c2d036507b1@group-0CA9B148280F-LeaderElection78] INFO  server.RaftServer$Division (ServerState.java:setLeader(285)) - d5ae86a0-e3e8-461b-b600-8c2d036507b1@group-0CA9B148280F: change Leader from null to d5ae86a0-e3e8-461b-b600-8c2d036507b1 at term 1 for becomeLeader, leader elected after 5204ms
2021-11-09 00:56:40,537 [d5ae86a0-e3e8-461b-b600-8c2d036507b1@group-0CA9B148280F-LeaderElection78] INFO  server.RaftServerConfigKeys (ConfUtils.java:logGet(44)) - raft.server.staging.catchup.gap = 1000 (default)
2021-11-09 00:56:40,538 [grpc-default-executor-1] INFO  server.RaftServer$Division (RaftServerImpl.java:requestVote(1046)) - 43136673-c093-486b-8a61-55aa3fed1341@group-0CA9B148280F: receive requestVote(ELECTION, 4430b70e-e2dc-4778-891b-decd59bd04d3, group-0CA9B148280F, 1, (t:0, i:0))
2021-11-09 00:56:40,538 [grpc-default-executor-1] INFO  impl.VoteContext (VoteContext.java:log(48)) - 43136673-c093-486b-8a61-55aa3fed1341@group-0CA9B148280F-FOLLOWER: reject ELECTION from 4430b70e-e2dc-4778-891b-decd59bd04d3: already has voted for d5ae86a0-e3e8-461b-b600-8c2d036507b1 at current term 1
2021-11-09 00:56:40,538 [grpc-default-executor-1] INFO  server.RaftServer$Division (RaftServerImpl.java:requestVote(1078)) - 43136673-c093-486b-8a61-55aa3fed1341@group-0CA9B148280F replies to ELECTION vote request: 4430b70e-e2dc-4778-891b-decd59bd04d3<-43136673-c093-486b-8a61-55aa3fed1341#0:FAIL-t1. Peer's state: 43136673-c093-486b-8a61-55aa3fed1341@group-0CA9B148280F:t1, leader=null, voted=d5ae86a0-e3e8-461b-b600-8c2d036507b1, raftlog=43136673-c093-486b-8a61-55aa3fed1341@group-0CA9B148280F-SegmentedRaftLog:OPENED:c-1, conf=-1: [4430b70e-e2dc-4778-891b-decd59bd04d3|rpc:10.1.0.58:37555|dataStream:|priority:0, d5ae86a0-e3e8-461b-b600-8c2d036507b1|rpc:10.1.0.58:45525|dataStream:|priority:1, 43136673-c093-486b-8a61-55aa3fed1341|rpc:10.1.0.58:34809|dataStream:|priority:0], old=null
2021-11-09 00:56:40,539 [EventQueue-PipelineReportForPipelineReportHandler] INFO  pipeline.PipelineManagerImpl (PipelineManagerImpl.java:openPipeline(289)) - Pipeline Pipeline[ Id: 0db9cd4f-359d-47fc-b6d2-0ca9b148280f, Nodes: 4430b70e-e2dc-4778-891b-decd59bd04d3{ip: 10.1.0.58, host: fv-az294-841.eaanfquahm5ulb5tj050gcxych.jx.internal.cloudapp.net, ports: [REPLICATION=41031, RATIS=37555, RATIS_ADMIN=37555, RATIS_SERVER=37555, STANDALONE=43879], networkLocation: /default-rack, certSerialId: null, persistedOpState: IN_SERVICE, persistedOpStateExpiryEpochSec: 0}d5ae86a0-e3e8-461b-b600-8c2d036507b1{ip: 10.1.0.58, host: fv-az294-841.eaanfquahm5ulb5tj050gcxych.jx.internal.cloudapp.net, ports: [REPLICATION=37421, RATIS=45525, RATIS_ADMIN=45525, RATIS_SERVER=45525, STANDALONE=35155], networkLocation: /default-rack, certSerialId: null, persistedOpState: IN_SERVICE, persistedOpStateExpiryEpochSec: 0}43136673-c093-486b-8a61-55aa3fed1341{ip: 10.1.0.58, host: fv-az294-841.eaanfquahm5ulb5tj050gcxych.jx.internal.cloudapp.net, ports: [REPLICATION=33899, RATIS=34809, RATIS_ADMIN=34809, RATIS_SERVER=34809, STANDALONE=39677], networkLocation: /default-rack, certSerialId: null, persistedOpState: IN_SERVICE, persistedOpStateExpiryEpochSec: 0}, ReplicationConfig: RATIS/THREE, State:ALLOCATED, leaderId:d5ae86a0-e3e8-461b-b600-8c2d036507b1, CreationTimestamp2021-11-09T00:56:32.803Z[Etc/UTC]] moved to OPEN state
2021-11-09 00:56:40,570 [d5ae86a0-e3e8-461b-b600-8c2d036507b1@group-0CA9B148280F-LeaderElection78] INFO  server.RaftServerConfigKeys (ConfUtils.java:logGet(44)) - raft.server.write.element-limit = 1024 (custom)
2021-11-09 00:56:40,570 [d5ae86a0-e3e8-461b-b600-8c2d036507b1@group-0CA9B148280F-LeaderElection78] INFO  server.RaftServerConfigKeys (ConfUtils.java:logGet(44)) - raft.server.write.byte-limit = 1024 M (=1073741824) (custom)
2021-11-09 00:56:40,570 [d5ae86a0-e3e8-461b-b600-8c2d036507b1@group-0CA9B148280F-LeaderElection78] INFO  server.RaftServerConfigKeys (ConfUtils.java:logGet(44)) - raft.server.watch.timeout = 3000ms (custom)
2021-11-09 00:56:40,570 [d5ae86a0-e3e8-461b-b600-8c2d036507b1@group-0CA9B148280F-LeaderElection78] INFO  server.RaftServerConfigKeys (ConfUtils.java:logGet(44)) - raft.server.watch.timeout.denomination = 1s (default)
2021-11-09 00:56:40,570 [d5ae86a0-e3e8-461b-b600-8c2d036507b1@group-0CA9B148280F-LeaderElection78] INFO  server.RaftServerConfigKeys (ConfUtils.java:logGet(44)) - raft.server.watch.element-limit = 65536 (default)
2021-11-09 00:56:40,570 [d5ae86a0-e3e8-461b-b600-8c2d036507b1@group-0CA9B148280F-LeaderElection78] INFO  server.RaftServerConfigKeys (ConfUtils.java:logGet(44)) - raft.server.write.element-limit = 1024 (custom)
2021-11-09 00:56:40,570 [d5ae86a0-e3e8-461b-b600-8c2d036507b1@group-0CA9B148280F-LeaderElection78] INFO  server.RaftServerConfigKeys (ConfUtils.java:logGet(44)) - raft.server.write.follower.gap.ratio.max = -1.0 (default)
2021-11-09 00:56:40,570 [d5ae86a0-e3e8-461b-b600-8c2d036507b1@group-0CA9B148280F-LeaderElection78] INFO  server.RaftServerConfigKeys (ConfUtils.java:logGet(44)) - raft.server.log.appender.snapshot.chunk.size.max = 16MB (=16777216) (default)
2021-11-09 00:56:40,570 [d5ae86a0-e3e8-461b-b600-8c2d036507b1@group-0CA9B148280F-LeaderElection78] INFO  server.RaftServerConfigKeys (ConfUtils.java:logGet(44)) - raft.server.log.appender.buffer.byte-limit = 33554432 (custom)
2021-11-09 00:56:40,570 [d5ae86a0-e3e8-461b-b600-8c2d036507b1@group-0CA9B148280F-LeaderElection78] INFO  server.RaftServerConfigKeys (ConfUtils.java:logGet(44)) - raft.server.log.appender.buffer.element-limit = 1 (custom)
2021-11-09 00:56:40,571 [d5ae86a0-e3e8-461b-b600-8c2d036507b1@group-0CA9B148280F-LeaderElection78] INFO  grpc.GrpcConfigKeys (ConfUtils.java:logGet(44)) - raft.grpc.server.leader.outstanding.appends.max = 128 (default)
2021-11-09 00:56:40,571 [d5ae86a0-e3e8-461b-b600-8c2d036507b1@group-0CA9B148280F-LeaderElection78] INFO  server.RaftServerConfigKeys (ConfUtils.java:logGet(44)) - raft.server.rpc.request.timeout = 3000ms (default)
2021-11-09 00:56:40,571 [d5ae86a0-e3e8-461b-b600-8c2d036507b1@group-0CA9B148280F-LeaderElection78] INFO  server.RaftServerConfigKeys (ConfUtils.java:logGet(44)) - raft.server.log.appender.install.snapshot.enabled = false (custom)
2021-11-09 00:56:40,572 [d5ae86a0-e3e8-461b-b600-8c2d036507b1@group-0CA9B148280F-LeaderElection78] INFO  server.RaftServerConfigKeys (ConfUtils.java:logGet(44)) - raft.server.log.appender.snapshot.chunk.size.max = 16MB (=16777216) (default)
2021-11-09 00:56:40,572 [d5ae86a0-e3e8-461b-b600-8c2d036507b1@group-0CA9B148280F-LeaderElection78] INFO  server.RaftServerConfigKeys (ConfUtils.java:logGet(44)) - raft.server.log.appender.buffer.byte-limit = 33554432 (custom)
2021-11-09 00:56:40,572 [d5ae86a0-e3e8-461b-b600-8c2d036507b1@group-0CA9B148280F-LeaderElection78] INFO  server.RaftServerConfigKeys (ConfUtils.java:logGet(44)) - raft.server.log.appender.buffer.element-limit = 1 (custom)
2021-11-09 00:56:40,572 [d5ae86a0-e3e8-461b-b600-8c2d036507b1@group-0CA9B148280F-LeaderElection78] INFO  grpc.GrpcConfigKeys (ConfUtils.java:logGet(44)) - raft.grpc.server.leader.outstanding.appends.max = 128 (default)
2021-11-09 00:56:40,572 [d5ae86a0-e3e8-461b-b600-8c2d036507b1@group-0CA9B148280F-LeaderElection78] INFO  server.RaftServerConfigKeys (ConfUtils.java:logGet(44)) - raft.server.rpc.request.timeout = 3000ms (default)
2021-11-09 00:56:40,572 [d5ae86a0-e3e8-461b-b600-8c2d036507b1@group-0CA9B148280F-LeaderElection78] INFO  server.RaftServerConfigKeys (ConfUtils.java:logGet(44)) - raft.server.log.appender.install.snapshot.enabled = false (custom)
2021-11-09 00:56:40,573 [d5ae86a0-e3e8-461b-b600-8c2d036507b1@group-0CA9B148280F-LeaderElection78] INFO  impl.RoleInfo (RoleInfo.java:updateAndGet(130)) - d5ae86a0-e3e8-461b-b600-8c2d036507b1: start d5ae86a0-e3e8-461b-b600-8c2d036507b1@group-0CA9B148280F-LeaderStateImpl
2021-11-09 00:56:40,573 [d5ae86a0-e3e8-461b-b600-8c2d036507b1@group-0CA9B148280F-LeaderElection78] INFO  segmented.SegmentedRaftLogWorker (SegmentedRaftLogWorker.java:startLogSegment(394)) - d5ae86a0-e3e8-461b-b600-8c2d036507b1@group-0CA9B148280F-SegmentedRaftLogWorker: Starting segment from index:0
2021-11-09 00:56:40,575 [d5ae86a0-e3e8-461b-b600-8c2d036507b1@group-0CA9B148280F-SegmentedRaftLogWorker] INFO  segmented.SegmentedRaftLogWorker (SegmentedRaftLogWorker.java:execute(601)) - d5ae86a0-e3e8-461b-b600-8c2d036507b1@group-0CA9B148280F-SegmentedRaftLogWorker: created new log segment /home/runner/work/ozone/ozone/hadoop-ozone/integration-test/target/test-dir/MiniOzoneClusterImpl-cebd3685-2b3d-4639-9f0f-41911e64574b/datanode-1/data/ratis/0db9cd4f-359d-47fc-b6d2-0ca9b148280f/current/log_inprogress_0
2021-11-09 00:56:40,589 [Listener at 127.0.0.1/34135] INFO  rpc.RpcClient (RpcClient.java:createVolume(343)) - Creating Volume: testblockoutputstream, with runner as owner and space quota set to -1 bytes, counts quota set to -1
2021-11-09 00:56:40,616 [OM StateMachine ApplyTransaction Thread - 0] INFO  volume.OMVolumeCreateRequest (OMVolumeCreateRequest.java:validateAndUpdateCache(195)) - created volume:testblockoutputstream for user:runner
2021-11-09 00:56:40,633 [grpc-default-executor-5] INFO  ratis.XceiverServerRatis (XceiverServerRatis.java:handleLeaderChangedNotification(866)) - Leader change notification received for group: group-0CA9B148280F with new leaderId: d5ae86a0-e3e8-461b-b600-8c2d036507b1
2021-11-09 00:56:40,634 [grpc-default-executor-5] INFO  server.RaftServer$Division (ServerState.java:setLeader(285)) - 43136673-c093-486b-8a61-55aa3fed1341@group-0CA9B148280F: change Leader from null to d5ae86a0-e3e8-461b-b600-8c2d036507b1 at term 1 for appendEntries, leader elected after 5068ms
2021-11-09 00:56:40,640 [d5ae86a0-e3e8-461b-b600-8c2d036507b1@group-0CA9B148280F-LeaderElection78] INFO  server.RaftServer$Division (ServerState.java:setRaftConf(387)) - d5ae86a0-e3e8-461b-b600-8c2d036507b1@group-0CA9B148280F: set configuration 0: [4430b70e-e2dc-4778-891b-decd59bd04d3|rpc:10.1.0.58:37555|dataStream:|priority:0, d5ae86a0-e3e8-461b-b600-8c2d036507b1|rpc:10.1.0.58:45525|dataStream:|priority:1, 43136673-c093-486b-8a61-55aa3fed1341|rpc:10.1.0.58:34809|dataStream:|priority:0], old=null
2021-11-09 00:56:40,659 [grpc-default-executor-5] INFO  server.RaftServer$Division (ServerState.java:setRaftConf(387)) - 43136673-c093-486b-8a61-55aa3fed1341@group-0CA9B148280F: set configuration 0: [4430b70e-e2dc-4778-891b-decd59bd04d3|rpc:10.1.0.58:37555|dataStream:|priority:0, d5ae86a0-e3e8-461b-b600-8c2d036507b1|rpc:10.1.0.58:45525|dataStream:|priority:1, 43136673-c093-486b-8a61-55aa3fed1341|rpc:10.1.0.58:34809|dataStream:|priority:0], old=null
2021-11-09 00:56:40,680 [grpc-default-executor-5] INFO  segmented.SegmentedRaftLogWorker (SegmentedRaftLogWorker.java:startLogSegment(394)) - 43136673-c093-486b-8a61-55aa3fed1341@group-0CA9B148280F-SegmentedRaftLogWorker: Starting segment from index:0
2021-11-09 00:56:40,661 [Listener at 127.0.0.1/34135] INFO  rpc.RpcClient (RpcClient.java:createBucket(503)) - Creating Bucket: testblockoutputstream/testblockoutputstream, with Versioning false and Storage Type set to DISK and Encryption set to false 
2021-11-09 00:56:40,683 [43136673-c093-486b-8a61-55aa3fed1341@group-0CA9B148280F-SegmentedRaftLogWorker] INFO  segmented.SegmentedRaftLogWorker (SegmentedRaftLogWorker.java:execute(601)) - 43136673-c093-486b-8a61-55aa3fed1341@group-0CA9B148280F-SegmentedRaftLogWorker: created new log segment /home/runner/work/ozone/ozone/hadoop-ozone/integration-test/target/test-dir/MiniOzoneClusterImpl-cebd3685-2b3d-4639-9f0f-41911e64574b/datanode-2/data/ratis/0db9cd4f-359d-47fc-b6d2-0ca9b148280f/current/log_inprogress_0
2021-11-09 00:56:40,689 [grpc-default-executor-4] INFO  ratis.XceiverServerRatis (XceiverServerRatis.java:handleLeaderChangedNotification(866)) - Leader change notification received for group: group-0CA9B148280F with new leaderId: d5ae86a0-e3e8-461b-b600-8c2d036507b1
2021-11-09 00:56:40,689 [grpc-default-executor-4] INFO  server.RaftServer$Division (ServerState.java:setLeader(285)) - 4430b70e-e2dc-4778-891b-decd59bd04d3@group-0CA9B148280F: change Leader from null to d5ae86a0-e3e8-461b-b600-8c2d036507b1 at term 1 for appendEntries, leader elected after 5359ms
2021-11-09 00:56:40,732 [grpc-default-executor-4] INFO  server.RaftServer$Division (ServerState.java:setRaftConf(387)) - 4430b70e-e2dc-4778-891b-decd59bd04d3@group-0CA9B148280F: set configuration 0: [4430b70e-e2dc-4778-891b-decd59bd04d3|rpc:10.1.0.58:37555|dataStream:|priority:0, d5ae86a0-e3e8-461b-b600-8c2d036507b1|rpc:10.1.0.58:45525|dataStream:|priority:1, 43136673-c093-486b-8a61-55aa3fed1341|rpc:10.1.0.58:34809|dataStream:|priority:0], old=null
2021-11-09 00:56:40,733 [grpc-default-executor-4] INFO  segmented.SegmentedRaftLogWorker (SegmentedRaftLogWorker.java:startLogSegment(394)) - 4430b70e-e2dc-4778-891b-decd59bd04d3@group-0CA9B148280F-SegmentedRaftLogWorker: Starting segment from index:0
2021-11-09 00:56:40,735 [4430b70e-e2dc-4778-891b-decd59bd04d3@group-0CA9B148280F-SegmentedRaftLogWorker] INFO  segmented.SegmentedRaftLogWorker (SegmentedRaftLogWorker.java:execute(601)) - 4430b70e-e2dc-4778-891b-decd59bd04d3@group-0CA9B148280F-SegmentedRaftLogWorker: created new log segment /home/runner/work/ozone/ozone/hadoop-ozone/integration-test/target/test-dir/MiniOzoneClusterImpl-cebd3685-2b3d-4639-9f0f-41911e64574b/datanode-0/data/ratis/0db9cd4f-359d-47fc-b6d2-0ca9b148280f/current/log_inprogress_0
2021-11-09 00:56:40,820 [IPC Server handler 1 on default port 39995] INFO  ha.SequenceIdGenerator (SequenceIdGenerator.java:getNextId(127)) - Allocate a batch for containerId, change lastId from 0 to 1000.
2021-11-09 00:56:40,821 [IPC Server handler 1 on default port 39995] WARN  ha.SequenceIdGenerator (SequenceIdGenerator.java:allocateBatch(235)) - Failed to allocate a batch for localId, expected lastId is 0, actual lastId is 107544261427200000.
2021-11-09 00:56:40,821 [IPC Server handler 1 on default port 39995] INFO  ha.SequenceIdGenerator (SequenceIdGenerator.java:getNextId(127)) - Allocate a batch for localId, change lastId from 107544261427200000 to 107544261427201000.
2021-11-09 00:56:40,910 [43136673-c093-486b-8a61-55aa3fed1341@group-A72BC00D5B3B-FollowerState] INFO  impl.FollowerState (FollowerState.java:run(134)) - 43136673-c093-486b-8a61-55aa3fed1341@group-A72BC00D5B3B-FollowerState: change to CANDIDATE, lastRpcElapsedTime:5082265210ns, electionTimeout:5056ms
2021-11-09 00:56:40,910 [43136673-c093-486b-8a61-55aa3fed1341@group-A72BC00D5B3B-FollowerState] INFO  impl.RoleInfo (RoleInfo.java:shutdownFollowerState(108)) - 43136673-c093-486b-8a61-55aa3fed1341: shutdown 43136673-c093-486b-8a61-55aa3fed1341@group-A72BC00D5B3B-FollowerState
2021-11-09 00:56:40,910 [43136673-c093-486b-8a61-55aa3fed1341@group-A72BC00D5B3B-FollowerState] INFO  server.RaftServer$Division (RaftServerImpl.java:setRole(290)) - 43136673-c093-486b-8a61-55aa3fed1341@group-A72BC00D5B3B: changes role from  FOLLOWER to CANDIDATE at term 0 for changeToCandidate
2021-11-09 00:56:40,940 [43136673-c093-486b-8a61-55aa3fed1341@group-A72BC00D5B3B-FollowerState] INFO  server.RaftServerConfigKeys (ConfUtils.java:logGet(44)) - raft.server.leaderelection.pre-vote = false (custom)
2021-11-09 00:56:40,940 [43136673-c093-486b-8a61-55aa3fed1341@group-A72BC00D5B3B-FollowerState] INFO  impl.RoleInfo (RoleInfo.java:updateAndGet(130)) - 43136673-c093-486b-8a61-55aa3fed1341: start 43136673-c093-486b-8a61-55aa3fed1341@group-A72BC00D5B3B-LeaderElection81
2021-11-09 00:56:40,991 [43136673-c093-486b-8a61-55aa3fed1341@group-A72BC00D5B3B-LeaderElection81] INFO  impl.LeaderElection (LeaderElection.java:askForVotes(306)) - 43136673-c093-486b-8a61-55aa3fed1341@group-A72BC00D5B3B-LeaderElection81 ELECTION round 0: submit vote requests at term 1 for -1: [43136673-c093-486b-8a61-55aa3fed1341|rpc:10.1.0.58:34809|priority:1], old=null
2021-11-09 00:56:40,991 [43136673-c093-486b-8a61-55aa3fed1341@group-A72BC00D5B3B-LeaderElection81] INFO  impl.LeaderElection (LeaderElection.java:askForVotes(308)) - 43136673-c093-486b-8a61-55aa3fed1341@group-A72BC00D5B3B-LeaderElection81 ELECTION round 0: result PASSED (term=1)
2021-11-09 00:56:40,991 [43136673-c093-486b-8a61-55aa3fed1341@group-A72BC00D5B3B-LeaderElection81] INFO  impl.RoleInfo (RoleInfo.java:shutdownLeaderElection(121)) - 43136673-c093-486b-8a61-55aa3fed1341: shutdown 43136673-c093-486b-8a61-55aa3fed1341@group-A72BC00D5B3B-LeaderElection81
2021-11-09 00:56:40,991 [43136673-c093-486b-8a61-55aa3fed1341@group-A72BC00D5B3B-LeaderElection81] INFO  server.RaftServer$Division (RaftServerImpl.java:setRole(290)) - 43136673-c093-486b-8a61-55aa3fed1341@group-A72BC00D5B3B: changes role from CANDIDATE to LEADER at term 1 for changeToLeader
2021-11-09 00:56:40,991 [43136673-c093-486b-8a61-55aa3fed1341@group-A72BC00D5B3B-LeaderElection81] INFO  ratis.XceiverServerRatis (XceiverServerRatis.java:handleLeaderChangedNotification(866)) - Leader change notification received for group: group-A72BC00D5B3B with new leaderId: 43136673-c093-486b-8a61-55aa3fed1341
2021-11-09 00:56:40,992 [43136673-c093-486b-8a61-55aa3fed1341@group-A72BC00D5B3B-LeaderElection81] INFO  server.RaftServer$Division (ServerState.java:setLeader(285)) - 43136673-c093-486b-8a61-55aa3fed1341@group-A72BC00D5B3B: change Leader from null to 43136673-c093-486b-8a61-55aa3fed1341 at term 1 for becomeLeader, leader elected after 5182ms
2021-11-09 00:56:40,992 [43136673-c093-486b-8a61-55aa3fed1341@group-A72BC00D5B3B-LeaderElection81] INFO  server.RaftServerConfigKeys (ConfUtils.java:logGet(44)) - raft.server.staging.catchup.gap = 1000 (default)
2021-11-09 00:56:40,993 [43136673-c093-486b-8a61-55aa3fed1341@group-A72BC00D5B3B-LeaderElection81] INFO  server.RaftServerConfigKeys (ConfUtils.java:logGet(44)) - raft.server.write.element-limit = 1024 (custom)
2021-11-09 00:56:40,993 [43136673-c093-486b-8a61-55aa3fed1341@group-A72BC00D5B3B-LeaderElection81] INFO  server.RaftServerConfigKeys (ConfUtils.java:logGet(44)) - raft.server.write.byte-limit = 1024 M (=1073741824) (custom)
2021-11-09 00:56:40,993 [43136673-c093-486b-8a61-55aa3fed1341@group-A72BC00D5B3B-LeaderElection81] INFO  server.RaftServerConfigKeys (ConfUtils.java:logGet(44)) - raft.server.watch.timeout = 3000ms (custom)
2021-11-09 00:56:40,993 [43136673-c093-486b-8a61-55aa3fed1341@group-A72BC00D5B3B-LeaderElection81] INFO  server.RaftServerConfigKeys (ConfUtils.java:logGet(44)) - raft.server.watch.timeout.denomination = 1s (default)
2021-11-09 00:56:40,993 [43136673-c093-486b-8a61-55aa3fed1341@group-A72BC00D5B3B-LeaderElection81] INFO  server.RaftServerConfigKeys (ConfUtils.java:logGet(44)) - raft.server.watch.element-limit = 65536 (default)
2021-11-09 00:56:40,993 [43136673-c093-486b-8a61-55aa3fed1341@group-A72BC00D5B3B-LeaderElection81] INFO  server.RaftServerConfigKeys (ConfUtils.java:logGet(44)) - raft.server.write.element-limit = 1024 (custom)
2021-11-09 00:56:40,993 [43136673-c093-486b-8a61-55aa3fed1341@group-A72BC00D5B3B-LeaderElection81] INFO  server.RaftServerConfigKeys (ConfUtils.java:logGet(44)) - raft.server.write.follower.gap.ratio.max = -1.0 (default)
2021-11-09 00:56:40,993 [43136673-c093-486b-8a61-55aa3fed1341@group-A72BC00D5B3B-LeaderElection81] INFO  impl.RoleInfo (RoleInfo.java:updateAndGet(130)) - 43136673-c093-486b-8a61-55aa3fed1341: start 43136673-c093-486b-8a61-55aa3fed1341@group-A72BC00D5B3B-LeaderStateImpl
2021-11-09 00:56:40,994 [43136673-c093-486b-8a61-55aa3fed1341@group-A72BC00D5B3B-LeaderElection81] INFO  segmented.SegmentedRaftLogWorker (SegmentedRaftLogWorker.java:startLogSegment(394)) - 43136673-c093-486b-8a61-55aa3fed1341@group-A72BC00D5B3B-SegmentedRaftLogWorker: Starting segment from index:0
2021-11-09 00:56:41,004 [43136673-c093-486b-8a61-55aa3fed1341@group-A72BC00D5B3B-SegmentedRaftLogWorker] INFO  segmented.SegmentedRaftLogWorker (SegmentedRaftLogWorker.java:execute(601)) - 43136673-c093-486b-8a61-55aa3fed1341@group-A72BC00D5B3B-SegmentedRaftLogWorker: created new log segment /home/runner/work/ozone/ozone/hadoop-ozone/integration-test/target/test-dir/MiniOzoneClusterImpl-cebd3685-2b3d-4639-9f0f-41911e64574b/datanode-2/data/ratis/91b13811-3b50-4088-895a-a72bc00d5b3b/current/log_inprogress_0
2021-11-09 00:56:41,011 [43136673-c093-486b-8a61-55aa3fed1341@group-A72BC00D5B3B-LeaderElection81] INFO  server.RaftServer$Division (ServerState.java:setRaftConf(387)) - 43136673-c093-486b-8a61-55aa3fed1341@group-A72BC00D5B3B: set configuration 0: [43136673-c093-486b-8a61-55aa3fed1341|rpc:10.1.0.58:34809|dataStream:|priority:1], old=null
2021-11-09 00:56:41,324 [5b8b357e-6f93-4947-883b-a4d8a2742106@group-97D8B41C262F-FollowerState] INFO  impl.FollowerState (FollowerState.java:run(134)) - 5b8b357e-6f93-4947-883b-a4d8a2742106@group-97D8B41C262F-FollowerState: change to CANDIDATE, lastRpcElapsedTime:5054303853ns, electionTimeout:5047ms
2021-11-09 00:56:41,324 [5b8b357e-6f93-4947-883b-a4d8a2742106@group-97D8B41C262F-FollowerState] INFO  impl.RoleInfo (RoleInfo.java:shutdownFollowerState(108)) - 5b8b357e-6f93-4947-883b-a4d8a2742106: shutdown 5b8b357e-6f93-4947-883b-a4d8a2742106@group-97D8B41C262F-FollowerState
2021-11-09 00:56:41,324 [5b8b357e-6f93-4947-883b-a4d8a2742106@group-97D8B41C262F-FollowerState] INFO  server.RaftServer$Division (RaftServerImpl.java:setRole(290)) - 5b8b357e-6f93-4947-883b-a4d8a2742106@group-97D8B41C262F: changes role from  FOLLOWER to CANDIDATE at term 0 for changeToCandidate
2021-11-09 00:56:41,327 [5b8b357e-6f93-4947-883b-a4d8a2742106@group-97D8B41C262F-FollowerState] INFO  server.RaftServerConfigKeys (ConfUtils.java:logGet(44)) - raft.server.leaderelection.pre-vote = false (custom)
2021-11-09 00:56:41,327 [5b8b357e-6f93-4947-883b-a4d8a2742106@group-97D8B41C262F-FollowerState] INFO  impl.RoleInfo (RoleInfo.java:updateAndGet(130)) - 5b8b357e-6f93-4947-883b-a4d8a2742106: start 5b8b357e-6f93-4947-883b-a4d8a2742106@group-97D8B41C262F-LeaderElection82
2021-11-09 00:56:41,345 [5b8b357e-6f93-4947-883b-a4d8a2742106@group-97D8B41C262F-LeaderElection82] INFO  impl.LeaderElection (LeaderElection.java:askForVotes(306)) - 5b8b357e-6f93-4947-883b-a4d8a2742106@group-97D8B41C262F-LeaderElection82 ELECTION round 0: submit vote requests at term 1 for -1: [bcfee08b-42a0-42f4-970e-f61215d4b324|rpc:10.1.0.58:34235|priority:0, c17442c2-57b8-4ea9-a6b0-3a357e556ad2|rpc:10.1.0.58:33767|priority:0, 5b8b357e-6f93-4947-883b-a4d8a2742106|rpc:10.1.0.58:46289|priority:1], old=null
2021-11-09 00:56:41,359 [grpc-default-executor-0] INFO  server.RaftServer$Division (RaftServerImpl.java:requestVote(1046)) - bcfee08b-42a0-42f4-970e-f61215d4b324@group-97D8B41C262F: receive requestVote(ELECTION, 5b8b357e-6f93-4947-883b-a4d8a2742106, group-97D8B41C262F, 1, (t:0, i:0))
2021-11-09 00:56:41,359 [grpc-default-executor-0] INFO  impl.VoteContext (VoteContext.java:log(48)) - bcfee08b-42a0-42f4-970e-f61215d4b324@group-97D8B41C262F-FOLLOWER: accept ELECTION from 5b8b357e-6f93-4947-883b-a4d8a2742106: our priority 0 <= candidate's priority 1
2021-11-09 00:56:41,359 [grpc-default-executor-0] INFO  server.RaftServer$Division (RaftServerImpl.java:setRole(290)) - bcfee08b-42a0-42f4-970e-f61215d4b324@group-97D8B41C262F: changes role from  FOLLOWER to FOLLOWER at term 1 for candidate:5b8b357e-6f93-4947-883b-a4d8a2742106
2021-11-09 00:56:41,359 [grpc-default-executor-0] INFO  impl.RoleInfo (RoleInfo.java:shutdownFollowerState(108)) - bcfee08b-42a0-42f4-970e-f61215d4b324: shutdown bcfee08b-42a0-42f4-970e-f61215d4b324@group-97D8B41C262F-FollowerState
2021-11-09 00:56:41,359 [grpc-default-executor-0] INFO  impl.RoleInfo (RoleInfo.java:updateAndGet(130)) - bcfee08b-42a0-42f4-970e-f61215d4b324: start bcfee08b-42a0-42f4-970e-f61215d4b324@group-97D8B41C262F-FollowerState
2021-11-09 00:56:41,359 [bcfee08b-42a0-42f4-970e-f61215d4b324@group-97D8B41C262F-FollowerState] INFO  impl.FollowerState (FollowerState.java:run(143)) - bcfee08b-42a0-42f4-970e-f61215d4b324@group-97D8B41C262F-FollowerState was interrupted: {}
java.lang.InterruptedException: sleep interrupted
	at java.lang.Thread.sleep(Native Method)
	at java.lang.Thread.sleep(Thread.java:340)
	at java.util.concurrent.TimeUnit.sleep(TimeUnit.java:386)
	at org.apache.ratis.util.TimeDuration.sleep(TimeDuration.java:324)
	at org.apache.ratis.util.TimeDuration.sleep(TimeDuration.java:309)
	at org.apache.ratis.server.impl.FollowerState.run(FollowerState.java:118)
2021-11-09 00:56:41,382 [5b8b357e-6f93-4947-883b-a4d8a2742106@group-EB3C263F7C8C-FollowerState] INFO  impl.FollowerState (FollowerState.java:run(134)) - 5b8b357e-6f93-4947-883b-a4d8a2742106@group-EB3C263F7C8C-FollowerState: change to CANDIDATE, lastRpcElapsedTime:5160989783ns, electionTimeout:5134ms
2021-11-09 00:56:41,382 [5b8b357e-6f93-4947-883b-a4d8a2742106@group-EB3C263F7C8C-FollowerState] INFO  impl.RoleInfo (RoleInfo.java:shutdownFollowerState(108)) - 5b8b357e-6f93-4947-883b-a4d8a2742106: shutdown 5b8b357e-6f93-4947-883b-a4d8a2742106@group-EB3C263F7C8C-FollowerState
2021-11-09 00:56:41,382 [5b8b357e-6f93-4947-883b-a4d8a2742106@group-EB3C263F7C8C-FollowerState] INFO  server.RaftServer$Division (RaftServerImpl.java:setRole(290)) - 5b8b357e-6f93-4947-883b-a4d8a2742106@group-EB3C263F7C8C: changes role from  FOLLOWER to CANDIDATE at term 0 for changeToCandidate
2021-11-09 00:56:41,382 [5b8b357e-6f93-4947-883b-a4d8a2742106@group-EB3C263F7C8C-FollowerState] INFO  server.RaftServerConfigKeys (ConfUtils.java:logGet(44)) - raft.server.leaderelection.pre-vote = false (custom)
2021-11-09 00:56:41,382 [5b8b357e-6f93-4947-883b-a4d8a2742106@group-EB3C263F7C8C-FollowerState] INFO  impl.RoleInfo (RoleInfo.java:updateAndGet(130)) - 5b8b357e-6f93-4947-883b-a4d8a2742106: start 5b8b357e-6f93-4947-883b-a4d8a2742106@group-EB3C263F7C8C-LeaderElection83
2021-11-09 00:56:41,397 [grpc-default-executor-0] INFO  server.RaftServer$Division (RaftServerImpl.java:requestVote(1078)) - bcfee08b-42a0-42f4-970e-f61215d4b324@group-97D8B41C262F replies to ELECTION vote request: 5b8b357e-6f93-4947-883b-a4d8a2742106<-bcfee08b-42a0-42f4-970e-f61215d4b324#0:OK-t1. Peer's state: bcfee08b-42a0-42f4-970e-f61215d4b324@group-97D8B41C262F:t1, leader=null, voted=5b8b357e-6f93-4947-883b-a4d8a2742106, raftlog=bcfee08b-42a0-42f4-970e-f61215d4b324@group-97D8B41C262F-SegmentedRaftLog:OPENED:c-1, conf=-1: [bcfee08b-42a0-42f4-970e-f61215d4b324|rpc:10.1.0.58:34235|dataStream:|priority:0, c17442c2-57b8-4ea9-a6b0-3a357e556ad2|rpc:10.1.0.58:33767|dataStream:|priority:0, 5b8b357e-6f93-4947-883b-a4d8a2742106|rpc:10.1.0.58:46289|dataStream:|priority:1], old=null
2021-11-09 00:56:41,421 [5b8b357e-6f93-4947-883b-a4d8a2742106@group-97D8B41C262F-LeaderElection82] INFO  impl.LeaderElection (LeaderElection.java:logAndReturn(89)) - 5b8b357e-6f93-4947-883b-a4d8a2742106@group-97D8B41C262F-LeaderElection82: ELECTION PASSED received 1 response(s) and 0 exception(s):
2021-11-09 00:56:41,421 [5b8b357e-6f93-4947-883b-a4d8a2742106@group-97D8B41C262F-LeaderElection82] INFO  impl.LeaderElection (LeaderElection.java:logAndReturn(93)) -   Response 0: 5b8b357e-6f93-4947-883b-a4d8a2742106<-bcfee08b-42a0-42f4-970e-f61215d4b324#0:OK-t1
2021-11-09 00:56:41,421 [5b8b357e-6f93-4947-883b-a4d8a2742106@group-97D8B41C262F-LeaderElection82] INFO  impl.LeaderElection (LeaderElection.java:askForVotes(308)) - 5b8b357e-6f93-4947-883b-a4d8a2742106@group-97D8B41C262F-LeaderElection82 ELECTION round 0: result PASSED
2021-11-09 00:56:41,421 [5b8b357e-6f93-4947-883b-a4d8a2742106@group-97D8B41C262F-LeaderElection82] INFO  impl.RoleInfo (RoleInfo.java:shutdownLeaderElection(121)) - 5b8b357e-6f93-4947-883b-a4d8a2742106: shutdown 5b8b357e-6f93-4947-883b-a4d8a2742106@group-97D8B41C262F-LeaderElection82
2021-11-09 00:56:41,421 [5b8b357e-6f93-4947-883b-a4d8a2742106@group-97D8B41C262F-LeaderElection82] INFO  server.RaftServer$Division (RaftServerImpl.java:setRole(290)) - 5b8b357e-6f93-4947-883b-a4d8a2742106@group-97D8B41C262F: changes role from CANDIDATE to LEADER at term 1 for changeToLeader
2021-11-09 00:56:41,421 [5b8b357e-6f93-4947-883b-a4d8a2742106@group-97D8B41C262F-LeaderElection82] INFO  ratis.XceiverServerRatis (XceiverServerRatis.java:handleLeaderChangedNotification(866)) - Leader change notification received for group: group-97D8B41C262F with new leaderId: 5b8b357e-6f93-4947-883b-a4d8a2742106
2021-11-09 00:56:41,421 [5b8b357e-6f93-4947-883b-a4d8a2742106@group-97D8B41C262F-LeaderElection82] INFO  server.RaftServer$Division (ServerState.java:setLeader(285)) - 5b8b357e-6f93-4947-883b-a4d8a2742106@group-97D8B41C262F: change Leader from null to 5b8b357e-6f93-4947-883b-a4d8a2742106 at term 1 for becomeLeader, leader elected after 5166ms
2021-11-09 00:56:41,421 [5b8b357e-6f93-4947-883b-a4d8a2742106@group-97D8B41C262F-LeaderElection82] INFO  server.RaftServerConfigKeys (ConfUtils.java:logGet(44)) - raft.server.staging.catchup.gap = 1000 (default)
2021-11-09 00:56:41,422 [5b8b357e-6f93-4947-883b-a4d8a2742106@group-97D8B41C262F-LeaderElection82] INFO  server.RaftServerConfigKeys (ConfUtils.java:logGet(44)) - raft.server.write.element-limit = 1024 (custom)
2021-11-09 00:56:41,422 [5b8b357e-6f93-4947-883b-a4d8a2742106@group-97D8B41C262F-LeaderElection82] INFO  server.RaftServerConfigKeys (ConfUtils.java:logGet(44)) - raft.server.write.byte-limit = 1024 M (=1073741824) (custom)
2021-11-09 00:56:41,422 [5b8b357e-6f93-4947-883b-a4d8a2742106@group-97D8B41C262F-LeaderElection82] INFO  server.RaftServerConfigKeys (ConfUtils.java:logGet(44)) - raft.server.watch.timeout = 3000ms (custom)
2021-11-09 00:56:41,422 [5b8b357e-6f93-4947-883b-a4d8a2742106@group-97D8B41C262F-LeaderElection82] INFO  server.RaftServerConfigKeys (ConfUtils.java:logGet(44)) - raft.server.watch.timeout.denomination = 1s (default)
2021-11-09 00:56:41,422 [5b8b357e-6f93-4947-883b-a4d8a2742106@group-97D8B41C262F-LeaderElection82] INFO  server.RaftServerConfigKeys (ConfUtils.java:logGet(44)) - raft.server.watch.element-limit = 65536 (default)
2021-11-09 00:56:41,422 [5b8b357e-6f93-4947-883b-a4d8a2742106@group-97D8B41C262F-LeaderElection82] INFO  server.RaftServerConfigKeys (ConfUtils.java:logGet(44)) - raft.server.write.element-limit = 1024 (custom)
2021-11-09 00:56:41,422 [5b8b357e-6f93-4947-883b-a4d8a2742106@group-97D8B41C262F-LeaderElection82] INFO  server.RaftServerConfigKeys (ConfUtils.java:logGet(44)) - raft.server.write.follower.gap.ratio.max = -1.0 (default)
2021-11-09 00:56:41,422 [5b8b357e-6f93-4947-883b-a4d8a2742106@group-97D8B41C262F-LeaderElection82] INFO  server.RaftServerConfigKeys (ConfUtils.java:logGet(44)) - raft.server.log.appender.snapshot.chunk.size.max = 16MB (=16777216) (default)
2021-11-09 00:56:41,422 [5b8b357e-6f93-4947-883b-a4d8a2742106@group-97D8B41C262F-LeaderElection82] INFO  server.RaftServerConfigKeys (ConfUtils.java:logGet(44)) - raft.server.log.appender.buffer.byte-limit = 33554432 (custom)
2021-11-09 00:56:41,422 [5b8b357e-6f93-4947-883b-a4d8a2742106@group-97D8B41C262F-LeaderElection82] INFO  server.RaftServerConfigKeys (ConfUtils.java:logGet(44)) - raft.server.log.appender.buffer.element-limit = 1 (custom)
2021-11-09 00:56:41,422 [5b8b357e-6f93-4947-883b-a4d8a2742106@group-97D8B41C262F-LeaderElection82] INFO  grpc.GrpcConfigKeys (ConfUtils.java:logGet(44)) - raft.grpc.server.leader.outstanding.appends.max = 128 (default)
2021-11-09 00:56:41,422 [5b8b357e-6f93-4947-883b-a4d8a2742106@group-97D8B41C262F-LeaderElection82] INFO  server.RaftServerConfigKeys (ConfUtils.java:logGet(44)) - raft.server.rpc.request.timeout = 3000ms (default)
2021-11-09 00:56:41,423 [5b8b357e-6f93-4947-883b-a4d8a2742106@group-97D8B41C262F-LeaderElection82] INFO  server.RaftServerConfigKeys (ConfUtils.java:logGet(44)) - raft.server.log.appender.install.snapshot.enabled = false (custom)
2021-11-09 00:56:41,426 [EventQueue-PipelineReportForPipelineReportHandler] INFO  pipeline.PipelineManagerImpl (PipelineManagerImpl.java:openPipeline(289)) - Pipeline Pipeline[ Id: 1bb12178-3f10-4ea1-9e56-97d8b41c262f, Nodes: bcfee08b-42a0-42f4-970e-f61215d4b324{ip: 10.1.0.58, host: fv-az294-841.eaanfquahm5ulb5tj050gcxych.jx.internal.cloudapp.net, ports: [REPLICATION=34927, RATIS=34235, RATIS_ADMIN=34235, RATIS_SERVER=34235, STANDALONE=38335], networkLocation: /default-rack, certSerialId: null, persistedOpState: IN_SERVICE, persistedOpStateExpiryEpochSec: 0}5b8b357e-6f93-4947-883b-a4d8a2742106{ip: 10.1.0.58, host: fv-az294-841.eaanfquahm5ulb5tj050gcxych.jx.internal.cloudapp.net, ports: [REPLICATION=38571, RATIS=46289, RATIS_ADMIN=46289, RATIS_SERVER=46289, STANDALONE=44983], networkLocation: /default-rack, certSerialId: null, persistedOpState: IN_SERVICE, persistedOpStateExpiryEpochSec: 0}c17442c2-57b8-4ea9-a6b0-3a357e556ad2{ip: 10.1.0.58, host: fv-az294-841.eaanfquahm5ulb5tj050gcxych.jx.internal.cloudapp.net, ports: [REPLICATION=46747, RATIS=33767, RATIS_ADMIN=33767, RATIS_SERVER=33767, STANDALONE=35241], networkLocation: /default-rack, certSerialId: null, persistedOpState: IN_SERVICE, persistedOpStateExpiryEpochSec: 0}, ReplicationConfig: RATIS/THREE, State:ALLOCATED, leaderId:5b8b357e-6f93-4947-883b-a4d8a2742106, CreationTimestamp2021-11-09T00:56:34.063Z[Etc/UTC]] moved to OPEN state
2021-11-09 00:56:41,427 [5b8b357e-6f93-4947-883b-a4d8a2742106@group-EB3C263F7C8C-LeaderElection83] INFO  impl.LeaderElection (LeaderElection.java:askForVotes(306)) - 5b8b357e-6f93-4947-883b-a4d8a2742106@group-EB3C263F7C8C-LeaderElection83 ELECTION round 0: submit vote requests at term 1 for -1: [5b8b357e-6f93-4947-883b-a4d8a2742106|rpc:10.1.0.58:46289|priority:1], old=null
2021-11-09 00:56:41,427 [5b8b357e-6f93-4947-883b-a4d8a2742106@group-EB3C263F7C8C-LeaderElection83] INFO  impl.LeaderElection (LeaderElection.java:askForVotes(308)) - 5b8b357e-6f93-4947-883b-a4d8a2742106@group-EB3C263F7C8C-LeaderElection83 ELECTION round 0: result PASSED (term=1)
2021-11-09 00:56:41,427 [5b8b357e-6f93-4947-883b-a4d8a2742106@group-EB3C263F7C8C-LeaderElection83] INFO  impl.RoleInfo (RoleInfo.java:shutdownLeaderElection(121)) - 5b8b357e-6f93-4947-883b-a4d8a2742106: shutdown 5b8b357e-6f93-4947-883b-a4d8a2742106@group-EB3C263F7C8C-LeaderElection83
2021-11-09 00:56:41,427 [5b8b357e-6f93-4947-883b-a4d8a2742106@group-EB3C263F7C8C-LeaderElection83] INFO  server.RaftServer$Division (RaftServerImpl.java:setRole(290)) - 5b8b357e-6f93-4947-883b-a4d8a2742106@group-EB3C263F7C8C: changes role from CANDIDATE to LEADER at term 1 for changeToLeader
2021-11-09 00:56:41,427 [5b8b357e-6f93-4947-883b-a4d8a2742106@group-EB3C263F7C8C-LeaderElection83] INFO  ratis.XceiverServerRatis (XceiverServerRatis.java:handleLeaderChangedNotification(866)) - Leader change notification received for group: group-EB3C263F7C8C with new leaderId: 5b8b357e-6f93-4947-883b-a4d8a2742106
2021-11-09 00:56:41,427 [5b8b357e-6f93-4947-883b-a4d8a2742106@group-EB3C263F7C8C-LeaderElection83] INFO  server.RaftServer$Division (ServerState.java:setLeader(285)) - 5b8b357e-6f93-4947-883b-a4d8a2742106@group-EB3C263F7C8C: change Leader from null to 5b8b357e-6f93-4947-883b-a4d8a2742106 at term 1 for becomeLeader, leader elected after 5281ms
2021-11-09 00:56:41,427 [5b8b357e-6f93-4947-883b-a4d8a2742106@group-EB3C263F7C8C-LeaderElection83] INFO  server.RaftServerConfigKeys (ConfUtils.java:logGet(44)) - raft.server.staging.catchup.gap = 1000 (default)
2021-11-09 00:56:41,427 [5b8b357e-6f93-4947-883b-a4d8a2742106@group-EB3C263F7C8C-LeaderElection83] INFO  server.RaftServerConfigKeys (ConfUtils.java:logGet(44)) - raft.server.write.element-limit = 1024 (custom)
2021-11-09 00:56:41,427 [5b8b357e-6f93-4947-883b-a4d8a2742106@group-EB3C263F7C8C-LeaderElection83] INFO  server.RaftServerConfigKeys (ConfUtils.java:logGet(44)) - raft.server.write.byte-limit = 1024 M (=1073741824) (custom)
2021-11-09 00:56:41,437 [5b8b357e-6f93-4947-883b-a4d8a2742106@group-97D8B41C262F-LeaderElection82] INFO  server.RaftServerConfigKeys (ConfUtils.java:logGet(44)) - raft.server.log.appender.snapshot.chunk.size.max = 16MB (=16777216) (default)
2021-11-09 00:56:41,437 [grpc-default-executor-0] INFO  server.RaftServer$Division (RaftServerImpl.java:requestVote(1046)) - c17442c2-57b8-4ea9-a6b0-3a357e556ad2@group-97D8B41C262F: receive requestVote(ELECTION, 5b8b357e-6f93-4947-883b-a4d8a2742106, group-97D8B41C262F, 1, (t:0, i:0))
2021-11-09 00:56:41,437 [grpc-default-executor-0] INFO  impl.VoteContext (VoteContext.java:log(48)) - c17442c2-57b8-4ea9-a6b0-3a357e556ad2@group-97D8B41C262F-FOLLOWER: accept ELECTION from 5b8b357e-6f93-4947-883b-a4d8a2742106: our priority 0 <= candidate's priority 1
2021-11-09 00:56:41,437 [grpc-default-executor-0] INFO  server.RaftServer$Division (RaftServerImpl.java:setRole(290)) - c17442c2-57b8-4ea9-a6b0-3a357e556ad2@group-97D8B41C262F: changes role from  FOLLOWER to FOLLOWER at term 1 for candidate:5b8b357e-6f93-4947-883b-a4d8a2742106
2021-11-09 00:56:41,437 [grpc-default-executor-0] INFO  impl.RoleInfo (RoleInfo.java:shutdownFollowerState(108)) - c17442c2-57b8-4ea9-a6b0-3a357e556ad2: shutdown c17442c2-57b8-4ea9-a6b0-3a357e556ad2@group-97D8B41C262F-FollowerState
2021-11-09 00:56:41,437 [grpc-default-executor-0] INFO  impl.RoleInfo (RoleInfo.java:updateAndGet(130)) - c17442c2-57b8-4ea9-a6b0-3a357e556ad2: start c17442c2-57b8-4ea9-a6b0-3a357e556ad2@group-97D8B41C262F-FollowerState
2021-11-09 00:56:41,437 [5b8b357e-6f93-4947-883b-a4d8a2742106@group-97D8B41C262F-LeaderElection82] INFO  server.RaftServerConfigKeys (ConfUtils.java:logGet(44)) - raft.server.log.appender.buffer.byte-limit = 33554432 (custom)
2021-11-09 00:56:41,438 [5b8b357e-6f93-4947-883b-a4d8a2742106@group-97D8B41C262F-LeaderElection82] INFO  server.RaftServerConfigKeys (ConfUtils.java:logGet(44)) - raft.server.log.appender.buffer.element-limit = 1 (custom)
2021-11-09 00:56:41,437 [c17442c2-57b8-4ea9-a6b0-3a357e556ad2@group-97D8B41C262F-FollowerState] INFO  impl.FollowerState (FollowerState.java:run(143)) - c17442c2-57b8-4ea9-a6b0-3a357e556ad2@group-97D8B41C262F-FollowerState was interrupted: {}
java.lang.InterruptedException: sleep interrupted
	at java.lang.Thread.sleep(Native Method)
	at java.lang.Thread.sleep(Thread.java:340)
	at java.util.concurrent.TimeUnit.sleep(TimeUnit.java:386)
	at org.apache.ratis.util.TimeDuration.sleep(TimeDuration.java:324)
	at org.apache.ratis.util.TimeDuration.sleep(TimeDuration.java:309)
	at org.apache.ratis.server.impl.FollowerState.run(FollowerState.java:118)
2021-11-09 00:56:41,437 [5b8b357e-6f93-4947-883b-a4d8a2742106@group-EB3C263F7C8C-LeaderElection83] INFO  server.RaftServerConfigKeys (ConfUtils.java:logGet(44)) - raft.server.watch.timeout = 3000ms (custom)
2021-11-09 00:56:41,438 [5b8b357e-6f93-4947-883b-a4d8a2742106@group-EB3C263F7C8C-LeaderElection83] INFO  server.RaftServerConfigKeys (ConfUtils.java:logGet(44)) - raft.server.watch.timeout.denomination = 1s (default)
2021-11-09 00:56:41,438 [5b8b357e-6f93-4947-883b-a4d8a2742106@group-EB3C263F7C8C-LeaderElection83] INFO  server.RaftServerConfigKeys (ConfUtils.java:logGet(44)) - raft.server.watch.element-limit = 65536 (default)
2021-11-09 00:56:41,438 [5b8b357e-6f93-4947-883b-a4d8a2742106@group-EB3C263F7C8C-LeaderElection83] INFO  server.RaftServerConfigKeys (ConfUtils.java:logGet(44)) - raft.server.write.element-limit = 1024 (custom)
2021-11-09 00:56:41,438 [5b8b357e-6f93-4947-883b-a4d8a2742106@group-EB3C263F7C8C-LeaderElection83] INFO  server.RaftServerConfigKeys (ConfUtils.java:logGet(44)) - raft.server.write.follower.gap.ratio.max = -1.0 (default)
2021-11-09 00:56:41,438 [5b8b357e-6f93-4947-883b-a4d8a2742106@group-EB3C263F7C8C-LeaderElection83] INFO  impl.RoleInfo (RoleInfo.java:updateAndGet(130)) - 5b8b357e-6f93-4947-883b-a4d8a2742106: start 5b8b357e-6f93-4947-883b-a4d8a2742106@group-EB3C263F7C8C-LeaderStateImpl
2021-11-09 00:56:41,438 [5b8b357e-6f93-4947-883b-a4d8a2742106@group-EB3C263F7C8C-LeaderElection83] INFO  segmented.SegmentedRaftLogWorker (SegmentedRaftLogWorker.java:startLogSegment(394)) - 5b8b357e-6f93-4947-883b-a4d8a2742106@group-EB3C263F7C8C-SegmentedRaftLogWorker: Starting segment from index:0
2021-11-09 00:56:41,443 [5b8b357e-6f93-4947-883b-a4d8a2742106@group-97D8B41C262F-LeaderElection82] INFO  grpc.GrpcConfigKeys (ConfUtils.java:logGet(44)) - raft.grpc.server.leader.outstanding.appends.max = 128 (default)
2021-11-09 00:56:41,443 [5b8b357e-6f93-4947-883b-a4d8a2742106@group-97D8B41C262F-LeaderElection82] INFO  server.RaftServerConfigKeys (ConfUtils.java:logGet(44)) - raft.server.rpc.request.timeout = 3000ms (default)
2021-11-09 00:56:41,443 [5b8b357e-6f93-4947-883b-a4d8a2742106@group-97D8B41C262F-LeaderElection82] INFO  server.RaftServerConfigKeys (ConfUtils.java:logGet(44)) - raft.server.log.appender.install.snapshot.enabled = false (custom)
2021-11-09 00:56:41,443 [5b8b357e-6f93-4947-883b-a4d8a2742106@group-EB3C263F7C8C-LeaderElection83] INFO  server.RaftServer$Division (ServerState.java:setRaftConf(387)) - 5b8b357e-6f93-4947-883b-a4d8a2742106@group-EB3C263F7C8C: set configuration 0: [5b8b357e-6f93-4947-883b-a4d8a2742106|rpc:10.1.0.58:46289|dataStream:|priority:1], old=null
2021-11-09 00:56:41,444 [5b8b357e-6f93-4947-883b-a4d8a2742106@group-97D8B41C262F-LeaderElection82] INFO  impl.RoleInfo (RoleInfo.java:updateAndGet(130)) - 5b8b357e-6f93-4947-883b-a4d8a2742106: start 5b8b357e-6f93-4947-883b-a4d8a2742106@group-97D8B41C262F-LeaderStateImpl
2021-11-09 00:56:41,445 [5b8b357e-6f93-4947-883b-a4d8a2742106@group-97D8B41C262F-LeaderElection82] INFO  segmented.SegmentedRaftLogWorker (SegmentedRaftLogWorker.java:startLogSegment(394)) - 5b8b357e-6f93-4947-883b-a4d8a2742106@group-97D8B41C262F-SegmentedRaftLogWorker: Starting segment from index:0
2021-11-09 00:56:41,446 [5b8b357e-6f93-4947-883b-a4d8a2742106@group-97D8B41C262F-SegmentedRaftLogWorker] INFO  segmented.SegmentedRaftLogWorker (SegmentedRaftLogWorker.java:execute(601)) - 5b8b357e-6f93-4947-883b-a4d8a2742106@group-97D8B41C262F-SegmentedRaftLogWorker: created new log segment /home/runner/work/ozone/ozone/hadoop-ozone/integration-test/target/test-dir/MiniOzoneClusterImpl-cebd3685-2b3d-4639-9f0f-41911e64574b/datanode-3/data/ratis/1bb12178-3f10-4ea1-9e56-97d8b41c262f/current/log_inprogress_0
2021-11-09 00:56:41,464 [grpc-default-executor-0] INFO  server.RaftServer$Division (RaftServerImpl.java:requestVote(1078)) - c17442c2-57b8-4ea9-a6b0-3a357e556ad2@group-97D8B41C262F replies to ELECTION vote request: 5b8b357e-6f93-4947-883b-a4d8a2742106<-c17442c2-57b8-4ea9-a6b0-3a357e556ad2#0:OK-t1. Peer's state: c17442c2-57b8-4ea9-a6b0-3a357e556ad2@group-97D8B41C262F:t1, leader=null, voted=5b8b357e-6f93-4947-883b-a4d8a2742106, raftlog=c17442c2-57b8-4ea9-a6b0-3a357e556ad2@group-97D8B41C262F-SegmentedRaftLog:OPENED:c-1, conf=-1: [bcfee08b-42a0-42f4-970e-f61215d4b324|rpc:10.1.0.58:34235|dataStream:|priority:0, c17442c2-57b8-4ea9-a6b0-3a357e556ad2|rpc:10.1.0.58:33767|dataStream:|priority:0, 5b8b357e-6f93-4947-883b-a4d8a2742106|rpc:10.1.0.58:46289|dataStream:|priority:1], old=null
2021-11-09 00:56:41,464 [5b8b357e-6f93-4947-883b-a4d8a2742106@group-EB3C263F7C8C-SegmentedRaftLogWorker] INFO  segmented.SegmentedRaftLogWorker (SegmentedRaftLogWorker.java:execute(601)) - 5b8b357e-6f93-4947-883b-a4d8a2742106@group-EB3C263F7C8C-SegmentedRaftLogWorker: created new log segment /home/runner/work/ozone/ozone/hadoop-ozone/integration-test/target/test-dir/MiniOzoneClusterImpl-cebd3685-2b3d-4639-9f0f-41911e64574b/datanode-3/data/ratis/b34201ca-3705-486d-81c7-eb3c263f7c8c/current/log_inprogress_0
2021-11-09 00:56:41,509 [5b8b357e-6f93-4947-883b-a4d8a2742106@group-97D8B41C262F-LeaderElection82] INFO  server.RaftServer$Division (ServerState.java:setRaftConf(387)) - 5b8b357e-6f93-4947-883b-a4d8a2742106@group-97D8B41C262F: set configuration 0: [bcfee08b-42a0-42f4-970e-f61215d4b324|rpc:10.1.0.58:34235|dataStream:|priority:0, c17442c2-57b8-4ea9-a6b0-3a357e556ad2|rpc:10.1.0.58:33767|dataStream:|priority:0, 5b8b357e-6f93-4947-883b-a4d8a2742106|rpc:10.1.0.58:46289|dataStream:|priority:1], old=null
2021-11-09 00:56:41,544 [grpc-default-executor-5] INFO  ratis.XceiverServerRatis (XceiverServerRatis.java:handleLeaderChangedNotification(866)) - Leader change notification received for group: group-97D8B41C262F with new leaderId: 5b8b357e-6f93-4947-883b-a4d8a2742106
2021-11-09 00:56:41,545 [grpc-default-executor-5] INFO  server.RaftServer$Division (ServerState.java:setLeader(285)) - bcfee08b-42a0-42f4-970e-f61215d4b324@group-97D8B41C262F: change Leader from null to 5b8b357e-6f93-4947-883b-a4d8a2742106 at term 1 for appendEntries, leader elected after 5171ms
2021-11-09 00:56:41,563 [grpc-default-executor-4] INFO  ratis.XceiverServerRatis (XceiverServerRatis.java:handleLeaderChangedNotification(866)) - Leader change notification received for group: group-97D8B41C262F with new leaderId: 5b8b357e-6f93-4947-883b-a4d8a2742106
2021-11-09 00:56:41,563 [grpc-default-executor-5] INFO  server.RaftServer$Division (ServerState.java:setRaftConf(387)) - bcfee08b-42a0-42f4-970e-f61215d4b324@group-97D8B41C262F: set configuration 0: [bcfee08b-42a0-42f4-970e-f61215d4b324|rpc:10.1.0.58:34235|dataStream:|priority:0, c17442c2-57b8-4ea9-a6b0-3a357e556ad2|rpc:10.1.0.58:33767|dataStream:|priority:0, 5b8b357e-6f93-4947-883b-a4d8a2742106|rpc:10.1.0.58:46289|dataStream:|priority:1], old=null
2021-11-09 00:56:41,563 [grpc-default-executor-4] INFO  server.RaftServer$Division (ServerState.java:setLeader(285)) - c17442c2-57b8-4ea9-a6b0-3a357e556ad2@group-97D8B41C262F: change Leader from null to 5b8b357e-6f93-4947-883b-a4d8a2742106 at term 1 for appendEntries, leader elected after 4995ms
2021-11-09 00:56:41,563 [grpc-default-executor-5] INFO  segmented.SegmentedRaftLogWorker (SegmentedRaftLogWorker.java:startLogSegment(394)) - bcfee08b-42a0-42f4-970e-f61215d4b324@group-97D8B41C262F-SegmentedRaftLogWorker: Starting segment from index:0
2021-11-09 00:56:41,565 [bcfee08b-42a0-42f4-970e-f61215d4b324@group-97D8B41C262F-SegmentedRaftLogWorker] INFO  segmented.SegmentedRaftLogWorker (SegmentedRaftLogWorker.java:execute(601)) - bcfee08b-42a0-42f4-970e-f61215d4b324@group-97D8B41C262F-SegmentedRaftLogWorker: created new log segment /home/runner/work/ozone/ozone/hadoop-ozone/integration-test/target/test-dir/MiniOzoneClusterImpl-cebd3685-2b3d-4639-9f0f-41911e64574b/datanode-4/data/ratis/1bb12178-3f10-4ea1-9e56-97d8b41c262f/current/log_inprogress_0
2021-11-09 00:56:41,596 [grpc-default-executor-5] INFO  server.RaftServer$Division (ServerState.java:setRaftConf(387)) - c17442c2-57b8-4ea9-a6b0-3a357e556ad2@group-97D8B41C262F: set configuration 0: [bcfee08b-42a0-42f4-970e-f61215d4b324|rpc:10.1.0.58:34235|dataStream:|priority:0, c17442c2-57b8-4ea9-a6b0-3a357e556ad2|rpc:10.1.0.58:33767|dataStream:|priority:0, 5b8b357e-6f93-4947-883b-a4d8a2742106|rpc:10.1.0.58:46289|dataStream:|priority:1], old=null
2021-11-09 00:56:41,596 [grpc-default-executor-5] INFO  segmented.SegmentedRaftLogWorker (SegmentedRaftLogWorker.java:startLogSegment(394)) - c17442c2-57b8-4ea9-a6b0-3a357e556ad2@group-97D8B41C262F-SegmentedRaftLogWorker: Starting segment from index:0
2021-11-09 00:56:41,599 [c17442c2-57b8-4ea9-a6b0-3a357e556ad2@group-97D8B41C262F-SegmentedRaftLogWorker] INFO  segmented.SegmentedRaftLogWorker (SegmentedRaftLogWorker.java:execute(601)) - c17442c2-57b8-4ea9-a6b0-3a357e556ad2@group-97D8B41C262F-SegmentedRaftLogWorker: created new log segment /home/runner/work/ozone/ozone/hadoop-ozone/integration-test/target/test-dir/MiniOzoneClusterImpl-cebd3685-2b3d-4639-9f0f-41911e64574b/datanode-5/data/ratis/1bb12178-3f10-4ea1-9e56-97d8b41c262f/current/log_inprogress_0
2021-11-09 00:56:41,602 [bcfee08b-42a0-42f4-970e-f61215d4b324@group-042A55EF5780-FollowerState] INFO  impl.FollowerState (FollowerState.java:run(134)) - bcfee08b-42a0-42f4-970e-f61215d4b324@group-042A55EF5780-FollowerState: change to CANDIDATE, lastRpcElapsedTime:5087544770ns, electionTimeout:5072ms
2021-11-09 00:56:41,602 [bcfee08b-42a0-42f4-970e-f61215d4b324@group-042A55EF5780-FollowerState] INFO  impl.RoleInfo (RoleInfo.java:shutdownFollowerState(108)) - bcfee08b-42a0-42f4-970e-f61215d4b324: shutdown bcfee08b-42a0-42f4-970e-f61215d4b324@group-042A55EF5780-FollowerState
2021-11-09 00:56:41,602 [bcfee08b-42a0-42f4-970e-f61215d4b324@group-042A55EF5780-FollowerState] INFO  server.RaftServer$Division (RaftServerImpl.java:setRole(290)) - bcfee08b-42a0-42f4-970e-f61215d4b324@group-042A55EF5780: changes role from  FOLLOWER to CANDIDATE at term 0 for changeToCandidate
2021-11-09 00:56:41,615 [bcfee08b-42a0-42f4-970e-f61215d4b324@group-042A55EF5780-FollowerState] INFO  server.RaftServerConfigKeys (ConfUtils.java:logGet(44)) - raft.server.leaderelection.pre-vote = false (custom)
2021-11-09 00:56:41,615 [bcfee08b-42a0-42f4-970e-f61215d4b324@group-042A55EF5780-FollowerState] INFO  impl.RoleInfo (RoleInfo.java:updateAndGet(130)) - bcfee08b-42a0-42f4-970e-f61215d4b324: start bcfee08b-42a0-42f4-970e-f61215d4b324@group-042A55EF5780-LeaderElection84
2021-11-09 00:56:41,659 [bcfee08b-42a0-42f4-970e-f61215d4b324@group-042A55EF5780-LeaderElection84] INFO  impl.LeaderElection (LeaderElection.java:askForVotes(306)) - bcfee08b-42a0-42f4-970e-f61215d4b324@group-042A55EF5780-LeaderElection84 ELECTION round 0: submit vote requests at term 1 for -1: [bcfee08b-42a0-42f4-970e-f61215d4b324|rpc:10.1.0.58:34235|priority:1], old=null
2021-11-09 00:56:41,659 [bcfee08b-42a0-42f4-970e-f61215d4b324@group-042A55EF5780-LeaderElection84] INFO  impl.LeaderElection (LeaderElection.java:askForVotes(308)) - bcfee08b-42a0-42f4-970e-f61215d4b324@group-042A55EF5780-LeaderElection84 ELECTION round 0: result PASSED (term=1)
2021-11-09 00:56:41,659 [bcfee08b-42a0-42f4-970e-f61215d4b324@group-042A55EF5780-LeaderElection84] INFO  impl.RoleInfo (RoleInfo.java:shutdownLeaderElection(121)) - bcfee08b-42a0-42f4-970e-f61215d4b324: shutdown bcfee08b-42a0-42f4-970e-f61215d4b324@group-042A55EF5780-LeaderElection84
2021-11-09 00:56:41,659 [bcfee08b-42a0-42f4-970e-f61215d4b324@group-042A55EF5780-LeaderElection84] INFO  server.RaftServer$Division (RaftServerImpl.java:setRole(290)) - bcfee08b-42a0-42f4-970e-f61215d4b324@group-042A55EF5780: changes role from CANDIDATE to LEADER at term 1 for changeToLeader
2021-11-09 00:56:41,659 [bcfee08b-42a0-42f4-970e-f61215d4b324@group-042A55EF5780-LeaderElection84] INFO  ratis.XceiverServerRatis (XceiverServerRatis.java:handleLeaderChangedNotification(866)) - Leader change notification received for group: group-042A55EF5780 with new leaderId: bcfee08b-42a0-42f4-970e-f61215d4b324
2021-11-09 00:56:41,659 [bcfee08b-42a0-42f4-970e-f61215d4b324@group-042A55EF5780-LeaderElection84] INFO  server.RaftServer$Division (ServerState.java:setLeader(285)) - bcfee08b-42a0-42f4-970e-f61215d4b324@group-042A55EF5780: change Leader from null to bcfee08b-42a0-42f4-970e-f61215d4b324 at term 1 for becomeLeader, leader elected after 5164ms
2021-11-09 00:56:41,663 [bcfee08b-42a0-42f4-970e-f61215d4b324@group-042A55EF5780-LeaderElection84] INFO  server.RaftServerConfigKeys (ConfUtils.java:logGet(44)) - raft.server.staging.catchup.gap = 1000 (default)
2021-11-09 00:56:41,663 [bcfee08b-42a0-42f4-970e-f61215d4b324@group-042A55EF5780-LeaderElection84] INFO  server.RaftServerConfigKeys (ConfUtils.java:logGet(44)) - raft.server.write.element-limit = 1024 (custom)
2021-11-09 00:56:41,666 [bcfee08b-42a0-42f4-970e-f61215d4b324@group-042A55EF5780-LeaderElection84] INFO  server.RaftServerConfigKeys (ConfUtils.java:logGet(44)) - raft.server.write.byte-limit = 1024 M (=1073741824) (custom)
2021-11-09 00:56:41,666 [bcfee08b-42a0-42f4-970e-f61215d4b324@group-042A55EF5780-LeaderElection84] INFO  server.RaftServerConfigKeys (ConfUtils.java:logGet(44)) - raft.server.watch.timeout = 3000ms (custom)
2021-11-09 00:56:41,666 [bcfee08b-42a0-42f4-970e-f61215d4b324@group-042A55EF5780-LeaderElection84] INFO  server.RaftServerConfigKeys (ConfUtils.java:logGet(44)) - raft.server.watch.timeout.denomination = 1s (default)
2021-11-09 00:56:41,666 [bcfee08b-42a0-42f4-970e-f61215d4b324@group-042A55EF5780-LeaderElection84] INFO  server.RaftServerConfigKeys (ConfUtils.java:logGet(44)) - raft.server.watch.element-limit = 65536 (default)
2021-11-09 00:56:41,666 [bcfee08b-42a0-42f4-970e-f61215d4b324@group-042A55EF5780-LeaderElection84] INFO  server.RaftServerConfigKeys (ConfUtils.java:logGet(44)) - raft.server.write.element-limit = 1024 (custom)
2021-11-09 00:56:41,666 [bcfee08b-42a0-42f4-970e-f61215d4b324@group-042A55EF5780-LeaderElection84] INFO  server.RaftServerConfigKeys (ConfUtils.java:logGet(44)) - raft.server.write.follower.gap.ratio.max = -1.0 (default)
2021-11-09 00:56:41,667 [bcfee08b-42a0-42f4-970e-f61215d4b324@group-042A55EF5780-LeaderElection84] INFO  impl.RoleInfo (RoleInfo.java:updateAndGet(130)) - bcfee08b-42a0-42f4-970e-f61215d4b324: start bcfee08b-42a0-42f4-970e-f61215d4b324@group-042A55EF5780-LeaderStateImpl
2021-11-09 00:56:41,667 [bcfee08b-42a0-42f4-970e-f61215d4b324@group-042A55EF5780-LeaderElection84] INFO  segmented.SegmentedRaftLogWorker (SegmentedRaftLogWorker.java:startLogSegment(394)) - bcfee08b-42a0-42f4-970e-f61215d4b324@group-042A55EF5780-SegmentedRaftLogWorker: Starting segment from index:0
2021-11-09 00:56:41,668 [bcfee08b-42a0-42f4-970e-f61215d4b324@group-042A55EF5780-SegmentedRaftLogWorker] INFO  segmented.SegmentedRaftLogWorker (SegmentedRaftLogWorker.java:execute(601)) - bcfee08b-42a0-42f4-970e-f61215d4b324@group-042A55EF5780-SegmentedRaftLogWorker: created new log segment /home/runner/work/ozone/ozone/hadoop-ozone/integration-test/target/test-dir/MiniOzoneClusterImpl-cebd3685-2b3d-4639-9f0f-41911e64574b/datanode-4/data/ratis/ea6969dd-5a78-408d-a075-042a55ef5780/current/log_inprogress_0
2021-11-09 00:56:41,668 [bcfee08b-42a0-42f4-970e-f61215d4b324@group-042A55EF5780-LeaderElection84] INFO  server.RaftServer$Division (ServerState.java:setRaftConf(387)) - bcfee08b-42a0-42f4-970e-f61215d4b324@group-042A55EF5780: set configuration 0: [bcfee08b-42a0-42f4-970e-f61215d4b324|rpc:10.1.0.58:34235|dataStream:|priority:1], old=null
2021-11-09 00:56:41,806 [bcfee08b-42a0-42f4-970e-f61215d4b324@group-E6C37EB65C07-FollowerState] INFO  impl.FollowerState (FollowerState.java:run(134)) - bcfee08b-42a0-42f4-970e-f61215d4b324@group-E6C37EB65C07-FollowerState: change to CANDIDATE, lastRpcElapsedTime:5210187150ns, electionTimeout:5191ms
2021-11-09 00:56:41,807 [bcfee08b-42a0-42f4-970e-f61215d4b324@group-E6C37EB65C07-FollowerState] INFO  impl.RoleInfo (RoleInfo.java:shutdownFollowerState(108)) - bcfee08b-42a0-42f4-970e-f61215d4b324: shutdown bcfee08b-42a0-42f4-970e-f61215d4b324@group-E6C37EB65C07-FollowerState
2021-11-09 00:56:41,807 [bcfee08b-42a0-42f4-970e-f61215d4b324@group-E6C37EB65C07-FollowerState] INFO  server.RaftServer$Division (RaftServerImpl.java:setRole(290)) - bcfee08b-42a0-42f4-970e-f61215d4b324@group-E6C37EB65C07: changes role from  FOLLOWER to CANDIDATE at term 0 for changeToCandidate
2021-11-09 00:56:41,807 [bcfee08b-42a0-42f4-970e-f61215d4b324@group-E6C37EB65C07-FollowerState] INFO  server.RaftServerConfigKeys (ConfUtils.java:logGet(44)) - raft.server.leaderelection.pre-vote = false (custom)
2021-11-09 00:56:41,807 [bcfee08b-42a0-42f4-970e-f61215d4b324@group-E6C37EB65C07-FollowerState] INFO  impl.RoleInfo (RoleInfo.java:updateAndGet(130)) - bcfee08b-42a0-42f4-970e-f61215d4b324: start bcfee08b-42a0-42f4-970e-f61215d4b324@group-E6C37EB65C07-LeaderElection85
2021-11-09 00:56:41,815 [bcfee08b-42a0-42f4-970e-f61215d4b324@group-E6C37EB65C07-LeaderElection85] INFO  impl.LeaderElection (LeaderElection.java:askForVotes(306)) - bcfee08b-42a0-42f4-970e-f61215d4b324@group-E6C37EB65C07-LeaderElection85 ELECTION round 0: submit vote requests at term 1 for -1: [bcfee08b-42a0-42f4-970e-f61215d4b324|rpc:10.1.0.58:34235|priority:0, c17442c2-57b8-4ea9-a6b0-3a357e556ad2|rpc:10.1.0.58:33767|priority:1, 5b8b357e-6f93-4947-883b-a4d8a2742106|rpc:10.1.0.58:46289|priority:0], old=null
2021-11-09 00:56:41,817 [5b8b357e-6f93-4947-883b-a4d8a2742106@group-E6C37EB65C07-FollowerState] INFO  impl.FollowerState (FollowerState.java:run(134)) - 5b8b357e-6f93-4947-883b-a4d8a2742106@group-E6C37EB65C07-FollowerState: change to CANDIDATE, lastRpcElapsedTime:5063702686ns, electionTimeout:5058ms
2021-11-09 00:56:41,817 [5b8b357e-6f93-4947-883b-a4d8a2742106@group-E6C37EB65C07-FollowerState] INFO  impl.RoleInfo (RoleInfo.java:shutdownFollowerState(108)) - 5b8b357e-6f93-4947-883b-a4d8a2742106: shutdown 5b8b357e-6f93-4947-883b-a4d8a2742106@group-E6C37EB65C07-FollowerState
2021-11-09 00:56:41,817 [5b8b357e-6f93-4947-883b-a4d8a2742106@group-E6C37EB65C07-FollowerState] INFO  server.RaftServer$Division (RaftServerImpl.java:setRole(290)) - 5b8b357e-6f93-4947-883b-a4d8a2742106@group-E6C37EB65C07: changes role from  FOLLOWER to CANDIDATE at term 0 for changeToCandidate
2021-11-09 00:56:41,840 [5b8b357e-6f93-4947-883b-a4d8a2742106@group-E6C37EB65C07-FollowerState] INFO  server.RaftServerConfigKeys (ConfUtils.java:logGet(44)) - raft.server.leaderelection.pre-vote = false (custom)
2021-11-09 00:56:41,841 [5b8b357e-6f93-4947-883b-a4d8a2742106@group-E6C37EB65C07-FollowerState] INFO  impl.RoleInfo (RoleInfo.java:updateAndGet(130)) - 5b8b357e-6f93-4947-883b-a4d8a2742106: start 5b8b357e-6f93-4947-883b-a4d8a2742106@group-E6C37EB65C07-LeaderElection86
2021-11-09 00:56:41,843 [grpc-default-executor-4] INFO  server.RaftServer$Division (RaftServerImpl.java:requestVote(1046)) - c17442c2-57b8-4ea9-a6b0-3a357e556ad2@group-E6C37EB65C07: receive requestVote(ELECTION, bcfee08b-42a0-42f4-970e-f61215d4b324, group-E6C37EB65C07, 1, (t:0, i:0))
2021-11-09 00:56:41,843 [grpc-default-executor-4] INFO  impl.VoteContext (VoteContext.java:log(48)) - c17442c2-57b8-4ea9-a6b0-3a357e556ad2@group-E6C37EB65C07-FOLLOWER: reject ELECTION from bcfee08b-42a0-42f4-970e-f61215d4b324: our priority 1 > candidate's priority 0
2021-11-09 00:56:41,843 [grpc-default-executor-4] INFO  server.RaftServer$Division (RaftServerImpl.java:setRole(290)) - c17442c2-57b8-4ea9-a6b0-3a357e556ad2@group-E6C37EB65C07: changes role from  FOLLOWER to FOLLOWER at term 1 for candidate:bcfee08b-42a0-42f4-970e-f61215d4b324
2021-11-09 00:56:41,844 [grpc-default-executor-4] INFO  impl.RoleInfo (RoleInfo.java:shutdownFollowerState(108)) - c17442c2-57b8-4ea9-a6b0-3a357e556ad2: shutdown c17442c2-57b8-4ea9-a6b0-3a357e556ad2@group-E6C37EB65C07-FollowerState
2021-11-09 00:56:41,844 [grpc-default-executor-4] INFO  impl.RoleInfo (RoleInfo.java:updateAndGet(130)) - c17442c2-57b8-4ea9-a6b0-3a357e556ad2: start c17442c2-57b8-4ea9-a6b0-3a357e556ad2@group-E6C37EB65C07-FollowerState
2021-11-09 00:56:41,844 [c17442c2-57b8-4ea9-a6b0-3a357e556ad2@group-E6C37EB65C07-FollowerState] INFO  impl.FollowerState (FollowerState.java:run(143)) - c17442c2-57b8-4ea9-a6b0-3a357e556ad2@group-E6C37EB65C07-FollowerState was interrupted: {}
java.lang.InterruptedException: sleep interrupted
	at java.lang.Thread.sleep(Native Method)
	at java.lang.Thread.sleep(Thread.java:340)
	at java.util.concurrent.TimeUnit.sleep(TimeUnit.java:386)
	at org.apache.ratis.util.TimeDuration.sleep(TimeDuration.java:324)
	at org.apache.ratis.util.TimeDuration.sleep(TimeDuration.java:309)
	at org.apache.ratis.server.impl.FollowerState.run(FollowerState.java:118)
2021-11-09 00:56:41,849 [grpc-default-executor-4] INFO  server.RaftServer$Division (RaftServerImpl.java:requestVote(1078)) - c17442c2-57b8-4ea9-a6b0-3a357e556ad2@group-E6C37EB65C07 replies to ELECTION vote request: bcfee08b-42a0-42f4-970e-f61215d4b324<-c17442c2-57b8-4ea9-a6b0-3a357e556ad2#0:FAIL-t1. Peer's state: c17442c2-57b8-4ea9-a6b0-3a357e556ad2@group-E6C37EB65C07:t1, leader=null, voted=null, raftlog=c17442c2-57b8-4ea9-a6b0-3a357e556ad2@group-E6C37EB65C07-SegmentedRaftLog:OPENED:c-1, conf=-1: [bcfee08b-42a0-42f4-970e-f61215d4b324|rpc:10.1.0.58:34235|dataStream:|priority:0, c17442c2-57b8-4ea9-a6b0-3a357e556ad2|rpc:10.1.0.58:33767|dataStream:|priority:1, 5b8b357e-6f93-4947-883b-a4d8a2742106|rpc:10.1.0.58:46289|dataStream:|priority:0], old=null
2021-11-09 00:56:41,858 [bcfee08b-42a0-42f4-970e-f61215d4b324@group-E6C37EB65C07-LeaderElection85] INFO  impl.LeaderElection (LeaderElection.java:logAndReturn(89)) - bcfee08b-42a0-42f4-970e-f61215d4b324@group-E6C37EB65C07-LeaderElection85: ELECTION REJECTED received 1 response(s) and 0 exception(s):
2021-11-09 00:56:41,858 [bcfee08b-42a0-42f4-970e-f61215d4b324@group-E6C37EB65C07-LeaderElection85] INFO  impl.LeaderElection (LeaderElection.java:logAndReturn(93)) -   Response 0: bcfee08b-42a0-42f4-970e-f61215d4b324<-c17442c2-57b8-4ea9-a6b0-3a357e556ad2#0:FAIL-t1
2021-11-09 00:56:41,858 [bcfee08b-42a0-42f4-970e-f61215d4b324@group-E6C37EB65C07-LeaderElection85] INFO  impl.LeaderElection (LeaderElection.java:askForVotes(308)) - bcfee08b-42a0-42f4-970e-f61215d4b324@group-E6C37EB65C07-LeaderElection85 ELECTION round 0: result REJECTED
2021-11-09 00:56:41,858 [bcfee08b-42a0-42f4-970e-f61215d4b324@group-E6C37EB65C07-LeaderElection85] INFO  server.RaftServer$Division (RaftServerImpl.java:setRole(290)) - bcfee08b-42a0-42f4-970e-f61215d4b324@group-E6C37EB65C07: changes role from CANDIDATE to FOLLOWER at term 1 for REJECTED
2021-11-09 00:56:41,858 [bcfee08b-42a0-42f4-970e-f61215d4b324@group-E6C37EB65C07-LeaderElection85] INFO  impl.RoleInfo (RoleInfo.java:shutdownLeaderElection(121)) - bcfee08b-42a0-42f4-970e-f61215d4b324: shutdown bcfee08b-42a0-42f4-970e-f61215d4b324@group-E6C37EB65C07-LeaderElection85
2021-11-09 00:56:41,858 [bcfee08b-42a0-42f4-970e-f61215d4b324@group-E6C37EB65C07-LeaderElection85] INFO  impl.RoleInfo (RoleInfo.java:updateAndGet(130)) - bcfee08b-42a0-42f4-970e-f61215d4b324: start bcfee08b-42a0-42f4-970e-f61215d4b324@group-E6C37EB65C07-FollowerState
2021-11-09 00:56:41,861 [5b8b357e-6f93-4947-883b-a4d8a2742106@group-E6C37EB65C07-LeaderElection86] INFO  impl.LeaderElection (LeaderElection.java:askForVotes(306)) - 5b8b357e-6f93-4947-883b-a4d8a2742106@group-E6C37EB65C07-LeaderElection86 ELECTION round 0: submit vote requests at term 1 for -1: [bcfee08b-42a0-42f4-970e-f61215d4b324|rpc:10.1.0.58:34235|dataStream:|priority:0, c17442c2-57b8-4ea9-a6b0-3a357e556ad2|rpc:10.1.0.58:33767|dataStream:|priority:1, 5b8b357e-6f93-4947-883b-a4d8a2742106|rpc:10.1.0.58:46289|dataStream:|priority:0], old=null
2021-11-09 00:56:41,886 [grpc-default-executor-4] INFO  server.RaftServer$Division (RaftServerImpl.java:requestVote(1046)) - 5b8b357e-6f93-4947-883b-a4d8a2742106@group-E6C37EB65C07: receive requestVote(ELECTION, bcfee08b-42a0-42f4-970e-f61215d4b324, group-E6C37EB65C07, 1, (t:0, i:0))
2021-11-09 00:56:41,886 [grpc-default-executor-4] INFO  impl.VoteContext (VoteContext.java:log(48)) - 5b8b357e-6f93-4947-883b-a4d8a2742106@group-E6C37EB65C07-CANDIDATE: reject ELECTION from bcfee08b-42a0-42f4-970e-f61215d4b324: already has voted for 5b8b357e-6f93-4947-883b-a4d8a2742106 at current term 1
2021-11-09 00:56:41,887 [grpc-default-executor-4] INFO  server.RaftServer$Division (RaftServerImpl.java:requestVote(1078)) - 5b8b357e-6f93-4947-883b-a4d8a2742106@group-E6C37EB65C07 replies to ELECTION vote request: bcfee08b-42a0-42f4-970e-f61215d4b324<-5b8b357e-6f93-4947-883b-a4d8a2742106#0:FAIL-t1. Peer's state: 5b8b357e-6f93-4947-883b-a4d8a2742106@group-E6C37EB65C07:t1, leader=null, voted=5b8b357e-6f93-4947-883b-a4d8a2742106, raftlog=5b8b357e-6f93-4947-883b-a4d8a2742106@group-E6C37EB65C07-SegmentedRaftLog:OPENED:c-1, conf=-1: [bcfee08b-42a0-42f4-970e-f61215d4b324|rpc:10.1.0.58:34235|dataStream:|priority:0, c17442c2-57b8-4ea9-a6b0-3a357e556ad2|rpc:10.1.0.58:33767|dataStream:|priority:1, 5b8b357e-6f93-4947-883b-a4d8a2742106|rpc:10.1.0.58:46289|dataStream:|priority:0], old=null
2021-11-09 00:56:41,926 [grpc-default-executor-4] INFO  server.RaftServer$Division (RaftServerImpl.java:requestVote(1046)) - bcfee08b-42a0-42f4-970e-f61215d4b324@group-E6C37EB65C07: receive requestVote(ELECTION, 5b8b357e-6f93-4947-883b-a4d8a2742106, group-E6C37EB65C07, 1, (t:0, i:0))
2021-11-09 00:56:41,926 [grpc-default-executor-4] INFO  impl.VoteContext (VoteContext.java:log(48)) - bcfee08b-42a0-42f4-970e-f61215d4b324@group-E6C37EB65C07-FOLLOWER: reject ELECTION from 5b8b357e-6f93-4947-883b-a4d8a2742106: already has voted for bcfee08b-42a0-42f4-970e-f61215d4b324 at current term 1
2021-11-09 00:56:41,926 [grpc-default-executor-4] INFO  server.RaftServer$Division (RaftServerImpl.java:requestVote(1078)) - bcfee08b-42a0-42f4-970e-f61215d4b324@group-E6C37EB65C07 replies to ELECTION vote request: 5b8b357e-6f93-4947-883b-a4d8a2742106<-bcfee08b-42a0-42f4-970e-f61215d4b324#0:FAIL-t1. Peer's state: bcfee08b-42a0-42f4-970e-f61215d4b324@group-E6C37EB65C07:t1, leader=null, voted=bcfee08b-42a0-42f4-970e-f61215d4b324, raftlog=bcfee08b-42a0-42f4-970e-f61215d4b324@group-E6C37EB65C07-SegmentedRaftLog:OPENED:c-1, conf=-1: [bcfee08b-42a0-42f4-970e-f61215d4b324|rpc:10.1.0.58:34235|priority:0, c17442c2-57b8-4ea9-a6b0-3a357e556ad2|rpc:10.1.0.58:33767|priority:1, 5b8b357e-6f93-4947-883b-a4d8a2742106|rpc:10.1.0.58:46289|priority:0], old=null
2021-11-09 00:56:41,968 [grpc-default-executor-4] INFO  server.RaftServer$Division (RaftServerImpl.java:requestVote(1046)) - c17442c2-57b8-4ea9-a6b0-3a357e556ad2@group-E6C37EB65C07: receive requestVote(ELECTION, 5b8b357e-6f93-4947-883b-a4d8a2742106, group-E6C37EB65C07, 1, (t:0, i:0))
2021-11-09 00:56:41,968 [grpc-default-executor-4] INFO  impl.VoteContext (VoteContext.java:log(48)) - c17442c2-57b8-4ea9-a6b0-3a357e556ad2@group-E6C37EB65C07-FOLLOWER: reject ELECTION from 5b8b357e-6f93-4947-883b-a4d8a2742106: our priority 1 > candidate's priority 0
2021-11-09 00:56:41,968 [grpc-default-executor-4] INFO  server.RaftServer$Division (RaftServerImpl.java:setRole(290)) - c17442c2-57b8-4ea9-a6b0-3a357e556ad2@group-E6C37EB65C07: changes role from  FOLLOWER to FOLLOWER at term 1 for candidate:5b8b357e-6f93-4947-883b-a4d8a2742106
2021-11-09 00:56:41,968 [grpc-default-executor-4] INFO  impl.RoleInfo (RoleInfo.java:shutdownFollowerState(108)) - c17442c2-57b8-4ea9-a6b0-3a357e556ad2: shutdown c17442c2-57b8-4ea9-a6b0-3a357e556ad2@group-E6C37EB65C07-FollowerState
2021-11-09 00:56:41,968 [grpc-default-executor-4] INFO  impl.RoleInfo (RoleInfo.java:updateAndGet(130)) - c17442c2-57b8-4ea9-a6b0-3a357e556ad2: start c17442c2-57b8-4ea9-a6b0-3a357e556ad2@group-E6C37EB65C07-FollowerState
2021-11-09 00:56:41,971 [grpc-default-executor-4] INFO  server.RaftServer$Division (RaftServerImpl.java:requestVote(1078)) - c17442c2-57b8-4ea9-a6b0-3a357e556ad2@group-E6C37EB65C07 replies to ELECTION vote request: 5b8b357e-6f93-4947-883b-a4d8a2742106<-c17442c2-57b8-4ea9-a6b0-3a357e556ad2#0:FAIL-t1. Peer's state: c17442c2-57b8-4ea9-a6b0-3a357e556ad2@group-E6C37EB65C07:t1, leader=null, voted=null, raftlog=c17442c2-57b8-4ea9-a6b0-3a357e556ad2@group-E6C37EB65C07-SegmentedRaftLog:OPENED:c-1, conf=-1: [bcfee08b-42a0-42f4-970e-f61215d4b324|rpc:10.1.0.58:34235|dataStream:|priority:0, c17442c2-57b8-4ea9-a6b0-3a357e556ad2|rpc:10.1.0.58:33767|dataStream:|priority:1, 5b8b357e-6f93-4947-883b-a4d8a2742106|rpc:10.1.0.58:46289|dataStream:|priority:0], old=null
2021-11-09 00:56:41,972 [5b8b357e-6f93-4947-883b-a4d8a2742106@group-E6C37EB65C07-LeaderElection86] INFO  impl.LeaderElection (LeaderElection.java:logAndReturn(89)) - 5b8b357e-6f93-4947-883b-a4d8a2742106@group-E6C37EB65C07-LeaderElection86: ELECTION REJECTED received 2 response(s) and 0 exception(s):
2021-11-09 00:56:41,972 [5b8b357e-6f93-4947-883b-a4d8a2742106@group-E6C37EB65C07-LeaderElection86] INFO  impl.LeaderElection (LeaderElection.java:logAndReturn(93)) -   Response 0: 5b8b357e-6f93-4947-883b-a4d8a2742106<-bcfee08b-42a0-42f4-970e-f61215d4b324#0:FAIL-t1
2021-11-09 00:56:41,972 [5b8b357e-6f93-4947-883b-a4d8a2742106@group-E6C37EB65C07-LeaderElection86] INFO  impl.LeaderElection (LeaderElection.java:logAndReturn(93)) -   Response 1: 5b8b357e-6f93-4947-883b-a4d8a2742106<-c17442c2-57b8-4ea9-a6b0-3a357e556ad2#0:FAIL-t1
2021-11-09 00:56:41,972 [5b8b357e-6f93-4947-883b-a4d8a2742106@group-E6C37EB65C07-LeaderElection86] INFO  impl.LeaderElection (LeaderElection.java:askForVotes(308)) - 5b8b357e-6f93-4947-883b-a4d8a2742106@group-E6C37EB65C07-LeaderElection86 ELECTION round 0: result REJECTED
2021-11-09 00:56:41,973 [5b8b357e-6f93-4947-883b-a4d8a2742106@group-E6C37EB65C07-LeaderElection86] INFO  server.RaftServer$Division (RaftServerImpl.java:setRole(290)) - 5b8b357e-6f93-4947-883b-a4d8a2742106@group-E6C37EB65C07: changes role from CANDIDATE to FOLLOWER at term 1 for REJECTED
2021-11-09 00:56:41,973 [5b8b357e-6f93-4947-883b-a4d8a2742106@group-E6C37EB65C07-LeaderElection86] INFO  impl.RoleInfo (RoleInfo.java:shutdownLeaderElection(121)) - 5b8b357e-6f93-4947-883b-a4d8a2742106: shutdown 5b8b357e-6f93-4947-883b-a4d8a2742106@group-E6C37EB65C07-LeaderElection86
2021-11-09 00:56:41,973 [5b8b357e-6f93-4947-883b-a4d8a2742106@group-E6C37EB65C07-LeaderElection86] INFO  impl.RoleInfo (RoleInfo.java:updateAndGet(130)) - 5b8b357e-6f93-4947-883b-a4d8a2742106: start 5b8b357e-6f93-4947-883b-a4d8a2742106@group-E6C37EB65C07-FollowerState
2021-11-09 00:56:41,987 [c17442c2-57b8-4ea9-a6b0-3a357e556ad2@group-E6C37EB65C07-FollowerState] INFO  impl.FollowerState (FollowerState.java:run(143)) - c17442c2-57b8-4ea9-a6b0-3a357e556ad2@group-E6C37EB65C07-FollowerState was interrupted: {}
java.lang.InterruptedException: sleep interrupted
	at java.lang.Thread.sleep(Native Method)
	at java.lang.Thread.sleep(Thread.java:340)
	at java.util.concurrent.TimeUnit.sleep(TimeUnit.java:386)
	at org.apache.ratis.util.TimeDuration.sleep(TimeDuration.java:324)
	at org.apache.ratis.util.TimeDuration.sleep(TimeDuration.java:309)
	at org.apache.ratis.server.impl.FollowerState.run(FollowerState.java:118)
2021-11-09 00:56:42,197 [c17442c2-57b8-4ea9-a6b0-3a357e556ad2@group-7E8A545D9593-FollowerState] INFO  impl.FollowerState (FollowerState.java:run(134)) - c17442c2-57b8-4ea9-a6b0-3a357e556ad2@group-7E8A545D9593-FollowerState: change to CANDIDATE, lastRpcElapsedTime:5109273219ns, electionTimeout:5101ms
2021-11-09 00:56:42,197 [c17442c2-57b8-4ea9-a6b0-3a357e556ad2@group-7E8A545D9593-FollowerState] INFO  impl.RoleInfo (RoleInfo.java:shutdownFollowerState(108)) - c17442c2-57b8-4ea9-a6b0-3a357e556ad2: shutdown c17442c2-57b8-4ea9-a6b0-3a357e556ad2@group-7E8A545D9593-FollowerState
2021-11-09 00:56:42,197 [c17442c2-57b8-4ea9-a6b0-3a357e556ad2@group-7E8A545D9593-FollowerState] INFO  server.RaftServer$Division (RaftServerImpl.java:setRole(290)) - c17442c2-57b8-4ea9-a6b0-3a357e556ad2@group-7E8A545D9593: changes role from  FOLLOWER to CANDIDATE at term 0 for changeToCandidate
2021-11-09 00:56:42,198 [c17442c2-57b8-4ea9-a6b0-3a357e556ad2@group-7E8A545D9593-FollowerState] INFO  server.RaftServerConfigKeys (ConfUtils.java:logGet(44)) - raft.server.leaderelection.pre-vote = false (custom)
2021-11-09 00:56:42,199 [c17442c2-57b8-4ea9-a6b0-3a357e556ad2@group-7E8A545D9593-FollowerState] INFO  impl.RoleInfo (RoleInfo.java:updateAndGet(130)) - c17442c2-57b8-4ea9-a6b0-3a357e556ad2: start c17442c2-57b8-4ea9-a6b0-3a357e556ad2@group-7E8A545D9593-LeaderElection87
2021-11-09 00:56:42,242 [c17442c2-57b8-4ea9-a6b0-3a357e556ad2@group-7E8A545D9593-LeaderElection87] INFO  impl.LeaderElection (LeaderElection.java:askForVotes(306)) - c17442c2-57b8-4ea9-a6b0-3a357e556ad2@group-7E8A545D9593-LeaderElection87 ELECTION round 0: submit vote requests at term 1 for -1: [c17442c2-57b8-4ea9-a6b0-3a357e556ad2|rpc:10.1.0.58:33767|priority:1], old=null
2021-11-09 00:56:42,242 [c17442c2-57b8-4ea9-a6b0-3a357e556ad2@group-7E8A545D9593-LeaderElection87] INFO  impl.LeaderElection (LeaderElection.java:askForVotes(308)) - c17442c2-57b8-4ea9-a6b0-3a357e556ad2@group-7E8A545D9593-LeaderElection87 ELECTION round 0: result PASSED (term=1)
2021-11-09 00:56:42,242 [c17442c2-57b8-4ea9-a6b0-3a357e556ad2@group-7E8A545D9593-LeaderElection87] INFO  impl.RoleInfo (RoleInfo.java:shutdownLeaderElection(121)) - c17442c2-57b8-4ea9-a6b0-3a357e556ad2: shutdown c17442c2-57b8-4ea9-a6b0-3a357e556ad2@group-7E8A545D9593-LeaderElection87
2021-11-09 00:56:42,242 [c17442c2-57b8-4ea9-a6b0-3a357e556ad2@group-7E8A545D9593-LeaderElection87] INFO  server.RaftServer$Division (RaftServerImpl.java:setRole(290)) - c17442c2-57b8-4ea9-a6b0-3a357e556ad2@group-7E8A545D9593: changes role from CANDIDATE to LEADER at term 1 for changeToLeader
2021-11-09 00:56:42,242 [c17442c2-57b8-4ea9-a6b0-3a357e556ad2@group-7E8A545D9593-LeaderElection87] INFO  ratis.XceiverServerRatis (XceiverServerRatis.java:handleLeaderChangedNotification(866)) - Leader change notification received for group: group-7E8A545D9593 with new leaderId: c17442c2-57b8-4ea9-a6b0-3a357e556ad2
2021-11-09 00:56:42,242 [c17442c2-57b8-4ea9-a6b0-3a357e556ad2@group-7E8A545D9593-LeaderElection87] INFO  server.RaftServer$Division (ServerState.java:setLeader(285)) - c17442c2-57b8-4ea9-a6b0-3a357e556ad2@group-7E8A545D9593: change Leader from null to c17442c2-57b8-4ea9-a6b0-3a357e556ad2 at term 1 for becomeLeader, leader elected after 5172ms
2021-11-09 00:56:42,242 [c17442c2-57b8-4ea9-a6b0-3a357e556ad2@group-7E8A545D9593-LeaderElection87] INFO  server.RaftServerConfigKeys (ConfUtils.java:logGet(44)) - raft.server.staging.catchup.gap = 1000 (default)
2021-11-09 00:56:42,243 [c17442c2-57b8-4ea9-a6b0-3a357e556ad2@group-7E8A545D9593-LeaderElection87] INFO  server.RaftServerConfigKeys (ConfUtils.java:logGet(44)) - raft.server.write.element-limit = 1024 (custom)
2021-11-09 00:56:42,243 [c17442c2-57b8-4ea9-a6b0-3a357e556ad2@group-7E8A545D9593-LeaderElection87] INFO  server.RaftServerConfigKeys (ConfUtils.java:logGet(44)) - raft.server.write.byte-limit = 1024 M (=1073741824) (custom)
2021-11-09 00:56:42,243 [c17442c2-57b8-4ea9-a6b0-3a357e556ad2@group-7E8A545D9593-LeaderElection87] INFO  server.RaftServerConfigKeys (ConfUtils.java:logGet(44)) - raft.server.watch.timeout = 3000ms (custom)
2021-11-09 00:56:42,243 [c17442c2-57b8-4ea9-a6b0-3a357e556ad2@group-7E8A545D9593-LeaderElection87] INFO  server.RaftServerConfigKeys (ConfUtils.java:logGet(44)) - raft.server.watch.timeout.denomination = 1s (default)
2021-11-09 00:56:42,244 [c17442c2-57b8-4ea9-a6b0-3a357e556ad2@group-7E8A545D9593-LeaderElection87] INFO  server.RaftServerConfigKeys (ConfUtils.java:logGet(44)) - raft.server.watch.element-limit = 65536 (default)
2021-11-09 00:56:42,244 [c17442c2-57b8-4ea9-a6b0-3a357e556ad2@group-7E8A545D9593-LeaderElection87] INFO  server.RaftServerConfigKeys (ConfUtils.java:logGet(44)) - raft.server.write.element-limit = 1024 (custom)
2021-11-09 00:56:42,244 [c17442c2-57b8-4ea9-a6b0-3a357e556ad2@group-7E8A545D9593-LeaderElection87] INFO  server.RaftServerConfigKeys (ConfUtils.java:logGet(44)) - raft.server.write.follower.gap.ratio.max = -1.0 (default)
2021-11-09 00:56:42,244 [c17442c2-57b8-4ea9-a6b0-3a357e556ad2@group-7E8A545D9593-LeaderElection87] INFO  impl.RoleInfo (RoleInfo.java:updateAndGet(130)) - c17442c2-57b8-4ea9-a6b0-3a357e556ad2: start c17442c2-57b8-4ea9-a6b0-3a357e556ad2@group-7E8A545D9593-LeaderStateImpl
2021-11-09 00:56:42,245 [c17442c2-57b8-4ea9-a6b0-3a357e556ad2@group-7E8A545D9593-LeaderElection87] INFO  segmented.SegmentedRaftLogWorker (SegmentedRaftLogWorker.java:startLogSegment(394)) - c17442c2-57b8-4ea9-a6b0-3a357e556ad2@group-7E8A545D9593-SegmentedRaftLogWorker: Starting segment from index:0
2021-11-09 00:56:42,247 [c17442c2-57b8-4ea9-a6b0-3a357e556ad2@group-7E8A545D9593-SegmentedRaftLogWorker] INFO  segmented.SegmentedRaftLogWorker (SegmentedRaftLogWorker.java:execute(601)) - c17442c2-57b8-4ea9-a6b0-3a357e556ad2@group-7E8A545D9593-SegmentedRaftLogWorker: created new log segment /home/runner/work/ozone/ozone/hadoop-ozone/integration-test/target/test-dir/MiniOzoneClusterImpl-cebd3685-2b3d-4639-9f0f-41911e64574b/datanode-5/data/ratis/95e29889-45c4-413f-a16d-7e8a545d9593/current/log_inprogress_0
2021-11-09 00:56:42,249 [c17442c2-57b8-4ea9-a6b0-3a357e556ad2@group-7E8A545D9593-LeaderElection87] INFO  server.RaftServer$Division (ServerState.java:setRaftConf(387)) - c17442c2-57b8-4ea9-a6b0-3a357e556ad2@group-7E8A545D9593: set configuration 0: [c17442c2-57b8-4ea9-a6b0-3a357e556ad2|rpc:10.1.0.58:33767|dataStream:|priority:1], old=null
2021-11-09 00:56:42,811 [23aab0c3-4c3e-4cdc-9821-98cdf7e102fc@group-CF94859226F3-FollowerState] INFO  impl.FollowerState (FollowerState.java:run(134)) - 23aab0c3-4c3e-4cdc-9821-98cdf7e102fc@group-CF94859226F3-FollowerState: change to CANDIDATE, lastRpcElapsedTime:5137166433ns, electionTimeout:5136ms
2021-11-09 00:56:42,811 [23aab0c3-4c3e-4cdc-9821-98cdf7e102fc@group-CF94859226F3-FollowerState] INFO  impl.RoleInfo (RoleInfo.java:shutdownFollowerState(108)) - 23aab0c3-4c3e-4cdc-9821-98cdf7e102fc: shutdown 23aab0c3-4c3e-4cdc-9821-98cdf7e102fc@group-CF94859226F3-FollowerState
2021-11-09 00:56:42,812 [23aab0c3-4c3e-4cdc-9821-98cdf7e102fc@group-CF94859226F3-FollowerState] INFO  server.RaftServer$Division (RaftServerImpl.java:setRole(290)) - 23aab0c3-4c3e-4cdc-9821-98cdf7e102fc@group-CF94859226F3: changes role from  FOLLOWER to CANDIDATE at term 0 for changeToCandidate
2021-11-09 00:56:42,813 [23aab0c3-4c3e-4cdc-9821-98cdf7e102fc@group-CF94859226F3-FollowerState] INFO  server.RaftServerConfigKeys (ConfUtils.java:logGet(44)) - raft.server.leaderelection.pre-vote = false (custom)
2021-11-09 00:56:42,813 [23aab0c3-4c3e-4cdc-9821-98cdf7e102fc@group-CF94859226F3-FollowerState] INFO  impl.RoleInfo (RoleInfo.java:updateAndGet(130)) - 23aab0c3-4c3e-4cdc-9821-98cdf7e102fc: start 23aab0c3-4c3e-4cdc-9821-98cdf7e102fc@group-CF94859226F3-LeaderElection88
2021-11-09 00:56:42,837 [23aab0c3-4c3e-4cdc-9821-98cdf7e102fc@group-CF94859226F3-LeaderElection88] INFO  impl.LeaderElection (LeaderElection.java:askForVotes(306)) - 23aab0c3-4c3e-4cdc-9821-98cdf7e102fc@group-CF94859226F3-LeaderElection88 ELECTION round 0: submit vote requests at term 1 for -1: [23aab0c3-4c3e-4cdc-9821-98cdf7e102fc|rpc:10.1.0.58:33649|priority:1], old=null
2021-11-09 00:56:42,837 [23aab0c3-4c3e-4cdc-9821-98cdf7e102fc@group-CF94859226F3-LeaderElection88] INFO  impl.LeaderElection (LeaderElection.java:askForVotes(308)) - 23aab0c3-4c3e-4cdc-9821-98cdf7e102fc@group-CF94859226F3-LeaderElection88 ELECTION round 0: result PASSED (term=1)
2021-11-09 00:56:42,837 [23aab0c3-4c3e-4cdc-9821-98cdf7e102fc@group-CF94859226F3-LeaderElection88] INFO  impl.RoleInfo (RoleInfo.java:shutdownLeaderElection(121)) - 23aab0c3-4c3e-4cdc-9821-98cdf7e102fc: shutdown 23aab0c3-4c3e-4cdc-9821-98cdf7e102fc@group-CF94859226F3-LeaderElection88
2021-11-09 00:56:42,837 [23aab0c3-4c3e-4cdc-9821-98cdf7e102fc@group-CF94859226F3-LeaderElection88] INFO  server.RaftServer$Division (RaftServerImpl.java:setRole(290)) - 23aab0c3-4c3e-4cdc-9821-98cdf7e102fc@group-CF94859226F3: changes role from CANDIDATE to LEADER at term 1 for changeToLeader
2021-11-09 00:56:42,837 [23aab0c3-4c3e-4cdc-9821-98cdf7e102fc@group-CF94859226F3-LeaderElection88] INFO  ratis.XceiverServerRatis (XceiverServerRatis.java:handleLeaderChangedNotification(866)) - Leader change notification received for group: group-CF94859226F3 with new leaderId: 23aab0c3-4c3e-4cdc-9821-98cdf7e102fc
2021-11-09 00:56:42,838 [23aab0c3-4c3e-4cdc-9821-98cdf7e102fc@group-CF94859226F3-LeaderElection88] INFO  server.RaftServer$Division (ServerState.java:setLeader(285)) - 23aab0c3-4c3e-4cdc-9821-98cdf7e102fc@group-CF94859226F3: change Leader from null to 23aab0c3-4c3e-4cdc-9821-98cdf7e102fc at term 1 for becomeLeader, leader elected after 5188ms
2021-11-09 00:56:42,838 [23aab0c3-4c3e-4cdc-9821-98cdf7e102fc@group-CF94859226F3-LeaderElection88] INFO  server.RaftServerConfigKeys (ConfUtils.java:logGet(44)) - raft.server.staging.catchup.gap = 1000 (default)
2021-11-09 00:56:42,851 [23aab0c3-4c3e-4cdc-9821-98cdf7e102fc@group-CF94859226F3-LeaderElection88] INFO  server.RaftServerConfigKeys (ConfUtils.java:logGet(44)) - raft.server.write.element-limit = 1024 (custom)
2021-11-09 00:56:42,851 [23aab0c3-4c3e-4cdc-9821-98cdf7e102fc@group-CF94859226F3-LeaderElection88] INFO  server.RaftServerConfigKeys (ConfUtils.java:logGet(44)) - raft.server.write.byte-limit = 1024 M (=1073741824) (custom)
2021-11-09 00:56:42,852 [23aab0c3-4c3e-4cdc-9821-98cdf7e102fc@group-CF94859226F3-LeaderElection88] INFO  server.RaftServerConfigKeys (ConfUtils.java:logGet(44)) - raft.server.watch.timeout = 3000ms (custom)
2021-11-09 00:56:42,852 [23aab0c3-4c3e-4cdc-9821-98cdf7e102fc@group-CF94859226F3-LeaderElection88] INFO  server.RaftServerConfigKeys (ConfUtils.java:logGet(44)) - raft.server.watch.timeout.denomination = 1s (default)
2021-11-09 00:56:42,852 [23aab0c3-4c3e-4cdc-9821-98cdf7e102fc@group-CF94859226F3-LeaderElection88] INFO  server.RaftServerConfigKeys (ConfUtils.java:logGet(44)) - raft.server.watch.element-limit = 65536 (default)
2021-11-09 00:56:42,852 [23aab0c3-4c3e-4cdc-9821-98cdf7e102fc@group-CF94859226F3-LeaderElection88] INFO  server.RaftServerConfigKeys (ConfUtils.java:logGet(44)) - raft.server.write.element-limit = 1024 (custom)
2021-11-09 00:56:42,852 [23aab0c3-4c3e-4cdc-9821-98cdf7e102fc@group-CF94859226F3-LeaderElection88] INFO  server.RaftServerConfigKeys (ConfUtils.java:logGet(44)) - raft.server.write.follower.gap.ratio.max = -1.0 (default)
2021-11-09 00:56:42,852 [23aab0c3-4c3e-4cdc-9821-98cdf7e102fc@group-CF94859226F3-LeaderElection88] INFO  impl.RoleInfo (RoleInfo.java:updateAndGet(130)) - 23aab0c3-4c3e-4cdc-9821-98cdf7e102fc: start 23aab0c3-4c3e-4cdc-9821-98cdf7e102fc@group-CF94859226F3-LeaderStateImpl
2021-11-09 00:56:42,852 [23aab0c3-4c3e-4cdc-9821-98cdf7e102fc@group-CF94859226F3-LeaderElection88] INFO  segmented.SegmentedRaftLogWorker (SegmentedRaftLogWorker.java:startLogSegment(394)) - 23aab0c3-4c3e-4cdc-9821-98cdf7e102fc@group-CF94859226F3-SegmentedRaftLogWorker: Starting segment from index:0
2021-11-09 00:56:42,855 [23aab0c3-4c3e-4cdc-9821-98cdf7e102fc@group-CF94859226F3-SegmentedRaftLogWorker] INFO  segmented.SegmentedRaftLogWorker (SegmentedRaftLogWorker.java:execute(601)) - 23aab0c3-4c3e-4cdc-9821-98cdf7e102fc@group-CF94859226F3-SegmentedRaftLogWorker: created new log segment /home/runner/work/ozone/ozone/hadoop-ozone/integration-test/target/test-dir/MiniOzoneClusterImpl-cebd3685-2b3d-4639-9f0f-41911e64574b/datanode-6/data/ratis/dd50b01f-64a3-4837-8588-cf94859226f3/current/log_inprogress_0
2021-11-09 00:56:42,856 [23aab0c3-4c3e-4cdc-9821-98cdf7e102fc@group-CF94859226F3-LeaderElection88] INFO  server.RaftServer$Division (ServerState.java:setRaftConf(387)) - 23aab0c3-4c3e-4cdc-9821-98cdf7e102fc@group-CF94859226F3: set configuration 0: [23aab0c3-4c3e-4cdc-9821-98cdf7e102fc|rpc:10.1.0.58:33649|dataStream:|priority:1], old=null
2021-11-09 00:56:47,058 [bcfee08b-42a0-42f4-970e-f61215d4b324@group-E6C37EB65C07-FollowerState] INFO  impl.FollowerState (FollowerState.java:run(134)) - bcfee08b-42a0-42f4-970e-f61215d4b324@group-E6C37EB65C07-FollowerState: change to CANDIDATE, lastRpcElapsedTime:5200077921ns, electionTimeout:5195ms
2021-11-09 00:56:47,058 [bcfee08b-42a0-42f4-970e-f61215d4b324@group-E6C37EB65C07-FollowerState] INFO  impl.RoleInfo (RoleInfo.java:shutdownFollowerState(108)) - bcfee08b-42a0-42f4-970e-f61215d4b324: shutdown bcfee08b-42a0-42f4-970e-f61215d4b324@group-E6C37EB65C07-FollowerState
2021-11-09 00:56:47,058 [bcfee08b-42a0-42f4-970e-f61215d4b324@group-E6C37EB65C07-FollowerState] INFO  server.RaftServer$Division (RaftServerImpl.java:setRole(290)) - bcfee08b-42a0-42f4-970e-f61215d4b324@group-E6C37EB65C07: changes role from  FOLLOWER to CANDIDATE at term 1 for changeToCandidate
2021-11-09 00:56:47,058 [bcfee08b-42a0-42f4-970e-f61215d4b324@group-E6C37EB65C07-FollowerState] INFO  server.RaftServerConfigKeys (ConfUtils.java:logGet(44)) - raft.server.leaderelection.pre-vote = false (custom)
2021-11-09 00:56:47,058 [bcfee08b-42a0-42f4-970e-f61215d4b324@group-E6C37EB65C07-FollowerState] INFO  impl.RoleInfo (RoleInfo.java:updateAndGet(130)) - bcfee08b-42a0-42f4-970e-f61215d4b324: start bcfee08b-42a0-42f4-970e-f61215d4b324@group-E6C37EB65C07-LeaderElection89
2021-11-09 00:56:47,068 [bcfee08b-42a0-42f4-970e-f61215d4b324@group-E6C37EB65C07-LeaderElection89] INFO  impl.LeaderElection (LeaderElection.java:askForVotes(306)) - bcfee08b-42a0-42f4-970e-f61215d4b324@group-E6C37EB65C07-LeaderElection89 ELECTION round 0: submit vote requests at term 2 for -1: [bcfee08b-42a0-42f4-970e-f61215d4b324|rpc:10.1.0.58:34235|priority:0, c17442c2-57b8-4ea9-a6b0-3a357e556ad2|rpc:10.1.0.58:33767|priority:1, 5b8b357e-6f93-4947-883b-a4d8a2742106|rpc:10.1.0.58:46289|priority:0], old=null
2021-11-09 00:56:47,074 [grpc-default-executor-5] INFO  server.RaftServer$Division (RaftServerImpl.java:requestVote(1046)) - c17442c2-57b8-4ea9-a6b0-3a357e556ad2@group-E6C37EB65C07: receive requestVote(ELECTION, bcfee08b-42a0-42f4-970e-f61215d4b324, group-E6C37EB65C07, 2, (t:0, i:0))
2021-11-09 00:56:47,074 [grpc-default-executor-4] INFO  server.RaftServer$Division (RaftServerImpl.java:requestVote(1046)) - 5b8b357e-6f93-4947-883b-a4d8a2742106@group-E6C37EB65C07: receive requestVote(ELECTION, bcfee08b-42a0-42f4-970e-f61215d4b324, group-E6C37EB65C07, 2, (t:0, i:0))
2021-11-09 00:56:47,104 [grpc-default-executor-4] INFO  impl.VoteContext (VoteContext.java:log(48)) - 5b8b357e-6f93-4947-883b-a4d8a2742106@group-E6C37EB65C07-FOLLOWER: accept ELECTION from bcfee08b-42a0-42f4-970e-f61215d4b324: our priority 0 <= candidate's priority 0
2021-11-09 00:56:47,104 [grpc-default-executor-4] INFO  server.RaftServer$Division (RaftServerImpl.java:setRole(290)) - 5b8b357e-6f93-4947-883b-a4d8a2742106@group-E6C37EB65C07: changes role from  FOLLOWER to FOLLOWER at term 2 for candidate:bcfee08b-42a0-42f4-970e-f61215d4b324
2021-11-09 00:56:47,104 [grpc-default-executor-4] INFO  impl.RoleInfo (RoleInfo.java:shutdownFollowerState(108)) - 5b8b357e-6f93-4947-883b-a4d8a2742106: shutdown 5b8b357e-6f93-4947-883b-a4d8a2742106@group-E6C37EB65C07-FollowerState
2021-11-09 00:56:47,104 [grpc-default-executor-4] INFO  impl.RoleInfo (RoleInfo.java:updateAndGet(130)) - 5b8b357e-6f93-4947-883b-a4d8a2742106: start 5b8b357e-6f93-4947-883b-a4d8a2742106@group-E6C37EB65C07-FollowerState
2021-11-09 00:56:47,075 [grpc-default-executor-5] INFO  impl.VoteContext (VoteContext.java:log(48)) - c17442c2-57b8-4ea9-a6b0-3a357e556ad2@group-E6C37EB65C07-FOLLOWER: reject ELECTION from bcfee08b-42a0-42f4-970e-f61215d4b324: our priority 1 > candidate's priority 0
2021-11-09 00:56:47,104 [5b8b357e-6f93-4947-883b-a4d8a2742106@group-E6C37EB65C07-FollowerState] INFO  impl.FollowerState (FollowerState.java:run(143)) - 5b8b357e-6f93-4947-883b-a4d8a2742106@group-E6C37EB65C07-FollowerState was interrupted: {}
java.lang.InterruptedException: sleep interrupted
	at java.lang.Thread.sleep(Native Method)
	at java.lang.Thread.sleep(Thread.java:340)
	at java.util.concurrent.TimeUnit.sleep(TimeUnit.java:386)
	at org.apache.ratis.util.TimeDuration.sleep(TimeDuration.java:324)
	at org.apache.ratis.util.TimeDuration.sleep(TimeDuration.java:309)
	at org.apache.ratis.server.impl.FollowerState.run(FollowerState.java:118)
2021-11-09 00:56:47,104 [grpc-default-executor-5] INFO  server.RaftServer$Division (RaftServerImpl.java:setRole(290)) - c17442c2-57b8-4ea9-a6b0-3a357e556ad2@group-E6C37EB65C07: changes role from  FOLLOWER to FOLLOWER at term 2 for candidate:bcfee08b-42a0-42f4-970e-f61215d4b324
2021-11-09 00:56:47,105 [grpc-default-executor-5] INFO  impl.RoleInfo (RoleInfo.java:shutdownFollowerState(108)) - c17442c2-57b8-4ea9-a6b0-3a357e556ad2: shutdown c17442c2-57b8-4ea9-a6b0-3a357e556ad2@group-E6C37EB65C07-FollowerState
2021-11-09 00:56:47,106 [grpc-default-executor-5] INFO  impl.RoleInfo (RoleInfo.java:updateAndGet(130)) - c17442c2-57b8-4ea9-a6b0-3a357e556ad2: start c17442c2-57b8-4ea9-a6b0-3a357e556ad2@group-E6C37EB65C07-FollowerState
2021-11-09 00:56:47,106 [c17442c2-57b8-4ea9-a6b0-3a357e556ad2@group-E6C37EB65C07-FollowerState] INFO  impl.FollowerState (FollowerState.java:run(143)) - c17442c2-57b8-4ea9-a6b0-3a357e556ad2@group-E6C37EB65C07-FollowerState was interrupted: {}
java.lang.InterruptedException: sleep interrupted
	at java.lang.Thread.sleep(Native Method)
	at java.lang.Thread.sleep(Thread.java:340)
	at java.util.concurrent.TimeUnit.sleep(TimeUnit.java:386)
	at org.apache.ratis.util.TimeDuration.sleep(TimeDuration.java:324)
	at org.apache.ratis.util.TimeDuration.sleep(TimeDuration.java:309)
	at org.apache.ratis.server.impl.FollowerState.run(FollowerState.java:118)
2021-11-09 00:56:47,107 [grpc-default-executor-4] INFO  server.RaftServer$Division (RaftServerImpl.java:requestVote(1078)) - 5b8b357e-6f93-4947-883b-a4d8a2742106@group-E6C37EB65C07 replies to ELECTION vote request: bcfee08b-42a0-42f4-970e-f61215d4b324<-5b8b357e-6f93-4947-883b-a4d8a2742106#0:OK-t2. Peer's state: 5b8b357e-6f93-4947-883b-a4d8a2742106@group-E6C37EB65C07:t2, leader=null, voted=bcfee08b-42a0-42f4-970e-f61215d4b324, raftlog=5b8b357e-6f93-4947-883b-a4d8a2742106@group-E6C37EB65C07-SegmentedRaftLog:OPENED:c-1, conf=-1: [bcfee08b-42a0-42f4-970e-f61215d4b324|rpc:10.1.0.58:34235|dataStream:|priority:0, c17442c2-57b8-4ea9-a6b0-3a357e556ad2|rpc:10.1.0.58:33767|dataStream:|priority:1, 5b8b357e-6f93-4947-883b-a4d8a2742106|rpc:10.1.0.58:46289|dataStream:|priority:0], old=null
2021-11-09 00:56:47,112 [grpc-default-executor-5] INFO  server.RaftServer$Division (RaftServerImpl.java:requestVote(1078)) - c17442c2-57b8-4ea9-a6b0-3a357e556ad2@group-E6C37EB65C07 replies to ELECTION vote request: bcfee08b-42a0-42f4-970e-f61215d4b324<-c17442c2-57b8-4ea9-a6b0-3a357e556ad2#0:FAIL-t2. Peer's state: c17442c2-57b8-4ea9-a6b0-3a357e556ad2@group-E6C37EB65C07:t2, leader=null, voted=null, raftlog=c17442c2-57b8-4ea9-a6b0-3a357e556ad2@group-E6C37EB65C07-SegmentedRaftLog:OPENED:c-1, conf=-1: [bcfee08b-42a0-42f4-970e-f61215d4b324|rpc:10.1.0.58:34235|dataStream:|priority:0, c17442c2-57b8-4ea9-a6b0-3a357e556ad2|rpc:10.1.0.58:33767|dataStream:|priority:1, 5b8b357e-6f93-4947-883b-a4d8a2742106|rpc:10.1.0.58:46289|dataStream:|priority:0], old=null
2021-11-09 00:56:47,113 [bcfee08b-42a0-42f4-970e-f61215d4b324@group-E6C37EB65C07-LeaderElection89] INFO  impl.LeaderElection (LeaderElection.java:logAndReturn(89)) - bcfee08b-42a0-42f4-970e-f61215d4b324@group-E6C37EB65C07-LeaderElection89: ELECTION REJECTED received 2 response(s) and 0 exception(s):
2021-11-09 00:56:47,113 [bcfee08b-42a0-42f4-970e-f61215d4b324@group-E6C37EB65C07-LeaderElection89] INFO  impl.LeaderElection (LeaderElection.java:logAndReturn(93)) -   Response 0: bcfee08b-42a0-42f4-970e-f61215d4b324<-c17442c2-57b8-4ea9-a6b0-3a357e556ad2#0:FAIL-t2
2021-11-09 00:56:47,113 [bcfee08b-42a0-42f4-970e-f61215d4b324@group-E6C37EB65C07-LeaderElection89] INFO  impl.LeaderElection (LeaderElection.java:logAndReturn(93)) -   Response 1: bcfee08b-42a0-42f4-970e-f61215d4b324<-5b8b357e-6f93-4947-883b-a4d8a2742106#0:OK-t2
2021-11-09 00:56:47,113 [bcfee08b-42a0-42f4-970e-f61215d4b324@group-E6C37EB65C07-LeaderElection89] INFO  impl.LeaderElection (LeaderElection.java:askForVotes(308)) - bcfee08b-42a0-42f4-970e-f61215d4b324@group-E6C37EB65C07-LeaderElection89 ELECTION round 0: result REJECTED
2021-11-09 00:56:47,113 [bcfee08b-42a0-42f4-970e-f61215d4b324@group-E6C37EB65C07-LeaderElection89] INFO  server.RaftServer$Division (RaftServerImpl.java:setRole(290)) - bcfee08b-42a0-42f4-970e-f61215d4b324@group-E6C37EB65C07: changes role from CANDIDATE to FOLLOWER at term 2 for REJECTED
2021-11-09 00:56:47,113 [bcfee08b-42a0-42f4-970e-f61215d4b324@group-E6C37EB65C07-LeaderElection89] INFO  impl.RoleInfo (RoleInfo.java:shutdownLeaderElection(121)) - bcfee08b-42a0-42f4-970e-f61215d4b324: shutdown bcfee08b-42a0-42f4-970e-f61215d4b324@group-E6C37EB65C07-LeaderElection89
2021-11-09 00:56:47,113 [bcfee08b-42a0-42f4-970e-f61215d4b324@group-E6C37EB65C07-LeaderElection89] INFO  impl.RoleInfo (RoleInfo.java:updateAndGet(130)) - bcfee08b-42a0-42f4-970e-f61215d4b324: start bcfee08b-42a0-42f4-970e-f61215d4b324@group-E6C37EB65C07-FollowerState
2021-11-09 00:56:52,159 [c17442c2-57b8-4ea9-a6b0-3a357e556ad2@group-E6C37EB65C07-FollowerState] INFO  impl.FollowerState (FollowerState.java:run(134)) - c17442c2-57b8-4ea9-a6b0-3a357e556ad2@group-E6C37EB65C07-FollowerState: change to CANDIDATE, lastRpcElapsedTime:5053538828ns, electionTimeout:5040ms
2021-11-09 00:56:52,159 [c17442c2-57b8-4ea9-a6b0-3a357e556ad2@group-E6C37EB65C07-FollowerState] INFO  impl.RoleInfo (RoleInfo.java:shutdownFollowerState(108)) - c17442c2-57b8-4ea9-a6b0-3a357e556ad2: shutdown c17442c2-57b8-4ea9-a6b0-3a357e556ad2@group-E6C37EB65C07-FollowerState
2021-11-09 00:56:52,159 [c17442c2-57b8-4ea9-a6b0-3a357e556ad2@group-E6C37EB65C07-FollowerState] INFO  server.RaftServer$Division (RaftServerImpl.java:setRole(290)) - c17442c2-57b8-4ea9-a6b0-3a357e556ad2@group-E6C37EB65C07: changes role from  FOLLOWER to CANDIDATE at term 2 for changeToCandidate
2021-11-09 00:56:52,160 [c17442c2-57b8-4ea9-a6b0-3a357e556ad2@group-E6C37EB65C07-FollowerState] INFO  server.RaftServerConfigKeys (ConfUtils.java:logGet(44)) - raft.server.leaderelection.pre-vote = false (custom)
2021-11-09 00:56:52,160 [c17442c2-57b8-4ea9-a6b0-3a357e556ad2@group-E6C37EB65C07-FollowerState] INFO  impl.RoleInfo (RoleInfo.java:updateAndGet(130)) - c17442c2-57b8-4ea9-a6b0-3a357e556ad2: start c17442c2-57b8-4ea9-a6b0-3a357e556ad2@group-E6C37EB65C07-LeaderElection90
2021-11-09 00:56:52,171 [c17442c2-57b8-4ea9-a6b0-3a357e556ad2@group-E6C37EB65C07-LeaderElection90] INFO  impl.LeaderElection (LeaderElection.java:askForVotes(306)) - c17442c2-57b8-4ea9-a6b0-3a357e556ad2@group-E6C37EB65C07-LeaderElection90 ELECTION round 0: submit vote requests at term 3 for -1: [bcfee08b-42a0-42f4-970e-f61215d4b324|rpc:10.1.0.58:34235|dataStream:|priority:0, c17442c2-57b8-4ea9-a6b0-3a357e556ad2|rpc:10.1.0.58:33767|dataStream:|priority:1, 5b8b357e-6f93-4947-883b-a4d8a2742106|rpc:10.1.0.58:46289|dataStream:|priority:0], old=null
2021-11-09 00:56:52,204 [bcfee08b-42a0-42f4-970e-f61215d4b324@group-E6C37EB65C07-FollowerState] INFO  impl.FollowerState (FollowerState.java:run(134)) - bcfee08b-42a0-42f4-970e-f61215d4b324@group-E6C37EB65C07-FollowerState: change to CANDIDATE, lastRpcElapsedTime:5090557206ns, electionTimeout:5082ms
2021-11-09 00:56:52,204 [bcfee08b-42a0-42f4-970e-f61215d4b324@group-E6C37EB65C07-FollowerState] INFO  impl.RoleInfo (RoleInfo.java:shutdownFollowerState(108)) - bcfee08b-42a0-42f4-970e-f61215d4b324: shutdown bcfee08b-42a0-42f4-970e-f61215d4b324@group-E6C37EB65C07-FollowerState
2021-11-09 00:56:52,204 [bcfee08b-42a0-42f4-970e-f61215d4b324@group-E6C37EB65C07-FollowerState] INFO  server.RaftServer$Division (RaftServerImpl.java:setRole(290)) - bcfee08b-42a0-42f4-970e-f61215d4b324@group-E6C37EB65C07: changes role from  FOLLOWER to CANDIDATE at term 2 for changeToCandidate
2021-11-09 00:56:52,204 [bcfee08b-42a0-42f4-970e-f61215d4b324@group-E6C37EB65C07-FollowerState] INFO  server.RaftServerConfigKeys (ConfUtils.java:logGet(44)) - raft.server.leaderelection.pre-vote = false (custom)
2021-11-09 00:56:52,204 [bcfee08b-42a0-42f4-970e-f61215d4b324@group-E6C37EB65C07-FollowerState] INFO  impl.RoleInfo (RoleInfo.java:updateAndGet(130)) - bcfee08b-42a0-42f4-970e-f61215d4b324: start bcfee08b-42a0-42f4-970e-f61215d4b324@group-E6C37EB65C07-LeaderElection91
2021-11-09 00:56:52,227 [grpc-default-executor-4] INFO  server.RaftServer$Division (RaftServerImpl.java:requestVote(1046)) - bcfee08b-42a0-42f4-970e-f61215d4b324@group-E6C37EB65C07: receive requestVote(ELECTION, c17442c2-57b8-4ea9-a6b0-3a357e556ad2, group-E6C37EB65C07, 3, (t:0, i:0))
2021-11-09 00:56:52,235 [grpc-default-executor-0] INFO  server.RaftServer$Division (RaftServerImpl.java:requestVote(1046)) - 5b8b357e-6f93-4947-883b-a4d8a2742106@group-E6C37EB65C07: receive requestVote(ELECTION, c17442c2-57b8-4ea9-a6b0-3a357e556ad2, group-E6C37EB65C07, 3, (t:0, i:0))
2021-11-09 00:56:52,235 [grpc-default-executor-0] INFO  impl.VoteContext (VoteContext.java:log(48)) - 5b8b357e-6f93-4947-883b-a4d8a2742106@group-E6C37EB65C07-FOLLOWER: accept ELECTION from c17442c2-57b8-4ea9-a6b0-3a357e556ad2: our priority 0 <= candidate's priority 1
2021-11-09 00:56:52,236 [grpc-default-executor-0] INFO  server.RaftServer$Division (RaftServerImpl.java:setRole(290)) - 5b8b357e-6f93-4947-883b-a4d8a2742106@group-E6C37EB65C07: changes role from  FOLLOWER to FOLLOWER at term 3 for candidate:c17442c2-57b8-4ea9-a6b0-3a357e556ad2
2021-11-09 00:56:52,236 [grpc-default-executor-0] INFO  impl.RoleInfo (RoleInfo.java:shutdownFollowerState(108)) - 5b8b357e-6f93-4947-883b-a4d8a2742106: shutdown 5b8b357e-6f93-4947-883b-a4d8a2742106@group-E6C37EB65C07-FollowerState
2021-11-09 00:56:52,236 [grpc-default-executor-0] INFO  impl.RoleInfo (RoleInfo.java:updateAndGet(130)) - 5b8b357e-6f93-4947-883b-a4d8a2742106: start 5b8b357e-6f93-4947-883b-a4d8a2742106@group-E6C37EB65C07-FollowerState
2021-11-09 00:56:52,236 [5b8b357e-6f93-4947-883b-a4d8a2742106@group-E6C37EB65C07-FollowerState] INFO  impl.FollowerState (FollowerState.java:run(143)) - 5b8b357e-6f93-4947-883b-a4d8a2742106@group-E6C37EB65C07-FollowerState was interrupted: {}
java.lang.InterruptedException: sleep interrupted
	at java.lang.Thread.sleep(Native Method)
	at java.lang.Thread.sleep(Thread.java:340)
	at java.util.concurrent.TimeUnit.sleep(TimeUnit.java:386)
	at org.apache.ratis.util.TimeDuration.sleep(TimeDuration.java:324)
	at org.apache.ratis.util.TimeDuration.sleep(TimeDuration.java:309)
	at org.apache.ratis.server.impl.FollowerState.run(FollowerState.java:118)
2021-11-09 00:56:52,249 [grpc-default-executor-0] INFO  server.RaftServer$Division (RaftServerImpl.java:requestVote(1078)) - 5b8b357e-6f93-4947-883b-a4d8a2742106@group-E6C37EB65C07 replies to ELECTION vote request: c17442c2-57b8-4ea9-a6b0-3a357e556ad2<-5b8b357e-6f93-4947-883b-a4d8a2742106#0:OK-t3. Peer's state: 5b8b357e-6f93-4947-883b-a4d8a2742106@group-E6C37EB65C07:t3, leader=null, voted=c17442c2-57b8-4ea9-a6b0-3a357e556ad2, raftlog=5b8b357e-6f93-4947-883b-a4d8a2742106@group-E6C37EB65C07-SegmentedRaftLog:OPENED:c-1, conf=-1: [bcfee08b-42a0-42f4-970e-f61215d4b324|rpc:10.1.0.58:34235|dataStream:|priority:0, c17442c2-57b8-4ea9-a6b0-3a357e556ad2|rpc:10.1.0.58:33767|dataStream:|priority:1, 5b8b357e-6f93-4947-883b-a4d8a2742106|rpc:10.1.0.58:46289|dataStream:|priority:0], old=null
2021-11-09 00:56:52,271 [bcfee08b-42a0-42f4-970e-f61215d4b324@group-E6C37EB65C07-LeaderElection91] INFO  impl.LeaderElection (LeaderElection.java:askForVotes(306)) - bcfee08b-42a0-42f4-970e-f61215d4b324@group-E6C37EB65C07-LeaderElection91 ELECTION round 0: submit vote requests at term 3 for -1: [bcfee08b-42a0-42f4-970e-f61215d4b324|rpc:10.1.0.58:34235|priority:0, c17442c2-57b8-4ea9-a6b0-3a357e556ad2|rpc:10.1.0.58:33767|priority:1, 5b8b357e-6f93-4947-883b-a4d8a2742106|rpc:10.1.0.58:46289|priority:0], old=null
2021-11-09 00:56:52,272 [grpc-default-executor-4] INFO  impl.VoteContext (VoteContext.java:log(48)) - bcfee08b-42a0-42f4-970e-f61215d4b324@group-E6C37EB65C07-CANDIDATE: reject ELECTION from c17442c2-57b8-4ea9-a6b0-3a357e556ad2: already has voted for bcfee08b-42a0-42f4-970e-f61215d4b324 at current term 3
2021-11-09 00:56:52,272 [grpc-default-executor-4] INFO  server.RaftServer$Division (RaftServerImpl.java:requestVote(1078)) - bcfee08b-42a0-42f4-970e-f61215d4b324@group-E6C37EB65C07 replies to ELECTION vote request: c17442c2-57b8-4ea9-a6b0-3a357e556ad2<-bcfee08b-42a0-42f4-970e-f61215d4b324#0:FAIL-t3. Peer's state: bcfee08b-42a0-42f4-970e-f61215d4b324@group-E6C37EB65C07:t3, leader=null, voted=bcfee08b-42a0-42f4-970e-f61215d4b324, raftlog=bcfee08b-42a0-42f4-970e-f61215d4b324@group-E6C37EB65C07-SegmentedRaftLog:OPENED:c-1, conf=-1: [bcfee08b-42a0-42f4-970e-f61215d4b324|rpc:10.1.0.58:34235|priority:0, c17442c2-57b8-4ea9-a6b0-3a357e556ad2|rpc:10.1.0.58:33767|priority:1, 5b8b357e-6f93-4947-883b-a4d8a2742106|rpc:10.1.0.58:46289|priority:0], old=null
2021-11-09 00:56:52,278 [c17442c2-57b8-4ea9-a6b0-3a357e556ad2@group-E6C37EB65C07-LeaderElection90] INFO  impl.LeaderElection (LeaderElection.java:logAndReturn(89)) - c17442c2-57b8-4ea9-a6b0-3a357e556ad2@group-E6C37EB65C07-LeaderElection90: ELECTION PASSED received 1 response(s) and 0 exception(s):
2021-11-09 00:56:52,278 [c17442c2-57b8-4ea9-a6b0-3a357e556ad2@group-E6C37EB65C07-LeaderElection90] INFO  impl.LeaderElection (LeaderElection.java:logAndReturn(93)) -   Response 0: c17442c2-57b8-4ea9-a6b0-3a357e556ad2<-5b8b357e-6f93-4947-883b-a4d8a2742106#0:OK-t3
2021-11-09 00:56:52,278 [c17442c2-57b8-4ea9-a6b0-3a357e556ad2@group-E6C37EB65C07-LeaderElection90] INFO  impl.LeaderElection (LeaderElection.java:askForVotes(308)) - c17442c2-57b8-4ea9-a6b0-3a357e556ad2@group-E6C37EB65C07-LeaderElection90 ELECTION round 0: result PASSED
2021-11-09 00:56:52,278 [c17442c2-57b8-4ea9-a6b0-3a357e556ad2@group-E6C37EB65C07-LeaderElection90] INFO  impl.RoleInfo (RoleInfo.java:shutdownLeaderElection(121)) - c17442c2-57b8-4ea9-a6b0-3a357e556ad2: shutdown c17442c2-57b8-4ea9-a6b0-3a357e556ad2@group-E6C37EB65C07-LeaderElection90
2021-11-09 00:56:52,278 [c17442c2-57b8-4ea9-a6b0-3a357e556ad2@group-E6C37EB65C07-LeaderElection90] INFO  server.RaftServer$Division (RaftServerImpl.java:setRole(290)) - c17442c2-57b8-4ea9-a6b0-3a357e556ad2@group-E6C37EB65C07: changes role from CANDIDATE to LEADER at term 3 for changeToLeader
2021-11-09 00:56:52,278 [c17442c2-57b8-4ea9-a6b0-3a357e556ad2@group-E6C37EB65C07-LeaderElection90] INFO  ratis.XceiverServerRatis (XceiverServerRatis.java:handleLeaderChangedNotification(866)) - Leader change notification received for group: group-E6C37EB65C07 with new leaderId: c17442c2-57b8-4ea9-a6b0-3a357e556ad2
2021-11-09 00:56:52,278 [c17442c2-57b8-4ea9-a6b0-3a357e556ad2@group-E6C37EB65C07-LeaderElection90] INFO  server.RaftServer$Division (ServerState.java:setLeader(285)) - c17442c2-57b8-4ea9-a6b0-3a357e556ad2@group-E6C37EB65C07: change Leader from null to c17442c2-57b8-4ea9-a6b0-3a357e556ad2 at term 3 for becomeLeader, leader elected after 15609ms
2021-11-09 00:56:52,278 [c17442c2-57b8-4ea9-a6b0-3a357e556ad2@group-E6C37EB65C07-LeaderElection90] INFO  server.RaftServerConfigKeys (ConfUtils.java:logGet(44)) - raft.server.staging.catchup.gap = 1000 (default)
2021-11-09 00:56:52,278 [c17442c2-57b8-4ea9-a6b0-3a357e556ad2@group-E6C37EB65C07-LeaderElection90] INFO  server.RaftServerConfigKeys (ConfUtils.java:logGet(44)) - raft.server.write.element-limit = 1024 (custom)
2021-11-09 00:56:52,278 [c17442c2-57b8-4ea9-a6b0-3a357e556ad2@group-E6C37EB65C07-LeaderElection90] INFO  server.RaftServerConfigKeys (ConfUtils.java:logGet(44)) - raft.server.write.byte-limit = 1024 M (=1073741824) (custom)
2021-11-09 00:56:52,279 [c17442c2-57b8-4ea9-a6b0-3a357e556ad2@group-E6C37EB65C07-LeaderElection90] INFO  server.RaftServerConfigKeys (ConfUtils.java:logGet(44)) - raft.server.watch.timeout = 3000ms (custom)
2021-11-09 00:56:52,279 [c17442c2-57b8-4ea9-a6b0-3a357e556ad2@group-E6C37EB65C07-LeaderElection90] INFO  server.RaftServerConfigKeys (ConfUtils.java:logGet(44)) - raft.server.watch.timeout.denomination = 1s (default)
2021-11-09 00:56:52,279 [c17442c2-57b8-4ea9-a6b0-3a357e556ad2@group-E6C37EB65C07-LeaderElection90] INFO  server.RaftServerConfigKeys (ConfUtils.java:logGet(44)) - raft.server.watch.element-limit = 65536 (default)
2021-11-09 00:56:52,279 [c17442c2-57b8-4ea9-a6b0-3a357e556ad2@group-E6C37EB65C07-LeaderElection90] INFO  server.RaftServerConfigKeys (ConfUtils.java:logGet(44)) - raft.server.write.element-limit = 1024 (custom)
2021-11-09 00:56:52,279 [c17442c2-57b8-4ea9-a6b0-3a357e556ad2@group-E6C37EB65C07-LeaderElection90] INFO  server.RaftServerConfigKeys (ConfUtils.java:logGet(44)) - raft.server.write.follower.gap.ratio.max = -1.0 (default)
2021-11-09 00:56:52,279 [c17442c2-57b8-4ea9-a6b0-3a357e556ad2@group-E6C37EB65C07-LeaderElection90] INFO  server.RaftServerConfigKeys (ConfUtils.java:logGet(44)) - raft.server.log.appender.snapshot.chunk.size.max = 16MB (=16777216) (default)
2021-11-09 00:56:52,279 [c17442c2-57b8-4ea9-a6b0-3a357e556ad2@group-E6C37EB65C07-LeaderElection90] INFO  server.RaftServerConfigKeys (ConfUtils.java:logGet(44)) - raft.server.log.appender.buffer.byte-limit = 33554432 (custom)
2021-11-09 00:56:52,279 [c17442c2-57b8-4ea9-a6b0-3a357e556ad2@group-E6C37EB65C07-LeaderElection90] INFO  server.RaftServerConfigKeys (ConfUtils.java:logGet(44)) - raft.server.log.appender.buffer.element-limit = 1 (custom)
2021-11-09 00:56:52,279 [c17442c2-57b8-4ea9-a6b0-3a357e556ad2@group-E6C37EB65C07-LeaderElection90] INFO  grpc.GrpcConfigKeys (ConfUtils.java:logGet(44)) - raft.grpc.server.leader.outstanding.appends.max = 128 (default)
2021-11-09 00:56:52,279 [c17442c2-57b8-4ea9-a6b0-3a357e556ad2@group-E6C37EB65C07-LeaderElection90] INFO  server.RaftServerConfigKeys (ConfUtils.java:logGet(44)) - raft.server.rpc.request.timeout = 3000ms (default)
2021-11-09 00:56:52,279 [c17442c2-57b8-4ea9-a6b0-3a357e556ad2@group-E6C37EB65C07-LeaderElection90] INFO  server.RaftServerConfigKeys (ConfUtils.java:logGet(44)) - raft.server.log.appender.install.snapshot.enabled = false (custom)
2021-11-09 00:56:52,280 [c17442c2-57b8-4ea9-a6b0-3a357e556ad2@group-E6C37EB65C07-LeaderElection90] INFO  server.RaftServerConfigKeys (ConfUtils.java:logGet(44)) - raft.server.log.appender.snapshot.chunk.size.max = 16MB (=16777216) (default)
2021-11-09 00:56:52,281 [c17442c2-57b8-4ea9-a6b0-3a357e556ad2@group-E6C37EB65C07-LeaderElection90] INFO  server.RaftServerConfigKeys (ConfUtils.java:logGet(44)) - raft.server.log.appender.buffer.byte-limit = 33554432 (custom)
2021-11-09 00:56:52,281 [c17442c2-57b8-4ea9-a6b0-3a357e556ad2@group-E6C37EB65C07-LeaderElection90] INFO  server.RaftServerConfigKeys (ConfUtils.java:logGet(44)) - raft.server.log.appender.buffer.element-limit = 1 (custom)
2021-11-09 00:56:52,281 [c17442c2-57b8-4ea9-a6b0-3a357e556ad2@group-E6C37EB65C07-LeaderElection90] INFO  grpc.GrpcConfigKeys (ConfUtils.java:logGet(44)) - raft.grpc.server.leader.outstanding.appends.max = 128 (default)
2021-11-09 00:56:52,281 [c17442c2-57b8-4ea9-a6b0-3a357e556ad2@group-E6C37EB65C07-LeaderElection90] INFO  server.RaftServerConfigKeys (ConfUtils.java:logGet(44)) - raft.server.rpc.request.timeout = 3000ms (default)
2021-11-09 00:56:52,281 [c17442c2-57b8-4ea9-a6b0-3a357e556ad2@group-E6C37EB65C07-LeaderElection90] INFO  server.RaftServerConfigKeys (ConfUtils.java:logGet(44)) - raft.server.log.appender.install.snapshot.enabled = false (custom)
2021-11-09 00:56:52,281 [grpc-default-executor-4] INFO  server.RaftServer$Division (RaftServerImpl.java:requestVote(1046)) - c17442c2-57b8-4ea9-a6b0-3a357e556ad2@group-E6C37EB65C07: receive requestVote(ELECTION, bcfee08b-42a0-42f4-970e-f61215d4b324, group-E6C37EB65C07, 3, (t:0, i:0))
2021-11-09 00:56:52,282 [c17442c2-57b8-4ea9-a6b0-3a357e556ad2@group-E6C37EB65C07-LeaderElection90] INFO  impl.RoleInfo (RoleInfo.java:updateAndGet(130)) - c17442c2-57b8-4ea9-a6b0-3a357e556ad2: start c17442c2-57b8-4ea9-a6b0-3a357e556ad2@group-E6C37EB65C07-LeaderStateImpl
2021-11-09 00:56:52,284 [EventQueue-PipelineReportForPipelineReportHandler] INFO  pipeline.PipelineManagerImpl (PipelineManagerImpl.java:openPipeline(289)) - Pipeline Pipeline[ Id: 33dc0aea-e458-4224-86b0-e6c37eb65c07, Nodes: c17442c2-57b8-4ea9-a6b0-3a357e556ad2{ip: 10.1.0.58, host: fv-az294-841.eaanfquahm5ulb5tj050gcxych.jx.internal.cloudapp.net, ports: [REPLICATION=46747, RATIS=33767, RATIS_ADMIN=33767, RATIS_SERVER=33767, STANDALONE=35241], networkLocation: /default-rack, certSerialId: null, persistedOpState: IN_SERVICE, persistedOpStateExpiryEpochSec: 0}bcfee08b-42a0-42f4-970e-f61215d4b324{ip: 10.1.0.58, host: fv-az294-841.eaanfquahm5ulb5tj050gcxych.jx.internal.cloudapp.net, ports: [REPLICATION=34927, RATIS=34235, RATIS_ADMIN=34235, RATIS_SERVER=34235, STANDALONE=38335], networkLocation: /default-rack, certSerialId: null, persistedOpState: IN_SERVICE, persistedOpStateExpiryEpochSec: 0}5b8b357e-6f93-4947-883b-a4d8a2742106{ip: 10.1.0.58, host: fv-az294-841.eaanfquahm5ulb5tj050gcxych.jx.internal.cloudapp.net, ports: [REPLICATION=38571, RATIS=46289, RATIS_ADMIN=46289, RATIS_SERVER=46289, STANDALONE=44983], networkLocation: /default-rack, certSerialId: null, persistedOpState: IN_SERVICE, persistedOpStateExpiryEpochSec: 0}, ReplicationConfig: RATIS/THREE, State:ALLOCATED, leaderId:c17442c2-57b8-4ea9-a6b0-3a357e556ad2, CreationTimestamp2021-11-09T00:56:34.064Z[Etc/UTC]] moved to OPEN state
2021-11-09 00:56:52,284 [c17442c2-57b8-4ea9-a6b0-3a357e556ad2@group-E6C37EB65C07-LeaderElection90] INFO  segmented.SegmentedRaftLogWorker (SegmentedRaftLogWorker.java:startLogSegment(394)) - c17442c2-57b8-4ea9-a6b0-3a357e556ad2@group-E6C37EB65C07-SegmentedRaftLogWorker: Starting segment from index:0
2021-11-09 00:56:52,286 [c17442c2-57b8-4ea9-a6b0-3a357e556ad2@group-E6C37EB65C07-SegmentedRaftLogWorker] INFO  segmented.SegmentedRaftLogWorker (SegmentedRaftLogWorker.java:execute(601)) - c17442c2-57b8-4ea9-a6b0-3a357e556ad2@group-E6C37EB65C07-SegmentedRaftLogWorker: created new log segment /home/runner/work/ozone/ozone/hadoop-ozone/integration-test/target/test-dir/MiniOzoneClusterImpl-cebd3685-2b3d-4639-9f0f-41911e64574b/datanode-5/data/ratis/33dc0aea-e458-4224-86b0-e6c37eb65c07/current/log_inprogress_0
2021-11-09 00:56:52,290 [grpc-default-executor-0] INFO  server.RaftServer$Division (RaftServerImpl.java:requestVote(1046)) - 5b8b357e-6f93-4947-883b-a4d8a2742106@group-E6C37EB65C07: receive requestVote(ELECTION, bcfee08b-42a0-42f4-970e-f61215d4b324, group-E6C37EB65C07, 3, (t:0, i:0))
2021-11-09 00:56:52,290 [grpc-default-executor-0] INFO  impl.VoteContext (VoteContext.java:log(48)) - 5b8b357e-6f93-4947-883b-a4d8a2742106@group-E6C37EB65C07-FOLLOWER: reject ELECTION from bcfee08b-42a0-42f4-970e-f61215d4b324: already has voted for c17442c2-57b8-4ea9-a6b0-3a357e556ad2 at current term 3
2021-11-09 00:56:52,291 [grpc-default-executor-0] INFO  server.RaftServer$Division (RaftServerImpl.java:requestVote(1078)) - 5b8b357e-6f93-4947-883b-a4d8a2742106@group-E6C37EB65C07 replies to ELECTION vote request: bcfee08b-42a0-42f4-970e-f61215d4b324<-5b8b357e-6f93-4947-883b-a4d8a2742106#0:FAIL-t3. Peer's state: 5b8b357e-6f93-4947-883b-a4d8a2742106@group-E6C37EB65C07:t3, leader=null, voted=c17442c2-57b8-4ea9-a6b0-3a357e556ad2, raftlog=5b8b357e-6f93-4947-883b-a4d8a2742106@group-E6C37EB65C07-SegmentedRaftLog:OPENED:c-1, conf=-1: [bcfee08b-42a0-42f4-970e-f61215d4b324|rpc:10.1.0.58:34235|dataStream:|priority:0, c17442c2-57b8-4ea9-a6b0-3a357e556ad2|rpc:10.1.0.58:33767|dataStream:|priority:1, 5b8b357e-6f93-4947-883b-a4d8a2742106|rpc:10.1.0.58:46289|dataStream:|priority:0], old=null
2021-11-09 00:56:52,312 [grpc-default-executor-0] INFO  ratis.XceiverServerRatis (XceiverServerRatis.java:handleLeaderChangedNotification(866)) - Leader change notification received for group: group-E6C37EB65C07 with new leaderId: c17442c2-57b8-4ea9-a6b0-3a357e556ad2
2021-11-09 00:56:52,312 [grpc-default-executor-0] INFO  server.RaftServer$Division (ServerState.java:setLeader(285)) - 5b8b357e-6f93-4947-883b-a4d8a2742106@group-E6C37EB65C07: change Leader from null to c17442c2-57b8-4ea9-a6b0-3a357e556ad2 at term 3 for appendEntries, leader elected after 15586ms
2021-11-09 00:56:52,338 [c17442c2-57b8-4ea9-a6b0-3a357e556ad2@group-E6C37EB65C07-LeaderElection90] INFO  server.RaftServer$Division (ServerState.java:setRaftConf(387)) - c17442c2-57b8-4ea9-a6b0-3a357e556ad2@group-E6C37EB65C07: set configuration 0: [bcfee08b-42a0-42f4-970e-f61215d4b324|rpc:10.1.0.58:34235|dataStream:|priority:0, c17442c2-57b8-4ea9-a6b0-3a357e556ad2|rpc:10.1.0.58:33767|dataStream:|priority:1, 5b8b357e-6f93-4947-883b-a4d8a2742106|rpc:10.1.0.58:46289|dataStream:|priority:0], old=null
2021-11-09 00:56:52,339 [grpc-default-executor-0] INFO  server.RaftServer$Division (ServerState.java:setRaftConf(387)) - 5b8b357e-6f93-4947-883b-a4d8a2742106@group-E6C37EB65C07: set configuration 0: [bcfee08b-42a0-42f4-970e-f61215d4b324|rpc:10.1.0.58:34235|dataStream:|priority:0, c17442c2-57b8-4ea9-a6b0-3a357e556ad2|rpc:10.1.0.58:33767|dataStream:|priority:1, 5b8b357e-6f93-4947-883b-a4d8a2742106|rpc:10.1.0.58:46289|dataStream:|priority:0], old=null
2021-11-09 00:56:52,339 [grpc-default-executor-0] INFO  segmented.SegmentedRaftLogWorker (SegmentedRaftLogWorker.java:startLogSegment(394)) - 5b8b357e-6f93-4947-883b-a4d8a2742106@group-E6C37EB65C07-SegmentedRaftLogWorker: Starting segment from index:0
2021-11-09 00:56:52,366 [grpc-default-executor-4] INFO  impl.VoteContext (VoteContext.java:log(48)) - c17442c2-57b8-4ea9-a6b0-3a357e556ad2@group-E6C37EB65C07-LEADER: reject ELECTION from bcfee08b-42a0-42f4-970e-f61215d4b324: already has voted for c17442c2-57b8-4ea9-a6b0-3a357e556ad2 at current term 3
2021-11-09 00:56:52,367 [grpc-default-executor-4] INFO  server.RaftServer$Division (RaftServerImpl.java:requestVote(1078)) - c17442c2-57b8-4ea9-a6b0-3a357e556ad2@group-E6C37EB65C07 replies to ELECTION vote request: bcfee08b-42a0-42f4-970e-f61215d4b324<-c17442c2-57b8-4ea9-a6b0-3a357e556ad2#0:FAIL-t3. Peer's state: c17442c2-57b8-4ea9-a6b0-3a357e556ad2@group-E6C37EB65C07:t3, leader=c17442c2-57b8-4ea9-a6b0-3a357e556ad2, voted=c17442c2-57b8-4ea9-a6b0-3a357e556ad2, raftlog=c17442c2-57b8-4ea9-a6b0-3a357e556ad2@group-E6C37EB65C07-SegmentedRaftLog:OPENED:c0, conf=0: [bcfee08b-42a0-42f4-970e-f61215d4b324|rpc:10.1.0.58:34235|dataStream:|priority:0, c17442c2-57b8-4ea9-a6b0-3a357e556ad2|rpc:10.1.0.58:33767|dataStream:|priority:1, 5b8b357e-6f93-4947-883b-a4d8a2742106|rpc:10.1.0.58:46289|dataStream:|priority:0], old=null
2021-11-09 00:56:52,369 [bcfee08b-42a0-42f4-970e-f61215d4b324@group-E6C37EB65C07-LeaderElection91] INFO  impl.LeaderElection (LeaderElection.java:logAndReturn(89)) - bcfee08b-42a0-42f4-970e-f61215d4b324@group-E6C37EB65C07-LeaderElection91: ELECTION REJECTED received 2 response(s) and 0 exception(s):
2021-11-09 00:56:52,369 [bcfee08b-42a0-42f4-970e-f61215d4b324@group-E6C37EB65C07-LeaderElection91] INFO  impl.LeaderElection (LeaderElection.java:logAndReturn(93)) -   Response 0: bcfee08b-42a0-42f4-970e-f61215d4b324<-c17442c2-57b8-4ea9-a6b0-3a357e556ad2#0:FAIL-t3
2021-11-09 00:56:52,369 [bcfee08b-42a0-42f4-970e-f61215d4b324@group-E6C37EB65C07-LeaderElection91] INFO  impl.LeaderElection (LeaderElection.java:logAndReturn(93)) -   Response 1: bcfee08b-42a0-42f4-970e-f61215d4b324<-5b8b357e-6f93-4947-883b-a4d8a2742106#0:FAIL-t3
2021-11-09 00:56:52,369 [bcfee08b-42a0-42f4-970e-f61215d4b324@group-E6C37EB65C07-LeaderElection91] INFO  impl.LeaderElection (LeaderElection.java:askForVotes(308)) - bcfee08b-42a0-42f4-970e-f61215d4b324@group-E6C37EB65C07-LeaderElection91 ELECTION round 0: result REJECTED
2021-11-09 00:56:52,369 [bcfee08b-42a0-42f4-970e-f61215d4b324@group-E6C37EB65C07-LeaderElection91] INFO  server.RaftServer$Division (RaftServerImpl.java:setRole(290)) - bcfee08b-42a0-42f4-970e-f61215d4b324@group-E6C37EB65C07: changes role from CANDIDATE to FOLLOWER at term 3 for REJECTED
2021-11-09 00:56:52,369 [bcfee08b-42a0-42f4-970e-f61215d4b324@group-E6C37EB65C07-LeaderElection91] INFO  impl.RoleInfo (RoleInfo.java:shutdownLeaderElection(121)) - bcfee08b-42a0-42f4-970e-f61215d4b324: shutdown bcfee08b-42a0-42f4-970e-f61215d4b324@group-E6C37EB65C07-LeaderElection91
2021-11-09 00:56:52,369 [bcfee08b-42a0-42f4-970e-f61215d4b324@group-E6C37EB65C07-LeaderElection91] INFO  impl.RoleInfo (RoleInfo.java:updateAndGet(130)) - bcfee08b-42a0-42f4-970e-f61215d4b324: start bcfee08b-42a0-42f4-970e-f61215d4b324@group-E6C37EB65C07-FollowerState
2021-11-09 00:56:52,378 [grpc-default-executor-4] INFO  ratis.XceiverServerRatis (XceiverServerRatis.java:handleLeaderChangedNotification(866)) - Leader change notification received for group: group-E6C37EB65C07 with new leaderId: c17442c2-57b8-4ea9-a6b0-3a357e556ad2
2021-11-09 00:56:52,378 [grpc-default-executor-4] INFO  server.RaftServer$Division (ServerState.java:setLeader(285)) - bcfee08b-42a0-42f4-970e-f61215d4b324@group-E6C37EB65C07: change Leader from null to c17442c2-57b8-4ea9-a6b0-3a357e556ad2 at term 3 for appendEntries, leader elected after 15799ms
2021-11-09 00:56:52,378 [5b8b357e-6f93-4947-883b-a4d8a2742106@group-E6C37EB65C07-SegmentedRaftLogWorker] INFO  segmented.SegmentedRaftLogWorker (SegmentedRaftLogWorker.java:execute(601)) - 5b8b357e-6f93-4947-883b-a4d8a2742106@group-E6C37EB65C07-SegmentedRaftLogWorker: created new log segment /home/runner/work/ozone/ozone/hadoop-ozone/integration-test/target/test-dir/MiniOzoneClusterImpl-cebd3685-2b3d-4639-9f0f-41911e64574b/datanode-3/data/ratis/33dc0aea-e458-4224-86b0-e6c37eb65c07/current/log_inprogress_0
2021-11-09 00:56:52,383 [grpc-default-executor-4] INFO  server.RaftServer$Division (ServerState.java:setRaftConf(387)) - bcfee08b-42a0-42f4-970e-f61215d4b324@group-E6C37EB65C07: set configuration 0: [bcfee08b-42a0-42f4-970e-f61215d4b324|rpc:10.1.0.58:34235|dataStream:|priority:0, c17442c2-57b8-4ea9-a6b0-3a357e556ad2|rpc:10.1.0.58:33767|dataStream:|priority:1, 5b8b357e-6f93-4947-883b-a4d8a2742106|rpc:10.1.0.58:46289|dataStream:|priority:0], old=null
2021-11-09 00:56:52,384 [grpc-default-executor-4] INFO  segmented.SegmentedRaftLogWorker (SegmentedRaftLogWorker.java:startLogSegment(394)) - bcfee08b-42a0-42f4-970e-f61215d4b324@group-E6C37EB65C07-SegmentedRaftLogWorker: Starting segment from index:0
2021-11-09 00:56:52,393 [bcfee08b-42a0-42f4-970e-f61215d4b324@group-E6C37EB65C07-SegmentedRaftLogWorker] INFO  segmented.SegmentedRaftLogWorker (SegmentedRaftLogWorker.java:execute(601)) - bcfee08b-42a0-42f4-970e-f61215d4b324@group-E6C37EB65C07-SegmentedRaftLogWorker: created new log segment /home/runner/work/ozone/ozone/hadoop-ozone/integration-test/target/test-dir/MiniOzoneClusterImpl-cebd3685-2b3d-4639-9f0f-41911e64574b/datanode-4/data/ratis/33dc0aea-e458-4224-86b0-e6c37eb65c07/current/log_inprogress_0
2021-11-09 00:56:53,911 [Listener at 127.0.0.1/34135] INFO  ozoneimpl.OzoneContainer (OzoneContainer.java:stop(325)) - Attempting to stop container services.
2021-11-09 00:56:53,911 [Listener at 127.0.0.1/34135] INFO  server.RaftServer (RaftServerProxy.java:lambda$close$6(391)) - 43136673-c093-486b-8a61-55aa3fed1341: close
2021-11-09 00:56:53,912 [Listener at 127.0.0.1/34135] INFO  server.RaftServer$Division (RaftServerImpl.java:lambda$close$4(412)) - 43136673-c093-486b-8a61-55aa3fed1341@group-43749416088D: shutdown
2021-11-09 00:56:53,912 [ForkJoinPool.commonPool-worker-0] INFO  server.RaftServer$Division (RaftServerImpl.java:lambda$close$4(412)) - 43136673-c093-486b-8a61-55aa3fed1341@group-0CA9B148280F: shutdown
2021-11-09 00:56:53,912 [ForkJoinPool.commonPool-worker-0] INFO  util.JmxRegister (JmxRegister.java:unregister(73)) - Successfully un-registered JMX Bean with object name Ratis:service=RaftServer,group=group-0CA9B148280F,id=43136673-c093-486b-8a61-55aa3fed1341
2021-11-09 00:56:53,912 [ForkJoinPool.commonPool-worker-0] INFO  impl.RoleInfo (RoleInfo.java:shutdownFollowerState(108)) - 43136673-c093-486b-8a61-55aa3fed1341: shutdown 43136673-c093-486b-8a61-55aa3fed1341@group-0CA9B148280F-FollowerState
2021-11-09 00:56:53,912 [ForkJoinPool.commonPool-worker-0] INFO  impl.StateMachineUpdater (StateMachineUpdater.java:stopAndJoin(149)) - 43136673-c093-486b-8a61-55aa3fed1341@group-0CA9B148280F-StateMachineUpdater: set stopIndex = 0
2021-11-09 00:56:53,912 [43136673-c093-486b-8a61-55aa3fed1341@group-0CA9B148280F-FollowerState] INFO  impl.FollowerState (FollowerState.java:run(143)) - 43136673-c093-486b-8a61-55aa3fed1341@group-0CA9B148280F-FollowerState was interrupted: {}
java.lang.InterruptedException: sleep interrupted
	at java.lang.Thread.sleep(Native Method)
	at java.lang.Thread.sleep(Thread.java:340)
	at java.util.concurrent.TimeUnit.sleep(TimeUnit.java:386)
	at org.apache.ratis.util.TimeDuration.sleep(TimeDuration.java:324)
	at org.apache.ratis.util.TimeDuration.sleep(TimeDuration.java:309)
	at org.apache.ratis.server.impl.FollowerState.run(FollowerState.java:118)
2021-11-09 00:56:53,913 [43136673-c093-486b-8a61-55aa3fed1341@group-0CA9B148280F-StateMachineUpdater] INFO  ratis.ContainerStateMachine (ContainerStateMachine.java:takeSnapshot(292)) - group-0CA9B148280F: Taking a snapshot at:(t:1, i:0) file /home/runner/work/ozone/ozone/hadoop-ozone/integration-test/target/test-dir/MiniOzoneClusterImpl-cebd3685-2b3d-4639-9f0f-41911e64574b/datanode-2/data/ratis/0db9cd4f-359d-47fc-b6d2-0ca9b148280f/sm/snapshot.1_0
2021-11-09 00:56:53,912 [Listener at 127.0.0.1/34135] INFO  util.JmxRegister (JmxRegister.java:unregister(73)) - Successfully un-registered JMX Bean with object name Ratis:service=RaftServer,group=group-43749416088D,id=43136673-c093-486b-8a61-55aa3fed1341
2021-11-09 00:56:53,913 [Listener at 127.0.0.1/34135] INFO  impl.RoleInfo (RoleInfo.java:shutdownFollowerState(108)) - 43136673-c093-486b-8a61-55aa3fed1341: shutdown 43136673-c093-486b-8a61-55aa3fed1341@group-43749416088D-FollowerState
2021-11-09 00:56:53,913 [Listener at 127.0.0.1/34135] INFO  impl.StateMachineUpdater (StateMachineUpdater.java:stopAndJoin(149)) - 43136673-c093-486b-8a61-55aa3fed1341@group-43749416088D-StateMachineUpdater: set stopIndex = 0
2021-11-09 00:56:53,913 [43136673-c093-486b-8a61-55aa3fed1341@group-43749416088D-FollowerState] INFO  impl.FollowerState (FollowerState.java:run(143)) - 43136673-c093-486b-8a61-55aa3fed1341@group-43749416088D-FollowerState was interrupted: {}
java.lang.InterruptedException: sleep interrupted
	at java.lang.Thread.sleep(Native Method)
	at java.lang.Thread.sleep(Thread.java:340)
	at java.util.concurrent.TimeUnit.sleep(TimeUnit.java:386)
	at org.apache.ratis.util.TimeDuration.sleep(TimeDuration.java:324)
	at org.apache.ratis.util.TimeDuration.sleep(TimeDuration.java:309)
	at org.apache.ratis.server.impl.FollowerState.run(FollowerState.java:118)
2021-11-09 00:56:53,913 [43136673-c093-486b-8a61-55aa3fed1341@group-43749416088D-StateMachineUpdater] INFO  ratis.ContainerStateMachine (ContainerStateMachine.java:takeSnapshot(292)) - group-43749416088D: Taking a snapshot at:(t:1, i:0) file /home/runner/work/ozone/ozone/hadoop-ozone/integration-test/target/test-dir/MiniOzoneClusterImpl-cebd3685-2b3d-4639-9f0f-41911e64574b/datanode-2/data/ratis/9bc91158-09f7-498f-98c5-43749416088d/sm/snapshot.1_0
2021-11-09 00:56:53,913 [43136673-c093-486b-8a61-55aa3fed1341@group-0CA9B148280F-StateMachineUpdater] INFO  ratis.ContainerStateMachine (ContainerStateMachine.java:takeSnapshot(303)) - group-0CA9B148280F: Finished taking a snapshot at:(t:1, i:0) file:/home/runner/work/ozone/ozone/hadoop-ozone/integration-test/target/test-dir/MiniOzoneClusterImpl-cebd3685-2b3d-4639-9f0f-41911e64574b/datanode-2/data/ratis/0db9cd4f-359d-47fc-b6d2-0ca9b148280f/sm/snapshot.1_0 took: 1 ms
2021-11-09 00:56:53,914 [43136673-c093-486b-8a61-55aa3fed1341@group-0CA9B148280F-StateMachineUpdater] INFO  impl.StateMachineUpdater (StateMachineUpdater.java:takeSnapshot(281)) - 43136673-c093-486b-8a61-55aa3fed1341@group-0CA9B148280F-StateMachineUpdater: Took a snapshot at index 0
2021-11-09 00:56:53,914 [43136673-c093-486b-8a61-55aa3fed1341@group-0CA9B148280F-StateMachineUpdater] INFO  impl.StateMachineUpdater (StateMachineUpdater.java:lambda$new$0(89)) - 43136673-c093-486b-8a61-55aa3fed1341@group-0CA9B148280F-StateMachineUpdater: snapshotIndex: updateIncreasingly -1 -> 0
2021-11-09 00:56:53,914 [43136673-c093-486b-8a61-55aa3fed1341@group-43749416088D-StateMachineUpdater] INFO  ratis.ContainerStateMachine (ContainerStateMachine.java:takeSnapshot(303)) - group-43749416088D: Finished taking a snapshot at:(t:1, i:0) file:/home/runner/work/ozone/ozone/hadoop-ozone/integration-test/target/test-dir/MiniOzoneClusterImpl-cebd3685-2b3d-4639-9f0f-41911e64574b/datanode-2/data/ratis/9bc91158-09f7-498f-98c5-43749416088d/sm/snapshot.1_0 took: 1 ms
2021-11-09 00:56:53,914 [43136673-c093-486b-8a61-55aa3fed1341@group-43749416088D-StateMachineUpdater] INFO  impl.StateMachineUpdater (StateMachineUpdater.java:takeSnapshot(281)) - 43136673-c093-486b-8a61-55aa3fed1341@group-43749416088D-StateMachineUpdater: Took a snapshot at index 0
2021-11-09 00:56:53,914 [43136673-c093-486b-8a61-55aa3fed1341@group-43749416088D-StateMachineUpdater] INFO  impl.StateMachineUpdater (StateMachineUpdater.java:lambda$new$0(89)) - 43136673-c093-486b-8a61-55aa3fed1341@group-43749416088D-StateMachineUpdater: snapshotIndex: updateIncreasingly -1 -> 0
2021-11-09 00:56:53,914 [ForkJoinPool.commonPool-worker-0] INFO  server.RaftServer$Division (ServerState.java:close(419)) - 43136673-c093-486b-8a61-55aa3fed1341@group-0CA9B148280F: closes. applyIndex: 0
2021-11-09 00:56:53,914 [43136673-c093-486b-8a61-55aa3fed1341@group-0CA9B148280F-SegmentedRaftLogWorker] INFO  segmented.SegmentedRaftLogWorker (SegmentedRaftLogWorker.java:run(327)) - 43136673-c093-486b-8a61-55aa3fed1341@group-0CA9B148280F-SegmentedRaftLogWorker was interrupted, exiting. There are 0 tasks remaining in the queue.
2021-11-09 00:56:53,916 [ForkJoinPool.commonPool-worker-0] INFO  segmented.SegmentedRaftLogWorker (SegmentedRaftLogWorker.java:close(237)) - 43136673-c093-486b-8a61-55aa3fed1341@group-0CA9B148280F-SegmentedRaftLogWorker close()
2021-11-09 00:56:53,920 [ForkJoinPool.commonPool-worker-0] INFO  server.RaftServer$Division (RaftServerImpl.java:lambda$close$4(412)) - 43136673-c093-486b-8a61-55aa3fed1341@group-A72BC00D5B3B: shutdown
2021-11-09 00:56:53,920 [ForkJoinPool.commonPool-worker-0] INFO  util.JmxRegister (JmxRegister.java:unregister(73)) - Successfully un-registered JMX Bean with object name Ratis:service=RaftServer,group=group-A72BC00D5B3B,id=43136673-c093-486b-8a61-55aa3fed1341
2021-11-09 00:56:53,920 [ForkJoinPool.commonPool-worker-0] INFO  impl.RoleInfo (RoleInfo.java:shutdownLeaderState(91)) - 43136673-c093-486b-8a61-55aa3fed1341: shutdown 43136673-c093-486b-8a61-55aa3fed1341@group-A72BC00D5B3B-LeaderStateImpl
2021-11-09 00:56:53,920 [ForkJoinPool.commonPool-worker-0] INFO  impl.PendingRequests (PendingRequests.java:sendNotLeaderResponses(282)) - 43136673-c093-486b-8a61-55aa3fed1341@group-A72BC00D5B3B-PendingRequests: sendNotLeaderResponses
2021-11-09 00:56:53,936 [Listener at 127.0.0.1/34135] INFO  server.RaftServer$Division (ServerState.java:close(419)) - 43136673-c093-486b-8a61-55aa3fed1341@group-43749416088D: closes. applyIndex: 0
2021-11-09 00:56:53,936 [43136673-c093-486b-8a61-55aa3fed1341@group-43749416088D-SegmentedRaftLogWorker] INFO  segmented.SegmentedRaftLogWorker (SegmentedRaftLogWorker.java:run(327)) - 43136673-c093-486b-8a61-55aa3fed1341@group-43749416088D-SegmentedRaftLogWorker was interrupted, exiting. There are 0 tasks remaining in the queue.
2021-11-09 00:56:53,938 [ForkJoinPool.commonPool-worker-0] INFO  impl.StateMachineUpdater (StateMachineUpdater.java:stopAndJoin(149)) - 43136673-c093-486b-8a61-55aa3fed1341@group-A72BC00D5B3B-StateMachineUpdater: set stopIndex = 11
2021-11-09 00:56:53,938 [43136673-c093-486b-8a61-55aa3fed1341@group-A72BC00D5B3B-StateMachineUpdater] INFO  ratis.ContainerStateMachine (ContainerStateMachine.java:takeSnapshot(292)) - group-A72BC00D5B3B: Taking a snapshot at:(t:1, i:11) file /home/runner/work/ozone/ozone/hadoop-ozone/integration-test/target/test-dir/MiniOzoneClusterImpl-cebd3685-2b3d-4639-9f0f-41911e64574b/datanode-2/data/ratis/91b13811-3b50-4088-895a-a72bc00d5b3b/sm/snapshot.1_11
2021-11-09 00:56:53,949 [43136673-c093-486b-8a61-55aa3fed1341@group-A72BC00D5B3B-StateMachineUpdater] INFO  ratis.ContainerStateMachine (ContainerStateMachine.java:takeSnapshot(303)) - group-A72BC00D5B3B: Finished taking a snapshot at:(t:1, i:11) file:/home/runner/work/ozone/ozone/hadoop-ozone/integration-test/target/test-dir/MiniOzoneClusterImpl-cebd3685-2b3d-4639-9f0f-41911e64574b/datanode-2/data/ratis/91b13811-3b50-4088-895a-a72bc00d5b3b/sm/snapshot.1_11 took: 11 ms
2021-11-09 00:56:53,949 [Listener at 127.0.0.1/34135] INFO  segmented.SegmentedRaftLogWorker (SegmentedRaftLogWorker.java:close(237)) - 43136673-c093-486b-8a61-55aa3fed1341@group-43749416088D-SegmentedRaftLogWorker close()
2021-11-09 00:56:53,949 [43136673-c093-486b-8a61-55aa3fed1341@group-A72BC00D5B3B-StateMachineUpdater] INFO  impl.StateMachineUpdater (StateMachineUpdater.java:takeSnapshot(281)) - 43136673-c093-486b-8a61-55aa3fed1341@group-A72BC00D5B3B-StateMachineUpdater: Took a snapshot at index 11
2021-11-09 00:56:53,949 [43136673-c093-486b-8a61-55aa3fed1341@group-A72BC00D5B3B-StateMachineUpdater] INFO  impl.StateMachineUpdater (StateMachineUpdater.java:lambda$new$0(89)) - 43136673-c093-486b-8a61-55aa3fed1341@group-A72BC00D5B3B-StateMachineUpdater: snapshotIndex: updateIncreasingly -1 -> 11
2021-11-09 00:56:53,972 [ForkJoinPool.commonPool-worker-0] INFO  server.RaftServer$Division (ServerState.java:close(419)) - 43136673-c093-486b-8a61-55aa3fed1341@group-A72BC00D5B3B: closes. applyIndex: 11
2021-11-09 00:56:53,972 [43136673-c093-486b-8a61-55aa3fed1341@group-A72BC00D5B3B-SegmentedRaftLogWorker] INFO  segmented.SegmentedRaftLogWorker (SegmentedRaftLogWorker.java:run(327)) - 43136673-c093-486b-8a61-55aa3fed1341@group-A72BC00D5B3B-SegmentedRaftLogWorker was interrupted, exiting. There are 0 tasks remaining in the queue.
2021-11-09 00:56:53,976 [ForkJoinPool.commonPool-worker-0] INFO  segmented.SegmentedRaftLogWorker (SegmentedRaftLogWorker.java:close(237)) - 43136673-c093-486b-8a61-55aa3fed1341@group-A72BC00D5B3B-SegmentedRaftLogWorker close()
2021-11-09 00:56:53,978 [Listener at 127.0.0.1/34135] INFO  server.GrpcService (GrpcService.java:closeImpl(262)) - 43136673-c093-486b-8a61-55aa3fed1341: shutdown server with port 34809 now
2021-11-09 00:56:53,981 [grpc-default-executor-0] WARN  server.GrpcServerProtocolService (LogUtils.java:warn(122)) - 43136673-c093-486b-8a61-55aa3fed1341: installSnapshot onError, lastRequest: d5ae86a0-e3e8-461b-b600-8c2d036507b1->43136673-c093-486b-8a61-55aa3fed1341#1-t1,previous=(t:0, i:0),leaderCommit=-1,initializing? true,entries: size=1, first=(t:1, i:0), CONFIGURATIONENTRY: org.apache.ratis.thirdparty.io.grpc.StatusRuntimeException: CANCELLED: client cancelled
2021-11-09 00:56:53,981 [grpc-default-executor-5] WARN  server.GrpcLogAppender (LogUtils.java:warn(122)) - d5ae86a0-e3e8-461b-b600-8c2d036507b1@group-0CA9B148280F->43136673-c093-486b-8a61-55aa3fed1341-AppendLogResponseHandler: Failed appendEntries: org.apache.ratis.thirdparty.io.grpc.StatusRuntimeException: CANCELLED: HTTP/2 error code: CANCEL
Received Rst Stream
2021-11-09 00:56:53,981 [grpc-default-executor-5] WARN  server.GrpcLogAppender (GrpcLogAppender.java:resetClient(110)) - d5ae86a0-e3e8-461b-b600-8c2d036507b1@group-0CA9B148280F->43136673-c093-486b-8a61-55aa3fed1341-GrpcLogAppender: Leader has not got in touch with Follower d5ae86a0-e3e8-461b-b600-8c2d036507b1@group-0CA9B148280F->43136673-c093-486b-8a61-55aa3fed1341(c0,m0,n1, attendVote=true, lastRpcSendTime=693, lastRpcResponseTime=678) yet, just keep nextIndex unchanged and retry.
2021-11-09 00:56:53,981 [grpc-default-executor-3] WARN  server.GrpcServerProtocolService (LogUtils.java:warn(122)) - 43136673-c093-486b-8a61-55aa3fed1341: installSnapshot onError, lastRequest: 4430b70e-e2dc-4778-891b-decd59bd04d3->43136673-c093-486b-8a61-55aa3fed1341#1-t1,previous=(t:0, i:0),leaderCommit=-1,initializing? true,entries: size=1, first=(t:1, i:0), CONFIGURATIONENTRY: org.apache.ratis.thirdparty.io.grpc.StatusRuntimeException: CANCELLED: client cancelled
2021-11-09 00:56:53,981 [Listener at 127.0.0.1/34135] INFO  server.GrpcService (GrpcService.java:closeImpl(271)) - 43136673-c093-486b-8a61-55aa3fed1341: shutdown server with port 34809 successfully
2021-11-09 00:56:53,982 [org.apache.ratis.util.JvmPauseMonitor$$Lambda$531/1691661275@35ed061f] INFO  util.JvmPauseMonitor (JvmPauseMonitor.java:run(109)) - JvmPauseMonitor-43136673-c093-486b-8a61-55aa3fed1341: Stopped
2021-11-09 00:56:53,982 [grpc-default-executor-4] WARN  server.GrpcLogAppender (LogUtils.java:warn(122)) - 4430b70e-e2dc-4778-891b-decd59bd04d3@group-43749416088D->43136673-c093-486b-8a61-55aa3fed1341-AppendLogResponseHandler: Failed appendEntries: org.apache.ratis.thirdparty.io.grpc.StatusRuntimeException: CANCELLED: HTTP/2 error code: CANCEL
Received Rst Stream
2021-11-09 00:56:53,982 [grpc-default-executor-4] WARN  server.GrpcLogAppender (GrpcLogAppender.java:resetClient(110)) - 4430b70e-e2dc-4778-891b-decd59bd04d3@group-43749416088D->43136673-c093-486b-8a61-55aa3fed1341-GrpcLogAppender: Leader has not got in touch with Follower 4430b70e-e2dc-4778-891b-decd59bd04d3@group-43749416088D->43136673-c093-486b-8a61-55aa3fed1341(c0,m0,n1, attendVote=true, lastRpcSendTime=1191, lastRpcResponseTime=1187) yet, just keep nextIndex unchanged and retry.
2021-11-09 00:56:54,000 [Listener at 127.0.0.1/34135] INFO  utils.BackgroundService (BackgroundService.java:shutdown(132)) - Shutting down service BlockDeletingService
2021-11-09 00:56:55,298 [grpc-default-executor-3] WARN  server.GrpcLogAppender (LogUtils.java:warn(122)) - 4430b70e-e2dc-4778-891b-decd59bd04d3@group-43749416088D->43136673-c093-486b-8a61-55aa3fed1341-AppendLogResponseHandler: Failed appendEntries: org.apache.ratis.thirdparty.io.grpc.StatusRuntimeException: UNAVAILABLE: io exception
2021-11-09 00:56:55,299 [grpc-default-executor-3] WARN  server.GrpcLogAppender (GrpcLogAppender.java:resetClient(110)) - 4430b70e-e2dc-4778-891b-decd59bd04d3@group-43749416088D->43136673-c093-486b-8a61-55aa3fed1341-GrpcLogAppender: Leader has not got in touch with Follower 4430b70e-e2dc-4778-891b-decd59bd04d3@group-43749416088D->43136673-c093-486b-8a61-55aa3fed1341(c0,m0,n1, attendVote=true, lastRpcSendTime=2, lastRpcResponseTime=2503) yet, just keep nextIndex unchanged and retry.
2021-11-09 00:56:55,806 [grpc-default-executor-4] WARN  server.GrpcLogAppender (LogUtils.java:warn(122)) - d5ae86a0-e3e8-461b-b600-8c2d036507b1@group-0CA9B148280F->43136673-c093-486b-8a61-55aa3fed1341-AppendLogResponseHandler: Failed appendEntries: org.apache.ratis.thirdparty.io.grpc.StatusRuntimeException: UNAVAILABLE: io exception
2021-11-09 00:56:55,807 [grpc-default-executor-4] WARN  server.GrpcLogAppender (GrpcLogAppender.java:resetClient(110)) - d5ae86a0-e3e8-461b-b600-8c2d036507b1@group-0CA9B148280F->43136673-c093-486b-8a61-55aa3fed1341-GrpcLogAppender: Leader has not got in touch with Follower d5ae86a0-e3e8-461b-b600-8c2d036507b1@group-0CA9B148280F->43136673-c093-486b-8a61-55aa3fed1341(c0,m0,n1, attendVote=true, lastRpcSendTime=2519, lastRpcResponseTime=2504) yet, just keep nextIndex unchanged and retry.
2021-11-09 00:56:57,036 [Listener at 127.0.0.1/34135] INFO  statemachine.DatanodeStateMachine (DatanodeStateMachine.java:stopDaemon(526)) - Ozone container server stopped.
2021-11-09 00:56:57,037 [Listener at 127.0.0.1/34135] INFO  handler.ContextHandler (ContextHandler.java:doStop(1153)) - Stopped o.e.j.w.WebAppContext@4394f856{hddsDatanode,/,null,STOPPED}{jar:file:/home/runner/.m2/repository/org/apache/ozone/hdds-container-service/1.2.0-SNAPSHOT/hdds-container-service-1.2.0-SNAPSHOT.jar!/webapps/hddsDatanode}
2021-11-09 00:56:57,038 [Listener at 127.0.0.1/34135] INFO  server.AbstractConnector (AbstractConnector.java:doStop(381)) - Stopped ServerConnector@671a21e4{HTTP/1.1, (http/1.1)}{0.0.0.0:0}
2021-11-09 00:56:57,038 [Listener at 127.0.0.1/34135] INFO  server.session (HouseKeeper.java:stopScavenging(149)) - node0 Stopped scavenging
2021-11-09 00:56:57,038 [Listener at 127.0.0.1/34135] INFO  handler.ContextHandler (ContextHandler.java:doStop(1153)) - Stopped o.e.j.s.ServletContextHandler@26df681b{static,/static,jar:file:/home/runner/.m2/repository/org/apache/ozone/hdds-container-service/1.2.0-SNAPSHOT/hdds-container-service-1.2.0-SNAPSHOT.jar!/webapps/static,STOPPED}
2021-11-09 00:56:57,038 [Listener at 127.0.0.1/34135] INFO  handler.ContextHandler (ContextHandler.java:doStop(1153)) - Stopped o.e.j.s.ServletContextHandler@34f3c365{logs,/logs,file:///home/runner/work/ozone/ozone/hadoop-ozone/integration-test/target/log,STOPPED}
2021-11-09 00:56:57,804 [grpc-default-executor-4] WARN  server.GrpcLogAppender (LogUtils.java:warn(122)) - 4430b70e-e2dc-4778-891b-decd59bd04d3@group-43749416088D->43136673-c093-486b-8a61-55aa3fed1341-AppendLogResponseHandler: Failed appendEntries: org.apache.ratis.thirdparty.io.grpc.StatusRuntimeException: UNAVAILABLE: io exception
2021-11-09 00:56:57,805 [grpc-default-executor-4] WARN  server.GrpcLogAppender (GrpcLogAppender.java:resetClient(110)) - 4430b70e-e2dc-4778-891b-decd59bd04d3@group-43749416088D->43136673-c093-486b-8a61-55aa3fed1341-GrpcLogAppender: Leader has not got in touch with Follower 4430b70e-e2dc-4778-891b-decd59bd04d3@group-43749416088D->43136673-c093-486b-8a61-55aa3fed1341(c0,m0,n1, attendVote=true, lastRpcSendTime=0, lastRpcResponseTime=5009) yet, just keep nextIndex unchanged and retry.
2021-11-09 00:56:58,315 [grpc-default-executor-4] WARN  server.GrpcLogAppender (LogUtils.java:warn(122)) - d5ae86a0-e3e8-461b-b600-8c2d036507b1@group-0CA9B148280F->43136673-c093-486b-8a61-55aa3fed1341-AppendLogResponseHandler: Failed appendEntries: org.apache.ratis.thirdparty.io.grpc.StatusRuntimeException: UNAVAILABLE: io exception
2021-11-09 00:56:58,316 [grpc-default-executor-4] WARN  server.GrpcLogAppender (GrpcLogAppender.java:resetClient(110)) - d5ae86a0-e3e8-461b-b600-8c2d036507b1@group-0CA9B148280F->43136673-c093-486b-8a61-55aa3fed1341-GrpcLogAppender: Leader has not got in touch with Follower d5ae86a0-e3e8-461b-b600-8c2d036507b1@group-0CA9B148280F->43136673-c093-486b-8a61-55aa3fed1341(c0,m0,n1, attendVote=true, lastRpcSendTime=4, lastRpcResponseTime=5013) yet, just keep nextIndex unchanged and retry.
2021-11-09 00:56:58,761 [EventQueue-StaleNodeForStaleNodeHandler] INFO  node.StaleNodeHandler (StaleNodeHandler.java:onMessage(58)) - Datanode 43136673-c093-486b-8a61-55aa3fed1341{ip: 10.1.0.58, host: fv-az294-841.eaanfquahm5ulb5tj050gcxych.jx.internal.cloudapp.net, ports: [REPLICATION=33899, RATIS=34809, RATIS_ADMIN=34809, RATIS_SERVER=34809, STANDALONE=39677], networkLocation: /default-rack, certSerialId: null, persistedOpState: IN_SERVICE, persistedOpStateExpiryEpochSec: 0} moved to stale state. Finalizing its pipelines [PipelineID=9bc91158-09f7-498f-98c5-43749416088d, PipelineID=0db9cd4f-359d-47fc-b6d2-0ca9b148280f, PipelineID=91b13811-3b50-4088-895a-a72bc00d5b3b]
2021-11-09 00:56:58,772 [EventQueue-StaleNodeForStaleNodeHandler] INFO  pipeline.PipelineManagerImpl (PipelineManagerImpl.java:closePipeline(349)) - Pipeline Pipeline[ Id: 9bc91158-09f7-498f-98c5-43749416088d, Nodes: 43136673-c093-486b-8a61-55aa3fed1341{ip: 10.1.0.58, host: fv-az294-841.eaanfquahm5ulb5tj050gcxych.jx.internal.cloudapp.net, ports: [REPLICATION=33899, RATIS=34809, RATIS_ADMIN=34809, RATIS_SERVER=34809, STANDALONE=39677], networkLocation: /default-rack, certSerialId: null, persistedOpState: IN_SERVICE, persistedOpStateExpiryEpochSec: 0}4430b70e-e2dc-4778-891b-decd59bd04d3{ip: 10.1.0.58, host: fv-az294-841.eaanfquahm5ulb5tj050gcxych.jx.internal.cloudapp.net, ports: [REPLICATION=41031, RATIS=37555, RATIS_ADMIN=37555, RATIS_SERVER=37555, STANDALONE=43879], networkLocation: /default-rack, certSerialId: null, persistedOpState: IN_SERVICE, persistedOpStateExpiryEpochSec: 0}d5ae86a0-e3e8-461b-b600-8c2d036507b1{ip: 10.1.0.58, host: fv-az294-841.eaanfquahm5ulb5tj050gcxych.jx.internal.cloudapp.net, ports: [REPLICATION=37421, RATIS=45525, RATIS_ADMIN=45525, RATIS_SERVER=45525, STANDALONE=35155], networkLocation: /default-rack, certSerialId: null, persistedOpState: IN_SERVICE, persistedOpStateExpiryEpochSec: 0}, ReplicationConfig: RATIS/THREE, State:OPEN, leaderId:4430b70e-e2dc-4778-891b-decd59bd04d3, CreationTimestamp2021-11-09T00:56:32.802Z[Etc/UTC]] moved to CLOSED state
2021-11-09 00:56:58,772 [EventQueue-StaleNodeForStaleNodeHandler] INFO  pipeline.PipelineManagerImpl (PipelineManagerImpl.java:closePipeline(349)) - Pipeline Pipeline[ Id: 0db9cd4f-359d-47fc-b6d2-0ca9b148280f, Nodes: 4430b70e-e2dc-4778-891b-decd59bd04d3{ip: 10.1.0.58, host: fv-az294-841.eaanfquahm5ulb5tj050gcxych.jx.internal.cloudapp.net, ports: [REPLICATION=41031, RATIS=37555, RATIS_ADMIN=37555, RATIS_SERVER=37555, STANDALONE=43879], networkLocation: /default-rack, certSerialId: null, persistedOpState: IN_SERVICE, persistedOpStateExpiryEpochSec: 0}d5ae86a0-e3e8-461b-b600-8c2d036507b1{ip: 10.1.0.58, host: fv-az294-841.eaanfquahm5ulb5tj050gcxych.jx.internal.cloudapp.net, ports: [REPLICATION=37421, RATIS=45525, RATIS_ADMIN=45525, RATIS_SERVER=45525, STANDALONE=35155], networkLocation: /default-rack, certSerialId: null, persistedOpState: IN_SERVICE, persistedOpStateExpiryEpochSec: 0}43136673-c093-486b-8a61-55aa3fed1341{ip: 10.1.0.58, host: fv-az294-841.eaanfquahm5ulb5tj050gcxych.jx.internal.cloudapp.net, ports: [REPLICATION=33899, RATIS=34809, RATIS_ADMIN=34809, RATIS_SERVER=34809, STANDALONE=39677], networkLocation: /default-rack, certSerialId: null, persistedOpState: IN_SERVICE, persistedOpStateExpiryEpochSec: 0}, ReplicationConfig: RATIS/THREE, State:OPEN, leaderId:d5ae86a0-e3e8-461b-b600-8c2d036507b1, CreationTimestamp2021-11-09T00:56:32.803Z[Etc/UTC]] moved to CLOSED state
2021-11-09 00:56:58,772 [EventQueue-StaleNodeForStaleNodeHandler] INFO  pipeline.PipelineManagerImpl (PipelineManagerImpl.java:closePipeline(349)) - Pipeline Pipeline[ Id: 91b13811-3b50-4088-895a-a72bc00d5b3b, Nodes: 43136673-c093-486b-8a61-55aa3fed1341{ip: 10.1.0.58, host: fv-az294-841.eaanfquahm5ulb5tj050gcxych.jx.internal.cloudapp.net, ports: [REPLICATION=33899, RATIS=34809, RATIS_ADMIN=34809, RATIS_SERVER=34809, STANDALONE=39677], networkLocation: /default-rack, certSerialId: null, persistedOpState: IN_SERVICE, persistedOpStateExpiryEpochSec: 0}, ReplicationConfig: RATIS/ONE, State:OPEN, leaderId:43136673-c093-486b-8a61-55aa3fed1341, CreationTimestamp2021-11-09T00:56:32.801Z[Etc/UTC]] moved to CLOSED state
2021-11-09 00:56:58,773 [EventQueue-CloseContainerForCloseContainerEventHandler] INFO  container.CloseContainerEventHandler (CloseContainerEventHandler.java:onMessage(69)) - Close container Event triggered for container : #1
2021-11-09 00:57:00,306 [grpc-default-executor-3] WARN  server.GrpcLogAppender (LogUtils.java:warn(122)) - 4430b70e-e2dc-4778-891b-decd59bd04d3@group-43749416088D->43136673-c093-486b-8a61-55aa3fed1341-AppendLogResponseHandler: Failed appendEntries: org.apache.ratis.thirdparty.io.grpc.StatusRuntimeException: UNAVAILABLE: io exception
2021-11-09 00:57:00,307 [grpc-default-executor-3] WARN  server.GrpcLogAppender (GrpcLogAppender.java:resetClient(110)) - 4430b70e-e2dc-4778-891b-decd59bd04d3@group-43749416088D->43136673-c093-486b-8a61-55aa3fed1341-GrpcLogAppender: Leader has not got in touch with Follower 4430b70e-e2dc-4778-891b-decd59bd04d3@group-43749416088D->43136673-c093-486b-8a61-55aa3fed1341(c0,m0,n1, attendVote=true, lastRpcSendTime=0, lastRpcResponseTime=7511) yet, just keep nextIndex unchanged and retry.
2021-11-09 00:57:00,812 [grpc-default-executor-3] WARN  server.GrpcLogAppender (LogUtils.java:warn(122)) - d5ae86a0-e3e8-461b-b600-8c2d036507b1@group-0CA9B148280F->43136673-c093-486b-8a61-55aa3fed1341-AppendLogResponseHandler: Failed appendEntries: org.apache.ratis.thirdparty.io.grpc.StatusRuntimeException: UNAVAILABLE: io exception
2021-11-09 00:57:00,814 [grpc-default-executor-3] WARN  server.GrpcLogAppender (GrpcLogAppender.java:resetClient(110)) - d5ae86a0-e3e8-461b-b600-8c2d036507b1@group-0CA9B148280F->43136673-c093-486b-8a61-55aa3fed1341-GrpcLogAppender: Leader has not got in touch with Follower d5ae86a0-e3e8-461b-b600-8c2d036507b1@group-0CA9B148280F->43136673-c093-486b-8a61-55aa3fed1341(c0,m0,n1, attendVote=true, lastRpcSendTime=1, lastRpcResponseTime=7511) yet, just keep nextIndex unchanged and retry.
2021-11-09 00:57:02,821 [grpc-default-executor-3] WARN  server.GrpcLogAppender (LogUtils.java:warn(122)) - 4430b70e-e2dc-4778-891b-decd59bd04d3@group-43749416088D->43136673-c093-486b-8a61-55aa3fed1341-AppendLogResponseHandler: Failed appendEntries: org.apache.ratis.thirdparty.io.grpc.StatusRuntimeException: UNAVAILABLE: io exception
2021-11-09 00:57:02,822 [grpc-default-executor-3] WARN  server.GrpcLogAppender (GrpcLogAppender.java:resetClient(110)) - 4430b70e-e2dc-4778-891b-decd59bd04d3@group-43749416088D->43136673-c093-486b-8a61-55aa3fed1341-GrpcLogAppender: Leader has not got in touch with Follower 4430b70e-e2dc-4778-891b-decd59bd04d3@group-43749416088D->43136673-c093-486b-8a61-55aa3fed1341(c0,m0,n1, attendVote=true, lastRpcSendTime=2515, lastRpcResponseTime=10026) yet, just keep nextIndex unchanged and retry.
2021-11-09 00:57:03,333 [grpc-default-executor-3] WARN  server.GrpcLogAppender (LogUtils.java:warn(122)) - d5ae86a0-e3e8-461b-b600-8c2d036507b1@group-0CA9B148280F->43136673-c093-486b-8a61-55aa3fed1341-AppendLogResponseHandler: Failed appendEntries: org.apache.ratis.thirdparty.io.grpc.StatusRuntimeException: UNAVAILABLE: io exception
2021-11-09 00:57:03,334 [grpc-default-executor-3] WARN  server.GrpcLogAppender (GrpcLogAppender.java:resetClient(110)) - d5ae86a0-e3e8-461b-b600-8c2d036507b1@group-0CA9B148280F->43136673-c093-486b-8a61-55aa3fed1341-GrpcLogAppender: Leader has not got in touch with Follower d5ae86a0-e3e8-461b-b600-8c2d036507b1@group-0CA9B148280F->43136673-c093-486b-8a61-55aa3fed1341(c0,m0,n1, attendVote=true, lastRpcSendTime=2521, lastRpcResponseTime=10032) yet, just keep nextIndex unchanged and retry.
2021-11-09 00:57:05,330 [grpc-default-executor-1] WARN  server.GrpcLogAppender (LogUtils.java:warn(122)) - 4430b70e-e2dc-4778-891b-decd59bd04d3@group-43749416088D->43136673-c093-486b-8a61-55aa3fed1341-AppendLogResponseHandler: Failed appendEntries: org.apache.ratis.thirdparty.io.grpc.StatusRuntimeException: UNAVAILABLE: io exception
2021-11-09 00:57:05,331 [grpc-default-executor-1] WARN  server.GrpcLogAppender (GrpcLogAppender.java:resetClient(110)) - 4430b70e-e2dc-4778-891b-decd59bd04d3@group-43749416088D->43136673-c093-486b-8a61-55aa3fed1341-GrpcLogAppender: Leader has not got in touch with Follower 4430b70e-e2dc-4778-891b-decd59bd04d3@group-43749416088D->43136673-c093-486b-8a61-55aa3fed1341(c0,m0,n1, attendVote=true, lastRpcSendTime=2507, lastRpcResponseTime=12535) yet, just keep nextIndex unchanged and retry.
2021-11-09 00:57:05,842 [grpc-default-executor-1] WARN  server.GrpcLogAppender (LogUtils.java:warn(122)) - d5ae86a0-e3e8-461b-b600-8c2d036507b1@group-0CA9B148280F->43136673-c093-486b-8a61-55aa3fed1341-AppendLogResponseHandler: Failed appendEntries: org.apache.ratis.thirdparty.io.grpc.StatusRuntimeException: UNAVAILABLE: io exception
2021-11-09 00:57:05,843 [grpc-default-executor-1] WARN  server.GrpcLogAppender (GrpcLogAppender.java:resetClient(110)) - d5ae86a0-e3e8-461b-b600-8c2d036507b1@group-0CA9B148280F->43136673-c093-486b-8a61-55aa3fed1341-GrpcLogAppender: Leader has not got in touch with Follower d5ae86a0-e3e8-461b-b600-8c2d036507b1@group-0CA9B148280F->43136673-c093-486b-8a61-55aa3fed1341(c0,m0,n1, attendVote=true, lastRpcSendTime=2507, lastRpcResponseTime=12540) yet, just keep nextIndex unchanged and retry.
2021-11-09 00:57:07,834 [grpc-default-executor-1] WARN  server.GrpcLogAppender (LogUtils.java:warn(122)) - 4430b70e-e2dc-4778-891b-decd59bd04d3@group-43749416088D->43136673-c093-486b-8a61-55aa3fed1341-AppendLogResponseHandler: Failed appendEntries: org.apache.ratis.thirdparty.io.grpc.StatusRuntimeException: UNAVAILABLE: io exception
2021-11-09 00:57:07,835 [grpc-default-executor-1] WARN  server.GrpcLogAppender (GrpcLogAppender.java:resetClient(110)) - 4430b70e-e2dc-4778-891b-decd59bd04d3@group-43749416088D->43136673-c093-486b-8a61-55aa3fed1341-GrpcLogAppender: Leader has not got in touch with Follower 4430b70e-e2dc-4778-891b-decd59bd04d3@group-43749416088D->43136673-c093-486b-8a61-55aa3fed1341(c0,m0,n1, attendVote=true, lastRpcSendTime=0, lastRpcResponseTime=15039) yet, just keep nextIndex unchanged and retry.
2021-11-09 00:57:08,344 [grpc-default-executor-1] WARN  server.GrpcLogAppender (LogUtils.java:warn(122)) - d5ae86a0-e3e8-461b-b600-8c2d036507b1@group-0CA9B148280F->43136673-c093-486b-8a61-55aa3fed1341-AppendLogResponseHandler: Failed appendEntries: org.apache.ratis.thirdparty.io.grpc.StatusRuntimeException: UNAVAILABLE: io exception
2021-11-09 00:57:08,345 [grpc-default-executor-1] WARN  server.GrpcLogAppender (GrpcLogAppender.java:resetClient(110)) - d5ae86a0-e3e8-461b-b600-8c2d036507b1@group-0CA9B148280F->43136673-c093-486b-8a61-55aa3fed1341-GrpcLogAppender: Leader has not got in touch with Follower d5ae86a0-e3e8-461b-b600-8c2d036507b1@group-0CA9B148280F->43136673-c093-486b-8a61-55aa3fed1341(c0,m0,n1, attendVote=true, lastRpcSendTime=1, lastRpcResponseTime=15042) yet, just keep nextIndex unchanged and retry.
2021-11-09 00:57:08,751 [EventQueue-DeadNodeForDeadNodeHandler] INFO  node.DeadNodeHandler (DeadNodeHandler.java:onMessage(80)) - A dead datanode is detected. 43136673-c093-486b-8a61-55aa3fed1341{ip: 10.1.0.58, host: fv-az294-841.eaanfquahm5ulb5tj050gcxych.jx.internal.cloudapp.net, ports: [REPLICATION=33899, RATIS=34809, RATIS_ADMIN=34809, RATIS_SERVER=34809, STANDALONE=39677], networkLocation: /default-rack, certSerialId: null, persistedOpState: IN_SERVICE, persistedOpStateExpiryEpochSec: 0}
2021-11-09 00:57:08,751 [EventQueue-DeadNodeForDeadNodeHandler] INFO  pipeline.RatisPipelineProvider (RatisPipelineProvider.java:lambda$close$1(222)) - Send pipeline:PipelineID=9bc91158-09f7-498f-98c5-43749416088d close command to datanode 43136673-c093-486b-8a61-55aa3fed1341
2021-11-09 00:57:08,751 [EventQueue-DeadNodeForDeadNodeHandler] INFO  pipeline.RatisPipelineProvider (RatisPipelineProvider.java:lambda$close$1(222)) - Send pipeline:PipelineID=9bc91158-09f7-498f-98c5-43749416088d close command to datanode 4430b70e-e2dc-4778-891b-decd59bd04d3
2021-11-09 00:57:08,751 [EventQueue-DeadNodeForDeadNodeHandler] INFO  pipeline.RatisPipelineProvider (RatisPipelineProvider.java:lambda$close$1(222)) - Send pipeline:PipelineID=9bc91158-09f7-498f-98c5-43749416088d close command to datanode d5ae86a0-e3e8-461b-b600-8c2d036507b1
2021-11-09 00:57:08,804 [EventQueue-DeadNodeForDeadNodeHandler] INFO  pipeline.PipelineStateManagerImpl (PipelineStateManagerImpl.java:removePipeline(223)) - Pipeline Pipeline[ Id: 9bc91158-09f7-498f-98c5-43749416088d, Nodes: 43136673-c093-486b-8a61-55aa3fed1341{ip: 10.1.0.58, host: fv-az294-841.eaanfquahm5ulb5tj050gcxych.jx.internal.cloudapp.net, ports: [REPLICATION=33899, RATIS=34809, RATIS_ADMIN=34809, RATIS_SERVER=34809, STANDALONE=39677], networkLocation: /default-rack, certSerialId: null, persistedOpState: IN_SERVICE, persistedOpStateExpiryEpochSec: 0}4430b70e-e2dc-4778-891b-decd59bd04d3{ip: 10.1.0.58, host: fv-az294-841.eaanfquahm5ulb5tj050gcxych.jx.internal.cloudapp.net, ports: [REPLICATION=41031, RATIS=37555, RATIS_ADMIN=37555, RATIS_SERVER=37555, STANDALONE=43879], networkLocation: /default-rack, certSerialId: null, persistedOpState: IN_SERVICE, persistedOpStateExpiryEpochSec: 0}d5ae86a0-e3e8-461b-b600-8c2d036507b1{ip: 10.1.0.58, host: fv-az294-841.eaanfquahm5ulb5tj050gcxych.jx.internal.cloudapp.net, ports: [REPLICATION=37421, RATIS=45525, RATIS_ADMIN=45525, RATIS_SERVER=45525, STANDALONE=35155], networkLocation: /default-rack, certSerialId: null, persistedOpState: IN_SERVICE, persistedOpStateExpiryEpochSec: 0}, ReplicationConfig: RATIS/THREE, State:CLOSED, leaderId:4430b70e-e2dc-4778-891b-decd59bd04d3, CreationTimestamp2021-11-09T00:56:32.802Z[Etc/UTC]] removed.
2021-11-09 00:57:08,804 [EventQueue-DeadNodeForDeadNodeHandler] INFO  pipeline.RatisPipelineProvider (RatisPipelineProvider.java:lambda$close$1(222)) - Send pipeline:PipelineID=0db9cd4f-359d-47fc-b6d2-0ca9b148280f close command to datanode 4430b70e-e2dc-4778-891b-decd59bd04d3
2021-11-09 00:57:08,804 [EventQueue-DeadNodeForDeadNodeHandler] INFO  pipeline.RatisPipelineProvider (RatisPipelineProvider.java:lambda$close$1(222)) - Send pipeline:PipelineID=0db9cd4f-359d-47fc-b6d2-0ca9b148280f close command to datanode d5ae86a0-e3e8-461b-b600-8c2d036507b1
2021-11-09 00:57:08,804 [EventQueue-DeadNodeForDeadNodeHandler] INFO  pipeline.RatisPipelineProvider (RatisPipelineProvider.java:lambda$close$1(222)) - Send pipeline:PipelineID=0db9cd4f-359d-47fc-b6d2-0ca9b148280f close command to datanode 43136673-c093-486b-8a61-55aa3fed1341
2021-11-09 00:57:08,804 [EventQueue-DeadNodeForDeadNodeHandler] INFO  pipeline.PipelineStateManagerImpl (PipelineStateManagerImpl.java:removePipeline(223)) - Pipeline Pipeline[ Id: 0db9cd4f-359d-47fc-b6d2-0ca9b148280f, Nodes: 4430b70e-e2dc-4778-891b-decd59bd04d3{ip: 10.1.0.58, host: fv-az294-841.eaanfquahm5ulb5tj050gcxych.jx.internal.cloudapp.net, ports: [REPLICATION=41031, RATIS=37555, RATIS_ADMIN=37555, RATIS_SERVER=37555, STANDALONE=43879], networkLocation: /default-rack, certSerialId: null, persistedOpState: IN_SERVICE, persistedOpStateExpiryEpochSec: 0}d5ae86a0-e3e8-461b-b600-8c2d036507b1{ip: 10.1.0.58, host: fv-az294-841.eaanfquahm5ulb5tj050gcxych.jx.internal.cloudapp.net, ports: [REPLICATION=37421, RATIS=45525, RATIS_ADMIN=45525, RATIS_SERVER=45525, STANDALONE=35155], networkLocation: /default-rack, certSerialId: null, persistedOpState: IN_SERVICE, persistedOpStateExpiryEpochSec: 0}43136673-c093-486b-8a61-55aa3fed1341{ip: 10.1.0.58, host: fv-az294-841.eaanfquahm5ulb5tj050gcxych.jx.internal.cloudapp.net, ports: [REPLICATION=33899, RATIS=34809, RATIS_ADMIN=34809, RATIS_SERVER=34809, STANDALONE=39677], networkLocation: /default-rack, certSerialId: null, persistedOpState: IN_SERVICE, persistedOpStateExpiryEpochSec: 0}, ReplicationConfig: RATIS/THREE, State:CLOSED, leaderId:d5ae86a0-e3e8-461b-b600-8c2d036507b1, CreationTimestamp2021-11-09T00:56:32.803Z[Etc/UTC]] removed.
2021-11-09 00:57:08,804 [EventQueue-DeadNodeForDeadNodeHandler] INFO  pipeline.RatisPipelineProvider (RatisPipelineProvider.java:lambda$close$1(222)) - Send pipeline:PipelineID=91b13811-3b50-4088-895a-a72bc00d5b3b close command to datanode 43136673-c093-486b-8a61-55aa3fed1341
2021-11-09 00:57:08,804 [EventQueue-DeadNodeForDeadNodeHandler] INFO  pipeline.PipelineStateManagerImpl (PipelineStateManagerImpl.java:removePipeline(223)) - Pipeline Pipeline[ Id: 91b13811-3b50-4088-895a-a72bc00d5b3b, Nodes: 43136673-c093-486b-8a61-55aa3fed1341{ip: 10.1.0.58, host: fv-az294-841.eaanfquahm5ulb5tj050gcxych.jx.internal.cloudapp.net, ports: [REPLICATION=33899, RATIS=34809, RATIS_ADMIN=34809, RATIS_SERVER=34809, STANDALONE=39677], networkLocation: /default-rack, certSerialId: null, persistedOpState: IN_SERVICE, persistedOpStateExpiryEpochSec: 0}, ReplicationConfig: RATIS/ONE, State:CLOSED, leaderId:43136673-c093-486b-8a61-55aa3fed1341, CreationTimestamp2021-11-09T00:56:32.801Z[Etc/UTC]] removed.
2021-11-09 00:57:08,804 [EventQueue-DeadNodeForDeadNodeHandler] INFO  net.NetworkTopologyImpl (NetworkTopologyImpl.java:remove(137)) - Removed a node: /default-rack/43136673-c093-486b-8a61-55aa3fed1341
2021-11-09 00:57:09,126 [Command processor thread] INFO  server.RaftServer (RaftServerProxy.java:remove(106)) - 4430b70e-e2dc-4778-891b-decd59bd04d3: remove    LEADER 4430b70e-e2dc-4778-891b-decd59bd04d3@group-43749416088D:t1, leader=4430b70e-e2dc-4778-891b-decd59bd04d3, voted=4430b70e-e2dc-4778-891b-decd59bd04d3, raftlog=4430b70e-e2dc-4778-891b-decd59bd04d3@group-43749416088D-SegmentedRaftLog:OPENED:c0, conf=0: [4430b70e-e2dc-4778-891b-decd59bd04d3|rpc:10.1.0.58:37555|dataStream:|priority:1, d5ae86a0-e3e8-461b-b600-8c2d036507b1|rpc:10.1.0.58:45525|dataStream:|priority:0, 43136673-c093-486b-8a61-55aa3fed1341|rpc:10.1.0.58:34809|dataStream:|priority:0], old=null RUNNING
2021-11-09 00:57:09,126 [Command processor thread] INFO  server.RaftServer$Division (RaftServerImpl.java:lambda$close$4(412)) - 4430b70e-e2dc-4778-891b-decd59bd04d3@group-43749416088D: shutdown
2021-11-09 00:57:09,126 [Command processor thread] INFO  util.JmxRegister (JmxRegister.java:unregister(73)) - Successfully un-registered JMX Bean with object name Ratis:service=RaftServer,group=group-43749416088D,id=4430b70e-e2dc-4778-891b-decd59bd04d3
2021-11-09 00:57:09,126 [Command processor thread] INFO  impl.RoleInfo (RoleInfo.java:shutdownLeaderState(91)) - 4430b70e-e2dc-4778-891b-decd59bd04d3: shutdown 4430b70e-e2dc-4778-891b-decd59bd04d3@group-43749416088D-LeaderStateImpl
2021-11-09 00:57:09,147 [Command processor thread] INFO  impl.PendingRequests (PendingRequests.java:sendNotLeaderResponses(282)) - 4430b70e-e2dc-4778-891b-decd59bd04d3@group-43749416088D-PendingRequests: sendNotLeaderResponses
2021-11-09 00:57:09,148 [Command processor thread] INFO  impl.StateMachineUpdater (StateMachineUpdater.java:stopAndJoin(149)) - 4430b70e-e2dc-4778-891b-decd59bd04d3@group-43749416088D-StateMachineUpdater: set stopIndex = 0
2021-11-09 00:57:09,148 [4430b70e-e2dc-4778-891b-decd59bd04d3@group-43749416088D-StateMachineUpdater] INFO  ratis.ContainerStateMachine (ContainerStateMachine.java:takeSnapshot(292)) - group-43749416088D: Taking a snapshot at:(t:1, i:0) file /home/runner/work/ozone/ozone/hadoop-ozone/integration-test/target/test-dir/MiniOzoneClusterImpl-cebd3685-2b3d-4639-9f0f-41911e64574b/datanode-0/data/ratis/9bc91158-09f7-498f-98c5-43749416088d/sm/snapshot.1_0
2021-11-09 00:57:09,150 [4430b70e-e2dc-4778-891b-decd59bd04d3@group-43749416088D-StateMachineUpdater] INFO  ratis.ContainerStateMachine (ContainerStateMachine.java:takeSnapshot(303)) - group-43749416088D: Finished taking a snapshot at:(t:1, i:0) file:/home/runner/work/ozone/ozone/hadoop-ozone/integration-test/target/test-dir/MiniOzoneClusterImpl-cebd3685-2b3d-4639-9f0f-41911e64574b/datanode-0/data/ratis/9bc91158-09f7-498f-98c5-43749416088d/sm/snapshot.1_0 took: 2 ms
2021-11-09 00:57:09,150 [4430b70e-e2dc-4778-891b-decd59bd04d3@group-43749416088D-StateMachineUpdater] INFO  impl.StateMachineUpdater (StateMachineUpdater.java:takeSnapshot(281)) - 4430b70e-e2dc-4778-891b-decd59bd04d3@group-43749416088D-StateMachineUpdater: Took a snapshot at index 0
2021-11-09 00:57:09,150 [4430b70e-e2dc-4778-891b-decd59bd04d3@group-43749416088D-StateMachineUpdater] INFO  impl.StateMachineUpdater (StateMachineUpdater.java:lambda$new$0(89)) - 4430b70e-e2dc-4778-891b-decd59bd04d3@group-43749416088D-StateMachineUpdater: snapshotIndex: updateIncreasingly -1 -> 0
2021-11-09 00:57:09,153 [Command processor thread] INFO  server.RaftServer$Division (ServerState.java:close(419)) - 4430b70e-e2dc-4778-891b-decd59bd04d3@group-43749416088D: closes. applyIndex: 0
2021-11-09 00:57:09,153 [4430b70e-e2dc-4778-891b-decd59bd04d3@group-43749416088D-SegmentedRaftLogWorker] INFO  segmented.SegmentedRaftLogWorker (SegmentedRaftLogWorker.java:run(327)) - 4430b70e-e2dc-4778-891b-decd59bd04d3@group-43749416088D-SegmentedRaftLogWorker was interrupted, exiting. There are 0 tasks remaining in the queue.
2021-11-09 00:57:09,156 [Command processor thread] INFO  segmented.SegmentedRaftLogWorker (SegmentedRaftLogWorker.java:close(237)) - 4430b70e-e2dc-4778-891b-decd59bd04d3@group-43749416088D-SegmentedRaftLogWorker close()
2021-11-09 00:57:09,158 [Command processor thread] INFO  server.RaftServer$Division (RaftServerImpl.java:groupRemove(382)) - 4430b70e-e2dc-4778-891b-decd59bd04d3@group-43749416088D: Succeed to remove RaftStorageDirectory Storage Directory /home/runner/work/ozone/ozone/hadoop-ozone/integration-test/target/test-dir/MiniOzoneClusterImpl-cebd3685-2b3d-4639-9f0f-41911e64574b/datanode-0/data/ratis/9bc91158-09f7-498f-98c5-43749416088d
2021-11-09 00:57:09,158 [Command processor thread] INFO  commandhandler.ClosePipelineCommandHandler (ClosePipelineCommandHandler.java:handle(78)) - Close Pipeline PipelineID=9bc91158-09f7-498f-98c5-43749416088d command on datanode 4430b70e-e2dc-4778-891b-decd59bd04d3.
2021-11-09 00:57:09,159 [Command processor thread] INFO  server.RaftServer (RaftServerProxy.java:remove(106)) - 4430b70e-e2dc-4778-891b-decd59bd04d3: remove  FOLLOWER 4430b70e-e2dc-4778-891b-decd59bd04d3@group-0CA9B148280F:t1, leader=d5ae86a0-e3e8-461b-b600-8c2d036507b1, voted=4430b70e-e2dc-4778-891b-decd59bd04d3, raftlog=4430b70e-e2dc-4778-891b-decd59bd04d3@group-0CA9B148280F-SegmentedRaftLog:OPENED:c0, conf=0: [4430b70e-e2dc-4778-891b-decd59bd04d3|rpc:10.1.0.58:37555|dataStream:|priority:0, d5ae86a0-e3e8-461b-b600-8c2d036507b1|rpc:10.1.0.58:45525|dataStream:|priority:1, 43136673-c093-486b-8a61-55aa3fed1341|rpc:10.1.0.58:34809|dataStream:|priority:0], old=null RUNNING
2021-11-09 00:57:09,159 [Command processor thread] INFO  server.RaftServer$Division (RaftServerImpl.java:lambda$close$4(412)) - 4430b70e-e2dc-4778-891b-decd59bd04d3@group-0CA9B148280F: shutdown
2021-11-09 00:57:09,159 [Command processor thread] INFO  util.JmxRegister (JmxRegister.java:unregister(73)) - Successfully un-registered JMX Bean with object name Ratis:service=RaftServer,group=group-0CA9B148280F,id=4430b70e-e2dc-4778-891b-decd59bd04d3
2021-11-09 00:57:09,159 [Command processor thread] INFO  impl.RoleInfo (RoleInfo.java:shutdownFollowerState(108)) - 4430b70e-e2dc-4778-891b-decd59bd04d3: shutdown 4430b70e-e2dc-4778-891b-decd59bd04d3@group-0CA9B148280F-FollowerState
2021-11-09 00:57:09,159 [Command processor thread] INFO  impl.StateMachineUpdater (StateMachineUpdater.java:stopAndJoin(149)) - 4430b70e-e2dc-4778-891b-decd59bd04d3@group-0CA9B148280F-StateMachineUpdater: set stopIndex = 0
2021-11-09 00:57:09,159 [4430b70e-e2dc-4778-891b-decd59bd04d3@group-0CA9B148280F-FollowerState] INFO  impl.FollowerState (FollowerState.java:run(143)) - 4430b70e-e2dc-4778-891b-decd59bd04d3@group-0CA9B148280F-FollowerState was interrupted: {}
java.lang.InterruptedException: sleep interrupted
	at java.lang.Thread.sleep(Native Method)
	at java.lang.Thread.sleep(Thread.java:340)
	at java.util.concurrent.TimeUnit.sleep(TimeUnit.java:386)
	at org.apache.ratis.util.TimeDuration.sleep(TimeDuration.java:324)
	at org.apache.ratis.util.TimeDuration.sleep(TimeDuration.java:309)
	at org.apache.ratis.server.impl.FollowerState.run(FollowerState.java:118)
2021-11-09 00:57:09,159 [4430b70e-e2dc-4778-891b-decd59bd04d3@group-0CA9B148280F-StateMachineUpdater] INFO  ratis.ContainerStateMachine (ContainerStateMachine.java:takeSnapshot(292)) - group-0CA9B148280F: Taking a snapshot at:(t:1, i:0) file /home/runner/work/ozone/ozone/hadoop-ozone/integration-test/target/test-dir/MiniOzoneClusterImpl-cebd3685-2b3d-4639-9f0f-41911e64574b/datanode-0/data/ratis/0db9cd4f-359d-47fc-b6d2-0ca9b148280f/sm/snapshot.1_0
2021-11-09 00:57:09,161 [4430b70e-e2dc-4778-891b-decd59bd04d3@group-0CA9B148280F-StateMachineUpdater] INFO  ratis.ContainerStateMachine (ContainerStateMachine.java:takeSnapshot(303)) - group-0CA9B148280F: Finished taking a snapshot at:(t:1, i:0) file:/home/runner/work/ozone/ozone/hadoop-ozone/integration-test/target/test-dir/MiniOzoneClusterImpl-cebd3685-2b3d-4639-9f0f-41911e64574b/datanode-0/data/ratis/0db9cd4f-359d-47fc-b6d2-0ca9b148280f/sm/snapshot.1_0 took: 2 ms
2021-11-09 00:57:09,161 [4430b70e-e2dc-4778-891b-decd59bd04d3@group-0CA9B148280F-StateMachineUpdater] INFO  impl.StateMachineUpdater (StateMachineUpdater.java:takeSnapshot(281)) - 4430b70e-e2dc-4778-891b-decd59bd04d3@group-0CA9B148280F-StateMachineUpdater: Took a snapshot at index 0
2021-11-09 00:57:09,161 [4430b70e-e2dc-4778-891b-decd59bd04d3@group-0CA9B148280F-StateMachineUpdater] INFO  impl.StateMachineUpdater (StateMachineUpdater.java:lambda$new$0(89)) - 4430b70e-e2dc-4778-891b-decd59bd04d3@group-0CA9B148280F-StateMachineUpdater: snapshotIndex: updateIncreasingly -1 -> 0
2021-11-09 00:57:09,162 [Command processor thread] INFO  server.RaftServer$Division (ServerState.java:close(419)) - 4430b70e-e2dc-4778-891b-decd59bd04d3@group-0CA9B148280F: closes. applyIndex: 0
2021-11-09 00:57:09,162 [4430b70e-e2dc-4778-891b-decd59bd04d3@group-0CA9B148280F-SegmentedRaftLogWorker] INFO  segmented.SegmentedRaftLogWorker (SegmentedRaftLogWorker.java:run(327)) - 4430b70e-e2dc-4778-891b-decd59bd04d3@group-0CA9B148280F-SegmentedRaftLogWorker was interrupted, exiting. There are 0 tasks remaining in the queue.
2021-11-09 00:57:09,168 [4430b70e-e2dc-4778-891b-decd59bd04d3@group-43749416088D->d5ae86a0-e3e8-461b-b600-8c2d036507b1-GrpcLogAppender-LogAppenderDaemon] WARN  server.GrpcLogAppender (GrpcLogAppender.java:mayWait(177)) - 4430b70e-e2dc-4778-891b-decd59bd04d3@group-43749416088D->d5ae86a0-e3e8-461b-b600-8c2d036507b1-GrpcLogAppender: Wait interrupted by java.lang.InterruptedException
2021-11-09 00:57:09,168 [Command processor thread] INFO  segmented.SegmentedRaftLogWorker (SegmentedRaftLogWorker.java:close(237)) - 4430b70e-e2dc-4778-891b-decd59bd04d3@group-0CA9B148280F-SegmentedRaftLogWorker close()
2021-11-09 00:57:09,176 [Command processor thread] INFO  server.RaftServer$Division (RaftServerImpl.java:groupRemove(382)) - 4430b70e-e2dc-4778-891b-decd59bd04d3@group-0CA9B148280F: Succeed to remove RaftStorageDirectory Storage Directory /home/runner/work/ozone/ozone/hadoop-ozone/integration-test/target/test-dir/MiniOzoneClusterImpl-cebd3685-2b3d-4639-9f0f-41911e64574b/datanode-0/data/ratis/0db9cd4f-359d-47fc-b6d2-0ca9b148280f
2021-11-09 00:57:09,176 [Command processor thread] INFO  commandhandler.ClosePipelineCommandHandler (ClosePipelineCommandHandler.java:handle(78)) - Close Pipeline PipelineID=0db9cd4f-359d-47fc-b6d2-0ca9b148280f command on datanode 4430b70e-e2dc-4778-891b-decd59bd04d3.
2021-11-09 00:57:09,192 [grpc-default-executor-1] INFO  server.GrpcServerProtocolService (GrpcServerProtocolService.java:onCompleted(140)) - d5ae86a0-e3e8-461b-b600-8c2d036507b1: Completed APPEND_ENTRIES, lastRequest: 4430b70e-e2dc-4778-891b-decd59bd04d3->d5ae86a0-e3e8-461b-b600-8c2d036507b1#1-t1,previous=(t:0, i:0),leaderCommit=0,initializing? true,entries: size=1, first=(t:1, i:0), CONFIGURATIONENTRY
2021-11-09 00:57:09,195 [grpc-default-executor-4] INFO  server.GrpcLogAppender (GrpcLogAppender.java:onCompleted(346)) - 4430b70e-e2dc-4778-891b-decd59bd04d3@group-43749416088D->d5ae86a0-e3e8-461b-b600-8c2d036507b1-AppendLogResponseHandler: follower responses appendEntries COMPLETED
2021-11-09 00:57:09,196 [grpc-default-executor-4] INFO  leader.FollowerInfo (FollowerInfoImpl.java:lambda$new$0(47)) - 4430b70e-e2dc-4778-891b-decd59bd04d3@group-43749416088D->d5ae86a0-e3e8-461b-b600-8c2d036507b1: nextIndex: updateUnconditionally 1 -> 0
2021-11-09 00:57:10,563 [Command processor thread] INFO  server.RaftServer (RaftServerProxy.java:remove(106)) - d5ae86a0-e3e8-461b-b600-8c2d036507b1: remove  FOLLOWER d5ae86a0-e3e8-461b-b600-8c2d036507b1@group-43749416088D:t1, leader=4430b70e-e2dc-4778-891b-decd59bd04d3, voted=4430b70e-e2dc-4778-891b-decd59bd04d3, raftlog=d5ae86a0-e3e8-461b-b600-8c2d036507b1@group-43749416088D-SegmentedRaftLog:OPENED:c0, conf=0: [4430b70e-e2dc-4778-891b-decd59bd04d3|rpc:10.1.0.58:37555|dataStream:|priority:1, d5ae86a0-e3e8-461b-b600-8c2d036507b1|rpc:10.1.0.58:45525|dataStream:|priority:0, 43136673-c093-486b-8a61-55aa3fed1341|rpc:10.1.0.58:34809|dataStream:|priority:0], old=null RUNNING
2021-11-09 00:57:10,563 [Command processor thread] INFO  server.RaftServer$Division (RaftServerImpl.java:lambda$close$4(412)) - d5ae86a0-e3e8-461b-b600-8c2d036507b1@group-43749416088D: shutdown
2021-11-09 00:57:10,564 [Command processor thread] INFO  util.JmxRegister (JmxRegister.java:unregister(73)) - Successfully un-registered JMX Bean with object name Ratis:service=RaftServer,group=group-43749416088D,id=d5ae86a0-e3e8-461b-b600-8c2d036507b1
2021-11-09 00:57:10,564 [Command processor thread] INFO  impl.RoleInfo (RoleInfo.java:shutdownFollowerState(108)) - d5ae86a0-e3e8-461b-b600-8c2d036507b1: shutdown d5ae86a0-e3e8-461b-b600-8c2d036507b1@group-43749416088D-FollowerState
2021-11-09 00:57:10,564 [Command processor thread] INFO  impl.StateMachineUpdater (StateMachineUpdater.java:stopAndJoin(149)) - d5ae86a0-e3e8-461b-b600-8c2d036507b1@group-43749416088D-StateMachineUpdater: set stopIndex = 0
2021-11-09 00:57:10,566 [d5ae86a0-e3e8-461b-b600-8c2d036507b1@group-43749416088D-FollowerState] INFO  impl.FollowerState (FollowerState.java:run(143)) - d5ae86a0-e3e8-461b-b600-8c2d036507b1@group-43749416088D-FollowerState was interrupted: {}
java.lang.InterruptedException: sleep interrupted
	at java.lang.Thread.sleep(Native Method)
	at java.lang.Thread.sleep(Thread.java:340)
	at java.util.concurrent.TimeUnit.sleep(TimeUnit.java:386)
	at org.apache.ratis.util.TimeDuration.sleep(TimeDuration.java:324)
	at org.apache.ratis.util.TimeDuration.sleep(TimeDuration.java:309)
	at org.apache.ratis.server.impl.FollowerState.run(FollowerState.java:118)
2021-11-09 00:57:10,566 [d5ae86a0-e3e8-461b-b600-8c2d036507b1@group-43749416088D-StateMachineUpdater] INFO  ratis.ContainerStateMachine (ContainerStateMachine.java:takeSnapshot(292)) - group-43749416088D: Taking a snapshot at:(t:1, i:0) file /home/runner/work/ozone/ozone/hadoop-ozone/integration-test/target/test-dir/MiniOzoneClusterImpl-cebd3685-2b3d-4639-9f0f-41911e64574b/datanode-1/data/ratis/9bc91158-09f7-498f-98c5-43749416088d/sm/snapshot.1_0
2021-11-09 00:57:10,569 [d5ae86a0-e3e8-461b-b600-8c2d036507b1@group-43749416088D-StateMachineUpdater] INFO  ratis.ContainerStateMachine (ContainerStateMachine.java:takeSnapshot(303)) - group-43749416088D: Finished taking a snapshot at:(t:1, i:0) file:/home/runner/work/ozone/ozone/hadoop-ozone/integration-test/target/test-dir/MiniOzoneClusterImpl-cebd3685-2b3d-4639-9f0f-41911e64574b/datanode-1/data/ratis/9bc91158-09f7-498f-98c5-43749416088d/sm/snapshot.1_0 took: 3 ms
2021-11-09 00:57:10,569 [d5ae86a0-e3e8-461b-b600-8c2d036507b1@group-43749416088D-StateMachineUpdater] INFO  impl.StateMachineUpdater (StateMachineUpdater.java:takeSnapshot(281)) - d5ae86a0-e3e8-461b-b600-8c2d036507b1@group-43749416088D-StateMachineUpdater: Took a snapshot at index 0
2021-11-09 00:57:10,569 [d5ae86a0-e3e8-461b-b600-8c2d036507b1@group-43749416088D-StateMachineUpdater] INFO  impl.StateMachineUpdater (StateMachineUpdater.java:lambda$new$0(89)) - d5ae86a0-e3e8-461b-b600-8c2d036507b1@group-43749416088D-StateMachineUpdater: snapshotIndex: updateIncreasingly -1 -> 0
2021-11-09 00:57:10,575 [Command processor thread] INFO  server.RaftServer$Division (ServerState.java:close(419)) - d5ae86a0-e3e8-461b-b600-8c2d036507b1@group-43749416088D: closes. applyIndex: 0
2021-11-09 00:57:10,575 [d5ae86a0-e3e8-461b-b600-8c2d036507b1@group-43749416088D-SegmentedRaftLogWorker] INFO  segmented.SegmentedRaftLogWorker (SegmentedRaftLogWorker.java:run(327)) - d5ae86a0-e3e8-461b-b600-8c2d036507b1@group-43749416088D-SegmentedRaftLogWorker was interrupted, exiting. There are 0 tasks remaining in the queue.
2021-11-09 00:57:10,578 [Command processor thread] INFO  segmented.SegmentedRaftLogWorker (SegmentedRaftLogWorker.java:close(237)) - d5ae86a0-e3e8-461b-b600-8c2d036507b1@group-43749416088D-SegmentedRaftLogWorker close()
2021-11-09 00:57:10,595 [Command processor thread] INFO  server.RaftServer$Division (RaftServerImpl.java:groupRemove(382)) - d5ae86a0-e3e8-461b-b600-8c2d036507b1@group-43749416088D: Succeed to remove RaftStorageDirectory Storage Directory /home/runner/work/ozone/ozone/hadoop-ozone/integration-test/target/test-dir/MiniOzoneClusterImpl-cebd3685-2b3d-4639-9f0f-41911e64574b/datanode-1/data/ratis/9bc91158-09f7-498f-98c5-43749416088d
2021-11-09 00:57:10,595 [Command processor thread] INFO  commandhandler.ClosePipelineCommandHandler (ClosePipelineCommandHandler.java:handle(78)) - Close Pipeline PipelineID=9bc91158-09f7-498f-98c5-43749416088d command on datanode d5ae86a0-e3e8-461b-b600-8c2d036507b1.
2021-11-09 00:57:10,595 [Command processor thread] INFO  server.RaftServer (RaftServerProxy.java:remove(106)) - d5ae86a0-e3e8-461b-b600-8c2d036507b1: remove    LEADER d5ae86a0-e3e8-461b-b600-8c2d036507b1@group-0CA9B148280F:t1, leader=d5ae86a0-e3e8-461b-b600-8c2d036507b1, voted=d5ae86a0-e3e8-461b-b600-8c2d036507b1, raftlog=d5ae86a0-e3e8-461b-b600-8c2d036507b1@group-0CA9B148280F-SegmentedRaftLog:OPENED:c0, conf=0: [4430b70e-e2dc-4778-891b-decd59bd04d3|rpc:10.1.0.58:37555|dataStream:|priority:0, d5ae86a0-e3e8-461b-b600-8c2d036507b1|rpc:10.1.0.58:45525|dataStream:|priority:1, 43136673-c093-486b-8a61-55aa3fed1341|rpc:10.1.0.58:34809|dataStream:|priority:0], old=null RUNNING
2021-11-09 00:57:10,596 [Command processor thread] INFO  server.RaftServer$Division (RaftServerImpl.java:lambda$close$4(412)) - d5ae86a0-e3e8-461b-b600-8c2d036507b1@group-0CA9B148280F: shutdown
2021-11-09 00:57:10,596 [Command processor thread] INFO  util.JmxRegister (JmxRegister.java:unregister(73)) - Successfully un-registered JMX Bean with object name Ratis:service=RaftServer,group=group-0CA9B148280F,id=d5ae86a0-e3e8-461b-b600-8c2d036507b1
2021-11-09 00:57:10,596 [Command processor thread] INFO  impl.RoleInfo (RoleInfo.java:shutdownLeaderState(91)) - d5ae86a0-e3e8-461b-b600-8c2d036507b1: shutdown d5ae86a0-e3e8-461b-b600-8c2d036507b1@group-0CA9B148280F-LeaderStateImpl
2021-11-09 00:57:10,610 [d5ae86a0-e3e8-461b-b600-8c2d036507b1@group-0CA9B148280F->4430b70e-e2dc-4778-891b-decd59bd04d3-GrpcLogAppender-LogAppenderDaemon] WARN  server.GrpcLogAppender (GrpcLogAppender.java:mayWait(177)) - d5ae86a0-e3e8-461b-b600-8c2d036507b1@group-0CA9B148280F->4430b70e-e2dc-4778-891b-decd59bd04d3-GrpcLogAppender: Wait interrupted by java.lang.InterruptedException
2021-11-09 00:57:10,615 [grpc-default-executor-1] INFO  server.GrpcServerProtocolService (GrpcServerProtocolService.java:onCompleted(140)) - 4430b70e-e2dc-4778-891b-decd59bd04d3: Completed APPEND_ENTRIES, lastRequest: d5ae86a0-e3e8-461b-b600-8c2d036507b1->4430b70e-e2dc-4778-891b-decd59bd04d3#1-t1,previous=(t:0, i:0),leaderCommit=0,initializing? true,entries: size=1, first=(t:1, i:0), CONFIGURATIONENTRY
2021-11-09 00:57:10,620 [grpc-default-executor-1] INFO  server.GrpcLogAppender (GrpcLogAppender.java:onCompleted(346)) - d5ae86a0-e3e8-461b-b600-8c2d036507b1@group-0CA9B148280F->4430b70e-e2dc-4778-891b-decd59bd04d3-AppendLogResponseHandler: follower responses appendEntries COMPLETED
2021-11-09 00:57:10,620 [grpc-default-executor-1] INFO  leader.FollowerInfo (FollowerInfoImpl.java:lambda$new$0(47)) - d5ae86a0-e3e8-461b-b600-8c2d036507b1@group-0CA9B148280F->4430b70e-e2dc-4778-891b-decd59bd04d3: nextIndex: updateUnconditionally 1 -> 0
2021-11-09 00:57:10,621 [Command processor thread] INFO  impl.PendingRequests (PendingRequests.java:sendNotLeaderResponses(282)) - d5ae86a0-e3e8-461b-b600-8c2d036507b1@group-0CA9B148280F-PendingRequests: sendNotLeaderResponses
2021-11-09 00:57:10,622 [Command processor thread] INFO  impl.StateMachineUpdater (StateMachineUpdater.java:stopAndJoin(149)) - d5ae86a0-e3e8-461b-b600-8c2d036507b1@group-0CA9B148280F-StateMachineUpdater: set stopIndex = 0
2021-11-09 00:57:10,622 [d5ae86a0-e3e8-461b-b600-8c2d036507b1@group-0CA9B148280F-StateMachineUpdater] INFO  ratis.ContainerStateMachine (ContainerStateMachine.java:takeSnapshot(292)) - group-0CA9B148280F: Taking a snapshot at:(t:1, i:0) file /home/runner/work/ozone/ozone/hadoop-ozone/integration-test/target/test-dir/MiniOzoneClusterImpl-cebd3685-2b3d-4639-9f0f-41911e64574b/datanode-1/data/ratis/0db9cd4f-359d-47fc-b6d2-0ca9b148280f/sm/snapshot.1_0
2021-11-09 00:57:10,623 [d5ae86a0-e3e8-461b-b600-8c2d036507b1@group-0CA9B148280F-StateMachineUpdater] INFO  ratis.ContainerStateMachine (ContainerStateMachine.java:takeSnapshot(303)) - group-0CA9B148280F: Finished taking a snapshot at:(t:1, i:0) file:/home/runner/work/ozone/ozone/hadoop-ozone/integration-test/target/test-dir/MiniOzoneClusterImpl-cebd3685-2b3d-4639-9f0f-41911e64574b/datanode-1/data/ratis/0db9cd4f-359d-47fc-b6d2-0ca9b148280f/sm/snapshot.1_0 took: 1 ms
2021-11-09 00:57:10,623 [d5ae86a0-e3e8-461b-b600-8c2d036507b1@group-0CA9B148280F-StateMachineUpdater] INFO  impl.StateMachineUpdater (StateMachineUpdater.java:takeSnapshot(281)) - d5ae86a0-e3e8-461b-b600-8c2d036507b1@group-0CA9B148280F-StateMachineUpdater: Took a snapshot at index 0
2021-11-09 00:57:10,623 [d5ae86a0-e3e8-461b-b600-8c2d036507b1@group-0CA9B148280F-StateMachineUpdater] INFO  impl.StateMachineUpdater (StateMachineUpdater.java:lambda$new$0(89)) - d5ae86a0-e3e8-461b-b600-8c2d036507b1@group-0CA9B148280F-StateMachineUpdater: snapshotIndex: updateIncreasingly -1 -> 0
2021-11-09 00:57:10,623 [Command processor thread] INFO  server.RaftServer$Division (ServerState.java:close(419)) - d5ae86a0-e3e8-461b-b600-8c2d036507b1@group-0CA9B148280F: closes. applyIndex: 0
2021-11-09 00:57:10,623 [d5ae86a0-e3e8-461b-b600-8c2d036507b1@group-0CA9B148280F-SegmentedRaftLogWorker] INFO  segmented.SegmentedRaftLogWorker (SegmentedRaftLogWorker.java:run(327)) - d5ae86a0-e3e8-461b-b600-8c2d036507b1@group-0CA9B148280F-SegmentedRaftLogWorker was interrupted, exiting. There are 0 tasks remaining in the queue.
2021-11-09 00:57:10,623 [d5ae86a0-e3e8-461b-b600-8c2d036507b1@group-0CA9B148280F->43136673-c093-486b-8a61-55aa3fed1341-GrpcLogAppender-LogAppenderDaemon] ERROR leader.LogAppenderDaemon (LogAppenderDaemon.java:run(86)) - d5ae86a0-e3e8-461b-b600-8c2d036507b1@group-0CA9B148280F->43136673-c093-486b-8a61-55aa3fed1341-GrpcLogAppender-LogAppenderDaemon failed
java.lang.IllegalArgumentException: d5ae86a0-e3e8-461b-b600-8c2d036507b1@group-0CA9B148280F-SegmentedRaftLog is expected to be opened but it is CLOSED
	at org.apache.ratis.util.OpenCloseState.assertOpen(OpenCloseState.java:63)
	at org.apache.ratis.server.raftlog.RaftLogBase.checkLogState(RaftLogBase.java:107)
	at org.apache.ratis.server.raftlog.segmented.SegmentedRaftLog.getTermIndex(SegmentedRaftLog.java:322)
	at org.apache.ratis.server.leader.LogAppenderBase.getPrevious(LogAppenderBase.java:110)
	at org.apache.ratis.server.leader.LogAppenderBase.newAppendEntriesRequest(LogAppenderBase.java:128)
	at org.apache.ratis.grpc.server.GrpcLogAppender.appendLog(GrpcLogAppender.java:213)
	at org.apache.ratis.grpc.server.GrpcLogAppender.run(GrpcLogAppender.java:147)
	at org.apache.ratis.server.leader.LogAppenderDaemon.run(LogAppenderDaemon.java:77)
	at java.lang.Thread.run(Thread.java:748)
Caused by: org.apache.ratis.util.OpenCloseState$CloseTrace: Close d5ae86a0-e3e8-461b-b600-8c2d036507b1@group-0CA9B148280F-SegmentedRaftLog
	at org.apache.ratis.util.OpenCloseState.lambda$close$1(OpenCloseState.java:109)
	at java.util.concurrent.atomic.AtomicReference.getAndUpdate(AtomicReference.java:160)
	at org.apache.ratis.util.OpenCloseState.close(OpenCloseState.java:109)
	at org.apache.ratis.server.raftlog.RaftLogBase.close(RaftLogBase.java:356)
	at org.apache.ratis.server.raftlog.segmented.SegmentedRaftLog.close(SegmentedRaftLog.java:505)
	at org.apache.ratis.server.impl.ServerState.close(ServerState.java:421)
	at org.apache.ratis.server.impl.RaftServerImpl.lambda$close$4(RaftServerImpl.java:434)
	at org.apache.ratis.util.LifeCycle.lambda$checkStateAndClose$4(LifeCycle.java:299)
	at org.apache.ratis.util.LifeCycle.checkStateAndClose(LifeCycle.java:319)
	at org.apache.ratis.util.LifeCycle.checkStateAndClose(LifeCycle.java:297)
	at org.apache.ratis.server.impl.RaftServerImpl.close(RaftServerImpl.java:411)
	at org.apache.ratis.server.impl.RaftServerImpl.groupRemove(RaftServerImpl.java:376)
	at org.apache.ratis.server.impl.RaftServerProxy.lambda$groupRemoveAsync$14(RaftServerProxy.java:507)
	at java.util.concurrent.CompletableFuture.uniApply(CompletableFuture.java:616)
	at java.util.concurrent.CompletableFuture.uniApplyStage(CompletableFuture.java:628)
	at java.util.concurrent.CompletableFuture.thenApply(CompletableFuture.java:1996)
	at org.apache.ratis.server.impl.RaftServerProxy.groupRemoveAsync(RaftServerProxy.java:506)
	at org.apache.ratis.server.impl.RaftServerProxy.groupManagementAsync(RaftServerProxy.java:460)
	at org.apache.ratis.server.impl.RaftServerProxy.groupManagement(RaftServerProxy.java:440)
	at org.apache.hadoop.ozone.container.common.transport.server.ratis.XceiverServerRatis.removeGroup(XceiverServerRatis.java:784)
	at org.apache.hadoop.ozone.container.common.statemachine.commandhandler.ClosePipelineCommandHandler.handle(ClosePipelineCommandHandler.java:77)
	at org.apache.hadoop.ozone.container.common.statemachine.commandhandler.CommandDispatcher.handle(CommandDispatcher.java:99)
	at org.apache.hadoop.ozone.container.common.statemachine.DatanodeStateMachine.lambda$initCommandHandlerThread$2(DatanodeStateMachine.java:567)
	... 1 more
2021-11-09 00:57:10,641 [Command processor thread] INFO  segmented.SegmentedRaftLogWorker (SegmentedRaftLogWorker.java:close(237)) - d5ae86a0-e3e8-461b-b600-8c2d036507b1@group-0CA9B148280F-SegmentedRaftLogWorker close()
2021-11-09 00:57:10,643 [Command processor thread] INFO  server.RaftServer$Division (RaftServerImpl.java:groupRemove(382)) - d5ae86a0-e3e8-461b-b600-8c2d036507b1@group-0CA9B148280F: Succeed to remove RaftStorageDirectory Storage Directory /home/runner/work/ozone/ozone/hadoop-ozone/integration-test/target/test-dir/MiniOzoneClusterImpl-cebd3685-2b3d-4639-9f0f-41911e64574b/datanode-1/data/ratis/0db9cd4f-359d-47fc-b6d2-0ca9b148280f
2021-11-09 00:57:10,644 [Command processor thread] INFO  commandhandler.ClosePipelineCommandHandler (ClosePipelineCommandHandler.java:handle(78)) - Close Pipeline PipelineID=0db9cd4f-359d-47fc-b6d2-0ca9b148280f command on datanode d5ae86a0-e3e8-461b-b600-8c2d036507b1.
2021-11-09 00:57:28,094 [Listener at 127.0.0.1/34135] WARN  io.KeyOutputStream (KeyOutputStream.java:handleException(310)) - Encountered exception java.io.IOException: Unexpected Storage Container Exception: java.util.concurrent.CompletionException: Failed to write chunk 107544261427200001_chunk_6 into block conID: 1 locID: 107544261427200001 bcsId: 10 on the pipeline Pipeline[ Id: 91b13811-3b50-4088-895a-a72bc00d5b3b, Nodes: 43136673-c093-486b-8a61-55aa3fed1341{ip: 10.1.0.58, host: fv-az294-841.eaanfquahm5ulb5tj050gcxych.jx.internal.cloudapp.net, ports: [REPLICATION=33899, RATIS=34809, RATIS_ADMIN=34809, RATIS_SERVER=34809, STANDALONE=39677], networkLocation: /default-rack, certSerialId: null, persistedOpState: IN_SERVICE, persistedOpStateExpiryEpochSec: 0}, ReplicationConfig: RATIS/ONE, State:OPEN, leaderId:43136673-c093-486b-8a61-55aa3fed1341, CreationTimestamp2021-11-09T00:56:32.801Z[Etc/UTC]]. The last committed block length is 450, uncommitted data length is 350 retry count 0
2021-11-09 00:57:28,710 [Listener at 127.0.0.1/34135] WARN  impl.MetricRegistriesImpl (MetricRegistriesImpl.java:addReporterRegistration(111)) - New reporters are added after registries were created. Some metrics will be missing from the reporter. Please add reporter before adding any new registry.
2021-11-09 00:57:28,710 [Listener at 127.0.0.1/34135] WARN  impl.MetricRegistriesImpl (MetricRegistriesImpl.java:addReporterRegistration(111)) - New reporters are added after registries were created. Some metrics will be missing from the reporter. Please add reporter before adding any new registry.
2021-11-09 00:57:28,710 [Listener at 127.0.0.1/34135] INFO  impl.MetricsSystemImpl (MetricsSystemImpl.java:init(158)) - HddsDatanode metrics system started (again)
2021-11-09 00:57:28,776 [Listener at 127.0.0.1/34135] INFO  ozone.HddsDatanodeService (HddsDatanodeService.java:start(234)) - HddsDatanodeService host:fv-az294-841.eaanfquahm5ulb5tj050gcxych.jx.internal.cloudapp.net ip:10.1.0.58
2021-11-09 00:57:28,819 [Listener at 127.0.0.1/34135] INFO  upgrade.AbstractLayoutVersionManager (AbstractLayoutVersionManager.java:init(79)) - Initializing Layout version manager with metadata layout = SCM_HA (version = 2), software layout = SCM_HA (version = 2)
2021-11-09 00:57:28,922 [Listener at 127.0.0.1/34135] INFO  reflections.Reflections (Reflections.java:scan(232)) - Reflections took 102 ms to scan 7 urls, producing 119 keys and 279 values 
2021-11-09 00:57:28,928 [Listener at 127.0.0.1/34135] INFO  statemachine.DatanodeStateMachine (DatanodeStateMachine.java:getEndPointTaskThreadPoolSize(219)) - Datanode State Machine Task Thread Pool size 2
2021-11-09 00:57:28,929 [Listener at 127.0.0.1/34135] INFO  volume.HddsVolume (HddsVolume.java:<init>(120)) - Creating HddsVolume: /home/runner/work/ozone/ozone/hadoop-ozone/integration-test/target/test-dir/MiniOzoneClusterImpl-cebd3685-2b3d-4639-9f0f-41911e64574b/datanode-2/data-0/containers/hdds of storage type : DISK capacity : 9223372036854775807
2021-11-09 00:57:28,929 [Listener at 127.0.0.1/34135] INFO  volume.MutableVolumeSet (MutableVolumeSet.java:initializeVolumeSet(168)) - Added Volume : /home/runner/work/ozone/ozone/hadoop-ozone/integration-test/target/test-dir/MiniOzoneClusterImpl-cebd3685-2b3d-4639-9f0f-41911e64574b/datanode-2/data-0/containers/hdds to VolumeSet
2021-11-09 00:57:28,929 [Listener at 127.0.0.1/34135] INFO  volume.ThrottledAsyncChecker (ThrottledAsyncChecker.java:schedule(141)) - Scheduling a check for /home/runner/work/ozone/ozone/hadoop-ozone/integration-test/target/test-dir/MiniOzoneClusterImpl-cebd3685-2b3d-4639-9f0f-41911e64574b/datanode-2/data-0/containers/hdds
2021-11-09 00:57:28,932 [Listener at 127.0.0.1/34135] INFO  volume.StorageVolumeChecker (StorageVolumeChecker.java:checkAllVolumes(202)) - Scheduled health check for volume /home/runner/work/ozone/ozone/hadoop-ozone/integration-test/target/test-dir/MiniOzoneClusterImpl-cebd3685-2b3d-4639-9f0f-41911e64574b/datanode-2/data-0/containers/hdds
2021-11-09 00:57:28,977 [Listener at 127.0.0.1/34135] INFO  volume.MutableVolumeSet (MutableVolumeSet.java:initializeVolumeSet(168)) - Added Volume : /home/runner/work/ozone/ozone/hadoop-ozone/integration-test/target/test-dir/MiniOzoneClusterImpl-cebd3685-2b3d-4639-9f0f-41911e64574b/datanode-2/data/ratis to VolumeSet
2021-11-09 00:57:28,977 [Listener at 127.0.0.1/34135] INFO  volume.ThrottledAsyncChecker (ThrottledAsyncChecker.java:schedule(141)) - Scheduling a check for /home/runner/work/ozone/ozone/hadoop-ozone/integration-test/target/test-dir/MiniOzoneClusterImpl-cebd3685-2b3d-4639-9f0f-41911e64574b/datanode-2/data/ratis
2021-11-09 00:57:28,977 [Listener at 127.0.0.1/34135] INFO  volume.StorageVolumeChecker (StorageVolumeChecker.java:checkAllVolumes(202)) - Scheduled health check for volume /home/runner/work/ozone/ozone/hadoop-ozone/integration-test/target/test-dir/MiniOzoneClusterImpl-cebd3685-2b3d-4639-9f0f-41911e64574b/datanode-2/data/ratis
2021-11-09 00:57:28,991 [Thread-1785] INFO  ozoneimpl.ContainerReader (ContainerReader.java:readVolume(142)) - Start to verify containers on volume /home/runner/work/ozone/ozone/hadoop-ozone/integration-test/target/test-dir/MiniOzoneClusterImpl-cebd3685-2b3d-4639-9f0f-41911e64574b/datanode-2/data-0/containers/hdds
2021-11-09 00:57:29,049 [Thread-1785] INFO  ozoneimpl.ContainerReader (ContainerReader.java:readVolume(172)) - Finish verifying containers on volume /home/runner/work/ozone/ozone/hadoop-ozone/integration-test/target/test-dir/MiniOzoneClusterImpl-cebd3685-2b3d-4639-9f0f-41911e64574b/datanode-2/data-0/containers/hdds
2021-11-09 00:57:29,055 [Listener at 127.0.0.1/34135] INFO  ozoneimpl.OzoneContainer (OzoneContainer.java:buildContainerSet(236)) - Build ContainerSet costs 0s
2021-11-09 00:57:29,056 [Listener at 127.0.0.1/34135] INFO  server.RaftServer (ConfUtils.java:logGet(44)) - raft.rpc.type = GRPC (default)
2021-11-09 00:57:29,057 [Listener at 127.0.0.1/34135] INFO  grpc.GrpcFactory (GrpcFactory.java:checkPooledByteBufAllocatorUseCacheForAllThreads(48)) - PERFORMANCE WARNING: useCacheForAllThreads is true that may cause Netty to create a lot garbage objects and, as a result, trigger GC.
	It is recommended to disable useCacheForAllThreads by setting -Dorg.apache.ratis.thirdparty.io.netty.allocator.useCacheForAllThreads=false in command line.
2021-11-09 00:57:29,057 [Listener at 127.0.0.1/34135] INFO  grpc.GrpcConfigKeys (ConfUtils.java:logGet(44)) - raft.grpc.admin.port = 34809 (custom)
2021-11-09 00:57:29,057 [Listener at 127.0.0.1/34135] INFO  grpc.GrpcConfigKeys (ConfUtils.java:logGet(44)) - raft.grpc.client.port = 34809 (custom)
2021-11-09 00:57:29,057 [Listener at 127.0.0.1/34135] INFO  grpc.GrpcConfigKeys (ConfUtils.java:logGet(44)) - raft.grpc.server.port = 34809 (custom)
2021-11-09 00:57:29,057 [Listener at 127.0.0.1/34135] INFO  server.GrpcService (ConfUtils.java:logGet(44)) - raft.grpc.message.size.max = 32MB (=33554432) (custom)
2021-11-09 00:57:29,057 [Listener at 127.0.0.1/34135] INFO  server.RaftServerConfigKeys (ConfUtils.java:logGet(44)) - raft.server.log.appender.buffer.byte-limit = 33554432 (custom)
2021-11-09 00:57:29,057 [Listener at 127.0.0.1/34135] INFO  server.GrpcService (ConfUtils.java:logGet(44)) - raft.grpc.flow.control.window = 5MB (=5242880) (custom)
2021-11-09 00:57:29,057 [Listener at 127.0.0.1/34135] INFO  server.RaftServerConfigKeys (ConfUtils.java:logGet(44)) - raft.server.rpc.request.timeout = 3000ms (default)
2021-11-09 00:57:29,058 [Listener at 127.0.0.1/34135] INFO  impl.DataStreamServerImpl (ConfUtils.java:logGet(44)) - raft.datastream.type = DISABLED (default)
2021-11-09 00:57:29,058 [Listener at 127.0.0.1/34135] INFO  server.RaftServerConfigKeys (ConfUtils.java:logGet(44)) - raft.server.rpc.slowness.timeout = 300000ms (custom)
2021-11-09 00:57:29,058 [Listener at 127.0.0.1/34135] INFO  server.RaftServerConfigKeys (ConfUtils.java:logGet(44)) - raft.server.leaderelection.leader.step-down.wait-time = 10s (default)
2021-11-09 00:57:29,059 [Listener at 127.0.0.1/34135] INFO  server.RaftServerConfigKeys (ConfUtils.java:logGet(44)) - raft.server.storage.dir = [/home/runner/work/ozone/ozone/hadoop-ozone/integration-test/target/test-dir/MiniOzoneClusterImpl-cebd3685-2b3d-4639-9f0f-41911e64574b/datanode-2/data/ratis] (custom)
2021-11-09 00:57:29,059 [Listener at 127.0.0.1/34135] INFO  server.RaftServer (RaftServerProxy.java:lambda$null$1(235)) - 43136673-c093-486b-8a61-55aa3fed1341: found a subdirectory /home/runner/work/ozone/ozone/hadoop-ozone/integration-test/target/test-dir/MiniOzoneClusterImpl-cebd3685-2b3d-4639-9f0f-41911e64574b/datanode-2/data/ratis/91b13811-3b50-4088-895a-a72bc00d5b3b
2021-11-09 00:57:29,063 [Listener at 127.0.0.1/34135] INFO  server.RaftServer (RaftServerProxy.java:addNew(95)) - 43136673-c093-486b-8a61-55aa3fed1341: addNew group-A72BC00D5B3B:[] returns group-A72BC00D5B3B:java.util.concurrent.CompletableFuture@642c5f0c[Not completed]
2021-11-09 00:57:29,063 [Listener at 127.0.0.1/34135] INFO  server.RaftServer (RaftServerProxy.java:lambda$null$1(235)) - 43136673-c093-486b-8a61-55aa3fed1341: found a subdirectory /home/runner/work/ozone/ozone/hadoop-ozone/integration-test/target/test-dir/MiniOzoneClusterImpl-cebd3685-2b3d-4639-9f0f-41911e64574b/datanode-2/data/ratis/9bc91158-09f7-498f-98c5-43749416088d
2021-11-09 00:57:29,064 [Listener at 127.0.0.1/34135] INFO  server.RaftServer (RaftServerProxy.java:addNew(95)) - 43136673-c093-486b-8a61-55aa3fed1341: addNew group-43749416088D:[] returns group-43749416088D:java.util.concurrent.CompletableFuture@50bf382b[Not completed]
2021-11-09 00:57:29,064 [Listener at 127.0.0.1/34135] INFO  server.RaftServer (RaftServerProxy.java:lambda$null$1(235)) - 43136673-c093-486b-8a61-55aa3fed1341: found a subdirectory /home/runner/work/ozone/ozone/hadoop-ozone/integration-test/target/test-dir/MiniOzoneClusterImpl-cebd3685-2b3d-4639-9f0f-41911e64574b/datanode-2/data/ratis/0db9cd4f-359d-47fc-b6d2-0ca9b148280f
2021-11-09 00:57:29,064 [Listener at 127.0.0.1/34135] INFO  server.RaftServer (RaftServerProxy.java:addNew(95)) - 43136673-c093-486b-8a61-55aa3fed1341: addNew group-0CA9B148280F:[] returns group-0CA9B148280F:java.util.concurrent.CompletableFuture@73943dfb[Not completed]
2021-11-09 00:57:29,066 [pool-671-thread-1] INFO  server.RaftServer$Division (RaftServerImpl.java:<init>(184)) - 43136673-c093-486b-8a61-55aa3fed1341: new RaftServerImpl for group-A72BC00D5B3B:[] with ContainerStateMachine:uninitialized
2021-11-09 00:57:29,080 [pool-671-thread-1] INFO  server.RaftServerConfigKeys (ConfUtils.java:logGet(44)) - raft.server.rpc.timeout.min = 5s (custom)
2021-11-09 00:57:29,081 [pool-671-thread-1] INFO  server.RaftServerConfigKeys (ConfUtils.java:logGet(44)) - raft.server.rpc.timeout.max = 5200ms (custom)
2021-11-09 00:57:29,081 [pool-671-thread-1] INFO  server.RaftServerConfigKeys (ConfUtils.java:logGet(44)) - raft.server.rpc.sleep.time = 25ms (default)
2021-11-09 00:57:29,081 [pool-671-thread-1] INFO  server.RaftServerConfigKeys (ConfUtils.java:logGet(44)) - raft.server.rpc.slowness.timeout = 300000ms (custom)
2021-11-09 00:57:29,081 [pool-671-thread-1] INFO  server.RaftServerConfigKeys (ConfUtils.java:logGet(44)) - raft.server.leaderelection.leader.step-down.wait-time = 10s (default)
2021-11-09 00:57:29,081 [pool-671-thread-1] INFO  server.RaftServerConfigKeys (ConfUtils.java:logGet(44)) - raft.server.sleep.deviation.threshold = 300ms (default)
2021-11-09 00:57:29,081 [pool-671-thread-1] INFO  server.RaftServerConfigKeys (ConfUtils.java:logGet(44)) - raft.server.log.appender.install.snapshot.enabled = false (custom)
2021-11-09 00:57:29,081 [pool-671-thread-1] INFO  server.RaftServer$Division (ServerState.java:<init>(105)) - 43136673-c093-486b-8a61-55aa3fed1341@group-A72BC00D5B3B: ConfigurationManager, init=-1: [], old=null, confs=<EMPTY_MAP>
2021-11-09 00:57:29,081 [pool-671-thread-1] INFO  server.RaftServerConfigKeys (ConfUtils.java:logGet(44)) - raft.server.storage.dir = [/home/runner/work/ozone/ozone/hadoop-ozone/integration-test/target/test-dir/MiniOzoneClusterImpl-cebd3685-2b3d-4639-9f0f-41911e64574b/datanode-2/data/ratis] (custom)
2021-11-09 00:57:29,081 [pool-671-thread-1] INFO  server.RaftServerConfigKeys (ConfUtils.java:logGet(44)) - raft.server.log.corruption.policy = EXCEPTION (default)
2021-11-09 00:57:29,081 [pool-671-thread-1] INFO  server.RaftServerConfigKeys (ConfUtils.java:logGet(44)) - raft.server.storage.free-space.min = 0MB (=0) (default)
2021-11-09 00:57:29,086 [pool-671-thread-1] INFO  storage.RaftStorageDirectory (RaftStorageDirectoryImpl.java:tryLock(230)) - Lock on /home/runner/work/ozone/ozone/hadoop-ozone/integration-test/target/test-dir/MiniOzoneClusterImpl-cebd3685-2b3d-4639-9f0f-41911e64574b/datanode-2/data/ratis/91b13811-3b50-4088-895a-a72bc00d5b3b/in_use.lock acquired by nodename 2851@fv-az294-841
2021-11-09 00:57:29,087 [pool-671-thread-1] INFO  storage.RaftStorage (RaftStorageImpl.java:analyzeAndRecoverStorage(110)) - Read RaftStorageMetadata{term=1, votedFor=43136673-c093-486b-8a61-55aa3fed1341} from /home/runner/work/ozone/ozone/hadoop-ozone/integration-test/target/test-dir/MiniOzoneClusterImpl-cebd3685-2b3d-4639-9f0f-41911e64574b/datanode-2/data/ratis/91b13811-3b50-4088-895a-a72bc00d5b3b/current/raft-meta
2021-11-09 00:57:29,104 [Listener at 127.0.0.1/34135] INFO  http.BaseHttpServer (BaseHttpServer.java:newHttpServer2BuilderForOzone(209)) - Starting Web-server for hddsDatanode at: http://0.0.0.0:37197
2021-11-09 00:57:29,104 [Listener at 127.0.0.1/34135] INFO  http.BaseHttpServer (BaseHttpServer.java:<init>(107)) - Hadoop Security Enabled: false Ozone Security Enabled: false Ozone HTTP Security Enabled: false 
2021-11-09 00:57:29,105 [Listener at 127.0.0.1/34135] INFO  server.AuthenticationFilter (AuthenticationFilter.java:constructSecretProvider(240)) - Unable to initialize FileSignerSecretProvider, falling back to use random secrets.
2021-11-09 00:57:29,124 [Listener at 127.0.0.1/34135] WARN  http.HttpRequestLog (HttpRequestLog.java:getRequestLog(103)) - Jetty request log can only be enabled using Log4j
2021-11-09 00:57:29,124 [pool-671-thread-1] INFO  ratis.ContainerStateMachine (ContainerStateMachine.java:loadSnapshot(233)) - group-A72BC00D5B3B: Setting the last applied index to (t:1, i:11)
2021-11-09 00:57:29,125 [pool-671-thread-1] INFO  server.RaftServer$Division (ServerState.java:setRaftConf(387)) - 43136673-c093-486b-8a61-55aa3fed1341@group-A72BC00D5B3B: set configuration 0: [43136673-c093-486b-8a61-55aa3fed1341|rpc:10.1.0.58:34809|dataStream:|priority:1], old=null
2021-11-09 00:57:29,125 [pool-671-thread-1] INFO  server.RaftServerConfigKeys (ConfUtils.java:logGet(44)) - raft.server.notification.no-leader.timeout = 300000ms (custom)
2021-11-09 00:57:29,125 [pool-671-thread-1] INFO  server.RaftServerConfigKeys (ConfUtils.java:logGet(44)) - raft.server.log.use.memory = false (default)
2021-11-09 00:57:29,125 [pool-671-thread-1] INFO  server.RaftServerConfigKeys (ConfUtils.java:logGet(44)) - raft.server.log.purge.gap = 1000000 (custom)
2021-11-09 00:57:29,125 [Listener at 127.0.0.1/34135] INFO  http.HttpServer2 (HttpServer2.java:addGlobalFilter(1030)) - Added global filter 'safety' (class=org.apache.hadoop.hdds.server.http.HttpServer2$QuotingInputFilter)
2021-11-09 00:57:29,126 [Listener at 127.0.0.1/34135] INFO  http.HttpServer2 (HttpServer2.java:addFilter(1006)) - Added filter static_user_filter (class=org.apache.hadoop.http.lib.StaticUserWebFilter$StaticUserFilter) to context hddsDatanode
2021-11-09 00:57:29,126 [Listener at 127.0.0.1/34135] INFO  http.HttpServer2 (HttpServer2.java:addFilter(1014)) - Added filter static_user_filter (class=org.apache.hadoop.http.lib.StaticUserWebFilter$StaticUserFilter) to context logs
2021-11-09 00:57:29,126 [Listener at 127.0.0.1/34135] INFO  http.HttpServer2 (HttpServer2.java:addFilter(1014)) - Added filter static_user_filter (class=org.apache.hadoop.http.lib.StaticUserWebFilter$StaticUserFilter) to context static
2021-11-09 00:57:29,126 [Listener at 127.0.0.1/34135] INFO  http.HttpServer2 (HttpServer2.java:bindListener(1249)) - Jetty bound to port 37197
2021-11-09 00:57:29,126 [Listener at 127.0.0.1/34135] INFO  server.Server (Server.java:doStart(375)) - jetty-9.4.43.v20210629; built: 2021-06-30T11:07:22.254Z; git: 526006ecfa3af7f1a27ef3a288e2bef7ea9dd7e8; jvm 1.8.0_292-b10
2021-11-09 00:57:29,127 [pool-671-thread-1] INFO  server.RaftServerConfigKeys (ConfUtils.java:logGet(44)) - raft.server.log.appender.buffer.byte-limit = 33554432 (custom)
2021-11-09 00:57:29,127 [pool-671-thread-1] INFO  server.RaftServerConfigKeys (ConfUtils.java:logGet(44)) - raft.server.log.segment.size.max = 1048576 (custom)
2021-11-09 00:57:29,127 [pool-671-thread-1] INFO  server.RaftServerConfigKeys (ConfUtils.java:logGet(44)) - raft.server.log.segment.cache.num.max = 2 (custom)
2021-11-09 00:57:29,127 [pool-671-thread-1] INFO  server.RaftServerConfigKeys (ConfUtils.java:logGet(44)) - raft.server.log.segment.cache.size.max = 200MB (=209715200) (default)
2021-11-09 00:57:29,127 [pool-671-thread-1] INFO  segmented.SegmentedRaftLogWorker (SegmentedRaftLogWorker.java:<init>(182)) - new 43136673-c093-486b-8a61-55aa3fed1341@group-A72BC00D5B3B-SegmentedRaftLogWorker for RaftStorageImpl:Storage Directory /home/runner/work/ozone/ozone/hadoop-ozone/integration-test/target/test-dir/MiniOzoneClusterImpl-cebd3685-2b3d-4639-9f0f-41911e64574b/datanode-2/data/ratis/91b13811-3b50-4088-895a-a72bc00d5b3b
2021-11-09 00:57:29,128 [pool-671-thread-1] INFO  server.RaftServerConfigKeys (ConfUtils.java:logGet(44)) - raft.server.log.queue.byte-limit = 2147483647 (custom)
2021-11-09 00:57:29,128 [pool-671-thread-1] INFO  server.RaftServerConfigKeys (ConfUtils.java:logGet(44)) - raft.server.log.queue.element-limit = 1024 (custom)
2021-11-09 00:57:29,128 [pool-671-thread-1] INFO  server.RaftServerConfigKeys (ConfUtils.java:logGet(44)) - raft.server.log.segment.size.max = 1048576 (custom)
2021-11-09 00:57:29,128 [pool-671-thread-1] INFO  server.RaftServerConfigKeys (ConfUtils.java:logGet(44)) - raft.server.log.preallocated.size = 16384 (custom)
2021-11-09 00:57:29,128 [pool-671-thread-1] INFO  server.RaftServerConfigKeys (ConfUtils.java:logGet(44)) - raft.server.log.force.sync.num = 128 (default)
2021-11-09 00:57:29,128 [pool-671-thread-1] INFO  server.RaftServerConfigKeys (ConfUtils.java:logGet(44)) - raft.server.log.statemachine.data.sync = true (default)
2021-11-09 00:57:29,128 [pool-671-thread-1] INFO  server.RaftServerConfigKeys (ConfUtils.java:logGet(44)) - raft.server.log.statemachine.data.sync.timeout = 10s (default)
2021-11-09 00:57:29,128 [pool-671-thread-1] INFO  server.RaftServerConfigKeys (ConfUtils.java:logGet(44)) - raft.server.log.statemachine.data.sync.timeout.retry = -1 (default)
2021-11-09 00:57:29,163 [Listener at 127.0.0.1/34135] INFO  server.session (DefaultSessionIdManager.java:doStart(334)) - DefaultSessionIdManager workerName=node0
2021-11-09 00:57:29,164 [Listener at 127.0.0.1/34135] INFO  server.session (DefaultSessionIdManager.java:doStart(339)) - No SessionScavenger set, using defaults
2021-11-09 00:57:29,164 [Listener at 127.0.0.1/34135] INFO  server.session (HouseKeeper.java:startScavenging(132)) - node0 Scavenging every 660000ms
2021-11-09 00:57:29,166 [Listener at 127.0.0.1/34135] INFO  handler.ContextHandler (ContextHandler.java:doStart(915)) - Started o.e.j.s.ServletContextHandler@5b51b4c5{logs,/logs,file:///home/runner/work/ozone/ozone/hadoop-ozone/integration-test/target/log,AVAILABLE}
2021-11-09 00:57:29,166 [Listener at 127.0.0.1/34135] INFO  handler.ContextHandler (ContextHandler.java:doStart(915)) - Started o.e.j.s.ServletContextHandler@450e5e46{static,/static,jar:file:/home/runner/.m2/repository/org/apache/ozone/hdds-container-service/1.2.0-SNAPSHOT/hdds-container-service-1.2.0-SNAPSHOT.jar!/webapps/static,AVAILABLE}
2021-11-09 00:57:29,168 [pool-671-thread-1] INFO  server.RaftServerConfigKeys (ConfUtils.java:logGet(44)) - raft.server.log.write.buffer.size = 1048576 (custom)
2021-11-09 00:57:29,169 [pool-671-thread-1] INFO  server.RaftServerConfigKeys (ConfUtils.java:logGet(44)) - raft.server.log.statemachine.data.caching.enabled = true (custom)
2021-11-09 00:57:29,171 [pool-671-thread-1] INFO  server.RaftServer$Division (ServerState.java:setRaftConf(387)) - 43136673-c093-486b-8a61-55aa3fed1341@group-A72BC00D5B3B: set configuration 0: [43136673-c093-486b-8a61-55aa3fed1341|rpc:10.1.0.58:34809|dataStream:|priority:1], old=null
2021-11-09 00:57:29,180 [pool-671-thread-1] INFO  segmented.LogSegment (LogSegment.java:loadSegment(173)) - Successfully read 12 entries from segment file /home/runner/work/ozone/ozone/hadoop-ozone/integration-test/target/test-dir/MiniOzoneClusterImpl-cebd3685-2b3d-4639-9f0f-41911e64574b/datanode-2/data/ratis/91b13811-3b50-4088-895a-a72bc00d5b3b/current/log_inprogress_0
2021-11-09 00:57:29,185 [pool-671-thread-1] INFO  segmented.SegmentedRaftLogWorker (SegmentedRaftLogWorker.java:lambda$new$0(133)) - 43136673-c093-486b-8a61-55aa3fed1341@group-A72BC00D5B3B-SegmentedRaftLogWorker: flushIndex: setUnconditionally 0 -> 11
2021-11-09 00:57:29,185 [pool-671-thread-1] INFO  segmented.SegmentedRaftLogWorker (SegmentedRaftLogWorker.java:lambda$new$0(133)) - 43136673-c093-486b-8a61-55aa3fed1341@group-A72BC00D5B3B-SegmentedRaftLogWorker: safeCacheEvictIndex: setUnconditionally 0 -> -1
2021-11-09 00:57:29,187 [pool-671-thread-1] INFO  raftlog.RaftLog (RaftLogBase.java:lambda$new$0(53)) - 43136673-c093-486b-8a61-55aa3fed1341@group-A72BC00D5B3B-SegmentedRaftLog: commitIndex: updateToMax old=11, new=10, updated? false
2021-11-09 00:57:29,192 [pool-671-thread-1] INFO  server.RaftServerConfigKeys (ConfUtils.java:logGet(44)) - raft.server.snapshot.auto.trigger.enabled = true (custom)
2021-11-09 00:57:29,193 [pool-671-thread-1] INFO  server.RaftServerConfigKeys (ConfUtils.java:logGet(44)) - raft.server.snapshot.auto.trigger.threshold = 10000 (custom)
2021-11-09 00:57:29,193 [pool-671-thread-1] INFO  server.RaftServerConfigKeys (ConfUtils.java:logGet(44)) - raft.server.snapshot.retention.file.num = 5 (custom)
2021-11-09 00:57:29,193 [pool-671-thread-1] INFO  server.RaftServerConfigKeys (ConfUtils.java:logGet(44)) - raft.server.log.purge.upto.snapshot.index = false (default)
2021-11-09 00:57:29,193 [pool-671-thread-1] INFO  server.RaftServerConfigKeys (ConfUtils.java:logGet(44)) - raft.server.retrycache.expirytime = 600000ms (custom)
2021-11-09 00:57:29,193 [pool-671-thread-1] INFO  server.RaftServerConfigKeys (ConfUtils.java:logGet(44)) - raft.server.retrycache.statistics.expirytime = 100μs (default)
2021-11-09 00:57:29,195 [pool-671-thread-1] INFO  server.RaftServer$Division (RaftServerImpl.java:<init>(184)) - 43136673-c093-486b-8a61-55aa3fed1341: new RaftServerImpl for group-43749416088D:[] with ContainerStateMachine:uninitialized
2021-11-09 00:57:29,195 [pool-671-thread-1] INFO  server.RaftServerConfigKeys (ConfUtils.java:logGet(44)) - raft.server.rpc.timeout.min = 5s (custom)
2021-11-09 00:57:29,195 [pool-671-thread-1] INFO  server.RaftServerConfigKeys (ConfUtils.java:logGet(44)) - raft.server.rpc.timeout.max = 5200ms (custom)
2021-11-09 00:57:29,195 [pool-671-thread-1] INFO  server.RaftServerConfigKeys (ConfUtils.java:logGet(44)) - raft.server.rpc.sleep.time = 25ms (default)
2021-11-09 00:57:29,195 [pool-671-thread-1] INFO  server.RaftServerConfigKeys (ConfUtils.java:logGet(44)) - raft.server.rpc.slowness.timeout = 300000ms (custom)
2021-11-09 00:57:29,195 [pool-671-thread-1] INFO  server.RaftServerConfigKeys (ConfUtils.java:logGet(44)) - raft.server.leaderelection.leader.step-down.wait-time = 10s (default)
2021-11-09 00:57:29,195 [pool-671-thread-1] INFO  server.RaftServerConfigKeys (ConfUtils.java:logGet(44)) - raft.server.sleep.deviation.threshold = 300ms (default)
2021-11-09 00:57:29,195 [pool-671-thread-1] INFO  server.RaftServerConfigKeys (ConfUtils.java:logGet(44)) - raft.server.log.appender.install.snapshot.enabled = false (custom)
2021-11-09 00:57:29,195 [pool-671-thread-1] INFO  server.RaftServer$Division (ServerState.java:<init>(105)) - 43136673-c093-486b-8a61-55aa3fed1341@group-43749416088D: ConfigurationManager, init=-1: [], old=null, confs=<EMPTY_MAP>
2021-11-09 00:57:29,195 [pool-671-thread-1] INFO  server.RaftServerConfigKeys (ConfUtils.java:logGet(44)) - raft.server.storage.dir = [/home/runner/work/ozone/ozone/hadoop-ozone/integration-test/target/test-dir/MiniOzoneClusterImpl-cebd3685-2b3d-4639-9f0f-41911e64574b/datanode-2/data/ratis] (custom)
2021-11-09 00:57:29,195 [pool-671-thread-1] INFO  server.RaftServerConfigKeys (ConfUtils.java:logGet(44)) - raft.server.log.corruption.policy = EXCEPTION (default)
2021-11-09 00:57:29,195 [pool-671-thread-1] INFO  server.RaftServerConfigKeys (ConfUtils.java:logGet(44)) - raft.server.storage.free-space.min = 0MB (=0) (default)
2021-11-09 00:57:29,200 [pool-671-thread-1] INFO  storage.RaftStorageDirectory (RaftStorageDirectoryImpl.java:tryLock(230)) - Lock on /home/runner/work/ozone/ozone/hadoop-ozone/integration-test/target/test-dir/MiniOzoneClusterImpl-cebd3685-2b3d-4639-9f0f-41911e64574b/datanode-2/data/ratis/9bc91158-09f7-498f-98c5-43749416088d/in_use.lock acquired by nodename 2851@fv-az294-841
2021-11-09 00:57:29,204 [pool-671-thread-1] INFO  storage.RaftStorage (RaftStorageImpl.java:analyzeAndRecoverStorage(110)) - Read RaftStorageMetadata{term=1, votedFor=4430b70e-e2dc-4778-891b-decd59bd04d3} from /home/runner/work/ozone/ozone/hadoop-ozone/integration-test/target/test-dir/MiniOzoneClusterImpl-cebd3685-2b3d-4639-9f0f-41911e64574b/datanode-2/data/ratis/9bc91158-09f7-498f-98c5-43749416088d/current/raft-meta
2021-11-09 00:57:29,205 [pool-671-thread-1] INFO  ratis.ContainerStateMachine (ContainerStateMachine.java:loadSnapshot(233)) - group-43749416088D: Setting the last applied index to (t:1, i:0)
2021-11-09 00:57:29,205 [pool-671-thread-1] INFO  server.RaftServer$Division (ServerState.java:setRaftConf(387)) - 43136673-c093-486b-8a61-55aa3fed1341@group-43749416088D: set configuration 0: [4430b70e-e2dc-4778-891b-decd59bd04d3|rpc:10.1.0.58:37555|dataStream:|priority:1, d5ae86a0-e3e8-461b-b600-8c2d036507b1|rpc:10.1.0.58:45525|dataStream:|priority:0, 43136673-c093-486b-8a61-55aa3fed1341|rpc:10.1.0.58:34809|dataStream:|priority:0], old=null
2021-11-09 00:57:29,205 [pool-671-thread-1] INFO  server.RaftServerConfigKeys (ConfUtils.java:logGet(44)) - raft.server.notification.no-leader.timeout = 300000ms (custom)
2021-11-09 00:57:29,205 [pool-671-thread-1] INFO  server.RaftServerConfigKeys (ConfUtils.java:logGet(44)) - raft.server.log.use.memory = false (default)
2021-11-09 00:57:29,205 [pool-671-thread-1] INFO  server.RaftServerConfigKeys (ConfUtils.java:logGet(44)) - raft.server.log.purge.gap = 1000000 (custom)
2021-11-09 00:57:29,205 [pool-671-thread-1] INFO  server.RaftServerConfigKeys (ConfUtils.java:logGet(44)) - raft.server.log.appender.buffer.byte-limit = 33554432 (custom)
2021-11-09 00:57:29,206 [pool-671-thread-1] INFO  server.RaftServerConfigKeys (ConfUtils.java:logGet(44)) - raft.server.log.segment.size.max = 1048576 (custom)
2021-11-09 00:57:29,206 [pool-671-thread-1] INFO  server.RaftServerConfigKeys (ConfUtils.java:logGet(44)) - raft.server.log.segment.cache.num.max = 2 (custom)
2021-11-09 00:57:29,206 [pool-671-thread-1] INFO  server.RaftServerConfigKeys (ConfUtils.java:logGet(44)) - raft.server.log.segment.cache.size.max = 200MB (=209715200) (default)
2021-11-09 00:57:29,206 [pool-671-thread-1] INFO  segmented.SegmentedRaftLogWorker (SegmentedRaftLogWorker.java:<init>(182)) - new 43136673-c093-486b-8a61-55aa3fed1341@group-43749416088D-SegmentedRaftLogWorker for RaftStorageImpl:Storage Directory /home/runner/work/ozone/ozone/hadoop-ozone/integration-test/target/test-dir/MiniOzoneClusterImpl-cebd3685-2b3d-4639-9f0f-41911e64574b/datanode-2/data/ratis/9bc91158-09f7-498f-98c5-43749416088d
2021-11-09 00:57:29,206 [pool-671-thread-1] INFO  server.RaftServerConfigKeys (ConfUtils.java:logGet(44)) - raft.server.log.queue.byte-limit = 2147483647 (custom)
2021-11-09 00:57:29,206 [pool-671-thread-1] INFO  server.RaftServerConfigKeys (ConfUtils.java:logGet(44)) - raft.server.log.queue.element-limit = 1024 (custom)
2021-11-09 00:57:29,206 [pool-671-thread-1] INFO  server.RaftServerConfigKeys (ConfUtils.java:logGet(44)) - raft.server.log.segment.size.max = 1048576 (custom)
2021-11-09 00:57:29,206 [pool-671-thread-1] INFO  server.RaftServerConfigKeys (ConfUtils.java:logGet(44)) - raft.server.log.preallocated.size = 16384 (custom)
2021-11-09 00:57:29,206 [pool-671-thread-1] INFO  server.RaftServerConfigKeys (ConfUtils.java:logGet(44)) - raft.server.log.force.sync.num = 128 (default)
2021-11-09 00:57:29,206 [pool-671-thread-1] INFO  server.RaftServerConfigKeys (ConfUtils.java:logGet(44)) - raft.server.log.statemachine.data.sync = true (default)
2021-11-09 00:57:29,206 [pool-671-thread-1] INFO  server.RaftServerConfigKeys (ConfUtils.java:logGet(44)) - raft.server.log.statemachine.data.sync.timeout = 10s (default)
2021-11-09 00:57:29,207 [pool-671-thread-1] INFO  server.RaftServerConfigKeys (ConfUtils.java:logGet(44)) - raft.server.log.statemachine.data.sync.timeout.retry = -1 (default)
2021-11-09 00:57:29,208 [pool-671-thread-1] INFO  server.RaftServerConfigKeys (ConfUtils.java:logGet(44)) - raft.server.log.write.buffer.size = 1048576 (custom)
2021-11-09 00:57:29,209 [pool-671-thread-1] INFO  server.RaftServerConfigKeys (ConfUtils.java:logGet(44)) - raft.server.log.statemachine.data.caching.enabled = true (custom)
2021-11-09 00:57:29,221 [pool-671-thread-1] INFO  server.RaftServer$Division (ServerState.java:setRaftConf(387)) - 43136673-c093-486b-8a61-55aa3fed1341@group-43749416088D: set configuration 0: [4430b70e-e2dc-4778-891b-decd59bd04d3|rpc:10.1.0.58:37555|dataStream:|priority:1, d5ae86a0-e3e8-461b-b600-8c2d036507b1|rpc:10.1.0.58:45525|dataStream:|priority:0, 43136673-c093-486b-8a61-55aa3fed1341|rpc:10.1.0.58:34809|dataStream:|priority:0], old=null
2021-11-09 00:57:29,239 [pool-671-thread-1] INFO  segmented.LogSegment (LogSegment.java:loadSegment(173)) - Successfully read 1 entries from segment file /home/runner/work/ozone/ozone/hadoop-ozone/integration-test/target/test-dir/MiniOzoneClusterImpl-cebd3685-2b3d-4639-9f0f-41911e64574b/datanode-2/data/ratis/9bc91158-09f7-498f-98c5-43749416088d/current/log_inprogress_0
2021-11-09 00:57:29,240 [pool-671-thread-1] INFO  segmented.SegmentedRaftLogWorker (SegmentedRaftLogWorker.java:lambda$new$0(133)) - 43136673-c093-486b-8a61-55aa3fed1341@group-43749416088D-SegmentedRaftLogWorker: flushIndex: setUnconditionally 0 -> 0
2021-11-09 00:57:29,240 [pool-671-thread-1] INFO  segmented.SegmentedRaftLogWorker (SegmentedRaftLogWorker.java:lambda$new$0(133)) - 43136673-c093-486b-8a61-55aa3fed1341@group-43749416088D-SegmentedRaftLogWorker: safeCacheEvictIndex: setUnconditionally 0 -> -1
2021-11-09 00:57:29,248 [pool-671-thread-1] INFO  server.RaftServerConfigKeys (ConfUtils.java:logGet(44)) - raft.server.snapshot.auto.trigger.enabled = true (custom)
2021-11-09 00:57:29,248 [pool-671-thread-1] INFO  server.RaftServerConfigKeys (ConfUtils.java:logGet(44)) - raft.server.snapshot.auto.trigger.threshold = 10000 (custom)
2021-11-09 00:57:29,248 [pool-671-thread-1] INFO  server.RaftServerConfigKeys (ConfUtils.java:logGet(44)) - raft.server.snapshot.retention.file.num = 5 (custom)
2021-11-09 00:57:29,248 [pool-671-thread-1] INFO  server.RaftServerConfigKeys (ConfUtils.java:logGet(44)) - raft.server.log.purge.upto.snapshot.index = false (default)
2021-11-09 00:57:29,248 [pool-671-thread-1] INFO  server.RaftServerConfigKeys (ConfUtils.java:logGet(44)) - raft.server.retrycache.expirytime = 600000ms (custom)
2021-11-09 00:57:29,248 [pool-671-thread-1] INFO  server.RaftServerConfigKeys (ConfUtils.java:logGet(44)) - raft.server.retrycache.statistics.expirytime = 100μs (default)
2021-11-09 00:57:29,250 [pool-671-thread-1] INFO  server.RaftServer$Division (RaftServerImpl.java:<init>(184)) - 43136673-c093-486b-8a61-55aa3fed1341: new RaftServerImpl for group-0CA9B148280F:[] with ContainerStateMachine:uninitialized
2021-11-09 00:57:29,255 [pool-671-thread-1] INFO  server.RaftServerConfigKeys (ConfUtils.java:logGet(44)) - raft.server.rpc.timeout.min = 5s (custom)
2021-11-09 00:57:29,255 [pool-671-thread-1] INFO  server.RaftServerConfigKeys (ConfUtils.java:logGet(44)) - raft.server.rpc.timeout.max = 5200ms (custom)
2021-11-09 00:57:29,255 [pool-671-thread-1] INFO  server.RaftServerConfigKeys (ConfUtils.java:logGet(44)) - raft.server.rpc.sleep.time = 25ms (default)
2021-11-09 00:57:29,255 [pool-671-thread-1] INFO  server.RaftServerConfigKeys (ConfUtils.java:logGet(44)) - raft.server.rpc.slowness.timeout = 300000ms (custom)
2021-11-09 00:57:29,255 [pool-671-thread-1] INFO  server.RaftServerConfigKeys (ConfUtils.java:logGet(44)) - raft.server.leaderelection.leader.step-down.wait-time = 10s (default)
2021-11-09 00:57:29,256 [pool-671-thread-1] INFO  server.RaftServerConfigKeys (ConfUtils.java:logGet(44)) - raft.server.sleep.deviation.threshold = 300ms (default)
2021-11-09 00:57:29,256 [pool-671-thread-1] INFO  server.RaftServerConfigKeys (ConfUtils.java:logGet(44)) - raft.server.log.appender.install.snapshot.enabled = false (custom)
2021-11-09 00:57:29,256 [pool-671-thread-1] INFO  server.RaftServer$Division (ServerState.java:<init>(105)) - 43136673-c093-486b-8a61-55aa3fed1341@group-0CA9B148280F: ConfigurationManager, init=-1: [], old=null, confs=<EMPTY_MAP>
2021-11-09 00:57:29,256 [pool-671-thread-1] INFO  server.RaftServerConfigKeys (ConfUtils.java:logGet(44)) - raft.server.storage.dir = [/home/runner/work/ozone/ozone/hadoop-ozone/integration-test/target/test-dir/MiniOzoneClusterImpl-cebd3685-2b3d-4639-9f0f-41911e64574b/datanode-2/data/ratis] (custom)
2021-11-09 00:57:29,256 [pool-671-thread-1] INFO  server.RaftServerConfigKeys (ConfUtils.java:logGet(44)) - raft.server.log.corruption.policy = EXCEPTION (default)
2021-11-09 00:57:29,256 [pool-671-thread-1] INFO  server.RaftServerConfigKeys (ConfUtils.java:logGet(44)) - raft.server.storage.free-space.min = 0MB (=0) (default)
2021-11-09 00:57:29,268 [pool-671-thread-1] INFO  storage.RaftStorageDirectory (RaftStorageDirectoryImpl.java:tryLock(230)) - Lock on /home/runner/work/ozone/ozone/hadoop-ozone/integration-test/target/test-dir/MiniOzoneClusterImpl-cebd3685-2b3d-4639-9f0f-41911e64574b/datanode-2/data/ratis/0db9cd4f-359d-47fc-b6d2-0ca9b148280f/in_use.lock acquired by nodename 2851@fv-az294-841
2021-11-09 00:57:29,268 [pool-671-thread-1] INFO  storage.RaftStorage (RaftStorageImpl.java:analyzeAndRecoverStorage(110)) - Read RaftStorageMetadata{term=1, votedFor=d5ae86a0-e3e8-461b-b600-8c2d036507b1} from /home/runner/work/ozone/ozone/hadoop-ozone/integration-test/target/test-dir/MiniOzoneClusterImpl-cebd3685-2b3d-4639-9f0f-41911e64574b/datanode-2/data/ratis/0db9cd4f-359d-47fc-b6d2-0ca9b148280f/current/raft-meta
2021-11-09 00:57:29,272 [pool-671-thread-1] INFO  ratis.ContainerStateMachine (ContainerStateMachine.java:loadSnapshot(233)) - group-0CA9B148280F: Setting the last applied index to (t:1, i:0)
2021-11-09 00:57:29,272 [pool-671-thread-1] INFO  server.RaftServer$Division (ServerState.java:setRaftConf(387)) - 43136673-c093-486b-8a61-55aa3fed1341@group-0CA9B148280F: set configuration 0: [4430b70e-e2dc-4778-891b-decd59bd04d3|rpc:10.1.0.58:37555|dataStream:|priority:0, d5ae86a0-e3e8-461b-b600-8c2d036507b1|rpc:10.1.0.58:45525|dataStream:|priority:1, 43136673-c093-486b-8a61-55aa3fed1341|rpc:10.1.0.58:34809|dataStream:|priority:0], old=null
2021-11-09 00:57:29,272 [pool-671-thread-1] INFO  server.RaftServerConfigKeys (ConfUtils.java:logGet(44)) - raft.server.notification.no-leader.timeout = 300000ms (custom)
2021-11-09 00:57:29,272 [pool-671-thread-1] INFO  server.RaftServerConfigKeys (ConfUtils.java:logGet(44)) - raft.server.log.use.memory = false (default)
2021-11-09 00:57:29,272 [pool-671-thread-1] INFO  server.RaftServerConfigKeys (ConfUtils.java:logGet(44)) - raft.server.log.purge.gap = 1000000 (custom)
2021-11-09 00:57:29,272 [pool-671-thread-1] INFO  server.RaftServerConfigKeys (ConfUtils.java:logGet(44)) - raft.server.log.appender.buffer.byte-limit = 33554432 (custom)
2021-11-09 00:57:29,272 [pool-671-thread-1] INFO  server.RaftServerConfigKeys (ConfUtils.java:logGet(44)) - raft.server.log.segment.size.max = 1048576 (custom)
2021-11-09 00:57:29,273 [pool-671-thread-1] INFO  server.RaftServerConfigKeys (ConfUtils.java:logGet(44)) - raft.server.log.segment.cache.num.max = 2 (custom)
2021-11-09 00:57:29,276 [pool-671-thread-1] INFO  server.RaftServerConfigKeys (ConfUtils.java:logGet(44)) - raft.server.log.segment.cache.size.max = 200MB (=209715200) (default)
2021-11-09 00:57:29,277 [pool-671-thread-1] INFO  segmented.SegmentedRaftLogWorker (SegmentedRaftLogWorker.java:<init>(182)) - new 43136673-c093-486b-8a61-55aa3fed1341@group-0CA9B148280F-SegmentedRaftLogWorker for RaftStorageImpl:Storage Directory /home/runner/work/ozone/ozone/hadoop-ozone/integration-test/target/test-dir/MiniOzoneClusterImpl-cebd3685-2b3d-4639-9f0f-41911e64574b/datanode-2/data/ratis/0db9cd4f-359d-47fc-b6d2-0ca9b148280f
2021-11-09 00:57:29,277 [pool-671-thread-1] INFO  server.RaftServerConfigKeys (ConfUtils.java:logGet(44)) - raft.server.log.queue.byte-limit = 2147483647 (custom)
2021-11-09 00:57:29,277 [pool-671-thread-1] INFO  server.RaftServerConfigKeys (ConfUtils.java:logGet(44)) - raft.server.log.queue.element-limit = 1024 (custom)
2021-11-09 00:57:29,277 [pool-671-thread-1] INFO  server.RaftServerConfigKeys (ConfUtils.java:logGet(44)) - raft.server.log.segment.size.max = 1048576 (custom)
2021-11-09 00:57:29,277 [pool-671-thread-1] INFO  server.RaftServerConfigKeys (ConfUtils.java:logGet(44)) - raft.server.log.preallocated.size = 16384 (custom)
2021-11-09 00:57:29,277 [pool-671-thread-1] INFO  server.RaftServerConfigKeys (ConfUtils.java:logGet(44)) - raft.server.log.force.sync.num = 128 (default)
2021-11-09 00:57:29,277 [pool-671-thread-1] INFO  server.RaftServerConfigKeys (ConfUtils.java:logGet(44)) - raft.server.log.statemachine.data.sync = true (default)
2021-11-09 00:57:29,277 [pool-671-thread-1] INFO  server.RaftServerConfigKeys (ConfUtils.java:logGet(44)) - raft.server.log.statemachine.data.sync.timeout = 10s (default)
2021-11-09 00:57:29,277 [pool-671-thread-1] INFO  server.RaftServerConfigKeys (ConfUtils.java:logGet(44)) - raft.server.log.statemachine.data.sync.timeout.retry = -1 (default)
2021-11-09 00:57:29,278 [pool-671-thread-1] INFO  server.RaftServerConfigKeys (ConfUtils.java:logGet(44)) - raft.server.log.write.buffer.size = 1048576 (custom)
2021-11-09 00:57:29,281 [pool-671-thread-1] INFO  server.RaftServerConfigKeys (ConfUtils.java:logGet(44)) - raft.server.log.statemachine.data.caching.enabled = true (custom)
2021-11-09 00:57:29,282 [pool-671-thread-1] INFO  server.RaftServer$Division (ServerState.java:setRaftConf(387)) - 43136673-c093-486b-8a61-55aa3fed1341@group-0CA9B148280F: set configuration 0: [4430b70e-e2dc-4778-891b-decd59bd04d3|rpc:10.1.0.58:37555|dataStream:|priority:0, d5ae86a0-e3e8-461b-b600-8c2d036507b1|rpc:10.1.0.58:45525|dataStream:|priority:1, 43136673-c093-486b-8a61-55aa3fed1341|rpc:10.1.0.58:34809|dataStream:|priority:0], old=null
2021-11-09 00:57:29,284 [pool-671-thread-1] INFO  segmented.LogSegment (LogSegment.java:loadSegment(173)) - Successfully read 1 entries from segment file /home/runner/work/ozone/ozone/hadoop-ozone/integration-test/target/test-dir/MiniOzoneClusterImpl-cebd3685-2b3d-4639-9f0f-41911e64574b/datanode-2/data/ratis/0db9cd4f-359d-47fc-b6d2-0ca9b148280f/current/log_inprogress_0
2021-11-09 00:57:29,284 [pool-671-thread-1] INFO  segmented.SegmentedRaftLogWorker (SegmentedRaftLogWorker.java:lambda$new$0(133)) - 43136673-c093-486b-8a61-55aa3fed1341@group-0CA9B148280F-SegmentedRaftLogWorker: flushIndex: setUnconditionally 0 -> 0
2021-11-09 00:57:29,308 [pool-671-thread-1] INFO  segmented.SegmentedRaftLogWorker (SegmentedRaftLogWorker.java:lambda$new$0(133)) - 43136673-c093-486b-8a61-55aa3fed1341@group-0CA9B148280F-SegmentedRaftLogWorker: safeCacheEvictIndex: setUnconditionally 0 -> -1
2021-11-09 00:57:29,301 [Listener at 127.0.0.1/34135] INFO  handler.ContextHandler (ContextHandler.java:doStart(915)) - Started o.e.j.w.WebAppContext@14b26d49{hddsDatanode,/,file:///tmp/jetty-0_0_0_0-37197-hdds-container-service-1_2_0-SNAPSHOT_jar-_-any-7560869883924413309/webapp/,AVAILABLE}{jar:file:/home/runner/.m2/repository/org/apache/ozone/hdds-container-service/1.2.0-SNAPSHOT/hdds-container-service-1.2.0-SNAPSHOT.jar!/webapps/hddsDatanode}
2021-11-09 00:57:29,309 [pool-671-thread-1] INFO  server.RaftServerConfigKeys (ConfUtils.java:logGet(44)) - raft.server.snapshot.auto.trigger.enabled = true (custom)
2021-11-09 00:57:29,309 [pool-671-thread-1] INFO  server.RaftServerConfigKeys (ConfUtils.java:logGet(44)) - raft.server.snapshot.auto.trigger.threshold = 10000 (custom)
2021-11-09 00:57:29,339 [pool-671-thread-1] INFO  server.RaftServerConfigKeys (ConfUtils.java:logGet(44)) - raft.server.snapshot.retention.file.num = 5 (custom)
2021-11-09 00:57:29,339 [pool-671-thread-1] INFO  server.RaftServerConfigKeys (ConfUtils.java:logGet(44)) - raft.server.log.purge.upto.snapshot.index = false (default)
2021-11-09 00:57:29,339 [pool-671-thread-1] INFO  server.RaftServerConfigKeys (ConfUtils.java:logGet(44)) - raft.server.retrycache.expirytime = 600000ms (custom)
2021-11-09 00:57:29,340 [pool-671-thread-1] INFO  server.RaftServerConfigKeys (ConfUtils.java:logGet(44)) - raft.server.retrycache.statistics.expirytime = 100μs (default)
2021-11-09 00:57:29,332 [Listener at 127.0.0.1/34135] INFO  server.AbstractConnector (AbstractConnector.java:doStart(331)) - Started ServerConnector@42628ea9{HTTP/1.1, (http/1.1)}{0.0.0.0:37197}
2021-11-09 00:57:29,342 [Listener at 127.0.0.1/34135] INFO  server.Server (Server.java:doStart(415)) - Started @235383ms
2021-11-09 00:57:29,343 [Listener at 127.0.0.1/34135] WARN  impl.MetricsSystemImpl (MetricsSystemImpl.java:register(279)) - Sink prometheus already exists!
2021-11-09 00:57:29,348 [Listener at 127.0.0.1/34135] INFO  http.BaseHttpServer (BaseHttpServer.java:updateConnectorAddress(329)) - HTTP server of hddsDatanode listening at http://0.0.0.0:37197
2021-11-09 00:57:29,353 [Listener at 127.0.0.1/34135] INFO  ozone.MiniOzoneClusterImpl (MiniOzoneClusterImpl.java:lambda$waitForClusterToBeReady$0(235)) - Waiting for nodes to be ready. Got 6 of 7 DN Heartbeats.
2021-11-09 00:57:29,353 [Listener at 127.0.0.1/34135] INFO  ozone.MiniOzoneClusterImpl (MiniOzoneClusterImpl.java:lambda$waitForClusterToBeReady$0(238)) - Cluster exits safe mode
2021-11-09 00:57:29,353 [Listener at 127.0.0.1/34135] INFO  ozone.MiniOzoneClusterImpl (MiniOzoneClusterImpl.java:lambda$waitForClusterToBeReady$0(240)) - SCM became leader
2021-11-09 00:57:29,354 [Datanode State Machine Daemon Thread] INFO  statemachine.DatanodeStateMachine (DatanodeStateMachine.java:lambda$startDaemon$0(467)) - Ozone container server started.
2021-11-09 00:57:29,361 [org.apache.hadoop.util.JvmPauseMonitor$Monitor@44baca2f] INFO  util.JvmPauseMonitor (JvmPauseMonitor.java:run(188)) - Starting JVM pause monitor
2021-11-09 00:57:30,354 [Listener at 127.0.0.1/34135] INFO  ozone.MiniOzoneClusterImpl (MiniOzoneClusterImpl.java:lambda$waitForClusterToBeReady$0(235)) - Waiting for nodes to be ready. Got 6 of 7 DN Heartbeats.
2021-11-09 00:57:30,354 [Listener at 127.0.0.1/34135] INFO  ozone.MiniOzoneClusterImpl (MiniOzoneClusterImpl.java:lambda$waitForClusterToBeReady$0(238)) - Cluster exits safe mode
2021-11-09 00:57:30,354 [Listener at 127.0.0.1/34135] INFO  ozone.MiniOzoneClusterImpl (MiniOzoneClusterImpl.java:lambda$waitForClusterToBeReady$0(240)) - SCM became leader
2021-11-09 00:57:31,354 [Listener at 127.0.0.1/34135] INFO  ozone.MiniOzoneClusterImpl (MiniOzoneClusterImpl.java:lambda$waitForClusterToBeReady$0(235)) - Waiting for nodes to be ready. Got 6 of 7 DN Heartbeats.
2021-11-09 00:57:31,354 [Listener at 127.0.0.1/34135] INFO  ozone.MiniOzoneClusterImpl (MiniOzoneClusterImpl.java:lambda$waitForClusterToBeReady$0(238)) - Cluster exits safe mode
2021-11-09 00:57:31,354 [Listener at 127.0.0.1/34135] INFO  ozone.MiniOzoneClusterImpl (MiniOzoneClusterImpl.java:lambda$waitForClusterToBeReady$0(240)) - SCM became leader
2021-11-09 00:57:31,365 [EndpointStateMachine task thread for /0.0.0.0:38177 - 0 ] INFO  ozoneimpl.OzoneContainer (OzoneContainer.java:start(304)) - Attempting to start container services.
2021-11-09 00:57:31,365 [EndpointStateMachine task thread for /0.0.0.0:38177 - 0 ] INFO  ozoneimpl.OzoneContainer (OzoneContainer.java:startContainerScrub(249)) - Background container scanner has been disabled.
2021-11-09 00:57:31,367 [EndpointStateMachine task thread for /0.0.0.0:38177 - 0 ] INFO  replication.ReplicationServer (ReplicationServer.java:start(107)) - ReplicationServer is started using port 40303
2021-11-09 00:57:31,367 [EndpointStateMachine task thread for /0.0.0.0:38177 - 0 ] INFO  ratis.XceiverServerRatis (XceiverServerRatis.java:start(484)) - Starting XceiverServerRatis 43136673-c093-486b-8a61-55aa3fed1341
2021-11-09 00:57:31,372 [EndpointStateMachine task thread for /0.0.0.0:38177 - 0 ] INFO  server.RaftServer$Division (RaftServerImpl.java:start(301)) - 43136673-c093-486b-8a61-55aa3fed1341@group-0CA9B148280F: start as a follower, conf=0: [4430b70e-e2dc-4778-891b-decd59bd04d3|rpc:10.1.0.58:37555|dataStream:|priority:0, d5ae86a0-e3e8-461b-b600-8c2d036507b1|rpc:10.1.0.58:45525|dataStream:|priority:1, 43136673-c093-486b-8a61-55aa3fed1341|rpc:10.1.0.58:34809|dataStream:|priority:0], old=null
2021-11-09 00:57:31,372 [EndpointStateMachine task thread for /0.0.0.0:38177 - 0 ] INFO  server.RaftServer$Division (RaftServerImpl.java:setRole(290)) - 43136673-c093-486b-8a61-55aa3fed1341@group-0CA9B148280F: changes role from      null to FOLLOWER at term 1 for startAsFollower
2021-11-09 00:57:31,372 [EndpointStateMachine task thread for /0.0.0.0:38177 - 0 ] INFO  impl.RoleInfo (RoleInfo.java:updateAndGet(130)) - 43136673-c093-486b-8a61-55aa3fed1341: start 43136673-c093-486b-8a61-55aa3fed1341@group-0CA9B148280F-FollowerState
2021-11-09 00:57:31,372 [ForkJoinPool.commonPool-worker-1] INFO  server.RaftServer$Division (RaftServerImpl.java:start(301)) - 43136673-c093-486b-8a61-55aa3fed1341@group-43749416088D: start as a follower, conf=0: [4430b70e-e2dc-4778-891b-decd59bd04d3|rpc:10.1.0.58:37555|dataStream:|priority:1, d5ae86a0-e3e8-461b-b600-8c2d036507b1|rpc:10.1.0.58:45525|dataStream:|priority:0, 43136673-c093-486b-8a61-55aa3fed1341|rpc:10.1.0.58:34809|dataStream:|priority:0], old=null
2021-11-09 00:57:31,372 [ForkJoinPool.commonPool-worker-1] INFO  server.RaftServer$Division (RaftServerImpl.java:setRole(290)) - 43136673-c093-486b-8a61-55aa3fed1341@group-43749416088D: changes role from      null to FOLLOWER at term 1 for startAsFollower
2021-11-09 00:57:31,373 [EndpointStateMachine task thread for /0.0.0.0:38177 - 0 ] INFO  util.JmxRegister (JmxRegister.java:tryRegister(44)) - Successfully registered JMX Bean with object name Ratis:service=RaftServer,group=group-0CA9B148280F,id=43136673-c093-486b-8a61-55aa3fed1341
2021-11-09 00:57:31,373 [EndpointStateMachine task thread for /0.0.0.0:38177 - 0 ] INFO  server.RaftServer$Division (RaftServerImpl.java:start(301)) - 43136673-c093-486b-8a61-55aa3fed1341@group-A72BC00D5B3B: start as a follower, conf=0: [43136673-c093-486b-8a61-55aa3fed1341|rpc:10.1.0.58:34809|dataStream:|priority:1], old=null
2021-11-09 00:57:31,373 [EndpointStateMachine task thread for /0.0.0.0:38177 - 0 ] INFO  server.RaftServer$Division (RaftServerImpl.java:setRole(290)) - 43136673-c093-486b-8a61-55aa3fed1341@group-A72BC00D5B3B: changes role from      null to FOLLOWER at term 1 for startAsFollower
2021-11-09 00:57:31,373 [EndpointStateMachine task thread for /0.0.0.0:38177 - 0 ] INFO  impl.RoleInfo (RoleInfo.java:updateAndGet(130)) - 43136673-c093-486b-8a61-55aa3fed1341: start 43136673-c093-486b-8a61-55aa3fed1341@group-A72BC00D5B3B-FollowerState
2021-11-09 00:57:31,374 [EndpointStateMachine task thread for /0.0.0.0:38177 - 0 ] INFO  util.JmxRegister (JmxRegister.java:tryRegister(44)) - Successfully registered JMX Bean with object name Ratis:service=RaftServer,group=group-A72BC00D5B3B,id=43136673-c093-486b-8a61-55aa3fed1341
2021-11-09 00:57:31,374 [ForkJoinPool.commonPool-worker-1] INFO  impl.RoleInfo (RoleInfo.java:updateAndGet(130)) - 43136673-c093-486b-8a61-55aa3fed1341: start 43136673-c093-486b-8a61-55aa3fed1341@group-43749416088D-FollowerState
2021-11-09 00:57:31,376 [ForkJoinPool.commonPool-worker-1] INFO  util.JmxRegister (JmxRegister.java:tryRegister(44)) - Successfully registered JMX Bean with object name Ratis:service=RaftServer,group=group-43749416088D,id=43136673-c093-486b-8a61-55aa3fed1341
2021-11-09 00:57:31,385 [EndpointStateMachine task thread for /0.0.0.0:38177 - 0 ] INFO  server.RaftServer (RaftServerProxy.java:lambda$start$5(374)) - 43136673-c093-486b-8a61-55aa3fed1341: start RPC server
2021-11-09 00:57:31,386 [EndpointStateMachine task thread for /0.0.0.0:38177 - 0 ] INFO  server.GrpcService (GrpcService.java:startImpl(253)) - 43136673-c093-486b-8a61-55aa3fed1341: GrpcService started, listening on 34809
2021-11-09 00:57:31,386 [EndpointStateMachine task thread for /0.0.0.0:38177 - 0 ] INFO  ratis.XceiverServerRatis (XceiverServerRatis.java:getRealPort(505)) - XceiverServerRatis 43136673-c093-486b-8a61-55aa3fed1341 is started using port 34809 for RATIS
2021-11-09 00:57:31,386 [EndpointStateMachine task thread for /0.0.0.0:38177 - 0 ] INFO  ratis.XceiverServerRatis (XceiverServerRatis.java:getRealPort(505)) - XceiverServerRatis 43136673-c093-486b-8a61-55aa3fed1341 is started using port 34809 for RATIS_ADMIN
2021-11-09 00:57:31,386 [EndpointStateMachine task thread for /0.0.0.0:38177 - 0 ] INFO  ratis.XceiverServerRatis (XceiverServerRatis.java:getRealPort(505)) - XceiverServerRatis 43136673-c093-486b-8a61-55aa3fed1341 is started using port 34809 for RATIS_SERVER
2021-11-09 00:57:31,386 [org.apache.ratis.util.JvmPauseMonitor$$Lambda$531/1691661275@4d561b1] INFO  util.JvmPauseMonitor (JvmPauseMonitor.java:run(103)) - JvmPauseMonitor-43136673-c093-486b-8a61-55aa3fed1341: Started
2021-11-09 00:57:32,354 [Listener at 127.0.0.1/34135] INFO  ozone.MiniOzoneClusterImpl (MiniOzoneClusterImpl.java:lambda$waitForClusterToBeReady$0(235)) - Waiting for nodes to be ready. Got 6 of 7 DN Heartbeats.
2021-11-09 00:57:32,355 [Listener at 127.0.0.1/34135] INFO  ozone.MiniOzoneClusterImpl (MiniOzoneClusterImpl.java:lambda$waitForClusterToBeReady$0(238)) - Cluster exits safe mode
2021-11-09 00:57:32,355 [Listener at 127.0.0.1/34135] INFO  ozone.MiniOzoneClusterImpl (MiniOzoneClusterImpl.java:lambda$waitForClusterToBeReady$0(240)) - SCM became leader
2021-11-09 00:57:33,355 [Listener at 127.0.0.1/34135] INFO  ozone.MiniOzoneClusterImpl (MiniOzoneClusterImpl.java:lambda$waitForClusterToBeReady$0(235)) - Waiting for nodes to be ready. Got 6 of 7 DN Heartbeats.
2021-11-09 00:57:33,356 [Listener at 127.0.0.1/34135] INFO  ozone.MiniOzoneClusterImpl (MiniOzoneClusterImpl.java:lambda$waitForClusterToBeReady$0(238)) - Cluster exits safe mode
2021-11-09 00:57:33,356 [Listener at 127.0.0.1/34135] INFO  ozone.MiniOzoneClusterImpl (MiniOzoneClusterImpl.java:lambda$waitForClusterToBeReady$0(240)) - SCM became leader
2021-11-09 00:57:33,379 [EventQueue-PipelineReportForPipelineReportHandler] INFO  pipeline.PipelineReportHandler (PipelineReportHandler.java:processPipelineReport(113)) - Reported pipeline PipelineID=9bc91158-09f7-498f-98c5-43749416088d is not found
2021-11-09 00:57:33,379 [EventQueue-PipelineReportForPipelineReportHandler] INFO  pipeline.PipelineReportHandler (PipelineReportHandler.java:processPipelineReport(113)) - Reported pipeline PipelineID=0db9cd4f-359d-47fc-b6d2-0ca9b148280f is not found
2021-11-09 00:57:33,379 [EventQueue-PipelineReportForPipelineReportHandler] INFO  pipeline.PipelineReportHandler (PipelineReportHandler.java:processPipelineReport(113)) - Reported pipeline PipelineID=91b13811-3b50-4088-895a-a72bc00d5b3b is not found
2021-11-09 00:57:34,356 [Listener at 127.0.0.1/34135] INFO  ozone.MiniOzoneClusterImpl (MiniOzoneClusterImpl.java:lambda$waitForClusterToBeReady$0(235)) - Waiting for nodes to be ready. Got 6 of 7 DN Heartbeats.
2021-11-09 00:57:34,356 [Listener at 127.0.0.1/34135] INFO  ozone.MiniOzoneClusterImpl (MiniOzoneClusterImpl.java:lambda$waitForClusterToBeReady$0(238)) - Cluster exits safe mode
2021-11-09 00:57:34,357 [Listener at 127.0.0.1/34135] INFO  ozone.MiniOzoneClusterImpl (MiniOzoneClusterImpl.java:lambda$waitForClusterToBeReady$0(240)) - SCM became leader
2021-11-09 00:57:35,357 [Listener at 127.0.0.1/34135] INFO  ozone.MiniOzoneClusterImpl (MiniOzoneClusterImpl.java:lambda$waitForClusterToBeReady$0(235)) - Waiting for nodes to be ready. Got 6 of 7 DN Heartbeats.
2021-11-09 00:57:35,357 [Listener at 127.0.0.1/34135] INFO  ozone.MiniOzoneClusterImpl (MiniOzoneClusterImpl.java:lambda$waitForClusterToBeReady$0(238)) - Cluster exits safe mode
2021-11-09 00:57:35,357 [Listener at 127.0.0.1/34135] INFO  ozone.MiniOzoneClusterImpl (MiniOzoneClusterImpl.java:lambda$waitForClusterToBeReady$0(240)) - SCM became leader
2021-11-09 00:57:35,407 [EventQueue-HealthyReadonlyNodeForHealthyReadOnlyNodeHandler] INFO  node.HealthyReadOnlyNodeHandler (HealthyReadOnlyNodeHandler.java:onMessage(58)) - Datanode 43136673-c093-486b-8a61-55aa3fed1341{ip: 10.1.0.58, host: fv-az294-841.eaanfquahm5ulb5tj050gcxych.jx.internal.cloudapp.net, ports: [REPLICATION=33899, RATIS=34809, RATIS_ADMIN=34809, RATIS_SERVER=34809, STANDALONE=39677], networkLocation: /default-rack, certSerialId: null, persistedOpState: IN_SERVICE, persistedOpStateExpiryEpochSec: 0} moved to HEALTHY READONLY state.
2021-11-09 00:57:35,407 [EventQueue-HealthyReadonlyNodeForHealthyReadOnlyNodeHandler] INFO  net.NetworkTopologyImpl (NetworkTopologyImpl.java:add(112)) - Added a new node: /default-rack/43136673-c093-486b-8a61-55aa3fed1341
2021-11-09 00:57:35,511 [EventQueue-HealthyReadonlyToHealthyNodeForReadOnlyHealthyToHealthyNodeHandler] INFO  node.ReadOnlyHealthyToHealthyNodeHandler (ReadOnlyHealthyToHealthyNodeHandler.java:onMessage(51)) - Datanode 43136673-c093-486b-8a61-55aa3fed1341{ip: 10.1.0.58, host: fv-az294-841.eaanfquahm5ulb5tj050gcxych.jx.internal.cloudapp.net, ports: [REPLICATION=33899, RATIS=34809, RATIS_ADMIN=34809, RATIS_SERVER=34809, STANDALONE=39677], networkLocation: /default-rack, certSerialId: null, persistedOpState: IN_SERVICE, persistedOpStateExpiryEpochSec: 0} moved to HEALTHY state.
2021-11-09 00:57:35,511 [EventQueue-HealthyReadonlyToHealthyNodeForReadOnlyHealthyToHealthyNodeHandler] INFO  pipeline.BackgroundPipelineCreator (BackgroundPipelineCreator.java:notifyEventTriggered(285)) - trigger a one-shot run on RatisPipelineUtilsThread.
2021-11-09 00:57:35,512 [RatisPipelineUtilsThread - 0] INFO  pipeline.RatisPipelineProvider (RatisPipelineProvider.java:lambda$create$0(183)) - Sending CreatePipelineCommand for pipeline:PipelineID=b190f5b9-7e46-471d-8a9f-5f9d92319c7a to datanode:43136673-c093-486b-8a61-55aa3fed1341
2021-11-09 00:57:35,512 [RatisPipelineUtilsThread - 0] INFO  pipeline.PipelineStateManagerImpl (PipelineStateManagerImpl.java:addPipeline(101)) - Created pipeline Pipeline[ Id: b190f5b9-7e46-471d-8a9f-5f9d92319c7a, Nodes: 43136673-c093-486b-8a61-55aa3fed1341{ip: 10.1.0.58, host: fv-az294-841.eaanfquahm5ulb5tj050gcxych.jx.internal.cloudapp.net, ports: [REPLICATION=33899, RATIS=34809, RATIS_ADMIN=34809, RATIS_SERVER=34809, STANDALONE=39677], networkLocation: /default-rack, certSerialId: null, persistedOpState: IN_SERVICE, persistedOpStateExpiryEpochSec: 0}, ReplicationConfig: RATIS/ONE, State:ALLOCATED, leaderId:, CreationTimestamp2021-11-09T00:57:35.512Z[Etc/UTC]].
2021-11-09 00:57:35,513 [RatisPipelineUtilsThread - 0] INFO  pipeline.RatisPipelineProvider (RatisPipelineProvider.java:lambda$create$0(183)) - Sending CreatePipelineCommand for pipeline:PipelineID=8a6dbd94-094e-4d27-9e96-4de1d93f2384 to datanode:43136673-c093-486b-8a61-55aa3fed1341
2021-11-09 00:57:35,513 [RatisPipelineUtilsThread - 0] INFO  pipeline.RatisPipelineProvider (RatisPipelineProvider.java:lambda$create$0(183)) - Sending CreatePipelineCommand for pipeline:PipelineID=8a6dbd94-094e-4d27-9e96-4de1d93f2384 to datanode:4430b70e-e2dc-4778-891b-decd59bd04d3
2021-11-09 00:57:35,513 [RatisPipelineUtilsThread - 0] INFO  pipeline.RatisPipelineProvider (RatisPipelineProvider.java:lambda$create$0(183)) - Sending CreatePipelineCommand for pipeline:PipelineID=8a6dbd94-094e-4d27-9e96-4de1d93f2384 to datanode:d5ae86a0-e3e8-461b-b600-8c2d036507b1
2021-11-09 00:57:35,513 [RatisPipelineUtilsThread - 0] INFO  pipeline.PipelineStateManagerImpl (PipelineStateManagerImpl.java:addPipeline(101)) - Created pipeline Pipeline[ Id: 8a6dbd94-094e-4d27-9e96-4de1d93f2384, Nodes: 43136673-c093-486b-8a61-55aa3fed1341{ip: 10.1.0.58, host: fv-az294-841.eaanfquahm5ulb5tj050gcxych.jx.internal.cloudapp.net, ports: [REPLICATION=33899, RATIS=34809, RATIS_ADMIN=34809, RATIS_SERVER=34809, STANDALONE=39677], networkLocation: /default-rack, certSerialId: null, persistedOpState: IN_SERVICE, persistedOpStateExpiryEpochSec: 0}4430b70e-e2dc-4778-891b-decd59bd04d3{ip: 10.1.0.58, host: fv-az294-841.eaanfquahm5ulb5tj050gcxych.jx.internal.cloudapp.net, ports: [REPLICATION=41031, RATIS=37555, RATIS_ADMIN=37555, RATIS_SERVER=37555, STANDALONE=43879], networkLocation: /default-rack, certSerialId: null, persistedOpState: IN_SERVICE, persistedOpStateExpiryEpochSec: 0}d5ae86a0-e3e8-461b-b600-8c2d036507b1{ip: 10.1.0.58, host: fv-az294-841.eaanfquahm5ulb5tj050gcxych.jx.internal.cloudapp.net, ports: [REPLICATION=37421, RATIS=45525, RATIS_ADMIN=45525, RATIS_SERVER=45525, STANDALONE=35155], networkLocation: /default-rack, certSerialId: null, persistedOpState: IN_SERVICE, persistedOpStateExpiryEpochSec: 0}, ReplicationConfig: RATIS/THREE, State:ALLOCATED, leaderId:, CreationTimestamp2021-11-09T00:57:35.513Z[Etc/UTC]].
2021-11-09 00:57:35,514 [RatisPipelineUtilsThread - 0] INFO  pipeline.RatisPipelineProvider (RatisPipelineProvider.java:lambda$create$0(183)) - Sending CreatePipelineCommand for pipeline:PipelineID=d8b699f5-3b3a-40b5-aba8-85e4be6e1938 to datanode:43136673-c093-486b-8a61-55aa3fed1341
2021-11-09 00:57:35,514 [RatisPipelineUtilsThread - 0] INFO  pipeline.RatisPipelineProvider (RatisPipelineProvider.java:lambda$create$0(183)) - Sending CreatePipelineCommand for pipeline:PipelineID=d8b699f5-3b3a-40b5-aba8-85e4be6e1938 to datanode:4430b70e-e2dc-4778-891b-decd59bd04d3
2021-11-09 00:57:35,514 [RatisPipelineUtilsThread - 0] INFO  pipeline.RatisPipelineProvider (RatisPipelineProvider.java:lambda$create$0(183)) - Sending CreatePipelineCommand for pipeline:PipelineID=d8b699f5-3b3a-40b5-aba8-85e4be6e1938 to datanode:d5ae86a0-e3e8-461b-b600-8c2d036507b1
2021-11-09 00:57:35,514 [RatisPipelineUtilsThread - 0] INFO  pipeline.PipelineStateManagerImpl (PipelineStateManagerImpl.java:addPipeline(101)) - Created pipeline Pipeline[ Id: d8b699f5-3b3a-40b5-aba8-85e4be6e1938, Nodes: 43136673-c093-486b-8a61-55aa3fed1341{ip: 10.1.0.58, host: fv-az294-841.eaanfquahm5ulb5tj050gcxych.jx.internal.cloudapp.net, ports: [REPLICATION=33899, RATIS=34809, RATIS_ADMIN=34809, RATIS_SERVER=34809, STANDALONE=39677], networkLocation: /default-rack, certSerialId: null, persistedOpState: IN_SERVICE, persistedOpStateExpiryEpochSec: 0}4430b70e-e2dc-4778-891b-decd59bd04d3{ip: 10.1.0.58, host: fv-az294-841.eaanfquahm5ulb5tj050gcxych.jx.internal.cloudapp.net, ports: [REPLICATION=41031, RATIS=37555, RATIS_ADMIN=37555, RATIS_SERVER=37555, STANDALONE=43879], networkLocation: /default-rack, certSerialId: null, persistedOpState: IN_SERVICE, persistedOpStateExpiryEpochSec: 0}d5ae86a0-e3e8-461b-b600-8c2d036507b1{ip: 10.1.0.58, host: fv-az294-841.eaanfquahm5ulb5tj050gcxych.jx.internal.cloudapp.net, ports: [REPLICATION=37421, RATIS=45525, RATIS_ADMIN=45525, RATIS_SERVER=45525, STANDALONE=35155], networkLocation: /default-rack, certSerialId: null, persistedOpState: IN_SERVICE, persistedOpStateExpiryEpochSec: 0}, ReplicationConfig: RATIS/THREE, State:ALLOCATED, leaderId:, CreationTimestamp2021-11-09T00:57:35.514Z[Etc/UTC]].
2021-11-09 00:57:35,514 [RatisPipelineUtilsThread - 0] INFO  pipeline.PipelineManagerImpl (PipelineManagerImpl.java:recordMetricsForPipeline(620)) - Pipeline: PipelineID=d8b699f5-3b3a-40b5-aba8-85e4be6e1938 contains same datanodes as previous pipelines: PipelineID=8a6dbd94-094e-4d27-9e96-4de1d93f2384 nodeIds: 43136673-c093-486b-8a61-55aa3fed1341, 4430b70e-e2dc-4778-891b-decd59bd04d3, d5ae86a0-e3e8-461b-b600-8c2d036507b1
2021-11-09 00:57:36,357 [Listener at 127.0.0.1/34135] INFO  ozone.MiniOzoneClusterImpl (MiniOzoneClusterImpl.java:lambda$waitForClusterToBeReady$0(235)) - Nodes are ready. Got 7 of 7 DN Heartbeats.
2021-11-09 00:57:36,357 [Listener at 127.0.0.1/34135] INFO  ozone.MiniOzoneClusterImpl (MiniOzoneClusterImpl.java:lambda$waitForClusterToBeReady$0(238)) - Cluster exits safe mode
2021-11-09 00:57:36,357 [Listener at 127.0.0.1/34135] INFO  ozone.MiniOzoneClusterImpl (MiniOzoneClusterImpl.java:lambda$waitForClusterToBeReady$0(240)) - SCM became leader
2021-11-09 00:57:36,369 [Command processor thread] INFO  server.RaftServer (RaftServerProxy.java:remove(106)) - 43136673-c093-486b-8a61-55aa3fed1341: remove  FOLLOWER 43136673-c093-486b-8a61-55aa3fed1341@group-43749416088D:t1, leader=null, voted=4430b70e-e2dc-4778-891b-decd59bd04d3, raftlog=43136673-c093-486b-8a61-55aa3fed1341@group-43749416088D-SegmentedRaftLog:OPENED:c0, conf=0: [4430b70e-e2dc-4778-891b-decd59bd04d3|rpc:10.1.0.58:37555|dataStream:|priority:1, d5ae86a0-e3e8-461b-b600-8c2d036507b1|rpc:10.1.0.58:45525|dataStream:|priority:0, 43136673-c093-486b-8a61-55aa3fed1341|rpc:10.1.0.58:34809|dataStream:|priority:0], old=null RUNNING
2021-11-09 00:57:36,370 [Command processor thread] INFO  server.RaftServer$Division (RaftServerImpl.java:lambda$close$4(412)) - 43136673-c093-486b-8a61-55aa3fed1341@group-43749416088D: shutdown
2021-11-09 00:57:36,370 [Command processor thread] INFO  util.JmxRegister (JmxRegister.java:unregister(73)) - Successfully un-registered JMX Bean with object name Ratis:service=RaftServer,group=group-43749416088D,id=43136673-c093-486b-8a61-55aa3fed1341
2021-11-09 00:57:36,370 [Command processor thread] INFO  impl.RoleInfo (RoleInfo.java:shutdownFollowerState(108)) - 43136673-c093-486b-8a61-55aa3fed1341: shutdown 43136673-c093-486b-8a61-55aa3fed1341@group-43749416088D-FollowerState
2021-11-09 00:57:36,386 [43136673-c093-486b-8a61-55aa3fed1341@group-43749416088D-FollowerState] INFO  impl.FollowerState (FollowerState.java:run(143)) - 43136673-c093-486b-8a61-55aa3fed1341@group-43749416088D-FollowerState was interrupted: {}
java.lang.InterruptedException: sleep interrupted
	at java.lang.Thread.sleep(Native Method)
	at java.lang.Thread.sleep(Thread.java:340)
	at java.util.concurrent.TimeUnit.sleep(TimeUnit.java:386)
	at org.apache.ratis.util.TimeDuration.sleep(TimeDuration.java:324)
	at org.apache.ratis.util.TimeDuration.sleep(TimeDuration.java:309)
	at org.apache.ratis.server.impl.FollowerState.run(FollowerState.java:118)
2021-11-09 00:57:36,386 [Command processor thread] INFO  impl.StateMachineUpdater (StateMachineUpdater.java:stopAndJoin(149)) - 43136673-c093-486b-8a61-55aa3fed1341@group-43749416088D-StateMachineUpdater: set stopIndex = 0
2021-11-09 00:57:36,389 [Command processor thread] INFO  server.RaftServer$Division (ServerState.java:close(419)) - 43136673-c093-486b-8a61-55aa3fed1341@group-43749416088D: closes. applyIndex: 0
2021-11-09 00:57:36,403 [43136673-c093-486b-8a61-55aa3fed1341@group-43749416088D-SegmentedRaftLogWorker] INFO  segmented.SegmentedRaftLogWorker (SegmentedRaftLogWorker.java:run(327)) - 43136673-c093-486b-8a61-55aa3fed1341@group-43749416088D-SegmentedRaftLogWorker was interrupted, exiting. There are 0 tasks remaining in the queue.
2021-11-09 00:57:36,437 [Command processor thread] INFO  segmented.SegmentedRaftLogWorker (SegmentedRaftLogWorker.java:close(237)) - 43136673-c093-486b-8a61-55aa3fed1341@group-43749416088D-SegmentedRaftLogWorker close()
2021-11-09 00:57:36,488 [Command processor thread] INFO  server.RaftServer$Division (RaftServerImpl.java:groupRemove(382)) - 43136673-c093-486b-8a61-55aa3fed1341@group-43749416088D: Succeed to remove RaftStorageDirectory Storage Directory /home/runner/work/ozone/ozone/hadoop-ozone/integration-test/target/test-dir/MiniOzoneClusterImpl-cebd3685-2b3d-4639-9f0f-41911e64574b/datanode-2/data/ratis/9bc91158-09f7-498f-98c5-43749416088d
2021-11-09 00:57:36,488 [Command processor thread] INFO  commandhandler.ClosePipelineCommandHandler (ClosePipelineCommandHandler.java:handle(78)) - Close Pipeline PipelineID=9bc91158-09f7-498f-98c5-43749416088d command on datanode 43136673-c093-486b-8a61-55aa3fed1341.
2021-11-09 00:57:36,488 [Command processor thread] INFO  server.RaftServer (RaftServerProxy.java:remove(106)) - 43136673-c093-486b-8a61-55aa3fed1341: remove  FOLLOWER 43136673-c093-486b-8a61-55aa3fed1341@group-0CA9B148280F:t1, leader=null, voted=d5ae86a0-e3e8-461b-b600-8c2d036507b1, raftlog=43136673-c093-486b-8a61-55aa3fed1341@group-0CA9B148280F-SegmentedRaftLog:OPENED:c0, conf=0: [4430b70e-e2dc-4778-891b-decd59bd04d3|rpc:10.1.0.58:37555|dataStream:|priority:0, d5ae86a0-e3e8-461b-b600-8c2d036507b1|rpc:10.1.0.58:45525|dataStream:|priority:1, 43136673-c093-486b-8a61-55aa3fed1341|rpc:10.1.0.58:34809|dataStream:|priority:0], old=null RUNNING
2021-11-09 00:57:36,489 [Command processor thread] INFO  server.RaftServer$Division (RaftServerImpl.java:lambda$close$4(412)) - 43136673-c093-486b-8a61-55aa3fed1341@group-0CA9B148280F: shutdown
2021-11-09 00:57:36,489 [Command processor thread] INFO  util.JmxRegister (JmxRegister.java:unregister(73)) - Successfully un-registered JMX Bean with object name Ratis:service=RaftServer,group=group-0CA9B148280F,id=43136673-c093-486b-8a61-55aa3fed1341
2021-11-09 00:57:36,489 [Command processor thread] INFO  impl.RoleInfo (RoleInfo.java:shutdownFollowerState(108)) - 43136673-c093-486b-8a61-55aa3fed1341: shutdown 43136673-c093-486b-8a61-55aa3fed1341@group-0CA9B148280F-FollowerState
2021-11-09 00:57:36,489 [Command processor thread] INFO  impl.StateMachineUpdater (StateMachineUpdater.java:stopAndJoin(149)) - 43136673-c093-486b-8a61-55aa3fed1341@group-0CA9B148280F-StateMachineUpdater: set stopIndex = 0
2021-11-09 00:57:36,489 [43136673-c093-486b-8a61-55aa3fed1341@group-0CA9B148280F-FollowerState] INFO  impl.FollowerState (FollowerState.java:run(143)) - 43136673-c093-486b-8a61-55aa3fed1341@group-0CA9B148280F-FollowerState was interrupted: {}
java.lang.InterruptedException: sleep interrupted
	at java.lang.Thread.sleep(Native Method)
	at java.lang.Thread.sleep(Thread.java:340)
	at java.util.concurrent.TimeUnit.sleep(TimeUnit.java:386)
	at org.apache.ratis.util.TimeDuration.sleep(TimeDuration.java:324)
	at org.apache.ratis.util.TimeDuration.sleep(TimeDuration.java:309)
	at org.apache.ratis.server.impl.FollowerState.run(FollowerState.java:118)
2021-11-09 00:57:36,491 [Command processor thread] INFO  server.RaftServer$Division (ServerState.java:close(419)) - 43136673-c093-486b-8a61-55aa3fed1341@group-0CA9B148280F: closes. applyIndex: 0
2021-11-09 00:57:36,492 [43136673-c093-486b-8a61-55aa3fed1341@group-0CA9B148280F-SegmentedRaftLogWorker] INFO  segmented.SegmentedRaftLogWorker (SegmentedRaftLogWorker.java:run(327)) - 43136673-c093-486b-8a61-55aa3fed1341@group-0CA9B148280F-SegmentedRaftLogWorker was interrupted, exiting. There are 0 tasks remaining in the queue.
2021-11-09 00:57:36,493 [Command processor thread] INFO  segmented.SegmentedRaftLogWorker (SegmentedRaftLogWorker.java:close(237)) - 43136673-c093-486b-8a61-55aa3fed1341@group-0CA9B148280F-SegmentedRaftLogWorker close()
2021-11-09 00:57:36,519 [Command processor thread] INFO  server.RaftServer$Division (RaftServerImpl.java:groupRemove(382)) - 43136673-c093-486b-8a61-55aa3fed1341@group-0CA9B148280F: Succeed to remove RaftStorageDirectory Storage Directory /home/runner/work/ozone/ozone/hadoop-ozone/integration-test/target/test-dir/MiniOzoneClusterImpl-cebd3685-2b3d-4639-9f0f-41911e64574b/datanode-2/data/ratis/0db9cd4f-359d-47fc-b6d2-0ca9b148280f
2021-11-09 00:57:36,519 [Command processor thread] INFO  commandhandler.ClosePipelineCommandHandler (ClosePipelineCommandHandler.java:handle(78)) - Close Pipeline PipelineID=0db9cd4f-359d-47fc-b6d2-0ca9b148280f command on datanode 43136673-c093-486b-8a61-55aa3fed1341.
2021-11-09 00:57:36,519 [Command processor thread] INFO  server.RaftServer (RaftServerProxy.java:remove(106)) - 43136673-c093-486b-8a61-55aa3fed1341: remove  FOLLOWER 43136673-c093-486b-8a61-55aa3fed1341@group-A72BC00D5B3B:t1, leader=null, voted=43136673-c093-486b-8a61-55aa3fed1341, raftlog=43136673-c093-486b-8a61-55aa3fed1341@group-A72BC00D5B3B-SegmentedRaftLog:OPENED:c11, conf=0: [43136673-c093-486b-8a61-55aa3fed1341|rpc:10.1.0.58:34809|dataStream:|priority:1], old=null RUNNING
2021-11-09 00:57:36,519 [Command processor thread] INFO  server.RaftServer$Division (RaftServerImpl.java:lambda$close$4(412)) - 43136673-c093-486b-8a61-55aa3fed1341@group-A72BC00D5B3B: shutdown
2021-11-09 00:57:36,519 [Command processor thread] INFO  util.JmxRegister (JmxRegister.java:unregister(73)) - Successfully un-registered JMX Bean with object name Ratis:service=RaftServer,group=group-A72BC00D5B3B,id=43136673-c093-486b-8a61-55aa3fed1341
2021-11-09 00:57:36,519 [Command processor thread] INFO  impl.RoleInfo (RoleInfo.java:shutdownFollowerState(108)) - 43136673-c093-486b-8a61-55aa3fed1341: shutdown 43136673-c093-486b-8a61-55aa3fed1341@group-A72BC00D5B3B-FollowerState
2021-11-09 00:57:36,519 [Command processor thread] INFO  impl.StateMachineUpdater (StateMachineUpdater.java:stopAndJoin(149)) - 43136673-c093-486b-8a61-55aa3fed1341@group-A72BC00D5B3B-StateMachineUpdater: set stopIndex = 11
2021-11-09 00:57:36,520 [43136673-c093-486b-8a61-55aa3fed1341@group-A72BC00D5B3B-FollowerState] INFO  impl.FollowerState (FollowerState.java:run(143)) - 43136673-c093-486b-8a61-55aa3fed1341@group-A72BC00D5B3B-FollowerState was interrupted: {}
java.lang.InterruptedException: sleep interrupted
	at java.lang.Thread.sleep(Native Method)
	at java.lang.Thread.sleep(Thread.java:340)
	at java.util.concurrent.TimeUnit.sleep(TimeUnit.java:386)
	at org.apache.ratis.util.TimeDuration.sleep(TimeDuration.java:324)
	at org.apache.ratis.util.TimeDuration.sleep(TimeDuration.java:309)
	at org.apache.ratis.server.impl.FollowerState.run(FollowerState.java:118)
2021-11-09 00:57:36,520 [Command processor thread] INFO  server.RaftServer$Division (ServerState.java:close(419)) - 43136673-c093-486b-8a61-55aa3fed1341@group-A72BC00D5B3B: closes. applyIndex: 11
2021-11-09 00:57:36,520 [43136673-c093-486b-8a61-55aa3fed1341@group-A72BC00D5B3B-SegmentedRaftLogWorker] INFO  segmented.SegmentedRaftLogWorker (SegmentedRaftLogWorker.java:run(327)) - 43136673-c093-486b-8a61-55aa3fed1341@group-A72BC00D5B3B-SegmentedRaftLogWorker was interrupted, exiting. There are 0 tasks remaining in the queue.
2021-11-09 00:57:36,526 [Command processor thread] INFO  segmented.SegmentedRaftLogWorker (SegmentedRaftLogWorker.java:close(237)) - 43136673-c093-486b-8a61-55aa3fed1341@group-A72BC00D5B3B-SegmentedRaftLogWorker close()
2021-11-09 00:57:36,530 [Command processor thread] INFO  keyvalue.KeyValueContainer (KeyValueContainer.java:flushAndSyncDB(397)) - Container 1 is synced with bcsId 10.
2021-11-09 00:57:36,530 [Command processor thread] INFO  keyvalue.KeyValueContainer (KeyValueContainer.java:flushAndSyncDB(397)) - Container 1 is synced with bcsId 10.
2021-11-09 00:57:36,534 [Command processor thread] INFO  server.RaftServer$Division (RaftServerImpl.java:groupRemove(382)) - 43136673-c093-486b-8a61-55aa3fed1341@group-A72BC00D5B3B: Succeed to remove RaftStorageDirectory Storage Directory /home/runner/work/ozone/ozone/hadoop-ozone/integration-test/target/test-dir/MiniOzoneClusterImpl-cebd3685-2b3d-4639-9f0f-41911e64574b/datanode-2/data/ratis/91b13811-3b50-4088-895a-a72bc00d5b3b
2021-11-09 00:57:36,534 [Command processor thread] INFO  commandhandler.ClosePipelineCommandHandler (ClosePipelineCommandHandler.java:handle(78)) - Close Pipeline PipelineID=91b13811-3b50-4088-895a-a72bc00d5b3b command on datanode 43136673-c093-486b-8a61-55aa3fed1341.
2021-11-09 00:57:36,535 [pool-671-thread-1] INFO  server.RaftServer$Division (RaftServerImpl.java:<init>(184)) - 43136673-c093-486b-8a61-55aa3fed1341: new RaftServerImpl for group-5F9D92319C7A:[43136673-c093-486b-8a61-55aa3fed1341|rpc:10.1.0.58:34809|priority:1] with ContainerStateMachine:uninitialized
2021-11-09 00:57:36,535 [pool-671-thread-1] INFO  server.RaftServerConfigKeys (ConfUtils.java:logGet(44)) - raft.server.rpc.timeout.min = 5s (custom)
2021-11-09 00:57:36,535 [pool-671-thread-1] INFO  server.RaftServerConfigKeys (ConfUtils.java:logGet(44)) - raft.server.rpc.timeout.max = 5200ms (custom)
2021-11-09 00:57:36,535 [pool-671-thread-1] INFO  server.RaftServerConfigKeys (ConfUtils.java:logGet(44)) - raft.server.rpc.sleep.time = 25ms (default)
2021-11-09 00:57:36,535 [pool-671-thread-1] INFO  server.RaftServerConfigKeys (ConfUtils.java:logGet(44)) - raft.server.rpc.slowness.timeout = 300000ms (custom)
2021-11-09 00:57:36,535 [pool-671-thread-1] INFO  server.RaftServerConfigKeys (ConfUtils.java:logGet(44)) - raft.server.leaderelection.leader.step-down.wait-time = 10s (default)
2021-11-09 00:57:36,535 [pool-671-thread-1] INFO  server.RaftServerConfigKeys (ConfUtils.java:logGet(44)) - raft.server.sleep.deviation.threshold = 300ms (default)
2021-11-09 00:57:36,535 [pool-671-thread-1] INFO  server.RaftServerConfigKeys (ConfUtils.java:logGet(44)) - raft.server.log.appender.install.snapshot.enabled = false (custom)
2021-11-09 00:57:36,535 [pool-671-thread-1] INFO  server.RaftServer$Division (ServerState.java:<init>(105)) - 43136673-c093-486b-8a61-55aa3fed1341@group-5F9D92319C7A: ConfigurationManager, init=-1: [43136673-c093-486b-8a61-55aa3fed1341|rpc:10.1.0.58:34809|priority:1], old=null, confs=<EMPTY_MAP>
2021-11-09 00:57:36,535 [pool-671-thread-1] INFO  server.RaftServerConfigKeys (ConfUtils.java:logGet(44)) - raft.server.storage.dir = [/home/runner/work/ozone/ozone/hadoop-ozone/integration-test/target/test-dir/MiniOzoneClusterImpl-cebd3685-2b3d-4639-9f0f-41911e64574b/datanode-2/data/ratis] (custom)
2021-11-09 00:57:36,535 [pool-671-thread-1] INFO  server.RaftServerConfigKeys (ConfUtils.java:logGet(44)) - raft.server.log.corruption.policy = EXCEPTION (default)
2021-11-09 00:57:36,535 [pool-671-thread-1] INFO  server.RaftServerConfigKeys (ConfUtils.java:logGet(44)) - raft.server.storage.free-space.min = 0MB (=0) (default)
2021-11-09 00:57:36,535 [pool-671-thread-1] INFO  storage.RaftStorageDirectory (RaftStorageDirectoryImpl.java:analyzeStorage(135)) - The storage directory /home/runner/work/ozone/ozone/hadoop-ozone/integration-test/target/test-dir/MiniOzoneClusterImpl-cebd3685-2b3d-4639-9f0f-41911e64574b/datanode-2/data/ratis/b190f5b9-7e46-471d-8a9f-5f9d92319c7a does not exist. Creating ...
2021-11-09 00:57:36,536 [EventQueue-IncrementalContainerReportForIncrementalContainerReportHandler] INFO  container.IncrementalContainerReportHandler (AbstractContainerReportHandler.java:updateContainerState(216)) - Moving container #1 to QUASI_CLOSED state, datanode 43136673-c093-486b-8a61-55aa3fed1341{ip: 10.1.0.58, host: fv-az294-841.eaanfquahm5ulb5tj050gcxych.jx.internal.cloudapp.net, ports: [REPLICATION=33899, RATIS=34809, RATIS_ADMIN=34809, RATIS_SERVER=34809, STANDALONE=39677], networkLocation: /default-rack, certSerialId: null, persistedOpState: IN_SERVICE, persistedOpStateExpiryEpochSec: 0} reported QUASI_CLOSED replica.
2021-11-09 00:57:36,543 [pool-671-thread-1] INFO  storage.RaftStorageDirectory (RaftStorageDirectoryImpl.java:tryLock(230)) - Lock on /home/runner/work/ozone/ozone/hadoop-ozone/integration-test/target/test-dir/MiniOzoneClusterImpl-cebd3685-2b3d-4639-9f0f-41911e64574b/datanode-2/data/ratis/b190f5b9-7e46-471d-8a9f-5f9d92319c7a/in_use.lock acquired by nodename 2851@fv-az294-841
2021-11-09 00:57:36,547 [Command processor thread] INFO  server.RaftServer (RaftServerProxy.java:addNew(95)) - 43136673-c093-486b-8a61-55aa3fed1341: addNew group-5F9D92319C7A:[43136673-c093-486b-8a61-55aa3fed1341|rpc:10.1.0.58:34809|priority:1] returns group-5F9D92319C7A:java.util.concurrent.CompletableFuture@5ccf2f08[Not completed]
2021-11-09 00:57:36,562 [pool-671-thread-1] INFO  storage.RaftStorage (RaftStorageImpl.java:format(89)) - Storage directory /home/runner/work/ozone/ozone/hadoop-ozone/integration-test/target/test-dir/MiniOzoneClusterImpl-cebd3685-2b3d-4639-9f0f-41911e64574b/datanode-2/data/ratis/b190f5b9-7e46-471d-8a9f-5f9d92319c7a has been successfully formatted.
2021-11-09 00:57:36,562 [pool-671-thread-1] INFO  ratis.ContainerStateMachine (ContainerStateMachine.java:loadSnapshot(224)) - group-5F9D92319C7A: The snapshot info is null. Setting the last applied indexto:(t:0, i:~)
2021-11-09 00:57:36,562 [pool-671-thread-1] INFO  server.RaftServerConfigKeys (ConfUtils.java:logGet(44)) - raft.server.notification.no-leader.timeout = 300000ms (custom)
2021-11-09 00:57:36,563 [pool-671-thread-1] INFO  server.RaftServerConfigKeys (ConfUtils.java:logGet(44)) - raft.server.log.use.memory = false (default)
2021-11-09 00:57:36,563 [pool-671-thread-1] INFO  server.RaftServerConfigKeys (ConfUtils.java:logGet(44)) - raft.server.log.purge.gap = 1000000 (custom)
2021-11-09 00:57:36,563 [pool-671-thread-1] INFO  server.RaftServerConfigKeys (ConfUtils.java:logGet(44)) - raft.server.log.appender.buffer.byte-limit = 33554432 (custom)
2021-11-09 00:57:36,563 [pool-671-thread-1] INFO  server.RaftServerConfigKeys (ConfUtils.java:logGet(44)) - raft.server.log.segment.size.max = 1048576 (custom)
2021-11-09 00:57:36,563 [EventQueue-PipelineReportForPipelineReportHandler] INFO  pipeline.PipelineManagerImpl (PipelineManagerImpl.java:openPipeline(289)) - Pipeline Pipeline[ Id: b190f5b9-7e46-471d-8a9f-5f9d92319c7a, Nodes: 43136673-c093-486b-8a61-55aa3fed1341{ip: 10.1.0.58, host: fv-az294-841.eaanfquahm5ulb5tj050gcxych.jx.internal.cloudapp.net, ports: [REPLICATION=33899, RATIS=34809, RATIS_ADMIN=34809, RATIS_SERVER=34809, STANDALONE=39677], networkLocation: /default-rack, certSerialId: null, persistedOpState: IN_SERVICE, persistedOpStateExpiryEpochSec: 0}, ReplicationConfig: RATIS/ONE, State:ALLOCATED, leaderId:43136673-c093-486b-8a61-55aa3fed1341, CreationTimestamp2021-11-09T00:57:35.512Z[Etc/UTC]] moved to OPEN state
2021-11-09 00:57:36,563 [pool-671-thread-1] INFO  server.RaftServerConfigKeys (ConfUtils.java:logGet(44)) - raft.server.log.segment.cache.num.max = 2 (custom)
2021-11-09 00:57:36,563 [pool-671-thread-1] INFO  server.RaftServerConfigKeys (ConfUtils.java:logGet(44)) - raft.server.log.segment.cache.size.max = 200MB (=209715200) (default)
2021-11-09 00:57:36,563 [pool-671-thread-1] INFO  segmented.SegmentedRaftLogWorker (SegmentedRaftLogWorker.java:<init>(182)) - new 43136673-c093-486b-8a61-55aa3fed1341@group-5F9D92319C7A-SegmentedRaftLogWorker for RaftStorageImpl:Storage Directory /home/runner/work/ozone/ozone/hadoop-ozone/integration-test/target/test-dir/MiniOzoneClusterImpl-cebd3685-2b3d-4639-9f0f-41911e64574b/datanode-2/data/ratis/b190f5b9-7e46-471d-8a9f-5f9d92319c7a
2021-11-09 00:57:36,563 [pool-671-thread-1] INFO  server.RaftServerConfigKeys (ConfUtils.java:logGet(44)) - raft.server.log.queue.byte-limit = 2147483647 (custom)
2021-11-09 00:57:36,563 [pool-671-thread-1] INFO  server.RaftServerConfigKeys (ConfUtils.java:logGet(44)) - raft.server.log.queue.element-limit = 1024 (custom)
2021-11-09 00:57:36,563 [pool-671-thread-1] INFO  server.RaftServerConfigKeys (ConfUtils.java:logGet(44)) - raft.server.log.segment.size.max = 1048576 (custom)
2021-11-09 00:57:36,563 [pool-671-thread-1] INFO  server.RaftServerConfigKeys (ConfUtils.java:logGet(44)) - raft.server.log.preallocated.size = 16384 (custom)
2021-11-09 00:57:36,564 [pool-671-thread-1] INFO  server.RaftServerConfigKeys (ConfUtils.java:logGet(44)) - raft.server.log.force.sync.num = 128 (default)
2021-11-09 00:57:36,564 [pool-671-thread-1] INFO  server.RaftServerConfigKeys (ConfUtils.java:logGet(44)) - raft.server.log.statemachine.data.sync = true (default)
2021-11-09 00:57:36,564 [pool-671-thread-1] INFO  server.RaftServerConfigKeys (ConfUtils.java:logGet(44)) - raft.server.log.statemachine.data.sync.timeout = 10s (default)
2021-11-09 00:57:36,564 [pool-671-thread-1] INFO  server.RaftServerConfigKeys (ConfUtils.java:logGet(44)) - raft.server.log.statemachine.data.sync.timeout.retry = -1 (default)
2021-11-09 00:57:36,565 [pool-671-thread-1] INFO  server.RaftServerConfigKeys (ConfUtils.java:logGet(44)) - raft.server.log.write.buffer.size = 1048576 (custom)
2021-11-09 00:57:36,565 [pool-671-thread-1] INFO  server.RaftServerConfigKeys (ConfUtils.java:logGet(44)) - raft.server.log.statemachine.data.caching.enabled = true (custom)
2021-11-09 00:57:36,565 [pool-671-thread-1] INFO  segmented.SegmentedRaftLogWorker (SegmentedRaftLogWorker.java:lambda$new$0(133)) - 43136673-c093-486b-8a61-55aa3fed1341@group-5F9D92319C7A-SegmentedRaftLogWorker: flushIndex: setUnconditionally 0 -> -1
2021-11-09 00:57:36,565 [pool-671-thread-1] INFO  segmented.SegmentedRaftLogWorker (SegmentedRaftLogWorker.java:lambda$new$0(133)) - 43136673-c093-486b-8a61-55aa3fed1341@group-5F9D92319C7A-SegmentedRaftLogWorker: safeCacheEvictIndex: setUnconditionally 0 -> -1
2021-11-09 00:57:36,582 [pool-671-thread-1] INFO  server.RaftServerConfigKeys (ConfUtils.java:logGet(44)) - raft.server.snapshot.auto.trigger.enabled = true (custom)
2021-11-09 00:57:36,582 [pool-671-thread-1] INFO  server.RaftServerConfigKeys (ConfUtils.java:logGet(44)) - raft.server.snapshot.auto.trigger.threshold = 10000 (custom)
2021-11-09 00:57:36,583 [pool-671-thread-1] INFO  server.RaftServerConfigKeys (ConfUtils.java:logGet(44)) - raft.server.snapshot.retention.file.num = 5 (custom)
2021-11-09 00:57:36,583 [pool-671-thread-1] INFO  server.RaftServerConfigKeys (ConfUtils.java:logGet(44)) - raft.server.log.purge.upto.snapshot.index = false (default)
2021-11-09 00:57:36,583 [pool-671-thread-1] INFO  server.RaftServerConfigKeys (ConfUtils.java:logGet(44)) - raft.server.retrycache.expirytime = 600000ms (custom)
2021-11-09 00:57:36,583 [pool-671-thread-1] INFO  server.RaftServerConfigKeys (ConfUtils.java:logGet(44)) - raft.server.retrycache.statistics.expirytime = 100μs (default)
2021-11-09 00:57:36,584 [pool-671-thread-1] INFO  server.RaftServer$Division (RaftServerImpl.java:start(301)) - 43136673-c093-486b-8a61-55aa3fed1341@group-5F9D92319C7A: start as a follower, conf=-1: [43136673-c093-486b-8a61-55aa3fed1341|rpc:10.1.0.58:34809|priority:1], old=null
2021-11-09 00:57:36,584 [pool-671-thread-1] INFO  server.RaftServer$Division (RaftServerImpl.java:setRole(290)) - 43136673-c093-486b-8a61-55aa3fed1341@group-5F9D92319C7A: changes role from      null to FOLLOWER at term 0 for startAsFollower
2021-11-09 00:57:36,584 [pool-671-thread-1] INFO  impl.RoleInfo (RoleInfo.java:updateAndGet(130)) - 43136673-c093-486b-8a61-55aa3fed1341: start 43136673-c093-486b-8a61-55aa3fed1341@group-5F9D92319C7A-FollowerState
2021-11-09 00:57:36,584 [pool-671-thread-1] INFO  util.JmxRegister (JmxRegister.java:tryRegister(44)) - Successfully registered JMX Bean with object name Ratis:service=RaftServer,group=group-5F9D92319C7A,id=43136673-c093-486b-8a61-55aa3fed1341
2021-11-09 00:57:36,585 [Command processor thread] INFO  server.RaftServer (RaftServerProxy.java:addNew(95)) - d5ae86a0-e3e8-461b-b600-8c2d036507b1: addNew group-4DE1D93F2384:[4430b70e-e2dc-4778-891b-decd59bd04d3|rpc:10.1.0.58:37555|priority:1, d5ae86a0-e3e8-461b-b600-8c2d036507b1|rpc:10.1.0.58:45525|priority:0, 43136673-c093-486b-8a61-55aa3fed1341|rpc:10.1.0.58:34809|priority:0] returns group-4DE1D93F2384:java.util.concurrent.CompletableFuture@1cdc5374[Not completed]
2021-11-09 00:57:36,586 [pool-524-thread-1] INFO  server.RaftServer$Division (RaftServerImpl.java:<init>(184)) - d5ae86a0-e3e8-461b-b600-8c2d036507b1: new RaftServerImpl for group-4DE1D93F2384:[4430b70e-e2dc-4778-891b-decd59bd04d3|rpc:10.1.0.58:37555|priority:1, d5ae86a0-e3e8-461b-b600-8c2d036507b1|rpc:10.1.0.58:45525|priority:0, 43136673-c093-486b-8a61-55aa3fed1341|rpc:10.1.0.58:34809|priority:0] with ContainerStateMachine:uninitialized
2021-11-09 00:57:36,586 [pool-524-thread-1] INFO  server.RaftServerConfigKeys (ConfUtils.java:logGet(44)) - raft.server.rpc.timeout.min = 5s (custom)
2021-11-09 00:57:36,586 [pool-524-thread-1] INFO  server.RaftServerConfigKeys (ConfUtils.java:logGet(44)) - raft.server.rpc.timeout.max = 5200ms (custom)
2021-11-09 00:57:36,586 [pool-524-thread-1] INFO  server.RaftServerConfigKeys (ConfUtils.java:logGet(44)) - raft.server.rpc.sleep.time = 25ms (default)
2021-11-09 00:57:36,586 [pool-524-thread-1] INFO  server.RaftServerConfigKeys (ConfUtils.java:logGet(44)) - raft.server.rpc.slowness.timeout = 300000ms (custom)
2021-11-09 00:57:36,586 [pool-524-thread-1] INFO  server.RaftServerConfigKeys (ConfUtils.java:logGet(44)) - raft.server.leaderelection.leader.step-down.wait-time = 10s (default)
2021-11-09 00:57:36,586 [pool-524-thread-1] INFO  server.RaftServerConfigKeys (ConfUtils.java:logGet(44)) - raft.server.sleep.deviation.threshold = 300ms (default)
2021-11-09 00:57:36,586 [pool-524-thread-1] INFO  server.RaftServerConfigKeys (ConfUtils.java:logGet(44)) - raft.server.log.appender.install.snapshot.enabled = false (custom)
2021-11-09 00:57:36,586 [pool-524-thread-1] INFO  server.RaftServer$Division (ServerState.java:<init>(105)) - d5ae86a0-e3e8-461b-b600-8c2d036507b1@group-4DE1D93F2384: ConfigurationManager, init=-1: [4430b70e-e2dc-4778-891b-decd59bd04d3|rpc:10.1.0.58:37555|priority:1, d5ae86a0-e3e8-461b-b600-8c2d036507b1|rpc:10.1.0.58:45525|priority:0, 43136673-c093-486b-8a61-55aa3fed1341|rpc:10.1.0.58:34809|priority:0], old=null, confs=<EMPTY_MAP>
2021-11-09 00:57:36,587 [pool-524-thread-1] INFO  server.RaftServerConfigKeys (ConfUtils.java:logGet(44)) - raft.server.storage.dir = [/home/runner/work/ozone/ozone/hadoop-ozone/integration-test/target/test-dir/MiniOzoneClusterImpl-cebd3685-2b3d-4639-9f0f-41911e64574b/datanode-1/data/ratis] (custom)
2021-11-09 00:57:36,587 [pool-524-thread-1] INFO  server.RaftServerConfigKeys (ConfUtils.java:logGet(44)) - raft.server.log.corruption.policy = EXCEPTION (default)
2021-11-09 00:57:36,587 [pool-524-thread-1] INFO  server.RaftServerConfigKeys (ConfUtils.java:logGet(44)) - raft.server.storage.free-space.min = 0MB (=0) (default)
2021-11-09 00:57:36,587 [pool-524-thread-1] INFO  storage.RaftStorageDirectory (RaftStorageDirectoryImpl.java:analyzeStorage(135)) - The storage directory /home/runner/work/ozone/ozone/hadoop-ozone/integration-test/target/test-dir/MiniOzoneClusterImpl-cebd3685-2b3d-4639-9f0f-41911e64574b/datanode-1/data/ratis/8a6dbd94-094e-4d27-9e96-4de1d93f2384 does not exist. Creating ...
2021-11-09 00:57:36,593 [pool-524-thread-1] INFO  storage.RaftStorageDirectory (RaftStorageDirectoryImpl.java:tryLock(230)) - Lock on /home/runner/work/ozone/ozone/hadoop-ozone/integration-test/target/test-dir/MiniOzoneClusterImpl-cebd3685-2b3d-4639-9f0f-41911e64574b/datanode-1/data/ratis/8a6dbd94-094e-4d27-9e96-4de1d93f2384/in_use.lock acquired by nodename 2851@fv-az294-841
2021-11-09 00:57:36,596 [pool-524-thread-1] INFO  storage.RaftStorage (RaftStorageImpl.java:format(89)) - Storage directory /home/runner/work/ozone/ozone/hadoop-ozone/integration-test/target/test-dir/MiniOzoneClusterImpl-cebd3685-2b3d-4639-9f0f-41911e64574b/datanode-1/data/ratis/8a6dbd94-094e-4d27-9e96-4de1d93f2384 has been successfully formatted.
2021-11-09 00:57:36,603 [Command processor thread] INFO  ratis.XceiverServerRatis (XceiverServerRatis.java:addGroup(768)) - Created group PipelineID=b190f5b9-7e46-471d-8a9f-5f9d92319c7a
2021-11-09 00:57:36,603 [Command processor thread] INFO  commandhandler.CreatePipelineCommandHandler (CreatePipelineCommandHandler.java:handle(106)) - Created Pipeline RATIS ONE PipelineID=b190f5b9-7e46-471d-8a9f-5f9d92319c7a.
2021-11-09 00:57:36,604 [Command processor thread] INFO  server.RaftServer (RaftServerProxy.java:addNew(95)) - 43136673-c093-486b-8a61-55aa3fed1341: addNew group-4DE1D93F2384:[4430b70e-e2dc-4778-891b-decd59bd04d3|rpc:10.1.0.58:37555|priority:1, d5ae86a0-e3e8-461b-b600-8c2d036507b1|rpc:10.1.0.58:45525|priority:0, 43136673-c093-486b-8a61-55aa3fed1341|rpc:10.1.0.58:34809|priority:0] returns group-4DE1D93F2384:java.util.concurrent.CompletableFuture@49ecb5f6[Not completed]
2021-11-09 00:57:36,604 [pool-671-thread-1] INFO  server.RaftServer$Division (RaftServerImpl.java:<init>(184)) - 43136673-c093-486b-8a61-55aa3fed1341: new RaftServerImpl for group-4DE1D93F2384:[4430b70e-e2dc-4778-891b-decd59bd04d3|rpc:10.1.0.58:37555|priority:1, d5ae86a0-e3e8-461b-b600-8c2d036507b1|rpc:10.1.0.58:45525|priority:0, 43136673-c093-486b-8a61-55aa3fed1341|rpc:10.1.0.58:34809|priority:0] with ContainerStateMachine:uninitialized
2021-11-09 00:57:36,604 [pool-671-thread-1] INFO  server.RaftServerConfigKeys (ConfUtils.java:logGet(44)) - raft.server.rpc.timeout.min = 5s (custom)
2021-11-09 00:57:36,604 [pool-671-thread-1] INFO  server.RaftServerConfigKeys (ConfUtils.java:logGet(44)) - raft.server.rpc.timeout.max = 5200ms (custom)
2021-11-09 00:57:36,605 [pool-671-thread-1] INFO  server.RaftServerConfigKeys (ConfUtils.java:logGet(44)) - raft.server.rpc.sleep.time = 25ms (default)
2021-11-09 00:57:36,605 [pool-671-thread-1] INFO  server.RaftServerConfigKeys (ConfUtils.java:logGet(44)) - raft.server.rpc.slowness.timeout = 300000ms (custom)
2021-11-09 00:57:36,605 [pool-671-thread-1] INFO  server.RaftServerConfigKeys (ConfUtils.java:logGet(44)) - raft.server.leaderelection.leader.step-down.wait-time = 10s (default)
2021-11-09 00:57:36,605 [pool-671-thread-1] INFO  server.RaftServerConfigKeys (ConfUtils.java:logGet(44)) - raft.server.sleep.deviation.threshold = 300ms (default)
2021-11-09 00:57:36,605 [pool-671-thread-1] INFO  server.RaftServerConfigKeys (ConfUtils.java:logGet(44)) - raft.server.log.appender.install.snapshot.enabled = false (custom)
2021-11-09 00:57:36,605 [pool-671-thread-1] INFO  server.RaftServer$Division (ServerState.java:<init>(105)) - 43136673-c093-486b-8a61-55aa3fed1341@group-4DE1D93F2384: ConfigurationManager, init=-1: [4430b70e-e2dc-4778-891b-decd59bd04d3|rpc:10.1.0.58:37555|priority:1, d5ae86a0-e3e8-461b-b600-8c2d036507b1|rpc:10.1.0.58:45525|priority:0, 43136673-c093-486b-8a61-55aa3fed1341|rpc:10.1.0.58:34809|priority:0], old=null, confs=<EMPTY_MAP>
2021-11-09 00:57:36,605 [pool-671-thread-1] INFO  server.RaftServerConfigKeys (ConfUtils.java:logGet(44)) - raft.server.storage.dir = [/home/runner/work/ozone/ozone/hadoop-ozone/integration-test/target/test-dir/MiniOzoneClusterImpl-cebd3685-2b3d-4639-9f0f-41911e64574b/datanode-2/data/ratis] (custom)
2021-11-09 00:57:36,605 [pool-671-thread-1] INFO  server.RaftServerConfigKeys (ConfUtils.java:logGet(44)) - raft.server.log.corruption.policy = EXCEPTION (default)
2021-11-09 00:57:36,605 [pool-671-thread-1] INFO  server.RaftServerConfigKeys (ConfUtils.java:logGet(44)) - raft.server.storage.free-space.min = 0MB (=0) (default)
2021-11-09 00:57:36,605 [pool-671-thread-1] INFO  storage.RaftStorageDirectory (RaftStorageDirectoryImpl.java:analyzeStorage(135)) - The storage directory /home/runner/work/ozone/ozone/hadoop-ozone/integration-test/target/test-dir/MiniOzoneClusterImpl-cebd3685-2b3d-4639-9f0f-41911e64574b/datanode-2/data/ratis/8a6dbd94-094e-4d27-9e96-4de1d93f2384 does not exist. Creating ...
2021-11-09 00:57:36,607 [pool-524-thread-1] INFO  ratis.ContainerStateMachine (ContainerStateMachine.java:loadSnapshot(224)) - group-4DE1D93F2384: The snapshot info is null. Setting the last applied indexto:(t:0, i:~)
2021-11-09 00:57:36,618 [pool-524-thread-1] INFO  server.RaftServerConfigKeys (ConfUtils.java:logGet(44)) - raft.server.notification.no-leader.timeout = 300000ms (custom)
2021-11-09 00:57:36,618 [pool-524-thread-1] INFO  server.RaftServerConfigKeys (ConfUtils.java:logGet(44)) - raft.server.log.use.memory = false (default)
2021-11-09 00:57:36,618 [pool-524-thread-1] INFO  server.RaftServerConfigKeys (ConfUtils.java:logGet(44)) - raft.server.log.purge.gap = 1000000 (custom)
2021-11-09 00:57:36,618 [pool-524-thread-1] INFO  server.RaftServerConfigKeys (ConfUtils.java:logGet(44)) - raft.server.log.appender.buffer.byte-limit = 33554432 (custom)
2021-11-09 00:57:36,618 [pool-524-thread-1] INFO  server.RaftServerConfigKeys (ConfUtils.java:logGet(44)) - raft.server.log.segment.size.max = 1048576 (custom)
2021-11-09 00:57:36,619 [pool-524-thread-1] INFO  server.RaftServerConfigKeys (ConfUtils.java:logGet(44)) - raft.server.log.segment.cache.num.max = 2 (custom)
2021-11-09 00:57:36,619 [pool-524-thread-1] INFO  server.RaftServerConfigKeys (ConfUtils.java:logGet(44)) - raft.server.log.segment.cache.size.max = 200MB (=209715200) (default)
2021-11-09 00:57:36,619 [pool-524-thread-1] INFO  segmented.SegmentedRaftLogWorker (SegmentedRaftLogWorker.java:<init>(182)) - new d5ae86a0-e3e8-461b-b600-8c2d036507b1@group-4DE1D93F2384-SegmentedRaftLogWorker for RaftStorageImpl:Storage Directory /home/runner/work/ozone/ozone/hadoop-ozone/integration-test/target/test-dir/MiniOzoneClusterImpl-cebd3685-2b3d-4639-9f0f-41911e64574b/datanode-1/data/ratis/8a6dbd94-094e-4d27-9e96-4de1d93f2384
2021-11-09 00:57:36,619 [pool-524-thread-1] INFO  server.RaftServerConfigKeys (ConfUtils.java:logGet(44)) - raft.server.log.queue.byte-limit = 2147483647 (custom)
2021-11-09 00:57:36,619 [pool-524-thread-1] INFO  server.RaftServerConfigKeys (ConfUtils.java:logGet(44)) - raft.server.log.queue.element-limit = 1024 (custom)
2021-11-09 00:57:36,619 [pool-524-thread-1] INFO  server.RaftServerConfigKeys (ConfUtils.java:logGet(44)) - raft.server.log.segment.size.max = 1048576 (custom)
2021-11-09 00:57:36,619 [pool-524-thread-1] INFO  server.RaftServerConfigKeys (ConfUtils.java:logGet(44)) - raft.server.log.preallocated.size = 16384 (custom)
2021-11-09 00:57:36,619 [pool-524-thread-1] INFO  server.RaftServerConfigKeys (ConfUtils.java:logGet(44)) - raft.server.log.force.sync.num = 128 (default)
2021-11-09 00:57:36,619 [pool-524-thread-1] INFO  server.RaftServerConfigKeys (ConfUtils.java:logGet(44)) - raft.server.log.statemachine.data.sync = true (default)
2021-11-09 00:57:36,619 [pool-524-thread-1] INFO  server.RaftServerConfigKeys (ConfUtils.java:logGet(44)) - raft.server.log.statemachine.data.sync.timeout = 10s (default)
2021-11-09 00:57:36,619 [pool-524-thread-1] INFO  server.RaftServerConfigKeys (ConfUtils.java:logGet(44)) - raft.server.log.statemachine.data.sync.timeout.retry = -1 (default)
2021-11-09 00:57:36,620 [pool-524-thread-1] INFO  server.RaftServerConfigKeys (ConfUtils.java:logGet(44)) - raft.server.log.write.buffer.size = 1048576 (custom)
2021-11-09 00:57:36,616 [pool-671-thread-1] INFO  storage.RaftStorageDirectory (RaftStorageDirectoryImpl.java:tryLock(230)) - Lock on /home/runner/work/ozone/ozone/hadoop-ozone/integration-test/target/test-dir/MiniOzoneClusterImpl-cebd3685-2b3d-4639-9f0f-41911e64574b/datanode-2/data/ratis/8a6dbd94-094e-4d27-9e96-4de1d93f2384/in_use.lock acquired by nodename 2851@fv-az294-841
2021-11-09 00:57:36,626 [pool-524-thread-1] INFO  server.RaftServerConfigKeys (ConfUtils.java:logGet(44)) - raft.server.log.statemachine.data.caching.enabled = true (custom)
2021-11-09 00:57:36,628 [pool-524-thread-1] INFO  segmented.SegmentedRaftLogWorker (SegmentedRaftLogWorker.java:lambda$new$0(133)) - d5ae86a0-e3e8-461b-b600-8c2d036507b1@group-4DE1D93F2384-SegmentedRaftLogWorker: flushIndex: setUnconditionally 0 -> -1
2021-11-09 00:57:36,628 [pool-524-thread-1] INFO  segmented.SegmentedRaftLogWorker (SegmentedRaftLogWorker.java:lambda$new$0(133)) - d5ae86a0-e3e8-461b-b600-8c2d036507b1@group-4DE1D93F2384-SegmentedRaftLogWorker: safeCacheEvictIndex: setUnconditionally 0 -> -1
2021-11-09 00:57:36,628 [pool-671-thread-1] INFO  storage.RaftStorage (RaftStorageImpl.java:format(89)) - Storage directory /home/runner/work/ozone/ozone/hadoop-ozone/integration-test/target/test-dir/MiniOzoneClusterImpl-cebd3685-2b3d-4639-9f0f-41911e64574b/datanode-2/data/ratis/8a6dbd94-094e-4d27-9e96-4de1d93f2384 has been successfully formatted.
2021-11-09 00:57:36,635 [Listener at 127.0.0.1/34135] INFO  ozone.MiniOzoneClusterImpl (MiniOzoneClusterImpl.java:shutdown(453)) - Shutting down the Mini Ozone Cluster
2021-11-09 00:57:36,636 [Listener at 127.0.0.1/34135] INFO  ozone.MiniOzoneClusterImpl (MiniOzoneClusterImpl.java:stop(468)) - Stopping the Mini Ozone Cluster
2021-11-09 00:57:36,636 [Listener at 127.0.0.1/34135] INFO  ozone.MiniOzoneClusterImpl (MiniOzoneClusterImpl.java:stopOM(550)) - Stopping the OzoneManager
2021-11-09 00:57:36,636 [Listener at 127.0.0.1/34135] INFO  om.OzoneManager (OzoneManager.java:stop(1697)) - Stopping Ozone Manager
2021-11-09 00:57:36,636 [Listener at 127.0.0.1/34135] INFO  ipc.Server (Server.java:stop(3414)) - Stopping server on 34135
2021-11-09 00:57:36,642 [pool-524-thread-1] INFO  server.RaftServerConfigKeys (ConfUtils.java:logGet(44)) - raft.server.snapshot.auto.trigger.enabled = true (custom)
2021-11-09 00:57:36,642 [pool-524-thread-1] INFO  server.RaftServerConfigKeys (ConfUtils.java:logGet(44)) - raft.server.snapshot.auto.trigger.threshold = 10000 (custom)
2021-11-09 00:57:36,642 [pool-524-thread-1] INFO  server.RaftServerConfigKeys (ConfUtils.java:logGet(44)) - raft.server.snapshot.retention.file.num = 5 (custom)
2021-11-09 00:57:36,642 [pool-524-thread-1] INFO  server.RaftServerConfigKeys (ConfUtils.java:logGet(44)) - raft.server.log.purge.upto.snapshot.index = false (default)
2021-11-09 00:57:36,642 [pool-524-thread-1] INFO  server.RaftServerConfigKeys (ConfUtils.java:logGet(44)) - raft.server.retrycache.expirytime = 600000ms (custom)
2021-11-09 00:57:36,642 [pool-524-thread-1] INFO  server.RaftServerConfigKeys (ConfUtils.java:logGet(44)) - raft.server.retrycache.statistics.expirytime = 100μs (default)
2021-11-09 00:57:36,643 [pool-524-thread-1] INFO  server.RaftServer$Division (RaftServerImpl.java:start(301)) - d5ae86a0-e3e8-461b-b600-8c2d036507b1@group-4DE1D93F2384: start as a follower, conf=-1: [4430b70e-e2dc-4778-891b-decd59bd04d3|rpc:10.1.0.58:37555|priority:1, d5ae86a0-e3e8-461b-b600-8c2d036507b1|rpc:10.1.0.58:45525|priority:0, 43136673-c093-486b-8a61-55aa3fed1341|rpc:10.1.0.58:34809|priority:0], old=null
2021-11-09 00:57:36,648 [pool-524-thread-1] INFO  server.RaftServer$Division (RaftServerImpl.java:setRole(290)) - d5ae86a0-e3e8-461b-b600-8c2d036507b1@group-4DE1D93F2384: changes role from      null to FOLLOWER at term 0 for startAsFollower
2021-11-09 00:57:36,650 [pool-524-thread-1] INFO  impl.RoleInfo (RoleInfo.java:updateAndGet(130)) - d5ae86a0-e3e8-461b-b600-8c2d036507b1: start d5ae86a0-e3e8-461b-b600-8c2d036507b1@group-4DE1D93F2384-FollowerState
2021-11-09 00:57:36,650 [pool-524-thread-1] INFO  util.JmxRegister (JmxRegister.java:tryRegister(44)) - Successfully registered JMX Bean with object name Ratis:service=RaftServer,group=group-4DE1D93F2384,id=d5ae86a0-e3e8-461b-b600-8c2d036507b1
2021-11-09 00:57:36,651 [Command processor thread] INFO  ratis.XceiverServerRatis (XceiverServerRatis.java:addGroup(768)) - Created group PipelineID=8a6dbd94-094e-4d27-9e96-4de1d93f2384
2021-11-09 00:57:36,658 [pool-671-thread-1] INFO  ratis.ContainerStateMachine (ContainerStateMachine.java:loadSnapshot(224)) - group-4DE1D93F2384: The snapshot info is null. Setting the last applied indexto:(t:0, i:~)
2021-11-09 00:57:36,658 [pool-671-thread-1] INFO  server.RaftServerConfigKeys (ConfUtils.java:logGet(44)) - raft.server.notification.no-leader.timeout = 300000ms (custom)
2021-11-09 00:57:36,658 [pool-671-thread-1] INFO  server.RaftServerConfigKeys (ConfUtils.java:logGet(44)) - raft.server.log.use.memory = false (default)
2021-11-09 00:57:36,658 [pool-671-thread-1] INFO  server.RaftServerConfigKeys (ConfUtils.java:logGet(44)) - raft.server.log.purge.gap = 1000000 (custom)
2021-11-09 00:57:36,658 [pool-671-thread-1] INFO  server.RaftServerConfigKeys (ConfUtils.java:logGet(44)) - raft.server.log.appender.buffer.byte-limit = 33554432 (custom)
2021-11-09 00:57:36,659 [pool-671-thread-1] INFO  server.RaftServerConfigKeys (ConfUtils.java:logGet(44)) - raft.server.log.segment.size.max = 1048576 (custom)
2021-11-09 00:57:36,659 [pool-671-thread-1] INFO  server.RaftServerConfigKeys (ConfUtils.java:logGet(44)) - raft.server.log.segment.cache.num.max = 2 (custom)
2021-11-09 00:57:36,659 [pool-671-thread-1] INFO  server.RaftServerConfigKeys (ConfUtils.java:logGet(44)) - raft.server.log.segment.cache.size.max = 200MB (=209715200) (default)
2021-11-09 00:57:36,659 [pool-671-thread-1] INFO  segmented.SegmentedRaftLogWorker (SegmentedRaftLogWorker.java:<init>(182)) - new 43136673-c093-486b-8a61-55aa3fed1341@group-4DE1D93F2384-SegmentedRaftLogWorker for RaftStorageImpl:Storage Directory /home/runner/work/ozone/ozone/hadoop-ozone/integration-test/target/test-dir/MiniOzoneClusterImpl-cebd3685-2b3d-4639-9f0f-41911e64574b/datanode-2/data/ratis/8a6dbd94-094e-4d27-9e96-4de1d93f2384
2021-11-09 00:57:36,659 [pool-671-thread-1] INFO  server.RaftServerConfigKeys (ConfUtils.java:logGet(44)) - raft.server.log.queue.byte-limit = 2147483647 (custom)
2021-11-09 00:57:36,659 [pool-671-thread-1] INFO  server.RaftServerConfigKeys (ConfUtils.java:logGet(44)) - raft.server.log.queue.element-limit = 1024 (custom)
2021-11-09 00:57:36,659 [pool-671-thread-1] INFO  server.RaftServerConfigKeys (ConfUtils.java:logGet(44)) - raft.server.log.segment.size.max = 1048576 (custom)
2021-11-09 00:57:36,659 [pool-671-thread-1] INFO  server.RaftServerConfigKeys (ConfUtils.java:logGet(44)) - raft.server.log.preallocated.size = 16384 (custom)
2021-11-09 00:57:36,659 [pool-671-thread-1] INFO  server.RaftServerConfigKeys (ConfUtils.java:logGet(44)) - raft.server.log.force.sync.num = 128 (default)
2021-11-09 00:57:36,659 [pool-671-thread-1] INFO  server.RaftServerConfigKeys (ConfUtils.java:logGet(44)) - raft.server.log.statemachine.data.sync = true (default)
2021-11-09 00:57:36,659 [pool-671-thread-1] INFO  server.RaftServerConfigKeys (ConfUtils.java:logGet(44)) - raft.server.log.statemachine.data.sync.timeout = 10s (default)
2021-11-09 00:57:36,659 [pool-671-thread-1] INFO  server.RaftServerConfigKeys (ConfUtils.java:logGet(44)) - raft.server.log.statemachine.data.sync.timeout.retry = -1 (default)
2021-11-09 00:57:36,660 [pool-671-thread-1] INFO  server.RaftServerConfigKeys (ConfUtils.java:logGet(44)) - raft.server.log.write.buffer.size = 1048576 (custom)
2021-11-09 00:57:36,661 [pool-671-thread-1] INFO  server.RaftServerConfigKeys (ConfUtils.java:logGet(44)) - raft.server.log.statemachine.data.caching.enabled = true (custom)
2021-11-09 00:57:36,661 [pool-671-thread-1] INFO  segmented.SegmentedRaftLogWorker (SegmentedRaftLogWorker.java:lambda$new$0(133)) - 43136673-c093-486b-8a61-55aa3fed1341@group-4DE1D93F2384-SegmentedRaftLogWorker: flushIndex: setUnconditionally 0 -> -1
2021-11-09 00:57:36,661 [pool-671-thread-1] INFO  segmented.SegmentedRaftLogWorker (SegmentedRaftLogWorker.java:lambda$new$0(133)) - 43136673-c093-486b-8a61-55aa3fed1341@group-4DE1D93F2384-SegmentedRaftLogWorker: safeCacheEvictIndex: setUnconditionally 0 -> -1
2021-11-09 00:57:36,661 [pool-671-thread-1] INFO  server.RaftServerConfigKeys (ConfUtils.java:logGet(44)) - raft.server.snapshot.auto.trigger.enabled = true (custom)
2021-11-09 00:57:36,661 [pool-671-thread-1] INFO  server.RaftServerConfigKeys (ConfUtils.java:logGet(44)) - raft.server.snapshot.auto.trigger.threshold = 10000 (custom)
2021-11-09 00:57:36,662 [pool-671-thread-1] INFO  server.RaftServerConfigKeys (ConfUtils.java:logGet(44)) - raft.server.snapshot.retention.file.num = 5 (custom)
2021-11-09 00:57:36,694 [pool-671-thread-1] INFO  server.RaftServerConfigKeys (ConfUtils.java:logGet(44)) - raft.server.log.purge.upto.snapshot.index = false (default)
2021-11-09 00:57:36,694 [pool-671-thread-1] INFO  server.RaftServerConfigKeys (ConfUtils.java:logGet(44)) - raft.server.retrycache.expirytime = 600000ms (custom)
2021-11-09 00:57:36,694 [pool-671-thread-1] INFO  server.RaftServerConfigKeys (ConfUtils.java:logGet(44)) - raft.server.retrycache.statistics.expirytime = 100μs (default)
2021-11-09 00:57:36,680 [Listener at 127.0.0.1/34135] INFO  server.RaftServer (RaftServerProxy.java:lambda$close$6(391)) - om1: close
2021-11-09 00:57:36,695 [Listener at 127.0.0.1/34135] INFO  server.RaftServer$Division (RaftServerImpl.java:lambda$close$4(412)) - om1@group-C5BA1605619E: shutdown
2021-11-09 00:57:36,696 [Listener at 127.0.0.1/34135] INFO  util.JmxRegister (JmxRegister.java:unregister(73)) - Successfully un-registered JMX Bean with object name Ratis:service=RaftServer,group=group-C5BA1605619E,id=om1
2021-11-09 00:57:36,696 [Listener at 127.0.0.1/34135] INFO  impl.RoleInfo (RoleInfo.java:shutdownLeaderState(91)) - om1: shutdown om1@group-C5BA1605619E-LeaderStateImpl
2021-11-09 00:57:36,696 [Listener at 127.0.0.1/34135] INFO  impl.PendingRequests (PendingRequests.java:sendNotLeaderResponses(282)) - om1@group-C5BA1605619E-PendingRequests: sendNotLeaderResponses
2021-11-09 00:57:36,697 [pool-671-thread-1] INFO  server.RaftServer$Division (RaftServerImpl.java:start(301)) - 43136673-c093-486b-8a61-55aa3fed1341@group-4DE1D93F2384: start as a follower, conf=-1: [4430b70e-e2dc-4778-891b-decd59bd04d3|rpc:10.1.0.58:37555|priority:1, d5ae86a0-e3e8-461b-b600-8c2d036507b1|rpc:10.1.0.58:45525|priority:0, 43136673-c093-486b-8a61-55aa3fed1341|rpc:10.1.0.58:34809|priority:0], old=null
2021-11-09 00:57:36,697 [pool-671-thread-1] INFO  server.RaftServer$Division (RaftServerImpl.java:setRole(290)) - 43136673-c093-486b-8a61-55aa3fed1341@group-4DE1D93F2384: changes role from      null to FOLLOWER at term 0 for startAsFollower
2021-11-09 00:57:36,697 [pool-671-thread-1] INFO  impl.RoleInfo (RoleInfo.java:updateAndGet(130)) - 43136673-c093-486b-8a61-55aa3fed1341: start 43136673-c093-486b-8a61-55aa3fed1341@group-4DE1D93F2384-FollowerState
2021-11-09 00:57:36,679 [IPC Server Responder] INFO  ipc.Server (Server.java:run(1512)) - Stopping IPC Server Responder
2021-11-09 00:57:36,679 [IPC Server listener on 0] INFO  ipc.Server (Server.java:run(1376)) - Stopping IPC Server listener on 0
2021-11-09 00:57:36,700 [pool-671-thread-1] INFO  util.JmxRegister (JmxRegister.java:tryRegister(44)) - Successfully registered JMX Bean with object name Ratis:service=RaftServer,group=group-4DE1D93F2384,id=43136673-c093-486b-8a61-55aa3fed1341
2021-11-09 00:57:36,701 [Command processor thread] INFO  ratis.XceiverServerRatis (XceiverServerRatis.java:addGroup(768)) - Created group PipelineID=8a6dbd94-094e-4d27-9e96-4de1d93f2384
2021-11-09 00:57:36,721 [grpc-default-executor-1] INFO  server.RaftServer (RaftServerProxy.java:addNew(95)) - 4430b70e-e2dc-4778-891b-decd59bd04d3: addNew group-4DE1D93F2384:[4430b70e-e2dc-4778-891b-decd59bd04d3|rpc:10.1.0.58:37555|dataStream:|priority:1, d5ae86a0-e3e8-461b-b600-8c2d036507b1|rpc:10.1.0.58:45525|dataStream:|priority:0, 43136673-c093-486b-8a61-55aa3fed1341|rpc:10.1.0.58:34809|dataStream:|priority:0] returns group-4DE1D93F2384:java.util.concurrent.CompletableFuture@7c51966[Not completed]
2021-11-09 00:57:36,722 [pool-505-thread-1] INFO  server.RaftServer$Division (RaftServerImpl.java:<init>(184)) - 4430b70e-e2dc-4778-891b-decd59bd04d3: new RaftServerImpl for group-4DE1D93F2384:[4430b70e-e2dc-4778-891b-decd59bd04d3|rpc:10.1.0.58:37555|dataStream:|priority:1, d5ae86a0-e3e8-461b-b600-8c2d036507b1|rpc:10.1.0.58:45525|dataStream:|priority:0, 43136673-c093-486b-8a61-55aa3fed1341|rpc:10.1.0.58:34809|dataStream:|priority:0] with ContainerStateMachine:uninitialized
2021-11-09 00:57:36,722 [pool-505-thread-1] INFO  server.RaftServerConfigKeys (ConfUtils.java:logGet(44)) - raft.server.rpc.timeout.min = 5s (custom)
2021-11-09 00:57:36,722 [pool-505-thread-1] INFO  server.RaftServerConfigKeys (ConfUtils.java:logGet(44)) - raft.server.rpc.timeout.max = 5200ms (custom)
2021-11-09 00:57:36,722 [pool-505-thread-1] INFO  server.RaftServerConfigKeys (ConfUtils.java:logGet(44)) - raft.server.rpc.sleep.time = 25ms (default)
2021-11-09 00:57:36,722 [pool-505-thread-1] INFO  server.RaftServerConfigKeys (ConfUtils.java:logGet(44)) - raft.server.rpc.slowness.timeout = 300000ms (custom)
2021-11-09 00:57:36,722 [pool-505-thread-1] INFO  server.RaftServerConfigKeys (ConfUtils.java:logGet(44)) - raft.server.leaderelection.leader.step-down.wait-time = 10s (default)
2021-11-09 00:57:36,722 [pool-505-thread-1] INFO  server.RaftServerConfigKeys (ConfUtils.java:logGet(44)) - raft.server.sleep.deviation.threshold = 300ms (default)
2021-11-09 00:57:36,722 [pool-505-thread-1] INFO  server.RaftServerConfigKeys (ConfUtils.java:logGet(44)) - raft.server.log.appender.install.snapshot.enabled = false (custom)
2021-11-09 00:57:36,722 [pool-505-thread-1] INFO  server.RaftServer$Division (ServerState.java:<init>(105)) - 4430b70e-e2dc-4778-891b-decd59bd04d3@group-4DE1D93F2384: ConfigurationManager, init=-1: [4430b70e-e2dc-4778-891b-decd59bd04d3|rpc:10.1.0.58:37555|dataStream:|priority:1, d5ae86a0-e3e8-461b-b600-8c2d036507b1|rpc:10.1.0.58:45525|dataStream:|priority:0, 43136673-c093-486b-8a61-55aa3fed1341|rpc:10.1.0.58:34809|dataStream:|priority:0], old=null, confs=<EMPTY_MAP>
2021-11-09 00:57:36,723 [pool-505-thread-1] INFO  server.RaftServerConfigKeys (ConfUtils.java:logGet(44)) - raft.server.storage.dir = [/home/runner/work/ozone/ozone/hadoop-ozone/integration-test/target/test-dir/MiniOzoneClusterImpl-cebd3685-2b3d-4639-9f0f-41911e64574b/datanode-0/data/ratis] (custom)
2021-11-09 00:57:36,723 [pool-505-thread-1] INFO  server.RaftServerConfigKeys (ConfUtils.java:logGet(44)) - raft.server.log.corruption.policy = EXCEPTION (default)
2021-11-09 00:57:36,723 [pool-505-thread-1] INFO  server.RaftServerConfigKeys (ConfUtils.java:logGet(44)) - raft.server.storage.free-space.min = 0MB (=0) (default)
2021-11-09 00:57:36,723 [pool-505-thread-1] INFO  storage.RaftStorageDirectory (RaftStorageDirectoryImpl.java:analyzeStorage(135)) - The storage directory /home/runner/work/ozone/ozone/hadoop-ozone/integration-test/target/test-dir/MiniOzoneClusterImpl-cebd3685-2b3d-4639-9f0f-41911e64574b/datanode-0/data/ratis/8a6dbd94-094e-4d27-9e96-4de1d93f2384 does not exist. Creating ...
2021-11-09 00:57:36,735 [pool-505-thread-1] INFO  storage.RaftStorageDirectory (RaftStorageDirectoryImpl.java:tryLock(230)) - Lock on /home/runner/work/ozone/ozone/hadoop-ozone/integration-test/target/test-dir/MiniOzoneClusterImpl-cebd3685-2b3d-4639-9f0f-41911e64574b/datanode-0/data/ratis/8a6dbd94-094e-4d27-9e96-4de1d93f2384/in_use.lock acquired by nodename 2851@fv-az294-841
2021-11-09 00:57:36,737 [pool-505-thread-1] INFO  storage.RaftStorage (RaftStorageImpl.java:format(89)) - Storage directory /home/runner/work/ozone/ozone/hadoop-ozone/integration-test/target/test-dir/MiniOzoneClusterImpl-cebd3685-2b3d-4639-9f0f-41911e64574b/datanode-0/data/ratis/8a6dbd94-094e-4d27-9e96-4de1d93f2384 has been successfully formatted.
2021-11-09 00:57:36,737 [pool-505-thread-1] INFO  ratis.ContainerStateMachine (ContainerStateMachine.java:loadSnapshot(224)) - group-4DE1D93F2384: The snapshot info is null. Setting the last applied indexto:(t:0, i:~)
2021-11-09 00:57:36,744 [pool-505-thread-1] INFO  server.RaftServerConfigKeys (ConfUtils.java:logGet(44)) - raft.server.notification.no-leader.timeout = 300000ms (custom)
2021-11-09 00:57:36,744 [pool-505-thread-1] INFO  server.RaftServerConfigKeys (ConfUtils.java:logGet(44)) - raft.server.log.use.memory = false (default)
2021-11-09 00:57:36,744 [pool-505-thread-1] INFO  server.RaftServerConfigKeys (ConfUtils.java:logGet(44)) - raft.server.log.purge.gap = 1000000 (custom)
2021-11-09 00:57:36,744 [pool-505-thread-1] INFO  server.RaftServerConfigKeys (ConfUtils.java:logGet(44)) - raft.server.log.appender.buffer.byte-limit = 33554432 (custom)
2021-11-09 00:57:36,744 [pool-505-thread-1] INFO  server.RaftServerConfigKeys (ConfUtils.java:logGet(44)) - raft.server.log.segment.size.max = 1048576 (custom)
2021-11-09 00:57:36,747 [pool-505-thread-1] INFO  server.RaftServerConfigKeys (ConfUtils.java:logGet(44)) - raft.server.log.segment.cache.num.max = 2 (custom)
2021-11-09 00:57:36,748 [pool-505-thread-1] INFO  server.RaftServerConfigKeys (ConfUtils.java:logGet(44)) - raft.server.log.segment.cache.size.max = 200MB (=209715200) (default)
2021-11-09 00:57:36,748 [pool-505-thread-1] INFO  segmented.SegmentedRaftLogWorker (SegmentedRaftLogWorker.java:<init>(182)) - new 4430b70e-e2dc-4778-891b-decd59bd04d3@group-4DE1D93F2384-SegmentedRaftLogWorker for RaftStorageImpl:Storage Directory /home/runner/work/ozone/ozone/hadoop-ozone/integration-test/target/test-dir/MiniOzoneClusterImpl-cebd3685-2b3d-4639-9f0f-41911e64574b/datanode-0/data/ratis/8a6dbd94-094e-4d27-9e96-4de1d93f2384
2021-11-09 00:57:36,748 [pool-505-thread-1] INFO  server.RaftServerConfigKeys (ConfUtils.java:logGet(44)) - raft.server.log.queue.byte-limit = 2147483647 (custom)
2021-11-09 00:57:36,748 [pool-505-thread-1] INFO  server.RaftServerConfigKeys (ConfUtils.java:logGet(44)) - raft.server.log.queue.element-limit = 1024 (custom)
2021-11-09 00:57:36,748 [pool-505-thread-1] INFO  server.RaftServerConfigKeys (ConfUtils.java:logGet(44)) - raft.server.log.segment.size.max = 1048576 (custom)
2021-11-09 00:57:36,748 [pool-505-thread-1] INFO  server.RaftServerConfigKeys (ConfUtils.java:logGet(44)) - raft.server.log.preallocated.size = 16384 (custom)
2021-11-09 00:57:36,748 [pool-505-thread-1] INFO  server.RaftServerConfigKeys (ConfUtils.java:logGet(44)) - raft.server.log.force.sync.num = 128 (default)
2021-11-09 00:57:36,748 [pool-505-thread-1] INFO  server.RaftServerConfigKeys (ConfUtils.java:logGet(44)) - raft.server.log.statemachine.data.sync = true (default)
2021-11-09 00:57:36,748 [pool-505-thread-1] INFO  server.RaftServerConfigKeys (ConfUtils.java:logGet(44)) - raft.server.log.statemachine.data.sync.timeout = 10s (default)
2021-11-09 00:57:36,748 [pool-505-thread-1] INFO  server.RaftServerConfigKeys (ConfUtils.java:logGet(44)) - raft.server.log.statemachine.data.sync.timeout.retry = -1 (default)
2021-11-09 00:57:36,749 [pool-505-thread-1] INFO  server.RaftServerConfigKeys (ConfUtils.java:logGet(44)) - raft.server.log.write.buffer.size = 1048576 (custom)
2021-11-09 00:57:36,753 [pool-505-thread-1] INFO  server.RaftServerConfigKeys (ConfUtils.java:logGet(44)) - raft.server.log.statemachine.data.caching.enabled = true (custom)
2021-11-09 00:57:36,755 [pool-505-thread-1] INFO  segmented.SegmentedRaftLogWorker (SegmentedRaftLogWorker.java:lambda$new$0(133)) - 4430b70e-e2dc-4778-891b-decd59bd04d3@group-4DE1D93F2384-SegmentedRaftLogWorker: flushIndex: setUnconditionally 0 -> -1
2021-11-09 00:57:36,755 [pool-505-thread-1] INFO  segmented.SegmentedRaftLogWorker (SegmentedRaftLogWorker.java:lambda$new$0(133)) - 4430b70e-e2dc-4778-891b-decd59bd04d3@group-4DE1D93F2384-SegmentedRaftLogWorker: safeCacheEvictIndex: setUnconditionally 0 -> -1
2021-11-09 00:57:36,770 [pool-505-thread-1] INFO  server.RaftServerConfigKeys (ConfUtils.java:logGet(44)) - raft.server.snapshot.auto.trigger.enabled = true (custom)
2021-11-09 00:57:36,770 [pool-505-thread-1] INFO  server.RaftServerConfigKeys (ConfUtils.java:logGet(44)) - raft.server.snapshot.auto.trigger.threshold = 10000 (custom)
2021-11-09 00:57:36,770 [pool-505-thread-1] INFO  server.RaftServerConfigKeys (ConfUtils.java:logGet(44)) - raft.server.snapshot.retention.file.num = 5 (custom)
2021-11-09 00:57:36,770 [pool-505-thread-1] INFO  server.RaftServerConfigKeys (ConfUtils.java:logGet(44)) - raft.server.log.purge.upto.snapshot.index = false (default)
2021-11-09 00:57:36,770 [pool-505-thread-1] INFO  server.RaftServerConfigKeys (ConfUtils.java:logGet(44)) - raft.server.retrycache.expirytime = 600000ms (custom)
2021-11-09 00:57:36,770 [pool-505-thread-1] INFO  server.RaftServerConfigKeys (ConfUtils.java:logGet(44)) - raft.server.retrycache.statistics.expirytime = 100μs (default)
2021-11-09 00:57:36,772 [pool-505-thread-1] INFO  server.RaftServer$Division (RaftServerImpl.java:start(301)) - 4430b70e-e2dc-4778-891b-decd59bd04d3@group-4DE1D93F2384: start as a follower, conf=-1: [4430b70e-e2dc-4778-891b-decd59bd04d3|rpc:10.1.0.58:37555|dataStream:|priority:1, d5ae86a0-e3e8-461b-b600-8c2d036507b1|rpc:10.1.0.58:45525|dataStream:|priority:0, 43136673-c093-486b-8a61-55aa3fed1341|rpc:10.1.0.58:34809|dataStream:|priority:0], old=null
2021-11-09 00:57:36,772 [pool-505-thread-1] INFO  server.RaftServer$Division (RaftServerImpl.java:setRole(290)) - 4430b70e-e2dc-4778-891b-decd59bd04d3@group-4DE1D93F2384: changes role from      null to FOLLOWER at term 0 for startAsFollower
2021-11-09 00:57:36,772 [pool-505-thread-1] INFO  impl.RoleInfo (RoleInfo.java:updateAndGet(130)) - 4430b70e-e2dc-4778-891b-decd59bd04d3: start 4430b70e-e2dc-4778-891b-decd59bd04d3@group-4DE1D93F2384-FollowerState
2021-11-09 00:57:36,772 [pool-505-thread-1] INFO  util.JmxRegister (JmxRegister.java:tryRegister(44)) - Successfully registered JMX Bean with object name Ratis:service=RaftServer,group=group-4DE1D93F2384,id=4430b70e-e2dc-4778-891b-decd59bd04d3
2021-11-09 00:57:36,816 [Listener at 127.0.0.1/34135] INFO  impl.StateMachineUpdater (StateMachineUpdater.java:stopAndJoin(149)) - om1@group-C5BA1605619E-StateMachineUpdater: set stopIndex = 10
2021-11-09 00:57:36,838 [om1@group-C5BA1605619E-StateMachineUpdater] INFO  ratis.OzoneManagerStateMachine (OzoneManagerStateMachine.java:takeSnapshot(417)) - Current Snapshot Index (t:1, i:10)
2021-11-09 00:57:36,839 [om1@group-C5BA1605619E-StateMachineUpdater] INFO  impl.StateMachineUpdater (StateMachineUpdater.java:takeSnapshot(281)) - om1@group-C5BA1605619E-StateMachineUpdater: Took a snapshot at index 10
2021-11-09 00:57:36,839 [om1@group-C5BA1605619E-StateMachineUpdater] INFO  impl.StateMachineUpdater (StateMachineUpdater.java:lambda$new$0(89)) - om1@group-C5BA1605619E-StateMachineUpdater: snapshotIndex: updateIncreasingly -1 -> 10
2021-11-09 00:57:36,839 [om1@group-C5BA1605619E-StateMachineUpdater] INFO  ratis.OzoneManagerStateMachine (OzoneManagerStateMachine.java:close(471)) - StateMachine has shutdown. Shutdown OzoneManager if not already shutdown.
2021-11-09 00:57:36,884 [Listener at 127.0.0.1/34135] INFO  server.RaftServer$Division (ServerState.java:close(419)) - om1@group-C5BA1605619E: closes. applyIndex: 10
2021-11-09 00:57:36,885 [om1@group-C5BA1605619E-SegmentedRaftLogWorker] INFO  segmented.SegmentedRaftLogWorker (SegmentedRaftLogWorker.java:run(327)) - om1@group-C5BA1605619E-SegmentedRaftLogWorker was interrupted, exiting. There are 0 tasks remaining in the queue.
2021-11-09 00:57:36,885 [Listener at 127.0.0.1/34135] INFO  segmented.SegmentedRaftLogWorker (SegmentedRaftLogWorker.java:close(237)) - om1@group-C5BA1605619E-SegmentedRaftLogWorker close()
2021-11-09 00:57:36,938 [Listener at 127.0.0.1/34135] INFO  server.GrpcService (GrpcService.java:closeImpl(262)) - om1: shutdown server with port 9872 now
2021-11-09 00:57:36,938 [Listener at 127.0.0.1/34135] INFO  server.GrpcService (GrpcService.java:closeImpl(271)) - om1: shutdown server with port 9872 successfully
2021-11-09 00:57:36,951 [org.apache.ratis.util.JvmPauseMonitor$$Lambda$531/1691661275@1eb0fc5d] INFO  util.JvmPauseMonitor (JvmPauseMonitor.java:run(109)) - JvmPauseMonitor-om1: Stopped
2021-11-09 00:57:36,970 [Command processor thread] INFO  commandhandler.CreatePipelineCommandHandler (CreatePipelineCommandHandler.java:handle(106)) - Created Pipeline RATIS THREE PipelineID=8a6dbd94-094e-4d27-9e96-4de1d93f2384.
2021-11-09 00:57:36,971 [Command processor thread] INFO  server.RaftServer (RaftServerProxy.java:addNew(95)) - d5ae86a0-e3e8-461b-b600-8c2d036507b1: addNew group-85E4BE6E1938:[4430b70e-e2dc-4778-891b-decd59bd04d3|rpc:10.1.0.58:37555|priority:0, d5ae86a0-e3e8-461b-b600-8c2d036507b1|rpc:10.1.0.58:45525|priority:1, 43136673-c093-486b-8a61-55aa3fed1341|rpc:10.1.0.58:34809|priority:0] returns group-85E4BE6E1938:java.util.concurrent.CompletableFuture@2a62390b[Not completed]
2021-11-09 00:57:36,973 [pool-524-thread-1] INFO  server.RaftServer$Division (RaftServerImpl.java:<init>(184)) - d5ae86a0-e3e8-461b-b600-8c2d036507b1: new RaftServerImpl for group-85E4BE6E1938:[4430b70e-e2dc-4778-891b-decd59bd04d3|rpc:10.1.0.58:37555|priority:0, d5ae86a0-e3e8-461b-b600-8c2d036507b1|rpc:10.1.0.58:45525|priority:1, 43136673-c093-486b-8a61-55aa3fed1341|rpc:10.1.0.58:34809|priority:0] with ContainerStateMachine:uninitialized
2021-11-09 00:57:36,973 [pool-524-thread-1] INFO  server.RaftServerConfigKeys (ConfUtils.java:logGet(44)) - raft.server.rpc.timeout.min = 5s (custom)
2021-11-09 00:57:36,973 [pool-524-thread-1] INFO  server.RaftServerConfigKeys (ConfUtils.java:logGet(44)) - raft.server.rpc.timeout.max = 5200ms (custom)
2021-11-09 00:57:36,973 [pool-524-thread-1] INFO  server.RaftServerConfigKeys (ConfUtils.java:logGet(44)) - raft.server.rpc.sleep.time = 25ms (default)
2021-11-09 00:57:36,973 [pool-524-thread-1] INFO  server.RaftServerConfigKeys (ConfUtils.java:logGet(44)) - raft.server.rpc.slowness.timeout = 300000ms (custom)
2021-11-09 00:57:36,973 [pool-524-thread-1] INFO  server.RaftServerConfigKeys (ConfUtils.java:logGet(44)) - raft.server.leaderelection.leader.step-down.wait-time = 10s (default)
2021-11-09 00:57:36,973 [pool-524-thread-1] INFO  server.RaftServerConfigKeys (ConfUtils.java:logGet(44)) - raft.server.sleep.deviation.threshold = 300ms (default)
2021-11-09 00:57:36,973 [pool-524-thread-1] INFO  server.RaftServerConfigKeys (ConfUtils.java:logGet(44)) - raft.server.log.appender.install.snapshot.enabled = false (custom)
2021-11-09 00:57:36,973 [pool-524-thread-1] INFO  server.RaftServer$Division (ServerState.java:<init>(105)) - d5ae86a0-e3e8-461b-b600-8c2d036507b1@group-85E4BE6E1938: ConfigurationManager, init=-1: [4430b70e-e2dc-4778-891b-decd59bd04d3|rpc:10.1.0.58:37555|priority:0, d5ae86a0-e3e8-461b-b600-8c2d036507b1|rpc:10.1.0.58:45525|priority:1, 43136673-c093-486b-8a61-55aa3fed1341|rpc:10.1.0.58:34809|priority:0], old=null, confs=<EMPTY_MAP>
2021-11-09 00:57:36,973 [pool-524-thread-1] INFO  server.RaftServerConfigKeys (ConfUtils.java:logGet(44)) - raft.server.storage.dir = [/home/runner/work/ozone/ozone/hadoop-ozone/integration-test/target/test-dir/MiniOzoneClusterImpl-cebd3685-2b3d-4639-9f0f-41911e64574b/datanode-1/data/ratis] (custom)
2021-11-09 00:57:36,973 [pool-524-thread-1] INFO  server.RaftServerConfigKeys (ConfUtils.java:logGet(44)) - raft.server.log.corruption.policy = EXCEPTION (default)
2021-11-09 00:57:36,973 [pool-524-thread-1] INFO  server.RaftServerConfigKeys (ConfUtils.java:logGet(44)) - raft.server.storage.free-space.min = 0MB (=0) (default)
2021-11-09 00:57:36,973 [pool-524-thread-1] INFO  storage.RaftStorageDirectory (RaftStorageDirectoryImpl.java:analyzeStorage(135)) - The storage directory /home/runner/work/ozone/ozone/hadoop-ozone/integration-test/target/test-dir/MiniOzoneClusterImpl-cebd3685-2b3d-4639-9f0f-41911e64574b/datanode-1/data/ratis/d8b699f5-3b3a-40b5-aba8-85e4be6e1938 does not exist. Creating ...
2021-11-09 00:57:36,976 [pool-524-thread-1] INFO  storage.RaftStorageDirectory (RaftStorageDirectoryImpl.java:tryLock(230)) - Lock on /home/runner/work/ozone/ozone/hadoop-ozone/integration-test/target/test-dir/MiniOzoneClusterImpl-cebd3685-2b3d-4639-9f0f-41911e64574b/datanode-1/data/ratis/d8b699f5-3b3a-40b5-aba8-85e4be6e1938/in_use.lock acquired by nodename 2851@fv-az294-841
2021-11-09 00:57:36,977 [Listener at 127.0.0.1/34135] INFO  ratis.OzoneManagerDoubleBuffer (OzoneManagerDoubleBuffer.java:stop(437)) - Stopping OMDoubleBuffer flush thread
2021-11-09 00:57:36,978 [pool-524-thread-1] INFO  storage.RaftStorage (RaftStorageImpl.java:format(89)) - Storage directory /home/runner/work/ozone/ozone/hadoop-ozone/integration-test/target/test-dir/MiniOzoneClusterImpl-cebd3685-2b3d-4639-9f0f-41911e64574b/datanode-1/data/ratis/d8b699f5-3b3a-40b5-aba8-85e4be6e1938 has been successfully formatted.
2021-11-09 00:57:36,979 [pool-524-thread-1] INFO  ratis.ContainerStateMachine (ContainerStateMachine.java:loadSnapshot(224)) - group-85E4BE6E1938: The snapshot info is null. Setting the last applied indexto:(t:0, i:~)
2021-11-09 00:57:36,979 [OMDoubleBufferFlushThread] INFO  ratis.OzoneManagerDoubleBuffer (OzoneManagerDoubleBuffer.java:flushTransactions(356)) - OMDoubleBuffer flush thread OMDoubleBufferFlushThread is interrupted and will exit. OMDoubleBufferFlushThread
2021-11-09 00:57:36,979 [Listener at 127.0.0.1/34135] INFO  utils.BackgroundService (BackgroundService.java:shutdown(132)) - Shutting down service KeyDeletingService
2021-11-09 00:57:36,979 [pool-524-thread-1] INFO  server.RaftServerConfigKeys (ConfUtils.java:logGet(44)) - raft.server.notification.no-leader.timeout = 300000ms (custom)
2021-11-09 00:57:36,980 [pool-524-thread-1] INFO  server.RaftServerConfigKeys (ConfUtils.java:logGet(44)) - raft.server.log.use.memory = false (default)
2021-11-09 00:57:36,980 [pool-524-thread-1] INFO  server.RaftServerConfigKeys (ConfUtils.java:logGet(44)) - raft.server.log.purge.gap = 1000000 (custom)
2021-11-09 00:57:36,980 [pool-524-thread-1] INFO  server.RaftServerConfigKeys (ConfUtils.java:logGet(44)) - raft.server.log.appender.buffer.byte-limit = 33554432 (custom)
2021-11-09 00:57:36,980 [pool-524-thread-1] INFO  server.RaftServerConfigKeys (ConfUtils.java:logGet(44)) - raft.server.log.segment.size.max = 1048576 (custom)
2021-11-09 00:57:36,980 [pool-524-thread-1] INFO  server.RaftServerConfigKeys (ConfUtils.java:logGet(44)) - raft.server.log.segment.cache.num.max = 2 (custom)
2021-11-09 00:57:36,983 [pool-524-thread-1] INFO  server.RaftServerConfigKeys (ConfUtils.java:logGet(44)) - raft.server.log.segment.cache.size.max = 200MB (=209715200) (default)
2021-11-09 00:57:36,983 [pool-524-thread-1] INFO  segmented.SegmentedRaftLogWorker (SegmentedRaftLogWorker.java:<init>(182)) - new d5ae86a0-e3e8-461b-b600-8c2d036507b1@group-85E4BE6E1938-SegmentedRaftLogWorker for RaftStorageImpl:Storage Directory /home/runner/work/ozone/ozone/hadoop-ozone/integration-test/target/test-dir/MiniOzoneClusterImpl-cebd3685-2b3d-4639-9f0f-41911e64574b/datanode-1/data/ratis/d8b699f5-3b3a-40b5-aba8-85e4be6e1938
2021-11-09 00:57:36,983 [pool-524-thread-1] INFO  server.RaftServerConfigKeys (ConfUtils.java:logGet(44)) - raft.server.log.queue.byte-limit = 2147483647 (custom)
2021-11-09 00:57:36,983 [pool-524-thread-1] INFO  server.RaftServerConfigKeys (ConfUtils.java:logGet(44)) - raft.server.log.queue.element-limit = 1024 (custom)
2021-11-09 00:57:36,983 [pool-524-thread-1] INFO  server.RaftServerConfigKeys (ConfUtils.java:logGet(44)) - raft.server.log.segment.size.max = 1048576 (custom)
2021-11-09 00:57:36,984 [pool-524-thread-1] INFO  server.RaftServerConfigKeys (ConfUtils.java:logGet(44)) - raft.server.log.preallocated.size = 16384 (custom)
2021-11-09 00:57:36,984 [pool-524-thread-1] INFO  server.RaftServerConfigKeys (ConfUtils.java:logGet(44)) - raft.server.log.force.sync.num = 128 (default)
2021-11-09 00:57:36,984 [Listener at 127.0.0.1/34135] INFO  utils.BackgroundService (BackgroundService.java:shutdown(132)) - Shutting down service DirectoryDeletingService
2021-11-09 00:57:36,984 [pool-524-thread-1] INFO  server.RaftServerConfigKeys (ConfUtils.java:logGet(44)) - raft.server.log.statemachine.data.sync = true (default)
2021-11-09 00:57:36,984 [pool-524-thread-1] INFO  server.RaftServerConfigKeys (ConfUtils.java:logGet(44)) - raft.server.log.statemachine.data.sync.timeout = 10s (default)
2021-11-09 00:57:36,984 [pool-524-thread-1] INFO  server.RaftServerConfigKeys (ConfUtils.java:logGet(44)) - raft.server.log.statemachine.data.sync.timeout.retry = -1 (default)
2021-11-09 00:57:36,984 [Listener at 127.0.0.1/34135] INFO  handler.ContextHandler (ContextHandler.java:doStop(1153)) - Stopped o.e.j.w.WebAppContext@4fce8906{ozoneManager,/,null,STOPPED}{file:/home/runner/work/ozone/ozone/hadoop-ozone/integration-test/target/test-classes/webapps/ozoneManager}
2021-11-09 00:57:36,985 [Listener at 127.0.0.1/34135] INFO  server.AbstractConnector (AbstractConnector.java:doStop(381)) - Stopped ServerConnector@257e895{HTTP/1.1, (http/1.1)}{0.0.0.0:0}
2021-11-09 00:57:36,985 [Listener at 127.0.0.1/34135] INFO  server.session (HouseKeeper.java:stopScavenging(149)) - node0 Stopped scavenging
2021-11-09 00:57:36,985 [Listener at 127.0.0.1/34135] INFO  handler.ContextHandler (ContextHandler.java:doStop(1153)) - Stopped o.e.j.s.ServletContextHandler@55d0906f{static,/static,file:///home/runner/work/ozone/ozone/hadoop-ozone/integration-test/target/test-classes/webapps/static,STOPPED}
2021-11-09 00:57:36,985 [Listener at 127.0.0.1/34135] INFO  handler.ContextHandler (ContextHandler.java:doStop(1153)) - Stopped o.e.j.s.ServletContextHandler@753acf9d{logs,/logs,file:///home/runner/work/ozone/ozone/hadoop-ozone/integration-test/target/log,STOPPED}
2021-11-09 00:57:36,986 [pool-524-thread-1] INFO  server.RaftServerConfigKeys (ConfUtils.java:logGet(44)) - raft.server.log.write.buffer.size = 1048576 (custom)
2021-11-09 00:57:36,990 [pool-524-thread-1] INFO  server.RaftServerConfigKeys (ConfUtils.java:logGet(44)) - raft.server.log.statemachine.data.caching.enabled = true (custom)
2021-11-09 00:57:36,991 [pool-524-thread-1] INFO  segmented.SegmentedRaftLogWorker (SegmentedRaftLogWorker.java:lambda$new$0(133)) - d5ae86a0-e3e8-461b-b600-8c2d036507b1@group-85E4BE6E1938-SegmentedRaftLogWorker: flushIndex: setUnconditionally 0 -> -1
2021-11-09 00:57:36,991 [pool-524-thread-1] INFO  segmented.SegmentedRaftLogWorker (SegmentedRaftLogWorker.java:lambda$new$0(133)) - d5ae86a0-e3e8-461b-b600-8c2d036507b1@group-85E4BE6E1938-SegmentedRaftLogWorker: safeCacheEvictIndex: setUnconditionally 0 -> -1
2021-11-09 00:57:37,015 [pool-524-thread-1] INFO  server.RaftServerConfigKeys (ConfUtils.java:logGet(44)) - raft.server.snapshot.auto.trigger.enabled = true (custom)
2021-11-09 00:57:37,016 [pool-524-thread-1] INFO  server.RaftServerConfigKeys (ConfUtils.java:logGet(44)) - raft.server.snapshot.auto.trigger.threshold = 10000 (custom)
2021-11-09 00:57:37,016 [pool-524-thread-1] INFO  server.RaftServerConfigKeys (ConfUtils.java:logGet(44)) - raft.server.snapshot.retention.file.num = 5 (custom)
2021-11-09 00:57:37,016 [pool-524-thread-1] INFO  server.RaftServerConfigKeys (ConfUtils.java:logGet(44)) - raft.server.log.purge.upto.snapshot.index = false (default)
2021-11-09 00:57:37,016 [pool-524-thread-1] INFO  server.RaftServerConfigKeys (ConfUtils.java:logGet(44)) - raft.server.retrycache.expirytime = 600000ms (custom)
2021-11-09 00:57:37,016 [pool-524-thread-1] INFO  server.RaftServerConfigKeys (ConfUtils.java:logGet(44)) - raft.server.retrycache.statistics.expirytime = 100μs (default)
2021-11-09 00:57:37,018 [pool-524-thread-1] INFO  server.RaftServer$Division (RaftServerImpl.java:start(301)) - d5ae86a0-e3e8-461b-b600-8c2d036507b1@group-85E4BE6E1938: start as a follower, conf=-1: [4430b70e-e2dc-4778-891b-decd59bd04d3|rpc:10.1.0.58:37555|priority:0, d5ae86a0-e3e8-461b-b600-8c2d036507b1|rpc:10.1.0.58:45525|priority:1, 43136673-c093-486b-8a61-55aa3fed1341|rpc:10.1.0.58:34809|priority:0], old=null
2021-11-09 00:57:37,018 [pool-524-thread-1] INFO  server.RaftServer$Division (RaftServerImpl.java:setRole(290)) - d5ae86a0-e3e8-461b-b600-8c2d036507b1@group-85E4BE6E1938: changes role from      null to FOLLOWER at term 0 for startAsFollower
2021-11-09 00:57:37,032 [pool-524-thread-1] INFO  impl.RoleInfo (RoleInfo.java:updateAndGet(130)) - d5ae86a0-e3e8-461b-b600-8c2d036507b1: start d5ae86a0-e3e8-461b-b600-8c2d036507b1@group-85E4BE6E1938-FollowerState
2021-11-09 00:57:37,044 [pool-524-thread-1] INFO  util.JmxRegister (JmxRegister.java:tryRegister(44)) - Successfully registered JMX Bean with object name Ratis:service=RaftServer,group=group-85E4BE6E1938,id=d5ae86a0-e3e8-461b-b600-8c2d036507b1
2021-11-09 00:57:37,054 [Command processor thread] INFO  ratis.XceiverServerRatis (XceiverServerRatis.java:addGroup(768)) - Created group PipelineID=d8b699f5-3b3a-40b5-aba8-85e4be6e1938
2021-11-09 00:57:37,068 [Listener at 127.0.0.1/34135] INFO  ozone.MiniOzoneClusterImpl (MiniOzoneClusterImpl.java:stopDatanodes(527)) - Stopping the HddsDatanodes
2021-11-09 00:57:37,091 [Command processor thread] INFO  commandhandler.CreatePipelineCommandHandler (CreatePipelineCommandHandler.java:handle(106)) - Created Pipeline RATIS THREE PipelineID=8a6dbd94-094e-4d27-9e96-4de1d93f2384.
2021-11-09 00:57:37,092 [Command processor thread] INFO  server.RaftServer (RaftServerProxy.java:addNew(95)) - 43136673-c093-486b-8a61-55aa3fed1341: addNew group-85E4BE6E1938:[4430b70e-e2dc-4778-891b-decd59bd04d3|rpc:10.1.0.58:37555|priority:0, d5ae86a0-e3e8-461b-b600-8c2d036507b1|rpc:10.1.0.58:45525|priority:1, 43136673-c093-486b-8a61-55aa3fed1341|rpc:10.1.0.58:34809|priority:0] returns group-85E4BE6E1938:java.util.concurrent.CompletableFuture@16cf5d1e[Not completed]
2021-11-09 00:57:37,092 [pool-671-thread-1] INFO  server.RaftServer$Division (RaftServerImpl.java:<init>(184)) - 43136673-c093-486b-8a61-55aa3fed1341: new RaftServerImpl for group-85E4BE6E1938:[4430b70e-e2dc-4778-891b-decd59bd04d3|rpc:10.1.0.58:37555|priority:0, d5ae86a0-e3e8-461b-b600-8c2d036507b1|rpc:10.1.0.58:45525|priority:1, 43136673-c093-486b-8a61-55aa3fed1341|rpc:10.1.0.58:34809|priority:0] with ContainerStateMachine:uninitialized
2021-11-09 00:57:37,092 [pool-671-thread-1] INFO  server.RaftServerConfigKeys (ConfUtils.java:logGet(44)) - raft.server.rpc.timeout.min = 5s (custom)
2021-11-09 00:57:37,092 [pool-671-thread-1] INFO  server.RaftServerConfigKeys (ConfUtils.java:logGet(44)) - raft.server.rpc.timeout.max = 5200ms (custom)
2021-11-09 00:57:37,092 [pool-671-thread-1] INFO  server.RaftServerConfigKeys (ConfUtils.java:logGet(44)) - raft.server.rpc.sleep.time = 25ms (default)
2021-11-09 00:57:37,092 [pool-671-thread-1] INFO  server.RaftServerConfigKeys (ConfUtils.java:logGet(44)) - raft.server.rpc.slowness.timeout = 300000ms (custom)
2021-11-09 00:57:37,093 [pool-671-thread-1] INFO  server.RaftServerConfigKeys (ConfUtils.java:logGet(44)) - raft.server.leaderelection.leader.step-down.wait-time = 10s (default)
2021-11-09 00:57:37,093 [pool-671-thread-1] INFO  server.RaftServerConfigKeys (ConfUtils.java:logGet(44)) - raft.server.sleep.deviation.threshold = 300ms (default)
2021-11-09 00:57:37,093 [pool-671-thread-1] INFO  server.RaftServerConfigKeys (ConfUtils.java:logGet(44)) - raft.server.log.appender.install.snapshot.enabled = false (custom)
2021-11-09 00:57:37,093 [pool-671-thread-1] INFO  server.RaftServer$Division (ServerState.java:<init>(105)) - 43136673-c093-486b-8a61-55aa3fed1341@group-85E4BE6E1938: ConfigurationManager, init=-1: [4430b70e-e2dc-4778-891b-decd59bd04d3|rpc:10.1.0.58:37555|priority:0, d5ae86a0-e3e8-461b-b600-8c2d036507b1|rpc:10.1.0.58:45525|priority:1, 43136673-c093-486b-8a61-55aa3fed1341|rpc:10.1.0.58:34809|priority:0], old=null, confs=<EMPTY_MAP>
2021-11-09 00:57:37,093 [pool-671-thread-1] INFO  server.RaftServerConfigKeys (ConfUtils.java:logGet(44)) - raft.server.storage.dir = [/home/runner/work/ozone/ozone/hadoop-ozone/integration-test/target/test-dir/MiniOzoneClusterImpl-cebd3685-2b3d-4639-9f0f-41911e64574b/datanode-2/data/ratis] (custom)
2021-11-09 00:57:37,093 [pool-671-thread-1] INFO  server.RaftServerConfigKeys (ConfUtils.java:logGet(44)) - raft.server.log.corruption.policy = EXCEPTION (default)
2021-11-09 00:57:37,093 [pool-671-thread-1] INFO  server.RaftServerConfigKeys (ConfUtils.java:logGet(44)) - raft.server.storage.free-space.min = 0MB (=0) (default)
2021-11-09 00:57:37,093 [pool-671-thread-1] INFO  storage.RaftStorageDirectory (RaftStorageDirectoryImpl.java:analyzeStorage(135)) - The storage directory /home/runner/work/ozone/ozone/hadoop-ozone/integration-test/target/test-dir/MiniOzoneClusterImpl-cebd3685-2b3d-4639-9f0f-41911e64574b/datanode-2/data/ratis/d8b699f5-3b3a-40b5-aba8-85e4be6e1938 does not exist. Creating ...
2021-11-09 00:57:37,113 [pool-671-thread-1] INFO  storage.RaftStorageDirectory (RaftStorageDirectoryImpl.java:tryLock(230)) - Lock on /home/runner/work/ozone/ozone/hadoop-ozone/integration-test/target/test-dir/MiniOzoneClusterImpl-cebd3685-2b3d-4639-9f0f-41911e64574b/datanode-2/data/ratis/d8b699f5-3b3a-40b5-aba8-85e4be6e1938/in_use.lock acquired by nodename 2851@fv-az294-841
2021-11-09 00:57:37,140 [pool-671-thread-1] INFO  storage.RaftStorage (RaftStorageImpl.java:format(89)) - Storage directory /home/runner/work/ozone/ozone/hadoop-ozone/integration-test/target/test-dir/MiniOzoneClusterImpl-cebd3685-2b3d-4639-9f0f-41911e64574b/datanode-2/data/ratis/d8b699f5-3b3a-40b5-aba8-85e4be6e1938 has been successfully formatted.
2021-11-09 00:57:37,140 [pool-671-thread-1] INFO  ratis.ContainerStateMachine (ContainerStateMachine.java:loadSnapshot(224)) - group-85E4BE6E1938: The snapshot info is null. Setting the last applied indexto:(t:0, i:~)
2021-11-09 00:57:37,141 [pool-671-thread-1] INFO  server.RaftServerConfigKeys (ConfUtils.java:logGet(44)) - raft.server.notification.no-leader.timeout = 300000ms (custom)
2021-11-09 00:57:37,141 [pool-671-thread-1] INFO  server.RaftServerConfigKeys (ConfUtils.java:logGet(44)) - raft.server.log.use.memory = false (default)
2021-11-09 00:57:37,141 [pool-671-thread-1] INFO  server.RaftServerConfigKeys (ConfUtils.java:logGet(44)) - raft.server.log.purge.gap = 1000000 (custom)
2021-11-09 00:57:37,141 [pool-671-thread-1] INFO  server.RaftServerConfigKeys (ConfUtils.java:logGet(44)) - raft.server.log.appender.buffer.byte-limit = 33554432 (custom)
2021-11-09 00:57:37,141 [pool-671-thread-1] INFO  server.RaftServerConfigKeys (ConfUtils.java:logGet(44)) - raft.server.log.segment.size.max = 1048576 (custom)
2021-11-09 00:57:37,141 [pool-671-thread-1] INFO  server.RaftServerConfigKeys (ConfUtils.java:logGet(44)) - raft.server.log.segment.cache.num.max = 2 (custom)
2021-11-09 00:57:37,141 [pool-671-thread-1] INFO  server.RaftServerConfigKeys (ConfUtils.java:logGet(44)) - raft.server.log.segment.cache.size.max = 200MB (=209715200) (default)
2021-11-09 00:57:37,141 [pool-671-thread-1] INFO  segmented.SegmentedRaftLogWorker (SegmentedRaftLogWorker.java:<init>(182)) - new 43136673-c093-486b-8a61-55aa3fed1341@group-85E4BE6E1938-SegmentedRaftLogWorker for RaftStorageImpl:Storage Directory /home/runner/work/ozone/ozone/hadoop-ozone/integration-test/target/test-dir/MiniOzoneClusterImpl-cebd3685-2b3d-4639-9f0f-41911e64574b/datanode-2/data/ratis/d8b699f5-3b3a-40b5-aba8-85e4be6e1938
2021-11-09 00:57:37,141 [pool-671-thread-1] INFO  server.RaftServerConfigKeys (ConfUtils.java:logGet(44)) - raft.server.log.queue.byte-limit = 2147483647 (custom)
2021-11-09 00:57:37,141 [pool-671-thread-1] INFO  server.RaftServerConfigKeys (ConfUtils.java:logGet(44)) - raft.server.log.queue.element-limit = 1024 (custom)
2021-11-09 00:57:37,142 [pool-671-thread-1] INFO  server.RaftServerConfigKeys (ConfUtils.java:logGet(44)) - raft.server.log.segment.size.max = 1048576 (custom)
2021-11-09 00:57:37,142 [pool-671-thread-1] INFO  server.RaftServerConfigKeys (ConfUtils.java:logGet(44)) - raft.server.log.preallocated.size = 16384 (custom)
2021-11-09 00:57:37,142 [pool-671-thread-1] INFO  server.RaftServerConfigKeys (ConfUtils.java:logGet(44)) - raft.server.log.force.sync.num = 128 (default)
2021-11-09 00:57:37,142 [pool-671-thread-1] INFO  server.RaftServerConfigKeys (ConfUtils.java:logGet(44)) - raft.server.log.statemachine.data.sync = true (default)
2021-11-09 00:57:37,142 [pool-671-thread-1] INFO  server.RaftServerConfigKeys (ConfUtils.java:logGet(44)) - raft.server.log.statemachine.data.sync.timeout = 10s (default)
2021-11-09 00:57:37,142 [pool-671-thread-1] INFO  server.RaftServerConfigKeys (ConfUtils.java:logGet(44)) - raft.server.log.statemachine.data.sync.timeout.retry = -1 (default)
2021-11-09 00:57:37,143 [pool-671-thread-1] INFO  server.RaftServerConfigKeys (ConfUtils.java:logGet(44)) - raft.server.log.write.buffer.size = 1048576 (custom)
2021-11-09 00:57:37,150 [Command processor thread] INFO  server.RaftServer (RaftServerProxy.java:addNew(95)) - 4430b70e-e2dc-4778-891b-decd59bd04d3: addNew group-85E4BE6E1938:[4430b70e-e2dc-4778-891b-decd59bd04d3|rpc:10.1.0.58:37555|priority:0, d5ae86a0-e3e8-461b-b600-8c2d036507b1|rpc:10.1.0.58:45525|priority:1, 43136673-c093-486b-8a61-55aa3fed1341|rpc:10.1.0.58:34809|priority:0] returns group-85E4BE6E1938:java.util.concurrent.CompletableFuture@25daa66c[Not completed]
2021-11-09 00:57:37,151 [pool-505-thread-1] INFO  server.RaftServer$Division (RaftServerImpl.java:<init>(184)) - 4430b70e-e2dc-4778-891b-decd59bd04d3: new RaftServerImpl for group-85E4BE6E1938:[4430b70e-e2dc-4778-891b-decd59bd04d3|rpc:10.1.0.58:37555|priority:0, d5ae86a0-e3e8-461b-b600-8c2d036507b1|rpc:10.1.0.58:45525|priority:1, 43136673-c093-486b-8a61-55aa3fed1341|rpc:10.1.0.58:34809|priority:0] with ContainerStateMachine:uninitialized
2021-11-09 00:57:37,151 [pool-505-thread-1] INFO  server.RaftServerConfigKeys (ConfUtils.java:logGet(44)) - raft.server.rpc.timeout.min = 5s (custom)
2021-11-09 00:57:37,151 [pool-505-thread-1] INFO  server.RaftServerConfigKeys (ConfUtils.java:logGet(44)) - raft.server.rpc.timeout.max = 5200ms (custom)
2021-11-09 00:57:37,151 [pool-505-thread-1] INFO  server.RaftServerConfigKeys (ConfUtils.java:logGet(44)) - raft.server.rpc.sleep.time = 25ms (default)
2021-11-09 00:57:37,151 [pool-505-thread-1] INFO  server.RaftServerConfigKeys (ConfUtils.java:logGet(44)) - raft.server.rpc.slowness.timeout = 300000ms (custom)
2021-11-09 00:57:37,151 [pool-505-thread-1] INFO  server.RaftServerConfigKeys (ConfUtils.java:logGet(44)) - raft.server.leaderelection.leader.step-down.wait-time = 10s (default)
2021-11-09 00:57:37,151 [pool-505-thread-1] INFO  server.RaftServerConfigKeys (ConfUtils.java:logGet(44)) - raft.server.sleep.deviation.threshold = 300ms (default)
2021-11-09 00:57:37,151 [pool-505-thread-1] INFO  server.RaftServerConfigKeys (ConfUtils.java:logGet(44)) - raft.server.log.appender.install.snapshot.enabled = false (custom)
2021-11-09 00:57:37,151 [pool-505-thread-1] INFO  server.RaftServer$Division (ServerState.java:<init>(105)) - 4430b70e-e2dc-4778-891b-decd59bd04d3@group-85E4BE6E1938: ConfigurationManager, init=-1: [4430b70e-e2dc-4778-891b-decd59bd04d3|rpc:10.1.0.58:37555|priority:0, d5ae86a0-e3e8-461b-b600-8c2d036507b1|rpc:10.1.0.58:45525|priority:1, 43136673-c093-486b-8a61-55aa3fed1341|rpc:10.1.0.58:34809|priority:0], old=null, confs=<EMPTY_MAP>
2021-11-09 00:57:37,151 [pool-671-thread-1] INFO  server.RaftServerConfigKeys (ConfUtils.java:logGet(44)) - raft.server.log.statemachine.data.caching.enabled = true (custom)
2021-11-09 00:57:37,151 [pool-505-thread-1] INFO  server.RaftServerConfigKeys (ConfUtils.java:logGet(44)) - raft.server.storage.dir = [/home/runner/work/ozone/ozone/hadoop-ozone/integration-test/target/test-dir/MiniOzoneClusterImpl-cebd3685-2b3d-4639-9f0f-41911e64574b/datanode-0/data/ratis] (custom)
2021-11-09 00:57:37,152 [pool-671-thread-1] INFO  segmented.SegmentedRaftLogWorker (SegmentedRaftLogWorker.java:lambda$new$0(133)) - 43136673-c093-486b-8a61-55aa3fed1341@group-85E4BE6E1938-SegmentedRaftLogWorker: flushIndex: setUnconditionally 0 -> -1
2021-11-09 00:57:37,152 [pool-505-thread-1] INFO  server.RaftServerConfigKeys (ConfUtils.java:logGet(44)) - raft.server.log.corruption.policy = EXCEPTION (default)
2021-11-09 00:57:37,152 [pool-505-thread-1] INFO  server.RaftServerConfigKeys (ConfUtils.java:logGet(44)) - raft.server.storage.free-space.min = 0MB (=0) (default)
2021-11-09 00:57:37,152 [pool-505-thread-1] INFO  storage.RaftStorageDirectory (RaftStorageDirectoryImpl.java:analyzeStorage(135)) - The storage directory /home/runner/work/ozone/ozone/hadoop-ozone/integration-test/target/test-dir/MiniOzoneClusterImpl-cebd3685-2b3d-4639-9f0f-41911e64574b/datanode-0/data/ratis/d8b699f5-3b3a-40b5-aba8-85e4be6e1938 does not exist. Creating ...
2021-11-09 00:57:37,152 [pool-671-thread-1] INFO  segmented.SegmentedRaftLogWorker (SegmentedRaftLogWorker.java:lambda$new$0(133)) - 43136673-c093-486b-8a61-55aa3fed1341@group-85E4BE6E1938-SegmentedRaftLogWorker: safeCacheEvictIndex: setUnconditionally 0 -> -1
2021-11-09 00:57:37,153 [pool-505-thread-1] INFO  storage.RaftStorageDirectory (RaftStorageDirectoryImpl.java:tryLock(230)) - Lock on /home/runner/work/ozone/ozone/hadoop-ozone/integration-test/target/test-dir/MiniOzoneClusterImpl-cebd3685-2b3d-4639-9f0f-41911e64574b/datanode-0/data/ratis/d8b699f5-3b3a-40b5-aba8-85e4be6e1938/in_use.lock acquired by nodename 2851@fv-az294-841
2021-11-09 00:57:37,155 [pool-505-thread-1] INFO  storage.RaftStorage (RaftStorageImpl.java:format(89)) - Storage directory /home/runner/work/ozone/ozone/hadoop-ozone/integration-test/target/test-dir/MiniOzoneClusterImpl-cebd3685-2b3d-4639-9f0f-41911e64574b/datanode-0/data/ratis/d8b699f5-3b3a-40b5-aba8-85e4be6e1938 has been successfully formatted.
2021-11-09 00:57:37,162 [pool-671-thread-1] INFO  server.RaftServerConfigKeys (ConfUtils.java:logGet(44)) - raft.server.snapshot.auto.trigger.enabled = true (custom)
2021-11-09 00:57:37,162 [pool-671-thread-1] INFO  server.RaftServerConfigKeys (ConfUtils.java:logGet(44)) - raft.server.snapshot.auto.trigger.threshold = 10000 (custom)
2021-11-09 00:57:37,162 [pool-671-thread-1] INFO  server.RaftServerConfigKeys (ConfUtils.java:logGet(44)) - raft.server.snapshot.retention.file.num = 5 (custom)
2021-11-09 00:57:37,162 [pool-671-thread-1] INFO  server.RaftServerConfigKeys (ConfUtils.java:logGet(44)) - raft.server.log.purge.upto.snapshot.index = false (default)
2021-11-09 00:57:37,162 [pool-671-thread-1] INFO  server.RaftServerConfigKeys (ConfUtils.java:logGet(44)) - raft.server.retrycache.expirytime = 600000ms (custom)
2021-11-09 00:57:37,162 [pool-671-thread-1] INFO  server.RaftServerConfigKeys (ConfUtils.java:logGet(44)) - raft.server.retrycache.statistics.expirytime = 100μs (default)
2021-11-09 00:57:37,168 [pool-505-thread-1] INFO  ratis.ContainerStateMachine (ContainerStateMachine.java:loadSnapshot(224)) - group-85E4BE6E1938: The snapshot info is null. Setting the last applied indexto:(t:0, i:~)
2021-11-09 00:57:37,168 [pool-505-thread-1] INFO  server.RaftServerConfigKeys (ConfUtils.java:logGet(44)) - raft.server.notification.no-leader.timeout = 300000ms (custom)
2021-11-09 00:57:37,168 [pool-505-thread-1] INFO  server.RaftServerConfigKeys (ConfUtils.java:logGet(44)) - raft.server.log.use.memory = false (default)
2021-11-09 00:57:37,169 [pool-505-thread-1] INFO  server.RaftServerConfigKeys (ConfUtils.java:logGet(44)) - raft.server.log.purge.gap = 1000000 (custom)
2021-11-09 00:57:37,169 [pool-505-thread-1] INFO  server.RaftServerConfigKeys (ConfUtils.java:logGet(44)) - raft.server.log.appender.buffer.byte-limit = 33554432 (custom)
2021-11-09 00:57:37,169 [pool-505-thread-1] INFO  server.RaftServerConfigKeys (ConfUtils.java:logGet(44)) - raft.server.log.segment.size.max = 1048576 (custom)
2021-11-09 00:57:37,211 [pool-671-thread-1] INFO  server.RaftServer$Division (RaftServerImpl.java:start(301)) - 43136673-c093-486b-8a61-55aa3fed1341@group-85E4BE6E1938: start as a follower, conf=-1: [4430b70e-e2dc-4778-891b-decd59bd04d3|rpc:10.1.0.58:37555|priority:0, d5ae86a0-e3e8-461b-b600-8c2d036507b1|rpc:10.1.0.58:45525|priority:1, 43136673-c093-486b-8a61-55aa3fed1341|rpc:10.1.0.58:34809|priority:0], old=null
2021-11-09 00:57:37,211 [pool-671-thread-1] INFO  server.RaftServer$Division (RaftServerImpl.java:setRole(290)) - 43136673-c093-486b-8a61-55aa3fed1341@group-85E4BE6E1938: changes role from      null to FOLLOWER at term 0 for startAsFollower
2021-11-09 00:57:37,211 [pool-671-thread-1] INFO  impl.RoleInfo (RoleInfo.java:updateAndGet(130)) - 43136673-c093-486b-8a61-55aa3fed1341: start 43136673-c093-486b-8a61-55aa3fed1341@group-85E4BE6E1938-FollowerState
2021-11-09 00:57:37,214 [pool-505-thread-1] INFO  server.RaftServerConfigKeys (ConfUtils.java:logGet(44)) - raft.server.log.segment.cache.num.max = 2 (custom)
2021-11-09 00:57:37,214 [pool-505-thread-1] INFO  server.RaftServerConfigKeys (ConfUtils.java:logGet(44)) - raft.server.log.segment.cache.size.max = 200MB (=209715200) (default)
2021-11-09 00:57:37,214 [pool-505-thread-1] INFO  segmented.SegmentedRaftLogWorker (SegmentedRaftLogWorker.java:<init>(182)) - new 4430b70e-e2dc-4778-891b-decd59bd04d3@group-85E4BE6E1938-SegmentedRaftLogWorker for RaftStorageImpl:Storage Directory /home/runner/work/ozone/ozone/hadoop-ozone/integration-test/target/test-dir/MiniOzoneClusterImpl-cebd3685-2b3d-4639-9f0f-41911e64574b/datanode-0/data/ratis/d8b699f5-3b3a-40b5-aba8-85e4be6e1938
2021-11-09 00:57:37,214 [pool-505-thread-1] INFO  server.RaftServerConfigKeys (ConfUtils.java:logGet(44)) - raft.server.log.queue.byte-limit = 2147483647 (custom)
2021-11-09 00:57:37,214 [pool-505-thread-1] INFO  server.RaftServerConfigKeys (ConfUtils.java:logGet(44)) - raft.server.log.queue.element-limit = 1024 (custom)
2021-11-09 00:57:37,214 [pool-505-thread-1] INFO  server.RaftServerConfigKeys (ConfUtils.java:logGet(44)) - raft.server.log.segment.size.max = 1048576 (custom)
2021-11-09 00:57:37,214 [pool-505-thread-1] INFO  server.RaftServerConfigKeys (ConfUtils.java:logGet(44)) - raft.server.log.preallocated.size = 16384 (custom)
2021-11-09 00:57:37,214 [pool-505-thread-1] INFO  server.RaftServerConfigKeys (ConfUtils.java:logGet(44)) - raft.server.log.force.sync.num = 128 (default)
2021-11-09 00:57:37,214 [pool-505-thread-1] INFO  server.RaftServerConfigKeys (ConfUtils.java:logGet(44)) - raft.server.log.statemachine.data.sync = true (default)
2021-11-09 00:57:37,214 [pool-505-thread-1] INFO  server.RaftServerConfigKeys (ConfUtils.java:logGet(44)) - raft.server.log.statemachine.data.sync.timeout = 10s (default)
2021-11-09 00:57:37,214 [pool-505-thread-1] INFO  server.RaftServerConfigKeys (ConfUtils.java:logGet(44)) - raft.server.log.statemachine.data.sync.timeout.retry = -1 (default)
2021-11-09 00:57:37,221 [pool-671-thread-1] INFO  util.JmxRegister (JmxRegister.java:tryRegister(44)) - Successfully registered JMX Bean with object name Ratis:service=RaftServer,group=group-85E4BE6E1938,id=43136673-c093-486b-8a61-55aa3fed1341
2021-11-09 00:57:37,229 [pool-505-thread-1] INFO  server.RaftServerConfigKeys (ConfUtils.java:logGet(44)) - raft.server.log.write.buffer.size = 1048576 (custom)
2021-11-09 00:57:37,230 [pool-505-thread-1] INFO  server.RaftServerConfigKeys (ConfUtils.java:logGet(44)) - raft.server.log.statemachine.data.caching.enabled = true (custom)
2021-11-09 00:57:37,230 [pool-505-thread-1] INFO  segmented.SegmentedRaftLogWorker (SegmentedRaftLogWorker.java:lambda$new$0(133)) - 4430b70e-e2dc-4778-891b-decd59bd04d3@group-85E4BE6E1938-SegmentedRaftLogWorker: flushIndex: setUnconditionally 0 -> -1
2021-11-09 00:57:37,230 [pool-505-thread-1] INFO  segmented.SegmentedRaftLogWorker (SegmentedRaftLogWorker.java:lambda$new$0(133)) - 4430b70e-e2dc-4778-891b-decd59bd04d3@group-85E4BE6E1938-SegmentedRaftLogWorker: safeCacheEvictIndex: setUnconditionally 0 -> -1
2021-11-09 00:57:37,230 [pool-505-thread-1] INFO  server.RaftServerConfigKeys (ConfUtils.java:logGet(44)) - raft.server.snapshot.auto.trigger.enabled = true (custom)
2021-11-09 00:57:37,230 [pool-505-thread-1] INFO  server.RaftServerConfigKeys (ConfUtils.java:logGet(44)) - raft.server.snapshot.auto.trigger.threshold = 10000 (custom)
2021-11-09 00:57:37,230 [pool-505-thread-1] INFO  server.RaftServerConfigKeys (ConfUtils.java:logGet(44)) - raft.server.snapshot.retention.file.num = 5 (custom)
2021-11-09 00:57:37,230 [pool-505-thread-1] INFO  server.RaftServerConfigKeys (ConfUtils.java:logGet(44)) - raft.server.log.purge.upto.snapshot.index = false (default)
2021-11-09 00:57:37,230 [pool-505-thread-1] INFO  server.RaftServerConfigKeys (ConfUtils.java:logGet(44)) - raft.server.retrycache.expirytime = 600000ms (custom)
2021-11-09 00:57:37,230 [pool-505-thread-1] INFO  server.RaftServerConfigKeys (ConfUtils.java:logGet(44)) - raft.server.retrycache.statistics.expirytime = 100μs (default)
2021-11-09 00:57:37,249 [Command processor thread] INFO  ratis.XceiverServerRatis (XceiverServerRatis.java:addGroup(768)) - Created group PipelineID=d8b699f5-3b3a-40b5-aba8-85e4be6e1938
2021-11-09 00:57:37,268 [pool-505-thread-1] INFO  server.RaftServer$Division (RaftServerImpl.java:start(301)) - 4430b70e-e2dc-4778-891b-decd59bd04d3@group-85E4BE6E1938: start as a follower, conf=-1: [4430b70e-e2dc-4778-891b-decd59bd04d3|rpc:10.1.0.58:37555|priority:0, d5ae86a0-e3e8-461b-b600-8c2d036507b1|rpc:10.1.0.58:45525|priority:1, 43136673-c093-486b-8a61-55aa3fed1341|rpc:10.1.0.58:34809|priority:0], old=null
2021-11-09 00:57:37,269 [pool-505-thread-1] INFO  server.RaftServer$Division (RaftServerImpl.java:setRole(290)) - 4430b70e-e2dc-4778-891b-decd59bd04d3@group-85E4BE6E1938: changes role from      null to FOLLOWER at term 0 for startAsFollower
2021-11-09 00:57:37,269 [pool-505-thread-1] INFO  impl.RoleInfo (RoleInfo.java:updateAndGet(130)) - 4430b70e-e2dc-4778-891b-decd59bd04d3: start 4430b70e-e2dc-4778-891b-decd59bd04d3@group-85E4BE6E1938-FollowerState
2021-11-09 00:57:37,272 [pool-505-thread-1] INFO  util.JmxRegister (JmxRegister.java:tryRegister(44)) - Successfully registered JMX Bean with object name Ratis:service=RaftServer,group=group-85E4BE6E1938,id=4430b70e-e2dc-4778-891b-decd59bd04d3
2021-11-09 00:57:37,299 [Command processor thread] INFO  ratis.XceiverServerRatis (XceiverServerRatis.java:addGroup(768)) - Created group PipelineID=d8b699f5-3b3a-40b5-aba8-85e4be6e1938
2021-11-09 00:57:37,374 [Command processor thread] INFO  commandhandler.CreatePipelineCommandHandler (CreatePipelineCommandHandler.java:handle(106)) - Created Pipeline RATIS THREE PipelineID=d8b699f5-3b3a-40b5-aba8-85e4be6e1938.
2021-11-09 00:57:37,484 [Command processor thread] INFO  commandhandler.CreatePipelineCommandHandler (CreatePipelineCommandHandler.java:handle(106)) - Created Pipeline RATIS THREE PipelineID=d8b699f5-3b3a-40b5-aba8-85e4be6e1938.
2021-11-09 00:57:41,653 [d5ae86a0-e3e8-461b-b600-8c2d036507b1@group-4DE1D93F2384-FollowerState] INFO  impl.FollowerState (FollowerState.java:run(134)) - d5ae86a0-e3e8-461b-b600-8c2d036507b1@group-4DE1D93F2384-FollowerState: change to CANDIDATE, lastRpcElapsedTime:5002888515ns, electionTimeout:5001ms
2021-11-09 00:57:41,653 [d5ae86a0-e3e8-461b-b600-8c2d036507b1@group-4DE1D93F2384-FollowerState] INFO  impl.RoleInfo (RoleInfo.java:shutdownFollowerState(108)) - d5ae86a0-e3e8-461b-b600-8c2d036507b1: shutdown d5ae86a0-e3e8-461b-b600-8c2d036507b1@group-4DE1D93F2384-FollowerState
2021-11-09 00:57:41,653 [d5ae86a0-e3e8-461b-b600-8c2d036507b1@group-4DE1D93F2384-FollowerState] INFO  server.RaftServer$Division (RaftServerImpl.java:setRole(290)) - d5ae86a0-e3e8-461b-b600-8c2d036507b1@group-4DE1D93F2384: changes role from  FOLLOWER to CANDIDATE at term 0 for changeToCandidate
2021-11-09 00:57:41,653 [d5ae86a0-e3e8-461b-b600-8c2d036507b1@group-4DE1D93F2384-FollowerState] INFO  server.RaftServerConfigKeys (ConfUtils.java:logGet(44)) - raft.server.leaderelection.pre-vote = false (custom)
2021-11-09 00:57:41,654 [d5ae86a0-e3e8-461b-b600-8c2d036507b1@group-4DE1D93F2384-FollowerState] INFO  impl.RoleInfo (RoleInfo.java:updateAndGet(130)) - d5ae86a0-e3e8-461b-b600-8c2d036507b1: start d5ae86a0-e3e8-461b-b600-8c2d036507b1@group-4DE1D93F2384-LeaderElection92
2021-11-09 00:57:41,685 [d5ae86a0-e3e8-461b-b600-8c2d036507b1@group-4DE1D93F2384-LeaderElection92] INFO  impl.LeaderElection (LeaderElection.java:askForVotes(306)) - d5ae86a0-e3e8-461b-b600-8c2d036507b1@group-4DE1D93F2384-LeaderElection92 ELECTION round 0: submit vote requests at term 1 for -1: [4430b70e-e2dc-4778-891b-decd59bd04d3|rpc:10.1.0.58:37555|priority:1, d5ae86a0-e3e8-461b-b600-8c2d036507b1|rpc:10.1.0.58:45525|priority:0, 43136673-c093-486b-8a61-55aa3fed1341|rpc:10.1.0.58:34809|priority:0], old=null
2021-11-09 00:57:41,695 [grpc-default-executor-4] INFO  server.RaftServer$Division (RaftServerImpl.java:requestVote(1046)) - 4430b70e-e2dc-4778-891b-decd59bd04d3@group-4DE1D93F2384: receive requestVote(ELECTION, d5ae86a0-e3e8-461b-b600-8c2d036507b1, group-4DE1D93F2384, 1, (t:0, i:0))
2021-11-09 00:57:41,695 [grpc-default-executor-4] INFO  impl.VoteContext (VoteContext.java:log(48)) - 4430b70e-e2dc-4778-891b-decd59bd04d3@group-4DE1D93F2384-FOLLOWER: reject ELECTION from d5ae86a0-e3e8-461b-b600-8c2d036507b1: our priority 1 > candidate's priority 0
2021-11-09 00:57:41,695 [grpc-default-executor-4] INFO  server.RaftServer$Division (RaftServerImpl.java:setRole(290)) - 4430b70e-e2dc-4778-891b-decd59bd04d3@group-4DE1D93F2384: changes role from  FOLLOWER to FOLLOWER at term 1 for candidate:d5ae86a0-e3e8-461b-b600-8c2d036507b1
2021-11-09 00:57:41,695 [grpc-default-executor-4] INFO  impl.RoleInfo (RoleInfo.java:shutdownFollowerState(108)) - 4430b70e-e2dc-4778-891b-decd59bd04d3: shutdown 4430b70e-e2dc-4778-891b-decd59bd04d3@group-4DE1D93F2384-FollowerState
2021-11-09 00:57:41,698 [grpc-default-executor-4] INFO  impl.RoleInfo (RoleInfo.java:updateAndGet(130)) - 4430b70e-e2dc-4778-891b-decd59bd04d3: start 4430b70e-e2dc-4778-891b-decd59bd04d3@group-4DE1D93F2384-FollowerState
2021-11-09 00:57:41,698 [4430b70e-e2dc-4778-891b-decd59bd04d3@group-4DE1D93F2384-FollowerState] INFO  impl.FollowerState (FollowerState.java:run(143)) - 4430b70e-e2dc-4778-891b-decd59bd04d3@group-4DE1D93F2384-FollowerState was interrupted: {}
java.lang.InterruptedException: sleep interrupted
	at java.lang.Thread.sleep(Native Method)
	at java.lang.Thread.sleep(Thread.java:340)
	at java.util.concurrent.TimeUnit.sleep(TimeUnit.java:386)
	at org.apache.ratis.util.TimeDuration.sleep(TimeDuration.java:324)
	at org.apache.ratis.util.TimeDuration.sleep(TimeDuration.java:309)
	at org.apache.ratis.server.impl.FollowerState.run(FollowerState.java:118)
2021-11-09 00:57:41,701 [grpc-default-executor-1] INFO  server.RaftServer$Division (RaftServerImpl.java:requestVote(1046)) - 43136673-c093-486b-8a61-55aa3fed1341@group-4DE1D93F2384: receive requestVote(ELECTION, d5ae86a0-e3e8-461b-b600-8c2d036507b1, group-4DE1D93F2384, 1, (t:0, i:0))
2021-11-09 00:57:41,701 [grpc-default-executor-1] INFO  impl.VoteContext (VoteContext.java:log(48)) - 43136673-c093-486b-8a61-55aa3fed1341@group-4DE1D93F2384-FOLLOWER: accept ELECTION from d5ae86a0-e3e8-461b-b600-8c2d036507b1: our priority 0 <= candidate's priority 0
2021-11-09 00:57:41,701 [grpc-default-executor-1] INFO  server.RaftServer$Division (RaftServerImpl.java:setRole(290)) - 43136673-c093-486b-8a61-55aa3fed1341@group-4DE1D93F2384: changes role from  FOLLOWER to FOLLOWER at term 1 for candidate:d5ae86a0-e3e8-461b-b600-8c2d036507b1
2021-11-09 00:57:41,701 [grpc-default-executor-1] INFO  impl.RoleInfo (RoleInfo.java:shutdownFollowerState(108)) - 43136673-c093-486b-8a61-55aa3fed1341: shutdown 43136673-c093-486b-8a61-55aa3fed1341@group-4DE1D93F2384-FollowerState
2021-11-09 00:57:41,706 [43136673-c093-486b-8a61-55aa3fed1341@group-5F9D92319C7A-FollowerState] INFO  impl.FollowerState (FollowerState.java:run(134)) - 43136673-c093-486b-8a61-55aa3fed1341@group-5F9D92319C7A-FollowerState: change to CANDIDATE, lastRpcElapsedTime:5121839122ns, electionTimeout:5121ms
2021-11-09 00:57:41,706 [43136673-c093-486b-8a61-55aa3fed1341@group-5F9D92319C7A-FollowerState] INFO  impl.RoleInfo (RoleInfo.java:shutdownFollowerState(108)) - 43136673-c093-486b-8a61-55aa3fed1341: shutdown 43136673-c093-486b-8a61-55aa3fed1341@group-5F9D92319C7A-FollowerState
2021-11-09 00:57:41,706 [43136673-c093-486b-8a61-55aa3fed1341@group-5F9D92319C7A-FollowerState] INFO  server.RaftServer$Division (RaftServerImpl.java:setRole(290)) - 43136673-c093-486b-8a61-55aa3fed1341@group-5F9D92319C7A: changes role from  FOLLOWER to CANDIDATE at term 0 for changeToCandidate
2021-11-09 00:57:41,708 [43136673-c093-486b-8a61-55aa3fed1341@group-5F9D92319C7A-FollowerState] INFO  server.RaftServerConfigKeys (ConfUtils.java:logGet(44)) - raft.server.leaderelection.pre-vote = false (custom)
2021-11-09 00:57:41,708 [43136673-c093-486b-8a61-55aa3fed1341@group-5F9D92319C7A-FollowerState] INFO  impl.RoleInfo (RoleInfo.java:updateAndGet(130)) - 43136673-c093-486b-8a61-55aa3fed1341: start 43136673-c093-486b-8a61-55aa3fed1341@group-5F9D92319C7A-LeaderElection93
2021-11-09 00:57:41,710 [grpc-default-executor-4] INFO  server.RaftServer$Division (RaftServerImpl.java:requestVote(1078)) - 4430b70e-e2dc-4778-891b-decd59bd04d3@group-4DE1D93F2384 replies to ELECTION vote request: d5ae86a0-e3e8-461b-b600-8c2d036507b1<-4430b70e-e2dc-4778-891b-decd59bd04d3#0:FAIL-t1. Peer's state: 4430b70e-e2dc-4778-891b-decd59bd04d3@group-4DE1D93F2384:t1, leader=null, voted=null, raftlog=4430b70e-e2dc-4778-891b-decd59bd04d3@group-4DE1D93F2384-SegmentedRaftLog:OPENED:c-1, conf=-1: [4430b70e-e2dc-4778-891b-decd59bd04d3|rpc:10.1.0.58:37555|dataStream:|priority:1, d5ae86a0-e3e8-461b-b600-8c2d036507b1|rpc:10.1.0.58:45525|dataStream:|priority:0, 43136673-c093-486b-8a61-55aa3fed1341|rpc:10.1.0.58:34809|dataStream:|priority:0], old=null
2021-11-09 00:57:41,712 [grpc-default-executor-1] INFO  impl.RoleInfo (RoleInfo.java:updateAndGet(130)) - 43136673-c093-486b-8a61-55aa3fed1341: start 43136673-c093-486b-8a61-55aa3fed1341@group-4DE1D93F2384-FollowerState
2021-11-09 00:57:41,712 [43136673-c093-486b-8a61-55aa3fed1341@group-4DE1D93F2384-FollowerState] INFO  impl.FollowerState (FollowerState.java:run(143)) - 43136673-c093-486b-8a61-55aa3fed1341@group-4DE1D93F2384-FollowerState was interrupted: {}
java.lang.InterruptedException: sleep interrupted
	at java.lang.Thread.sleep(Native Method)
	at java.lang.Thread.sleep(Thread.java:340)
	at java.util.concurrent.TimeUnit.sleep(TimeUnit.java:386)
	at org.apache.ratis.util.TimeDuration.sleep(TimeDuration.java:324)
	at org.apache.ratis.util.TimeDuration.sleep(TimeDuration.java:309)
	at org.apache.ratis.server.impl.FollowerState.run(FollowerState.java:118)
2021-11-09 00:57:41,722 [d5ae86a0-e3e8-461b-b600-8c2d036507b1@group-4DE1D93F2384-LeaderElection92] INFO  impl.LeaderElection (LeaderElection.java:logAndReturn(89)) - d5ae86a0-e3e8-461b-b600-8c2d036507b1@group-4DE1D93F2384-LeaderElection92: ELECTION REJECTED received 1 response(s) and 0 exception(s):
2021-11-09 00:57:41,722 [d5ae86a0-e3e8-461b-b600-8c2d036507b1@group-4DE1D93F2384-LeaderElection92] INFO  impl.LeaderElection (LeaderElection.java:logAndReturn(93)) -   Response 0: d5ae86a0-e3e8-461b-b600-8c2d036507b1<-4430b70e-e2dc-4778-891b-decd59bd04d3#0:FAIL-t1
2021-11-09 00:57:41,722 [d5ae86a0-e3e8-461b-b600-8c2d036507b1@group-4DE1D93F2384-LeaderElection92] INFO  impl.LeaderElection (LeaderElection.java:askForVotes(308)) - d5ae86a0-e3e8-461b-b600-8c2d036507b1@group-4DE1D93F2384-LeaderElection92 ELECTION round 0: result REJECTED
2021-11-09 00:57:41,722 [d5ae86a0-e3e8-461b-b600-8c2d036507b1@group-4DE1D93F2384-LeaderElection92] INFO  server.RaftServer$Division (RaftServerImpl.java:setRole(290)) - d5ae86a0-e3e8-461b-b600-8c2d036507b1@group-4DE1D93F2384: changes role from CANDIDATE to FOLLOWER at term 1 for REJECTED
2021-11-09 00:57:41,722 [grpc-default-executor-1] INFO  server.RaftServer$Division (RaftServerImpl.java:requestVote(1078)) - 43136673-c093-486b-8a61-55aa3fed1341@group-4DE1D93F2384 replies to ELECTION vote request: d5ae86a0-e3e8-461b-b600-8c2d036507b1<-43136673-c093-486b-8a61-55aa3fed1341#0:OK-t1. Peer's state: 43136673-c093-486b-8a61-55aa3fed1341@group-4DE1D93F2384:t1, leader=null, voted=d5ae86a0-e3e8-461b-b600-8c2d036507b1, raftlog=43136673-c093-486b-8a61-55aa3fed1341@group-4DE1D93F2384-SegmentedRaftLog:OPENED:c-1, conf=-1: [4430b70e-e2dc-4778-891b-decd59bd04d3|rpc:10.1.0.58:37555|priority:1, d5ae86a0-e3e8-461b-b600-8c2d036507b1|rpc:10.1.0.58:45525|priority:0, 43136673-c093-486b-8a61-55aa3fed1341|rpc:10.1.0.58:34809|priority:0], old=null
2021-11-09 00:57:41,722 [d5ae86a0-e3e8-461b-b600-8c2d036507b1@group-4DE1D93F2384-LeaderElection92] INFO  impl.RoleInfo (RoleInfo.java:shutdownLeaderElection(121)) - d5ae86a0-e3e8-461b-b600-8c2d036507b1: shutdown d5ae86a0-e3e8-461b-b600-8c2d036507b1@group-4DE1D93F2384-LeaderElection92
2021-11-09 00:57:41,722 [d5ae86a0-e3e8-461b-b600-8c2d036507b1@group-4DE1D93F2384-LeaderElection92] INFO  impl.RoleInfo (RoleInfo.java:updateAndGet(130)) - d5ae86a0-e3e8-461b-b600-8c2d036507b1: start d5ae86a0-e3e8-461b-b600-8c2d036507b1@group-4DE1D93F2384-FollowerState
2021-11-09 00:57:41,744 [43136673-c093-486b-8a61-55aa3fed1341@group-5F9D92319C7A-LeaderElection93] INFO  impl.LeaderElection (LeaderElection.java:askForVotes(306)) - 43136673-c093-486b-8a61-55aa3fed1341@group-5F9D92319C7A-LeaderElection93 ELECTION round 0: submit vote requests at term 1 for -1: [43136673-c093-486b-8a61-55aa3fed1341|rpc:10.1.0.58:34809|priority:1], old=null
2021-11-09 00:57:41,745 [43136673-c093-486b-8a61-55aa3fed1341@group-5F9D92319C7A-LeaderElection93] INFO  impl.LeaderElection (LeaderElection.java:askForVotes(308)) - 43136673-c093-486b-8a61-55aa3fed1341@group-5F9D92319C7A-LeaderElection93 ELECTION round 0: result PASSED (term=1)
2021-11-09 00:57:41,745 [43136673-c093-486b-8a61-55aa3fed1341@group-5F9D92319C7A-LeaderElection93] INFO  impl.RoleInfo (RoleInfo.java:shutdownLeaderElection(121)) - 43136673-c093-486b-8a61-55aa3fed1341: shutdown 43136673-c093-486b-8a61-55aa3fed1341@group-5F9D92319C7A-LeaderElection93
2021-11-09 00:57:41,745 [43136673-c093-486b-8a61-55aa3fed1341@group-5F9D92319C7A-LeaderElection93] INFO  server.RaftServer$Division (RaftServerImpl.java:setRole(290)) - 43136673-c093-486b-8a61-55aa3fed1341@group-5F9D92319C7A: changes role from CANDIDATE to LEADER at term 1 for changeToLeader
2021-11-09 00:57:41,745 [43136673-c093-486b-8a61-55aa3fed1341@group-5F9D92319C7A-LeaderElection93] INFO  ratis.XceiverServerRatis (XceiverServerRatis.java:handleLeaderChangedNotification(866)) - Leader change notification received for group: group-5F9D92319C7A with new leaderId: 43136673-c093-486b-8a61-55aa3fed1341
2021-11-09 00:57:41,745 [43136673-c093-486b-8a61-55aa3fed1341@group-5F9D92319C7A-LeaderElection93] INFO  server.RaftServer$Division (ServerState.java:setLeader(285)) - 43136673-c093-486b-8a61-55aa3fed1341@group-5F9D92319C7A: change Leader from null to 43136673-c093-486b-8a61-55aa3fed1341 at term 1 for becomeLeader, leader elected after 5182ms
2021-11-09 00:57:41,746 [43136673-c093-486b-8a61-55aa3fed1341@group-5F9D92319C7A-LeaderElection93] INFO  server.RaftServerConfigKeys (ConfUtils.java:logGet(44)) - raft.server.staging.catchup.gap = 1000 (default)
2021-11-09 00:57:41,746 [43136673-c093-486b-8a61-55aa3fed1341@group-5F9D92319C7A-LeaderElection93] INFO  server.RaftServerConfigKeys (ConfUtils.java:logGet(44)) - raft.server.write.element-limit = 1024 (custom)
2021-11-09 00:57:41,746 [43136673-c093-486b-8a61-55aa3fed1341@group-5F9D92319C7A-LeaderElection93] INFO  server.RaftServerConfigKeys (ConfUtils.java:logGet(44)) - raft.server.write.byte-limit = 1024 M (=1073741824) (custom)
2021-11-09 00:57:41,747 [43136673-c093-486b-8a61-55aa3fed1341@group-5F9D92319C7A-LeaderElection93] INFO  server.RaftServerConfigKeys (ConfUtils.java:logGet(44)) - raft.server.watch.timeout = 3000ms (custom)
2021-11-09 00:57:41,747 [43136673-c093-486b-8a61-55aa3fed1341@group-5F9D92319C7A-LeaderElection93] INFO  server.RaftServerConfigKeys (ConfUtils.java:logGet(44)) - raft.server.watch.timeout.denomination = 1s (default)
2021-11-09 00:57:41,747 [43136673-c093-486b-8a61-55aa3fed1341@group-5F9D92319C7A-LeaderElection93] INFO  server.RaftServerConfigKeys (ConfUtils.java:logGet(44)) - raft.server.watch.element-limit = 65536 (default)
2021-11-09 00:57:41,747 [43136673-c093-486b-8a61-55aa3fed1341@group-5F9D92319C7A-LeaderElection93] INFO  server.RaftServerConfigKeys (ConfUtils.java:logGet(44)) - raft.server.write.element-limit = 1024 (custom)
2021-11-09 00:57:41,747 [43136673-c093-486b-8a61-55aa3fed1341@group-5F9D92319C7A-LeaderElection93] INFO  server.RaftServerConfigKeys (ConfUtils.java:logGet(44)) - raft.server.write.follower.gap.ratio.max = -1.0 (default)
2021-11-09 00:57:41,747 [43136673-c093-486b-8a61-55aa3fed1341@group-5F9D92319C7A-LeaderElection93] INFO  impl.RoleInfo (RoleInfo.java:updateAndGet(130)) - 43136673-c093-486b-8a61-55aa3fed1341: start 43136673-c093-486b-8a61-55aa3fed1341@group-5F9D92319C7A-LeaderStateImpl
2021-11-09 00:57:41,748 [43136673-c093-486b-8a61-55aa3fed1341@group-5F9D92319C7A-LeaderElection93] INFO  segmented.SegmentedRaftLogWorker (SegmentedRaftLogWorker.java:startLogSegment(394)) - 43136673-c093-486b-8a61-55aa3fed1341@group-5F9D92319C7A-SegmentedRaftLogWorker: Starting segment from index:0
2021-11-09 00:57:41,759 [43136673-c093-486b-8a61-55aa3fed1341@group-5F9D92319C7A-LeaderElection93] INFO  server.RaftServer$Division (ServerState.java:setRaftConf(387)) - 43136673-c093-486b-8a61-55aa3fed1341@group-5F9D92319C7A: set configuration 0: [43136673-c093-486b-8a61-55aa3fed1341|rpc:10.1.0.58:34809|dataStream:|priority:1], old=null
2021-11-09 00:57:41,759 [43136673-c093-486b-8a61-55aa3fed1341@group-5F9D92319C7A-SegmentedRaftLogWorker] INFO  segmented.SegmentedRaftLogWorker (SegmentedRaftLogWorker.java:execute(601)) - 43136673-c093-486b-8a61-55aa3fed1341@group-5F9D92319C7A-SegmentedRaftLogWorker: created new log segment /home/runner/work/ozone/ozone/hadoop-ozone/integration-test/target/test-dir/MiniOzoneClusterImpl-cebd3685-2b3d-4639-9f0f-41911e64574b/datanode-2/data/ratis/b190f5b9-7e46-471d-8a9f-5f9d92319c7a/current/log_inprogress_0
2021-11-09 00:57:42,069 [Listener at 127.0.0.1/34135] INFO  ozoneimpl.OzoneContainer (OzoneContainer.java:stop(325)) - Attempting to stop container services.
2021-11-09 00:57:42,069 [Listener at 127.0.0.1/34135] INFO  server.RaftServer (RaftServerProxy.java:lambda$close$6(391)) - bcfee08b-42a0-42f4-970e-f61215d4b324: close
2021-11-09 00:57:42,070 [Listener at 127.0.0.1/34135] INFO  server.RaftServer$Division (RaftServerImpl.java:lambda$close$4(412)) - bcfee08b-42a0-42f4-970e-f61215d4b324@group-042A55EF5780: shutdown
2021-11-09 00:57:42,070 [Listener at 127.0.0.1/34135] INFO  util.JmxRegister (JmxRegister.java:unregister(73)) - Successfully un-registered JMX Bean with object name Ratis:service=RaftServer,group=group-042A55EF5780,id=bcfee08b-42a0-42f4-970e-f61215d4b324
2021-11-09 00:57:42,070 [Listener at 127.0.0.1/34135] INFO  impl.RoleInfo (RoleInfo.java:shutdownLeaderState(91)) - bcfee08b-42a0-42f4-970e-f61215d4b324: shutdown bcfee08b-42a0-42f4-970e-f61215d4b324@group-042A55EF5780-LeaderStateImpl
2021-11-09 00:57:42,070 [Listener at 127.0.0.1/34135] INFO  impl.PendingRequests (PendingRequests.java:sendNotLeaderResponses(282)) - bcfee08b-42a0-42f4-970e-f61215d4b324@group-042A55EF5780-PendingRequests: sendNotLeaderResponses
2021-11-09 00:57:42,079 [bcfee08b-42a0-42f4-970e-f61215d4b324@group-042A55EF5780-StateMachineUpdater] INFO  ratis.ContainerStateMachine (ContainerStateMachine.java:takeSnapshot(292)) - group-042A55EF5780: Taking a snapshot at:(t:1, i:13) file /home/runner/work/ozone/ozone/hadoop-ozone/integration-test/target/test-dir/MiniOzoneClusterImpl-cebd3685-2b3d-4639-9f0f-41911e64574b/datanode-4/data/ratis/ea6969dd-5a78-408d-a075-042a55ef5780/sm/snapshot.1_13
2021-11-09 00:57:42,080 [Listener at 127.0.0.1/34135] INFO  impl.StateMachineUpdater (StateMachineUpdater.java:stopAndJoin(149)) - bcfee08b-42a0-42f4-970e-f61215d4b324@group-042A55EF5780-StateMachineUpdater: set stopIndex = 13
2021-11-09 00:57:42,086 [bcfee08b-42a0-42f4-970e-f61215d4b324@group-042A55EF5780-StateMachineUpdater] INFO  ratis.ContainerStateMachine (ContainerStateMachine.java:takeSnapshot(303)) - group-042A55EF5780: Finished taking a snapshot at:(t:1, i:13) file:/home/runner/work/ozone/ozone/hadoop-ozone/integration-test/target/test-dir/MiniOzoneClusterImpl-cebd3685-2b3d-4639-9f0f-41911e64574b/datanode-4/data/ratis/ea6969dd-5a78-408d-a075-042a55ef5780/sm/snapshot.1_13 took: 7 ms
2021-11-09 00:57:42,086 [bcfee08b-42a0-42f4-970e-f61215d4b324@group-042A55EF5780-StateMachineUpdater] INFO  impl.StateMachineUpdater (StateMachineUpdater.java:takeSnapshot(281)) - bcfee08b-42a0-42f4-970e-f61215d4b324@group-042A55EF5780-StateMachineUpdater: Took a snapshot at index 13
2021-11-09 00:57:42,086 [bcfee08b-42a0-42f4-970e-f61215d4b324@group-042A55EF5780-StateMachineUpdater] INFO  impl.StateMachineUpdater (StateMachineUpdater.java:lambda$new$0(89)) - bcfee08b-42a0-42f4-970e-f61215d4b324@group-042A55EF5780-StateMachineUpdater: snapshotIndex: updateIncreasingly -1 -> 13
2021-11-09 00:57:42,087 [Listener at 127.0.0.1/34135] INFO  server.RaftServer$Division (ServerState.java:close(419)) - bcfee08b-42a0-42f4-970e-f61215d4b324@group-042A55EF5780: closes. applyIndex: 13
2021-11-09 00:57:42,090 [bcfee08b-42a0-42f4-970e-f61215d4b324@group-042A55EF5780-SegmentedRaftLogWorker] INFO  segmented.SegmentedRaftLogWorker (SegmentedRaftLogWorker.java:run(327)) - bcfee08b-42a0-42f4-970e-f61215d4b324@group-042A55EF5780-SegmentedRaftLogWorker was interrupted, exiting. There are 0 tasks remaining in the queue.
2021-11-09 00:57:42,090 [Listener at 127.0.0.1/34135] INFO  segmented.SegmentedRaftLogWorker (SegmentedRaftLogWorker.java:close(237)) - bcfee08b-42a0-42f4-970e-f61215d4b324@group-042A55EF5780-SegmentedRaftLogWorker close()
2021-11-09 00:57:42,091 [Listener at 127.0.0.1/34135] INFO  server.RaftServer$Division (RaftServerImpl.java:lambda$close$4(412)) - bcfee08b-42a0-42f4-970e-f61215d4b324@group-97D8B41C262F: shutdown
2021-11-09 00:57:42,105 [Listener at 127.0.0.1/34135] INFO  util.JmxRegister (JmxRegister.java:unregister(73)) - Successfully un-registered JMX Bean with object name Ratis:service=RaftServer,group=group-97D8B41C262F,id=bcfee08b-42a0-42f4-970e-f61215d4b324
2021-11-09 00:57:42,105 [Listener at 127.0.0.1/34135] INFO  impl.RoleInfo (RoleInfo.java:shutdownFollowerState(108)) - bcfee08b-42a0-42f4-970e-f61215d4b324: shutdown bcfee08b-42a0-42f4-970e-f61215d4b324@group-97D8B41C262F-FollowerState
2021-11-09 00:57:42,106 [bcfee08b-42a0-42f4-970e-f61215d4b324@group-97D8B41C262F-FollowerState] INFO  impl.FollowerState (FollowerState.java:run(143)) - bcfee08b-42a0-42f4-970e-f61215d4b324@group-97D8B41C262F-FollowerState was interrupted: {}
java.lang.InterruptedException: sleep interrupted
	at java.lang.Thread.sleep(Native Method)
	at java.lang.Thread.sleep(Thread.java:340)
	at java.util.concurrent.TimeUnit.sleep(TimeUnit.java:386)
	at org.apache.ratis.util.TimeDuration.sleep(TimeDuration.java:324)
	at org.apache.ratis.util.TimeDuration.sleep(TimeDuration.java:309)
	at org.apache.ratis.server.impl.FollowerState.run(FollowerState.java:118)
2021-11-09 00:57:42,106 [Listener at 127.0.0.1/34135] INFO  impl.StateMachineUpdater (StateMachineUpdater.java:stopAndJoin(149)) - bcfee08b-42a0-42f4-970e-f61215d4b324@group-97D8B41C262F-StateMachineUpdater: set stopIndex = 0
2021-11-09 00:57:42,106 [bcfee08b-42a0-42f4-970e-f61215d4b324@group-97D8B41C262F-StateMachineUpdater] INFO  ratis.ContainerStateMachine (ContainerStateMachine.java:takeSnapshot(292)) - group-97D8B41C262F: Taking a snapshot at:(t:1, i:0) file /home/runner/work/ozone/ozone/hadoop-ozone/integration-test/target/test-dir/MiniOzoneClusterImpl-cebd3685-2b3d-4639-9f0f-41911e64574b/datanode-4/data/ratis/1bb12178-3f10-4ea1-9e56-97d8b41c262f/sm/snapshot.1_0
2021-11-09 00:57:42,107 [bcfee08b-42a0-42f4-970e-f61215d4b324@group-97D8B41C262F-StateMachineUpdater] INFO  ratis.ContainerStateMachine (ContainerStateMachine.java:takeSnapshot(303)) - group-97D8B41C262F: Finished taking a snapshot at:(t:1, i:0) file:/home/runner/work/ozone/ozone/hadoop-ozone/integration-test/target/test-dir/MiniOzoneClusterImpl-cebd3685-2b3d-4639-9f0f-41911e64574b/datanode-4/data/ratis/1bb12178-3f10-4ea1-9e56-97d8b41c262f/sm/snapshot.1_0 took: 1 ms
2021-11-09 00:57:42,108 [bcfee08b-42a0-42f4-970e-f61215d4b324@group-97D8B41C262F-StateMachineUpdater] INFO  impl.StateMachineUpdater (StateMachineUpdater.java:takeSnapshot(281)) - bcfee08b-42a0-42f4-970e-f61215d4b324@group-97D8B41C262F-StateMachineUpdater: Took a snapshot at index 0
2021-11-09 00:57:42,108 [bcfee08b-42a0-42f4-970e-f61215d4b324@group-97D8B41C262F-StateMachineUpdater] INFO  impl.StateMachineUpdater (StateMachineUpdater.java:lambda$new$0(89)) - bcfee08b-42a0-42f4-970e-f61215d4b324@group-97D8B41C262F-StateMachineUpdater: snapshotIndex: updateIncreasingly -1 -> 0
2021-11-09 00:57:42,111 [Listener at 127.0.0.1/34135] INFO  server.RaftServer$Division (ServerState.java:close(419)) - bcfee08b-42a0-42f4-970e-f61215d4b324@group-97D8B41C262F: closes. applyIndex: 0
2021-11-09 00:57:42,111 [d5ae86a0-e3e8-461b-b600-8c2d036507b1@group-85E4BE6E1938-FollowerState] INFO  impl.FollowerState (FollowerState.java:run(134)) - d5ae86a0-e3e8-461b-b600-8c2d036507b1@group-85E4BE6E1938-FollowerState: change to CANDIDATE, lastRpcElapsedTime:5079730593ns, electionTimeout:5030ms
2021-11-09 00:57:42,114 [d5ae86a0-e3e8-461b-b600-8c2d036507b1@group-85E4BE6E1938-FollowerState] INFO  impl.RoleInfo (RoleInfo.java:shutdownFollowerState(108)) - d5ae86a0-e3e8-461b-b600-8c2d036507b1: shutdown d5ae86a0-e3e8-461b-b600-8c2d036507b1@group-85E4BE6E1938-FollowerState
2021-11-09 00:57:42,115 [d5ae86a0-e3e8-461b-b600-8c2d036507b1@group-85E4BE6E1938-FollowerState] INFO  server.RaftServer$Division (RaftServerImpl.java:setRole(290)) - d5ae86a0-e3e8-461b-b600-8c2d036507b1@group-85E4BE6E1938: changes role from  FOLLOWER to CANDIDATE at term 0 for changeToCandidate
2021-11-09 00:57:42,124 [d5ae86a0-e3e8-461b-b600-8c2d036507b1@group-85E4BE6E1938-FollowerState] INFO  server.RaftServerConfigKeys (ConfUtils.java:logGet(44)) - raft.server.leaderelection.pre-vote = false (custom)
2021-11-09 00:57:42,124 [d5ae86a0-e3e8-461b-b600-8c2d036507b1@group-85E4BE6E1938-FollowerState] INFO  impl.RoleInfo (RoleInfo.java:updateAndGet(130)) - d5ae86a0-e3e8-461b-b600-8c2d036507b1: start d5ae86a0-e3e8-461b-b600-8c2d036507b1@group-85E4BE6E1938-LeaderElection94
2021-11-09 00:57:42,158 [bcfee08b-42a0-42f4-970e-f61215d4b324@group-97D8B41C262F-SegmentedRaftLogWorker] INFO  segmented.SegmentedRaftLogWorker (SegmentedRaftLogWorker.java:run(327)) - bcfee08b-42a0-42f4-970e-f61215d4b324@group-97D8B41C262F-SegmentedRaftLogWorker was interrupted, exiting. There are 0 tasks remaining in the queue.
2021-11-09 00:57:42,158 [ForkJoinPool.commonPool-worker-0] INFO  ozoneimpl.OzoneContainer (OzoneContainer.java:stop(325)) - Attempting to stop container services.
2021-11-09 00:57:42,159 [Listener at 127.0.0.1/34135] INFO  segmented.SegmentedRaftLogWorker (SegmentedRaftLogWorker.java:close(237)) - bcfee08b-42a0-42f4-970e-f61215d4b324@group-97D8B41C262F-SegmentedRaftLogWorker close()
2021-11-09 00:57:42,160 [Listener at 127.0.0.1/34135] INFO  server.RaftServer$Division (RaftServerImpl.java:lambda$close$4(412)) - bcfee08b-42a0-42f4-970e-f61215d4b324@group-E6C37EB65C07: shutdown
2021-11-09 00:57:42,160 [Listener at 127.0.0.1/34135] INFO  util.JmxRegister (JmxRegister.java:unregister(73)) - Successfully un-registered JMX Bean with object name Ratis:service=RaftServer,group=group-E6C37EB65C07,id=bcfee08b-42a0-42f4-970e-f61215d4b324
2021-11-09 00:57:42,160 [Listener at 127.0.0.1/34135] INFO  impl.RoleInfo (RoleInfo.java:shutdownFollowerState(108)) - bcfee08b-42a0-42f4-970e-f61215d4b324: shutdown bcfee08b-42a0-42f4-970e-f61215d4b324@group-E6C37EB65C07-FollowerState
2021-11-09 00:57:42,160 [Listener at 127.0.0.1/34135] INFO  impl.StateMachineUpdater (StateMachineUpdater.java:stopAndJoin(149)) - bcfee08b-42a0-42f4-970e-f61215d4b324@group-E6C37EB65C07-StateMachineUpdater: set stopIndex = 0
2021-11-09 00:57:42,161 [bcfee08b-42a0-42f4-970e-f61215d4b324@group-E6C37EB65C07-StateMachineUpdater] INFO  ratis.ContainerStateMachine (ContainerStateMachine.java:takeSnapshot(292)) - group-E6C37EB65C07: Taking a snapshot at:(t:3, i:0) file /home/runner/work/ozone/ozone/hadoop-ozone/integration-test/target/test-dir/MiniOzoneClusterImpl-cebd3685-2b3d-4639-9f0f-41911e64574b/datanode-4/data/ratis/33dc0aea-e458-4224-86b0-e6c37eb65c07/sm/snapshot.3_0
2021-11-09 00:57:42,161 [bcfee08b-42a0-42f4-970e-f61215d4b324@group-E6C37EB65C07-StateMachineUpdater] INFO  ratis.ContainerStateMachine (ContainerStateMachine.java:takeSnapshot(303)) - group-E6C37EB65C07: Finished taking a snapshot at:(t:3, i:0) file:/home/runner/work/ozone/ozone/hadoop-ozone/integration-test/target/test-dir/MiniOzoneClusterImpl-cebd3685-2b3d-4639-9f0f-41911e64574b/datanode-4/data/ratis/33dc0aea-e458-4224-86b0-e6c37eb65c07/sm/snapshot.3_0 took: 0 ms
2021-11-09 00:57:42,162 [bcfee08b-42a0-42f4-970e-f61215d4b324@group-E6C37EB65C07-StateMachineUpdater] INFO  impl.StateMachineUpdater (StateMachineUpdater.java:takeSnapshot(281)) - bcfee08b-42a0-42f4-970e-f61215d4b324@group-E6C37EB65C07-StateMachineUpdater: Took a snapshot at index 0
2021-11-09 00:57:42,162 [bcfee08b-42a0-42f4-970e-f61215d4b324@group-E6C37EB65C07-StateMachineUpdater] INFO  impl.StateMachineUpdater (StateMachineUpdater.java:lambda$new$0(89)) - bcfee08b-42a0-42f4-970e-f61215d4b324@group-E6C37EB65C07-StateMachineUpdater: snapshotIndex: updateIncreasingly -1 -> 0
2021-11-09 00:57:42,162 [Listener at 127.0.0.1/34135] INFO  server.RaftServer$Division (ServerState.java:close(419)) - bcfee08b-42a0-42f4-970e-f61215d4b324@group-E6C37EB65C07: closes. applyIndex: 0
2021-11-09 00:57:42,162 [bcfee08b-42a0-42f4-970e-f61215d4b324@group-E6C37EB65C07-FollowerState] INFO  impl.FollowerState (FollowerState.java:run(143)) - bcfee08b-42a0-42f4-970e-f61215d4b324@group-E6C37EB65C07-FollowerState was interrupted: {}
java.lang.InterruptedException: sleep interrupted
	at java.lang.Thread.sleep(Native Method)
	at java.lang.Thread.sleep(Thread.java:340)
	at java.util.concurrent.TimeUnit.sleep(TimeUnit.java:386)
	at org.apache.ratis.util.TimeDuration.sleep(TimeDuration.java:324)
	at org.apache.ratis.util.TimeDuration.sleep(TimeDuration.java:309)
	at org.apache.ratis.server.impl.FollowerState.run(FollowerState.java:118)
2021-11-09 00:57:42,162 [bcfee08b-42a0-42f4-970e-f61215d4b324@group-E6C37EB65C07-SegmentedRaftLogWorker] INFO  segmented.SegmentedRaftLogWorker (SegmentedRaftLogWorker.java:run(327)) - bcfee08b-42a0-42f4-970e-f61215d4b324@group-E6C37EB65C07-SegmentedRaftLogWorker was interrupted, exiting. There are 0 tasks remaining in the queue.
2021-11-09 00:57:42,167 [Listener at 127.0.0.1/34135] INFO  segmented.SegmentedRaftLogWorker (SegmentedRaftLogWorker.java:close(237)) - bcfee08b-42a0-42f4-970e-f61215d4b324@group-E6C37EB65C07-SegmentedRaftLogWorker close()
2021-11-09 00:57:42,172 [Listener at 127.0.0.1/34135] INFO  server.GrpcService (GrpcService.java:closeImpl(262)) - bcfee08b-42a0-42f4-970e-f61215d4b324: shutdown server with port 34235 now
2021-11-09 00:57:42,201 [d5ae86a0-e3e8-461b-b600-8c2d036507b1@group-85E4BE6E1938-LeaderElection94] INFO  impl.LeaderElection (LeaderElection.java:askForVotes(306)) - d5ae86a0-e3e8-461b-b600-8c2d036507b1@group-85E4BE6E1938-LeaderElection94 ELECTION round 0: submit vote requests at term 1 for -1: [4430b70e-e2dc-4778-891b-decd59bd04d3|rpc:10.1.0.58:37555|priority:0, d5ae86a0-e3e8-461b-b600-8c2d036507b1|rpc:10.1.0.58:45525|priority:1, 43136673-c093-486b-8a61-55aa3fed1341|rpc:10.1.0.58:34809|priority:0], old=null
2021-11-09 00:57:42,202 [grpc-default-executor-5] WARN  server.GrpcLogAppender (LogUtils.java:warn(122)) - c17442c2-57b8-4ea9-a6b0-3a357e556ad2@group-E6C37EB65C07->bcfee08b-42a0-42f4-970e-f61215d4b324-AppendLogResponseHandler: Failed appendEntries: org.apache.ratis.thirdparty.io.grpc.StatusRuntimeException: CANCELLED: HTTP/2 error code: CANCEL
Received Rst Stream
2021-11-09 00:57:42,202 [grpc-default-executor-5] WARN  server.GrpcLogAppender (GrpcLogAppender.java:resetClient(110)) - c17442c2-57b8-4ea9-a6b0-3a357e556ad2@group-E6C37EB65C07->bcfee08b-42a0-42f4-970e-f61215d4b324-GrpcLogAppender: Leader has not got in touch with Follower c17442c2-57b8-4ea9-a6b0-3a357e556ad2@group-E6C37EB65C07->bcfee08b-42a0-42f4-970e-f61215d4b324(c0,m0,n1, attendVote=true, lastRpcSendTime=1994, lastRpcResponseTime=1971) yet, just keep nextIndex unchanged and retry.
2021-11-09 00:57:42,203 [grpc-default-executor-4] WARN  server.GrpcServerProtocolService (LogUtils.java:warn(122)) - bcfee08b-42a0-42f4-970e-f61215d4b324: installSnapshot onError, lastRequest: c17442c2-57b8-4ea9-a6b0-3a357e556ad2->bcfee08b-42a0-42f4-970e-f61215d4b324#1-t3,previous=(t:0, i:0),leaderCommit=0,initializing? true,entries: size=1, first=(t:3, i:0), CONFIGURATIONENTRY: org.apache.ratis.thirdparty.io.grpc.StatusRuntimeException: CANCELLED: client cancelled
2021-11-09 00:57:42,203 [grpc-default-executor-0] WARN  server.GrpcServerProtocolService (LogUtils.java:warn(122)) - bcfee08b-42a0-42f4-970e-f61215d4b324: installSnapshot onError, lastRequest: 5b8b357e-6f93-4947-883b-a4d8a2742106->bcfee08b-42a0-42f4-970e-f61215d4b324#1-t1,previous=(t:0, i:0),leaderCommit=0,initializing? true,entries: size=1, first=(t:1, i:0), CONFIGURATIONENTRY: org.apache.ratis.thirdparty.io.grpc.StatusRuntimeException: CANCELLED: client cancelled
2021-11-09 00:57:42,204 [grpc-default-executor-4] WARN  server.GrpcLogAppender (LogUtils.java:warn(122)) - 5b8b357e-6f93-4947-883b-a4d8a2742106@group-97D8B41C262F->bcfee08b-42a0-42f4-970e-f61215d4b324-AppendLogResponseHandler: Failed appendEntries: org.apache.ratis.thirdparty.io.grpc.StatusRuntimeException: CANCELLED: HTTP/2 error code: CANCEL
Received Rst Stream
2021-11-09 00:57:42,204 [grpc-default-executor-4] WARN  server.GrpcLogAppender (GrpcLogAppender.java:resetClient(110)) - 5b8b357e-6f93-4947-883b-a4d8a2742106@group-97D8B41C262F->bcfee08b-42a0-42f4-970e-f61215d4b324-GrpcLogAppender: Leader has not got in touch with Follower 5b8b357e-6f93-4947-883b-a4d8a2742106@group-97D8B41C262F->bcfee08b-42a0-42f4-970e-f61215d4b324(c0,m0,n1, attendVote=true, lastRpcSendTime=234, lastRpcResponseTime=213) yet, just keep nextIndex unchanged and retry.
2021-11-09 00:57:42,229 [grpc-default-executor-4] INFO  server.RaftServer$Division (RaftServerImpl.java:requestVote(1046)) - 4430b70e-e2dc-4778-891b-decd59bd04d3@group-85E4BE6E1938: receive requestVote(ELECTION, d5ae86a0-e3e8-461b-b600-8c2d036507b1, group-85E4BE6E1938, 1, (t:0, i:0))
2021-11-09 00:57:42,229 [grpc-default-executor-4] INFO  impl.VoteContext (VoteContext.java:log(48)) - 4430b70e-e2dc-4778-891b-decd59bd04d3@group-85E4BE6E1938-FOLLOWER: accept ELECTION from d5ae86a0-e3e8-461b-b600-8c2d036507b1: our priority 0 <= candidate's priority 1
2021-11-09 00:57:42,229 [grpc-default-executor-4] INFO  server.RaftServer$Division (RaftServerImpl.java:setRole(290)) - 4430b70e-e2dc-4778-891b-decd59bd04d3@group-85E4BE6E1938: changes role from  FOLLOWER to FOLLOWER at term 1 for candidate:d5ae86a0-e3e8-461b-b600-8c2d036507b1
2021-11-09 00:57:42,229 [grpc-default-executor-4] INFO  impl.RoleInfo (RoleInfo.java:shutdownFollowerState(108)) - 4430b70e-e2dc-4778-891b-decd59bd04d3: shutdown 4430b70e-e2dc-4778-891b-decd59bd04d3@group-85E4BE6E1938-FollowerState
2021-11-09 00:57:42,236 [grpc-default-executor-4] INFO  impl.RoleInfo (RoleInfo.java:updateAndGet(130)) - 4430b70e-e2dc-4778-891b-decd59bd04d3: start 4430b70e-e2dc-4778-891b-decd59bd04d3@group-85E4BE6E1938-FollowerState
2021-11-09 00:57:42,236 [4430b70e-e2dc-4778-891b-decd59bd04d3@group-85E4BE6E1938-FollowerState] INFO  impl.FollowerState (FollowerState.java:run(143)) - 4430b70e-e2dc-4778-891b-decd59bd04d3@group-85E4BE6E1938-FollowerState was interrupted: {}
java.lang.InterruptedException: sleep interrupted
	at java.lang.Thread.sleep(Native Method)
	at java.lang.Thread.sleep(Thread.java:340)
	at java.util.concurrent.TimeUnit.sleep(TimeUnit.java:386)
	at org.apache.ratis.util.TimeDuration.sleep(TimeDuration.java:324)
	at org.apache.ratis.util.TimeDuration.sleep(TimeDuration.java:309)
	at org.apache.ratis.server.impl.FollowerState.run(FollowerState.java:118)
2021-11-09 00:57:42,237 [grpc-default-executor-0] INFO  server.RaftServer$Division (RaftServerImpl.java:requestVote(1046)) - 43136673-c093-486b-8a61-55aa3fed1341@group-85E4BE6E1938: receive requestVote(ELECTION, d5ae86a0-e3e8-461b-b600-8c2d036507b1, group-85E4BE6E1938, 1, (t:0, i:0))
2021-11-09 00:57:42,238 [grpc-default-executor-0] INFO  impl.VoteContext (VoteContext.java:log(48)) - 43136673-c093-486b-8a61-55aa3fed1341@group-85E4BE6E1938-FOLLOWER: accept ELECTION from d5ae86a0-e3e8-461b-b600-8c2d036507b1: our priority 0 <= candidate's priority 1
2021-11-09 00:57:42,238 [grpc-default-executor-0] INFO  server.RaftServer$Division (RaftServerImpl.java:setRole(290)) - 43136673-c093-486b-8a61-55aa3fed1341@group-85E4BE6E1938: changes role from  FOLLOWER to FOLLOWER at term 1 for candidate:d5ae86a0-e3e8-461b-b600-8c2d036507b1
2021-11-09 00:57:42,238 [grpc-default-executor-0] INFO  impl.RoleInfo (RoleInfo.java:shutdownFollowerState(108)) - 43136673-c093-486b-8a61-55aa3fed1341: shutdown 43136673-c093-486b-8a61-55aa3fed1341@group-85E4BE6E1938-FollowerState
2021-11-09 00:57:42,258 [ForkJoinPool.commonPool-worker-0] INFO  server.RaftServer (RaftServerProxy.java:lambda$close$6(391)) - d5ae86a0-e3e8-461b-b600-8c2d036507b1: close
2021-11-09 00:57:42,258 [ForkJoinPool.commonPool-worker-0] INFO  server.RaftServer$Division (RaftServerImpl.java:lambda$close$4(412)) - d5ae86a0-e3e8-461b-b600-8c2d036507b1@group-85E4BE6E1938: shutdown
2021-11-09 00:57:42,259 [ForkJoinPool.commonPool-worker-0] INFO  util.JmxRegister (JmxRegister.java:unregister(73)) - Successfully un-registered JMX Bean with object name Ratis:service=RaftServer,group=group-85E4BE6E1938,id=d5ae86a0-e3e8-461b-b600-8c2d036507b1
2021-11-09 00:57:42,259 [ForkJoinPool.commonPool-worker-0] INFO  impl.RoleInfo (RoleInfo.java:shutdownLeaderElection(121)) - d5ae86a0-e3e8-461b-b600-8c2d036507b1: shutdown d5ae86a0-e3e8-461b-b600-8c2d036507b1@group-85E4BE6E1938-LeaderElection94
2021-11-09 00:57:42,259 [ForkJoinPool.commonPool-worker-0] INFO  impl.StateMachineUpdater (StateMachineUpdater.java:stopAndJoin(149)) - d5ae86a0-e3e8-461b-b600-8c2d036507b1@group-85E4BE6E1938-StateMachineUpdater: set stopIndex = -1
2021-11-09 00:57:42,259 [ForkJoinPool.commonPool-worker-0] INFO  server.RaftServer$Division (ServerState.java:close(419)) - d5ae86a0-e3e8-461b-b600-8c2d036507b1@group-85E4BE6E1938: closes. applyIndex: -1
2021-11-09 00:57:42,259 [d5ae86a0-e3e8-461b-b600-8c2d036507b1@group-85E4BE6E1938-SegmentedRaftLogWorker] INFO  segmented.SegmentedRaftLogWorker (SegmentedRaftLogWorker.java:run(327)) - d5ae86a0-e3e8-461b-b600-8c2d036507b1@group-85E4BE6E1938-SegmentedRaftLogWorker was interrupted, exiting. There are 0 tasks remaining in the queue.
2021-11-09 00:57:42,259 [ForkJoinPool.commonPool-worker-0] INFO  segmented.SegmentedRaftLogWorker (SegmentedRaftLogWorker.java:close(237)) - d5ae86a0-e3e8-461b-b600-8c2d036507b1@group-85E4BE6E1938-SegmentedRaftLogWorker close()
2021-11-09 00:57:42,272 [ForkJoinPool.commonPool-worker-0] INFO  server.RaftServer$Division (RaftServerImpl.java:lambda$close$4(412)) - d5ae86a0-e3e8-461b-b600-8c2d036507b1@group-4DE1D93F2384: shutdown
2021-11-09 00:57:42,272 [ForkJoinPool.commonPool-worker-0] INFO  util.JmxRegister (JmxRegister.java:unregister(73)) - Successfully un-registered JMX Bean with object name Ratis:service=RaftServer,group=group-4DE1D93F2384,id=d5ae86a0-e3e8-461b-b600-8c2d036507b1
2021-11-09 00:57:42,272 [ForkJoinPool.commonPool-worker-0] INFO  impl.RoleInfo (RoleInfo.java:shutdownFollowerState(108)) - d5ae86a0-e3e8-461b-b600-8c2d036507b1: shutdown d5ae86a0-e3e8-461b-b600-8c2d036507b1@group-4DE1D93F2384-FollowerState
2021-11-09 00:57:42,272 [ForkJoinPool.commonPool-worker-0] INFO  impl.StateMachineUpdater (StateMachineUpdater.java:stopAndJoin(149)) - d5ae86a0-e3e8-461b-b600-8c2d036507b1@group-4DE1D93F2384-StateMachineUpdater: set stopIndex = -1
2021-11-09 00:57:42,273 [ForkJoinPool.commonPool-worker-0] INFO  server.RaftServer$Division (ServerState.java:close(419)) - d5ae86a0-e3e8-461b-b600-8c2d036507b1@group-4DE1D93F2384: closes. applyIndex: -1
2021-11-09 00:57:42,273 [d5ae86a0-e3e8-461b-b600-8c2d036507b1@group-4DE1D93F2384-SegmentedRaftLogWorker] INFO  segmented.SegmentedRaftLogWorker (SegmentedRaftLogWorker.java:run(327)) - d5ae86a0-e3e8-461b-b600-8c2d036507b1@group-4DE1D93F2384-SegmentedRaftLogWorker was interrupted, exiting. There are 0 tasks remaining in the queue.
2021-11-09 00:57:42,273 [ForkJoinPool.commonPool-worker-0] INFO  segmented.SegmentedRaftLogWorker (SegmentedRaftLogWorker.java:close(237)) - d5ae86a0-e3e8-461b-b600-8c2d036507b1@group-4DE1D93F2384-SegmentedRaftLogWorker close()
2021-11-09 00:57:42,285 [ForkJoinPool.commonPool-worker-0] INFO  server.RaftServer$Division (RaftServerImpl.java:lambda$close$4(412)) - d5ae86a0-e3e8-461b-b600-8c2d036507b1@group-E209CD9E23E2: shutdown
2021-11-09 00:57:42,285 [ForkJoinPool.commonPool-worker-0] INFO  util.JmxRegister (JmxRegister.java:unregister(73)) - Successfully un-registered JMX Bean with object name Ratis:service=RaftServer,group=group-E209CD9E23E2,id=d5ae86a0-e3e8-461b-b600-8c2d036507b1
2021-11-09 00:57:42,285 [ForkJoinPool.commonPool-worker-0] INFO  impl.RoleInfo (RoleInfo.java:shutdownLeaderState(91)) - d5ae86a0-e3e8-461b-b600-8c2d036507b1: shutdown d5ae86a0-e3e8-461b-b600-8c2d036507b1@group-E209CD9E23E2-LeaderStateImpl
2021-11-09 00:57:42,285 [ForkJoinPool.commonPool-worker-0] INFO  impl.PendingRequests (PendingRequests.java:sendNotLeaderResponses(282)) - d5ae86a0-e3e8-461b-b600-8c2d036507b1@group-E209CD9E23E2-PendingRequests: sendNotLeaderResponses
2021-11-09 00:57:42,285 [ForkJoinPool.commonPool-worker-0] INFO  impl.StateMachineUpdater (StateMachineUpdater.java:stopAndJoin(149)) - d5ae86a0-e3e8-461b-b600-8c2d036507b1@group-E209CD9E23E2-StateMachineUpdater: set stopIndex = 0
2021-11-09 00:57:42,286 [d5ae86a0-e3e8-461b-b600-8c2d036507b1@group-E209CD9E23E2-StateMachineUpdater] INFO  ratis.ContainerStateMachine (ContainerStateMachine.java:takeSnapshot(292)) - group-E209CD9E23E2: Taking a snapshot at:(t:1, i:0) file /home/runner/work/ozone/ozone/hadoop-ozone/integration-test/target/test-dir/MiniOzoneClusterImpl-cebd3685-2b3d-4639-9f0f-41911e64574b/datanode-1/data/ratis/478d744c-76c7-4d18-9a74-e209cd9e23e2/sm/snapshot.1_0
2021-11-09 00:57:42,286 [d5ae86a0-e3e8-461b-b600-8c2d036507b1@group-E209CD9E23E2-StateMachineUpdater] INFO  ratis.ContainerStateMachine (ContainerStateMachine.java:takeSnapshot(303)) - group-E209CD9E23E2: Finished taking a snapshot at:(t:1, i:0) file:/home/runner/work/ozone/ozone/hadoop-ozone/integration-test/target/test-dir/MiniOzoneClusterImpl-cebd3685-2b3d-4639-9f0f-41911e64574b/datanode-1/data/ratis/478d744c-76c7-4d18-9a74-e209cd9e23e2/sm/snapshot.1_0 took: 0 ms
2021-11-09 00:57:42,287 [d5ae86a0-e3e8-461b-b600-8c2d036507b1@group-E209CD9E23E2-StateMachineUpdater] INFO  impl.StateMachineUpdater (StateMachineUpdater.java:takeSnapshot(281)) - d5ae86a0-e3e8-461b-b600-8c2d036507b1@group-E209CD9E23E2-StateMachineUpdater: Took a snapshot at index 0
2021-11-09 00:57:42,287 [d5ae86a0-e3e8-461b-b600-8c2d036507b1@group-E209CD9E23E2-StateMachineUpdater] INFO  impl.StateMachineUpdater (StateMachineUpdater.java:lambda$new$0(89)) - d5ae86a0-e3e8-461b-b600-8c2d036507b1@group-E209CD9E23E2-StateMachineUpdater: snapshotIndex: updateIncreasingly -1 -> 0
2021-11-09 00:57:42,287 [ForkJoinPool.commonPool-worker-0] INFO  server.RaftServer$Division (ServerState.java:close(419)) - d5ae86a0-e3e8-461b-b600-8c2d036507b1@group-E209CD9E23E2: closes. applyIndex: 0
2021-11-09 00:57:42,287 [d5ae86a0-e3e8-461b-b600-8c2d036507b1@group-E209CD9E23E2-SegmentedRaftLogWorker] INFO  segmented.SegmentedRaftLogWorker (SegmentedRaftLogWorker.java:run(327)) - d5ae86a0-e3e8-461b-b600-8c2d036507b1@group-E209CD9E23E2-SegmentedRaftLogWorker was interrupted, exiting. There are 0 tasks remaining in the queue.
2021-11-09 00:57:42,287 [ForkJoinPool.commonPool-worker-0] INFO  segmented.SegmentedRaftLogWorker (SegmentedRaftLogWorker.java:close(237)) - d5ae86a0-e3e8-461b-b600-8c2d036507b1@group-E209CD9E23E2-SegmentedRaftLogWorker close()
2021-11-09 00:57:42,288 [ForkJoinPool.commonPool-worker-0] INFO  server.GrpcService (GrpcService.java:closeImpl(262)) - d5ae86a0-e3e8-461b-b600-8c2d036507b1: shutdown server with port 45525 now
2021-11-09 00:57:42,288 [grpc-default-executor-4] INFO  server.RaftServer$Division (RaftServerImpl.java:requestVote(1078)) - 4430b70e-e2dc-4778-891b-decd59bd04d3@group-85E4BE6E1938 replies to ELECTION vote request: d5ae86a0-e3e8-461b-b600-8c2d036507b1<-4430b70e-e2dc-4778-891b-decd59bd04d3#0:OK-t1. Peer's state: 4430b70e-e2dc-4778-891b-decd59bd04d3@group-85E4BE6E1938:t1, leader=null, voted=d5ae86a0-e3e8-461b-b600-8c2d036507b1, raftlog=4430b70e-e2dc-4778-891b-decd59bd04d3@group-85E4BE6E1938-SegmentedRaftLog:OPENED:c-1, conf=-1: [4430b70e-e2dc-4778-891b-decd59bd04d3|rpc:10.1.0.58:37555|priority:0, d5ae86a0-e3e8-461b-b600-8c2d036507b1|rpc:10.1.0.58:45525|priority:1, 43136673-c093-486b-8a61-55aa3fed1341|rpc:10.1.0.58:34809|priority:0], old=null
2021-11-09 00:57:42,289 [grpc-default-executor-0] INFO  impl.RoleInfo (RoleInfo.java:updateAndGet(130)) - 43136673-c093-486b-8a61-55aa3fed1341: start 43136673-c093-486b-8a61-55aa3fed1341@group-85E4BE6E1938-FollowerState
2021-11-09 00:57:42,289 [43136673-c093-486b-8a61-55aa3fed1341@group-85E4BE6E1938-FollowerState] INFO  impl.FollowerState (FollowerState.java:run(143)) - 43136673-c093-486b-8a61-55aa3fed1341@group-85E4BE6E1938-FollowerState was interrupted: {}
java.lang.InterruptedException: sleep interrupted
	at java.lang.Thread.sleep(Native Method)
	at java.lang.Thread.sleep(Thread.java:340)
	at java.util.concurrent.TimeUnit.sleep(TimeUnit.java:386)
	at org.apache.ratis.util.TimeDuration.sleep(TimeDuration.java:324)
	at org.apache.ratis.util.TimeDuration.sleep(TimeDuration.java:309)
	at org.apache.ratis.server.impl.FollowerState.run(FollowerState.java:118)
2021-11-09 00:57:42,309 [d5ae86a0-e3e8-461b-b600-8c2d036507b1@group-4DE1D93F2384-FollowerState] INFO  impl.FollowerState (FollowerState.java:run(143)) - d5ae86a0-e3e8-461b-b600-8c2d036507b1@group-4DE1D93F2384-FollowerState was interrupted: {}
java.lang.InterruptedException: sleep interrupted
	at java.lang.Thread.sleep(Native Method)
	at java.lang.Thread.sleep(Thread.java:340)
	at java.util.concurrent.TimeUnit.sleep(TimeUnit.java:386)
	at org.apache.ratis.util.TimeDuration.sleep(TimeDuration.java:324)
	at org.apache.ratis.util.TimeDuration.sleep(TimeDuration.java:309)
	at org.apache.ratis.server.impl.FollowerState.run(FollowerState.java:118)
2021-11-09 00:57:42,309 [Listener at 127.0.0.1/34135] INFO  server.GrpcService (GrpcService.java:closeImpl(271)) - bcfee08b-42a0-42f4-970e-f61215d4b324: shutdown server with port 34235 successfully
2021-11-09 00:57:42,311 [org.apache.ratis.util.JvmPauseMonitor$$Lambda$531/1691661275@38e77e61] INFO  util.JvmPauseMonitor (JvmPauseMonitor.java:run(109)) - JvmPauseMonitor-bcfee08b-42a0-42f4-970e-f61215d4b324: Stopped
2021-11-09 00:57:42,323 [grpc-default-executor-0] INFO  server.RaftServer$Division (RaftServerImpl.java:requestVote(1078)) - 43136673-c093-486b-8a61-55aa3fed1341@group-85E4BE6E1938 replies to ELECTION vote request: d5ae86a0-e3e8-461b-b600-8c2d036507b1<-43136673-c093-486b-8a61-55aa3fed1341#0:OK-t1. Peer's state: 43136673-c093-486b-8a61-55aa3fed1341@group-85E4BE6E1938:t1, leader=null, voted=d5ae86a0-e3e8-461b-b600-8c2d036507b1, raftlog=43136673-c093-486b-8a61-55aa3fed1341@group-85E4BE6E1938-SegmentedRaftLog:OPENED:c-1, conf=-1: [4430b70e-e2dc-4778-891b-decd59bd04d3|rpc:10.1.0.58:37555|priority:0, d5ae86a0-e3e8-461b-b600-8c2d036507b1|rpc:10.1.0.58:45525|priority:1, 43136673-c093-486b-8a61-55aa3fed1341|rpc:10.1.0.58:34809|priority:0], old=null
2021-11-09 00:57:42,325 [ForkJoinPool.commonPool-worker-0] INFO  server.GrpcService (GrpcService.java:closeImpl(271)) - d5ae86a0-e3e8-461b-b600-8c2d036507b1: shutdown server with port 45525 successfully
2021-11-09 00:57:42,325 [d5ae86a0-e3e8-461b-b600-8c2d036507b1@group-85E4BE6E1938-LeaderElection94] INFO  impl.LeaderElection (LeaderElection.java:logAndReturn(89)) - d5ae86a0-e3e8-461b-b600-8c2d036507b1@group-85E4BE6E1938-LeaderElection94: ELECTION PASSED received 1 response(s) and 0 exception(s):
2021-11-09 00:57:42,325 [d5ae86a0-e3e8-461b-b600-8c2d036507b1@group-85E4BE6E1938-LeaderElection94] INFO  impl.LeaderElection (LeaderElection.java:logAndReturn(93)) -   Response 0: d5ae86a0-e3e8-461b-b600-8c2d036507b1<-43136673-c093-486b-8a61-55aa3fed1341#0:OK-t1
2021-11-09 00:57:42,326 [d5ae86a0-e3e8-461b-b600-8c2d036507b1@group-85E4BE6E1938-LeaderElection94] INFO  impl.LeaderElection (LeaderElection.java:askForVotes(308)) - d5ae86a0-e3e8-461b-b600-8c2d036507b1@group-85E4BE6E1938-LeaderElection94 ELECTION round 0: result PASSED
2021-11-09 00:57:42,340 [org.apache.ratis.util.JvmPauseMonitor$$Lambda$531/1691661275@2f8c382] INFO  util.JvmPauseMonitor (JvmPauseMonitor.java:run(109)) - JvmPauseMonitor-d5ae86a0-e3e8-461b-b600-8c2d036507b1: Stopped
2021-11-09 00:57:42,410 [Listener at 127.0.0.1/34135] INFO  utils.BackgroundService (BackgroundService.java:shutdown(132)) - Shutting down service BlockDeletingService
2021-11-09 00:57:42,445 [ForkJoinPool.commonPool-worker-0] INFO  utils.BackgroundService (BackgroundService.java:shutdown(132)) - Shutting down service BlockDeletingService
2021-11-09 00:57:42,741 [grpc-default-executor-0] WARN  server.GrpcLogAppender (LogUtils.java:warn(122)) - c17442c2-57b8-4ea9-a6b0-3a357e556ad2@group-E6C37EB65C07->bcfee08b-42a0-42f4-970e-f61215d4b324-AppendLogResponseHandler: Failed appendEntries: org.apache.ratis.thirdparty.io.grpc.StatusRuntimeException: UNAVAILABLE: io exception
2021-11-09 00:57:42,742 [grpc-default-executor-0] WARN  server.GrpcLogAppender (GrpcLogAppender.java:resetClient(110)) - c17442c2-57b8-4ea9-a6b0-3a357e556ad2@group-E6C37EB65C07->bcfee08b-42a0-42f4-970e-f61215d4b324-GrpcLogAppender: Leader has not got in touch with Follower c17442c2-57b8-4ea9-a6b0-3a357e556ad2@group-E6C37EB65C07->bcfee08b-42a0-42f4-970e-f61215d4b324(c0,m0,n1, attendVote=true, lastRpcSendTime=2533, lastRpcResponseTime=2511) yet, just keep nextIndex unchanged and retry.
2021-11-09 00:57:44,494 [grpc-default-executor-0] WARN  server.GrpcLogAppender (LogUtils.java:warn(122)) - 5b8b357e-6f93-4947-883b-a4d8a2742106@group-97D8B41C262F->bcfee08b-42a0-42f4-970e-f61215d4b324-AppendLogResponseHandler: Failed appendEntries: org.apache.ratis.thirdparty.io.grpc.StatusRuntimeException: UNAVAILABLE: io exception
2021-11-09 00:57:44,497 [grpc-default-executor-0] WARN  server.GrpcLogAppender (GrpcLogAppender.java:resetClient(110)) - 5b8b357e-6f93-4947-883b-a4d8a2742106@group-97D8B41C262F->bcfee08b-42a0-42f4-970e-f61215d4b324-GrpcLogAppender: Leader has not got in touch with Follower 5b8b357e-6f93-4947-883b-a4d8a2742106@group-97D8B41C262F->bcfee08b-42a0-42f4-970e-f61215d4b324(c0,m0,n1, attendVote=true, lastRpcSendTime=2526, lastRpcResponseTime=2505) yet, just keep nextIndex unchanged and retry.
2021-11-09 00:57:45,263 [grpc-default-executor-0] WARN  server.GrpcLogAppender (LogUtils.java:warn(122)) - c17442c2-57b8-4ea9-a6b0-3a357e556ad2@group-E6C37EB65C07->bcfee08b-42a0-42f4-970e-f61215d4b324-AppendLogResponseHandler: Failed appendEntries: org.apache.ratis.thirdparty.io.grpc.StatusRuntimeException: UNAVAILABLE: io exception
2021-11-09 00:57:45,264 [grpc-default-executor-0] WARN  server.GrpcLogAppender (GrpcLogAppender.java:resetClient(110)) - c17442c2-57b8-4ea9-a6b0-3a357e556ad2@group-E6C37EB65C07->bcfee08b-42a0-42f4-970e-f61215d4b324-GrpcLogAppender: Leader has not got in touch with Follower c17442c2-57b8-4ea9-a6b0-3a357e556ad2@group-E6C37EB65C07->bcfee08b-42a0-42f4-970e-f61215d4b324(c0,m0,n1, attendVote=true, lastRpcSendTime=0, lastRpcResponseTime=5033) yet, just keep nextIndex unchanged and retry.
2021-11-09 00:57:45,446 [Listener at 127.0.0.1/34135] INFO  statemachine.DatanodeStateMachine (DatanodeStateMachine.java:stopDaemon(526)) - Ozone container server stopped.
2021-11-09 00:57:45,447 [Listener at 127.0.0.1/34135] INFO  handler.ContextHandler (ContextHandler.java:doStop(1153)) - Stopped o.e.j.w.WebAppContext@55d73b88{hddsDatanode,/,null,STOPPED}{jar:file:/home/runner/.m2/repository/org/apache/ozone/hdds-container-service/1.2.0-SNAPSHOT/hdds-container-service-1.2.0-SNAPSHOT.jar!/webapps/hddsDatanode}
2021-11-09 00:57:45,450 [Listener at 127.0.0.1/34135] INFO  server.AbstractConnector (AbstractConnector.java:doStop(381)) - Stopped ServerConnector@3a772825{HTTP/1.1, (http/1.1)}{0.0.0.0:0}
2021-11-09 00:57:45,450 [Listener at 127.0.0.1/34135] INFO  server.session (HouseKeeper.java:stopScavenging(149)) - node0 Stopped scavenging
2021-11-09 00:57:45,450 [Listener at 127.0.0.1/34135] INFO  handler.ContextHandler (ContextHandler.java:doStop(1153)) - Stopped o.e.j.s.ServletContextHandler@3b4579e1{static,/static,jar:file:/home/runner/.m2/repository/org/apache/ozone/hdds-container-service/1.2.0-SNAPSHOT/hdds-container-service-1.2.0-SNAPSHOT.jar!/webapps/static,STOPPED}
2021-11-09 00:57:45,450 [Listener at 127.0.0.1/34135] INFO  handler.ContextHandler (ContextHandler.java:doStop(1153)) - Stopped o.e.j.s.ServletContextHandler@14174615{logs,/logs,file:///home/runner/work/ozone/ozone/hadoop-ozone/integration-test/target/log,STOPPED}
2021-11-09 00:57:45,510 [ForkJoinPool.commonPool-worker-0] INFO  statemachine.DatanodeStateMachine (DatanodeStateMachine.java:stopDaemon(526)) - Ozone container server stopped.
2021-11-09 00:57:45,571 [ForkJoinPool.commonPool-worker-0] INFO  handler.ContextHandler (ContextHandler.java:doStop(1153)) - Stopped o.e.j.w.WebAppContext@4972c6f{hddsDatanode,/,null,STOPPED}{jar:file:/home/runner/.m2/repository/org/apache/ozone/hdds-container-service/1.2.0-SNAPSHOT/hdds-container-service-1.2.0-SNAPSHOT.jar!/webapps/hddsDatanode}
2021-11-09 00:57:45,583 [ForkJoinPool.commonPool-worker-0] INFO  server.AbstractConnector (AbstractConnector.java:doStop(381)) - Stopped ServerConnector@2ee72c7c{HTTP/1.1, (http/1.1)}{0.0.0.0:0}
2021-11-09 00:57:45,584 [ForkJoinPool.commonPool-worker-0] INFO  server.session (HouseKeeper.java:stopScavenging(149)) - node0 Stopped scavenging
2021-11-09 00:57:45,588 [ForkJoinPool.commonPool-worker-0] INFO  handler.ContextHandler (ContextHandler.java:doStop(1153)) - Stopped o.e.j.s.ServletContextHandler@7d3447fb{static,/static,jar:file:/home/runner/.m2/repository/org/apache/ozone/hdds-container-service/1.2.0-SNAPSHOT/hdds-container-service-1.2.0-SNAPSHOT.jar!/webapps/static,STOPPED}
2021-11-09 00:57:45,589 [ForkJoinPool.commonPool-worker-0] INFO  handler.ContextHandler (ContextHandler.java:doStop(1153)) - Stopped o.e.j.s.ServletContextHandler@22597910{logs,/logs,file:///home/runner/work/ozone/ozone/hadoop-ozone/integration-test/target/log,STOPPED}
2021-11-09 00:57:46,415 [EventQueue-StaleNodeForStaleNodeHandler] INFO  node.StaleNodeHandler (StaleNodeHandler.java:onMessage(58)) - Datanode bcfee08b-42a0-42f4-970e-f61215d4b324{ip: 10.1.0.58, host: fv-az294-841.eaanfquahm5ulb5tj050gcxych.jx.internal.cloudapp.net, ports: [REPLICATION=34927, RATIS=34235, RATIS_ADMIN=34235, RATIS_SERVER=34235, STANDALONE=38335], networkLocation: /default-rack, certSerialId: null, persistedOpState: IN_SERVICE, persistedOpStateExpiryEpochSec: 0} moved to stale state. Finalizing its pipelines [PipelineID=ea6969dd-5a78-408d-a075-042a55ef5780, PipelineID=1bb12178-3f10-4ea1-9e56-97d8b41c262f, PipelineID=33dc0aea-e458-4224-86b0-e6c37eb65c07]
2021-11-09 00:57:46,415 [EventQueue-StaleNodeForStaleNodeHandler] INFO  pipeline.PipelineManagerImpl (PipelineManagerImpl.java:closePipeline(349)) - Pipeline Pipeline[ Id: ea6969dd-5a78-408d-a075-042a55ef5780, Nodes: bcfee08b-42a0-42f4-970e-f61215d4b324{ip: 10.1.0.58, host: fv-az294-841.eaanfquahm5ulb5tj050gcxych.jx.internal.cloudapp.net, ports: [REPLICATION=34927, RATIS=34235, RATIS_ADMIN=34235, RATIS_SERVER=34235, STANDALONE=38335], networkLocation: /default-rack, certSerialId: null, persistedOpState: IN_SERVICE, persistedOpStateExpiryEpochSec: 0}, ReplicationConfig: RATIS/ONE, State:OPEN, leaderId:bcfee08b-42a0-42f4-970e-f61215d4b324, CreationTimestamp2021-11-09T00:56:33.493Z[Etc/UTC]] moved to CLOSED state
2021-11-09 00:57:46,416 [EventQueue-StaleNodeForStaleNodeHandler] INFO  pipeline.PipelineManagerImpl (PipelineManagerImpl.java:closePipeline(349)) - Pipeline Pipeline[ Id: 1bb12178-3f10-4ea1-9e56-97d8b41c262f, Nodes: bcfee08b-42a0-42f4-970e-f61215d4b324{ip: 10.1.0.58, host: fv-az294-841.eaanfquahm5ulb5tj050gcxych.jx.internal.cloudapp.net, ports: [REPLICATION=34927, RATIS=34235, RATIS_ADMIN=34235, RATIS_SERVER=34235, STANDALONE=38335], networkLocation: /default-rack, certSerialId: null, persistedOpState: IN_SERVICE, persistedOpStateExpiryEpochSec: 0}5b8b357e-6f93-4947-883b-a4d8a2742106{ip: 10.1.0.58, host: fv-az294-841.eaanfquahm5ulb5tj050gcxych.jx.internal.cloudapp.net, ports: [REPLICATION=38571, RATIS=46289, RATIS_ADMIN=46289, RATIS_SERVER=46289, STANDALONE=44983], networkLocation: /default-rack, certSerialId: null, persistedOpState: IN_SERVICE, persistedOpStateExpiryEpochSec: 0}c17442c2-57b8-4ea9-a6b0-3a357e556ad2{ip: 10.1.0.58, host: fv-az294-841.eaanfquahm5ulb5tj050gcxych.jx.internal.cloudapp.net, ports: [REPLICATION=46747, RATIS=33767, RATIS_ADMIN=33767, RATIS_SERVER=33767, STANDALONE=35241], networkLocation: /default-rack, certSerialId: null, persistedOpState: IN_SERVICE, persistedOpStateExpiryEpochSec: 0}, ReplicationConfig: RATIS/THREE, State:OPEN, leaderId:5b8b357e-6f93-4947-883b-a4d8a2742106, CreationTimestamp2021-11-09T00:56:34.063Z[Etc/UTC]] moved to CLOSED state
2021-11-09 00:57:46,416 [EventQueue-StaleNodeForStaleNodeHandler] INFO  pipeline.PipelineManagerImpl (PipelineManagerImpl.java:closePipeline(349)) - Pipeline Pipeline[ Id: 33dc0aea-e458-4224-86b0-e6c37eb65c07, Nodes: c17442c2-57b8-4ea9-a6b0-3a357e556ad2{ip: 10.1.0.58, host: fv-az294-841.eaanfquahm5ulb5tj050gcxych.jx.internal.cloudapp.net, ports: [REPLICATION=46747, RATIS=33767, RATIS_ADMIN=33767, RATIS_SERVER=33767, STANDALONE=35241], networkLocation: /default-rack, certSerialId: null, persistedOpState: IN_SERVICE, persistedOpStateExpiryEpochSec: 0}bcfee08b-42a0-42f4-970e-f61215d4b324{ip: 10.1.0.58, host: fv-az294-841.eaanfquahm5ulb5tj050gcxych.jx.internal.cloudapp.net, ports: [REPLICATION=34927, RATIS=34235, RATIS_ADMIN=34235, RATIS_SERVER=34235, STANDALONE=38335], networkLocation: /default-rack, certSerialId: null, persistedOpState: IN_SERVICE, persistedOpStateExpiryEpochSec: 0}5b8b357e-6f93-4947-883b-a4d8a2742106{ip: 10.1.0.58, host: fv-az294-841.eaanfquahm5ulb5tj050gcxych.jx.internal.cloudapp.net, ports: [REPLICATION=38571, RATIS=46289, RATIS_ADMIN=46289, RATIS_SERVER=46289, STANDALONE=44983], networkLocation: /default-rack, certSerialId: null, persistedOpState: IN_SERVICE, persistedOpStateExpiryEpochSec: 0}, ReplicationConfig: RATIS/THREE, State:OPEN, leaderId:c17442c2-57b8-4ea9-a6b0-3a357e556ad2, CreationTimestamp2021-11-09T00:56:34.064Z[Etc/UTC]] moved to CLOSED state
2021-11-09 00:57:46,419 [EventQueue-CloseContainerForCloseContainerEventHandler] INFO  container.CloseContainerEventHandler (CloseContainerEventHandler.java:onMessage(69)) - Close container Event triggered for container : #2
2021-11-09 00:57:46,756 [43136673-c093-486b-8a61-55aa3fed1341@group-4DE1D93F2384-FollowerState] INFO  impl.FollowerState (FollowerState.java:run(134)) - 43136673-c093-486b-8a61-55aa3fed1341@group-4DE1D93F2384-FollowerState: change to CANDIDATE, lastRpcElapsedTime:5034209084ns, electionTimeout:5011ms
2021-11-09 00:57:46,757 [43136673-c093-486b-8a61-55aa3fed1341@group-4DE1D93F2384-FollowerState] INFO  impl.RoleInfo (RoleInfo.java:shutdownFollowerState(108)) - 43136673-c093-486b-8a61-55aa3fed1341: shutdown 43136673-c093-486b-8a61-55aa3fed1341@group-4DE1D93F2384-FollowerState
2021-11-09 00:57:46,757 [43136673-c093-486b-8a61-55aa3fed1341@group-4DE1D93F2384-FollowerState] INFO  server.RaftServer$Division (RaftServerImpl.java:setRole(290)) - 43136673-c093-486b-8a61-55aa3fed1341@group-4DE1D93F2384: changes role from  FOLLOWER to CANDIDATE at term 1 for changeToCandidate
2021-11-09 00:57:46,757 [43136673-c093-486b-8a61-55aa3fed1341@group-4DE1D93F2384-FollowerState] INFO  server.RaftServerConfigKeys (ConfUtils.java:logGet(44)) - raft.server.leaderelection.pre-vote = false (custom)
2021-11-09 00:57:46,757 [43136673-c093-486b-8a61-55aa3fed1341@group-4DE1D93F2384-FollowerState] INFO  impl.RoleInfo (RoleInfo.java:updateAndGet(130)) - 43136673-c093-486b-8a61-55aa3fed1341: start 43136673-c093-486b-8a61-55aa3fed1341@group-4DE1D93F2384-LeaderElection95
2021-11-09 00:57:46,762 [43136673-c093-486b-8a61-55aa3fed1341@group-4DE1D93F2384-LeaderElection95] INFO  impl.LeaderElection (LeaderElection.java:askForVotes(306)) - 43136673-c093-486b-8a61-55aa3fed1341@group-4DE1D93F2384-LeaderElection95 ELECTION round 0: submit vote requests at term 2 for -1: [4430b70e-e2dc-4778-891b-decd59bd04d3|rpc:10.1.0.58:37555|priority:1, d5ae86a0-e3e8-461b-b600-8c2d036507b1|rpc:10.1.0.58:45525|priority:0, 43136673-c093-486b-8a61-55aa3fed1341|rpc:10.1.0.58:34809|priority:0], old=null
2021-11-09 00:57:46,824 [grpc-default-executor-0] INFO  server.RaftServer$Division (RaftServerImpl.java:requestVote(1046)) - 4430b70e-e2dc-4778-891b-decd59bd04d3@group-4DE1D93F2384: receive requestVote(ELECTION, 43136673-c093-486b-8a61-55aa3fed1341, group-4DE1D93F2384, 2, (t:0, i:0))
2021-11-09 00:57:46,836 [grpc-default-executor-0] INFO  impl.VoteContext (VoteContext.java:log(48)) - 4430b70e-e2dc-4778-891b-decd59bd04d3@group-4DE1D93F2384-FOLLOWER: reject ELECTION from 43136673-c093-486b-8a61-55aa3fed1341: our priority 1 > candidate's priority 0
2021-11-09 00:57:46,836 [grpc-default-executor-0] INFO  server.RaftServer$Division (RaftServerImpl.java:setRole(290)) - 4430b70e-e2dc-4778-891b-decd59bd04d3@group-4DE1D93F2384: changes role from  FOLLOWER to FOLLOWER at term 2 for candidate:43136673-c093-486b-8a61-55aa3fed1341
2021-11-09 00:57:46,836 [grpc-default-executor-0] INFO  impl.RoleInfo (RoleInfo.java:shutdownFollowerState(108)) - 4430b70e-e2dc-4778-891b-decd59bd04d3: shutdown 4430b70e-e2dc-4778-891b-decd59bd04d3@group-4DE1D93F2384-FollowerState
2021-11-09 00:57:46,837 [grpc-default-executor-0] INFO  impl.RoleInfo (RoleInfo.java:updateAndGet(130)) - 4430b70e-e2dc-4778-891b-decd59bd04d3: start 4430b70e-e2dc-4778-891b-decd59bd04d3@group-4DE1D93F2384-FollowerState
2021-11-09 00:57:46,837 [4430b70e-e2dc-4778-891b-decd59bd04d3@group-4DE1D93F2384-FollowerState] INFO  impl.FollowerState (FollowerState.java:run(143)) - 4430b70e-e2dc-4778-891b-decd59bd04d3@group-4DE1D93F2384-FollowerState was interrupted: {}
java.lang.InterruptedException: sleep interrupted
	at java.lang.Thread.sleep(Native Method)
	at java.lang.Thread.sleep(Thread.java:340)
	at java.util.concurrent.TimeUnit.sleep(TimeUnit.java:386)
	at org.apache.ratis.util.TimeDuration.sleep(TimeDuration.java:324)
	at org.apache.ratis.util.TimeDuration.sleep(TimeDuration.java:309)
	at org.apache.ratis.server.impl.FollowerState.run(FollowerState.java:118)
2021-11-09 00:57:46,843 [grpc-default-executor-0] INFO  server.RaftServer$Division (RaftServerImpl.java:requestVote(1078)) - 4430b70e-e2dc-4778-891b-decd59bd04d3@group-4DE1D93F2384 replies to ELECTION vote request: 43136673-c093-486b-8a61-55aa3fed1341<-4430b70e-e2dc-4778-891b-decd59bd04d3#0:FAIL-t2. Peer's state: 4430b70e-e2dc-4778-891b-decd59bd04d3@group-4DE1D93F2384:t2, leader=null, voted=null, raftlog=4430b70e-e2dc-4778-891b-decd59bd04d3@group-4DE1D93F2384-SegmentedRaftLog:OPENED:c-1, conf=-1: [4430b70e-e2dc-4778-891b-decd59bd04d3|rpc:10.1.0.58:37555|dataStream:|priority:1, d5ae86a0-e3e8-461b-b600-8c2d036507b1|rpc:10.1.0.58:45525|dataStream:|priority:0, 43136673-c093-486b-8a61-55aa3fed1341|rpc:10.1.0.58:34809|dataStream:|priority:0], old=null
2021-11-09 00:57:46,848 [43136673-c093-486b-8a61-55aa3fed1341@group-4DE1D93F2384-LeaderElection95] INFO  impl.LeaderElection (LeaderElection.java:logAndReturn(89)) - 43136673-c093-486b-8a61-55aa3fed1341@group-4DE1D93F2384-LeaderElection95: ELECTION REJECTED received 1 response(s) and 0 exception(s):
2021-11-09 00:57:46,848 [43136673-c093-486b-8a61-55aa3fed1341@group-4DE1D93F2384-LeaderElection95] INFO  impl.LeaderElection (LeaderElection.java:logAndReturn(93)) -   Response 0: 43136673-c093-486b-8a61-55aa3fed1341<-4430b70e-e2dc-4778-891b-decd59bd04d3#0:FAIL-t2
2021-11-09 00:57:46,848 [43136673-c093-486b-8a61-55aa3fed1341@group-4DE1D93F2384-LeaderElection95] INFO  impl.LeaderElection (LeaderElection.java:askForVotes(308)) - 43136673-c093-486b-8a61-55aa3fed1341@group-4DE1D93F2384-LeaderElection95 ELECTION round 0: result REJECTED
2021-11-09 00:57:46,848 [43136673-c093-486b-8a61-55aa3fed1341@group-4DE1D93F2384-LeaderElection95] INFO  server.RaftServer$Division (RaftServerImpl.java:setRole(290)) - 43136673-c093-486b-8a61-55aa3fed1341@group-4DE1D93F2384: changes role from CANDIDATE to FOLLOWER at term 2 for REJECTED
2021-11-09 00:57:46,848 [43136673-c093-486b-8a61-55aa3fed1341@group-4DE1D93F2384-LeaderElection95] INFO  impl.RoleInfo (RoleInfo.java:shutdownLeaderElection(121)) - 43136673-c093-486b-8a61-55aa3fed1341: shutdown 43136673-c093-486b-8a61-55aa3fed1341@group-4DE1D93F2384-LeaderElection95
2021-11-09 00:57:46,848 [43136673-c093-486b-8a61-55aa3fed1341@group-4DE1D93F2384-LeaderElection95] INFO  impl.RoleInfo (RoleInfo.java:updateAndGet(130)) - 43136673-c093-486b-8a61-55aa3fed1341: start 43136673-c093-486b-8a61-55aa3fed1341@group-4DE1D93F2384-FollowerState
2021-11-09 00:57:47,044 [grpc-default-executor-0] WARN  server.GrpcLogAppender (LogUtils.java:warn(122)) - 5b8b357e-6f93-4947-883b-a4d8a2742106@group-97D8B41C262F->bcfee08b-42a0-42f4-970e-f61215d4b324-AppendLogResponseHandler: Failed appendEntries: org.apache.ratis.thirdparty.io.grpc.StatusRuntimeException: UNAVAILABLE: io exception
2021-11-09 00:57:47,044 [grpc-default-executor-0] WARN  server.GrpcLogAppender (GrpcLogAppender.java:resetClient(110)) - 5b8b357e-6f93-4947-883b-a4d8a2742106@group-97D8B41C262F->bcfee08b-42a0-42f4-970e-f61215d4b324-GrpcLogAppender: Leader has not got in touch with Follower 5b8b357e-6f93-4947-883b-a4d8a2742106@group-97D8B41C262F->bcfee08b-42a0-42f4-970e-f61215d4b324(c0,m0,n1, attendVote=true, lastRpcSendTime=0, lastRpcResponseTime=5053) yet, just keep nextIndex unchanged and retry.
2021-11-09 00:57:47,075 [EventQueue-StaleNodeForStaleNodeHandler] INFO  node.StaleNodeHandler (StaleNodeHandler.java:onMessage(58)) - Datanode d5ae86a0-e3e8-461b-b600-8c2d036507b1{ip: 10.1.0.58, host: fv-az294-841.eaanfquahm5ulb5tj050gcxych.jx.internal.cloudapp.net, ports: [REPLICATION=37421, RATIS=45525, RATIS_ADMIN=45525, RATIS_SERVER=45525, STANDALONE=35155], networkLocation: /default-rack, certSerialId: null, persistedOpState: IN_SERVICE, persistedOpStateExpiryEpochSec: 0} moved to stale state. Finalizing its pipelines [PipelineID=d8b699f5-3b3a-40b5-aba8-85e4be6e1938, PipelineID=8a6dbd94-094e-4d27-9e96-4de1d93f2384, PipelineID=478d744c-76c7-4d18-9a74-e209cd9e23e2]
2021-11-09 00:57:47,076 [EventQueue-StaleNodeForStaleNodeHandler] INFO  pipeline.PipelineManagerImpl (PipelineManagerImpl.java:closePipeline(349)) - Pipeline Pipeline[ Id: d8b699f5-3b3a-40b5-aba8-85e4be6e1938, Nodes: 43136673-c093-486b-8a61-55aa3fed1341{ip: 10.1.0.58, host: fv-az294-841.eaanfquahm5ulb5tj050gcxych.jx.internal.cloudapp.net, ports: [REPLICATION=33899, RATIS=34809, RATIS_ADMIN=34809, RATIS_SERVER=34809, STANDALONE=39677], networkLocation: /default-rack, certSerialId: null, persistedOpState: IN_SERVICE, persistedOpStateExpiryEpochSec: 0}4430b70e-e2dc-4778-891b-decd59bd04d3{ip: 10.1.0.58, host: fv-az294-841.eaanfquahm5ulb5tj050gcxych.jx.internal.cloudapp.net, ports: [REPLICATION=41031, RATIS=37555, RATIS_ADMIN=37555, RATIS_SERVER=37555, STANDALONE=43879], networkLocation: /default-rack, certSerialId: null, persistedOpState: IN_SERVICE, persistedOpStateExpiryEpochSec: 0}d5ae86a0-e3e8-461b-b600-8c2d036507b1{ip: 10.1.0.58, host: fv-az294-841.eaanfquahm5ulb5tj050gcxych.jx.internal.cloudapp.net, ports: [REPLICATION=37421, RATIS=45525, RATIS_ADMIN=45525, RATIS_SERVER=45525, STANDALONE=35155], networkLocation: /default-rack, certSerialId: null, persistedOpState: IN_SERVICE, persistedOpStateExpiryEpochSec: 0}, ReplicationConfig: RATIS/THREE, State:ALLOCATED, leaderId:, CreationTimestamp2021-11-09T00:57:35.514Z[Etc/UTC]] moved to CLOSED state
2021-11-09 00:57:47,076 [EventQueue-StaleNodeForStaleNodeHandler] INFO  pipeline.PipelineManagerImpl (PipelineManagerImpl.java:closePipeline(349)) - Pipeline Pipeline[ Id: 8a6dbd94-094e-4d27-9e96-4de1d93f2384, Nodes: 43136673-c093-486b-8a61-55aa3fed1341{ip: 10.1.0.58, host: fv-az294-841.eaanfquahm5ulb5tj050gcxych.jx.internal.cloudapp.net, ports: [REPLICATION=33899, RATIS=34809, RATIS_ADMIN=34809, RATIS_SERVER=34809, STANDALONE=39677], networkLocation: /default-rack, certSerialId: null, persistedOpState: IN_SERVICE, persistedOpStateExpiryEpochSec: 0}4430b70e-e2dc-4778-891b-decd59bd04d3{ip: 10.1.0.58, host: fv-az294-841.eaanfquahm5ulb5tj050gcxych.jx.internal.cloudapp.net, ports: [REPLICATION=41031, RATIS=37555, RATIS_ADMIN=37555, RATIS_SERVER=37555, STANDALONE=43879], networkLocation: /default-rack, certSerialId: null, persistedOpState: IN_SERVICE, persistedOpStateExpiryEpochSec: 0}d5ae86a0-e3e8-461b-b600-8c2d036507b1{ip: 10.1.0.58, host: fv-az294-841.eaanfquahm5ulb5tj050gcxych.jx.internal.cloudapp.net, ports: [REPLICATION=37421, RATIS=45525, RATIS_ADMIN=45525, RATIS_SERVER=45525, STANDALONE=35155], networkLocation: /default-rack, certSerialId: null, persistedOpState: IN_SERVICE, persistedOpStateExpiryEpochSec: 0}, ReplicationConfig: RATIS/THREE, State:ALLOCATED, leaderId:, CreationTimestamp2021-11-09T00:57:35.513Z[Etc/UTC]] moved to CLOSED state
2021-11-09 00:57:47,076 [EventQueue-StaleNodeForStaleNodeHandler] INFO  pipeline.PipelineManagerImpl (PipelineManagerImpl.java:closePipeline(349)) - Pipeline Pipeline[ Id: 478d744c-76c7-4d18-9a74-e209cd9e23e2, Nodes: d5ae86a0-e3e8-461b-b600-8c2d036507b1{ip: 10.1.0.58, host: fv-az294-841.eaanfquahm5ulb5tj050gcxych.jx.internal.cloudapp.net, ports: [REPLICATION=37421, RATIS=45525, RATIS_ADMIN=45525, RATIS_SERVER=45525, STANDALONE=35155], networkLocation: /default-rack, certSerialId: null, persistedOpState: IN_SERVICE, persistedOpStateExpiryEpochSec: 0}, ReplicationConfig: RATIS/ONE, State:OPEN, leaderId:d5ae86a0-e3e8-461b-b600-8c2d036507b1, CreationTimestamp2021-11-09T00:56:32.252Z[Etc/UTC]] moved to CLOSED state
2021-11-09 00:57:47,371 [4430b70e-e2dc-4778-891b-decd59bd04d3@group-85E4BE6E1938-FollowerState] INFO  impl.FollowerState (FollowerState.java:run(134)) - 4430b70e-e2dc-4778-891b-decd59bd04d3@group-85E4BE6E1938-FollowerState: change to CANDIDATE, lastRpcElapsedTime:5082976985ns, electionTimeout:5073ms
2021-11-09 00:57:47,371 [4430b70e-e2dc-4778-891b-decd59bd04d3@group-85E4BE6E1938-FollowerState] INFO  impl.RoleInfo (RoleInfo.java:shutdownFollowerState(108)) - 4430b70e-e2dc-4778-891b-decd59bd04d3: shutdown 4430b70e-e2dc-4778-891b-decd59bd04d3@group-85E4BE6E1938-FollowerState
2021-11-09 00:57:47,372 [4430b70e-e2dc-4778-891b-decd59bd04d3@group-85E4BE6E1938-FollowerState] INFO  server.RaftServer$Division (RaftServerImpl.java:setRole(290)) - 4430b70e-e2dc-4778-891b-decd59bd04d3@group-85E4BE6E1938: changes role from  FOLLOWER to CANDIDATE at term 1 for changeToCandidate
2021-11-09 00:57:47,372 [4430b70e-e2dc-4778-891b-decd59bd04d3@group-85E4BE6E1938-FollowerState] INFO  server.RaftServerConfigKeys (ConfUtils.java:logGet(44)) - raft.server.leaderelection.pre-vote = false (custom)
2021-11-09 00:57:47,372 [4430b70e-e2dc-4778-891b-decd59bd04d3@group-85E4BE6E1938-FollowerState] INFO  impl.RoleInfo (RoleInfo.java:updateAndGet(130)) - 4430b70e-e2dc-4778-891b-decd59bd04d3: start 4430b70e-e2dc-4778-891b-decd59bd04d3@group-85E4BE6E1938-LeaderElection96
2021-11-09 00:57:47,380 [4430b70e-e2dc-4778-891b-decd59bd04d3@group-85E4BE6E1938-LeaderElection96] INFO  impl.LeaderElection (LeaderElection.java:askForVotes(306)) - 4430b70e-e2dc-4778-891b-decd59bd04d3@group-85E4BE6E1938-LeaderElection96 ELECTION round 0: submit vote requests at term 2 for -1: [4430b70e-e2dc-4778-891b-decd59bd04d3|rpc:10.1.0.58:37555|priority:0, d5ae86a0-e3e8-461b-b600-8c2d036507b1|rpc:10.1.0.58:45525|priority:1, 43136673-c093-486b-8a61-55aa3fed1341|rpc:10.1.0.58:34809|priority:0], old=null
2021-11-09 00:57:47,400 [4430b70e-e2dc-4778-891b-decd59bd04d3@group-85E4BE6E1938-LeaderElection96] INFO  impl.LeaderElection (LogUtils.java:infoOrTrace(137)) - 4430b70e-e2dc-4778-891b-decd59bd04d3@group-85E4BE6E1938-LeaderElection96 got exception when requesting votes: java.util.concurrent.ExecutionException: org.apache.ratis.thirdparty.io.grpc.StatusRuntimeException: UNAVAILABLE: io exception
2021-11-09 00:57:47,435 [43136673-c093-486b-8a61-55aa3fed1341@group-85E4BE6E1938-FollowerState] INFO  impl.FollowerState (FollowerState.java:run(134)) - 43136673-c093-486b-8a61-55aa3fed1341@group-85E4BE6E1938-FollowerState: change to CANDIDATE, lastRpcElapsedTime:5111870446ns, electionTimeout:5026ms
2021-11-09 00:57:47,435 [43136673-c093-486b-8a61-55aa3fed1341@group-85E4BE6E1938-FollowerState] INFO  impl.RoleInfo (RoleInfo.java:shutdownFollowerState(108)) - 43136673-c093-486b-8a61-55aa3fed1341: shutdown 43136673-c093-486b-8a61-55aa3fed1341@group-85E4BE6E1938-FollowerState
2021-11-09 00:57:47,435 [43136673-c093-486b-8a61-55aa3fed1341@group-85E4BE6E1938-FollowerState] INFO  server.RaftServer$Division (RaftServerImpl.java:setRole(290)) - 43136673-c093-486b-8a61-55aa3fed1341@group-85E4BE6E1938: changes role from  FOLLOWER to CANDIDATE at term 1 for changeToCandidate
2021-11-09 00:57:47,436 [43136673-c093-486b-8a61-55aa3fed1341@group-85E4BE6E1938-FollowerState] INFO  server.RaftServerConfigKeys (ConfUtils.java:logGet(44)) - raft.server.leaderelection.pre-vote = false (custom)
2021-11-09 00:57:47,436 [43136673-c093-486b-8a61-55aa3fed1341@group-85E4BE6E1938-FollowerState] INFO  impl.RoleInfo (RoleInfo.java:updateAndGet(130)) - 43136673-c093-486b-8a61-55aa3fed1341: start 43136673-c093-486b-8a61-55aa3fed1341@group-85E4BE6E1938-LeaderElection97
2021-11-09 00:57:47,467 [grpc-default-executor-0] INFO  server.RaftServer$Division (RaftServerImpl.java:requestVote(1046)) - 43136673-c093-486b-8a61-55aa3fed1341@group-85E4BE6E1938: receive requestVote(ELECTION, 4430b70e-e2dc-4778-891b-decd59bd04d3, group-85E4BE6E1938, 2, (t:0, i:0))
2021-11-09 00:57:47,474 [grpc-default-executor-0] INFO  impl.VoteContext (VoteContext.java:log(48)) - 43136673-c093-486b-8a61-55aa3fed1341@group-85E4BE6E1938-CANDIDATE: reject ELECTION from 4430b70e-e2dc-4778-891b-decd59bd04d3: already has voted for 43136673-c093-486b-8a61-55aa3fed1341 at current term 2
2021-11-09 00:57:47,475 [grpc-default-executor-0] INFO  server.RaftServer$Division (RaftServerImpl.java:requestVote(1078)) - 43136673-c093-486b-8a61-55aa3fed1341@group-85E4BE6E1938 replies to ELECTION vote request: 4430b70e-e2dc-4778-891b-decd59bd04d3<-43136673-c093-486b-8a61-55aa3fed1341#0:FAIL-t2. Peer's state: 43136673-c093-486b-8a61-55aa3fed1341@group-85E4BE6E1938:t2, leader=null, voted=43136673-c093-486b-8a61-55aa3fed1341, raftlog=43136673-c093-486b-8a61-55aa3fed1341@group-85E4BE6E1938-SegmentedRaftLog:OPENED:c-1, conf=-1: [4430b70e-e2dc-4778-891b-decd59bd04d3|rpc:10.1.0.58:37555|priority:0, d5ae86a0-e3e8-461b-b600-8c2d036507b1|rpc:10.1.0.58:45525|priority:1, 43136673-c093-486b-8a61-55aa3fed1341|rpc:10.1.0.58:34809|priority:0], old=null
2021-11-09 00:57:47,475 [43136673-c093-486b-8a61-55aa3fed1341@group-85E4BE6E1938-LeaderElection97] INFO  impl.LeaderElection (LeaderElection.java:askForVotes(306)) - 43136673-c093-486b-8a61-55aa3fed1341@group-85E4BE6E1938-LeaderElection97 ELECTION round 0: submit vote requests at term 2 for -1: [4430b70e-e2dc-4778-891b-decd59bd04d3|rpc:10.1.0.58:37555|priority:0, d5ae86a0-e3e8-461b-b600-8c2d036507b1|rpc:10.1.0.58:45525|priority:1, 43136673-c093-486b-8a61-55aa3fed1341|rpc:10.1.0.58:34809|priority:0], old=null
2021-11-09 00:57:47,507 [43136673-c093-486b-8a61-55aa3fed1341@group-85E4BE6E1938-LeaderElection97] INFO  impl.LeaderElection (LogUtils.java:infoOrTrace(137)) - 43136673-c093-486b-8a61-55aa3fed1341@group-85E4BE6E1938-LeaderElection97 got exception when requesting votes: java.util.concurrent.ExecutionException: org.apache.ratis.thirdparty.io.grpc.StatusRuntimeException: UNAVAILABLE: io exception
2021-11-09 00:57:47,515 [4430b70e-e2dc-4778-891b-decd59bd04d3@group-85E4BE6E1938-LeaderElection96] INFO  impl.LeaderElection (LeaderElection.java:logAndReturn(89)) - 4430b70e-e2dc-4778-891b-decd59bd04d3@group-85E4BE6E1938-LeaderElection96: ELECTION REJECTED received 1 response(s) and 1 exception(s):
2021-11-09 00:57:47,515 [4430b70e-e2dc-4778-891b-decd59bd04d3@group-85E4BE6E1938-LeaderElection96] INFO  impl.LeaderElection (LeaderElection.java:logAndReturn(93)) -   Response 0: 4430b70e-e2dc-4778-891b-decd59bd04d3<-43136673-c093-486b-8a61-55aa3fed1341#0:FAIL-t2
2021-11-09 00:57:47,515 [4430b70e-e2dc-4778-891b-decd59bd04d3@group-85E4BE6E1938-LeaderElection96] INFO  impl.LeaderElection (LogUtils.java:infoOrTrace(137)) -   Exception 1: java.util.concurrent.ExecutionException: org.apache.ratis.thirdparty.io.grpc.StatusRuntimeException: UNAVAILABLE: io exception
2021-11-09 00:57:47,515 [4430b70e-e2dc-4778-891b-decd59bd04d3@group-85E4BE6E1938-LeaderElection96] INFO  impl.LeaderElection (LeaderElection.java:askForVotes(308)) - 4430b70e-e2dc-4778-891b-decd59bd04d3@group-85E4BE6E1938-LeaderElection96 ELECTION round 0: result REJECTED
2021-11-09 00:57:47,515 [4430b70e-e2dc-4778-891b-decd59bd04d3@group-85E4BE6E1938-LeaderElection96] INFO  server.RaftServer$Division (RaftServerImpl.java:setRole(290)) - 4430b70e-e2dc-4778-891b-decd59bd04d3@group-85E4BE6E1938: changes role from CANDIDATE to FOLLOWER at term 2 for REJECTED
2021-11-09 00:57:47,515 [4430b70e-e2dc-4778-891b-decd59bd04d3@group-85E4BE6E1938-LeaderElection96] INFO  impl.RoleInfo (RoleInfo.java:shutdownLeaderElection(121)) - 4430b70e-e2dc-4778-891b-decd59bd04d3: shutdown 4430b70e-e2dc-4778-891b-decd59bd04d3@group-85E4BE6E1938-LeaderElection96
2021-11-09 00:57:47,515 [4430b70e-e2dc-4778-891b-decd59bd04d3@group-85E4BE6E1938-LeaderElection96] INFO  impl.RoleInfo (RoleInfo.java:updateAndGet(130)) - 4430b70e-e2dc-4778-891b-decd59bd04d3: start 4430b70e-e2dc-4778-891b-decd59bd04d3@group-85E4BE6E1938-FollowerState
2021-11-09 00:57:47,523 [grpc-default-executor-0] INFO  server.RaftServer$Division (RaftServerImpl.java:requestVote(1046)) - 4430b70e-e2dc-4778-891b-decd59bd04d3@group-85E4BE6E1938: receive requestVote(ELECTION, 43136673-c093-486b-8a61-55aa3fed1341, group-85E4BE6E1938, 2, (t:0, i:0))
2021-11-09 00:57:47,553 [grpc-default-executor-0] INFO  impl.VoteContext (VoteContext.java:log(48)) - 4430b70e-e2dc-4778-891b-decd59bd04d3@group-85E4BE6E1938-FOLLOWER: reject ELECTION from 43136673-c093-486b-8a61-55aa3fed1341: already has voted for 4430b70e-e2dc-4778-891b-decd59bd04d3 at current term 2
2021-11-09 00:57:47,553 [grpc-default-executor-0] INFO  server.RaftServer$Division (RaftServerImpl.java:requestVote(1078)) - 4430b70e-e2dc-4778-891b-decd59bd04d3@group-85E4BE6E1938 replies to ELECTION vote request: 43136673-c093-486b-8a61-55aa3fed1341<-4430b70e-e2dc-4778-891b-decd59bd04d3#0:FAIL-t2. Peer's state: 4430b70e-e2dc-4778-891b-decd59bd04d3@group-85E4BE6E1938:t2, leader=null, voted=4430b70e-e2dc-4778-891b-decd59bd04d3, raftlog=4430b70e-e2dc-4778-891b-decd59bd04d3@group-85E4BE6E1938-SegmentedRaftLog:OPENED:c-1, conf=-1: [4430b70e-e2dc-4778-891b-decd59bd04d3|rpc:10.1.0.58:37555|priority:0, d5ae86a0-e3e8-461b-b600-8c2d036507b1|rpc:10.1.0.58:45525|priority:1, 43136673-c093-486b-8a61-55aa3fed1341|rpc:10.1.0.58:34809|priority:0], old=null
2021-11-09 00:57:47,559 [43136673-c093-486b-8a61-55aa3fed1341@group-85E4BE6E1938-LeaderElection97] INFO  impl.LeaderElection (LeaderElection.java:logAndReturn(89)) - 43136673-c093-486b-8a61-55aa3fed1341@group-85E4BE6E1938-LeaderElection97: ELECTION REJECTED received 1 response(s) and 1 exception(s):
2021-11-09 00:57:47,560 [43136673-c093-486b-8a61-55aa3fed1341@group-85E4BE6E1938-LeaderElection97] INFO  impl.LeaderElection (LeaderElection.java:logAndReturn(93)) -   Response 0: 43136673-c093-486b-8a61-55aa3fed1341<-4430b70e-e2dc-4778-891b-decd59bd04d3#0:FAIL-t2
2021-11-09 00:57:47,560 [43136673-c093-486b-8a61-55aa3fed1341@group-85E4BE6E1938-LeaderElection97] INFO  impl.LeaderElection (LogUtils.java:infoOrTrace(137)) -   Exception 1: java.util.concurrent.ExecutionException: org.apache.ratis.thirdparty.io.grpc.StatusRuntimeException: UNAVAILABLE: io exception
2021-11-09 00:57:47,560 [43136673-c093-486b-8a61-55aa3fed1341@group-85E4BE6E1938-LeaderElection97] INFO  impl.LeaderElection (LeaderElection.java:askForVotes(308)) - 43136673-c093-486b-8a61-55aa3fed1341@group-85E4BE6E1938-LeaderElection97 ELECTION round 0: result REJECTED
2021-11-09 00:57:47,560 [43136673-c093-486b-8a61-55aa3fed1341@group-85E4BE6E1938-LeaderElection97] INFO  server.RaftServer$Division (RaftServerImpl.java:setRole(290)) - 43136673-c093-486b-8a61-55aa3fed1341@group-85E4BE6E1938: changes role from CANDIDATE to FOLLOWER at term 2 for REJECTED
2021-11-09 00:57:47,560 [43136673-c093-486b-8a61-55aa3fed1341@group-85E4BE6E1938-LeaderElection97] INFO  impl.RoleInfo (RoleInfo.java:shutdownLeaderElection(121)) - 43136673-c093-486b-8a61-55aa3fed1341: shutdown 43136673-c093-486b-8a61-55aa3fed1341@group-85E4BE6E1938-LeaderElection97
2021-11-09 00:57:47,560 [43136673-c093-486b-8a61-55aa3fed1341@group-85E4BE6E1938-LeaderElection97] INFO  impl.RoleInfo (RoleInfo.java:updateAndGet(130)) - 43136673-c093-486b-8a61-55aa3fed1341: start 43136673-c093-486b-8a61-55aa3fed1341@group-85E4BE6E1938-FollowerState
2021-11-09 00:57:47,764 [grpc-default-executor-0] WARN  server.GrpcLogAppender (LogUtils.java:warn(122)) - c17442c2-57b8-4ea9-a6b0-3a357e556ad2@group-E6C37EB65C07->bcfee08b-42a0-42f4-970e-f61215d4b324-AppendLogResponseHandler: Failed appendEntries: org.apache.ratis.thirdparty.io.grpc.StatusRuntimeException: UNAVAILABLE: io exception
2021-11-09 00:57:47,765 [grpc-default-executor-0] WARN  server.GrpcLogAppender (GrpcLogAppender.java:resetClient(110)) - c17442c2-57b8-4ea9-a6b0-3a357e556ad2@group-E6C37EB65C07->bcfee08b-42a0-42f4-970e-f61215d4b324-GrpcLogAppender: Leader has not got in touch with Follower c17442c2-57b8-4ea9-a6b0-3a357e556ad2@group-E6C37EB65C07->bcfee08b-42a0-42f4-970e-f61215d4b324(c0,m0,n1, attendVote=true, lastRpcSendTime=2501, lastRpcResponseTime=7534) yet, just keep nextIndex unchanged and retry.
2021-11-09 00:57:49,555 [grpc-default-executor-0] WARN  server.GrpcLogAppender (LogUtils.java:warn(122)) - 5b8b357e-6f93-4947-883b-a4d8a2742106@group-97D8B41C262F->bcfee08b-42a0-42f4-970e-f61215d4b324-AppendLogResponseHandler: Failed appendEntries: org.apache.ratis.thirdparty.io.grpc.StatusRuntimeException: UNAVAILABLE: io exception
2021-11-09 00:57:49,556 [grpc-default-executor-0] WARN  server.GrpcLogAppender (GrpcLogAppender.java:resetClient(110)) - 5b8b357e-6f93-4947-883b-a4d8a2742106@group-97D8B41C262F->bcfee08b-42a0-42f4-970e-f61215d4b324-GrpcLogAppender: Leader has not got in touch with Follower 5b8b357e-6f93-4947-883b-a4d8a2742106@group-97D8B41C262F->bcfee08b-42a0-42f4-970e-f61215d4b324(c0,m0,n1, attendVote=true, lastRpcSendTime=2512, lastRpcResponseTime=7565) yet, just keep nextIndex unchanged and retry.
2021-11-09 00:57:50,272 [grpc-default-executor-4] WARN  server.GrpcLogAppender (LogUtils.java:warn(122)) - c17442c2-57b8-4ea9-a6b0-3a357e556ad2@group-E6C37EB65C07->bcfee08b-42a0-42f4-970e-f61215d4b324-AppendLogResponseHandler: Failed appendEntries: org.apache.ratis.thirdparty.io.grpc.StatusRuntimeException: UNAVAILABLE: io exception
2021-11-09 00:57:50,272 [grpc-default-executor-4] WARN  server.GrpcLogAppender (GrpcLogAppender.java:resetClient(110)) - c17442c2-57b8-4ea9-a6b0-3a357e556ad2@group-E6C37EB65C07->bcfee08b-42a0-42f4-970e-f61215d4b324-GrpcLogAppender: Leader has not got in touch with Follower c17442c2-57b8-4ea9-a6b0-3a357e556ad2@group-E6C37EB65C07->bcfee08b-42a0-42f4-970e-f61215d4b324(c0,m0,n1, attendVote=true, lastRpcSendTime=0, lastRpcResponseTime=10042) yet, just keep nextIndex unchanged and retry.
2021-11-09 00:57:50,460 [Listener at 127.0.0.1/34135] INFO  ozoneimpl.OzoneContainer (OzoneContainer.java:stop(325)) - Attempting to stop container services.
2021-11-09 00:57:50,462 [Listener at 127.0.0.1/34135] INFO  server.RaftServer (RaftServerProxy.java:lambda$close$6(391)) - 23aab0c3-4c3e-4cdc-9821-98cdf7e102fc: close
2021-11-09 00:57:50,462 [Listener at 127.0.0.1/34135] INFO  server.RaftServer$Division (RaftServerImpl.java:lambda$close$4(412)) - 23aab0c3-4c3e-4cdc-9821-98cdf7e102fc@group-CF94859226F3: shutdown
2021-11-09 00:57:50,462 [Listener at 127.0.0.1/34135] INFO  util.JmxRegister (JmxRegister.java:unregister(73)) - Successfully un-registered JMX Bean with object name Ratis:service=RaftServer,group=group-CF94859226F3,id=23aab0c3-4c3e-4cdc-9821-98cdf7e102fc
2021-11-09 00:57:50,462 [Listener at 127.0.0.1/34135] INFO  impl.RoleInfo (RoleInfo.java:shutdownLeaderState(91)) - 23aab0c3-4c3e-4cdc-9821-98cdf7e102fc: shutdown 23aab0c3-4c3e-4cdc-9821-98cdf7e102fc@group-CF94859226F3-LeaderStateImpl
2021-11-09 00:57:50,462 [Listener at 127.0.0.1/34135] INFO  impl.PendingRequests (PendingRequests.java:sendNotLeaderResponses(282)) - 23aab0c3-4c3e-4cdc-9821-98cdf7e102fc@group-CF94859226F3-PendingRequests: sendNotLeaderResponses
2021-11-09 00:57:50,463 [Listener at 127.0.0.1/34135] INFO  impl.StateMachineUpdater (StateMachineUpdater.java:stopAndJoin(149)) - 23aab0c3-4c3e-4cdc-9821-98cdf7e102fc@group-CF94859226F3-StateMachineUpdater: set stopIndex = 0
2021-11-09 00:57:50,463 [23aab0c3-4c3e-4cdc-9821-98cdf7e102fc@group-CF94859226F3-StateMachineUpdater] INFO  ratis.ContainerStateMachine (ContainerStateMachine.java:takeSnapshot(292)) - group-CF94859226F3: Taking a snapshot at:(t:1, i:0) file /home/runner/work/ozone/ozone/hadoop-ozone/integration-test/target/test-dir/MiniOzoneClusterImpl-cebd3685-2b3d-4639-9f0f-41911e64574b/datanode-6/data/ratis/dd50b01f-64a3-4837-8588-cf94859226f3/sm/snapshot.1_0
2021-11-09 00:57:50,465 [23aab0c3-4c3e-4cdc-9821-98cdf7e102fc@group-CF94859226F3-StateMachineUpdater] INFO  ratis.ContainerStateMachine (ContainerStateMachine.java:takeSnapshot(303)) - group-CF94859226F3: Finished taking a snapshot at:(t:1, i:0) file:/home/runner/work/ozone/ozone/hadoop-ozone/integration-test/target/test-dir/MiniOzoneClusterImpl-cebd3685-2b3d-4639-9f0f-41911e64574b/datanode-6/data/ratis/dd50b01f-64a3-4837-8588-cf94859226f3/sm/snapshot.1_0 took: 2 ms
2021-11-09 00:57:50,465 [23aab0c3-4c3e-4cdc-9821-98cdf7e102fc@group-CF94859226F3-StateMachineUpdater] INFO  impl.StateMachineUpdater (StateMachineUpdater.java:takeSnapshot(281)) - 23aab0c3-4c3e-4cdc-9821-98cdf7e102fc@group-CF94859226F3-StateMachineUpdater: Took a snapshot at index 0
2021-11-09 00:57:50,465 [23aab0c3-4c3e-4cdc-9821-98cdf7e102fc@group-CF94859226F3-StateMachineUpdater] INFO  impl.StateMachineUpdater (StateMachineUpdater.java:lambda$new$0(89)) - 23aab0c3-4c3e-4cdc-9821-98cdf7e102fc@group-CF94859226F3-StateMachineUpdater: snapshotIndex: updateIncreasingly -1 -> 0
2021-11-09 00:57:50,465 [Listener at 127.0.0.1/34135] INFO  server.RaftServer$Division (ServerState.java:close(419)) - 23aab0c3-4c3e-4cdc-9821-98cdf7e102fc@group-CF94859226F3: closes. applyIndex: 0
2021-11-09 00:57:50,465 [23aab0c3-4c3e-4cdc-9821-98cdf7e102fc@group-CF94859226F3-SegmentedRaftLogWorker] INFO  segmented.SegmentedRaftLogWorker (SegmentedRaftLogWorker.java:run(327)) - 23aab0c3-4c3e-4cdc-9821-98cdf7e102fc@group-CF94859226F3-SegmentedRaftLogWorker was interrupted, exiting. There are 0 tasks remaining in the queue.
2021-11-09 00:57:50,466 [Listener at 127.0.0.1/34135] INFO  segmented.SegmentedRaftLogWorker (SegmentedRaftLogWorker.java:close(237)) - 23aab0c3-4c3e-4cdc-9821-98cdf7e102fc@group-CF94859226F3-SegmentedRaftLogWorker close()
2021-11-09 00:57:50,511 [Listener at 127.0.0.1/34135] INFO  server.GrpcService (GrpcService.java:closeImpl(262)) - 23aab0c3-4c3e-4cdc-9821-98cdf7e102fc: shutdown server with port 33649 now
2021-11-09 00:57:50,520 [Listener at 127.0.0.1/34135] INFO  server.GrpcService (GrpcService.java:closeImpl(271)) - 23aab0c3-4c3e-4cdc-9821-98cdf7e102fc: shutdown server with port 33649 successfully
2021-11-09 00:57:50,520 [org.apache.ratis.util.JvmPauseMonitor$$Lambda$531/1691661275@3ae9bd9c] INFO  util.JvmPauseMonitor (JvmPauseMonitor.java:run(109)) - JvmPauseMonitor-23aab0c3-4c3e-4cdc-9821-98cdf7e102fc: Stopped
2021-11-09 00:57:50,521 [Listener at 127.0.0.1/34135] INFO  utils.BackgroundService (BackgroundService.java:shutdown(132)) - Shutting down service BlockDeletingService
2021-11-09 00:57:51,906 [43136673-c093-486b-8a61-55aa3fed1341@group-4DE1D93F2384-FollowerState] INFO  impl.FollowerState (FollowerState.java:run(134)) - 43136673-c093-486b-8a61-55aa3fed1341@group-4DE1D93F2384-FollowerState: change to CANDIDATE, lastRpcElapsedTime:5057731990ns, electionTimeout:5030ms
2021-11-09 00:57:51,906 [43136673-c093-486b-8a61-55aa3fed1341@group-4DE1D93F2384-FollowerState] INFO  impl.RoleInfo (RoleInfo.java:shutdownFollowerState(108)) - 43136673-c093-486b-8a61-55aa3fed1341: shutdown 43136673-c093-486b-8a61-55aa3fed1341@group-4DE1D93F2384-FollowerState
2021-11-09 00:57:51,906 [43136673-c093-486b-8a61-55aa3fed1341@group-4DE1D93F2384-FollowerState] INFO  server.RaftServer$Division (RaftServerImpl.java:setRole(290)) - 43136673-c093-486b-8a61-55aa3fed1341@group-4DE1D93F2384: changes role from  FOLLOWER to CANDIDATE at term 2 for changeToCandidate
2021-11-09 00:57:51,906 [43136673-c093-486b-8a61-55aa3fed1341@group-4DE1D93F2384-FollowerState] INFO  server.RaftServerConfigKeys (ConfUtils.java:logGet(44)) - raft.server.leaderelection.pre-vote = false (custom)
2021-11-09 00:57:51,906 [43136673-c093-486b-8a61-55aa3fed1341@group-4DE1D93F2384-FollowerState] INFO  impl.RoleInfo (RoleInfo.java:updateAndGet(130)) - 43136673-c093-486b-8a61-55aa3fed1341: start 43136673-c093-486b-8a61-55aa3fed1341@group-4DE1D93F2384-LeaderElection98
2021-11-09 00:57:51,918 [43136673-c093-486b-8a61-55aa3fed1341@group-4DE1D93F2384-LeaderElection98] INFO  impl.LeaderElection (LeaderElection.java:askForVotes(306)) - 43136673-c093-486b-8a61-55aa3fed1341@group-4DE1D93F2384-LeaderElection98 ELECTION round 0: submit vote requests at term 3 for -1: [4430b70e-e2dc-4778-891b-decd59bd04d3|rpc:10.1.0.58:37555|priority:1, d5ae86a0-e3e8-461b-b600-8c2d036507b1|rpc:10.1.0.58:45525|priority:0, 43136673-c093-486b-8a61-55aa3fed1341|rpc:10.1.0.58:34809|priority:0], old=null
2021-11-09 00:57:51,926 [grpc-default-executor-0] INFO  server.RaftServer$Division (RaftServerImpl.java:requestVote(1046)) - 4430b70e-e2dc-4778-891b-decd59bd04d3@group-4DE1D93F2384: receive requestVote(ELECTION, 43136673-c093-486b-8a61-55aa3fed1341, group-4DE1D93F2384, 3, (t:0, i:0))
2021-11-09 00:57:51,926 [grpc-default-executor-0] INFO  impl.VoteContext (VoteContext.java:log(48)) - 4430b70e-e2dc-4778-891b-decd59bd04d3@group-4DE1D93F2384-FOLLOWER: reject ELECTION from 43136673-c093-486b-8a61-55aa3fed1341: our priority 1 > candidate's priority 0
2021-11-09 00:57:51,926 [grpc-default-executor-0] INFO  server.RaftServer$Division (RaftServerImpl.java:setRole(290)) - 4430b70e-e2dc-4778-891b-decd59bd04d3@group-4DE1D93F2384: changes role from  FOLLOWER to FOLLOWER at term 3 for candidate:43136673-c093-486b-8a61-55aa3fed1341
2021-11-09 00:57:51,926 [grpc-default-executor-0] INFO  impl.RoleInfo (RoleInfo.java:shutdownFollowerState(108)) - 4430b70e-e2dc-4778-891b-decd59bd04d3: shutdown 4430b70e-e2dc-4778-891b-decd59bd04d3@group-4DE1D93F2384-FollowerState
2021-11-09 00:57:51,942 [4430b70e-e2dc-4778-891b-decd59bd04d3@group-4DE1D93F2384-FollowerState] INFO  impl.FollowerState (FollowerState.java:run(127)) - 4430b70e-e2dc-4778-891b-decd59bd04d3@group-4DE1D93F2384-FollowerState: Stopping now (isRunning? false, isFollower? true)
2021-11-09 00:57:51,943 [grpc-default-executor-0] INFO  impl.RoleInfo (RoleInfo.java:updateAndGet(130)) - 4430b70e-e2dc-4778-891b-decd59bd04d3: start 4430b70e-e2dc-4778-891b-decd59bd04d3@group-4DE1D93F2384-FollowerState
2021-11-09 00:57:51,946 [43136673-c093-486b-8a61-55aa3fed1341@group-4DE1D93F2384-LeaderElection98] INFO  impl.LeaderElection (LogUtils.java:infoOrTrace(137)) - 43136673-c093-486b-8a61-55aa3fed1341@group-4DE1D93F2384-LeaderElection98 got exception when requesting votes: java.util.concurrent.ExecutionException: org.apache.ratis.thirdparty.io.grpc.StatusRuntimeException: UNAVAILABLE: io exception
2021-11-09 00:57:51,948 [grpc-default-executor-0] INFO  server.RaftServer$Division (RaftServerImpl.java:requestVote(1078)) - 4430b70e-e2dc-4778-891b-decd59bd04d3@group-4DE1D93F2384 replies to ELECTION vote request: 43136673-c093-486b-8a61-55aa3fed1341<-4430b70e-e2dc-4778-891b-decd59bd04d3#0:FAIL-t3. Peer's state: 4430b70e-e2dc-4778-891b-decd59bd04d3@group-4DE1D93F2384:t3, leader=null, voted=null, raftlog=4430b70e-e2dc-4778-891b-decd59bd04d3@group-4DE1D93F2384-SegmentedRaftLog:OPENED:c-1, conf=-1: [4430b70e-e2dc-4778-891b-decd59bd04d3|rpc:10.1.0.58:37555|dataStream:|priority:1, d5ae86a0-e3e8-461b-b600-8c2d036507b1|rpc:10.1.0.58:45525|dataStream:|priority:0, 43136673-c093-486b-8a61-55aa3fed1341|rpc:10.1.0.58:34809|dataStream:|priority:0], old=null
2021-11-09 00:57:51,963 [43136673-c093-486b-8a61-55aa3fed1341@group-4DE1D93F2384-LeaderElection98] INFO  impl.LeaderElection (LeaderElection.java:logAndReturn(89)) - 43136673-c093-486b-8a61-55aa3fed1341@group-4DE1D93F2384-LeaderElection98: ELECTION REJECTED received 1 response(s) and 1 exception(s):
2021-11-09 00:57:51,963 [43136673-c093-486b-8a61-55aa3fed1341@group-4DE1D93F2384-LeaderElection98] INFO  impl.LeaderElection (LeaderElection.java:logAndReturn(93)) -   Response 0: 43136673-c093-486b-8a61-55aa3fed1341<-4430b70e-e2dc-4778-891b-decd59bd04d3#0:FAIL-t3
2021-11-09 00:57:51,963 [43136673-c093-486b-8a61-55aa3fed1341@group-4DE1D93F2384-LeaderElection98] INFO  impl.LeaderElection (LogUtils.java:infoOrTrace(137)) -   Exception 1: java.util.concurrent.ExecutionException: org.apache.ratis.thirdparty.io.grpc.StatusRuntimeException: UNAVAILABLE: io exception
2021-11-09 00:57:51,963 [43136673-c093-486b-8a61-55aa3fed1341@group-4DE1D93F2384-LeaderElection98] INFO  impl.LeaderElection (LeaderElection.java:askForVotes(308)) - 43136673-c093-486b-8a61-55aa3fed1341@group-4DE1D93F2384-LeaderElection98 ELECTION round 0: result REJECTED
2021-11-09 00:57:51,964 [43136673-c093-486b-8a61-55aa3fed1341@group-4DE1D93F2384-LeaderElection98] INFO  server.RaftServer$Division (RaftServerImpl.java:setRole(290)) - 43136673-c093-486b-8a61-55aa3fed1341@group-4DE1D93F2384: changes role from CANDIDATE to FOLLOWER at term 3 for REJECTED
2021-11-09 00:57:51,964 [43136673-c093-486b-8a61-55aa3fed1341@group-4DE1D93F2384-LeaderElection98] INFO  impl.RoleInfo (RoleInfo.java:shutdownLeaderElection(121)) - 43136673-c093-486b-8a61-55aa3fed1341: shutdown 43136673-c093-486b-8a61-55aa3fed1341@group-4DE1D93F2384-LeaderElection98
2021-11-09 00:57:51,964 [43136673-c093-486b-8a61-55aa3fed1341@group-4DE1D93F2384-LeaderElection98] INFO  impl.RoleInfo (RoleInfo.java:updateAndGet(130)) - 43136673-c093-486b-8a61-55aa3fed1341: start 43136673-c093-486b-8a61-55aa3fed1341@group-4DE1D93F2384-FollowerState
2021-11-09 00:57:52,062 [grpc-default-executor-0] WARN  server.GrpcLogAppender (LogUtils.java:warn(122)) - 5b8b357e-6f93-4947-883b-a4d8a2742106@group-97D8B41C262F->bcfee08b-42a0-42f4-970e-f61215d4b324-AppendLogResponseHandler: Failed appendEntries: org.apache.ratis.thirdparty.io.grpc.StatusRuntimeException: UNAVAILABLE: io exception
2021-11-09 00:57:52,062 [grpc-default-executor-0] WARN  server.GrpcLogAppender (GrpcLogAppender.java:resetClient(110)) - 5b8b357e-6f93-4947-883b-a4d8a2742106@group-97D8B41C262F->bcfee08b-42a0-42f4-970e-f61215d4b324-GrpcLogAppender: Leader has not got in touch with Follower 5b8b357e-6f93-4947-883b-a4d8a2742106@group-97D8B41C262F->bcfee08b-42a0-42f4-970e-f61215d4b324(c0,m0,n1, attendVote=true, lastRpcSendTime=0, lastRpcResponseTime=10071) yet, just keep nextIndex unchanged and retry.
2021-11-09 00:57:52,729 [4430b70e-e2dc-4778-891b-decd59bd04d3@group-85E4BE6E1938-FollowerState] INFO  impl.FollowerState (FollowerState.java:run(134)) - 4430b70e-e2dc-4778-891b-decd59bd04d3@group-85E4BE6E1938-FollowerState: change to CANDIDATE, lastRpcElapsedTime:5213361851ns, electionTimeout:5176ms
2021-11-09 00:57:52,729 [4430b70e-e2dc-4778-891b-decd59bd04d3@group-85E4BE6E1938-FollowerState] INFO  impl.RoleInfo (RoleInfo.java:shutdownFollowerState(108)) - 4430b70e-e2dc-4778-891b-decd59bd04d3: shutdown 4430b70e-e2dc-4778-891b-decd59bd04d3@group-85E4BE6E1938-FollowerState
2021-11-09 00:57:52,729 [4430b70e-e2dc-4778-891b-decd59bd04d3@group-85E4BE6E1938-FollowerState] INFO  server.RaftServer$Division (RaftServerImpl.java:setRole(290)) - 4430b70e-e2dc-4778-891b-decd59bd04d3@group-85E4BE6E1938: changes role from  FOLLOWER to CANDIDATE at term 2 for changeToCandidate
2021-11-09 00:57:52,729 [4430b70e-e2dc-4778-891b-decd59bd04d3@group-85E4BE6E1938-FollowerState] INFO  server.RaftServerConfigKeys (ConfUtils.java:logGet(44)) - raft.server.leaderelection.pre-vote = false (custom)
2021-11-09 00:57:52,729 [4430b70e-e2dc-4778-891b-decd59bd04d3@group-85E4BE6E1938-FollowerState] INFO  impl.RoleInfo (RoleInfo.java:updateAndGet(130)) - 4430b70e-e2dc-4778-891b-decd59bd04d3: start 4430b70e-e2dc-4778-891b-decd59bd04d3@group-85E4BE6E1938-LeaderElection99
2021-11-09 00:57:52,745 [4430b70e-e2dc-4778-891b-decd59bd04d3@group-85E4BE6E1938-LeaderElection99] INFO  impl.LeaderElection (LeaderElection.java:askForVotes(306)) - 4430b70e-e2dc-4778-891b-decd59bd04d3@group-85E4BE6E1938-LeaderElection99 ELECTION round 0: submit vote requests at term 3 for -1: [4430b70e-e2dc-4778-891b-decd59bd04d3|rpc:10.1.0.58:37555|priority:0, d5ae86a0-e3e8-461b-b600-8c2d036507b1|rpc:10.1.0.58:45525|priority:1, 43136673-c093-486b-8a61-55aa3fed1341|rpc:10.1.0.58:34809|priority:0], old=null
2021-11-09 00:57:52,751 [43136673-c093-486b-8a61-55aa3fed1341@group-85E4BE6E1938-FollowerState] INFO  impl.FollowerState (FollowerState.java:run(134)) - 43136673-c093-486b-8a61-55aa3fed1341@group-85E4BE6E1938-FollowerState: change to CANDIDATE, lastRpcElapsedTime:5191556349ns, electionTimeout:5184ms
2021-11-09 00:57:52,751 [43136673-c093-486b-8a61-55aa3fed1341@group-85E4BE6E1938-FollowerState] INFO  impl.RoleInfo (RoleInfo.java:shutdownFollowerState(108)) - 43136673-c093-486b-8a61-55aa3fed1341: shutdown 43136673-c093-486b-8a61-55aa3fed1341@group-85E4BE6E1938-FollowerState
2021-11-09 00:57:52,751 [43136673-c093-486b-8a61-55aa3fed1341@group-85E4BE6E1938-FollowerState] INFO  server.RaftServer$Division (RaftServerImpl.java:setRole(290)) - 43136673-c093-486b-8a61-55aa3fed1341@group-85E4BE6E1938: changes role from  FOLLOWER to CANDIDATE at term 2 for changeToCandidate
2021-11-09 00:57:52,755 [4430b70e-e2dc-4778-891b-decd59bd04d3@group-85E4BE6E1938-LeaderElection99] INFO  impl.LeaderElection (LogUtils.java:infoOrTrace(137)) - 4430b70e-e2dc-4778-891b-decd59bd04d3@group-85E4BE6E1938-LeaderElection99 got exception when requesting votes: java.util.concurrent.ExecutionException: org.apache.ratis.thirdparty.io.grpc.StatusRuntimeException: UNAVAILABLE: io exception
2021-11-09 00:57:52,755 [43136673-c093-486b-8a61-55aa3fed1341@group-85E4BE6E1938-FollowerState] INFO  server.RaftServerConfigKeys (ConfUtils.java:logGet(44)) - raft.server.leaderelection.pre-vote = false (custom)
2021-11-09 00:57:52,755 [43136673-c093-486b-8a61-55aa3fed1341@group-85E4BE6E1938-FollowerState] INFO  impl.RoleInfo (RoleInfo.java:updateAndGet(130)) - 43136673-c093-486b-8a61-55aa3fed1341: start 43136673-c093-486b-8a61-55aa3fed1341@group-85E4BE6E1938-LeaderElection100
2021-11-09 00:57:52,759 [grpc-default-executor-0] INFO  server.RaftServer$Division (RaftServerImpl.java:requestVote(1046)) - 43136673-c093-486b-8a61-55aa3fed1341@group-85E4BE6E1938: receive requestVote(ELECTION, 4430b70e-e2dc-4778-891b-decd59bd04d3, group-85E4BE6E1938, 3, (t:0, i:0))
2021-11-09 00:57:52,760 [grpc-default-executor-0] INFO  impl.VoteContext (VoteContext.java:log(48)) - 43136673-c093-486b-8a61-55aa3fed1341@group-85E4BE6E1938-CANDIDATE: accept ELECTION from 4430b70e-e2dc-4778-891b-decd59bd04d3: our priority 0 <= candidate's priority 0
2021-11-09 00:57:52,760 [grpc-default-executor-0] INFO  server.RaftServer$Division (RaftServerImpl.java:setRole(290)) - 43136673-c093-486b-8a61-55aa3fed1341@group-85E4BE6E1938: changes role from CANDIDATE to FOLLOWER at term 3 for candidate:4430b70e-e2dc-4778-891b-decd59bd04d3
2021-11-09 00:57:52,760 [grpc-default-executor-0] INFO  impl.RoleInfo (RoleInfo.java:shutdownLeaderElection(121)) - 43136673-c093-486b-8a61-55aa3fed1341: shutdown 43136673-c093-486b-8a61-55aa3fed1341@group-85E4BE6E1938-LeaderElection100
2021-11-09 00:57:52,760 [grpc-default-executor-0] INFO  impl.RoleInfo (RoleInfo.java:updateAndGet(130)) - 43136673-c093-486b-8a61-55aa3fed1341: start 43136673-c093-486b-8a61-55aa3fed1341@group-85E4BE6E1938-FollowerState
2021-11-09 00:57:52,761 [43136673-c093-486b-8a61-55aa3fed1341@group-85E4BE6E1938-LeaderElection100] INFO  impl.LeaderElection (LeaderElection.java:run(230)) - 43136673-c093-486b-8a61-55aa3fed1341@group-85E4BE6E1938-LeaderElection100: skip running since this is already CLOSING
2021-11-09 00:57:52,765 [grpc-default-executor-0] INFO  server.RaftServer$Division (RaftServerImpl.java:requestVote(1078)) - 43136673-c093-486b-8a61-55aa3fed1341@group-85E4BE6E1938 replies to ELECTION vote request: 4430b70e-e2dc-4778-891b-decd59bd04d3<-43136673-c093-486b-8a61-55aa3fed1341#0:OK-t3. Peer's state: 43136673-c093-486b-8a61-55aa3fed1341@group-85E4BE6E1938:t3, leader=null, voted=4430b70e-e2dc-4778-891b-decd59bd04d3, raftlog=43136673-c093-486b-8a61-55aa3fed1341@group-85E4BE6E1938-SegmentedRaftLog:OPENED:c-1, conf=-1: [4430b70e-e2dc-4778-891b-decd59bd04d3|rpc:10.1.0.58:37555|priority:0, d5ae86a0-e3e8-461b-b600-8c2d036507b1|rpc:10.1.0.58:45525|priority:1, 43136673-c093-486b-8a61-55aa3fed1341|rpc:10.1.0.58:34809|priority:0], old=null
2021-11-09 00:57:52,766 [4430b70e-e2dc-4778-891b-decd59bd04d3@group-85E4BE6E1938-LeaderElection99] INFO  impl.LeaderElection (LeaderElection.java:logAndReturn(89)) - 4430b70e-e2dc-4778-891b-decd59bd04d3@group-85E4BE6E1938-LeaderElection99: ELECTION PASSED received 1 response(s) and 1 exception(s):
2021-11-09 00:57:52,766 [4430b70e-e2dc-4778-891b-decd59bd04d3@group-85E4BE6E1938-LeaderElection99] INFO  impl.LeaderElection (LeaderElection.java:logAndReturn(93)) -   Response 0: 4430b70e-e2dc-4778-891b-decd59bd04d3<-43136673-c093-486b-8a61-55aa3fed1341#0:OK-t3
2021-11-09 00:57:52,766 [4430b70e-e2dc-4778-891b-decd59bd04d3@group-85E4BE6E1938-LeaderElection99] INFO  impl.LeaderElection (LogUtils.java:infoOrTrace(137)) -   Exception 1: java.util.concurrent.ExecutionException: org.apache.ratis.thirdparty.io.grpc.StatusRuntimeException: UNAVAILABLE: io exception
2021-11-09 00:57:52,766 [4430b70e-e2dc-4778-891b-decd59bd04d3@group-85E4BE6E1938-LeaderElection99] INFO  impl.LeaderElection (LeaderElection.java:askForVotes(308)) - 4430b70e-e2dc-4778-891b-decd59bd04d3@group-85E4BE6E1938-LeaderElection99 ELECTION round 0: result PASSED
2021-11-09 00:57:52,766 [4430b70e-e2dc-4778-891b-decd59bd04d3@group-85E4BE6E1938-LeaderElection99] INFO  impl.RoleInfo (RoleInfo.java:shutdownLeaderElection(121)) - 4430b70e-e2dc-4778-891b-decd59bd04d3: shutdown 4430b70e-e2dc-4778-891b-decd59bd04d3@group-85E4BE6E1938-LeaderElection99
2021-11-09 00:57:52,766 [4430b70e-e2dc-4778-891b-decd59bd04d3@group-85E4BE6E1938-LeaderElection99] INFO  server.RaftServer$Division (RaftServerImpl.java:setRole(290)) - 4430b70e-e2dc-4778-891b-decd59bd04d3@group-85E4BE6E1938: changes role from CANDIDATE to LEADER at term 3 for changeToLeader
2021-11-09 00:57:52,766 [4430b70e-e2dc-4778-891b-decd59bd04d3@group-85E4BE6E1938-LeaderElection99] INFO  ratis.XceiverServerRatis (XceiverServerRatis.java:handleLeaderChangedNotification(866)) - Leader change notification received for group: group-85E4BE6E1938 with new leaderId: 4430b70e-e2dc-4778-891b-decd59bd04d3
2021-11-09 00:57:52,766 [4430b70e-e2dc-4778-891b-decd59bd04d3@group-85E4BE6E1938-LeaderElection99] INFO  server.RaftServer$Division (ServerState.java:setLeader(285)) - 4430b70e-e2dc-4778-891b-decd59bd04d3@group-85E4BE6E1938: change Leader from null to 4430b70e-e2dc-4778-891b-decd59bd04d3 at term 3 for becomeLeader, leader elected after 15597ms
2021-11-09 00:57:52,766 [4430b70e-e2dc-4778-891b-decd59bd04d3@group-85E4BE6E1938-LeaderElection99] INFO  server.RaftServerConfigKeys (ConfUtils.java:logGet(44)) - raft.server.staging.catchup.gap = 1000 (default)
2021-11-09 00:57:52,766 [4430b70e-e2dc-4778-891b-decd59bd04d3@group-85E4BE6E1938-LeaderElection99] INFO  server.RaftServerConfigKeys (ConfUtils.java:logGet(44)) - raft.server.write.element-limit = 1024 (custom)
2021-11-09 00:57:52,766 [4430b70e-e2dc-4778-891b-decd59bd04d3@group-85E4BE6E1938-LeaderElection99] INFO  server.RaftServerConfigKeys (ConfUtils.java:logGet(44)) - raft.server.write.byte-limit = 1024 M (=1073741824) (custom)
2021-11-09 00:57:52,767 [4430b70e-e2dc-4778-891b-decd59bd04d3@group-85E4BE6E1938-LeaderElection99] INFO  server.RaftServerConfigKeys (ConfUtils.java:logGet(44)) - raft.server.watch.timeout = 3000ms (custom)
2021-11-09 00:57:52,767 [4430b70e-e2dc-4778-891b-decd59bd04d3@group-85E4BE6E1938-LeaderElection99] INFO  server.RaftServerConfigKeys (ConfUtils.java:logGet(44)) - raft.server.watch.timeout.denomination = 1s (default)
2021-11-09 00:57:52,767 [4430b70e-e2dc-4778-891b-decd59bd04d3@group-85E4BE6E1938-LeaderElection99] INFO  server.RaftServerConfigKeys (ConfUtils.java:logGet(44)) - raft.server.watch.element-limit = 65536 (default)
2021-11-09 00:57:52,767 [4430b70e-e2dc-4778-891b-decd59bd04d3@group-85E4BE6E1938-LeaderElection99] INFO  server.RaftServerConfigKeys (ConfUtils.java:logGet(44)) - raft.server.write.element-limit = 1024 (custom)
2021-11-09 00:57:52,767 [4430b70e-e2dc-4778-891b-decd59bd04d3@group-85E4BE6E1938-LeaderElection99] INFO  server.RaftServerConfigKeys (ConfUtils.java:logGet(44)) - raft.server.write.follower.gap.ratio.max = -1.0 (default)
2021-11-09 00:57:52,767 [4430b70e-e2dc-4778-891b-decd59bd04d3@group-85E4BE6E1938-LeaderElection99] INFO  server.RaftServerConfigKeys (ConfUtils.java:logGet(44)) - raft.server.log.appender.snapshot.chunk.size.max = 16MB (=16777216) (default)
2021-11-09 00:57:52,767 [4430b70e-e2dc-4778-891b-decd59bd04d3@group-85E4BE6E1938-LeaderElection99] INFO  server.RaftServerConfigKeys (ConfUtils.java:logGet(44)) - raft.server.log.appender.buffer.byte-limit = 33554432 (custom)
2021-11-09 00:57:52,767 [4430b70e-e2dc-4778-891b-decd59bd04d3@group-85E4BE6E1938-LeaderElection99] INFO  server.RaftServerConfigKeys (ConfUtils.java:logGet(44)) - raft.server.log.appender.buffer.element-limit = 1 (custom)
2021-11-09 00:57:52,767 [4430b70e-e2dc-4778-891b-decd59bd04d3@group-85E4BE6E1938-LeaderElection99] INFO  grpc.GrpcConfigKeys (ConfUtils.java:logGet(44)) - raft.grpc.server.leader.outstanding.appends.max = 128 (default)
2021-11-09 00:57:52,767 [4430b70e-e2dc-4778-891b-decd59bd04d3@group-85E4BE6E1938-LeaderElection99] INFO  server.RaftServerConfigKeys (ConfUtils.java:logGet(44)) - raft.server.rpc.request.timeout = 3000ms (default)
2021-11-09 00:57:52,767 [4430b70e-e2dc-4778-891b-decd59bd04d3@group-85E4BE6E1938-LeaderElection99] INFO  server.RaftServerConfigKeys (ConfUtils.java:logGet(44)) - raft.server.log.appender.install.snapshot.enabled = false (custom)
2021-11-09 00:57:52,768 [4430b70e-e2dc-4778-891b-decd59bd04d3@group-85E4BE6E1938-LeaderElection99] INFO  server.RaftServerConfigKeys (ConfUtils.java:logGet(44)) - raft.server.log.appender.snapshot.chunk.size.max = 16MB (=16777216) (default)
2021-11-09 00:57:52,768 [4430b70e-e2dc-4778-891b-decd59bd04d3@group-85E4BE6E1938-LeaderElection99] INFO  server.RaftServerConfigKeys (ConfUtils.java:logGet(44)) - raft.server.log.appender.buffer.byte-limit = 33554432 (custom)
2021-11-09 00:57:52,769 [4430b70e-e2dc-4778-891b-decd59bd04d3@group-85E4BE6E1938-LeaderElection99] INFO  server.RaftServerConfigKeys (ConfUtils.java:logGet(44)) - raft.server.log.appender.buffer.element-limit = 1 (custom)
2021-11-09 00:57:52,769 [4430b70e-e2dc-4778-891b-decd59bd04d3@group-85E4BE6E1938-LeaderElection99] INFO  grpc.GrpcConfigKeys (ConfUtils.java:logGet(44)) - raft.grpc.server.leader.outstanding.appends.max = 128 (default)
2021-11-09 00:57:52,769 [4430b70e-e2dc-4778-891b-decd59bd04d3@group-85E4BE6E1938-LeaderElection99] INFO  server.RaftServerConfigKeys (ConfUtils.java:logGet(44)) - raft.server.rpc.request.timeout = 3000ms (default)
2021-11-09 00:57:52,769 [4430b70e-e2dc-4778-891b-decd59bd04d3@group-85E4BE6E1938-LeaderElection99] INFO  server.RaftServerConfigKeys (ConfUtils.java:logGet(44)) - raft.server.log.appender.install.snapshot.enabled = false (custom)
2021-11-09 00:57:52,770 [4430b70e-e2dc-4778-891b-decd59bd04d3@group-85E4BE6E1938-LeaderElection99] INFO  impl.RoleInfo (RoleInfo.java:updateAndGet(130)) - 4430b70e-e2dc-4778-891b-decd59bd04d3: start 4430b70e-e2dc-4778-891b-decd59bd04d3@group-85E4BE6E1938-LeaderStateImpl
2021-11-09 00:57:52,770 [4430b70e-e2dc-4778-891b-decd59bd04d3@group-85E4BE6E1938-LeaderElection99] INFO  segmented.SegmentedRaftLogWorker (SegmentedRaftLogWorker.java:startLogSegment(394)) - 4430b70e-e2dc-4778-891b-decd59bd04d3@group-85E4BE6E1938-SegmentedRaftLogWorker: Starting segment from index:0
2021-11-09 00:57:52,772 [4430b70e-e2dc-4778-891b-decd59bd04d3@group-85E4BE6E1938-SegmentedRaftLogWorker] INFO  segmented.SegmentedRaftLogWorker (SegmentedRaftLogWorker.java:execute(601)) - 4430b70e-e2dc-4778-891b-decd59bd04d3@group-85E4BE6E1938-SegmentedRaftLogWorker: created new log segment /home/runner/work/ozone/ozone/hadoop-ozone/integration-test/target/test-dir/MiniOzoneClusterImpl-cebd3685-2b3d-4639-9f0f-41911e64574b/datanode-0/data/ratis/d8b699f5-3b3a-40b5-aba8-85e4be6e1938/current/log_inprogress_0
2021-11-09 00:57:52,811 [grpc-default-executor-4] WARN  server.GrpcLogAppender (LogUtils.java:warn(122)) - c17442c2-57b8-4ea9-a6b0-3a357e556ad2@group-E6C37EB65C07->bcfee08b-42a0-42f4-970e-f61215d4b324-AppendLogResponseHandler: Failed appendEntries: org.apache.ratis.thirdparty.io.grpc.StatusRuntimeException: UNAVAILABLE: io exception
2021-11-09 00:57:52,812 [grpc-default-executor-4] WARN  server.GrpcLogAppender (GrpcLogAppender.java:resetClient(110)) - c17442c2-57b8-4ea9-a6b0-3a357e556ad2@group-E6C37EB65C07->bcfee08b-42a0-42f4-970e-f61215d4b324-GrpcLogAppender: Leader has not got in touch with Follower c17442c2-57b8-4ea9-a6b0-3a357e556ad2@group-E6C37EB65C07->bcfee08b-42a0-42f4-970e-f61215d4b324(c0,m0,n1, attendVote=true, lastRpcSendTime=4, lastRpcResponseTime=12581) yet, just keep nextIndex unchanged and retry.
2021-11-09 00:57:52,815 [grpc-default-executor-4] WARN  server.GrpcLogAppender (LogUtils.java:warn(122)) - 4430b70e-e2dc-4778-891b-decd59bd04d3@group-85E4BE6E1938->d5ae86a0-e3e8-461b-b600-8c2d036507b1-AppendLogResponseHandler: Failed appendEntries: org.apache.ratis.thirdparty.io.grpc.StatusRuntimeException: UNAVAILABLE: io exception
2021-11-09 00:57:52,824 [grpc-default-executor-4] WARN  server.GrpcLogAppender (GrpcLogAppender.java:resetClient(110)) - 4430b70e-e2dc-4778-891b-decd59bd04d3@group-85E4BE6E1938->d5ae86a0-e3e8-461b-b600-8c2d036507b1-GrpcLogAppender: Leader has not got in touch with Follower 4430b70e-e2dc-4778-891b-decd59bd04d3@group-85E4BE6E1938->d5ae86a0-e3e8-461b-b600-8c2d036507b1(c-1,m0,n1, attendVote=true, lastRpcSendTime=11, lastRpcResponseTime=5257) yet, just keep nextIndex unchanged and retry.
2021-11-09 00:57:52,825 [grpc-default-executor-1] INFO  ratis.XceiverServerRatis (XceiverServerRatis.java:handleLeaderChangedNotification(866)) - Leader change notification received for group: group-85E4BE6E1938 with new leaderId: 4430b70e-e2dc-4778-891b-decd59bd04d3
2021-11-09 00:57:52,825 [grpc-default-executor-1] INFO  server.RaftServer$Division (ServerState.java:setLeader(285)) - 43136673-c093-486b-8a61-55aa3fed1341@group-85E4BE6E1938: change Leader from null to 4430b70e-e2dc-4778-891b-decd59bd04d3 at term 3 for appendEntries, leader elected after 15684ms
2021-11-09 00:57:52,890 [4430b70e-e2dc-4778-891b-decd59bd04d3@group-85E4BE6E1938-LeaderElection99] INFO  server.RaftServer$Division (ServerState.java:setRaftConf(387)) - 4430b70e-e2dc-4778-891b-decd59bd04d3@group-85E4BE6E1938: set configuration 0: [4430b70e-e2dc-4778-891b-decd59bd04d3|rpc:10.1.0.58:37555|dataStream:|priority:0, d5ae86a0-e3e8-461b-b600-8c2d036507b1|rpc:10.1.0.58:45525|dataStream:|priority:1, 43136673-c093-486b-8a61-55aa3fed1341|rpc:10.1.0.58:34809|dataStream:|priority:0], old=null
2021-11-09 00:57:52,952 [grpc-default-executor-1] INFO  server.RaftServer$Division (ServerState.java:setRaftConf(387)) - 43136673-c093-486b-8a61-55aa3fed1341@group-85E4BE6E1938: set configuration 0: [4430b70e-e2dc-4778-891b-decd59bd04d3|rpc:10.1.0.58:37555|dataStream:|priority:0, d5ae86a0-e3e8-461b-b600-8c2d036507b1|rpc:10.1.0.58:45525|dataStream:|priority:1, 43136673-c093-486b-8a61-55aa3fed1341|rpc:10.1.0.58:34809|dataStream:|priority:0], old=null
2021-11-09 00:57:52,952 [grpc-default-executor-1] INFO  segmented.SegmentedRaftLogWorker (SegmentedRaftLogWorker.java:startLogSegment(394)) - 43136673-c093-486b-8a61-55aa3fed1341@group-85E4BE6E1938-SegmentedRaftLogWorker: Starting segment from index:0
2021-11-09 00:57:52,957 [43136673-c093-486b-8a61-55aa3fed1341@group-85E4BE6E1938-SegmentedRaftLogWorker] INFO  segmented.SegmentedRaftLogWorker (SegmentedRaftLogWorker.java:execute(601)) - 43136673-c093-486b-8a61-55aa3fed1341@group-85E4BE6E1938-SegmentedRaftLogWorker: created new log segment /home/runner/work/ozone/ozone/hadoop-ozone/integration-test/target/test-dir/MiniOzoneClusterImpl-cebd3685-2b3d-4639-9f0f-41911e64574b/datanode-2/data/ratis/d8b699f5-3b3a-40b5-aba8-85e4be6e1938/current/log_inprogress_0
2021-11-09 00:57:53,525 [Listener at 127.0.0.1/34135] INFO  statemachine.DatanodeStateMachine (DatanodeStateMachine.java:stopDaemon(526)) - Ozone container server stopped.
2021-11-09 00:57:53,526 [Listener at 127.0.0.1/34135] INFO  handler.ContextHandler (ContextHandler.java:doStop(1153)) - Stopped o.e.j.w.WebAppContext@3b356b13{hddsDatanode,/,null,STOPPED}{jar:file:/home/runner/.m2/repository/org/apache/ozone/hdds-container-service/1.2.0-SNAPSHOT/hdds-container-service-1.2.0-SNAPSHOT.jar!/webapps/hddsDatanode}
2021-11-09 00:57:53,527 [Listener at 127.0.0.1/34135] INFO  server.AbstractConnector (AbstractConnector.java:doStop(381)) - Stopped ServerConnector@1fb9769f{HTTP/1.1, (http/1.1)}{0.0.0.0:0}
2021-11-09 00:57:53,527 [Listener at 127.0.0.1/34135] INFO  server.session (HouseKeeper.java:stopScavenging(149)) - node0 Stopped scavenging
2021-11-09 00:57:53,527 [Listener at 127.0.0.1/34135] INFO  handler.ContextHandler (ContextHandler.java:doStop(1153)) - Stopped o.e.j.s.ServletContextHandler@46d991e9{static,/static,jar:file:/home/runner/.m2/repository/org/apache/ozone/hdds-container-service/1.2.0-SNAPSHOT/hdds-container-service-1.2.0-SNAPSHOT.jar!/webapps/static,STOPPED}
2021-11-09 00:57:53,527 [Listener at 127.0.0.1/34135] INFO  handler.ContextHandler (ContextHandler.java:doStop(1153)) - Stopped o.e.j.s.ServletContextHandler@6930d69c{logs,/logs,file:///home/runner/work/ozone/ozone/hadoop-ozone/integration-test/target/log,STOPPED}
2021-11-09 00:57:54,566 [grpc-default-executor-4] WARN  server.GrpcLogAppender (LogUtils.java:warn(122)) - 5b8b357e-6f93-4947-883b-a4d8a2742106@group-97D8B41C262F->bcfee08b-42a0-42f4-970e-f61215d4b324-AppendLogResponseHandler: Failed appendEntries: org.apache.ratis.thirdparty.io.grpc.StatusRuntimeException: UNAVAILABLE: io exception
2021-11-09 00:57:54,567 [grpc-default-executor-4] WARN  server.GrpcLogAppender (GrpcLogAppender.java:resetClient(110)) - 5b8b357e-6f93-4947-883b-a4d8a2742106@group-97D8B41C262F->bcfee08b-42a0-42f4-970e-f61215d4b324-GrpcLogAppender: Leader has not got in touch with Follower 5b8b357e-6f93-4947-883b-a4d8a2742106@group-97D8B41C262F->bcfee08b-42a0-42f4-970e-f61215d4b324(c0,m0,n1, attendVote=true, lastRpcSendTime=2, lastRpcResponseTime=12575) yet, just keep nextIndex unchanged and retry.
2021-11-09 00:57:54,931 [EventQueue-StaleNodeForStaleNodeHandler] INFO  node.StaleNodeHandler (StaleNodeHandler.java:onMessage(58)) - Datanode 23aab0c3-4c3e-4cdc-9821-98cdf7e102fc{ip: 10.1.0.58, host: fv-az294-841.eaanfquahm5ulb5tj050gcxych.jx.internal.cloudapp.net, ports: [REPLICATION=35683, RATIS=33649, RATIS_ADMIN=33649, RATIS_SERVER=33649, STANDALONE=34371], networkLocation: /default-rack, certSerialId: null, persistedOpState: IN_SERVICE, persistedOpStateExpiryEpochSec: 0} moved to stale state. Finalizing its pipelines [PipelineID=dd50b01f-64a3-4837-8588-cf94859226f3]
2021-11-09 00:57:54,932 [EventQueue-StaleNodeForStaleNodeHandler] INFO  pipeline.PipelineManagerImpl (PipelineManagerImpl.java:closePipeline(349)) - Pipeline Pipeline[ Id: dd50b01f-64a3-4837-8588-cf94859226f3, Nodes: 23aab0c3-4c3e-4cdc-9821-98cdf7e102fc{ip: 10.1.0.58, host: fv-az294-841.eaanfquahm5ulb5tj050gcxych.jx.internal.cloudapp.net, ports: [REPLICATION=35683, RATIS=33649, RATIS_ADMIN=33649, RATIS_SERVER=33649, STANDALONE=34371], networkLocation: /default-rack, certSerialId: null, persistedOpState: IN_SERVICE, persistedOpStateExpiryEpochSec: 0}, ReplicationConfig: RATIS/ONE, State:OPEN, leaderId:23aab0c3-4c3e-4cdc-9821-98cdf7e102fc, CreationTimestamp2021-11-09T00:56:34.577Z[Etc/UTC]] moved to CLOSED state
2021-11-09 00:57:55,311 [grpc-default-executor-4] WARN  server.GrpcLogAppender (LogUtils.java:warn(122)) - c17442c2-57b8-4ea9-a6b0-3a357e556ad2@group-E6C37EB65C07->bcfee08b-42a0-42f4-970e-f61215d4b324-AppendLogResponseHandler: Failed appendEntries: org.apache.ratis.thirdparty.io.grpc.StatusRuntimeException: UNAVAILABLE: io exception
2021-11-09 00:57:55,312 [grpc-default-executor-4] WARN  server.GrpcLogAppender (GrpcLogAppender.java:resetClient(110)) - c17442c2-57b8-4ea9-a6b0-3a357e556ad2@group-E6C37EB65C07->bcfee08b-42a0-42f4-970e-f61215d4b324-GrpcLogAppender: Leader has not got in touch with Follower c17442c2-57b8-4ea9-a6b0-3a357e556ad2@group-E6C37EB65C07->bcfee08b-42a0-42f4-970e-f61215d4b324(c0,m0,n1, attendVote=true, lastRpcSendTime=0, lastRpcResponseTime=15081) yet, just keep nextIndex unchanged and retry.
2021-11-09 00:57:55,332 [grpc-default-executor-1] WARN  server.GrpcLogAppender (LogUtils.java:warn(122)) - 4430b70e-e2dc-4778-891b-decd59bd04d3@group-85E4BE6E1938->d5ae86a0-e3e8-461b-b600-8c2d036507b1-AppendLogResponseHandler: Failed appendEntries: org.apache.ratis.thirdparty.io.grpc.StatusRuntimeException: UNAVAILABLE: io exception
2021-11-09 00:57:55,333 [grpc-default-executor-1] WARN  server.GrpcLogAppender (GrpcLogAppender.java:resetClient(110)) - 4430b70e-e2dc-4778-891b-decd59bd04d3@group-85E4BE6E1938->d5ae86a0-e3e8-461b-b600-8c2d036507b1-GrpcLogAppender: Leader has not got in touch with Follower 4430b70e-e2dc-4778-891b-decd59bd04d3@group-85E4BE6E1938->d5ae86a0-e3e8-461b-b600-8c2d036507b1(c-1,m0,n1, attendVote=true, lastRpcSendTime=0, lastRpcResponseTime=7765) yet, just keep nextIndex unchanged and retry.
2021-11-09 00:57:56,447 [EventQueue-DeadNodeForDeadNodeHandler] INFO  node.DeadNodeHandler (DeadNodeHandler.java:onMessage(80)) - A dead datanode is detected. bcfee08b-42a0-42f4-970e-f61215d4b324{ip: 10.1.0.58, host: fv-az294-841.eaanfquahm5ulb5tj050gcxych.jx.internal.cloudapp.net, ports: [REPLICATION=34927, RATIS=34235, RATIS_ADMIN=34235, RATIS_SERVER=34235, STANDALONE=38335], networkLocation: /default-rack, certSerialId: null, persistedOpState: IN_SERVICE, persistedOpStateExpiryEpochSec: 0}
2021-11-09 00:57:56,448 [EventQueue-DeadNodeForDeadNodeHandler] INFO  pipeline.RatisPipelineProvider (RatisPipelineProvider.java:lambda$close$1(222)) - Send pipeline:PipelineID=ea6969dd-5a78-408d-a075-042a55ef5780 close command to datanode bcfee08b-42a0-42f4-970e-f61215d4b324
2021-11-09 00:57:56,448 [EventQueue-DeadNodeForDeadNodeHandler] INFO  pipeline.PipelineStateManagerImpl (PipelineStateManagerImpl.java:removePipeline(223)) - Pipeline Pipeline[ Id: ea6969dd-5a78-408d-a075-042a55ef5780, Nodes: bcfee08b-42a0-42f4-970e-f61215d4b324{ip: 10.1.0.58, host: fv-az294-841.eaanfquahm5ulb5tj050gcxych.jx.internal.cloudapp.net, ports: [REPLICATION=34927, RATIS=34235, RATIS_ADMIN=34235, RATIS_SERVER=34235, STANDALONE=38335], networkLocation: /default-rack, certSerialId: null, persistedOpState: IN_SERVICE, persistedOpStateExpiryEpochSec: 0}, ReplicationConfig: RATIS/ONE, State:CLOSED, leaderId:bcfee08b-42a0-42f4-970e-f61215d4b324, CreationTimestamp2021-11-09T00:56:33.493Z[Etc/UTC]] removed.
2021-11-09 00:57:56,448 [EventQueue-DeadNodeForDeadNodeHandler] INFO  pipeline.RatisPipelineProvider (RatisPipelineProvider.java:lambda$close$1(222)) - Send pipeline:PipelineID=1bb12178-3f10-4ea1-9e56-97d8b41c262f close command to datanode bcfee08b-42a0-42f4-970e-f61215d4b324
2021-11-09 00:57:56,448 [EventQueue-DeadNodeForDeadNodeHandler] INFO  pipeline.RatisPipelineProvider (RatisPipelineProvider.java:lambda$close$1(222)) - Send pipeline:PipelineID=1bb12178-3f10-4ea1-9e56-97d8b41c262f close command to datanode 5b8b357e-6f93-4947-883b-a4d8a2742106
2021-11-09 00:57:56,448 [EventQueue-DeadNodeForDeadNodeHandler] INFO  pipeline.RatisPipelineProvider (RatisPipelineProvider.java:lambda$close$1(222)) - Send pipeline:PipelineID=1bb12178-3f10-4ea1-9e56-97d8b41c262f close command to datanode c17442c2-57b8-4ea9-a6b0-3a357e556ad2
2021-11-09 00:57:56,448 [EventQueue-DeadNodeForDeadNodeHandler] INFO  pipeline.PipelineStateManagerImpl (PipelineStateManagerImpl.java:removePipeline(223)) - Pipeline Pipeline[ Id: 1bb12178-3f10-4ea1-9e56-97d8b41c262f, Nodes: bcfee08b-42a0-42f4-970e-f61215d4b324{ip: 10.1.0.58, host: fv-az294-841.eaanfquahm5ulb5tj050gcxych.jx.internal.cloudapp.net, ports: [REPLICATION=34927, RATIS=34235, RATIS_ADMIN=34235, RATIS_SERVER=34235, STANDALONE=38335], networkLocation: /default-rack, certSerialId: null, persistedOpState: IN_SERVICE, persistedOpStateExpiryEpochSec: 0}5b8b357e-6f93-4947-883b-a4d8a2742106{ip: 10.1.0.58, host: fv-az294-841.eaanfquahm5ulb5tj050gcxych.jx.internal.cloudapp.net, ports: [REPLICATION=38571, RATIS=46289, RATIS_ADMIN=46289, RATIS_SERVER=46289, STANDALONE=44983], networkLocation: /default-rack, certSerialId: null, persistedOpState: IN_SERVICE, persistedOpStateExpiryEpochSec: 0}c17442c2-57b8-4ea9-a6b0-3a357e556ad2{ip: 10.1.0.58, host: fv-az294-841.eaanfquahm5ulb5tj050gcxych.jx.internal.cloudapp.net, ports: [REPLICATION=46747, RATIS=33767, RATIS_ADMIN=33767, RATIS_SERVER=33767, STANDALONE=35241], networkLocation: /default-rack, certSerialId: null, persistedOpState: IN_SERVICE, persistedOpStateExpiryEpochSec: 0}, ReplicationConfig: RATIS/THREE, State:CLOSED, leaderId:5b8b357e-6f93-4947-883b-a4d8a2742106, CreationTimestamp2021-11-09T00:56:34.063Z[Etc/UTC]] removed.
2021-11-09 00:57:56,448 [EventQueue-DeadNodeForDeadNodeHandler] INFO  pipeline.RatisPipelineProvider (RatisPipelineProvider.java:lambda$close$1(222)) - Send pipeline:PipelineID=33dc0aea-e458-4224-86b0-e6c37eb65c07 close command to datanode c17442c2-57b8-4ea9-a6b0-3a357e556ad2
2021-11-09 00:57:56,448 [EventQueue-DeadNodeForDeadNodeHandler] INFO  pipeline.RatisPipelineProvider (RatisPipelineProvider.java:lambda$close$1(222)) - Send pipeline:PipelineID=33dc0aea-e458-4224-86b0-e6c37eb65c07 close command to datanode bcfee08b-42a0-42f4-970e-f61215d4b324
2021-11-09 00:57:56,448 [EventQueue-DeadNodeForDeadNodeHandler] INFO  pipeline.RatisPipelineProvider (RatisPipelineProvider.java:lambda$close$1(222)) - Send pipeline:PipelineID=33dc0aea-e458-4224-86b0-e6c37eb65c07 close command to datanode 5b8b357e-6f93-4947-883b-a4d8a2742106
2021-11-09 00:57:56,449 [EventQueue-DeadNodeForDeadNodeHandler] INFO  pipeline.PipelineStateManagerImpl (PipelineStateManagerImpl.java:removePipeline(223)) - Pipeline Pipeline[ Id: 33dc0aea-e458-4224-86b0-e6c37eb65c07, Nodes: c17442c2-57b8-4ea9-a6b0-3a357e556ad2{ip: 10.1.0.58, host: fv-az294-841.eaanfquahm5ulb5tj050gcxych.jx.internal.cloudapp.net, ports: [REPLICATION=46747, RATIS=33767, RATIS_ADMIN=33767, RATIS_SERVER=33767, STANDALONE=35241], networkLocation: /default-rack, certSerialId: null, persistedOpState: IN_SERVICE, persistedOpStateExpiryEpochSec: 0}bcfee08b-42a0-42f4-970e-f61215d4b324{ip: 10.1.0.58, host: fv-az294-841.eaanfquahm5ulb5tj050gcxych.jx.internal.cloudapp.net, ports: [REPLICATION=34927, RATIS=34235, RATIS_ADMIN=34235, RATIS_SERVER=34235, STANDALONE=38335], networkLocation: /default-rack, certSerialId: null, persistedOpState: IN_SERVICE, persistedOpStateExpiryEpochSec: 0}5b8b357e-6f93-4947-883b-a4d8a2742106{ip: 10.1.0.58, host: fv-az294-841.eaanfquahm5ulb5tj050gcxych.jx.internal.cloudapp.net, ports: [REPLICATION=38571, RATIS=46289, RATIS_ADMIN=46289, RATIS_SERVER=46289, STANDALONE=44983], networkLocation: /default-rack, certSerialId: null, persistedOpState: IN_SERVICE, persistedOpStateExpiryEpochSec: 0}, ReplicationConfig: RATIS/THREE, State:CLOSED, leaderId:c17442c2-57b8-4ea9-a6b0-3a357e556ad2, CreationTimestamp2021-11-09T00:56:34.064Z[Etc/UTC]] removed.
2021-11-09 00:57:56,449 [EventQueue-DeadNodeForDeadNodeHandler] INFO  net.NetworkTopologyImpl (NetworkTopologyImpl.java:remove(137)) - Removed a node: /default-rack/bcfee08b-42a0-42f4-970e-f61215d4b324
2021-11-09 00:57:57,058 [EventQueue-DeadNodeForDeadNodeHandler] INFO  node.DeadNodeHandler (DeadNodeHandler.java:onMessage(80)) - A dead datanode is detected. d5ae86a0-e3e8-461b-b600-8c2d036507b1{ip: 10.1.0.58, host: fv-az294-841.eaanfquahm5ulb5tj050gcxych.jx.internal.cloudapp.net, ports: [REPLICATION=37421, RATIS=45525, RATIS_ADMIN=45525, RATIS_SERVER=45525, STANDALONE=35155], networkLocation: /default-rack, certSerialId: null, persistedOpState: IN_SERVICE, persistedOpStateExpiryEpochSec: 0}
2021-11-09 00:57:57,058 [EventQueue-DeadNodeForDeadNodeHandler] INFO  pipeline.RatisPipelineProvider (RatisPipelineProvider.java:lambda$close$1(222)) - Send pipeline:PipelineID=d8b699f5-3b3a-40b5-aba8-85e4be6e1938 close command to datanode 43136673-c093-486b-8a61-55aa3fed1341
2021-11-09 00:57:57,058 [EventQueue-DeadNodeForDeadNodeHandler] INFO  pipeline.RatisPipelineProvider (RatisPipelineProvider.java:lambda$close$1(222)) - Send pipeline:PipelineID=d8b699f5-3b3a-40b5-aba8-85e4be6e1938 close command to datanode 4430b70e-e2dc-4778-891b-decd59bd04d3
2021-11-09 00:57:57,058 [EventQueue-DeadNodeForDeadNodeHandler] INFO  pipeline.RatisPipelineProvider (RatisPipelineProvider.java:lambda$close$1(222)) - Send pipeline:PipelineID=d8b699f5-3b3a-40b5-aba8-85e4be6e1938 close command to datanode d5ae86a0-e3e8-461b-b600-8c2d036507b1
2021-11-09 00:57:57,059 [EventQueue-DeadNodeForDeadNodeHandler] INFO  pipeline.PipelineStateManagerImpl (PipelineStateManagerImpl.java:removePipeline(223)) - Pipeline Pipeline[ Id: d8b699f5-3b3a-40b5-aba8-85e4be6e1938, Nodes: 43136673-c093-486b-8a61-55aa3fed1341{ip: 10.1.0.58, host: fv-az294-841.eaanfquahm5ulb5tj050gcxych.jx.internal.cloudapp.net, ports: [REPLICATION=33899, RATIS=34809, RATIS_ADMIN=34809, RATIS_SERVER=34809, STANDALONE=39677], networkLocation: /default-rack, certSerialId: null, persistedOpState: IN_SERVICE, persistedOpStateExpiryEpochSec: 0}4430b70e-e2dc-4778-891b-decd59bd04d3{ip: 10.1.0.58, host: fv-az294-841.eaanfquahm5ulb5tj050gcxych.jx.internal.cloudapp.net, ports: [REPLICATION=41031, RATIS=37555, RATIS_ADMIN=37555, RATIS_SERVER=37555, STANDALONE=43879], networkLocation: /default-rack, certSerialId: null, persistedOpState: IN_SERVICE, persistedOpStateExpiryEpochSec: 0}d5ae86a0-e3e8-461b-b600-8c2d036507b1{ip: 10.1.0.58, host: fv-az294-841.eaanfquahm5ulb5tj050gcxych.jx.internal.cloudapp.net, ports: [REPLICATION=37421, RATIS=45525, RATIS_ADMIN=45525, RATIS_SERVER=45525, STANDALONE=35155], networkLocation: /default-rack, certSerialId: null, persistedOpState: IN_SERVICE, persistedOpStateExpiryEpochSec: 0}, ReplicationConfig: RATIS/THREE, State:CLOSED, leaderId:4430b70e-e2dc-4778-891b-decd59bd04d3, CreationTimestamp2021-11-09T00:57:35.514Z[Etc/UTC]] removed.
2021-11-09 00:57:57,059 [EventQueue-DeadNodeForDeadNodeHandler] INFO  pipeline.RatisPipelineProvider (RatisPipelineProvider.java:lambda$close$1(222)) - Send pipeline:PipelineID=8a6dbd94-094e-4d27-9e96-4de1d93f2384 close command to datanode 43136673-c093-486b-8a61-55aa3fed1341
2021-11-09 00:57:57,059 [EventQueue-DeadNodeForDeadNodeHandler] INFO  pipeline.RatisPipelineProvider (RatisPipelineProvider.java:lambda$close$1(222)) - Send pipeline:PipelineID=8a6dbd94-094e-4d27-9e96-4de1d93f2384 close command to datanode 4430b70e-e2dc-4778-891b-decd59bd04d3
2021-11-09 00:57:57,059 [EventQueue-DeadNodeForDeadNodeHandler] INFO  pipeline.RatisPipelineProvider (RatisPipelineProvider.java:lambda$close$1(222)) - Send pipeline:PipelineID=8a6dbd94-094e-4d27-9e96-4de1d93f2384 close command to datanode d5ae86a0-e3e8-461b-b600-8c2d036507b1
2021-11-09 00:57:57,059 [EventQueue-DeadNodeForDeadNodeHandler] INFO  pipeline.PipelineStateManagerImpl (PipelineStateManagerImpl.java:removePipeline(223)) - Pipeline Pipeline[ Id: 8a6dbd94-094e-4d27-9e96-4de1d93f2384, Nodes: 43136673-c093-486b-8a61-55aa3fed1341{ip: 10.1.0.58, host: fv-az294-841.eaanfquahm5ulb5tj050gcxych.jx.internal.cloudapp.net, ports: [REPLICATION=33899, RATIS=34809, RATIS_ADMIN=34809, RATIS_SERVER=34809, STANDALONE=39677], networkLocation: /default-rack, certSerialId: null, persistedOpState: IN_SERVICE, persistedOpStateExpiryEpochSec: 0}4430b70e-e2dc-4778-891b-decd59bd04d3{ip: 10.1.0.58, host: fv-az294-841.eaanfquahm5ulb5tj050gcxych.jx.internal.cloudapp.net, ports: [REPLICATION=41031, RATIS=37555, RATIS_ADMIN=37555, RATIS_SERVER=37555, STANDALONE=43879], networkLocation: /default-rack, certSerialId: null, persistedOpState: IN_SERVICE, persistedOpStateExpiryEpochSec: 0}d5ae86a0-e3e8-461b-b600-8c2d036507b1{ip: 10.1.0.58, host: fv-az294-841.eaanfquahm5ulb5tj050gcxych.jx.internal.cloudapp.net, ports: [REPLICATION=37421, RATIS=45525, RATIS_ADMIN=45525, RATIS_SERVER=45525, STANDALONE=35155], networkLocation: /default-rack, certSerialId: null, persistedOpState: IN_SERVICE, persistedOpStateExpiryEpochSec: 0}, ReplicationConfig: RATIS/THREE, State:CLOSED, leaderId:, CreationTimestamp2021-11-09T00:57:35.513Z[Etc/UTC]] removed.
2021-11-09 00:57:57,059 [EventQueue-DeadNodeForDeadNodeHandler] INFO  pipeline.RatisPipelineProvider (RatisPipelineProvider.java:lambda$close$1(222)) - Send pipeline:PipelineID=478d744c-76c7-4d18-9a74-e209cd9e23e2 close command to datanode d5ae86a0-e3e8-461b-b600-8c2d036507b1
2021-11-09 00:57:57,059 [EventQueue-DeadNodeForDeadNodeHandler] INFO  pipeline.PipelineStateManagerImpl (PipelineStateManagerImpl.java:removePipeline(223)) - Pipeline Pipeline[ Id: 478d744c-76c7-4d18-9a74-e209cd9e23e2, Nodes: d5ae86a0-e3e8-461b-b600-8c2d036507b1{ip: 10.1.0.58, host: fv-az294-841.eaanfquahm5ulb5tj050gcxych.jx.internal.cloudapp.net, ports: [REPLICATION=37421, RATIS=45525, RATIS_ADMIN=45525, RATIS_SERVER=45525, STANDALONE=35155], networkLocation: /default-rack, certSerialId: null, persistedOpState: IN_SERVICE, persistedOpStateExpiryEpochSec: 0}, ReplicationConfig: RATIS/ONE, State:CLOSED, leaderId:d5ae86a0-e3e8-461b-b600-8c2d036507b1, CreationTimestamp2021-11-09T00:56:32.252Z[Etc/UTC]] removed.
2021-11-09 00:57:57,059 [EventQueue-DeadNodeForDeadNodeHandler] INFO  net.NetworkTopologyImpl (NetworkTopologyImpl.java:remove(137)) - Removed a node: /default-rack/d5ae86a0-e3e8-461b-b600-8c2d036507b1
2021-11-09 00:57:57,111 [grpc-default-executor-4] WARN  server.GrpcLogAppender (LogUtils.java:warn(122)) - 5b8b357e-6f93-4947-883b-a4d8a2742106@group-97D8B41C262F->bcfee08b-42a0-42f4-970e-f61215d4b324-AppendLogResponseHandler: Failed appendEntries: org.apache.ratis.thirdparty.io.grpc.StatusRuntimeException: UNAVAILABLE: io exception
2021-11-09 00:57:57,112 [grpc-default-executor-4] WARN  server.GrpcLogAppender (GrpcLogAppender.java:resetClient(110)) - 5b8b357e-6f93-4947-883b-a4d8a2742106@group-97D8B41C262F->bcfee08b-42a0-42f4-970e-f61215d4b324-GrpcLogAppender: Leader has not got in touch with Follower 5b8b357e-6f93-4947-883b-a4d8a2742106@group-97D8B41C262F->bcfee08b-42a0-42f4-970e-f61215d4b324(c0,m0,n1, attendVote=true, lastRpcSendTime=2548, lastRpcResponseTime=15121) yet, just keep nextIndex unchanged and retry.
2021-11-09 00:57:57,125 [4430b70e-e2dc-4778-891b-decd59bd04d3@group-4DE1D93F2384-FollowerState] INFO  impl.FollowerState (FollowerState.java:run(134)) - 4430b70e-e2dc-4778-891b-decd59bd04d3@group-4DE1D93F2384-FollowerState: change to CANDIDATE, lastRpcElapsedTime:5182010417ns, electionTimeout:5179ms
2021-11-09 00:57:57,125 [4430b70e-e2dc-4778-891b-decd59bd04d3@group-4DE1D93F2384-FollowerState] INFO  impl.RoleInfo (RoleInfo.java:shutdownFollowerState(108)) - 4430b70e-e2dc-4778-891b-decd59bd04d3: shutdown 4430b70e-e2dc-4778-891b-decd59bd04d3@group-4DE1D93F2384-FollowerState
2021-11-09 00:57:57,126 [4430b70e-e2dc-4778-891b-decd59bd04d3@group-4DE1D93F2384-FollowerState] INFO  server.RaftServer$Division (RaftServerImpl.java:setRole(290)) - 4430b70e-e2dc-4778-891b-decd59bd04d3@group-4DE1D93F2384: changes role from  FOLLOWER to CANDIDATE at term 3 for changeToCandidate
2021-11-09 00:57:57,126 [4430b70e-e2dc-4778-891b-decd59bd04d3@group-4DE1D93F2384-FollowerState] INFO  server.RaftServerConfigKeys (ConfUtils.java:logGet(44)) - raft.server.leaderelection.pre-vote = false (custom)
2021-11-09 00:57:57,126 [4430b70e-e2dc-4778-891b-decd59bd04d3@group-4DE1D93F2384-FollowerState] INFO  impl.RoleInfo (RoleInfo.java:updateAndGet(130)) - 4430b70e-e2dc-4778-891b-decd59bd04d3: start 4430b70e-e2dc-4778-891b-decd59bd04d3@group-4DE1D93F2384-LeaderElection101
2021-11-09 00:57:57,179 [43136673-c093-486b-8a61-55aa3fed1341@group-4DE1D93F2384-FollowerState] INFO  impl.FollowerState (FollowerState.java:run(134)) - 43136673-c093-486b-8a61-55aa3fed1341@group-4DE1D93F2384-FollowerState: change to CANDIDATE, lastRpcElapsedTime:5215041513ns, electionTimeout:5183ms
2021-11-09 00:57:57,179 [43136673-c093-486b-8a61-55aa3fed1341@group-4DE1D93F2384-FollowerState] INFO  impl.RoleInfo (RoleInfo.java:shutdownFollowerState(108)) - 43136673-c093-486b-8a61-55aa3fed1341: shutdown 43136673-c093-486b-8a61-55aa3fed1341@group-4DE1D93F2384-FollowerState
2021-11-09 00:57:57,179 [43136673-c093-486b-8a61-55aa3fed1341@group-4DE1D93F2384-FollowerState] INFO  server.RaftServer$Division (RaftServerImpl.java:setRole(290)) - 43136673-c093-486b-8a61-55aa3fed1341@group-4DE1D93F2384: changes role from  FOLLOWER to CANDIDATE at term 3 for changeToCandidate
2021-11-09 00:57:57,180 [43136673-c093-486b-8a61-55aa3fed1341@group-4DE1D93F2384-FollowerState] INFO  server.RaftServerConfigKeys (ConfUtils.java:logGet(44)) - raft.server.leaderelection.pre-vote = false (custom)
2021-11-09 00:57:57,181 [43136673-c093-486b-8a61-55aa3fed1341@group-4DE1D93F2384-FollowerState] INFO  impl.RoleInfo (RoleInfo.java:updateAndGet(130)) - 43136673-c093-486b-8a61-55aa3fed1341: start 43136673-c093-486b-8a61-55aa3fed1341@group-4DE1D93F2384-LeaderElection102
2021-11-09 00:57:57,191 [43136673-c093-486b-8a61-55aa3fed1341@group-4DE1D93F2384-LeaderElection102] INFO  impl.LeaderElection (LeaderElection.java:askForVotes(306)) - 43136673-c093-486b-8a61-55aa3fed1341@group-4DE1D93F2384-LeaderElection102 ELECTION round 0: submit vote requests at term 4 for -1: [4430b70e-e2dc-4778-891b-decd59bd04d3|rpc:10.1.0.58:37555|priority:1, d5ae86a0-e3e8-461b-b600-8c2d036507b1|rpc:10.1.0.58:45525|priority:0, 43136673-c093-486b-8a61-55aa3fed1341|rpc:10.1.0.58:34809|priority:0], old=null
2021-11-09 00:57:57,199 [4430b70e-e2dc-4778-891b-decd59bd04d3@group-4DE1D93F2384-LeaderElection101] INFO  impl.LeaderElection (LeaderElection.java:askForVotes(306)) - 4430b70e-e2dc-4778-891b-decd59bd04d3@group-4DE1D93F2384-LeaderElection101 ELECTION round 0: submit vote requests at term 4 for -1: [4430b70e-e2dc-4778-891b-decd59bd04d3|rpc:10.1.0.58:37555|dataStream:|priority:1, d5ae86a0-e3e8-461b-b600-8c2d036507b1|rpc:10.1.0.58:45525|dataStream:|priority:0, 43136673-c093-486b-8a61-55aa3fed1341|rpc:10.1.0.58:34809|dataStream:|priority:0], old=null
2021-11-09 00:57:57,229 [grpc-default-executor-4] INFO  server.RaftServer$Division (RaftServerImpl.java:requestVote(1046)) - 4430b70e-e2dc-4778-891b-decd59bd04d3@group-4DE1D93F2384: receive requestVote(ELECTION, 43136673-c093-486b-8a61-55aa3fed1341, group-4DE1D93F2384, 4, (t:0, i:0))
2021-11-09 00:57:57,229 [grpc-default-executor-4] INFO  impl.VoteContext (VoteContext.java:log(48)) - 4430b70e-e2dc-4778-891b-decd59bd04d3@group-4DE1D93F2384-CANDIDATE: reject ELECTION from 43136673-c093-486b-8a61-55aa3fed1341: already has voted for 4430b70e-e2dc-4778-891b-decd59bd04d3 at current term 4
2021-11-09 00:57:57,229 [grpc-default-executor-4] INFO  server.RaftServer$Division (RaftServerImpl.java:requestVote(1078)) - 4430b70e-e2dc-4778-891b-decd59bd04d3@group-4DE1D93F2384 replies to ELECTION vote request: 43136673-c093-486b-8a61-55aa3fed1341<-4430b70e-e2dc-4778-891b-decd59bd04d3#0:FAIL-t4. Peer's state: 4430b70e-e2dc-4778-891b-decd59bd04d3@group-4DE1D93F2384:t4, leader=null, voted=4430b70e-e2dc-4778-891b-decd59bd04d3, raftlog=4430b70e-e2dc-4778-891b-decd59bd04d3@group-4DE1D93F2384-SegmentedRaftLog:OPENED:c-1, conf=-1: [4430b70e-e2dc-4778-891b-decd59bd04d3|rpc:10.1.0.58:37555|dataStream:|priority:1, d5ae86a0-e3e8-461b-b600-8c2d036507b1|rpc:10.1.0.58:45525|dataStream:|priority:0, 43136673-c093-486b-8a61-55aa3fed1341|rpc:10.1.0.58:34809|dataStream:|priority:0], old=null
2021-11-09 00:57:57,237 [4430b70e-e2dc-4778-891b-decd59bd04d3@group-4DE1D93F2384-LeaderElection101] INFO  impl.LeaderElection (LogUtils.java:infoOrTrace(137)) - 4430b70e-e2dc-4778-891b-decd59bd04d3@group-4DE1D93F2384-LeaderElection101 got exception when requesting votes: java.util.concurrent.ExecutionException: org.apache.ratis.thirdparty.io.grpc.StatusRuntimeException: UNAVAILABLE: io exception
2021-11-09 00:57:57,240 [grpc-default-executor-4] INFO  server.RaftServer$Division (RaftServerImpl.java:requestVote(1046)) - 43136673-c093-486b-8a61-55aa3fed1341@group-4DE1D93F2384: receive requestVote(ELECTION, 4430b70e-e2dc-4778-891b-decd59bd04d3, group-4DE1D93F2384, 4, (t:0, i:0))
2021-11-09 00:57:57,240 [grpc-default-executor-4] INFO  impl.VoteContext (VoteContext.java:log(48)) - 43136673-c093-486b-8a61-55aa3fed1341@group-4DE1D93F2384-CANDIDATE: reject ELECTION from 4430b70e-e2dc-4778-891b-decd59bd04d3: already has voted for 43136673-c093-486b-8a61-55aa3fed1341 at current term 4
2021-11-09 00:57:57,240 [grpc-default-executor-4] INFO  server.RaftServer$Division (RaftServerImpl.java:requestVote(1078)) - 43136673-c093-486b-8a61-55aa3fed1341@group-4DE1D93F2384 replies to ELECTION vote request: 4430b70e-e2dc-4778-891b-decd59bd04d3<-43136673-c093-486b-8a61-55aa3fed1341#0:FAIL-t4. Peer's state: 43136673-c093-486b-8a61-55aa3fed1341@group-4DE1D93F2384:t4, leader=null, voted=43136673-c093-486b-8a61-55aa3fed1341, raftlog=43136673-c093-486b-8a61-55aa3fed1341@group-4DE1D93F2384-SegmentedRaftLog:OPENED:c-1, conf=-1: [4430b70e-e2dc-4778-891b-decd59bd04d3|rpc:10.1.0.58:37555|priority:1, d5ae86a0-e3e8-461b-b600-8c2d036507b1|rpc:10.1.0.58:45525|priority:0, 43136673-c093-486b-8a61-55aa3fed1341|rpc:10.1.0.58:34809|priority:0], old=null
2021-11-09 00:57:57,299 [43136673-c093-486b-8a61-55aa3fed1341@group-4DE1D93F2384-LeaderElection102] INFO  impl.LeaderElection (LeaderElection.java:logAndReturn(89)) - 43136673-c093-486b-8a61-55aa3fed1341@group-4DE1D93F2384-LeaderElection102: ELECTION REJECTED received 1 response(s) and 0 exception(s):
2021-11-09 00:57:57,299 [43136673-c093-486b-8a61-55aa3fed1341@group-4DE1D93F2384-LeaderElection102] INFO  impl.LeaderElection (LeaderElection.java:logAndReturn(93)) -   Response 0: 43136673-c093-486b-8a61-55aa3fed1341<-4430b70e-e2dc-4778-891b-decd59bd04d3#0:FAIL-t4
2021-11-09 00:57:57,299 [43136673-c093-486b-8a61-55aa3fed1341@group-4DE1D93F2384-LeaderElection102] INFO  impl.LeaderElection (LeaderElection.java:askForVotes(308)) - 43136673-c093-486b-8a61-55aa3fed1341@group-4DE1D93F2384-LeaderElection102 ELECTION round 0: result REJECTED
2021-11-09 00:57:57,299 [43136673-c093-486b-8a61-55aa3fed1341@group-4DE1D93F2384-LeaderElection102] INFO  server.RaftServer$Division (RaftServerImpl.java:setRole(290)) - 43136673-c093-486b-8a61-55aa3fed1341@group-4DE1D93F2384: changes role from CANDIDATE to FOLLOWER at term 4 for REJECTED
2021-11-09 00:57:57,300 [43136673-c093-486b-8a61-55aa3fed1341@group-4DE1D93F2384-LeaderElection102] INFO  impl.RoleInfo (RoleInfo.java:shutdownLeaderElection(121)) - 43136673-c093-486b-8a61-55aa3fed1341: shutdown 43136673-c093-486b-8a61-55aa3fed1341@group-4DE1D93F2384-LeaderElection102
2021-11-09 00:57:57,300 [43136673-c093-486b-8a61-55aa3fed1341@group-4DE1D93F2384-LeaderElection102] INFO  impl.RoleInfo (RoleInfo.java:updateAndGet(130)) - 43136673-c093-486b-8a61-55aa3fed1341: start 43136673-c093-486b-8a61-55aa3fed1341@group-4DE1D93F2384-FollowerState
2021-11-09 00:57:57,388 [4430b70e-e2dc-4778-891b-decd59bd04d3@group-4DE1D93F2384-LeaderElection101] INFO  impl.LeaderElection (LeaderElection.java:logAndReturn(89)) - 4430b70e-e2dc-4778-891b-decd59bd04d3@group-4DE1D93F2384-LeaderElection101: ELECTION REJECTED received 1 response(s) and 1 exception(s):
2021-11-09 00:57:57,388 [4430b70e-e2dc-4778-891b-decd59bd04d3@group-4DE1D93F2384-LeaderElection101] INFO  impl.LeaderElection (LeaderElection.java:logAndReturn(93)) -   Response 0: 4430b70e-e2dc-4778-891b-decd59bd04d3<-43136673-c093-486b-8a61-55aa3fed1341#0:FAIL-t4
2021-11-09 00:57:57,388 [4430b70e-e2dc-4778-891b-decd59bd04d3@group-4DE1D93F2384-LeaderElection101] INFO  impl.LeaderElection (LogUtils.java:infoOrTrace(137)) -   Exception 1: java.util.concurrent.ExecutionException: org.apache.ratis.thirdparty.io.grpc.StatusRuntimeException: UNAVAILABLE: io exception
2021-11-09 00:57:57,388 [4430b70e-e2dc-4778-891b-decd59bd04d3@group-4DE1D93F2384-LeaderElection101] INFO  impl.LeaderElection (LeaderElection.java:askForVotes(308)) - 4430b70e-e2dc-4778-891b-decd59bd04d3@group-4DE1D93F2384-LeaderElection101 ELECTION round 0: result REJECTED
2021-11-09 00:57:57,388 [4430b70e-e2dc-4778-891b-decd59bd04d3@group-4DE1D93F2384-LeaderElection101] INFO  server.RaftServer$Division (RaftServerImpl.java:setRole(290)) - 4430b70e-e2dc-4778-891b-decd59bd04d3@group-4DE1D93F2384: changes role from CANDIDATE to FOLLOWER at term 4 for REJECTED
2021-11-09 00:57:57,388 [4430b70e-e2dc-4778-891b-decd59bd04d3@group-4DE1D93F2384-LeaderElection101] INFO  impl.RoleInfo (RoleInfo.java:shutdownLeaderElection(121)) - 4430b70e-e2dc-4778-891b-decd59bd04d3: shutdown 4430b70e-e2dc-4778-891b-decd59bd04d3@group-4DE1D93F2384-LeaderElection101
2021-11-09 00:57:57,388 [4430b70e-e2dc-4778-891b-decd59bd04d3@group-4DE1D93F2384-LeaderElection101] INFO  impl.RoleInfo (RoleInfo.java:updateAndGet(130)) - 4430b70e-e2dc-4778-891b-decd59bd04d3: start 4430b70e-e2dc-4778-891b-decd59bd04d3@group-4DE1D93F2384-FollowerState
2021-11-09 00:57:57,503 [Command processor thread] INFO  server.RaftServer (RaftServerProxy.java:remove(106)) - 5b8b357e-6f93-4947-883b-a4d8a2742106: remove    LEADER 5b8b357e-6f93-4947-883b-a4d8a2742106@group-97D8B41C262F:t1, leader=5b8b357e-6f93-4947-883b-a4d8a2742106, voted=5b8b357e-6f93-4947-883b-a4d8a2742106, raftlog=5b8b357e-6f93-4947-883b-a4d8a2742106@group-97D8B41C262F-SegmentedRaftLog:OPENED:c0, conf=0: [bcfee08b-42a0-42f4-970e-f61215d4b324|rpc:10.1.0.58:34235|dataStream:|priority:0, c17442c2-57b8-4ea9-a6b0-3a357e556ad2|rpc:10.1.0.58:33767|dataStream:|priority:0, 5b8b357e-6f93-4947-883b-a4d8a2742106|rpc:10.1.0.58:46289|dataStream:|priority:1], old=null RUNNING
2021-11-09 00:57:57,504 [Command processor thread] INFO  server.RaftServer$Division (RaftServerImpl.java:lambda$close$4(412)) - 5b8b357e-6f93-4947-883b-a4d8a2742106@group-97D8B41C262F: shutdown
2021-11-09 00:57:57,504 [Command processor thread] INFO  util.JmxRegister (JmxRegister.java:unregister(73)) - Successfully un-registered JMX Bean with object name Ratis:service=RaftServer,group=group-97D8B41C262F,id=5b8b357e-6f93-4947-883b-a4d8a2742106
2021-11-09 00:57:57,504 [Command processor thread] INFO  impl.RoleInfo (RoleInfo.java:shutdownLeaderState(91)) - 5b8b357e-6f93-4947-883b-a4d8a2742106: shutdown 5b8b357e-6f93-4947-883b-a4d8a2742106@group-97D8B41C262F-LeaderStateImpl
2021-11-09 00:57:57,504 [Command processor thread] INFO  impl.PendingRequests (PendingRequests.java:sendNotLeaderResponses(282)) - 5b8b357e-6f93-4947-883b-a4d8a2742106@group-97D8B41C262F-PendingRequests: sendNotLeaderResponses
2021-11-09 00:57:57,504 [Command processor thread] INFO  impl.StateMachineUpdater (StateMachineUpdater.java:stopAndJoin(149)) - 5b8b357e-6f93-4947-883b-a4d8a2742106@group-97D8B41C262F-StateMachineUpdater: set stopIndex = 0
2021-11-09 00:57:57,505 [5b8b357e-6f93-4947-883b-a4d8a2742106@group-97D8B41C262F-StateMachineUpdater] INFO  ratis.ContainerStateMachine (ContainerStateMachine.java:takeSnapshot(292)) - group-97D8B41C262F: Taking a snapshot at:(t:1, i:0) file /home/runner/work/ozone/ozone/hadoop-ozone/integration-test/target/test-dir/MiniOzoneClusterImpl-cebd3685-2b3d-4639-9f0f-41911e64574b/datanode-3/data/ratis/1bb12178-3f10-4ea1-9e56-97d8b41c262f/sm/snapshot.1_0
2021-11-09 00:57:57,506 [5b8b357e-6f93-4947-883b-a4d8a2742106@group-97D8B41C262F->c17442c2-57b8-4ea9-a6b0-3a357e556ad2-GrpcLogAppender-LogAppenderDaemon] WARN  server.GrpcLogAppender (GrpcLogAppender.java:mayWait(177)) - 5b8b357e-6f93-4947-883b-a4d8a2742106@group-97D8B41C262F->c17442c2-57b8-4ea9-a6b0-3a357e556ad2-GrpcLogAppender: Wait interrupted by java.lang.InterruptedException
2021-11-09 00:57:57,510 [grpc-default-executor-4] INFO  server.GrpcServerProtocolService (GrpcServerProtocolService.java:onCompleted(140)) - c17442c2-57b8-4ea9-a6b0-3a357e556ad2: Completed APPEND_ENTRIES, lastRequest: 5b8b357e-6f93-4947-883b-a4d8a2742106->c17442c2-57b8-4ea9-a6b0-3a357e556ad2#1-t1,previous=(t:0, i:0),leaderCommit=-1,initializing? true,entries: size=1, first=(t:1, i:0), CONFIGURATIONENTRY
2021-11-09 00:57:57,512 [5b8b357e-6f93-4947-883b-a4d8a2742106@group-97D8B41C262F-StateMachineUpdater] INFO  ratis.ContainerStateMachine (ContainerStateMachine.java:takeSnapshot(303)) - group-97D8B41C262F: Finished taking a snapshot at:(t:1, i:0) file:/home/runner/work/ozone/ozone/hadoop-ozone/integration-test/target/test-dir/MiniOzoneClusterImpl-cebd3685-2b3d-4639-9f0f-41911e64574b/datanode-3/data/ratis/1bb12178-3f10-4ea1-9e56-97d8b41c262f/sm/snapshot.1_0 took: 7 ms
2021-11-09 00:57:57,512 [5b8b357e-6f93-4947-883b-a4d8a2742106@group-97D8B41C262F-StateMachineUpdater] INFO  impl.StateMachineUpdater (StateMachineUpdater.java:takeSnapshot(281)) - 5b8b357e-6f93-4947-883b-a4d8a2742106@group-97D8B41C262F-StateMachineUpdater: Took a snapshot at index 0
2021-11-09 00:57:57,512 [5b8b357e-6f93-4947-883b-a4d8a2742106@group-97D8B41C262F-StateMachineUpdater] INFO  impl.StateMachineUpdater (StateMachineUpdater.java:lambda$new$0(89)) - 5b8b357e-6f93-4947-883b-a4d8a2742106@group-97D8B41C262F-StateMachineUpdater: snapshotIndex: updateIncreasingly -1 -> 0
2021-11-09 00:57:57,512 [Command processor thread] INFO  server.RaftServer$Division (ServerState.java:close(419)) - 5b8b357e-6f93-4947-883b-a4d8a2742106@group-97D8B41C262F: closes. applyIndex: 0
2021-11-09 00:57:57,512 [5b8b357e-6f93-4947-883b-a4d8a2742106@group-97D8B41C262F->bcfee08b-42a0-42f4-970e-f61215d4b324-GrpcLogAppender-LogAppenderDaemon] ERROR leader.LogAppenderDaemon (LogAppenderDaemon.java:run(86)) - 5b8b357e-6f93-4947-883b-a4d8a2742106@group-97D8B41C262F->bcfee08b-42a0-42f4-970e-f61215d4b324-GrpcLogAppender-LogAppenderDaemon failed
java.lang.IllegalArgumentException: 5b8b357e-6f93-4947-883b-a4d8a2742106@group-97D8B41C262F-SegmentedRaftLog is expected to be opened but it is CLOSED
	at org.apache.ratis.util.OpenCloseState.assertOpen(OpenCloseState.java:63)
	at org.apache.ratis.server.raftlog.RaftLogBase.checkLogState(RaftLogBase.java:107)
	at org.apache.ratis.server.raftlog.segmented.SegmentedRaftLog.getTermIndex(SegmentedRaftLog.java:322)
	at org.apache.ratis.server.leader.LogAppenderBase.getPrevious(LogAppenderBase.java:110)
	at org.apache.ratis.server.leader.LogAppenderBase.newAppendEntriesRequest(LogAppenderBase.java:128)
	at org.apache.ratis.grpc.server.GrpcLogAppender.appendLog(GrpcLogAppender.java:213)
	at org.apache.ratis.grpc.server.GrpcLogAppender.run(GrpcLogAppender.java:147)
	at org.apache.ratis.server.leader.LogAppenderDaemon.run(LogAppenderDaemon.java:77)
	at java.lang.Thread.run(Thread.java:748)
Caused by: org.apache.ratis.util.OpenCloseState$CloseTrace: Close 5b8b357e-6f93-4947-883b-a4d8a2742106@group-97D8B41C262F-SegmentedRaftLog
	at org.apache.ratis.util.OpenCloseState.lambda$close$1(OpenCloseState.java:109)
	at java.util.concurrent.atomic.AtomicReference.getAndUpdate(AtomicReference.java:160)
	at org.apache.ratis.util.OpenCloseState.close(OpenCloseState.java:109)
	at org.apache.ratis.server.raftlog.RaftLogBase.close(RaftLogBase.java:356)
	at org.apache.ratis.server.raftlog.segmented.SegmentedRaftLog.close(SegmentedRaftLog.java:505)
	at org.apache.ratis.server.impl.ServerState.close(ServerState.java:421)
	at org.apache.ratis.server.impl.RaftServerImpl.lambda$close$4(RaftServerImpl.java:434)
	at org.apache.ratis.util.LifeCycle.lambda$checkStateAndClose$4(LifeCycle.java:299)
	at org.apache.ratis.util.LifeCycle.checkStateAndClose(LifeCycle.java:319)
	at org.apache.ratis.util.LifeCycle.checkStateAndClose(LifeCycle.java:297)
	at org.apache.ratis.server.impl.RaftServerImpl.close(RaftServerImpl.java:411)
	at org.apache.ratis.server.impl.RaftServerImpl.groupRemove(RaftServerImpl.java:376)
	at org.apache.ratis.server.impl.RaftServerProxy.lambda$groupRemoveAsync$14(RaftServerProxy.java:507)
	at java.util.concurrent.CompletableFuture.uniApply(CompletableFuture.java:616)
	at java.util.concurrent.CompletableFuture.uniApplyStage(CompletableFuture.java:628)
	at java.util.concurrent.CompletableFuture.thenApply(CompletableFuture.java:1996)
	at org.apache.ratis.server.impl.RaftServerProxy.groupRemoveAsync(RaftServerProxy.java:506)
	at org.apache.ratis.server.impl.RaftServerProxy.groupManagementAsync(RaftServerProxy.java:460)
	at org.apache.ratis.server.impl.RaftServerProxy.groupManagement(RaftServerProxy.java:440)
	at org.apache.hadoop.ozone.container.common.transport.server.ratis.XceiverServerRatis.removeGroup(XceiverServerRatis.java:784)
	at org.apache.hadoop.ozone.container.common.statemachine.commandhandler.ClosePipelineCommandHandler.handle(ClosePipelineCommandHandler.java:77)
	at org.apache.hadoop.ozone.container.common.statemachine.commandhandler.CommandDispatcher.handle(CommandDispatcher.java:99)
	at org.apache.hadoop.ozone.container.common.statemachine.DatanodeStateMachine.lambda$initCommandHandlerThread$2(DatanodeStateMachine.java:567)
	... 1 more
2021-11-09 00:57:57,513 [5b8b357e-6f93-4947-883b-a4d8a2742106@group-97D8B41C262F-SegmentedRaftLogWorker] INFO  segmented.SegmentedRaftLogWorker (SegmentedRaftLogWorker.java:run(327)) - 5b8b357e-6f93-4947-883b-a4d8a2742106@group-97D8B41C262F-SegmentedRaftLogWorker was interrupted, exiting. There are 0 tasks remaining in the queue.
2021-11-09 00:57:57,524 [Command processor thread] INFO  segmented.SegmentedRaftLogWorker (SegmentedRaftLogWorker.java:close(237)) - 5b8b357e-6f93-4947-883b-a4d8a2742106@group-97D8B41C262F-SegmentedRaftLogWorker close()
2021-11-09 00:57:57,513 [grpc-default-executor-1] INFO  server.GrpcLogAppender (GrpcLogAppender.java:onCompleted(346)) - 5b8b357e-6f93-4947-883b-a4d8a2742106@group-97D8B41C262F->c17442c2-57b8-4ea9-a6b0-3a357e556ad2-AppendLogResponseHandler: follower responses appendEntries COMPLETED
2021-11-09 00:57:57,524 [grpc-default-executor-1] INFO  leader.FollowerInfo (FollowerInfoImpl.java:lambda$new$0(47)) - 5b8b357e-6f93-4947-883b-a4d8a2742106@group-97D8B41C262F->c17442c2-57b8-4ea9-a6b0-3a357e556ad2: nextIndex: updateUnconditionally 1 -> 0
2021-11-09 00:57:57,556 [Command processor thread] INFO  server.RaftServer$Division (RaftServerImpl.java:groupRemove(382)) - 5b8b357e-6f93-4947-883b-a4d8a2742106@group-97D8B41C262F: Succeed to remove RaftStorageDirectory Storage Directory /home/runner/work/ozone/ozone/hadoop-ozone/integration-test/target/test-dir/MiniOzoneClusterImpl-cebd3685-2b3d-4639-9f0f-41911e64574b/datanode-3/data/ratis/1bb12178-3f10-4ea1-9e56-97d8b41c262f
2021-11-09 00:57:57,556 [Command processor thread] INFO  commandhandler.ClosePipelineCommandHandler (ClosePipelineCommandHandler.java:handle(78)) - Close Pipeline PipelineID=1bb12178-3f10-4ea1-9e56-97d8b41c262f command on datanode 5b8b357e-6f93-4947-883b-a4d8a2742106.
2021-11-09 00:57:57,556 [Command processor thread] INFO  server.RaftServer (RaftServerProxy.java:remove(106)) - 5b8b357e-6f93-4947-883b-a4d8a2742106: remove  FOLLOWER 5b8b357e-6f93-4947-883b-a4d8a2742106@group-E6C37EB65C07:t3, leader=c17442c2-57b8-4ea9-a6b0-3a357e556ad2, voted=c17442c2-57b8-4ea9-a6b0-3a357e556ad2, raftlog=5b8b357e-6f93-4947-883b-a4d8a2742106@group-E6C37EB65C07-SegmentedRaftLog:OPENED:c0, conf=0: [bcfee08b-42a0-42f4-970e-f61215d4b324|rpc:10.1.0.58:34235|dataStream:|priority:0, c17442c2-57b8-4ea9-a6b0-3a357e556ad2|rpc:10.1.0.58:33767|dataStream:|priority:1, 5b8b357e-6f93-4947-883b-a4d8a2742106|rpc:10.1.0.58:46289|dataStream:|priority:0], old=null RUNNING
2021-11-09 00:57:57,556 [Command processor thread] INFO  server.RaftServer$Division (RaftServerImpl.java:lambda$close$4(412)) - 5b8b357e-6f93-4947-883b-a4d8a2742106@group-E6C37EB65C07: shutdown
2021-11-09 00:57:57,556 [Command processor thread] INFO  util.JmxRegister (JmxRegister.java:unregister(73)) - Successfully un-registered JMX Bean with object name Ratis:service=RaftServer,group=group-E6C37EB65C07,id=5b8b357e-6f93-4947-883b-a4d8a2742106
2021-11-09 00:57:57,556 [Command processor thread] INFO  impl.RoleInfo (RoleInfo.java:shutdownFollowerState(108)) - 5b8b357e-6f93-4947-883b-a4d8a2742106: shutdown 5b8b357e-6f93-4947-883b-a4d8a2742106@group-E6C37EB65C07-FollowerState
2021-11-09 00:57:57,556 [Command processor thread] INFO  impl.StateMachineUpdater (StateMachineUpdater.java:stopAndJoin(149)) - 5b8b357e-6f93-4947-883b-a4d8a2742106@group-E6C37EB65C07-StateMachineUpdater: set stopIndex = 0
2021-11-09 00:57:57,556 [5b8b357e-6f93-4947-883b-a4d8a2742106@group-E6C37EB65C07-FollowerState] INFO  impl.FollowerState (FollowerState.java:run(143)) - 5b8b357e-6f93-4947-883b-a4d8a2742106@group-E6C37EB65C07-FollowerState was interrupted: {}
java.lang.InterruptedException: sleep interrupted
	at java.lang.Thread.sleep(Native Method)
	at java.lang.Thread.sleep(Thread.java:340)
	at java.util.concurrent.TimeUnit.sleep(TimeUnit.java:386)
	at org.apache.ratis.util.TimeDuration.sleep(TimeDuration.java:324)
	at org.apache.ratis.util.TimeDuration.sleep(TimeDuration.java:309)
	at org.apache.ratis.server.impl.FollowerState.run(FollowerState.java:118)
2021-11-09 00:57:57,557 [5b8b357e-6f93-4947-883b-a4d8a2742106@group-E6C37EB65C07-StateMachineUpdater] INFO  ratis.ContainerStateMachine (ContainerStateMachine.java:takeSnapshot(292)) - group-E6C37EB65C07: Taking a snapshot at:(t:3, i:0) file /home/runner/work/ozone/ozone/hadoop-ozone/integration-test/target/test-dir/MiniOzoneClusterImpl-cebd3685-2b3d-4639-9f0f-41911e64574b/datanode-3/data/ratis/33dc0aea-e458-4224-86b0-e6c37eb65c07/sm/snapshot.3_0
2021-11-09 00:57:57,558 [5b8b357e-6f93-4947-883b-a4d8a2742106@group-E6C37EB65C07-StateMachineUpdater] INFO  ratis.ContainerStateMachine (ContainerStateMachine.java:takeSnapshot(303)) - group-E6C37EB65C07: Finished taking a snapshot at:(t:3, i:0) file:/home/runner/work/ozone/ozone/hadoop-ozone/integration-test/target/test-dir/MiniOzoneClusterImpl-cebd3685-2b3d-4639-9f0f-41911e64574b/datanode-3/data/ratis/33dc0aea-e458-4224-86b0-e6c37eb65c07/sm/snapshot.3_0 took: 1 ms
2021-11-09 00:57:57,558 [5b8b357e-6f93-4947-883b-a4d8a2742106@group-E6C37EB65C07-StateMachineUpdater] INFO  impl.StateMachineUpdater (StateMachineUpdater.java:takeSnapshot(281)) - 5b8b357e-6f93-4947-883b-a4d8a2742106@group-E6C37EB65C07-StateMachineUpdater: Took a snapshot at index 0
2021-11-09 00:57:57,558 [5b8b357e-6f93-4947-883b-a4d8a2742106@group-E6C37EB65C07-StateMachineUpdater] INFO  impl.StateMachineUpdater (StateMachineUpdater.java:lambda$new$0(89)) - 5b8b357e-6f93-4947-883b-a4d8a2742106@group-E6C37EB65C07-StateMachineUpdater: snapshotIndex: updateIncreasingly -1 -> 0
2021-11-09 00:57:57,558 [Command processor thread] INFO  server.RaftServer$Division (ServerState.java:close(419)) - 5b8b357e-6f93-4947-883b-a4d8a2742106@group-E6C37EB65C07: closes. applyIndex: 0
2021-11-09 00:57:57,559 [5b8b357e-6f93-4947-883b-a4d8a2742106@group-E6C37EB65C07-SegmentedRaftLogWorker] INFO  segmented.SegmentedRaftLogWorker (SegmentedRaftLogWorker.java:run(327)) - 5b8b357e-6f93-4947-883b-a4d8a2742106@group-E6C37EB65C07-SegmentedRaftLogWorker was interrupted, exiting. There are 0 tasks remaining in the queue.
2021-11-09 00:57:57,565 [Command processor thread] INFO  segmented.SegmentedRaftLogWorker (SegmentedRaftLogWorker.java:close(237)) - 5b8b357e-6f93-4947-883b-a4d8a2742106@group-E6C37EB65C07-SegmentedRaftLogWorker close()
2021-11-09 00:57:57,582 [Command processor thread] INFO  server.RaftServer$Division (RaftServerImpl.java:groupRemove(382)) - 5b8b357e-6f93-4947-883b-a4d8a2742106@group-E6C37EB65C07: Succeed to remove RaftStorageDirectory Storage Directory /home/runner/work/ozone/ozone/hadoop-ozone/integration-test/target/test-dir/MiniOzoneClusterImpl-cebd3685-2b3d-4639-9f0f-41911e64574b/datanode-3/data/ratis/33dc0aea-e458-4224-86b0-e6c37eb65c07
2021-11-09 00:57:57,582 [Command processor thread] INFO  commandhandler.ClosePipelineCommandHandler (ClosePipelineCommandHandler.java:handle(78)) - Close Pipeline PipelineID=33dc0aea-e458-4224-86b0-e6c37eb65c07 command on datanode 5b8b357e-6f93-4947-883b-a4d8a2742106.
2021-11-09 00:57:57,828 [grpc-default-executor-1] WARN  server.GrpcLogAppender (LogUtils.java:warn(122)) - c17442c2-57b8-4ea9-a6b0-3a357e556ad2@group-E6C37EB65C07->bcfee08b-42a0-42f4-970e-f61215d4b324-AppendLogResponseHandler: Failed appendEntries: org.apache.ratis.thirdparty.io.grpc.StatusRuntimeException: UNAVAILABLE: io exception
2021-11-09 00:57:57,829 [grpc-default-executor-1] WARN  server.GrpcLogAppender (GrpcLogAppender.java:resetClient(110)) - c17442c2-57b8-4ea9-a6b0-3a357e556ad2@group-E6C37EB65C07->bcfee08b-42a0-42f4-970e-f61215d4b324-GrpcLogAppender: Leader has not got in touch with Follower c17442c2-57b8-4ea9-a6b0-3a357e556ad2@group-E6C37EB65C07->bcfee08b-42a0-42f4-970e-f61215d4b324(c0,m0,n1, attendVote=true, lastRpcSendTime=2517, lastRpcResponseTime=17598) yet, just keep nextIndex unchanged and retry.
2021-11-09 00:57:57,839 [grpc-default-executor-1] WARN  server.GrpcLogAppender (LogUtils.java:warn(122)) - 4430b70e-e2dc-4778-891b-decd59bd04d3@group-85E4BE6E1938->d5ae86a0-e3e8-461b-b600-8c2d036507b1-AppendLogResponseHandler: Failed appendEntries: org.apache.ratis.thirdparty.io.grpc.StatusRuntimeException: UNAVAILABLE: io exception
2021-11-09 00:57:57,840 [grpc-default-executor-1] WARN  server.GrpcLogAppender (GrpcLogAppender.java:resetClient(110)) - 4430b70e-e2dc-4778-891b-decd59bd04d3@group-85E4BE6E1938->d5ae86a0-e3e8-461b-b600-8c2d036507b1-GrpcLogAppender: Leader has not got in touch with Follower 4430b70e-e2dc-4778-891b-decd59bd04d3@group-85E4BE6E1938->d5ae86a0-e3e8-461b-b600-8c2d036507b1(c-1,m0,n1, attendVote=true, lastRpcSendTime=2507, lastRpcResponseTime=10272) yet, just keep nextIndex unchanged and retry.
2021-11-09 00:57:58,091 [4430b70e-e2dc-4778-891b-decd59bd04d3@group-85E4BE6E1938-LeaderStateImpl] INFO  server.RaftServer$Division (LeaderStateImpl.java:yieldLeaderToHigherPriorityPeer(930)) - 4430b70e-e2dc-4778-891b-decd59bd04d3@group-85E4BE6E1938-LeaderStateImpl send StartLeaderElectionRequest to follower:d5ae86a0-e3e8-461b-b600-8c2d036507b1 on term:3 because follower's priority:1 is higher than leader's:0 and follower's lastEntry index:0 catch up with leader's:0
2021-11-09 00:57:58,529 [Listener at 127.0.0.1/34135] INFO  ozoneimpl.OzoneContainer (OzoneContainer.java:stop(325)) - Attempting to stop container services.
2021-11-09 00:57:58,530 [Listener at 127.0.0.1/34135] INFO  server.RaftServer (RaftServerProxy.java:lambda$close$6(391)) - c17442c2-57b8-4ea9-a6b0-3a357e556ad2: close
2021-11-09 00:57:58,530 [Listener at 127.0.0.1/34135] INFO  server.RaftServer$Division (RaftServerImpl.java:lambda$close$4(412)) - c17442c2-57b8-4ea9-a6b0-3a357e556ad2@group-97D8B41C262F: shutdown
2021-11-09 00:57:58,530 [Listener at 127.0.0.1/34135] INFO  util.JmxRegister (JmxRegister.java:unregister(73)) - Successfully un-registered JMX Bean with object name Ratis:service=RaftServer,group=group-97D8B41C262F,id=c17442c2-57b8-4ea9-a6b0-3a357e556ad2
2021-11-09 00:57:58,530 [Listener at 127.0.0.1/34135] INFO  impl.RoleInfo (RoleInfo.java:shutdownFollowerState(108)) - c17442c2-57b8-4ea9-a6b0-3a357e556ad2: shutdown c17442c2-57b8-4ea9-a6b0-3a357e556ad2@group-97D8B41C262F-FollowerState
2021-11-09 00:57:58,530 [Listener at 127.0.0.1/34135] INFO  impl.StateMachineUpdater (StateMachineUpdater.java:stopAndJoin(149)) - c17442c2-57b8-4ea9-a6b0-3a357e556ad2@group-97D8B41C262F-StateMachineUpdater: set stopIndex = 0
2021-11-09 00:57:58,531 [c17442c2-57b8-4ea9-a6b0-3a357e556ad2@group-97D8B41C262F-StateMachineUpdater] INFO  ratis.ContainerStateMachine (ContainerStateMachine.java:takeSnapshot(292)) - group-97D8B41C262F: Taking a snapshot at:(t:1, i:0) file /home/runner/work/ozone/ozone/hadoop-ozone/integration-test/target/test-dir/MiniOzoneClusterImpl-cebd3685-2b3d-4639-9f0f-41911e64574b/datanode-5/data/ratis/1bb12178-3f10-4ea1-9e56-97d8b41c262f/sm/snapshot.1_0
2021-11-09 00:57:58,533 [c17442c2-57b8-4ea9-a6b0-3a357e556ad2@group-97D8B41C262F-StateMachineUpdater] INFO  ratis.ContainerStateMachine (ContainerStateMachine.java:takeSnapshot(303)) - group-97D8B41C262F: Finished taking a snapshot at:(t:1, i:0) file:/home/runner/work/ozone/ozone/hadoop-ozone/integration-test/target/test-dir/MiniOzoneClusterImpl-cebd3685-2b3d-4639-9f0f-41911e64574b/datanode-5/data/ratis/1bb12178-3f10-4ea1-9e56-97d8b41c262f/sm/snapshot.1_0 took: 2 ms
2021-11-09 00:57:58,534 [c17442c2-57b8-4ea9-a6b0-3a357e556ad2@group-97D8B41C262F-StateMachineUpdater] INFO  impl.StateMachineUpdater (StateMachineUpdater.java:takeSnapshot(281)) - c17442c2-57b8-4ea9-a6b0-3a357e556ad2@group-97D8B41C262F-StateMachineUpdater: Took a snapshot at index 0
2021-11-09 00:57:58,534 [c17442c2-57b8-4ea9-a6b0-3a357e556ad2@group-97D8B41C262F-StateMachineUpdater] INFO  impl.StateMachineUpdater (StateMachineUpdater.java:lambda$new$0(89)) - c17442c2-57b8-4ea9-a6b0-3a357e556ad2@group-97D8B41C262F-StateMachineUpdater: snapshotIndex: updateIncreasingly -1 -> 0
2021-11-09 00:57:58,534 [Listener at 127.0.0.1/34135] INFO  server.RaftServer$Division (ServerState.java:close(419)) - c17442c2-57b8-4ea9-a6b0-3a357e556ad2@group-97D8B41C262F: closes. applyIndex: 0
2021-11-09 00:57:58,543 [c17442c2-57b8-4ea9-a6b0-3a357e556ad2@group-97D8B41C262F-SegmentedRaftLogWorker] INFO  segmented.SegmentedRaftLogWorker (SegmentedRaftLogWorker.java:run(327)) - c17442c2-57b8-4ea9-a6b0-3a357e556ad2@group-97D8B41C262F-SegmentedRaftLogWorker was interrupted, exiting. There are 0 tasks remaining in the queue.
2021-11-09 00:57:58,543 [Listener at 127.0.0.1/34135] INFO  segmented.SegmentedRaftLogWorker (SegmentedRaftLogWorker.java:close(237)) - c17442c2-57b8-4ea9-a6b0-3a357e556ad2@group-97D8B41C262F-SegmentedRaftLogWorker close()
2021-11-09 00:57:58,544 [Listener at 127.0.0.1/34135] INFO  server.RaftServer$Division (RaftServerImpl.java:lambda$close$4(412)) - c17442c2-57b8-4ea9-a6b0-3a357e556ad2@group-E6C37EB65C07: shutdown
2021-11-09 00:57:58,544 [Listener at 127.0.0.1/34135] INFO  util.JmxRegister (JmxRegister.java:unregister(73)) - Successfully un-registered JMX Bean with object name Ratis:service=RaftServer,group=group-E6C37EB65C07,id=c17442c2-57b8-4ea9-a6b0-3a357e556ad2
2021-11-09 00:57:58,544 [Listener at 127.0.0.1/34135] INFO  impl.RoleInfo (RoleInfo.java:shutdownLeaderState(91)) - c17442c2-57b8-4ea9-a6b0-3a357e556ad2: shutdown c17442c2-57b8-4ea9-a6b0-3a357e556ad2@group-E6C37EB65C07-LeaderStateImpl
2021-11-09 00:57:58,544 [Listener at 127.0.0.1/34135] INFO  impl.PendingRequests (PendingRequests.java:sendNotLeaderResponses(282)) - c17442c2-57b8-4ea9-a6b0-3a357e556ad2@group-E6C37EB65C07-PendingRequests: sendNotLeaderResponses
2021-11-09 00:57:58,545 [Listener at 127.0.0.1/34135] INFO  impl.StateMachineUpdater (StateMachineUpdater.java:stopAndJoin(149)) - c17442c2-57b8-4ea9-a6b0-3a357e556ad2@group-E6C37EB65C07-StateMachineUpdater: set stopIndex = 0
2021-11-09 00:57:58,547 [c17442c2-57b8-4ea9-a6b0-3a357e556ad2@group-E6C37EB65C07->5b8b357e-6f93-4947-883b-a4d8a2742106-GrpcLogAppender-LogAppenderDaemon] WARN  server.GrpcLogAppender (GrpcLogAppender.java:mayWait(177)) - c17442c2-57b8-4ea9-a6b0-3a357e556ad2@group-E6C37EB65C07->5b8b357e-6f93-4947-883b-a4d8a2742106-GrpcLogAppender: Wait interrupted by java.lang.InterruptedException
2021-11-09 00:57:58,547 [c17442c2-57b8-4ea9-a6b0-3a357e556ad2@group-E6C37EB65C07-StateMachineUpdater] INFO  ratis.ContainerStateMachine (ContainerStateMachine.java:takeSnapshot(292)) - group-E6C37EB65C07: Taking a snapshot at:(t:3, i:0) file /home/runner/work/ozone/ozone/hadoop-ozone/integration-test/target/test-dir/MiniOzoneClusterImpl-cebd3685-2b3d-4639-9f0f-41911e64574b/datanode-5/data/ratis/33dc0aea-e458-4224-86b0-e6c37eb65c07/sm/snapshot.3_0
2021-11-09 00:57:58,549 [grpc-default-executor-1] INFO  server.GrpcServerProtocolService (GrpcServerProtocolService.java:onCompleted(140)) - 5b8b357e-6f93-4947-883b-a4d8a2742106: Completed APPEND_ENTRIES, lastRequest: c17442c2-57b8-4ea9-a6b0-3a357e556ad2->5b8b357e-6f93-4947-883b-a4d8a2742106#1-t3,previous=(t:0, i:0),leaderCommit=-1,initializing? true,entries: size=1, first=(t:3, i:0), CONFIGURATIONENTRY
2021-11-09 00:57:58,549 [c17442c2-57b8-4ea9-a6b0-3a357e556ad2@group-97D8B41C262F-FollowerState] INFO  impl.FollowerState (FollowerState.java:run(143)) - c17442c2-57b8-4ea9-a6b0-3a357e556ad2@group-97D8B41C262F-FollowerState was interrupted: {}
java.lang.InterruptedException: sleep interrupted
	at java.lang.Thread.sleep(Native Method)
	at java.lang.Thread.sleep(Thread.java:340)
	at java.util.concurrent.TimeUnit.sleep(TimeUnit.java:386)
	at org.apache.ratis.util.TimeDuration.sleep(TimeDuration.java:324)
	at org.apache.ratis.util.TimeDuration.sleep(TimeDuration.java:309)
	at org.apache.ratis.server.impl.FollowerState.run(FollowerState.java:118)
2021-11-09 00:57:58,551 [grpc-default-executor-4] INFO  server.GrpcLogAppender (GrpcLogAppender.java:onCompleted(346)) - c17442c2-57b8-4ea9-a6b0-3a357e556ad2@group-E6C37EB65C07->5b8b357e-6f93-4947-883b-a4d8a2742106-AppendLogResponseHandler: follower responses appendEntries COMPLETED
2021-11-09 00:57:58,551 [grpc-default-executor-4] INFO  leader.FollowerInfo (FollowerInfoImpl.java:lambda$new$0(47)) - c17442c2-57b8-4ea9-a6b0-3a357e556ad2@group-E6C37EB65C07->5b8b357e-6f93-4947-883b-a4d8a2742106: nextIndex: updateUnconditionally 1 -> 0
2021-11-09 00:57:58,551 [c17442c2-57b8-4ea9-a6b0-3a357e556ad2@group-E6C37EB65C07-StateMachineUpdater] INFO  ratis.ContainerStateMachine (ContainerStateMachine.java:takeSnapshot(303)) - group-E6C37EB65C07: Finished taking a snapshot at:(t:3, i:0) file:/home/runner/work/ozone/ozone/hadoop-ozone/integration-test/target/test-dir/MiniOzoneClusterImpl-cebd3685-2b3d-4639-9f0f-41911e64574b/datanode-5/data/ratis/33dc0aea-e458-4224-86b0-e6c37eb65c07/sm/snapshot.3_0 took: 4 ms
2021-11-09 00:57:58,551 [c17442c2-57b8-4ea9-a6b0-3a357e556ad2@group-E6C37EB65C07-StateMachineUpdater] INFO  impl.StateMachineUpdater (StateMachineUpdater.java:takeSnapshot(281)) - c17442c2-57b8-4ea9-a6b0-3a357e556ad2@group-E6C37EB65C07-StateMachineUpdater: Took a snapshot at index 0
2021-11-09 00:57:58,551 [c17442c2-57b8-4ea9-a6b0-3a357e556ad2@group-E6C37EB65C07-StateMachineUpdater] INFO  impl.StateMachineUpdater (StateMachineUpdater.java:lambda$new$0(89)) - c17442c2-57b8-4ea9-a6b0-3a357e556ad2@group-E6C37EB65C07-StateMachineUpdater: snapshotIndex: updateIncreasingly -1 -> 0
2021-11-09 00:57:58,558 [Listener at 127.0.0.1/34135] INFO  server.RaftServer$Division (ServerState.java:close(419)) - c17442c2-57b8-4ea9-a6b0-3a357e556ad2@group-E6C37EB65C07: closes. applyIndex: 0
2021-11-09 00:57:58,558 [c17442c2-57b8-4ea9-a6b0-3a357e556ad2@group-E6C37EB65C07-SegmentedRaftLogWorker] INFO  segmented.SegmentedRaftLogWorker (SegmentedRaftLogWorker.java:run(327)) - c17442c2-57b8-4ea9-a6b0-3a357e556ad2@group-E6C37EB65C07-SegmentedRaftLogWorker was interrupted, exiting. There are 0 tasks remaining in the queue.
2021-11-09 00:57:58,562 [Listener at 127.0.0.1/34135] INFO  segmented.SegmentedRaftLogWorker (SegmentedRaftLogWorker.java:close(237)) - c17442c2-57b8-4ea9-a6b0-3a357e556ad2@group-E6C37EB65C07-SegmentedRaftLogWorker close()
2021-11-09 00:57:58,562 [Listener at 127.0.0.1/34135] INFO  server.RaftServer$Division (RaftServerImpl.java:lambda$close$4(412)) - c17442c2-57b8-4ea9-a6b0-3a357e556ad2@group-7E8A545D9593: shutdown
2021-11-09 00:57:58,562 [Listener at 127.0.0.1/34135] INFO  util.JmxRegister (JmxRegister.java:unregister(73)) - Successfully un-registered JMX Bean with object name Ratis:service=RaftServer,group=group-7E8A545D9593,id=c17442c2-57b8-4ea9-a6b0-3a357e556ad2
2021-11-09 00:57:58,562 [Listener at 127.0.0.1/34135] INFO  impl.RoleInfo (RoleInfo.java:shutdownLeaderState(91)) - c17442c2-57b8-4ea9-a6b0-3a357e556ad2: shutdown c17442c2-57b8-4ea9-a6b0-3a357e556ad2@group-7E8A545D9593-LeaderStateImpl
2021-11-09 00:57:58,563 [Listener at 127.0.0.1/34135] INFO  impl.PendingRequests (PendingRequests.java:sendNotLeaderResponses(282)) - c17442c2-57b8-4ea9-a6b0-3a357e556ad2@group-7E8A545D9593-PendingRequests: sendNotLeaderResponses
2021-11-09 00:57:58,569 [c17442c2-57b8-4ea9-a6b0-3a357e556ad2@group-7E8A545D9593-StateMachineUpdater] INFO  ratis.ContainerStateMachine (ContainerStateMachine.java:takeSnapshot(292)) - group-7E8A545D9593: Taking a snapshot at:(t:1, i:0) file /home/runner/work/ozone/ozone/hadoop-ozone/integration-test/target/test-dir/MiniOzoneClusterImpl-cebd3685-2b3d-4639-9f0f-41911e64574b/datanode-5/data/ratis/95e29889-45c4-413f-a16d-7e8a545d9593/sm/snapshot.1_0
2021-11-09 00:57:58,569 [Listener at 127.0.0.1/34135] INFO  impl.StateMachineUpdater (StateMachineUpdater.java:stopAndJoin(149)) - c17442c2-57b8-4ea9-a6b0-3a357e556ad2@group-7E8A545D9593-StateMachineUpdater: set stopIndex = 0
2021-11-09 00:57:58,570 [c17442c2-57b8-4ea9-a6b0-3a357e556ad2@group-7E8A545D9593-StateMachineUpdater] INFO  ratis.ContainerStateMachine (ContainerStateMachine.java:takeSnapshot(303)) - group-7E8A545D9593: Finished taking a snapshot at:(t:1, i:0) file:/home/runner/work/ozone/ozone/hadoop-ozone/integration-test/target/test-dir/MiniOzoneClusterImpl-cebd3685-2b3d-4639-9f0f-41911e64574b/datanode-5/data/ratis/95e29889-45c4-413f-a16d-7e8a545d9593/sm/snapshot.1_0 took: 1 ms
2021-11-09 00:57:58,570 [c17442c2-57b8-4ea9-a6b0-3a357e556ad2@group-7E8A545D9593-StateMachineUpdater] INFO  impl.StateMachineUpdater (StateMachineUpdater.java:takeSnapshot(281)) - c17442c2-57b8-4ea9-a6b0-3a357e556ad2@group-7E8A545D9593-StateMachineUpdater: Took a snapshot at index 0
2021-11-09 00:57:58,570 [c17442c2-57b8-4ea9-a6b0-3a357e556ad2@group-7E8A545D9593-StateMachineUpdater] INFO  impl.StateMachineUpdater (StateMachineUpdater.java:lambda$new$0(89)) - c17442c2-57b8-4ea9-a6b0-3a357e556ad2@group-7E8A545D9593-StateMachineUpdater: snapshotIndex: updateIncreasingly -1 -> 0
2021-11-09 00:57:58,573 [Listener at 127.0.0.1/34135] INFO  server.RaftServer$Division (ServerState.java:close(419)) - c17442c2-57b8-4ea9-a6b0-3a357e556ad2@group-7E8A545D9593: closes. applyIndex: 0
2021-11-09 00:57:58,573 [c17442c2-57b8-4ea9-a6b0-3a357e556ad2@group-7E8A545D9593-SegmentedRaftLogWorker] INFO  segmented.SegmentedRaftLogWorker (SegmentedRaftLogWorker.java:run(327)) - c17442c2-57b8-4ea9-a6b0-3a357e556ad2@group-7E8A545D9593-SegmentedRaftLogWorker was interrupted, exiting. There are 0 tasks remaining in the queue.
2021-11-09 00:57:58,574 [Listener at 127.0.0.1/34135] INFO  segmented.SegmentedRaftLogWorker (SegmentedRaftLogWorker.java:close(237)) - c17442c2-57b8-4ea9-a6b0-3a357e556ad2@group-7E8A545D9593-SegmentedRaftLogWorker close()
2021-11-09 00:57:58,574 [Listener at 127.0.0.1/34135] INFO  server.GrpcService (GrpcService.java:closeImpl(262)) - c17442c2-57b8-4ea9-a6b0-3a357e556ad2: shutdown server with port 33767 now
2021-11-09 00:57:58,614 [Listener at 127.0.0.1/34135] INFO  server.GrpcService (GrpcService.java:closeImpl(271)) - c17442c2-57b8-4ea9-a6b0-3a357e556ad2: shutdown server with port 33767 successfully
2021-11-09 00:57:58,615 [org.apache.ratis.util.JvmPauseMonitor$$Lambda$531/1691661275@258572bd] INFO  util.JvmPauseMonitor (JvmPauseMonitor.java:run(109)) - JvmPauseMonitor-c17442c2-57b8-4ea9-a6b0-3a357e556ad2: Stopped
2021-11-09 00:57:58,616 [Listener at 127.0.0.1/34135] INFO  utils.BackgroundService (BackgroundService.java:shutdown(132)) - Shutting down service BlockDeletingService
2021-11-09 00:57:58,756 [Command processor thread] INFO  server.RaftServer (RaftServerProxy.java:remove(106)) - 43136673-c093-486b-8a61-55aa3fed1341: remove  FOLLOWER 43136673-c093-486b-8a61-55aa3fed1341@group-85E4BE6E1938:t3, leader=4430b70e-e2dc-4778-891b-decd59bd04d3, voted=4430b70e-e2dc-4778-891b-decd59bd04d3, raftlog=43136673-c093-486b-8a61-55aa3fed1341@group-85E4BE6E1938-SegmentedRaftLog:OPENED:c0, conf=0: [4430b70e-e2dc-4778-891b-decd59bd04d3|rpc:10.1.0.58:37555|dataStream:|priority:0, d5ae86a0-e3e8-461b-b600-8c2d036507b1|rpc:10.1.0.58:45525|dataStream:|priority:1, 43136673-c093-486b-8a61-55aa3fed1341|rpc:10.1.0.58:34809|dataStream:|priority:0], old=null RUNNING
2021-11-09 00:57:58,756 [Command processor thread] INFO  server.RaftServer$Division (RaftServerImpl.java:lambda$close$4(412)) - 43136673-c093-486b-8a61-55aa3fed1341@group-85E4BE6E1938: shutdown
2021-11-09 00:57:58,756 [Command processor thread] INFO  util.JmxRegister (JmxRegister.java:unregister(73)) - Successfully un-registered JMX Bean with object name Ratis:service=RaftServer,group=group-85E4BE6E1938,id=43136673-c093-486b-8a61-55aa3fed1341
2021-11-09 00:57:58,756 [Command processor thread] INFO  impl.RoleInfo (RoleInfo.java:shutdownFollowerState(108)) - 43136673-c093-486b-8a61-55aa3fed1341: shutdown 43136673-c093-486b-8a61-55aa3fed1341@group-85E4BE6E1938-FollowerState
2021-11-09 00:57:58,756 [Command processor thread] INFO  impl.StateMachineUpdater (StateMachineUpdater.java:stopAndJoin(149)) - 43136673-c093-486b-8a61-55aa3fed1341@group-85E4BE6E1938-StateMachineUpdater: set stopIndex = 0
2021-11-09 00:57:58,756 [43136673-c093-486b-8a61-55aa3fed1341@group-85E4BE6E1938-FollowerState] INFO  impl.FollowerState (FollowerState.java:run(143)) - 43136673-c093-486b-8a61-55aa3fed1341@group-85E4BE6E1938-FollowerState was interrupted: {}
java.lang.InterruptedException: sleep interrupted
	at java.lang.Thread.sleep(Native Method)
	at java.lang.Thread.sleep(Thread.java:340)
	at java.util.concurrent.TimeUnit.sleep(TimeUnit.java:386)
	at org.apache.ratis.util.TimeDuration.sleep(TimeDuration.java:324)
	at org.apache.ratis.util.TimeDuration.sleep(TimeDuration.java:309)
	at org.apache.ratis.server.impl.FollowerState.run(FollowerState.java:118)
2021-11-09 00:57:58,757 [43136673-c093-486b-8a61-55aa3fed1341@group-85E4BE6E1938-StateMachineUpdater] INFO  ratis.ContainerStateMachine (ContainerStateMachine.java:takeSnapshot(292)) - group-85E4BE6E1938: Taking a snapshot at:(t:3, i:0) file /home/runner/work/ozone/ozone/hadoop-ozone/integration-test/target/test-dir/MiniOzoneClusterImpl-cebd3685-2b3d-4639-9f0f-41911e64574b/datanode-2/data/ratis/d8b699f5-3b3a-40b5-aba8-85e4be6e1938/sm/snapshot.3_0
2021-11-09 00:57:58,758 [43136673-c093-486b-8a61-55aa3fed1341@group-85E4BE6E1938-StateMachineUpdater] INFO  ratis.ContainerStateMachine (ContainerStateMachine.java:takeSnapshot(303)) - group-85E4BE6E1938: Finished taking a snapshot at:(t:3, i:0) file:/home/runner/work/ozone/ozone/hadoop-ozone/integration-test/target/test-dir/MiniOzoneClusterImpl-cebd3685-2b3d-4639-9f0f-41911e64574b/datanode-2/data/ratis/d8b699f5-3b3a-40b5-aba8-85e4be6e1938/sm/snapshot.3_0 took: 1 ms
2021-11-09 00:57:58,759 [43136673-c093-486b-8a61-55aa3fed1341@group-85E4BE6E1938-StateMachineUpdater] INFO  impl.StateMachineUpdater (StateMachineUpdater.java:takeSnapshot(281)) - 43136673-c093-486b-8a61-55aa3fed1341@group-85E4BE6E1938-StateMachineUpdater: Took a snapshot at index 0
2021-11-09 00:57:58,759 [43136673-c093-486b-8a61-55aa3fed1341@group-85E4BE6E1938-StateMachineUpdater] INFO  impl.StateMachineUpdater (StateMachineUpdater.java:lambda$new$0(89)) - 43136673-c093-486b-8a61-55aa3fed1341@group-85E4BE6E1938-StateMachineUpdater: snapshotIndex: updateIncreasingly -1 -> 0
2021-11-09 00:57:58,759 [Command processor thread] INFO  server.RaftServer$Division (ServerState.java:close(419)) - 43136673-c093-486b-8a61-55aa3fed1341@group-85E4BE6E1938: closes. applyIndex: 0
2021-11-09 00:57:58,759 [43136673-c093-486b-8a61-55aa3fed1341@group-85E4BE6E1938-SegmentedRaftLogWorker] INFO  segmented.SegmentedRaftLogWorker (SegmentedRaftLogWorker.java:run(327)) - 43136673-c093-486b-8a61-55aa3fed1341@group-85E4BE6E1938-SegmentedRaftLogWorker was interrupted, exiting. There are 0 tasks remaining in the queue.
2021-11-09 00:57:58,760 [Command processor thread] INFO  segmented.SegmentedRaftLogWorker (SegmentedRaftLogWorker.java:close(237)) - 43136673-c093-486b-8a61-55aa3fed1341@group-85E4BE6E1938-SegmentedRaftLogWorker close()
2021-11-09 00:57:58,765 [Command processor thread] INFO  server.RaftServer$Division (RaftServerImpl.java:groupRemove(382)) - 43136673-c093-486b-8a61-55aa3fed1341@group-85E4BE6E1938: Succeed to remove RaftStorageDirectory Storage Directory /home/runner/work/ozone/ozone/hadoop-ozone/integration-test/target/test-dir/MiniOzoneClusterImpl-cebd3685-2b3d-4639-9f0f-41911e64574b/datanode-2/data/ratis/d8b699f5-3b3a-40b5-aba8-85e4be6e1938
2021-11-09 00:57:58,765 [Command processor thread] INFO  commandhandler.ClosePipelineCommandHandler (ClosePipelineCommandHandler.java:handle(78)) - Close Pipeline PipelineID=d8b699f5-3b3a-40b5-aba8-85e4be6e1938 command on datanode 43136673-c093-486b-8a61-55aa3fed1341.
2021-11-09 00:57:58,765 [Command processor thread] INFO  server.RaftServer (RaftServerProxy.java:remove(106)) - 43136673-c093-486b-8a61-55aa3fed1341: remove  FOLLOWER 43136673-c093-486b-8a61-55aa3fed1341@group-4DE1D93F2384:t4, leader=null, voted=43136673-c093-486b-8a61-55aa3fed1341, raftlog=43136673-c093-486b-8a61-55aa3fed1341@group-4DE1D93F2384-SegmentedRaftLog:OPENED:c-1, conf=-1: [4430b70e-e2dc-4778-891b-decd59bd04d3|rpc:10.1.0.58:37555|priority:1, d5ae86a0-e3e8-461b-b600-8c2d036507b1|rpc:10.1.0.58:45525|priority:0, 43136673-c093-486b-8a61-55aa3fed1341|rpc:10.1.0.58:34809|priority:0], old=null RUNNING
2021-11-09 00:57:58,766 [Command processor thread] INFO  server.RaftServer$Division (RaftServerImpl.java:lambda$close$4(412)) - 43136673-c093-486b-8a61-55aa3fed1341@group-4DE1D93F2384: shutdown
2021-11-09 00:57:58,766 [Command processor thread] INFO  util.JmxRegister (JmxRegister.java:unregister(73)) - Successfully un-registered JMX Bean with object name Ratis:service=RaftServer,group=group-4DE1D93F2384,id=43136673-c093-486b-8a61-55aa3fed1341
2021-11-09 00:57:58,766 [Command processor thread] INFO  impl.RoleInfo (RoleInfo.java:shutdownFollowerState(108)) - 43136673-c093-486b-8a61-55aa3fed1341: shutdown 43136673-c093-486b-8a61-55aa3fed1341@group-4DE1D93F2384-FollowerState
2021-11-09 00:57:58,766 [Command processor thread] INFO  impl.StateMachineUpdater (StateMachineUpdater.java:stopAndJoin(149)) - 43136673-c093-486b-8a61-55aa3fed1341@group-4DE1D93F2384-StateMachineUpdater: set stopIndex = -1
2021-11-09 00:57:58,766 [43136673-c093-486b-8a61-55aa3fed1341@group-4DE1D93F2384-FollowerState] INFO  impl.FollowerState (FollowerState.java:run(143)) - 43136673-c093-486b-8a61-55aa3fed1341@group-4DE1D93F2384-FollowerState was interrupted: {}
java.lang.InterruptedException: sleep interrupted
	at java.lang.Thread.sleep(Native Method)
	at java.lang.Thread.sleep(Thread.java:340)
	at java.util.concurrent.TimeUnit.sleep(TimeUnit.java:386)
	at org.apache.ratis.util.TimeDuration.sleep(TimeDuration.java:324)
	at org.apache.ratis.util.TimeDuration.sleep(TimeDuration.java:309)
	at org.apache.ratis.server.impl.FollowerState.run(FollowerState.java:118)
2021-11-09 00:57:58,766 [Command processor thread] INFO  server.RaftServer$Division (ServerState.java:close(419)) - 43136673-c093-486b-8a61-55aa3fed1341@group-4DE1D93F2384: closes. applyIndex: -1
2021-11-09 00:57:58,766 [43136673-c093-486b-8a61-55aa3fed1341@group-4DE1D93F2384-SegmentedRaftLogWorker] INFO  segmented.SegmentedRaftLogWorker (SegmentedRaftLogWorker.java:run(327)) - 43136673-c093-486b-8a61-55aa3fed1341@group-4DE1D93F2384-SegmentedRaftLogWorker was interrupted, exiting. There are 0 tasks remaining in the queue.
2021-11-09 00:57:58,771 [Command processor thread] INFO  segmented.SegmentedRaftLogWorker (SegmentedRaftLogWorker.java:close(237)) - 43136673-c093-486b-8a61-55aa3fed1341@group-4DE1D93F2384-SegmentedRaftLogWorker close()
2021-11-09 00:57:58,774 [Command processor thread] INFO  server.RaftServer$Division (RaftServerImpl.java:groupRemove(382)) - 43136673-c093-486b-8a61-55aa3fed1341@group-4DE1D93F2384: Succeed to remove RaftStorageDirectory Storage Directory /home/runner/work/ozone/ozone/hadoop-ozone/integration-test/target/test-dir/MiniOzoneClusterImpl-cebd3685-2b3d-4639-9f0f-41911e64574b/datanode-2/data/ratis/8a6dbd94-094e-4d27-9e96-4de1d93f2384
2021-11-09 00:57:58,775 [Command processor thread] INFO  commandhandler.ClosePipelineCommandHandler (ClosePipelineCommandHandler.java:handle(78)) - Close Pipeline PipelineID=8a6dbd94-094e-4d27-9e96-4de1d93f2384 command on datanode 43136673-c093-486b-8a61-55aa3fed1341.
2021-11-09 00:57:59,774 [Command processor thread] INFO  server.RaftServer (RaftServerProxy.java:remove(106)) - 4430b70e-e2dc-4778-891b-decd59bd04d3: remove    LEADER 4430b70e-e2dc-4778-891b-decd59bd04d3@group-85E4BE6E1938:t3, leader=4430b70e-e2dc-4778-891b-decd59bd04d3, voted=4430b70e-e2dc-4778-891b-decd59bd04d3, raftlog=4430b70e-e2dc-4778-891b-decd59bd04d3@group-85E4BE6E1938-SegmentedRaftLog:OPENED:c0, conf=0: [4430b70e-e2dc-4778-891b-decd59bd04d3|rpc:10.1.0.58:37555|dataStream:|priority:0, d5ae86a0-e3e8-461b-b600-8c2d036507b1|rpc:10.1.0.58:45525|dataStream:|priority:1, 43136673-c093-486b-8a61-55aa3fed1341|rpc:10.1.0.58:34809|dataStream:|priority:0], old=null RUNNING
2021-11-09 00:57:59,774 [Command processor thread] INFO  server.RaftServer$Division (RaftServerImpl.java:lambda$close$4(412)) - 4430b70e-e2dc-4778-891b-decd59bd04d3@group-85E4BE6E1938: shutdown
2021-11-09 00:57:59,774 [Command processor thread] INFO  util.JmxRegister (JmxRegister.java:unregister(73)) - Successfully un-registered JMX Bean with object name Ratis:service=RaftServer,group=group-85E4BE6E1938,id=4430b70e-e2dc-4778-891b-decd59bd04d3
2021-11-09 00:57:59,774 [Command processor thread] INFO  impl.RoleInfo (RoleInfo.java:shutdownLeaderState(91)) - 4430b70e-e2dc-4778-891b-decd59bd04d3: shutdown 4430b70e-e2dc-4778-891b-decd59bd04d3@group-85E4BE6E1938-LeaderStateImpl
2021-11-09 00:57:59,774 [Command processor thread] INFO  impl.PendingRequests (PendingRequests.java:sendNotLeaderResponses(282)) - 4430b70e-e2dc-4778-891b-decd59bd04d3@group-85E4BE6E1938-PendingRequests: sendNotLeaderResponses
2021-11-09 00:57:59,775 [Command processor thread] INFO  impl.StateMachineUpdater (StateMachineUpdater.java:stopAndJoin(149)) - 4430b70e-e2dc-4778-891b-decd59bd04d3@group-85E4BE6E1938-StateMachineUpdater: set stopIndex = 0
2021-11-09 00:57:59,775 [4430b70e-e2dc-4778-891b-decd59bd04d3@group-85E4BE6E1938-StateMachineUpdater] INFO  ratis.ContainerStateMachine (ContainerStateMachine.java:takeSnapshot(292)) - group-85E4BE6E1938: Taking a snapshot at:(t:3, i:0) file /home/runner/work/ozone/ozone/hadoop-ozone/integration-test/target/test-dir/MiniOzoneClusterImpl-cebd3685-2b3d-4639-9f0f-41911e64574b/datanode-0/data/ratis/d8b699f5-3b3a-40b5-aba8-85e4be6e1938/sm/snapshot.3_0
2021-11-09 00:57:59,776 [4430b70e-e2dc-4778-891b-decd59bd04d3@group-85E4BE6E1938->43136673-c093-486b-8a61-55aa3fed1341-GrpcLogAppender-LogAppenderDaemon] WARN  server.GrpcLogAppender (GrpcLogAppender.java:mayWait(177)) - 4430b70e-e2dc-4778-891b-decd59bd04d3@group-85E4BE6E1938->43136673-c093-486b-8a61-55aa3fed1341-GrpcLogAppender: Wait interrupted by java.lang.InterruptedException
2021-11-09 00:57:59,777 [grpc-default-executor-4] INFO  server.GrpcServerProtocolService (GrpcServerProtocolService.java:onCompleted(140)) - 43136673-c093-486b-8a61-55aa3fed1341: Completed APPEND_ENTRIES, lastRequest: 4430b70e-e2dc-4778-891b-decd59bd04d3->43136673-c093-486b-8a61-55aa3fed1341#1-t3,previous=(t:0, i:0),leaderCommit=-1,initializing? true,entries: size=1, first=(t:3, i:0), CONFIGURATIONENTRY
2021-11-09 00:57:59,778 [grpc-default-executor-1] INFO  server.GrpcLogAppender (GrpcLogAppender.java:onCompleted(346)) - 4430b70e-e2dc-4778-891b-decd59bd04d3@group-85E4BE6E1938->43136673-c093-486b-8a61-55aa3fed1341-AppendLogResponseHandler: follower responses appendEntries COMPLETED
2021-11-09 00:57:59,778 [grpc-default-executor-1] INFO  leader.FollowerInfo (FollowerInfoImpl.java:lambda$new$0(47)) - 4430b70e-e2dc-4778-891b-decd59bd04d3@group-85E4BE6E1938->43136673-c093-486b-8a61-55aa3fed1341: nextIndex: updateUnconditionally 1 -> 0
2021-11-09 00:57:59,782 [4430b70e-e2dc-4778-891b-decd59bd04d3@group-85E4BE6E1938-StateMachineUpdater] INFO  ratis.ContainerStateMachine (ContainerStateMachine.java:takeSnapshot(303)) - group-85E4BE6E1938: Finished taking a snapshot at:(t:3, i:0) file:/home/runner/work/ozone/ozone/hadoop-ozone/integration-test/target/test-dir/MiniOzoneClusterImpl-cebd3685-2b3d-4639-9f0f-41911e64574b/datanode-0/data/ratis/d8b699f5-3b3a-40b5-aba8-85e4be6e1938/sm/snapshot.3_0 took: 7 ms
2021-11-09 00:57:59,782 [4430b70e-e2dc-4778-891b-decd59bd04d3@group-85E4BE6E1938-StateMachineUpdater] INFO  impl.StateMachineUpdater (StateMachineUpdater.java:takeSnapshot(281)) - 4430b70e-e2dc-4778-891b-decd59bd04d3@group-85E4BE6E1938-StateMachineUpdater: Took a snapshot at index 0
2021-11-09 00:57:59,782 [4430b70e-e2dc-4778-891b-decd59bd04d3@group-85E4BE6E1938-StateMachineUpdater] INFO  impl.StateMachineUpdater (StateMachineUpdater.java:lambda$new$0(89)) - 4430b70e-e2dc-4778-891b-decd59bd04d3@group-85E4BE6E1938-StateMachineUpdater: snapshotIndex: updateIncreasingly -1 -> 0
2021-11-09 00:57:59,782 [Command processor thread] INFO  server.RaftServer$Division (ServerState.java:close(419)) - 4430b70e-e2dc-4778-891b-decd59bd04d3@group-85E4BE6E1938: closes. applyIndex: 0
2021-11-09 00:57:59,783 [4430b70e-e2dc-4778-891b-decd59bd04d3@group-85E4BE6E1938-SegmentedRaftLogWorker] INFO  segmented.SegmentedRaftLogWorker (SegmentedRaftLogWorker.java:run(327)) - 4430b70e-e2dc-4778-891b-decd59bd04d3@group-85E4BE6E1938-SegmentedRaftLogWorker was interrupted, exiting. There are 0 tasks remaining in the queue.
2021-11-09 00:57:59,787 [Command processor thread] INFO  segmented.SegmentedRaftLogWorker (SegmentedRaftLogWorker.java:close(237)) - 4430b70e-e2dc-4778-891b-decd59bd04d3@group-85E4BE6E1938-SegmentedRaftLogWorker close()
2021-11-09 00:57:59,789 [Command processor thread] INFO  server.RaftServer$Division (RaftServerImpl.java:groupRemove(382)) - 4430b70e-e2dc-4778-891b-decd59bd04d3@group-85E4BE6E1938: Succeed to remove RaftStorageDirectory Storage Directory /home/runner/work/ozone/ozone/hadoop-ozone/integration-test/target/test-dir/MiniOzoneClusterImpl-cebd3685-2b3d-4639-9f0f-41911e64574b/datanode-0/data/ratis/d8b699f5-3b3a-40b5-aba8-85e4be6e1938
2021-11-09 00:57:59,789 [Command processor thread] INFO  commandhandler.ClosePipelineCommandHandler (ClosePipelineCommandHandler.java:handle(78)) - Close Pipeline PipelineID=d8b699f5-3b3a-40b5-aba8-85e4be6e1938 command on datanode 4430b70e-e2dc-4778-891b-decd59bd04d3.
2021-11-09 00:57:59,789 [Command processor thread] INFO  server.RaftServer (RaftServerProxy.java:remove(106)) - 4430b70e-e2dc-4778-891b-decd59bd04d3: remove  FOLLOWER 4430b70e-e2dc-4778-891b-decd59bd04d3@group-4DE1D93F2384:t4, leader=null, voted=4430b70e-e2dc-4778-891b-decd59bd04d3, raftlog=4430b70e-e2dc-4778-891b-decd59bd04d3@group-4DE1D93F2384-SegmentedRaftLog:OPENED:c-1, conf=-1: [4430b70e-e2dc-4778-891b-decd59bd04d3|rpc:10.1.0.58:37555|dataStream:|priority:1, d5ae86a0-e3e8-461b-b600-8c2d036507b1|rpc:10.1.0.58:45525|dataStream:|priority:0, 43136673-c093-486b-8a61-55aa3fed1341|rpc:10.1.0.58:34809|dataStream:|priority:0], old=null RUNNING
2021-11-09 00:57:59,789 [Command processor thread] INFO  server.RaftServer$Division (RaftServerImpl.java:lambda$close$4(412)) - 4430b70e-e2dc-4778-891b-decd59bd04d3@group-4DE1D93F2384: shutdown
2021-11-09 00:57:59,789 [Command processor thread] INFO  util.JmxRegister (JmxRegister.java:unregister(73)) - Successfully un-registered JMX Bean with object name Ratis:service=RaftServer,group=group-4DE1D93F2384,id=4430b70e-e2dc-4778-891b-decd59bd04d3
2021-11-09 00:57:59,789 [Command processor thread] INFO  impl.RoleInfo (RoleInfo.java:shutdownFollowerState(108)) - 4430b70e-e2dc-4778-891b-decd59bd04d3: shutdown 4430b70e-e2dc-4778-891b-decd59bd04d3@group-4DE1D93F2384-FollowerState
2021-11-09 00:57:59,789 [Command processor thread] INFO  impl.StateMachineUpdater (StateMachineUpdater.java:stopAndJoin(149)) - 4430b70e-e2dc-4778-891b-decd59bd04d3@group-4DE1D93F2384-StateMachineUpdater: set stopIndex = -1
2021-11-09 00:57:59,789 [4430b70e-e2dc-4778-891b-decd59bd04d3@group-4DE1D93F2384-FollowerState] INFO  impl.FollowerState (FollowerState.java:run(143)) - 4430b70e-e2dc-4778-891b-decd59bd04d3@group-4DE1D93F2384-FollowerState was interrupted: {}
java.lang.InterruptedException: sleep interrupted
	at java.lang.Thread.sleep(Native Method)
	at java.lang.Thread.sleep(Thread.java:340)
	at java.util.concurrent.TimeUnit.sleep(TimeUnit.java:386)
	at org.apache.ratis.util.TimeDuration.sleep(TimeDuration.java:324)
	at org.apache.ratis.util.TimeDuration.sleep(TimeDuration.java:309)
	at org.apache.ratis.server.impl.FollowerState.run(FollowerState.java:118)
2021-11-09 00:57:59,790 [Command processor thread] INFO  server.RaftServer$Division (ServerState.java:close(419)) - 4430b70e-e2dc-4778-891b-decd59bd04d3@group-4DE1D93F2384: closes. applyIndex: -1
2021-11-09 00:57:59,814 [4430b70e-e2dc-4778-891b-decd59bd04d3@group-4DE1D93F2384-SegmentedRaftLogWorker] INFO  segmented.SegmentedRaftLogWorker (SegmentedRaftLogWorker.java:run(327)) - 4430b70e-e2dc-4778-891b-decd59bd04d3@group-4DE1D93F2384-SegmentedRaftLogWorker was interrupted, exiting. There are 0 tasks remaining in the queue.
2021-11-09 00:57:59,814 [Command processor thread] INFO  segmented.SegmentedRaftLogWorker (SegmentedRaftLogWorker.java:close(237)) - 4430b70e-e2dc-4778-891b-decd59bd04d3@group-4DE1D93F2384-SegmentedRaftLogWorker close()
2021-11-09 00:57:59,824 [Command processor thread] INFO  server.RaftServer$Division (RaftServerImpl.java:groupRemove(382)) - 4430b70e-e2dc-4778-891b-decd59bd04d3@group-4DE1D93F2384: Succeed to remove RaftStorageDirectory Storage Directory /home/runner/work/ozone/ozone/hadoop-ozone/integration-test/target/test-dir/MiniOzoneClusterImpl-cebd3685-2b3d-4639-9f0f-41911e64574b/datanode-0/data/ratis/8a6dbd94-094e-4d27-9e96-4de1d93f2384
2021-11-09 00:57:59,824 [Command processor thread] INFO  commandhandler.ClosePipelineCommandHandler (ClosePipelineCommandHandler.java:handle(78)) - Close Pipeline PipelineID=8a6dbd94-094e-4d27-9e96-4de1d93f2384 command on datanode 4430b70e-e2dc-4778-891b-decd59bd04d3.
2021-11-09 00:58:01,647 [Listener at 127.0.0.1/34135] INFO  statemachine.DatanodeStateMachine (DatanodeStateMachine.java:stopDaemon(526)) - Ozone container server stopped.
2021-11-09 00:58:01,648 [Listener at 127.0.0.1/34135] INFO  handler.ContextHandler (ContextHandler.java:doStop(1153)) - Stopped o.e.j.w.WebAppContext@3cf3b9c6{hddsDatanode,/,null,STOPPED}{jar:file:/home/runner/.m2/repository/org/apache/ozone/hdds-container-service/1.2.0-SNAPSHOT/hdds-container-service-1.2.0-SNAPSHOT.jar!/webapps/hddsDatanode}
2021-11-09 00:58:01,655 [Listener at 127.0.0.1/34135] INFO  server.AbstractConnector (AbstractConnector.java:doStop(381)) - Stopped ServerConnector@15b4a06d{HTTP/1.1, (http/1.1)}{0.0.0.0:0}
2021-11-09 00:58:01,656 [Listener at 127.0.0.1/34135] INFO  server.session (HouseKeeper.java:stopScavenging(149)) - node0 Stopped scavenging
2021-11-09 00:58:01,656 [Listener at 127.0.0.1/34135] INFO  handler.ContextHandler (ContextHandler.java:doStop(1153)) - Stopped o.e.j.s.ServletContextHandler@285b4af7{static,/static,jar:file:/home/runner/.m2/repository/org/apache/ozone/hdds-container-service/1.2.0-SNAPSHOT/hdds-container-service-1.2.0-SNAPSHOT.jar!/webapps/static,STOPPED}
2021-11-09 00:58:01,656 [Listener at 127.0.0.1/34135] INFO  handler.ContextHandler (ContextHandler.java:doStop(1153)) - Stopped o.e.j.s.ServletContextHandler@28856c45{logs,/logs,file:///home/runner/work/ozone/ozone/hadoop-ozone/integration-test/target/log,STOPPED}
2021-11-09 00:58:03,388 [EventQueue-StaleNodeForStaleNodeHandler] INFO  node.StaleNodeHandler (StaleNodeHandler.java:onMessage(58)) - Datanode c17442c2-57b8-4ea9-a6b0-3a357e556ad2{ip: 10.1.0.58, host: fv-az294-841.eaanfquahm5ulb5tj050gcxych.jx.internal.cloudapp.net, ports: [REPLICATION=46747, RATIS=33767, RATIS_ADMIN=33767, RATIS_SERVER=33767, STANDALONE=35241], networkLocation: /default-rack, certSerialId: null, persistedOpState: IN_SERVICE, persistedOpStateExpiryEpochSec: 0} moved to stale state. Finalizing its pipelines [PipelineID=95e29889-45c4-413f-a16d-7e8a545d9593]
2021-11-09 00:58:03,389 [EventQueue-StaleNodeForStaleNodeHandler] INFO  pipeline.PipelineManagerImpl (PipelineManagerImpl.java:closePipeline(349)) - Pipeline Pipeline[ Id: 95e29889-45c4-413f-a16d-7e8a545d9593, Nodes: c17442c2-57b8-4ea9-a6b0-3a357e556ad2{ip: 10.1.0.58, host: fv-az294-841.eaanfquahm5ulb5tj050gcxych.jx.internal.cloudapp.net, ports: [REPLICATION=46747, RATIS=33767, RATIS_ADMIN=33767, RATIS_SERVER=33767, STANDALONE=35241], networkLocation: /default-rack, certSerialId: null, persistedOpState: IN_SERVICE, persistedOpStateExpiryEpochSec: 0}, ReplicationConfig: RATIS/ONE, State:OPEN, leaderId:c17442c2-57b8-4ea9-a6b0-3a357e556ad2, CreationTimestamp2021-11-09T00:56:34.062Z[Etc/UTC]] moved to CLOSED state
2021-11-09 00:58:04,992 [EventQueue-DeadNodeForDeadNodeHandler] INFO  node.DeadNodeHandler (DeadNodeHandler.java:onMessage(80)) - A dead datanode is detected. 23aab0c3-4c3e-4cdc-9821-98cdf7e102fc{ip: 10.1.0.58, host: fv-az294-841.eaanfquahm5ulb5tj050gcxych.jx.internal.cloudapp.net, ports: [REPLICATION=35683, RATIS=33649, RATIS_ADMIN=33649, RATIS_SERVER=33649, STANDALONE=34371], networkLocation: /default-rack, certSerialId: null, persistedOpState: IN_SERVICE, persistedOpStateExpiryEpochSec: 0}
2021-11-09 00:58:04,992 [EventQueue-DeadNodeForDeadNodeHandler] INFO  pipeline.RatisPipelineProvider (RatisPipelineProvider.java:lambda$close$1(222)) - Send pipeline:PipelineID=dd50b01f-64a3-4837-8588-cf94859226f3 close command to datanode 23aab0c3-4c3e-4cdc-9821-98cdf7e102fc
2021-11-09 00:58:04,992 [EventQueue-DeadNodeForDeadNodeHandler] INFO  pipeline.PipelineStateManagerImpl (PipelineStateManagerImpl.java:removePipeline(223)) - Pipeline Pipeline[ Id: dd50b01f-64a3-4837-8588-cf94859226f3, Nodes: 23aab0c3-4c3e-4cdc-9821-98cdf7e102fc{ip: 10.1.0.58, host: fv-az294-841.eaanfquahm5ulb5tj050gcxych.jx.internal.cloudapp.net, ports: [REPLICATION=35683, RATIS=33649, RATIS_ADMIN=33649, RATIS_SERVER=33649, STANDALONE=34371], networkLocation: /default-rack, certSerialId: null, persistedOpState: IN_SERVICE, persistedOpStateExpiryEpochSec: 0}, ReplicationConfig: RATIS/ONE, State:CLOSED, leaderId:23aab0c3-4c3e-4cdc-9821-98cdf7e102fc, CreationTimestamp2021-11-09T00:56:34.577Z[Etc/UTC]] removed.
2021-11-09 00:58:04,992 [EventQueue-DeadNodeForDeadNodeHandler] INFO  net.NetworkTopologyImpl (NetworkTopologyImpl.java:remove(137)) - Removed a node: /default-rack/23aab0c3-4c3e-4cdc-9821-98cdf7e102fc
2021-11-09 00:58:06,661 [Listener at 127.0.0.1/34135] INFO  ozoneimpl.OzoneContainer (OzoneContainer.java:stop(325)) - Attempting to stop container services.
2021-11-09 00:58:06,670 [Listener at 127.0.0.1/34135] INFO  server.RaftServer (RaftServerProxy.java:lambda$close$6(391)) - 5b8b357e-6f93-4947-883b-a4d8a2742106: close
2021-11-09 00:58:06,670 [Listener at 127.0.0.1/34135] INFO  server.RaftServer$Division (RaftServerImpl.java:lambda$close$4(412)) - 5b8b357e-6f93-4947-883b-a4d8a2742106@group-EB3C263F7C8C: shutdown
2021-11-09 00:58:06,670 [Listener at 127.0.0.1/34135] INFO  util.JmxRegister (JmxRegister.java:unregister(73)) - Successfully un-registered JMX Bean with object name Ratis:service=RaftServer,group=group-EB3C263F7C8C,id=5b8b357e-6f93-4947-883b-a4d8a2742106
2021-11-09 00:58:06,670 [Listener at 127.0.0.1/34135] INFO  impl.RoleInfo (RoleInfo.java:shutdownLeaderState(91)) - 5b8b357e-6f93-4947-883b-a4d8a2742106: shutdown 5b8b357e-6f93-4947-883b-a4d8a2742106@group-EB3C263F7C8C-LeaderStateImpl
2021-11-09 00:58:06,670 [Listener at 127.0.0.1/34135] INFO  impl.PendingRequests (PendingRequests.java:sendNotLeaderResponses(282)) - 5b8b357e-6f93-4947-883b-a4d8a2742106@group-EB3C263F7C8C-PendingRequests: sendNotLeaderResponses
2021-11-09 00:58:06,671 [Listener at 127.0.0.1/34135] INFO  impl.StateMachineUpdater (StateMachineUpdater.java:stopAndJoin(149)) - 5b8b357e-6f93-4947-883b-a4d8a2742106@group-EB3C263F7C8C-StateMachineUpdater: set stopIndex = 0
2021-11-09 00:58:06,671 [5b8b357e-6f93-4947-883b-a4d8a2742106@group-EB3C263F7C8C-StateMachineUpdater] INFO  ratis.ContainerStateMachine (ContainerStateMachine.java:takeSnapshot(292)) - group-EB3C263F7C8C: Taking a snapshot at:(t:1, i:0) file /home/runner/work/ozone/ozone/hadoop-ozone/integration-test/target/test-dir/MiniOzoneClusterImpl-cebd3685-2b3d-4639-9f0f-41911e64574b/datanode-3/data/ratis/b34201ca-3705-486d-81c7-eb3c263f7c8c/sm/snapshot.1_0
2021-11-09 00:58:06,673 [5b8b357e-6f93-4947-883b-a4d8a2742106@group-EB3C263F7C8C-StateMachineUpdater] INFO  ratis.ContainerStateMachine (ContainerStateMachine.java:takeSnapshot(303)) - group-EB3C263F7C8C: Finished taking a snapshot at:(t:1, i:0) file:/home/runner/work/ozone/ozone/hadoop-ozone/integration-test/target/test-dir/MiniOzoneClusterImpl-cebd3685-2b3d-4639-9f0f-41911e64574b/datanode-3/data/ratis/b34201ca-3705-486d-81c7-eb3c263f7c8c/sm/snapshot.1_0 took: 2 ms
2021-11-09 00:58:06,673 [5b8b357e-6f93-4947-883b-a4d8a2742106@group-EB3C263F7C8C-StateMachineUpdater] INFO  impl.StateMachineUpdater (StateMachineUpdater.java:takeSnapshot(281)) - 5b8b357e-6f93-4947-883b-a4d8a2742106@group-EB3C263F7C8C-StateMachineUpdater: Took a snapshot at index 0
2021-11-09 00:58:06,673 [5b8b357e-6f93-4947-883b-a4d8a2742106@group-EB3C263F7C8C-StateMachineUpdater] INFO  impl.StateMachineUpdater (StateMachineUpdater.java:lambda$new$0(89)) - 5b8b357e-6f93-4947-883b-a4d8a2742106@group-EB3C263F7C8C-StateMachineUpdater: snapshotIndex: updateIncreasingly -1 -> 0
2021-11-09 00:58:06,673 [Listener at 127.0.0.1/34135] INFO  server.RaftServer$Division (ServerState.java:close(419)) - 5b8b357e-6f93-4947-883b-a4d8a2742106@group-EB3C263F7C8C: closes. applyIndex: 0
2021-11-09 00:58:06,674 [5b8b357e-6f93-4947-883b-a4d8a2742106@group-EB3C263F7C8C-SegmentedRaftLogWorker] INFO  segmented.SegmentedRaftLogWorker (SegmentedRaftLogWorker.java:run(327)) - 5b8b357e-6f93-4947-883b-a4d8a2742106@group-EB3C263F7C8C-SegmentedRaftLogWorker was interrupted, exiting. There are 0 tasks remaining in the queue.
2021-11-09 00:58:06,674 [Listener at 127.0.0.1/34135] INFO  segmented.SegmentedRaftLogWorker (SegmentedRaftLogWorker.java:close(237)) - 5b8b357e-6f93-4947-883b-a4d8a2742106@group-EB3C263F7C8C-SegmentedRaftLogWorker close()
2021-11-09 00:58:06,674 [Listener at 127.0.0.1/34135] INFO  server.GrpcService (GrpcService.java:closeImpl(262)) - 5b8b357e-6f93-4947-883b-a4d8a2742106: shutdown server with port 46289 now
2021-11-09 00:58:06,699 [Listener at 127.0.0.1/34135] INFO  server.GrpcService (GrpcService.java:closeImpl(271)) - 5b8b357e-6f93-4947-883b-a4d8a2742106: shutdown server with port 46289 successfully
2021-11-09 00:58:06,707 [org.apache.ratis.util.JvmPauseMonitor$$Lambda$531/1691661275@2f17ed28] INFO  util.JvmPauseMonitor (JvmPauseMonitor.java:run(109)) - JvmPauseMonitor-5b8b357e-6f93-4947-883b-a4d8a2742106: Stopped
2021-11-09 00:58:06,724 [Listener at 127.0.0.1/34135] INFO  utils.BackgroundService (BackgroundService.java:shutdown(132)) - Shutting down service BlockDeletingService
2021-11-09 00:58:09,751 [Listener at 127.0.0.1/34135] INFO  statemachine.DatanodeStateMachine (DatanodeStateMachine.java:stopDaemon(526)) - Ozone container server stopped.
2021-11-09 00:58:09,752 [Listener at 127.0.0.1/34135] INFO  handler.ContextHandler (ContextHandler.java:doStop(1153)) - Stopped o.e.j.w.WebAppContext@7519655c{hddsDatanode,/,null,STOPPED}{jar:file:/home/runner/.m2/repository/org/apache/ozone/hdds-container-service/1.2.0-SNAPSHOT/hdds-container-service-1.2.0-SNAPSHOT.jar!/webapps/hddsDatanode}
2021-11-09 00:58:09,753 [Listener at 127.0.0.1/34135] INFO  server.AbstractConnector (AbstractConnector.java:doStop(381)) - Stopped ServerConnector@8b08a48{HTTP/1.1, (http/1.1)}{0.0.0.0:0}
2021-11-09 00:58:09,753 [Listener at 127.0.0.1/34135] INFO  server.session (HouseKeeper.java:stopScavenging(149)) - node0 Stopped scavenging
2021-11-09 00:58:09,754 [Listener at 127.0.0.1/34135] INFO  handler.ContextHandler (ContextHandler.java:doStop(1153)) - Stopped o.e.j.s.ServletContextHandler@766ac993{static,/static,jar:file:/home/runner/.m2/repository/org/apache/ozone/hdds-container-service/1.2.0-SNAPSHOT/hdds-container-service-1.2.0-SNAPSHOT.jar!/webapps/static,STOPPED}
2021-11-09 00:58:09,754 [Listener at 127.0.0.1/34135] INFO  handler.ContextHandler (ContextHandler.java:doStop(1153)) - Stopped o.e.j.s.ServletContextHandler@1e1c981a{logs,/logs,file:///home/runner/work/ozone/ozone/hadoop-ozone/integration-test/target/log,STOPPED}
2021-11-09 00:58:11,516 [EventQueue-StaleNodeForStaleNodeHandler] INFO  node.StaleNodeHandler (StaleNodeHandler.java:onMessage(58)) - Datanode 5b8b357e-6f93-4947-883b-a4d8a2742106{ip: 10.1.0.58, host: fv-az294-841.eaanfquahm5ulb5tj050gcxych.jx.internal.cloudapp.net, ports: [REPLICATION=38571, RATIS=46289, RATIS_ADMIN=46289, RATIS_SERVER=46289, STANDALONE=44983], networkLocation: /default-rack, certSerialId: null, persistedOpState: IN_SERVICE, persistedOpStateExpiryEpochSec: 0} moved to stale state. Finalizing its pipelines [PipelineID=b34201ca-3705-486d-81c7-eb3c263f7c8c]
2021-11-09 00:58:11,517 [EventQueue-StaleNodeForStaleNodeHandler] INFO  pipeline.PipelineManagerImpl (PipelineManagerImpl.java:closePipeline(349)) - Pipeline Pipeline[ Id: b34201ca-3705-486d-81c7-eb3c263f7c8c, Nodes: 5b8b357e-6f93-4947-883b-a4d8a2742106{ip: 10.1.0.58, host: fv-az294-841.eaanfquahm5ulb5tj050gcxych.jx.internal.cloudapp.net, ports: [REPLICATION=38571, RATIS=46289, RATIS_ADMIN=46289, RATIS_SERVER=46289, STANDALONE=44983], networkLocation: /default-rack, certSerialId: null, persistedOpState: IN_SERVICE, persistedOpStateExpiryEpochSec: 0}, ReplicationConfig: RATIS/ONE, State:OPEN, leaderId:5b8b357e-6f93-4947-883b-a4d8a2742106, CreationTimestamp2021-11-09T00:56:33.110Z[Etc/UTC]] moved to CLOSED state
2021-11-09 00:58:13,428 [EventQueue-DeadNodeForDeadNodeHandler] INFO  node.DeadNodeHandler (DeadNodeHandler.java:onMessage(80)) - A dead datanode is detected. c17442c2-57b8-4ea9-a6b0-3a357e556ad2{ip: 10.1.0.58, host: fv-az294-841.eaanfquahm5ulb5tj050gcxych.jx.internal.cloudapp.net, ports: [REPLICATION=46747, RATIS=33767, RATIS_ADMIN=33767, RATIS_SERVER=33767, STANDALONE=35241], networkLocation: /default-rack, certSerialId: null, persistedOpState: IN_SERVICE, persistedOpStateExpiryEpochSec: 0}
2021-11-09 00:58:13,428 [EventQueue-DeadNodeForDeadNodeHandler] INFO  pipeline.RatisPipelineProvider (RatisPipelineProvider.java:lambda$close$1(222)) - Send pipeline:PipelineID=95e29889-45c4-413f-a16d-7e8a545d9593 close command to datanode c17442c2-57b8-4ea9-a6b0-3a357e556ad2
2021-11-09 00:58:13,429 [EventQueue-DeadNodeForDeadNodeHandler] INFO  pipeline.PipelineStateManagerImpl (PipelineStateManagerImpl.java:removePipeline(223)) - Pipeline Pipeline[ Id: 95e29889-45c4-413f-a16d-7e8a545d9593, Nodes: c17442c2-57b8-4ea9-a6b0-3a357e556ad2{ip: 10.1.0.58, host: fv-az294-841.eaanfquahm5ulb5tj050gcxych.jx.internal.cloudapp.net, ports: [REPLICATION=46747, RATIS=33767, RATIS_ADMIN=33767, RATIS_SERVER=33767, STANDALONE=35241], networkLocation: /default-rack, certSerialId: null, persistedOpState: IN_SERVICE, persistedOpStateExpiryEpochSec: 0}, ReplicationConfig: RATIS/ONE, State:CLOSED, leaderId:c17442c2-57b8-4ea9-a6b0-3a357e556ad2, CreationTimestamp2021-11-09T00:56:34.062Z[Etc/UTC]] removed.
2021-11-09 00:58:13,429 [EventQueue-DeadNodeForDeadNodeHandler] INFO  net.NetworkTopologyImpl (NetworkTopologyImpl.java:remove(137)) - Removed a node: /default-rack/c17442c2-57b8-4ea9-a6b0-3a357e556ad2
2021-11-09 00:58:14,756 [Listener at 127.0.0.1/34135] INFO  ozoneimpl.OzoneContainer (OzoneContainer.java:stop(325)) - Attempting to stop container services.
2021-11-09 00:58:14,756 [Listener at 127.0.0.1/34135] INFO  server.RaftServer (RaftServerProxy.java:lambda$close$6(391)) - 4430b70e-e2dc-4778-891b-decd59bd04d3: close
2021-11-09 00:58:14,756 [Listener at 127.0.0.1/34135] INFO  server.RaftServer$Division (RaftServerImpl.java:lambda$close$4(412)) - 4430b70e-e2dc-4778-891b-decd59bd04d3@group-B742A90591B3: shutdown
2021-11-09 00:58:14,757 [Listener at 127.0.0.1/34135] INFO  util.JmxRegister (JmxRegister.java:unregister(73)) - Successfully un-registered JMX Bean with object name Ratis:service=RaftServer,group=group-B742A90591B3,id=4430b70e-e2dc-4778-891b-decd59bd04d3
2021-11-09 00:58:14,757 [Listener at 127.0.0.1/34135] INFO  impl.RoleInfo (RoleInfo.java:shutdownLeaderState(91)) - 4430b70e-e2dc-4778-891b-decd59bd04d3: shutdown 4430b70e-e2dc-4778-891b-decd59bd04d3@group-B742A90591B3-LeaderStateImpl
2021-11-09 00:58:14,757 [Listener at 127.0.0.1/34135] INFO  impl.PendingRequests (PendingRequests.java:sendNotLeaderResponses(282)) - 4430b70e-e2dc-4778-891b-decd59bd04d3@group-B742A90591B3-PendingRequests: sendNotLeaderResponses
2021-11-09 00:58:14,758 [Listener at 127.0.0.1/34135] INFO  impl.StateMachineUpdater (StateMachineUpdater.java:stopAndJoin(149)) - 4430b70e-e2dc-4778-891b-decd59bd04d3@group-B742A90591B3-StateMachineUpdater: set stopIndex = 0
2021-11-09 00:58:14,758 [4430b70e-e2dc-4778-891b-decd59bd04d3@group-B742A90591B3-StateMachineUpdater] INFO  ratis.ContainerStateMachine (ContainerStateMachine.java:takeSnapshot(292)) - group-B742A90591B3: Taking a snapshot at:(t:1, i:0) file /home/runner/work/ozone/ozone/hadoop-ozone/integration-test/target/test-dir/MiniOzoneClusterImpl-cebd3685-2b3d-4639-9f0f-41911e64574b/datanode-0/data/ratis/dc755f07-e104-4d8a-90cf-b742a90591b3/sm/snapshot.1_0
2021-11-09 00:58:14,759 [4430b70e-e2dc-4778-891b-decd59bd04d3@group-B742A90591B3-StateMachineUpdater] INFO  ratis.ContainerStateMachine (ContainerStateMachine.java:takeSnapshot(303)) - group-B742A90591B3: Finished taking a snapshot at:(t:1, i:0) file:/home/runner/work/ozone/ozone/hadoop-ozone/integration-test/target/test-dir/MiniOzoneClusterImpl-cebd3685-2b3d-4639-9f0f-41911e64574b/datanode-0/data/ratis/dc755f07-e104-4d8a-90cf-b742a90591b3/sm/snapshot.1_0 took: 1 ms
2021-11-09 00:58:14,760 [4430b70e-e2dc-4778-891b-decd59bd04d3@group-B742A90591B3-StateMachineUpdater] INFO  impl.StateMachineUpdater (StateMachineUpdater.java:takeSnapshot(281)) - 4430b70e-e2dc-4778-891b-decd59bd04d3@group-B742A90591B3-StateMachineUpdater: Took a snapshot at index 0
2021-11-09 00:58:14,760 [4430b70e-e2dc-4778-891b-decd59bd04d3@group-B742A90591B3-StateMachineUpdater] INFO  impl.StateMachineUpdater (StateMachineUpdater.java:lambda$new$0(89)) - 4430b70e-e2dc-4778-891b-decd59bd04d3@group-B742A90591B3-StateMachineUpdater: snapshotIndex: updateIncreasingly -1 -> 0
2021-11-09 00:58:14,760 [Listener at 127.0.0.1/34135] INFO  server.RaftServer$Division (ServerState.java:close(419)) - 4430b70e-e2dc-4778-891b-decd59bd04d3@group-B742A90591B3: closes. applyIndex: 0
2021-11-09 00:58:14,765 [4430b70e-e2dc-4778-891b-decd59bd04d3@group-B742A90591B3-SegmentedRaftLogWorker] INFO  segmented.SegmentedRaftLogWorker (SegmentedRaftLogWorker.java:run(327)) - 4430b70e-e2dc-4778-891b-decd59bd04d3@group-B742A90591B3-SegmentedRaftLogWorker was interrupted, exiting. There are 0 tasks remaining in the queue.
2021-11-09 00:58:14,765 [Listener at 127.0.0.1/34135] INFO  segmented.SegmentedRaftLogWorker (SegmentedRaftLogWorker.java:close(237)) - 4430b70e-e2dc-4778-891b-decd59bd04d3@group-B742A90591B3-SegmentedRaftLogWorker close()
2021-11-09 00:58:14,766 [Listener at 127.0.0.1/34135] INFO  server.GrpcService (GrpcService.java:closeImpl(262)) - 4430b70e-e2dc-4778-891b-decd59bd04d3: shutdown server with port 37555 now
2021-11-09 00:58:14,782 [Listener at 127.0.0.1/34135] INFO  server.GrpcService (GrpcService.java:closeImpl(271)) - 4430b70e-e2dc-4778-891b-decd59bd04d3: shutdown server with port 37555 successfully
2021-11-09 00:58:14,795 [org.apache.ratis.util.JvmPauseMonitor$$Lambda$531/1691661275@4a9d08b8] INFO  util.JvmPauseMonitor (JvmPauseMonitor.java:run(109)) - JvmPauseMonitor-4430b70e-e2dc-4778-891b-decd59bd04d3: Stopped
2021-11-09 00:58:14,811 [Listener at 127.0.0.1/34135] INFO  utils.BackgroundService (BackgroundService.java:shutdown(132)) - Shutting down service BlockDeletingService
2021-11-09 00:58:17,815 [Listener at 127.0.0.1/34135] INFO  statemachine.DatanodeStateMachine (DatanodeStateMachine.java:stopDaemon(526)) - Ozone container server stopped.
2021-11-09 00:58:17,816 [Listener at 127.0.0.1/34135] INFO  handler.ContextHandler (ContextHandler.java:doStop(1153)) - Stopped o.e.j.w.WebAppContext@258f6b2f{hddsDatanode,/,null,STOPPED}{jar:file:/home/runner/.m2/repository/org/apache/ozone/hdds-container-service/1.2.0-SNAPSHOT/hdds-container-service-1.2.0-SNAPSHOT.jar!/webapps/hddsDatanode}
2021-11-09 00:58:17,817 [Listener at 127.0.0.1/34135] INFO  server.AbstractConnector (AbstractConnector.java:doStop(381)) - Stopped ServerConnector@22b23e4b{HTTP/1.1, (http/1.1)}{0.0.0.0:0}
2021-11-09 00:58:17,817 [Listener at 127.0.0.1/34135] INFO  server.session (HouseKeeper.java:stopScavenging(149)) - node0 Stopped scavenging
2021-11-09 00:58:17,817 [Listener at 127.0.0.1/34135] INFO  handler.ContextHandler (ContextHandler.java:doStop(1153)) - Stopped o.e.j.s.ServletContextHandler@7697e178{static,/static,jar:file:/home/runner/.m2/repository/org/apache/ozone/hdds-container-service/1.2.0-SNAPSHOT/hdds-container-service-1.2.0-SNAPSHOT.jar!/webapps/static,STOPPED}
2021-11-09 00:58:17,817 [Listener at 127.0.0.1/34135] INFO  handler.ContextHandler (ContextHandler.java:doStop(1153)) - Stopped o.e.j.s.ServletContextHandler@47526e7b{logs,/logs,file:///home/runner/work/ozone/ozone/hadoop-ozone/integration-test/target/log,STOPPED}
2021-11-09 00:58:18,868 [EventQueue-StaleNodeForStaleNodeHandler] INFO  node.StaleNodeHandler (StaleNodeHandler.java:onMessage(58)) - Datanode 4430b70e-e2dc-4778-891b-decd59bd04d3{ip: 10.1.0.58, host: fv-az294-841.eaanfquahm5ulb5tj050gcxych.jx.internal.cloudapp.net, ports: [REPLICATION=41031, RATIS=37555, RATIS_ADMIN=37555, RATIS_SERVER=37555, STANDALONE=43879], networkLocation: /default-rack, certSerialId: null, persistedOpState: IN_SERVICE, persistedOpStateExpiryEpochSec: 0} moved to stale state. Finalizing its pipelines [PipelineID=dc755f07-e104-4d8a-90cf-b742a90591b3]
2021-11-09 00:58:18,869 [EventQueue-StaleNodeForStaleNodeHandler] INFO  pipeline.PipelineManagerImpl (PipelineManagerImpl.java:closePipeline(349)) - Pipeline Pipeline[ Id: dc755f07-e104-4d8a-90cf-b742a90591b3, Nodes: 4430b70e-e2dc-4778-891b-decd59bd04d3{ip: 10.1.0.58, host: fv-az294-841.eaanfquahm5ulb5tj050gcxych.jx.internal.cloudapp.net, ports: [REPLICATION=41031, RATIS=37555, RATIS_ADMIN=37555, RATIS_SERVER=37555, STANDALONE=43879], networkLocation: /default-rack, certSerialId: null, persistedOpState: IN_SERVICE, persistedOpStateExpiryEpochSec: 0}, ReplicationConfig: RATIS/ONE, State:OPEN, leaderId:4430b70e-e2dc-4778-891b-decd59bd04d3, CreationTimestamp2021-11-09T00:56:31.811Z[Etc/UTC]] moved to CLOSED state
2021-11-09 00:58:21,581 [EventQueue-DeadNodeForDeadNodeHandler] INFO  node.DeadNodeHandler (DeadNodeHandler.java:onMessage(80)) - A dead datanode is detected. 5b8b357e-6f93-4947-883b-a4d8a2742106{ip: 10.1.0.58, host: fv-az294-841.eaanfquahm5ulb5tj050gcxych.jx.internal.cloudapp.net, ports: [REPLICATION=38571, RATIS=46289, RATIS_ADMIN=46289, RATIS_SERVER=46289, STANDALONE=44983], networkLocation: /default-rack, certSerialId: null, persistedOpState: IN_SERVICE, persistedOpStateExpiryEpochSec: 0}
2021-11-09 00:58:21,582 [EventQueue-DeadNodeForDeadNodeHandler] INFO  pipeline.RatisPipelineProvider (RatisPipelineProvider.java:lambda$close$1(222)) - Send pipeline:PipelineID=b34201ca-3705-486d-81c7-eb3c263f7c8c close command to datanode 5b8b357e-6f93-4947-883b-a4d8a2742106
2021-11-09 00:58:21,582 [EventQueue-DeadNodeForDeadNodeHandler] INFO  pipeline.PipelineStateManagerImpl (PipelineStateManagerImpl.java:removePipeline(223)) - Pipeline Pipeline[ Id: b34201ca-3705-486d-81c7-eb3c263f7c8c, Nodes: 5b8b357e-6f93-4947-883b-a4d8a2742106{ip: 10.1.0.58, host: fv-az294-841.eaanfquahm5ulb5tj050gcxych.jx.internal.cloudapp.net, ports: [REPLICATION=38571, RATIS=46289, RATIS_ADMIN=46289, RATIS_SERVER=46289, STANDALONE=44983], networkLocation: /default-rack, certSerialId: null, persistedOpState: IN_SERVICE, persistedOpStateExpiryEpochSec: 0}, ReplicationConfig: RATIS/ONE, State:CLOSED, leaderId:5b8b357e-6f93-4947-883b-a4d8a2742106, CreationTimestamp2021-11-09T00:56:33.110Z[Etc/UTC]] removed.
2021-11-09 00:58:21,582 [EventQueue-DeadNodeForDeadNodeHandler] INFO  net.NetworkTopologyImpl (NetworkTopologyImpl.java:remove(137)) - Removed a node: /default-rack/5b8b357e-6f93-4947-883b-a4d8a2742106
2021-11-09 00:58:22,823 [Listener at 127.0.0.1/34135] INFO  ozoneimpl.OzoneContainer (OzoneContainer.java:stop(325)) - Attempting to stop container services.
2021-11-09 00:58:22,839 [Listener at 127.0.0.1/34135] INFO  server.RaftServer (RaftServerProxy.java:lambda$close$6(391)) - 43136673-c093-486b-8a61-55aa3fed1341: close
2021-11-09 00:58:22,840 [Listener at 127.0.0.1/34135] INFO  server.RaftServer$Division (RaftServerImpl.java:lambda$close$4(412)) - 43136673-c093-486b-8a61-55aa3fed1341@group-5F9D92319C7A: shutdown
2021-11-09 00:58:22,840 [Listener at 127.0.0.1/34135] INFO  util.JmxRegister (JmxRegister.java:unregister(73)) - Successfully un-registered JMX Bean with object name Ratis:service=RaftServer,group=group-5F9D92319C7A,id=43136673-c093-486b-8a61-55aa3fed1341
2021-11-09 00:58:22,840 [Listener at 127.0.0.1/34135] INFO  impl.RoleInfo (RoleInfo.java:shutdownLeaderState(91)) - 43136673-c093-486b-8a61-55aa3fed1341: shutdown 43136673-c093-486b-8a61-55aa3fed1341@group-5F9D92319C7A-LeaderStateImpl
2021-11-09 00:58:22,840 [Listener at 127.0.0.1/34135] INFO  impl.PendingRequests (PendingRequests.java:sendNotLeaderResponses(282)) - 43136673-c093-486b-8a61-55aa3fed1341@group-5F9D92319C7A-PendingRequests: sendNotLeaderResponses
2021-11-09 00:58:22,841 [Listener at 127.0.0.1/34135] INFO  impl.StateMachineUpdater (StateMachineUpdater.java:stopAndJoin(149)) - 43136673-c093-486b-8a61-55aa3fed1341@group-5F9D92319C7A-StateMachineUpdater: set stopIndex = 0
2021-11-09 00:58:22,841 [43136673-c093-486b-8a61-55aa3fed1341@group-5F9D92319C7A-StateMachineUpdater] INFO  ratis.ContainerStateMachine (ContainerStateMachine.java:takeSnapshot(292)) - group-5F9D92319C7A: Taking a snapshot at:(t:1, i:0) file /home/runner/work/ozone/ozone/hadoop-ozone/integration-test/target/test-dir/MiniOzoneClusterImpl-cebd3685-2b3d-4639-9f0f-41911e64574b/datanode-2/data/ratis/b190f5b9-7e46-471d-8a9f-5f9d92319c7a/sm/snapshot.1_0
2021-11-09 00:58:22,847 [43136673-c093-486b-8a61-55aa3fed1341@group-5F9D92319C7A-StateMachineUpdater] INFO  ratis.ContainerStateMachine (ContainerStateMachine.java:takeSnapshot(303)) - group-5F9D92319C7A: Finished taking a snapshot at:(t:1, i:0) file:/home/runner/work/ozone/ozone/hadoop-ozone/integration-test/target/test-dir/MiniOzoneClusterImpl-cebd3685-2b3d-4639-9f0f-41911e64574b/datanode-2/data/ratis/b190f5b9-7e46-471d-8a9f-5f9d92319c7a/sm/snapshot.1_0 took: 6 ms
2021-11-09 00:58:22,848 [43136673-c093-486b-8a61-55aa3fed1341@group-5F9D92319C7A-StateMachineUpdater] INFO  impl.StateMachineUpdater (StateMachineUpdater.java:takeSnapshot(281)) - 43136673-c093-486b-8a61-55aa3fed1341@group-5F9D92319C7A-StateMachineUpdater: Took a snapshot at index 0
2021-11-09 00:58:22,848 [43136673-c093-486b-8a61-55aa3fed1341@group-5F9D92319C7A-StateMachineUpdater] INFO  impl.StateMachineUpdater (StateMachineUpdater.java:lambda$new$0(89)) - 43136673-c093-486b-8a61-55aa3fed1341@group-5F9D92319C7A-StateMachineUpdater: snapshotIndex: updateIncreasingly -1 -> 0
2021-11-09 00:58:22,848 [Listener at 127.0.0.1/34135] INFO  server.RaftServer$Division (ServerState.java:close(419)) - 43136673-c093-486b-8a61-55aa3fed1341@group-5F9D92319C7A: closes. applyIndex: 0
2021-11-09 00:58:22,850 [43136673-c093-486b-8a61-55aa3fed1341@group-5F9D92319C7A-SegmentedRaftLogWorker] INFO  segmented.SegmentedRaftLogWorker (SegmentedRaftLogWorker.java:run(327)) - 43136673-c093-486b-8a61-55aa3fed1341@group-5F9D92319C7A-SegmentedRaftLogWorker was interrupted, exiting. There are 0 tasks remaining in the queue.
2021-11-09 00:58:22,851 [Listener at 127.0.0.1/34135] INFO  segmented.SegmentedRaftLogWorker (SegmentedRaftLogWorker.java:close(237)) - 43136673-c093-486b-8a61-55aa3fed1341@group-5F9D92319C7A-SegmentedRaftLogWorker close()
2021-11-09 00:58:22,871 [Listener at 127.0.0.1/34135] INFO  server.GrpcService (GrpcService.java:closeImpl(262)) - 43136673-c093-486b-8a61-55aa3fed1341: shutdown server with port 34809 now
2021-11-09 00:58:22,878 [Listener at 127.0.0.1/34135] INFO  server.GrpcService (GrpcService.java:closeImpl(271)) - 43136673-c093-486b-8a61-55aa3fed1341: shutdown server with port 34809 successfully
2021-11-09 00:58:22,878 [org.apache.ratis.util.JvmPauseMonitor$$Lambda$531/1691661275@4d561b1] INFO  util.JvmPauseMonitor (JvmPauseMonitor.java:run(109)) - JvmPauseMonitor-43136673-c093-486b-8a61-55aa3fed1341: Stopped
2021-11-09 00:58:22,882 [Listener at 127.0.0.1/34135] INFO  utils.BackgroundService (BackgroundService.java:shutdown(132)) - Shutting down service BlockDeletingService
2021-11-09 00:58:25,889 [Listener at 127.0.0.1/34135] INFO  statemachine.DatanodeStateMachine (DatanodeStateMachine.java:stopDaemon(526)) - Ozone container server stopped.
2021-11-09 00:58:25,890 [Listener at 127.0.0.1/34135] INFO  handler.ContextHandler (ContextHandler.java:doStop(1153)) - Stopped o.e.j.w.WebAppContext@14b26d49{hddsDatanode,/,null,STOPPED}{jar:file:/home/runner/.m2/repository/org/apache/ozone/hdds-container-service/1.2.0-SNAPSHOT/hdds-container-service-1.2.0-SNAPSHOT.jar!/webapps/hddsDatanode}
2021-11-09 00:58:25,893 [Listener at 127.0.0.1/34135] INFO  server.AbstractConnector (AbstractConnector.java:doStop(381)) - Stopped ServerConnector@42628ea9{HTTP/1.1, (http/1.1)}{0.0.0.0:37197}
2021-11-09 00:58:25,893 [Listener at 127.0.0.1/34135] INFO  server.session (HouseKeeper.java:stopScavenging(149)) - node0 Stopped scavenging
2021-11-09 00:58:25,893 [Listener at 127.0.0.1/34135] INFO  handler.ContextHandler (ContextHandler.java:doStop(1153)) - Stopped o.e.j.s.ServletContextHandler@450e5e46{static,/static,jar:file:/home/runner/.m2/repository/org/apache/ozone/hdds-container-service/1.2.0-SNAPSHOT/hdds-container-service-1.2.0-SNAPSHOT.jar!/webapps/static,STOPPED}
2021-11-09 00:58:25,894 [Listener at 127.0.0.1/34135] INFO  handler.ContextHandler (ContextHandler.java:doStop(1153)) - Stopped o.e.j.s.ServletContextHandler@5b51b4c5{logs,/logs,file:///home/runner/work/ozone/ozone/hadoop-ozone/integration-test/target/log,STOPPED}
2021-11-09 00:58:27,812 [EventQueue-StaleNodeForStaleNodeHandler] INFO  node.StaleNodeHandler (StaleNodeHandler.java:onMessage(58)) - Datanode 43136673-c093-486b-8a61-55aa3fed1341{ip: 10.1.0.58, host: fv-az294-841.eaanfquahm5ulb5tj050gcxych.jx.internal.cloudapp.net, ports: [REPLICATION=33899, RATIS=34809, RATIS_ADMIN=34809, RATIS_SERVER=34809, STANDALONE=39677], networkLocation: /default-rack, certSerialId: null, persistedOpState: IN_SERVICE, persistedOpStateExpiryEpochSec: 0} moved to stale state. Finalizing its pipelines [PipelineID=b190f5b9-7e46-471d-8a9f-5f9d92319c7a]
2021-11-09 00:58:27,812 [EventQueue-StaleNodeForStaleNodeHandler] INFO  pipeline.PipelineManagerImpl (PipelineManagerImpl.java:closePipeline(349)) - Pipeline Pipeline[ Id: b190f5b9-7e46-471d-8a9f-5f9d92319c7a, Nodes: 43136673-c093-486b-8a61-55aa3fed1341{ip: 10.1.0.58, host: fv-az294-841.eaanfquahm5ulb5tj050gcxych.jx.internal.cloudapp.net, ports: [REPLICATION=33899, RATIS=34809, RATIS_ADMIN=34809, RATIS_SERVER=34809, STANDALONE=39677], networkLocation: /default-rack, certSerialId: null, persistedOpState: IN_SERVICE, persistedOpStateExpiryEpochSec: 0}, ReplicationConfig: RATIS/ONE, State:OPEN, leaderId:43136673-c093-486b-8a61-55aa3fed1341, CreationTimestamp2021-11-09T00:57:35.512Z[Etc/UTC]] moved to CLOSED state
2021-11-09 00:58:28,914 [EventQueue-DeadNodeForDeadNodeHandler] INFO  node.DeadNodeHandler (DeadNodeHandler.java:onMessage(80)) - A dead datanode is detected. 4430b70e-e2dc-4778-891b-decd59bd04d3{ip: 10.1.0.58, host: fv-az294-841.eaanfquahm5ulb5tj050gcxych.jx.internal.cloudapp.net, ports: [REPLICATION=41031, RATIS=37555, RATIS_ADMIN=37555, RATIS_SERVER=37555, STANDALONE=43879], networkLocation: /default-rack, certSerialId: null, persistedOpState: IN_SERVICE, persistedOpStateExpiryEpochSec: 0}
2021-11-09 00:58:28,915 [EventQueue-DeadNodeForDeadNodeHandler] INFO  pipeline.RatisPipelineProvider (RatisPipelineProvider.java:lambda$close$1(222)) - Send pipeline:PipelineID=dc755f07-e104-4d8a-90cf-b742a90591b3 close command to datanode 4430b70e-e2dc-4778-891b-decd59bd04d3
2021-11-09 00:58:28,915 [EventQueue-DeadNodeForDeadNodeHandler] INFO  pipeline.PipelineStateManagerImpl (PipelineStateManagerImpl.java:removePipeline(223)) - Pipeline Pipeline[ Id: dc755f07-e104-4d8a-90cf-b742a90591b3, Nodes: 4430b70e-e2dc-4778-891b-decd59bd04d3{ip: 10.1.0.58, host: fv-az294-841.eaanfquahm5ulb5tj050gcxych.jx.internal.cloudapp.net, ports: [REPLICATION=41031, RATIS=37555, RATIS_ADMIN=37555, RATIS_SERVER=37555, STANDALONE=43879], networkLocation: /default-rack, certSerialId: null, persistedOpState: IN_SERVICE, persistedOpStateExpiryEpochSec: 0}, ReplicationConfig: RATIS/ONE, State:CLOSED, leaderId:4430b70e-e2dc-4778-891b-decd59bd04d3, CreationTimestamp2021-11-09T00:56:31.811Z[Etc/UTC]] removed.
2021-11-09 00:58:28,915 [EventQueue-DeadNodeForDeadNodeHandler] INFO  net.NetworkTopologyImpl (NetworkTopologyImpl.java:remove(137)) - Removed a node: /default-rack/4430b70e-e2dc-4778-891b-decd59bd04d3
2021-11-09 00:58:37,848 [EventQueue-DeadNodeForDeadNodeHandler] INFO  node.DeadNodeHandler (DeadNodeHandler.java:onMessage(80)) - A dead datanode is detected. 43136673-c093-486b-8a61-55aa3fed1341{ip: 10.1.0.58, host: fv-az294-841.eaanfquahm5ulb5tj050gcxych.jx.internal.cloudapp.net, ports: [REPLICATION=33899, RATIS=34809, RATIS_ADMIN=34809, RATIS_SERVER=34809, STANDALONE=39677], networkLocation: /default-rack, certSerialId: null, persistedOpState: IN_SERVICE, persistedOpStateExpiryEpochSec: 0}
2021-11-09 00:58:37,848 [EventQueue-DeadNodeForDeadNodeHandler] INFO  pipeline.RatisPipelineProvider (RatisPipelineProvider.java:lambda$close$1(222)) - Send pipeline:PipelineID=b190f5b9-7e46-471d-8a9f-5f9d92319c7a close command to datanode 43136673-c093-486b-8a61-55aa3fed1341
2021-11-09 00:58:37,848 [EventQueue-DeadNodeForDeadNodeHandler] INFO  pipeline.PipelineStateManagerImpl (PipelineStateManagerImpl.java:removePipeline(223)) - Pipeline Pipeline[ Id: b190f5b9-7e46-471d-8a9f-5f9d92319c7a, Nodes: 43136673-c093-486b-8a61-55aa3fed1341{ip: 10.1.0.58, host: fv-az294-841.eaanfquahm5ulb5tj050gcxych.jx.internal.cloudapp.net, ports: [REPLICATION=33899, RATIS=34809, RATIS_ADMIN=34809, RATIS_SERVER=34809, STANDALONE=39677], networkLocation: /default-rack, certSerialId: null, persistedOpState: IN_SERVICE, persistedOpStateExpiryEpochSec: 0}, ReplicationConfig: RATIS/ONE, State:CLOSED, leaderId:43136673-c093-486b-8a61-55aa3fed1341, CreationTimestamp2021-11-09T00:57:35.512Z[Etc/UTC]] removed.
2021-11-09 00:58:37,849 [EventQueue-DeadNodeForDeadNodeHandler] INFO  net.NetworkTopologyImpl (NetworkTopologyImpl.java:remove(137)) - Removed a node: /default-rack/43136673-c093-486b-8a61-55aa3fed1341
2021-11-09 00:59:35,515 [RatisPipelineUtilsThread - 0] ERROR scm.SCMCommonPlacementPolicy (SCMCommonPlacementPolicy.java:filterNodesWithSpace(171)) - Unable to find enough nodes that meet the space requirement of 1073741824 bytes for metadata and 5368709120 bytes for data in healthy node set. Required 3. Found 0.
]]></system-out>
    <system-err><![CDATA[Nov 09, 2021 12:56:34 AM org.apache.ratis.thirdparty.io.grpc.internal.ManagedChannelOrphanWrapper$ManagedChannelReference cleanQueue
SEVERE: *~*~*~ Channel ManagedChannelImpl{logId=490, target=10.1.0.58:42115} was not shutdown properly!!! ~*~*~*
    Make sure to call shutdown()/shutdownNow() and wait until awaitTermination() returns true.
java.lang.RuntimeException: ManagedChannel allocation site
	at org.apache.ratis.thirdparty.io.grpc.internal.ManagedChannelOrphanWrapper$ManagedChannelReference.<init>(ManagedChannelOrphanWrapper.java:93)
	at org.apache.ratis.thirdparty.io.grpc.internal.ManagedChannelOrphanWrapper.<init>(ManagedChannelOrphanWrapper.java:53)
	at org.apache.ratis.thirdparty.io.grpc.internal.ManagedChannelOrphanWrapper.<init>(ManagedChannelOrphanWrapper.java:44)
	at org.apache.ratis.thirdparty.io.grpc.internal.ManagedChannelImplBuilder.build(ManagedChannelImplBuilder.java:596)
	at org.apache.ratis.thirdparty.io.grpc.ForwardingChannelBuilder.build(ForwardingChannelBuilder.java:255)
	at org.apache.hadoop.hdds.scm.XceiverClientGrpc.connectToDatanode(XceiverClientGrpc.java:193)
	at org.apache.hadoop.hdds.scm.XceiverClientGrpc.connect(XceiverClientGrpc.java:142)
	at org.apache.hadoop.hdds.scm.XceiverClientManager$2.call(XceiverClientManager.java:237)
	at org.apache.hadoop.hdds.scm.XceiverClientManager$2.call(XceiverClientManager.java:221)
	at com.google.common.cache.LocalCache$LocalManualCache$1.load(LocalCache.java:4864)
	at com.google.common.cache.LocalCache$LoadingValueReference.loadFuture(LocalCache.java:3529)
	at com.google.common.cache.LocalCache$Segment.loadSync(LocalCache.java:2278)
	at com.google.common.cache.LocalCache$Segment.lockedGetOrLoad(LocalCache.java:2155)
	at com.google.common.cache.LocalCache$Segment.get(LocalCache.java:2045)
	at com.google.common.cache.LocalCache.get(LocalCache.java:3962)
	at com.google.common.cache.LocalCache$LocalManualCache.get(LocalCache.java:4859)
	at org.apache.hadoop.hdds.scm.XceiverClientManager.getClient(XceiverClientManager.java:221)
	at org.apache.hadoop.hdds.scm.XceiverClientManager.acquireClient(XceiverClientManager.java:165)
	at org.apache.hadoop.hdds.scm.XceiverClientManager.acquireClientForReadData(XceiverClientManager.java:154)
	at org.apache.hadoop.hdds.scm.storage.BlockInputStream.acquireClient(BlockInputStream.java:255)
	at org.apache.hadoop.hdds.scm.storage.BlockInputStream.getChunkInfos(BlockInputStream.java:229)
	at org.apache.hadoop.hdds.scm.storage.BlockInputStream.initialize(BlockInputStream.java:153)
	at org.apache.hadoop.hdds.scm.storage.BlockInputStream.readWithStrategy(BlockInputStream.java:314)
	at org.apache.hadoop.hdds.scm.storage.BlockInputStream.read(BlockInputStream.java:297)
	at org.apache.hadoop.hdds.scm.storage.ByteArrayReader.readFromBlock(ByteArrayReader.java:57)
	at org.apache.hadoop.ozone.client.io.KeyInputStream.readWithStrategy(KeyInputStream.java:262)
	at org.apache.hadoop.ozone.client.io.KeyInputStream.read(KeyInputStream.java:230)
	at org.apache.hadoop.ozone.client.io.OzoneInputStream.read(OzoneInputStream.java:55)
	at java.io.InputStream.read(InputStream.java:101)
	at org.apache.hadoop.ozone.container.TestHelper.validateData(TestHelper.java:146)
	at org.apache.hadoop.ozone.client.rpc.TestBlockOutputStreamWithFailures.validateData(TestBlockOutputStreamWithFailures.java:874)
	at org.apache.hadoop.ozone.client.rpc.TestBlockOutputStreamWithFailures.testDatanodeFailureWithPreAllocation(TestBlockOutputStreamWithFailures.java:857)
	at sun.reflect.NativeMethodAccessorImpl.invoke0(Native Method)
	at sun.reflect.NativeMethodAccessorImpl.invoke(NativeMethodAccessorImpl.java:62)
	at sun.reflect.DelegatingMethodAccessorImpl.invoke(DelegatingMethodAccessorImpl.java:43)
	at java.lang.reflect.Method.invoke(Method.java:498)
	at org.junit.runners.model.FrameworkMethod$1.runReflectiveCall(FrameworkMethod.java:59)
	at org.junit.internal.runners.model.ReflectiveCallable.run(ReflectiveCallable.java:12)
	at org.junit.runners.model.FrameworkMethod.invokeExplosively(FrameworkMethod.java:56)
	at org.junit.internal.runners.statements.InvokeMethod.evaluate(InvokeMethod.java:17)
	at org.junit.internal.runners.statements.RunBefores.evaluate(RunBefores.java:26)
	at org.junit.internal.runners.statements.RunAfters.evaluate(RunAfters.java:27)
	at org.junit.internal.runners.statements.FailOnTimeout$CallableStatement.call(FailOnTimeout.java:288)
	at org.junit.internal.runners.statements.FailOnTimeout$CallableStatement.call(FailOnTimeout.java:282)
	at java.util.concurrent.FutureTask.run(FutureTask.java:266)
	at java.lang.Thread.run(Thread.java:748)

Nov 09, 2021 12:56:34 AM org.apache.ratis.thirdparty.io.grpc.internal.ManagedChannelOrphanWrapper$ManagedChannelReference cleanQueue
SEVERE: *~*~*~ Channel ManagedChannelImpl{logId=177, target=10.1.0.58:46493} was not shutdown properly!!! ~*~*~*
    Make sure to call shutdown()/shutdownNow() and wait until awaitTermination() returns true.
java.lang.RuntimeException: ManagedChannel allocation site
	at org.apache.ratis.thirdparty.io.grpc.internal.ManagedChannelOrphanWrapper$ManagedChannelReference.<init>(ManagedChannelOrphanWrapper.java:93)
	at org.apache.ratis.thirdparty.io.grpc.internal.ManagedChannelOrphanWrapper.<init>(ManagedChannelOrphanWrapper.java:53)
	at org.apache.ratis.thirdparty.io.grpc.internal.ManagedChannelOrphanWrapper.<init>(ManagedChannelOrphanWrapper.java:44)
	at org.apache.ratis.thirdparty.io.grpc.internal.ManagedChannelImplBuilder.build(ManagedChannelImplBuilder.java:596)
	at org.apache.ratis.thirdparty.io.grpc.ForwardingChannelBuilder.build(ForwardingChannelBuilder.java:255)
	at org.apache.ratis.grpc.client.GrpcClientProtocolClient.buildChannel(GrpcClientProtocolClient.java:159)
	at org.apache.ratis.grpc.client.GrpcClientProtocolClient.<init>(GrpcClientProtocolClient.java:111)
	at org.apache.ratis.grpc.client.GrpcClientRpc.lambda$new$0(GrpcClientRpc.java:57)
	at org.apache.ratis.util.PeerProxyMap$PeerAndProxy.lambda$getProxy$0(PeerProxyMap.java:63)
	at org.apache.ratis.util.LifeCycle.startAndTransition(LifeCycle.java:270)
	at org.apache.ratis.util.PeerProxyMap$PeerAndProxy.getProxy(PeerProxyMap.java:62)
	at org.apache.ratis.util.PeerProxyMap.getProxy(PeerProxyMap.java:114)
	at org.apache.ratis.grpc.client.GrpcClientRpc.sendRequestAsync(GrpcClientRpc.java:67)
	at org.apache.ratis.client.impl.OrderedAsync.sendRequest(OrderedAsync.java:236)
	at org.apache.ratis.client.impl.OrderedAsync.sendRequestWithRetry(OrderedAsync.java:189)
	at org.apache.ratis.util.SlidingWindow$Client.sendOrDelayRequest(SlidingWindow.java:280)
	at org.apache.ratis.util.SlidingWindow$Client.submitNewRequest(SlidingWindow.java:259)
	at org.apache.ratis.client.impl.OrderedAsync.send(OrderedAsync.java:170)
	at org.apache.ratis.client.impl.OrderedAsync.newInstance(OrderedAsync.java:118)
	at org.apache.ratis.client.impl.RaftClientImpl.lambda$new$0(RaftClientImpl.java:162)
	at org.apache.ratis.util.MemoizedSupplier.get(MemoizedSupplier.java:62)
	at org.apache.ratis.client.impl.RaftClientImpl.getOrderedAsync(RaftClientImpl.java:215)
	at org.apache.ratis.client.impl.AsyncImpl.send(AsyncImpl.java:41)
	at org.apache.ratis.client.impl.AsyncImpl.send(AsyncImpl.java:46)
	at org.apache.hadoop.hdds.scm.XceiverClientRatis.lambda$sendRequestAsync$3(XceiverClientRatis.java:225)
	at org.apache.hadoop.hdds.tracing.TracingUtil.executeInNewSpan(TracingUtil.java:159)
	at org.apache.hadoop.hdds.scm.XceiverClientRatis.sendRequestAsync(XceiverClientRatis.java:210)
	at org.apache.hadoop.hdds.scm.XceiverClientRatis.sendCommandAsync(XceiverClientRatis.java:306)
	at org.apache.hadoop.hdds.scm.storage.ContainerProtocolCalls.writeChunkAsync(ContainerProtocolCalls.java:300)
	at org.apache.hadoop.hdds.scm.storage.BlockOutputStream.writeChunkToContainer(BlockOutputStream.java:666)
	at org.apache.hadoop.hdds.scm.storage.BlockOutputStream.writeChunk(BlockOutputStream.java:506)
	at org.apache.hadoop.hdds.scm.storage.BlockOutputStream.writeChunkIfNeeded(BlockOutputStream.java:226)
	at org.apache.hadoop.hdds.scm.storage.BlockOutputStream.write(BlockOutputStream.java:249)
	at org.apache.hadoop.ozone.client.io.BlockOutputStreamEntry.write(BlockOutputStreamEntry.java:116)
	at org.apache.hadoop.ozone.client.io.KeyOutputStream.writeToOutputStream(KeyOutputStream.java:255)
	at org.apache.hadoop.ozone.client.io.KeyOutputStream.handleWrite(KeyOutputStream.java:233)
	at org.apache.hadoop.ozone.client.io.KeyOutputStream.write(KeyOutputStream.java:213)
	at org.apache.hadoop.ozone.client.io.OzoneOutputStream.write(OzoneOutputStream.java:50)
	at java.io.OutputStream.write(OutputStream.java:75)
	at org.apache.hadoop.ozone.client.rpc.TestBlockOutputStreamWithFailures.test2DatanodesFailure(TestBlockOutputStreamWithFailures.java:355)
	at sun.reflect.NativeMethodAccessorImpl.invoke0(Native Method)
	at sun.reflect.NativeMethodAccessorImpl.invoke(NativeMethodAccessorImpl.java:62)
	at sun.reflect.DelegatingMethodAccessorImpl.invoke(DelegatingMethodAccessorImpl.java:43)
	at java.lang.reflect.Method.invoke(Method.java:498)
	at org.junit.runners.model.FrameworkMethod$1.runReflectiveCall(FrameworkMethod.java:59)
	at org.junit.internal.runners.model.ReflectiveCallable.run(ReflectiveCallable.java:12)
	at org.junit.runners.model.FrameworkMethod.invokeExplosively(FrameworkMethod.java:56)
	at org.junit.internal.runners.statements.InvokeMethod.evaluate(InvokeMethod.java:17)
	at org.junit.internal.runners.statements.RunBefores.evaluate(RunBefores.java:26)
	at org.junit.internal.runners.statements.RunAfters.evaluate(RunAfters.java:27)
	at org.junit.internal.runners.statements.FailOnTimeout$CallableStatement.call(FailOnTimeout.java:288)
	at org.junit.internal.runners.statements.FailOnTimeout$CallableStatement.call(FailOnTimeout.java:282)
	at java.util.concurrent.FutureTask.run(FutureTask.java:266)
	at java.lang.Thread.run(Thread.java:748)

Nov 09, 2021 12:56:34 AM org.apache.ratis.thirdparty.io.grpc.internal.ManagedChannelOrphanWrapper$ManagedChannelReference cleanQueue
SEVERE: *~*~*~ Channel ManagedChannelImpl{logId=201, target=10.1.0.58:38627} was not shutdown properly!!! ~*~*~*
    Make sure to call shutdown()/shutdownNow() and wait until awaitTermination() returns true.
java.lang.RuntimeException: ManagedChannel allocation site
	at org.apache.ratis.thirdparty.io.grpc.internal.ManagedChannelOrphanWrapper$ManagedChannelReference.<init>(ManagedChannelOrphanWrapper.java:93)
	at org.apache.ratis.thirdparty.io.grpc.internal.ManagedChannelOrphanWrapper.<init>(ManagedChannelOrphanWrapper.java:53)
	at org.apache.ratis.thirdparty.io.grpc.internal.ManagedChannelOrphanWrapper.<init>(ManagedChannelOrphanWrapper.java:44)
	at org.apache.ratis.thirdparty.io.grpc.internal.ManagedChannelImplBuilder.build(ManagedChannelImplBuilder.java:596)
	at org.apache.ratis.thirdparty.io.grpc.ForwardingChannelBuilder.build(ForwardingChannelBuilder.java:255)
	at org.apache.ratis.grpc.client.GrpcClientProtocolClient.buildChannel(GrpcClientProtocolClient.java:159)
	at org.apache.ratis.grpc.client.GrpcClientProtocolClient.<init>(GrpcClientProtocolClient.java:111)
	at org.apache.ratis.grpc.client.GrpcClientRpc.lambda$new$0(GrpcClientRpc.java:57)
	at org.apache.ratis.util.PeerProxyMap$PeerAndProxy.lambda$getProxy$0(PeerProxyMap.java:63)
	at org.apache.ratis.util.LifeCycle.startAndTransition(LifeCycle.java:270)
	at org.apache.ratis.util.PeerProxyMap$PeerAndProxy.getProxy(PeerProxyMap.java:62)
	at org.apache.ratis.util.PeerProxyMap.getProxy(PeerProxyMap.java:114)
	at org.apache.ratis.grpc.client.GrpcClientRpc.sendRequestAsync(GrpcClientRpc.java:67)
	at org.apache.ratis.client.impl.OrderedAsync.sendRequest(OrderedAsync.java:236)
	at org.apache.ratis.client.impl.OrderedAsync.sendRequestWithRetry(OrderedAsync.java:189)
	at org.apache.ratis.util.SlidingWindow$Client.sendOrDelayRequest(SlidingWindow.java:280)
	at org.apache.ratis.util.SlidingWindow$Client.submitNewRequest(SlidingWindow.java:259)
	at org.apache.ratis.client.impl.OrderedAsync.send(OrderedAsync.java:170)
	at org.apache.ratis.client.impl.OrderedAsync.newInstance(OrderedAsync.java:118)
	at org.apache.ratis.client.impl.RaftClientImpl.lambda$new$0(RaftClientImpl.java:162)
	at org.apache.ratis.util.MemoizedSupplier.get(MemoizedSupplier.java:62)
	at org.apache.ratis.client.impl.RaftClientImpl.getOrderedAsync(RaftClientImpl.java:215)
	at org.apache.ratis.client.impl.AsyncImpl.send(AsyncImpl.java:41)
	at org.apache.ratis.client.impl.AsyncImpl.send(AsyncImpl.java:46)
	at org.apache.hadoop.hdds.scm.XceiverClientRatis.lambda$sendRequestAsync$3(XceiverClientRatis.java:225)
	at org.apache.hadoop.hdds.tracing.TracingUtil.executeInNewSpan(TracingUtil.java:159)
	at org.apache.hadoop.hdds.scm.XceiverClientRatis.sendRequestAsync(XceiverClientRatis.java:210)
	at org.apache.hadoop.hdds.scm.XceiverClientRatis.sendCommandAsync(XceiverClientRatis.java:306)
	at org.apache.hadoop.hdds.scm.storage.ContainerProtocolCalls.writeChunkAsync(ContainerProtocolCalls.java:300)
	at org.apache.hadoop.hdds.scm.storage.BlockOutputStream.writeChunkToContainer(BlockOutputStream.java:666)
	at org.apache.hadoop.hdds.scm.storage.BlockOutputStream.writeChunk(BlockOutputStream.java:506)
	at org.apache.hadoop.hdds.scm.storage.BlockOutputStream.writeOnRetry(BlockOutputStream.java:306)
	at org.apache.hadoop.ozone.client.io.BlockOutputStreamEntry.writeOnRetry(BlockOutputStreamEntry.java:123)
	at org.apache.hadoop.ozone.client.io.KeyOutputStream.writeToOutputStream(KeyOutputStream.java:253)
	at org.apache.hadoop.ozone.client.io.KeyOutputStream.handleWrite(KeyOutputStream.java:233)
	at org.apache.hadoop.ozone.client.io.KeyOutputStream.handleRetry(KeyOutputStream.java:415)
	at org.apache.hadoop.ozone.client.io.KeyOutputStream.handleException(KeyOutputStream.java:360)
	at org.apache.hadoop.ozone.client.io.KeyOutputStream.handleFlushOrClose(KeyOutputStream.java:471)
	at org.apache.hadoop.ozone.client.io.KeyOutputStream.handleWrite(KeyOutputStream.java:237)
	at org.apache.hadoop.ozone.client.io.KeyOutputStream.write(KeyOutputStream.java:213)
	at org.apache.hadoop.ozone.client.io.OzoneOutputStream.write(OzoneOutputStream.java:50)
	at java.io.OutputStream.write(OutputStream.java:75)
	at org.apache.hadoop.ozone.client.rpc.TestBlockOutputStreamWithFailures.test2DatanodesFailure(TestBlockOutputStreamWithFailures.java:414)
	at sun.reflect.NativeMethodAccessorImpl.invoke0(Native Method)
	at sun.reflect.NativeMethodAccessorImpl.invoke(NativeMethodAccessorImpl.java:62)
	at sun.reflect.DelegatingMethodAccessorImpl.invoke(DelegatingMethodAccessorImpl.java:43)
	at java.lang.reflect.Method.invoke(Method.java:498)
	at org.junit.runners.model.FrameworkMethod$1.runReflectiveCall(FrameworkMethod.java:59)
	at org.junit.internal.runners.model.ReflectiveCallable.run(ReflectiveCallable.java:12)
	at org.junit.runners.model.FrameworkMethod.invokeExplosively(FrameworkMethod.java:56)
	at org.junit.internal.runners.statements.InvokeMethod.evaluate(InvokeMethod.java:17)
	at org.junit.internal.runners.statements.RunBefores.evaluate(RunBefores.java:26)
	at org.junit.internal.runners.statements.RunAfters.evaluate(RunAfters.java:27)
	at org.junit.internal.runners.statements.FailOnTimeout$CallableStatement.call(FailOnTimeout.java:288)
	at org.junit.internal.runners.statements.FailOnTimeout$CallableStatement.call(FailOnTimeout.java:282)
	at java.util.concurrent.FutureTask.run(FutureTask.java:266)
	at java.lang.Thread.run(Thread.java:748)

Nov 09, 2021 12:56:34 AM org.apache.ratis.thirdparty.io.grpc.internal.ManagedChannelOrphanWrapper$ManagedChannelReference cleanQueue
SEVERE: *~*~*~ Channel ManagedChannelImpl{logId=209, target=10.1.0.58:33799} was not shutdown properly!!! ~*~*~*
    Make sure to call shutdown()/shutdownNow() and wait until awaitTermination() returns true.
java.lang.RuntimeException: ManagedChannel allocation site
	at org.apache.ratis.thirdparty.io.grpc.internal.ManagedChannelOrphanWrapper$ManagedChannelReference.<init>(ManagedChannelOrphanWrapper.java:93)
	at org.apache.ratis.thirdparty.io.grpc.internal.ManagedChannelOrphanWrapper.<init>(ManagedChannelOrphanWrapper.java:53)
	at org.apache.ratis.thirdparty.io.grpc.internal.ManagedChannelOrphanWrapper.<init>(ManagedChannelOrphanWrapper.java:44)
	at org.apache.ratis.thirdparty.io.grpc.internal.ManagedChannelImplBuilder.build(ManagedChannelImplBuilder.java:596)
	at org.apache.ratis.thirdparty.io.grpc.ForwardingChannelBuilder.build(ForwardingChannelBuilder.java:255)
	at org.apache.hadoop.hdds.scm.XceiverClientGrpc.connectToDatanode(XceiverClientGrpc.java:193)
	at org.apache.hadoop.hdds.scm.XceiverClientGrpc.reconnect(XceiverClientGrpc.java:551)
	at org.apache.hadoop.hdds.scm.XceiverClientGrpc.checkOpen(XceiverClientGrpc.java:542)
	at org.apache.hadoop.hdds.scm.XceiverClientGrpc.sendCommandAsync(XceiverClientGrpc.java:470)
	at org.apache.hadoop.hdds.scm.XceiverClientGrpc.sendCommandWithRetry(XceiverClientGrpc.java:377)
	at org.apache.hadoop.hdds.scm.XceiverClientGrpc.lambda$sendCommandWithTraceIDAndRetry$0(XceiverClientGrpc.java:317)
	at org.apache.hadoop.hdds.tracing.TracingUtil.executeInSpan(TracingUtil.java:174)
	at org.apache.hadoop.hdds.tracing.TracingUtil.executeInNewSpan(TracingUtil.java:148)
	at org.apache.hadoop.hdds.scm.XceiverClientGrpc.sendCommandWithTraceIDAndRetry(XceiverClientGrpc.java:311)
	at org.apache.hadoop.hdds.scm.XceiverClientGrpc.sendCommand(XceiverClientGrpc.java:292)
	at org.apache.hadoop.hdds.scm.storage.ContainerProtocolCalls.getBlock(ContainerProtocolCalls.java:105)
	at org.apache.hadoop.hdds.scm.storage.BlockInputStream.getChunkInfos(BlockInputStream.java:241)
	at org.apache.hadoop.hdds.scm.storage.BlockInputStream.initialize(BlockInputStream.java:153)
	at org.apache.hadoop.hdds.scm.storage.BlockInputStream.readWithStrategy(BlockInputStream.java:314)
	at org.apache.hadoop.hdds.scm.storage.BlockInputStream.read(BlockInputStream.java:297)
	at org.apache.hadoop.hdds.scm.storage.ByteArrayReader.readFromBlock(ByteArrayReader.java:57)
	at org.apache.hadoop.ozone.client.io.KeyInputStream.readWithStrategy(KeyInputStream.java:262)
	at org.apache.hadoop.ozone.client.io.KeyInputStream.read(KeyInputStream.java:230)
	at org.apache.hadoop.ozone.client.io.OzoneInputStream.read(OzoneInputStream.java:55)
	at java.io.InputStream.read(InputStream.java:101)
	at org.apache.hadoop.ozone.container.TestHelper.validateData(TestHelper.java:146)
	at org.apache.hadoop.ozone.client.rpc.TestBlockOutputStreamWithFailures.validateData(TestBlockOutputStreamWithFailures.java:874)
	at org.apache.hadoop.ozone.client.rpc.TestBlockOutputStreamWithFailures.test2DatanodesFailure(TestBlockOutputStreamWithFailures.java:448)
	at sun.reflect.NativeMethodAccessorImpl.invoke0(Native Method)
	at sun.reflect.NativeMethodAccessorImpl.invoke(NativeMethodAccessorImpl.java:62)
	at sun.reflect.DelegatingMethodAccessorImpl.invoke(DelegatingMethodAccessorImpl.java:43)
	at java.lang.reflect.Method.invoke(Method.java:498)
	at org.junit.runners.model.FrameworkMethod$1.runReflectiveCall(FrameworkMethod.java:59)
	at org.junit.internal.runners.model.ReflectiveCallable.run(ReflectiveCallable.java:12)
	at org.junit.runners.model.FrameworkMethod.invokeExplosively(FrameworkMethod.java:56)
	at org.junit.internal.runners.statements.InvokeMethod.evaluate(InvokeMethod.java:17)
	at org.junit.internal.runners.statements.RunBefores.evaluate(RunBefores.java:26)
	at org.junit.internal.runners.statements.RunAfters.evaluate(RunAfters.java:27)
	at org.junit.internal.runners.statements.FailOnTimeout$CallableStatement.call(FailOnTimeout.java:288)
	at org.junit.internal.runners.statements.FailOnTimeout$CallableStatement.call(FailOnTimeout.java:282)
	at java.util.concurrent.FutureTask.run(FutureTask.java:266)
	at java.lang.Thread.run(Thread.java:748)

Nov 09, 2021 12:56:35 AM org.apache.ratis.thirdparty.io.grpc.internal.ManagedChannelOrphanWrapper$ManagedChannelReference cleanQueue
SEVERE: *~*~*~ Channel ManagedChannelImpl{logId=470, target=10.1.0.58:34463} was not shutdown properly!!! ~*~*~*
    Make sure to call shutdown()/shutdownNow() and wait until awaitTermination() returns true.
java.lang.RuntimeException: ManagedChannel allocation site
	at org.apache.ratis.thirdparty.io.grpc.internal.ManagedChannelOrphanWrapper$ManagedChannelReference.<init>(ManagedChannelOrphanWrapper.java:93)
	at org.apache.ratis.thirdparty.io.grpc.internal.ManagedChannelOrphanWrapper.<init>(ManagedChannelOrphanWrapper.java:53)
	at org.apache.ratis.thirdparty.io.grpc.internal.ManagedChannelOrphanWrapper.<init>(ManagedChannelOrphanWrapper.java:44)
	at org.apache.ratis.thirdparty.io.grpc.internal.ManagedChannelImplBuilder.build(ManagedChannelImplBuilder.java:596)
	at org.apache.ratis.thirdparty.io.grpc.ForwardingChannelBuilder.build(ForwardingChannelBuilder.java:255)
	at org.apache.ratis.grpc.client.GrpcClientProtocolClient.buildChannel(GrpcClientProtocolClient.java:159)
	at org.apache.ratis.grpc.client.GrpcClientProtocolClient.<init>(GrpcClientProtocolClient.java:111)
	at org.apache.ratis.grpc.client.GrpcClientRpc.lambda$new$0(GrpcClientRpc.java:57)
	at org.apache.ratis.util.PeerProxyMap$PeerAndProxy.lambda$getProxy$0(PeerProxyMap.java:63)
	at org.apache.ratis.util.LifeCycle.startAndTransition(LifeCycle.java:270)
	at org.apache.ratis.util.PeerProxyMap$PeerAndProxy.getProxy(PeerProxyMap.java:62)
	at org.apache.ratis.util.PeerProxyMap.getProxy(PeerProxyMap.java:114)
	at org.apache.ratis.grpc.client.GrpcClientRpc.sendRequestAsync(GrpcClientRpc.java:67)
	at org.apache.ratis.client.impl.OrderedAsync.sendRequest(OrderedAsync.java:236)
	at org.apache.ratis.client.impl.OrderedAsync.sendRequestWithRetry(OrderedAsync.java:189)
	at org.apache.ratis.util.SlidingWindow$Client.sendOrDelayRequest(SlidingWindow.java:280)
	at org.apache.ratis.util.SlidingWindow$Client.submitNewRequest(SlidingWindow.java:259)
	at org.apache.ratis.client.impl.OrderedAsync.send(OrderedAsync.java:170)
	at org.apache.ratis.client.impl.OrderedAsync.newInstance(OrderedAsync.java:118)
	at org.apache.ratis.client.impl.RaftClientImpl.lambda$new$0(RaftClientImpl.java:162)
	at org.apache.ratis.util.MemoizedSupplier.get(MemoizedSupplier.java:62)
	at org.apache.ratis.client.impl.RaftClientImpl.getOrderedAsync(RaftClientImpl.java:215)
	at org.apache.ratis.client.impl.AsyncImpl.send(AsyncImpl.java:41)
	at org.apache.ratis.client.impl.AsyncImpl.send(AsyncImpl.java:46)
	at org.apache.hadoop.hdds.scm.XceiverClientRatis.lambda$sendRequestAsync$3(XceiverClientRatis.java:225)
	at org.apache.hadoop.hdds.tracing.TracingUtil.executeInNewSpan(TracingUtil.java:159)
	at org.apache.hadoop.hdds.scm.XceiverClientRatis.sendRequestAsync(XceiverClientRatis.java:210)
	at org.apache.hadoop.hdds.scm.XceiverClientRatis.sendCommandAsync(XceiverClientRatis.java:306)
	at org.apache.hadoop.hdds.scm.storage.ContainerProtocolCalls.writeChunkAsync(ContainerProtocolCalls.java:300)
	at org.apache.hadoop.hdds.scm.storage.BlockOutputStream.writeChunkToContainer(BlockOutputStream.java:666)
	at org.apache.hadoop.hdds.scm.storage.BlockOutputStream.writeChunk(BlockOutputStream.java:506)
	at org.apache.hadoop.hdds.scm.storage.BlockOutputStream.writeOnRetry(BlockOutputStream.java:306)
	at org.apache.hadoop.ozone.client.io.BlockOutputStreamEntry.writeOnRetry(BlockOutputStreamEntry.java:123)
	at org.apache.hadoop.ozone.client.io.KeyOutputStream.writeToOutputStream(KeyOutputStream.java:253)
	at org.apache.hadoop.ozone.client.io.KeyOutputStream.handleWrite(KeyOutputStream.java:233)
	at org.apache.hadoop.ozone.client.io.KeyOutputStream.handleRetry(KeyOutputStream.java:415)
	at org.apache.hadoop.ozone.client.io.KeyOutputStream.handleException(KeyOutputStream.java:360)
	at org.apache.hadoop.ozone.client.io.KeyOutputStream.handleFlushOrClose(KeyOutputStream.java:471)
	at org.apache.hadoop.ozone.client.io.KeyOutputStream.handleWrite(KeyOutputStream.java:237)
	at org.apache.hadoop.ozone.client.io.KeyOutputStream.write(KeyOutputStream.java:213)
	at org.apache.hadoop.ozone.client.io.OzoneOutputStream.write(OzoneOutputStream.java:50)
	at java.io.OutputStream.write(OutputStream.java:75)
	at org.apache.hadoop.ozone.client.rpc.TestBlockOutputStreamWithFailures.testDatanodeFailureWithPreAllocation(TestBlockOutputStreamWithFailures.java:835)
	at sun.reflect.NativeMethodAccessorImpl.invoke0(Native Method)
	at sun.reflect.NativeMethodAccessorImpl.invoke(NativeMethodAccessorImpl.java:62)
	at sun.reflect.DelegatingMethodAccessorImpl.invoke(DelegatingMethodAccessorImpl.java:43)
	at java.lang.reflect.Method.invoke(Method.java:498)
	at org.junit.runners.model.FrameworkMethod$1.runReflectiveCall(FrameworkMethod.java:59)
	at org.junit.internal.runners.model.ReflectiveCallable.run(ReflectiveCallable.java:12)
	at org.junit.runners.model.FrameworkMethod.invokeExplosively(FrameworkMethod.java:56)
	at org.junit.internal.runners.statements.InvokeMethod.evaluate(InvokeMethod.java:17)
	at org.junit.internal.runners.statements.RunBefores.evaluate(RunBefores.java:26)
	at org.junit.internal.runners.statements.RunAfters.evaluate(RunAfters.java:27)
	at org.junit.internal.runners.statements.FailOnTimeout$CallableStatement.call(FailOnTimeout.java:288)
	at org.junit.internal.runners.statements.FailOnTimeout$CallableStatement.call(FailOnTimeout.java:282)
	at java.util.concurrent.FutureTask.run(FutureTask.java:266)
	at java.lang.Thread.run(Thread.java:748)

Nov 09, 2021 12:56:35 AM org.apache.ratis.thirdparty.io.grpc.internal.ManagedChannelOrphanWrapper$ManagedChannelReference cleanQueue
SEVERE: *~*~*~ Channel ManagedChannelImpl{logId=207, target=10.1.0.58:32925} was not shutdown properly!!! ~*~*~*
    Make sure to call shutdown()/shutdownNow() and wait until awaitTermination() returns true.
java.lang.RuntimeException: ManagedChannel allocation site
	at org.apache.ratis.thirdparty.io.grpc.internal.ManagedChannelOrphanWrapper$ManagedChannelReference.<init>(ManagedChannelOrphanWrapper.java:93)
	at org.apache.ratis.thirdparty.io.grpc.internal.ManagedChannelOrphanWrapper.<init>(ManagedChannelOrphanWrapper.java:53)
	at org.apache.ratis.thirdparty.io.grpc.internal.ManagedChannelOrphanWrapper.<init>(ManagedChannelOrphanWrapper.java:44)
	at org.apache.ratis.thirdparty.io.grpc.internal.ManagedChannelImplBuilder.build(ManagedChannelImplBuilder.java:596)
	at org.apache.ratis.thirdparty.io.grpc.ForwardingChannelBuilder.build(ForwardingChannelBuilder.java:255)
	at org.apache.hadoop.hdds.scm.XceiverClientGrpc.connectToDatanode(XceiverClientGrpc.java:193)
	at org.apache.hadoop.hdds.scm.XceiverClientGrpc.connect(XceiverClientGrpc.java:142)
	at org.apache.hadoop.hdds.scm.XceiverClientManager$2.call(XceiverClientManager.java:237)
	at org.apache.hadoop.hdds.scm.XceiverClientManager$2.call(XceiverClientManager.java:221)
	at com.google.common.cache.LocalCache$LocalManualCache$1.load(LocalCache.java:4864)
	at com.google.common.cache.LocalCache$LoadingValueReference.loadFuture(LocalCache.java:3529)
	at com.google.common.cache.LocalCache$Segment.loadSync(LocalCache.java:2278)
	at com.google.common.cache.LocalCache$Segment.lockedGetOrLoad(LocalCache.java:2155)
	at com.google.common.cache.LocalCache$Segment.get(LocalCache.java:2045)
	at com.google.common.cache.LocalCache.get(LocalCache.java:3962)
	at com.google.common.cache.LocalCache$LocalManualCache.get(LocalCache.java:4859)
	at org.apache.hadoop.hdds.scm.XceiverClientManager.getClient(XceiverClientManager.java:221)
	at org.apache.hadoop.hdds.scm.XceiverClientManager.acquireClient(XceiverClientManager.java:165)
	at org.apache.hadoop.hdds.scm.XceiverClientManager.acquireClientForReadData(XceiverClientManager.java:154)
	at org.apache.hadoop.hdds.scm.storage.BlockInputStream.acquireClient(BlockInputStream.java:255)
	at org.apache.hadoop.hdds.scm.storage.BlockInputStream.getChunkInfos(BlockInputStream.java:229)
	at org.apache.hadoop.hdds.scm.storage.BlockInputStream.initialize(BlockInputStream.java:153)
	at org.apache.hadoop.hdds.scm.storage.BlockInputStream.readWithStrategy(BlockInputStream.java:314)
	at org.apache.hadoop.hdds.scm.storage.BlockInputStream.read(BlockInputStream.java:297)
	at org.apache.hadoop.hdds.scm.storage.ByteArrayReader.readFromBlock(ByteArrayReader.java:57)
	at org.apache.hadoop.ozone.client.io.KeyInputStream.readWithStrategy(KeyInputStream.java:262)
	at org.apache.hadoop.ozone.client.io.KeyInputStream.read(KeyInputStream.java:230)
	at org.apache.hadoop.ozone.client.io.OzoneInputStream.read(OzoneInputStream.java:55)
	at java.io.InputStream.read(InputStream.java:101)
	at org.apache.hadoop.ozone.container.TestHelper.validateData(TestHelper.java:146)
	at org.apache.hadoop.ozone.client.rpc.TestBlockOutputStreamWithFailures.validateData(TestBlockOutputStreamWithFailures.java:874)
	at org.apache.hadoop.ozone.client.rpc.TestBlockOutputStreamWithFailures.test2DatanodesFailure(TestBlockOutputStreamWithFailures.java:448)
	at sun.reflect.NativeMethodAccessorImpl.invoke0(Native Method)
	at sun.reflect.NativeMethodAccessorImpl.invoke(NativeMethodAccessorImpl.java:62)
	at sun.reflect.DelegatingMethodAccessorImpl.invoke(DelegatingMethodAccessorImpl.java:43)
	at java.lang.reflect.Method.invoke(Method.java:498)
	at org.junit.runners.model.FrameworkMethod$1.runReflectiveCall(FrameworkMethod.java:59)
	at org.junit.internal.runners.model.ReflectiveCallable.run(ReflectiveCallable.java:12)
	at org.junit.runners.model.FrameworkMethod.invokeExplosively(FrameworkMethod.java:56)
	at org.junit.internal.runners.statements.InvokeMethod.evaluate(InvokeMethod.java:17)
	at org.junit.internal.runners.statements.RunBefores.evaluate(RunBefores.java:26)
	at org.junit.internal.runners.statements.RunAfters.evaluate(RunAfters.java:27)
	at org.junit.internal.runners.statements.FailOnTimeout$CallableStatement.call(FailOnTimeout.java:288)
	at org.junit.internal.runners.statements.FailOnTimeout$CallableStatement.call(FailOnTimeout.java:282)
	at java.util.concurrent.FutureTask.run(FutureTask.java:266)
	at java.lang.Thread.run(Thread.java:748)

Nov 09, 2021 12:56:35 AM org.apache.ratis.thirdparty.io.grpc.internal.ManagedChannelOrphanWrapper$ManagedChannelReference cleanQueue
SEVERE: *~*~*~ Channel ManagedChannelImpl{logId=495, target=10.1.0.58:43229} was not shutdown properly!!! ~*~*~*
    Make sure to call shutdown()/shutdownNow() and wait until awaitTermination() returns true.
java.lang.RuntimeException: ManagedChannel allocation site
	at org.apache.ratis.thirdparty.io.grpc.internal.ManagedChannelOrphanWrapper$ManagedChannelReference.<init>(ManagedChannelOrphanWrapper.java:93)
	at org.apache.ratis.thirdparty.io.grpc.internal.ManagedChannelOrphanWrapper.<init>(ManagedChannelOrphanWrapper.java:53)
	at org.apache.ratis.thirdparty.io.grpc.internal.ManagedChannelOrphanWrapper.<init>(ManagedChannelOrphanWrapper.java:44)
	at org.apache.ratis.thirdparty.io.grpc.internal.ManagedChannelImplBuilder.build(ManagedChannelImplBuilder.java:596)
	at org.apache.ratis.thirdparty.io.grpc.ForwardingChannelBuilder.build(ForwardingChannelBuilder.java:255)
	at org.apache.hadoop.hdds.scm.XceiverClientGrpc.connectToDatanode(XceiverClientGrpc.java:193)
	at org.apache.hadoop.hdds.scm.XceiverClientGrpc.connect(XceiverClientGrpc.java:142)
	at org.apache.hadoop.hdds.scm.XceiverClientManager$2.call(XceiverClientManager.java:237)
	at org.apache.hadoop.hdds.scm.XceiverClientManager$2.call(XceiverClientManager.java:221)
	at com.google.common.cache.LocalCache$LocalManualCache$1.load(LocalCache.java:4864)
	at com.google.common.cache.LocalCache$LoadingValueReference.loadFuture(LocalCache.java:3529)
	at com.google.common.cache.LocalCache$Segment.loadSync(LocalCache.java:2278)
	at com.google.common.cache.LocalCache$Segment.lockedGetOrLoad(LocalCache.java:2155)
	at com.google.common.cache.LocalCache$Segment.get(LocalCache.java:2045)
	at com.google.common.cache.LocalCache.get(LocalCache.java:3962)
	at com.google.common.cache.LocalCache$LocalManualCache.get(LocalCache.java:4859)
	at org.apache.hadoop.hdds.scm.XceiverClientManager.getClient(XceiverClientManager.java:221)
	at org.apache.hadoop.hdds.scm.XceiverClientManager.acquireClient(XceiverClientManager.java:165)
	at org.apache.hadoop.hdds.scm.XceiverClientManager.acquireClientForReadData(XceiverClientManager.java:154)
	at org.apache.hadoop.hdds.scm.storage.BlockInputStream.acquireClient(BlockInputStream.java:255)
	at org.apache.hadoop.hdds.scm.storage.BlockInputStream.getChunkInfos(BlockInputStream.java:229)
	at org.apache.hadoop.hdds.scm.storage.BlockInputStream.initialize(BlockInputStream.java:153)
	at org.apache.hadoop.hdds.scm.storage.BlockInputStream.readWithStrategy(BlockInputStream.java:314)
	at org.apache.hadoop.hdds.scm.storage.BlockInputStream.read(BlockInputStream.java:297)
	at org.apache.hadoop.hdds.scm.storage.ByteArrayReader.readFromBlock(ByteArrayReader.java:57)
	at org.apache.hadoop.ozone.client.io.KeyInputStream.readWithStrategy(KeyInputStream.java:262)
	at org.apache.hadoop.ozone.client.io.KeyInputStream.read(KeyInputStream.java:230)
	at org.apache.hadoop.ozone.client.io.OzoneInputStream.read(OzoneInputStream.java:55)
	at java.io.InputStream.read(InputStream.java:101)
	at org.apache.hadoop.ozone.container.TestHelper.validateData(TestHelper.java:146)
	at org.apache.hadoop.ozone.client.rpc.TestBlockOutputStreamWithFailures.validateData(TestBlockOutputStreamWithFailures.java:874)
	at org.apache.hadoop.ozone.client.rpc.TestBlockOutputStreamWithFailures.testDatanodeFailureWithPreAllocation(TestBlockOutputStreamWithFailures.java:857)
	at sun.reflect.NativeMethodAccessorImpl.invoke0(Native Method)
	at sun.reflect.NativeMethodAccessorImpl.invoke(NativeMethodAccessorImpl.java:62)
	at sun.reflect.DelegatingMethodAccessorImpl.invoke(DelegatingMethodAccessorImpl.java:43)
	at java.lang.reflect.Method.invoke(Method.java:498)
	at org.junit.runners.model.FrameworkMethod$1.runReflectiveCall(FrameworkMethod.java:59)
	at org.junit.internal.runners.model.ReflectiveCallable.run(ReflectiveCallable.java:12)
	at org.junit.runners.model.FrameworkMethod.invokeExplosively(FrameworkMethod.java:56)
	at org.junit.internal.runners.statements.InvokeMethod.evaluate(InvokeMethod.java:17)
	at org.junit.internal.runners.statements.RunBefores.evaluate(RunBefores.java:26)
	at org.junit.internal.runners.statements.RunAfters.evaluate(RunAfters.java:27)
	at org.junit.internal.runners.statements.FailOnTimeout$CallableStatement.call(FailOnTimeout.java:288)
	at org.junit.internal.runners.statements.FailOnTimeout$CallableStatement.call(FailOnTimeout.java:282)
	at java.util.concurrent.FutureTask.run(FutureTask.java:266)
	at java.lang.Thread.run(Thread.java:748)

]]></system-err>
  </testcase>
  <testcase name="testWatchForCommitDatanodeFailure" classname="org.apache.hadoop.ozone.client.rpc.TestBlockOutputStreamWithFailures" time="78.11"/>
  <testcase name="testContainerClose" classname="org.apache.hadoop.ozone.client.rpc.TestBlockOutputStreamWithFailures" time="89.079"/>
</testsuite>