<?xml version="1.0" encoding="UTF-8"?>
<testsuite xmlns:xsi="http://www.w3.org/2001/XMLSchema-instance" xsi:noNamespaceSchemaLocation="https://maven.apache.org/surefire/maven-surefire-plugin/xsd/surefire-test-report.xsd" name="org.apache.hadoop.ozone.om.TestOzoneManagerHAMetadataOnly" time="198.932" tests="10" errors="0" skipped="2" failures="1">
  <properties>
    <property name="awt.toolkit" value="sun.awt.X11.XToolkit"/>
    <property name="file.encoding.pkg" value="sun.io"/>
    <property name="java.specification.version" value="1.8"/>
    <property name="sun.cpu.isalist" value=""/>
    <property name="sun.jnu.encoding" value="ANSI_X3.4-1968"/>
    <property name="java.class.path" value="/github/workspace/mnt/ozone/hadoop-ozone/integration-test/target/test-classes:/github/workspace/mnt/ozone/hadoop-ozone/integration-test/target/classes:/home/user/.m2/repository/org/apache/hadoop/hadoop-ozone-common/1.1.0-SNAPSHOT/hadoop-ozone-common-1.1.0-SNAPSHOT.jar:/home/user/.m2/repository/org/apache/commons/commons-compress/1.4.1/commons-compress-1.4.1.jar:/home/user/.m2/repository/org/tukaani/xz/1.0/xz-1.0.jar:/home/user/.m2/repository/org/apache/hadoop/hadoop-hdds-common/1.1.0-SNAPSHOT/hadoop-hdds-common-1.1.0-SNAPSHOT.jar:/home/user/.m2/repository/org/apache/hadoop/hadoop-hdds-hadoop-dependency-client/1.1.0-SNAPSHOT/hadoop-hdds-hadoop-dependency-client-1.1.0-SNAPSHOT.jar:/home/user/.m2/repository/info/picocli/picocli/4.4.0/picocli-4.4.0.jar:/home/user/.m2/repository/com/fasterxml/jackson/core/jackson-annotations/2.10.3/jackson-annotations-2.10.3.jar:/home/user/.m2/repository/javax/annotation/javax.annotation-api/1.2/javax.annotation-api-1.2.jar:/home/user/.m2/repository/org/apache/ratis/ratis-server/1.1.0-11689cd-SNAPSHOT/ratis-server-1.1.0-11689cd-SNAPSHOT.jar:/home/user/.m2/repository/org/apache/ratis/ratis-client/1.1.0-11689cd-SNAPSHOT/ratis-client-1.1.0-11689cd-SNAPSHOT.jar:/home/user/.m2/repository/org/apache/ratis/ratis-metrics/1.1.0-11689cd-SNAPSHOT/ratis-metrics-1.1.0-11689cd-SNAPSHOT.jar:/home/user/.m2/repository/org/apache/ratis/ratis-netty/1.1.0-11689cd-SNAPSHOT/ratis-netty-1.1.0-11689cd-SNAPSHOT.jar:/home/user/.m2/repository/org/apache/ratis/ratis-grpc/1.1.0-11689cd-SNAPSHOT/ratis-grpc-1.1.0-11689cd-SNAPSHOT.jar:/home/user/.m2/repository/org/apache/logging/log4j/log4j-api/2.13.3/log4j-api-2.13.3.jar:/home/user/.m2/repository/org/apache/logging/log4j/log4j-core/2.13.3/log4j-core-2.13.3.jar:/home/user/.m2/repository/com/lmax/disruptor/3.4.2/disruptor-3.4.2.jar:/home/user/.m2/repository/org/apache/commons/commons-pool2/2.6.0/commons-pool2-2.6.0.jar:/home/user/.m2/repository/org/bouncycastle/bcpkix-jdk15on/1.60/bcpkix-jdk15on-1.60.jar:/home/user/.m2/repository/commons-validator/commons-validator/1.6/commons-validator-1.6.jar:/home/user/.m2/repository/commons-digester/commons-digester/1.8.1/commons-digester-1.8.1.jar:/home/user/.m2/repository/io/jaegertracing/jaeger-client/1.2.0/jaeger-client-1.2.0.jar:/home/user/.m2/repository/io/jaegertracing/jaeger-thrift/1.2.0/jaeger-thrift-1.2.0.jar:/home/user/.m2/repository/org/apache/thrift/libthrift/0.13.0/libthrift-0.13.0.jar:/home/user/.m2/repository/com/squareup/okhttp3/okhttp/4.2.2/okhttp-4.2.2.jar:/home/user/.m2/repository/com/squareup/okio/okio/2.2.2/okio-2.2.2.jar:/home/user/.m2/repository/org/jetbrains/kotlin/kotlin-stdlib/1.3.50/kotlin-stdlib-1.3.50.jar:/home/user/.m2/repository/org/jetbrains/kotlin/kotlin-stdlib-common/1.3.50/kotlin-stdlib-common-1.3.50.jar:/home/user/.m2/repository/org/jetbrains/annotations/13.0/annotations-13.0.jar:/home/user/.m2/repository/io/jaegertracing/jaeger-core/1.2.0/jaeger-core-1.2.0.jar:/home/user/.m2/repository/io/jaegertracing/jaeger-tracerresolver/1.2.0/jaeger-tracerresolver-1.2.0.jar:/home/user/.m2/repository/io/opentracing/contrib/opentracing-tracerresolver/0.1.8/opentracing-tracerresolver-0.1.8.jar:/home/user/.m2/repository/io/opentracing/opentracing-util/0.33.0/opentracing-util-0.33.0.jar:/home/user/.m2/repository/io/opentracing/opentracing-api/0.33.0/opentracing-api-0.33.0.jar:/home/user/.m2/repository/io/opentracing/opentracing-noop/0.33.0/opentracing-noop-0.33.0.jar:/home/user/.m2/repository/org/apache/hadoop/hadoop-hdds-client/1.1.0-SNAPSHOT/hadoop-hdds-client-1.1.0-SNAPSHOT.jar:/home/user/.m2/repository/org/apache/hadoop/hadoop-ozone-interface-client/1.1.0-SNAPSHOT/hadoop-ozone-interface-client-1.1.0-SNAPSHOT.jar:/home/user/.m2/repository/org/apache/hadoop/hadoop-hdds-test-utils/1.1.0-SNAPSHOT/hadoop-hdds-test-utils-1.1.0-SNAPSHOT.jar:/home/user/.m2/repository/com/google/guava/guava/28.2-jre/guava-28.2-jre.jar:/home/user/.m2/repository/com/google/guava/failureaccess/1.0.1/failureaccess-1.0.1.jar:/home/user/.m2/repository/com/google/guava/listenablefuture/9999.0-empty-to-avoid-conflict-with-guava/listenablefuture-9999.0-empty-to-avoid-conflict-with-guava.jar:/home/user/.m2/repository/com/google/code/findbugs/jsr305/3.0.0/jsr305-3.0.0.jar:/home/user/.m2/repository/org/checkerframework/checker-qual/2.10.0/checker-qual-2.10.0.jar:/home/user/.m2/repository/com/google/errorprone/error_prone_annotations/2.2.0/error_prone_annotations-2.2.0.jar:/home/user/.m2/repository/com/google/j2objc/j2objc-annotations/1.3/j2objc-annotations-1.3.jar:/home/user/.m2/repository/commons-io/commons-io/2.5/commons-io-2.5.jar:/home/user/.m2/repository/commons-logging/commons-logging/1.2/commons-logging-1.2.jar:/home/user/.m2/repository/log4j/log4j/1.2.17/log4j-1.2.17.jar:/home/user/.m2/repository/org/slf4j/slf4j-api/1.7.25/slf4j-api-1.7.25.jar:/home/user/.m2/repository/org/apache/hadoop/hadoop-hdds-server-scm/1.1.0-SNAPSHOT/hadoop-hdds-server-scm-1.1.0-SNAPSHOT.jar:/home/user/.m2/repository/org/apache/hadoop/hadoop-hdds-container-service/1.1.0-SNAPSHOT/hadoop-hdds-container-service-1.1.0-SNAPSHOT.jar:/home/user/.m2/repository/org/apache/hadoop/hadoop-hdds-hadoop-dependency-server/1.1.0-SNAPSHOT/hadoop-hdds-hadoop-dependency-server-1.1.0-SNAPSHOT.jar:/home/user/.m2/repository/org/apache/hadoop/hadoop-hdds-server-framework/1.1.0-SNAPSHOT/hadoop-hdds-server-framework-1.1.0-SNAPSHOT.jar:/home/user/.m2/repository/org/apache/hadoop/hadoop-hdds-interface-server/1.1.0-SNAPSHOT/hadoop-hdds-interface-server-1.1.0-SNAPSHOT.jar:/home/user/.m2/repository/org/apache/hadoop/hadoop-hdds-interface-admin/1.1.0-SNAPSHOT/hadoop-hdds-interface-admin-1.1.0-SNAPSHOT.jar:/home/user/.m2/repository/org/rocksdb/rocksdbjni/6.8.1/rocksdbjni-6.8.1.jar:/home/user/.m2/repository/io/prometheus/simpleclient_dropwizard/0.7.0/simpleclient_dropwizard-0.7.0.jar:/home/user/.m2/repository/io/prometheus/simpleclient/0.7.0/simpleclient-0.7.0.jar:/home/user/.m2/repository/io/prometheus/simpleclient_common/0.7.0/simpleclient_common-0.7.0.jar:/home/user/.m2/repository/com/fasterxml/jackson/datatype/jackson-datatype-jsr310/2.10.3/jackson-datatype-jsr310-2.10.3.jar:/home/user/.m2/repository/io/dropwizard/metrics/metrics-core/3.2.4/metrics-core-3.2.4.jar:/home/user/.m2/repository/org/apache/hadoop/hadoop-hdfs-client/3.2.1/hadoop-hdfs-client-3.2.1.jar:/home/user/.m2/repository/org/bouncycastle/bcprov-jdk15on/1.60/bcprov-jdk15on-1.60.jar:/home/user/.m2/repository/org/apache/hadoop/hadoop-ozone-ozone-manager/1.1.0-SNAPSHOT/hadoop-ozone-ozone-manager-1.1.0-SNAPSHOT.jar:/home/user/.m2/repository/org/apache/hadoop/hadoop-hdds-interface-client/1.1.0-SNAPSHOT/hadoop-hdds-interface-client-1.1.0-SNAPSHOT.jar:/home/user/.m2/repository/org/apache/ratis/ratis-thirdparty-misc/0.6.0-SNAPSHOT/ratis-thirdparty-misc-0.6.0-SNAPSHOT.jar:/home/user/.m2/repository/org/apache/hadoop/hadoop-ozone-interface-storage/1.1.0-SNAPSHOT/hadoop-ozone-interface-storage-1.1.0-SNAPSHOT.jar:/home/user/.m2/repository/org/apache/hadoop/hadoop-minikdc/3.2.1/hadoop-minikdc-3.2.1.jar:/home/user/.m2/repository/org/apache/kerby/kerb-simplekdc/1.0.1/kerb-simplekdc-1.0.1.jar:/home/user/.m2/repository/org/apache/kerby/kerb-client/1.0.1/kerb-client-1.0.1.jar:/home/user/.m2/repository/org/apache/kerby/kerby-config/1.0.1/kerby-config-1.0.1.jar:/home/user/.m2/repository/org/apache/kerby/kerb-core/1.0.1/kerb-core-1.0.1.jar:/home/user/.m2/repository/org/apache/kerby/kerby-pkix/1.0.1/kerby-pkix-1.0.1.jar:/home/user/.m2/repository/org/apache/kerby/kerby-asn1/1.0.1/kerby-asn1-1.0.1.jar:/home/user/.m2/repository/org/apache/kerby/kerby-util/1.0.1/kerby-util-1.0.1.jar:/home/user/.m2/repository/org/apache/kerby/kerb-common/1.0.1/kerb-common-1.0.1.jar:/home/user/.m2/repository/org/apache/kerby/kerb-crypto/1.0.1/kerb-crypto-1.0.1.jar:/home/user/.m2/repository/org/apache/kerby/kerb-util/1.0.1/kerb-util-1.0.1.jar:/home/user/.m2/repository/org/apache/kerby/token-provider/1.0.1/token-provider-1.0.1.jar:/home/user/.m2/repository/org/apache/kerby/kerb-admin/1.0.1/kerb-admin-1.0.1.jar:/home/user/.m2/repository/org/apache/kerby/kerb-server/1.0.1/kerb-server-1.0.1.jar:/home/user/.m2/repository/org/apache/kerby/kerb-identity/1.0.1/kerb-identity-1.0.1.jar:/home/user/.m2/repository/org/apache/kerby/kerby-xdr/1.0.1/kerby-xdr-1.0.1.jar:/home/user/.m2/repository/org/slf4j/slf4j-log4j12/1.7.25/slf4j-log4j12-1.7.25.jar:/home/user/.m2/repository/org/apache/hadoop/hadoop-ozone-s3gateway/1.1.0-SNAPSHOT/hadoop-ozone-s3gateway-1.1.0-SNAPSHOT.jar:/home/user/.m2/repository/org/jboss/weld/servlet/weld-servlet/2.4.7.Final/weld-servlet-2.4.7.Final.jar:/home/user/.m2/repository/org/glassfish/jersey/containers/jersey-container-servlet-core/2.27/jersey-container-servlet-core-2.27.jar:/home/user/.m2/repository/org/glassfish/hk2/external/javax.inject/2.5.0-b42/javax.inject-2.5.0-b42.jar:/home/user/.m2/repository/org/glassfish/jersey/core/jersey-common/2.27/jersey-common-2.27.jar:/home/user/.m2/repository/org/glassfish/hk2/osgi-resource-locator/1.0.1/osgi-resource-locator-1.0.1.jar:/home/user/.m2/repository/javax/ws/rs/javax.ws.rs-api/2.1/javax.ws.rs-api-2.1.jar:/home/user/.m2/repository/org/glassfish/jersey/ext/cdi/jersey-cdi1x/2.27/jersey-cdi1x-2.27.jar:/home/user/.m2/repository/org/glassfish/jersey/inject/jersey-hk2/2.27/jersey-hk2-2.27.jar:/home/user/.m2/repository/org/glassfish/hk2/hk2-locator/2.5.0-b42/hk2-locator-2.5.0-b42.jar:/home/user/.m2/repository/org/javassist/javassist/3.22.0-CR2/javassist-3.22.0-CR2.jar:/home/user/.m2/repository/org/glassfish/hk2/hk2-api/2.5.0/hk2-api-2.5.0.jar:/home/user/.m2/repository/org/glassfish/hk2/external/jakarta.inject/2.5.0/jakarta.inject-2.5.0.jar:/home/user/.m2/repository/org/glassfish/hk2/hk2-utils/2.5.0/hk2-utils-2.5.0.jar:/home/user/.m2/repository/jakarta/annotation/jakarta.annotation-api/1.3.4/jakarta.annotation-api-1.3.4.jar:/home/user/.m2/repository/org/glassfish/hk2/external/aopalliance-repackaged/2.5.0/aopalliance-repackaged-2.5.0.jar:/home/user/.m2/repository/com/fasterxml/jackson/dataformat/jackson-dataformat-xml/2.10.3/jackson-dataformat-xml-2.10.3.jar:/home/user/.m2/repository/com/fasterxml/jackson/core/jackson-core/2.10.3/jackson-core-2.10.3.jar:/home/user/.m2/repository/com/fasterxml/jackson/module/jackson-module-jaxb-annotations/2.10.3/jackson-module-jaxb-annotations-2.10.3.jar:/home/user/.m2/repository/jakarta/xml/bind/jakarta.xml.bind-api/2.3.2/jakarta.xml.bind-api-2.3.2.jar:/home/user/.m2/repository/jakarta/activation/jakarta.activation-api/1.2.1/jakarta.activation-api-1.2.1.jar:/home/user/.m2/repository/org/codehaus/woodstox/stax2-api/3.1.4/stax2-api-3.1.4.jar:/home/user/.m2/repository/com/fasterxml/woodstox/woodstox-core/5.0.3/woodstox-core-5.0.3.jar:/home/user/.m2/repository/javax/enterprise/cdi-api/1.2/cdi-api-1.2.jar:/home/user/.m2/repository/javax/el/javax.el-api/3.0.0/javax.el-api-3.0.0.jar:/home/user/.m2/repository/javax/interceptor/javax.interceptor-api/1.2/javax.interceptor-api-1.2.jar:/home/user/.m2/repository/javax/inject/javax.inject/1/javax.inject-1.jar:/home/user/.m2/repository/com/sun/xml/bind/jaxb-impl/2.3.0.1/jaxb-impl-2.3.0.1.jar:/home/user/.m2/repository/com/sun/xml/bind/jaxb-core/2.3.0.1/jaxb-core-2.3.0.1.jar:/home/user/.m2/repository/javax/xml/bind/jaxb-api/2.3.0/jaxb-api-2.3.0.jar:/home/user/.m2/repository/javax/activation/activation/1.1.1/activation-1.1.1.jar:/home/user/.m2/repository/org/apache/hadoop/hadoop-ozone-csi/1.1.0-SNAPSHOT/hadoop-ozone-csi-1.1.0-SNAPSHOT.jar:/home/user/.m2/repository/com/google/protobuf/protobuf-java-util/3.11.0/protobuf-java-util-3.11.0.jar:/home/user/.m2/repository/com/google/code/gson/gson/2.2.4/gson-2.2.4.jar:/home/user/.m2/repository/org/apache/hadoop/hadoop-hdds-config/1.1.0-SNAPSHOT/hadoop-hdds-config-1.1.0-SNAPSHOT.jar:/home/user/.m2/repository/com/google/protobuf/protobuf-java/2.5.0/protobuf-java-2.5.0.jar:/home/user/.m2/repository/io/grpc/grpc-netty/1.29.0/grpc-netty-1.29.0.jar:/home/user/.m2/repository/io/grpc/grpc-core/1.29.0/grpc-core-1.29.0.jar:/home/user/.m2/repository/com/google/android/annotations/4.1.1.4/annotations-4.1.1.4.jar:/home/user/.m2/repository/io/perfmark/perfmark-api/0.19.0/perfmark-api-0.19.0.jar:/home/user/.m2/repository/io/netty/netty-codec-http2/4.1.48.Final/netty-codec-http2-4.1.48.Final.jar:/home/user/.m2/repository/io/netty/netty-codec/4.1.48.Final/netty-codec-4.1.48.Final.jar:/home/user/.m2/repository/io/netty/netty-handler/4.1.48.Final/netty-handler-4.1.48.Final.jar:/home/user/.m2/repository/io/netty/netty-codec-http/4.1.48.Final/netty-codec-http-4.1.48.Final.jar:/home/user/.m2/repository/io/netty/netty-handler-proxy/4.1.48.Final/netty-handler-proxy-4.1.48.Final.jar:/home/user/.m2/repository/io/netty/netty-codec-socks/4.1.48.Final/netty-codec-socks-4.1.48.Final.jar:/home/user/.m2/repository/io/netty/netty-transport-native-epoll/4.1.48.Final/netty-transport-native-epoll-4.1.48.Final.jar:/home/user/.m2/repository/io/netty/netty-common/4.1.48.Final/netty-common-4.1.48.Final.jar:/home/user/.m2/repository/io/netty/netty-buffer/4.1.48.Final/netty-buffer-4.1.48.Final.jar:/home/user/.m2/repository/io/netty/netty-transport/4.1.48.Final/netty-transport-4.1.48.Final.jar:/home/user/.m2/repository/io/netty/netty-resolver/4.1.48.Final/netty-resolver-4.1.48.Final.jar:/home/user/.m2/repository/io/netty/netty-transport-native-unix-common/4.1.48.Final/netty-transport-native-unix-common-4.1.48.Final.jar:/home/user/.m2/repository/io/grpc/grpc-protobuf/1.29.0/grpc-protobuf-1.29.0.jar:/home/user/.m2/repository/io/grpc/grpc-api/1.29.0/grpc-api-1.29.0.jar:/home/user/.m2/repository/io/grpc/grpc-context/1.29.0/grpc-context-1.29.0.jar:/home/user/.m2/repository/org/codehaus/mojo/animal-sniffer-annotations/1.18/animal-sniffer-annotations-1.18.jar:/home/user/.m2/repository/com/google/api/grpc/proto-google-common-protos/1.17.0/proto-google-common-protos-1.17.0.jar:/home/user/.m2/repository/io/grpc/grpc-protobuf-lite/1.29.0/grpc-protobuf-lite-1.29.0.jar:/home/user/.m2/repository/io/grpc/grpc-stub/1.29.0/grpc-stub-1.29.0.jar:/home/user/.m2/repository/org/apache/hadoop/hadoop-ozone-recon/1.1.0-SNAPSHOT/hadoop-ozone-recon-1.1.0-SNAPSHOT.jar:/home/user/.m2/repository/org/apache/hadoop/hadoop-ozone-reconcodegen/1.1.0-SNAPSHOT/hadoop-ozone-reconcodegen-1.1.0-SNAPSHOT.jar:/home/user/.m2/repository/com/google/inject/extensions/guice-multibindings/4.0/guice-multibindings-4.0.jar:/home/user/.m2/repository/com/google/inject/guice/4.0/guice-4.0.jar:/home/user/.m2/repository/aopalliance/aopalliance/1.0/aopalliance-1.0.jar:/home/user/.m2/repository/com/google/inject/extensions/guice-assistedinject/4.0/guice-assistedinject-4.0.jar:/home/user/.m2/repository/com/google/inject/extensions/guice-servlet/4.0/guice-servlet-4.0.jar:/home/user/.m2/repository/org/glassfish/jersey/containers/jersey-container-servlet/2.27/jersey-container-servlet-2.27.jar:/home/user/.m2/repository/org/glassfish/hk2/guice-bridge/2.5.0/guice-bridge-2.5.0.jar:/home/user/.m2/repository/org/glassfish/jersey/core/jersey-server/2.27/jersey-server-2.27.jar:/home/user/.m2/repository/org/glassfish/jersey/core/jersey-client/2.27/jersey-client-2.27.jar:/home/user/.m2/repository/org/glassfish/jersey/media/jersey-media-jaxb/2.27/jersey-media-jaxb-2.27.jar:/home/user/.m2/repository/javax/validation/validation-api/1.1.0.Final/validation-api-1.1.0.Final.jar:/home/user/.m2/repository/org/glassfish/jersey/media/jersey-media-json-jackson/2.27/jersey-media-json-jackson-2.27.jar:/home/user/.m2/repository/org/glassfish/jersey/ext/jersey-entity-filtering/2.27/jersey-entity-filtering-2.27.jar:/home/user/.m2/repository/org/jooq/jooq/3.11.10/jooq-3.11.10.jar:/home/user/.m2/repository/org/jooq/jooq-meta/3.11.10/jooq-meta-3.11.10.jar:/home/user/.m2/repository/org/jooq/jooq-codegen/3.11.10/jooq-codegen-3.11.10.jar:/home/user/.m2/repository/com/jolbox/bonecp/0.8.0.RELEASE/bonecp-0.8.0.RELEASE.jar:/home/user/.m2/repository/org/apache/derby/derby/10.14.2.0/derby-10.14.2.0.jar:/home/user/.m2/repository/org/xerial/sqlite-jdbc/3.25.2/sqlite-jdbc-3.25.2.jar:/home/user/.m2/repository/org/springframework/spring-jdbc/5.2.5.RELEASE/spring-jdbc-5.2.5.RELEASE.jar:/home/user/.m2/repository/org/springframework/spring-beans/5.2.5.RELEASE/spring-beans-5.2.5.RELEASE.jar:/home/user/.m2/repository/org/springframework/spring-core/5.2.5.RELEASE/spring-core-5.2.5.RELEASE.jar:/home/user/.m2/repository/org/springframework/spring-jcl/5.2.5.RELEASE/spring-jcl-5.2.5.RELEASE.jar:/home/user/.m2/repository/org/springframework/spring-tx/5.2.5.RELEASE/spring-tx-5.2.5.RELEASE.jar:/home/user/.m2/repository/org/apache/hadoop/hadoop-ozone-client/1.1.0-SNAPSHOT/hadoop-ozone-client-1.1.0-SNAPSHOT.jar:/home/user/.m2/repository/org/apache/hadoop/hadoop-ozone-filesystem/1.1.0-SNAPSHOT/hadoop-ozone-filesystem-1.1.0-SNAPSHOT.jar:/home/user/.m2/repository/org/apache/hadoop/hadoop-ozone-filesystem-common/1.1.0-SNAPSHOT/hadoop-ozone-filesystem-common-1.1.0-SNAPSHOT.jar:/home/user/.m2/repository/org/apache/hadoop/hadoop-ozone-tools/1.1.0-SNAPSHOT/hadoop-ozone-tools-1.1.0-SNAPSHOT.jar:/home/user/.m2/repository/org/apache/hadoop/hadoop-hdfs/3.2.1/hadoop-hdfs-3.2.1.jar:/home/user/.m2/repository/org/apache/ratis/ratis-tools/1.1.0-11689cd-SNAPSHOT/ratis-tools-1.1.0-11689cd-SNAPSHOT.jar:/home/user/.m2/repository/org/apache/ratis/ratis-proto/1.1.0-11689cd-SNAPSHOT/ratis-proto-1.1.0-11689cd-SNAPSHOT.jar:/home/user/.m2/repository/org/apache/ratis/ratis-common/1.1.0-11689cd-SNAPSHOT/ratis-common-1.1.0-11689cd-SNAPSHOT.jar:/home/user/.m2/repository/com/amazonaws/aws-java-sdk-core/1.11.615/aws-java-sdk-core-1.11.615.jar:/home/user/.m2/repository/org/apache/httpcomponents/httpclient/4.5.2/httpclient-4.5.2.jar:/home/user/.m2/repository/org/apache/httpcomponents/httpcore/4.4.4/httpcore-4.4.4.jar:/home/user/.m2/repository/software/amazon/ion/ion-java/1.0.2/ion-java-1.0.2.jar:/home/user/.m2/repository/com/fasterxml/jackson/dataformat/jackson-dataformat-cbor/2.10.3/jackson-dataformat-cbor-2.10.3.jar:/home/user/.m2/repository/joda-time/joda-time/2.8.1/joda-time-2.8.1.jar:/home/user/.m2/repository/com/amazonaws/aws-java-sdk-s3/1.11.615/aws-java-sdk-s3-1.11.615.jar:/home/user/.m2/repository/com/amazonaws/aws-java-sdk-kms/1.11.615/aws-java-sdk-kms-1.11.615.jar:/home/user/.m2/repository/com/amazonaws/jmespath-java/1.11.615/jmespath-java-1.11.615.jar:/home/user/.m2/repository/org/kohsuke/metainf-services/metainf-services/1.8/metainf-services-1.8.jar:/home/user/.m2/repository/org/apache/hadoop/hadoop-hdds-tools/1.1.0-SNAPSHOT/hadoop-hdds-tools-1.1.0-SNAPSHOT.jar:/home/user/.m2/repository/commons-cli/commons-cli/1.2/commons-cli-1.2.jar:/home/user/.m2/repository/org/apache/commons/commons-lang3/3.7/commons-lang3-3.7.jar:/home/user/.m2/repository/org/apache/hadoop/hadoop-ozone-ozone-manager/1.1.0-SNAPSHOT/hadoop-ozone-ozone-manager-1.1.0-SNAPSHOT-tests.jar:/home/user/.m2/repository/junit/junit/4.11/junit-4.11.jar:/home/user/.m2/repository/org/hamcrest/hamcrest-core/1.3/hamcrest-core-1.3.jar:/home/user/.m2/repository/org/openjdk/jmh/jmh-core/1.19/jmh-core-1.19.jar:/home/user/.m2/repository/net/sf/jopt-simple/jopt-simple/4.6/jopt-simple-4.6.jar:/home/user/.m2/repository/org/apache/commons/commons-math3/3.1.1/commons-math3-3.1.1.jar:/home/user/.m2/repository/org/openjdk/jmh/jmh-generator-annprocess/1.19/jmh-generator-annprocess-1.19.jar:/home/user/.m2/repository/org/mockito/mockito-all/1.8.5/mockito-all-1.8.5.jar:/home/user/.m2/repository/org/apache/hadoop/hadoop-kms/3.2.1/hadoop-kms-3.2.1.jar:/home/user/.m2/repository/org/apache/hadoop/hadoop-auth/3.2.1/hadoop-auth-3.2.1.jar:/home/user/.m2/repository/com/nimbusds/nimbus-jose-jwt/7.9/nimbus-jose-jwt-7.9.jar:/home/user/.m2/repository/com/github/stephenc/jcip/jcip-annotations/1.0-1/jcip-annotations-1.0-1.jar:/home/user/.m2/repository/net/minidev/json-smart/2.3/json-smart-2.3.jar:/home/user/.m2/repository/net/minidev/accessors-smart/1.2/accessors-smart-1.2.jar:/home/user/.m2/repository/org/ow2/asm/asm/5.0.4/asm-5.0.4.jar:/home/user/.m2/repository/org/apache/zookeeper/zookeeper/3.4.13/zookeeper-3.4.13.jar:/home/user/.m2/repository/org/apache/yetus/audience-annotations/0.5.0/audience-annotations-0.5.0.jar:/home/user/.m2/repository/org/apache/curator/curator-framework/2.13.0/curator-framework-2.13.0.jar:/home/user/.m2/repository/com/sun/jersey/jersey-core/1.19/jersey-core-1.19.jar:/home/user/.m2/repository/javax/ws/rs/jsr311-api/1.1.1/jsr311-api-1.1.1.jar:/home/user/.m2/repository/com/sun/jersey/jersey-server/1.19/jersey-server-1.19.jar:/home/user/.m2/repository/javax/servlet/javax.servlet-api/3.1.0/javax.servlet-api-3.1.0.jar:/home/user/.m2/repository/org/eclipse/jetty/jetty-server/9.4.26.v20200117/jetty-server-9.4.26.v20200117.jar:/home/user/.m2/repository/org/eclipse/jetty/jetty-http/9.4.26.v20200117/jetty-http-9.4.26.v20200117.jar:/home/user/.m2/repository/org/eclipse/jetty/jetty-io/9.4.26.v20200117/jetty-io-9.4.26.v20200117.jar:/home/user/.m2/repository/org/eclipse/jetty/jetty-webapp/9.4.26.v20200117/jetty-webapp-9.4.26.v20200117.jar:/home/user/.m2/repository/org/eclipse/jetty/jetty-xml/9.4.26.v20200117/jetty-xml-9.4.26.v20200117.jar:/home/user/.m2/repository/org/eclipse/jetty/jetty-servlet/9.4.26.v20200117/jetty-servlet-9.4.26.v20200117.jar:/home/user/.m2/repository/org/eclipse/jetty/jetty-security/9.4.26.v20200117/jetty-security-9.4.26.v20200117.jar:/home/user/.m2/repository/org/apache/hadoop/hadoop-common/3.2.1/hadoop-common-3.2.1.jar:/home/user/.m2/repository/commons-net/commons-net/3.6/commons-net-3.6.jar:/home/user/.m2/repository/commons-collections/commons-collections/3.2.2/commons-collections-3.2.2.jar:/home/user/.m2/repository/com/sun/jersey/jersey-servlet/1.19/jersey-servlet-1.19.jar:/home/user/.m2/repository/com/sun/jersey/jersey-json/1.19/jersey-json-1.19.jar:/home/user/.m2/repository/org/codehaus/jettison/jettison/1.1/jettison-1.1.jar:/home/user/.m2/repository/org/codehaus/jackson/jackson-jaxrs/1.9.2/jackson-jaxrs-1.9.2.jar:/home/user/.m2/repository/org/codehaus/jackson/jackson-xc/1.9.2/jackson-xc-1.9.2.jar:/home/user/.m2/repository/commons-beanutils/commons-beanutils/1.9.4/commons-beanutils-1.9.4.jar:/home/user/.m2/repository/org/apache/commons/commons-configuration2/2.1.1/commons-configuration2-2.1.1.jar:/home/user/.m2/repository/org/apache/commons/commons-text/1.4/commons-text-1.4.jar:/home/user/.m2/repository/com/google/re2j/re2j/1.1/re2j-1.1.jar:/home/user/.m2/repository/com/jcraft/jsch/0.1.54/jsch-0.1.54.jar:/home/user/.m2/repository/org/apache/curator/curator-client/2.13.0/curator-client-2.13.0.jar:/home/user/.m2/repository/org/apache/curator/curator-recipes/2.13.0/curator-recipes-2.13.0.jar:/home/user/.m2/repository/dnsjava/dnsjava/2.1.7/dnsjava-2.1.7.jar:/home/user/.m2/repository/org/slf4j/jul-to-slf4j/1.7.25/jul-to-slf4j-1.7.25.jar:/home/user/.m2/repository/org/eclipse/jetty/jetty-util/9.4.26.v20200117/jetty-util-9.4.26.v20200117.jar:/home/user/.m2/repository/com/fasterxml/jackson/core/jackson-databind/2.10.3/jackson-databind-2.10.3.jar:/home/user/.m2/repository/org/apache/hadoop/hadoop-kms/3.2.1/hadoop-kms-3.2.1-tests.jar:/home/user/.m2/repository/org/apache/hadoop/hadoop-hdds-server-scm/1.1.0-SNAPSHOT/hadoop-hdds-server-scm-1.1.0-SNAPSHOT-tests.jar:/home/user/.m2/repository/org/apache/hadoop/hadoop-hdds-container-service/1.1.0-SNAPSHOT/hadoop-hdds-container-service-1.1.0-SNAPSHOT-tests.jar:/home/user/.m2/repository/org/apache/hadoop/hadoop-hdds-common/1.1.0-SNAPSHOT/hadoop-hdds-common-1.1.0-SNAPSHOT-tests.jar:/home/user/.m2/repository/org/yaml/snakeyaml/1.16/snakeyaml-1.16.jar:/home/user/.m2/repository/org/apache/hadoop/hadoop-hdds-hadoop-dependency-test/1.1.0-SNAPSHOT/hadoop-hdds-hadoop-dependency-test-1.1.0-SNAPSHOT.jar:/home/user/.m2/repository/org/apache/hadoop/hadoop-common/3.2.1/hadoop-common-3.2.1-tests.jar:/home/user/.m2/repository/javax/servlet/jsp/jsp-api/2.1/jsp-api-2.1.jar:/home/user/.m2/repository/org/apache/hadoop/hadoop-hdfs/3.2.1/hadoop-hdfs-3.2.1-tests.jar:/home/user/.m2/repository/org/eclipse/jetty/jetty-util-ajax/9.4.26.v20200117/jetty-util-ajax-9.4.26.v20200117.jar:/home/user/.m2/repository/commons-codec/commons-codec/1.11/commons-codec-1.11.jar:/home/user/.m2/repository/commons-daemon/commons-daemon/1.0.13/commons-daemon-1.0.13.jar:/home/user/.m2/repository/io/netty/netty/3.10.5.Final/netty-3.10.5.Final.jar:/home/user/.m2/repository/io/netty/netty-all/4.1.48.Final/netty-all-4.1.48.Final.jar:/home/user/.m2/repository/org/apache/htrace/htrace-core4/4.1.0-incubating/htrace-core4-4.1.0-incubating.jar:/home/user/.m2/repository/org/fusesource/leveldbjni/leveldbjni-all/1.8/leveldbjni-all-1.8.jar:/home/user/.m2/repository/org/apache/hadoop/hadoop-distcp/3.2.1/hadoop-distcp-3.2.1.jar:/home/user/.m2/repository/org/apache/hadoop/hadoop-mapreduce-client-jobclient/3.2.1/hadoop-mapreduce-client-jobclient-3.2.1.jar:/home/user/.m2/repository/org/apache/hadoop/hadoop-mapreduce-client-common/3.2.1/hadoop-mapreduce-client-common-3.2.1.jar:/home/user/.m2/repository/org/apache/hadoop/hadoop-yarn-common/3.2.1/hadoop-yarn-common-3.2.1.jar:/home/user/.m2/repository/org/apache/hadoop/hadoop-yarn-api/3.2.1/hadoop-yarn-api-3.2.1.jar:/home/user/.m2/repository/com/sun/jersey/jersey-client/1.19/jersey-client-1.19.jar:/home/user/.m2/repository/com/sun/jersey/contribs/jersey-guice/1.19/jersey-guice-1.19.jar:/home/user/.m2/repository/com/fasterxml/jackson/jaxrs/jackson-jaxrs-json-provider/2.10.3/jackson-jaxrs-json-provider-2.10.3.jar:/home/user/.m2/repository/com/fasterxml/jackson/jaxrs/jackson-jaxrs-base/2.10.3/jackson-jaxrs-base-2.10.3.jar:/home/user/.m2/repository/org/apache/hadoop/hadoop-yarn-client/3.2.1/hadoop-yarn-client-3.2.1.jar:/home/user/.m2/repository/org/apache/hadoop/hadoop-mapreduce-client-core/3.2.1/hadoop-mapreduce-client-core-3.2.1.jar:/home/user/.m2/repository/org/apache/avro/avro/1.7.7/avro-1.7.7.jar:/home/user/.m2/repository/org/codehaus/jackson/jackson-core-asl/1.9.13/jackson-core-asl-1.9.13.jar:/home/user/.m2/repository/org/codehaus/jackson/jackson-mapper-asl/1.9.13/jackson-mapper-asl-1.9.13.jar:/home/user/.m2/repository/com/thoughtworks/paranamer/paranamer/2.3/paranamer-2.3.jar:/home/user/.m2/repository/org/xerial/snappy/snappy-java/1.0.5/snappy-java-1.0.5.jar:/home/user/.m2/repository/org/apache/hadoop/hadoop-annotations/3.2.1/hadoop-annotations-3.2.1.jar:/usr/lib/jvm/java-1.8.0-openjdk-1.8.0.232.b09-0.el7_7.x86_64/jre/../lib/tools.jar:/home/user/.m2/repository/org/apache/hadoop/hadoop-distcp/3.2.1/hadoop-distcp-3.2.1-tests.jar:"/>
    <property name="java.vm.vendor" value="Oracle Corporation"/>
    <property name="sun.arch.data.model" value="64"/>
    <property name="test.build.dir" value="/github/workspace/mnt/ozone/hadoop-ozone/integration-test/target/test-dir"/>
    <property name="test.cache.data" value=""/>
    <property name="java.vendor.url" value="http://java.oracle.com/"/>
    <property name="user.timezone" value=""/>
    <property name="java.vm.specification.version" value="1.8"/>
    <property name="os.name" value="Linux"/>
    <property name="test.build.data" value="/github/workspace/mnt/ozone/hadoop-ozone/integration-test/target/test-dir"/>
    <property name="user.country" value="US"/>
    <property name="sun.java.launcher" value="SUN_STANDARD"/>
    <property name="sun.boot.library.path" value="/usr/lib/jvm/java-1.8.0-openjdk-1.8.0.232.b09-0.el7_7.x86_64/jre/lib/amd64"/>
    <property name="sun.java.command" value="/github/workspace/mnt/ozone/hadoop-ozone/integration-test/target/surefire/surefirebooter251584214016627443.jar /github/workspace/mnt/ozone/hadoop-ozone/integration-test/target/surefire 2020-10-23T13-08-50_573-jvmRun1 surefire6659455421313538923tmp surefire_51552998092155131289tmp"/>
    <property name="surefire.test.class.path" value="/github/workspace/mnt/ozone/hadoop-ozone/integration-test/target/test-classes:/github/workspace/mnt/ozone/hadoop-ozone/integration-test/target/classes:/home/user/.m2/repository/org/apache/hadoop/hadoop-ozone-common/1.1.0-SNAPSHOT/hadoop-ozone-common-1.1.0-SNAPSHOT.jar:/home/user/.m2/repository/org/apache/commons/commons-compress/1.4.1/commons-compress-1.4.1.jar:/home/user/.m2/repository/org/tukaani/xz/1.0/xz-1.0.jar:/home/user/.m2/repository/org/apache/hadoop/hadoop-hdds-common/1.1.0-SNAPSHOT/hadoop-hdds-common-1.1.0-SNAPSHOT.jar:/home/user/.m2/repository/org/apache/hadoop/hadoop-hdds-hadoop-dependency-client/1.1.0-SNAPSHOT/hadoop-hdds-hadoop-dependency-client-1.1.0-SNAPSHOT.jar:/home/user/.m2/repository/info/picocli/picocli/4.4.0/picocli-4.4.0.jar:/home/user/.m2/repository/com/fasterxml/jackson/core/jackson-annotations/2.10.3/jackson-annotations-2.10.3.jar:/home/user/.m2/repository/javax/annotation/javax.annotation-api/1.2/javax.annotation-api-1.2.jar:/home/user/.m2/repository/org/apache/ratis/ratis-server/1.1.0-11689cd-SNAPSHOT/ratis-server-1.1.0-11689cd-SNAPSHOT.jar:/home/user/.m2/repository/org/apache/ratis/ratis-client/1.1.0-11689cd-SNAPSHOT/ratis-client-1.1.0-11689cd-SNAPSHOT.jar:/home/user/.m2/repository/org/apache/ratis/ratis-metrics/1.1.0-11689cd-SNAPSHOT/ratis-metrics-1.1.0-11689cd-SNAPSHOT.jar:/home/user/.m2/repository/org/apache/ratis/ratis-netty/1.1.0-11689cd-SNAPSHOT/ratis-netty-1.1.0-11689cd-SNAPSHOT.jar:/home/user/.m2/repository/org/apache/ratis/ratis-grpc/1.1.0-11689cd-SNAPSHOT/ratis-grpc-1.1.0-11689cd-SNAPSHOT.jar:/home/user/.m2/repository/org/apache/logging/log4j/log4j-api/2.13.3/log4j-api-2.13.3.jar:/home/user/.m2/repository/org/apache/logging/log4j/log4j-core/2.13.3/log4j-core-2.13.3.jar:/home/user/.m2/repository/com/lmax/disruptor/3.4.2/disruptor-3.4.2.jar:/home/user/.m2/repository/org/apache/commons/commons-pool2/2.6.0/commons-pool2-2.6.0.jar:/home/user/.m2/repository/org/bouncycastle/bcpkix-jdk15on/1.60/bcpkix-jdk15on-1.60.jar:/home/user/.m2/repository/commons-validator/commons-validator/1.6/commons-validator-1.6.jar:/home/user/.m2/repository/commons-digester/commons-digester/1.8.1/commons-digester-1.8.1.jar:/home/user/.m2/repository/io/jaegertracing/jaeger-client/1.2.0/jaeger-client-1.2.0.jar:/home/user/.m2/repository/io/jaegertracing/jaeger-thrift/1.2.0/jaeger-thrift-1.2.0.jar:/home/user/.m2/repository/org/apache/thrift/libthrift/0.13.0/libthrift-0.13.0.jar:/home/user/.m2/repository/com/squareup/okhttp3/okhttp/4.2.2/okhttp-4.2.2.jar:/home/user/.m2/repository/com/squareup/okio/okio/2.2.2/okio-2.2.2.jar:/home/user/.m2/repository/org/jetbrains/kotlin/kotlin-stdlib/1.3.50/kotlin-stdlib-1.3.50.jar:/home/user/.m2/repository/org/jetbrains/kotlin/kotlin-stdlib-common/1.3.50/kotlin-stdlib-common-1.3.50.jar:/home/user/.m2/repository/org/jetbrains/annotations/13.0/annotations-13.0.jar:/home/user/.m2/repository/io/jaegertracing/jaeger-core/1.2.0/jaeger-core-1.2.0.jar:/home/user/.m2/repository/io/jaegertracing/jaeger-tracerresolver/1.2.0/jaeger-tracerresolver-1.2.0.jar:/home/user/.m2/repository/io/opentracing/contrib/opentracing-tracerresolver/0.1.8/opentracing-tracerresolver-0.1.8.jar:/home/user/.m2/repository/io/opentracing/opentracing-util/0.33.0/opentracing-util-0.33.0.jar:/home/user/.m2/repository/io/opentracing/opentracing-api/0.33.0/opentracing-api-0.33.0.jar:/home/user/.m2/repository/io/opentracing/opentracing-noop/0.33.0/opentracing-noop-0.33.0.jar:/home/user/.m2/repository/org/apache/hadoop/hadoop-hdds-client/1.1.0-SNAPSHOT/hadoop-hdds-client-1.1.0-SNAPSHOT.jar:/home/user/.m2/repository/org/apache/hadoop/hadoop-ozone-interface-client/1.1.0-SNAPSHOT/hadoop-ozone-interface-client-1.1.0-SNAPSHOT.jar:/home/user/.m2/repository/org/apache/hadoop/hadoop-hdds-test-utils/1.1.0-SNAPSHOT/hadoop-hdds-test-utils-1.1.0-SNAPSHOT.jar:/home/user/.m2/repository/com/google/guava/guava/28.2-jre/guava-28.2-jre.jar:/home/user/.m2/repository/com/google/guava/failureaccess/1.0.1/failureaccess-1.0.1.jar:/home/user/.m2/repository/com/google/guava/listenablefuture/9999.0-empty-to-avoid-conflict-with-guava/listenablefuture-9999.0-empty-to-avoid-conflict-with-guava.jar:/home/user/.m2/repository/com/google/code/findbugs/jsr305/3.0.0/jsr305-3.0.0.jar:/home/user/.m2/repository/org/checkerframework/checker-qual/2.10.0/checker-qual-2.10.0.jar:/home/user/.m2/repository/com/google/errorprone/error_prone_annotations/2.2.0/error_prone_annotations-2.2.0.jar:/home/user/.m2/repository/com/google/j2objc/j2objc-annotations/1.3/j2objc-annotations-1.3.jar:/home/user/.m2/repository/commons-io/commons-io/2.5/commons-io-2.5.jar:/home/user/.m2/repository/commons-logging/commons-logging/1.2/commons-logging-1.2.jar:/home/user/.m2/repository/log4j/log4j/1.2.17/log4j-1.2.17.jar:/home/user/.m2/repository/org/slf4j/slf4j-api/1.7.25/slf4j-api-1.7.25.jar:/home/user/.m2/repository/org/apache/hadoop/hadoop-hdds-server-scm/1.1.0-SNAPSHOT/hadoop-hdds-server-scm-1.1.0-SNAPSHOT.jar:/home/user/.m2/repository/org/apache/hadoop/hadoop-hdds-container-service/1.1.0-SNAPSHOT/hadoop-hdds-container-service-1.1.0-SNAPSHOT.jar:/home/user/.m2/repository/org/apache/hadoop/hadoop-hdds-hadoop-dependency-server/1.1.0-SNAPSHOT/hadoop-hdds-hadoop-dependency-server-1.1.0-SNAPSHOT.jar:/home/user/.m2/repository/org/apache/hadoop/hadoop-hdds-server-framework/1.1.0-SNAPSHOT/hadoop-hdds-server-framework-1.1.0-SNAPSHOT.jar:/home/user/.m2/repository/org/apache/hadoop/hadoop-hdds-interface-server/1.1.0-SNAPSHOT/hadoop-hdds-interface-server-1.1.0-SNAPSHOT.jar:/home/user/.m2/repository/org/apache/hadoop/hadoop-hdds-interface-admin/1.1.0-SNAPSHOT/hadoop-hdds-interface-admin-1.1.0-SNAPSHOT.jar:/home/user/.m2/repository/org/rocksdb/rocksdbjni/6.8.1/rocksdbjni-6.8.1.jar:/home/user/.m2/repository/io/prometheus/simpleclient_dropwizard/0.7.0/simpleclient_dropwizard-0.7.0.jar:/home/user/.m2/repository/io/prometheus/simpleclient/0.7.0/simpleclient-0.7.0.jar:/home/user/.m2/repository/io/prometheus/simpleclient_common/0.7.0/simpleclient_common-0.7.0.jar:/home/user/.m2/repository/com/fasterxml/jackson/datatype/jackson-datatype-jsr310/2.10.3/jackson-datatype-jsr310-2.10.3.jar:/home/user/.m2/repository/io/dropwizard/metrics/metrics-core/3.2.4/metrics-core-3.2.4.jar:/home/user/.m2/repository/org/apache/hadoop/hadoop-hdfs-client/3.2.1/hadoop-hdfs-client-3.2.1.jar:/home/user/.m2/repository/org/bouncycastle/bcprov-jdk15on/1.60/bcprov-jdk15on-1.60.jar:/home/user/.m2/repository/org/apache/hadoop/hadoop-ozone-ozone-manager/1.1.0-SNAPSHOT/hadoop-ozone-ozone-manager-1.1.0-SNAPSHOT.jar:/home/user/.m2/repository/org/apache/hadoop/hadoop-hdds-interface-client/1.1.0-SNAPSHOT/hadoop-hdds-interface-client-1.1.0-SNAPSHOT.jar:/home/user/.m2/repository/org/apache/ratis/ratis-thirdparty-misc/0.6.0-SNAPSHOT/ratis-thirdparty-misc-0.6.0-SNAPSHOT.jar:/home/user/.m2/repository/org/apache/hadoop/hadoop-ozone-interface-storage/1.1.0-SNAPSHOT/hadoop-ozone-interface-storage-1.1.0-SNAPSHOT.jar:/home/user/.m2/repository/org/apache/hadoop/hadoop-minikdc/3.2.1/hadoop-minikdc-3.2.1.jar:/home/user/.m2/repository/org/apache/kerby/kerb-simplekdc/1.0.1/kerb-simplekdc-1.0.1.jar:/home/user/.m2/repository/org/apache/kerby/kerb-client/1.0.1/kerb-client-1.0.1.jar:/home/user/.m2/repository/org/apache/kerby/kerby-config/1.0.1/kerby-config-1.0.1.jar:/home/user/.m2/repository/org/apache/kerby/kerb-core/1.0.1/kerb-core-1.0.1.jar:/home/user/.m2/repository/org/apache/kerby/kerby-pkix/1.0.1/kerby-pkix-1.0.1.jar:/home/user/.m2/repository/org/apache/kerby/kerby-asn1/1.0.1/kerby-asn1-1.0.1.jar:/home/user/.m2/repository/org/apache/kerby/kerby-util/1.0.1/kerby-util-1.0.1.jar:/home/user/.m2/repository/org/apache/kerby/kerb-common/1.0.1/kerb-common-1.0.1.jar:/home/user/.m2/repository/org/apache/kerby/kerb-crypto/1.0.1/kerb-crypto-1.0.1.jar:/home/user/.m2/repository/org/apache/kerby/kerb-util/1.0.1/kerb-util-1.0.1.jar:/home/user/.m2/repository/org/apache/kerby/token-provider/1.0.1/token-provider-1.0.1.jar:/home/user/.m2/repository/org/apache/kerby/kerb-admin/1.0.1/kerb-admin-1.0.1.jar:/home/user/.m2/repository/org/apache/kerby/kerb-server/1.0.1/kerb-server-1.0.1.jar:/home/user/.m2/repository/org/apache/kerby/kerb-identity/1.0.1/kerb-identity-1.0.1.jar:/home/user/.m2/repository/org/apache/kerby/kerby-xdr/1.0.1/kerby-xdr-1.0.1.jar:/home/user/.m2/repository/org/slf4j/slf4j-log4j12/1.7.25/slf4j-log4j12-1.7.25.jar:/home/user/.m2/repository/org/apache/hadoop/hadoop-ozone-s3gateway/1.1.0-SNAPSHOT/hadoop-ozone-s3gateway-1.1.0-SNAPSHOT.jar:/home/user/.m2/repository/org/jboss/weld/servlet/weld-servlet/2.4.7.Final/weld-servlet-2.4.7.Final.jar:/home/user/.m2/repository/org/glassfish/jersey/containers/jersey-container-servlet-core/2.27/jersey-container-servlet-core-2.27.jar:/home/user/.m2/repository/org/glassfish/hk2/external/javax.inject/2.5.0-b42/javax.inject-2.5.0-b42.jar:/home/user/.m2/repository/org/glassfish/jersey/core/jersey-common/2.27/jersey-common-2.27.jar:/home/user/.m2/repository/org/glassfish/hk2/osgi-resource-locator/1.0.1/osgi-resource-locator-1.0.1.jar:/home/user/.m2/repository/javax/ws/rs/javax.ws.rs-api/2.1/javax.ws.rs-api-2.1.jar:/home/user/.m2/repository/org/glassfish/jersey/ext/cdi/jersey-cdi1x/2.27/jersey-cdi1x-2.27.jar:/home/user/.m2/repository/org/glassfish/jersey/inject/jersey-hk2/2.27/jersey-hk2-2.27.jar:/home/user/.m2/repository/org/glassfish/hk2/hk2-locator/2.5.0-b42/hk2-locator-2.5.0-b42.jar:/home/user/.m2/repository/org/javassist/javassist/3.22.0-CR2/javassist-3.22.0-CR2.jar:/home/user/.m2/repository/org/glassfish/hk2/hk2-api/2.5.0/hk2-api-2.5.0.jar:/home/user/.m2/repository/org/glassfish/hk2/external/jakarta.inject/2.5.0/jakarta.inject-2.5.0.jar:/home/user/.m2/repository/org/glassfish/hk2/hk2-utils/2.5.0/hk2-utils-2.5.0.jar:/home/user/.m2/repository/jakarta/annotation/jakarta.annotation-api/1.3.4/jakarta.annotation-api-1.3.4.jar:/home/user/.m2/repository/org/glassfish/hk2/external/aopalliance-repackaged/2.5.0/aopalliance-repackaged-2.5.0.jar:/home/user/.m2/repository/com/fasterxml/jackson/dataformat/jackson-dataformat-xml/2.10.3/jackson-dataformat-xml-2.10.3.jar:/home/user/.m2/repository/com/fasterxml/jackson/core/jackson-core/2.10.3/jackson-core-2.10.3.jar:/home/user/.m2/repository/com/fasterxml/jackson/module/jackson-module-jaxb-annotations/2.10.3/jackson-module-jaxb-annotations-2.10.3.jar:/home/user/.m2/repository/jakarta/xml/bind/jakarta.xml.bind-api/2.3.2/jakarta.xml.bind-api-2.3.2.jar:/home/user/.m2/repository/jakarta/activation/jakarta.activation-api/1.2.1/jakarta.activation-api-1.2.1.jar:/home/user/.m2/repository/org/codehaus/woodstox/stax2-api/3.1.4/stax2-api-3.1.4.jar:/home/user/.m2/repository/com/fasterxml/woodstox/woodstox-core/5.0.3/woodstox-core-5.0.3.jar:/home/user/.m2/repository/javax/enterprise/cdi-api/1.2/cdi-api-1.2.jar:/home/user/.m2/repository/javax/el/javax.el-api/3.0.0/javax.el-api-3.0.0.jar:/home/user/.m2/repository/javax/interceptor/javax.interceptor-api/1.2/javax.interceptor-api-1.2.jar:/home/user/.m2/repository/javax/inject/javax.inject/1/javax.inject-1.jar:/home/user/.m2/repository/com/sun/xml/bind/jaxb-impl/2.3.0.1/jaxb-impl-2.3.0.1.jar:/home/user/.m2/repository/com/sun/xml/bind/jaxb-core/2.3.0.1/jaxb-core-2.3.0.1.jar:/home/user/.m2/repository/javax/xml/bind/jaxb-api/2.3.0/jaxb-api-2.3.0.jar:/home/user/.m2/repository/javax/activation/activation/1.1.1/activation-1.1.1.jar:/home/user/.m2/repository/org/apache/hadoop/hadoop-ozone-csi/1.1.0-SNAPSHOT/hadoop-ozone-csi-1.1.0-SNAPSHOT.jar:/home/user/.m2/repository/com/google/protobuf/protobuf-java-util/3.11.0/protobuf-java-util-3.11.0.jar:/home/user/.m2/repository/com/google/code/gson/gson/2.2.4/gson-2.2.4.jar:/home/user/.m2/repository/org/apache/hadoop/hadoop-hdds-config/1.1.0-SNAPSHOT/hadoop-hdds-config-1.1.0-SNAPSHOT.jar:/home/user/.m2/repository/com/google/protobuf/protobuf-java/2.5.0/protobuf-java-2.5.0.jar:/home/user/.m2/repository/io/grpc/grpc-netty/1.29.0/grpc-netty-1.29.0.jar:/home/user/.m2/repository/io/grpc/grpc-core/1.29.0/grpc-core-1.29.0.jar:/home/user/.m2/repository/com/google/android/annotations/4.1.1.4/annotations-4.1.1.4.jar:/home/user/.m2/repository/io/perfmark/perfmark-api/0.19.0/perfmark-api-0.19.0.jar:/home/user/.m2/repository/io/netty/netty-codec-http2/4.1.48.Final/netty-codec-http2-4.1.48.Final.jar:/home/user/.m2/repository/io/netty/netty-codec/4.1.48.Final/netty-codec-4.1.48.Final.jar:/home/user/.m2/repository/io/netty/netty-handler/4.1.48.Final/netty-handler-4.1.48.Final.jar:/home/user/.m2/repository/io/netty/netty-codec-http/4.1.48.Final/netty-codec-http-4.1.48.Final.jar:/home/user/.m2/repository/io/netty/netty-handler-proxy/4.1.48.Final/netty-handler-proxy-4.1.48.Final.jar:/home/user/.m2/repository/io/netty/netty-codec-socks/4.1.48.Final/netty-codec-socks-4.1.48.Final.jar:/home/user/.m2/repository/io/netty/netty-transport-native-epoll/4.1.48.Final/netty-transport-native-epoll-4.1.48.Final.jar:/home/user/.m2/repository/io/netty/netty-common/4.1.48.Final/netty-common-4.1.48.Final.jar:/home/user/.m2/repository/io/netty/netty-buffer/4.1.48.Final/netty-buffer-4.1.48.Final.jar:/home/user/.m2/repository/io/netty/netty-transport/4.1.48.Final/netty-transport-4.1.48.Final.jar:/home/user/.m2/repository/io/netty/netty-resolver/4.1.48.Final/netty-resolver-4.1.48.Final.jar:/home/user/.m2/repository/io/netty/netty-transport-native-unix-common/4.1.48.Final/netty-transport-native-unix-common-4.1.48.Final.jar:/home/user/.m2/repository/io/grpc/grpc-protobuf/1.29.0/grpc-protobuf-1.29.0.jar:/home/user/.m2/repository/io/grpc/grpc-api/1.29.0/grpc-api-1.29.0.jar:/home/user/.m2/repository/io/grpc/grpc-context/1.29.0/grpc-context-1.29.0.jar:/home/user/.m2/repository/org/codehaus/mojo/animal-sniffer-annotations/1.18/animal-sniffer-annotations-1.18.jar:/home/user/.m2/repository/com/google/api/grpc/proto-google-common-protos/1.17.0/proto-google-common-protos-1.17.0.jar:/home/user/.m2/repository/io/grpc/grpc-protobuf-lite/1.29.0/grpc-protobuf-lite-1.29.0.jar:/home/user/.m2/repository/io/grpc/grpc-stub/1.29.0/grpc-stub-1.29.0.jar:/home/user/.m2/repository/org/apache/hadoop/hadoop-ozone-recon/1.1.0-SNAPSHOT/hadoop-ozone-recon-1.1.0-SNAPSHOT.jar:/home/user/.m2/repository/org/apache/hadoop/hadoop-ozone-reconcodegen/1.1.0-SNAPSHOT/hadoop-ozone-reconcodegen-1.1.0-SNAPSHOT.jar:/home/user/.m2/repository/com/google/inject/extensions/guice-multibindings/4.0/guice-multibindings-4.0.jar:/home/user/.m2/repository/com/google/inject/guice/4.0/guice-4.0.jar:/home/user/.m2/repository/aopalliance/aopalliance/1.0/aopalliance-1.0.jar:/home/user/.m2/repository/com/google/inject/extensions/guice-assistedinject/4.0/guice-assistedinject-4.0.jar:/home/user/.m2/repository/com/google/inject/extensions/guice-servlet/4.0/guice-servlet-4.0.jar:/home/user/.m2/repository/org/glassfish/jersey/containers/jersey-container-servlet/2.27/jersey-container-servlet-2.27.jar:/home/user/.m2/repository/org/glassfish/hk2/guice-bridge/2.5.0/guice-bridge-2.5.0.jar:/home/user/.m2/repository/org/glassfish/jersey/core/jersey-server/2.27/jersey-server-2.27.jar:/home/user/.m2/repository/org/glassfish/jersey/core/jersey-client/2.27/jersey-client-2.27.jar:/home/user/.m2/repository/org/glassfish/jersey/media/jersey-media-jaxb/2.27/jersey-media-jaxb-2.27.jar:/home/user/.m2/repository/javax/validation/validation-api/1.1.0.Final/validation-api-1.1.0.Final.jar:/home/user/.m2/repository/org/glassfish/jersey/media/jersey-media-json-jackson/2.27/jersey-media-json-jackson-2.27.jar:/home/user/.m2/repository/org/glassfish/jersey/ext/jersey-entity-filtering/2.27/jersey-entity-filtering-2.27.jar:/home/user/.m2/repository/org/jooq/jooq/3.11.10/jooq-3.11.10.jar:/home/user/.m2/repository/org/jooq/jooq-meta/3.11.10/jooq-meta-3.11.10.jar:/home/user/.m2/repository/org/jooq/jooq-codegen/3.11.10/jooq-codegen-3.11.10.jar:/home/user/.m2/repository/com/jolbox/bonecp/0.8.0.RELEASE/bonecp-0.8.0.RELEASE.jar:/home/user/.m2/repository/org/apache/derby/derby/10.14.2.0/derby-10.14.2.0.jar:/home/user/.m2/repository/org/xerial/sqlite-jdbc/3.25.2/sqlite-jdbc-3.25.2.jar:/home/user/.m2/repository/org/springframework/spring-jdbc/5.2.5.RELEASE/spring-jdbc-5.2.5.RELEASE.jar:/home/user/.m2/repository/org/springframework/spring-beans/5.2.5.RELEASE/spring-beans-5.2.5.RELEASE.jar:/home/user/.m2/repository/org/springframework/spring-core/5.2.5.RELEASE/spring-core-5.2.5.RELEASE.jar:/home/user/.m2/repository/org/springframework/spring-jcl/5.2.5.RELEASE/spring-jcl-5.2.5.RELEASE.jar:/home/user/.m2/repository/org/springframework/spring-tx/5.2.5.RELEASE/spring-tx-5.2.5.RELEASE.jar:/home/user/.m2/repository/org/apache/hadoop/hadoop-ozone-client/1.1.0-SNAPSHOT/hadoop-ozone-client-1.1.0-SNAPSHOT.jar:/home/user/.m2/repository/org/apache/hadoop/hadoop-ozone-filesystem/1.1.0-SNAPSHOT/hadoop-ozone-filesystem-1.1.0-SNAPSHOT.jar:/home/user/.m2/repository/org/apache/hadoop/hadoop-ozone-filesystem-common/1.1.0-SNAPSHOT/hadoop-ozone-filesystem-common-1.1.0-SNAPSHOT.jar:/home/user/.m2/repository/org/apache/hadoop/hadoop-ozone-tools/1.1.0-SNAPSHOT/hadoop-ozone-tools-1.1.0-SNAPSHOT.jar:/home/user/.m2/repository/org/apache/hadoop/hadoop-hdfs/3.2.1/hadoop-hdfs-3.2.1.jar:/home/user/.m2/repository/org/apache/ratis/ratis-tools/1.1.0-11689cd-SNAPSHOT/ratis-tools-1.1.0-11689cd-SNAPSHOT.jar:/home/user/.m2/repository/org/apache/ratis/ratis-proto/1.1.0-11689cd-SNAPSHOT/ratis-proto-1.1.0-11689cd-SNAPSHOT.jar:/home/user/.m2/repository/org/apache/ratis/ratis-common/1.1.0-11689cd-SNAPSHOT/ratis-common-1.1.0-11689cd-SNAPSHOT.jar:/home/user/.m2/repository/com/amazonaws/aws-java-sdk-core/1.11.615/aws-java-sdk-core-1.11.615.jar:/home/user/.m2/repository/org/apache/httpcomponents/httpclient/4.5.2/httpclient-4.5.2.jar:/home/user/.m2/repository/org/apache/httpcomponents/httpcore/4.4.4/httpcore-4.4.4.jar:/home/user/.m2/repository/software/amazon/ion/ion-java/1.0.2/ion-java-1.0.2.jar:/home/user/.m2/repository/com/fasterxml/jackson/dataformat/jackson-dataformat-cbor/2.10.3/jackson-dataformat-cbor-2.10.3.jar:/home/user/.m2/repository/joda-time/joda-time/2.8.1/joda-time-2.8.1.jar:/home/user/.m2/repository/com/amazonaws/aws-java-sdk-s3/1.11.615/aws-java-sdk-s3-1.11.615.jar:/home/user/.m2/repository/com/amazonaws/aws-java-sdk-kms/1.11.615/aws-java-sdk-kms-1.11.615.jar:/home/user/.m2/repository/com/amazonaws/jmespath-java/1.11.615/jmespath-java-1.11.615.jar:/home/user/.m2/repository/org/kohsuke/metainf-services/metainf-services/1.8/metainf-services-1.8.jar:/home/user/.m2/repository/org/apache/hadoop/hadoop-hdds-tools/1.1.0-SNAPSHOT/hadoop-hdds-tools-1.1.0-SNAPSHOT.jar:/home/user/.m2/repository/commons-cli/commons-cli/1.2/commons-cli-1.2.jar:/home/user/.m2/repository/org/apache/commons/commons-lang3/3.7/commons-lang3-3.7.jar:/home/user/.m2/repository/org/apache/hadoop/hadoop-ozone-ozone-manager/1.1.0-SNAPSHOT/hadoop-ozone-ozone-manager-1.1.0-SNAPSHOT-tests.jar:/home/user/.m2/repository/junit/junit/4.11/junit-4.11.jar:/home/user/.m2/repository/org/hamcrest/hamcrest-core/1.3/hamcrest-core-1.3.jar:/home/user/.m2/repository/org/openjdk/jmh/jmh-core/1.19/jmh-core-1.19.jar:/home/user/.m2/repository/net/sf/jopt-simple/jopt-simple/4.6/jopt-simple-4.6.jar:/home/user/.m2/repository/org/apache/commons/commons-math3/3.1.1/commons-math3-3.1.1.jar:/home/user/.m2/repository/org/openjdk/jmh/jmh-generator-annprocess/1.19/jmh-generator-annprocess-1.19.jar:/home/user/.m2/repository/org/mockito/mockito-all/1.8.5/mockito-all-1.8.5.jar:/home/user/.m2/repository/org/apache/hadoop/hadoop-kms/3.2.1/hadoop-kms-3.2.1.jar:/home/user/.m2/repository/org/apache/hadoop/hadoop-auth/3.2.1/hadoop-auth-3.2.1.jar:/home/user/.m2/repository/com/nimbusds/nimbus-jose-jwt/7.9/nimbus-jose-jwt-7.9.jar:/home/user/.m2/repository/com/github/stephenc/jcip/jcip-annotations/1.0-1/jcip-annotations-1.0-1.jar:/home/user/.m2/repository/net/minidev/json-smart/2.3/json-smart-2.3.jar:/home/user/.m2/repository/net/minidev/accessors-smart/1.2/accessors-smart-1.2.jar:/home/user/.m2/repository/org/ow2/asm/asm/5.0.4/asm-5.0.4.jar:/home/user/.m2/repository/org/apache/zookeeper/zookeeper/3.4.13/zookeeper-3.4.13.jar:/home/user/.m2/repository/org/apache/yetus/audience-annotations/0.5.0/audience-annotations-0.5.0.jar:/home/user/.m2/repository/org/apache/curator/curator-framework/2.13.0/curator-framework-2.13.0.jar:/home/user/.m2/repository/com/sun/jersey/jersey-core/1.19/jersey-core-1.19.jar:/home/user/.m2/repository/javax/ws/rs/jsr311-api/1.1.1/jsr311-api-1.1.1.jar:/home/user/.m2/repository/com/sun/jersey/jersey-server/1.19/jersey-server-1.19.jar:/home/user/.m2/repository/javax/servlet/javax.servlet-api/3.1.0/javax.servlet-api-3.1.0.jar:/home/user/.m2/repository/org/eclipse/jetty/jetty-server/9.4.26.v20200117/jetty-server-9.4.26.v20200117.jar:/home/user/.m2/repository/org/eclipse/jetty/jetty-http/9.4.26.v20200117/jetty-http-9.4.26.v20200117.jar:/home/user/.m2/repository/org/eclipse/jetty/jetty-io/9.4.26.v20200117/jetty-io-9.4.26.v20200117.jar:/home/user/.m2/repository/org/eclipse/jetty/jetty-webapp/9.4.26.v20200117/jetty-webapp-9.4.26.v20200117.jar:/home/user/.m2/repository/org/eclipse/jetty/jetty-xml/9.4.26.v20200117/jetty-xml-9.4.26.v20200117.jar:/home/user/.m2/repository/org/eclipse/jetty/jetty-servlet/9.4.26.v20200117/jetty-servlet-9.4.26.v20200117.jar:/home/user/.m2/repository/org/eclipse/jetty/jetty-security/9.4.26.v20200117/jetty-security-9.4.26.v20200117.jar:/home/user/.m2/repository/org/apache/hadoop/hadoop-common/3.2.1/hadoop-common-3.2.1.jar:/home/user/.m2/repository/commons-net/commons-net/3.6/commons-net-3.6.jar:/home/user/.m2/repository/commons-collections/commons-collections/3.2.2/commons-collections-3.2.2.jar:/home/user/.m2/repository/com/sun/jersey/jersey-servlet/1.19/jersey-servlet-1.19.jar:/home/user/.m2/repository/com/sun/jersey/jersey-json/1.19/jersey-json-1.19.jar:/home/user/.m2/repository/org/codehaus/jettison/jettison/1.1/jettison-1.1.jar:/home/user/.m2/repository/org/codehaus/jackson/jackson-jaxrs/1.9.2/jackson-jaxrs-1.9.2.jar:/home/user/.m2/repository/org/codehaus/jackson/jackson-xc/1.9.2/jackson-xc-1.9.2.jar:/home/user/.m2/repository/commons-beanutils/commons-beanutils/1.9.4/commons-beanutils-1.9.4.jar:/home/user/.m2/repository/org/apache/commons/commons-configuration2/2.1.1/commons-configuration2-2.1.1.jar:/home/user/.m2/repository/org/apache/commons/commons-text/1.4/commons-text-1.4.jar:/home/user/.m2/repository/com/google/re2j/re2j/1.1/re2j-1.1.jar:/home/user/.m2/repository/com/jcraft/jsch/0.1.54/jsch-0.1.54.jar:/home/user/.m2/repository/org/apache/curator/curator-client/2.13.0/curator-client-2.13.0.jar:/home/user/.m2/repository/org/apache/curator/curator-recipes/2.13.0/curator-recipes-2.13.0.jar:/home/user/.m2/repository/dnsjava/dnsjava/2.1.7/dnsjava-2.1.7.jar:/home/user/.m2/repository/org/slf4j/jul-to-slf4j/1.7.25/jul-to-slf4j-1.7.25.jar:/home/user/.m2/repository/org/eclipse/jetty/jetty-util/9.4.26.v20200117/jetty-util-9.4.26.v20200117.jar:/home/user/.m2/repository/com/fasterxml/jackson/core/jackson-databind/2.10.3/jackson-databind-2.10.3.jar:/home/user/.m2/repository/org/apache/hadoop/hadoop-kms/3.2.1/hadoop-kms-3.2.1-tests.jar:/home/user/.m2/repository/org/apache/hadoop/hadoop-hdds-server-scm/1.1.0-SNAPSHOT/hadoop-hdds-server-scm-1.1.0-SNAPSHOT-tests.jar:/home/user/.m2/repository/org/apache/hadoop/hadoop-hdds-container-service/1.1.0-SNAPSHOT/hadoop-hdds-container-service-1.1.0-SNAPSHOT-tests.jar:/home/user/.m2/repository/org/apache/hadoop/hadoop-hdds-common/1.1.0-SNAPSHOT/hadoop-hdds-common-1.1.0-SNAPSHOT-tests.jar:/home/user/.m2/repository/org/yaml/snakeyaml/1.16/snakeyaml-1.16.jar:/home/user/.m2/repository/org/apache/hadoop/hadoop-hdds-hadoop-dependency-test/1.1.0-SNAPSHOT/hadoop-hdds-hadoop-dependency-test-1.1.0-SNAPSHOT.jar:/home/user/.m2/repository/org/apache/hadoop/hadoop-common/3.2.1/hadoop-common-3.2.1-tests.jar:/home/user/.m2/repository/javax/servlet/jsp/jsp-api/2.1/jsp-api-2.1.jar:/home/user/.m2/repository/org/apache/hadoop/hadoop-hdfs/3.2.1/hadoop-hdfs-3.2.1-tests.jar:/home/user/.m2/repository/org/eclipse/jetty/jetty-util-ajax/9.4.26.v20200117/jetty-util-ajax-9.4.26.v20200117.jar:/home/user/.m2/repository/commons-codec/commons-codec/1.11/commons-codec-1.11.jar:/home/user/.m2/repository/commons-daemon/commons-daemon/1.0.13/commons-daemon-1.0.13.jar:/home/user/.m2/repository/io/netty/netty/3.10.5.Final/netty-3.10.5.Final.jar:/home/user/.m2/repository/io/netty/netty-all/4.1.48.Final/netty-all-4.1.48.Final.jar:/home/user/.m2/repository/org/apache/htrace/htrace-core4/4.1.0-incubating/htrace-core4-4.1.0-incubating.jar:/home/user/.m2/repository/org/fusesource/leveldbjni/leveldbjni-all/1.8/leveldbjni-all-1.8.jar:/home/user/.m2/repository/org/apache/hadoop/hadoop-distcp/3.2.1/hadoop-distcp-3.2.1.jar:/home/user/.m2/repository/org/apache/hadoop/hadoop-mapreduce-client-jobclient/3.2.1/hadoop-mapreduce-client-jobclient-3.2.1.jar:/home/user/.m2/repository/org/apache/hadoop/hadoop-mapreduce-client-common/3.2.1/hadoop-mapreduce-client-common-3.2.1.jar:/home/user/.m2/repository/org/apache/hadoop/hadoop-yarn-common/3.2.1/hadoop-yarn-common-3.2.1.jar:/home/user/.m2/repository/org/apache/hadoop/hadoop-yarn-api/3.2.1/hadoop-yarn-api-3.2.1.jar:/home/user/.m2/repository/com/sun/jersey/jersey-client/1.19/jersey-client-1.19.jar:/home/user/.m2/repository/com/sun/jersey/contribs/jersey-guice/1.19/jersey-guice-1.19.jar:/home/user/.m2/repository/com/fasterxml/jackson/jaxrs/jackson-jaxrs-json-provider/2.10.3/jackson-jaxrs-json-provider-2.10.3.jar:/home/user/.m2/repository/com/fasterxml/jackson/jaxrs/jackson-jaxrs-base/2.10.3/jackson-jaxrs-base-2.10.3.jar:/home/user/.m2/repository/org/apache/hadoop/hadoop-yarn-client/3.2.1/hadoop-yarn-client-3.2.1.jar:/home/user/.m2/repository/org/apache/hadoop/hadoop-mapreduce-client-core/3.2.1/hadoop-mapreduce-client-core-3.2.1.jar:/home/user/.m2/repository/org/apache/avro/avro/1.7.7/avro-1.7.7.jar:/home/user/.m2/repository/org/codehaus/jackson/jackson-core-asl/1.9.13/jackson-core-asl-1.9.13.jar:/home/user/.m2/repository/org/codehaus/jackson/jackson-mapper-asl/1.9.13/jackson-mapper-asl-1.9.13.jar:/home/user/.m2/repository/com/thoughtworks/paranamer/paranamer/2.3/paranamer-2.3.jar:/home/user/.m2/repository/org/xerial/snappy/snappy-java/1.0.5/snappy-java-1.0.5.jar:/home/user/.m2/repository/org/apache/hadoop/hadoop-annotations/3.2.1/hadoop-annotations-3.2.1.jar:/usr/lib/jvm/java-1.8.0-openjdk-1.8.0.232.b09-0.el7_7.x86_64/jre/../lib/tools.jar:/home/user/.m2/repository/org/apache/hadoop/hadoop-distcp/3.2.1/hadoop-distcp-3.2.1-tests.jar:"/>
    <property name="sun.cpu.endian" value="little"/>
    <property name="user.home" value="/home/user"/>
    <property name="user.language" value="en"/>
    <property name="java.specification.vendor" value="Oracle Corporation"/>
    <property name="java.home" value="/usr/lib/jvm/java-1.8.0-openjdk-1.8.0.232.b09-0.el7_7.x86_64/jre"/>
    <property name="java.security.krb5.conf" value="/github/workspace/mnt/ozone/hadoop-ozone/integration-test/target/test-classes/krb5.conf"/>
    <property name="basedir" value="/github/workspace/mnt/ozone/hadoop-ozone/integration-test"/>
    <property name="file.separator" value="/"/>
    <property name="line.separator" value="&#10;"/>
    <property name="java.vm.specification.vendor" value="Oracle Corporation"/>
    <property name="java.specification.name" value="Java Platform API Specification"/>
    <property name="java.awt.graphicsenv" value="sun.awt.X11GraphicsEnvironment"/>
    <property name="skip.installnpx" value="true"/>
    <property name="surefire.real.class.path" value="/github/workspace/mnt/ozone/hadoop-ozone/integration-test/target/surefire/surefirebooter251584214016627443.jar:/home/user/.m2/repository/org/jacoco/org.jacoco.agent/0.8.5/org.jacoco.agent-0.8.5-runtime.jar"/>
    <property name="hadoop.log.dir" value="/github/workspace/mnt/ozone/hadoop-ozone/integration-test/target/log"/>
    <property name="sun.boot.class.path" value="/usr/lib/jvm/java-1.8.0-openjdk-1.8.0.232.b09-0.el7_7.x86_64/jre/lib/resources.jar:/usr/lib/jvm/java-1.8.0-openjdk-1.8.0.232.b09-0.el7_7.x86_64/jre/lib/rt.jar:/usr/lib/jvm/java-1.8.0-openjdk-1.8.0.232.b09-0.el7_7.x86_64/jre/lib/sunrsasign.jar:/usr/lib/jvm/java-1.8.0-openjdk-1.8.0.232.b09-0.el7_7.x86_64/jre/lib/jsse.jar:/usr/lib/jvm/java-1.8.0-openjdk-1.8.0.232.b09-0.el7_7.x86_64/jre/lib/jce.jar:/usr/lib/jvm/java-1.8.0-openjdk-1.8.0.232.b09-0.el7_7.x86_64/jre/lib/charsets.jar:/usr/lib/jvm/java-1.8.0-openjdk-1.8.0.232.b09-0.el7_7.x86_64/jre/lib/jfr.jar:/usr/lib/jvm/java-1.8.0-openjdk-1.8.0.232.b09-0.el7_7.x86_64/jre/classes"/>
    <property name="sun.management.compiler" value="HotSpot 64-Bit Tiered Compilers"/>
    <property name="skip.npx" value="true"/>
    <property name="java.runtime.version" value="1.8.0_232-b09"/>
    <property name="java.net.preferIPv4Stack" value="true"/>
    <property name="user.name" value="jenkins1001"/>
    <property name="path.separator" value=":"/>
    <property name="java.security.egd" value="file:///dev/urandom"/>
    <property name="os.version" value="5.4.0-1031-azure"/>
    <property name="java.endorsed.dirs" value="/usr/lib/jvm/java-1.8.0-openjdk-1.8.0.232.b09-0.el7_7.x86_64/jre/lib/endorsed"/>
    <property name="java.runtime.name" value="OpenJDK Runtime Environment"/>
    <property name="file.encoding" value="ANSI_X3.4-1968"/>
    <property name="java.vm.name" value="OpenJDK 64-Bit Server VM"/>
    <property name="test.build.webapps" value=""/>
    <property name="localRepository" value="/home/user/.m2/repository"/>
    <property name="java.vendor.url.bug" value="http://bugreport.sun.com/bugreport/"/>
    <property name="java.io.tmpdir" value="/tmp"/>
    <property name="require.test.libhadoop" value=""/>
    <property name="java.version" value="1.8.0_232"/>
    <property name="user.dir" value="/github/workspace/mnt/ozone/hadoop-ozone/integration-test"/>
    <property name="os.arch" value="amd64"/>
    <property name="java.vm.specification.name" value="Java Virtual Machine Specification"/>
    <property name="test.build.classes" value="/github/workspace/mnt/ozone/hadoop-ozone/integration-test/target/test-classes"/>
    <property name="java.awt.printerjob" value="sun.print.PSPrinterJob"/>
    <property name="sun.os.patch.level" value="unknown"/>
    <property name="hadoop.tmp.dir" value="/github/workspace/mnt/ozone/hadoop-ozone/integration-test/target/tmp"/>
    <property name="java.library.path" value="/usr/lib:/usr/java/packages/lib/amd64:/usr/lib64:/lib64:/lib:/usr/lib"/>
    <property name="java.vm.info" value="mixed mode"/>
    <property name="java.vendor" value="Oracle Corporation"/>
    <property name="java.vm.version" value="25.232-b09"/>
    <property name="java.ext.dirs" value="/usr/lib/jvm/java-1.8.0-openjdk-1.8.0.232.b09-0.el7_7.x86_64/jre/lib/ext:/usr/java/packages/lib/ext"/>
    <property name="sun.io.unicode.encoding" value="UnicodeLittle"/>
    <property name="java.class.version" value="52.0"/>
  </properties>
  <testcase name="testOMRetryCache" classname="org.apache.hadoop.ozone.om.TestOzoneManagerHAMetadataOnly" time="29.754">
    <failure type="java.lang.AssertionError">java.lang.AssertionError
	at org.junit.Assert.fail(Assert.java:86)
	at org.junit.Assert.assertTrue(Assert.java:41)
	at org.junit.Assert.assertFalse(Assert.java:64)
	at org.junit.Assert.assertFalse(Assert.java:74)
	at org.apache.hadoop.ozone.om.TestOzoneManagerHAMetadataOnly.testOMRetryCache(TestOzoneManagerHAMetadataOnly.java:422)
	at sun.reflect.NativeMethodAccessorImpl.invoke0(Native Method)
	at sun.reflect.NativeMethodAccessorImpl.invoke(NativeMethodAccessorImpl.java:62)
	at sun.reflect.DelegatingMethodAccessorImpl.invoke(DelegatingMethodAccessorImpl.java:43)
	at java.lang.reflect.Method.invoke(Method.java:498)
	at org.junit.runners.model.FrameworkMethod$1.runReflectiveCall(FrameworkMethod.java:47)
	at org.junit.internal.runners.model.ReflectiveCallable.run(ReflectiveCallable.java:12)
	at org.junit.runners.model.FrameworkMethod.invokeExplosively(FrameworkMethod.java:44)
	at org.junit.internal.runners.statements.InvokeMethod.evaluate(InvokeMethod.java:17)
	at org.junit.internal.runners.statements.RunBefores.evaluate(RunBefores.java:26)
	at org.junit.internal.runners.statements.RunAfters.evaluate(RunAfters.java:27)
	at org.junit.rules.ExpectedException$ExpectedExceptionStatement.evaluate(ExpectedException.java:168)
	at org.junit.internal.runners.statements.FailOnTimeout$StatementThread.run(FailOnTimeout.java:74)
</failure>
    <system-out><![CDATA[2020-10-23 13:17:57,487 [Thread-1] WARN  server.ServerUtils (ServerUtils.java:getScmDbDir(148)) - ozone.scm.db.dirs is not configured. We recommend adding this setting. Falling back to ozone.metadata.dirs instead.
2020-10-23 13:17:57,594 [Thread-1] WARN  server.ServerUtils (ServerUtils.java:getScmDbDir(148)) - ozone.scm.db.dirs is not configured. We recommend adding this setting. Falling back to ozone.metadata.dirs instead.
2020-10-23 13:17:57,743 [Thread-1] WARN  db.DBStoreBuilder (DBStoreBuilder.java:createDBStoreBuilder(283)) - ozone.scm.db.dirs is not configured. We recommend adding this setting. Falling back to ozone.metadata.dirs instead.
2020-10-23 13:17:57,922 [Thread-1] INFO  net.NodeSchemaLoader (NodeSchemaLoader.java:loadSchemaFromFile(126)) - Loading file from sun.misc.CompoundEnumeration@36e4b693
2020-10-23 13:17:57,923 [Thread-1] INFO  net.NodeSchemaLoader (NodeSchemaLoader.java:loadSchema(172)) - Loading network topology layer schema file
2020-10-23 13:17:58,013 [Thread-1] WARN  server.ServerUtils (ServerUtils.java:sanitizeUserArgs(73)) - ozone.scm.stale.node.interval value = 300000 is larger than max = 100000 based on the key value of ozone.scm.heartbeat.thread.interval, reset to the max value 100000.
2020-10-23 13:17:58,014 [Thread-1] WARN  server.ServerUtils (ServerUtils.java:sanitizeUserArgs(73)) - ozone.scm.stale.node.interval value = 300000 is larger than max = 100000 based on the key value of ozone.scm.heartbeat.thread.interval, reset to the max value 100000.
2020-10-23 13:17:58,021 [Thread-1] INFO  node.SCMNodeManager (SCMNodeManager.java:<init>(120)) - Entering startup safe mode.
2020-10-23 13:17:58,176 [Thread-1] INFO  algorithms.ContainerPlacementPolicyFactory (ContainerPlacementPolicyFactory.java:getPolicy(60)) - Create container placement policy of type org.apache.hadoop.hdds.scm.container.placement.algorithms.SCMContainerPlacementRandom
2020-10-23 13:17:58,216 [Thread-1] INFO  algorithms.LeaderChoosePolicyFactory (LeaderChoosePolicyFactory.java:getPolicy(57)) - Create leader choose policy of type org.apache.hadoop.hdds.scm.pipeline.leader.choose.algorithms.DefaultLeaderChoosePolicy
2020-10-23 13:17:58,217 [Thread-1] INFO  pipeline.SCMPipelineManager (SCMPipelineManager.java:initializePipelineState(161)) - No pipeline exists in current db
2020-10-23 13:17:58,249 [Thread-1] INFO  algorithms.PipelineChoosePolicyFactory (PipelineChoosePolicyFactory.java:createPipelineChoosePolicyFromClass(75)) - Create pipeline choose policy of type org.apache.hadoop.hdds.scm.pipeline.choose.algorithms.RandomPipelineChoosePolicy
2020-10-23 13:17:58,326 [Thread-1] INFO  safemode.HealthyPipelineSafeModeRule (HealthyPipelineSafeModeRule.java:<init>(89)) - Total pipeline count is 0, healthy pipeline threshold count is 0
2020-10-23 13:17:58,331 [Thread-1] INFO  safemode.OneReplicaPipelineSafeModeRule (OneReplicaPipelineSafeModeRule.java:<init>(79)) - Total pipeline count is 0, pipeline's with at least one datanode reported threshold count is 0
2020-10-23 13:17:58,784 [Thread-1] INFO  ipc.CallQueueManager (CallQueueManager.java:<init>(84)) - Using callQueue: class java.util.concurrent.LinkedBlockingQueue, queueCapacity: 2000, scheduler: class org.apache.hadoop.ipc.DefaultRpcScheduler, ipcBackoff: false.
2020-10-23 13:17:58,809 [Socket Reader #1 for port 0] INFO  ipc.Server (Server.java:run(1219)) - Starting Socket Reader #1 for port 0
2020-10-23 13:17:58,840 [Listener at 0.0.0.0/35701] INFO  ipc.CallQueueManager (CallQueueManager.java:<init>(84)) - Using callQueue: class java.util.concurrent.LinkedBlockingQueue, queueCapacity: 2000, scheduler: class org.apache.hadoop.ipc.DefaultRpcScheduler, ipcBackoff: false.
2020-10-23 13:17:58,843 [Socket Reader #1 for port 0] INFO  ipc.Server (Server.java:run(1219)) - Starting Socket Reader #1 for port 0
2020-10-23 13:17:58,858 [Listener at 0.0.0.0/46789] INFO  ipc.CallQueueManager (CallQueueManager.java:<init>(84)) - Using callQueue: class java.util.concurrent.LinkedBlockingQueue, queueCapacity: 2000, scheduler: class org.apache.hadoop.ipc.DefaultRpcScheduler, ipcBackoff: false.
2020-10-23 13:17:58,859 [Socket Reader #1 for port 0] INFO  ipc.Server (Server.java:run(1219)) - Starting Socket Reader #1 for port 0
2020-10-23 13:17:58,880 [Listener at 0.0.0.0/42695] INFO  http.BaseHttpServer (BaseHttpServer.java:newHttpServer2BuilderForOzone(207)) - Starting Web-server for scm at: http://0.0.0.0:0
2020-10-23 13:17:58,880 [Listener at 0.0.0.0/42695] INFO  http.BaseHttpServer (BaseHttpServer.java:<init>(106)) - Hadoop Security Enabled: false Ozone Security Enabled: false Ozone HTTP Security Enabled: false 
2020-10-23 13:17:58,910 [Listener at 0.0.0.0/42695] INFO  util.log (Log.java:initialized(169)) - Logging initialized @2610ms to org.eclipse.jetty.util.log.Slf4jLog
2020-10-23 13:17:59,062 [Listener at 0.0.0.0/42695] INFO  server.AuthenticationFilter (AuthenticationFilter.java:constructSecretProvider(240)) - Unable to initialize FileSignerSecretProvider, falling back to use random secrets.
2020-10-23 13:17:59,082 [Listener at 0.0.0.0/42695] WARN  http.HttpRequestLog (HttpRequestLog.java:getRequestLog(103)) - Jetty request log can only be enabled using Log4j
2020-10-23 13:17:59,089 [Listener at 0.0.0.0/42695] INFO  http.HttpServer2 (HttpServer2.java:addGlobalFilter(1019)) - Added global filter 'safety' (class=org.apache.hadoop.hdds.server.http.HttpServer2$QuotingInputFilter)
2020-10-23 13:17:59,093 [Listener at 0.0.0.0/42695] INFO  http.HttpServer2 (HttpServer2.java:addFilter(995)) - Added filter static_user_filter (class=org.apache.hadoop.http.lib.StaticUserWebFilter$StaticUserFilter) to context scm
2020-10-23 13:17:59,093 [Listener at 0.0.0.0/42695] INFO  http.HttpServer2 (HttpServer2.java:addFilter(1003)) - Added filter static_user_filter (class=org.apache.hadoop.http.lib.StaticUserWebFilter$StaticUserFilter) to context logs
2020-10-23 13:17:59,093 [Listener at 0.0.0.0/42695] INFO  http.HttpServer2 (HttpServer2.java:addFilter(1003)) - Added filter static_user_filter (class=org.apache.hadoop.http.lib.StaticUserWebFilter$StaticUserFilter) to context static
2020-10-23 13:17:59,154 [Listener at 0.0.0.0/42695] INFO  server.StorageContainerManager (StorageContainerManager.java:start(789)) - StorageContainerLocationProtocol RPC server is listening at /0.0.0.0:42695
2020-10-23 13:17:59,210 [Listener at 0.0.0.0/42695] WARN  impl.MetricsConfig (MetricsConfig.java:loadFirst(134)) - Cannot locate configuration: tried hadoop-metrics2-storagecontainermanager.properties,hadoop-metrics2.properties
2020-10-23 13:17:59,226 [Listener at 0.0.0.0/42695] INFO  impl.MetricsSystemImpl (MetricsSystemImpl.java:startTimer(374)) - Scheduled Metric snapshot period at 10 second(s).
2020-10-23 13:17:59,227 [Listener at 0.0.0.0/42695] INFO  impl.MetricsSystemImpl (MetricsSystemImpl.java:start(191)) - StorageContainerManager metrics system started
2020-10-23 13:17:59,475 [Listener at 0.0.0.0/42695] INFO  server.SCMClientProtocolServer (SCMClientProtocolServer.java:start(156)) - RPC server for Client  is listening at /0.0.0.0:42695
2020-10-23 13:17:59,477 [IPC Server Responder] INFO  ipc.Server (Server.java:run(1460)) - IPC Server Responder: starting
2020-10-23 13:17:59,479 [IPC Server listener on 0] INFO  ipc.Server (Server.java:run(1298)) - IPC Server listener on 0: starting
2020-10-23 13:17:59,485 [Listener at 0.0.0.0/42695] INFO  server.StorageContainerManager (StorageContainerManager.java:start(801)) - ScmBlockLocationProtocol RPC server is listening at /0.0.0.0:46789
2020-10-23 13:17:59,485 [Listener at 0.0.0.0/42695] INFO  server.SCMBlockProtocolServer (SCMBlockProtocolServer.java:start(149)) - RPC server for Block Protocol is listening at /0.0.0.0:46789
2020-10-23 13:17:59,486 [IPC Server Responder] INFO  ipc.Server (Server.java:run(1460)) - IPC Server Responder: starting
2020-10-23 13:17:59,486 [IPC Server listener on 0] INFO  ipc.Server (Server.java:run(1298)) - IPC Server listener on 0: starting
2020-10-23 13:17:59,490 [Listener at 0.0.0.0/42695] INFO  server.StorageContainerManager (StorageContainerManager.java:start(807)) - ScmDatanodeProtocl RPC server is listening at /0.0.0.0:35701
2020-10-23 13:17:59,490 [Listener at 0.0.0.0/42695] INFO  server.SCMDatanodeProtocolServer (SCMDatanodeProtocolServer.java:start(172)) - RPC server for DataNodes is listening at /0.0.0.0:35701
2020-10-23 13:17:59,491 [IPC Server Responder] INFO  ipc.Server (Server.java:run(1460)) - IPC Server Responder: starting
2020-10-23 13:17:59,492 [IPC Server listener on 0] INFO  ipc.Server (Server.java:run(1298)) - IPC Server listener on 0: starting
2020-10-23 13:17:59,496 [Listener at 0.0.0.0/42695] INFO  http.HttpServer2 (HttpServer2.java:bindListener(1237)) - Jetty bound to port 42209
2020-10-23 13:17:59,499 [Listener at 0.0.0.0/42695] INFO  server.Server (Server.java:doStart(359)) - jetty-9.4.26.v20200117; built: 2020-01-17T12:35:33.676Z; git: 7b38981d25d14afb4a12ff1f2596756144edf695; jvm 1.8.0_232-b09
2020-10-23 13:17:59,533 [Listener at 0.0.0.0/42695] INFO  server.session (DefaultSessionIdManager.java:doStart(333)) - DefaultSessionIdManager workerName=node0
2020-10-23 13:17:59,533 [Listener at 0.0.0.0/42695] INFO  server.session (DefaultSessionIdManager.java:doStart(338)) - No SessionScavenger set, using defaults
2020-10-23 13:17:59,537 [Listener at 0.0.0.0/42695] INFO  server.session (HouseKeeper.java:startScavenging(140)) - node0 Scavenging every 600000ms
2020-10-23 13:17:59,551 [Listener at 0.0.0.0/42695] INFO  handler.ContextHandler (ContextHandler.java:doStart(825)) - Started o.e.j.s.ServletContextHandler@9565687{logs,/logs,file:///github/workspace/mnt/ozone/hadoop-ozone/integration-test/target/log,AVAILABLE}
2020-10-23 13:17:59,552 [Listener at 0.0.0.0/42695] INFO  handler.ContextHandler (ContextHandler.java:doStart(825)) - Started o.e.j.s.ServletContextHandler@95319ed{static,/static,file:///github/workspace/mnt/ozone/hadoop-ozone/integration-test/target/test-classes/webapps/static,AVAILABLE}
2020-10-23 13:17:59,598 [Listener at 0.0.0.0/42695] INFO  handler.ContextHandler (ContextHandler.java:doStart(825)) - Started o.e.j.w.WebAppContext@51bb37fa{scm,/,file:///github/workspace/mnt/ozone/hadoop-ozone/integration-test/target/test-classes/webapps/scm/,AVAILABLE}{file:/github/workspace/mnt/ozone/hadoop-ozone/integration-test/target/test-classes/webapps/scm}
2020-10-23 13:17:59,609 [Listener at 0.0.0.0/42695] INFO  server.AbstractConnector (AbstractConnector.java:doStart(330)) - Started ServerConnector@6ef9d3bd{HTTP/1.1,[http/1.1]}{0.0.0.0:42209}
2020-10-23 13:17:59,609 [Listener at 0.0.0.0/42695] INFO  server.Server (Server.java:doStart(399)) - Started @3309ms
2020-10-23 13:17:59,611 [Listener at 0.0.0.0/42695] INFO  impl.MetricsSinkAdapter (MetricsSinkAdapter.java:start(204)) - Sink prometheus started
2020-10-23 13:17:59,611 [Listener at 0.0.0.0/42695] INFO  impl.MetricsSystemImpl (MetricsSystemImpl.java:registerSink(301)) - Registered sink prometheus
2020-10-23 13:17:59,615 [Listener at 0.0.0.0/42695] INFO  http.BaseHttpServer (BaseHttpServer.java:updateConnectorAddress(327)) - HTTP server of scm listening at http://0.0.0.0:42209
2020-10-23 13:17:59,634 [org.apache.hadoop.util.JvmPauseMonitor$Monitor@1a95817] INFO  util.JvmPauseMonitor (JvmPauseMonitor.java:run(188)) - Starting JVM pause monitor
2020-10-23 13:17:59,634 [Listener at 0.0.0.0/42695] WARN  server.ServerUtils (ServerUtils.java:getDBPath(225)) - ozone.om.db.dirs is not configured. We recommend adding this setting. Falling back to ozone.metadata.dirs instead.
2020-10-23 13:17:59,755 [Listener at 0.0.0.0/42695] INFO  ha.OMHANodeDetails (OMHANodeDetails.java:loadOMHAConfig(110)) - ServiceID for OzoneManager is om-service-test1
2020-10-23 13:17:59,759 [Listener at 0.0.0.0/42695] INFO  ha.OMHANodeDetails (OMHANodeDetails.java:loadOMHAConfig(188)) - Found matching OM address with OMServiceId: om-service-test1, OMNodeId: omNode-1, RPC Address: localhost:11780 and Ratis port: 11784
2020-10-23 13:17:59,760 [Listener at 0.0.0.0/42695] INFO  ha.OMHANodeDetails (OMHANodeDetails.java:setOMNodeSpecificConfigs(314)) - Setting configuration key ozone.om.http-address with value of key ozone.om.http-address.omNode-1: 127.0.0.1:11782
2020-10-23 13:17:59,760 [Listener at 0.0.0.0/42695] INFO  ha.OMHANodeDetails (OMHANodeDetails.java:setOMNodeSpecificConfigs(314)) - Setting configuration key ozone.om.https-address with value of key ozone.om.https-address.omNode-1: 127.0.0.1:11783
2020-10-23 13:17:59,760 [Listener at 0.0.0.0/42695] INFO  ha.OMHANodeDetails (OMHANodeDetails.java:setOMNodeSpecificConfigs(314)) - Setting configuration key ozone.om.address with value of key ozone.om.address.omNode-1: 127.0.0.1:11780
2020-10-23 13:17:59,764 [Listener at 0.0.0.0/42695] WARN  server.ServerUtils (ServerUtils.java:getDBPath(225)) - ozone.om.db.dirs is not configured. We recommend adding this setting. Falling back to ozone.metadata.dirs instead.
2020-10-23 13:17:59,765 [Listener at 0.0.0.0/42695] WARN  server.ServerUtils (ServerUtils.java:getDBPath(225)) - ozone.om.db.dirs is not configured. We recommend adding this setting. Falling back to ozone.metadata.dirs instead.
2020-10-23 13:18:00,539 [Listener at 0.0.0.0/42695] WARN  server.ServerUtils (ServerUtils.java:getDBPath(225)) - ozone.om.db.dirs is not configured. We recommend adding this setting. Falling back to ozone.metadata.dirs instead.
2020-10-23 13:18:00,545 [Listener at 0.0.0.0/42695] INFO  codec.OmKeyInfoCodec (OmKeyInfoCodec.java:<init>(41)) - OmKeyInfoCodec ignorePipeline = true
2020-10-23 13:18:00,546 [Listener at 0.0.0.0/42695] INFO  codec.RepeatedOmKeyInfoCodec (RepeatedOmKeyInfoCodec.java:<init>(40)) - RepeatedOmKeyInfoCodec ignorePipeline = true
2020-10-23 13:18:00,712 [Listener at 0.0.0.0/42695] INFO  om.OzoneManager (OzoneManager.java:addS3GVolumeToDB(3622)) - Created Volume s3v With Owner jenkins1001 required for S3Gateway operations.
2020-10-23 13:18:00,720 [Listener at 0.0.0.0/42695] INFO  metrics.MetricRegistries (MetricRegistriesLoader.java:load(64)) - Loaded MetricRegistries class org.apache.ratis.metrics.impl.MetricRegistriesImpl
2020-10-23 13:18:00,760 [Listener at 0.0.0.0/42695] WARN  server.ServerUtils (ServerUtils.java:getDefaultRatisDirectory(237)) - Storage directory for Ratis is not configured. It is a good idea to map this to an SSD disk. Falling back to ozone.metadata.dirs
2020-10-23 13:18:00,780 [Listener at 0.0.0.0/42695] INFO  ratis.OzoneManagerRatisServer (OzoneManagerRatisServer.java:<init>(270)) - Instantiating OM Ratis server with GroupID: om-service-test1 and Raft Peers: localhost:11784, localhost:11790, localhost:11796
2020-10-23 13:18:00,789 [Listener at 0.0.0.0/42695] INFO  ratis.OzoneManagerStateMachine (OzoneManagerStateMachine.java:loadSnapshotInfoFromDB(519)) - LastAppliedIndex is set from TransactionInfo from OM DB as (t:0, i:~)
2020-10-23 13:18:00,811 [Listener at 0.0.0.0/42695] INFO  impl.RaftServerProxy (ConfUtils.java:logGet(44)) - raft.rpc.type = GRPC (default)
2020-10-23 13:18:00,884 [Listener at 0.0.0.0/42695] INFO  grpc.GrpcFactory (GrpcFactory.java:checkPooledByteBufAllocatorUseCacheForAllThreads(45)) - PERFORMANCE WARNING: useCacheForAllThreads is true that may cause Netty to create a lot garbage objects and, as a result, trigger GC.
	It is recommended to disable useCacheForAllThreads by setting -Dorg.apache.ratis.thirdparty.io.netty.allocator.useCacheForAllThreads=false in command line.
2020-10-23 13:18:00,888 [Listener at 0.0.0.0/42695] INFO  grpc.GrpcConfigKeys (ConfUtils.java:logGet(44)) - raft.grpc.server.port = 11784 (custom)
2020-10-23 13:18:00,889 [Listener at 0.0.0.0/42695] INFO  server.GrpcService (ConfUtils.java:logGet(44)) - raft.grpc.message.size.max = 33554432 (custom)
2020-10-23 13:18:00,890 [Listener at 0.0.0.0/42695] INFO  server.RaftServerConfigKeys (ConfUtils.java:logGet(44)) - raft.server.log.appender.buffer.byte-limit = 33554432 (custom)
2020-10-23 13:18:00,891 [Listener at 0.0.0.0/42695] INFO  server.GrpcService (ConfUtils.java:logGet(44)) - raft.grpc.flow.control.window = 1MB (=1048576) (default)
2020-10-23 13:18:00,892 [Listener at 0.0.0.0/42695] INFO  server.RaftServerConfigKeys (ConfUtils.java:logGet(44)) - raft.server.rpc.request.timeout = 3000ms (default)
2020-10-23 13:18:01,098 [Listener at 0.0.0.0/42695] INFO  server.RaftServerConfigKeys (ConfUtils.java:logGet(44)) - raft.server.storage.dir = [/github/workspace/mnt/ozone/hadoop-ozone/integration-test/target/test-dir/MiniOzoneClusterImpl-268cb0c2-3227-45ab-9618-d290d5ae62e2/omNode-1/ratis] (custom)
2020-10-23 13:18:01,104 [Listener at 0.0.0.0/42695] INFO  impl.RaftServerProxy (RaftServerProxy.java:addNew(92)) - omNode-1: addNew group-523986131536:[omNode-3:localhost:11796:0, omNode-1:localhost:11784:0, omNode-2:localhost:11790:0] returns group-523986131536:java.util.concurrent.CompletableFuture@4c2b8100[Not completed]
2020-10-23 13:18:01,108 [Listener at 0.0.0.0/42695] INFO  om.OzoneManager (OzoneManager.java:initializeRatisServer(1279)) - OzoneManager Ratis server initialized at port 11784
2020-10-23 13:18:01,108 [Listener at 0.0.0.0/42695] WARN  server.ServerUtils (ServerUtils.java:getDefaultRatisDirectory(237)) - Storage directory for Ratis is not configured. It is a good idea to map this to an SSD disk. Falling back to ozone.metadata.dirs
2020-10-23 13:18:01,108 [Listener at 0.0.0.0/42695] WARN  server.ServerUtils (ServerUtils.java:getDefaultRatisDirectory(237)) - Storage directory for Ratis is not configured. It is a good idea to map this to an SSD disk. Falling back to ozone.metadata.dirs
2020-10-23 13:18:01,110 [Listener at 0.0.0.0/42695] INFO  snapshot.OzoneManagerSnapshotProvider (OzoneManagerSnapshotProvider.java:<init>(77)) - Initializing OM Snapshot Provider
2020-10-23 13:18:01,134 [pool-24-thread-1] INFO  impl.RaftServerImpl (RaftServerImpl.java:<init>(120)) - omNode-1: new RaftServerImpl for group-523986131536:[omNode-3:localhost:11796:0, omNode-1:localhost:11784:0, omNode-2:localhost:11790:0] with OzoneManagerStateMachine:uninitialized
2020-10-23 13:18:01,138 [pool-24-thread-1] INFO  server.RaftServerConfigKeys (ConfUtils.java:logGet(44)) - raft.server.rpc.timeout.min = 1s (custom)
2020-10-23 13:18:01,139 [pool-24-thread-1] INFO  server.RaftServerConfigKeys (ConfUtils.java:logGet(44)) - raft.server.rpc.timeout.max = 1200ms (custom)
2020-10-23 13:18:01,139 [pool-24-thread-1] INFO  server.RaftServerConfigKeys (ConfUtils.java:logGet(44)) - raft.server.rpcslowness.timeout = 2s (custom)
2020-10-23 13:18:01,140 [pool-24-thread-1] INFO  server.RaftServerConfigKeys (ConfUtils.java:logGet(44)) - raft.server.sleep.deviation.threshold = 300 (default)
2020-10-23 13:18:01,146 [pool-24-thread-1] INFO  server.RaftServerConfigKeys (ConfUtils.java:logGet(44)) - raft.server.log.appender.install.snapshot.enabled = false (custom)
2020-10-23 13:18:01,155 [pool-24-thread-1] INFO  impl.RaftServerImpl (ServerState.java:<init>(104)) - omNode-1@group-523986131536: ConfigurationManager, init=-1: [omNode-3:localhost:11796:0, omNode-1:localhost:11784:0, omNode-2:localhost:11790:0], old=null, confs=<EMPTY_MAP>
2020-10-23 13:18:01,163 [pool-24-thread-1] INFO  server.RaftServerConfigKeys (ConfUtils.java:logGet(44)) - raft.server.storage.dir = [/github/workspace/mnt/ozone/hadoop-ozone/integration-test/target/test-dir/MiniOzoneClusterImpl-268cb0c2-3227-45ab-9618-d290d5ae62e2/omNode-1/ratis] (custom)
2020-10-23 13:18:01,168 [pool-24-thread-1] INFO  server.RaftServerConfigKeys (ConfUtils.java:logGet(44)) - raft.server.log.corruption.policy = EXCEPTION (default)
2020-10-23 13:18:01,177 [pool-24-thread-1] INFO  storage.RaftStorageDirectory (RaftStorageDirectory.java:analyzeStorage(261)) - The storage directory /github/workspace/mnt/ozone/hadoop-ozone/integration-test/target/test-dir/MiniOzoneClusterImpl-268cb0c2-3227-45ab-9618-d290d5ae62e2/omNode-1/ratis/c9bc4cf4-3bc3-3c60-a66b-523986131536 does not exist. Creating ...
2020-10-23 13:18:01,197 [pool-24-thread-1] INFO  storage.RaftStorageDirectory (RaftStorageDirectory.java:tryLock(343)) - Lock on /github/workspace/mnt/ozone/hadoop-ozone/integration-test/target/test-dir/MiniOzoneClusterImpl-268cb0c2-3227-45ab-9618-d290d5ae62e2/omNode-1/ratis/c9bc4cf4-3bc3-3c60-a66b-523986131536/in_use.lock acquired by nodename 10365@1a5acc08e21a
2020-10-23 13:18:01,203 [pool-24-thread-1] INFO  storage.RaftStorage (RaftStorage.java:format(84)) - Storage directory /github/workspace/mnt/ozone/hadoop-ozone/integration-test/target/test-dir/MiniOzoneClusterImpl-268cb0c2-3227-45ab-9618-d290d5ae62e2/omNode-1/ratis/c9bc4cf4-3bc3-3c60-a66b-523986131536 has been successfully formatted.
2020-10-23 13:18:01,212 [pool-24-thread-1] INFO  server.RaftServerConfigKeys (ConfUtils.java:logGet(44)) - raft.server.notification.no-leader.timeout = 2s (custom)
2020-10-23 13:18:01,215 [pool-24-thread-1] INFO  server.RaftServerConfigKeys (ConfUtils.java:logGet(44)) - raft.server.log.use.memory = false (default)
2020-10-23 13:18:01,237 [pool-24-thread-1] INFO  server.RaftServerConfigKeys (ConfUtils.java:logGet(44)) - raft.server.log.purge.gap = 50 (custom)
2020-10-23 13:18:01,243 [pool-24-thread-1] INFO  metrics.RatisMetrics (RatisMetrics.java:lambda$create$0(36)) - Creating Metrics Registry : ratis.log_worker.omNode-1@group-523986131536
2020-10-23 13:18:01,261 [pool-24-thread-1] INFO  server.RaftServerConfigKeys (ConfUtils.java:logGet(44)) - raft.server.log.appender.buffer.byte-limit = 33554432 (custom)
2020-10-23 13:18:01,264 [pool-24-thread-1] INFO  server.RaftServerConfigKeys (ConfUtils.java:logGet(44)) - raft.server.log.segment.size.max = 4194304 (custom)
2020-10-23 13:18:01,271 [pool-24-thread-1] INFO  server.RaftServerConfigKeys (ConfUtils.java:logGet(44)) - raft.server.log.segment.cache.num.max = 2 (custom)
2020-10-23 13:18:01,276 [pool-24-thread-1] INFO  segmented.SegmentedRaftLogWorker (SegmentedRaftLogWorker.java:<init>(180)) - new omNode-1@group-523986131536-SegmentedRaftLogWorker for RaftStorage:Storage Directory /github/workspace/mnt/ozone/hadoop-ozone/integration-test/target/test-dir/MiniOzoneClusterImpl-268cb0c2-3227-45ab-9618-d290d5ae62e2/omNode-1/ratis/c9bc4cf4-3bc3-3c60-a66b-523986131536
2020-10-23 13:18:01,277 [pool-24-thread-1] INFO  server.RaftServerConfigKeys (ConfUtils.java:logGet(44)) - raft.server.log.queue.byte-limit = 64MB (=67108864) (default)
2020-10-23 13:18:01,277 [pool-24-thread-1] INFO  server.RaftServerConfigKeys (ConfUtils.java:logGet(44)) - raft.server.log.queue.element-limit = 4096 (default)
2020-10-23 13:18:01,278 [pool-24-thread-1] INFO  server.RaftServerConfigKeys (ConfUtils.java:logGet(44)) - raft.server.log.segment.size.max = 4194304 (custom)
2020-10-23 13:18:01,278 [pool-24-thread-1] INFO  server.RaftServerConfigKeys (ConfUtils.java:logGet(44)) - raft.server.log.preallocated.size = 4194304 (custom)
2020-10-23 13:18:01,279 [pool-24-thread-1] INFO  server.RaftServerConfigKeys (ConfUtils.java:logGet(44)) - raft.server.log.write.buffer.size = 64KB (=65536) (default)
2020-10-23 13:18:01,279 [pool-24-thread-1] INFO  server.RaftServerConfigKeys (ConfUtils.java:logGet(44)) - raft.server.log.force.sync.num = 128 (default)
2020-10-23 13:18:01,281 [pool-24-thread-1] INFO  server.RaftServerConfigKeys (ConfUtils.java:logGet(44)) - raft.server.log.statemachine.data.sync = true (default)
2020-10-23 13:18:01,281 [pool-24-thread-1] INFO  server.RaftServerConfigKeys (ConfUtils.java:logGet(44)) - raft.server.log.statemachine.data.sync.timeout = 10s (default)
2020-10-23 13:18:01,281 [pool-24-thread-1] INFO  server.RaftServerConfigKeys (ConfUtils.java:logGet(44)) - raft.server.log.statemachine.data.sync.timeout.retry = -1 (default)
2020-10-23 13:18:01,291 [pool-24-thread-1] INFO  server.RaftServerConfigKeys (ConfUtils.java:logGet(44)) - raft.server.log.statemachine.data.caching.enabled = false (default)
2020-10-23 13:18:01,296 [pool-24-thread-1] INFO  segmented.SegmentedRaftLogWorker (SegmentedRaftLogWorker.java:lambda$new$0(129)) - omNode-1@group-523986131536-SegmentedRaftLogWorker: flushIndex: setUnconditionally 0 -> -1
2020-10-23 13:18:01,296 [pool-24-thread-1] INFO  segmented.SegmentedRaftLogWorker (SegmentedRaftLogWorker.java:lambda$new$0(129)) - omNode-1@group-523986131536-SegmentedRaftLogWorker: safeCacheEvictIndex: setUnconditionally 0 -> -1
2020-10-23 13:18:01,306 [pool-24-thread-1] INFO  server.RaftServerConfigKeys (ConfUtils.java:logGet(44)) - raft.server.snapshot.auto.trigger.enabled = true (custom)
2020-10-23 13:18:01,306 [pool-24-thread-1] INFO  server.RaftServerConfigKeys (ConfUtils.java:logGet(44)) - raft.server.snapshot.auto.trigger.threshold = 50 (custom)
2020-10-23 13:18:01,307 [pool-24-thread-1] INFO  server.RaftServerConfigKeys (ConfUtils.java:logGet(44)) - raft.server.snapshot.retention.file.num = -1 (default)
2020-10-23 13:18:01,308 [pool-24-thread-1] INFO  server.RaftServerConfigKeys (ConfUtils.java:logGet(44)) - raft.server.log.purge.upto.snapshot.index = true (custom)
2020-10-23 13:18:01,308 [pool-24-thread-1] INFO  server.RaftServerConfigKeys (ConfUtils.java:logGet(44)) - raft.server.retrycache.expirytime = 600000ms (custom)
2020-10-23 13:18:01,339 [pool-24-thread-1] INFO  metrics.RatisMetrics (RatisMetrics.java:lambda$create$0(36)) - Creating Metrics Registry : ratis.leader_election.omNode-1@group-523986131536
2020-10-23 13:18:01,342 [pool-24-thread-1] INFO  metrics.RatisMetrics (RatisMetrics.java:lambda$create$0(36)) - Creating Metrics Registry : ratis.server.omNode-1@group-523986131536
2020-10-23 13:18:01,347 [Listener at 0.0.0.0/42695] INFO  ipc.CallQueueManager (CallQueueManager.java:<init>(84)) - Using callQueue: class java.util.concurrent.LinkedBlockingQueue, queueCapacity: 2000, scheduler: class org.apache.hadoop.ipc.DefaultRpcScheduler, ipcBackoff: false.
2020-10-23 13:18:01,351 [Socket Reader #1 for port 11780] INFO  ipc.Server (Server.java:run(1219)) - Starting Socket Reader #1 for port 11780
2020-10-23 13:18:01,388 [Listener at 127.0.0.1/11780] INFO  impl.MetricsSystemImpl (MetricsSystemImpl.java:init(158)) - OzoneManager metrics system started (again)
2020-10-23 13:18:01,391 [Listener at 127.0.0.1/11780] INFO  om.OzoneManager (OzoneManager.java:start(1133)) - OzoneManager RPC server is listening at localhost/127.0.0.1:11780
2020-10-23 13:18:01,391 [Listener at 127.0.0.1/11780] INFO  ratis.OzoneManagerRatisServer (OzoneManagerRatisServer.java:start(372)) - Starting OzoneManagerRatisServer omNode-1 at port 11784
2020-10-23 13:18:01,393 [Listener at 127.0.0.1/11780] INFO  impl.RaftServerImpl (RaftServerImpl.java:start(209)) - omNode-1@group-523986131536: start as a follower, conf=-1: [omNode-3:localhost:11796:0, omNode-1:localhost:11784:0, omNode-2:localhost:11790:0], old=null
2020-10-23 13:18:01,395 [Listener at 127.0.0.1/11780] INFO  impl.RaftServerImpl (RaftServerImpl.java:setRole(198)) - omNode-1@group-523986131536: changes role from      null to FOLLOWER at term 0 for startAsFollower
2020-10-23 13:18:01,396 [Listener at 127.0.0.1/11780] INFO  impl.RoleInfo (RoleInfo.java:updateAndGet(143)) - omNode-1: start FollowerState
2020-10-23 13:18:01,401 [Listener at 127.0.0.1/11780] INFO  util.JmxRegister (JmxRegister.java:tryRegister(44)) - Successfully registered JMX Bean with object name Ratis:service=RaftServer,group=group-523986131536,id=omNode-1
2020-10-23 13:18:01,407 [Listener at 127.0.0.1/11780] INFO  metrics.RatisMetrics (RatisMetrics.java:lambda$create$0(36)) - Creating Metrics Registry : ratis.state_machine.omNode-1@group-523986131536
2020-10-23 13:18:01,432 [Listener at 127.0.0.1/11780] INFO  impl.RaftServerProxy (RaftServerProxy.java:lambda$start$3(307)) - omNode-1: start RPC server
2020-10-23 13:18:01,500 [Listener at 127.0.0.1/11780] INFO  server.GrpcService (GrpcService.java:startImpl(177)) - omNode-1: GrpcService started, listening on 0.0.0.0/0.0.0.0:11784
2020-10-23 13:18:01,517 [Listener at 127.0.0.1/11780] INFO  http.BaseHttpServer (BaseHttpServer.java:newHttpServer2BuilderForOzone(207)) - Starting Web-server for ozoneManager at: http://0.0.0.0:11782
2020-10-23 13:18:01,517 [Listener at 127.0.0.1/11780] INFO  http.BaseHttpServer (BaseHttpServer.java:<init>(106)) - Hadoop Security Enabled: false Ozone Security Enabled: false Ozone HTTP Security Enabled: false 
2020-10-23 13:18:01,518 [Listener at 127.0.0.1/11780] INFO  server.AuthenticationFilter (AuthenticationFilter.java:constructSecretProvider(240)) - Unable to initialize FileSignerSecretProvider, falling back to use random secrets.
2020-10-23 13:18:01,523 [Listener at 127.0.0.1/11780] WARN  http.HttpRequestLog (HttpRequestLog.java:getRequestLog(103)) - Jetty request log can only be enabled using Log4j
2020-10-23 13:18:01,526 [Listener at 127.0.0.1/11780] INFO  http.HttpServer2 (HttpServer2.java:addGlobalFilter(1019)) - Added global filter 'safety' (class=org.apache.hadoop.hdds.server.http.HttpServer2$QuotingInputFilter)
2020-10-23 13:18:01,528 [Listener at 127.0.0.1/11780] INFO  http.HttpServer2 (HttpServer2.java:addFilter(995)) - Added filter static_user_filter (class=org.apache.hadoop.http.lib.StaticUserWebFilter$StaticUserFilter) to context ozoneManager
2020-10-23 13:18:01,528 [Listener at 127.0.0.1/11780] INFO  http.HttpServer2 (HttpServer2.java:addFilter(1003)) - Added filter static_user_filter (class=org.apache.hadoop.http.lib.StaticUserWebFilter$StaticUserFilter) to context logs
2020-10-23 13:18:01,528 [Listener at 127.0.0.1/11780] INFO  http.HttpServer2 (HttpServer2.java:addFilter(1003)) - Added filter static_user_filter (class=org.apache.hadoop.http.lib.StaticUserWebFilter$StaticUserFilter) to context static
2020-10-23 13:18:01,535 [Listener at 127.0.0.1/11780] INFO  http.HttpServer2 (HttpServer2.java:bindListener(1237)) - Jetty bound to port 11782
2020-10-23 13:18:01,543 [Listener at 127.0.0.1/11780] INFO  server.Server (Server.java:doStart(359)) - jetty-9.4.26.v20200117; built: 2020-01-17T12:35:33.676Z; git: 7b38981d25d14afb4a12ff1f2596756144edf695; jvm 1.8.0_232-b09
2020-10-23 13:18:01,559 [Listener at 127.0.0.1/11780] INFO  server.session (DefaultSessionIdManager.java:doStart(333)) - DefaultSessionIdManager workerName=node0
2020-10-23 13:18:01,559 [Listener at 127.0.0.1/11780] INFO  server.session (DefaultSessionIdManager.java:doStart(338)) - No SessionScavenger set, using defaults
2020-10-23 13:18:01,559 [Listener at 127.0.0.1/11780] INFO  server.session (HouseKeeper.java:startScavenging(140)) - node0 Scavenging every 600000ms
2020-10-23 13:18:01,563 [Listener at 127.0.0.1/11780] INFO  handler.ContextHandler (ContextHandler.java:doStart(825)) - Started o.e.j.s.ServletContextHandler@7b728d41{logs,/logs,file:///github/workspace/mnt/ozone/hadoop-ozone/integration-test/target/log,AVAILABLE}
2020-10-23 13:18:01,563 [Listener at 127.0.0.1/11780] INFO  handler.ContextHandler (ContextHandler.java:doStart(825)) - Started o.e.j.s.ServletContextHandler@1b1cd384{static,/static,file:///github/workspace/mnt/ozone/hadoop-ozone/integration-test/target/test-classes/webapps/static,AVAILABLE}
2020-10-23 13:18:01,576 [Listener at 127.0.0.1/11780] INFO  handler.ContextHandler (ContextHandler.java:doStart(825)) - Started o.e.j.w.WebAppContext@7566f2b1{ozoneManager,/,file:///github/workspace/mnt/ozone/hadoop-ozone/integration-test/target/test-classes/webapps/ozoneManager/,AVAILABLE}{file:/github/workspace/mnt/ozone/hadoop-ozone/integration-test/target/test-classes/webapps/ozoneManager}
2020-10-23 13:18:01,580 [Listener at 127.0.0.1/11780] INFO  server.AbstractConnector (AbstractConnector.java:doStart(330)) - Started ServerConnector@2ba536c4{HTTP/1.1,[http/1.1]}{0.0.0.0:11782}
2020-10-23 13:18:01,588 [Listener at 127.0.0.1/11780] INFO  server.Server (Server.java:doStart(399)) - Started @5288ms
2020-10-23 13:18:01,588 [Listener at 127.0.0.1/11780] WARN  impl.MetricsSystemImpl (MetricsSystemImpl.java:register(276)) - Sink prometheus already exists!
2020-10-23 13:18:01,592 [Listener at 127.0.0.1/11780] INFO  http.BaseHttpServer (BaseHttpServer.java:updateConnectorAddress(327)) - HTTP server of ozoneManager listening at http://0.0.0.0:11782
2020-10-23 13:18:01,599 [IPC Server Responder] INFO  ipc.Server (Server.java:run(1460)) - IPC Server Responder: starting
2020-10-23 13:18:01,600 [IPC Server listener on 11780] INFO  ipc.Server (Server.java:run(1298)) - IPC Server listener on 11780: starting
2020-10-23 13:18:01,607 [Listener at 127.0.0.1/11780] INFO  ozone.MiniOzoneHAClusterImpl (MiniOzoneHAClusterImpl.java:createOMService(380)) - Started OzoneManager RPC server at localhost/127.0.0.1:11780
2020-10-23 13:18:01,608 [Listener at 127.0.0.1/11780] WARN  server.ServerUtils (ServerUtils.java:getDBPath(225)) - ozone.om.db.dirs is not configured. We recommend adding this setting. Falling back to ozone.metadata.dirs instead.
2020-10-23 13:18:01,623 [Listener at 127.0.0.1/11780] INFO  ha.OMHANodeDetails (OMHANodeDetails.java:loadOMHAConfig(110)) - ServiceID for OzoneManager is om-service-test1
2020-10-23 13:18:01,624 [Listener at 127.0.0.1/11780] INFO  ha.OMHANodeDetails (OMHANodeDetails.java:loadOMHAConfig(188)) - Found matching OM address with OMServiceId: om-service-test1, OMNodeId: omNode-2, RPC Address: localhost:11786 and Ratis port: 11790
2020-10-23 13:18:01,624 [Listener at 127.0.0.1/11780] INFO  ha.OMHANodeDetails (OMHANodeDetails.java:setOMNodeSpecificConfigs(314)) - Setting configuration key ozone.om.http-address with value of key ozone.om.http-address.omNode-2: 127.0.0.1:11788
2020-10-23 13:18:01,624 [Listener at 127.0.0.1/11780] INFO  ha.OMHANodeDetails (OMHANodeDetails.java:setOMNodeSpecificConfigs(314)) - Setting configuration key ozone.om.https-address with value of key ozone.om.https-address.omNode-2: 127.0.0.1:11789
2020-10-23 13:18:01,624 [Listener at 127.0.0.1/11780] INFO  ha.OMHANodeDetails (OMHANodeDetails.java:setOMNodeSpecificConfigs(314)) - Setting configuration key ozone.om.address with value of key ozone.om.address.omNode-2: 127.0.0.1:11786
2020-10-23 13:18:01,625 [Listener at 127.0.0.1/11780] WARN  server.ServerUtils (ServerUtils.java:getDBPath(225)) - ozone.om.db.dirs is not configured. We recommend adding this setting. Falling back to ozone.metadata.dirs instead.
2020-10-23 13:18:01,625 [Listener at 127.0.0.1/11780] WARN  server.ServerUtils (ServerUtils.java:getDBPath(225)) - ozone.om.db.dirs is not configured. We recommend adding this setting. Falling back to ozone.metadata.dirs instead.
2020-10-23 13:18:01,630 [org.apache.hadoop.util.JvmPauseMonitor$Monitor@5cd6d2d1] INFO  util.JvmPauseMonitor (JvmPauseMonitor.java:run(188)) - Starting JVM pause monitor
2020-10-23 13:18:01,633 [Listener at 127.0.0.1/11780] WARN  server.ServerUtils (ServerUtils.java:getDBPath(225)) - ozone.om.db.dirs is not configured. We recommend adding this setting. Falling back to ozone.metadata.dirs instead.
2020-10-23 13:18:01,634 [Listener at 127.0.0.1/11780] INFO  codec.OmKeyInfoCodec (OmKeyInfoCodec.java:<init>(41)) - OmKeyInfoCodec ignorePipeline = true
2020-10-23 13:18:01,634 [Listener at 127.0.0.1/11780] INFO  codec.RepeatedOmKeyInfoCodec (RepeatedOmKeyInfoCodec.java:<init>(40)) - RepeatedOmKeyInfoCodec ignorePipeline = true
2020-10-23 13:18:01,693 [Listener at 127.0.0.1/11780] INFO  om.OzoneManager (OzoneManager.java:addS3GVolumeToDB(3622)) - Created Volume s3v With Owner jenkins1001 required for S3Gateway operations.
2020-10-23 13:18:01,694 [Listener at 127.0.0.1/11780] WARN  server.ServerUtils (ServerUtils.java:getDefaultRatisDirectory(237)) - Storage directory for Ratis is not configured. It is a good idea to map this to an SSD disk. Falling back to ozone.metadata.dirs
2020-10-23 13:18:01,694 [Listener at 127.0.0.1/11780] INFO  ratis.OzoneManagerRatisServer (OzoneManagerRatisServer.java:<init>(270)) - Instantiating OM Ratis server with GroupID: om-service-test1 and Raft Peers: localhost:11790, localhost:11784, localhost:11796
2020-10-23 13:18:01,694 [Listener at 127.0.0.1/11780] INFO  ratis.OzoneManagerStateMachine (OzoneManagerStateMachine.java:loadSnapshotInfoFromDB(519)) - LastAppliedIndex is set from TransactionInfo from OM DB as (t:0, i:~)
2020-10-23 13:18:01,695 [Listener at 127.0.0.1/11780] INFO  impl.RaftServerProxy (ConfUtils.java:logGet(44)) - raft.rpc.type = GRPC (default)
2020-10-23 13:18:01,695 [Listener at 127.0.0.1/11780] INFO  grpc.GrpcFactory (GrpcFactory.java:checkPooledByteBufAllocatorUseCacheForAllThreads(45)) - PERFORMANCE WARNING: useCacheForAllThreads is true that may cause Netty to create a lot garbage objects and, as a result, trigger GC.
	It is recommended to disable useCacheForAllThreads by setting -Dorg.apache.ratis.thirdparty.io.netty.allocator.useCacheForAllThreads=false in command line.
2020-10-23 13:18:01,695 [Listener at 127.0.0.1/11780] INFO  grpc.GrpcConfigKeys (ConfUtils.java:logGet(44)) - raft.grpc.server.port = 11790 (custom)
2020-10-23 13:18:01,695 [Listener at 127.0.0.1/11780] INFO  server.GrpcService (ConfUtils.java:logGet(44)) - raft.grpc.message.size.max = 33554432 (custom)
2020-10-23 13:18:01,696 [Listener at 127.0.0.1/11780] INFO  server.RaftServerConfigKeys (ConfUtils.java:logGet(44)) - raft.server.log.appender.buffer.byte-limit = 33554432 (custom)
2020-10-23 13:18:01,696 [Listener at 127.0.0.1/11780] INFO  server.GrpcService (ConfUtils.java:logGet(44)) - raft.grpc.flow.control.window = 1MB (=1048576) (default)
2020-10-23 13:18:01,696 [Listener at 127.0.0.1/11780] INFO  server.RaftServerConfigKeys (ConfUtils.java:logGet(44)) - raft.server.rpc.request.timeout = 3000ms (default)
2020-10-23 13:18:01,697 [Listener at 127.0.0.1/11780] INFO  server.RaftServerConfigKeys (ConfUtils.java:logGet(44)) - raft.server.storage.dir = [/github/workspace/mnt/ozone/hadoop-ozone/integration-test/target/test-dir/MiniOzoneClusterImpl-268cb0c2-3227-45ab-9618-d290d5ae62e2/omNode-2/ratis] (custom)
2020-10-23 13:18:01,699 [Listener at 127.0.0.1/11780] INFO  impl.RaftServerProxy (RaftServerProxy.java:addNew(92)) - omNode-2: addNew group-523986131536:[omNode-3:localhost:11796:0, omNode-1:localhost:11784:0, omNode-2:localhost:11790:0] returns group-523986131536:java.util.concurrent.CompletableFuture@206712d0[Not completed]
2020-10-23 13:18:01,699 [pool-42-thread-1] INFO  impl.RaftServerImpl (RaftServerImpl.java:<init>(120)) - omNode-2: new RaftServerImpl for group-523986131536:[omNode-3:localhost:11796:0, omNode-1:localhost:11784:0, omNode-2:localhost:11790:0] with OzoneManagerStateMachine:uninitialized
2020-10-23 13:18:01,699 [Listener at 127.0.0.1/11780] INFO  om.OzoneManager (OzoneManager.java:initializeRatisServer(1279)) - OzoneManager Ratis server initialized at port 11790
2020-10-23 13:18:01,699 [Listener at 127.0.0.1/11780] WARN  server.ServerUtils (ServerUtils.java:getDefaultRatisDirectory(237)) - Storage directory for Ratis is not configured. It is a good idea to map this to an SSD disk. Falling back to ozone.metadata.dirs
2020-10-23 13:18:01,701 [pool-42-thread-1] INFO  server.RaftServerConfigKeys (ConfUtils.java:logGet(44)) - raft.server.rpc.timeout.min = 1s (custom)
2020-10-23 13:18:01,701 [pool-42-thread-1] INFO  server.RaftServerConfigKeys (ConfUtils.java:logGet(44)) - raft.server.rpc.timeout.max = 1200ms (custom)
2020-10-23 13:18:01,702 [pool-42-thread-1] INFO  server.RaftServerConfigKeys (ConfUtils.java:logGet(44)) - raft.server.rpcslowness.timeout = 2s (custom)
2020-10-23 13:18:01,702 [pool-42-thread-1] INFO  server.RaftServerConfigKeys (ConfUtils.java:logGet(44)) - raft.server.sleep.deviation.threshold = 300 (default)
2020-10-23 13:18:01,702 [pool-42-thread-1] INFO  server.RaftServerConfigKeys (ConfUtils.java:logGet(44)) - raft.server.log.appender.install.snapshot.enabled = false (custom)
2020-10-23 13:18:01,702 [pool-42-thread-1] INFO  impl.RaftServerImpl (ServerState.java:<init>(104)) - omNode-2@group-523986131536: ConfigurationManager, init=-1: [omNode-3:localhost:11796:0, omNode-1:localhost:11784:0, omNode-2:localhost:11790:0], old=null, confs=<EMPTY_MAP>
2020-10-23 13:18:01,702 [pool-42-thread-1] INFO  server.RaftServerConfigKeys (ConfUtils.java:logGet(44)) - raft.server.storage.dir = [/github/workspace/mnt/ozone/hadoop-ozone/integration-test/target/test-dir/MiniOzoneClusterImpl-268cb0c2-3227-45ab-9618-d290d5ae62e2/omNode-2/ratis] (custom)
2020-10-23 13:18:01,702 [pool-42-thread-1] INFO  server.RaftServerConfigKeys (ConfUtils.java:logGet(44)) - raft.server.log.corruption.policy = EXCEPTION (default)
2020-10-23 13:18:01,702 [Listener at 127.0.0.1/11780] WARN  server.ServerUtils (ServerUtils.java:getDefaultRatisDirectory(237)) - Storage directory for Ratis is not configured. It is a good idea to map this to an SSD disk. Falling back to ozone.metadata.dirs
2020-10-23 13:18:01,703 [Listener at 127.0.0.1/11780] INFO  snapshot.OzoneManagerSnapshotProvider (OzoneManagerSnapshotProvider.java:<init>(77)) - Initializing OM Snapshot Provider
2020-10-23 13:18:01,702 [pool-42-thread-1] INFO  storage.RaftStorageDirectory (RaftStorageDirectory.java:analyzeStorage(261)) - The storage directory /github/workspace/mnt/ozone/hadoop-ozone/integration-test/target/test-dir/MiniOzoneClusterImpl-268cb0c2-3227-45ab-9618-d290d5ae62e2/omNode-2/ratis/c9bc4cf4-3bc3-3c60-a66b-523986131536 does not exist. Creating ...
2020-10-23 13:18:01,705 [pool-42-thread-1] INFO  storage.RaftStorageDirectory (RaftStorageDirectory.java:tryLock(343)) - Lock on /github/workspace/mnt/ozone/hadoop-ozone/integration-test/target/test-dir/MiniOzoneClusterImpl-268cb0c2-3227-45ab-9618-d290d5ae62e2/omNode-2/ratis/c9bc4cf4-3bc3-3c60-a66b-523986131536/in_use.lock acquired by nodename 10365@1a5acc08e21a
2020-10-23 13:18:01,706 [Listener at 127.0.0.1/11780] INFO  ipc.CallQueueManager (CallQueueManager.java:<init>(84)) - Using callQueue: class java.util.concurrent.LinkedBlockingQueue, queueCapacity: 2000, scheduler: class org.apache.hadoop.ipc.DefaultRpcScheduler, ipcBackoff: false.
2020-10-23 13:18:01,707 [Socket Reader #1 for port 11786] INFO  ipc.Server (Server.java:run(1219)) - Starting Socket Reader #1 for port 11786
2020-10-23 13:18:01,708 [pool-42-thread-1] INFO  storage.RaftStorage (RaftStorage.java:format(84)) - Storage directory /github/workspace/mnt/ozone/hadoop-ozone/integration-test/target/test-dir/MiniOzoneClusterImpl-268cb0c2-3227-45ab-9618-d290d5ae62e2/omNode-2/ratis/c9bc4cf4-3bc3-3c60-a66b-523986131536 has been successfully formatted.
2020-10-23 13:18:01,712 [pool-42-thread-1] INFO  server.RaftServerConfigKeys (ConfUtils.java:logGet(44)) - raft.server.notification.no-leader.timeout = 2s (custom)
2020-10-23 13:18:01,712 [pool-42-thread-1] INFO  server.RaftServerConfigKeys (ConfUtils.java:logGet(44)) - raft.server.log.use.memory = false (default)
2020-10-23 13:18:01,712 [pool-42-thread-1] INFO  server.RaftServerConfigKeys (ConfUtils.java:logGet(44)) - raft.server.log.purge.gap = 50 (custom)
2020-10-23 13:18:01,712 [pool-42-thread-1] INFO  metrics.RatisMetrics (RatisMetrics.java:lambda$create$0(36)) - Creating Metrics Registry : ratis.log_worker.omNode-2@group-523986131536
2020-10-23 13:18:01,712 [pool-42-thread-1] INFO  server.RaftServerConfigKeys (ConfUtils.java:logGet(44)) - raft.server.log.appender.buffer.byte-limit = 33554432 (custom)
2020-10-23 13:18:01,712 [pool-42-thread-1] INFO  server.RaftServerConfigKeys (ConfUtils.java:logGet(44)) - raft.server.log.segment.size.max = 4194304 (custom)
2020-10-23 13:18:01,713 [pool-42-thread-1] INFO  server.RaftServerConfigKeys (ConfUtils.java:logGet(44)) - raft.server.log.segment.cache.num.max = 2 (custom)
2020-10-23 13:18:01,713 [pool-42-thread-1] INFO  segmented.SegmentedRaftLogWorker (SegmentedRaftLogWorker.java:<init>(180)) - new omNode-2@group-523986131536-SegmentedRaftLogWorker for RaftStorage:Storage Directory /github/workspace/mnt/ozone/hadoop-ozone/integration-test/target/test-dir/MiniOzoneClusterImpl-268cb0c2-3227-45ab-9618-d290d5ae62e2/omNode-2/ratis/c9bc4cf4-3bc3-3c60-a66b-523986131536
2020-10-23 13:18:01,714 [pool-42-thread-1] INFO  server.RaftServerConfigKeys (ConfUtils.java:logGet(44)) - raft.server.log.queue.byte-limit = 64MB (=67108864) (default)
2020-10-23 13:18:01,715 [pool-42-thread-1] INFO  server.RaftServerConfigKeys (ConfUtils.java:logGet(44)) - raft.server.log.queue.element-limit = 4096 (default)
2020-10-23 13:18:01,715 [pool-42-thread-1] INFO  server.RaftServerConfigKeys (ConfUtils.java:logGet(44)) - raft.server.log.segment.size.max = 4194304 (custom)
2020-10-23 13:18:01,715 [pool-42-thread-1] INFO  server.RaftServerConfigKeys (ConfUtils.java:logGet(44)) - raft.server.log.preallocated.size = 4194304 (custom)
2020-10-23 13:18:01,715 [pool-42-thread-1] INFO  server.RaftServerConfigKeys (ConfUtils.java:logGet(44)) - raft.server.log.write.buffer.size = 64KB (=65536) (default)
2020-10-23 13:18:01,715 [pool-42-thread-1] INFO  server.RaftServerConfigKeys (ConfUtils.java:logGet(44)) - raft.server.log.force.sync.num = 128 (default)
2020-10-23 13:18:01,715 [pool-42-thread-1] INFO  server.RaftServerConfigKeys (ConfUtils.java:logGet(44)) - raft.server.log.statemachine.data.sync = true (default)
2020-10-23 13:18:01,715 [pool-42-thread-1] INFO  server.RaftServerConfigKeys (ConfUtils.java:logGet(44)) - raft.server.log.statemachine.data.sync.timeout = 10s (default)
2020-10-23 13:18:01,715 [pool-42-thread-1] INFO  server.RaftServerConfigKeys (ConfUtils.java:logGet(44)) - raft.server.log.statemachine.data.sync.timeout.retry = -1 (default)
2020-10-23 13:18:01,716 [pool-42-thread-1] INFO  server.RaftServerConfigKeys (ConfUtils.java:logGet(44)) - raft.server.log.statemachine.data.caching.enabled = false (default)
2020-10-23 13:18:01,716 [pool-42-thread-1] INFO  segmented.SegmentedRaftLogWorker (SegmentedRaftLogWorker.java:lambda$new$0(129)) - omNode-2@group-523986131536-SegmentedRaftLogWorker: flushIndex: setUnconditionally 0 -> -1
2020-10-23 13:18:01,716 [pool-42-thread-1] INFO  segmented.SegmentedRaftLogWorker (SegmentedRaftLogWorker.java:lambda$new$0(129)) - omNode-2@group-523986131536-SegmentedRaftLogWorker: safeCacheEvictIndex: setUnconditionally 0 -> -1
2020-10-23 13:18:01,717 [pool-42-thread-1] INFO  server.RaftServerConfigKeys (ConfUtils.java:logGet(44)) - raft.server.snapshot.auto.trigger.enabled = true (custom)
2020-10-23 13:18:01,717 [pool-42-thread-1] INFO  server.RaftServerConfigKeys (ConfUtils.java:logGet(44)) - raft.server.snapshot.auto.trigger.threshold = 50 (custom)
2020-10-23 13:18:01,717 [pool-42-thread-1] INFO  server.RaftServerConfigKeys (ConfUtils.java:logGet(44)) - raft.server.snapshot.retention.file.num = -1 (default)
2020-10-23 13:18:01,717 [pool-42-thread-1] INFO  server.RaftServerConfigKeys (ConfUtils.java:logGet(44)) - raft.server.log.purge.upto.snapshot.index = true (custom)
2020-10-23 13:18:01,717 [pool-42-thread-1] INFO  server.RaftServerConfigKeys (ConfUtils.java:logGet(44)) - raft.server.retrycache.expirytime = 600000ms (custom)
2020-10-23 13:18:01,717 [pool-42-thread-1] INFO  metrics.RatisMetrics (RatisMetrics.java:lambda$create$0(36)) - Creating Metrics Registry : ratis.leader_election.omNode-2@group-523986131536
2020-10-23 13:18:01,718 [pool-42-thread-1] INFO  metrics.RatisMetrics (RatisMetrics.java:lambda$create$0(36)) - Creating Metrics Registry : ratis.server.omNode-2@group-523986131536
2020-10-23 13:18:01,733 [Listener at 127.0.0.1/11786] INFO  impl.MetricsSystemImpl (MetricsSystemImpl.java:init(158)) - OzoneManager metrics system started (again)
2020-10-23 13:18:01,734 [Listener at 127.0.0.1/11786] INFO  om.OzoneManager (OzoneManager.java:start(1133)) - OzoneManager RPC server is listening at localhost/127.0.0.1:11786
2020-10-23 13:18:01,734 [Listener at 127.0.0.1/11786] INFO  ratis.OzoneManagerRatisServer (OzoneManagerRatisServer.java:start(372)) - Starting OzoneManagerRatisServer omNode-2 at port 11790
2020-10-23 13:18:01,739 [Listener at 127.0.0.1/11786] INFO  impl.RaftServerImpl (RaftServerImpl.java:start(209)) - omNode-2@group-523986131536: start as a follower, conf=-1: [omNode-3:localhost:11796:0, omNode-1:localhost:11784:0, omNode-2:localhost:11790:0], old=null
2020-10-23 13:18:01,740 [Listener at 127.0.0.1/11786] INFO  impl.RaftServerImpl (RaftServerImpl.java:setRole(198)) - omNode-2@group-523986131536: changes role from      null to FOLLOWER at term 0 for startAsFollower
2020-10-23 13:18:01,740 [Listener at 127.0.0.1/11786] INFO  impl.RoleInfo (RoleInfo.java:updateAndGet(143)) - omNode-2: start FollowerState
2020-10-23 13:18:01,740 [Listener at 127.0.0.1/11786] INFO  util.JmxRegister (JmxRegister.java:tryRegister(44)) - Successfully registered JMX Bean with object name Ratis:service=RaftServer,group=group-523986131536,id=omNode-2
2020-10-23 13:18:01,740 [Listener at 127.0.0.1/11786] INFO  metrics.RatisMetrics (RatisMetrics.java:lambda$create$0(36)) - Creating Metrics Registry : ratis.state_machine.omNode-2@group-523986131536
2020-10-23 13:18:01,746 [Listener at 127.0.0.1/11786] INFO  impl.RaftServerProxy (RaftServerProxy.java:lambda$start$3(307)) - omNode-2: start RPC server
2020-10-23 13:18:01,751 [Listener at 127.0.0.1/11786] INFO  server.GrpcService (GrpcService.java:startImpl(177)) - omNode-2: GrpcService started, listening on 0.0.0.0/0.0.0.0:11790
2020-10-23 13:18:01,759 [Listener at 127.0.0.1/11786] INFO  http.BaseHttpServer (BaseHttpServer.java:newHttpServer2BuilderForOzone(207)) - Starting Web-server for ozoneManager at: http://0.0.0.0:11788
2020-10-23 13:18:01,759 [Listener at 127.0.0.1/11786] INFO  http.BaseHttpServer (BaseHttpServer.java:<init>(106)) - Hadoop Security Enabled: false Ozone Security Enabled: false Ozone HTTP Security Enabled: false 
2020-10-23 13:18:01,761 [Listener at 127.0.0.1/11786] INFO  server.AuthenticationFilter (AuthenticationFilter.java:constructSecretProvider(240)) - Unable to initialize FileSignerSecretProvider, falling back to use random secrets.
2020-10-23 13:18:01,761 [Listener at 127.0.0.1/11786] WARN  http.HttpRequestLog (HttpRequestLog.java:getRequestLog(103)) - Jetty request log can only be enabled using Log4j
2020-10-23 13:18:01,767 [Listener at 127.0.0.1/11786] INFO  http.HttpServer2 (HttpServer2.java:addGlobalFilter(1019)) - Added global filter 'safety' (class=org.apache.hadoop.hdds.server.http.HttpServer2$QuotingInputFilter)
2020-10-23 13:18:01,768 [Listener at 127.0.0.1/11786] INFO  http.HttpServer2 (HttpServer2.java:addFilter(995)) - Added filter static_user_filter (class=org.apache.hadoop.http.lib.StaticUserWebFilter$StaticUserFilter) to context ozoneManager
2020-10-23 13:18:01,768 [Listener at 127.0.0.1/11786] INFO  http.HttpServer2 (HttpServer2.java:addFilter(1003)) - Added filter static_user_filter (class=org.apache.hadoop.http.lib.StaticUserWebFilter$StaticUserFilter) to context static
2020-10-23 13:18:01,768 [Listener at 127.0.0.1/11786] INFO  http.HttpServer2 (HttpServer2.java:addFilter(1003)) - Added filter static_user_filter (class=org.apache.hadoop.http.lib.StaticUserWebFilter$StaticUserFilter) to context logs
2020-10-23 13:18:01,769 [Listener at 127.0.0.1/11786] INFO  http.HttpServer2 (HttpServer2.java:bindListener(1237)) - Jetty bound to port 11788
2020-10-23 13:18:01,769 [Listener at 127.0.0.1/11786] INFO  server.Server (Server.java:doStart(359)) - jetty-9.4.26.v20200117; built: 2020-01-17T12:35:33.676Z; git: 7b38981d25d14afb4a12ff1f2596756144edf695; jvm 1.8.0_232-b09
2020-10-23 13:18:01,775 [Listener at 127.0.0.1/11786] INFO  server.session (DefaultSessionIdManager.java:doStart(333)) - DefaultSessionIdManager workerName=node0
2020-10-23 13:18:01,776 [Listener at 127.0.0.1/11786] INFO  server.session (DefaultSessionIdManager.java:doStart(338)) - No SessionScavenger set, using defaults
2020-10-23 13:18:01,776 [Listener at 127.0.0.1/11786] INFO  server.session (HouseKeeper.java:startScavenging(140)) - node0 Scavenging every 660000ms
2020-10-23 13:18:01,777 [Listener at 127.0.0.1/11786] INFO  handler.ContextHandler (ContextHandler.java:doStart(825)) - Started o.e.j.s.ServletContextHandler@1c1ef8c6{logs,/logs,file:///github/workspace/mnt/ozone/hadoop-ozone/integration-test/target/log,AVAILABLE}
2020-10-23 13:18:01,777 [Listener at 127.0.0.1/11786] INFO  handler.ContextHandler (ContextHandler.java:doStart(825)) - Started o.e.j.s.ServletContextHandler@6800df31{static,/static,file:///github/workspace/mnt/ozone/hadoop-ozone/integration-test/target/test-classes/webapps/static,AVAILABLE}
2020-10-23 13:18:01,783 [Listener at 127.0.0.1/11786] INFO  handler.ContextHandler (ContextHandler.java:doStart(825)) - Started o.e.j.w.WebAppContext@4939964a{ozoneManager,/,file:///github/workspace/mnt/ozone/hadoop-ozone/integration-test/target/test-classes/webapps/ozoneManager/,AVAILABLE}{file:/github/workspace/mnt/ozone/hadoop-ozone/integration-test/target/test-classes/webapps/ozoneManager}
2020-10-23 13:18:01,788 [Listener at 127.0.0.1/11786] INFO  server.AbstractConnector (AbstractConnector.java:doStart(330)) - Started ServerConnector@5e9e1344{HTTP/1.1,[http/1.1]}{0.0.0.0:11788}
2020-10-23 13:18:01,791 [Listener at 127.0.0.1/11786] INFO  server.Server (Server.java:doStart(399)) - Started @5488ms
2020-10-23 13:18:01,791 [Listener at 127.0.0.1/11786] WARN  impl.MetricsSystemImpl (MetricsSystemImpl.java:register(276)) - Sink prometheus already exists!
2020-10-23 13:18:01,795 [Listener at 127.0.0.1/11786] INFO  http.BaseHttpServer (BaseHttpServer.java:updateConnectorAddress(327)) - HTTP server of ozoneManager listening at http://0.0.0.0:11788
2020-10-23 13:18:01,796 [IPC Server Responder] INFO  ipc.Server (Server.java:run(1460)) - IPC Server Responder: starting
2020-10-23 13:18:01,796 [IPC Server listener on 11786] INFO  ipc.Server (Server.java:run(1298)) - IPC Server listener on 11786: starting
2020-10-23 13:18:01,800 [Listener at 127.0.0.1/11786] INFO  ozone.MiniOzoneHAClusterImpl (MiniOzoneHAClusterImpl.java:createOMService(380)) - Started OzoneManager RPC server at localhost/127.0.0.1:11786
2020-10-23 13:18:01,800 [Listener at 127.0.0.1/11786] WARN  server.ServerUtils (ServerUtils.java:getDBPath(225)) - ozone.om.db.dirs is not configured. We recommend adding this setting. Falling back to ozone.metadata.dirs instead.
2020-10-23 13:18:01,804 [Listener at 127.0.0.1/11786] INFO  ha.OMHANodeDetails (OMHANodeDetails.java:loadOMHAConfig(110)) - ServiceID for OzoneManager is om-service-test1
2020-10-23 13:18:01,805 [Listener at 127.0.0.1/11786] INFO  ha.OMHANodeDetails (OMHANodeDetails.java:loadOMHAConfig(188)) - Found matching OM address with OMServiceId: om-service-test1, OMNodeId: omNode-3, RPC Address: localhost:11792 and Ratis port: 11796
2020-10-23 13:18:01,805 [Listener at 127.0.0.1/11786] INFO  ha.OMHANodeDetails (OMHANodeDetails.java:setOMNodeSpecificConfigs(314)) - Setting configuration key ozone.om.http-address with value of key ozone.om.http-address.omNode-3: 127.0.0.1:11794
2020-10-23 13:18:01,805 [Listener at 127.0.0.1/11786] INFO  ha.OMHANodeDetails (OMHANodeDetails.java:setOMNodeSpecificConfigs(314)) - Setting configuration key ozone.om.https-address with value of key ozone.om.https-address.omNode-3: 127.0.0.1:11795
2020-10-23 13:18:01,805 [Listener at 127.0.0.1/11786] INFO  ha.OMHANodeDetails (OMHANodeDetails.java:setOMNodeSpecificConfigs(314)) - Setting configuration key ozone.om.address with value of key ozone.om.address.omNode-3: 127.0.0.1:11792
2020-10-23 13:18:01,805 [Listener at 127.0.0.1/11786] WARN  server.ServerUtils (ServerUtils.java:getDBPath(225)) - ozone.om.db.dirs is not configured. We recommend adding this setting. Falling back to ozone.metadata.dirs instead.
2020-10-23 13:18:01,806 [Listener at 127.0.0.1/11786] WARN  server.ServerUtils (ServerUtils.java:getDBPath(225)) - ozone.om.db.dirs is not configured. We recommend adding this setting. Falling back to ozone.metadata.dirs instead.
2020-10-23 13:18:01,807 [org.apache.hadoop.util.JvmPauseMonitor$Monitor@6c250ebc] INFO  util.JvmPauseMonitor (JvmPauseMonitor.java:run(188)) - Starting JVM pause monitor
2020-10-23 13:18:01,809 [Listener at 127.0.0.1/11786] WARN  server.ServerUtils (ServerUtils.java:getDBPath(225)) - ozone.om.db.dirs is not configured. We recommend adding this setting. Falling back to ozone.metadata.dirs instead.
2020-10-23 13:18:01,809 [Listener at 127.0.0.1/11786] INFO  codec.OmKeyInfoCodec (OmKeyInfoCodec.java:<init>(41)) - OmKeyInfoCodec ignorePipeline = true
2020-10-23 13:18:01,809 [Listener at 127.0.0.1/11786] INFO  codec.RepeatedOmKeyInfoCodec (RepeatedOmKeyInfoCodec.java:<init>(40)) - RepeatedOmKeyInfoCodec ignorePipeline = true
2020-10-23 13:18:01,877 [Listener at 127.0.0.1/11786] INFO  om.OzoneManager (OzoneManager.java:addS3GVolumeToDB(3622)) - Created Volume s3v With Owner jenkins1001 required for S3Gateway operations.
2020-10-23 13:18:01,877 [Listener at 127.0.0.1/11786] WARN  server.ServerUtils (ServerUtils.java:getDefaultRatisDirectory(237)) - Storage directory for Ratis is not configured. It is a good idea to map this to an SSD disk. Falling back to ozone.metadata.dirs
2020-10-23 13:18:01,878 [Listener at 127.0.0.1/11786] INFO  ratis.OzoneManagerRatisServer (OzoneManagerRatisServer.java:<init>(270)) - Instantiating OM Ratis server with GroupID: om-service-test1 and Raft Peers: localhost:11796, localhost:11784, localhost:11790
2020-10-23 13:18:01,879 [Listener at 127.0.0.1/11786] INFO  ratis.OzoneManagerStateMachine (OzoneManagerStateMachine.java:loadSnapshotInfoFromDB(519)) - LastAppliedIndex is set from TransactionInfo from OM DB as (t:0, i:~)
2020-10-23 13:18:01,879 [Listener at 127.0.0.1/11786] INFO  impl.RaftServerProxy (ConfUtils.java:logGet(44)) - raft.rpc.type = GRPC (default)
2020-10-23 13:18:01,879 [Listener at 127.0.0.1/11786] INFO  grpc.GrpcFactory (GrpcFactory.java:checkPooledByteBufAllocatorUseCacheForAllThreads(45)) - PERFORMANCE WARNING: useCacheForAllThreads is true that may cause Netty to create a lot garbage objects and, as a result, trigger GC.
	It is recommended to disable useCacheForAllThreads by setting -Dorg.apache.ratis.thirdparty.io.netty.allocator.useCacheForAllThreads=false in command line.
2020-10-23 13:18:01,879 [Listener at 127.0.0.1/11786] INFO  grpc.GrpcConfigKeys (ConfUtils.java:logGet(44)) - raft.grpc.server.port = 11796 (custom)
2020-10-23 13:18:01,880 [Listener at 127.0.0.1/11786] INFO  server.GrpcService (ConfUtils.java:logGet(44)) - raft.grpc.message.size.max = 33554432 (custom)
2020-10-23 13:18:01,880 [Listener at 127.0.0.1/11786] INFO  server.RaftServerConfigKeys (ConfUtils.java:logGet(44)) - raft.server.log.appender.buffer.byte-limit = 33554432 (custom)
2020-10-23 13:18:01,880 [Listener at 127.0.0.1/11786] INFO  server.GrpcService (ConfUtils.java:logGet(44)) - raft.grpc.flow.control.window = 1MB (=1048576) (default)
2020-10-23 13:18:01,880 [Listener at 127.0.0.1/11786] INFO  server.RaftServerConfigKeys (ConfUtils.java:logGet(44)) - raft.server.rpc.request.timeout = 3000ms (default)
2020-10-23 13:18:01,881 [Listener at 127.0.0.1/11786] INFO  server.RaftServerConfigKeys (ConfUtils.java:logGet(44)) - raft.server.storage.dir = [/github/workspace/mnt/ozone/hadoop-ozone/integration-test/target/test-dir/MiniOzoneClusterImpl-268cb0c2-3227-45ab-9618-d290d5ae62e2/omNode-3/ratis] (custom)
2020-10-23 13:18:01,883 [Listener at 127.0.0.1/11786] INFO  impl.RaftServerProxy (RaftServerProxy.java:addNew(92)) - omNode-3: addNew group-523986131536:[omNode-3:localhost:11796:0, omNode-1:localhost:11784:0, omNode-2:localhost:11790:0] returns group-523986131536:java.util.concurrent.CompletableFuture@5757409[Not completed]
2020-10-23 13:18:01,884 [pool-58-thread-1] INFO  impl.RaftServerImpl (RaftServerImpl.java:<init>(120)) - omNode-3: new RaftServerImpl for group-523986131536:[omNode-3:localhost:11796:0, omNode-1:localhost:11784:0, omNode-2:localhost:11790:0] with OzoneManagerStateMachine:uninitialized
2020-10-23 13:18:01,885 [Listener at 127.0.0.1/11786] INFO  om.OzoneManager (OzoneManager.java:initializeRatisServer(1279)) - OzoneManager Ratis server initialized at port 11796
2020-10-23 13:18:01,885 [Listener at 127.0.0.1/11786] WARN  server.ServerUtils (ServerUtils.java:getDefaultRatisDirectory(237)) - Storage directory for Ratis is not configured. It is a good idea to map this to an SSD disk. Falling back to ozone.metadata.dirs
2020-10-23 13:18:01,885 [Listener at 127.0.0.1/11786] WARN  server.ServerUtils (ServerUtils.java:getDefaultRatisDirectory(237)) - Storage directory for Ratis is not configured. It is a good idea to map this to an SSD disk. Falling back to ozone.metadata.dirs
2020-10-23 13:18:01,885 [Listener at 127.0.0.1/11786] INFO  snapshot.OzoneManagerSnapshotProvider (OzoneManagerSnapshotProvider.java:<init>(77)) - Initializing OM Snapshot Provider
2020-10-23 13:18:01,892 [pool-58-thread-1] INFO  server.RaftServerConfigKeys (ConfUtils.java:logGet(44)) - raft.server.rpc.timeout.min = 1s (custom)
2020-10-23 13:18:01,892 [Listener at 127.0.0.1/11786] INFO  ipc.CallQueueManager (CallQueueManager.java:<init>(84)) - Using callQueue: class java.util.concurrent.LinkedBlockingQueue, queueCapacity: 2000, scheduler: class org.apache.hadoop.ipc.DefaultRpcScheduler, ipcBackoff: false.
2020-10-23 13:18:01,893 [Socket Reader #1 for port 11792] INFO  ipc.Server (Server.java:run(1219)) - Starting Socket Reader #1 for port 11792
2020-10-23 13:18:01,892 [pool-58-thread-1] INFO  server.RaftServerConfigKeys (ConfUtils.java:logGet(44)) - raft.server.rpc.timeout.max = 1200ms (custom)
2020-10-23 13:18:01,908 [pool-58-thread-1] INFO  server.RaftServerConfigKeys (ConfUtils.java:logGet(44)) - raft.server.rpcslowness.timeout = 2s (custom)
2020-10-23 13:18:01,908 [pool-58-thread-1] INFO  server.RaftServerConfigKeys (ConfUtils.java:logGet(44)) - raft.server.sleep.deviation.threshold = 300 (default)
2020-10-23 13:18:01,908 [pool-58-thread-1] INFO  server.RaftServerConfigKeys (ConfUtils.java:logGet(44)) - raft.server.log.appender.install.snapshot.enabled = false (custom)
2020-10-23 13:18:01,908 [pool-58-thread-1] INFO  impl.RaftServerImpl (ServerState.java:<init>(104)) - omNode-3@group-523986131536: ConfigurationManager, init=-1: [omNode-3:localhost:11796:0, omNode-1:localhost:11784:0, omNode-2:localhost:11790:0], old=null, confs=<EMPTY_MAP>
2020-10-23 13:18:01,908 [pool-58-thread-1] INFO  server.RaftServerConfigKeys (ConfUtils.java:logGet(44)) - raft.server.storage.dir = [/github/workspace/mnt/ozone/hadoop-ozone/integration-test/target/test-dir/MiniOzoneClusterImpl-268cb0c2-3227-45ab-9618-d290d5ae62e2/omNode-3/ratis] (custom)
2020-10-23 13:18:01,909 [pool-58-thread-1] INFO  server.RaftServerConfigKeys (ConfUtils.java:logGet(44)) - raft.server.log.corruption.policy = EXCEPTION (default)
2020-10-23 13:18:01,909 [pool-58-thread-1] INFO  storage.RaftStorageDirectory (RaftStorageDirectory.java:analyzeStorage(261)) - The storage directory /github/workspace/mnt/ozone/hadoop-ozone/integration-test/target/test-dir/MiniOzoneClusterImpl-268cb0c2-3227-45ab-9618-d290d5ae62e2/omNode-3/ratis/c9bc4cf4-3bc3-3c60-a66b-523986131536 does not exist. Creating ...
2020-10-23 13:18:01,910 [pool-58-thread-1] INFO  storage.RaftStorageDirectory (RaftStorageDirectory.java:tryLock(343)) - Lock on /github/workspace/mnt/ozone/hadoop-ozone/integration-test/target/test-dir/MiniOzoneClusterImpl-268cb0c2-3227-45ab-9618-d290d5ae62e2/omNode-3/ratis/c9bc4cf4-3bc3-3c60-a66b-523986131536/in_use.lock acquired by nodename 10365@1a5acc08e21a
2020-10-23 13:18:01,912 [pool-58-thread-1] INFO  storage.RaftStorage (RaftStorage.java:format(84)) - Storage directory /github/workspace/mnt/ozone/hadoop-ozone/integration-test/target/test-dir/MiniOzoneClusterImpl-268cb0c2-3227-45ab-9618-d290d5ae62e2/omNode-3/ratis/c9bc4cf4-3bc3-3c60-a66b-523986131536 has been successfully formatted.
2020-10-23 13:18:01,912 [pool-58-thread-1] INFO  server.RaftServerConfigKeys (ConfUtils.java:logGet(44)) - raft.server.notification.no-leader.timeout = 2s (custom)
2020-10-23 13:18:01,912 [pool-58-thread-1] INFO  server.RaftServerConfigKeys (ConfUtils.java:logGet(44)) - raft.server.log.use.memory = false (default)
2020-10-23 13:18:01,912 [pool-58-thread-1] INFO  server.RaftServerConfigKeys (ConfUtils.java:logGet(44)) - raft.server.log.purge.gap = 50 (custom)
2020-10-23 13:18:01,912 [pool-58-thread-1] INFO  metrics.RatisMetrics (RatisMetrics.java:lambda$create$0(36)) - Creating Metrics Registry : ratis.log_worker.omNode-3@group-523986131536
2020-10-23 13:18:01,913 [pool-58-thread-1] INFO  server.RaftServerConfigKeys (ConfUtils.java:logGet(44)) - raft.server.log.appender.buffer.byte-limit = 33554432 (custom)
2020-10-23 13:18:01,913 [pool-58-thread-1] INFO  server.RaftServerConfigKeys (ConfUtils.java:logGet(44)) - raft.server.log.segment.size.max = 4194304 (custom)
2020-10-23 13:18:01,913 [pool-58-thread-1] INFO  server.RaftServerConfigKeys (ConfUtils.java:logGet(44)) - raft.server.log.segment.cache.num.max = 2 (custom)
2020-10-23 13:18:01,914 [pool-58-thread-1] INFO  segmented.SegmentedRaftLogWorker (SegmentedRaftLogWorker.java:<init>(180)) - new omNode-3@group-523986131536-SegmentedRaftLogWorker for RaftStorage:Storage Directory /github/workspace/mnt/ozone/hadoop-ozone/integration-test/target/test-dir/MiniOzoneClusterImpl-268cb0c2-3227-45ab-9618-d290d5ae62e2/omNode-3/ratis/c9bc4cf4-3bc3-3c60-a66b-523986131536
2020-10-23 13:18:01,914 [pool-58-thread-1] INFO  server.RaftServerConfigKeys (ConfUtils.java:logGet(44)) - raft.server.log.queue.byte-limit = 64MB (=67108864) (default)
2020-10-23 13:18:01,914 [pool-58-thread-1] INFO  server.RaftServerConfigKeys (ConfUtils.java:logGet(44)) - raft.server.log.queue.element-limit = 4096 (default)
2020-10-23 13:18:01,914 [pool-58-thread-1] INFO  server.RaftServerConfigKeys (ConfUtils.java:logGet(44)) - raft.server.log.segment.size.max = 4194304 (custom)
2020-10-23 13:18:01,914 [pool-58-thread-1] INFO  server.RaftServerConfigKeys (ConfUtils.java:logGet(44)) - raft.server.log.preallocated.size = 4194304 (custom)
2020-10-23 13:18:01,914 [pool-58-thread-1] INFO  server.RaftServerConfigKeys (ConfUtils.java:logGet(44)) - raft.server.log.write.buffer.size = 64KB (=65536) (default)
2020-10-23 13:18:01,914 [pool-58-thread-1] INFO  server.RaftServerConfigKeys (ConfUtils.java:logGet(44)) - raft.server.log.force.sync.num = 128 (default)
2020-10-23 13:18:01,914 [pool-58-thread-1] INFO  server.RaftServerConfigKeys (ConfUtils.java:logGet(44)) - raft.server.log.statemachine.data.sync = true (default)
2020-10-23 13:18:01,914 [pool-58-thread-1] INFO  server.RaftServerConfigKeys (ConfUtils.java:logGet(44)) - raft.server.log.statemachine.data.sync.timeout = 10s (default)
2020-10-23 13:18:01,914 [pool-58-thread-1] INFO  server.RaftServerConfigKeys (ConfUtils.java:logGet(44)) - raft.server.log.statemachine.data.sync.timeout.retry = -1 (default)
2020-10-23 13:18:01,916 [pool-58-thread-1] INFO  server.RaftServerConfigKeys (ConfUtils.java:logGet(44)) - raft.server.log.statemachine.data.caching.enabled = false (default)
2020-10-23 13:18:01,916 [pool-58-thread-1] INFO  segmented.SegmentedRaftLogWorker (SegmentedRaftLogWorker.java:lambda$new$0(129)) - omNode-3@group-523986131536-SegmentedRaftLogWorker: flushIndex: setUnconditionally 0 -> -1
2020-10-23 13:18:01,916 [pool-58-thread-1] INFO  segmented.SegmentedRaftLogWorker (SegmentedRaftLogWorker.java:lambda$new$0(129)) - omNode-3@group-523986131536-SegmentedRaftLogWorker: safeCacheEvictIndex: setUnconditionally 0 -> -1
2020-10-23 13:18:01,923 [Listener at 127.0.0.1/11792] INFO  impl.MetricsSystemImpl (MetricsSystemImpl.java:init(158)) - OzoneManager metrics system started (again)
2020-10-23 13:18:01,923 [pool-58-thread-1] INFO  server.RaftServerConfigKeys (ConfUtils.java:logGet(44)) - raft.server.snapshot.auto.trigger.enabled = true (custom)
2020-10-23 13:18:01,924 [pool-58-thread-1] INFO  server.RaftServerConfigKeys (ConfUtils.java:logGet(44)) - raft.server.snapshot.auto.trigger.threshold = 50 (custom)
2020-10-23 13:18:01,924 [pool-58-thread-1] INFO  server.RaftServerConfigKeys (ConfUtils.java:logGet(44)) - raft.server.snapshot.retention.file.num = -1 (default)
2020-10-23 13:18:01,924 [pool-58-thread-1] INFO  server.RaftServerConfigKeys (ConfUtils.java:logGet(44)) - raft.server.log.purge.upto.snapshot.index = true (custom)
2020-10-23 13:18:01,924 [pool-58-thread-1] INFO  server.RaftServerConfigKeys (ConfUtils.java:logGet(44)) - raft.server.retrycache.expirytime = 600000ms (custom)
2020-10-23 13:18:01,924 [pool-58-thread-1] INFO  metrics.RatisMetrics (RatisMetrics.java:lambda$create$0(36)) - Creating Metrics Registry : ratis.leader_election.omNode-3@group-523986131536
2020-10-23 13:18:01,924 [pool-58-thread-1] INFO  metrics.RatisMetrics (RatisMetrics.java:lambda$create$0(36)) - Creating Metrics Registry : ratis.server.omNode-3@group-523986131536
2020-10-23 13:18:01,927 [Listener at 127.0.0.1/11792] INFO  om.OzoneManager (OzoneManager.java:start(1133)) - OzoneManager RPC server is listening at localhost/127.0.0.1:11792
2020-10-23 13:18:01,927 [Listener at 127.0.0.1/11792] INFO  ratis.OzoneManagerRatisServer (OzoneManagerRatisServer.java:start(372)) - Starting OzoneManagerRatisServer omNode-3 at port 11796
2020-10-23 13:18:01,927 [Listener at 127.0.0.1/11792] INFO  impl.RaftServerImpl (RaftServerImpl.java:start(209)) - omNode-3@group-523986131536: start as a follower, conf=-1: [omNode-3:localhost:11796:0, omNode-1:localhost:11784:0, omNode-2:localhost:11790:0], old=null
2020-10-23 13:18:01,927 [Listener at 127.0.0.1/11792] INFO  impl.RaftServerImpl (RaftServerImpl.java:setRole(198)) - omNode-3@group-523986131536: changes role from      null to FOLLOWER at term 0 for startAsFollower
2020-10-23 13:18:01,928 [Listener at 127.0.0.1/11792] INFO  impl.RoleInfo (RoleInfo.java:updateAndGet(143)) - omNode-3: start FollowerState
2020-10-23 13:18:01,928 [Listener at 127.0.0.1/11792] INFO  util.JmxRegister (JmxRegister.java:tryRegister(44)) - Successfully registered JMX Bean with object name Ratis:service=RaftServer,group=group-523986131536,id=omNode-3
2020-10-23 13:18:01,928 [Listener at 127.0.0.1/11792] INFO  metrics.RatisMetrics (RatisMetrics.java:lambda$create$0(36)) - Creating Metrics Registry : ratis.state_machine.omNode-3@group-523986131536
2020-10-23 13:18:01,930 [Listener at 127.0.0.1/11792] INFO  impl.RaftServerProxy (RaftServerProxy.java:lambda$start$3(307)) - omNode-3: start RPC server
2020-10-23 13:18:01,932 [Listener at 127.0.0.1/11792] INFO  server.GrpcService (GrpcService.java:startImpl(177)) - omNode-3: GrpcService started, listening on 0.0.0.0/0.0.0.0:11796
2020-10-23 13:18:01,938 [Listener at 127.0.0.1/11792] INFO  http.BaseHttpServer (BaseHttpServer.java:newHttpServer2BuilderForOzone(207)) - Starting Web-server for ozoneManager at: http://0.0.0.0:11794
2020-10-23 13:18:01,938 [Listener at 127.0.0.1/11792] INFO  http.BaseHttpServer (BaseHttpServer.java:<init>(106)) - Hadoop Security Enabled: false Ozone Security Enabled: false Ozone HTTP Security Enabled: false 
2020-10-23 13:18:01,939 [Listener at 127.0.0.1/11792] INFO  server.AuthenticationFilter (AuthenticationFilter.java:constructSecretProvider(240)) - Unable to initialize FileSignerSecretProvider, falling back to use random secrets.
2020-10-23 13:18:01,940 [Listener at 127.0.0.1/11792] WARN  http.HttpRequestLog (HttpRequestLog.java:getRequestLog(103)) - Jetty request log can only be enabled using Log4j
2020-10-23 13:18:01,944 [Listener at 127.0.0.1/11792] INFO  http.HttpServer2 (HttpServer2.java:addGlobalFilter(1019)) - Added global filter 'safety' (class=org.apache.hadoop.hdds.server.http.HttpServer2$QuotingInputFilter)
2020-10-23 13:18:01,945 [Listener at 127.0.0.1/11792] INFO  http.HttpServer2 (HttpServer2.java:addFilter(995)) - Added filter static_user_filter (class=org.apache.hadoop.http.lib.StaticUserWebFilter$StaticUserFilter) to context ozoneManager
2020-10-23 13:18:01,945 [Listener at 127.0.0.1/11792] INFO  http.HttpServer2 (HttpServer2.java:addFilter(1003)) - Added filter static_user_filter (class=org.apache.hadoop.http.lib.StaticUserWebFilter$StaticUserFilter) to context static
2020-10-23 13:18:01,945 [Listener at 127.0.0.1/11792] INFO  http.HttpServer2 (HttpServer2.java:addFilter(1003)) - Added filter static_user_filter (class=org.apache.hadoop.http.lib.StaticUserWebFilter$StaticUserFilter) to context logs
2020-10-23 13:18:01,946 [Listener at 127.0.0.1/11792] INFO  http.HttpServer2 (HttpServer2.java:bindListener(1237)) - Jetty bound to port 11794
2020-10-23 13:18:01,946 [Listener at 127.0.0.1/11792] INFO  server.Server (Server.java:doStart(359)) - jetty-9.4.26.v20200117; built: 2020-01-17T12:35:33.676Z; git: 7b38981d25d14afb4a12ff1f2596756144edf695; jvm 1.8.0_232-b09
2020-10-23 13:18:01,957 [Listener at 127.0.0.1/11792] INFO  server.session (DefaultSessionIdManager.java:doStart(333)) - DefaultSessionIdManager workerName=node0
2020-10-23 13:18:01,958 [Listener at 127.0.0.1/11792] INFO  server.session (DefaultSessionIdManager.java:doStart(338)) - No SessionScavenger set, using defaults
2020-10-23 13:18:01,958 [Listener at 127.0.0.1/11792] INFO  server.session (HouseKeeper.java:startScavenging(140)) - node0 Scavenging every 660000ms
2020-10-23 13:18:01,959 [Listener at 127.0.0.1/11792] INFO  handler.ContextHandler (ContextHandler.java:doStart(825)) - Started o.e.j.s.ServletContextHandler@5e3d1880{logs,/logs,file:///github/workspace/mnt/ozone/hadoop-ozone/integration-test/target/log,AVAILABLE}
2020-10-23 13:18:01,959 [Listener at 127.0.0.1/11792] INFO  handler.ContextHandler (ContextHandler.java:doStart(825)) - Started o.e.j.s.ServletContextHandler@23a68baf{static,/static,file:///github/workspace/mnt/ozone/hadoop-ozone/integration-test/target/test-classes/webapps/static,AVAILABLE}
2020-10-23 13:18:01,968 [Listener at 127.0.0.1/11792] INFO  handler.ContextHandler (ContextHandler.java:doStart(825)) - Started o.e.j.w.WebAppContext@2693bd78{ozoneManager,/,file:///github/workspace/mnt/ozone/hadoop-ozone/integration-test/target/test-classes/webapps/ozoneManager/,AVAILABLE}{file:/github/workspace/mnt/ozone/hadoop-ozone/integration-test/target/test-classes/webapps/ozoneManager}
2020-10-23 13:18:01,970 [Listener at 127.0.0.1/11792] INFO  server.AbstractConnector (AbstractConnector.java:doStart(330)) - Started ServerConnector@71ff0341{HTTP/1.1,[http/1.1]}{0.0.0.0:11794}
2020-10-23 13:18:01,970 [Listener at 127.0.0.1/11792] INFO  server.Server (Server.java:doStart(399)) - Started @5670ms
2020-10-23 13:18:01,971 [Listener at 127.0.0.1/11792] WARN  impl.MetricsSystemImpl (MetricsSystemImpl.java:register(276)) - Sink prometheus already exists!
2020-10-23 13:18:01,974 [Listener at 127.0.0.1/11792] INFO  http.BaseHttpServer (BaseHttpServer.java:updateConnectorAddress(327)) - HTTP server of ozoneManager listening at http://0.0.0.0:11794
2020-10-23 13:18:01,975 [IPC Server Responder] INFO  ipc.Server (Server.java:run(1460)) - IPC Server Responder: starting
2020-10-23 13:18:01,976 [IPC Server listener on 11792] INFO  ipc.Server (Server.java:run(1298)) - IPC Server listener on 11792: starting
2020-10-23 13:18:01,983 [Listener at 127.0.0.1/11792] INFO  ozone.MiniOzoneHAClusterImpl (MiniOzoneHAClusterImpl.java:createOMService(380)) - Started OzoneManager RPC server at localhost/127.0.0.1:11792
2020-10-23 13:18:02,004 [org.apache.hadoop.util.JvmPauseMonitor$Monitor@6185c96e] INFO  util.JvmPauseMonitor (JvmPauseMonitor.java:run(188)) - Starting JVM pause monitor
2020-10-23 13:18:02,157 [Listener at 127.0.0.1/11792] INFO  impl.MetricsSystemImpl (MetricsSystemImpl.java:init(158)) - HddsDatanode metrics system started (again)
2020-10-23 13:18:02,163 [Listener at 127.0.0.1/11792] INFO  ozone.HddsDatanodeService (HddsDatanodeService.java:start(217)) - HddsDatanodeService host:1a5acc08e21a ip:172.17.0.2
2020-10-23 13:18:02,219 [Listener at 127.0.0.1/11792] INFO  volume.HddsVolume (HddsVolume.java:<init>(176)) - Creating Volume: /github/workspace/mnt/ozone/hadoop-ozone/integration-test/target/test-dir/MiniOzoneClusterImpl-268cb0c2-3227-45ab-9618-d290d5ae62e2/datanode-0/data-0/containers/hdds of storage type : DISK and capacity : 9223372036854775807
2020-10-23 13:18:02,221 [Listener at 127.0.0.1/11792] INFO  volume.MutableVolumeSet (MutableVolumeSet.java:initializeVolumeSet(179)) - Added Volume : /github/workspace/mnt/ozone/hadoop-ozone/integration-test/target/test-dir/MiniOzoneClusterImpl-268cb0c2-3227-45ab-9618-d290d5ae62e2/datanode-0/data-0/containers/hdds to VolumeSet
2020-10-23 13:18:02,222 [Listener at 127.0.0.1/11792] INFO  volume.ThrottledAsyncChecker (ThrottledAsyncChecker.java:schedule(141)) - Scheduling a check for /github/workspace/mnt/ozone/hadoop-ozone/integration-test/target/test-dir/MiniOzoneClusterImpl-268cb0c2-3227-45ab-9618-d290d5ae62e2/datanode-0/data-0/containers/hdds
2020-10-23 13:18:02,246 [Listener at 127.0.0.1/11792] INFO  volume.HddsVolumeChecker (HddsVolumeChecker.java:checkAllVolumes(200)) - Scheduled health check for volume /github/workspace/mnt/ozone/hadoop-ozone/integration-test/target/test-dir/MiniOzoneClusterImpl-268cb0c2-3227-45ab-9618-d290d5ae62e2/datanode-0/data-0/containers/hdds
2020-10-23 13:18:02,274 [Thread-209] INFO  ozoneimpl.ContainerReader (ContainerReader.java:readVolume(123)) - Start to verify containers on volume /github/workspace/mnt/ozone/hadoop-ozone/integration-test/target/test-dir/MiniOzoneClusterImpl-268cb0c2-3227-45ab-9618-d290d5ae62e2/datanode-0/data-0/containers/hdds
2020-10-23 13:18:02,274 [Thread-209] INFO  ozoneimpl.ContainerReader (ContainerReader.java:readVolume(148)) - Finish verifying containers on volume /github/workspace/mnt/ozone/hadoop-ozone/integration-test/target/test-dir/MiniOzoneClusterImpl-268cb0c2-3227-45ab-9618-d290d5ae62e2/datanode-0/data-0/containers/hdds
2020-10-23 13:18:02,275 [Listener at 127.0.0.1/11792] INFO  ozoneimpl.OzoneContainer (OzoneContainer.java:buildContainerSet(196)) - Build ContainerSet costs 0s
2020-10-23 13:18:02,363 [Listener at 127.0.0.1/11792] INFO  impl.RaftServerProxy (ConfUtils.java:logGet(44)) - raft.rpc.type = GRPC (default)
2020-10-23 13:18:02,364 [Listener at 127.0.0.1/11792] INFO  grpc.GrpcFactory (GrpcFactory.java:checkPooledByteBufAllocatorUseCacheForAllThreads(45)) - PERFORMANCE WARNING: useCacheForAllThreads is true that may cause Netty to create a lot garbage objects and, as a result, trigger GC.
	It is recommended to disable useCacheForAllThreads by setting -Dorg.apache.ratis.thirdparty.io.netty.allocator.useCacheForAllThreads=false in command line.
2020-10-23 13:18:02,364 [Listener at 127.0.0.1/11792] INFO  grpc.GrpcConfigKeys (ConfUtils.java:logGet(44)) - raft.grpc.server.port = 0 (default)
2020-10-23 13:18:02,364 [Listener at 127.0.0.1/11792] INFO  server.GrpcService (ConfUtils.java:logGet(44)) - raft.grpc.message.size.max = 32MB (=33554432) (custom)
2020-10-23 13:18:02,364 [Listener at 127.0.0.1/11792] INFO  server.RaftServerConfigKeys (ConfUtils.java:logGet(44)) - raft.server.log.appender.buffer.byte-limit = 33554432 (custom)
2020-10-23 13:18:02,364 [Listener at 127.0.0.1/11792] INFO  server.GrpcService (ConfUtils.java:logGet(44)) - raft.grpc.flow.control.window = 5MB (=5242880) (custom)
2020-10-23 13:18:02,365 [Listener at 127.0.0.1/11792] INFO  server.RaftServerConfigKeys (ConfUtils.java:logGet(44)) - raft.server.rpc.request.timeout = 60s (custom)
2020-10-23 13:18:02,373 [Listener at 127.0.0.1/11792] INFO  server.RaftServerConfigKeys (ConfUtils.java:logGet(44)) - raft.server.storage.dir = [/github/workspace/mnt/ozone/hadoop-ozone/integration-test/target/test-dir/MiniOzoneClusterImpl-268cb0c2-3227-45ab-9618-d290d5ae62e2/datanode-0/data/ratis] (custom)
2020-10-23 13:18:02,460 [Listener at 127.0.0.1/11792] INFO  http.BaseHttpServer (BaseHttpServer.java:newHttpServer2BuilderForOzone(207)) - Starting Web-server for hddsDatanode at: http://0.0.0.0:0
2020-10-23 13:18:02,460 [Listener at 127.0.0.1/11792] INFO  http.BaseHttpServer (BaseHttpServer.java:<init>(106)) - Hadoop Security Enabled: false Ozone Security Enabled: false Ozone HTTP Security Enabled: false 
2020-10-23 13:18:02,463 [Listener at 127.0.0.1/11792] INFO  server.AuthenticationFilter (AuthenticationFilter.java:constructSecretProvider(240)) - Unable to initialize FileSignerSecretProvider, falling back to use random secrets.
2020-10-23 13:18:02,463 [Listener at 127.0.0.1/11792] WARN  http.HttpRequestLog (HttpRequestLog.java:getRequestLog(103)) - Jetty request log can only be enabled using Log4j
2020-10-23 13:18:02,464 [Listener at 127.0.0.1/11792] INFO  http.HttpServer2 (HttpServer2.java:addGlobalFilter(1019)) - Added global filter 'safety' (class=org.apache.hadoop.hdds.server.http.HttpServer2$QuotingInputFilter)
2020-10-23 13:18:02,466 [Listener at 127.0.0.1/11792] INFO  http.HttpServer2 (HttpServer2.java:addFilter(995)) - Added filter static_user_filter (class=org.apache.hadoop.http.lib.StaticUserWebFilter$StaticUserFilter) to context hddsDatanode
2020-10-23 13:18:02,466 [Listener at 127.0.0.1/11792] INFO  http.HttpServer2 (HttpServer2.java:addFilter(1003)) - Added filter static_user_filter (class=org.apache.hadoop.http.lib.StaticUserWebFilter$StaticUserFilter) to context logs
2020-10-23 13:18:02,466 [Listener at 127.0.0.1/11792] INFO  http.HttpServer2 (HttpServer2.java:addFilter(1003)) - Added filter static_user_filter (class=org.apache.hadoop.http.lib.StaticUserWebFilter$StaticUserFilter) to context static
2020-10-23 13:18:02,467 [Listener at 127.0.0.1/11792] INFO  http.HttpServer2 (HttpServer2.java:bindListener(1237)) - Jetty bound to port 39377
2020-10-23 13:18:02,467 [Listener at 127.0.0.1/11792] INFO  server.Server (Server.java:doStart(359)) - jetty-9.4.26.v20200117; built: 2020-01-17T12:35:33.676Z; git: 7b38981d25d14afb4a12ff1f2596756144edf695; jvm 1.8.0_232-b09
2020-10-23 13:18:02,475 [Listener at 127.0.0.1/11792] INFO  server.session (DefaultSessionIdManager.java:doStart(333)) - DefaultSessionIdManager workerName=node0
2020-10-23 13:18:02,475 [Listener at 127.0.0.1/11792] INFO  server.session (DefaultSessionIdManager.java:doStart(338)) - No SessionScavenger set, using defaults
2020-10-23 13:18:02,476 [Listener at 127.0.0.1/11792] INFO  server.session (HouseKeeper.java:startScavenging(140)) - node0 Scavenging every 660000ms
2020-10-23 13:18:02,477 [Listener at 127.0.0.1/11792] INFO  handler.ContextHandler (ContextHandler.java:doStart(825)) - Started o.e.j.s.ServletContextHandler@14014883{logs,/logs,file:///github/workspace/mnt/ozone/hadoop-ozone/integration-test/target/log,AVAILABLE}
2020-10-23 13:18:02,478 [Listener at 127.0.0.1/11792] INFO  handler.ContextHandler (ContextHandler.java:doStart(825)) - Started o.e.j.s.ServletContextHandler@46e9a90c{static,/static,jar:file:/home/user/.m2/repository/org/apache/hadoop/hadoop-hdds-container-service/1.1.0-SNAPSHOT/hadoop-hdds-container-service-1.1.0-SNAPSHOT.jar!/webapps/static,AVAILABLE}
2020-10-23 13:18:02,596 [Thread-100] INFO  impl.FollowerState (FollowerState.java:run(108)) - omNode-1@group-523986131536-FollowerState: change to CANDIDATE, lastRpcTime:1199ms, electionTimeout:1164ms
2020-10-23 13:18:02,598 [Thread-100] INFO  impl.RoleInfo (RoleInfo.java:shutdownFollowerState(121)) - omNode-1: shutdown FollowerState
2020-10-23 13:18:02,598 [Thread-100] INFO  impl.RaftServerImpl (RaftServerImpl.java:setRole(198)) - omNode-1@group-523986131536: changes role from  FOLLOWER to CANDIDATE at term 0 for changeToCandidate
2020-10-23 13:18:02,601 [Thread-100] INFO  impl.RoleInfo (RoleInfo.java:updateAndGet(143)) - omNode-1: start LeaderElection
2020-10-23 13:18:02,619 [omNode-1@group-523986131536-LeaderElection1] INFO  impl.LeaderElection (LeaderElection.java:askForVotes(210)) - omNode-1@group-523986131536-LeaderElection1: begin an election at term 1 for -1: [omNode-3:localhost:11796:0, omNode-1:localhost:11784:0, omNode-2:localhost:11790:0], old=null
2020-10-23 13:18:02,755 [Listener at 127.0.0.1/11792] INFO  handler.ContextHandler (ContextHandler.java:doStart(825)) - Started o.e.j.w.WebAppContext@45db7dbc{hddsDatanode,/,file:///tmp/jetty-0_0_0_0-39377-hadoop-hdds-container-service-1_1_0-SNAPSHOT_jar-_-any-2876254799917698406.dir/webapp/,AVAILABLE}{jar:file:/home/user/.m2/repository/org/apache/hadoop/hadoop-hdds-container-service/1.1.0-SNAPSHOT/hadoop-hdds-container-service-1.1.0-SNAPSHOT.jar!/webapps/hddsDatanode}
2020-10-23 13:18:02,762 [Listener at 127.0.0.1/11792] INFO  server.AbstractConnector (AbstractConnector.java:doStart(330)) - Started ServerConnector@5db99bd7{HTTP/1.1,[http/1.1]}{0.0.0.0:39377}
2020-10-23 13:18:02,762 [Listener at 127.0.0.1/11792] INFO  server.Server (Server.java:doStart(399)) - Started @6462ms
2020-10-23 13:18:02,762 [Listener at 127.0.0.1/11792] WARN  impl.MetricsSystemImpl (MetricsSystemImpl.java:register(276)) - Sink prometheus already exists!
2020-10-23 13:18:02,766 [Listener at 127.0.0.1/11792] INFO  http.BaseHttpServer (BaseHttpServer.java:updateConnectorAddress(327)) - HTTP server of hddsDatanode listening at http://0.0.0.0:39377
2020-10-23 13:18:02,767 [Listener at 127.0.0.1/11792] INFO  impl.MetricsSystemImpl (MetricsSystemImpl.java:init(158)) - HddsDatanode metrics system started (again)
2020-10-23 13:18:02,769 [Listener at 127.0.0.1/11792] INFO  ozone.HddsDatanodeService (HddsDatanodeService.java:start(217)) - HddsDatanodeService host:1a5acc08e21a ip:172.17.0.2
2020-10-23 13:18:02,771 [Listener at 127.0.0.1/11792] INFO  volume.HddsVolume (HddsVolume.java:<init>(176)) - Creating Volume: /github/workspace/mnt/ozone/hadoop-ozone/integration-test/target/test-dir/MiniOzoneClusterImpl-268cb0c2-3227-45ab-9618-d290d5ae62e2/datanode-1/data-0/containers/hdds of storage type : DISK and capacity : 9223372036854775807
2020-10-23 13:18:02,776 [Listener at 127.0.0.1/11792] INFO  volume.MutableVolumeSet (MutableVolumeSet.java:initializeVolumeSet(179)) - Added Volume : /github/workspace/mnt/ozone/hadoop-ozone/integration-test/target/test-dir/MiniOzoneClusterImpl-268cb0c2-3227-45ab-9618-d290d5ae62e2/datanode-1/data-0/containers/hdds to VolumeSet
2020-10-23 13:18:02,776 [Listener at 127.0.0.1/11792] INFO  volume.ThrottledAsyncChecker (ThrottledAsyncChecker.java:schedule(141)) - Scheduling a check for /github/workspace/mnt/ozone/hadoop-ozone/integration-test/target/test-dir/MiniOzoneClusterImpl-268cb0c2-3227-45ab-9618-d290d5ae62e2/datanode-1/data-0/containers/hdds
2020-10-23 13:18:02,777 [Listener at 127.0.0.1/11792] INFO  volume.HddsVolumeChecker (HddsVolumeChecker.java:checkAllVolumes(200)) - Scheduled health check for volume /github/workspace/mnt/ozone/hadoop-ozone/integration-test/target/test-dir/MiniOzoneClusterImpl-268cb0c2-3227-45ab-9618-d290d5ae62e2/datanode-1/data-0/containers/hdds
2020-10-23 13:18:02,830 [Thread-222] INFO  ozoneimpl.ContainerReader (ContainerReader.java:readVolume(123)) - Start to verify containers on volume /github/workspace/mnt/ozone/hadoop-ozone/integration-test/target/test-dir/MiniOzoneClusterImpl-268cb0c2-3227-45ab-9618-d290d5ae62e2/datanode-1/data-0/containers/hdds
2020-10-23 13:18:02,849 [Thread-222] INFO  ozoneimpl.ContainerReader (ContainerReader.java:readVolume(148)) - Finish verifying containers on volume /github/workspace/mnt/ozone/hadoop-ozone/integration-test/target/test-dir/MiniOzoneClusterImpl-268cb0c2-3227-45ab-9618-d290d5ae62e2/datanode-1/data-0/containers/hdds
2020-10-23 13:18:02,832 [Thread-138] INFO  impl.FollowerState (FollowerState.java:run(108)) - omNode-2@group-523986131536-FollowerState: change to CANDIDATE, lastRpcTime:1092ms, electionTimeout:1082ms
2020-10-23 13:18:02,850 [Thread-138] INFO  impl.RoleInfo (RoleInfo.java:shutdownFollowerState(121)) - omNode-2: shutdown FollowerState
2020-10-23 13:18:02,850 [Thread-138] INFO  impl.RaftServerImpl (RaftServerImpl.java:setRole(198)) - omNode-2@group-523986131536: changes role from  FOLLOWER to CANDIDATE at term 0 for changeToCandidate
2020-10-23 13:18:02,850 [Thread-138] INFO  impl.RoleInfo (RoleInfo.java:updateAndGet(143)) - omNode-2: start LeaderElection
2020-10-23 13:18:02,850 [Listener at 127.0.0.1/11792] INFO  ozoneimpl.OzoneContainer (OzoneContainer.java:buildContainerSet(196)) - Build ContainerSet costs 0s
2020-10-23 13:18:02,853 [Listener at 127.0.0.1/11792] INFO  impl.RaftServerProxy (ConfUtils.java:logGet(44)) - raft.rpc.type = GRPC (default)
2020-10-23 13:18:02,853 [Listener at 127.0.0.1/11792] INFO  grpc.GrpcFactory (GrpcFactory.java:checkPooledByteBufAllocatorUseCacheForAllThreads(45)) - PERFORMANCE WARNING: useCacheForAllThreads is true that may cause Netty to create a lot garbage objects and, as a result, trigger GC.
	It is recommended to disable useCacheForAllThreads by setting -Dorg.apache.ratis.thirdparty.io.netty.allocator.useCacheForAllThreads=false in command line.
2020-10-23 13:18:02,853 [Listener at 127.0.0.1/11792] INFO  grpc.GrpcConfigKeys (ConfUtils.java:logGet(44)) - raft.grpc.server.port = 0 (default)
2020-10-23 13:18:02,853 [Listener at 127.0.0.1/11792] INFO  server.GrpcService (ConfUtils.java:logGet(44)) - raft.grpc.message.size.max = 32MB (=33554432) (custom)
2020-10-23 13:18:02,853 [Listener at 127.0.0.1/11792] INFO  server.RaftServerConfigKeys (ConfUtils.java:logGet(44)) - raft.server.log.appender.buffer.byte-limit = 33554432 (custom)
2020-10-23 13:18:02,853 [Listener at 127.0.0.1/11792] INFO  server.GrpcService (ConfUtils.java:logGet(44)) - raft.grpc.flow.control.window = 5MB (=5242880) (custom)
2020-10-23 13:18:02,854 [Listener at 127.0.0.1/11792] INFO  server.RaftServerConfigKeys (ConfUtils.java:logGet(44)) - raft.server.rpc.request.timeout = 60s (custom)
2020-10-23 13:18:02,855 [Listener at 127.0.0.1/11792] INFO  server.RaftServerConfigKeys (ConfUtils.java:logGet(44)) - raft.server.storage.dir = [/github/workspace/mnt/ozone/hadoop-ozone/integration-test/target/test-dir/MiniOzoneClusterImpl-268cb0c2-3227-45ab-9618-d290d5ae62e2/datanode-1/data/ratis] (custom)
2020-10-23 13:18:02,860 [org.apache.hadoop.util.JvmPauseMonitor$Monitor@186fd2bf] INFO  util.JvmPauseMonitor (JvmPauseMonitor.java:run(188)) - Starting JVM pause monitor
2020-10-23 13:18:02,863 [Listener at 127.0.0.1/11792] INFO  http.BaseHttpServer (BaseHttpServer.java:newHttpServer2BuilderForOzone(207)) - Starting Web-server for hddsDatanode at: http://0.0.0.0:0
2020-10-23 13:18:02,863 [Listener at 127.0.0.1/11792] INFO  http.BaseHttpServer (BaseHttpServer.java:<init>(106)) - Hadoop Security Enabled: false Ozone Security Enabled: false Ozone HTTP Security Enabled: false 
2020-10-23 13:18:02,865 [Listener at 127.0.0.1/11792] INFO  server.AuthenticationFilter (AuthenticationFilter.java:constructSecretProvider(240)) - Unable to initialize FileSignerSecretProvider, falling back to use random secrets.
2020-10-23 13:18:02,870 [Listener at 127.0.0.1/11792] WARN  http.HttpRequestLog (HttpRequestLog.java:getRequestLog(103)) - Jetty request log can only be enabled using Log4j
2020-10-23 13:18:02,864 [omNode-2@group-523986131536-LeaderElection2] INFO  impl.LeaderElection (LeaderElection.java:askForVotes(210)) - omNode-2@group-523986131536-LeaderElection2: begin an election at term 1 for -1: [omNode-3:localhost:11796:0, omNode-1:localhost:11784:0, omNode-2:localhost:11790:0], old=null
2020-10-23 13:18:02,873 [Listener at 127.0.0.1/11792] INFO  http.HttpServer2 (HttpServer2.java:addGlobalFilter(1019)) - Added global filter 'safety' (class=org.apache.hadoop.hdds.server.http.HttpServer2$QuotingInputFilter)
2020-10-23 13:18:02,874 [Listener at 127.0.0.1/11792] INFO  http.HttpServer2 (HttpServer2.java:addFilter(995)) - Added filter static_user_filter (class=org.apache.hadoop.http.lib.StaticUserWebFilter$StaticUserFilter) to context hddsDatanode
2020-10-23 13:18:02,874 [Listener at 127.0.0.1/11792] INFO  http.HttpServer2 (HttpServer2.java:addFilter(1003)) - Added filter static_user_filter (class=org.apache.hadoop.http.lib.StaticUserWebFilter$StaticUserFilter) to context static
2020-10-23 13:18:02,875 [Listener at 127.0.0.1/11792] INFO  http.HttpServer2 (HttpServer2.java:addFilter(1003)) - Added filter static_user_filter (class=org.apache.hadoop.http.lib.StaticUserWebFilter$StaticUserFilter) to context logs
2020-10-23 13:18:02,875 [Listener at 127.0.0.1/11792] INFO  http.HttpServer2 (HttpServer2.java:bindListener(1237)) - Jetty bound to port 45575
2020-10-23 13:18:02,875 [Listener at 127.0.0.1/11792] INFO  server.Server (Server.java:doStart(359)) - jetty-9.4.26.v20200117; built: 2020-01-17T12:35:33.676Z; git: 7b38981d25d14afb4a12ff1f2596756144edf695; jvm 1.8.0_232-b09
2020-10-23 13:18:02,886 [Listener at 127.0.0.1/11792] INFO  server.session (DefaultSessionIdManager.java:doStart(333)) - DefaultSessionIdManager workerName=node0
2020-10-23 13:18:02,886 [Listener at 127.0.0.1/11792] INFO  server.session (DefaultSessionIdManager.java:doStart(338)) - No SessionScavenger set, using defaults
2020-10-23 13:18:02,886 [Listener at 127.0.0.1/11792] INFO  server.session (HouseKeeper.java:startScavenging(140)) - node0 Scavenging every 660000ms
2020-10-23 13:18:02,887 [Listener at 127.0.0.1/11792] INFO  handler.ContextHandler (ContextHandler.java:doStart(825)) - Started o.e.j.s.ServletContextHandler@a30718f{logs,/logs,file:///github/workspace/mnt/ozone/hadoop-ozone/integration-test/target/log,AVAILABLE}
2020-10-23 13:18:02,888 [Listener at 127.0.0.1/11792] INFO  handler.ContextHandler (ContextHandler.java:doStart(825)) - Started o.e.j.s.ServletContextHandler@e70b26a{static,/static,jar:file:/home/user/.m2/repository/org/apache/hadoop/hadoop-hdds-container-service/1.1.0-SNAPSHOT/hadoop-hdds-container-service-1.1.0-SNAPSHOT.jar!/webapps/static,AVAILABLE}
2020-10-23 13:18:03,116 [Thread-176] INFO  impl.FollowerState (FollowerState.java:run(108)) - omNode-3@group-523986131536-FollowerState: change to CANDIDATE, lastRpcTime:1188ms, electionTimeout:1184ms
2020-10-23 13:18:03,116 [Thread-176] INFO  impl.RoleInfo (RoleInfo.java:shutdownFollowerState(121)) - omNode-3: shutdown FollowerState
2020-10-23 13:18:03,116 [Thread-176] INFO  impl.RaftServerImpl (RaftServerImpl.java:setRole(198)) - omNode-3@group-523986131536: changes role from  FOLLOWER to CANDIDATE at term 0 for changeToCandidate
2020-10-23 13:18:03,116 [Thread-176] INFO  impl.RoleInfo (RoleInfo.java:updateAndGet(143)) - omNode-3: start LeaderElection
2020-10-23 13:18:03,128 [omNode-3@group-523986131536-LeaderElection3] INFO  impl.LeaderElection (LeaderElection.java:askForVotes(210)) - omNode-3@group-523986131536-LeaderElection3: begin an election at term 1 for -1: [omNode-3:localhost:11796:0, omNode-1:localhost:11784:0, omNode-2:localhost:11790:0], old=null
2020-10-23 13:18:03,292 [Listener at 127.0.0.1/11792] INFO  handler.ContextHandler (ContextHandler.java:doStart(825)) - Started o.e.j.w.WebAppContext@5481c95e{hddsDatanode,/,file:///tmp/jetty-0_0_0_0-45575-hadoop-hdds-container-service-1_1_0-SNAPSHOT_jar-_-any-8112200095282690950.dir/webapp/,AVAILABLE}{jar:file:/home/user/.m2/repository/org/apache/hadoop/hadoop-hdds-container-service/1.1.0-SNAPSHOT/hadoop-hdds-container-service-1.1.0-SNAPSHOT.jar!/webapps/hddsDatanode}
2020-10-23 13:18:03,297 [Datanode State Machine Task Thread - 0] INFO  datanode.InitDatanodeState (InitDatanodeState.java:persistContainerDatanodeDetails(145)) - DatanodeDetails is persisted to /github/workspace/mnt/ozone/hadoop-ozone/integration-test/target/test-dir/MiniOzoneClusterImpl-268cb0c2-3227-45ab-9618-d290d5ae62e2/datanode-0/meta/datanode.id
2020-10-23 13:18:03,298 [Listener at 127.0.0.1/11792] INFO  server.AbstractConnector (AbstractConnector.java:doStart(330)) - Started ServerConnector@691e097b{HTTP/1.1,[http/1.1]}{0.0.0.0:45575}
2020-10-23 13:18:03,304 [Listener at 127.0.0.1/11792] INFO  server.Server (Server.java:doStart(399)) - Started @7004ms
2020-10-23 13:18:03,305 [Listener at 127.0.0.1/11792] WARN  impl.MetricsSystemImpl (MetricsSystemImpl.java:register(276)) - Sink prometheus already exists!
2020-10-23 13:18:03,309 [Listener at 127.0.0.1/11792] INFO  http.BaseHttpServer (BaseHttpServer.java:updateConnectorAddress(327)) - HTTP server of hddsDatanode listening at http://0.0.0.0:45575
2020-10-23 13:18:03,316 [Listener at 127.0.0.1/11792] INFO  impl.MetricsSystemImpl (MetricsSystemImpl.java:init(158)) - HddsDatanode metrics system started (again)
2020-10-23 13:18:03,318 [Listener at 127.0.0.1/11792] INFO  ozone.HddsDatanodeService (HddsDatanodeService.java:start(217)) - HddsDatanodeService host:1a5acc08e21a ip:172.17.0.2
2020-10-23 13:18:03,326 [Listener at 127.0.0.1/11792] INFO  volume.HddsVolume (HddsVolume.java:<init>(176)) - Creating Volume: /github/workspace/mnt/ozone/hadoop-ozone/integration-test/target/test-dir/MiniOzoneClusterImpl-268cb0c2-3227-45ab-9618-d290d5ae62e2/datanode-2/data-0/containers/hdds of storage type : DISK and capacity : 9223372036854775807
2020-10-23 13:18:03,327 [Listener at 127.0.0.1/11792] INFO  volume.MutableVolumeSet (MutableVolumeSet.java:initializeVolumeSet(179)) - Added Volume : /github/workspace/mnt/ozone/hadoop-ozone/integration-test/target/test-dir/MiniOzoneClusterImpl-268cb0c2-3227-45ab-9618-d290d5ae62e2/datanode-2/data-0/containers/hdds to VolumeSet
2020-10-23 13:18:03,327 [Listener at 127.0.0.1/11792] INFO  volume.ThrottledAsyncChecker (ThrottledAsyncChecker.java:schedule(141)) - Scheduling a check for /github/workspace/mnt/ozone/hadoop-ozone/integration-test/target/test-dir/MiniOzoneClusterImpl-268cb0c2-3227-45ab-9618-d290d5ae62e2/datanode-2/data-0/containers/hdds
2020-10-23 13:18:03,345 [org.apache.hadoop.util.JvmPauseMonitor$Monitor@747972b2] INFO  util.JvmPauseMonitor (JvmPauseMonitor.java:run(188)) - Starting JVM pause monitor
2020-10-23 13:18:03,350 [Listener at 127.0.0.1/11792] INFO  volume.HddsVolumeChecker (HddsVolumeChecker.java:checkAllVolumes(200)) - Scheduled health check for volume /github/workspace/mnt/ozone/hadoop-ozone/integration-test/target/test-dir/MiniOzoneClusterImpl-268cb0c2-3227-45ab-9618-d290d5ae62e2/datanode-2/data-0/containers/hdds
2020-10-23 13:18:03,361 [Datanode State Machine Task Thread - 0] INFO  datanode.InitDatanodeState (InitDatanodeState.java:persistContainerDatanodeDetails(145)) - DatanodeDetails is persisted to /github/workspace/mnt/ozone/hadoop-ozone/integration-test/target/test-dir/MiniOzoneClusterImpl-268cb0c2-3227-45ab-9618-d290d5ae62e2/datanode-1/meta/datanode.id
2020-10-23 13:18:03,396 [Thread-240] INFO  ozoneimpl.ContainerReader (ContainerReader.java:readVolume(123)) - Start to verify containers on volume /github/workspace/mnt/ozone/hadoop-ozone/integration-test/target/test-dir/MiniOzoneClusterImpl-268cb0c2-3227-45ab-9618-d290d5ae62e2/datanode-2/data-0/containers/hdds
2020-10-23 13:18:03,396 [Thread-240] INFO  ozoneimpl.ContainerReader (ContainerReader.java:readVolume(148)) - Finish verifying containers on volume /github/workspace/mnt/ozone/hadoop-ozone/integration-test/target/test-dir/MiniOzoneClusterImpl-268cb0c2-3227-45ab-9618-d290d5ae62e2/datanode-2/data-0/containers/hdds
2020-10-23 13:18:03,396 [Listener at 127.0.0.1/11792] INFO  ozoneimpl.OzoneContainer (OzoneContainer.java:buildContainerSet(196)) - Build ContainerSet costs 0s
2020-10-23 13:18:03,399 [Listener at 127.0.0.1/11792] INFO  impl.RaftServerProxy (ConfUtils.java:logGet(44)) - raft.rpc.type = GRPC (default)
2020-10-23 13:18:03,405 [Listener at 127.0.0.1/11792] INFO  grpc.GrpcFactory (GrpcFactory.java:checkPooledByteBufAllocatorUseCacheForAllThreads(45)) - PERFORMANCE WARNING: useCacheForAllThreads is true that may cause Netty to create a lot garbage objects and, as a result, trigger GC.
	It is recommended to disable useCacheForAllThreads by setting -Dorg.apache.ratis.thirdparty.io.netty.allocator.useCacheForAllThreads=false in command line.
2020-10-23 13:18:03,408 [Listener at 127.0.0.1/11792] INFO  grpc.GrpcConfigKeys (ConfUtils.java:logGet(44)) - raft.grpc.server.port = 0 (default)
2020-10-23 13:18:03,408 [Listener at 127.0.0.1/11792] INFO  server.GrpcService (ConfUtils.java:logGet(44)) - raft.grpc.message.size.max = 32MB (=33554432) (custom)
2020-10-23 13:18:03,409 [Listener at 127.0.0.1/11792] INFO  server.RaftServerConfigKeys (ConfUtils.java:logGet(44)) - raft.server.log.appender.buffer.byte-limit = 33554432 (custom)
2020-10-23 13:18:03,409 [Listener at 127.0.0.1/11792] INFO  server.GrpcService (ConfUtils.java:logGet(44)) - raft.grpc.flow.control.window = 5MB (=5242880) (custom)
2020-10-23 13:18:03,409 [Listener at 127.0.0.1/11792] INFO  server.RaftServerConfigKeys (ConfUtils.java:logGet(44)) - raft.server.rpc.request.timeout = 60s (custom)
2020-10-23 13:18:03,410 [Listener at 127.0.0.1/11792] INFO  server.RaftServerConfigKeys (ConfUtils.java:logGet(44)) - raft.server.storage.dir = [/github/workspace/mnt/ozone/hadoop-ozone/integration-test/target/test-dir/MiniOzoneClusterImpl-268cb0c2-3227-45ab-9618-d290d5ae62e2/datanode-2/data/ratis] (custom)
2020-10-23 13:18:03,417 [Listener at 127.0.0.1/11792] INFO  http.BaseHttpServer (BaseHttpServer.java:newHttpServer2BuilderForOzone(207)) - Starting Web-server for hddsDatanode at: http://0.0.0.0:0
2020-10-23 13:18:03,417 [Listener at 127.0.0.1/11792] INFO  http.BaseHttpServer (BaseHttpServer.java:<init>(106)) - Hadoop Security Enabled: false Ozone Security Enabled: false Ozone HTTP Security Enabled: false 
2020-10-23 13:18:03,426 [Listener at 127.0.0.1/11792] INFO  server.AuthenticationFilter (AuthenticationFilter.java:constructSecretProvider(240)) - Unable to initialize FileSignerSecretProvider, falling back to use random secrets.
2020-10-23 13:18:03,429 [Listener at 127.0.0.1/11792] WARN  http.HttpRequestLog (HttpRequestLog.java:getRequestLog(103)) - Jetty request log can only be enabled using Log4j
2020-10-23 13:18:03,430 [Listener at 127.0.0.1/11792] INFO  http.HttpServer2 (HttpServer2.java:addGlobalFilter(1019)) - Added global filter 'safety' (class=org.apache.hadoop.hdds.server.http.HttpServer2$QuotingInputFilter)
2020-10-23 13:18:03,431 [Listener at 127.0.0.1/11792] INFO  http.HttpServer2 (HttpServer2.java:addFilter(995)) - Added filter static_user_filter (class=org.apache.hadoop.http.lib.StaticUserWebFilter$StaticUserFilter) to context hddsDatanode
2020-10-23 13:18:03,431 [Listener at 127.0.0.1/11792] INFO  http.HttpServer2 (HttpServer2.java:addFilter(1003)) - Added filter static_user_filter (class=org.apache.hadoop.http.lib.StaticUserWebFilter$StaticUserFilter) to context logs
2020-10-23 13:18:03,431 [Listener at 127.0.0.1/11792] INFO  http.HttpServer2 (HttpServer2.java:addFilter(1003)) - Added filter static_user_filter (class=org.apache.hadoop.http.lib.StaticUserWebFilter$StaticUserFilter) to context static
2020-10-23 13:18:03,432 [Listener at 127.0.0.1/11792] INFO  http.HttpServer2 (HttpServer2.java:bindListener(1237)) - Jetty bound to port 36427
2020-10-23 13:18:03,432 [Listener at 127.0.0.1/11792] INFO  server.Server (Server.java:doStart(359)) - jetty-9.4.26.v20200117; built: 2020-01-17T12:35:33.676Z; git: 7b38981d25d14afb4a12ff1f2596756144edf695; jvm 1.8.0_232-b09
2020-10-23 13:18:03,434 [grpc-default-executor-0] INFO  metrics.RatisMetrics (RatisMetrics.java:lambda$create$0(36)) - Creating Metrics Registry : ratis.server_message_metrics.omNode-3
2020-10-23 13:18:03,435 [Listener at 127.0.0.1/11792] INFO  server.session (DefaultSessionIdManager.java:doStart(333)) - DefaultSessionIdManager workerName=node0
2020-10-23 13:18:03,435 [Listener at 127.0.0.1/11792] INFO  server.session (DefaultSessionIdManager.java:doStart(338)) - No SessionScavenger set, using defaults
2020-10-23 13:18:03,435 [Listener at 127.0.0.1/11792] INFO  server.session (HouseKeeper.java:startScavenging(140)) - node0 Scavenging every 600000ms
2020-10-23 13:18:03,437 [Listener at 127.0.0.1/11792] INFO  handler.ContextHandler (ContextHandler.java:doStart(825)) - Started o.e.j.s.ServletContextHandler@58dd177f{logs,/logs,file:///github/workspace/mnt/ozone/hadoop-ozone/integration-test/target/log,AVAILABLE}
2020-10-23 13:18:03,438 [Listener at 127.0.0.1/11792] INFO  handler.ContextHandler (ContextHandler.java:doStart(825)) - Started o.e.j.s.ServletContextHandler@7c99b93b{static,/static,jar:file:/home/user/.m2/repository/org/apache/hadoop/hadoop-hdds-container-service/1.1.0-SNAPSHOT/hadoop-hdds-container-service-1.1.0-SNAPSHOT.jar!/webapps/static,AVAILABLE}
2020-10-23 13:18:03,439 [grpc-default-executor-3] INFO  metrics.RatisMetrics (RatisMetrics.java:lambda$create$0(36)) - Creating Metrics Registry : ratis.server_message_metrics.omNode-2
2020-10-23 13:18:03,440 [grpc-default-executor-1] INFO  metrics.RatisMetrics (RatisMetrics.java:lambda$create$0(36)) - Creating Metrics Registry : ratis.server_message_metrics.omNode-1
2020-10-23 13:18:03,495 [omNode-2@group-523986131536-LeaderElection2] INFO  impl.LeaderElection (LeaderElection.java:logAndReturn(62)) - omNode-2@group-523986131536-LeaderElection2: Election REJECTED; received 2 response(s) [omNode-2<-omNode-3#0:FAIL-t1, omNode-2<-omNode-1#0:FAIL-t1] and 0 exception(s); omNode-2@group-523986131536:t1, leader=null, voted=omNode-2, raftlog=omNode-2@group-523986131536-SegmentedRaftLog:OPENED:c-1,f-1,i0, conf=-1: [omNode-3:localhost:11796:0, omNode-1:localhost:11784:0, omNode-2:localhost:11790:0], old=null
2020-10-23 13:18:03,496 [omNode-2@group-523986131536-LeaderElection2] INFO  impl.RaftServerImpl (RaftServerImpl.java:setRole(198)) - omNode-2@group-523986131536: changes role from CANDIDATE to FOLLOWER at term 1 for DISCOVERED_A_NEW_TERM
2020-10-23 13:18:03,503 [omNode-1@group-523986131536-LeaderElection1] INFO  impl.LeaderElection (LeaderElection.java:logAndReturn(62)) - omNode-1@group-523986131536-LeaderElection1: Election REJECTED; received 2 response(s) [omNode-1<-omNode-3#0:FAIL-t1, omNode-1<-omNode-2#0:FAIL-t1] and 0 exception(s); omNode-1@group-523986131536:t1, leader=null, voted=omNode-1, raftlog=omNode-1@group-523986131536-SegmentedRaftLog:OPENED:c-1,f-1,i0, conf=-1: [omNode-3:localhost:11796:0, omNode-1:localhost:11784:0, omNode-2:localhost:11790:0], old=null
2020-10-23 13:18:03,512 [omNode-1@group-523986131536-LeaderElection1] INFO  impl.RaftServerImpl (RaftServerImpl.java:setRole(198)) - omNode-1@group-523986131536: changes role from CANDIDATE to FOLLOWER at term 1 for DISCOVERED_A_NEW_TERM
2020-10-23 13:18:03,512 [omNode-1@group-523986131536-LeaderElection1] INFO  impl.RoleInfo (RoleInfo.java:shutdownLeaderElection(134)) - omNode-1: shutdown LeaderElection
2020-10-23 13:18:03,503 [omNode-2@group-523986131536-LeaderElection2] INFO  impl.RoleInfo (RoleInfo.java:shutdownLeaderElection(134)) - omNode-2: shutdown LeaderElection
2020-10-23 13:18:03,503 [omNode-3@group-523986131536-LeaderElection3] INFO  impl.LeaderElection (LeaderElection.java:logAndReturn(62)) - omNode-3@group-523986131536-LeaderElection3: Election REJECTED; received 2 response(s) [omNode-3<-omNode-1#0:FAIL-t1, omNode-3<-omNode-2#0:FAIL-t1] and 0 exception(s); omNode-3@group-523986131536:t1, leader=null, voted=omNode-3, raftlog=omNode-3@group-523986131536-SegmentedRaftLog:OPENED:c-1,f-1,i0, conf=-1: [omNode-3:localhost:11796:0, omNode-1:localhost:11784:0, omNode-2:localhost:11790:0], old=null
2020-10-23 13:18:03,513 [omNode-3@group-523986131536-LeaderElection3] INFO  impl.RaftServerImpl (RaftServerImpl.java:setRole(198)) - omNode-3@group-523986131536: changes role from CANDIDATE to FOLLOWER at term 1 for DISCOVERED_A_NEW_TERM
2020-10-23 13:18:03,513 [omNode-2@group-523986131536-LeaderElection2] INFO  impl.RoleInfo (RoleInfo.java:updateAndGet(143)) - omNode-2: start FollowerState
2020-10-23 13:18:03,513 [omNode-3@group-523986131536-LeaderElection3] INFO  impl.RoleInfo (RoleInfo.java:shutdownLeaderElection(134)) - omNode-3: shutdown LeaderElection
2020-10-23 13:18:03,521 [omNode-1@group-523986131536-LeaderElection1] INFO  impl.RoleInfo (RoleInfo.java:updateAndGet(143)) - omNode-1: start FollowerState
2020-10-23 13:18:03,524 [omNode-3@group-523986131536-LeaderElection3] INFO  impl.RoleInfo (RoleInfo.java:updateAndGet(143)) - omNode-3: start FollowerState
2020-10-23 13:18:03,641 [Listener at 127.0.0.1/11792] INFO  handler.ContextHandler (ContextHandler.java:doStart(825)) - Started o.e.j.w.WebAppContext@4faf2368{hddsDatanode,/,file:///tmp/jetty-0_0_0_0-36427-hadoop-hdds-container-service-1_1_0-SNAPSHOT_jar-_-any-6047684889066595493.dir/webapp/,AVAILABLE}{jar:file:/home/user/.m2/repository/org/apache/hadoop/hadoop-hdds-container-service/1.1.0-SNAPSHOT/hadoop-hdds-container-service-1.1.0-SNAPSHOT.jar!/webapps/hddsDatanode}
2020-10-23 13:18:03,642 [Listener at 127.0.0.1/11792] INFO  server.AbstractConnector (AbstractConnector.java:doStart(330)) - Started ServerConnector@524b75df{HTTP/1.1,[http/1.1]}{0.0.0.0:36427}
2020-10-23 13:18:03,643 [Listener at 127.0.0.1/11792] INFO  server.Server (Server.java:doStart(399)) - Started @7342ms
2020-10-23 13:18:03,643 [Listener at 127.0.0.1/11792] WARN  impl.MetricsSystemImpl (MetricsSystemImpl.java:register(276)) - Sink prometheus already exists!
2020-10-23 13:18:03,647 [Listener at 127.0.0.1/11792] INFO  http.BaseHttpServer (BaseHttpServer.java:updateConnectorAddress(327)) - HTTP server of hddsDatanode listening at http://0.0.0.0:36427
2020-10-23 13:18:03,648 [Listener at 127.0.0.1/11792] INFO  ozone.MiniOzoneClusterImpl (MiniOzoneClusterImpl.java:lambda$waitForClusterToBeReady$0(177)) - Waiting for nodes to be ready. Got 0 of 3 DN Heartbeats.
2020-10-23 13:18:03,648 [Listener at 127.0.0.1/11792] INFO  ozone.MiniOzoneClusterImpl (MiniOzoneClusterImpl.java:lambda$waitForClusterToBeReady$0(180)) - Waiting for cluster to exit safe mode
2020-10-23 13:18:03,654 [Datanode State Machine Task Thread - 0] INFO  datanode.InitDatanodeState (InitDatanodeState.java:persistContainerDatanodeDetails(145)) - DatanodeDetails is persisted to /github/workspace/mnt/ozone/hadoop-ozone/integration-test/target/test-dir/MiniOzoneClusterImpl-268cb0c2-3227-45ab-9618-d290d5ae62e2/datanode-2/meta/datanode.id
2020-10-23 13:18:03,655 [org.apache.hadoop.util.JvmPauseMonitor$Monitor@14d11d0a] INFO  util.JvmPauseMonitor (JvmPauseMonitor.java:run(188)) - Starting JVM pause monitor
2020-10-23 13:18:04,545 [Thread-251] INFO  impl.FollowerState (FollowerState.java:run(108)) - omNode-3@group-523986131536-FollowerState: change to CANDIDATE, lastRpcTime:1023ms, electionTimeout:1017ms
2020-10-23 13:18:04,545 [Thread-251] INFO  impl.RoleInfo (RoleInfo.java:shutdownFollowerState(121)) - omNode-3: shutdown FollowerState
2020-10-23 13:18:04,545 [Thread-251] INFO  impl.RaftServerImpl (RaftServerImpl.java:setRole(198)) - omNode-3@group-523986131536: changes role from  FOLLOWER to CANDIDATE at term 1 for changeToCandidate
2020-10-23 13:18:04,549 [Thread-251] INFO  impl.RoleInfo (RoleInfo.java:updateAndGet(143)) - omNode-3: start LeaderElection
2020-10-23 13:18:04,551 [omNode-3@group-523986131536-LeaderElection4] INFO  impl.LeaderElection (LeaderElection.java:askForVotes(210)) - omNode-3@group-523986131536-LeaderElection4: begin an election at term 2 for -1: [omNode-3:localhost:11796:0, omNode-1:localhost:11784:0, omNode-2:localhost:11790:0], old=null
2020-10-23 13:18:04,559 [grpc-default-executor-5] INFO  impl.RaftServerImpl (RaftServerImpl.java:setRole(198)) - omNode-2@group-523986131536: changes role from  FOLLOWER to FOLLOWER at term 2 for recognizeCandidate:omNode-3
2020-10-23 13:18:04,559 [grpc-default-executor-5] INFO  impl.RoleInfo (RoleInfo.java:shutdownFollowerState(121)) - omNode-2: shutdown FollowerState
2020-10-23 13:18:04,559 [grpc-default-executor-5] INFO  impl.RoleInfo (RoleInfo.java:updateAndGet(143)) - omNode-2: start FollowerState
2020-10-23 13:18:04,559 [Thread-249] INFO  impl.FollowerState (FollowerState.java:run(117)) - omNode-2@group-523986131536-FollowerState was interrupted: java.lang.InterruptedException: sleep interrupted
2020-10-23 13:18:04,567 [grpc-default-executor-5] INFO  impl.RaftServerImpl (RaftServerImpl.java:requestVote(923)) -  FOLLOWER omNode-2@group-523986131536:t2, leader=null, voted=null, raftlog=omNode-2@group-523986131536-SegmentedRaftLog:OPENED:c-1,f-1,i0, conf=-1: [omNode-3:localhost:11796:0, omNode-1:localhost:11784:0, omNode-2:localhost:11790:0], old=null RUNNING priority:0 candidate:omNode-3:localhost:11796:0 candidatePriority:0 compare:0
2020-10-23 13:18:04,568 [grpc-default-executor-4] INFO  impl.RaftServerImpl (RaftServerImpl.java:setRole(198)) - omNode-1@group-523986131536: changes role from  FOLLOWER to FOLLOWER at term 2 for recognizeCandidate:omNode-3
2020-10-23 13:18:04,568 [grpc-default-executor-4] INFO  impl.RoleInfo (RoleInfo.java:shutdownFollowerState(121)) - omNode-1: shutdown FollowerState
2020-10-23 13:18:04,568 [grpc-default-executor-4] INFO  impl.RoleInfo (RoleInfo.java:updateAndGet(143)) - omNode-1: start FollowerState
2020-10-23 13:18:04,568 [Thread-250] INFO  impl.FollowerState (FollowerState.java:run(117)) - omNode-1@group-523986131536-FollowerState was interrupted: java.lang.InterruptedException: sleep interrupted
2020-10-23 13:18:04,569 [grpc-default-executor-4] INFO  impl.RaftServerImpl (RaftServerImpl.java:requestVote(923)) -  FOLLOWER omNode-1@group-523986131536:t2, leader=null, voted=null, raftlog=omNode-1@group-523986131536-SegmentedRaftLog:OPENED:c-1,f-1,i0, conf=-1: [omNode-3:localhost:11796:0, omNode-1:localhost:11784:0, omNode-2:localhost:11790:0], old=null RUNNING priority:0 candidate:omNode-3:localhost:11796:0 candidatePriority:0 compare:0
2020-10-23 13:18:04,582 [omNode-3@group-523986131536-LeaderElection4] INFO  impl.LeaderElection (LeaderElection.java:logAndReturn(62)) - omNode-3@group-523986131536-LeaderElection4: Election PASSED; received 1 response(s) [omNode-3<-omNode-2#0:OK-t2] and 0 exception(s); omNode-3@group-523986131536:t2, leader=null, voted=omNode-3, raftlog=omNode-3@group-523986131536-SegmentedRaftLog:OPENED:c-1,f-1,i0, conf=-1: [omNode-3:localhost:11796:0, omNode-1:localhost:11784:0, omNode-2:localhost:11790:0], old=null
2020-10-23 13:18:04,582 [omNode-3@group-523986131536-LeaderElection4] INFO  impl.RoleInfo (RoleInfo.java:shutdownLeaderElection(134)) - omNode-3: shutdown LeaderElection
2020-10-23 13:18:04,582 [omNode-3@group-523986131536-LeaderElection4] INFO  impl.RaftServerImpl (RaftServerImpl.java:setRole(198)) - omNode-3@group-523986131536: changes role from CANDIDATE to LEADER at term 2 for changeToLeader
2020-10-23 13:18:04,582 [omNode-3@group-523986131536-LeaderElection4] INFO  impl.RaftServerImpl (ServerState.java:setLeader(256)) - omNode-3@group-523986131536: change Leader from null to omNode-3 at term 2 for becomeLeader, leader elected after 2670ms
2020-10-23 13:18:04,587 [omNode-3@group-523986131536-LeaderElection4] INFO  server.RaftServerConfigKeys (ConfUtils.java:logGet(44)) - raft.server.staging.catchup.gap = 1000 (default)
2020-10-23 13:18:04,588 [omNode-3@group-523986131536-LeaderElection4] INFO  server.RaftServerConfigKeys (ConfUtils.java:logGet(44)) - raft.server.rpc.sleep.time = 25ms (default)
2020-10-23 13:18:04,597 [omNode-3@group-523986131536-LeaderElection4] INFO  metrics.RatisMetrics (RatisMetrics.java:lambda$create$0(36)) - Creating Metrics Registry : ratis.log_appender.omNode-3@group-523986131536
2020-10-23 13:18:04,599 [omNode-3@group-523986131536-LeaderElection4] INFO  server.RaftServerConfigKeys (ConfUtils.java:logGet(44)) - raft.server.write.element-limit = 4096 (default)
2020-10-23 13:18:04,599 [omNode-3@group-523986131536-LeaderElection4] INFO  server.RaftServerConfigKeys (ConfUtils.java:logGet(44)) - raft.server.write.byte-limit = 64MB (=67108864) (default)
2020-10-23 13:18:04,607 [omNode-3@group-523986131536-LeaderElection4] INFO  server.RaftServerConfigKeys (ConfUtils.java:logGet(44)) - raft.server.watch.timeout = 10s (default)
2020-10-23 13:18:04,607 [omNode-3@group-523986131536-LeaderElection4] INFO  server.RaftServerConfigKeys (ConfUtils.java:logGet(44)) - raft.server.watch.timeout.denomination = 1s (default)
2020-10-23 13:18:04,608 [omNode-3@group-523986131536-LeaderElection4] INFO  server.RaftServerConfigKeys (ConfUtils.java:logGet(44)) - raft.server.watch.element-limit = 65536 (default)
2020-10-23 13:18:04,616 [omNode-3@group-523986131536-LeaderElection4] INFO  server.RaftServerConfigKeys (ConfUtils.java:logGet(44)) - raft.server.log.appender.snapshot.chunk.size.max = 16MB (=16777216) (default)
2020-10-23 13:18:04,616 [omNode-3@group-523986131536-LeaderElection4] INFO  server.RaftServerConfigKeys (ConfUtils.java:logGet(44)) - raft.server.log.appender.buffer.byte-limit = 33554432 (custom)
2020-10-23 13:18:04,616 [omNode-3@group-523986131536-LeaderElection4] INFO  server.RaftServerConfigKeys (ConfUtils.java:logGet(44)) - raft.server.log.appender.buffer.element-limit = 1024 (custom)
2020-10-23 13:18:04,619 [omNode-3@group-523986131536-LeaderElection4] INFO  grpc.GrpcConfigKeys (ConfUtils.java:logGet(44)) - raft.grpc.server.leader.outstanding.appends.max = 128 (default)
2020-10-23 13:18:04,620 [omNode-3@group-523986131536-LeaderElection4] INFO  server.RaftServerConfigKeys (ConfUtils.java:logGet(44)) - raft.server.rpc.request.timeout = 3000ms (default)
2020-10-23 13:18:04,620 [omNode-3@group-523986131536-LeaderElection4] INFO  server.RaftServerConfigKeys (ConfUtils.java:logGet(44)) - raft.server.log.appender.install.snapshot.enabled = false (custom)
2020-10-23 13:18:04,621 [omNode-3@group-523986131536-LeaderElection4] INFO  metrics.RatisMetrics (RatisMetrics.java:lambda$create$0(36)) - Creating Metrics Registry : ratis_grpc.log_appender.omNode-3@group-523986131536
2020-10-23 13:18:04,625 [omNode-3@group-523986131536-LeaderElection4] INFO  server.RaftServerConfigKeys (ConfUtils.java:logGet(44)) - raft.server.log.appender.snapshot.chunk.size.max = 16MB (=16777216) (default)
2020-10-23 13:18:04,625 [omNode-3@group-523986131536-LeaderElection4] INFO  server.RaftServerConfigKeys (ConfUtils.java:logGet(44)) - raft.server.log.appender.buffer.byte-limit = 33554432 (custom)
2020-10-23 13:18:04,625 [omNode-3@group-523986131536-LeaderElection4] INFO  server.RaftServerConfigKeys (ConfUtils.java:logGet(44)) - raft.server.log.appender.buffer.element-limit = 1024 (custom)
2020-10-23 13:18:04,625 [omNode-3@group-523986131536-LeaderElection4] INFO  grpc.GrpcConfigKeys (ConfUtils.java:logGet(44)) - raft.grpc.server.leader.outstanding.appends.max = 128 (default)
2020-10-23 13:18:04,625 [omNode-3@group-523986131536-LeaderElection4] INFO  server.RaftServerConfigKeys (ConfUtils.java:logGet(44)) - raft.server.rpc.request.timeout = 3000ms (default)
2020-10-23 13:18:04,625 [omNode-3@group-523986131536-LeaderElection4] INFO  server.RaftServerConfigKeys (ConfUtils.java:logGet(44)) - raft.server.log.appender.install.snapshot.enabled = false (custom)
2020-10-23 13:18:04,630 [omNode-3@group-523986131536-LeaderElection4] INFO  impl.RoleInfo (RoleInfo.java:updateAndGet(143)) - omNode-3: start LeaderState
2020-10-23 13:18:04,645 [omNode-3@group-523986131536-LeaderElection4] INFO  segmented.SegmentedRaftLogWorker (SegmentedRaftLogWorker.java:startLogSegment(397)) - omNode-3@group-523986131536-SegmentedRaftLogWorker: Starting segment from index:0
2020-10-23 13:18:04,651 [Listener at 127.0.0.1/11792] INFO  ozone.MiniOzoneClusterImpl (MiniOzoneClusterImpl.java:lambda$waitForClusterToBeReady$0(177)) - Waiting for nodes to be ready. Got 0 of 3 DN Heartbeats.
2020-10-23 13:18:04,651 [Listener at 127.0.0.1/11792] INFO  ozone.MiniOzoneClusterImpl (MiniOzoneClusterImpl.java:lambda$waitForClusterToBeReady$0(180)) - Waiting for cluster to exit safe mode
2020-10-23 13:18:04,705 [omNode-3@group-523986131536-LeaderElection4] INFO  impl.RaftServerImpl (ServerState.java:setRaftConf(374)) - omNode-3@group-523986131536: set configuration 0: [omNode-3:localhost:11796:0, omNode-1:localhost:11784:0, omNode-2:localhost:11790:0], old=null at 0
2020-10-23 13:18:04,740 [grpc-default-executor-4] INFO  impl.RaftServerImpl (ServerState.java:setLeader(256)) - omNode-2@group-523986131536: change Leader from null to omNode-3 at term 2 for appendEntries, leader elected after 3028ms
2020-10-23 13:18:04,744 [grpc-default-executor-5] INFO  impl.RaftServerImpl (ServerState.java:setLeader(256)) - omNode-1@group-523986131536: change Leader from null to omNode-3 at term 2 for appendEntries, leader elected after 3539ms
2020-10-23 13:18:04,769 [grpc-default-executor-5] INFO  impl.RaftServerImpl (ServerState.java:setRaftConf(374)) - omNode-1@group-523986131536: set configuration 0: [omNode-3:localhost:11796:0, omNode-1:localhost:11784:0, omNode-2:localhost:11790:0], old=null at 0
2020-10-23 13:18:04,770 [grpc-default-executor-5] INFO  segmented.SegmentedRaftLogWorker (SegmentedRaftLogWorker.java:startLogSegment(397)) - omNode-1@group-523986131536-SegmentedRaftLogWorker: Starting segment from index:0
2020-10-23 13:18:04,780 [grpc-default-executor-4] INFO  impl.RaftServerImpl (ServerState.java:setRaftConf(374)) - omNode-2@group-523986131536: set configuration 0: [omNode-3:localhost:11796:0, omNode-1:localhost:11784:0, omNode-2:localhost:11790:0], old=null at 0
2020-10-23 13:18:04,781 [grpc-default-executor-4] INFO  segmented.SegmentedRaftLogWorker (SegmentedRaftLogWorker.java:startLogSegment(397)) - omNode-2@group-523986131536-SegmentedRaftLogWorker: Starting segment from index:0
2020-10-23 13:18:04,947 [omNode-2@group-523986131536-SegmentedRaftLogWorker] INFO  segmented.SegmentedRaftLogWorker (SegmentedRaftLogWorker.java:execute(596)) - omNode-2@group-523986131536-SegmentedRaftLogWorker: created new log segment /github/workspace/mnt/ozone/hadoop-ozone/integration-test/target/test-dir/MiniOzoneClusterImpl-268cb0c2-3227-45ab-9618-d290d5ae62e2/omNode-2/ratis/c9bc4cf4-3bc3-3c60-a66b-523986131536/current/log_inprogress_0
2020-10-23 13:18:04,947 [omNode-1@group-523986131536-SegmentedRaftLogWorker] INFO  segmented.SegmentedRaftLogWorker (SegmentedRaftLogWorker.java:execute(596)) - omNode-1@group-523986131536-SegmentedRaftLogWorker: created new log segment /github/workspace/mnt/ozone/hadoop-ozone/integration-test/target/test-dir/MiniOzoneClusterImpl-268cb0c2-3227-45ab-9618-d290d5ae62e2/omNode-1/ratis/c9bc4cf4-3bc3-3c60-a66b-523986131536/current/log_inprogress_0
2020-10-23 13:18:04,947 [omNode-3@group-523986131536-SegmentedRaftLogWorker] INFO  segmented.SegmentedRaftLogWorker (SegmentedRaftLogWorker.java:execute(596)) - omNode-3@group-523986131536-SegmentedRaftLogWorker: created new log segment /github/workspace/mnt/ozone/hadoop-ozone/integration-test/target/test-dir/MiniOzoneClusterImpl-268cb0c2-3227-45ab-9618-d290d5ae62e2/omNode-3/ratis/c9bc4cf4-3bc3-3c60-a66b-523986131536/current/log_inprogress_0
2020-10-23 13:18:04,955 [Datanode State Machine Task Thread - 1] INFO  ozoneimpl.OzoneContainer (OzoneContainer.java:start(245)) - Attempting to start container services.
2020-10-23 13:18:04,972 [Datanode State Machine Task Thread - 1] INFO  ozoneimpl.OzoneContainer (OzoneContainer.java:startContainerScrub(209)) - Background container scanner has been disabled.
2020-10-23 13:18:04,972 [Datanode State Machine Task Thread - 1] INFO  ratis.XceiverServerRatis (XceiverServerRatis.java:start(444)) - Starting XceiverServerRatis 98150d0f-da65-4af0-8be7-aade3971ef2c at port 0
2020-10-23 13:18:04,978 [Datanode State Machine Task Thread - 1] INFO  impl.RaftServerProxy (RaftServerProxy.java:lambda$start$3(307)) - 98150d0f-da65-4af0-8be7-aade3971ef2c: start RPC server
2020-10-23 13:18:04,989 [Datanode State Machine Task Thread - 1] INFO  server.GrpcService (GrpcService.java:startImpl(177)) - 98150d0f-da65-4af0-8be7-aade3971ef2c: GrpcService started, listening on 0.0.0.0/0.0.0.0:34961
2020-10-23 13:18:04,989 [Datanode State Machine Task Thread - 1] INFO  ratis.XceiverServerRatis (XceiverServerRatis.java:start(456)) - XceiverServerRatis 98150d0f-da65-4af0-8be7-aade3971ef2c is started using port 34961
2020-10-23 13:18:04,992 [Datanode State Machine Task Thread - 1] INFO  server.XceiverServerGrpc (XceiverServerGrpc.java:start(145)) - XceiverServerGrpc 98150d0f-da65-4af0-8be7-aade3971ef2c is started using port 40497
2020-10-23 13:18:05,350 [Datanode State Machine Task Thread - 1] INFO  ozoneimpl.OzoneContainer (OzoneContainer.java:start(245)) - Attempting to start container services.
2020-10-23 13:18:05,352 [Datanode State Machine Task Thread - 1] INFO  ozoneimpl.OzoneContainer (OzoneContainer.java:startContainerScrub(209)) - Background container scanner has been disabled.
2020-10-23 13:18:05,352 [Datanode State Machine Task Thread - 1] INFO  ratis.XceiverServerRatis (XceiverServerRatis.java:start(444)) - Starting XceiverServerRatis a4d3af63-08de-4d4b-ab63-4aa1172cd052 at port 0
2020-10-23 13:18:05,354 [Datanode State Machine Task Thread - 1] INFO  impl.RaftServerProxy (RaftServerProxy.java:lambda$start$3(307)) - a4d3af63-08de-4d4b-ab63-4aa1172cd052: start RPC server
2020-10-23 13:18:05,355 [Datanode State Machine Task Thread - 1] INFO  server.GrpcService (GrpcService.java:startImpl(177)) - a4d3af63-08de-4d4b-ab63-4aa1172cd052: GrpcService started, listening on 0.0.0.0/0.0.0.0:35117
2020-10-23 13:18:05,356 [Datanode State Machine Task Thread - 1] INFO  ratis.XceiverServerRatis (XceiverServerRatis.java:start(456)) - XceiverServerRatis a4d3af63-08de-4d4b-ab63-4aa1172cd052 is started using port 35117
2020-10-23 13:18:05,357 [Datanode State Machine Task Thread - 1] INFO  server.XceiverServerGrpc (XceiverServerGrpc.java:start(145)) - XceiverServerGrpc a4d3af63-08de-4d4b-ab63-4aa1172cd052 is started using port 39125
2020-10-23 13:18:05,651 [Listener at 127.0.0.1/11792] INFO  ozone.MiniOzoneClusterImpl (MiniOzoneClusterImpl.java:lambda$waitForClusterToBeReady$0(177)) - Waiting for nodes to be ready. Got 0 of 3 DN Heartbeats.
2020-10-23 13:18:05,651 [Listener at 127.0.0.1/11792] INFO  ozone.MiniOzoneClusterImpl (MiniOzoneClusterImpl.java:lambda$waitForClusterToBeReady$0(180)) - Waiting for cluster to exit safe mode
2020-10-23 13:18:05,655 [Datanode State Machine Task Thread - 1] INFO  ozoneimpl.OzoneContainer (OzoneContainer.java:start(245)) - Attempting to start container services.
2020-10-23 13:18:05,655 [Datanode State Machine Task Thread - 1] INFO  ozoneimpl.OzoneContainer (OzoneContainer.java:startContainerScrub(209)) - Background container scanner has been disabled.
2020-10-23 13:18:05,656 [Datanode State Machine Task Thread - 1] INFO  ratis.XceiverServerRatis (XceiverServerRatis.java:start(444)) - Starting XceiverServerRatis 7e15bd9e-19dc-432d-ab4a-c89a4e0db555 at port 0
2020-10-23 13:18:05,657 [Datanode State Machine Task Thread - 1] INFO  impl.RaftServerProxy (RaftServerProxy.java:lambda$start$3(307)) - 7e15bd9e-19dc-432d-ab4a-c89a4e0db555: start RPC server
2020-10-23 13:18:05,659 [Datanode State Machine Task Thread - 1] INFO  server.GrpcService (GrpcService.java:startImpl(177)) - 7e15bd9e-19dc-432d-ab4a-c89a4e0db555: GrpcService started, listening on 0.0.0.0/0.0.0.0:39823
2020-10-23 13:18:05,659 [Datanode State Machine Task Thread - 1] INFO  ratis.XceiverServerRatis (XceiverServerRatis.java:start(456)) - XceiverServerRatis 7e15bd9e-19dc-432d-ab4a-c89a4e0db555 is started using port 39823
2020-10-23 13:18:05,660 [Datanode State Machine Task Thread - 1] INFO  server.XceiverServerGrpc (XceiverServerGrpc.java:start(145)) - XceiverServerGrpc 7e15bd9e-19dc-432d-ab4a-c89a4e0db555 is started using port 41867
2020-10-23 13:18:06,652 [Listener at 127.0.0.1/11792] INFO  ozone.MiniOzoneClusterImpl (MiniOzoneClusterImpl.java:lambda$waitForClusterToBeReady$0(177)) - Waiting for nodes to be ready. Got 0 of 3 DN Heartbeats.
2020-10-23 13:18:06,652 [Listener at 127.0.0.1/11792] INFO  ozone.MiniOzoneClusterImpl (MiniOzoneClusterImpl.java:lambda$waitForClusterToBeReady$0(180)) - Waiting for cluster to exit safe mode
2020-10-23 13:18:06,871 [IPC Server handler 2 on default port 35701] INFO  net.NetworkTopologyImpl (NetworkTopologyImpl.java:add(111)) - Added a new node: /default-rack/98150d0f-da65-4af0-8be7-aade3971ef2c
2020-10-23 13:18:06,873 [IPC Server handler 2 on default port 35701] INFO  node.SCMNodeManager (SCMNodeManager.java:register(282)) - Registered Data node : 98150d0f-da65-4af0-8be7-aade3971ef2c{ip: 172.17.0.2, host: 1a5acc08e21a, networkLocation: /default-rack, certSerialId: null}
2020-10-23 13:18:06,878 [EventQueue-NodeRegistrationContainerReportForContainerSafeModeRule] INFO  safemode.SCMSafeModeManager (SCMSafeModeManager.java:validateSafeModeExitRules(214)) - ContainerSafeModeRule rule is successfully validated
2020-10-23 13:18:06,879 [EventQueue-NodeRegistrationContainerReportForDataNodeSafeModeRule] INFO  safemode.SCMSafeModeManager (DataNodeSafeModeRule.java:process(71)) - SCM in safe mode. 1 DataNodes registered, 1 required.
2020-10-23 13:18:06,879 [EventQueue-NodeRegistrationContainerReportForDataNodeSafeModeRule] INFO  safemode.SCMSafeModeManager (SCMSafeModeManager.java:validateSafeModeExitRules(214)) - DataNodeSafeModeRule rule is successfully validated
2020-10-23 13:18:06,879 [EventQueue-NodeRegistrationContainerReportForDataNodeSafeModeRule] INFO  safemode.SCMSafeModeManager (SCMSafeModeManager.java:completePreCheck(242)) - All SCM safe mode pre check rules have passed
2020-10-23 13:18:06,890 [RatisPipelineUtilsThread] INFO  pipeline.RatisPipelineProvider (RatisPipelineProvider.java:lambda$create$0(161)) - Sending CreatePipelineCommand for pipeline:PipelineID=e0f66387-59d9-46f2-b3dd-1b0e0c22600f to datanode:98150d0f-da65-4af0-8be7-aade3971ef2c
2020-10-23 13:18:07,096 [RatisPipelineUtilsThread] INFO  pipeline.PipelineStateManager (PipelineStateManager.java:addPipeline(54)) - Created pipeline Pipeline[ Id: e0f66387-59d9-46f2-b3dd-1b0e0c22600f, Nodes: 98150d0f-da65-4af0-8be7-aade3971ef2c{ip: 172.17.0.2, host: 1a5acc08e21a, networkLocation: /default-rack, certSerialId: null}, Type:RATIS, Factor:ONE, State:ALLOCATED, leaderId:, CreationTimestamp2020-10-23T13:18:06.886Z]
2020-10-23 13:18:07,099 [RatisPipelineUtilsThread] WARN  pipeline.PipelinePlacementPolicy (PipelinePlacementPolicy.java:filterViableNodes(138)) - Pipeline creation failed due to no sufficient healthy datanodes. Required 3. Found 1.
2020-10-23 13:18:07,349 [IPC Server handler 3 on default port 35701] INFO  net.NetworkTopologyImpl (NetworkTopologyImpl.java:add(111)) - Added a new node: /default-rack/a4d3af63-08de-4d4b-ab63-4aa1172cd052
2020-10-23 13:18:07,350 [IPC Server handler 3 on default port 35701] INFO  node.SCMNodeManager (SCMNodeManager.java:register(282)) - Registered Data node : a4d3af63-08de-4d4b-ab63-4aa1172cd052{ip: 172.17.0.2, host: 1a5acc08e21a, networkLocation: /default-rack, certSerialId: null}
2020-10-23 13:18:07,350 [EventQueue-NodeRegistrationContainerReportForContainerSafeModeRule] INFO  safemode.SCMSafeModeManager (SCMSafeModeManager.java:validateSafeModeExitRules(214)) - ContainerSafeModeRule rule is successfully validated
2020-10-23 13:18:07,350 [EventQueue-NodeRegistrationContainerReportForDataNodeSafeModeRule] INFO  safemode.SCMSafeModeManager (SCMSafeModeManager.java:validateSafeModeExitRules(214)) - DataNodeSafeModeRule rule is successfully validated
2020-10-23 13:18:07,351 [RatisPipelineUtilsThread] INFO  pipeline.RatisPipelineProvider (RatisPipelineProvider.java:lambda$create$0(161)) - Sending CreatePipelineCommand for pipeline:PipelineID=c7818600-0599-43d7-8e5c-aa4c7b058e46 to datanode:a4d3af63-08de-4d4b-ab63-4aa1172cd052
2020-10-23 13:18:07,352 [RatisPipelineUtilsThread] INFO  pipeline.PipelineStateManager (PipelineStateManager.java:addPipeline(54)) - Created pipeline Pipeline[ Id: c7818600-0599-43d7-8e5c-aa4c7b058e46, Nodes: a4d3af63-08de-4d4b-ab63-4aa1172cd052{ip: 172.17.0.2, host: 1a5acc08e21a, networkLocation: /default-rack, certSerialId: null}, Type:RATIS, Factor:ONE, State:ALLOCATED, leaderId:, CreationTimestamp2020-10-23T13:18:07.351Z]
2020-10-23 13:18:07,352 [RatisPipelineUtilsThread] WARN  pipeline.PipelinePlacementPolicy (PipelinePlacementPolicy.java:filterViableNodes(138)) - Pipeline creation failed due to no sufficient healthy datanodes. Required 3. Found 2.
2020-10-23 13:18:07,652 [Listener at 127.0.0.1/11792] INFO  ozone.MiniOzoneClusterImpl (MiniOzoneClusterImpl.java:lambda$waitForClusterToBeReady$0(177)) - Waiting for nodes to be ready. Got 2 of 3 DN Heartbeats.
2020-10-23 13:18:07,652 [Listener at 127.0.0.1/11792] INFO  ozone.MiniOzoneClusterImpl (MiniOzoneClusterImpl.java:lambda$waitForClusterToBeReady$0(180)) - Waiting for cluster to exit safe mode
2020-10-23 13:18:07,654 [IPC Server handler 0 on default port 35701] INFO  net.NetworkTopologyImpl (NetworkTopologyImpl.java:add(111)) - Added a new node: /default-rack/7e15bd9e-19dc-432d-ab4a-c89a4e0db555
2020-10-23 13:18:07,654 [IPC Server handler 0 on default port 35701] INFO  node.SCMNodeManager (SCMNodeManager.java:register(282)) - Registered Data node : 7e15bd9e-19dc-432d-ab4a-c89a4e0db555{ip: 172.17.0.2, host: 1a5acc08e21a, networkLocation: /default-rack, certSerialId: null}
2020-10-23 13:18:07,655 [EventQueue-NodeRegistrationContainerReportForContainerSafeModeRule] INFO  safemode.SCMSafeModeManager (SCMSafeModeManager.java:validateSafeModeExitRules(214)) - ContainerSafeModeRule rule is successfully validated
2020-10-23 13:18:07,655 [EventQueue-NodeRegistrationContainerReportForDataNodeSafeModeRule] INFO  safemode.SCMSafeModeManager (SCMSafeModeManager.java:validateSafeModeExitRules(214)) - DataNodeSafeModeRule rule is successfully validated
2020-10-23 13:18:07,655 [RatisPipelineUtilsThread] INFO  pipeline.RatisPipelineProvider (RatisPipelineProvider.java:lambda$create$0(161)) - Sending CreatePipelineCommand for pipeline:PipelineID=d4149e72-a43d-4158-b2d7-f18c66f5b88a to datanode:7e15bd9e-19dc-432d-ab4a-c89a4e0db555
2020-10-23 13:18:07,656 [RatisPipelineUtilsThread] INFO  pipeline.PipelineStateManager (PipelineStateManager.java:addPipeline(54)) - Created pipeline Pipeline[ Id: d4149e72-a43d-4158-b2d7-f18c66f5b88a, Nodes: 7e15bd9e-19dc-432d-ab4a-c89a4e0db555{ip: 172.17.0.2, host: 1a5acc08e21a, networkLocation: /default-rack, certSerialId: null}, Type:RATIS, Factor:ONE, State:ALLOCATED, leaderId:, CreationTimestamp2020-10-23T13:18:07.655Z]
2020-10-23 13:18:07,660 [RatisPipelineUtilsThread] INFO  pipeline.RatisPipelineProvider (RatisPipelineProvider.java:lambda$create$0(161)) - Sending CreatePipelineCommand for pipeline:PipelineID=e4588e7a-b9ac-4cc5-a406-f32c89eb630a to datanode:7e15bd9e-19dc-432d-ab4a-c89a4e0db555
2020-10-23 13:18:07,660 [RatisPipelineUtilsThread] INFO  pipeline.RatisPipelineProvider (RatisPipelineProvider.java:lambda$create$0(161)) - Sending CreatePipelineCommand for pipeline:PipelineID=e4588e7a-b9ac-4cc5-a406-f32c89eb630a to datanode:a4d3af63-08de-4d4b-ab63-4aa1172cd052
2020-10-23 13:18:07,660 [RatisPipelineUtilsThread] INFO  pipeline.RatisPipelineProvider (RatisPipelineProvider.java:lambda$create$0(161)) - Sending CreatePipelineCommand for pipeline:PipelineID=e4588e7a-b9ac-4cc5-a406-f32c89eb630a to datanode:98150d0f-da65-4af0-8be7-aade3971ef2c
2020-10-23 13:18:07,661 [RatisPipelineUtilsThread] INFO  pipeline.PipelineStateManager (PipelineStateManager.java:addPipeline(54)) - Created pipeline Pipeline[ Id: e4588e7a-b9ac-4cc5-a406-f32c89eb630a, Nodes: 7e15bd9e-19dc-432d-ab4a-c89a4e0db555{ip: 172.17.0.2, host: 1a5acc08e21a, networkLocation: /default-rack, certSerialId: null}a4d3af63-08de-4d4b-ab63-4aa1172cd052{ip: 172.17.0.2, host: 1a5acc08e21a, networkLocation: /default-rack, certSerialId: null}98150d0f-da65-4af0-8be7-aade3971ef2c{ip: 172.17.0.2, host: 1a5acc08e21a, networkLocation: /default-rack, certSerialId: null}, Type:RATIS, Factor:THREE, State:ALLOCATED, leaderId:, CreationTimestamp2020-10-23T13:18:07.660Z]
2020-10-23 13:18:08,653 [Listener at 127.0.0.1/11792] INFO  ozone.MiniOzoneClusterImpl (MiniOzoneClusterImpl.java:lambda$waitForClusterToBeReady$0(177)) - Nodes are ready. Got 3 of 3 DN Heartbeats.
2020-10-23 13:18:08,653 [Listener at 127.0.0.1/11792] INFO  ozone.MiniOzoneClusterImpl (MiniOzoneClusterImpl.java:lambda$waitForClusterToBeReady$0(180)) - Waiting for cluster to exit safe mode
2020-10-23 13:18:09,653 [Listener at 127.0.0.1/11792] INFO  ozone.MiniOzoneClusterImpl (MiniOzoneClusterImpl.java:lambda$waitForClusterToBeReady$0(177)) - Nodes are ready. Got 3 of 3 DN Heartbeats.
2020-10-23 13:18:09,653 [Listener at 127.0.0.1/11792] INFO  ozone.MiniOzoneClusterImpl (MiniOzoneClusterImpl.java:lambda$waitForClusterToBeReady$0(180)) - Waiting for cluster to exit safe mode
2020-10-23 13:18:09,841 [Command processor thread] INFO  impl.RaftServerProxy (RaftServerProxy.java:addNew(92)) - 98150d0f-da65-4af0-8be7-aade3971ef2c: addNew group-1B0E0C22600F:[98150d0f-da65-4af0-8be7-aade3971ef2c:172.17.0.2:34961:0] returns group-1B0E0C22600F:java.util.concurrent.CompletableFuture@ec4e557[Not completed]
2020-10-23 13:18:09,857 [pool-70-thread-1] INFO  impl.RaftServerImpl (RaftServerImpl.java:<init>(120)) - 98150d0f-da65-4af0-8be7-aade3971ef2c: new RaftServerImpl for group-1B0E0C22600F:[98150d0f-da65-4af0-8be7-aade3971ef2c:172.17.0.2:34961:0] with ContainerStateMachine:uninitialized
2020-10-23 13:18:09,858 [pool-70-thread-1] INFO  server.RaftServerConfigKeys (ConfUtils.java:logGet(44)) - raft.server.rpc.timeout.min = 5s (custom)
2020-10-23 13:18:09,858 [pool-70-thread-1] INFO  server.RaftServerConfigKeys (ConfUtils.java:logGet(44)) - raft.server.rpc.timeout.max = 5200ms (custom)
2020-10-23 13:18:09,858 [pool-70-thread-1] INFO  server.RaftServerConfigKeys (ConfUtils.java:logGet(44)) - raft.server.rpcslowness.timeout = 300s (custom)
2020-10-23 13:18:09,858 [pool-70-thread-1] INFO  server.RaftServerConfigKeys (ConfUtils.java:logGet(44)) - raft.server.sleep.deviation.threshold = 300 (default)
2020-10-23 13:18:09,858 [pool-70-thread-1] INFO  server.RaftServerConfigKeys (ConfUtils.java:logGet(44)) - raft.server.log.appender.install.snapshot.enabled = false (custom)
2020-10-23 13:18:09,858 [pool-70-thread-1] INFO  impl.RaftServerImpl (ServerState.java:<init>(104)) - 98150d0f-da65-4af0-8be7-aade3971ef2c@group-1B0E0C22600F: ConfigurationManager, init=-1: [98150d0f-da65-4af0-8be7-aade3971ef2c:172.17.0.2:34961:0], old=null, confs=<EMPTY_MAP>
2020-10-23 13:18:09,858 [pool-70-thread-1] INFO  server.RaftServerConfigKeys (ConfUtils.java:logGet(44)) - raft.server.storage.dir = [/github/workspace/mnt/ozone/hadoop-ozone/integration-test/target/test-dir/MiniOzoneClusterImpl-268cb0c2-3227-45ab-9618-d290d5ae62e2/datanode-0/data/ratis] (custom)
2020-10-23 13:18:09,859 [pool-70-thread-1] INFO  server.RaftServerConfigKeys (ConfUtils.java:logGet(44)) - raft.server.log.corruption.policy = EXCEPTION (default)
2020-10-23 13:18:09,859 [pool-70-thread-1] INFO  storage.RaftStorageDirectory (RaftStorageDirectory.java:analyzeStorage(261)) - The storage directory /github/workspace/mnt/ozone/hadoop-ozone/integration-test/target/test-dir/MiniOzoneClusterImpl-268cb0c2-3227-45ab-9618-d290d5ae62e2/datanode-0/data/ratis/e0f66387-59d9-46f2-b3dd-1b0e0c22600f does not exist. Creating ...
2020-10-23 13:18:09,861 [pool-70-thread-1] INFO  storage.RaftStorageDirectory (RaftStorageDirectory.java:tryLock(343)) - Lock on /github/workspace/mnt/ozone/hadoop-ozone/integration-test/target/test-dir/MiniOzoneClusterImpl-268cb0c2-3227-45ab-9618-d290d5ae62e2/datanode-0/data/ratis/e0f66387-59d9-46f2-b3dd-1b0e0c22600f/in_use.lock acquired by nodename 10365@1a5acc08e21a
2020-10-23 13:18:09,862 [pool-70-thread-1] INFO  storage.RaftStorage (RaftStorage.java:format(84)) - Storage directory /github/workspace/mnt/ozone/hadoop-ozone/integration-test/target/test-dir/MiniOzoneClusterImpl-268cb0c2-3227-45ab-9618-d290d5ae62e2/datanode-0/data/ratis/e0f66387-59d9-46f2-b3dd-1b0e0c22600f has been successfully formatted.
2020-10-23 13:18:09,865 [pool-70-thread-1] INFO  ratis.ContainerStateMachine (ContainerStateMachine.java:loadSnapshot(225)) - group-1B0E0C22600F: The snapshot info is null. Setting the last applied indexto:(t:0, i:~)
2020-10-23 13:18:09,872 [pool-70-thread-1] INFO  server.RaftServerConfigKeys (ConfUtils.java:logGet(44)) - raft.server.notification.no-leader.timeout = 300s (custom)
2020-10-23 13:18:09,872 [pool-70-thread-1] INFO  server.RaftServerConfigKeys (ConfUtils.java:logGet(44)) - raft.server.log.use.memory = false (default)
2020-10-23 13:18:09,872 [pool-70-thread-1] INFO  server.RaftServerConfigKeys (ConfUtils.java:logGet(44)) - raft.server.log.purge.gap = 1000000 (custom)
2020-10-23 13:18:09,875 [pool-70-thread-1] INFO  metrics.RatisMetrics (RatisMetrics.java:lambda$create$0(36)) - Creating Metrics Registry : ratis.log_worker.98150d0f-da65-4af0-8be7-aade3971ef2c@group-1B0E0C22600F
2020-10-23 13:18:09,876 [pool-70-thread-1] INFO  server.RaftServerConfigKeys (ConfUtils.java:logGet(44)) - raft.server.log.appender.buffer.byte-limit = 33554432 (custom)
2020-10-23 13:18:09,876 [pool-70-thread-1] INFO  server.RaftServerConfigKeys (ConfUtils.java:logGet(44)) - raft.server.log.segment.size.max = 1048576 (custom)
2020-10-23 13:18:09,877 [pool-70-thread-1] INFO  server.RaftServerConfigKeys (ConfUtils.java:logGet(44)) - raft.server.log.segment.cache.num.max = 2 (custom)
2020-10-23 13:18:09,877 [pool-70-thread-1] INFO  segmented.SegmentedRaftLogWorker (SegmentedRaftLogWorker.java:<init>(180)) - new 98150d0f-da65-4af0-8be7-aade3971ef2c@group-1B0E0C22600F-SegmentedRaftLogWorker for RaftStorage:Storage Directory /github/workspace/mnt/ozone/hadoop-ozone/integration-test/target/test-dir/MiniOzoneClusterImpl-268cb0c2-3227-45ab-9618-d290d5ae62e2/datanode-0/data/ratis/e0f66387-59d9-46f2-b3dd-1b0e0c22600f
2020-10-23 13:18:09,877 [pool-70-thread-1] INFO  server.RaftServerConfigKeys (ConfUtils.java:logGet(44)) - raft.server.log.queue.byte-limit = 2147483647 (custom)
2020-10-23 13:18:09,877 [pool-70-thread-1] INFO  server.RaftServerConfigKeys (ConfUtils.java:logGet(44)) - raft.server.log.queue.element-limit = 1024 (custom)
2020-10-23 13:18:09,877 [pool-70-thread-1] INFO  server.RaftServerConfigKeys (ConfUtils.java:logGet(44)) - raft.server.log.segment.size.max = 1048576 (custom)
2020-10-23 13:18:09,877 [pool-70-thread-1] INFO  server.RaftServerConfigKeys (ConfUtils.java:logGet(44)) - raft.server.log.preallocated.size = 16384 (custom)
2020-10-23 13:18:09,877 [pool-70-thread-1] INFO  server.RaftServerConfigKeys (ConfUtils.java:logGet(44)) - raft.server.log.write.buffer.size = 1048576 (custom)
2020-10-23 13:18:09,877 [pool-70-thread-1] INFO  server.RaftServerConfigKeys (ConfUtils.java:logGet(44)) - raft.server.log.force.sync.num = 128 (default)
2020-10-23 13:18:09,877 [pool-70-thread-1] INFO  server.RaftServerConfigKeys (ConfUtils.java:logGet(44)) - raft.server.log.statemachine.data.sync = true (default)
2020-10-23 13:18:09,877 [pool-70-thread-1] INFO  server.RaftServerConfigKeys (ConfUtils.java:logGet(44)) - raft.server.log.statemachine.data.sync.timeout = 10s (default)
2020-10-23 13:18:09,878 [pool-70-thread-1] INFO  server.RaftServerConfigKeys (ConfUtils.java:logGet(44)) - raft.server.log.statemachine.data.sync.timeout.retry = -1 (default)
2020-10-23 13:18:09,879 [pool-70-thread-1] INFO  server.RaftServerConfigKeys (ConfUtils.java:logGet(44)) - raft.server.log.statemachine.data.caching.enabled = true (custom)
2020-10-23 13:18:09,882 [pool-70-thread-1] INFO  segmented.SegmentedRaftLogWorker (SegmentedRaftLogWorker.java:lambda$new$0(129)) - 98150d0f-da65-4af0-8be7-aade3971ef2c@group-1B0E0C22600F-SegmentedRaftLogWorker: flushIndex: setUnconditionally 0 -> -1
2020-10-23 13:18:09,882 [pool-70-thread-1] INFO  segmented.SegmentedRaftLogWorker (SegmentedRaftLogWorker.java:lambda$new$0(129)) - 98150d0f-da65-4af0-8be7-aade3971ef2c@group-1B0E0C22600F-SegmentedRaftLogWorker: safeCacheEvictIndex: setUnconditionally 0 -> -1
2020-10-23 13:18:09,889 [pool-70-thread-1] INFO  server.RaftServerConfigKeys (ConfUtils.java:logGet(44)) - raft.server.snapshot.auto.trigger.enabled = true (custom)
2020-10-23 13:18:09,890 [pool-70-thread-1] INFO  server.RaftServerConfigKeys (ConfUtils.java:logGet(44)) - raft.server.snapshot.auto.trigger.threshold = 10000 (custom)
2020-10-23 13:18:09,890 [pool-70-thread-1] INFO  server.RaftServerConfigKeys (ConfUtils.java:logGet(44)) - raft.server.snapshot.retention.file.num = 5 (custom)
2020-10-23 13:18:09,890 [pool-70-thread-1] INFO  server.RaftServerConfigKeys (ConfUtils.java:logGet(44)) - raft.server.log.purge.upto.snapshot.index = false (default)
2020-10-23 13:18:09,890 [pool-70-thread-1] INFO  server.RaftServerConfigKeys (ConfUtils.java:logGet(44)) - raft.server.retrycache.expirytime = 600000ms (custom)
2020-10-23 13:18:09,890 [pool-70-thread-1] INFO  metrics.RatisMetrics (RatisMetrics.java:lambda$create$0(36)) - Creating Metrics Registry : ratis.leader_election.98150d0f-da65-4af0-8be7-aade3971ef2c@group-1B0E0C22600F
2020-10-23 13:18:09,890 [pool-70-thread-1] INFO  metrics.RatisMetrics (RatisMetrics.java:lambda$create$0(36)) - Creating Metrics Registry : ratis.server.98150d0f-da65-4af0-8be7-aade3971ef2c@group-1B0E0C22600F
2020-10-23 13:18:09,896 [pool-70-thread-1] INFO  impl.RaftServerImpl (RaftServerImpl.java:start(209)) - 98150d0f-da65-4af0-8be7-aade3971ef2c@group-1B0E0C22600F: start as a follower, conf=-1: [98150d0f-da65-4af0-8be7-aade3971ef2c:172.17.0.2:34961:0], old=null
2020-10-23 13:18:09,896 [pool-70-thread-1] INFO  impl.RaftServerImpl (RaftServerImpl.java:setRole(198)) - 98150d0f-da65-4af0-8be7-aade3971ef2c@group-1B0E0C22600F: changes role from      null to FOLLOWER at term 0 for startAsFollower
2020-10-23 13:18:09,896 [pool-70-thread-1] INFO  impl.RoleInfo (RoleInfo.java:updateAndGet(143)) - 98150d0f-da65-4af0-8be7-aade3971ef2c: start FollowerState
2020-10-23 13:18:09,897 [EventQueue-PipelineReportForPipelineReportHandler] INFO  pipeline.PipelineStateManager (PipelineStateManager.java:openPipeline(132)) - Pipeline Pipeline[ Id: e0f66387-59d9-46f2-b3dd-1b0e0c22600f, Nodes: 98150d0f-da65-4af0-8be7-aade3971ef2c{ip: 172.17.0.2, host: 1a5acc08e21a, networkLocation: /default-rack, certSerialId: null}, Type:RATIS, Factor:ONE, State:ALLOCATED, leaderId:98150d0f-da65-4af0-8be7-aade3971ef2c, CreationTimestamp2020-10-23T13:18:06.886Z] moved to OPEN state
2020-10-23 13:18:09,898 [pool-70-thread-1] INFO  util.JmxRegister (JmxRegister.java:tryRegister(44)) - Successfully registered JMX Bean with object name Ratis:service=RaftServer,group=group-1B0E0C22600F,id=98150d0f-da65-4af0-8be7-aade3971ef2c
2020-10-23 13:18:09,904 [pool-70-thread-1] INFO  metrics.RatisMetrics (RatisMetrics.java:lambda$create$0(36)) - Creating Metrics Registry : ratis.state_machine.98150d0f-da65-4af0-8be7-aade3971ef2c@group-1B0E0C22600F
2020-10-23 13:18:09,908 [EventQueue-OpenPipelineForOneReplicaPipelineSafeModeRule] INFO  safemode.SCMSafeModeManager (SCMSafeModeManager.java:validateSafeModeExitRules(214)) - AtleastOneDatanodeReportedRule rule is successfully validated
2020-10-23 13:18:09,914 [EventQueue-OpenPipelineForHealthyPipelineSafeModeRule] INFO  safemode.SCMSafeModeManager (HealthyPipelineSafeModeRule.java:process(129)) - SCM in safe mode. Healthy pipelines reported count is 0, required healthy pipeline reported count is 1
2020-10-23 13:18:09,916 [Command processor thread] INFO  commandhandler.CreatePipelineCommandHandler (CreatePipelineCommandHandler.java:handle(112)) - Created Pipeline RATIS ONE #id: "e0f66387-59d9-46f2-b3dd-1b0e0c22600f"
uuid128 {
  mostSigBits: -2236490731963726094
  leastSigBits: -5486199023920324593
}
.
2020-10-23 13:18:09,916 [Command processor thread] INFO  impl.RaftServerProxy (RaftServerProxy.java:addNew(92)) - 98150d0f-da65-4af0-8be7-aade3971ef2c: addNew group-F32C89EB630A:[7e15bd9e-19dc-432d-ab4a-c89a4e0db555:172.17.0.2:39823:0, 98150d0f-da65-4af0-8be7-aade3971ef2c:172.17.0.2:34961:0, a4d3af63-08de-4d4b-ab63-4aa1172cd052:172.17.0.2:35117:0] returns group-F32C89EB630A:java.util.concurrent.CompletableFuture@7164b085[Not completed]
2020-10-23 13:18:09,917 [pool-70-thread-1] INFO  impl.RaftServerImpl (RaftServerImpl.java:<init>(120)) - 98150d0f-da65-4af0-8be7-aade3971ef2c: new RaftServerImpl for group-F32C89EB630A:[7e15bd9e-19dc-432d-ab4a-c89a4e0db555:172.17.0.2:39823:0, 98150d0f-da65-4af0-8be7-aade3971ef2c:172.17.0.2:34961:0, a4d3af63-08de-4d4b-ab63-4aa1172cd052:172.17.0.2:35117:0] with ContainerStateMachine:uninitialized
2020-10-23 13:18:09,917 [pool-70-thread-1] INFO  server.RaftServerConfigKeys (ConfUtils.java:logGet(44)) - raft.server.rpc.timeout.min = 5s (custom)
2020-10-23 13:18:09,917 [pool-70-thread-1] INFO  server.RaftServerConfigKeys (ConfUtils.java:logGet(44)) - raft.server.rpc.timeout.max = 5200ms (custom)
2020-10-23 13:18:09,917 [pool-70-thread-1] INFO  server.RaftServerConfigKeys (ConfUtils.java:logGet(44)) - raft.server.rpcslowness.timeout = 300s (custom)
2020-10-23 13:18:09,917 [pool-70-thread-1] INFO  server.RaftServerConfigKeys (ConfUtils.java:logGet(44)) - raft.server.sleep.deviation.threshold = 300 (default)
2020-10-23 13:18:09,917 [pool-70-thread-1] INFO  server.RaftServerConfigKeys (ConfUtils.java:logGet(44)) - raft.server.log.appender.install.snapshot.enabled = false (custom)
2020-10-23 13:18:09,918 [pool-70-thread-1] INFO  impl.RaftServerImpl (ServerState.java:<init>(104)) - 98150d0f-da65-4af0-8be7-aade3971ef2c@group-F32C89EB630A: ConfigurationManager, init=-1: [7e15bd9e-19dc-432d-ab4a-c89a4e0db555:172.17.0.2:39823:0, 98150d0f-da65-4af0-8be7-aade3971ef2c:172.17.0.2:34961:0, a4d3af63-08de-4d4b-ab63-4aa1172cd052:172.17.0.2:35117:0], old=null, confs=<EMPTY_MAP>
2020-10-23 13:18:09,918 [pool-70-thread-1] INFO  server.RaftServerConfigKeys (ConfUtils.java:logGet(44)) - raft.server.storage.dir = [/github/workspace/mnt/ozone/hadoop-ozone/integration-test/target/test-dir/MiniOzoneClusterImpl-268cb0c2-3227-45ab-9618-d290d5ae62e2/datanode-0/data/ratis] (custom)
2020-10-23 13:18:09,918 [pool-70-thread-1] INFO  server.RaftServerConfigKeys (ConfUtils.java:logGet(44)) - raft.server.log.corruption.policy = EXCEPTION (default)
2020-10-23 13:18:09,918 [pool-70-thread-1] INFO  storage.RaftStorageDirectory (RaftStorageDirectory.java:analyzeStorage(261)) - The storage directory /github/workspace/mnt/ozone/hadoop-ozone/integration-test/target/test-dir/MiniOzoneClusterImpl-268cb0c2-3227-45ab-9618-d290d5ae62e2/datanode-0/data/ratis/e4588e7a-b9ac-4cc5-a406-f32c89eb630a does not exist. Creating ...
2020-10-23 13:18:09,919 [pool-70-thread-1] INFO  storage.RaftStorageDirectory (RaftStorageDirectory.java:tryLock(343)) - Lock on /github/workspace/mnt/ozone/hadoop-ozone/integration-test/target/test-dir/MiniOzoneClusterImpl-268cb0c2-3227-45ab-9618-d290d5ae62e2/datanode-0/data/ratis/e4588e7a-b9ac-4cc5-a406-f32c89eb630a/in_use.lock acquired by nodename 10365@1a5acc08e21a
2020-10-23 13:18:09,920 [pool-70-thread-1] INFO  storage.RaftStorage (RaftStorage.java:format(84)) - Storage directory /github/workspace/mnt/ozone/hadoop-ozone/integration-test/target/test-dir/MiniOzoneClusterImpl-268cb0c2-3227-45ab-9618-d290d5ae62e2/datanode-0/data/ratis/e4588e7a-b9ac-4cc5-a406-f32c89eb630a has been successfully formatted.
2020-10-23 13:18:09,924 [pool-70-thread-1] INFO  ratis.ContainerStateMachine (ContainerStateMachine.java:loadSnapshot(225)) - group-F32C89EB630A: The snapshot info is null. Setting the last applied indexto:(t:0, i:~)
2020-10-23 13:18:09,924 [pool-70-thread-1] INFO  server.RaftServerConfigKeys (ConfUtils.java:logGet(44)) - raft.server.notification.no-leader.timeout = 300s (custom)
2020-10-23 13:18:09,924 [pool-70-thread-1] INFO  server.RaftServerConfigKeys (ConfUtils.java:logGet(44)) - raft.server.log.use.memory = false (default)
2020-10-23 13:18:09,924 [pool-70-thread-1] INFO  server.RaftServerConfigKeys (ConfUtils.java:logGet(44)) - raft.server.log.purge.gap = 1000000 (custom)
2020-10-23 13:18:09,924 [pool-70-thread-1] INFO  metrics.RatisMetrics (RatisMetrics.java:lambda$create$0(36)) - Creating Metrics Registry : ratis.log_worker.98150d0f-da65-4af0-8be7-aade3971ef2c@group-F32C89EB630A
2020-10-23 13:18:09,924 [pool-70-thread-1] INFO  server.RaftServerConfigKeys (ConfUtils.java:logGet(44)) - raft.server.log.appender.buffer.byte-limit = 33554432 (custom)
2020-10-23 13:18:09,924 [pool-70-thread-1] INFO  server.RaftServerConfigKeys (ConfUtils.java:logGet(44)) - raft.server.log.segment.size.max = 1048576 (custom)
2020-10-23 13:18:09,925 [pool-70-thread-1] INFO  server.RaftServerConfigKeys (ConfUtils.java:logGet(44)) - raft.server.log.segment.cache.num.max = 2 (custom)
2020-10-23 13:18:09,925 [pool-70-thread-1] INFO  segmented.SegmentedRaftLogWorker (SegmentedRaftLogWorker.java:<init>(180)) - new 98150d0f-da65-4af0-8be7-aade3971ef2c@group-F32C89EB630A-SegmentedRaftLogWorker for RaftStorage:Storage Directory /github/workspace/mnt/ozone/hadoop-ozone/integration-test/target/test-dir/MiniOzoneClusterImpl-268cb0c2-3227-45ab-9618-d290d5ae62e2/datanode-0/data/ratis/e4588e7a-b9ac-4cc5-a406-f32c89eb630a
2020-10-23 13:18:09,925 [pool-70-thread-1] INFO  server.RaftServerConfigKeys (ConfUtils.java:logGet(44)) - raft.server.log.queue.byte-limit = 2147483647 (custom)
2020-10-23 13:18:09,925 [pool-70-thread-1] INFO  server.RaftServerConfigKeys (ConfUtils.java:logGet(44)) - raft.server.log.queue.element-limit = 1024 (custom)
2020-10-23 13:18:09,925 [pool-70-thread-1] INFO  server.RaftServerConfigKeys (ConfUtils.java:logGet(44)) - raft.server.log.segment.size.max = 1048576 (custom)
2020-10-23 13:18:09,925 [pool-70-thread-1] INFO  server.RaftServerConfigKeys (ConfUtils.java:logGet(44)) - raft.server.log.preallocated.size = 16384 (custom)
2020-10-23 13:18:09,925 [pool-70-thread-1] INFO  server.RaftServerConfigKeys (ConfUtils.java:logGet(44)) - raft.server.log.write.buffer.size = 1048576 (custom)
2020-10-23 13:18:09,925 [pool-70-thread-1] INFO  server.RaftServerConfigKeys (ConfUtils.java:logGet(44)) - raft.server.log.force.sync.num = 128 (default)
2020-10-23 13:18:09,926 [pool-70-thread-1] INFO  server.RaftServerConfigKeys (ConfUtils.java:logGet(44)) - raft.server.log.statemachine.data.sync = true (default)
2020-10-23 13:18:09,926 [pool-70-thread-1] INFO  server.RaftServerConfigKeys (ConfUtils.java:logGet(44)) - raft.server.log.statemachine.data.sync.timeout = 10s (default)
2020-10-23 13:18:09,926 [pool-70-thread-1] INFO  server.RaftServerConfigKeys (ConfUtils.java:logGet(44)) - raft.server.log.statemachine.data.sync.timeout.retry = -1 (default)
2020-10-23 13:18:09,927 [pool-70-thread-1] INFO  server.RaftServerConfigKeys (ConfUtils.java:logGet(44)) - raft.server.log.statemachine.data.caching.enabled = true (custom)
2020-10-23 13:18:09,927 [pool-70-thread-1] INFO  segmented.SegmentedRaftLogWorker (SegmentedRaftLogWorker.java:lambda$new$0(129)) - 98150d0f-da65-4af0-8be7-aade3971ef2c@group-F32C89EB630A-SegmentedRaftLogWorker: flushIndex: setUnconditionally 0 -> -1
2020-10-23 13:18:09,927 [pool-70-thread-1] INFO  segmented.SegmentedRaftLogWorker (SegmentedRaftLogWorker.java:lambda$new$0(129)) - 98150d0f-da65-4af0-8be7-aade3971ef2c@group-F32C89EB630A-SegmentedRaftLogWorker: safeCacheEvictIndex: setUnconditionally 0 -> -1
2020-10-23 13:18:09,931 [pool-70-thread-1] INFO  server.RaftServerConfigKeys (ConfUtils.java:logGet(44)) - raft.server.snapshot.auto.trigger.enabled = true (custom)
2020-10-23 13:18:09,931 [pool-70-thread-1] INFO  server.RaftServerConfigKeys (ConfUtils.java:logGet(44)) - raft.server.snapshot.auto.trigger.threshold = 10000 (custom)
2020-10-23 13:18:09,931 [pool-70-thread-1] INFO  server.RaftServerConfigKeys (ConfUtils.java:logGet(44)) - raft.server.snapshot.retention.file.num = 5 (custom)
2020-10-23 13:18:09,931 [pool-70-thread-1] INFO  server.RaftServerConfigKeys (ConfUtils.java:logGet(44)) - raft.server.log.purge.upto.snapshot.index = false (default)
2020-10-23 13:18:09,932 [pool-70-thread-1] INFO  server.RaftServerConfigKeys (ConfUtils.java:logGet(44)) - raft.server.retrycache.expirytime = 600000ms (custom)
2020-10-23 13:18:09,932 [pool-70-thread-1] INFO  metrics.RatisMetrics (RatisMetrics.java:lambda$create$0(36)) - Creating Metrics Registry : ratis.leader_election.98150d0f-da65-4af0-8be7-aade3971ef2c@group-F32C89EB630A
2020-10-23 13:18:09,932 [pool-70-thread-1] INFO  metrics.RatisMetrics (RatisMetrics.java:lambda$create$0(36)) - Creating Metrics Registry : ratis.server.98150d0f-da65-4af0-8be7-aade3971ef2c@group-F32C89EB630A
2020-10-23 13:18:09,933 [pool-70-thread-1] INFO  impl.RaftServerImpl (RaftServerImpl.java:start(209)) - 98150d0f-da65-4af0-8be7-aade3971ef2c@group-F32C89EB630A: start as a follower, conf=-1: [7e15bd9e-19dc-432d-ab4a-c89a4e0db555:172.17.0.2:39823:0, 98150d0f-da65-4af0-8be7-aade3971ef2c:172.17.0.2:34961:0, a4d3af63-08de-4d4b-ab63-4aa1172cd052:172.17.0.2:35117:0], old=null
2020-10-23 13:18:09,933 [pool-70-thread-1] INFO  impl.RaftServerImpl (RaftServerImpl.java:setRole(198)) - 98150d0f-da65-4af0-8be7-aade3971ef2c@group-F32C89EB630A: changes role from      null to FOLLOWER at term 0 for startAsFollower
2020-10-23 13:18:09,933 [pool-70-thread-1] INFO  impl.RoleInfo (RoleInfo.java:updateAndGet(143)) - 98150d0f-da65-4af0-8be7-aade3971ef2c: start FollowerState
2020-10-23 13:18:09,935 [pool-70-thread-1] INFO  util.JmxRegister (JmxRegister.java:tryRegister(44)) - Successfully registered JMX Bean with object name Ratis:service=RaftServer,group=group-F32C89EB630A,id=98150d0f-da65-4af0-8be7-aade3971ef2c
2020-10-23 13:18:09,935 [pool-70-thread-1] INFO  metrics.RatisMetrics (RatisMetrics.java:lambda$create$0(36)) - Creating Metrics Registry : ratis.state_machine.98150d0f-da65-4af0-8be7-aade3971ef2c@group-F32C89EB630A
2020-10-23 13:18:09,979 [Command processor thread] INFO  metrics.RatisMetrics (RatisMetrics.java:lambda$create$0(36)) - Creating Metrics Registry : ratis.client_message_metrics.client-DA015704F51F->7e15bd9e-19dc-432d-ab4a-c89a4e0db555
2020-10-23 13:18:10,000 [grpc-default-executor-4] INFO  metrics.RatisMetrics (RatisMetrics.java:lambda$create$0(36)) - Creating Metrics Registry : ratis.server_message_metrics.7e15bd9e-19dc-432d-ab4a-c89a4e0db555
2020-10-23 13:18:10,007 [grpc-default-executor-4] INFO  impl.RaftServerProxy (RaftServerProxy.java:addNew(92)) - 7e15bd9e-19dc-432d-ab4a-c89a4e0db555: addNew group-F32C89EB630A:[7e15bd9e-19dc-432d-ab4a-c89a4e0db555:172.17.0.2:39823:0, 98150d0f-da65-4af0-8be7-aade3971ef2c:172.17.0.2:34961:0, a4d3af63-08de-4d4b-ab63-4aa1172cd052:172.17.0.2:35117:0] returns group-F32C89EB630A:java.util.concurrent.CompletableFuture@6438e5c5[Not completed]
2020-10-23 13:18:10,012 [pool-100-thread-1] INFO  impl.RaftServerImpl (RaftServerImpl.java:<init>(120)) - 7e15bd9e-19dc-432d-ab4a-c89a4e0db555: new RaftServerImpl for group-F32C89EB630A:[7e15bd9e-19dc-432d-ab4a-c89a4e0db555:172.17.0.2:39823:0, 98150d0f-da65-4af0-8be7-aade3971ef2c:172.17.0.2:34961:0, a4d3af63-08de-4d4b-ab63-4aa1172cd052:172.17.0.2:35117:0] with ContainerStateMachine:uninitialized
2020-10-23 13:18:10,013 [pool-100-thread-1] INFO  server.RaftServerConfigKeys (ConfUtils.java:logGet(44)) - raft.server.rpc.timeout.min = 5s (custom)
2020-10-23 13:18:10,013 [pool-100-thread-1] INFO  server.RaftServerConfigKeys (ConfUtils.java:logGet(44)) - raft.server.rpc.timeout.max = 5200ms (custom)
2020-10-23 13:18:10,013 [pool-100-thread-1] INFO  server.RaftServerConfigKeys (ConfUtils.java:logGet(44)) - raft.server.rpcslowness.timeout = 300s (custom)
2020-10-23 13:18:10,013 [pool-100-thread-1] INFO  server.RaftServerConfigKeys (ConfUtils.java:logGet(44)) - raft.server.sleep.deviation.threshold = 300 (default)
2020-10-23 13:18:10,013 [pool-100-thread-1] INFO  server.RaftServerConfigKeys (ConfUtils.java:logGet(44)) - raft.server.log.appender.install.snapshot.enabled = false (custom)
2020-10-23 13:18:10,013 [pool-100-thread-1] INFO  impl.RaftServerImpl (ServerState.java:<init>(104)) - 7e15bd9e-19dc-432d-ab4a-c89a4e0db555@group-F32C89EB630A: ConfigurationManager, init=-1: [7e15bd9e-19dc-432d-ab4a-c89a4e0db555:172.17.0.2:39823:0, 98150d0f-da65-4af0-8be7-aade3971ef2c:172.17.0.2:34961:0, a4d3af63-08de-4d4b-ab63-4aa1172cd052:172.17.0.2:35117:0], old=null, confs=<EMPTY_MAP>
2020-10-23 13:18:10,014 [pool-100-thread-1] INFO  server.RaftServerConfigKeys (ConfUtils.java:logGet(44)) - raft.server.storage.dir = [/github/workspace/mnt/ozone/hadoop-ozone/integration-test/target/test-dir/MiniOzoneClusterImpl-268cb0c2-3227-45ab-9618-d290d5ae62e2/datanode-2/data/ratis] (custom)
2020-10-23 13:18:10,014 [pool-100-thread-1] INFO  server.RaftServerConfigKeys (ConfUtils.java:logGet(44)) - raft.server.log.corruption.policy = EXCEPTION (default)
2020-10-23 13:18:10,014 [pool-100-thread-1] INFO  storage.RaftStorageDirectory (RaftStorageDirectory.java:analyzeStorage(261)) - The storage directory /github/workspace/mnt/ozone/hadoop-ozone/integration-test/target/test-dir/MiniOzoneClusterImpl-268cb0c2-3227-45ab-9618-d290d5ae62e2/datanode-2/data/ratis/e4588e7a-b9ac-4cc5-a406-f32c89eb630a does not exist. Creating ...
2020-10-23 13:18:10,015 [pool-100-thread-1] INFO  storage.RaftStorageDirectory (RaftStorageDirectory.java:tryLock(343)) - Lock on /github/workspace/mnt/ozone/hadoop-ozone/integration-test/target/test-dir/MiniOzoneClusterImpl-268cb0c2-3227-45ab-9618-d290d5ae62e2/datanode-2/data/ratis/e4588e7a-b9ac-4cc5-a406-f32c89eb630a/in_use.lock acquired by nodename 10365@1a5acc08e21a
2020-10-23 13:18:10,016 [pool-100-thread-1] INFO  storage.RaftStorage (RaftStorage.java:format(84)) - Storage directory /github/workspace/mnt/ozone/hadoop-ozone/integration-test/target/test-dir/MiniOzoneClusterImpl-268cb0c2-3227-45ab-9618-d290d5ae62e2/datanode-2/data/ratis/e4588e7a-b9ac-4cc5-a406-f32c89eb630a has been successfully formatted.
2020-10-23 13:18:10,017 [pool-100-thread-1] INFO  ratis.ContainerStateMachine (ContainerStateMachine.java:loadSnapshot(225)) - group-F32C89EB630A: The snapshot info is null. Setting the last applied indexto:(t:0, i:~)
2020-10-23 13:18:10,018 [pool-100-thread-1] INFO  server.RaftServerConfigKeys (ConfUtils.java:logGet(44)) - raft.server.notification.no-leader.timeout = 300s (custom)
2020-10-23 13:18:10,018 [pool-100-thread-1] INFO  server.RaftServerConfigKeys (ConfUtils.java:logGet(44)) - raft.server.log.use.memory = false (default)
2020-10-23 13:18:10,018 [pool-100-thread-1] INFO  server.RaftServerConfigKeys (ConfUtils.java:logGet(44)) - raft.server.log.purge.gap = 1000000 (custom)
2020-10-23 13:18:10,026 [pool-100-thread-1] INFO  metrics.RatisMetrics (RatisMetrics.java:lambda$create$0(36)) - Creating Metrics Registry : ratis.log_worker.7e15bd9e-19dc-432d-ab4a-c89a4e0db555@group-F32C89EB630A
2020-10-23 13:18:10,035 [pool-100-thread-1] INFO  server.RaftServerConfigKeys (ConfUtils.java:logGet(44)) - raft.server.log.appender.buffer.byte-limit = 33554432 (custom)
2020-10-23 13:18:10,035 [pool-100-thread-1] INFO  server.RaftServerConfigKeys (ConfUtils.java:logGet(44)) - raft.server.log.segment.size.max = 1048576 (custom)
2020-10-23 13:18:10,036 [pool-100-thread-1] INFO  server.RaftServerConfigKeys (ConfUtils.java:logGet(44)) - raft.server.log.segment.cache.num.max = 2 (custom)
2020-10-23 13:18:10,037 [pool-100-thread-1] INFO  segmented.SegmentedRaftLogWorker (SegmentedRaftLogWorker.java:<init>(180)) - new 7e15bd9e-19dc-432d-ab4a-c89a4e0db555@group-F32C89EB630A-SegmentedRaftLogWorker for RaftStorage:Storage Directory /github/workspace/mnt/ozone/hadoop-ozone/integration-test/target/test-dir/MiniOzoneClusterImpl-268cb0c2-3227-45ab-9618-d290d5ae62e2/datanode-2/data/ratis/e4588e7a-b9ac-4cc5-a406-f32c89eb630a
2020-10-23 13:18:10,037 [pool-100-thread-1] INFO  server.RaftServerConfigKeys (ConfUtils.java:logGet(44)) - raft.server.log.queue.byte-limit = 2147483647 (custom)
2020-10-23 13:18:10,037 [pool-100-thread-1] INFO  server.RaftServerConfigKeys (ConfUtils.java:logGet(44)) - raft.server.log.queue.element-limit = 1024 (custom)
2020-10-23 13:18:10,037 [pool-100-thread-1] INFO  server.RaftServerConfigKeys (ConfUtils.java:logGet(44)) - raft.server.log.segment.size.max = 1048576 (custom)
2020-10-23 13:18:10,037 [pool-100-thread-1] INFO  server.RaftServerConfigKeys (ConfUtils.java:logGet(44)) - raft.server.log.preallocated.size = 16384 (custom)
2020-10-23 13:18:10,037 [pool-100-thread-1] INFO  server.RaftServerConfigKeys (ConfUtils.java:logGet(44)) - raft.server.log.write.buffer.size = 1048576 (custom)
2020-10-23 13:18:10,038 [pool-100-thread-1] INFO  server.RaftServerConfigKeys (ConfUtils.java:logGet(44)) - raft.server.log.force.sync.num = 128 (default)
2020-10-23 13:18:10,038 [pool-100-thread-1] INFO  server.RaftServerConfigKeys (ConfUtils.java:logGet(44)) - raft.server.log.statemachine.data.sync = true (default)
2020-10-23 13:18:10,039 [pool-100-thread-1] INFO  server.RaftServerConfigKeys (ConfUtils.java:logGet(44)) - raft.server.log.statemachine.data.sync.timeout = 10s (default)
2020-10-23 13:18:10,040 [pool-100-thread-1] INFO  server.RaftServerConfigKeys (ConfUtils.java:logGet(44)) - raft.server.log.statemachine.data.sync.timeout.retry = -1 (default)
2020-10-23 13:18:10,045 [pool-100-thread-1] INFO  server.RaftServerConfigKeys (ConfUtils.java:logGet(44)) - raft.server.log.statemachine.data.caching.enabled = true (custom)
2020-10-23 13:18:10,050 [pool-100-thread-1] INFO  segmented.SegmentedRaftLogWorker (SegmentedRaftLogWorker.java:lambda$new$0(129)) - 7e15bd9e-19dc-432d-ab4a-c89a4e0db555@group-F32C89EB630A-SegmentedRaftLogWorker: flushIndex: setUnconditionally 0 -> -1
2020-10-23 13:18:10,051 [pool-100-thread-1] INFO  segmented.SegmentedRaftLogWorker (SegmentedRaftLogWorker.java:lambda$new$0(129)) - 7e15bd9e-19dc-432d-ab4a-c89a4e0db555@group-F32C89EB630A-SegmentedRaftLogWorker: safeCacheEvictIndex: setUnconditionally 0 -> -1
2020-10-23 13:18:10,054 [pool-100-thread-1] INFO  server.RaftServerConfigKeys (ConfUtils.java:logGet(44)) - raft.server.snapshot.auto.trigger.enabled = true (custom)
2020-10-23 13:18:10,054 [pool-100-thread-1] INFO  server.RaftServerConfigKeys (ConfUtils.java:logGet(44)) - raft.server.snapshot.auto.trigger.threshold = 10000 (custom)
2020-10-23 13:18:10,054 [pool-100-thread-1] INFO  server.RaftServerConfigKeys (ConfUtils.java:logGet(44)) - raft.server.snapshot.retention.file.num = 5 (custom)
2020-10-23 13:18:10,054 [pool-100-thread-1] INFO  server.RaftServerConfigKeys (ConfUtils.java:logGet(44)) - raft.server.log.purge.upto.snapshot.index = false (default)
2020-10-23 13:18:10,054 [pool-100-thread-1] INFO  server.RaftServerConfigKeys (ConfUtils.java:logGet(44)) - raft.server.retrycache.expirytime = 600000ms (custom)
2020-10-23 13:18:10,054 [pool-100-thread-1] INFO  metrics.RatisMetrics (RatisMetrics.java:lambda$create$0(36)) - Creating Metrics Registry : ratis.leader_election.7e15bd9e-19dc-432d-ab4a-c89a4e0db555@group-F32C89EB630A
2020-10-23 13:18:10,055 [pool-100-thread-1] INFO  metrics.RatisMetrics (RatisMetrics.java:lambda$create$0(36)) - Creating Metrics Registry : ratis.server.7e15bd9e-19dc-432d-ab4a-c89a4e0db555@group-F32C89EB630A
2020-10-23 13:18:10,055 [pool-100-thread-1] INFO  impl.RaftServerImpl (RaftServerImpl.java:start(209)) - 7e15bd9e-19dc-432d-ab4a-c89a4e0db555@group-F32C89EB630A: start as a follower, conf=-1: [7e15bd9e-19dc-432d-ab4a-c89a4e0db555:172.17.0.2:39823:0, 98150d0f-da65-4af0-8be7-aade3971ef2c:172.17.0.2:34961:0, a4d3af63-08de-4d4b-ab63-4aa1172cd052:172.17.0.2:35117:0], old=null
2020-10-23 13:18:10,055 [pool-100-thread-1] INFO  impl.RaftServerImpl (RaftServerImpl.java:setRole(198)) - 7e15bd9e-19dc-432d-ab4a-c89a4e0db555@group-F32C89EB630A: changes role from      null to FOLLOWER at term 0 for startAsFollower
2020-10-23 13:18:10,055 [pool-100-thread-1] INFO  impl.RoleInfo (RoleInfo.java:updateAndGet(143)) - 7e15bd9e-19dc-432d-ab4a-c89a4e0db555: start FollowerState
2020-10-23 13:18:10,057 [pool-100-thread-1] INFO  util.JmxRegister (JmxRegister.java:tryRegister(44)) - Successfully registered JMX Bean with object name Ratis:service=RaftServer,group=group-F32C89EB630A,id=7e15bd9e-19dc-432d-ab4a-c89a4e0db555
2020-10-23 13:18:10,057 [pool-100-thread-1] INFO  metrics.RatisMetrics (RatisMetrics.java:lambda$create$0(36)) - Creating Metrics Registry : ratis.state_machine.7e15bd9e-19dc-432d-ab4a-c89a4e0db555@group-F32C89EB630A
2020-10-23 13:18:10,085 [Command processor thread] INFO  metrics.RatisMetrics (RatisMetrics.java:lambda$create$0(36)) - Creating Metrics Registry : ratis.client_message_metrics.client-234DE4266F3A->a4d3af63-08de-4d4b-ab63-4aa1172cd052
2020-10-23 13:18:10,093 [grpc-default-executor-4] INFO  metrics.RatisMetrics (RatisMetrics.java:lambda$create$0(36)) - Creating Metrics Registry : ratis.server_message_metrics.a4d3af63-08de-4d4b-ab63-4aa1172cd052
2020-10-23 13:18:10,096 [grpc-default-executor-4] INFO  impl.RaftServerProxy (RaftServerProxy.java:addNew(92)) - a4d3af63-08de-4d4b-ab63-4aa1172cd052: addNew group-F32C89EB630A:[7e15bd9e-19dc-432d-ab4a-c89a4e0db555:172.17.0.2:39823:0, 98150d0f-da65-4af0-8be7-aade3971ef2c:172.17.0.2:34961:0, a4d3af63-08de-4d4b-ab63-4aa1172cd052:172.17.0.2:35117:0] returns group-F32C89EB630A:java.util.concurrent.CompletableFuture@40a37695[Not completed]
2020-10-23 13:18:10,100 [pool-85-thread-1] INFO  impl.RaftServerImpl (RaftServerImpl.java:<init>(120)) - a4d3af63-08de-4d4b-ab63-4aa1172cd052: new RaftServerImpl for group-F32C89EB630A:[7e15bd9e-19dc-432d-ab4a-c89a4e0db555:172.17.0.2:39823:0, 98150d0f-da65-4af0-8be7-aade3971ef2c:172.17.0.2:34961:0, a4d3af63-08de-4d4b-ab63-4aa1172cd052:172.17.0.2:35117:0] with ContainerStateMachine:uninitialized
2020-10-23 13:18:10,101 [pool-85-thread-1] INFO  server.RaftServerConfigKeys (ConfUtils.java:logGet(44)) - raft.server.rpc.timeout.min = 5s (custom)
2020-10-23 13:18:10,101 [pool-85-thread-1] INFO  server.RaftServerConfigKeys (ConfUtils.java:logGet(44)) - raft.server.rpc.timeout.max = 5200ms (custom)
2020-10-23 13:18:10,101 [pool-85-thread-1] INFO  server.RaftServerConfigKeys (ConfUtils.java:logGet(44)) - raft.server.rpcslowness.timeout = 300s (custom)
2020-10-23 13:18:10,101 [pool-85-thread-1] INFO  server.RaftServerConfigKeys (ConfUtils.java:logGet(44)) - raft.server.sleep.deviation.threshold = 300 (default)
2020-10-23 13:18:10,101 [pool-85-thread-1] INFO  server.RaftServerConfigKeys (ConfUtils.java:logGet(44)) - raft.server.log.appender.install.snapshot.enabled = false (custom)
2020-10-23 13:18:10,101 [pool-85-thread-1] INFO  impl.RaftServerImpl (ServerState.java:<init>(104)) - a4d3af63-08de-4d4b-ab63-4aa1172cd052@group-F32C89EB630A: ConfigurationManager, init=-1: [7e15bd9e-19dc-432d-ab4a-c89a4e0db555:172.17.0.2:39823:0, 98150d0f-da65-4af0-8be7-aade3971ef2c:172.17.0.2:34961:0, a4d3af63-08de-4d4b-ab63-4aa1172cd052:172.17.0.2:35117:0], old=null, confs=<EMPTY_MAP>
2020-10-23 13:18:10,102 [pool-85-thread-1] INFO  server.RaftServerConfigKeys (ConfUtils.java:logGet(44)) - raft.server.storage.dir = [/github/workspace/mnt/ozone/hadoop-ozone/integration-test/target/test-dir/MiniOzoneClusterImpl-268cb0c2-3227-45ab-9618-d290d5ae62e2/datanode-1/data/ratis] (custom)
2020-10-23 13:18:10,102 [pool-85-thread-1] INFO  server.RaftServerConfigKeys (ConfUtils.java:logGet(44)) - raft.server.log.corruption.policy = EXCEPTION (default)
2020-10-23 13:18:10,102 [pool-85-thread-1] INFO  storage.RaftStorageDirectory (RaftStorageDirectory.java:analyzeStorage(261)) - The storage directory /github/workspace/mnt/ozone/hadoop-ozone/integration-test/target/test-dir/MiniOzoneClusterImpl-268cb0c2-3227-45ab-9618-d290d5ae62e2/datanode-1/data/ratis/e4588e7a-b9ac-4cc5-a406-f32c89eb630a does not exist. Creating ...
2020-10-23 13:18:10,103 [pool-85-thread-1] INFO  storage.RaftStorageDirectory (RaftStorageDirectory.java:tryLock(343)) - Lock on /github/workspace/mnt/ozone/hadoop-ozone/integration-test/target/test-dir/MiniOzoneClusterImpl-268cb0c2-3227-45ab-9618-d290d5ae62e2/datanode-1/data/ratis/e4588e7a-b9ac-4cc5-a406-f32c89eb630a/in_use.lock acquired by nodename 10365@1a5acc08e21a
2020-10-23 13:18:10,105 [pool-85-thread-1] INFO  storage.RaftStorage (RaftStorage.java:format(84)) - Storage directory /github/workspace/mnt/ozone/hadoop-ozone/integration-test/target/test-dir/MiniOzoneClusterImpl-268cb0c2-3227-45ab-9618-d290d5ae62e2/datanode-1/data/ratis/e4588e7a-b9ac-4cc5-a406-f32c89eb630a has been successfully formatted.
2020-10-23 13:18:10,107 [pool-85-thread-1] INFO  ratis.ContainerStateMachine (ContainerStateMachine.java:loadSnapshot(225)) - group-F32C89EB630A: The snapshot info is null. Setting the last applied indexto:(t:0, i:~)
2020-10-23 13:18:10,107 [pool-85-thread-1] INFO  server.RaftServerConfigKeys (ConfUtils.java:logGet(44)) - raft.server.notification.no-leader.timeout = 300s (custom)
2020-10-23 13:18:10,107 [pool-85-thread-1] INFO  server.RaftServerConfigKeys (ConfUtils.java:logGet(44)) - raft.server.log.use.memory = false (default)
2020-10-23 13:18:10,108 [pool-85-thread-1] INFO  server.RaftServerConfigKeys (ConfUtils.java:logGet(44)) - raft.server.log.purge.gap = 1000000 (custom)
2020-10-23 13:18:10,108 [pool-85-thread-1] INFO  metrics.RatisMetrics (RatisMetrics.java:lambda$create$0(36)) - Creating Metrics Registry : ratis.log_worker.a4d3af63-08de-4d4b-ab63-4aa1172cd052@group-F32C89EB630A
2020-10-23 13:18:10,108 [pool-85-thread-1] INFO  server.RaftServerConfigKeys (ConfUtils.java:logGet(44)) - raft.server.log.appender.buffer.byte-limit = 33554432 (custom)
2020-10-23 13:18:10,108 [pool-85-thread-1] INFO  server.RaftServerConfigKeys (ConfUtils.java:logGet(44)) - raft.server.log.segment.size.max = 1048576 (custom)
2020-10-23 13:18:10,108 [pool-85-thread-1] INFO  server.RaftServerConfigKeys (ConfUtils.java:logGet(44)) - raft.server.log.segment.cache.num.max = 2 (custom)
2020-10-23 13:18:10,109 [pool-85-thread-1] INFO  segmented.SegmentedRaftLogWorker (SegmentedRaftLogWorker.java:<init>(180)) - new a4d3af63-08de-4d4b-ab63-4aa1172cd052@group-F32C89EB630A-SegmentedRaftLogWorker for RaftStorage:Storage Directory /github/workspace/mnt/ozone/hadoop-ozone/integration-test/target/test-dir/MiniOzoneClusterImpl-268cb0c2-3227-45ab-9618-d290d5ae62e2/datanode-1/data/ratis/e4588e7a-b9ac-4cc5-a406-f32c89eb630a
2020-10-23 13:18:10,109 [pool-85-thread-1] INFO  server.RaftServerConfigKeys (ConfUtils.java:logGet(44)) - raft.server.log.queue.byte-limit = 2147483647 (custom)
2020-10-23 13:18:10,109 [pool-85-thread-1] INFO  server.RaftServerConfigKeys (ConfUtils.java:logGet(44)) - raft.server.log.queue.element-limit = 1024 (custom)
2020-10-23 13:18:10,109 [pool-85-thread-1] INFO  server.RaftServerConfigKeys (ConfUtils.java:logGet(44)) - raft.server.log.segment.size.max = 1048576 (custom)
2020-10-23 13:18:10,109 [pool-85-thread-1] INFO  server.RaftServerConfigKeys (ConfUtils.java:logGet(44)) - raft.server.log.preallocated.size = 16384 (custom)
2020-10-23 13:18:10,109 [pool-85-thread-1] INFO  server.RaftServerConfigKeys (ConfUtils.java:logGet(44)) - raft.server.log.write.buffer.size = 1048576 (custom)
2020-10-23 13:18:10,109 [pool-85-thread-1] INFO  server.RaftServerConfigKeys (ConfUtils.java:logGet(44)) - raft.server.log.force.sync.num = 128 (default)
2020-10-23 13:18:10,109 [pool-85-thread-1] INFO  server.RaftServerConfigKeys (ConfUtils.java:logGet(44)) - raft.server.log.statemachine.data.sync = true (default)
2020-10-23 13:18:10,109 [pool-85-thread-1] INFO  server.RaftServerConfigKeys (ConfUtils.java:logGet(44)) - raft.server.log.statemachine.data.sync.timeout = 10s (default)
2020-10-23 13:18:10,109 [pool-85-thread-1] INFO  server.RaftServerConfigKeys (ConfUtils.java:logGet(44)) - raft.server.log.statemachine.data.sync.timeout.retry = -1 (default)
2020-10-23 13:18:10,118 [pool-85-thread-1] INFO  server.RaftServerConfigKeys (ConfUtils.java:logGet(44)) - raft.server.log.statemachine.data.caching.enabled = true (custom)
2020-10-23 13:18:10,120 [pool-85-thread-1] INFO  segmented.SegmentedRaftLogWorker (SegmentedRaftLogWorker.java:lambda$new$0(129)) - a4d3af63-08de-4d4b-ab63-4aa1172cd052@group-F32C89EB630A-SegmentedRaftLogWorker: flushIndex: setUnconditionally 0 -> -1
2020-10-23 13:18:10,120 [pool-85-thread-1] INFO  segmented.SegmentedRaftLogWorker (SegmentedRaftLogWorker.java:lambda$new$0(129)) - a4d3af63-08de-4d4b-ab63-4aa1172cd052@group-F32C89EB630A-SegmentedRaftLogWorker: safeCacheEvictIndex: setUnconditionally 0 -> -1
2020-10-23 13:18:10,120 [pool-85-thread-1] INFO  server.RaftServerConfigKeys (ConfUtils.java:logGet(44)) - raft.server.snapshot.auto.trigger.enabled = true (custom)
2020-10-23 13:18:10,121 [pool-85-thread-1] INFO  server.RaftServerConfigKeys (ConfUtils.java:logGet(44)) - raft.server.snapshot.auto.trigger.threshold = 10000 (custom)
2020-10-23 13:18:10,121 [pool-85-thread-1] INFO  server.RaftServerConfigKeys (ConfUtils.java:logGet(44)) - raft.server.snapshot.retention.file.num = 5 (custom)
2020-10-23 13:18:10,121 [pool-85-thread-1] INFO  server.RaftServerConfigKeys (ConfUtils.java:logGet(44)) - raft.server.log.purge.upto.snapshot.index = false (default)
2020-10-23 13:18:10,121 [pool-85-thread-1] INFO  server.RaftServerConfigKeys (ConfUtils.java:logGet(44)) - raft.server.retrycache.expirytime = 600000ms (custom)
2020-10-23 13:18:10,121 [pool-85-thread-1] INFO  metrics.RatisMetrics (RatisMetrics.java:lambda$create$0(36)) - Creating Metrics Registry : ratis.leader_election.a4d3af63-08de-4d4b-ab63-4aa1172cd052@group-F32C89EB630A
2020-10-23 13:18:10,121 [pool-85-thread-1] INFO  metrics.RatisMetrics (RatisMetrics.java:lambda$create$0(36)) - Creating Metrics Registry : ratis.server.a4d3af63-08de-4d4b-ab63-4aa1172cd052@group-F32C89EB630A
2020-10-23 13:18:10,122 [pool-85-thread-1] INFO  impl.RaftServerImpl (RaftServerImpl.java:start(209)) - a4d3af63-08de-4d4b-ab63-4aa1172cd052@group-F32C89EB630A: start as a follower, conf=-1: [7e15bd9e-19dc-432d-ab4a-c89a4e0db555:172.17.0.2:39823:0, 98150d0f-da65-4af0-8be7-aade3971ef2c:172.17.0.2:34961:0, a4d3af63-08de-4d4b-ab63-4aa1172cd052:172.17.0.2:35117:0], old=null
2020-10-23 13:18:10,122 [pool-85-thread-1] INFO  impl.RaftServerImpl (RaftServerImpl.java:setRole(198)) - a4d3af63-08de-4d4b-ab63-4aa1172cd052@group-F32C89EB630A: changes role from      null to FOLLOWER at term 0 for startAsFollower
2020-10-23 13:18:10,122 [pool-85-thread-1] INFO  impl.RoleInfo (RoleInfo.java:updateAndGet(143)) - a4d3af63-08de-4d4b-ab63-4aa1172cd052: start FollowerState
2020-10-23 13:18:10,128 [pool-85-thread-1] INFO  util.JmxRegister (JmxRegister.java:tryRegister(44)) - Successfully registered JMX Bean with object name Ratis:service=RaftServer,group=group-F32C89EB630A,id=a4d3af63-08de-4d4b-ab63-4aa1172cd052
2020-10-23 13:18:10,128 [pool-85-thread-1] INFO  metrics.RatisMetrics (RatisMetrics.java:lambda$create$0(36)) - Creating Metrics Registry : ratis.state_machine.a4d3af63-08de-4d4b-ab63-4aa1172cd052@group-F32C89EB630A
2020-10-23 13:18:10,133 [Command processor thread] INFO  commandhandler.CreatePipelineCommandHandler (CreatePipelineCommandHandler.java:handle(112)) - Created Pipeline RATIS THREE #id: "e4588e7a-b9ac-4cc5-a406-f32c89eb630a"
uuid128 {
  mostSigBits: -1992686177359213371
  leastSigBits: -6627342429011090678
}
.
2020-10-23 13:18:10,347 [Command processor thread] INFO  impl.RaftServerProxy (RaftServerProxy.java:addNew(92)) - a4d3af63-08de-4d4b-ab63-4aa1172cd052: addNew group-AA4C7B058E46:[a4d3af63-08de-4d4b-ab63-4aa1172cd052:172.17.0.2:35117:0] returns group-AA4C7B058E46:java.util.concurrent.CompletableFuture@316d59f9[Not completed]
2020-10-23 13:18:10,349 [pool-85-thread-1] INFO  impl.RaftServerImpl (RaftServerImpl.java:<init>(120)) - a4d3af63-08de-4d4b-ab63-4aa1172cd052: new RaftServerImpl for group-AA4C7B058E46:[a4d3af63-08de-4d4b-ab63-4aa1172cd052:172.17.0.2:35117:0] with ContainerStateMachine:uninitialized
2020-10-23 13:18:10,349 [pool-85-thread-1] INFO  server.RaftServerConfigKeys (ConfUtils.java:logGet(44)) - raft.server.rpc.timeout.min = 5s (custom)
2020-10-23 13:18:10,349 [pool-85-thread-1] INFO  server.RaftServerConfigKeys (ConfUtils.java:logGet(44)) - raft.server.rpc.timeout.max = 5200ms (custom)
2020-10-23 13:18:10,349 [pool-85-thread-1] INFO  server.RaftServerConfigKeys (ConfUtils.java:logGet(44)) - raft.server.rpcslowness.timeout = 300s (custom)
2020-10-23 13:18:10,349 [pool-85-thread-1] INFO  server.RaftServerConfigKeys (ConfUtils.java:logGet(44)) - raft.server.sleep.deviation.threshold = 300 (default)
2020-10-23 13:18:10,349 [pool-85-thread-1] INFO  server.RaftServerConfigKeys (ConfUtils.java:logGet(44)) - raft.server.log.appender.install.snapshot.enabled = false (custom)
2020-10-23 13:18:10,349 [pool-85-thread-1] INFO  impl.RaftServerImpl (ServerState.java:<init>(104)) - a4d3af63-08de-4d4b-ab63-4aa1172cd052@group-AA4C7B058E46: ConfigurationManager, init=-1: [a4d3af63-08de-4d4b-ab63-4aa1172cd052:172.17.0.2:35117:0], old=null, confs=<EMPTY_MAP>
2020-10-23 13:18:10,349 [pool-85-thread-1] INFO  server.RaftServerConfigKeys (ConfUtils.java:logGet(44)) - raft.server.storage.dir = [/github/workspace/mnt/ozone/hadoop-ozone/integration-test/target/test-dir/MiniOzoneClusterImpl-268cb0c2-3227-45ab-9618-d290d5ae62e2/datanode-1/data/ratis] (custom)
2020-10-23 13:18:10,350 [pool-85-thread-1] INFO  server.RaftServerConfigKeys (ConfUtils.java:logGet(44)) - raft.server.log.corruption.policy = EXCEPTION (default)
2020-10-23 13:18:10,350 [pool-85-thread-1] INFO  storage.RaftStorageDirectory (RaftStorageDirectory.java:analyzeStorage(261)) - The storage directory /github/workspace/mnt/ozone/hadoop-ozone/integration-test/target/test-dir/MiniOzoneClusterImpl-268cb0c2-3227-45ab-9618-d290d5ae62e2/datanode-1/data/ratis/c7818600-0599-43d7-8e5c-aa4c7b058e46 does not exist. Creating ...
2020-10-23 13:18:10,351 [pool-85-thread-1] INFO  storage.RaftStorageDirectory (RaftStorageDirectory.java:tryLock(343)) - Lock on /github/workspace/mnt/ozone/hadoop-ozone/integration-test/target/test-dir/MiniOzoneClusterImpl-268cb0c2-3227-45ab-9618-d290d5ae62e2/datanode-1/data/ratis/c7818600-0599-43d7-8e5c-aa4c7b058e46/in_use.lock acquired by nodename 10365@1a5acc08e21a
2020-10-23 13:18:10,353 [pool-85-thread-1] INFO  storage.RaftStorage (RaftStorage.java:format(84)) - Storage directory /github/workspace/mnt/ozone/hadoop-ozone/integration-test/target/test-dir/MiniOzoneClusterImpl-268cb0c2-3227-45ab-9618-d290d5ae62e2/datanode-1/data/ratis/c7818600-0599-43d7-8e5c-aa4c7b058e46 has been successfully formatted.
2020-10-23 13:18:10,354 [pool-85-thread-1] INFO  ratis.ContainerStateMachine (ContainerStateMachine.java:loadSnapshot(225)) - group-AA4C7B058E46: The snapshot info is null. Setting the last applied indexto:(t:0, i:~)
2020-10-23 13:18:10,354 [pool-85-thread-1] INFO  server.RaftServerConfigKeys (ConfUtils.java:logGet(44)) - raft.server.notification.no-leader.timeout = 300s (custom)
2020-10-23 13:18:10,354 [pool-85-thread-1] INFO  server.RaftServerConfigKeys (ConfUtils.java:logGet(44)) - raft.server.log.use.memory = false (default)
2020-10-23 13:18:10,355 [pool-85-thread-1] INFO  server.RaftServerConfigKeys (ConfUtils.java:logGet(44)) - raft.server.log.purge.gap = 1000000 (custom)
2020-10-23 13:18:10,356 [EventQueue-PipelineReportForPipelineReportHandler] INFO  pipeline.PipelineStateManager (PipelineStateManager.java:openPipeline(132)) - Pipeline Pipeline[ Id: c7818600-0599-43d7-8e5c-aa4c7b058e46, Nodes: a4d3af63-08de-4d4b-ab63-4aa1172cd052{ip: 172.17.0.2, host: 1a5acc08e21a, networkLocation: /default-rack, certSerialId: null}, Type:RATIS, Factor:ONE, State:ALLOCATED, leaderId:a4d3af63-08de-4d4b-ab63-4aa1172cd052, CreationTimestamp2020-10-23T13:18:07.351Z] moved to OPEN state
2020-10-23 13:18:10,357 [EventQueue-OpenPipelineForOneReplicaPipelineSafeModeRule] INFO  safemode.SCMSafeModeManager (SCMSafeModeManager.java:validateSafeModeExitRules(214)) - AtleastOneDatanodeReportedRule rule is successfully validated
2020-10-23 13:18:10,357 [pool-85-thread-1] INFO  metrics.RatisMetrics (RatisMetrics.java:lambda$create$0(36)) - Creating Metrics Registry : ratis.log_worker.a4d3af63-08de-4d4b-ab63-4aa1172cd052@group-AA4C7B058E46
2020-10-23 13:18:10,357 [EventQueue-OpenPipelineForHealthyPipelineSafeModeRule] INFO  safemode.SCMSafeModeManager (HealthyPipelineSafeModeRule.java:process(129)) - SCM in safe mode. Healthy pipelines reported count is 0, required healthy pipeline reported count is 1
2020-10-23 13:18:10,357 [pool-85-thread-1] INFO  server.RaftServerConfigKeys (ConfUtils.java:logGet(44)) - raft.server.log.appender.buffer.byte-limit = 33554432 (custom)
2020-10-23 13:18:10,358 [pool-85-thread-1] INFO  server.RaftServerConfigKeys (ConfUtils.java:logGet(44)) - raft.server.log.segment.size.max = 1048576 (custom)
2020-10-23 13:18:10,358 [pool-85-thread-1] INFO  server.RaftServerConfigKeys (ConfUtils.java:logGet(44)) - raft.server.log.segment.cache.num.max = 2 (custom)
2020-10-23 13:18:10,358 [pool-85-thread-1] INFO  segmented.SegmentedRaftLogWorker (SegmentedRaftLogWorker.java:<init>(180)) - new a4d3af63-08de-4d4b-ab63-4aa1172cd052@group-AA4C7B058E46-SegmentedRaftLogWorker for RaftStorage:Storage Directory /github/workspace/mnt/ozone/hadoop-ozone/integration-test/target/test-dir/MiniOzoneClusterImpl-268cb0c2-3227-45ab-9618-d290d5ae62e2/datanode-1/data/ratis/c7818600-0599-43d7-8e5c-aa4c7b058e46
2020-10-23 13:18:10,358 [pool-85-thread-1] INFO  server.RaftServerConfigKeys (ConfUtils.java:logGet(44)) - raft.server.log.queue.byte-limit = 2147483647 (custom)
2020-10-23 13:18:10,358 [pool-85-thread-1] INFO  server.RaftServerConfigKeys (ConfUtils.java:logGet(44)) - raft.server.log.queue.element-limit = 1024 (custom)
2020-10-23 13:18:10,358 [pool-85-thread-1] INFO  server.RaftServerConfigKeys (ConfUtils.java:logGet(44)) - raft.server.log.segment.size.max = 1048576 (custom)
2020-10-23 13:18:10,358 [pool-85-thread-1] INFO  server.RaftServerConfigKeys (ConfUtils.java:logGet(44)) - raft.server.log.preallocated.size = 16384 (custom)
2020-10-23 13:18:10,358 [pool-85-thread-1] INFO  server.RaftServerConfigKeys (ConfUtils.java:logGet(44)) - raft.server.log.write.buffer.size = 1048576 (custom)
2020-10-23 13:18:10,358 [pool-85-thread-1] INFO  server.RaftServerConfigKeys (ConfUtils.java:logGet(44)) - raft.server.log.force.sync.num = 128 (default)
2020-10-23 13:18:10,359 [pool-85-thread-1] INFO  server.RaftServerConfigKeys (ConfUtils.java:logGet(44)) - raft.server.log.statemachine.data.sync = true (default)
2020-10-23 13:18:10,359 [pool-85-thread-1] INFO  server.RaftServerConfigKeys (ConfUtils.java:logGet(44)) - raft.server.log.statemachine.data.sync.timeout = 10s (default)
2020-10-23 13:18:10,359 [pool-85-thread-1] INFO  server.RaftServerConfigKeys (ConfUtils.java:logGet(44)) - raft.server.log.statemachine.data.sync.timeout.retry = -1 (default)
2020-10-23 13:18:10,360 [pool-85-thread-1] INFO  server.RaftServerConfigKeys (ConfUtils.java:logGet(44)) - raft.server.log.statemachine.data.caching.enabled = true (custom)
2020-10-23 13:18:10,361 [pool-85-thread-1] INFO  segmented.SegmentedRaftLogWorker (SegmentedRaftLogWorker.java:lambda$new$0(129)) - a4d3af63-08de-4d4b-ab63-4aa1172cd052@group-AA4C7B058E46-SegmentedRaftLogWorker: flushIndex: setUnconditionally 0 -> -1
2020-10-23 13:18:10,361 [pool-85-thread-1] INFO  segmented.SegmentedRaftLogWorker (SegmentedRaftLogWorker.java:lambda$new$0(129)) - a4d3af63-08de-4d4b-ab63-4aa1172cd052@group-AA4C7B058E46-SegmentedRaftLogWorker: safeCacheEvictIndex: setUnconditionally 0 -> -1
2020-10-23 13:18:10,361 [pool-85-thread-1] INFO  server.RaftServerConfigKeys (ConfUtils.java:logGet(44)) - raft.server.snapshot.auto.trigger.enabled = true (custom)
2020-10-23 13:18:10,361 [pool-85-thread-1] INFO  server.RaftServerConfigKeys (ConfUtils.java:logGet(44)) - raft.server.snapshot.auto.trigger.threshold = 10000 (custom)
2020-10-23 13:18:10,361 [pool-85-thread-1] INFO  server.RaftServerConfigKeys (ConfUtils.java:logGet(44)) - raft.server.snapshot.retention.file.num = 5 (custom)
2020-10-23 13:18:10,361 [pool-85-thread-1] INFO  server.RaftServerConfigKeys (ConfUtils.java:logGet(44)) - raft.server.log.purge.upto.snapshot.index = false (default)
2020-10-23 13:18:10,362 [pool-85-thread-1] INFO  server.RaftServerConfigKeys (ConfUtils.java:logGet(44)) - raft.server.retrycache.expirytime = 600000ms (custom)
2020-10-23 13:18:10,362 [pool-85-thread-1] INFO  metrics.RatisMetrics (RatisMetrics.java:lambda$create$0(36)) - Creating Metrics Registry : ratis.leader_election.a4d3af63-08de-4d4b-ab63-4aa1172cd052@group-AA4C7B058E46
2020-10-23 13:18:10,362 [pool-85-thread-1] INFO  metrics.RatisMetrics (RatisMetrics.java:lambda$create$0(36)) - Creating Metrics Registry : ratis.server.a4d3af63-08de-4d4b-ab63-4aa1172cd052@group-AA4C7B058E46
2020-10-23 13:18:10,363 [pool-85-thread-1] INFO  impl.RaftServerImpl (RaftServerImpl.java:start(209)) - a4d3af63-08de-4d4b-ab63-4aa1172cd052@group-AA4C7B058E46: start as a follower, conf=-1: [a4d3af63-08de-4d4b-ab63-4aa1172cd052:172.17.0.2:35117:0], old=null
2020-10-23 13:18:10,363 [pool-85-thread-1] INFO  impl.RaftServerImpl (RaftServerImpl.java:setRole(198)) - a4d3af63-08de-4d4b-ab63-4aa1172cd052@group-AA4C7B058E46: changes role from      null to FOLLOWER at term 0 for startAsFollower
2020-10-23 13:18:10,363 [pool-85-thread-1] INFO  impl.RoleInfo (RoleInfo.java:updateAndGet(143)) - a4d3af63-08de-4d4b-ab63-4aa1172cd052: start FollowerState
2020-10-23 13:18:10,363 [pool-85-thread-1] INFO  util.JmxRegister (JmxRegister.java:tryRegister(44)) - Successfully registered JMX Bean with object name Ratis:service=RaftServer,group=group-AA4C7B058E46,id=a4d3af63-08de-4d4b-ab63-4aa1172cd052
2020-10-23 13:18:10,363 [pool-85-thread-1] INFO  metrics.RatisMetrics (RatisMetrics.java:lambda$create$0(36)) - Creating Metrics Registry : ratis.state_machine.a4d3af63-08de-4d4b-ab63-4aa1172cd052@group-AA4C7B058E46
2020-10-23 13:18:10,364 [Command processor thread] INFO  commandhandler.CreatePipelineCommandHandler (CreatePipelineCommandHandler.java:handle(112)) - Created Pipeline RATIS ONE #id: "c7818600-0599-43d7-8e5c-aa4c7b058e46"
uuid128 {
  mostSigBits: -4070825253514165289
  leastSigBits: -8188482777008206266
}
.
2020-10-23 13:18:10,651 [Command processor thread] INFO  impl.RaftServerProxy (RaftServerProxy.java:addNew(92)) - 7e15bd9e-19dc-432d-ab4a-c89a4e0db555: addNew group-F18C66F5B88A:[7e15bd9e-19dc-432d-ab4a-c89a4e0db555:172.17.0.2:39823:0] returns group-F18C66F5B88A:java.util.concurrent.CompletableFuture@1780775e[Not completed]
2020-10-23 13:18:10,653 [pool-100-thread-1] INFO  impl.RaftServerImpl (RaftServerImpl.java:<init>(120)) - 7e15bd9e-19dc-432d-ab4a-c89a4e0db555: new RaftServerImpl for group-F18C66F5B88A:[7e15bd9e-19dc-432d-ab4a-c89a4e0db555:172.17.0.2:39823:0] with ContainerStateMachine:uninitialized
2020-10-23 13:18:10,653 [pool-100-thread-1] INFO  server.RaftServerConfigKeys (ConfUtils.java:logGet(44)) - raft.server.rpc.timeout.min = 5s (custom)
2020-10-23 13:18:10,653 [pool-100-thread-1] INFO  server.RaftServerConfigKeys (ConfUtils.java:logGet(44)) - raft.server.rpc.timeout.max = 5200ms (custom)
2020-10-23 13:18:10,653 [pool-100-thread-1] INFO  server.RaftServerConfigKeys (ConfUtils.java:logGet(44)) - raft.server.rpcslowness.timeout = 300s (custom)
2020-10-23 13:18:10,653 [pool-100-thread-1] INFO  server.RaftServerConfigKeys (ConfUtils.java:logGet(44)) - raft.server.sleep.deviation.threshold = 300 (default)
2020-10-23 13:18:10,653 [pool-100-thread-1] INFO  server.RaftServerConfigKeys (ConfUtils.java:logGet(44)) - raft.server.log.appender.install.snapshot.enabled = false (custom)
2020-10-23 13:18:10,653 [pool-100-thread-1] INFO  impl.RaftServerImpl (ServerState.java:<init>(104)) - 7e15bd9e-19dc-432d-ab4a-c89a4e0db555@group-F18C66F5B88A: ConfigurationManager, init=-1: [7e15bd9e-19dc-432d-ab4a-c89a4e0db555:172.17.0.2:39823:0], old=null, confs=<EMPTY_MAP>
2020-10-23 13:18:10,653 [pool-100-thread-1] INFO  server.RaftServerConfigKeys (ConfUtils.java:logGet(44)) - raft.server.storage.dir = [/github/workspace/mnt/ozone/hadoop-ozone/integration-test/target/test-dir/MiniOzoneClusterImpl-268cb0c2-3227-45ab-9618-d290d5ae62e2/datanode-2/data/ratis] (custom)
2020-10-23 13:18:10,653 [pool-100-thread-1] INFO  server.RaftServerConfigKeys (ConfUtils.java:logGet(44)) - raft.server.log.corruption.policy = EXCEPTION (default)
2020-10-23 13:18:10,654 [pool-100-thread-1] INFO  storage.RaftStorageDirectory (RaftStorageDirectory.java:analyzeStorage(261)) - The storage directory /github/workspace/mnt/ozone/hadoop-ozone/integration-test/target/test-dir/MiniOzoneClusterImpl-268cb0c2-3227-45ab-9618-d290d5ae62e2/datanode-2/data/ratis/d4149e72-a43d-4158-b2d7-f18c66f5b88a does not exist. Creating ...
2020-10-23 13:18:10,654 [Listener at 127.0.0.1/11792] INFO  ozone.MiniOzoneClusterImpl (MiniOzoneClusterImpl.java:lambda$waitForClusterToBeReady$0(177)) - Nodes are ready. Got 3 of 3 DN Heartbeats.
2020-10-23 13:18:10,654 [Listener at 127.0.0.1/11792] INFO  ozone.MiniOzoneClusterImpl (MiniOzoneClusterImpl.java:lambda$waitForClusterToBeReady$0(180)) - Waiting for cluster to exit safe mode
2020-10-23 13:18:10,656 [pool-100-thread-1] INFO  storage.RaftStorageDirectory (RaftStorageDirectory.java:tryLock(343)) - Lock on /github/workspace/mnt/ozone/hadoop-ozone/integration-test/target/test-dir/MiniOzoneClusterImpl-268cb0c2-3227-45ab-9618-d290d5ae62e2/datanode-2/data/ratis/d4149e72-a43d-4158-b2d7-f18c66f5b88a/in_use.lock acquired by nodename 10365@1a5acc08e21a
2020-10-23 13:18:10,657 [pool-100-thread-1] INFO  storage.RaftStorage (RaftStorage.java:format(84)) - Storage directory /github/workspace/mnt/ozone/hadoop-ozone/integration-test/target/test-dir/MiniOzoneClusterImpl-268cb0c2-3227-45ab-9618-d290d5ae62e2/datanode-2/data/ratis/d4149e72-a43d-4158-b2d7-f18c66f5b88a has been successfully formatted.
2020-10-23 13:18:10,658 [pool-100-thread-1] INFO  ratis.ContainerStateMachine (ContainerStateMachine.java:loadSnapshot(225)) - group-F18C66F5B88A: The snapshot info is null. Setting the last applied indexto:(t:0, i:~)
2020-10-23 13:18:10,658 [pool-100-thread-1] INFO  server.RaftServerConfigKeys (ConfUtils.java:logGet(44)) - raft.server.notification.no-leader.timeout = 300s (custom)
2020-10-23 13:18:10,659 [pool-100-thread-1] INFO  server.RaftServerConfigKeys (ConfUtils.java:logGet(44)) - raft.server.log.use.memory = false (default)
2020-10-23 13:18:10,660 [pool-100-thread-1] INFO  server.RaftServerConfigKeys (ConfUtils.java:logGet(44)) - raft.server.log.purge.gap = 1000000 (custom)
2020-10-23 13:18:10,660 [pool-100-thread-1] INFO  metrics.RatisMetrics (RatisMetrics.java:lambda$create$0(36)) - Creating Metrics Registry : ratis.log_worker.7e15bd9e-19dc-432d-ab4a-c89a4e0db555@group-F18C66F5B88A
2020-10-23 13:18:10,660 [pool-100-thread-1] INFO  server.RaftServerConfigKeys (ConfUtils.java:logGet(44)) - raft.server.log.appender.buffer.byte-limit = 33554432 (custom)
2020-10-23 13:18:10,660 [pool-100-thread-1] INFO  server.RaftServerConfigKeys (ConfUtils.java:logGet(44)) - raft.server.log.segment.size.max = 1048576 (custom)
2020-10-23 13:18:10,661 [EventQueue-PipelineReportForPipelineReportHandler] INFO  pipeline.PipelineStateManager (PipelineStateManager.java:openPipeline(132)) - Pipeline Pipeline[ Id: d4149e72-a43d-4158-b2d7-f18c66f5b88a, Nodes: 7e15bd9e-19dc-432d-ab4a-c89a4e0db555{ip: 172.17.0.2, host: 1a5acc08e21a, networkLocation: /default-rack, certSerialId: null}, Type:RATIS, Factor:ONE, State:ALLOCATED, leaderId:7e15bd9e-19dc-432d-ab4a-c89a4e0db555, CreationTimestamp2020-10-23T13:18:07.655Z] moved to OPEN state
2020-10-23 13:18:10,661 [pool-100-thread-1] INFO  server.RaftServerConfigKeys (ConfUtils.java:logGet(44)) - raft.server.log.segment.cache.num.max = 2 (custom)
2020-10-23 13:18:10,661 [pool-100-thread-1] INFO  segmented.SegmentedRaftLogWorker (SegmentedRaftLogWorker.java:<init>(180)) - new 7e15bd9e-19dc-432d-ab4a-c89a4e0db555@group-F18C66F5B88A-SegmentedRaftLogWorker for RaftStorage:Storage Directory /github/workspace/mnt/ozone/hadoop-ozone/integration-test/target/test-dir/MiniOzoneClusterImpl-268cb0c2-3227-45ab-9618-d290d5ae62e2/datanode-2/data/ratis/d4149e72-a43d-4158-b2d7-f18c66f5b88a
2020-10-23 13:18:10,661 [EventQueue-OpenPipelineForOneReplicaPipelineSafeModeRule] INFO  safemode.SCMSafeModeManager (SCMSafeModeManager.java:validateSafeModeExitRules(214)) - AtleastOneDatanodeReportedRule rule is successfully validated
2020-10-23 13:18:10,661 [EventQueue-OpenPipelineForHealthyPipelineSafeModeRule] INFO  safemode.SCMSafeModeManager (HealthyPipelineSafeModeRule.java:process(129)) - SCM in safe mode. Healthy pipelines reported count is 0, required healthy pipeline reported count is 1
2020-10-23 13:18:10,661 [pool-100-thread-1] INFO  server.RaftServerConfigKeys (ConfUtils.java:logGet(44)) - raft.server.log.queue.byte-limit = 2147483647 (custom)
2020-10-23 13:18:10,661 [pool-100-thread-1] INFO  server.RaftServerConfigKeys (ConfUtils.java:logGet(44)) - raft.server.log.queue.element-limit = 1024 (custom)
2020-10-23 13:18:10,661 [pool-100-thread-1] INFO  server.RaftServerConfigKeys (ConfUtils.java:logGet(44)) - raft.server.log.segment.size.max = 1048576 (custom)
2020-10-23 13:18:10,662 [pool-100-thread-1] INFO  server.RaftServerConfigKeys (ConfUtils.java:logGet(44)) - raft.server.log.preallocated.size = 16384 (custom)
2020-10-23 13:18:10,662 [pool-100-thread-1] INFO  server.RaftServerConfigKeys (ConfUtils.java:logGet(44)) - raft.server.log.write.buffer.size = 1048576 (custom)
2020-10-23 13:18:10,662 [pool-100-thread-1] INFO  server.RaftServerConfigKeys (ConfUtils.java:logGet(44)) - raft.server.log.force.sync.num = 128 (default)
2020-10-23 13:18:10,662 [pool-100-thread-1] INFO  server.RaftServerConfigKeys (ConfUtils.java:logGet(44)) - raft.server.log.statemachine.data.sync = true (default)
2020-10-23 13:18:10,662 [pool-100-thread-1] INFO  server.RaftServerConfigKeys (ConfUtils.java:logGet(44)) - raft.server.log.statemachine.data.sync.timeout = 10s (default)
2020-10-23 13:18:10,662 [pool-100-thread-1] INFO  server.RaftServerConfigKeys (ConfUtils.java:logGet(44)) - raft.server.log.statemachine.data.sync.timeout.retry = -1 (default)
2020-10-23 13:18:10,663 [pool-100-thread-1] INFO  server.RaftServerConfigKeys (ConfUtils.java:logGet(44)) - raft.server.log.statemachine.data.caching.enabled = true (custom)
2020-10-23 13:18:10,664 [pool-100-thread-1] INFO  segmented.SegmentedRaftLogWorker (SegmentedRaftLogWorker.java:lambda$new$0(129)) - 7e15bd9e-19dc-432d-ab4a-c89a4e0db555@group-F18C66F5B88A-SegmentedRaftLogWorker: flushIndex: setUnconditionally 0 -> -1
2020-10-23 13:18:10,664 [pool-100-thread-1] INFO  segmented.SegmentedRaftLogWorker (SegmentedRaftLogWorker.java:lambda$new$0(129)) - 7e15bd9e-19dc-432d-ab4a-c89a4e0db555@group-F18C66F5B88A-SegmentedRaftLogWorker: safeCacheEvictIndex: setUnconditionally 0 -> -1
2020-10-23 13:18:10,664 [pool-100-thread-1] INFO  server.RaftServerConfigKeys (ConfUtils.java:logGet(44)) - raft.server.snapshot.auto.trigger.enabled = true (custom)
2020-10-23 13:18:10,664 [pool-100-thread-1] INFO  server.RaftServerConfigKeys (ConfUtils.java:logGet(44)) - raft.server.snapshot.auto.trigger.threshold = 10000 (custom)
2020-10-23 13:18:10,664 [pool-100-thread-1] INFO  server.RaftServerConfigKeys (ConfUtils.java:logGet(44)) - raft.server.snapshot.retention.file.num = 5 (custom)
2020-10-23 13:18:10,664 [pool-100-thread-1] INFO  server.RaftServerConfigKeys (ConfUtils.java:logGet(44)) - raft.server.log.purge.upto.snapshot.index = false (default)
2020-10-23 13:18:10,664 [pool-100-thread-1] INFO  server.RaftServerConfigKeys (ConfUtils.java:logGet(44)) - raft.server.retrycache.expirytime = 600000ms (custom)
2020-10-23 13:18:10,664 [pool-100-thread-1] INFO  metrics.RatisMetrics (RatisMetrics.java:lambda$create$0(36)) - Creating Metrics Registry : ratis.leader_election.7e15bd9e-19dc-432d-ab4a-c89a4e0db555@group-F18C66F5B88A
2020-10-23 13:18:10,665 [pool-100-thread-1] INFO  metrics.RatisMetrics (RatisMetrics.java:lambda$create$0(36)) - Creating Metrics Registry : ratis.server.7e15bd9e-19dc-432d-ab4a-c89a4e0db555@group-F18C66F5B88A
2020-10-23 13:18:10,666 [pool-100-thread-1] INFO  impl.RaftServerImpl (RaftServerImpl.java:start(209)) - 7e15bd9e-19dc-432d-ab4a-c89a4e0db555@group-F18C66F5B88A: start as a follower, conf=-1: [7e15bd9e-19dc-432d-ab4a-c89a4e0db555:172.17.0.2:39823:0], old=null
2020-10-23 13:18:10,666 [pool-100-thread-1] INFO  impl.RaftServerImpl (RaftServerImpl.java:setRole(198)) - 7e15bd9e-19dc-432d-ab4a-c89a4e0db555@group-F18C66F5B88A: changes role from      null to FOLLOWER at term 0 for startAsFollower
2020-10-23 13:18:10,666 [pool-100-thread-1] INFO  impl.RoleInfo (RoleInfo.java:updateAndGet(143)) - 7e15bd9e-19dc-432d-ab4a-c89a4e0db555: start FollowerState
2020-10-23 13:18:10,666 [pool-100-thread-1] INFO  util.JmxRegister (JmxRegister.java:tryRegister(44)) - Successfully registered JMX Bean with object name Ratis:service=RaftServer,group=group-F18C66F5B88A,id=7e15bd9e-19dc-432d-ab4a-c89a4e0db555
2020-10-23 13:18:10,666 [pool-100-thread-1] INFO  metrics.RatisMetrics (RatisMetrics.java:lambda$create$0(36)) - Creating Metrics Registry : ratis.state_machine.7e15bd9e-19dc-432d-ab4a-c89a4e0db555@group-F18C66F5B88A
2020-10-23 13:18:10,667 [Command processor thread] INFO  commandhandler.CreatePipelineCommandHandler (CreatePipelineCommandHandler.java:handle(112)) - Created Pipeline RATIS ONE #id: "d4149e72-a43d-4158-b2d7-f18c66f5b88a"
uuid128 {
  mostSigBits: -3164730422915677864
  leastSigBits: -5559709629640492918
}
.
2020-10-23 13:18:11,655 [Listener at 127.0.0.1/11792] INFO  ozone.MiniOzoneClusterImpl (MiniOzoneClusterImpl.java:lambda$waitForClusterToBeReady$0(177)) - Nodes are ready. Got 3 of 3 DN Heartbeats.
2020-10-23 13:18:11,655 [Listener at 127.0.0.1/11792] INFO  ozone.MiniOzoneClusterImpl (MiniOzoneClusterImpl.java:lambda$waitForClusterToBeReady$0(180)) - Waiting for cluster to exit safe mode
2020-10-23 13:18:12,655 [Listener at 127.0.0.1/11792] INFO  ozone.MiniOzoneClusterImpl (MiniOzoneClusterImpl.java:lambda$waitForClusterToBeReady$0(177)) - Nodes are ready. Got 3 of 3 DN Heartbeats.
2020-10-23 13:18:12,655 [Listener at 127.0.0.1/11792] INFO  ozone.MiniOzoneClusterImpl (MiniOzoneClusterImpl.java:lambda$waitForClusterToBeReady$0(180)) - Waiting for cluster to exit safe mode
2020-10-23 13:18:13,656 [Listener at 127.0.0.1/11792] INFO  ozone.MiniOzoneClusterImpl (MiniOzoneClusterImpl.java:lambda$waitForClusterToBeReady$0(177)) - Nodes are ready. Got 3 of 3 DN Heartbeats.
2020-10-23 13:18:13,656 [Listener at 127.0.0.1/11792] INFO  ozone.MiniOzoneClusterImpl (MiniOzoneClusterImpl.java:lambda$waitForClusterToBeReady$0(180)) - Waiting for cluster to exit safe mode
2020-10-23 13:18:14,656 [Listener at 127.0.0.1/11792] INFO  ozone.MiniOzoneClusterImpl (MiniOzoneClusterImpl.java:lambda$waitForClusterToBeReady$0(177)) - Nodes are ready. Got 3 of 3 DN Heartbeats.
2020-10-23 13:18:14,656 [Listener at 127.0.0.1/11792] INFO  ozone.MiniOzoneClusterImpl (MiniOzoneClusterImpl.java:lambda$waitForClusterToBeReady$0(180)) - Waiting for cluster to exit safe mode
2020-10-23 13:18:15,033 [Thread-299] INFO  impl.FollowerState (FollowerState.java:run(108)) - 98150d0f-da65-4af0-8be7-aade3971ef2c@group-1B0E0C22600F-FollowerState: change to CANDIDATE, lastRpcTime:5136ms, electionTimeout:5135ms
2020-10-23 13:18:15,034 [Thread-299] INFO  impl.RoleInfo (RoleInfo.java:shutdownFollowerState(121)) - 98150d0f-da65-4af0-8be7-aade3971ef2c: shutdown FollowerState
2020-10-23 13:18:15,034 [Thread-299] INFO  impl.RaftServerImpl (RaftServerImpl.java:setRole(198)) - 98150d0f-da65-4af0-8be7-aade3971ef2c@group-1B0E0C22600F: changes role from  FOLLOWER to CANDIDATE at term 0 for changeToCandidate
2020-10-23 13:18:15,034 [Thread-299] INFO  impl.RoleInfo (RoleInfo.java:updateAndGet(143)) - 98150d0f-da65-4af0-8be7-aade3971ef2c: start LeaderElection
2020-10-23 13:18:15,042 [98150d0f-da65-4af0-8be7-aade3971ef2c@group-1B0E0C22600F-LeaderElection5] INFO  impl.LeaderElection (LeaderElection.java:askForVotes(210)) - 98150d0f-da65-4af0-8be7-aade3971ef2c@group-1B0E0C22600F-LeaderElection5: begin an election at term 1 for -1: [98150d0f-da65-4af0-8be7-aade3971ef2c:172.17.0.2:34961:0], old=null
2020-10-23 13:18:15,042 [98150d0f-da65-4af0-8be7-aade3971ef2c@group-1B0E0C22600F-LeaderElection5] INFO  impl.RoleInfo (RoleInfo.java:shutdownLeaderElection(134)) - 98150d0f-da65-4af0-8be7-aade3971ef2c: shutdown LeaderElection
2020-10-23 13:18:15,042 [98150d0f-da65-4af0-8be7-aade3971ef2c@group-1B0E0C22600F-LeaderElection5] INFO  impl.RaftServerImpl (RaftServerImpl.java:setRole(198)) - 98150d0f-da65-4af0-8be7-aade3971ef2c@group-1B0E0C22600F: changes role from CANDIDATE to LEADER at term 1 for changeToLeader
2020-10-23 13:18:15,042 [98150d0f-da65-4af0-8be7-aade3971ef2c@group-1B0E0C22600F-LeaderElection5] INFO  ratis.XceiverServerRatis (XceiverServerRatis.java:handleLeaderChangedNotification(839)) - Leader change notification received for group: group-1B0E0C22600F with new leaderId: 98150d0f-da65-4af0-8be7-aade3971ef2c
2020-10-23 13:18:15,043 [98150d0f-da65-4af0-8be7-aade3971ef2c@group-1B0E0C22600F-LeaderElection5] INFO  impl.RaftServerImpl (ServerState.java:setLeader(256)) - 98150d0f-da65-4af0-8be7-aade3971ef2c@group-1B0E0C22600F: change Leader from null to 98150d0f-da65-4af0-8be7-aade3971ef2c at term 1 for becomeLeader, leader elected after 5170ms
2020-10-23 13:18:15,043 [98150d0f-da65-4af0-8be7-aade3971ef2c@group-1B0E0C22600F-LeaderElection5] INFO  server.RaftServerConfigKeys (ConfUtils.java:logGet(44)) - raft.server.staging.catchup.gap = 1000 (default)
2020-10-23 13:18:15,043 [98150d0f-da65-4af0-8be7-aade3971ef2c@group-1B0E0C22600F-LeaderElection5] INFO  server.RaftServerConfigKeys (ConfUtils.java:logGet(44)) - raft.server.rpc.sleep.time = 25ms (default)
2020-10-23 13:18:15,044 [98150d0f-da65-4af0-8be7-aade3971ef2c@group-1B0E0C22600F-LeaderElection5] INFO  metrics.RatisMetrics (RatisMetrics.java:lambda$create$0(36)) - Creating Metrics Registry : ratis.log_appender.98150d0f-da65-4af0-8be7-aade3971ef2c@group-1B0E0C22600F
2020-10-23 13:18:15,045 [98150d0f-da65-4af0-8be7-aade3971ef2c@group-1B0E0C22600F-LeaderElection5] INFO  server.RaftServerConfigKeys (ConfUtils.java:logGet(44)) - raft.server.write.element-limit = 1024 (custom)
2020-10-23 13:18:15,045 [98150d0f-da65-4af0-8be7-aade3971ef2c@group-1B0E0C22600F-LeaderElection5] INFO  server.RaftServerConfigKeys (ConfUtils.java:logGet(44)) - raft.server.write.byte-limit = 1073741824 (custom)
2020-10-23 13:18:15,045 [98150d0f-da65-4af0-8be7-aade3971ef2c@group-1B0E0C22600F-LeaderElection5] INFO  server.RaftServerConfigKeys (ConfUtils.java:logGet(44)) - raft.server.watch.timeout = 180s (custom)
2020-10-23 13:18:15,046 [98150d0f-da65-4af0-8be7-aade3971ef2c@group-1B0E0C22600F-LeaderElection5] INFO  server.RaftServerConfigKeys (ConfUtils.java:logGet(44)) - raft.server.watch.timeout.denomination = 1s (default)
2020-10-23 13:18:15,046 [98150d0f-da65-4af0-8be7-aade3971ef2c@group-1B0E0C22600F-LeaderElection5] INFO  server.RaftServerConfigKeys (ConfUtils.java:logGet(44)) - raft.server.watch.element-limit = 65536 (default)
2020-10-23 13:18:15,046 [98150d0f-da65-4af0-8be7-aade3971ef2c@group-1B0E0C22600F-LeaderElection5] INFO  impl.RoleInfo (RoleInfo.java:updateAndGet(143)) - 98150d0f-da65-4af0-8be7-aade3971ef2c: start LeaderState
2020-10-23 13:18:15,046 [98150d0f-da65-4af0-8be7-aade3971ef2c@group-1B0E0C22600F-LeaderElection5] INFO  segmented.SegmentedRaftLogWorker (SegmentedRaftLogWorker.java:startLogSegment(397)) - 98150d0f-da65-4af0-8be7-aade3971ef2c@group-1B0E0C22600F-SegmentedRaftLogWorker: Starting segment from index:0
2020-10-23 13:18:15,047 [98150d0f-da65-4af0-8be7-aade3971ef2c@group-1B0E0C22600F-LeaderElection5] INFO  impl.RaftServerImpl (ServerState.java:setRaftConf(374)) - 98150d0f-da65-4af0-8be7-aade3971ef2c@group-1B0E0C22600F: set configuration 0: [98150d0f-da65-4af0-8be7-aade3971ef2c:172.17.0.2:34961:0], old=null at 0
2020-10-23 13:18:15,048 [98150d0f-da65-4af0-8be7-aade3971ef2c@group-1B0E0C22600F-SegmentedRaftLogWorker] INFO  segmented.SegmentedRaftLogWorker (SegmentedRaftLogWorker.java:execute(596)) - 98150d0f-da65-4af0-8be7-aade3971ef2c@group-1B0E0C22600F-SegmentedRaftLogWorker: created new log segment /github/workspace/mnt/ozone/hadoop-ozone/integration-test/target/test-dir/MiniOzoneClusterImpl-268cb0c2-3227-45ab-9618-d290d5ae62e2/datanode-0/data/ratis/e0f66387-59d9-46f2-b3dd-1b0e0c22600f/current/log_inprogress_0
2020-10-23 13:18:15,075 [Thread-303] INFO  impl.FollowerState (FollowerState.java:run(108)) - 98150d0f-da65-4af0-8be7-aade3971ef2c@group-F32C89EB630A-FollowerState: change to CANDIDATE, lastRpcTime:5142ms, electionTimeout:5139ms
2020-10-23 13:18:15,076 [Thread-303] INFO  impl.RoleInfo (RoleInfo.java:shutdownFollowerState(121)) - 98150d0f-da65-4af0-8be7-aade3971ef2c: shutdown FollowerState
2020-10-23 13:18:15,076 [Thread-303] INFO  impl.RaftServerImpl (RaftServerImpl.java:setRole(198)) - 98150d0f-da65-4af0-8be7-aade3971ef2c@group-F32C89EB630A: changes role from  FOLLOWER to CANDIDATE at term 0 for changeToCandidate
2020-10-23 13:18:15,076 [Thread-303] INFO  impl.RoleInfo (RoleInfo.java:updateAndGet(143)) - 98150d0f-da65-4af0-8be7-aade3971ef2c: start LeaderElection
2020-10-23 13:18:15,082 [98150d0f-da65-4af0-8be7-aade3971ef2c@group-F32C89EB630A-LeaderElection6] INFO  impl.LeaderElection (LeaderElection.java:askForVotes(210)) - 98150d0f-da65-4af0-8be7-aade3971ef2c@group-F32C89EB630A-LeaderElection6: begin an election at term 1 for -1: [7e15bd9e-19dc-432d-ab4a-c89a4e0db555:172.17.0.2:39823:0, 98150d0f-da65-4af0-8be7-aade3971ef2c:172.17.0.2:34961:0, a4d3af63-08de-4d4b-ab63-4aa1172cd052:172.17.0.2:35117:0], old=null
2020-10-23 13:18:15,094 [grpc-default-executor-4] INFO  impl.RaftServerImpl (RaftServerImpl.java:setRole(198)) - 7e15bd9e-19dc-432d-ab4a-c89a4e0db555@group-F32C89EB630A: changes role from  FOLLOWER to FOLLOWER at term 1 for recognizeCandidate:98150d0f-da65-4af0-8be7-aade3971ef2c
2020-10-23 13:18:15,094 [grpc-default-executor-4] INFO  impl.RoleInfo (RoleInfo.java:shutdownFollowerState(121)) - 7e15bd9e-19dc-432d-ab4a-c89a4e0db555: shutdown FollowerState
2020-10-23 13:18:15,094 [grpc-default-executor-4] INFO  impl.RoleInfo (RoleInfo.java:updateAndGet(143)) - 7e15bd9e-19dc-432d-ab4a-c89a4e0db555: start FollowerState
2020-10-23 13:18:15,094 [Thread-305] INFO  impl.FollowerState (FollowerState.java:run(117)) - 7e15bd9e-19dc-432d-ab4a-c89a4e0db555@group-F32C89EB630A-FollowerState was interrupted: java.lang.InterruptedException: sleep interrupted
2020-10-23 13:18:15,096 [grpc-default-executor-4] INFO  impl.RaftServerImpl (RaftServerImpl.java:requestVote(923)) -  FOLLOWER 7e15bd9e-19dc-432d-ab4a-c89a4e0db555@group-F32C89EB630A:t1, leader=null, voted=null, raftlog=7e15bd9e-19dc-432d-ab4a-c89a4e0db555@group-F32C89EB630A-SegmentedRaftLog:OPENED:c-1,f-1,i0, conf=-1: [7e15bd9e-19dc-432d-ab4a-c89a4e0db555:172.17.0.2:39823:0, 98150d0f-da65-4af0-8be7-aade3971ef2c:172.17.0.2:34961:0, a4d3af63-08de-4d4b-ab63-4aa1172cd052:172.17.0.2:35117:0], old=null RUNNING priority:0 candidate:98150d0f-da65-4af0-8be7-aade3971ef2c:172.17.0.2:34961:0 candidatePriority:0 compare:0
2020-10-23 13:18:15,105 [grpc-default-executor-5] INFO  impl.RaftServerImpl (RaftServerImpl.java:setRole(198)) - a4d3af63-08de-4d4b-ab63-4aa1172cd052@group-F32C89EB630A: changes role from  FOLLOWER to FOLLOWER at term 1 for recognizeCandidate:98150d0f-da65-4af0-8be7-aade3971ef2c
2020-10-23 13:18:15,105 [grpc-default-executor-5] INFO  impl.RoleInfo (RoleInfo.java:shutdownFollowerState(121)) - a4d3af63-08de-4d4b-ab63-4aa1172cd052: shutdown FollowerState
2020-10-23 13:18:15,105 [grpc-default-executor-5] INFO  impl.RoleInfo (RoleInfo.java:updateAndGet(143)) - a4d3af63-08de-4d4b-ab63-4aa1172cd052: start FollowerState
2020-10-23 13:18:15,105 [Thread-311] INFO  impl.FollowerState (FollowerState.java:run(117)) - a4d3af63-08de-4d4b-ab63-4aa1172cd052@group-F32C89EB630A-FollowerState was interrupted: java.lang.InterruptedException: sleep interrupted
2020-10-23 13:18:15,108 [grpc-default-executor-5] INFO  impl.RaftServerImpl (RaftServerImpl.java:requestVote(923)) -  FOLLOWER a4d3af63-08de-4d4b-ab63-4aa1172cd052@group-F32C89EB630A:t1, leader=null, voted=null, raftlog=a4d3af63-08de-4d4b-ab63-4aa1172cd052@group-F32C89EB630A-SegmentedRaftLog:OPENED:c-1,f-1,i0, conf=-1: [7e15bd9e-19dc-432d-ab4a-c89a4e0db555:172.17.0.2:39823:0, 98150d0f-da65-4af0-8be7-aade3971ef2c:172.17.0.2:34961:0, a4d3af63-08de-4d4b-ab63-4aa1172cd052:172.17.0.2:35117:0], old=null RUNNING priority:0 candidate:98150d0f-da65-4af0-8be7-aade3971ef2c:172.17.0.2:34961:0 candidatePriority:0 compare:0
2020-10-23 13:18:15,109 [98150d0f-da65-4af0-8be7-aade3971ef2c@group-F32C89EB630A-LeaderElection6] INFO  impl.LeaderElection (LeaderElection.java:logAndReturn(62)) - 98150d0f-da65-4af0-8be7-aade3971ef2c@group-F32C89EB630A-LeaderElection6: Election PASSED; received 1 response(s) [98150d0f-da65-4af0-8be7-aade3971ef2c<-7e15bd9e-19dc-432d-ab4a-c89a4e0db555#0:OK-t1] and 0 exception(s); 98150d0f-da65-4af0-8be7-aade3971ef2c@group-F32C89EB630A:t1, leader=null, voted=98150d0f-da65-4af0-8be7-aade3971ef2c, raftlog=98150d0f-da65-4af0-8be7-aade3971ef2c@group-F32C89EB630A-SegmentedRaftLog:OPENED:c-1,f-1,i0, conf=-1: [7e15bd9e-19dc-432d-ab4a-c89a4e0db555:172.17.0.2:39823:0, 98150d0f-da65-4af0-8be7-aade3971ef2c:172.17.0.2:34961:0, a4d3af63-08de-4d4b-ab63-4aa1172cd052:172.17.0.2:35117:0], old=null
2020-10-23 13:18:15,109 [98150d0f-da65-4af0-8be7-aade3971ef2c@group-F32C89EB630A-LeaderElection6] INFO  impl.RoleInfo (RoleInfo.java:shutdownLeaderElection(134)) - 98150d0f-da65-4af0-8be7-aade3971ef2c: shutdown LeaderElection
2020-10-23 13:18:15,110 [98150d0f-da65-4af0-8be7-aade3971ef2c@group-F32C89EB630A-LeaderElection6] INFO  impl.RaftServerImpl (RaftServerImpl.java:setRole(198)) - 98150d0f-da65-4af0-8be7-aade3971ef2c@group-F32C89EB630A: changes role from CANDIDATE to LEADER at term 1 for changeToLeader
2020-10-23 13:18:15,110 [98150d0f-da65-4af0-8be7-aade3971ef2c@group-F32C89EB630A-LeaderElection6] INFO  ratis.XceiverServerRatis (XceiverServerRatis.java:handleLeaderChangedNotification(839)) - Leader change notification received for group: group-F32C89EB630A with new leaderId: 98150d0f-da65-4af0-8be7-aade3971ef2c
2020-10-23 13:18:15,110 [98150d0f-da65-4af0-8be7-aade3971ef2c@group-F32C89EB630A-LeaderElection6] INFO  impl.RaftServerImpl (ServerState.java:setLeader(256)) - 98150d0f-da65-4af0-8be7-aade3971ef2c@group-F32C89EB630A: change Leader from null to 98150d0f-da65-4af0-8be7-aade3971ef2c at term 1 for becomeLeader, leader elected after 5186ms
2020-10-23 13:18:15,111 [98150d0f-da65-4af0-8be7-aade3971ef2c@group-F32C89EB630A-LeaderElection6] INFO  server.RaftServerConfigKeys (ConfUtils.java:logGet(44)) - raft.server.staging.catchup.gap = 1000 (default)
2020-10-23 13:18:15,111 [98150d0f-da65-4af0-8be7-aade3971ef2c@group-F32C89EB630A-LeaderElection6] INFO  server.RaftServerConfigKeys (ConfUtils.java:logGet(44)) - raft.server.rpc.sleep.time = 25ms (default)
2020-10-23 13:18:15,111 [98150d0f-da65-4af0-8be7-aade3971ef2c@group-F32C89EB630A-LeaderElection6] INFO  metrics.RatisMetrics (RatisMetrics.java:lambda$create$0(36)) - Creating Metrics Registry : ratis.log_appender.98150d0f-da65-4af0-8be7-aade3971ef2c@group-F32C89EB630A
2020-10-23 13:18:15,115 [EventQueue-PipelineReportForPipelineReportHandler] INFO  pipeline.PipelineStateManager (PipelineStateManager.java:openPipeline(132)) - Pipeline Pipeline[ Id: e4588e7a-b9ac-4cc5-a406-f32c89eb630a, Nodes: 7e15bd9e-19dc-432d-ab4a-c89a4e0db555{ip: 172.17.0.2, host: 1a5acc08e21a, networkLocation: /default-rack, certSerialId: null}a4d3af63-08de-4d4b-ab63-4aa1172cd052{ip: 172.17.0.2, host: 1a5acc08e21a, networkLocation: /default-rack, certSerialId: null}98150d0f-da65-4af0-8be7-aade3971ef2c{ip: 172.17.0.2, host: 1a5acc08e21a, networkLocation: /default-rack, certSerialId: null}, Type:RATIS, Factor:THREE, State:ALLOCATED, leaderId:98150d0f-da65-4af0-8be7-aade3971ef2c, CreationTimestamp2020-10-23T13:18:07.660Z] moved to OPEN state
2020-10-23 13:18:15,115 [EventQueue-OpenPipelineForOneReplicaPipelineSafeModeRule] INFO  safemode.SCMSafeModeManager (SCMSafeModeManager.java:validateSafeModeExitRules(214)) - AtleastOneDatanodeReportedRule rule is successfully validated
2020-10-23 13:18:15,115 [EventQueue-OpenPipelineForHealthyPipelineSafeModeRule] INFO  safemode.SCMSafeModeManager (HealthyPipelineSafeModeRule.java:process(129)) - SCM in safe mode. Healthy pipelines reported count is 1, required healthy pipeline reported count is 1
2020-10-23 13:18:15,116 [EventQueue-OpenPipelineForHealthyPipelineSafeModeRule] INFO  safemode.SCMSafeModeManager (SCMSafeModeManager.java:validateSafeModeExitRules(214)) - HealthyPipelineSafeModeRule rule is successfully validated
2020-10-23 13:18:15,116 [EventQueue-OpenPipelineForHealthyPipelineSafeModeRule] INFO  safemode.SCMSafeModeManager (SCMSafeModeManager.java:validateSafeModeExitRules(228)) - ScmSafeModeManager, all rules are successfully validated
2020-10-23 13:18:15,116 [EventQueue-OpenPipelineForHealthyPipelineSafeModeRule] INFO  safemode.SCMSafeModeManager (SCMSafeModeManager.java:exitSafeMode(257)) - SCM exiting safe mode.
2020-10-23 13:18:15,116 [98150d0f-da65-4af0-8be7-aade3971ef2c@group-F32C89EB630A-LeaderElection6] INFO  server.RaftServerConfigKeys (ConfUtils.java:logGet(44)) - raft.server.write.element-limit = 1024 (custom)
2020-10-23 13:18:15,116 [98150d0f-da65-4af0-8be7-aade3971ef2c@group-F32C89EB630A-LeaderElection6] INFO  server.RaftServerConfigKeys (ConfUtils.java:logGet(44)) - raft.server.write.byte-limit = 1073741824 (custom)
2020-10-23 13:18:15,117 [98150d0f-da65-4af0-8be7-aade3971ef2c@group-F32C89EB630A-LeaderElection6] INFO  server.RaftServerConfigKeys (ConfUtils.java:logGet(44)) - raft.server.watch.timeout = 180s (custom)
2020-10-23 13:18:15,117 [98150d0f-da65-4af0-8be7-aade3971ef2c@group-F32C89EB630A-LeaderElection6] INFO  server.RaftServerConfigKeys (ConfUtils.java:logGet(44)) - raft.server.watch.timeout.denomination = 1s (default)
2020-10-23 13:18:15,117 [98150d0f-da65-4af0-8be7-aade3971ef2c@group-F32C89EB630A-LeaderElection6] INFO  server.RaftServerConfigKeys (ConfUtils.java:logGet(44)) - raft.server.watch.element-limit = 65536 (default)
2020-10-23 13:18:15,117 [98150d0f-da65-4af0-8be7-aade3971ef2c@group-F32C89EB630A-LeaderElection6] INFO  server.RaftServerConfigKeys (ConfUtils.java:logGet(44)) - raft.server.log.appender.snapshot.chunk.size.max = 16MB (=16777216) (default)
2020-10-23 13:18:15,117 [98150d0f-da65-4af0-8be7-aade3971ef2c@group-F32C89EB630A-LeaderElection6] INFO  server.RaftServerConfigKeys (ConfUtils.java:logGet(44)) - raft.server.log.appender.buffer.byte-limit = 33554432 (custom)
2020-10-23 13:18:15,117 [98150d0f-da65-4af0-8be7-aade3971ef2c@group-F32C89EB630A-LeaderElection6] INFO  server.RaftServerConfigKeys (ConfUtils.java:logGet(44)) - raft.server.log.appender.buffer.element-limit = 1 (custom)
2020-10-23 13:18:15,117 [98150d0f-da65-4af0-8be7-aade3971ef2c@group-F32C89EB630A-LeaderElection6] INFO  grpc.GrpcConfigKeys (ConfUtils.java:logGet(44)) - raft.grpc.server.leader.outstanding.appends.max = 128 (default)
2020-10-23 13:18:15,118 [98150d0f-da65-4af0-8be7-aade3971ef2c@group-F32C89EB630A-LeaderElection6] INFO  server.RaftServerConfigKeys (ConfUtils.java:logGet(44)) - raft.server.rpc.request.timeout = 60s (custom)
2020-10-23 13:18:15,118 [98150d0f-da65-4af0-8be7-aade3971ef2c@group-F32C89EB630A-LeaderElection6] INFO  server.RaftServerConfigKeys (ConfUtils.java:logGet(44)) - raft.server.log.appender.install.snapshot.enabled = false (custom)
2020-10-23 13:18:15,118 [98150d0f-da65-4af0-8be7-aade3971ef2c@group-F32C89EB630A-LeaderElection6] INFO  metrics.RatisMetrics (RatisMetrics.java:lambda$create$0(36)) - Creating Metrics Registry : ratis_grpc.log_appender.98150d0f-da65-4af0-8be7-aade3971ef2c@group-F32C89EB630A
2020-10-23 13:18:15,119 [98150d0f-da65-4af0-8be7-aade3971ef2c@group-F32C89EB630A-LeaderElection6] INFO  server.RaftServerConfigKeys (ConfUtils.java:logGet(44)) - raft.server.log.appender.snapshot.chunk.size.max = 16MB (=16777216) (default)
2020-10-23 13:18:15,119 [98150d0f-da65-4af0-8be7-aade3971ef2c@group-F32C89EB630A-LeaderElection6] INFO  server.RaftServerConfigKeys (ConfUtils.java:logGet(44)) - raft.server.log.appender.buffer.byte-limit = 33554432 (custom)
2020-10-23 13:18:15,119 [98150d0f-da65-4af0-8be7-aade3971ef2c@group-F32C89EB630A-LeaderElection6] INFO  server.RaftServerConfigKeys (ConfUtils.java:logGet(44)) - raft.server.log.appender.buffer.element-limit = 1 (custom)
2020-10-23 13:18:15,119 [98150d0f-da65-4af0-8be7-aade3971ef2c@group-F32C89EB630A-LeaderElection6] INFO  grpc.GrpcConfigKeys (ConfUtils.java:logGet(44)) - raft.grpc.server.leader.outstanding.appends.max = 128 (default)
2020-10-23 13:18:15,119 [98150d0f-da65-4af0-8be7-aade3971ef2c@group-F32C89EB630A-LeaderElection6] INFO  server.RaftServerConfigKeys (ConfUtils.java:logGet(44)) - raft.server.rpc.request.timeout = 60s (custom)
2020-10-23 13:18:15,119 [98150d0f-da65-4af0-8be7-aade3971ef2c@group-F32C89EB630A-LeaderElection6] INFO  server.RaftServerConfigKeys (ConfUtils.java:logGet(44)) - raft.server.log.appender.install.snapshot.enabled = false (custom)
2020-10-23 13:18:15,120 [98150d0f-da65-4af0-8be7-aade3971ef2c@group-F32C89EB630A-LeaderElection6] INFO  impl.RoleInfo (RoleInfo.java:updateAndGet(143)) - 98150d0f-da65-4af0-8be7-aade3971ef2c: start LeaderState
2020-10-23 13:18:15,120 [98150d0f-da65-4af0-8be7-aade3971ef2c@group-F32C89EB630A-LeaderElection6] INFO  segmented.SegmentedRaftLogWorker (SegmentedRaftLogWorker.java:startLogSegment(397)) - 98150d0f-da65-4af0-8be7-aade3971ef2c@group-F32C89EB630A-SegmentedRaftLogWorker: Starting segment from index:0
2020-10-23 13:18:15,121 [98150d0f-da65-4af0-8be7-aade3971ef2c@group-F32C89EB630A-LeaderElection6] INFO  impl.RaftServerImpl (ServerState.java:setRaftConf(374)) - 98150d0f-da65-4af0-8be7-aade3971ef2c@group-F32C89EB630A: set configuration 0: [7e15bd9e-19dc-432d-ab4a-c89a4e0db555:172.17.0.2:39823:0, 98150d0f-da65-4af0-8be7-aade3971ef2c:172.17.0.2:34961:0, a4d3af63-08de-4d4b-ab63-4aa1172cd052:172.17.0.2:35117:0], old=null at 0
2020-10-23 13:18:15,130 [98150d0f-da65-4af0-8be7-aade3971ef2c@group-F32C89EB630A-SegmentedRaftLogWorker] INFO  segmented.SegmentedRaftLogWorker (SegmentedRaftLogWorker.java:execute(596)) - 98150d0f-da65-4af0-8be7-aade3971ef2c@group-F32C89EB630A-SegmentedRaftLogWorker: created new log segment /github/workspace/mnt/ozone/hadoop-ozone/integration-test/target/test-dir/MiniOzoneClusterImpl-268cb0c2-3227-45ab-9618-d290d5ae62e2/datanode-0/data/ratis/e4588e7a-b9ac-4cc5-a406-f32c89eb630a/current/log_inprogress_0
2020-10-23 13:18:15,132 [grpc-default-executor-4] INFO  ratis.XceiverServerRatis (XceiverServerRatis.java:handleLeaderChangedNotification(839)) - Leader change notification received for group: group-F32C89EB630A with new leaderId: 98150d0f-da65-4af0-8be7-aade3971ef2c
2020-10-23 13:18:15,132 [grpc-default-executor-4] INFO  impl.RaftServerImpl (ServerState.java:setLeader(256)) - 7e15bd9e-19dc-432d-ab4a-c89a4e0db555@group-F32C89EB630A: change Leader from null to 98150d0f-da65-4af0-8be7-aade3971ef2c at term 1 for appendEntries, leader elected after 5113ms
2020-10-23 13:18:15,138 [grpc-default-executor-5] INFO  ratis.XceiverServerRatis (XceiverServerRatis.java:handleLeaderChangedNotification(839)) - Leader change notification received for group: group-F32C89EB630A with new leaderId: 98150d0f-da65-4af0-8be7-aade3971ef2c
2020-10-23 13:18:15,138 [grpc-default-executor-5] INFO  impl.RaftServerImpl (ServerState.java:setLeader(256)) - a4d3af63-08de-4d4b-ab63-4aa1172cd052@group-F32C89EB630A: change Leader from null to 98150d0f-da65-4af0-8be7-aade3971ef2c at term 1 for appendEntries, leader elected after 5030ms
2020-10-23 13:18:15,139 [grpc-default-executor-4] INFO  impl.RaftServerImpl (ServerState.java:setRaftConf(374)) - 7e15bd9e-19dc-432d-ab4a-c89a4e0db555@group-F32C89EB630A: set configuration 0: [7e15bd9e-19dc-432d-ab4a-c89a4e0db555:172.17.0.2:39823:0, 98150d0f-da65-4af0-8be7-aade3971ef2c:172.17.0.2:34961:0, a4d3af63-08de-4d4b-ab63-4aa1172cd052:172.17.0.2:35117:0], old=null at 0
2020-10-23 13:18:15,139 [grpc-default-executor-4] INFO  segmented.SegmentedRaftLogWorker (SegmentedRaftLogWorker.java:startLogSegment(397)) - 7e15bd9e-19dc-432d-ab4a-c89a4e0db555@group-F32C89EB630A-SegmentedRaftLogWorker: Starting segment from index:0
2020-10-23 13:18:15,141 [grpc-default-executor-5] INFO  impl.RaftServerImpl (ServerState.java:setRaftConf(374)) - a4d3af63-08de-4d4b-ab63-4aa1172cd052@group-F32C89EB630A: set configuration 0: [7e15bd9e-19dc-432d-ab4a-c89a4e0db555:172.17.0.2:39823:0, 98150d0f-da65-4af0-8be7-aade3971ef2c:172.17.0.2:34961:0, a4d3af63-08de-4d4b-ab63-4aa1172cd052:172.17.0.2:35117:0], old=null at 0
2020-10-23 13:18:15,142 [grpc-default-executor-5] INFO  segmented.SegmentedRaftLogWorker (SegmentedRaftLogWorker.java:startLogSegment(397)) - a4d3af63-08de-4d4b-ab63-4aa1172cd052@group-F32C89EB630A-SegmentedRaftLogWorker: Starting segment from index:0
2020-10-23 13:18:15,145 [7e15bd9e-19dc-432d-ab4a-c89a4e0db555@group-F32C89EB630A-SegmentedRaftLogWorker] INFO  segmented.SegmentedRaftLogWorker (SegmentedRaftLogWorker.java:execute(596)) - 7e15bd9e-19dc-432d-ab4a-c89a4e0db555@group-F32C89EB630A-SegmentedRaftLogWorker: created new log segment /github/workspace/mnt/ozone/hadoop-ozone/integration-test/target/test-dir/MiniOzoneClusterImpl-268cb0c2-3227-45ab-9618-d290d5ae62e2/datanode-2/data/ratis/e4588e7a-b9ac-4cc5-a406-f32c89eb630a/current/log_inprogress_0
2020-10-23 13:18:15,147 [a4d3af63-08de-4d4b-ab63-4aa1172cd052@group-F32C89EB630A-SegmentedRaftLogWorker] INFO  segmented.SegmentedRaftLogWorker (SegmentedRaftLogWorker.java:execute(596)) - a4d3af63-08de-4d4b-ab63-4aa1172cd052@group-F32C89EB630A-SegmentedRaftLogWorker: created new log segment /github/workspace/mnt/ozone/hadoop-ozone/integration-test/target/test-dir/MiniOzoneClusterImpl-268cb0c2-3227-45ab-9618-d290d5ae62e2/datanode-1/data/ratis/e4588e7a-b9ac-4cc5-a406-f32c89eb630a/current/log_inprogress_0
2020-10-23 13:18:15,471 [Thread-314] INFO  impl.FollowerState (FollowerState.java:run(108)) - a4d3af63-08de-4d4b-ab63-4aa1172cd052@group-AA4C7B058E46-FollowerState: change to CANDIDATE, lastRpcTime:5108ms, electionTimeout:5107ms
2020-10-23 13:18:15,472 [Thread-314] INFO  impl.RoleInfo (RoleInfo.java:shutdownFollowerState(121)) - a4d3af63-08de-4d4b-ab63-4aa1172cd052: shutdown FollowerState
2020-10-23 13:18:15,472 [Thread-314] INFO  impl.RaftServerImpl (RaftServerImpl.java:setRole(198)) - a4d3af63-08de-4d4b-ab63-4aa1172cd052@group-AA4C7B058E46: changes role from  FOLLOWER to CANDIDATE at term 0 for changeToCandidate
2020-10-23 13:18:15,472 [Thread-314] INFO  impl.RoleInfo (RoleInfo.java:updateAndGet(143)) - a4d3af63-08de-4d4b-ab63-4aa1172cd052: start LeaderElection
2020-10-23 13:18:15,477 [a4d3af63-08de-4d4b-ab63-4aa1172cd052@group-AA4C7B058E46-LeaderElection7] INFO  impl.LeaderElection (LeaderElection.java:askForVotes(210)) - a4d3af63-08de-4d4b-ab63-4aa1172cd052@group-AA4C7B058E46-LeaderElection7: begin an election at term 1 for -1: [a4d3af63-08de-4d4b-ab63-4aa1172cd052:172.17.0.2:35117:0], old=null
2020-10-23 13:18:15,477 [a4d3af63-08de-4d4b-ab63-4aa1172cd052@group-AA4C7B058E46-LeaderElection7] INFO  impl.RoleInfo (RoleInfo.java:shutdownLeaderElection(134)) - a4d3af63-08de-4d4b-ab63-4aa1172cd052: shutdown LeaderElection
2020-10-23 13:18:15,477 [a4d3af63-08de-4d4b-ab63-4aa1172cd052@group-AA4C7B058E46-LeaderElection7] INFO  impl.RaftServerImpl (RaftServerImpl.java:setRole(198)) - a4d3af63-08de-4d4b-ab63-4aa1172cd052@group-AA4C7B058E46: changes role from CANDIDATE to LEADER at term 1 for changeToLeader
2020-10-23 13:18:15,477 [a4d3af63-08de-4d4b-ab63-4aa1172cd052@group-AA4C7B058E46-LeaderElection7] INFO  ratis.XceiverServerRatis (XceiverServerRatis.java:handleLeaderChangedNotification(839)) - Leader change notification received for group: group-AA4C7B058E46 with new leaderId: a4d3af63-08de-4d4b-ab63-4aa1172cd052
2020-10-23 13:18:15,477 [a4d3af63-08de-4d4b-ab63-4aa1172cd052@group-AA4C7B058E46-LeaderElection7] INFO  impl.RaftServerImpl (ServerState.java:setLeader(256)) - a4d3af63-08de-4d4b-ab63-4aa1172cd052@group-AA4C7B058E46: change Leader from null to a4d3af63-08de-4d4b-ab63-4aa1172cd052 at term 1 for becomeLeader, leader elected after 5122ms
2020-10-23 13:18:15,477 [a4d3af63-08de-4d4b-ab63-4aa1172cd052@group-AA4C7B058E46-LeaderElection7] INFO  server.RaftServerConfigKeys (ConfUtils.java:logGet(44)) - raft.server.staging.catchup.gap = 1000 (default)
2020-10-23 13:18:15,477 [a4d3af63-08de-4d4b-ab63-4aa1172cd052@group-AA4C7B058E46-LeaderElection7] INFO  server.RaftServerConfigKeys (ConfUtils.java:logGet(44)) - raft.server.rpc.sleep.time = 25ms (default)
2020-10-23 13:18:15,477 [a4d3af63-08de-4d4b-ab63-4aa1172cd052@group-AA4C7B058E46-LeaderElection7] INFO  metrics.RatisMetrics (RatisMetrics.java:lambda$create$0(36)) - Creating Metrics Registry : ratis.log_appender.a4d3af63-08de-4d4b-ab63-4aa1172cd052@group-AA4C7B058E46
2020-10-23 13:18:15,478 [a4d3af63-08de-4d4b-ab63-4aa1172cd052@group-AA4C7B058E46-LeaderElection7] INFO  server.RaftServerConfigKeys (ConfUtils.java:logGet(44)) - raft.server.write.element-limit = 1024 (custom)
2020-10-23 13:18:15,479 [a4d3af63-08de-4d4b-ab63-4aa1172cd052@group-AA4C7B058E46-LeaderElection7] INFO  server.RaftServerConfigKeys (ConfUtils.java:logGet(44)) - raft.server.write.byte-limit = 1073741824 (custom)
2020-10-23 13:18:15,479 [a4d3af63-08de-4d4b-ab63-4aa1172cd052@group-AA4C7B058E46-LeaderElection7] INFO  server.RaftServerConfigKeys (ConfUtils.java:logGet(44)) - raft.server.watch.timeout = 180s (custom)
2020-10-23 13:18:15,479 [a4d3af63-08de-4d4b-ab63-4aa1172cd052@group-AA4C7B058E46-LeaderElection7] INFO  server.RaftServerConfigKeys (ConfUtils.java:logGet(44)) - raft.server.watch.timeout.denomination = 1s (default)
2020-10-23 13:18:15,479 [a4d3af63-08de-4d4b-ab63-4aa1172cd052@group-AA4C7B058E46-LeaderElection7] INFO  server.RaftServerConfigKeys (ConfUtils.java:logGet(44)) - raft.server.watch.element-limit = 65536 (default)
2020-10-23 13:18:15,480 [a4d3af63-08de-4d4b-ab63-4aa1172cd052@group-AA4C7B058E46-LeaderElection7] INFO  impl.RoleInfo (RoleInfo.java:updateAndGet(143)) - a4d3af63-08de-4d4b-ab63-4aa1172cd052: start LeaderState
2020-10-23 13:18:15,480 [a4d3af63-08de-4d4b-ab63-4aa1172cd052@group-AA4C7B058E46-LeaderElection7] INFO  segmented.SegmentedRaftLogWorker (SegmentedRaftLogWorker.java:startLogSegment(397)) - a4d3af63-08de-4d4b-ab63-4aa1172cd052@group-AA4C7B058E46-SegmentedRaftLogWorker: Starting segment from index:0
2020-10-23 13:18:15,483 [a4d3af63-08de-4d4b-ab63-4aa1172cd052@group-AA4C7B058E46-SegmentedRaftLogWorker] INFO  segmented.SegmentedRaftLogWorker (SegmentedRaftLogWorker.java:execute(596)) - a4d3af63-08de-4d4b-ab63-4aa1172cd052@group-AA4C7B058E46-SegmentedRaftLogWorker: created new log segment /github/workspace/mnt/ozone/hadoop-ozone/integration-test/target/test-dir/MiniOzoneClusterImpl-268cb0c2-3227-45ab-9618-d290d5ae62e2/datanode-1/data/ratis/c7818600-0599-43d7-8e5c-aa4c7b058e46/current/log_inprogress_0
2020-10-23 13:18:15,486 [a4d3af63-08de-4d4b-ab63-4aa1172cd052@group-AA4C7B058E46-LeaderElection7] INFO  impl.RaftServerImpl (ServerState.java:setRaftConf(374)) - a4d3af63-08de-4d4b-ab63-4aa1172cd052@group-AA4C7B058E46: set configuration 0: [a4d3af63-08de-4d4b-ab63-4aa1172cd052:172.17.0.2:35117:0], old=null at 0
2020-10-23 13:18:15,656 [Listener at 127.0.0.1/11792] INFO  ozone.MiniOzoneClusterImpl (MiniOzoneClusterImpl.java:lambda$waitForClusterToBeReady$0(177)) - Nodes are ready. Got 3 of 3 DN Heartbeats.
2020-10-23 13:18:15,657 [Listener at 127.0.0.1/11792] INFO  ozone.MiniOzoneClusterImpl (MiniOzoneClusterImpl.java:lambda$waitForClusterToBeReady$0(180)) - Cluster exits safe mode
2020-10-23 13:18:15,812 [Thread-319] INFO  impl.FollowerState (FollowerState.java:run(108)) - 7e15bd9e-19dc-432d-ab4a-c89a4e0db555@group-F18C66F5B88A-FollowerState: change to CANDIDATE, lastRpcTime:5146ms, electionTimeout:5145ms
2020-10-23 13:18:15,812 [Thread-319] INFO  impl.RoleInfo (RoleInfo.java:shutdownFollowerState(121)) - 7e15bd9e-19dc-432d-ab4a-c89a4e0db555: shutdown FollowerState
2020-10-23 13:18:15,812 [Thread-319] INFO  impl.RaftServerImpl (RaftServerImpl.java:setRole(198)) - 7e15bd9e-19dc-432d-ab4a-c89a4e0db555@group-F18C66F5B88A: changes role from  FOLLOWER to CANDIDATE at term 0 for changeToCandidate
2020-10-23 13:18:15,812 [Thread-319] INFO  impl.RoleInfo (RoleInfo.java:updateAndGet(143)) - 7e15bd9e-19dc-432d-ab4a-c89a4e0db555: start LeaderElection
2020-10-23 13:18:15,823 [7e15bd9e-19dc-432d-ab4a-c89a4e0db555@group-F18C66F5B88A-LeaderElection8] INFO  impl.LeaderElection (LeaderElection.java:askForVotes(210)) - 7e15bd9e-19dc-432d-ab4a-c89a4e0db555@group-F18C66F5B88A-LeaderElection8: begin an election at term 1 for -1: [7e15bd9e-19dc-432d-ab4a-c89a4e0db555:172.17.0.2:39823:0], old=null
2020-10-23 13:18:15,823 [7e15bd9e-19dc-432d-ab4a-c89a4e0db555@group-F18C66F5B88A-LeaderElection8] INFO  impl.RoleInfo (RoleInfo.java:shutdownLeaderElection(134)) - 7e15bd9e-19dc-432d-ab4a-c89a4e0db555: shutdown LeaderElection
2020-10-23 13:18:15,823 [7e15bd9e-19dc-432d-ab4a-c89a4e0db555@group-F18C66F5B88A-LeaderElection8] INFO  impl.RaftServerImpl (RaftServerImpl.java:setRole(198)) - 7e15bd9e-19dc-432d-ab4a-c89a4e0db555@group-F18C66F5B88A: changes role from CANDIDATE to LEADER at term 1 for changeToLeader
2020-10-23 13:18:15,823 [7e15bd9e-19dc-432d-ab4a-c89a4e0db555@group-F18C66F5B88A-LeaderElection8] INFO  ratis.XceiverServerRatis (XceiverServerRatis.java:handleLeaderChangedNotification(839)) - Leader change notification received for group: group-F18C66F5B88A with new leaderId: 7e15bd9e-19dc-432d-ab4a-c89a4e0db555
2020-10-23 13:18:15,823 [7e15bd9e-19dc-432d-ab4a-c89a4e0db555@group-F18C66F5B88A-LeaderElection8] INFO  impl.RaftServerImpl (ServerState.java:setLeader(256)) - 7e15bd9e-19dc-432d-ab4a-c89a4e0db555@group-F18C66F5B88A: change Leader from null to 7e15bd9e-19dc-432d-ab4a-c89a4e0db555 at term 1 for becomeLeader, leader elected after 5164ms
2020-10-23 13:18:15,823 [7e15bd9e-19dc-432d-ab4a-c89a4e0db555@group-F18C66F5B88A-LeaderElection8] INFO  server.RaftServerConfigKeys (ConfUtils.java:logGet(44)) - raft.server.staging.catchup.gap = 1000 (default)
2020-10-23 13:18:15,823 [7e15bd9e-19dc-432d-ab4a-c89a4e0db555@group-F18C66F5B88A-LeaderElection8] INFO  server.RaftServerConfigKeys (ConfUtils.java:logGet(44)) - raft.server.rpc.sleep.time = 25ms (default)
2020-10-23 13:18:15,823 [7e15bd9e-19dc-432d-ab4a-c89a4e0db555@group-F18C66F5B88A-LeaderElection8] INFO  metrics.RatisMetrics (RatisMetrics.java:lambda$create$0(36)) - Creating Metrics Registry : ratis.log_appender.7e15bd9e-19dc-432d-ab4a-c89a4e0db555@group-F18C66F5B88A
2020-10-23 13:18:15,824 [7e15bd9e-19dc-432d-ab4a-c89a4e0db555@group-F18C66F5B88A-LeaderElection8] INFO  server.RaftServerConfigKeys (ConfUtils.java:logGet(44)) - raft.server.write.element-limit = 1024 (custom)
2020-10-23 13:18:15,824 [7e15bd9e-19dc-432d-ab4a-c89a4e0db555@group-F18C66F5B88A-LeaderElection8] INFO  server.RaftServerConfigKeys (ConfUtils.java:logGet(44)) - raft.server.write.byte-limit = 1073741824 (custom)
2020-10-23 13:18:15,824 [7e15bd9e-19dc-432d-ab4a-c89a4e0db555@group-F18C66F5B88A-LeaderElection8] INFO  server.RaftServerConfigKeys (ConfUtils.java:logGet(44)) - raft.server.watch.timeout = 180s (custom)
2020-10-23 13:18:15,824 [7e15bd9e-19dc-432d-ab4a-c89a4e0db555@group-F18C66F5B88A-LeaderElection8] INFO  server.RaftServerConfigKeys (ConfUtils.java:logGet(44)) - raft.server.watch.timeout.denomination = 1s (default)
2020-10-23 13:18:15,824 [7e15bd9e-19dc-432d-ab4a-c89a4e0db555@group-F18C66F5B88A-LeaderElection8] INFO  server.RaftServerConfigKeys (ConfUtils.java:logGet(44)) - raft.server.watch.element-limit = 65536 (default)
2020-10-23 13:18:15,824 [7e15bd9e-19dc-432d-ab4a-c89a4e0db555@group-F18C66F5B88A-LeaderElection8] INFO  impl.RoleInfo (RoleInfo.java:updateAndGet(143)) - 7e15bd9e-19dc-432d-ab4a-c89a4e0db555: start LeaderState
2020-10-23 13:18:15,825 [7e15bd9e-19dc-432d-ab4a-c89a4e0db555@group-F18C66F5B88A-LeaderElection8] INFO  segmented.SegmentedRaftLogWorker (SegmentedRaftLogWorker.java:startLogSegment(397)) - 7e15bd9e-19dc-432d-ab4a-c89a4e0db555@group-F18C66F5B88A-SegmentedRaftLogWorker: Starting segment from index:0
2020-10-23 13:18:15,836 [7e15bd9e-19dc-432d-ab4a-c89a4e0db555@group-F18C66F5B88A-SegmentedRaftLogWorker] INFO  segmented.SegmentedRaftLogWorker (SegmentedRaftLogWorker.java:execute(596)) - 7e15bd9e-19dc-432d-ab4a-c89a4e0db555@group-F18C66F5B88A-SegmentedRaftLogWorker: created new log segment /github/workspace/mnt/ozone/hadoop-ozone/integration-test/target/test-dir/MiniOzoneClusterImpl-268cb0c2-3227-45ab-9618-d290d5ae62e2/datanode-2/data/ratis/d4149e72-a43d-4158-b2d7-f18c66f5b88a/current/log_inprogress_0
2020-10-23 13:18:15,840 [7e15bd9e-19dc-432d-ab4a-c89a4e0db555@group-F18C66F5B88A-LeaderElection8] INFO  impl.RaftServerImpl (ServerState.java:setRaftConf(374)) - 7e15bd9e-19dc-432d-ab4a-c89a4e0db555@group-F18C66F5B88A: set configuration 0: [7e15bd9e-19dc-432d-ab4a-c89a4e0db555:172.17.0.2:39823:0], old=null at 0
2020-10-23 13:18:16,019 [IPC Server handler 3 on default port 11780] INFO  ipc.Server (Server.java:logException(2976)) - IPC Server handler 3 on default port 11780, call Call#38 Retry#0 org.apache.hadoop.ozone.om.protocol.OzoneManagerProtocol.submitRequest from 127.0.0.1:41484
org.apache.hadoop.ozone.om.exceptions.OMNotLeaderException: OM:omNode-1 is not the leader. Suggested leader is OM:omNode-3.
	at org.apache.hadoop.ozone.protocolPB.OzoneManagerProtocolServerSideTranslatorPB.createNotLeaderException(OzoneManagerProtocolServerSideTranslatorPB.java:198)
	at org.apache.hadoop.ozone.protocolPB.OzoneManagerProtocolServerSideTranslatorPB.submitReadRequestToOM(OzoneManagerProtocolServerSideTranslatorPB.java:186)
	at org.apache.hadoop.ozone.protocolPB.OzoneManagerProtocolServerSideTranslatorPB.processRequest(OzoneManagerProtocolServerSideTranslatorPB.java:123)
	at org.apache.hadoop.hdds.server.OzoneProtocolMessageDispatcher.processRequest(OzoneProtocolMessageDispatcher.java:87)
	at org.apache.hadoop.ozone.protocolPB.OzoneManagerProtocolServerSideTranslatorPB.submitRequest(OzoneManagerProtocolServerSideTranslatorPB.java:113)
	at org.apache.hadoop.ozone.protocol.proto.OzoneManagerProtocolProtos$OzoneManagerService$2.callBlockingMethod(OzoneManagerProtocolProtos.java)
	at org.apache.hadoop.ipc.ProtobufRpcEngine$Server$ProtoBufRpcInvoker.call(ProtobufRpcEngine.java:528)
	at org.apache.hadoop.ipc.RPC$Server.call(RPC.java:1070)
	at org.apache.hadoop.ipc.Server$RpcCall.run(Server.java:999)
	at org.apache.hadoop.ipc.Server$RpcCall.run(Server.java:927)
	at java.security.AccessController.doPrivileged(Native Method)
	at javax.security.auth.Subject.doAs(Subject.java:422)
	at org.apache.hadoop.security.UserGroupInformation.doAs(UserGroupInformation.java:1730)
	at org.apache.hadoop.ipc.Server$Handler.run(Server.java:2915)
2020-10-23 13:18:16,039 [IPC Server handler 1 on default port 11786] INFO  ipc.Server (Server.java:logException(2976)) - IPC Server handler 1 on default port 11786, call Call#38 Retry#1 org.apache.hadoop.ozone.om.protocol.OzoneManagerProtocol.submitRequest from 127.0.0.1:48026
org.apache.hadoop.ozone.om.exceptions.OMNotLeaderException: OM:omNode-2 is not the leader. Suggested leader is OM:omNode-3.
	at org.apache.hadoop.ozone.protocolPB.OzoneManagerProtocolServerSideTranslatorPB.createNotLeaderException(OzoneManagerProtocolServerSideTranslatorPB.java:198)
	at org.apache.hadoop.ozone.protocolPB.OzoneManagerProtocolServerSideTranslatorPB.submitReadRequestToOM(OzoneManagerProtocolServerSideTranslatorPB.java:186)
	at org.apache.hadoop.ozone.protocolPB.OzoneManagerProtocolServerSideTranslatorPB.processRequest(OzoneManagerProtocolServerSideTranslatorPB.java:123)
	at org.apache.hadoop.hdds.server.OzoneProtocolMessageDispatcher.processRequest(OzoneProtocolMessageDispatcher.java:87)
	at org.apache.hadoop.ozone.protocolPB.OzoneManagerProtocolServerSideTranslatorPB.submitRequest(OzoneManagerProtocolServerSideTranslatorPB.java:113)
	at org.apache.hadoop.ozone.protocol.proto.OzoneManagerProtocolProtos$OzoneManagerService$2.callBlockingMethod(OzoneManagerProtocolProtos.java)
	at org.apache.hadoop.ipc.ProtobufRpcEngine$Server$ProtoBufRpcInvoker.call(ProtobufRpcEngine.java:528)
	at org.apache.hadoop.ipc.RPC$Server.call(RPC.java:1070)
	at org.apache.hadoop.ipc.Server$RpcCall.run(Server.java:999)
	at org.apache.hadoop.ipc.Server$RpcCall.run(Server.java:927)
	at java.security.AccessController.doPrivileged(Native Method)
	at javax.security.auth.Subject.doAs(Subject.java:422)
	at org.apache.hadoop.security.UserGroupInformation.doAs(UserGroupInformation.java:1730)
	at org.apache.hadoop.ipc.Server$Handler.run(Server.java:2915)
2020-10-23 13:18:16,040 [Listener at 127.0.0.1/11792] INFO  retry.RetryInvocationHandler (RetryInvocationHandler.java:log(411)) - com.google.protobuf.ServiceException: org.apache.hadoop.ipc.RemoteException(org.apache.hadoop.ozone.om.exceptions.OMNotLeaderException): OM:omNode-2 is not the leader. Suggested leader is OM:omNode-3.
	at org.apache.hadoop.ozone.protocolPB.OzoneManagerProtocolServerSideTranslatorPB.createNotLeaderException(OzoneManagerProtocolServerSideTranslatorPB.java:198)
	at org.apache.hadoop.ozone.protocolPB.OzoneManagerProtocolServerSideTranslatorPB.submitReadRequestToOM(OzoneManagerProtocolServerSideTranslatorPB.java:186)
	at org.apache.hadoop.ozone.protocolPB.OzoneManagerProtocolServerSideTranslatorPB.processRequest(OzoneManagerProtocolServerSideTranslatorPB.java:123)
	at org.apache.hadoop.hdds.server.OzoneProtocolMessageDispatcher.processRequest(OzoneProtocolMessageDispatcher.java:87)
	at org.apache.hadoop.ozone.protocolPB.OzoneManagerProtocolServerSideTranslatorPB.submitRequest(OzoneManagerProtocolServerSideTranslatorPB.java:113)
	at org.apache.hadoop.ozone.protocol.proto.OzoneManagerProtocolProtos$OzoneManagerService$2.callBlockingMethod(OzoneManagerProtocolProtos.java)
	at org.apache.hadoop.ipc.ProtobufRpcEngine$Server$ProtoBufRpcInvoker.call(ProtobufRpcEngine.java:528)
	at org.apache.hadoop.ipc.RPC$Server.call(RPC.java:1070)
	at org.apache.hadoop.ipc.Server$RpcCall.run(Server.java:999)
	at org.apache.hadoop.ipc.Server$RpcCall.run(Server.java:927)
	at java.security.AccessController.doPrivileged(Native Method)
	at javax.security.auth.Subject.doAs(Subject.java:422)
	at org.apache.hadoop.security.UserGroupInformation.doAs(UserGroupInformation.java:1730)
	at org.apache.hadoop.ipc.Server$Handler.run(Server.java:2915)
, while invoking $Proxy39.submitRequest over {omNode-3=nodeId=omNode-3,nodeAddress=127.0.0.1:11792, omNode-1=nodeId=omNode-1,nodeAddress=127.0.0.1:11780, omNode-2=nodeId=omNode-2,nodeAddress=127.0.0.1:11786} after 1 failover attempts. Trying to failover immediately.
2020-10-23 13:18:16,250 [Listener at 127.0.0.1/11792] INFO  rpc.RpcClient (RpcClient.java:createVolume(321)) - Creating Volume: 18ab4342-11e4-4efc-8265-b678b4897a37, with jenkins1001 as owner.
2020-10-23 13:18:16,406 [OM StateMachine ApplyTransaction Thread - 0] INFO  volume.OMVolumeCreateRequest (OMVolumeCreateRequest.java:validateAndUpdateCache(196)) - created volume:18ab4342-11e4-4efc-8265-b678b4897a37 for user:jenkins1001
2020-10-23 13:18:16,407 [OM StateMachine ApplyTransaction Thread - 0] INFO  volume.OMVolumeCreateRequest (OMVolumeCreateRequest.java:validateAndUpdateCache(196)) - created volume:18ab4342-11e4-4efc-8265-b678b4897a37 for user:jenkins1001
2020-10-23 13:18:16,407 [OM StateMachine ApplyTransaction Thread - 0] INFO  volume.OMVolumeCreateRequest (OMVolumeCreateRequest.java:validateAndUpdateCache(196)) - created volume:18ab4342-11e4-4efc-8265-b678b4897a37 for user:jenkins1001
2020-10-23 13:18:16,432 [OM StateMachine ApplyTransaction Thread - 0] INFO  volume.OMVolumeCreateRequest (OMVolumeCreateRequest.java:validateAndUpdateCache(196)) - created volume:eabb3572-76b8-4274-8c14-5bf9118f2815 for user:jenkins1001
2020-10-23 13:18:16,449 [OM StateMachine ApplyTransaction Thread - 0] INFO  volume.OMVolumeCreateRequest (OMVolumeCreateRequest.java:validateAndUpdateCache(196)) - created volume:eabb3572-76b8-4274-8c14-5bf9118f2815 for user:jenkins1001
2020-10-23 13:18:16,441 [OM StateMachine ApplyTransaction Thread - 0] INFO  volume.OMVolumeCreateRequest (OMVolumeCreateRequest.java:validateAndUpdateCache(196)) - created volume:eabb3572-76b8-4274-8c14-5bf9118f2815 for user:jenkins1001
2020-10-23 13:18:16,453 [Listener at 127.0.0.1/11792] INFO  ozone.MiniOzoneClusterImpl (MiniOzoneClusterImpl.java:shutdown(387)) - Shutting down the Mini Ozone Cluster
2020-10-23 13:18:16,453 [Listener at 127.0.0.1/11792] INFO  ozone.MiniOzoneHAClusterImpl (MiniOzoneHAClusterImpl.java:stop(230)) - Stopping the OzoneManager omNode-3
2020-10-23 13:18:16,453 [Listener at 127.0.0.1/11792] INFO  ipc.Server (Server.java:stop(3359)) - Stopping server on 11792
2020-10-23 13:18:16,458 [IPC Server listener on 11792] INFO  ipc.Server (Server.java:run(1330)) - Stopping IPC Server listener on 11792
2020-10-23 13:18:16,459 [IPC Server Responder] INFO  ipc.Server (Server.java:run(1465)) - Stopping IPC Server Responder
2020-10-23 13:18:16,460 [Listener at 127.0.0.1/11792] INFO  impl.RaftServerProxy (RaftServerProxy.java:lambda$close$4(322)) - omNode-3: close
2020-10-23 13:18:16,461 [Listener at 127.0.0.1/11792] INFO  impl.RaftServerImpl (RaftServerImpl.java:lambda$shutdown$3(321)) - omNode-3@group-523986131536: shutdown
2020-10-23 13:18:16,461 [Listener at 127.0.0.1/11792] INFO  util.JmxRegister (JmxRegister.java:unregister(73)) - Successfully un-registered JMX Bean with object name Ratis:service=RaftServer,group=group-523986131536,id=omNode-3
2020-10-23 13:18:16,461 [Listener at 127.0.0.1/11792] INFO  impl.RoleInfo (RoleInfo.java:shutdownLeaderState(104)) - omNode-3: shutdown LeaderState
2020-10-23 13:18:16,462 [Listener at 127.0.0.1/11792] INFO  metrics.RatisMetrics (RatisMetrics.java:unregister(43)) - Unregistering Metrics Registry : ratis_grpc.log_appender.omNode-3@group-523986131536
2020-10-23 13:18:16,463 [org.apache.ratis.server.impl.LogAppender$AppenderDaemon$$Lambda$362/84497375@1b2b135f] WARN  server.GrpcLogAppender (GrpcLogAppender.java:mayWait(168)) - omNode-3@group-523986131536->omNode-1-GrpcLogAppender: Wait interrupted by java.lang.InterruptedException
2020-10-23 13:18:16,465 [grpc-default-executor-5] INFO  server.GrpcServerProtocolService (GrpcServerProtocolService.java:onCompleted(138)) - omNode-1: Completed APPEND_ENTRIES, lastRequest: omNode-3->omNode-1#82-t2, previous=(t:2, i:3), leaderCommit=3, initializing? false, entries: size=1, first=(t:2, i:4), METADATAENTRY(c:3)
2020-10-23 13:18:16,470 [Listener at 127.0.0.1/11792] INFO  metrics.RatisMetrics (RatisMetrics.java:unregister(43)) - Unregistering Metrics Registry : ratis_grpc.log_appender.omNode-3@group-523986131536
2020-10-23 13:18:16,470 [Listener at 127.0.0.1/11792] INFO  impl.PendingRequests (PendingRequests.java:sendNotLeaderResponses(249)) - omNode-3@group-523986131536-PendingRequests: sendNotLeaderResponses
2020-10-23 13:18:16,466 [grpc-default-executor-4] INFO  server.GrpcLogAppender (GrpcLogAppender.java:onCompleted(336)) - omNode-3@group-523986131536->omNode-1-AppendLogResponseHandler: follower responses appendEntries COMPLETED
2020-10-23 13:18:16,470 [org.apache.ratis.server.impl.LogAppender$AppenderDaemon$$Lambda$362/84497375@679ca49d] WARN  server.GrpcLogAppender (GrpcLogAppender.java:mayWait(168)) - omNode-3@group-523986131536->omNode-2-GrpcLogAppender: Wait interrupted by java.lang.InterruptedException
2020-10-23 13:18:16,483 [grpc-default-executor-5] INFO  server.GrpcServerProtocolService (GrpcServerProtocolService.java:onCompleted(138)) - omNode-2: Completed APPEND_ENTRIES, lastRequest: omNode-3->omNode-2#84-t2, previous=(t:2, i:3), leaderCommit=3, initializing? false, entries: size=1, first=(t:2, i:4), METADATAENTRY(c:3)
2020-10-23 13:18:16,484 [grpc-default-executor-2] INFO  server.GrpcLogAppender (GrpcLogAppender.java:onCompleted(336)) - omNode-3@group-523986131536->omNode-2-AppendLogResponseHandler: follower responses appendEntries COMPLETED
2020-10-23 13:18:16,484 [grpc-default-executor-4] INFO  impl.FollowerInfo (FollowerInfo.java:lambda$new$0(51)) - omNode-3@group-523986131536->omNode-1: nextIndex: updateUnconditionally 5 -> 4
2020-10-23 13:18:16,490 [Listener at 127.0.0.1/11792] INFO  metrics.RatisMetrics (RatisMetrics.java:unregister(43)) - Unregistering Metrics Registry : ratis.log_appender.omNode-3@group-523986131536
2020-10-23 13:18:16,490 [Listener at 127.0.0.1/11792] INFO  metrics.RatisMetrics (RatisMetrics.java:unregister(43)) - Unregistering Metrics Registry : ratis.server.omNode-3@group-523986131536
2020-10-23 13:18:16,490 [Listener at 127.0.0.1/11792] INFO  impl.StateMachineUpdater (StateMachineUpdater.java:stopAndJoin(142)) - omNode-3@group-523986131536-StateMachineUpdater: set stopIndex = 4
2020-10-23 13:18:16,484 [grpc-default-executor-2] INFO  impl.FollowerInfo (FollowerInfo.java:lambda$new$0(51)) - omNode-3@group-523986131536->omNode-2: nextIndex: updateUnconditionally 5 -> 4
2020-10-23 13:18:16,491 [omNode-3@group-523986131536-StateMachineUpdater] INFO  ratis.OzoneManagerStateMachine (OzoneManagerStateMachine.java:takeSnapshot(345)) - Current Snapshot Index (t:2, i:4)
2020-10-23 13:18:16,492 [omNode-3@group-523986131536-StateMachineUpdater] INFO  impl.StateMachineUpdater (StateMachineUpdater.java:takeSnapshot(277)) - omNode-3@group-523986131536-StateMachineUpdater: Took a snapshot at index 4
2020-10-23 13:18:16,492 [omNode-3@group-523986131536-StateMachineUpdater] INFO  impl.StateMachineUpdater (StateMachineUpdater.java:lambda$new$0(87)) - omNode-3@group-523986131536-StateMachineUpdater: snapshotIndex: updateIncreasingly -1 -> 4
2020-10-23 13:18:16,492 [omNode-3@group-523986131536-StateMachineUpdater] INFO  metrics.RatisMetrics (RatisMetrics.java:unregister(43)) - Unregistering Metrics Registry : ratis.state_machine.omNode-3@group-523986131536
2020-10-23 13:18:16,493 [Listener at 127.0.0.1/11792] INFO  impl.RaftServerImpl (ServerState.java:close(405)) - omNode-3@group-523986131536: closes. applyIndex: 4
2020-10-23 13:18:16,494 [omNode-3@group-523986131536-SegmentedRaftLogWorker] INFO  segmented.SegmentedRaftLogWorker (SegmentedRaftLogWorker.java:run(327)) - omNode-3@group-523986131536-SegmentedRaftLogWorker was interrupted, exiting. There are 0 tasks remaining in the queue.
2020-10-23 13:18:16,495 [Listener at 127.0.0.1/11792] INFO  segmented.SegmentedRaftLogWorker (SegmentedRaftLogWorker.java:close(234)) - omNode-3@group-523986131536-SegmentedRaftLogWorker close()
2020-10-23 13:18:16,497 [Listener at 127.0.0.1/11792] INFO  metrics.RatisMetrics (RatisMetrics.java:unregister(43)) - Unregistering Metrics Registry : ratis.log_worker.omNode-3@group-523986131536
2020-10-23 13:18:16,497 [Listener at 127.0.0.1/11792] INFO  metrics.RatisMetrics (RatisMetrics.java:unregister(43)) - Unregistering Metrics Registry : ratis.leader_election.omNode-3@group-523986131536
2020-10-23 13:18:16,497 [Listener at 127.0.0.1/11792] INFO  metrics.RatisMetrics (RatisMetrics.java:unregister(43)) - Unregistering Metrics Registry : ratis.server.omNode-3@group-523986131536
2020-10-23 13:18:16,497 [Listener at 127.0.0.1/11792] INFO  server.GrpcService (GrpcService.java:closeImpl(183)) - omNode-3: shutdown server with port 11796 now
2020-10-23 13:18:16,514 [Listener at 127.0.0.1/11792] INFO  server.GrpcService (GrpcService.java:closeImpl(191)) - omNode-3: shutdown server with port 11796 successfully
2020-10-23 13:18:16,514 [Listener at 127.0.0.1/11792] INFO  ratis.OzoneManagerDoubleBuffer (OzoneManagerDoubleBuffer.java:stop(458)) - Stopping OMDoubleBuffer flush thread
2020-10-23 13:18:16,515 [OMDoubleBufferFlushThread] INFO  ratis.OzoneManagerDoubleBuffer (OzoneManagerDoubleBuffer.java:flushTransactions(357)) - OMDoubleBuffer flush thread OMDoubleBufferFlushThread is interrupted and will exit. OMDoubleBufferFlushThread
2020-10-23 13:18:16,515 [Listener at 127.0.0.1/11792] INFO  ratis.OzoneManagerStateMachine (HadoopExecutors.java:shutdown(118)) - Gracefully shutting down executor service. Waiting max 5 SECONDS
2020-10-23 13:18:16,516 [Listener at 127.0.0.1/11792] INFO  ratis.OzoneManagerStateMachine (HadoopExecutors.java:shutdown(129)) - Succesfully shutdown executor service
2020-10-23 13:18:16,516 [Listener at 127.0.0.1/11792] INFO  ratis.OzoneManagerStateMachine (HadoopExecutors.java:shutdown(118)) - Gracefully shutting down executor service. Waiting max 5 SECONDS
2020-10-23 13:18:16,516 [Listener at 127.0.0.1/11792] INFO  ratis.OzoneManagerStateMachine (HadoopExecutors.java:shutdown(129)) - Succesfully shutdown executor service
2020-10-23 13:18:16,516 [Listener at 127.0.0.1/11792] INFO  utils.BackgroundService (BackgroundService.java:shutdown(132)) - Shutting down service KeyDeletingService
2020-10-23 13:18:16,519 [Listener at 127.0.0.1/11792] INFO  handler.ContextHandler (ContextHandler.java:doStop(1016)) - Stopped o.e.j.w.WebAppContext@2693bd78{ozoneManager,/,null,UNAVAILABLE}{file:/github/workspace/mnt/ozone/hadoop-ozone/integration-test/target/test-classes/webapps/ozoneManager}
2020-10-23 13:18:16,523 [Listener at 127.0.0.1/11792] INFO  server.AbstractConnector (AbstractConnector.java:doStop(380)) - Stopped ServerConnector@71ff0341{HTTP/1.1,[http/1.1]}{0.0.0.0:11794}
2020-10-23 13:18:16,523 [Listener at 127.0.0.1/11792] INFO  server.session (HouseKeeper.java:stopScavenging(158)) - node0 Stopped scavenging
2020-10-23 13:18:16,524 [Listener at 127.0.0.1/11792] INFO  handler.ContextHandler (ContextHandler.java:doStop(1016)) - Stopped o.e.j.s.ServletContextHandler@23a68baf{static,/static,file:///github/workspace/mnt/ozone/hadoop-ozone/integration-test/target/test-classes/webapps/static,UNAVAILABLE}
2020-10-23 13:18:16,524 [Listener at 127.0.0.1/11792] INFO  handler.ContextHandler (ContextHandler.java:doStop(1016)) - Stopped o.e.j.s.ServletContextHandler@5e3d1880{logs,/logs,file:///github/workspace/mnt/ozone/hadoop-ozone/integration-test/target/log,UNAVAILABLE}
2020-10-23 13:18:16,527 [Listener at 127.0.0.1/11792] INFO  ozone.MiniOzoneHAClusterImpl (MiniOzoneHAClusterImpl.java:stop(230)) - Stopping the OzoneManager omNode-1
2020-10-23 13:18:16,527 [Listener at 127.0.0.1/11792] INFO  ipc.Server (Server.java:stop(3359)) - Stopping server on 11780
2020-10-23 13:18:16,530 [IPC Server listener on 11780] INFO  ipc.Server (Server.java:run(1330)) - Stopping IPC Server listener on 11780
2020-10-23 13:18:16,531 [IPC Server Responder] INFO  ipc.Server (Server.java:run(1465)) - Stopping IPC Server Responder
2020-10-23 13:18:16,531 [Listener at 127.0.0.1/11792] INFO  impl.RaftServerProxy (RaftServerProxy.java:lambda$close$4(322)) - omNode-1: close
2020-10-23 13:18:16,531 [Listener at 127.0.0.1/11792] INFO  impl.RaftServerImpl (RaftServerImpl.java:lambda$shutdown$3(321)) - omNode-1@group-523986131536: shutdown
2020-10-23 13:18:16,531 [Listener at 127.0.0.1/11792] INFO  util.JmxRegister (JmxRegister.java:unregister(73)) - Successfully un-registered JMX Bean with object name Ratis:service=RaftServer,group=group-523986131536,id=omNode-1
2020-10-23 13:18:16,531 [Listener at 127.0.0.1/11792] INFO  impl.RoleInfo (RoleInfo.java:shutdownFollowerState(121)) - omNode-1: shutdown FollowerState
2020-10-23 13:18:16,531 [Listener at 127.0.0.1/11792] INFO  impl.StateMachineUpdater (StateMachineUpdater.java:stopAndJoin(142)) - omNode-1@group-523986131536-StateMachineUpdater: set stopIndex = 3
2020-10-23 13:18:16,532 [omNode-1@group-523986131536-StateMachineUpdater] INFO  ratis.OzoneManagerStateMachine (OzoneManagerStateMachine.java:takeSnapshot(345)) - Current Snapshot Index (t:2, i:3)
2020-10-23 13:18:16,532 [omNode-1@group-523986131536-StateMachineUpdater] INFO  impl.StateMachineUpdater (StateMachineUpdater.java:takeSnapshot(277)) - omNode-1@group-523986131536-StateMachineUpdater: Took a snapshot at index 3
2020-10-23 13:18:16,532 [omNode-1@group-523986131536-StateMachineUpdater] INFO  impl.StateMachineUpdater (StateMachineUpdater.java:lambda$new$0(87)) - omNode-1@group-523986131536-StateMachineUpdater: snapshotIndex: updateIncreasingly -1 -> 3
2020-10-23 13:18:16,532 [omNode-1@group-523986131536-StateMachineUpdater] INFO  metrics.RatisMetrics (RatisMetrics.java:unregister(43)) - Unregistering Metrics Registry : ratis.state_machine.omNode-1@group-523986131536
2020-10-23 13:18:16,532 [Listener at 127.0.0.1/11792] INFO  impl.RaftServerImpl (ServerState.java:close(405)) - omNode-1@group-523986131536: closes. applyIndex: 3
2020-10-23 13:18:16,531 [Thread-258] INFO  impl.FollowerState (FollowerState.java:run(117)) - omNode-1@group-523986131536-FollowerState was interrupted: java.lang.InterruptedException: sleep interrupted
2020-10-23 13:18:16,532 [omNode-1@group-523986131536-SegmentedRaftLogWorker] INFO  segmented.SegmentedRaftLogWorker (SegmentedRaftLogWorker.java:run(327)) - omNode-1@group-523986131536-SegmentedRaftLogWorker was interrupted, exiting. There are 0 tasks remaining in the queue.
2020-10-23 13:18:16,534 [Listener at 127.0.0.1/11792] INFO  segmented.SegmentedRaftLogWorker (SegmentedRaftLogWorker.java:close(234)) - omNode-1@group-523986131536-SegmentedRaftLogWorker close()
2020-10-23 13:18:16,535 [Listener at 127.0.0.1/11792] INFO  metrics.RatisMetrics (RatisMetrics.java:unregister(43)) - Unregistering Metrics Registry : ratis.log_worker.omNode-1@group-523986131536
2020-10-23 13:18:16,536 [Listener at 127.0.0.1/11792] INFO  metrics.RatisMetrics (RatisMetrics.java:unregister(43)) - Unregistering Metrics Registry : ratis.leader_election.omNode-1@group-523986131536
2020-10-23 13:18:16,537 [Listener at 127.0.0.1/11792] INFO  metrics.RatisMetrics (RatisMetrics.java:unregister(43)) - Unregistering Metrics Registry : ratis.server.omNode-1@group-523986131536
2020-10-23 13:18:16,537 [Listener at 127.0.0.1/11792] INFO  server.GrpcService (GrpcService.java:closeImpl(183)) - omNode-1: shutdown server with port 11784 now
2020-10-23 13:18:16,543 [Listener at 127.0.0.1/11792] INFO  server.GrpcService (GrpcService.java:closeImpl(191)) - omNode-1: shutdown server with port 11784 successfully
2020-10-23 13:18:16,550 [Listener at 127.0.0.1/11792] INFO  ratis.OzoneManagerDoubleBuffer (OzoneManagerDoubleBuffer.java:stop(458)) - Stopping OMDoubleBuffer flush thread
2020-10-23 13:18:16,550 [OMDoubleBufferFlushThread] INFO  ratis.OzoneManagerDoubleBuffer (OzoneManagerDoubleBuffer.java:flushTransactions(357)) - OMDoubleBuffer flush thread OMDoubleBufferFlushThread is interrupted and will exit. OMDoubleBufferFlushThread
2020-10-23 13:18:16,551 [Listener at 127.0.0.1/11792] INFO  ratis.OzoneManagerStateMachine (HadoopExecutors.java:shutdown(118)) - Gracefully shutting down executor service. Waiting max 5 SECONDS
2020-10-23 13:18:16,551 [Listener at 127.0.0.1/11792] INFO  ratis.OzoneManagerStateMachine (HadoopExecutors.java:shutdown(129)) - Succesfully shutdown executor service
2020-10-23 13:18:16,551 [Listener at 127.0.0.1/11792] INFO  ratis.OzoneManagerStateMachine (HadoopExecutors.java:shutdown(118)) - Gracefully shutting down executor service. Waiting max 5 SECONDS
2020-10-23 13:18:16,551 [Listener at 127.0.0.1/11792] INFO  ratis.OzoneManagerStateMachine (HadoopExecutors.java:shutdown(129)) - Succesfully shutdown executor service
2020-10-23 13:18:16,551 [Listener at 127.0.0.1/11792] INFO  utils.BackgroundService (BackgroundService.java:shutdown(132)) - Shutting down service KeyDeletingService
2020-10-23 13:18:16,552 [Listener at 127.0.0.1/11792] INFO  handler.ContextHandler (ContextHandler.java:doStop(1016)) - Stopped o.e.j.w.WebAppContext@7566f2b1{ozoneManager,/,null,UNAVAILABLE}{file:/github/workspace/mnt/ozone/hadoop-ozone/integration-test/target/test-classes/webapps/ozoneManager}
2020-10-23 13:18:16,553 [Listener at 127.0.0.1/11792] INFO  server.AbstractConnector (AbstractConnector.java:doStop(380)) - Stopped ServerConnector@2ba536c4{HTTP/1.1,[http/1.1]}{0.0.0.0:11782}
2020-10-23 13:18:16,553 [Listener at 127.0.0.1/11792] INFO  server.session (HouseKeeper.java:stopScavenging(158)) - node0 Stopped scavenging
2020-10-23 13:18:16,554 [Listener at 127.0.0.1/11792] INFO  handler.ContextHandler (ContextHandler.java:doStop(1016)) - Stopped o.e.j.s.ServletContextHandler@1b1cd384{static,/static,file:///github/workspace/mnt/ozone/hadoop-ozone/integration-test/target/test-classes/webapps/static,UNAVAILABLE}
2020-10-23 13:18:16,554 [Listener at 127.0.0.1/11792] INFO  handler.ContextHandler (ContextHandler.java:doStop(1016)) - Stopped o.e.j.s.ServletContextHandler@7b728d41{logs,/logs,file:///github/workspace/mnt/ozone/hadoop-ozone/integration-test/target/log,UNAVAILABLE}
2020-10-23 13:18:16,558 [Listener at 127.0.0.1/11792] INFO  ozone.MiniOzoneHAClusterImpl (MiniOzoneHAClusterImpl.java:stop(230)) - Stopping the OzoneManager omNode-2
2020-10-23 13:18:16,558 [Listener at 127.0.0.1/11792] INFO  ipc.Server (Server.java:stop(3359)) - Stopping server on 11786
2020-10-23 13:18:16,562 [IPC Server listener on 11786] INFO  ipc.Server (Server.java:run(1330)) - Stopping IPC Server listener on 11786
2020-10-23 13:18:16,563 [IPC Server Responder] INFO  ipc.Server (Server.java:run(1465)) - Stopping IPC Server Responder
2020-10-23 13:18:16,563 [Listener at 127.0.0.1/11792] INFO  impl.RaftServerProxy (RaftServerProxy.java:lambda$close$4(322)) - omNode-2: close
2020-10-23 13:18:16,563 [Listener at 127.0.0.1/11792] INFO  impl.RaftServerImpl (RaftServerImpl.java:lambda$shutdown$3(321)) - omNode-2@group-523986131536: shutdown
2020-10-23 13:18:16,564 [Listener at 127.0.0.1/11792] INFO  util.JmxRegister (JmxRegister.java:unregister(73)) - Successfully un-registered JMX Bean with object name Ratis:service=RaftServer,group=group-523986131536,id=omNode-2
2020-10-23 13:18:16,564 [Listener at 127.0.0.1/11792] INFO  impl.RoleInfo (RoleInfo.java:shutdownFollowerState(121)) - omNode-2: shutdown FollowerState
2020-10-23 13:18:16,564 [Thread-257] INFO  impl.FollowerState (FollowerState.java:run(117)) - omNode-2@group-523986131536-FollowerState was interrupted: java.lang.InterruptedException: sleep interrupted
2020-10-23 13:18:16,564 [Listener at 127.0.0.1/11792] INFO  impl.StateMachineUpdater (StateMachineUpdater.java:stopAndJoin(142)) - omNode-2@group-523986131536-StateMachineUpdater: set stopIndex = 3
2020-10-23 13:18:16,565 [omNode-2@group-523986131536-StateMachineUpdater] INFO  ratis.OzoneManagerStateMachine (OzoneManagerStateMachine.java:takeSnapshot(345)) - Current Snapshot Index (t:2, i:3)
2020-10-23 13:18:16,565 [omNode-2@group-523986131536-StateMachineUpdater] INFO  impl.StateMachineUpdater (StateMachineUpdater.java:takeSnapshot(277)) - omNode-2@group-523986131536-StateMachineUpdater: Took a snapshot at index 3
2020-10-23 13:18:16,565 [omNode-2@group-523986131536-StateMachineUpdater] INFO  impl.StateMachineUpdater (StateMachineUpdater.java:lambda$new$0(87)) - omNode-2@group-523986131536-StateMachineUpdater: snapshotIndex: updateIncreasingly -1 -> 3
2020-10-23 13:18:16,565 [omNode-2@group-523986131536-StateMachineUpdater] INFO  metrics.RatisMetrics (RatisMetrics.java:unregister(43)) - Unregistering Metrics Registry : ratis.state_machine.omNode-2@group-523986131536
2020-10-23 13:18:16,565 [Listener at 127.0.0.1/11792] INFO  impl.RaftServerImpl (ServerState.java:close(405)) - omNode-2@group-523986131536: closes. applyIndex: 3
2020-10-23 13:18:16,566 [omNode-2@group-523986131536-SegmentedRaftLogWorker] INFO  segmented.SegmentedRaftLogWorker (SegmentedRaftLogWorker.java:run(327)) - omNode-2@group-523986131536-SegmentedRaftLogWorker was interrupted, exiting. There are 0 tasks remaining in the queue.
2020-10-23 13:18:16,567 [Listener at 127.0.0.1/11792] INFO  segmented.SegmentedRaftLogWorker (SegmentedRaftLogWorker.java:close(234)) - omNode-2@group-523986131536-SegmentedRaftLogWorker close()
2020-10-23 13:18:16,569 [Listener at 127.0.0.1/11792] INFO  metrics.RatisMetrics (RatisMetrics.java:unregister(43)) - Unregistering Metrics Registry : ratis.log_worker.omNode-2@group-523986131536
2020-10-23 13:18:16,569 [Listener at 127.0.0.1/11792] INFO  metrics.RatisMetrics (RatisMetrics.java:unregister(43)) - Unregistering Metrics Registry : ratis.leader_election.omNode-2@group-523986131536
2020-10-23 13:18:16,569 [Listener at 127.0.0.1/11792] INFO  metrics.RatisMetrics (RatisMetrics.java:unregister(43)) - Unregistering Metrics Registry : ratis.server.omNode-2@group-523986131536
2020-10-23 13:18:16,569 [Listener at 127.0.0.1/11792] INFO  server.GrpcService (GrpcService.java:closeImpl(183)) - omNode-2: shutdown server with port 11790 now
2020-10-23 13:18:16,571 [Listener at 127.0.0.1/11792] INFO  server.GrpcService (GrpcService.java:closeImpl(191)) - omNode-2: shutdown server with port 11790 successfully
2020-10-23 13:18:16,571 [Listener at 127.0.0.1/11792] INFO  ratis.OzoneManagerDoubleBuffer (OzoneManagerDoubleBuffer.java:stop(458)) - Stopping OMDoubleBuffer flush thread
2020-10-23 13:18:16,571 [OMDoubleBufferFlushThread] INFO  ratis.OzoneManagerDoubleBuffer (OzoneManagerDoubleBuffer.java:flushTransactions(357)) - OMDoubleBuffer flush thread OMDoubleBufferFlushThread is interrupted and will exit. OMDoubleBufferFlushThread
2020-10-23 13:18:16,571 [Listener at 127.0.0.1/11792] INFO  ratis.OzoneManagerStateMachine (HadoopExecutors.java:shutdown(118)) - Gracefully shutting down executor service. Waiting max 5 SECONDS
2020-10-23 13:18:16,572 [Listener at 127.0.0.1/11792] INFO  ratis.OzoneManagerStateMachine (HadoopExecutors.java:shutdown(129)) - Succesfully shutdown executor service
2020-10-23 13:18:16,572 [Listener at 127.0.0.1/11792] INFO  ratis.OzoneManagerStateMachine (HadoopExecutors.java:shutdown(118)) - Gracefully shutting down executor service. Waiting max 5 SECONDS
2020-10-23 13:18:16,572 [Listener at 127.0.0.1/11792] INFO  ratis.OzoneManagerStateMachine (HadoopExecutors.java:shutdown(129)) - Succesfully shutdown executor service
2020-10-23 13:18:16,572 [Listener at 127.0.0.1/11792] INFO  utils.BackgroundService (BackgroundService.java:shutdown(132)) - Shutting down service KeyDeletingService
2020-10-23 13:18:16,573 [Listener at 127.0.0.1/11792] INFO  handler.ContextHandler (ContextHandler.java:doStop(1016)) - Stopped o.e.j.w.WebAppContext@4939964a{ozoneManager,/,null,UNAVAILABLE}{file:/github/workspace/mnt/ozone/hadoop-ozone/integration-test/target/test-classes/webapps/ozoneManager}
2020-10-23 13:18:16,574 [Listener at 127.0.0.1/11792] INFO  server.AbstractConnector (AbstractConnector.java:doStop(380)) - Stopped ServerConnector@5e9e1344{HTTP/1.1,[http/1.1]}{0.0.0.0:11788}
2020-10-23 13:18:16,574 [Listener at 127.0.0.1/11792] INFO  server.session (HouseKeeper.java:stopScavenging(158)) - node0 Stopped scavenging
2020-10-23 13:18:16,574 [Listener at 127.0.0.1/11792] INFO  handler.ContextHandler (ContextHandler.java:doStop(1016)) - Stopped o.e.j.s.ServletContextHandler@6800df31{static,/static,file:///github/workspace/mnt/ozone/hadoop-ozone/integration-test/target/test-classes/webapps/static,UNAVAILABLE}
2020-10-23 13:18:16,574 [Listener at 127.0.0.1/11792] INFO  handler.ContextHandler (ContextHandler.java:doStop(1016)) - Stopped o.e.j.s.ServletContextHandler@1c1ef8c6{logs,/logs,file:///github/workspace/mnt/ozone/hadoop-ozone/integration-test/target/log,UNAVAILABLE}
2020-10-23 13:18:16,576 [Listener at 127.0.0.1/11792] INFO  ozone.MiniOzoneClusterImpl (MiniOzoneClusterImpl.java:stop(402)) - Stopping the Mini Ozone Cluster
2020-10-23 13:18:16,576 [Listener at 127.0.0.1/11792] INFO  ozone.MiniOzoneClusterImpl (MiniOzoneClusterImpl.java:stopDatanodes(461)) - Stopping the HddsDatanodes
2020-10-23 13:18:17,110 [Datanode State Machine Thread - 0] INFO  statemachine.DatanodeStateMachine (DatanodeStateMachine.java:lambda$startDaemon$0(405)) - Ozone container server started.
2020-10-23 13:18:17,479 [Datanode State Machine Thread - 0] INFO  statemachine.DatanodeStateMachine (DatanodeStateMachine.java:lambda$startDaemon$0(405)) - Ozone container server started.
2020-10-23 13:18:18,134 [EventQueue-Delayed safe mode statusForReplicationManager] INFO  container.ReplicationManager (ReplicationManager.java:start(178)) - Starting Replication Monitor Thread.
2020-10-23 13:18:18,136 [ReplicationMonitor] INFO  container.ReplicationManager (ReplicationManager.java:run(242)) - Replication Monitor Thread took 1 milliseconds for processing 0 containers.
2020-10-23 13:18:21,579 [Listener at 127.0.0.1/11792] INFO  ozoneimpl.OzoneContainer (OzoneContainer.java:stop(259)) - Attempting to stop container services.
2020-10-23 13:18:21,579 [ForkJoinPool.commonPool-worker-1] INFO  ozoneimpl.OzoneContainer (OzoneContainer.java:stop(259)) - Attempting to stop container services.
2020-10-23 13:18:21,579 [Listener at 127.0.0.1/11792] INFO  impl.RaftServerProxy (RaftServerProxy.java:lambda$close$4(322)) - a4d3af63-08de-4d4b-ab63-4aa1172cd052: close
2020-10-23 13:18:21,580 [Listener at 127.0.0.1/11792] INFO  impl.RaftServerImpl (RaftServerImpl.java:lambda$shutdown$3(321)) - a4d3af63-08de-4d4b-ab63-4aa1172cd052@group-F32C89EB630A: shutdown
2020-10-23 13:18:21,580 [Listener at 127.0.0.1/11792] INFO  util.JmxRegister (JmxRegister.java:unregister(73)) - Successfully un-registered JMX Bean with object name Ratis:service=RaftServer,group=group-F32C89EB630A,id=a4d3af63-08de-4d4b-ab63-4aa1172cd052
2020-10-23 13:18:21,580 [Listener at 127.0.0.1/11792] INFO  impl.RoleInfo (RoleInfo.java:shutdownFollowerState(121)) - a4d3af63-08de-4d4b-ab63-4aa1172cd052: shutdown FollowerState
2020-10-23 13:18:21,581 [ForkJoinPool.commonPool-worker-1] INFO  impl.RaftServerProxy (RaftServerProxy.java:lambda$close$4(322)) - 98150d0f-da65-4af0-8be7-aade3971ef2c: close
2020-10-23 13:18:21,581 [ForkJoinPool.commonPool-worker-1] INFO  impl.RaftServerImpl (RaftServerImpl.java:lambda$shutdown$3(321)) - 98150d0f-da65-4af0-8be7-aade3971ef2c@group-F32C89EB630A: shutdown
2020-10-23 13:18:21,581 [ForkJoinPool.commonPool-worker-1] INFO  util.JmxRegister (JmxRegister.java:unregister(73)) - Successfully un-registered JMX Bean with object name Ratis:service=RaftServer,group=group-F32C89EB630A,id=98150d0f-da65-4af0-8be7-aade3971ef2c
2020-10-23 13:18:21,581 [ForkJoinPool.commonPool-worker-1] INFO  impl.RoleInfo (RoleInfo.java:shutdownLeaderState(104)) - 98150d0f-da65-4af0-8be7-aade3971ef2c: shutdown LeaderState
2020-10-23 13:18:21,581 [ForkJoinPool.commonPool-worker-1] INFO  metrics.RatisMetrics (RatisMetrics.java:unregister(43)) - Unregistering Metrics Registry : ratis_grpc.log_appender.98150d0f-da65-4af0-8be7-aade3971ef2c@group-F32C89EB630A
2020-10-23 13:18:21,582 [Thread-342] INFO  impl.FollowerState (FollowerState.java:run(117)) - a4d3af63-08de-4d4b-ab63-4aa1172cd052@group-F32C89EB630A-FollowerState was interrupted: java.lang.InterruptedException: sleep interrupted
2020-10-23 13:18:21,584 [ForkJoinPool.commonPool-worker-1] INFO  metrics.RatisMetrics (RatisMetrics.java:unregister(43)) - Unregistering Metrics Registry : ratis_grpc.log_appender.98150d0f-da65-4af0-8be7-aade3971ef2c@group-F32C89EB630A
2020-10-23 13:18:21,585 [a4d3af63-08de-4d4b-ab63-4aa1172cd052@group-F32C89EB630A-StateMachineUpdater] INFO  ratis.ContainerStateMachine (ContainerStateMachine.java:takeSnapshot(293)) - group-F32C89EB630A: Taking a snapshot at:(t:1, i:0) file /github/workspace/mnt/ozone/hadoop-ozone/integration-test/target/test-dir/MiniOzoneClusterImpl-268cb0c2-3227-45ab-9618-d290d5ae62e2/datanode-1/data/ratis/e4588e7a-b9ac-4cc5-a406-f32c89eb630a/sm/snapshot.1_0
2020-10-23 13:18:21,587 [org.apache.ratis.server.impl.LogAppender$AppenderDaemon$$Lambda$362/84497375@29504641] WARN  server.GrpcLogAppender (GrpcLogAppender.java:mayWait(168)) - 98150d0f-da65-4af0-8be7-aade3971ef2c@group-F32C89EB630A->a4d3af63-08de-4d4b-ab63-4aa1172cd052-GrpcLogAppender: Wait interrupted by java.lang.InterruptedException
2020-10-23 13:18:21,587 [Listener at 127.0.0.1/11792] INFO  impl.StateMachineUpdater (StateMachineUpdater.java:stopAndJoin(142)) - a4d3af63-08de-4d4b-ab63-4aa1172cd052@group-F32C89EB630A-StateMachineUpdater: set stopIndex = 0
2020-10-23 13:18:21,589 [grpc-default-executor-5] INFO  server.GrpcServerProtocolService (GrpcServerProtocolService.java:onCompleted(138)) - a4d3af63-08de-4d4b-ab63-4aa1172cd052: Completed APPEND_ENTRIES, lastRequest: 98150d0f-da65-4af0-8be7-aade3971ef2c->a4d3af63-08de-4d4b-ab63-4aa1172cd052#1-t1, previous=(t:0, i:0), leaderCommit=0, initializing? false, entries: size=1, first=(t:1, i:0), CONFIGURATIONENTRY
2020-10-23 13:18:21,592 [grpc-default-executor-5] INFO  server.GrpcLogAppender (GrpcLogAppender.java:onCompleted(336)) - 98150d0f-da65-4af0-8be7-aade3971ef2c@group-F32C89EB630A->a4d3af63-08de-4d4b-ab63-4aa1172cd052-AppendLogResponseHandler: follower responses appendEntries COMPLETED
2020-10-23 13:18:21,592 [grpc-default-executor-5] INFO  impl.FollowerInfo (FollowerInfo.java:lambda$new$0(51)) - 98150d0f-da65-4af0-8be7-aade3971ef2c@group-F32C89EB630A->a4d3af63-08de-4d4b-ab63-4aa1172cd052: nextIndex: updateUnconditionally 1 -> 0
2020-10-23 13:18:21,584 [ForkJoinPool.commonPool-worker-1] INFO  impl.PendingRequests (PendingRequests.java:sendNotLeaderResponses(249)) - 98150d0f-da65-4af0-8be7-aade3971ef2c@group-F32C89EB630A-PendingRequests: sendNotLeaderResponses
2020-10-23 13:18:21,592 [ForkJoinPool.commonPool-worker-1] INFO  metrics.RatisMetrics (RatisMetrics.java:unregister(43)) - Unregistering Metrics Registry : ratis.log_appender.98150d0f-da65-4af0-8be7-aade3971ef2c@group-F32C89EB630A
2020-10-23 13:18:21,593 [ForkJoinPool.commonPool-worker-1] INFO  metrics.RatisMetrics (RatisMetrics.java:unregister(43)) - Unregistering Metrics Registry : ratis.server.98150d0f-da65-4af0-8be7-aade3971ef2c@group-F32C89EB630A
2020-10-23 13:18:21,593 [ForkJoinPool.commonPool-worker-1] INFO  impl.StateMachineUpdater (StateMachineUpdater.java:stopAndJoin(142)) - 98150d0f-da65-4af0-8be7-aade3971ef2c@group-F32C89EB630A-StateMachineUpdater: set stopIndex = 0
2020-10-23 13:18:21,593 [98150d0f-da65-4af0-8be7-aade3971ef2c@group-F32C89EB630A-StateMachineUpdater] INFO  ratis.ContainerStateMachine (ContainerStateMachine.java:takeSnapshot(293)) - group-F32C89EB630A: Taking a snapshot at:(t:1, i:0) file /github/workspace/mnt/ozone/hadoop-ozone/integration-test/target/test-dir/MiniOzoneClusterImpl-268cb0c2-3227-45ab-9618-d290d5ae62e2/datanode-0/data/ratis/e4588e7a-b9ac-4cc5-a406-f32c89eb630a/sm/snapshot.1_0
2020-10-23 13:18:21,588 [grpc-default-executor-2] INFO  server.GrpcServerProtocolService (GrpcServerProtocolService.java:onCompleted(138)) - 7e15bd9e-19dc-432d-ab4a-c89a4e0db555: Completed APPEND_ENTRIES, lastRequest: 98150d0f-da65-4af0-8be7-aade3971ef2c->7e15bd9e-19dc-432d-ab4a-c89a4e0db555#1-t1, previous=(t:0, i:0), leaderCommit=0, initializing? false, entries: size=1, first=(t:1, i:0), CONFIGURATIONENTRY
2020-10-23 13:18:21,599 [grpc-default-executor-2] INFO  server.GrpcLogAppender (GrpcLogAppender.java:onCompleted(336)) - 98150d0f-da65-4af0-8be7-aade3971ef2c@group-F32C89EB630A->7e15bd9e-19dc-432d-ab4a-c89a4e0db555-AppendLogResponseHandler: follower responses appendEntries COMPLETED
2020-10-23 13:18:21,599 [grpc-default-executor-2] INFO  impl.FollowerInfo (FollowerInfo.java:lambda$new$0(51)) - 98150d0f-da65-4af0-8be7-aade3971ef2c@group-F32C89EB630A->7e15bd9e-19dc-432d-ab4a-c89a4e0db555: nextIndex: updateUnconditionally 1 -> 0
2020-10-23 13:18:21,679 [a4d3af63-08de-4d4b-ab63-4aa1172cd052@group-F32C89EB630A-StateMachineUpdater] INFO  ratis.ContainerStateMachine (ContainerStateMachine.java:takeSnapshot(304)) - group-F32C89EB630A: Finished taking a snapshot at:(t:1, i:0) file:/github/workspace/mnt/ozone/hadoop-ozone/integration-test/target/test-dir/MiniOzoneClusterImpl-268cb0c2-3227-45ab-9618-d290d5ae62e2/datanode-1/data/ratis/e4588e7a-b9ac-4cc5-a406-f32c89eb630a/sm/snapshot.1_0 time:94
2020-10-23 13:18:21,680 [a4d3af63-08de-4d4b-ab63-4aa1172cd052@group-F32C89EB630A-StateMachineUpdater] INFO  impl.StateMachineUpdater (StateMachineUpdater.java:takeSnapshot(277)) - a4d3af63-08de-4d4b-ab63-4aa1172cd052@group-F32C89EB630A-StateMachineUpdater: Took a snapshot at index 0
2020-10-23 13:18:21,680 [a4d3af63-08de-4d4b-ab63-4aa1172cd052@group-F32C89EB630A-StateMachineUpdater] INFO  impl.StateMachineUpdater (StateMachineUpdater.java:lambda$new$0(87)) - a4d3af63-08de-4d4b-ab63-4aa1172cd052@group-F32C89EB630A-StateMachineUpdater: snapshotIndex: updateIncreasingly -1 -> 0
2020-10-23 13:18:21,685 [98150d0f-da65-4af0-8be7-aade3971ef2c@group-F32C89EB630A-StateMachineUpdater] INFO  ratis.ContainerStateMachine (ContainerStateMachine.java:takeSnapshot(304)) - group-F32C89EB630A: Finished taking a snapshot at:(t:1, i:0) file:/github/workspace/mnt/ozone/hadoop-ozone/integration-test/target/test-dir/MiniOzoneClusterImpl-268cb0c2-3227-45ab-9618-d290d5ae62e2/datanode-0/data/ratis/e4588e7a-b9ac-4cc5-a406-f32c89eb630a/sm/snapshot.1_0 time:92
2020-10-23 13:18:21,686 [98150d0f-da65-4af0-8be7-aade3971ef2c@group-F32C89EB630A-StateMachineUpdater] INFO  impl.StateMachineUpdater (StateMachineUpdater.java:takeSnapshot(277)) - 98150d0f-da65-4af0-8be7-aade3971ef2c@group-F32C89EB630A-StateMachineUpdater: Took a snapshot at index 0
2020-10-23 13:18:21,687 [98150d0f-da65-4af0-8be7-aade3971ef2c@group-F32C89EB630A-StateMachineUpdater] INFO  impl.StateMachineUpdater (StateMachineUpdater.java:lambda$new$0(87)) - 98150d0f-da65-4af0-8be7-aade3971ef2c@group-F32C89EB630A-StateMachineUpdater: snapshotIndex: updateIncreasingly -1 -> 0
2020-10-23 13:18:21,688 [98150d0f-da65-4af0-8be7-aade3971ef2c@group-F32C89EB630A-StateMachineUpdater] INFO  metrics.RatisMetrics (RatisMetrics.java:unregister(43)) - Unregistering Metrics Registry : ratis.state_machine.98150d0f-da65-4af0-8be7-aade3971ef2c@group-F32C89EB630A
2020-10-23 13:18:21,688 [ForkJoinPool.commonPool-worker-1] INFO  impl.RaftServerImpl (ServerState.java:close(405)) - 98150d0f-da65-4af0-8be7-aade3971ef2c@group-F32C89EB630A: closes. applyIndex: 0
2020-10-23 13:18:21,688 [98150d0f-da65-4af0-8be7-aade3971ef2c@group-F32C89EB630A-SegmentedRaftLogWorker] INFO  segmented.SegmentedRaftLogWorker (SegmentedRaftLogWorker.java:run(327)) - 98150d0f-da65-4af0-8be7-aade3971ef2c@group-F32C89EB630A-SegmentedRaftLogWorker was interrupted, exiting. There are 0 tasks remaining in the queue.
2020-10-23 13:18:21,695 [a4d3af63-08de-4d4b-ab63-4aa1172cd052@group-F32C89EB630A-StateMachineUpdater] INFO  metrics.RatisMetrics (RatisMetrics.java:unregister(43)) - Unregistering Metrics Registry : ratis.state_machine.a4d3af63-08de-4d4b-ab63-4aa1172cd052@group-F32C89EB630A
2020-10-23 13:18:21,695 [Listener at 127.0.0.1/11792] INFO  impl.RaftServerImpl (ServerState.java:close(405)) - a4d3af63-08de-4d4b-ab63-4aa1172cd052@group-F32C89EB630A: closes. applyIndex: 0
2020-10-23 13:18:21,695 [ForkJoinPool.commonPool-worker-1] INFO  segmented.SegmentedRaftLogWorker (SegmentedRaftLogWorker.java:close(234)) - 98150d0f-da65-4af0-8be7-aade3971ef2c@group-F32C89EB630A-SegmentedRaftLogWorker close()
2020-10-23 13:18:21,696 [a4d3af63-08de-4d4b-ab63-4aa1172cd052@group-F32C89EB630A-SegmentedRaftLogWorker] INFO  segmented.SegmentedRaftLogWorker (SegmentedRaftLogWorker.java:run(327)) - a4d3af63-08de-4d4b-ab63-4aa1172cd052@group-F32C89EB630A-SegmentedRaftLogWorker was interrupted, exiting. There are 0 tasks remaining in the queue.
2020-10-23 13:18:21,696 [Listener at 127.0.0.1/11792] INFO  segmented.SegmentedRaftLogWorker (SegmentedRaftLogWorker.java:close(234)) - a4d3af63-08de-4d4b-ab63-4aa1172cd052@group-F32C89EB630A-SegmentedRaftLogWorker close()
2020-10-23 13:18:21,697 [ForkJoinPool.commonPool-worker-1] INFO  metrics.RatisMetrics (RatisMetrics.java:unregister(43)) - Unregistering Metrics Registry : ratis.log_worker.98150d0f-da65-4af0-8be7-aade3971ef2c@group-F32C89EB630A
2020-10-23 13:18:21,697 [Listener at 127.0.0.1/11792] INFO  metrics.RatisMetrics (RatisMetrics.java:unregister(43)) - Unregistering Metrics Registry : ratis.log_worker.a4d3af63-08de-4d4b-ab63-4aa1172cd052@group-F32C89EB630A
2020-10-23 13:18:21,698 [Listener at 127.0.0.1/11792] INFO  metrics.RatisMetrics (RatisMetrics.java:unregister(43)) - Unregistering Metrics Registry : ratis.leader_election.a4d3af63-08de-4d4b-ab63-4aa1172cd052@group-F32C89EB630A
2020-10-23 13:18:21,698 [Listener at 127.0.0.1/11792] INFO  metrics.RatisMetrics (RatisMetrics.java:unregister(43)) - Unregistering Metrics Registry : ratis.server.a4d3af63-08de-4d4b-ab63-4aa1172cd052@group-F32C89EB630A
2020-10-23 13:18:21,698 [Listener at 127.0.0.1/11792] INFO  impl.RaftServerImpl (RaftServerImpl.java:lambda$shutdown$3(321)) - a4d3af63-08de-4d4b-ab63-4aa1172cd052@group-AA4C7B058E46: shutdown
2020-10-23 13:18:21,699 [Listener at 127.0.0.1/11792] INFO  util.JmxRegister (JmxRegister.java:unregister(73)) - Successfully un-registered JMX Bean with object name Ratis:service=RaftServer,group=group-AA4C7B058E46,id=a4d3af63-08de-4d4b-ab63-4aa1172cd052
2020-10-23 13:18:21,699 [Listener at 127.0.0.1/11792] INFO  impl.RoleInfo (RoleInfo.java:shutdownLeaderState(104)) - a4d3af63-08de-4d4b-ab63-4aa1172cd052: shutdown LeaderState
2020-10-23 13:18:21,699 [Listener at 127.0.0.1/11792] INFO  impl.PendingRequests (PendingRequests.java:sendNotLeaderResponses(249)) - a4d3af63-08de-4d4b-ab63-4aa1172cd052@group-AA4C7B058E46-PendingRequests: sendNotLeaderResponses
2020-10-23 13:18:21,699 [Listener at 127.0.0.1/11792] INFO  metrics.RatisMetrics (RatisMetrics.java:unregister(43)) - Unregistering Metrics Registry : ratis.log_appender.a4d3af63-08de-4d4b-ab63-4aa1172cd052@group-AA4C7B058E46
2020-10-23 13:18:21,699 [Listener at 127.0.0.1/11792] INFO  metrics.RatisMetrics (RatisMetrics.java:unregister(43)) - Unregistering Metrics Registry : ratis.server.a4d3af63-08de-4d4b-ab63-4aa1172cd052@group-AA4C7B058E46
2020-10-23 13:18:21,700 [Listener at 127.0.0.1/11792] INFO  impl.StateMachineUpdater (StateMachineUpdater.java:stopAndJoin(142)) - a4d3af63-08de-4d4b-ab63-4aa1172cd052@group-AA4C7B058E46-StateMachineUpdater: set stopIndex = 0
2020-10-23 13:18:21,700 [a4d3af63-08de-4d4b-ab63-4aa1172cd052@group-AA4C7B058E46-StateMachineUpdater] INFO  ratis.ContainerStateMachine (ContainerStateMachine.java:takeSnapshot(293)) - group-AA4C7B058E46: Taking a snapshot at:(t:1, i:0) file /github/workspace/mnt/ozone/hadoop-ozone/integration-test/target/test-dir/MiniOzoneClusterImpl-268cb0c2-3227-45ab-9618-d290d5ae62e2/datanode-1/data/ratis/c7818600-0599-43d7-8e5c-aa4c7b058e46/sm/snapshot.1_0
2020-10-23 13:18:21,701 [a4d3af63-08de-4d4b-ab63-4aa1172cd052@group-AA4C7B058E46-StateMachineUpdater] INFO  ratis.ContainerStateMachine (ContainerStateMachine.java:takeSnapshot(304)) - group-AA4C7B058E46: Finished taking a snapshot at:(t:1, i:0) file:/github/workspace/mnt/ozone/hadoop-ozone/integration-test/target/test-dir/MiniOzoneClusterImpl-268cb0c2-3227-45ab-9618-d290d5ae62e2/datanode-1/data/ratis/c7818600-0599-43d7-8e5c-aa4c7b058e46/sm/snapshot.1_0 time:1
2020-10-23 13:18:21,701 [a4d3af63-08de-4d4b-ab63-4aa1172cd052@group-AA4C7B058E46-StateMachineUpdater] INFO  impl.StateMachineUpdater (StateMachineUpdater.java:takeSnapshot(277)) - a4d3af63-08de-4d4b-ab63-4aa1172cd052@group-AA4C7B058E46-StateMachineUpdater: Took a snapshot at index 0
2020-10-23 13:18:21,701 [a4d3af63-08de-4d4b-ab63-4aa1172cd052@group-AA4C7B058E46-StateMachineUpdater] INFO  impl.StateMachineUpdater (StateMachineUpdater.java:lambda$new$0(87)) - a4d3af63-08de-4d4b-ab63-4aa1172cd052@group-AA4C7B058E46-StateMachineUpdater: snapshotIndex: updateIncreasingly -1 -> 0
2020-10-23 13:18:21,701 [a4d3af63-08de-4d4b-ab63-4aa1172cd052@group-AA4C7B058E46-StateMachineUpdater] INFO  metrics.RatisMetrics (RatisMetrics.java:unregister(43)) - Unregistering Metrics Registry : ratis.state_machine.a4d3af63-08de-4d4b-ab63-4aa1172cd052@group-AA4C7B058E46
2020-10-23 13:18:21,698 [ForkJoinPool.commonPool-worker-1] INFO  metrics.RatisMetrics (RatisMetrics.java:unregister(43)) - Unregistering Metrics Registry : ratis.leader_election.98150d0f-da65-4af0-8be7-aade3971ef2c@group-F32C89EB630A
2020-10-23 13:18:21,704 [ForkJoinPool.commonPool-worker-1] INFO  metrics.RatisMetrics (RatisMetrics.java:unregister(43)) - Unregistering Metrics Registry : ratis.server.98150d0f-da65-4af0-8be7-aade3971ef2c@group-F32C89EB630A
2020-10-23 13:18:21,704 [ForkJoinPool.commonPool-worker-1] INFO  impl.RaftServerImpl (RaftServerImpl.java:lambda$shutdown$3(321)) - 98150d0f-da65-4af0-8be7-aade3971ef2c@group-1B0E0C22600F: shutdown
2020-10-23 13:18:21,704 [ForkJoinPool.commonPool-worker-1] INFO  util.JmxRegister (JmxRegister.java:unregister(73)) - Successfully un-registered JMX Bean with object name Ratis:service=RaftServer,group=group-1B0E0C22600F,id=98150d0f-da65-4af0-8be7-aade3971ef2c
2020-10-23 13:18:21,704 [ForkJoinPool.commonPool-worker-1] INFO  impl.RoleInfo (RoleInfo.java:shutdownLeaderState(104)) - 98150d0f-da65-4af0-8be7-aade3971ef2c: shutdown LeaderState
2020-10-23 13:18:21,704 [ForkJoinPool.commonPool-worker-1] INFO  impl.PendingRequests (PendingRequests.java:sendNotLeaderResponses(249)) - 98150d0f-da65-4af0-8be7-aade3971ef2c@group-1B0E0C22600F-PendingRequests: sendNotLeaderResponses
2020-10-23 13:18:21,704 [ForkJoinPool.commonPool-worker-1] INFO  metrics.RatisMetrics (RatisMetrics.java:unregister(43)) - Unregistering Metrics Registry : ratis.log_appender.98150d0f-da65-4af0-8be7-aade3971ef2c@group-1B0E0C22600F
2020-10-23 13:18:21,705 [ForkJoinPool.commonPool-worker-1] INFO  metrics.RatisMetrics (RatisMetrics.java:unregister(43)) - Unregistering Metrics Registry : ratis.server.98150d0f-da65-4af0-8be7-aade3971ef2c@group-1B0E0C22600F
2020-10-23 13:18:21,705 [Listener at 127.0.0.1/11792] INFO  impl.RaftServerImpl (ServerState.java:close(405)) - a4d3af63-08de-4d4b-ab63-4aa1172cd052@group-AA4C7B058E46: closes. applyIndex: 0
2020-10-23 13:18:21,705 [a4d3af63-08de-4d4b-ab63-4aa1172cd052@group-AA4C7B058E46-SegmentedRaftLogWorker] INFO  segmented.SegmentedRaftLogWorker (SegmentedRaftLogWorker.java:run(327)) - a4d3af63-08de-4d4b-ab63-4aa1172cd052@group-AA4C7B058E46-SegmentedRaftLogWorker was interrupted, exiting. There are 0 tasks remaining in the queue.
2020-10-23 13:18:21,706 [98150d0f-da65-4af0-8be7-aade3971ef2c@group-1B0E0C22600F-StateMachineUpdater] INFO  ratis.ContainerStateMachine (ContainerStateMachine.java:takeSnapshot(293)) - group-1B0E0C22600F: Taking a snapshot at:(t:1, i:0) file /github/workspace/mnt/ozone/hadoop-ozone/integration-test/target/test-dir/MiniOzoneClusterImpl-268cb0c2-3227-45ab-9618-d290d5ae62e2/datanode-0/data/ratis/e0f66387-59d9-46f2-b3dd-1b0e0c22600f/sm/snapshot.1_0
2020-10-23 13:18:21,706 [ForkJoinPool.commonPool-worker-1] INFO  impl.StateMachineUpdater (StateMachineUpdater.java:stopAndJoin(142)) - 98150d0f-da65-4af0-8be7-aade3971ef2c@group-1B0E0C22600F-StateMachineUpdater: set stopIndex = 0
2020-10-23 13:18:21,706 [98150d0f-da65-4af0-8be7-aade3971ef2c@group-1B0E0C22600F-StateMachineUpdater] INFO  ratis.ContainerStateMachine (ContainerStateMachine.java:takeSnapshot(304)) - group-1B0E0C22600F: Finished taking a snapshot at:(t:1, i:0) file:/github/workspace/mnt/ozone/hadoop-ozone/integration-test/target/test-dir/MiniOzoneClusterImpl-268cb0c2-3227-45ab-9618-d290d5ae62e2/datanode-0/data/ratis/e0f66387-59d9-46f2-b3dd-1b0e0c22600f/sm/snapshot.1_0 time:0
2020-10-23 13:18:21,707 [98150d0f-da65-4af0-8be7-aade3971ef2c@group-1B0E0C22600F-StateMachineUpdater] INFO  impl.StateMachineUpdater (StateMachineUpdater.java:takeSnapshot(277)) - 98150d0f-da65-4af0-8be7-aade3971ef2c@group-1B0E0C22600F-StateMachineUpdater: Took a snapshot at index 0
2020-10-23 13:18:21,707 [98150d0f-da65-4af0-8be7-aade3971ef2c@group-1B0E0C22600F-StateMachineUpdater] INFO  impl.StateMachineUpdater (StateMachineUpdater.java:lambda$new$0(87)) - 98150d0f-da65-4af0-8be7-aade3971ef2c@group-1B0E0C22600F-StateMachineUpdater: snapshotIndex: updateIncreasingly -1 -> 0
2020-10-23 13:18:21,707 [98150d0f-da65-4af0-8be7-aade3971ef2c@group-1B0E0C22600F-StateMachineUpdater] INFO  metrics.RatisMetrics (RatisMetrics.java:unregister(43)) - Unregistering Metrics Registry : ratis.state_machine.98150d0f-da65-4af0-8be7-aade3971ef2c@group-1B0E0C22600F
2020-10-23 13:18:21,707 [ForkJoinPool.commonPool-worker-1] INFO  impl.RaftServerImpl (ServerState.java:close(405)) - 98150d0f-da65-4af0-8be7-aade3971ef2c@group-1B0E0C22600F: closes. applyIndex: 0
2020-10-23 13:18:21,707 [98150d0f-da65-4af0-8be7-aade3971ef2c@group-1B0E0C22600F-SegmentedRaftLogWorker] INFO  segmented.SegmentedRaftLogWorker (SegmentedRaftLogWorker.java:run(327)) - 98150d0f-da65-4af0-8be7-aade3971ef2c@group-1B0E0C22600F-SegmentedRaftLogWorker was interrupted, exiting. There are 0 tasks remaining in the queue.
2020-10-23 13:18:21,712 [Listener at 127.0.0.1/11792] INFO  segmented.SegmentedRaftLogWorker (SegmentedRaftLogWorker.java:close(234)) - a4d3af63-08de-4d4b-ab63-4aa1172cd052@group-AA4C7B058E46-SegmentedRaftLogWorker close()
2020-10-23 13:18:21,712 [ForkJoinPool.commonPool-worker-1] INFO  segmented.SegmentedRaftLogWorker (SegmentedRaftLogWorker.java:close(234)) - 98150d0f-da65-4af0-8be7-aade3971ef2c@group-1B0E0C22600F-SegmentedRaftLogWorker close()
2020-10-23 13:18:21,713 [Listener at 127.0.0.1/11792] INFO  metrics.RatisMetrics (RatisMetrics.java:unregister(43)) - Unregistering Metrics Registry : ratis.log_worker.a4d3af63-08de-4d4b-ab63-4aa1172cd052@group-AA4C7B058E46
2020-10-23 13:18:21,713 [Listener at 127.0.0.1/11792] INFO  metrics.RatisMetrics (RatisMetrics.java:unregister(43)) - Unregistering Metrics Registry : ratis.leader_election.a4d3af63-08de-4d4b-ab63-4aa1172cd052@group-AA4C7B058E46
2020-10-23 13:18:21,713 [Listener at 127.0.0.1/11792] INFO  metrics.RatisMetrics (RatisMetrics.java:unregister(43)) - Unregistering Metrics Registry : ratis.server.a4d3af63-08de-4d4b-ab63-4aa1172cd052@group-AA4C7B058E46
2020-10-23 13:18:21,713 [Listener at 127.0.0.1/11792] INFO  server.GrpcService (GrpcService.java:closeImpl(183)) - a4d3af63-08de-4d4b-ab63-4aa1172cd052: shutdown server with port 35117 now
2020-10-23 13:18:21,713 [ForkJoinPool.commonPool-worker-1] INFO  metrics.RatisMetrics (RatisMetrics.java:unregister(43)) - Unregistering Metrics Registry : ratis.log_worker.98150d0f-da65-4af0-8be7-aade3971ef2c@group-1B0E0C22600F
2020-10-23 13:18:21,714 [ForkJoinPool.commonPool-worker-1] INFO  metrics.RatisMetrics (RatisMetrics.java:unregister(43)) - Unregistering Metrics Registry : ratis.leader_election.98150d0f-da65-4af0-8be7-aade3971ef2c@group-1B0E0C22600F
2020-10-23 13:18:21,714 [ForkJoinPool.commonPool-worker-1] INFO  metrics.RatisMetrics (RatisMetrics.java:unregister(43)) - Unregistering Metrics Registry : ratis.server.98150d0f-da65-4af0-8be7-aade3971ef2c@group-1B0E0C22600F
2020-10-23 13:18:21,714 [ForkJoinPool.commonPool-worker-1] INFO  server.GrpcService (GrpcService.java:closeImpl(183)) - 98150d0f-da65-4af0-8be7-aade3971ef2c: shutdown server with port 34961 now
2020-10-23 13:18:21,719 [Listener at 127.0.0.1/11792] INFO  server.GrpcService (GrpcService.java:closeImpl(191)) - a4d3af63-08de-4d4b-ab63-4aa1172cd052: shutdown server with port 35117 successfully
2020-10-23 13:18:21,723 [Listener at 127.0.0.1/11792] INFO  utils.BackgroundService (BackgroundService.java:shutdown(132)) - Shutting down service BlockDeletingService
2020-10-23 13:18:21,728 [ForkJoinPool.commonPool-worker-1] INFO  server.GrpcService (GrpcService.java:closeImpl(191)) - 98150d0f-da65-4af0-8be7-aade3971ef2c: shutdown server with port 34961 successfully
2020-10-23 13:18:21,729 [Listener at 127.0.0.1/11792] INFO  statemachine.DatanodeStateMachine (DatanodeStateMachine.java:stopDaemon(453)) - Ozone container server stopped.
2020-10-23 13:18:21,736 [ForkJoinPool.commonPool-worker-1] INFO  utils.BackgroundService (BackgroundService.java:shutdown(132)) - Shutting down service BlockDeletingService
2020-10-23 13:18:21,737 [ForkJoinPool.commonPool-worker-1] INFO  statemachine.DatanodeStateMachine (DatanodeStateMachine.java:stopDaemon(453)) - Ozone container server stopped.
2020-10-23 13:18:21,760 [ForkJoinPool.commonPool-worker-1] INFO  handler.ContextHandler (ContextHandler.java:doStop(1016)) - Stopped o.e.j.w.WebAppContext@45db7dbc{hddsDatanode,/,null,UNAVAILABLE}{jar:file:/home/user/.m2/repository/org/apache/hadoop/hadoop-hdds-container-service/1.1.0-SNAPSHOT/hadoop-hdds-container-service-1.1.0-SNAPSHOT.jar!/webapps/hddsDatanode}
2020-10-23 13:18:21,762 [ForkJoinPool.commonPool-worker-1] INFO  server.AbstractConnector (AbstractConnector.java:doStop(380)) - Stopped ServerConnector@5db99bd7{HTTP/1.1,[http/1.1]}{0.0.0.0:0}
2020-10-23 13:18:21,762 [ForkJoinPool.commonPool-worker-1] INFO  server.session (HouseKeeper.java:stopScavenging(158)) - node0 Stopped scavenging
2020-10-23 13:18:21,763 [ForkJoinPool.commonPool-worker-1] INFO  handler.ContextHandler (ContextHandler.java:doStop(1016)) - Stopped o.e.j.s.ServletContextHandler@46e9a90c{static,/static,jar:file:/home/user/.m2/repository/org/apache/hadoop/hadoop-hdds-container-service/1.1.0-SNAPSHOT/hadoop-hdds-container-service-1.1.0-SNAPSHOT.jar!/webapps/static,UNAVAILABLE}
2020-10-23 13:18:21,764 [ForkJoinPool.commonPool-worker-1] INFO  handler.ContextHandler (ContextHandler.java:doStop(1016)) - Stopped o.e.j.s.ServletContextHandler@14014883{logs,/logs,file:///github/workspace/mnt/ozone/hadoop-ozone/integration-test/target/log,UNAVAILABLE}
2020-10-23 13:18:21,766 [Listener at 127.0.0.1/11792] INFO  handler.ContextHandler (ContextHandler.java:doStop(1016)) - Stopped o.e.j.w.WebAppContext@5481c95e{hddsDatanode,/,null,UNAVAILABLE}{jar:file:/home/user/.m2/repository/org/apache/hadoop/hadoop-hdds-container-service/1.1.0-SNAPSHOT/hadoop-hdds-container-service-1.1.0-SNAPSHOT.jar!/webapps/hddsDatanode}
2020-10-23 13:18:21,767 [Listener at 127.0.0.1/11792] INFO  server.AbstractConnector (AbstractConnector.java:doStop(380)) - Stopped ServerConnector@691e097b{HTTP/1.1,[http/1.1]}{0.0.0.0:0}
2020-10-23 13:18:21,767 [Listener at 127.0.0.1/11792] INFO  server.session (HouseKeeper.java:stopScavenging(158)) - node0 Stopped scavenging
2020-10-23 13:18:21,768 [Listener at 127.0.0.1/11792] INFO  handler.ContextHandler (ContextHandler.java:doStop(1016)) - Stopped o.e.j.s.ServletContextHandler@e70b26a{static,/static,jar:file:/home/user/.m2/repository/org/apache/hadoop/hadoop-hdds-container-service/1.1.0-SNAPSHOT/hadoop-hdds-container-service-1.1.0-SNAPSHOT.jar!/webapps/static,UNAVAILABLE}
2020-10-23 13:18:21,768 [Listener at 127.0.0.1/11792] INFO  handler.ContextHandler (ContextHandler.java:doStop(1016)) - Stopped o.e.j.s.ServletContextHandler@a30718f{logs,/logs,file:///github/workspace/mnt/ozone/hadoop-ozone/integration-test/target/log,UNAVAILABLE}
2020-10-23 13:18:21,823 [Datanode State Machine Thread - 0] INFO  statemachine.DatanodeStateMachine (DatanodeStateMachine.java:lambda$startDaemon$0(405)) - Ozone container server started.
2020-10-23 13:18:25,420 [Thread-341] INFO  impl.FollowerState (FollowerState.java:run(108)) - 7e15bd9e-19dc-432d-ab4a-c89a4e0db555@group-F32C89EB630A-FollowerState: change to CANDIDATE, lastRpcTime:5257ms, electionTimeout:5132ms
2020-10-23 13:18:25,420 [Thread-341] INFO  impl.RoleInfo (RoleInfo.java:shutdownFollowerState(121)) - 7e15bd9e-19dc-432d-ab4a-c89a4e0db555: shutdown FollowerState
2020-10-23 13:18:25,420 [Thread-341] INFO  impl.RaftServerImpl (RaftServerImpl.java:setRole(198)) - 7e15bd9e-19dc-432d-ab4a-c89a4e0db555@group-F32C89EB630A: changes role from  FOLLOWER to CANDIDATE at term 1 for changeToCandidate
2020-10-23 13:18:25,420 [Thread-341] INFO  impl.RoleInfo (RoleInfo.java:updateAndGet(143)) - 7e15bd9e-19dc-432d-ab4a-c89a4e0db555: start LeaderElection
2020-10-23 13:18:25,422 [7e15bd9e-19dc-432d-ab4a-c89a4e0db555@group-F32C89EB630A-LeaderElection9] INFO  impl.RaftServerImpl (ServerState.java:setLeader(256)) - 7e15bd9e-19dc-432d-ab4a-c89a4e0db555@group-F32C89EB630A: change Leader from 98150d0f-da65-4af0-8be7-aade3971ef2c to null at term 1 for initElection
2020-10-23 13:18:25,423 [7e15bd9e-19dc-432d-ab4a-c89a4e0db555@group-F32C89EB630A-LeaderElection9] INFO  impl.LeaderElection (LeaderElection.java:askForVotes(210)) - 7e15bd9e-19dc-432d-ab4a-c89a4e0db555@group-F32C89EB630A-LeaderElection9: begin an election at term 2 for 0: [7e15bd9e-19dc-432d-ab4a-c89a4e0db555:172.17.0.2:39823:0, 98150d0f-da65-4af0-8be7-aade3971ef2c:172.17.0.2:34961:0, a4d3af63-08de-4d4b-ab63-4aa1172cd052:172.17.0.2:35117:0], old=null
2020-10-23 13:18:25,447 [7e15bd9e-19dc-432d-ab4a-c89a4e0db555@group-F32C89EB630A-LeaderElection9] INFO  impl.LeaderElection (LogUtils.java:infoOrTrace(137)) - 7e15bd9e-19dc-432d-ab4a-c89a4e0db555@group-F32C89EB630A-LeaderElection9 got exception when requesting votes: java.util.concurrent.ExecutionException: org.apache.ratis.thirdparty.io.grpc.StatusRuntimeException: UNAVAILABLE: io exception
2020-10-23 13:18:25,447 [7e15bd9e-19dc-432d-ab4a-c89a4e0db555@group-F32C89EB630A-LeaderElection9] INFO  impl.LeaderElection (LogUtils.java:infoOrTrace(137)) - 7e15bd9e-19dc-432d-ab4a-c89a4e0db555@group-F32C89EB630A-LeaderElection9 got exception when requesting votes: java.util.concurrent.ExecutionException: org.apache.ratis.thirdparty.io.grpc.StatusRuntimeException: UNAVAILABLE: io exception
2020-10-23 13:18:25,448 [7e15bd9e-19dc-432d-ab4a-c89a4e0db555@group-F32C89EB630A-LeaderElection9] INFO  impl.LeaderElection (LeaderElection.java:logAndReturn(62)) - 7e15bd9e-19dc-432d-ab4a-c89a4e0db555@group-F32C89EB630A-LeaderElection9: Election REJECTED; received 0 response(s) [] and 2 exception(s); 7e15bd9e-19dc-432d-ab4a-c89a4e0db555@group-F32C89EB630A:t2, leader=null, voted=7e15bd9e-19dc-432d-ab4a-c89a4e0db555, raftlog=7e15bd9e-19dc-432d-ab4a-c89a4e0db555@group-F32C89EB630A-SegmentedRaftLog:OPENED:c0,f0,i0, conf=0: [7e15bd9e-19dc-432d-ab4a-c89a4e0db555:172.17.0.2:39823:0, 98150d0f-da65-4af0-8be7-aade3971ef2c:172.17.0.2:34961:0, a4d3af63-08de-4d4b-ab63-4aa1172cd052:172.17.0.2:35117:0], old=null
2020-10-23 13:18:25,448 [7e15bd9e-19dc-432d-ab4a-c89a4e0db555@group-F32C89EB630A-LeaderElection9] INFO  impl.LeaderElection (LogUtils.java:infoOrTrace(137)) -   Exception 0: java.util.concurrent.ExecutionException: org.apache.ratis.thirdparty.io.grpc.StatusRuntimeException: UNAVAILABLE: io exception
2020-10-23 13:18:25,448 [7e15bd9e-19dc-432d-ab4a-c89a4e0db555@group-F32C89EB630A-LeaderElection9] INFO  impl.LeaderElection (LogUtils.java:infoOrTrace(137)) -   Exception 1: java.util.concurrent.ExecutionException: org.apache.ratis.thirdparty.io.grpc.StatusRuntimeException: UNAVAILABLE: io exception
2020-10-23 13:18:25,448 [7e15bd9e-19dc-432d-ab4a-c89a4e0db555@group-F32C89EB630A-LeaderElection9] INFO  impl.RaftServerImpl (RaftServerImpl.java:setRole(198)) - 7e15bd9e-19dc-432d-ab4a-c89a4e0db555@group-F32C89EB630A: changes role from CANDIDATE to FOLLOWER at term 2 for DISCOVERED_A_NEW_TERM
2020-10-23 13:18:25,449 [7e15bd9e-19dc-432d-ab4a-c89a4e0db555@group-F32C89EB630A-LeaderElection9] INFO  impl.RoleInfo (RoleInfo.java:shutdownLeaderElection(134)) - 7e15bd9e-19dc-432d-ab4a-c89a4e0db555: shutdown LeaderElection
2020-10-23 13:18:25,449 [7e15bd9e-19dc-432d-ab4a-c89a4e0db555@group-F32C89EB630A-LeaderElection9] INFO  impl.RoleInfo (RoleInfo.java:updateAndGet(143)) - 7e15bd9e-19dc-432d-ab4a-c89a4e0db555: start FollowerState
2020-10-23 13:18:26,767 [ForkJoinPool.commonPool-worker-1] INFO  ozoneimpl.OzoneContainer (OzoneContainer.java:stop(259)) - Attempting to stop container services.
2020-10-23 13:18:26,768 [ForkJoinPool.commonPool-worker-1] INFO  impl.RaftServerProxy (RaftServerProxy.java:lambda$close$4(322)) - 7e15bd9e-19dc-432d-ab4a-c89a4e0db555: close
2020-10-23 13:18:26,768 [ForkJoinPool.commonPool-worker-1] INFO  impl.RaftServerImpl (RaftServerImpl.java:lambda$shutdown$3(321)) - 7e15bd9e-19dc-432d-ab4a-c89a4e0db555@group-F32C89EB630A: shutdown
2020-10-23 13:18:26,768 [ForkJoinPool.commonPool-worker-1] INFO  util.JmxRegister (JmxRegister.java:unregister(73)) - Successfully un-registered JMX Bean with object name Ratis:service=RaftServer,group=group-F32C89EB630A,id=7e15bd9e-19dc-432d-ab4a-c89a4e0db555
2020-10-23 13:18:26,768 [ForkJoinPool.commonPool-worker-1] INFO  impl.RoleInfo (RoleInfo.java:shutdownFollowerState(121)) - 7e15bd9e-19dc-432d-ab4a-c89a4e0db555: shutdown FollowerState
2020-10-23 13:18:26,769 [ForkJoinPool.commonPool-worker-1] INFO  impl.StateMachineUpdater (StateMachineUpdater.java:stopAndJoin(142)) - 7e15bd9e-19dc-432d-ab4a-c89a4e0db555@group-F32C89EB630A-StateMachineUpdater: set stopIndex = 0
2020-10-23 13:18:26,769 [Thread-386] INFO  impl.FollowerState (FollowerState.java:run(117)) - 7e15bd9e-19dc-432d-ab4a-c89a4e0db555@group-F32C89EB630A-FollowerState was interrupted: java.lang.InterruptedException: sleep interrupted
2020-10-23 13:18:26,770 [7e15bd9e-19dc-432d-ab4a-c89a4e0db555@group-F32C89EB630A-StateMachineUpdater] INFO  ratis.ContainerStateMachine (ContainerStateMachine.java:takeSnapshot(293)) - group-F32C89EB630A: Taking a snapshot at:(t:1, i:0) file /github/workspace/mnt/ozone/hadoop-ozone/integration-test/target/test-dir/MiniOzoneClusterImpl-268cb0c2-3227-45ab-9618-d290d5ae62e2/datanode-2/data/ratis/e4588e7a-b9ac-4cc5-a406-f32c89eb630a/sm/snapshot.1_0
2020-10-23 13:18:26,771 [7e15bd9e-19dc-432d-ab4a-c89a4e0db555@group-F32C89EB630A-StateMachineUpdater] INFO  ratis.ContainerStateMachine (ContainerStateMachine.java:takeSnapshot(304)) - group-F32C89EB630A: Finished taking a snapshot at:(t:1, i:0) file:/github/workspace/mnt/ozone/hadoop-ozone/integration-test/target/test-dir/MiniOzoneClusterImpl-268cb0c2-3227-45ab-9618-d290d5ae62e2/datanode-2/data/ratis/e4588e7a-b9ac-4cc5-a406-f32c89eb630a/sm/snapshot.1_0 time:1
2020-10-23 13:18:26,771 [7e15bd9e-19dc-432d-ab4a-c89a4e0db555@group-F32C89EB630A-StateMachineUpdater] INFO  impl.StateMachineUpdater (StateMachineUpdater.java:takeSnapshot(277)) - 7e15bd9e-19dc-432d-ab4a-c89a4e0db555@group-F32C89EB630A-StateMachineUpdater: Took a snapshot at index 0
2020-10-23 13:18:26,771 [7e15bd9e-19dc-432d-ab4a-c89a4e0db555@group-F32C89EB630A-StateMachineUpdater] INFO  impl.StateMachineUpdater (StateMachineUpdater.java:lambda$new$0(87)) - 7e15bd9e-19dc-432d-ab4a-c89a4e0db555@group-F32C89EB630A-StateMachineUpdater: snapshotIndex: updateIncreasingly -1 -> 0
2020-10-23 13:18:26,772 [7e15bd9e-19dc-432d-ab4a-c89a4e0db555@group-F32C89EB630A-StateMachineUpdater] INFO  metrics.RatisMetrics (RatisMetrics.java:unregister(43)) - Unregistering Metrics Registry : ratis.state_machine.7e15bd9e-19dc-432d-ab4a-c89a4e0db555@group-F32C89EB630A
2020-10-23 13:18:26,772 [ForkJoinPool.commonPool-worker-1] INFO  impl.RaftServerImpl (ServerState.java:close(405)) - 7e15bd9e-19dc-432d-ab4a-c89a4e0db555@group-F32C89EB630A: closes. applyIndex: 0
2020-10-23 13:18:26,772 [7e15bd9e-19dc-432d-ab4a-c89a4e0db555@group-F32C89EB630A-SegmentedRaftLogWorker] INFO  segmented.SegmentedRaftLogWorker (SegmentedRaftLogWorker.java:run(327)) - 7e15bd9e-19dc-432d-ab4a-c89a4e0db555@group-F32C89EB630A-SegmentedRaftLogWorker was interrupted, exiting. There are 0 tasks remaining in the queue.
2020-10-23 13:18:26,773 [ForkJoinPool.commonPool-worker-1] INFO  segmented.SegmentedRaftLogWorker (SegmentedRaftLogWorker.java:close(234)) - 7e15bd9e-19dc-432d-ab4a-c89a4e0db555@group-F32C89EB630A-SegmentedRaftLogWorker close()
2020-10-23 13:18:26,774 [ForkJoinPool.commonPool-worker-1] INFO  metrics.RatisMetrics (RatisMetrics.java:unregister(43)) - Unregistering Metrics Registry : ratis.log_worker.7e15bd9e-19dc-432d-ab4a-c89a4e0db555@group-F32C89EB630A
2020-10-23 13:18:26,774 [ForkJoinPool.commonPool-worker-1] INFO  metrics.RatisMetrics (RatisMetrics.java:unregister(43)) - Unregistering Metrics Registry : ratis.leader_election.7e15bd9e-19dc-432d-ab4a-c89a4e0db555@group-F32C89EB630A
2020-10-23 13:18:26,774 [ForkJoinPool.commonPool-worker-1] INFO  metrics.RatisMetrics (RatisMetrics.java:unregister(43)) - Unregistering Metrics Registry : ratis.server.7e15bd9e-19dc-432d-ab4a-c89a4e0db555@group-F32C89EB630A
2020-10-23 13:18:26,774 [ForkJoinPool.commonPool-worker-1] INFO  impl.RaftServerImpl (RaftServerImpl.java:lambda$shutdown$3(321)) - 7e15bd9e-19dc-432d-ab4a-c89a4e0db555@group-F18C66F5B88A: shutdown
2020-10-23 13:18:26,774 [ForkJoinPool.commonPool-worker-1] INFO  util.JmxRegister (JmxRegister.java:unregister(73)) - Successfully un-registered JMX Bean with object name Ratis:service=RaftServer,group=group-F18C66F5B88A,id=7e15bd9e-19dc-432d-ab4a-c89a4e0db555
2020-10-23 13:18:26,775 [ForkJoinPool.commonPool-worker-1] INFO  impl.RoleInfo (RoleInfo.java:shutdownLeaderState(104)) - 7e15bd9e-19dc-432d-ab4a-c89a4e0db555: shutdown LeaderState
2020-10-23 13:18:26,775 [ForkJoinPool.commonPool-worker-1] INFO  impl.PendingRequests (PendingRequests.java:sendNotLeaderResponses(249)) - 7e15bd9e-19dc-432d-ab4a-c89a4e0db555@group-F18C66F5B88A-PendingRequests: sendNotLeaderResponses
2020-10-23 13:18:26,775 [ForkJoinPool.commonPool-worker-1] INFO  metrics.RatisMetrics (RatisMetrics.java:unregister(43)) - Unregistering Metrics Registry : ratis.log_appender.7e15bd9e-19dc-432d-ab4a-c89a4e0db555@group-F18C66F5B88A
2020-10-23 13:18:26,776 [ForkJoinPool.commonPool-worker-1] INFO  metrics.RatisMetrics (RatisMetrics.java:unregister(43)) - Unregistering Metrics Registry : ratis.server.7e15bd9e-19dc-432d-ab4a-c89a4e0db555@group-F18C66F5B88A
2020-10-23 13:18:26,776 [ForkJoinPool.commonPool-worker-1] INFO  impl.StateMachineUpdater (StateMachineUpdater.java:stopAndJoin(142)) - 7e15bd9e-19dc-432d-ab4a-c89a4e0db555@group-F18C66F5B88A-StateMachineUpdater: set stopIndex = 0
2020-10-23 13:18:26,776 [7e15bd9e-19dc-432d-ab4a-c89a4e0db555@group-F18C66F5B88A-StateMachineUpdater] INFO  ratis.ContainerStateMachine (ContainerStateMachine.java:takeSnapshot(293)) - group-F18C66F5B88A: Taking a snapshot at:(t:1, i:0) file /github/workspace/mnt/ozone/hadoop-ozone/integration-test/target/test-dir/MiniOzoneClusterImpl-268cb0c2-3227-45ab-9618-d290d5ae62e2/datanode-2/data/ratis/d4149e72-a43d-4158-b2d7-f18c66f5b88a/sm/snapshot.1_0
2020-10-23 13:18:26,777 [7e15bd9e-19dc-432d-ab4a-c89a4e0db555@group-F18C66F5B88A-StateMachineUpdater] INFO  ratis.ContainerStateMachine (ContainerStateMachine.java:takeSnapshot(304)) - group-F18C66F5B88A: Finished taking a snapshot at:(t:1, i:0) file:/github/workspace/mnt/ozone/hadoop-ozone/integration-test/target/test-dir/MiniOzoneClusterImpl-268cb0c2-3227-45ab-9618-d290d5ae62e2/datanode-2/data/ratis/d4149e72-a43d-4158-b2d7-f18c66f5b88a/sm/snapshot.1_0 time:1
2020-10-23 13:18:26,777 [7e15bd9e-19dc-432d-ab4a-c89a4e0db555@group-F18C66F5B88A-StateMachineUpdater] INFO  impl.StateMachineUpdater (StateMachineUpdater.java:takeSnapshot(277)) - 7e15bd9e-19dc-432d-ab4a-c89a4e0db555@group-F18C66F5B88A-StateMachineUpdater: Took a snapshot at index 0
2020-10-23 13:18:26,777 [7e15bd9e-19dc-432d-ab4a-c89a4e0db555@group-F18C66F5B88A-StateMachineUpdater] INFO  impl.StateMachineUpdater (StateMachineUpdater.java:lambda$new$0(87)) - 7e15bd9e-19dc-432d-ab4a-c89a4e0db555@group-F18C66F5B88A-StateMachineUpdater: snapshotIndex: updateIncreasingly -1 -> 0
2020-10-23 13:18:26,777 [7e15bd9e-19dc-432d-ab4a-c89a4e0db555@group-F18C66F5B88A-StateMachineUpdater] INFO  metrics.RatisMetrics (RatisMetrics.java:unregister(43)) - Unregistering Metrics Registry : ratis.state_machine.7e15bd9e-19dc-432d-ab4a-c89a4e0db555@group-F18C66F5B88A
2020-10-23 13:18:26,777 [ForkJoinPool.commonPool-worker-1] INFO  impl.RaftServerImpl (ServerState.java:close(405)) - 7e15bd9e-19dc-432d-ab4a-c89a4e0db555@group-F18C66F5B88A: closes. applyIndex: 0
2020-10-23 13:18:26,778 [7e15bd9e-19dc-432d-ab4a-c89a4e0db555@group-F18C66F5B88A-SegmentedRaftLogWorker] INFO  segmented.SegmentedRaftLogWorker (SegmentedRaftLogWorker.java:run(327)) - 7e15bd9e-19dc-432d-ab4a-c89a4e0db555@group-F18C66F5B88A-SegmentedRaftLogWorker was interrupted, exiting. There are 0 tasks remaining in the queue.
2020-10-23 13:18:26,778 [ForkJoinPool.commonPool-worker-1] INFO  segmented.SegmentedRaftLogWorker (SegmentedRaftLogWorker.java:close(234)) - 7e15bd9e-19dc-432d-ab4a-c89a4e0db555@group-F18C66F5B88A-SegmentedRaftLogWorker close()
2020-10-23 13:18:26,779 [ForkJoinPool.commonPool-worker-1] INFO  metrics.RatisMetrics (RatisMetrics.java:unregister(43)) - Unregistering Metrics Registry : ratis.log_worker.7e15bd9e-19dc-432d-ab4a-c89a4e0db555@group-F18C66F5B88A
2020-10-23 13:18:26,779 [ForkJoinPool.commonPool-worker-1] INFO  metrics.RatisMetrics (RatisMetrics.java:unregister(43)) - Unregistering Metrics Registry : ratis.leader_election.7e15bd9e-19dc-432d-ab4a-c89a4e0db555@group-F18C66F5B88A
2020-10-23 13:18:26,779 [ForkJoinPool.commonPool-worker-1] INFO  metrics.RatisMetrics (RatisMetrics.java:unregister(43)) - Unregistering Metrics Registry : ratis.server.7e15bd9e-19dc-432d-ab4a-c89a4e0db555@group-F18C66F5B88A
2020-10-23 13:18:26,779 [ForkJoinPool.commonPool-worker-1] INFO  server.GrpcService (GrpcService.java:closeImpl(183)) - 7e15bd9e-19dc-432d-ab4a-c89a4e0db555: shutdown server with port 39823 now
2020-10-23 13:18:26,782 [ForkJoinPool.commonPool-worker-1] INFO  server.GrpcService (GrpcService.java:closeImpl(191)) - 7e15bd9e-19dc-432d-ab4a-c89a4e0db555: shutdown server with port 39823 successfully
2020-10-23 13:18:26,787 [ForkJoinPool.commonPool-worker-1] INFO  utils.BackgroundService (BackgroundService.java:shutdown(132)) - Shutting down service BlockDeletingService
2020-10-23 13:18:26,789 [ForkJoinPool.commonPool-worker-1] INFO  statemachine.DatanodeStateMachine (DatanodeStateMachine.java:stopDaemon(453)) - Ozone container server stopped.
2020-10-23 13:18:26,803 [ForkJoinPool.commonPool-worker-1] INFO  handler.ContextHandler (ContextHandler.java:doStop(1016)) - Stopped o.e.j.w.WebAppContext@4faf2368{hddsDatanode,/,null,UNAVAILABLE}{jar:file:/home/user/.m2/repository/org/apache/hadoop/hadoop-hdds-container-service/1.1.0-SNAPSHOT/hadoop-hdds-container-service-1.1.0-SNAPSHOT.jar!/webapps/hddsDatanode}
2020-10-23 13:18:26,805 [ForkJoinPool.commonPool-worker-1] INFO  server.AbstractConnector (AbstractConnector.java:doStop(380)) - Stopped ServerConnector@524b75df{HTTP/1.1,[http/1.1]}{0.0.0.0:0}
2020-10-23 13:18:26,805 [ForkJoinPool.commonPool-worker-1] INFO  server.session (HouseKeeper.java:stopScavenging(158)) - node0 Stopped scavenging
2020-10-23 13:18:26,806 [ForkJoinPool.commonPool-worker-1] INFO  handler.ContextHandler (ContextHandler.java:doStop(1016)) - Stopped o.e.j.s.ServletContextHandler@7c99b93b{static,/static,jar:file:/home/user/.m2/repository/org/apache/hadoop/hadoop-hdds-container-service/1.1.0-SNAPSHOT/hadoop-hdds-container-service-1.1.0-SNAPSHOT.jar!/webapps/static,UNAVAILABLE}
2020-10-23 13:18:26,807 [ForkJoinPool.commonPool-worker-1] INFO  handler.ContextHandler (ContextHandler.java:doStop(1016)) - Stopped o.e.j.s.ServletContextHandler@58dd177f{logs,/logs,file:///github/workspace/mnt/ozone/hadoop-ozone/integration-test/target/log,UNAVAILABLE}
2020-10-23 13:18:26,808 [Listener at 127.0.0.1/11792] INFO  ozone.MiniOzoneClusterImpl (MiniOzoneClusterImpl.java:stopSCM(476)) - Stopping the StorageContainerManager
2020-10-23 13:18:26,808 [Listener at 127.0.0.1/11792] INFO  server.StorageContainerManager (StorageContainerManager.java:stop(832)) - Stopping Replication Manager Service.
2020-10-23 13:18:26,808 [Listener at 127.0.0.1/11792] INFO  container.ReplicationManager (ReplicationManager.java:stop(219)) - Stopping Replication Monitor Thread.
2020-10-23 13:18:26,809 [Listener at 127.0.0.1/11792] INFO  server.StorageContainerManager (StorageContainerManager.java:stop(839)) - Stopping Lease Manager of the command watchers
2020-10-23 13:18:26,809 [Listener at 127.0.0.1/11792] INFO  server.StorageContainerManager (StorageContainerManager.java:stop(846)) - Stopping datanode service RPC server
2020-10-23 13:18:26,809 [CommandWatcher-LeaseManager#LeaseMonitor] ERROR lease.LeaseManager (LeaseManager.java:run(238)) - Execution was interrupted 
java.lang.InterruptedException: sleep interrupted
	at java.lang.Thread.sleep(Native Method)
	at org.apache.hadoop.ozone.lease.LeaseManager$LeaseMonitor.run(LeaseManager.java:234)
	at java.lang.Thread.run(Thread.java:748)
2020-10-23 13:18:26,809 [Listener at 127.0.0.1/11792] INFO  server.SCMDatanodeProtocolServer (SCMDatanodeProtocolServer.java:stop(361)) - Stopping the RPC server for DataNodes
2020-10-23 13:18:26,809 [Listener at 127.0.0.1/11792] INFO  ipc.Server (Server.java:stop(3359)) - Stopping server on 35701
2020-10-23 13:18:26,811 [IPC Server Responder] INFO  ipc.Server (Server.java:run(1465)) - Stopping IPC Server Responder
2020-10-23 13:18:26,812 [IPC Server listener on 0] INFO  ipc.Server (Server.java:run(1330)) - Stopping IPC Server listener on 0
2020-10-23 13:18:26,817 [SCM Heartbeat Processing Thread - 0] WARN  node.NodeStateManager (NodeStateManager.java:scheduleNextHealthCheck(661)) - Current Thread is interrupted, shutting down HB processing thread for Node Manager.
2020-10-23 13:18:26,818 [Listener at 127.0.0.1/11792] INFO  server.StorageContainerManager (StorageContainerManager.java:stop(854)) - Stopping block service RPC server
2020-10-23 13:18:26,818 [Listener at 127.0.0.1/11792] INFO  server.SCMBlockProtocolServer (SCMBlockProtocolServer.java:stop(158)) - Stopping the RPC server for Block Protocol
2020-10-23 13:18:26,818 [Listener at 127.0.0.1/11792] INFO  ipc.Server (Server.java:stop(3359)) - Stopping server on 46789
2020-10-23 13:18:26,820 [Listener at 127.0.0.1/11792] INFO  server.StorageContainerManager (StorageContainerManager.java:stop(861)) - Stopping the StorageContainerLocationProtocol RPC server
2020-10-23 13:18:26,820 [Listener at 127.0.0.1/11792] INFO  server.SCMClientProtocolServer (SCMClientProtocolServer.java:stop(165)) - Stopping the RPC server for Client Protocol
2020-10-23 13:18:26,820 [IPC Server listener on 0] INFO  ipc.Server (Server.java:run(1330)) - Stopping IPC Server listener on 0
2020-10-23 13:18:26,820 [IPC Server Responder] INFO  ipc.Server (Server.java:run(1465)) - Stopping IPC Server Responder
2020-10-23 13:18:26,821 [Listener at 127.0.0.1/11792] INFO  ipc.Server (Server.java:stop(3359)) - Stopping server on 42695
2020-10-23 13:18:26,821 [IPC Server listener on 0] INFO  ipc.Server (Server.java:run(1330)) - Stopping IPC Server listener on 0
2020-10-23 13:18:26,822 [IPC Server Responder] INFO  ipc.Server (Server.java:run(1465)) - Stopping IPC Server Responder
2020-10-23 13:18:26,823 [Listener at 127.0.0.1/11792] INFO  server.StorageContainerManager (StorageContainerManager.java:stop(868)) - Stopping Storage Container Manager HTTP server.
2020-10-23 13:18:26,824 [Listener at 127.0.0.1/11792] INFO  handler.ContextHandler (ContextHandler.java:doStop(1016)) - Stopped o.e.j.w.WebAppContext@51bb37fa{scm,/,null,UNAVAILABLE}{file:/github/workspace/mnt/ozone/hadoop-ozone/integration-test/target/test-classes/webapps/scm}
2020-10-23 13:18:26,824 [Listener at 127.0.0.1/11792] INFO  server.AbstractConnector (AbstractConnector.java:doStop(380)) - Stopped ServerConnector@6ef9d3bd{HTTP/1.1,[http/1.1]}{0.0.0.0:0}
2020-10-23 13:18:26,825 [Listener at 127.0.0.1/11792] INFO  server.session (HouseKeeper.java:stopScavenging(158)) - node0 Stopped scavenging
2020-10-23 13:18:26,825 [Listener at 127.0.0.1/11792] INFO  handler.ContextHandler (ContextHandler.java:doStop(1016)) - Stopped o.e.j.s.ServletContextHandler@95319ed{static,/static,file:///github/workspace/mnt/ozone/hadoop-ozone/integration-test/target/test-classes/webapps/static,UNAVAILABLE}
2020-10-23 13:18:26,825 [Listener at 127.0.0.1/11792] INFO  handler.ContextHandler (ContextHandler.java:doStop(1016)) - Stopped o.e.j.s.ServletContextHandler@9565687{logs,/logs,file:///github/workspace/mnt/ozone/hadoop-ozone/integration-test/target/log,UNAVAILABLE}
2020-10-23 13:18:26,826 [Listener at 127.0.0.1/11792] INFO  server.StorageContainerManager (StorageContainerManager.java:stop(879)) - Stopping Block Manager Service.
2020-10-23 13:18:26,826 [Listener at 127.0.0.1/11792] INFO  utils.BackgroundService (BackgroundService.java:shutdown(132)) - Shutting down service SCMBlockDeletingService
2020-10-23 13:18:26,826 [Listener at 127.0.0.1/11792] INFO  utils.BackgroundService (BackgroundService.java:shutdown(132)) - Shutting down service SCMBlockDeletingService
2020-10-23 13:18:26,827 [Listener at 127.0.0.1/11792] INFO  server.StorageContainerManager (StorageContainerManager.java:stop(904)) - Stopping SCM Event Queue.
2020-10-23 13:18:26,832 [Listener at 127.0.0.1/11792] INFO  impl.MetricsSystemImpl (MetricsSystemImpl.java:stop(210)) - Stopping HddsDatanode metrics system...
2020-10-23 13:18:26,841 [prometheus] INFO  impl.MetricsSinkAdapter (MetricsSinkAdapter.java:publishMetricsFromQueue(141)) - prometheus thread interrupted.
2020-10-23 13:18:26,841 [Listener at 127.0.0.1/11792] INFO  impl.MetricsSystemImpl (MetricsSystemImpl.java:stop(216)) - HddsDatanode metrics system stopped.
]]></system-out>
  </testcase>
  <testcase name="testOMRetryProxy" classname="org.apache.hadoop.ozone.om.TestOzoneManagerHAMetadataOnly" time="25.642"/>
  <testcase name="testOMProxyProviderFailoverToCurrentLeader" classname="org.apache.hadoop.ozone.om.TestOzoneManagerHAMetadataOnly" time="25.636"/>
  <testcase name="testAllBucketOperations" classname="org.apache.hadoop.ozone.om.TestOzoneManagerHAMetadataOnly" time="23.766"/>
  <testcase name="testOMProxyProviderFailoverOnConnectionFailure" classname="org.apache.hadoop.ozone.om.TestOzoneManagerHAMetadataOnly" time="0">
    <skipped message="This test randomly failing. Let&apos;s enable once its fixed."/>
  </testcase>
  <testcase name="testJMXMetrics" classname="org.apache.hadoop.ozone.om.TestOzoneManagerHAMetadataOnly" time="23.429"/>
  <testcase name="testReadRequest" classname="org.apache.hadoop.ozone.om.TestOzoneManagerHAMetadataOnly" time="23.629"/>
  <testcase name="testAllVolumeOperations" classname="org.apache.hadoop.ozone.om.TestOzoneManagerHAMetadataOnly" time="23.505"/>
  <testcase name="testListVolumes" classname="org.apache.hadoop.ozone.om.TestOzoneManagerHAMetadataOnly" time="0">
    <skipped message="This test randomly failing. Let&apos;s enable once its fixed."/>
  </testcase>
  <testcase name="testOMProxyProviderInitialization" classname="org.apache.hadoop.ozone.om.TestOzoneManagerHAMetadataOnly" time="23.428"/>
</testsuite>